TRXV5
3
4
4
9
string Extension=J
integer IsArchMeasurement=1
integer IsSpherical=1
string Generator=SPM
string GeneratorVersion=1.3.1 Dev
double ArchRadius=0.449999988079071
integer FrequencyAxisIndex=0
integer AzimuthAxisIndex=1
integer ElevationAxisIndex=2
Frequency
5 201 800000000 900000000 LIN
Azimuth
7 8 0 2.74889357189107 LIN
Elevation
7 15 -2.74889357189107 2.74889357189107 LIN
Polar H Real Part
13
Polar H Imaginary Part
14
Polar V Real Part
13
Polar V Imaginary Part
14
Polar H Magnitude (dB)
12 0xC0000002 0 1
Polar H Phase
7 0xC0000003 0 1
Polar V Magnitude (dB)
12 0xC0000002 2 3
Polar V Phase
7 0xC0000003 2 3
-0.021368600798477 -0.0311879883582823 -0.181885108101409 0.105806091720562
0.0108943867508136 -0.00495742551138036 0.000802911094777121 -0.167809963321197
0.0254664416868768 0.0106723258766178 0.336960112544822 -0.165962742139199
-0.0183867681586948 0.00650369759689596 0.428612472283729 0.314476736105713
-0.0521441175317335 -0.023305395764769 -0.0806804470056626 0.811761978233903
-0.00934570826920228 -0.0826670749185875 -0.780870925145303 0.48880707869892
0.0270897928198124 -0.0419097792270167 -0.638735416700224 -0.188292065042688
0.031285349358618 -0.0112290863651822 -0.114029159762817 -0.00196187747753423
-0.0182510728739006 0.00264120710337259 0.584458677988695 0.272961973189563
-0.00073792751144181 0.0246642972688236 0.853815591599371 -0.340609988673781
0.0137755572618688 0.0273748958258247 0.192840908108747 -0.853328893188194
0.0315864840013201 -0.0017818655899401 -0.490703558531187 -0.410063212547396
0.0300694133902393 -0.0398713982287039 -0.405176839378697 0.099812125939633
0.00754012432632826 -0.0134482957841364 -0.000817304132728838 0.14574544623238
-0.0147444657173602 -0.0119369146773896 0.21474418822039 -0.0875297831408274
-0.0206452085684054 -0.0272849038312989 -0.18242175197452 0.104744800484391
0.00926045487405398 0.00194812540085936 0.01184344614116 -0.159989599438574
0.0251994016048118 0.015545460025432 0.34932775213038 -0.148152986198177
-0.0186907099233436 -0.000431991998743508 0.409791470884459 0.340261290262648
-0.0497338342123929 -0.0387014300522557 -0.139068767738205 0.810889713794225
-0.00118286902520243 -0.0895341244934108 -0.81727868617006 0.44278440289244
0.0295756512750827 -0.0362907925493438 -0.625129598627987 -0.210922484815312
0.0313751095289582 -0.00317240274402445 -0.0962820224793845 0.0110229732416163
-0.0176942465522399 0.00674649681673363 0.603102572854723 0.250313972589734
0.00243890432290967 0.0186994996914141 0.828388035586785 -0.393282725441831
0.0157540456216769 0.0148165707336154 0.137520924168802 -0.859397093847987
0.031439081328696 -0.00935238420694166 -0.509284780009559 -0.38215626694098
0.0284350142666663 -0.0358343641643591 -0.392717657929925 0.11519235175751
0.00630812992141316 -0.00606076690415451 0.0100300374607998 0.149703940463755
-0.0148544503639624 -0.00804749646585407 0.207274207072915 -0.0931426114597722
-0.021022936362134 -0.0224605339284428 -0.189535669581762 0.0999395256254308
0.00498477670890323 0.00723643846400285 0.0193912519840826 -0.15412067262482
0.0207677548288839 0.0218263014531824 0.36519209248361 -0.130301016937072
-0.0183896198565156 -0.00322630851327381 0.395321298908108 0.363937774500213
-0.0482071070249017 -0.0483686126474327 -0.192488930913255 0.803528085501095
0.00420910194353045 -0.0932717536625516 -0.850951909215351 0.39265149568691
0.0276537937230231 -0.0329190488302511 -0.611494934938987 -0.232285986826221
0.0259307663195658 -0.00185455343855268 -0.0785226202804942 0.0273806641070807
-0.0218718833947165 0.00826973719732716 0.619598357330169 0.230627447045443
0.00201218301631548 0.0150477744760084 0.796614110624335 -0.436990035265511
0.0165848624931697 0.00693659245689393 0.0790318720085079 -0.860501103621455
0.0308269680939424 -0.0130627693622756 -0.525724406944018 -0.350232951297043
0.0262712937019602 -0.0306585515128264 -0.375982768350596 0.135350185540821
0.0024906682005039 0.000660476365041783 0.0204910710668213 0.156571204137942
-0.0163472031577021 -0.00300213603584409 0.204447301997582 -0.097264373243243
-0.0212384932863214 -0.015965288464829 -0.192598031759677 0.094910173281294
-0.000174584748901186 0.0111934216889182 0.0234296724281639 -0.147003787164774
0.0142319571995958 0.0270548803327096 0.379881278878555 -0.11153398537144
-0.0195525333329102 -0.00411437049487867 0.382854446283832 0.382799197014993
-0.0447908511380951 -0.0527010595297159 -0.235578392154715 0.793911071325341
0.00646605827098892 -0.0924591149355228 -0.876314940639378 0.351262262398009
0.0208576101559312 -0.0338451675964172 -0.601144702224224 -0.247309866210664
0.0138184513911826 -0.00408733435922212 -0.0639553303480316 0.0422417159404759
-0.0299850796319142 0.00897498257551358 0.632486631458332 0.213128611709653
0.00205562987075197 0.0154400443183053 0.77007304422329 -0.475872168000334
0.0187570779503976 0.00382376957055008 0.0348460230680674 -0.863141102223421
0.0310611347742352 -0.0144418816236612 -0.533029357986462 -0.327418261809704
0.0212840065246054 -0.025366414553107 -0.357937274287128 0.150710991719889
-0.00133028145471368 0.00503288653129829 0.0296624803719723 0.161614198323698
-0.0170793937021522 0.00159153725607964 0.198192342672838 -0.103564938358527
-0.0204654416526355 -0.0119350512487878 -0.197975062670728 0.0885626960058312
-0.00616588485863892 0.0114075624103684 0.0245848433888109 -0.143481798094003
0.00702657565341785 0.031994042571196 0.392621819138016 -0.0982177587606008
-0.022820657544396 -9.36512914447886E-05 0.381551884023469 0.395048471644043
-0.0415935545022946 -0.0499004390415686 -0.264935178359913 0.782735267446208
0.0052244827883312 -0.0883966354047071 -0.891678035547328 0.318375175734586
0.00887424027241836 -0.037362811094663 -0.59292081489375 -0.2549327709271
-0.00149876464244975 -0.0117359299006102 -0.0569309009757491 0.056343476322998
-0.0420830550684995 0.00687389139282786 0.639824816118181 0.204026534140152
-0.000558111606080981 0.0188254157365376 0.751337388510802 -0.497224504486702
0.0209447561619742 0.00712872201643254 0.00703075147739802 -0.865075296707566
0.0287245541842061 -0.0115100707933643 -0.532789091183146 -0.309117482162812
0.0155269406132711 -0.0207514470602399 -0.342364392410048 0.162714611347865
-0.00729891316523307 0.00663130798709663 0.0339438413967647 0.166784802487101
-0.0177857119327366 0.00719012255322064 0.194449853529825 -0.108928650434649
-0.0200426963659377 -0.00826101380617852 -0.201307153884912 0.0831047970562493
-0.0114365516999768 0.0103531660741941 0.0224288800075433 -0.140966058869316
-0.000509989296167449 0.0354035456075834 0.399204855350416 -0.0901043512109714
-0.026938091887133 0.00724292042450006 0.385227964539978 0.396462824558254
-0.0405694732578334 -0.0404066215244228 -0.270156873323059 0.774755067808601
-0.000382849047978709 -0.0827975367947846 -0.895491170766711 0.308650895782772
-0.00564851536492233 -0.0443549157625429 -0.591921906707341 -0.252151937995732
-0.018014624784185 -0.0232894212623984 -0.0549757754192167 0.065712341915937
-0.0550478184444772 0.00433770251719577 0.641390263015574 0.204842963795813
-0.00329896831847749 0.0248910736905689 0.747052074390775 -0.505218415071811
0.0235078192714004 0.0150687633681473 0.000599133245663909 -0.866318162594956
0.0268408286280205 -0.00553526863787761 -0.525326999087658 -0.304211619033858
0.00927884297662782 -0.0174624904184245 -0.331067822186174 0.169404918078068
-0.0117774381006744 0.00574627698663163 0.0351864741433529 0.170097432963094
-0.0177310725561966 0.0103760076236516 0.192596169315207 -0.113845322909304
-0.0191999420673157 -0.00702672538398008 -0.203244601923688 0.0778923756649009
-0.0153959450290859 0.00646522068767725 0.0163302888981809 -0.141824815462803
-0.00615441821350074 0.0364980103754943 0.402728183967593 -0.0905562183333252
-0.0301580096637776 0.0161357744903219 0.398673176585932 0.390796431588677
-0.0412996695310971 -0.0253227812732012 -0.250259371027587 0.773957559117017
-0.00809156462900026 -0.0754575823663123 -0.885938621095705 0.31943355897051
-0.0199783918535743 -0.0532520177241233 -0.59473377424759 -0.243251344329616
-0.0335723618616322 -0.0366276674349342 -0.060387291823345 0.0691077461080636
-0.0682473792477361 0.000599142567376074 0.638967268346101 0.213666787634585
-0.00609706352880839 0.035842675223018 0.755918153181325 -0.494324609273466
0.0253972552188531 0.0275884948513485 0.0194837577204243 -0.871008241575619
0.0237586330258768 0.00219781502817859 -0.515828296197564 -0.313390486231283
0.00422606482048889 -0.0161739768235775 -0.329030771048118 0.168425877781463
-0.0162638002459788 0.00228551434171231 0.0321893982020952 0.171434251049375
-0.0182906053281067 0.0110180576193174 0.192671362982136 -0.11739106499849
-0.0184702532250841 -0.00864481638695358 -0.202804408277937 0.0769440203228668
-0.0185202649533479 0.00148122494132012 0.0075643945717128 -0.145102794449244
-0.00883957495377138 0.0345784605669082 0.399522682088008 -0.0988416654480808
-0.0328866491903952 0.0264103924079776 0.419839766984656 0.374722615301408
-0.0419073909242176 -0.0083527204495316 -0.21270329672347 0.779202771090146
-0.0168680095687432 -0.0658676431403716 -0.865985045611081 0.350911127968682
-0.0323921769826637 -0.060501323527685 -0.607290966045739 -0.227636645105336
-0.0457519601979336 -0.0498178442790726 -0.0717607109213245 0.0659603542690332
-0.0788229097339782 -0.00627969580774557 0.629358436601741 0.233236331267504
-0.0120809698273814 0.0456568176189835 0.778541827991813 -0.469775591979228
0.0269718210774014 0.0430191985467981 0.0571055826181573 -0.876686838789572
0.0220808481728891 0.01131510698627 -0.502118597539645 -0.332025557080369
3.6688661892232E-05 -0.0179134572950582 -0.335293344125974 0.161178450670884
-0.0184703099935375 -0.00345598576630108 0.0249663646571286 0.170326824642527
-0.0178333633674989 0.0105758119443175 0.193318147153596 -0.118300625915056
-0.0224208187588288 -0.031208451295501 -0.182280322141374 0.108017780009983
0.0105114662472227 -0.00563086642118678 -0.001663434077108 -0.170827027131633
0.0248894756605698 0.0105833618906959 0.336995350442632 -0.171923290434999
-0.018774752631996 0.00655623845833068 0.433509950290092 0.311561129298758
-0.0525429376550148 -0.0227517403206332 -0.0708635379116624 0.817772324921603
-0.0100734533483346 -0.0831850655190348 -0.778632460518209 0.499077201922674
0.0253865528527969 -0.0421798398408443 -0.645039433145675 -0.182922122835547
0.0311207203976604 -0.0104102001822253 -0.115176219271042 -1.16861529528102E-05
-0.018212771819321 0.0028543409648463 0.591792639811483 0.268799353818531
-0.000351069779316439 0.0246943996488303 0.854149044218626 -0.350764986731333
0.0145646745270743 0.0276869013698637 0.183382675284034 -0.86150468706386
0.0313850469154843 -0.00290652044411329 -0.499746422324354 -0.406498925748064
0.0302145178570081 -0.0403749366565944 -0.40767376456519 0.105294616050968
0.00753228747990923 -0.0140139272214193 0.000934692439458323 0.147404335379346
-0.0155293088514347 -0.0114876899899221 0.215765056666939 -0.0900902442392364
-0.0222031646474556 -0.0263929001821523 -0.181118741239323 0.107128467390501
0.00893495404465531 0.00196382769345018 0.0101365437594486 -0.1623727284204
0.0249135977241585 0.0156735777014829 0.349876806938072 -0.152881043499851
-0.0187180412009525 0.000456398707570752 0.417055994298811 0.337142562864686
-0.0502717922919458 -0.0382818483994457 -0.131424537026983 0.818055023518184
-0.00312205910531753 -0.0904626616533272 -0.816193003805596 0.453530534552933
0.029007464658681 -0.0360254280442111 -0.629953788130802 -0.207129567884653
0.0312008832805599 -0.00349909989380649 -0.0972495458072922 0.0125978989077426
-0.0178606246783469 0.00698646848881231 0.607974388973392 0.245693847933469
0.00266408171462329 0.0181078987662351 0.826750134266493 -0.404285056165044
0.0155144208031897 0.0149092103345361 0.126939287833798 -0.865778261319436
0.0318987311470502 -0.00848835710183932 -0.518155888837739 -0.378338596553705
0.0283110253573026 -0.0371012896167511 -0.395262081854318 0.122823459150478
0.00605880295939018 -0.00581278140340605 0.0122054220149783 0.150157716467495
-0.016265692696903 -0.00797721253001324 0.208584186711202 -0.0944761584791637
-0.0211288912116617 -0.0215320685655936 -0.187853192424129 0.102924413572829
0.00520435811003452 0.00738371853712455 0.0178227564890403 -0.15673209797096
0.0203425452597863 0.0220476284376866 0.366504693262631 -0.136389073859496
-0.0182443244927245 -0.00352603093994112 0.402645975086677 0.361618087533721
-0.0472889038522674 -0.0483261081642357 -0.183523818908646 0.80832111458143
0.00314114752665485 -0.0929479653791639 -0.850020500779485 0.403309483507878
0.0275256790330906 -0.0330700306939763 -0.617099536569927 -0.228098689397028
0.0251784931149678 -0.00171160572268992 -0.0792676104711956 0.0284897956576617
-0.0209306920088912 0.00878828905256475 0.624831305931498 0.224381619366442
0.00240618485689519 0.0146049123671065 0.795909165762523 -0.450964589808555
0.0173616179041245 0.00663013254556631 0.0674679808160546 -0.869518054139818
0.0311125305685053 -0.0136003560269884 -0.534680724394429 -0.344902619597239
0.0253049126817047 -0.0317794912494512 -0.377164540529208 0.140295209784344
0.00203012711326606 -3.52802098048115E-05 0.0217669470244808 0.15752577404148
-0.0167974937796895 -0.00226942574688977 0.205260830065109 -0.0991538111516545
-0.0217584206297318 -0.0149106115116662 -0.192893329617123 0.0971357092098551
-0.000983205949440196 0.010613751990307 0.0227335750871463 -0.149321515717019
0.0141673660730061 0.0267697053937869 0.380249861760232 -0.116803106478037
-0.0208152286344441 -0.00343794216691208 0.390817459948369 0.379445259154296
-0.0442267051885336 -0.0521579160313657 -0.230132029803492 0.801404358294052
0.00525081827264322 -0.0925685274263732 -0.876658242246166 0.362724145034768
0.0202421297735306 -0.032264222245788 -0.606278915180379 -0.242694452046189
0.0140459688690713 -0.00400930688699922 -0.0644763185329702 0.044589270255638
-0.0296129773655617 0.00974952952562006 0.638251774355417 0.207831246200023
0.00230558530843153 0.0136052998437262 0.767779644454557 -0.487815455120026
0.0187793346797583 0.00398878641971012 0.0210635683368314 -0.869543805133001
0.0305198281134767 -0.0140939988697061 -0.542058161467837 -0.320781362654592
0.0211785096601095 -0.026033987219541 -0.359325397402341 0.156951789396641
-0.00243036456884106 0.00465793378372207 0.0307729156456679 0.162427201390851
-0.0173483437344652 0.0028430891855826 0.198629236690764 -0.105894793709983
-0.0201368174706169 -0.0109459720567885 -0.197882735180184 0.0904992244005259
-0.00667973380370191 0.0112821920385094 0.0234716766010143 -0.144437021831246
0.00719861175926766 0.0325136448163734 0.391524077612249 -0.103701660898232
-0.0228902504698331 0.000475277511930969 0.388768087649628 0.391006126812107
-0.0418683607642152 -0.049255689490999 -0.256998113726764 0.790498234023318
0.0035832058024423 -0.0888355462887561 -0.891993714965179 0.330161324251215
0.00856199386062572 -0.0365622805044904 -0.597514025811499 -0.250731101210459
-0.00122792935014999 -0.0114301401974878 -0.0568962573120017 0.0578014037261874
-0.0414128625417737 0.00740517809727332 0.647008890642754 0.198867631443733
7.79038639009237E-05 0.0186754565242817 0.749873046397993 -0.510757334725559
0.021878725709855 0.00630314955010854 -0.0049349398751709 -0.870457404776731
0.0289524627980295 -0.0111281412824562 -0.540452314365157 -0.304143993401286
0.0158840021248114 -0.021027306242405 -0.342181245726518 0.168998493813938
-0.00722315876955139 0.00650901375735517 0.0358241347237297 0.168075231544449
-0.0176062832515011 0.00751841136858352 0.195645167468471 -0.110768629839846
-0.0197416335496077 -0.00773366274704362 -0.201197343336273 0.0839565873447754
-0.0117125379440947 0.0104667597567885 0.0214263062369063 -0.142439344504745
-0.000321776816700606 0.0353857862210975 0.40052455271431 -0.094714736021375
-0.0262466563430014 0.00744623958186436 0.392615017339419 0.394845898493804
-0.0404803877485764 -0.0403395952097915 -0.262352918666823 0.781801999816087
-0.000648567035649764 -0.0821443661556445 -0.894019388960924 0.317943042678469
-0.00538657186812624 -0.0434072106860948 -0.596834964906463 -0.248473269599528
-0.0180857579356038 -0.0233434255041347 -0.0549724663928227 0.066779664732568
-0.0554976518508587 0.00563573235863803 0.647247649717988 0.199590765685291
-0.00277241358471953 0.0260105307258192 0.745010072524016 -0.516381943221812
0.0241049819220094 0.0152872415787651 -0.00981691655937551 -0.871070257231373
0.0276386416581658 -0.00565916249860785 -0.534023798623505 -0.299691406462162
0.00910841639502134 -0.0175206824870285 -0.332879223830671 0.174484137567478
-0.0126567838479334 0.00539862602512758 0.0365882570753889 0.170651391641009
-0.01815943310483 0.010520760121756 0.193176439996339 -0.115498316916944
-0.020212817001748 -0.00699058861866076 -0.202614255403178 0.0813043070795112
-0.0160287244464929 0.0069163243799683 0.015111253830113 -0.143135117365593
-0.00587631227605179 0.0358313283610224 0.402987235172309 -0.0945698303440544
-0.0300256243756977 0.0176293828957386 0.406909325106377 0.387759455098254
-0.041349022154646 -0.0251639996063443 -0.243505452768111 0.782856940086036
-0.00862698867920615 -0.0747413979387707 -0.88648890823071 0.328843878950864
-0.0206757044469875 -0.0523832251532735 -0.602477820072503 -0.238769733761378
-0.0333346903940123 -0.0357718158827173 -0.0603309704152399 0.0704556084782636
-0.0685545715534015 0.000522322336777022 0.642043497224058 0.208300993930641
-0.00756788517941778 0.0355963137969521 0.754223433895974 -0.507578629905062
0.0263397494103506 0.0272500616910225 0.00796651951059927 -0.875175117614709
0.0259348776345075 0.00183800506728363 -0.523956435491457 -0.30966441150379
0.00368592429227553 -0.0166892461555171 -0.330030868307838 0.174689240752835
-0.0161008963564118 0.00164645177887297 0.0342427906765128 0.171664553621136
-0.0185223359729801 0.0121611682067764 0.192042885526108 -0.118496579249684
-0.0185893028344019 -0.0070904701767526 -0.203229347215045 0.0786378290793422
-0.0179925481088237 0.00160013022712624 0.00564209766262538 -0.146079317499444
-0.00956124001408441 0.0349140300527467 0.400322485373377 -0.103829191543586
-0.0331485247824928 0.027772444825939 0.428374751214536 0.371682217100082
-0.042213906313721 -0.00819658759083111 -0.204641171121379 0.784888470079883
-0.0176414552054091 -0.0657803866284386 -0.866942028613138 0.360094614637709
-0.0338286433013712 -0.0596544893526606 -0.61343026891239 -0.223692755316293
-0.0463327727974133 -0.0492478710237752 -0.0714682182299984 0.0683284451112021
-0.0793735335903445 -0.0047460981130464 0.635197777928742 0.22876844427139
-0.0119205997032512 0.0460750683444422 0.778106079866909 -0.481892935738103
0.0272480034561177 0.0426852694813159 0.0448985517630342 -0.881894145721292
0.0230314878567507 0.0111396252507372 -0.510175465284075 -0.328335708942159
-0.00112039409062716 -0.0179014226219396 -0.336092546956151 0.167625121228408
-0.0188206731336029 -0.00376067031111092 0.0274320729075846 0.171419551902171
-0.0187367190277452 0.010954039287689 0.193069278072224 -0.120855468338073
-0.0222761378067521 -0.0299898367537656 -0.180913375667473 0.109184877121687
0.00947181872063651 -0.00575116445031825 -0.00340171949261994 -0.171343257378607
0.0257091698379045 0.0108046652570409 0.337492946213493 -0.176648469343501
-0.0196360841589857 0.0074759835835478 0.442074509696594 0.305940148045397
-0.0523888589715519 -0.0216335161473714 -0.0598334385048341 0.822494791296435
-0.0112339991188937 -0.0831318915009253 -0.775029593906937 0.508537157549217
0.025719826297801 -0.0411775713224387 -0.649215276595915 -0.177431279803784
0.0305478762670302 -0.0123127922748634 -0.116441073790667 0.00191273033511008
-0.0181296835111791 0.00250772626042197 0.597413634903504 0.26399267377233
-0.0001436023023541 0.024643881533665 0.854044467590516 -0.364924131716518
0.0144663077238208 0.0275509760430741 0.172263761256166 -0.868081586921658
0.0321998122449311 -0.00257966152090249 -0.510205119665686 -0.402307001158997
0.0293361918733589 -0.0409367188721886 -0.411208619718614 0.112759901931578
0.00769166513650429 -0.0148395095233164 0.00213240176882739 0.147334889673384
-0.0161373029435816 -0.0109332447502358 0.216622429662349 -0.0914343682320573
-0.0224063257002831 -0.025476208820342 -0.181328643364096 0.108937113916334
0.00820657409419335 0.00169233520451286 0.00763871210882036 -0.164182952099932
0.0242572048542516 0.0156410359154875 0.349928890510308 -0.159259276979429
-0.0186738843806541 0.00106937215133576 0.423565161346528 0.333973049203078
-0.0505533679909508 -0.037199131575672 -0.121404954709117 0.822677862725587
-0.00390245931308595 -0.0901784469806034 -0.814859412210374 0.464804253350617
0.029556055488365 -0.0351293030128515 -0.636297043096568 -0.201628589422529
0.0311489095780407 -0.00339502498723836 -0.0982321188160907 0.0152724381921327
-0.018025261253524 0.00713054303286409 0.614218654856732 0.241073826956554
0.00217832045634802 0.0177524548650828 0.825396844622095 -0.415966992390238
0.0166750262510131 0.0148446848833566 0.116402802263386 -0.870921814739281
0.032639266252369 -0.00986120024333297 -0.528852938386159 -0.373500829711848
0.0280957980086674 -0.0381037904942214 -0.395859931432523 0.129049498378071
0.00557683815358481 -0.00711762993164748 0.0132891882390373 0.15163789000996
-0.0162843455367075 -0.00799218007636775 0.208089235103005 -0.0973979726366189
-0.0225107224606112 -0.0202831626594295 -0.188247635178171 0.105056709653847
0.00389478649604618 0.00689085835268141 0.0156388107195978 -0.156839313215593
0.0207054920716025 0.021753865134714 0.364959110090191 -0.142157554174151
-0.019390635230855 -0.00374394245939309 0.409478801585119 0.357153721641734
-0.0481950061164966 -0.0469179297760005 -0.173804033197294 0.816664951533894
0.00165162382466587 -0.0935847757701533 -0.848560921099175 0.414915226489526
0.0271868076933282 -0.0329672498725598 -0.622910199905106 -0.223291860019793
0.0252282301082975 -0.00153819248987658 -0.079142240693303 0.0298697337369454
-0.0216555016959725 0.00913076079107425 0.630228547832528 0.218466109337026
0.0037889746472201 0.0148636079510321 0.79389851970847 -0.46272445410247
0.0172919420400079 0.00687633118436472 0.057757611028883 -0.874025320049449
0.0311731812229673 -0.0143448612496803 -0.543856373615621 -0.340418454824491
0.0239269055995533 -0.0327036205664332 -0.378628453371739 0.148489835807384
0.00244421335499366 -0.0010867790932722 0.0238135090586243 0.157749313566206
-0.0170267468637026 -0.00233774143873501 0.204237323875177 -0.101059715508528
-0.0213354853809217 -0.0141423269682722 -0.1925706546305 0.0987838194421681
-0.000514455083433096 0.010621164871053 0.0211805121704479 -0.15153946255155
0.0144847942598685 0.0276447661426671 0.380409250519732 -0.122618082745868
-0.0210459235946034 -0.00376477511228609 0.398002973153139 0.377750121900326
-0.0443204704730225 -0.0515772928977849 -0.222643686462494 0.805860242404845
0.00415071892973827 -0.0928046169454377 -0.876010335183758 0.373258916733983
0.0198229402139073 -0.0325133413615044 -0.611372642566671 -0.2370748332754
0.0135331710058046 -0.00453761358385706 -0.0657568216959511 0.0465453930345689
-0.0297375069596104 0.00938454040689218 0.644456739730454 0.200505552249468
0.00187925489902683 0.0149524094177878 0.766119149703376 -0.500197136500583
0.0195686029385652 0.0037695129209085 0.0104896998998725 -0.875676955217199
0.0306306969175416 -0.0149235716254281 -0.549385016999696 -0.314429299070102
0.0210876640631242 -0.0276205718436129 -0.359371543713591 0.16425420987581
-0.00299981930182895 0.00342719701653968 0.0326896952438286 0.164040752480615
-0.0176512082419589 0.00331751005168641 0.198613809885398 -0.107007724075304
-0.0205802365041611 -0.00981879246008892 -0.197756711141622 0.0920479988125702
-0.00670599988873934 0.0118621406842393 0.022009433841902 -0.14668486721098
0.00632907696594974 0.0318050933685086 0.393054540281533 -0.108585946614024
-0.0235653104624053 0.00021261643310691 0.395408940945149 0.38780130180714
-0.0421422274430887 -0.0489863385289626 -0.248325599223444 0.796389792591065
0.0036032355321021 -0.0890192208107594 -0.892301479328127 0.341458499667872
0.00693353337358049 -0.0365962666560075 -0.603726245640533 -0.244918930210715
-0.00112652989049517 -0.0118292825581357 -0.0570087222633999 0.059465661769879
-0.0421380005976082 0.00820353485020129 0.650396941699969 0.193385310193971
-0.000358088907966042 0.0189960995282687 0.746642753994093 -0.522088203596567
0.0217851812691569 0.00601691415321376 -0.0171771853275475 -0.874542086885796
0.0292612523929128 -0.0119126607275768 -0.54898821936117 -0.298377448209047
0.0157985353981571 -0.0216664007466826 -0.343494352044156 0.175016570652621
-0.00797604391443032 0.00614904786285621 0.0379220787258943 0.167941713172898
-0.0180149434296034 0.00811969558503896 0.195180617541252 -0.112268301671753
-0.0202690614675488 -0.00737531327656961 -0.201569700026057 0.0867072073438334
-0.0120514274189326 0.010894023710852 0.0187716576574937 -0.14396851077
-0.000409088053699544 0.0350838837417149 0.400624150107064 -0.100916265729859
-0.027300456379134 0.00826612855604937 0.398583746073644 0.391656046442566
-0.0409158501734738 -0.0396630668441683 -0.254797117392312 0.788995409478208
-0.00233644477660655 -0.0826206443637279 -0.895251027734688 0.330741644090581
-0.00652096869729071 -0.0423931800656181 -0.602659890315972 -0.243691636224484
-0.0177879952901934 -0.0231987049214197 -0.0546260507849336 0.0684213821248868
-0.0550384653712863 0.00576957674584312 0.65155668626309 0.193735311785314
-0.00257435517574504 0.0259710545500693 0.741261776863062 -0.527827402927723
0.0250289375022411 0.0146404634445478 -0.0210911622453636 -0.875653654626176
0.027668314930517 -0.00603780554130136 -0.542704872645973 -0.293747582155394
0.00842202830345833 -0.0182805729896551 -0.332233174403217 0.180240520987329
-0.0124530404652518 0.00540084467392203 0.0392747096097627 0.171563586826939
-0.0181423141515767 0.0108615556251513 0.192368760288481 -0.117772795458061
-0.0192130315590316 -0.00560917172401779 -0.20308315529381 0.0816392129972621
-0.0161469845356351 0.00710013443836055 0.0126510476176502 -0.144791402326608
-0.00598356467072024 0.0365954486507212 0.404038929655791 -0.101945134375875
-0.0308783111448466 0.0176490704736322 0.41467609726293 0.385064367358052
-0.0409858633049475 -0.0244724759216013 -0.234918012942383 0.787615852306558
-0.0100645287878107 -0.0739827563863908 -0.885503451378514 0.341888224679829
-0.0217748958375084 -0.0509210005242542 -0.607070588469401 -0.233368751156475
-0.0347088220723981 -0.0352025354043747 -0.0597985696879893 0.0718069529162429
-0.0686561701905628 0.00126356486121384 0.649553152374352 0.203934348326414
-0.00674929719785231 0.0365968998730923 0.751210928930122 -0.51783948974448
0.0278670929041681 0.0273101138727062 -0.00278470601746094 -0.882007551807816
0.0254606943510512 0.00236921009583511 -0.531934966403617 -0.303158658537448
0.00356232895984974 -0.0172335554622816 -0.329713301117361 0.179939920692587
-0.0163727318229387 0.00178347716517846 0.0360817942202038 0.172916005342311
-0.0183892282144286 0.0121017158723154 0.192171387213183 -0.119967087195203
-0.0188241562831862 -0.00651362318001446 -0.202578340152623 0.0806827228639517
-0.0184131803788399 0.00248568866555932 0.00398939604240895 -0.147874305974401
-0.00835502747725401 0.0354145571018232 0.401044326734411 -0.111545289132855
-0.0336769023371743 0.0277713968453675 0.434559647920738 0.369112530343863
-0.0417411647914739 -0.00769729982103079 -0.197639390067973 0.792748724372011
-0.0185063048370457 -0.0658440821631588 -0.865125062098063 0.372992324860871
-0.03529715151087 -0.0595800000071486 -0.618568755715051 -0.218067040225364
-0.0468270535863341 -0.0485672222039707 -0.0720944211304258 0.0690122753207468
-0.0802051734840152 -0.0047916935315382 0.642385117672332 0.222029424709946
-0.0119214994045119 0.0462058719070541 0.774840982700433 -0.494327985039457
0.0282459933534402 0.0427402737492592 0.0329636653307887 -0.886468933554821
0.0237360809853592 0.0105297572835001 -0.518896121432787 -0.322983641063949
-0.000920464766340513 -0.0180460527548141 -0.336379666187264 0.174439487270873
-0.0191295254899063 -0.00397958407000901 0.028450656128688 0.171451830546844
-0.0188737324006516 0.011348439059271 0.192767963857275 -0.121941111721076
-0.0229400435036207 -0.0283964897708202 -0.180521236839928 0.111798856581236
0.00925937747745609 -0.0057079575742419 -0.00560723986546276 -0.173248399596436
0.0241093440866824 0.0109796051288884 0.334882503364412 -0.182254747757601
-0.0188931944831771 0.00719491295840083 0.447260359008372 0.300459538007988
-0.0515325485026053 -0.0207428322407257 -0.0497734011273794 0.825286274688016
-0.012389608611775 -0.0826034720728453 -0.769303547502428 0.521334533055556
0.0256749879944432 -0.0414455347218066 -0.652747367592297 -0.170673302890781
0.0309574009531631 -0.0122415322243369 -0.117759126360423 0.00411939071628978
-0.0185917616332527 0.00261446062563365 0.603152000258006 0.257833882026867
0.000253313421441265 0.0247453433936606 0.851478987065623 -0.377448768684401
0.015557308844908 0.0275607484384033 0.160101113317159 -0.872982325224777
0.0332911683553283 -0.00244537361682875 -0.519542281846803 -0.395096214271259
0.0287353046652312 -0.0414240829817898 -0.410367948192729 0.119946121822438
0.00630875717479221 -0.014877979192957 0.00305840197423996 0.149845202591665
-0.0167255239574046 -0.0104250282053642 0.215091778424279 -0.0937213051208569
-0.022591915094666 -0.0256754824517611 -0.1808231014625 0.10954652072953
0.00757205578437211 0.00158474763615102 0.00601624372365674 -0.164562106369829
0.0242938517150171 0.0157186527627091 0.348969612395851 -0.164234866994451
-0.0201619558766924 0.00138817346187895 0.429611495635667 0.327856008571626
-0.0508895787001698 -0.0364954546051131 -0.11145985673812 0.82728265425623
-0.00495202637435314 -0.0904165906749452 -0.809141441183218 0.476873487902036
0.0287207961523171 -0.0351361050941232 -0.639436592270016 -0.19613373339568
0.031371000552977 -0.00477592938882746 -0.0990203780789492 0.0160110563555166
-0.0176374172795572 0.00774567114563503 0.619850292799643 0.235494676305715
0.00403312677313618 0.0179194125510168 0.82198866035217 -0.428589681652284
0.0176394100310793 0.0145780486323275 0.102113275628782 -0.877802895816516
0.0332486097020182 -0.00991011880305213 -0.536505040782491 -0.36628552098024
0.027717225627142 -0.0389611906614729 -0.396291412461112 0.13519769597091
0.00489152766139456 -0.00814097171497235 0.0142857106048625 0.151972442020455
-0.0167824903306302 -0.00671947126277 0.20761140514213 -0.0990482087474065
-0.0222641103956964 -0.0196156069653165 -0.186649172763211 0.105745938962663
0.00364554498293887 0.0070047257349231 0.0139487965902678 -0.15974666871331
0.0199756886277903 0.021344339724152 0.364012544615136 -0.148178257988583
-0.0190375645944859 -0.00252366533207027 0.413960143987631 0.352463689766496
-0.0481466853377691 -0.0467105642633283 -0.163808800033114 0.820594573742061
0.000718804078887867 -0.0935898045677216 -0.846028643535205 0.426063149882262
0.0267076559733698 -0.0322339884104482 -0.62756487028355 -0.216725272868671
0.0258986135363322 -0.00243340877469734 -0.0804591513580905 0.0322815676336776
-0.0219303253950136 0.00938678614041712 0.635445871170854 0.211939882064458
0.00353549796281492 0.014457493003178 0.790071501379112 -0.473897917943264
0.0182311300324912 0.00623770255595907 0.0437858540437662 -0.876814064816012
0.032577157537798 -0.0149356044203598 -0.550869935923676 -0.333748966818046
0.024242243238256 -0.0332365370101394 -0.37781617922235 0.153419773078862
0.00188195731319548 -0.00156666850089273 0.0258208189412431 0.158972522671946
-0.0174848027457252 -0.0010783175792331 0.204100874433159 -0.103159042148222
-0.0209304529826212 -0.0132175426730498 -0.191149502074162 0.0998253275072043
-0.0013077171029465 0.0112494368668656 0.0195725092263934 -0.152053502116898
0.014532845659985 0.0276883452327826 0.379091709848693 -0.129387379531351
-0.0214071756943667 -0.00265705414959395 0.405070373732505 0.372298923645693
-0.0446927339610496 -0.0505540480698342 -0.210618449401773 0.813061145374752
0.00347354501165726 -0.0923214429724093 -0.873697247127152 0.384459420361745
0.019113670072949 -0.0314940748115445 -0.617234151127479 -0.231873511717148
0.0140779334476467 -0.00494814246142576 -0.0659589181532217 0.0468645519704424
-0.0297347107277695 0.0103707037042569 0.649423271434568 0.193771148496874
0.00186783547335625 0.0152486691074212 0.761793226671896 -0.511683714631275
0.0193507549602879 0.00351052795875966 -0.00191272681487903 -0.877915031370943
0.0311870988381976 -0.0155823018793518 -0.556712446901605 -0.308973973054154
0.0196721428568544 -0.0271348488298953 -0.359080088944297 0.169758641145405
-0.00345944433267923 0.00338586777418896 0.033849426915046 0.16397815739695
-0.0176230991222579 0.0031809424636692 0.197079620524611 -0.109138689712738
-0.0205189342333006 -0.00952470023242144 -0.196999650607614 0.0940182477957379
-0.00751298599586385 0.0118196398484979 0.0207156858986085 -0.147930405446107
0.00669518043029728 0.0322092656347045 0.392290765385945 -0.115588261078661
-0.0250848407889821 0.000781784462826549 0.402291267517142 0.385958364782705
-0.0432195143516676 -0.0474306770559861 -0.238134961383445 0.801819952940757
0.0023907181084893 -0.088799635060743 -0.889427120536451 0.354129474462966
0.00667916745293244 -0.0354391931836614 -0.609434654225718 -0.238407592618907
-0.000756381848116873 -0.0115637665065063 -0.0564410790436489 0.0609386003370786
-0.0422527725215932 0.00881467779381274 0.655600303780912 0.185569914279456
0.000473756818381306 0.0189459880598411 0.740896627782548 -0.533060945357214
0.0223802593391339 0.00626251899970141 -0.0301312174426083 -0.878762627303186
0.0296776340831623 -0.0119786454304628 -0.557199277711495 -0.291346003695527
0.01435276134593 -0.0216982058306187 -0.34235973306878 0.180277550959853
-0.00810646357803866 0.00599154709873223 0.0389515200471362 0.168209562935195
-0.0183159370885184 0.00814948696932527 0.193427594349927 -0.113914546375017
-0.0197107584771565 -0.00639577707357658 -0.199651603284627 0.0878992207316305
-0.0120385438490138 0.0116726745822148 0.0179970396060585 -0.145874313693362
-0.000189065839913237 0.0356908747489867 0.399765289721878 -0.10668080833319
-0.0275392267250979 0.00798547795401505 0.404737521890506 0.388776037400783
-0.04113778473004 -0.0384016857051803 -0.244037123581953 0.794370912256292
-0.00293531938203456 -0.0831305851148685 -0.892076155938131 0.342064245966381
-0.00687789506927817 -0.0419195776813672 -0.60783876976209 -0.239173257012317
-0.0188732152846696 -0.0229583513303115 -0.0550354727435905 0.0701785391591007
-0.055112391402427 0.00650388120978777 0.658164007413559 0.186172265428704
-0.00234732264648434 0.0257817220473772 0.736208349216302 -0.540255169982191
0.0255057404775384 0.0142863258719134 -0.0361731955632355 -0.878728777275764
0.0279621146618974 -0.00657470401553047 -0.549201871120265 -0.287813359971579
0.00840527687713616 -0.0187566823989235 -0.332226521219544 0.187433252521237
-0.0127395675275667 0.00522870938007268 0.0398874479777779 0.171456717768455
-0.0178633793876836 0.0111071497418607 0.192486314212459 -0.120046622784839
-0.0196918546618208 -0.00495245750348863 -0.202255234503437 0.0844590959411486
-0.0161467022903821 0.00794406488768033 0.0112948548027481 -0.145488902087916
-0.00514430613417487 0.0368788270439569 0.403099068774916 -0.108450155053871
-0.0308319123583055 0.0182967252218601 0.420417466566097 0.379752134817024
-0.0411673563365476 -0.0240785573661818 -0.224499768056964 0.793772023025623
-0.0110139513428066 -0.0747735682314762 -0.883474526766184 0.352946328748472
-0.0225305634681894 -0.0509227499114413 -0.611537331310383 -0.227765924859531
-0.0347932454955054 -0.0359783661707033 -0.0601040049018112 0.073374008750469
-0.068520153039235 0.00205887869871443 0.654504815173239 0.197942221154092
-0.00576746623103013 0.0362096034644099 0.746610774674635 -0.529183900554728
0.0274797540061162 0.0269123785277112 -0.016878333294691 -0.88348216661521
0.0262686674593444 0.00154870890406832 -0.538428614191797 -0.296838599247442
0.0022377019291028 -0.0176306523033153 -0.329872996812874 0.185590804085055
-0.0173704137628693 0.00154679644505587 0.0381433082919457 0.172634006292646
-0.0184698469314229 0.0122038945033778 0.191426025116321 -0.122885825717031
-0.0178158950406567 -0.00592756987046992 -0.201773452391845 0.0820121401011267
-0.0183853073150883 0.00313426117163471 0.0026602152204027 -0.149192871949296
-0.00860854735296772 0.0354467722672604 0.400159848733298 -0.117052219643699
-0.0329056363517793 0.0289108026943645 0.441643004492482 0.362981470595767
-0.041875717428224 -0.00712101084798611 -0.18555925395598 0.797937789181724
-0.019770220893008 -0.0651347359701243 -0.862482749726645 0.385252887024588
-0.0354045457853247 -0.0579207005792978 -0.623043203848405 -0.212796375540166
-0.0478592898967514 -0.0471891552757515 -0.0715563399876495 0.0710767945441481
-0.0805748263092811 -0.0034777899817159 0.645885924755524 0.21713141468292
-0.0116430597082959 0.0457562409842369 0.769039770160929 -0.504702177511769
0.0297250698821017 0.042104055533144 0.0207552471281084 -0.890608116410805
0.0237943894623559 0.0103539967689338 -0.526390891311794 -0.316114481288977
-0.00167018838211726 -0.0187899590096515 -0.335663735600432 0.179528340547393
-0.0193399498744932 -0.00359462803161179 0.0305291835643385 0.17277804252677
-0.0183706879751947 0.0119013664827174 0.191686993726537 -0.124248855391162
-0.0225267161905925 -0.028442679895793 -0.178893129991911 0.112133862257108
0.00857306513540488 -0.00545677464467093 -0.00815441443735176 -0.173658510018806
0.0244223185532722 0.00977565088359821 0.333021861366296 -0.187302383460879
-0.0200140466393528 0.008395698163345 0.452233500945582 0.294547007106114
-0.0528616296797135 -0.020378223108849 -0.0396979365644662 0.82742345600586
-0.0137523129411198 -0.0823578433324842 -0.762665341775298 0.531078701985406
0.0243317906810337 -0.0411121129763534 -0.657611000079617 -0.164260189127505
0.0311477033742004 -0.0124227219469974 -0.119116223256534 0.00563363183232502
-0.0192162460940234 0.0035469853711803 0.60618098405659 0.250445572910627
-0.000325741933999868 0.0243801007732186 0.847404591941976 -0.390602694886981
0.0165573627012301 0.0272398643278535 0.148095858063025 -0.878459329382971
0.032404239261757 -0.00278215116440087 -0.52738149401386 -0.388963317986269
0.0278967098063513 -0.0430182133038123 -0.41096336112395 0.128407944747588
0.00566923154278535 -0.0159632070895396 0.00448024294116396 0.150715463652598
-0.01724306435492 -0.00991657534033192 0.214526042938632 -0.0962470350124296
-0.0227587860666758 -0.0238623308827163 -0.178921527014114 0.111192281604933
0.00680337413567749 0.00109936242980378 0.00353962633657466 -0.167551667878796
0.0237251790182947 0.0152343778761143 0.345822239531909 -0.169813959572374
-0.0189615911019317 0.00104130296736588 0.434636730094619 0.322494016879952
-0.0507300023611065 -0.0355733300924839 -0.101019176464693 0.829542183555001
-0.00592600802013703 -0.090158073947777 -0.804524538454839 0.486621583807165
0.0284720282167154 -0.0348963618280488 -0.643731665724414 -0.186816882952903
0.032044339133411 -0.00456260793607131 -0.0990048547627176 0.0179002320875773
-0.017663475056683 0.00725824971632664 0.622706470188225 0.228392569105011
0.00336415922387079 0.0177951243650249 0.818321581073662 -0.440744174819172
0.0181103706554323 0.0142529373897052 0.088675631848742 -0.881391621465106
0.0332118505883606 -0.00988000578185676 -0.543932928077056 -0.358269845655884
0.0264898366538288 -0.0393600694072207 -0.396891248398067 0.143324205312243
0.00475022574183362 -0.00818245250883275 0.0157984270741583 0.152588564223503
-0.0177192391056785 -0.00642731343046111 0.206000870837991 -0.100282262302603
-0.021903281117118 -0.0189488895080841 -0.185856172688163 0.107880419874797
0.00392779038819382 0.00706900710215796 0.0111714472628463 -0.160349917172534
0.0203034234594047 0.020762856716324 0.36269908266569 -0.152222953612959
-0.0193116744771184 -0.00277004514503474 0.419994429157387 0.347978594952675
-0.0486013859943641 -0.0460314875792251 -0.15405679454316 0.825253504841413
0.000187775288633866 -0.093353827238393 -0.840275420819479 0.437175283954936
0.0257783872847903 -0.0319459805557915 -0.6308906696879 -0.209236845275289
0.0259659650027968 -0.0023999342775444 -0.080475838851072 0.033872961995368
-0.0212578911870254 0.0102139206996124 0.639053714669476 0.206000053814808
0.00344778631961853 0.014180705435387 0.785442951836431 -0.486700905826245
0.0183056784248327 0.0065863613624426 0.029917016315899 -0.881000202870736
0.0325974690587662 -0.0144926872562475 -0.559025146588712 -0.326787929124354
0.0236172325646727 -0.0338832411369865 -0.37704591707521 0.160467055720072
0.00165570349377814 -0.00213637797714052 0.0265481209509413 0.159052508911037
-0.0180891386767347 -0.000770679163700355 0.20217437827261 -0.104591597213703
-0.0211048776078868 -0.0126352060211703 -0.19054941561954 0.102103222144183
-0.0009114348102972 0.0117588388206679 0.0166551140116778 -0.153992271152891
0.013845703661769 0.0275111629438166 0.378310795899331 -0.133747188061064
-0.0217006411899233 -0.00290202588739725 0.409597402211728 0.368754303825
-0.0453404629617766 -0.0504803202791534 -0.200232358993473 0.816528556878963
0.00268654105736248 -0.0923063626189808 -0.86956438296447 0.396680878696245
0.0191879514836264 -0.0314500442293434 -0.620363591237028 -0.226178834495145
0.0143978354127652 -0.0044414016069619 -0.0654062190312737 0.0491906644785078
-0.0299213934944004 0.0108860769720587 0.65219233079496 0.188597938163423
0.00238467275446805 0.0146789738265912 0.753974619102504 -0.521788876289193
0.020235694118131 0.00266736329716799 -0.0162077930708129 -0.879714051974619
0.0319652023145756 -0.0153979242669672 -0.564134109130966 -0.29982624940982
0.0194968674198359 -0.0278542881249413 -0.358911587773324 0.17586868657725
-0.0035710848594225 0.00283651016300298 0.0357411037538993 0.164058659444877
-0.0177744548640231 0.00398180244528235 0.19674747085556 -0.111009583681776
-0.0203137531983989 -0.00875066383947179 -0.195865336071984 0.0958707945148963
-0.00679900376275373 0.0133805470852784 0.0185988253926254 -0.149683441989583
0.00640754042646507 0.0325732483525514 0.390471475873507 -0.120929854943467
-0.0246521916961067 0.00162858173694747 0.408086964832145 0.379755097567953
-0.0421313753992777 -0.047205355226157 -0.22814138516503 0.807223881869129
0.00127927456091849 -0.0887320738877899 -0.886617501203706 0.362701852943408
0.00649841644597714 -0.0343762627921644 -0.613554284316107 -0.232627093256202
-0.00153568553009257 -0.010670397681623 -0.0561244820516726 0.0625503450622984
-0.0419427664738917 0.00873078505728025 0.659724755893077 0.177956048935556
-8.4721583701413E-05 0.0184005373962863 0.735983381831211 -0.543973495235076
0.0224989731490975 0.00610851165816852 -0.0437529530443425 -0.881430394113693
0.0301970715474646 -0.0117170394932868 -0.561542230766715 -0.283943261282053
0.0139970265110425 -0.0235847108829323 -0.342175843180079 0.18740912417661
-0.00814924024149411 0.00562895519009258 0.041115567275754 0.168341385981553
-0.0184150221660927 0.00817915537976249 0.19370933214657 -0.116422682828054
-0.0201690388665279 -0.00531252595111102 -0.198794471090109 0.0903725985672863
-0.0128258526735189 0.0118738544245166 0.0159484782844397 -0.146626864051292
0.000383365956450347 0.0361734170847875 0.399529711388216 -0.113115626163983
-0.0284600253637678 0.0087419431651913 0.411360938343792 0.38340212725024
-0.0414131926210612 -0.0382213954000639 -0.234578672518728 0.801444463519078
-0.0046895547758545 -0.0821918731137426 -0.888604908994924 0.354618647476427
-0.00856333262481242 -0.0411667834281511 -0.611355765342001 -0.231260153902259
-0.0184317490941091 -0.0226449825330171 -0.0534831253797675 0.0721395022647817
-0.055487239978654 0.00688784969570112 0.660280106675302 0.178713009424788
-0.00234588364277807 0.0258276868382684 0.729754360160802 -0.549956689095944
0.0259085550828478 0.0139188898453955 -0.0487933845647467 -0.880607323879954
0.0281707651465367 -0.00666044583136249 -0.554663168320413 -0.279764432485643
0.00807398374923469 -0.0189090798713958 -0.330416812694444 0.192110584975027
-0.0128185116542854 0.00408191155042279 0.0429847047504105 0.171843548271616
-0.018809517041528 0.0114755378440863 0.189793567639548 -0.120430269165209
-0.0192720914612403 -0.0037040040364456 -0.200232599160016 0.0863316995009474
-0.0167282892491824 0.00914994055946686 0.00989533744488022 -0.147389244721901
-0.00582827442079414 0.0364056768886987 0.400639240648806 -0.112770736514651
-0.030629434854057 0.0178312124253569 0.426745479198939 0.375627535746877
-0.0404837854800156 -0.0232836264259858 -0.215345982425739 0.798932139482615
-0.0125188886929081 -0.0744578146935055 -0.880128357641203 0.366040104378051
-0.0237604049322694 -0.0499842510833167 -0.615287295218388 -0.221273656197805
-0.034966201837533 -0.0348115333808625 -0.0593032019538382 0.0749663583360156
-0.0685341226012789 0.00273561063505677 0.658180403706542 0.188528595529755
-0.00524949522105583 0.0367053593044857 0.741462441794684 -0.540113917325374
0.0286068461006128 0.0264661777066246 -0.030956185233169 -0.886862589605964
0.0262830383238485 0.00163674975839262 -0.544279375216942 -0.288974404725265
0.00255055294298334 -0.0184408127985136 -0.328580454620678 0.191780286301105
-0.0173127881983381 0.0019023713470665 0.0396710170853823 0.173137717843716
-0.0187776228504226 0.0130641591678419 0.188983301971686 -0.124085550440706
-0.0181016811919775 -0.00530899864715031 -0.200926404802966 0.08483661600478
-0.0186778143009723 0.00418558253876214 -0.00028226340439183 -0.149882057759956
-0.00803710106498903 0.0358094666362315 0.398587150182067 -0.123228696803076
-0.033264226361543 0.0286885072497035 0.447897391107766 0.358580691087865
-0.0408874348224059 -0.00639529772907871 -0.176690368068218 0.799825811241628
-0.0208700088044796 -0.065791712895548 -0.858763204140187 0.395240667397898
-0.0369152688560145 -0.0565156220481868 -0.626204515955196 -0.204434932552337
-0.0484651555753945 -0.047465044406506 -0.0710273982988743 0.0732591401665068
-0.0813301641531535 -0.00230284206363987 0.650342163801073 0.209054720497144
-0.0103233486489488 0.0464420043336371 0.765157354963197 -0.517293059537188
0.0304204686397927 0.0416820127651786 0.00616600039123589 -0.89556721767524
0.0247498436344698 0.0107804837978667 -0.532928371068857 -0.308250597858569
-0.00224439603744484 -0.0195491815155194 -0.335292694843907 0.186567955270624
-0.0201238798640879 -0.00368050770762572 0.032975489134513 0.172198918065517
-0.0187733875154093 0.0124324088840424 0.190947900665028 -0.127010391666332
-0.0228125156284505 -0.0270636876046687 -0.176905579029816 0.113417032737491
0.00851706384705103 -0.00489987539657342 -0.0111857445063235 -0.175208394269504
0.0239403670287647 0.00909476324430009 0.329409789209327 -0.192629432135435
-0.0202122223996737 0.00815128869679373 0.456563438412149 0.289261461073972
-0.051936618787577 -0.0197379116592552 -0.0282919806322384 0.827551706931553
-0.0139859547733307 -0.0823449272961273 -0.754704144833065 0.539961118668915
0.0240212581650284 -0.0405430000957497 -0.659296013952713 -0.154989990842478
0.0313729161760521 -0.0129744178510335 -0.118630127716804 0.00847390923984422
-0.0185853796770394 0.00423455388537675 0.608886077414608 0.243950665438831
0.00123320023642543 0.0236608429594397 0.841495765463837 -0.400667244261561
0.0165615896589202 0.0271198213226617 0.134151977205818 -0.879762802198353
0.0332446737943597 -0.00394724211983793 -0.534572887574068 -0.380619459613196
0.0268554717766972 -0.0429929339228804 -0.409566656515033 0.134482836839795
0.00565712618386287 -0.016748973635259 0.00631723284625029 0.149777777358532
-0.017346725176247 -0.00942019683651953 0.212634629433773 -0.0990162976858674
-0.0224578147856195 -0.0232997202326333 -0.177687009061588 0.112977620180186
0.00672698888682459 0.00194586992874472 0.00072935375782143 -0.167499325664081
0.023902649462532 0.0144302097062968 0.343472557073826 -0.174287193737994
-0.019948411767728 0.00204549731186397 0.439500572887341 0.317759318062887
-0.0507555983406579 -0.0353778855471302 -0.0889003372172647 0.8312074248655
-0.00754633339033184 -0.0891431489703177 -0.796451521063001 0.496927746739823
0.0277201651302157 -0.0343140187981071 -0.644204744451016 -0.181052517566773
0.0318359351237615 -0.004916037228445 -0.0998474948577582 0.019997650466367
-0.0172830875691084 0.00801525253869437 0.626338918397684 0.2189833307502
0.00302913986341121 0.0175160508991872 0.810960605869391 -0.450416973478673
0.0167919177385707 0.0148244536754158 0.0754908517683364 -0.883596078685933
0.0332055249848198 -0.0105107680258482 -0.550339656842135 -0.350803760815423
0.0257290387624733 -0.0401227707169288 -0.394886239128164 0.148235652310283
0.00389843020876462 -0.00862139486186011 0.0166929715221877 0.153061526714713
-0.0172444899691309 -0.00569864976666992 0.205229160355724 -0.102073649972433
-0.0217863680152221 -0.0181357048885002 -0.18458256178983 0.108493633450184
0.00307955379513487 0.00754034405893405 0.00900233203435599 -0.161992513047408
0.020063359828886 0.021079563329532 0.361340118029422 -0.157132201547011
-0.0200131448444189 -0.00200178691321752 0.424586316159358 0.341825706492659
-0.0481736578493794 -0.0456369596921777 -0.142635825352299 0.826269897442195
-0.00176560887200534 -0.0928469634250818 -0.834688700773975 0.448804069864538
0.0263906610799955 -0.0313226676626774 -0.633796898996382 -0.203111718947634
0.0261743927398525 -0.00245565784508546 -0.0806794408903172 0.0351870098160562
-0.0215907721898045 0.0100009159187735 0.641470887777534 0.197836305801657
0.003772965726905 0.0140313740609706 0.778549881961112 -0.495977776211808
0.0181922258627429 0.00581283650712938 0.0158434991098884 -0.881640059779148
0.0332141954325522 -0.0147194355167724 -0.564807361876333 -0.318690672829832
0.0230559208900652 -0.0339000273268005 -0.375831782320705 0.165761438760386
0.00044403414274968 -0.00199669246487311 0.0290826738241879 0.159082652488415
-0.0180053663455144 -0.000800815190479398 0.201151456490978 -0.106455984122055
-0.020814819799457 -0.0117236800335996 -0.187959029675037 0.103733711150111
-0.00229068829706807 0.0121694610519698 0.0156510557192554 -0.154882847047958
0.0139630053973227 0.027037209889233 0.376519150479977 -0.138852040878937
-0.021978478065314 -0.00271132838115289 0.415206683096019 0.362436691784594
-0.0461638452697383 -0.0498625067749954 -0.188807438789664 0.819444240440573
0.00144717303263627 -0.0921929287785476 -0.864423011844141 0.407346605670149
0.018485017944547 -0.0302528211903708 -0.62186531479923 -0.217392224296784
0.0143443079237269 -0.00509227335441799 -0.0657557552351229 0.0507655945055717
-0.0298702511608948 0.0107191414108624 0.654993779460982 0.181583554331523
0.00257037437965279 0.0144487196119929 0.748459123819323 -0.532801656117736
0.019817908858668 0.00325938883170078 -0.0287503518791233 -0.881306476919613
0.0315463317064976 -0.0153295521160929 -0.568373615927824 -0.291883543775083
0.0187123699590695 -0.0285041647005437 -0.35667425650356 0.182643517473295
-0.00377153622068941 0.00249772707266701 0.0370397932945201 0.164209276930527
-0.0180288425851742 0.00463013537195339 0.195144919799338 -0.112527114606201
-0.0204008743243686 -0.00832821936054094 -0.194430192588545 0.0968208107875726
-0.00736251776152106 0.0132385812427374 0.0162006185589458 -0.150455622067659
0.0070267928938036 0.0322105613612014 0.389374498652163 -0.125995197758853
-0.0243325841602334 0.00227824903451603 0.412962016880826 0.376170613322022
-0.0422415806281468 -0.0474621516549644 -0.219939344044157 0.811371456323309
0.000424611184822239 -0.0883797516528406 -0.880848498286628 0.376668457725499
0.00679958120322957 -0.0341810791022744 -0.615617443470009 -0.225822986462532
-0.00101039966672981 -0.011143873502997 -0.0557152788346417 0.0635789354795749
-0.0418779047474503 0.00968276029188908 0.661178489933043 0.170530122832083
0.000360085984744525 0.0183909376021028 0.724711687902413 -0.553436582913722
0.0224649359249096 0.00530482580829236 -0.0570488433434112 -0.879311239746738
0.0299553660491873 -0.0130139273853446 -0.568189359199252 -0.274446948548288
0.0138483397278187 -0.0234489885983745 -0.34078928976932 0.192351283601489
-0.00873516790134144 0.00541589732551845 0.0428228996971849 0.168342645117051
-0.0182861063427313 0.00899896153459061 0.192056048350052 -0.117991506620325
-0.0194688327122827 -0.00492761899855401 -0.197000911164994 0.0909215000734585
-0.0124133879522995 0.0123520014357448 0.0145508515633017 -0.147437709299435
-0.000381049743413213 0.0359854984480966 0.397660979900554 -0.118258411273315
-0.027215818321477 0.00946217594904951 0.416350937041713 0.37890905021876
-0.0409653072562694 -0.0380518198198785 -0.22362187915334 0.804810253056136
-0.00511954887127153 -0.0816604626327119 -0.88320059296619 0.365282975915649
-0.0092138961855039 -0.0404203450387975 -0.614453070415308 -0.223527372778774
-0.0188235618383723 -0.0219617241394111 -0.0528504615062655 0.0736976061625509
-0.0549823427920054 0.00833417260631267 0.664336738435186 0.17061875403515
-0.00183404706898297 0.0261905569002367 0.722603178864249 -0.561571500987311
0.0260267034070175 0.0136456235805088 -0.06277147408242 -0.880941447445712
0.0283469291653527 -0.00724576385002034 -0.561589206757159 -0.271406906542138
0.00725674273624077 -0.0190533775423078 -0.32964407709179 0.197419992932346
-0.0133655133939369 0.00470130008007696 0.0438959880642494 0.170911127263053
-0.0186117631398053 0.0127876555620207 0.189164079063702 -0.122414752398039
-0.0187587540458461 -0.00358495320401956 -0.199309403287969 0.0871170156009216
-0.016461733607095 0.00932411463621393 0.00714784868766193 -0.148049988447156
-0.0048296679315174 0.036781383818157 0.400474218158811 -0.117888415905496
-0.0303508139840572 0.0195946434498487 0.431452351160198 0.369788840735195
-0.0401711780576869 -0.0234823618674812 -0.204816016345322 0.803296521674863
-0.0130451910312371 -0.0737531492620984 -0.873149789024093 0.375220636737232
-0.0243062375504845 -0.0481728087351095 -0.61794839860213 -0.214968464481754
-0.0364906540460534 -0.0342184062326688 -0.0588843249319824 0.0769868811106467
-0.0685109166532329 0.00476293284707057 0.660415568059832 0.18091977993526
-0.00602869923346352 0.0359129829907396 0.734280329972234 -0.55037751660615
0.0282192172852963 0.025535454125523 -0.0444758731695708 -0.886273139379713
0.0264864537611952 0.000418774143925649 -0.551837770014846 -0.280282091688476
0.00168893001811386 -0.0180962712532294 -0.326548044622852 0.19840509100527
-0.0178885852926753 0.00218578096234859 0.0416895343267952 0.172541733901066
-0.0185378356532445 0.0135855729935139 0.187411532231915 -0.126205898644904
-0.0184607660574116 -0.00427123351885605 -0.199492066592908 0.0853762977414152
-0.019267945201773 0.00529633119058475 -0.00132789647317015 -0.151328707703309
-0.00862942231874597 0.036208830210336 0.396145241192478 -0.128128635017485
-0.033374669231543 0.0289667565853387 0.451043697122388 0.353155223425995
-0.0405709506551083 -0.00668253417189223 -0.165714639085163 0.805155641721091
-0.0212573717474219 -0.0645222891767242 -0.852889025505884 0.405222692438877
-0.0367655935158817 -0.0550323295254076 -0.629253531803646 -0.198348510678862
-0.0485910699132878 -0.0469927055945069 -0.0707614562535953 0.0747208327391076
-0.0813896869400081 -0.00130514188749814 0.65339843371692 0.200862893026221
-0.00986284183836493 0.0466258875269297 0.756965691062885 -0.525899728248492
0.0306745751892678 0.0416388155553368 -0.00714168404965194 -0.892870308142434
0.0254462277502845 0.00979911469966742 -0.539071121855649 -0.301433005798208
-0.00244700534892088 -0.0197259743675786 -0.33358483306338 0.190346999933411
-0.0202297781359272 -0.00392893842682795 0.0341032520764843 0.171353891725396
-0.0184854034052015 0.0130705770744327 0.189111358828577 -0.127957946273073
-0.0232743925884236 -0.0262761801925836 -0.175168313049818 0.114565819337912
0.00747680572693368 -0.00447553736690584 -0.0133679076994324 -0.175622146524122
0.0242310707952606 0.0097488065305452 0.325664493987614 -0.196282077192465
-0.0203955947281465 0.00844192069958748 0.458270445155237 0.283149936571375
-0.0517362667119743 -0.0183369019752206 -0.0167251411773462 0.828513796004992
-0.015686065893823 -0.0810623871304605 -0.74719330752967 0.547924972917434
0.0230546816586939 -0.0404288845711049 -0.660671659875768 -0.148145809389386
0.0306380562920326 -0.0130637629463441 -0.118595710005878 0.009151407078851
-0.0182710365026395 0.0039155546210902 0.610340768502866 0.237380581146815
0.00102058447843694 0.0240132830655833 0.833764654838787 -0.412537030363727
0.0172936914406656 0.0260901319303491 0.123067219921313 -0.881358434670058
0.033633662963294 -0.00436704976623256 -0.538635888503235 -0.374040353896728
0.0258014760111653 -0.0435907266337399 -0.408704856195493 0.140258214694614
0.0045174197005977 -0.0164346421075532 0.00805793671720727 0.150151306214036
-0.0172591249010175 -0.00939866329354394 0.211480070473713 -0.100079490363622
-0.0219976748269118 -0.0225142655424932 -0.176002698382224 0.113294190429819
0.00734865085112307 0.00192792699188005 -0.0020409520967793 -0.168722520598213
0.0240940173190138 0.0142338364344897 0.341543364470264 -0.178553815347774
-0.020580062231507 0.00150307708818924 0.442069730411466 0.311540029236385
-0.0507131004010928 -0.0338629255515879 -0.0780087944335573 0.830512721936831
-0.00837709697908437 -0.0887325447291077 -0.78859473746705 0.503413772269642
0.0276578383424181 -0.034409728522943 -0.646912557116774 -0.172556193907843
0.0318256349107331 -0.00516198242228383 -0.0989128689405919 0.0208434187652875
-0.0180561144349321 0.00829723499166197 0.626732470196829 0.213752342014814
0.00261009362275096 0.0172920204102039 0.803701712592536 -0.461171214357622
0.0179861436165113 0.0142247329818886 0.0633013519429586 -0.88434242551854
0.0331668471492934 -0.0106489020336353 -0.555315520642236 -0.342852551399832
0.0247485714951969 -0.0414198606511038 -0.393392458707925 0.155631280825614
0.00338151697808298 -0.00924766489584324 0.0179792698135218 0.153039629751412
-0.0174970885527812 -0.00546531540562564 0.203512317690888 -0.10366892766963
-0.0214049285877645 -0.0172778774392507 -0.182375281364936 0.109681277871214
0.00372853299485344 0.00794959293557852 0.00660251393810882 -0.162854873307373
0.0201199225246548 0.0209809199979688 0.35839215990919 -0.161340033156882
-0.0207370170149641 -0.00203713982206071 0.428659064233184 0.33733845928429
-0.0487844313076401 -0.044383982924635 -0.131483523248403 0.827970020965372
-0.00215908429561205 -0.09180622248373 -0.826984241934467 0.456585134155943
0.0254930866145837 -0.0303285012521402 -0.635512641753105 -0.196295158624665
0.0261500784893823 -0.00235559879266377 -0.0810247781542937 0.036423499202215
-0.0209441201682898 0.00973396128195022 0.644353431610284 0.189955187362765
0.0040736056167264 0.0147893214634863 0.770926186666536 -0.505526298219025
0.0186952650729447 0.00569593122458191 0.00421102970866575 -0.88084467150117
0.0324778030541328 -0.0148573192764918 -0.56894914025035 -0.308736117027263
0.0220305192147363 -0.0347500184093008 -0.373928512991718 0.173459844766038
8.33922381832039E-05 -0.00297783989256892 0.0300962425447105 0.159548258375628
-0.0178265670437071 -0.000481306852445941 0.19950646825973 -0.108133416379279
-0.0202048948522747 -0.011121980147157 -0.186876256100952 0.104453740312317
-0.000890100621374429 0.0123569837623917 0.0129460911653582 -0.156345336997248
0.0142478441495944 0.0270591605226495 0.374517693207713 -0.143935101257284
-0.0221049783460093 -0.000998685603455611 0.419812339089678 0.357108987939547
-0.0460016973349492 -0.0487433879888654 -0.178870134218076 0.820070053885704
-0.000166967156884355 -0.0917750925362701 -0.856248415654985 0.416956325750864
0.0176829608162642 -0.0295966881019158 -0.623822395043122 -0.21220723749722
0.0143031056428535 -0.00482018290654972 -0.0651329240815408 0.0517122429551996
-0.0292490067001622 0.0118749653476687 0.657354781756363 0.172639305192607
0.00299978359736316 0.0144103658841311 0.740539350207849 -0.542344164361663
0.0206176341445407 0.00216524259828959 -0.0420948012787904 -0.880912149410737
0.0321988945462657 -0.0157562177987329 -0.574007236808078 -0.283494464620735
0.0174912057430978 -0.0295285969702111 -0.354549550146888 0.188563749877492
-0.00452719116009477 0.00257964626102253 0.0383548162079227 0.163376667313618
-0.0184828641368186 0.00524564237003774 0.193538283481438 -0.114160698335607
-0.0195958947255569 -0.00690003403720029 -0.19135260896723 0.0986605422724824
-0.00747884515469192 0.0138476033950814 0.0147189778591964 -0.151315265946276
0.0078112652283189 0.0321253415513733 0.386058660731378 -0.130218076846187
-0.0250637100966517 0.00293585712032601 0.417993541947746 0.369734272929648
-0.0431447803828607 -0.0464730405614974 -0.2073366819591 0.813644201985693
-0.00118170728642834 -0.087986646184705 -0.874606059000878 0.383762656730165
0.006748436512709 -0.032932847371374 -0.618014746907328 -0.218973930759967
-0.00152659495759835 -0.0113664567892387 -0.0550391580899989 0.0648719779651561
-0.0410096106912825 0.0104816896194447 0.662728892581268 0.162764384913867
0.000310114623395953 0.0185678964860008 0.72004595044627 -0.563119718837159
0.0234855129150597 0.00585597933945724 -0.0703427815375174 -0.87773806215621
0.0301391290256774 -0.0131276416208355 -0.571347705014683 -0.266027726665112
0.0125556094396029 -0.024170777876277 -0.338150244237216 0.198712469081311
-0.0090375720727942 0.00471898128145778 0.0438940072810386 0.167796822290719
-0.0184316337826044 0.00899013593764478 0.189471967457199 -0.118437634902441
-0.0186123454367812 -0.00494818277542387 -0.195460059767663 0.092719728791037
-0.0126801432882404 0.0135370264756402 0.0122308285250027 -0.148415727997495
0.000221706238214502 0.0354217221313344 0.394340428263268 -0.122999295036463
-0.0290497793907623 0.00927449341027647 0.420148490575883 0.373241436732807
-0.0408764198157428 -0.0367765265191571 -0.213721541457088 0.805650768928006
-0.00664601908904246 -0.0815771279295409 -0.875874965853737 0.377027787704606
-0.00939364966099834 -0.0397401868111066 -0.617719802901507 -0.216611982723326
-0.0196461663960708 -0.0212825106402834 -0.0523691879421489 0.0742317877337575
-0.0552348194350296 0.0086394441105541 0.665689357868585 0.162430630183458
-0.00201710337813255 0.025021424698087 0.713167698655895 -0.570732063199869
0.025828723904002 0.0126619545270396 -0.0747805563943254 -0.880134553090264
0.0288349452213821 -0.00711325714424374 -0.565055760587256 -0.262031975223721
0.00641166264115848 -0.019561622981607 -0.326177313589607 0.203509154460844
-0.0134242918708795 0.00496187034018473 0.0456284950904183 0.170462874764502
-0.0186907320875663 0.0127885304812087 0.186929598400651 -0.123798429033113
-0.018808610544987 -0.00337789895883733 -0.19785131064012 0.0894251758701954
-0.0169586353128047 0.00982369958219676 0.00546085662962417 -0.148630927947827
-0.00453387297447201 0.0370590332131942 0.397088366428775 -0.122730537388036
-0.0308438007416432 0.0199717339243909 0.435459221198082 0.365065793143238
-0.0396111906722909 -0.0226004702857349 -0.195832894811023 0.803210082781422
-0.0138313216461148 -0.0722646011848556 -0.866429644950453 0.38625605848064
-0.0245587381680719 -0.0467265734854952 -0.621562659138442 -0.207455291159321
-0.0356299472632649 -0.0338615536875911 -0.0585362601090699 0.0775481503788321
-0.0687431430091807 0.00485481350166718 0.661180808254396 0.173620718406953
-0.00545011972467251 0.035028419412455 0.722926782171611 -0.557859923928191
0.0295663034155552 0.0251442554319912 -0.0577277562030555 -0.883083197472812
0.0268490498980935 0.000257255568989586 -0.554117311105018 -0.27079196556274
0.00123068439542654 -0.0184747982313691 -0.324004720906109 0.201954499000835
-0.0179659466319915 0.0017860827129941 0.0431540366558534 0.172197093362908
-0.017818140283801 0.0140093581200797 0.185621174828289 -0.12707619341875
-0.0178649687507334 -0.00323596372183483 -0.197653874588496 0.0870022911830636
-0.0198406947343686 0.0061796349513945 -0.00320916254635226 -0.150482915000874
-0.0085213383501612 0.0355120761765964 0.394670332019635 -0.132566496242335
-0.0321013924336869 0.0298916693131208 0.454687703428826 0.346292852805214
-0.0394924566128104 -0.00566027472730973 -0.154442734157347 0.805987878833972
-0.021969835922175 -0.0640921522420351 -0.847434870805801 0.416174957226679
-0.0380745449807911 -0.0545090275498922 -0.630483651619123 -0.19103776705299
-0.0492105216272802 -0.0456854713806507 -0.0699903418535728 0.0760769424634606
-0.0812773582613111 -0.000305419319005754 0.655451532449414 0.194408497274842
-0.0101317477579496 0.046322299475346 0.749223902806759 -0.537088099728426
0.0314977142171302 0.0404773239903545 -0.0213078337978518 -0.892855829638063
0.0259963914707739 0.010287808278574 -0.542302917652096 -0.293833934031668
-0.00321664288368366 -0.0195336787606894 -0.331641939645871 0.196342020236127
-0.0203452140245984 -0.00372142613779565 0.0360438525211423 0.171542120831326
-0.0180751733190119 0.0126160897196149 0.186756202538855 -0.129338384795883
-0.0224590597758592 -0.0254262928225629 -0.173671641932119 0.114186260776313
0.00754521879664849 -0.00461618996484902 -0.0173297907463131 -0.175586562264609
0.0238120824832527 0.00893260798297648 0.322134219086155 -0.199980173333169
-0.020323446949899 0.00830624994971427 0.462397693089309 0.276452472860437
-0.0507205032149388 -0.0178141762779253 -0.00744857144186565 0.827089427985547
-0.0165398602922395 -0.0802602605949934 -0.736865421892838 0.555246054075683
0.0227648469828533 -0.0397697746806924 -0.660372817978487 -0.140611828539848
0.0301740326627517 -0.0135976822739247 -0.118364198996957 0.0120954486642617
-0.0185129977843598 0.0034998278681249 0.613167711568087 0.229956334505682
0.00100391052778783 0.0236454469956434 0.827259011654903 -0.42132683446705
0.0175656194945472 0.0260857532458842 0.108168578515132 -0.883838984352362
0.0344392041544961 -0.0042770028861976 -0.543554030103305 -0.366725827980032
0.0254851466808273 -0.0442437473120938 -0.407818566054467 0.145726593193691
0.00340162492781977 -0.0173065304754218 0.00842726865030506 0.15094255530744
-0.0178331953361173 -0.00841989508287606 0.209265355717102 -0.100680504645544
-0.0221620051324218 -0.0212133115678298 -0.173640373102391 0.113809534502889
0.00659811080175002 0.00312120568349485 -0.00389849351489513 -0.169087630903282
0.0236454780043854 0.0142793458015799 0.336980983922789 -0.183262253825272
-0.0200408858314049 0.00181527434774656 0.444603102963916 0.305415171202621
-0.0503759789040181 -0.0340778378001959 -0.0683106191800654 0.831257594857859
-0.00949417451099927 -0.087760019854479 -0.77996406547974 0.511812891623402
0.0267742155098646 -0.0340123309000505 -0.648123875504005 -0.164689698900775
0.0314066449943582 -0.00528789745754442 -0.0986996711360236 0.023544488641753
-0.017441865622828 0.00833856644989515 0.630350299474934 0.20621153503489
0.00335650672878866 0.0170265325215193 0.797327652394061 -0.468952559850607
0.0184981666746497 0.0124933105711536 0.0501118164328838 -0.881087706827363
0.0342224196220764 -0.0109909640999126 -0.559873401340927 -0.33498111929518
0.0246225082764211 -0.0410633218882088 -0.391186800544694 0.160106471957078
0.00307287163483994 -0.0101769080892951 0.0191371158114119 0.152479248758266
-0.0179432303567437 -0.00485203222887501 0.201643435510954 -0.104825839056557
-0.021377082998776 -0.016653485062129 -0.180409782004649 0.11055981261616
0.00245082348900102 0.00833866829697969 0.00403932575462145 -0.162914823175482
0.0199869827907599 0.0209720321028396 0.354713714293006 -0.166878944816697
-0.0213006304198395 -0.00138203858244938 0.433209043583954 0.331165729161169
-0.0486096328685868 -0.0443092199814677 -0.122299572725639 0.826233082505855
-0.00333472461165524 -0.0913698199078833 -0.818676201134974 0.46462224571064
0.0249341199763172 -0.0305238266093882 -0.637024310947958 -0.188021260658605
0.0263407292939554 -0.00255232314479528 -0.0801764097683232 0.0376743602606764
-0.0213176625665865 0.011135589746583 0.644952355957214 0.181130239757661
0.00407229642535317 0.0142774319553666 0.761704525499965 -0.513072157488734
0.0188824121423971 0.00527179378456073 -0.00949291242559648 -0.877833019468968
0.0328631417919673 -0.0158890295359329 -0.573059384621942 -0.300917746163726
0.0215079035676088 -0.0358603651199145 -0.371139451120485 0.179375313167695
-0.000542063981092564 -0.00308933007461184 0.0313798532797289 0.158448171849056
-0.0181738001759138 0.000164951748458739 0.197729743955401 -0.109430060580137
-0.0200480623472544 -0.00987127781427275 -0.184367620146363 0.105209605645914
-0.00213135792117095 0.011951871850723 0.0103780182041177 -0.156138746279539
0.0134516348046546 0.0266915249313298 0.369209443042471 -0.148267076574579
-0.0224809068431411 -0.00180326128174023 0.423049716886703 0.352287508611293
-0.045595298407684 -0.0482639407908766 -0.169060838310837 0.822128149868159
-0.000710988586650313 -0.0909549280112962 -0.848294880979295 0.423215703259677
0.0181743864412331 -0.0292256947147345 -0.625597251241522 -0.204252273433408
0.014876379545662 -0.00414358602619994 -0.064124790066092 0.0538062039798844
-0.0294441651513976 0.0113704167423153 0.657203626504233 0.166020445000412
0.0026644219317248 0.0142247695921363 0.730878608735928 -0.548743484309253
0.0209944234340818 0.00244154472078511 -0.0539486374836314 -0.878214653833648
0.0314937373308327 -0.0160899927559585 -0.578122015724393 -0.275767819736784
0.0173602634024589 -0.0294036899211347 -0.351613089647678 0.194354956504792
-0.00399139804295178 0.00137919819952704 0.0400198793892233 0.16276036251247
-0.0182788454305945 0.00547359698205372 0.192049990299316 -0.115373487646725
-0.0193326794387451 -0.00680612204527155 -0.190345869545789 0.0997783593706246
-0.00737601070995198 0.0142647179839687 0.0126242048440035 -0.151649907097966
0.00694383176985128 0.0318128862393863 0.384244228789254 -0.13428173426787
-0.0247990037105307 0.0025291978705562 0.420710267486024 0.362701241011967
-0.0428976357888907 -0.0453454477834425 -0.197073074936101 0.813266801077463
-0.00113876010273491 -0.0869482578268367 -0.866076937850697 0.392071689118513
0.00555132739495169 -0.0319068686764985 -0.618910814666565 -0.211488576337077
-0.00219582910741289 -0.0112076204522357 -0.0542984291004012 0.0658983796287221
-0.0405603598366459 0.01114028824571 0.662508929478373 0.155336404033375
0.001247186273499 0.0183054816683686 0.710221324134798 -0.569883325493488
0.023466830515899 0.00504344748604606 -0.0839251162517977 -0.875343028489484
0.0304180029916232 -0.0137655907848636 -0.573875480674932 -0.257444587788188
0.0119905500776736 -0.0236254039333522 -0.334276539808178 0.203567510843003
-0.00945789802021938 0.00570777092828219 0.0462475904064218 0.166712850847155
-0.0181425667754459 0.0100465766479093 0.188658802126043 -0.119734699090065
-0.0189531510560408 -0.00373192792886209 -0.193036192438932 0.0938674254560578
-0.0127235694907042 0.014040676733105 0.0104139598398395 -0.14821257566197
0.000473437149366647 0.0356945193433697 0.392172034329149 -0.126660069737356
-0.0273432683640984 0.010119379342151 0.423950299088959 0.367472153504983
-0.0404761249547005 -0.0358562814563219 -0.203413380828817 0.807942290560958
-0.00713033724695767 -0.0807918508984393 -0.870260211993148 0.384471805147859
-0.00976798137484607 -0.0388459739682371 -0.618373056090152 -0.209758469621952
-0.0191404951170966 -0.0208940788865543 -0.0521338880398575 0.0747335961312713
-0.0550577936759313 0.00961776996933385 0.664171724981552 0.155868509502456
-0.00185346293105003 0.0257773988381478 0.706159023839294 -0.578288604806156
0.0266809828295915 0.0125490823014861 -0.086670917877592 -0.876744422226327
0.0283704341754863 -0.00857821180555352 -0.56868911203257 -0.254479697734091
0.00640500535756466 -0.0202850142547196 -0.325001097522239 0.208021910145627
-0.0139122109237181 0.00551094693611789 0.0481251348857456 0.17028856988042
-0.0181178450455301 0.0136071527213653 0.184814613006671 -0.124822598632974
-0.0177354734042641 -0.0021497022790085 -0.19493066881182 0.0896527303945289
-0.0171080913412273 0.0109251126643838 0.00297860551005027 -0.148689840158341
-0.00461457558169283 0.0374084234121553 0.394520133747866 -0.127493258524368
-0.031372061204649 0.0198707210311621 0.439473685980294 0.359148017801635
-0.0401308175696216 -0.022283178879877 -0.184420797648242 0.805937526257072
-0.0143051469993152 -0.0718137302618027 -0.859471832962384 0.393480591946161
-0.02515865391235 -0.0453609832321688 -0.620974760414343 -0.200228129460895
-0.0363120986868165 -0.0328695432565289 -0.0577337249145059 0.0792321061435623
-0.0688812285401297 0.006061052661076 0.662257213975452 0.166907338746438
-0.00495959450676947 0.0357130635923731 0.713817209706314 -0.566616421811694
0.0299009328435613 0.024638190855135 -0.0693317293799591 -0.88223490437165
0.027783080642282 0.000912072033977338 -0.556304414197239 -0.263442815438293
0.00128031299455629 -0.0188703011571581 -0.321296072902547 0.207730874810073
-0.018091136514436 0.00195333785358659 0.0451776984454036 0.171847509598121
-0.0186325451207454 0.0142485169700922 0.183429224459404 -0.127721833438068
-0.0176481280178358 -0.0034068784007425 -0.195384077754508 0.0882944195726005
-0.018641397695955 0.00660971691540619 -0.00531840009779004 -0.152132395544979
-0.00742918521688405 0.0359443299260815 0.391482966370588 -0.137376198904848
-0.0322813310486988 0.0306430566413027 0.458319487690154 0.340474404208779
-0.0386531798142493 -0.00560611406317638 -0.146699402041255 0.806843926544046
-0.0221620474559274 -0.0634399707253198 -0.838771674051451 0.424922820204996
-0.03901378057949 -0.0531157342923241 -0.631042103284725 -0.182930738954465
-0.049689846482332 -0.0453246930444592 -0.0694569040653261 0.0774760618586436
-0.0808217464162485 0.000357123776235001 0.65574223495215 0.18588273052726
-0.00913747708654754 0.0461756447991189 0.739569313656054 -0.544199128447844
0.0326701047995392 0.0401508971599608 -0.0330023848515261 -0.891790297952697
0.0268945079514699 0.00938308103189525 -0.54719496545348 -0.284380124177259
-0.00348989869240974 -0.0201517306760241 -0.327952834550032 0.201347529041194
-0.021040966157404 -0.00400229826582949 0.0375514165517748 0.17177304522641
-0.018762562565536 0.0139907422114679 0.184856501402357 -0.130057769855701
-0.0230433846731689 -0.0250980110147864 -0.172367326092258 0.115412184669841
0.00643491369944911 -0.0045306898600087 -0.0186091814513165 -0.175775047894845
0.0236158775231625 0.00934143439518313 0.320115092813683 -0.20280289563273
-0.020793591584343 0.00912792748283039 0.463716264022274 0.270488789885397
-0.0502174562704947 -0.0174325465228162 0.00106341825423659 0.823387512815078
-0.0167931430229476 -0.079267994057536 -0.729321624098414 0.559682652530095
0.0223093384572166 -0.0389843053771994 -0.660200166283891 -0.134466592838035
0.0298367854224677 -0.0125883362287098 -0.117122113813151 0.0134904091281752
-0.0185842421267333 0.00390548851905199 0.612483211928085 0.224256603275382
0.000371614668278489 0.0232198416429994 0.820374096770784 -0.427552888382333
0.0178111366729246 0.0256981735585832 0.0962456343668747 -0.880925850192781
0.0344387670903468 -0.00462436101258012 -0.546969779087345 -0.358375157817421
0.0247456523157656 -0.0453036482838242 -0.404598495089533 0.14999465361586
0.00264351614156325 -0.0172556745365212 0.00920852936081697 0.150068195187806
-0.0177943286234915 -0.00761883707258744 0.207845391915203 -0.103366555778326
-0.021709225611265 -0.0201756289553815 -0.172638937437085 0.114123777881768
0.00579155784574253 0.00236890817361071 -0.00584462701774077 -0.169273365953325
0.0225677715607248 0.0148270645001733 0.33479237101485 -0.186361733837222
-0.0204545762763836 0.00300102524845712 0.447849089998049 0.300479582302175
-0.0497414906022774 -0.0332955889809502 -0.0591103994932016 0.827881448522857
-0.00932516900676613 -0.0873301203158067 -0.772740569870255 0.516912610518174
0.0267793205090796 -0.0337810384641111 -0.648043369847861 -0.159751979983639
0.0320657560000453 -0.00572070587493125 -0.098691435411839 0.0246139704489218
-0.0172680455592092 0.00896160954087919 0.629517853811077 0.198603613017314
0.00386819543357512 0.0170751991910066 0.788270399307472 -0.476154496736198
0.0191687530143045 0.013861100618148 0.0405945408726261 -0.881586585376452
0.0335948174913714 -0.0120238702091184 -0.563946793733306 -0.326739973003121
0.0242178748646962 -0.0413142058453993 -0.387867825014179 0.165592130676766
0.00214263045017996 -0.00928247800980639 0.0212053127041977 0.153165734318548
-0.0174662384305829 -0.00423219462269482 0.199820643627367 -0.106279845376311
-0.0207322106441093 -0.0160815042960956 -0.178637867538997 0.110960064605851
0.00253778421342791 0.00836885576196685 0.00200443372262778 -0.163730322610538
0.0189183437483583 0.0213070855498486 0.350274222657998 -0.169072429039682
-0.0208840106889137 -0.00179389984595005 0.434016875254432 0.325226745637933
-0.0480403626371528 -0.0432229463710265 -0.112755355357918 0.826566266546727
-0.00426967697775122 -0.0905713598927335 -0.809823543003469 0.470279354746817
0.0252359355874546 -0.0298391417742544 -0.63526727680393 -0.182399215124499
0.0262965806476634 -0.00313622388024127 -0.0791088566711571 0.0390997428735828
-0.0199454180781908 0.0107985951960892 0.64379832561939 0.176345904342635
0.0037024338832215 0.0132028709909366 0.753224835068827 -0.521511146396104
0.0189332278818875 0.00513465656358749 -0.0203368765874252 -0.877216670100513
0.0327418528024196 -0.015505778486116 -0.574114002000078 -0.293590283328306
0.0198466674514489 -0.0358510164496595 -0.368398318527247 0.183969411298722
-0.00121362167424638 -0.00388153440093902 0.0324842941768449 0.158523924460208
-0.0178055790056478 0.000780998140112347 0.196700558626384 -0.109895795729267
-0.0192981269470227 -0.00951487819354065 -0.183046209235575 0.105484858929181
-0.00257374224066532 0.0125395602308644 0.00832786566242126 -0.157466405738063
0.0134809574087621 0.0274098594765146 0.365977051386377 -0.150961607062788
-0.0233878324276287 -0.000766533914697796 0.425553675826931 0.3479388446648
-0.0452547307918589 -0.0484680501532092 -0.159734028233969 0.821535620740242
-0.00139289206992186 -0.0900574290013064 -0.842349990706199 0.431913576470465
0.0166946312440399 -0.0283649485193315 -0.626797012505932 -0.198056168715541
0.0142108708749593 -0.00439934664604118 -0.0636055211481561 0.0541076865498443
-0.0286847149881771 0.0117463732526125 0.656100499428707 0.157454976700453
0.00245053153074664 0.0139693472328309 0.722731572532695 -0.556527089342334
0.0209174540387499 0.0022522619709599 -0.0644115141502959 -0.874899242107303
0.0319182178230218 -0.0171636173071247 -0.579393458807529 -0.266563305582174
0.0156588055168496 -0.0298260769336144 -0.347921053920795 0.197522129540664
-0.00527086746503077 0.00190042435290796 0.0409338599855788 0.162163558362962
-0.0179049987588227 0.00555299361424429 0.189883077302248 -0.115565550575423
-0.0182851893592399 -0.00625325015461471 -0.188379501724284 0.0993454698032367
-0.00797402241661941 0.0149274804370823 0.0102867930547031 -0.152105936954895
0.00758525597347642 0.0323238246943161 0.381308289612086 -0.138232981433927
-0.0257558566084559 0.00310336573471405 0.424352393182866 0.360865384549583
-0.0429974841570415 -0.0452786934897835 -0.188252881388216 0.81471620736552
-0.00249885934417568 -0.0862976291960907 -0.859161398253813 0.399402743311703
0.00501547796984458 -0.0312958833714917 -0.620001772856574 -0.206380456230131
-0.00163277430258582 -0.00999163086916066 -0.0536516490434789 0.0664775365741535
-0.0411826943672769 0.011821241865027 0.662755056515138 0.148312581933667
0.00103476220325142 0.0182031127519377 0.702153858302502 -0.577042530396451
0.0232944939234623 0.00431097129457751 -0.0937225571299772 -0.870624862978157
0.0305954384055962 -0.0139554777140967 -0.578521622267925 -0.250111741893342
0.0115497633536407 -0.0250664289624861 -0.331948874623657 0.206725934906134
-0.009835760236473 0.00497091148275082 0.0466045972646428 0.167142328364807
-0.0178363439991029 0.0104677630529121 0.185801245070704 -0.120471055371728
-0.0174361572100197 -0.00351781195244831 -0.191600032536487 0.0946008403007141
-0.0130465138099845 0.014553172959922 0.0078993136806144 -0.149163715173602
0.000760921271988586 0.0357931432138872 0.388730797387771 -0.129279579325035
-0.0277863340288225 0.00994097295040125 0.426860310424728 0.36178072437049
-0.0405452405636723 -0.0360880169155761 -0.194637466796711 0.807945856477044
-0.00766541951514305 -0.0800174090839165 -0.862963158491339 0.389592901646498
-0.00982865956255315 -0.0364903838505624 -0.615888607085407 -0.204355870715314
-0.0196402645461033 -0.0201682164389552 -0.0512883209821102 0.0765004355769355
-0.0549358860533512 0.010011872787423 0.664793537313613 0.14931781510974
-0.00210333245162838 0.0255482549876855 0.69632757324453 -0.58272128429374
0.0267300972960958 0.0121150758272517 -0.0979913777613938 -0.872978745319218
0.0288818305348977 -0.00803126246856696 -0.570694648423129 -0.246740732841602
0.00571589052956439 -0.0211305968453813 -0.320927125395446 0.212323984211951
-0.0146132605758875 0.00465880733172097 0.049090319084858 0.169029603121459
-0.0181686962308908 0.0133840355389353 0.183121677637409 -0.124980728093022
-0.0173715225458207 -0.00231496359984425 -0.194170374204088 0.0905565375878228
-0.0163460116979338 0.0109404273197395 0.00169248982715378 -0.148756369342448
-0.00471460356214068 0.0369020457739434 0.391774956239724 -0.13143562487402
-0.0301030551453618 0.020548174959145 0.441399270591688 0.353087262832207
-0.0394170669029454 -0.0224146269842056 -0.176426575060495 0.805576984419611
-0.0153946611775368 -0.0714984856403109 -0.853109623135677 0.400300592282487
-0.0252796999898263 -0.044502948422491 -0.622354898303044 -0.192986265003626
-0.0363185450285562 -0.0320838997859622 -0.0564441442344196 0.0797806535773058
-0.0686918356635183 0.00645923025110715 0.661965049693364 0.160291139555389
-0.00501911663684826 0.0358459747307893 0.706814343889365 -0.569095808466507
0.0299641819945126 0.024762904500106 -0.0797639495917888 -0.877812665748811
0.0271893325363504 -0.000456525992249743 -0.559323153223571 -0.255363480307772
0.00075842005054854 -0.0190979013848073 -0.317561864971385 0.21142648479127
-0.0189110550522133 0.00231659680163131 0.046029169227801 0.171087883552944
-0.0184468606812554 0.0148484283883878 0.181592413552622 -0.128130831623026
-0.0169342212399653 -0.00269556324160093 -0.194324345478378 0.0895806747233977
-0.0195200847851262 0.0074423933151436 -0.00673993526741625 -0.151270616442903
-0.00751341968990183 0.0366901982361552 0.388412956717625 -0.140050792722606
-0.0327297729376926 0.0306215125867599 0.461184356598038 0.337169060230993
-0.0387210082858813 -0.00497816540686948 -0.137015982096971 0.806627836110611
-0.0229164079844172 -0.0619408774774165 -0.83097824605004 0.429851871050148
-0.0394302791798533 -0.0514321742643955 -0.631857656974139 -0.175799046141752
-0.0499624423372932 -0.0440813125249974 -0.0682783862606142 0.0780973227537738
-0.0810881960440306 0.0020620091635417 0.657030737155277 0.177926688307197
-0.00873577875349481 0.0461557481987376 0.732423166973564 -0.548904259928475
0.0327730296854662 0.0393492189896133 -0.0429741622881105 -0.887451543099639
0.0262975540273664 0.00925665020335932 -0.549670203995394 -0.276521167520839
-0.00437578863909717 -0.0200803708240294 -0.325757354229514 0.205820528102834
-0.021717171188384 -0.00275870034575492 0.0382479092650519 0.170208215077924
-0.0181034453356749 0.0142472078187357 0.182505795172976 -0.130467382170131
-0.0218392311410843 -0.0231423581906777 -0.16970057671059 0.115080641933802
0.00648159280683525 -0.00377103286193347 -0.0203377218496972 -0.175837866916474
0.023728178033603 0.00997612834226456 0.315444134014031 -0.206431662908716
-0.0210936632804522 0.00885281640859161 0.46384184784474 0.266781642068225
-0.0497874106738159 -0.0173906581284875 0.00901254487214261 0.820895313430174
-0.0170785357257054 -0.0786756520610502 -0.721188843097673 0.562553907919797
0.0215528270530812 -0.0379940110935691 -0.659204286816365 -0.129554203003294
0.0315635413929258 -0.0135658431176092 -0.117673847343928 0.0153333768669832
-0.018433357496912 0.0048223712539523 0.613818150788582 0.216867368510822
0.0011528268560039 0.0238984560935945 0.812991693694581 -0.435273514070161
0.0186718177666932 0.025538763894805 0.0877389624135837 -0.878339150815822
0.0344010257243092 -0.00559458687807413 -0.550970833172093 -0.350085435319037
0.0236924474025035 -0.044716959592657 -0.402156990869794 0.154399182356877
0.00263215208361272 -0.017368479442921 0.00934627207893926 0.150223864576746
-0.0174098081764962 -0.00752491399304232 0.205971685969751 -0.10382416054716
-0.0212476473827551 -0.0204049040931715 -0.171381030258733 0.114633958128628
0.00575213718878161 0.00411522304782871 -0.00852282814206464 -0.169785189175169
0.02348940279611 0.0148752832423084 0.330368387348799 -0.18757574204274
-0.0209580312384941 0.00356806260112856 0.450234080585751 0.295214652181953
-0.0496077610071499 -0.0328863331056087 -0.051157709204035 0.824478880725021
-0.00989973215198749 -0.0865942279637766 -0.765707107283455 0.521181818615369
0.0261910040881078 -0.0321523853718552 -0.646738956140027 -0.155391954493735
0.0314852426194844 -0.00552888899341713 -0.0982026941871052 0.0261146935030042
-0.0163930726227637 0.00967062612607115 0.629647826831702 0.194508988151366
0.003672339667671 0.0172109541991041 0.780546820887157 -0.480663647720871
0.0185084251819506 0.0124644141039465 0.029819948189024 -0.878331646691698
0.0338568277752061 -0.011725254897707 -0.564826409074088 -0.318937612614658
0.0223418931789514 -0.041815438490955 -0.386129844587297 0.170875442606711
0.00123071032032031 -0.0102756398197066 0.0206044614462907 0.152626545604367
-0.0182743403036254 -0.00424447894712305 0.198427895748454 -0.106499007564657
-0.0206820041899267 -0.0153335545336425 -0.17681101482048 0.111016542310953
0.0025820347174484 0.00902601706674234 0.000361809732819309 -0.164257127910547
0.0197415102628854 0.0217082234575042 0.348285750303146 -0.172376547182319
-0.0223513845765183 -0.000981788309104108 0.435998944158822 0.321201383839569
-0.0476302325318821 -0.0425412218959044 -0.103932745506093 0.825054710897459
-0.00474345379587265 -0.0897867296511964 -0.804884212026248 0.475092181540364
0.0249084642330064 -0.0286299361080456 -0.636036027315847 -0.178459661170904
0.0261337502981083 -0.003327761784228 -0.0795609359504306 0.0403898500533093
-0.0212416547910019 0.0113694434510567 0.644500903835365 0.171094722280911
0.00350432033573264 0.0143014580084463 0.743794300229607 -0.525791877922802
0.0193254437951161 0.00495153702633698 -0.0294886558475761 -0.872853041054185
0.0328471304521381 -0.0163354101839883 -0.577234859025712 -0.286199987792584
0.0197244208542213 -0.0359688845313206 -0.366614814196208 0.187906800367058
-0.00231034949036172 -0.00332713479580343 0.0322865573335441 0.157263186023667
-0.0179723772304477 0.00131320344430898 0.194082782281379 -0.110103613692739
-0.0185846680377158 -0.00882632888284139 -0.181395372464792 0.106055943901796
-0.00263974246458367 0.0133558371021685 0.00631436678365446 -0.157591668039469
0.0141109767187359 0.0267880229670662 0.363737285824996 -0.153500861656756
-0.0234578800032281 -0.000422570930933137 0.427250877206341 0.342518079034492
-0.0450768278766608 -0.0473713582977054 -0.152120706415493 0.821022008390764
-0.00161428850046852 -0.0897046630653958 -0.835631221208417 0.43678904142824
0.0176137183881483 -0.0281427061963305 -0.626275421700522 -0.193508684798182
0.0148908652075734 -0.00391408571896286 -0.0635201277220162 0.0546042341576973
-0.0290175243321675 0.0123476840279325 0.655328488489719 0.151498823631388
0.00252798869610502 0.0137338591118639 0.714953303249442 -0.56133722412471
0.0204606650913375 0.00226644624730728 -0.075079563709516 -0.870856413085944
0.0315119483623767 -0.0165283446388056 -0.581830364164114 -0.259680412664026
0.0159900087661178 -0.0303951960547967 -0.346711302397244 0.201356853156105
-0.00574340486908879 0.00187084393813335 0.0418797730405151 0.16236898550684
-0.0176068781904851 0.00619075458409103 0.188249490772379 -0.11608752554812
-0.0176828176759205 -0.00578631619755375 -0.187238536651794 0.100027565751869
-0.0072498781619711 0.0148519839981971 0.00920058358230741 -0.152944194569266
0.00697980820539682 0.0323201398621258 0.379826258209576 -0.140280870969153
-0.0261994199666316 0.00361629431458702 0.425709444419994 0.355829796480373
-0.0420871321849791 -0.0450915815573045 -0.181387057310228 0.812886186456287
-0.00399205814062927 -0.085673386230509 -0.85279092371832 0.406548243881421
0.00517222160776542 -0.0302542609852281 -0.619645740237799 -0.200831634988104
-0.00147646056632395 -0.0103716514426469 -0.0535041680618955 0.067789293276149
-0.0408512359127579 0.0124730322454584 0.662337365221003 0.141868916963668
0.000369400283853828 0.0180393145620005 0.694037707669019 -0.582549075548544
0.0229939194099902 0.0043971992623247 -0.103241191021436 -0.867575733759819
0.0298458272690838 -0.0139208483080957 -0.579040823065806 -0.241923412785128
0.0108142491910228 -0.0248270468367994 -0.330294237467208 0.21258555356865
-0.0103897820343042 0.0047712175353989 0.0481173042292315 0.166160198918319
-0.0180148073303492 0.0105720580669397 0.18416026290497 -0.121299397011443
-0.017429207546233 -0.0032757767576177 -0.190778286959484 0.0959364756283496
-0.0125719499813324 0.0151870635825372 0.00706630704176267 -0.14954574911358
0.000197073211905183 0.0357857700955197 0.386508194298466 -0.133112633747355
-0.029300727919601 0.0111329803570576 0.430957343552519 0.357863484547539
-0.0403831805314185 -0.0362907869932474 -0.188161648045019 0.808301343905198
-0.00861033328445136 -0.0797360276010288 -0.855278842902698 0.396177954264552
-0.0104935730079057 -0.0359537551379034 -0.619461767247341 -0.198631548409969
-0.0196439795011019 -0.0197068200677789 -0.050761198087268 0.0765934469401708
-0.0550914342351686 0.0106533739287499 0.665513399288128 0.143196741291154
-0.00162237892190261 0.0255506532748223 0.688373293736987 -0.588003095684914
0.0272339277832765 0.0118886618844574 -0.107358166044361 -0.869929445529706
0.0286267243979551 -0.0089910569893831 -0.573392113522826 -0.238114434932501
0.00506088316246991 -0.0212731730773873 -0.318155074123903 0.215379952112532
-0.015348636798462 0.00483393177894504 0.0496334881944985 0.168509998738139
-0.0180347344563091 0.0139760241683128 0.181193894855008 -0.125949300011506
-0.0166025907686016 -0.00164599917525171 -0.192403537064748 0.0911172404681365
-0.0172344496353029 0.012427384963249 -0.000343428494080968 -0.149626547222434
-0.00430375144025411 0.0374999254086578 0.389268035800804 -0.134394378506904
-0.0310805775992039 0.0205857123592615 0.444014772678614 0.348386693515453
-0.0388268522457894 -0.0220413264569482 -0.168495934693569 0.805339982217884
-0.0152268574163033 -0.0712055130948975 -0.846258967215791 0.406354100045774
-0.0257919582489247 -0.0432558523682878 -0.621370587178165 -0.188164594644933
-0.0369469452652853 -0.0315203792939517 -0.055760148055828 0.080104336466142
-0.0683954486962425 0.00737464181386164 0.661567943167195 0.152928124615816
-0.00473253782719139 0.0350840320222544 0.697662550061113 -0.576606938520949
0.0298480815489486 0.0235148657938982 -0.0888412904331887 -0.873487293784703
0.0282385525277516 -0.000567430890605361 -0.562797956174398 -0.249123901165012
-0.0005681036926997 -0.0198992701405337 -0.315607533632591 0.214532614319835
-0.0187089773258487 0.00240805063599416 0.0463375337834963 0.170403702512311
-0.0176420983859498 0.0146166140860126 0.179768570169429 -0.128742612430586
-0.0161245804991032 -0.0027342377747377 -0.192307187235774 0.0895700670815119
-0.0192428448045396 0.00796087739831209 -0.00924279599576465 -0.151902604029506
-0.00728893837680048 0.0371026734329665 0.387117204658949 -0.144046250382197
-0.0327764143575974 0.0313110141197948 0.463657020657054 0.331864437413626
-0.0373712267089171 -0.00458188883012375 -0.129487408813549 0.805674662664782
-0.0233968063451597 -0.0617651954858052 -0.823828371588427 0.435882311903299
-0.0399365357480261 -0.0492792573973391 -0.630005014047732 -0.17139314310547
-0.05019197095043 -0.0434732087502749 -0.0672569326569904 0.0799488331402614
-0.080604108854047 0.00313504944015584 0.656243901598732 0.172384056404483
-0.00870662114356188 0.0461880914078789 0.723582667034477 -0.554581487960258
0.0332659625062466 0.0390259994976537 -0.0532128851435338 -0.885594683434787
0.0270949191756256 0.00835550164718201 -0.550008745846297 -0.269427400666486
-0.00500247315770766 -0.0205755121440587 -0.322469972625138 0.209474567539858
-0.0216118463718112 -0.0029561627773786 0.0395364086578744 0.169718484768472
-0.0179809051106487 0.0143101653310299 0.181227861550744 -0.130648726517294
-0.0287221705919176 -0.0142196369588803 -0.126278497494758 0.160793562216771
0.0030376287809613 -0.00619656382633559 -0.0754122464957092 -0.161995426395604
0.025174566074973 -0.00139037710687386 0.235046471101789 -0.291555948123367
-0.0136115988658917 0.0171257947386932 0.527181179530946 0.110329149539128
-0.0499689242040228 0.0077753392853729 0.261060773578946 0.775234566917809
-0.0494563134124758 -0.0610965250798295 -0.500590804496927 0.760397745317762
0.00356714951144586 -0.0433542229703303 -0.665883114431765 0.0926691326081157
0.0244922530790196 -0.0212175249466279 -0.105242137865148 0.0530196334173825
-0.0155994375062078 0.0103460272859619 0.644975130898956 0.0180288581376152
0.00478709478438642 0.0194114799399351 0.634755131340543 -0.655798621932322
0.0279639546400665 0.0176901286997611 -0.192513603033952 -0.848834125154242
0.0322744926087262 -0.0157390678478182 -0.625368209405626 -0.164561200940244
0.00927053544644752 -0.0491563963818575 -0.333794459540078 0.270574810225394
-0.00405691824044364 -0.0180289817300951 0.0533182222807855 0.140590261145323
-0.0199076005944255 -0.000549025850381898 0.164362381433495 -0.154637794373179
-0.0265456313057935 -0.0102712213934493 -0.126304803794004 0.159396333239399
0.00553059582412975 0.00108691615055193 -0.061253588608794 -0.159332450648965
0.0259753624610865 0.00363237760271599 0.254223836139521 -0.279809631674738
-0.0156011530847964 0.0114551828201124 0.521480811683673 0.14247385174614
-0.0551645569505648 -0.00609789001307986 0.205832371136583 0.799827118090287
-0.0462240028534598 -0.0717838837562902 -0.555544226487462 0.735738794010038
0.0106243745470941 -0.0402950696907381 -0.661356024909792 0.0643801686624317
0.0273638225171154 -0.0140788832253753 -0.0837328686782046 0.0577873209744158
-0.0116768931810292 0.0142544036034766 0.650588993394164 -0.0115588440805926
0.00497367642229443 0.0132938217403385 0.592268268235233 -0.689136319831012
0.0246422351901779 0.00614986678884058 -0.245319609229306 -0.831641097003869
0.0290404941150199 -0.0224217559579149 -0.629723126251484 -0.130208502774131
0.00804317861106562 -0.0449639068063576 -0.31424011466545 0.279660911277046
-0.00321967732613777 -0.0118296572260151 0.0645708468050103 0.139370042074306
-0.0194217273117076 0.00295083539728062 0.156498521525668 -0.155171928021154
-0.0244629269103767 -0.00612219832909183 -0.133112095917167 0.158965543842477
0.00422022710288517 0.00734987838167656 -0.0511454770410509 -0.157667142429731
0.0256760429714584 0.0113421860822829 0.277067352342462 -0.271060551258782
-0.0175388281124836 0.0086045643844226 0.517941415861173 0.169792643241704
-0.0569046382518756 -0.0170367228075395 0.153423531490958 0.815961194481778
-0.0426673159059371 -0.0773972753883 -0.606965333117951 0.70395552391641
0.00974771739851399 -0.0354308687645309 -0.659300553614848 0.0405823043837634
0.023213091945477 -0.0103212902661693 -0.0621413089498633 0.0639784201428406
-0.0150458004928964 0.0178917339933631 0.6584964152268 -0.0377641769669646
0.00490341603605404 0.0108903894214483 0.545011770320087 -0.72228398489306
0.0213696771076007 -0.0017580901180675 -0.300778999043863 -0.808974682841584
0.0275945734016294 -0.0255751457612517 -0.630315840026934 -0.0947604249968563
0.00745149660972552 -0.0389549744761839 -0.288410847693294 0.290250443293568
-0.00386617657193197 -0.00393206739500256 0.0779013780052149 0.140758598092196
-0.0171446362565057 0.00814244231369066 0.1517545261286 -0.158335607663253
-0.0217203380065807 -8.33705334900015E-05 -0.138293044231999 0.155210199648266
0.00141884200728767 0.0128044728450205 -0.0434534245469271 -0.153648846247776
0.0218091120851746 0.0183806431642212 0.297050529309509 -0.257615521429232
-0.0193369292863545 0.00886853850434242 0.515817247160047 0.19441374480173
-0.0562890338243029 -0.0219743248341149 0.109035810457189 0.825847402822728
-0.0402671172438435 -0.0781752626638076 -0.649029690809721 0.676865281119486
0.0032294704840217 -0.0324845046249428 -0.655032664060563 0.0211433550978242
0.0121758008158599 -0.00801475944270979 -0.0416261970129726 0.073145905869766
-0.0223331939230838 0.0206529167063163 0.664262474970182 -0.0580000907127628
0.00349918984926859 0.0108251026624294 0.503870159962969 -0.745139396977611
0.0223701102132134 -0.00555979235710398 -0.341208071589937 -0.792349038819422
0.0259140215315482 -0.0262755363662748 -0.625731741560604 -0.0692457064085512
0.00521066111844867 -0.0326952300281972 -0.265595068596174 0.297700200826353
-0.0061169220304064 0.00178844830692615 0.0866579826767772 0.141957791160268
-0.0164600408733617 0.0127760469927365 0.144477567015822 -0.161380956480404
-0.0192827775786013 0.00195191169663316 -0.146632004088371 0.151309657293027
-0.00340573294937772 0.0164060057702199 -0.0400376425913794 -0.149449047519028
0.0179234105444747 0.0256459086665421 0.313457735904318 -0.251054489822608
-0.0199658317122395 0.0136216221087732 0.517227423788069 0.206137067134164
-0.0534456679587879 -0.0204243702078495 0.0785246284749223 0.827766682557768
-0.0403886994223053 -0.0745540069115851 -0.675237283007382 0.654278151094747
-0.00927757737091156 -0.0310863694015019 -0.652362895101751 0.0107700508743322
-0.00471893223443403 -0.0088729647755125 -0.0279529481471651 0.0806188830394882
-0.0334338535903348 0.0238283697143288 0.667549202243912 -0.0705005204028824
0.00281450564516032 0.016036350169856 0.479149082512784 -0.756723099422965
0.0252550697958204 -0.0038410775006389 -0.366560246804919 -0.780605300917858
0.0257280822313629 -0.0230181072774221 -0.618382205417251 -0.0532405854622165
0.0030291836960035 -0.0264566456156718 -0.247971506074916 0.301049395027421
-0.00963035699241933 0.00619213020848337 0.0947492574048538 0.143843094879918
-0.0145962121623858 0.0171005850950302 0.139119050188801 -0.164531852544979
-0.0177922537821506 0.00493670117911748 -0.151605103118463 0.147490304127948
-0.00771691133391318 0.0181069516650341 -0.0407019393602656 -0.145904641465411
0.0131769613051936 0.0303883539218748 0.32416476289373 -0.245123052543417
-0.0198901080906164 0.0223067305028509 0.521533875435726 0.207472773800696
-0.0484955070324497 -0.0127086221238518 0.0700774327467591 0.823908638456857
-0.0432673399073974 -0.0675578636079864 -0.681114577922476 0.645283706721517
-0.0261118747671125 -0.0325836904450496 -0.649347649379977 0.0131956543293938
-0.0240161660476136 -0.0119403102329133 -0.0225476396766555 0.0888383380329299
-0.0471589212613629 0.0271465720239498 0.669946772689073 -0.0699240500774829
0.00246009133912887 0.0229842791860036 0.472268719034905 -0.761523674559814
0.0311498253713065 0.00230946074451587 -0.37276071793116 -0.779890979832094
0.0263007322394955 -0.0169984506921501 -0.610956177980484 -0.0525317538399868
-0.00103435925873892 -0.0212548803081796 -0.234947297522236 0.302301662967337
-0.013678241261947 0.00752126565840554 0.0965983041297005 0.145767690546705
-0.0138581500119187 0.0202695066204329 0.134969332918684 -0.168212434291804
-0.015962354131281 0.00632947599072385 -0.154395370502307 0.144747949686174
-0.012171103029583 0.0175621648743876 -0.0457922952363259 -0.14470441749031
0.00852341455618429 0.0343760289387651 0.3264887442875 -0.247876473095882
-0.0197322791401367 0.0314115186303778 0.532442981405522 0.193307929441758
-0.042888627597039 -8.01689251128529E-05 0.0884169132304181 0.815993169702783
-0.0475553062545794 -0.0563031595880561 -0.667622070881874 0.651625683308259
-0.0438957453911812 -0.0326480349565649 -0.649063445193303 0.0253011241321861
-0.0439073126223149 -0.0173892410703839 -0.0254058724390969 0.0941147940845921
-0.0610435446803475 0.028599582808526 0.670983891904725 -0.0594697786627315
0.00287121211305842 0.0339239029565671 0.486011158696183 -0.754857884321314
0.0381626168305221 0.0119643643891055 -0.357976366075694 -0.790548715845222
0.0276225332137222 -0.00959041559230406 -0.605081923772015 -0.0636917617583494
-0.00518400215215044 -0.0179470985996056 -0.2339217307651 0.300452285638763
-0.0181745899930399 0.00658951343277007 0.0954277606039284 0.147709959468985
-0.013445469360867 0.0202056614261108 0.133159661032764 -0.170346037696837
-0.0166368592122655 0.00507624545015188 -0.155281630601757 0.144111288897403
-0.0166510775098218 0.0142172618914391 -0.0558383635333496 -0.143844011858556
0.00549504907843827 0.0334309981708903 0.319939469354955 -0.256780742407441
-0.0169618551752227 0.0420052510969861 0.543922357629834 0.171779957979522
-0.0366638764600829 0.014979137457625 0.123367756091451 0.803697188423705
-0.0521570650340821 -0.045880397984889 -0.639587610596011 0.675122180156651
-0.058425850114668 -0.035163251286886 -0.651640748462043 0.0440743120263797
-0.0600493418910698 -0.0251580064173552 -0.0359850211362762 0.0955922214370597
-0.0743171789924599 0.0272820501350699 0.670742773409394 -0.0406210260308231
0.00251392340726193 0.0452076062090339 0.516584856451996 -0.743086845203574
0.0457331275353124 0.0248973862920099 -0.32744597086965 -0.811655651242668
0.0300967529418126 -0.00123066415438887 -0.600917551645449 -0.0893408686357955
-0.00971727493166584 -0.0171304670078376 -0.2418420534312 0.296776406389741
-0.0219908065940999 0.00234624998859491 0.0880935732334107 0.150096811321355
-0.0136153656593379 0.0205083819448658 0.133691581027404 -0.173592942332873
-0.0282745920909727 -0.013526215354717 -0.12414334452316 0.159562358291864
0.00297388084863418 -0.00533350038533586 -0.0760113445850683 -0.160534584601357
0.0244956612737701 -0.000470318416374158 0.232405878296331 -0.292049251197472
-0.0124543048612826 0.0175138497959824 0.526303045709365 0.105537374662502
-0.0492997717472387 0.00738239432077689 0.265100525819257 0.771250230403031
-0.0496940042180088 -0.0610376835676153 -0.4942947784763 0.761543070932179
0.0033829408184109 -0.0432908331099993 -0.663960637498385 0.0965665453828937
0.02395589921274 -0.0209700880345513 -0.104591122788547 0.0537510490379915
-0.015038284089717 0.0107159602337677 0.643687713799876 0.0123392820227984
0.00531825056112874 0.0194066861623608 0.626859672242453 -0.657405563146832
0.0271324806557892 0.0174831377884446 -0.199403807630739 -0.843022827042391
0.0323321671796002 -0.0155764227219024 -0.624638755557702 -0.157945006990826
0.0074020118281097 -0.0486014839088063 -0.330438376871377 0.27299503013221
-0.00459623582689151 -0.018570974411356 0.0530044070969604 0.139678204924765
-0.0202084544067427 0.000218103270158117 0.162389834463371 -0.154231937332192
-0.0259893992601921 -0.00975725922969625 -0.125487060258569 0.15965954458648
0.00557411026834536 0.00136471656545807 -0.0633152217217238 -0.159298196994188
0.0262050713235157 0.00403550135269686 0.251897880268653 -0.28001446545679
-0.0157817945346177 0.0116043345600008 0.520652997570773 0.136776238295403
-0.0545119725743497 -0.00682716855617763 0.211435612459311 0.795800671016338
-0.045723839754494 -0.0707512666600892 -0.548315487576578 0.735569192342618
0.0103563423240609 -0.0389847428133284 -0.661800164081377 0.0671138370636774
0.0272704590835125 -0.0144459251051734 -0.0835473836080206 0.0579839895464294
-0.0122653848464378 0.014712966694301 0.651014166395577 -0.0156381624296701
0.00459000898052939 0.0133907210171645 0.5836761002504 -0.691447259362058
0.0234806330891544 0.0048037412784691 -0.252924221215754 -0.825816814959537
0.0295811202384164 -0.0222415737744957 -0.628991601335554 -0.124150023154139
0.00759441172435717 -0.0450404953002755 -0.310026651385983 0.282351846236008
-0.0032948360010715 -0.0111212120972602 0.0651280973454184 0.138382396330319
-0.0189699090514131 0.00377715121919911 0.154430735902324 -0.154980056373966
-0.0232601316884235 -0.00535884756360179 -0.131598045440465 0.157811821860174
0.00390430964624697 0.00754111304062142 -0.0531438138928952 -0.157051887911171
0.0256750039546675 0.0113899086425971 0.273693005580675 -0.271017790854046
-0.0179755577307207 0.008675655166602 0.517550960101339 0.165596760771874
-0.0570387326549543 -0.0167126521895252 0.159813293375383 0.812289011978113
-0.0425532264661162 -0.0767950274613521 -0.600525090640179 0.705225265529841
0.00948076547619428 -0.0355913803505295 -0.658186185040208 0.0431568290644045
0.0235152054828125 -0.0098596770749081 -0.0611887720026009 0.0644472251433526
-0.014432691676665 0.0174885592345807 0.656870583007994 -0.041607882604796
0.0049966656513126 0.0106324786590101 0.536871281707294 -0.722804902262638
0.0211243233461473 -0.00164723470650782 -0.306643883102319 -0.802563086480951
0.0278312708555158 -0.0260811953673567 -0.628944504786426 -0.087536555020447
0.00655739980241492 -0.0395128071078469 -0.286749420040965 0.293784247927926
-0.00451117895516033 -0.00404211054166301 0.0781489311470305 0.139722559766637
-0.0176926145356654 0.00770027291719534 0.149804007144722 -0.157421574201305
-0.0203225904314711 -0.000478995047708888 -0.137784092429321 0.155123474781514
0.00181358800786637 0.0129803385817398 -0.045133423597102 -0.153023495714008
0.022355213727232 0.0184781140870073 0.294378488493415 -0.258714840559615
-0.0196928912739602 0.00957222375721527 0.516122079321726 0.190316191417152
-0.0557912443315326 -0.0217290768576642 0.115488150874882 0.822258404464167
-0.0401183339493294 -0.0766697653583988 -0.639216559582217 0.678276492423135
0.00355403272435395 -0.0317594941222565 -0.653202409868211 0.0245985193259619
0.0118298613147087 -0.00793329312084816 -0.0409371990007268 0.072975295412746
-0.0217633055272471 0.0210481395783294 0.661350160178037 -0.0626561681184191
0.00360115877818904 0.0113045837059379 0.496967477417018 -0.744840795482528
0.0225006667323717 -0.00540725927371768 -0.345950150254848 -0.785167365371536
0.0255809597714159 -0.0264017936634823 -0.624523241877355 -0.0627869464188616
0.00471833625211976 -0.0329996499499837 -0.262060383937097 0.299841545159352
-0.00629626668286141 0.00204115242388105 0.0881238774171779 0.141186407221645
-0.0157877598784183 0.0125034149302032 0.142686301573091 -0.161158939059143
-0.0190290355613818 0.00268978552318801 -0.144890258221522 0.15147839035326
-0.00308988159434123 0.0165326569341088 -0.0414930385012103 -0.149224114266476
0.01763563709039 0.0262223414653971 0.310764274814948 -0.251221824953233
-0.0202821123761072 0.0145098508064621 0.518435703384389 0.201756151186456
-0.0531609507843489 -0.0208727682447506 0.0847410289795447 0.825782220910707
-0.0405247908839789 -0.0738175271120766 -0.666927648668278 0.656066724359569
-0.00973522484120707 -0.0305001908729956 -0.648779836505197 0.0143480294601328
-0.00462904237089896 -0.00862447320930037 -0.0278340050989203 0.0821161700560497
-0.0331526776724131 0.0242219662192344 0.665325834131474 -0.073639726227375
0.00251205941830389 0.0161568475663271 0.470673799345634 -0.758429814026163
0.025482558841878 -0.00461518949025773 -0.372385770659086 -0.773878320293303
0.0250876561660562 -0.0234354379150468 -0.61808347940936 -0.0461143189218179
0.0018060972051064 -0.0259402092813417 -0.243860187046856 0.303312369472507
-0.00981922803699008 0.00655365650781507 0.0957122031928638 0.142958537353975
-0.0141970823775974 0.017362427716724 0.137553752942002 -0.164711140238738
-0.0167099828076879 0.00496140930273212 -0.149649682349563 0.147281486169188
-0.00724858807004091 0.0184952243106162 -0.0421758626090156 -0.14641382078288
0.0130306852728949 0.0306253805618613 0.321624453848652 -0.246442071098094
-0.0201556114107963 0.0219213624480251 0.522340192855217 0.203021128281319
-0.0479768508109713 -0.0127230857297933 0.0773290485702342 0.820601507255583
-0.0423867542050428 -0.066568319577163 -0.674556115154682 0.647826729461628
-0.0258878743209632 -0.0310813551437724 -0.646760380104131 0.0166091636089769
-0.0238851075509742 -0.0111643839825017 -0.0210244416759537 0.0882930316524283
-0.0466125623453416 0.0275321548949284 0.665665613439863 -0.0747044583613984
0.00349413698765199 0.0232613120559341 0.464232249508509 -0.762633662364451
0.0311258024678183 0.00175351571265462 -0.377371423216726 -0.772710634005647
0.0258196248929366 -0.0176046697097663 -0.609912480515275 -0.0442816164904701
-0.00214065052831228 -0.0205379130758963 -0.232198235600028 0.304843133582565
-0.0139655558967007 0.007494156887309 0.0967685659957666 0.145372357069025
-0.0131214131632225 0.0198204468317944 0.133474985401584 -0.16816040734777
-0.0164560095664779 0.00561411871932975 -0.152545962417545 0.144239828831483
-0.012225225806301 0.0178950531248501 -0.0479551163900503 -0.143824236140548
0.00886104453294166 0.0345725718170278 0.325590688165039 -0.248900288676887
-0.0181951835838989 0.0322756368136757 0.533349581218966 0.189551445250921
-0.0428043338363059 -0.000812698624315183 0.0939003518189775 0.812024287937942
-0.0471002855802545 -0.0561747191793498 -0.661813608072671 0.653804243621573
-0.0430011098761259 -0.0329335854830661 -0.646165030953417 0.0281247172549728
-0.043170783146093 -0.0173820435345754 -0.0236570611018479 0.0938557807672601
-0.0612162679628325 0.0286789894801019 0.668762563113988 -0.0623354724753941
0.00317184932607326 0.033342364968073 0.475777930069228 -0.755673483616718
0.03767682975219 0.0119737990430972 -0.363218987828584 -0.782809223776013
0.026768117765517 -0.00981146782702853 -0.602706849009308 -0.0579499477496429
-0.00656880378884946 -0.0178595227188106 -0.231220547789358 0.304149245985168
-0.0183495755284055 0.00655787331386313 0.0956212890390519 0.147025351248388
-0.0135216539980867 0.0211248584550668 0.131405675831478 -0.169761641057488
-0.0162291714690035 0.00486489354429374 -0.154089905496597 0.142946833178114
-0.015698713428239 0.0141482890940175 -0.0572215420315737 -0.142953416985017
0.0066685007564155 0.0337709170391102 0.318073686099768 -0.257612144970943
-0.0161068821692692 0.0416880768111771 0.544058300109059 0.167313182656102
-0.0364460816733935 0.0145414790556394 0.129531904596224 0.801035607060506
-0.051796718666035 -0.0449414764836513 -0.630920936814885 0.675841992205448
-0.0582141749446612 -0.0339682700902997 -0.648603501143961 0.0473621290265447
-0.0600838933822676 -0.023898962872426 -0.0349454585684428 0.0967024628307484
-0.074346840611293 0.0289072587875224 0.668514756364007 -0.0429322575962834
0.00231634323547343 0.0444567387334946 0.507556171292449 -0.7430780151528
0.0458054534648631 0.0249520330876653 -0.332936840860877 -0.80496670923556
0.028964984079566 -0.00134916657891389 -0.60004014594957 -0.0818253626647336
-0.0114394545089244 -0.0173757620284786 -0.239255870028034 0.298656531539093
-0.0226920594629811 0.00288822491623111 0.0877913693632143 0.14986242025711
-0.0125324892998473 0.02038496672555 0.131224180165806 -0.17281116372866
-0.0277460702498928 -0.013127845563154 -0.123999404190237 0.159645601934833
0.0036426678762563 -0.00459493650646034 -0.0788500394448023 -0.160340787782976
0.0241952675088348 -0.00137164038913053 0.229067236322828 -0.29083264973182
-0.0131345360913485 0.018181631434669 0.525402770892433 0.101817425479824
-0.0486830158878119 0.00720790438395287 0.269354726274855 0.767515956012855
-0.0492598353633227 -0.0602325822113661 -0.48843641876081 0.760541628837489
0.00426993120554022 -0.0426483781991285 -0.660243717394485 0.0991806931400303
0.0238374025191346 -0.0209744449335022 -0.1046939130186 0.054046087943627
-0.0153380410430246 0.0110133655867591 0.640575977511895 0.00890000223973291
0.00549049744323223 0.019373444524965 0.622111016535369 -0.658226245207206
0.0274120212646396 0.016996880117809 -0.206493209256161 -0.839030210608859
0.032259236782637 -0.0168345914835029 -0.623796265538592 -0.152726791585052
0.0068772355037758 -0.0489648117031923 -0.326848853575657 0.27620764984314
-0.00535133113697404 -0.0180263349447229 0.0530695664956089 0.140454153020138
-0.019502832384166 0.000576644236671219 0.1609748951398 -0.153738112935543
-0.0260526426191028 -0.00991024741196002 -0.124235366297206 0.158699292229979
0.00501076027565489 0.00274159057443197 -0.0648419288789407 -0.158479697753829
0.0257129381126388 0.0038172631664012 0.249393562164019 -0.280000657477904
-0.0159053748734034 0.0120857210058103 0.520646246475837 0.134054542539369
-0.0550907086146624 -0.00655030625815374 0.215823412451952 0.792357224931408
-0.0461218232117401 -0.069838268242247 -0.543387140298202 0.735826470079903
0.0104733836419983 -0.0379794154856486 -0.658836596584795 0.0706141741679256
0.0275059485171659 -0.014362218540605 -0.0827500863488357 0.0584454280832463
-0.0117085091494431 0.0143386940766226 0.646171337466813 -0.0184602763483858
0.00424929121646396 0.0131406124118482 0.577266337467986 -0.692050403964953
0.0241216327125984 0.00577615874105526 -0.258148495467151 -0.820323270168609
0.0293514644610516 -0.022407482809602 -0.62741417917752 -0.11712401881234
0.00649962146979364 -0.0456562328812388 -0.308130941097761 0.286270375317432
-0.00383526666512515 -0.0112029148026595 0.0650318495576716 0.138483283851774
-0.0187142534463293 0.00344842347427256 0.153159189262616 -0.155117464248246
-0.0232303184611422 -0.00545974943672557 -0.130759013344935 0.157814444021152
0.00424132975014873 0.00787090868661913 -0.0547201312908727 -0.155979447440069
0.0253931266881904 0.0113708607568773 0.270844874265983 -0.270051050233271
-0.0184923556126143 0.00966963761378452 0.519028140394081 0.162700009553898
-0.056099201976289 -0.0169189631411563 0.164350757021977 0.808657639417238
-0.0417611640192845 -0.0754947011002407 -0.593812112053407 0.704342257531905
0.010784041918412 -0.0342402164315463 -0.654908411288352 0.0458728194165052
0.0239924735126867 -0.00948089667793285 -0.0601588698609167 0.0652355171829765
-0.0145775937750362 0.0178194055033816 0.654218117776946 -0.0456038300918531
0.00401682479332355 0.0103888314765887 0.530707844380335 -0.722415936791205
0.0222188384157889 -0.00190618458883036 -0.311953717239073 -0.79709790692049
0.0270808100479023 -0.0256574742956678 -0.627450948431183 -0.0836816553199993
0.00614894593820887 -0.0393969070061338 -0.283313781869031 0.295079700670188
-0.00467207324721243 -0.00375183460983008 0.0784059372137754 0.139254124404135
-0.0169862891192467 0.00825426828451112 0.148723801510544 -0.157417473109919
-0.0197410028524789 -0.000492318773445157 -0.135898566955116 0.154295641535947
0.00197483571866461 0.0145496623214888 -0.0468632177724836 -0.152517048094722
0.0220993702558383 0.0188265692496421 0.291896259191184 -0.259918379720442
-0.0193652251573828 0.00993267524157006 0.517398394483367 0.185889223700635
-0.0558636514089031 -0.0218438438149681 0.119429133333743 0.819274294855745
-0.0401722151449023 -0.0766668889778848 -0.634684620403572 0.67970723545761
0.00358769182101686 -0.031236496614629 -0.651660340338767 0.02789688742575
0.0122616764253053 -0.00722383979160263 -0.0408449766525644 0.0734558129073257
-0.0219648231893183 0.0208929510747258 0.658785870889082 -0.0653266387833763
0.00321144036886823 0.0104281308251772 0.489896767301583 -0.745269710897734
0.0223458166859139 -0.0054387112585273 -0.352506484900783 -0.778383818139568
0.0260062137118786 -0.0259980510658814 -0.624503486533229 -0.0566077117074278
0.00378353409115459 -0.0332026752538712 -0.260513321747913 0.302693266856387
-0.00684583325403274 0.00211629250080795 0.0883867262951092 0.14057453339335
-0.0148902708018787 0.0131691796699567 0.141343643571986 -0.161176041310082
-0.0182359544213554 0.00252305640485961 -0.143554167855289 0.150596394587615
-0.00247800141514265 0.0170497821465709 -0.0430489767309545 -0.148869956472639
0.0175449611253546 0.025674260194536 0.308141619084014 -0.251226813700037
-0.0210050509527252 0.015370601261506 0.518390372156961 0.199159030704958
-0.0526851653327902 -0.0206652534145109 0.0904370848626746 0.823081940579494
-0.039724171083706 -0.0725010646076369 -0.660910297122442 0.656623916242657
-0.00907806109369878 -0.0298936593214779 -0.646227702726607 0.0195353478079162
-0.00487194590776632 -0.00790262014657768 -0.0267714175875902 0.0814629162642398
-0.0331309032160524 0.0244324232558083 0.662587086830473 -0.0759741735516409
0.00299093105527628 0.0155092081039407 0.463779112275894 -0.758652840564979
0.0251590981148969 -0.00439006388090638 -0.37708817808923 -0.76743138690051
0.0252259599825807 -0.0235958182900115 -0.616972326678061 -0.0415739963678624
0.00125659597308555 -0.0259480976636872 -0.241274991458063 0.305741671388698
-0.0101215741702394 0.00665454264756578 0.0947375384365773 0.142862003841568
-0.0128489684553825 0.0167670202239831 0.136274452437833 -0.164045717258303
-0.0162389637880265 0.00528555112371712 -0.148376908247032 0.147173397415931
-0.00673801624644625 0.0189373797177935 -0.0439784674712668 -0.145648805020072
0.0131758398346383 0.0319153332451265 0.318649185521376 -0.247135620264291
-0.0203447412216605 0.022837328776132 0.523218472761552 0.201239915022635
-0.0479549524983241 -0.01283457097341 0.0819479002969301 0.819871470451651
-0.04278770700155 -0.0656436259051903 -0.666886199415719 0.648964551738944
-0.0253218126702725 -0.0296542423274523 -0.643893324548449 0.0197802698219611
-0.0235218988488448 -0.0111346862842713 -0.0210235341973771 0.0884088487872875
-0.046596619888014 0.0283344933332134 0.664907147334169 -0.0777384663664309
0.00267020967119164 0.0230011106301943 0.456492016311243 -0.761057130714235
0.0313950539234375 0.00131381204631105 -0.380695346929093 -0.767392390655117
0.0264409933877102 -0.0182994316603362 -0.609147686167456 -0.0402898570919826
-0.00213119187772613 -0.0201251324581353 -0.229897175211979 0.30516512363823
-0.0145135958783798 0.00826225176748664 0.0977985762348749 0.144395994869725
-0.0130368936533896 0.0200537635128785 0.131665403976829 -0.166929181042864
-0.0155834317222957 0.00544126537005804 -0.151927152374574 0.143579581259859
-0.0114868587197981 0.0179847159260091 -0.0494957615690942 -0.142951405939257
0.00939849245963028 0.0344423515027699 0.322088003166936 -0.250308062237927
-0.0186845932683377 0.0319515310939452 0.532528049393282 0.186504656335833
-0.0423832173628897 9.63348417354834E-05 0.0991192431088535 0.811223335844805
-0.0473864049999691 -0.0553694920259289 -0.6556750680556 0.655672946912643
-0.0424154747876721 -0.0320328304517642 -0.644394967336655 0.0318870854954379
-0.0434544178278593 -0.0165487200131557 -0.0236956631273283 0.0939733266912492
-0.0605583402876241 0.0293405047926785 0.666668430275807 -0.0667185160702192
0.00283563214091457 0.0339657986567919 0.470500409854569 -0.755337612714518
0.0387469584807466 0.0109909082282679 -0.368645613206094 -0.77824977145502
0.0279122914412341 -0.00975246939967438 -0.602548943314852 -0.053906947251152
-0.00664720855832134 -0.0175478197857844 -0.227218206458468 0.30407826707235
-0.0180406110855265 0.00663635181701179 0.0952064385276568 0.146215335379965
-0.0122804537269129 0.0211141884328404 0.130635980220332 -0.169632585704203
-0.0159601962736386 0.00489880427584217 -0.152714431860189 0.143076894029125
-0.015422394432736 0.0155474374366774 -0.0582960080636236 -0.142255821774613
0.00683109907068631 0.0340104058256016 0.314229577151907 -0.257425223732113
-0.0163293136325673 0.0420226007783029 0.543967362364212 0.163325144541629
-0.0353336125258668 0.0143591211121221 0.134702263608383 0.797917885052585
-0.0516024686865507 -0.0440932248703655 -0.626452525177881 0.674546962272806
-0.0579319568496109 -0.0332874505607957 -0.646437308422274 0.0504213075274305
-0.0600515710602801 -0.0231457419462409 -0.0343128660552746 0.0974277061662085
-0.07383882167602 0.0291328177068411 0.666742224145876 -0.0460898359135408
0.00248972418585834 0.0443310895945868 0.499757018635458 -0.743362422199639
0.0454890965337977 0.0242338563197391 -0.338073620022189 -0.798461552511733
0.0299750348542798 -0.00138398502762819 -0.598630962280944 -0.0766019895494015
-0.0111044047951905 -0.0172301779536855 -0.236249820138742 0.300944933555835
-0.0231051549311843 0.0032378467437324 0.0878509067282519 0.148889856501878
-0.0124743653487446 0.0203841381755613 0.130664456696479 -0.172530367820897
-0.0273648952983605 -0.0124664808875572 -0.122169439857878 0.157710515960044
0.00347289138237835 -0.00385024462557725 -0.0798405378499908 -0.160163000272436
0.0235035921029924 0.00024521282265217 0.227458062876466 -0.291652480729796
-0.0130718159600911 0.0178393596621807 0.52569214946991 0.0989651932009568
-0.0482200326684276 0.00677324685046343 0.271117590927697 0.764836596110575
-0.0490065639675494 -0.0595397267286501 -0.484534168446973 0.758219585315848
0.00369698957806716 -0.0414950068716626 -0.659128032893003 0.100423899181845
0.0244460465005187 -0.0207626701696135 -0.104049609173584 0.054720931938777
-0.0145630054103164 0.0111019413921309 0.638092077791481 0.00664612374500671
0.00527719295435735 0.0194393718246567 0.614297330683603 -0.657928808503385
0.0272645038426095 0.0168173427158671 -0.209257179203652 -0.83492901740156
0.0319004116025435 -0.016788783790824 -0.623301226168118 -0.146466677266981
0.00648031571772093 -0.0488889782036144 -0.325595873486799 0.277859588851706
-0.00569026782287006 -0.0171253531282041 0.053572478519849 0.139600221585962
-0.0199479503448184 0.00056896757058498 0.159742554327442 -0.153137161213262
-0.0250300794966166 -0.00934852215615968 -0.123732345110795 0.157642219050942
0.0058675053451103 0.00240869278623723 -0.0670911644728623 -0.158441939382626
0.0257060789957231 0.00471689137783259 0.246827728768228 -0.280515007304281
-0.0162707063045171 0.0132571602533758 0.520777615225166 0.130193652125667
-0.0541429440497458 -0.00703340147236812 0.218578864873895 0.789751340298017
-0.0458556291096051 -0.0697133403955709 -0.536625924731918 0.735962904977444
0.0103023490872728 -0.0379316373159165 -0.657995793214821 0.0744827640465218
0.0274217288063532 -0.0138694773368628 -0.082008797594969 0.0595186844113149
-0.0117336653678261 0.0145629530678437 0.645708468238097 -0.0220456616505592
0.00560759191112215 0.0131986828394391 0.57066618631932 -0.69301874739722
0.0242905583314823 0.00582624140268121 -0.263728877618981 -0.817352098978848
0.0288889940727649 -0.0227691899019201 -0.626766614293961 -0.111334272093624
0.00563093226953405 -0.0452673277399216 -0.304780068422668 0.287352988446044
-0.0039498826462663 -0.0104424371790731 0.0648863484138928 0.13873600009242
-0.0177533075116694 0.0038342735605871 0.15181681551023 -0.154376331848309
-0.022513494775694 -0.00609818275484842 -0.129924286433711 0.157382365423412
0.00430533627013193 0.00871715060912985 -0.056411389925057 -0.155994197722475
0.0255090365080036 0.0116811359514392 0.268260621291954 -0.272584360674618
-0.0180385984348883 0.0101362946267911 0.518531823563284 0.159232829093681
-0.0554020501465015 -0.016669250251462 0.168639541846841 0.807101852411978
-0.0421941074056748 -0.0755646927524095 -0.588828129613228 0.705757440759617
0.0101746250034878 -0.0331802868136999 -0.653415191172506 0.0483095202458871
0.0233393790201285 -0.00932581043421908 -0.059582060076388 0.0661033411883269
-0.0150865638286353 0.0189929167786812 0.652670153349007 -0.0474200875970267
0.00406147003488701 0.01080764492622 0.524217723702679 -0.722922202866907
0.0223308231429176 -0.0023595221166874 -0.316640706627128 -0.793643107527543
0.0272512795189928 -0.0264982978101115 -0.626800099611474 -0.0797726481267327
0.00542268370997692 -0.039215227478853 -0.281139991145235 0.29648959644832
-0.00567843830323271 -0.00381443561468881 0.0785657381298293 0.139702011304375
-0.0166552289663836 0.00892129017119948 0.147194543250016 -0.157109648258483
-0.0195215422659853 -0.000867451869361342 -0.136151864093759 0.154098347234147
0.00174968864775979 0.0144335513347547 -0.0483541986706435 -0.152549879716237
0.0217975151861316 0.0184592883776607 0.289790631706184 -0.259821349287563
-0.0202346257016988 0.0110036629946283 0.517752079153013 0.184078195769566
-0.055714490880625 -0.0212069123084369 0.124353118827917 0.817350625986673
-0.0400415180804207 -0.0764531459111979 -0.628507819400913 0.680244276651787
0.00420596401328238 -0.0303837178660785 -0.649736096584327 0.0317238608845225
0.0119387821713944 -0.0067962852895726 -0.039720703617297 0.0736628638221812
-0.021788021768245 0.0217047336526745 0.657472640118442 -0.0687092725285761
0.003327743934014 0.0105811709453869 0.484360949262481 -0.746505860628555
0.0223900783371721 -0.00557955867671987 -0.357015159485299 -0.7750565137496
0.0258233518505312 -0.0270496781223396 -0.622500534242332 -0.052312055866688
0.00372015406817975 -0.0330770819133539 -0.257034451237015 0.30320840448901
-0.00677461194927883 0.00216307528445443 0.0884371828126528 0.140122908241526
-0.0147465708355874 0.0136361247804895 0.140637225397909 -0.160072267834322
-0.01762979076639 0.00244221554361127 -0.142514905968999 0.149405405459616
-0.00258448822525488 0.0176929059878414 -0.0452888877344633 -0.148574167137328
0.0184055636733593 0.0256179345066435 0.306349319204048 -0.252533331959842
-0.0206544771905604 0.0160791923781633 0.520853644583496 0.195302242432811
-0.0531464831745255 -0.0209690140539021 0.0945731265041754 0.82165510459472
-0.0398897444709243 -0.072375777674404 -0.65650692952104 0.657711743603487
-0.00884208439408327 -0.0283431083933305 -0.643984234379917 0.020749739619543
-0.00385632740803529 -0.00773663067597615 -0.0260530684291569 0.0818197572339038
-0.0325379954090579 0.0256381793448416 0.659792341768296 -0.0798529553302922
0.00276745254187097 0.0155730791626572 0.457932055531755 -0.758410888211611
0.0257966196562564 -0.00442746522462619 -0.382714817704024 -0.763550816591481
0.0253772439590159 -0.0239513815702408 -0.615090306410354 -0.0374014852847482
0.000694214911311682 -0.0266288912060554 -0.238314559851453 0.306741661025334
-0.0103149543207539 0.00660762836598265 0.0954250607566232 0.141937344212637
-0.0139077200466429 0.0172542443010134 0.135514908506008 -0.163241015403902
-0.0157606689997681 0.00461188212611008 -0.147308135150527 0.146456957222039
-0.00645380523112722 0.0192001363061811 -0.0449211618704781 -0.145485357404006
0.0132434367040157 0.0304002099380764 0.317640660297624 -0.249212236971016
-0.0214630662190244 0.0232105968695439 0.52437715958574 0.196977002574643
-0.0475914920793585 -0.0138329070575263 0.0866707961502022 0.819065628057475
-0.0421118870816231 -0.0646510914276652 -0.662388444372675 0.647225201031742
-0.0252249870155118 -0.0295929887962247 -0.642839276960412 0.0232494800576657
-0.0233899729578647 -0.0105350014548307 -0.0199722232855078 0.0891768045117873
-0.0459596026298568 0.0288432246928675 0.662234970115169 -0.0807010132413491
0.00278216600328681 0.0234036423637403 0.449564134772782 -0.762847632124142
0.0305997471250564 0.000820070438357062 -0.385471154417751 -0.763113867051366
0.0259880814452027 -0.0186115544107112 -0.606760939689142 -0.035155044936631
-0.00361221549309997 -0.0205558956865844 -0.227253504956911 0.308105151422228
-0.0141263821822691 0.00839629989626445 0.0979827328421253 0.144422034123042
-0.0122130498333419 0.0201753252544565 0.131329480530208 -0.166281189016143
-0.0156025003897412 0.00534094218449186 -0.150497793223911 0.143451893514651
-0.0111346043628306 0.018489061212498 -0.0514016498704298 -0.14307506547238
0.00995214631595109 0.0344610603793366 0.318743514557779 -0.251513681224701
-0.0190073371698352 0.0327089513927003 0.533388063372912 0.1836185747488
-0.0423095289811071 -0.000424490287083192 0.103738885098562 0.808436436428519
-0.0470668731189891 -0.0550696902358402 -0.651831498768434 0.656370764170948
-0.0428793498180444 -0.0305378166901097 -0.642516088792452 0.0348668203336195
-0.043224093526799 -0.0165991782177243 -0.0233402671739006 0.0939003879953002
-0.0600786389286064 0.0299464031416858 0.664806742149544 -0.0691835038087727
0.00329476396789714 0.0334147004001478 0.464249796717288 -0.756821308370096
0.0384091634658649 0.0103909726141142 -0.373555867966506 -0.773150184672107
0.0273315551891471 -0.0104354908927225 -0.60134276890209 -0.0484886266353448
-0.00770846298297179 -0.0183995288108384 -0.225686294465409 0.30501934069348
-0.0184545943743708 0.00762234150217114 0.0954323509044571 0.146628794305215
-0.0127547340678833 0.0211725485825955 0.128890997648288 -0.168488157952891
-0.0152758001540107 0.00455132482906695 -0.151791673869308 0.142705789200566
-0.0147924952416725 0.0161370209839 -0.0600599230623474 -0.141403447709761
0.0063861223179741 0.0348126570133896 0.314525905563045 -0.257289108925022
-0.01633943661158 0.0427338625261992 0.544393867252367 0.161185226317387
-0.0352187792620392 0.014060535651849 0.139089030902254 0.796201782779325
-0.0516423456741658 -0.0436350029598431 -0.620577209131098 0.676201457641824
-0.0579454659653501 -0.0318834248507611 -0.644799458521208 0.0523532024050342
-0.0595491990024164 -0.0227091655455069 -0.0341411999779111 0.0965568524319767
-0.0733182618729653 0.0293227832662673 0.664901777703439 -0.0504183030055468
0.00286492702827324 0.0444188798487633 0.494489654773375 -0.744260932030952
0.0453080982167002 0.0233985658625304 -0.3428983126744 -0.792889231540277
0.0289247521238253 -0.00198221961517742 -0.597718083864314 -0.0714086642465499
-0.0110141561104098 -0.0174277666374715 -0.233618648774665 0.301068390688021
-0.0230755305816914 0.00361936634140051 0.0885245292088378 0.148842143403514
-0.0123282658735061 0.0209331428779653 0.129069166609244 -0.171141395103205
-0.0268434025914913 -0.0131206746171507 -0.122637171742431 0.158462820536594
0.00343192182624631 -0.00384561378415236 -0.0819058244468851 -0.159455608320927
0.0243796157958822 -0.000456014683484166 0.225048076740044 -0.292003053985051
-0.0130864262767802 0.0193753574440422 0.526419165595025 0.0959280463305918
-0.047765500238961 0.00669138231725706 0.276606722735255 0.762174251336407
-0.0490246952902173 -0.0590156562471316 -0.478281791378883 0.758155344923959
0.00442025100395321 -0.0404200893492813 -0.656719230058848 0.103921144474265
0.0232485632256347 -0.0207317191279894 -0.103346805902756 0.0554552279553402
-0.0147306573527884 0.0114163851530621 0.637472693562457 0.00234580804478085
0.00503798616025886 0.0199628713843831 0.610369796407381 -0.658693100858247
0.0270326268359229 0.0163046547829902 -0.215487178362291 -0.833228047790194
0.0321742832193993 -0.017155837137323 -0.623954264976232 -0.142913799451082
0.00456424128802889 -0.0488665208354752 -0.322257827063859 0.280333128897795
-0.00610966721004747 -0.0173266698732205 0.0528286175526297 0.140610684256198
-0.019299546171079 0.000620383364027255 0.158450515243139 -0.152723453279252
-0.0248081810214001 -0.00931434680446316 -0.122566460099455 0.157165011740704
0.00538442361016432 0.00311010265200031 -0.0686775678621014 -0.158588294971209
0.0261253879866649 0.00414083447556891 0.245598111467069 -0.280663860812704
-0.0166341127495435 0.0135491460811925 0.521973768100519 0.128518082350486
-0.0533672375767833 -0.00689128034405037 0.223093754906201 0.788969337582602
-0.0457853489081852 -0.069244606925883 -0.532793386908878 0.735996383265382
0.0104105029817433 -0.0371245846197637 -0.655565861747458 0.0761028003282861
0.0274159407564992 -0.0142808003563874 -0.0818782252419291 0.0599935572239507
-0.0121246931798066 0.0149455997345428 0.644354690674327 -0.0238489775556673
0.00476623212784128 0.0132577126150495 0.565873357681995 -0.69427559888743
0.0243233864529607 0.00505544472614479 -0.268210503488392 -0.811272367631974
0.0293497599823211 -0.0227811844324649 -0.626696251696656 -0.107603717536423
0.00508630861253683 -0.044733597886599 -0.302721219413028 0.28918804471069
-0.00514730254680437 -0.0106608105712844 0.0653064676049572 0.139279917824575
-0.0182336349883158 0.00380375960802229 0.151613435926178 -0.153806855929059
-0.0220351172834136 -0.00600001601277417 -0.130196475289303 0.155966995673376
0.0042578731338636 0.00925706073188956 -0.0583739599051577 -0.155773730230255
0.0253122488391111 0.0115520802235088 0.26578958775456 -0.271704069864489
-0.0181930365415825 0.0103614678149073 0.518097964328453 0.157483796424706
-0.0562181720836166 -0.0175244416678769 0.172757081400972 0.805495767673741
-0.0418663262787844 -0.0747740437803552 -0.585741937408175 0.706665801481729
0.0107196972400911 -0.033550729110803 -0.652570959852606 0.0509131292278293
0.0236083340956486 -0.00915331199502783 -0.0594050391853608 0.0661485345663464
-0.0133582096151127 0.0182262858982065 0.650080138821441 -0.0500737791594217
0.00407743374104651 0.00974365249354399 0.517766162917935 -0.723149759337723
0.0215027877689891 -0.00302586738076943 -0.32122146718538 -0.78921861749884
0.0272488399080551 -0.0263421690789581 -0.625262746400482 -0.0744627894333264
0.00439906112661519 -0.0394990576003722 -0.279042154275651 0.299520204587304
-0.00516806400477799 -0.00363057671999195 0.0781674913777559 0.140113272549689
-0.0162359188782707 0.00866552219350865 0.146736590266448 -0.156239304735992
-0.0186822466903548 -0.0011352272383363 -0.135895080329306 0.153344566237575
0.00214229463209941 0.0142516649991179 -0.0498917413668245 -0.152040606269707
0.0224038026218997 0.0186370270513888 0.288478657731184 -0.259710171951214
-0.0202608964222526 0.0115346714592903 0.519156365822508 0.181240527458315
-0.0554217650351455 -0.0223501375841197 0.128489216190618 0.817081482448751
-0.0395829066517912 -0.075384323277772 -0.625323406261195 0.679346112618441
0.00357634655286454 -0.0293371614558656 -0.648100550875045 0.032886278335584
0.0125207646438495 -0.00757690607378724 -0.038882903364734 0.0739527169063145
-0.020900832178506 0.0220525231716891 0.655437002463298 -0.0711364279237324
0.00310901229105971 0.0110757409250738 0.478645754271833 -0.745533915445698
0.0226493555389071 -0.00622833585444101 -0.36028721920563 -0.771184781897105
0.0251566665646014 -0.026749998261998 -0.621955267764626 -0.0483177583966956
0.00308176284590093 -0.0321239476684002 -0.255344587221732 0.304765007586829
-0.00727563212770548 0.00235309467138444 0.0882816767303647 0.140889287858698
-0.0149681601012954 0.0126476229344403 0.139434895504761 -0.159564232775391
-0.0171596626729784 0.00212267979510833 -0.142068976004476 0.149675851352119
-0.00256661465096146 0.0182664955537175 -0.0455995456985103 -0.148450663359701
0.0180737295062582 0.0255106292933407 0.30465658671735 -0.252514352812334
-0.0205153354697216 0.0157244957704947 0.520375094860263 0.191926752033432
-0.0518253816884895 -0.0210686667464424 0.0981187061092987 0.819911364628432
-0.0399716338621099 -0.0721378925163581 -0.653541578533904 0.658082790376184
-0.00877752311158908 -0.0278296224601231 -0.64329043153445 0.0230110109368593
-0.00411326876054741 -0.00735250893038471 -0.0255862499098056 0.0818620314561128
-0.0321864922391811 0.0255373683642001 0.659384257867818 -0.082209124612436
0.00303316022349289 0.0156026850063902 0.453191314449389 -0.756091739043165
0.0250317407863484 -0.00457562968739698 -0.386272108967477 -0.758594911759332
0.0243132528531723 -0.0242126778269681 -0.614884545811877 -0.0325240465601548
-9.00105686847936E-05 -0.0262181009770898 -0.236240725047594 0.308395535665538
-0.0104707644668216 0.00694480995025311 0.0950754022282041 0.142059561052333
-0.0132062117199961 0.0172845913925023 0.134911657403756 -0.16239662687353
-0.0153766530601036 0.00402605324109816 -0.147357039425237 0.14572268390252
-0.00620950454893752 0.0201168675027434 -0.0463645510851497 -0.145336388231877
0.0138792467189633 0.031045923371991 0.315591118112939 -0.249817774097045
-0.0205452627394737 0.0237984658264008 0.524108992290291 0.194342160362136
-0.0475485335226853 -0.013410992474351 0.0918435581414772 0.816440828919576
-0.0423038397739153 -0.0651241154763767 -0.659884659083152 0.650775338688829
-0.0246560368810225 -0.0279712582212676 -0.642466365679075 0.0256081688823556
-0.0243821943853134 -0.0108973192428328 -0.0196620873287301 0.0892675486846795
-0.0460873698041073 0.0289544438430709 0.660744022849124 -0.0821243844469611
0.00243101145071813 0.0231037532464616 0.445489594567638 -0.760797357080146
0.0314688564472995 0.00023650885995866 -0.390900230011395 -0.757877593770307
0.0255786056073781 -0.0185963057908767 -0.606455239752637 -0.0315266051874882
-0.00393765491299811 -0.020563532756717 -0.224746510650108 0.3087281404844
-0.014898952855408 0.00894449130029013 0.0984081884113687 0.144145296026967
-0.0121761636455934 0.0201929995274253 0.130830277482353 -0.165933482379497
-0.0149369336213636 0.00535841421224288 -0.149598139538701 0.142643738693857
-0.0103537696546083 0.0195097238258182 -0.0516610339606693 -0.142734542696199
0.00904599854419155 0.0343740535553148 0.318296095178039 -0.250688766491591
-0.0187596820542649 0.0329463639523995 0.534083905140987 0.181066150762034
-0.0417218166259501 -0.00115560959343741 0.106808274367457 0.80697869567596
-0.0466253959687499 -0.0548029009312857 -0.646643180144966 0.656782268649364
-0.0413871748916392 -0.0295846086431292 -0.641080791413031 0.0359085098808189
-0.0425856356781288 -0.0158993816510208 -0.0228475383557962 0.093637680436281
-0.0603211991286882 0.0305342047833296 0.66290979233487 -0.0726341475939041
0.00338544733323501 0.0337984031880948 0.458827985457854 -0.754821190056861
0.038785265646454 0.0105174939708463 -0.375554657650288 -0.76862277956208
0.0278408887489778 -0.0100578693045566 -0.601016967289846 -0.0447497588584061
-0.0082044141615141 -0.0176880165057757 -0.22401492837286 0.306730015586814
-0.0186738724796159 0.00767064463272779 0.0956461973166284 0.145793409652904
-0.0119434445442145 0.0216264425664046 0.12844251146413 -0.168209612171924
-0.0156189355914038 0.00426830063407959 -0.151143974516831 0.142168351543855
-0.014613165994565 0.0160482435608774 -0.0615159594796139 -0.141843003234253
0.0071588627832749 0.0343489720794963 0.311614610435205 -0.25940920300648
-0.0158008468157434 0.0432020013384709 0.545619617177647 0.158202860358131
-0.0351464851927977 0.012985226699726 0.142203190118218 0.795741182914679
-0.0508222893739366 -0.0438822795486749 -0.617862999030145 0.677101956023245
-0.0568431475117243 -0.031823831930718 -0.64362929841962 0.0556901865855151
-0.0595602644990545 -0.0221821069715602 -0.0333252630324025 0.0970509062183447
-0.0740000746845931 0.0294959102469284 0.66397944549394 -0.0514110707672865
0.00291931151969668 0.0445972280013583 0.489400034300639 -0.744787075384339
0.0458770615416903 0.0232550790028524 -0.346842116852594 -0.791645089388824
0.0299824233235971 -0.00186031425283064 -0.596561201692081 -0.0673033902046427
-0.0121450969583093 -0.0171090078998825 -0.231308823936619 0.303439855809577
-0.0229441429481744 0.00396749720766706 0.0892696012014881 0.148959863430198
-0.0122154576191031 0.0208595560831169 0.128174716530934 -0.170043821065117
-0.0275487396752138 -0.0134752654091259 -0.122585821503356 0.15743423866633
0.0041220036754451 -0.00394760769820487 -0.0846565853479767 -0.159282005988472
0.0241081264110793 0.00024402094050097 0.224689633602741 -0.292315842698491
-0.0139213861380923 0.019116550887788 0.526500870293678 0.0934500836938995
-0.0473097195037704 0.0066780917618964 0.277571319638598 0.762748585783706
-0.0485607009164628 -0.0595599506066914 -0.478052493115493 0.759138775608302
0.00482407456146722 -0.0397672282079844 -0.656167922260891 0.104455171431261
0.0236355473189226 -0.0202325588120769 -0.103079376507547 0.0565741404748304
-0.0141435322233393 0.0117900096831492 0.637474261808256 0.00158242811867766
0.0048826610612153 0.0197299362465789 0.606474405281293 -0.660641786664412
0.0280101543996826 0.0165518833230024 -0.217132247142133 -0.830581949151564
0.0319705559826416 -0.016624616163202 -0.625067119954006 -0.139376572255742
0.00552963623949223 -0.0479810363607808 -0.321544399185204 0.282296353063895
-0.00667125296590151 -0.0175029751271326 0.0532465945157444 0.141219637389047
-0.0189812400246428 0.00138683015555065 0.158313971959416 -0.152662937848567
-0.0243714650866512 -0.00946306109320295 -0.12242493068255 0.156548272435531
0.00498968699126923 0.00352125630328808 -0.0699386212402236 -0.157718931602539
0.0256160540338813 0.00443521461298674 0.244275228145804 -0.280855855287198
-0.016053042415353 0.0137803523694576 0.523310120679376 0.12810850900114
-0.0533574167297518 -0.00697527058126703 0.226447234949727 0.788538852134551
-0.0459930521961343 -0.0689236596967953 -0.530470159598448 0.735206702388814
0.0105600798369405 -0.0368438858065722 -0.654806728576683 0.0773393562142885
0.0283575267118818 -0.0135629956203572 -0.0820721006053033 0.0591646191385027
-0.0111001025470469 0.0151451778311412 0.644154232365872 -0.0260497400175846
0.00465246117774365 0.0127400377664555 0.560860723575261 -0.695255723227306
0.0247110741637259 0.00413456997078604 -0.27281377342238 -0.810484157199861
0.0291949969948278 -0.02231771297517 -0.625142821511457 -0.106299142496063
0.00447506594175457 -0.0447641367832931 -0.301654028032598 0.290755122527892
-0.00491075670019476 -0.0100910760379931 0.065038308213233 0.13912336332684
-0.0182275096037525 0.00434559269762321 0.150233276582427 -0.1540281803591
-0.0218424575462011 -0.00579016080034558 -0.128974417179518 0.155140107221555
0.00502320219786461 0.00943228157089247 -0.0600149816136251 -0.156547590256569
0.0247273311713839 0.0115427019312273 0.266602905988545 -0.271416198201753
-0.0185259828638938 0.0118623608623166 0.521206673838333 0.154978910935437
-0.0557425963068205 -0.0173651510023959 0.175349174428156 0.804828769863449
-0.0414016848600568 -0.0749615346004993 -0.581763423304858 0.705676203081528
0.0103710311010224 -0.0324220829233609 -0.652054559886268 0.0527085824401565
0.0239654210712533 -0.0091535585240407 -0.0589873120465609 0.0670388954625568
-0.0137510221525983 0.01879468986127 0.649527036711998 -0.0517014463946924
0.00450801436249987 0.0106506333633813 0.513581182926141 -0.723074889812533
0.0217230472071481 -0.00316484636057251 -0.325046565907548 -0.787000063804077
0.0269447384779064 -0.0270498373457704 -0.627190279902735 -0.0712199100254499
0.00343831578904528 -0.0394703878234021 -0.276619434152279 0.300562449236053
-0.00555885450072617 -0.00350512363872116 0.0784289387850319 0.140167667542422
-0.0163358758024101 0.00885966001948453 0.146019297205835 -0.155937278469212
-0.0187861591162098 -0.00204913684916087 -0.135451121003482 0.15306846684452
0.00286370682477837 0.015473809569857 -0.0511304753212957 -0.151718113893126
0.0217760430562035 0.0195690655781079 0.287265004587059 -0.260683139782277
-0.0209970797248485 0.011561185512666 0.519329795783147 0.179813272667252
-0.0549433346471511 -0.022967879715457 0.129690435266211 0.816665753001947
-0.0398633502287694 -0.0762138808475796 -0.622477235376543 0.682114731759944
0.00396999942406093 -0.0297073781696013 -0.647568953233402 0.0334098244804021
0.0127376926843554 -0.00700529250620087 -0.0387590469785971 0.0736339792281888
-0.0211312523767921 0.02260093134276 0.6552117043564 -0.0726632510151154
0.00335923963715033 0.0113588384523751 0.475396986715776 -0.745041685369462
0.0226769976437352 -0.0066729218690748 -0.364328309050186 -0.766954054226665
0.0251995368333319 -0.0270905376184383 -0.622260447257589 -0.0457302629337596
0.00236778664686182 -0.032478531014161 -0.252901164677646 0.306429812224638
-0.00784644625146306 0.00295920596902762 0.088190331306078 0.141367674432051
-0.0142415353713234 0.0130978025639057 0.139282355026406 -0.159620430651637
-0.0172687713019425 0.00165832507104604 -0.142079565072619 0.148506760546848
-0.00192359752227199 0.0187979062543881 -0.0461362917422573 -0.148330787963104
0.0181317452148605 0.0258719071357577 0.304874449162765 -0.253600308293205
-0.020757247009137 0.017127535204813 0.521092385721879 0.191845443020966
-0.0518646833798013 -0.0209312884381574 0.101783676691512 0.82000158275985
-0.0397288323519728 -0.0714088624223052 -0.64959760790307 0.66056127339667
-0.00788884056726602 -0.0273867509092593 -0.64363694740207 0.0244837053937879
-0.00362106982820503 -0.00714562697933096 -0.0258704269238415 0.081270517563184
-0.0314955657555286 0.0258791114192841 0.658427487070063 -0.0831787517035307
0.00244548986796059 0.0161175906927408 0.449278053448938 -0.757544951162508
0.0257531493031418 -0.00546019058529753 -0.390025155241442 -0.756684858805897
0.0254381638461796 -0.0240721354265371 -0.614478657331618 -0.0290006857776
-0.00104929186980041 -0.0262077687715603 -0.23512053131895 0.311365530216277
-0.0106561749205065 0.00690678408371465 0.0955202068356999 0.142157584976206
-0.0129628347956501 0.0172544286090257 0.134236015413189 -0.161208112958726
-0.015526720878238 0.0037850542409897 -0.14712941906572 0.145855139055349
-0.00598668800186922 0.0204805380414141 -0.0475920626122526 -0.145047004451589
0.0140351722112218 0.0307308675628548 0.315464565447926 -0.249251902854746
-0.021073171843879 0.0241309205159186 0.525491643720496 0.192455330702565
-0.04813158837834 -0.0138219124092354 0.0925619501384608 0.814884933933505
-0.0428778068614053 -0.0651861200999338 -0.657457301290278 0.653184976492052
-0.0235667371399165 -0.0268221104877904 -0.640747624761321 0.0263032056236459
-0.0226476491661995 -0.0102537466468436 -0.0193266180202526 0.0897576895264969
-0.0457722840938928 0.0288199752358347 0.659877947310612 -0.0842162117468142
0.0025317303778435 0.0231082098232613 0.442070341889888 -0.762575025406332
0.0320548612324473 7.75640214688983E-06 -0.39379162381079 -0.755064971758901
0.0253195677134292 -0.0184157457697677 -0.607209989683743 -0.0269919423552842
-0.00467703732309974 -0.0202304768325179 -0.222509613526461 0.309356485531102
-0.0147696026851772 0.0089968199062604 0.0983539782829142 0.144551532955789
-0.0122688730405887 0.0200257754065169 0.129513250198699 -0.165464308819816
-0.0148523814294358 0.00595927187046025 -0.148620558150856 0.142604696791199
-0.0108026512369062 0.0193358239375781 -0.0534033530971306 -0.142332915375944
0.00957000154585371 0.0344012486976725 0.318296658143675 -0.252258502691102
-0.0189689879161773 0.0335498478663679 0.535642587281234 0.179473296831282
-0.0422544881304987 -0.00180373865571215 0.110621991686155 0.808610671677861
-0.0471141421428038 -0.0541916953763134 -0.643772706876844 0.657324036474675
-0.040958810550208 -0.0277819062131787 -0.639819016947734 0.0367370155235047
-0.0425841006584682 -0.0158778087109269 -0.0217978919265964 0.095446332725929
-0.0596112160833847 0.0307653008284697 0.662809399733884 -0.0722713728639279
0.00290988083001772 0.0338092718643465 0.455980527873606 -0.755529347655654
0.0385375280879121 0.0101600665102786 -0.381052423363805 -0.767170700888605
0.027522693761887 -0.0106069726375004 -0.598135556133607 -0.0414133714593754
-0.00888024532635184 -0.017578987551405 -0.221272659474482 0.30773342871949
-0.0186776236715847 0.00802053383460331 0.095395626181008 0.146560995625361
-0.0119016504490821 0.0208633794475935 0.127405453239432 -0.166854321295413
-0.0148938479139666 0.00439415367144384 -0.150810593348711 0.142138355248395
-0.0136478419646057 0.0169431804847992 -0.0623762360061389 -0.141307237626116
0.0078181352471051 0.0350252475290349 0.311789198380296 -0.259602873329337
-0.016453732731039 0.0431816490127063 0.547222070302989 0.155697488112955
-0.0348992386605935 0.0128072959340977 0.145264774715864 0.793983011242461
-0.0506454182139086 -0.0432067878906052 -0.614411202679905 0.676496390962421
-0.0571616717762699 -0.0298752563956681 -0.642969241357736 0.057764807066332
-0.0592918062224295 -0.0218045722879121 -0.0326915434074078 0.0972914819853339
-0.072876161686329 0.0297227249792733 0.663959120548014 -0.0541669571130912
0.00187557936524319 0.0448895034494665 0.486378349365507 -0.743991065576061
0.0459808383966498 0.0223979075842831 -0.350213321308668 -0.788278634154323
0.0293470656437323 -0.00244186206861552 -0.595858198174941 -0.0651008703696967
-0.0123990893649688 -0.0173662239321501 -0.230297312371241 0.305221735619036
-0.0233552295734779 0.00468782618577861 0.0890815878762847 0.148627912752896
-0.0121783668148425 0.0207532849663144 0.126911028944973 -0.169287634825918
-0.026838326240051 -0.0125881607389643 -0.123280333739302 0.156211343456906
0.00412329808462695 -0.00305941028305887 -0.0849625627877063 -0.159254411642219
0.0243796202776326 -0.000331081853014673 0.223572377519428 -0.292211844601179
-0.0142042124438127 0.0193201849879985 0.52802033270915 0.0931466527130275
-0.0481140723126279 0.00671595110732805 0.283491856428374 0.760549182021939
-0.0487766598891845 -0.0589464274070422 -0.476442219455579 0.759004491259296
0.00400833310593824 -0.0387850845017143 -0.65586457411202 0.105282353887073
0.0244975974077894 -0.0206231099325046 -0.103224760319908 0.0567308422578016
-0.0144515817130734 0.0123123237274998 0.636787971505663 0.000841196466453492
0.00490999785227359 0.0188510280234518 0.602642200113513 -0.66194706340853
0.0274721818583929 0.0155941425142814 -0.223869284624254 -0.828223718498917
0.0317652678882538 -0.0175440832657738 -0.623171799020051 -0.137434783706327
0.00448027929756705 -0.0484227030400708 -0.319028628648983 0.283912887794581
-0.0070777895493505 -0.0167168586677153 0.053446170783265 0.141796716919582
-0.0189434119949548 0.00108269904662676 0.157669515657171 -0.151512807505235
-0.0242131025517812 -0.0100963754489449 -0.123361024871096 0.155949742262345
0.00647651682759809 0.00408703232311974 -0.0715543210965615 -0.157510867167822
0.0264314015111411 0.0048694659685548 0.243548293528908 -0.281793062149674
-0.0162733451289096 0.0147380674636521 0.523748068505836 0.124363519240413
-0.0527344281232886 -0.0085848658213955 0.227865559153175 0.788530793160978
-0.0451569536965239 -0.0688001540110058 -0.528413266699465 0.735659616064806
0.0112169532433952 -0.0355181607422013 -0.654944905918725 0.0795894728260422
0.0286829639991915 -0.0140362604029669 -0.0817983377902245 0.0603585252462291
-0.011847463621351 0.0151166016820899 0.64375657203737 -0.0268504361924033
0.0053977261486313 0.0133983974230439 0.557899735522063 -0.694753309163737
0.0241154657490557 0.00437258963778506 -0.275453877544262 -0.806905388064932
0.0296363760985894 -0.023129194377111 -0.627017557936319 -0.10329717303121
0.00386321473331556 -0.045269453430126 -0.299856589122663 0.293004672135507
-0.00660830266337091 -0.0111478860844677 0.0651459786914619 0.140897018291018
-0.017889691872202 0.00417510142810775 0.151524982931527 -0.15335357600202
-0.0220711184660546 -0.0058429093940634 -0.129492958324246 0.154970903174209
0.00543656823390207 0.00980501101625369 -0.0612412842632695 -0.155233160905359
0.0252229902818482 0.0118065932167887 0.26593429213787 -0.271046108978177
-0.0196027689344006 0.0115334645514508 0.521241016713814 0.154427531799923
-0.0557680206948576 -0.0181391035310208 0.178081055087047 0.805902728727851
-0.0417807358309537 -0.0744603036649653 -0.580441673951733 0.707368827698556
0.010910792773186 -0.031909909822319 -0.651277564023527 0.0531144779872042
0.0242078888296313 -0.00893307023029314 -0.0587343103349282 0.0662441841432827
-0.0134945201903105 0.0193183442627546 0.649657925195724 -0.0524029179784461
0.00368445739650316 0.0101914008990422 0.50950973612716 -0.725502856616956
0.0218139684955648 -0.00359881310767163 -0.328911843441223 -0.784581118054029
0.0268782809724233 -0.0273037101918217 -0.627214187999683 -0.0686543657236526
0.00356591989296613 -0.0388699833300827 -0.276115960669575 0.300713437160184
-0.00593841174911784 -0.00348581557985537 0.0777368509976101 0.140544337000089
-0.0158763877411164 0.00910846214278064 0.146040933805133 -0.154675200888244
-0.018174175701044 -0.00141308044160744 -0.134766641454155 0.151646664268037
0.00281494645193194 0.0149385758040538 -0.0528810603646932 -0.150954071849848
0.0225901303727838 0.0184102587294661 0.286313448047193 -0.262238747785783
-0.020244838419569 0.0129776804397522 0.520323304951949 0.177803364308003
-0.0547722619413724 -0.0224087188592131 0.133566201731698 0.815181676681881
-0.0391234341138516 -0.0753960522413234 -0.620248996730154 0.682516019709132
0.00461220583699395 -0.0287489367366335 -0.648520242889243 0.0353763377324055
0.0132540243644557 -0.00669651095463364 -0.0393210082763639 0.0743371017752257
-0.0207302580022044 0.0227826229367811 0.654964446415008 -0.0732081479135941
0.00249355571924019 0.0113518283194418 0.471297382006534 -0.746735651722542
0.0231599894364588 -0.00679468436374504 -0.367196996001379 -0.766202145727903
0.0253470608226253 -0.0268079582796873 -0.621644492205578 -0.0407163677800406
0.00111607224771832 -0.0326272387891954 -0.25227717070647 0.30836168635197
-0.00778485833534689 0.00323155134513858 0.0890399821245102 0.141545871185747
-0.0141169409062642 0.0134259248195318 0.139802760763674 -0.158034026080763
-0.0161661039552668 0.00153140700666503 -0.142044485923153 0.148208462394143
-0.00113989625810144 0.0184366289035787 -0.049046412929982 -0.148536114300595
0.0184412505184237 0.0268320783753464 0.304768197319158 -0.254255858776938
-0.0205559545471981 0.0172431916936191 0.522788173403674 0.189745903428677
-0.0521903866822944 -0.021525304749675 0.104638503480585 0.820261936301733
-0.0398308019130284 -0.0722873425743286 -0.648301600370864 0.66076095851298
-0.0076078722278451 -0.0255462457884917 -0.642725419476156 0.0254532988700783
-0.00352882544519146 -0.00679081454493162 -0.0255336852233758 0.0837638532089234
-0.0324073006145544 0.026508930104113 0.658155490283454 -0.0850099344374019
0.00209592165881354 0.0148773886599455 0.446073284090203 -0.756776431025908
0.0254562663014572 -0.00567846832323383 -0.393033369631182 -0.751643113795403
0.0242291297933558 -0.0233950825332248 -0.614205754508083 -0.0250761662529892
-0.00164278770492516 -0.0259756201709309 -0.233245488416237 0.310744788802333
-0.0109445496078477 0.00712954833551537 0.0954905062281922 0.142231877156863
-0.0129950906966209 0.0172420809834588 0.13431674526147 -0.161032616195798
-0.0152643707200888 0.0035818431208813 -0.146987524728919 0.145460350996588
-0.0052912265576538 0.0206598871645441 -0.0487582929777521 -0.144799150939856
0.0138602833267462 0.0312773885285569 0.315299440001011 -0.250964076937236
-0.0196115567495635 0.024735138279182 0.526913207570665 0.191259286887418
-0.0472834374409972 -0.0147257010282318 0.0965413912914029 0.817456427733545
-0.0423375608512217 -0.064854025168657 -0.654731502223252 0.653973848628301
-0.0236175754713052 -0.0262312249893134 -0.641129437752461 0.0276175785696478
-0.0226710866311269 -0.00978920122162947 -0.0196813450205378 0.0897928225319442
-0.0457548782092638 0.0295278337688517 0.66064454655354 -0.0847330715715269
0.00227566646654354 0.0236449120659865 0.43836669571156 -0.761450310690695
0.0317109637172157 -0.000217595346295681 -0.396370051012568 -0.75137302286352
0.0250947156180728 -0.0180665885579664 -0.605353149011545 -0.0245658135636086
-0.0047128993206083 -0.020471954113924 -0.222148518711968 0.311960120537686
-0.0144685632610317 0.00876023426392729 0.0974948909616123 0.144959698264899
-0.0116836899678386 0.0199917934889244 0.129937144520983 -0.164512045026081
-0.0142983490364698 0.00564526904221839 -0.1499001366501 0.141907773354118
-0.00974177817122089 0.0191911997310757 -0.0552758535972732 -0.141643254662018
0.00994854671670612 0.0336524778745322 0.317857761679118 -0.251824682324162
-0.0183103722560421 0.0348717229772722 0.538138494819469 0.177014292937259
-0.0415881536256348 -0.00171951998423394 0.112149504770186 0.808458261509963
-0.0465885396654596 -0.0544197018841867 -0.641468905693196 0.659625807409919
-0.0411063891642277 -0.027760288630576 -0.64019318197639 0.0379151274200649
-0.0424377583358649 -0.0147342706336786 -0.0217832442704542 0.0948091195466513
-0.0592907071654796 0.0311201068840237 0.660899234227709 -0.0751253204549201
0.00224998100007658 0.0336508866833357 0.453230077615507 -0.755757087914502
0.0386035288190009 0.00966998144932178 -0.383346679907158 -0.762548813025544
0.0269291345368951 -0.011893828000687 -0.60125286566909 -0.038469975658302
-0.00941710366268214 -0.0173887157176075 -0.22033729196231 0.310518079419176
-0.0192657036186465 0.0082046447729915 0.095871529731799 0.146748407600806
-0.0122856650607297 0.0211045153449828 0.127573775906785 -0.165991935265371
-0.0151638998640638 0.0040355897905959 -0.150789083405342 0.14071986948754
-0.0131406008081285 0.0173520696406378 -0.0632778764223191 -0.14072634626742
0.00719814367012848 0.0346298143975625 0.31068570331671 -0.260349529083257
-0.0160401909336201 0.0438891304143543 0.547890087529426 0.153654395363828
-0.0356209611706388 0.0127646539084566 0.149214636612346 0.796156990564556
-0.0512187840050898 -0.0427542723000508 -0.611947252645467 0.678392660007641
-0.0559024109388295 -0.029655616006531 -0.643408406601241 0.0578218186864581
-0.0590985290862179 -0.021528831959881 -0.0330198519486246 0.0978548584672929
-0.0727881326187844 0.0307800738670655 0.66201995474304 -0.0551489222352878
0.00316481486426787 0.044809399546927 0.483602544669188 -0.744325220117937
0.0456346643574238 0.0221449485450537 -0.353132558486436 -0.783403637769214
0.0290844660831096 -0.00310321926869915 -0.597597916504359 -0.062080063451242
-0.0128148324012353 -0.0167779428497496 -0.228205428869051 0.306324117224073
-0.0230684381396631 0.00456148945409077 0.0891971956734396 0.149052078455888
-0.0118096610525512 0.0199284031431965 0.126665217294092 -0.169442673335587
-0.0265834788079589 -0.013428711413651 -0.122688909048918 0.156499843822032
0.00448394742123828 -0.00175367323430749 -0.0868177383591655 -0.159583817189943
0.0241703009240771 0.000181447341783169 0.222811796486267 -0.293053437470798
-0.0134053453301992 0.0213750779137597 0.529901095618596 0.0903295816473596
-0.0480728017332549 0.0060361701127334 0.285121735138564 0.763225807750351
-0.0480856197267344 -0.058694999653442 -0.472478095751343 0.761693926830097
0.00484848389152445 -0.0387817459923744 -0.658628620390021 0.106875541037282
0.0243525484528762 -0.0206228394761183 -0.103321198519473 0.0566636429071182
-0.0140808227028654 0.0124413889093559 0.638360466626889 -0.00216087984198294
0.00464087510163411 0.0193022346018023 0.601699393873214 -0.663036542446319
0.0271878428759637 0.01557181393505 -0.227469619299108 -0.82862554663142
0.0332157137789704 -0.0175680698481748 -0.625135999375691 -0.135210727106306
0.00347861651818796 -0.0494160291226421 -0.317799900110005 0.287139506179084
-0.00752083763686823 -0.0169895686097725 0.0533990366769797 0.143263520722454
-0.0189197521852722 0.000606255743990865 0.157065093122475 -0.15244325736897
-0.0237465127732663 -0.0103308148002692 -0.123568942451014 0.156138202614965
0.00663722078623906 0.00414097555582251 -0.0727020485006666 -0.157423484133123
0.0252769682437969 0.00469832561334884 0.243832343007808 -0.281703162284341
-0.0157912661025266 0.0154702750919837 0.52530868740289 0.123533766075869
-0.0527438762337843 -0.00802480896189083 0.23222886631324 0.787600013087149
-0.0450909264887823 -0.0682258554911786 -0.526790961985106 0.738278912878847
0.0119433793369046 -0.0353850786574301 -0.655216015695752 0.0791288151582336
0.0284490746122645 -0.0129514182481842 -0.0820245871776552 0.0607107525426973
-0.0108456308825051 0.0158673162923158 0.645426296213325 -0.0290676579983971
0.0040238089964428 0.01337114178694 0.554550643241534 -0.696940778360169
0.0243261828376368 0.00464927265412417 -0.281083357164305 -0.808002733380293
0.029203220164362 -0.0231910701292293 -0.628634415757718 -0.100377438156243
0.00308018815559723 -0.0437085342828315 -0.297647883855583 0.295416085720815
-0.00532386867519094 -0.0101258944911863 0.0650546434782343 0.140686363204569
-0.0166739547303442 0.00426704620654169 0.15059759869166 -0.152878663224652
-0.0217127038130256 -0.0056741074626654 -0.129278929689908 0.154722845119197
0.00514010051537218 0.0101236502078509 -0.0630447969541656 -0.154535553618533
0.0247089212405911 0.0122741401213104 0.266418029092028 -0.27225306734034
-0.0189785135365063 0.0126068472119557 0.524658905393392 0.15141388702127
-0.0560160888467867 -0.0182124974935022 0.182156234386281 0.805890038170287
-0.0412170562570043 -0.0749452768743457 -0.578076462775576 0.710411012668943
0.0116832630551709 -0.0316584921217009 -0.65231288945437 0.0541286196192283
0.0246196114938637 -0.00918235820161315 -0.0591433722707798 0.0669215851055286
-0.0136940014023183 0.0196152471856238 0.651205707556829 -0.0558942979922439
0.00395212534071773 0.0113300009226255 0.509177972425742 -0.726139252351829
0.0227284591193626 -0.00454539996633243 -0.334882726253014 -0.782660349770917
0.0267125646080377 -0.0267918664218563 -0.62783292149045 -0.0641416624857366
0.0017543540785296 -0.0388433682241468 -0.273755050401459 0.305223951671164
-0.00571419823984576 -0.00356890286705875 0.0788906224221262 0.141443386298837
-0.0158274784647161 0.00866680945114407 0.145845490306189 -0.155171892174358
-0.0187369872757519 -0.00193939299308229 -0.134996675149533 0.151778857832561
0.00302314664171278 0.0158289853709003 -0.053309404735511 -0.151768688451543
0.023055158601803 0.0180736437940126 0.286700334970789 -0.261152340537815
-0.0202767176546545 0.0136281195433743 0.523114590035411 0.175511649322416
-0.054030633698956 -0.0228208831256304 0.137981862723002 0.81833851479977
-0.0398005977319606 -0.0749640725229782 -0.618711139377157 0.685521040278457
0.00507520587691702 -0.0276805393677177 -0.648230590617149 0.036611341105043
0.0125231578794295 -0.0067643382390005 -0.0393925285606046 0.0756968739307858
-0.0209354137722755 0.0234559556995056 0.655861708064082 -0.0757808596206237
0.00246945396596387 0.011564083069758 0.469000625287298 -0.747379980881912
0.0224692585172038 -0.00766622783189468 -0.372407908865371 -0.76251076113497
0.0244987720024857 -0.0266388756963763 -0.6223367341275 -0.0376700679074106
0.000622643112956349 -0.0321326488497598 -0.250628464168552 0.310663564426702
-0.00801317993260002 0.00289859598651355 0.0879131429986241 0.142791800024346
-0.0143926736659505 0.0128846287946427 0.138598905602229 -0.157521340088262
-0.0163614470521187 0.00132929594702799 -0.142001780381292 0.14868044342737
-0.000348107444495606 0.0190542610776646 -0.0500949618659563 -0.148442190115938
0.0179722811783227 0.0254743655407107 0.304353914701918 -0.253582635688305
-0.0210421026717489 0.0184793636888402 0.525669753636493 0.187457734585463
-0.0513974690210253 -0.0215656471006637 0.110097948182401 0.819796149889713
-0.0390160830731591 -0.0715739311176163 -0.646708590288683 0.66269433450623
-0.00724571674444571 -0.0256745329106998 -0.643550144879762 0.0266311862248718
-0.00331724825998222 -0.00653959949725374 -0.0251737944801413 0.083224711626124
-0.0318462961260563 0.0264662528989636 0.658933450032006 -0.0871500755547271
0.00249898443378929 0.0157274986412746 0.443671538951719 -0.759008655262543
0.0252924117353658 -0.00613033200493348 -0.39677296311888 -0.75240518898481
0.0248395702514838 -0.0241475669973099 -0.61467960650871 -0.0225662123129104
-0.00182675576495056 -0.0263650072789958 -0.233018088828634 0.314553981607375
-0.0110995157625152 0.00710285151993801 0.096337111802195 0.143466598792774
-0.0125214573160644 0.0176556890610808 0.133570101034068 -0.160423429564086
-0.0162524231222508 0.00373338835481556 -0.146909195792268 0.144468560544309
-0.00477479827483257 0.0207399429794351 -0.0500714915161242 -0.145027963768387
0.0137804715552508 0.0320047405792889 0.315142407906211 -0.251131290292759
-0.0197020078399209 0.0258833723413474 0.5288663651644 0.189439872623027
-0.0479385313436327 -0.0141526918243991 0.100758184240296 0.819050211085898
-0.042208445661252 -0.0648443066343675 -0.653141791380615 0.653946178918707
-0.0242039209454186 -0.0257662155978588 -0.642379143484803 0.0283529826531342
-0.0226800656629642 -0.0105700981417095 -0.0194277478513331 0.0913115111196109
-0.0449461054712651 0.0300398498030305 0.660245696010818 -0.0871571548242215
0.00318268040927989 0.0234624995146099 0.437323218576819 -0.763264271926436
0.0307455322131589 -0.000139181191706791 -0.402689101606763 -0.749241009776375
0.0263563498645738 -0.0191342310511356 -0.607995476808771 -0.0239209207148973
-0.0058507298588137 -0.0206886304794473 -0.219912760029234 0.313124190318149
-0.0146887186730167 0.00921898475237235 0.0981101731991573 0.144798633875811
-0.0114222415771761 0.0202273801888555 0.13025832722764 -0.163725211186672
-0.0146010182997655 0.00477602568923906 -0.150108968104002 0.142703379415763
-0.0090381443237855 0.0203688525661343 -0.0560270364912789 -0.142186295644638
0.0099802454788746 0.0340537627375214 0.31805810642519 -0.251845417954243
-0.0183290388368838 0.0358886245949249 0.540003508171928 0.175895087999741
-0.0410424373887327 -0.00184897053434577 0.116500274356668 0.808551608801392
-0.0464234599763661 -0.0550938132630231 -0.640392656253557 0.660861181773019
-0.041656478520477 -0.0277990203271188 -0.641533059754103 0.0378473849822195
-0.0416006578091826 -0.0151060807356183 -0.0206760814941931 0.0959374728480906
-0.0598400657334443 0.0322069313313842 0.6620740624186 -0.0775442095966098
0.0027349639346724 0.0342477204863562 0.448404261125882 -0.757043522057284
0.0386124463720751 0.00928645965768983 -0.387917090781883 -0.761592272237324
0.0269564364935404 -0.0107239211772648 -0.60180516684225 -0.0352596440005196
-0.00982948895659982 -0.0175520992682832 -0.218650025493718 0.312728289224538
-0.0188525273736327 0.00877977540087331 0.0963992456889131 0.146770286466943
-0.0116479918773785 0.0206971593452446 0.127177446259019 -0.166091035250309
-0.0156657748569897 0.00381133116855887 -0.150208793241957 0.141295302221921
-0.0130485723709771 0.0172540480604728 -0.0651277474849507 -0.140259154833399
0.00775794339151042 0.0341265880116572 0.309792675776911 -0.261462652352262
-0.0149307771744635 0.0450546556502686 0.549346712843325 0.151879570888098
-0.0346538076344775 0.0118186771129131 0.151713733171967 0.796430299375498
-0.0513505243307593 -0.0433453883974863 -0.61066959445485 0.682566835755551
-0.0561690761121721 -0.0283258680065255 -0.643070260826851 0.0593689705596984
-0.0591874502555383 -0.0208296990299889 -0.0320398463164989 0.0990402490835889
-0.0721128859021605 0.0305761678473665 0.663050518773097 -0.0574439902962249
0.00235451152986246 0.0441004376733562 0.479224686925602 -0.744706174408736
0.0460497453264483 0.0220111712960448 -0.35829007009292 -0.782786064614406
0.0295224740418707 -0.00225237982976902 -0.598555324740883 -0.0591968925400305
-0.0145134866686158 -0.0167018199425624 -0.22770734631772 0.308675163030194
-0.0225717163986127 0.00506989910060188 0.0893371990100122 0.149652150095819
-0.0115060500681339 0.0204348712802239 0.126408775975311 -0.168434818785974
-0.0267076073278851 -0.012838617825437 -0.122268152926484 0.157120949374666
0.00417111060268942 -0.00188798771452802 -0.0883960140284824 -0.158067189229302
0.0245428426905869 6.70860626046273E-05 0.222631707877517 -0.294984968224303
-0.0138757281498557 0.0206735684895825 0.531762163802759 0.0876951223992084
-0.0482819827229174 0.00539822314775202 0.288971691052395 0.76391343661956
-0.0487310622915909 -0.0582658474889039 -0.473845564279316 0.764607226551754
0.00433395836861568 -0.0380750993293634 -0.658947277414818 0.109450045450192
0.0247492180623482 -0.0200242992818879 -0.102619719045702 0.0575158561386709
-0.0136536545509838 0.012877576073619 0.639629399920967 -0.00529423613174992
0.00436593070839088 0.0197689121331951 0.599847633230865 -0.666553624223159
0.028408546668688 0.0152123484726436 -0.231934435291841 -0.825975126671888
0.0330867557078947 -0.017408452834443 -0.627513208223635 -0.131774826163844
0.00245757976342388 -0.0485289306220902 -0.318366466032521 0.288098156957451
-0.00619707226302652 -0.0171096490206377 0.053590658523652 0.143393199956233
-0.0181417951486479 0.000948528114119633 0.157093845158939 -0.152057993549312
-0.0245295303316542 -0.0101574973287615 -0.124007621853494 0.155714695516687
0.00674194186375733 0.00438291324075924 -0.0747299716765817 -0.156724275487619
0.0265148759234615 0.00483221635513417 0.242609745152173 -0.283917923548506
-0.0163828195072594 0.0157546559956786 0.528368476886408 0.121492268077493
-0.0525027666136193 -0.00874652356972274 0.235806656104231 0.788851884126908
-0.0450127067770691 -0.0691765366406924 -0.526100252455147 0.740123738761617
0.0110677839527237 -0.0347421354571259 -0.658508617128282 0.082323435967775
0.0283127767287535 -0.0136720991028117 -0.0819651727256183 0.06128508020385
-0.0102363816891945 0.0165301290348872 0.646077870847215 -0.0309479664225285
0.00466196261916255 0.0132943874655363 0.554195202015966 -0.699775925445174
0.024322159360392 0.00418060554102635 -0.283724048370195 -0.80708360808888
0.0293846735542804 -0.0238894372981487 -0.630843037050507 -0.0963173152619302
0.00238978671514784 -0.0443836885636855 -0.298060263335449 0.297049042580709
-0.00600065575852258 -0.00997566907497945 0.0658082351451744 0.141634486641898
-0.0182441424492542 0.00418812873875687 0.150674705645994 -0.152079606865886
-0.0220740834138869 -0.00648910264557973 -0.129546013242232 0.155276763305432
0.00560419566683036 0.0106491947747628 -0.064140597285371 -0.155484114989262
0.025444340020093 0.0120049041933697 0.266497791488626 -0.274516782694181
-0.0194264722593364 0.0132387390373634 0.527774854615921 0.150231066979906
-0.0557672610569077 -0.0183335411453086 0.185311510558079 0.808133572910356
-0.0415978062312505 -0.0743168370011939 -0.577804232518987 0.712338641571631
0.0109957435860975 -0.0307240185570138 -0.655150225395173 0.0567767787903131
0.0239479060381806 -0.00912877182806968 -0.0592279677470649 0.0677965858704298
-0.0134778153770172 0.0196813719620773 0.651185821282728 -0.0570851816415123
0.00358922185796887 0.0104449476884717 0.505568470473975 -0.728329886884704
0.022401044152726 -0.00421949292706965 -0.336230661261521 -0.78129214896537
0.026679362511683 -0.0272955519577289 -0.628457816389744 -0.0618974640229632
0.00206050099291188 -0.0389048852498189 -0.273192095538176 0.307202081491053
-0.00681873769165639 -0.00319892730905911 0.0789570059402007 0.142251028368288
-0.0156137340387943 0.00800883199170639 0.145105513069695 -0.154825804098759
-0.018270511307368 -0.00246613638834104 -0.134884879478922 0.15116967437231
0.00383712151323772 0.0151808539325742 -0.0561048488845299 -0.15183943019247
0.02303280999362 0.0190485121454726 0.287834913330644 -0.263063152970278
-0.0213908977257629 0.0149717931817759 0.526631024875966 0.174750358986445
-0.055460669073287 -0.0227908498023772 0.142395122825213 0.821200370494569
-0.0391171149620514 -0.0755743392253349 -0.618169301285161 0.688270250588997
0.00522580590841757 -0.0265894920380019 -0.650610946054727 0.0397095514325058
0.0131409097789917 -0.00615304614898458 -0.0398959439900209 0.0751814033515773
-0.0200247550635325 0.0227424251248364 0.65614766812434 -0.0776762445815495
0.00288542381398199 0.0111807456588079 0.46648872668332 -0.751107127132529
0.0220182035501734 -0.00665337966140451 -0.378005614270554 -0.761997269770544
0.0256609286373863 -0.0276512326634806 -0.624037403017815 -0.0350300095109009
0.000371705449020562 -0.0324413145433142 -0.251023271562955 0.313625192563789
-0.00841796520427656 0.00323224083603679 0.0892048958878328 0.142463218983996
-0.0139380475127385 0.0128564955506407 0.139352462089103 -0.158021757603707
-0.0165668938678511 0.00109504689626953 -0.141864462672516 0.148349670750958
-0.00061876730070113 0.0193198385954795 -0.0509228462746551 -0.147823015300918
0.0187860671748496 0.0256716887330101 0.305114731299365 -0.255859858241126
-0.0211547314707435 0.0193727225033977 0.528781797920038 0.186695237306061
-0.0527373485432817 -0.0218704724202529 0.111994023797705 0.824062707394167
-0.0391750204386388 -0.0721616726573509 -0.64723715229765 0.666831981994544
-0.00763095214890044 -0.0248116646882218 -0.645404236248393 0.0297298870807729
-0.00312129056253426 -0.00640838785770505 -0.0244456453896782 0.0841044364371783
-0.0309193601563859 0.0273949072466782 0.659732728827227 -0.0890586834615788
0.00206320617382191 0.0159095487333626 0.441520964323085 -0.761191237043484
0.0255704179161912 -0.00618471165066766 -0.402660031706471 -0.750202390117561
0.0249624910757661 -0.0242493273048055 -0.615751414308238 -0.0218882658906246
-0.00286893378454927 -0.0255818120106696 -0.230856433872582 0.317006512020229
-0.0107068008846793 0.00779186735808759 0.0973005065134781 0.144338549714895
-0.0129234495967689 0.0173489465499337 0.133514628536309 -0.159991927028385
-0.0156197578849331 0.00336735861712378 -0.146256979860425 0.145367652455364
-0.00349810822731058 0.020744496227129 -0.0519895908869854 -0.144464992683335
0.0140168818177769 0.0317888917672911 0.316708318565542 -0.252038268743064
-0.0205673866157233 0.026599357989711 0.53160655308633 0.186231276371339
-0.0483698590346436 -0.0150993971020587 0.103326155325167 0.821780385372079
-0.0423661586176416 -0.0650506759497018 -0.652360548052742 0.658904496700456
-0.0234547255816774 -0.0246832106850516 -0.641725950940625 0.0312646221300433
-0.0223699791862605 -0.00882497924987167 -0.0188690281449687 0.0914176255481722
-0.0449917068555728 0.030662035924075 0.660618874584914 -0.0890812700197715
0.00192252623956569 0.0239900956128599 0.433544757511465 -0.764500529740721
0.0308939154299304 -0.0014215293306461 -0.405733429153882 -0.748990897981127
0.0251999699644801 -0.0184777402148276 -0.608261609320652 -0.0197560444657161
-0.00670099637812302 -0.0210374105725871 -0.218882455757413 0.316048715579948
-0.014493797228072 0.00968776337883113 0.0992406111402853 0.145934896245704
-0.0113561879011606 0.0198116656323963 0.128665427308683 -0.16420051383515
-0.0147037508035526 0.00486812020269251 -0.149513809387694 0.142236948375079
-0.00856190147337777 0.0207876975520099 -0.0568753646132425 -0.142230976866882
0.0100913869432844 0.0347569886573024 0.317906167060609 -0.254970127109733
-0.0180477702705141 0.0361506175511073 0.541644056950982 0.172627207156542
-0.0422288427088803 -0.00265456334288155 0.120154434045036 0.81281879791042
-0.046316142161619 -0.0543442490206608 -0.640102450254674 0.665335791796278
-0.040105634583933 -0.0257555001693171 -0.642612474242316 0.0419164174800542
-0.0422284345687322 -0.0143861983861255 -0.0205845394606574 0.0971351770972957
-0.0592194386062878 0.0320778606673506 0.663791878048644 -0.0785433119995772
0.00242305032057898 0.0346285890044995 0.447726315350689 -0.760334152520264
0.0388724084301644 0.0092314345789972 -0.392134508106202 -0.762785150551022
0.0268959872587338 -0.0108741060250601 -0.60277730438133 -0.0327703454296516
-0.0108576438252416 -0.0174192809472853 -0.218904805386802 0.3156438344415
-0.0188596372969112 0.00872123368021572 0.0968337798457218 0.14750938408561
-0.0115353667175151 0.0206247970026807 0.126694195676262 -0.166889681099905
-0.0150851699442231 0.00402702465264765 -0.150556095661869 0.14108416195567
-0.0120486515426762 0.0179517713772807 -0.0663488198260823 -0.140317211573868
0.00722741277043973 0.0344408642794413 0.310928855032998 -0.261777031694776
-0.015251643271986 0.0455878707461506 0.552690647283084 0.150385123625751
-0.0353482383927409 0.0108967127500289 0.155513361734031 0.79988495687865
-0.0510173356412702 -0.0430057217414444 -0.610612259844369 0.685110395196956
-0.0556553662850012 -0.0267810558614164 -0.644082710668646 0.0619724101769771
-0.0592507626836074 -0.0212257188342545 -0.0326996414995927 0.0999963570415272
-0.0725318868402021 0.0324011900993569 0.664480217371587 -0.059059618172189
0.0027804954121519 0.0447745778322352 0.478081830896091 -0.748028054161747
0.0457432058063628 0.020951982096343 -0.362508100507175 -0.781496625502858
0.0296274244792719 -0.00321874262532848 -0.601283239127875 -0.056711818521438
-0.0142800209322144 -0.0162485048287316 -0.227078210895012 0.310694973026794
-0.0230592852725005 0.00491514225849779 0.0899287165399914 0.150062052294544
-0.0126046064452215 0.020331686953507 0.126643981340658 -0.168110161547011
-0.026646485072157 -0.0132160043582291 -0.122470051201655 0.156854586760233
0.00575218968106276 -0.000909780196817461 -0.0907167709224254 -0.158424086499415
0.0248598810844652 0.000195484235877116 0.222043096375624 -0.296038493293216
-0.012957372628824 0.0223019915198346 0.534417532917337 0.0862974184294942
-0.0487617754211004 0.00449516453909849 0.293850856895896 0.76563553180096
-0.0482329909143863 -0.0589749496757943 -0.471444044876894 0.767385849184659
0.00432270617310597 -0.0375211801325705 -0.660593097090782 0.113283173123619
0.0250959095296945 -0.020471072675847 -0.103806722261806 0.0584209437287036
-0.0136837991373991 0.0135338981743223 0.640500308300183 -0.00557903605829404
0.00403470532307282 0.0195563611629045 0.598292910599594 -0.668489691437994
0.027999539355682 0.015045369997949 -0.236653728339636 -0.828147056208766
0.0320640761201455 -0.0183041566012701 -0.630257056770014 -0.129273435328031
0.00243324565482195 -0.048373872567853 -0.318419919056711 0.292871543365095
-0.0071375750813051 -0.0163977596208721 0.0537882568623899 0.145537758760162
-0.0188001053687687 0.00140664458596009 0.157446743974369 -0.151937318477693
-0.0242013730748283 -0.0104423688374104 -0.124466320094018 0.156125980056164
0.00740235824016574 0.00437465863747688 -0.0779413680474777 -0.156625194727995
0.0258812713731702 0.00537585264030738 0.24439759523849 -0.285381458828032
-0.0160474692019661 0.0163834447789581 0.532803598498037 0.1188940665466
-0.0534793512652302 -0.00917620916618363 0.239017379093782 0.793068032293946
-0.0448931693872855 -0.0689281946555153 -0.526162248182865 0.743704991001028
0.0115902254484984 -0.0337550227650445 -0.659107004939707 0.085374708550693
0.0286893431415654 -0.0137097420707785 -0.0821265131346496 0.0627030578734945
-0.00998794697256017 0.0166547794181243 0.646608183869311 -0.0324382358194249
0.00493655036299908 0.0129858822828611 0.552305692306311 -0.703108504251509
0.0247713374226581 0.00350563171951555 -0.289357925448339 -0.806158792347373
0.0297836219658619 -0.0235360554038228 -0.63300068850937 -0.0932482180509234
0.00184359848854305 -0.0446216737130072 -0.297368241696729 0.301705163581245
-0.00655912155644628 -0.00993721862734312 0.0664332514594146 0.142807277949747
-0.0181232782169895 0.00381839920059422 0.150326237419538 -0.153139962485108
-0.021695384908375 -0.00702333579425896 -0.129856530810875 0.1548916696857
0.00615163997657829 0.0107923961110711 -0.0653536749866982 -0.155311759598414
0.0253861365443023 0.012297507285716 0.26663323124128 -0.276026676894665
-0.0190580944251148 0.0142484467686725 0.530251958326581 0.149503856323516
-0.0565241958568813 -0.0191382425172524 0.190912650754717 0.809810114367682
-0.0412438780018463 -0.0744388987829339 -0.575893894515123 0.71559930194189
0.0118930307754693 -0.0291993415698909 -0.656252817581386 0.0593332731255348
0.0243271451710725 -0.00872639029187701 -0.0596478845191928 0.06898873260387
-0.0129405862259195 0.0201061962429708 0.6546977761047 -0.0600426918372618
0.00360379952984605 0.0102561140394333 0.503565186973314 -0.730688359262563
0.0220996238205992 -0.00441246672055245 -0.342760953032898 -0.781758061019076
0.0270105292451226 -0.0269014847196269 -0.631611184938373 -0.0590242215827858
0.000708718711654624 -0.0387043845486997 -0.272624084371062 0.309210684904568
-0.0068064993207078 -0.00260733091321677 0.0798148914440045 0.143255258738943
-0.0159283546903341 0.00809141255219105 0.145170084266197 -0.155413094702453
-0.0183495758460462 -0.00268090221108244 -0.135200358599026 0.152116451600154
0.00348354283134354 0.0163804474080984 -0.0565798536881896 -0.151741862365671
0.0222641280891376 0.0192893736752188 0.287846799983232 -0.265124783470858
-0.0200373086305122 0.0162000360916647 0.529362489367602 0.171870620331086
-0.0554737703092388 -0.023437409767211 0.146329565669418 0.824647956342859
-0.0393333545424948 -0.0756368935406787 -0.618802309286445 0.690503572622526
0.00570445510288213 -0.0260060584123311 -0.652385835504842 0.0410888539782694
0.014014066766427 -0.00673945066184258 -0.0394315764949143 0.076792806235456
-0.0209336254104184 0.0239676857643085 0.65937133533185 -0.0795712917599539
0.00266505536154447 0.0106209231050373 0.463616215952573 -0.753191404124827
0.0223125000990937 -0.00788088886211057 -0.38186971294146 -0.764168216055355
0.0251582659307133 -0.027638525154398 -0.626489740292211 -0.0315997029297533
-0.00104793147260498 -0.0324926194739461 -0.249636033811337 0.316567831859021
-0.00832628121150424 0.00377866017025611 0.090628545947639 0.143435642115491
-0.0139391338224724 0.0126608907311456 0.138617599482879 -0.158018529535877
-0.0167818849767332 0.00115365316074646 -0.141810464163636 0.149104881136859
0.000247147684243665 0.0196520243806758 -0.0528684648717306 -0.148183626857583
0.018970429513183 0.0263244488304406 0.306388865260644 -0.257710426230573
-0.0210791110282465 0.0202692630432339 0.532123354587873 0.184659315621025
-0.0531472265005355 -0.0227132641225068 0.117927482383158 0.828209010177823
-0.0392166943058392 -0.0724684609957152 -0.646299683080342 0.669689089498764
-0.00723730802135975 -0.0240349219627987 -0.647693253508423 0.0302742953212529
-0.00211112994296855 -0.00657924487703519 -0.025227418484505 0.084806518106697
-0.03094783147034 0.0274172965542659 0.661698664643929 -0.0906856523707945
0.00193845738315362 0.0154423098179119 0.438060365552951 -0.764485734823579
0.0251371439360581 -0.0068741062822086 -0.407481660512836 -0.749141336782508
0.0243694820486151 -0.0247122822626576 -0.618331653647189 -0.0172234553727918
-0.00341551533660261 -0.0253250782809644 -0.230372488585332 0.319007592337578
-0.011385699675373 0.00794491017170407 0.0971568525115916 0.14559197981562
-0.0125637395280168 0.017047581596811 0.134032615664035 -0.16098668148645
-0.0154628734935555 0.00322241751803726 -0.146409898582045 0.145661292597479
-0.0034400828413651 0.0211344830333151 -0.0537156251825987 -0.144933958223346
0.0148737425857169 0.0317485721993497 0.315610638234017 -0.255249763486863
-0.0205963971484208 0.0271407253334567 0.536216683198316 0.186284637833718
-0.0478969888445037 -0.0153092691380333 0.107919992174714 0.824618212285181
-0.0415117001972564 -0.0639527558288758 -0.65158147521764 0.661979683376294
-0.0232823360844528 -0.0237286567612529 -0.645148300932931 0.0328970416086981
-0.0219994667081629 -0.00961200971901412 -0.0187729683339209 0.0913785687432907
-0.0448474180018541 0.0309501562184134 0.664135292230418 -0.0923168260497962
0.00297121591649318 0.0238722809428852 0.432376172565235 -0.768876265332746
0.0310014267765217 -0.00134722085397801 -0.412025038429443 -0.747396111603444
0.025644360785225 -0.0190786222809177 -0.610876317166971 -0.016629891989477
-0.00711970970897243 -0.0199204637287582 -0.218908030506511 0.317457858452192
-0.0155689819655115 0.00942292271938732 0.0993930815442697 0.14668306999517
-0.0116846986711322 0.0190458179897476 0.129410378008211 -0.16381095272332
-0.0143144603311077 0.00435686207202421 -0.150106793340876 0.142775970732512
-0.00727312225384532 0.0215103580532375 -0.057822933490138 -0.142372769167711
0.0110657395215763 0.0344417541444112 0.31832159509351 -0.256199027595212
-0.0179463001082572 0.0366056636167564 0.544960362320997 0.172433535353799
-0.0429448409016727 -0.00359206468885251 0.126319403397918 0.816042679454196
-0.0470260637286353 -0.0551337652214917 -0.639446995244472 0.670111971620178
-0.0402416061902245 -0.0245273168515985 -0.645698481935339 0.044056043006309
-0.0420781679620059 -0.014167135288282 -0.0207473456947166 0.0972571337498029
-0.0592977347456477 0.0334421111029575 0.665885305896598 -0.0809781380067014
0.00224803995573283 0.0341910603540155 0.445768741784317 -0.76225156651781
0.0390193708252768 0.00806081589681049 -0.397972735782001 -0.761238964203998
0.0272587298724584 -0.0109587229839135 -0.604547769048914 -0.0294274432262418
-0.0115921184155954 -0.0167067422417577 -0.217662922960719 0.317206551571307
-0.0187867179609832 0.00912782223126888 0.0978901219620375 0.148639167127323
-0.0116164291585038 0.020685315642677 0.126725688749194 -0.165740687797687
-0.0150942700401144 0.0046403957508379 -0.149951927196364 0.142119578028506
-0.0106360903103548 0.0181246132157988 -0.0668789996319163 -0.140832665405164
0.00865505027500108 0.0346478270958705 0.311142665374603 -0.26402788397682
-0.0149356015413894 0.0465484140427941 0.556349635152683 0.147319257998816
-0.0353598592495354 0.0113190040870562 0.161069832719722 0.804046685399762
-0.0506351937784878 -0.042839457282382 -0.609012200187036 0.688409315520922
-0.0553066772847432 -0.0270065814672388 -0.647440518336067 0.0643919541221115
-0.0592872870425977 -0.0203327330509274 -0.03193553707349 0.100001312649398
-0.0724800124730116 0.0324235020501697 0.667026505344939 -0.0623230881804699
0.00255896167558311 0.045027628593339 0.475583829402519 -0.751433719438768
0.04626511481983 0.020572347819771 -0.367881484536788 -0.782522760959169
0.0298518761678594 -0.00324249413708305 -0.602167842082415 -0.0546413837140307
-0.0151952015576234 -0.0163677655532417 -0.225463564418996 0.31374846621895
-0.0228306030993083 0.00513238391631685 0.090225276500315 0.150659719800014
-0.012247274202992 0.0202102093245542 0.12711831141639 -0.168283372060326
-0.0266969494936943 -0.0129765645054231 -0.123007122988018 0.157353169627459
0.00595084215407934 -0.00126434820099458 -0.0938392216230266 -0.159147102502691
0.0248081782901054 0.000339503504276927 0.223043704585926 -0.29872513151879
-0.012987847134745 0.0225197232302704 0.538100492048672 0.0826872105665845
-0.0483702724419462 0.00470245987108756 0.298820593023527 0.76883783393423
-0.0480300277285664 -0.0590828676570641 -0.470492992586413 0.772681926317345
0.0050123544969578 -0.0367883375147383 -0.66327612852409 0.116327573842598
0.0246723747593094 -0.0202908837542744 -0.104631033635777 0.0591689497674097
-0.012656729514922 0.0137885260858175 0.641380883289949 -0.00891096272999407
0.00463659292259242 0.0193638967073437 0.597643446856439 -0.675171461145512
0.027897111818147 0.013716807101733 -0.242743474401897 -0.827716013627154
0.0320386677605082 -0.0176372172484538 -0.634190375245509 -0.125653297802775
0.00176789411425614 -0.0486229109638021 -0.317686001720846 0.295627748363127
-0.00744475802809309 -0.0164696084753777 0.0542358289210253 0.146231615933764
-0.0189959935608916 0.000342758863046463 0.157909984689273 -0.152634061942419
-0.0242469818239741 -0.0105944045159792 -0.123021013144043 0.157281298576285
0.00746364295373756 0.00515476965583174 -0.0788928837225261 -0.157335475197787
0.0262643969109211 0.00429203695151275 0.243481719261927 -0.28728303765938
-0.0163986498634197 0.0178800456289143 0.535117563452115 0.115751951655438
-0.0535886493544776 -0.00893539781739763 0.245110449774831 0.795014041469464
-0.0451075934390183 -0.0695350931042758 -0.52575456980952 0.749577295125038
0.011568714411538 -0.0329113750360091 -0.662179125796793 0.0871171166671058
0.029574538181689 -0.0132959411568356 -0.0820758498347376 0.0631253563292166
-0.00974078068774866 0.0159845815120979 0.649884249247584 -0.0369660352048343
0.00462902034007509 0.013382435409382 0.549672466068722 -0.70708022515111
0.0245100655233589 0.00275823544638531 -0.29584876369415 -0.8076719933925
0.0296696976907046 -0.023588275773809 -0.63642741039986 -0.0903429585970293
0.00155833830248644 -0.0437210239931169 -0.296715239968234 0.303551476394254
-0.00557720249815802 -0.0100690781319201 0.0666568119891846 0.144100553124873
-0.0177475069359738 0.00426660370913536 0.150965551566794 -0.153809451297683
-0.0217405544162988 -0.00644316705693084 -0.130070142999708 0.155037131610568
0.00681682876074227 0.0105211884607415 -0.0684396135975245 -0.155220932416312
0.0254274426248456 0.0119928523962878 0.26758392790667 -0.277979451318371
-0.0188744309768614 0.0144813380216545 0.533876339147503 0.14656769498843
-0.0565365357602646 -0.0192818762011037 0.194462753309903 0.814305338122461
-0.0418872230299921 -0.0750132759816217 -0.576337516086192 0.721771266683781
0.012852496099218 -0.0288195632437767 -0.659713678986983 0.0621641587502609
0.0251909762171481 -0.00939257443965434 -0.0595363942070396 0.0694292328179541
-0.0125468600219048 0.0204057398312571 0.655889787400669 -0.0624847228964218
0.00352871118343627 0.0104265949675471 0.502057941148064 -0.735820273324246
0.0218012245501466 -0.00449702171746145 -0.349158680097139 -0.78165101713279
0.0273266535590042 -0.0276934501772364 -0.635366953489161 -0.0545217422361967
-0.000535582256965932 -0.0385531805480875 -0.272179004253616 0.312707303454756
-0.00705640497747852 -0.00311672794267137 0.0805330834896933 0.14415427959679
-0.0154924873486115 0.00817230850915287 0.145751585889823 -0.155454183618835
-0.0187435557829911 -0.0024599842033905 -0.135734522340411 0.153245363622943
0.00384533802089633 0.0161263273093069 -0.0592767960693496 -0.15142304659413
0.0227649072667145 0.0193640677364837 0.289163432619905 -0.268620352715098
-0.0205134954608365 0.0166270473911897 0.533956025955147 0.169806682028448
-0.0565532675881465 -0.0236625811700017 0.150990047592777 0.827088194455992
-0.0392256411536994 -0.0753352898541327 -0.61835485543514 0.69789405255608
0.00623661274982034 -0.0260347982232717 -0.653999481193114 0.0447169105111267
0.0142866872078604 -0.00634377310803519 -0.0393583474689971 0.0773831859493585
-0.019706823324137 0.0234941997193704 0.66179434104178 -0.0841344053239276
0.00251818474293888 0.0110167860252652 0.462267811742518 -0.758602458983909
0.0227168047362714 -0.00807473069628051 -0.388433773596413 -0.76221507391601
0.0254197256461826 -0.0278943977973681 -0.629038460761545 -0.0279506311605577
-0.00174909504066233 -0.0321702630822515 -0.248485985421034 0.319732826372213
-0.00858841430770819 0.0036942186859617 0.0900930963277853 0.144681490738984
-0.0136987654677426 0.0122982908637176 0.138783766691493 -0.158559912258
-0.0174085093360948 0.000707889337013941 -0.141583927608635 0.149846563776682
0.000731681647670681 0.019905700464106 -0.0548502444293203 -0.148729407294539
0.018994717522096 0.0256131605055764 0.305957578940747 -0.260013745472008
-0.0208756019713997 0.0208090122521666 0.535920586327165 0.181090030841694
-0.0535964224130559 -0.0222325774964111 0.122979050785057 0.831870757154087
-0.0393914502513129 -0.0729225108892907 -0.646418441598601 0.677244797686403
-0.00601259008054026 -0.0239592334477849 -0.651017463531363 0.0336500646383473
-0.0025845311646449 -0.0060181251570901 -0.0255497868014531 0.0857393213556865
-0.0302430503597113 0.0273657671493102 0.663875756405647 -0.094953166174792
0.00184331868097729 0.0163119403828792 0.43696815540953 -0.768885805579983
0.0257721639231212 -0.00736277356889766 -0.414264938918755 -0.75091888715375
0.0250938476406844 -0.0251542015962491 -0.620957381685548 -0.0132239110787401
-0.00441334961526946 -0.0250989818674342 -0.229842351173129 0.322425182796053
-0.0116772492816629 0.00757616688209202 0.0986430321750401 0.145729910060667
-0.0125334081270176 0.0164835902812129 0.133437733365901 -0.160846032231542
-0.0162331226983882 0.00328046190885306 -0.146469348011834 0.146301997554548
-0.0025653278610609 0.0220521875650901 -0.0544145675871351 -0.144212455153202
0.0145141176830654 0.0311456190655237 0.318337939677079 -0.256351766715175
-0.0203413435804435 0.0277876650250984 0.540437989137921 0.18289142342751
-0.0480895046114508 -0.0160302066225454 0.113873343337559 0.828137615579298
-0.0424755180562699 -0.0656723833980875 -0.654030294382781 0.667621547290516
-0.0220509258524206 -0.0232549335262812 -0.648747988134762 0.035595202977227
-0.0224237445513686 -0.00934602337035498 -0.0181116389456717 0.092926065442272
-0.0442566183505539 0.0313714303685789 0.664121551533246 -0.094722769226464
0.00250638014551289 0.0242097020312347 0.429904469998537 -0.773068884731759
0.0313324908648863 -0.00190532327389797 -0.417009197714215 -0.748867770965556
0.0247722502725846 -0.0191021745728359 -0.613117692464617 -0.0126523859840014
-0.0076781665624433 -0.0194991948515072 -0.217019044007717 0.321891869310722
-0.0146773954986298 0.00966228819201757 0.100509022004848 0.147131720366986
-0.0113428712179714 0.019487552604341 0.129804948033762 -0.164230855988755
-0.0147684017476474 0.00420534580323998 -0.149943946530458 0.143821238277859
-0.00778735327967581 0.0204620508023705 -0.0598908160548868 -0.142106043085523
0.0119971404230492 0.0346157714070814 0.318861591927261 -0.259515599478205
-0.0178327435231782 0.0373953097463675 0.549904682028663 0.170622626558553
-0.0426147068495623 -0.00386327731443781 0.13028357601722 0.818823622989052
-0.046434328879192 -0.0550146357998071 -0.640652919426374 0.675288264555852
-0.0394125913781025 -0.0244703443397972 -0.647489765218594 0.0474993292229221
-0.0422618782427957 -0.0138019305729501 -0.0204317458398546 0.0983498532876179
-0.0585732335536803 0.0335808501248616 0.667108281435206 -0.0845235790552987
0.00220186359648081 0.0346642905758723 0.440620196465623 -0.767685310311922
0.0384553044812055 0.00779066523866443 -0.404295954729721 -0.759459017541225
0.027434916779081 -0.0125617394279111 -0.608954243901831 -0.0255308714501412
-0.012237845321068 -0.0166440751571176 -0.217026915140505 0.319839489989645
-0.0193397502715239 0.00905493951308706 0.098427193990435 0.149439336380058
-0.0117355029965609 0.0209154267711748 0.127860287315129 -0.166696385458367
-0.0149426346539963 0.00369464500909733 -0.151604101528244 0.141768371838668
-0.0100993131868676 0.0182610601193624 -0.0691348078738489 -0.140570441786588
0.00873935808301617 0.0340563490016276 0.311381792629591 -0.266469847770121
-0.0150186418454173 0.0470068581118538 0.560616237217098 0.144758051849076
-0.0356788073415101 0.0105873568961953 0.165757059560631 0.805374468853759
-0.0507249503735519 -0.0430980546974153 -0.610629589129818 0.693047053519506
-0.0556540383492971 -0.0253910468203549 -0.649487262393839 0.0671833741635733
-0.0592861788165732 -0.0206583957496966 -0.0315137629645941 0.102031247103082
-0.0724436036168556 0.0327857165816171 0.668704438014883 -0.0644485658561742
0.00257167041771499 0.0452962159579296 0.474911783770626 -0.756896665890499
0.0464915356825982 0.021062924802262 -0.373216577351249 -0.783709014344862
0.0300929589006418 -0.00343672772694075 -0.605711233786021 -0.051920760362854
-0.0158360268480908 -0.016214960949664 -0.226185014734624 0.316883976364928
-0.0226101590057451 0.00522186185221726 0.09141148316254 0.15214350686772
-0.0123465274389509 0.0206207783096222 0.127183723853241 -0.168488179753995
-0.0263938827299006 -0.0139553936876942 -0.123686483004801 0.157731352111308
0.0069921297199671 -0.00199562857233901 -0.0955743088080526 -0.158473689091061
0.0253616295653189 4.99400043579463E-05 0.222335720496886 -0.301912162607181
-0.0127090399777685 0.0230594758273279 0.542502122278157 0.0803079951394014
-0.0491669682129905 0.00443440741847788 0.307488204925565 0.772716390288209
-0.048297860163338 -0.0589835522245517 -0.468203794669513 0.77693121020573
0.00543557457953434 -0.0361669042274791 -0.664409466057641 0.118866830100095
0.0256217671742638 -0.0206061326103231 -0.104573611345911 0.0610819647233435
-0.0127576805927945 0.0139149743202485 0.646569306367096 -0.0135132158306573
0.00405837822323962 0.0201605659095102 0.594217957286844 -0.679738047385739
0.0283766446467507 0.0137181632593462 -0.2505177533016 -0.829422225468771
0.0325948870006808 -0.0181662485981245 -0.636652742125633 -0.12148837092553
0.000550792412978869 -0.047673875685347 -0.315006293733402 0.299887376920956
-0.00809440456135499 -0.016760115546956 0.0553008510513918 0.147663284114489
-0.0191440620825477 0.000814577704716367 0.156899968925417 -0.153460658485916
-0.0245265355260407 -0.0116282280280576 -0.124623662797402 0.157963894663571
0.00733104440305124 0.00488253970330493 -0.081640062421815 -0.157049506656679
0.0276179934617053 0.00459507939245204 0.243099071170006 -0.291627684904748
-0.0160105874722809 0.0186528840606711 0.540915537950058 0.111944316586077
-0.0547151744786289 -0.00856325945840913 0.253398763844529 0.797951966435262
-0.0457459866233986 -0.0687206327254286 -0.522693666652277 0.75513513341289
0.0130262014851163 -0.032532855923657 -0.66463323135334 0.0908006100934802
0.0299978995276682 -0.0137703314972701 -0.0821342553915133 0.0642291305882688
-0.00956321528909147 0.0169828694316104 0.653269039205278 -0.0408035433697765
0.00375605717049282 0.0130562812864079 0.548415542118121 -0.713523078978919
0.0237426137544197 0.00217670218203179 -0.30282540333673 -0.80768006922948
0.0293409667617613 -0.0236088700275244 -0.641458101424362 -0.0847300266928867
0.000437606270172741 -0.0440830285147256 -0.296950043933501 0.308580794117757
-0.00600491044975694 -0.00986751237600263 0.0677597764946531 0.145397432839891
-0.0174464067769007 0.00393177244026055 0.150292174599688 -0.153980670508472
-0.0218365988434419 -0.00662342202892399 -0.129717951674897 0.156988033484256
0.0066121019861997 0.011240004791422 -0.0704016007993257 -0.154777731446838
0.0264401771931447 0.0117506813970011 0.266812133601197 -0.280935170642859
-0.0189595136894551 0.0161680746756913 0.539455382561527 0.143129192816881
-0.056800234712445 -0.0192233028735704 0.202189184841471 0.818027014031735
-0.0423274136889587 -0.0749228312766717 -0.575189944799325 0.72742066154054
0.0124462714055831 -0.0281699749243964 -0.662405009259006 0.066935277934926
0.0254715463341702 -0.00857767000518799 -0.0593567162118723 0.0705162749655886
-0.0118748342866519 0.0209265457277517 0.657815846346747 -0.0664262076240523
0.00375991707829048 0.0116907621542647 0.4991462694777 -0.741524753014333
0.0219311838310565 -0.00406371609668192 -0.355663742188588 -0.782057851843031
0.0264035922810668 -0.028217520079462 -0.639380386849438 -0.0503292076547972
-0.000182666061901366 -0.0375808149480475 -0.272079738502299 0.317941848400972
-0.00721870802514531 -0.00292352706037818 0.0812398585079285 0.145162251768248
-0.0159403899239605 0.00769724272384515 0.14595327325676 -0.155601444020987
-0.0192520637309172 -0.00229098776323642 -0.135436326061256 0.154489531187305
0.00469923353311943 0.0164409993097624 -0.0614284161697127 -0.151859918992833
0.0227322837015705 0.0187083087439517 0.289299893281328 -0.271782033283266
-0.0209420582358769 0.0169111169284171 0.538307455725796 0.16701140431907
-0.0561135993113657 -0.0245923464746565 0.157422817439373 0.831561431101724
-0.0396950083183956 -0.0760998240109049 -0.6167500735957 0.704495355987546
0.00646458444437753 -0.0252188085686074 -0.65840772029167 0.0475932873823377
0.0150193378429414 -0.00672484738604455 -0.0396122650513532 0.0782672169618518
-0.0195447088235234 0.0248462166169525 0.664878364189219 -0.0880541471230616
0.00234711447691684 0.0117546277144709 0.458400917899369 -0.761918917880305
0.0215713203781297 -0.00859981420032837 -0.395322859984005 -0.7614674582343
0.0249903488595992 -0.0278362183329895 -0.633166258689933 -0.0241430653281869
-0.00199016381727423 -0.0309453402888324 -0.246885509919242 0.322737219092107
-0.00866789744170654 0.00412384600091674 0.0925740779531271 0.145886378218096
-0.0141670011914628 0.0123089387554165 0.138925742278516 -0.158808262679026
-0.0175433888217192 0.000424072994286578 -0.142251808609049 0.150115894509001
0.00130396905240983 0.0199724593878825 -0.0570957270351994 -0.147539028456817
0.0195489873555419 0.0262806683378212 0.306352045027125 -0.264590874077445
-0.0204694987711429 0.0212927069230566 0.541390391127486 0.179644068623016
-0.0542257447266327 -0.0232644337635222 0.129439156896647 0.836912775996012
-0.0395338212311752 -0.0730335635924978 -0.644077035138556 0.681419753636547
-0.00570106881631166 -0.0227923522963454 -0.653244411958123 0.0371740641033345
-0.00196411183961259 -0.00673906842449279 -0.0246705924058477 0.0873505612859024
-0.0314594780930568 0.0285221487039764 0.666829337425888 -0.0994705163484563
0.00245129434274976 0.0163641433618429 0.432941351082649 -0.774673991767085
0.026148568476597 -0.00746974213537173 -0.419864958486103 -0.75004316648942
0.0251035213339539 -0.0244100879614357 -0.625188300875805 -0.00957666258604067
-0.00508684734452082 -0.0253897429837792 -0.229424607114787 0.326047208524701
-0.0108565964319419 0.00794320771645552 0.0990774444130534 0.146316407523608
-0.0127743400032938 0.0160674594978773 0.132916403667262 -0.161996942805766
-0.0160107961688472 0.00297607581619681 -0.146014969703285 0.147663045424436
-0.00313975233158439 0.0219422383599373 -0.0560302349793717 -0.145289495495174
0.0154923789781701 0.0310567479488971 0.317552713675144 -0.259370640204611
-0.0194745006746808 0.0296176340522841 0.544892755112643 0.180497438185083
-0.0491490139127798 -0.0159881368415516 0.120975377880123 0.832771529217697
-0.0422696331953956 -0.0653869226798154 -0.651868887228135 0.675038007587941
-0.0222065368342511 -0.0230850990433568 -0.651231212970867 0.0405473957184523
-0.0211593997410413 -0.00891167412918251 -0.0186717536645267 0.0935535476654992
-0.0438118637483352 0.0321837383588281 0.670207586703965 -0.099624051531879
0.00304716718783043 0.0245677484964547 0.425808058750521 -0.779632797837711
0.0314684908363129 -0.00159336740054087 -0.424222259193093 -0.748010835895783
0.0260097626588219 -0.0194781176622866 -0.618319590152936 -0.0079309884881974
-0.00824116123169135 -0.0195830101718574 -0.215906983451984 0.325760303558572
-0.0150257181580409 0.00978595434265742 0.101750311392383 0.149134426556346
-0.0116438326771777 0.0191515724470073 0.129025636077502 -0.164602815597067
-0.0156252917082593 0.00440673238500868 -0.149755101083339 0.144228616447283
-0.00678980419982773 0.0221244493937314 -0.060148858803306 -0.141283294955821
0.011393535125694 0.0341840110365094 0.319256602040676 -0.261931290361196
-0.0173218730735277 0.0378650726153872 0.554155172195875 0.16624925384312
-0.0430967025083097 -0.00370109326717426 0.13730067769752 0.823983357698962
-0.0461063010660247 -0.0546149021966618 -0.638882687913708 0.681104165774175
-0.0389388497771903 -0.0233508427106427 -0.648592249867603 0.0506041001890285
-0.0426485306726673 -0.0141701653222931 -0.0210152148864445 0.100140328272999
-0.0578135120099561 0.0343345631995914 0.67130529563164 -0.0892420728737475
0.00212572277647873 0.0348719366793281 0.44011135088422 -0.773624277891497
0.0380873927385498 0.00745770604522497 -0.410157450882885 -0.759102677611442
0.0277993320807652 -0.0113901533618118 -0.60918300872714 -0.0225165415365462
-0.0121324957153336 -0.0166228300391522 -0.214796022786047 0.323140662103402
-0.0184558226252843 0.00890039159305142 0.0993640580497875 0.15023926923238
-0.0124916129651026 0.0204927140748206 0.12652311758314 -0.166448419849759
-0.0155024938572682 0.00349417486753789 -0.150108220428514 0.143142968657052
-0.00984214260753209 0.0184939394398721 -0.0707430410365761 -0.140797191352855
0.00826469217686455 0.0343415378609418 0.312196380071909 -0.268607166065109
-0.013545666328659 0.0480140591213362 0.564925489320531 0.141451247296129
-0.0364725153375601 0.0105013781830841 0.174234775564308 0.810194177017213
-0.0510852962644941 -0.0438545017951523 -0.609048547633788 0.701824678172165
-0.0551351886486841 -0.0250902874527048 -0.652065822289857 0.0704959830463512
-0.0591327549121276 -0.0207777554412606 -0.0312290890398532 0.102522978413533
-0.0729404976401974 0.0339014263882282 0.673497035022805 -0.0688887278484581
0.00300552861696613 0.0448028839494752 0.4712087632804 -0.761581344200888
0.0475426058760852 0.0187317295655859 -0.379217098058321 -0.782783293847841
0.0300857462277408 -0.00319633951663521 -0.609297644427296 -0.045906808382103
-0.0160719710137946 -0.0163820954128348 -0.223518097321986 0.319837272682535
-0.0229225483862813 0.00625990492201842 0.0928813264710886 0.152577942271646
-0.0126856092426876 0.0197948191651001 0.126613666669727 -0.168365172657623
-0.0272771956736424 -0.012531415694793 -0.123628643528179 0.159586266343466
0.00607694217306818 -0.000215236585545218 -0.0975883347218261 -0.157000552835383
0.025383502158546 -0.000881587300780095 0.221869494263333 -0.304680776863466
-0.0118485337220567 0.0242528400538228 0.546912221306613 0.0754393212880577
-0.0491469316483221 0.00455715273115286 0.315780715904392 0.774295189602058
-0.0482242795069209 -0.0596019514695106 -0.466824296297301 0.785807409639037
0.00614012339234538 -0.035470952958164 -0.668510042551953 0.123566822369854
0.0251626849083158 -0.02139856826809 -0.10454549094195 0.0625659219515938
-0.0125623965452491 0.0137303616219701 0.649373203622014 -0.0163501838016301
0.00506272510851523 0.020265943894303 0.592988782539244 -0.686529294790104
0.0281675146106326 0.0137562577757447 -0.257058422165237 -0.830127225783596
0.0325301974150199 -0.0186731041606732 -0.642289220244027 -0.116048362267626
-0.000322215409887003 -0.0480980486508159 -0.316335605937681 0.303648534046323
-0.00815746879476203 -0.0166204572216998 0.057406104034953 0.149007146510787
-0.0199101117230338 -6.56023620243616E-05 0.157289477146447 -0.154293212484252
-0.0250097603720076 -0.0105613622475626 -0.123489263971538 0.159150930911586
0.00874135207076476 0.00554762733876582 -0.0842500313494626 -0.156859952732874
0.0273293219111381 0.00448358921193503 0.243316857650495 -0.29364828588619
-0.0156842318829758 0.0186502350051974 0.544298559755987 0.109142201101613
-0.0548039906348869 -0.00848988082748888 0.260595205223471 0.801165694768491
-0.045892545512143 -0.0697025574698042 -0.520522256619776 0.76381248242394
0.013067767914029 -0.0319632683923969 -0.667253082308103 0.0959547601788403
0.0296854667527539 -0.0138096693540397 -0.0826491279430225 0.0646539457344729
-0.00839411251743186 0.017627529539314 0.656443499516779 -0.0450078280995691
0.00423280156777243 0.0135619811910134 0.544943967405298 -0.719212941837477
0.0244582957446415 0.00249035846789431 -0.311075656803995 -0.810142706903243
0.0297504272339418 -0.023928213672795 -0.644909729241418 -0.0815011582999623
-0.000153011213374794 -0.0446652395968193 -0.295068269057941 0.313405140725495
-0.00711534928816121 -0.00985148353446882 0.0684330039335331 0.14691684014881
-0.0178822393217199 0.00361035942530097 0.150472218062287 -0.155358213484453
-0.0226259426541632 -0.00636873815094528 -0.129176794197456 0.157304656698298
0.0075066074277752 0.0113935404436417 -0.0716648189098618 -0.155244697900736
0.0253354503255774 0.0115316249958054 0.267575238668211 -0.284226320484297
-0.0187355523642288 0.0176790717530867 0.545663979024775 0.140470181926274
-0.0578261858290592 -0.0194338721058522 0.211138611739774 0.820912614163337
-0.0422992032148317 -0.0755044590085085 -0.573546018967499 0.736225740720981
0.0129099580464314 -0.0277711177529871 -0.664305051527056 0.0703260805353812
0.025927616921964 -0.00938739580593381 -0.0591804441397253 0.0713520678043857
-0.0114317162299804 0.0209226565298022 0.661787301112994 -0.0715157698298894
0.00415046195000366 0.0109769218003603 0.496665047664142 -0.747985876009211
0.0222197452676661 -0.00561754505584519 -0.365057162536481 -0.781575850672492
0.0266648848759384 -0.0280312912270876 -0.643246088703312 -0.0451312538508028
-0.0016262190806732 -0.0388038555031049 -0.270093851481594 0.320682293006225
-0.00806442619159779 -0.00286797817115404 0.0822302787252985 0.146468643914356
-0.0161334423086409 0.00785063882561371 0.146281873733247 -0.156854049284137
-0.0190465932966702 -0.00229035486915159 -0.134820259824959 0.154897523632871
0.00529502755596088 0.0165391010006578 -0.0635587827424738 -0.151666774828071
0.0233462491070691 0.0195181414517199 0.289423192433105 -0.273759449400739
-0.0199209097104858 0.0185275381387681 0.544509632290627 0.162596734186501
-0.057550712570776 -0.0244118231638593 0.163810196048677 0.836460248178716
-0.03950388362691 -0.0761278160446149 -0.615919789587965 0.71175867529584
0.00702837495699464 -0.0248114394798284 -0.661901876301927 0.0517750555362458
0.0151533993403936 -0.0067133925376746 -0.0383925218315295 0.0788444873732315
-0.0189434194492402 0.024706660168855 0.66649792506725 -0.0928772775675518
0.00278508962297209 0.0118955374436717 0.458020155289638 -0.76976891036042
0.0217364869353378 -0.00878392658067694 -0.40242171514564 -0.760774470372203
0.0251110222507994 -0.0284954569254106 -0.637742661951987 -0.0184316003820136
-0.00316226884769255 -0.0319069037551243 -0.245732762791074 0.328720411546469
-0.00815192924202729 0.00372344238866462 0.093324100721008 0.145821503155222
-0.0140778041187806 0.0128870870478286 0.138609377334992 -0.159523465090245
-0.0177302440967748 0.000623593312482931 -0.142108232330426 0.152137030214787
0.00215544975253659 0.0202322513990815 -0.0585612440076653 -0.147366489342045
0.0200894615753175 0.0260841825656521 0.30743029868754 -0.267326361207045
-0.0205148785386509 0.0226858439763379 0.54712526331806 0.17619883472505
-0.054887390930723 -0.0230572049576996 0.137494667540646 0.840558163465658
-0.0398457780255711 -0.0729840040582236 -0.644033554413664 0.690631635371335
-0.00531333471407225 -0.021669157284548 -0.657443451259117 0.0419609662717098
-0.00118740370667827 -0.00641009621579334 -0.0242558866653952 0.0881720124194109
-0.0305109738244624 0.0277526232688449 0.669112808636021 -0.104374132741607
0.00231416115015806 0.0169414321902847 0.430724144434759 -0.78067433776615
0.0256377495118041 -0.00826176605725771 -0.429578784348915 -0.747676937407433
0.0243692802072143 -0.0250391712023437 -0.628276919553526 -0.00399896266034658
-0.00625801455546659 -0.024840054354306 -0.226225017703401 0.330327250433999
-0.0116470850462174 0.00838184224903967 0.100752278297195 0.147983416152959
-0.0127295216439804 0.0163562524323539 0.133223589824178 -0.162105653029485
-0.0163928618794051 0.00396004854706494 -0.146519654951994 0.148563414903104
-0.00220635083983033 0.0219923805184525 -0.058276074010175 -0.145049730535029
0.0151579691598764 0.0314718588218068 0.318290170925004 -0.263913377341626
-0.0190404324474391 0.0294197149880563 0.549143262816197 0.177192174567789
-0.0504758595834958 -0.0165978496911222 0.127930396055881 0.838461864228955
-0.0426693007915563 -0.0659900495860493 -0.650107161523894 0.68212800035884
-0.0217536543037146 -0.0217312070104977 -0.654156732605754 0.0437826672242317
-0.0218884809108956 -0.00802629274059385 -0.0174807178805049 0.0952863194863293
-0.0440053931915336 0.0318955767901332 0.67106190070513 -0.103957279556875
0.00296373236377916 0.0246019816659807 0.423794905365525 -0.785095039790418
0.0315264525631073 -0.00185207681104398 -0.432521169094619 -0.747198525260175
0.0246370499505329 -0.0195728333801241 -0.618873641100232 -0.00285862699641723
-0.00940186171707411 -0.0196568192706416 -0.214780214955803 0.330014996054145
-0.0152318103061902 0.00942175736293905 0.103301559227066 0.149810162830678
-0.0122771395587079 0.0190543712726533 0.128852790016526 -0.16513306324705
-0.0159388734373321 0.00445712544415097 -0.149457829789796 0.146257538459935
-0.00559102712760424 0.0211325726951031 -0.0630093582506584 -0.141668778092286
0.012430557115998 0.0342789066953946 0.320377131782503 -0.264773967782959
-0.0168335581635514 0.0392523917207518 0.55859504423176 0.164361008477258
-0.0442448151813187 -0.00398332673136703 0.146789081236858 0.828289182415012
-0.0475710302944459 -0.0553533071132923 -0.637723654550177 0.689601461086339
-0.0391129249767038 -0.0230866831814051 -0.653032975918625 0.0548330090210133
-0.0421112321172878 -0.013369482892082 -0.0196735920828521 0.100695919517203
-0.0588203149947379 0.0352741962608745 0.673982052628728 -0.093884968591352
0.00238473687982259 0.0351841845444448 0.438465299675477 -0.776472053977897
0.0396549593574045 0.00676780076633818 -0.417945810340548 -0.75974345924417
0.027495405862163 -0.012091033516792 -0.615668089399091 -0.0173213736863367
-0.0134247600673326 -0.0158817655232988 -0.214680522875362 0.327966078378331
-0.0187150648583286 0.00955348527089478 0.100742624764227 0.150320651560743
-0.0119958501792528 0.0202537298515451 0.126534028611859 -0.167011549531407
-0.0152001821829588 0.00439527525659561 -0.151296961233623 0.144849914300727
-0.00923246647145431 0.019077747010459 -0.0724211778122384 -0.140474703405364
0.00956394752448793 0.0341016291767317 0.313056244667971 -0.274940713230184
-0.0145292304345528 0.049227449958765 0.569667290046598 0.140134260712219
-0.0357883638983145 0.0104524574797886 0.181779911984904 0.81288352932321
-0.0516588506474726 -0.0437236838643855 -0.606977952876333 0.707947121979809
-0.0548676460945411 -0.0233766185605794 -0.654620392021239 0.0750631233591307
-0.059722162168353 -0.0192529267532066 -0.0307881884961334 0.103843790727114
-0.0724514642889763 0.0346429887198632 0.67532893462642 -0.0740575233150342
0.00322927201276166 0.0460245323693345 0.469855858445434 -0.767919506633987
0.0471909749162386 0.0194891188886983 -0.388124029073349 -0.781827107330233
0.030248790855532 -0.00402425761308026 -0.613912575557773 -0.0420634889885112
-0.016697654072866 -0.0161616721911597 -0.224437009958235 0.323846762043958
-0.02307933635336 0.00593564064369329 0.0943117416561708 0.153627875550994
-0.0127552472019394 0.0199326233269025 0.12681413878462 -0.169015829661761
-0.0278882962376364 -0.0129481196208539 -0.122340333897274 0.161291216486099
0.00747743776568153 -0.00128972531771282 -0.100972330097376 -0.156345026316104
0.0265431698608575 -0.000351848338569639 0.22069497077518 -0.309394505303153
-0.0125758355180841 0.0252810383824337 0.550784889188152 0.0701945499450683
-0.0496348816077085 0.00476196440058985 0.323776593047371 0.776102711650489
-0.0492564350677623 -0.0599770836551116 -0.462294214537758 0.793235930235062
0.00587730993861053 -0.0343714850574312 -0.672380081868256 0.129972457343583
0.0256469910238371 -0.020487847266691 -0.104634213911374 0.0640810345035705
-0.0128596066193835 0.0150962184177354 0.653269688317178 -0.0211617374596711
0.0052610536048865 0.0198295456431059 0.590015252835596 -0.692852663680074
0.0276485774485966 0.013249441662375 -0.26817712010414 -0.83190145292115
0.0330451964990357 -0.0188119113920256 -0.648348197682435 -0.112193757348429
-0.00106097184951194 -0.0482459018118835 -0.315442960893555 0.309109883350929
-0.00865388716155304 -0.0168574182513622 0.057827378199535 0.150144555287215
-0.0204478042877465 0.000325169396306666 0.15742018791327 -0.155006272688208
-0.0254914460519766 -0.0106964905696227 -0.123828708327099 0.160221103964609
0.00906939026694906 0.00575446257157964 -0.0861436900848288 -0.155887239302178
0.0275197733637673 0.00408188513047999 0.242467376836147 -0.297482921022014
-0.0159054014961807 0.020830623534533 0.550542439129487 0.10516692526759
-0.0561524622354451 -0.00958873587358811 0.270039620525375 0.803985203992693
-0.0467531422804419 -0.0705191677398297 -0.517093400878905 0.77180686244536
0.0132141210203189 -0.0319146177678962 -0.669367223944985 0.10150977587617
0.0301981522711618 -0.0140894347984879 -0.0832156110108781 0.0665309373622379
-0.00882038961617354 0.0173374934451749 0.659684485763168 -0.0498720511353314
0.00467040627497338 0.0141978099712075 0.542289409858786 -0.726486918983332
0.0242531117979013 0.00190030261671172 -0.320514589820298 -0.809270290380219
0.0290862983634506 -0.0245944153832689 -0.649150916672476 -0.0758349141333892
-0.000871173212641805 -0.044318192474634 -0.293612601768855 0.318039564689768
-0.00717311875854273 -0.00992161194801004 0.0698141191242083 0.148275744665114
-0.0185512913270954 0.00400280620911051 0.15091957571827 -0.156616668286628
-0.0230088394688411 -0.00724151383765533 -0.128599245663356 0.159259312656792
0.00814204171298645 0.0117201172795047 -0.0749679819780897 -0.154423597117945
0.0259137688208265 0.0110927210144286 0.266585409762735 -0.286919426058994
-0.018003066462931 0.0188410867581913 0.549348909842218 0.135446914379765
-0.0592674211721284 -0.0191721910290747 0.220416576629871 0.826331586108688
-0.0423474045095443 -0.0761377248821421 -0.569763613547087 0.743413738881977
0.014199981917297 -0.0276160752836615 -0.667807478167626 0.075413874508664
0.0268220570845062 -0.00909579636506509 -0.0596532722268363 0.0735054948665869
-0.010734939501435 0.0207527731939056 0.665617885280724 -0.0765304827899048
0.00360721761959355 0.0112331176117346 0.493033895871205 -0.755170845614447
0.0224806664895371 -0.00543864160289694 -0.373679616724067 -0.783454976501213
0.0267722564479903 -0.0284719897129649 -0.647880168780214 -0.0407885103660259
-0.00213654020498933 -0.0380317784479966 -0.268680335289252 0.326572602467575
-0.00734946197136057 -0.00269765447976357 0.084187430590693 0.147647310575593
-0.0160767196927266 0.00716349680335378 0.145647821474984 -0.158378030332444
-0.0201115408292826 -0.00256473080114036 -0.134420800087466 0.157358267245121
0.00540708545754949 0.0160160463132082 -0.0655026187279552 -0.151472541608237
0.0247400521877318 0.0191727273780262 0.288973045677196 -0.278964988770494
-0.0197688374777028 0.0183912570964045 0.549188868936901 0.158798220389056
-0.05862762595022 -0.0249973487069565 0.173640824363582 0.841422474318921
-0.0406335651659323 -0.0765209076978194 -0.61343245801781 0.718897088973666
0.00782271448166215 -0.0234895511612055 -0.662828124346405 0.0574191346997799
0.0153851705585857 -0.00628911871117546 -0.0381938180374208 0.0807108946122144
-0.0189510940441186 0.0254373710636124 0.668552540600684 -0.0984056357584965
0.00232686475605117 0.0122217151422198 0.451596824410367 -0.775773660322996
0.0219509281333633 -0.0094652236693675 -0.413264854604599 -0.761135000469495
0.0248847368858123 -0.0284256627268985 -0.640465245120634 -0.0118038071579632
-0.00371784918474588 -0.0318587547969934 -0.243869287538764 0.333137956617652
-0.00890909456069965 0.00319261457730706 0.095073205220758 0.147073072917006
-0.0140648461221227 0.0122853931019205 0.138243055518978 -0.161000980797286
-0.0176533594266639 0.000555607994218842 -0.141784920959499 0.153322490595664
0.00176886223829162 0.0209051552377623 -0.0593396347236665 -0.14731969851752
0.0203542301110164 0.0264392191489352 0.307637457448246 -0.272533122296583
-0.0202422911919863 0.0235255303825666 0.551829432534826 0.171780117813379
-0.0551454772743139 -0.0236412719662027 0.145595416533039 0.845479822770765
-0.0409243383754395 -0.073232161431782 -0.640488834371404 0.699776944690653
-0.00460166849736019 -0.0219106187536734 -0.660363640857968 0.0466651131501454
-0.00143612963459019 -0.00655873424487211 -0.0238858931600726 0.088517618825196
-0.0302002055410411 0.0295670088002221 0.672112603934721 -0.110188252825601
0.00195324710730051 0.0168189863191053 0.426089957934242 -0.787439336665845
0.0250523059838099 -0.00792916945156521 -0.437693859847697 -0.746879682098299
0.0245055614286616 -0.0256503198926378 -0.631651379339916 0.00139228904055877
-0.00728060254209806 -0.0251677008930509 -0.225468223376287 0.334826783407883
-0.0114515228409478 0.00789342159423346 0.102254585878823 0.147801431761121
-0.0129773541871752 0.0162858546048228 0.132671256434523 -0.163331276310442
-0.016305835367155 0.00352846006761757 -0.145543437087741 0.150696657484206
-0.00096449246423207 0.0224850372818826 -0.0601059294927155 -0.143875945295456
0.0158174844596893 0.0312937357539294 0.31924562249157 -0.267739747527645
-0.0182156168360227 0.0313773641261771 0.555675173149464 0.173009465527393
-0.0494842388543788 -0.0157387498782812 0.136609654363755 0.840542660116868
-0.0432823444145459 -0.0665618486243744 -0.649340756242449 0.691298931695804
-0.0215191052212144 -0.0209056455771201 -0.656008402266508 0.0491741606737496
-0.0220906555463107 -0.00838627511920501 -0.0165378047883732 0.0972027869497052
-0.043680450968495 0.033490759343338 0.674848777907652 -0.110597661304932
0.00258581920124656 0.0253120438846605 0.418289878364139 -0.79163902436175
0.0311028252707342 -0.00324282980552389 -0.442013182730642 -0.744601739528918
0.0255337597520701 -0.0193421671247756 -0.622631300075948 0.00187017499949508
-0.0102603921779767 -0.019514927066583 -0.214043935473126 0.334072516339647
-0.0146917721549548 0.0103592211767651 0.105600403346898 0.14960363153454
-0.0114591191009817 0.0184138566840375 0.128447342762844 -0.166030222928618
-0.0158420909746461 0.00472913773402261 -0.149422677993977 0.146858339299608
-0.00473062716871068 0.0217508645656673 -0.0659127146309619 -0.141922611532329
0.0119146088717123 0.0341411564590079 0.321326719319105 -0.270561351016024
-0.0155808183053085 0.0400559713360416 0.564570115161198 0.157906051678108
-0.0444765779961868 -0.00408706219742715 0.155201133939628 0.832967167309411
-0.0476807294683623 -0.0557621208273314 -0.635064293861391 0.696217667649116
-0.039185831242758 -0.0221302671224942 -0.656074120037505 0.0609525995379046
-0.0425906787576166 -0.0132284192029125 -0.0188612810513426 0.101641352363309
-0.0580392444157706 0.035732631706459 0.675436363976845 -0.100057339646202
0.00322239207942644 0.0356652628243451 0.432032517933818 -0.785238752516527
0.0387929474153432 0.00630464461445461 -0.426894595742089 -0.759481479201378
0.0275495265824053 -0.011995963975029 -0.617833563580536 -0.0126754359940144
-0.013379252015216 -0.0158649083782647 -0.212320725093783 0.331033557504295
-0.018919151439731 0.00898571223893437 0.102636083126858 0.151382767446226
-0.0121606129259252 0.0204218745865495 0.126031258608841 -0.168421314591795
-0.0165205499797985 0.00313443567024416 -0.150616865571601 0.147136107807787
-0.00835332481611286 0.019233104725948 -0.0741205992895291 -0.138908707389772
0.0093869219657961 0.0341520671406572 0.31265367476248 -0.277825995270099
-0.0126847149617285 0.0497384387059431 0.57569074922822 0.134152933233165
-0.0368625710141309 0.00990740062951708 0.189654235252314 0.819889374069725
-0.0513183345085967 -0.0435426298292224 -0.603827750723509 0.717172824098535
-0.0542241544268231 -0.0231745975965272 -0.65842421293845 0.0814118257034116
-0.060454684775644 -0.0190862736618879 -0.0293944100899117 0.10529322243333
-0.072408346040312 0.0355138265976583 0.679419595722603 -0.0800109574500436
0.00298824929060734 0.0463484821371003 0.46519300081974 -0.774218462963042
0.0467274577202379 0.018086170215763 -0.397184969122103 -0.780669052425559
0.0306966044623364 -0.0039171459863958 -0.616950741098417 -0.0357692301576172
-0.0170632118199574 -0.0156133659288801 -0.221640035994146 0.327892253127163
-0.0225858464859831 0.00511756688385648 0.0955648908336972 0.154264905841814
-0.0128763749613164 0.0190021449692956 0.125963850301191 -0.170180421591451
-0.0282496257941428 -0.0123448890612008 -0.122544000363844 0.161799946266377
0.00775212468133759 -0.000963290372163289 -0.103084808037265 -0.155146379545565
0.0261898822118157 -0.000278413891439178 0.220026153715781 -0.311868575470539
-0.0114472164039947 0.0262719358598053 0.554665489648064 0.0649705604781293
-0.0496637431490899 0.00469978535503751 0.334322464870735 0.777109615020597
-0.0494237689365106 -0.0594181749251782 -0.457828512282147 0.802411460609012
0.00736473445663561 -0.0346770347584531 -0.673398118282817 0.135861649054587
0.0257686501791784 -0.0209982820508233 -0.105067596261164 0.0660472536359157
-0.0121268070904684 0.0151581639431682 0.655734561843768 -0.0298090378227729
0.0049378958787 0.0201152819026388 0.58517658674681 -0.701722198314939
0.0280625202709078 0.013105661625342 -0.277690160243137 -0.831697532605737
0.0334569733710525 -0.0200869835137743 -0.650942907334053 -0.105744637802086
-0.00126737704437355 -0.048424548631078 -0.313146547552365 0.314629578639589
-0.00863871306341001 -0.0170469571260063 0.0592567275110202 0.152251358158392
-0.0204296759492634 0.000147602973354533 0.156127211484262 -0.156711376144365
-0.0264077944867008 -0.0105549650118159 -0.123481253041225 0.162080027357612
0.00911545776352201 0.00462099114912373 -0.0892018504021055 -0.154227770426458
0.0279569092767097 0.00383921621869752 0.241156514784565 -0.301931709705293
-0.0153299494420826 0.0213990531010272 0.553861463614291 0.0979048824945392
-0.056476142642296 -0.00881321879678904 0.28064958534921 0.806933366541554
-0.045826526084064 -0.0703922971481514 -0.51385162253165 0.778493899195534
0.0144895112311684 -0.0304686779957719 -0.671530524800078 0.10734705730661
0.0307134950939172 -0.0145624549552827 -0.082975959930535 0.0688984379848662
-0.00980525576249007 0.0176113606001844 0.661173538049166 -0.055703330061332
0.00465153178040702 0.0138857707878143 0.536839442577962 -0.736090924707478
0.0243196966813751 0.00197263547492075 -0.329287953430734 -0.808920423070883
0.029709879923922 -0.0248747417917392 -0.653570591644941 -0.0695944748181769
-0.00174981693757222 -0.0438300925211718 -0.291667976395967 0.323872710425466
-0.00730199409989011 -0.0107221995581405 0.072249188834212 0.148817054509839
-0.0181827918712298 0.00339191578803267 0.149334112212547 -0.157934569322057
-0.0234576171386066 -0.00672921995469212 -0.12892277553333 0.161449857472493
0.00852115668663918 0.0110552738373223 -0.0772443037533281 -0.152997419142148
0.0262032180577142 0.0115325575550731 0.266143519569111 -0.291851860297216
-0.0170678350315331 0.0186696387806524 0.55391041915699 0.128195594919391
-0.0599838458348895 -0.0194150354595229 0.230575980106242 0.827888293769278
-0.0433058915292048 -0.0759198057018865 -0.564896644062994 0.751168911205876
0.0148334810743102 -0.0276463086466489 -0.672338754325281 0.0820651460793155
0.0263286115297722 -0.0089175643854936 -0.0582434490928085 0.0738838724761555
-0.0101779677646318 0.0218673369037069 0.667948196765126 -0.0829673774717342
0.00473583498701809 0.0105967109430785 0.485973201666546 -0.762530550658946
0.0212925936844398 -0.00594402826013382 -0.383655206037601 -0.780705121034455
0.0276694205588941 -0.0283930146813698 -0.650347626812974 -0.0321740034131619
-0.00271440976270672 -0.0382270162555529 -0.265788786657905 0.331356408085727
-0.00702240813967478 -0.00199270597090201 0.0861023520570731 0.147832795468205
-0.0167223625418268 0.00786310075065312 0.145228980714504 -0.159851151918795
-0.0193898522261262 -0.00226825638049054 -0.13399985661845 0.15814171723295
0.00645211012858256 0.0167717525480281 -0.0676194209854563 -0.150332309468178
0.0256504832615866 0.0186945485227977 0.288564660758399 -0.282341576795417
-0.0186764526320572 0.0205171078368109 0.554830692717974 0.153984591922043
-0.0589468956526969 -0.0244580152959926 0.183137355613266 0.842460901804233
-0.0410981102518512 -0.0780744107584425 -0.610931434570157 0.728944546192852
0.00853494732773931 -0.0228118628924191 -0.665830540941228 0.0625828525163913
0.0153395613624401 -0.0066132669449097 -0.0372189405061397 0.082261844068218
-0.0177564188979508 0.0257328069826436 0.671760948401528 -0.10522789060575
0.00320486210584504 0.0120570243054753 0.446654215878676 -0.783162924414559
0.0217949038422233 -0.00960810668864715 -0.424195012703298 -0.75820130105753
0.0256749771062345 -0.0289280025248445 -0.64463016022679 -0.00662766770678039
-0.00559228507753114 -0.0311290656108618 -0.241551351851501 0.338157971313896
-0.00851147350691659 0.00341044555150258 0.0961661729947657 0.146794569985842
-0.0147780272700562 0.0123473624525016 0.13799274967722 -0.161603241179396
-0.0181773728879377 0.00121394111635393 -0.140145010729736 0.154893387728669
0.00354593701977238 0.0210814325161398 -0.0623725524592161 -0.14741975707814
0.0205362837848764 0.0264139489356538 0.306626961045685 -0.276379728759192
-0.0190750760869645 0.0241537116373742 0.557252496999231 0.16764377344269
-0.0560234000521428 -0.0229214067321076 0.156617638987183 0.8481135669919
-0.0415757250028172 -0.0738203249448864 -0.637653128224391 0.709804826733167
-0.00427742426744956 -0.0204274889761116 -0.663263504366517 0.052295090251802
-0.000451828906737341 -0.00651005758693438 -0.024398606357589 0.0898632714019776
-0.0294191485771105 0.0301626786050301 0.674958563227151 -0.11679710119176
0.00218187352975916 0.0177388469317665 0.419831945532563 -0.794612914939963
0.0251212323857342 -0.00784012448871322 -0.447777953296669 -0.745107568394011
0.0252193003015953 -0.0259146350979038 -0.634474818336275 0.00858732215230929
-0.00731082261434061 -0.023870133504696 -0.222493890086135 0.339211127600258
-0.0113345438228309 0.00757375622457894 0.104378471246635 0.148088024341705
-0.0127223658704245 0.0161405616565479 0.132456849708065 -0.164410614365425
-0.0172755100396582 0.00334709421299451 -0.145304634261061 0.152466552627647
-0.000280698538042499 0.0224276319792713 -0.0618623173309948 -0.14313481249559
0.0165382380342468 0.0311275450372723 0.318012559440088 -0.271227039494161
-0.0181652851585886 0.0317038781426537 0.561373595879866 0.167371434992641
-0.0508875057566586 -0.0166517430593861 0.148139929975885 0.845944245111646
-0.0437303969563129 -0.0669170390412579 -0.64582953187561 0.701396027276145
-0.0200011824133931 -0.0210413127598647 -0.66020138954555 0.0551669028299459
-0.0215424405513644 -0.00766345639868272 -0.0158756715324275 0.0975277523305436
-0.042982753899878 0.0337772626621339 0.676017572377995 -0.118032682374011
0.00243448361235632 0.0250759435707714 0.413136601293029 -0.797781958506491
0.0316897161898314 -0.00301454781711899 -0.451801305488584 -0.743952427671545
0.0253743093196267 -0.0203130517782397 -0.626495407223903 0.00820535933032563
-0.0102930591121575 -0.0188329869873021 -0.211551566243779 0.337533079725971
-0.015141838057922 0.0102696128691983 0.106772092053875 0.14935629816907
-0.012410246823527 0.0188654354281427 0.127908996807007 -0.166114264564374
-0.0165961386329304 0.0048205542280972 -0.148876605260273 0.150049818492125
-0.00404768348131986 0.0216278993606566 -0.0668162555427358 -0.140599311841869
0.012159182040445 0.0341036839593818 0.319283151661645 -0.274445079986019
-0.0164733998306736 0.0410444775692563 0.570196637095955 0.154527264857725
-0.0448379759669887 -0.00473904348199761 0.16465951500493 0.835187526671325
-0.0482404854609455 -0.0557864343493801 -0.632869067422677 0.706655572890141
-0.0388769861914203 -0.0210415561452833 -0.658292139860317 0.0655234850448501
-0.0425533046872655 -0.0128986211282335 -0.0186534837632184 0.103534298483072
-0.0579495924179419 0.0368811184154354 0.67775781007296 -0.105715323399735
0.00322268593197569 0.0350490593892673 0.426871878377562 -0.791927812581001
0.0391268215671897 0.00676773490291786 -0.43676574229048 -0.757484736679847
0.0275494293111658 -0.0132165910895523 -0.621856365318181 -0.00466980308196007
-0.0147284059573985 -0.0157201741327745 -0.209239991412554 0.337111705067202
-0.0191391438926157 0.00958998743876836 0.105179639611461 0.152293272832109
-0.0126419942598159 0.0198856493170245 0.125629341132822 -0.169292841891207
-0.0157360178018598 0.00423944010214552 -0.149306782045831 0.147904607077405
-0.00721080774006862 0.0194211037886656 -0.0759117159404151 -0.139413765280131
0.0108844395417354 0.0341604173742282 0.311978735624343 -0.283559036121951
-0.0124240732261144 0.0492019540476327 0.579362419670611 0.128833530709054
-0.0372450446739323 0.0104960904263439 0.201271602544691 0.821519645224847
-0.0527829508335919 -0.0432368218292026 -0.600224026035607 0.726264804006625
-0.0537781173785444 -0.0220792978362908 -0.660836633690601 0.086063359765173
-0.0596880532722167 -0.0194725828264481 -0.0294175767518583 0.106833865558819
-0.071862809386046 0.0366191947870897 0.680699083930121 -0.0862851120331109
0.00405576204923657 0.0471896973443024 0.458463689166205 -0.781880670512829
0.0472904064374136 0.017967791606136 -0.40693877864001 -0.779653683720149
0.03087357366249 -0.00459996082842544 -0.621242795427026 -0.0302109527173285
-0.0174143670157344 -0.0149852443681991 -0.21987440524659 0.332057022695642
-0.0230983716164325 0.00661904137296211 0.0973966212426141 0.155422055835091
-0.0131429915507204 0.0199286786969968 0.125183040443672 -0.171157137635307
-0.0289622191450575 -0.0121301251234814 -0.121253901593466 0.163466096204508
0.00903936884813298 -0.000880563294143529 -0.105984739681416 -0.153468011432307
0.0260830040066931 -0.00108432891255525 0.217359454330697 -0.315667822223116
-0.0113529991551182 0.0266648178933567 0.559359921543697 0.0584094435894697
-0.0504871376659969 0.00486409197512757 0.346791006071269 0.777761266683256
-0.0510388428663906 -0.0594587922831849 -0.450246496186414 0.808701164319371
0.0077906759861085 -0.0347304599721182 -0.675249441908818 0.144409142678296
0.0249777618720931 -0.0211380877611069 -0.104718510761697 0.0675082360829497
-0.0111993209088197 0.0154885822425112 0.657196250300774 -0.0346323670238
0.00568999754094971 0.0201836799225425 0.57863649662493 -0.70961041174772
0.0282786438136284 0.0130846626376885 -0.286840440986579 -0.831021280720389
0.0331151793453471 -0.0193230743283175 -0.655099608938829 -0.0988580737274469
-0.00244885723854377 -0.0467061433285672 -0.310836942601911 0.321595753294971
-0.00927916931136284 -0.0163144333501549 0.061291617302907 0.152680938757365
-0.0213907607335974 0.000480543435150908 0.155092545592341 -0.157438514540504
-0.025517188113125 -0.0097957070796741 -0.121995695216197 0.164019599069323
0.00983139734958636 0.00519021130644107 -0.0920248113509139 -0.154094018379686
0.0278564857264218 0.00488534053339385 0.240327227828053 -0.305621352157577
-0.0136774608003908 0.0223392792473091 0.558101710991585 0.0919402063719761
-0.0571986258979756 -0.0088438013029548 0.291633267248349 0.807720364361336
-0.0480223835459215 -0.0703232829778223 -0.506970344806349 0.787878337083836
0.0144357665644534 -0.0313522505339457 -0.67567754325299 0.115303694703734
0.0298706872258381 -0.0139644540807356 -0.0809389652260454 0.0703354741101799
-0.00790592865397186 0.0178066476234649 0.661848757120639 -0.0625702740420662
0.00517868022980725 0.0133455097683242 0.530364401901403 -0.742461117784849
0.0246347540424862 0.00223051603478156 -0.34090509777538 -0.806913839444555
0.0303422780629131 -0.0257389265087584 -0.658167448771117 -0.0611223153859666
-0.00324715396253938 -0.043725439307221 -0.289357647326208 0.328453450388256
-0.0073134639041763 -0.0103140763050987 0.0740644785089908 0.149494499179308
-0.0194460834732867 0.00334198061659882 0.148514544411013 -0.159167856063897
-0.0238460170604349 -0.00585649912885287 -0.128217426593113 0.162214743385644
0.00979672553540388 0.0110561101601495 -0.0798523731438939 -0.152373521174134
0.0269623595313135 0.0112090940283692 0.264408195528739 -0.296709008634069
-0.0181413443281995 0.0199279929137899 0.55749755781389 0.122022826153063
-0.0606751602786837 -0.0191212032090935 0.241205839612427 0.829966504319326
-0.0437340900043777 -0.0757995690890585 -0.561186066904208 0.762614878350891
0.0156103743640263 -0.0268925905196565 -0.672722983128866 0.0898042738994239
0.0274815254701666 -0.00981506767384354 -0.0580951164932105 0.0765945630555022
-0.0101540048090556 0.0219982891525295 0.66826842440051 -0.0890696825724687
0.00434470033380842 0.0115393492867834 0.481116326795643 -0.769191826449235
0.0220129424453973 -0.00634062631118892 -0.394923438088138 -0.777094596923456
0.0264379216516173 -0.0292520222869523 -0.654160950590997 -0.0249521970468275
-0.00381969320613862 -0.0377477446067796 -0.263799920432207 0.336121554228068
-0.00796574299150969 -0.00321928126769676 0.0880200825735918 0.148914835590794
-0.0169227281617311 0.00795107219908811 0.143953317449258 -0.160243905578773
-0.0205924584896847 -0.00150681398831428 -0.133051007680756 0.160801525154703
0.00734986656729151 0.0166097679512022 -0.0700082774074875 -0.149425828278612
0.0255381888090703 0.0187039591807101 0.288250092832499 -0.287864517374828
-0.018367423999662 0.021575285170524 0.558331438499852 0.14790175866272
-0.0598826256326444 -0.0240393288809058 0.196060802481047 0.845546489805535
-0.0417164535927415 -0.0774595374099881 -0.605061557315116 0.738942382191043
0.00988010236708118 -0.0225182647413728 -0.668558601111685 0.070189995039507
0.0156196110138301 -0.00671647691711056 -0.0373067733794984 0.0831877677506494
-0.0172503673853966 0.0268440212689048 0.672539578594592 -0.113054374359717
0.00286888061922126 0.0126968748050473 0.438532417699305 -0.79089142743445
0.0215642647907471 -0.00959457447701085 -0.434535597033086 -0.756834747554217
0.0246432902740495 -0.0282813613627783 -0.64649684187878 0.00175338518274423
-0.00555025187001499 -0.0306866320338151 -0.238703169711224 0.34280200907594
-0.00898893382322916 0.0035632183506937 0.0980112153290638 0.147981784172854
-0.0147486884406763 0.0123897637894513 0.136851934779369 -0.16266433301824
-0.0186847859446488 0.00154555196657834 -0.139316988472041 0.156954075840604
0.00457593187481136 0.0203876913228747 -0.0639725532437611 -0.146240089897199
0.020552232730653 0.025464542098436 0.306094734297652 -0.279939469123663
-0.0177033039771279 0.0257461512409392 0.563213190148253 0.160856403817688
-0.0568614897563716 -0.0232489398806186 0.166640597010812 0.851516904335142
-0.0420548494037375 -0.0740393313271586 -0.632750727167582 0.718395915545779
-0.00335123987710024 -0.020846733382691 -0.665842508211744 0.061339287066548
-0.00165143583320766 -0.00558071675343557 -0.0226478097954345 0.0916250273042552
-0.0289585834184242 0.0299516046925309 0.673233525483233 -0.123250912137229
0.00344554871865949 0.0178429806928068 0.410114245076287 -0.801015262972121
0.0256404660457656 -0.00936998604018534 -0.457826811429705 -0.743173622695251
0.0240061646403315 -0.0264020881991667 -0.637748523176656 0.0173022235619465
-0.00818161691485688 -0.0233328744047843 -0.21909503936261 0.344489590785411
-0.0117392765727601 0.00823812685620126 0.106304030925353 0.148379463456772
-0.013393256626741 0.0159552944698189 0.131727839675474 -0.164817782030173
-0.0172482983128443 0.00371200891011232 -0.144180582793291 0.15436999817972
6.7922147057569E-06 0.0227315641096191 -0.0637729963328538 -0.143080768936196
0.0166620456695939 0.0312684051671077 0.317300470969892 -0.27715341563982
-0.0170307954025604 0.0325935447863928 0.564821112694554 0.160458351729866
-0.0519397556395706 -0.0161773310129794 0.160041178682935 0.847325942432467
-0.0447118189880037 -0.0659286721076274 -0.640179981359064 0.709574765105074
-0.0201515928564289 -0.01982120906725 -0.66126023039682 0.0619572295088086
-0.0213586174616409 -0.0076950541744394 -0.0146310787233064 0.0988277365960344
-0.0428050436526343 0.0346361529323498 0.6773912510874 -0.124984919791141
0.00368067546660953 0.0254369834868352 0.404696732528306 -0.805235523915006
0.030143118524188 -0.00337196243358876 -0.462414948048422 -0.74095442415289
0.0256119589291767 -0.0203960987592859 -0.628677438824557 0.0160128363487874
-0.0112647206862024 -0.0181754456232179 -0.207067052007705 0.342528966933596
-0.0157032510511209 0.0101451426988723 0.108621896924672 0.149915358095511
-0.0123213848926955 0.0191510519889131 0.127233526870485 -0.16813391848089
-0.0158739215124721 0.00566307273121918 -0.147474423963831 0.150690496109355
-0.00340709759253933 0.0219748525052363 -0.0686272765006379 -0.140847867843468
0.0126844099747124 0.0337864490617842 0.318605604295793 -0.279143817955965
-0.0145369521713521 0.0423181455717746 0.574368532159711 0.1472193691584
-0.0445646111276661 -0.00399793767193438 0.174963608216122 0.837678720709689
-0.0487365008159607 -0.0556916204962143 -0.626702872361404 0.716031892427379
-0.0380679350027066 -0.0199580353049191 -0.66111513719301 0.0745655265540934
-0.0427780691420106 -0.0122780172979877 -0.0177074694173722 0.104767402599638
-0.0578778176235566 0.036614627654558 0.679495574312684 -0.114997806614513
0.00409956640521846 0.0363901398852669 0.420538300098995 -0.799240683770698
0.038630762297767 0.0053237461876052 -0.44731373394932 -0.753359625822605
0.0282084401823624 -0.0127048665120713 -0.624479086821019 0.00205114404835648
-0.0147677873493378 -0.0142887817502549 -0.205995945333434 0.34069820119235
-0.0188864523536484 0.00905709434904574 0.106666462232837 0.152345577774699
-0.0124431928459848 0.0203872584523235 0.125208769989543 -0.169472609881265
-0.0165838435790489 0.00455548469785618 -0.147757843768323 0.150493087475889
-0.00607779715680606 0.019010340068065 -0.0782820340813524 -0.138166020730991
0.0113223357128016 0.033870490359233 0.309935877755413 -0.288504048369224
-0.0112200032780775 0.0509251350764267 0.585081852536536 0.120968445551296
-0.0376833260681984 0.0100403570250534 0.212791349458932 0.822997069764245
-0.0531626057187297 -0.0437226639333045 -0.594906797489153 0.734132514987556
-0.0538607550876128 -0.020438948115011 -0.662142983707506 0.0949407805567221
-0.0599669841001506 -0.0178717555124539 -0.0270983901214431 0.107331886838284
-0.0717276794192527 0.0378882923772456 0.683369739638503 -0.0937312472632102
0.00401092158148983 0.0468982886423279 0.451169338048857 -0.787900581396802
0.0472277171285949 0.0177161677966192 -0.416404971501952 -0.777795950413404
0.0315190354633938 -0.00505872960754309 -0.623641038274005 -0.0219760969022043
-0.018602647872973 -0.0146498271216381 -0.216439839955227 0.336994740696774
-0.0230118780066789 0.00634925208728888 0.0996427976026787 0.155492214401686
-0.0135400271115963 0.0197478255989107 0.124846637031854 -0.172350051621962
-0.0290343980446188 -0.0114091483180467 -0.119301069003175 0.164973567626327
0.00922300426235251 -0.000933755644533955 -0.108712423137201 -0.152177126777568
0.0264578204208249 -0.00126005232409274 0.214908896755822 -0.319554825421251
-0.0097575430627013 0.0278046499316245 0.561424655389428 0.0493526411336405
-0.0510463853680235 0.00574067756223662 0.356436934069438 0.776732318678337
-0.0507865067341857 -0.059709420353809 -0.444136153047133 0.815880808023576
0.00741753211916174 -0.0340021554865198 -0.674836476836025 0.152004354792059
0.0262513821309598 -0.0222758403863959 -0.105078423063548 0.0695419131119479
-0.0117034798310399 0.0157205616363644 0.659843306664013 -0.0429485330999536
0.00552965478313994 0.0202494408385722 0.572639683758723 -0.716997388032536
0.0285132073700824 0.0120634218172055 -0.298760169296394 -0.82884447079118
0.0330578536915955 -0.0198849923146375 -0.660442418128411 -0.0902466957248823
-0.00334042209736007 -0.0465744573405441 -0.307971381321956 0.326858077441183
-0.0097562763341079 -0.0167984726320533 0.0634119878746261 0.153707143553077
-0.0210209987842949 0.000499115235088301 0.154645252947728 -0.159711220269968
-0.0263854320700352 -0.00918211749903378 -0.120598633457986 0.165017177047207
0.011009275839573 0.00488018078243884 -0.0942968712132162 -0.153070839299796
0.0273356154240453 0.00370239335272684 0.237797225479628 -0.309699354927025
-0.0136156764259072 0.0227620328850766 0.562474486515275 0.0841584866678198
-0.0571894319212917 -0.00828888293340003 0.306293679936078 0.806834295215224
-0.0486469515548951 -0.0702644487936873 -0.500217401085689 0.796582613266045
0.015285677455089 -0.0296663862804709 -0.674942425162275 0.124294005426301
0.0304343782210196 -0.0144073198085202 -0.0821331911443516 0.0725496447375961
-0.00722206672830679 0.0178536386262397 0.663986670184498 -0.0711776950687359
0.00489658605039342 0.0141921679205477 0.521780845952408 -0.750370721604169
0.0228569832861245 0.000979112813730599 -0.352843382438843 -0.802967475025788
0.0297709178433333 -0.0265991375008631 -0.661082813751417 -0.0531190650426546
-0.00408265000784465 -0.0433953369735846 -0.285910394270165 0.333599502605394
-0.0082657232321382 -0.0106373462402998 0.0759538266794773 0.149963572003894
-0.01931078036464 0.00304003908347247 0.148344960766008 -0.160096525147978
-0.0241051788563066 -0.00598581058074674 -0.126682505213061 0.163920151860979
0.0101467776409325 0.0108681626941687 -0.0823518217871025 -0.15160452296654
0.0275236458502994 0.0100018666625501 0.261823269461206 -0.301219102693106
-0.0156040258407383 0.020486084723211 0.561597751138779 0.114767601525414
-0.0604650761062214 -0.019364560271579 0.253087149193307 0.829436792958813
-0.0442088681632227 -0.076156440672949 -0.554607907690131 0.769188956078188
0.0156806563055955 -0.0263639725883175 -0.673699496563971 0.0978820051709443
0.027412453080088 -0.00929955146989075 -0.0578152289257007 0.0773037087114587
-0.00939584366691307 0.0220789653946392 0.669411615741698 -0.0992663330784393
0.0045550469781267 0.0118231490962723 0.474476428888394 -0.775741128662797
0.0216692899932017 -0.00644799612015725 -0.407484144987673 -0.773779900616856
0.0258125672641924 -0.0290664956204094 -0.657621801209818 -0.0167737627127233
-0.00468198562840537 -0.0368148500060553 -0.259981293545324 0.34104844544899
-0.00724125193628638 -0.00321511938529105 0.0900835793768649 0.149033336886698
-0.0179152629802115 0.00785130387257974 0.141816475183574 -0.161521213613064
-0.0208573187632559 -0.00151218162762916 -0.131477114731111 0.162192025913333
0.00819723261277634 0.0158616273626264 -0.0726804643210256 -0.14874057117787
0.0249784707634204 0.0174929243857345 0.285100816774272 -0.290550091211967
-0.0182352841716885 0.0221443287520143 0.563874158694228 0.141841269688669
-0.0603530097442983 -0.0230021008929189 0.208284455086454 0.847487810192135
-0.0421472416031139 -0.0778406113188472 -0.598485661913503 0.74728287387806
0.010144003652182 -0.0218817692594168 -0.670205003033862 0.0775267429698217
0.0166064092203156 -0.00648327175500453 -0.0359770287295891 0.0850178437086326
-0.016458462679013 0.0261815377999239 0.673630527174244 -0.120730815007792
0.00365868199663656 0.0132354035631536 0.430632924069407 -0.796353635554968
0.022129854787897 -0.0102929355719995 -0.444930823514906 -0.752513265917952
0.025346248724731 -0.0286399683059927 -0.649617592806201 0.0103719513278917
-0.00569812047744869 -0.0305896685910786 -0.235922260721896 0.346825884539093
-0.00902899068341129 0.00278035765659335 0.100914625306512 0.148765702181731
-0.0150404707524343 0.012201081326851 0.135862469083229 -0.164608116344063
-0.0186809366328064 0.00174091883033931 -0.13841730121513 0.159040893106584
0.00486829368981271 0.0202278117767225 -0.0673918925015326 -0.146087764358984
0.0213735240575782 0.0257448033723825 0.304915411688978 -0.286259301116404
-0.0182966764183012 0.0259006725970488 0.566109564351607 0.152827508399818
-0.0580333875627549 -0.0225544958463308 0.180844662982025 0.854521460802953
-0.0420867244249783 -0.0737751966265773 -0.626468102590805 0.728299855899605
-0.00258267840024176 -0.0193463741522295 -0.667778003991217 0.0677139996520679
-0.00103163613323798 -0.00573998673487272 -0.0210561482292989 0.09236268327617
-0.0288743811629577 0.030996882912885 0.675419322504186 -0.132669770205847
0.00278652421260693 0.0178854620847337 0.403561939300592 -0.806087454444582
0.0248541832331893 -0.00910872723491404 -0.470297688718782 -0.737427975202593
0.0243559983721461 -0.0259297667165606 -0.639691321519885 0.0264633652200091
-0.00862728412394894 -0.0235257047742129 -0.216735708674809 0.348374353846992
-0.0116833410219817 0.00808220066235282 0.108384782560194 0.148698621606016
-0.0138150073157544 0.0162429801172681 0.129975488023585 -0.165729723288991
-0.0179109582731721 0.00448764541901501 -0.142141600121165 0.155847084893647
0.000999149405900884 0.022129416300042 -0.0665272632931291 -0.142277115749807
0.0171059953558297 0.030463311223231 0.31503159839391 -0.282021379743633
-0.0165292359714608 0.033029647824127 0.570333388379563 0.154041487115932
-0.052841360794707 -0.016120295458975 0.171267204314579 0.849573514659459
-0.0458667015777481 -0.0663114292802797 -0.633368540707073 0.718973027713565
-0.0184750926786206 -0.0182446552722973 -0.663307120772499 0.0689978325608861
-0.0211554378448364 -0.00717520992488313 -0.0131102307257523 0.100076563366626
-0.0418708655860505 0.0346508027974254 0.678357064112279 -0.133876503839425
0.00438390355986794 0.0255464155710271 0.397414572174809 -0.812226137739502
0.0314276726333285 -0.00406080024032701 -0.473030095187519 -0.735587008577688
0.0256485544455227 -0.0206723107587947 -0.632680124010363 0.0244853176253046
-0.01132853749093 -0.0180943302365185 -0.205230590503485 0.346594710072531
-0.0150737777035485 0.00979385368880258 0.110984656799721 0.150260835039176
-0.0127094976088111 0.0189892737589815 0.126207274996464 -0.168869178176945
-0.016497432038835 0.00579393658304878 -0.14506139774958 0.152601630761013
-0.00210798652912598 0.0213648754225193 -0.0712141015198047 -0.138846307820959
0.0137364362919914 0.0335615550536162 0.316302307095263 -0.284932135144942
-0.0131761450203371 0.043222842158985 0.579295440370675 0.139692948520606
-0.046046480137256 -0.00334389676366506 0.189803546459093 0.839245153979578
-0.049273902213127 -0.0557106740289655 -0.620501618805945 0.725383589311158
-0.0373952511087897 -0.018505009942153 -0.66149322420811 0.0821381488814674
-0.0426026989623422 -0.0113912409272024 -0.0151899995608816 0.105111922806072
-0.0572710192874506 0.0387845714133564 0.680515372711848 -0.123367955838895
0.00416921555628087 0.036051644722351 0.411462548893862 -0.804356046802183
0.0387274838632763 0.00434473077340476 -0.457934556118855 -0.748004431004061
0.0283958997072863 -0.0132300604412167 -0.62666905109212 0.0101231458373688
-0.0155756346873909 -0.0143330922616179 -0.201682035507995 0.345146833462283
-0.018634315952767 0.00951247326204886 0.109392141520899 0.151924433705816
-0.0129569362395594 0.0206994506670305 0.123719630108185 -0.170834430100187
-0.0165044459132722 0.00472112865491769 -0.147078330541402 0.15251141729247
-0.00545940254544914 0.0191449536199766 -0.0803962891589454 -0.137341868249796
0.0112290488513153 0.03408997167529 0.307626599948672 -0.292643162834355
-0.0102539199863813 0.0515925845821552 0.587716453928186 0.114935557686562
-0.0376742227382552 0.0106986871033623 0.224210243377925 0.823447359316002
-0.0534659205471322 -0.0433274555234143 -0.588856077925566 0.745432036990125
-0.0530523591949478 -0.0194850508384381 -0.66324839803911 0.102468147756217
-0.0601476782807029 -0.0169213970201825 -0.025949324392666 0.109512449404809
-0.0714124291769274 0.0388229371124136 0.682870617943958 -0.103246428341842
0.00466331117845846 0.0474123520163319 0.444074541329993 -0.795503973810764
0.047315279789203 0.0171732991297316 -0.427941746870939 -0.774104655890149
0.0311485412892475 -0.00509990736184149 -0.62654523271437 -0.014054036680932
-0.0186298643122774 -0.0141815961538476 -0.211708300557306 0.341774561659862
-0.0224863456404841 0.00584209763073442 0.100897345254554 0.154506150341099
-0.0133206198107059 0.0203412292126582 0.123258448663869 -0.173216819447551
-0.0291216222584035 -0.0104802030025885 -0.117183110418547 0.166584700252674
0.00955813174645926 -0.00055273519716345 -0.111539197039625 -0.149910340938766
0.0265054245613278 -0.00186015028575253 0.210665770384842 -0.323556980267605
-0.00962360390155655 0.0283045817576806 0.564899734953745 0.0423391448326516
-0.0512674581774441 0.00625008239253917 0.367359492596899 0.774862198248036
-0.0519280851632087 -0.0591170060058305 -0.432817200542246 0.823824169585773
0.00783586565751932 -0.0333511128617713 -0.676030471787096 0.160032673905961
0.0259393872026203 -0.0217426877650095 -0.102959689833321 0.0713900726080565
-0.0113465058704748 0.0153033991352322 0.659626722117224 -0.0509696125553673
0.00532856217495979 0.0202234873962163 0.563931225795204 -0.724657199974767
0.0282033271083563 0.0122969341517029 -0.30902829741409 -0.823724606418514
0.0328190307880997 -0.0204848901965895 -0.663678817835919 -0.0823129924444987
-0.00398725817739631 -0.0466148290003315 -0.304511144431301 0.33059700568516
-0.00945081659912249 -0.0169888773436934 0.0657048932338808 0.153803024726501
-0.0217415968109271 0.000847037248181097 0.152725986958275 -0.161101739060731
-0.027005285839393 -0.0093527893435061 -0.1190721343144 0.167206362847067
0.0115954369837974 0.00492412612591511 -0.0963119289900244 -0.151235874263184
0.0276686631629922 0.00316540506769221 0.234973654076924 -0.313661788676161
-0.0122489604060954 0.0229543204715293 0.564864817381786 0.0771353753289186
-0.0574377786905554 -0.0079056451588713 0.317932166291768 0.804782358551519
-0.0481650158352312 -0.0703957924219124 -0.491146074648947 0.805122082774732
0.0155628562857889 -0.0299223955574669 -0.674156514531039 0.130665890297272
0.0312520427208192 -0.0155120579294674 -0.0813037132327353 0.074360412505636
-0.00606172127804755 0.0180823434947478 0.663792705591236 -0.081135109813707
0.00614737831066952 0.0136065903810421 0.514028323535509 -0.757716062532732
0.0236010130836051 0.000758918337141322 -0.362350334913131 -0.800159782672911
0.0286908154782256 -0.0262618937016741 -0.66292469859159 -0.0441480890899395
-0.00419619275926149 -0.04291074732345 -0.281441751072869 0.339292055810547
-0.00810819848098987 -0.00997132965603804 0.0780591481715515 0.151279055992788
-0.0201014562635688 0.00288679397539727 0.145511402761461 -0.161614121536291
-0.023953833482372 -0.00484352652688083 -0.124700260466376 0.165480763701706
0.010669888393097 0.0110408591681758 -0.0841563716549896 -0.149941835550257
0.0277811984753063 0.0100744139815804 0.258911746069006 -0.305194775352214
-0.0158308676248018 0.0207660948771876 0.563882044021679 0.108078374474212
-0.0611967683397322 -0.0177249499157822 0.266854040478254 0.82720268410823
-0.045991436410904 -0.0760814744953202 -0.545824424836441 0.778445178419982
0.0162787348216048 -0.0257914705717168 -0.674703823727775 0.104141870774931
0.0273746587030145 -0.00971652364691903 -0.056919207771137 0.0789245264426711
-0.00909212769281806 0.022884897703926 0.669200851467779 -0.107843135066958
0.00493432118919669 0.0119253846710757 0.465367029226623 -0.783570342301238
0.0212271086637237 -0.00690708694259301 -0.417239129233663 -0.769801650729073
0.0260765161805399 -0.0300684045804499 -0.659385337944987 -0.00635671506232401
-0.00550731731345735 -0.0367531687485088 -0.25661716968734 0.348260007255228
-0.0082921754050079 -0.00349387641048065 0.0924610329290689 0.150445799778563
-0.0172655437067565 0.00785244569528236 0.142189673079271 -0.163172817867566
-0.0207006046724377 -0.00145322541637856 -0.130087068411031 0.164140083840774
0.00854185856193174 0.0160864820051058 -0.0748794034648986 -0.147290554610918
0.0253354244136606 0.0176402574843093 0.282942828260782 -0.295798849283679
-0.0172334643140858 0.021911512250789 0.566035196841501 0.131878696334551
-0.0613836460370469 -0.0228287865898757 0.221890219619166 0.846994035090187
-0.0434871318347866 -0.0775492602956167 -0.590199409319817 0.756826131627581
0.0109545745096733 -0.0213398234198762 -0.670538359074617 0.0849812208673528
0.0164173429388846 -0.00628621215788929 -0.0356001698096567 0.0857253831840416
-0.0160384985331237 0.0271024176572196 0.673353845866012 -0.130839396953867
0.00396500381978617 0.0132099839164139 0.422390440236678 -0.802766739216556
0.020886353014704 -0.0106354779287203 -0.455362544063954 -0.748184575241549
0.0243765053980437 -0.0299386022084937 -0.651826873212275 0.0194385329706246
-0.00601186475591531 -0.0302323192013274 -0.23133728693476 0.351484596780281
-0.00908318610239623 0.00348988996774241 0.102263982470117 0.147871316201193
-0.0152320607071961 0.0116623477285149 0.13415189851159 -0.165432401383758
-0.0191181809635965 0.00193554746298955 -0.136586032302792 0.160279726563134
0.00621491125927115 0.0210180634649285 -0.0686682555519557 -0.144266005233867
0.0224746978032576 0.0251871693912684 0.302313332310004 -0.29073518050513
-0.0174968308971693 0.0266414895124299 0.570814701476006 0.146081593434819
-0.0580056734345282 -0.0223352171374661 0.192510066179818 0.853690537239731
-0.0431422221187265 -0.073359268841412 -0.61847681330086 0.735638675642916
-0.00128720234587704 -0.0198783065202807 -0.666387839796625 0.0744768409708619
-0.000847141357179369 -0.00527710096483133 -0.019838053224372 0.0936942365674989
-0.0275400404738862 0.031771822754961 0.675179062202463 -0.141827848656019
0.00406305951970456 0.0172661471925718 0.393381382248176 -0.812934085962373
0.0244958382958699 -0.00942630187042038 -0.479038340047874 -0.73097136227383
0.0239614104099957 -0.0265596307450243 -0.641171701044221 0.0351980551075857
-0.00883116807835934 -0.0230562924352274 -0.212348523555138 0.351122941182409
-0.0123305713601382 0.0074405980150911 0.110249746206052 0.148814678406396
-0.0136543151417852 0.0160874731464341 0.129211035291359 -0.167143314848348
-0.0174447008071207 0.00471753892269012 -0.140952068638444 0.157267221199076
0.00199345499639999 0.0219466875923787 -0.0686567445117954 -0.141442639166837
0.0171713298087903 0.0302966455150896 0.312584801326444 -0.285902017201867
-0.0155307952772378 0.0335771691690169 0.572404789426483 0.147381413884526
-0.0533460404767166 -0.0154955263462282 0.185840849708054 0.850189356055785
-0.046706574411009 -0.0660353266282649 -0.625692779393871 0.729699710294387
-0.0186723847948776 -0.0173604027497998 -0.662675183707029 0.0772366363101427
-0.0210574798037295 -0.00707778778020037 -0.0119034635818383 0.101020764079374
-0.0413146280939602 0.0361784654089252 0.677684209835733 -0.141426550614682
0.00434613780683429 0.0257695644254787 0.387081685051144 -0.815305557470412
0.0311129905224818 -0.00463786634677851 -0.483201007930513 -0.729780911660326
0.025719550559368 -0.0202913069973859 -0.63280999883442 0.03457993462871
-0.012182223870816 -0.0163408323021327 -0.200019480148152 0.350860556368294
-0.0149692383015032 0.0101667794273229 0.112988699620948 0.150204761592845
-0.0137227275260699 0.0192627186458272 0.124871406133103 -0.170103812972579
-0.0164059307632547 0.00622395379821248 -0.144003964879607 0.154430852264781
-0.00134397241949251 0.0223562104229697 -0.0724329345976966 -0.138656138333902
0.0139034880942406 0.0330938494414441 0.313535977023287 -0.288354295897687
-0.012604346102651 0.0424489069226512 0.582025190952961 0.131312040359896
-0.0463431580403917 -0.00366704479547873 0.199239277630366 0.839328023735856
-0.0505282883862921 -0.0552337462666106 -0.612990893872381 0.736506568563128
-0.0365374441154393 -0.0181246580673511 -0.662686145387833 0.0881732500818657
-0.0421412923346828 -0.0112368089036617 -0.0142089378640813 0.106521806805678
-0.0559247618025616 0.0390062062433865 0.680089018181137 -0.13066986207411
0.00527233179365496 0.0357224437099909 0.401454661366468 -0.811714643112066
0.0389399887815309 0.00463375628313872 -0.468401148661525 -0.742254315975553
0.0284249245066621 -0.0143110242525354 -0.630548554061749 0.0184310193383431
-0.0155813636578915 -0.0142233357235094 -0.198879529206194 0.34917271713699
-0.0189049165683127 0.00950565598237668 0.111380751296607 0.151656285014444
-0.0131391867881157 0.0203360132436999 0.122209241957502 -0.17230597558371
-0.0171738765144937 0.00489754665965812 -0.146145893697372 0.15494522930782
-0.00419002495008135 0.0196827641191083 -0.0813290974366558 -0.135776968757563
0.0115266469102585 0.0334302991481773 0.306488965909008 -0.296412634464399
-0.0089193195281341 0.0528227940823146 0.590653518087359 0.10657966547986
-0.0389759140403042 0.0100156048201475 0.237660315116889 0.824488394231484
-0.0536759167417657 -0.0436977013781331 -0.580268898346735 0.754469751611259
-0.0528454940265908 -0.0182980565053549 -0.664187435951374 0.10970175378351
-0.060612199997247 -0.0165575382905515 -0.0242851144316955 0.110605635373838
-0.07038900958806 0.0391423164427513 0.683879086835903 -0.110903296565519
0.00579227555169169 0.0476740020176376 0.43573285765843 -0.801914271892611
0.0471466854745084 0.0165778289743802 -0.439205849515731 -0.767109432234157
0.0313363801780288 -0.00591645437960459 -0.629066561743241 -0.00519107900747024
-0.0192089328811511 -0.0129669537247421 -0.208814744597674 0.34654734259376
-0.0228057445593046 0.00676520454983659 0.104557984960287 0.154910158006875
-0.0133581266965073 0.0203550659697983 0.12197466025098 -0.174069871276493
-0.0290148951350814 -0.0109027004682719 -0.116318084682031 0.168516509635453
0.0102596072641077 -0.0013323967671288 -0.113613703881012 -0.147524623444374
0.0256269785315885 -0.00132205009858817 0.208318863193144 -0.32604414437241
-0.0079866153773343 0.0283148153267572 0.564980301832117 0.0333023631434795
-0.0515185249581702 0.00618060102351792 0.380776316423001 0.768627880158673
-0.0528037461850784 -0.0596181489048433 -0.421333081639261 0.832361412292079
0.00905668271622238 -0.0324957515768794 -0.674252861581818 0.167667456351845
0.0264727432201234 -0.0218202533293473 -0.103410219265406 0.0730193096446661
-0.0107911288716615 0.0162007836340379 0.660115021950165 -0.059639898141849
0.00573156868264825 0.0204208231118908 0.556047475037273 -0.731247178003235
0.0286971995060636 0.0113802188533667 -0.322524349619032 -0.821711115512558
0.0327906098028952 -0.020622874277606 -0.667068849769203 -0.0722145073281938
-0.00444185833354272 -0.0463622944369573 -0.300032333591923 0.336478936546021
-0.0102902280280435 -0.0166840302306954 0.0668447758448101 0.154765755752419
-0.0227079789959744 0.00155561642481114 0.151688236846221 -0.162567044800748
-0.0270122184600124 -0.00761083977851743 -0.116683377975218 0.167813500310112
0.0119612257047506 0.0050510428410147 -0.0992370944546336 -0.150308726143125
0.0290546881109337 0.00336154543905458 0.231383417524585 -0.316877767208442
-0.0108081675715946 0.024171417541078 0.565535931648728 0.0676870835709599
-0.0584381923198743 -0.00730074770698585 0.330482128795466 0.802211676340784
-0.0495136205627428 -0.0707902028811037 -0.481558884874685 0.810329455823265
0.0164879501459944 -0.0301180160165128 -0.674592041013609 0.139789810114896
0.0310054827197517 -0.0152218143099129 -0.0805033843146533 0.0757794958699751
-0.00681368786200547 0.0189906688440282 0.663572825829776 -0.089091104149202
0.00657495535092064 0.0144209288379497 0.504657462372309 -0.763111432038685
0.0240343751145254 0.000678684451199311 -0.373883297255678 -0.794498634478274
0.0292342496956618 -0.0268285196717567 -0.665672429224129 -0.0341693420082118
-0.00538522045075918 -0.0422016813669171 -0.277451722753128 0.344037034775728
-0.009163376884238 -0.0108144270720914 0.0799843104492834 0.151096240937367
-0.0200247626373498 0.00476566332740365 0.14453470687292 -0.162462607585156
-0.0242722837082563 -0.0042635047795871 -0.122798667502662 0.166678495310739
0.0113063335630323 0.0103645478762525 -0.086164567074703 -0.147876166904841
0.0270476834809945 0.0106271153789158 0.256732410422961 -0.308752423945756
-0.0140515306361419 0.0211010660392711 0.567388217406192 0.0981206670778129
-0.0617124617120971 -0.0173774062061412 0.280475920202175 0.827141509868686
-0.045784556161116 -0.0764346678692547 -0.536323954845949 0.786887537309375
0.017150921205604 -0.0255309949291908 -0.674473601892878 0.11394255683407
0.0282279818146471 -0.00999436804289506 -0.0556806190729785 0.0799208032544458
-0.00843807460282832 0.0231479405418087 0.669119898215106 -0.117157326255257
0.00483313377263123 0.0115649637903524 0.454536030278749 -0.789134607465686
0.0209085974431419 -0.00708097897095688 -0.426845021070648 -0.763286969583552
0.0270210535587718 -0.0291819234520858 -0.660601304992303 0.000436309171365884
-0.00641728656693518 -0.035891908542359 -0.252116386954455 0.350977322049679
-0.00854728852758408 -0.00389020314698242 0.0933007029772828 0.15041921001226
-0.0183223690227402 0.00766157051059278 0.140028354973236 -0.164831946621097
-0.0209060768511168 -0.00146187220712698 -0.128483016708926 0.164926176149282
0.0105225365211091 0.0158776259309653 -0.076934263451317 -0.145916261466517
0.0248920792359082 0.0177002375984812 0.2792781647957 -0.30047353186525
-0.0161533052295741 0.0224485628319457 0.570005638045544 0.12368488811331
-0.0620414152166984 -0.0224451313819714 0.235156983917917 0.844444135190469
-0.0447305488658754 -0.0779548740898064 -0.581558650007556 0.764086443071061
0.0114040687281459 -0.0214926692394984 -0.670496103308771 0.0949784394580975
0.0163785257136771 -0.00694572047913853 -0.0337514254233201 0.087004018909706
-0.0152485763641853 0.0266382153057802 0.671174876082298 -0.137920566212685
0.00405922722897916 0.0127185059623205 0.412601658304796 -0.808260232603684
0.0210022294947122 -0.0109355034767187 -0.465319919034071 -0.741070919411834
0.0250616182439926 -0.029939094171761 -0.653370210166606 0.0285765388831903
-0.0078566921471364 -0.029589161458331 -0.227016694386849 0.355107913502218
-0.00909900908684065 0.00361181047966693 0.105002817612434 0.147942769354832
-0.0150423612223211 0.0123600779623013 0.132565687830412 -0.165668487015288
-0.0190958884821813 0.00219287638446466 -0.134191307156763 0.161978265668408
0.00663607681623727 0.0201815406594498 -0.0709948698592265 -0.14259931372541
0.0215297331746171 0.0250029953656417 0.298951545135477 -0.294512672870956
-0.0163974420578484 0.0273956322305297 0.573935646995084 0.137602358835148
-0.0592873892673596 -0.0217242952402755 0.205533006452744 0.850497796769934
-0.0442780790219818 -0.0745134372687776 -0.609046578355549 0.745777662148002
-0.000745713059785746 -0.0181753607954581 -0.668437680772462 0.0849236793481681
-0.000734496754197738 -0.00509391894786179 -0.0183058125937585 0.0947430833118259
-0.0274981037226185 0.0326006936133474 0.67385778337812 -0.150395590095807
0.00404392317347019 0.0177012192273756 0.384810914363728 -0.817062672915964
0.025023981567151 -0.0101222456331707 -0.489769564724173 -0.725462901175336
0.0243604131859124 -0.0267211192460301 -0.643852886297328 0.042200384018239
-0.00999144917021119 -0.0224464774553822 -0.20810430902109 0.355782575885381
-0.0120770156795583 0.0072141409090765 0.11221037425123 0.14829344815804
-0.0139158733837444 0.0158608318146875 0.128420644926738 -0.167714942608939
-0.0174483466235637 0.00493248907870118 -0.138696729167424 0.159522741965143
0.00280131936824084 0.0215797282705017 -0.069714282241186 -0.140001385513913
0.017286915168843 0.0306572707207325 0.311082444013062 -0.289594954008308
-0.0150204205869795 0.034865255373897 0.576993431421307 0.139109312205072
-0.0539642589660218 -0.0149746378945625 0.198176712989584 0.848416043659183
-0.0462265224403822 -0.0663229514983203 -0.617410525314322 0.738556509942455
-0.0167534522644714 -0.0172909039239264 -0.664391970074465 0.0853995575540234
-0.0205545711173861 -0.00727578922294343 -0.0116162389092992 0.102008749320672
-0.0410156690692109 0.0362623850673549 0.676607253092784 -0.151221833870716
0.00445818578621092 0.0260475389156898 0.377776140707497 -0.821506458860487
0.0300295536085912 -0.0045526629112366 -0.492161311178495 -0.723994508632943
0.0247480653767469 -0.0210982967812296 -0.633798125754394 0.0427650058345081
-0.0123212088149208 -0.0177868440370309 -0.19519129376913 0.354989341557453
-0.0149201767604794 0.0100361753633166 0.116172573218175 0.148774598355915
-0.0125567569663118 0.0186884410865558 0.122784308037974 -0.17132410639881
-0.0167620016347553 0.00637922386696442 -0.141586333315296 0.157018596198528
-0.000723104373709366 0.0213218578475615 -0.0754759096963766 -0.136403373794875
0.0150160766590914 0.0334636560719241 0.31269122954398 -0.294826934594183
-0.011536245910295 0.043916080494872 0.584799860810171 0.123471130196431
-0.047217458304736 -0.00377817661731296 0.213505780214621 0.837741771228922
-0.0504540090667353 -0.0548412670198373 -0.603465151369302 0.743668168746681
-0.0347882146169544 -0.0175270793336571 -0.662990906056106 0.0964842676269447
-0.0419957688676035 -0.0099947608923109 -0.011375538867784 0.108113035377665
-0.0558012750123537 0.0399249661631886 0.678995497718058 -0.140694541331541
0.00660122264685239 0.0365028948012406 0.392261365486619 -0.816698765318178
0.0393613827263237 0.00389019929480772 -0.479830365477331 -0.737188249194018
0.0276226519409163 -0.0143266628138984 -0.630965364490831 0.0275452455549667
-0.0170725748481573 -0.0134105384113799 -0.194114102227627 0.353158549631576
-0.0192367578246652 0.00859122732822716 0.113237892143943 0.15157727853211
-0.0131824154958214 0.0205115350340816 0.120870339360847 -0.17256063756284
-0.0172731039055879 0.00526026749687602 -0.143454146969752 0.155874055590928
-0.00386434812170031 0.0190617762608371 -0.0839243548598323 -0.134166670248608
0.0120462977068516 0.033250472370946 0.303504065350155 -0.302301753890763
-0.0070337387206462 0.0519728675145935 0.593784191625063 0.0985296349017977
-0.0388645847647093 0.010324542472946 0.248752161678971 0.822467609125319
-0.0548863225599676 -0.0436007413378664 -0.57256224247124 0.76209726107281
-0.0520849874117833 -0.0178951309373374 -0.66261241053811 0.117019850774058
-0.0606573330294983 -0.0163757032586834 -0.0231376608726256 0.111296904085125
-0.0701322208673698 0.0414182573762638 0.683171637466819 -0.12039395228109
0.00594989055077678 0.0474927081002198 0.424212848890623 -0.806502414237831
0.0479689259829812 0.0156992448774829 -0.450348775026736 -0.762305955954809
0.0314147896126435 -0.00700347501912034 -0.631364288736218 0.00374862215943495
-0.0188361165853166 -0.0132061666461656 -0.204063119789078 0.348930401358601
-0.023367451814681 0.00693029632194443 0.10728068546277 0.1547059865004
-0.0135528096821651 0.0204656311079784 0.120523137077826 -0.174275785277813
-0.0303212762303339 -0.00973435596301132 -0.114097121455635 0.169535771272418
0.0107827330464499 -0.00165445170379245 -0.115685126704381 -0.145930584486412
0.0265156721489929 -0.00268620249906075 0.202726078565413 -0.330171180706636
-0.00738966583934991 0.0293487685524594 0.564383319655989 0.0259611728498772
-0.0516518577467667 0.00732498276050561 0.392366422173108 0.763703860470915
-0.0531112681955887 -0.0581987764605654 -0.411542833480716 0.835093081915757
0.00961660463998894 -0.0318755591932413 -0.672005374365922 0.175746621527467
0.0261113591080695 -0.0223471213939868 -0.101521902578888 0.0748511386947922
-0.00979482371414246 0.0159837514227821 0.656721724248085 -0.0697105494902822
0.00646124597158914 0.01997321610158 0.544324210949232 -0.73648498172626
0.0284389364505113 0.0109650175931945 -0.332361162953113 -0.814321742258868
0.0327683517281001 -0.0215653906767968 -0.666963313046936 -0.0627329378988099
-0.0051090380516808 -0.0451707853813506 -0.295122880608783 0.341274922312119
-0.0104327949500176 -0.0165975241411669 0.0696175286257621 0.15559202851208
-0.0225659912694352 0.00157531843596737 0.148814876002937 -0.162833849744133
-0.0261695451399365 -0.007522589273373 -0.114376856643656 0.169370487378071
0.0123158761742383 0.00409133244147968 -0.101523353107296 -0.146294939310855
0.0283973730787013 0.00248273260768199 0.227042504394973 -0.320966212014145
-0.0107014733322061 0.0240008432452433 0.566791409829516 0.059549748948813
-0.0590027610608247 -0.00643689725656544 0.343083241104914 0.798840877920101
-0.0501771568493359 -0.0702638077445299 -0.47101314426147 0.81831928568164
0.0170398435384967 -0.0296161848367915 -0.67218252594304 0.14842242557041
0.0315020424893728 -0.0151089779409414 -0.0787411219207731 0.0765118295184602
-0.00618740772326432 0.0193385988408985 0.662887803237971 -0.0987635319272036
0.00570072370881942 0.0139687635120865 0.491229133088199 -0.767166931783648
0.023846857774314 1.67035869388455E-05 -0.387311362947421 -0.787683775991007
0.0286984154091825 -0.0270547920609879 -0.665552850062595 -0.0237993146243435
-0.00578362280656625 -0.0415171607242432 -0.273195598167354 0.348266794981953
-0.00936564917892672 -0.0104299254775104 0.0819835947299939 0.150848547967072
-0.0211992498237713 0.00488363188941381 0.14254767878369 -0.162401510245413
-0.0244265591969976 -0.00454075267970194 -0.120652753632655 0.168395763856725
0.0124236715589637 0.0104590360832067 -0.0884713517683671 -0.146408549366462
0.0280981260034009 0.00996508724170608 0.252050791263512 -0.312556389252656
-0.013660626759873 0.022127859558652 0.569138668114062 0.0914380933821749
-0.0626842996011289 -0.0168767496614257 0.293171015138867 0.823482501546135
-0.0477087887907643 -0.0761954061321288 -0.526768802954501 0.792808069269449
0.0184810694204897 -0.024814083369495 -0.670797841645089 0.122021989335057
0.028559562454338 -0.0104665960202304 -0.0543752172788161 0.081073755471518
-0.00752982092559918 0.0229175017170621 0.664170652603426 -0.124386789806067
0.00563139211298839 0.0112775253281848 0.444103691404082 -0.794409489487587
0.0204232001360715 -0.00729671000408193 -0.437214994579686 -0.754387182633101
0.0258458843807952 -0.0299626727166938 -0.661202047023792 0.0107710249087703
-0.00585834220129921 -0.0355625998245895 -0.247433996494264 0.355669982873068
-0.00915958343774397 -0.00330784826981466 0.0963002157806081 0.149143731771804
-0.0189921955040643 0.00840416195405643 0.138478648331814 -0.165030683662457
-0.0214426183075444 6.37220440939702E-05 -0.125293650179819 0.165956438617943
0.010686398037306 0.0159550686155597 -0.0784994474935275 -0.144291841273144
0.0254786402179992 0.0174866321048077 0.276745227238537 -0.304754724889914
-0.0150821739239095 0.0237778208066396 0.570739608506314 0.116793669526296
-0.06228933931305 -0.0227263976667284 0.24888125611278 0.840686382567427
-0.0457133231545608 -0.0776998868025583 -0.570158714993054 0.772808232526462
0.0123439139104854 -0.0210124973238286 -0.669850328609518 0.101825237710129
0.0171327699057139 -0.00607500541119142 -0.0323732433399064 0.0881096569904439
-0.0154590036379773 0.0272052837349019 0.669377111095347 -0.148050127511687
0.00434041685990824 0.0128922151014664 0.39784605496976 -0.812421835855645
0.0205320000279723 -0.0108518221379323 -0.475717438574107 -0.733063589595649
0.0242689306560214 -0.0304860676587667 -0.651583752007535 0.037640717682798
-0.00793972372513995 -0.0288155750318185 -0.220905457732603 0.358231399652995
-0.00980417867562836 0.0030714273403168 0.106985853328888 0.147709872377871
-0.0166113458938125 0.0132582639473313 0.130998552866736 -0.167164553189947
-0.0196186941242381 0.00283407308378249 -0.131228357803409 0.163310894738932
0.00706943546568082 0.0199269565752972 -0.0717179120622911 -0.14100667429543
0.0218739395623017 0.0240318385360831 0.295773814847435 -0.297458646033463
-0.0158653284515413 0.0281788656208394 0.574773407831184 0.130720127090223
-0.0592308196274658 -0.021328102677726 0.218412370907402 0.848296629791294
-0.04545496978495 -0.0737697567643098 -0.60147862462366 0.753288230930997
0.000451200580547905 -0.0180848690127293 -0.664194409396996 0.0918108353553011
-0.000211395911923493 -0.00505522670681926 -0.0167720981894807 0.0946768114585204
-0.0262411423240026 0.032529742680791 0.671111626174845 -0.159014650541642
0.0040198866819426 0.0182462316033426 0.372211340787727 -0.822022114742849
0.0243901948041904 -0.00988761724811003 -0.500476464246731 -0.718239130151071
0.0239461409573238 -0.0265901739422788 -0.640491076696667 0.0523048023200717
-0.00995961356579552 -0.021399437418194 -0.201705270432951 0.358951788897935
-0.0119206009188016 0.00800120817450574 0.114830910930078 0.14704740156773
-0.0143310823358456 0.0161386203862133 0.126062339333098 -0.168894268916773
-0.0182215427755846 0.0056116765859367 -0.136460147988403 0.160608848365207
0.0034178852147966 0.0219592928265097 -0.0714965734517986 -0.137587633272155
0.0175574297295151 0.029695194095136 0.306366995173307 -0.29546640166857
-0.0141033597368707 0.0353480443228804 0.579672010570738 0.130893995256345
-0.0544060597348718 -0.0139867409431026 0.211117861356765 0.846060608720299
-0.0480207484639281 -0.0650870721447186 -0.606721039257214 0.746646007763433
-0.0161326597161488 -0.0164778729290379 -0.661172428913049 0.0935104214693634
-0.0213451711135826 -0.00598044286929901 -0.00890462024508153 0.102820164359472
-0.0403975990067173 0.0366158191283471 0.672239850865626 -0.15838871626114
0.00563190588625311 0.0261625700197355 0.364988396143807 -0.824577040013941
0.0305032889707507 -0.0054112342137816 -0.503716137373526 -0.716246163785667
0.025341930571823 -0.0213806306785354 -0.633484361610526 0.0523545731238132
-0.0129797318603449 -0.016428544226735 -0.1895878625937 0.358448244353201
-0.0150488103233435 0.00987972426908547 0.118218978840896 0.148051908511676
-0.0132054682641972 0.0194474605934812 0.121030410082422 -0.171090214189219
-0.0166818015738047 0.00631069417399195 -0.139941000251938 0.158245444087361
0.000107215801320634 0.0214792791954227 -0.0758477587824741 -0.134963566310867
0.0152541837550891 0.0325402610363307 0.307273305300431 -0.298772958280768
-0.0109830872607119 0.0443617717345998 0.587112998314415 0.11671817715382
-0.0471647316648085 -0.00344675602114103 0.227013139427449 0.835351835006982
-0.0518372246254277 -0.054650366585553 -0.594004856797312 0.750373055789058
-0.0344129050697591 -0.0161816652398319 -0.660051538281051 0.104810160902725
-0.0416721763323037 -0.0096537559215868 -0.010457318156222 0.107823341407157
-0.0542371998867095 0.0412243279108942 0.676983164618427 -0.149326235125296
0.00645183376172682 0.0360328642215091 0.380828190830468 -0.821115096913959
0.0389104021672847 0.00403392283417507 -0.489102960350702 -0.729819088908231
0.0288658844055596 -0.0150671355947847 -0.629616721140778 0.0376085855108676
-0.0158777615537692 -0.0124741343543686 -0.189267826502908 0.355005448243753
-0.0192709326590083 0.00937437533550751 0.115664502679778 0.149828214751244
-0.0130455496349587 0.0205939837799047 0.118272444694378 -0.172798142276313
-0.017159191802679 0.00589173820432353 -0.140346162025797 0.156779276433572
-0.00279496220034605 0.0192656657818048 -0.0853002023577356 -0.133808966625355
0.0128409658126992 0.0332436351387415 0.298634975933581 -0.306322577475872
-0.00548772531744051 0.0532604823427898 0.59500092885966 0.0888189474049595
-0.0391750225901666 0.0109605993337263 0.262757669482921 0.816833153975226
-0.0556028437197432 -0.0431499420200472 -0.559920764297259 0.769310265812341
-0.0504094577461277 -0.0164456063789942 -0.660600220662208 0.125788837587315
-0.0603026146326385 -0.0147101521044915 -0.0216408179970648 0.111877851402818
-0.0697321447283739 0.0416488267958627 0.679791038286521 -0.130806904732772
0.0070252751900093 0.0470990738323035 0.414048201938029 -0.811850974370159
0.0470019020401485 0.0154829331066888 -0.459798403599775 -0.754466626676025
0.0316845184830294 -0.00729730604356026 -0.629484054267084 0.0134122284690294
-0.0193190506146 -0.012536026323849 -0.1999807474043 0.353099926974263
-0.0232170723190308 0.00718049636195122 0.108627770169835 0.153004401003324
-0.0136846821610743 0.0207359562193347 0.118609264981664 -0.175303121630156
-0.0308252268897208 -0.00102096446189043 -0.0914369073735593 0.177829410387615
0.00621110607659392 -0.00491241727123758 -0.131797736703963 -0.128401078272289
0.0255599214154874 -0.0128340920603818 0.158994433487896 -0.348472862686427
0.00805191670805216 0.0254772242838022 0.559925664566099 -0.0450343516988951
-0.0342214755517393 0.0263756540128335 0.483780283545411 0.709771130749728
-0.0583228970762802 -0.0268729956083566 -0.304123658643862 0.86644779684605
-0.00020143984066053 -0.0239859860936174 -0.640874965511146 0.253536290909282
0.0235711050514757 -0.0230883521924634 -0.0913832635546993 0.0866644246887091
-0.00441322966482104 0.010116055337291 0.64679972792309 -0.131417521141482
-0.00150811889484037 0.0119421649736717 0.478020748608896 -0.785683091252822
0.0190615743935405 0.0104849771777964 -0.406793921713478 -0.775043304792834
0.0320476903970172 -0.0161042269129061 -0.671057902794782 -0.00315252943095614
-0.00408381587190222 -0.0427620612152585 -0.262531872148425 0.369095737307354
-0.0118416693005531 -0.0177765460575315 0.0835949941709577 0.149641541243484
-0.0250625083688629 0.00326021799081352 0.135364592392438 -0.172784286864772
-0.0279909693132564 0.000163945120048425 -0.0925941201040148 0.178124017655597
0.0100257934577808 0.000554212298380721 -0.117866579162041 -0.130727666080441
0.0276467286061899 -0.00923785598722157 0.18435805565879 -0.341924068447649
0.00399756037468386 0.0233814395562132 0.566422960260338 -0.00986435543110037
-0.0437904482188529 0.0148903376440414 0.43742505722311 0.747986432927888
-0.0589865006256745 -0.0371693666477858 -0.362710139892321 0.856357534695631
0.00717950609735296 -0.0233274841125449 -0.646588536837016 0.226361133803806
0.0295175044105502 -0.0169177927850371 -0.0696359553982218 0.0844789920425153
0.00063793676571141 0.0112410218456372 0.648084864174991 -0.159287024904807
-0.00230166942545875 0.00635531844292244 0.424107606276838 -0.811366843869914
0.0131372411695004 0.00107852779218944 -0.456558979783715 -0.744162405535197
0.02862971150757 -0.0206299435987809 -0.665687087645947 0.0343579084169409
-0.00311354752013031 -0.0391712075870138 -0.238987057772397 0.37293864122137
-0.0096844726225544 -0.0125443089285253 0.096071536082909 0.144473746467363
-0.0223683661497319 0.00573038431461052 0.12961063080162 -0.172156291885539
-0.0254556684353062 0.00374411028207606 -0.0977874328118779 0.177808734666996
0.0106166635659454 0.006813253158581 -0.105808395092472 -0.132688824066127
0.0296936833759853 -0.00131426979445145 0.21053565202228 -0.33789407699848
0.000572890591436404 0.0216819474146359 0.572797392565813 0.0203079765186347
-0.0501398048507051 0.00627541029072926 0.390974651263047 0.779401407640801
-0.0581802610426233 -0.0440805801295784 -0.420098874391679 0.839382242148073
0.00910121284269868 -0.0191136110088154 -0.649612255243457 0.199633253976392
0.0269030502315769 -0.0116609982080011 -0.0439803815512219 0.0867640889945978
-0.00102601082436579 0.0157770369801374 0.648677609195441 -0.186598752530073
-0.00386944016245273 0.00504243056566795 0.370306898754972 -0.832376473752561
0.00985437212854984 -0.00562351237729967 -0.504843447992757 -0.707429114494663
0.0255177653186386 -0.0240131862501843 -0.658373343729195 0.0706419516354191
-0.00429730591494638 -0.0327089166498661 -0.213523336662059 0.377937578611906
-0.00947908691694247 -0.00400338050676295 0.109810226234072 0.141492343112893
-0.0202144273584843 0.00980172666381485 0.124153076883047 -0.172797758254402
-0.0209231446424038 0.00766927120122729 -0.102889962051641 0.17638132904712
0.00955389840632582 0.0120141433474722 -0.0953770385848265 -0.132179785445452
0.0281753296064293 0.00612173327889766 0.235030210699932 -0.333430880944201
1.89027170848762E-05 0.022581731048755 0.577595089328241 0.0435484851401097
-0.0515518861011187 0.00225309013663384 0.349367441474636 0.802543215116594
-0.0572626400057412 -0.0456597681125494 -0.467127944357932 0.822095730799951
0.00396550274325336 -0.0150956803438756 -0.648702431923576 0.179135587123096
0.0172304578949326 -0.00697422743763384 -0.0225454017044258 0.0909212340411894
-0.00762257493530577 0.0205883676901966 0.65046833981997 -0.210274501169567
-0.0045351417210596 0.00707435683014834 0.326000596398101 -0.848815313162897
0.0102392842191807 -0.00919698763057686 -0.540691269075213 -0.680122459288677
0.0239108199393029 -0.0244917661292749 -0.647167737913212 0.096115627329854
-0.00451093437330987 -0.0262722110110305 -0.187098734887649 0.379861943459516
-0.00919326982362621 0.00148577820355687 0.121618758584726 0.139362526084126
-0.0175987043090242 0.0135221360254341 0.116830425035422 -0.174153828242074
-0.019173695806214 0.00997785514841486 -0.110379705771885 0.174091224787578
0.00803602311865012 0.0157552367673697 -0.0897367767875724 -0.130607139999058
0.025831701473023 0.0140571453910165 0.252984391132699 -0.330314324189678
0.0021061438930083 0.0277465729297349 0.582932031063914 0.0567853384454587
-0.0493585222180219 0.00327422031957861 0.321513364873526 0.813354646501695
-0.0577089305838607 -0.0416179630858943 -0.496361627459747 0.806754311284142
-0.00868810734289139 -0.0110210036431129 -0.645934989554499 0.169279861121813
0.000509208143631482 -0.00312714761524786 -0.00619064640625863 0.0959561779372644
-0.0190831942509504 0.026993793108941 0.65133757465756 -0.222282538193733
-0.00409220613313713 0.0124896410044931 0.298533223018415 -0.854481808814864
0.0132522741461267 -0.00859303281053756 -0.562356317394697 -0.660824382417702
0.0243683833613345 -0.0210043078134315 -0.634499701050674 0.110025353905858
-0.00584342500336639 -0.0197107109945505 -0.16833827959124 0.377639235051683
-0.0108309769572037 0.00608083583186862 0.128022857920841 0.13779376406672
-0.0154143594353494 0.0178076354178546 0.112207757548526 -0.176698466123024
-0.0168960438379428 0.0127198997136212 -0.114923534263866 0.1722006893817
0.00418716333720938 0.0189454706643021 -0.0876396712489572 -0.127738477251793
0.0238089744194725 0.0192163746787939 0.264744933230032 -0.329289150790866
0.0040911188026183 0.0344322167269236 0.587529869346391 0.0564437534966787
-0.0430974117260426 0.0095206951444482 0.311422018008794 0.813206566151764
-0.0600914823889659 -0.0345441294566937 -0.505655708895015 0.80197687748471
-0.0245247432918113 -0.00599841778967668 -0.642618228792431 0.170062984942131
-0.0204275488401848 -0.00277813688631156 0.00287466904853062 0.102025926066273
-0.0318201556806462 0.0326227537723872 0.654629759622757 -0.223862164239295
-0.00300016282406965 0.0204069361385397 0.291321704153596 -0.857617387247754
0.0209098858378418 -0.00435989717020815 -0.565932559625783 -0.661032041869801
0.0267501510071378 -0.0167911083650711 -0.627555953707271 0.107726820252474
-0.00823324776763493 -0.0140577983498132 -0.15720715341146 0.375361059109969
-0.0135074495054487 0.00850845608489228 0.130781469173404 0.138260993420166
-0.0140616713538477 0.0197180776756278 0.107692768545132 -0.17776476282763
-0.0163122786550793 0.0133402530111842 -0.118035400328407 0.169608473857159
0.000840030002017456 0.0182585277284914 -0.0914693672853038 -0.124449352710354
0.0207643985135244 0.0230483652309065 0.266937680623926 -0.331723326655006
0.00840989330288631 0.042131043582789 0.59326187444606 0.0414044077242224
-0.0347649114768019 0.0195978617288339 0.326804747317787 0.798792217438937
-0.0625827538190778 -0.0230788025525077 -0.491948103266098 0.804891241141512
-0.0437195970652523 -0.00350121288611956 -0.637912584917434 0.181403758058635
-0.0398415764417919 -0.00323394674373755 0.00305113916348045 0.108276245590695
-0.0463635926015569 0.0384952956140492 0.658410415114334 -0.212900820454435
0.00030040240576984 0.0309071453885539 0.306761008130033 -0.852716641411002
0.0295610823390811 0.00461387558628216 -0.552738977699689 -0.673303505964306
0.0295399400898984 -0.00994789380288301 -0.625425732153757 0.0933052875946685
-0.0118609671021603 -0.0105211703270981 -0.155532971797349 0.372469720516865
-0.0176404213858377 0.00874047383271149 0.130017048709855 0.140648879513553
-0.0140969267686967 0.0217605887247852 0.104631489339633 -0.17911944603653
-0.0164748016074943 0.0131132847509295 -0.119843463161579 0.16926587565678
-0.00272849452130852 0.01678920892819 -0.100800083987864 -0.121571755914945
0.0181120956203085 0.0227405330302414 0.25662758364052 -0.338553269146261
0.0141121269016564 0.0505408631398491 0.597013095880792 0.014069853749665
-0.0242807158499719 0.0312651533785083 0.358973620010442 0.777126448333548
-0.0635537366121747 -0.0109663950340593 -0.459517705719405 0.818898316503587
-0.0597007315264556 -0.00174249592225781 -0.635008835026242 0.202336119034672
-0.0598393855716728 -0.0059654464572094 -0.00710420388181772 0.112125143941164
-0.0598259650751485 0.042110053880938 0.66413860330328 -0.194680030878101
0.00152651071343215 0.041777734779234 0.342619901542658 -0.849507894146614
0.0395916745314945 0.0133353995714383 -0.527298577035307 -0.705233195042678
0.034355321934686 -0.00186325716514847 -0.628407299889764 0.0671322857515836
-0.015328745981042 -0.00918051071884639 -0.166243733511818 0.371407305961572
-0.0215510512504128 0.00701019543974025 0.123117773786063 0.1444024966448
-0.0142034326212555 0.0217154885317122 0.10298111353317 -0.182526867438484
-0.030820501605283 -0.000415355793654091 -0.088458430865551 0.177873286571741
0.00787647723259189 -0.00571112941827765 -0.132532593569623 -0.125549626110817
0.025335991520749 -0.0136873595926589 0.154908137761303 -0.348995168923593
0.0096377139134164 0.0261974389563885 0.557427179835877 -0.0509901420153733
-0.034635619742519 0.0260900139601681 0.492660662029311 0.699557126422793
-0.0595369043892474 -0.027072912413728 -0.292352107895221 0.86885537694572
7.985717881593E-05 -0.0240320450369011 -0.636883088976202 0.261722022154883
0.0230499382504717 -0.023056523966447 -0.0896503235450655 0.0876357485011366
-0.00355881921893562 0.00975810563510941 0.642448261245965 -0.138327444071565
-0.00163419775642078 0.0124361428269287 0.466484535376448 -0.788041993779859
0.0194573460763627 0.0102102722272768 -0.413242844163922 -0.765589077105321
0.0324096795187557 -0.0166844901747803 -0.669646442296011 0.00593240309583112
-0.00523754587477269 -0.0422060921813035 -0.255784226224252 0.371838834026675
-0.0130790010855872 -0.0176614457211231 0.0859236414397316 0.148290919817248
-0.0251888201381942 0.00391555524282664 0.133188187582687 -0.172894279630766
-0.0278960952200561 0.00156463304223184 -0.0893434926718168 0.176823434320965
0.0102039539734797 0.000165279108504297 -0.119687294879873 -0.128781453598332
0.0279355633138381 -0.00842172693499756 0.180355937197541 -0.343381933189923
0.00537956963399855 0.0228214724502441 0.564525047381598 -0.0179791945332087
-0.0431655498862139 0.0153441702352843 0.446752428899164 0.740413568392086
-0.0592786018366421 -0.0370801533957728 -0.350620801780629 0.85687618962402
0.00794919795908082 -0.0229798992301579 -0.642664016050056 0.233364148775027
0.0297493257030569 -0.0172660552261029 -0.0671284458113101 0.086206008147717
0.00176834393876164 0.0123593355873471 0.64344253527493 -0.168271459060365
-0.00202047704799088 0.00684203484673387 0.411111617822566 -0.815052548917427
0.0141573343612087 0.000600432673216648 -0.464237829555906 -0.736170632239416
0.0284090141612853 -0.0215659676401276 -0.665228544997748 0.0440142954292516
-0.00495074998094657 -0.0383670704496796 -0.233099701746645 0.376674449034158
-0.0101527072284521 -0.011147710928689 0.0972418984184025 0.143155395545264
-0.0231496020522184 0.00589690647272326 0.126171583005416 -0.171511172280479
-0.0252405525676466 0.00531267911587057 -0.0940829613769636 0.177334498411831
0.01140956165256 0.00633373180063975 -0.10718484687461 -0.13032105157284
0.0294003735370567 -0.00101908541789933 0.205748326719905 -0.339440690936725
0.00212339693986573 0.021534182673762 0.571080657296561 0.012738726538836
-0.0497682592069255 0.00756605406651627 0.399965598724013 0.769939731717724
-0.0587349323531634 -0.0437011923412556 -0.409282504400266 0.840847116545902
0.0102222866841951 -0.0194699411295429 -0.64363662861927 0.207594736609571
0.0273981835989475 -0.0117711830423822 -0.0427268553486271 0.0879068824587734
-0.00124232267989974 0.0148081127647437 0.643557113077021 -0.194838768986155
-0.00273066592791038 0.00556650296359678 0.359315329768535 -0.832296292174888
0.0101451948898172 -0.0052731575469515 -0.512604660822383 -0.69689132370381
0.0255589883538914 -0.0236567099253351 -0.654806160162611 0.0784228737972467
-0.00461429441724667 -0.0326127857658313 -0.205205795767029 0.380877959500145
-0.00938810147435671 -0.00415208659531403 0.112256247770847 0.140394403120737
-0.0196482232698504 0.00959335869547263 0.122055224266175 -0.172772078129308
-0.0208464209545839 0.00762054821282515 -0.100200857033671 0.176413575319937
0.0107012984683669 0.0115952049023824 -0.0965347943472761 -0.130484972984482
0.028175911845213 0.00537725863431635 0.228651116942947 -0.334522169518983
0.00190376405682046 0.0235359253795459 0.576988464213742 0.0356437630514185
-0.0513040725178658 0.00230089671509244 0.358372415023359 0.795919153803186
-0.0575578429941663 -0.0448021196109712 -0.453773302080628 0.8251801000988
0.00367314767343612 -0.0145693705616486 -0.643424585848152 0.187533769982106
0.0173795120669394 -0.00682179467301142 -0.0207021169851168 0.0912014732653349
-0.00693530296309705 0.0204045309290897 0.645826116562076 -0.218102432601244
-0.00433965291633337 0.0070545229429281 0.315086652353603 -0.846696862864628
0.00995919735420141 -0.0089108059032429 -0.545403275559558 -0.66888491630869
0.023922042213597 -0.0246901850052943 -0.642236173425373 0.103775542938448
-0.00501711336089188 -0.0262050064861604 -0.181180555141405 0.381229272198359
-0.00911996075639234 0.00163785375735694 0.121964162235358 0.137032231045661
-0.0170679748502383 0.0137364334083376 0.115477107553767 -0.174830099711889
-0.0188030458452327 0.0107913110418548 -0.106977738187264 0.174021640632708
0.00800529317334194 0.0160629234200304 -0.090413711110977 -0.12816268107762
0.0267122372984326 0.0131305688658047 0.248946861943558 -0.333111786999732
0.00126755952463011 0.027317538848187 0.580548874278255 0.0492909767986617
-0.0488045671102126 0.00293073531248023 0.332307206368217 0.806066484706078
-0.0584071141203528 -0.0418403457968482 -0.485896668778494 0.810704019876344
-0.00857332163984052 -0.0106527710607859 -0.640771340903306 0.175872037874747
6.11404845113758E-05 -0.00385988995893508 -0.00396054676667582 0.0967883255990128
-0.0181729073304618 0.0259830558652504 0.646243368363196 -0.228391542976752
-0.00358454851521085 0.0124205440277034 0.285574954069155 -0.85372162689626
0.0136753684387143 -0.00804759459098756 -0.567685346895993 -0.652166760920121
0.0240339444059068 -0.0215656385145556 -0.632271722919925 0.11739484523162
-0.00664733724933703 -0.0192046267232264 -0.161858627690019 0.378504006858375
-0.0107995782015142 0.00670889481212015 0.13026189757459 0.136736056917787
-0.0154838018543489 0.0176049963948919 0.109291961346644 -0.176951122041904
-0.017276868820397 0.0124589996491204 -0.111912929275216 0.171760918872028
0.00547240301486587 0.0174381009516618 -0.0893363933827749 -0.125913161615255
0.0228039618401914 0.0193480575168304 0.260326074451106 -0.330627936157176
0.00545758969884436 0.0348122472115121 0.585814422657611 0.0478361274229952
-0.0421564807596619 0.00892050054748934 0.323528997723386 0.802984521635817
-0.05978463695525 -0.0339554772439663 -0.49580748630309 0.805327845735796
-0.0234106916166325 -0.0066624664021472 -0.638208443130667 0.178545669172668
-0.0185024587566752 -0.00213111186747534 0.00422700146961578 0.102435007994801
-0.0319118045133162 0.0345921401767604 0.64945962284747 -0.229223381385816
-0.00192228359014106 0.0208689520581513 0.277812148303561 -0.856704958478487
0.0202987010811849 -0.00407394049684826 -0.571507571648895 -0.649615266096566
0.0256015633736142 -0.0164504354122555 -0.62436508840712 0.116773727058313
-0.00862232798297421 -0.0135941244878804 -0.151343955860437 0.376181485113592
-0.0137480502769154 0.00897236002019446 0.133565902382629 0.137518592556763
-0.0136222563382847 0.0205968590828934 0.105202004843152 -0.17880757348945
-0.0156285209245156 0.0136270815680147 -0.115006023660135 0.170425940893666
0.00157213843755595 0.0186346906042106 -0.0932870268579851 -0.122388301518753
0.0207812427376683 0.0221655767728142 0.261878036210142 -0.334183311249779
0.0095159739322875 0.0426786727320211 0.59002820481692 0.0338522650814862
-0.0342652921605922 0.0189277022667133 0.336667976418585 0.791574872429739
-0.0619210486798217 -0.0227589362107475 -0.479774913075702 0.807516892664008
-0.0417184325702921 -0.00295680477179245 -0.633920630867815 0.186753987751271
-0.0397777741052016 -0.00316533106478976 0.00438072937725662 0.107153599462236
-0.0455431610553896 0.0395659228157028 0.653081362890422 -0.221775274714322
0.000987460725057843 0.0305116391997904 0.293413199438814 -0.854057736562663
0.0295684116527466 0.00245545312536672 -0.560691924975544 -0.665292513557073
0.0300509072010638 -0.00938652430342127 -0.621902035762719 0.101335497522595
-0.011353294898186 -0.00995910075417594 -0.150054315400346 0.374374247417355
-0.0185078151652109 0.00830341972157715 0.131023153408204 0.139058651748255
-0.013935587558047 0.0216187768031817 0.102655250105759 -0.179765445006193
-0.0166858271220614 0.0132057423079497 -0.116622520496247 0.170039904956983
-0.00187527736532347 0.0164106665012828 -0.10080288177807 -0.118748597348351
0.0178419615709657 0.0227049644252045 0.25260298954912 -0.339714996880273
0.0157580240044761 0.0496263883826335 0.593137131104996 0.00698155896283263
-0.0237644034395879 0.0306684917023815 0.368293538456901 0.769968440861108
-0.0632601040774868 -0.0100247227913308 -0.446364604189723 0.820929152804651
-0.0582688383715571 -0.0011516281711059 -0.63123283643109 0.209170024158159
-0.0586752593242865 -0.00525117465241967 -0.00544964419000112 0.112184874124999
-0.0587968256653176 0.0423545825628578 0.658138151458567 -0.201448980396029
0.00241983010618398 0.0407979282422752 0.330090014683139 -0.847731581820927
0.0391873270955394 0.0128489698887318 -0.533341138527534 -0.693970685746652
0.0335369846032878 -0.00309029755078219 -0.625751391868101 0.0774800336185409
-0.0148760748930027 -0.00765231284041592 -0.160110683829308 0.372155299909807
-0.0216380221754289 0.0060980717016887 0.124630316990619 0.142686968461143
-0.0145799404482051 0.0217401805124492 0.102006969580439 -0.181505293294857
-0.0305799211026751 -0.000234236008990911 -0.0850135092330312 0.178135759004822
0.00734951338271814 -0.0051672171275478 -0.133343656225015 -0.122603323182203
0.0245415237752478 -0.012960821017806 0.150642823421101 -0.34822273753486
0.0100517194386747 0.0253833523239918 0.553806545189415 -0.0592879315119271
-0.034657090289066 0.0265129345891419 0.499913567151818 0.690683218377225
-0.0591090436638178 -0.0265385868921373 -0.280420540894504 0.866634485720382
0.0010133486697778 -0.0243308270638612 -0.629911636299494 0.267005510383121
0.02325429042416 -0.0232227231073593 -0.0876911958402782 0.0887111063260867
-0.00268269514736143 0.0096751945058055 0.636657424244702 -0.147008584910367
-0.000224089423685431 0.0118347746141399 0.455720754620061 -0.789021574944403
0.0190630145663216 0.00994538182626132 -0.422138185880053 -0.756911702206125
0.0323816759818136 -0.0166761046921578 -0.667068746446258 0.0144474404390071
-0.00528860720043373 -0.0407109866724357 -0.250223531870083 0.373514163402537
-0.0130635496740437 -0.0177622913271524 0.0863515805561377 0.147952502374105
-0.0262178213601428 0.0041425381761154 0.130214623204752 -0.171884566830141
-0.0285001880174269 0.00224179118452501 -0.0861202700591157 0.177756121004046
0.0108039158274281 -0.000172678883277934 -0.119794954024057 -0.125629730214909
0.0274120372853374 -0.00834708448029624 0.175821323100952 -0.34408526242881
0.00672448713348906 0.0227285267176347 0.561086638555437 -0.026392161089163
-0.043452614923479 0.0153370726443688 0.456483795158831 0.730324419010352
-0.0591283810119575 -0.0368718443796244 -0.337334013938457 0.857021796869129
0.00952681602359189 -0.0229505214595088 -0.635064140316674 0.23867722105014
0.0298167972146069 -0.0179955201392828 -0.0651194583533875 0.0870726668354759
0.00150186723342641 0.0126698826817764 0.637073686683039 -0.173066661606822
-0.00170050666567034 0.00626114869574908 0.399228141201753 -0.812628198696946
0.0143262053136952 0.00067630611714047 -0.470706165919587 -0.723253523893948
0.0284256577102855 -0.0225214931627948 -0.662309143868074 0.0527707848596083
-0.00475663236097017 -0.0377182686565539 -0.226994312492992 0.377585134467669
-0.0106566181834298 -0.0118988188721597 0.0995501440374203 0.142986682832218
-0.02345708716153 0.00704631586692133 0.124721432601099 -0.172109534791263
-0.0251288732207361 0.00574570615299699 -0.0928312554244825 0.177062102091275
0.0110389738399024 0.00524973965220588 -0.107745503321083 -0.127870628040761
0.0288204946416064 -0.00236281958778244 0.200978525969119 -0.340510906116741
0.00273940030605415 0.0211350629296541 0.567339898624768 0.0050958105950114
-0.049621433876888 0.00784065799710388 0.411330291400086 0.76133070328976
-0.0588471807670695 -0.0433188057075806 -0.394896629925477 0.841853595234823
0.0106911068017537 -0.0190427110990177 -0.637731911778136 0.212275604121357
0.0280646982967482 -0.0118615062885666 -0.0416041348335172 0.0883827499824878
6.11175268854878E-05 0.0150067063007045 0.638766989901876 -0.202998000239419
-0.00307283278132558 0.00539228079992275 0.347561426927069 -0.831536280324029
0.0100700007528067 -0.00539467357139775 -0.516434716714899 -0.685408448977165
0.0254883979845039 -0.0249549933135062 -0.651161900382934 0.0872416543199735
-0.0045194268845702 -0.031962611652388 -0.201457163908043 0.381813522945113
-0.00990403636830395 -0.00501999599194811 0.112662357768867 0.138279678749931
-0.0204724631611755 0.0106672165926034 0.119931613700317 -0.173074533307529
-0.0208014147434941 0.00764970019119869 -0.0975643683878031 0.175819905244263
0.0103346239806439 0.0107397150432173 -0.0974361309321905 -0.126955904959041
0.0277241722042116 0.00564997910780312 0.224880725102227 -0.337058400111815
0.00194124961947986 0.0229767228937884 0.574714149246908 0.0287117801602501
-0.0510006618329228 0.00289693836774187 0.369135511545298 0.786551705592693
-0.0577766382046212 -0.0442013694644578 -0.44226467823984 0.827305119771148
0.00552539812782035 -0.014193528239176 -0.638986944250573 0.193240442746234
0.0179869544260218 -0.00713811544920764 -0.0192299108263641 0.0915566797041363
-0.00661109550039173 0.0207596576408399 0.638428196613578 -0.224347456529171
-0.00343970293146719 0.00715131949545626 0.301269035692814 -0.845360000197285
0.00968483242691707 -0.00828850076587908 -0.551062726836383 -0.657207876890099
0.0236752837435517 -0.0239269846811907 -0.639730374618963 0.112228297045807
-0.00548740541544809 -0.0253898934976512 -0.175011704856903 0.382453181201461
-0.0102057273457913 0.00110714616908169 0.123358680110636 0.135090517997251
-0.0172105165561005 0.0138285740138203 0.112928679910675 -0.1739573781272
-0.0183287362484756 0.0108257241406101 -0.103878130046053 0.174027831840101
0.00877119325330402 0.0149389817196062 -0.0918847289010853 -0.125804489876055
0.0263402060180916 0.0123150925588768 0.243598313273952 -0.334675622580288
0.00363000945343319 0.0275801057865268 0.580476219228968 0.0395489451874382
-0.0491058766026235 0.0038828518152342 0.342235927244015 0.79842050539354
-0.0590476235580177 -0.0414908486410987 -0.472588565296611 0.812409794015094
-0.00681167983211331 -0.00944871506768185 -0.635806078023366 0.182306901788871
0.00146724570522247 -0.00371452635674068 -0.00264308978736254 0.0965540964936149
-0.0168086803525944 0.0270369092851343 0.638375908780669 -0.23528045826322
-0.00339432822388703 0.0123461149086905 0.273185047392735 -0.852582196741675
0.013633194270342 -0.00787832810808618 -0.571784746094615 -0.639048544291671
0.0234757768799569 -0.0216514189141482 -0.627700129099275 0.125399239468934
-0.00607747729178008 -0.0184484794501334 -0.15536233878549 0.379681893125746
-0.010985568816378 0.00499587243800241 0.132076326033975 0.134398996804833
-0.0150814259138401 0.0180374600147734 0.107289710792682 -0.175677439743845
-0.0167312970971103 0.0135532790053291 -0.108998640664217 0.171368670601033
0.00557574123086876 0.0173181818947516 -0.0894250004686656 -0.123523533202374
0.0242210622979283 0.0189835719785144 0.256491152831852 -0.333368496156343
0.00536952989161775 0.0344666042791728 0.582947215605757 0.0407491246990772
-0.0427090394644791 0.0101765141780734 0.333536864928704 0.795908894108701
-0.0602084044281283 -0.0323154692067741 -0.481521127679785 0.808619802953606
-0.0221638227011076 -0.00599795340941309 -0.632217595772385 0.183307970567373
-0.0181475376687206 -0.0020122516454614 0.00659020369145492 0.100933020790083
-0.0303864050268643 0.0340480797246462 0.642386056083025 -0.236764179553511
-0.000856501909768631 0.020745402425945 0.267337197375752 -0.855599177014862
0.0204063314916001 -0.00529108062092189 -0.576043239905901 -0.637863432334311
0.0260452955414327 -0.0168495263177731 -0.620809695294845 0.124900630031266
-0.00909103329398682 -0.0128559459942291 -0.145919916397349 0.377205169908129
-0.013775965606652 0.00799932459322764 0.133693021941491 0.134853803452757
-0.0140715649533193 0.020677624774654 0.102935375034914 -0.177950286594717
-0.0156519170567896 0.0136089923542995 -0.112728549780086 0.169884960323139
0.00230712540377214 0.0178707075095009 -0.0933589702033047 -0.119812037369962
0.0203488259697361 0.0216449240638391 0.257036302813864 -0.334882031465489
0.0109775837050669 0.0422544811321471 0.588788976200613 0.0258821653852918
-0.0344498669244196 0.018941825105133 0.346389363481899 0.782215877843806
-0.0622216631920725 -0.0225096310897385 -0.468118403566091 0.811101912992291
-0.0408667255489425 -0.00330493629489153 -0.629325865433482 0.194567459388247
-0.0395863890635318 -0.00242902470425887 0.00599260825607013 0.107403146015257
-0.0440652439709869 0.040141887627086 0.647757345987126 -0.229408180259267
0.00203969431932577 0.0303550159843887 0.281104447578573 -0.852460012887077
0.0299158029628324 0.00283697052734539 -0.565098969864638 -0.652434372642148
0.0295470750484122 -0.0106750008206458 -0.618901530341654 0.109612037349665
-0.0115854515068526 -0.00944415330682105 -0.144201817604667 0.374024248043557
-0.0173310645243165 0.00896407133297403 0.132792192122685 0.136917723124822
-0.0131990062031153 0.0227839865626658 0.0998998372590574 -0.179329432802621
-0.0162148438902546 0.0137538366719307 -0.113776858058682 0.169309851997418
-0.00126993599134861 0.0156852865762445 -0.102119553126774 -0.117671081472638
0.0189873273015694 0.0224386592143548 0.246353422205615 -0.342344761671185
0.0155749757507843 0.0495444875554226 0.591667554660093 -0.00126772369826609
-0.024166249388859 0.0302792844586505 0.379342076309637 0.761612507527461
-0.0632462186919628 -0.00954294171497727 -0.434361332741742 0.822096160949938
-0.0569551514579753 -0.000719021453707953 -0.626460839452241 0.214450144221858
-0.0575802552936606 -0.00480565573495187 -0.00296684693293174 0.111925308720833
-0.0578998034265339 0.0431557145812359 0.652964438557908 -0.207607567866628
0.00344803177076996 0.0410013934034757 0.316701555517671 -0.846979657873847
0.0394928904779739 0.0120488770496872 -0.5380486522802 -0.682203006356856
0.0346477732343239 -0.00258826325390711 -0.622469561823871 0.0853626695700179
-0.0150074364977741 -0.00835687694601037 -0.155487848366171 0.373051143134663
-0.0217449937836466 0.00655764465384391 0.126589446662658 0.141454047440192
-0.0142611564912821 0.0228259392874565 0.0998909739295134 -0.180654292292299
-0.0299450047011518 0.00079719039699897 -0.0823858101556643 0.176995501676939
0.00757174701201691 -0.00598351982643016 -0.134256416425474 -0.11871790228972
0.0240690783014229 -0.0130972309807853 0.146480537815257 -0.348023667442656
0.0106971541329194 0.0260161999180398 0.550071042292498 -0.0661159368223848
-0.0334422595406196 0.0263779908706605 0.505322386135682 0.679718591849301
-0.0594804533822979 -0.0262707570472233 -0.269211589601205 0.863884174754684
0.00234283467629476 -0.0241087045595181 -0.62357539788864 0.270998157077232
0.0231364427497655 -0.0228298786930785 -0.0854817479452004 0.0896132794716073
-0.00215897558164634 0.0096671178853787 0.630367505667586 -0.152044063029709
-0.00103317944438565 0.0120050155071028 0.442306605791915 -0.78731400936753
0.0196387479270676 0.00989539737331406 -0.426824252662846 -0.746349929673181
0.0324654812730132 -0.0176357805820514 -0.663192564348376 0.0229730624264098
-0.00554543774172714 -0.0404934079287737 -0.244465510283636 0.375380366304353
-0.0142820436475136 -0.0168732086305245 0.088844320348654 0.147123850116919
-0.0260234631538673 0.00499026412417026 0.128984758819825 -0.171212948655529
-0.0274659925049824 0.00266431707760311 -0.0833062949698119 0.176372029937512
0.0113528491510467 -0.000857822615375713 -0.119887157736843 -0.123247423226146
0.0274697780658079 -0.00919801748946388 0.171073432256077 -0.344147944451779
0.00672830524062811 0.0225060490477677 0.558006763365244 -0.0325314577645329
-0.0434364300561217 0.0149464616720562 0.461037459270562 0.72032377610644
-0.0592061643646006 -0.0367718095210305 -0.326745771764048 0.856603875514044
0.00959432967488777 -0.02242339576588 -0.62954021337365 0.243477036849577
0.0298509972383086 -0.0171357853844772 -0.0632797307559144 0.0877480037852042
0.00172054440259551 0.0117640826487025 0.630726805432647 -0.180072919081348
-0.00142227582717456 0.00727519487206683 0.388660613184078 -0.811145685857432
0.0138096065750299 0.000783862606630464 -0.474322044381053 -0.711070331036148
0.0286185689692564 -0.0222625819112732 -0.657373357090932 0.0586375764134858
-0.00532380093434939 -0.0371495816268936 -0.221142793539527 0.379026191769537
-0.0110720391543656 -0.0110215100625527 0.101261868993762 0.142241465281652
-0.0237461064576553 0.00701075792355775 0.121315118101173 -0.171635584002439
-0.0242405068719343 0.00528172635506981 -0.0897263726248618 0.176342678407507
0.0118913425397197 0.00504581417838428 -0.10816313354098 -0.124439660648388
0.0290437648356908 -0.0015502152704119 0.196622541248341 -0.340850317912021
0.0041755764046907 0.0219730174808821 0.564587510781927 -0.00218732616412916
-0.0494656988244611 0.00788719212970631 0.416921347769402 0.750671959759713
-0.0589350417427939 -0.0432720781226662 -0.385656931094969 0.841354133507369
0.0120389372332136 -0.0193464452717808 -0.633151825480981 0.217441033778304
0.0281668726228223 -0.0119891417032105 -0.0401875564864847 0.0881863145923375
0.00106800445179372 0.015954410845993 0.631547791908267 -0.206394807277317
-0.00358830137866001 0.00564718368030587 0.336059963710199 -0.827800924018098
0.0104130249161426 -0.00555981447522766 -0.521630806214032 -0.675932368706213
0.0248771912961105 -0.024589236843324 -0.647722399102371 0.0949328569022368
-0.00476892730150699 -0.0309568035372727 -0.19603955554227 0.381376813971786
-0.00968368809920591 -0.00492924525717526 0.114286383495183 0.13692385981686
-0.0203983281087041 0.0105693749319546 0.11756563516682 -0.172005214251403
-0.0203648076789791 0.00838861975617201 -0.0943103682197705 0.175232289098075
0.0114959846857493 0.0101717813741798 -0.0981793374000187 -0.125436059415626
0.028012335481881 0.00437191122027486 0.219142207430314 -0.336228436002899
0.00368244290665004 0.0229276940950803 0.57032802702211 0.0220197538958844
-0.0519178802605173 0.00314524256652518 0.37617853274937 0.778158535541927
-0.0583686631218425 -0.0441086180487381 -0.430892831618477 0.826467806562005
0.00669509829000127 -0.0143327268646872 -0.633523213761597 0.197725248584933
0.0173463301004868 -0.00741433368400618 -0.0176457275951821 0.0909000560717786
-0.00642735154473719 0.0207891571289873 0.632233626464343 -0.229047884437346
-0.00353143822636252 0.0076219431280121 0.290754236434467 -0.841378078687182
0.00936268516654235 -0.00905118135855921 -0.554555125911214 -0.647811710553993
0.0240884112905303 -0.0245100111666874 -0.635292826759304 0.118540310029864
-0.00594462041378511 -0.024637623914182 -0.169622227191811 0.380692081345673
-0.0101164632651307 0.00110924313431571 0.124762714288408 0.133342589797649
-0.0177913654486192 0.0150163271816915 0.110909341631176 -0.173352926411214
-0.0186203857115071 0.0117808784987283 -0.102082655664614 0.173306127242267
0.00889131050616719 0.0144435612486601 -0.0913628734854901 -0.123561335840495
0.0266647958860792 0.0117988014101271 0.238711509213814 -0.335686286121164
0.00386372576169986 0.0275667967338123 0.576115910683984 0.0349661844403529
-0.048819212477323 0.00434012800050059 0.350997268744012 0.790066275800681
-0.0583217085085314 -0.0406434020014143 -0.460792654966804 0.81294340846083
-0.00521744373572496 -0.00993978024842119 -0.629394156937059 0.187531137707963
0.00211185115506775 -0.0033758485498496 -0.000801070642948819 0.095800783092018
-0.0170255470988552 0.0271536176554614 0.632933318217018 -0.239978291512316
-0.00271329867165631 0.0125111149835955 0.262349084394964 -0.849463794291884
0.0133800461529163 -0.00842181247256508 -0.576112215624262 -0.629268004264079
0.024008269859245 -0.022286759224303 -0.624264176569205 0.13134333708255
-0.00675379117417927 -0.0181189347417884 -0.151162847125124 0.379892631345221
-0.0115963055240322 0.0065085820767158 0.132464928991777 0.132879983203366
-0.015879087652738 0.0189853624042811 0.105842519384725 -0.174796223474952
-0.0162149870535854 0.0133055509772263 -0.105740480314392 0.171871483593851
0.00624956818758625 0.0169099304987978 -0.0900873971944441 -0.121321071713305
0.0236779585132699 0.0188839397866998 0.252338915589887 -0.333462866534481
0.00651237960796295 0.0335226231927524 0.579180867919915 0.0330841250139636
-0.0434851020956176 0.0104327980374512 0.342071511194551 0.787036837202176
-0.0597690931485936 -0.0322824662882392 -0.467343113297159 0.805481736792309
-0.0209220422770757 -0.00503749759788102 -0.626021600163444 0.18830867502217
-0.018848582893824 -0.00229659586731594 0.00860588115255328 0.102137276411199
-0.0305312289820019 0.0342641142002244 0.63547378311878 -0.240368734420375
-0.000868645285971574 0.0206422996963562 0.255731639028836 -0.851255854288736
0.0199517029893228 -0.00399328262367439 -0.578858043392017 -0.627489675072401
0.0262943813884771 -0.0166262122645075 -0.615358353861427 0.13208272076049
-0.00945434137574075 -0.0121864080660574 -0.139491279978653 0.375906656278088
-0.0136778964846603 0.00828004575708663 0.134819493396749 0.132814893581525
-0.0139731277650363 0.0204957561292916 0.100888771850196 -0.177026924764334
-0.0157854410812298 0.0148441828787689 -0.108981960363156 0.169541532702126
0.00319961861963904 0.0168712089322987 -0.0941087467213239 -0.118553109371496
0.0214776265300423 0.0221016506830966 0.251558808834453 -0.33593141055778
0.0120997571255403 0.0418233630646542 0.585635309443816 0.018892225662831
-0.0339260358809776 0.019547112983464 0.354936388653404 0.776301129995547
-0.0622491735967342 -0.0215981398810943 -0.456061324374782 0.80962673160103
-0.0394867289358654 -0.00297089679164494 -0.622508652380729 0.198605203537391
-0.0390229306670998 -0.00185897644277855 0.00789779044810716 0.106914900202388
-0.0429752087822788 0.0400251078211853 0.639516937341441 -0.231977082380281
0.00164666681416901 0.0297147869604222 0.271559501766419 -0.848515062482121
0.0296160824654707 0.00234224677722733 -0.566736855561981 -0.642843661277457
0.0297367849490949 -0.0104580534077858 -0.613058910124852 0.116145889423678
-0.0120463902306705 -0.00901515921916775 -0.138900017983564 0.374816409146474
-0.0184271498076451 0.00947088218399126 0.133000597222172 0.135467683068096
-0.0141869816278035 0.0223101540138237 0.0984362849614475 -0.178752842290533
-0.0161547794187424 0.0141169108943882 -0.11029861353352 0.168785528963213
-0.000936906737018475 0.015913196351766 -0.102179444161705 -0.114919740087671
0.0198044914024796 0.021831804003683 0.242427608183039 -0.343943882403521
0.0173244601103543 0.0487186603806506 0.588770497176405 -0.00817174116821261
-0.0237900872658526 0.0304052591314824 0.386445951529868 0.752119869180676
-0.0632984130018835 -0.00926008198790584 -0.421915100288118 0.820290621325667
-0.0551827284462534 0.00101585529861564 -0.619059237832748 0.220807204436253
-0.0580036186734355 -0.00404008959240191 -0.00133281941618571 0.11166965002265
-0.0569949716451003 0.0435844323591947 0.646296210381703 -0.214377120800917
0.00443702329352028 0.0404815400068392 0.306081216710114 -0.845390185277399
0.0388425575886193 0.0118531107390768 -0.542514773113396 -0.670387468705199
0.0346842975628816 -0.00405536416486957 -0.616439133712932 0.0930033963750286
-0.0148245665600645 -0.00732346331399836 -0.149733364605006 0.373692633508984
-0.0218801993044854 0.00696215386010343 0.12775886967282 0.140488791305353
-0.014101243996708 0.0225462272768475 0.0972580440058495 -0.180550314747506
-0.0297769261002362 0.00142218884134383 -0.0807387636773819 0.175519969452501
0.00786982646988522 -0.00700217974306308 -0.133990598268802 -0.116824441760977
0.0245320033986718 -0.0136191738171251 0.142028992047772 -0.347889275243363
0.0115327771630413 0.0261381234286474 0.545982571786296 -0.0705193592718388
-0.0339894815139553 0.0254095948620323 0.508965057765568 0.672115243216181
-0.0583962505612741 -0.0256094238383683 -0.261178152448013 0.859057918321537
0.00362605519758218 -0.0232270449450364 -0.617872083544992 0.275122654721727
0.0234067821896779 -0.0233371412130462 -0.0842227849062158 0.0901667779327379
-0.00166438081895333 0.00989137434118028 0.623678306145141 -0.155902960801972
0.000318079944392851 0.0122522274291077 0.432538536449864 -0.784894591384898
0.0188600265864568 0.0104197275300149 -0.429177711866568 -0.735584098933456
0.0322486720657107 -0.0173715397470877 -0.658483841103015 0.0287605136261802
-0.00546550562772964 -0.0406237128710827 -0.239270214249351 0.37537955939918
-0.014327773708742 -0.017128169010778 0.0889488034796086 0.145587160204501
-0.0260220038780467 0.00586846828805269 0.12608972692422 -0.169907045596559
-0.0276606019127986 0.00347364503896815 -0.0816296406042873 0.175239713692937
0.011450074026027 -0.00165750954485509 -0.119818677768575 -0.120392137475783
0.0268557702875942 -0.00967471097187808 0.166774845549619 -0.343469036382223
0.00782114864353625 0.0222245093200381 0.552606683971191 -0.0373841026783331
-0.0436430728121625 0.0155830983439799 0.467885815389387 0.710518850296663
-0.0598374149005351 -0.0356162144062771 -0.316531390811976 0.851536220017246
0.0114971838469748 -0.0224641610824908 -0.623536338698857 0.247053894873791
0.0297627734538458 -0.0176358137483468 -0.0620300559030441 0.0877371730527898
0.00311085343341191 0.0116474595262704 0.62383130837301 -0.184163612225131
-0.00169543054696144 0.00717457781215541 0.378735593047284 -0.807784061929904
0.013618217187164 0.000946013125429003 -0.476767645913449 -0.700805831658933
0.0281601700010792 -0.0225670168367476 -0.652766343454824 0.0658619655684865
-0.00551452611632655 -0.0368626015053345 -0.216386687220646 0.378677834880746
-0.0118207575230386 -0.0108821533885042 0.101763184309613 0.140765602470516
-0.0229456769307105 0.00791729837760791 0.119704158751774 -0.17091537953431
-0.0241240128774582 0.00642417768230862 -0.0870619389668748 0.175732412828557
0.0115831930121145 0.00417895316537459 -0.108463552813059 -0.122584797568508
0.0284524173407246 -0.00184413762562416 0.192265600106463 -0.340518925833815
0.00495136696342941 0.0214066117724493 0.56011780515559 -0.00742063406493155
-0.0508935851565132 0.00738100616313438 0.422147412889643 0.743517370471078
-0.0586803699671459 -0.0427007455787764 -0.37247066664868 0.837311498254708
0.0130786248271934 -0.018911617882827 -0.625849567831604 0.222267813340601
0.0279532252838432 -0.01278979320028 -0.0389728648729684 0.0882772984633672
0.00113956088877129 0.0156969371071922 0.624756427534448 -0.21009232983182
-0.00279887565469383 0.00505069189143394 0.325910624576661 -0.825220066930097
0.00961256908626981 -0.00550224935849998 -0.523384687276566 -0.663638522817671
0.0245566241089709 -0.0245906743391725 -0.641948595319118 0.100699941214288
-0.00544071505874112 -0.0303772399794796 -0.189409086737842 0.381665913506677
-0.0108185786080785 -0.00517775781727311 0.114585767129315 0.136537786119675
-0.0206385342188567 0.0116426785551467 0.116195543201079 -0.170818675652534
-0.0201417319671163 0.00865286387659578 -0.0921653812827448 0.174451370343602
0.011328677782267 0.00980620019078719 -0.0972259837392393 -0.123713041584304
0.0280834129343039 0.00531374098215396 0.216298118862905 -0.336494225473729
0.00397507127229464 0.0231850813541126 0.567420308379904 0.0147535403958776
-0.051390004379473 0.00351950953868719 0.381356915915138 0.766978255550534
-0.0584841555040517 -0.0435753850577952 -0.420496378428216 0.824217193173869
0.00725035374016554 -0.0136534852591956 -0.627057086381797 0.201964796095041
0.0178535872269584 -0.00730476381244574 -0.0157759072571158 0.0912821111481687
-0.00565280231282662 0.0203476154373768 0.62424996825844 -0.233469458240616
-0.00371044054430954 0.00713102843681655 0.282628272861074 -0.837473602456725
0.00971868267590795 -0.00875770152649012 -0.556607378654086 -0.635260185288575
0.0236604340569403 -0.024561687764474 -0.629160447301856 0.125457868122154
-0.00611339008894506 -0.0243854975560698 -0.164971702732313 0.381592584600537
-0.0100167613648461 0.00148883141601021 0.125539577476239 0.133587870074598
-0.0178971137390115 0.0153277768097671 0.108971158995 -0.172214653636558
-0.0176894809724596 0.0121765121314126 -0.0986538604976149 0.172102057045882
0.00938757024983379 0.0135372446050183 -0.0911885787443958 -0.121339200227283
0.0264622478917904 0.0123587551427447 0.235249724058019 -0.334986051457506
0.00493121197546549 0.0277199662106823 0.573263478824075 0.0281708931096952
-0.0481536431439424 0.00480140423006181 0.356087938453418 0.778645986250881
-0.0589110652108731 -0.0395117982996198 -0.45126726349522 0.810511840559149
-0.0040815964878591 -0.0107873732034912 -0.623964017608538 0.191443957220465
0.00245163272151818 -0.0039062919412984 3.42309290282602E-05 0.0960578949302789
-0.0154100584739252 0.0275830890492216 0.625138023445241 -0.244116599733778
-0.00270480678431902 0.0128713058119376 0.253646205765392 -0.844037208902894
0.0134187123377366 -0.00820370928707487 -0.575650086728553 -0.619109018487189
0.0241688544474116 -0.0219388535788811 -0.617859740339874 0.138578438634222
-0.0065744443486353 -0.0176190993414149 -0.1463229789765 0.379795091648717
-0.0118900689960023 0.00606309706725928 0.132493454776786 0.131542543010539
-0.0158180591737202 0.0185883483717001 0.104431008176306 -0.173314110960451
-0.0160523285556041 0.0136878699623357 -0.103306041517324 0.170513493196476
0.00647102680518829 0.0160724530374727 -0.0897006232886856 -0.119577050585403
0.023334265305112 0.0187119594614275 0.248329921571258 -0.333953763237934
0.00849740048834253 0.0339163932024509 0.575842058367404 0.0283287574420747
-0.0426076807641341 0.00939363347725446 0.346592218019934 0.779044861056811
-0.0599796566161795 -0.0325328947608568 -0.458476942250723 0.80525617930754
-0.0204646203219427 -0.00566994449545774 -0.620579757679272 0.19320064371204
-0.0176776059680556 -0.00187567317891578 0.00890715519160761 0.100892431719265
-0.0282887278224154 0.0349048402165752 0.629471325038408 -0.246492390043372
-5.70675103496732E-05 0.0205766353260819 0.247430177941226 -0.846119990709755
0.0199500005610109 -0.00496512405576383 -0.581813791088825 -0.616525490201232
0.0256970998583021 -0.0171538171654804 -0.610272123491465 0.137397213154983
-0.00885324860481094 -0.0121672673114568 -0.135297679815515 0.376095799163816
-0.014253973283294 0.00834331541513935 0.135552222478178 0.132327155947427
-0.0141960477231058 0.0211395639010521 0.0990085278176347 -0.175286629513756
-0.0149220050929063 0.0148167005203099 -0.1062025369338 0.168402034977897
0.00354770909148061 0.0167441771905286 -0.0937561860736337 -0.116249296846589
0.0211687555398553 0.0211838828139191 0.248014654085546 -0.337443948900498
0.0119491028051978 0.0419094536773025 0.581209428409128 0.0132265044086641
-0.0345790825127392 0.019138425890138 0.360850427576993 0.765113766867038
-0.0622210426074671 -0.021769692250515 -0.445801429440879 0.808494157570546
-0.038166867736822 -0.00223962098703181 -0.61627924333351 0.203874651968306
-0.0380725173208611 -0.00118756144868704 0.00930766152700277 0.107072780396614
-0.042326537999146 0.0402392191764354 0.632294447690505 -0.236740200810003
0.00263377636175248 0.0303784854133046 0.261355854403909 -0.84292600668221
0.0285412655013774 0.00171538376798425 -0.569244843161024 -0.630760988671973
0.0296479561500926 -0.0102692119204397 -0.609938531568996 0.121371297788031
-0.0125321756137899 -0.00863163225215628 -0.133910244771935 0.373001536827242
-0.0178338215827545 0.00857748894562473 0.133442991655442 0.134359384624169
-0.0141478093501833 0.0227594337805786 0.0965088741671165 -0.177452967015101
-0.0158061953681781 0.0140484078520457 -0.107803476838146 0.168181163219015
-0.000467851312486551 0.0144866980459744 -0.102018911187507 -0.112746645272626
0.0191388613489288 0.0220876413086197 0.237495098920281 -0.344570671898188
0.0176608680754546 0.0478618160376228 0.584390897927252 -0.0138396249704338
-0.0235971144076936 0.0305365343122239 0.391419001015455 0.743835635580382
-0.0632272874301895 -0.00894905010207071 -0.411689943719558 0.818643974560774
-0.0530968188788786 0.000550297799680965 -0.613340161629773 0.224171296503014
-0.0575619590008325 -0.00417619986800719 -5.67301005319227E-05 0.111357263670854
-0.0553649611902591 0.0437223239185875 0.638751855784414 -0.216653384411304
0.00548696140877326 0.040334200355044 0.29653438800144 -0.841363342511249
0.0392606601002486 0.0115397815104237 -0.54594776708929 -0.660573792288054
0.0343402524420407 -0.00418553991197836 -0.613088945061748 0.0983172839103979
-0.0147534969992248 -0.00726845844547573 -0.14444636572029 0.371014475169229
-0.020898239596187 0.006556084708118 0.127755046980787 0.137724942016498
-0.0144420894547155 0.02280006118574 0.0957410933684269 -0.178986836406138
-0.0301646227527943 0.00210081612261195 -0.078927130888944 0.174007773683775
0.00877573747845651 -0.0077313696995083 -0.133869408968599 -0.114993527839943
0.0246329049404964 -0.0131678221006829 0.139963515457208 -0.346263210943423
0.0124976972100507 0.0249303178424081 0.540868220208329 -0.0755352195180918
-0.0332124989978523 0.0257593234257601 0.510997645861108 0.661138505141721
-0.0586063013160104 -0.0253488562034354 -0.252388971984783 0.854635932862383
0.00508029441214586 -0.0241373250705266 -0.612472740542413 0.275780280469518
0.0228290940267804 -0.0231289663061314 -0.0826138480283911 0.0897526202748374
-0.00156685489533199 0.0093818468261151 0.618190779153347 -0.15906399041905
0.000971361412776397 0.0124632148670958 0.424987156778113 -0.781611061838008
0.0192577803193784 0.00947262954601059 -0.432341144731559 -0.726602744212042
0.0316184050289903 -0.0175666716387478 -0.654148896773749 0.0338348323428343
-0.00640135306999997 -0.0389120649214123 -0.234827367873535 0.374945318009346
-0.0143926352238039 -0.0167542776892002 0.0899064308242945 0.145085716757548
-0.0258121430445157 0.00567133114104682 0.124379219306746 -0.169376346495823
-0.0264744144517133 0.00433399305960364 -0.079535835773836 0.17421225226613
0.0111741333103886 -0.0028762065862798 -0.12038418799827 -0.118109676062226
0.0257610502529858 -0.00863318825566058 0.164886386190132 -0.342926611428108
0.00935533113481611 0.0220448207899128 0.549729021007761 -0.0411380505353186
-0.0436098248993897 0.0160577572182304 0.467820308187443 0.700401703529817
-0.0589545659082175 -0.0350917044700898 -0.309870994192109 0.84883325722184
0.0117435211302433 -0.0224643940650373 -0.617374053484121 0.249719383910043
0.0299313907221494 -0.0184833428389084 -0.0609005417847057 0.0878839230753724
0.00305687840758084 0.0109323706530014 0.61771497211717 -0.186492817096599
-0.000155387677954835 0.00711087644006756 0.36979282540801 -0.803368174419534
0.0130242618731593 0.000762943787566762 -0.479228063599485 -0.691802513678682
0.0274981239988126 -0.0224944760619804 -0.647664193978418 0.0708278761479196
-0.00615823639281776 -0.0355569905282373 -0.212358524737095 0.379106236340938
-0.0117097146919872 -0.0108881779993409 0.10199595020872 0.139479827030342
-0.0239093153843018 0.00890547589248623 0.11844116189742 -0.168948058795955
-0.0245754871663167 0.0057765185462875 -0.0854275422028574 0.174837816578958
0.012091595041694 0.00367471166952081 -0.108703646641439 -0.120617387724501
0.0283289008506324 -0.00269032951882392 0.188954069114803 -0.33933452622657
0.00581443988661223 0.0216135138790258 0.556851263773631 -0.0115679501213416
-0.0489846064463058 0.0081127023916106 0.42599837063462 0.733196901206794
-0.0585509277279586 -0.0421984627863958 -0.365423429834748 0.833439192535569
0.0131325155748063 -0.0189916162816281 -0.621419483480277 0.224510509933834
0.0283410803349651 -0.0128945661049611 -0.0361827641584134 0.0891663141266832
0.00222529682744909 0.0149115304877555 0.618320970302446 -0.214215483437002
-0.00233330817049771 0.00553579212676613 0.318715718924448 -0.820244386811035
0.00994217900263591 -0.0052907604355246 -0.522954234684829 -0.655457266206005
0.0247351265656674 -0.0245747978528918 -0.636519807433705 0.10563047983741
-0.00585872902696579 -0.0295606270291451 -0.184316189524095 0.380668849881691
-0.0108889938189288 -0.00512822540166364 0.114944515319745 0.135187180613501
-0.0213707082488982 0.0122010790269025 0.113811068124963 -0.170972960784424
-0.0199981092012224 0.00873745346133476 -0.0908470157797149 0.173361781911781
0.0115547223270436 0.00829639388120918 -0.0984045246621976 -0.120687059866206
0.0270926254935737 0.00496623384576964 0.21271257676999 -0.336562238185603
0.00455941174890684 0.0233487818284704 0.563138608854284 0.0113016984769694
-0.0506498469196605 0.00307267912506392 0.386514509121482 0.757733474657378
-0.0587683204809835 -0.0429427476023652 -0.410294063225667 0.821060672752076
0.00863895471012748 -0.0144941740477448 -0.622244740967877 0.204742864704234
0.0181952241849183 -0.00796593332488948 -0.0153510218390251 0.0909250361757208
-0.00473580364948936 0.0196732122172499 0.61824969131705 -0.23662624597434
-0.00345713128989539 0.00682090715144941 0.273007466721468 -0.833247134401641
0.00904680290197118 -0.00933043473923581 -0.55721766178678 -0.627044866543747
0.0236734279063862 -0.0234121144709105 -0.62439454969353 0.131100092070866
-0.00632913413405299 -0.0231957174091064 -0.159708070013774 0.381236066704012
-0.0109327071204436 0.00138417873174338 0.125356611535885 0.132120213791743
-0.0179469991699865 0.0160853863080816 0.107371628006668 -0.171450397740615
-0.0174921922174869 0.0122238019907374 -0.0958944863912387 0.171163763960459
0.0102513424294441 0.0124323844645483 -0.0914584534168406 -0.120415087749743
0.0265953040014982 0.0120055170377176 0.231779695248192 -0.335183419092389
0.00560610541468803 0.0268993361003656 0.568496656115977 0.0261755895242037
-0.0489232287365293 0.00461344073776203 0.360614357785673 0.771172307052641
-0.0582773510962252 -0.0398184584092759 -0.441144944853166 0.808343979872525
-0.00343938647980858 -0.00999584691904913 -0.61696831107235 0.195511063396523
0.00259210662956437 -0.00405840273080855 0.000994963476520971 0.0948507951094527
-0.0157251426000699 0.0274361292935075 0.618565680368741 -0.24626877076544
-0.00221923802619874 0.0123016936657882 0.244677422469972 -0.838678775113635
0.0125952773597544 -0.00805030892559631 -0.57632555573001 -0.608287758395122
0.0235617496383226 -0.0222280871959852 -0.613289731195038 0.142870131141569
-0.00689287777660184 -0.0170697828064624 -0.141870697452914 0.37835833458617
-0.012257271511474 0.00662288479494437 0.13317503816245 0.129589226310277
-0.0157208828776255 0.0187813475509237 0.102489421512169 -0.17278606058449
-0.0158933603499638 0.0136085190297715 -0.101296247615591 0.168253716561758
0.00704234717948203 0.0154347648371075 -0.0894940710080113 -0.117772389605223
0.0236025519953857 0.0180162540077781 0.242879515351868 -0.334959418160353
0.00883442319559841 0.0324336354433151 0.572366750705016 0.0241222018245812
-0.0431255719110941 0.00976778012864129 0.350690206916866 0.769600069526353
-0.0602791108104773 -0.0316685229258269 -0.450463855344665 0.801534969925989
-0.0197073123355848 -0.00599692710957056 -0.614459941490069 0.195606267136791
-0.0171640434655199 -0.00151581790926064 0.010298599873825 0.099750204816467
-0.0272305668446017 0.034160662935722 0.621803576167407 -0.247957173739687
-0.000386266187104842 0.0206330926977713 0.239506836142141 -0.841558776292925
0.0199115132176029 -0.00483841234907211 -0.578703340078491 -0.606987327586858
0.0263537070862832 -0.0164126843611317 -0.605058871863878 0.140882846180227
-0.00868487801627841 -0.0115634137878547 -0.132339359790324 0.374507684193119
-0.0143513365866281 0.00877960394889534 0.136853826245881 0.129701625870146
-0.0144122215893297 0.0213940386869062 0.0975665489319528 -0.174053194502356
-0.0152878162098455 0.0146817458360799 -0.1044807867904 0.166974226247752
0.00324110812588165 0.0155081156640612 -0.0932446135043822 -0.114105880847295
0.021477694126637 0.0210832785675444 0.244810404563251 -0.33712102631716
0.0139331389672147 0.0413081269353862 0.578040482721302 0.00811098993866949
-0.0340115068098514 0.0197696807227232 0.363886944574449 0.756574054367098
-0.0622248000675163 -0.0207181019174513 -0.43516957246194 0.805410586248993
-0.0365521119544317 -0.00203550037110797 -0.609875937338096 0.206587614235818
-0.0377058406838403 -0.00128831638334978 0.010028285077139 0.105798742947675
-0.0411010718627947 0.0396704289496927 0.625774521223811 -0.239505416087616
0.0026474954681306 0.0296945451936156 0.253131359751329 -0.838788944808942
0.0288888469985328 0.00200259178499144 -0.569521514287529 -0.621970974228304
0.03057262834275 -0.0109244566893317 -0.604711399489834 0.126885106430197
-0.0118180900142083 -0.00783712561974468 -0.129882905424396 0.372953051371766
-0.0186038720732113 0.00858790216013522 0.134537780438411 0.133092440433497
-0.0132535461084415 0.0234392731306212 0.0954521266448085 -0.175448240061443
-0.0153233362871658 0.0144228713000033 -0.106058164378921 0.16724407825927
-0.000244767292393032 0.0138042832639594 -0.101567701322872 -0.111323995115003
0.0193120290946586 0.021652385295379 0.234798350796655 -0.343493520042286
0.018574015139797 0.0477916617179601 0.579984610849906 -0.0171671443638178
-0.0236644216566604 0.0305776592447303 0.396942851088277 0.735325620631834
-0.0628896171690129 -0.00829324535539629 -0.403725547755063 0.816274565067082
-0.0531427691907103 0.000812642605466249 -0.606066842995289 0.22745845007711
-0.0567705324530757 -0.00350542750355286 0.00108486128264014 0.110279490394233
-0.0542180549252673 0.0427710019703431 0.631864670194954 -0.220524717493933
0.00492875416791791 0.0396335409149878 0.28791379212941 -0.83517897529871
0.0389771441228034 0.0112567552897432 -0.543816705912312 -0.651157856653569
0.0344758223803128 -0.00361055704504403 -0.607136538543301 0.102101936201703
-0.0147425673404403 -0.00652551524125172 -0.140432967263727 0.371918087740226
-0.0220124377529713 0.00659131569406435 0.127663198473147 0.136809429728831
-0.0141809498924103 0.0237035408935723 0.0943892999974518 -0.177916272738806
-0.0295156205569551 0.00281777043256477 -0.0772973829275488 0.171960848912142
0.00823623454803539 -0.00790302002948799 -0.132455966087736 -0.111748554511139
0.0248343862609407 -0.0133459127499301 0.135930787908664 -0.345187988307263
0.0131913688923793 0.0246449216895011 0.5376100345465 -0.0773207507340215
-0.0335084109537219 0.0255574974845917 0.51185833882879 0.652902100499198
-0.0589073284170759 -0.0249015993307799 -0.243633419728257 0.852046601140168
0.00541347808307117 -0.0240436973481964 -0.606960844640108 0.276725900712621
0.02345434595797 -0.0228956308763842 -0.081391805310151 0.0901610243229916
-0.000447601961629572 0.00957387926091937 0.612076291059779 -0.160370265070935
6.80473409471853E-05 0.0122282540725131 0.417005974058698 -0.77559657955374
0.0193213310866646 0.0094322282408509 -0.431823038780607 -0.718781843530672
0.0330255570398721 -0.0175359570347106 -0.649157798050263 0.0375967836611343
-0.00644807484132006 -0.0385020189746768 -0.230111087781888 0.37398505307996
-0.014694111956615 -0.0159778949189898 0.0903893968463387 0.1435398479715
-0.0258996683152957 0.00668036787736727 0.122742526129758 -0.16789454655208
-0.027019793840168 0.00391006155536207 -0.0777759527659785 0.173088199711289
0.0112459976939606 -0.0023665810215105 -0.119351759545369 -0.116592958196373
0.0263926683015349 -0.00876781977648837 0.160566693856503 -0.340888532876477
0.00922708423737982 0.0220046510144097 0.545098414958162 -0.0440098115354513
-0.0435849206562293 0.015621057001655 0.47217638240698 0.69394024028314
-0.0588332933216723 -0.0349803938720766 -0.302761115417697 0.843031459052321
0.0125445819536042 -0.0224719393757809 -0.611220037865529 0.250290376577195
0.0300798241209029 -0.0184179959611477 -0.0600320823313056 0.0885345453398391
0.00391066255537823 0.0107473840304901 0.611493171919851 -0.188539326777401
-0.000641134730177555 0.00689341828397278 0.36387781594324 -0.797915138995331
0.0137086642807541 0.000692356332086687 -0.479261902099952 -0.683191363822345
0.027630562883257 -0.0210379602531749 -0.642364742196622 0.0746473060593358
-0.00623571375736466 -0.0349562776583746 -0.206033708937861 0.376572486767386
-0.0126516603689082 -0.0112199536665502 0.10273940029752 0.138715871920745
-0.0238874397828122 0.00849125412750544 0.117263044787933 -0.168411930101205
-0.0237052691497064 0.0061623639824722 -0.0832899510173266 0.171983264615058
0.0119793254060586 0.00324117686270249 -0.107947236441531 -0.118634867496155
0.0275550288949741 -0.00208641553938958 0.186410873139769 -0.338241819685379
0.00674639070072543 0.0204967397730333 0.551950037447187 -0.0166343358628694
-0.0492892082076899 0.0080029357770834 0.428772960283259 0.724704762583339
-0.0588946397633021 -0.0415943394576055 -0.357220149945603 0.828984660841848
0.0148662087953994 -0.0196468805949781 -0.615452388371691 0.225169806598915
0.027813289897499 -0.0133046861214039 -0.0358569846378154 0.0889420070229903
0.00211879779152093 0.0150164410699513 0.610954985944795 -0.216878196061911
-0.00198236287021709 0.0055319653588537 0.31246837166336 -0.814971636500768
0.00946468749891636 -0.00577742406539806 -0.522941983946293 -0.646465710872921
0.0247605371590804 -0.0249788104562122 -0.631896093007893 0.108743180293288
-0.00580543972692666 -0.0284416641652221 -0.181820527612735 0.379458530981218
-0.0110037067946231 -0.00497652086349072 0.115276471076969 0.133987865598262
-0.0209084704507161 0.0123367670918165 0.112874358556833 -0.168867666011676
-0.0194018149854161 0.0097200931071994 -0.0885661421725862 0.171355502291059
0.0123796921130974 0.00750201696701093 -0.0969839801631098 -0.119929961910756
0.0278196684443722 0.00506999002815916 0.209536278214584 -0.334900750486689
0.00550933582685673 0.0225939324908507 0.559504187347424 0.00769944184926783
-0.0506288340813757 0.00435788939901357 0.388930387080649 0.749231218449505
-0.0582424382395261 -0.0430137047657034 -0.402890413901905 0.818408806180372
0.00930390563394007 -0.0148771029259389 -0.61629757301317 0.206174655915471
0.0184962581583582 -0.00767429721054642 -0.0142089131107564 0.089981627053404
-0.00360201520686101 0.0202279185371546 0.612460618917128 -0.23694929453527
-0.00250075515550073 0.00736465300100657 0.268513026881888 -0.826733805498677
0.00943203703229196 -0.00868676730145256 -0.554903222263711 -0.618503299841258
0.0240620897455902 -0.0243047394541087 -0.619727126775672 0.133844190107475
-0.00682323331738029 -0.0227777753242102 -0.156894970968053 0.379489498389958
-0.0110058651475427 0.00137493218923217 0.126046158585839 0.130069218691331
-0.0180836580676356 0.0159389899643124 0.106517162883659 -0.17005723433662
-0.0172541033939158 0.0121119708250358 -0.0947428387514797 0.170362298570096
0.0100639398000015 0.0120469466119725 -0.0905500780941577 -0.11852755117679
0.0257536514255165 0.0121547696498635 0.229186281339209 -0.33404453287714
0.00672198352091202 0.0267101561307599 0.565940673504409 0.0183265370613051
-0.0490005153465503 0.00442161770581478 0.362453433020348 0.763209552518509
-0.0586113133451913 -0.0394486019584897 -0.433300373723319 0.804563019609222
-0.00202024329806672 -0.0100672454381997 -0.611651941319153 0.196048014481578
0.00331534954656915 -0.00427261000338701 0.00173492491397894 0.0944467640134696
-0.0139246990846334 0.0273533249512006 0.612320940749761 -0.247722077469611
-0.00168968655478164 0.012572226686895 0.238771558390241 -0.832465860579563
0.0131176588030089 -0.00867476492547562 -0.574375603199204 -0.600897755011186
0.0243579510161516 -0.0213530222802658 -0.608797048350496 0.145235068479606
-0.00708425605997316 -0.0163896375332373 -0.137981064589351 0.376628763752379
-0.0121241959916419 0.00618085553604718 0.133292767767224 0.128252117140917
-0.015141204609895 0.0191243929468166 0.100954361839809 -0.171484350205778
-0.0161280411086098 0.0139926404576016 -0.0996546891172737 0.167675126388415
0.00779244082956381 0.0143750710382672 -0.0897466056987021 -0.116911418618804
0.0239048286946408 0.0175477432827451 0.240552103017052 -0.334024576687501
0.00999887238493759 0.032586406099458 0.569101485512989 0.0191877603237596
-0.0425524481862096 0.00951755916870271 0.354290986916905 0.762712089871331
-0.0600080772913305 -0.0316833634323126 -0.441888028987838 0.799039671245195
-0.0187016594296528 -0.00505485783240596 -0.608310187373156 0.197085383696462
-0.0170347776366989 -0.00153489678731992 0.0110759693978945 0.0997562249943464
-0.0271574164914663 0.0339089896095235 0.615928465058742 -0.248887150856213
0.00053784174170278 0.0198383069518318 0.233478963311193 -0.835491592959643
0.0199101106650898 -0.00481034216208819 -0.577653746286375 -0.600116694761945
0.0261905519215631 -0.016810200400317 -0.600621481577517 0.144055767344402
-0.00890787354864239 -0.0107327682503748 -0.127342026553508 0.373051443195972
-0.0154025894361654 0.00912413234713694 0.136081449461516 0.129128056696297
-0.013807612542204 0.0217846003810042 0.0969142303579806 -0.172941429257333
-0.0150298624079977 0.015657270525798 -0.102773442663739 0.165105679830328
0.00431192207659533 0.0148842380597037 -0.0928168029741137 -0.113448555449697
0.0219138670156342 0.0208000061673914 0.242281618934086 -0.33797269146995
0.0139978694674855 0.040820276569157 0.573205931189308 0.00608496757684914
-0.0338672284712486 0.0195426617097721 0.367980711033813 0.74734184665619
-0.0616018718766496 -0.0199380492065335 -0.428248367083854 0.803441378545578
-0.0355047211732924 -0.00225984126050047 -0.605259147387956 0.207763830486889
-0.0369511439560814 -0.000993609782389848 0.010491832837543 0.105038085923062
-0.0406525751495329 0.0398590123286591 0.619679420812742 -0.240917786328512
0.00293891665445258 0.029178609473869 0.245243310585859 -0.83223364410792
0.0289483156397847 0.00180229317785611 -0.568106895057615 -0.61432731610824
0.0303801614043221 -0.0111250075303916 -0.59672774874349 0.130641622127158
-0.0115283893795041 -0.00762645368992416 -0.128140113018605 0.37103679352689
-0.0179965626336109 0.00885988657969652 0.133791488664228 0.131087743622111
-0.0136751013128995 0.0235829366561207 0.0936745313196236 -0.174105152570911
-0.0149802183977757 0.0150323288488152 -0.104013748975082 0.164844553571692
0.000419114251461028 0.0130440074639654 -0.100918278540988 -0.109249834180008
0.0187447328143039 0.0212301122079447 0.23170543785685 -0.342178614831376
0.0194311298606099 0.0462287147742051 0.575113050809143 -0.0205102035620397
-0.0234410165796021 0.0300217226558268 0.397314369995004 0.725404451012974
-0.06322954945218 -0.0088642132453674 -0.395342303526159 0.811641803490047
-0.0506271052804247 0.000758673256966224 -0.600892978816911 0.227955717987147
-0.0553566922831098 -0.00317714628082994 0.00257696486712116 0.109670627282921
-0.0534680949294487 0.0433581922263394 0.625684144987699 -0.223055741390312
0.00514942901583061 0.0396202265689905 0.281886537032899 -0.831018946308054
0.0383097217104964 0.0107927147865563 -0.543237576269315 -0.643233477125619
0.0345879871493616 -0.00447264238606073 -0.603906257593873 0.105373687424945
-0.0146821235361283 -0.00660919796288241 -0.137474122526611 0.370250959744183
-0.0223133012827118 0.00700212559232812 0.128630764315368 0.134690134311377
-0.0146034812324741 0.023543612732519 0.0934476172170393 -0.176189569918414
-0.0291055317956979 0.00299053158802309 -0.0762467427672887 0.170867775389966
0.00844095181995901 -0.00841267314276121 -0.132360672977111 -0.109540618017887
0.0242619853818405 -0.0133869004310875 0.134580194021493 -0.343225628653064
0.0137905211597117 0.0252637569683584 0.53273906444346 -0.0791950699667799
-0.0336832147887772 0.0252791050534419 0.512365636736823 0.647112612198173
-0.0583678175510831 -0.0253910777298076 -0.238960759855949 0.847044440660066
0.00649889125344658 -0.0237729934512755 -0.600251774765662 0.276652468179965
0.0230028764014834 -0.0230538484065432 -0.0796942192482959 0.0900836050524846
1.58653220506955E-05 0.00931889982793907 0.605082538707175 -0.16238543656638
0.000598145885003613 0.0112420539788343 0.409830828895453 -0.76844690465587
0.0195876788294703 0.00953897793038347 -0.432437252795259 -0.70933918979374
0.0322220800246864 -0.0169700772552304 -0.644776137406095 0.0423310483733742
-0.00658663952805254 -0.0380852746293751 -0.226413497233927 0.372623918087042
-0.0146012086348976 -0.0158178503963417 0.0905354224435097 0.143134342589259
-0.0260051187737047 0.00753977365873445 0.121834845090409 -0.166856112109157
-0.0263544094988865 0.00492781312577471 -0.0770628429622095 0.170710589204622
0.0111681161218404 -0.00227628114664701 -0.118870419828605 -0.113746563760677
0.0259691004644295 -0.00836639689309897 0.159050938845472 -0.339142530845915
0.00941839314223552 0.0221682499836185 0.540741291440662 -0.045877126262205
-0.0426308395778148 0.015661861426371 0.471499534180469 0.684859482792423
-0.0592846852138329 -0.0353341061775034 -0.297004318500102 0.838079076318275
0.0140659380622501 -0.0230074434308287 -0.606351085940563 0.250451904409751
0.0302361156998423 -0.0179757979629723 -0.0588090656209127 0.0882035891243687
0.00462775264517916 0.0117465665846978 0.605763919786094 -0.189263811139193
-0.000871769850071057 0.00654281458954719 0.358765968827347 -0.792462400461853
0.0129793807945439 0.000507040195513002 -0.476569617044084 -0.675252886949455
0.0285445240093021 -0.0222147465615661 -0.637702092368664 0.0773432064413012
-0.00582377590953724 -0.0343470768527218 -0.204012851749088 0.376077991554359
-0.0127882489335117 -0.0106921107022173 0.102856458628277 0.137431620261476
-0.0237688484072476 0.00955428535391358 0.115939102381755 -0.16665959430562
-0.0231987315371156 0.0073323222477844 -0.0814787506170729 0.169853493937148
0.0129305398778759 0.00171346583187536 -0.107875550179352 -0.117058789354662
0.0279777747947673 -0.00242731893177472 0.183157515557316 -0.336977548173084
0.00703613974904113 0.0205932066157484 0.548777497752402 -0.0184200939586631
-0.0489525481882339 0.00826716263369846 0.428914793794793 0.717335737982766
-0.0585997959046826 -0.0411299586808996 -0.353361556452506 0.82394956497516
0.0154634606975681 -0.0195929808508233 -0.609813145381902 0.226428629679307
0.0276997462851226 -0.0130883278331111 -0.0354806589454276 0.0881069622401518
0.003417891591502 0.0138685873988507 0.605973986216354 -0.21625645246216
-0.0020492241898665 0.00496670413030293 0.305428025510191 -0.807469379715746
0.0100298201084739 -0.00545219472621176 -0.522862663395205 -0.638386883112321
0.0250690193009075 -0.0246623064825511 -0.628139614356622 0.111906493692188
-0.00547343719823453 -0.0282043089860062 -0.178202054652546 0.378750338641223
-0.0112856675301567 -0.0047818743899398 0.114805828885876 0.133296036204219
-0.0212974789393471 0.0126837738063776 0.111949105714943 -0.167216445200218
-0.0198620568722626 0.0101304704360547 -0.087054913813073 0.169180111657986
0.0119471441117232 0.00738602153953797 -0.0969032889228292 -0.11758289504463
0.0271393325832668 0.0042783502309284 0.208379012923764 -0.334389545828759
0.00531778579605295 0.021839103264548 0.555791789310924 0.00412333767626044
-0.050919882342127 0.003989612806575 0.390170354419201 0.74188977148608
-0.0575884297192881 -0.0433120986900862 -0.397017161207318 0.812384152012546
0.0103263235891572 -0.014776596319964 -0.609540963406752 0.206557002833545
0.0189009696786737 -0.00870288606330057 -0.0149684077813001 0.0902906321379406
-0.00308664660214856 0.019941423506703 0.605447410873101 -0.237676464929067
-0.00272626948602028 0.00720871891848013 0.2632834331234 -0.820947828450081
0.00904750300141478 -0.00879044733347386 -0.553887520337002 -0.609767698617251
0.023819665291871 -0.0235102692116487 -0.6143558494078 0.1363372192488
-0.00628026414219909 -0.0223622257200556 -0.15306036537593 0.377863169916645
-0.0114921027915653 0.00188158741100845 0.126001811212451 0.129364994101288
-0.0175943000282094 0.0161651011934613 0.105372758128719 -0.168338082113895
-0.016567368012034 0.012548898345907 -0.0928849981774747 0.167321386134677
0.0105209633737549 0.0111027950213204 -0.0911132481539707 -0.11773923250253
0.0259919283325049 0.0122238137022231 0.22783483733342 -0.332469941524158
0.00715207403897912 0.0268044280527016 0.563002807398326 0.01577306511349
-0.0487445247863783 0.00491319289838155 0.365159203048694 0.756551876832232
-0.0589722491751746 -0.0391140438984659 -0.42792545807314 0.800095975885321
-0.00140951339998115 -0.0100244468298799 -0.608011654961669 0.19790722556249
0.0039040790213976 -0.00446898647059448 0.00240558944438761 0.0944615751970099
-0.0133415808525576 0.0265890873424188 0.606771007646123 -0.248813509310753
-0.00143942907929387 0.0119926248088269 0.233875100335522 -0.826218666781947
0.0131077238054537 -0.00775055854027604 -0.573827411193425 -0.592435515254008
0.0243365475240514 -0.0221212426556077 -0.60231883221078 0.148132153581314
-0.00703701074743482 -0.0157489734096208 -0.134820705396632 0.375195087331549
-0.0128033049735461 0.00643163687774578 0.133592531606559 0.127628521171492
-0.0158947803155102 0.0200067948603875 0.10066405337394 -0.170130943286278
-0.0153148793839834 0.0142623946479877 -0.0981712489846875 0.165734579250461
0.0069105877688237 0.0138766709614636 -0.0887464005902639 -0.115583821554199
0.0242325309398657 0.0175043395591116 0.237985956659518 -0.332867048217629
0.0095251923400758 0.0323875693058925 0.564881252881928 0.016187003847956
-0.0423178443343013 0.0100952839115088 0.356941621183273 0.754113289602134
-0.059176594541049 -0.0304825028161303 -0.435668363506532 0.794870744732166
-0.0171428021997111 -0.00636409212224566 -0.603427022773865 0.197186794519301
-0.0163157957696507 -0.00184103224934497 0.0124403273135929 0.0990914993310238
-0.0259989820943045 0.0333373460760326 0.609137593735958 -0.250442546925176
0.000850571481566528 0.0199414760635299 0.228063947539866 -0.829731612574362
0.019439072824209 -0.00508345379561467 -0.576900738067062 -0.590997119731782
0.0266381936615974 -0.016916269864254 -0.595845568044742 0.146021755602899
-0.00906156778756772 -0.0100996570620867 -0.1253923321254 0.371752238547886
-0.0153334125708648 0.00850562712873383 0.135723837847682 0.127832670496017
-0.0145110785347323 0.0225934933487401 0.0956842177548807 -0.171685975026974
-0.0147375373454717 0.0156417604253716 -0.101017077599172 0.163933886213367
0.00408344692117832 0.0133257115947588 -0.0924674727727128 -0.11279240728007
0.0216487046286903 0.0205072776593596 0.238854947613485 -0.335594741455391
0.0148637177324107 0.0397948005908076 0.5701209365829 0.00262082584547198
-0.0345109936520858 0.0183082153251673 0.36951291404508 0.743141517804511
-0.0616699455457197 -0.0204053366691602 -0.422990501124284 0.796570653219182
-0.0340201734509403 -0.00191841332826286 -0.600173337603776 0.207942483934811
-0.0368718856414796 -0.00118609864546217 0.0115864181151921 0.103779140218058
-0.0396832495021849 0.0394680243799545 0.614195652161244 -0.241755121668168
0.00334812286446012 0.0286200913883221 0.241879999381701 -0.827223125865449
0.0278212718725995 0.00129454707964169 -0.565859110025891 -0.606700378976899
0.0308163167528259 -0.0119303276377473 -0.595719859417211 0.131290890175339
-0.0112397128174318 -0.00710200462706457 -0.12495427142054 0.369759283807987
-0.0182863699986882 0.00873287469043739 0.134050171074043 0.129453541124676
-0.0139264926719236 0.0236259799862693 0.0930374235709109 -0.172439869126689
-0.014734920605723 0.0151965168307835 -0.101770108185652 0.163075552820313
0.00153168054533232 0.0117865159055259 -0.100774880841006 -0.10790397488437
0.0193112377440589 0.0207701822626631 0.229558548549716 -0.341507581352833
0.0203632963545074 0.046746694734895 0.571907181573191 -0.0239801600235336
-0.0244272952176176 0.0300336748847472 0.398073151765149 0.719557979537886
-0.0623832799110278 -0.0079383033717671 -0.389848522082291 0.808381388099671
-0.0489055258689513 0.000683761877970014 -0.595214917337816 0.227350033536587
-0.0549489936005189 -0.00345260019721278 0.00288172473680915 0.110327563745536
-0.0527350035556162 0.0435477511539174 0.620167709535787 -0.223024612553746
0.00518459425501727 0.0389611135584521 0.275075713845411 -0.824866504630247
0.0374964603180516 0.0104680192644692 -0.5424812636868 -0.63490704197684
0.034174962161023 -0.00471180702165914 -0.59811289319464 0.107965213716947
-0.0143290796735458 -0.00612571992492797 -0.134416199851612 0.36968793590116
-0.0225501824915364 0.00783106588411825 0.127913884225797 0.133646584064217
-0.0140246250102352 0.0245738504631384 0.0923139591196218 -0.174644792023685
-0.0287263243646173 0.00364611854530364 -0.0750885930864979 0.168427689585551
0.00867482886422837 -0.00929528372354118 -0.132069584742813 -0.108717027596128
0.0239414642754285 -0.0128603575982341 0.133922910371862 -0.342014304312506
0.0146829410185244 0.0255750231421343 0.530019418880079 -0.0813565253644269
-0.0330919958177084 0.0252909665266251 0.511606112703298 0.63885640389201
-0.058518054898025 -0.0247066872331033 -0.235830159250206 0.841313537380967
0.00722876155364509 -0.0234918060213635 -0.595749333000153 0.27589453917583
0.0237383359719489 -0.0228436456668044 -0.0790096172823181 0.0902275099752426
0.000188386424104202 0.00902292891333967 0.601745920196717 -0.16363919185036
0.000702236078734871 0.0122274969289686 0.406256477501713 -0.765608413492476
0.0189717567026088 0.00895874684831379 -0.431848468812932 -0.703316560057847
0.0324498193746648 -0.01784284634946 -0.641423448406641 0.0455352037302502
-0.00526928934744743 -0.0367980508080029 -0.22516471367984 0.371602822574539
-0.015859145007019 -0.0162974706356856 0.0907093666809366 0.142075798896526
-0.0260553366886974 0.00738181230528264 0.121525911772546 -0.165576448085022
-0.0253195505184513 0.0047562203754026 -0.0757508879914393 0.16863448470791
0.0116099333093147 -0.00337250281098903 -0.117901868923325 -0.113595891224812
0.0264958933621377 -0.00865904467501669 0.157883484812805 -0.33834337041019
0.0108606114889324 0.0219691703126577 0.537076499411899 -0.0487951878065258
-0.0430353976962791 0.0158717219613538 0.471916113133841 0.679314716079279
-0.0590177407236477 -0.0345144255302188 -0.293163156265373 0.832171767670707
0.0149225382465791 -0.0232674615028246 -0.601874932316778 0.24916862908334
0.0298921858238295 -0.0184970736914977 -0.0576359116748479 0.0879889928308845
0.00488846127414658 0.0113101167900508 0.600002353989953 -0.190852036186249
0.000181526365447639 0.00669520160246071 0.353174754877285 -0.788654160684706
0.0128678009193282 0.000873800883169504 -0.475206733723898 -0.669145937009737
0.0290175315017577 -0.0212753497550414 -0.63439106668285 0.078905809240029
-0.00604925682506329 -0.0337229630065755 -0.202092014928058 0.375134043559935
-0.0136336509506684 -0.0101025245280711 0.103024758421343 0.137240198674114
-0.0236191770771182 0.00960374714472141 0.115298356953223 -0.165254073450373
-0.0231442519887672 0.00721963664596342 -0.0810383984882306 0.168793198168666
0.0126755768453657 0.00175392935732875 -0.106456877659909 -0.11564093913434
0.0280392673298941 -0.00230629873578276 0.182272067847301 -0.336117930234358
0.00789822671264649 0.0202213777724399 0.544629493474964 -0.0191967674986144
-0.0488443158894283 0.00829963994434227 0.428815130183863 0.710873256191411
-0.0578595309203686 -0.0409392389973293 -0.348116391203581 0.820917400676227
0.0164884524534912 -0.0191921951370632 -0.60449366017003 0.225350661829075
0.0286049770446281 -0.0138802738126287 -0.0349382010643276 0.0881889627101627
0.00306374479832362 0.0142066243780182 0.599910840830442 -0.217249046098306
-0.00190896715078585 0.00526512206886896 0.301534281315709 -0.8042689091472
0.00999126629536089 -0.00625827833360855 -0.520047684284872 -0.631982640174156
0.0264485427901958 -0.0248098762936755 -0.62397251296521 0.113688257148532
-0.00531703731115548 -0.0273180392187917 -0.176025846342269 0.376409811860524
-0.0124179752890968 -0.00391703250403007 0.115431354289144 0.132642371515604
-0.0215357657813816 0.0126502961545348 0.111270529338415 -0.165303639519698
-0.0191422234644423 0.00953258224114965 -0.0857737265775093 0.167459619024235
0.0122068844128773 0.006583487061782 -0.0962852928827457 -0.116222193513802
0.0277920130535263 0.00523691300746567 0.206626844640367 -0.333303915735799
0.00692421209091031 0.0214169219270033 0.551904607593739 0.00280993297005486
-0.0506247281219685 0.00393173656949542 0.391173539034464 0.735976596684443
-0.0578500756438361 -0.0429771471358378 -0.391731839957655 0.808709429497721
0.0119032992781299 -0.0144382686427133 -0.604928826042175 0.206573941160851
0.0191146938019847 -0.00801248785357177 -0.0132123652414987 0.0905673917282266
-0.002889390459178 0.0201411892435333 0.600730502475354 -0.238359171665575
-0.00238273811862734 0.00709681886242506 0.257875429621691 -0.814608603294076
0.00945988000464326 -0.00825977421986446 -0.55163538167196 -0.602855975030547
0.0241244080698763 -0.0238179248146063 -0.611941607033528 0.137891468202628
-0.0054880027551807 -0.0213841105890977 -0.152066051576366 0.376386103264974
-0.011673436791528 0.0014003906763559 0.125596240505181 0.128373828739873
-0.0181993440449485 0.0162774426827271 0.104556787734039 -0.167126164986991
-0.0165042609268804 0.0126768997630113 -0.0926705162886563 0.165557112833847
0.0105531500914957 0.0102789446614261 -0.0906407882183397 -0.116313668193043
0.0265960936934674 0.0115278351014295 0.225824119127161 -0.332075026804212
0.00807513016866633 0.0265756316658768 0.55926099168173 0.0149694262463187
-0.0482595491484416 0.00478845551605043 0.364890558227315 0.748857302802208
-0.0586310683330096 -0.0389211078605238 -0.421363887833604 0.794507975108623
-0.000324948312169709 -0.00951539433712091 -0.602967943682141 0.196498764353532
0.00346803332611589 -0.00472679501165575 0.00326641764489204 0.0944722955174809
-0.0120655098674749 0.026481732504065 0.601617108810693 -0.25041737829244
-0.000579742047482061 0.0120310275756016 0.231336649583784 -0.821707986964587
0.0122461810630892 -0.00831712295102127 -0.571856430847801 -0.586326387344188
0.0248026383296776 -0.0215466657588145 -0.599995918569215 0.151059692093211
-0.00613733133915814 -0.0155871832196401 -0.134452083777461 0.374796154629878
-0.0124147226694931 0.00593716317334931 0.132812578423058 0.126693647500088
-0.015926174286198 0.0198916262436981 0.099634802315697 -0.168191512435262
-0.0147650708681844 0.0149158541916243 -0.0959998782165644 0.163154990180768
0.00774968871138704 0.0131219296479761 -0.0887446335011881 -0.114360488138459
0.0240917038395692 0.0170784447720297 0.236775843078124 -0.33116802057002
0.0108435313077053 0.0313217652801519 0.561349688961438 0.0163280843952538
-0.042156891387433 0.00984107887795374 0.356570417717061 0.747901808087005
-0.0596365005329277 -0.0306564120787663 -0.430254604832947 0.78950123500335
-0.0159396667050144 -0.00660236829257009 -0.599686384238752 0.197404930937946
-0.015297449047735 -0.00194426432678777 0.0118956164509743 0.0985515799581696
-0.0251892552414694 0.0333520083530276 0.602856118846077 -0.249259780434682
0.00142532330559768 0.0194295560420648 0.224316217702217 -0.822362838819658
0.0192844120359812 -0.005118334107073 -0.573174538209768 -0.585137166069523
0.0261896365409336 -0.0177259333915165 -0.592077850406797 0.147766446163833
-0.00877432622895583 -0.00971698152423111 -0.123639798188825 0.369746503841845
-0.0149555600207327 0.00916772400141253 0.135629857609664 0.12786585145076
-0.014192374616404 0.0224957974592143 0.0952540538528501 -0.170059468798974
-0.0143385575195688 0.0158278358141748 -0.0998743473922003 0.162792193841963
0.00441075473970459 0.0134154227556466 -0.091166998882317 -0.111906721735646
0.021843190565864 0.019814292616324 0.236826408016302 -0.334271932657502
0.0159261089335155 0.039204348299192 0.567383201196383 0.00079511932625877
-0.034218494007309 0.0191037201340565 0.369947428096191 0.736642309320274
-0.0612009517464487 -0.0199284427527196 -0.416955461592389 0.79323366678736
-0.0332838242340343 -0.00259875917875388 -0.595227909748752 0.207550414555984
-0.0354419938016174 -0.00158202621595861 0.0117588980978827 0.103811852489437
-0.039077144030598 0.039541129094484 0.607803580753884 -0.241201468411272
0.0030982694209138 0.0290850514777693 0.238585309829194 -0.821612932801796
0.0279964459249266 0.00175021510472529 -0.563388026813032 -0.600562564007521
0.0306793603286277 -0.0114039778044404 -0.590733750919908 0.132671408632337
-0.0109366367303713 -0.00613368141871377 -0.122862865376732 0.366558917327736
-0.0186108794169048 0.00884334838617678 0.13381735255977 0.129120876479033
-0.013706134547796 0.024389516888002 0.0922079375380602 -0.171264105778151
-0.0147294927847753 0.0155871429005128 -0.101123294231125 0.161847275831468
0.00168105885370585 0.0113691455155843 -0.100475677679784 -0.107772933853888
0.0191555394864983 0.0205781670823176 0.227126791373882 -0.340290952253459
0.0210758663522485 0.0456692721459958 0.568559873682741 -0.0252400556624325
-0.0239954482905117 0.029519155216945 0.39994065527387 0.71104143580909
-0.0621711617599501 -0.00815180228010176 -0.384135029941662 0.802981846826324
-0.0487858203413538 1.91936451547255E-05 -0.591654525363182 0.227716767160815
-0.0539246674173135 -0.00279023553041394 0.00408475374278758 0.108886515030501
-0.052055821340401 0.043071001557721 0.614078093969322 -0.223665765674993
0.00618182708267499 0.03891679874714 0.272351929342785 -0.818499801824478
0.0384655094910531 0.0097247001120243 -0.540716933816842 -0.627958056535507
0.0350001489980285 -0.00489162782856318 -0.595950349631013 0.108913025493592
-0.0134866766231865 -0.00500187400973549 -0.133558102290341 0.366690259205824
-0.0221553811521931 0.00701226210794817 0.127396375070162 0.133032062268653
-0.0147483048965807 0.0245204567379571 0.0921475177193708 -0.173313730098267
-0.0282855716377187 0.00341246648002806 -0.0744432235952027 0.166844131444495
0.0092449762560144 -0.00892983521565596 -0.129900989817259 -0.108421351820722
0.0240712847831565 -0.0129430876420309 0.132656420034885 -0.340908758923763
0.0146708370031228 0.024561920763088 0.526786888712963 -0.0808501074752617
-0.033085305537593 0.0241870985908063 0.509264056853417 0.633797496887671
-0.0583951999774658 -0.0250264909073894 -0.234190586018554 0.837136260055787
0.00795850347064033 -0.0252843595184095 -0.593329253891009 0.27464560956133
0.0230433987972855 -0.0230491272777133 -0.0774413867237726 0.0899556643992464
0.000278302662668687 0.0093776206714768 0.596145159495822 -0.160836231063173
0.00146745951012592 0.0112398716440549 0.401891981545596 -0.760986207800613
0.0187527590181443 0.00935311931312217 -0.427339470191099 -0.697901999792476
0.0328085590170348 -0.0180348517086439 -0.637474452973533 0.0441142508728709
-0.00615353539208766 -0.0363580910397215 -0.223039430533649 0.370018824979848
-0.0154001568277407 -0.0155794681276889 0.0905181100086919 0.142084235627989
-0.0263266403672968 0.00832170486338907 0.119939931864105 -0.163735394628973
-0.0253526741736206 0.00485118176685102 -0.0750461148230609 0.166777961084309
0.0120042408360025 -0.0041508982460723 -0.116723659869882 -0.112575493370037
0.0271713685811838 -0.00831584414425844 0.157013554079082 -0.336859801925532
0.0105538734265714 0.0214537798805491 0.534716184098766 -0.0495153882394794
-0.0433769783295171 0.0150857360398247 0.46956440699806 0.672949715685953
-0.058791374338971 -0.0351205849893849 -0.290566296408521 0.829216208788544
0.0158580353083219 -0.0227121736901075 -0.598022982635763 0.248070172824357
0.030590318055288 -0.0187384343795117 -0.0577166282988376 0.0871700607783048
0.00490796104788518 0.0109042059887958 0.595490038477094 -0.187879320745785
0.000266026307209739 0.00667747592495384 0.350406040992636 -0.782078192451314
0.012786853984497 0.000456552250007972 -0.474262652626814 -0.663967403434974
0.0285954978439043 -0.0218527600415729 -0.631580506096424 0.0806576086654424
-0.00514790676137103 -0.0325883491199062 -0.200111083655203 0.372503713659299
-0.0139469960688048 -0.0100931442553769 0.1024668611478 0.136639624993918
-0.0237332336961922 0.0102898159612778 0.114960268276049 -0.16421917121131
-0.0224748581142986 0.00831470220307201 -0.0804306204292393 0.167143197595859
0.012646534588273 0.00140687729690836 -0.105044907644224 -0.114721382220363
0.0280584642371308 -0.00198882515889461 0.182851198053533 -0.335116002827364
0.00871047325836527 0.0197017213801934 0.542865202401223 -0.0188698851087045
-0.0487134079978532 0.00793303532419797 0.42870237885083 0.706352875609617
-0.059115792756671 -0.0409042825913548 -0.345140158705792 0.816492211187257
0.0172991662531963 -0.0199666672147602 -0.601071189358919 0.225021018032079
0.0290326105001705 -0.0132903175991455 -0.0338778530859696 0.0872859990193191
0.00378859271149354 0.0141730554814501 0.59516960839479 -0.215349447211778
-0.000658576716227328 0.00498698840626419 0.299191778515212 -0.799113681419179
0.00944860821794285 -0.00512860792795387 -0.517122950845671 -0.62756305928154
0.0258779300704394 -0.0248269159616243 -0.620448353332218 0.11447871610298
-0.0049882748444983 -0.0271189376861326 -0.174198139813953 0.375986180322061
-0.0124048342399752 -0.00459155627568846 0.115114477642763 0.131457647041137
-0.0210756923611225 0.0136864339594505 0.110665741794107 -0.164854846735823
-0.0190728346425822 0.0102522615692606 -0.0853503560717344 0.16564229178666
0.0124157173419792 0.00568555791641626 -0.095256641932443 -0.115738199336643
0.0273266940606655 0.00460641572986516 0.205333406335059 -0.331993421639809
0.00747321657607712 0.0219252052905455 0.548538377578427 0.00169850830499355
-0.0505113495792175 0.00429404203660787 0.389376112067162 0.731583440936982
-0.0576012490556403 -0.0423810571138968 -0.389919764638857 0.803491557005647
0.0127652822130434 -0.0155318430097562 -0.602267376762224 0.204778318303815
0.0197240076315486 -0.00852131047179769 -0.0121380762124895 0.0892821942397971
-0.00225982969736937 0.0191470974604643 0.596716053992755 -0.236458380351498
-0.00139521527396302 0.0067709659644171 0.256893067890562 -0.810165074426067
0.00920600861469077 -0.0085951387142252 -0.548279255704699 -0.599028207369279
0.024303436138107 -0.023841138105398 -0.607540611830617 0.135941020470892
-0.00626172888070303 -0.0209666210619953 -0.150503217157944 0.375046485227719
-0.011969672930942 0.00177500060447426 0.125616167504545 0.127587475284667
-0.0176227884416084 0.0169971490219128 0.104361191240292 -0.166203685777484
-0.0168304019076302 0.0130615044453591 -0.090977782114355 0.163457544384219
0.0109946939176561 0.0104295973185784 -0.0894505918380342 -0.115916756089469
0.0265504327071634 0.0118033020903953 0.223819707461725 -0.331179637368722
0.00949371003371458 0.0259957017989567 0.555110376419311 0.0140878169884137
-0.0482631267162302 0.00535149141032576 0.365763157024762 0.74345949810196
-0.0580058885084416 -0.0386226601532019 -0.418341205955221 0.789636749182355
0.000902703706536879 -0.00963201183623107 -0.598725906115183 0.195351926977852
0.00377002242418299 -0.00467707403364246 0.00361719195345835 0.0934176007740297
-0.0122810983872796 0.0258769855290651 0.597049330265392 -0.247502885222727
-9.29435570047737E-05 0.0120300590621598 0.228834456126922 -0.816031331261753
0.0120659034610169 -0.00850677367109119 -0.567351991802187 -0.580413743012501
0.0245242075329603 -0.0216462563600945 -0.597379096670183 0.148516651671189
-0.00627958357898836 -0.0143337691467006 -0.132761996786105 0.372524727111936
-0.0126250877496971 0.00596648275120452 0.132324830436055 0.125815561545596
-0.0159597756965962 0.0209840258215958 0.0999807495406385 -0.166519608083881
-0.0146522140032052 0.0149406808314925 -0.0967436908265096 0.161919844190778
0.00827256353690454 0.0128677764027803 -0.0872935743946647 -0.114085176078405
0.0236176653884125 0.0169886578501116 0.235441222457593 -0.330376693125231
0.0111254763576153 0.0314354106917254 0.560060874167044 0.0149798608703002
-0.0427566056306482 0.00973107568773018 0.356734246342095 0.742534824335427
-0.0592468938355857 -0.0313640574217521 -0.428440441091677 0.784368740470305
-0.0151041005264097 -0.00657896955600143 -0.594968188991298 0.196493662427489
-0.0148051421627129 -0.0027557145154163 0.0124483928187019 0.0983957088207439
-0.0243589333313001 0.0329239009667803 0.59968649519216 -0.249021646529904
0.00105729717656853 0.0190070026231629 0.222779671963503 -0.819103230432051
0.0187490676786337 -0.0045725536418613 -0.571504924511522 -0.580498704563127
0.027084946825823 -0.017373343006984 -0.588829997022292 0.147989360325224
-0.00813396804887431 -0.00948869132076921 -0.123215296080401 0.3686710622408
-0.0154847724013806 0.00826062637811759 0.134819908821139 0.126264062551909
-0.0152477619315892 0.0228621485594826 0.0951895307788015 -0.168048148952122
-0.0135130210502967 0.0160583326679525 -0.0989262086118701 0.160555176240094
0.00469293379702158 0.0125570267087502 -0.0910202332044274 -0.110347598361654
0.0215900962680192 0.020170522652151 0.234828389638912 -0.333771108681235
0.0156993280864574 0.0380178782535494 0.56273038913034 9.57587335894633E-05
-0.034982990347025 0.0188138953698056 0.370253785186953 0.729444048284467
-0.0612801134993237 -0.0207992258335955 -0.413746824423128 0.787700430262646
-0.0315513707487192 -0.00277980503993279 -0.591180177335707 0.204571025214397
-0.0354638030227497 -0.00184886074395087 0.0125905043870579 0.103602227010392
-0.0377569930310371 0.038654203969526 0.603915162464892 -0.239757770279541
0.00423000632612468 0.0281620563838126 0.237974100526526 -0.815214046745833
0.0282365376437813 0.0018157412033676 -0.560243458329634 -0.596445484578414
0.0305313322892848 -0.0115052354418296 -0.588449510152888 0.135044465205882
-0.0106949618216175 -0.00563049438083578 -0.120232701504503 0.366759817568153
-0.0195558115301843 0.00885843537303456 0.133154745122357 0.128660700744831
-0.0137841283807349 0.0250244355242073 0.0922162081380349 -0.169764478442268
-0.0141313564265257 0.0159294728722381 -0.100608033022688 0.159416506537402
0.00132167361972151 0.0111942130732385 -0.0986535249961371 -0.107022884691032
0.0194420390878063 0.0200510221655834 0.225506524576893 -0.3381846491938
0.021433173542922 0.0453468445727459 0.565084118902108 -0.0256287087221182
-0.0239273199397237 0.0291579737770899 0.398210511568323 0.706085503018669
-0.0619026282011005 -0.00768737658393159 -0.380577855217429 0.799181321880382
-0.0471616269756255 -0.000105530086679718 -0.587133189067427 0.226138809121559
-0.0535362332224511 -0.00355017150096012 0.00457754759002112 0.108290994172209
-0.0516517734518575 0.0426031969340602 0.609692719457941 -0.221933953863892
0.00643052377612484 0.0380954035786995 0.269329981571147 -0.812821543279414
0.0371761641303246 0.0107264866356419 -0.53745089825238 -0.623060126513863
0.0349877334112742 -0.00512575263047754 -0.592044422681181 0.110666586045373
-0.0140203828492345 -0.00500145162102371 -0.131578754579503 0.366089165086409
-0.0228803481727742 0.0076642510860148 0.127246668575497 0.132560194425587
-0.0148454148768842 0.0251720728575554 0.0913205975839807 -0.170881296039394
-0.0276101659953554 0.00497175323207497 -0.0743499063758996 0.164561182608861
0.0095372354523085 -0.00953304409612848 -0.12937247556341 -0.106449282538219
0.0240839511520516 -0.0122492028426439 0.133196603212679 -0.339053064804232
0.0146991059146199 0.0238604710133137 0.524658129618901 -0.0798017270154717
-0.033806752349117 0.0245538411236207 0.50941523226348 0.631198337618683
-0.0581368282615691 -0.0253200328438747 -0.232456085030225 0.831933647262369
0.00903641427743046 -0.0248298990974383 -0.590415749499261 0.273796234824894
0.0237411662614564 -0.0233569227119122 -0.076891747981691 0.0899766683000751
0.000372926303516012 0.00844958435708756 0.59158256549598 -0.159989637198981
0.00181584324556335 0.0112810881396207 0.402600125136877 -0.756985555750175
0.0179775038489833 0.00980509603089442 -0.425580044783731 -0.693146534398093
0.0329262162226254 -0.0172819965107468 -0.636406934430136 0.0442113163727174
-0.00583563345342517 -0.0358220358532255 -0.222222692065588 0.368962995804215
-0.0168551358346909 -0.0159586548435318 0.0903407196070746 0.142551084315753
-0.0263516044124514 0.0098008292361376 0.120047052495638 -0.162143223311794
-0.0256474130452398 0.00588828853454224 -0.0754088084964644 0.164963803609757
0.0119541241314664 -0.00483287245398656 -0.115851397850774 -0.111718377207825
0.0270153833374939 -0.00814992640450029 0.156955373415943 -0.336585363922231
0.0110596322751021 0.02099016041108 0.53149565788993 -0.0480474091060293
-0.0436917965141275 0.0152402781655038 0.468595733580542 0.672569009187465
-0.0588783754631554 -0.0351192235363148 -0.289044387041085 0.824317758839679
0.0166637388715987 -0.0237419800014675 -0.596417959128882 0.246275106056891
0.0310612051923149 -0.0185721003361494 -0.0562816508000855 0.0878636468432114
0.00502805059355385 0.00974430309243775 0.592198695997887 -0.187229511459058
-8.11515088809944E-05 0.00570659089437276 0.348741020775479 -0.777063762545999
0.0133522061019105 0.000644893960749724 -0.469999861816287 -0.660488086989704
0.0288510045368635 -0.0222893792582937 -0.629840386858147 0.0799391008865184
-0.00513828921976403 -0.0313653298090307 -0.198922189679603 0.371951366966928
-0.0137254315393707 -0.00964153259299717 0.10258189467327 0.136150893647529
-0.0234460954918675 0.0107991768755762 0.114979643118559 -0.162955671742104
-0.0226552412477478 0.0085120241647233 -0.0800896561710634 0.164790229949628
0.0127338197778292 0.000481972080980213 -0.105067327287176 -0.114781810872021
0.0277942941309946 -0.00259403903622891 0.181980469452984 -0.333836833283025
0.00905777250319373 0.0202956345481664 0.539621684211123 -0.0203442325174494
-0.0487755849701167 0.00710279611452589 0.427171111321976 0.702361738817506
-0.0584524326837756 -0.0407836371403807 -0.34307881942949 0.811274497370582
0.0182080617443089 -0.0207664650355432 -0.599307050372237 0.223067221677772
0.0292180225609328 -0.0134524451788146 -0.0329742646582956 0.0873521019485428
0.00342972035155547 0.0137997347854313 0.591765383189065 -0.213878556220669
-0.00116297981172038 0.00501450410943809 0.29827212520304 -0.793031582712861
0.00977188927610048 -0.0049353432259763 -0.514234632588581 -0.625123488565456
0.0256210281048675 -0.024614671669678 -0.617370295420863 0.115163311682495
-0.00494287508281093 -0.0266181124008012 -0.172553877457802 0.373837403176145
-0.0125927450596774 -0.00418234393232332 0.116026614686316 0.131172660645982
-0.0211439374928799 0.014353281205792 0.110775251746946 -0.16288252884979
-0.018751596849927 0.0110230996528734 -0.0847325596892552 0.163616583101869
0.0120978927449825 0.00574077600198514 -0.0953288896113057 -0.114441406015078
0.0279085624185593 0.00506909751002524 0.205310087795759 -0.330808364869079
0.00778193060781022 0.0221381604469604 0.547952669223734 0.00142528821140928
-0.0511755181900262 0.00392869622311988 0.390191272011557 0.727415582191339
-0.0576735636437039 -0.0424294754245816 -0.387431217036849 0.800173595192084
0.0135526192755426 -0.0153198258093389 -0.597605732055765 0.203939546231529
0.0192722279174911 -0.00841574034902654 -0.0115152399449134 0.0901081509285891
-0.00173943050892092 0.0192339178274557 0.593247790960089 -0.23508732271246
-0.00146021060555825 0.00652272393859455 0.255903314910944 -0.805083243370258
0.00901787527434895 -0.00782133865944005 -0.546119476858383 -0.595439765812606
0.0236525906396645 -0.0234449319171503 -0.605149066640863 0.136512629774545
-0.00567181398298084 -0.0200765408504199 -0.148294953002206 0.373896531227131
-0.0121336283794934 0.00194644174455256 0.125483249583814 0.128473258658567
-0.0180723922244343 0.0173375879915922 0.104508395238413 -0.164752324897587
-0.0154971707351362 0.0132565388086048 -0.0909536660877637 0.161794208241059
0.0103891979526509 0.0093193486110319 -0.0878945477320749 -0.115590302415612
0.0259042395165247 0.0116041436565692 0.224079005796839 -0.330097421049961
0.00897654037696326 0.0251100161757506 0.553585922113728 0.0158593573214824
-0.0484147437450159 0.00452880708857322 0.364339481251078 0.739136770284624
-0.0573087558453897 -0.0387991637991507 -0.415148668328209 0.786349713426488
0.00199826124295103 -0.0100048525555232 -0.594710543627137 0.194924647237891
0.00440711687388609 -0.00461971259866242 0.0048979766984245 0.0932726757119131
-0.0126477652253852 0.025473891734358 0.593211614958469 -0.246035431289039
-0.000114289842732054 0.0113757585975159 0.227702939163442 -0.811640192840826
0.0124878863132202 -0.00821977534651361 -0.5644455574191 -0.577814140332862
0.025226476821429 -0.0215643289680417 -0.594057167065001 0.149176248691205
-0.00625559173538349 -0.0144414587182501 -0.131171087755256 0.370973160335898
-0.0135890079818698 0.00662977009131601 0.132065020354855 0.125785733656372
-0.0161851600127585 0.0207767624173364 0.10018882260714 -0.165580606542099
-0.0143058645383282 0.0146871203431197 -0.0959659788316383 0.160619649621219
0.00813896338904972 0.011644441753394 -0.0872608917114129 -0.11427814744711
0.0237966312789894 0.0168466510933073 0.236350293653744 -0.331247491465561
0.0119416470071719 0.0311126822101202 0.5569784693804 0.0141922494467009
-0.0428548941912748 0.0104420180841486 0.357496313918374 0.738986387933666
-0.0595506630751706 -0.0308741490304383 -0.423849834740209 0.782104051490006
-0.0136219621515036 -0.00771130246971509 -0.593487884874353 0.193747151974887
-0.0143513759185889 -0.00222937437097955 0.0134150720398597 0.0976414121298694
-0.0236021512490695 0.0325034748024562 0.596115412525081 -0.247359447415073
0.00186513636342029 0.0192730889866576 0.223219709508095 -0.813788385738361
0.0192762171702714 -0.00545819456170541 -0.567829706291184 -0.577965045878472
0.0267749559068225 -0.0179692987731509 -0.586662177403834 0.148892979795573
-0.00743170512743028 -0.00895702599312508 -0.122184882446593 0.366996045044414
-0.0159329621580062 0.0088511786684297 0.135020391464629 0.125772298567128
-0.0145579644751541 0.0234839065236578 0.0949969979946241 -0.166779506635529
-0.0136691851280148 0.0158757277286591 -0.0980141365201415 0.158748220986579
0.00473875901901389 0.0125926385318803 -0.0901062117349211 -0.109795302552032
0.022438083504772 0.0200455963505511 0.235253721098613 -0.333164710720637
0.0166142429240693 0.0383490631637357 0.560522114255703 -8.37930410087895E-05
-0.0344554536835882 0.0186832320510777 0.369419395917598 0.726390344244184
-0.0614977591911623 -0.0203698994534277 -0.411841865797353 0.784880878244818
-0.0309317481996564 -0.00336190986633432 -0.587463438210984 0.206491357799585
-0.0343791075433491 -0.0018611151388778 0.0138203862403017 0.102597733887013
-0.0373600130812747 0.0378254904613686 0.600362911322193 -0.23860880263362
0.00373511625436256 0.0278776652078691 0.235122815752496 -0.810863779916929
0.0280943315253068 0.001789652891409 -0.557419014536384 -0.591728790776655
0.0297775848676304 -0.0124704489050226 -0.586115655999152 0.134151623453811
-0.0109386033202397 -0.00524672572766906 -0.1216284120854 0.366049661514225
-0.0193773777549185 0.00916837179851971 0.131921797087486 0.128312134490095
-0.0136817484475835 0.0252060203947334 0.0927895749749448 -0.169020997139022
-0.0130889981118544 0.0156993345163849 -0.100325534311359 0.1574035932185
0.00134771718933195 0.0104927804352249 -0.0984617975807444 -0.107474964039613
0.0193133545704585 0.0194625763312077 0.225613521885283 -0.337849384738107
0.0215901608614947 0.0447454502037051 0.563668623741259 -0.0260634578468659
-0.0240679446985148 0.0287559802626063 0.398279809838052 0.703827548247697
-0.062063146903204 -0.00785167279710101 -0.379095382429921 0.795146950255578
-0.0464553750370391 -0.000892273829387374 -0.585173156730532 0.225121397646144
-0.0525445275650508 -0.00346402441332426 0.00592808577423538 0.108529832688683
-0.0511751824000975 0.0420599284329934 0.607548930988596 -0.221129012485114
0.00615960595018672 0.0376667865692324 0.268222598559533 -0.807327841956678
0.0379323912701957 0.0106062002534233 -0.533146801610025 -0.621187642165745
0.0349897326971602 -0.00603251817185011 -0.589773818249417 0.112787993314672
-0.0132851054699249 -0.004745739158529 -0.131194067652874 0.363942083051198
-0.0231236186356886 0.00781457511671607 0.126625782836087 0.132748480197764
-0.0146863208657758 0.0256432225098429 0.09159433064165 -0.170567395988756
-0.0273615478792355 0.0048798729343727 -0.0748661639985109 0.163413783743569
0.00897283513430541 -0.00958735138681442 -0.128370557871609 -0.107304408897743
0.0238093440740476 -0.0127210149054384 0.133592082891994 -0.338312358909482
0.0160385409311487 0.0238648801924266 0.522343231049126 -0.0814583334118991
-0.0344849210631617 0.0249606447225883 0.508118795300343 0.628130165715147
-0.0586172837551834 -0.0251830498566427 -0.231566580312289 0.828893026378129
0.00991714568674271 -0.0242103122346917 -0.588640830620006 0.271498327618167
0.0237772657929904 -0.0235322153968278 -0.0758144038779002 0.0896649082367573
0.00119706597288779 0.00838636730968635 0.590517048084833 -0.157905590543546
0.00182346621403471 0.0109056906291661 0.40141221988975 -0.752766539416667
0.0185533309590559 0.00872473939049695 -0.424322710040808 -0.692332179754238
0.0343485008120596 -0.018485461572873 -0.634087170341173 0.0450151445626417
-0.00492130370196697 -0.0353817853341464 -0.222880361648927 0.367889246854213
-0.0167084565015469 -0.0148562902719815 0.0898253776676774 0.142411892162438
-0.0261351415617612 0.00851110048034422 0.120143025227157 -0.160661272614255
-0.0243076789172503 0.00666865710242736 -0.0757837630534422 0.163320369872408
0.0120848209530486 -0.00582867208238437 -0.115071902640027 -0.110256295816715
0.026873181729896 -0.00894963999672847 0.157801191780083 -0.335216109652057
0.0117656935512657 0.0206989343635827 0.529372387000259 -0.0491289125400639
-0.0433613150734298 0.0147707073523834 0.468581978851762 0.667988410721941
-0.0587330784285182 -0.0358140552524475 -0.288792640353252 0.821349300830974
0.0179259993758747 -0.0242654160018865 -0.593995314428075 0.245127971848468
0.0308521387908231 -0.0187612099704226 -0.0555892578208626 0.0877033954595747
0.00513196323847474 0.0102826494344655 0.590692283334542 -0.186755043933625
0.000691511490077994 0.00629140261576758 0.349224832842251 -0.773697927814933
0.0129309509627412 0.000521687014215204 -0.469366564494761 -0.659361958037145
0.0301609952546004 -0.0226190449678707 -0.627974261097794 0.0797489751798376
-0.00473619859763755 -0.0313426518689322 -0.197634780020706 0.370563297980966
-0.0142314640094014 -0.00980380106525232 0.102471867242109 0.136917951336418
-0.0233585807230422 0.0118606092894597 0.115356202974621 -0.161657778722562
-0.0225443573459417 0.00802599436646399 -0.0801134906235738 0.163395625904009
0.012842208892088 -0.00082493576025445 -0.104128109122638 -0.113826537869727
0.0277422652625169 -0.00240003015689636 0.182462571322676 -0.333500808584081
0.00937421059713293 0.0194847749569035 0.539808832365275 -0.0203077081266817
-0.0493023545093543 0.00795921794658087 0.427747052200149 0.700834640968813
-0.0576044454389938 -0.0414722341250265 -0.342713610066248 0.809368293873599
0.0192955405654882 -0.0211808936615682 -0.597605727519898 0.220491163152334
0.0292556775315231 -0.0142955574496559 -0.0328841859118206 0.0879833938186621
0.00394004958283412 0.0132376618669341 0.589129535397376 -0.211746574867968
-4.12484493731713E-05 0.00449439393748575 0.297907978755876 -0.788806818144233
0.00933829225747701 -0.00507104191742152 -0.510976097697964 -0.62122884388882
0.0263631411960703 -0.0244919414801989 -0.616597460325563 0.11403360910711
-0.00431641189777898 -0.0259112101917108 -0.17293532108861 0.373031719131488
-0.0135992620777177 -0.00495391749547248 0.113792770785666 0.131493046861645
-0.0210938385100731 0.0147418159365259 0.111053571468969 -0.162149774510814
-0.0177822062746475 0.0109461787643617 -0.0854971711056147 0.161820660346641
0.0122655542294983 0.00403973569385543 -0.0942337586642858 -0.114880869518345
0.0278743186890154 0.00518767355077403 0.205134546740754 -0.330075504709485
0.00842111135658604 0.0210978912642708 0.54444359349425 0.00106265965403654
-0.0509237544652878 0.00416428727941098 0.390001483781531 0.725684931390781
-0.0574712395282236 -0.0424824132274636 -0.38672669797339 0.796225271016028
0.013928145903958 -0.0164118495272722 -0.598133323267105 0.201652287347626
0.0197899487522305 -0.00886493074020216 -0.0110238762408849 0.0894091442739111
-0.0021179405415984 0.019103419945096 0.590627415145752 -0.232233492135427
-0.00161206260500929 0.00668541171150868 0.25503973330979 -0.800875487201886
0.00979049825644052 -0.00787947204490573 -0.543098657147596 -0.592969870818801
0.0247676536227557 -0.0243219297959965 -0.605063929214076 0.136724572123897
-0.00499928157422747 -0.0198159611647208 -0.148582415347058 0.372332722345358
-0.012507374251656 0.00156049516163318 0.124292043183927 0.127566671499495
-0.0180593762095801 0.0178698236871564 0.105357531747388 -0.163063883796668
-0.0157341016215075 0.0134044485007564 -0.0908317927551904 0.160501694292973
0.010313801533813 0.00923681822310281 -0.0872462928383318 -0.115008965614441
0.0261277595282976 0.0117872472976528 0.224689742106279 -0.330930621753618
0.00987077889122057 0.024726217722289 0.551388294018343 0.0149426684807067
-0.0486604227266409 0.00508317808995938 0.363879685629245 0.737528807314452
-0.0580583913095585 -0.039168539225665 -0.415320541227913 0.784035578827858
0.00262905478961404 -0.0113946879123172 -0.594693621601968 0.191323026196955
0.00505400942086241 -0.0048837563338949 0.00497456256219012 0.0929672144413829
-0.0114684754711644 0.0261125071823408 0.5911002101685 -0.243393071310439
-2.53974603573598E-06 0.0110602459388791 0.228521421735413 -0.806530976905151
0.0119338127420943 -0.00848474805079951 -0.562470908283775 -0.576123652919969
0.0256341502891448 -0.022311076610539 -0.594968595866116 0.15009190622715
-0.00517240691386022 -0.0132991102146825 -0.130275184193245 0.370915739365547
-0.0141825139733024 0.00650232143241334 0.131417336062622 0.126065251170057
-0.0157655476714807 0.0213987310290957 0.0991549898098558 -0.163867342825909
-0.0138753705520662 0.0155393230990253 -0.0965340461677755 0.158223610497448
0.00699021681090172 0.0107999381843856 -0.0860533945612403 -0.112417115948653
0.0238264851501177 0.01693097836352 0.234304935242901 -0.330577567663305
0.0128853609727872 0.0308432744133029 0.55579462927812 0.01464399607414
-0.0428827702771208 0.00989705741532826 0.357275453176571 0.736452054159783
-0.0592082160625087 -0.0308486139618642 -0.425035176482551 0.779628450710101
-0.0127842999873545 -0.00711939065297676 -0.591526491921683 0.192108668639189
-0.0144748879521549 -0.00280274170628357 0.0138233046432191 0.0977009661698154
-0.0235493618108209 0.0332225163617881 0.594018107499469 -0.246288640520253
0.0017791467955873 0.0187023453282098 0.223030340870536 -0.809740023609776
0.0188487661548321 -0.00471449732798919 -0.565237973489242 -0.576973193611811
0.0269092675203183 -0.0177072075246882 -0.58623220979342 0.147869095301889
-0.00753626408283381 -0.00799327911696003 -0.121386207848796 0.367420009335248
-0.0164079379793304 0.0086918833085105 0.1343248571262 0.126409633290811
-0.0147002438165877 0.0240728094238286 0.095490565609769 -0.165967825199741
-0.0137371161830166 0.0161088469721598 -0.0987805053711001 0.15638532713279
0.00450238032827156 0.0111492355948245 -0.0894302771790983 -0.110426667390757
0.0214513581325234 0.0193944207590657 0.235782951908077 -0.33136826115247
0.0168730223192878 0.0371393943456869 0.560478044066381 -0.0014412036689434
-0.0350995639935669 0.0184075282506173 0.368717797594159 0.72332759708145
-0.0617817500158405 -0.0203678348934901 -0.411289593379234 0.78236002638007
-0.0299454467423647 -0.00356485300425706 -0.587387528165176 0.203798788887548
-0.0346121163361152 -0.00224688582776972 0.0135441525561315 0.10292309449301
-0.0372420423423898 0.0377747830859417 0.599721774320276 -0.23604151212596
0.0049927956743424 0.0275266115591816 0.235861951975409 -0.807807115471957
0.0270861436885306 0.0014194083220925 -0.554101335140439 -0.589698487769645
0.030539725295763 -0.0118974847721585 -0.584566785397447 0.13300699984714
-0.00989149967278164 -0.00538828071746027 -0.119170357755876 0.36487941456074
-0.0190838032086355 0.010020059243372 0.132276605366955 0.127592536073711
-0.0139301129877429 0.0259983743884895 0.0931018226650509 -0.167589625629179
-0.0133789223299285 0.0161419179187209 -0.100238151930285 0.155625629067887
0.00171756222130802 0.00996861419079922 -0.0969742735097509 -0.106311811479237
0.0189418416126708 0.0193878180821783 0.226277605818756 -0.338329536646929
0.0221497903222528 0.0441533118477895 0.563315170823658 -0.0254621179186199
-0.0249492611285289 0.0290859002939624 0.39763905173477 0.701761072613038
-0.0618477373218664 -0.007932268318438 -0.380383137089141 0.791569028131375
-0.0461230578849488 -0.0017241836350362 -0.583541130928777 0.223420878105554
-0.0523207290300717 -0.00361081388325713 0.00554672378657823 0.107883349238442
-0.049763771823382 0.0421398163582359 0.604389059033694 -0.218807779217263
0.00707699057757964 0.0371233175136563 0.270047236819791 -0.80511691800546
0.0363111316153554 0.010365177815102 -0.532231965051522 -0.617756030049557
0.0354049397223335 -0.00575803320136312 -0.589514154475322 0.110689547442292
-0.0126056361485337 -0.00335666667495776 -0.130665395905863 0.36278100838206
-0.0229693214078288 0.00762475220009385 0.126372634869723 0.132428026731807
-0.0139879297787178 0.0260656736487248 0.0920867954436876 -0.169227356509103
-0.0263038516442811 0.00504762101585069 -0.0746637527414858 0.161883853811993
0.00878932476207523 -0.0107298906052747 -0.128145355863259 -0.106823039515315
0.0245532682342516 -0.0126241664973075 0.134267412990234 -0.339761027872443
0.0162138663390499 0.0234531978580492 0.522154072613943 -0.0791278973796197
-0.0336320124447405 0.0246038123112006 0.507744245932519 0.628023493448304
-0.05804690452267 -0.0255370841665608 -0.233131983036062 0.827340106131908
0.0105485397538122 -0.0247953522891947 -0.588895683893193 0.269008527058669
0.0241871958942884 -0.0231370126951247 -0.0761884340604839 0.0898270694523376
0.00208772798871601 0.00917995209998813 0.589035287895816 -0.15740748146383
0.00220777676916936 0.010435826496145 0.402362570009774 -0.750346143157701
0.0189342231431991 0.00906187857291552 -0.421973545553883 -0.691154232916245
0.0338131563119949 -0.0187018196684263 -0.633649767167461 0.0470760049445895
-0.00468410696571327 -0.0351188045600473 -0.219849063052027 0.368010374244845
-0.016943343389884 -0.0149461229474424 0.090705651309181 0.143017872935339
-0.0258217775516049 0.0104280958764058 0.121174452875169 -0.160689500477032
-0.0238784314986674 0.00693050900788233 -0.0750052732600542 0.162556728417568
0.0118217771382106 -0.005567551148233 -0.114859817326634 -0.111078238125465
0.0263645556135606 -0.00833135219193182 0.158640383249869 -0.335423421265691
0.0127392572762678 0.0209596759945885 0.530804715058257 -0.0478264128690717
-0.0432939745565391 0.0153685745222331 0.466709168550987 0.668242209008148
-0.0587458897934753 -0.0355754087678836 -0.288747503519951 0.820317062432683
0.0181172062555255 -0.0237280371441832 -0.593466934594 0.242157997249378
0.031164296667028 -0.0188008572226067 -0.0551849829496187 0.0876287658904329
0.00556648076825893 0.0102647690366762 0.588166960717158 -0.183789241319239
0.00199761794735327 0.00585465039571607 0.348915079171834 -0.771323317148836
0.0128505212556785 0.000603885736924876 -0.467487622359218 -0.658355489465665
0.0298350300674373 -0.0220172836725685 -0.62759610029577 0.0793368667710919
-0.004589598004042 -0.0310560272744515 -0.199088843831456 0.370959437264943
-0.0147816940541873 -0.00984243653962436 0.101584231074191 0.137073497437327
-0.0238766576220216 0.0123880216733361 0.116018961176553 -0.160853021880756
-0.0219167125345455 0.00881153214826703 -0.0805802527297573 0.161619134176176
0.0119047912379356 -0.000969529259153567 -0.103983203978971 -0.113195922497769
0.0280066107638003 -0.00140950402533154 0.183215648976044 -0.334696144929594
0.00981315753022932 0.0192972060139699 0.539086225573834 -0.0187311111145725
-0.0479938610224032 0.00732580419493102 0.42570563445563 0.698034699789276
-0.0580865208399946 -0.0418786320544342 -0.344465076217393 0.807085948900248
0.0195703206150407 -0.0207660946161864 -0.598105248359806 0.218933937179023
0.0296145614937084 -0.0136360285865174 -0.0323316385825019 0.0876575173245793
0.00504950800501416 0.0137495183117818 0.589358554872438 -0.211220828543603
-0.000427960975829051 0.00422319538957461 0.300113231077355 -0.786862390350704
0.00972746910322552 -0.0048230925585711 -0.509985920948213 -0.621253453264137
0.026546103417249 -0.0247002501772644 -0.616601573889607 0.113881765499396
-0.00381532730794265 -0.0255543805917045 -0.173792825509245 0.373410709709239
-0.0138265785730785 -0.00396974997169835 0.11495955031653 0.132355871180504
-0.021620447696293 0.0149801342935489 0.112536727879825 -0.161448615103023
-0.0181785524121878 0.0113836375141133 -0.0855193658566363 0.160356808464052
0.0124424197418735 0.00455594114251926 -0.0943368798375912 -0.114781220688653
0.027901944297877 0.00505441130422741 0.205637545771017 -0.330496325223054
0.00924168121826123 0.0213309701232327 0.545238986286407 0.00236688081504598
-0.0514552975142697 0.00365526622587022 0.390930932629988 0.724419418512359
-0.0580617912117015 -0.0429830851572986 -0.386637161683507 0.795278020753807
0.0149892288577785 -0.0160666637477188 -0.595824017315324 0.199547843548195
0.0207525795592283 -0.00908343758551736 -0.0110151060641698 0.0893411278462818
-0.0022001477256771 0.0190944845891811 0.590095818151041 -0.230852707178557
-0.000637628780768378 0.0059126781732291 0.257255951543232 -0.799147039727586
0.0092239623338745 -0.00813075612617338 -0.542068967634856 -0.594800697833626
0.0252599487342766 -0.0242091137676506 -0.605771921583571 0.136298673924666
-0.00472530393061486 -0.0194529990281849 -0.150354644636071 0.373356151858122
-0.0135186990147274 0.00218029498903676 0.124179859118344 0.127755644419554
-0.017693734902115 0.0183044593725329 0.105474046603125 -0.162256840864842
-0.0155885144171446 0.0134082883317763 -0.0913142592213227 0.158545682088211
0.0098166828866272 0.00803554321318429 -0.0871415376080497 -0.115088289673397
0.0264441106033351 0.0117443733535727 0.224593052300618 -0.329956067291605
0.0102733998787427 0.0245413514884395 0.551345603743224 0.0152798824702545
-0.0489689333644085 0.00491491112895752 0.364050942602774 0.735056181909572
-0.0575863557515345 -0.0388900349627236 -0.418287295277659 0.781752124234483
0.003581358602663 -0.0115508644372614 -0.593391761714709 0.191296044326613
0.00467759959391294 -0.00490515065618061 0.00546488442321858 0.0934214413383776
-0.0114077386185033 0.0254367699005197 0.588511613545904 -0.241514801850995
-0.000193598052634521 0.0115876995009117 0.231369218199418 -0.805871761843306
0.0125084587581835 -0.00798171101846252 -0.560379417469988 -0.575888161952815
0.0256219959471956 -0.0222514113857143 -0.593402067499809 0.149864862992199
-0.00507007488741481 -0.012878585622413 -0.13063488652334 0.369631108349554
-0.0143671097135997 0.00588856969693262 0.130738220638245 0.126619225325424
-0.0162649192330507 0.0211029770073783 0.0998762820762095 -0.163882992830337
-0.0133953003402335 0.0150878937499528 -0.095852323411541 0.15594455151496
0.00753765095643222 0.0113722629716199 -0.0853796140808577 -0.112287354834747
0.0229510675640132 0.0170411984438911 0.236470063924029 -0.328409214502935
0.0130447095383119 0.030059374511629 0.554983987998977 0.0154081800805905
-0.0425181428064108 0.00970217978573811 0.35598566475954 0.734768741131847
-0.0603359305146399 -0.0312869156822829 -0.425641692321931 0.777170799944214
-0.0127260855435375 -0.00735524852385847 -0.591188898517484 0.191279848725406
-0.0137938440052932 -0.003005036706788 0.0141403628354834 0.0979728119930865
-0.0236214698832847 0.0320263948855011 0.591928237466024 -0.243213974739899
0.00188254844004443 0.0181384853294926 0.222474789118842 -0.808134234183274
0.019041549139838 -0.00528519101604037 -0.56371108517423 -0.57587471090421
0.028199601742452 -0.01739253902657 -0.585291604274972 0.147386454619371
-0.00827819908993294 -0.00824643097533752 -0.122475245160034 0.366593040256641
-0.0169924564480052 0.00879963724651928 0.134295857774494 0.126337002833635
-0.0145775331896132 0.0246148214863502 0.0966687547892062 -0.165530379015783
-0.0122702162728213 0.0164946085477781 -0.099309998377611 0.155185627853737
0.00456219638221762 0.0106129876148288 -0.0896425571098014 -0.109592111647728
0.0209229370737909 0.0192511185989452 0.236700712390403 -0.3322048633818
0.0166070413512354 0.037456075839602 0.560714234578638 0.000545887654509574
-0.0347716994921381 0.0177747464236849 0.369328704159213 0.721549758029341
-0.0616651727335713 -0.0204745536171292 -0.412018384027044 0.780310181933264
-0.0288782487089476 -0.00471298977683009 -0.586270418278749 0.201399139898574
-0.0342016215261555 -0.00214058911580945 0.0144565718224982 0.102256454699267
-0.0369665235383707 0.0379833657729551 0.598946701046993 -0.234963191027551
0.00452344891546972 0.027241583294312 0.236991877184977 -0.803921401604534
0.0278448080926976 0.00211892366601712 -0.551876842887744 -0.589808972395616
0.0318662162400458 -0.0129413761674775 -0.584350661097773 0.133010384864688
-0.00971768815234171 -0.00518980058319697 -0.120869164797873 0.364481984213577
-0.0192365154694719 0.00958305624119925 0.132442958522217 0.128070103815525
-0.0139505500164326 0.0263288692966349 0.0939685905646608 -0.166724535367138
-0.0123072014496375 0.0159965570035686 -0.100248997155412 0.154206073606819
0.00100778390147836 0.00922079409638263 -0.0964172041508194 -0.106576737930497
0.018951899629807 0.0196787705551907 0.22626307251925 -0.338424253855338
0.0218011862554332 0.0431924108674993 0.562632415910898 -0.0248140467974537
-0.0256490891112332 0.0290211126525302 0.39729111589646 0.700570108335314
-0.0620471321850095 -0.00824680130249789 -0.378623516655622 0.789548086955047
-0.0447180513579309 -0.0016655964581232 -0.583023151778896 0.22138916623956
-0.0520777228276755 -0.00451218681755939 0.00566783896012569 0.106919396175799
-0.049797676101962 0.0413772925092791 0.603814494592508 -0.216506737222482
0.00641675896654137 0.0372698122610389 0.271218181282842 -0.802871911304258
0.03696634138045 0.0103858460701925 -0.529051300084375 -0.618989971384966
0.035555365810676 -0.00547681041763907 -0.58900533413057 0.111335899338868
-0.0130100479939637 -0.0039788133732905 -0.13146877635646 0.362507303281548
-0.0229769447582286 0.00816317596801142 0.125595686754315 0.132197994312434
-0.0143354225066442 0.0258977350266075 0.0930580613730401 -0.167900651997268
-0.0267948887345983 0.00567454929538896 -0.075597721079656 0.159872969285921
0.0094638981716303 -0.0115036003499924 -0.12680806452947 -0.107139759271511
0.024121259694482 -0.0130237033796523 0.136017411428153 -0.33885177530858
0.0172559324843618 0.0224602061660259 0.522494520531071 -0.0793968867018912
-0.0342617026108037 0.024129867722503 0.507269318259472 0.629017956029811
-0.0586106226772153 -0.0256543495948245 -0.234418837686553 0.827393744810699
0.011730094270448 -0.0256574041864612 -0.588279199197068 0.268043448198333
0.0243916382331339 -0.0239093721640713 -0.0760928603578528 0.0895322952372055
0.00204093893593203 0.00797210578449892 0.587980914747225 -0.154624552693315
0.00181056656793565 0.0108953976408791 0.403828464414883 -0.747294445573741
0.0187938071580596 0.00957591431453359 -0.419712819023352 -0.691454184988844
0.0340788540497029 -0.0179782002577848 -0.634377314202812 0.0448496902632632
-0.00402048025664198 -0.034566406203913 -0.22165567033069 0.367619472925104
-0.0172553063827347 -0.0145741806134455 0.0910842490901159 0.143273883284459
-0.025692402047562 0.0110875706339286 0.121832668105468 -0.159410731436996
-0.0242337401182767 0.00700211107081267 -0.0766914835873645 0.160912314209889
0.0121739701997123 -0.00663426690286591 -0.114348883915892 -0.110448615787352
0.026729456544596 -0.00885782997969695 0.159437150127794 -0.336313387152359
0.0132685877922193 0.0198091270036486 0.530526735329093 -0.0482762010585357
-0.0435845100264086 0.0141751081564949 0.467635591345304 0.66792154215353
-0.0583518459338883 -0.0361703702410078 -0.290710238459577 0.819875707912732
0.0190247552271042 -0.0250966923563859 -0.594791242070781 0.241370681026457
0.0311683643009633 -0.0181000575472591 -0.0554107236655742 0.0878251269727108
0.00642766233854349 0.00964418953550325 0.589154935539542 -0.183414483033432
0.00187846461556385 0.00616374955609619 0.35339118990658 -0.76928410689233
0.0132960066214416 0.00111689048261959 -0.464297442528539 -0.658297421337952
0.0302473562959961 -0.0229884211965904 -0.628643853279228 0.0804667843681794
-0.00436533153548533 -0.0310243384825752 -0.197998102304324 0.37139369342157
-0.0151253294013659 -0.00937065857248028 0.102771301794622 0.137915131792692
-0.0240034167714364 0.0127193216446873 0.117232638252754 -0.159961566472902
-0.0211486403784703 0.0089884491063317 -0.0819436664399474 0.160858721768063
0.0124650503484392 -0.00130645166634596 -0.103805104121594 -0.113599432260567
0.0279909823670072 -0.00187230028341496 0.184577519345953 -0.334572768599754
0.0102568772181365 0.0191927591039683 0.538674057883998 -0.0182044311478596
-0.0496695059160494 0.00731786494719297 0.425668572384332 0.700466775804905
-0.0589413559868974 -0.0415786699918296 -0.344703789004182 0.806723489815023
0.02102392731154 -0.0211271495370931 -0.597661779189909 0.217103100275986
0.0304779905351536 -0.0141060034984007 -0.032429063744215 0.0871929268541723
0.00444940517170875 0.0135071267144056 0.588121428129351 -0.209187744366516
5.85958441895081E-05 0.00412770396097967 0.299906440235328 -0.785837999417934
0.00987597854132601 -0.00500929565951854 -0.507717562950471 -0.622806300071788
0.0274696752889007 -0.0253056080011292 -0.617244248926814 0.112975499167806
-0.00471679248731613 -0.0261522943588512 -0.174581889768241 0.374224946260224
-0.0140667022109408 -0.00333542136724308 0.11495664914169 0.132500146746819
-0.0204579603041552 0.0155626108501237 0.111831403664174 -0.160616050302178
-0.0174694444552573 0.0117984183503529 -0.0855802527844761 0.159582462461607
0.0119010234678165 0.00395395160308094 -0.093254672838393 -0.115276213651871
0.0276187264257099 0.00509425566776531 0.2076633211065 -0.332174624131715
0.00898071202083728 0.0207054541676553 0.545804309963732 0.00278734406556148
-0.05091133614189 0.00390281136506314 0.388926136350193 0.724653507374991
-0.0577037530965674 -0.0430188979552367 -0.389022291020699 0.793883406633227
0.0153743648359271 -0.0165801467206436 -0.598746988265589 0.199159954023952
0.021341833940465 -0.00906511296017866 -0.0108296531532067 0.0893246830183604
-0.00158918540973994 0.0183560375558766 0.590464240417175 -0.229466406838832
-1.86749688726763E-05 0.00623195192922843 0.259214409273189 -0.798081656003541
0.00918740575040376 -0.00820154210701833 -0.538284800016836 -0.594078358355096
0.0255631652811346 -0.0248650181087156 -0.604975350572931 0.13602298574445
-0.00419098868595503 -0.0190334534163661 -0.150018226973794 0.373561720734444
-0.0142825616695706 0.00215013627360743 0.124577021848488 0.12829295626569
-0.0183242858692911 0.0192270783770672 0.105780910528273 -0.161264888154393
-0.0150475369716141 0.0145630599983948 -0.0923228916372524 0.157748588868835
0.0103944239651737 0.00749825887789917 -0.086626951619253 -0.114940029011168
0.0262302344246376 0.0119040708757773 0.226658922595452 -0.330186232446682
0.00980490180129848 0.0244899059429036 0.552667703748443 0.0160775651333352
-0.0495024004772055 0.00473071114251999 0.363287995039375 0.735537240158617
-0.0580569762939537 -0.0390197531213143 -0.417513507991295 0.781426387567731
0.0047297444233786 -0.0125868404757961 -0.593535848936521 0.189549100761796
0.00551899142858356 -0.00498669753366757 0.00505382438568647 0.0929834776530458
-0.0112736665934583 0.024661417491129 0.590353592623968 -0.240063543792546
0.000463197376090428 0.0106697567764752 0.232378916967892 -0.802117297603938
0.012939770322615 -0.00812816950317445 -0.559468170455869 -0.577182171727884
0.0261770205690329 -0.0221391976114853 -0.594540956027186 0.149250167126728
-0.00534661590007498 -0.0130858051851859 -0.130801806089169 0.371147074913467
-0.0155391515568963 0.00693463898384807 0.13106789681484 0.126609814251801
-0.0165876693096748 0.02232607707149 0.100949905779577 -0.162709898615019
-0.0138476521758879 0.0156508841175087 -0.0961234412092331 0.155506819218145
0.00759441337567566 0.0094695298033248 -0.0851384564291717 -0.11268846656966
0.0245551767432103 0.0171610479051642 0.236577650615968 -0.331343387160946
0.0128134121489492 0.0304002599525069 0.555910754946767 0.016117499469427
-0.0437191032738417 0.00945750658543791 0.354884312214936 0.736686428933545
-0.060177973518365 -0.0311457422453113 -0.426389490036582 0.775929534576329
-0.0110601857051198 -0.00839183436865914 -0.590548707416358 0.190090011307135
-0.0140478812605974 -0.00323436157504622 0.014720355297576 0.0976206025474448
-0.0231368715756341 0.0324055761436938 0.592156702460436 -0.242278518508877
0.00220156135156778 0.0184376335681895 0.226506344143997 -0.807697602561651
0.0197121015339043 -0.00484735063831759 -0.562215716375852 -0.575837063221776
0.0284930077365857 -0.0179025184921872 -0.585990310060851 0.147196333848409
-0.00700103829849633 -0.00787647152046421 -0.123579985611333 0.366967131363581
-0.0175625219881429 0.00936123584154428 0.134053791360366 0.127254886935302
-0.0145224055315913 0.0249306652237656 0.0978669126206331 -0.163656768283781
-0.0128208333947153 0.016936175111341 -0.0990893770297076 0.154153473907898
0.00437574213062782 0.0109781676743272 -0.0876994869843402 -0.110894156487676
0.0220433097098644 0.0192963043435037 0.236557759955434 -0.332931679526622
0.0177787348306856 0.0369321176364031 0.560826300228646 0.00166795875333119
-0.0358018665098499 0.0179465279226495 0.369131310943553 0.723611643671867
-0.0618268923286908 -0.0205211005720123 -0.411630912254001 0.779552582243865
-0.0287091032017848 -0.00491386869869976 -0.585876149887379 0.199096491909154
-0.0338333521674039 -0.00267627371841201 0.0149089086972817 0.102069520887045
-0.0369675216813866 0.0377181153379998 0.597860793489191 -0.232728103780258
0.0048969067451267 0.027425916127297 0.240126399219177 -0.80496244813996
0.0283529429852784 0.00181531921933685 -0.552083762358928 -0.59175201131206
0.0320723595834446 -0.0128774030910995 -0.58589306250626 0.133045491928696
-0.00968326785282652 -0.0054353151567897 -0.121252333020641 0.365776885918957
-0.0200550226101069 0.00942416164785749 0.132060337509195 0.128480876426772
-0.0137520697606537 0.0263711063517584 0.0945399112398545 -0.165121395274454
-0.012842467606915 0.0170292649816668 -0.100997604655552 0.152475125009615
0.00171145892360262 0.00918480675496727 -0.0960830142538309 -0.106505624882292
0.0198030840329305 0.0188190131547495 0.227686711415848 -0.340602070038972
0.0230006221006702 0.0432865136733556 0.5621106046549 -0.0250067081928321
-0.0262873879137151 0.0285768965436983 0.397790586586401 0.699774699715158
-0.0624257280447556 -0.0087832096514768 -0.380008999447515 0.789594427826614
-0.0436713488992044 -0.00224752262959866 -0.583911651012228 0.219796961648148
-0.0515725845051201 -0.00474780364923786 0.00622700540157881 0.107327174272691
-0.049874003181311 0.0417002509877229 0.603668054507378 -0.215820529367375
0.00625480389686227 0.0368700161023802 0.27244382064849 -0.802960395338087
0.0367890904131293 0.0105503927241046 -0.528974729456795 -0.618093451045164
0.0369224233826759 -0.00639036378729894 -0.590107678062711 0.110570828028196
-0.0116038515278409 -0.00359293740051715 -0.131494278589959 0.363245825351142
-0.0233162263704618 0.00807240562234844 0.125714166317237 0.132805540496003
-0.0142954740787504 0.0269525296666723 0.0934798932162665 -0.167570137925078
-0.0258302998551266 0.00634895830555311 -0.0768950807347048 0.160105348915964
0.00946671070835888 -0.0111167098231855 -0.126735665744775 -0.106217066084137
0.0246293272259001 -0.0128554296476401 0.137123290990079 -0.340595877773502
0.0175012770878649 0.0223857737138474 0.52496406286062 -0.0786478078391117
-0.0358316082040167 0.0242646260824904 0.507417319440047 0.630754979309205
-0.0590525940791477 -0.0258796185044846 -0.236984958182343 0.828151878769055
0.0126133390592495 -0.026878204682575 -0.590304395978621 0.267173325476794
0.0246525389987272 -0.0239625901972413 -0.0757075438006706 0.0902998831235522
0.00252124091516 0.00835568691615542 0.588670963117276 -0.154437379612407
0.00260407672821659 0.0103356168764274 0.405498662749811 -0.748158132787986
0.0179907746531637 0.00866555246753677 -0.419159346894004 -0.694091162500068
0.0349303934671753 -0.0188711704942985 -0.636230207421978 0.0444646774336078
-0.00374916869988984 -0.0351869795297592 -0.221832957072733 0.369898757827137
-0.017694900947532 -0.0140864958157664 0.0904507984913529 0.14419946826186
-0.0257436186984995 0.0113198133599411 0.122382243349688 -0.15911970849401
-0.0236570511774182 0.00740921287166339 -0.0775344657672107 0.159440466437987
0.01231117162715 -0.00577139734233863 -0.113275973729123 -0.111271899066468
0.0272336645798665 -0.00802533157572179 0.161233068669411 -0.337395806465089
0.0130470802617644 0.0204081687090461 0.533494578290911 -0.0465504389497645
-0.0447099709855794 0.0137030940785886 0.46979439343105 0.669536857741029
-0.0594629956286643 -0.0362250823180581 -0.292092898397335 0.819347736174168
0.0197453146882336 -0.0250328542430942 -0.595687646734726 0.239893247505934
0.0316970687081796 -0.0190858837503315 -0.0553221969370625 0.0876012845934426
0.00657186242123464 0.00964797367104303 0.589170609422188 -0.181360643452192
0.00130711688914128 0.00572431391023571 0.354326321756977 -0.770744850716339
0.0129977759830356 -2.43129570289685E-06 -0.463327138673843 -0.661413909316078
0.0310787244114488 -0.0228979621180483 -0.628277141086959 0.0793429951360768
-0.00284504591604349 -0.0308115037237248 -0.198236700149442 0.372429981068782
-0.015532818206739 -0.00855180100446981 0.101727964408719 0.138109531474065
-0.0235527181764249 0.0136573444742017 0.117481299531721 -0.159281466709417
-0.0208591129552073 0.0100054822236645 -0.0828156191101855 0.159221136993445
0.0125626466161149 -0.00144737844788376 -0.102394471481904 -0.114630751013367
0.0292015251152861 -0.00153742055730468 0.186377797492366 -0.335743195458901
0.0111275049943432 0.0192924965728597 0.540207533103536 -0.0185320240939333
-0.0503204511379025 0.00758522172471547 0.427209128692331 0.701990709671542
-0.0580044379616112 -0.0424328059678743 -0.346070493186724 0.806395063741324
0.0216563975997737 -0.0213002751261926 -0.599653350001061 0.215572055283316
0.0294521070928942 -0.0140650350197374 -0.0314705047721286 0.0867979958736031
0.00440789016661125 0.0136517154227181 0.589288351058408 -0.208183243634386
0.000313765547275326 0.00437635024296425 0.303006033869913 -0.785662842275452
0.0100830815584785 -0.00494961322371349 -0.506424309655489 -0.622598069129902
0.0279929741639804 -0.0256027202025972 -0.620526141226326 0.113696332652052
-0.00378535330080881 -0.0251199256558646 -0.175814630755799 0.375187316823733
-0.0149014262143278 -0.00289300974356108 0.114438280236193 0.134193399132713
-0.0207455530489616 0.0159833570662342 0.1138007782348 -0.159798416301238
-0.0166879294448281 0.0118846754807917 -0.0867424748803876 0.158479618060802
0.0116773440922823 0.00422827558671107 -0.0927285857657835 -0.115600641029317
0.0277428418461362 0.00501256407388083 0.209554827782416 -0.332760478623935
0.0100613462241142 0.0211547614348159 0.545990861303984 0.00347792405377075
-0.0518607424400801 0.00327393399237336 0.39108633252572 0.725813867599668
-0.0579966860291325 -0.0424298709687819 -0.389732580578269 0.795353462192439
0.0166776141673434 -0.0175831592011413 -0.599788921855963 0.197135188691523
0.021123513477976 -0.00899743924505077 -0.0102242979666485 0.0896238227933878
-0.00192912484632515 0.0183468381165737 0.590072153340272 -0.228360244943491
-0.000572307590573619 0.00544663882879225 0.259929118006544 -0.798364877849658
0.00853404540499385 -0.00780997230879802 -0.537830550134258 -0.596679377533579
0.0264227755800979 -0.0245464306675405 -0.607349026273111 0.135981063124724
-0.00343027805466296 -0.0189518575784362 -0.150981239572826 0.374352123740242
-0.014321257842536 0.00237718721310219 0.124942599605993 0.129377916225147
-0.0187004908227402 0.0192302478745845 0.106941554897171 -0.161232943181899
-0.0144299162036592 0.0150437364401149 -0.0928806052147452 0.156204585898763
0.00991241462599136 0.00759804376430952 -0.08582179398212 -0.115049733593236
0.0262267905344687 0.0115424829594357 0.22700261006928 -0.331665302702664
0.0106227632787888 0.024308938403888 0.553555277203778 0.0158196875977468
-0.0503622448617934 0.00496763369589039 0.36366830592661 0.737551335977551
-0.0583231966756928 -0.0388300826835557 -0.420404768567856 0.780636217178971
0.0055966430653964 -0.0124991068088524 -0.595922242559274 0.187599646182884
0.00614513329335543 -0.00565846746983709 0.00552945566399986 0.0931482931037736
-0.0112014082339835 0.0249649625317131 0.590593489590324 -0.239774661184224
0.00054059022892573 0.0103856899272293 0.233886017968011 -0.801845427649576
0.0129253543524062 -0.00797333665203662 -0.558165517604869 -0.580303302686962
0.0264039982118357 -0.022341561657525 -0.596026207346641 0.148585151573967
-0.00493860154259932 -0.0128351695282445 -0.133940490997099 0.37279593127357
-0.0155520068374391 0.0066255965166209 0.131039398759288 0.127554694880822
-0.0158608961992902 0.0225962924138989 0.102810003310874 -0.162319028355649
-0.0137334234366666 0.0161972588981863 -0.0968185439452952 0.154656250066193
0.00780635959237421 0.0102800860687842 -0.0848854972093401 -0.113429904926874
0.0238632826209673 0.0173089761519992 0.239546849179975 -0.332210149293086
0.0131548493380325 0.0300957088738907 0.55755393415065 0.0165692692620351
-0.0441469474472134 0.00932855421479736 0.355908713589464 0.73821716463208
-0.0604813138239203 -0.0315567840555287 -0.42807773890647 0.775764318312091
-0.0097471715649619 -0.009194285450154 -0.592452749152979 0.188865368648462
-0.0132312612969393 -0.00378542085263616 0.0148040086277056 0.0977137924594174
-0.0227329943526178 0.0314876287130781 0.594279525840093 -0.24088966780232
0.0024255245285232 0.0178655681571143 0.227123674591835 -0.807092800376821
0.0192417740385504 -0.00433448782809358 -0.560897314636261 -0.578954970115268
0.0291775588169646 -0.0188546005968946 -0.588060363262163 0.14837320819716
-0.0064782879337474 -0.00777461761993685 -0.122747256976473 0.367761396085636
-0.0184097589602732 0.00974286165474923 0.13399196728787 0.127545061837011
-0.0145220160310339 0.0252795936605035 0.0986404292385092 -0.164682471454535
-0.0117616719192384 0.0179147024786404 -0.100686089601909 0.153265288544955
0.00465037162655341 0.00978164047155145 -0.0872166338435368 -0.110436526816799
0.021426458771244 0.0189273113497917 0.238465945431479 -0.334388957094359
0.0183697031548423 0.036939227759556 0.561793620758636 0.00106094195073708
-0.0364496293596975 0.0184332932400819 0.369485864662497 0.725491035397641
-0.0616959293898203 -0.0203367360571119 -0.41390412435218 0.779320224150339
-0.0285372439583297 -0.00548372673169288 -0.588470458678689 0.200344198815411
-0.0335404734504759 -0.00262150404698642 0.0142174500376892 0.102803413252516
-0.0370445564898 0.0381470424442372 0.599071660329497 -0.233019902002152
0.00525367656484318 0.0269257685052117 0.24239147918158 -0.804565334926679
0.0279685123616375 0.00179804015616441 -0.551825287257664 -0.592819812332027
0.0323800392318679 -0.0130026382924214 -0.586797624355785 0.135714191923217
-0.00923967817417638 -0.00453323894917434 -0.12214454498531 0.366393550057524
-0.020900813528878 0.0102347774905507 0.132178937128466 0.129251242087853
-0.0142035838092647 0.0273752255672058 0.0958442958268608 -0.165192767733605
-0.012350023744207 0.0174949952089175 -0.101590471342134 0.152616486527423
0.00168620342290062 0.0083187267418891 -0.095820369392406 -0.107758836445842
0.0195882422787896 0.0205814770228291 0.22799721669659 -0.341105329626113
0.023132603464849 0.0431153611531624 0.564436100975663 -0.0234651839879718
-0.0264642125362402 0.0290291512156267 0.398442975853853 0.702648950077736
-0.0633656367389371 -0.00809964203370905 -0.382765508583215 0.789137120528682
-0.0429752675802964 -0.00242630425721964 -0.583997785560013 0.218637276173846
-0.0519045418673083 -0.0044358588316196 0.00646245159635093 0.107373888531781
-0.0495609638887521 0.042040633060293 0.604339973054541 -0.215895971444947
0.00688719500775373 0.0364173864911156 0.27402485252192 -0.80226870817877
0.0369654772339531 0.0101639759685842 -0.527016996725191 -0.621568757878928
0.0365658699532233 -0.00683563854344942 -0.592669216713484 0.110764863427816
-0.0117441492345498 -0.00382419423793107 -0.132298966078678 0.365610547163375
-0.0235190195507999 0.00863596348409268 0.126108567400408 0.133647414574558
-0.013526493353717 0.0275607777348878 0.0946296437056394 -0.167386589675807
-0.025182076798434 0.00610898350000222 -0.078438145504721 0.158757342634535
0.0087443656042061 -0.0119901995994034 -0.126552961040782 -0.107500597801842
0.0245531827749199 -0.0132474364333861 0.137168901163606 -0.341275957047101
0.0178235166916882 0.0229896881454591 0.526862088608987 -0.0776170343668201
-0.0356944651517205 0.0237009151897352 0.510474083570061 0.631993094028312
-0.0589352898125543 -0.0260698415438479 -0.239527301449751 0.829568140525523
0.0133743034465666 -0.0259514482275141 -0.592908385767763 0.265407786542068
0.0253673151496841 -0.0242955025559857 -0.0758849525598946 0.0895981609542881
0.00231720254515197 0.00813187012122687 0.590710965774658 -0.1534397123402
0.00318891676652059 0.0107442631152279 0.411294418686461 -0.750023409424723
0.0191533590762256 0.00991952645140022 -0.418830595287105 -0.696018152423182
0.0356799275627936 -0.0190511501816925 -0.639388351072363 0.0428876021891212
-0.00329135869879354 -0.0344514826610638 -0.223325042281138 0.370100570667117
-0.0179378914162532 -0.0140088804182009 0.0910420778883718 0.144599881788103
-0.0256246028825847 0.0120186090708556 0.124035516936807 -0.15907526530444
-0.0229395797226606 0.00820175232167729 -0.0784366765191722 0.159598692986311
0.0118521948521805 -0.00718048628086828 -0.11359183683533 -0.111318360389407
0.0281241822556461 -0.00803592308121553 0.161981463067356 -0.338627135783689
0.0139117110816699 0.0194341871571399 0.535352690090746 -0.0470858112300726
-0.0450343222436748 0.0149343210800814 0.469904565254941 0.671933375094041
-0.0597842388781076 -0.03612899078013 -0.294877309296058 0.822544750915306
0.02095859905724 -0.0250352420619034 -0.597794982041858 0.24039824855344
0.0319527162184435 -0.0197411563240018 -0.055249875407879 0.0883322675914902
0.0067339155808664 0.00992935264942585 0.591177560960448 -0.181533394826397
0.00167056688775005 0.00511573896501333 0.357605441053082 -0.771072650166732
0.0133129498967454 0.000736439692732533 -0.464409073821178 -0.663358163515864
0.0310898859431307 -0.0226146355057939 -0.632821980672725 0.0803312217844476
-0.00295970038457758 -0.0307261945699636 -0.201385181983352 0.375177602305336
-0.0163285837931994 -0.00846240584945144 0.101691736045315 0.13902094406039
-0.0234606906027188 0.0137519910408051 0.118608187891677 -0.158880822255988
-0.020434383944625 0.0107113836143306 -0.0834265297189807 0.159251086010317
0.0124624164064258 -0.00203104182303266 -0.102427965144747 -0.114618159006749
0.0283644550654775 -0.00193484120230259 0.187345524708935 -0.337797072125644
0.0114825442323131 0.0186455055759925 0.54214075135989 -0.0168942738681426
-0.0501631962843715 0.00718790459797164 0.427826222535139 0.703934784477106
-0.0582440694853734 -0.0419723549113316 -0.347126028279738 0.808690309048308
0.0219917739164089 -0.0223872102020598 -0.601713548449435 0.215196427135145
0.0304883974704581 -0.0144410714803282 -0.0317319655181613 0.088038929578465
0.00481692487609374 0.0132418068796252 0.591332387346752 -0.206852904615279
0.00049630055578374 0.00414328957302433 0.306640865003442 -0.787113901278246
0.00974651229765058 -0.00500106552030346 -0.50723609906171 -0.626127202364205
0.0286207162600574 -0.025634155742267 -0.622634043117317 0.113694798706701
-0.00325888080408238 -0.0245318753161322 -0.176043291037087 0.376246613803372
-0.0151151392315408 -0.00309677518086428 0.114255861045189 0.135089441799417
-0.0199126200736936 0.0176388282102115 0.115200565608523 -0.159930361738855
-0.0164822093863057 0.0124863297948678 -0.0876514822103967 0.157541378696803
0.0122024130357349 0.00346181423346524 -0.092341853024449 -0.116642055155938
0.0278545841182335 0.00495074332013482 0.211040408454702 -0.335131036926811
0.00977953465444892 0.0201362472682321 0.54929079682959 0.00432502235564199
-0.0524611913209391 0.00340796851553736 0.392328661394357 0.729097075562032
-0.0580306811179203 -0.0431095008640869 -0.392950492160511 0.795702429794511
0.0176615376621136 -0.0186391081568785 -0.600776807085304 0.195378686680826
0.0210145228311906 -0.00918268062101831 -0.0103467021366321 0.0891513005863318
-0.000886599477636899 0.018776748956608 0.593067712850543 -0.229172219738798
-0.000508788870166758 0.00560877808304872 0.264688149630478 -0.798639858274482
0.00932781656190415 -0.00834616068244745 -0.53978129342319 -0.598334278298046
0.0267987377277939 -0.0253347715601166 -0.610356113513444 0.13799278945007
-0.00283965319776193 -0.0187246156022884 -0.152116692075125 0.376595600466084
-0.015175549002509 0.00261801179284012 0.124997426213529 0.129943868434087
-0.0183965384555767 0.0208185443289081 0.108302634058671 -0.161329145832539
-0.0147971272094071 0.0146478663026875 -0.0937241053848528 0.155833377074579
0.0094314023913258 0.00669104934763974 -0.0855751122300209 -0.115778600044439
0.0264231143900487 0.0117709490586996 0.22914533782827 -0.334575102394426
0.0116874163819528 0.0239722423881855 0.555533610400833 0.0162321092136434
-0.050202259740424 0.00447709502109099 0.366763121810044 0.739789682090166
-0.0594272684323612 -0.0395944690343803 -0.420406466774706 0.783997236999172
0.00642504084066418 -0.0128039260322118 -0.597425555002877 0.186801278358639
0.00610570179477087 -0.0057268052016205 0.00586279556614737 0.0933853408121441
-0.0111710005639587 0.0248852575925306 0.592768232523369 -0.238587034773132
0.000588264993254213 0.0107922597729906 0.237028908578064 -0.805287726219246
0.0118174320642873 -0.00755402150816427 -0.556426301127773 -0.579960905655095
0.0269247989225716 -0.0226473147165718 -0.598762132885849 0.14824449133263
-0.00424920540267567 -0.0123701146114751 -0.13314431366862 0.37507752068025
-0.0166059498864956 0.00699835244691938 0.131400236231855 0.128025670496199
-0.0161928701249421 0.0241023593581504 0.104084853527096 -0.161658397118347
-0.0129693281198352 0.0166565993955031 -0.098058549751753 0.15417266449818
0.00727616574021359 0.00925179279829559 -0.0844862691740591 -0.114135437217214
0.0242006298395503 0.0175137129034238 0.23976350662236 -0.333616294469216
0.0139112645354229 0.0305142575625058 0.559867100112705 0.0163132695284392
-0.0454827728500626 0.00954356196025248 0.356123660656533 0.740657971950335
-0.0603134510248436 -0.0314180283405727 -0.430108186500534 0.778367224944811
-0.00933455684721309 -0.00872282830314484 -0.59361591962685 0.188711303353837
-0.0130682719174008 -0.00356360696353943 0.0155661352299847 0.0977039562442852
-0.0235789381745361 0.0314448657628821 0.596021716071106 -0.240871333735887
0.00278042055776659 0.017526071062285 0.229839667030788 -0.809043843251968
0.0190730910154996 -0.00451895532254284 -0.561345727701338 -0.581904179742719
0.0292119523258529 -0.0186481295886201 -0.591017802844905 0.149133983963464
-0.00607712899896929 -0.00826303005135494 -0.124638935968647 0.370270303951274
-0.0186701847143535 0.00976750228913852 0.134348459707425 0.128605842026277
-0.0143227398169392 0.0259456090921203 0.099478856006374 -0.163706086727763
-0.0115571212075206 0.0177291121392174 -0.101400368510763 0.151698910762826
0.00420192062511134 0.00985689581622749 -0.0875452395713142 -0.111659917159326
0.0228905781712579 0.0190898045234498 0.239907895923622 -0.337948381764259
0.0187366543950856 0.0364961194524036 0.563771128073608 0.00211264850715584
-0.0363282477763867 0.0187879940323381 0.371180061830698 0.726745529525669
-0.0627640222677816 -0.0206233944822813 -0.416802823139248 0.7812060398077
-0.0274482768798433 -0.00568176650660111 -0.589972663610554 0.197269777900259
-0.0333021409678864 -0.00263878982520818 0.0149426024614416 0.102595766487876
-0.037351979483881 0.0376966409048998 0.59981076016477 -0.232968706525114
0.00537961146740952 0.0269672578293673 0.244867833608666 -0.805982297825977
0.027743644756046 0.00142261706316291 -0.550432555803762 -0.594005110357802
0.0332973016554608 -0.0137509542791503 -0.59009166446438 0.13330375742515
-0.00860674166213983 -0.00452873360888591 -0.123945182874951 0.368399923129334
-0.0212288470948195 0.0103619122003565 0.132423748920462 0.130751396667456
-0.0135570199102689 0.027708595676226 0.0965465703930071 -0.165012566170888
-0.0114744437825925 0.0163701083714979 -0.103482532316766 0.152034176848813
0.00106635729947024 0.00889726252840725 -0.095657321556262 -0.108738150430588
0.0191511069270816 0.0191157327222318 0.230707684403194 -0.342668354802794
0.0239611510380178 0.0428801611239399 0.566833807733609 -0.0233741036593541
-0.026931392581671 0.0291028688565754 0.39904767931387 0.70471910472067
-0.0633663195020514 -0.00839515108359682 -0.383569837964832 0.790849531357406
-0.0427851879435954 -0.00314703755845649 -0.585975744634079 0.217908949012805
-0.0507682981390038 -0.00452086048328714 0.00736998737306763 0.107021611541045
-0.0494342481580101 0.0414981936468124 0.606685432879016 -0.215004643178121
0.00687461678582062 0.0362832080586296 0.27806990187531 -0.804052504330464
0.0379978581359373 0.0105881991338967 -0.527370476021759 -0.622798308186709
0.0374575496269878 -0.00749595223488729 -0.595234634224422 0.110439778357901
-0.0110202271823385 -0.00341738729485808 -0.133505921821788 0.366587733376429
-0.0245681081456887 0.00915386552985564 0.126127969483651 0.133828716866463
-0.0141068572915272 0.0277417864069747 0.09505082027838 -0.166250529960148
-0.0254921234207061 0.00700193939996403 -0.0793771533134257 0.158287733807696
0.00918446924316945 -0.0124449063145973 -0.126469803380156 -0.107601873685461
0.0250540893969817 -0.0129552369091935 0.139906289166554 -0.344872140121482
0.0179271973991288 0.0227768685171138 0.530640073333499 -0.0778622440934237
-0.0360149438252703 0.0240697341957638 0.513269778961841 0.634567162171562
-0.0593880953628324 -0.0264642707217487 -0.240995969476708 0.83354741488553
0.0139015813030048 -0.0267126029448729 -0.59508700321187 0.26651055064447
0.0258981219434135 -0.0244051383370815 -0.0756978746579965 0.0899042119321392
0.00301663800352774 0.00779897153716001 0.595086698410577 -0.154460974403939
0.00354453867357617 0.00954966369031559 0.413212154525924 -0.75099424200674
0.0191175951234967 0.0104858944293945 -0.419687537891441 -0.700043275396125
0.0361807206060149 -0.019054671342914 -0.643309416099357 0.0449963471107728
-0.00337398111749844 -0.034259748750044 -0.22404054761085 0.37360617490114
-0.0185102742643649 -0.0147050929665268 0.0908541060309084 0.146701396126445
-0.0256396755422329 0.0128953202612962 0.124664476623567 -0.160309856937915
-0.0236497549828096 0.00781210573625719 -0.0795795970331335 0.159240946569731
0.0108520690940301 -0.00748904788828817 -0.114214778504887 -0.111796777841115
0.0276036760111873 -0.00766079508564421 0.164647616257082 -0.340712317060622
0.0139118215861705 0.0192802870637997 0.537188274362911 -0.0470776263508452
-0.0459660430083908 0.0148749070723879 0.47489961120272 0.675106451064653
-0.0601909404436756 -0.0368841674496761 -0.29473045544748 0.824704548177844
0.022513032474433 -0.0266251692378179 -0.601970666945344 0.241002289521736
0.0316609770589205 -0.0189645531838995 -0.0541722047315256 0.0873516240251055
0.00692116964522536 0.00963477047126383 0.593747433118313 -0.181320019287087
0.00214746013906772 0.00542599852536142 0.360366137143292 -0.774960350775286
0.0134203117692319 0.00170003842882423 -0.463783242351698 -0.666966681585436
0.0319022695941574 -0.023402784809453 -0.636912900508021 0.0798295623716845
-0.00301265112199183 -0.0308808380967462 -0.202275015311315 0.377350718499726
-0.0163376432482868 -0.00795762097415818 0.10264475671859 0.140213623724097
-0.0233268020727113 0.0145624691354361 0.120035550880289 -0.15957470001978
-0.020071251417428 0.0110322356729836 -0.0840382665012368 0.158293965241886
0.0118800750593103 -0.00290793526625362 -0.102968953606951 -0.115968648993326
0.028765367734005 -0.00172167643573866 0.190012192551979 -0.340354460122526
0.0112354110432557 0.0189851565996672 0.546059735961606 -0.0179474098829463
-0.0507856212991677 0.00735980068143218 0.429285638682852 0.705986700676157
-0.0591489041338643 -0.042420192639644 -0.352098490782863 0.812167090719276
0.0238666990438091 -0.0231653808166638 -0.604883625798368 0.216404464739534
0.0315290434492531 -0.0150768096810776 -0.0320578300190657 0.0885353060103914
0.00590140486423835 0.0128855508846464 0.594333499112645 -0.207474930485547
0.00107714092208972 0.00304652993769572 0.307856483344916 -0.790140593060912
0.00968811202539425 -0.00484909583974464 -0.509386743631255 -0.630241419114017
0.0278322287372911 -0.026297303345639 -0.626239549853594 0.115515727497076
-0.00293189492670247 -0.0250906590918184 -0.17711004226952 0.380658660530984
-0.0163297564437783 -0.00237682952225987 0.115620847261431 0.135336648274889
-0.0207528984335913 0.0172260818957705 0.115500857464268 -0.159903166208749
-0.0163279262551761 0.0131520643498286 -0.0887705532507037 0.157204158213638
0.0122408910523289 0.00293810901091615 -0.0926117874878891 -0.11673703980557
0.0288665143101971 0.00489042620761628 0.212620117706096 -0.33844126355007
0.0107729404507837 0.0197715319554928 0.551793130720509 0.00393930768951933
-0.0534970736593326 0.00336212531367448 0.39258618942098 0.731220237258318
-0.0593269729204166 -0.0434928282381464 -0.394814967648456 0.799232802638031
0.0184757042979307 -0.0183263330292925 -0.605371154991324 0.195893227770573
0.0216312089073507 -0.00994764077045211 -0.00912859305401805 0.0902114195815513
-0.0011590118591451 0.0184099315278174 0.596168835731794 -0.227850018712128
0.000605696824339683 0.00552142991818553 0.267126564094158 -0.803908134923753
0.0100455795915552 -0.00845222598803184 -0.541995904575361 -0.603376112524208
0.0277559744289972 -0.0255538045425094 -0.613024969533341 0.138282144294198
-0.00314397028823327 -0.0186522465678315 -0.152730555175228 0.378670627597399
-0.0148781709308215 0.00314399678563208 0.124874235909276 0.131408282885669
-0.0184312073459459 0.0209463341826591 0.109770058113353 -0.161654918642972
-0.0142932537109319 0.0156327554148613 -0.0946937601217191 0.155224870122501
0.00928898530312442 0.00633121684188782 -0.0858383093224798 -0.116542762721476
0.0262100173630047 0.0111984309140819 0.231761043809655 -0.336631259529314
0.0105460771066778 0.0244867970078269 0.559207802050278 0.0172962016987374
-0.051299211781873 0.00418923186438295 0.366735466537115 0.745169073490663
-0.0588716764099355 -0.040072139872697 -0.42408644012265 0.78580815243382
0.00688890494338532 -0.014237131529773 -0.601077914123384 0.186115539242346
0.00697235102494076 -0.0056461922143289 0.00731696936164405 0.0931717987373719
-0.0109337970130476 0.0253923372379785 0.596221450904309 -0.239144370332426
0.000747061653769542 0.00962105830996818 0.238656114797827 -0.808984598073557
0.0133207643130946 -0.00714540874283462 -0.561207389246545 -0.583519383663528
0.0269646964906025 -0.0232649569119056 -0.603177680893963 0.149902905069527
-0.00413355763773126 -0.0125772020310755 -0.135215336862849 0.376308299816431
-0.016579665774729 0.00778402888737653 0.13225933107701 0.128802002362365
-0.0161988832489178 0.024725265270121 0.10507354619035 -0.162164275875354
-0.012166986687434 0.0172170676545677 -0.0998143855833978 0.1538071189859
0.00705777508809741 0.00865628842362753 -0.084534685075864 -0.115236491833321
0.0244051987282662 0.0176237609685994 0.242508902915593 -0.336249714461638
0.0137820717563863 0.0297645813702469 0.563389450359045 0.0186254128434266
-0.0451995372296486 0.0101967029075481 0.361139048433557 0.742962745032698
-0.0603080060996693 -0.0315872807591789 -0.431816281808962 0.780914521197582
-0.0094559881473018 -0.0102398346634554 -0.597895373736222 0.187664370714861
-0.0127100722429441 -0.00369395098177763 0.0158913106095207 0.0978905975738635
-0.0229819770317756 0.0324277058735449 0.599749810065026 -0.239664514434647
0.0027273465307137 0.0175393284052987 0.232720927292291 -0.811247419214737
0.0195637881070512 -0.00417528510424858 -0.563112379760088 -0.583247320313923
0.0300211380303161 -0.0187175039165184 -0.594951874945479 0.149564256994886
-0.00643543259229925 -0.00791941701779805 -0.126364168173772 0.373417759056636
-0.0195365110873944 0.00983071341367941 0.134449582271073 0.12903611719297
-0.0140291833031158 0.0270317683564292 0.0999984685063765 -0.164515983823358
-0.0109102186258339 0.01809307175855 -0.102799857767037 0.152048588053653
0.00481790304772332 0.0086840226720722 -0.0876215051909727 -0.112592762596742
0.0219237532710073 0.0194379898642205 0.242459539005727 -0.33917659711396
0.0186262089052704 0.0363306553268572 0.567248113343942 0.00312828999559538
-0.0369997902688729 0.0184062295747846 0.372515822768197 0.729531215841103
-0.0628061506796224 -0.0206286809001415 -0.419081693906037 0.782265816584098
-0.0262619783703738 -0.00719502221467545 -0.593228244811508 0.199501548356629
-0.0334055014157305 -0.00323101455855815 0.0156950436589486 0.103297675226138
-0.0365529819491546 0.0378399271177321 0.604532153566873 -0.232134813893579
0.00565179629998819 0.0268995407040681 0.246508081111741 -0.809844652718221
0.0277006037337191 0.00188416094685968 -0.554124100255666 -0.599545137948029
0.0332845661043376 -0.0138120803807147 -0.593316379968532 0.134890828800965
-0.00866585707426343 -0.00398680237592166 -0.122361929447336 0.370659367823856
-0.0223365001452761 0.0110731648354407 0.133015039087165 0.131864642818568
-0.0130352461678116 0.0283694143557307 0.0978944069389359 -0.166329068030757
-0.0113417586313137 0.0180742426669215 -0.103651535145344 0.150843241840488
0.0016233002399558 0.00798291971356007 -0.0958141194109809 -0.109081553788396
0.0197463568985389 0.0191753895672962 0.231724852465145 -0.344534619038055
0.0248286343191539 0.0432521910030734 0.569416388517256 -0.0237540352119907
-0.0266734118941459 0.0296166474609933 0.402428301661897 0.706928904405939
-0.0639229919614067 -0.00894376512622735 -0.386600875093449 0.791805297156627
-0.0428618484415397 -0.00386990025896568 -0.589892774325176 0.218037927328592
-0.0518160541637287 -0.0057124485321313 0.00752379630847594 0.107940044922051
-0.0493500050114519 0.0416842362549073 0.608705654105758 -0.213228279255419
0.00654083110866178 0.0366021684228783 0.281356794519598 -0.8058371685577
0.0374880286233722 0.0106716756260436 -0.530205242974695 -0.627387827707276
0.0375051392757385 -0.00709296831020101 -0.598523340222487 0.111491676023183
-0.0107709744962082 -0.00377267612205206 -0.134591058315956 0.370158342806845
-0.025223229000307 0.00930491955725887 0.126438561383614 0.135301469218323
-0.0132763418947568 0.0288622323784501 0.0972065372472159 -0.166788350760375
-0.0239894007799146 0.00727077718715821 -0.0814643498343263 0.1589958635924
0.00902541205405306 -0.0123216292948774 -0.128018597459014 -0.109004137905926
0.0250661166629404 -0.0130164028887208 0.141179740255879 -0.347252136239633
0.0196834422881986 0.0220983174354592 0.534701792464517 -0.0812741308942556
-0.0362934241966787 0.0241801960544583 0.518128412867885 0.638291026162931
-0.0597228680307365 -0.0273797067396027 -0.240953383255931 0.838572138527631
0.0150253764096993 -0.0282179071188412 -0.600878928918113 0.269115185971331
0.0264936350791712 -0.0253120927777057 -0.074806951683147 0.0910744116181932
0.00303294468900056 0.00854785514249893 0.596958479543435 -0.155387796162727
0.0030308852883799 0.0100047999539978 0.41618809853586 -0.754764107904651
0.0191335039667747 0.0100575059400829 -0.423643005791532 -0.704269770222501
0.0366402917933275 -0.0190458405029019 -0.64839499189881 0.046171320978811
-0.00205808161710361 -0.034616002723362 -0.225976856752693 0.375822574983908
-0.0192508066197704 -0.0134944474821386 0.091563528435181 0.147752804602471
-0.0248447455225879 0.0133849246373466 0.125263470487033 -0.159533712089215
-0.0220078624252301 0.0086384122916471 -0.0801711747911616 0.158379268631599
0.0114510304860491 -0.00768636494046164 -0.114361208018794 -0.11178025299388
0.0279681887216299 -0.00847820459425024 0.166131907282081 -0.345387064367121
0.0149119589830366 0.0197439434391024 0.542844907680545 -0.0475380098518425
-0.046392900629864 0.0140758109529763 0.477100947154889 0.679708373878982
-0.0602376549295772 -0.0365474237938351 -0.297668503405444 0.829703681943724
0.0229709159315236 -0.0270920362972235 -0.605465250423022 0.240960846585499
0.0328333479076137 -0.0195501609891945 -0.0544475965275486 0.0884329175309287
0.00721352925520759 0.00933013340288937 0.59918252112763 -0.183323747620476
0.00229730384118521 0.00568884984425178 0.363663541764007 -0.778878075812371
0.0131465177449539 0.000912446091394545 -0.469223319684978 -0.671018071218051
0.0329447318189609 -0.0239433736538939 -0.642932290586255 0.0818845261110166
-0.00196561854394295 -0.0306632671534355 -0.203611290814678 0.378924282830253
-0.017524276764558 -0.00802374081052104 0.102944856584543 0.142074014723451
-0.0233584435665506 0.0152337568818059 0.120941006312913 -0.159656644147429
-0.0197457948276617 0.0109121841438099 -0.0854549301456262 0.158796853206156
0.0121415472123827 -0.00290640353651527 -0.102710192631025 -0.116716460137721
0.0279014809731067 -0.000724782749001548 0.191534591435727 -0.342810676542324
0.0126426642033574 0.018430083848809 0.549317443471011 -0.0183334290075699
-0.0527348439484912 0.00707684963993477 0.436306160634034 0.710061460296892
-0.0602411348514378 -0.0424657441152005 -0.35287347118601 0.815579376481298
0.024339901854116 -0.0232817720696374 -0.609143570398847 0.217409259268871
0.0318421474597317 -0.0147726441235445 -0.0308020668161033 0.0883135523922934
0.0059686366981648 0.0133293369183736 0.595768880275477 -0.208769597036219
0.000798786752664926 0.00327262311063838 0.310499832712596 -0.794660448521261
0.0100389652763814 -0.00424109892837231 -0.513931818641131 -0.634597168954818
0.0300705941714631 -0.0265832032450403 -0.629766192341666 0.116880114606132
-0.0019262060269573 -0.0249153200178682 -0.178063224507949 0.382667666077821
-0.0159246120021821 -0.00135734750221516 0.116315332029748 0.136789206506895
-0.0208322130452247 0.0181405532083042 0.1168261170561 -0.161349876264772
-0.0159792900902154 0.0134374336858577 -0.0895074008265849 0.157426498418127
0.0118500878874876 0.00218941866181039 -0.0923779293787785 -0.117743307547085
0.0286288647650005 0.00537751857520528 0.215904900565279 -0.341083398077376
0.0113480439044229 0.0200255187696892 0.556872976881811 0.0044699801756805
-0.0542247255236995 0.00369488630421601 0.399725664408214 0.73525655739824
-0.0600758342356999 -0.0438784179932338 -0.397192576223631 0.802871611745344
0.0188164700246617 -0.0192243261725541 -0.607626300133355 0.195704914983815
0.0221517156315933 -0.00968612587590265 -0.00964568030079832 0.0906734708011288
-0.00030307164418435 0.0183258434121179 0.598179972862397 -0.229416368127528
0.000636065518498666 0.00548555970802596 0.268866213005607 -0.809605665974272
0.00973169940929592 -0.00778300364133794 -0.545811405662985 -0.605437517194024
0.0279167835445916 -0.0258317175517983 -0.619518910624644 0.140244064745856
-0.00240809606347025 -0.0185794083627219 -0.151795316929854 0.382314467786922
-0.0161232072014663 0.00405434984532621 0.126513052814182 0.132050866962468
-0.0178779783840732 0.0218019507275324 0.11070345429012 -0.162580519465459
-0.0135540519655745 0.0156793700094183 -0.0960312558327679 0.155879141280286
0.00913718545289612 0.00628384214845624 -0.0861480012294518 -0.117526725415945
0.0271389045651277 0.0123446577189249 0.232897134831088 -0.339448946948012
0.011815179438925 0.0235445569036654 0.563214743401669 0.0164883910247413
-0.0521635966950752 0.00474627146912675 0.371621912160063 0.749383518523128
-0.0598996230518452 -0.0398782165964457 -0.425084938569737 0.790877578594271
0.00723953720845021 -0.0137290709022994 -0.603617572440826 0.188394004315844
0.00611664919496871 -0.00664288622181519 0.00709289001777621 0.094134849672374
-0.0103797718796147 0.024344484222679 0.599485421929375 -0.241027692098499
0.00158022751249473 0.00952236257157606 0.240747827153725 -0.813282325170457
0.0132315020465239 -0.00730816846460606 -0.565751122403302 -0.587883863095431
0.0279198391756353 -0.0237214969228257 -0.606061830149577 0.152574595515246
-0.00370446185666915 -0.0123086673591619 -0.135387674745659 0.379740705017182
-0.0167997765493933 0.00828442345169227 0.134123521007944 0.129860222816384
-0.0155622880862465 0.0246380326862802 0.105453801648418 -0.163074801548742
-0.0124277985997217 0.0174887899270093 -0.101304918700834 0.153914054518309
0.00695187687615097 0.00860959605075271 -0.0839224351323563 -0.116584133714113
0.0240208514558663 0.0176864802501533 0.244203854724588 -0.340688754388427
0.0139509249558931 0.0302327025549759 0.566531635094929 0.0162829387337831
-0.0461666956588405 0.00978353450297805 0.364062539974981 0.74778593624529
-0.0615655843194158 -0.0314087050225856 -0.432893498558454 0.784963200653951
-0.00920547862878258 -0.0102647619370558 -0.600047466352039 0.188267755255788
-0.012767726883562 -0.00329954888108364 0.0165100328477557 0.0984188746509142
-0.0222272280139789 0.0316803343311479 0.602702471464081 -0.242354929190228
0.002850819418665 0.0176867507461294 0.2333307959315 -0.815566238478795
0.0193854732949471 -0.00453584521610314 -0.569069079928907 -0.588001048529494
0.0298283490464298 -0.0193450133263893 -0.597742875834493 0.151803508162644
-0.00578892657519794 -0.00745037279491663 -0.125567583469442 0.376769436711731
-0.0185424808594938 0.0104101527444031 0.135485630890071 0.12936099780006
-0.0131010813208189 0.0272364461945938 0.100718298685916 -0.165064496060525
-0.0108326302864682 0.0182980868462734 -0.103585332237814 0.15188291980618
0.0039845200345501 0.00883196549256222 -0.088011418527997 -0.114820479586872
0.0215157062619432 0.0205344584018041 0.244135900503504 -0.343305796314187
0.0190849557075525 0.0366604387504334 0.571290528426407 0.00133225018171281
-0.0388838704444365 0.0188482559024829 0.377852021565833 0.735620741194618
-0.0636368689300377 -0.0209594563610798 -0.420527471354758 0.787274962118031
-0.0263992459454667 -0.00701875333812827 -0.595361755019225 0.199200891550063
-0.0334740075251078 -0.00385221726321057 0.0163608219224503 0.103325210700368
-0.0363784412905687 0.0371353634143395 0.606249672255045 -0.234309808394856
0.00553002277801832 0.0268507597662528 0.247151934241905 -0.813300652585157
0.0278566660696872 0.00239445434965754 -0.557180570648494 -0.603205642787476
0.0338221220592544 -0.0146329632895447 -0.598658142944894 0.137757819051127
-0.00752105916857766 -0.00480478491885189 -0.123714219725969 0.373454050213009
-0.0221416763803132 0.0115827072197196 0.133876365881468 0.131932234910691
-0.0135906933651529 0.0283231977036957 0.0988765867836459 -0.165818715752081
-0.0110448115970904 0.0176774801985143 -0.105375004139343 0.15181084952605
0.00143475029067495 0.00698293108062979 -0.0963865671401491 -0.109445647753921
0.0197610263027838 0.0193607249919549 0.231929234761763 -0.349013978028326
0.0247439518770499 0.0426936801096012 0.574434522991231 -0.025668679056739
-0.0278500347849598 0.0294260404995894 0.407645833108282 0.711676611297767
-0.0648442319776104 -0.00874224319420921 -0.387802103113861 0.798593662491598
-0.041895041963657 -0.00410992082105939 -0.592663161078055 0.219773212068304
-0.0514966234725778 -0.00533048030753824 0.00828347864151569 0.108272301306249
-0.050153375207932 0.041618588822714 0.611501255422966 -0.215183057276218
0.00706790351958658 0.0361960173060251 0.283183694827699 -0.811144555592496
0.0375524548330476 0.0107532332631427 -0.532623519968728 -0.631324302739404
0.0382815979867767 -0.00782871038319415 -0.602573553511816 0.112624614028491
-0.0111993555750571 -0.00381791531072649 -0.13529870411679 0.372267563608922
-0.0249493962533788 0.00957456525034182 0.127178111199525 0.136308978711184
-0.0133878893526277 0.0289449579171536 0.0988087544013943 -0.167554575849141
-0.0240496508432549 0.00811612243054948 -0.0812016095639896 0.159491678467118
0.00845165098616542 -0.0132418163247491 -0.128542801554021 -0.108784759955121
0.026705409467448 -0.0128636744550569 0.141524492581755 -0.352981209775451
0.0201973508708404 0.0222306622529465 0.53755636746024 -0.0824346666878078
-0.0372817938757996 0.0238434383651868 0.523530548385192 0.641496264688518
-0.0617647624788268 -0.0272549324856294 -0.243577260253572 0.844879954752315
0.0149159298240001 -0.0290890039079809 -0.605512650979953 0.270560957885276
0.0263574156330722 -0.0256357637244994 -0.0762918819807878 0.0908459364156101
0.00293115264495632 0.00737969740458174 0.600103512844249 -0.155761490188554
0.00330173722629745 0.00946073576495268 0.419930663992958 -0.761603297409637
0.019791150584632 0.0101938940080478 -0.428005062909245 -0.708837937393676
0.0374205877876657 -0.0197373314026051 -0.653682343712907 0.048572163885595
-0.00201579112480386 -0.0351816936867877 -0.227612557321562 0.380513279213481
-0.019531850971207 -0.0126205202669252 0.0938170263192565 0.149368327119204
-0.0254948617736362 0.013676816515456 0.127118874974584 -0.160477480786218
-0.0215047039353485 0.00890796965582374 -0.0815893741508938 0.159290684700922
0.0111432866185688 -0.00922167535798002 -0.115422069607638 -0.113663599561452
0.0290407418748203 -0.00835574972384904 0.166429872249756 -0.349791778109426
0.0159909907730749 0.0184829857346051 0.546327997672741 -0.0499657201560226
-0.0464806298277421 0.0152435987329018 0.485097145131493 0.680855625084365
-0.0617873682975694 -0.0367787988727116 -0.299541368745495 0.835962579340879
0.0237239896648827 -0.0283385617972186 -0.610996464620228 0.243177798168274
0.0327643601817136 -0.0198551414582533 -0.0548861530176983 0.0892775047747089
0.00785626834892886 0.0100006961614388 0.599354867263003 -0.182886417951764
0.00235535958005666 0.00483005588389269 0.364001923634244 -0.784677900356081
0.0138699937358792 0.000893961543861115 -0.472566159103116 -0.675911926919238
0.0331553161593172 -0.024364475126742 -0.648472919369462 0.0844854739695732
-0.00185754005869142 -0.0305476478791846 -0.20479866308091 0.383437351237083
-0.0173636269799509 -0.00735292811034347 0.103950915497311 0.143401285340278
-0.023129375044172 0.0159118348251245 0.122146775986608 -0.160625370051221
-0.0190339189273287 0.0110637569614512 -0.0867395271817164 0.1593583375025
0.0122983571124313 -0.00341891450228305 -0.103337909648057 -0.117452077535186
0.0297205235762377 -0.00160961166006961 0.191820840885962 -0.347335618781456
0.0139136359460439 0.0183385749589371 0.554006358786848 -0.0201943541538156
-0.0533826686456672 0.00710722496373053 0.442463680671859 0.715686310242916
-0.0608237100759209 -0.0425126651263198 -0.352708741227961 0.820232294639361
0.0240043788680511 -0.0246197191292784 -0.615660980082204 0.218724514075852
0.0313562011902346 -0.0154457420321893 -0.0303952713726875 0.0890930826592155
0.00628912205579601 0.0133399321533512 0.601683352245138 -0.210499193712427
0.00105907643567336 0.00316324182789332 0.314013640895573 -0.800831791449004
0.0105065264613538 -0.00445588076257339 -0.51798391024056 -0.637646974746279
0.0301624409366337 -0.0269608127096529 -0.635769424885951 0.119232230349241
-0.00181770362572978 -0.0244849610990211 -0.179414324207225 0.387349851662686
-0.0169569140993102 -0.00154672493518078 0.116950279673396 0.137793763815864
-0.020790285104847 0.0190969044188634 0.118216376851319 -0.161941506733832
-0.0154560061734344 0.0136983679422736 -0.0906171306551848 0.158000544285227
0.011011464388378 0.00169604643703582 -0.0931331649590925 -0.118972912718711
0.0294342678341898 0.00513517052535544 0.216364196578275 -0.345837417414525
0.0120228151089943 0.0200492528033527 0.561505670783525 0.00265343561967991
-0.0542402533406241 0.00365730930583441 0.404006198226065 0.740208359797622
-0.0604406046190099 -0.0436022499757169 -0.395719994841486 0.809739280667495
0.0202532874868094 -0.0193720865275847 -0.61230344929789 0.19925311494101
0.022920851557229 -0.01034140033372 -0.00950802813429398 0.0903347945960073
6.13264158490136E-05 0.0181719254766337 0.601979816524894 -0.232333463005311
0.00115898497672323 0.00492032026599223 0.269105025307365 -0.814187077247086
0.00969859968360067 -0.00824050777329401 -0.549441337081385 -0.610116407134721
0.0286318266891395 -0.0266487123822485 -0.623373795966366 0.142970449827258
-0.00243075454123022 -0.0182659532988329 -0.153716822680009 0.385766262834434
-0.0168125032384537 0.0045139722688551 0.127509678696198 0.133762869349397
-0.0181078649439129 0.0232116294598439 0.112415487042094 -0.162614415031399
-0.0139646858511501 0.0165527360838101 -0.0969106334013534 0.156086703178253
0.00924434933359512 0.00642079456505786 -0.087303756030346 -0.119072076298401
0.02667637990484 0.0120549516405138 0.233948540892972 -0.344230143868681
0.0119180279262927 0.0239352198299734 0.568515284892111 0.0164441001634565
-0.0523538009152338 0.00480239487872384 0.377616688924644 0.754162794194866
-0.0602863650841684 -0.0406802642932431 -0.430894880304847 0.798668327630824
0.00752410442957173 -0.0146008355007704 -0.609807836784671 0.18928817080218
0.00697432204450709 -0.00654133509465466 0.00722558228987481 0.0946329826196874
-0.0103276165071673 0.0249034386974579 0.604426214061868 -0.242671163704712
0.0020281173459176 0.00980372990807394 0.24130226037099 -0.82058112301851
0.0127283083930118 -0.00700642465899915 -0.569929854570268 -0.592538038133775
0.028772751312353 -0.0240048809119205 -0.612030771223644 0.155616752135094
-0.00402304145529595 -0.0131388994730933 -0.135430718482753 0.385404927171479
-0.0171934144109388 0.00837842621835851 0.135066931002778 0.131101173449396
-0.015408320092546 0.0252221544091265 0.107617407518508 -0.163834279351114
-0.0118430043849354 0.017967406244111 -0.101284635294816 0.154503334388673
0.00675384055858732 0.00850670458405434 -0.0853827777307679 -0.118415170819284
0.0248293083340888 0.0170651783790504 0.244909192533598 -0.342941051375711
0.0149206023539881 0.0297684079614337 0.572462645580016 0.0142866380391019
-0.0462302910995314 0.0101654296418423 0.368646927988557 0.751588729309432
-0.0627410329665639 -0.0322447327815609 -0.436094255041543 0.790871769063284
-0.00822588672030295 -0.0111379017481173 -0.605234271391192 0.1902164522652
-0.012378783472221 -0.00454183347910078 0.0169161379450986 0.0986714431643709
-0.0232696996193446 0.0315228378984939 0.606533160571391 -0.244616337912513
0.00342265767136608 0.0172396688636233 0.237816508215431 -0.823819492505494
0.0194303958743405 -0.00449886293924058 -0.572724366868844 -0.591864579674003
0.0309925683894052 -0.0210392240016915 -0.604422877088893 0.155113242177779
-0.00504791013764883 -0.00792904750879464 -0.125781091088094 0.38049799065317
-0.0200726508297682 0.0110842404544024 0.137004563000341 0.131246762506981
-0.0140790380461851 0.027915957554291 0.102608264744121 -0.165235001677842
-0.0100351213405458 0.0186417417663736 -0.105075566362787 0.152690111670343
0.00409291002296352 0.00916959717534951 -0.0891563312275994 -0.115102349531433
0.0224217068614334 0.0198097444927385 0.24548308975869 -0.34744536863633
0.0202470490844304 0.0364222483223869 0.576419804129156 0.000764336648204966
-0.0392963110045124 0.0189294393984752 0.383336642944517 0.740154701549728
-0.0641362614169496 -0.020059353057921 -0.422721217102116 0.796146127815472
-0.0270086328463225 -0.00720792465170301 -0.601053562681702 0.200782076870362
-0.0335696281250364 -0.00319530428090999 0.016999634520628 0.104065321021779
-0.0372907207639234 0.0384924314976211 0.610429113207056 -0.23554468670545
0.00583906846046493 0.0269484458930213 0.249990889668343 -0.820101944238697
0.0282785132348115 0.00235171943777291 -0.562467989978982 -0.605876651950856
0.0347171395614185 -0.0151434953871898 -0.603241521723181 0.140077969483767
-0.00780834624555384 -0.00514248753544562 -0.123354992562976 0.377466163385202
-0.0228363619513637 0.0117177579490705 0.134565244802699 0.134053937715562
-0.0131229886919037 0.0293273267234437 0.0996714962546604 -0.1664888001717
-0.0103949234077591 0.0190374436638464 -0.106139719861426 0.152482795573638
0.00159751827311237 0.00711240459239566 -0.0960471540107088 -0.111222811757949
0.0203554011054682 0.0194852236483223 0.235665487192702 -0.353154006131032
0.0249714975666897 0.0426506047796374 0.579375485553107 -0.02479967572874
-0.0285752885657708 0.0300059417020781 0.412729825102977 0.715391474990184
-0.0649560426429702 -0.0087007607224331 -0.391915337410448 0.805290741819466
-0.0427466158416451 -0.00499754651261407 -0.598342088072363 0.22119951767764
-0.0519700895592973 -0.00591721558647585 0.00868018287263814 0.108882378977955
-0.0503457246355826 0.0422604669969891 0.616292368017897 -0.217495834665265
0.00754410551417219 0.0367536172871998 0.284305485490965 -0.815967014208018
0.0378404758509813 0.0109785804906608 -0.538601087018916 -0.635977842743683
0.0389773728298121 -0.00893961157931053 -0.607193398510032 0.114585810763288
-0.0108195912073567 -0.00418698055648031 -0.134694153292347 0.376723608305067
-0.026222972367733 0.0103407274891021 0.128595472516777 0.137833986309155
-0.0131769201996188 0.0300115276984012 0.0995261207227324 -0.16871258246003
-0.0224444750947765 0.00841180444031052 -0.0821992466590765 0.160758663791402
0.00884163098486838 -0.0133683848118564 -0.129685866461015 -0.109157061274589
0.0264425414583169 -0.0139294839304321 0.142561616849777 -0.357134463515266
0.0200818637065474 0.0228698502596046 0.542072877312762 -0.0849269153809522
-0.0387206969916712 0.0249751728561409 0.534665329580327 0.644603499977969
-0.0623030073379406 -0.0266743539508758 -0.238829798309557 0.853966391984265
0.0158859489160553 -0.0290863815118106 -0.608165866881815 0.274419861291817
0.0269786532342387 -0.025494633827926 -0.0752554313917901 0.0909707188236796
0.00376691675812582 0.00799673003341214 0.605483541615514 -0.159503324834662
0.00333848809446785 0.00933908219292364 0.420655933544266 -0.770047170218526
0.0194567000337018 0.00993979676756374 -0.433018707755264 -0.714421863328036
0.0375602646687882 -0.0208644735051826 -0.65966255798617 0.0521412081701984
-0.00135685053014065 -0.0344087207851617 -0.228498232988615 0.385209497811329
-0.0198180544401038 -0.0126867068430863 0.0947229561992367 0.150002543365119
-0.0251048589848092 0.014990778900157 0.128359722747227 -0.161965137467739
-0.0214035525676269 0.00938744685440803 -0.0821779980193727 0.160289420359719
0.0116882650866466 -0.00961292448641251 -0.11660796820387 -0.113794039420612
0.0289123874068817 -0.00860998497986442 0.166566611032284 -0.353872594153993
0.0160841661666572 0.0188649511334515 0.552121858857046 -0.0529645103091887
-0.0478923463251661 0.0156827023613249 0.492678252160346 0.68510130480255
-0.0617742161854158 -0.0369917503307204 -0.297507103841613 0.84453377234242
0.0242845750767132 -0.0285808321653785 -0.61467665829074 0.247076608917182
0.0340661485430274 -0.0201451882813008 -0.053768033103137 0.0891693908699649
0.00775849994318937 0.00911084368077739 0.604529876399261 -0.186928159406176
0.00280807827609084 0.00436770737576526 0.367127482276418 -0.792869059349505
0.0130199373617922 0.00147317575904541 -0.480590995845669 -0.679917424878301
0.0335197628399317 -0.025236347768562 -0.652927081225046 0.0889084638160572
-0.000957041519890417 -0.0314247582831466 -0.204560918175651 0.389846745557953
-0.0182271839984653 -0.00698861063999752 0.105796770032815 0.144494257987074
-0.0229384596609175 0.0157644919595069 0.122767693007835 -0.163035067382142
-0.019199277233519 0.0120514740901131 -0.0869763151578023 0.160459767421429
0.0117693241495062 -0.00378232024064733 -0.105334367424911 -0.117642526903843
0.0300540475723107 -0.00232840504723992 0.193656741068482 -0.352332218926118
0.0141465704224344 0.0184075514851255 0.559052013966254 -0.0236013359202466
-0.0540780168228342 0.0082914755219256 0.450355157365984 0.719750164884919
-0.0618942741539934 -0.0430246672421622 -0.353081385415436 0.831207485237324
0.025460782415899 -0.0260178128655926 -0.619386840735016 0.221742877283491
0.0319321142915664 -0.0154433530892296 -0.030118314990651 0.0905267699988063
0.00673573112505028 0.0128326248562286 0.604982835002656 -0.214325141292813
0.00119997900306655 0.00252098471549752 0.314132980783379 -0.809197924505717
0.0100499340377248 -0.00495709208213889 -0.525033323773986 -0.641240225610522
0.0302511172113193 -0.0279394197721077 -0.64265929839647 0.124058162202432
-0.00114392906290339 -0.0249122026531377 -0.178365447038351 0.392142850867667
-0.0176672638060888 -0.00079284329058624 0.119631238710888 0.139151342746694
-0.0207306159661245 0.0195898902350268 0.119050007041764 -0.163849698820055
-0.0150278094539248 0.013834407639802 -0.0917134189879135 0.158552070630892
0.0111238644991389 0.00195970285919988 -0.0942191907550433 -0.119930557008602
0.0283837502221702 0.00555268110650555 0.218106805798427 -0.349856201823138
0.0126386681618242 0.0202961171438458 0.567428966851518 -0.000161883926609794
-0.0559527120579247 0.00430336626320399 0.412165915121493 0.746407092010852
-0.0609866332574587 -0.0441512924808786 -0.398997393717468 0.817912143976626
0.020242824293986 -0.0204229917629527 -0.61831850956252 0.2011145317455
0.0230916404394225 -0.0105292264389512 -0.00846153766852044 0.0906980307288838
0.000108915010153365 0.0183025012671449 0.607283661824557 -0.235468332290807
0.000643281544416924 0.0045793666956814 0.269879613026372 -0.820940982630469
0.00998797338092141 -0.00769151407619875 -0.556069344385207 -0.613728155226395
0.029257762539925 -0.0274652937344311 -0.629585473222199 0.145708611672568
-0.0018951487168192 -0.0189390548783627 -0.153204529077188 0.390327260130136
-0.0169645744317707 0.00523700984591449 0.128509601378649 0.134084345629841
-0.0176601301408964 0.0227007901197114 0.112206263878119 -0.164505833956439
-0.0122082959810698 0.0161827293504474 -0.0979372701283057 0.156321568242385
0.00941467029031655 0.00558794093450089 -0.08837411183792 -0.119905410520601
0.0268425657845992 0.0123816901002775 0.236143181454241 -0.349940177731175
0.0138909929466277 0.0244717328752558 0.574225583616428 0.0121891334115639
-0.0538025177916784 0.00548312994093619 0.38475914918964 0.757698803743518
-0.0614467263393032 -0.0400334876147393 -0.427742096890781 0.805047837071711
0.00765677999006483 -0.0154307531894634 -0.614108354073468 0.19259370566335
0.00748846288837368 -0.00711839074189063 0.00860549771739586 0.094808732444193
-0.00996991756926805 0.0246125042217559 0.608005835211489 -0.246318766839825
0.00167435101431153 0.00985587450860458 0.242795861976663 -0.825923140534751
0.0136791394271842 -0.0077188086279735 -0.578248267116203 -0.59627993604597
0.0296987621650287 -0.0250397731218226 -0.616656939270647 0.159811435530412
-0.00342706916051956 -0.0129656190156736 -0.135864829893265 0.388899921903824
-0.017948178911384 0.00898725106216205 0.135589965026972 0.132085844614119
-0.0151318912969105 0.0271351675506654 0.10808664760016 -0.165148778767419
-0.0109886020658603 0.0180616521668263 -0.102423603680633 0.155399179726736
0.00668101077760829 0.00805859800244943 -0.0864453456817894 -0.118518121547344
0.0255788163168115 0.0171434921444885 0.24710219083072 -0.349355624430388
0.0166161974211901 0.0293734773507754 0.57768038856732 0.0137543370783106
-0.0484982573075368 0.0103044809472948 0.376281020316799 0.757032848348226
-0.0635920007766829 -0.0312078302273492 -0.436376751187615 0.799353201200386
-0.00807596569061189 -0.011439674713311 -0.610771530082722 0.192132059603144
-0.012982012665249 -0.00475909551849475 0.017636111920464 0.0996345270283372
-0.0223608339366926 0.0327986021008098 0.610111933933616 -0.247370431236187
0.00360272754727721 0.0176872952262503 0.235345012935434 -0.829734347094844
0.0196980913541997 -0.00391449601510816 -0.579466309335566 -0.59365848777539
0.0306496980252318 -0.0210674852816185 -0.609892666399864 0.159281704582461
-0.00453812535633891 -0.00759663937518929 -0.125049689591669 0.383945294611327
-0.0206421491592906 0.0122109331486143 0.138392722300193 0.131926661538897
-0.0134127841386527 0.0287378004913466 0.103422263782624 -0.166359554495546
-0.00994763362066534 0.0191272082217481 -0.10563157094574 0.153173065263617
0.00368169771452144 0.00862686376083141 -0.089744600118123 -0.116339932485076
0.0226585970619526 0.0202336454586032 0.246164790956469 -0.352137585174047
0.0214559238867962 0.0370728952053464 0.583153689743905 -0.00294806448074335
-0.0395033074375363 0.0201802176689924 0.389633258743784 0.743733818106977
-0.064584923865971 -0.0210698831721331 -0.424760345303927 0.801313512520071
-0.0264104231640105 -0.00738154756086747 -0.605471369301924 0.204038013661743
-0.0330919007056978 -0.00426057731928978 0.0175602696584776 0.104338050484065
-0.0358326351513779 0.0389867900820326 0.614346106700845 -0.238241117468298
0.00590465907666593 0.0269750853438 0.250617756377575 -0.827802425243908
0.0284248010537816 0.00141999455067268 -0.570799483068479 -0.609772321881659
0.0353224554278969 -0.0149732153589229 -0.608414670256695 0.143742460345776
-0.00733576948271952 -0.00452008490086449 -0.124032807110509 0.38143437018375
-0.0235460381708163 0.0130158492498121 0.136621487533624 0.13370504983159
-0.0129012698868037 0.0306428339269679 0.100463647086273 -0.168159208916665
-0.0103370707549134 0.0184638348696154 -0.107378931686763 0.153270153691939
0.00149668641443333 0.00690148816162009 -0.0979762305683127 -0.112552695003634
0.0202577225630808 0.019386684307924 0.234865138304642 -0.358538145638061
0.0270104783074626 0.0430223960250415 0.585352862168446 -0.0290642388247305
-0.0293498531380156 0.0307362589783921 0.421881275634069 0.72009415180797
-0.0661733990559211 -0.00739143102933992 -0.391231483291345 0.81346671502687
-0.0426237162701133 -0.00547154232160901 -0.602589209498558 0.226531469583591
-0.0516759055821442 -0.00589263515184097 0.00988236062619203 0.108721230773686
-0.050256439223288 0.0429077005791124 0.620832085693127 -0.221045642131244
0.0078102400115347 0.0362280280638623 0.282636520629051 -0.824693545129075
0.0384115040736029 0.0113527463500965 -0.545540401181509 -0.639868213564273
0.0396781888089276 -0.00953942436732402 -0.612633332538835 0.120003543291193
-0.00994108927031795 -0.00413568596022714 -0.134536726227766 0.380598870794966
-0.0259723751545057 0.0116306742148661 0.13000717066591 0.138825502464604
-0.0126019280764179 0.0307545757576746 0.100177685490441 -0.170248257089266
-0.0196122250105391 0.0124197596602071 -0.0774607231634886 0.161857440747894
0.00411085913783301 -0.0137084862083697 -0.134812197918067 -0.102948032275764
0.0216042140524147 -0.0195933987768791 0.123044299344784 -0.363457717895665
0.0296514515167519 0.0128602181702438 0.535454296329085 -0.113064909780797
-0.0210570358637446 0.0308786203286749 0.573897630315195 0.612906308314328
-0.055118310899332 -0.0101035025491235 -0.193867004410572 0.863283555164053
0.0107766597681966 -0.0273392886526751 -0.593236758532722 0.316312704840496
0.0250896460767487 -0.0262083980474612 -0.0694704199533665 0.0977497489891621
0.00438737944693855 0.00838966122528018 0.609187484723839 -0.200281347539111
0.00834156290289587 0.0154839155831495 0.390749969710846 -0.818807148847954
0.0310116824599853 0.00653148793719372 -0.487870868063257 -0.711331833042052
0.040381995449053 -0.0359414112044032 -0.682524679653157 0.0940315068466601
-0.00907487270836595 -0.0401055152271346 -0.211714051315727 0.414464080187826
-0.0255358880521131 -0.00962523485457794 0.106786031026806 0.151897337499522
-0.0228944559227216 0.0188670204653183 0.126460432961062 -0.171096842310184
-0.0178226450192382 0.0133089992727079 -0.0780111653105798 0.161807345929256
0.00641852583000555 -0.00945637145892015 -0.121477840943289 -0.108274221925495
0.0243944552793335 -0.0152714140777812 0.14789309740822 -0.363235243760411
0.0248016371440348 0.0112980934661434 0.548153136806234 -0.0805327318133596
-0.0313181958453188 0.02296823984147 0.535587555504411 0.65576656820489
-0.0560302742024723 -0.0200980546117258 -0.249497414904667 0.858664068417433
0.0187368489991254 -0.0271237393484395 -0.601593848598136 0.289081343433577
0.0330991614121288 -0.0219692994070216 -0.0470637590922978 0.0937572452114604
0.00979407880278744 0.00883069322271774 0.606761404230344 -0.228921259216127
0.00733931268793235 0.0114045119509325 0.334880057597684 -0.838739932778352
0.0239257112357093 -0.00284412423600076 -0.533727740944515 -0.671783761236472
0.0349622058852459 -0.0403444926517124 -0.672553885605141 0.132107298972535
-0.00873062178071078 -0.0363881578308109 -0.187760249516898 0.415508193666738
-0.0228143534778725 -0.0041961024924989 0.119020198836694 0.144709789152294
-0.0209676899296261 0.0208443806148293 0.121409380113063 -0.171196076075695
-0.014301691481526 0.015089093359783 -0.0825117540334022 0.163110705548993
0.00796347366034168 -0.0048054694262628 -0.110866561400885 -0.112676678256501
0.0265745350957447 -0.00905750784585359 0.173076775128033 -0.36156805618772
0.0230486728533671 0.0106799923578178 0.557379196871498 -0.0506262621145311
-0.0380803282272449 0.0163223256908126 0.493908267052011 0.691949426913129
-0.056426323467789 -0.0250603252894165 -0.308206004401402 0.846943735766944
0.0195334787900383 -0.0245456352231941 -0.605195473662462 0.264486085132635
0.0317476208625963 -0.0164896959249853 -0.0236000473240378 0.0921717812122171
0.00834477645492698 0.0130691468997449 0.606253301901078 -0.253441287430796
0.00571934906608773 0.0088688467767629 0.280521233728172 -0.853067809900782
0.0194789622079651 -0.00937122469086309 -0.577111132717675 -0.628739034384686
0.0307238325097668 -0.0421630483473079 -0.655814065458886 0.168191817785254
-0.00868378027236368 -0.029716301840513 -0.16067944547588 0.416855199523005
-0.0213281021347338 0.00185979164183384 0.13254293263911 0.138834000784123
-0.0181032267787324 0.0236430194717311 0.117066447176848 -0.171922979372112
-0.0112892694620924 0.0171903460259002 -0.0872862293317014 0.162047964358809
0.0082157926947751 0.000754274663647631 -0.100173522534158 -0.115431843971605
0.0260659083321512 -0.00271076680332565 0.19738414040085 -0.361099384572561
0.0225492256132619 0.0121894475678981 0.565315026767774 -0.0291286361677125
-0.0414359882219027 0.0134145737295296 0.457129927641525 0.719359637780154
-0.0568125359355911 -0.0251826650581194 -0.353597163439936 0.837059092764763
0.0151745946067568 -0.0189613175334762 -0.606803352219466 0.24311747898612
0.0225640717438301 -0.0114992437739681 -0.00211408256979439 0.0922694801080595
0.00219667340543627 0.0190635333897289 0.606184916909477 -0.276304462652884
0.00647437872296272 0.0102334321767782 0.231781216671482 -0.864280417318499
0.0186561116563252 -0.0132273201803102 -0.609313129371459 -0.598178872347006
0.0292518606066256 -0.0421891032940916 -0.643487498600308 0.191800102979588
-0.00855925237894667 -0.0234613674769097 -0.135971597794366 0.413995360232972
-0.0206336532525561 0.0081910056471172 0.142495068820352 0.132833759230241
-0.0144797375559437 0.0272971264727451 0.111012788065891 -0.173228530277418
-0.00882165053793341 0.0193396128148373 -0.093398841058427 0.160417032918412
0.00612880520399861 0.00453036083547765 -0.0948437991985012 -0.115799832459503
0.0254478008685536 0.00407103104316625 0.215226402121823 -0.361005200611631
0.0238557436682917 0.017086267730214 0.573779226233233 -0.016967065026786
-0.0383361829249714 0.0152481256683116 0.432302693485538 0.733771927338156
-0.0573564489492823 -0.0211166542174585 -0.383384011324594 0.825493697590694
0.00337540277371065 -0.0129129702651222 -0.603560263309292 0.232747206968981
0.00743064746267907 -0.00665516792962298 0.0153527152698899 0.0952578707853864
-0.00763068795208566 0.0267394067672535 0.607468635855173 -0.288575770012173
0.00731366005842373 0.0147620894145265 0.204072703315511 -0.869121984733794
0.0215330604644933 -0.0136804039034513 -0.629320300537309 -0.579483314923798
0.0288350639141305 -0.0397973445030334 -0.629505577807084 0.20462642520825
-0.00970322323091506 -0.0167986479250365 -0.117026903765367 0.409284890917552
-0.0218348946703628 0.0131392518485939 0.14921744846839 0.129077980884477
-0.0116514701297136 0.0302615171078008 0.10564488164581 -0.174377500885796
-0.00684482624590007 0.022300781224819 -0.0986995451942957 0.158249479426609
0.00476136110032474 0.0072083992658877 -0.0925654865275372 -0.115137479502253
0.0235147596115339 0.00965388930701313 0.226419721777082 -0.363520912849613
0.026400494188391 0.0209887103054122 0.577229204182124 -0.0175040168448479
-0.0329400429253595 0.0206335603596309 0.424699327814125 0.7347665843025
-0.0582598878005063 -0.0128508089664028 -0.392463198701963 0.82003303054804
-0.0119539286625993 -0.00703940411706282 -0.598937133812425 0.230960333135787
-0.0125722981818675 -0.0033066686874511 0.0246774761360108 0.0986848557377924
-0.018434823464777 0.0338885313712613 0.609885381585793 -0.290740576427208
0.00986591469633832 0.0227629572388069 0.197753140745664 -0.86956851526966
0.0284097702996676 -0.0106526203710339 -0.632808275356015 -0.579084964933364
0.0319794245100713 -0.036069598505863 -0.62255285146554 0.202441114932968
-0.010726064185236 -0.0112419543425255 -0.106906622510399 0.404930392985329
-0.0233837789812831 0.0160356014996269 0.152626333718966 0.129315284716608
-0.00968487505106643 0.0326566563780232 0.10081076731199 -0.17595551470574
-0.0063234992186193 0.0223045968813652 -0.101698085862254 0.157112377403252
0.00131582852989036 0.00840691336623934 -0.0954870855254299 -0.112175939262734
0.0213095926161342 0.012318686407467 0.226435456627448 -0.365170850276357
0.0323250667400623 0.0278854135283544 0.581579960688139 -0.030893109917648
-0.0241080862177681 0.0282107898580148 0.435944980345446 0.719750339414217
-0.059717142095548 -0.00161112425331522 -0.379316383193597 0.821458914431035
-0.0313193392635193 -0.0016466060505938 -0.5931324999513 0.241657550142486
-0.0332676570828497 -0.00213458197441744 0.0253510278427223 0.103412681155894
-0.0322288827925837 0.0420095567580575 0.614732962044636 -0.282721238802915
0.0134140838756871 0.0320942645217992 0.211750217789179 -0.869668366477317
0.0378565927682292 -0.00510072713952131 -0.621927518506743 -0.593731324398016
0.0356373268062274 -0.0305854321097943 -0.622104052870986 0.187857208795364
-0.0135539558356553 -0.00763014705934234 -0.106732554479643 0.402265369434071
-0.0264166518164969 0.0167772260131869 0.15024352221078 0.131234838985975
-0.00852127226800621 0.0338338605802339 0.0984500334903755 -0.177111854167294
-0.00579960312884758 0.0222090865947305 -0.102857058579594 0.15628947062508
-0.00145942151347818 0.00626999206342953 -0.103410038628918 -0.108999525309421
0.0186687965024289 0.0117143902578647 0.213615203455667 -0.370780227682638
0.0382734168511523 0.0334527284281717 0.581847857619655 -0.0573071258913204
-0.0130388774510329 0.0380879959566676 0.464101054060801 0.695735343791711
-0.059503937565387 0.010573979259274 -0.346481455206089 0.829304566148229
-0.046205811637671 0.00258744531338057 -0.587922323969536 0.261943702732141
-0.0520803515323976 -0.00228913929200235 0.0173055941620469 0.108317133734032
-0.0449375617256543 0.0464290996600219 0.621473714842924 -0.262666656647005
0.0158509472999372 0.0417429069569791 0.246010435395574 -0.867433897623525
0.0484455327551159 0.00341758092749473 -0.601591594081125 -0.62431791875468
0.0411843460238464 -0.0245676122659963 -0.629062749048597 0.164733109626133
-0.015854222697304 -0.00761101876923444 -0.116621172481035 0.400619691884087
-0.0294804929431652 0.0149602257243586 0.144413561821359 0.136650640787265
-0.00918288587536414 0.0341765944168659 0.0976708469117703 -0.178862962646057
-0.0192849955316412 0.012548058668036 -0.0777358680246385 0.163409552986001
0.00436547506586768 -0.014729529160539 -0.135313575478543 -0.102731460443601
0.0216542751260298 -0.0203077645553759 0.122140683513704 -0.369444891724013
0.0297098296472511 0.0124087951448139 0.541267513561415 -0.117913606748438
-0.0219150807357787 0.0309870068113768 0.584667505439329 0.613387750765746
-0.0542957645300542 -0.00998498697021042 -0.189391181945932 0.87212572379161
0.0114667173073678 -0.0278202358585462 -0.596002273016633 0.323436720124273
0.0256489065106078 -0.0270951351546528 -0.0686230850846817 0.0982695527998634
0.00464653693013503 0.00801285608312094 0.612118013557639 -0.205179611122719
0.00857089428535351 0.0158374386382961 0.387739534049588 -0.827995670985923
0.0312922034139028 0.00630293368047093 -0.497723177392101 -0.712555840285065
0.039776702771097 -0.0380832074416443 -0.686200928724745 0.102563994981942
-0.00898458102394214 -0.0415317503327897 -0.211578851779863 0.41928089692483
-0.0250614454326142 -0.00972511953819112 0.109570467668404 0.153233422770153
-0.0225065448406863 0.0199285923017221 0.127239704124335 -0.173012885242179
-0.017244633375345 0.0141369828209646 -0.0781738888930171 0.16354201121845
0.00670237657749654 -0.00959711186040341 -0.123901901401718 -0.108418332968251
0.0248761390703361 -0.0161108094056283 0.147061736378036 -0.368309028828817
0.0257125175887863 0.0111852312904535 0.551338824418322 -0.0863545628048433
-0.0329429148013753 0.0227704502395675 0.545645837278702 0.65587413808797
-0.0567911607465529 -0.0192361054396002 -0.245412599909856 0.866528676047751
0.0183745240995887 -0.0282681048668261 -0.604930899192313 0.295866440059332
0.0325039762628234 -0.0224053817622274 -0.0466609148194785 0.0945780627993771
0.00971110138615645 0.00885221297731934 0.611203320460829 -0.232912986894947
0.00794104950850406 0.0104058894702174 0.331887847618993 -0.848276707206628
0.0238183022347815 -0.00306041650696481 -0.544116085970533 -0.672269337280104
0.0346388011064882 -0.0416869244908101 -0.677155571670984 0.139612032323139
-0.00916139660432862 -0.0363836915870313 -0.187548117928331 0.421953139310072
-0.0232828482124712 -0.00369168069095566 0.120934285788651 0.146116619274186
-0.0198779814610036 0.0223706116253482 0.121328126417977 -0.17372068515079
-0.0145566593669929 0.0161944851037743 -0.0834268197324737 0.164863109629051
0.00826572557245249 -0.0044781034627648 -0.112325160139687 -0.113721209967352
0.0263812925769703 -0.00983582147955672 0.173637159005631 -0.367361436360857
0.0231258174347888 0.010785913572118 0.562445190627214 -0.0566818716039872
-0.0389752112119139 0.0173749063811618 0.504529896278249 0.692281567178574
-0.0579701298306782 -0.024189464723944 -0.303080971308615 0.855441219541694
0.0205011920840443 -0.0252584590053545 -0.609457572343916 0.270142101789743
0.0318156922258917 -0.017480327871068 -0.0229871875763605 0.0929040089138671
0.00862450715187753 0.0127903137808308 0.610620561237294 -0.261451124160862
0.00658811149691918 0.00866822322583394 0.275255435873092 -0.86066293740305
0.0209547322784056 -0.00951177428113005 -0.587084063074469 -0.631141412430628
0.0310850392300201 -0.0428287336956199 -0.662758481252597 0.175025060159481
-0.00866374673375174 -0.0301291373494952 -0.158418938434439 0.422497897314555
-0.0215706369140483 0.0032251143794315 0.134444614402645 0.138908453737276
-0.017505568613824 0.0250385641560489 0.117901519355172 -0.173156071399416
-0.0101957771528167 0.0177392503491368 -0.0881115868917179 0.163184279336499
0.00676620548885631 -3.52902696027207E-05 -0.102340655190376 -0.115630782825132
0.0267009413798174 -0.00272042414113514 0.196050320413507 -0.366721819914571
0.0229051183036018 0.0121157660312398 0.5725762131918 -0.0337375804765808
-0.0412432412227373 0.0145615659307779 0.467926281530883 0.721956998726618
-0.0573335966734296 -0.0250934939440009 -0.348766790969635 0.845424188538308
0.0151646036058225 -0.019845319783532 -0.609526928022899 0.249519196440108
0.0232250230698777 -0.0120592925208886 -0.00066899022878618 0.0924678732731587
0.00231670949214608 0.019134292133928 0.611131904371983 -0.283978716456232
0.00682143538185998 0.0093163775882417 0.227229159592641 -0.872372594331978
0.0190824121054396 -0.0132563982190431 -0.619529531376177 -0.598756541159812
0.0291801002118607 -0.04283098168184 -0.648883387049752 0.200225708870464
-0.00874386674788025 -0.0235900390781793 -0.133806599242002 0.419870314257478
-0.0216528000830014 0.00974879627887469 0.145348528216504 0.132983609793487
-0.0138903772750526 0.0282889699507689 0.111308692484553 -0.174691669971955
-0.00820583927875499 0.0199406425720857 -0.0941807822910366 0.161728468232752
0.00676904744333407 0.0042331440586482 -0.0956014636661804 -0.116925738558191
0.0257250458645186 0.00350561548982767 0.214227495872267 -0.36873748746135
0.0238315140976044 0.0163973193098324 0.577866500238632 -0.0209036388629582
-0.0385766531232506 0.0160874571522196 0.443150586483032 0.737106511212797
-0.0582312787290739 -0.0211068931810797 -0.3823779276695 0.834929443572278
0.0042066847543906 -0.0136296485838289 -0.607169506554529 0.238023777321274
0.00783040243122739 -0.00732962614282161 0.0166720085834122 0.0955106664784539
-0.00700697026747017 0.0267061333240324 0.608941154588299 -0.294927341902448
0.00826916066506624 0.0147209679470354 0.199997295354014 -0.877636445145071
0.0219492247028119 -0.0132398618820215 -0.639388987215338 -0.580909394321746
0.0291769154064785 -0.0412565344607239 -0.635631083697012 0.211799297238988
-0.00909070983219096 -0.0173452921954518 -0.114656301279649 0.415701294482005
-0.0217772396276873 0.0139838515192614 0.151503557007238 0.130033300188534
-0.011596653671572 0.0311018771272345 0.106255526698746 -0.176073735335842
-0.00636842606889843 0.0216237077681094 -0.0985494693664554 0.15973698199497
0.00440386954893348 0.0068271695056271 -0.0942238100183143 -0.115438250096509
0.0235511424498526 0.00967662832740897 0.225603971500552 -0.368906329056803
0.0282341209064198 0.0219040038138929 0.58332790252825 -0.0208080988905946
-0.0337576937748422 0.0209608473564848 0.433033521767428 0.736688901147656
-0.0594108713564851 -0.0119818270765486 -0.390128353999202 0.82986437314455
-0.0115545728080117 -0.00743618084171536 -0.601649939041178 0.238274176431775
-0.0116962428558642 -0.00418360540691019 0.0261355466667862 0.0991165236886482
-0.018494141989575 0.0354715492752481 0.613782335231439 -0.296938272688427
0.00985699960017974 0.0214384763399035 0.19189606424105 -0.880130097757531
0.02852749103523 -0.0105946636114695 -0.642344091811316 -0.579023098016963
0.0318065173101257 -0.0364760483878158 -0.627060023456887 0.210235666177053
-0.0108607697919356 -0.0114450024037916 -0.105562792287312 0.409987153915434
-0.02422099893049 0.0169289274655149 0.155272503053159 0.130248880344079
-0.00931615011626035 0.0338806799118081 0.101948153949803 -0.177549693727935
-0.00507114310896995 0.0224734349779971 -0.102026646571925 0.158313085279796
0.00145689104725899 0.00758830738140786 -0.0977367246789021 -0.113590424793113
0.0220047553339545 0.0113374125767413 0.223960837313326 -0.371671147453524
0.033087787231907 0.027181740247242 0.586804602371658 -0.0376886970575046
-0.0239803799729879 0.029470232714864 0.447022614398896 0.722048709876541
-0.0599771556228189 -0.000877809382496347 -0.37664287484142 0.831563889596342
-0.0301368889364098 -0.00173921876905538 -0.597235606075911 0.246902407233118
-0.0333198301000111 -0.00217536348137338 0.0262876845408309 0.103201489027141
-0.0324463792513646 0.0423718022302022 0.618905002533421 -0.28884379696904
0.0138414966427457 0.0324019690110807 0.207797594778131 -0.879540647821525
0.038051805137256 -0.00533555778562032 -0.633469382042848 -0.593450449189427
0.0360435011575623 -0.0310719069710256 -0.627621303714572 0.195121955085209
-0.0123599679779891 -0.00866991311695808 -0.105190600662394 0.407633732316704
-0.0264133243448534 0.0169021327623746 0.153155401610664 0.13243937891358
-0.00821995711204885 0.0348845361906239 0.0986034211245643 -0.178820177261477
-0.00559393733077301 0.0223838693370025 -0.10389317778706 0.157565536677101
-0.00179505453470506 0.00674323382378845 -0.106515464637106 -0.108546090530513
0.0199042689649454 0.0118918532119644 0.214465321612305 -0.376414402490306
0.0390172444657666 0.0324347945543835 0.585997544643249 -0.0634073354201566
-0.0133881629342944 0.0395264760471158 0.474909186119398 0.697460650961285
-0.0594847911366281 0.0109234706153958 -0.342741567351411 0.839660385955805
-0.0463502123981907 0.00224887385110992 -0.591723393882442 0.268173455179955
-0.0522853441819191 -0.00181001413196376 0.0181067284624718 0.10824534248268
-0.0456797022263929 0.0480744262566095 0.625540639387699 -0.269503826771268
0.0151754856732791 0.0411476910968278 0.243234956862566 -0.877047132671124
0.0497858903252083 0.00315069708634789 -0.611041187920923 -0.628066663003683
0.040915249186718 -0.0254483892824361 -0.632558691199584 0.168462546749173
-0.0155830815179625 -0.00797169296025237 -0.114379967841049 0.407454556681939
-0.0297508624242263 0.0161448371947914 0.146843195067946 0.136662011124693
-0.00813242838386182 0.0351827993756846 0.0976269809151581 -0.181345993913098
-0.0185969233671964 0.0131656088656861 -0.0777973985600745 0.164705827753051
0.00319003052253421 -0.0146897034026072 -0.136823456132312 -0.103145705047099
0.0222067306674517 -0.0208328051300894 0.12004686047082 -0.374639813286481
0.0303895231387324 0.0122035905610926 0.546188208503911 -0.124420205124883
-0.022344164929536 0.0329471378922865 0.597396203972026 0.613060301247421
-0.0559572650537237 -0.00980939945744606 -0.182718123744939 0.879619323553805
0.0108377804046898 -0.0290856924154788 -0.599546714120136 0.329118280491567
0.0247065032380251 -0.027271053959211 -0.0672549200030785 0.0989048537290417
0.00538234315965553 0.00779187168917678 0.613919526313375 -0.211004291166823
0.0094810296966208 0.0152789462030914 0.385240236108005 -0.837007365551201
0.0311466887466202 0.00558793641852726 -0.508270235930661 -0.715215464729488
0.0411048501020597 -0.0389547800609317 -0.693421890399227 0.110581309714315
-0.00918444943297976 -0.0417977472202037 -0.209315932629589 0.426658308685426
-0.0255154699680494 -0.00868853215299208 0.111776271574457 0.154708851593678
-0.0219535395364641 0.0210512720174863 0.126663925319435 -0.175323723793536
-0.0168541891946239 0.0145973815319433 -0.0786425787417177 0.164795785538261
0.00636272458745643 -0.0100274657660897 -0.124867261524427 -0.108594097835099
0.0252369978161673 -0.0159621064342615 0.144701223429241 -0.373163279761058
0.0270616327475877 0.0105437401839179 0.557375199239347 -0.0936723820284864
-0.0329919644303478 0.0241634571234551 0.559366986473056 0.656972290181243
-0.0583443443486768 -0.0189006562826759 -0.240886101511106 0.876662020280554
0.019090421467906 -0.0279113209143545 -0.608208408924496 0.302879283656379
0.0330282128143255 -0.0229881273519224 -0.0457207393971454 0.0957441824694223
0.00988785062348672 0.00952867275953306 0.613184951513313 -0.24061425634144
0.00795242138415193 0.00956507500371014 0.327609121961489 -0.857888782313421
0.0249594242117893 -0.00319965549651579 -0.553115947836558 -0.675006915642228
0.0352399474177361 -0.0421090222278459 -0.682365612164347 0.147968847123153
-0.00951220391773999 -0.0371795605634588 -0.184471682180915 0.428838417984706
-0.0237210389947903 -0.0026203207325122 0.124314518262903 0.146246923700359
-0.0196716228603462 0.0221651984663022 0.121712292411576 -0.175660705905952
-0.0131237384788967 0.0162282657200014 -0.0839052706273517 0.165490206139209
0.00712322885223032 -0.004890960496286 -0.112737765077385 -0.112829249118519
0.0262556841562092 -0.0102798350500535 0.170412228135282 -0.373505645459027
0.0241592724878945 0.0111712292898749 0.568974390985346 -0.062841803792514
-0.0393525375513598 0.0182249712551049 0.518582347230869 0.692700749154008
-0.0581442897215918 -0.0239792021754407 -0.298412543337229 0.86609765346841
0.0211570017543622 -0.025395261394056 -0.614671077776392 0.276407665771246
0.0315460482418123 -0.0184972263712319 -0.0217806640158764 0.0929791636191612
0.0097542571063957 0.0127744773269088 0.611459849952793 -0.269100592277002
0.00702773234742311 0.00855989056272002 0.270625806506659 -0.872232848478536
0.0202845144050712 -0.00974391729636902 -0.59954894163953 -0.631785306729545
0.0308895042885605 -0.044740781366277 -0.668102357803147 0.184049358049073
-0.00925753334545711 -0.0301417291305383 -0.15699780610968 0.4282978974878
-0.0226194336247207 0.00472584580539911 0.137426934558919 0.138530164929366
-0.0163771499125386 0.0261743072691894 0.118388601505202 -0.175765595886047
-0.0101465594737251 0.0183579260917136 -0.0879145000404052 0.164560339038662
0.00737912580078206 0.000391626691439807 -0.103922458789917 -0.116382964794261
0.0270859052355976 -0.00294657303647021 0.194443117689363 -0.373268186156096
0.022907296841003 0.0125016281522653 0.576740106874355 -0.0393579544425762
-0.0422984817105524 0.0152200754616956 0.480407092621844 0.722189951891087
-0.0586969395750335 -0.0240771418064393 -0.345281961945189 0.85629518646721
0.0167715508048521 -0.0205733402931601 -0.614142912312284 0.257376344814042
0.0227786322487676 -0.0127991037314768 0.000945631765726827 0.0933097824910405
0.0029233805045304 0.0190646079921902 0.612705117825196 -0.290989666406979
0.00600201434653626 0.0101569006421838 0.222243956178139 -0.880740047036801
0.0194439447653759 -0.0128429256873595 -0.62983073891205 -0.598973549639765
0.0287446863236342 -0.0439070723562225 -0.652801566781423 0.208660876542005
-0.0091961420493945 -0.0234659241980801 -0.12965579147732 0.425135770873937
-0.0212521137765281 0.0102523890213012 0.147299503528155 0.133837161008434
-0.0127070227076073 0.0288796569996551 0.111760238428111 -0.177690084322619
-0.00757330458757243 0.0206361953105326 -0.0938572702340512 0.163297902864591
0.00611641856534771 0.00432323426487787 -0.0972024961071801 -0.11771506785379
0.0264341553252409 0.00323801074513204 0.213519203416889 -0.374665266862802
0.0252850012604849 0.0157386714325844 0.58378209896647 -0.0279936118886676
-0.0393873908988936 0.0167622223302321 0.45512194879978 0.736776071613632
-0.0590098740784575 -0.0199896980153208 -0.376359355180375 0.846574763969805
0.0040670399488074 -0.0134330102263918 -0.611276973928548 0.245506985008946
0.00701503889867978 -0.00799368293095527 0.0175028494313899 0.0952967838751976
-0.00601522377400656 0.026551871701506 0.610692767274701 -0.303562228899005
0.00755936407868297 0.0146759432877761 0.194033794752026 -0.885281628000903
0.0224395207941244 -0.0142693429552737 -0.649809989520976 -0.580119542958591
0.0299101801853759 -0.04185981403145 -0.638435344515574 0.221954403504573
-0.00947405719408526 -0.017161002162471 -0.112264194737988 0.420817355713203
-0.0225029826576623 0.0154751698460993 0.155616980833755 0.130158238701682
-0.00984008104974839 0.0316198824090895 0.106156459687329 -0.178169630213257
-0.00577723123374613 0.0215341328274668 -0.0993643395652786 0.161686977164465
0.00434127565344812 0.0069389757041569 -0.0953237876019608 -0.11615804108115
0.0242302541457712 0.00928956249681173 0.224610213678798 -0.375175965148086
0.0280232749718757 0.0207748277888372 0.589273993851119 -0.0273184777178428
-0.0341156063558737 0.0227917692876858 0.445939655265785 0.737136553217205
-0.0601149221269018 -0.0118265008062703 -0.385826237817679 0.838538945261181
-0.0121176627490729 -0.00733327987076838 -0.605782863733061 0.243810258392046
-0.012053576407324 -0.00332275707286526 0.0273423142873067 0.099259447014525
-0.0180092346511379 0.0351041111488503 0.615621914763312 -0.304248239004474
0.0106108710466645 0.022444219322598 0.18690069911954 -0.889440393942765
0.0291957186994192 -0.0111521223127211 -0.654262829230159 -0.577072755928832
0.0313580923215394 -0.0380731229532543 -0.630995355421033 0.218845755634662
-0.010712926069226 -0.0114885672625803 -0.101470220796621 0.415667535022082
-0.0236546364219714 0.0181478538968346 0.157433409196355 0.129841349517593
-0.00917677709347224 0.0338488266487643 0.101745911974718 -0.179351006911781
-0.00396625151795716 0.0231785834119741 -0.102407493515339 0.160024308054915
0.00148055017902431 0.00790390461373535 -0.0983145994484531 -0.113074341535693
0.0223919430563277 0.0124680357824763 0.223585935383151 -0.379533086442237
0.0341316048377277 0.0272122970771817 0.591861291595127 -0.0423247666702266
-0.0246641173357467 0.0300365390460311 0.457312448535654 0.723808779578596
-0.0605132664573409 -4.85322872119387E-06 -0.372194149795511 0.841848353419753
-0.0303942113274134 -0.0025598565340551 -0.600289969431489 0.254053373624803
-0.0336264679166976 -0.000993571677070306 0.0277693727099193 0.10259440022292
-0.0313405312532765 0.0429757987660243 0.621367666622569 -0.295914074708249
0.0141380649044201 0.0315749611783488 0.20030144863521 -0.88707940030239
0.038575173352801 -0.00528826376488683 -0.642216490055294 -0.592618505280387
0.0356625373274354 -0.0324298588436817 -0.631527148952583 0.203702606946907
-0.0136110976332419 -0.00836055160992386 -0.1011016566752 0.41299846190137
-0.0268676512013651 0.0185884917385647 0.156098182597282 0.13206797809108
-0.00800968856313936 0.0355447379626718 0.0982075385793448 -0.180666896259473
-0.00420762038082591 0.0227793309817335 -0.103695442294285 0.159679730162097
-0.000975635678299121 0.00706015988596812 -0.107552014698677 -0.109951369136882
0.0197258296085225 0.0109862240315808 0.212241248843618 -0.384174935403292
0.0390575244775536 0.0327583845459476 0.590419526084584 -0.0694300341009363
-0.0132847709137892 0.0388506438116572 0.484957190732453 0.697331998841581
-0.0605896034631633 0.012393596078605 -0.33933716969771 0.850266161466404
-0.0466998817259282 0.00312436732665571 -0.594367229490179 0.275305112744834
-0.0521860009353467 -0.00196511060822409 0.0194791885845277 0.108532833567231
-0.0456147551147951 0.0484063795056182 0.628752096750767 -0.278465079545459
0.0160405454295626 0.0423185538142485 0.238461086054624 -0.886446034180901
0.0495113371182212 0.00269465858418133 -0.621796157521023 -0.625451345056227
0.0407075045980201 -0.0263201382091988 -0.637975800942753 0.179035530301956
-0.0153303590885642 -0.00792564476013109 -0.11097433529269 0.412227703113071
-0.0295516002535745 0.0174380958485054 0.148291612184025 0.136751111749903
-0.00748817735894598 0.0353466635824096 0.0975992904864766 -0.18256346643406
-0.0183013713025078 0.0140924044379873 -0.0771894130448062 0.16622813282399
0.00325679064490792 -0.0143498378563 -0.139478781216209 -0.102529509718324
0.0214194836487949 -0.0212290642227828 0.116387453697381 -0.38014604995359
0.0310242388356229 0.0112688158259511 0.549846301866594 -0.132033897071524
-0.0229309973920869 0.0329081721746814 0.608728209481619 0.609732797094565
-0.0573946206177852 -0.00776259425150376 -0.174397719771776 0.88900842490358
0.010521149300033 -0.0295269819455587 -0.601310177995088 0.339105215984926
0.0251745268855511 -0.0276708110252407 -0.0676212195157312 0.100016510162975
0.00573652136123216 0.00879141842561681 0.616510522524957 -0.220049795697061
0.00830168381127716 0.0156437165223932 0.380086084759445 -0.848992663588948
0.0314035004773557 0.00585747760317529 -0.518798824383503 -0.7161580747167
0.0408761670191046 -0.0402455966564527 -0.698400963502229 0.119782656758515
-0.00880118277912471 -0.0421201139270349 -0.205841966031162 0.432470524477984
-0.0262082215556741 -0.00826081900448019 0.114400328347834 0.154417057817577
-0.0222384651144399 0.0217860330099272 0.12699626343081 -0.177302477905424
-0.0158414640381904 0.0147727184796472 -0.0781757774819165 0.166628508658359
0.00606388558180125 -0.0101306722208889 -0.126249779147724 -0.10840963411263
0.0250480098461675 -0.017198514477021 0.141749970683076 -0.378966294399049
0.0278530897648755 0.0104274604060119 0.562785131228805 -0.100057979617462
-0.0331015662093634 0.0252512104804066 0.570776070362232 0.652816496730065
-0.0590691233863743 -0.0178909947758688 -0.234218971779754 0.885524405063772
0.0190596055661089 -0.0292697968954396 -0.610569854959604 0.310923177552768
0.0329451038139429 -0.0236372301020888 -0.0450729346595391 0.0962073065989808
0.0104715568471652 0.00791201744716023 0.615839101004197 -0.250484564722912
0.00707255614873473 0.010258568680736 0.322573783081822 -0.868024625598462
0.0246725974744767 -0.00333227276858597 -0.568224584016444 -0.674964621416117
0.0354565757161107 -0.0447914147033677 -0.688185178079143 0.156642412772821
-0.00920601228157327 -0.0378642774897992 -0.180913018291697 0.433720955036009
-0.0240167412349697 -0.00107527489655098 0.126165489571495 0.146415516468241
-0.019502831841872 0.0239253391275928 0.121448360659455 -0.17728036367835
-0.0122573604494317 0.0172127588163685 -0.0826932692366927 0.166617517137666
0.00717845117344795 -0.00558792849393257 -0.115819097713708 -0.113305108891437
0.0272312372003883 -0.0106202086395824 0.168431952726677 -0.38020396753115
0.0243604631265554 0.0101903128933212 0.573606153558984 -0.0709303581590714
-0.0405290024855188 0.0191054819793408 0.531984546278352 0.692269964393827
-0.0589415608206349 -0.0231418886593085 -0.290647320351092 0.874654214831184
0.0209713985778641 -0.0260079280253569 -0.615786944916579 0.286479114796945
0.0311569274454731 -0.018229385179611 -0.0207925076256151 0.0937079845290308
0.00953357906009519 0.0125323199202607 0.61437560693838 -0.27756911929654
0.00712636053257735 0.00876048232295884 0.264120016736404 -0.88095602647038
0.0200808326129179 -0.0100346196102823 -0.609213868348404 -0.62971029835894
0.0305613130148803 -0.0458064247453578 -0.671114863441765 0.1946239014677
-0.008973166251083 -0.0310216131210766 -0.153868872596216 0.435762540253287
-0.0219886072848348 0.00457465557243126 0.139504430429249 0.139420807943876
-0.0164967447137123 0.0267497922027086 0.117030182890697 -0.179062123522384
-0.00886856128990157 0.0188489240025122 -0.0872644917171654 0.165722548151778
0.00701550489447279 0.000277780811764579 -0.105246786639702 -0.116131411087172
0.0269991373688908 -0.00312962972031293 0.19236637747597 -0.380053808894896
0.0243048562823624 0.0111976111338629 0.582047899096619 -0.0476620503993339
-0.0421082774149025 0.0161507120658302 0.493302708652329 0.721546468064238
-0.0593618368714599 -0.0241717918349785 -0.339596649089299 0.865893276575703
0.0160493027436541 -0.0203947752340466 -0.616713403714158 0.265242115993868
0.0229340388741056 -0.0132572526414102 0.00215938920788649 0.0931278882610647
0.00309674953457614 0.0182178033717827 0.615519700503888 -0.300183187773554
0.0072312889630433 0.00977437797019689 0.216628107994744 -0.891444832918009
0.0198224682431974 -0.013397676065314 -0.643013146040171 -0.597529826062861
0.0285110851665104 -0.0457294719761081 -0.656301036180469 0.221088031615872
-0.00923882425576624 -0.0237900915637404 -0.12744576539516 0.431714624875069
-0.0213519040656555 0.0107577434598405 0.15037381533751 0.133929084897941
-0.013087115701168 0.0293409265774664 0.11097338348644 -0.179696792026735
-0.00644023866219806 0.0209990387708552 -0.0941141009390317 0.164979702563013
0.00556347763662212 0.00362112962806073 -0.0992199901021269 -0.117757577328121
0.0260645887482325 0.0034620246828915 0.211102685782472 -0.381109459048336
0.0261321977698038 0.0156126256960155 0.589831658663252 -0.0344303298910291
-0.0406298762662122 0.0177164172807154 0.468304858788869 0.737120796255991
-0.0595169263629401 -0.0192106004530624 -0.371664274046972 0.854580387052461
0.00407107002157014 -0.0144458322219064 -0.613386882278602 0.253879136880488
0.00700649804750207 -0.00769067964606666 0.0187080568717766 0.0948328643621559
-0.00605918224125085 0.0276141442878807 0.614968376841914 -0.310949936578011
0.00808001200961666 0.0150786156397014 0.187326381816789 -0.894769612087061
0.0223426366967177 -0.0138705561574575 -0.661461856858391 -0.57624345644577
0.0286421363674904 -0.0427699786525854 -0.642075878452813 0.230071691410769
-0.00862069569746472 -0.0170773103202596 -0.107319279866258 0.427413956987476
-0.0219950220366339 0.0157749161776665 0.157203098884205 0.130300587388597
-0.00973221072658449 0.0326603422520701 0.105986581558158 -0.181493192659297
-0.00510002215362024 0.0223273415467786 -0.0980420863138049 0.163229130475816
0.00403435623841003 0.00644583112980631 -0.0979343388385041 -0.116902566297809
0.0244314647498524 0.00886736055488461 0.220180610349884 -0.383403027944309
0.029145357069696 0.0206057489407554 0.594572402264152 -0.0347913533113783
-0.0344817140982561 0.0221202029353156 0.459648840410564 0.738852732010384
-0.059621965372611 -0.0102244060023375 -0.382123331560018 0.849694622992679
-0.0114089733702143 -0.0082668147506617 -0.608500537450346 0.254452768829555
-0.0125409560646802 -0.00365843053438653 0.0291307542581308 0.0989374290137757
-0.0173949375731057 0.0360462750152107 0.618398201341068 -0.313305164020921
0.0109372677914163 0.0226319800870778 0.178232656618755 -0.898755489516712
0.0294105009203013 -0.0112450517168856 -0.664769362843519 -0.575735740542392
0.0312506492706922 -0.0384965688064622 -0.634858248748379 0.22890414262436
-0.0111560209993682 -0.0116217920022819 -0.0971683927111977 0.42005865909655
-0.0237904718395562 0.0191995087608963 0.160350924256193 0.128903708803095
-0.00864066040248062 0.0349541117031601 0.100357572534677 -0.181495900873308
-0.00365987701011269 0.0231511304051402 -0.102685236193435 0.162426918228981
0.00101997310333122 0.00787982624132901 -0.100962354045704 -0.114128664897141
0.0224959961871171 0.0116212807762545 0.220184150546495 -0.384701858895388
0.035109345664361 0.0264844468429198 0.596201323918515 -0.0505732115471717
-0.0257445983998749 0.0309352430135127 0.470866981667832 0.724276540983845
-0.0614151507795188 0.000674684488762761 -0.367259971685531 0.853584797796139
-0.0302867140606654 -0.00264275574410552 -0.601380536577659 0.262012107156154
-0.0332876322587437 -0.00173703692191166 0.0303030259611728 0.103623276743077
-0.0318264070047016 0.0442200006520872 0.622339322823725 -0.305402618364443
0.0145415666225138 0.0324337735399017 0.193789114097694 -0.896929363084035
0.0392014951266184 -0.00542977725261032 -0.655967917990854 -0.591794377771474
0.0358290958186078 -0.0349813591324388 -0.633754903897247 0.2131589803688
-0.0131935657372499 -0.00864588672829595 -0.0962050503635254 0.417628256888066
-0.0267421924935198 0.019636884431701 0.15845088637093 0.132208302195946
-0.00676942328885169 0.0355263608493934 0.0976507802770326 -0.183038041910433
-0.0031119283745153 0.0231348089609209 -0.103588590539175 0.161670414158612
-0.00157706529681715 0.00691918538728035 -0.108662556326509 -0.110072095073275
0.019619080453842 0.0119138018097903 0.209986433011545 -0.390364960549598
0.0414596304775913 0.0317799504405857 0.595948059651342 -0.0766673213999469
-0.0140001227267668 0.0402929220219103 0.499378528512177 0.698443736453641
-0.0613692867100547 0.0136040343450106 -0.33289630110705 0.859216068165653
-0.0468155936795982 0.0031701078100239 -0.594602334019968 0.28321366772373
-0.0532445499888576 -0.0014270368667066 0.0207931944169692 0.109149815037986
-0.0450133857285929 0.0493001379227107 0.629805663754568 -0.286658600561878
0.0173871568598376 0.0418634462297493 0.229524806102533 -0.897039956801441
0.0491417792355266 0.00195487249046853 -0.633376372988018 -0.625166252366281
0.0413479993220369 -0.0278115035402642 -0.641294106925466 0.188748132977246
-0.0155846272599967 -0.00803141137926662 -0.107659360676647 0.417695323845237
-0.0294143477280079 0.0178288947939675 0.152536981741304 0.136885091073556
-0.00675083378695572 0.036509995933028 0.096467658440556 -0.185287054248243
-0.0169424646567401 0.014385053070251 -0.0768872335120219 0.167810481469892
0.00208975038199947 -0.0152357828613991 -0.141655548572106 -0.101047442154522
0.0227474064216128 -0.0217034546579826 0.111992673069732 -0.385857607129444
0.0320212158151584 0.0109254498256137 0.551778036088513 -0.142078031933955
-0.0226583855413898 0.0341056886607437 0.62202514397218 0.604231870229182
-0.0580220229547238 -0.00729408592382724 -0.163325033508521 0.896736925037867
0.0111502882090116 -0.0306753019427274 -0.601663055266342 0.34889410083887
0.0249428586244861 -0.0287495397975168 -0.0665543663074099 0.101291134222611
0.00663012437537002 0.00852125783898347 0.618278349306476 -0.228058828694957
0.00909556326738771 0.0150289617579648 0.371356186719261 -0.858124998863849
0.0322972995601424 0.00471500529777266 -0.535235853019215 -0.715080903663302
0.0405843260672754 -0.0410348405415836 -0.701558150960806 0.128691721634682
-0.00962009736398928 -0.0419110181504869 -0.202043600048127 0.438934136962447
-0.0261693799330047 -0.00648239732727947 0.1165659555807 0.155038693193186
-0.0210187792996306 0.0229881904300096 0.126552789749272 -0.179577604153127
-0.0142066371681558 0.0155041023995132 -0.07753656480944 0.16850781390092
0.00482848313764498 -0.00991124958187961 -0.128752603749103 -0.107408892546879
0.0242988545475526 -0.0175632028435386 0.139855304796458 -0.384846152382613
0.0279945368548015 0.00969663023351216 0.564436983607908 -0.106842996712553
-0.0335772875990459 0.0266227811037057 0.586191459788674 0.651425396835273
-0.0599077721872252 -0.016454427089858 -0.225821488244724 0.893441432739583
0.0188395285804561 -0.0302509148206222 -0.61121066374552 0.320871210873616
0.0331101138088675 -0.0241467376870336 -0.0446871297468751 0.0963163344225141
0.0106749278696022 0.00888062711441908 0.615590141870439 -0.258759744735243
0.00748094897809044 0.00908628109894599 0.311998854190785 -0.876363941385175
0.0246909379334295 -0.00380985787934201 -0.57884097662878 -0.671766156556551
0.0344815834622819 -0.0447888667290833 -0.690866315952597 0.16777924622035
-0.00895642533084934 -0.0375352797760944 -0.176062261663775 0.441422206257615
-0.0244634392796637 -0.000649720911075999 0.129007466391732 0.146618360373119
-0.0181437636761419 0.0246318230894668 0.120672054498042 -0.180012636317466
-0.0118303792692523 0.0172987482664285 -0.0817772763396084 0.168869353208164
0.00627662103139133 -0.00516496755665114 -0.117058819795203 -0.112981537326499
0.0267400570365853 -0.0106560481122304 0.164556454379082 -0.387231065543963
0.0255232334763486 0.00957491645213036 0.577412742571329 -0.0773677938216379
-0.0398962749214293 0.020515051585905 0.543759163423137 0.687852048190257
-0.0598546607277556 -0.0225116378080988 -0.283096083695266 0.883514783400109
0.0212960067173628 -0.0273253080376184 -0.61723711031754 0.295573930335416
0.0316357711136265 -0.01962797847117 -0.0197123121830331 0.0950215120809374
0.00990732531412775 0.01241527901436 0.614651450259105 -0.286254910913115
0.00733316000304409 0.00798539856676082 0.254837031171736 -0.89006715626726
0.0206482580326579 -0.0107628407339643 -0.624178193730161 -0.627321417556222
0.0304239925199688 -0.0472098562859801 -0.675471753485105 0.205798920089679
-0.00935609074355804 -0.0312242062636604 -0.148689463774064 0.441894588508638
-0.0230343866110942 0.00590248354269209 0.143067186441065 0.13877927882188
-0.0158517307821772 0.0266580808165458 0.116611887009204 -0.180792777642399
-0.00846670216467601 0.0189446228682222 -0.0866358081227675 0.168253190789456
0.00658684171258427 -0.000557929350235358 -0.107394615643792 -0.11544919799309
0.027210758786982 -0.00422806431342489 0.187983668813767 -0.386425202859178
0.024927915657079 0.0113422582697174 0.587778197811907 -0.0543856283399972
-0.0426002177249877 0.0177033412142658 0.507884628960454 0.720656126742533
-0.0595074341401377 -0.0227527970621894 -0.331376267364925 0.874470433663138
0.0163545320725336 -0.021249869866338 -0.617371469526796 0.27515843159252
0.0225765770918872 -0.0130900101601955 0.00317416969357508 0.0933114223856035
0.00411115813639798 0.0185701678511296 0.613206055848974 -0.309758300432368
0.00704549660790581 0.00948258744193838 0.207450445419697 -0.899211295581422
0.0192445756019133 -0.0138788448381362 -0.655686126501974 -0.593493033388104
0.0284567337604148 -0.0466253929128263 -0.657893797529681 0.231493234241858
-0.00916652472978969 -0.0235726274006907 -0.121313589237684 0.436876923482889
-0.0218359092518321 0.0115992391673108 0.152825367049252 0.132946090414785
-0.011727290068348 0.0304303704885388 0.110121555539521 -0.182386174311894
-0.00579249546516651 0.0214126613425324 -0.0925856224373358 0.166548498713636
0.00533313623610552 0.00389207655043644 -0.101541831610812 -0.117372534069503
0.0265831664480409 0.00266935182734665 0.208130653733019 -0.389221225671616
0.0261888401134101 0.0142777950214608 0.594921142506484 -0.041360342855082
-0.0413195361300374 0.0184371445565459 0.481519240865085 0.736553508332612
-0.0604163278348656 -0.0184973272080848 -0.363297795168892 0.865519558301398
0.00442819858901804 -0.0144282049066491 -0.61469254392053 0.263209127064851
0.00747766536335655 -0.00768958809830253 0.0211237844506667 0.0955345275751702
-0.00527854282385638 0.0274978753342742 0.61233750522555 -0.32183686905834
0.00868004794618756 0.0139135553799875 0.177433187206991 -0.903426118785641
0.0227017167400181 -0.0144430492381546 -0.674914338819141 -0.571420016626689
0.0290382219126356 -0.0441685421218696 -0.644630157315073 0.242190257571487
-0.00892679175613135 -0.0175173467798615 -0.10268467223908 0.432389675567417
-0.0222244528732623 0.0170833649992285 0.159873466796647 0.129435691837594
-0.00969149462597204 0.0333090852188668 0.104713272920231 -0.183119291821653
-0.00384327071993967 0.0226261867212017 -0.0973607583056122 0.16494441765419
0.00401038647620456 0.00606372733061296 -0.100075776560476 -0.11731000455394
0.0250584182588266 0.00907556994993344 0.217031937701501 -0.389219070107284
0.0297500786416613 0.0199624736143544 0.59921914611126 -0.0417398289029257
-0.0341196088085555 0.0239373098142652 0.47177431600172 0.735853118741753
-0.0617375086805987 -0.00934941831833765 -0.371341273642303 0.859526923823753
-0.012417717451509 -0.00838824154719914 -0.610348719001091 0.261653971416675
-0.0124453649539492 -0.00331612811452658 0.030632134893472 0.0986789260647351
-0.017450059835641 0.0359777489989262 0.615802936720793 -0.322836661973415
0.0116393752758958 0.0214324363409602 0.169751039072744 -0.906905382727689
0.0293013131807058 -0.0119761835134728 -0.67825110622928 -0.572020981718111
0.0313504437657829 -0.0404132962069812 -0.637416882630685 0.240196861690089
-0.0105056504779188 -0.0111671080657302 -0.0923185567838216 0.426619287695927
-0.0234820508673661 0.0202569686428432 0.162492526982057 0.129354084044791
-0.00778521792681572 0.0350730058575048 0.099558129773596 -0.184182458438423
-0.00294069015027056 0.0234904243381769 -0.100849321370808 0.164482227476481
0.0011044887862124 0.00810492498722749 -0.102719377894562 -0.113988150476834
0.0226213775355587 0.0117925002179841 0.217130086454616 -0.391237985046833
0.0357999781367539 0.0258729118471714 0.600970631382254 -0.0587396796979374
-0.0250241854846106 0.032027672504319 0.484502862650564 0.719698289238837
-0.0617291014652068 0.00133125949002712 -0.35864126959194 0.863262030186432
-0.0304437527717053 -0.00219702390240631 -0.603122318011413 0.27138817371565
-0.0339572642963991 -0.000704445767448798 0.0313289570765361 0.102965341686435
-0.0310826361192992 0.0449807118105661 0.622631486281676 -0.314628636103132
0.0147062463478661 0.0321318708971563 0.185861685363969 -0.905184284849141
0.0391702685454117 -0.00662580133741725 -0.668418598627128 -0.587185987976618
0.0348692549808649 -0.0349344580525322 -0.637164305968355 0.223975933051964
-0.0135174106417931 -0.00839896040668065 -0.0919057978727134 0.423758024337106
-0.026482845119035 0.0206318100246271 0.160679404182426 0.131479476621715
-0.00611266202407791 0.0367282844137373 0.0967165717344528 -0.185698246797352
-0.00207880140545149 0.0225872353311231 -0.102580309275467 0.163531407236923
-0.00220629680231128 0.0072819338390161 -0.111071422172969 -0.1093944058123
0.0199670258041804 0.0113783811993752 0.205654311527059 -0.396542182961011
0.0419278034867183 0.0313580586138074 0.59948179462626 -0.0854808726532484
-0.0131634219342034 0.0410960300889137 0.512483937777109 0.694885390471631
-0.0616866921545596 0.0148153356389748 -0.32376194433826 0.868395606923467
-0.0469872637256584 0.00363167816817454 -0.59584336876916 0.29164172741011
-0.0533549464755697 -0.000420775990333832 0.022946643756268 0.108918262322872
-0.0441403834314596 0.0506857624392269 0.630222185392971 -0.29543432588443
0.0173678267235478 0.0409694102805007 0.22126450985087 -0.906062963223471
0.0505034909356972 0.00197285262802109 -0.646112468844217 -0.622377591915509
0.0410231183366598 -0.0293483818296799 -0.643385931966525 0.199513750278811
-0.015588001396554 -0.00784340221994877 -0.103042494516863 0.422639653915191
-0.029234218234028 0.0190247143635824 0.154393062698041 0.136704823102047
-0.00536005566906458 0.0371870921241236 0.0954185973732097 -0.187479065673822
-0.0160561315652363 0.0144427704229637 -0.0761629098659543 0.169839964708132
0.00245392140735057 -0.0153257941549197 -0.144290803929872 -0.10056181254605
0.0215140930527989 -0.0217502448153234 0.108724534383409 -0.391042713530717
0.0330113135274409 0.011048282415961 0.553563455931993 -0.14981732991899
-0.0222790143436463 0.0350984318122093 0.636283137711167 0.598487818315308
-0.057831244707693 -0.006210944571859 -0.154949629593494 0.903394568907684
0.0100864314866877 -0.0313347187516349 -0.598897027493611 0.359431686969372
0.0253786511185631 -0.0292328148809867 -0.0654262918482223 0.101241655003739
0.0067520021919174 0.00801969154106084 0.617644147687138 -0.237768608921919
0.0094713651903482 0.0142523695161513 0.363882983117372 -0.868104511554535
0.0322380134817955 0.00474543704865595 -0.54695674633843 -0.71308662779314
0.0394754428657066 -0.0423197329940074 -0.704650041155167 0.142447789838903
-0.0095948090841226 -0.0423393959383629 -0.196287873976115 0.445884148406049
-0.0264279495160061 -0.00609321493932113 0.120449835471854 0.154847859341538
-0.0205754187488419 0.0228802551108395 0.124427007208843 -0.182705435155343
-0.0139169034889009 0.0154278744528836 -0.0765830521116355 0.170277096210111
0.00527037673760601 -0.010363114461338 -0.13054007820815 -0.107216535873132
0.0246845065702972 -0.0181486887388561 0.133883816060828 -0.3900323832916
0.0283659803793352 0.00822528944975498 0.567501114218463 -0.115932736711482
-0.0334726954940837 0.0274832628214554 0.597143139451069 0.644962829813856
-0.060866651613522 -0.0159694435367072 -0.213551090315187 0.90180621372666
0.0193602177835476 -0.0316182852745224 -0.610712380774677 0.331030170659389
0.0321245499335947 -0.024556597755982 -0.0422817310236875 0.0977556399178119
0.0114619657491371 0.00950870944078633 0.616887166388212 -0.267722267892758
0.00770380470251918 0.00908027612366737 0.305603806347299 -0.88681205515231
0.0250069918344915 -0.00458405076509152 -0.592115899930195 -0.670114707402213
0.0336821677234974 -0.0475006101055901 -0.693377786517588 0.181822171926752
-0.00938669156552359 -0.0377981021067922 -0.170496106717548 0.447022949429202
-0.0233202602978089 -0.000305353851581887 0.132255035577565 0.145679207746573
-0.0182768929377359 0.0251777147553396 0.119960324060097 -0.182771501973805
-0.0117877697400266 0.0173124068229748 -0.0805041403498169 0.169755695902084
0.00569822491226981 -0.00608163144852152 -0.120111670488523 -0.112723519005545
0.0266506801442528 -0.0107236117810889 0.161023906718516 -0.392419766220005
0.0254815646589005 0.00786559893548302 0.581490507176372 -0.0861586258000449
-0.0404956496243101 0.0209150254254614 0.556930751307749 0.684869896212923
-0.0603475965476446 -0.0213059628453471 -0.272866228807422 0.893337277460314
0.0214841539805577 -0.028070464316995 -0.617048372164649 0.305943604098525
0.0315204556063259 -0.0197859696309445 -0.0184303440910417 0.0940864503194377
0.0107409354695529 0.0134851468407106 0.614020822318126 -0.295195373565196
0.00773338383450035 0.00750093245907381 0.246693203174207 -0.896578677733875
0.0201514273509319 -0.0108467878491807 -0.635211421992673 -0.62276421757075
0.0303025351592112 -0.0480069332344592 -0.677373618051256 0.218414729244152
-0.0102037635087859 -0.0308648572629565 -0.142684560092807 0.446005875252123
-0.0228738201143666 0.00646690052591847 0.144885998638558 0.138861589721085
-0.0150937748105205 0.0280048514008642 0.115198981096474 -0.183393448676878
-0.00753942683479463 0.0191602661802027 -0.0853076991114976 0.169446690366494
0.0062241314636076 -0.000156097003485152 -0.109291519456852 -0.115575243153481
0.0267540422041316 -0.00418065979053204 0.18474885435971 -0.391971272509396
0.0246255224878567 0.0100402766194814 0.590897233249871 -0.06286742432182
-0.0435885356225866 0.0186839351748519 0.521905178555247 0.715628642935591
-0.0605559032247648 -0.0217392376960172 -0.32061554460605 0.883654314583962
0.0156608587435154 -0.0222130010626176 -0.616991597089477 0.283303076813979
0.0230758190436506 -0.0137056793505952 0.00501799853319076 0.0938164208309922
0.00460413832609644 0.0185894072690978 0.613521909588202 -0.317759440667875
0.00681137552055503 0.00830014537963236 0.196977506113688 -0.905346374473565
0.0189996226094839 -0.0147745172776083 -0.666534957760357 -0.587460317614183
0.0273772824786733 -0.0479924339903943 -0.660358627679381 0.242060056723118
-0.00869093680889613 -0.0241931171657791 -0.115298728137288 0.442071551329327
-0.0215994552287112 0.013005622181088 0.155617412669024 0.131938822922746
-0.0116659771173384 0.0310801447140273 0.108962415138001 -0.184064400804582
-0.00520061444076133 0.0208602472891076 -0.0915767087271969 0.168729508650963
0.00554371162298182 0.0039212553077561 -0.104102702183964 -0.117915383995642
0.0267490647763773 0.00217603269269702 0.204039270085152 -0.393350277999807
0.0268611735940742 0.0137988921635804 0.598747714342235 -0.0502718330462654
-0.041051383970201 0.0198710407402086 0.497142101450475 0.73254597185793
-0.0600489832532299 -0.0172412301647315 -0.355740988693661 0.87362043800637
0.00519821079325193 -0.0154767312607032 -0.616028771625773 0.273454356896616
0.00712855400334909 -0.00839189002812761 0.0231427810540644 0.0943900734201283
-0.00470813991317914 0.0279387255767768 0.612532190138205 -0.332700257382153
0.00796145380311038 0.0138078208153313 0.165222454008033 -0.911672682166104
0.0228347634237615 -0.0144484577866161 -0.68515532709638 -0.567752944484688
0.0277832865618987 -0.0453421074740738 -0.645286267413904 0.254136844125049
-0.00962837575066803 -0.0174156504180456 -0.0963599035396536 0.436886864009606
-0.0226352393369168 0.0182421498136529 0.163369035782451 0.128796888660359
-0.00878712488148451 0.0332862456125687 0.103653122337592 -0.185349245604469
-0.00245267650954744 0.0229158004009074 -0.0964587432269803 0.167480477410852
0.00249811466634573 0.00693726627178191 -0.10199739808671 -0.115879705493393
0.0248342524528404 0.0085671532189445 0.215368272851676 -0.396429712992054
0.0315475864394881 0.0194560574361296 0.601763448386109 -0.0506147094438721
-0.0355342278410825 0.0249313729520234 0.486072504048767 0.734035576810214
-0.0622051790940338 -0.00854264036859502 -0.365789908228505 0.86965384391277
-0.0122348967712243 -0.00818672020881035 -0.609478810157214 0.270771309260978
-0.0126664688397082 -0.00359866260511746 0.0325221331151382 0.0981973292145005
-0.0168538942007241 0.0371674471828298 0.615250930265889 -0.333468569317286
0.0120900906478695 0.0210918340172469 0.158965079853603 -0.915466905300282
0.0292831729629175 -0.0126058469748659 -0.688937569942333 -0.564280574686708
0.0301833423680535 -0.0413319985551368 -0.638610251023302 0.250940542720634
-0.0114389799718102 -0.0113412645670344 -0.0872880967927208 0.431458918417115
-0.0236302466145333 0.0204354387517441 0.164925950625003 0.127734432943963
-0.0063160967423385 0.0358778456406087 0.0988633597532931 -0.186406357308102
-0.00193373901311377 0.0231049690446692 -0.100505283517929 0.166136588890642
0.000363848102586437 0.0072903025138387 -0.105256803604854 -0.113561938654036
0.0232398872834807 0.0111630060782824 0.2138005332136 -0.398968077689729
0.0366922755305444 0.0251835395741244 0.605022756162128 -0.0663742789920926
-0.0250261757687773 0.0329474228752336 0.499414196324386 0.719246472092421
-0.0612675751547936 0.00334143551665905 -0.350362669639857 0.870856956200345
-0.0304258721311575 -0.0018346050968127 -0.603733424845554 0.281464315661189
-0.0340288541315451 -0.000560224792276101 0.0336510597667469 0.103040531030503
-0.029946811844626 0.0450388359228276 0.621180155701486 -0.324815872323771
0.0156556977157951 0.0313295480918419 0.175456649319057 -0.914182563874326
0.0397485603186152 -0.00756688378973029 -0.679826825522043 -0.583454291604649
0.0352699984530668 -0.0361654676826563 -0.638029469724211 0.235713867252947
-0.0124309552166791 -0.00854450492473641 -0.086838717402227 0.426973425519018
-0.0259683948355197 0.021961753562987 0.163604255960518 0.130597373336662
-0.00560110816965126 0.0374763061564703 0.0957231278057265 -0.187182068768432
-0.0024300905155372 0.0230443298847656 -0.101953372450825 0.166038713893195
-0.00180139191440545 0.00661991271980848 -0.113145851378873 -0.108168709792768
0.0200655378528259 0.011574135534541 0.202219130256122 -0.402930390841641
0.0435228694569934 0.0305554892031306 0.603401070646412 -0.0958327583775433
-0.0131623236706979 0.040984363593459 0.525700004106187 0.691119663861743
-0.0607270268799887 0.0161268983741108 -0.315173544840388 0.877732789004488
-0.0466882769551402 0.00328649426458812 -0.595651681539186 0.303096359712937
-0.0543642751930615 1.61739779488761E-05 0.024790209272551 0.108874146049504
-0.043228471376447 0.0515059274404174 0.630014565580476 -0.307245268756177
0.0186051599000222 0.041710421894218 0.212140375233774 -0.912319837997029
0.0506876796861247 0.00126630155368939 -0.658074093170764 -0.616647448415564
0.0407803679942342 -0.0309263863622844 -0.645101343914958 0.209144396434557
-0.0161974469183274 -0.00783788268603793 -0.097249872603145 0.427305718333948
-0.0295067723959364 0.0206873845697733 0.157322598041191 0.135341113711964
-0.00553819910717625 0.0372473032099737 0.0950999765925218 -0.189525091528771
-0.0148604963632138 0.0140866968301237 -0.0735304911427973 0.171731932358145
0.0013864448554645 -0.0155147108689412 -0.145624083687226 -0.09880633888784
0.0219273200622743 -0.0227604326859492 0.10250102271976 -0.394056259935826
0.0336535520581755 0.0099888246811464 0.556067991973921 -0.158649953437532
-0.021746672512312 0.0347097968548044 0.648784461639189 0.587719457317303
-0.0587231189773946 -0.00501270718715606 -0.142531912233968 0.909814321587274
0.00991654168782403 -0.0317119039722748 -0.598573870918401 0.369914977441871
0.0253076016335585 -0.0299205133752791 -0.0638901973349736 0.102677821121431
0.00706699062717604 0.00781716458113326 0.615767921823743 -0.247409233049437
0.00978938475245591 0.0154390279620317 0.354357450019491 -0.877183532485375
0.0326464774290919 0.00459080726573562 -0.558078287256129 -0.705145387373961
0.0393135401806103 -0.0443861512627226 -0.705450286396728 0.155320389712598
-0.011115465520694 -0.0429310211874765 -0.190136961888842 0.452550559691902
-0.0271727073233315 -0.0047116655123204 0.122907413127369 0.15434508464751
-0.0195824090107132 0.0238599018635022 0.12262738151069 -0.184967180262172
-0.0132997087965835 0.0161479887869526 -0.074420950318793 0.171852018949018
0.00495064920466753 -0.0099893135174531 -0.132993991580115 -0.106089597400678
0.0248662177675842 -0.0175821344531306 0.127734972911458 -0.394570146314487
0.0302942795135023 0.00782481638421519 0.569500738674767 -0.125313727152892
-0.0330430991978749 0.0285621537869055 0.609733705420907 0.636256258515247
-0.0606446205707132 -0.0144132539432781 -0.198634587892484 0.907986929278628
0.0190234459975805 -0.0316745771974578 -0.608491292516158 0.341755062303721
0.0328148231225465 -0.0260805388569045 -0.0414678248628733 0.0981456746313048
0.0113852199104054 0.00924754327206278 0.614394974212375 -0.277470902100433
0.00882698183481671 0.00946994116302741 0.291989992259121 -0.894357892498829
0.0254004098892797 -0.00444720978348872 -0.604523271602506 -0.662271165510664
0.0336519452683893 -0.0483060703098495 -0.693980431010349 0.193186837138887
-0.00997717762242073 -0.0370971834742484 -0.164842250587203 0.45336618724734
-0.0239436688976723 0.00178318104501957 0.135337043420629 0.146093642822425
-0.0176813977353113 0.0266546594278835 0.118453284398157 -0.185534421537727
-0.00958673000756195 0.0185898755032696 -0.0795431021325271 0.171687371585002
0.00522854303805465 -0.00509865766505058 -0.121129874081032 -0.1116874220377
0.0271559311542952 -0.0105838399921924 0.154352594041749 -0.397644755337118
0.0267874935597515 0.00791012523063491 0.583727646156361 -0.0973626009526235
-0.0407031017725445 0.0229344243701146 0.569269936059669 0.677531003560548
-0.0607490913401612 -0.0196298889056642 -0.260610189082608 0.89898480441881
0.0212196431342273 -0.0282092279412284 -0.614966178772329 0.314539630259154
0.0323417210164841 -0.0204252191147486 -0.0167992621757988 0.0954381518734905
0.0111532126815302 0.0123519943727061 0.609973260499899 -0.307234879526933
0.00691443066895622 0.0072285539097942 0.234100602827292 -0.905017604263811
0.0194276255207718 -0.0105332585686394 -0.645863415601508 -0.61647246404473
0.0291503469993372 -0.0488441199266017 -0.675745887342889 0.229601435765656
-0.0095210552166764 -0.0316206533888814 -0.135632305417092 0.451486166082356
-0.022046517991869 0.00887627999051268 0.148416068148328 0.137165338099086
-0.0140458392664715 0.0287910138232565 0.113292092120134 -0.186485000145205
-0.00630753216619807 0.0196727407832447 -0.0835267610122141 0.171179709630829
0.00576967405635193 -0.000616415331654321 -0.111216601128532 -0.114718340315484
0.0274845186076301 -0.00392368734535991 0.178405068385692 -0.398703733942436
0.0250783238241433 0.00928532893533843 0.594002261332095 -0.0733780692375195
-0.0436350613008638 0.020139172611466 0.535834020081515 0.70900341122324
-0.0623128741796051 -0.0210945247663445 -0.309933592443149 0.890743993884285
0.0170775263572594 -0.0225828104901169 -0.616748225993536 0.291906253894552
0.0228807560328111 -0.014905920261613 0.00619378830202695 0.0942613937965039
0.0051750977754907 0.0190677465798857 0.609631274438309 -0.327839681981992
0.00762685873089421 0.00884709748360586 0.185565504030272 -0.912894486944051
0.0190329925084232 -0.0145214624571172 -0.678220087636598 -0.580740796567684
0.0272148156467647 -0.0481380655180085 -0.658976093060943 0.254975875135027
-0.00946159443223569 -0.0241765443745879 -0.109435645770236 0.447338269026435
-0.0213081903596429 0.0143769498612735 0.159093771533142 0.130831371557217
-0.0107516795221809 0.0319692286380986 0.106847616918477 -0.187339207071276
-0.00345006521586489 0.0217331653606098 -0.0900477924276095 0.170507696002706
0.00491378338730302 0.00393816560231905 -0.105541456125483 -0.116070376396815
0.0269999157888091 0.00235801868759052 0.197732825458358 -0.400240420848003
0.027426864182572 0.0124068987640872 0.601364827200206 -0.0612443139697131
-0.0420342707941507 0.0215303892048273 0.509716134629196 0.726434552333875
-0.0617367555652263 -0.0161477897948815 -0.342009724637534 0.88090838129236
0.00492652610244031 -0.0152920651557852 -0.613187574935919 0.28186575240161
0.00647255459926228 -0.00821368478459489 0.0239681155957985 0.094764531126288
-0.00438393092858269 0.0282530083064114 0.611407121697008 -0.343480516165613
0.00872640234460059 0.014521809133902 0.154985834446439 -0.918460263238002
0.0217775895731536 -0.0146485799630456 -0.696425503295962 -0.558346545804554
0.0269851703558038 -0.0465032761421173 -0.644262062594338 0.265939118677059
-0.00964756896871582 -0.0175226941859788 -0.0900624588672591 0.441892203097703
-0.0226002349081605 0.0192951524700648 0.166583464242544 0.126674561674997
-0.00760605413996665 0.0342338054285489 0.101286728692919 -0.186484715023132
-0.00247679704114759 0.0232013695903201 -0.0948559158680317 0.169567445781741
0.00286288077982062 0.00689578775339921 -0.103714987794555 -0.116223353784862
0.0247496335868475 0.00814605410069749 0.207603911588252 -0.403089507420973
0.0311990298534641 0.017533242990257 0.604934319227337 -0.0617043217155647
-0.0346270274812746 0.0258217653128151 0.501673692825793 0.727399510471066
-0.061634203199224 -0.00779980006020321 -0.353361555913882 0.876771356209903
-0.0115713028315503 -0.00917697908900061 -0.610492972109447 0.281142871058502
-0.0121315866707873 -0.00291892347379414 0.0343671513217094 0.0969146052382355
-0.0160448260399398 0.0374885915902976 0.61402826530977 -0.343198775325352
0.012188936555621 0.0208409311535978 0.146461027035136 -0.918424905063885
0.0292005556639128 -0.013269957796106 -0.702494718625043 -0.55671869416361
0.0296864358385602 -0.0420606176504542 -0.635325668248232 0.264986567582249
-0.010717121214966 -0.0125143816218052 -0.0798161029609957 0.435793516771534
-0.0234730123792325 0.021941000159218 0.168379650100538 0.12590818065804
-0.00486259820983826 0.0361408562794114 0.0967584756442069 -0.188801916400474
-0.00059625450696181 0.0237768283987153 -0.0980063340302599 0.16667833833828
0.000353330862725282 0.00823608908522255 -0.107301920226293 -0.113608656496214
0.0229998596302132 0.0115424184414552 0.208287278862677 -0.406160677416993
0.0372294675920469 0.0240581982067408 0.607102714934959 -0.0772073528193703
-0.0255306578464206 0.0338924534235914 0.511393385167501 0.710824049557707
-0.0624773751701328 0.00453268381028976 -0.339021494117397 0.878205081818535
-0.0305330996223744 -0.0017742773317533 -0.601512400517366 0.290739072309434
-0.0341299057610717 0.000138868782440972 0.034368078980636 0.102330660084059
-0.0293312358725017 0.0461085447539683 0.619181834395969 -0.336176238025396
0.0154478449224722 0.0311906698510033 0.163140257742738 -0.920187791268394
0.0399152913336536 -0.00803507310095032 -0.691873446274134 -0.576275169282647
0.0347641558542708 -0.0375310912728324 -0.637082586760318 0.247016189289184
-0.0133597906747715 -0.00830693193516805 -0.0788514795744643 0.431609102490808
-0.0259298566135064 0.0233852968153089 0.166210175185242 0.128894536376139
-0.00387623288546158 0.0378283354639216 0.0929558292321825 -0.189874447047694
-0.00161454442183054 0.0223519905929097 -0.0998642984890342 0.168019670079176
-0.0022828681895677 0.00616900973028142 -0.114658181898873 -0.108233422489489
0.0204468195825328 0.0108658096574166 0.195474451628718 -0.40877273198578
0.0443576351473107 0.0291895613836195 0.606270035963633 -0.103606622473692
-0.0124790203805661 0.0431920278854588 0.53998433536919 0.684640024779929
-0.0606662522042964 0.0171038072548526 -0.302666625103035 0.884544346401529
-0.0466847334505403 0.0042414307513793 -0.594645328110961 0.31140026874136
-0.0538779880133807 0.000141700076073795 0.0261970283994796 0.109253099697732
-0.0430463013342714 0.052022709210249 0.6273179251756 -0.315275006503431
0.0186860916079951 0.0410282503896783 0.199985829442259 -0.919896872116985
0.0509219273113102 0.00079968802269917 -0.669904131720978 -0.609952435524348
0.0398301689401826 -0.031364254494996 -0.647724130150282 0.220664271915795
-0.0156559402417764 -0.0079374038246012 -0.0915633491974461 0.431105537515495
-0.0288520411988098 0.0215671001654396 0.159986565904805 0.134333275108702
-0.0045498252285472 0.0379155624855775 0.091212709884657 -0.19133892454497
-0.0146990824050091 0.0148931257939932 -0.0728964522559643 0.172343005779256
0.000921727299711687 -0.0151096863323495 -0.146719840619244 -0.0963691662381581
0.021645004839532 -0.0216622889796779 0.0964308747844663 -0.397755020687529
0.0343401294068112 0.00857892190228121 0.554602060716324 -0.168528586870158
-0.02165883196623 0.036328683660872 0.659417157273192 0.57818685151575
-0.0588220355657923 -0.00369191421287858 -0.128993138224767 0.912334195561489
0.0112054681954345 -0.0316089582315279 -0.59419545583327 0.379125074527043
0.0238695520760785 -0.0305396675289467 -0.0614296486234873 0.10375377248048
0.00787329422912889 0.00800162627121669 0.613344018024587 -0.257217718636586
0.00935212898010769 0.0134733037077456 0.341315639521643 -0.883694267358591
0.0328554498965172 0.00413756096738192 -0.570934765383891 -0.699603682782182
0.0387334753419159 -0.0445676249105773 -0.70550791032469 0.166720044806871
-0.0101667328294516 -0.0427207869007233 -0.182044373546128 0.455264672745967
-0.0268830494093348 -0.00396427208124005 0.125718818574278 0.153402338827503
-0.018529154975407 0.0246529793333854 0.120640075216327 -0.187788770911199
-0.0121897136578387 0.0164727776084948 -0.0724746761260767 0.173623829878336
0.00414437537804024 -0.0106504751771656 -0.134588276566283 -0.103695586642337
0.0241646385374852 -0.0182609570788707 0.12306074558346 -0.400032764014194
0.0288254465718381 0.00697730831288747 0.56937037759269 -0.135394285739182
-0.0339491773668187 0.0291643095140652 0.624035700886156 0.626529171039285
-0.061956853937391 -0.0134973322565229 -0.187447212043347 0.911242304167739
0.0190566947973668 -0.0319110172751672 -0.603154799027999 0.351517751226532
0.0319588908591665 -0.0263226549337643 -0.0401428761173718 0.0987221498233768
0.0116902010814045 0.00811462270875776 0.610888179709188 -0.286057788375383
0.00898817278442297 0.00827049456699505 0.280092625323835 -0.901277156430678
0.0242339935167473 -0.00439336984850051 -0.614463194335651 -0.65386482623205
0.0316082211321632 -0.0484664220068856 -0.691204607687784 0.20562342904746
-0.0105312727978969 -0.0376145509918435 -0.157126396608024 0.457232806364503
-0.0243012482063198 0.00213748103932535 0.13796694120693 0.143851750825158
-0.0163093565467373 0.0260279324215562 0.115102926471617 -0.186916403803044
-0.00905176318677334 0.0173341026082626 -0.0768930507521228 0.173831856433521
0.00551270315211947 -0.00551666596378861 -0.122987872477953 -0.109165746601954
0.0263935151991163 -0.0114327874099258 0.149675743614858 -0.401927780224289
0.0265966610579274 0.00723083809110259 0.583375551883577 -0.106381448618773
-0.0408985188389711 0.0235632230738029 0.58539211775131 0.66685015754039
-0.0616538935762012 -0.0190787673495074 -0.246748796520364 0.905071806643675
0.0216045438440236 -0.0293685217839331 -0.610945034366125 0.326121659520103
0.0320342342056331 -0.0213818835434472 -0.0153284353481408 0.0949020138497957
0.0111570937187316 0.0126963252384659 0.607945745896095 -0.315708824367739
0.00683433367509449 0.00735288678722122 0.221977145926057 -0.909241302834359
0.0198453566298002 -0.0111940959150547 -0.656984402376152 -0.608782842518149
0.0286898274422481 -0.0497754775456115 -0.674900028487522 0.243167461897221
-0.0101469830770601 -0.0310602750876303 -0.129465745431973 0.455761057428233
-0.0227921797356953 0.00899381384933552 0.150826151524072 0.13537135920787
-0.0133839890307776 0.0293480231617063 0.111342697225524 -0.187156699664405
-0.00486042807256693 0.019136851632353 -0.0818015236382002 0.171959562114528
0.00592236498172491 -0.000338232680461893 -0.11325233438651 -0.113961908801221
0.0273615836646323 -0.00408388179760424 0.17266506674426 -0.402799593650603
0.026381975002167 0.00918392289386319 0.593939337865449 -0.0831979165115687
-0.0436283799680161 0.0212875916176255 0.548641365163429 0.700393045100804
-0.061391090575633 -0.0200576796990778 -0.297665093079438 0.897033060342336
0.0163619197254141 -0.0232672211073493 -0.614697537888695 0.303616473566373
0.0227031515827981 -0.0149112242228047 0.00780606259481503 0.093528169867763
0.00608730043291118 0.0191481982983408 0.605299046175132 -0.339989073941732
0.006640912681088 0.00866892016194045 0.172220796079554 -0.917653105489767
0.0186685062086486 -0.0143455346501049 -0.688079823943067 -0.569325737863809
0.0255681047759679 -0.0499724120480742 -0.656409836045831 0.267257919678366
-0.0098916911077815 -0.0243462497862533 -0.102248446897929 0.450247631270952
-0.0214461472963348 0.015397856890796 0.161510235712957 0.130234701513636
-0.00991436382600482 0.0319850069739435 0.104697834859849 -0.188759656548608
-0.0031602726379255 0.0212674580226004 -0.0879777039247818 0.171926738955512
0.00415968386182443 0.00443120079125447 -0.106970609183698 -0.116047186436793
0.0266277670384936 0.00239727827784252 0.192889506815817 -0.406479367871821
0.0285364412175224 0.0123332053484806 0.602027558167536 -0.0730370964623893
-0.0416545825736098 0.0217849016790446 0.523068164720668 0.718353946437343
-0.061783598993915 -0.0147950637792036 -0.33148404443711 0.888483458393332
0.0048739612882137 -0.0160109465453029 -0.611181836186418 0.291460024907077
0.00702543467787614 -0.00851724541780598 0.0257673038879057 0.0942923955846491
-0.00303791104139194 0.0276304365744258 0.604412771211492 -0.35230383450576
0.00983400819375614 0.0137816362322034 0.141851682634536 -0.919722986574318
0.0215420924359229 -0.0149865728496256 -0.706387252066792 -0.548498314125398
0.0257000460562899 -0.0476386104158408 -0.642854680803706 0.278503107474897
-0.0105525335084831 -0.0175668809172362 -0.0826539128887848 0.444599380333288
-0.0218496165556198 0.0205529009416636 0.168583379410683 0.125227384397293
-0.00677362805732833 0.0353816716560342 0.100067181421168 -0.188922672474507
-0.000677742567924489 0.0228345688347045 -0.0927092244219282 0.170382293129417
0.00301325075394364 0.00652978456441592 -0.105602601490722 -0.115464805917408
0.0247978811642952 0.00746840650513274 0.202961381382414 -0.407431286559682
0.0317400286344371 0.0174363322610796 0.605286768697268 -0.0712995387907977
-0.0354901926085338 0.0278649293306199 0.514252518050795 0.719604032478734
-0.0623240013075262 -0.00576450462163146 -0.339597957710149 0.882728168084439
-0.0116418720194568 -0.00903706557260905 -0.606678457562933 0.288412796369373
-0.0128976649961526 -0.00362043354349899 0.035506129848005 0.0967752418738885
-0.0149531100447955 0.0377652254630811 0.609054779444947 -0.35218713021917
0.0119775229854059 0.0210882056593181 0.134743850130234 -0.925234518687098
0.029378730179868 -0.0131228421586897 -0.710493026936949 -0.547515272225417
0.0292897701410653 -0.043476023240645 -0.635416439760388 0.2744037246649
-0.0108407355921543 -0.0121099338110327 -0.0729923603586327 0.437583947310874
-0.0228074230195065 0.0235980567550076 0.171406313456923 0.124883113468761
-0.00476621198078116 0.0368322102510228 0.0952703605635929 -0.190186225819689
0.000104681256119173 0.0235068112569583 -0.0963593425835942 0.169547465496116
-4.61805757945742E-05 0.00794950063186227 -0.109480701495356 -0.112115941629176
0.023017288065092 0.0111078752776275 0.200962869106907 -0.409993771661778
0.0374186890076612 0.0229991644942667 0.607399498446983 -0.0867295416006335
-0.0240095744277043 0.0356528215232205 0.524482418882453 0.70382315282257
-0.0624773847681769 0.00604522050208724 -0.325296571486646 0.885912996615845
-0.0301303389993119 -0.00144648925922301 -0.598675870915142 0.301063900529147
-0.0339083765979518 0.000584213837498722 0.0366401852507625 0.101419778542594
-0.0283580291633844 0.0463170242021949 0.614494454248653 -0.345557431546781
0.0151626531576303 0.0302665323379185 0.149054313732857 -0.92288986015633
0.0391516331164259 -0.00823289759057364 -0.703036423369789 -0.5649262308117
0.0338617532495226 -0.0383118729064762 -0.633852098395501 0.258911429614319
-0.0131850329614266 -0.00853695279556088 -0.0733279232032561 0.435570270069727
-0.0247548193538175 0.0239981304661007 0.169111729636026 0.126408815977317
-0.00424415806129139 0.0378301304471241 0.0920676142536806 -0.190420396458563
3.6269081098942E-05 0.0234934104508854 -0.0979830850821286 0.169369266413571
-0.00277289635970676 0.0069498427844524 -0.117117945637003 -0.107502108939618
0.0203023488829605 0.0099555683000763 0.188233539415831 -0.413634561928172
0.0441649043543425 0.0280604347546044 0.606195638823085 -0.114336496508679
-0.0123796624035486 0.0439050554683955 0.552008182552188 0.675162646986166
-0.0607669732933263 0.0182271057041886 -0.290800850748996 0.892923810717734
-0.0463244832090094 0.00455477370101437 -0.591605440646102 0.32083184996281
-0.0543213190004337 0.00169249118708874 0.0282163784876297 0.108293958321189
-0.0423134273929826 0.0528636360863528 0.622852832787045 -0.32627671954792
0.0190049154850306 0.0401459480084684 0.186681218436422 -0.924942567064413
0.0511987179323188 -0.000102383693035576 -0.682321035483045 -0.601055209539116
0.0394683082067052 -0.0331940366344098 -0.642829992928014 0.233518654669542
-0.0155796887519889 -0.00843193455847676 -0.0843328454160511 0.435001187795608
-0.0274188079364049 0.0226553811629232 0.163212024277573 0.132336466883489
-0.00334843872715942 0.0378216938063891 0.090516240379092 -0.193441719187956
-0.013764867709267 0.0154238783800037 -0.0704796201849962 0.173389485301193
-0.000377943081843068 -0.0149264023893266 -0.148123146861576 -0.0953971032833583
0.0212956048006584 -0.0225503342545551 0.0893457363065899 -0.401577669573618
0.0349368135892111 0.00710716989254507 0.551871441099164 -0.179194087075734
-0.0219570091199459 0.0379146749448172 0.670118649259067 0.566465093851205
-0.0588182377871807 -0.00305636676237557 -0.114131140128933 0.912020791471828
0.010991014129052 -0.0325146869139511 -0.587474491518797 0.387106917719134
0.023586914211671 -0.0302805893771773 -0.0603521583228289 0.104421497978293
0.00818794681086538 0.00737206794920912 0.608336321289237 -0.266236325095398
0.00972639157079496 0.0135754672143301 0.327357489180671 -0.887429033778358
0.0321496624841515 0.00378838778536838 -0.581807861308909 -0.68914635115968
0.0366734707446469 -0.0454074182489421 -0.70351210050939 0.178033881955897
-0.0120641247645226 -0.0429261691571537 -0.174554742856795 0.460413374839431
-0.0268034116281653 -0.00266830863390909 0.128022745983832 0.152027963674705
-0.0178801149783194 0.0253170259774317 0.117716040260487 -0.188325045344625
-0.0111092253645095 0.0160098363402554 -0.0702937188018951 0.173948622112986
0.00306312076556416 -0.0108671449949671 -0.135677377665892 -0.102244983945293
0.0240859301752306 -0.0190012075476222 0.115905195805135 -0.402729927221577
0.0296736178050673 0.00615622896474949 0.567136480991143 -0.145533443258698
-0.0339558783408036 0.0302210852713084 0.633497730597576 0.61389482374976
-0.0606978708876237 -0.0122110154934984 -0.174393926785222 0.913464581916219
0.0189229084164674 -0.0329740434641609 -0.599356147031896 0.360072379338601
0.031121933855724 -0.026855244929515 -0.038082939839414 0.098818394221642
0.0126879105555787 0.00771668040830064 0.60549254302794 -0.296188180723486
0.00812355978809517 0.00747059364011902 0.265808604647187 -0.903796407949775
0.0248762137744879 -0.00502106312894074 -0.625602092930962 -0.64629278621126
0.031932999866723 -0.0494038488338735 -0.688079940306076 0.217531532043626
-0.0112291238872126 -0.0385540110337768 -0.148588298160366 0.460993303288669
-0.0249447011535118 0.00371082147842698 0.141110877887502 0.14283171329294
-0.0157025712566309 0.027378731626017 0.112476053937185 -0.188443418525376
-0.00864962247829948 0.0174693699263452 -0.0753094305145742 0.174345120950981
0.00463977036340731 -0.00585677620622613 -0.124519160807995 -0.107680415871571
0.0267455460606939 -0.0119168567492911 0.142135131773404 -0.405836930629873
0.0276284945704438 0.00571480519315295 0.580462030087266 -0.116491782782379
-0.0412693191041538 0.0247169820343878 0.595339894772815 0.65960817320873
-0.0621101620999757 -0.0175364589312342 -0.233904996175762 0.907657828893608
0.0209886156722838 -0.0296473635234843 -0.606450380605908 0.333967849172261
0.0309397406483194 -0.0214896139317129 -0.0142284705734088 0.0944930809955223
0.0126029231436739 0.0125396655165581 0.601450549674094 -0.323126304755846
0.00800085678505032 0.00635261846784727 0.207588681680909 -0.914445172568466
0.0199230173594459 -0.011275544990083 -0.667548807628557 -0.595888035330606
0.0268817281257992 -0.0507271300659508 -0.670925591232379 0.253962477058991
-0.0105539848601613 -0.0309059238803913 -0.118977223965699 0.457979591185729
-0.022344498566583 0.0102861655486705 0.154300641140558 0.134794242829661
-0.0125842057150985 0.0291492361088763 0.108514137580767 -0.188876364205411
-0.00367897932951103 0.0195649548753734 -0.0798391145809406 0.173405656539509
0.0054113049959002 5.55573232750867E-05 -0.114494368670525 -0.11262470557679
0.0276651871778734 -0.00529637808762904 0.167390306212358 -0.406940478468306
0.0255260061665844 0.00773131021555994 0.59320637280038 -0.0937649337162997
-0.0436147394675375 0.0227674271764814 0.561203026502959 0.689920974021183
-0.0616905385599413 -0.0183832321981073 -0.281794935405535 0.900983591578062
0.016485436316654 -0.0241064261400781 -0.610975953927151 0.313394036145506
0.0222673131128995 -0.0154266116516487 0.00941990138254881 0.0922437238072204
0.00566020750144913 0.0190292829049726 0.601243653750608 -0.347797843359888
0.00768451006111542 0.00819191862941952 0.158875650045377 -0.920721591967819
0.0185637935545394 -0.0150316157716783 -0.69841570086457 -0.559981654196401
0.0253292633166123 -0.0503148718717042 -0.65368230198941 0.279342214810232
-0.0103423921323192 -0.0246474191623179 -0.092956079526247 0.453976171968962
-0.0218096316101714 0.0161470267580376 0.162733934255327 0.126900129956664
-0.00879039492134916 0.0323186736921699 0.102680147377091 -0.190357911195352
-0.00152013143861776 0.0210362539760593 -0.0861265081216013 0.173494621508805
0.00423638449294897 0.00352644689793664 -0.108554658707913 -0.114276803337753
0.0270510011884927 0.00144692903842327 0.184721236002588 -0.409386761278265
0.0283615851042705 0.011738930600382 0.60339669817428 -0.0793984700803662
-0.0421049079886934 0.0233158938016044 0.535260531242335 0.706786381069547
-0.0619412048443566 -0.0131821250086111 -0.316551725084139 0.892076355214341
0.00520696981488229 -0.0168482158153415 -0.608063126004612 0.30007153277215
0.00602452362193458 -0.00903763400622061 0.0269361402310062 0.0927945861067997
-0.00255671102495648 0.0282072758782768 0.600443243497339 -0.358251854624247
0.00914965121925382 0.0131078290345189 0.126046543007186 -0.921501331387824
0.0219649496340421 -0.0162782806088377 -0.717144530057078 -0.537972538305982
0.0257142268060525 -0.0481674136517647 -0.63606280703921 0.289484814798707
-0.0103002727500804 -0.0173474023426011 -0.0751424230955786 0.446550992455896
-0.0211964425463125 0.021394299679395 0.17108648636881 0.122875983487617
-0.0063238284096127 0.0349174766814634 0.097364504348606 -0.189507023613004
-6.4670874779604E-05 0.0232305449742618 -0.0911941370381125 0.170986317932757
0.00223425911492247 0.0070651164663799 -0.10674804097172 -0.113917096358968
0.0251508128618399 0.00793760883227038 0.19500869500414 -0.411114516740131
0.0325408672217123 0.0164616599216222 0.605803872760234 -0.0825619930518481
-0.0348109851102321 0.0289779778032403 0.525419772680667 0.710174011640549
-0.0620308431056839 -0.0046254048804019 -0.327062546907597 0.886910556248045
-0.011342026136284 -0.00893956300224258 -0.600614905724618 0.298301684870706
-0.0133807605289143 -0.00309069797645633 0.0375206032403634 0.0965303946883967
-0.0145997296053778 0.0380946708908183 0.601238711277544 -0.36256054033329
0.0126506081941166 0.0204064196035278 0.120458534786578 -0.927457100852857
0.0291792064892113 -0.0129433892488267 -0.719326703898202 -0.536593269103502
0.0284005755296285 -0.0444198355359484 -0.629288785977376 0.286978115554361
-0.0112606029787734 -0.0113154597412306 -0.0649390147234541 0.440389493410618
-0.0221342907356115 0.0238604797087768 0.172788763322316 0.122762479793742
-0.00383138716311711 0.0370817413563971 0.0922795770491699 -0.191728561637196
0.00150236368682983 0.0224825687812975 -0.094462785554394 0.17119452179984
-0.000296544672905312 0.00836665951716784 -0.110720707018824 -0.111038880072107
0.0235326238452099 0.010555762753623 0.195178635027417 -0.415157453716493
0.0381654013170329 0.0221323351354649 0.608373339327226 -0.0983338201059281
-0.0245128859910629 0.0353438138173229 0.536126920012787 0.693681723655257
-0.0621839312544872 0.00693369831683782 -0.314009403484104 0.88950688804186
-0.0291833990735794 -0.00146639411973192 -0.593247599656149 0.309713579467908
-0.034439009216459 0.00114025448750347 0.0373618044636038 0.10092182665646
-0.0277814230996209 0.0463453661362023 0.608312446187602 -0.353735295593139
0.0163780980800759 0.0296168677263276 0.135393921286684 -0.924365482802398
0.0391905142571161 -0.00817021736641459 -0.710001977290234 -0.553235113671117
0.0324874522704806 -0.0394190551194469 -0.631021978921103 0.271076606401418
-0.0135990719971473 -0.00909220021856455 -0.0651609017627987 0.43715248476249
-0.024637611684862 0.0253149142138303 0.171448888372569 0.124582269223414
-0.00220367580530307 0.0381977765298852 0.0893370865179481 -0.192540773816829
0.000753005651832641 0.0231063217663756 -0.0958669405142296 0.170090007058864
-0.00304103155711383 0.00691070502387496 -0.118694139291917 -0.106395370896367
0.0210765059166219 0.00996057561685664 0.182269363146425 -0.418760072920555
0.0452487625766637 0.0268136183423968 0.60403979414718 -0.125443830743109
-0.0122404947939573 0.0443053753558847 0.562491942860441 0.664196889895712
-0.0600237164504434 0.0195521529080973 -0.277810811616084 0.893999115779725
-0.0468931740609991 0.00469899804021649 -0.585329107181965 0.330805267809358
-0.0543346737009445 0.00216794732622094 0.0294141672610929 0.10672250651729
-0.040459720914457 0.0533686215481901 0.615997103402787 -0.336410411635241
0.0194868326661029 0.0403202582133111 0.174082330947026 -0.928381835491057
0.0509306545825457 -0.000667771582082819 -0.691100779212217 -0.58964732331038
0.0387346857334625 -0.0338457563711316 -0.64097320876492 0.244492538124903
-0.0160232757302309 -0.00757384776969907 -0.076442304991243 0.437292622165116
-0.0274439107847309 0.0234730612059621 0.164800602543533 0.130009150412786
-0.00201057059273293 0.0386911592792236 0.0877849787605649 -0.194752266461523
-0.0119606795222595 0.0149771383806599 -0.0685734108614641 0.173914854334518
-0.00072161962133336 -0.0154345297951976 -0.149704421668591 -0.0925090410054321
0.0207956055154604 -0.0232226604409201 0.082617236145084 -0.403542567432262
0.0343999178407867 0.00655310568082504 0.550375968116624 -0.188473983306638
-0.0214353680423625 0.0383908828855982 0.676720387129485 0.552382638656953
-0.058840830367314 -0.00144437775406908 -0.0984730576108307 0.912429301464451
0.0100219012562538 -0.0323257928682208 -0.58144610512411 0.396481267505338
0.0226341114845383 -0.0317996733605207 -0.059778445586179 0.104757404640685
0.00816875106878598 0.0081697931961284 0.601600903360131 -0.27412699498239
0.00973284626357405 0.0137279904055977 0.315375206590898 -0.89117099610611
0.0323840913042863 0.00286510626087361 -0.591182468192922 -0.678038025805144
0.0358835855228317 -0.0463866288701274 -0.699784279977297 0.19123722960425
-0.0115902834051027 -0.0419133396034334 -0.166727779187995 0.462529986533265
-0.0263406651443379 -0.00150981939726216 0.130492693536278 0.149608668012991
-0.017886899473502 0.0254086190461197 0.114556071572887 -0.189647000664432
-0.00956860714906371 0.0165412846739826 -0.0681166979004191 0.173318979560359
0.00328412247040423 -0.0106630150865319 -0.13707555751828 -0.0998442764740058
0.023309286258848 -0.019378784227354 0.108207977034789 -0.405103207944855
0.0307730167143674 0.00463351573769777 0.563974777717816 -0.155132338261626
-0.0329651160549823 0.0315777104917718 0.644758857683741 0.602408769216538
-0.0601718425631757 -0.0113720808906347 -0.159752150626184 0.912374010564853
0.0184751164342884 -0.0330370038609611 -0.592863679735045 0.367368226009858
0.0308405847383648 -0.0273214368779853 -0.0372620813233048 0.0977510090047696
0.0134492099336684 0.00815637754417294 0.596524458145215 -0.304804182678807
0.00911282700604131 0.00794444561876728 0.254197839920717 -0.906619519732037
0.0241186008282699 -0.00545743725867677 -0.635056928575233 -0.634349964897361
0.0303590311644038 -0.0500801135492096 -0.685210952667669 0.229739986272934
-0.0114302785585366 -0.0378965596472527 -0.141533805873381 0.461592695561336
-0.0241062978254733 0.00476897201978459 0.143075753442113 0.140579192834007
-0.0146395012876655 0.0278820241785217 0.110110088548524 -0.18982518279043
-0.00634727203013253 0.0173172771046403 -0.0731564251915361 0.174853037900413
0.00408699799944591 -0.00602643363693609 -0.12598905175834 -0.106773432179568
0.0265205901841076 -0.0124179011302597 0.135769105528513 -0.40846113178665
0.0268348912761412 0.00462443242896348 0.579174146377344 -0.125606376068279
-0.0404258223743192 0.0259660415306964 0.603169743496898 0.645048589109727
-0.0613704901869156 -0.0172225487609688 -0.220090630493035 0.908258670354638
0.0211995398934292 -0.0297371164454499 -0.60055200632928 0.34205928554712
0.0298227099771574 -0.0215580511787076 -0.0130867324942911 0.094368411309233
0.0126146770838064 0.0118409575365671 0.594798482103285 -0.331605158847766
0.00693932837951843 0.00653223746051365 0.193997245798881 -0.915857920889393
0.0198184229271396 -0.0114341896183139 -0.675673281525699 -0.58467833051865
0.0266041262171607 -0.0515273265053611 -0.665677000373244 0.265157870249362
-0.011022482747865 -0.0308297795535928 -0.111660846786579 0.461007729951059
-0.0222781686186788 0.0103504912557292 0.15566780821831 0.132434196649247
-0.0114678149616942 0.0305710913663552 0.10586494866462 -0.190500687407881
-0.00289651826390064 0.0198060570915939 -0.0771359908409971 0.17434869501599
0.00528550075337641 -0.000694099640907093 -0.116773285622222 -0.110166261393806
0.0273681511068044 -0.00578967321290698 0.160952313148364 -0.410416986696163
0.0263677194349759 0.00697900462044703 0.592361562873752 -0.103300705671184
-0.043764966569891 0.0238703639096047 0.571369603871206 0.678222739176692
-0.0612743112663828 -0.0169754009841777 -0.269139982504406 0.902058706382384
0.0155947791656124 -0.0239224953070101 -0.603956867603982 0.321378268307004
0.0215532213666194 -0.0155436765375323 0.0104784173916026 0.090910052998594
0.00689330591910001 0.0181406638236801 0.592063749815074 -0.356907366047467
0.00692667809560088 0.0077227680444553 0.143255897929173 -0.920773191442836
0.0191159277263281 -0.015075677189706 -0.70634872862736 -0.547295042582875
0.0238015707219374 -0.0511709734530094 -0.647183558113024 0.290023028698583
-0.0104479826961078 -0.0238034551864927 -0.0864556171725459 0.454755084677484
-0.0202879330796437 0.0167227770127272 0.165642410860071 0.12570894500481
-0.00797105638774925 0.0328677064862056 0.0996746160391003 -0.190166945446955
-0.00133667993784143 0.021074082344359 -0.0838235517119904 0.173848529574817
0.00403951143900474 0.00407079497637389 -0.111083012045837 -0.113617307276088
0.0271742687140539 0.0011615989994482 0.17860383624295 -0.413192388280055
0.0283000032364688 0.010586156289134 0.601587913154988 -0.0916490467128312
-0.0411815658221067 0.0248483226575706 0.544613790238966 0.69725641827632
-0.0614447762353397 -0.012235514515816 -0.30376018970414 0.895448305026423
0.00511539895067976 -0.016408785279237 -0.602413271962669 0.310389034208956
0.006586182880514 -0.00888978917899701 0.0282972177023857 0.0922584997711594
-0.0016359406851732 0.0272863354107542 0.59127725874301 -0.368162123576868
0.00868855284004318 0.0121332656936037 0.113840794691787 -0.923754414448711
0.0210329404529772 -0.01570449081596 -0.722811163897079 -0.524423189183681
0.0250278289098035 -0.0487311151564604 -0.631184307095668 0.299947074176477
-0.0105095083118099 -0.0175946137993683 -0.0662062997294441 0.447661809314339
-0.0205501356525172 0.0219271858764684 0.172356343911977 0.120742115975291
-0.00501356352858188 0.0356867385150627 0.0939660873110931 -0.191682765407118
0.00194981623739965 0.0224352701889418 -0.0882925125188548 0.172622100239696
0.00301496917945457 0.00672036394452574 -0.108798587760088 -0.112297356047973
0.0258393470514899 0.00757098862768444 0.187812468027439 -0.415400964053233
0.0324284144465677 0.0151468446939209 0.604335909440498 -0.0906335486385099
-0.0344052477780425 0.0291590865136928 0.536855917293012 0.699292073533218
-0.06125099418234 -0.00348387691652595 -0.313928534692831 0.889036929298227
-0.0109608373793384 -0.00865925360835711 -0.595960894877314 0.307624061821336
-0.01329966189653 -0.00301633859894764 0.0394300423811356 0.0947558070080645
-0.0138974275800955 0.0371929500308603 0.594721261061468 -0.370103417486591
0.0121327601308959 0.0199517675167027 0.1058145490664 -0.925993965396856
0.0280496805964322 -0.0141539939236756 -0.727997336536695 -0.521671534083016
0.0271766566953334 -0.0452827379788135 -0.623999083266999 0.296641848758777
-0.0112580411492689 -0.01168299812561 -0.0579335704957459 0.442055467908527
-0.0219278375090201 0.025732324953767 0.175087038631881 0.119700762319579
-0.00299851599534058 0.0378775788672479 0.0902364427626088 -0.192348232331376
0.00234863539618898 0.0232033141219499 -0.0919631270709045 0.17164855546977
-4.11058031569208E-05 0.00731956247320746 -0.11245423443646 -0.109139910645136
0.0233550246416699 0.0104586227833361 0.189135130300113 -0.41747794689275
0.0389719269148716 0.0213625025996154 0.607955451738943 -0.105969694044707
-0.0244866826725968 0.0367429874177799 0.547172840439212 0.684848751818923
-0.0618173628121909 0.00806087989722068 -0.298333864286248 0.891460141343056
-0.0300183191695979 -0.00151028186155692 -0.588765831369301 0.318575757604684
-0.0348976410577839 0.00136928164857385 0.0389739447512947 0.0995097722547971
-0.0262318557179735 0.0464331331059254 0.600772615871847 -0.362572288565618
0.0171693643098954 0.0292339485877163 0.120712711087609 -0.923675196820722
0.0389681672265798 -0.00910322195454197 -0.718737925640727 -0.54182233756406
0.0304661452185017 -0.0403291458354137 -0.625056101525452 0.281617059545969
-0.0128708308133096 -0.00858086870799712 -0.0586111391499203 0.437048064584226
-0.0241281856643443 0.0259981830396512 0.172161934297896 0.122251101489721
-0.00202501394331812 0.0383775040721374 0.0862873980304227 -0.192233880815292
0.00311121217774234 0.0225178756885653 -0.093596725819763 0.170525276419208
-0.00289261416190932 0.00656271347192324 -0.120218641774667 -0.10464834320452
0.0211014119445966 0.0096666582956651 0.173999346734259 -0.421537597265347
0.0451258753695019 0.0252347785778399 0.601993376419007 -0.134458580216887
-0.011640830493134 0.0454852375711785 0.573551232517369 0.653103772345218
-0.060178828437695 0.0202206821230728 -0.263438895768416 0.895920345358959
-0.0460418634224614 0.00490369807666508 -0.579507620189505 0.337677221748422
-0.0542189928307867 0.00337509519128346 0.0311839879949621 0.105586251592527
-0.0393076948955819 0.0537043520706659 0.610128870318887 -0.342781929727486
0.0196549394593211 0.0390753657482345 0.158361583677862 -0.928862970865358
0.0508841089523721 -0.00172142763176578 -0.698407623852368 -0.579038683159559
0.0387234300589941 -0.0354072325328564 -0.636188654961238 0.255108532913765
-0.0161093626033019 -0.00787594017471471 -0.0684548381068436 0.437819363995604
-0.0270247822787792 0.0243765387939009 0.166559852727777 0.127933683870724
-0.00158738632123742 0.0387733837264421 0.0855505987797784 -0.195245292663198
-0.0103977511171191 0.0146057093688237 -0.0654259180437009 0.173638477977499
-0.00043717625044616 -0.0150213870140002 -0.149275593980245 -0.0907052203333289
0.0196457224426323 -0.0229093325664172 0.0767153743507448 -0.403256076437518
0.034753479363555 0.00527291449045763 0.546844518402926 -0.195501120708711
-0.0215679070505103 0.0390986236589177 0.684951867687018 0.538303430355759
-0.0580101022705324 0.000140307412806302 -0.0866764167629362 0.911380853344868
0.0100566019395013 -0.0328586861704377 -0.574284905473795 0.402284919559392
0.022120086711626 -0.0313418198734503 -0.0575276736229076 0.104757776695748
0.00912429223379514 0.0065801345392702 0.596192068933532 -0.280587248003645
0.010350674248301 0.0121849549116088 0.299281422257282 -0.892937616455637
0.0326081273871377 0.0026715949045429 -0.598769049441846 -0.667965828493693
0.0350715375866042 -0.0465122090846214 -0.693368704145199 0.202265186243203
-0.0124639032521527 -0.0427272153346246 -0.158920386950537 0.464971473128014
-0.027054401035182 -0.000739456837129032 0.133205550987493 0.148120383748318
-0.0165754468767765 0.0260959011043332 0.111897857672704 -0.190463739950326
-0.00835076990021231 0.0160909940154078 -0.066693695481971 0.174219191521901
0.00306140483335462 -0.0103333629156952 -0.138197162802381 -0.0972711717141471
0.0240808103027725 -0.0197826206327921 0.101927957685025 -0.406447887250207
0.0303664724091443 0.00444611973267812 0.563423563229283 -0.163290166135796
-0.0328900959444241 0.0322290110788832 0.649253847045115 0.587905338040864
-0.0606682123967972 -0.00983696772194257 -0.147622406153398 0.91106184742068
0.0188986629154451 -0.0343952528217758 -0.586202392435422 0.374917697308953
0.030130334055094 -0.0275057662192553 -0.0356464066324698 0.0990617742595802
0.0139050895195481 0.00758605632300891 0.591812764518249 -0.312053181926166
0.00827103446897819 0.00786816777760729 0.240538325890458 -0.906769324780637
0.0242789465952016 -0.00569206036384373 -0.640454210699882 -0.622830671877546
0.0290570865691253 -0.0506853894705715 -0.679758713841604 0.238747624959144
-0.0123207817660431 -0.0381713534639151 -0.133055379750108 0.4641299552056
-0.0237855330643726 0.00558595634735587 0.144339654045288 0.138973372677039
-0.0140658618828758 0.0282569395245344 0.107848418301092 -0.190988565866055
-0.00640861556585894 0.0174815848308917 -0.0707804039220762 0.175222674867399
0.0033472359807217 -0.00580036049727519 -0.126760824555813 -0.103872856787431
0.0255536934845574 -0.0124471531619245 0.129438456220555 -0.409063453227306
0.0270403318430205 0.00510477048564984 0.577133264765618 -0.133944623736011
-0.0404535361202308 0.0272810227071988 0.61313159806185 0.632566005520905
-0.0616814528616861 -0.0154881660566876 -0.206285829099694 0.907444152075403
0.0210216526997524 -0.0305420137982016 -0.594524983302375 0.349009673068448
0.0295982910766468 -0.0226593966650861 -0.0111904196344101 0.0936837634252861
0.0137037948782904 0.0111569450897065 0.585831049215748 -0.339353767383636
0.00751762400482257 0.00557462055825122 0.180577156144429 -0.91505080192175
0.0194355105979047 -0.0112498973971029 -0.682505240504849 -0.572049970073215
0.0243836272160415 -0.0519005658605091 -0.657813724944816 0.275099848803795
-0.0108740400581073 -0.0302728095928602 -0.103453415331166 0.459630531141091
-0.0222038000001211 0.0116136326998538 0.157631324304987 0.130609976669633
-0.0110619235429437 0.0309384626600041 0.103387322296006 -0.190785224034412
-0.00153027948039984 0.0193812375369016 -0.0744852145383988 0.174466955451661
0.00416914516424874 2.04086173075779E-05 -0.117853793688241 -0.109445669204711
0.0268395631715592 -0.0052615798609737 0.152747740812436 -0.411967095610269
0.0268073332793745 0.00627958403587849 0.589386538288922 -0.111402016818629
-0.0430639756644832 0.0249496967647851 0.579551911031806 0.665484816120057
-0.0615563577786894 -0.0159407307861543 -0.256429719170693 0.902281475007163
0.0158692153006508 -0.0246335028209312 -0.5982101598202 0.327459716248596
0.0215646662394592 -0.015520256829346 0.0113343902063799 0.0910566854564091
0.00677240384129771 0.0185714767175793 0.584213648278234 -0.361225262930343
0.00720657289291625 0.00730302964773752 0.130921788515917 -0.919386597320801
0.0174238394328707 -0.0153708422533438 -0.709870701437347 -0.533711632190023
0.0226492252395824 -0.051929013950914 -0.639562596053573 0.299759020841313
-0.0104628751733212 -0.0239327100725344 -0.0782952804824099 0.453909795843939
-0.0199746073029759 0.0179171749796451 0.16633530264008 0.122098340971222
-0.00703159405320708 0.0326470706574672 0.0965399206119945 -0.191421008194614
0.000409459364834894 0.020972908142942 -0.0805904589441665 0.173598240488903
0.00374611399766285 0.00478108580908901 -0.112057829424434 -0.111373540903233
0.0272821617263677 0.00157949711596288 0.171888593577814 -0.415940974410483
0.028572361117265 0.00972358124401105 0.599011907721137 -0.0988797029092002
-0.0416818440102245 0.0258091492311374 0.555002413951752 0.686007304065939
-0.0604346908457491 -0.0117289572878114 -0.290996277146541 0.893155471906534
0.00516019751784832 -0.0170598890449971 -0.594824903349067 0.314450646235748
0.00607545354215455 -0.00858336735893479 0.0289458478463576 0.0914510069589714
-0.00126821304653634 0.0277120224430782 0.583638364102496 -0.374512379167827
0.00887425000414255 0.0118278513986328 0.0992666227059722 -0.919421586104986
0.0215129146955545 -0.0157039535377854 -0.726673373160856 -0.511399688752728
0.0233314256441649 -0.0486775325256278 -0.625783044470495 0.308976061417623
-0.010354142803914 -0.0171271689846003 -0.0589861638399266 0.447394497957817
-0.0208576968737111 0.0228645750046859 0.174238616827256 0.118455015321529
-0.00418047355138949 0.0353056903004206 0.0921121601960079 -0.191910386087342
0.00257178181726733 0.0218628213226757 -0.0852421912799489 0.17258542707404
0.00223814519549443 0.00637789923449402 -0.110790261838647 -0.111215310755707
0.0260105164851153 0.0067105018399834 0.181403859246983 -0.418805385561668
0.0329372284376093 0.0152453481723379 0.602013560222706 -0.100256075227711
-0.0342842922182619 0.0305581380058861 0.544849706467558 0.687343954217463
-0.0612963941727575 -0.00265953644878097 -0.300428684615214 0.890695112718606
-0.0110552305406913 -0.00927901030678254 -0.589030261155004 0.314482259948803
-0.0133523254297098 -0.00215159484072287 0.039600123862815 0.0938308275046238
-0.0124558184290327 0.0373069119655665 0.586099847405437 -0.37765701464331
0.0129143963986701 0.0190927396436633 0.0912588915623063 -0.92215176577201
0.0283366861874907 -0.013331549384533 -0.731341438964511 -0.50989036826483
0.0261848023046798 -0.0450835752147481 -0.618754921514765 0.307109463187294
-0.0118280737615081 -0.0113605215887814 -0.0480790037515304 0.440145259226641
-0.0209218226334649 0.0261923027466979 0.176018607354557 0.117197754632582
-0.00212834670798026 0.0374095437007179 0.0865032853736629 -0.192575282556249
0.00329722877585498 0.0218228969335289 -0.0898178895202572 0.172023925628482
0.0003213776487366 0.00776377610920865 -0.112916577425527 -0.107623923918687
0.022980666019779 0.00950191333534976 0.180466632676869 -0.420309597494242
0.0391911673166039 0.0196193369106339 0.603531249720257 -0.116785034588525
-0.0237268890166241 0.037313355460568 0.55567362281885 0.671144754435128
-0.0602546164805934 0.00973252059560913 -0.285114271236642 0.890380755890364
-0.0294390469702668 -0.00127504178165896 -0.581470853526739 0.324253738856169
-0.0347639521100007 0.00160648789472558 0.0406713479285368 0.0980610894972413
-0.025909321009841 0.0467746811394301 0.592343822558985 -0.367699241272297
0.0167550335041464 0.0282730556486943 0.107387056470915 -0.922700532384725
0.0393944860246036 -0.00979884303088932 -0.724745517205325 -0.528622373409974
0.0309994608583709 -0.0407564332067354 -0.620208983031393 0.290524375190206
-0.0135097364614237 -0.00919967035796315 -0.0497717764925403 0.437429601061616
-0.0232379075689195 0.0267162761645584 0.173877769786476 0.119371574934983
-0.000558880655492642 0.0382665593206729 0.0835225064598912 -0.193555315176613
0.00398888606058035 0.0217721811335537 -0.0906052727017578 0.171861556997861
-0.00252916699644836 0.0067058693788452 -0.122912560361585 -0.10193511383004
0.0212049811476208 0.00942446954501465 0.168532556363702 -0.424285642518017
0.0454429310943129 0.0238438450341204 0.600079793070654 -0.144279277918482
-0.0113393092857611 0.0459673158826606 0.581700732237423 0.640692913458111
-0.0591186667863085 0.0220954891964562 -0.24946613362895 0.896516861151586
-0.045308342669672 0.00608385062203453 -0.57104247530734 0.344682216073996
-0.0533023312795205 0.00428543914521587 0.0327441430068451 0.104309629630956
-0.0378636478883128 0.0549910622379204 0.602588477552258 -0.351502386000272
0.019507022351765 0.038993800989176 0.143029728066975 -0.927426739616707
0.0499355072044163 -0.0014877314706261 -0.703182989028028 -0.564393202154443
0.0364960212385591 -0.0350442420296757 -0.628973165372614 0.265609145264224
-0.0166966355601887 -0.00772961955625226 -0.0608060275256698 0.440155619852832
-0.0260119249536179 0.0250594932944525 0.167132346871926 0.125541946280619
-0.000187148997573677 0.0386688424697402 0.0818858129330085 -0.195552756237622
-0.00960160126938851 0.0143881744235066 -0.0640711592420618 0.173696648218908
-0.00191703145984543 -0.0153661314386793 -0.14910043816874 -0.0876943515810407
0.0197988514576073 -0.0236488864965234 0.0710437041951298 -0.403461357087287
0.0351463309077149 0.00472107588866705 0.540816730086842 -0.202249075456016
-0.0208159986091677 0.0398472559582893 0.687322391270793 0.525144655944084
-0.057908652825996 0.000273172059684775 -0.0761730441200441 0.90636192436153
0.0100316367637684 -0.0333374218887506 -0.565152994540186 0.407628662386951
0.0220718794556429 -0.0309740140554248 -0.0564561722405666 0.104441690050195
0.00880493759717443 0.00706928045544869 0.588655855782325 -0.28603904936049
0.0093867388553008 0.0125005178822196 0.288913755711509 -0.891970936623699
0.0319820378981897 0.00276144698071129 -0.603886196852672 -0.656619469737888
0.0341234161598949 -0.0477187495833876 -0.689192708687811 0.211473829179861
-0.0137413525840952 -0.042114262572488 -0.14980285249713 0.465958349406377
-0.025873791873265 0.000446184013702828 0.134738404423424 0.14632878332144
-0.0155589818911891 0.0268084651368288 0.109204125812239 -0.190440934484349
-0.00759028043042052 0.0155542580433368 -0.0642988837159097 0.173991170632407
0.00146817986349788 -0.0101619809271709 -0.138161986239379 -0.0963277136682102
0.0239755797418072 -0.0198770176170264 0.0962726752168148 -0.406025653319612
0.0295692176423358 0.00388413014097576 0.557759326441504 -0.169798717318222
-0.0321580592420396 0.0333231166174992 0.654408443962986 0.575675539468407
-0.0613969378313711 -0.00825303727360569 -0.135800315277783 0.908196569003036
0.0189119007398653 -0.0342318664458112 -0.578346568953615 0.379206554730659
0.0294662179756867 -0.027863323070567 -0.0330383071643885 0.0973030798797266
0.0136278263163972 0.0076981752117549 0.584920813414255 -0.314765526855683
0.00881858868215908 0.00666487781534788 0.227924184783526 -0.904212129325679
0.0246046038943477 -0.0060114604230835 -0.646397333699318 -0.611178878997584
0.0292595161639415 -0.0517178592436194 -0.672045463888834 0.248011941147188
-0.0127729733296342 -0.0377967755077041 -0.12592797575891 0.462595435600298
-0.0236314333904292 0.00660297493293654 0.145632355231242 0.137110817924418
-0.0129692589251447 0.0283193293715848 0.104743633241878 -0.190309531785947
-0.00506146141496426 0.0176186343600843 -0.0678691607454244 0.174651027053156
0.00351111563741489 -0.00513209582530817 -0.12747640548664 -0.102938874266397
0.0268310790119753 -0.0129971577641633 0.12195654260925 -0.410099026656445
0.0276220934821272 0.00311587169734978 0.573441326730073 -0.141391938133928
-0.0402640164306512 0.0287716135398044 0.617433636642271 0.619562164082306
-0.0612927507067823 -0.0141794788324062 -0.196246517215882 0.906053227027229
0.0208291937755195 -0.030845458147873 -0.587069193369733 0.353691252010444
0.0295527941759687 -0.0227076711886481 -0.00992272620060557 0.0926045440169313
0.0129980602022615 0.0115866026854687 0.577625756871221 -0.345131146057255
0.00668294068733585 0.00507749708465574 0.168067365889747 -0.912084867451588
0.0192802921374295 -0.0117134860574835 -0.685229395169419 -0.560770666358717
0.0230781181824912 -0.0531568258956447 -0.652567050851978 0.283491776672998
-0.0121244011095874 -0.0306913480866228 -0.0959332012207781 0.460324278438754
-0.0221495147215741 0.011917765505876 0.158318560693138 0.12790047857954
-0.0101752916927596 0.0311504524041045 0.101250159961612 -0.190304007528415
-0.00127551719896617 0.0187990846307866 -0.0728926739460921 0.174451975993255
0.00368790265323693 -0.000545854758032449 -0.118753096141824 -0.107718788925567
0.0275475171740442 -0.00591739330309722 0.146194510880867 -0.413102375570808
0.027388834528675 0.0051118381784802 0.58553017575231 -0.118035007882945
-0.0439302296578545 0.0256755628080862 0.585343812915557 0.654281936881342
-0.0610344811440141 -0.0151491247023755 -0.245098564783939 0.900803884887387
0.0160861941153018 -0.0252416903670138 -0.589222568140197 0.332114386603845
0.0214007813915492 -0.0158658938157136 0.0123262836851294 0.0903833215478183
0.00701690146642193 0.0184283589043127 0.57726207130418 -0.365518211540278
0.00629939761440129 0.00748583424341042 0.119562091531259 -0.915756482539033
0.0173297962235292 -0.0154544375153303 -0.714302278992128 -0.52231666811819
0.0219089132135848 -0.0514126953144931 -0.632027403904612 0.307811771659812
-0.0111086657934233 -0.0236257406969772 -0.0711452900345768 0.452271303181776
-0.0194384272753149 0.0189965035344312 0.16727433777471 0.119963095624912
-0.00635021782798766 0.0329158039160461 0.0942335028747432 -0.190827423193625
0.00105830506007527 0.0204955606935421 -0.0782961680810423 0.173903438977092
0.00310096479578238 0.00452979302375338 -0.112654869611928 -0.109441105258536
0.0265250971440663 0.00128513412437614 0.164054032755517 -0.417008487262616
0.0289801954642673 0.00867882545185049 0.596193025398732 -0.107813094902633
-0.0404930406353743 0.0271152123051468 0.560795930341268 0.67353093990566
-0.0603489021899935 -0.0100943754167207 -0.278391426725046 0.892172374082136
0.00552650371831775 -0.0172957073050161 -0.587260793596024 0.322262377931716
0.00594545772917974 -0.00875098799360914 0.029774280979352 0.0905241089090516
-0.000877087597765747 0.027613621193427 0.575438198322063 -0.378287106893482
0.00854801950880317 0.0123973717948953 0.0882138018936858 -0.917493429179076
0.0208213536494557 -0.0161583058668114 -0.72979396053168 -0.500238077416626
0.0215555679180035 -0.0493739646467986 -0.616868094664146 0.317498993719508
-0.0112958369767577 -0.0170229067815395 -0.0525878285647825 0.44673593202033
-0.0191558717023322 0.0235214002733719 0.174832777663042 0.115261946173502
-0.00325204066021068 0.0352174531006637 0.089734367185718 -0.191987644152722
0.00355297918135203 0.0214168111989064 -0.0828954736481292 0.1721802414806
0.00173743631607616 0.00657564521362223 -0.112175863179407 -0.109416533501983
0.025233037567291 0.00644327080444955 0.175149141190257 -0.419001738397905
0.0335242701105668 0.0132336981699036 0.599064572258171 -0.109406791226033
-0.0341986557696881 0.0310314511583082 0.550846376669043 0.674449630278751
-0.0604662894409061 -0.00118891832567182 -0.288292474122737 0.888198981171955
-0.0106560127658318 -0.00941037480971294 -0.5825730634812 0.319433241738436
-0.0127220935625858 -0.00257005908731854 0.0397276196477618 0.0926041324439087
-0.011280441666929 0.0375980987738966 0.576923385915142 -0.382269803386617
0.0125669825506957 0.018976353132427 0.0813893766082057 -0.919482053871151
0.0277281509769279 -0.013777823847599 -0.733554570301556 -0.497842034409431
0.0248296726711655 -0.0453742659391345 -0.609244975325443 0.313940179813578
-0.0114479211024953 -0.0107862398191728 -0.0438213124964184 0.439538461461145
-0.0203724997157151 0.0260922294941097 0.175980545535085 0.115122424440474
-0.000790974657827953 0.0376340547236964 0.0849107575261354 -0.192873781609212
0.00447311015364552 0.0216836229484968 -0.0873562913647417 0.171677258499554
-0.000839388888566432 0.00793190882990433 -0.114609495517233 -0.1062133785823
0.0233520198734568 0.00908034241421516 0.173930315637383 -0.421281404363006
0.0387536370532887 0.0185961606677479 0.598507475629328 -0.124283010085101
-0.0230057421669612 0.0384661845926414 0.559037675793497 0.657515076169349
-0.0603080662495327 0.0102027115161939 -0.273600202572606 0.891250173800076
-0.0286552845868548 -0.000352035029826406 -0.57236000457282 0.331107839883851
-0.0344914431556656 0.00214723200846339 0.0408990440652086 0.0966510021567708
-0.0242133443497285 0.0481457238937504 0.584805481978589 -0.374342884962542
0.0166620414302392 0.0284974179820663 0.0976987166422216 -0.920267924662285
0.0388353809102033 -0.0101090876422269 -0.726222860593705 -0.515760435883871
0.0301613583107089 -0.0411396237164425 -0.612302136624669 0.298163278670986
-0.0143007923496452 -0.00858831212821216 -0.0447607614061685 0.436529363351222
-0.0226660129432317 0.0274432861136949 0.174927150112437 0.117358228334494
0.00131890162831838 0.0386979237582244 0.0810810281348044 -0.193533500475434
0.00444918004447594 0.0210813285481346 -0.0887344346546106 0.171604378290843
-0.0035730553688811 0.00664520041180497 -0.121603198784603 -0.100781147999276
0.0209125742286931 0.00974616422078294 0.161488787295278 -0.424282820886716
0.0449134343908252 0.0233557150479967 0.595548681104757 -0.150707023495631
-0.0105589328483166 0.0458472318016567 0.585443893623158 0.629774036106803
-0.0592364182827308 0.0228291252894032 -0.236717532334231 0.895087855966452
-0.0448288891205523 0.00652425096622417 -0.564882694101313 0.349208111207952
-0.0534438075249517 0.00470320686297645 0.0336981445488982 0.103009238810162
-0.0373335936763761 0.0539196784194131 0.593517418819948 -0.355804186461787
0.0205427580576628 0.0382588808333425 0.133354358187426 -0.92303266997629
0.0504879382027509 -0.00273490606065869 -0.706458815025626 -0.554963762495982
0.0360830243574926 -0.035312110370855 -0.622403349217297 0.272669960003976
-0.016605032118183 -0.00728209672071699 -0.0540050805990009 0.437047887696008
-0.0254293508829259 0.0253759842038124 0.169300530278351 0.123623139824568
0.000659448518583079 0.0393817394781721 0.0802875154025786 -0.195216335682
-0.00923264978708299 0.0136690143788739 -0.0619080973676364 0.173954524886175
-0.00126655758088999 -0.0148423560103868 -0.149703600777526 -0.0856556875134676
0.0200042560102729 -0.0231745176299192 0.0647471683919352 -0.403415651007353
0.035317762204253 0.00392591925991473 0.537448540526874 -0.209061495589619
-0.0199980467469695 0.0403069665784135 0.688744461944022 0.511455022903668
-0.0569314673484916 0.0016509840678316 -0.0669012473994628 0.900454984143129
0.0102442446733751 -0.0329424407923161 -0.556959143434831 0.411858109688319
0.0214339105950739 -0.0311130928210764 -0.0544901907998673 0.1044155632394
0.00954016606730426 0.0069256317347595 0.579776494575512 -0.292144049256259
0.00946542598653912 0.0122621374425861 0.278484331564178 -0.889461567254528
0.0326147912716167 0.00238961096211257 -0.607367338870583 -0.645449893739839
0.0329232744776569 -0.0482904142066729 -0.680124557748993 0.218977537151091
-0.0137488373896462 -0.0418617086457941 -0.143636791444101 0.463491402911941
-0.0251042715837253 0.00052579158253729 0.134693135556364 0.144683382713985
-0.0144965971712319 0.0256655213490248 0.106148874442902 -0.189750018863425
-0.0069031415345992 0.0158044195096182 -0.0623508480072614 0.173513662374478
0.000716506545970728 -0.0105898894510003 -0.138706832777571 -0.0940045674555836
0.023436111455637 -0.0197563231530011 0.0896480144903285 -0.406166377003986
0.0296243906966076 0.00268992445305744 0.553899923843263 -0.176037345521776
-0.0321799232797915 0.0334966252988566 0.656761670023475 0.561633713897007
-0.059667836422379 -0.00784926910241858 -0.126210626765871 0.903339650891378
0.0178853537245385 -0.033123905319882 -0.570573979684003 0.384161456388741
0.0291478689774844 -0.0280344427631167 -0.0330262638554001 0.0969525404448489
0.0147249963829142 0.00665177424574868 0.576200594731071 -0.319886491182678
0.00781966155570583 0.00572434544537018 0.216511507514373 -0.901589751123961
0.0242341023022155 -0.00480986943399665 -0.64837329903411 -0.598303870335352
0.0262495547951709 -0.0511487385103849 -0.665998605905074 0.255422669512112
-0.0139409091739478 -0.0369437043580074 -0.118393428169723 0.463840863150144
-0.0226381291840436 0.0064495994139768 0.147063669964261 0.134402714479418
-0.0117975674399128 0.0277150341174189 0.101863354234003 -0.190896678804779
-0.00450336752542885 0.016314311973502 -0.0661213993222107 0.173975981903051
0.00325339435477128 -0.00509447139879836 -0.127572126501081 -0.101496136885748
0.0262811197450095 -0.0140808589594536 0.116208440281745 -0.410146660112559
0.0276817482817954 0.00231088512691358 0.569861439865689 -0.148598757255897
-0.0394272619047679 0.0294308811268573 0.622436692890028 0.606116191306469
-0.0605862873101972 -0.0130348367670945 -0.183014754558553 0.90054948193452
0.0205157949129929 -0.0317198271904942 -0.579778987432139 0.35885242041403
0.0285354342592282 -0.0230078157966119 -0.00978487452319626 0.0923066479992509
0.0144736341310817 0.0109977416729805 0.570717105127735 -0.348754128897939
0.00616274411216207 0.00565727591185594 0.15775654793546 -0.906342930691644
0.0187863297310026 -0.0116861841821692 -0.687849931614866 -0.54880261774862
0.0231491645243993 -0.0529055312864619 -0.64286864406857 0.289593879768459
-0.0120660150965893 -0.0307913747298621 -0.0893014763002604 0.459194696491405
-0.0210480013821636 0.0130426369981094 0.158682087231069 0.125759933397281
-0.00955113029533705 0.0305722253433722 0.098504433396621 -0.189259722838217
0.000119399714556476 0.0187976888746976 -0.0707216025733116 0.172914272207372
0.00309528531475377 0.000485041999391521 -0.118543466799902 -0.105618917605701
0.0266213645960734 -0.00640855184608351 0.139680551304915 -0.414003386881354
0.026874064659366 0.00393756492125726 0.581873018938845 -0.12547001232306
-0.0421033951983953 0.0264954172160101 0.589480781759538 0.640400461490652
-0.0607016712508914 -0.0137741608580304 -0.233537826556298 0.897147726729657
0.0159904758452793 -0.0246627917964326 -0.582352796676843 0.337696741903065
0.0208622315164475 -0.0161691669409785 0.0133262896045715 0.0888063451802493
0.00834951202918554 0.018312692505039 0.569406027244332 -0.369974185670232
0.00701317863907203 0.00691520388193937 0.108117487903474 -0.912610937131201
0.0185915646020813 -0.015417832804565 -0.713863517377042 -0.511935855064187
0.0204702729026941 -0.0524386042228274 -0.625450519392354 0.314038361141114
-0.0114322034118643 -0.0231734016826362 -0.0638733573323357 0.451823642275566
-0.0194355740625876 0.0194678042370364 0.168514421173521 0.117775029750199
-0.00555315202267994 0.0328628204602947 0.09216060107761 -0.190732043589421
0.00250605592863543 0.0198089826033131 -0.0753938978372568 0.17283910400286
0.0032253666689517 0.00487458539432102 -0.112593776565351 -0.108864621089103
0.026963774374772 0.00103359711879429 0.160510694697703 -0.416654092766058
0.0284800051424808 0.00728882654057782 0.590589805138731 -0.114385771977597
-0.0399351648104821 0.0272528587787752 0.565623636211105 0.659216416171828
-0.0603812588238359 -0.00944285541779949 -0.267197631889585 0.889285313135015
0.00556264524919008 -0.0166631323521493 -0.5797638088499 0.325165683963692
0.00604101967282642 -0.00897940815120442 0.0310853341971762 0.0879977748304004
0.000128498845240936 0.0265477095281088 0.567188897971688 -0.382628520171688
0.00842579551896457 0.0123578107391682 0.0803565771219954 -0.910278552766578
0.0207265881285802 -0.0162453419540053 -0.731673602632022 -0.488665828480685
0.0211677044214092 -0.049556913708012 -0.611059197380024 0.32408010089106
-0.0114359249564474 -0.017176203279101 -0.0461863499684403 0.445226327888438
-0.0191435644883958 0.0242955205848974 0.174692291335811 0.113669975906136
-0.00243366994781895 0.0358013400501219 0.0870964582560264 -0.190814890286213
0.0042238386741988 0.0201597205437967 -0.081117672723387 0.172534901732056
0.00191993265011567 0.00732228501766855 -0.111836303397489 -0.107357620308247
0.0251375487033577 0.00656386990843955 0.167858053865932 -0.41788815746753
0.0323428434499076 0.0128179903718431 0.594637217432329 -0.115239928522272
-0.0334146299866958 0.0319827712550818 0.556123537738716 0.660913589713573
-0.0601207986450382 -0.000449537932962808 -0.27701028335446 0.884186032826353
-0.0101897919343989 -0.00896567731787959 -0.575049232077991 0.323681721928561
-0.0133708934524639 -0.000974606404667259 0.0404714897100714 0.0914145393839655
-0.0109663669680511 0.0367702853890699 0.56870354164775 -0.385800730680595
0.0126825558864331 0.0184811964118262 0.0698747957320166 -0.912376773379687
0.0273960440936859 -0.0145917522548341 -0.73513803111316 -0.486558984943492
0.0233572996344129 -0.0455340989259526 -0.602775422711601 0.32139373901398
-0.0125715897773199 -0.0111845716361412 -0.0364622805257038 0.440004876786455
-0.0198828472157876 0.0274137444381939 0.177457950268155 0.112100523541439
5.00790213311363E-05 0.0368131239883003 0.0817788877132991 -0.191974966857304
0.00499919211366691 0.0210083308744987 -0.0851280853367355 0.171492420132266
-2.78146789757924E-05 0.0076251453362984 -0.115227883053875 -0.104047962709069
0.0232388102199339 0.0100187751551373 0.168208953684833 -0.422140034094702
0.0388537507191007 0.0179415403318907 0.595607056484969 -0.1304773895262
-0.0225655902908315 0.038452110309332 0.564716135230683 0.646230352245186
-0.0594204213897116 0.0108672809902926 -0.263617397541509 0.887070004372209
-0.0280029301028706 -0.000576213771706163 -0.567263441322949 0.33393150356299
-0.0342766075270837 0.0025546046476745 0.0418209241302299 0.095284414937744
-0.0228175635751685 0.0458462841845954 0.575413187833041 -0.377597950673886
0.0166388515393566 0.027481198591369 0.0855090357462935 -0.91513422992686
0.0386176985000231 -0.00999160095596792 -0.729123108491715 -0.504704718864944
0.0281874935132927 -0.0417081235146027 -0.605611299219574 0.304929343108948
-0.0141617459636581 -0.00754418928897639 -0.0377905157315847 0.434552921101861
-0.0228710717257609 0.0278206549677668 0.175274335271157 0.114711962034277
0.000828414203626848 0.0392846483616956 0.0791872721503229 -0.192766845411454
0.00484898439441349 0.0205299351072817 -0.086123560651009 0.171211179896693
-0.00357859199978823 0.00715697146278763 -0.122162940125721 -0.0985339488671048
0.0206146155529647 0.00887604547833394 0.155768135554842 -0.425286606231612
0.0449308469052896 0.0214881485814544 0.591658760251719 -0.157755533114695
-0.0105142705215207 0.046610290902196 0.589464482853333 0.615947701611168
-0.057956838250654 0.0234674205570611 -0.228335842385659 0.89048134501435
-0.0428659431843148 0.00651989073440297 -0.556192704753997 0.3517150214223
-0.0527966661597949 0.00570598692376723 0.033840502267511 0.10125247201074
-0.0356703898093897 0.0539228346199518 0.58498647015303 -0.359742587853188
0.0204356207967081 0.0369277475065026 0.120302842471631 -0.918757158054099
0.0497545288036306 -0.00342185650882626 -0.70899977739123 -0.540276248626684
0.0341012307847238 -0.0363006909779078 -0.615448100116915 0.280482929520492
-0.0170683760988309 -0.00806119412547057 -0.0494480651435727 0.43703740734954
-0.0248926103211619 0.0256436780682892 0.169198804288543 0.120831791716509
0.0010821443711577 0.0386943997752433 0.0773700401382525 -0.194160321447469
-0.00784857900537587 0.013958545756517 -0.0608527290349773 0.172583005654049
-0.00260374530533094 -0.0144560391144075 -0.149369305191701 -0.0840044640560876
0.0191742191326987 -0.0243087539360481 0.0597357517118534 -0.402265675175355
0.0344764750010287 0.00321936148840839 0.531873192505637 -0.211315521763606
-0.0202332542873505 0.0407738748899327 0.689956588238228 0.500888923450939
-0.0563434733932362 0.00193431914388458 -0.057735262015595 0.893615858439647
0.00943723141766625 -0.0339947355423231 -0.550587227367128 0.412629669836888
0.0205827795184428 -0.0303858909151916 -0.0525272587383357 0.103419156315375
0.00951337525474233 0.00632321174414176 0.57344880676123 -0.293092506435444
0.00968231319781757 0.0109358280397796 0.268364020778688 -0.886629660769977
0.0325810949416957 0.00239765248900431 -0.609376795095026 -0.634327468618413
0.0321816712205428 -0.0481899420714156 -0.673656841437576 0.225575284723689
-0.0138524332851485 -0.0416784973381901 -0.138265075370974 0.462700219408312
-0.0255430417332168 0.00200727226198479 0.134595773864545 0.143428662602881
-0.0136451379719108 0.0267261597831613 0.104643320880708 -0.189821686521159
-0.0051632315179592 0.0139460775322819 -0.0607520468251291 0.172652819227782
0.000730810892070684 -0.0101468264272334 -0.138245049272494 -0.0912984266741644
0.023322607185415 -0.0199396670247928 0.0855886118090652 -0.404397703683502
0.0301492111873356 0.0013840602481605 0.548426371495593 -0.182431398104539
-0.0317135854131516 0.034945439170339 0.656678993677708 0.550043300558425
-0.0582869676911092 -0.0064189202863047 -0.116791462139327 0.896889679069746
0.0180458210521603 -0.0339727182668188 -0.560652045614395 0.387004776492656
0.0280782903152917 -0.0287998347963257 -0.032819093274462 0.0978441505454959
0.0153141714032286 0.00559120411235724 0.566609280789363 -0.322989047194496
0.00772092557269673 0.0066060304958746 0.207507627967314 -0.896192668544412
0.0238279634480812 -0.00584663764222526 -0.649348998470033 -0.58828938514326
0.0263192466576763 -0.0510924041445697 -0.658319589155894 0.262052290341419
-0.0135305006537694 -0.0366370643426652 -0.112319684786529 0.462468852239539
-0.0231345950845197 0.00805899025262801 0.147374235717319 0.132280701265884
-0.0115126941055657 0.0289082361648717 0.0999321488210536 -0.189655898797976
-0.00340906306726068 0.0164033967044228 -0.0646988971286552 0.173146909385399
0.00226442670817552 -0.0055356675831675 -0.128149681207725 -0.0987776333928498
0.0254483896132603 -0.0120436263276675 0.110646612049745 -0.409077439757386
0.0276847586034304 0.00165042883022632 0.564445115998277 -0.152845115550198
-0.0392752893321503 0.0291674738854724 0.621990166381124 0.593205760066471
-0.0606261342309004 -0.0122383240307461 -0.175836876626983 0.894565900069869
0.020420112426371 -0.030880924586062 -0.569953120946739 0.360678951205103
0.028861152191112 -0.0227250838158401 -0.00882168484547763 0.0915040554857177
0.0142322378224846 0.00986684424299069 0.565003014954024 -0.349562992978173
0.00647797818501474 0.00487371379374382 0.149320549462989 -0.902799054911763
0.0185968229534849 -0.0111828260502402 -0.68755182984217 -0.539558964901037
0.0225702737933584 -0.0526234022366999 -0.635570258837742 0.296164034903384
-0.0125091765654316 -0.0305909730301024 -0.0837260695071809 0.457182042329609
-0.0200048482297629 0.0131942301244349 0.159726943193131 0.124093577206447
-0.00879611511600531 0.0312324036776372 0.0960943496955514 -0.189195401516736
0.00115973109871677 0.0171948896914805 -0.0686085890099354 0.172259395155331
0.00364654424903951 0.000496058835831079 -0.118402307976392 -0.10403358433731
0.0266704552777449 -0.00589365659997454 0.134749449502981 -0.413021845789023
0.0261521430129011 0.00498344402122845 0.577098006612596 -0.130919454550794
-0.041687294758351 0.0273300515926435 0.590443956251562 0.629447663064159
-0.0594415810087433 -0.013061018761497 -0.224792437075753 0.892368053394275
0.0155235913131703 -0.0251502906369072 -0.57401405176323 0.340412851363856
0.0207620595695614 -0.01592514514932 0.0140614228162599 0.088393291131007
0.00875603396630336 0.016860853436194 0.558776290509576 -0.371866095338003
0.00675301619193477 0.00540543495074477 0.0984707871196838 -0.904442522104876
0.0169223600043971 -0.0154421468846301 -0.714619868146675 -0.499433865772621
0.0192478496596097 -0.0525321313988519 -0.617424606291243 0.319846059024812
-0.0111204129163279 -0.0231315176788789 -0.0587536130553926 0.45035155021211
-0.0183280316518168 0.0199916758738832 0.168252142053371 0.115473323931977
-0.00449059239076133 0.0337996399836012 0.089584787559122 -0.190486239230162
0.00314432081440225 0.0188922528866665 -0.073875165989016 0.172160206207425
0.00242062738825188 0.0050678491832754 -0.114200800531162 -0.107103859706506
0.0263399859328813 0.000785606536126731 0.153305505351524 -0.416468377858972
0.0286396443282875 0.00730220194250505 0.585043241960072 -0.120819468847022
-0.0397169720874191 0.0280150145616165 0.568960366842602 0.648630660604388
-0.0597689123436023 -0.00842989774164916 -0.257915577990964 0.885153421542673
0.00609010739110595 -0.017728029381112 -0.572613290487414 0.327574404941468
0.00589858319419585 -0.00793908118208434 0.0317982989757721 0.0878131133483357
0.000913240160479909 0.0269904615041165 0.558260482692355 -0.383969748314325
0.0085431903420354 0.0114871094965583 0.0701126506741169 -0.905008507626204
0.0203326643961883 -0.0162752511052334 -0.73122183561441 -0.478305780514229
0.0194774855234724 -0.0505147390634353 -0.601826321907788 0.329356627728771
-0.011428131719761 -0.0160339671505697 -0.0410963295243741 0.442232428023256
-0.0182844678794897 0.0254085570226233 0.175605804579844 0.111880561772433
-0.00175542876641257 0.0352467170613716 0.0860842652085614 -0.190562177495879
0.00479628915596282 0.0199903793730823 -0.0797857018474806 0.171403566930504
0.00193952266558618 0.00776078572439531 -0.111636226542115 -0.106707958658033
0.0253756082915863 0.0051577043625431 0.160685782931505 -0.419066723465604
0.033152861403043 0.0113080639482697 0.591948419978788 -0.122351606724534
-0.0332917071372133 0.0329536869128227 0.560234974565823 0.649646018083295
-0.0595042864902717 0.000227159066326733 -0.267224050457759 0.87982874679676
-0.01022378526655 -0.00892604215476959 -0.566589396027627 0.326147294120365
-0.0124212911261253 -0.00219781598014494 0.0414497474937692 0.089459908582476
-0.00994483259951103 0.0365971189840514 0.560904313337849 -0.386805481205852
0.0123922405668172 0.0180290659581755 0.0606200085013693 -0.907263233911396
0.0277689791449993 -0.0139404886695339 -0.73565919539174 -0.47689528102835
0.0229838185529248 -0.0467282200366682 -0.594732110759597 0.32505692579094
-0.0128416645788251 -0.0109706504982903 -0.031670389037871 0.43742822565416
-0.0191064566319271 0.0279242997963508 0.177419292306027 0.109759000282035
0.00044326383858044 0.0376201790656039 0.0801754940640718 -0.190962760852535
0.00573164895958139 0.0213115933010969 -0.0818284803367733 0.171224775170527
-0.000322861344545128 0.00807671089908726 -0.114318018268901 -0.103264611515798
0.0240241313907689 0.00892336950880472 0.161081064417938 -0.422675593892278
0.0382697968743342 0.0165276744792167 0.59009141121599 -0.13652183447962
-0.0220906564978628 0.0387171596426794 0.568830197625972 0.632263353994264
-0.0575473154625801 0.0110852319940112 -0.253638590146339 0.882939653344435
-0.0280977384291749 -0.000985630486912168 -0.558679032896016 0.336037255590586
-0.0341825960699695 0.0029171246552986 0.0426016905774069 0.0942385085540889
-0.0226723092136862 0.0463055018576482 0.568091620403796 -0.379685824418969
0.0164075359622628 0.0266740865718184 0.0752881462190045 -0.907608431507678
0.0374042024425499 -0.0103895581668389 -0.728064755853472 -0.494067654863409
0.0278823443874116 -0.0416893262043557 -0.597406234269076 0.310706465781593
-0.0140132174993467 -0.00786362832797576 -0.0327175458313135 0.432651961013138
-0.0208614512747391 0.0286957279089476 0.174622335483235 0.112687167519693
0.00270650677603851 0.0390725545652846 0.0781284459461437 -0.191634449921704
0.00589538367910937 0.0200909778936128 -0.0840390202457131 0.170528896480827
-0.00274486055392294 0.00705767798384018 -0.123160257854794 -0.0974465892987716
0.0213952800174245 0.00916211730677944 0.148689858907755 -0.424766168288308
0.0445633102322632 0.0202797336445978 0.584789502414776 -0.163166555900104
-0.00925530502272012 0.0468624030150816 0.593139867462571 0.603726712267779
-0.0569113107266601 0.0238805983721657 -0.216189467032957 0.885291581487826
-0.0438810253360221 0.00646256674618124 -0.549355606752944 0.354284400712355
-0.0526184357574285 0.00643620420012166 0.0353165922168013 0.10058037906224
-0.0348392744354706 0.0535926533371364 0.576767604562901 -0.362109960623932
0.0208213806827623 0.0373456870527819 0.111521898700551 -0.913691636968063
0.0495019369353284 -0.00318166259910275 -0.709608068421398 -0.52951381293262
0.0336023653585049 -0.0364216889915439 -0.610071165331822 0.285713196982711
-0.0164461221786757 -0.00794897017592767 -0.0430179559637691 0.433267144656221
-0.023165521017106 0.0273007739990372 0.168981330876922 0.118233812688576
0.00208689371134682 0.0391006215866711 0.0759363250648631 -0.193579651905239
-0.00719995994223109 0.0134723033621726 -0.0586884827300165 0.17154092495513
-0.00305323571522571 -0.0137814837155815 -0.148022822351233 -0.082652552120751
0.0193137065828629 -0.023836762324361 0.0554492620278657 -0.400675196821669
0.0334102921203578 0.00178858895561115 0.526684100583295 -0.216602079569116
-0.0197901490061634 0.0417045264595325 0.688576456197028 0.489097497250155
-0.0561754716823411 0.00362671326529997 -0.0489416504033295 0.886169508725553
0.0101305650400007 -0.0337471329533018 -0.542912829298901 0.413633649641245
0.0204383383872188 -0.0302863740598525 -0.0518364590595905 0.104467548014142
0.0098327290328761 0.00596478980823361 0.564842676700815 -0.294425601610103
0.00950450345032079 0.0104251492676974 0.258707359795424 -0.880462261506379
0.0317284759882049 0.00181982449949846 -0.610825869919231 -0.622687908724689
0.0308027633688861 -0.0481409355641883 -0.666221526246012 0.229641017818472
-0.0146197637660658 -0.0419631338174525 -0.131927132949898 0.46165486012351
-0.0241486558863411 0.00206148398690576 0.136301990427841 0.140064757417309
-0.0129536682900148 0.0265617180472609 0.102334794068588 -0.188334475810948
-0.00522794323266639 0.0129717944568893 -0.058664070463241 0.172315977812579
0.00139354749702188 -0.00971827824373993 -0.136907566997407 -0.0904411465964404
0.023306767344621 -0.0206614712158703 0.0801641556369682 -0.404402306214051
0.0290239542871946 0.00120878129764142 0.542186670337426 -0.186303674431209
-0.0307512846060322 0.0353071597843874 0.657153630730577 0.538400441705597
-0.0586533368145637 -0.00580608190169351 -0.109018891474835 0.890709876716242
0.0174541392525093 -0.0342680427762244 -0.554435683780905 0.3881196680881
0.0277844538803189 -0.0275526396730535 -0.0313805761280162 0.0961978615249039
0.0139989422134909 0.0063355073132517 0.560065920814779 -0.32259679088955
0.00785808924237789 0.00636012876331736 0.199281586483018 -0.892623876335815
0.0247932309318172 -0.00630315845963365 -0.6503900176474 -0.57859665019466
0.0255797472585892 -0.0507200223230396 -0.651564274126253 0.266517216531034
-0.0131679330146825 -0.0362603664063779 -0.108745522015744 0.459781636188741
-0.0230099801581602 0.00851330675879016 0.147636436305589 0.130977267074629
-0.0100872602399666 0.0283117468876161 0.0975303651419716 -0.188424948792046
-0.00197798937072665 0.0154710674695456 -0.0632551889212387 0.172211851112629
0.00288962829115381 -0.00506778113851377 -0.12682073165389 -0.0980547397850032
0.02590681649297 -0.0136244275597507 0.106612091710184 -0.408214392321115
0.0262707998387404 0.00109392474179282 0.559806773767533 -0.159276073223536
-0.0387102341568551 0.0309869309167412 0.623429496358072 0.58184087109038
-0.0595213042129451 -0.0116448038086559 -0.166923178706363 0.891212799398393
0.0203577546351279 -0.031552258651382 -0.564172156901603 0.363076513180401
0.0279883403023178 -0.02244346694485 -0.00758438317514938 0.0908711507207085
0.015259537256893 0.00981594691078428 0.55505485448748 -0.350876132400093
0.00597844271301619 0.00446025082093608 0.141337695189639 -0.895973843634722
0.0189899220411271 -0.0121541090193614 -0.686182630072843 -0.528541595112701
0.0210765731532383 -0.0533828616896245 -0.630948108927107 0.300485396830636
-0.0119561480010433 -0.0301362944999962 -0.0802803222128489 0.454818255430644
-0.0199869477912848 0.0145065243773616 0.159423172195979 0.121772750795884
-0.00788966813412783 0.0310611910024503 0.0945542514967727 -0.188288917151841
0.00103342944289887 0.0164374496412246 -0.0664954388169131 0.172625729537533
0.00344980900699375 0.000382053788236554 -0.118832508055283 -0.102990942057759
0.0268629116377524 -0.00660837798718874 0.129986413600815 -0.410863328900345
0.0261586819823424 0.00368322962148671 0.57304016944763 -0.135437024851452
-0.0415501724100023 0.028000879887062 0.591721928605455 0.616974863037873
-0.0595617279501962 -0.0126555870151303 -0.217009436454637 0.885865106231648
0.0166413154205366 -0.0252182066043588 -0.569471218705974 0.340995666136139
0.0208106642670208 -0.0158225043781371 0.0142132363020511 0.087367529482029
0.00884421001726648 0.0163107238167579 0.553018197264559 -0.372895128795915
0.0064086946290371 0.00642662251314171 0.0941932998479072 -0.899259273242911
0.0167712444874332 -0.0155802170208134 -0.71381877593804 -0.491489202700692
0.0193263695205135 -0.0516120330982439 -0.610665651195173 0.322650801694646
-0.0120482031186246 -0.0236537920751888 -0.0540569575001896 0.448612141620888
-0.0189920103420573 0.0207658183421847 0.168804499465355 0.114124698455705
-0.00427408829805784 0.0330278056733655 0.0883995503333943 -0.189621930623136
0.00373682284071527 0.0187735823581332 -0.0730797026483735 0.171592564937595
0.00263294412100397 0.00458832338447191 -0.113218333215923 -0.104775832026778
0.0270473343266379 3.80775190064807E-05 0.148140436323806 -0.416407892096082
0.0278872810904478 0.00647427683505905 0.582073580913352 -0.125536314059291
-0.0394332593525747 0.0297632952998724 0.568104555075462 0.638492953837027
-0.0590941798214136 -0.00851003439024299 -0.248463913991934 0.880792582824986
0.00612410216811598 -0.0181051271984427 -0.565802608873313 0.32913533469206
0.00542952855739504 -0.00844953587292697 0.0315815643197588 0.0862129006976217
0.00137713348574651 0.0256069854363715 0.551178189693077 -0.385052119314452
0.00863137577764529 0.0114806446440455 0.0627390829982701 -0.899495901559049
0.0197020741706154 -0.016567756416433 -0.728242831586241 -0.468630669762176
0.0184129404272127 -0.0501388085603308 -0.595042429768031 0.331555835012994
-0.0111091292863184 -0.0165525047653098 -0.0359727459437531 0.439187946275582
-0.018266726307363 0.0256118697055985 0.175554213911836 0.108471307443462
-0.00192407454880898 0.0356691162233721 0.0832660624594697 -0.188812380809269
0.00501216837259799 0.0184276787546046 -0.0771473892309724 0.170679972133143
0.00124571717845756 0.00741109322348671 -0.111311899768533 -0.104733808657935
0.0250099542329028 0.00555051369953779 0.158270491009967 -0.417914884651594
0.0325415445590342 0.0115597630007622 0.586583484355446 -0.126068467298911
-0.0323851094464336 0.0341012535959526 0.561714047842206 0.63905965301866
-0.0587423188726724 0.000987467318806282 -0.259873475245149 0.876684102881256
-0.00918732156797742 -0.00947366053347113 -0.560815887510415 0.328792471226348
-0.0131909124778347 -0.00183325220146304 0.0413792845968527 0.0884849911739734
-0.00922912728980692 0.0369365537924781 0.553428037990331 -0.38780317704644
0.0119566143179839 0.017499707224519 0.0565720055582162 -0.902339833713659
0.0263746384242073 -0.0147141117614458 -0.734373363555317 -0.464209276117487
0.0219963273473975 -0.0465038455054174 -0.587039142514284 0.329433452548934
-0.0125780335767625 -0.0118989834414989 -0.0262489965582412 0.434614991725239
-0.0186900736323215 0.0281429452064195 0.177104009626989 0.108527655700238
0.000965778041557219 0.0375690549097009 0.0793395617274574 -0.189992034547645
0.00518712013626461 0.0200305412519807 -0.0805651757297755 0.170350071431276
-0.000609227554875352 0.00788218830690347 -0.115187840158479 -0.101774001359395
0.023198611832898 0.00825696725597285 0.156552113907408 -0.420570045946626
0.0387675610300403 0.0162807406944657 0.584798991530483 -0.142367132531744
-0.0226527207467413 0.0398092469851512 0.5680642891264 0.624305736225436
-0.0575926549199355 0.0121765106717175 -0.246562715051416 0.877812593571797
-0.026509028203657 -0.000384297669815601 -0.553189518107187 0.33663109489265
-0.0337467006663302 0.00389487932148252 0.0426892803909774 0.093501131371836
-0.0217076943429122 0.0456861140971538 0.559447602420889 -0.381999177704496
0.0166821609165271 0.0261704669336997 0.0695338776540405 -0.901055834872511
0.0372752420784704 -0.00987933942548822 -0.726450861475015 -0.483933274373988
0.0263900978985395 -0.0417073067408799 -0.590369058934848 0.31397133975138
-0.0149899566136354 -0.00771652378098885 -0.0281501179650574 0.430647322862821
-0.0203420513164272 0.0285482581581203 0.174774300766073 0.11104439773342
0.00274900519177767 0.0385572205882627 0.0756659075299063 -0.190065577028282
0.00678645658662135 0.0190217518092469 -0.0817267868662017 0.169917372604272
-0.00300410721410073 0.00707041171851442 -0.122086015574811 -0.0965407581128318
0.0205947745899781 0.00832500280890636 0.143650834009816 -0.423031059103817
0.0443499536353624 0.0201033575097336 0.581536032516639 -0.168464487276304
-0.00913283578535592 0.0482005104740439 0.593506326848372 0.594074502924324
-0.0556633158113409 0.024109690503672 -0.209879051192259 0.881797775122905
-0.0426761203124987 0.00603640501140728 -0.542980133255905 0.357823879348803
-0.0528948686280129 0.00655395332765814 0.0346731544103237 0.09999856819177
-0.0343652078948929 0.0529051632233633 0.570711905522219 -0.363426584333537
0.0203686871443823 0.0363147052702001 0.107154716669985 -0.906499788306841
0.0491031229417714 -0.00349046367113132 -0.706911819656244 -0.51983608792324
0.0331372786537403 -0.0368895223273176 -0.600146529384515 0.288387268604005
-0.0173949937851728 -0.00725758874500596 -0.0380715925126471 0.431960852728941
-0.0233805506577944 0.0271584979067608 0.170746312030048 0.117045257624251
0.00285744122693507 0.0387913036638453 0.0741932487423871 -0.192080639845571
-0.00598092509304022 0.0116952654246396 -0.0579598330019791 0.170630692399036
-0.00156540560922947 -0.0142745990131665 -0.148483642488653 -0.0810263418307641
0.0191001464862696 -0.0240409946299513 0.0525306868804326 -0.399025239928229
0.0340216441719697 0.00142443585155454 0.521773266384778 -0.219661693862457
-0.019113788135553 0.0422732919127356 0.687148937917337 0.479780724936874
-0.0555740533346283 0.00307723471742531 -0.0444328150966323 0.881149448530319
0.0106696245836559 -0.0334702303355685 -0.535628816791524 0.412735388991163
0.0198055987088019 -0.030084397648694 -0.0507171212709821 0.102759413145194
0.0106640998003735 0.00520538386889617 0.557860259147091 -0.295519741521899
0.00934285500549654 0.011342678652021 0.251778944663202 -0.876699484596902
0.0318593430654632 0.00201513310929653 -0.609738361250641 -0.61613456424135
0.0303807044070276 -0.0475762880075612 -0.659357553461444 0.23280891331114
-0.0149008867785351 -0.0416642611580016 -0.127937154147065 0.459374839962317
-0.0237195845545103 0.00301029297695019 0.136780482845262 0.139662240905045
-0.0127736013481749 0.0269622189748694 0.101227513605711 -0.187437866605444
-0.00363196141607284 0.013734601811264 -0.057049757628697 0.171576393158175
0.00123686852239269 -0.00957712230093484 -0.136896796577573 -0.0897139380111038
0.0233314461964948 -0.0192405262332129 0.0780479937168599 -0.40315800198432
0.0294628647337305 0.000493294629852765 0.539380215468543 -0.188237500741987
-0.0311657899737767 0.0357349820333724 0.65521540134729 0.530050415297608
-0.058416920922297 -0.00577565101870868 -0.10405101582641 0.885044186985343
0.0181385682532008 -0.0350452367298161 -0.548548343316102 0.388399663340906
0.0284439226372359 -0.0268236611545163 -0.0312506267342051 0.095058359280107
0.0143789084716143 0.00606763843635803 0.553989880405403 -0.323385737096265
0.00685238316770136 0.00594164853055733 0.19157337233868 -0.886143715781057
0.0228974972535894 -0.00600123070655954 -0.647955323899337 -0.569681503505869
0.0249507771916002 -0.0512218782607041 -0.644818792122542 0.270480887966616
-0.0135755304465452 -0.0364568271302794 -0.102362442477882 0.456365975477118
-0.0226435409973653 0.00928840448553268 0.148883324974088 0.12972778833084
-0.00996600741855205 0.0287409368717673 0.0963986469699958 -0.18746854747464
-0.00124380535549575 0.0137879291469296 -0.0614135949514461 0.171771891756316
0.00211793126816471 -0.00452163877437723 -0.127442783535652 -0.0972201111961569
0.0252113878273031 -0.0135174395927796 0.102865205086464 -0.405587554548286
0.0263775482989045 0.000987455416688439 0.556459424229787 -0.160374882432243
-0.0382737054153195 0.0316332708416373 0.620853056353069 0.57342613472662
-0.0584415225945523 -0.0114919633297734 -0.160734209368626 0.88377000608969
0.0197799806450247 -0.0318729586666557 -0.558226235726342 0.363600077868328
0.0274845420579857 -0.0230796574580148 -0.00700548133161662 0.0899291615302829
0.0150649578267991 0.00892756382464505 0.549156438093375 -0.352476681812366
0.00601716955461605 0.00488200296820933 0.135572070531833 -0.890695262054994
0.0184618540062061 -0.0121198397412935 -0.684922683631734 -0.520878539030904
0.019713893464102 -0.0520950148034909 -0.622680780480414 0.304157154015901
-0.0130628180317919 -0.0302462119718866 -0.0756634932685126 0.453406689473562
-0.0190756479485613 0.0150634470698604 0.159729779127818 0.119898468407013
-0.00674891751708817 0.0314674298286581 0.0934021923512107 -0.188083944190239
0.0017670335796019 0.0157404209357958 -0.0652881389850051 0.171499533864429
0.00323427803555527 0.00078767525169807 -0.118265367548265 -0.10138464593764
0.0263345235631177 -0.00636093600218881 0.126087152978368 -0.409829173176272
0.0260295464698804 0.00273054989649216 0.569452037484117 -0.140969896297677
-0.0416461437793746 0.02885247558466 0.592039843413359 0.610472655805345
-0.0587998855186047 -0.0121940302322164 -0.209344098092143 0.881506398788767
0.0168530548206911 -0.0265764533563172 -0.562410771136372 0.342370974697014
0.0203073137312277 -0.0148880470496193 0.0147152728691003 0.0861806508675033
0.00972188924914125 0.0168606884351459 0.545400540256718 -0.372461209375158
0.0058957593556342 0.0065048711460854 0.0866246569754902 -0.894240782621718
0.0171658815115081 -0.0142999987410196 -0.712367331404332 -0.482700370340482
0.0181400993158578 -0.0517692616912988 -0.603537080216406 0.326821307598702
-0.0117312949322609 -0.0222595947486397 -0.0503656222058841 0.444601756200924
-0.0176728630915596 0.022146124372088 0.168994161011991 0.112623374249968
-0.00289275980616595 0.033855257607508 0.0869601844279972 -0.188402762821647
0.00433030384941054 0.0174505706370079 -0.071805600934947 0.170558560173428
0.0033495917096469 0.00494450779531684 -0.114027997488442 -0.104340211762722
0.0255405675972803 -5.67832708092708E-05 0.144838644529305 -0.415183895683468
0.0270043073687491 0.00580201442665668 0.578798685633766 -0.130070438688891
-0.0390999776295394 0.0299884693293847 0.569765162219081 0.62777646084509
-0.0583965191601322 -0.00806892364460571 -0.24299490744481 0.874668443198166
0.00605583847626895 -0.0187008183164777 -0.559787065940772 0.329640638365721
0.00677177733636721 -0.00807439600005006 0.0318525522963266 0.0858283343683227
0.000986364171371105 0.0255529276640987 0.544357890079149 -0.386743604574308
0.00754462317013081 0.0109366712727321 0.0560072386801426 -0.893282370468566
0.0194523927168001 -0.0164235473355683 -0.727696049477506 -0.459210587616807
0.0179520157354466 -0.0502924778820336 -0.587303188390384 0.335509307546072
-0.0120388023307279 -0.0164359074113269 -0.0322435058578315 0.43845018079973
-0.0172006140966735 0.0271664506775367 0.17501410948178 0.108447555272205
-0.000318888369626166 0.0352758880015223 0.0825723286884965 -0.188551111608106
0.00583643149813649 0.0186954184400474 -0.0756331848485779 0.16909351995564
0.00116728211801703 0.00776808305861793 -0.112498041014037 -0.103581753978728
0.0253720293038585 0.00606197441768186 0.153685336814912 -0.417560149841065
0.0311812393195956 0.0107769890896472 0.581924993864013 -0.130683155173282
-0.0312877167940964 0.0340137801485913 0.560056054596394 0.629869944483833
-0.0582204530119957 0.00100972794139985 -0.252648697183417 0.870132041227154
-0.00914177557472067 -0.00881130244972674 -0.555447947321371 0.329291480673965
-0.0129826652994865 -0.00121713319244437 0.0420922936807817 0.0874732161926858
-0.008619076904299 0.0361768678595776 0.546102937090079 -0.387763956133267
0.0127866025472663 0.0180619470282469 0.0513987411252295 -0.895539670740581
0.0264769937299587 -0.0143405843467421 -0.730789569880734 -0.457793404033748
0.0209499852410479 -0.0452263957938392 -0.582246122221061 0.332125665983925
-0.0126078620472926 -0.0106153497005813 -0.0245304189744262 0.430702489112566
-0.0174364531551667 0.0296833126332366 0.176940183859221 0.105841589623708
0.00172140757470827 0.0364225012071116 0.0771576881077823 -0.189233641763534
0.00700353762011231 0.018623585641917 -0.0786945959566835 0.168990683064298
-0.000690243680542426 0.00844175026585683 -0.114763056296576 -0.100424659373521
0.0230120940243695 0.00865289414148033 0.15222373083326 -0.420051012441115
0.0372141591608287 0.0149723027230547 0.58185202678573 -0.145107392448245
-0.0219542853282034 0.0415721689905225 0.56972366138073 0.614999836316604
-0.0561077510570216 0.0124815500107834 -0.238904187300488 0.872309380375393
-0.0262226490142351 -0.00150841992285584 -0.54663515530109 0.337461540708546
-0.0327521135115848 0.00426882206854901 0.0429459982225598 0.0919036926832554
-0.0206065799251017 0.0462497804171326 0.552540512526878 -0.381267435307318
0.0152010869256728 0.0256627605163541 0.0628869586794667 -0.896118526786067
0.0370224532727763 -0.0103375505801681 -0.722412803830085 -0.476266771343507
0.026386349901069 -0.0414574334760837 -0.58434793017313 0.316724515924432
-0.0146135261946614 -0.00865542289899354 -0.0240398813612441 0.428311996131775
-0.0192879360479159 0.0296453754636531 0.174839961140962 0.109700709338831
0.00414744493321594 0.0381025473262631 0.0744838712521304 -0.18909584366485
0.00638394639594111 0.0178288018747576 -0.0806289224178335 0.16914595079687
-0.00330357684871499 0.0068069559303793 -0.122427327933061 -0.0954849174928216
0.0209976098627487 0.00808083365561004 0.141260472256721 -0.423538764939204
0.0440727928143233 0.0199710143643748 0.576715981795016 -0.171149809772233
-0.00929794732736104 0.0479635123756153 0.593955261616444 0.581744633880463
-0.0549098356736343 0.0238579444333744 -0.20409961712328 0.876178712792355
-0.042568752334116 0.00645355793960438 -0.538398215671316 0.356783329490668
-0.0517095922234032 0.00717665227768236 0.035500016338878 0.0984827891831683
-0.0325385200824591 0.0532879144301385 0.562675038301569 -0.362674981209533
0.0204395481330291 0.0359517020976186 0.100302842396356 -0.90158578765825
0.0487067444239542 -0.0040973932430531 -0.707136779774518 -0.514671383280726
0.0309248842894852 -0.0373672438418016 -0.594665005464997 0.292671484038374
-0.0170585475256327 -0.00704536608716399 -0.0349800288401737 0.42927790779575
-0.0219709476699841 0.0278211396925339 0.169360744561654 0.115203582002973
0.00445949757375892 0.0379707292447633 0.0726527078517663 -0.19108710309508
-0.00600936450264598 0.0108202703548727 -0.0572056464743556 0.169915127279544
-0.0032041131353256 -0.0141294454279193 -0.14769891060896 -0.0799277143059862
0.0197554993135158 -0.0235129351561119 0.0507295937848898 -0.397598442622409
0.0339234036245713 0.00101843260476836 0.517618884210438 -0.221840137014922
-0.0190976853949297 0.0425527828637412 0.685353718595469 0.471279074553212
-0.0549315422379517 0.0035359302491167 -0.0417733276823511 0.876463027950953
0.0105843488445569 -0.0337805333496337 -0.530656556339593 0.412664665520351
0.0198367146305247 -0.030472999983389 -0.0494366981247562 0.102771925489084
0.0102117741299547 0.00516411369943866 0.551907335459219 -0.29539961336993
0.00842732136721286 0.0104061352689887 0.247961174209653 -0.872021099665051
0.0314087099719936 0.00142785026226618 -0.608774333840734 -0.608378109683268
0.0282931274792706 -0.0478976548808517 -0.654706991835621 0.236781432375039
-0.0142207489523957 -0.0409355499332785 -0.122959874936645 0.45777492280484
-0.0246163438471286 0.00254915923586761 0.137158783094102 0.138791475882804
-0.0112133655748053 0.027494376330713 0.0995736207555634 -0.186431666433373
-0.0044173408475722 0.0126247914332127 -0.0570168075355177 0.170635586045833
0.00039814207758038 -0.00945680292495884 -0.13575860414973 -0.0874758928635813
0.0230922385291682 -0.0198809753592065 0.0749340006407345 -0.400799309004832
0.027619557808118 0.000814679494687217 0.535922381659811 -0.190385347156293
-0.0307910282791682 0.0369124224744566 0.654750688209715 0.522151542150051
-0.0573528377619034 -0.00449920116345827 -0.100279556510797 0.877609190500898
0.0182615325154568 -0.0357752659390137 -0.543398184589917 0.388105683548182
0.0278100633189978 -0.0278837334229673 -0.029493713324798 0.0955750327486319
0.0157346613869819 0.00534746043702281 0.548411369815199 -0.323234043085771
0.00682981767190948 0.00530484669433232 0.187532193666391 -0.880167544599493
0.0227748721015227 -0.00617713271992604 -0.647146668073038 -0.562870493062655
0.0235743611462614 -0.0504539845927178 -0.638566650517477 0.272436098256931
-0.0141747222199997 -0.0363410293253887 -0.0988830287526981 0.456092210337572
-0.0207971268156249 0.0102121217880584 0.148317677365534 0.129133316709279
-0.00984699126662909 0.0280624951329199 0.0957943221988288 -0.186816169161173
-0.00160355268972832 0.0142598991083968 -0.0604596075225144 0.171403430904999
0.00249807724518381 -0.00407961073345426 -0.126507494279377 -0.094857638810688
0.0248359883905401 -0.0129359739139179 0.1009958408942 -0.405742781666855
0.0255387929289701 7.5687980140543E-05 0.551912072705425 -0.163570374238537
-0.0381637230292149 0.0319749163013697 0.620978316062711 0.56404936077762
-0.0579504812414208 -0.0112363196932876 -0.15692974845041 0.877984052717366
0.0206757732085317 -0.0326877284414514 -0.552466354242869 0.36335203981226
0.0279220692768261 -0.0219390622083988 -0.00741300686181932 0.0892831377803795
0.0144558537839165 0.00941843957887691 0.543495347154283 -0.348856112327226
0.00583944611787642 0.00381056468513017 0.129761517164796 -0.885204402983769
0.0182899128403447 -0.0111598937069209 -0.683236213845929 -0.513117606516163
0.0198706250000607 -0.0520984807318606 -0.617221237092941 0.304916601897122
-0.0122115524685899 -0.0295179552160961 -0.0705422105038503 0.450654720446432
-0.0188932957963677 0.016310953583752 0.159614927413937 0.118620824999465
-0.00573124162145206 0.0310862325678774 0.0919354700476206 -0.186857054016218
0.00191568249213947 0.0142617212587253 -0.0644026226273305 0.170842097839258
0.00243918985590567 0.00071779865885589 -0.118632656016044 -0.100247137368686
0.0264511781591905 -0.00673464623361177 0.124546889182851 -0.40955248774084
0.0258533041763331 0.00233611913357721 0.565456180206883 -0.143690705928703
-0.0411765250625687 0.0303958337002059 0.591006023250124 0.598764996441915
-0.0583291370271656 -0.0108319455276572 -0.205007256490318 0.876665102268601
0.0164055502273029 -0.0264905489150098 -0.556439911326687 0.342823346328068
0.0200547625262898 -0.0157789584429299 0.0146155562736573 0.0856716681579379
0.00963784388575729 0.0162885872162841 0.539735804557918 -0.3712834214537
0.0059407495579045 0.00562363117589207 0.0829933166132312 -0.88920620802628
0.0167676760779702 -0.0148496425612229 -0.708904710540737 -0.476126204426965
0.0170672615360257 -0.051926556718275 -0.598949589801825 0.328727536331338
-0.0118486478201574 -0.0222252322733483 -0.047141572707658 0.443919801963883
-0.0170551163329251 0.0223610567660062 0.168258680934434 0.111131283592011
-0.00361827384832029 0.0330264334451241 0.0855814744890933 -0.1864494049446
0.00412828633437992 0.0165450257916367 -0.0691965028094298 0.170057201612895
0.0025697168518733 0.00488795090894848 -0.111928653272753 -0.103019988441503
0.0259595571780882 -0.000433837677311257 0.141129691987977 -0.412905634208777
0.0276645644665037 0.00606213830977232 0.575154081965377 -0.132838236148223
-0.0381585743271458 0.0305373087945723 0.567712020717237 0.618294574689742
-0.0575599096345826 -0.00725551880404654 -0.239208768228435 0.870772265452025
0.00627640116056942 -0.0174984211084072 -0.554084043829467 0.33025345849573
0.0057403494285843 -0.00844582324093127 0.032063737594326 0.0852080881961479
0.00265293060539894 0.0240133022087385 0.537547626208927 -0.385546472292501
0.00810143413997673 0.0102301323126205 0.0523346476751916 -0.886063473488567
0.0195983603631986 -0.0156274068989304 -0.724543697764523 -0.452228247086114
0.0171572582804651 -0.0495701252830886 -0.581928228156902 0.337780698986573
-0.012308302639055 -0.0157338393814793 -0.0284079642575868 0.435674466947766
-0.0167064029185239 0.0266011719951774 0.175236910216383 0.106977131311002
7.21520361028965E-05 0.0353569991366476 0.0817842555411387 -0.187593827356148
0.00573350987023892 0.0166558240007973 -0.0755361059384858 0.169470102293693
0.000458979952087666 0.00768393668533525 -0.112200052131312 -0.102717985215392
0.0245885633167239 0.00518440370500561 0.150219768030998 -0.415651217419024
0.0315439253553612 0.0094692239841479 0.578290312498959 -0.132666379964225
-0.0320248221118239 0.0345602133087242 0.561536693384042 0.621390842420116
-0.0571711345958927 0.00128679253678137 -0.247060146674099 0.867851169054462
-0.00873213430526891 -0.00999614909902701 -0.551531492808522 0.329519266778445
-0.0124160395059196 -0.00112404477722795 0.0410894862010808 0.0874625932889885
-0.00862840283571581 0.034362494921617 0.5402618864808 -0.38769974420324
0.0114059699453575 0.0169970447212046 0.0458081660480995 -0.889228889116462
0.0263984774533332 -0.0145673796349866 -0.728873617008884 -0.451964654717114
0.0203905809968194 -0.0461588632805296 -0.57357052774887 0.334287081392104
-0.0127445777279773 -0.0109690329701985 -0.0212911797481208 0.4297342739787
-0.016838903620458 0.0288547519558314 0.176512590958587 0.105360126794729
0.00284182539405573 0.0370628681105724 0.0764898466897499 -0.188367502730876
0.00639385920297 0.0181016552574436 -0.0782132998402329 0.168987804113402
0.000372631836255458 0.00780767881366433 -0.115143150084576 -0.0996218828740826
0.0226972607760948 0.00810954584683964 0.149313395984863 -0.419471816165966
0.0373317231547831 0.0150592113807495 0.578989053144494 -0.148352693881259
-0.0213369607106601 0.0409209583213464 0.569575691480865 0.606873359022514
-0.0561453328498625 0.0125200160069977 -0.234569146709294 0.868608839470755
-0.0264654127609133 -0.000654114780150886 -0.540818521740147 0.338171393177787
-0.0327518507545434 0.00430374865245552 0.0433546913136524 0.0905531194937372
-0.0208094472448716 0.0453612617425578 0.547528600357166 -0.37843145833832
0.0160858122295313 0.0260626226893542 0.0592750973829599 -0.889967123352183
0.0361583046197637 -0.010674556114743 -0.721142805717308 -0.470312173904609
0.0250989096499901 -0.0418622229063959 -0.577645799207883 0.318701376309343
-0.0155197265044393 -0.00796576371848928 -0.0209130037332483 0.426393811662722
-0.0194197546711133 0.0301635000358816 0.174845835790443 0.108019735990005
0.00377134064336854 0.0386207585108017 0.0735969300807412 -0.188332658847222
0.00739261830788887 0.0174180937939168 -0.0792073225830524 0.167771551518716
-0.00322562489305988 0.00647856678333642 -0.121394180763951 -0.0935254669958504
0.02054577687587 0.00862878623718246 0.137642596394729 -0.423113802250953
0.0435927979476947 0.0184353610226853 0.574331728374706 -0.175300344208766
-0.00797824551055849 0.0480860040196639 0.591361876032563 0.575207099903922
-0.0538771538338591 0.0241210533696039 -0.199909193301357 0.870283411337434
-0.0421250691578889 0.00640334194382638 -0.530601275741671 0.35729892079368
-0.0518002209776009 0.00694591404787492 0.0360356437929431 0.0976760443961076
-0.0316778290036098 0.0524283292369972 0.557034914131663 -0.362861206826887
0.0196890986405469 0.0351700325057234 0.0951352453077123 -0.896567969663448
0.0482685978528597 -0.00401900169745099 -0.70436399941197 -0.504741713198579
0.0308258557285978 -0.0362954944129449 -0.587737461564602 0.293118748745943
-0.0172746807886684 -0.00700870290339674 -0.0319236779725736 0.427768348189221
-0.021357085821816 0.0278373907047604 0.168836577618088 0.113695921843993
0.00395911726714318 0.0381354896721887 0.071680200565533 -0.18938225615826
-0.00524740292052616 0.0107086169382984 -0.0559515076775063 0.169601249829603
-0.0038894878047424 -0.0132479752178802 -0.146453982174325 -0.0794173713362471
0.0188324217965413 -0.0232906864595106 0.0475622282989052 -0.396731686643494
0.0331938069343996 -4.68921964802312E-05 0.513666016629062 -0.22227280748194
-0.0188384978252471 0.0424050221249101 0.682691837498121 0.467133136556104
-0.0536123912247462 0.00306438819671862 -0.0399827489974129 0.869143184346397
0.0106014351950411 -0.0345870978803266 -0.527651771129631 0.411317536079241
0.0192245583621883 -0.0304301619503752 -0.0498269376811372 0.10210331736727
0.0103430302998078 0.00487130716808953 0.547215797316075 -0.293545204347559
0.00858911586855535 0.0102466192759493 0.242825114312406 -0.866088501814648
0.0317588668425005 0.00144793210934224 -0.606638302248377 -0.604400371166126
0.0290756746187166 -0.0478390589497756 -0.649113069391247 0.23692814497755
-0.0155038961095845 -0.0410339998336889 -0.120992832850471 0.456746699158146
-0.0237204189695845 0.00444451869253501 0.138149158429356 0.137402145082604
-0.010971792650412 0.0273960330801611 0.0990767364740921 -0.185669815834373
-0.00305979270587081 0.0124035284327192 -0.0564483072086601 0.169146168072045
-0.000327460931426232 -0.00860343522853957 -0.135962559077041 -0.0877675269451073
0.0222246644922797 -0.0201368174339423 0.0726659064680138 -0.400145723790056
0.0290086557747354 0.000350175261999271 0.534210392237504 -0.193308958104533
-0.0301935754155312 0.0370368562823782 0.65239328228857 0.514836410033406
-0.0571381002223445 -0.00498214569027561 -0.0967358078792196 0.873667408841116
0.018385074149919 -0.0352128181442463 -0.538969660614277 0.387301794840089
0.0277265970110697 -0.0273477205421558 -0.0302356261701657 0.094915902242897
0.0152458965510534 0.00540750663641752 0.543941597303092 -0.322516374287029
0.0070846288899899 0.00504203894912494 0.185780357094057 -0.876120729155295
0.0231914614546346 -0.00603525435221024 -0.64481792477033 -0.55680070229
0.023220386083387 -0.0507988485847409 -0.634292086165322 0.273322154437786
-0.0145018683709727 -0.0357397187076225 -0.0955425718496219 0.453521970033747
-0.020490626775188 0.0102671202761401 0.148524587569012 0.128274342065863
-0.00885729222410513 0.0292302389772052 0.0953760005763994 -0.185735197502346
-0.000188872117462272 0.0133204500266037 -0.0595454696779799 0.169653163055417
0.0019755841238892 -0.00437546039386427 -0.126260407238859 -0.0947006582148373
0.0253337290184099 -0.0142047259925275 0.0981314590771958 -0.404963257766057
0.0259442640218968 4.46797733819823E-05 0.54868459641853 -0.165041351044307
-0.0378753082718723 0.0324366688716782 0.619804322024173 0.558102647996994
-0.0573223776981281 -0.00994632321751026 -0.154415658683545 0.872756540713712
0.0210500195586188 -0.0324814867845737 -0.548817544330176 0.36113148350233
0.0272269311000787 -0.0216173665691343 -0.0061955974572818 0.0893996563724498
0.0141104957388932 0.00859723638796834 0.538399213683246 -0.348283506575412
0.00498266964630144 0.00347324497921378 0.127832994338881 -0.879961629737011
0.0186334419457904 -0.0108402857535823 -0.680021732126707 -0.509132112305605
0.0184701245212543 -0.0529569159864422 -0.61190882772072 0.308165324067815
-0.0132953822969407 -0.0290109264796799 -0.0683373037025072 0.449338779965274
-0.0181985028945949 0.0170688705489061 0.158994631835458 0.11878182297811
-0.00611316419094633 0.0315180489106062 0.0913070301005691 -0.185079104619353
0.00307045782618836 0.0146324144353388 -0.0643724181036402 0.169841284735238
0.00239675428568899 0.00118770746285017 -0.117523068683665 -0.0996671248973478
0.025257191953765 -0.00717634949573223 0.120728657044953 -0.407409268408751
0.025015737054323 0.00180456100034309 0.562704257469867 -0.146442916795009
-0.0410854869393501 0.0301034191623274 0.589459406255895 0.593738416011989
-0.0575965661681708 -0.0120458522611582 -0.201253422580429 0.87205021469112
0.0168655192559235 -0.0265851945005407 -0.552691282639777 0.341615725616633
0.0198720426933283 -0.0154204108478283 0.0148759714667844 0.0859059738381845
0.0101121428142449 0.0157637289401144 0.535474962498475 -0.370968226697682
0.00531109140367669 0.0047724319759406 0.0776188534990933 -0.882902273257609
0.0170534169772098 -0.0146489217528108 -0.706397208036749 -0.47187144394766
0.0166106135552645 -0.0522542802920721 -0.593041301378831 0.329061006557606
-0.0136579228069938 -0.0231641451057304 -0.0430988702527604 0.441637223707768
-0.0164131041371653 0.0223523566108796 0.167814460881163 0.110444125560333
-0.00218112356378985 0.0332086875804929 0.0852137893847749 -0.186297150308089
0.00521952451182363 0.0150827637148765 -0.0689330286428975 0.167706541749103
0.0024271260958597 0.00478766600848895 -0.112666454429809 -0.101981278644694
0.0264969370288497 0.000390870538013683 0.139363727485984 -0.413472081063524
0.0273723821121964 0.00566370925958298 0.572304158890105 -0.134588072849404
-0.0378268560735604 0.0313407731585963 0.566714280919339 0.613058451997932
-0.0565118168229522 -0.00675156660487768 -0.236522026389321 0.865598560119194
0.00632791934346273 -0.0186808976378501 -0.550768855005372 0.329803796913219
0.00534876144871799 -0.00775202151058619 0.0315601661269367 0.0848767611012706
0.00176356038846855 0.0247382896427463 0.532280688781224 -0.382663860934213
0.00805656172706857 0.0101485620825694 0.04884602526455 -0.882251190168122
0.0197548588125201 -0.0161401595527209 -0.722659194922283 -0.447951224622579
0.0175424008113117 -0.0501287523158909 -0.578594606100403 0.338704102124495
-0.013238496723518 -0.0159571214571811 -0.0256916017373892 0.434948167987281
-0.0160661341179994 0.0267627565745346 0.174021617586802 0.105939403633856
0.00123676410087955 0.0350506931260359 0.080429890291655 -0.186722191585536
0.00682283911265628 0.0167967478119412 -0.073878782092118 0.167504891294953
0.00148740659113746 0.00801046256383139 -0.111605250373586 -0.10226653939855
0.0249376550417171 0.00483342238331703 0.14703575309495 -0.415097853438547
0.0316956855619078 0.00875499120827151 0.575706401833078 -0.134335936426442
-0.0310607887227299 0.0355441565929923 0.559811443263468 0.615696158933495
-0.0561356190359566 0.000958827506548604 -0.245139844379232 0.860973958435693
-0.00773743208586334 -0.00972122450107163 -0.545855443370581 0.328170805625605
-0.0120742969795495 -0.00100221143285511 0.0426097694138619 0.0865462293487152
-0.00776870707056888 0.0357976275309662 0.535936025363299 -0.385183906040568
0.0115561235200622 0.0171427161441398 0.0414241639427532 -0.885646322019103
0.0267940135394176 -0.0140214806478768 -0.724022482307831 -0.446045438324642
0.0192917672776293 -0.0455884538324043 -0.570521114720939 0.335527015226206
-0.0127726163908613 -0.00996910524824107 -0.0178153339263824 0.427815362881866
-0.0162515001727971 0.0285370960921128 0.175348295027987 0.104690062984649
0.00250773732582957 0.0368022273364833 0.0757335591412802 -0.185850177384731
0.00745035209146685 0.0169651856586471 -0.0762360693956655 0.166840519808487
-0.000922237054675652 0.00929476056284521 -0.114124646998797 -0.0982525903983429
0.022220495718373 0.00821572988236566 0.146812782314966 -0.417969313421748
0.0372797411898825 0.0144173600495479 0.575476104517251 -0.151175811467933
-0.0217697904382143 0.0414465121494114 0.56823581241464 0.598213878651194
-0.0556795053167224 0.0127036884410406 -0.230994998010973 0.863401997931983
-0.026360858917934 -0.00107186824749156 -0.537096192735599 0.337090547378894
-0.0328878010583727 0.00472119238743056 0.0435009211700921 0.0908746333617624
-0.0199626244352883 0.0449921026292286 0.541612457369382 -0.376992956336067
0.0161721048073431 0.0254857362553932 0.0572381955658452 -0.885854172575275
0.0361383878027641 -0.010513264461398 -0.718671073734384 -0.463526279615635
0.0241000406645118 -0.0412192437138982 -0.572515466896568 0.32030785618167
-0.0151864176175495 -0.0067435213471112 -0.0185702794809675 0.42392299569849
-0.0178571468703241 0.0297411234890046 0.174140304802475 0.106478076196094
0.00391990589039254 0.0376521158897235 0.0723717033165267 -0.18651077336683
0.0074449476378147 0.0163401084153734 -0.0778044979203242 0.166918449167617
-0.00373846210306834 0.00722437398730014 -0.121795326495733 -0.0931283339019477
0.0206507702690766 0.00833311721653471 0.1351394966087 -0.420554954679628
0.0433940953374518 0.0178250446689919 0.570205112183433 -0.178025823727952
-0.00850144808999218 0.0489905426884241 0.591860614125665 0.56885659515977
-0.0531916880291336 0.0246145023077849 -0.195644096738758 0.865373966826441
-0.0407959918985584 0.00595167813116398 -0.527484780988951 0.355928622470773
-0.0522589030796801 0.0076390975532355 0.0366134588404951 0.0976725889924458
-0.0321462425307716 0.0520774064311495 0.552248983728978 -0.36028193189668
0.0195224627831183 0.0349944534147839 0.0918491215708997 -0.891652640610738
0.0484689875848769 -0.00427510210282492 -0.701634616229879 -0.501295665117144
0.0305075208873553 -0.0360900192210428 -0.584071367516621 0.295291204214014
-0.0166309764739589 -0.00716920047080278 -0.0295853482174845 0.424450389759863
-0.0210189750267698 0.0276638351255917 0.168350116649123 0.113020317876723
0.00489531976643489 0.0373782026269337 0.0714549582487914 -0.189007318065288
-0.00491314936849331 0.010393953158477 -0.0564313516068419 0.169153791689931
-0.0032431177183821 -0.0128553279014072 -0.145938940336206 -0.0789646966441709
0.0190601269367788 -0.0242078891093366 0.0466931522168427 -0.395825671340442
0.0334794738038804 -3.78303926432087E-05 0.512580533160993 -0.22430395175022
-0.0189461201506263 0.0434731842713636 0.679102279673058 0.461366701226173
-0.053308559239372 0.00410659617479123 -0.0394732679377686 0.865643744040942
0.0107448047786004 -0.0338302311421691 -0.524599380269409 0.411403291309006
0.0189951969407441 -0.0301904672691129 -0.0496845441328639 0.101694841953644
0.0111867418291385 0.00447342753091578 0.542679304809581 -0.292601703345943
0.00831516720345929 0.00946477944982016 0.242198575751344 -0.861782902105315
0.0317097831672766 0.00106107223423963 -0.605861543671163 -0.599712314573329
0.0293309401818835 -0.0484370970171193 -0.647535685440306 0.239813978963689
-0.0155810575788258 -0.0397990980460592 -0.118872784371337 0.454667748497927
-0.023252123109449 0.00527314695993656 0.137488588094089 0.137987968499383
-0.0110659992398068 0.0269284578955755 0.0981323822690218 -0.184992991876385
-0.00223044277211657 0.0111892683280757 -0.055525675753695 0.168366743673485
-0.000425031896839003 -0.00918984332606283 -0.134898025982939 -0.0875327519552724
0.0222626204709811 -0.020248953807778 0.0709962011879723 -0.398727195563324
0.0279133195491574 0.000310605840060509 0.531433075136047 -0.194803020708135
-0.0306293505550766 0.0386295264709434 0.651470272996644 0.510884252522147
-0.0555189563828868 -0.00500840416661912 -0.0959038629832791 0.870365394378538
0.01791309915772 -0.0356913643727694 -0.536459950507539 0.385884817764199
0.0269073783766884 -0.026540041287588 -0.0292809679452407 0.0938765616584016
0.0151656948180776 0.00465682485662673 0.541370010414034 -0.32032386254216
0.00603101951063721 0.00511416518832469 0.18253340755706 -0.873650200763299
0.0236830852205347 -0.00583825962499417 -0.643090140584941 -0.55465836259801
0.0230841457434867 -0.0517805735692646 -0.632337433874405 0.273899372834265
-0.0149814285234406 -0.035401507825964 -0.0946639279242239 0.45211849926018
-0.0202613437616802 0.0114935164330912 0.147722925570888 0.127418092627637
-0.00834567734411629 0.0289250203745437 0.094005137967161 -0.184874182099229
-0.000553122837332325 0.0118941862275563 -0.0593373273860153 0.169149197486473
0.000947225157201932 -0.0042898763921969 -0.125689534038832 -0.0943969248642103
0.0250234559137963 -0.01444319194425 0.0962639143003438 -0.404443657595154
0.0257506547628662 1.78155598637361E-05 0.547432099931979 -0.166526862772424
-0.0374769528565859 0.0331706298043233 0.617861498766873 0.553095604534804
-0.0576767183454747 -0.0107387078767676 -0.153804052814873 0.869866522543348
0.0215671755170609 -0.0328328807009806 -0.546277343496074 0.361339193068938
0.0270663477627393 -0.022460263938185 -0.00594171250763038 0.0895841683781533
0.0145173018774136 0.00756828041974333 0.535228486533409 -0.34689961158606
0.0057153443152171 0.00366707380441496 0.126785045890517 -0.877607875117884
0.0182554323371163 -0.0107619012654954 -0.677317691476661 -0.503590308996649
0.0186320153725929 -0.0520582733876172 -0.608004055941993 0.309694728644695
-0.0133049211264847 -0.0282588666106208 -0.0666845847492481 0.447900325693391
-0.0179601906558011 0.0165574179376131 0.15918495353804 0.118159390721578
-0.00521772344639335 0.0307092363888153 0.0907365676068785 -0.184699526246118
0.00279172937807885 0.0137599305526022 -0.062742985147752 0.169196186375295
0.00261448441573384 0.00121769321008344 -0.117597462761596 -0.0994666651384034
0.0256451064189415 -0.0071875472549962 0.120036557027254 -0.408154175468347
0.024636889681107 0.0014482349915638 0.561428909327759 -0.147447922101609
-0.041255348802128 0.031192323618719 0.587177027130623 0.588706487214433
-0.0566671868974604 -0.0111122798920933 -0.200979071602955 0.868644562773368
0.0171300525046101 -0.026356911308592 -0.55023829179451 0.340917714734697
0.0195751221512579 -0.0154049547395007 0.0157352055443867 0.0853076892258055
0.0100212566191053 0.0153968031906634 0.531965291389896 -0.369094636952403
0.00512931418438537 0.00603586912964491 0.0776628278333747 -0.879988389068902
0.0163391660936829 -0.0141803779364976 -0.70376812462489 -0.466341533505258
0.015951040413348 -0.051729272966708 -0.588960960494481 0.331949810354581
-0.0125168420178395 -0.0221732817373545 -0.0430098178792835 0.440715848881296
-0.01594639462011 0.0229073083376408 0.167870872491056 0.109605182038106
-0.00213766783451869 0.0328142401466669 0.0853861553554105 -0.185104440942165
0.00436357736924617 0.0150884468151055 -0.0688518471029353 0.16733293787001
0.00202736313403604 0.00460523250971807 -0.111932184522384 -0.101857496100248
0.0256051680615941 0.000900687852486672 0.137602901837832 -0.41160099992081
0.0269262293285187 0.00511720612175487 0.568888104657244 -0.136234745213146
-0.038063740006121 0.0317734362677558 0.565527996494627 0.607916563776025
-0.0557286713339585 -0.00721802455903974 -0.233858737503128 0.86340045310944
0.00568261518534735 -0.0187408250279218 -0.548845418810213 0.330064667081995
0.00565014507231081 -0.00806488308570548 0.032237946079884 0.0840365986072691
0.00211654442765902 0.0242505686193981 0.531187527897453 -0.381197236969668
0.00644587025021738 0.00997988430314856 0.0486947633848587 -0.876773850689662
0.0192755172964936 -0.0159275991355277 -0.718954624142758 -0.444229395982193
0.0168710079347509 -0.049823302055264 -0.575155409493732 0.339540539889848
-0.0129298752920815 -0.0151177246566074 -0.0233655791833705 0.433185182828131
-0.0155391237517272 0.0277770052508793 0.173647395381102 0.104637736114279
0.000646393552721589 0.0349163096942442 0.0808663322527595 -0.185098389862531
0.00703752540128406 0.0156599584267556 -0.0731513060724622 0.166769590659589
0.000521516644755186 0.00794485672153487 -0.110491679753554 -0.10215059489654
0.0246961292696258 0.00555418392959333 0.145042299699164 -0.415522485598506
0.0306880091884295 0.00888332899126721 0.573608268742107 -0.135857523663241
-0.0307542475418278 0.0362950935136352 0.55698956466206 0.609128457442304
-0.0564969709210843 0.00143872541162785 -0.244703269199689 0.860551680129615
-0.00844167291766719 -0.010205088116355 -0.542278092681708 0.327445663420484
-0.0123095435954244 -0.000776951319451715 0.0425161953470668 0.0852793671563934
-0.00754311762861207 0.0349573004377727 0.531370307237305 -0.384165766835418
0.0106841721202539 0.0161062715685115 0.0400070245417096 -0.881798363289217
0.026266858521753 -0.0139401614158022 -0.72238763824041 -0.442088989214258
0.0192322302128909 -0.0446757491251381 -0.566167637411365 0.336365690113048
-0.0133488594910342 -0.00982337923495987 -0.0168777578508921 0.426490118181554
-0.0159795960702084 0.0300937333286089 0.17555166000038 0.104365323985643
0.00341728300699372 0.0363763435802705 0.0758422614222648 -0.185558820663544
0.00811174237818184 0.0161526184837303 -0.0754584608218816 0.166674156781378
-0.00105900818690023 0.00848027417555741 -0.114170041262534 -0.0979754103629185
0.0226577395714945 0.00850343607721208 0.143533182412174 -0.417232348110397
0.0363295060019347 0.0135803068497273 0.573295393769008 -0.151964277485625
-0.0209751297286882 0.0424117082829117 0.566183972276104 0.595422330797043
-0.0548884167567276 0.0124561570245572 -0.228957744701491 0.85998986058719
-0.0246783388963589 -0.00284861022183175 -0.534406009077515 0.337154059617197
-0.0326037988737088 0.00470137139165049 0.0431330840828871 0.0904821309759567
-0.0199192260795212 0.0448757898864769 0.538507970228951 -0.376470998721225
0.0151490111985242 0.0257721239130531 0.0564712038165282 -0.881295576093269
0.0368834485720884 -0.00969431398291288 -0.716208436984226 -0.46147501478138
0.0238103441098834 -0.0409995858034478 -0.569479448572233 0.321130439890624
-0.0151629343754437 -0.00713420558666694 -0.0179923044418762 0.42298626370609
-0.0182033298881109 0.0305388455379158 0.174005519062411 0.106156978840865
0.00489772408848158 0.0375296643741642 0.0729356835114704 -0.185921344537802
0.00820533053502934 0.0154359316529746 -0.0774082752447591 0.16616076682016
-0.0037265509939466 0.00714758293525265 -0.122209980491125 -0.0929614573243096
0.020407929802119 0.00764237947919277 0.132699914015723 -0.419866778951622
0.0426524115699428 0.0177371764241146 0.568318521020445 -0.179545470526473
-0.00789541412913918 0.0493910389283754 0.589059232279868 0.564422840962236
-0.0528601594759492 0.0239921783632903 -0.194228939095674 0.863601893687002
-0.0407687088041898 0.00544183742440913 -0.524994351481272 0.355187816090631
-0.0507380329703411 0.00739833329792163 0.0366930960463248 0.0958996339355632
-0.0320330686770497 0.0512196587991876 0.5483884081913 -0.359193471119159
0.0193243169626815 0.0345894626827929 0.0909189751452572 -0.888569352829295
0.0482563348347336 -0.00411084822948941 -0.701023646225123 -0.496321009615117
0.0295557044962167 -0.0366308905008454 -0.58249742517671 0.297679580447972
-0.0175702425902201 -0.00699289662645863 -0.0281222598493039 0.42447073230318
-0.0203395672132307 0.0284660628363641 0.168738454678648 0.11299779691208
0.00527313750652611 0.0372793945748207 0.0705795240539569 -0.188316233992636
-0.00437401078466026 0.00939321118678578 -0.055805430897734 0.167826294071081
-0.00305414970314598 -0.0130846672708336 -0.146447765342854 -0.0793476567632117
0.0188979015210149 -0.0236540047906722 0.0466388375991566 -0.39593156493077
0.0318149111958128 0.000308533090119786 0.511502983760291 -0.22523350875876
-0.0175815673191593 0.0443277417529163 0.677217970949588 0.457900013871225
-0.0528460458064266 0.00447204437725089 -0.038887946485509 0.863673596113358
0.0109808078148871 -0.0346638965289897 -0.521129103223013 0.411864458499748
0.0189923944492825 -0.0298770754724315 -0.0491396295822009 0.101638796435383
0.0108700745806981 0.00462177240014775 0.541103118583825 -0.292024223801331
0.00745766255218189 0.0095923588354548 0.239881891021718 -0.859745323234043
0.0309349556728397 0.00158402949486781 -0.603033530212012 -0.597455632600678
0.0275452048029341 -0.0474116650319026 -0.644706227753192 0.2399261725488
-0.0151627826596699 -0.0396455280645147 -0.117842448429053 0.453723633207149
-0.0225901021834614 0.00529444399174505 0.13783746679361 0.137512559945877
-0.00967455036076591 0.0271708785199874 0.098403159212161 -0.184008900600825
-0.00235483742091663 0.00998654223420774 -0.0552979274408271 0.168036240063488
-0.000616201034554074 -0.00773452452502043 -0.13401115389185 -0.0869112610964309
0.0227812659622278 -0.0201258235881363 0.0701870492600841 -0.398074095027061
0.0286756095305985 -0.000808650787632644 0.528894683582178 -0.19517848508488
-0.0305820605246086 0.0389651659013533 0.648383590615752 0.505496542647593
-0.0551701643238866 -0.00528168509331339 -0.0952870203248197 0.8676756639746
0.0187921702133006 -0.0362612224736515 -0.534619251669951 0.384387114605693
0.0275585406244171 -0.0268990285644425 -0.0287742197599417 0.0946367323501392
0.0157964663054498 0.00508091060094101 0.537690889805661 -0.318841813961742
0.00548036497572343 0.00475513762945402 0.180878633921247 -0.870735261042817
0.0225354701778348 -0.00592598488240157 -0.64121889460052 -0.551910537254837
0.0218808858699096 -0.0507017372758454 -0.627082819504609 0.275949359783896
-0.0143591667006246 -0.0349212821544883 -0.0932837522869657 0.45245671353856
-0.0201969475261014 0.0116019615507886 0.148094543476059 0.127653811488156
-0.00728383514937324 0.0286364973379623 0.0946496103212379 -0.184095510341266
-2.55654615093394E-05 0.0116409797548222 -0.0598826595578558 0.168173049648518
0.001127201561098 -0.00466803400878465 -0.12556233367958 -0.0935478306051346
0.024482132580063 -0.0143689013348632 0.0942626953721564 -0.403760818217109
0.0257976204364844 -0.000318771279524954 0.545440929218884 -0.167394918233304
-0.0373382573377044 0.0338220816421865 0.616623859067464 0.548950989970056
-0.0568994740797441 -0.0105545243778344 -0.153262346415521 0.867908030838626
0.0211144792597666 -0.0326738554296207 -0.543432526017578 0.36067980794486
0.0274063935244457 -0.0221979089683969 -0.00605865849962138 0.0888695682213338
0.0145054583280882 0.00860441016757206 0.531586614532001 -0.345322123024404
0.00483634576175046 0.00379947441696349 0.124868682058745 -0.873570681532777
0.0185986790154118 -0.0112890626442419 -0.676832092515495 -0.500451392027663
0.0174022255484237 -0.0518594627532314 -0.606184728998657 0.309512526526374
-0.0135891487032226 -0.0280884939655542 -0.0640445288876827 0.448059855544466
-0.0175257966611962 0.0173969268670419 0.159544815384171 0.118365772878678
-0.00510181333633921 0.0302754391371827 0.090625979925822 -0.184449062937646
0.00291893866076742 0.0122059509108984 -0.0630309007142049 0.168052723485097
0.00179890484521926 0.00112058555212124 -0.116979656590088 -0.0993140215054685
0.0263669858602179 -0.0062655441269635 0.119792934785729 -0.408007739234271
0.0244529139027341 0.00120937376592965 0.559650291949212 -0.147350451647471
-0.0405094638847409 0.0312448734954719 0.586173243312041 0.584313713996998
-0.0565899287248696 -0.0111114225588438 -0.199657841296275 0.865481382919748
0.0168126381804194 -0.0273770486861735 -0.548060003521724 0.339820874241019
0.0201863551540533 -0.015434266911705 0.0156980708034304 0.0845812868293881
0.0102669489047854 0.015295033315985 0.528990195803036 -0.36855543006639
0.00518680943958435 0.0057795040356946 0.0792650580631503 -0.875702703932044
0.0165263643153632 -0.0144382369872399 -0.701132112181655 -0.464602673577765
0.0157714710939376 -0.0512443129977296 -0.587463955325624 0.331526861057047
-0.0130696243829171 -0.0216848363065868 -0.0406306809570614 0.440382323392346
-0.0156177097787868 0.0232165203984291 0.168078277731151 0.109963236541457
-0.00118001501536397 0.0323736653854314 0.0841164761657755 -0.183873974326553
0.00557920108200341 0.0140248300246856 -0.0676463257434943 0.167098263017614
0.00183421468760373 0.00536693178689422 -0.111609129852863 -0.101628928118947
0.0260745221898835 0.000133501102489489 0.135336208444253 -0.411097921621595
0.0266533164517129 0.00557075748539797 0.569125609913323 -0.138691551103338
-0.0378777881432697 0.0326257611582117 0.564500684717279 0.604681788835468
-0.0555786415327686 -0.00689311754350444 -0.232397370480772 0.859929631342749
0.00692370424418555 -0.0188734447750644 -0.545609616166635 0.327889076880873
0.00553811166896317 -0.0076444806833451 0.0323013985198274 0.0839456166886054
0.00305941648508992 0.0243740177413967 0.527557142716006 -0.379742954530584
0.00675469369316632 0.00964267317928788 0.0488144538797602 -0.876350386343326
0.0191236995336333 -0.0155480150435713 -0.717133271729527 -0.44125641430654
0.0161471737880917 -0.0487598058819415 -0.571581982456937 0.338189325633653
-0.0133568858492547 -0.0147941484948879 -0.0223554954731595 0.431176973357424
-0.014654637141063 0.0275229067068897 0.173522869024731 0.105852830503106
0.0017021862895914 0.0353800534728127 0.080645796511734 -0.18475316739923
0.00744853919642089 0.0151691530207941 -0.0723341678275136 0.166351329066322
-0.000153481605214067 0.00743996870218991 -0.110171337238842 -0.101340201473522
0.0242843434755812 0.00526532165401505 0.14439960911 -0.413827037355125
0.0309406514121222 0.00919025298124263 0.571964854964838 -0.137927159429214
-0.030781018829125 0.0369117899997441 0.556043437524999 0.606193567349589
-0.0552796695296412 0.000474424038171637 -0.242775583968033 0.856503795130721
-0.00833607417763228 -0.0108938549750752 -0.541247742366816 0.325421357660956
-0.012127930628639 -0.000468702477144922 0.0423348303203713 0.0855645736643947
-0.0078469723913476 0.0345655342299291 0.52976225358079 -0.381954192556101
0.0110130515724044 0.0165005340133621 0.0405567735026138 -0.878855430774845
0.0266561297128423 -0.0138931841411845 -0.720164283901104 -0.440252689344838
0.0185720207207309 -0.04490734160674 -0.563240584133095 0.336062099885982
-0.0132541054360614 -0.00913663604276036 -0.0147092912013006 0.426225643743319
-0.0154437072856974 0.0299425358306019 0.176511764782797 0.104452070707663
0.0037742357075365 0.0369794126598195 0.0752205770131998 -0.18518106820376
0.00777342760626005 0.014755483696668 -0.075043630253535 0.166121848705975
-0.00108684964129176 0.00862645276545698 -0.11389854643401 -0.0980863631747917
0.0222486535931002 0.00795185520924817 0.14254973238092 -0.416119857550906
0.0358377759942736 0.01327147091652 0.572545155243718 -0.153632047393465
-0.0207896289786998 0.0423177123500738 0.564502847823143 0.589972967745402
-0.0545483518903932 0.0119007153980191 -0.22819541017472 0.858741513350418
-0.0251824514676686 -0.00185608473238076 -0.53275812441983 0.335635081290677
-0.0327074997034254 0.00466273004760341 0.0429770317007817 0.090087127395619
-0.0197356346830675 0.0439931392923345 0.537017703573757 -0.375224890374092
0.0150802493430663 0.0255649827203229 0.0549726699941864 -0.878171569408305
0.0353680515996251 -0.0103097180737833 -0.714771643462732 -0.460196356716357
0.0233829942414861 -0.0403260909199018 -0.566919987342942 0.320901622675963
-0.0153575982690541 -0.00651370236711905 -0.0160405413409356 0.422287309630475
-0.0170298605414924 0.0305603842854701 0.173090004462916 0.106118167526435
0.0052222362327174 0.0381562833102055 0.073606979117443 -0.185406814079321
0.00813214520450412 0.0151042282743803 -0.0771509788778744 0.165507324061501
-0.002846140776046 0.00800704159196911 -0.120916122409125 -0.0930914753594283
0.0204627343130119 0.00782260191723085 0.131484630848149 -0.420516677113374
0.0435836592826412 0.0171948451925731 0.567818218220844 -0.180182047330991
-0.00754689735409032 0.0496635458590294 0.587730742477353 0.559972115443111
-0.0527064727631503 0.0245403505877304 -0.194563889731829 0.860468357282211
-0.0398743074179502 0.00454335181001951 -0.521712784066504 0.352728894782337
-0.0513139730065619 0.00817489465228487 0.0366919069525508 0.0956638421103515
-0.0321669572627541 0.0507938721242571 0.545953597629103 -0.358762092198761
0.0183599669953074 0.0343154165320954 0.0911894648852539 -0.883182529170524
0.0475052482867341 -0.00310872148515387 -0.698118765646779 -0.494728723278319
0.0296902327196036 -0.0362665364696608 -0.579092489061055 0.298164222943551
-0.0178541216939232 -0.00644176142112021 -0.0261372741170865 0.423014208456311
-0.0195109870280957 0.0285242043332144 0.168188535449547 0.112496093609424
0.00505815031161047 0.0381623259629818 0.0722413866102623 -0.187279723088194
-0.00257293191407845 0.00940987003021365 -0.0253445049930235 0.182334534650604
-0.00700561007697952 -0.0109724959379633 -0.162406251286232 -0.0526657498311359
0.0111352986860664 -0.0286860121849388 -0.0258128756435108 -0.405625247323394
0.0329492098914058 -0.0138484051259178 0.474803391220787 -0.319465211041065
0.00153003245213231 0.0415237885586554 0.759868982780747 0.328540705892291
-0.0386593936443683 0.0161228971485682 0.11624732192676 0.864179428239908
0.00204265751382725 -0.0301035446498327 -0.440326884023691 0.496526847135982
0.0144578033987907 -0.0308535192503409 -0.0292931772285484 0.109211992276157
0.0152267390393347 -0.000812930745979233 0.487629464850386 -0.395446722689555
0.0142314985774401 0.000945686491556829 0.0710722120891795 -0.915065597596985
0.0251258653351342 -0.0136183029134522 -0.726743809103302 -0.479213063786083
0.00711614555352785 -0.0553435691883491 -0.596980815373855 0.373594494090871
-0.027357172830027 -0.0312299333168736 -0.0245072749051199 0.481557372365227
-0.0205464730671656 0.0132512550679318 0.169405650755256 0.108101279173939
-0.00187827472988171 0.0264239310921571 0.06446667785614 -0.205189889841141
-0.00024445155563035 0.0103379866564926 -0.0238951379393795 0.181398687903963
-0.00341864048627648 -0.0067976630669951 -0.152744491941145 -0.0628391408484122
0.0141334208803398 -0.0255242946918861 -0.00379971540562124 -0.412516424614907
0.0296104548175305 -0.013755239483457 0.497348296770673 -0.292173864756117
-0.00961672245732264 0.0384068186424759 0.738538747478979 0.381507605343402
-0.0436770205760038 0.00787023510725933 0.0616567545515899 0.878533840779314
0.00955896994225537 -0.0330860740023673 -0.455747338924473 0.474442939729765
0.0226251914134031 -0.0304965209175372 -0.0109523290155083 0.0977789570513578
0.0202031178937661 -0.00120863111462218 0.477684353735091 -0.420977571283225
0.0112326319198479 -0.0037337311098821 0.0139618263334792 -0.915631437959165
0.0157739024196958 -0.0179630654589097 -0.752493560328427 -0.425300180965257
0.000320798678699838 -0.056373554830475 -0.574017867100776 0.405265980345595
-0.0253712915621644 -0.0270081098102083 0.00194703743072725 0.474466506559914
-0.0172847983465271 0.0182231959904129 0.176271756490422 0.0962385580820854
0.00111142599385691 0.0272053981326514 0.0599668404161192 -0.20423338172627
0.00143645495534439 0.00982304261855971 -0.0280819826416686 0.183393684468758
-0.00131684452282822 -0.00204212210521579 -0.144141120678136 -0.0723335235646686
0.0184011308439877 -0.0199320256828727 0.0205084742254008 -0.421288093779205
0.0266762072629248 -0.0134690006369672 0.517903166554883 -0.268976744426653
-0.017566168785125 0.0363741078286782 0.715774870182727 0.430538608582711
-0.0452355162967187 0.00438572516573134 0.00316212116815159 0.889123833778118
0.0123501635528905 -0.0309159483895876 -0.471186181016695 0.452913738481028
0.0228447677187684 -0.0254073335693174 0.0102578818037514 0.0882966554327928
0.0190997417323345 0.00137397662166049 0.469177359062946 -0.445286403921126
0.00907864721449199 -0.00509198791192662 -0.0440958986487331 -0.906736925355457
0.00915858015452924 -0.0213120261633949 -0.779604282290149 -0.368444178875342
-0.00333325830916516 -0.0552543525198028 -0.54401207391482 0.434465430151298
-0.0230282573993963 -0.0215295443255636 0.0283233121455111 0.464347599192925
-0.0136756770282149 0.0240685355310195 0.186285070280046 0.0847560797880607
0.00441855069594249 0.029464588603476 0.0563602709901857 -0.203303013845538
0.00522182619625115 0.0113320867325396 -0.0327826316018747 0.183578598543996
0.00189425358317366 0.00161731241624265 -0.1383078154736 -0.0787668897423795
0.0212859723243008 -0.0143947093462908 0.0427142385415377 -0.430398802569185
0.0274845365064076 -0.0113945431816626 0.535872222730529 -0.249189499096992
-0.0204173436956573 0.0355610943551252 0.693279923242982 0.471909975998226
-0.0454804098140186 0.00338176451423205 -0.0435641449021409 0.894604206498048
0.00971867759174844 -0.0245281404711795 -0.478800258972075 0.43314904699493
0.0171643996955788 -0.0173571417131219 0.0308913256421603 0.0813745896398001
0.0162995663041515 0.00913114329985477 0.46101622611883 -0.46735647493069
0.00893307806820987 -0.00426516096464781 -0.0934800902161483 -0.90095151484687
0.00698143328899242 -0.0246219336009602 -0.797455904597054 -0.326576948126947
-0.00580027932385269 -0.0543642173135219 -0.520428209529305 0.452962702096548
-0.0203872672502215 -0.0143374513967427 0.0504146709491067 0.451864675283589
-0.0105711325322381 0.0292731115625636 0.193269439899343 0.0748053821107738
0.0076601745823579 0.0306912654873931 0.0498996431639889 -0.202619279946305
0.00790720343564709 0.0118954126917227 -0.0369933423063411 0.184577102477702
0.0022864089152321 0.00522597246265244 -0.133189353552414 -0.0831705741084709
0.0215439441774248 -0.00913089131064526 0.0593081772362435 -0.435217712125702
0.0294418485283333 -0.00878588187155702 0.547755747138687 -0.242477833186578
-0.0188212140972195 0.0361299723805614 0.675746531318211 0.494839197299738
-0.0436806583433786 0.00823143654812884 -0.0783955426310936 0.895687102518211
0.00141803102037223 -0.0152841031736189 -0.479876013501603 0.419313557897683
0.00447926948962945 -0.00819240418196519 0.048013663676944 0.0765987871471823
0.0101295973012025 0.0186628564516302 0.455160876722383 -0.479846653701795
0.0114465268530643 -0.000196666431471705 -0.124044306642848 -0.8922912571994
0.00869956739689419 -0.0261257560816616 -0.808811199073035 -0.300660059442219
-0.00512560311382879 -0.0516299428306451 -0.503018760960346 0.457487593918507
-0.0189157447148286 -0.00730989376604475 0.0654230918843424 0.438901280747583
-0.00849250056447 0.0340624673402488 0.1982729732772 0.0677096016619729
0.0108154817737288 0.0325089441973844 0.045444886691847 -0.202805482186918
0.00916313293268426 0.0125109865411341 -0.0408437386043737 0.184151238175594
0.00170983645596269 0.00810262307549539 -0.131973605842829 -0.0829387772497628
0.0218886271095518 -0.00276101070879361 0.0675693417053721 -0.441011256230119
0.03348397045757 -0.00482239027005891 0.550645552884018 -0.242884586052243
-0.010191873407234 0.0388969857105729 0.665781487551535 0.498338315243317
-0.0423729377966184 0.0158757717599121 -0.0891355995420886 0.89536923069789
-0.0112878985984946 -0.00357856539543867 -0.475497685775871 0.416673381343712
-0.011588612215611 0.00108789278144934 0.0576540835699005 0.0762446239038097
0.00326964753886576 0.0300041435554495 0.458060637222765 -0.482092772363622
0.0161531244204071 0.00606253709726732 -0.132399174592507 -0.894779540675279
0.016020860584296 -0.0257401465983112 -0.811826624215106 -0.299069382063614
-0.00198118310485106 -0.0484045330031987 -0.495214131791684 0.454720320730584
-0.0192211237002241 -0.00327994607441535 0.0721975982618296 0.429748615964092
-0.00854077807340879 0.0359290323805214 0.198751535918905 0.0662030106623512
0.0132676397858964 0.0335449354267482 0.0405167532905165 -0.20149347628168
0.00954729652983677 0.0128583169600136 -0.0456206749979373 0.183329982485241
-0.000825534090635038 0.00947062705463484 -0.134732835095754 -0.0779517854463414
0.0215169435594101 -0.000217611073080787 0.0636411788007119 -0.443555520176988
0.0399590777075074 -0.00158639464942656 0.546487159513108 -0.2574815686985
0.000525441690909836 0.0427865989108287 0.673689857167348 0.483982075651789
-0.0391938467364744 0.0256510679615215 -0.0756678345561385 0.893396355307196
-0.0254811012414526 0.0068796564670376 -0.466759559128729 0.422704452691204
-0.0293330888460694 0.0102756660758145 0.0595360469008142 0.0804507957122492
-0.00708723828398691 0.0410738893807198 0.466900892076697 -0.477247948529179
0.0225022465082679 0.0134220442120749 -0.116909610478554 -0.899311282997962
0.0255794551277678 -0.0241582328220411 -0.809561975678719 -0.31740966584209
0.00375083040550676 -0.0460961806403816 -0.503540673766971 0.44012597637491
-0.0196583084280347 0.000230128349026588 0.0699680488946018 0.427046592409116
-0.00987396835745892 0.0350525591121773 0.196919405694496 0.0686874351705093
0.0147879495858762 0.0341414277963393 0.0369965322372701 -0.202326757018732
0.00946952109222875 0.012515568748873 -0.0472448545014813 0.18413052614956
-0.00295002003539695 0.00834075967171104 -0.14080720458443 -0.0727280334922416
0.0186643536772018 0.000566045622970106 0.0527472636437703 -0.444007466292765
0.0471492477764444 0.000119913556211049 0.536061137074727 -0.282309799185865
0.0132529852569291 0.0461172644853087 0.690805783328857 0.449153256852801
-0.0357198135577589 0.0365762937844953 -0.0415743522292519 0.891881685102462
-0.0392583898695019 0.0173711180229103 -0.453884528430102 0.436733693821005
-0.0470464109947759 0.016176498684872 0.0540369263409428 0.0873992816202182
-0.0159076945844872 0.0507837794515972 0.477937747404839 -0.462279065934712
0.0273044591743523 0.0211948444215829 -0.0829728383557646 -0.911182939870211
0.0390761013525252 -0.0208076669921489 -0.800235310413811 -0.354054006849489
0.010673560376631 -0.0424870568084997 -0.518102332852203 0.417190403380129
-0.0221550842250039 0.00107782701403245 0.0593447493545462 0.431119877828309
-0.0127634795067967 0.0349358653974619 0.193380680833763 0.0769323867002235
0.0150047293892246 0.0341926535417334 0.0347779779797105 -0.203670505543082
-0.00260387710604556 0.00848300139846467 -0.0251639916228485 0.181882473150901
-0.0074511301834404 -0.0105138704003809 -0.162419674853424 -0.0535414480763206
0.0114129409845924 -0.0288135031815895 -0.027072972946211 -0.405854253819915
0.0330044243540328 -0.014040170861773 0.474522369643645 -0.32107633409133
0.00175454315623255 0.0419236519268242 0.759171929346795 0.328016288945942
-0.0388802849657157 0.0152578028139736 0.116243764801676 0.86559432762946
0.00204880501958895 -0.0307867129368793 -0.43921566687866 0.495480943863798
0.0142657615154387 -0.031351224483265 -0.0288501686050626 0.108544861544652
0.0153809568590869 -0.0012159952992992 0.487156444446529 -0.393695324658119
0.0134086469935093 0.000990633414611052 0.0736519356209181 -0.915257724900203
0.0257903577533273 -0.0128545011745316 -0.725649867670324 -0.478115859470903
0.00675556491709556 -0.0549468281870435 -0.595902389399807 0.375766688839956
-0.0270659887375422 -0.032227534262502 -0.0235833476534127 0.480949601519403
-0.020254302062561 0.0138868057177842 0.169716285782709 0.108491345104695
-0.00137019429986046 0.0267829594889506 0.0642710270147928 -0.205365710868502
-0.000984285455867831 0.00876915154821182 -0.0243015757142804 0.182467348252249
-0.00381787872434322 -0.00613323127131221 -0.152185289887353 -0.0628615044465939
0.0152700809448254 -0.0259387831063936 -0.00409486606246322 -0.413633887380837
0.0292422203042252 -0.0148018096709544 0.498445112586097 -0.294407059701141
-0.00940145473958383 0.0385501219874516 0.74084225049476 0.380949245460504
-0.0441068171211948 0.00822062474477399 0.0583837960761455 0.879966117078187
0.00982418661623746 -0.0340741439579731 -0.455095078024623 0.475787060720054
0.0224615512895298 -0.0295087093147757 -0.00951845370125418 0.0981475056086474
0.0199422479292118 -0.00237368005049578 0.478372737832632 -0.418604551239406
0.0106327670145212 -0.00446971408565313 0.0147095804247902 -0.913422915367425
0.015812275376573 -0.0182762823099407 -0.752985554704143 -0.425818465755293
0.000897453897825182 -0.0571923466557175 -0.571739322967068 0.405694654953786
-0.0255641782743791 -0.0273266278440943 0.00189407321656823 0.473290152915233
-0.0162012579673959 0.0188661418946967 0.177292287957549 0.0963475913399798
0.00154321585758064 0.0281034086583923 0.0597237548139744 -0.204182438574615
0.00163950542214452 0.00972186292847269 -0.0277761899317508 0.183032961329132
-0.000541615404798403 -0.00196638969746773 -0.14491269940949 -0.0715926697822063
0.0190734751185457 -0.020372532962095 0.019514041412531 -0.423577165925937
0.0270251839377201 -0.0128476092310856 0.519913726782405 -0.269859472248075
-0.0176255789603011 0.0373024108655367 0.716420612341365 0.42801120513853
-0.0451453706361352 0.00302015792314283 0.00356375421288343 0.889804276749443
0.0126927970465495 -0.0311257231557699 -0.468880764475877 0.45247058961255
0.0229341519734797 -0.0253120676167893 0.0115714121950733 0.0881139141419529
0.0201706796782231 0.00103619365602632 0.46698079197312 -0.444993570259363
0.00894683465370386 -0.00571391752753353 -0.0449062219688677 -0.904977684945896
0.00886455302761046 -0.0226712423538502 -0.778126878649313 -0.368293144161314
-0.00408495281348573 -0.0558203710589004 -0.543474869084113 0.435281014362692
-0.0230711020128391 -0.0212982249727242 0.0281984212180276 0.464703261667522
-0.0129449529314725 0.0248118260913696 0.186449886215789 0.0855062049249138
0.00412312765148038 0.0295416860596447 0.0560848574246927 -0.203738272087623
0.00556889031285272 0.0104464795179106 -0.0319350351684206 0.183557381557939
0.000901857980855218 0.00278074915626589 -0.137166807711512 -0.0795414389208761
0.0205450774922065 -0.0148720264590529 0.0428402587383928 -0.430009717925391
0.0265391511398423 -0.0109037093482747 0.536491384662712 -0.25323965472372
-0.0205480507520607 0.0360661576858722 0.693359375514185 0.469155238377779
-0.0453315590707303 0.00382589150252996 -0.0445586564770915 0.894854720018615
0.00972011259874767 -0.0251866809432792 -0.477840565038066 0.432436014113657
0.0172055952049157 -0.0171525422095536 0.0309127998322855 0.0802813230890235
0.0167315077956354 0.00775892880115528 0.459195637464336 -0.466733752621876
0.00894225359138203 -0.00429309773596569 -0.0951107023466674 -0.900894485558673
0.00702741329540432 -0.0244241271239447 -0.797218488393261 -0.325889995347356
-0.0061266424873446 -0.0548281198446311 -0.519636549637716 0.454012596898319
-0.0208239050078432 -0.0137486853289345 0.0513092597479018 0.450883091253354
-0.0100425008490016 0.0302069849974291 0.193436049444841 0.0736462550893978
0.00793991400186288 0.0304280995024761 0.0503959415559358 -0.203320901086785
0.00699108225065539 0.0111618285646573 -0.0368971684220092 0.183964702913081
0.00131111293035171 0.00599756738170247 -0.133488463074763 -0.0824332320492683
0.0220479837595969 -0.00788753606591833 0.0588339304690955 -0.437981197011686
0.0293443573530979 -0.00849035800376361 0.546877547473841 -0.24150452713223
-0.0170329554671486 0.036584580833586 0.673657438785839 0.492296632140711
-0.0437135188956146 0.00752472001613719 -0.0775304751178427 0.897706227541809
0.00129716290755652 -0.0151307766703029 -0.478643787196097 0.419671409541891
0.00511407374982519 -0.00778647471996541 0.0478007318219456 0.0771722462101791
0.0108185801210187 0.0177221668274894 0.456262251790917 -0.477917481756625
0.0116366785265806 0.000501766860305832 -0.124823419072715 -0.892601702130687
0.00908763032749742 -0.0256886514706609 -0.807476095385771 -0.299302887957278
-0.0054999534348339 -0.0520542875641838 -0.501285926075288 0.459707961276222
-0.0182800390942262 -0.00769173785217936 0.0656888158912675 0.438963383079413
-0.00763700580698536 0.0339580667600473 0.197596848069143 0.0676820157098156
0.0109305841445064 0.0324575534733685 0.044868839734804 -0.202263076707824
0.00907328671092967 0.0123863166049459 -0.0414326002897719 0.183066092303636
0.00110516575104325 0.00888360006336923 -0.132087711295535 -0.0825221071022204
0.0225057726142362 -0.00223203334323412 0.0666653908593913 -0.442009915689973
0.0333232568245664 -0.00545716994462815 0.551314453670386 -0.244761640396391
-0.0109292035286948 0.0388871609816996 0.668241870723858 0.498108588047663
-0.0421474781681333 0.0153750328639871 -0.0889948732692155 0.89652293918625
-0.0116225814710041 -0.00405289585048683 -0.474287917843169 0.41695616719876
-0.0114061488275609 0.00131847047161309 0.0575943236864159 0.075594421816915
0.00269553723738598 0.0301448089661635 0.456793062587666 -0.48173268994242
0.0162342339830199 0.00546310592155236 -0.132751928008187 -0.894886373317019
0.0158856242674184 -0.0256598137630493 -0.812038297321372 -0.296380711395932
-0.00161924481317751 -0.0489647067579591 -0.495984851466031 0.454299907885317
-0.0188440517889387 -0.00227395554899519 0.0742373268446746 0.431447244846344
-0.00777678631311214 0.0367453062193486 0.199547031533586 0.0665013654597255
0.013986136021532 0.0331068179490982 0.0395226328138476 -0.201103088479638
0.0100118418556093 0.0123107611254127 -0.0458449451994557 0.184472415249569
-0.000567117187625767 0.00901677870295249 -0.134962111298338 -0.079089322278699
0.0209759582027653 0.000307970322751166 0.0656897345195823 -0.444666651145164
0.0405680714832402 -0.00205158336522369 0.547829571538943 -0.2585702657776
0.000868636586171881 0.0430891685823426 0.672468727628934 0.479572428656697
-0.0390777928032434 0.0260809713999945 -0.076961958868245 0.893076709959965
-0.0258708235642016 0.00708855507385751 -0.465950184115209 0.420703521919899
-0.0295095099640733 0.010366753188628 0.0600436689333921 0.0803590459213648
-0.00729061422340684 0.0411400133713157 0.46652198049458 -0.475758958176681
0.020918147727491 0.0138010462435466 -0.119143838665991 -0.898937220394408
0.0255914661275403 -0.0239422512764682 -0.808330105301684 -0.316641973706737
0.00372350105201081 -0.0456852854799185 -0.500441388449121 0.440089606090614
-0.0196683368471083 -3.58261602624622E-05 0.0710710198730358 0.428203873016523
-0.0095043233640605 0.0369905852314823 0.19759548744764 0.0695531730804159
0.0160165369520754 0.0339016332719024 0.0375056139060965 -0.201995031161973
0.00973628619179637 0.0119734913648564 -0.0469657994307685 0.183600373486909
-0.00317849108955011 0.00902304672391228 -0.140721231357053 -0.0718562720430397
0.0184825237350511 0.000380915063804669 0.0518095656466314 -0.444516304660942
0.0471654567605115 -0.000735432653772586 0.53621543056456 -0.283893851888074
0.0142612960333908 0.0466477459300546 0.690806383097382 0.447864725034462
-0.035509388850095 0.0368734378873921 -0.0412156639442757 0.89152142426383
-0.0382669641778901 0.0174485155574062 -0.454394031549862 0.437684736754847
-0.0473057573194704 0.0163614228342602 0.0537039595942801 0.0869217769253195
-0.0166506691064813 0.0500827304048691 0.479730129560554 -0.462361977410557
0.0277241508882735 0.0222995493022208 -0.0836635056118005 -0.909925730853702
0.0385026547255861 -0.0210104308256469 -0.800401233983436 -0.356579740314368
0.0103934119966607 -0.0431961844666041 -0.519259372525371 0.419606971174728
-0.0216344877994193 0.00109917705965469 0.059223930387701 0.430064401519755
-0.0124616636898449 0.0357067535493307 0.193400080377664 0.0757440388613261
0.0155297308792418 0.0332436093673536 0.0346161919474953 -0.20249287537593
-0.00162703539246145 0.00764450653084652 -0.024741175871376 0.181671309884141
-0.00648503294508024 -0.00960718715356417 -0.162146330112511 -0.053587616367053
0.0102340385855525 -0.0290808941494017 -0.0280694048042041 -0.40785063566136
0.0326600007077162 -0.013959515835407 0.476459334467241 -0.323354175330376
0.00204190833479172 0.0424125188912608 0.760746611798619 0.325896533561095
-0.0393748567665335 0.0160050450651277 0.11586329849771 0.86678300912087
0.00306637175733498 -0.0313082205786406 -0.43942736354721 0.496582823211522
0.014285082964779 -0.0307785717532959 -0.0292368907247605 0.108702654830911
0.0156982979607166 -0.00150615449484404 0.486741324599768 -0.394321500830865
0.0131689862699612 0.000659389977813609 0.0729214348133674 -0.915710843264245
0.0251757331531367 -0.0130550961663185 -0.727488222299916 -0.47857053607444
0.00624622100998819 -0.0550001653327836 -0.596490832687307 0.376464440402406
-0.0277618823017809 -0.0313925540679992 -0.0218118662088935 0.481342652736186
-0.0194765200407953 0.0142605738334488 0.169560303100602 0.109158922793793
-0.000923279266459397 0.0264525837929772 0.0635782744498351 -0.204976181900474
-0.000223803348591909 0.00803082776940528 -0.024110623564543 0.182646598364096
-0.00378662993644818 -0.00641665638032807 -0.153173021168671 -0.062873581843446
0.014547788900314 -0.0266772969582387 -0.00583853098723172 -0.415106813290647
0.0298294453822585 -0.0137730851980018 0.49938767772161 -0.296762637357359
-0.00914222262605103 0.0402566126178148 0.74031561184475 0.380339597234772
-0.0432514864510777 0.00760183253394716 0.0591018724847061 0.88046804138577
0.0104413965533827 -0.0340537477641961 -0.456290924568904 0.475676706427243
0.0214700522849632 -0.0294723818187696 -0.00940737036161692 0.0984854307103129
0.0202391656268871 -0.00211824710122487 0.476100924719337 -0.418211246273923
0.0107487584281677 -0.00332527889224269 0.0134226338694083 -0.91440100316601
0.0151164258315249 -0.0178956632566656 -0.754247630377782 -0.424045182535189
-0.000652951708482532 -0.056499905800267 -0.57267939403708 0.409422590039257
-0.0256095311805836 -0.0271194923223135 0.00290671394285561 0.474579291442687
-0.0165531959521264 0.0189761995518495 0.178321473142056 0.0977981002078351
0.00190344648214138 0.0285228017922284 0.0604547131539797 -0.2041949685776
0.00176489691747435 0.00952434879301757 -0.0283454398030694 0.182892852385238
-0.00124714206250539 -0.00229188673113629 -0.144618577122896 -0.0721339041412062
0.0181680143152923 -0.0213580229809934 0.0189929719665497 -0.424696682498677
0.0264585162629094 -0.013282913794138 0.520647270224894 -0.272726188804376
-0.0170118098296723 0.0380842866173573 0.716910193612822 0.427738517403494
-0.0452845671415003 0.00346938335361244 0.00154299123201506 0.89212809435227
0.0124662562118109 -0.0326993435314416 -0.469635498103192 0.452052585246245
0.0228058805506484 -0.0250305278185901 0.0115213557331944 0.0885873096105605
0.0202426216566511 8.16021463116053E-05 0.467207062889293 -0.44549714968333
0.00931515082125182 -0.00513409758113668 -0.0454953315283365 -0.908521021479033
0.00915553079338852 -0.0226401764884893 -0.779967295971244 -0.367516949857657
-0.00365860952681374 -0.0557450725679482 -0.543757598279276 0.437754686399115
-0.024141099437777 -0.0198340393570967 0.0299474020464814 0.465620826840962
-0.0117632843810484 0.0250782824000354 0.187430962484097 0.0844629194449099
0.00610067844791819 0.0297548516561265 0.0571079761789975 -0.204571664964322
0.00494876442637974 0.00866942446185905 -0.0318190404375002 0.183239170638296
0.00101887100270639 0.00158578210330741 -0.138269599918164 -0.0788695426549149
0.0210313786029956 -0.0142002610014676 0.04182553714475 -0.432651715245264
0.0261132480078137 -0.0107419346859387 0.537108354662533 -0.253982928546735
-0.019889532251444 0.0369633715492173 0.693384826438057 0.469900952123592
-0.0448081962331285 0.00229652889100885 -0.0449701661997248 0.897246361632946
0.0102435569758391 -0.0263801269633503 -0.479381791179887 0.432865788037865
0.0175071426608231 -0.0168657633883992 0.0319221691021621 0.0808542717924492
0.0165048868041926 0.0073559106274963 0.459013691577861 -0.465738591380449
0.00792192381347091 -0.00378766789413065 -0.0943638369645307 -0.900907992225392
0.00691429415461466 -0.0248503275149638 -0.798609224335636 -0.326782111646076
-0.00638572541892687 -0.0548652031363835 -0.518397278375319 0.454408035594839
-0.0212194001397202 -0.013762576903339 0.0518559329549455 0.452674773078794
-0.00877611460456514 0.0299694224538611 0.193942854978569 0.0746700235217791
0.0088510765589635 0.0306053314674819 0.0506577410337993 -0.203404676213516
0.00726789790411775 0.0103487259555878 -0.0379882016453859 0.183422284266644
0.00160242995249152 0.00636493398682645 -0.133722312777963 -0.0818535523243163
0.0227306657694624 -0.00770910462796297 0.0574493180193277 -0.43943558025841
0.0289943589678001 -0.00804480347498538 0.548396850470491 -0.246102997113212
-0.0175570921072943 0.0382595533773034 0.675418968260022 0.492026381155064
-0.0440169033174151 0.00733665083174468 -0.0794046836678765 0.898862304901063
0.00143489884126926 -0.0161456609231149 -0.480428404867603 0.419884879588803
0.00524147828450934 -0.00784145406030862 0.0480188342010232 0.0765650857913921
0.0110359478739754 0.018562034722267 0.457097479332412 -0.477508648792111
0.0105213814636509 0.0002805294154047 -0.124715186779095 -0.893880236132627
0.00883795678816528 -0.0262081700906119 -0.810574681622647 -0.299450228722506
-0.00555189012950795 -0.0516649337560702 -0.501622856719555 0.460132192553376
-0.0189796798762824 -0.00733049593799539 0.0675451008058988 0.440671921948795
-0.00685052711939838 0.0345384022376687 0.198905904122097 0.0664485511494776
0.0121919650146408 0.0320317609545766 0.0457532144120482 -0.202085291941198
0.00913207414017604 0.0104892022067209 -0.0417112492991701 0.183488508512236
0.000556130674470054 0.00923484913275473 -0.130962628865783 -0.082841145505255
0.0221235970149256 -0.00332532223988873 0.06649311525179 -0.444013548537713
0.0335561919476988 -0.00500194651849967 0.551753759956011 -0.246933837995187
-0.0100342347528122 0.0401978853597415 0.666927360126475 0.49732710376438
-0.0422822337140041 0.014914556027655 -0.0896774219143243 0.8968637571238
-0.0112809033642149 -0.00486904135618059 -0.475667153328549 0.415521178140743
-0.0115733718573535 0.00191147539067189 0.0583228268151824 0.0760042620662941
0.00387365226660757 0.0293656301014319 0.458158066158017 -0.482682290210283
0.0155840947289104 0.00543044665455101 -0.13444393489815 -0.896403169361515
0.015711833022731 -0.0259205001105234 -0.814184415647111 -0.296359048262131
-0.00187130584045174 -0.0487814419519999 -0.493953557532641 0.456566766986406
-0.0190790284242546 -0.00276596294241994 0.0731636763258772 0.432377947255683
-0.00713181466993598 0.0368590006752081 0.19946322586256 0.0661195553947334
0.0141372271545153 0.0331119456839514 0.0406179984185675 -0.202362839658887
0.00894281363015119 0.0109247498799611 -0.0449498618593722 0.183951657040293
-0.000447324324200155 0.00988982725120415 -0.135147896004183 -0.0783387187265086
0.0204344478472028 -5.08903181058954E-05 0.0638150191655702 -0.446534881964118
0.0396119722592266 -0.0021855913471476 0.548246081912209 -0.262037730031064
0.00106594311031696 0.0442414269946991 0.672943943554008 0.4815969870613
-0.0396891856385307 0.0261247123411207 -0.0762264129458492 0.89620994182114
-0.0254940094760646 0.00653712381787149 -0.46600626114538 0.421728286426583
-0.0298010512502498 0.0106694026766343 0.0604294476045106 0.0797975534788599
-0.00662386364225299 0.0411171266752792 0.467738091541955 -0.476395980892755
0.0214530288686666 0.0127984769026632 -0.119503114658199 -0.900417941510653
0.0265256784220409 -0.0244263691331424 -0.810604567204955 -0.316520925474109
0.00256687053364913 -0.0457884995607231 -0.501116500745851 0.441839053626238
-0.0196572582142137 0.00106507043731503 0.0728223392213794 0.428007652626294
-0.00888065231806872 0.0375733675106032 0.198433116309252 0.0688017468178752
0.0161225967745731 0.0333659366882104 0.0371082364764279 -0.20242821575393
0.00926303506745353 0.01004334124344 -0.0473590938802059 0.183520350559484
-0.00330071226473967 0.00914847197577537 -0.140641742649683 -0.0714979275928729
0.0181635683865768 7.55173824465534E-05 0.0508731010373854 -0.445560899515621
0.0473623483506216 -0.000497616032462112 0.538221478394828 -0.285279297317397
0.01415214124222 0.0479426446589106 0.691760276056908 0.447170801140681
-0.03516765312397 0.0355921562907709 -0.0411846269272474 0.892963191231776
-0.0390070105893303 0.0160433523477652 -0.453588821186323 0.4367936358007
-0.0476395293292467 0.0166673919308802 0.0545139874225624 0.0876442007307918
-0.016891329177838 0.0498190338040911 0.479436998975128 -0.460928466263503
0.0268991144004518 0.0218790718664071 -0.0826465768368099 -0.910658078511015
0.0384987882744088 -0.0209261287988042 -0.800895933992493 -0.356186451738983
0.0102674517310748 -0.0430600109888329 -0.518488476472342 0.420304416408969
-0.0224414040561615 0.0013616034697934 0.061630852707318 0.43043297177387
-0.0112899488788188 0.0359107358243451 0.193968823159394 0.0762952898447023
0.0162792444926048 0.0329913755346738 0.0351682847749239 -0.203857188859801
-0.00264919464814171 0.00736676421970686 -0.0250684054559466 0.182328572349257
-0.00729989649917635 -0.00949434538610355 -0.162203032218027 -0.0527959691924489
0.0107594516357314 -0.0293248135532517 -0.0297994441443968 -0.409272895698571
0.0332796223999028 -0.0152794971559201 0.477352081563658 -0.325590355714053
0.0024865212272372 0.0437974372535421 0.763249265275959 0.326157792658832
-0.0389605174219001 0.0146880345950373 0.115688647322715 0.869480031323537
0.00266107498228659 -0.0319699979868646 -0.441114015591224 0.497942629139099
0.013957206636228 -0.0309000705457358 -0.0282776652318086 0.109683114390488
0.0158333521610317 -0.00243118895271303 0.487612970351912 -0.393237119472353
0.0125973806396026 0.00117778492924526 0.0724902399588073 -0.919849215405943
0.0254970824704769 -0.0136694783887218 -0.728721513338621 -0.481009928896716
0.00648964491626202 -0.0552787556341427 -0.597714008365442 0.379175944102004
-0.0282876859238067 -0.0310165590087801 -0.0199605336999957 0.484922865700535
-0.0192846950580262 0.0143175219007217 0.170579149610898 0.109917700150488
-0.000222560366402348 0.0271248422242222 0.0652374963820884 -0.204665938298664
-0.000508244923787777 0.00716327835390449 -0.0249527636386144 0.182871620198275
-0.00360485489913321 -0.00606423666269663 -0.153630469759531 -0.0626153921052655
0.0144654530956001 -0.0262482422160972 -0.00645516297818829 -0.417431178959826
0.0290464026407428 -0.0145779380321543 0.502437489885451 -0.299754962488865
-0.00949486430842397 0.04088796650365 0.742755443092738 0.3795961464145
-0.0428028364953094 0.00750003229011225 0.0601611365443755 0.885493775736009
0.0101451069230358 -0.0349833484788812 -0.457207707707996 0.476652596020693
0.0221412570928073 -0.0299740319725503 -0.00937623779413402 0.0980549050013949
0.0200696459021438 -0.00286464881489461 0.477661813535983 -0.419227698001536
0.010879890138733 -0.00443327575356875 0.0116508038457544 -0.919346826907966
0.0162707643968555 -0.0189586460563514 -0.757332122537017 -0.426580061549554
-4.11354288380877E-05 -0.056704953186703 -0.573614246040205 0.413286561889148
-0.0256017809668349 -0.0265068130036913 0.00390504589831099 0.476271773407654
-0.0158833286312114 0.0198872282130839 0.178763009972103 0.0972154406036648
0.0026495912487327 0.0280318947842751 0.0609506420041991 -0.204841203628373
0.00198652628109791 0.00790778261360718 -0.0270218505388189 0.183670904819796
-0.00115739380279991 -0.00229753108714404 -0.145538026368565 -0.0724705816967052
0.0184511845167749 -0.0209932654780961 0.0183369174192921 -0.426595502843875
0.0267102280122002 -0.013324129021014 0.522399399497949 -0.275762586125002
-0.0166963456557715 0.0390303326624536 0.719508943636712 0.429066840232637
-0.0453002494435315 0.00287703044498715 0.00339238812119091 0.893311704344201
0.0131120640475652 -0.0332008291122889 -0.471635895438703 0.45448566945854
0.0232244622632605 -0.0248406529971118 0.0107992030420664 0.088237240125412
0.0209036644851232 -4.83926563980934E-05 0.468585948106771 -0.446169254913192
0.00834032217818047 -0.00535931590251676 -0.0464205728431231 -0.911321008774842
0.00935871522996259 -0.0218412262954736 -0.782097693404407 -0.368305321203582
-0.00511235618054776 -0.0559269061274246 -0.542449623643296 0.441422473062412
-0.0231626606994045 -0.0203722964250418 0.0308824094701748 0.466967341818646
-0.0111237396386567 0.0252214897342934 0.187807063309896 0.0847067211576221
0.0054630747944868 0.0297968993358658 0.0575839586432806 -0.205060457806783
0.00489068915241608 0.00922060029637724 -0.0314154758809556 0.183299315452829
0.000825670518446538 0.00179453303094824 -0.138534618882901 -0.078998721916967
0.0207155713761394 -0.0149048690592875 0.0398060144836954 -0.434221574788215
0.0263775352824037 -0.0111266437090368 0.540711859105512 -0.256589534416512
-0.0199781726075529 0.0369778976302243 0.696144209434541 0.469372278280192
-0.0453380481479978 0.0029195540919248 -0.0462970689695223 0.899833745305679
0.0105436913882258 -0.0269835541284737 -0.479177847025509 0.434288400253649
0.0178012887639675 -0.0174906150866911 0.0319136075935401 0.0805889984921814
0.0169074344028713 0.0076365590606515 0.459382078220601 -0.467439016965753
0.00767736903346167 -0.00389278036113911 -0.0950451328519388 -0.904352903593546
0.00612088194631631 -0.0246185912747894 -0.802092561020935 -0.325266717420056
-0.00660371651848823 -0.0543636341256214 -0.519563698068773 0.45727492112103
-0.0214261492356367 -0.0133773745697947 0.0533818233065741 0.454860153807627
-0.00857763355355182 0.0309443225880025 0.195462693437576 0.0747392441205351
0.00891906453077242 0.0309720035626526 0.051149838528639 -0.203791535286393
0.00692591359704647 0.0101327659328573 -0.037193135111402 0.183374658454481
0.00143413684205767 0.00663798351663952 -0.132859878732844 -0.0825176460338816
0.0222127537790785 -0.0085833413596724 0.0565441884660919 -0.441947098714873
0.0292343454663704 -0.00924329350136126 0.551290854046723 -0.248836798418167
-0.0172711825664693 0.0383969767392661 0.676346396682168 0.492457654646121
-0.0442382082331967 0.00748445199380621 -0.0775076243536771 0.902912706080623
0.00216384712960195 -0.0169721827929768 -0.480543428552517 0.421374829522023
0.00568557212158252 -0.00803758021222947 0.0482205660482871 0.076764002273355
0.0110150693029391 0.0171001567658297 0.455888506020178 -0.480186332150265
0.0111802853221033 0.000260765282526261 -0.125518009289346 -0.896919817718733
0.00939727461079386 -0.0257160236704145 -0.811578633771366 -0.299562205271806
-0.00564424261303491 -0.051953984120689 -0.503409069685666 0.465241152504537
-0.0194872025962619 -0.00741324458787358 0.0692211060206474 0.440612243540589
-0.00696422256155322 0.0351431279029778 0.199541092520963 0.0681544160971554
0.0125098586245524 0.0321011992599983 0.0461192562748584 -0.203529670676111
0.00911933249631795 0.010273799659551 -0.0408628963365675 0.184349324988233
0.000898176171002263 0.00910405266623486 -0.132513981053573 -0.0831806807856972
0.0226652097020464 -0.0028518108177651 0.0643675588596038 -0.444763615997229
0.033779440835122 -0.00554796398669955 0.554026034799181 -0.24915697370891
-0.00985327512519306 0.0407549163663032 0.66881553553644 0.496625146482747
-0.0420111982938662 0.0150562550786731 -0.0900339059046298 0.901363530686005
-0.0113030409268422 -0.00586403253447447 -0.477778639477558 0.418867249850641
-0.010722318122159 0.00213744386333263 0.059165080192776 0.0762753544187526
0.00293500544354104 0.0288568297322061 0.459249109223136 -0.482536780897598
0.0157928175850437 0.00628949656742138 -0.134962283416673 -0.896393441808837
0.0164083747504407 -0.0257393995744065 -0.814714752006248 -0.297447248137161
-0.00288403309706307 -0.0490771500824785 -0.494892743556389 0.459977350124145
-0.0189501192411837 -0.00190523310904681 0.0766989238769215 0.434612811686304
-0.0068608481984018 0.0373750535800376 0.200851072825852 0.0668804826329866
0.0149890522128226 0.0333102249363895 0.0414543620180704 -0.202725682786558
0.00999013053659596 0.0104253496921058 -0.0455386473108611 0.184891917911371
-0.000379578213264717 0.00982298273352773 -0.135119769126182 -0.0786473931479375
0.0213221842162266 -0.000504751696186843 0.0624937651565213 -0.44873976770725
0.039555169320136 -0.00267944022071443 0.551050456016482 -0.264239274966306
0.00154152306881552 0.0455163305801869 0.675064198687612 0.480620512316259
-0.0390981952073369 0.0249053327763829 -0.0768040452726966 0.898354244490538
-0.0254238103341 0.00558543709610348 -0.467771197420442 0.423989367198074
-0.0294898994790805 0.0103297658784869 0.0609614066687622 0.0795760642552585
-0.00657457378654273 0.0404090434038795 0.466678181908485 -0.47623618486925
0.0207685281087014 0.013312838605455 -0.11829921997177 -0.901264396540463
0.0260852515483625 -0.0245599303205499 -0.812905902985286 -0.317387032348007
0.00268490743321864 -0.0451830896496706 -0.500855434626897 0.444166904649814
-0.0202557962625833 0.0017001982445037 0.0739441468831021 0.430451850090234
-0.00841558781487205 0.0377971171746708 0.199305624204063 0.0689805998368468
0.0159006453486589 0.0334779784830589 0.0382220074979016 -0.203040927541285
0.00967606788569255 0.00987212540263135 -0.046772888349281 0.18400783640663
-0.0027790770270774 0.00951371166934673 -0.14085550220324 -0.0720835143610181
0.0181892514996294 -0.000112431858868844 0.0487795899564555 -0.44840857186535
0.0466993541483248 -0.00131552453411156 0.538728737711243 -0.288931015067574
0.0144481894683386 0.0486460495901633 0.693626137914223 0.446462187459079
-0.0353714699550142 0.0360157741573143 -0.0415365919185524 0.896863971484416
-0.0386822525160646 0.0162094773109106 -0.45639731724815 0.438483723737328
-0.0472552004011863 0.0166635194568179 0.054515132144846 0.0869975549197248
-0.0177575676418055 0.0498604262929742 0.482067903054707 -0.461754669981594
0.0269172185072204 0.0218759307126387 -0.0842424225037526 -0.914267929010259
0.0387664379414173 -0.021023989034836 -0.804659826875404 -0.356108928186504
0.0102210084544789 -0.0426861019285315 -0.519119289936874 0.421686268156825
-0.0224675418169581 0.00132970715984761 0.0619789203302309 0.434584968338315
-0.0112578492280502 0.0353039334672577 0.194844477133833 0.0765194468064693
0.0162884420701304 0.0333699605394577 0.0362214219481879 -0.20350177004862
-0.0029121604541202 0.005497752495211 -0.0244271577793522 0.183429067075953
-0.00762927458703661 -0.00964502205171677 -0.163107331402535 -0.0532456202722733
0.0111114198435292 -0.0293872054150313 -0.0314520277612922 -0.411138516500543
0.0335126082335287 -0.015577228699351 0.478723877147358 -0.329929095114616
0.00358500144276424 0.0440203563738695 0.765673714305871 0.324669214192281
-0.0390483357469782 0.0145721893439931 0.117050514603034 0.875039308335053
0.00290903460898447 -0.0327866377656282 -0.442568722870626 0.501645887459168
0.0144895060604812 -0.0312186576416607 -0.0280906725306213 0.10941194256857
0.0158743535284902 -0.00168808843424173 0.490329288396033 -0.394388701146313
0.0136952951882298 0.000795462688112786 0.0708091045891419 -0.926179413128603
0.0252102429370434 -0.0142526982222743 -0.734455953519819 -0.482310746405765
0.00671663757894588 -0.055238066380612 -0.598741906135816 0.382681016048806
-0.027860714888889 -0.0311858365561759 -0.0184674469973721 0.486469477254811
-0.0181941118270676 0.014888742533226 0.172388143390301 0.110668684221564
0.00111929948209637 0.0265689461842239 0.0646724828856359 -0.207042024289907
-0.00144880213711116 0.00599958132665987 -0.0234766034125962 0.183307370615699
-0.00377567834458817 -0.00577555581886306 -0.153900399144626 -0.0634745551290831
0.0148747096650512 -0.0267892743602747 -0.0066406634062058 -0.420319226491413
0.0288869662594797 -0.0146773385516059 0.503773154301394 -0.304393600605849
-0.00856749881053283 0.0419771027657884 0.748128837596779 0.379394316380534
-0.0440656101476837 0.00717172484926597 0.061176445831332 0.889646191602784
0.0097900004617296 -0.0355090341126335 -0.458413501588262 0.479122176716292
0.0222846215478083 -0.0297734956854894 -0.00851204790852869 0.0987368079486156
0.0198414399261984 -0.00335122793386386 0.480299448769587 -0.42228201744209
0.0100900757335185 -0.00363478491812939 0.011104250597379 -0.923427268552861
0.0161277042447439 -0.0181815540185709 -0.762450800237061 -0.428615813218357
-0.000462517698698256 -0.0562614672831158 -0.574069141633719 0.415299829161418
-0.0264412097335478 -0.025577388949632 0.00691132092031677 0.479344299328078
-0.0147255876814378 0.0202861792605066 0.181511349846533 0.0976309305909588
0.00325277611442355 0.0277255842817881 0.0612219546588545 -0.206805979554665
0.00208755673989819 0.00739826423779675 -0.0280384902028105 0.184629882677443
-0.00170991801305394 -0.0019700264980221 -0.145830124878363 -0.0723750696786304
0.019257488233294 -0.021468319369182 0.0165707352828408 -0.430029883624459
0.026951652682424 -0.0138593273270054 0.523625839459305 -0.280126898379107
-0.0165241253313327 0.0390843421059969 0.723571497401128 0.426832192236064
-0.0453341804804366 0.0018349007937975 0.00347833173642075 0.900846461021201
0.0124542051473691 -0.0340135990361661 -0.474105357726622 0.457083095924455
0.0238432764498753 -0.0251671857776842 0.011912864463223 0.0885940820039989
0.020707468572907 -0.000169525188588034 0.470686134048897 -0.44855835993653
0.00857184445291082 -0.00598345841037756 -0.0473414279350679 -0.91464951143712
0.00955458769276362 -0.0221926516788277 -0.788186706673829 -0.368308509533757
-0.00492063442130643 -0.0562049764898894 -0.54440677031896 0.444411637814241
-0.0239922766666598 -0.0199144468199019 0.0324842823835067 0.470619361792585
-0.0119229775483818 0.0257688605991625 0.189736936850264 0.0852435675880298
0.00578895884625119 0.0299545398702106 0.0578757229219341 -0.205661675774631
0.00494288427522548 0.00811477872258589 -0.0305987553795216 0.185184682459464
0.000521071837341163 0.00260743981967417 -0.139250833982067 -0.0795625406664082
0.0204416502581062 -0.0153085771448375 0.0393124365399111 -0.438756852739878
0.0262816217673765 -0.0112355804802603 0.542035506491337 -0.261016044994062
-0.0190872931005202 0.0385737906379711 0.701204710022467 0.469425410077414
-0.0455207706387371 0.00260997137766262 -0.044769422496439 0.906510874564228
0.0101163979572527 -0.0264947965577902 -0.481961101027808 0.437067636936714
0.0175004644227714 -0.0170081687428394 0.0328383154717766 0.0809629250369794
0.0172101556513297 0.00654171161884325 0.462453201038996 -0.469452837758442
0.00806373040136702 -0.00440441320809603 -0.0962872425955844 -0.908155007525852
0.00749979623645147 -0.0248135902790496 -0.806394256643066 -0.325836117059011
-0.00680247072443915 -0.0546163508550458 -0.520514207063033 0.463354389826035
-0.0216089719006143 -0.0136161426252836 0.0560756546997942 0.45656289288262
-0.00803612023955514 0.0312969096157872 0.196395767369383 0.0742968757650358
0.00935982567201372 0.0313663492922832 0.051739943940936 -0.205491455501283
0.00766369398126041 0.00908108410490803 -0.0366542518662973 0.184658351410291
0.00204499804067786 0.00737467787150384 -0.134965239347288 -0.0828697975895025
0.0216958932323138 -0.00914047696539126 0.0565309983224805 -0.444878501821348
0.0299444848981598 -0.0088625288424913 0.554974190678562 -0.252466266137958
-0.0163677564508001 0.0398034506051634 0.680801448861881 0.493773097133566
-0.0444791545269263 0.00671180668442191 -0.0778730486734922 0.906499389992682
0.00133398860487837 -0.0169724280532192 -0.481755326230008 0.424678134159147
0.00512564258485745 -0.00756181936394828 0.0491518970257393 0.0766054273448017
0.0102918811438664 0.016953022206337 0.458424696302104 -0.482106944480547
0.0107056349774992 0.000163323038537224 -0.126322343176061 -0.90179970413919
0.00939565391948515 -0.0262288273282103 -0.816499881681979 -0.299802050494809
-0.00649968267403534 -0.052508119040124 -0.502612694779889 0.469616021701103
-0.0196269112220916 -0.00655047290590645 0.0715704116329091 0.444133285822009
-0.00561035934163285 0.0358285636074905 0.201258627945628 0.0683095489671629
0.0128781572554467 0.0315728411234821 0.0459823840279596 -0.204848310218773
0.00853411900599595 0.0092303413965279 -0.0409628672629684 0.184639595953345
0.000756465278775149 0.00919842528871479 -0.13349896333975 -0.0831058661569591
0.0220173234805912 -0.00410121272561521 0.0623325256557937 -0.449249586800219
0.0332918613951773 -0.00527886265800964 0.557919525247233 -0.253918537115869
-0.00895827867031773 0.0421486672446865 0.674069587328156 0.49793121402849
-0.0425121363390288 0.0143893951936458 -0.0893327699957139 0.905769561779347
-0.0112402642120341 -0.00580498739552371 -0.478886304459736 0.420384929050952
-0.0112033007654944 0.00227459290968587 0.0604272555859234 0.0767434452146301
0.00204853148124204 0.0289324403144719 0.459703198954932 -0.48584313804097
0.0146494569988515 0.00595101776464874 -0.136220140807817 -0.900795223435035
0.0161414720289172 -0.026157167214692 -0.820866271986528 -0.297515083225835
-0.00246842667094843 -0.0488257375760299 -0.496141145484066 0.464277887322463
-0.0190629133808872 -0.00204776835657395 0.078352977491108 0.435542017423237
-0.00707149066701791 0.0374572796092532 0.20257647195191 0.067241850451983
0.0154577567260643 0.0334701463548327 0.0415990904104208 -0.204224320916248
0.00930367452739393 0.00946429623077614 -0.0447449648848129 0.18495908920778
7.75715613987895E-05 0.00979824688902396 -0.136394596259831 -0.0792925614525396
0.0208514818589426 -0.000432986084248076 0.0625585348886848 -0.452887759656658
0.0399420845375465 -0.00248436970935743 0.553342166534646 -0.269151990550496
0.00170585905158255 0.0457482767682846 0.679729800361683 0.481231986229636
-0.0392895666674357 0.0253043326521422 -0.0765804762086087 0.905216591913947
-0.0257879578321435 0.00477045265565399 -0.468831614076583 0.426163160517196
-0.0293802768986875 0.0106466114780366 0.0618638569913209 0.079435238171952
-0.00657977658936031 0.0411394480122853 0.469065536972451 -0.479005326265913
0.0221109568629862 0.0139067487838478 -0.120734910966685 -0.905921485542803
0.0261282696288281 -0.0249230351791659 -0.818256303926217 -0.315958098179277
0.00223646734001113 -0.046438707937264 -0.501670248034017 0.450065577517273
-0.0202799625381252 0.00163057932214859 0.0753586268119357 0.433288782938847
-0.00772932609005643 0.0384902047068127 0.201308360437591 0.0701631670489206
0.0172582512046712 0.0339664823770565 0.0381663397194853 -0.204547262578318
0.00865359302409143 0.0095681890694297 -0.0460855346313048 0.184389608275835
-0.00212126784928821 0.00882449031880135 -0.142452677118604 -0.0723817000538747
0.0183272528636599 0.000395504798970872 0.0496382362751555 -0.451717059645038
0.0466685394071877 -0.00158183260977468 0.541980875716084 -0.292428731931373
0.0156800839296919 0.0497350373864946 0.697932315526545 0.44683608283305
-0.0349749743098981 0.0363089226341197 -0.0391228418983279 0.900342069360875
-0.0387653196008851 0.0158604152519055 -0.458243529237629 0.441389537874736
-0.0471606070505578 0.0173399273835664 0.0564048838729228 0.0880726186525276
-0.0171063255446768 0.050315001664383 0.483242932394839 -0.463812571766265
0.0265894166941926 0.0219319169386927 -0.0864267258274022 -0.920247097558073
0.0386842353867254 -0.0213592923913577 -0.808339568274908 -0.357406486295289
0.0103204695045183 -0.0423658644642014 -0.520428178661666 0.426486765087108
-0.0222776130277572 0.00182271719652921 0.0647744080525658 0.435495060415255
-0.0105317181805987 0.0359586231082022 0.196028707114184 0.0771456704075498
0.0170504300053132 0.0334558725270085 0.0363253195654179 -0.204891317986055
-0.00252475064582245 0.00483631379167123 -0.0235878831798726 0.185320677082307
-0.00791833384694608 -0.0096190088209202 -0.164434929023052 -0.0523515264412164
0.0103177209532978 -0.0306676263627007 -0.0333260225391602 -0.414544926567898
0.0334692239457145 -0.0150715129588015 0.480917447822744 -0.335584658234698
0.00332755694157254 0.044830684191002 0.770501797814261 0.323676369122447
-0.0388632735377166 0.0140336292032323 0.119867385398987 0.880556910166429
0.00242761312906877 -0.033669503411624 -0.44356067362745 0.507015319334406
0.0148318304741172 -0.0309783103185661 -0.0268551728005063 0.110030210704311
0.0157422506039541 -0.00286259014943381 0.490209833530678 -0.397677474624543
0.0126985664711081 0.000555018279288416 0.0685334586371915 -0.930650792443706
0.0261909429959821 -0.0134850496076199 -0.738748449360771 -0.479867736223283
0.00557061051706892 -0.055406360108176 -0.600479941397464 0.389436147492941
-0.0277496195651914 -0.0309583099827176 -0.0163112469959724 0.490295327731542
-0.0182788473386866 0.0159077562126229 0.174107510992163 0.110620852893783
0.000401893882448802 0.026326306742102 0.06465618691505 -0.207562533140534
1.23385130552066E-05 0.00521082128664038 -0.0239657549427742 0.184987020125206
-0.00438868518902486 -0.00581741040445409 -0.155180234478137 -0.0628118581189964
0.0151703692511275 -0.0275273979211184 -0.0103664896171927 -0.423433932043285
0.0291487378082706 -0.0144437229681154 0.50493499293933 -0.308973690046437
-0.00921609158824858 0.0430666021445934 0.751338380150851 0.377480703058845
-0.0432171065963179 0.00695867388511832 0.0628310071304493 0.894148601912501
0.0101117343954728 -0.0366689931134131 -0.459906263632393 0.483005385778631
0.0232403061775621 -0.0303322989895201 -0.00847730161384501 0.0987538982314001
0.0204384638958478 -0.00359423718770826 0.481439254774406 -0.425323461907959
0.00918676159994603 -0.00413634933819443 0.00986064751103606 -0.927679949382668
0.0157001916997706 -0.0194735007237176 -0.768273486226887 -0.425888877188988
-0.000963935397509377 -0.0568586082858657 -0.575186171667771 0.420630460043831
-0.0270130529302271 -0.0264890318780337 0.00940876509241054 0.483173832937174
-0.014052839482347 0.0214172844487799 0.182971179404046 0.0982122261370216
0.00342871054692491 0.028359373103432 0.0613795295549756 -0.208520627988451
0.00169920079923202 0.00665457055447638 -0.0271665045453864 0.184117174450569
-0.00127816136697084 -0.00145263858909881 -0.147481013292365 -0.0730196720142964
0.0185585645568208 -0.0216229149707209 0.0147114378383929 -0.434035875388164
0.0271228804757132 -0.014208323273949 0.527485403297894 -0.285399352980523
-0.0162126439631119 0.0407716223717126 0.729768317040113 0.424859920375547
-0.0457320073551426 0.00294645810277184 0.00441331592001312 0.906454764503819
0.0126302630011231 -0.0348455291121722 -0.475499294977838 0.460605648527747
0.0232004193153769 -0.025278562478981 0.0130215095123976 0.0884956032887731
0.0204725803761111 -0.000868049475262318 0.471489302361925 -0.451689047754503
0.00864790765846114 -0.00572188292497077 -0.0497144401664618 -0.92127529444905
0.00998154862569996 -0.0226620799020546 -0.791738296784962 -0.366760199211962
-0.00498742014347696 -0.0562319869150225 -0.544409578083661 0.451619063047516
-0.0236632533174026 -0.0198251885661845 0.0351671763632272 0.471872405246333
-0.0108947497240237 0.0257483015743321 0.19116880876127 0.0849845432576302
0.00697796945843909 0.0297699235788222 0.0568172584530347 -0.207508447792783
0.00468540533239675 0.00686908886618244 -0.0306263216460264 0.186121606115741
0.00104898499542239 0.00269052418521191 -0.140104848726353 -0.0793130831960811
0.0209878798849535 -0.0160166291646243 0.0369208389404756 -0.440671258984101
0.0269670910641694 -0.0112888739707816 0.545773419386508 -0.266575978182184
-0.0190088183689238 0.0396758876529035 0.704503810055576 0.468500198341211
-0.0454751745107173 0.00238219339171931 -0.0434591465486971 0.912536791209649
0.00973227387795768 -0.0279561161957323 -0.482625204106836 0.441219163986849
0.0176907157329197 -0.0175327666050113 0.0335483629267569 0.0818211859787207
0.0166382675427644 0.00680261135322432 0.462807176429373 -0.472272040245243
0.00800273890234051 -0.00380897289153519 -0.100061157326325 -0.913600719335471
0.00717818551842973 -0.0249134281431468 -0.813257838003779 -0.324912529326894
-0.00696070380777528 -0.0543199030778991 -0.521942189657497 0.468040945153348
-0.0217102823851448 -0.0135092786317815 0.0579230319202048 0.458711062212163
-0.00660324206733177 0.0320796400638542 0.198436034464115 0.0743340789215012
0.0105824643318512 0.0312683064086707 0.0510045265081028 -0.206346522833929
0.00626315798974434 0.00831684688478651 -0.0355921597444139 0.185688382770382
0.000764477467799135 0.0059903433917514 -0.13549912695146 -0.0831923985429223
0.0223760570618899 -0.00989608141492675 0.0535226351077324 -0.448259586779987
0.028875161332799 -0.00905485297173739 0.55766206386248 -0.258666954366431
-0.0163890069634641 0.0401094019476784 0.68695796359526 0.49198569647471
-0.0445802212227411 0.00671983317163178 -0.0765739352734374 0.913167444119963
0.00138294635272154 -0.0181097686569011 -0.484753873469358 0.427381483623799
0.00484921798682358 -0.00846593491038193 0.0503778017696274 0.0765563586073936
0.0103657352973746 0.0166557072004376 0.459514053826922 -0.484980716866508
0.0106304736476321 -0.000583484481505251 -0.13027312172351 -0.90631582372754
0.00978388572025536 -0.0262941426229496 -0.824018940847553 -0.298910604535924
-0.00628916220600605 -0.0515141974674466 -0.503883148041346 0.474683967051044
-0.0197802140795714 -0.00710380735417636 0.0730279159974669 0.446930510976426
-0.00501290064887886 0.0347648278791669 0.202026201806095 0.0677714823580853
0.013520925156543 0.0321599910208742 0.0463637083897194 -0.205623600758728
0.0086935140694276 0.00866508670549552 -0.0403242329656908 0.185983778919953
0.000327402396445174 0.00826686826498911 -0.135620547055098 -0.0838223658513568
0.022346028636752 -0.00366951096398189 0.060761887926982 -0.453724608103086
0.0337050882269586 -0.00540995616839188 0.558963521420562 -0.258896090391803
-0.00873613911725353 0.0421179034240059 0.678964240272578 0.495785712977392
-0.0419751567152336 0.0145860268975502 -0.087984741260451 0.911339049325879
-0.0116894953053574 -0.0065693433374306 -0.480280318794636 0.425028107323203
-0.0113624420678801 0.00237802891710684 0.0602239940589547 0.0756237405382928
0.0025809267366605 0.0288105437591171 0.461382083106347 -0.489600709781136
0.0152217618740462 0.00552210221616477 -0.140338102823297 -0.905913204498689
0.0155876189122339 -0.0265339763831453 -0.825917516937254 -0.294557468393343
-0.00348220111967671 -0.0495042384092938 -0.49525248284735 0.468513405753154
-0.0195369266204025 -0.00120490616268847 0.0817295790710899 0.438386930777389
-0.00575078665041925 0.0379052577842864 0.203293870359108 0.0666728573038808
0.0160483328001285 0.033898675487564 0.0413966261807612 -0.205495885346475
0.00906127994810074 0.00968109359931226 -0.044084827111007 0.18560250543042
-0.00115441586765651 0.0101326429477731 -0.137148484540616 -0.0801734063365799
0.0204165685982864 -0.00107388936552714 0.0606055080750794 -0.454267273779161
0.0400829148073094 -0.00280503099529916 0.556053054366172 -0.275780071374726
0.00249882305974636 0.0472657894195824 0.685462225167276 0.479628469685834
-0.0396432791713253 0.0250764495586969 -0.0732124120592946 0.911645274108895
-0.0263061072532517 0.00527188162286309 -0.470557799181413 0.428914016172698
-0.0297032198979759 0.0104417404529801 0.0623210499386332 0.0802306166060297
-0.00657656209538623 0.0399303201976606 0.470358549130054 -0.482315046036604
0.0209883233841499 0.0138490060147625 -0.123874562831283 -0.911204934336463
0.0262996741241462 -0.0248494520638149 -0.823253154827633 -0.315731553161579
0.00156441928917295 -0.0461259309071547 -0.502268970894047 0.455309189337518
-0.0200646102911418 0.00195933872343222 0.0791355568527796 0.435324074362372
-0.00700859134080517 0.038622968947439 0.202323844610742 0.0698960956653919
0.0175640873851126 0.0338334954226996 0.037922088409613 -0.205252111249172
0.00892855334417786 0.00857490494847966 -0.0457745213958312 0.185374679192179
-0.00335579786704472 0.00944201509970754 -0.144030333479329 -0.0719584410866135
0.0184798772662664 -0.000289682791308347 0.0471726502078094 -0.454179623769122
0.04712896034868 -0.000641874257020277 0.545914598053427 -0.297962344212718
0.0158014633956214 0.0506720272057257 0.703978412089343 0.445765170124024
-0.0354545005961832 0.0361995719350317 -0.0383973695580565 0.90865275595598
-0.0389108818505813 0.0155356631220388 -0.457848212677261 0.446087913980446
-0.0469435092742674 0.0167807912367246 0.0570666440837624 0.0873218845173327
-0.0174536653392975 0.0493869974001411 0.484212647632841 -0.468296181761715
0.0265265473561848 0.0223708157904006 -0.0875595459945986 -0.924920852802846
0.0387100760804663 -0.0216861744992234 -0.816275287908548 -0.354834042457068
0.00911983308657621 -0.0431995601564907 -0.520625099122125 0.431813195585207
-0.0223286371833432 0.00241791000864313 0.066463548042482 0.438582484921975
-0.00939564234903724 0.0361182345039947 0.197529464603867 0.0770507564599008
0.0181021190470645 0.0337080177715408 0.0356666412471636 -0.206255867569841
-0.00354211568326964 0.00369384471899385 -0.0225225099724532 0.1853257948988
-0.00698342422043074 -0.0107269735557832 -0.16568529518346 -0.0522319269669982
0.0105066054844168 -0.030906249093775 -0.0370682391108065 -0.418373447229599
0.0337868330430075 -0.0163617104618932 0.481598103593004 -0.342284300959997
0.00395350129816164 0.0461307117394787 0.778869156262154 0.317965127041922
-0.0387895884547932 0.0150293241452542 0.125186303097399 0.88653726962921
0.0018857274777299 -0.0342164762410574 -0.442086913371519 0.510986202836554
0.0149847538235676 -0.031768865640819 -0.0269168675872514 0.110159702726859
0.0156366347269011 -0.00367246067413786 0.492054165285081 -0.402394668890772
0.013075348179638 0.00111332363462439 0.066027311217535 -0.936787209419947
0.0256065232623577 -0.0139440190942753 -0.748732751960354 -0.480005576858266
0.005039572439152 -0.055388500840981 -0.601512655611152 0.394708862512508
-0.0291203466760358 -0.0310136650975369 -0.012214601306991 0.494484444884258
-0.0178664107971079 0.0154236846005162 0.176496198848488 0.110287801476784
0.00158939959185918 0.027637152118564 0.0635715382389558 -0.209727866281018
-0.000731747839967208 0.0042857048507857 -0.0222537296935214 0.185221730364378
-0.00356756247843155 -0.00584177831841784 -0.157218640549859 -0.0630984443512792
0.0153246917411644 -0.0278285358887372 -0.0122011098619269 -0.42699412733618
0.0290914007649749 -0.0153953141198437 0.506436175830612 -0.316802609581291
-0.00795165879227948 0.0433509961542976 0.758559551673535 0.373069792655611
-0.0439624374658342 0.00623832210702538 0.0685368722068622 0.900902563708562
0.00939734496372475 -0.037154749939371 -0.459879328950543 0.48883604485377
0.0223387399423015 -0.0304166550034065 -0.00745056900845717 0.0992472860457553
0.020078631836767 -0.00404485656400558 0.482147434336685 -0.429202272465972
0.0096261512756735 -0.00355789725643654 0.00325346477171568 -0.934223257923398
0.0166736106591302 -0.0195447775007563 -0.776613625335612 -0.423850100456704
-0.00158097457231228 -0.0567444663037932 -0.574339547437987 0.428387211025618
-0.0266928963911105 -0.0261074077705918 0.0127658133733177 0.485969100094772
-0.0131695880235069 0.0210729898618387 0.184612690484493 0.0981307983179841
0.00463601201952493 0.0274654987219196 0.0605710121755706 -0.210014270381814
0.00166099829346271 0.00604340678474768 -0.0265528196563139 0.18656274634757
-0.0012085264312525 -0.00177828065498325 -0.148827420505693 -0.0719069633225426
0.0185936976631412 -0.0229408251743211 0.0114024369986419 -0.437208601801321
0.0273509264127449 -0.0137194238621975 0.529148129258942 -0.292842440557282
-0.014944963735515 0.0409092648571795 0.734341720147184 0.424053100879847
-0.0454926037594388 0.00202075586621136 0.00941840416322201 0.911357035508547
0.0122959064317121 -0.0358434375737322 -0.475554381426526 0.465754751725749
0.0241819706920032 -0.0251968364755432 0.0136294811663896 0.0891113434718485
0.020267486807714 -0.000467968325411627 0.471050010805823 -0.456989581007005
0.0073286603852954 -0.00578951510594435 -0.0570867931735402 -0.924647194444296
0.00955128912476185 -0.0231801265748645 -0.801039114108626 -0.365437974465983
-0.00583052473326756 -0.0562916971559528 -0.545073616690046 0.459057188631467
-0.0238580773826123 -0.0193994128580912 0.03996115128239 0.475637913215132
-0.00991259405418226 0.0262815326815949 0.193984358602324 0.0854350956425363
0.00732672855615845 0.0302393833486213 0.0567527905269621 -0.208965709670015
0.00493898961258571 0.00604484585780946 -0.0296032064291158 0.185974296230592
0.000294752927493755 0.00314401068409301 -0.14129508394362 -0.0794700986491258
0.0206929387453277 -0.016434656678491 0.0345318700372397 -0.443727181801928
0.0272751076306666 -0.0113265769756469 0.548568978334501 -0.273062593173413
-0.0187124665883188 0.0402298911529357 0.712447899814716 0.46564404111159
-0.0462285518330787 0.00213060814959162 -0.0382431613655085 0.919257016991883
0.0102750904335565 -0.0288871299152998 -0.483925429835073 0.445721514830443
0.0179132729201764 -0.0175482301927057 0.0348020432020479 0.0810752110006801
0.0172978279704973 0.00669570736944186 0.463595671752999 -0.478089903941807
0.00733910692083798 -0.00415440364712965 -0.105439991667053 -0.917686731042699
0.0075410562945385 -0.026139941087582 -0.819561724883979 -0.322283138551462
-0.00867725215409541 -0.0546856202550674 -0.520212149099466 0.475401552488944
-0.0216029506513153 -0.0125472882220282 0.0615246423661534 0.462305435094335
-0.00635494710104056 0.0322969154500585 0.200144434794243 0.0735216945645881
0.0118071814483199 0.0308018562678619 0.050305640287292 -0.208136871627617
0.00668366599060988 0.00745949354709096 -0.0357803892458016 0.186719020659847
0.00110860332481324 0.00675006972929526 -0.136803982925216 -0.0833311434640506
0.0218927703265822 -0.0092380828445258 0.050256231477716 -0.451530528333471
0.0289420315875611 -0.0099911640622154 0.558760738555518 -0.264825225044201
-0.0156607618275186 0.0411285701448752 0.694275202750094 0.492331327903707
-0.0446867351607477 0.00645992249533194 -0.0742056090579504 0.920910398687731
0.00134582697499089 -0.0184076851775041 -0.486444465187005 0.432215881770231
0.00516102232203625 -0.00866963100450145 0.0514098780305755 0.0770403082679174
0.0112751986648736 0.0171093133465022 0.460118948314121 -0.491071723140165
0.01041616825877 0.000278647542671805 -0.135419729883516 -0.911042203605398
0.00952772605189409 -0.0268452574119046 -0.831270621079205 -0.295783760236582
-0.00836766215378423 -0.0523394073273379 -0.502936793944667 0.480098003892682
-0.0194563814886707 -0.00647168030512126 0.0779035730230542 0.449998155084321
-0.00478007270734296 0.0363060928662452 0.204936378741299 0.0675688637883822
0.0141843939842822 0.0329740090254164 0.0459076402746262 -0.207018161339238
0.00800139264253868 0.00772907156643433 -0.0386113549289094 0.186783196926411
0.00082185068479471 0.00912494989270232 -0.135450464880502 -0.0835759733796194
0.0224313357737712 -0.00423656890078861 0.0593121835461382 -0.457028395591481
0.0341684141047181 -0.00625780080097321 0.56302838386929 -0.265598226504669
-0.00782775758588292 0.043799232149063 0.686529273449533 0.495854263883759
-0.0436486494410206 0.014774154028105 -0.0849400925274886 0.919907392516989
-0.0122772328792516 -0.00638639927962422 -0.481944177973995 0.429037815259144
-0.0108311230282255 0.00189757277462789 0.0614206393278334 0.0759968454104062
0.00280114587940711 0.0292240451091832 0.46155025425525 -0.494036943667408
0.0148958689556552 0.00640282494021039 -0.145630297815008 -0.912861606984299
0.017127829348918 -0.026546606964245 -0.833811228779725 -0.293069446376988
-0.00353899465070736 -0.0486125142407239 -0.495293760429048 0.476061266443424
-0.0194621595651717 -0.000962016595911181 0.0847690463733135 0.441289395991225
-0.00472425627219013 0.0375764132778453 0.205306309630207 0.0662191476457746
0.0173824516743331 0.033104557881796 0.0405608540422881 -0.207251205440326
0.00925546662515678 0.00803726768472974 -0.0428688122969754 0.186693412729276
-0.0011060224400162 0.0108001499715647 -0.138139125073312 -0.0795880615230037
0.0213239903015255 -0.000752561907785782 0.056990251789217 -0.459174686330194
0.040174149337897 -0.00367355712230431 0.559231944331761 -0.280066375158038
0.00348492144341804 0.0476899162420553 0.691335222525252 0.476817009685734
-0.0394090413951662 0.0250203744754199 -0.0692215818287527 0.919319822374886
-0.0267217434944097 0.00500939387083216 -0.47061493576083 0.434451879824957
-0.029092738916483 0.0115338606025567 0.0642097261214756 0.0801693987013633
-0.00696071556115696 0.0411414605164772 0.47197520386013 -0.48849715718423
0.0210560141058211 0.0137606596981732 -0.128832491051499 -0.917321344983416
0.0265809429303685 -0.0257247746669127 -0.830161076646254 -0.312866446334736
0.00217013518390148 -0.0465066287215903 -0.503551962505545 0.461317509519313
-0.0202674309534646 0.00222373688759372 0.0808260495001952 0.438670422982358
-0.00591243435058008 0.0388969587002118 0.204690966062248 0.0695558145804966
0.0179939828236552 0.0333868343913917 0.0377202486735327 -0.20647243048848
0.00913734836836132 0.00674455430526816 -0.0452216854011978 0.186906570456226
-0.00271814970255271 0.00936526060043543 -0.144563839732566 -0.0723317149922201
0.0190335148750524 -0.000805398599756695 0.0422400177433254 -0.45853237259758
0.0468786426406698 -0.00188792753375375 0.546702693388883 -0.305437316843586
0.0167444859913898 0.0510956665096161 0.70932497348418 0.444158840809793
-0.035909214300266 0.0361345115916415 -0.0340594394278004 0.915040274015944
-0.0389082635036411 0.0160094061783663 -0.460173025303909 0.449717036493311
-0.0480727000806833 0.0176930803230712 0.0573583352354451 0.0862535407316006
-0.0167207279168498 0.0499554889851629 0.484188421378663 -0.472017655111063
0.0264867370849887 0.0226194094339715 -0.093718857265805 -0.930381241092823
0.0392112551385297 -0.0224229835112875 -0.823812755810636 -0.354027015824967
0.00872622409667535 -0.0435104110880499 -0.520912021096954 0.438645416956992
-0.0225419516674815 0.00302789088561769 0.0703827554692397 0.440791258200038
-0.00890113552600701 0.0373522749484153 0.199472053362218 0.0758976394319139
0.0189479900190467 0.0331378374093299 0.0346574083437471 -0.20801904905827
-0.00283081051187159 0.00302665954251121 -0.0218400203501298 0.187360770399787
-0.00717844049259869 -0.00940136467539775 -0.167295450550575 -0.0514592103642099
0.00955473653702747 -0.0316435293372344 -0.0405276025399569 -0.421774244249259
0.033758791934561 -0.0160291854785456 0.483236883678191 -0.349624238288848
0.00515020955328522 0.0467108735166614 0.784305739910525 0.314759334493881
-0.0397153483488633 0.0145805631882841 0.132139619064309 0.892230508992964
0.00243445557460243 -0.035307178453267 -0.442459357049037 0.517821179662092
0.0146563539089191 -0.0315936912572784 -0.0250719433457456 0.110875489825088
0.0152985788185688 -0.00394239181381965 0.493169615175322 -0.407981087626446
0.0129114217065396 0.000438487217076145 0.0581124383914984 -0.943925375757881
0.0253360661005574 -0.0146894225716327 -0.75563146971047 -0.477994992050907
0.00441829636012268 -0.0563813890518381 -0.603221611730727 0.401951124473846
-0.0289765892921508 -0.0310713098635984 -0.00701598857775618 0.498061993325146
-0.0172151362597908 0.0156574762133265 0.179099441859324 0.110839051663921
0.00278005507369236 0.0267163507758608 0.0628703379876158 -0.210764577704354
-0.00138276673607633 0.00388525345375165 -0.0214675478144172 0.187272176478816
-0.0041233258672141 -0.00558200959525478 -0.157570598956307 -0.0617365079928899
0.0153077233852158 -0.0283637028545558 -0.0165641183178881 -0.43105585313689
0.0289675684396393 -0.0155298144639769 0.508579642896551 -0.324405255520748
-0.00676212850214109 0.0450958168349438 0.765974127138352 0.370794332671105
-0.0440364893619424 0.00701677984386896 0.0740396070169178 0.907601371627525
0.00868690314517349 -0.0379031983370468 -0.459263612201383 0.496860733373306
0.0225878195073729 -0.0304220814645271 -0.0066717306100969 0.0993650495875099
0.0205000937212607 -0.00440316514481471 0.482508439101562 -0.436357880012646
0.00991128603885826 -0.00427664943924222 -0.00344405492838569 -0.940758843826211
0.0155375527266402 -0.0193243191346423 -0.784674511635137 -0.42139795189125
-0.00201529053966864 -0.0577375791805061 -0.576228615726043 0.438115738620173
-0.0271190205344668 -0.0261298028211377 0.0179040701310949 0.49082635908245
-0.0131750670652179 0.0214377605903351 0.187117777945022 0.0970464667737561
0.00489260976021702 0.0289037458865792 0.0595942188870279 -0.211168355689294
0.000928793847512242 0.00408392879971268 -0.0248118126461604 0.1881624706048
-0.000986678293366322 -0.00196131175303693 -0.149904136551788 -0.0721763491814925
0.0181418841816532 -0.0230305645780199 0.00728716695801446 -0.441809454837826
0.0269749749883345 -0.0143964540679444 0.531938037382666 -0.299438958925872
-0.0142315684014455 0.0432579755620176 0.741625934595081 0.421333795404918
-0.0465813229611374 0.00183206438745915 0.0144703976240712 0.919181564765458
0.0116631719954192 -0.0366392062828645 -0.475133183587395 0.473075673107852
0.023704940570749 -0.0257642570918831 0.0147588285595983 0.0897567411226978
0.0210207805724304 -0.00116783603923597 0.470836910142797 -0.461658038220085
0.00796672818485045 -0.00535361142789794 -0.0610221126330393 -0.931462878292878
0.0089823898019477 -0.0231845532558238 -0.808800336633222 -0.360632560673565
-0.00678836065938218 -0.0564202073030734 -0.545690115037479 0.462979205232427
-0.0244439685589034 -0.018774959245176 0.0446093423516564 0.478763996567572
-0.00893187168494609 0.0273126417731391 0.196660895542652 0.0849393747920307
0.00795230486567461 0.029205222707656 0.0562108048401833 -0.209909679522288
0.00439340557556818 0.00498056473873373 -0.0282652886828308 0.187217618269076
0.000137710388983264 0.00335203924474915 -0.142971836710959 -0.0795524326941152
0.0207306859830984 -0.0165008226127594 0.0306970987708021 -0.450823656788254
0.0268073413321913 -0.0126650852503473 0.549819190743075 -0.2805879488483
-0.0174144978764488 0.0416607130856314 0.718840669362526 0.464612091929701
-0.0463420030765143 0.00160376485485008 -0.0322305712680356 0.926951796928488
0.00982376557660043 -0.029517611525205 -0.48419211789 0.451613697177343
0.0179426859558101 -0.0175756381011092 0.0358239306857636 0.081306890172455
0.0176942599590392 0.00611160803317568 0.463309645453623 -0.483756844940751
0.00746286175447709 -0.00439551173133407 -0.112046515826812 -0.925478189459219
0.00676199028973786 -0.0254756136916192 -0.826414930784458 -0.317802555034433
-0.00857141916416957 -0.0551080153456283 -0.520445889563302 0.485136870268209
-0.0216330760761131 -0.0125353120278501 0.0667513549736155 0.464883479487177
-0.00546410530300771 0.0327705174323497 0.202475766157004 0.0735302961155143
0.012090908923985 0.0310884104835482 0.0499806809396907 -0.209662143677799
0.00634964852371865 0.00664948376236488 -0.0338082166968715 0.187941852641098
0.000885135433921143 0.0073935379110241 -0.13864435428478 -0.0831053893763968
0.0218383432006597 -0.0106729609283949 0.0470451145521545 -0.456742802670053
0.0292853025892545 -0.0101203167544017 0.56135084209768 -0.272589815367286
-0.0150173994293089 0.0426929455968329 0.701243284415651 0.488583264298217
-0.0448565130577881 0.00620934363749034 -0.0684274712460005 0.928382924771677
0.00082284780849513 -0.0195032787499819 -0.486261992878725 0.438479626975641
0.005418390220738 -0.00759147743981406 0.052904965866197 0.076196712434492
0.0109619322663316 0.0171172529476324 0.460352425830199 -0.495451509685925
0.01017919381201 0.000238259820769433 -0.143731845298777 -0.919164041701734
0.00956077809114617 -0.0268120024126238 -0.838079087013336 -0.290821070027028
-0.00770919057813275 -0.0521751266189846 -0.501626253431744 0.488663489185637
-0.02016407933747 -0.0058493852136317 0.0833776662929417 0.452622395845302
-0.0030476765184149 0.0368691537730449 0.207077232583314 0.0663958880115545
0.0157328203310497 0.0323044409267306 0.0447785367153628 -0.209389197214317
0.00767425211952346 0.00728505176729683 -0.0378077498475523 0.187406184995689
0.000700711115806928 0.00925782783049616 -0.136625136565792 -0.0835315127109728
0.0221124051259635 -0.00553887464557502 0.055164115299669 -0.461579918783368
0.033871766938544 -0.00690605935961582 0.565972125611533 -0.273172421760221
-0.00648197292834176 0.0451932001536544 0.692329453244042 0.493056603079096
-0.0430218029731708 0.0146570468280754 -0.0785446677032168 0.926468302090998
-0.0121928727467603 -0.00767705212195324 -0.480198671862765 0.434592846219325
-0.0110528146381066 0.00260007721766884 0.06277624968534 0.0759490792044597
0.00334468461873194 0.0292717547599292 0.462112641660974 -0.499929000761384
0.0150856671845233 0.00645138631895105 -0.150896706223364 -0.91652880310697
0.0155246723712146 -0.027591439893527 -0.840690572430855 -0.287747017081276
-0.00420049515943733 -0.0493248879863388 -0.493933200194118 0.48275502725607
-0.0190162212371708 -0.000885926304290928 0.0890344635090303 0.443916667254082
-0.0036311258022777 0.0384133315893535 0.207820709001057 0.0653435755103663
0.018517712802204 0.0332664628443614 0.0393527664692201 -0.208353647330036
0.00813163702438512 0.00725618137655893 -0.0418978179419312 0.187637327347122
-0.000554139199050904 0.0104463800349599 -0.139927338976749 -0.0796195155171403
0.0210973206095849 -0.000928995638494588 0.053329263635268 -0.464027858824822
0.0406204959166722 -0.00418329089660329 0.559418314167434 -0.289546802668329
0.00431485878138721 0.0478689605053656 0.699606046909367 0.477004106278424
-0.04019245455164 0.0249800227409013 -0.0643271984588935 0.926864632948734
-0.0265091617522733 0.00494135755795319 -0.471822761250229 0.442077772322338
-0.0305075383767254 0.0113305053179019 0.0649137059856652 0.0794928385193491
-0.00734636356827297 0.0399451687849391 0.470870359959893 -0.49386948346105
0.0211788861056514 0.0134674235234131 -0.135482245605994 -0.921169393900768
0.0263882413803491 -0.0255435761795902 -0.839940535850406 -0.308066196474407
0.00171660286763011 -0.0466143939592562 -0.502296585397671 0.467537888221554
-0.0205020378352756 0.0022975437558191 0.0869269233735204 0.441333315086183
-0.00505787615826859 0.0389462232347015 0.206325233569033 0.0678369849655231
0.019313267358382 0.0338897121731256 0.0368120245580473 -0.208742972645585
0.0078951836166941 0.00625401103642956 -0.0432906456483387 0.186819646069768
-0.00278066548958216 0.00950716220319263 -0.146223441347526 -0.0729863047136762
0.0184191649711663 -0.000937515713370951 0.0398133446940237 -0.463274789801883
0.0474446537460864 -0.0024642227039165 0.548343956051422 -0.313922118303651
0.0183313937981749 0.0519600225403544 0.716143699358208 0.44144183270884
-0.0357311047350836 0.0364016306297573 -0.0293351071772534 0.920566452328969
-0.0405312726516841 0.015070927432593 -0.460428595884683 0.457421293673073
-0.04776748666075 0.0178392483022773 0.0591658319602964 0.0870630923214687
-0.0162224640748114 0.0494869858489863 0.482823166081777 -0.479424324917907
0.0265840040943943 0.0226191230706412 -0.102251315168761 -0.936428807395606
0.0396394748022398 -0.022105491402765 -0.831034091878221 -0.35155467058469
0.00805839754711464 -0.0436885602719914 -0.521764041259587 0.446360261482155
-0.0235661935430541 0.0022304142672549 0.0747737011475513 0.443943850631455
-0.00772389494172229 0.037132328679451 0.20238534964954 0.0759305162602265
0.0196557458733066 0.0333124886402468 0.0343332013631561 -0.209764767827012
-0.00342680392921158 0.00199402998321226 -0.0195297647384913 0.188557150027294
-0.00783062772652644 -0.00952779736563104 -0.168132827129082 -0.0509597622344193
0.0084571636498876 -0.0319489497154497 -0.0456901242099336 -0.42520649524636
0.0334085577908757 -0.0168934641543533 0.484005733257851 -0.358633822852256
0.00655729304139703 0.0471721674268251 0.793165418613174 0.308189698383956
-0.0405253924204882 0.0150437694932189 0.141650830201875 0.897196484457231
0.0017709680204116 -0.0359199635903018 -0.440745253251108 0.524297878202315
0.0144097518646785 -0.0318303470284062 -0.0245421433294753 0.111864927160162
0.015817040081963 -0.00393835747203707 0.492212075776063 -0.414068936744568
0.0126019483832061 0.00102001800336723 0.0509409568656164 -0.949450581066346
0.0256837144041012 -0.0151505692612431 -0.766672017030425 -0.473672173438477
0.00314364698034069 -0.0566686877537871 -0.601358440452706 0.412526550095297
-0.0295096533564515 -0.0307632022594581 -0.00251075008188925 0.502150111653485
-0.0164347824998911 0.0161081849492041 0.181081399728578 0.109638046813134
0.00305651296836996 0.0266701292147137 0.0618916503950752 -0.212971615612397
-0.000554838972563011 0.00236683034725634 -0.0193665761524036 0.187823059070392
-0.00410328612834762 -0.00579066368354071 -0.159911568602132 -0.0611080713781485
0.0145328623377278 -0.0292458966818407 -0.0214208467133952 -0.434360910396628
0.0292595433280589 -0.0163681442840944 0.509326665219672 -0.3321470268231
-0.00573595262558344 0.0460304789323832 0.773575483404094 0.364891166558591
-0.0447264902626609 0.00676060320450356 0.0821835466234579 0.914548314703095
0.00879818478769154 -0.0396199937113075 -0.45758517456023 0.502440095014509
0.0227207470840014 -0.030681802325213 -0.00511788956015913 0.100519802682572
0.0205298644489079 -0.0052076610877352 0.481268632118338 -0.440699619300172
0.00898035265682355 -0.00420213857373869 -0.0113409471012666 -0.946539382806014
0.0158035556837909 -0.0195757233901501 -0.793335834917408 -0.416507433529651
-0.00373037964284394 -0.0578049943135875 -0.574623506469064 0.445061072637783
-0.027247658190328 -0.0258422010773205 0.0223077307729214 0.494181962184607
-0.0117155506775326 0.0217041528871816 0.189486563588395 0.0970094092230069
0.00584954425455113 0.0284854476724125 0.058214275614324 -0.21301319616262
0.000935063586445371 0.00377900268760739 -0.0231850756806055 0.189285558041522
-0.00150435844595375 -0.00161810444368914 -0.151271296828921 -0.0704745888188379
0.0170611880191027 -0.0233672682867932 0.0029652027234729 -0.444579979253121
0.0268409173038733 -0.0152733630696004 0.532286334525554 -0.30747752474362
-0.0132813278341714 0.0436938413465332 0.75024946560432 0.415545680312618
-0.0461604628943072 0.00205535173528717 0.0239958886056725 0.92521445454692
0.0112801702835679 -0.0374332221115644 -0.47386645517726 0.479297876942685
0.0234535691206691 -0.0261475898830075 0.0157204655881338 0.0898117027778842
0.0213349556091526 -0.00204833278005478 0.469749547963429 -0.468456483369076
0.00740235473353675 -0.0052439419562038 -0.0697493335808561 -0.936808241516153
0.00893046438246682 -0.0232614357843772 -0.817730851418987 -0.357796776872907
-0.0078882967452872 -0.0564983521856087 -0.543046670959063 0.473182021273089
-0.0246078704308965 -0.0186521904999392 0.0497957713725308 0.481922549337823
-0.00798961129374181 0.0270825493449871 0.198259482504275 0.0839794862542664
0.00909530773828957 0.0296856076272723 0.0543986193365773 -0.213192225914423
0.00359227282513743 0.00393759588978167 -0.025874103720582 0.188842446708639
0.00025824315732431 0.0027949387190778 -0.144096985017655 -0.0787210570707832
0.021151289958184 -0.0175592379622552 0.0263532941618036 -0.454964759899846
0.0266610649833029 -0.0136641956229529 0.551800678803191 -0.289195190632241
-0.0168371720628485 0.0423931907340751 0.727911101029032 0.459099948895643
-0.0464595494284965 0.00188387737692919 -0.0247833835057393 0.933517440764303
0.00928822173393418 -0.0305201741210487 -0.483319001662429 0.458911730747385
0.0178235758342319 -0.018304071435509 0.0369531849730855 0.0812228040639784
0.0169482757170726 0.00586403810040215 0.462023225444435 -0.489841141814046
0.00681453548177543 -0.00389333398313847 -0.121003771943747 -0.930296565241983
0.00702995599528471 -0.026183078807945 -0.83694827285546 -0.313619799623645
-0.00929029677060037 -0.0553735107377209 -0.517721368164473 0.493381699310367
-0.0216713730441513 -0.0117916181312773 0.0729898053512736 0.466887557639498
-0.00490348175939488 0.0332453071861163 0.20609685161798 0.0728540400548172
0.0126341732266556 0.0305785876176618 0.0483065403393323 -0.211217703344224
0.00632901935705123 0.00605782488714213 -0.0316015128895302 0.189685210613584
0.00159131091064962 0.00709758432576685 -0.140181069043352 -0.08225116580907
0.0222028124670806 -0.010309230864903 0.0419037875599456 -0.461609616665539
0.0291864762094631 -0.010219624171022 0.563052542339952 -0.282704555466492
-0.0140757462762454 0.0428800659083399 0.711563359529179 0.485070654665659
-0.0462973449992051 0.00601639127110739 -0.0590026126716183 0.935961884226576
0.000502463728863985 -0.019637410195727 -0.484212633710825 0.445419919474286
0.00579398290081054 -0.00752850247906311 0.0535077476549767 0.0762693126994782
0.0110373105008042 0.016596518792076 0.457979971283886 -0.502848791554332
0.00974118751912648 -0.000136158144675963 -0.150000459346979 -0.920672263401574
0.00935527819515009 -0.0273272912609105 -0.847275581961089 -0.285261331336626
-0.00815222501073464 -0.0522964751459441 -0.500958615339079 0.498874274826307
-0.0200595155438235 -0.00573389689005228 0.0880698797990711 0.456073528254578
-0.00282808326900244 0.0359507034047402 0.208849430756897 0.0655639323548125
0.0161072748896229 0.0321953152360607 0.0431498896368009 -0.210447182716715
0.00662581897962553 0.006243185348403 -0.0358530587972837 0.189446234823171
0.000785638826661105 0.00997226019859783 -0.139591185905827 -0.0824281050511806
0.0222824360204465 -0.0052589696942346 0.0497108637626161 -0.466240242547557
0.0345092841114518 -0.00762200106888815 0.565965061945938 -0.282447337789867
-0.00649133441504177 0.0455983327479898 0.702698941061242 0.488213834898279
-0.0434388557096125 0.0146262547089861 -0.0705914463148124 0.935960427927416
-0.0125167467585975 -0.00768329582756958 -0.48059025846224 0.442431596221593
-0.011137488120215 0.00299397017246771 0.0644602049601988 0.075852937531676
0.00281663184784076 0.0277057666109444 0.461670254021303 -0.506027981639861
0.0149269139312167 0.00599229488913838 -0.162187528639296 -0.922885472211573
0.0158864489256911 -0.0272951518521157 -0.84976329751335 -0.281598445373267
-0.00492787838068144 -0.0495677090262271 -0.49413939645954 0.492316876323384
-0.0189766316772543 -0.000273148350741194 0.0951006592199878 0.446135636846826
-0.0025626990155528 0.0391005025250765 0.210354545700518 0.06468291899244
0.0191318173201062 0.0330411092966718 0.0382275295761921 -0.211053539976873
0.00778125580026435 0.00639337412853037 -0.0397913973965663 0.189122970945953
2.3838436979011E-06 0.0102417107823047 -0.141538249723915 -0.0786326027116009
0.0201331085294202 -0.00173205868284986 0.0470107631331145 -0.469292542257611
0.0407229870566322 -0.00479013575799577 0.560935010493308 -0.299286663816599
0.00595364008930657 0.0491263632862171 0.707624948906321 0.47291892991752
-0.0406167199793051 0.0249490996671673 -0.0564887148179743 0.934053709077325
-0.0271147257193959 0.00493176257502556 -0.472186527074939 0.448527928439293
-0.0296668047509036 0.0122008898650445 0.0660893429798229 0.0789901864301041
-0.0061040795899858 0.0407445107749791 0.469767966174657 -0.500943837382521
0.0216779261878274 0.014450993743815 -0.144029345870042 -0.927672922040032
0.0266969483148763 -0.025711345172833 -0.848239436764317 -0.30204067982929
0.000158338349012854 -0.0461523028493848 -0.500824173782307 0.47779702862399
-0.0201794266199944 0.00302516045084715 0.0927369161437743 0.443181635681115
-0.00367865826970187 0.0388577401672762 0.208495389065425 0.0673335275855012
0.0199843145370652 0.0333795031714311 0.0348869207911959 -0.20976600244065
0.00750963154034872 0.00570674405742147 -0.0416647117036582 0.189348459518329
-0.00342386906510069 0.00983515803269165 -0.147449742719648 -0.0705836340680353
0.0189306812425116 -0.00158714888934799 0.0346460010215136 -0.468228312494172
0.0474402423504988 -0.00380836607977742 0.550223786801511 -0.322817826234853
0.0193972625573755 0.0523105209564212 0.725059041674283 0.436305991826762
-0.0356913541332642 0.0358394829057952 -0.0212864105267904 0.930256466081021
-0.0406691358986042 0.0151045696763976 -0.458056088381462 0.462734560616489
-0.0478345350129628 0.0186502371418518 0.0607719890108684 0.0866383295021257
-0.0165278468344047 0.0498689308621063 0.482621412693214 -0.483894679446028
0.0271096973323503 0.0223500861646931 -0.109605921949322 -0.941027917364938
0.0393603778159107 -0.0228014845639399 -0.839117851809565 -0.345456817288121
0.00762124183392909 -0.0434721028832536 -0.519627160450276 0.45581748039462
-0.0231023364858304 0.00346958058479536 0.0803371011530173 0.446586626969689
-0.00741011737442014 0.0367949029301721 0.203965340706997 0.0750873172512176
0.0201717173800207 0.0326061814791499 0.0328287407185523 -0.210880416917148
-0.00395200698901344 0.0010811955998208 -0.0176748741034307 0.189423576467193
-0.0078087481370336 -0.00986820925068565 -0.17076995283849 -0.0490354144933779
0.00859921170674367 -0.0320373676858401 -0.0512968756644284 -0.427570118310759
0.0342756641389017 -0.017979324429055 0.481670658312856 -0.367573283392631
0.00715865967711597 0.0482670362229377 0.800880089219655 0.300905948502946
-0.0398567731451239 0.0144177475590892 0.150295522725285 0.902166137785359
0.000770381706706819 -0.0370616240230858 -0.438035893999453 0.533775088157279
0.0143190663460678 -0.0317957669782931 -0.0222635424369226 0.111648682623138
0.0160877662351399 -0.00471282414274839 0.49112374723778 -0.4231144068419
0.0124874764368927 0.00140899689890085 0.0426721702494664 -0.957619896939942
0.0258832248950268 -0.014880083532887 -0.776023826073364 -0.469202427439201
0.00339048383939512 -0.0566603760034997 -0.600943454039828 0.421486352756674
-0.0296231488787935 -0.0311142954363559 0.00385856258654386 0.505717527917962
-0.0157811809465348 0.0164041744930156 0.185140068193754 0.108485501784038
0.00445417023981497 0.0264808679314834 0.0608198353568414 -0.215057967726677
-0.00143958262375752 0.0022334003037841 -0.0169226629578228 0.188785418052716
-0.00431175824413499 -0.00558270358117301 -0.160600216941835 -0.0598756151232322
0.0129996410245569 -0.0298991898464614 -0.0283164055114533 -0.438030663714636
0.0298368911003847 -0.017205520356383 0.508568171126402 -0.344029915200727
-0.00464652455774634 0.0460264815287498 0.784636549883142 0.357915064237598
-0.0449073631012625 0.00694526747385881 0.0929381331301057 0.919914633039362
0.00883527531668009 -0.0400729393524331 -0.454809108021379 0.510747133522608
0.0223499309378331 -0.0311084241647372 -0.00402456645879331 0.100453984737915
0.0209958089458252 -0.0063862268959826 0.479718429241081 -0.448736104283716
0.00863538542394125 -0.00423221928347852 -0.022053103045716 -0.95388918765772
0.0158837128227112 -0.0200239006382644 -0.803396821952957 -0.410620472769665
-0.0038166840486913 -0.0572870124627555 -0.572742371348606 0.455340769012494
-0.0284073449480573 -0.0257059139772591 0.0296923178061765 0.496425868694189
-0.0107271772556077 0.0228946094413336 0.192296529247435 0.0957030749896051
0.00669268529366503 0.0282904241212603 0.0564577604037724 -0.214413530896226
0.000270826786998291 0.00285764399323943 -0.0204102578449712 0.190794278076573
-0.00218496457502229 -0.00183765388776222 -0.153630828351813 -0.0697382076054208
0.0169044473293024 -0.0239500192068908 -0.00286953576614413 -0.44913485645578
0.0266290156536725 -0.0164859852975775 0.531996671446332 -0.317604882221304
-0.0128008346865511 0.0448220227922684 0.758882969060381 0.409297823617281
-0.0468930581457981 0.00216290499311449 0.0339457594725592 0.932422369653442
0.01111070985131 -0.0383254064673614 -0.472458069248398 0.488205194197295
0.0235280606253512 -0.0263876651782498 0.0176960821232515 0.0896150231006646
0.0208098808167063 -0.00229455367002305 0.467004903806669 -0.474276100741671
0.00729127986944828 -0.00551967510895116 -0.0799989395569452 -0.94168006962676
0.00921104765467525 -0.0237731069467288 -0.828682428075681 -0.350690233472431
-0.00878159203932382 -0.0568828243862947 -0.542328081150457 0.484094294219478
-0.0240821311735897 -0.0176103189466599 0.0555297223610897 0.484928963523727
-0.00713211999507448 0.0282572552700277 0.202358899054291 0.0823862243762421
0.00981589469317016 0.0302864833718865 0.0523955229305977 -0.214435162229641
0.00334116287407975 0.00330450308907592 -0.0236710463197071 0.190200075694465
9.89964283550784E-06 0.00339877414304584 -0.145513236431828 -0.0778614164449265
0.0199431298299041 -0.0179649024495916 0.0198928275143901 -0.457892009045068
0.026732955558387 -0.0130184386867689 0.55264899245274 -0.299621281696397
-0.0157081382714253 0.043945466601851 0.737337425031784 0.454111311439746
-0.0469131917429124 0.0021463418352586 -0.0170279400485006 0.939819524451068
0.00878486062227036 -0.0316103344141658 -0.481586417937254 0.468413461571858
0.0176320779453498 -0.017953995531772 0.0379888889920044 0.0808671276383979
0.0176285187154583 0.00568162207349609 0.459031580869818 -0.497266049844247
0.00728212596963774 -0.00423375265539712 -0.132050577817355 -0.935136373395126
0.00637266867150287 -0.0266723615406689 -0.84484369261962 -0.304399513948265
-0.00990135077045775 -0.0550369336830566 -0.516026710399479 0.501110031429559
-0.0215417179264279 -0.0111823396628104 0.0794275601199368 0.469487690321881
-0.00339547542294868 0.0335890785008369 0.207418800692757 0.0702572642614866
0.0137529070962124 0.0303627691481839 0.0459517139040152 -0.213294168329275
0.00505253579484474 0.00423182918985676 -0.0299562380869911 0.191249124833458
0.00161678618358244 0.00681317339011306 -0.141544316056316 -0.0814476378673837
0.0210087892822475 -0.011274778558761 0.0366787942965013 -0.465119025330127
0.0297609572606995 -0.0110332865751561 0.56466058002765 -0.29221432120231
-0.0131124382026642 0.0439793810896843 0.720840661013969 0.479092132629933
-0.0460445712594183 0.00612820885144643 -0.0498109496247334 0.942151759237756
2.13493753114594E-05 -0.0209424629975918 -0.481956834550848 0.45230931222641
0.00551341852705399 -0.00756892918499116 0.0541681283812021 0.0752636756991534
0.0115717487490289 0.0161193540922123 0.455251181091954 -0.508795984005722
0.0107942228407791 0.000277937382101686 -0.162281155018902 -0.928113970127195
0.00918622708139893 -0.0280769818790431 -0.855778249139355 -0.277837983889122
-0.0097094005795285 -0.0524402242889581 -0.4976867418552 0.506938299595597
-0.0192469442026357 -0.00511392118868124 0.0947728096727903 0.45810338116028
-0.00130187841682113 0.036627245918861 0.212206341301531 0.0644279456145295
0.0177376461839747 0.0321034985481043 0.0419563952738014 -0.212830479133314
0.00742104766364207 0.00566475678320913 -0.034614253509349 0.189891617781194
0.000946480167506802 0.00979891107752822 -0.140588971031318 -0.0820677468598517
0.021414600552384 -0.00596866533006765 0.0453208970724974 -0.47029903570981
0.0337123893130685 -0.00740195516600941 0.567155287598861 -0.29230367378746
-0.0049133404365137 0.0468146272409183 0.712234506894348 0.484142207059656
-0.0440430375316858 0.0144748461978897 -0.062024633023502 0.942725232571971
-0.0133397919615563 -0.00766818495331317 -0.479597779196818 0.450069070903882
-0.0112134774175169 0.00263575048313846 0.0660956475853223 0.0745412087848723
0.00377041509144916 0.0285461680476285 0.456901496049588 -0.514103296660886
0.0152756393619321 0.00610368488496725 -0.1719006381096 -0.926181195473622
0.0151230602770854 -0.0272618947041443 -0.857508935016167 -0.273828133054637
-0.00545494011106494 -0.0494771397422144 -0.491509840385916 0.501696283757126
-0.0190727412939195 0.000255487172182531 0.100420965684646 0.447905100167129
-0.00105245798851725 0.0386869343071292 0.212775206794597 0.0622897173029803
0.0206654819218933 0.0326756812939512 0.0360654154828342 -0.212214058268162
0.00750011143959203 0.00514268440185246 -0.0371039933502747 0.189819407466584
0.000230482985688699 0.0104908707361211 -0.1435986049093 -0.0777905148463515
0.0200938341474643 -0.00226468714172698 0.0420375995699526 -0.473431819671174
0.0419789118858905 -0.00599301658160134 0.55998862084742 -0.308674058660462
0.00625409312904151 0.050516621665907 0.717248297722509 0.466345743880237
-0.0408875279088645 0.0259073393780268 -0.0472392763248516 0.941114901219978
-0.0276219278315201 0.00417957048898213 -0.469235322239239 0.454990694026008
-0.0295715289636991 0.0120890563893496 0.067624813032098 0.0779847684076144
-0.00557674518337514 0.0400345695434149 0.46584599905092 -0.507758362352315
0.0210975162774014 0.0143758611640193 -0.156147874144397 -0.930798210324758
0.0264771574675789 -0.026906724760836 -0.85596353095983 -0.294887625633444
-0.000123778927498291 -0.0460241899955265 -0.496613031921386 0.485402768382979
-0.0202979181580643 0.00341056586094815 0.098340123283242 0.445491208062404
-0.00266110168369382 0.0390624930223713 0.210729790927177 0.0651684937405589
0.0214371230828235 0.0329721029413905 0.0322600632004514 -0.21163979780823
0.00639877922413964 0.00575670041238721 -0.0393399036408094 0.189839866339129
-0.00274475096965129 0.00962213932298964 -0.149469681537467 -0.0700682005656418
0.0178585602363462 -0.00145865664756676 0.0287755341955509 -0.472319858596629
0.0480245353468699 -0.00366065436591974 0.549012956127334 -0.33255016809799
0.0210314698057687 0.0528888243063729 0.734544258168697 0.429885395615179
-0.03660862075196 0.0363741313919442 -0.0112016860922587 0.937690794516739
-0.0407756964395981 0.0157414966309921 -0.456487263677134 0.470266796731245
-0.0476319870159453 0.0198777870093364 0.0624576514849087 0.0862189030913666
-0.0159892436329112 0.0507220345858624 0.481211847008881 -0.493569813800021
0.0269569611618821 0.0224200728111637 -0.121121362737867 -0.94660349995488
0.0394428351544359 -0.0237824795309389 -0.847724023230595 -0.33638387656245
0.00743340627386855 -0.0444638182129075 -0.517897954758725 0.463981817147828
-0.022720369846258 0.00444819312704937 0.0867944523086532 0.449261943215813
-0.00555643315229419 0.0380003156970911 0.206630649675036 0.0730193362222457
0.0215253491511885 0.0327668709861685 0.0300477740769703 -0.212931396146597
-0.00383483154962376 0.000745005012270683 -0.0152249297173048 0.190505408183874
-0.00888599226096036 -0.00902800190770457 -0.170868306401212 -0.047020822471118
0.00785130211673111 -0.0330375750940855 -0.0581525309986774 -0.429929787176036
0.0333666584408014 -0.0185696656214453 0.478240795053664 -0.378216051454107
0.00932076937788114 0.0492266110310576 0.809039998437394 0.290262211216131
-0.0411948564591367 0.0152596804534759 0.163781726609445 0.905336198533752
-0.000261302859016772 -0.0374814071040904 -0.433348819607857 0.539490499641569
0.0138508277858284 -0.0325488882596555 -0.0208195084327489 0.112130241276751
0.015908823574096 -0.00412851723916629 0.487490172349681 -0.429014443094507
0.0122958674293806 0.000889223602691759 0.0317999883278213 -0.962914037402809
0.026176227143474 -0.0155791207369739 -0.786654690629235 -0.460211192588434
0.00259693839106203 -0.0570462078022381 -0.59650169704473 0.432758163958704
-0.0309943013037675 -0.0301063140397999 0.0119312752733832 0.509367900882348
-0.0145867777596256 0.0176531508478488 0.187754611591003 0.107344831535295
0.00484321636222362 0.0267961850140492 0.0579574409871739 -0.216736573407697
-0.00215055139989158 0.00143472927959567 -0.0144974017194291 0.190475133620784
-0.0043600202446219 -0.00546805574775969 -0.162732589024851 -0.0587670532191563
0.0127031139352341 -0.0308556671647369 -0.0345988429767647 -0.440692800711281
0.0296994787258825 -0.0180135386772768 0.505623570044773 -0.353937808805701
-0.00314251884325662 0.0470833350601422 0.791867248211378 0.349301716702467
-0.0457025706029474 0.00694011728646123 0.106046956352561 0.924690400177877
0.00785339617302359 -0.0411756560873743 -0.450929927438485 0.517933175651152
0.0222565509991069 -0.0312201166670164 -0.00237870575295859 0.100714084472593
0.0200668186740175 -0.00607447913665835 0.476549098399415 -0.456117957126748
0.00813464860801991 -0.00516180714239508 -0.0335982069609995 -0.956672897221437
0.0156246842358081 -0.020310556555288 -0.811636705346177 -0.401929431847221
-0.00526525755067753 -0.0574783938689986 -0.568976904718222 0.464931294002877
-0.0284201992387963 -0.0255208857761605 0.0358954068974168 0.499270288691164
-0.00986045661481725 0.0230317933716135 0.195017728059863 0.0932959277684822
0.00818786553355587 0.0271975622004067 0.0540312134280654 -0.216133092480403
-0.000293003318371161 0.00190348746240923 -0.018799722839365 0.191527509662653
-0.00253907112984278 -0.000871894946890073 -0.154942558751417 -0.0690668718846952
0.0165730324222565 -0.0238296743611912 -0.0100760408999859 -0.451513137807855
0.0272912027018199 -0.0164108115850576 0.530347319637263 -0.328731800564106
-0.0116995209379749 0.0453551395891752 0.769196567709763 0.402893760462294
-0.0484427081755212 0.00296628843297208 0.0457120810607081 0.936553840437131
0.0111202730104832 -0.038820260769253 -0.469838096143434 0.494144019534997
0.0232359458653147 -0.0263636582737242 0.0185450771051743 0.0888395388921749
0.0208611328014842 -0.0027749606910953 0.464469457673854 -0.483195138339303
0.0070682973432459 -0.00552343157233106 -0.0941880951700804 -0.945714687939144
0.00852092762308123 -0.024286212917978 -0.835739635526405 -0.341097947795633
-0.00969259165100764 -0.057743584337455 -0.537362326318115 0.494773425875209
-0.0247211486725755 -0.0181510055599922 0.0634217221670213 0.486304508314052
-0.00618798030675794 0.0279590601243671 0.202896713861791 0.0797032846759066
0.0111474391472336 0.0291556635067665 0.0502187832876829 -0.216109909872367
0.00239027246550584 0.00239202472000099 -0.0213885341251381 0.191113520109293
9.30325883487222E-05 0.00393304688565294 -0.147492925157614 -0.0761062391625571
0.0193260540798184 -0.0173746305928615 0.0149263892959687 -0.46132768937297
0.0265161410620249 -0.0141284123726888 0.550475393702925 -0.310006359054096
-0.0141295997867992 0.0447136085409024 0.747499284466284 0.444796944663045
-0.0479065413384651 0.00320556888717082 -0.00387768909429854 0.946548604794912
0.00806360085796614 -0.0313588558988265 -0.477782810471096 0.474544894122451
0.0180068939197871 -0.0182695932768703 0.0390324692931336 0.0803186948988018
0.0182108250374538 0.00485534913377117 0.455066419396395 -0.506188019710128
0.00661544325169341 -0.00380318799817823 -0.14422429051036 -0.935784113428644
0.00646888550146808 -0.0265678487519728 -0.85340217604337 -0.296391037615083
-0.0109574674802869 -0.0551644474870298 -0.510608076980737 0.512066402951002
-0.0221089760493894 -0.0118175957594575 0.087389818590281 0.472988577308008
-0.00263428373013963 0.0336291743644342 0.209614524398609 0.0687205955609989
0.0147768178897821 0.0297523741202978 0.0437393336703787 -0.215159698425912
0.00440979205507464 0.00449331806430695 -0.0261561398241197 0.191068626514503
0.00157469132931104 0.00708901353924617 -0.143567394701868 -0.0807963643525664
0.0212623902313775 -0.0114752617326511 0.0307838146177296 -0.469615320157825
0.0298240452966642 -0.0123728165040225 0.561178595690042 -0.302516756055567
-0.0112914438713753 0.0451007201810549 0.728824220973274 0.470337624691018
-0.0464205103553427 0.00721793609514126 -0.0384503170259903 0.950333176530262
0.00025895178255746 -0.0208866538115023 -0.479219447684968 0.46286335529455
0.00566826107471465 -0.00758352658787698 0.0559812824076155 0.0743778176216038
0.0116307074170876 0.0155698031212799 0.451111201185786 -0.517665098166857
0.00986743427235801 -0.000370271336077322 -0.176235801061767 -0.927711239933138
0.00834942969178494 -0.0279136102832911 -0.86389175099952 -0.26680850952813
-0.0101372964993262 -0.0523382446775757 -0.492252863025352 0.517146369111788
-0.0195011843143818 -0.00468574985092904 0.102973824191571 0.458532579808406
-0.000135096815632993 0.0367537075250061 0.214448804901185 0.0614819381007012
0.0179290566683333 0.0322864984334283 0.039117842183078 -0.213650838691604
0.00648226805004445 0.00502304933048542 -0.0317533787841085 0.190509665569496
0.00132953818417064 0.00976944094323163 -0.142944879690273 -0.081386215827157
0.0215733664009661 -0.00645793883737677 0.0381887685524394 -0.474988188127576
0.0345985707358194 -0.00865950845588195 0.565995978522744 -0.302872342585422
-0.00346102875781428 0.0474175762156668 0.722078852838647 0.476270796439915
-0.0441214637460838 0.0153078307717608 -0.0493141187455813 0.948894548587355
-0.0130024977081673 -0.00846389025681339 -0.475896497289717 0.458266927061993
-0.0115208153043408 0.00306684508886875 0.0670789568144726 0.0745196939733195
0.00423557604142097 0.0279446574131919 0.453416244605553 -0.522069657429785
0.0147086085174357 0.00615514792087024 -0.184947054763687 -0.92897493962105
0.015655440412316 -0.0284164950954767 -0.866751681469514 -0.264512281761002
-0.0065676123098363 -0.0493771861506938 -0.485499520687215 0.510635139362605
-0.0191576815390178 0.000277764692717616 0.108569003105861 0.44893562699544
-0.000167809132753894 0.0391847603428029 0.214113022862109 0.06057584688067
0.0212626658953955 0.0322347508372752 0.0331406223577044 -0.213790989159403
0.00664415128832868 0.00462398803510585 -0.0343532876795474 0.190419842991708
-0.000127899785901076 0.00997619590270099 -0.144992112547319 -0.0763212363399493
0.0201651691631184 -0.00281935750075983 0.0354856714811605 -0.475889823511674
0.0413569939151809 -0.00688422017480395 0.558682448683835 -0.319123879833686
0.00839715507762376 0.0504900250003569 0.727854618031815 0.457781175798081
-0.0409511798645348 0.0262615693274479 -0.0354641449751934 0.947568777791292
-0.02734090929196 0.00446283928049984 -0.465600465631921 0.46450528809478
-0.0295927022078415 0.0127141292688507 0.0696138929549561 0.0771144951151227
-0.00593168834525002 0.040725670545619 0.462706311601115 -0.517152179762756
0.0213479429276829 0.0138861771851516 -0.169344084522312 -0.934009692715286
0.0259125120830408 -0.0279438816573836 -0.865751485394882 -0.284686932396091
-0.000351223524173851 -0.0469069109484807 -0.493471554271223 0.496907704893391
-0.019675912081389 0.00414664778709764 0.105680323449811 0.446525574755993
-0.00224182006090914 0.0393333235032981 0.214037331715125 0.0635293640236502
0.0228462520988197 0.0321666549504055 0.0303448164153735 -0.21307602368468
0.00655058879823533 0.0046357176840278 -0.0371622505606536 0.190749248784891
-0.00264993586239121 0.0101326041858254 -0.151501362151383 -0.068983201902661
0.0178732630605463 -0.00224455715379753 0.0208100320002021 -0.476289519536748
0.0479627186175699 -0.00420088374837725 0.547266890651798 -0.344649530014793
0.0225283043035339 0.0532631422718344 0.743532844068486 0.4212268575365
-0.0364725327405866 0.0370900699909342 0.000653818434381191 0.94240574654469
-0.0406909153900126 0.015704960372059 -0.452813065715797 0.478602554274313
-0.0472191177877495 0.0208561481611601 0.0647925522206302 0.0855791007721448
-0.0158939573745831 0.0509161563462259 0.476355194955837 -0.50095858700583
0.0268604141038165 0.0225865864403748 -0.134052396878005 -0.947725547464058
0.0395465848678838 -0.024251130532946 -0.857832722819726 -0.328310988297819
0.00686793633737231 -0.0442390917240997 -0.51415242239977 0.4739406547709
-0.0230237585582077 0.00436316014964074 0.0948104382948544 0.450434776484097
-0.00445887853236426 0.0378149819995966 0.209008509147016 0.0716143405636826
0.0228038408214823 0.0321186527968044 0.0284746535778925 -0.214047842758194
-0.00576913461015144 -0.000574642655343954 -0.0125289926108407 0.190783554353192
-0.00901110787522213 -0.0085793290663762 -0.171883975222762 -0.0446026467860426
0.00655530187811002 -0.0335187322641582 -0.065924209471335 -0.432034821488868
0.0330023490703597 -0.0205977942074594 0.473493922450472 -0.388030596061215
0.0107513351066245 0.0492458922874777 0.8140281740258 0.280151471878619
-0.0403525265537673 0.0159626179180797 0.176502130059635 0.907581856834008
-0.000556799097297504 -0.0381181804832491 -0.427403575637323 0.548620530874348
0.0137313047691062 -0.0327371898344618 -0.0203011449692032 0.112881823226534
0.0158336548826222 -0.00548835713558472 0.483400581527952 -0.437451402925681
0.0126556390401848 0.000453017659167878 0.0178416220830966 -0.966816654425597
0.0258466545095783 -0.0162096171537517 -0.795045227602353 -0.451405380176814
0.00154397300137563 -0.0571268070003255 -0.593765220204439 0.443601435917915
-0.0305971267025985 -0.0299003522430396 0.0196987582517682 0.511943056169786
-0.0137170581132114 0.0172350094646202 0.189162024659412 0.105151283764422
0.00617635834655252 0.026293814627013 0.0544323248192765 -0.217868257258346
-0.00326164862578402 0.000733082867326345 -0.0116072872121056 0.190370074065735
-0.00481624946112771 -0.00564664235727638 -0.163912551508441 -0.0562636989945549
0.0115821845522685 -0.030970662417997 -0.0416996559099655 -0.441615265773191
0.0308452985740318 -0.0182089202377774 0.50259918039398 -0.363935341458702
-0.00188775667122656 0.0481776342442711 0.798480007854964 0.339664323081391
-0.0459583572496631 0.00799102582136189 0.118559596663174 0.92644389762764
0.00742939364671469 -0.0423136806572987 -0.447050236500966 0.526404013788647
0.0224634177783672 -0.0319404228872826 -0.000372807399149421 0.100937820594926
0.0209599199426716 -0.00625010933820012 0.471750457518487 -0.464987952126196
0.00882507923762706 -0.00492373948230653 -0.0462377864171413 -0.960288194319529
0.0156423035160013 -0.0215859551033555 -0.822700019996275 -0.392412756299453
-0.00501866585480329 -0.0570924456872725 -0.563528522882073 0.475490953998744
-0.0282528530553905 -0.0250273322417499 0.0453320628450925 0.502084433944711
-0.00938764009655661 0.0229263828915891 0.197276212127485 0.091361360717405
0.00884441945915906 0.0288330624304394 0.0511710298422518 -0.218026167470326
-0.00116612759031019 0.00161200785170755 -0.0147326779144944 0.191578664084342
-0.00274005327968712 -0.000813706312151415 -0.155959942790143 -0.0670700555987657
0.0154876952294065 -0.0256492604582855 -0.0170627411255349 -0.453691808352543
0.0268683444831972 -0.0171178179703031 0.528273639671342 -0.339936384356167
-0.0107095335852883 0.0456834782995827 0.777463174796266 0.391051099261532
-0.0476427580206241 0.00311853935754844 0.0573697221845146 0.939968029888543
0.00907799283759677 -0.0397850125481465 -0.463056338432664 0.503779224363487
0.0233414135308098 -0.0273367847860726 0.0205768770948617 0.0890848189982
0.0211289251750834 -0.00335027227483789 0.460069980531185 -0.490972575408183
0.00673882788295845 -0.00545485855663833 -0.106787078807135 -0.948228169547355
0.00734847372990753 -0.024496832016403 -0.84429920654183 -0.32905442165349
-0.00970378362362028 -0.056958188805633 -0.530720412982933 0.504218824909858
-0.0249194048079318 -0.0178742336074654 0.0726889944322817 0.487889602746853
-0.00530650319786641 0.0285548386942951 0.206041790727873 0.0773166293773442
0.0119238397581692 0.0288496550699147 0.0465468103839294 -0.217431177474528
0.00225219875602058 0.00232118116095898 -0.0180101123515304 0.191688143210581
9.7408495657803E-06 0.00388744571384481 -0.149811498759843 -0.074249751533022
0.0192275033007103 -0.0183303586003014 0.00674414090944051 -0.463938997996735
0.0266471377149551 -0.014996040372134 0.547520989091986 -0.321187202719169
-0.0132368123508711 0.0453433482392443 0.755582928068173 0.433634070018817
-0.0486919876354843 0.00290932688628732 0.00664423989119101 0.953009860571282
0.00728154599809379 -0.032671912617432 -0.473269926479583 0.483154319344878
0.0179212746225383 -0.0183087945351414 0.0407203809530752 0.0793714398091833
0.0175216380165746 0.00463955782592091 0.450359596621587 -0.512774606807067
0.00637761077747815 -0.0044536505729652 -0.157777577943994 -0.937937875550661
0.00582692872901455 -0.026615750102585 -0.860605468445103 -0.284503776291793
-0.0115128397881214 -0.0554218167926618 -0.504609214839725 0.519829329805818
-0.0209637170198671 -0.010541034881913 0.0957986636960814 0.471586835606667
-0.00176225562131359 0.0340681251576764 0.211746346341159 0.0664867805792848
0.0168070810568229 0.030232555513533 0.0413197329664087 -0.216766764766518
0.00365102796667404 0.0034471664732563 -0.0237844803975405 0.19133081356379
0.00142856887622751 0.00707625376903356 -0.145915768139707 -0.0792553457503963
0.0210387892219841 -0.0118371026392054 0.0227106686035386 -0.472536090680977
0.0293119413893084 -0.0127345057273014 0.559154454617078 -0.313349118521107
-0.0101889302795342 0.0454923687933342 0.739750166455248 0.460609111236796
-0.0467616874326154 0.00709201676605826 -0.0261643177747618 0.95531893386366
-0.000426389158526573 -0.0212163693613703 -0.475277167527284 0.470792379746124
0.00559132786208678 -0.00785078771106831 0.0582050747508915 0.0739303861314258
0.0118311739682371 0.015008218555704 0.44501224449935 -0.525454904829563
0.00949951474975492 -1.38688406788601E-05 -0.188440340723653 -0.930125740908983
0.00840408923329383 -0.0282689850977603 -0.869353499668369 -0.255493702976467
-0.0111710404833901 -0.0524204679854931 -0.484932690380013 0.526220153272425
-0.0197067445319974 -0.00404876560153928 0.111445120389771 0.458801984376138
0.000587841519893302 0.0377610404976984 0.216644946478401 0.0597340787884336
0.0189953794661118 0.0309433533714971 0.035767797947091 -0.21555277043341
0.00525981094228019 0.00404223229730156 -0.0284634158407129 0.190656090863984
0.000786477915486226 0.00951777761837019 -0.144099526536213 -0.0784574666499853
0.0205140164685323 -0.0067872592118564 0.030235849014412 -0.477506218495335
0.034251262204334 -0.0102944446783709 0.561898100125704 -0.313141673289215
-0.00184044259104915 0.047591553096064 0.730902657304519 0.467856744824142
-0.045146811331176 0.0155948625291487 -0.0361977368127703 0.954787013759581
-0.0136761832608566 -0.00815420018627483 -0.470624811002441 0.466550202733938
-0.0112700105059723 0.00338551372318746 0.0681424856582652 0.0727943666392011
0.00384075025633377 0.0284129050212628 0.44828251130994 -0.529248094135183
0.0149572467341615 0.00569636705351433 -0.197890941203079 -0.930531343859964
0.0151304077574854 -0.0281878428435038 -0.875661079014846 -0.252310807433646
-0.00727942723069572 -0.0491000848705182 -0.478274126227022 0.520387558187606
-0.01895203561734 0.000793391556892918 0.116534792771127 0.450377396449653
0.000517269673996047 0.0397780689276483 0.216445957087504 0.0572046214871618
0.0217119245022618 0.0314256348561361 0.0306234047744753 -0.214214978408567
0.00580598324700611 0.00500162961998906 -0.0322598147754911 0.190412533510456
-1.30213170116195E-05 0.0104812695339951 -0.146079098720352 -0.0748646206706304
0.0195498818355344 -0.00324241364235542 0.0268038091648843 -0.479962105923909
0.0404854795645296 -0.00707727794640409 0.557108421225122 -0.329758553247951
0.0103571610524389 0.0511125361505345 0.73597252862252 0.447191169193006
-0.0413515944957491 0.0268144382579342 -0.0215635603368995 0.953634471766808
-0.0283116043383153 0.00483548999375353 -0.461122920589005 0.471640432688623
-0.0294074084896707 0.0134157763909988 0.0706635762529692 0.0756053949779533
-0.00535221004813044 0.0406981090714572 0.456020846575863 -0.522564903650764
0.0213008456753772 0.0139023490369359 -0.183149810926513 -0.935223034835762
0.0257798966952071 -0.02775383835409 -0.872053922494594 -0.273055379084427
-0.0016714642329219 -0.0468076745086252 -0.488790901235313 0.506039305755782
-0.0193893121563277 0.00418901102529541 0.113547014643538 0.447453794057628
-0.000403751632556182 0.039468706730514 0.215721748040381 0.0609911222810957
0.0232407673202964 0.0323896206139494 0.027909428311828 -0.213886586346148
0.00593605481824789 0.00381584521576734 -0.0339610765521757 0.191154517225418
-0.00301123757923069 0.0097243823285159 -0.152639535392165 -0.0670583875689205
0.0172537480428451 -0.00271120933129854 0.0138793512533346 -0.479553863346343
0.0476820816822272 -0.00598904004198508 0.542873000834275 -0.354890633171141
0.0241808936383243 0.0537598586636803 0.751928294895845 0.411236207007813
-0.0364117986336015 0.0374905358357373 0.014202122533346 0.947308990617065
-0.041429973609811 0.0162826284210329 -0.448076508479683 0.486040187956627
-0.0473089188351177 0.0216030009844838 0.0648895027746307 0.0843562416860883
-0.0146912845693174 0.051284686803947 0.4721337895418 -0.509182288489257
0.0272320858156069 0.0218199989065818 -0.148222809663438 -0.951276802608321
0.0389046481067539 -0.0251384643756473 -0.867187666780346 -0.31539021561032
0.00520445305549025 -0.0443498188669437 -0.508742907216789 0.483452429986766
-0.0225716886949178 0.00480850503506522 0.100852990914184 0.45187273711601
-0.00325387867741119 0.0370207272368777 0.210490815012969 0.0694023894667251
0.0235582961885619 0.0312821484606156 0.025071008070174 -0.215561401807214
-0.00622344527303339 -0.000981288601003886 -0.00929774670281161 0.190850467423701
-0.0087384655400963 -0.0092572391476724 -0.172899138846502 -0.0423327614518659
0.00600009820139757 -0.0343894470012724 -0.0733227844843338 -0.433426991189191
0.0332097240228906 -0.0207381934428078 0.468732571503141 -0.399475562915234
0.0126046675436046 0.0491754173180497 0.820622586108391 0.265685149775324
-0.0416220862636299 0.0159907853121402 0.190940120153467 0.906316084758671
-0.00144968068051471 -0.0386047650116138 -0.419966190165311 0.555985672453254
0.0137553896498876 -0.0328382499500544 -0.0172583507957462 0.112243776545702
0.0153197616732169 -0.00643599938212977 0.476720292488923 -0.443635740501346
0.0118068482638451 -0.000516277891173277 0.00218991043855135 -0.968162013692981
0.0254845939791816 -0.0165580347110082 -0.805081748110883 -0.440401612202307
0.000690555718694006 -0.0561847937860304 -0.585484151065434 0.454708507441099
-0.0312463652525614 -0.029368051392935 0.028231503826134 0.512040346338445
-0.0123378818880873 0.0171741441870626 0.192304225796552 0.102803310945416
0.00755694655107594 0.026464503618679 0.0515945876720031 -0.219157213077394
-0.00418962003659645 0.000273120335067176 -0.00869424964539617 0.190212711235653
-0.00495764268113613 -0.00453573009549372 -0.164751609395507 -0.0543029578186082
0.0106418307475008 -0.030876092791991 -0.0504018067954899 -0.442921883062949
0.0289559358884792 -0.0197834982751748 0.4971467433968 -0.373647030857828
-0.00035547608400177 0.0482034047116987 0.80501881901878 0.326498599859408
-0.0458987558235352 0.00833430601692581 0.133148694950714 0.927160675290496
0.00661581066403632 -0.0430811698440367 -0.436793042824466 0.53534960336977
0.0218078955427227 -0.032196614379498 0.000854628508046646 0.100061757939998
0.0197573556413944 -0.0075301856963888 0.464942059823783 -0.471604819033796
0.00843638204910504 -0.00475758077599783 -0.0628698263706869 -0.961159831932027
0.0150973734550574 -0.0215196511669726 -0.829772057239121 -0.379519612219145
-0.00687387509480231 -0.0577311576763742 -0.555337691578812 0.487270257346821
-0.0283336207225755 -0.0239239368556014 0.0544049257438851 0.501545342802107
-0.00873139540213368 0.0234239867785909 0.200539733082924 0.0874745856618214
0.0101320529528044 0.0269145501848237 0.047644335053163 -0.219010615136098
-0.00179063023810713 0.00117635574224566 -0.0112648655517704 0.191361479528892
-0.00202866908425742 -0.00112593679674424 -0.157929319231863 -0.064561889374551
0.0148280307140247 -0.0254695074904166 -0.0246108221680229 -0.45623959922054
0.0261238150347285 -0.0183758468445232 0.522637635962474 -0.348652535278264
-0.00862221494430928 0.0469289906947731 0.783714538272227 0.377305601866295
-0.0482673566862082 0.00380203276089511 0.0741987770928468 0.941883027101543
0.00941420692328724 -0.0406497135288074 -0.457740484007631 0.511976470556716
0.0229308721978731 -0.0267267847383066 0.0227164013512429 0.0881087465818998
0.0204573579484549 -0.004136475238769 0.451750507203961 -0.49758829385851
0.00667986146066647 -0.00637911432891656 -0.122091103175574 -0.948978299829933
0.00814284380308933 -0.0245852721946882 -0.851042269797565 -0.315994171001834
-0.0117743718510355 -0.0569473730007713 -0.522909470443627 0.515625260196036
-0.0248165979976778 -0.0173663635321076 0.0822668708931118 0.488708677526607
-0.00402360383164764 0.0286436352096473 0.208001383606641 0.0746464809114015
0.0129286931195875 0.0279716855280295 0.0436196707623744 -0.217894017425193
0.00117097577037957 0.000910216068829516 -0.014891611228921 0.191626462297219
-0.000221048468756938 0.00429811983822352 -0.150956169012301 -0.0725061811784976
0.018401636242674 -0.0191402866973793 -0.00287442157107994 -0.464766951410554
0.025978428429421 -0.0158287797091364 0.542916614839112 -0.331997813776575
-0.0117430232547988 0.0459152584473291 0.764397402852785 0.423515366666352
-0.0490557702637885 0.00280544065136575 0.0237504208109973 0.955228841025063
0.00721715036610088 -0.0335523465197513 -0.465558980741366 0.491476570058868
0.0176045930630519 -0.0185835410037396 0.042532543587363 0.0788645407367218
0.0172176866649447 0.00343714836404376 0.44262234006295 -0.519010917520233
0.00667446945444297 -0.00478992509583736 -0.17219522221128 -0.937990831368678
0.00554223589340565 -0.026831856283435 -0.86766375910887 -0.271735799816347
-0.0135475032977176 -0.0550809252699949 -0.495332088893178 0.531444354518104
-0.0223504453641757 -0.0101503029067876 0.103318798825739 0.471773169333611
-0.000319969644270317 0.0333923104493239 0.21385579025719 0.0635549369369665
0.0174522198795887 0.0296176005124631 0.0375861076729365 -0.216887598811102
0.00297737893288844 0.00242621490971272 -0.0204499539424703 0.191704164684299
0.00182568722875488 0.00744509421379834 -0.146867934012133 -0.0767119270610088
0.0195722346113449 -0.0128403220374341 0.0143712302538703 -0.475025801508761
0.0291815342424599 -0.0128801711770754 0.555385820660223 -0.324676683964793
-0.00807762085973628 0.0471061067863845 0.746717572868679 0.448740686767882
-0.0473653556024342 0.00743818978298447 -0.0105092785723325 0.958192754735722
-0.00136613291095416 -0.0220558928490678 -0.468551985161931 0.47839015388076
0.0061163729509064 -0.00729939484368573 0.0596307826135614 0.0723921309751615
0.0119589026681805 0.0152791958189026 0.438357323244923 -0.534499880936619
0.00864232125140597 -0.000492478768779349 -0.203476211599044 -0.926704016109289
0.00819555032364558 -0.028972368099324 -0.876158583900837 -0.242171203389878
-0.012682061063808 -0.0522460306835485 -0.477511501388956 0.536677417042645
-0.0198605217714863 -0.00334532382428681 0.119204569797806 0.458906620248016
0.00176798072568088 0.0374035764545508 0.21745736615592 0.0562782898646861
0.020533575255863 0.0305045282640658 0.0329610116777881 -0.215263539366719
0.00506137967611712 0.00242933783534722 -0.0254522867583855 0.192169814506437
0.00161771994088427 0.00988989878339902 -0.145259380627492 -0.077178320652939
0.0197446013168311 -0.00742690248512102 0.0204664166606093 -0.4795848985955
0.0340864664824962 -0.0101643029659244 0.558941077638755 -0.325844305478151
-0.000276963567618104 0.0481164436749788 0.739460785296434 0.455042261929737
-0.0448174500895419 0.0163451207871707 -0.0227180993368353 0.959099036479468
-0.0141249471659354 -0.00849235119742357 -0.465532333757955 0.473366727662992
-0.010437136756597 0.00365233607716099 0.0702961628367275 0.0705261448903966
0.00473591331267053 0.0278188854203042 0.439137786920795 -0.537427178392983
0.0145314034517053 0.00567550796094286 -0.214542530531839 -0.928050463690307
0.0145008280435985 -0.0290811187200882 -0.879822132192755 -0.238061148406317
-0.00768773023754317 -0.0492513938373061 -0.469786450237204 0.529012335225049
-0.0186030019447691 0.00142617255251681 0.125852874424434 0.449680374808472
0.0026882988511906 0.0393027586121707 0.218380691789791 0.0544732790784443
0.0233454809708339 0.03123326062013 0.0278691658127981 -0.214990670623293
0.00546335378648167 0.00397838100904256 -0.0290905949345141 0.191401037502091
-0.000109827811396057 0.0106109676257066 -0.147716595828296 -0.0731832400347644
0.0184027783558622 -0.0038105576668683 0.0190594176375721 -0.483290235412738
0.0409922360906663 -0.00794995374896168 0.551914855740884 -0.342237045984162
0.0110739061905661 0.0510801368397373 0.743870200039562 0.435179856822393
-0.0407493206972531 0.0265045842320831 -0.00792572460394757 0.955358981816429
-0.0277000824793914 0.00454372850679379 -0.454036443470419 0.478174487484214
-0.0287689290081055 0.0143776439348303 0.0726431515955016 0.0741249337278278
-0.00454608031213946 0.0410643504752334 0.44943437764444 -0.531709321246348
0.0218027944216607 0.0129488541758867 -0.199066510363914 -0.935084607259469
0.0247117197586804 -0.0283404510843604 -0.878318662567897 -0.261389339725788
-0.00265806084314638 -0.0471533804065653 -0.481028131753497 0.514650177104583
-0.0192757752177582 0.00479855922117912 0.120880387794137 0.445332987465955
0.000721812566521936 0.039430830463332 0.216943750079789 0.0567702129525443
0.023640462231442 0.0308310625023341 0.0242790665298834 -0.214511679009097
0.00570129469044065 0.00305929217915256 -0.0317184944783937 0.191319145018273
-0.00270310771382623 0.00937736301841205 -0.153881839504706 -0.065109531783464
0.016032780049541 -0.00235254790762717 0.00662206889492497 -0.480818541723816
0.0485231586286908 -0.007337825974312 0.538441187408776 -0.366340780124295
0.0257992027500634 0.0537420898433183 0.761331816229479 0.398765779751439
-0.0357826665249016 0.0377627808620212 0.0297844143723009 0.9496269275129
-0.0403106965277651 0.0172071211325359 -0.440461733117779 0.495036234527183
-0.0466064609732205 0.0222588652007686 0.0667308850251546 0.0818482476557305
-0.0138634786041291 0.0510559954105815 0.463455711632508 -0.516135589327831
0.0272687398246537 0.0214233104188531 -0.162755482826959 -0.950248416818381
0.0385803216065223 -0.0267108387167801 -0.872894186300746 -0.302850892850139
0.00502695069159129 -0.044512979211923 -0.501000156803598 0.493664910994954
-0.0221083256827344 0.00498454765446871 0.109044405787637 0.450445724524774
-0.00147410761347849 0.037503760966344 0.212782756614733 0.0661734606951003
0.025104763485245 0.0301506192193635 0.0216108910952167 -0.215517662740835
-0.00587843866955807 -0.00113199736769475 -0.00617860513635326 0.19047423169339
-0.0093401405014047 -0.0087181040273841 -0.173461584653488 -0.0392135614441988
0.0048356246480837 -0.0351273449544081 -0.0822555414023756 -0.4316591149824
0.0331434306369958 -0.0207583404501952 0.462519920532968 -0.407645570519665
0.0144967261642686 0.0493893948385939 0.822534600575516 0.250803550270179
-0.0417853385792929 0.0169211704299434 0.205105052083022 0.903749913727635
-0.00264867193104068 -0.0389541771177586 -0.409072575406869 0.56131768571178
0.0127653518499018 -0.0332467047368922 -0.0158132548500127 0.111915048051832
0.0155921406267894 -0.00722474373173772 0.469628006295827 -0.449638802884006
0.0116095767625031 -7.13704180448239E-05 -0.0141374502283631 -0.966290745480539
0.0253708791004786 -0.0170327394413487 -0.810737197160306 -0.425330765846394
-0.000116039421122422 -0.0564271935864256 -0.577016533341523 0.464037261674463
-0.0316004946119581 -0.0281451628322119 0.0388938275401367 0.511263753949297
-0.0114802071776905 0.0180987495424989 0.194921319909442 0.0990304912473654
0.0087864349617091 0.0257596442146737 0.0471648764519825 -0.219080859749656
-0.00459333790513659 -0.000206618356388199 -0.00543926273885922 0.190180670703495
-0.00506011523721458 -0.00483143949808839 -0.165704723794593 -0.0518082399303972
0.00996462487075131 -0.0328980125654566 -0.0581923703067832 -0.443062175770186
0.0283225516901169 -0.0203054725944636 0.490245685779033 -0.383868256590709
0.00184004545776226 0.0486933546418258 0.809064739162645 0.308606695133703
-0.0457265420501991 0.00918094364089518 0.148496518886324 0.925128120034143
0.00445337395593977 -0.0427572440860825 -0.429533556768296 0.540484225064809
0.0215989834550153 -0.0329302262460929 0.00227382238713526 0.09931143443896
0.0196220475664114 -0.00773580655158164 0.457154037899376 -0.477178289379996
0.00829739929996184 -0.00503867547534289 -0.0780577685594695 -0.958807341329188
0.0148479178732021 -0.0209805215480116 -0.833183880310195 -0.36433989266941
-0.00752488468036562 -0.057343181825123 -0.54717031684612 0.496094748562862
-0.0288410509161362 -0.024060169145926 0.0649968393408239 0.499735528696124
-0.00816153018855445 0.0232050178802165 0.20194937853161 0.0858385673067345
0.0107186954679285 0.0259690820954384 0.0435787928914684 -0.21919393145462
-0.00220511304931989 0.000501075304350529 -0.00758116071947615 0.191269015781262
-0.00156490714865627 -0.000847979841836736 -0.158576786283975 -0.0620122999870084
0.0139098507845193 -0.0262908758799893 -0.0340829200420297 -0.455450637008233
0.0258872602090422 -0.0197330485379804 0.515100689319492 -0.3620565230105
-0.00631791563058002 0.0465654624435622 0.788533047374154 0.363934188655284
-0.0489461994312367 0.00412332303268486 0.0875041099996286 0.94233158786879
0.00777510096497086 -0.0409224767800078 -0.446350273683179 0.518407524650793
0.0226847394886988 -0.0273004955608377 0.0242114836078142 0.0874039690604238
0.0204157331869828 -0.00439975706819104 0.442871552714933 -0.504067995557442
0.00699700042702985 -0.00620943402955894 -0.138124384705661 -0.945986034580422
0.00787358661963875 -0.0249844846006584 -0.855157018057659 -0.304089998205736
-0.0117358111107598 -0.0552433361149155 -0.512429197472033 0.52274052482075
-0.0257213878586563 -0.0168987297397854 0.0907921764064389 0.486570646015882
-0.00220677793399413 0.0295894738878991 0.209446427904062 0.0708864519053112
0.0138116850290129 0.028378810901795 0.0404713151070477 -0.218659760954806
0.000367001999288501 0.000673076457267676 -0.011864647875277 0.190841327880695
0.000377027246620861 0.00387630259811197 -0.151865136396303 -0.0698145473862426
0.0172222739659833 -0.0191893157930579 -0.0109321538469831 -0.46753702327049
0.0258304175902813 -0.0170428319157573 0.535984871457086 -0.343642716197107
-0.00967279621357018 0.0457433026273837 0.769157369476389 0.408131382254007
-0.0492311615696353 0.0039625352545943 0.0408079776466066 0.954949818686118
0.00530772659478064 -0.0328190112631229 -0.45736674631982 0.497628355970657
0.0169555202236202 -0.018799408130037 0.0440997349713878 0.0774117438574735
0.01750699860651 0.00300957157673169 0.432892606883229 -0.525284970568011
0.00668907774034105 -0.00458183098717016 -0.188569318935003 -0.932656058735562
0.0045553012975435 -0.0271488437602621 -0.871000374719804 -0.255106987974551
-0.0139242723439142 -0.054461877199212 -0.485161568233938 0.538834553820784
-0.0217172147392075 -0.010047764431224 0.113252967973089 0.470377253128916
0.00100997485240562 0.0335258542133493 0.214369447579687 0.0600433569283946
0.0184393579107924 0.0284589650220774 0.0348065868598479 -0.217588465108579
0.00154657862167626 0.00276703190720363 -0.0166468704167157 0.190940981017899
0.00103087127688707 0.0074251365351488 -0.14804293836149 -0.0750957512255259
0.0190242108497553 -0.0120882522880614 0.0036194364146233 -0.475717352130726
0.0288268932233459 -0.0140727629318251 0.547817841186347 -0.336167907776976
-0.0068358600302493 0.046766735285712 0.754470241313907 0.436892871293293
-0.0478071303005842 0.00880533272241457 0.00455274055058575 0.959991116034071
-0.00165313454492174 -0.0225130245998187 -0.458080038780974 0.48512256750949
0.00571903930647644 -0.00800838966323026 0.0611061946177748 0.0714266942927823
0.0124899229479878 0.0137564339513593 0.429382378540747 -0.538707857105864
0.00931278182865011 -0.000415143388475035 -0.217868644363493 -0.923637915633934
0.00738050887030663 -0.0285751817887998 -0.879042358089355 -0.227465969298047
-0.0125181243269221 -0.0515675801214813 -0.466140389946201 0.542359273043028
-0.0198900754510794 -0.00315368204582054 0.128664627638348 0.456600999723821
0.00311733467605688 0.0368013405706499 0.218338361588781 0.0540383685696707
0.0216417522909211 0.0290795528473691 0.0298665720699197 -0.215486021485811
0.00370930217178069 0.00248619989772887 -0.0220923198635406 0.191561131701598
0.00087200853091366 0.00945191696103183 -0.147513270620099 -0.0750175594105026
0.0199069803496873 -0.00754515482845488 0.0120813970110794 -0.480523298063785
0.0335277807275844 -0.0114192272964471 0.551791138061712 -0.336744302417024
0.00214137776223088 0.0488696203063562 0.7458611914981 0.441363614583927
-0.0448562258736644 0.0167113975643702 -0.00654004174638554 0.958016084886413
-0.0141081572974867 -0.00847829722803961 -0.456990422503281 0.479915786107056
-0.0104531743195873 0.00426024864200996 0.0711460924799474 0.069528840938884
0.00479387581387821 0.0277440582993921 0.430275721160042 -0.543329016867397
0.01492866300905 0.0052494134393258 -0.228895135617265 -0.924801293465022
0.0142349996257119 -0.0288275753109733 -0.88171435366519 -0.223005204623086
-0.00888780447595326 -0.0489376353407229 -0.460533618842891 0.537362317112912
-0.0189857052392429 0.00146883853711757 0.133847734268268 0.447026520860404
0.00426784593303181 0.0390033670704731 0.21858577532292 0.0506197048038761
0.024578815344844 0.0296864186574384 0.0246144631209315 -0.215498431148536
0.00502280240038633 0.00303641511653141 -0.0255272324873206 0.190824036809946
7.47178014800322E-06 0.0111246453738861 -0.149373003712676 -0.0716968043517652
0.0193401725975191 -0.00389565514413258 0.00935989951063427 -0.482580630404088
0.0400323384847835 -0.00860640691473307 0.546438454282418 -0.35368208244596
0.0143535566955195 0.0509971698540472 0.750282253414771 0.423035417237693
-0.0414520524550775 0.0278128460220647 0.00974516335060049 0.956650227931297
-0.0276978828706951 0.00522020069158647 -0.445168307576618 0.484397737391727
-0.0285152317940084 0.0153534071222502 0.0729120752745267 0.0723722900975153
-0.00407467877799054 0.0405182226074834 0.439858663635562 -0.536844697985852
0.0211060528455024 0.0119959281262729 -0.212914519619652 -0.929394349609468
0.0251492235484717 -0.029024019553416 -0.882679445639388 -0.245432441579686
-0.00315004582456939 -0.0463631886190015 -0.469794193816702 0.523852931823084
-0.0193118714773038 0.00473540908736259 0.131167583733091 0.443533065174599
0.00204476703558167 0.0388804292909357 0.217599017821806 0.0549097930430074
0.0258979992013995 0.0302154845278829 0.0211219862728293 -0.214674781878389
0.00429886510503841 0.00273239764467066 -0.0277185397536423 0.191040574012627
-0.00260752319308802 0.00955711585643735 -0.154598165687363 -0.0636066510762018
0.0160025946165273 -0.00356161010996983 -0.00316849377293288 -0.481548737053642
0.0477764303235264 -0.00823394748434212 0.531514031281965 -0.377742579956407
0.0277393295185575 0.0529124399663002 0.764655991324299 0.386025314308123
-0.0359705013277288 0.0380728364093307 0.044409812379798 0.95082376714625
-0.0408949163737998 0.0169221559998443 -0.432275360658223 0.499673149251716
-0.0463672634168132 0.0238740843191401 0.0681855716022913 0.0800791563907303
-0.0142094284158288 0.0507069366324251 0.454185065274793 -0.521705591689593
0.0276435882459069 0.0212667236028595 -0.176708086254552 -0.947451741192471
0.0378762982465267 -0.0268534355723602 -0.875973968039961 -0.288854837913178
0.00449250814726151 -0.0440472348913649 -0.492234523793702 0.499968034591783
-0.0218960198676663 0.00623710046632963 0.118555310919073 0.448733144801187
-0.00111684769014878 0.0371543346843266 0.213690866326186 0.0628099489950719
0.0253817690213422 0.0293943704486089 0.0177000704137948 -0.215399568504729
-0.00766983654039171 -0.00101164417332637 -0.00206408574819076 0.189565286963388
-0.00958133695859836 -0.00663894303754079 -0.17220933982492 -0.0365472688849082
0.00297048890395097 -0.0336965185106544 -0.0900987181810349 -0.429285129106543
0.0320741904874678 -0.0224051658945361 0.452281533738713 -0.416324288520557
0.0157618064689401 0.0494915753660373 0.824934279178749 0.235926605854247
-0.0410145774207028 0.0173564317410689 0.219652275289256 0.89925880841981
-0.00332091627033972 -0.0398203687845869 -0.399951040721282 0.566597322258691
0.0121779770997777 -0.0330165496102665 -0.0130825928733764 0.111092392112736
0.0142243009424554 -0.00747015890690874 0.460352464092344 -0.455361661320252
0.0111787229485942 2.80200906178094E-05 -0.0295479369606667 -0.962971717877449
0.0254550555225099 -0.017289181333745 -0.815401483285135 -0.411179759983235
-0.0013091134462219 -0.0561146168677908 -0.567363340447441 0.470672303338386
-0.031353420978775 -0.0279553393430572 0.0498296472133412 0.509538693479665
-0.0105809360235139 0.0175166135881083 0.195779808132549 0.0969994849055671
0.00925213101803464 0.0245625622342191 0.0438927809015151 -0.218754750866651
-0.00490212880800664 -0.000287905690918108 -0.00198158072481473 0.189284616176348
-0.00525206522745123 -0.00378431804945739 -0.164951889341656 -0.0488703104754329
0.00805999079532731 -0.0314711913100006 -0.0669803375399286 -0.441721600999922
0.0287359949698871 -0.0209165388267697 0.481021249144412 -0.392508416548755
0.0030333791818653 0.0488105472343525 0.810289934895934 0.294933975278847
-0.0461921313475286 0.00919449572362985 0.161874508286578 0.922805943645438
0.00386294126548432 -0.0438429902245598 -0.41854064677045 0.544940790696751
0.0204279559023837 -0.0327553867061538 0.00458942649689016 0.0989697455563434
0.0199673210917116 -0.00871686237785002 0.447125977488096 -0.483058853850232
0.00777469908290266 -0.0046753690377557 -0.0918624841707783 -0.953570287550667
0.0142626088479347 -0.0212553896445345 -0.837834532471837 -0.350204166243294
-0.00831615629927649 -0.0570129525056773 -0.537053917906894 0.503537868009917
-0.028665006293131 -0.0226449161803707 0.0733901573517685 0.498324743652089
-0.00617194327845698 0.0232205455982188 0.202198378909649 0.0830419203899142
0.0116063786808752 0.0256934788329907 0.0406886887114218 -0.219036694226882
-0.00346439855810201 -0.00108534525386436 -0.00470421496521028 0.189636427597156
-0.00243399688149052 -0.000661895659946293 -0.158640339851493 -0.0599791144401347
0.0131126211777126 -0.0262749055616043 -0.0430394672849345 -0.454141093250192
0.0260701202492957 -0.0199376964053326 0.50593895734905 -0.37079869215386
-0.00441855158352489 0.0475628354751118 0.792008811532636 0.348892531841025
-0.0492721259904312 0.00531448385498229 0.103258893754386 0.938823737705337
0.00639594519553375 -0.0414339492271134 -0.436782084376294 0.523374662365817
0.0226505874487273 -0.0268922696349719 0.0253998807911994 0.0863564560795043
0.0198289489891118 -0.0056420027486733 0.433902417996551 -0.507687925194086
0.00541542248410862 -0.00565447557117107 -0.153214052700498 -0.939967689339269
0.00743687228438448 -0.0246666477179458 -0.857658628575983 -0.286844505732113
-0.012460542876412 -0.055652569174291 -0.502364951943491 0.52946091301776
-0.0248259050059953 -0.0164669991743066 0.0998548601699607 0.482775422901722
-0.00193050025586328 0.0283726708465478 0.209775363126824 0.0687767863714028
0.0149617291048856 0.0272470460109069 0.0364582898889697 -0.218281580532456
-0.000863437108713254 0.000233647300689603 -0.00780980116431727 0.189995950534365
0.000132287105748799 0.00411604853467036 -0.152311158060283 -0.0678492389366498
0.015857213967613 -0.0193320532290601 -0.0204745304133739 -0.466213174751552
0.0256835618299355 -0.0175448240834824 0.527810373648634 -0.35284580203646
-0.00810068606315685 0.0462674981788867 0.774414117865383 0.394299781034581
-0.0493552589140923 0.00481656497852911 0.0529078821753704 0.950803574321483
0.00485361118914061 -0.0335042723154821 -0.448357779546594 0.503768363749767
0.0175271276295833 -0.0191076357142811 0.0442062002528515 0.0747223351203764
0.0170278808984647 0.00295738667161251 0.423647569632201 -0.530115125747622
0.0059876037083415 -0.00467248131210888 -0.202263471726005 -0.926588815503259
0.00473963996364251 -0.027173042137826 -0.870329592496142 -0.239882735532233
-0.0143034373526266 -0.0536860236721495 -0.474437859877041 0.547014699528122
-0.0217604859504127 -0.00956294994455517 0.121006257812535 0.46700483331464
0.00282424624975217 0.0331611402916183 0.215206476700934 0.0570397167091285
0.0189744558547487 0.0269907778160176 0.0307133284681395 -0.216559485447607
0.000992076883266746 0.0011065110088894 -0.0133471588851368 0.190111517836795
0.000982309616727509 0.00746057231459862 -0.147748405485075 -0.0721231193796555
0.0182592491165856 -0.0131633972897633 -0.00430104863480246 -0.474166174157525
0.0282861781924568 -0.0148860433066271 0.540726526724597 -0.34677153167681
-0.00509427440152423 0.0461568257022076 0.75602227413514 0.422253927913541
-0.0480874501423123 0.00890105465604512 0.0216431218823229 0.957165848450491
-0.00261014610355385 -0.0222816482514391 -0.451659935526965 0.489270806869981
0.00579903735400441 -0.00786319459352194 0.0612063343115471 0.0685756245548774
0.0134103816419895 0.0132170303742109 0.418728933926252 -0.542316279553385
0.00959122095798721 -0.000506757362895082 -0.232498576424721 -0.917236341231017
0.00729764361535091 -0.028973498942477 -0.881131530375566 -0.212448391981706
-0.0142164525739812 -0.051704101799239 -0.456008346322027 0.549442339561516
-0.0191159676935185 -0.00381405116945085 0.135978380339466 0.452536244011732
0.00480016192113614 0.0365953952231656 0.219685772188425 0.0492799460180222
0.0233208070139535 0.0279785249476125 0.0258133053265444 -0.21614950720924
0.0030458743186063 0.00270474152300719 -0.0188412384923164 0.189511102762577
0.00155504992456123 0.00990703483249325 -0.147244936317802 -0.0726809202082401
0.0184764451205251 -0.0074324432630779 0.00302516988597938 -0.480171475476795
0.0327909413323931 -0.0121117133735226 0.542416011650785 -0.347367196714375
0.00377548191748312 0.0478975655882195 0.750440585973399 0.42568943967701
-0.0447171208792295 0.0173360997533076 0.0108571806244089 0.958260319089459
-0.0147198033521155 -0.00881282891210211 -0.446936952684851 0.485595196850206
-0.00973227047265245 0.00408207627319507 0.0715592169161378 0.066580920216479
0.00504428682398865 0.0271387539820419 0.42048981901792 -0.545586233878339
0.0145315766231277 0.00463642851911902 -0.2427714960563 -0.91628124470515
0.0133631576179958 -0.0295282077689772 -0.88392805500323 -0.208032559997369
-0.0101119712085283 -0.048547589860619 -0.449290498199485 0.544098352681212
-0.0185448984113485 0.00264658602326839 0.141453975369338 0.443265916511024
0.00508792771147347 0.0390051295095038 0.219498900563467 0.0477685030076611
0.025121701177368 0.0295195629244213 0.0211054901458976 -0.214768721925522
0.00434125915140432 0.0032226166125987 -0.0225681144233972 0.189656856713498
0.000454844207971078 0.0116253243456604 -0.150166221673819 -0.0684924431493494
0.0183099029458041 -0.00389568992247226 0.000107012445214788 -0.481324981523459
0.0393371706064028 -0.0089828619454847 0.536257441524671 -0.363745508303729
0.0147636493155812 0.0502443618073595 0.75506059534293 0.407866573017704
-0.0410298982411943 0.0278836540237812 0.0250118754945009 0.953572328836464
-0.0294816412893035 0.00468519769477642 -0.437102527554613 0.491478837930871
-0.0281566082545237 0.015674543742862 0.0748908485419035 0.0706651839572081
-0.00369282591168912 0.0398255452478618 0.42863432328095 -0.540896357701728
0.0204647350643307 0.0116178404482175 -0.227993569473696 -0.921929586895346
0.0243533586654012 -0.0292364660233641 -0.884249841837084 -0.229670430953658
-0.00404877450745431 -0.0460607202901026 -0.458299808888366 0.52945180124992
-0.0186763987537662 0.00468782625596038 0.137671222799117 0.440439496625413
0.00320414775801772 0.038669950803594 0.218600050165112 0.0511530834466582
0.0259233695989815 0.0292653059503177 0.0176105333599712 -0.213902351211974
0.00300265453040485 0.00233062534951606 -0.0240896613424261 0.190249617862625
-0.0027014289473313 0.00986608163622715 -0.154848634325871 -0.0601964331818359
0.0157780633658909 -0.00289025824644551 -0.0137015030640079 -0.479993996403492
0.0464095332714589 -0.00888605527018183 0.52230198039317 -0.385423551737832
0.0295871241749675 0.0524921736135622 0.767702885968099 0.371033251072532
-0.0359921162727656 0.0388754865158573 0.0605073706967205 0.946809237409781
-0.0412025285620899 0.0175559906334275 -0.423254965277378 0.503571656325898
-0.0455240354221324 0.0246138285269593 0.0696429955882738 0.0778501966114904
-0.0126711767179537 0.0516698657069238 0.443710470577252 -0.527661084546251
0.0276001119409567 0.0201243784343191 -0.192121982676867 -0.941493434821078
0.0375971078234369 -0.02772880921226 -0.877965487082789 -0.270398738867751
0.00308630254895502 -0.0441835454032433 -0.481266861391197 0.508441880840653
-0.0216996958724658 0.00583098161288658 0.125189784169675 0.44492643973327
0.000650440204932188 0.0375909899431847 0.214256901929265 0.0589098016333889
0.0261106873761715 0.0283588140587952 0.0154329651453948 -0.214383557677589
-0.00852919913884918 -0.00166571039634512 0.00124572317228875 0.187964711009005
-0.0100144555362264 -0.00778057870213117 -0.17165378357941 -0.033741163480621
0.00250345968958618 -0.0341366221339679 -0.0970901885081883 -0.426206226626854
0.0314268639081694 -0.0230712408656289 0.442793461824132 -0.422322596227157
0.0180445292972609 0.0486040782232901 0.821052641047452 0.218550576122482
-0.0416485630404023 0.0172161935451775 0.233754240324628 0.891489242746683
-0.00461623246368975 -0.0392911197348082 -0.388362781057671 0.568226668672253
0.0129188240338415 -0.0324374350208939 -0.0120704264319799 0.11041046015882
0.0146438398871567 -0.0074234019548399 0.450530022028725 -0.459295830184119
0.0113191064611656 -0.000685944074956602 -0.0452930676520119 -0.956358025022023
0.0243279314379132 -0.0182661244200211 -0.817497200375647 -0.395430081322736
-0.0032092668864348 -0.0560623355750712 -0.556377687629897 0.480126929793695
-0.0321792557884304 -0.0272070312706922 0.0585923157398218 0.505734408581355
-0.00863965066383762 0.0179498770470871 0.196419170088927 0.0926693282147755
0.00933227988497649 0.0240235995303177 0.0400461803090807 -0.21878390132825
-0.00653131511135505 -0.00149500437198791 0.00101793137165705 0.187914954724435
-0.00499521111159413 -0.00386816811397342 -0.164667020511263 -0.0465299752490733
0.00760291777921494 -0.0311983016127265 -0.0749890351983165 -0.437725553781451
0.0278672038151587 -0.0223413949633039 0.472085829395584 -0.399261696960406
0.00540878290301224 0.0479000413841104 0.810974207982429 0.278639710720124
-0.0461971712217867 0.0101685747531553 0.177266401574537 0.914662671864354
0.00350438937505653 -0.0433105290127247 -0.407137827192496 0.547820680115013
0.020668264437472 -0.0323211465041947 0.00545820830338419 0.0966885696365097
0.0189719981434838 -0.00930235071301581 0.435664542017738 -0.486707496857923
0.00753348714966668 -0.00544131402531786 -0.108337396687686 -0.946394740231596
0.0138262812597174 -0.0212678873462811 -0.837505252500267 -0.334746935137554
-0.00969788263986297 -0.0563177127838064 -0.523296941516194 0.510248267348333
-0.0293704970380383 -0.0223299371171214 0.0820959640919887 0.495396106384484
-0.00483640968384878 0.0223270982572263 0.203695810372657 0.0782931512940122
0.0130327721935384 0.0243091159296247 0.0359422636505495 -0.218285330769257
-0.00408849563277815 -0.000420481889014626 -0.00120237813896297 0.188176611759697
-0.00295592123555303 -0.00039933402701771 -0.158373870683312 -0.0577364774966033
0.0120997984163981 -0.0265512468797921 -0.0514104030062379 -0.452561776727038
0.0248370046930607 -0.0213634184287593 0.498015089629985 -0.37809659718993
-0.00351263516388015 0.0461574243451023 0.793418018055402 0.333284259040601
-0.0496614842215484 0.00549531386788452 0.118887158543874 0.933429110531181
0.00585950189359715 -0.0415950094433538 -0.424316027690827 0.526629800614439
0.0222178293383636 -0.0274453476590855 0.025836026101133 0.0840250795247827
0.0193409557323238 -0.00546402883135345 0.423483611575211 -0.510366351418284
0.00596797278394428 -0.00683294614437201 -0.166184345890165 -0.931531611996542
0.00781985420414169 -0.0246769389805419 -0.856646830490898 -0.27175199991822
-0.0142627743614865 -0.0547165052919774 -0.489867170644686 0.535783391250569
-0.0250525233600529 -0.0157069822834646 0.109046901492601 0.47894257097051
0.000371700871200364 0.0278946516062998 0.210154623522885 0.0643699052059923
0.0160416168923994 0.0258685861025758 0.0336068041345888 -0.21680350075619
-0.00116762128444394 -0.000398052618566179 -0.00524353646037569 0.188835334028737
-0.000195530678079443 0.00398930190155992 -0.15285994476222 -0.0659741896207158
0.0151563196776757 -0.0197311960874019 -0.0299720101029143 -0.462736106081771
0.0246275311788645 -0.0176761290515595 0.519010000805683 -0.361980430348302
-0.00617683826540088 0.0461012867700773 0.775432259559484 0.379416298066308
-0.0497260094515465 0.00518696485119828 0.0704738107484252 0.944809817962472
0.00413590996266014 -0.0336484736556637 -0.437116195235607 0.508015008944837
0.0172244619764831 -0.0183609465434434 0.0463215020614748 0.0740022877546587
0.0170309697256191 0.0017908308080362 0.413025086971759 -0.532736206368354
0.00580857513931524 -0.00471835249910037 -0.215503007279365 -0.91845943885258
0.00388986802869385 -0.0273412783194229 -0.869069555753585 -0.223740103126765
-0.0161861912101019 -0.0536924319637374 -0.461217001407735 0.551741289998816
-0.0215252143730542 -0.00922624378850419 0.12923970314769 0.462654805861684
0.0037271378034169 0.0327849089981815 0.215033555537199 0.0533415405719859
0.0197345976734356 0.0264019863687322 0.0266057168435299 -0.215028793308954
0.000104562536446366 0.00148387461331366 -0.00979411232976224 0.188054869579345
0.00117535801112363 0.00787819346425538 -0.148105049073692 -0.0695501468129248
0.0166483795617021 -0.0127531621297343 -0.0132525395403533 -0.4726737785495
0.0273537886795054 -0.0162071979690945 0.530747981219951 -0.355302472333441
-0.00367748332048651 0.0458752442929337 0.758450601237456 0.406569502384433
-0.0477392067526402 0.00989471332221038 0.037103443867365 0.951731075223423
-0.00262787815618104 -0.0225854227030412 -0.440405623828356 0.494326974889592
0.00614742875525895 -0.00713404396115077 0.0624089159583124 0.0670614935601933
0.0115779362509749 0.0129099683266106 0.405912973321998 -0.544682685717945
0.00800962469364071 -0.000543029276257193 -0.2455598977975 -0.90653768715777
0.0056881369489943 -0.0282599024198066 -0.877962992826409 -0.195574630329809
-0.0144294853078212 -0.0503108904816087 -0.442862088985719 0.554945526395242
-0.0195903224360003 -0.00278389896024622 0.144586018197038 0.448441366200109
0.00549392797390573 0.0360791911963164 0.218470170573006 0.0458695821573059
0.0226227149597913 0.0271335834407256 0.0225148616247101 -0.214179115459365
0.00199906710137034 0.00246311929041481 -0.0153027916453511 0.188157845844672
0.000606671422948959 0.0105625617032519 -0.147319958104859 -0.0705212107292627
0.0178697870414929 -0.00740158324564831 -0.00624803625113373 -0.477587162356348
0.0322759591463106 -0.0136560463353734 0.533678736696378 -0.356185569363891
0.00474597848876685 0.0477162421990639 0.751047404289302 0.410586816628879
-0.0458190785873269 0.0177659443283078 0.0261454594404864 0.952066677422247
-0.0151859571689701 -0.00889491273721542 -0.437014101238042 0.491302078587013
-0.00936145634164375 0.00440930859353711 0.0719227701362393 0.0647208063153327
0.00568668393482794 0.0267325525552243 0.406757255290668 -0.549094191937426
0.014373257800206 0.00441560843985143 -0.254587224059557 -0.907318484547132
0.0130336425887212 -0.0293701107106876 -0.879847225988004 -0.191443033138324
-0.0103380313702608 -0.0478119390766625 -0.437453287930506 0.548492713194957
-0.0174825583426184 0.00213651289970175 0.148939738929429 0.438021503077718
0.00614768657835092 0.0377112938411639 0.219207760622083 0.043916344485948
0.0252989895000661 0.0271769089512354 0.0178738209298693 -0.213772621066802
0.00233916552964309 0.00251312677041867 -0.0181859841326606 0.188480863582522
-0.000359159690599002 0.0108643169493658 -0.149599174638798 -0.0660967420132421
0.0170446343276789 -0.0042207945800878 -0.0101307875513236 -0.479752059463412
0.0390223958599546 -0.0107645315630355 0.526705456746054 -0.372098968288488
0.0169443993543508 0.0493603342092969 0.756067638830758 0.392338143642192
-0.0405609969340175 0.0283392406132746 0.0382958977441551 0.950209604587962
-0.0286058293529892 0.00501906283741581 -0.42540956581054 0.495394584364891
-0.0279618379008834 0.0156059508522632 0.0755419645200989 0.0680023921858082
-0.00245837500306072 0.0392098993296117 0.416503522818575 -0.543878104226252
0.0205962524667249 0.0121095383747781 -0.240473677226176 -0.913922275028825
0.0244504013817706 -0.0294593731316738 -0.882217822844201 -0.213258601398644
-0.00572366191708706 -0.0452305671833041 -0.446640480614106 0.534515724614891
-0.0182484006958749 0.00530990442538206 0.145307570544022 0.436369076939028
0.00500276097472448 0.0376868564009024 0.217590603413903 0.0466518479704722
0.0267969611716296 0.0279065840129341 0.0143044663037701 -0.212523677747906
0.00242848304836231 0.00167244078385899 -0.0209420840354801 0.188566923655104
-0.00281283742767925 0.00956304875224072 -0.154442850629119 -0.0581071023189254
0.0141983012759974 -0.00361018134464971 -0.0231367171856857 -0.477643199852442
0.0459007908600234 -0.0106650387421165 0.510350818760082 -0.395659994238784
0.031145674832579 0.0515633431421217 0.76962246206361 0.355836144090858
-0.035144626460037 0.0395114732778583 0.0766031420943516 0.940290080944941
-0.0407219681431112 0.0175192676072309 -0.412637577618377 0.50943206168887
-0.04446323736569 0.0251882848554562 0.0709200984218256 0.0757548914416276
-0.0113241440969129 0.0508061190363333 0.432694535615901 -0.530450647878569
0.0276844916783813 0.0204110430515664 -0.205995824071638 -0.930429004269138
0.0361448436302525 -0.0277566097455814 -0.879241083549737 -0.256003201533856
0.00305666348896083 -0.0444116553770892 -0.46782751184282 0.513104649048267
-0.0217001423554578 0.00626562555202709 0.134220059401641 0.439616627860028
0.00160749422964576 0.0365415827988365 0.214433372767128 0.0553290552777414
0.0265366640917673 0.0276041146066783 0.0116338195485372 -0.213944544849343
-0.00979996468251759 -0.00278027191704954 0.00428432860740746 0.184962384247541
-0.00967766709830565 -0.00754557053826178 -0.17172272174276 -0.032432221389694
0.00150558165922542 -0.0337157418878912 -0.10403086318459 -0.421343516319388
0.0308800649233213 -0.0241433770999141 0.431620966050183 -0.427175020446371
0.0194282487412224 0.047756649512328 0.81915095772854 0.204675275581529
-0.041431271803527 0.0181595844847593 0.24558512283323 0.881986369301697
-0.0051974849380796 -0.0388184336093706 -0.376347719195904 0.568514066514343
0.0119093504289125 -0.0325379395695132 -0.0103950018165733 0.108637529674411
0.0143147433045025 -0.00811509505676205 0.439733696462498 -0.460558840035488
0.0106210306435865 -0.00133713636351484 -0.0593279315845936 -0.948792986740123
0.0244567551111107 -0.0192014736172105 -0.815518959005122 -0.378742004026471
-0.00331135538762873 -0.0551787439826734 -0.543288588933109 0.484936002276767
-0.0314186696203323 -0.0261753120955422 0.0665353102271519 0.501003229641643
-0.00867056890678927 0.0179939133228756 0.19735360965469 0.088813138249458
0.0107101111790656 0.0223651885979932 0.036750829060674 -0.216222103170433
-0.00761236753870968 -0.000694200874934427 0.0057201532208383 0.185023906529847
-0.00615875410812669 -0.00420682421195529 -0.164245032682593 -0.0441519500823007
0.00583795236094012 -0.0312587916937992 -0.0809704346376986 -0.434282048668334
0.0264970338063961 -0.0232350044222045 0.459156258009377 -0.405445579877266
0.00623449119112866 0.0468966787444504 0.808056158233483 0.264912178524571
-0.0472076756572158 0.0102438893801319 0.19143804296051 0.905663037000129
0.0014719512858033 -0.0443441855928754 -0.395649720861153 0.550462885521727
0.0202215802790593 -0.0325956638611722 0.00668122219443471 0.0950481314488802
0.0187240032286292 -0.0100345610425153 0.425818767250011 -0.489393684773454
0.00686768726587265 -0.00451126664203088 -0.119593555529959 -0.937120008439719
0.0135619604949441 -0.022311541527199 -0.836564339493743 -0.317972649066529
-0.0100643302984256 -0.0549746749098873 -0.511743783347282 0.512541386829698
-0.0290358491601802 -0.0218076477069452 0.091340838314156 0.488358263002895
-0.00449835714639687 0.0219198899477934 0.202990258236573 0.0749338525427886
0.0136684348271194 0.0233877146923942 0.0332556990464013 -0.216389104268674
-0.00535833069924781 -0.000496222650760532 0.00150954957666777 0.185434988760991
-0.00315611162228631 -0.000569115890368758 -0.158496194404735 -0.0543564861743697
0.0108743655396947 -0.0259376860601723 -0.0589974578881789 -0.448351193841598
0.024328060772864 -0.0213874211755822 0.48677753793461 -0.384625256834012
-0.00128724001112608 0.0460415033401194 0.791978027723119 0.31720827511457
-0.0491689057841855 0.00641539138528785 0.132506340146057 0.922332648510641
0.00486272858078074 -0.0413937244119446 -0.414733559553577 0.528590562728234
0.0221878023592219 -0.0276614847634932 0.02715416574891 0.082933138469661
0.0194932044945928 -0.00613954324552215 0.411460877458158 -0.511541882447627
0.00533477362039552 -0.00642496079703936 -0.180261399381887 -0.922266465395926
0.00594975008655746 -0.0249215332244875 -0.853798920615445 -0.256164698136032
-0.0151345283256344 -0.0543610563258583 -0.476567788057517 0.539817222879754
-0.0252552565509611 -0.0153083891976982 0.116539934072616 0.474341803871302
0.000715497756459429 0.0276419630025828 0.211399008659323 0.0608201007563655
0.0170507550346402 0.0251523625151002 0.0301258389125492 -0.215842052629434
-0.00245448448576358 -0.000750603008056757 -0.0018631912426358 0.185918580763762
-0.000413962156397464 0.00414891207996515 -0.151789258678386 -0.0626257556786718
0.0138318257710364 -0.0192144329432821 -0.0371938290028021 -0.458706495305232
0.0234739548685347 -0.0198180599035242 0.508317938966767 -0.368227942253195
-0.00394601613451719 0.0454133869788858 0.773005087667946 0.361145690529163
-0.0494851794595461 0.00567374388423611 0.0861237946495458 0.939988719887166
0.00366018577444483 -0.034141071323724 -0.426462078836003 0.509303102189857
0.0171710021990809 -0.019044421358516 0.0461861968945919 0.0717572825184842
0.0173415274941309 0.00138200322390864 0.400938175679313 -0.533323588047587
0.00483860150353507 -0.00518646085209582 -0.227846151291824 -0.907238625159584
0.00391238498094499 -0.0273069989920337 -0.866294795192922 -0.20784765364262
-0.0166135753597201 -0.0517635398989261 -0.448100773648532 0.554407167724365
-0.0221326083125215 -0.00861198089233984 0.137364682034249 0.456076977741539
0.00453952155172863 0.0320399241938271 0.214853168825745 0.0499446784309337
0.0208689742049914 0.024844453343822 0.0234567440268819 -0.214218459120764
-0.000722671578384375 0.000876585497431374 -0.00720043815128073 0.18653038448899
0.000642314267154337 0.00804883605833604 -0.148342613700291 -0.0663842555219646
0.0159345322610138 -0.0129912622719398 -0.0211839467737808 -0.468872746137428
0.0273369909019545 -0.0157821171743479 0.519915556679892 -0.362344588064587
-0.00134955849697669 0.0460881690366456 0.759648165875016 0.390127743098241
-0.0476966076782245 0.0106221037046692 0.0521307833909662 0.944162677290711
-0.00405058639753969 -0.0219587484549222 -0.429570680946825 0.495791977515285
0.00613562342015016 -0.0074526545422273 0.0624801571816778 0.0653031386177684
0.0122491739779388 0.0128422578209208 0.394779508911922 -0.547653009513022
0.00921629189818408 -0.000978083116220347 -0.260242402937021 -0.897137016323675
0.00506987556254615 -0.0285801603642931 -0.873233673759992 -0.17797622998676
-0.0147771241296051 -0.0506822950536884 -0.430328983345696 0.557092895680497
-0.0187033895275073 -0.00305526537200836 0.15028804720984 0.442957153587191
0.00637271677567627 0.0354475725973731 0.218689031040812 0.0418437960872194
0.0237326038619087 0.0257165005658615 0.0189941541846805 -0.212625373657989
0.00107204267349442 0.00239884613290021 -0.011149645224919 0.185504591119709
0.00159462232093238 0.00949564650636267 -0.147384127601107 -0.0676014953019647
0.0166162024496709 -0.00742475639675215 -0.0151413648264705 -0.475491311295712
0.0312803782436809 -0.013709730371315 0.52260314720754 -0.362561800452891
0.00616660861831914 0.0464711505060303 0.752156313759019 0.396192821632491
-0.0457549575173775 0.0185913222817627 0.0405162249917864 0.945698771396882
-0.0147717310714747 -0.00886223294707328 -0.425973732062476 0.491212646859642
-0.00943181545962149 0.00500038027247402 0.0723703821543138 0.0624985615432736
0.00519150255896977 0.0255367823643346 0.397341855683215 -0.548902335598608
0.013728781908283 0.00453830956109102 -0.267888653378515 -0.895317016230263
0.0124880066020552 -0.0294707855922964 -0.877682574981969 -0.175960641767201
-0.0120136079449652 -0.0469663136264574 -0.425785253379966 0.551332194867382
-0.0173050926103253 0.00224393709604111 0.155049210892086 0.432919195465649
0.00718014255359324 0.0372288597564787 0.219088365287026 0.0400318164433136
0.0258472064793725 0.0267031887560884 0.0146686650163499 -0.211438518315337
0.00182115609220678 0.0025139665701633 -0.0151950515114755 0.185827242055999
2.70691961100264E-05 0.0117235903408146 -0.149416103349159 -0.0640751907570271
0.0165375219751293 -0.00416639250528614 -0.0183253042336279 -0.477043388375647
0.038549700044802 -0.0121656223040145 0.51710441725 -0.378805132981296
0.0185830391704876 0.0486844560432004 0.755025445259897 0.376912275789722
-0.0403984034830342 0.0292225135750868 0.0548192978472857 0.941338675834081
-0.0288314589783202 0.00553911631448074 -0.414337094399715 0.496233431728711
-0.0265329035946575 0.016027904509873 0.0742996376915736 0.0652962132183017
-0.00260005027210009 0.0386591717047486 0.405064001442778 -0.545201167253965
0.0209202012758364 0.0113809036859532 -0.251237861547088 -0.901186710773817
0.0226339387786964 -0.029493414387331 -0.878812605906233 -0.196892045323443
-0.00494123021946273 -0.0449851322072304 -0.434435964577555 0.53658919388889
-0.0185042655790254 0.00500935420427099 0.152845497528515 0.431083646676887
0.00530829907342322 0.0372135307206552 0.217845925920053 0.0443938511389369
0.0271676728677697 0.0267783617887397 0.0107729077526413 -0.210556184468102
0.00103375363806555 0.00197596995587807 -0.0173466134656099 0.186451264408455
-0.00309579789893472 0.00958107043745914 -0.154603586266276 -0.054713749823262
0.0144266485494635 -0.00251735104884955 -0.0308319868081041 -0.47334492602649
0.0450744532053786 -0.0123294267615682 0.500602458331753 -0.401608156349689
0.0328227743274235 0.0496796012070251 0.766886853609616 0.338674748492445
-0.0349382416341198 0.039746497545419 0.0904615412506998 0.934046318066934
-0.0402552260843726 0.0179116954229053 -0.399760820018128 0.509938578796546
-0.0439338347316496 0.0255740340625113 0.07051437445272 0.0738006351662621
-0.0115080565984563 0.0495714966300003 0.421033365036777 -0.531980916215061
0.0278107881134451 0.0195339857405024 -0.21817623809507 -0.920546554543477
0.0363544038415592 -0.0277255830432921 -0.875393421062575 -0.238970941957821
0.00119411582410303 -0.0433797634645022 -0.456575847969726 0.516667972855668
-0.0207993278321245 0.00618453336414181 0.141234927763359 0.435070655772331
0.00246991651895649 0.0349501115147273 0.212673558578623 0.0525534905139736
0.0269149548971306 0.0263261508730913 0.00910479925631043 -0.210408795696649
-0.0101457721059513 -0.00266626628471918 0.00677464860859004 0.18227274543134
-0.00984068328737759 -0.00659510844906906 -0.169530619772506 -0.0295333952193525
0.000248909699403655 -0.0337361544741955 -0.110407854522615 -0.416346273806948
0.0292764112428628 -0.0249981799005301 0.419553030278856 -0.431829513301753
0.0205814431788066 0.0468912760618712 0.812837688078114 0.193664693236628
-0.0409970027924562 0.0188899088643341 0.256353730668098 0.869160411124529
-0.00564872498677122 -0.0394724632009403 -0.363775937955733 0.568265721346871
0.0116840105383115 -0.0320219664581981 -0.00824111471560385 0.106949591346584
0.0144138975025975 -0.00823139700377306 0.430284057808643 -0.461827740174626
0.0103062096773418 -0.00159839121136521 -0.0708002311835096 -0.935118619090868
0.0235728587883525 -0.0188813584297014 -0.813770999343811 -0.363872835528007
-0.00364420111573039 -0.0540186702457818 -0.529819464073649 0.486802697712614
-0.0318358590758988 -0.0258108443837246 0.0728104517182702 0.495321935221049
-0.00786010356264663 0.0165590655920637 0.196437174023096 0.0861463401606755
0.0118665845170929 0.0220043630209327 0.0338010301725958 -0.214995732408494
-0.00808027336993229 -0.00148145403759294 0.00751547528904575 0.182582516594746
-0.00610709081027844 -0.00308883331577609 -0.163195095910857 -0.0404331143275721
0.00487917913009582 -0.0307991117428446 -0.0875858888587344 -0.427928855207311
0.0258566292859133 -0.0241882880361247 0.448678683365621 -0.409981788576608
0.00788694394960187 0.0470660544628811 0.802153633842475 0.249166623331671
-0.0461054247804524 0.0112639957913889 0.198066789801842 0.89558273309525
0.000696286327264133 -0.0429021114807163 -0.384640625773894 0.551004828277963
0.0200024958578694 -0.0325072547755789 0.00816550317391618 0.0936585022851675
0.0183019133071574 -0.0100726085035255 0.413269296537397 -0.487265870935348
0.00725783086691986 -0.00509402212586689 -0.130897174965275 -0.926010649889093
0.013779322008962 -0.0214383488096069 -0.832629093413978 -0.303796030314542
-0.0113437858662136 -0.0554204845281688 -0.497955776550767 0.516784415350145
-0.0294059806187648 -0.0214066046381367 0.0988997015672029 0.483321260656933
-0.00323757731361782 0.0215880270287209 0.202194621733522 0.0713153531580405
0.0140190912345234 0.0228547896172954 0.0306514826673056 -0.214389005914373
-0.00666631114411581 -0.000442045518107065 0.0050580454204832 0.183617297079814
-0.00319560154294125 0.000452976738905502 -0.157278465424884 -0.0516651188891604
0.00943036949454856 -0.0257096415108822 -0.0663432824941405 -0.442827960952531
0.0229049411769896 -0.0221522276066804 0.475056996687506 -0.388581365021001
-0.000412846247187897 0.0453099794198321 0.78552250511486 0.302921942460544
-0.0488666325899084 0.00737472705094093 0.144377129563795 0.912991798431312
0.00461234704111341 -0.0414864805944061 -0.403775254985447 0.529009498747102
0.0218876732359147 -0.0271788487267188 0.0280978851229656 0.0807657212767091
0.0187130933762741 -0.00640500812121327 0.401355282464603 -0.512458371643017
0.00468687986133583 -0.00599225955027028 -0.189144472767928 -0.908563215031243
0.00611443798579497 -0.0245608806010799 -0.848756444625648 -0.240088269509097
-0.0157015249687104 -0.0533097994889564 -0.464831289706217 0.54027071522003
-0.0246049404721555 -0.0148150272658757 0.122309529754914 0.467539979176183
0.00162188034540393 0.0267622076649741 0.209364504200643 0.0583312967292155
0.0174246282520379 0.0234519649454948 0.027010868614987 -0.214024415273021
-0.00299745532758554 -0.000182960950543074 0.000931867324041641 0.18287524312202
-0.000174636239633369 0.00482252384380892 -0.151754229896774 -0.0601488562889365
0.0132561348910301 -0.0196724199323302 -0.0449798697686804 -0.455437181941033
0.0233798863656568 -0.0194927538580499 0.49661334926371 -0.372631898595377
-0.00272817646364141 0.0451423494748582 0.769498992375077 0.347514396581108
-0.0495093820433312 0.00625264650591587 0.0993019972488648 0.928578948256916
0.00314842022049987 -0.0348198742803722 -0.415390033517808 0.51119230874919
0.0171507471049668 -0.0189085108768077 0.046431919120701 0.0690752923750573
0.0167011723237979 0.00198346344607506 0.390124784703945 -0.533373552527153
0.00515834924659388 -0.00528263842425272 -0.236451762814046 -0.893744866579249
0.00324643205278452 -0.0264328124865156 -0.862064888181859 -0.192346541282308
-0.0167875417459291 -0.0510030555629119 -0.435513097256116 0.55407531186234
-0.0212199196782233 -0.00871588480598801 0.143201025018455 0.450856672813835
0.0054190384166622 0.0318617186409763 0.213740143761394 0.0463944510756195
0.020602464537936 0.0239159471877722 0.0203736862635909 -0.21194918723416
-0.00151287856901621 0.000746907680161398 -0.00477958010999448 0.182788229208499
0.000856540640159628 0.00831566894733826 -0.147328048875501 -0.0644155091762571
0.015409564614221 -0.0127647402900296 -0.0302136120061386 -0.463918414755217
0.02575277269305 -0.0171546574548107 0.508428999226655 -0.366043261172353
-7.01077161702904E-05 0.0454023650394555 0.75682652919535 0.374383176798514
-0.047784171281278 0.0111657409619397 0.0640279585766664 0.933757706757737
-0.0041670223468375 -0.0224182312745276 -0.419140139451038 0.49862980094846
0.00595822604051439 -0.00757398484023261 0.0626822332853265 0.0626024971385945
0.0126112939679824 0.0125489580623261 0.38342216103961 -0.545937118647001
0.00841227799203254 -0.00157226662916543 -0.267329346128555 -0.882203636163843
0.00461646455865889 -0.0291292606577075 -0.868077584729364 -0.164484949320959
-0.0159566937141038 -0.0489039187839497 -0.417893962656314 0.558067421966338
-0.018934776438857 -0.00178865080921518 0.156962834614262 0.436251669817007
0.0076964517591118 0.0342557317392016 0.217199414923066 0.038977722282696
0.0239799965708235 0.024623353217399 0.0166455307171775 -0.210728257544352
0.000503076336548027 0.00203753614557296 -0.00851258528697447 0.182871522198329
0.00120428658932159 0.0100010322434461 -0.147427174376302 -0.0648086834693505
0.0167844896098851 -0.00717255425241835 -0.021942801686819 -0.470599298387145
0.0315455165575814 -0.0152176004682067 0.511735933906619 -0.368200918146329
0.00700216339175617 0.0463225788193981 0.749155486405749 0.380784222353637
-0.0445390788142709 0.0199500995203297 0.052950432882773 0.936624818312685
-0.0159737044703625 -0.0087561450456226 -0.414963612508198 0.492087266063436
-0.00884197371128642 0.00471869010532532 0.0722284647231265 0.0600204716836348
0.00587727855011208 0.025866184071394 0.385428203498003 -0.5488991067631
0.013969080917426 0.00426449028939158 -0.27640664701299 -0.883065800290648
0.0118407588975583 -0.0301867943679888 -0.87179891070518 -0.161168692535198
-0.0123575296433521 -0.0471176632979229 -0.412507544072322 0.551986046396977
-0.0175410874592164 0.00261085835251016 0.162174668156129 0.427234140768504
0.00777535825444417 0.0358033162749371 0.217018082194327 0.0372741873599843
0.0263141536286752 0.0257053676000469 0.0116728286854407 -0.209327328407022
0.00063382430739526 0.00178308899301106 -0.0123321323203816 0.182925733240812
3.36107156199647E-05 0.0107924022077795 -0.148995866597942 -0.0610050492854801
0.0154076531878743 -0.00394254546789045 -0.0265406171402952 -0.471470265537713
0.0372778074808948 -0.013236680437331 0.50490143086072 -0.381945052240444
0.0196240789363375 0.0468943583710675 0.752578722053067 0.361958969118032
-0.0402144916470097 0.0295580768452649 0.0694107594071011 0.934733272201813
-0.0281499114364564 0.00533473313046621 -0.404090000910121 0.498152555773387
-0.0264721822186169 0.0165545691308552 0.0755368610511389 0.0642728909627068
-0.00164411482254548 0.0385957377811914 0.394403737155932 -0.544319387062958
0.0206761433909697 0.0112249184781735 -0.262225792279195 -0.888044661089499
0.0227989700291255 -0.0307657978146192 -0.872582667567941 -0.183163100157856
-0.00669418815065718 -0.0444144028182883 -0.421429932384762 0.537751431175186
-0.0183333635361215 0.00585437311667467 0.157212062446857 0.423723761398929
0.00659025595160363 0.0357889577792692 0.215576888442481 0.0407172702811386
0.0278666384139355 0.024948800734217 0.00846172529486864 -0.208146354702245
0.000717389286838073 0.00182871942082809 -0.0154663924599569 0.183587530235412
-0.00194357229821297 0.0102044835582047 -0.153553709085357 -0.0531535885305456
0.0132707945029464 -0.00297363274717501 -0.0380458133106003 -0.468052792662252
0.0445625037294836 -0.0125987228967463 0.488082669120025 -0.40573935000806
0.0340346136233427 0.0480037531241157 0.764192937852117 0.32521035220217
-0.0342296173191838 0.039996841094824 0.102971056921113 0.924053915330888
-0.040833146283333 0.0177449992383421 -0.389698242548322 0.509380404750305
-0.041858633075799 0.0254097150348459 0.0701830053610469 0.071043545747931
-0.0112319685514846 0.0496646177700664 0.410983327294686 -0.53097720804942
0.0272375518416441 0.0190285706013361 -0.229584831282989 -0.906297364231039
0.034835447125538 -0.0281326242209567 -0.868372647467 -0.223996992119721
0.00135094305618317 -0.0430466246969036 -0.444054585139437 0.517535359586772
-0.0195353500893092 0.0067114983571503 0.145648171509629 0.428492613754507
0.00341231102339502 0.0348288644848287 0.212411581996864 0.049063259985258
0.0270895553847074 0.0239112584647016 0.00667636306254762 -0.2085281980014
-0.0115185296705659 -0.00250856747362405 0.0089081382579932 0.180469395738568
-0.0101129425210498 -0.00603181706423902 -0.168000811691805 -0.0276829591109372
-0.000683473464400272 -0.0330251749569622 -0.114883668893481 -0.41059829390408
0.0283877391939886 -0.0249782659569475 0.409206723111008 -0.432675808580523
0.0212573526318758 0.0455991382234723 0.803990797762803 0.179424984431478
-0.0406779428531405 0.0188152960557245 0.263266179936691 0.858321097352996
-0.00669404352265408 -0.0386386084116066 -0.353068848995176 0.565025989245608
0.0113816469415072 -0.0319142053693457 -0.00762328924894345 0.105239120825945
0.0132717563142188 -0.00855136737217749 0.41910943053729 -0.46001790102611
0.0101673209300934 -0.000701516505721593 -0.0796460607623072 -0.924350388384054
0.0234660537363535 -0.0181670554843001 -0.807278828173258 -0.351846334652114
-0.00499036564725906 -0.054203715276508 -0.519514297371458 0.487502625243558
-0.0321883667275975 -0.0254468468184111 0.079583206436432 0.487380648090985
-0.00712234896059279 0.015871196505198 0.195828731581545 0.0830188832261923
0.0120416793128328 0.0200332882083715 0.030633516450252 -0.212048041950975
-0.00876452495213672 -0.00153997490499716 0.00993928292009026 0.179045358350877
-0.00657970551439998 -0.00299333659129555 -0.161641819737427 -0.0387448993798339
0.0044352653482226 -0.0299951363705348 -0.0930151332470097 -0.422639384896936
0.0249442450997474 -0.0239040063208122 0.438465976474176 -0.41274973283709
0.00965234181923429 0.0452760038932782 0.794788243898047 0.237253970953984
-0.0461066026731101 0.0116587366916789 0.209636849071336 0.882643850759421
-0.00018588839816722 -0.043029852435263 -0.374601897304628 0.546308007739094
0.0197747290505643 -0.0321476601415488 0.00924735000075648 0.0919898881309779
0.0171580806899353 -0.00961810396233676 0.404595368571421 -0.485772299221131
0.00611347538421829 -0.00514397867576407 -0.138636376537981 -0.912714504926571
0.0126716339234913 -0.0221974337008682 -0.824538251382883 -0.291562955805549
-0.0114590224773503 -0.0538832271674857 -0.486485119529177 0.515863113018409
-0.0285724612940907 -0.0208382174403804 0.103381657889345 0.474229359372007
-0.0028656861046873 0.0219625148504377 0.202413964135002 0.0689220050028606
0.0143917975752004 0.0214802139691361 0.0269629641893452 -0.21156828945301
-0.00662552604634645 -0.000911530691320455 0.00616452633051322 0.180623587009073
-0.00369645023496457 0.00104014243813377 -0.154374239787381 -0.0487069565556978
0.00923967464841396 -0.0244990826416588 -0.0708433345148489 -0.437460062166216
0.0222406224288546 -0.0226756545264396 0.46390053037446 -0.391326160258737
0.00123344079906685 0.0446700518910002 0.779143518708167 0.288969313684768
-0.0484027412655801 0.00739338354091284 0.153191942015717 0.90236641316413
0.00361283992582589 -0.0416564760831906 -0.394724267344986 0.526574320137735
0.0211779976907017 -0.0279861303702671 0.0283266459861057 0.0788743217675591
0.0185941429587909 -0.00666463058448124 0.390163322159809 -0.510677296604701
0.00451402954876703 -0.00621578661829861 -0.198519565878167 -0.89548081992433
0.00574552131934199 -0.0240282631349982 -0.842500750517972 -0.22799759398636
-0.0156179089712795 -0.052760938260206 -0.452943921003166 0.540024149331471
-0.0248949884541829 -0.0142517486027376 0.128171507422337 0.460107933622712
0.00223886095215529 0.0255741178846805 0.207701544757722 0.0552341659957848
0.0173071435282046 0.0222563930524609 0.0233286999347479 -0.210048406590076
-0.00408292237455834 -0.000254886102249626 0.00331501865632814 0.180230267998788
-0.000179672305442686 0.00510509668204015 -0.150426820831451 -0.0582046178303261
0.0116085529817759 -0.0180477471504789 -0.0510691122487639 -0.449740192524132
0.0222901644306867 -0.0199397639666334 0.485509167202455 -0.377229588078185
-0.00100071226122838 0.0441697005865169 0.764389656047049 0.3338643072207
-0.049300540267486 0.00794640039168377 0.10927103164935 0.917395103385764
0.00127080997027466 -0.0344433141255431 -0.405211549545292 0.509739328139748
0.0159175244693667 -0.0190637529790749 0.0468227892411345 0.0681918471125551
0.0165851184449527 0.0010249814626083 0.380265014734669 -0.529638081742652
0.00476370185236773 -0.00546660899475259 -0.245311232794319 -0.880520002269533
0.00256274775885192 -0.0264321592049026 -0.853170438716974 -0.181213617180713
-0.0177668070416876 -0.0496564992052244 -0.424569613338443 0.553416475097867
-0.0212404630264858 -0.00812518971379408 0.148031275006595 0.444303257429051
0.00580250375881308 0.0302430556053934 0.21255224911319 0.0442350993439625
0.0208411379626547 0.0228539495463976 0.0180577840049667 -0.209710792135629
-0.00204835736264115 0.00131976321493825 -0.0020597108246975 0.180460602272219
0.0010160891723053 0.00791964396454618 -0.146633025964162 -0.0627853439268561
0.0146121034952521 -0.0125505458910481 -0.0345116956834279 -0.459618060047156
0.0251757261319361 -0.0178007791099813 0.497704917263816 -0.36875211669499
0.00167200424061722 0.0440152657911081 0.751170776607211 0.361100501810058
-0.0471856022192042 0.0115600669550989 0.0735988680526883 0.923924868027776
-0.00528397233636071 -0.0226320372813642 -0.407695763934097 0.495170053562497
0.00633850257800104 -0.00729504267007291 0.0619133077422235 0.0605669545170836
0.0120113272750987 0.0109446852716913 0.37247158773303 -0.542844096435701
0.00774187181733334 -0.00129134372015174 -0.273170932664987 -0.868491206224946
0.00488746867051327 -0.0280929711282348 -0.858808802160677 -0.153718345481877
-0.0163285134409826 -0.0485850604286727 -0.404973534896603 0.557114953431346
-0.0180945327872012 -0.00227104046574076 0.1599939985451 0.428781634598111
0.00877092342929922 0.0335985638834973 0.2145406246467 0.0366177439597336
0.0240151605334692 0.0229582317711316 0.0138301739348635 -0.208294157613202
-0.000617715187595064 0.00208730259515616 -0.00681723983154111 0.180031475120609
0.00158107158217274 0.0105443052497303 -0.146135321716713 -0.0634761134456515
0.0149421295072991 -0.00664675860332118 -0.0281632186840948 -0.46524021858464
0.0299814958379291 -0.0157041308420661 0.500918961412123 -0.37043477098803
0.00914505700328202 0.0449230878843547 0.742206639354228 0.369071235384403
-0.0442644163359554 0.0193299505952285 0.0631355377264834 0.925965580575049
-0.0157602761699619 -0.00849101833595951 -0.406164257986906 0.492635930097355
-0.00834041893896871 0.00489737574432494 0.0719480337667588 0.0575872722110271
0.00643697483331915 0.0249416094681627 0.373919779274887 -0.544910411762035
0.013103591226573 0.00404861031438402 -0.283169407771155 -0.868011268900507
0.0113789692358012 -0.0300675678048318 -0.86345013199517 -0.150574018749994
-0.0128002078323897 -0.0446614601584027 -0.398673273511764 0.550495303295426
-0.0163417046082159 0.00258796887568351 0.164275840293372 0.418326858015439
0.00865154066085228 0.0353441037810928 0.215252952582224 0.0339667599043972
0.0265155265972402 0.0232221017652867 0.00915056811732479 -0.205916234515998
-0.000200065089919748 0.00226058282968454 -0.00985866717598504 0.179671858921243
0.000118110696460888 0.0103143734574996 -0.148724472176653 -0.0594624399935665
0.0151935150671376 -0.00339892656271947 -0.0309402786709274 -0.46699688045695
0.0366266555205746 -0.0137405825741897 0.493305759751348 -0.386072840053407
0.0207275164440239 0.0463844009123787 0.746401424472478 0.349896170801222
-0.0401834082179393 0.0298212113261256 0.0775812600176634 0.921060211968962
-0.0285766245017935 0.00567956630444854 -0.394821432077636 0.496842148899426
-0.0250945839303068 0.0167908405245451 0.0754085659768287 0.0614345648106595
-0.00125846636869043 0.0380057291586431 0.383200861999244 -0.541580439849798
0.0205038981457581 0.0108345357336885 -0.267377263792304 -0.876698714481459
0.0214688092279586 -0.0298496545946949 -0.864104602380096 -0.17194350027544
-0.0061207874493429 -0.0435239772840136 -0.411207447536006 0.537181599730881
-0.0170904107628667 0.00598146200436395 0.161771167195957 0.41632163183631
0.00780432422610391 0.0357762708086713 0.213870069564569 0.0383558634018463
0.0276124477935318 0.0239995751628377 0.0058457702453146 -0.206202452532815
-0.000631486955786652 0.00192962186915464 -0.0127314515678227 0.180698080696729
-0.002227353431279 0.00923195810398913 -0.152931432860063 -0.0511022076772106
0.0122015963717662 -0.00298207287393664 -0.0445177034993669 -0.46413239345847
0.0430368674996545 -0.0139583327455587 0.476754967085548 -0.407597462813159
0.0353576082349241 0.0468636179152321 0.758308662196415 0.31212118220603
-0.0341006389830416 0.0405662388640965 0.114253162802281 0.912108168736528
-0.0402357533688072 0.0180666423116828 -0.380759955151979 0.508647466422949
-0.0416966613151473 0.0256304212602012 0.0701170069466108 0.0695300573002822
-0.0105260883347327 0.0495894718930147 0.399642752079969 -0.527886675228996
0.0260512160799431 0.0183831763229942 -0.233675243875095 -0.892890194231549
0.0346421401349109 -0.0286839162834895 -0.863142495421846 -0.210706602326305
-6.7029056926949E-05 -0.0425421770202326 -0.432764651098274 0.518874217776617
-0.0206757955571659 0.00597015355183744 0.150578302069873 0.423175985336338
0.00460848456632018 0.0325561693646099 0.209449188858531 0.0468825276513575
0.0276440232630502 0.0230851192482721 0.00422839254427098 -0.205956919886354
-0.0120894795317122 -0.00195400642560936 0.0113487573555057 0.177058899654978
-0.0100985025264365 -0.0053629112800171 -0.166342892453037 -0.0251255388049679
-0.00143638774137314 -0.0318552314250706 -0.117941575069898 -0.404192554705197
0.027474655579032 -0.0258623363767455 0.398108304857185 -0.432069927546922
0.0223297087541285 0.0440638816143896 0.795692985647255 0.169021612648422
-0.040205829956604 0.0192410562012053 0.267610590597165 0.844977610448802
-0.00700538612133076 -0.0392178763749949 -0.344456388059835 0.561160279995059
0.010950914872254 -0.0311788908634391 -0.00710400180036122 0.103128330657745
0.012906319442654 -0.00860515168711033 0.409843810246742 -0.455992254296292
0.00994139685681109 -0.000663749349005077 -0.0855825994158161 -0.908745877027521
0.0222994521249575 -0.0184861502301939 -0.800514962207827 -0.33785418150386
-0.00546526017184217 -0.0535224327930088 -0.506911119297431 0.487364668057306
-0.031971110342562 -0.0244548244790193 0.0838498131540272 0.48177419755131
-0.0058827984536645 0.0155218051142275 0.193940004045233 0.0808872017736666
0.0120342758269647 0.0194469814740039 0.0290168398244946 -0.209359764639352
-0.0101480565335372 -0.000897630214126157 0.0115299075754133 0.176344615947632
-0.00626079539130509 -0.00260060942681228 -0.159373762481116 -0.0370098464583709
0.00294099941103752 -0.0300761490606754 -0.0975318080772786 -0.417886833066938
0.0240656698410404 -0.0245030364745361 0.427490979470519 -0.41287376619901
0.0111976033163306 0.044452030379739 0.787006817760172 0.226722328857751
-0.0462383522949626 0.0111209404296521 0.214406283740553 0.869365978259141
-0.00100062487326582 -0.0434938633157305 -0.364603726645814 0.542665932634048
0.0192709391944646 -0.031234334954046 0.00920852322487754 0.0899296911152199
0.0172693877392518 -0.010401288366757 0.395147359237092 -0.482713790176963
0.00612506222864435 -0.00474951592699872 -0.146961712967249 -0.899464853929909
0.0124324647354897 -0.0217561881652499 -0.817091125005238 -0.278697437643601
-0.0120158801109518 -0.053314755102551 -0.474444193174635 0.513741917108885
-0.0288739211201798 -0.0200902413465641 0.107531552706 0.468066719299741
-0.00164960948051551 0.0212376247900865 0.199643783186421 0.066975733751355
0.0146580858326951 0.0212679986682878 0.0257623436437923 -0.209089741383124
-0.00789878504701983 0.000339818143443578 0.00815742301747464 0.176290824629491
-0.00288872413443211 0.00117638628255529 -0.153909571060633 -0.0475577477281666
0.00746502075956685 -0.0241797532795526 -0.0753794866734259 -0.432050541094196
0.021614295616811 -0.0226933959198874 0.453335173945207 -0.392464132203849
0.00343958160968881 0.0431501178992751 0.770680251221409 0.278264454084056
-0.0488533328202725 0.00754591733882355 0.160419526906501 0.888770823971152
0.00271207051152187 -0.0411389909253414 -0.383252811046321 0.522737420978831
0.02085336544156 -0.0272566699392181 0.0284364208802941 0.0764748056912365
0.0185288958606883 -0.00759680462502271 0.380453226627986 -0.504319030701305
0.0043856677946196 -0.00648329299267962 -0.203416261357104 -0.880481123265798
0.00482238947973982 -0.0248833712116374 -0.832637321760619 -0.216529667974563
-0.0164393238671705 -0.0515958745705309 -0.440704675802275 0.537705164810263
-0.025071675287659 -0.014534076621724 0.131694680432066 0.453399223487527
0.00314558126132538 0.025002734065347 0.205908431889612 0.0527752010801311
0.0178274819813312 0.0210886736270523 0.022411088048596 -0.208501541181817
-0.00502647676219032 0.00022314732189425 0.00487962674924813 0.176900470526332
-0.000240890732086658 0.00490249402395794 -0.148618424447549 -0.0563052115533374
0.0110550987446029 -0.01754645903288 -0.0552271693725138 -0.443154109525114
0.0214489753335601 -0.0201326434797099 0.473941249907775 -0.377022339054186
-4.8504650359732E-05 0.042432752612605 0.757007414412513 0.322926449799578
-0.049080133513876 0.00759657558220134 0.114713351343393 0.906186676662968
0.000833985150682857 -0.034326804764818 -0.394810282067919 0.506007135679381
0.0162164579315965 -0.018540073465358 0.0460417235183707 0.0665841622488369
0.0162137192444491 0.000517561857058767 0.368970242680906 -0.526007062258259
0.00381789657020206 -0.00438791468652796 -0.249803769979651 -0.866262992844802
0.00158143368677903 -0.0268940251427733 -0.84547674531656 -0.171297161975811
-0.0176964922733597 -0.0507071340663705 -0.412669288024076 0.5507063181759
-0.0207270211828707 -0.00838339830195504 0.150948564286058 0.435593641263535
0.00717273252702317 0.0293225301596056 0.209770256366157 0.0416939138932877
0.0207880261570188 0.0214433405891755 0.0163128711441253 -0.206033577774045
-0.00372581064065266 0.00123666598810015 0.000517465019407941 0.177027154955365
0.00127312580173354 0.00797355415222337 -0.144978050811367 -0.0608783230846881
0.0139513704719442 -0.012202139036164 -0.0401143991069078 -0.452588276822246
0.0244730603497296 -0.0182087157015107 0.485628601630654 -0.370645162401067
0.00317460373622841 0.0425426771695928 0.744077526534751 0.349182229015735
-0.0475707935819257 0.012158289384708 0.0814169137148609 0.912311532747505
-0.00572655315936794 -0.0221538778854817 -0.399056638683716 0.492828749687137
0.00590729962584466 -0.00735323666767472 0.0613365513775031 0.058559638906791
0.0115606399443006 0.0110965353721507 0.362864407636693 -0.537033296938632
0.00739553038860899 -0.00123887163370778 -0.278115866314113 -0.855557123237949
0.00463513341271351 -0.0279827329361612 -0.848068091766974 -0.142396913172717
-0.0164238290521186 -0.0482873325484849 -0.395363521208297 0.55325303467627
-0.0179809630527341 -0.00210476796941437 0.162544597643721 0.421599907121743
0.00881043235368849 0.0325134777966724 0.213117445690593 0.0339849045509552
0.0240392650627697 0.0221322882853962 0.0127161398054314 -0.204710432254339
-0.00125865050290094 0.00144231936667233 -0.00591369641318993 0.177011780531397
0.00167063669903871 0.0102837806997294 -0.145262737823118 -0.0615096356874467
0.0151157594088211 -0.00670822728121016 -0.0337295249582789 -0.459995374438375
0.0285935681048622 -0.016165191866348 0.489801684470443 -0.372562919604089
0.0105606151280284 0.0439646261749919 0.736956074343086 0.354312582072759
-0.0439400597179019 0.0199772155432342 0.0725869494672933 0.915483670212487
-0.0161207603133145 -0.00863071851669145 -0.397127712202241 0.488762996268482
-0.00800733614703149 0.00517163870345638 0.0716885276999046 0.0561923655301671
0.00602427361266512 0.0246412492811057 0.366218596682807 -0.541144748178382
0.0128335810463089 0.00345506401728592 -0.285961305253975 -0.853733655792065
0.0107129826263381 -0.0293167040250824 -0.852973480925242 -0.140248623665454
-0.0132076752256446 -0.0448994217433138 -0.390820152383875 0.547438794893618
-0.0168070185623757 0.00221327369482724 0.167642033884138 0.413603270044103
0.00966586462831239 0.0338170576406662 0.213462416568675 0.0329620644435923
0.02654873642554 0.0224026738743288 0.00846204203484539 -0.203733694569719
-0.000953892208835256 0.00245612673828296 -0.00868543638559019 0.176881211478196
0.000736755267103278 0.0114332715860041 -0.146554706460556 -0.057243457553441
0.0142162731335718 -0.00341538767268757 -0.0372216985863834 -0.460480969043702
0.0350765657708648 -0.0145766972962871 0.483257001914311 -0.385848475223525
0.021734323713431 0.0445373717694341 0.739438917738007 0.337859585718759
-0.0400761896108899 0.0297460799530754 0.0859341060077643 0.910982964728508
-0.0286078100763482 0.00562318871177895 -0.383841425126931 0.493040003860027
-0.0242864888359484 0.0168294475273443 0.0741180212770486 0.0605260268535466
-0.00191743089714365 0.0372215924474265 0.374859684549423 -0.537766289194147
0.0194205386725521 0.010387555753671 -0.272009670069427 -0.861179232683512
0.0217361735359454 -0.0302316080294724 -0.852871556071193 -0.158942331351237
-0.00584792038240783 -0.0434250622406043 -0.399667178774712 0.534139163328099
-0.0178033961541428 0.00573024641427211 0.163250225404619 0.409788838590563
0.00785311474363927 0.033247576672462 0.211621518774291 0.0364474740924657
0.0281941679235192 0.0226912597646137 0.00493962939615083 -0.202654983210631
-0.00137051384369419 0.00180471044314849 -0.0111677777558176 0.177623928550095
-0.0023201181219346 0.0103105782354774 -0.151822578024921 -0.0491024543409482
0.0117297124463128 -0.00230397653173939 -0.0493221211892441 -0.457695197730801
0.0419512847499648 -0.0140819927313669 0.465585484426642 -0.408385626366132
0.0353984866458974 0.046170444222053 0.750689818324917 0.299457712428971
-0.0333037737843851 0.0400967859359798 0.119601946820135 0.900493389776103
-0.0393549477610401 0.0178340148273075 -0.372403747216728 0.504848600007473
-0.04052318787928 0.0260907406726971 0.0695319372079054 0.0667344240660154
-0.0101966662079004 0.0479569269026472 0.391205237992371 -0.523970989192037
0.0263927719538957 0.0177975786223634 -0.241817750509619 -0.879436163102113
0.0334170871190178 -0.0289343823032765 -0.85291904669566 -0.199910664173764
0.000558933936902276 -0.0416537279570097 -0.422484507141339 0.515140242299653
-0.0197426648072793 0.0066896534308745 0.153061183603015 0.415102208573278
0.00464700990372666 0.0319971027466846 0.209215020297225 0.0448274940693466
0.0272150847405532 0.0215404400502064 0.0019810021497706 -0.202669868032222
-0.0100487598189842 0.00236516664292896 0.0372784607604474 0.169777430392488
-0.0114703152176023 -0.00157510275924627 -0.168376706260292 0.00107954820986685
-0.0129972087316777 -0.0319817259190244 -0.17730952926726 -0.38221612762498
0.0172581737742333 -0.0401609984428223 0.332267492402105 -0.486713081145515
0.0359146342920183 0.0238551349779146 0.810341872837558 0.0511435642031791
-0.0259306817221788 0.0200808421874805 0.384587022874704 0.803208428648548
-0.00761924752911612 -0.0322549317950546 -0.27002615689081 0.605594023353033
0.00764944086219333 -0.0312363130649246 0.00724114619600428 0.102890224891057
0.00889497389429922 -0.0139115230702269 0.33937593535853 -0.5121226087479
0.0041756174123532 -0.00765244383771367 -0.225646289079413 -0.888128092426123
0.0124437898740034 -0.0193815623452211 -0.840599823045329 -0.211920328176137
-0.0193102428024711 -0.046842910736635 -0.423824564432221 0.553161532936987
-0.0336368671173434 -0.0162491012305919 0.156412367571679 0.457453768585003
-0.00149244373588679 0.0175262438052823 0.201773557701172 0.0479774838102512
0.013275462091935 0.0145255139168546 -5.26902109170879E-05 -0.206987884223188
-0.00732403632088597 0.00232071657388754 0.0386031795737687 0.169118362907451
-0.00767131359153005 0.00127564020733431 -0.163223252798823 -0.0118836510237595
-0.00841114198571739 -0.0297248638268288 -0.158596955701113 -0.397929717766114
0.0133407153678677 -0.0390838810630069 0.366312974511769 -0.471778527703136
0.0258484761238976 0.0255190611914981 0.808560412078664 0.10807058603287
-0.0328322186194758 0.0148059831202322 0.335484252788485 0.83340766716737
-0.00132221594297523 -0.0374194554210471 -0.290844589145274 0.588813347600026
0.0155879479369028 -0.032766660174652 0.0210905595366487 0.0873883387522387
0.01256263016872 -0.016274054693987 0.32143996572379 -0.536284056267974
7.511656656186E-05 -0.0112779848322525 -0.282571729766465 -0.868932843561631
0.00141450850135808 -0.021290668279886 -0.847475009709359 -0.148906060232274
-0.0250871824680349 -0.0447252032459336 -0.388588317590304 0.576436346296907
-0.0301502266229865 -0.0117569362239637 0.177827025566356 0.4424549116414
0.00402702281188875 0.0217116426250611 0.20502701107502 0.0336018062957497
0.0160208887404909 0.0144388166879439 -0.0026153606748886 -0.206210481890707
-0.00564830069328546 0.0024170988628598 0.0362674297306912 0.169497192810792
-0.00445635832033036 0.0040015946388689 -0.160205954121327 -0.0235379296530139
-0.00434304958171067 -0.0259856563838728 -0.139385250931947 -0.414183583492788
0.012564245300857 -0.0370326194799611 0.392124247141154 -0.455053746431145
0.0190143184198701 0.0263870405236811 0.803023814433926 0.162515589874382
-0.0346566987122384 0.011645826428222 0.281448164029331 0.860878897825418
0.00175760189855899 -0.0356481196657088 -0.313204507965523 0.571698255411825
0.0185593477349921 -0.0287340938033036 0.0379813218193949 0.0719627495966243
0.0136749496603085 -0.0137136025866653 0.304628979532225 -0.556633429875187
-0.0025324083394057 -0.0111123217251534 -0.335764171744146 -0.8404056615762
-0.00505367674351529 -0.0220205963953743 -0.85327284743863 -0.0869807929825665
-0.0285249281684287 -0.0432582291186479 -0.350603426656036 0.593639382064584
-0.0247119460971444 -0.00664285288008228 0.199315447695458 0.421047233649507
0.0089364366463641 0.0260642151112524 0.209100576056137 0.0189402478734818
0.0194000341626723 0.0149685375476558 -0.00630839314219807 -0.205253935374291
-0.00315502577327886 0.00361126993860674 0.0324905975718054 0.169910421109744
-0.00135070622728289 0.00834606250822985 -0.155606286111314 -0.0317454680821422
0.000574591931952495 -0.0201666781505015 -0.121630873087862 -0.428766095305307
0.0132494274079308 -0.0356032337939206 0.414977583357698 -0.443478994214322
0.0172208840446712 0.0272345178051957 0.794533163510334 0.207692597260077
-0.0351842312281774 0.0119011777904229 0.239576601917339 0.884020653658911
0.00109614761275894 -0.0290072341418003 -0.328461587533186 0.556902068749253
0.0144616366208288 -0.0204953445978997 0.0547060285485403 0.0579342139990236
0.0124605993616671 -0.00537242724255377 0.290247174061705 -0.575385802671195
-0.00147839664184604 -0.00975676295504938 -0.380421824252396 -0.819662832298876
-0.00753257296162796 -0.023310206432302 -0.856646402871634 -0.0390024053237683
-0.0295047781306673 -0.0404300384100883 -0.320589507058833 0.60189633287633
-0.0210689966371002 -0.00112457530383398 0.215595745089528 0.404805779716997
0.0137606231155074 0.0288632474119736 0.210524537382679 0.00776806444039205
0.0225026455889043 0.0152183969292257 -0.011328395246178 -0.202749497221837
-0.00104292387860462 0.00464415889981806 0.0270646291786441 0.170984389828013
0.000247211027140179 0.00982580012221613 -0.153428232532847 -0.0372325386555241
0.00421881919114961 -0.0151520186286122 -0.108257038020429 -0.439919554312835
0.0155575289156564 -0.0335397058951033 0.428325629709808 -0.440009916615736
0.019713642703397 0.0271548825512361 0.785161365949363 0.237945930732704
-0.0325894213245181 0.0164895430049373 0.20689278320618 0.895932071546847
-0.00440448137583149 -0.016889791115214 -0.333724016044783 0.545063013749317
0.00659232718118347 -0.00829483880287678 0.0683000020155473 0.0492998715161616
0.00965326275705022 0.00542473097438118 0.28121237470039 -0.586476417111583
0.00180510943862291 -0.0064224442590875 -0.40516649890472 -0.804043031248475
-0.00566444340925274 -0.0253871822684295 -0.859732892187202 -0.00942708012391265
-0.02798346955895 -0.0377032285588062 -0.302264998490416 0.601846194251103
-0.0178143907309992 0.00389507274020169 0.227318814712285 0.38916684860643
0.0161335334498606 0.0318373014343767 0.212206278071641 6.49191879495503E-05
0.0255657181317526 0.0155841723868069 -0.0144303052643593 -0.200693819112814
0.000564138216725114 0.00544132658704243 0.0230770184940992 0.17206373982985
0.000536733722923699 0.0119688474254191 -0.152641601341103 -0.0378052190774155
0.00497482331132167 -0.0101065105553067 -0.103747321583204 -0.444905386420574
0.0202772157950513 -0.0319202479340419 0.431745790829456 -0.43974072966493
0.0269138307525441 0.0272361344650181 0.779782840007047 0.242413110026547
-0.0286242112118843 0.023869783523516 0.199602704278657 0.898396882319683
-0.0129532877327663 -0.00220420766104831 -0.333215400498639 0.540505811414811
-0.00604768243072514 0.00528234977669209 0.0775852714343578 0.0445692947902095
0.00550790404176069 0.0178186093927647 0.283812143767985 -0.591692507515601
0.0082073008252758 -0.00194420712333325 -0.414514981456644 -0.799764689828141
0.000400119502289534 -0.0269958217058754 -0.861040765067931 -0.00639625009807883
-0.0241473092718625 -0.0354680978953091 -0.299209731339139 0.5948531923297
-0.0153994412207124 0.00820438564806409 0.226672292189868 0.378803238569741
0.0165974064080397 0.032854690166561 0.212140384067499 -0.00153562035471479
0.0277679811870126 0.0151639900330522 -0.0196950976407224 -0.198676118922628
0.00094947702721449 0.00558684467672736 0.0192500473876705 0.173182327831768
-0.000659561027709975 0.0128109169245905 -0.154079178229696 -0.0320769907790639
0.00459775133117557 -0.00710405191965577 -0.10623548611107 -0.446594348300187
0.0264290236404924 -0.0313040727237325 0.421942997579713 -0.452896238381937
0.0387380428609246 0.0268252797579501 0.780457458242936 0.223662689211333
-0.0228876976660863 0.0325914165295638 0.214807714181777 0.892546877792517
-0.023132448374672 0.0134418109473786 -0.322241181338344 0.543604732093421
-0.0206484957934721 0.0182781503470957 0.080575194661289 0.0484825312672765
5.81511647034325E-05 0.0322551483649137 0.292733241321071 -0.588081502483606
0.0156161871024746 0.00357171898693467 -0.402361674069672 -0.809939279693368
0.0101754277943868 -0.0282401697695809 -0.866845808858935 -0.0258294755015667
-0.0185677997531884 -0.0360319808482763 -0.312223686779011 0.584218040095906
-0.0157461303724331 0.0114320821377099 0.225009164298904 0.376792413031979
0.0153755152214473 0.0332099450638572 0.211500576050988 0.00172749549029764
0.0293202484790562 0.015478203717339 -0.0215523406259429 -0.197693909415819
0.000217116601674379 0.00587608513983416 0.0175488511271215 0.17437330643433
-0.00279147289472486 0.0120798080061301 -0.157269199103589 -0.0245567533495677
0.00328477597212864 -0.00622755835108742 -0.11829363989441 -0.441249158464669
0.0320793450331429 -0.0318604434437234 0.40339889314154 -0.471845938896722
0.0504228204033644 0.0254777136833679 0.786110236452046 0.188435687366382
-0.0161505340280064 0.0417744150609195 0.246337317019652 0.878787327013867
-0.032013748071429 0.0264551166713481 -0.307937262085324 0.553521024247059
-0.0359772748654059 0.0293515554767417 0.0768323991511611 0.0560612829599256
-0.00734987242825172 0.0440419358119052 0.309981147615177 -0.57835423020457
0.0224747406555299 0.0105922294026545 -0.374544353293099 -0.832362393580595
0.0222359804606165 -0.0287414996862809 -0.869222276439887 -0.0668466745594592
-0.0113052576308756 -0.0358472778777699 -0.335678993801492 0.571815017454615
-0.018717949056247 0.012082537676838 0.215862076965735 0.383922129794889
0.012047093044276 0.0312396352253633 0.209300764864126 0.011018710259586
0.0284087252324708 0.0149100205480834 -0.0249065097075268 -0.197673840947029
-0.0103103326760834 0.00264113281902844 0.0375284206791477 0.166146645492956
-0.0117997683331479 -0.00136731291748735 -0.165039288022892 0.000601110469901681
-0.0136392595591851 -0.0299148215127292 -0.178364647885141 -0.376385886972452
0.0152895090437374 -0.0400435815939975 0.326614622524823 -0.482150630330495
0.0358597734009488 0.0224913118545195 0.798208561236146 0.0480193904293806
-0.0256652173827194 0.0210006666956457 0.383265029381623 0.790174352783417
-0.00818625949045843 -0.0330342168616308 -0.264800166774241 0.597064943998077
0.00854226760574353 -0.0308040361401358 0.00692164824556195 0.10046449410583
0.00836462554549554 -0.0140342927629003 0.333509227554556 -0.50422689087532
0.0045251634301982 -0.0076791244854311 -0.224411820049158 -0.875126084285268
0.0117822764931035 -0.0190569393202599 -0.828679073271506 -0.205919892679358
-0.0184447981101662 -0.0457791061548953 -0.414476909816302 0.547153111022692
-0.0334764213152111 -0.0155934679818572 0.157804631126089 0.4510655198648
-0.000949437596010403 0.0167749556306464 0.198839231851364 0.0475323708399094
0.013954379884304 0.0140282143913576 0.000123808903731843 -0.203804385520605
-0.00827302801331818 0.00249882221125845 0.038455958335595 0.16575030696492
-0.00788761842950571 0.00219805227475109 -0.161175004237957 -0.0114539766409091
-0.00863881673542635 -0.0280859182722025 -0.159106046725021 -0.39130690779534
0.0129956481024858 -0.038612383827747 0.356243868421131 -0.465860989978489
0.0262472299873924 0.0248077612350339 0.797897668542989 0.105116730495903
-0.0314092335147475 0.0153149495161946 0.331931464571493 0.822268400877388
-0.00254552767320238 -0.0368866316082353 -0.287171270700513 0.582396863193309
0.0161632812093909 -0.0326937864405015 0.0211428946669697 0.0852560818136162
0.011935289269753 -0.0165586137113384 0.315235514092275 -0.527948735346899
0.000132279130439929 -0.0109987745993623 -0.282241419638517 -0.853146597992419
0.00200396459597499 -0.0212988698671982 -0.836283274789089 -0.144898583156677
-0.0246130970540988 -0.0439538049405541 -0.380474067470793 0.569707519008844
-0.0295641611621701 -0.0117333284658925 0.17773358303204 0.434890425244591
0.00462453388474912 0.0204393106391877 0.202041339184469 0.0331799937249539
0.0155949303715886 0.0131243800706458 -0.00275694464994189 -0.202836176599364
-0.00683641567388324 0.00301258000914685 0.0353656668076718 0.166273151716901
-0.0041774987467095 0.0042909442794187 -0.157618382962228 -0.0224246344782985
-0.00369258074723458 -0.0247066950352692 -0.139142267805471 -0.408150042971706
0.0106655036980888 -0.0367254210954067 0.38400933615293 -0.452167306705205
0.0192227630456079 0.0256177126108325 0.790048150597622 0.155932696120376
-0.0345264576779835 0.0122527406507219 0.283296025479537 0.849300660752903
0.000569358574164711 -0.0359893996350707 -0.308503704926128 0.564985132433735
0.0180619977421309 -0.0287293428657955 0.037987256921854 0.0695169991226925
0.0137001255230672 -0.0138873674698703 0.299860706109821 -0.548494523878479
-0.00167651925509012 -0.0110344832660232 -0.332335278493292 -0.828548640940518
-0.00522272792025962 -0.0223055329313535 -0.839714601024664 -0.0813566352537777
-0.0281553262390971 -0.0419823202743712 -0.343906540588064 0.585963511272433
-0.02481535514533 -0.007198978627235 0.199988449475795 0.417108992614072
0.00988166218578113 0.0247839928287861 0.206372773663503 0.0181058836101137
0.0190366079010849 0.0136702502261595 -0.00638978426763039 -0.201708581186268
-0.00409791139839283 0.00369057635056404 0.0325895652780213 0.167154762065841
-0.00120809620911107 0.0074284668239252 -0.154196999474689 -0.0312327865971528
0.000366254875610572 -0.0200560270907912 -0.122329421566153 -0.422784209804044
0.0124553746667132 -0.0351762153751124 0.406655412230955 -0.439907387400084
0.0169530872440014 0.0258984449233796 0.783900945709455 0.20212365789528
-0.0343307954283807 0.0122557559403451 0.239994537335398 0.871368330512639
0.000739600522663503 -0.0286859307557728 -0.322315327539417 0.549152108550008
0.0152624085068081 -0.0197419453886448 0.0533748811702633 0.0572954269767811
0.0120567281209569 -0.0054397052718834 0.285058682980417 -0.566496825188058
-0.00186080159682279 -0.00971213584698876 -0.376340822823677 -0.80636891763544
-0.00778478396033594 -0.023360473795398 -0.844526403156052 -0.0371883384544845
-0.0299647453974685 -0.0397810463917694 -0.31308384270524 0.596860621221833
-0.0208100953958007 -0.000750909823926483 0.215605322163911 0.397596254919109
0.0132772204981675 0.0285928091443288 0.207446407740901 0.00737314726718661
0.0225747039399409 0.0140070829436595 -0.0111977745954061 -0.200085902218952
-0.00175101435072948 0.00487987737773672 0.027128200491348 0.167756732234048
0.000704668397651948 0.0109001892028109 -0.150787870746033 -0.0356576530860782
0.00349549805951973 -0.0141201139720621 -0.109169304184712 -0.43368365719093
0.0144603078540365 -0.0334701500125305 0.419848472448986 -0.436068107215377
0.0198242956680521 0.0259086003835396 0.774396562386446 0.229544869708336
-0.0326954019204199 0.0164183563184747 0.20917819894921 0.883821791665534
-0.00452826832124955 -0.0164456915461122 -0.327853109726071 0.537661614453066
0.00643244880509008 -0.00786821773739936 0.0678765768993487 0.04793387631962
0.00955722507711966 0.00596710577953428 0.27775569222589 -0.577965488657828
0.00122717669570835 -0.00670781289233892 -0.403564855323429 -0.79181568434669
-0.0064018250789931 -0.0247128539687856 -0.845004321849081 -0.00695496948776266
-0.0277609548741055 -0.0370831254763004 -0.295830124704744 0.59538949777021
-0.0169687833320184 0.00359054360766201 0.224930474911728 0.381788182979815
0.0162302837830463 0.0306318842188653 0.209354304256586 -0.00103997396425584
0.0245842381776948 0.0137629654060133 -0.0158603445770721 -0.197806927342795
-0.00047751799718972 0.00553386760484115 0.0226339432350058 0.169092623033619
0.000941002025847354 0.0123483787343308 -0.151069084420497 -0.0366656774566202
0.00501460634318393 -0.00961400919347658 -0.103728899996769 -0.43875027859655
0.0187338598792483 -0.031917983496483 0.421868911711984 -0.43626062385016
0.0274655457599198 0.0262034676646362 0.770601790480052 0.236705120240009
-0.0283403063282106 0.0237237592089123 0.200775890285872 0.885761730015838
-0.012402437903717 -0.00223858879168231 -0.326136399757389 0.534075555533363
-0.00609760413765519 0.00466142733033467 0.0753862961247162 0.0444145455469021
0.00520622744843228 0.0191370671922401 0.277202310988792 -0.582112907782967
0.00710585409422652 -0.00170217879052608 -0.411432550751532 -0.788848406750681
0.000388079723219851 -0.0266322869664599 -0.850247874744017 -0.00357259663469272
-0.0242266275581703 -0.035460070737109 -0.29204908567753 0.588720684628865
-0.0155794434852934 0.0089809039302932 0.227681475489335 0.37232590377219
0.0177344915486491 0.0320914114933559 0.209164120978416 -0.00177152274876573
0.0272033038442507 0.0147693978316924 -0.0188090332189155 -0.195764247650152
0.00028207370374176 0.00575726603394407 0.0195141273777001 0.168441658487742
-4.56342415587436E-05 0.0130604860165244 -0.152329181244101 -0.0322849817902121
0.00461952674073007 -0.00666386361163804 -0.106951959123912 -0.44004340311527
0.0251715550332575 -0.0311917186296205 0.411962291048657 -0.448733096885728
0.0382681429268629 0.0253488044308073 0.769903648035399 0.218371720637737
-0.0230539044910122 0.0328516045676964 0.21389061952914 0.878569114029398
-0.0222885319095744 0.0139110214244453 -0.316107416575553 0.535757895667666
-0.0202924705711829 0.0182400273091852 0.0783054445260168 0.0465147501626982
-0.00085153599271845 0.0310943007933217 0.287159527867287 -0.57758239394045
0.0149832467515601 0.00332080486916681 -0.398433018589865 -0.797705095667515
0.00969502981762049 -0.0282104757627977 -0.853453022682457 -0.022162931271399
-0.0176197066798035 -0.0354867330779169 -0.304191393123837 0.577250677870274
-0.0157543439319043 0.0111137185443649 0.223739181528626 0.371251353215343
0.0152620344858013 0.0319016175386747 0.208558499202321 0.00155185326717529
0.0279224566970525 0.0139112758006327 -0.0218433256156397 -0.194058606702207
-0.000405894771638327 0.00610163669698124 0.0162719272276388 0.170524259590488
-0.00279208169883983 0.0129745911334885 -0.15504959687062 -0.0238022120915557
0.00266327354210722 -0.00504245771852857 -0.118804279727729 -0.435272967751521
0.0305643791021046 -0.0317804823311368 0.392689388200053 -0.466396074588227
0.0502513532769056 0.0243433779296697 0.775346027742917 0.182009172885786
-0.0161885068054304 0.0421083333575565 0.246767027431316 0.867587471884547
-0.031918887731254 0.0265031732594456 -0.301118457622569 0.54755371943399
-0.0347434210372066 0.0288653897425682 0.0751164243906555 0.0550447060080718
-0.00775816920122083 0.0436218485843135 0.304587501584948 -0.570011823010901
0.0222949002705463 0.00975412233751019 -0.370775839037401 -0.819940257165437
0.0217786069920486 -0.0282995912872611 -0.857922592828803 -0.0629109060973127
-0.0112308020509393 -0.0355052164113104 -0.329206059875488 0.563540253635977
-0.0181314614091731 0.012470672928804 0.214061998625872 0.377746026992692
0.0120278373559848 0.0302337229247969 0.206587110636608 0.0106731259601617
0.0280899466333355 0.0134956528705287 -0.0243601557818724 -0.19436382672818
-0.0108095772141821 0.0022792696240604 0.0371275426024079 0.163734310694173
-0.011732218629735 -0.000615654387280839 -0.163206999894077 0.000196616524507445
-0.0144020576104911 -0.028232363503833 -0.177458224598263 -0.370752369922253
0.0151670057135639 -0.0398978362565773 0.319446271239891 -0.47534436991796
0.0357094541900952 0.022435492498337 0.788763507366575 0.0456825175744155
-0.0255437945125384 0.0204617574715323 0.377900228682487 0.781381685744679
-0.00862025991088768 -0.0317964229570686 -0.260096667331156 0.590579555592122
0.00870192251934491 -0.0307437712593537 0.0069646353363273 0.097858567723968
0.00872846705539181 -0.0140566291903809 0.330677896391185 -0.497880555055246
0.00402257490377306 -0.00718160982211826 -0.221940179956455 -0.863762560834407
0.0115209121795788 -0.0194397517762918 -0.819227897244514 -0.200943911787345
-0.0181080108462659 -0.0450452999777879 -0.407728762555382 0.541342893191815
-0.0337015489017791 -0.0154925386848682 0.157763525737708 0.444388703652977
-0.000646966197859235 0.0169614019197235 0.197678009255574 0.046185589019177
0.0131591498180082 0.0121749495855082 0.000360893841892219 -0.200018542960281
-0.00875451259127232 0.0032881337197862 0.0371603582822125 0.162442860431071
-0.00775991626663842 0.00124280471500535 -0.15864639731068 -0.0113366314878481
-0.00883293897103798 -0.0280459561234543 -0.159070109014352 -0.385572635374196
0.0117542271275566 -0.0379614777203358 0.35090046874476 -0.463250456296469
0.0251394060561744 0.023818261936503 0.786096215333817 0.10293728681151
-0.0316550867075048 0.0146856428459045 0.330006219583003 0.811965032795566
-0.00249879104761127 -0.0370124507299649 -0.283540045164125 0.574214560628626
0.0160675815660182 -0.0318819898331102 0.019894474522752 0.084064952986832
0.0117075626734537 -0.0166962787951045 0.311707074216059 -0.520939539852927
-0.000281307217728989 -0.0104797734667158 -0.277106090903885 -0.841270050306783
0.00194274184467191 -0.0204530848319308 -0.82511565444395 -0.14262393667011
-0.0242754345044164 -0.0443042298298938 -0.373668415490593 0.563123710702007
-0.0294469308561268 -0.0116194170261855 0.177362923244007 0.429408824486831
0.00450585112432836 0.020763004157352 0.200814695724784 0.0321464691823207
0.015916955253743 0.0125147998156713 -0.00247447466832606 -0.200808647134617
-0.00677121073678012 0.00375726606752159 0.0345703966362762 0.163275921740821
-0.00484961113452658 0.0045156734666316 -0.154903885666748 -0.022965041927884
-0.00423350984534463 -0.0245618972887347 -0.139973757442158 -0.402653343180864
0.0103021065762539 -0.0371369033454065 0.376824237039625 -0.447403559101881
0.0191936296881239 0.0241148383559387 0.780405328925549 0.153359199029441
-0.0344788169846284 0.0118268749651766 0.280645867342265 0.839314534612092
2.90880960772469E-05 -0.034714810813907 -0.303899019232516 0.557883690194735
0.0183285635526424 -0.027962252457113 0.0361380595996682 0.0690108900048319
0.0135480760958652 -0.0135828240294638 0.294549469290344 -0.54092014455375
-0.00240384287149026 -0.0110843209997907 -0.328913617591064 -0.816309699689547
-0.00506554139905304 -0.0220880698774381 -0.829563983478634 -0.0793836547526227
-0.0280422280372068 -0.0418114638311384 -0.337571086745673 0.580116580443002
-0.0242503616196743 -0.00636709256984503 0.19859943932813 0.410007380519849
0.0098087521966005 0.0241142440403099 0.20410658144145 0.0177731578610221
0.0184452500195389 0.0129881681731783 -0.0057165057193307 -0.199133342107449
-0.00449404591365669 0.00399537165510069 0.0320995776431921 0.163194267943857
-0.00152929308802903 0.00766371148197757 -0.151481025408209 -0.0313868050784891
0.000139633828254057 -0.0185558779947553 -0.121847902315031 -0.41587799257188
0.0106846933741616 -0.0342954454969854 0.398288230362742 -0.436155921300684
0.0174370795491374 0.0248205317187702 0.771851500701762 0.198316511072488
-0.0343487572992491 0.0119105013293347 0.238816448402933 0.860048165672191
-0.00017402517726706 -0.028395455568528 -0.318284061278778 0.542678538112281
0.0150296549470302 -0.019985734020906 0.0524353648278463 0.0561432946318501
0.0118678905813495 -0.00618063065103241 0.281585115790584 -0.559399331839559
-0.00259223740201462 -0.00933108832952423 -0.37136145703499 -0.793182291158226
-0.00800600651023306 -0.0229963364408779 -0.833474269645678 -0.0338382537207751
-0.029366698136877 -0.0391375376889024 -0.309641088797758 0.588645624875634
-0.0199331655022244 -0.00121254821238791 0.21341186371581 0.391641461613566
0.0137939993870878 0.0273591598774548 0.20571255080742 0.00688348967790731
0.0219085816412078 0.0128982979484033 -0.0111834494743327 -0.196510056906818
-0.00289539394391078 0.00451564232888626 0.0270591024988938 0.164890684320487
5.90369675946417E-05 0.0104226037116981 -0.148622910897136 -0.0358741748329963
0.00309986553221674 -0.0135650059617529 -0.109358924074166 -0.428082627402488
0.0137702954261385 -0.0332454247036898 0.41126854393529 -0.431908825785284
0.0202751961998237 0.0247232621006912 0.764198611344889 0.22659014955342
-0.0320205753840242 0.0172204415132878 0.209230000724534 0.871587904612609
-0.00450105256367355 -0.0156264351528046 -0.323279782478186 0.531108509088845
0.00691544279911717 -0.00749663664368339 0.0659345862020276 0.0471029512725249
0.00825344690854476 0.00542626239742069 0.27253974822833 -0.569184483774472
0.00153746691872329 -0.00633573306637571 -0.397380936905978 -0.780003697326818
-0.00550386232008846 -0.0249714985744142 -0.834274714835076 -0.00618223698403808
-0.0275623717893708 -0.0362422401869651 -0.290888176339357 0.589051259636425
-0.0163622201461541 0.00407548430225795 0.223914174789977 0.375593694888585
0.0166593412154301 0.0293044747247578 0.20668556478195 -0.000135219293320222
0.0243260287920218 0.0131312009160503 -0.0151537552946069 -0.193925969212286
-0.0011013711872441 0.00545783275285017 0.0219240438287886 0.165231166587279
0.000835179505656016 0.0122544969817911 -0.149067742438283 -0.0362601949054445
0.00475267881611375 -0.00910640164836853 -0.103662157163835 -0.432779412778656
0.018150427448346 -0.030436996557993 0.41422346212192 -0.430727206918605
0.0271041593142158 0.024519371237922 0.759554687757985 0.231775726392076
-0.0279663428752433 0.0230505134407955 0.200829951239553 0.87409442683469
-0.0135991564247521 -0.00200954236575064 -0.320658048259999 0.527833977264455
-0.00622131847928424 0.00516091359930968 0.0748193381145515 0.04280051211669
0.00469523521307835 0.0186083893068102 0.273449443221619 -0.573798000202632
0.00657728567910066 -0.00180978331632327 -0.405604063278097 -0.775983395603243
0.00052036398205379 -0.0264366577576325 -0.837090773492461 -0.00159337765332026
-0.0239362336209325 -0.034885332663423 -0.287011733246761 0.582595921385084
-0.0142940729070208 0.00858503210319811 0.225846240898637 0.367107105437865
0.016909005280887 0.0318310536387815 0.207288229643106 -0.00169575634495412
0.0259019430070492 0.0136938196125357 -0.0182250161941777 -0.192495484221347
-0.000228792133146773 0.00667313567516743 0.0192220681964144 0.165914871412194
-2.39160443537651E-05 0.0129485901169469 -0.151171955214888 -0.0322422654344979
0.00488434471044774 -0.00567146206186779 -0.107207885869859 -0.435993427654283
0.0240595120542388 -0.0305528713869768 0.405615279212311 -0.443449680017184
0.0384240202019359 0.0243378056155009 0.760849868431531 0.215975605796349
-0.0219358487847725 0.0325925678160205 0.212762858000838 0.868876117716896
-0.0229719950516073 0.012725264955554 -0.311181886684519 0.530106562563628
-0.0196698963750281 0.0179306812337016 0.0772400546818886 0.0457229205048247
-0.000187396340323009 0.0311451393190193 0.283257993152075 -0.572307011123972
0.0145727833697208 0.00366037421352536 -0.39354814774815 -0.786290363013454
0.00978885724542987 -0.0271047660303937 -0.842542298256222 -0.0227471703406629
-0.017601680400194 -0.0340282713258524 -0.300752955592269 0.571601657710177
-0.0154100946063978 0.0108763051843723 0.222575047441253 0.366451318586674
0.0156235577836961 0.0310780170658942 0.206698928789668 0.000864136451460125
0.0275644294891089 0.0134490842641119 -0.0217802567301548 -0.191565912576953
-0.000608924972315671 0.00649357438690242 0.0162909423957134 0.167352596853942
-0.00199697477026006 0.0116766471852275 -0.153784116899922 -0.0242419571264469
0.00272138757519761 -0.00441645252061379 -0.11913560342032 -0.429029743106492
0.0291256970736853 -0.0317096861418415 0.387207246933631 -0.462027661927419
0.0498020451598964 0.0235254960740164 0.765685770985857 0.180002872275405
-0.0156585620357518 0.0409041152786369 0.245017496989715 0.854559887848045
-0.0313197933870321 0.0259688290837385 -0.297547116410431 0.54080480097531
-0.0344262755247348 0.0282249055725169 0.073663983483497 0.0530301180649373
-0.00709720905530208 0.0423818025910789 0.30058153228922 -0.562167436218266
0.0214799431088432 0.00958776556125274 -0.366503455593539 -0.807851389164144
0.0211220212607317 -0.0281668137926058 -0.846792967193865 -0.0598935773036775
-0.0105204020520366 -0.0347546222519006 -0.323354485873738 0.55617904015674
-0.0175091209614728 0.0119147625925129 0.211196817559575 0.371331015034214
0.011943012438943 0.0296892025236609 0.204582071128834 0.0102551524500649
0.0275524638467482 0.0129823916263083 -0.0233669421030262 -0.191659843410179
-0.0121574860436851 0.00303262007999623 0.0362891017266466 0.160445448579033
-0.011621379793901 -0.000802630748154663 -0.160979921564866 0.000319635758505332
-0.0134239490951798 -0.0277979482946896 -0.174743740863283 -0.36674205285025
0.0136888700641299 -0.0400750376434294 0.314847790547164 -0.471025046501816
0.0360701720560754 0.0207861435976863 0.776938543839509 0.0465616299095951
-0.0260499911969635 0.0208768436427412 0.374452238419938 0.770709303384936
-0.00876136069618073 -0.0317328668593372 -0.258445547493227 0.581093188325837
0.0086344771305607 -0.0299829806859803 0.00504546658230727 0.0967473562608192
0.00815643291820878 -0.0144495437368451 0.32672657539612 -0.489876589424297
0.00367281013878431 -0.00784181173449062 -0.217150046953482 -0.851131739700128
0.0106618873706585 -0.0187016133546785 -0.807768490560562 -0.200871356121894
-0.0187989404258248 -0.0444866833253232 -0.403680397046572 0.534165727770528
-0.032906729542088 -0.015204918228647 0.154538600599077 0.438356089212244
-0.000968609249781089 0.0158830433448805 0.195414557828928 0.0467468605250101
0.0127323719298182 0.0117143467475761 0.00113353377367862 -0.196737326479543
-0.0100407408089689 0.00247649270612157 0.035908043266374 0.160260846293118
-0.00756316849151823 0.00201826397933091 -0.156465611945634 -0.0111566133566068
-0.00883427545718672 -0.0265751014061781 -0.157232668872107 -0.381562783430167
0.0111065285880353 -0.0377621316947231 0.342904281756409 -0.456300664987619
0.0258707901055226 0.0224950413893465 0.777664537736009 0.101398130856446
-0.0321198911721468 0.0146193164020914 0.325639310205385 0.802072021090511
-0.00294873543880324 -0.0358034422054302 -0.279303781662155 0.566173510825148
0.0162543560155371 -0.0312381493325306 0.0193681446243849 0.0833427021795893
0.0121819468060659 -0.0165036264187496 0.310045243432643 -0.512055439264154
-0.000498077181866403 -0.0104196478426709 -0.271832229223729 -0.833410866466957
0.00142972432421206 -0.0197898729446007 -0.813938681741816 -0.139870771782991
-0.0246930730876399 -0.0432084009748924 -0.369048054098187 0.555901942883621
-0.029212722690588 -0.0116467749466404 0.176315218508825 0.424228404959456
0.00530576470603341 0.0196675758311895 0.199214734117357 0.0315737125385996
0.01485456261831 0.0118771350056478 -0.00175223253986221 -0.197524135152113
-0.00756904473895264 0.00412312834131844 0.0342106543492781 0.160324289177253
-0.00449268222302288 0.00530528373380569 -0.153099814601442 -0.0226364974403699
-0.00427805396007128 -0.0223399036279801 -0.139314605673656 -0.397805518067047
0.00969725876790681 -0.0363262213191134 0.370057364615863 -0.441698634590238
0.019085113219509 0.0230016773557438 0.769056353391663 0.15307042648429
-0.0342032044967632 0.0125127743821968 0.275627691989993 0.830284042813612
-9.75925949106282E-05 -0.0346796533797126 -0.300088650990097 0.551854266898499
0.0180856467735665 -0.0277144887712286 0.0355019219036326 0.0681275958612645
0.0133880007380984 -0.0129295630634748 0.29309459455887 -0.533857256072185
-0.00317579239083018 -0.0105719095336223 -0.322813825547592 -0.806330029713751
-0.00514951583331896 -0.0214896048657043 -0.820736114163446 -0.0786666766651343
-0.0274993491089684 -0.0410671297159239 -0.334300169185359 0.572035911185168
-0.0245744774682836 -0.00631427532187548 0.19617308369191 0.405614962317607
0.00918339653522273 0.0230297469767877 0.201849584081277 0.0181947790870367
0.0182703062428102 0.0120039694715013 -0.0051312263673003 -0.195923873686227
-0.00541810711657758 0.00453760285885397 0.0299796641722298 0.161180843465582
-0.0010870335006946 0.00817014272463595 -0.149472911629806 -0.0305756562897084
-0.000245708516505619 -0.0181627420612468 -0.122454626112338 -0.412453453708984
0.0100280376221958 -0.0347472388398281 0.393396804276227 -0.430886412776966
0.0169981917964441 0.0234820826507463 0.761856721820231 0.198228933489728
-0.0341240576587239 0.0129028038033446 0.235767732366584 0.848500180953846
-0.000692762729706194 -0.0278078945122244 -0.315123031832508 0.534086920277291
0.0147125334033772 -0.0195627977548058 0.0511048934936799 0.0547600897358337
0.0110980951791958 -0.0059248090057751 0.27926437782615 -0.550303291214603
-0.00219793514424314 -0.00897962114686996 -0.364193454456788 -0.785408808833095
-0.00710924319861283 -0.0226501273510514 -0.823367683756854 -0.0347502233395662
-0.0292089364862882 -0.0385421358099491 -0.30619543906397 0.581385187406831
-0.0201978674143412 -0.00116169610498266 0.211197961158197 0.386067570832014
0.0139714986006379 0.0261768729683972 0.203868320180153 0.00740985325045228
0.0213615411339954 0.0119491683544751 -0.0101600238477591 -0.193676403992712
-0.00281215219173204 0.00502837278040347 0.025828410359791 0.162140331315576
0.000866475015527252 0.0108354662453246 -0.147222766926244 -0.0353904743127593
0.00326929986547693 -0.0123343247715034 -0.107933283182112 -0.423165983114927
0.0129585695891131 -0.0327478613263052 0.405694286413623 -0.425786896475061
0.019589546893711 0.0237502067436848 0.75241302576827 0.223076698222352
-0.0321889094796086 0.0163215253484373 0.205262408993622 0.862088845475101
-0.00489994427092771 -0.0161768878158535 -0.32085946540102 0.525330260961203
0.00718711211075202 -0.00792981173071372 0.0640643942354743 0.0457672097256258
0.00851744954464344 0.00491646975003288 0.27087452955259 -0.561622326545834
0.000792331878774394 -0.00640917614603347 -0.392137266471431 -0.769584611777631
-0.00625231332487758 -0.0250075180323562 -0.824403257317244 -0.00637631857383387
-0.0270177270704909 -0.0360226982804721 -0.288516152351769 0.581782546292605
-0.0162148031888528 0.00462359579370037 0.221087088184245 0.370986038678975
0.0168182260280967 0.0289928785418652 0.204536158922882 -0.000749495477530806
0.0242399081099495 0.0122855607388113 -0.0139491761209912 -0.191911044562274
-0.00209945792524978 0.00656900014587181 0.0213525624957322 0.162846398524458
0.00116344862691309 0.012097470955482 -0.14726934460983 -0.0362263546093549
0.00394932586459196 -0.00800595985666858 -0.103008193441213 -0.427380930116983
0.0175502018322932 -0.0311549802844664 0.409708009444688 -0.426034746586967
0.0270772467550937 0.0235548184818483 0.74912072362808 0.230363119636133
-0.0278402956980169 0.0234199475140947 0.197079458267348 0.864508485276921
-0.013681566634977 -0.00229628825096501 -0.319042904784014 0.519412746964492
-0.00538872588533481 0.0049429383073776 0.0730446881872544 0.0424215316382076
0.00476864325734986 0.0177907013319124 0.271516370198169 -0.565318460048076
0.00618238220958684 -0.00160612873060419 -0.398316212508253 -0.768297392987645
-9.24321948348999E-05 -0.0265513014199138 -0.827082825342746 -0.00383969554720953
-0.0232153069859098 -0.0348191356924036 -0.28505176796432 0.575188982043853
-0.0150254647027837 0.0086965274351418 0.223419576256049 0.362534893871674
0.0168324754878736 0.0294205242250341 0.20425429530795 -0.00105488856777581
0.0262159548823237 0.0129559663998956 -0.0177145905600647 -0.189731078342035
-0.000921419017849822 0.00650057988226368 0.0181417042222823 0.163709569257572
-4.77102137995595E-05 0.0127266910527058 -0.148273877386322 -0.0323126179470481
0.00367757079520641 -0.00506998589816522 -0.108045956352359 -0.429737153467444
0.023380562897246 -0.0305700491502343 0.40023393463198 -0.438836131096573
0.037225539308321 0.0232838211286923 0.750152211826584 0.213330159321044
-0.0223929943298928 0.0332460683225761 0.210561739906279 0.86054433263533
-0.0230222483942636 0.012250417509236 -0.30815545706698 0.523321349487271
-0.0194325598889174 0.0172368712541354 0.0753104150723249 0.044642104840251
-0.000359841677585052 0.0305861946122414 0.281569115791275 -0.561893054628399
0.0147403603766138 0.00379335280578207 -0.387667850345239 -0.776665107345786
0.00907149107568135 -0.0272254558661849 -0.832127694603274 -0.0237234549857741
-0.0175109147093924 -0.0340576351823369 -0.297510906228574 0.564029032897924
-0.0152664530290577 0.0117456564507986 0.219137790676427 0.359747849221474
0.0149441563255324 0.030088893450001 0.204326069878723 0.00203956343146079
0.0271947302926119 0.0122208327149051 -0.0210902018676275 -0.188718174357309
-0.00129175625755542 0.00636149037522797 0.015576047748163 0.164280574842522
-0.00158794706831147 0.0126668725669885 -0.152071123554569 -0.0239396548570524
0.00189752599507242 -0.0038288107627811 -0.118974349382962 -0.423669710507027
0.0286642299815105 -0.0311869105789099 0.380877337447459 -0.455591168783105
0.0498668201436987 0.0218945116791679 0.754939872615837 0.177966713120718
-0.0154990846789944 0.0409873956290457 0.240897218323805 0.844783944758292
-0.0319211577416566 0.0253320882466176 -0.293877759157199 0.533286124614262
-0.0328514834941152 0.0284339373616107 0.0720109890391471 0.0530404094147382
-0.00746745783108203 0.0419739362880983 0.297493435379442 -0.553933201121219
0.0215290528783852 0.00936672955987138 -0.360652361629264 -0.799509783175915
0.020632086066863 -0.0278575647263624 -0.837182420356362 -0.0597482021397221
-0.0106378403685196 -0.0344309478457661 -0.320864827611965 0.549687985588946
-0.0178785746816606 0.0116376730551568 0.209050449247751 0.368278967080072
0.0122113869007842 0.0281762054869215 0.202390134779407 0.0111763829868042
0.0268368311787069 0.0126127346813437 -0.023294388100282 -0.188503372390269
-0.0122292732274964 0.00305012314583869 0.0345776931040479 0.157272790136556
-0.0111208566785961 -0.000180342958988059 -0.158618952833182 -0.000118598140021739
-0.0136372891415528 -0.0269519780178784 -0.174063504728482 -0.363652255066475
0.0130102306710545 -0.0390076479362677 0.31145129475964 -0.465887247525538
0.0353012597093853 0.0209604558133501 0.767772267070192 0.0501804390429632
-0.0256596266569365 0.0203295911859155 0.366742196239563 0.765198906803308
-0.0084442155336076 -0.0314941769900044 -0.259095437600691 0.571917479333067
0.00894745680230492 -0.0299352662618233 0.00479152539538339 0.0954820963551127
0.00791548158188574 -0.0144243326946154 0.325279656063495 -0.482911666702582
0.0028725368816204 -0.00691782655095989 -0.210247112141478 -0.84377536621854
0.0102866735640489 -0.0185550374167825 -0.798012370122089 -0.201015374134855
-0.018149346796659 -0.0440712617911895 -0.401566924372523 0.526830628119979
-0.0325409344599391 -0.0160360103953775 0.151859419640253 0.435269698792422
0.000444333431251429 0.0157545894802752 0.193876299159863 0.0465623980575763
0.012864079494778 0.0102474268948887 0.00238901328434738 -0.195191152136374
-0.00999599492858546 0.00274879190193453 0.0356558373599198 0.157865836885822
-0.00714222720687979 0.00202855771689101 -0.15441995775062 -0.0120005417668372
-0.00916632727931853 -0.0262553425107378 -0.15582838707067 -0.377851451828649
0.0103925578115302 -0.037473995328979 0.342714481895231 -0.450878524444668
0.0252249666545423 0.0220979511609035 0.768288626225228 0.103732593035641
-0.0311618978094796 0.0150427437828384 0.319717863063486 0.795923732886376
-0.00360821148203693 -0.0359292181036126 -0.278718005899872 0.559345306269868
0.0160332861311079 -0.0315025115494172 0.0181477246786723 0.0810047571110643
0.0123879960504898 -0.0167725117914951 0.307507162751102 -0.504939629944907
-0.00105764209017827 -0.0106167385691349 -0.265158826174805 -0.824152187182527
0.00142810011115762 -0.0196234936598423 -0.806737036445476 -0.142827426671187
-0.0232941966082328 -0.042659868034705 -0.366296784778037 0.547457489801813
-0.02904728062246 -0.0116368743983077 0.172701443849537 0.419399704126715
0.00494900311638642 0.0195064250698514 0.196744178161575 0.0328812706104661
0.0156068856891534 0.0109737403438112 -0.000991286802119829 -0.194575597380665
-0.00861007804920504 0.00431800051078635 0.0322161879685602 0.15896436374828
-0.00415079229477691 0.00454297867603463 -0.151534442756633 -0.0227083425233268
-0.00381047240071804 -0.021520588949341 -0.137110634671553 -0.394718731509565
0.00944870309088209 -0.0355538715416982 0.367198921870715 -0.436644312581222
0.0190718029596614 0.0223572540513319 0.760932498816206 0.153190827350131
-0.0340479136604025 0.0125772576978459 0.268751469950917 0.82180791748351
-0.000338839498976919 -0.0344577927354871 -0.300515331235988 0.543180600094892
0.0186025906866618 -0.0272483896679553 0.0342962826023782 0.0668877290964933
0.0120848041581659 -0.0131864634375216 0.293510205600698 -0.525144264216012
-0.00310562815590826 -0.0108199410631474 -0.315871730832144 -0.80039412569144
-0.0053838124749486 -0.0220120801761083 -0.810755931587752 -0.0810459828420809
-0.0271669273950384 -0.0406903505252777 -0.332418110391772 0.566048729468176
-0.0244979149457478 -0.00621787343385395 0.193635635738452 0.401622103871525
0.00965367418853041 0.022961224477904 0.200147182071153 0.0193372224775842
0.0182600253803322 0.0116935962903865 -0.00378166867705703 -0.193484926507332
-0.00574297106576201 0.00429940769102688 0.0291362753020772 0.157923545696466
-0.00132436576083327 0.00771940189125106 -0.147677517779146 -0.0306322257089759
-0.000618248590321148 -0.0177578893957077 -0.120050596167356 -0.407310353627245
0.00960409120347745 -0.0340899090369115 0.389317056988903 -0.424590594578695
0.0164615301626762 0.0228603063563021 0.753413236274898 0.196753841615106
-0.0341052359517301 0.0125691882968245 0.230344548442803 0.842265135345147
-0.00108474788278965 -0.0273502235893065 -0.313899627321766 0.527812416339248
0.0154640640444627 -0.0194836146181787 0.0495068998594774 0.0542284061834083
0.0116331570760537 -0.00603692624461075 0.278138941566882 -0.542846625512847
-0.00286685310818893 -0.00905615927133737 -0.357391360691976 -0.778765419465853
-0.00769240422669162 -0.0233096500379722 -0.813524657796494 -0.0368552210682849
-0.0280935506739806 -0.038286980111663 -0.305247070451668 0.574875793426878
-0.0200761393028582 -0.00110872401497982 0.208780704410323 0.383692333547253
0.0145175418669252 0.0260843135778079 0.201518582499034 0.00860876874506024
0.0210365854819906 0.0111910301585447 -0.00870875979859846 -0.191713755007433
-0.00319126198242135 0.0055954726713916 0.0245780840017412 0.160295812392355
0.000396300300817327 0.0104226410439592 -0.14573631124777 -0.0359518806320206
0.0020691654964456 -0.0120181502317411 -0.106523413809203 -0.419217329037493
0.0129235736431066 -0.0326391911579533 0.402217800895023 -0.420803012574837
0.0203061048842153 0.0230072333700964 0.744947953840308 0.224839229428263
-0.0312977447559234 0.0160085150354426 0.199324631297272 0.852979848446368
-0.00532411507148759 -0.0165281429991219 -0.318431259391303 0.517306541660609
0.00627465920682337 -0.00839566506667788 0.0632117529219887 0.0464080616058862
0.00797969238924727 0.00417143420847185 0.27008305777049 -0.552528628032263
0.000959728330971452 -0.00562630720647513 -0.382662862384639 -0.764104056061703
-0.0060651956568166 -0.0242450746461894 -0.814617271620038 -0.00865121796690856
-0.0269401831093908 -0.036536010738391 -0.287385134324555 0.574712819312642
-0.0165161970766306 0.00380988261921438 0.218542509630517 0.368224367782188
0.0169035205319455 0.0287380437568111 0.203300359081392 0.001133918547912
0.0234495263934512 0.0118088990353817 -0.0128939833045855 -0.189706357050567
-0.00165386558370715 0.00649699974421374 0.0202494866885346 0.160155578985519
0.00143184275359646 0.0127682655315721 -0.145906124649361 -0.0368762526961436
0.00480903729762029 -0.00746153261358868 -0.101933419056193 -0.42423973237798
0.0164901236963362 -0.0312344679775105 0.404200342763022 -0.421286793578465
0.0272821099106758 0.0228517462740034 0.741038159154976 0.232108770219853
-0.0276158346128332 0.0238065333204879 0.19260512296447 0.856664660752624
-0.0136789364596709 -0.00235721120741717 -0.318387797961129 0.513135271636435
-0.00532885758675241 0.00479447794913677 0.0721332950240037 0.0418103301257221
0.00396681805188807 0.0167821942090603 0.272663138533424 -0.557857490753096
0.00596111195868542 -0.00156436485198632 -0.390494462779967 -0.759755167172186
-0.000774569698921479 -0.0259936042394795 -0.818909887443239 -0.00686780017562348
-0.0225128929143064 -0.0343779081643361 -0.284409427497504 0.568217907408997
-0.0150427422289068 0.00843643038314206 0.22108363271135 0.359286865517648
0.0169130224245147 0.0292614023845087 0.202383857346706 3.38093080282133E-05
0.0255801327204924 0.0117734230803316 -0.0159893049351935 -0.188069284585025
-0.00129980768513583 0.00656550754894667 0.015994970724986 0.161464846637143
0.000396659738976351 0.0131199664414138 -0.146803355534302 -0.032268532235026
0.00426872694572631 -0.00429850157521438 -0.106292838980209 -0.425433095293609
0.022849569679731 -0.0308573856586022 0.396196077380243 -0.433998978978552
0.0369563624364115 0.0227542155314678 0.74036456376666 0.213932877481414
-0.0224396693525014 0.0326567078770819 0.204361211963171 0.85383046692366
-0.0230795748301334 0.0122235191968281 -0.30843723561525 0.51600891938053
-0.019175759016473 0.0171568335134554 0.0740267245467401 0.0443277478001852
-0.00158623051668043 0.029974670823859 0.281014327706328 -0.554567360503709
0.0138262627089043 0.00387316818549456 -0.379698271845493 -0.770020242822699
0.00940990628777872 -0.0276919458459195 -0.823263117582077 -0.0252844779695893
-0.0173852415372777 -0.0338762544131215 -0.296273598424168 0.558136032007474
-0.0154316098879302 0.0109254502071131 0.21614439823128 0.35797188526563
0.0151368181383757 0.0288623852134077 0.20307581219418 0.00318906480993058
0.0267551366222011 0.0118282269213641 -0.0194502400876335 -0.186837666510294
-0.00230946732960001 0.00737697581185557 0.0148368188347208 0.16181084305998
-0.0022151112240986 0.0121464886023558 -0.150079613217961 -0.0245903954957681
0.00222901149562968 -0.0035214911021041 -0.115281314649672 -0.420880605509251
0.0284466336044153 -0.0300976124007564 0.377041900424319 -0.451234383263519
0.0488320840936065 0.0207150072831321 0.74658346683411 0.177159112391247
-0.016219329606207 0.0412819979606454 0.234776626169783 0.840234036550069
-0.0312537668780042 0.0253458358536355 -0.293566624351705 0.525888654358187
-0.032975353905252 0.0277969863022511 0.0702649923720612 0.0523721211688409
-0.00753784796208039 0.0404136584579043 0.296824589717293 -0.543456385494536
0.020759737680822 0.0102153612506724 -0.353022037332962 -0.792557830131468
0.0208405805144879 -0.0281812825025581 -0.827383520635177 -0.0621077103035221
-0.0107554420266797 -0.0338698194749972 -0.319633883458922 0.543816620653738
-0.0174623130688473 0.0120809280658577 0.206539707333443 0.364749355743567
0.0119779315270775 0.0273095480636165 0.199819644481909 0.0115972315108702
0.0261815658046587 0.0115458966295154 -0.0212202654593666 -0.186083812208713
-0.0125751403607735 0.00333561073558026 0.033233307157612 0.15614698066866
-0.0109490390664654 -0.000131833321351898 -0.157363441562425 -0.00176653393081619
-0.0138235322298391 -0.0259861419488542 -0.171455650368673 -0.360664961633839
0.0126545082355274 -0.0389332668596685 0.310754919310325 -0.461853623533525
0.0351796474924225 0.0195757276562049 0.761940964231815 0.0523092137644681
-0.0261858951257614 0.0201631419277982 0.359523924078586 0.760330636153702
-0.00942005421360191 -0.0316224077619311 -0.259233416005429 0.567284348107429
0.00862885807962411 -0.0295413548932522 0.0042548291506357 0.0946392784566562
0.00733123313616746 -0.0140842096219388 0.32543276967396 -0.474644443357179
0.00343050882442705 -0.00609911778995607 -0.203649124442144 -0.837395013026916
0.0102447079337377 -0.018240901296198 -0.789975937986195 -0.20411338456486
-0.0175964357468821 -0.0438931118298528 -0.400816388517601 0.520726588436447
-0.0321471940809891 -0.0159700493063246 0.14972821196744 0.431167399708993
-0.000372010088647262 0.0147645256606868 0.192481266444063 0.0475476884606522
0.0124716991095619 0.0100373467007466 0.00347828000534451 -0.193455106948142
-0.0108080200399432 0.00379763195325393 0.0336993873130055 0.155478073868237
-0.00765805576712377 0.00274730340467024 -0.153546587081929 -0.0129672186842127
-0.00919777275176214 -0.0254146938925821 -0.153685651523211 -0.375653539419633
0.00949985711960592 -0.0378584102820757 0.33985063700085 -0.446377223556606
0.0260041581768421 0.0209727209319211 0.759083863325308 0.106685948114889
-0.0310772983024463 0.0144736804079653 0.312734643582725 0.791450019621937
-0.0031815973641708 -0.0355148817949817 -0.28166574425403 0.552482102019976
0.0160990072728247 -0.0308437237200004 0.0173539714296281 0.0807496860892063
0.0107786718312758 -0.0165737185834408 0.30891282616064 -0.496556351961936
-0.00054386887280742 -0.00974505668397849 -0.256794971969873 -0.817099900122031
0.00187813331770414 -0.0199987304300298 -0.79793128150664 -0.146036635628544
-0.0237019214312381 -0.0422371217048774 -0.36509771235119 0.541971269169948
-0.0286874065305494 -0.0110987752507434 0.170372410430313 0.415031394043284
0.0051076128749554 0.0185964825792043 0.195631476809186 0.0324180592745416
0.0151336051205219 0.0097268225594298 0.000692762991091604 -0.192788140922428
-0.00825858088977404 0.00423422395367135 0.0311995296651582 0.155999376194003
-0.00429443956670138 0.00578023296374059 -0.150336610516559 -0.0236970224805886
-0.00363520034238614 -0.0220999988864415 -0.13510875953271 -0.391283368268454
0.00822053258839466 -0.0372211232993539 0.366262508209784 -0.430901647832784
0.018829454691621 0.0217686644621312 0.753463506850694 0.157200440557129
-0.0340663115528796 0.0118980723993442 0.265123208041079 0.816194571936529
-0.000541279761779045 -0.033730275829348 -0.301590191450486 0.536010693395249
0.0183587948827248 -0.0266747690648314 0.0328977881371758 0.0656327520085816
0.0118384960718673 -0.0135482332153287 0.292480191955793 -0.517985967861101
-0.00310495116188658 -0.0104893293488476 -0.307359439058258 -0.794647510906058
-0.00443889408665756 -0.0212720289599515 -0.801654376655552 -0.0864140864597064
-0.0266517537559777 -0.0405130666504718 -0.332345716107912 0.558368828199234
-0.0239080120947517 -0.00603378407505578 0.190986132708805 0.397984758214641
0.0100273164483716 0.0221233910047193 0.199300948842654 0.0202807037248815
0.0175162099838104 0.0108384128120331 -0.00257331939943815 -0.19177097208784
-0.00656979753706847 0.00477747142201819 0.027785159666593 0.156133461492929
-0.000800650395362473 0.00835814389400847 -0.146090794389216 -0.0324443089536344
-4.73578875279726E-05 -0.0162366651887989 -0.116855696227027 -0.403869668944159
0.00838540186154527 -0.0330255463102112 0.386783563458372 -0.418607450897497
0.0165261658967151 0.0217902918461286 0.744361530787886 0.200157259356803
-0.034357066050384 0.0125629585332377 0.224727313527096 0.835670843508468
-0.00136192585909461 -0.0271050333502488 -0.315219791773547 0.52202645802229
0.0159283639883184 -0.0197311993751247 0.0478608324915221 0.0537424179659173
0.0111544532782671 -0.00656392518386674 0.278551939810119 -0.534375436116729
-0.00299310571058003 -0.00951429327828291 -0.350419007992935 -0.772116922169577
-0.00756488160278192 -0.0227039466983727 -0.806530854782202 -0.0417625562387299
-0.0284366900313109 -0.0381181418386645 -0.305594675016147 0.56970301736591
-0.0193238348300124 -0.00110638425020519 0.20530691670735 0.380129112822498
0.0140861637125789 0.0248217151728749 0.2006136211346 0.00968878566823745
0.0210098438264513 0.011192896799674 -0.00735399743452505 -0.190106988325953
-0.00404516622742812 0.00588722110535324 0.0225801582328147 0.1574709967777
0.000887813633561772 0.0111265429787823 -0.143926032440353 -0.0361406751905705
0.00345610496715035 -0.0118176832829443 -0.105851858975473 -0.415161226958859
0.01180179357042 -0.0318407436160185 0.398469726978159 -0.415585309121336
0.0194234543031165 0.0219329960823965 0.737233281218827 0.225675359328447
-0.0317517671919075 0.0163934123352618 0.194849648469906 0.848149448088071
-0.00552401509874917 -0.0158458704615611 -0.319840336147332 0.510251717254213
0.00723158093718619 -0.00779420105800249 0.0617040392312029 0.04558347534221
0.00799438531067009 0.00450755647084164 0.273651553346295 -0.547163399215023
0.00050321967443321 -0.00582077225543377 -0.37450845109166 -0.758981716928855
-0.00586559009701354 -0.0237950376597396 -0.807458729150638 -0.014887876395622
-0.0271409763280612 -0.0357817639050586 -0.287551275855627 0.567953616987315
-0.016518508391772 0.00398872208115591 0.21421381586713 0.365412069179703
0.0171904767937274 0.0272671532505337 0.201313076987291 0.00199411713642443
0.0236620224054356 0.0114156912095087 -0.0106895818942453 -0.187869681902522
-0.00348979764446931 0.00671362135601675 0.0177374213060184 0.157323750803354
0.00108484635053807 0.0130709581107302 -0.144123553474658 -0.0374124438550369
0.0043023164571958 -0.00668858012192772 -0.100950048851849 -0.420576368466005
0.0158009186409655 -0.0308407476284975 0.402035863563921 -0.41461429404245
0.0271317768833877 0.0222466584409639 0.730114239416633 0.232343008431385
-0.0277825837143556 0.0237338908132404 0.187461428381481 0.84967165489606
-0.0138247268916616 -0.00184137025856965 -0.317630123089515 0.504962809421722
-0.00459655914103049 0.00452096391818966 0.0697256081522616 0.0418072636929888
0.00361614616670812 0.0162357522397408 0.27257426496454 -0.5494046918768
0.00551693618029369 -0.00181387043856223 -0.382145792284788 -0.75674728752934
-7.77290413035408E-05 -0.0258337565176396 -0.810625111035274 -0.0105483728336878
-0.0219152291854452 -0.0347517857187727 -0.284833485152213 0.561355235158159
-0.0149822105054719 0.00830662035121969 0.217938407626773 0.357506418083562
0.0172067491880126 0.028802971632883 0.20144163586565 0.000899606473013936
0.0254727024751465 0.011026107696878 -0.0151826841035429 -0.186097909216558
-0.00236762813522061 0.00693208451729867 0.0145849630460335 0.159314761126106
0.000378309251524187 0.0132809633113703 -0.145459524727859 -0.0339370085859425
0.00484210507148755 -0.0036835676683166 -0.104079997045442 -0.421456277956304
0.0215805705291733 -0.0298866900338146 0.392785291379231 -0.427862672080989
0.0363052056334332 0.0222755334710127 0.732481580274594 0.216401553923907
-0.0228079725793245 0.0319426426614977 0.199680471100016 0.846574443535024
-0.0238629113515443 0.012289535837436 -0.308617720248447 0.509186658057115
-0.019383992096884 0.0168148598367948 0.0726229323411515 0.0450271324058133
-0.00169978451171658 0.029480699364572 0.281519138795284 -0.548133663657856
0.0132161370140766 0.00350546862084686 -0.370831465671216 -0.765017988244596
0.00897246889140419 -0.0274077249682442 -0.815041590182228 -0.0305918779234265
-0.0167637604760236 -0.0336602753797247 -0.296003257906171 0.551214034004561
-0.0157097548382091 0.0105618099152579 0.213139726992823 0.356401688355985
0.0152732841533259 0.0285046181476147 0.200852048239461 0.00433952742585632
0.0259114676855697 0.0112271273997183 -0.0175660314333424 -0.184910944385266
-0.0020658016764151 0.00656330872578114 0.0125801753677556 0.159143707178623
-0.00259576884549212 0.0119185018304058 -0.148994343562828 -0.0261779567502369
0.00293988238820608 -0.00242150637457099 -0.114053541453608 -0.416895381551663
0.0273178125769812 -0.0304639089442581 0.374776882110033 -0.445211681420836
0.0486068830763114 0.0206193821556105 0.737732618970058 0.181477655537387
-0.0163227519915717 0.0406110580076348 0.230740914014819 0.833814885984099
-0.0321825455362809 0.0248595993803132 -0.295177183244355 0.518952674834551
-0.0324840741242128 0.027204507186413 0.0691977673233551 0.0521178707658805
-0.00775319023794387 0.0406414118897813 0.298844132217076 -0.537904551381828
0.0203981000468258 0.00995809222677691 -0.343446645629801 -0.786413039130344
0.0204380192480809 -0.0270530207421168 -0.81782715972742 -0.0672561040280206
-0.0105157245978579 -0.0340508802506157 -0.319351171055771 0.538678509444097
-0.0174476764642668 0.0118613954256417 0.204559936052951 0.361224442743024
0.0124145911260388 0.0269707405528765 0.198921692376992 0.0129381886828183
0.025883775296612 0.0107943715901399 -0.0199258798727442 -0.184542771882254
-0.013082267353414 0.00375886902478051 0.0313191073874985 0.154975836564174
-0.0103914612966757 -0.000269951464394388 -0.156675242055219 -0.00345939223798469
-0.0138276955740697 -0.0253453582523481 -0.169383583811604 -0.359139075837294
0.0125868561332295 -0.0384585210930951 0.309822617731185 -0.456005942057242
0.034877058146933 0.0185574440563838 0.755367063288863 0.0572537867842398
-0.026308355518412 0.0207784342412079 0.353972338917179 0.757955247625269
-0.00895869100053114 -0.030272424509083 -0.26071393719735 0.561134924615751
0.00922595945893984 -0.0297389855488177 0.002575171265212 0.0938816312083648
0.00744667335804351 -0.0135692952804038 0.326747984083369 -0.468578220663629
0.00286602516377215 -0.00671971040580186 -0.196291979623151 -0.832884922372652
0.0107407571658923 -0.0182012540878604 -0.782252350443804 -0.207751199655922
-0.017679767853701 -0.0438922665994157 -0.402949119110058 0.515679910328695
-0.031936443855705 -0.0153691009313523 0.147435719553287 0.429558784541781
-0.000130244150163975 0.0142671902640681 0.191112278398612 0.0484586186031607
0.0123818231115835 0.00911450525646641 0.00539392574944071 -0.191228130261053
-0.0112395358761159 0.004231518327704 0.0324317477064211 0.153947738687494
-0.00710434555145202 0.00261459711547957 -0.151685040443364 -0.014610213877802
-0.00877116111195459 -0.0244461422069897 -0.150607910935179 -0.372864821095482
0.0093228449551606 -0.0371237034926247 0.338033942216108 -0.441033289306437
0.0253585517165828 0.0197392270508415 0.753093921478579 0.110857839460703
-0.0313617408588668 0.0151976025205469 0.307806507442734 0.788972000052555
-0.00314591283758451 -0.0345104246742368 -0.2819367041453 0.547510927245634
0.0167165747901812 -0.030338013979512 0.0160244581270931 0.0797585057782227
0.0109066239994213 -0.016364110725068 0.309171003002877 -0.490468591457627
-0.00109327622288185 -0.00973880376928884 -0.248274452727781 -0.815847904530597
0.00177791551070645 -0.0187535982762681 -0.790744037586862 -0.149881584202401
-0.0235872137172438 -0.041925039795587 -0.367864497095976 0.537674453628612
-0.0283698965117243 -0.0112207284131097 0.167326164817578 0.412709984840264
0.00524057346389429 0.0184809394598404 0.19372316765843 0.0352094381539059
0.0146273219046006 0.0104843135001442 0.00169568635524506 -0.191218291069199
-0.00891042031634682 0.0045399340517023 0.0295371343561028 0.154095390130404
-0.00339076953016468 0.00509298252524871 -0.148891272815581 -0.0254063222065998
-0.00392326120358885 -0.0208275177739308 -0.132088782581309 -0.390079860951964
0.00791822916760141 -0.0353977832037466 0.364184145826713 -0.427439036065815
0.0186342985508414 0.0209040351750657 0.746384265938233 0.160149166342212
-0.0334354814953397 0.0113315916505262 0.257605778029597 0.813945823374989
-0.00089369827556729 -0.0341896236896338 -0.302679488268477 0.530409071132656
0.0190906605077883 -0.0270229610868953 0.0315871402630053 0.0658962622253889
0.0114626740569055 -0.0132082038243115 0.294612522947855 -0.51104262745528
-0.00286478700921612 -0.0104780868643002 -0.299733250670669 -0.79070683794326
-0.0045768371621958 -0.0209723946419668 -0.793722134359014 -0.0919874525290633
-0.0266642335386054 -0.0409591031936629 -0.334389197025229 0.55524725486972
-0.0240217550618555 -0.00640748751246836 0.187254835341092 0.396523248774198
0.0104766711170903 0.0224240262114262 0.198075101836047 0.0218179379940577
0.0173515531100613 0.0106240670880555 -0.000897679603375796 -0.189741341306361
-0.00669599999574516 0.0048270909002387 0.0266869799128864 0.154862277363197
-0.000889759070479869 0.00843194894765383 -0.145244670187217 -0.0332746048318656
-0.000558715662937422 -0.0157963450649583 -0.113973349730502 -0.402927645012653
0.00885982428748167 -0.0332021972131831 0.384570412496757 -0.413897716564152
0.0168370008065446 0.020705702206104 0.737636043109251 0.203396978767132
-0.0334277181334584 0.0118954413194258 0.218134877680899 0.833010346010869
-0.00138127820546209 -0.026681998876148 -0.316396642359379 0.51491577825377
0.0151638846466466 -0.0188893066095308 0.0472371453037691 0.0538259691431509
0.0105102416278756 -0.00629814783393828 0.282503707986286 -0.528290524619587
-0.00332924448778575 -0.0096356963143462 -0.340004585801664 -0.76934736185722
-0.00750027101666395 -0.0227861957553873 -0.801037430544336 -0.0471120085292474
-0.0276521866533429 -0.037849118123509 -0.305238730465189 0.563631016251765
-0.0194541688093281 -0.000614137597102462 0.201666326750704 0.378356787303046
0.0142994086050865 0.0247142444868686 0.199353076567456 0.0106442268581484
0.0205305798863008 0.00981046672431926 -0.00492960040654285 -0.188882188541308
-0.0051275675646037 0.00682545972727626 0.0222591501679824 0.154697668695246
0.000570450994188133 0.0113091713318924 -0.142496043045047 -0.0382805389887751
0.00362061393768975 -0.0104776983971823 -0.103775673419632 -0.412943365535378
0.011291742130248 -0.0320025424721207 0.398330342952429 -0.410577187655537
0.0194936916040865 0.0216257679851524 0.727947260613239 0.230391268166624
-0.0317628671374099 0.0161480811282585 0.189212328023057 0.84195849130657
-0.00579879294637829 -0.0157959168215947 -0.321907528567723 0.502926588823166
0.00766010072405938 -0.00828467035402572 0.0604077125722719 0.0455666980907263
0.00781744088031778 0.00420540396040668 0.273378715789281 -0.537984026750988
0.000217583945298146 -0.00580297545688577 -0.365991213465483 -0.755893333523658
-0.00535805979260021 -0.0243312814990085 -0.801622228785729 -0.0192612699801917
-0.0259126976167613 -0.0358581627580682 -0.288802657401982 0.562929354305018
-0.0159141359879583 0.00410018046586948 0.211586717920178 0.364344872133432
0.0160251174873321 0.0266169920788825 0.200542422648265 0.00336874686064524
0.0225976775423046 0.0104868900734807 -0.00892316218472337 -0.18580096155711
-0.00333645934038932 0.00760477503963463 0.017035605539953 0.155783164825436
0.00134362389257325 0.0127861370700712 -0.142968692480595 -0.0385321439577468
0.00358722788313837 -0.00501205178477613 -0.0983414720057944 -0.417577893297938
0.016000669256448 -0.0301272764099514 0.40033813380425 -0.410574377026168
0.0261945236237543 0.021547331869902 0.724449501471391 0.237398662691062
-0.0282815570634575 0.0228861769857827 0.180772530874267 0.846587987349367
-0.0140788644918563 -0.00176602467432972 -0.319403102091912 0.501473808617296
-0.00461069207348743 0.00357979416376688 0.0688776339532155 0.0421194133036623
0.00404550929737701 0.0163989385875942 0.274923861375332 -0.541907732155727
0.00563316348532436 -0.00143839968842671 -0.373761982280335 -0.752582894880596
-2.69532737181607E-05 -0.025708126517579 -0.805271131840772 -0.0162486904624058
-0.0218246361059244 -0.0342992443420723 -0.286045664089926 0.557254524612173
-0.0147664689818089 0.00853545819683456 0.214913810547044 0.355896603256477
0.0165829094680492 0.0282499748798404 0.200127881429188 0.00288144018676087
0.0243078294645134 0.0111456802164029 -0.0129749565362574 -0.184516657076333
-0.002420139905487 0.00781635364601139 0.0138833584163208 0.156392045767899
-3.41039983856083E-06 0.0131564911868586 -0.14398059187554 -0.0345707476923553
0.00476294722718532 -0.00310611564578018 -0.100284645141736 -0.419623745205077
0.020964515884709 -0.0290773197619823 0.392599703203116 -0.4235381056281
0.0362566589547772 0.0214230877595395 0.724203623450009 0.219174241727593
-0.0226848615411151 0.0321736471641804 0.193452863424029 0.842741709050497
-0.0233957720665003 0.0121605247037939 -0.309237087010981 0.504109634099626
-0.018669113379442 0.0163014659249369 0.0712441748329107 0.0443140420252357
-0.00163864789305179 0.0289564448414308 0.283143413197628 -0.542199798775017
0.0129759650496712 0.00376563892506596 -0.363986034399535 -0.763202941964006
0.00955806471863379 -0.0270839866127039 -0.809442729013623 -0.0359206522420421
-0.0167573153015436 -0.0339368151389334 -0.298819192777988 0.547359057432588
-0.014397982491023 0.0103519835613676 0.208523959131994 0.353886584116584
0.0151072443703367 0.0271011138584794 0.199604796986469 0.00616275531593727
0.025111149745452 0.0110303049490876 -0.0158437126885961 -0.183041275490002
-0.00268354757465966 0.00763947717128552 0.0116811956830953 0.157524937100066
-0.00174776157115623 0.0120797589358022 -0.147556550388942 -0.0265848314006511
0.00214365675059883 -0.00209822254697386 -0.112278282368611 -0.414141534327293
0.0266100583549908 -0.0295160739451546 0.374750497927541 -0.440153148781062
0.0479989862618371 0.0203108499313817 0.730268836447476 0.184617912091077
-0.0158408234576427 0.0406930345415676 0.224904369947552 0.827883839682576
-0.0319237504166856 0.0251332269249052 -0.296528495766494 0.514638534983377
-0.032088908341459 0.0266925295903485 0.0674796904636405 0.0519388782408121
-0.00796964656640266 0.039833736356776 0.299481018449852 -0.530522334437713
0.0202887324429833 0.00962813741333898 -0.333380046594904 -0.782757685655476
0.0202826119722389 -0.0270142012819606 -0.813578742265318 -0.0725477628815121
-0.0100671618941682 -0.0331666518444965 -0.321194552961367 0.532493453277444
-0.0178490653409681 0.0115549564839032 0.200595429027768 0.360490437459828
0.0118270015897922 0.0266635257269546 0.198270477142935 0.0142711582944376
0.0252885481776846 0.0114547899769995 -0.0174869396711422 -0.183783011762773
-0.0141743078314963 0.00358235885797432 0.0298916885647778 0.152950425253676
-0.0104125562684543 -3.17328108974443E-05 -0.155341612417544 -0.00467217736224518
-0.0129390654321488 -0.0251064474450088 -0.167093967561131 -0.358413680848822
0.0116653454425446 -0.0384591705828446 0.311033655548893 -0.452724170853962
0.0342543443453871 0.0185125813347827 0.751031332816113 0.0624952388292402
-0.0260743837495074 0.0199811451495012 0.346645038639857 0.758555714983716
-0.00965437469589105 -0.0304130389565233 -0.265775707071111 0.556546869067952
0.0099593670038172 -0.029062029400972 0.00151185947943206 0.0936278517842337
0.00689311317586411 -0.0147572003918199 0.330433846932684 -0.463340635966147
0.00266419881688958 -0.00648450613584447 -0.18683564600611 -0.831162547533858
0.0109174409969093 -0.017786966241193 -0.775943002598393 -0.213159822842266
-0.0164683004071038 -0.0441070156176582 -0.405288580933897 0.510352820435564
-0.0324915355760181 -0.0157179626834158 0.144665016347209 0.428640386158459
0.000323063476725298 0.0141818412523735 0.190458939471417 0.0502839237100645
0.0116659333271104 0.00863423488250818 0.00797686744279677 -0.189479763680426
-0.0125247928029414 0.00350425476247711 0.0306993268721489 0.15220439633461
-0.00694462428711227 0.00302603721404542 -0.151378719373511 -0.0154206921999407
-0.00928423239474095 -0.0241295405257731 -0.148194629154635 -0.372709717131
0.00886924931087589 -0.0366282695611307 0.33849513259067 -0.436507983067444
0.0245768674614598 0.0193272625501313 0.748231758773576 0.116148249325374
-0.0315855043310182 0.0148473170638543 0.299681452672135 0.787027430309892
-0.00297680001568619 -0.034179061113025 -0.286944674919822 0.541067927755633
0.0170981533753009 -0.0303993660323597 0.0141257162248579 0.0795562887263858
0.0111730561376858 -0.0165246436671707 0.314596856703715 -0.48568791063253
-0.000993143961144305 -0.0105067233188692 -0.239472769987797 -0.812720228393314
0.00147697651441384 -0.0197223035882118 -0.785137746513139 -0.155832752617021
-0.0223269665412296 -0.0419589267405379 -0.371433856303418 0.531512410123024
-0.0285130628351574 -0.0118165890558302 0.163801707586882 0.413042479393289
0.00504948710017268 0.0179482198026798 0.193683673367432 0.0368991996292954
0.0145096428074758 0.00905299223422477 0.00457588049221704 -0.189806282363452
-0.00970268098150888 0.00523817014895612 0.0282528978706591 0.153055371653065
-0.00403857086360435 0.00621884537999543 -0.147808975682229 -0.0274809062108982
-0.00338222939284557 -0.0192625769481409 -0.129726042140152 -0.388518448991937
0.00773040164783675 -0.0347856488079159 0.364786357696523 -0.422151955026502
0.0183745982439827 0.0199589472751628 0.740855923090701 0.167044707074437
-0.0343064981207919 0.0117201689087175 0.251389572459425 0.813108802680889
-0.000385658156298107 -0.0336514015905 -0.307198539958325 0.525670792436874
0.0190241151650762 -0.0269577833562054 0.0304903899836905 0.0658166865175979
0.0115816876399736 -0.0136252788861261 0.296876710358183 -0.506146858886923
-0.0043275107466547 -0.010396320809759 -0.289486605201825 -0.790267520149606
-0.00480034244776074 -0.0217780723731895 -0.791298074778078 -0.0966274139464813
-0.0263017967810407 -0.0405017935519201 -0.337139080740503 0.549861472941645
-0.0234368425007862 -0.00617987864119296 0.184706740757838 0.396238438040806
0.00982915316215051 0.022320343991051 0.196571142213907 0.023441741650461
0.0174752499688307 0.00998236191716584 0.00156561572043544 -0.188697818043839
-0.00744946449448224 0.00524209191466472 0.0248939774818444 0.153570788682008
-0.000518454793233417 0.00847109725477759 -0.143702631066622 -0.0345236729328124
0.000643493921571826 -0.0148684759902943 -0.111586727204458 -0.402242153015385
0.00846901652508056 -0.0332679557762249 0.385942781688181 -0.410777107380411
0.0164559243440492 0.0208237590459795 0.731434528422426 0.208564240309611
-0.0336252527858353 0.01251708145961 0.212018869113751 0.830419093008153
-0.000974562565196475 -0.026588627360569 -0.31854037603357 0.510090057706208
0.0162156820664466 -0.0187343744541013 0.0457417271382715 0.0541704033028541
0.00978583774843248 -0.00569583710291408 0.286317966644163 -0.522934132312873
-0.00282156063362283 -0.00860263927934116 -0.331389780056048 -0.769520447532299
-0.00683331032706752 -0.023133130203566 -0.79647185200974 -0.0540616634245568
-0.0269164715295552 -0.0380375967062885 -0.309977193656996 0.558580189917327
-0.0195218576452964 -0.000887327146560845 0.199994053464588 0.378153104068312
0.0134695714098534 0.0247429169831107 0.199148016788519 0.0125629948720228
0.0199918843960101 0.00993091897579163 -0.00389343796439981 -0.187673261333152
-0.00464211834420004 0.00637177435775914 0.0193381521691141 0.154289169853794
0.00163839048568683 0.011643653258953 -0.14201343316911 -0.0391264365848155
0.00320005367535161 -0.00961403732165792 -0.0993960222652374 -0.411089050876066
0.0113931262436941 -0.0317602880652454 0.398905957586568 -0.406943050849682
0.0190718042012327 0.0204629995356539 0.722627301632683 0.234355641289498
-0.0315061532850756 0.0157304889872393 0.182029172379978 0.84194995729589
-0.00571571565475091 -0.0158303717740223 -0.324245830581529 0.500365794802432
0.007390577622936 -0.00824184135425596 0.0591944453789294 0.0457109272255376
0.00768284107875892 0.00392156839919967 0.277543839463967 -0.532909982428717
0.00021000190382045 -0.00548233845808088 -0.358981092484869 -0.756165547622339
-0.00576399306378681 -0.0242558175882741 -0.798093266902337 -0.0266076605255774
-0.0250030141425197 -0.0360898832176689 -0.292397673226842 0.556959532839221
-0.016143543413417 0.00401378407467515 0.208838255772977 0.363090788024412
0.01586179513041 0.0272389201163915 0.200302610898687 0.00601147416521139
0.0225808447999436 0.0106133284635677 -0.00715334834959065 -0.185395781342995
-0.00421621078964575 0.00801231302928628 0.0148534539003274 0.154118509870256
0.00100584832106826 0.013245144904566 -0.141682403817676 -0.0401087141196069
0.0053759885205231 -0.0051910493658147 -0.094808711281773 -0.416905064889441
0.0153800337237363 -0.0290315552841845 0.399485771529868 -0.405834596691014
0.0255121427754697 0.0212394545554322 0.718095404054706 0.242288301075179
-0.0287644647808831 0.0233236599301922 0.17397366931068 0.844317515135575
-0.0141105561629796 -0.0015675479190639 -0.322858851000797 0.494352777254427
-0.00522833986320176 0.00469384770789964 0.0684513008499802 0.0420574627769519
0.00365827544585614 0.0163904551907388 0.278622315020152 -0.537265836000428
0.00514133813624997 -0.00137354756718777 -0.364055873930085 -0.75285531644927
-6.77923975211138E-05 -0.0257104872695576 -0.802342088095481 -0.0236145029897659
-0.0218448315875363 -0.0345943533015503 -0.288673770730612 0.552702972685582
-0.0147868331295276 0.00857905378325067 0.211144324409946 0.354369344428264
0.0162954639357672 0.0277884223916677 0.199593728032114 0.00431816871682197
0.0241484477509526 0.0107098865655064 -0.0110373070521005 -0.183628739688262
-0.00301846146976376 0.00770002807106083 0.0115196604395886 0.154867797490397
0.000386582575679508 0.012830991467587 -0.143607298688516 -0.0364589504499238
0.00455165188088569 -0.00255440582275237 -0.0978027820534911 -0.418170441107554
0.0204551225622717 -0.0289289710835776 0.392336999064572 -0.418037695398765
0.0353752284390901 0.0215507918958152 0.719585556337691 0.224378335574277
-0.0232795757884063 0.0318893342890909 0.185289095305523 0.839724277392833
-0.0239569189239069 0.0119824102148394 -0.312807201416993 0.498055354794051
-0.0185729015804849 0.0162062649594092 0.0701520758766367 0.0456183150416839
-0.00192071306945679 0.0287827424806915 0.288507155134854 -0.534050595511754
0.0125582383439748 0.00468635125252293 -0.353439925378237 -0.762701349682475
0.0094247146756128 -0.0272318607855417 -0.804271431893012 -0.0414998597579601
-0.0161997638803147 -0.033929119852308 -0.299574059930471 0.541118612797701
-0.0152916295941706 0.0106481117315543 0.206622478965058 0.354378003834949
0.0147675291506944 0.0271350263855303 0.198977580317498 0.0084484451378396
0.0243117418323902 0.0100783317548384 -0.0137463303998814 -0.182457198751307
-0.00313602242334586 0.00797708075168705 0.00937027079987396 0.156806753523466
-0.00177079756751348 0.0123112788783712 -0.146345544823079 -0.0285752927567987
0.00255688362996627 -0.00135246590485764 -0.109551630148457 -0.413161585028109
0.0255359003378124 -0.0292758353963082 0.374247898846055 -0.435768418861863
0.0475888937482179 0.0195131951397031 0.725657293852765 0.190642160304845
-0.0160200505287796 0.0404097033154484 0.216440846950353 0.82665437757864
-0.0324002768895153 0.0249698651427738 -0.297382469347122 0.508839926420609
-0.0320600284375113 0.0261901924503954 0.0664543422234101 0.0523372161018892
-0.00857185478514968 0.0394658011009971 0.302823198881333 -0.525560170618734
0.0193686496166479 0.0103867691241549 -0.3265739662193 -0.78355999020115
0.0195074398825722 -0.0264532449132003 -0.807502818010813 -0.07875009537045
-0.00911721416010568 -0.033639544827609 -0.322728584035109 0.526755251785958
-0.0174374407184991 0.0112461635396268 0.197215611820234 0.360404400656789
0.011452140710928 0.0256475773875268 0.19735401258483 0.0160999097413059
0.0244116351662404 0.0103787791957581 -0.0163549818041737 -0.182197883613729
-0.0142471261610045 0.0045134928419145 0.0268350762585362 0.152215705953363
-0.0105024076429114 3.82244124105553E-05 -0.154718217730479 -0.006796681875022
-0.0135315486159202 -0.0248527254456323 -0.164652975601813 -0.358921792179549
0.0113858527399522 -0.0379606484533903 0.312409413383958 -0.448183059773361
0.0350256039873478 0.0180121841413313 0.7481351673487 0.0704274700391637
-0.0263293258560357 0.0202033090453159 0.340001770747373 0.76174483548609
-0.00871221553961635 -0.0304872882772048 -0.270756594769214 0.552149359720993
0.00996759405375824 -0.0293785103530759 0.000521127309276087 0.0931200499858738
0.00744186929740437 -0.0151787747024606 0.333068214151946 -0.457003115570609
0.0023046054799095 -0.00635801048302083 -0.177795737708481 -0.830885759304386
0.010539193621818 -0.0174313530416062 -0.773443482450426 -0.221109617419757
-0.0170057746888992 -0.0440604827222122 -0.407838901148755 0.506862451356693
-0.0316488276136308 -0.0157036951217089 0.140878519744649 0.428749456025163
0.000535824913814202 0.0136423081736325 0.19005151631272 0.0513572370502404
0.0114863875100681 0.00738545405805282 0.00870330030657825 -0.188678531316866
-0.0121225436813109 0.00451405789066719 0.028447201420717 0.151778495140341
-0.00634799701525521 0.00282537985974995 -0.151480513757073 -0.017490094156802
-0.00830176619339799 -0.0222676351017086 -0.145816394201518 -0.373643186880578
0.00857931752577423 -0.0362625829921465 0.341572191435186 -0.433202479598886
0.0245384635306048 0.0194237641793542 0.745372488941759 0.123239299297771
-0.0312025767722552 0.0140727211439936 0.292011256672715 0.788866986970436
-0.00336711064021223 -0.0340952613324124 -0.291121754925669 0.536987823886862
0.0178789354998473 -0.0305454283430244 0.0135596323739059 0.0797519107623213
0.010942947175541 -0.0161983660723255 0.31734454074657 -0.479609856572549
-0.00111235113759401 -0.00967880430765135 -0.231340558930471 -0.814186446046133
0.0017282089716875 -0.0204874277515005 -0.783618757188564 -0.162229335793462
-0.0219804068608489 -0.0436294063300508 -0.373839451559875 0.52914091650668
-0.0276063856766617 -0.0101850238865633 0.160432435913428 0.412013208176342
0.00498991354294004 0.0179492059419363 0.193662972729676 0.0390606496929659
0.0139492189581706 0.00859394081349329 0.00588131913668623 -0.189090120196413
-0.0099867834212684 0.00520269884354547 0.0263254657789941 0.15287400578564
-0.00351486881668991 0.00510310797396753 -0.147340343283152 -0.0287533411192983
-0.00389860347004726 -0.0198494100657674 -0.127643792118982 -0.389381382025213
0.00728770763675678 -0.034602385012072 0.367033779397706 -0.419078949570149
0.0184600160834851 0.0199812144211234 0.738592525730075 0.172999655421992
-0.0339782733757388 0.0120773836371252 0.242616987706878 0.813252524358777
-0.000772254436778884 -0.0331304626281117 -0.311877924136304 0.521850305675893
0.0190903003020347 -0.0266647978657502 0.0291507174743606 0.0658038422444916
0.0120817959952265 -0.0137981223552106 0.300725714333645 -0.500423067005452
-0.00376899935335907 -0.0105191355885898 -0.281605648665226 -0.790087717119443
-0.00515643451570194 -0.0218906203155166 -0.79016750980471 -0.105774112032215
-0.0252999095778838 -0.0405974980683853 -0.340606621418413 0.544678230217564
-0.023004699960825 -0.0064268130361364 0.180758086721876 0.39623315623041
0.0101566204434041 0.0207790333635253 0.196972697758558 0.0250068772285835
0.0167371414757763 0.00968283368878456 0.00303735065695912 -0.188933447937578
-0.00755374840200538 0.00517413374059583 0.0225680556019343 0.152764229571338
-0.000929482594085934 0.00887626172130653 -0.143445167849405 -0.0363246667228923
0.000368820342438844 -0.0149169761069643 -0.109194345752208 -0.401317901191312
0.00752361337005188 -0.0328279318876451 0.386352116682185 -0.407112181650861
0.0156324761295786 0.0203584021294444 0.729019965601327 0.215284531210927
-0.0333582274531194 0.0124584651462408 0.20319037436594 0.831463884551053
-0.000952254005895419 -0.0267598815577012 -0.323484631488845 0.506785879125483
0.0160973475590127 -0.019348656287716 0.0453625060291037 0.0543622553235767
0.0100363050592146 -0.00590764861466416 0.288833183404792 -0.517887981856369
-0.00335662469302997 -0.00881747940800096 -0.322995363581114 -0.771599669512105
-0.00710637808209683 -0.02333200855202 -0.794286890264533 -0.0606682451482038
-0.0264481259015021 -0.0388570672780603 -0.312976265770731 0.555275563308702
-0.0197346645940788 -0.00141397222889846 0.196734798133077 0.379450761056573
0.0139879439361726 0.0244570813450965 0.198845803933271 0.0143710100855884
0.0193403612708627 0.0093723798546689 -0.00168457256863672 -0.186016828601284
-0.00575992981358151 0.00766319449012177 0.0174343020152066 0.153687269257186
0.000425812490302725 0.0109193360142367 -0.141615782609129 -0.0407254362723404
0.0031312556953687 -0.00972512851120363 -0.0968868039239705 -0.410587028155912
0.0106922148013473 -0.0313676083371561 0.399407226278699 -0.400899670523221
0.0189682621576748 0.0203381736686924 0.719299817349419 0.241727771219374
-0.0313352977682366 0.0163064314847987 0.174430423235341 0.842582265934809
-0.00639914690461694 -0.0156009429308506 -0.327473305439504 0.495549494550153
0.00781201474651063 -0.00800815034958275 0.058363183290507 0.0464904484720423
0.00666283838256893 0.00354062587045975 0.282859137108545 -0.528945944142523
-0.000152757687929661 -0.00554263655731697 -0.348591902853164 -0.757719600790167
-0.00516731815443706 -0.0244483102374283 -0.796223256081104 -0.03339248237144
-0.0250194803761002 -0.0361737950215304 -0.295888645847749 0.555768505758312
-0.0159783224590922 0.00349336381333517 0.206590136341467 0.364028617296417
0.0163567105361324 0.0269003464259685 0.200193153992616 0.00745909681072233
0.0218294116245831 0.0102438060508949 -0.00455990655558502 -0.184545711156428
-0.00429990000587694 0.00847011837800815 0.0131272667512438 0.153762513553074
0.0013835016012855 0.0126758289883366 -0.141194200846214 -0.0418195258804398
0.00503565403528 -0.00460474819313811 -0.0927667298158679 -0.415670218006884
0.014741348864661 -0.0284262000224225 0.401874535788678 -0.402414269590464
0.0253978116936882 0.0206030700839463 0.714780632453152 0.247800275531891
-0.028376797021212 0.0230119032137233 0.166879563940765 0.84525204645285
-0.014365282762087 -0.00184436055637273 -0.325797249439648 0.490035024186481
-0.00459853615960775 0.00389013469777586 0.0667330996709607 0.0430010340540241
0.0034402070732771 0.0162269690511259 0.283670779019638 -0.533501518172425
0.0050867968809603 -0.00161825425969124 -0.356511302779116 -0.755918309096654
-0.000275541232697614 -0.026283464994542 -0.798571475158519 -0.0302591855383528
-0.0212025148784028 -0.034722467081865 -0.292900074721391 0.548606987184017
-0.0142059952022078 0.00784507107191546 0.208032210410471 0.35500619711393
0.0170701692145233 0.027365112472492 0.199683080680116 0.00660175211345416
0.0237819420769182 0.00977467720364465 -0.00931150456481576 -0.183560740696916
-0.00381137963677954 0.00869866650504615 0.00988869887127367 0.155151805522503
0.000454054922968297 0.012802178267629 -0.143310128041689 -0.0372724758880126
0.00467238002828328 -0.00228316812838198 -0.0957374851013231 -0.417617141884073
0.0205035512720675 -0.0273718690398524 0.393250682135015 -0.413315945046408
0.0350336629002709 0.0203880270752204 0.716769551621345 0.231805725877211
-0.0235640713046696 0.0321431444872508 0.179840879776902 0.840247415705172
-0.024121921572987 0.012451689086678 -0.316009423601249 0.494995118035359
-0.018862722569242 0.0162164828861379 0.0683031514808169 0.045932309806436
-0.00248963659369897 0.0280210638974371 0.291789317857893 -0.531405400961075
0.0121077615115977 0.00479833557752787 -0.345036752334508 -0.761509602115
0.00986016147825498 -0.0267818361357137 -0.803135479522386 -0.0483913470837984
-0.0151438174164664 -0.034036693019163 -0.305023734867352 0.537975203598338
-0.01514161891744 0.0102041089368145 0.204068299573841 0.354327350123684
0.0147476914936236 0.0262186004660933 0.198231473613182 0.0101853403719146
0.0247395910573 0.0102480712491003 -0.0108109949247326 -0.182334473607202
-0.00390768156486974 0.00783588524119735 0.00721771418030458 0.155857962284241
-0.00148077779306202 0.0125586533426802 -0.147239434170306 -0.0293035657935361
0.002777071060488 -0.000670513141574045 -0.105802590073547 -0.413528221758456
0.0255850151244369 -0.0290103232200537 0.377271751660828 -0.432808559028755
0.0469712047808213 0.0196051624467812 0.722052336863839 0.195185110656972
-0.0173898518252694 0.0403803663361533 0.210078144882719 0.827181589847912
-0.0325842635722973 0.0244947323058285 -0.303998582817115 0.504366705882502
-0.0331509994912397 0.0251942089934772 0.0653545685364165 0.0527774395929102
-0.00938347665213296 0.0389765958800905 0.308899169636793 -0.519564824937933
0.0184582976613682 0.0108872606248712 -0.318198640829108 -0.783391133065858
0.020645749983176 -0.0268126210281335 -0.805719876873237 -0.0864978009342954
-0.00997736720563933 -0.0338504609158043 -0.326909625058799 0.525329874633496
-0.0178298126391361 0.0114986257555673 0.193948858045852 0.359445319717625
0.0117563611550939 0.0248378616719267 0.196524835869194 0.0182001904068405
0.0240698360153642 0.010320464213845 -0.0139803484557629 -0.182126818950771
-0.0146989294452214 0.00439180226867789 0.0265520624559061 0.152195737285274
-0.0100808563055809 -5.57312367474288E-05 -0.155413788950948 -0.00763589441317408
-0.0134391019055608 -0.0244931574977957 -0.163131175693482 -0.360248711330672
0.0117071133719846 -0.0377941516301041 0.315207271333832 -0.445834001676951
0.0337364846894079 0.0179731679364625 0.748445610213212 0.0763923931556895
-0.0264686101806985 0.019984721036213 0.333202611079104 0.763149208221229
-0.00925854746012652 -0.0293869646302462 -0.277507480016712 0.548819974145471
0.0105054754341863 -0.0292628210208285 -0.00158319498588804 0.0926431718373546
0.00720544502947521 -0.0154206411769602 0.338775897523418 -0.454489660443084
0.00254639666317003 -0.00644674683230637 -0.168592704713338 -0.832686121857473
0.0108871065626826 -0.0180333571345887 -0.771728420758005 -0.228862390751694
-0.0159459058853266 -0.0437321655342643 -0.412740590116075 0.502408286897597
-0.0313320452015788 -0.0155233382504295 0.13675178688778 0.428428082579677
0.000995278802934057 0.0126377392282195 0.189905776214481 0.0542462131329093
0.0112797380445561 0.00815954030866505 0.0108781058796256 -0.188988566558052
-0.0123346774991191 0.00488846883700331 0.0273051270102544 0.151486438320641
-0.00640368939241867 0.00334354884313449 -0.150466191858686 -0.0195666812574357
-0.0076907989819957 -0.0225379117620628 -0.143735467205042 -0.374920175483514
0.00833362775330007 -0.0360556428954037 0.344215638627222 -0.429882837493123
0.0243896512986399 0.0191421189718619 0.74450284424369 0.129278876477699
-0.0321215892222769 0.0136496445014977 0.286331663631536 0.791374975752192
-0.00330151330594258 -0.0343586696391389 -0.295124218322392 0.533473063629289
0.0178483719792493 -0.0305586039252763 0.0117831042373192 0.0799622338366413
0.0108614320110157 -0.0166931219567645 0.321902085631339 -0.476178455629686
-0.00140753473821011 -0.00959254154793589 -0.223415054548953 -0.816282138399741
0.00108943290014788 -0.0198438538373537 -0.78139012084784 -0.169656582015172
-0.0221436294685603 -0.0434805018946108 -0.379186232737391 0.526822407889276
-0.0282074950117645 -0.0112149443451897 0.157729322817518 0.414045514255013
0.00545512719359168 0.017437354589299 0.193350401562263 0.0404085728922436
0.0134309997983311 0.00935917984823055 0.00889035441181679 -0.188652610170172
-0.0103068394742797 0.00550166785134816 0.0243004395346879 0.151853039465496
-0.00318310642931895 0.00622996207243397 -0.147247784385393 -0.0299175283995635
-0.00311461853716426 -0.0185391680705997 -0.125739790742539 -0.390015405563387
0.00695721394009637 -0.0340979941075166 0.369645146305179 -0.416924274918223
0.0178061151107691 0.019814535025801 0.735150188852422 0.179314325276401
-0.0346868461776452 0.0120241800237195 0.23746187481042 0.817054376091238
-0.000136837052413016 -0.0332517155800205 -0.316412727926194 0.518570741025954
0.0205895213310909 -0.026242577806602 0.0274116668821798 0.0656565969605957
0.0119653159878341 -0.0139771813836363 0.306149562004359 -0.497132981499731
-0.00394440244367898 -0.0104193032120719 -0.274510819610714 -0.793275100586664
-0.0048634639671594 -0.0217800735552118 -0.788451015307986 -0.111154391717938
-0.0256130716657886 -0.0412757591423072 -0.344786748554139 0.543850855596483
-0.0229847391504511 -0.00636682232041594 0.178640809550168 0.398174075982896
0.00988351654766897 0.0203998045448043 0.196745461031166 0.0266583056099976
0.0156808015755322 0.00872178337241732 0.00578206177231827 -0.187791326546297
-0.00782164904723604 0.00604271422976192 0.0208216273346309 0.151527648628724
-0.000277741654616266 0.00905615975328777 -0.143317311250372 -0.0376103480440705
0.000836247720486395 -0.0135758474174999 -0.108623188525386 -0.40301144585995
0.00744020433463449 -0.0317667220246988 0.390645835693796 -0.402058552894311
0.0152389673792425 0.0197712870436108 0.72551407916853 0.22223515805329
-0.0342007640331573 0.0120016529503381 0.19737953164404 0.834835405764753
-0.000464859006536249 -0.0264673263153367 -0.328085437043082 0.502378617265688
0.015945681436189 -0.0186045223653097 0.0441039505022113 0.0545669137322886
0.0107178212381452 -0.0068038858775474 0.294765381741016 -0.515338122776191
-0.00365400747029875 -0.00897054110502269 -0.316514550760623 -0.774163692770171
-0.00762822149580241 -0.0229923438021818 -0.793177129631753 -0.0686013366453658
-0.0263579054155194 -0.0390444593115554 -0.317941834977118 0.553064255763431
-0.0201532191193241 -0.000594084290807645 0.194509665725331 0.380486114495229
0.013256899309196 0.024092913675413 0.19944838514332 0.016573645945189
0.0198844667940692 0.00904702404983317 0.000268874913474759 -0.186052598001213
-0.00539613139145421 0.0079008920867219 0.0154873973114765 0.152455796162895
0.000892682456222293 0.0119887099324645 -0.141269060050705 -0.0425410663640857
0.00329805110397993 -0.00857408916449401 -0.0953646095626376 -0.413440587757512
0.0107191191311034 -0.0306265126717739 0.402030562334183 -0.3983693670599
0.0183704594841397 0.0198619936432065 0.716510394355292 0.248299764029011
-0.0313177441227661 0.0165188487304494 0.166707936381075 0.844472429067558
-0.00536445850057122 -0.0148673361771214 -0.333052397047451 0.492513552251038
0.00840354991235451 -0.00786439320985402 0.0575406357413962 0.0465566623013882
0.0069522603106215 0.00301141115932607 0.287516092025451 -0.524645044420458
-0.00023423048993846 -0.00480251520886307 -0.342035976491928 -0.761179645374859
-0.0054167703164597 -0.0241846535684422 -0.796699815743482 -0.0404938046591408
-0.0245066152644438 -0.0362984221421986 -0.30131101024697 0.554046655033054
-0.0158930873882692 0.00358807403768551 0.202715742055002 0.365311939214969
0.0167395271499171 0.0260126439206195 0.199550227698517 0.0096359751176247
0.0214978712579514 0.0101303105198989 -0.00253239275005924 -0.184827740686757
-0.00385187743409881 0.00786958220689742 0.0110978081876437 0.152360652282135
0.0011580971165634 0.0128074128964026 -0.140987237380913 -0.0427016372383568
0.00506798208972903 -0.00401517458402085 -0.0902825634806695 -0.417878697919208
0.0149563715729934 -0.0288939032461995 0.403431423302079 -0.399869541563771
0.0242480991922148 0.0204987750620055 0.710817729091813 0.253987925105971
-0.0279957999630343 0.0232846555644437 0.159789589497096 0.847135723563049
-0.0132227213239601 -0.00192600117106806 -0.332222146434431 0.487637415298725
-0.00386479000675498 0.00372370956766677 0.0656427425898175 0.0440889937314452
0.00178624861968387 0.0154331745667163 0.287118214796356 -0.528582746134263
0.00522633923335256 -0.000956268309347747 -0.349593339726233 -0.758793942959553
-6.02086733884309E-05 -0.0259986327183959 -0.798819810194762 -0.0381584578955985
-0.0210881766021235 -0.034413951081172 -0.296567996421048 0.548114194663532
-0.0142166032852866 0.00778033386437105 0.205111986757413 0.356641281100667
0.0162589456913593 0.0269176563052678 0.200403243200863 0.00869847092654834
0.0236421978438823 0.00993362228429493 -0.00700279763691858 -0.183616918441175
-0.0038825226344789 0.00901554148018691 0.00741439147041229 0.153559259972207
0.000896138457652641 0.0132036531654899 -0.143191267366933 -0.0391007938649629
0.00539505847835712 -0.00206062853627056 -0.0924314798740151 -0.416453779312863
0.020648032826601 -0.0277539488187432 0.396417283883997 -0.412069657263505
0.0342522421124006 0.0207446189675388 0.714248891422152 0.23683478072669
-0.0236194172251329 0.0310817341317086 0.172032062566257 0.841506733334038
-0.023468016454535 0.0116800970231849 -0.321381027805235 0.492336772028993
-0.0186568483157221 0.0153398255087994 0.0679630126242859 0.0466323727634593
-0.00291247093195814 0.0276678619772847 0.298535032004265 -0.525719744559206
0.0122035227092756 0.00543028662042735 -0.338036996219812 -0.76826157896589
0.00951394199125973 -0.0268929794203958 -0.80167817436932 -0.0570750329181903
-0.0155578462611804 -0.0336392005434173 -0.307979643249409 0.536473123604521
-0.015549572753135 0.0104370749351461 0.20260081955628 0.355843728441746
0.0148769907867309 0.026244765778023 0.198426154166967 0.0117374480503545
0.024449399633924 0.00984560361941296 -0.0100554211750245 -0.182492853253658
-0.0044099920879655 0.00838622255184001 0.005364308999538 0.154945885130259
-0.00192043890127213 0.0128760860458939 -0.146609523045772 -0.0313633965262451
0.00314467435797346 -0.0001193928776256 -0.104060737571519 -0.413972908771044
0.0256054868726718 -0.0283671941282878 0.378276281425698 -0.42902163806047
0.0466127192131543 0.0194730889790955 0.721001973729379 0.203087556949531
-0.0177233703364966 0.0406453367604153 0.205405981028242 0.829095309431456
-0.0332051824813515 0.0240841911101667 -0.307207197784591 0.500951472854038
-0.0321316440078515 0.0248040197156903 0.0644935856244832 0.0535132538793375
-0.0101188172014115 0.0385829988057051 0.313048237791203 -0.516703892379958
0.0180939149729993 0.0109718737874749 -0.309024546297165 -0.786774782193059
0.0207434884410786 -0.0268007159638642 -0.805049742202527 -0.0942459648097784
-0.00969124194395095 -0.0334739356810315 -0.331852901163318 0.523469839049379
-0.0172017743083798 0.0111568747083381 0.192430701153189 0.362259771026216
0.0121169326393737 0.0246432449131571 0.197708655193133 0.0206308052499643
0.023743796942372 0.00883975720165051 -0.0121394902653546 -0.181676689039937
-0.0152482097480821 0.00521330587349568 0.0253289707898297 0.152113097730146
-0.00973237537957044 0.00149618361091814 -0.15471963897552 -0.0095790142749127
-0.0129171219837077 -0.0239673145373396 -0.160856213899498 -0.363299405541857
0.010039024244768 -0.0380935799463492 0.318266911781015 -0.44522865258026
0.0335080249377975 0.0179555420725552 0.748933661469716 0.0849382120294405
-0.026689208926954 0.0201029548240569 0.330068385040865 0.770125319512374
-0.00899887367430293 -0.0299419357465636 -0.282429160990833 0.549199073690166
0.0105070966909532 -0.0299500518897177 -0.00311948145532117 0.093444487140156
0.00785450766595945 -0.0154238919875045 0.34313528052721 -0.452065069062603
0.00198134027721291 -0.00635811111099718 -0.160876413225857 -0.836958056549647
0.0111180670492705 -0.0179274892498557 -0.771637816009768 -0.235575081957355
-0.016370674007365 -0.0446409191277359 -0.417696401826161 0.501310531044905
-0.0323390345566347 -0.0158960385465863 0.13577383825583 0.431981399640618
0.000530514808093588 0.0139636044194915 0.191838784938444 0.0563393321185012
0.0111474938745107 0.00739688088864618 0.013354616259863 -0.188954817957758
-0.0123388240808354 0.00416332632818043 0.0247735446794086 0.151594513121789
-0.00594023489074873 0.00309519450471515 -0.150861776691551 -0.0206944274205834
-0.00734342569247338 -0.0211726736449709 -0.142471278911853 -0.376825365724867
0.00773351908049525 -0.0364489141122731 0.347393543964066 -0.429705279915577
0.0242286884838459 0.0187808434745104 0.744311348078169 0.136403260809588
-0.0317328860031121 0.0152813941988935 0.282609883907111 0.796541076804498
-0.00306041196583342 -0.034101313930696 -0.303521430310266 0.533759743300368
0.0180100389268801 -0.0303374908231978 0.0107981064574676 0.0802566437766228
0.0110002736059106 -0.0173575013968439 0.329371333425287 -0.474132526711674
-0.00257645925961434 -0.00989230181980511 -0.216769491598694 -0.820570208383364
0.00105624158816612 -0.0203514716573356 -0.782566047654243 -0.179799926983217
-0.0218804473595544 -0.0431927263605667 -0.386052318512212 0.523890893491176
-0.0273510929469579 -0.0120644079894378 0.15507105079862 0.417736170954103
0.00508862346756921 0.0172484885946892 0.19373526293097 0.0428832554505315
0.0135168255343659 0.00823766432234613 0.010604986741512 -0.18964631165606
-0.010956887005561 0.00516820508208986 0.0220589950902604 0.152141075439925
-0.00330023081006541 0.00546977316466285 -0.14719536225739 -0.0312190901654997
-0.00253207217990986 -0.0175073112654968 -0.123948799006465 -0.392602268322745
0.00671973708131987 -0.0340705024867513 0.37256794378992 -0.413085211737966
0.0172829184920758 0.0195598100116727 0.735920547125486 0.186180051952977
-0.0338036098854789 0.011826303644237 0.232063753588123 0.81961771383814
-0.000188380805124851 -0.0335520099148463 -0.319712630161969 0.517008154623213
0.0204315697901166 -0.0259813504545842 0.0275831679399023 0.0656130422421423
0.0114879715033431 -0.013976706746274 0.312742511793298 -0.494129170043281
-0.00339780410307439 -0.0105849797522447 -0.267273067561986 -0.798150393127918
-0.00468789267349593 -0.0211820108447081 -0.789364995285047 -0.119668278011085
-0.0253199724690226 -0.0421221676312981 -0.351059438515531 0.542869847294
-0.0236295335364627 -0.00598897749659793 0.17673707693959 0.399774240760744
0.0108153966162653 0.0204059424178389 0.197590585795594 0.0293914711227741
0.0165143640249859 0.0082839013647835 0.0074651018559639 -0.188148808297781
-0.00809432423589223 0.00604668447154678 0.0188834503413212 0.150906616322186
-0.000184931309458396 0.00896345479374434 -0.14329967118266 -0.0395590613308525
0.00113474469403317 -0.0129933157410748 -0.104792542900727 -0.403749966821646
0.00795618406957387 -0.031805686846315 0.394271566296887 -0.401107358466986
0.015182650086013 0.0200111305898333 0.727160629091865 0.229732761815758
-0.0338416430191821 0.011938245301899 0.190512749445286 0.839279455039244
-0.000800753426930801 -0.0255902456951624 -0.334474049543247 0.501354009103217
0.0166568449567632 -0.0186507793010469 0.0431728022261176 0.0547256484006125
0.0100682977620745 -0.00715847088099075 0.300436815496959 -0.513293563056194
-0.00383375000548793 -0.00855484805445554 -0.310431894080583 -0.779927469990795
-0.00753661671084006 -0.0229252497423456 -0.796632552767702 -0.0765384629699255
-0.0260406966421031 -0.0388155852259062 -0.324922754457704 0.552898618189061
-0.0195264042500175 -0.00162380498314672 0.192045906287581 0.384387586898479
0.0141871763031768 0.0236211004470339 0.199898971481339 0.0187746131490511
0.0192468963742806 0.00905241800041671 0.002324898579343 -0.187373756996405
-0.00638948750816347 0.00790335076149552 0.0137351141578002 0.15227873311218
0.00112699023507736 0.0114354676358582 -0.141877421573855 -0.0439441946451229
0.00409047160012522 -0.00824678894232761 -0.0934652231654634 -0.414124113594852
0.0109090850016116 -0.0301206344961505 0.404791756557093 -0.396456120983172
0.0176625164118644 0.0198355777044566 0.717377805755878 0.254479251070358
-0.03190221446153 0.0162679276154303 0.161573386143922 0.848231581957868
-0.00543065847339231 -0.0148537062685686 -0.339130932873374 0.490355437277481
0.00804491718277925 -0.00883659404514874 0.0558658314078804 0.0478863022630684
0.00683058921670782 0.0035383845356462 0.293998387949894 -0.523222173910905
-5.34562715457515E-05 -0.00459056145181737 -0.335479528337391 -0.766181150171035
-0.00563125588041478 -0.0249777439898939 -0.797351450076248 -0.0475399900046188
-0.0247677124488731 -0.0364761657426792 -0.305775687109696 0.55484649197054
-0.0163536211460939 0.00360026859038231 0.200045944577761 0.369513640904507
0.015696755165918 0.025992605384173 0.201425183824802 0.011893895277253
0.0210210230456175 0.00960483393409905 -0.00122862317877897 -0.184738151765742
-0.00504436539782691 0.00850307412002341 0.00868627210265679 0.152552299468858
0.00211385974210002 0.0137280057994541 -0.14154958749718 -0.0442280588898598
0.00590695629115127 -0.00349940468378165 -0.088393156097329 -0.418819077852043
0.0145717843236641 -0.0279591622817414 0.409364837883514 -0.396568971821237
0.0253311042171187 0.0203604198367843 0.711374430393468 0.261032908389376
-0.0283256586330667 0.0232318959687652 0.153158754020954 0.849300074399595
-0.0144687983634963 -0.00159411314885771 -0.336877233465577 0.487422841474591
-0.00362767711791561 0.00369655287020526 0.0654017371645537 0.0438789876229678
0.00203148775247888 0.0154079744106389 0.29430083586444 -0.527166442319115
0.00491833028847953 -0.00107910565519656 -0.342194944972215 -0.763430902199152
0.000849987424865058 -0.0266552463038433 -0.802175345959688 -0.0438044139476832
-0.0211006646221382 -0.0349860990530547 -0.303399257151439 0.548096668726347
-0.0153742014195595 0.00791082490892113 0.20444316830469 0.359502955564425
0.0168416779719292 0.0264791032385471 0.200719324825163 0.0103996065074542
0.0224434429939191 0.0092843374073747 -0.0044225840129497 -0.183179220846632
-0.00413800069675457 0.00900596623248997 0.00571576063916041 0.153287371702133
0.00106961533378404 0.0127632446392375 -0.142880671634005 -0.0406195356306643
0.00540486590897437 -0.000496028769333523 -0.0895994124465821 -0.420502209958256
0.0194512050321852 -0.0270666171473263 0.399231641450679 -0.409945797880897
0.0342607296013661 0.019564500039224 0.714388960167891 0.243314715654225
-0.0232071489066263 0.0316115835850542 0.165799166143786 0.844351233740653
-0.0241310351919961 0.0118653144714661 -0.327228825848167 0.489131604953766
-0.0183484747058663 0.0158933816660916 0.0666354005229218 0.0470532696372595
-0.00414383255818883 0.0276209975980253 0.303034117329596 -0.524260354241126
0.0113393901723302 0.00451205847434317 -0.330850524895158 -0.772039861708481
0.00939025286985678 -0.0274573634425061 -0.805063857245147 -0.06308143068172
-0.0153803972004836 -0.0344388504841966 -0.313962034023195 0.53696532438278
-0.0151721833950233 0.0103349550364904 0.200399204847868 0.359124497127389
0.0148745154126311 0.0260778796391197 0.199005718062108 0.0148531361207412
0.0238829287906963 0.00937185678919901 -0.00684862987704838 -0.181872005008965
-0.00442454616681923 0.0102423742350126 0.00356412800993128 0.15459178803738
-0.00181087719939832 0.0125248451788405 -0.146856571186301 -0.032276886835496
0.00360258306179409 0.000273678843095659 -0.102286078091514 -0.415176501556913
0.0250229625179782 -0.0275300594038247 0.383302991198629 -0.425119168859489
0.0460779183580251 0.0196395491248353 0.719635117156654 0.209014850538723
-0.0174776850981608 0.0401368549066005 0.197911912834501 0.833381779317375
-0.0334849744915885 0.0249644235146448 -0.313238597982798 0.499343473854073
-0.0326028261341002 0.0245455876516687 0.0631222276494315 0.0542214040115624
-0.0110306203327342 0.038407527901685 0.319078845954544 -0.513864790670327
0.017923312651421 0.0113303034647649 -0.301851125390652 -0.793216177368073
0.0206959010978627 -0.02686617697162 -0.806672501058043 -0.100607452834521
-0.00886942879604737 -0.0336377834057805 -0.335693954232923 0.521293067857666
-0.0180309955051483 0.0110528197053994 0.189196993758183 0.364935737047782
0.0115376783505934 0.0247225779111722 0.198313417085523 0.0221977187278159
0.0226789579608844 0.00934513846131137 -0.00987222570783642 -0.18202951778367
-0.0157071352788073 0.0049842394314511 0.0227211248786775 0.151915040019435
-0.00953300624551686 0.00011072073045629 -0.155408375402489 -0.0115899933995942
-0.0122575162115279 -0.0229984045933524 -0.159490280600185 -0.366744361080766
0.0102714582635443 -0.0379715501816494 0.32420505870373 -0.445504999361342
0.0330836815528215 0.0175112787629113 0.75276426604678 0.0895463057916763
-0.0273802072327952 0.0216201465452935 0.326377710227168 0.77810724531579
-0.00940324154200288 -0.0304657593113845 -0.288059478576517 0.548904707634586
0.0112365674202398 -0.0304062226339152 -0.00519428727144957 0.0938698614535639
0.00720410005419846 -0.0153960148197581 0.351869603100678 -0.450253593683437
0.00242927939562538 -0.00633643791605534 -0.155355456484658 -0.843702520801849
0.0104683626602635 -0.0177430890988139 -0.77496217467439 -0.243422141135457
-0.0156214096681781 -0.044918756260383 -0.425566282428742 0.503359603736769
-0.0314218175841571 -0.0164572061625982 0.13314392318372 0.434377924629819
0.000612999279406768 0.01325003877559 0.192392887036983 0.0585225524258742
0.0111531272042698 0.00689581486912295 0.0156020268365536 -0.189508169093823
-0.0136146698202447 0.00552101113104316 0.0234474477304034 0.152378413231995
-0.0060025050657525 0.00299386907407457 -0.151700331161838 -0.0224952978414995
-0.00740479344872873 -0.0218825593124964 -0.140072680104793 -0.379707489549073
0.00819344188214646 -0.0361734183446631 0.353162261317114 -0.430407144492334
0.0236573303803162 0.0186073132763758 0.748636797132427 0.143134782925801
-0.0324001231466767 0.0148583526021604 0.276076260682817 0.805612849857557
-0.00343380549983413 -0.0340815869615084 -0.308740194301728 0.534105700651055
0.0190672105410625 -0.0301257374970168 0.00917684940104774 0.0807321980544665
0.0104264536593369 -0.0169635569154994 0.334418213740115 -0.4721714299089
-0.0015602129242649 -0.0099627854230053 -0.209563767821308 -0.825698015158108
0.00166293568973298 -0.020437910919202 -0.785063268095049 -0.185676144799808
-0.0206725972422774 -0.0434115757422598 -0.391432175078452 0.524387775367096
-0.0280245705001935 -0.0118418754425979 0.152665138206241 0.42059525726411
0.00590815735040099 0.0168082147241047 0.195436266905709 0.0445557264792052
0.0130275938996466 0.00784264558563096 0.0122430869422608 -0.189729614261726
-0.0111774194981684 0.00622303967010884 0.0200419654925224 0.152431926138746
-0.00223517489942961 0.00661191276443812 -0.146931949031495 -0.0338800018601695
-0.00279378371026566 -0.0174902354090864 -0.122154450965989 -0.395340625733359
0.00655283087530898 -0.0346875073995376 0.377380236195225 -0.413476485445541
0.0173778009304527 0.0192549768095749 0.739491192833081 0.193674414609006
-0.0350076212380582 0.0117464496947777 0.227047576748787 0.828116214969056
-0.00028980344985672 -0.0325664197964037 -0.327434690866241 0.516775933158165
0.021156610598399 -0.0268606140521642 0.0258533879332094 0.0666860539762376
0.0109223446475771 -0.0151034961542238 0.320232423609978 -0.493774481018065
-0.00404474454463036 -0.0105272775959343 -0.260781031848615 -0.806150186623242
-0.00365734152411449 -0.02236201639804 -0.792614020622985 -0.12837480466371
-0.0253457633065931 -0.0412864642829193 -0.357309604267386 0.543104384100726
-0.023949041674035 -0.00598111892246633 0.175020922836287 0.403033693927517
0.0116956867291906 0.0210569802554589 0.20002105873401 0.0306522112828735
0.0159532683921087 0.00804195293772907 0.00916942728122662 -0.189070711137847
-0.00870687771349984 0.00671638688680688 0.0168762835221219 0.152465119461818
0.000159453765712014 0.00960560151650593 -0.145037665115547 -0.04124446411047
0.00207771685811028 -0.0128025697329317 -0.104580282837117 -0.407782543889429
0.00715293762762633 -0.0321185116668965 0.39773566519069 -0.401837842207219
0.0144768584202657 0.0191371337094082 0.729684407446033 0.234992464285405
-0.0346954264446226 0.0115354194614316 0.185282513988657 0.845070360678899
-0.00017142602203539 -0.0260988160376382 -0.341574260285322 0.50127848632937
0.0176043368320193 -0.0190726109315254 0.0422489467017118 0.0561016274169757
0.00997015659330091 -0.00756274778722757 0.306267777715622 -0.512942522038825
-0.0039651428733857 -0.00849469444592715 -0.303531676577217 -0.787952886794136
-0.00742964966601879 -0.0237734291120181 -0.799825717798521 -0.0832328436364903
-0.026048805044629 -0.0397359237302554 -0.330438695912136 0.553421589040589
-0.0189874533341167 -0.00115255295365521 0.189999457914338 0.386396533669577
0.0144823814662795 0.0235616831980286 0.201659800101503 0.0207260920165637
0.018677405246043 0.00848613922611743 0.00473775120368632 -0.187527440258901
-0.0068225508967725 0.00790227874317683 0.0118908020492688 0.153125089467911
0.00192164055932416 0.0115531784482865 -0.141935138334378 -0.0458767580917344
0.00497412327362585 -0.00708413364218419 -0.0904856568007416 -0.416674790136944
0.010287858415333 -0.0298592921140243 0.411075692305186 -0.3954648753636
0.0177989050080224 0.0204062834803369 0.719628607425189 0.262160613346052
-0.0323791922830633 0.0159925932328123 0.156652416257595 0.856420866174401
-0.00537242491134098 -0.0149894350878009 -0.345281466457822 0.489714549821603
0.00885393812892825 -0.00807859804886335 0.0556729217083741 0.0484693481894962
0.00627101766460094 0.0034255932986396 0.301003354318578 -0.523443043501566
-0.000408715413682127 -0.00525389088890403 -0.330381799306464 -0.773264603824739
-0.00522630774193783 -0.0252661965363868 -0.803541767976503 -0.0568370634354079
-0.0245811288996794 -0.0377376126476929 -0.313701976319103 0.555091580713303
-0.0168717643285797 0.00401520792778877 0.200289865723034 0.371814022702313
0.0167263462325942 0.0259444742713407 0.202340443786162 0.0145447518909148
0.0215663545573041 0.00869667598232351 0.00168457687363262 -0.185935002404061
-0.00581237098167246 0.00867725118168914 0.00753628813266188 0.153087153437939
0.00128495715216773 0.0129570515517628 -0.142221622447474 -0.0464408291395356
0.00662197424113424 -0.00332484057446461 -0.0847051930564309 -0.422452381959202
0.0143554193111684 -0.0278313304580504 0.412498879483662 -0.396134685747984
0.0246315374676697 0.0202952307558604 0.714252344004145 0.269218664202987
-0.0288461882755889 0.0228698848125108 0.146686542202745 0.858529229761449
-0.0143316554455728 -0.00175875738401986 -0.342703237086435 0.487230846604043
-0.00417095047435112 0.00395765326708436 0.0641412676285508 0.0455781496953399
0.00140153786365563 0.0156155790444338 0.302049787837691 -0.526450710938389
0.00525227930555688 -0.000381064497458941 -0.33747960171597 -0.773050141160114
0.000342139294336874 -0.0262221464472278 -0.806085561616781 -0.0505663706130715
-0.0210368379264113 -0.0355592190743301 -0.309489677941011 0.549465069954937
-0.0148324365370657 0.00804775308432592 0.201830482174169 0.364458627260344
0.0165719314022622 0.0260938355246155 0.201802178789228 0.0124790956876786
0.0233250876252135 0.00861444568951387 -0.00303599514339516 -0.184152359384103
-0.00394698088612008 0.00948076475243955 0.00397153444616647 0.153424396098737
0.000287920765632658 0.0134898274661254 -0.143875299132162 -0.0424841335565099
0.00611588665262961 -0.000247096925297417 -0.0887039615304567 -0.422904960356116
0.0195788182873579 -0.0264389390470775 0.403995527724826 -0.407589847717014
0.0338728126567172 0.020759661501756 0.715521341334569 0.251319078069084
-0.0244636232162464 0.032076046224039 0.161686296804265 0.852450299438271
-0.024979812987793 0.0124397132282361 -0.334096606517099 0.489749287769633
-0.0185174212320488 0.0146942534435583 0.0666007562531873 0.0478045640188654
-0.00404715981332012 0.027421660261209 0.309403674964093 -0.524023955749686
0.0114512248505802 0.00447307177637792 -0.326329791064817 -0.779232563014378
0.00947421901797416 -0.0273608920911702 -0.809095327531175 -0.0713625327426506
-0.0156693024724478 -0.0349051049061459 -0.320518109143367 0.540274286596115
-0.0151990648012594 0.0106435298069132 0.197843941158081 0.362290853056655
0.0150977977903278 0.0260360880418272 0.201868649365007 0.0164592299901274
0.0235054122482442 0.00941024593004404 -0.00476852434376221 -0.182575009790436
-0.00445312996569542 0.00987183643635428 0.00187273039513809 0.155608871345709
-0.00150952869676066 0.0121989762039216 -0.147748840743166 -0.035114394444303
0.00367377842095915 0.000402715876006488 -0.099126610268181 -0.418232564174052
0.0248728024813775 -0.0269929944231346 0.387843265540816 -0.425709279236854
0.0464451923252412 0.020182657869056 0.723694889809077 0.215904719548542
-0.0182075085500971 0.0401743544813637 0.19343556962356 0.841582742278336
-0.0338839317184796 0.0247685321238559 -0.319316048185025 0.499486991709612
-0.0326199288508878 0.0243520017579461 0.0630231066314479 0.0554500317377555
-0.011521650441829 0.0384504349512039 0.324712113085561 -0.514011814911873
0.0183383266085156 0.0114851843075036 -0.298240675667539 -0.799573933334677
0.0206284773256794 -0.0266830648471709 -0.810496424152842 -0.108814026463784
-0.00876205297970056 -0.0345131489759291 -0.341875745870839 0.522921697772499
-0.0178267192137224 0.0115638319269706 0.188669351251473 0.366999878070511
0.0117158258234968 0.0241135233661658 0.198793981380152 0.0248775635204726
0.0231249565871863 0.00899385958774942 -0.00729572417890041 -0.182791520669908
-0.0155937575124338 0.0049009873820596 0.0216127869669977 0.153072988425504
-0.00904893786047304 -2.86142542530966E-05 -0.156722962069842 -0.0131497626357539
-0.0114366238446054 -0.0232554205773602 -0.159524262019209 -0.370375711446698
0.011103411712787 -0.0377414809782843 0.328459700182912 -0.447041600542749
0.0331276711021763 0.0180918928907316 0.757733332265998 0.0958911934980175
-0.0274513353755985 0.0213415518598943 0.323871867331274 0.786380570033425
-0.00889350351555048 -0.0301145335952672 -0.295513531884488 0.55015786944174
0.0119927935884871 -0.0302467700037122 -0.00530115000201908 0.0936747058492065
0.00736429712136869 -0.015592018566717 0.356718043095109 -0.449710081412673
0.00259648870306275 -0.00672494861296447 -0.148534718633616 -0.850922882557096
0.0109708785738126 -0.0175362207676852 -0.778322389286406 -0.251933129194398
-0.0153720615630881 -0.0456337177739607 -0.433128004077554 0.503078871274187
-0.0315961032312949 -0.0163441468620745 0.131515922479557 0.438026210775217
0.00131144254442955 0.0118490674023123 0.192610679114536 0.0606573830014113
0.0109270832076879 0.0068629515967267 0.0179439800782517 -0.19070668471521
-0.0139118132691282 0.00554545711574161 0.0216617728172996 0.152404971252666
-0.00528711734228925 0.00298452414013749 -0.152582271758607 -0.0238061836677959
-0.00661103976674029 -0.020871229205639 -0.139943605514128 -0.383095941779762
0.0080289274794462 -0.0363249192190394 0.356268798887162 -0.43135534188304
0.0230756183415462 0.0183843251447195 0.752141297693434 0.150607834874806
-0.0326205331786426 0.0145610003071727 0.275411713767913 0.813663255029522
-0.00340174844406182 -0.0344451079345599 -0.314812194843301 0.536658958171453
0.0196896566681286 -0.0299943416957167 0.00905810858662972 0.0811790487708921
0.0114492835495125 -0.0181825026848358 0.341631460553629 -0.473667376040754
-0.0017475953017391 -0.00957011502612657 -0.204039411127593 -0.83503194592887
0.00202608715964804 -0.0203319475037675 -0.79124628575907 -0.193892770734238
-0.0214013707425115 -0.0443220025255472 -0.398013050498357 0.527588330867877
-0.027638127122214 -0.0120331981586782 0.153709114343041 0.424215390550681
0.0057687085324278 0.0161268538261116 0.197415974261878 0.0469779259113084
0.013266336808357 0.00714037310486121 0.014105155954845 -0.191403860910571
-0.0118878439128242 0.00627490316845302 0.0194699198889694 0.152588406150842
-0.00271496343912428 0.00632096115463294 -0.149114218701204 -0.0351415286046643
-0.0011911133585422 -0.0170646851052382 -0.121556227509295 -0.398875162562645
0.00678494433722507 -0.0343843727207154 0.382714264979729 -0.414816867122799
0.0163860828589636 0.0189037323016919 0.743530174888072 0.201528795794808
-0.0351990255509667 0.0124546042594191 0.223318505044287 0.836596103272655
7.26962757213422E-05 -0.0332523104729903 -0.33451443435788 0.51963853632734
0.0215800569961747 -0.0269206410346171 0.0258772100440117 0.0678088033990836
0.0113724505718107 -0.0144490440803631 0.32506599128457 -0.494800389823396
-0.00334278452926592 -0.0105624709252413 -0.257258005399442 -0.814123899877993
-0.00447497071157611 -0.0215963527253523 -0.798590622999397 -0.134054052333024
-0.0250425467459401 -0.04268037088051 -0.363351466588133 0.54692431400699
-0.0234152578532256 -0.00658421801358598 0.173190704336487 0.406328071417897
0.00991441400590298 0.0203921035835367 0.201500732954262 0.0334645326776188
0.0157813913294446 0.00762383926280739 0.0118636810290482 -0.190651175745165
-0.0093709891526305 0.00729877392728627 0.0151998151160117 0.153070725545681
0.000400523169527582 0.00940164102712016 -0.145364230627361 -0.042833155785332
0.0018912145432861 -0.0124871492551387 -0.102807139040624 -0.410891859959199
0.00716697009579345 -0.0322171162698976 0.402521595631935 -0.402454778954591
0.0144070643368033 0.0187876232746759 0.734144049033889 0.244304641561955
-0.0348375297570582 0.0120941338573283 0.182883446537725 0.85399343802078
-0.000838829133173707 -0.0262951367158949 -0.347041589699427 0.502062819499915
0.01820364589474 -0.0189721320178569 0.0419559823788126 0.0571773563513519
0.00896494770885791 -0.0072570006080968 0.313078346246393 -0.512628685239527
-0.00394132162617993 -0.00846783673906102 -0.299897040940295 -0.796183148533377
-0.00724418087212095 -0.0235694199189653 -0.805404756851891 -0.0896968575641891
-0.0261239641086336 -0.0405332597005067 -0.336804410844246 0.558241227809476
-0.0194023097150707 -0.00135225351629484 0.189694664824657 0.390382699098975
0.0144592889359129 0.0233008327548408 0.20295064678511 0.0220215167504767
0.0191725290603237 0.00719125911189395 0.00692429224119004 -0.189051285045027
-0.00674474552325303 0.00865590928759707 0.010495931087059 0.153520486795642
0.00179700648630161 0.0111551882436713 -0.144406479333976 -0.0485792958187992
0.00501063499284594 -0.00636890855257865 -0.0890687659245413 -0.42070189501439
0.00938015789225157 -0.0296425426173095 0.415826815878122 -0.394093968823992
0.0178761489222686 0.0193457329322959 0.72270523308301 0.269731124810387
-0.0327277277928551 0.0156283714072815 0.15203986580121 0.864476676322875
-0.005878981233091 -0.0149392807098145 -0.351354019894925 0.492196524499233
0.00944718270309245 -0.00821829709944129 0.0554795387955452 0.0492697964564267
0.00654321552171388 0.00335806370165822 0.306582143497433 -0.524150834736196
4.17386673945697E-05 -0.0054352366821695 -0.326185081409371 -0.78408674076823
-0.00512602913371335 -0.0255894764420402 -0.808227739249296 -0.0619436731323116
-0.0237224006151382 -0.0382002193070734 -0.317571613618738 0.557891286397808
-0.0161479332069765 0.00434472706446873 0.199691512025036 0.376282976257408
0.0168121530240364 0.0256816837237444 0.20526261758936 0.0151413741563057
0.0215863182951457 0.00877670656343374 0.00270495528292899 -0.186788862366765
-0.00502360927413522 0.00980863596760683 0.00597100553193025 0.153912240706639
0.00234834563316107 0.0131026593525835 -0.143196084723607 -0.0487287165477966
0.00688317398609925 -0.00277959218592223 -0.0854420466178452 -0.425870316806507
0.0138569837979798 -0.0285468981235158 0.417905849700325 -0.396748689403898
0.0245506235451794 0.0204371457258333 0.717069528474327 0.275515337907336
-0.0293951051825135 0.0232603191899206 0.144137498975597 0.864465660976607
-0.015139720587968 -0.000851291182662826 -0.349823726155859 0.486923660200143
-0.00396756219580263 0.00342552255106495 0.0644901981963698 0.0461980834490753
0.00175695895476621 0.0154416555230061 0.307664922892863 -0.527277775879354
0.00481588135960461 5.86494952155014E-05 -0.333619311582818 -0.781688514394667
0.000598211912564733 -0.026487046251606 -0.812227082349054 -0.0579490357634901
-0.0204985737939127 -0.0362072952165048 -0.314213034846653 0.552219707364584
-0.0148143209134178 0.00742006265402038 0.202077533093774 0.366374627692483
0.0168353256572919 0.0261053185928146 0.204133493015329 0.0149352130167709
0.022645335274752 0.00899447855765277 -0.000638351399459244 -0.185711293996028
-0.00473854985848628 0.0105787171626804 0.00128534949400803 0.155405717086406
8.16263023581242E-05 0.013004345623033 -0.144936259385488 -0.0437182330920918
0.00664312009599368 0.000572190915874862 -0.0867868957753175 -0.42616074433603
0.0190658491456352 -0.0269556466292358 0.41031425260606 -0.408767912690931
0.0342724438042243 0.0206737388281709 0.71825668036134 0.259996914589565
-0.0243738365796129 0.0322446755283551 0.158405566646701 0.861329493282572
-0.0252284716766244 0.0128673825360587 -0.339333593894631 0.492000138105468
-0.0184124750966553 0.0153622460887082 0.0662267286028017 0.0483722715876232
-0.00525762184917009 0.0278626332243067 0.317208841358288 -0.52531656014521
0.0105690654620511 0.00504280962450123 -0.322270532994047 -0.788452491013117
0.00997580555646293 -0.0271089392657125 -0.81458096837071 -0.0769844864146832
-0.0153217155878467 -0.0347138730958736 -0.326047296407209 0.540713727495315
-0.0153414741707295 0.0106219330169476 0.198026501557777 0.366034282549541
0.0145509931618218 0.0257538345995642 0.203249619831974 0.0181379663512322
0.0234155735437862 0.009076696841182 -0.0040224730174227 -0.183922623513522
-0.00474770395001701 0.0100886184290914 -0.000267279131733943 0.155929659330598
-0.00169688079211928 0.0120967148239829 -0.1484368016976 -0.0361453670621145
0.00459198709322625 0.00143935220843103 -0.0982843098712056 -0.422974953344285
0.0251375458580461 -0.0267094660493901 0.393314775835701 -0.427166890701729
0.0457808979166081 0.019205955185174 0.726853693762406 0.223418689260467
-0.0176961261687348 0.0415663319155495 0.190387850688029 0.850324353301102
-0.0345510626476657 0.0253416313141727 -0.324844091446174 0.501832730880343
-0.0325358062503883 0.0242977251017876 0.0619108584859403 0.0563902380543921
-0.0120534630759175 0.0378123195875152 0.33324851440624 -0.514272085147356
0.0175039686263262 0.0110947545787422 -0.293572354918681 -0.808068230444988
0.020999828441501 -0.0273609807125865 -0.818469366088527 -0.117288921115099
-0.0083675455130517 -0.0343937149353495 -0.348622747283774 0.526461914166858
-0.0182950274122457 0.0110506296435795 0.187586450191757 0.371487413380281
0.01137901512408 0.0244027878856288 0.200653843648391 0.0276048013110148
0.0233230563129864 0.0090832075987693 -0.00597710417195103 -0.184629122971003
-0.0162040674563301 0.00577176679846121 0.019503506108643 0.154339688097271
-0.00920643841589764 0.00033486756345997 -0.158580364893245 -0.0139251288632006
-0.011309087374768 -0.0230477619308229 -0.160381678815112 -0.37271119983575
0.00944184576486622 -0.0373113543491238 0.333180602795976 -0.449708108046158
0.0334086632381378 0.0170482649145732 0.764179322709076 0.101505859256287
-0.026869791935385 0.0207025971616352 0.323699436251312 0.797392444174375
-0.00893197384631017 -0.0298423798599664 -0.30241963845626 0.555146443149093
0.0124147722602331 -0.0307675652722764 -0.00658672459156722 0.0944497198195786
0.00614986708780614 -0.0158815435068251 0.363192708926476 -0.452255752376701
0.00125883381059149 -0.0062856063682112 -0.143449019375221 -0.860670560275111
0.0111300664758918 -0.0178694342193944 -0.787127438974994 -0.258483116997535
-0.0160961122582858 -0.0458035907053055 -0.437838806743055 0.508026719392537
-0.0311209398021013 -0.0168832634923556 0.131024310760498 0.443062180961042
0.00159648276902937 0.0127888558552636 0.19506698295351 0.0627250917378451
0.0104962192360551 0.00574725117991163 0.0191368595888909 -0.192135361922068
-0.0136698911793415 0.00561725006800052 0.0205023995190913 0.153550055525454
-0.00635056769133867 0.00349453185186892 -0.154346633538221 -0.0261984514203683
-0.00671791449382584 -0.0213381098047837 -0.140867904238224 -0.387302712666589
0.00784294011275987 -0.0369527046692276 0.361505692442041 -0.433926661592728
0.0228857897136229 0.018454632668147 0.758620451710868 0.155688279696487
-0.0335486111486253 0.0152946783375979 0.275961021092509 0.824295468849478
-0.00281325038199366 -0.0342775712509676 -0.321696186956187 0.540380004105491
0.020122691378286 -0.0310459869587309 0.00778894153219329 0.0824920684491106
0.0106725662928366 -0.0180103856287597 0.347087771019861 -0.475547385714395
-0.00257050204667817 -0.00978985685561223 -0.202490427858092 -0.846945198029943
0.00147122102723708 -0.0198669875381742 -0.797782498111606 -0.200523511130929
-0.0214747796650084 -0.0459009251034942 -0.405406363613445 0.530835237000033
-0.0284074400936032 -0.0123628219102208 0.151569223063602 0.429121229180279
0.00677801784854916 0.0165143371146975 0.199928246906498 0.047274011219223
0.0130951265228643 0.00634124828137972 0.01586224920001 -0.192278895322262
-0.0124494884215535 0.00766009504222333 0.0170864305473402 0.153736140444643
-0.00255605652119949 0.00659016846634871 -0.150135458634959 -0.0365112942303243
-0.00148050876028883 -0.0168549033335577 -0.121245081410914 -0.40298440052514
0.00627537067580205 -0.0345915065290942 0.38683878145199 -0.416660948545897
0.0167766171416286 0.0183559412550245 0.750614067462073 0.207395411951839
-0.0350157427780576 0.0116619453399544 0.222120785868527 0.846431924055393
0.000189193200156611 -0.0321078372199314 -0.341434167725715 0.523146812794912
0.0214415573828758 -0.0270713992820632 0.0251327673183105 0.069441276861549
0.0118545632050155 -0.0157263355991688 0.33272909922217 -0.497499547535915
-0.00466930860498872 -0.0101947319540406 -0.254786679002754 -0.824765552667648
-0.00483796929029354 -0.0229829578160356 -0.806088863900279 -0.141806580171447
-0.0253396315795064 -0.0430812760407774 -0.371240192036969 0.550926152851148
-0.0231236904366424 -0.0066835165980348 0.174219864677295 0.411556384431161
0.0110901133939167 0.0198662160025972 0.202975825956329 0.0347995098019317
0.0157784165320722 0.00731525630619451 0.0141619967533433 -0.191362468234142
-0.00971114555521595 0.00752059657669021 0.0152879955456668 0.153871511681552
0.00105284087951704 0.00929934783538949 -0.146939434607928 -0.0452819983666255
0.00238793840192001 -0.0119993797813856 -0.102724804986276 -0.415235803931131
0.00716623052057621 -0.0324462129075038 0.407455903479465 -0.403377462535287
0.0144435469965917 0.0189881929555744 0.739262448153382 0.250001624828361
-0.035578249378437 0.0119629351724636 0.181423595625234 0.864889341387085
-0.000523982720722727 -0.0254034451835462 -0.354594958890455 0.506263357049129
0.0181142385708081 -0.0193577207374516 0.0412810366434888 0.0572231127250471
0.00930835823832989 -0.0078410434480052 0.320895967706794 -0.516244216415122
-0.00408765653132177 -0.00869209578369412 -0.297682266759136 -0.805855115301192
-0.00708586262948348 -0.0239672049791719 -0.814465244281678 -0.0949299371862513
-0.0262318707586484 -0.0409421749433227 -0.342356698037195 0.561893248934679
-0.019389805648042 -0.00131969021780667 0.189884868275329 0.39550455936264
0.0153107303314393 0.023205042733839 0.205530180871975 0.0232478794382087
0.0188708179417465 0.00731492574281945 0.00826010916357424 -0.190167156636654
-0.0072434974350968 0.00867911108059437 0.00922836439591466 0.153918705447213
0.00195375710774116 0.0128168664405936 -0.14431201577455 -0.0491719833102065
0.005474256047072 -0.00623664201970637 -0.0902834143575757 -0.425416124656979
0.00989381766150241 -0.0297758478580411 0.421287721493485 -0.398643136629266
0.0165314152805189 0.019884640162214 0.728337500847736 0.277494799977943
-0.0331191665474758 0.0160967744050855 0.149826740905229 0.874498352091958
-0.00584339790791321 -0.0144212643724982 -0.358233549696557 0.494462220001157
0.00959994240492204 -0.00858369364330169 0.0548441932082873 0.0506649012028391
0.00612869089175079 0.00250319150328034 0.313669246118842 -0.528361054875973
-0.000574702674842428 -0.00543580066106648 -0.324274779038089 -0.794391621780345
-0.00549153489252967 -0.0263376869927185 -0.816714743956785 -0.0675256806160055
-0.0247775323594399 -0.0385462385996146 -0.325719470121085 0.562969281931262
-0.0160910843232909 0.00431015064763166 0.200943286548646 0.379109964299347
0.0171262730221496 0.0256373362061625 0.206685534329245 0.016948808060863
0.0213621846186748 0.00857764277143372 0.00403413646629525 -0.189338777723974
-0.00571251256226588 0.00984715274475764 0.00451905885604791 0.154643678354471
0.00233933357373093 0.0135013099468376 -0.145230058193303 -0.0501537217925793
0.00638158936169281 -0.0024370458115927 -0.0836705543009992 -0.429112715598683
0.0148156074231127 -0.0279272673873413 0.423671416105486 -0.398224554986686
0.0235568325215418 0.0204760216008509 0.724698224634915 0.282486682197645
-0.0299044310327634 0.0236744769089298 0.141491411365566 0.875488204508808
-0.0144118716942695 -0.00198068071514659 -0.355828464274319 0.489974275139941
-0.00351402081428159 0.00314974951639069 0.0645483070025384 0.0472872031260072
0.000292441745565858 0.0156650171621154 0.314122451137767 -0.530117240953798
0.00415906814353115 -0.000715617560933916 -0.335753872405663 -0.790969159015073
0.00121012105387227 -0.0275704161837194 -0.821499472164513 -0.0630742315144416
-0.0211264892636517 -0.0368482968128186 -0.321059071775257 0.558071110601223
-0.0148551645247023 0.00818042315963738 0.201422880257878 0.372370859616268
0.017213720330714 0.0257246189409863 0.206808689111676 0.0156497516667362
0.022947398031577 0.00868012231509119 0.000579556619242184 -0.187409568471424
-0.00517103744754647 0.0110328239403198 0.000615820577524409 0.155154992393571
0.00136754001472401 0.0130927888768774 -0.146777887919289 -0.0447372167906138
0.00693405888208682 0.000305637768565632 -0.0874405077348921 -0.429855490349416
0.0197429083043358 -0.0261259992949763 0.415694325749774 -0.411969615050643
0.0339242844331749 0.0204510530394585 0.725161672548609 0.264903680220745
-0.0247014140279044 0.0326187120453676 0.156049872142236 0.871045430074762
-0.0254795473679963 0.0126750003097118 -0.345822088419171 0.494728963471092
-0.0186632877835584 0.0149189673120675 0.0658559590731658 0.0497183320945204
-0.0054650702377705 0.0278073893389097 0.325173997326853 -0.527614061774448
0.0107625194917471 0.00556933293738235 -0.318974252759182 -0.799127357653545
0.0101205225939123 -0.027755061323043 -0.823685039136382 -0.0823436567243206
-0.0156313090592563 -0.0359595614822396 -0.33225399276212 0.545686918603387
-0.0159189815575474 0.0115279476296313 0.198051457245226 0.370457317792219
0.0153194985675259 0.0251281226970523 0.205454259395761 0.0196878671821866
0.0230465782057942 0.00876655364523738 -0.00284290997567576 -0.186295483231386
-0.00501932772822264 0.010600380990827 -0.0018937125695281 0.156941483858711
-0.00116201326999085 0.0127367869918208 -0.150534693362134 -0.0373338789223001
0.00460134453902581 0.00147929111325413 -0.098083131018048 -0.426767653093817
0.0247209038679848 -0.027300091014145 0.397180593892825 -0.428267497233141
0.0464500571133997 0.0203081271885112 0.733254968765756 0.229112880065471
-0.018354634608877 0.0414530340318532 0.18887444058773 0.858415746897554
-0.0351373270204343 0.0250474004775004 -0.332274409978022 0.505820714954111
-0.0335834375519011 0.0247917603753384 0.061929915596826 0.0566587212808351
-0.0136036052954608 0.0380588652790616 0.339123993773093 -0.516731282632149
0.0180393472952546 0.0120187681103542 -0.292910073322059 -0.820188463637137
0.0212283506920052 -0.027689161033756 -0.825436714354621 -0.121313971827813
-0.00876813526273336 -0.0356346666745645 -0.35557539684801 0.531028517581909
-0.0180426697532942 0.011073028316998 0.186910602832163 0.377392314546952
0.0121091372079334 0.0233006839886152 0.203556267834969 0.028072460536513
0.0225357634555424 0.00861291055074741 -0.00431006918010131 -0.185929472163024
-0.0167166455093592 0.00553162464751227 0.0196756985669324 0.155867324122949
-0.00918525197172537 -0.000389887074097222 -0.160891416389566 -0.0147743341978996
-0.0113311698021263 -0.0234879168608616 -0.16263505481968 -0.37911094554951
0.00944587893773551 -0.0381897937363984 0.338943832190432 -0.454781233300852
0.0329804621428335 0.0174898618993135 0.774631065354797 0.106336905769676
-0.0282911509143263 0.0215096443634097 0.326801191258814 0.809214854726871
-0.00942317150825095 -0.0295449971598959 -0.3091952549514 0.559965179175383
0.012290162265448 -0.0307574800750757 -0.00661841114552988 0.0966921217877008
0.00582105541833539 -0.0169578545281066 0.369753637373429 -0.455975329035649
0.00129728183617953 -0.00606268308512456 -0.14282724162856 -0.87281676176504
0.0110475543434689 -0.018574774543383 -0.794697712545871 -0.266569146789262
-0.0163490327238506 -0.046598139189484 -0.44572181999586 0.512865313696533
-0.0323904770885306 -0.0166638786055443 0.131494208140933 0.448393727571701
0.00200094022677702 0.0117865801015112 0.198465652520311 0.0629773858964078
0.0103517131807397 0.00528745886227401 0.0199221987716355 -0.194377348093987
-0.0147730281740474 0.00595665305497511 0.0202739260064853 0.154651281686533
-0.00610066650164688 0.00324728160104784 -0.156359494414176 -0.0270943851778289
-0.00597595683361745 -0.0207830655828727 -0.142489378797846 -0.393016437271681
0.00743880974315962 -0.0359142123838078 0.364826289075307 -0.436957101503824
0.02274847584866 0.019241207178615 0.769110808951669 0.160488615336215
-0.0340855242339084 0.0149503035191489 0.274808858405129 0.836103836706816
-0.00306315612671128 -0.0345332577972979 -0.32777135851406 0.544646016169827
0.0207321755453102 -0.0311082109089754 0.00668937374005578 0.0828800359409435
0.0104171032983863 -0.0186760562613285 0.353988690136603 -0.477364667340109
-0.00272409976752919 -0.00982567559943833 -0.199114951670219 -0.855908366403397
0.00101337821072484 -0.0213192779959688 -0.807447517101697 -0.204262612090006
-0.0217693748367992 -0.0456197942006647 -0.411784724948139 0.535832580318902
-0.0286576512992995 -0.0120492013731538 0.154641692556257 0.434431286148467
0.0077730706659002 0.0154199371824048 0.200642882700851 0.0493455456595623
0.0127213688401161 0.00583774947303844 0.0173488208799093 -0.195086776860993
-0.0123779079153667 0.0071102674373696 0.0169302923921046 0.15503553120665
-0.00169848800318888 0.00674044580776778 -0.152262601851911 -0.0375914603224818
-0.000325886024804318 -0.0167599484870622 -0.122891493197711 -0.407494037439603
0.00614419285825022 -0.0349646222720594 0.392186479128439 -0.421374948265351
0.0167501021341816 0.0191191574137243 0.759704646756648 0.212514073820907
-0.0360601639901672 0.0122168500101112 0.223242355422884 0.857993884087731
0.000192356829381603 -0.0332441763729093 -0.347227552674757 0.527170962292902
0.0224055619909746 -0.0278696309102215 0.0249909389229396 0.0697833712527703
0.0108984873119694 -0.0159304678738938 0.338275431366777 -0.501581254040153
-0.00422926757053576 -0.0104477321565422 -0.252597918192426 -0.835541763821146
-0.00457187985658983 -0.0226677664013309 -0.815496737256933 -0.144521993849756
-0.0254436231588609 -0.043888488393542 -0.377101488899397 0.557825591539938
-0.0231529396914376 -0.00647959015557924 0.174275652292942 0.415817875745672
0.0111088850053002 0.0203661285582824 0.206527787601207 0.0351200969664062
0.0158407076154052 0.00721930006420705 0.0144558154827337 -0.194578791283411
-0.0101061276542996 0.00792282407503213 0.012782874956169 0.154349957177807
0.000994557219997797 0.00932939056940856 -0.14874977779496 -0.0460553247331307
0.00353074217335645 -0.0120313456767491 -0.103775529206533 -0.421305454723947
0.00640231184666803 -0.0324373429820865 0.413915930394634 -0.407252928510274
0.0136710768930453 0.0187287420040931 0.746356023825238 0.257266601882722
-0.0359810365397574 0.0119272577753469 0.181051147967027 0.875946803329785
-0.000615575265912896 -0.0266573232360304 -0.361854223077265 0.511018928852408
0.0183617210515451 -0.0188892165006532 0.0403953364891831 0.058305191423932
0.00847177419901943 -0.00800340611463487 0.325963667361698 -0.520622716025418
-0.00450114195103376 -0.00836275570817083 -0.297059793588967 -0.81685805333006
-0.00738797717749267 -0.0252956449436524 -0.822175852226917 -0.099480651858415
-0.0266635058326967 -0.0418546364325784 -0.34923557965976 0.569024729873601
-0.0193061261441513 -0.00184497405214755 0.191529776303381 0.398323665646745
0.0151186601907908 0.0221133559277937 0.208069576359436 0.0245861274392891
0.0188134891490485 0.00620773473559632 0.00907928179873219 -0.192891536509788
-0.0077517889259323 0.00937618932448376 0.00805380924580522 0.155954018260695
0.00251295924342557 0.0124845329727815 -0.147434220788371 -0.0505796642943258
0.00655893953423461 -0.00605163516946832 -0.0911345590791648 -0.429832446572796
0.00945405645344159 -0.030476994430492 0.426157254638207 -0.402728422607831
0.017273959291745 0.0195766044934849 0.737537851519482 0.283356465346467
-0.0334971647727707 0.0167973076276827 0.150476058675522 0.884288979773127
-0.00553268624059152 -0.0154349365905436 -0.364864493875404 0.498138372637089
0.00978160565562952 -0.00834023109224943 0.0550414070677577 0.0511339995425242
0.00528978673224298 0.0025445884308207 0.319431678060047 -0.53125164169417
-0.00123043554335235 -0.00524065990853771 -0.325060940135303 -0.804323321152518
-0.00564208215273948 -0.0261837054445093 -0.827282739306789 -0.0712256740138246
-0.0242044737813098 -0.0392670953874877 -0.330336704026447 0.570956208142153
-0.0160535548891103 0.004424661117377 0.201047769885691 0.384458603517376
0.017390223358186 0.0249444792642887 0.208573330759721 0.0182437069970235
0.0207468590241374 0.00769440631000967 0.0053918367765845 -0.190362043252637
-0.00631097479328952 0.010355286087821 0.00294060441998504 0.155586090399007
0.00299274347903542 0.0130744344008808 -0.147473241313211 -0.0517127571958001
0.00769788530985377 -0.00190492140403909 -0.0855861721398806 -0.435484913310079
0.0135155935875751 -0.0278655272564906 0.429587726605959 -0.401997528124233
0.0245809776706009 0.0195691312736705 0.732244422621392 0.288550551943286
-0.0300278508851212 0.0231870373533229 0.1412099319775 0.886158728967839
-0.0148446794219893 -0.000926435180185624 -0.362804290061938 0.494130536629587
-0.00357590770945384 0.00314768817069181 0.0633858606518606 0.0490011382101513
-0.000115420145614904 0.0148908070836117 0.320889301893796 -0.533914210528612
0.00415310596095611 -0.000302978580883807 -0.332840256089865 -0.802212804495095
0.000340979079767408 -0.0277986830922716 -0.830291643171058 -0.0657049567658733
-0.0200303169426853 -0.0377771240468172 -0.325795665229161 0.562646584966864
-0.0143296604531529 0.00760681420543374 0.203659363863624 0.376123943734602
0.0176107161591814 0.0262055602237649 0.209624957307232 0.0166396102830751
0.0225437396315133 0.00818922149712946 0.00148724770971744 -0.189127852371459
-0.005632145941178 0.0111190481603287 -0.00149858597191575 0.155834683632447
0.0012392693160952 0.0130995296983483 -0.148738466931392 -0.0468748502891001
0.00727854156910241 0.00100941491903778 -0.0888509139840475 -0.43606749485107
0.0192335347137855 -0.0266202061248674 0.421313321146917 -0.414795167676173
0.034028638192811 0.0205106399417867 0.732590802219003 0.272558394719855
-0.0255216582939108 0.0334177862511841 0.156655347321363 0.882025450060178
-0.0259353441589687 0.0125505105793004 -0.352013181354044 0.498146503108707
-0.0188004402669796 0.0152871931508355 0.0664465373869399 0.0505168353402105
-0.00607415311930375 0.0274989407668807 0.330415215156542 -0.531985986866639
0.0113388227300711 0.00614225223636062 -0.320143656722586 -0.810247229766611
0.0102923082611955 -0.0286974074048467 -0.834475929210907 -0.0859531041682752
-0.0157719105350618 -0.0361976077496092 -0.337775980139758 0.552755712783937
-0.0151387721972533 0.0111497473529421 0.198713109534951 0.375152470157782
0.0157848321332063 0.0249267381814075 0.208072941258854 0.0208275924164063
0.0231022463571348 0.00892223106211859 -0.0012338616219244 -0.188231353894362
-0.00522660230179631 0.011574926391582 -0.00370880209337228 0.157212191382467
-0.00087889245527089 0.0129048868369348 -0.152944098728394 -0.0383581788911274
0.00491537756071311 0.00158451641858245 -0.0998458083315926 -0.431661065033649
0.0248136332105741 -0.0269202677791734 0.403234479913894 -0.432148473132433
0.0466139793632611 0.0196859210970898 0.741732756606287 0.235477869683721
-0.0188837929800806 0.0422509839613721 0.189328966025606 0.870974240488841
-0.0350408908106517 0.0261334999213604 -0.339942144383781 0.509027191055595
-0.034172252911404 0.0240811576933578 0.0623564624135235 0.0585439561215074
-0.0136807034429691 0.0385647671806188 0.345447348790845 -0.521314425010959
0.0180461143683401 0.0132580558119214 -0.290487735124285 -0.830049198749109
0.0215007731367182 -0.0271785158774008 -0.834997033091677 -0.126553193963427
-0.0100330608083849 -0.0361236622991819 -0.36100521954349 0.536020823716481
-0.0184283195416621 0.0117233317920382 0.188585706067462 0.381392865350451
0.0125215237842839 0.0224335599864626 0.205349930146527 0.0296273932675492
0.0222690117808167 0.0084844947204537 -0.00355453045243198 -0.187559503350144
-0.0180833292502752 0.00611102774098277 0.0198243207084742 0.158164052133203
-0.0093852792447862 0.000338209299193674 -0.163648764548384 -0.0160783942637394
-0.0102834183617957 -0.0228332910481265 -0.164734720217985 -0.383166454879526
0.0087453070389891 -0.0377865777946093 0.342935747371423 -0.459049031868013
0.0331735518352263 0.0171153411864572 0.783627530501425 0.107452288724737
-0.028430421492755 0.0218898498756393 0.330749897082007 0.820593515769294
-0.00968363383421834 -0.0297831671841494 -0.313082096096321 0.568184042252117
0.012836194731857 -0.0302422587037523 -0.008548711566489 0.0970641226103626
0.00696275875168454 -0.0162534033466388 0.376544315212044 -0.460847472287326
0.00179154012968522 -0.0069270525793662 -0.143866473434607 -0.886092031057803
0.0108031608612521 -0.0187813940014448 -0.806336917620973 -0.270455824290253
-0.0164977197810581 -0.0471218115673523 -0.451781839496482 0.518666200463543
-0.0325007591544055 -0.0162333316754771 0.133009791329057 0.453403898993233
0.00218837509687082 0.0110312243628102 0.201440559203882 0.0660620644371723
0.00998874567667927 0.00460159965983385 0.0212406003695865 -0.197163308873296
-0.0150986525646823 0.00642611933418301 0.0195365254567014 0.156084049262971
-0.00516897626531542 0.00383841186314348 -0.158708093866214 -0.0271052665605119
-0.00606377388790019 -0.0217149563229434 -0.144623509178602 -0.39741472831055
0.00768944249485918 -0.0371925076125496 0.371297631699488 -0.442934648554729
0.022435056653405 0.0182255423120383 0.778538442741974 0.163817986061489
-0.0340392085239813 0.0157117258848828 0.280988837842215 0.846303583276457
-0.00258186214826743 -0.0347484728554169 -0.333983745317204 0.551383853478658
0.0199548193987928 -0.0321289039474017 0.00634853258739772 0.084695122329554
0.0100104042329417 -0.0187339237610574 0.360655256800492 -0.484076076424851
-0.00166984245993202 -0.00899566175345272 -0.201722125306641 -0.871631716691807
0.00177555944700431 -0.0212528906475108 -0.816333895840415 -0.208484784386917
-0.0221904414101333 -0.0467380952943706 -0.418744657895013 0.544860282648275
-0.0284807347760123 -0.0119797929606853 0.154866931448663 0.439062852423972
0.00736462596500048 0.0152486880838464 0.204726462937887 0.0510225165132377
0.0121031266554025 0.00568638495068409 0.0188682351189989 -0.197040435500067
-0.0128911219856445 0.00760058160576619 0.0167101840284122 0.15656502008784
-0.00217283340022904 0.00677629203202451 -0.15504453599296 -0.0390206383841804
-0.000162889070001847 -0.0169369986425302 -0.124748689803903 -0.412851087072017
0.00650272795627761 -0.0351929464069482 0.397248629263468 -0.426058233071651
0.0159057447496669 0.0189613474773434 0.768706840362822 0.215317199227703
-0.0371859037697976 0.012325871941085 0.225369016316111 0.868845773980815
0.00054064977076039 -0.0328643795095026 -0.352566081623692 0.534350037125406
0.0230185405361214 -0.0284598722970206 0.0240668558119986 0.0717089710046484
0.0111362488735231 -0.0164040432214407 0.343456938237997 -0.505103211265466
-0.00488822073523468 -0.0109809021501084 -0.25646085126257 -0.84783558514359
-0.00546070736991771 -0.0233182417837054 -0.825699536313794 -0.147806579357939
-0.0250669475433617 -0.045561908278255 -0.382132233161562 0.565490001797955
-0.0232102833168441 -0.00665273821702843 0.177976242375273 0.421134965495417
0.0122123650427469 0.0193009919279586 0.209417302947922 0.0363096585831897
0.0151141754277719 0.00589514176320015 0.0152411733343691 -0.196256320817554
-0.00949688721118314 0.00812415523098367 0.0122789527347198 0.155558787702346
0.000915402005337297 0.0103455426985216 -0.150220205216053 -0.0464550102320649
0.00360316024081696 -0.0119683185645014 -0.106648472350261 -0.425973099411999
0.00674102208725591 -0.031934273133803 0.418495926360317 -0.412491769875641
0.0140300680324784 0.0193162012525738 0.759384181153094 0.260191723721552
-0.0360009686602879 0.011911229145889 0.182476511446434 0.886659963987876
0.000230500551221108 -0.0262098312926001 -0.365514043018345 0.51585980140588
0.0192905491566272 -0.0202515526586542 0.0415085977756099 0.0593462590881521
0.00899870184245366 -0.00766629801518644 0.331386129441176 -0.527326649507563
-0.00419317488584359 -0.00976207472844234 -0.300484838899134 -0.830744673768243
-0.00735740948597278 -0.0251908993483037 -0.834687776616342 -0.101490625000985
-0.0265775227333855 -0.0422795707508484 -0.353153535919209 0.574242707322763
-0.019663651871229 -0.000766302578436249 0.193886502970885 0.405217057880108
0.0156895446441187 0.0226001464710853 0.211421757660663 0.0261688601636887
0.0183744082143787 0.0064179944508561 0.0105274549518209 -0.194485324646506
-0.00792925949006234 0.0100776013534891 0.00748890160293351 0.156585188043028
0.00249920704655439 0.0122767972758035 -0.149181502305463 -0.0521917613586873
0.00714030193001964 -0.00628167632963697 -0.0919773254038104 -0.435799382245461
0.00895605452086646 -0.0300478266963218 0.432078758826616 -0.406610059173068
0.0164144091525273 0.0196075440430066 0.747062283470093 0.287959477697164
-0.034045433829452 0.0171756132455435 0.151511943447377 0.897601043022801
-0.00539853189958966 -0.0148184072128222 -0.37082201506074 0.505736158069338
0.00971026812496145 -0.00853309924235441 0.0551677518153995 0.0516431092361208
0.00464818914150629 0.00247816676584225 0.326613512708248 -0.536762327303487
-0.0011243219329973 -0.00481858246368566 -0.327075954253803 -0.815155070342706
-0.00555400769641061 -0.0260097156280608 -0.83721465839969 -0.0724159411782029
-0.024690575941745 -0.0399554542418097 -0.335099811985901 0.577356254853328
-0.0165590866634365 0.00416679315385764 0.204862729150871 0.390452462445664
0.0179158499845116 0.0249187522329342 0.212832824788091 0.0187000512898155
0.0206788655136473 0.00776531514400156 0.00628343338550806 -0.193143989586231
-0.00661270557677208 0.011296527996775 0.00199519403803157 0.157110106672346
0.00283432510007355 0.0137567654951518 -0.148462997062419 -0.0513646161990262
0.00908399114629566 -0.00188275347308792 -0.0870505081136608 -0.439740128125912
0.0144023972668626 -0.0276362781902194 0.434233872251123 -0.407771630268662
0.0250665721633304 0.0199162121358844 0.74193725972063 0.293132016209088
-0.0293117181632143 0.0240168087742901 0.143351628756438 0.900123778594977
-0.0151653590130288 -0.000384391117647984 -0.367181398857146 0.500209607185021
-0.00298130468307424 0.00392488222277 0.063791975952655 0.0497320964309921
-0.000377804318322222 0.0149191266884345 0.327257131242344 -0.541166921905371
0.00415080186771521 -0.00051926780626001 -0.33558922414182 -0.814072262082319
0.000216068866973873 -0.0283474883375249 -0.841579327734909 -0.068110545751095
-0.0212263746618105 -0.0376547200185741 -0.329804374498221 0.571130472759632
-0.0150728206150137 0.00911145992715261 0.207075185729026 0.381331060968411
0.0182421281913584 0.0254384701485757 0.212371771928798 0.0182165981886948
0.0224626234406655 0.00738876485395458 0.00192803971564581 -0.191669757369743
-0.00521806207512808 0.0119678878876586 -0.00245965574094199 0.157508250561316
0.00161805864541043 0.0135350273385146 -0.151153149353 -0.0487572419390262
0.00796335007228124 0.00131186352821591 -0.0895661917971104 -0.441621693836761
0.0201735498927329 -0.0262781997949212 0.425281248846681 -0.420602096982465
0.0342733343052155 0.0207444532954502 0.742679063238075 0.276256100890305
-0.0251664974789147 0.0338320939438404 0.157415206284152 0.894758240784037
-0.0260409885656384 0.0132873433893198 -0.358387792837685 0.504395531493464
-0.0187726039615555 0.0150344277257385 0.065741719824827 0.0518799539367357
-0.00707606893823246 0.0285064121309725 0.336667088478235 -0.538003656131698
0.0110203633380937 0.00586991332745103 -0.323714439564046 -0.8226941081241
0.00994231029167 -0.0290496084030239 -0.844435865728727 -0.0880391307316865
-0.0162220998787038 -0.0365822838835857 -0.342395623984701 0.560344122860646
-0.0147851364867488 0.0109265801094279 0.202190603261966 0.380367736814128
0.015907951763181 0.0245193823142455 0.211251771571833 0.021904136608981
0.0231889086329878 0.00809379139624631 -0.00128983078531803 -0.190065807810487
-0.00580082563633825 0.0118241312457534 -0.003071362445567 0.159067104439042
-0.000269534711898571 0.0118550861437942 -0.154692396655152 -0.0395143854447415
0.00553969571855443 0.00247203099932981 -0.101762111648099 -0.437815227655055
0.0246755588574726 -0.0267805774409974 0.40787272777817 -0.439516855129225
0.0468397376261172 0.0200522241665003 0.75034486339513 0.240218422865093
-0.0187375391860386 0.043404840078499 0.191279378398087 0.881843608627533
-0.0354271543896002 0.0264814383845561 -0.343593857251877 0.517019156030966
-0.0342090087953174 0.0245103274776254 0.0626351010113209 0.059188026156879
-0.0149850364808531 0.0392559016231776 0.352335659981047 -0.526356562022655
0.0181608383163835 0.0136622328028865 -0.293463037085014 -0.842138748468065
0.0214164197938378 -0.027569647339887 -0.846623556177272 -0.129168082691997
-0.00891794915812475 -0.0371962171128087 -0.367172306818197 0.543318610579987
-0.0182925049672033 0.0118407081428701 0.191701488696048 0.386684680324649
0.0126774754901402 0.0228063492028149 0.209573350568609 0.0301765644670415
0.0226414602208029 0.00841144505005934 -0.00219128461422849 -0.189560311191125
-0.0175729242576179 0.0064613612248852 0.0187790985230392 0.159328892052301
-0.00947243090820778 -5.19799687094874E-05 -0.165650502312569 -0.0161927185174354
-0.0106879382578694 -0.0228076925488312 -0.168093772168244 -0.387780524906284
0.00916632587563274 -0.0386566674283296 0.344578771400587 -0.468179532266411
0.0336913430277899 0.0169815925590242 0.79704748443213 0.107465810259189
-0.0283537656694876 0.0225459948420435 0.336888502195409 0.831431944851249
-0.00990261650425417 -0.0298623806714476 -0.317724943621708 0.576635003835855
0.0138641392572931 -0.0316625438702356 -0.00880727935146999 0.0996536126384988
0.00633788433798237 -0.0174577467984721 0.382470642129739 -0.466262646927888
0.00146574992308204 -0.00599742736497682 -0.146748023990102 -0.898385497328701
0.0105346876352548 -0.0183212193472351 -0.817387463097211 -0.274070086489255
-0.0164810716420126 -0.0482949002205455 -0.457712528651475 0.53021691117425
-0.0326821955400854 -0.0166242256081051 0.136939569065927 0.459262783358787
0.00275314488300657 0.010466615264589 0.205147528643586 0.066921005284615
0.0105922636167767 0.00408176312264935 0.0209108291539944 -0.198789204449447
-0.0159542081196132 0.00736628569548751 0.0193716006862466 0.157895378750529
-0.00546897434482832 0.00351990743832753 -0.161561446720536 -0.0286071710508595
-0.00489902675952103 -0.0207080845248508 -0.148733077015938 -0.402111226083562
0.00621339257047468 -0.0377168212385132 0.374473017746894 -0.449780131577749
0.0235174717166949 0.0179404259833069 0.791005001867376 0.164321714034516
-0.0338367165259388 0.0165728838485006 0.286573882169638 0.859784317890874
-0.00274162860392053 -0.035490464495536 -0.338379614066373 0.55912512518585
0.0214722390057538 -0.0321405447881555 0.00650581829987016 0.0862422679239472
0.00924524942946829 -0.019339045122272 0.36588184431286 -0.491201259526895
-0.0023419240799938 -0.0105352928214805 -0.204464272975291 -0.882748342419415
0.00129301075835753 -0.0222602817391252 -0.830194436554938 -0.21192022470069
-0.0224151329912286 -0.047648196824875 -0.423384147815043 0.554965685129799
-0.0283307285030401 -0.0133420852874124 0.158193732912356 0.443681501491605
0.00801023907938332 0.0157009755951005 0.208375308961001 0.0511317116888255
0.013120556764229 0.00479677909283572 0.0183374353834811 -0.199658981474726
-0.0128965187561679 0.00787288956517688 0.0153951908844578 0.157352665564913
-0.00122249659255907 0.00694141263455614 -0.157426123852528 -0.0386844127142531
2.86977179509654E-05 -0.0164524833489839 -0.12875100341912 -0.418135265895909
0.00535980050466783 -0.034681237627217 0.401536819532367 -0.432701307968303
0.0163824603207467 0.0191697000867116 0.781296541256548 0.21696196287519
-0.036871103510365 0.0123617513396674 0.231909612242332 0.883503378808428
0.000501443069990185 -0.0339022804163949 -0.358085415797394 0.541702031019562
0.023545102143053 -0.0279165005880214 0.0242924784196373 0.0718932698901997
0.0111080671734891 -0.0158390100386359 0.35005373373421 -0.513318985447573
-0.00479753769434064 -0.0106569716955436 -0.259022386319994 -0.862090880302439
-0.00541688483251041 -0.0238312967743029 -0.839151908175766 -0.148468048126318
-0.0266658737130922 -0.0459030264806954 -0.385638486179717 0.575179538477178
-0.0245769124821628 -0.00655715942798234 0.180879859939619 0.427267451665856
0.0122120014204915 0.0193359076134095 0.213447222802748 0.037568501416246
0.0157508944684265 0.00610817093146884 0.0157732926937466 -0.199026104690599
-0.0101011684504772 0.00883521478282541 0.0123546011418695 0.157240820584619
0.00191505146326042 0.010276890299763 -0.153897824646404 -0.0481319631832822
0.00388188289140682 -0.0106474983242385 -0.110186834890456 -0.431904645489061
0.00653815550605598 -0.0326049595579553 0.424165811079504 -0.419691431390932
0.0142959040613846 0.0194093547652609 0.769282801771638 0.262872688405363
-0.0371029792114062 0.0121203507462019 0.188959495190802 0.900570566756259
-0.000216722418460359 -0.0267308860807466 -0.371524400274385 0.524769732093781
0.0193805553740957 -0.020215073172218 0.0411059733263853 0.0600840525687954
0.00853004702062216 -0.0084503078454914 0.336531939549525 -0.53318208986942
-0.00428302081562867 -0.00966457866848525 -0.306128765796764 -0.842576330866453
-0.007325747476986 -0.0256874868164263 -0.849894797456628 -0.101927072549403
-0.0274874694517126 -0.0431919299717955 -0.358357645144633 0.58678768447877
-0.0193890774798902 -0.000454737603245279 0.19803445585454 0.410629051123666
0.0170823008861919 0.0232541239215224 0.214689236917547 0.0259954570485728
0.0183415242356212 0.00657367085619797 0.0106179315353715 -0.196869772260766
-0.00816888043379195 0.0103408724598053 0.00723811015862224 0.158373770239143
0.00307528846898017 0.0126920194081804 -0.152107853083168 -0.0530425423660347
0.00748599885375023 -0.00602224179372212 -0.0965641779288312 -0.440954997790637
0.00985400652999949 -0.0301410827463376 0.436210841797544 -0.413186460182792
0.0170008709125022 0.0197970741965108 0.759355812126885 0.290433416031482
-0.0347248388817675 0.0168522084359938 0.156659556577786 0.912155595266383
-0.00575599833367769 -0.0146775876216406 -0.374892218101104 0.513192248398084
0.00963285587875242 -0.00920056392270601 0.0557633517663818 0.0530476701910701
0.0043361464730372 0.00254549921532628 0.331861355499714 -0.544019815425764
-0.00193594032937792 -0.00570147718560627 -0.33379579064096 -0.828977525223388
-0.00660329396017694 -0.0271149015955846 -0.850215161704746 -0.0723483452562409
-0.0258772900975088 -0.0403899078746198 -0.338725456614285 0.58677561700063
-0.0162250988158279 0.00485821805158116 0.20929509400066 0.394200070001073
0.0184313067384915 0.0247843387789513 0.216365366202646 0.0189962104014562
0.0213242873045625 0.00675313270603229 0.00601356603814638 -0.195998450715095
-0.00735297215963149 0.0112235648294255 0.00187256282247778 0.158596733566335
0.00366424650677065 0.0136773944279404 -0.152051066929302 -0.0524150856328717
0.00864926129260838 -0.00141189322648723 -0.0906005360594772 -0.446863243753878
0.0145098956521337 -0.0283765620022549 0.438956544525807 -0.413837543950231
0.0243440961311359 0.0201312592878257 0.75340793718669 0.295863254378718
-0.0304096864248074 0.024698097656914 0.147654330474742 0.912872077922146
-0.0158456206381186 -0.00118608322561253 -0.373193939533776 0.508647500451003
-0.00300968280181539 0.00344547343660493 0.0654407575211302 0.0504062704957586
-0.000359067589642336 0.0148823476859115 0.330370151957842 -0.550234419382568
0.00399182643336471 0.000233709188217803 -0.34277670485595 -0.827044916452072
0.000263107687461527 -0.0284990521500058 -0.855688991119937 -0.0684132738915843
-0.0218391573387027 -0.038419311933987 -0.334754935802202 0.582108313025128
-0.0144234568147894 0.00880107747211905 0.21061177843081 0.386264334336206
0.018701652676462 0.0254248134901509 0.216184599593838 0.0173266773661972
0.0224293832217586 0.00755711475856953 0.00250314131516723 -0.193982891438358
-0.00555304053634111 0.0122262017383026 -0.00210783353143087 0.159565003946116
0.00220075148682468 0.0140693690789036 -0.153542147102217 -0.0490427099216538
0.00901818410290934 0.0013746048148129 -0.0922630147479216 -0.447595480222027
0.0204428631294171 -0.0273687763328493 0.430338402457138 -0.4273400955923
0.0340658112464867 0.0206568129062923 0.753501981216894 0.278174775582599
-0.0259517209735472 0.0342457096669788 0.161921937600873 0.908517402912488
-0.0262400503427986 0.0139271562798001 -0.363062943730982 0.513384170865768
-0.0193544624056406 0.0155792628349539 0.0668907229487434 0.053005895263396
-0.00720867174069461 0.0278223120067949 0.340831829076801 -0.545531696889904
0.0113682497566481 0.00589254810023977 -0.329343112926505 -0.833014905780361
0.00928036011821883 -0.0292323915034506 -0.856494732280502 -0.0893849922186678
-0.0171506562052747 -0.0378873674738092 -0.346983595168151 0.570171174476053
-0.0155306283827071 0.0113124035867774 0.205860432133395 0.385483193097611
0.0161000515753086 0.0240866900808348 0.214680117281722 0.0215581766803153
0.0230192811337223 0.00684894980016628 -0.000444011394342942 -0.192556798690208
-0.00631724258232885 0.0125038466231576 -0.00495334569032688 0.161095667690645
-0.000452315593058058 0.0122148797336016 -0.158083558356277 -0.0400540675166119
0.00607185228958787 0.00228195445123223 -0.103803408376042 -0.44178618208254
0.0247831224663718 -0.0265518275930911 0.412717512145916 -0.445191905477033
0.0471529489006661 0.0206991829278804 0.762747089286664 0.241375704885225
-0.0190838635446907 0.0437093571326628 0.19846498143244 0.896894012382791
-0.0354756787112749 0.0267678376264589 -0.349196728601115 0.523984102515379
-0.0335277592264962 0.0252266315666641 0.0626460562126382 0.0604588565925222
-0.0146365740031909 0.0391963966823002 0.356249494380353 -0.533816834604928
0.0181235708953063 0.0132091334594779 -0.297857860920421 -0.853871226774201
0.0213838291615157 -0.0281535625341623 -0.860445369039992 -0.130364451183503
-0.00993678311632015 -0.0379554166973486 -0.372187134109893 0.553323216689637
-0.0187575263276308 0.0115077987704391 0.195063372278892 0.392641229253406
0.0124805843324358 0.022198397687568 0.212671391173025 0.0304699828954985
0.0227366539159056 0.00700503647153366 -0.00297454918296212 -0.192786421981422
-0.0183024253102044 0.00763693215008207 0.0193339712372964 0.160822911482444
-0.00946398154719446 0.000631887824422413 -0.168612620821333 -0.0160415251719952
-0.0103598527236421 -0.0224370897498633 -0.173252380408212 -0.393227000262101
0.00890691494556827 -0.0392370281000621 0.348142638669944 -0.475825694832286
0.03377071689736 0.0170096618577125 0.80860953961972 0.106643952866228
-0.0292068736612139 0.0230431881943181 0.347662647866198 0.842999090397103
-0.00948264574822458 -0.0310487478776835 -0.320206657576846 0.584928342922762
0.0136704607195659 -0.0319705791065743 -0.0085697405628218 0.101404079256718
0.00487878403423544 -0.0177862498477446 0.385179594759127 -0.474737039485682
0.000668967141002744 -0.00666606879986363 -0.14979573937348 -0.912824736520369
0.0111641176176101 -0.0188995153462246 -0.83301698380164 -0.276509882730508
-0.0173857134616384 -0.0491662839472523 -0.46235785178735 0.540857299787679
-0.0331377666480159 -0.0165916612984361 0.140864969201828 0.465374136890584
0.00317664551306249 0.00997421810721928 0.207378848526186 0.0668095404128014
0.00969491213100425 0.00433158836301296 0.0215528162094277 -0.202020521015162
-0.015664519471429 0.00834765733045977 0.0203139607156679 0.159638839963489
-0.00452167251240079 0.00323729306405161 -0.164370130330186 -0.0280950304269689
-0.00447492831393256 -0.02087470160059 -0.153951011529555 -0.407244118566233
0.00599889017871809 -0.0375023379094211 0.377734766267268 -0.458159753565917
0.0233977806479049 0.0183343832121603 0.80422451617518 0.165383609822794
-0.0344128937669166 0.0168556581940982 0.294561794029391 0.872208156656839
-0.00324303549645734 -0.0354522595089385 -0.341300674503706 0.569041841904301
0.0222264604514968 -0.032878426909941 0.00623954681738259 0.0870674366653532
0.0093084341109798 -0.0199678227332269 0.369803386412395 -0.498857562164008
-0.00299718571458081 -0.00909202008186458 -0.211430946016747 -0.894704920736907
0.00103088730081069 -0.0217648284705472 -0.843555927333129 -0.212919594273688
-0.02387829459915 -0.0482540091731091 -0.428644766568715 0.565309268183892
-0.0290823780183865 -0.0121271775775904 0.16337282749988 0.450644115611671
0.00820025665490236 0.0143783692384207 0.212397893356378 0.0521723047184778
0.013071487843539 0.00515711036408076 0.0185096365226629 -0.202815537108009
-0.0137097740356898 0.00831098020910328 0.0161048900961023 0.159656038327629
-0.00120356584845744 0.00675612880201515 -0.160845319937158 -0.039725195392164
0.000167923409529126 -0.0164513917410291 -0.132847440853312 -0.42475054022738
0.00476448744254445 -0.035537912096519 0.405157019066764 -0.441635363273929
0.0163341051783025 0.0191586586610665 0.7956292352822 0.217649629754943
-0.036566665966073 0.0133930791026601 0.239836047280025 0.895721615804816
0.000801855413619407 -0.0338395566196225 -0.36142214375199 0.551310486634824
0.0241658932568211 -0.0284554112893803 0.0244650719914995 0.0735371354368586
0.00994728759780748 -0.0160932957990013 0.353562703482281 -0.521113409667277
-0.00536610081300377 -0.0108579447233281 -0.266634695063877 -0.873671312393293
-0.00571232199899843 -0.0236084035450951 -0.853694537160057 -0.14753890602996
-0.0279366279819156 -0.0460902280452224 -0.391030784064932 0.586648879375583
-0.0242326964492667 -0.00602540493162217 0.186592143391353 0.432378150290939
0.0136398605788395 0.0188483670250959 0.217200028381063 0.0374683806131653
0.0154468868082312 0.00494952926572889 0.0148208261199533 -0.201308824894134
-0.0116326849859362 0.0097510021374601 0.0123318318974372 0.159133861237358
0.00221762881832481 0.0104782110510041 -0.156697515370399 -0.0481913087337509
0.00473869890560703 -0.0105827987523667 -0.113353636190285 -0.436630270825725
0.00551712839423635 -0.0322601941278199 0.426707297491603 -0.426849561930746
0.0139127717704503 0.0194875206126192 0.782448698838017 0.26375638884025
-0.0365241903985768 0.0128377769357554 0.19580022584157 0.914482459513154
-7.95310975916612E-05 -0.0262909652660584 -0.374705379211171 0.534200382963828
0.0202903273033994 -0.0203360217206152 0.0414333605216118 0.0622032473422557
0.00805641791558099 -0.00946926148671881 0.34090881956626 -0.541472931099077
-0.00485753523025458 -0.00893188780605467 -0.313373693343487 -0.856003216721999
-0.0082408493468946 -0.0263346154846657 -0.861360920393945 -0.0985873766755674
-0.0287773116475838 -0.0432573013507327 -0.360533235179798 0.59773287245135
-0.0195683285762138 -0.000946649750270509 0.20218630034926 0.414871011484749
0.0169264094241583 0.0231388342326843 0.218925916393256 0.0256013429040683
0.0184675731506363 0.00496840806855067 0.0101588351613066 -0.200121838813247
-0.00879946185026654 0.0107280986115092 0.00745893915483292 0.159926477992165
0.0032281111637074 0.0123061627250138 -0.154849489392402 -0.0527839171902727
0.00794760022226251 -0.00546696674095751 -0.100325816865412 -0.446561028337112
0.00925501469871645 -0.0303892494136324 0.439797963348336 -0.420761277956815
0.0164016786680519 0.0197689186551124 0.77164122144441 0.290292396262345
-0.0349145090641094 0.0177302967488002 0.163537261452774 0.923443557716205
-0.00598647859566591 -0.014402620630565 -0.378200704508137 0.522138418150094
0.0107002908723184 -0.00877722066733222 0.0565866800021218 0.0546726331423253
0.0042919364593407 0.00269605515844691 0.333339452872644 -0.553336738042656
-0.00146844743272917 -0.00473619767603641 -0.341267920632347 -0.841121583250284
-0.00589973447979449 -0.0277317828387756 -0.865532023805254 -0.071113146980837
-0.0267823095849077 -0.0412855571695566 -0.340091394412089 0.600510948507525
-0.0162612947371502 0.00457975666964497 0.213978699882588 0.399701139976966
0.0190398687960753 0.0244244930760547 0.220683139806952 0.0181318564580602
0.0206725380434348 0.00596518727670185 0.00578934478227467 -0.198609342848679
-0.00714254610582447 0.0117716630897795 0.000967245985668282 0.160884532942042
0.00330453817962518 0.0140982477217369 -0.154656543478864 -0.0534205312066022
0.00935126505937577 -0.000785673790248458 -0.0935796123017426 -0.452420387199712
0.0132526921404156 -0.0280763793052942 0.442076303514236 -0.422130376457043
0.0245367874255861 0.0204798478832189 0.764547700349162 0.298460829171917
-0.0308866337503877 0.0254116575449507 0.153336731234131 0.925843442078598
-0.0145161846488593 -0.000789529617448807 -0.376553674943318 0.518195247481268
-0.00286927604085082 0.00312149376054302 0.065546911103578 0.0508111695752995
-0.00127848173912986 0.0157584184226337 0.333189555737286 -0.556994164728257
0.0037541925425966 -0.000623195782837852 -0.351780133650349 -0.839641113074819
-0.000815791455815833 -0.0291342705392905 -0.868861703830906 -0.0659385773347228
-0.0222360851055965 -0.0392764699076783 -0.337294003045727 0.593266559084019
-0.0148327674028816 0.00860825876168866 0.2159303640755 0.391086276076038
0.0187784914893466 0.024625490604515 0.219830890149106 0.018200624111671
0.0228819657269279 0.00687623078256802 0.00232534425084517 -0.197504625291377
-0.00569392222366325 0.0125653285210943 -0.00294455384772691 0.161812710923797
0.00253632398074777 0.0138797760592313 -0.156777232671877 -0.0484071207942603
0.0091794530421219 0.00220564189139217 -0.0976554421332326 -0.452585176354467
0.0197259149167142 -0.0270438076338723 0.435472613754798 -0.435020852958094
0.0347452509178325 0.0209840415923358 0.766955403113203 0.280146688193651
-0.026490205487747 0.0350903632885922 0.170154124888969 0.921076055748848
-0.0260492172444209 0.0141108377753577 -0.366580024379149 0.521700213281459
-0.0186663990189647 0.015578024708578 0.0679503189699426 0.0545987210427329
-0.00789303067139459 0.0288736439930575 0.34505734915958 -0.555163346475309
0.0104249440134386 0.00633806073031152 -0.335966959854131 -0.846432447289302
0.00969974039593291 -0.0302552440271455 -0.872336376518325 -0.0864469609831244
-0.0167343403667033 -0.0379642876470318 -0.349808253171188 0.580746924482813
-0.0159498421253984 0.0120580538702722 0.210703172921446 0.390075043517719
0.0163706386682469 0.0235484801023546 0.218542065096174 0.0219190019727849
0.0230872336716443 0.00679845649104846 -0.000196912081143163 -0.195744528770529
-0.0067853298284799 0.0131897083114144 -0.00444790209954333 0.163323989530965
0.000125334348615129 0.0123771043739186 -0.160356444608458 -0.0404165138387005
0.00687992924196148 0.00282498645020402 -0.108630419077061 -0.448274337899925
0.025195306706731 -0.0259032133868893 0.416448457610252 -0.455130458119286
0.0482669486932599 0.0203867396254257 0.77571173251939 0.242089158349883
-0.019367534238657 0.0443616743240948 0.203954898534895 0.908119618384085
-0.0363037920518753 0.0278758253305624 -0.352721738904184 0.532425770908486
-0.0339915827957124 0.0255698238957018 0.0635791449150068 0.0615349756910794
-0.0159420977163691 0.040468471513262 0.359685201402275 -0.541802189741786
0.0179168218368006 0.0132772953107998 -0.304898763583246 -0.867764688619279
0.0217064156736156 -0.0292584107165577 -0.874487307930346 -0.127759748486973
-0.0101520630293382 -0.0378269933266231 -0.373931424708667 0.565499312043242
-0.0182639625681378 0.0120859223120419 0.199666587792868 0.39705036123275
0.0132334516142319 0.0217383418694075 0.216210552265055 0.0307036362827268
0.0224531989813272 0.00689629431948003 -0.00317720613871322 -0.195255891263137
-0.0182044729930189 0.007940970991399 0.0200902238779591 0.162511414877338
-0.00835018996804001 0.000847278508088257 -0.171500452592903 -0.0152364590669843
-0.0105722883108035 -0.0217674792159938 -0.180344035481068 -0.396900407136613
0.00796880404986338 -0.0389945588819705 0.348380884150476 -0.487193065774794
0.0342098636482598 0.0170643410564278 0.822199221243605 0.102199861394464
-0.0289608894181759 0.0242603621149688 0.36028952892582 0.85476709139118
-0.00899933561845323 -0.0310029779063305 -0.320510936516564 0.59774469023579
0.0138063831828565 -0.0323493234639482 -0.00859326512200585 0.10321552423211
0.00444956313993847 -0.0188747070021817 0.388751090795709 -0.484335596076009
0.00030906393120695 -0.00711240595042443 -0.160647788094355 -0.925704854649886
0.0109753376301709 -0.0192262496880493 -0.846561882561275 -0.273989274966831
-0.018016341570188 -0.0498554248363076 -0.464037286244224 0.552109307303038
-0.0342634328464784 -0.0168703459680506 0.147126018600873 0.472543031207087
0.00325539493888727 0.00986417100307093 0.212716760693426 0.0667124157189922
0.0101186827375595 0.00326831298511467 0.0212463757065728 -0.20490848132645
-0.0154940598913124 0.00864030518031579 0.0202125212696851 0.16193428187416
-0.0043014762582412 0.00386910524853772 -0.167560032527503 -0.0278792220975077
-0.00497868995406654 -0.0207916874191065 -0.159626904474067 -0.412585605091703
0.00587111268379671 -0.0374396511254746 0.378171208247326 -0.469570149369879
0.0237340802961725 0.01846059662411 0.81826253964187 0.160290767189753
-0.0352280645547194 0.0170455142673366 0.307978854639089 0.882642891099727
-0.00375623970651141 -0.0348479545241563 -0.342471481620625 0.579850126378619
0.0222521816790519 -0.0338125929525475 0.0068226499872484 0.0888556053535978
0.0086572179752773 -0.0204245104746659 0.372643698424337 -0.508800282902328
-0.00330612220749446 -0.0102825792772256 -0.219910293295399 -0.908664622227669
0.000863683221825335 -0.022195696585888 -0.859216707682868 -0.210778873637736
-0.0238842627818392 -0.0484031601795696 -0.4280690231385 0.578645299278436
-0.0296971371901273 -0.0125945296892038 0.168761714045869 0.454815920406242
0.00782029677790698 0.0139765392432173 0.216282561794577 0.0523062975233566
0.0123335121610927 0.00358026587545962 0.0178663253282986 -0.205798537160918
-0.0139049734676555 0.00893486984020347 0.0169664841952737 0.161501534607812
-0.000992613545063042 0.00738075953161869 -0.162836865227515 -0.0391786907073458
0.000880247737936367 -0.01689793947773 -0.139123561438268 -0.427683291838792
0.00462368499350982 -0.0354390212239991 0.40792642766804 -0.452175719368919
0.0163752515791055 0.018962441886922 0.808046701542661 0.215816351323819
-0.0366262218631134 0.0137992079146774 0.250172869560617 0.907686137064767
0.000867102249720742 -0.0339872180560434 -0.363543595682801 0.563001343240813
0.0245932981843498 -0.0290762606318381 0.0239225327765259 0.0747176636677006
0.0100881432338201 -0.0175092819406429 0.355834735820464 -0.530128983685581
-0.00556497546948506 -0.0105964551979991 -0.275899061711531 -0.885506422274357
-0.0059572010153589 -0.0248076072099595 -0.869348356289528 -0.145163286547146
-0.0287651358054719 -0.0465112597063542 -0.391345188181908 0.599490445749027
-0.0240768445008539 -0.00616716051417675 0.191499248554201 0.437420513998479
0.0137340920572903 0.0182027746812094 0.221066980083671 0.0361590034863408
0.0154066622088498 0.00436779537667409 0.0147655574997958 -0.204818430196934
-0.0110641102374112 0.00967781289622143 0.0124104958323091 0.161283163852087
0.00252457765755664 0.0103732277543072 -0.160675804425907 -0.0484328730876963
0.00533460527641418 -0.0112397582351116 -0.118856402901611 -0.441757543819157
0.00492917157735707 -0.0334324299416295 0.430248952885929 -0.435467093433202
0.0141753905624089 0.0194591138132684 0.796785241119757 0.261159234732026
-0.0373038647411022 0.0139285958699876 0.206787506667756 0.925913835690744
0.000386693231568674 -0.0265601696385663 -0.377059855920222 0.544763533269892
0.0207330510710378 -0.0209945708547991 0.0423097172872246 0.062868280956057
0.00755265148043729 -0.00920991021823783 0.342782581682897 -0.551864792487651
-0.00509332065576822 -0.00863258471842799 -0.323756965555484 -0.866304373117341
-0.00867052579075162 -0.025728366909095 -0.876741137278538 -0.09693467059016
-0.028921486746887 -0.0444663414709844 -0.360976391557175 0.610819031437093
-0.0197469526464439 -0.000631493793971558 0.209219400301742 0.419286606325848
0.0179427101083185 0.0223234074927104 0.222767888246741 0.0248030261863358
0.0181463616077147 0.00424150089695603 0.00883406169608215 -0.203174252371273
-0.0085239374699708 0.0118095718014316 0.00742508256281778 0.161480404883258
0.0033699425527258 0.012796473957553 -0.158736813686745 -0.0530130719676738
0.00889237432193534 -0.00487575506657384 -0.104679571374665 -0.452517739701636
0.0089362105836053 -0.0308492098313163 0.44323930039327 -0.432605249525007
0.0172900651915808 0.0195910595474754 0.785719374942486 0.290180820077967
-0.0348162024957307 0.0181770834434438 0.174140680693287 0.93778329647525
-0.00477297931056282 -0.0145453917132914 -0.38177278245103 0.532742270942229
0.0110346446443429 -0.00986561026104655 0.0570911356969973 0.0552779947266151
0.00255725692341146 0.00222016908045509 0.33546247054948 -0.562671931315019
-0.00130300927075685 -0.00508418869181913 -0.352404739733746 -0.85142863767183
-0.00667635060984735 -0.0277939464597517 -0.878670066992527 -0.0657067701011248
-0.0273643941912429 -0.0411511191323404 -0.342778680920072 0.613140490348616
-0.0163994762818421 0.00498962450871654 0.220172630714669 0.404645024633363
0.0195784932367511 0.0235798736323528 0.224569236386839 0.0179966332714398
0.0208990932353672 0.00530494218888087 0.00540053534087547 -0.20159243634034
-0.00753932704562183 0.0124585193406541 0.00216137809360333 0.162376502812668
0.00398041214577089 0.0141773207311259 -0.158724608441076 -0.0533705254502139
0.0104000951359222 -0.0012274233936234 -0.0997679635701764 -0.457189294953945
0.0134601128595386 -0.0279970810477757 0.445475487338215 -0.431957939119968
0.0246512427899915 0.0205770557605345 0.778769609459601 0.296990847371266
-0.0308193585272941 0.0260602541353522 0.165357181843295 0.938630605465324
-0.01489385447845 -0.000450406499251559 -0.380213529258495 0.529108317485969
-0.00321654175703016 0.00343507994831367 0.0661044782577589 0.0521816214371925
-0.00125082174057664 0.0157586525469417 0.337086266810581 -0.567342450721346
0.00315647128545265 9.12826353829527E-05 -0.361144016179859 -0.849420233054108
-0.000130829952629459 -0.0289118428255573 -0.881446119195383 -0.0613233431590714
-0.0240035724592469 -0.04018477883809 -0.339258159787509 0.605592123966486
-0.0147485280209351 0.0090467319571329 0.222576368158639 0.395120479568141
0.0199061363165536 0.0245324480470429 0.223581947336519 0.016035310964481
0.0217933094769248 0.00622891883412094 0.00117249934977738 -0.2001441322371
-0.00545662180292052 0.0132952912464242 -0.00277037987297134 0.162913969168005
0.00246662343387026 0.0150561430099996 -0.160055623172518 -0.0487465887829285
0.0097390327872365 0.00150428353319637 -0.10348292397497 -0.458086714691464
0.0195756574749682 -0.0266374397324498 0.438495913693325 -0.443060702052819
0.034774375410001 0.0207319956117005 0.781242792517899 0.2788269717046
-0.025186801419571 0.0355016787170503 0.181476843507831 0.933542468032808
-0.0262533311231219 0.0146536401772715 -0.370008559442721 0.532926864718948
-0.0186577281812971 0.0160076501321636 0.0688406517360641 0.0551913240683336
-0.0079341686906151 0.0293151243570196 0.34668199136552 -0.563811559805567
0.0107947764244117 0.00616896401357662 -0.348055164070906 -0.856904792416955
0.00928123522286262 -0.0298267459045075 -0.885834208779319 -0.0820187679601388
-0.018049916827475 -0.0386555832811936 -0.349354938870487 0.594724490062343
-0.0154561499650681 0.0129648524754309 0.216921548631186 0.394703203615506
0.0173966818352341 0.0232108048307439 0.22151760097702 0.0210070269113874
0.023213860134119 0.00641692952150941 -0.00153814268854735 -0.198474464712857
-0.00621769670529798 0.0135005100700352 -0.00476743327216495 0.16482788895669
0.000696695916478735 0.0136709379589259 -0.164248131596464 -0.0400641062950458
0.00794543961674849 0.00252933799702956 -0.114564599229111 -0.453802111539158
0.0254535835954352 -0.0271337779862522 0.418855853804735 -0.463976436093907
0.0482539531495781 0.0199596864099774 0.789364860386149 0.242389768089507
-0.0191745107915749 0.0453203694845954 0.21512819903131 0.921554374067739
-0.0357988110312709 0.0277197992629983 -0.352774025380409 0.543789574197475
-0.0347154583423043 0.0260412450820042 0.0648786940262478 0.0619713898183728
-0.0167449067021702 0.0409760089157997 0.36327433212877 -0.551648635104724
0.0181005018134395 0.0136992118141871 -0.316703810782317 -0.879262201272059
0.0215505168980203 -0.0294339477488465 -0.887700727777252 -0.124163643083146
-0.0108872064413586 -0.0382180448333589 -0.375842268680605 0.577114068064291
-0.0181783272627056 0.013069536493022 0.206585193167033 0.401147510297775
0.0131175141043333 0.0209049448612965 0.220290864137104 0.030697578021837
0.0230170397618503 0.00618172906951104 -0.00397475667241022 -0.198788954986387
-0.0190475195295358 0.00851670323401253 0.0215925147470834 0.163429933121398
-0.00854484589226068 0.000841272571213203 -0.1739350471493 -0.0134420633924161
-0.00957541785495128 -0.0228354922992312 -0.188110988938305 -0.400040018372029
0.00738488862606037 -0.0393587023430624 0.348523907367098 -0.499057505079132
0.0340018155683365 0.0167978132447819 0.836321493282559 0.0952090915757785
-0.0292429403573098 0.0249839560897309 0.373742172540443 0.861523724649914
-0.0103090750154176 -0.0305599327261232 -0.318431148626649 0.609466435762675
0.0148498396029802 -0.032909064381181 -0.00844808759086251 0.105688661898265
0.00330820664685159 -0.0182860469193386 0.390136078950524 -0.494370949367201
-0.000179910016405965 -0.00541293821719874 -0.170564673864981 -0.938921539396974
0.0112987902989003 -0.0197018162633019 -0.862824608960096 -0.269294257284116
-0.0190161033803475 -0.0508237718352003 -0.467060821328646 0.567149673375243
-0.0341725434325618 -0.0169492109478515 0.153582926757203 0.476304011817084
0.00409710499476176 0.00910957775762862 0.21640198153356 0.0659950172153275
0.00918807252168208 0.0025868549325428 0.0192978145428972 -0.207790514083982
-0.0160763510048132 0.00889315310646307 0.0211267220665747 0.163644712603029
-0.00356497206178579 0.00288484396769269 -0.170900984888069 -0.0261977588261435
-0.00495958058868872 -0.0212010817182227 -0.166986330956478 -0.41515811707914
0.00467177138732858 -0.0382122187323048 0.379235329049396 -0.479920666890779
0.024020535249319 0.0188504601788479 0.832457086534581 0.153020837636227
-0.0358019810986179 0.0189923734839532 0.320138274369075 0.892543622478927
-0.00294246303557453 -0.0366888550024299 -0.341327822327409 0.590612351081585
0.0223024003040746 -0.0347689586485497 0.00732926331154046 0.0904010034185306
0.00891334656217278 -0.0205523351783982 0.373746567002651 -0.518345447162532
-0.00411514840459459 -0.0099553750892191 -0.231775491944449 -0.921564692445974
0.000724388610121633 -0.0222298657256819 -0.874434355633719 -0.203424255287716
-0.0249404562705693 -0.0490715682186117 -0.42927458210922 0.592061897723949
-0.0296624508064805 -0.0118620761406808 0.17673173196753 0.460429847165795
0.0101321016700468 0.0135314040285944 0.22040319732393 0.0497720561497512
0.0124648604153965 0.0028980696471012 0.0161368569100649 -0.207667907314864
-0.0143809455242392 0.0101614758955367 0.0180046345006939 0.16233010777681
-0.000442799123443009 0.00644480475734258 -0.167048178727177 -0.0380319489270707
0.00126401014414489 -0.0165264422057549 -0.146966115882237 -0.43157889529182
0.00395112598832615 -0.0357734110280813 0.40742677569292 -0.461877011896235
0.0164377846607624 0.0189653229225003 0.820121569286807 0.209118447370257
-0.0375835816910684 0.0145185250355664 0.266437924529172 0.917215951191143
0.00013021710435589 -0.034508806339503 -0.364105041235154 0.573593132624383
0.0245582930225441 -0.0303145032553889 0.0260875385527799 0.0762934236290661
0.00874200107733748 -0.0166528297165513 0.356638405403529 -0.541780446458766
-0.00594284189217566 -0.0112049539587534 -0.289370477173886 -0.895622912527926
-0.00692751116172753 -0.0247943633194168 -0.882207339276113 -0.137274773039598
-0.0294861043241393 -0.0472122880850973 -0.389155407021339 0.611886505316736
-0.0244552719651837 -0.00660691045036254 0.199403801498826 0.441243874326835
0.0148906857502315 0.0178351476685748 0.224210285920913 0.0346887651106745
0.0148284617762311 0.00314885784789596 0.012566182427326 -0.207375764065874
-0.011724385592496 0.0106228337539259 0.0136582376734442 0.163021001002526
0.00274252146202211 0.00992555464345577 -0.163684691923216 -0.0473180121562707
0.00560095719865577 -0.0114117442061734 -0.126154925130566 -0.446340695646244
0.00520512799370444 -0.0332445040705494 0.43055225120419 -0.448281106949944
0.0144088411264998 0.0190630891091413 0.810936386444582 0.258372858454236
-0.0370992772469652 0.0146210245667875 0.222017664401676 0.937901195395174
-9.09757280331755E-05 -0.0272114840733272 -0.376456057466779 0.557012868608016
0.0209012722267188 -0.0213397194421623 0.0437204786375156 0.0642383575144727
0.00718795600171738 -0.00966717605356707 0.341423211026447 -0.562284192727641
-0.0057533242864467 -0.00835114486408001 -0.335371891943585 -0.874614198296875
-0.0088356950605851 -0.0260262693671124 -0.889886970988577 -0.0887541357810193
-0.0303473583563771 -0.0443590235519237 -0.359778308485278 0.623749685694344
-0.0197877504983182 -0.000378538774185467 0.218636571909854 0.423662015635808
0.0185011018393709 0.0212850061000416 0.225595541852296 0.0231830529617141
0.0189044210215253 0.00393765670035203 0.00716453809418734 -0.20577663845451
-0.00957989456845754 0.0122621577191821 0.00811927353723825 0.163621917018784
0.00413630161938292 0.0129152018810805 -0.161265747521841 -0.0526735844423026
0.0085735394341336 -0.00623684284533454 -0.112851068687757 -0.457002970971556
0.00789036401041912 -0.0312085276835085 0.445083981477565 -0.441927377645115
0.0175503205481749 0.0203755040388343 0.799317369506829 0.28744244943168
-0.036035797346222 0.0191532741746412 0.187633650677961 0.949684700731279
-0.00529741755511205 -0.0147071467272277 -0.382945608098674 0.545298193979932
0.010900300469942 -0.00982168254821316 0.0581286276293576 0.0558742540363847
0.00331574495233642 0.00225418259732389 0.335343315372887 -0.573379764197867
-0.00257066250099959 -0.00555612133742762 -0.365719918613024 -0.859726816444619
-0.0069168244897513 -0.0287681352055058 -0.893475745512593 -0.0569053625104005
-0.028615016675433 -0.042295617776829 -0.339593414936337 0.625457981054096
-0.0158306858719251 0.00567513025507958 0.228340107702013 0.407274259345216
0.0198383482228689 0.0233760132991736 0.228181271392581 0.0160690284606809
0.0210483596503584 0.00490763192162515 0.00391723425527226 -0.20413111866653
-0.00676376928483897 0.013281040202843 0.00212844995829261 0.164290636659873
0.004857667204347 0.013883345949852 -0.161395149464278 -0.0519869379511342
0.0108236679440159 -0.000995562220890551 -0.106056066964505 -0.46096831639989
0.0131403458879318 -0.0282222547002316 0.447716802606319 -0.443287986542428
0.0252324701745042 0.0203251536985799 0.79231785528119 0.293313595876612
-0.0308207622873173 0.0264488142828121 0.17952058965321 0.949895931999284
-0.0141374630246327 -0.000257428543324911 -0.381655831783216 0.540794616671473
-0.00264834114628089 0.00371327728214071 0.0678563586775887 0.0516891094054576
-0.00163585129925471 0.0164226094976174 0.335794296684224 -0.576935828269227
0.00342248936030379 -0.000333737434671615 -0.375398819501122 -0.85881146606664
-0.00137593725246062 -0.0300424790238376 -0.896344015892472 -0.0519690685154615
-0.0242739486871797 -0.0399084457217425 -0.33518438591143 0.618964381688926
-0.0146728704472841 0.00974213866241806 0.229481874396868 0.399347708167855
0.0206974327212195 0.0238682967474453 0.227498601560349 0.0139542533248826
0.0224903290492633 0.00463616764397326 -0.000711928720054912 -0.20232328324974
-0.00574967230707853 0.0136041532604519 -0.001933993524432 0.165424960544686
0.00359122238775469 0.014853666654172 -0.16347139380666 -0.0476799777918016
0.0111830231007019 0.00112732213030768 -0.110388166399933 -0.464011493126316
0.0191705825949552 -0.0272483826105759 0.437431251268027 -0.456759816162079
0.0359994196520373 0.0207708101410567 0.795781931804944 0.274934733576752
-0.0257984177906968 0.0367116247250974 0.195016446013984 0.944184916412537
-0.0266236038427247 0.0148431639315598 -0.369022147611013 0.542921340557567
-0.0190052723584508 0.0155735586424606 0.0700783725099884 0.0546260596615593
-0.00892943238793056 0.029998120773256 0.345374563334322 -0.575913927829781
0.0107325522735985 0.00599016605664609 -0.361949120704175 -0.867175449904209
0.00937994460269663 -0.031085170587607 -0.899649010061042 -0.0748236513733537
-0.0183002060284875 -0.0394652349633014 -0.348600185116933 0.608118484791776
-0.0154246821588576 0.0123818585644135 0.224012708813598 0.396287711609751
0.0176141947974503 0.0230621794085994 0.226372266220321 0.0193998903754302
0.0227213134798167 0.00482025245415858 -0.00376127484444832 -0.201434710299072
-0.00603617322478251 0.0138218403949962 -0.00415630275757436 0.167647501424672
0.000799975975298441 0.0122926270555481 -0.166966936257518 -0.0381441950473
0.00809897943251329 0.0020912199410718 -0.12139970645262 -0.458331291184906
0.0251219860319156 -0.0275907788912714 0.419703375540573 -0.477019633893486
0.0488327878723375 0.0195324269736669 0.803137609309165 0.234696014974195
-0.0190533466571431 0.0465057228830945 0.229077281877453 0.932063533762543
-0.0360437656591706 0.0286624077771641 -0.353416346295857 0.554425651245114
-0.0350970831489704 0.0263629048774588 0.0662659502049558 0.063439961021287
-0.0164487250168401 0.0419167496229305 0.363841374135169 -0.564591041220305
0.0182993999260531 0.0132923331622935 -0.329089701262088 -0.888470394107167
0.0218175543473271 -0.0308303895002285 -0.904078848996246 -0.116323354131051
-0.0113980571621969 -0.0388386357460419 -0.374889500081943 0.589938042287552
-0.0183889420059316 0.0126502934349654 0.213075995699868 0.403906864636802
0.0130996604903016 0.0204203892856545 0.224068996053337 0.029317251285167
0.0225328811254661 0.00553518783645967 -0.00646615560947537 -0.201292771267096
-0.0177387787939168 0.00561857283621654 -0.0152878133486589 0.164410393030254
-0.0086163221316029 0.00158144991022068 -0.171419675826479 -0.0491275387077023
-0.0111012889493227 -0.0246432694379236 -0.107076415809293 -0.43454816563065
0.00801152936982062 -0.0458831319103821 0.451113666509066 -0.428713224148611
0.0358378799092691 0.00835117396330533 0.817905038235288 0.260608704874117
-0.0228607830773344 0.0206191585564511 0.200599789198202 0.935455275499636
-0.00374660805582829 -0.0297605867308297 -0.444363328555068 0.5461880600685
0.0221608471627977 -0.0283747939198125 -0.0302002031731522 0.104214889826588
0.00795295361923515 -0.016935535781315 0.49207400323144 -0.417109081908946
0.000132700742847054 -0.0115619683362084 0.015840267972829 -0.973141349785345
0.00915471010483716 -0.0214757855122481 -0.804491958894481 -0.435184649289796
-0.0190739182950954 -0.0512189463650876 -0.575190957276485 0.472307800739265
-0.0321076048769322 -0.0188655610386448 0.0589377008513912 0.505115946100879
0.00475136930152435 0.0114561991793575 0.200477444832035 0.109031675383653
0.00941392043510285 0.00186077987746923 0.0648149136264674 -0.202368622746637
-0.0154989628306133 0.00707633884370554 -0.0150004450108125 0.163628016456131
-0.00519772813101801 0.00526947387634054 -0.164345496140844 -0.0603267364382347
-0.00581649833476526 -0.0226140065016888 -0.0826097841797896 -0.444107829122649
0.00576118689277758 -0.0449246204116473 0.477870481339871 -0.404782013203921
0.0263633824549084 0.00842152660884954 0.79932859441317 0.320136852679663
-0.0272654855170231 0.0138989424911249 0.142428499758324 0.956488061194083
0.00377075747907528 -0.0339945607938568 -0.462619935545884 0.524681941110094
0.0311048289189314 -0.0278425460443626 -0.0115188744994717 0.0927856412392665
0.0131237901289134 -0.0184095560802396 0.477925103630211 -0.445294921171052
-0.00285285123141986 -0.0161593147449424 -0.0501997504564797 -0.964803831068825
-0.000553246810737568 -0.0263243952837851 -0.829318273639322 -0.3730776840589
-0.0248311117510453 -0.0512177984694341 -0.544762661234327 0.50482774471242
-0.0282737194586765 -0.0132925893744005 0.0855290515385889 0.491491550637747
0.00888561075032247 0.01744922900992 0.206850546883265 0.0942986765162003
0.0115979069300226 0.00219026283119034 0.0613793810220645 -0.203298981548346
-0.0135188317767614 0.00892406486141782 -0.0174952361676216 0.162540002151046
-0.00321049941211573 0.00954153736853631 -0.158861955116632 -0.0719356462685417
-0.000910961866367334 -0.0171030288444665 -0.0594286651433095 -0.456635697026226
0.00449973847473264 -0.0430884470829415 0.503343736316757 -0.379978792806362
0.0206423214283852 0.00774883107231793 0.780500242154632 0.372004381756319
-0.0299286378087008 0.00960677484066177 0.0798127662703337 0.97068003625849
0.00764267674362669 -0.0304552827046529 -0.480917517541705 0.503271954139027
0.0322746168577718 -0.0230922512313465 0.00980224375999907 0.0816979024885077
0.0126398187391841 -0.0146796978801389 0.466595558375273 -0.471069097811802
-0.00519598581551149 -0.0160273767139038 -0.111536214010667 -0.953357610872491
-0.00699262182144016 -0.0297958232337331 -0.85118185567194 -0.307799266239884
-0.0289481812873531 -0.0487010642994618 -0.508488230550332 0.531300791666819
-0.0250801808346013 -0.00651102146339405 0.111980713718735 0.477603237661995
0.0128953075230499 0.0227347454378601 0.214024156921551 0.0799122641336078
0.0146930766928935 0.00516827178900709 0.05908572031389 -0.204329601297185
-0.0112920416556453 0.0100909877207063 -0.0211278172842134 0.161731146815607
-0.0007687984182286 0.0130287933105252 -0.152637664545965 -0.0796183354889656
0.00144932378239655 -0.0114468325820639 -0.0359790287174232 -0.467553516896974
0.00599650913303455 -0.0408834789287358 0.523801444494166 -0.362358520531404
0.0185089523610746 0.00785461407158426 0.759811713964377 0.419220706649458
-0.02986567919119 0.0103424092293153 0.0318408997898888 0.982173978718788
0.0055118638177102 -0.0235451477588143 -0.492000337003647 0.482520357061651
0.0265976789676718 -0.0157826141360242 0.0301436228859596 0.0725548636549425
0.00957857110944846 -0.00728109859332717 0.457390715061479 -0.49447105805236
-0.00533430792821047 -0.01527199563323 -0.163476108951038 -0.942572241997191
-0.00932179650828242 -0.0321418155561455 -0.867083196724431 -0.261372468878627
-0.0304021040104856 -0.047428067586703 -0.480609372264454 0.549790169449446
-0.0214069127381651 0.00060050199472369 0.133100841670984 0.462073154390582
0.0169449602538524 0.0270340412150881 0.218658409409622 0.0682400141948255
0.0170393934808825 0.00579405531919868 0.0529828046221046 -0.20330253190305
-0.00922209064739669 0.0122672538789056 -0.0270672245677489 0.160994364808661
0.00106796483757827 0.0150323263264732 -0.150327423378975 -0.0839599131368576
0.00461689408431557 -0.00559781164034923 -0.0189487351953064 -0.474851755662734
0.00832464183522081 -0.0374770968177404 0.535264780593481 -0.353277706409106
0.0220819041500528 0.00949260996369058 0.742964781654068 0.44371883101974
-0.0282444602750045 0.015639430206423 -0.00384091498687703 0.985423889435335
-0.00179305980988434 -0.0130003389423855 -0.495950347446725 0.468967214859239
0.0141142279432633 -0.00695286996524387 0.0467726729282386 0.0680879717715059
0.00234375016421583 0.0029959665435834 0.45238872131614 -0.508756385347256
-0.00369170253451868 -0.0107523176531247 -0.197375909810195 -0.934804249656959
-0.00780430551220505 -0.032736667316961 -0.876773421173596 -0.231429693753553
-0.0285398292329324 -0.043536775866409 -0.461260442957639 0.554153851368135
-0.0180560031090191 0.00653434824673829 0.147222556794467 0.449424823109873
0.0177588619836404 0.0284271891363752 0.221316829002089 0.0611773817173279
0.0194769392433162 0.00699453496102707 0.0479640580632815 -0.203176153890778
-0.00753199432844146 0.0132467648190306 -0.0327438346315117 0.161346720179865
0.000272188427418093 0.0166505157145182 -0.14994707495441 -0.0840210348324958
0.00564357340355114 -0.000546428038545807 -0.0121999429413125 -0.476617021235748
0.0131259358807907 -0.0344150776973675 0.538239032102614 -0.351044787995669
0.0293008837893092 0.0115784427974648 0.735192064121656 0.45011172453743
-0.0267214146514607 0.0248330762649604 -0.0136965146093532 0.985043469948611
-0.0155055416884205 -0.000321001159269611 -0.492725429833102 0.465216755216273
-0.00240572123922275 0.00236338880322732 0.0565524194299362 0.0669982935523747
-0.005627322616272 0.0157819654683266 0.453447931043556 -0.512849304513981
0.00135298132516625 -0.00492541257498008 -0.205600396781027 -0.931359769369091
-0.00103722851767091 -0.0329865493075855 -0.883151041687353 -0.225624804149782
-0.0246735978033729 -0.0410929818377287 -0.456705133179177 0.54906112910171
-0.0184381953177931 0.0116614774415259 0.150761532922499 0.441117913497901
0.0177142325736854 0.0287485615707282 0.221156069486054 0.0602831100032216
0.020800234804144 0.00748816811577162 0.0440174945379988 -0.202480478772999
-0.00775194580280832 0.0150783233856016 -0.0366132233381199 0.161221676598042
-0.00065254178008227 0.0158197392209606 -0.152749817561093 -0.080258828739916
0.00472321681906806 0.00206986015170326 -0.0155945050406683 -0.478500701502356
0.0185408345422951 -0.0319218435420468 0.532990889821034 -0.36583930143749
0.0402409649533175 0.0142220939460048 0.741090665447748 0.43244479140898
-0.0226113280043023 0.0358553550098631 0.00352182682732393 0.983503327613777
-0.0289599563686664 0.0128509385939778 -0.481813542813529 0.471129708875172
-0.021064907978347 0.011429621067478 0.0580412779105426 0.0690754561067636
-0.0151628074226684 0.0282376781568663 0.463055908174126 -0.5073335861324
0.00708737276371474 0.00329325632612515 -0.191717822433276 -0.937825151640226
0.00918575528583065 -0.0317894904230749 -0.881775786101539 -0.248820911648187
-0.0190415613573594 -0.0386282481265985 -0.465404908950641 0.533736522322643
-0.0189883304868656 0.0139965760693187 0.146128809052554 0.438052845392709
0.0153654020813175 0.0280398132186133 0.21908672146304 0.0650801703314275
0.0212286652322816 0.00860476217544547 0.0409926929151192 -0.201195058037554
-0.00644643670296596 0.0148823711356303 -0.0401481340642278 0.163152766067857
-0.00300526657772594 0.0147929437171422 -0.15890259030548 -0.0719306125944381
0.00144954069855937 0.00213797825791651 -0.0295442081565496 -0.478134246193117
0.023351131311167 -0.0305454295295569 0.519191307700456 -0.389667841324466
0.0523570984663326 0.0166453519075958 0.757588293964318 0.394988385851169
-0.0179935512008128 0.0464431830479568 0.0425412614615047 0.978719136249542
-0.0416832682041698 0.0237955636453979 -0.470065540779583 0.487531813640575
-0.0390373452768647 0.0181022859382734 0.0524596417808608 0.0769811424869979
-0.0255892946635638 0.0378206007825491 0.477187368317103 -0.493658615087833
0.0123411404861806 0.012465620981843 -0.154563828963137 -0.952678170890006
0.0216675612843287 -0.0277796224053595 -0.875144940666354 -0.290763176532339
-0.0124848106922817 -0.0373754127047093 -0.490063904904702 0.512274281268771
-0.0228663498351948 0.0137366438869527 0.132324442174553 0.444144844613993
0.0118232784987651 0.0244351150732974 0.214665024095734 0.0738350240943133
0.0205288531138948 0.00823264365528278 0.0384886004529215 -0.201930277025343
-0.0187905365621348 0.0073322074682579 -0.0129533600932853 0.165734202597825
-0.00818505090201952 0.000779386550471277 -0.17408551461241 -0.0470077273336222
-0.0104328854931543 -0.0256442799023753 -0.116727998104984 -0.436705857389827
0.00717298984527541 -0.0458259246644847 0.448001148890916 -0.441696755228069
0.0362050374834813 0.00784347285967546 0.831799768721307 0.250210193647461
-0.0227251854016979 0.021685409146856 0.219186031643932 0.943450070271776
-0.00338813965059258 -0.0302069561988591 -0.441477202875904 0.560296474819609
0.0228305021499772 -0.0300144017764625 -0.0294421644718608 0.105641236359834
0.00712959425316391 -0.0173314772834188 0.491425961081429 -0.429596285465981
-0.000640627168501176 -0.0118484093673728 0.00221231057726058 -0.984421437971719
0.00816216804381167 -0.0219132099737312 -0.820416552234714 -0.429287619772135
-0.0198441056983634 -0.0523114558664476 -0.574739574522884 0.486352403651023
-0.032104161313485 -0.0191008262607575 0.0694853251892387 0.509766424230801
0.0052189995428051 0.0104255117486383 0.204736011108519 0.107970379645243
0.00903916762678305 0.000789391857809457 0.0626718634929779 -0.204662364919835
-0.016050112970604 0.00809337989477622 -0.0126075925025144 0.164657118449494
-0.004887284896447 0.00531257370799909 -0.167708061759039 -0.0587997254975493
-0.00590971686375005 -0.0223508693519709 -0.0918029728627492 -0.447819778788912
0.00549548169587746 -0.0456245493142983 0.476506409928202 -0.416340459849727
0.0261823286873299 0.00746008563661659 0.813940204362746 0.311398778284281
-0.0278702920341353 0.0139832503807929 0.158291647513368 0.96452144060582
0.00358255889165187 -0.0334239057087793 -0.461252305917982 0.53940272116804
0.0313719073206809 -0.0288775588056786 -0.0109624093203052 0.0932783746965155
0.0117295701307423 -0.0186761256477069 0.477215127845134 -0.457025110328076
-0.00326348068275163 -0.0165927331830134 -0.0657816358766494 -0.976722188316756
-0.00172019149560081 -0.0265058926645763 -0.846117831617778 -0.366823155516472
-0.0265257353235708 -0.0516047216621532 -0.541375793484522 0.518999924580768
-0.0287892183447985 -0.012945310276368 0.0946276735478045 0.496296192961987
0.00977310503419255 0.0168383160957275 0.212134511079424 0.092445698629092
0.0113153432654601 0.00168140244079702 0.059261008045275 -0.206866295710724
-0.0139296272143551 0.00902030931446142 -0.0159991040215475 0.164891196467498
-0.002488731777092 0.00878078843639995 -0.162203818752538 -0.0698045298557564
-0.000843117025009931 -0.0169984444631915 -0.0675392065589137 -0.461525751322679
0.00400048235317409 -0.0431215182433955 0.502481786003263 -0.393682432083644
0.0203638531912566 0.00781020486671552 0.794896683647441 0.365844926341079
-0.029994882520282 0.0108332344661864 0.100596800597495 0.98224523201716
0.00688678805427992 -0.0312049836127169 -0.479775491427881 0.516545335562129
0.0329682671546308 -0.024331130063768 0.00980932932249858 0.0829480846205543
0.012019971053471 -0.0147622468101725 0.465497067760737 -0.484740301704966
-0.00653157371568217 -0.0177890674456133 -0.127204383340341 -0.962465160532276
-0.00830307655125375 -0.0293934479593887 -0.865881095823461 -0.29920978398922
-0.0305780317899641 -0.0499946710778427 -0.506522609289814 0.5469681763171
-0.0246078635224956 -0.00572517140119696 0.121475342454019 0.480664828085417
0.0136728592496402 0.021879948807592 0.217811602907717 0.078552267416108
0.0141403182409839 0.00359928662379203 0.0560274267601179 -0.206525039176082
-0.0110073267823262 0.0113064422698621 -0.0198476904694259 0.163048044444054
-0.000552214510699319 0.0127227323585597 -0.156531612215361 -0.0776277343849236
0.00212641219406486 -0.0107847934009981 -0.0448830096433611 -0.471730477701631
0.00519062112253518 -0.0411171401513208 0.522220450990478 -0.374979662078546
0.0191668181537064 0.00830648657186271 0.774966768360645 0.413396154005924
-0.029781296459881 0.0112675932206276 0.0507769985581447 0.992347741867064
0.00527874898217445 -0.0243974435134791 -0.490137130779858 0.495373655503478
0.0269195898635352 -0.016198483430329 0.0311160818652801 0.0738283895997721
0.00870315558102369 -0.00695534078695772 0.455321943920397 -0.507851937769999
-0.00617947293486763 -0.0153222382418562 -0.179283197486275 -0.951666497947881
-0.0103300670580947 -0.0325043927288108 -0.882584159349824 -0.251833473680826
-0.0315139207301789 -0.046140319702814 -0.477694313046217 0.56382289824258
-0.0211471242615884 0.00121924076087825 0.141880208473638 0.466113423287381
0.0176810137358369 0.026235395744527 0.221723188163824 0.0661055959506333
0.0175371205193819 0.00505744166660592 0.04989926007732 -0.205883276287622
-0.00912871202915082 0.0133836389814939 -0.0256849093509583 0.162955144090192
0.000866444826119295 0.0149237222737897 -0.154119871149263 -0.08255294216508
0.00501769183369111 -0.00503322682612971 -0.028041018608625 -0.478402090186978
0.00756313608811804 -0.0382524592565124 0.535195335007292 -0.364640115176278
0.0218824561378712 0.00924564523512834 0.759040009351674 0.436988376988784
-0.0284368478710429 0.0166909024906947 0.0133903674988026 0.997460896999912
-0.00287293797369201 -0.0131500270572292 -0.494227886362451 0.482484101498895
0.0150583619657588 -0.00728864177770627 0.0474118060569308 0.0682301073761965
0.00274444026059269 0.00287375228359717 0.44839869955141 -0.519873900641524
-0.00384731088447882 -0.0107762139106463 -0.210844719357958 -0.941478826670089
-0.00794978838328887 -0.0332733258218707 -0.890231719719673 -0.22041479673584
-0.0302461116925296 -0.0440309408535478 -0.457467082716199 0.568064000915317
-0.017884635150775 0.0076272656870848 0.156021210029622 0.450845994672314
0.0192205607060445 0.0288335154709961 0.22513627912601 0.0592551674995088
0.0190850758401804 0.00559738485801094 0.0459393507015689 -0.205792723833277
-0.00801997242840118 0.0150651533669182 -0.0310686486310354 0.162391774915019
0.000516802923326896 0.0168822314549207 -0.152797589552619 -0.0824404070612564
0.00539021821681244 -0.000585487820586903 -0.0209447727763666 -0.482484457213822
0.013129472790612 -0.0355279258707613 0.538472832227297 -0.364935208781012
0.0298589539590171 0.010999968740642 0.750353303474461 0.44339201392955
-0.0260776990786726 0.0248465649522176 0.00406297502260917 0.996889430930033
-0.0146726044271549 -0.000128617434873358 -0.490634370600007 0.478202681526219
-0.00180789924909754 0.00314644086376644 0.0583539166128469 0.0665024643712639
-0.00594731315376398 0.0160573322898477 0.451267148579253 -0.524302778428543
0.00107295683814908 -0.00402077415983242 -0.223245033866321 -0.940460621039887
-0.00140085444819496 -0.0332495655228269 -0.894532521567497 -0.216944634619722
-0.0263307283170183 -0.0412776115870829 -0.45320571034268 0.563648595562343
-0.0176556164371472 0.0119048283574222 0.159871659357945 0.442825620175593
0.0186491675901302 0.028444329387125 0.224194194740455 0.0578574749635511
0.0206021352699652 0.00617973240254577 0.0410147192286589 -0.20490197534611
-0.00691079216333919 0.0157293712922738 -0.0358567118514914 0.162926899389408
-0.000535603181203386 0.0161962314177632 -0.156875211118195 -0.0782613227344856
0.00531872938036719 0.00217392478452338 -0.023973558818065 -0.483802636958766
0.017646966595145 -0.0328066988490975 0.531578068954657 -0.379760765284763
0.0407089101115936 0.0144437887932835 0.755983298168263 0.425251633935539
-0.0229516477614705 0.0365533436681442 0.0213984662499325 0.992979388157232
-0.0290533480616004 0.0126973820551081 -0.482094483636988 0.484653389709371
-0.0203199455624113 0.0116429115623115 0.059422824509846 0.0700409923711872
-0.0154816094019788 0.0289054112111714 0.460563041185809 -0.520118581009796
0.00627614479309339 0.00358315118819573 -0.206712784174957 -0.944721349866428
0.00860744110245394 -0.0320525688292296 -0.894832163667035 -0.237443210576156
-0.0202390203394681 -0.0390845679854476 -0.463627224140846 0.54792254555579
-0.0195184388215218 0.0142684085920443 0.153718362612068 0.442948902741428
0.0158426797547142 0.0266781205790843 0.222831849281511 0.0624693497729239
0.0213760930111028 0.00773573323452112 0.0382030071221569 -0.204046234602126
-0.00604276423282518 0.0160256299597723 -0.0388973650240839 0.164150451235065
-0.00212075929987719 0.014239124146397 -0.161978791346012 -0.0698005097288332
0.00221744707897156 0.00230131322136804 -0.0380716571118526 -0.483320384795386
0.0227752028741557 -0.0314479706012163 0.517382101329163 -0.404201334898075
0.0526565413775072 0.0154687167426137 0.772307241527445 0.386854382531273
-0.0178003524835217 0.0473537931236346 0.0595744234978047 0.987679004841007
-0.0417746981494444 0.0251350728850248 -0.468765368816366 0.50013996058669
-0.0389959556596876 0.0185111022579602 0.0533536949556566 0.0766817477873719
-0.026049824417984 0.0389787802955648 0.476210220712762 -0.504602219219662
0.0135075777822258 0.013174914032886 -0.170641554256552 -0.96464734732111
0.0215753715808841 -0.0297103373503748 -0.892752441137797 -0.282025563815787
-0.0133134767688426 -0.0375686586736168 -0.486628862491759 0.525432762696596
-0.0222756877091374 0.0135035407483312 0.141240320748333 0.446679001001265
0.0120474581162417 0.0238737184735449 0.218976216211906 0.0716719793606271
0.021041096956114 0.00747321972192947 0.0357584529615158 -0.204593707804468
-0.0177527758941766 0.00803144892329572 -0.0101104600080336 0.166730499612685
-0.00857795961735245 0.00111526614194637 -0.17647427016735 -0.0435419839130158
-0.0106231294036613 -0.0246940886281265 -0.125495893007211 -0.43798713236592
0.00583559618814227 -0.0449935540361447 0.443190650650418 -0.452035981865986
0.0367358229650596 0.00790755371861047 0.844005409820791 0.23807723748376
-0.0222493712325373 0.0221904709817233 0.239692605490102 0.948712378594289
-0.00441305987724854 -0.0301216058322485 -0.436080344661379 0.572235281022493
0.0226687470536566 -0.0312348344769936 -0.0291888870956359 0.107850939947552
0.00637110291065736 -0.017779214117095 0.488356781528202 -0.441096896268131
-0.000942725615991423 -0.0126890839126489 -0.0175097031520092 -0.994129362136136
0.00839097454620411 -0.0225544334564754 -0.838074107010141 -0.417951902248888
-0.0203928534840864 -0.0529214443563743 -0.57208295205744 0.501617283591917
-0.0327384293109542 -0.01835403438822 0.0788242643371976 0.512664650759315
0.00553940882651758 0.0101184193711525 0.209269320225454 0.105067731702977
0.00819886526235019 5.33630373971816E-05 0.0604557116958162 -0.207444906946096
-0.0156632512586063 0.00913546105115368 -0.0101362438189873 0.165424473099515
-0.00473511560750297 0.00552434671594737 -0.171075217694184 -0.0556366781520758
-0.00578195295937576 -0.0223406776485895 -0.101951158962536 -0.449606184990514
0.00411491737355379 -0.0455094554851728 0.472687259497498 -0.428605474413409
0.0272013596785178 0.00708082150523699 0.828696528572644 0.297663515097585
-0.0271994923348203 0.0152765686478602 0.17936228654138 0.969858057325647
0.00331946022644786 -0.0334558696935605 -0.455533733999173 0.55029729868485
0.0318616033457022 -0.0295204713702095 -0.00968194991765692 0.0959077913530434
0.0107881550416837 -0.0182855256950593 0.474011641339451 -0.468497483995249
-0.00394288315730237 -0.0166818344481326 -0.0830798509466484 -0.984354096381822
-0.00138655366651651 -0.0264835958412706 -0.860420681506272 -0.354652098264949
-0.02813492000137 -0.0517577166146292 -0.537319080028483 0.53526456520254
-0.0295712533956099 -0.0126456425553215 0.105584442965972 0.498196341585627
0.0107850739238943 0.0154409326300568 0.21593685618942 0.0904590618492346
0.010974760845353 0.00138953024085277 0.0567908974842381 -0.209451662443271
-0.0138110914614399 0.0097591099203128 -0.0144113788253059 0.164781032747453
-0.00191128782987745 0.00915179648889552 -0.165381049220566 -0.067074385032242
0.000106454811245583 -0.0170246011745547 -0.0777606822328935 -0.464680255647081
0.00271099714925001 -0.0439716429572665 0.499184882108468 -0.407678400618808
0.020566376089086 0.00714620137913052 0.81040094698081 0.354379560932088
-0.0296552834765416 0.011855181271081 0.117950964711201 0.987867097309796
0.00695694462342268 -0.0310224643437568 -0.473906247943893 0.529113809954486
0.0334799132960755 -0.0257748190966574 0.0115787509602801 0.083887453560023
0.0111569223867559 -0.0148538349295323 0.461143641170624 -0.494885191081648
-0.00678588697607882 -0.0180179591630902 -0.147014060087011 -0.970189353741307
-0.00905804195817777 -0.030728811178265 -0.881723515422075 -0.28578017034382
-0.0309645206630267 -0.0499429653130401 -0.500974347819539 0.561661086191773
-0.0244083610652834 -0.00593597827343569 0.130785484227391 0.482514801530443
0.0152038868264924 0.0217835882683681 0.220981339965153 0.0738539087833826
0.0130249014052702 0.00361175112525749 0.0538952307283637 -0.209084790818997
-0.0111415933505175 0.0118562728114386 -0.017923908932732 0.164554853911732
-5.91744930232884E-05 0.0130340005554357 -0.159985647158076 -0.074851110488017
0.00278718262740737 -0.011244202681004 -0.0540944297960316 -0.474141719091486
0.00407630765660628 -0.0408343994258053 0.519617949564281 -0.387960649958978
0.019208512081348 0.0073260872593018 0.789201600815799 0.400487287868372
-0.0294519343728477 0.0118948055748795 0.0680912448952324 0.999758153132752
0.00496594340675377 -0.023624129549928 -0.486779547188652 0.507712185257166
0.0275912929746177 -0.0174824776616316 0.0315162401427998 0.0747566384352374
0.00801933552919073 -0.00759449010828125 0.450691595043955 -0.517559565514262
-0.00693533630548071 -0.0162926184027733 -0.198445655835975 -0.95777940518469
-0.0112546998886464 -0.0319449352070664 -0.895767241781253 -0.236416622876768
-0.0324620526536281 -0.0464816459668421 -0.471203764821555 0.577871809223992
-0.0206320194724789 0.00187405609430752 0.152046923595514 0.467249041815237
0.0188206611844089 0.0251635462847531 0.225040130357992 0.0637164047038602
0.0167016799937745 0.00388412738158905 0.0473158669201796 -0.208134901882676
-0.00857806232642806 0.0134455530730368 -0.0239351676084269 0.164200652186677
0.00190602068700124 0.0161970559619684 -0.156847840693056 -0.0803003407995311
0.00559762416344112 -0.00583673296259915 -0.0376131445308125 -0.482327852373394
0.00647775319679895 -0.0380235651149737 0.533799194853302 -0.378768689159935
0.0226886845696935 0.00924759970158667 0.772610138739688 0.428064791031858
-0.0281952066618393 0.0168870905999686 0.0326470886997215 1.00662260026711
-0.00261171182898405 -0.0127678487053651 -0.490188607893721 0.495281472741802
0.0155204332824537 -0.0071692604781713 0.0489775852991733 0.0680955306587755
0.00208110296955284 0.00318960251486952 0.444048833186503 -0.532821100251883
-0.00482309555765306 -0.0112833927897319 -0.231157998018068 -0.945116917795428
-0.00958315350953425 -0.0335493137788725 -0.903772082678966 -0.205902282386073
-0.0315665948161216 -0.0434838983685063 -0.452132481732246 0.583422493138241
-0.0171950584171578 0.00755370937333507 0.164681356969837 0.452426426614837
0.0203165174925198 0.0273239900117675 0.228745756712355 0.0567039793707999
0.0192843798282053 0.00505525392432819 0.0427807889953705 -0.208169918128166
-0.00745415707533709 0.0153938789317073 -0.0296088745810837 0.164203421625264
0.00181468234496607 0.0167597518317714 -0.157289756864537 -0.0809010673917874
0.00643179648894528 -0.000223889080398561 -0.0307472194736226 -0.486306388496964
0.0110323201785757 -0.0349313057505948 0.53584278618717 -0.378420179786979
0.0307409612185407 0.0107161894150757 0.766295167258244 0.435312642426325
-0.0257460128795107 0.0258346525097306 0.0233585856360742 1.0059286411316
-0.0143225354773162 0.000189606948653752 -0.486906974868667 0.491487955241111
-0.00146040719627327 0.00274136097647481 0.0587337442678348 0.0667689961305438
-0.00665249471187076 0.0167361412958294 0.446443529932743 -0.535468738655263
0.000273616516440083 -0.00461586020034855 -0.24264391073207 -0.944935339603252
-0.00298954733685562 -0.0335730498356132 -0.907803336509387 -0.201489701345289
-0.0282719027245687 -0.0405178756434431 -0.444155714864184 0.57842735850005
-0.0173369038448204 0.013043190812063 0.168412396244771 0.443205923214765
0.0195019483339247 0.0276967258559079 0.227900195039079 0.0551083144437182
0.0210328374329688 0.00666337462612294 0.0397368008734639 -0.207942868383868
-0.00653547140434997 0.0171466785027881 -0.0352704616313686 0.164339637465314
-0.000352542738250332 0.0170966167302509 -0.16066809704782 -0.0757328908885937
0.0054412767868513 0.00228807474877556 -0.0334775775717959 -0.488420457845037
0.0173068539095069 -0.0329437767237033 0.530114542826304 -0.394397157973283
0.041487103510601 0.013834641795776 0.771762206751575 0.415780427077826
-0.0217901620391997 0.0365624047186338 0.0397726240370552 1.00408548024547
-0.0285080809359185 0.0135650923519302 -0.476431494555915 0.496166681386495
-0.0202008581570767 0.0124855014905269 0.0610694223987469 0.0697186103917394
-0.0158780572882902 0.0292750959331877 0.455994440683519 -0.533481183106198
0.00684900990483392 0.0033978940275999 -0.226252830171649 -0.952740706550948
0.00796130330346058 -0.0332222822645762 -0.909086208810428 -0.223854644659515
-0.0213511497987981 -0.0392831210549012 -0.45697069584666 0.563602669091932
-0.0184899714439656 0.0155818459867116 0.164382594717433 0.442881410238749
0.0169631321253111 0.026131022865444 0.225563032369946 0.0592730464149159
0.0214479834808535 0.00678602898167582 0.035039826242747 -0.205632817128931
-0.00684975541480853 0.0163406930829892 -0.0365022870240096 0.16580385630093
-0.0022511195856417 0.0140592084619156 -0.165193939287389 -0.0671871992377457
0.00333447025361307 0.00207218414422496 -0.0470479754284787 -0.484595010615953
0.0220645766067132 -0.0317678591617816 0.513739356275497 -0.4156023849731
0.0537409967003691 0.0145522193576242 0.785686972237822 0.376139403461317
-0.0163583735914766 0.0470603680688072 0.0786694256172531 0.994626795164844
-0.0413274547203529 0.0260983434158305 -0.462763281465918 0.511831673557629
-0.0389780086107792 0.0186949705499568 0.0540004602611503 0.0769092171149614
-0.0263703501779337 0.0405883812165622 0.473452266031128 -0.517876662294237
0.0132991125373531 0.0126185551020891 -0.190642743186508 -0.969495701717082
0.0213965043028045 -0.0304486008832429 -0.905294407822304 -0.26640477370619
-0.0144011782301213 -0.0382136011664337 -0.480599330991714 0.541365332560114
-0.0213221014874894 0.0145722790810979 0.150924407022169 0.449256086767805
0.0127551505354893 0.0230875733958464 0.22239741125893 0.0691232837873375
0.020537419489925 0.00701834095624366 0.03279441977484 -0.206866484446789
-0.0183860492608425 0.00818683550445956 -0.00918167864316966 0.168086773027136
-0.00817760343069564 0.00168274261931987 -0.179710204923771 -0.0405452472022319
-0.010604572712536 -0.0246474779953116 -0.134977033696208 -0.436817961666401
0.00479977111828812 -0.0462954591820705 0.436558101668918 -0.466392785521282
0.036671291567321 0.00680256470089513 0.853784111226948 0.222159581989861
-0.022617864955607 0.0228268403560831 0.259553499930411 0.949896079017791
-0.00425151658388441 -0.0295438596802725 -0.426905636764008 0.585672082320619
0.0228403015285488 -0.0308170589679488 -0.0265552707481897 0.108212911309926
0.0058211508196196 -0.0172314588365222 0.482857357174544 -0.451368693519988
-0.000353731726433611 -0.0122833571607734 -0.0375573025849301 -1.00056022270163
0.00786609679791464 -0.0226740332269432 -0.853277596276816 -0.405970478637977
-0.0214168288709644 -0.0517974258710484 -0.566478734451307 0.516548537612572
-0.0337441509932709 -0.0176759613009593 0.090680768336957 0.513503411143991
0.00557618231514882 0.00867778528928242 0.213172548665165 0.102542513058946
0.00787703895659338 -0.000713535864549736 0.0566152837418235 -0.208657566712469
-0.0164439537487956 0.00975498309477399 -0.00796430556672316 0.166695060198445
-0.00353155522020543 0.0054858883334836 -0.173667858306896 -0.0521288226707394
-0.00554702896896082 -0.0222522849902644 -0.112551063607986 -0.449800887880924
0.0024164964976496 -0.045600090076524 0.465447305973763 -0.442097722630257
0.0263167442550738 0.0069858047007425 0.83924726444736 0.281472576369387
-0.0267241044873422 0.0164533308623406 0.200469499112429 0.973905509328085
0.00351360079237484 -0.0345082602889788 -0.448678057819053 0.564874842345395
0.0315118130433677 -0.0303310985297648 -0.00838777761682251 0.0954842778924928
0.0102634121424337 -0.018316998559222 0.469371758821046 -0.479754723428362
-0.00532389654883122 -0.016771079618036 -0.102906716973554 -0.990774815501189
-0.0024830960683797 -0.0274935913550013 -0.873107042781899 -0.337271848376833
-0.0282031723826578 -0.0512163165732512 -0.53017092063799 0.550010275044652
-0.02897973721467 -0.0120871618587733 0.115002992067478 0.498534086662183
0.0119065653278702 0.0152353803385754 0.220132363225643 0.0868813805549953
0.0109329375504052 0.00109339259143853 0.0542920362085583 -0.211315690364797
-0.0141427319512173 0.0112123258802902 -0.012070800391806 0.166192756674765
-0.000771755980723063 0.00948584673345343 -0.168173852572549 -0.0640899265506411
-0.000945085572020072 -0.0168803222159454 -0.087235553499482 -0.464227319607795
0.00188745826683447 -0.0436125819853116 0.493027993065099 -0.419861766715041
0.0204874476619086 0.0066591599077549 0.821169657213048 0.338787439324993
-0.0292379371979727 0.0118881408112601 0.139551770058689 0.991006403365736
0.00706202057770397 -0.031720335864493 -0.466904794822773 0.540869100965521
0.0334902735511601 -0.025414595082128 0.013191981090678 0.0835678756075586
0.0105092585639849 -0.0147659522087619 0.455349304653967 -0.507076553840737
-0.00733722156073081 -0.0177084269463809 -0.165040934782263 -0.97442548909343
-0.00950687302344894 -0.0304382067192025 -0.891983957479946 -0.270489911976508
-0.0330143902371933 -0.0492399351633267 -0.491406420086126 0.577016234670464
-0.0245009427588373 -0.00464237064272442 0.14253702366892 0.483192109189768
0.0160801885657258 0.0201952157457135 0.225400612889544 0.071841101020276
0.0130937784674249 0.00118325286142164 0.0501003830088216 -0.210285253699297
-0.0114988792251791 0.0124727528071505 -0.0156352193932079 0.165695863454277
0.00109914157083407 0.0131092733173137 -0.163638037699978 -0.073600361933517
0.00357784828362287 -0.0112165058390882 -0.0653968641389315 -0.475439022037741
0.00383560355072309 -0.0414153455882611 0.515662858080014 -0.400084613886674
0.0192877171790334 0.0072064653911484 0.801742823844865 0.386377231413111
-0.029316521462368 0.0125100169154147 0.0890384282166014 1.00376376182041
0.00511408215529706 -0.0246261980963753 -0.479436473928805 0.521381508300994
0.0280304524293859 -0.0176111167896006 0.0330112478180232 0.0743226427821614
0.00729171200287692 -0.00668543965631252 0.443904452778576 -0.529782681189507
-0.00759082240025913 -0.0153639415342156 -0.218316272887347 -0.960496266171103
-0.0121987343364809 -0.0323173121161627 -0.906934902044421 -0.219773562525254
-0.0337505220146786 -0.0463515918173298 -0.462963139783408 0.591982893019093
-0.0201765334925262 0.00170628115786975 0.161538985904604 0.466522442712355
0.0193164870690687 0.02382574395771 0.228923042313577 0.0603585779226989
0.0165996472476342 0.00217477172346125 0.0448914392752361 -0.211023725998587
-0.00912115541233374 0.0143891611359784 -0.0219485538573015 0.165151484953282
0.00268043097881312 0.015099734018925 -0.160178142003731 -0.0776848249328436
0.00592385652168284 -0.00563365296414383 -0.0471979980121904 -0.482811604688306
0.00643817600815363 -0.0388290772065398 0.527657701146548 -0.392978106979509
0.0234072767535288 0.00863820273893239 0.786436347654856 0.41539129865318
-0.0277698990449319 0.0178647739205942 0.0526464123635536 1.00981453855673
-0.00284325966550415 -0.0125229381455197 -0.485085171789904 0.50801255896527
0.015912675545874 -0.00798056557165414 0.0504604895458969 0.0678385842056022
0.00109264446560952 0.00427673785215179 0.438607176417343 -0.543843040262993
-0.00501853798265499 -0.0110812315014647 -0.249415376266189 -0.947714278886264
-0.00980765885822866 -0.0342990311189759 -0.913732249484466 -0.189177428261263
-0.0319845949425742 -0.0428718289335059 -0.440875561288275 0.597487980770931
-0.016726574339046 0.00912666340409631 0.175422974145355 0.451379538958631
0.0211189719695364 0.026264335902525 0.230674151249283 0.0521293213882354
0.0187986147629954 0.00305538077905953 0.039982594738164 -0.208772129777272
-0.00746907989067992 0.0166358138040276 -0.0266556307588495 0.164809389711287
0.00227049677272357 0.0166129626221743 -0.160267531340306 -0.0776033394021594
0.00715890147712144 -0.000775717722387596 -0.0395139165248001 -0.489098948243598
0.0106813121635255 -0.0355367948323784 0.531298491180626 -0.393068894433815
0.0312108898259803 0.0103910012998565 0.781001244576626 0.421891532423631
-0.0251245305195293 0.0268227430010448 0.0428204641744901 1.01153870093427
-0.014318143641963 0.000576864176767253 -0.480967947795712 0.503852553995324
-0.00068001166568195 0.00300718532977241 0.0607303020160711 0.0655931721786439
-0.00682556012000452 0.0162178572063381 0.439283495439711 -0.547449165554087
8.29833280313816E-05 -0.00469454703624504 -0.2618746688885 -0.947264262574854
-0.00347997356732564 -0.0340947722419587 -0.917994171145664 -0.184936417883139
-0.0283109829784932 -0.0406354789896128 -0.435914495602246 0.590981329903558
-0.0168640793588424 0.0134680930746453 0.179232400517998 0.443646310046601
0.0199506746615173 0.0267597982444012 0.230959553713365 0.0505636797782176
0.0205383052764579 0.0050155948432617 0.0343966908092641 -0.208481587757911
-0.00633595487458409 0.0169453651021034 -0.0321455101447909 0.165896774138468
0.00118180144624297 0.016036824800247 -0.162777057499841 -0.0731685902792636
0.00640174222957471 0.00185692350139917 -0.0429488612145256 -0.490317934321706
0.0164217595372687 -0.0331936684066419 0.526024189285632 -0.406681515736198
0.0417271475013352 0.0127404991022108 0.784203520633359 0.401871403707761
-0.0209884930564779 0.0376599099964966 0.0590978557712285 1.00729755529913
-0.0282580535865358 0.0142794041970757 -0.471610195554515 0.508360657961895
-0.0197206266416904 0.0121823849542975 0.0629004535894156 0.069280455600594
-0.0159437517124343 0.0301191949994679 0.449631843337325 -0.543871093131334
0.00654468646308003 0.0040595388407164 -0.244127430189253 -0.953120398536833
0.00774777175283443 -0.0332950727587173 -0.919921173805204 -0.207698423063351
-0.0223799877129061 -0.0395910119459987 -0.448952647782175 0.577367821990954
-0.0177672148054716 0.0151486932955813 0.173170388294037 0.44294148013199
0.0177873187857816 0.0241125638352077 0.229159752230048 0.0560696127207133
0.0206463391839325 0.00615966820870012 0.0320724889904665 -0.208209054833922
-0.00631664256475147 0.0174456819418709 -0.0344400328591108 0.167084503240019
-0.00129995087262152 0.0142579774462737 -0.167671382926145 -0.0639467767615406
0.00377434765977073 0.00192541447956851 -0.0572345637267934 -0.486639006058475
0.0214856626698664 -0.0322024113773504 0.509026752962039 -0.430232101553007
0.0536414612541496 0.0135379663605756 0.800659262160121 0.363827439749234
-0.0158983315515239 0.0486533767008027 0.0993469127266682 0.998974068293896
-0.0402728729336021 0.0261996189046022 -0.45763522624377 0.5240531508335
-0.0385053786333777 0.0195773333968457 0.0569988615025983 0.0773580076876427
-0.0261359879906211 0.0414180092217406 0.465265889799702 -0.529033803901302
0.0127081791206848 0.0125712382437627 -0.209611346771852 -0.972770559027922
0.0204574738151683 -0.0304531811530362 -0.917853754394223 -0.25267550688733
-0.0150402089966917 -0.0379307007229452 -0.473020112039759 0.555655331458094
-0.0217406614949261 0.0147299758997538 0.159702155980736 0.448873046468105
0.0133884790566303 0.0216673052181986 0.225208635848448 0.065410726297625
0.020182169430691 0.0064831990300062 0.0299017475135096 -0.208635958265949
-0.0183554103563269 0.00943133221758652 -0.00655532663656152 0.16774196301338
-0.00726438276206747 0.00160587208514999 -0.181599268001036 -0.0369352332989718
-0.0109543037681727 -0.0245369732862051 -0.145670900052391 -0.434819731933855
0.00352092820001931 -0.0461263285441949 0.42844345378423 -0.47633829460496
0.0362763069935475 0.00589621197164025 0.862120248501424 0.205330049998893
-0.0210721535498501 0.0225739486795201 0.280434882262161 0.94828539305433
-0.00422214602564536 -0.0297626012916956 -0.417985700717076 0.595703555314018
0.0224146088781639 -0.0318433902964614 -0.0250311235434568 0.109543468215795
0.00536252554575879 -0.0175935192250111 0.476501270757472 -0.461731691773151
-0.00127138462414712 -0.0120188859683146 -0.0549958458720514 -1.00347695511055
0.00773160210499253 -0.0230308442220929 -0.865781274516558 -0.389388937090514
-0.0232586051750111 -0.0523922275048021 -0.556426603005609 0.531352346038997
-0.0330374874780167 -0.0177509082811513 0.100032540304684 0.513564896147856
0.00640533876724355 0.00784019333921901 0.216228531693071 0.0990576912305567
0.00736756394496744 -0.00174904462142536 0.0534771293860388 -0.210704121656512
-0.0158727580585901 0.0102959286419985 -0.00557272772191796 0.1666548367856
-0.00382292250960076 0.00588260020542153 -0.175068506848274 -0.0499401340726343
-0.00558855505436254 -0.0227307392708396 -0.12264063140209 -0.447877512811087
0.00190858946774739 -0.045134605102235 0.458993759201877 -0.454578288532926
0.0271024884455505 0.00691507886421877 0.848936123177372 0.26510571734497
-0.0263679155552935 0.0154964994976171 0.221989806835662 0.972724538755346
0.00236959212078747 -0.033357707821163 -0.440511896698776 0.573472999819904
0.0315983915353403 -0.0306064992120028 -0.00610666025732752 0.0964747404328393
0.00873638243036018 -0.0186754501098929 0.461344293848565 -0.489049075329047
-0.00509330307644428 -0.017073525228914 -0.12204884297205 -0.991403261186118
-0.00325551014304064 -0.027620157130542 -0.884694081570309 -0.324944835028136
-0.0295068349072609 -0.0507911456784816 -0.519494779596245 0.562872749557753
-0.028813069942883 -0.0119687630247054 0.125323645431042 0.499242735659473
0.0116307952591297 0.013866082029995 0.22245563889483 0.083538225469758
0.0103009563465022 -0.000611648407665933 0.0487907881774583 -0.212344236561429
-0.0141230458448075 0.0114810309457731 -0.00834895302551361 0.166449863386527
-0.00134977645214965 0.00927529625436566 -0.170752925684261 -0.0612221278043233
-0.000526082737987347 -0.0172511895081913 -0.0984315075016261 -0.462705855306049
0.00090701774193333 -0.0426548133346366 0.485880610527672 -0.431851874772102
0.0204454301237788 0.00696839763902551 0.831995335566015 0.325007791953527
-0.0285838332092593 0.0121389817283481 0.159736477861902 0.992378643518505
0.0064360144383486 -0.0314412471890809 -0.460134240421343 0.552157871995796
0.0334506557738864 -0.0263964013266858 0.0145644319517596 0.0842820314639073
0.00994073933031928 -0.0148063934487646 0.448602892736394 -0.517202484771328
-0.00785575536133455 -0.0172789292349188 -0.18591542456277 -0.974286940131498
-0.00993649968490441 -0.0304814002552285 -0.90053262822702 -0.255496045580401
-0.0335870265354683 -0.0487652335634248 -0.48297668909928 0.590555536246247
-0.0238874190274914 -0.00471843727618667 0.151718427902033 0.482404372652972
0.016466123062114 0.0182469799401326 0.228149488940455 0.067486863085731
0.0133118643801586 0.00073626370490065 0.0467634933685896 -0.212757720372065
-0.0114744037417754 0.0131142192570635 -0.0136824754847539 0.16555295997194
0.00132649675549928 0.0124647091431711 -0.165892883596986 -0.0695711408683155
0.00331161376082854 -0.0118545127831225 -0.0751834513629663 -0.474559684482386
0.00192487731850802 -0.0413491402947665 0.509171755084734 -0.413087412215669
0.0193896719781322 0.00718552679496373 0.813339810357903 0.371031308536505
-0.0286422016209024 0.0137649426648822 0.11123954802935 1.00699984550768
0.00499751041833716 -0.0239160237325012 -0.471108641251955 0.531759369408393
0.0279565576860759 -0.018550179943327 0.0349073779998669 0.0742925036589858
0.00696954674729106 -0.00726354171427067 0.434896525616676 -0.538418142484143
-0.00768472496951823 -0.0152589589673858 -0.237996907627801 -0.959890121824817
-0.0129139488006434 -0.032310048319775 -0.913709047442752 -0.203165033021517
-0.0348464864218479 -0.0458303634193484 -0.451103467603301 0.605113809299039
-0.0199553861247465 0.00239887561241282 0.171869609162618 0.463856045007023
0.0204945535774749 0.0230166985877076 0.230933644638471 0.0551090571969673
0.0161678328977687 0.00105947607536661 0.0409636334309532 -0.211734670156829
-0.00839360904349576 0.0155448594635703 -0.0196168031090374 0.166159926508274
0.00323999546858377 0.0153091910065703 -0.162654017509391 -0.0743270615435402
0.00664148604831655 -0.00547074909881375 -0.0583906066066685 -0.48371789317687
0.00490520205268745 -0.0383288424702769 0.522297646548855 -0.403200309969439
0.0228539047536781 0.00779426174849251 0.798469509918436 0.398518427546377
-0.0273786382443458 0.0181650212073088 0.0746810260778275 1.01395266839307
-0.00224894353969359 -0.0126550286454865 -0.475459866540772 0.520030115674495
0.0167196355975849 -0.00841426038021331 0.0517007783649468 0.0672275135255334
0.00119691171376933 0.003500812859137 0.430956955089595 -0.552441085994336
-0.00534285969173574 -0.0108750777671948 -0.268814298731008 -0.946658354999645
-0.0104796618938249 -0.0334160587009365 -0.922690283251029 -0.170722226999473
-0.0334565832333996 -0.0425611909587063 -0.431404298185025 0.608511342214553
-0.0167260170293411 0.00894951527741401 0.185792352812193 0.449857311789702
0.0219361692623159 0.0257121658098882 0.233589162582401 0.0476039354696605
0.0184390374806577 0.0027757227114996 0.0363385627229836 -0.210842648324727
-0.00713085742379828 0.0171449877964797 -0.0244062098372783 0.166256698748969
0.00376016205150928 0.0155771794473725 -0.162760886921695 -0.0749453608623308
0.00709678993209208 -0.0017135691560207 -0.0513157098085944 -0.487340094484839
0.00984756149167471 -0.0357127592449353 0.525599405490789 -0.403913732828688
0.031242116162568 0.0104035322810627 0.791996794868131 0.406531109281979
-0.0246347159790011 0.027333534588717 0.0654670881688093 1.0144781491871
-0.0134632880443422 0.000652975706944108 -0.472299348886442 0.515109472559492
-0.00032892646209771 0.002530206255775 0.0617303199935913 0.065302451579245
-0.00677505251206764 0.0176107520499298 0.432301213033947 -0.557323418616923
-0.000612158159232039 -0.00438275932662251 -0.279949004420422 -0.945499899077236
-0.00373324739708758 -0.0350400029747763 -0.926730321938763 -0.166663643108791
-0.0290737759609095 -0.0402609420514047 -0.425745807013051 0.602604898593482
-0.0160110979941459 0.0128130512328324 0.187344618374636 0.441427110894146
0.0211640397518333 0.024822725161261 0.233512625759967 0.047567052975815
0.0201202585487525 0.00422014644750721 0.030845773291953 -0.209447458864961
-0.00623941648614352 0.0174647255806782 -0.0286978516741337 0.167006364121495
0.0015218060244112 0.015726183544081 -0.165092029113023 -0.0698084041834178
0.00731208213089527 0.0014613495487966 -0.0548044291586841 -0.489242473931475
0.0160016527398367 -0.0330135025190625 0.517154521597867 -0.417434492042862
0.0416731822977496 0.0117327286633782 0.795423072383287 0.386935163642068
-0.0207615043066209 0.0378989764802683 0.0808348633814027 1.01145481106421
-0.027237247453728 0.0149392549596331 -0.462437859782798 0.519922730939874
-0.0194763565284621 0.0130540358541134 0.0639796501407412 0.0689809098910448
-0.0159750515543208 0.0308361000369778 0.441151083657242 -0.552800619667437
0.00679558372676911 0.00316846224480961 -0.26425720439048 -0.952853294480861
0.00632180790748761 -0.0341987218837901 -0.927848324387275 -0.190301242319872
-0.0230054483661872 -0.0380257507386059 -0.438388667829765 0.588652337712568
-0.0176539119950171 0.015199701216782 0.182267496314159 0.440978656463061
0.0179523774042976 0.0230464366952574 0.231483305715962 0.0520784498436265
0.0202423232166096 0.00475558975293467 0.0284676691055817 -0.209066879040814
-0.00574644805192698 0.0182206862540929 -0.0320978202463787 0.168072116947432
-0.000627938556275804 0.0141741041581933 -0.170919774591556 -0.0611072256057189
0.00399531681853652 0.00187852028797282 -0.0679396305047715 -0.486628007259358
0.0202027738074777 -0.031594003081972 0.501799538205232 -0.44250945736081
0.0544296899437972 0.0119691732252191 0.810584307966865 0.347792841789225
-0.0145309293010281 0.0486800863192858 0.121176161058901 1.00129211876604
-0.0400084350860633 0.0278574849554451 -0.449276835336161 0.536374060656858
-0.0379784043930695 0.0207154874350036 0.0585829365858967 0.0764633690079034
-0.0256391806616069 0.0426854836135586 0.456908324002333 -0.538772533241612
0.013154184542042 0.0125281127806458 -0.230270609512677 -0.972513632865102
0.0203759669947572 -0.0312834918133984 -0.926745200263098 -0.231895557507163
-0.016426181064948 -0.0376411951385511 -0.464206517396656 0.569389720519679
-0.020745437723572 0.0149941618172951 0.169588915659903 0.447071402301416
0.0138200530021272 0.0199907355382158 0.227501548169925 0.0617641067202075
0.0202189444992073 0.00474333595222589 0.0260803510206197 -0.20891736969418
-0.0180450053267849 0.0104629008144506 -0.00343013915552661 0.167843672985865
-0.00785479767205203 0.0015446436809425 -0.182320046405284 -0.0324170282451671
-0.0104930209536051 -0.0244905837268277 -0.154820619590358 -0.430916730355278
0.00141884496199195 -0.0458607939295884 0.418248888154184 -0.486259350597744
0.0372995250508927 0.00563382167653307 0.865547081842456 0.18759588911659
-0.0208542735156083 0.0244987606306209 0.30281237290234 0.942043274698633
-0.00476584852375009 -0.0298420685198463 -0.405373702164249 0.605093909128112
0.02205667638604 -0.0319563137422324 -0.0223296223742085 0.110516485991145
0.00394887461404519 -0.0170869877841957 0.46862914033436 -0.470234139008237
-0.00226073522489385 -0.0122032197076406 -0.075627700128724 -1.0022839131093
0.00728554243167886 -0.0228522817488503 -0.873528139324633 -0.373792265800694
-0.0246349497220263 -0.0511629268271056 -0.546440492378386 0.544441711876802
-0.0336508843501518 -0.0165842903971469 0.11010287205754 0.511085587362746
0.0072554736316196 0.00656807164576939 0.218761100976351 0.0948427438204424
0.00700139501378705 -0.00309019525541201 0.0495778079149228 -0.21209513141634
-0.0163445392465467 0.0106329901731952 -0.00370841671502077 0.166788785013842
-0.00337667980119471 0.00523328768099289 -0.176112299459681 -0.0449594593907164
-0.00522786499761615 -0.0220249015376179 -0.132070419249437 -0.445430337635177
0.000350563627947834 -0.0448613589617507 0.449437395869793 -0.463095274197186
0.0271442832163948 0.00658965662989348 0.853995104815387 0.249048837373091
-0.0262173865226834 0.0165371369836059 0.242438793290314 0.968656121548643
0.0023913433226547 -0.0335358532319783 -0.42854043895424 0.582724612974056
0.0318216670863346 -0.0320743742130864 -0.00513656389276598 0.096681741863767
0.00862325087616876 -0.0186499188345395 0.453329111559234 -0.499957295023189
-0.00647856448801745 -0.016785371593747 -0.140925569744564 -0.990696932695561
-0.00301773812848714 -0.0274297902979327 -0.894109926047232 -0.305128675378527
-0.031438715586147 -0.0506692063072219 -0.509179776940128 0.575564176500028
-0.0295674554203825 -0.0108712928450681 0.136299068431956 0.496163050256823
0.0122688467324511 0.0130514579466449 0.224385561488308 0.0792459589002784
0.00914303880158919 -0.00155886430759118 0.0460590948835189 -0.212735340229478
-0.0137952291558745 0.0123753321683268 -0.00701211656009375 0.166451241453876
0.000205786759780155 0.00843600473040631 -0.171554984312516 -0.0575014031125258
7.86004568747939E-05 -0.0173798209651355 -0.107975277410695 -0.460623545118832
-0.00093416329467624 -0.043315878659066 0.477346412763552 -0.442291654662152
0.0211921710089417 0.00606753062234651 0.836649388042047 0.306271614690616
-0.0284199748632047 0.0139445006343854 0.181701327318909 0.991086682680669
0.00663554334354502 -0.0317282927760797 -0.448727046223342 0.562108621798087
0.0327273815452771 -0.0272096019819768 0.0160199406539584 0.0838231593492666
0.00883044356738526 -0.0152169598899232 0.437032217999204 -0.526254340596598
-0.00828125475452663 -0.0175017317832728 -0.205130223415239 -0.971435733785278
-0.0111367751345641 -0.0303238956803447 -0.908589239697965 -0.235352906643266
-0.0350552303352396 -0.0477983721140184 -0.470806843169207 0.600022672914222
-0.0241969490144101 -0.00381666661609465 0.162387971784653 0.478857422098428
0.0178793981245833 0.0174481262951389 0.231185757052223 0.0632673743874092
0.0133303954528781 -0.000887461860689051 0.0424883896986935 -0.213358794450731
-0.0111361321991496 0.0141048968148262 -0.0109716594467897 0.16562516501515
0.00281649322070785 0.0115485173805663 -0.167258910977058 -0.065397875716207
0.0044758436183105 -0.0110894810399443 -0.0844758930702189 -0.47306554984062
0.000933341225331112 -0.0410694271350233 0.498585303351038 -0.424322092779829
0.0193222298436085 0.00746549064675542 0.821303369365801 0.355082980992503
-0.0277822238597677 0.013994283033693 0.130620244106935 1.00352036363544
0.00495517473920253 -0.0241385035407848 -0.460237556230386 0.542386231359904
0.0278573532758031 -0.0185315541598149 0.0355775707769259 0.0736677183089369
0.0063106536387212 -0.00715851632183913 0.425868695942878 -0.548044719632721
-0.00894495319732012 -0.0148691650001574 -0.257051580272602 -0.955485167608041
-0.0138042125129949 -0.0323688314030961 -0.91979352016837 -0.185736611822328
-0.0365089954491221 -0.0446669844266755 -0.438922339769096 0.615240871792692
-0.0196453876788811 0.00272407030804731 0.181174061747907 0.461106895085529
0.0206264006459648 0.0216830796501997 0.232850444501477 0.0513304990320807
0.015620314792826 0.000399872834832715 0.0367581715428044 -0.212482693168569
-0.00913282657465178 0.015769777336884 -0.0173534118397634 0.165769775841881
0.0036966687844692 0.0146250272271635 -0.165443786144218 -0.0713391038495989
0.00710330565313895 -0.00589812765950691 -0.0692916658994308 -0.481913755181205
0.00485461255781644 -0.0380590571864474 0.513461228351765 -0.415691899958091
0.0235659061095864 0.00748800572925473 0.808415620376558 0.382114984460298
-0.0271361990613346 0.019133622495071 0.0972881917454168 1.01228655069705
-0.00183126717528403 -0.0127685455915899 -0.466360952133771 0.528695990588793
0.0164583691394701 -0.00900857031118348 0.0522904178421994 0.066996633665811
0.000372212546493698 0.00496454549131322 0.41992947307355 -0.562342303876934
-0.00576241400581618 -0.0105844261751044 -0.289795787187089 -0.942814540370454
-0.0118591286486438 -0.0339185193763284 -0.927277796219483 -0.15322469202931
-0.034392389383146 -0.0424275788427257 -0.418771527357881 0.61879398155153
-0.0157826814190396 0.00883615747329666 0.194066180268294 0.445388846191292
0.0220103805234205 0.0236934419145965 0.235192318834428 0.0439003517154741
0.0178610834411963 0.00175696572410133 0.0316993749490458 -0.212137831593551
-0.00668198447648048 0.0165465015996151 -0.0228875657817751 0.166313427652216
0.00374970879223234 0.0156982378607888 -0.164691644224425 -0.0713668070563064
0.00815436534150721 -0.00134020845213604 -0.0607421595456541 -0.486821127479091
0.00913783625516168 -0.035481409408458 0.516558385014817 -0.415248117591818
0.0314671279142228 0.00963647527537726 0.800126975357163 0.389572323795833
-0.023356211889627 0.0272403265060135 0.0851659157383818 1.01187787616405
-0.0141326310130624 0.00182567171122005 -0.462964340343096 0.524930877647758
-7.18562842114731E-05 0.00266115460131154 0.0627533970221612 0.0644189042130856
-0.00680063297611055 0.0176086210676359 0.421098189167149 -0.565307206731498
-7.03788896027069E-05 -0.00420518750148521 -0.298611316400681 -0.940625859329172
-0.00575066624091529 -0.0349420895616989 -0.930652602549139 -0.147381348950806
-0.0301818097215391 -0.0394539252057914 -0.413357143480623 0.612334672305892
-0.0150036642503638 0.0128804342655549 0.196468888285488 0.436986938546312
0.0214520728530095 0.0232809866877153 0.23471663541872 0.0424126078211619
0.0197239271113658 0.00341776580108311 0.0278571027507333 -0.210676155802976
-0.00562467390086074 0.0184751088853704 -0.0275233452948717 0.166907704169756
0.00249989440958779 0.0145553659852093 -0.166094156641745 -0.0668346415349176
0.00795079525879126 0.00143768573923417 -0.0639295333607182 -0.488388734665602
0.0144081899954751 -0.0342833466809694 0.509454408158464 -0.429195891591451
0.042541120042314 0.0108478949575201 0.80383818682 0.370389271241153
-0.0188350377651317 0.0382731514223418 0.101772872388682 1.00902422071749
-0.0276084190433717 0.015745825090366 -0.45351641483993 0.528567902087978
-0.0182420949765981 0.0131239809859209 0.0649794093167598 0.0678430798803782
-0.0160102229021903 0.0311500965255619 0.429587296244088 -0.561495085936378
0.00609137005049605 0.00381477187675033 -0.283698635300901 -0.946961919347978
0.00589663614811338 -0.0337114214592472 -0.93284451677782 -0.170697504028476
-0.0245773233655947 -0.0379729364305021 -0.426102231989344 0.600204670276292
-0.0165399445356032 0.0162834641852311 0.191659222153416 0.435308231364602
0.0182550437944278 0.0224479640980128 0.232911532511673 0.0476503581700238
0.0195279383300915 0.00333925092107873 0.0242359849925948 -0.209395095603358
-0.00553658090283151 0.0183706074318267 -0.0294725312769087 0.167766077915402
-0.000313533031809396 0.0137420227063076 -0.171985158657361 -0.0583348085962437
0.00466639882442552 0.00160213767093027 -0.0777279570966087 -0.485162725380522
0.0198554767456815 -0.0324031029977303 0.492851962972537 -0.452586342047758
0.0551072159229113 0.0111133811522008 0.816302953354546 0.331339186739367
-0.0132969579221149 0.0484957306857964 0.142696075304883 0.99811864512493
-0.0389495235545633 0.0283365271634765 -0.438956019970493 0.543213672688957
-0.0364344103908603 0.0210817654913083 0.0594191528578344 0.0756773169812203
-0.0253046147520061 0.0434121869472346 0.447731951903875 -0.54781537631662
0.0139882941214213 0.0120922758677797 -0.250190305864148 -0.96771351386221
0.0194099843713214 -0.0320583571073033 -0.932831135765995 -0.214729860019296
-0.0176914168984483 -0.0374610606275275 -0.45318165121066 0.579253042530446
-0.020110057844516 0.0158170766910184 0.178958884908572 0.444372303783727
0.014178755475649 0.0190291282757662 0.229536247225349 0.057859478228881
0.0188705368426721 0.00350646804344688 0.0226071888656664 -0.209177826490418
-0.0181226315960889 0.0109618288170197 -0.0014424975657506 0.166833612655664
-0.00670605575074749 0.000978091369546309 -0.183260168968887 -0.028538722182185
-0.0094768650729484 -0.0242000289592783 -0.162865939085375 -0.426695615249078
0.0025070991154307 -0.0447612070092129 0.405840330332098 -0.492943152315402
0.0366188830614953 0.00432646918739855 0.866561183434734 0.166915743597629
-0.0196047384585434 0.0238596536886045 0.321128161084428 0.93406843944822
-0.00510898568080898 -0.0291520679776568 -0.395650558514499 0.609541448618083
0.021774198723964 -0.0322057203605507 -0.0205128333111289 0.111213388408609
0.00289448539170282 -0.0172838565026886 0.458654241194632 -0.478157819862714
-0.00312018317961785 -0.0122221424185112 -0.095763262470994 -0.999129645990457
0.00593104656332847 -0.023233955771526 -0.877105504515952 -0.354777373989242
-0.0257527316515876 -0.0506293853505027 -0.533024245157927 0.556610597298132
-0.0335766958487331 -0.0160601215699633 0.120769187254657 0.506968287113356
0.00755216524775397 0.00587588356352096 0.220212669697837 0.090869629225985
0.00658202097001671 -0.00349539177062952 0.0454237110697226 -0.211248747867292
-0.0152080445215738 0.0121857372995172 -0.00146841894981164 0.166049526396944
-0.00224318774197243 0.00476191581027659 -0.176758701097225 -0.0418152342609418
-0.00533656917693328 -0.0222601924810985 -0.141157186503821 -0.440777252749955
-0.000682481979815082 -0.0448233392826097 0.438165494709563 -0.470099410387323
0.0269646900499251 0.00584492503622187 0.857381708907033 0.231027257803003
-0.0249305259634545 0.0169078472984019 0.262997704315383 0.96015555014013
0.00132754272748086 -0.0338139996039569 -0.415794035754353 0.591705327309659
0.0307355124185405 -0.0325678707552055 -0.00346983038121209 0.0964971543779475
0.00794842697344837 -0.0184521800894046 0.443222389774904 -0.507317549193363
-0.00717806908014606 -0.016838069278171 -0.159058885829328 -0.985529910258499
-0.00399795241383488 -0.0275408463682673 -0.896945606803773 -0.286029496237973
-0.031837290756106 -0.0488488078969659 -0.494750799919945 0.584496264547252
-0.0289869584562535 -0.0104806116835437 0.145590802138744 0.491892581527957
0.0130335614945031 0.0115830429873716 0.226126818945372 0.0748987421447663
0.00922696254595593 -0.00278054439222806 0.041662093663532 -0.212619219496931
-0.0135936158957823 0.0127603406940216 -0.0048772642731293 0.165681253013447
-0.000221659866106686 0.00824947778287627 -0.173332907026295 -0.0531009823515944
0.000312041415670612 -0.0173533039506314 -0.116931176245597 -0.456853370802073
-0.00172218986743273 -0.0422300082398696 0.466376373205429 -0.450257331389502
0.0210223789372835 0.00642183168784299 0.844661488539356 0.288614294049899
-0.0277854069183938 0.0135077522063359 0.203084511963619 0.98272714946944
0.00612201572890603 -0.0320215323057995 -0.435623275009009 0.569402919082462
0.03278305555725 -0.0276444340698235 0.0171260341076903 0.0841480388260643
0.00763506928532494 -0.0150792073805123 0.426829130035614 -0.531163524240489
-0.00828791116583626 -0.0170536147567999 -0.223625302796458 -0.966203378765449
-0.0117975898850209 -0.0302701350386721 -0.911224732117312 -0.217559058498288
-0.0357449456938615 -0.047075583596538 -0.455791318094265 0.6081774129633
-0.0229432177248459 -0.00348203201530443 0.170799620464758 0.473783637168026
0.0179313757178128 0.0161611558868108 0.230355697705459 0.0590789526488691
0.0119156916182705 -0.001547813592721 0.0386231834861666 -0.213427450090185
-0.010212731282991 0.0147543562815847 -0.00799450923695407 0.164768659535455
0.00334675533112801 0.0122856445426422 -0.168248206818243 -0.0624115158620247
0.00434917363347921 -0.0117792605112842 -0.0945286782182861 -0.469171265086709
-0.000433311128633262 -0.0401831900719686 0.489488443909133 -0.434366179377775
0.0199743759231416 0.00670838586769128 0.825652628350786 0.337771271728784
-0.027821788416828 0.0142691996523219 0.152791557417972 0.999538701959968
0.00470954784002313 -0.0251889970853421 -0.449655936316387 0.550060864873619
0.0279620192282948 -0.019844073989897 0.0370391871633633 0.0729844406836851
0.005604035075855 -0.00712553127928281 0.413799537233046 -0.553259910473792
-0.0091864238181489 -0.0148343096722629 -0.274859934707228 -0.947422029690273
-0.0139856533233322 -0.0325612867187203 -0.922687675764384 -0.165367563050313
-0.0367362301559995 -0.0440173618251847 -0.425371216670192 0.624908087237897
-0.0191431855253913 0.00318163372575369 0.189258188041473 0.456979471009794
0.0215561284526373 0.0199192185995554 0.23319742545675 0.0467088676118939
0.0148109195734453 -6.65090326069549E-05 0.0328143731723995 -0.212625445751306
-0.00823080318053299 0.0163941791980028 -0.0147087560859379 0.164714794004811
0.00409869327246398 0.0146436498299318 -0.165993407592883 -0.0666245038584883
0.00716534859907936 -0.00604403476254091 -0.079583209117937 -0.479277865840168
0.00263799166648809 -0.0374385245682087 0.50149319127092 -0.423553275012509
0.0236082151646853 0.00748802137953733 0.811447322214156 0.366003063051181
-0.0258956036947347 0.020103572116991 0.11817952524235 1.00717913461345
-0.00212697631297044 -0.0122471430230051 -0.453021642553567 0.537202675412817
0.0164270638473899 -0.00966960759447866 0.0525003226500277 0.0663346929932634
-0.000119296918424303 0.00513801986525266 0.40735131200655 -0.566340743890733
-0.00624100515920153 -0.0102760698671647 -0.306205158094098 -0.932114625318565
-0.0125886256365811 -0.033809009935439 -0.927621838979105 -0.133200814689283
-0.035104963935498 -0.0413932925246205 -0.404759657726292 0.628030152294469
-0.0151718228422688 0.00957834011961103 0.202415314887152 0.441549634582352
0.0231855063812807 0.0216177451279738 0.234982236004688 0.0396325445158102
0.0171566976440365 0.00132380718915751 0.0290828477280815 -0.211719244359457
-0.00613700135783881 0.0176525046697628 -0.019903909278533 0.165150744507256
0.00414679781930875 0.0151995355449932 -0.166468726127504 -0.0678455453528586
0.00904623224074111 -0.00140368915514845 -0.0715116137694456 -0.484581550627787
0.00812781134390831 -0.0349248707495055 0.505817391097748 -0.424123672841774
0.031666987192804 0.00928102357316746 0.805428464297752 0.373650997307714
-0.0224062851825987 0.0279427128496647 0.106804752632963 1.00788955927595
-0.0130402870081301 0.000628768220600037 -0.450965507980528 0.532170898274133
0.000276378481433817 0.00242064240040138 0.062967377315042 0.0638683558770324
-0.00719058492945174 0.018212799884347 0.408969937927826 -0.571703649816228
-0.00108773946607139 -0.00436182834539658 -0.317128070128165 -0.933022844392937
-0.00542517200480415 -0.034661652631825 -0.930843145101512 -0.129175093467183
-0.0304106206627801 -0.0383156340981055 -0.399663073470985 0.621274552248214
-0.0148237716309555 0.0135302290148393 0.205908713406862 0.432188838930039
0.0209627121145093 0.0215438600968875 0.23461945752055 0.0382264169520086
0.0184784985526588 0.00155900146131017 0.0235737387974412 -0.21068896679069
-0.00563036496343856 0.0180658080587226 -0.0237333031574888 0.167970298267304
0.00265609281609205 0.0151959809487952 -0.168518962754036 -0.0624552350044445
0.00823043472344624 0.00120094716527377 -0.0741739045375396 -0.485633075203225
0.0138084139900991 -0.0324415373308571 0.497338895442357 -0.438525040886116
0.0423818750713633 0.0100747717209373 0.809581884526086 0.354646390636725
-0.0172231743847013 0.0382185636331121 0.124512645577005 1.00302744714957
-0.026749999039647 0.0158583359664291 -0.441272506990198 0.538093197738559
-0.0177340138055021 0.0132397401888635 0.0658783580622818 0.0670189912002535
-0.0157255874872881 0.0325818161997536 0.419238259164803 -0.567782014511588
0.00648827282733672 0.00412478351026967 -0.301999521714896 -0.940934503947008
0.00486131175822708 -0.034399467133552 -0.932571033688141 -0.151004595110148
-0.0247854243122295 -0.0374640375701079 -0.414318965979058 0.606277128374347
-0.0159230136519161 0.0154748027180594 0.19994171715326 0.431941194473457
0.0192754379586619 0.0207981342578809 0.233907637140778 0.0427334274739582
0.0190344374612067 0.00236765144952702 0.0202750919276297 -0.209695518830334
-0.00525967469157466 0.0190091226413615 -0.0268042103793996 0.168451047588964
0.00109585756000761 0.0136276895006948 -0.173240472741135 -0.053447347359374
0.00586542321087442 0.00188295466167721 -0.0883248704655594 -0.482285729264219
0.0192995366754556 -0.0333851824869138 0.481386089849495 -0.460508593774958
0.0553476756470384 0.0103653711400795 0.820617584978868 0.313754628379052
-0.011954185755036 0.0486182832262514 0.161995006742325 0.9935246658199
-0.037671735742515 0.0294242125555392 -0.426882666869544 0.552014496120721
-0.0359394343259848 0.0214999422496684 0.0605385965902847 0.0752930533642195
-0.0246786890131078 0.0442271413349206 0.434282084365359 -0.554583762063799
0.013213878448915 0.0118758291249789 -0.268348855541492 -0.95966854158057
0.0183676685018227 -0.032658561275777 -0.936341313785118 -0.195413636087844
-0.0174822456251508 -0.0379605856266755 -0.439886666092745 0.586381320341254
-0.0194615280859782 0.0159116029967679 0.187320074040641 0.438446584542501
0.013426297172334 0.0174748323025852 0.23064704957244 0.0535088657218804
0.0187946034257163 0.00315449088627983 0.0192934461453586 -0.209446017371961
-0.0177334759893465 0.0113454083028631 0.00119833140771254 0.165665507013542
-0.00661487045747686 0.00154980634208965 -0.182055526323902 -0.0248068715898696
-0.0103808898193985 -0.0236574160191171 -0.171336551572471 -0.421472839439325
0.000308886954102888 -0.044600774698592 0.39491159407613 -0.498823349672577
0.0365986561749001 0.00458364680246488 0.866126082356698 0.149464941230769
-0.0191418640086163 0.0240946577763764 0.336568324468945 0.922610935831362
-0.00527113068494247 -0.0293783308177272 -0.380989391532095 0.616175255203016
0.0215927418807318 -0.0325370936067269 -0.019661656385516 0.110743960104009
0.00262636400762736 -0.0159356413598158 0.448492318267596 -0.482267105843137
-0.00294512702151729 -0.0115163993576297 -0.112603978816283 -0.992653168846555
0.00592289887820727 -0.023756872889504 -0.880563134878215 -0.339022224945866
-0.0266102853136376 -0.0498851640899962 -0.520060650388649 0.563759098358198
-0.0330860001914644 -0.0156206980027395 0.129952732513206 0.502009786823748
0.00752832203280049 0.00409500593991673 0.221702722726096 0.08670523485644
0.00483269392006776 -0.00450894933359551 0.0419713985087684 -0.210535903516568
-0.014845701677391 0.0118404720022798 0.00165343587784422 0.165130637918537
-0.00184299357826047 0.005002790694343 -0.177500099678515 -0.0382132023541171
-0.00455781246192468 -0.0215314773730334 -0.148231420680519 -0.434724579645544
-0.00158864855749238 -0.0438895291557355 0.425440064169327 -0.477840217413244
0.0271314163090179 0.00494370815471881 0.856437174652349 0.210393521215432
-0.0248606266674265 0.0174693406285098 0.278605054856312 0.94943507871116
0.00238059955146426 -0.0338900736363128 -0.40334537522249 0.595761672803221
0.0311469578811708 -0.0334602034850097 -0.00230888652990042 0.0974660091322868
0.0065588068252218 -0.0180805175019321 0.433275729227153 -0.511424024551737
-0.00646600111661784 -0.0153245443157307 -0.178945298914843 -0.9785117138439
-0.00473982823657182 -0.0272786661868394 -0.89643711261691 -0.268294737531075
-0.0329284167027554 -0.0485626961592136 -0.483256034387612 0.590498202945284
-0.027855544697492 -0.0098723381961805 0.154470007770274 0.48647464896149
0.0125143826525736 0.00979755889331311 0.226225934421585 0.0700014942965738
0.00750306955492869 -0.00320461834928688 0.0381830937337613 -0.212755157381482
-0.0132338794775589 0.0135707021742458 -0.0021323152163341 0.164857179787765
0.00119047588123478 0.00869060236202868 -0.173150378485407 -0.049331861808573
0.000717167953083022 -0.0176103411859372 -0.125065229798342 -0.452377285010663
-0.00252369263112816 -0.0423682460011071 0.454384481382075 -0.456536148231976
0.0209621500572582 0.00540442766971793 0.842573041920566 0.270750174484196
-0.0269653197400531 0.0139078514986214 0.219309233480707 0.974324073108922
0.00558692543103648 -0.0323755303739331 -0.423609102919184 0.574041878153366
0.0327252791214657 -0.029004379273045 0.0186120290753664 0.0839142496767187
0.00788366457217609 -0.0142156415260978 0.415269851272976 -0.53679656037752
-0.0097495384545256 -0.0167478460209124 -0.23930060493279 -0.95659583924151
-0.0127721084204223 -0.0304666771537553 -0.909968379863122 -0.198591708136247
-0.0369653327551997 -0.0452678316500252 -0.442560486011452 0.616721990652959
-0.0231843035131678 -0.00388502512163949 0.178147136441284 0.468160761639094
0.0178572118770493 0.0148776589828637 0.231601167252686 0.0547869836440711
0.0119357807283773 -0.00217092280343751 0.0345477904659567 -0.212492889915592
-0.0106012424508965 0.0146037194339498 -0.00598584121970731 0.163424566032146
0.00407350280821792 0.0115473222739535 -0.169208181931331 -0.0585379841885007
0.00436494478122123 -0.0117413595208639 -0.10295029896239 -0.465342665976576
-0.0015951660185483 -0.0397265898433652 0.476919192714087 -0.440377226782666
0.0195189982969761 0.00605562323249679 0.826527862220938 0.319032503301232
-0.0270622103346858 0.0141844291226645 0.169820260287416 0.990710267281424
0.00431862490148925 -0.0239352829382101 -0.436963895997598 0.55508400968364
0.0283577619371353 -0.0207019239436826 0.0375143532207863 0.0722342423357709
0.00487550947843194 -0.00665735451665354 0.403413574710211 -0.558442007822953
-0.00991432295134132 -0.0143703696713776 -0.291933116452537 -0.937509143270196
-0.0151924716289742 -0.0319928306148598 -0.920962795999821 -0.148094006075871
-0.0376679056270346 -0.0429656810380675 -0.411003993522444 0.629754416153171
-0.0178617295631168 0.00265217334077302 0.196342546183143 0.449771177468161
0.0214846236575286 0.018391976220301 0.233298144646205 0.0424132785492304
0.0142734561534084 -0.000895430465803967 0.0289500857426196 -0.211701442480811
-0.00836013431766612 0.0171029885475645 -0.0119905969523436 0.164233262564029
0.00469640853322129 0.0139230038097992 -0.16711102957698 -0.0639120438796976
0.00843092980381887 -0.00544285067802818 -0.0875981889141927 -0.475028204490547
0.00263488210801143 -0.0372426567086237 0.492010219220486 -0.431789402886807
0.0234644905596717 0.00661534857700738 0.813311455619595 0.348615245532814
-0.0252732922628865 0.019033463269596 0.134444643992431 0.999167354373378
-0.00187484892440056 -0.0122922731018402 -0.441568192023823 0.542247650578637
0.0172016254160743 -0.0103188340043621 0.0539675209395687 0.0653314908434774
-0.000381144143945814 0.00587861246396185 0.395516788251021 -0.570611469810648
-0.00710846645398314 -0.0100210686267802 -0.321625273158382 -0.92382284488917
-0.0132176805017932 -0.0332985473753822 -0.925137800497056 -0.116708356950576
-0.036215736779449 -0.0406733023844358 -0.3906043821167 0.633284789332703
-0.0151294399545429 0.00887620415957347 0.208432266336714 0.433938324406136
0.0230564360800429 0.0200376970851915 0.235725423770837 0.0352512226931151
0.0159991678371109 0.000271170745163264 0.0243568187944676 -0.210445288887665
-0.00575060061449554 0.0182106608025191 -0.0176787786737057 0.164778999091304
0.0046625359059773 0.0140101482946894 -0.16596388867679 -0.0635058716107255
0.00939862075014814 -0.00165942950447379 -0.0796681698273595 -0.480197117082968
0.00749850138601564 -0.0344660269066324 0.494438672136795 -0.4324373430764
0.0315888929832619 0.00821124879947644 0.808805299278637 0.354256686756339
-0.021511167817187 0.0281057060395022 0.124659675812826 1.00046438256843
-0.0123365755034659 0.000854601722193733 -0.438757295447668 0.537523018413213
0.00141019322446842 0.00220556325190562 0.0645656217107105 0.0627657870495025
-0.00680959995852089 0.0191491734876142 0.396313074127104 -0.575407335015999
-0.00123492946446473 -0.00404832487384519 -0.334881482494318 -0.922251197668112
-0.00645295349041889 -0.0341981422867418 -0.928686302714757 -0.111395035567306
-0.0315281203758889 -0.0383455788862214 -0.386686425678139 0.625953817678925
-0.0135313828658172 0.0127620427323799 0.210587810963331 0.42459886071936
0.0225225148370106 0.0211778549582284 0.235201553512248 0.0337691571549478
0.0186675127170165 0.0014347549107282 0.0200982670495226 -0.209297324576373
-0.00491315001075159 0.0191844357202595 -0.0213346576291352 0.16677045021216
0.00363944478689543 0.0132850715387372 -0.167666897167646 -0.0595411972175713
0.00814384349851765 0.0005141583374513 -0.0831183019823596 -0.481976703639196
0.0135459574728836 -0.0333105219498126 0.487118167598649 -0.44531160024169
0.0427656195888284 0.0096159586907011 0.810101487811687 0.335794945672109
-0.0169675322103774 0.0386814261105346 0.142529128543712 0.994657571232776
-0.0249277525815731 0.0158627893987765 -0.429102681162552 0.542632598039504
-0.0168943228777441 0.0134637879681993 0.0662902995932725 0.0651009518422276
-0.0148706534485432 0.0324985129955899 0.40775991566708 -0.571461547798809
0.0058841081425586 0.00378004142020854 -0.317774840850856 -0.930413233621347
0.00457799219673138 -0.034519724172792 -0.932470735581156 -0.132614692248511
-0.0257556250507514 -0.0369206376804795 -0.398348058059843 0.612188959849359
-0.0149865874219226 0.0153454194923491 0.205281813550796 0.425437944509024
0.0187991202305877 0.0194240251011336 0.233719528064015 0.0392462883079743
0.0180133472221044 0.00267718061629018 0.0170410795466561 -0.208025457800022
-0.00511821243356723 0.0194628601659635 -0.0237619392345838 0.167123463460635
0.000837477961714801 0.012435858102536 -0.173044328925509 -0.0501074045925194
0.0060378957124029 0.00104841939999418 -0.0961277331233013 -0.477177465125589
0.0191310960470272 -0.0327978145095967 0.469328021844093 -0.468361229762197
0.0546072674191522 0.00934391599165522 0.822873714977365 0.296142173138195
-0.0110026141066479 0.0494095497745948 0.17893593999484 0.984424391456629
-0.0368284922145832 0.0293374190493045 -0.41419831177787 0.555192114342627
-0.0348803714885208 0.0223221445685476 0.0610195427193186 0.0731741994438678
-0.0244818662011558 0.0444436466451522 0.424589973603132 -0.558361622364333
0.0130026449334987 0.0120545580941896 -0.284225020486684 -0.951645556248846
0.0173570425547541 -0.0327113154467011 -0.934750542728784 -0.176344475558774
-0.0185765864922324 -0.0368435299010523 -0.425679818273588 0.593371767895065
-0.0191470824421406 0.0155699078285985 0.193098386334134 0.433207651807264
0.0139629430699694 0.0169311835088839 0.230891596405849 0.0493692485774095
0.0176525867417544 0.0024136764764683 0.0149239583551651 -0.207803311832901
-0.0170677985125764 0.0118015906668804 0.00275827349951025 0.16441198512151
-0.00601524200032712 0.00123263972628467 -0.18066596959057 -0.0214127326328006
-0.00974720058801497 -0.0242497006046862 -0.176798200518994 -0.41303162274051
-0.000559033235861379 -0.0445044179237734 0.382953992120648 -0.501663515878204
0.037129741521482 0.00377687680434496 0.861728280595049 0.135650221389573
-0.0183356087509991 0.0236834099880874 0.351298072345245 0.909706446813768
-0.00537706384219351 -0.0287892205531852 -0.368369169166632 0.617321223589447
0.0206901879696209 -0.0334445327162893 -0.0168765053321649 0.109407052843235
0.00171413864675572 -0.0161483990989258 0.43764167778624 -0.487684490735008
-0.00250423773356396 -0.0109193432282273 -0.128140517488163 -0.982660832383795
0.0048656229129285 -0.0241675935764576 -0.880229859956671 -0.318644868704826
-0.0274458922864154 -0.0501092611874747 -0.506985569367334 0.568552616053768
-0.0329774967885546 -0.01508985230649 0.135846589694041 0.496472436317121
0.00672263282858919 0.00346082046965732 0.222277497843474 0.0826878741550895
0.00369304585795492 -0.00471620861044862 0.0385716792144705 -0.209185796778591
-0.0151290076395319 0.0123178311453303 0.00321590155693697 0.163230311840431
-0.00134644345134798 0.00441481179202781 -0.177351130134348 -0.0340169532321978
-0.00556003224074927 -0.0218943888102888 -0.154873587738215 -0.429024805379774
-0.00280078524050885 -0.0432080946981205 0.414067025779951 -0.481365678194378
0.0271535308747069 0.00467966342604382 0.854483753168773 0.195361709989637
-0.0240047778628828 0.0177092163214434 0.293773095529329 0.937605083005336
0.00124958207632869 -0.033043908666502 -0.390775145536859 0.598221169959088
0.030109999837614 -0.0335538020029878 0.000454540923150288 0.096423864781267
0.00669119329956304 -0.017184530603962 0.421216161622696 -0.512907568539468
-0.00778366344723346 -0.0153652156557399 -0.191267565058441 -0.967429384701063
-0.00547076017168689 -0.0259428983276082 -0.895047168423296 -0.250441161290737
-0.0335244271469071 -0.0481436430045356 -0.468584911573973 0.596475859144088
-0.0273422555846198 -0.00942522411931021 0.158976853958039 0.480700857392817
0.0129009805842275 0.00868038639803085 0.225830937401692 0.0668032892186351
0.0073467801532035 -0.00381880326686921 0.0344464477922444 -0.210915147744374
-0.0126968144114759 0.013866035749642 0.000172857056771644 0.162273216876768
0.00194587123304941 0.00820504777578535 -0.172988098602703 -0.0465059842582448
-7.07953690159456E-05 -0.0172134017770141 -0.131556391159863 -0.445317773719709
-0.00294913159993815 -0.0417708495417959 0.442414224138638 -0.462123187847107
0.0206206827481409 0.00489133877095697 0.83943991048242 0.251751559168416
-0.0268117611093203 0.014513209822586 0.233162653482402 0.962266101633102
0.00592713530515354 -0.0317503058491545 -0.41297360500403 0.578720043035857
0.0323892079232561 -0.0294870374880898 0.0193996823036573 0.0833214283313339
0.00669546893768753 -0.0137792428643762 0.405005620425805 -0.537842724213854
-0.00990731969368732 -0.0165908170768791 -0.254146035272764 -0.947363910831216
-0.012874172477432 -0.0304925328580934 -0.907083279622697 -0.182550980485172
-0.0382576824513143 -0.0444618880362256 -0.428014060078543 0.620327954731301
-0.0225091155929563 -0.00375744004285673 0.183876453232734 0.462397430655427
0.01741019094736 0.0133063408425659 0.231348057708306 0.0507783692503927
0.00984273947055745 -0.00267917297366637 0.0311277101738033 -0.210729387052741
-0.0097904462758875 0.0144482860010325 -0.00421229026111657 0.161935844487657
0.00456207259389249 0.010969254691456 -0.168836516268322 -0.0545159124783553
0.00427071086151546 -0.0118963651168117 -0.109827100347607 -0.45768506232869
-0.00191157540959337 -0.0387156091209249 0.466207019347313 -0.445898288904809
0.020145983997152 0.0056389385293257 0.827390189979763 0.301282589859976
-0.0262138598036922 0.0146228902947843 0.18633469376403 0.978799092653408
0.00431014513844875 -0.0246024831020203 -0.424677653544051 0.559681528714666
0.0279282423985199 -0.0210216264804115 0.0390014455195229 0.0713840772344915
0.00439406762994033 -0.0054748094404733 0.391270430227028 -0.560898924919591
-0.010181226368142 -0.0138559287004031 -0.303138523602767 -0.926589782747431
-0.0157996939248091 -0.0318972680484882 -0.917129185833908 -0.13117697301366
-0.0389211425456009 -0.0418804425943946 -0.396570731878977 0.634003880688159
-0.017778943313216 0.00282488258679692 0.202485500470642 0.442772056375395
0.0213844360883886 0.0172647139337161 0.232476438445465 0.0388583595994861
0.0134898467890636 -0.00208346593276788 0.0258811377689801 -0.209541934409699
-0.00750596217217782 0.0170409806938565 -0.0100143560674392 0.162673875637457
0.00521872984910093 0.0135414370683933 -0.166760649402946 -0.0604911832742492
0.00779798654342498 -0.00667200132251918 -0.094665415882196 -0.469407561543277
0.000888732736293123 -0.036551149136382 0.478813304592493 -0.437495226548395
0.023374490302874 0.00658636358400936 0.812765822426401 0.331987802216249
-0.0246551393643874 0.0198855852615467 0.152248848577911 0.988719751405903
-0.00202327754617526 -0.0125879100907841 -0.430337075328533 0.545314743376162
0.0170188908541825 -0.0100331763017353 0.0543772289781797 0.0634859170743912
-0.000693935556135431 0.00623248271185314 0.38381199450261 -0.572957200969839
-0.00754793783847251 -0.00881544120809256 -0.334866925784886 -0.911657097491047
-0.0142863914033167 -0.0329833956041307 -0.920848963379542 -0.0964518978669476
-0.0360697973207402 -0.039729290218894 -0.375416921157798 0.634249068585484
-0.0140023049084179 0.00868493638942921 0.213477839625994 0.428489879625986
0.023024859820518 0.0191030535911002 0.234533235168849 0.0317963426858883
0.0151543403689246 -0.000637160643483043 0.0219103526236926 -0.208316258918577
-0.00510431462924647 0.0185100266935556 -0.0157426693784325 0.163018975726419
0.00479233456642341 0.0143324306600003 -0.166084404424305 -0.0595084065076303
0.00967664022849979 -0.00241129280363732 -0.0876574832422852 -0.473836345501834
0.00680910700792987 -0.0338114208420529 0.482938016774922 -0.437925278895381
0.0312692875676579 0.00749847816158278 0.806896101288158 0.3382924679983
-0.0207605237925433 0.0275452242621267 0.142334535088392 0.987272225117081
-0.011880936206988 0.00063318791816556 -0.427605553152832 0.541139308797481
0.00138462815607084 0.00207844544771943 0.0640899565606867 0.0614407017572489
-0.00717305126829105 0.0193679497636448 0.384303911991923 -0.575776794923051
-0.00175716945043841 -0.00360755416850358 -0.345220805763446 -0.909401594883938
-0.00727205023763699 -0.0339770618495892 -0.92480814637683 -0.0938490255103257
-0.0327155488953854 -0.0369178680991454 -0.372123743086029 0.628253463856381
-0.0129105936332925 0.013023925180973 0.21635556416525 0.419286028064391
0.0219209121275127 0.018597725238005 0.233974819793956 0.0307572980541334
0.0173587447489306 5.02361221910233E-05 0.0172957543479051 -0.207658032293381
-0.00417631303150544 0.0205065012501648 -0.0193254541107249 0.164657557203193
0.00384749539980345 0.0137004024858147 -0.168570243725242 -0.0555024375103889
0.00952044361727808 -0.000134709556157738 -0.0927042226435167 -0.474969491677829
0.0123097875513071 -0.0327389080688294 0.475850508321157 -0.45101280517869
0.0423340247318934 0.00899655577564359 0.810275696248749 0.319706755218817
-0.0160185025023232 0.0390612613269624 0.158624149002719 0.98487383992207
-0.0247522101771221 0.0162542544125153 -0.416266488284493 0.544715806392128
-0.0158942903344071 0.0129765504765631 0.0670639896570954 0.0641376250258118
-0.0148947289656944 0.0334210577143732 0.395854452425084 -0.573236034423997
0.0059951968595035 0.00260250045955696 -0.329539836594668 -0.917953781762409
0.00349643393529577 -0.0345525621966897 -0.926050567413961 -0.114868179173822
-0.0261354572917171 -0.0355931903447147 -0.384262483209765 0.615551136348652
-0.0149467650456822 0.015915702155946 0.211008208835831 0.420128517522462
0.0185107065454801 0.0174862372866961 0.233088364200658 0.034365744208229
0.0175429711759186 0.00168272577513496 0.0133468473346757 -0.207721220428846
-0.00441284214874085 0.019620556066651 -0.0216111605080214 0.166522233970981
0.00190032459490852 0.0113106526953258 -0.172705566541793 -0.0462595218718844
0.00656634990450952 0.000973944145643651 -0.103205282507682 -0.470601618969854
0.0176231701870644 -0.0316564954472135 0.456687513943982 -0.473209884047281
0.0548861719837146 0.00871429309852167 0.821819835138311 0.279315551075801
-0.0100142956469664 0.0483669145455178 0.197030241943185 0.974342298495881
-0.0351151940146944 0.0301909836085006 -0.40342541196136 0.559275581732937
-0.0336999986847599 0.0221957867598633 0.0613953093911726 0.0718532182988957
-0.0230724399268038 0.0457079703522702 0.412787514439345 -0.561436560018426
0.0133595125805945 0.0115289115511351 -0.297816003624167 -0.939870353686364
0.0166842221739372 -0.0325089027643594 -0.928487762728668 -0.159207708658842
-0.0197903789957782 -0.0356842407803276 -0.412027445892401 0.599683390355764
-0.0182678348616061 0.0159984386291226 0.199771703912182 0.426867494407648
0.0137854783901965 0.0143840563428975 0.230176139384072 0.0453045129372487
0.0168193017515361 0.00155713481264341 0.0122022706584538 -0.207474698692936
-0.0166919895437621 0.0130066676936483 0.00446865855189465 0.162566058928979
-0.00558157831726456 0.000728619850307227 -0.179755162522086 -0.0186515261004445
-0.0102587938022817 -0.0230865214878158 -0.182305677799327 -0.407368252353399
-0.00141951462929782 -0.0434202176041675 0.371106331115505 -0.502464051324125
0.0366536895662361 0.00285342189071379 0.856649560731488 0.118842614562532
-0.0169396699147288 0.0246474576778876 0.361368833288678 0.894123242610732
-0.00532738316039198 -0.0293421381384041 -0.354965992103913 0.61820685335865
0.0206223612264081 -0.0328367719966926 -0.0154588098714927 0.110175751769901
0.00173355732796591 -0.0149982857634663 0.425656143139937 -0.488906034151599
-0.00362630026644892 -0.0110774064353367 -0.14133629630832 -0.970910081859864
0.00476960103530893 -0.0231846853985708 -0.876585207052042 -0.301775783693383
-0.0274162821280519 -0.0484119002852788 -0.493457185725622 0.571401277688097
-0.0329064341617351 -0.0144222795397552 0.142149458236554 0.490026172578617
0.00676335798789417 0.00240377904283235 0.221914995368967 0.0791719121887109
0.00424799890141019 -0.0057303299296506 0.0348284936875097 -0.208242094097076
-0.0147369210513668 0.0131712020568789 0.0046536353400674 0.161939759549296
-0.00180284090423115 0.00354781751628105 -0.175295857694204 -0.0314904344357095
-0.00444735257634216 -0.0214931684334319 -0.159671912658436 -0.422450008593791
-0.00315921670457733 -0.0424456044377277 0.402562733062224 -0.483988656552174
0.0260762828149593 0.00409679756268895 0.847432245836321 0.181797382220748
-0.0229788379654776 0.0178600136377539 0.304841277376115 0.925620306106019
0.0020905374913497 -0.0335256391572236 -0.377720379736025 0.596462912438556
0.0295460881798905 -0.0344539078604849 0.000174953784299881 0.0952273391296778
0.00572943654439808 -0.0167720751987431 0.408404762014687 -0.513711864196605
-0.0073805346968756 -0.0154625092897384 -0.205123109669368 -0.957055952781396
-0.00659570132061461 -0.0267766137866365 -0.891146166630976 -0.234932452283429
-0.0340016811498636 -0.0467378883527061 -0.453633784925841 0.59802710002264
-0.027799202261191 -0.00979211244907226 0.16515923412132 0.473361685809414
0.0122730979507181 0.00800147384974547 0.224990318253535 0.0634231366438248
0.00651046901296125 -0.00485388820564701 0.0323361784136561 -0.209472442713771
-0.0118806860672984 0.0144211353073074 0.00103661369121955 0.161306469150306
0.00164789692247531 0.00709810748341284 -0.171673336387175 -0.0423320393800939
0.00109970574664165 -0.0167544813711549 -0.13766932785879 -0.439553347785204
-0.00417750064758181 -0.0402875363317403 0.431370138862121 -0.464071222042272
0.0215115819000401 0.00528712577845756 0.837015404639879 0.237782211626336
-0.0255915995279145 0.0141434040857723 0.247289460785349 0.949502314550964
0.00592116711063483 -0.0320542226997231 -0.399546032015996 0.577745994045674
0.0320673563752637 -0.0296103182811946 0.019545171223457 0.0815383424884142
0.006369458489746 -0.0138181369166205 0.39248244342678 -0.538630440186256
-0.0105124254224982 -0.01642382160472 -0.264951138232371 -0.933721098465208
-0.0131828458993056 -0.0294480417359745 -0.902518946567415 -0.167137241591091
-0.037960864891683 -0.0441247863263275 -0.416069262843606 0.620461515273206
-0.0219095488575211 -0.00362671367961272 0.188693354715465 0.454414766859849
0.0173121054892476 0.011707828062129 0.229308284942987 0.0478868670473704
0.0087260978310221 -0.00318694902665767 0.0288015930381913 -0.208357068348195
-0.00915793158827383 0.0161250648480652 -0.00333094858838879 0.161386394757351
0.00479909867993031 0.0100460230215034 -0.167648341543062 -0.0516270995309133
0.00533508252644388 -0.0125497824658683 -0.115781969079772 -0.453053273405314
-0.00250617331564392 -0.0378470206046871 0.454095058324203 -0.44711745221089
0.0198988021243511 0.00531576074288469 0.822080011716333 0.286892123973042
-0.0262265472904857 0.0146630264684125 0.200572745528805 0.96901289464706
0.00443575565390106 -0.0246583048407904 -0.412978511476498 0.559010306724768
0.0280133331437955 -0.0211293197962719 0.0391444920404153 0.0704655340454926
0.00399343176667659 -0.00561843380565712 0.378538606744428 -0.558838281810453
-0.0100685331693083 -0.01356280416432 -0.315785528366994 -0.912755719706878
-0.0165982263618217 -0.0308041680844863 -0.907534492931997 -0.115259006178124
-0.038944180074339 -0.0405901964923312 -0.382742130209223 0.63323412594514
-0.0173750199025296 0.00299986947146753 0.207426821984698 0.43547212993939
0.0210986355045278 0.0157280087532301 0.232421452560963 0.0353276707147528
0.0112207696267129 -0.00267616660609041 0.0230373378747306 -0.207682110955799
-0.00696731164523968 0.0183477834296548 -0.00884663487334005 0.160449467435737
0.00563590059292624 0.0125255473345178 -0.16593877461672 -0.0568548836983275
0.00820092551663954 -0.00699600054934396 -0.100694791190972 -0.462922366043316
0.00148062977611903 -0.0361184259531307 0.468004215578423 -0.440043117415433
0.0238958131608909 0.00570539957990698 0.810886203378759 0.316089054628526
-0.0235488393144732 0.0199361559643007 0.164721475291142 0.976697915827453
-0.00145418265943289 -0.012573757951884 -0.418781209754308 0.547392393496409
0.0164949730942064 -0.0104074989981626 0.0547058748985644 0.0628266343992937
-0.00101806003928887 0.00584874176238971 0.372822370732183 -0.572983398225213
-0.00730423557147215 -0.00906690165876372 -0.344748374286284 -0.899168946395154
-0.0144949821438989 -0.032456007199363 -0.913783452430693 -0.0840703731200564
-0.0367151116725469 -0.0383490963724314 -0.362213910697998 0.634686763784364
-0.0138661034152247 0.00883803297047925 0.218331401216943 0.422411201409502
0.0225719281545604 0.0177239433062774 0.232637568055784 0.0278496075205387
0.0147513147342214 -0.00118894784696663 0.017868032177918 -0.207984781411065
-0.00439046238048694 0.0186475671866535 -0.0138629346203267 0.162199105563517
0.00597545939464244 0.0135325503024372 -0.166280906355323 -0.0565029603021783
0.00968308297179825 -0.00237940526887864 -0.0944694617051406 -0.468728973787712
0.00613142718286393 -0.0330986248737164 0.46891817896467 -0.440051600740868
0.03174047484924 0.00690254640241255 0.804193306574326 0.321904470419586
-0.0201800692137333 0.0270270033539755 0.155946100029204 0.977480782833886
-0.0118383465575981 0.00108736416751891 -0.414331437184055 0.541376695232485
0.000928176500528352 0.00200580870149322 0.0647834689221764 0.0597329386585449
-0.00624702141369081 0.0201465373617467 0.373655604934554 -0.575592322275186
-0.00177657041743572 -0.00341355132604657 -0.355028740248364 -0.897450184708919
-0.00735771710470396 -0.0344231310527152 -0.917787365702362 -0.0799417575871752
-0.0324806862010669 -0.0360252714218206 -0.35870753779224 0.628412949205297
-0.0130231164559595 0.0129722840556507 0.220995749543341 0.412861918812067
0.0213714880815611 0.0177954979169985 0.233023991104537 0.027300625570565
0.0164332694360177 0.000121965007695349 0.0147594848204776 -0.206493074389162
-0.00415339638441513 0.0196743785680015 -0.0175627501874934 0.162934394091218
0.00459744634455383 0.0140880793154529 -0.168206447734559 -0.0520840309394546
0.00943004723691168 0.000349918962533922 -0.0986160323961941 -0.469449063910704
0.0118460060566164 -0.0316911526647992 0.46310107777814 -0.454097233026682
0.0420873675338025 0.00743827380874924 0.807595813543238 0.305930194578416
-0.0154564201675469 0.0378633152106002 0.170730337854401 0.971152519222521
-0.0236052479917916 0.0165137889834751 -0.406708909898489 0.546997836599057
-0.0149032256847474 0.0127873658673795 0.0670084158531523 0.0627851662303273
-0.0141033684073296 0.0341039812398075 0.383329721579796 -0.573108795691263
0.00538547166851074 0.00357362351320106 -0.340499582684661 -0.905998623969014
0.00227348492862475 -0.0343449344923308 -0.921284817765643 -0.101095628050011
-0.0262920517705367 -0.0353878356668101 -0.37221440059398 0.615694933958149
-0.013693321981572 0.0152182689432607 0.216054062984232 0.412807934977954
0.0183053673872809 0.0169196272547101 0.232569459924075 0.0311526261434797
0.0164534395744371 0.000387275281940304 0.0112281689956857 -0.204490441334136
-0.00386274304751119 0.019591598634308 -0.0198374763663187 0.164280589491876
0.00150530304956656 0.0112529420931877 -0.172733259114747 -0.0430801730785551
0.00694267266026589 0.000411137670911849 -0.109260524404325 -0.465441248117913
0.0169640955946763 -0.0318143486834119 0.444739468932878 -0.474145035036289
0.0546002961161724 0.00676157803018639 0.817132469623813 0.264092248045445
-0.00897393109701315 0.0481273667749623 0.208585219395186 0.961514423144085
-0.0344950768652338 0.029827818031286 -0.39043821503237 0.558407777762342
-0.0324195902018052 0.0218469838223531 0.0614050727696105 0.0708673293010775
-0.0234094528016446 0.0451975446196062 0.40059928696901 -0.560703243636231
0.0126024114981049 0.0108138111079784 -0.308866566230203 -0.926162674087503
0.0156345392665413 -0.0330776208154015 -0.923173545898948 -0.144511647417004
-0.0193325217906261 -0.035130130719045 -0.398645551139921 0.598968061561153
-0.0177288267860121 0.0151676426044353 0.203373112032488 0.420837768011424
0.0133701885930405 0.013341394809125 0.22962402740224 0.0430913486867277
0.0155102463336046 0.0013913034797395 0.00909434561264521 -0.204667569492897
-0.0165195927057308 0.0130569849435431 0.00535024300885928 0.160042044303572
-0.00580411492789641 7.34360575733593E-05 -0.178843763406937 -0.0154378798428471
-0.00971405381722483 -0.0230654241473086 -0.185157578612973 -0.400109270973399
-0.00168122732648393 -0.0421901857584257 0.360916453420599 -0.502601540390753
0.0365303200095826 0.00272236559630642 0.84725907828968 0.108525039327439
-0.0168775159351992 0.0242678273269135 0.370052436718513 0.880712785399179
-0.00523451156638916 -0.0287285662278765 -0.345662750001804 0.6153213354148
0.0204955359770924 -0.0329672759576374 -0.0148289373824504 0.108938819255956
0.00133716034806659 -0.0139583233480226 0.418456253336491 -0.4883146010756
-0.004256387570142 -0.0110545014037522 -0.148896647257553 -0.962429275976526
0.00402493258068112 -0.0236823529582908 -0.873101280449704 -0.289367188628446
-0.0289881853159871 -0.0476794085278312 -0.481691776185405 0.572618393133911
-0.0320726322918802 -0.0144687461745754 0.145801591536016 0.48329310779077
0.00705902960305098 0.00102084547173425 0.220944333158398 0.0757460522790467
0.00299488049681018 -0.00503431373591358 0.0334011193089676 -0.206616702881518
-0.0135200625277731 0.0129914759318735 0.0060172761070791 0.159674748953952
-0.00100079057977231 0.00430093823162551 -0.173766211364459 -0.0283039674238823
-0.00463487218952076 -0.0217490281627581 -0.164211762668202 -0.415661622867661
-0.00335975824635645 -0.0415106119381885 0.392193005089952 -0.483018749776765
0.027216221064175 0.00434254453705577 0.841945412364424 0.167976553069071
-0.0223639671653671 0.0179154140923415 0.312828090757542 0.911786644643762
0.00177609514951697 -0.0333683131953197 -0.368668277172319 0.595874126801065
0.0301936675443736 -0.0340595684511999 0.00107341651300088 0.0948983312779287
0.00505209210516352 -0.0161854310973427 0.400369715828297 -0.512042892869771
-0.00832440042948358 -0.0148105693461775 -0.212546147823041 -0.945279096503896
-0.00647071489584577 -0.0263053755504872 -0.885722227908845 -0.222232079433833
-0.0345044720055951 -0.0452306767879684 -0.442515054478903 0.598981101684917
-0.0269373462188996 -0.00913237539062911 0.168129841849306 0.466741661435448
0.012907101497644 0.00648403078247062 0.224625881899125 0.0596458182762765
0.00500895401087154 -0.00474458541122421 0.0294114756511933 -0.207838350325035
-0.0115033888505972 0.0148059662805119 0.00178885536258323 0.158523084909661
0.00190793556346126 0.00656085057700685 -0.170331018907918 -0.0398866355270728
0.00110028527520659 -0.0171287049087892 -0.14173476924514 -0.432331753167703
-0.00475043809631061 -0.0398871732669662 0.421203196990403 -0.466730399853421
0.02108669292576 0.0048934409571922 0.830446602206409 0.223774419650767
-0.0246919001897968 0.0142972195005429 0.25584853656707 0.936120890346212
0.00501051888343616 -0.0314842350427804 -0.390025888359105 0.577378794905178
0.0315485889623516 -0.0304498869349227 0.0208785713854537 0.0815870139681203
0.00578734882456723 -0.0127363852933475 0.383412429058352 -0.537868270601744
-0.0103992531835483 -0.0145107860364276 -0.273150155535564 -0.92224925670615
-0.0138101455992299 -0.0285857499486236 -0.895168894417886 -0.155092630405148
-0.037894254824245 -0.0428339539622922 -0.403055991639047 0.620812973714088
-0.0209453574186435 -0.00326455427608048 0.191962523290681 0.448441122289057
0.0175383779854528 0.0100583318322742 0.228100143453864 0.0447737680587589
0.00840922720260069 -0.00372687684263702 0.0263988632416358 -0.20768134385438
-0.00888848038449077 0.0153898287938825 -0.00185134409561273 0.159002251086815
0.00516573626099739 0.0102760306656904 -0.167013915836441 -0.0492948613651728
0.00562999023669183 -0.0115670293745558 -0.120829434883847 -0.446279368953911
-0.00321007400401737 -0.0373931459500832 0.443179973250233 -0.448890999031172
0.0197660329478116 0.00501339626551604 0.817751742375488 0.272795646858861
-0.0249416515905001 0.0142905638672656 0.208512760224259 0.954823596583186
0.00518766871389532 -0.0246252946627731 -0.402732777426975 0.560289621718133
0.0275756118965353 -0.0222474425115617 0.0390367775321048 0.0691487896417704
0.00404750737016573 -0.00436308983905813 0.371219201415701 -0.559827353444237
-0.0102775614978169 -0.0134495535564655 -0.323384448330593 -0.902111384964452
-0.016837070567626 -0.0312471357595079 -0.902694078600664 -0.103827466244904
-0.0387530067427973 -0.0403513815362535 -0.371307242198042 0.632985159662324
-0.0162997275252424 0.00311416065796989 0.209825452842984 0.429086054447439
0.0210535986434368 0.0139984235278446 0.230650823285168 0.0317445925926479
0.0111658113599818 -0.00273342812192475 0.020985308040892 -0.206133639786265
-0.00578479502379421 0.0175311238330516 -0.00752835570955188 0.159252851742155
0.00552187629979911 0.0121704166236707 -0.165105218631234 -0.0542810627061506
0.00923478477404207 -0.00690604318740439 -0.104678090328249 -0.456751969074375
0.000444185381358146 -0.0353321819794767 0.456102534851181 -0.442075706324204
0.023221186188452 0.00566765024693899 0.806147111612193 0.303261937340896
-0.0230687091092829 0.0196166692861949 0.176630941599677 0.965591812935878
-0.00146308277646599 -0.0129830422762974 -0.409321121768435 0.545330922376034
0.0169117861539831 -0.0113588516303583 0.0546391149775925 0.0615364828583573
0.000344832447739826 0.00684433323633557 0.363561578843009 -0.570461649786822
-0.00753854745061621 -0.00890698752384599 -0.351118411731621 -0.885295363586802
-0.0155428993275215 -0.0326920832617321 -0.906344868232728 -0.0714645168934086
-0.0366599467005034 -0.0378916799133268 -0.350814725360691 0.634048211107864
-0.0133185808750825 0.00808134742987693 0.22040424637163 0.416508134203562
0.0222249366408293 0.0155571367231648 0.231578540173417 0.0249656766426909
0.0128498943327175 -0.0025410934495831 0.0168164149797758 -0.204779855469386
-0.00385095953972502 0.0192037229462794 -0.0116467475024706 0.160158494524942
0.0061574212240326 0.0130851749770333 -0.165277136370943 -0.0541319239013218
0.0106899795850711 -0.00300014813237903 -0.0987367181884998 -0.461690567089591
0.00604678958388353 -0.032951922467048 0.459637782042192 -0.441676909937334
0.0313162180112493 0.00695807363282781 0.799307047558677 0.310680709800884
-0.0193569610086421 0.0271929137040877 0.167222535396411 0.966416291216315
-0.010804223941858 0.00196979400206673 -0.407275632992462 0.542891689705254
0.00232454951529119 0.00103450651047216 0.0644838071357372 0.0580606874493266
-0.0063930082235674 0.0203095062911691 0.363584900395731 -0.573904744464206
-0.00174210302845246 -0.00332530721320135 -0.361768916870184 -0.884010894857909
-0.00882426584547573 -0.0333977027770557 -0.909058663880013 -0.0677622911132363
-0.0330481250853539 -0.0358955711873497 -0.347056431245973 0.627375878026521
-0.0117570871479501 0.012731817721073 0.22311294579535 0.406188880632838
0.0209579949407946 0.0167830753004405 0.231622748920282 0.0233139425152503
0.0149653645575652 -0.00102633041513723 0.0127170966791519 -0.204212510751288
-0.00292415768398647 0.0196464514209769 -0.0162538636425104 0.161083122428956
0.00376683405288494 0.0125226503945548 -0.166242509561947 -0.0497985975132837
0.00892714640274977 -0.000271327796715942 -0.102539015722499 -0.463230243648666
0.0112386898658825 -0.0316283235600958 0.452977306440251 -0.45500220025375
0.0423989642673156 0.00699308012703033 0.801557073538901 0.2917206850443
-0.0140894160103934 0.0369543130314862 0.180920890346577 0.95993541533695
-0.0228210695389366 0.0157608110112624 -0.395877915252428 0.545723637163696
-0.0150087407626261 0.012340200454828 0.0667341867316533 0.0614468983103106
-0.0137445124093479 0.0346719931627669 0.374191651291226 -0.571459085581308
0.00540802865359358 0.00382002505921725 -0.347788307873362 -0.891516017458708
0.00174435358688615 -0.034652730070848 -0.914353281881679 -0.0885669242099667
-0.0269476692950645 -0.0339014336222071 -0.359751663869757 0.615947001718392
-0.0135970239046855 0.0150937615833721 0.217285542799087 0.407516565655594
0.0176156576432083 0.0146887886328527 0.229875498488101 0.0292746590287342
0.0158090857483166 0.000927505130044728 0.00974190533550069 -0.203309770996414
-0.00332786672234517 0.0204651456392092 -0.0185151219869815 0.162802455952215
0.00163734101787654 0.0102057648147574 -0.170394230178572 -0.0405488210480248
0.00717041797824886 6.08844122410301E-05 -0.115654577417121 -0.459098204313937
0.0161948376450354 -0.031038844577139 0.434491516830905 -0.47457338532772
0.054133077642162 0.0068411517477109 0.811001123867139 0.252069199925353
-0.00781262152183148 0.0475958725807306 0.220054986009158 0.949292451639513
-0.0331977234002497 0.029891740768199 -0.380220018820127 0.558172788841464
-0.0316220590745811 0.0217291333216317 0.0616319414191441 0.0695341002443512
-0.0217861275026475 0.0453903488690317 0.389743327340321 -0.560280594710307
0.0120890460245129 0.0115716281097012 -0.315906535808507 -0.91292758205033
0.0146215005466016 -0.0330792448476694 -0.917936451217213 -0.131967804624455
-0.0196196007465033 -0.0342826723873067 -0.387274333771336 0.597509763914522
-0.0169257894058784 0.0156945077734096 0.206407802806471 0.413956935193269
0.0127529436434663 0.012386987512691 0.228158120554341 0.0390858144090897
0.0146038645975964 0.000773731374352122 0.00749885833339693 -0.201971519077832
-0.0157355974778414 0.0127650772789422 0.00573991169791992 0.158313010680356
-0.00489182391208089 -0.000234991161859929 -0.175968699142489 -0.0136737556363395
-0.0100247284938263 -0.0237044424966861 -0.185928056356166 -0.393494096431176
-0.00257995347936075 -0.0427245233627391 0.3519290796464 -0.501643065792918
0.0363634292751064 0.00216009649235561 0.841337466283841 0.0963674047055221
-0.0158508808987919 0.0243735459315453 0.375637532582067 0.867678201389788
-0.0051023161579695 -0.0285380309975089 -0.335378571847309 0.612364262119915
0.0211479540084019 -0.033011073151906 -0.0136529017498224 0.107820250209423
0.000545252427452416 -0.012995002999903 0.409153916664252 -0.485199654267407
-0.00523537254699993 -0.0107895664445067 -0.157740038260192 -0.950120538517577
0.00368748995245747 -0.0234755075589799 -0.866110232192271 -0.279134767149331
-0.028355276027866 -0.0465237467019625 -0.470777963435884 0.57128155201379
-0.0320335905449272 -0.0136461737008023 0.149539234461186 0.476602194842566
0.00632725814363803 -0.000608477200048344 0.21975285484367 0.0731226072523775
0.00192493965532757 -0.00557451110167513 0.0309205885852158 -0.203738987710357
-0.0132261933017792 0.0140888875954363 0.00555927382796474 0.157322253178548
-0.00109916710937543 0.00272076127447997 -0.171693455262463 -0.0262431503431623
-0.00386869947000826 -0.0219922674752611 -0.166247111120131 -0.407959185190228
-0.00446543313968406 -0.0400204041140515 0.382548634482972 -0.483304445291079
0.0270006966485464 0.00386133226260957 0.83401827275622 0.157488103298996
-0.0212317619673272 0.0171642746779742 0.320458000924618 0.900147449632237
0.00196305851346345 -0.0331409845805399 -0.359220251374913 0.594348785985883
0.0287077214556041 -0.0343640903147079 0.00202691801191176 0.0956553987375367
0.00428855312055125 -0.0145349308305229 0.390782756713324 -0.511733842837781
-0.00906730250437537 -0.0142753892724244 -0.219081037922207 -0.933321274339042
-0.00658081676817765 -0.0261123486439982 -0.87834052942913 -0.21168947147585
-0.0341387272388315 -0.0448338913468064 -0.432274048557555 0.596373562737593
-0.026451336805251 -0.00863568702450811 0.171660778041611 0.460246661696906
0.0121677922984696 0.00492311356960524 0.222412905685648 0.0566893177338259
0.00402258663305893 -0.00514226602914149 0.026725813413682 -0.205019037414417
-0.0108946883511739 0.0149516151194593 0.00333306015101958 0.157120243550912
0.00214098217039101 0.00645906105604132 -0.169254021085257 -0.0383358724682593
0.000881675159263866 -0.0179753912024856 -0.144414963751671 -0.426101935072066
-0.00478011132684203 -0.0389909436750354 0.410835881033866 -0.463499485436718
0.0210538383970307 0.00387463304415548 0.822408086574124 0.213885779352455
-0.0251125445642184 0.0145285165868773 0.263482952388093 0.922950936955459
0.005800690750751 -0.0318117038490071 -0.380949126497764 0.574020258359324
0.0315898156048802 -0.0305143951574724 0.0213372101108944 0.0801737595955231
0.00661419794118897 -0.0119772052872671 0.375771998328548 -0.535813902530066
-0.0112543687737567 -0.0150127700635434 -0.279297628194754 -0.908720792351634
-0.0149076132984786 -0.0289053528011647 -0.887216014958887 -0.144090091622693
-0.0382718504919893 -0.042062234313994 -0.392887126578511 0.6190716775276
-0.0210913587104344 -0.00322446641361267 0.194078474102621 0.441977295733146
0.0171387657117277 0.00911400304951562 0.227349293958891 0.0418384851265998
0.00741658346226131 -0.00472787679219147 0.0245266832730254 -0.205008754525164
-0.00893438966394505 0.0162496824481278 -0.00106355885443755 0.156079966934338
0.0046407065622274 0.00902799099676561 -0.165925726825515 -0.0469564241065987
0.00591060016779632 -0.0128673606602765 -0.123510828004543 -0.439740168173539
-0.00276295023975232 -0.0372041374262917 0.432722924770165 -0.448322322585536
0.0197460586855666 0.00509822527478506 0.809995375987829 0.262068286138527
-0.0247344913247059 0.0145453617994398 0.217174210951899 0.942414753463994
0.00459273889474016 -0.0240680611090747 -0.393299203815457 0.558100955231651
0.0272723263772762 -0.0221344102942334 0.0392238624299249 0.0687389076373633
0.00376101424772168 -0.00393409615680175 0.361417890240133 -0.554592368836377
-0.0115652839477826 -0.013059904230497 -0.328281400562895 -0.889436871353954
-0.0174869281608766 -0.0308320293672921 -0.895365464672965 -0.0934177355733252
-0.0385820350510085 -0.0389037336230919 -0.360613232883422 0.628852341443865
-0.0158777157615546 0.00258170608500172 0.209740953281256 0.423577488372766
0.0202643454808367 0.012560359725972 0.228817515962823 0.0304031218795107
0.0100540377622444 -0.00308654037442385 0.0191521296932765 -0.204272960188665
-0.00537726636406928 0.0183092818730402 -0.00651805484134867 0.156977808010069
0.00694716113881391 0.0113221495392732 -0.163763583468984 -0.0518454671859541
0.00867363329835286 -0.00728507320048247 -0.109420640596491 -0.450440195995196
-0.000197335368408522 -0.0346110104970496 0.44635095756304 -0.439431632984223
0.0232092177934408 0.00538829567318347 0.800281363325878 0.291989872632705
-0.0225603448415109 0.019144750237566 0.183658696890809 0.951939921406055
-0.000829810699647056 -0.0124228766386449 -0.40025019045425 0.544005669058502
0.0173321550911742 -0.0117930848906847 0.053984328435043 0.0609279540629636
7.28247843342078E-05 0.00789676451872815 0.354550138323299 -0.567403001860363
-0.00854054209581656 -0.00880074128611346 -0.356014022359846 -0.871844091091705
-0.0167541700477413 -0.0331263000629047 -0.898201999572213 -0.0620230980903683
-0.0370924454325286 -0.0365215008177908 -0.340247263001034 0.632418806428983
-0.0125750910676459 0.0082367335854674 0.221385694937878 0.407516492879758
0.021437061058335 0.0148553589846768 0.229937959335481 0.0224327182902422
0.0115728185463575 -0.00212234825007918 0.0150234764109703 -0.203267407316505
-0.00392304468742545 0.0190716361459579 -0.0114937959925438 0.158592328830555
0.00647515201614497 0.0121023210427669 -0.163534825639714 -0.0515222401115688
0.00995003336596263 -0.00346013724208735 -0.101900515544618 -0.456568014522237
0.00474859919762714 -0.0316024429963144 0.449322102795079 -0.44192558845835
0.0312465495915549 0.00559451221585978 0.793435906475012 0.297679120553383
-0.0191527366355865 0.0269630783686344 0.174187178135765 0.95386608211152
-0.0101896016488726 0.0012380775482929 -0.395245429625399 0.539737217551204
0.00173840367087913 0.000298152277682313 0.0638802974076054 0.0581094511400063
-0.00631539192952893 0.0210557046312869 0.354264611049705 -0.571277315264533
-0.00217889649940538 -0.00346467361199363 -0.366701813784182 -0.870403012507283
-0.0098882310203129 -0.033295112944848 -0.901307285542843 -0.0568003593312939
-0.0327658362115739 -0.0345100942707613 -0.336296423215095 0.62603587357993
-0.0115600115755378 0.0121139566956775 0.224747342896726 0.400159848595812
0.0211062618952251 0.0147421566178347 0.229748206153892 0.0217165154784176
0.013871354864084 -0.00027039807558272 0.0108824217913293 -0.202523858486829
-0.0024257081234425 0.0199689428850484 -0.0157173101103014 0.159819602817573
0.00481865437383448 0.0112292327629841 -0.165642760180748 -0.047139768457201
0.00979931686552745 -0.00135207325613697 -0.105219697146211 -0.455675773066319
0.0107530043415545 -0.0309034796536118 0.443526291466958 -0.453508624021622
0.042273013354294 0.00635503015889961 0.795720795089771 0.280283212864108
-0.0140803006127422 0.0368563663619891 0.191938913704877 0.948740200407583
-0.0219171891248572 0.0160462545197394 -0.385204136587239 0.543221329849755
-0.0140006027029861 0.0119053632757648 0.0661110149305199 0.0604660082240019
-0.0137963399704576 0.0340842651925692 0.365195442273209 -0.568078353900035
0.00409617671002001 0.00401368107694766 -0.351951445796363 -0.878223770316046
0.000440096013031004 -0.0339778237182262 -0.905041708926263 -0.0790676015615967
-0.026150077112782 -0.0335071565628425 -0.348652038421723 0.612568883044089
-0.0130503847306971 0.0147705392715903 0.219013383098016 0.399139866250341
0.0172573832519152 0.0141718672128212 0.228400283910952 0.0273108421618559
0.0147375359536017 0.000883303488989874 0.00864353526049488 -0.200755713335912
-0.00222488149741389 0.0204289609038487 -0.0177656138434188 0.161670689587662
0.00190874490894284 0.00935330598928773 -0.168920343335072 -0.0383207064360955
0.00691890305141848 -0.000534805659698837 -0.117477913147901 -0.452019934296801
0.0163540851266447 -0.0307426387413087 0.424810077735743 -0.47417714456273
0.0539764537033913 0.00576329906557829 0.80401985230183 0.241588349079593
-0.00764662574355291 0.0470415216162348 0.226472233836477 0.935812877686728
-0.0322138855914144 0.0289434958745621 -0.371617854097624 0.55545490766007
-0.0311503472625225 0.0214922374032497 0.0618282778790432 0.0687401478916285
-0.0218794706978569 0.0465568507895445 0.383148144916468 -0.555808445684945
0.0122620821570453 0.0112461536640702 -0.321990533936453 -0.898664572655443
0.0141746098009674 -0.0327604167289289 -0.908849701916811 -0.121717389644172
-0.0204055017819672 -0.0331460879966745 -0.37519759709087 0.596345834541267
-0.0173177728418245 0.0148035292838351 0.206756040431257 0.409352012714816
0.0122180747626349 0.0108478606235371 0.226120163709952 0.0371951084877545
0.013701683687168 0.000625244864833297 0.00562298604602721 -0.200327856793005
-0.0153393638995612 0.0130989484171075 0.0052862486386022 0.156413023821107
-0.00465118223799985 -0.000601251942630394 -0.174875746581637 -0.0122772787422638
-0.00962660826108671 -0.0231143201727157 -0.186632418474141 -0.387455002128034
-0.00387417880194636 -0.0410473122073245 0.343541056189365 -0.498897363022661
0.0360287128665889 0.00249606453165821 0.82905411212689 0.090657361596171
-0.0154626309863189 0.0234474199162907 0.378873635393734 0.8557967161648
-0.0046564223839301 -0.0286912963762984 -0.32981224858747 0.606542867509412
0.021271941500421 -0.0339475154166663 -0.0130397779351682 0.106516609212419
0.000858259935776325 -0.0129311928398551 0.400969203850943 -0.483428046058382
-0.00522143464968151 -0.0103546264275287 -0.16231125407659 -0.938815612694861
0.0031449763059926 -0.0239414414295598 -0.858259958541675 -0.270037503661285
-0.028366017312954 -0.0444337541310071 -0.461877544180343 0.56865977819194
-0.0307789483224643 -0.0139542894754703 0.149954282489278 0.471148982797395
0.00618238191131956 -0.00129461968755312 0.217709822520202 0.0715296658100139
0.000574791713539635 -0.00575139400430566 0.0291494084017668 -0.201057835482976
-0.0127424815877303 0.0138109650021309 0.00625408961776126 0.155987081581847
-0.000312248170694238 0.0030087923245363 -0.170578005236891 -0.0244719948113415
-0.00403406522596621 -0.0216374672074346 -0.167227621024776 -0.403312814945113
-0.00507110285575109 -0.039326676144273 0.373318363854734 -0.479898840832977
0.0266998330571251 0.00284987351187995 0.825346321582074 0.149509823442341
-0.0219216452198346 0.0169362882855788 0.32379506337419 0.885808511526089
0.00222494125274143 -0.0329951004979701 -0.35206769038215 0.589853108531941
0.0292713205276855 -0.0339755888852291 0.00262668047673237 0.0931109797446898
0.00561024821281442 -0.0140450307077787 0.383476883416052 -0.508361840057564
-0.00895432540952466 -0.0137219358908634 -0.222788851721713 -0.921150531397682
-0.00729133275814844 -0.025863259797321 -0.871125558917472 -0.203249122589473
-0.0347800985615995 -0.0434213833858895 -0.422408376811033 0.595063024850593
-0.0254648477759079 -0.00935377055949289 0.172601887482679 0.453929534316261
0.0111751367689565 0.0040246043276407 0.221749858990052 0.0558022234856269
0.00320827961924364 -0.00446923197102406 0.0265072117267584 -0.203099182786922
-0.0100595627214396 0.0157261043690902 0.00251573349116691 0.155219425049659
0.00329438720552651 0.00542903511140786 -0.167094310078007 -0.0356066675348513
0.00201168883877928 -0.0175638597102464 -0.146030085354466 -0.418714283416331
-0.00523504766959879 -0.0379308419641948 0.401445695828385 -0.461159716940012
0.0217128525268271 0.00454574507868805 0.81590927908041 0.206531488343645
-0.0242096011820379 0.0137471416062532 0.270031307641167 0.910969970040069
0.0060470060246664 -0.0314626625033003 -0.372415843288855 0.570300233355592
0.0309578795178976 -0.0303005971920276 0.0203070472857537 0.0793602788004137
0.0059256897159332 -0.0115879530502029 0.367673447129231 -0.531179308482925
-0.0112805456566936 -0.0147382633393841 -0.281238584073832 -0.897136442420157
-0.0152442204190418 -0.0281287685382033 -0.878127416632791 -0.135000716694591
-0.0379739976239306 -0.0415802837732494 -0.383159559449459 0.615333708921538
-0.0211187807696528 -0.00325789759377082 0.195911998965097 0.436786226225316
0.0164296493541255 0.0081668205381097 0.225622495730562 0.0400549603265699
0.00608512148353858 -0.00440385082468155 0.0236876471300231 -0.202917691671929
-0.00840424696988948 0.0161225816595409 -0.000441546433684529 0.15384149558745
0.00582099279339671 0.00883451298158059 -0.164195127021438 -0.0447921684154803
0.00527924453594977 -0.0123240774242725 -0.124420646260571 -0.432953478944486
-0.00381353267336225 -0.0356250802509371 0.422816252218085 -0.446670438514912
0.019536192160916 0.00427725918932183 0.804215730828527 0.253578907436586
-0.0241119906176535 0.0146700942788148 0.221263860489411 0.929343758574997
0.00528045656926995 -0.0245146667191689 -0.384236339256874 0.55327365258167
0.0269251766186887 -0.0225703095249649 0.0386110073873497 0.0683253549793768
0.00393315760338334 -0.00358800355069737 0.354126956707668 -0.552127298632227
-0.0112723457796705 -0.0117907852683053 -0.33111073347836 -0.876925877492319
-0.0173101666734554 -0.0305066881497575 -0.884902976138959 -0.0875252946806218
-0.0388937577591059 -0.0384846366792586 -0.351344610386615 0.62544922675936
-0.0153321443400462 0.00259862748327288 0.211728182896631 0.417503759947944
0.0202421584796483 0.0115121653979638 0.227018194689508 0.028390328897284
0.00937180927474075 -0.00392677287418742 0.0174966271314489 -0.201786350863176
-0.00597932103844544 0.01821350681433 -0.00568214080497329 0.155523119137399
0.00675316187760937 0.0102956123901275 -0.162003451407679 -0.0502480902244654
0.0090604446176483 -0.00775714511436408 -0.110864299954101 -0.444079991399865
0.000584644924811049 -0.0338842282868184 0.439391741680444 -0.439843082863302
0.0236802534365935 0.00578260785785547 0.791257317830741 0.281109561315577
-0.0219356817192491 0.0187558203911265 0.188601792674204 0.940289758448155
-0.000559198803811192 -0.0133120208334551 -0.391307231592105 0.540608670366055
0.0174383547362404 -0.0121896393408582 0.0538661156314983 0.0596395419508657
-0.000110988425828816 0.00829770803148416 0.347144602189425 -0.563488294367389
-0.00872958855027579 -0.00780553108401754 -0.356346904533914 -0.860802189914203
-0.0163329766515027 -0.0317008129347328 -0.887826537283399 -0.0549877575732254
-0.0365091412311992 -0.0358295800931139 -0.331849992694646 0.626615539650604
-0.0119171856481017 0.00793464892590658 0.22095946717036 0.402641446720964
0.0214527236971679 0.0138160113477694 0.227511723942788 0.0205445743245404
0.0113524320217572 -0.00242021167694192 0.0143281141133724 -0.200644405131161
-0.00388788152464305 0.0193333138149615 -0.0118348158893599 0.156273496285345
0.00618875548645581 0.0112825373671684 -0.161871627071427 -0.0497595474453088
0.0107641893774366 -0.00298527619073408 -0.104483896595045 -0.44952381811013
0.00382348462764448 -0.0313118610767996 0.441516513333667 -0.440455151305689
0.0309791554046883 0.00536316816525019 0.786322232896609 0.289205908653135
-0.0188525881352375 0.0264649638874912 0.179685384013691 0.942266883398238
-0.0101925254777388 0.000620152405567238 -0.388097107170565 0.536149579270392
0.00254510654832624 0.000441443034891487 0.0640918567287716 0.0573395341816597
-0.00598007508375063 0.0220676067031955 0.348100597419059 -0.566157733657143
-0.00346007422023171 -0.00298837346809172 -0.369138373789262 -0.856928209463912
-0.0103251688180722 -0.0331144692618094 -0.892726637129895 -0.0506942267070803
-0.0328353303931741 -0.0341706203730576 -0.327919670208991 0.621618092727199
-0.0116415079001307 0.0115551360120649 0.224573328037498 0.394721881583313
0.0198331881868736 0.0136494615450131 0.22817112388332 0.0205479829214106
0.0129407341730802 -0.000125599143751801 0.00967212439500959 -0.199246418210608
-0.00236500090896719 0.0202540057311532 -0.0147645390525216 0.157601714369668
0.00504488032763795 0.0107617480002697 -0.163962676076644 -0.0452457387965396
0.009348558834092 -0.00153320789321249 -0.109162396247423 -0.452289191654747
0.0106567754282453 -0.0302538818065888 0.435179509108215 -0.452886490626236
0.0417507357783411 0.00625149446372667 0.788240948557307 0.271308093286837
-0.0135158984124241 0.036529752875489 0.195019916084177 0.937052503547663
-0.0209279485563593 0.0160240496004101 -0.377163370439611 0.539997950529009
-0.0136037407224797 0.0122532544398658 0.0664205276654325 0.0600705271901526
-0.0121689137012029 0.0349455162176894 0.358806990577266 -0.564019783597323
0.00407240103916203 0.00433508145963373 -0.354008267637375 -0.867671821058503
0.000896352449830988 -0.0335224137141102 -0.896590323300496 -0.0709483919157349
-0.0271136249112495 -0.0327427170624874 -0.341671813609009 0.610656318913777
-0.012933450635874 0.0141779817966169 0.219903720213049 0.395125059211771
0.017201968858483 0.0125026512611886 0.226640948284995 0.0247591917001541
0.0128424646045865 0.000485228033273689 0.00676839254761393 -0.198877127034932
-0.00245423158447213 0.0200656145987696 -0.0171782670707813 0.15930956184898
0.00257343156204362 0.00923199579853816 -0.167394810565248 -0.0366124445886896
0.00735190042136011 -0.000911773560543224 -0.120696621709404 -0.445454213995309
0.0154578625402515 -0.0303389719638833 0.415400975918145 -0.472164244353744
0.0535755691204411 0.00505935144348874 0.797722096962293 0.232898418484474
-0.00655334053774762 0.0465550986565987 0.230927794681061 0.921193603446864
-0.0312678571609963 0.0291212975794532 -0.362988472391839 0.552286043579667
-0.0295622555132591 0.0212245154886607 0.0616091967495514 0.0675459330128381
-0.0204350379263777 0.0466065970465562 0.374030503703656 -0.552645480202679
0.0121003552519433 0.0116506020730752 -0.32210133621857 -0.887765663378075
0.0128019479354056 -0.0330962307799912 -0.900501492661985 -0.114094540861252
-0.0198076606230707 -0.0331992703834168 -0.367457607774619 0.593423740105532
-0.0166686461241623 0.0143264739545463 0.208746987853611 0.404025522907825
0.0108841776090637 0.0101665193236395 0.224734217592519 0.035643645072639
0.0129522233743899 0.00058398415632437 0.00495560148267265 -0.198219770771697
-0.0145259183073843 0.014077565154329 0.00629896309097709 0.154520962961929
-0.00372534316221337 -0.00123153252285127 -0.172390897789336 -0.0107001226756188
-0.0092544229173891 -0.0231214547980277 -0.186493372889815 -0.382169330263308
-0.00374147544896035 -0.0397281464303806 0.334959859505323 -0.494984108361241
0.0361724883740105 0.00217319984503752 0.823229168665237 0.0848351384004037
-0.0155541572978522 0.0220284950157468 0.378849084911428 0.842603597726884
-0.00442356249178953 -0.0279804260749142 -0.321972986130313 0.602241632171738
0.0204732976143866 -0.0336385071248313 -0.0120962182466029 0.106976648888003
0.000719107862954389 -0.0103918403079047 0.395084095517993 -0.478877791624424
-0.00603593772986822 -0.0103819448493039 -0.164026713499555 -0.926305512607562
0.00248801882605298 -0.0228531069841909 -0.851916143565831 -0.26319628073178
-0.0292935330098725 -0.0452820626386709 -0.453310482963299 0.565643335230393
-0.0304962158572123 -0.0145168494953753 0.150855575028471 0.466399488736163
0.00484209863812174 -0.00273665643291668 0.216802990469231 0.0704166012421465
-0.000491966209543442 -0.00620542004091669 0.0285099492606877 -0.198671403073458
-0.0132439817137948 0.0142927024866109 0.00669691965196019 0.153010827997112
-0.000645253963422967 0.00256879910549042 -0.16812034740604 -0.0228972270816183
-0.00379178095090279 -0.0217809582342236 -0.168278557877373 -0.397088018824415
-0.00425826484904256 -0.0392182542403066 0.366254081615507 -0.477504845783223
0.0276949516173915 0.00340412178769647 0.81674919455569 0.143641439858004
-0.0206050732659191 0.0160432802725915 0.324765359555378 0.87462131998651
0.00252944868311004 -0.0326477176811806 -0.345075650441692 0.583926027816351
0.0295717323095466 -0.0342305254855472 0.00300243303494755 0.092223391635813
0.00457078601106719 -0.013201489099553 0.378245542389591 -0.504037042563032
-0.00939375114346711 -0.0137196852189229 -0.226338050585684 -0.909601706789385
-0.00741875365426031 -0.0253961408737418 -0.863812610699302 -0.199203719499238
-0.0347122371366322 -0.0431237049224877 -0.415583353978125 0.59302553717235
-0.025724211347659 -0.00931819916131382 0.172552417913411 0.448523232239529
0.0108817080244214 0.00250834316484244 0.220309632074293 0.0546724460591994
0.00291195803242784 -0.00457957844975454 0.0256658096231997 -0.200546845329206
-0.00986893031732724 0.0153298355567642 0.00333358337575321 0.153378774142036
0.0032633307051367 0.00491303371950644 -0.165861704677976 -0.0348348535727325
0.00184875946887498 -0.0177366907525278 -0.14540139360041 -0.41439072748426
-0.00611161911103659 -0.0374772473143378 0.393768197014311 -0.460063581457357
0.0207512179372444 0.00437382956130713 0.807589945491338 0.197535984683146
-0.0234489705202728 0.0133407155355222 0.270028133205323 0.900141750330492
0.0053445999366453 -0.0318344917265411 -0.366626999599887 0.566918659356556
0.0312244064346842 -0.0311213134209601 0.0210152770393916 0.0785860868664371
0.0056935717094148 -0.0110220992417949 0.360678937756985 -0.528036360792986
-0.0113563120081353 -0.0144003146053283 -0.282250682833 -0.887209672991789
-0.0145270992976039 -0.0280008616767427 -0.869874331620096 -0.131740323754094
-0.0380322842397418 -0.0401980556731285 -0.376334378056516 0.611475116710965
-0.0201646770000567 -0.00380666616259598 0.193553117968497 0.430882107633805
0.0158968302208571 0.00741117128022122 0.223360561575399 0.03836020686926
0.0055754352357595 -0.00457924310508458 0.0219161359842217 -0.200756167562598
-0.00743346704407763 0.0158755936638516 -0.000856140877298583 0.153399109930664
0.00484806520743765 0.00758766037775262 -0.162029191949604 -0.0440018750063002
0.00590420835446727 -0.0125164782852991 -0.127984258203202 -0.429949491694714
-0.00395080253255593 -0.0352373534722924 0.417313639645122 -0.445253739709131
0.0200340484408114 0.00509197402837638 0.795293963868169 0.247371479342617
-0.0238735157407286 0.0138363431802477 0.224259049747871 0.91715485869693
0.0052482580352329 -0.0254732348881809 -0.379805495788417 0.550587484627128
0.0271560522305526 -0.0224692804133614 0.0389674007606234 0.067758030694313
0.00362061728865816 -0.00283465385667053 0.349609992856464 -0.545272811562475
-0.0116260192238283 -0.0121561939080609 -0.330534716892905 -0.864684946569918
-0.0181984593925576 -0.0290513137428688 -0.874972421448129 -0.0814246142983814
-0.0386324355590944 -0.037545608813167 -0.346545289264951 0.621110953373203
-0.0154940276262322 0.0020602581981807 0.210904074339974 0.413811608783787
0.0192613082328973 0.0106528974671207 0.225353977598474 0.0278797389823806
0.00794842085019124 -0.00318548249618612 0.0183477646731232 -0.19985327188531
-0.0051699688699147 0.018386432497475 -0.00586901556899051 0.153712544319872
0.00693817339633203 0.0105113537093377 -0.160047762931779 -0.0489282396324401
0.00991559968242522 -0.00778968736372684 -0.111956676149647 -0.439224246860549
-0.00063315928694185 -0.034104937650943 0.430389377797478 -0.436998031690245
0.0242833961232579 0.00470308189889529 0.785609636751925 0.276118895111728
-0.0217216135001816 0.0185820864575995 0.193106174115072 0.928408916820288
-0.000477430602366522 -0.0127882398577513 -0.385453488170202 0.537698418498283
0.0175072063155009 -0.011738064094519 0.0531886891561316 0.0600458818154464
-0.000105983043022895 0.00881137396567936 0.342787175871359 -0.558587587430505
-0.00899428220436282 -0.00794645729670099 -0.360023514246258 -0.84945647269432
-0.0161115290469305 -0.0315117462262523 -0.879589976341207 -0.0492635525716802
-0.0361763365444705 -0.0344084923372261 -0.323637080446789 0.623250982823052
-0.0117921342783638 0.00760446148367949 0.222169676977996 0.398980728989906
0.0201538061868528 0.0127223609955945 0.225144842362305 0.0199961353051446
0.010154982304049 -0.00291843050803989 0.0139183721918715 -0.198567896888495
-0.00320994939035694 0.0196060487462154 -0.0106400418748155 0.153496747777689
0.00700122038230026 0.0104743018865115 -0.160946819477187 -0.0487592761377729
0.0116883772035797 -0.0027633197395809 -0.105871429622288 -0.444646782106896
0.00484356338032381 -0.0307180481685136 0.433251748172188 -0.438024672016835
0.0304065474823285 0.00511851675933724 0.779585242204512 0.279249588088246
-0.0179738762321964 0.0267373977041171 0.183333872149107 0.928852020799452
-0.009675180309388 0.000792235937294275 -0.381223610622232 0.532581547767782
0.00335099010461138 -0.000500495062314281 0.0629943088397249 0.0554193689714738
-0.00484100666435704 0.0226424882680629 0.342542807211495 -0.56337664527015
-0.0028282484753829 -0.0021656974360357 -0.36834208037408 -0.847617168390035
-0.00968983053555044 -0.0325789786283737 -0.88287279541593 -0.0450642206005285
-0.032670399352895 -0.0340860757479428 -0.320734617817273 0.617519563282352
-0.0105527085997866 0.0114456347225846 0.222964900378915 0.39077992635964
0.0192318097419798 0.0131339686840052 0.225274840440717 0.0196915563156676
0.0118151996787769 0.000131066020972732 0.00974186123486259 -0.197397815559115
-0.00218742428458424 0.0204570504500991 -0.0142894557583083 0.155206732857858
0.00479703909777482 0.0103375174166754 -0.162151641169441 -0.0446467800658797
0.0106058689610029 -0.00162363730378412 -0.109369885217518 -0.445141191118406
0.0105266210183405 -0.0293302463698508 0.427588195480043 -0.450936275978742
0.0415071439281925 0.00541953651959521 0.780065062020498 0.263226351501245
-0.0134361651220128 0.0353853692276515 0.197393428058878 0.926198910721904
-0.0200779956833254 0.0151391121948484 -0.372563435860035 0.536629010946225
-0.012996752782288 0.0111132793148432 0.0647676422010856 0.059523982985281
-0.0115018570702679 0.0355552175900513 0.352500058451381 -0.559115887205623
0.00382088306061348 0.00361004416553239 -0.354779866774197 -0.858242552979246
3.31494714636369E-05 -0.0331563721063396 -0.885518646663628 -0.06512936202095
-0.027912865703577 -0.0321892879326344 -0.334312492295475 0.606383254309984
-0.0119390788622439 0.0136596311066611 0.2189528009534 0.390275828078893
0.015437195814212 0.0119004744889565 0.225238602569872 0.0251220213527115
0.0130452445710215 -6.7270690372766E-05 0.00636897539305029 -0.197178091912061
-0.00149137650030762 0.0203226985882017 -0.0167956961305768 0.157595967764989
0.00240186589680506 0.00881086482426722 -0.165782431883622 -0.0350898258963592
0.00758264618563416 -0.000350280483556436 -0.122697851113148 -0.441506476907466
0.0148884405091068 -0.0294594255626762 0.409353677483146 -0.468745720985926
0.0527459061432733 0.00487093688569051 0.78919369794977 0.22606110484818
-0.00735027244513443 0.0457504053475107 0.232137547086771 0.911576871877642
-0.0303913692354177 0.0277411931055263 -0.357669260985005 0.548476108795879
-0.0291606470071904 0.0200507562868896 0.0608226828442313 0.0675175037624021
-0.0187032372304412 0.0470579072342066 0.368226725388506 -0.54842794281215
0.0120679470957356 0.0114703483392725 -0.323093145294941 -0.878628889151749
0.0128068714215336 -0.032213510814953 -0.892028891138349 -0.108031077592587
-0.019956758677789 -0.0322022545117451 -0.360946562436598 0.590469331808626
-0.0154808501588847 0.0138780963869091 0.207380518788716 0.398229853181475
0.010916235980986 0.00945599433705708 0.223302303153303 0.0341790965192382
0.0116798992080989 0.000605699912188895 0.00457487343868725 -0.196489981126061
-0.0147363081352012 0.0139282770544489 0.00631702443735657 0.153459449621843
-0.00464025637282495 -0.00118618906175427 -0.170404375950617 -0.010281985149782
-0.00843961502144015 -0.0234894183200023 -0.186819957152668 -0.378230183944402
-0.00323907643256165 -0.0388821439729566 0.33149801602711 -0.491716082972512
0.0359799610699233 0.00178457661994484 0.815530816265883 0.0802694319894144
-0.0149288229316354 0.0222512261992294 0.37753795218791 0.835127047360775
-0.00365829102655409 -0.0282448756555218 -0.318292405577469 0.597846278682348
0.0202605618107003 -0.0334238577220345 -0.0110820084117552 0.105659951541067
0.000763598242435216 -0.0113122507670766 0.390242007457529 -0.474366069651566
-0.00561073007469436 -0.00984424066789948 -0.164981695258193 -0.919174300500855
0.00272970245813118 -0.0230047474341786 -0.846829661221494 -0.259940717130136
-0.0282353330242089 -0.0438944350943009 -0.44709338825795 0.563057049397927
-0.0300098555779188 -0.0139550303095955 0.149583530683806 0.462197539102328
0.00477474224923929 -0.00286918548147294 0.215267134020901 0.0696189001995375
-0.000725144024503849 -0.00591807504607577 0.0286555941618269 -0.197863977146648
-0.0119683238068333 0.0139376207414915 0.00601771522702755 0.152030619717516
0.000173135575579603 0.00213389597983807 -0.166707160821967 -0.0219037175442837
-0.00284460369983607 -0.0219584860317286 -0.168025218957738 -0.393343141157507
-0.00581023020027473 -0.0376595100026596 0.361030166906182 -0.473504859991436
0.0259415991104211 0.00298839407067706 0.809597612220913 0.140450604877216
-0.0206980608176687 0.0167061012237078 0.325676554923008 0.863313552726609
0.00287119446313026 -0.0329585097362961 -0.340094455639661 0.580059861946631
0.0280353992054092 -0.0342642521406619 0.00270535807274508 0.0917789836955611
0.00543213390310944 -0.012582970003201 0.374143077287711 -0.499874519737826
-0.0099081097737091 -0.0134470005721864 -0.22717768673638 -0.900585732755489
-0.00730964131585643 -0.0264862821081206 -0.856756314023174 -0.191811073866416
-0.0337648798098957 -0.0422243762582106 -0.409434396079786 0.588400184252967
-0.025297816274474 -0.00952032477902065 0.172969930512353 0.445610383340788
0.00981930811884186 0.00203049429606214 0.218826933740103 0.0534539192681786
0.0016269735497658 -0.00514849172341479 0.0244824346236256 -0.1988262487475
-0.00992420948250928 0.0154297485259447 0.00267236748451951 0.152009843468676
0.00347222844408563 0.00480889338339645 -0.163910980330819 -0.0344927962794938
0.002031181929859 -0.017759401838225 -0.146682601236694 -0.40984134648559
-0.0053719582263079 -0.036024495344009 0.389579737836392 -0.457078149647017
0.0208650700394195 0.00339167534281243 0.799474392194362 0.194470509107738
-0.0225037996670086 0.0126476306204335 0.270865232035945 0.892544043888527
0.00522201647041418 -0.03151730393603 -0.361281423410765 0.563270163961697
0.031302149024787 -0.0305415155986564 0.0204526960467752 0.0777226604210095
0.00576890716439083 -0.00946803363227002 0.358302847516051 -0.520959541869959
-0.0119973958937015 -0.0137522192161057 -0.28263667811569 -0.877316966350145
-0.0149174591957014 -0.0277412052904639 -0.863843585577827 -0.12742546371865
-0.0380394519753847 -0.0402077012490807 -0.369551513824007 0.607216811624863
-0.0199074620241255 -0.00421412173280954 0.194117872524696 0.427936119635113
0.0156843362820382 0.00572609350880272 0.221172838457069 0.0386905334267733
0.00341853665697306 -0.00404415813269795 0.0225658998229015 -0.198610158696121
-0.00746701736464191 0.0164133257698735 -0.00106416031876535 0.151186200080135
0.00681853571304645 0.00757792592986258 -0.16053158052481 -0.0430913298813301
0.0066203981688231 -0.0129489824522273 -0.1261816153486 -0.423506713308094
-0.00407726390801301 -0.0345805320477444 0.410741095196634 -0.442203156180853
0.0201071314225386 0.00444932824213904 0.788884721867663 0.242274814568358
-0.0234020098469518 0.0134956438330122 0.226528367075793 0.907188475646142
0.00526897439710896 -0.0245775725333897 -0.374094640429925 0.545109072918806
0.0273252865057976 -0.0230452327809353 0.0380427168033383 0.0670182109871123
0.00372575020959356 -0.00185170166165845 0.344775931531247 -0.54127246237068
-0.0119685674878399 -0.0112671795350841 -0.328848512772148 -0.855869057283021
-0.0185255562265305 -0.0289039615182953 -0.868797053837473 -0.0780085071607306
-0.0379126644823856 -0.0365571074933879 -0.339254830524989 0.618204464731441
-0.0150623849727172 0.00220062947835417 0.210009949187076 0.407452200536705
0.0187078159000206 0.00961934447726473 0.223314773309821 0.0265628169710193
0.00725619898634682 -0.00341699417290013 0.0173835261340923 -0.198364676173566
-0.00514329344660756 0.0180979672445319 -0.00654012107301015 0.15196219478959
0.0067003341181967 0.0094870283472355 -0.160171528577311 -0.0472220916596338
0.00930180714832971 -0.00784935284989655 -0.112248972570915 -0.434928471204662
-0.00102667589319752 -0.0327203309260295 0.424654774912657 -0.434144932477971
0.0231490911017674 0.00434731648423213 0.776413799826678 0.270408140670163
-0.0211535102380591 0.017544874531118 0.193692840144269 0.917954738037135
0.000191660554346905 -0.0130806668581326 -0.379843833880377 0.532424219105931
0.0175596702431001 -0.0127705843437006 0.0529717187714177 0.0590015943276879
0.000398609200082806 0.00903924033631918 0.338546726785149 -0.552847696522714
-0.00891980975071421 -0.00724294114789889 -0.356645759700462 -0.841366213355051
-0.0165386167096496 -0.0302431928160642 -0.871836979617161 -0.0482463509217309
-0.0356323251642886 -0.0341285146159173 -0.319573737591537 0.617901136880747
-0.0119210449533145 0.00652921995905939 0.219476696097249 0.39479508732855
0.0195550817662092 0.0113229651427161 0.224554217424379 0.0195515137624151
0.00882573756933609 -0.00231973287023421 0.0133502221314371 -0.196659289299456
-0.00258643659831933 0.0194826035393317 -0.0114449073688692 0.152623073526988
0.00680311463235202 0.01091315983006 -0.159139208272669 -0.0480602270974321
0.0105905898114743 -0.00406540873458759 -0.105368953731429 -0.440513099145721
0.00467875278839383 -0.0302387395003946 0.428588878438013 -0.433877252080626
0.0308799313174927 0.00503494336786612 0.772204422422629 0.276571583451426
-0.0179591352402606 0.0255738284910677 0.184521087548087 0.919626005784938
-0.00916185601965975 0.000336592062425413 -0.377333993511576 0.528667783784597
0.00334246883890632 -0.000906562634810877 0.0630826813351712 0.0556509687801325
-0.00530561142874166 0.0231398762095337 0.337474790515815 -0.556962807903884
-0.00291247740523671 -0.00269366711225754 -0.36642487599355 -0.838666203155971
-0.0104019217034489 -0.0319202843020392 -0.874518952680575 -0.04218132164705
-0.0324003358972107 -0.032753971713315 -0.315319153557684 0.612935168070555
-0.0103320690758003 0.0115137535551491 0.22314144144138 0.38480890098155
0.0183231735561614 0.0119090414722452 0.223924025109112 0.0194797790705049
0.011133625734179 -0.00134272186563662 0.00883241687638478 -0.196302527062745
-0.00176835400699385 0.0203396893917806 -0.0153437396251975 0.154347686915894
0.00521830149128328 0.00946725577577899 -0.161607723097878 -0.0441080392100648
0.0101505251842523 -0.00206876050849765 -0.108225958660693 -0.441219466183764
0.00941351092159993 -0.0288183383903214 0.421425344311571 -0.447850088148409
0.0415199129981259 0.00546249752416302 0.77417269660691 0.259640471760692
-0.0124721902777637 0.0351166658203142 0.19869561754171 0.915129194814428
-0.020482076600636 0.0154993832706454 -0.365593679264561 0.532887591396346
-0.0132236902612533 0.0106802302609162 0.0648988095164538 0.058958246641553
-0.0121676462463549 0.0361393992342581 0.347158531959509 -0.554278956239406
0.00411636195679584 0.00439622771689686 -0.353365627778991 -0.848404606645057
-0.000603306271646342 -0.03253970531457 -0.87939022324082 -0.0612730120877398
-0.0264640193250103 -0.0316889099831006 -0.3301111253335 0.601086930372501
-0.0116198033797964 0.0139853614950288 0.219114081737121 0.386488835602304
0.014988444695934 0.0110308345232765 0.223243732667757 0.0238942592036357
0.0120127185015781 0.000410349677340749 0.00596759642580926 -0.194757850297861
-0.00117850397659288 0.0206458620828926 -0.0174511312164976 0.155774097299198
0.00223690624080919 0.00830947963589555 -0.165102761741773 -0.0352749561856725
0.00810145198552166 -0.00130520877991992 -0.122004870342215 -0.436553048251236
0.0156545323743697 -0.0282462458245606 0.40226494955343 -0.466119874651463
0.0532537515145418 0.00416816094173329 0.781922948421724 0.221522859628515
-0.00698520812254998 0.0445838815923671 0.234402395335332 0.901682084113813
-0.0298994633996198 0.027741725381499 -0.352505141630613 0.543134465407655
-0.0287443037585729 0.0204290018842867 0.060594742620657 0.0663091069901023
-0.0194914258110166 0.0469230264676242 0.364392345617798 -0.543114224552626
0.0108278276112085 0.0120711105135376 -0.324250104659463 -0.869993214880471
0.01169908644481 -0.0321966725119508 -0.885200886810783 -0.104330876218536
-0.0193046311328216 -0.03162661224501 -0.355375283129004 0.585155395043862
-0.015543007273176 0.013660776192512 0.206818194974757 0.396145591282464
0.00931331565028088 0.00815820069395143 0.221155602711497 0.0337904868929646
0.0110081448977548 0.00161004039203207 0.00448775959965961 -0.194066946863461
-0.0140284004367041 0.013915670053827 0.00550800366778265 0.151493728877005
-0.0043545974510612 -0.00135114131841763 -0.168997652731861 -0.00941801020138144
-0.00852738979699723 -0.0232914033315508 -0.184636669520311 -0.374387600845524
-0.00360249343935487 -0.0385031508333666 0.327136781100034 -0.48949717691254
0.0364198148879219 0.00188174290971279 0.807928730287894 0.0792917974552519
-0.0142749942525477 0.0218319054599627 0.376543447503064 0.828222635616808
-0.0042531178435045 -0.0283344759743444 -0.315376747806143 0.593275199852735
0.0207435715280836 -0.0340131581835387 -0.0124056159465433 0.104410548803508
0.00092640021060005 -0.00975260619465107 0.388275963997263 -0.470864101707943
-0.00520999240947751 -0.00899641354946361 -0.165477934975418 -0.912550951900195
0.00189576179336445 -0.0226132090141344 -0.839488573027501 -0.256000935008734
-0.0288393572420167 -0.0437162341599258 -0.44221825834772 0.559555298188255
-0.0303703163946743 -0.0145505061133704 0.149909069212224 0.458579778095177
0.00373974647814542 -0.00364280814363033 0.216120808307435 0.0689448101011825
-0.0016123680625782 -0.00624451649520187 0.0274071206938587 -0.195632791258971
-0.0117197418241696 0.0140771470552598 0.00579097889573909 0.150845998663581
0.000326772685826251 0.00263597907294327 -0.165325333220428 -0.0230350804980287
-0.00344149627243856 -0.0208000146087424 -0.165115445586614 -0.390165488184852
-0.00534028451939896 -0.0373512326545358 0.356515159062137 -0.47031766734714
0.026787323375209 0.0029907736641932 0.804459275666491 0.137690361998344
-0.0194037844158255 0.0159578781119321 0.322731765608049 0.856642651681062
0.00260082694013503 -0.0322522865934204 -0.338177191402723 0.575717304681669
0.0294671885883326 -0.0345357592536009 0.00246338551870042 0.0914617471813228
0.00592376137091977 -0.0127348765312051 0.369785000986418 -0.495535823284113
-0.00915374004517082 -0.0136701750227581 -0.22495094838347 -0.893710873285736
-0.0076777623210347 -0.0253314974338435 -0.850277110133563 -0.191007228256786
-0.0345746114084865 -0.0421533370171283 -0.404935311163224 0.583976683809534
-0.0245510399529395 -0.00964524119154651 0.171067273694511 0.442545595847964
0.00875945016208514 0.000719065619861611 0.218080610190513 0.0534767254226203
0.00126979289065196 -0.00462178267335668 0.025270835609369 -0.197258644373064
-0.0100765793948967 0.0158244486564901 0.00243349003725289 0.150611573986735
0.00323851961461044 0.00419139774831602 -0.163443437734625 -0.0332157472883612
0.00176622631827646 -0.0176352435761054 -0.145125510616473 -0.406136719570309
-0.00598818131555798 -0.0364143456814234 0.384509136580804 -0.454077072235604
0.0211287858357033 0.00363115080664684 0.793284119142758 0.192039611142617
-0.0227656938243402 0.0129276154746145 0.270804229173721 0.881767537646472
0.00556960957754974 -0.0310719386452705 -0.358427249903015 0.557647176745937
0.0312606217859688 -0.0309854109570759 0.0204195769670333 0.0781552637862818
0.00605355370693805 -0.00911744024538103 0.35494877356101 -0.518054120089912
-0.0115238506338831 -0.0132860143806623 -0.280532290322899 -0.871869049226704
-0.0158810913262924 -0.0275019067828024 -0.858262033706129 -0.125140018397299
-0.0367720250575568 -0.0394034784551069 -0.366984287141967 0.603925880635262
-0.019691961980404 -0.00353026639374373 0.193110776223597 0.424297383094343
0.0140147938114892 0.00518676781318429 0.221709000708512 0.038568137630386
0.00319251047066767 -0.00455500219203226 0.0221173209695541 -0.196933774568536
-0.00718465396546073 0.0160895684493405 -0.00189265221336771 0.149146673568409
0.0060535666039156 0.00723285661961302 -0.159211071732559 -0.0426389256791199
0.00657477670359568 -0.0131583009370769 -0.12570043976616 -0.42045757812236
-0.00406362298976961 -0.0342404649605371 0.406541572666237 -0.439773511852826
0.0199945817115326 0.0042528216214857 0.782431277006051 0.239352278894733
-0.0235246841118237 0.0130205605707544 0.22392915472396 0.901898768701583
0.00566488616753341 -0.0245717560011254 -0.370554144763116 0.54209047864024
0.0274516132958403 -0.0229294654233031 0.03795065639853 0.0663598867409811
0.00380346156345934 -8.53869410614716E-05 0.342446198260784 -0.536691900910299
-0.0121137256841253 -0.0111597939118322 -0.327915135424094 -0.851501963921852
-0.0182957581865845 -0.0295619767670719 -0.86268126670344 -0.0773630140266415
-0.0387341701566513 -0.0363098235470454 -0.334818742453765 0.61424557020348
-0.0148039133043717 0.00160453584644729 0.209372028060452 0.405043002845691
0.0177308326044205 0.00914147684380529 0.222665473736074 0.0262940387610538
0.00563057056958174 -0.00355598707089715 0.017577459129304 -0.196156475819523
-0.00420807938458349 0.0180423716289138 -0.00674881749493969 0.150447720228927
0.00625796559061416 0.00941104982230357 -0.157940735271169 -0.0466317368746291
0.00942155333874301 -0.00806128525996524 -0.112362804591807 -0.430024145422868
0.000191739272164208 -0.0316356452673699 0.421075835324844 -0.431592565879683
0.0234587985729561 0.00473643629122516 0.771243150206001 0.267014063317495
-0.0217910910625114 0.0175879104677963 0.19426912661137 0.909598763244649
0.000250172186660128 -0.01306780286174 -0.376190439297594 0.529791012320044
0.0175188097027767 -0.012554899506632 0.0529382780997964 0.0585565917295416
0.000633775855492505 0.00992194779617981 0.334757765642049 -0.549205040127798
-0.00892474848720125 -0.00759629524376698 -0.354562134658715 -0.834181142011087
-0.0171777593842133 -0.030106297288813 -0.864102598112821 -0.0464238289045115
-0.035658959720086 -0.0341980858393629 -0.315894805457406 0.614720714233913
-0.0117936463534256 0.00637866115444001 0.218635245367447 0.392354385045388
0.0187809022641019 0.0110825200750758 0.22343247630024 0.0191947459319654
0.00860077856268734 -0.00197239902802017 0.0135122527026324 -0.195972741184892
-0.00229851705417221 0.0192335363202553 -0.0125078805211538 0.151494609023257
0.00641386081141133 0.00956028281806429 -0.157573531518673 -0.0478459135215163
0.0114412783855791 -0.00415685720266928 -0.106016269148093 -0.435706685339238
0.00467768756376261 -0.0298800293776374 0.424336985511055 -0.431928998706497
0.0308931532341056 0.00471390817728886 0.767268638019398 0.272933647530173
-0.0173360881721421 0.0256160606728951 0.183337737356744 0.910494079497387
-0.0088953062077729 0.000714346142822733 -0.372083701463344 0.526508725074204
0.00354739291184449 -0.000381196339046068 0.0618341724519021 0.0554341720225375
-0.00475834388985528 0.0234286306217914 0.33492344699928 -0.552665185472196
-0.00304055430394559 -0.00187819293541593 -0.364357782057789 -0.833361798368217
-0.0105923122698185 -0.0322702648054624 -0.867801054357515 -0.0425251286707472
-0.0317874816785628 -0.032151646708006 -0.313112941305214 0.608745806253784
-0.0102049106830493 0.0105208073397605 0.221734548242941 0.384403258671958
0.0176310934717316 0.0115556955370432 0.222494604522678 0.0184741552626135
0.010126002583644 -0.00030860484203412 0.00870385112558566 -0.194704557521953
-0.00133792091177283 0.0201686829760531 -0.0157751466955159 0.153242694266971
0.00489273950073844 0.00928142493361379 -0.159706973582919 -0.0432698571386717
0.0105702376883679 -0.00169259534456361 -0.108892498361338 -0.437292172697108
0.00995090351350614 -0.0287608101927696 0.416012711033322 -0.446072695531178
0.0415478782686767 0.00463634752089047 0.769733858485428 0.257435395738556
-0.0127399687740981 0.0347523688975659 0.197255447618651 0.907458878818358
-0.0192881509497189 0.0141248131009845 -0.364357644715496 0.527998692251241
-0.0121332127899922 0.0100633218901258 0.065388701848118 0.058715644305173
-0.0106079958616508 0.0358721811178044 0.34439533217255 -0.550242205171219
0.00400722556143814 0.00471395073578718 -0.349705598303322 -0.841112332046778
-0.00108525784721624 -0.03266771767138 -0.872957153863371 -0.0618194902796877
-0.0256966850144702 -0.0314938785415931 -0.325737015178713 0.599084306980066
-0.0121926490717734 0.0131474763781419 0.21592572151704 0.384439422835073
0.0141220758323998 0.0107253434680202 0.22199657048632 0.0227761212352177
0.010830868491195 0.000739107477044088 0.00601010751920473 -0.19376410932363
-0.00103949331462798 0.0203067655943244 -0.0178809532667752 0.155172554872857
0.00166900244237171 0.00755581209923844 -0.163280310667703 -0.0335332983946769
0.00755660741933763 -0.00221814000007977 -0.121087969018928 -0.432829974085234
0.0155859825540591 -0.0284065912399968 0.398302719892934 -0.46204302845128
0.0527989874393345 0.0043196322061218 0.774872761616806 0.218211636624588
-0.00661876652641953 0.0444722504402119 0.235867352535796 0.893294089950568
-0.0294334977161195 0.0274143263741655 -0.349195266359284 0.539227478921703
-0.0285863425946765 0.0192601506088025 0.0598417707936074 0.0659988930328057
-0.0192271346716367 0.0474564571750989 0.360523327163697 -0.540044644876668
0.0105091380222082 0.0123007536875611 -0.320173877103347 -0.862729445686507
0.0112068407510906 -0.0319846486739785 -0.878540911555501 -0.10510653049363
-0.0193005998179072 -0.0315659192036339 -0.353222461155208 0.583860201225561
-0.0147752581745857 0.013188897634154 0.205996934603381 0.392924557690181
0.00890047049519909 0.00756260874229608 0.220006121482292 0.033512928543748
0.00925897526127876 0.000554656181571601 0.00409820650832212 -0.191863207833878
-0.0135658228275489 0.0136663446788603 0.00394367748652951 0.150774166115583
-0.00470366891812441 -0.000739757407208397 -0.167824938379825 -0.0106028610494281
-0.00790621619623571 -0.0231122662633363 -0.184491611338989 -0.37148648868423
-0.00336377996341954 -0.0378234526852803 0.323842936675408 -0.486149567115349
0.0351658366837655 0.00237478604345825 0.802486170306004 0.0792638557907038
-0.0140852546286272 0.0211550066532835 0.374318017008365 0.822247709069087
-0.00298138567575558 -0.0286945554184452 -0.312405837614756 0.590136008619858
0.0210270852804251 -0.033877979283799 -0.0123401275537262 0.104425903530188
0.00160204988307328 -0.0102690063931782 0.386201625393221 -0.468606426504964
-0.00602666699454065 -0.00921688045747883 -0.161608819432035 -0.905556621311542
0.00257988481819295 -0.0223600842297432 -0.835591497302843 -0.25547738460695
-0.0282632304686865 -0.0432723713064661 -0.439622653746585 0.556120030910486
-0.0299657226141665 -0.014590609802992 0.147742232437427 0.456040527832162
0.00357689508736458 -0.00377654732976202 0.214316865871848 0.0689644440906912
-0.00178864261839758 -0.00546782953256406 0.029183154192808 -0.194876959981259
-0.0118572828816374 0.0141500801554303 0.00416005509272994 0.148661888712036
-0.000372860278795954 0.00144263814084943 -0.164197517851925 -0.0214484181019705
-0.00252380757197361 -0.0213678165619371 -0.16437022320493 -0.386775833324091
-0.00483584143555278 -0.0372539027718042 0.354389870540212 -0.467159476565338
0.0270245979186273 0.00380923873296012 0.797882396073053 0.13592018013532
-0.0204741442287241 0.0149285133436789 0.321897366748203 0.85012389949295
0.00333130172172631 -0.0323401965104402 -0.337134362058926 0.571367538002565
0.0296894521577111 -0.0345623868045077 0.00162246235148111 0.0909936024853514
0.00537287261602436 -0.0109947261837725 0.36890916774905 -0.492942211910367
-0.00983204905689123 -0.0123492365542066 -0.22334726685913 -0.888462760629637
-0.00803100932979879 -0.0252724763665744 -0.843684942479679 -0.190952142621461
-0.0341183895768871 -0.041702503300973 -0.401695473016223 0.579699111033794
-0.0243439807733541 -0.0101426863744617 0.169451216510278 0.438847270923823
0.0093044394329699 0.000322438759843746 0.217202247046119 0.0523324809789623
-0.000161063680277879 -0.00524804209080647 0.0248039789827868 -0.195461732962641
-0.00935955336091496 0.0153786370101999 0.00105190806195601 0.149363885563788
0.00274103306679524 0.00413153844422103 -0.161004065744124 -0.0326148036465943
0.00260153710820351 -0.0179356832923489 -0.143687181360874 -0.403946422962845
-0.00615332305259301 -0.0356517531785421 0.381914273549573 -0.450696721988988
0.021359165450868 0.00324256963748459 0.787870142052506 0.190949936674268
-0.0231438207890227 0.0123269442822624 0.267345541509594 0.875118763810272
0.00707111773449472 -0.0311501976674128 -0.356781626725765 0.555303709766238
0.0308744036127387 -0.030466910966343 0.0211248271722664 0.0761411844381676
0.00646114498331492 -0.00915247090467356 0.353589515639388 -0.514048974006367
-0.012321546818872 -0.0132921752117423 -0.279492496496686 -0.865428659312675
-0.0157673947037636 -0.0272202377120992 -0.850708629752401 -0.124244157026266
-0.0366388341069952 -0.0386408240865802 -0.363608701955095 0.600279835625178
-0.019401045557566 -0.00441687788435824 0.190466511445283 0.420449161599517
0.0137290350733507 0.00363906589195241 0.220397710531026 0.0385946335972538
0.00198930013134258 -0.0041722951267118 0.0224739940511994 -0.195721295528277
-0.0073124000858309 0.0166762584134371 -0.00287718236192692 0.148108702423488
0.0056919101174359 0.00684536752653179 -0.158799427240942 -0.0415787876347406
0.00683796195987372 -0.0130375899053611 -0.12443169736342 -0.417663821824642
-0.00400269075935815 -0.0330244520171428 0.403542271710191 -0.435994158877285
0.0200629939836288 0.0037640603453746 0.776391518112848 0.236564562696524
-0.023051086551284 0.0130466497781837 0.224122791902538 0.893786892431939
0.00549980672158348 -0.0248708566416775 -0.368523560416648 0.537906462560858
0.027673432195685 -0.0225071620481878 0.0380287225309873 0.0659884012400514
0.00507124679317934 -0.000534124196704431 0.341565984066438 -0.533751878485883
-0.0124718279161872 -0.0111481277387227 -0.324802459162775 -0.843238047036856
-0.0186497812592519 -0.0293264937316105 -0.858252516260512 -0.0760232910931803
-0.0374422485911398 -0.0357530051295147 -0.334218938061107 0.611709976359894
-0.0142501516121965 0.00127787430631707 0.207721870926047 0.403916247531929
0.0165221697325293 0.0080227812148399 0.221282224293088 0.0274071838003551
0.00545370816397537 -0.00298718608786375 0.017343195183058 -0.195255107737465
-0.00424482520263966 0.0181586248493338 -0.0074286959292205 0.149027491579579
0.00664319044536572 0.0084900180904879 -0.157062188163492 -0.0468932385897398
0.00997599509244551 -0.00835330499957095 -0.110738381412293 -0.428088195906585
-0.000119075330834557 -0.0313016165544149 0.418133002139173 -0.429684223817658
0.024159184928497 0.00467799672612647 0.766280558748433 0.266514096362841
-0.0211624410750178 0.0172359326681751 0.192046133855579 0.903136938739895
2.43480980249046E-05 -0.0138891324931889 -0.375361116182408 0.525149690144117
0.0171087046330223 -0.0129847555347518 0.0523614337926964 0.0590385390702691
0.000684756084711406 0.00997115159750237 0.332500086821192 -0.544888774779081
-0.00906499051910453 -0.00667119481180582 -0.352053069095576 -0.829731221717371
-0.0171773768268973 -0.0306600718520843 -0.860179470124299 -0.0464234703838312
-0.0350642768679006 -0.0327004384604 -0.313046786148345 0.610729034097759
-0.0108671353766998 0.00630894451603681 0.216418497589377 0.390245637006956
0.0173734294979829 0.00990921850400575 0.222316552277844 0.0191955454018566
0.00735561058259264 -0.00138545851231402 0.0137453938986964 -0.194526527820781
-0.00226100175731858 0.0194376132518671 -0.0130765141799184 0.149856947043443
0.00682709625665555 0.00863513550927327 -0.157125605860882 -0.0478474430811839
0.0113842592273139 -0.00532791646411186 -0.105889085445815 -0.435575515496986
0.00496461703691899 -0.0296005545602887 0.420037606953213 -0.430349316563406
0.0307279062913947 0.00472064181507812 0.759439879778016 0.272767829646076
-0.018330803712303 0.0246992069786866 0.182646815219247 0.905663816455444
-0.00852643660196222 0.000253203523303468 -0.370606655645152 0.520882151537645
0.00317937732743111 -0.00116242191217286 0.0616723032884727 0.056509182489423
-0.00399170358115042 0.0237971119440372 0.334446269871249 -0.54937576473935
-0.00360936857562872 -0.00113575664700672 -0.359426375763383 -0.828675937418953
-0.0116236499851709 -0.0315622053735019 -0.861970544476225 -0.0412481355295952
-0.0312121728819894 -0.0314903071718819 -0.30985577728316 0.605369105014713
-0.0105094532821332 0.0104690636965609 0.220902085098569 0.381150752074785
0.0159952989298452 0.0101899671770969 0.222695195488764 0.0189147044061763
0.00925703610623614 -8.05566490635724E-05 0.00951099214958856 -0.193914810777567
-0.00191592265437685 0.0196505051829495 -0.0166898100931249 0.151989907772357
0.00512560634974634 0.00901713453237655 -0.158468899144777 -0.0432209293810137
0.0106122042094927 -0.00251908514197609 -0.108144780155174 -0.434973738659215
0.0105375094139183 -0.027867662176322 0.413134121564757 -0.441407287218184
0.0416367169466821 0.00481001461994421 0.761632278316482 0.253166456514998
-0.012770277104977 0.0341521851121272 0.197714565493411 0.900005028493137
-0.0193135494289535 0.014472467614873 -0.362235589364605 0.524024466135109
-0.0119514336150147 0.00984263651237325 0.0644847384431932 0.0587156104281212
-0.0104566191023212 0.0361688861619721 0.342586575985242 -0.547330778228981
0.00349949366029886 0.00556684155348144 -0.346339906495292 -0.835545443361488
-0.00168399805773565 -0.0321921263758645 -0.866876055212744 -0.061598058025472
-0.0263039965341011 -0.0311965058918828 -0.322626960178909 0.595286324897891
-0.0118585025419584 0.0131176098058982 0.215651346928643 0.382493518996562
0.0125579699159019 0.00986707830367516 0.221374528802856 0.0231266300490661
0.00985632101179953 0.00117190666414363 0.00699995167951952 -0.192044855528639
-0.00125831483541852 0.0209614596571961 -0.0188499067377447 0.153638339436907
0.00213071358539658 0.00708517616095098 -0.162580913897743 -0.0344247396498344
0.00821681919786984 -0.0016468388267427 -0.119955464236618 -0.429267659344017
0.0150023738771442 -0.0273663123287684 0.394325284384086 -0.459498635165397
0.0525627133107857 0.00446471700827281 0.770515775704823 0.21684242493419
-0.00661846654324365 0.0438433670144847 0.23100159205013 0.886124726866151
-0.0291525807081857 0.0269837048812149 -0.348992906113679 0.537093909563729
-0.0278930891181174 0.0192959127611727 0.0598476318937977 0.0659867511760248
-0.0184533494692923 0.047332487042502 0.36076606166888 -0.53632234865674
0.0108254512347977 0.0121003474869232 -0.317260031833792 -0.85749956587049
0.0114680845696854 -0.0319285443174925 -0.871487845854193 -0.104710897793813
-0.0191023028834122 -0.0309830533205178 -0.349698055790278 0.579962445242394
-0.0148173869434156 0.0125598308611655 0.204193883812663 0.391954857301219
0.00762146072451393 0.00740638617416196 0.220194599179609 0.0330906745951811
0.0100501390312292 0.00131643383439221 0.0046921349758716 -0.191908011452332
-0.0132727660989931 0.0135756518954295 0.0033444055089744 0.150425170049851
-0.00393253628212713 -0.00268320049254401 -0.166884510740673 -0.00994605711707473
-0.00883284456928667 -0.023148781569907 -0.18258437864623 -0.370295687281598
-0.0030529392294051 -0.0364926797158848 0.32346473517864 -0.483934494885001
0.0353534103174672 0.00181733044604634 0.797853331293422 0.0787173034929355
-0.0137296599472385 0.0213079222756534 0.372360015320686 0.81680724343949
-0.0035165123034565 -0.0288403659595925 -0.313911861769779 0.586136005192776
0.0215867167556439 -0.0342630710474088 -0.0133032576240093 0.10429634433053
0.0015216826590245 -0.00927203423831073 0.385813926845314 -0.464030975709552
-0.00593792913280944 -0.0087534389169692 -0.160879929774962 -0.904089791733925
0.00145320859270274 -0.0222716237008657 -0.831300454374797 -0.257650243562011
-0.028070778764123 -0.04375406145413 -0.438871463529445 0.554764709659833
-0.0296170393810948 -0.0143413444759871 0.146284641638501 0.455540273479675
0.00178518439961245 -0.00466270434026419 0.214369848482817 0.0696546386367063
-0.00340807984038343 -0.00483724854988255 0.0289900176461916 -0.192736486947307
-0.0118936354990437 0.0141934920206702 0.0033095642760315 0.148476260727306
-0.000227464840905569 0.000592400022340141 -0.162734230286149 -0.0221296750029978
-0.00301048358528923 -0.0207540653069881 -0.164127677908676 -0.384662743044475
-0.00528892426348732 -0.0366976631299857 0.353731406500995 -0.465416625578584
0.0266778769864476 0.00335005873763298 0.79233345987652 0.137349360993099
-0.0202977239234839 0.0156428588969524 0.318703051809131 0.847137645174826
0.00308287924717212 -0.0326613058715468 -0.336032900349568 0.570553955677446
0.0287499677756919 -0.0349286883731653 0.00164314371081966 0.0899916379232428
0.00609819974036598 -0.0109927383093157 0.367996808080162 -0.488947960188324
-0.0103560919974367 -0.0115114697039675 -0.219722225330882 -0.885898714498139
-0.00833749509839661 -0.0244434824324682 -0.8390582520509 -0.192220546240921
-0.0336703205496286 -0.0409092329800783 -0.4012278191911 0.577553602567977
-0.0248191063371659 -0.00994803223427388 0.16976440526848 0.439528050664391
0.00732028693392815 -0.000396198779349745 0.217536321603439 0.0533593901393115
-0.00100220749153131 -0.00512903703369759 0.0257407482719207 -0.194437154414298
-0.00872807494915304 0.0153876374418161 0.000432490983520978 0.148116570340452
0.00345557467912769 0.00308070997707074 -0.160888961450205 -0.0331053449047848
0.00270820462368495 -0.0179506195919241 -0.14264759928445 -0.402190755859805
-0.00555286982930584 -0.0348264651391228 0.380154385771392 -0.448351930120292
0.0213413842248249 0.00410883406632808 0.78410608142193 0.192131872902665
-0.0231361214263109 0.0109068501715001 0.265772950034532 0.872819851259785
0.00634553086604712 -0.0309736330125789 -0.356159201861882 0.552255550209809
0.0319301594506066 -0.0307487083839166 0.0203406396266401 0.0772927525092565
0.00653909919258388 -0.00757377913933076 0.352964787264423 -0.511265424761157
-0.0129336734047893 -0.0122883592557387 -0.277121092909151 -0.863567663957343
-0.0157986598545522 -0.0274328641244856 -0.848519460216297 -0.126201139231561
-0.0371689593720833 -0.0381422300597267 -0.361738224989205 0.598143630592273
-0.0193063980280634 -0.00547884917831433 0.190296216347747 0.421697027830774
0.0123379733763386 0.00458341180445377 0.219976445819762 0.038205940478626
0.00134487736781537 -0.00408802382345606 0.0231407395236045 -0.19438191673383
-0.00695529303422833 0.0164569186436877 -0.00400085420856124 0.147893138092697
0.00533507353512796 0.00636173084676378 -0.157654235618539 -0.0414996499801484
0.00701949345370966 -0.0128942146056267 -0.124251052241417 -0.417477058943882
-0.00358877119778825 -0.0327712869027309 0.401075469711569 -0.434361022697907
0.0198673109299559 0.00376005505570868 0.772237754476481 0.238305927233866
-0.0232126791126653 0.0125256058920141 0.221367039300386 0.88998920330931
0.00596752384595495 -0.0245449949722863 -0.367199056881855 0.534788681606037
0.027364796602202 -0.0229454649045534 0.0368732787410604 0.0656296874584659
0.00497845966584994 -0.000238195436895825 0.34077927599596 -0.530091020906292
-0.0123056777624813 -0.00993075265063179 -0.322013397203908 -0.841903322555569
-0.0187429697249215 -0.028857215176727 -0.854985000939968 -0.0776733567479794
-0.0372818651298359 -0.0363892765608881 -0.3332952997338 0.607532601822489
-0.013857777382651 0.00133560673994966 0.205722497570673 0.402488964743003
0.0155690806676314 0.00722252134174213 0.221634757032432 0.0278466828400355
0.00357199673424622 -0.00311268662962474 0.0183153965927717 -0.193457847127554
-0.00490136744118399 0.0183684166320118 -0.0085345328493103 0.148920618555982
0.00670306404578087 0.00804645020643862 -0.156447539945697 -0.0466368053227434
0.0101331443850879 -0.00821345377860719 -0.111028144444017 -0.426928703130416
-0.000382456729761647 -0.0310851301925711 0.415947099045375 -0.427019159891736
0.0235540847281356 0.00437499273069002 0.762908522569015 0.265151174418626
-0.0216517574146469 0.016590892358423 0.19056905526059 0.900071168824737
0.000136574270639313 -0.0138839678327386 -0.373397010799815 0.523506077668452
0.0176280146772161 -0.0137961481748909 0.0516296547982243 0.0590880081355233
0.00101917660693841 0.0105386351424303 0.334453184718509 -0.542188081743068
-0.00849320300323939 -0.00641859227423362 -0.349457474273834 -0.826970542419103
-0.0178330293970012 -0.0295182414825582 -0.854999081065865 -0.0470916103380678
-0.0355515606393188 -0.0333262452161194 -0.313450372023853 0.612172099129767
-0.0106788339451342 0.00613044306385442 0.21633887892553 0.388524205611963
0.0167494697629702 0.00915819599743387 0.221734083223394 0.0196431098399715
0.0064458915146747 -0.000681553523278437 0.0145099675534936 -0.193249119423659
-0.00234276074265803 0.0195330103293858 -0.0134442984200491 0.148751160592523
0.00689085242966198 0.0092264239990488 -0.156671765034741 -0.0470709093945665
0.0116428397366695 -0.00490924953093243 -0.103774914455873 -0.43298965633791
0.00503096646610439 -0.0289546824318907 0.419270865043001 -0.428098417621814
0.030758895138365 0.00419343457045256 0.757136514617501 0.27191700763714
-0.0175224116005086 0.024742911306703 0.179781246573327 0.900172080536514
-0.00868568201845652 -0.000327505154986567 -0.371546944525561 0.518608186633518
0.00379177205041054 -0.00145859173696555 0.0608866950686094 0.0554007832005894
-0.00352328499447143 0.0236093219760658 0.334440210627046 -0.545253109623124
-0.00336909682210809 -0.00139310880452971 -0.356984864295464 -0.825704372337527
-0.0111471939346011 -0.0309983497315356 -0.860261265169158 -0.043796410360324
-0.0310356872010887 -0.0316072715182025 -0.310687342644516 0.603306988902123
-0.00943447301599593 0.00991350089453993 0.217533327881164 0.38094393971555
0.0153682993207458 0.0106280209115109 0.221742354686651 0.0187590164984428
0.00871951197136644 -5.62152693206144E-05 0.0104153518877447 -0.192702806133464
-0.00117842866261347 0.0204886079885762 -0.0169561156374594 0.151156058061297
0.00509203479546542 0.00821152657771343 -0.15833185837171 -0.0425256686179269
0.0107168415980788 -0.00256729678880234 -0.107247768749463 -0.432959727242488
0.0107485398044208 -0.0273503386347624 0.412073581726167 -0.439720673918233
0.0415329606040835 0.00452431057829025 0.758131416664218 0.2548601037254
-0.0125566872787862 0.0339294111688367 0.194969370905885 0.896954350547001
-0.0191453523372038 0.0144436132035479 -0.361416715862803 0.522597291939038
-0.0124738086080885 0.00971515614490348 0.0634350924520395 0.0585217712929244
-0.0107932282682577 0.0374876388837823 0.343172529339222 -0.542812806832258
0.00357820253979425 0.00558377263519922 -0.343351878233463 -0.833683630940038
-0.00178421564837324 -0.0312237104953991 -0.862428865859006 -0.0630045223243286
-0.0261274014287914 -0.0312550714985715 -0.323644253129785 0.592779355274552
-0.0113529495860089 0.0129774982426521 0.21408909344149 0.382076704973371
0.0120222283325557 0.00977994275985841 0.221148123989118 0.023253385607105
0.0089040417722684 0.00110357969179788 0.00755553976948017 -0.191083448927367
-0.00122721683027815 0.0199779949950851 -0.0190690992600288 0.153477423081399
0.00227918953300578 0.00668013677413999 -0.160857626472189 -0.0345000433159884
0.00786964774254765 -0.00273057577317248 -0.119523029501737 -0.427674862597015
0.0153443190391989 -0.0275556895055592 0.394349208395112 -0.458395742002674
0.0524672782535184 0.00338575556896364 0.766574471618531 0.216452447356402
-0.00688380442589371 0.0428110205122098 0.231342083124022 0.884093085768967
-0.0286193725197732 0.0269082951674189 -0.348036067899039 0.53346615698395
-0.0278576115877441 0.0188266581078485 0.0590303173681305 0.0656902920333396
-0.018223254281502 0.0482524038246849 0.359531352503093 -0.531311407847545
0.0102348512772587 0.0123102213845246 -0.315729630109264 -0.853520599306103
0.0104968726766398 -0.0314316645787856 -0.868458650166591 -0.103552271624483
-0.0195505583357048 -0.0313584631042472 -0.347418451344788 0.577671000819793
-0.0151235667159082 0.0122636899785954 0.202753209881172 0.390546877863719
0.0066241842450499 0.00646636811870295 0.219175540487606 0.0341392393037194
0.00855265514842133 0.00113929680294823 0.00534961981910157 -0.191249892912312
-0.0133586858719226 0.0137703142465639 0.00174185799729968 0.149455594373119
-0.00417062805361783 -0.00263266698805756 -0.166274451430448 -0.010010903196696
-0.00726174800494619 -0.0238785762767612 -0.180552947320775 -0.369134288414064
-0.00380867856291964 -0.0371265756547865 0.322592596120332 -0.481476396621602
0.0361258541838385 0.00106048012168415 0.79590554889564 0.0801982998892604
-0.0147951067604868 0.0209900858035873 0.369986250105152 0.815236754684573
-0.00325972361613235 -0.0282538618480915 -0.314689027717651 0.585012478224643
0.0213213049573786 -0.0341032924992611 -0.0133576155256913 0.103985543326045
0.00288760872401611 -0.00879165691365928 0.386835750839051 -0.463472188921996
-0.00698734761266338 -0.00768680151222197 -0.157060849111599 -0.900851103626145
0.00104626223788988 -0.021620937551914 -0.829338796078681 -0.256793620945144
-0.0268055506306244 -0.0426312832419928 -0.438796260988516 0.553165647965284
-0.0295276556771845 -0.0152320714925788 0.145389663527971 0.455538309640467
0.00204455511531582 -0.00488570139528934 0.214349556624833 0.0701876950570874
-0.00377627842237839 -0.00500706049972403 0.0296103773093244 -0.192148136002949
-0.0113909161765728 0.0136079086917637 0.00220017361237014 0.148109635416702
-0.000299114557785774 0.000704645317575527 -0.162950327682028 -0.0216754087184044
-0.00291342189331917 -0.0218219184203981 -0.162361761087867 -0.384127627341917
-0.00495168384690217 -0.0360861547207866 0.350216179938858 -0.46345658360867
0.0272241479832832 0.00300067879837503 0.791871995327144 0.136901514431958
-0.0201306007315149 0.0158186056919614 0.31832240058153 0.844437193761848
0.00239023601522398 -0.0335894966813773 -0.336887460213768 0.569051790222209
0.0296379681341271 -0.0346739074503849 0.00139456468827891 0.0903357159490401
0.00693141918402622 -0.0103177861605033 0.370157657868323 -0.487736753863542
-0.0103640048493791 -0.0118867181094403 -0.217803173367691 -0.882851896765975
-0.00852691047684115 -0.0246277536026074 -0.837603053805914 -0.192537899986704
-0.0328872673756537 -0.0413433066096507 -0.403380918187785 0.577468135696859
-0.0242001411072584 -0.0104231543731753 0.166266988260326 0.43771314099171
0.0074035309960624 -0.000361732104115326 0.217384835255759 0.0544420948802893
-0.00115589757948233 -0.00474809753762231 0.0271821865068567 -0.194059460955347
-0.00960680707679606 0.0157518074748783 -0.000838278842482771 0.148030908265362
0.00316929366406225 0.00406388621534615 -0.158923943156237 -0.0332600403683049
0.00296037455566593 -0.0178450849087057 -0.142017147275332 -0.401332398126682
-0.00620004654011107 -0.0346101810069815 0.380198451752109 -0.447281311691786
0.0215617568981753 0.0039382829136795 0.78227004300198 0.190354924290261
-0.0228372082361161 0.0118605555642383 0.262963199524925 0.872039989094634
0.00685794477025792 -0.0313199408777111 -0.354408363495429 0.548876981776886
0.0311993182246271 -0.0307426192674653 0.0195124201405306 0.077637169678262
0.00730345996152039 -0.00672342183538266 0.353861370742514 -0.50962636808097
-0.0124298181768694 -0.0118831759093179 -0.272203625447295 -0.861348831984813
-0.0154174410509984 -0.0266397989334033 -0.84785413500099 -0.128646291336368
-0.0362550552371491 -0.0380903036562103 -0.361676360581338 0.597095030625389
-0.0187895987912693 -0.00454418707022189 0.188578462835576 0.422492396866504
0.011609882461184 0.00394129977213322 0.219386981248108 0.0382483964573997
0.00126274314131895 -0.00252312704326439 0.0241935878068356 -0.194727484394781
-0.00675942012066694 0.0165791344989436 -0.00431805113557774 0.147316543319771
0.00601551904498272 0.00587591132567264 -0.156394490319215 -0.0419910028601
0.00692212481575595 -0.0128435397874541 -0.122748013626516 -0.4154777447715
-0.00387624527890994 -0.0324237078528857 0.400547122685814 -0.432813897911271
0.0199925163963648 0.00346893638362243 0.769438061557657 0.237519496413679
-0.0233010535025154 0.0125176819342891 0.220676698677358 0.8872242893882
0.00623090446179009 -0.024212918289701 -0.368007612695908 0.532927295847347
0.0277690319929237 -0.0236645288169709 0.0371374179794602 0.0665050224733003
0.00580159508075006 0.000577437808860711 0.34096341341126 -0.527595865977265
-0.0132962070405155 -0.00918034137676065 -0.31732818457035 -0.841110690853076
-0.0185249809198222 -0.0286841682120345 -0.851363193993104 -0.0789892937824778
-0.0365425594238889 -0.0359334574811223 -0.332212221181291 0.607505858882871
-0.0143435123644924 0.000515731450795775 0.204644232913004 0.403579666367333
0.0152567978226896 0.0072702674885548 0.221943982302463 0.0271612609418728
0.0041765159718268 -0.00248673137137658 0.0183134378503127 -0.193594785695658
-0.00382703938295846 0.0182576233225716 -0.00996966654092841 0.147681955592582
0.00689641340027968 0.008131922744239 -0.155751351024363 -0.0470285931528601
0.010271067979253 -0.00830281018879914 -0.108528632961803 -0.42562531037908
0.000106846767131501 -0.0306002550222222 0.414442565047599 -0.424407913782408
0.0236962017042807 0.00407628736059089 0.759941709185425 0.265558383823734
-0.0216383560585566 0.0161197584595408 0.18908827011218 0.897895502818058
0.000878622175233244 -0.0133189459894359 -0.372428804764184 0.52188998946658
0.0183186301020001 -0.0136333331837008 0.0511755738115385 0.0593826851675238
0.00171680931622767 0.0121851699354816 0.333337464892685 -0.53962569534856
-0.0097866829436869 -0.00613928973764049 -0.346159172880313 -0.826492110742538
-0.0173741353263628 -0.030131702214524 -0.853865381603951 -0.0492466263815209
-0.0353711454128785 -0.0331093662202605 -0.311580835072581 0.610271922305549
-0.010592148482254 0.00613307336954432 0.214566428622425 0.38934837046333
0.0160411941736433 0.00961210473326804 0.222254873832554 0.0202503774217856
0.00643867433259385 -0.000760978278767186 0.014801248735455 -0.193050446532344
-0.00172419762735208 0.0197365721960467 -0.0144725932139497 0.148794309728602
0.00590938764220298 0.00879802486332006 -0.156555109041177 -0.0472331704982715
0.0117530134799821 -0.00499351812717002 -0.103081707371865 -0.431276550512796
0.00485836559796817 -0.0283828025862908 0.418603459684265 -0.425922041769483
0.0314290563730717 0.0038417955209395 0.753745304204182 0.271761931770557
-0.0176418976169288 0.024233002308205 0.179127183633089 0.89851998426346
-0.00809054604945115 -0.000394704684144068 -0.370187686316684 0.516684296576136
0.00401591350941309 -0.00147452783435329 0.0612181827373098 0.0560534347730742
-0.0032448457481426 0.024339904653544 0.334393312638111 -0.543222462185757
-0.00409284506551414 -0.000285765957170073 -0.354701288423176 -0.823175801709314
-0.0118116673551182 -0.0306790805947611 -0.857634895866087 -0.0452535199384652
-0.031023765977665 -0.0310843912170652 -0.309296877803577 0.602821718874157
-0.0100675214747204 0.0100926366964633 0.218528280152866 0.38164174173737
0.0144221233434789 0.0102027276894565 0.221845323213555 0.0189472143451635
0.00820850016895266 -0.000100870016248673 0.0111627902641583 -0.192575707534131
-0.00010591938641612 0.0208499257653064 -0.0185282511187484 0.15067900468472
0.00498915790359219 0.00809813764375933 -0.15768117430895 -0.0426661029806135
0.01100393361396 -0.0024640864366878 -0.106801815408153 -0.431038764249111
0.0105866440734004 -0.0270443026290506 0.411163239145298 -0.43816097386636
0.0409135483547205 0.00441556590951321 0.755068456490305 0.255625957246411
-0.0134744745986251 0.0341204777275007 0.194116015712361 0.893535459615942
-0.0175506894568452 0.0139057601325691 -0.360958340037473 0.517552701771587
-0.0116785371188066 0.00951425979267821 0.0627927427008709 0.0586645632856526
-0.00933287140704761 0.0382643494070852 0.345281057653842 -0.540541363968335
0.00393403498525821 0.00518535953612057 -0.342167021469461 -0.833429739862056
-0.00143727956608324 -0.031775168367035 -0.861693897095563 -0.0629376806816373
-0.0252421222945363 -0.0306828027557225 -0.322411594205747 0.590870694162273
-0.011417610321612 0.0123740773444034 0.213343127559879 0.382623437492741
0.0108852650261775 0.00922857973416296 0.220525002075331 0.0237202978806588
0.00879649627444459 0.00152470293643471 0.00838870765577069 -0.191512257616671
-0.000912191415047702 0.0207051480159197 -0.0198689046697274 0.152896071233704
0.00166938327188888 0.00555045041958055 -0.161077545481001 -0.0340090705903485
0.00813425248741855 -0.00226288496234184 -0.119564884885322 -0.427539141999068
0.0149079626731816 -0.0263508165130968 0.393193053643407 -0.45611492388472
0.0519516009808937 0.00369700335586036 0.764783107370441 0.217912379969485
-0.00725100686546246 0.0425353396853858 0.228546739795407 0.881924079547873
-0.0287093843055972 0.0261784810206259 -0.347039450829559 0.530906867352356
-0.0271279129439673 0.0183589093533171 0.0587391685505833 0.0657958942804361
-0.0173190551004262 0.0477279975631261 0.359853809969492 -0.529734328584585
0.00955997717453446 0.0127251056656696 -0.31168827052671 -0.852109813992785
0.0103724183652262 -0.0309848391746277 -0.866702516325775 -0.103719546890621
-0.0187601015100227 -0.0311131641672347 -0.346752493221273 0.577428683755235
-0.015165975436553 0.0125026769285383 0.203196269312529 0.390370711223793
0.00579413962539528 0.00752685652765601 0.219607275708443 0.0340140190928553
0.00796803874301913 0.00243605692602414 0.00639352244160979 -0.191079175462622
-0.0135129969315122 0.0128878471932218 0.000772836298359197 0.149125657954284
-0.00414770558733592 -0.002648744363317 -0.166073452387781 -0.0106908856253483
-0.00743753873530129 -0.0240934997940294 -0.17963998723544 -0.370056083911772
-0.00458191998273262 -0.0369702937446165 0.321342245974068 -0.480659605033852
0.0359361194273969 0.000320476140992336 0.793983097114663 0.0806457494206373
-0.0149932711592026 0.0204261787838983 0.368924219856791 0.81513102999764
-0.0018718198579376 -0.0285191325556842 -0.314154381933104 0.583473650769458
0.0210305399711736 -0.0338703750095841 -0.0135945790424776 0.103658724667138
0.00224140322516552 -0.00747861901951583 0.386981363966385 -0.461281385588252
-0.0067428870681646 -0.00824281131600764 -0.155508266408678 -0.900571558325694
0.00172277111566599 -0.0213440441073696 -0.827261781954701 -0.258998237252713
-0.0272111173150721 -0.0430335801434731 -0.440050349490046 0.553701854986219
-0.0292886625639318 -0.0154637441468908 0.143298453056781 0.456387024319737
0.00112651902317638 -0.00582737103898481 0.214303678858245 0.0702455083359305
-0.00385935806811789 -0.0047502529157842 0.0302991609980242 -0.192304435110115
-0.0114113980966374 0.0142725274510487 0.000794096665260466 0.148611115707262
-0.000289777376727901 0.00100972973351238 -0.162434025824785 -0.0218076688118397
-0.00243405774702306 -0.0214652592157771 -0.16074261220506 -0.384804754439068
-0.00409148636765924 -0.0353227114510576 0.351279790718973 -0.463555818209489
0.0275297523596206 0.00223795378300257 0.790205221051619 0.13894634408033
-0.0205927074768959 0.0152727016923565 0.316856457962639 0.844059557821308
0.00413829704087218 -0.0325732863673603 -0.336309298829318 0.566695513079879
0.0294802498065667 -0.0347516040250319 0.00118844997322121 0.09068310543483
0.00702938248395204 -0.00921900030793178 0.370813692403081 -0.485404648532587
-0.0104256920119547 -0.010750227572978 -0.21267152146312 -0.884140382573395
-0.00841445422251072 -0.0249069627213841 -0.838541148313101 -0.194219887976395
-0.0330091929293388 -0.0407276259402008 -0.400680639180232 0.576935563700448
-0.0243007146148456 -0.010992655127913 0.165692614384906 0.439734010609638
0.00572112594688968 -0.000542820691118655 0.21758887957435 0.0549732645475626
-0.00196707043980728 -0.0036696349160297 0.02737069208498 -0.194093144570464
-0.00901025626270769 0.0156705182491779 -0.00149432800837483 0.14816828137015
0.00329206681349567 0.0031479301801211 -0.159586023567953 -0.0338030667029814
0.00301711420067716 -0.0177454519144729 -0.141086451260764 -0.400732681915813
-0.00533513973960831 -0.0341703966378966 0.379456159044344 -0.446418792472704
0.0213189736805661 0.00302494291516905 0.780522562763436 0.193814776103628
-0.0226555509867461 0.0113685344102953 0.261815341918372 0.869796297115591
0.00750229483424877 -0.0318370795828386 -0.356978553422313 0.547457381571004
0.0327334518403075 -0.0310006414590679 0.0194623222290979 0.0771907520872428
0.00795637673456152 -0.00629664122404028 0.3536667513079 -0.508475131131612
-0.0128387921385022 -0.0120417084624693 -0.270776343379964 -0.861419507010599
-0.0159358260472967 -0.0264127876505601 -0.84419179218613 -0.129309459941654
-0.0357696249280431 -0.038847254674096 -0.363070383593258 0.597408712799122
-0.0179373195609831 -0.00507954411415283 0.187511462888632 0.422516297752713
0.0103861331995768 0.00353794435544411 0.22029674324289 0.0396457499733422
0.000475946127517212 -0.0029102806367077 0.0242462078315474 -0.193594215116139
-0.00668510936382876 0.0163407347641332 -0.00572606806181722 0.147223958867559
0.00577230785245077 0.00578789684843823 -0.156787791970086 -0.0425367739492113
0.00749052700605726 -0.0137198121316736 -0.120661542532537 -0.415557693258327
-0.00285924594641611 -0.0325942098694012 0.401137861896416 -0.433099396966802
0.0208516980335339 0.0033213551722217 0.768200593257693 0.238284039905094
-0.0232950771111883 0.012055591594422 0.217160432388997 0.886641766602244
0.00643041482908657 -0.0249965332507948 -0.369170992178796 0.531729006372088
0.0282592069973924 -0.0241356211157677 0.0364191401311265 0.0663053934025817
0.005995790640773 0.000962448904595625 0.342802131799313 -0.526157926076974
-0.0131044121307556 -0.00971376239273115 -0.316265311141545 -0.840245625407693
-0.0193268622814613 -0.0281773564459386 -0.850848241056204 -0.0821400675309624
-0.0368388853554898 -0.0360279419310183 -0.333361242382821 0.608194670090171
-0.0140910863390652 0.000337888318722066 0.203672311505688 0.40471225882121
0.0137875284652962 0.00715896459354425 0.221300966268566 0.0282281318796121
0.00318983900320881 -0.00181355963108353 0.0196065831277023 -0.193881223497938
-0.00323362328817755 0.0183615187233022 -0.0104416144980525 0.147513615607545
0.00657895445765151 0.00711837402526275 -0.155471156556931 -0.0475342067525326
0.0113575038934833 -0.00871780088382151 -0.108054151382603 -0.425456468232359
0.00020092515691204 -0.0297985859150957 0.413679126660455 -0.424399323416905
0.0238789971666197 0.003344289390704 0.757293339643354 0.267010825231575
-0.021282337498734 0.0165720386444847 0.187086143632782 0.896118951368596
0.000517070146384451 -0.0134426550974184 -0.373411855461711 0.519133503493267
0.0180051872666017 -0.013995523606309 0.0511063380655434 0.0596819072995951
0.00214616363552276 0.0121871923222961 0.334098408441816 -0.537874149604833
-0.00990552617996179 -0.00563866369067768 -0.344129242785187 -0.826159845182212
-0.0176620547351169 -0.0297164124346088 -0.853815569754882 -0.0493568699927131
-0.0344334334034154 -0.0328086503577873 -0.313683778240029 0.607704379424127
-0.0104296737594945 0.00540013517716083 0.214069256161831 0.390313711319841
0.0146448056019136 0.00880322639815203 0.221438014274421 0.0212848705478468
0.00579370949565497 -0.000592558724529466 0.0150233438301883 -0.193103790572371
-0.00131847867539582 0.0195661207369501 -0.0148909626518627 0.148401141802787
0.00603289816158433 0.00803783367419176 -0.155717388530268 -0.0475059618338561
0.0121578462402752 -0.00546991653727055 -0.101558260994863 -0.430868108494959
0.00510910220346755 -0.0272925456560159 0.417636390750107 -0.423864655778863
0.0311675522765682 0.0038067094808493 0.753077241015901 0.272297133956941
-0.0182628846096617 0.0238742206505648 0.175880887210121 0.897064562689874
-0.00819580150099378 -0.000665780922428955 -0.37091312461395 0.51440828137443
0.00443795133964867 -0.00213105232013918 0.0604331228173344 0.056134269488128
-0.0029735830967082 0.0248997769067869 0.33560766996992 -0.542265609857599
-0.00339417387197716 -0.00069450675861121 -0.353609329819795 -0.825185025611954
-0.0116043993487785 -0.0311377310258985 -0.8577089765746 -0.0462294984217445
-0.0309959125237666 -0.0319948869060479 -0.308431717021013 0.602340418208777
-0.0102476232487051 0.00948988667414963 0.216588469598874 0.382314613238478
0.0131669178055787 0.00976608512700332 0.221538424887415 0.0202521513713875
0.00721065755533127 0.00130664184461917 0.0116599809621439 -0.192097916258927
-0.00051733262316073 0.020486497870004 -0.0195033791573853 0.149887552906608
0.00412734318909099 0.00728549201796826 -0.157443656202692 -0.0433206646791442
0.0110082426159549 -0.00354795230937508 -0.105002490232327 -0.43109196691553
0.0111034304923453 -0.0267662891450972 0.409468169049359 -0.436770983736259
0.0413610904262424 0.00407582584446556 0.752777138860052 0.257382301770725
-0.0133479324710645 0.0334224869258176 0.191631753566528 0.891811023549493
-0.0182401765873254 0.0138588295091034 -0.36270554127224 0.517868657759677
-0.0115997893168383 0.00873846453234734 0.0620932529977528 0.0590000349662156
-0.00939813511722799 0.0381415989450598 0.345194638315395 -0.53897239806935
0.00348723643491253 0.00608639073069152 -0.338967348403342 -0.831278447162865
-0.00154477056197419 -0.0314073558986679 -0.862000013931235 -0.0677390167142766
-0.0248727726449928 -0.0307546269406615 -0.323624040630503 0.59043301253275
-0.011788281294861 0.0118316011950234 0.212354835262072 0.383709883943205
0.010341802791858 0.00904546347527141 0.221181094224678 0.0245809205371692
0.00830297065392713 0.00249942269457125 0.00912486036768579 -0.191327984287615
-0.000837393271554866 0.0209193554632443 -0.0217536477232419 0.152114733525265
0.00147481642629761 0.00565083005273117 -0.16100239784158 -0.0351666791908884
0.00867502875749047 -0.00194739130666544 -0.117756387619905 -0.426077567958103
0.0153670485479362 -0.0263715638721388 0.392686034769833 -0.455919025902826
0.0529179458815429 0.00402313401440191 0.763075391619423 0.219673711262861
-0.00719355449526296 0.0425747616766011 0.227175644535569 0.881120432741573
-0.0277771192514353 0.0260305750340333 -0.348385470771396 0.530719086663325
-0.0268100405992127 0.0178195324703328 0.0586483703211547 0.0667401019606758
-0.0165637704146542 0.0492092350992767 0.361461479107218 -0.528716872811777
0.00981237175781083 0.0129188240942046 -0.309225389523472 -0.853091546437791
0.00949551686305004 -0.0309996849810252 -0.866129381452211 -0.106203480816
-0.0187062646255889 -0.0315236328778732 -0.349888755135274 0.576461340532123
-0.0145401917595108 0.0116482115304585 0.200803051993335 0.391629390514616
0.00498305135364257 0.00669913774297373 0.219361719310377 0.0347966280168124
0.00761770685965663 0.00302147212362717 0.00604179405906612 -0.19078941521586
-0.00519780808484686 0.0163061161590303 0.0618676556445105 0.136858052000118
-0.00232884095671675 0.000408051756316871 -0.154707407123476 0.0605602812128398
-0.018251965720529 -0.0127856532679333 -0.319610596537141 -0.257704520859306
-0.026467126770845 -0.028889605054735 0.0829619280107251 -0.576449785372014
0.0248836531727231 -0.0240174566845536 0.751192041661999 -0.272377529718216
-0.00100653169467347 0.0178847153014689 0.683169105736198 0.577636317893089
-0.0144186515480095 -0.0243047283478375 -0.0364636938848709 0.664534486318745
0.00695833297909428 -0.041064410264501 0.0324217803016726 0.0992077901651751
0.00215945891306394 -0.00887392941618742 0.150718333731253 -0.584513089881732
-0.012184311398779 -0.00536379698530631 -0.529638108056363 -0.749046865067296
-0.0114487523324945 -0.0192333766136054 -0.857105243009361 0.118824699885419
-0.047810190636332 -0.0181696764850456 -0.163804990645432 0.682964787079917
-0.0331575358050875 0.00279575482120038 0.322930315673741 0.347853733382401
-0.000683902071229728 -0.00453610663442583 0.22428473647358 -0.0263718419575368
-0.00651815317724493 -0.00384824500532142 -0.0513917356055954 -0.188801600596377
-0.00334370778017417 0.0155462296087726 0.062184489068936 0.135873758415946
0.00250634197641966 0.00140999606101883 -0.156327285577816 0.0487349662813059
-0.0129216156137904 -0.0141621060238603 -0.308293962113579 -0.278531041993605
-0.0276147787965429 -0.0277641574265846 0.117903688218953 -0.571595145254475
0.0175227266718908 -0.0197282521850843 0.77216359907218 -0.216542892489815
-0.0081941854104013 0.01509280172573 0.647612218399951 0.625124436632833
-0.00988193336573384 -0.0305127481113264 -0.0647869329031479 0.658059978120273
0.0137811731959168 -0.0454889772486405 0.040994630527011 0.0812796652249608
0.00512975078017323 -0.0122174619266234 0.126888821166616 -0.599856154498352
-0.0174444919842091 -0.00710937049289572 -0.575866950919763 -0.70931730006567
-0.0224244467580466 -0.0164413901424651 -0.83840823703441 0.180729426373525
-0.0511549944596371 -0.0142285796242331 -0.118436446495502 0.690159340464602
-0.0264563467836487 0.00554080177972863 0.336386192706794 0.325281725545376
0.00736854339957904 -0.00172071835435087 0.220989677895986 -0.041438933010007
-0.00388376427154608 -0.00326775721233452 -0.0552503049613978 -0.188612616788633
0.000302375978557767 0.0160548107709602 0.0588213195750171 0.136313355290047
0.00601147160163675 0.00347022904399718 -0.15857561609407 0.0368411972852305
-0.00686552556085873 -0.0122878550608217 -0.297431746376798 -0.302788456729756
-0.0278862666710288 -0.0270431815932576 0.152043194512411 -0.569354762911884
0.0148800230770698 -0.0171359000303172 0.787595103890053 -0.16447868251047
-0.0112855140043045 0.0134751891995469 0.608431237013117 0.672417690313726
-0.006925492570217 -0.0317246185501332 -0.0911484217966027 0.650022990823403
0.0173558083065695 -0.0433864712569769 0.050659345354468 0.0619386501300135
0.00751529889148257 -0.0105424442919483 0.101929599318238 -0.613134049649489
-0.0196747996152526 -0.00636941601466665 -0.615557582184288 -0.662757297610908
-0.0292419032274527 -0.014991480361786 -0.816990251364047 0.242002711368254
-0.0522983374693081 -0.010343820870274 -0.0753004622869402 0.689767789201433
-0.0192130158483183 0.00766943129646595 0.347619326627896 0.29898347675555
0.0132856222484642 -0.00021381407059173 0.216865329729916 -0.0562585800166189
-0.000916505424155582 -0.00329977961779061 -0.0576860862294441 -0.187291848550738
0.00230284319975571 0.0161306236632263 0.0552854804518408 0.137784542344222
0.00879318125255901 0.00479462532641636 -0.160135820837477 0.0288778393015895
-0.00169825190629414 -0.0101084032068447 -0.285737879173081 -0.324455044213845
-0.0249832573672311 -0.0266870945933878 0.176712323597741 -0.564184914236328
0.0141140524860052 -0.0173143515194229 0.796864858595458 -0.116544730422327
-0.01152987068063 0.0143107414121835 0.576434025208113 0.70758177971918
-0.00419129179839076 -0.0244340635639576 -0.107662934216347 0.64107959422459
0.0167050982744598 -0.0342547567858142 0.0627999915732346 0.0444834239516529
0.00868463039254351 -0.00283794978094551 0.0817283896111018 -0.623921984323554
-0.0191604387330468 -0.00402417660388033 -0.647575776886387 -0.626151099532291
-0.0331974715809814 -0.0145577126135116 -0.801639658923457 0.286932324151948
-0.0509272389859303 -0.00782017771897131 -0.0437619857691479 0.688409674739266
-0.0121399769121592 0.0112093951239592 0.354824889324527 0.276555252702973
0.0176689648182497 0.0017106229443889 0.213134345542976 -0.0671998900157506
0.00208010354301411 -0.00409595843349397 -0.0620350362375183 -0.185757991014192
0.0061153760353499 0.0171376935631954 0.0512304714581724 0.139896191987081
0.0113884557108259 0.00577614542854531 -0.160879389487054 0.0224992074285658
0.00289688674967293 -0.00680969245094474 -0.276362047139443 -0.338577865487031
-0.019932883851199 -0.0261373878744507 0.192978994535443 -0.564104880025469
0.0171832459840141 -0.0185328858755372 0.79911844200645 -0.0867964824306207
-0.00702532381695855 0.0181249352695259 0.554689310700715 0.729071172462735
-0.00523635300983347 -0.0126232941188527 -0.11751012374256 0.633279590876745
0.0116873319411856 -0.0210503254352094 0.0721046082454247 0.0318507085803451
0.00993603115276828 0.00867652799546645 0.0711149207902003 -0.631579941513634
-0.0145038806280113 -0.00208012383939237 -0.668653068086839 -0.600228558971531
-0.0318085705829735 -0.0158870795425398 -0.788565187689253 0.316439077906255
-0.0483484841297344 -0.00639364418785086 -0.0265838230078298 0.679626709720388
-0.00692287161764505 0.0139274843158589 0.358527242380788 0.261457402156038
0.0197074466768773 0.00284965674929319 0.209774031690064 -0.0738560741696712
0.00478945173705892 -0.00394255267582592 -0.0660206417588771 -0.182500238810992
0.0077439615391665 0.0176411864393631 0.0469587086612259 0.142672223476861
0.0102727940449481 0.00693696319594375 -0.161005399688 0.0224088461461269
0.00540014985596029 -0.003994813274902 -0.27383544291977 -0.347801214295125
-0.0156813832258687 -0.02665763843368 0.197365834769988 -0.563958285901419
0.0243095691491413 -0.0214695456862294 0.798046973251054 -0.0784095831014441
-0.000914209237916404 0.0230353059118346 0.545827399194644 0.732859921433566
-0.00792996217417671 0.00327700293948888 -0.116736569928443 0.627265973533889
0.00310571219860396 -0.00492647676154608 0.0800861348312592 0.0250718542275558
0.0100780924298004 0.0220740364890555 0.0713549165233132 -0.636757455294648
-0.00686492619590753 0.000890220960294695 -0.675581470927574 -0.594948669856639
-0.0272617706928667 -0.0204132038178561 -0.792713855089972 0.321779020911918
-0.043454279864742 -0.00613603197043915 -0.0235778696442657 0.672023550739977
-0.00426285560024534 0.0178571281671735 0.356764115340773 0.252783306916319
0.0181921949464082 0.00447209478422432 0.209163712015553 -0.0745797170873833
0.00685091266058129 -0.0032951548787215 -0.0686688162540644 -0.18014853611011
0.00988116095280654 0.0177156003637468 0.0440660912359377 0.145971219759914
0.00891524392821257 0.00712057416718227 -0.161200431815319 0.0276844057357095
0.00593965864369802 -0.00145618826382836 -0.277496940093745 -0.346921281049102
-0.00946503709238005 -0.0274043333720584 0.185085138796656 -0.57237749779501
0.0334464326776636 -0.0253204592071939 0.792293687449962 -0.093360670317268
0.00681734039003289 0.0301424383209499 0.558578018609313 0.725568749896186
-0.0115685974971051 0.0200319158950116 -0.106611054599873 0.627285534154199
-0.00746028492176731 0.0119004295071489 0.0826015764570491 0.0263484712941858
0.0098132820471951 0.0370649458911194 0.0805082574996749 -0.636961516741394
0.00185556846982884 0.00431877853297138 -0.66391061993975 -0.607098133614908
-0.0181420482488362 -0.0248755530007199 -0.801813185078985 0.307181031748622
-0.0389234841534049 -0.0089286488784457 -0.0420346822174997 0.670068093811252
-0.0052251118213757 0.0201671590035346 0.353503964355068 0.255929487220134
0.0142937631155023 0.00529671454806804 0.210776620963564 -0.0696835238046429
0.00796834077191727 -0.00313186943461522 -0.0711607783651158 -0.178031319836374
0.00913371653148034 0.0176587376986865 0.042967448431654 0.149474435734344
0.00578909228990182 0.00718481051795581 -0.159495365823235 0.0368525346732631
0.0033978946668116 0.000309994454139451 -0.286091633925697 -0.336735252051707
-0.00599475375529723 -0.0286649586052898 0.160454376166314 -0.583363868690784
0.0429938760630921 -0.0301549309755544 0.782804143189544 -0.134509742659396
0.0153612727857499 0.0355430901678325 0.582232874072243 0.697675770971233
-0.0161489032436242 0.0360441280543306 -0.0897252988465196 0.63296161726617
-0.0185960186459155 0.0262406313943605 0.0818960514385926 0.0358195929026029
0.00711822341673178 0.0508692471254407 0.10113593666413 -0.635337084307601
0.0109302688629747 0.00776318489143324 -0.647452373277705 -0.638853166710745
-0.00733006448368291 -0.0293824984343781 -0.824347612578888 0.271234401000254
-0.0329383018964069 -0.0108267998570689 -0.0721629629440798 0.666073974023862
-0.00854640511602902 0.0220106432556274 0.346345705653493 0.267367246017902
0.00833292646887667 0.00548350256376338 0.213227531784025 -0.0601457924766866
0.00789469320201022 -0.00138785479581714 -0.0725707502500817 -0.176962098189186
-0.00529186830450071 0.0160839008999211 0.0609699469208725 0.138111096933803
-0.00260990183289348 4.86426535839439E-05 -0.155967431736886 0.0609563433840322
-0.0178128714405318 -0.013181362652528 -0.320328474961459 -0.258170002239518
-0.0266927084338167 -0.0282574789961107 0.082706897449533 -0.578118862205326
0.025333343401219 -0.023819715304698 0.754942728007372 -0.272286435678085
-0.00147561615557536 0.0183809059650863 0.684189198899337 0.578246349820507
-0.0142446382750007 -0.0250579304035421 -0.0370560999615572 0.667610149788947
0.00716616193741257 -0.0421498828294142 0.0320217286931572 0.100442838361215
0.00308722104377908 -0.0091098922420879 0.151971832341414 -0.587166769263074
-0.0122596592858445 -0.0052535484438663 -0.530289478150353 -0.754127759829958
-0.011767871765494 -0.0179527465292467 -0.860233294917972 0.117953835992775
-0.0474284966098003 -0.0195223914106885 -0.161937415277156 0.684912246025331
-0.0339946223725013 0.00269042587515439 0.325354450390026 0.34834759415648
-0.00109951929848683 -0.00290392489819093 0.225491376613898 -0.0262818494376141
-0.00691483649173066 -0.0022756884940921 -0.0504414339256131 -0.188915164491475
-0.00272102670159119 0.0152756997629515 0.0611042258386294 0.136224109569656
0.00262702886033243 0.00159580314416141 -0.156882001300026 0.0486749611516966
-0.0130692685212852 -0.0136128823170393 -0.309537747155614 -0.27944709462182
-0.0275872019722735 -0.0274069842064352 0.119236134093547 -0.573584837074951
0.0172604515741629 -0.0207021684690183 0.774593721625939 -0.21826555020014
-0.00848047539836571 0.0155729895919497 0.649122781637033 0.627211829372194
-0.00990191610870216 -0.0319813527824661 -0.0648262704929277 0.660310065904131
0.014765522536229 -0.0457372704928027 0.041417554883493 0.0821780924788758
0.00671008398581833 -0.0126969915942775 0.127361615396577 -0.601932803822491
-0.0169787704316898 -0.00637535713399201 -0.576089617891442 -0.71057666111905
-0.0221242336099943 -0.0164798863989133 -0.842250028952957 0.180394118804955
-0.0515396627125087 -0.0145221003740201 -0.118366808470539 0.692144845306529
-0.0272539414581395 0.00491710778894933 0.337475257123068 0.326087760809155
0.00613685416972308 -0.0013413327269984 0.221048923615489 -0.0419401933029984
-0.00406528727328479 -0.00433059451703977 -0.0547487207903875 -0.189171667767417
2.91115444633243E-05 0.0162941788595603 0.0575127033943778 0.136993815146768
0.0059960076887433 0.00329283452125759 -0.159605580127835 0.0373655538622527
-0.00646579805776367 -0.0128211536394842 -0.297601971248021 -0.303571675935892
-0.0264399419088367 -0.025874966508573 0.150410513167826 -0.569476760203199
0.0134622394330038 -0.0173283123106545 0.788597811204931 -0.164529520338945
-0.0113066488237071 0.0142978900107192 0.609534420582627 0.67378313566287
-0.00613447021996829 -0.0317263011549091 -0.0889065009461281 0.651954293748932
0.0170930212138864 -0.0428928418724085 0.051789789082127 0.0626847692712446
0.00774893573960345 -0.00987047617595326 0.1029122799702 -0.61442601472841
-0.0199560997544404 -0.00624893148895924 -0.617688290813112 -0.666702564526606
-0.0301126999214671 -0.0144376816556558 -0.819364082765258 0.24258035721939
-0.0517788250563558 -0.0102579433626913 -0.0754135457388913 0.692925600911562
-0.0194038527647692 0.00825580274509661 0.350056937788402 0.300642999275988
0.0125412901706222 -0.000244529574451098 0.217686651482932 -0.0560917785526022
-0.00127542788820551 -0.00347382015212711 -0.0570873169973812 -0.188240285586898
0.00268542616627613 0.01610730688735 0.054384471593461 0.137591258691022
0.00893591138064353 0.00430364621302837 -0.160749064907119 0.0292636308880642
-0.000905423442037818 -0.0103155382170637 -0.28555710105807 -0.324363636907278
-0.0243745973616738 -0.0260131818223935 0.176474580929262 -0.564911971737905
0.0142331341651645 -0.0173441482815916 0.798909036059587 -0.117541121804649
-0.0120647038231014 0.0143204740221598 0.578453125893752 0.708623285363544
-0.00446862335906642 -0.0255509559578151 -0.108628399716122 0.640679608692523
0.0165952686892279 -0.0348151631231476 0.0620339256477546 0.0450948180390479
0.00943929577978038 -0.00256905678541766 0.0835595559820205 -0.625510886838702
-0.018172917807018 -0.00331048049102105 -0.651591894889922 -0.629496492314654
-0.0332368720461967 -0.0141007166514748 -0.804194867666629 0.288199809896272
-0.0509505715619607 -0.00785904478462125 -0.0433014541125325 0.690469537809208
-0.0127392512784182 0.0108071520687698 0.356733254765177 0.277736788157225
0.0166906594873622 0.00184167776041034 0.213491709361918 -0.0670525268590284
0.00169652693954184 -0.00273799785653411 -0.0619809913498533 -0.186656979553888
0.00617356737355104 0.0168998044776484 0.0504631382415697 0.140046990602166
0.0107262231886902 0.00594396890139312 -0.161077619549073 0.0228002136323188
0.0027561170642124 -0.00687808304598091 -0.279356043055276 -0.340004334562503
-0.020809718732846 -0.0257733846479361 0.193207566747371 -0.565781856924624
0.0174225521905344 -0.0191210846288499 0.800565516786897 -0.086835187557927
-0.00766712514434581 0.0182562638660867 0.553463838662559 0.730993489293172
-0.00484886578451571 -0.0126989093381243 -0.118121097733118 0.63334236929327
0.0118967467480521 -0.0215513432990489 0.072155602320949 0.0322364526182633
0.0108781518612554 0.00909077746548123 0.0735902977475368 -0.633472568889344
-0.0146141574536267 -0.00114116318691323 -0.669526504231374 -0.603262934992143
-0.0327216881864954 -0.0163287003331762 -0.792526839864554 0.318636468264399
-0.0477180613355872 -0.00623629226929197 -0.0258577787580949 0.682817399529009
-0.00691112599106771 0.0140711345479414 0.359592070874306 0.261475918462721
0.0180463988592149 0.00374127713168738 0.211628878114955 -0.074031253075006
0.00444123743927326 -0.00267184219138404 -0.0656758299337369 -0.183570080354407
0.00763815866575523 0.0169097272996143 0.0461055733203606 0.143227197982848
0.0105773419784341 0.00604178952468825 -0.161293302545868 0.0226974953505716
0.00577144596080015 -0.00398057580187311 -0.274081284976368 -0.348532643433328
-0.0157003838031265 -0.0265034078134638 0.194531066907138 -0.566975495889399
0.0241927436746115 -0.0216377340827269 0.79875646274765 -0.0796033438614106
-0.00184423551854377 0.0236070778283781 0.547292997112716 0.7348068048542
-0.00805962243357243 0.00279062044171344 -0.118441702709725 0.628754058618324
0.00348847510681808 -0.00513221279221122 0.0798977658600458 0.0250138971640427
0.0110500385463839 0.0230989025016278 0.0732117155602279 -0.638026603423272
-0.00749841578725292 0.00144918338809421 -0.674518435843434 -0.596535472469072
-0.0274543045344012 -0.0195192998557287 -0.794665964229068 0.323322777099236
-0.0436848206853104 -0.0072572574997352 -0.0240134655702305 0.67362280274003
-0.00479077332168904 0.0181186985340603 0.358312579753509 0.253085230616125
0.0174353723469313 0.00521576515464258 0.210702125946442 -0.0743833611687646
0.00644748106575887 -0.00254618787843745 -0.0685011965724304 -0.181024850717568
0.00950550521243307 0.0174430584338656 0.0434408068962755 0.147041608522574
0.00862836037848407 0.00726100071255144 -0.160921739567952 0.027973372509297
0.00505896055526748 -0.00174875311393934 -0.277691728664305 -0.34850925691481
-0.00978923669099932 -0.0272857114107612 0.185704013197436 -0.575185494885547
0.0335119367129949 -0.0249380550477824 0.794023486127109 -0.0956832296002669
0.00662282943790245 0.0300549929562127 0.557907911134705 0.724560029254322
-0.011796610229119 0.0200818350930226 -0.107696926671967 0.628576796500863
-0.00788529173883911 0.0114345684311101 0.0827703745028279 0.0271828746857815
0.010048937525029 0.0373282198628698 0.0809655225884901 -0.638045275364751
0.00210367022690428 0.00463917761612442 -0.667035474529313 -0.607753124734567
-0.0182874584247908 -0.024882458863517 -0.806484812699048 0.307765365061654
-0.03863281906619 -0.00766611733653456 -0.0402181591011839 0.671482762019399
-0.00493077575348231 0.019775466427408 0.35461056457754 0.255547085442996
0.0132350569982104 0.0058062977752641 0.211741859735007 -0.0694420523587827
0.00785858146206085 -0.00118476889841781 -0.0706951745895072 -0.178938484394773
0.0106295669049632 0.0177982341696724 0.0423691978973095 0.149108666139945
0.00503354619637931 0.00591796702219892 -0.160333375858326 0.0362623719384492
0.00293896268346951 -0.000270540034925895 -0.286763369814367 -0.337630528492543
-0.00564025259303317 -0.0288581860138735 0.161929483935616 -0.585343326696686
0.0427768311858516 -0.0304272562657686 0.785240033137124 -0.133387042513094
0.0162301433142226 0.0358791127279288 0.584354830705254 0.699308710809695
-0.016184217416797 0.0350121110863126 -0.0899673861472485 0.63410708697398
-0.0182282123360288 0.0258364475742678 0.0822896876215182 0.0353252839925593
0.00809299292809829 0.0514446517124655 0.0992899356252886 -0.635052478959064
0.0123107728931414 0.00781892621882969 -0.648701336972583 -0.641310069914793
-0.00622810793624783 -0.029550903422489 -0.827465956445826 0.271819628536295
-0.0331516825153976 -0.0118291618358444 -0.0704412888953852 0.669399986623667
-0.00875273363166847 0.0225400223706813 0.348381267589098 0.268532241737065
0.00794326128770098 0.00590462193446237 0.214166231388186 -0.0605996506814768
0.00794283438539722 -0.00116057572775558 -0.0738494145442527 -0.17755157306415
-0.00473516533666733 0.0163090383630243 0.0605848640763634 0.138010850047568
-0.00252105257552102 7.73023844631918E-08 -0.156137496375147 0.0615682124836471
-0.0178154774763997 -0.013374100722198 -0.321539758803957 -0.259430544356953
-0.0258739360137058 -0.0280440835582413 0.082214318848483 -0.580497944993525
0.0253972079798989 -0.0241937708531818 0.756303919232514 -0.27439540920535
-0.00160957197711311 0.0182992961368886 0.687999466468732 0.580686744218168
-0.0142886377659309 -0.0257064645754853 -0.0385125963513632 0.669426372765641
0.0073255158942434 -0.0424471316813589 0.033002047228693 0.101025943374119
0.00407395901792602 -0.00944341406857034 0.152040030490222 -0.588503373518401
-0.0116911294747022 -0.00440980565700863 -0.532330627168244 -0.757032594794808
-0.0116370012716003 -0.0177451029731945 -0.863244754032856 0.118207847551809
-0.0473181462024409 -0.0184174797466152 -0.162140238227718 0.690268495157387
-0.0339251636309736 0.00282952793008809 0.327240250884819 0.350340075062461
-0.00184495372478798 -0.00339236617807635 0.226985536836144 -0.0269820939291705
-0.00727225965817613 -0.00218775834657793 -0.0507425086303113 -0.189736102718053
-0.0028284602477316 0.0161222131189728 0.0605611484465121 0.13726770870571
0.00253868899139136 0.00120963396304769 -0.157835020227129 0.0488892625527004
-0.0133885954961241 -0.0141842424467044 -0.311513162211904 -0.281741196978656
-0.0266410570425972 -0.02795672701237 0.116691948307355 -0.577970663879033
0.0186356738878706 -0.0203106738516898 0.774505338866895 -0.217975554924146
-0.00908949277893968 0.0148251066765052 0.651321786553055 0.6293805434041
-0.0106071785101622 -0.031575255923298 -0.0649942858248999 0.661860718265786
0.0140328487492014 -0.0459698363518788 0.0409561261800291 0.0828869296490787
0.00785824070338995 -0.0124432070418266 0.127183860202698 -0.604377462967966
-0.0179413974432282 -0.00648870253697597 -0.579963744649745 -0.713494158408765
-0.0223265778207774 -0.0158601228880073 -0.845076068745084 0.183272585052865
-0.0500140241312776 -0.0142023106008338 -0.118140478042217 0.693914401740208
-0.027283548832431 0.00521777944149189 0.34057370776559 0.327194128461219
0.00557239118799457 -0.000996500163609707 0.222859230183792 -0.0420135462323678
-0.00473264891741711 -0.00274440145719174 -0.0541166883207116 -0.189867525118402
4.88720117840986E-05 0.0166031283739944 0.0573830331745554 0.137538360473705
0.00613204995336718 0.00231630872143114 -0.159958654593106 0.0376383553619842
-0.00700578254160842 -0.0126534228967809 -0.299224493357398 -0.304971928877745
-0.0266550493316845 -0.0267745081977222 0.150535884947571 -0.572814625190092
0.0145404998527582 -0.0182469004704696 0.791480531471113 -0.165697361613864
-0.0121085580402263 0.0139228432118425 0.614115891622564 0.675018388129501
-0.00642884208219839 -0.0320961153108815 -0.0898187732127126 0.654209891926861
0.017415924517614 -0.0437359841914996 0.0521427718065972 0.0631872984975087
0.00894559231261963 -0.00955027036805532 0.103559806376862 -0.614864726573429
-0.0195330774337068 -0.00547827809688357 -0.619685838247382 -0.670604810972292
-0.029918817754618 -0.0141284021180082 -0.825095279270563 0.24286999290636
-0.0520437247364779 -0.0103369447725938 -0.072702614083377 0.69535775836272
-0.0185874388551459 0.00730842485129842 0.351065239384393 0.301479884229504
0.0116989681188688 -0.000134233863386138 0.217575323664637 -0.0565978369093723
-0.00201978530356344 -0.00238933049948615 -0.0577007581396712 -0.188689001123237
0.00276974024725864 0.0163869169779965 0.0545863005765313 0.138743292697014
0.00893450419768695 0.00431013635163872 -0.161008654047272 0.0282857403402941
-0.00136840629762109 -0.0108838522163153 -0.286959585405638 -0.326879003980723
-0.0243711515424351 -0.0258816174812312 0.176012131868803 -0.568032593786029
0.0138738593152502 -0.0180034019495709 0.80077102146931 -0.11686648720062
-0.0116933009858502 0.0146646813090089 0.581793113653808 0.710829537047317
-0.00458965046611969 -0.0253772502391596 -0.109255463660018 0.644358002866686
0.0172982141721001 -0.0353295668170898 0.062535242707373 0.0453677658079436
0.0104314558607694 -0.00253744762268522 0.0845656154363034 -0.629303591796969
-0.0185202911009516 -0.00326833336081765 -0.653341261847832 -0.630033582418798
-0.0339201879750604 -0.0137317881294688 -0.80975015276656 0.291112665327012
-0.051601543499755 -0.0074655831884988 -0.0423277049464154 0.691989332193404
-0.0125824974034203 0.011098695906423 0.358636005251034 0.280580493159504
0.0170348927442624 0.00191879263516319 0.215353527139686 -0.0684202717125758
0.000939983748557449 -0.00225061952990794 -0.0615758818366262 -0.186388672576655
0.00561138381806789 0.0169197164656521 0.0494247411984347 0.141688480573295
0.0104762385525264 0.00540318603620215 -0.162322723471556 0.0230665362033667
0.00324737272221405 -0.00697425020588887 -0.279410413974656 -0.342024312610092
-0.0205109601504842 -0.0258992748720914 0.193457774557369 -0.568881702591208
0.0173729034706991 -0.0195317199997441 0.80375291771486 -0.0877565859853815
-0.00818976252710874 0.0171686502535338 0.556696602405711 0.733293683945507
-0.00452951173387139 -0.0138446193517742 -0.118873138462414 0.637112723047399
0.0117482965762379 -0.0220159690719707 0.0732038006053483 0.0325923517453929
0.011157309499825 0.00851088945940819 0.0725645860102832 -0.636148190151406
-0.0141723679111045 -0.000540574527685016 -0.671846663798579 -0.605845838161904
-0.0324435314756379 -0.016024408883311 -0.797174361120625 0.318571979213785
-0.0480147503345502 -0.00683459970243023 -0.024943968530981 0.685832026282988
-0.00670962993994967 0.0141071614375723 0.362990306339242 0.263115355725521
0.0173407705005746 0.00340934012696827 0.212460952159502 -0.0746673733999291
0.0043718254728764 -0.00260272446626015 -0.0650526180189557 -0.184108822516742
0.00801034493288422 0.0175424429381931 0.0452452425664755 0.144395815716424
0.0101380897551351 0.00644073707669854 -0.16277155405779 0.023479370164708
0.00594340461410266 -0.00430036883994295 -0.27606688326625 -0.350824739443132
-0.015272137358571 -0.0264782884894487 0.195878652364746 -0.569099191373461
0.0248092636232128 -0.0224094776222462 0.802056254810045 -0.0802391253640891
-0.0021339376666388 0.0240438124717521 0.548305339502746 0.737445827717301
-0.00787091050007471 0.00265632842227314 -0.117589626578237 0.631962626398347
0.00376014444465747 -0.0052553787119605 0.079525062235752 0.0254248909074185
0.0115605364492617 0.0226930594095866 0.0715309283998779 -0.639388755886266
-0.00733359949752112 0.00180069935829997 -0.679756559227299 -0.598214135061813
-0.0275924931542509 -0.0198142924718085 -0.798460627030717 0.325555279357181
-0.0437118237505485 -0.00670690267043549 -0.0228171313042752 0.678133602038791
-0.00472899287790164 0.0174725847303543 0.361028131670318 0.254132241734783
0.0167256797070301 0.00500999991584983 0.211773338693185 -0.0750814526943633
0.00643766981476962 -0.00214887921936282 -0.0694245883857703 -0.181631234811781
0.00963210076371915 0.0179900194432456 0.0423661795365282 0.147020278269154
0.00832243669384741 0.00630013858091272 -0.162236265005975 0.02812487242476
0.00601724022764144 -0.00197927217128308 -0.280145287077138 -0.348574588322801
-0.00970939945195767 -0.0272472267131682 0.183865459498587 -0.578103428167022
0.033467924459702 -0.0253346760497713 0.796903340014514 -0.0974150232101515
0.0060964449368222 0.0301028225735877 0.560175542379443 0.726062695889862
-0.0125313136739083 0.0195177704239198 -0.107892260739461 0.631452934764977
-0.00743324994483125 0.0114170674550743 0.0826206273003065 0.0264751760429753
0.0108117375971925 0.0372295844743182 0.0813081314280176 -0.641404072675797
0.00265317493176981 0.0052166630247728 -0.670325823677521 -0.612965587263419
-0.0184957272906239 -0.0241425152983958 -0.809266704083498 0.308979603101196
-0.0384495273040633 -0.00875700407227866 -0.0404418454296768 0.673437651483983
-0.00519965254564186 0.0200998727896892 0.357552446465813 0.257124472933621
0.0129320897815684 0.00587932912994569 0.21292967523005 -0.0701828103147231
0.00716714346745217 -0.00100357844083476 -0.0709199420019878 -0.179167581844239
0.0106510234417666 0.0187343965934426 0.0425483904010992 0.150387584488622
0.00474584058723674 0.00661182837145303 -0.16175326645986 0.0365899173261347
0.00360924550583322 -0.000845595056030237 -0.288504331936646 -0.338850479530147
-0.00476095141546309 -0.0286734680149447 0.159620889081429 -0.587336217150609
0.0433106717365367 -0.0306966606920171 0.788955012762544 -0.135388278331813
0.0150941189927038 0.0364451432626338 0.587801411538869 0.701131633823186
-0.0156384154452795 0.0347211222878439 -0.090908872875532 0.636900143763312
-0.0184391550987003 0.0254655574109276 0.0822937049957581 0.036206108396294
0.00848042193865758 0.0503293865943473 0.103211311729668 -0.638430711521819
0.0112700874562818 0.00898540160298969 -0.651606660801111 -0.643828945118572
-0.00707720164078778 -0.0285327490008808 -0.831200822356435 0.27484256174356
-0.03334373445075 -0.0122701742660876 -0.0691334638516507 0.672306804769917
-0.00898764565434748 0.0213733600436555 0.350151869490453 0.270029093743111
0.00742187398191632 0.0063635341740236 0.216146957336476 -0.0617701746520147
0.00764667906385329 -0.000530110755358695 -0.0730473499322829 -0.177975983517821
-0.00450492358050672 0.0162245480861387 0.0609004440023081 0.139006785014233
-0.00282595367159569 -0.000480766358622663 -0.156134203479492 0.0613387297659777
-0.0177207601004012 -0.0140649956731741 -0.323690576835445 -0.260718684766849
-0.025184569188627 -0.0278459234605771 0.08089465099266 -0.582634692109743
0.0254555666281613 -0.0244285127198633 0.758197585149523 -0.276679819643731
-0.00165700120692949 0.017954044416238 0.692457296488687 0.581429214371451
-0.0136768763660142 -0.0255128828654052 -0.0359346213747912 0.672662816087171
0.00689055069615941 -0.0432850003482593 0.0325751999463982 0.101450218299158
0.00457972822520781 -0.00892808016283305 0.152767079522892 -0.591836948603139
-0.0121039615253452 -0.00497694979426703 -0.537120348451481 -0.759118891539819
-0.0121968760595366 -0.018184289681344 -0.867755074399427 0.120798119412742
-0.0471793717936743 -0.0183936535902017 -0.161910491838947 0.693349273005299
-0.0346609441127095 0.00300182719589762 0.330013628022831 0.353450934840769
-0.00284095830076671 -0.00273183386078948 0.22869868678855 -0.0282648003069219
-0.00726588005204708 -0.00189427391966754 -0.0518027669280934 -0.190573433702649
-0.00215744414206688 0.0158936335823471 0.0602220390805592 0.13796812970525
0.00261851695239784 0.000967665979928249 -0.158061552363803 0.0488822723591122
-0.0127762734506462 -0.0141611347541271 -0.313192308375673 -0.283455291312352
-0.0268630280689859 -0.0269687051985262 0.115193553905341 -0.578955163690664
0.0185381270839256 -0.0205358933494633 0.778351054466916 -0.221004395552657
-0.00865129212643368 0.01557373067488 0.658078451312689 0.630235082843763
-0.0097737625211859 -0.0323081077115279 -0.0647489825652129 0.665418538911874
0.0139975993135331 -0.0473188022311231 0.0414587317733491 0.0832940968685557
0.00801453393547023 -0.0125949766039556 0.12628322981221 -0.606466229853918
-0.017469100422914 -0.00535977064461595 -0.582710210517864 -0.717444232512147
-0.0231872879729612 -0.0157384066763834 -0.85159821040728 0.184140232148158
-0.0509913224253545 -0.0143166080667999 -0.117428570540961 0.699338793368257
-0.0269252591443431 0.00475051044336897 0.343083091188638 0.330018665467783
0.00414685665317438 -0.000868352282450639 0.223644836795635 -0.0430635183496902
-0.00506866699641818 -0.00173398452216802 -0.0554114756757517 -0.190248119138831
0.000469782891446344 0.0171387913565235 0.0573179722570901 0.138629880414815
0.00593017382442894 0.0018460922728319 -0.160062639706643 0.03769285692883
-0.00676271918843994 -0.0134742988102112 -0.301822173812226 -0.307300712803331
-0.0267257329836224 -0.0265223343686911 0.148728726631715 -0.575774464135913
0.0142232723118958 -0.0186245570187731 0.795143176952218 -0.167349661402783
-0.0120440841476261 0.0140344050239129 0.618133898813942 0.676751417830375
-0.00656817130975722 -0.0319912087698595 -0.0890838231864635 0.658998731611435
0.0174651528931172 -0.044557036383412 0.0525908460748384 0.0628199918648481
0.00976613263200462 -0.0105432899707219 0.103369758977451 -0.62030069003089
-0.0199676010159385 -0.00454420259759385 -0.623694747675326 -0.672970540813686
-0.030367210941788 -0.0134875776663707 -0.826862916243487 0.246062331835482
-0.0517682132778239 -0.0102098678179474 -0.0723979285849643 0.700688036136346
-0.0202627533741401 0.00802838204127447 0.355426544429501 0.304270405449105
0.0106131378640445 0.00102468812763585 0.219697385687053 -0.0588834065145227
-0.00238965179221901 -0.00197184708219883 -0.0581940532099182 -0.19094963733564
0.00287364907257156 0.0168183070287852 0.0540507626698949 0.13937175181772
0.00919967597668916 0.00336925785990162 -0.162074918055337 0.0286750731166657
-0.00107619145946837 -0.0108303831204656 -0.289541690290536 -0.328239032843756
-0.0242719587125484 -0.0247822394645474 0.174722514773712 -0.570378936322773
0.0136376244560936 -0.0185857816906337 0.803932237307816 -0.121079762268985
-0.0115723777978225 0.0149747315397127 0.585535689567601 0.71130069547377
-0.00456441966138347 -0.0261787764380619 -0.108073689502257 0.649549498660363
0.0166169581282409 -0.0362055033874461 0.0631673991485968 0.0456117765402918
0.0111552633703975 -0.00224558701794632 0.0840925505984007 -0.631718010637752
-0.0190469776607204 -0.0026583444423744 -0.658197932788396 -0.633518622338851
-0.0341030614642076 -0.0141372133895281 -0.812348444726237 0.293947052151279
-0.0516755297688555 -0.00761043440816107 -0.0394715266121324 0.698569191321425
-0.0123480069857171 0.0109112442911338 0.363562413495822 0.281167976493024
0.0164489145239656 0.00239112836707155 0.216021951431819 -0.0694436557057568
0.000951030551751391 -0.00185422712060529 -0.0630746071595806 -0.187485322159905
0.00581991785084382 0.0176023181743988 0.0492760840717587 0.1425289821524
0.0107311515466092 0.00469897541601789 -0.162140708741866 0.024621140103755
0.00363254172323615 -0.00776299620924735 -0.282124514258054 -0.344131741103555
-0.0204385366722124 -0.0252836912628567 0.191835601891291 -0.571602144440589
0.0172294233612995 -0.0199485965263011 0.807856325289064 -0.0882523019115378
-0.00797573414759145 0.0184845672723691 0.562166021532274 0.735026207617975
-0.00463154120987821 -0.0135543457475858 -0.119313274153968 0.639726804231884
0.0114238612640353 -0.0222218889806547 0.0732262764981055 0.0322047794195859
0.0118564842618646 0.00891131353892397 0.0725839819914811 -0.639744512158741
-0.0143248248812119 -0.000609290734534092 -0.677768457871741 -0.607468133695067
-0.0331051601004289 -0.0153272672305629 -0.800648884839454 0.324499923171109
-0.0483268693687046 -0.00662283376125891 -0.0211048615583816 0.689823740940105
-0.00656983115070649 0.0141004177932296 0.365936911568858 0.26344663802397
0.0176001315907088 0.0034885602726743 0.213619940877831 -0.0761262356934796
0.0037302028796585 -0.00209821315296306 -0.0661305804864713 -0.184579621831184
0.00909110527339043 0.0178833328729294 0.0460446623178669 0.145094145960128
0.0101031863438546 0.00594091066577007 -0.16294260214522 0.0236538691735428
0.00586375277638579 -0.00462196574768177 -0.27714392649166 -0.351650389533615
-0.0148495755588355 -0.0258183625788517 0.194287912176493 -0.572288544624651
0.0243325457443033 -0.0220686404561388 0.806627864093943 -0.0824982440939152
-0.00215092928610467 0.02340536823925 0.551762962617599 0.738862070865978
-0.00819267353046365 0.00231882714716052 -0.117144067386445 0.635063810692881
0.00325627488883071 -0.00601250704207696 0.0806452277753647 0.0260565373446222
0.0131876874803274 0.0229989209359427 0.0727188951496092 -0.643340155571415
-0.00669772757010885 0.00195587360071689 -0.683827617493757 -0.604154857692392
-0.0276231207070371 -0.019203843912735 -0.802867494026365 0.328795030371285
-0.0446711687464679 -0.00660814314121707 -0.0220996657854907 0.682990186102461
-0.00475374312651138 0.0172748723334547 0.364831486372804 0.255126465600953
0.0164987470298543 0.00585110154381011 0.212736006524682 -0.0756839385964895
0.00647609173241339 -0.00191298160006355 -0.0698429064753086 -0.182433584538284
0.0101085648145463 0.0181710493801615 0.0421733633810318 0.14843527858261
0.00886674886929153 0.00640036973208393 -0.163450804936781 0.0285193874523923
0.00564836369647183 -0.00219600142976623 -0.281831420307503 -0.349515002459842
-0.00928029886019639 -0.0273223059120852 0.183827042677899 -0.581646479637268
0.03339346863804 -0.0267287430852838 0.799689032506224 -0.0968020075687301
0.0066234237297646 0.0305772854608712 0.563414837034485 0.727092293291526
-0.0121455218525874 0.0193076725568979 -0.107124553670992 0.634454688245225
-0.00772692742875039 0.0101387333568246 0.0830009128696624 0.0275428349404082
0.0114450907362021 0.0374605669775101 0.0814453938300732 -0.64529144707563
0.00268633778609776 0.00536740738645856 -0.675017320022193 -0.614312497401602
-0.0195492542523471 -0.0235263208681623 -0.814443340752892 0.311979807038245
-0.038125104850798 -0.00899396388462599 -0.0389220724910181 0.680055900856659
-0.00572407140757808 0.0204250104521954 0.36034353116755 0.258614086280724
0.0118891170802882 0.00692962955944141 0.213939200673194 -0.0719117660656234
0.00739518175400822 0.000191615257476907 -0.0716782004684454 -0.179954321440574
0.0108963572595062 0.0183025781673915 0.0419344638550407 0.151542086273507
0.00500845607486907 0.00571427185032205 -0.161737529840969 0.0366967775391942
0.00361801227676548 -0.00119951059351145 -0.291581535188623 -0.341354211937433
-0.00464001598517053 -0.0283080444640483 0.157739835346543 -0.591009895998387
0.0426749156753626 -0.0309717142861327 0.790796588395148 -0.137178358832171
0.0153744934216849 0.0356204681051047 0.59145098443004 0.701042340271933
-0.0153533702837684 0.0346851205376743 -0.0895900006801139 0.639765492620714
-0.0188257914745176 0.0258303163679169 0.0836792767300639 0.0354237199994572
0.00905683831820886 0.0506146250446082 0.101354104259434 -0.641558240811212
0.0125719000285145 0.00982022370297047 -0.654374979663338 -0.647271807245769
-0.00696270734274644 -0.0287165883703015 -0.836318396799362 0.277444327299171
-0.0328678247794867 -0.0121626772871488 -0.0677245413008195 0.677057451436133
-0.00981759695481128 0.0222907630093698 0.355258168187251 0.27080455726391
0.00722117082298676 0.00748447268022474 0.2167266783603 -0.0624443060127287
0.00743735912368726 7.50393566859324E-05 -0.0736309579633066 -0.179006600407742
-0.00444222471904896 0.0164025710444816 0.0618353541960538 0.140047654862929
-0.00261037561995629 -0.000175591650118266 -0.156630360035998 0.0622205938106934
-0.0179226996999603 -0.0143179246663446 -0.326363945559219 -0.262022102166272
-0.0255706122312161 -0.0278193349717481 0.0784120080550327 -0.587896818426852
0.025822773963915 -0.0254918035601972 0.761253717009185 -0.282026716512696
-0.00191274202665753 0.0187041762466705 0.698302118203911 0.580744074649441
-0.0142817559145742 -0.0261584396174793 -0.0344361753850326 0.676604253831158
0.00683125568808574 -0.0431697634926723 0.0334552179392764 0.102496507471444
0.00611454260697899 -0.00943550318174718 0.151104737901069 -0.595300817033373
-0.0121191246824307 -0.00315325413583046 -0.542697090622368 -0.763837125495144
-0.0121165214500472 -0.0172355261750047 -0.87534050365711 0.124060244658944
-0.0469595072760869 -0.0188389652980007 -0.159329006017706 0.699613982776117
-0.0346806333481773 0.00298701608985195 0.33507786023825 0.353584711222056
-0.00265759993955047 -0.00207336087945163 0.22998982028347 -0.0297574684637968
-0.00764156037651261 -0.00158387883937985 -0.0525921707148876 -0.191507440290285
-0.00201836890563279 0.0166734375375713 0.0606958458019481 0.138890783479738
0.00177728827875459 0.000324592456940084 -0.157823602559733 0.0505759900012467
-0.0124116240544378 -0.0146732296798567 -0.316653845783143 -0.283858756603259
-0.0269105636066335 -0.0263425812298596 0.113130686229532 -0.58353391177606
0.0185156374908041 -0.0219957376376449 0.781741360456555 -0.226382079474923
-0.00911280842878274 0.0159790658480186 0.664194254195401 0.630870012161125
-0.0105109064725462 -0.0326965381272291 -0.0620042067186924 0.669842729511036
0.0139121619475677 -0.047966154471669 0.0425921057052954 0.0837522684550471
0.00908051767824715 -0.012819055925497 0.126462674917774 -0.6116546237996
-0.0177746369600421 -0.00516322937392193 -0.59061632320394 -0.722637905160492
-0.0232699360187738 -0.0154909293827771 -0.85524876983832 0.188961466555369
-0.0506742989806716 -0.0143373142612194 -0.114355199285341 0.704266642615013
-0.0277017186995706 0.0049456702076017 0.347378112611405 0.331076030252926
0.00459365886317309 -0.000369830801534986 0.225729121321783 -0.0450611416157947
-0.00484654996620492 -0.00114544724441489 -0.0555479353458189 -0.192373886573745
2.49563260100259E-05 0.0172197057767623 0.0575669501237981 0.139787299200622
0.00589639511808355 0.00218159743074281 -0.161652455383417 0.0386478557195856
-0.00698337899081885 -0.0130521293438124 -0.30413953007457 -0.308228815463833
-0.0265121266524696 -0.0263219662385641 0.146330692883675 -0.580814042454992
0.0147894084864408 -0.0194225120641511 0.797595281072239 -0.172691716504822
-0.0126626081909196 0.0134403598866487 0.623859797374763 0.678686430875375
-0.0061964708572305 -0.0326290546263625 -0.0866454970887881 0.662416306644832
0.0175200541326441 -0.0453110170188746 0.0531040957417643 0.0634479884648463
0.0103264706850997 -0.0104602182524636 0.102645432160831 -0.624927873038932
-0.0200181952416812 -0.00389157866861486 -0.630234384837262 -0.674606340799444
-0.0309692902692504 -0.0133550224354733 -0.83453034833795 0.251960123338443
-0.0523186604243409 -0.0110142822365775 -0.0704740272001608 0.705930944656564
-0.0198295470197948 0.00767901102523748 0.359943383018159 0.305122126900338
0.0110422261397147 0.00176347154295822 0.222313203256849 -0.0603968369272904
-0.00220433122255191 -0.00115770180273571 -0.0578529899499863 -0.190553049562651
0.00265798301873748 0.0170129799060436 0.0541729408745425 0.14045325774561
0.00930059586437892 0.00325811788742694 -0.162221592446225 0.0295066557072673
-0.000391984517941981 -0.0107529759743379 -0.292275019610603 -0.330290834639184
-0.0239730464514635 -0.0254705234883647 0.174281553476054 -0.576956997525062
0.0139270835480613 -0.0200700751143068 0.809106716836874 -0.123312081728414
-0.0120979550892978 0.0144986976255768 0.592301280768908 0.715701308107846
-0.00481402727542131 -0.0267843218892413 -0.107849271085022 0.653324186494209
0.0175164256503799 -0.0361146521436166 0.0637721542136452 0.0461444960942128
0.0120467529821685 -0.00299771572094192 0.0831178619322994 -0.635396998417222
-0.0189720578342189 -0.00225390689634642 -0.665626042731263 -0.636737684622852
-0.0347062332157041 -0.0129526863895961 -0.816296670725968 0.297512640262779
-0.0514922634127646 -0.0076539696170142 -0.036749597505162 0.703321255837682
-0.0129706288982843 0.0110119895565711 0.366870009372272 0.281445733151441
0.015491287868384 0.00315913107782845 0.218190400721703 -0.0704999031644393
0.0010694847411228 -0.00182792118427342 -0.063610770173994 -0.188419912419977
0.00659240537200418 0.0179845349071742 0.048863322646434 0.143123783769087
0.0102721368206636 0.00512854037950876 -0.162997335556922 0.0246047944054016
0.00321767570753881 -0.00763041506531678 -0.285101991681848 -0.346216066991229
-0.01944098956169 -0.0248296020576246 0.190447900216978 -0.57496906854522
0.0174667195191089 -0.0197384901792341 0.812409663507488 -0.0926189744741154
-0.00914509956709414 0.0184523183909343 0.565850113058487 0.737492896396452
-0.00537863359029658 -0.0139562389697135 -0.11720214570083 0.643543070120344
0.0115830709201362 -0.0230714810719858 0.0741521160607966 0.0323230934927641
0.0129733297767431 0.00896968548243218 0.0716952338085479 -0.642699197034731
-0.0143459840360548 0.000366549117414093 -0.682953275610214 -0.612627782601167
-0.0333244343052715 -0.0150727009895691 -0.806562588249473 0.327703738626098
-0.0485413940522089 -0.00647395729701888 -0.018057834209548 0.694650860109646
-0.00689351065578952 0.0142424210991962 0.369510115613937 0.264524671427148
0.0170923669780615 0.00480295188660298 0.215274983877093 -0.077730301480386
0.00411916222887628 -0.00197072131967346 -0.0674284213157252 -0.186382903949345
0.00891917508361649 0.0181505183577847 0.0452395311454197 0.145831048742317
0.00994148554289981 0.00577506477840529 -0.164169279160598 0.0243288264213513
0.00613628820024431 -0.00496976094869054 -0.28248184470274 -0.354086984286155
-0.0143895850747148 -0.0255268805874626 0.194202035724771 -0.578304562936741
0.0247891672897606 -0.0231662978449746 0.810994440668977 -0.0848610294190964
-0.00216990779323204 0.0241198192413035 0.558430546999632 0.740925196375267
-0.00739554882380638 0.00213927372032906 -0.116401968140252 0.640543900050896
0.00345252894172967 -0.00629222122577945 0.0810474378122148 0.0257731212458721
0.0133978433232775 0.0230517639385051 0.0708362302805688 -0.646564070196392
-0.00667328991542123 0.00271356944571113 -0.689922747530144 -0.604494557407703
-0.0286059508009921 -0.0186079802325343 -0.807235474213801 0.334127150505972
-0.0436931270698434 -0.00690425679015865 -0.0185373486184733 0.688364716383027
-0.00486698144857339 0.0170797885371049 0.368520534057484 0.256371985490167
0.0162573436551632 0.00640853173747591 0.213981456196122 -0.0783408498593653
0.00682073651283602 -0.000812769324918365 -0.0710970886280723 -0.183703544970205
0.010950490935722 0.0185766197397663 0.0431276564399581 0.149461591667128
0.00814160382417485 0.00582984255260276 -0.162928357131655 0.0286808249991772
0.00610017366134225 -0.0019942198491392 -0.284866009543807 -0.353682309877292
-0.00891590727805875 -0.0266904954210753 0.179942262599081 -0.58414276608187
0.0332228322556278 -0.0263928731342435 0.803470915816447 -0.102944563327567
0.00587207178086149 0.0309659279510352 0.570074781026914 0.731229097848613
-0.0116748558143393 0.0196735084514507 -0.104849294010945 0.639755330505564
-0.00780833912501741 0.010604997804122 0.0838645519277834 0.026917578805494
0.0131216887302621 0.037841979513197 0.0816625622409788 -0.649033016414959
0.00261519167521716 0.00599768112701985 -0.681469316809379 -0.61619056118238
-0.0188596078076417 -0.0235566090113793 -0.818359747586775 0.318962807681197
-0.0382387174538359 -0.00923879607039136 -0.0350703246574052 0.684196291671405
-0.00563700483091627 0.0202562075711906 0.364292846477541 0.25897711506779
0.0126135878685716 0.00753239539299086 0.215528579961253 -0.073762898985417
0.00824332988962724 8.48363818391719E-05 -0.0730738891202061 -0.181659083251892
0.010860301994332 0.0188327439739698 0.04240236340796 0.152170529948921
0.00473321117652858 0.00569049763622387 -0.16226501139792 0.037749785530653
0.00348218809389811 -0.00103055802944414 -0.295681607222007 -0.343321398584579
-0.00503060399895069 -0.0279558524322608 0.157014877689333 -0.595828177486622
0.0426788243376074 -0.0318338028236204 0.795744591866594 -0.140066753970353
0.0157838114504192 0.0366878017905353 0.595729560043955 0.704471762003703
-0.0147906904627104 0.0348114861015561 -0.0879494605694165 0.644208288005867
-0.0184955385371202 0.0253773909468282 0.0833301466654214 0.0351362259340642
0.011003679801857 0.0514686203850684 0.100710748528256 -0.646050439640842
0.012935354898737 0.00977389594224833 -0.663372458121886 -0.651170728754331
-0.00787704963649231 -0.028152988096158 -0.842213419175298 0.282091845457577
-0.0333246996822152 -0.0120821847754196 -0.0657332792335727 0.681158135493691
-0.00921151721789674 0.0221834876924424 0.358822981560659 0.271235205069898
0.0067549431057081 0.0076738757620804 0.218381209607087 -0.0646936938268178
0.00803881090518052 0.000534483317832136 -0.074372402560028 -0.180826238418143
-0.00455125773891818 0.0176032324985013 0.0616826203434203 0.141078993521613
-0.00291890877650574 -0.000937368126617741 -0.156909072315437 0.0637144476121727
-0.0180119025789724 -0.0140980309982882 -0.330899334373832 -0.262062771848953
-0.0257906449431631 -0.0277238639505232 0.0737809489485684 -0.591701334179882
0.0261639794308222 -0.0259142584116137 0.763936251960308 -0.28721878366588
-0.00193480902243038 0.0188446476914204 0.706160288782847 0.579763477833942
-0.0139403695455472 -0.0272359773650629 -0.0301430907764175 0.682108519435845
0.00677597580651028 -0.0442409993568919 0.0346643129147467 0.103126614738066
0.00622811351394798 -0.00920031719263916 0.151173358340482 -0.600704151247661
-0.0122047837753542 -0.00370252785433997 -0.549734502869172 -0.76532422938732
-0.0125553461866149 -0.0166385373764487 -0.881329778143189 0.130329319276554
-0.0477286975437122 -0.0184214142420172 -0.156323141063276 0.706976716078911
-0.0353673300168433 0.00262154999279729 0.339957110850943 0.356316806299188
-0.00331241384531571 -0.00292615559088087 0.231977329906506 -0.0315085104490531
-0.00783575146856664 -0.00103451049790949 -0.0538557377706799 -0.193128660460557
-0.00176526262278489 0.0172041015096331 0.0615613309287294 0.140365174887512
0.00238771205831658 4.33704496293017E-06 -0.158739621724284 0.0508994103754363
-0.0129079891105935 -0.0150652521817553 -0.319898704978192 -0.283508375582463
-0.0265734518525061 -0.0261432200149371 0.109555770479139 -0.58848249151393
0.0185531890706279 -0.0214554860377037 0.785165561424982 -0.231779982285566
-0.00966273941452841 0.0156304472078595 0.67032440931249 0.630523140613836
-0.0102811218520644 -0.0340619537280762 -0.0580842274204783 0.675328087548042
0.0138016871416888 -0.0484701855327577 0.0420884817733575 0.084579434789595
0.00956094677352253 -0.0129052333153859 0.125328886465489 -0.615871454265166
-0.0175778349204714 -0.00457651430983473 -0.597609368490077 -0.723810795691124
-0.0230567837657672 -0.0145222704610774 -0.860888549923529 0.19565702894294
-0.0513235419077009 -0.0147412147153102 -0.109904502212452 0.711102968045539
-0.0283393126935387 0.00539326708399152 0.352601462414639 0.331694446030067
0.00370210959510556 -9.40513256776875E-05 0.227831393754447 -0.0466758360458379
-0.0046583860803405 -0.00120310987893208 -0.0570686627607903 -0.193349828002411
0.000803901480323853 0.0177981131027958 0.0575452240347549 0.140677036181811
0.00547544924381878 0.00179472500248766 -0.16163952788744 0.0392219128016991
-0.00691361383800288 -0.0133518712120568 -0.308057819598677 -0.309063908981173
-0.0257553806190925 -0.0256740737752739 0.142708978492631 -0.584887987756379
0.014065253941893 -0.0197041622433577 0.802420286908047 -0.175990870544478
-0.0131905808605718 0.014269081735337 0.630928246072241 0.678518023911589
-0.0063536597139437 -0.0335635691831015 -0.0858842970606412 0.667505103881055
0.0175908971021439 -0.045917657479977 0.052940004794058 0.0644452515009043
0.0103901289516102 -0.0103796063752694 0.101086615548865 -0.628020517297043
-0.0196945113268099 -0.00398329835813823 -0.63881626288393 -0.675478936533379
-0.0309030968080021 -0.0130857314585563 -0.838299091842441 0.25775289773898
-0.0522158641828405 -0.0101576891364557 -0.0661226435471921 0.7120029449299
-0.0207466916582429 0.0081823490092218 0.364900534731957 0.305019788906456
0.0102380797178309 0.00194981537497733 0.223220069213983 -0.0626387918861664
-0.00232326036636165 -0.00152789220608828 -0.0600123832103313 -0.191955284434908
0.00335898066791139 0.0175675206467492 0.0546981396670499 0.140916646732744
0.00919102183335713 0.00312488620208457 -0.163491012686965 0.0304242526300212
-0.00156773182680894 -0.0113392025984172 -0.296473238975221 -0.331027609990126
-0.0235271696525339 -0.0249867373788039 0.170517439519154 -0.580017042006234
0.0133637720712819 -0.0199136904234559 0.8121327492192 -0.129175838495611
-0.0121344703984787 0.0152437146683207 0.597306982231992 0.713871064603062
-0.00422770253457876 -0.026875020858445 -0.103938319482706 0.657280497109691
0.0166392307474439 -0.0378283916961594 0.0643533742336634 0.0461847531937757
0.0132812311795691 -0.00276498522226664 0.0807223947380655 -0.640648376731235
-0.0190281314063617 -0.00167667944764662 -0.67248949806317 -0.636302613920273
-0.0347449212313273 -0.0132334729370331 -0.821846274478553 0.305115054127457
-0.0516756970851227 -0.0076342344328312 -0.0334712363524352 0.708865833963485
-0.0130147374761574 0.0111976402858841 0.371474778649544 0.281548528535628
0.014750847835012 0.00289944568223536 0.218969415405343 -0.0722717061683491
0.00104522183086696 -0.00152406303932956 -0.0652004260768007 -0.189905022304852
0.00683829718226598 0.018120342452449 0.0496855985241262 0.144178584781968
0.0102907737157164 0.00446536614365033 -0.164344416898088 0.0255680050572895
0.00370702524690293 -0.00803514977189511 -0.288218942510003 -0.346463795547838
-0.0196743213385032 -0.0250720318532337 0.188046158205111 -0.579627122098029
0.0170131191053753 -0.0206455300249597 0.815676513042455 -0.0978593580494575
-0.00799799317053332 0.0185569887584103 0.574256503480394 0.738015262988879
-0.00504974842207155 -0.0145502814253887 -0.114562847890811 0.64882810527082
0.0118211375296974 -0.0236388745095714 0.0747075800871357 0.0326846376505616
0.0141754777882086 0.00914502643148071 0.0697012842349801 -0.647603124125288
-0.0140449769424679 0.000716722443955847 -0.690632940187337 -0.611433266810696
-0.0333203971449158 -0.0147293797483365 -0.80915224462543 0.3349995834136
-0.0485906271995664 -0.00635680371834031 -0.0140090659110207 0.700214663855479
-0.00816626415231089 0.0139036893605567 0.373841340382804 0.263890220276453
0.0167453032325632 0.00506184229051561 0.215778689917064 -0.0796540943356079
0.003596728444488 -0.000807141260433723 -0.068344159872889 -0.187878528068868
0.00907007670186309 0.0190083806264872 0.0457401871377103 0.146856924847499
0.0101214103582852 0.00548121724605449 -0.164312031496835 0.0248943699105722
0.00624350831621504 -0.0048351344857523 -0.285904081879535 -0.353749170440684
-0.0146181980364948 -0.0255775105161804 0.190882528768513 -0.580819401488114
0.0242354127252477 -0.023633627229551 0.814132737661894 -0.0890852314323096
-0.0022267312341659 0.0245513963657725 0.567469316660185 0.742241109619029
-0.00762942358844451 0.0020293195587602 -0.113337441839062 0.644075905509749
0.00332092648965614 -0.00642282240370855 0.0819871573274779 0.025106877319667
0.0150123313257067 0.0232280126430798 0.0694097048786224 -0.653313423334827
-0.00676806050147004 0.00366066044633329 -0.698267951370625 -0.604301171308566
-0.0279788534112479 -0.0184373349018373 -0.811486335875525 0.340655472525212
-0.04421288115123 -0.00706612826611838 -0.0132127556310288 0.693947129041539
-0.0057433183284784 0.0177131317433454 0.374811204612631 0.257385080598692
0.0159801810993451 0.00682487752666821 0.215213325932166 -0.0805922839686607
0.00632034579495581 -0.000425862725083321 -0.0719047255279259 -0.184948401563669
0.0113029497435185 0.0192765208628207 0.0430987652501841 0.150765543139065
0.00833992841809601 0.00604932422660271 -0.163939689202625 0.0300583814940248
0.0066235903348957 -0.00340049302108313 -0.289148949933094 -0.352988759683999
-0.00840319280274019 -0.0269467656412049 0.179014103234537 -0.588859460192017
0.0335751886410205 -0.0280192057712904 0.810052010187943 -0.107004650660825
0.00578793341896345 0.0312544068925983 0.577552349558881 0.730813625482479
-0.0113404581899517 0.0189980154673898 -0.104412078549044 0.643927323172932
-0.00708647338156497 0.0107060762840753 0.085166522808834 0.0271676596273898
0.0138513553592723 0.0372617552774456 0.078119389125194 -0.651997626960225
0.00271988565946909 0.00687077096397672 -0.690997742727144 -0.616488216361436
-0.01948767043694 -0.0230583467702391 -0.822288274563103 0.325331337177622
-0.0391790150332001 -0.00937233678061465 -0.0295245992499238 0.689669528026804
-0.00611903155320808 0.0204535928688281 0.369486976374822 0.259626228649547
0.0119432185262176 0.00799598802931273 0.216991582054525 -0.0755226993727691
0.00828049349378482 0.00100027923739043 -0.0737734176244823 -0.182485130953589
0.0115088026898621 0.0198815125104057 0.0428094083818679 0.152925455326295
0.00451592350143357 0.0054204673234095 -0.162905166177642 0.0389757220265328
0.00412003630613696 -0.00282301186814102 -0.298997046602114 -0.344215153335152
-0.00431746131324998 -0.0283172253552865 0.152931995170818 -0.599335428666939
0.042743328653521 -0.0330746021915691 0.799599082238548 -0.145546213220298
0.0158087177211589 0.0370540936174601 0.604278516009086 0.704315384476656
-0.0156521898727641 0.0348638298289571 -0.0844831461761335 0.647486593498258
-0.0182286063737868 0.0248260319256266 0.0843442633208952 0.0361074212730084
0.0114947403116426 0.0508578671174179 0.0971757610305982 -0.649663365840409
0.01229861677222 0.0104541229771465 -0.670930775673839 -0.650727735047703
-0.00751256931683011 -0.0286301224865818 -0.846347234029747 0.288857635940119
-0.0334889158577841 -0.0120055712170622 -0.0623959836783194 0.687231751692784
-0.00988106013599586 0.0222866024453854 0.362891188637846 0.270988275106818
0.00629557601680309 0.00850900741607561 0.218767934896053 -0.0652972656732066
0.00763464131772998 0.000637671582341531 -0.0758090054263244 -0.18104279947323
-0.00414190506920288 0.0179969740286392 0.0623669317846188 0.142059251896647
-0.00284726542702711 -0.00158181921362515 -0.156392481737093 0.0651533487476859
-0.0186105109515323 -0.0142565037648162 -0.335326023973827 -0.261639797325114
-0.0252390354582819 -0.0267124645382417 0.0692528795440513 -0.595877795001634
0.0261711067754076 -0.0263931607506761 0.765582510639076 -0.295870965648336
-0.00144187971531313 0.0194068693280809 0.714947107447325 0.576697713120606
-0.0151108483825165 -0.0269113504799574 -0.0258944673356283 0.686467485728287
0.00723869043861256 -0.045028058209339 0.0358757087295493 0.102952473131615
0.00675606833067089 -0.00968744679477115 0.148562896225279 -0.604625623583956
-0.0118298859376597 -0.00276727054582496 -0.560802321727065 -0.7677493798042
-0.0119760056197497 -0.0169399446679039 -0.887716918079484 0.138221696772483
-0.0482390815503267 -0.0186568782866818 -0.150270900632209 0.713067223945267
-0.0354404577851733 0.00307497448216078 0.345673553634421 0.355578292849993
-0.00381951117289403 -0.00156491614713181 0.23334720225443 -0.0345534046151874
-0.00760293917700602 -0.00033772563265475 -0.0541688849517542 -0.194119346812633
-0.00155855852650977 0.0175304727848128 0.0622418934699982 0.140380023067187
0.00175135426529169 0.00014293514237861 -0.159532085160193 0.0524344823266191
-0.0128407002805314 -0.0142627687788045 -0.325091894031458 -0.284060000920715
-0.0264518219680733 -0.0260438411425623 0.103758417771108 -0.592380074196926
0.0183432717839811 -0.0227761699642301 0.78885310920329 -0.240622277648695
-0.00924776841682744 0.0162021939207672 0.67928475404119 0.628521665088902
-0.0109613781569363 -0.0333821958802755 -0.0533862779887035 0.681490861166472
0.0146059868274512 -0.0489503626322861 0.0433152753956832 0.0840325795641881
0.00989336621233549 -0.0136987930651504 0.120760970025861 -0.619982010758522
-0.0171551859441671 -0.0037007738975261 -0.608455594269989 -0.724624800495449
-0.0226526386884141 -0.0140774112294418 -0.866104896945647 0.201662456596846
-0.0515431394044362 -0.013923776873651 -0.104132665508501 0.716905388661884
-0.0283089187262273 0.00502263673230622 0.358097747696307 0.330255078122629
0.00316514536866808 0.0004705129962717 0.229468789328115 -0.0492540894110606
-0.00558091316356837 -0.000437042159780463 -0.0589153655250049 -0.193700584301816
0.000687690041857369 0.0182873123514305 0.0593128582601402 0.141599717130475
0.00532621205014537 0.000961737795926401 -0.162193836580641 0.0411305467147831
-0.00642892514401374 -0.013784302572879 -0.313061067404327 -0.308502128158493
-0.0265363547197981 -0.0247102521131714 0.138849363790117 -0.588863967914656
0.0142103236366479 -0.0202917254923882 0.805776481791198 -0.18345022244253
-0.0130115487300014 0.0151124730405272 0.64111582100732 0.677955418515341
-0.00681725258638894 -0.0342929650813906 -0.0802653653376079 0.671079608833993
0.0180492098609819 -0.0464941562906767 0.0542311043780747 0.0645425028725132
0.0119805588446126 -0.0101498894816326 0.0964317018485598 -0.633108976723688
-0.0199757617764933 -0.00334784070696641 -0.648038003664204 -0.676659186683429
-0.0307247336595224 -0.0124809207523576 -0.841876916371651 0.264245524842662
-0.0527688779835597 -0.0104654661636737 -0.0587121868381101 0.717423602596573
-0.0212121676449088 0.00795977403518302 0.370680515027301 0.30482568687157
0.0102074193388749 0.00187810788237059 0.224643710915705 -0.0643357790032489
-0.00186195637651737 -0.000980581343113435 -0.0614822369650021 -0.193776786496665
0.00375875871195317 0.0177516638269507 0.0557037185477602 0.142127595998626
0.00826713351903348 0.00303692607510854 -0.163604771586624 0.0324981124983879
-0.00136761720274004 -0.0113523352109626 -0.302239820705455 -0.330759334701274
-0.0237938916661288 -0.0246738752905893 0.167225847318682 -0.585097834715041
0.0134154390310214 -0.0199888475456406 0.815595046211654 -0.134738872779468
-0.0126858925264169 0.015453932000905 0.607281327982233 0.714128428847871
-0.00457757892730684 -0.0267841768568289 -0.0986383029269559 0.66205633509801
0.0167263450312072 -0.0381545805079766 0.0654709143442962 0.0461310154384449
0.0141548121336586 -0.00302764012088691 0.0770235621805026 -0.645276080868304
-0.018865497110697 -0.000753432161426509 -0.681224349155097 -0.635645262059705
-0.0344164316007564 -0.0120106007387582 -0.82592333431436 0.312000418620611
-0.0519162544345494 -0.0075999229454586 -0.0261689773242945 0.712685549816846
-0.0131099265577336 0.0107276181310852 0.377255802197155 0.281660179024061
0.0150055761324685 0.00354908158362024 0.220242574702348 -0.0752081045655889
0.000537533018722787 -0.000898881990904201 -0.0663503381373953 -0.190247977474258
0.00723692809644553 0.0187066075712018 0.0505014659672436 0.144817617590636
0.0104086100478804 0.00442026548518748 -0.164136069295457 0.0262199514354667
0.00341191526138099 -0.00863462272303267 -0.294653664598465 -0.347580497872171
-0.0199888048880851 -0.0255601881309214 0.182917692092237 -0.58475949576991
0.0166873715784879 -0.0212749950755922 0.820457740804385 -0.104697373651746
-0.00848097224348123 0.0199127908114596 0.583575019095265 0.737945087368992
-0.00472292845843115 -0.0145403760037987 -0.109746881319927 0.653641529653797
0.0117656386269872 -0.023947137380494 0.0757031396899569 0.0325789109923272
0.0148022007303711 0.00778941503095248 0.0636342682017021 -0.652550434547594
-0.0141021663745798 0.00200202872570522 -0.699884264648258 -0.610285135742945
-0.033817073117716 -0.0139955232201685 -0.814043577899142 0.342292155392995
-0.0486612784166945 -0.00618155294635424 -0.00805954998164212 0.704493968711755
-0.00805695365124657 0.013911401640868 0.379951501215762 0.263899895949798
0.0161018773176311 0.00524291876403558 0.217887569777566 -0.0823796627562061
0.00457681578889132 -0.000485247375616236 -0.0702016629145398 -0.188343446263792
0.0102101528435362 0.0187954351192597 0.0466638978279681 0.147348148837057
0.00937031342057257 0.00501707442929835 -0.165268010792282 0.0268928078761262
0.00586819850410748 -0.00559806388845259 -0.291482754949187 -0.354475900532564
-0.0148323437128863 -0.0249960407916811 0.186338513694546 -0.585794428435402
0.0237191037806263 -0.0246036486238454 0.819570894859359 -0.0973990645960064
-0.00208108196850173 0.0247177658787375 0.574940639861434 0.742381932661509
-0.00702488996406769 0.00210371498931816 -0.108148436323337 0.647294113213856
0.00330986627353723 -0.00763137962737647 0.0826282813677061 0.0251027467688438
0.0160697119001416 0.0221189713678111 0.0638411183052938 -0.655354642098852
-0.0066864452456955 0.00453431540599256 -0.708426984562888 -0.603262092220582
-0.0290459458914764 -0.0181802245728898 -0.814403468104332 0.349226015601821
-0.0442243521585379 -0.00682165497652757 -0.00594567898018033 0.697725694179699
-0.00532697508942716 0.0176707435785401 0.380082594795689 0.2548868066746
0.0154541765667597 0.00783104432155662 0.217371337660605 -0.083261900364796
0.00689334972583641 -0.000244629700738813 -0.0737705929903861 -0.185556644746219
0.0118539992427368 0.0199170002522191 0.0439259664176391 0.151105951937635
0.00798541415914382 0.00537248136993705 -0.163903285168355 0.0312204340991419
0.00610595947591631 -0.00334723520129264 -0.293878443973979 -0.354286967312557
-0.00868071880826901 -0.0264624567760658 0.175625278004362 -0.593663255320054
0.0333548750123644 -0.0282730945655118 0.8133798610906 -0.114732762419982
0.00710417542673659 0.0311179835213666 0.585683035277659 0.73112054209734
-0.0112340921028939 0.0193415501166504 -0.0995234179347547 0.648154802734393
-0.00739219960364173 0.0101848060008917 0.0853964371854287 0.0264758652219922
0.0146552476569854 0.0378016973651009 0.0749823702232167 -0.658324511466807
0.00364842892715261 0.00650435426577684 -0.698905514047903 -0.615894167587679
-0.0199089294803816 -0.022923721435898 -0.82605336694716 0.334864223874199
-0.0388098904576321 -0.00873563195292078 -0.0245544451184081 0.69473427853786
-0.00571565132513942 0.019949777349783 0.375418080915299 0.259385934737817
0.0119131122745334 0.00851359591380117 0.217484321223716 -0.0776633754434183
0.00820221138393185 0.00134209606761227 -0.0765208856309702 -0.183131407886624
0.0125192682505901 0.0194183534148365 0.0436679298121958 0.154059061208198
0.00386987536316422 0.00497442985409564 -0.16328017767414 0.0409831514265436
0.00417850643462969 -0.00241634105186117 -0.303102276022242 -0.344845361360151
-0.00426335370267705 -0.0284662318956961 0.149984125231626 -0.60451966988109
0.0425335082582221 -0.0332232418242559 0.803357948232064 -0.152318963454286
0.0161043966894917 0.037015620984068 0.61283434695069 0.703182659208796
-0.0147044436355613 0.035212538606362 -0.0804341384601708 0.65238414299106
-0.01846846191869 0.0252980405208576 0.0852987697721426 0.0348261520367477
0.0129601771798807 0.050676522735322 0.0926301978113014 -0.653953923374624
0.012847057019763 0.0107828185320973 -0.681405575117638 -0.649105196403908
-0.00777493451568809 -0.0278196716046319 -0.85190711465907 0.299171437286184
-0.0342545773346004 -0.0122237790854798 -0.0546290409904183 0.693745981111678
-0.00952933693149343 0.0231156463415822 0.369743515509713 0.270568217186171
0.00547827984855998 0.00904265446645009 0.221299694696664 -0.0683281380811042
0.00847578878687407 0.00187582392264846 -0.0777852233742736 -0.182108867696405
-0.00336817044558803 0.0182651023940798 0.0635326743785034 0.141794283067831
-0.00280562121675837 -0.00192074789127472 -0.156358496680341 0.0663190035131888
-0.018258175508226 -0.0136281335804244 -0.34019687605426 -0.260366769790598
-0.0250643263880872 -0.0259864346301283 0.0608035798045894 -0.600099942241116
0.0258920976448096 -0.0277130756659968 0.767205199549492 -0.304985273088753
-0.00203307677315016 0.0191511870002537 0.72495366830132 0.574318072773483
-0.0147239161354193 -0.0274321243631613 -0.0194435542704325 0.689416537449395
0.00634818963449967 -0.0464543196760564 0.0366580883326799 0.103490071321838
0.00812271919425771 -0.0100574075357417 0.143214595631282 -0.60997242005222
-0.0113175636566878 -0.00152393254333372 -0.570590651355447 -0.76628735236843
-0.0129361341629389 -0.016738412375726 -0.891155302334536 0.14720472452509
-0.0482706581260931 -0.0177821021030608 -0.143177358603762 0.720164439678269
-0.0357668123053141 0.00402792333679986 0.351639519482429 0.353184426459474
-0.00505850714528492 -0.000775998039549204 0.235227655508824 -0.0371943679230209
-0.00816301136613875 0.000110982213592116 -0.0563986617823356 -0.194525742525286
-0.00109830248597049 0.0179616137517626 0.0637208842038539 0.141239209565455
0.00160416629071704 -0.000370938318329529 -0.158861353988218 0.0546793736857491
-0.0127690727190394 -0.0148210749005204 -0.330187969348725 -0.283018898882655
-0.0266788422446614 -0.0249790239408293 0.098453346718365 -0.596339117883579
0.0185952333672056 -0.0235712031316916 0.790362788523657 -0.248281904028919
-0.0093176475007355 0.0163669365297731 0.68959279045721 0.623671296487918
-0.0108660012558176 -0.0338057885795798 -0.0473125190466662 0.684141510060877
0.0138293214708056 -0.0502696000534973 0.0442943488213635 0.0852650851027433
0.0108737033615224 -0.0140968089766128 0.115200583115384 -0.624347616865585
-0.0175531557890962 -0.00350143783855248 -0.618074954263404 -0.723634394784584
-0.0233412955855855 -0.0130985638794784 -0.870466000497586 0.212490899017677
-0.0515114401672052 -0.0136650460761074 -0.0976199691447143 0.72330335700389
-0.0284134022587906 0.00588694063931041 0.363551890835805 0.329113777520204
0.00354786473192088 0.00118014369758179 0.229667586514915 -0.0526937504901818
-0.00527424863008702 -0.000134434905180347 -0.0604911752813095 -0.19429876831922
0.00158284495913555 0.0193951539500161 0.0601507413455771 0.142078313155414
0.00558683417262141 0.00073246193841124 -0.162046078894788 0.0434726706124373
-0.00663615403222063 -0.014491708556929 -0.318874863415852 -0.309179334881664
-0.0259102731575494 -0.0239584775976205 0.134067434580958 -0.593700569959578
0.014317110155517 -0.0206487149372613 0.806791874701838 -0.193246590341107
-0.0126376257055954 0.0155581347027752 0.651953757959971 0.67373220172862
-0.00642550856923662 -0.033473145625754 -0.0733323540643852 0.676443511128917
0.0175815044194279 -0.0475188969936363 0.0555159691671093 0.0640569086019893
0.0129926242180103 -0.0112708544374553 0.0911227129923067 -0.636894555080459
-0.0196232296962572 -0.0017707151350955 -0.655929723202686 -0.675493208153759
-0.0312775921511949 -0.0111455755738288 -0.844887342398595 0.274765058825302
-0.0533039533850812 -0.00963412964226953 -0.0510022363077235 0.723547143968165
-0.0203258874757999 0.00825315338612962 0.376550400040987 0.302458740638137
0.00953075691870065 0.00254633302594151 0.225574885042072 -0.0676024519240504
-0.00206947071711082 -0.000176374349434268 -0.0634396628344056 -0.193919228390549
0.00419616674597455 0.0187976339940055 0.0565443731079618 0.142520812987587
0.00906295234979947 0.00270434514266664 -0.164254959312714 0.0336348252307978
-0.000964005107816704 -0.0119543526360202 -0.307182534522873 -0.33143209221102
-0.0238721441787656 -0.0245886142837917 0.160344372295685 -0.589103420004587
0.0131868542574385 -0.0211499975107482 0.819255455544535 -0.14304012763905
-0.0124512431667056 0.0158799015091685 0.617938325796354 0.710862538121189
-0.00505374468752021 -0.027509954763679 -0.0945451607530244 0.666564219357298
0.0162015075230593 -0.0383426825051341 0.0659296088166927 0.0456755095019477
0.0147941440864194 -0.00344612403381409 0.0703809254826079 -0.648292284563464
-0.0190497012338851 0.000291086533797162 -0.690363997346833 -0.632933669818865
-0.0346266188230774 -0.0119779133049151 -0.829152575015005 0.322453344656401
-0.0522993478620277 -0.0072848781207845 -0.0188573890630392 0.718116765345906
-0.0135220501234867 0.0114003688772636 0.382503903845855 0.279709235283352
0.0147547943263554 0.00395290214392571 0.220618381291746 -0.0783150147909129
0.000477198171529608 -1.87611380403794E-05 -0.0678058548574509 -0.191227391677307
0.00816132209601806 0.0180140575116484 0.0515177783986856 0.145919564971472
0.0102466401091586 0.00372265485561629 -0.165371706340968 0.0284689358039699
0.00405570179125238 -0.00848269246122841 -0.299566930223808 -0.346593969931041
-0.019305876824804 -0.0246857790814231 0.178940657006036 -0.589976047767473
0.0166354038775764 -0.0223441720760724 0.822074586253568 -0.113652886415953
-0.00867156884871157 0.0190166079343446 0.594098076144905 0.736436526912876
-0.00560528208194667 -0.0155380633301925 -0.104669784017194 0.657666681018628
0.0117211785806818 -0.0247620102064985 0.0764178565928408 0.0319691617761388
0.0161223693293983 0.00768541521988365 0.0592466097195884 -0.656878251112419
-0.0138536927357907 0.00233124014282386 -0.708620682102818 -0.607917409708321
-0.0342907546175499 -0.0133849505052144 -0.815048226028695 0.35416628579816
-0.0489584689469307 -0.00622547197078659 -7.8437714642892E-05 0.71127256085351
-0.00788996321956877 0.0142033553713764 0.385953905735982 0.26155439121008
0.0167062078713787 0.0058144250916154 0.218353655282521 -0.085679455081436
0.0042778043441084 -0.000105661777361714 -0.0715097149856829 -0.18908226174879
0.00962525470351641 0.0192143483333308 0.0481809279513262 0.14835550122708
0.0100503880337392 0.00489609447807947 -0.165889671231322 0.0281667582177855
0.00598337699952389 -0.00590261821488442 -0.295589995508635 -0.354965080158264
-0.014094639452595 -0.0248071193762599 0.181225698470022 -0.591029222114866
0.0237694870941089 -0.0252342690899993 0.821210605081509 -0.103520044755597
-0.00171630617963659 0.0251328037111747 0.583782724304255 0.741347411396459
-0.00702077870660954 0.00191662341825775 -0.103083567813096 0.65411569234678
0.00377182289677441 -0.00773672339681807 0.0836579659453102 0.0247872349144362
0.0166860834122119 0.0221842140834683 0.0595001056177167 -0.659520676721141
-0.00607749274138855 0.0046796149114739 -0.718250901975656 -0.600609219251879
-0.0289441823174382 -0.0176122793886111 -0.816513085653051 0.360176491089693
-0.0442665119687626 -0.00662591868199712 0.000569147674380325 0.702209435704272
-0.00506798190423952 0.0180496119067735 0.384165299845376 0.252918560518385
0.015372083474029 0.00782537351064041 0.216435288767574 -0.0850638614614504
0.00721453417425232 0.000379135083266013 -0.0756583487362911 -0.186411655380147
0.0120378251231564 0.0191411452918155 0.0452247828129897 0.15218861864237
0.007673547645542 0.00531638749413738 -0.165216984698658 0.0327560771839478
0.00590649074764409 -0.0032672299365174 -0.300196871952473 -0.3539999733467
-0.00832928100929691 -0.026741873060123 0.17096803860216 -0.597888374640267
0.0332893810558614 -0.0294501531006555 0.815843139720143 -0.120862370475249
0.00675726964646983 0.031630297949723 0.596264130427045 0.72943094423682
-0.0113869508403306 0.0193149784990426 -0.0936986210828609 0.652091080431712
-0.0066818719443841 0.0100074745367633 0.0868667264260004 0.0258289931342516
0.0164907588371228 0.0372909467140818 0.0688141479387214 -0.662037717983044
0.00394976059924508 0.00791869870681414 -0.707658050055449 -0.61434564293318
-0.0201632090631209 -0.0229373155160605 -0.829582884520903 0.343772617801995
-0.0395260413494327 -0.00909496155078307 -0.0170079253445799 0.700845712775874
-0.0061132923660903 0.0206466647780907 0.380982657614076 0.256714712894463
0.0109562013590871 0.00875330870856833 0.218353934080591 -0.0810097346241459
0.00792779719288294 0.000950321200755696 -0.078502670040252 -0.183121500220423
0.0127857835971365 0.0196235780259899 0.0444261228022849 0.15515997347158
0.00405335282945327 0.00472240948115399 -0.164153399889585 0.0421511928471803
0.00439148425355491 -0.00209530990867438 -0.308735352174145 -0.345126712244346
-0.0041383389938364 -0.02782742627418 0.144170358856753 -0.607786615947724
0.042079193249908 -0.0344017508911762 0.804888305148053 -0.161170584615532
0.016832933865022 0.0375267485607752 0.621937784262986 0.702985935392833
-0.0144471500613173 0.0349937840318404 -0.0742358141804134 0.658251447185134
-0.0185801924697661 0.0250846424815185 0.0865109039184838 0.0349991377571292
0.0136000246561226 0.0507873066126237 0.088790143840383 -0.659030663160061
0.0133124102986387 0.0108991994543775 -0.692175879187029 -0.648372240387143
-0.00789819476567665 -0.0277450035822748 -0.853506184695517 0.306542321062865
-0.0343989157706579 -0.0127537576457398 -0.0476943435595329 0.698213674812114
-0.00996753979888583 0.0229286286868302 0.374696533479342 0.267705789221866
0.00565458564232242 0.0101535102808933 0.221560125389895 -0.0706601013803844
0.00847801155794105 0.00214884125709501 -0.0799520501927177 -0.182860595362502
-0.00336088614598298 0.0185214035089925 0.0650344027843633 0.142481419549644
-0.00275912803128301 -0.00188037175925068 -0.156511601413581 0.0691817275795294
-0.0182504977700741 -0.0142367948347397 -0.344084317744191 -0.258421808874207
-0.0251420047146712 -0.0261731622268968 0.0539902339771077 -0.603314839332565
0.0254349060037822 -0.028604891635357 0.765233917127291 -0.313402774323558
-0.00178081706462688 0.0194972051698344 0.733028608461558 0.56716702894612
-0.0153580245379301 -0.0278563152422703 -0.0117874634884131 0.692620401049938
0.00508873542252363 -0.0466353308164668 0.0380127252338157 0.104524686269098
0.00820363783755367 -0.0104670517302131 0.136135636252634 -0.613573296119558
-0.0116262167493522 -0.00193689307791883 -0.582951494801473 -0.763461956028739
-0.0128580785792264 -0.0159587698756766 -0.894567029182323 0.158061167819049
-0.0484044611231506 -0.0181295104629491 -0.134257408777435 0.724664954505072
-0.0361382788756677 0.0045500615671318 0.359434271669794 0.352053683983235
-0.00464460548401754 -0.000477162547357846 0.236138630837022 -0.0401029195271201
-0.00772627943877749 0.00102796778524214 -0.0587902326068616 -0.194463334627618
-0.00103646741657896 0.0185048798787281 0.0640512030612428 0.14160931766186
0.00222537388101596 -0.000969470363560774 -0.158061056400548 0.0565019587824702
-0.0133052671900176 -0.0149667556940751 -0.334638889134395 -0.280932493444077
-0.0260941714768529 -0.0245619776288799 0.0910528486095098 -0.599985383165506
0.0187511734335779 -0.0242287891930631 0.788588762682086 -0.25798386176621
-0.00932337701399746 0.0167590940749606 0.701045249980476 0.618965396139188
-0.0105104580459105 -0.0341865660562406 -0.0399149425092669 0.688549218192946
0.013069993586243 -0.0509716598824314 0.0462543792851305 0.0844168205285527
0.0119557971426275 -0.0137995341830138 0.111603681050624 -0.626959327877567
-0.0176512865690176 -0.00191682446439477 -0.627733366194204 -0.720018772836447
-0.0237498959863184 -0.0140107494136069 -0.871930032836876 0.224973897078848
-0.0529339065502883 -0.0133556396105033 -0.0874803271236708 0.728312952988935
-0.0284359186832762 0.00573543647651604 0.370354140211784 0.326185773553504
0.00322146373440485 0.0011996508198634 0.231145422034344 -0.0561591056885479
-0.0052373320097493 0.00118124940275107 -0.0629725498587278 -0.194895066392241
0.00232567519329102 0.0186044421913189 0.0614020188938898 0.142291767166975
0.00543814825946312 0.000804433522866856 -0.162196896503273 0.0442936732265083
-0.00655279094353868 -0.0140563787519286 -0.323902457848864 -0.307461511115424
-0.0259100092693805 -0.0246142786224745 0.125680127504662 -0.59930931735526
0.0133986896804775 -0.0222230085940115 0.808440664788358 -0.203809308463018
-0.0131175491519704 0.015643232623439 0.660465494878728 0.669508849261768
-0.0071852220043407 -0.0338847671543457 -0.0685737817007158 0.681157489391231
0.0170282062885489 -0.0479682493134247 0.0563457199068703 0.0643514813040732
0.0134420169822272 -0.011548863142954 0.0841999886957856 -0.641495995059495
-0.019296267578627 -0.00171129777320509 -0.669861716954622 -0.672699866250567
-0.0315076643471946 -0.0109642996884772 -0.847099791262604 0.285701055936814
-0.0532638748053722 -0.00966174267498586 -0.042136149186976 0.727719078876775
-0.0209341780880404 0.00803075436833531 0.382425456219104 0.300581718780714
0.0100451497826539 0.00297349298683985 0.226596251385342 -0.0714004807062521
-0.00234368373306343 0.000974548164630798 -0.0651193393687441 -0.194523801141371
0.00514882787767545 0.0187388143508225 0.0576928855559109 0.143073376061699
0.00899102038787913 0.00188065655160804 -0.163620974097183 0.0356365516344866
-0.00108386834940172 -0.0122151010400529 -0.312119277821446 -0.330353327167264
-0.0235081042739206 -0.0238352863708859 0.154624908341493 -0.593519801468218
0.0128203453437829 -0.0214920497147972 0.821943449108317 -0.153739843314252
-0.0125974728844535 0.0169370653762786 0.628374010079573 0.705841774801798
-0.00470324267735285 -0.0282674270301902 -0.0865580894807946 0.670735627326342
0.01577260768452 -0.0396484032134979 0.0671571595335499 0.045081568141649
0.014605826087221 -0.0039206436859035 0.0659717868746668 -0.650381900261781
-0.0185540363620318 0.000566075774383466 -0.703112946983547 -0.630692838168457
-0.0357447759807559 -0.0107311242376155 -0.828416100573589 0.334515354453997
-0.0528118398075806 -0.00683866871801989 -0.00932436363676785 0.723488184776251
-0.013019026258986 0.011342751460427 0.389146196744447 0.276064453531472
0.0145755040067431 0.00448018866699085 0.220714601403181 -0.0819818115182326
0.000936983667231137 0.000120221465565817 -0.0703188086246514 -0.191103394998109
0.00847039717166457 0.0189215846651775 0.052829023319064 0.145873418047144
0.00979996835381219 0.00329630277291871 -0.165047497108709 0.0298448919703251
0.00419492760351409 -0.00874938730581975 -0.307232896056664 -0.345286238244046
-0.0191622686617317 -0.0242031891296269 0.173231265486744 -0.592904545784483
0.0161463129166326 -0.0227555509202203 0.825665035995408 -0.123464871590051
-0.00894959663440814 0.0193498738241585 0.604343404668509 0.731082994262027
-0.00505114371711798 -0.015099416189755 -0.0976387630742545 0.663462155588603
0.0112565059935822 -0.0250087979058472 0.0771645667178603 0.0308671027965007
0.0163275716602642 0.00864446687686904 0.0530357500674161 -0.659459268605276
-0.0133088836971408 0.00237031285551706 -0.720520227760966 -0.602718772749023
-0.0347832173469845 -0.0127316721246976 -0.815782906194507 0.364740555882183
-0.0484446591964945 -0.00563526879432049 0.0105406547373293 0.71410938217464
-0.00768956122226478 0.014634563518614 0.391740608465594 0.25868667407906
0.0158027671755041 0.00697873216953103 0.218189802727447 -0.0881684074407077
0.00396280227869622 -0.000222986723377972 -0.074538629356739 -0.188815065629628
0.0110621426118907 0.0189513094033477 0.0498444772371608 0.149183228649801
0.00964018135120866 0.00411798429081899 -0.165307348117356 0.0296420991786795
0.00646433198876201 -0.00635273402698364 -0.301463747466281 -0.35365051233528
-0.0136225082209073 -0.0253105732474156 0.175078712420919 -0.594474017038508
0.0234834964183615 -0.0255161554070488 0.822854403374623 -0.114914522172841
-0.00160765428630796 0.0253602396899122 0.594723819433074 0.736825316849097
-0.00709382630346367 0.00125165639286375 -0.0965948484316741 0.65725922391757
0.00294699122160136 -0.00816356180311599 0.0840418028520052 0.0240159685172073
0.0178344390149276 0.022106640866649 0.0529565650281256 -0.663242874429163
-0.00616376866587532 0.00501767782620247 -0.726856435160156 -0.59587136776556
-0.0301446644705201 -0.0163171082027307 -0.816448478426035 0.371174190794112
-0.0455400364465606 -0.00623118468068222 0.00905383568107478 0.706984210393987
-0.00476225568417653 0.017766852223722 0.391109829474203 0.249344578866775
0.0153223337468746 0.00789165182178087 0.216775075704098 -0.0884812129716772
0.00676758315487248 0.00113008047248889 -0.0783186694131795 -0.186166059123579
0.0132511084895433 0.0193522016478034 0.0468274593601297 0.152120968177365
0.00794295426709013 0.00471697172408521 -0.165072181945593 0.0356036266514559
0.00667391024344125 -0.00418535238033998 -0.305590751564885 -0.351628505624619
-0.00770206680781606 -0.0265794187392918 0.163139703834566 -0.602406487849715
0.0326169260170729 -0.0303470863587405 0.818313764165044 -0.130680524022291
0.00658734911158971 0.0322422940330921 0.606397587566675 0.725907508802154
-0.0111379714190078 0.0186263791067613 -0.0882615807459797 0.657399742070357
-0.00763916743777446 0.00960582739220426 0.0872154118946809 0.0244754022281039
0.0173326615863518 0.0363544092282717 0.0632724642793743 -0.66514361754318
0.0038806312930626 0.00781034344049823 -0.719297614206432 -0.60990869013674
-0.0208280888083806 -0.0224138107091254 -0.829534627609786 0.355905721886731
-0.039650021228256 -0.00844673536351531 -0.00714732739270527 0.703238234805145
-0.00549767188204749 0.0208609821340082 0.387619340947298 0.252715835587815
0.0116779057231429 0.00957186975946772 0.218491065013523 -0.0833205383941295
0.00861423377159694 0.00159479666187686 -0.0804893134969182 -0.183280383304476
0.0139041393580651 0.0202392509858177 0.0464564088715768 0.15554578742489
0.00440348458437899 0.00417544335346822 -0.163657960641085 0.0442333449432765
0.00422707340285475 -0.00226715897045965 -0.315826135157872 -0.341367011394807
-0.00389683871075938 -0.0283614440615452 0.136558438876207 -0.613511271518411
0.042152583816086 -0.035675658362217 0.807997443770804 -0.16827859190383
0.016654091160425 0.0377541477524125 0.63271372427342 0.69782367560305
-0.014098805789168 0.0344554502541689 -0.0672569008084412 0.661717396532092
-0.0182859171733766 0.0253932721595927 0.0870298372331562 0.0343185767295854
0.0150997344865916 0.0508780767124337 0.0817810235921457 -0.66180910988437
0.013956946661744 0.0115704029602641 -0.700162724714369 -0.643512140896229
-0.00804030871636019 -0.0281628589295668 -0.854219573835853 0.319293482355013
-0.0343512715558636 -0.0119741257275279 -0.0392818031473836 0.703776948785375
-0.00937157200044658 0.0225889099632953 0.381993705383222 0.265634375423144
0.00536183251009216 0.0105787201286419 0.221893655724965 -0.0737235661453718
0.00875182689277107 0.00243407257679498 -0.0817814013667722 -0.182110632504569
-0.00291117726586015 0.0195199290143083 0.0666027937726832 0.142431565162385
-0.00314935801675852 -0.00292112598494142 -0.155427210746555 0.0701574740527696
-0.0194090163507666 -0.0143467784696697 -0.349406057268774 -0.25591763860025
-0.0247224045479274 -0.0258814594470438 0.0465745464752147 -0.605283130101068
0.0245139483609303 -0.0290992559664346 0.763247040704658 -0.324761235175847
-0.00127114588753393 0.0197083236083137 0.742012470056533 0.559152244429176
-0.0154206705370652 -0.0282748885661472 -0.00441405099940231 0.695839127117794
0.0052160349428918 -0.0469745079392778 0.0389614176114564 0.1036615684303
0.0085658172336494 -0.0105833787418947 0.129462483227188 -0.617275012555418
-0.0113124814925866 -0.00078344205694976 -0.59241699819034 -0.761191494471424
-0.0132191602240279 -0.0158701628190739 -0.896577207352002 0.171019097795636
-0.0493810653354925 -0.0171183401420146 -0.124815446026874 0.728330643776299
-0.0358670958097842 0.00430044658201651 0.365511696088932 0.348188330399048
-0.00581878290992354 0.000509602920778479 0.236281822708539 -0.043502148818011
-0.00753172067876908 0.00104966661476316 -0.0607970193734032 -0.194105661434513
-0.000441263074613895 0.0188545940621301 0.0658732798688429 0.141774398516749
0.00167292111720986 -0.000718776164126908 -0.158394340833661 0.0586649736818685
-0.0134802757360107 -0.015164858698351 -0.339719118462225 -0.278331724921642
-0.0263879472155114 -0.0252166619349426 0.083652684435383 -0.603573943004731
0.0177848503809703 -0.0241250882728038 0.787308461189362 -0.267485800916382
-0.00866199973368492 0.0170338597732461 0.708636349486237 0.612252658478887
-0.01165053275934 -0.0345812989838012 -0.0324383244661715 0.690131335635266
0.012806566848757 -0.0510747191800903 0.0474820413788416 0.0847030475631275
0.0116638265678494 -0.0141935210823957 0.103089677417697 -0.630874119447749
-0.0177221312456057 -0.0016964915585758 -0.640015812050604 -0.715360910249737
-0.0235637291880218 -0.0127302259864113 -0.872993730475179 0.236201766797412
-0.0526268491892488 -0.0133839814185782 -0.079617157062523 0.732684113077941
-0.0291890585758179 0.00660746263829373 0.378036668658926 0.323484239362539
0.00309772555997345 0.00224141601384934 0.230940775669205 -0.0590961890771228
-0.00542410536117231 0.00107764992591861 -0.0651452175496312 -0.194856822600615
0.00294989451708337 0.0190239675520213 0.0628100191641786 0.142298447676694
0.00548267838321313 0.000600361307534245 -0.161601805311373 0.0462427282033127
-0.00683569221275354 -0.0144811966775931 -0.328784282155275 -0.304387570383851
-0.0259068213730526 -0.0235699047818366 0.118016406902809 -0.59810318788239
0.0133669764330644 -0.0221874420551583 0.806324194852271 -0.212626401439716
-0.0128264002511183 0.0160862860910769 0.671728356730388 0.661407032991986
-0.00733138536356391 -0.0346499683962377 -0.0594877757476301 0.682454928753586
0.0166426861318455 -0.0487180838852466 0.0573545151407712 0.0631925305395652
0.0146339080043104 -0.0129441784844606 0.0774334059001723 -0.644403122042169
-0.019483438655734 -0.000324192389296596 -0.680235786729092 -0.666843645444494
-0.0317426242096382 -0.0102764062608703 -0.846962264093137 0.299062636061916
-0.0542566560649823 -0.00881331837473115 -0.0326559234862806 0.730621685369299
-0.0207663255430978 0.0088854116715141 0.389026750499408 0.295442289732962
0.0097835179128021 0.0029544146313148 0.226490764849111 -0.0734838130237539
-0.00209090215349036 0.000573159194523732 -0.068309727239689 -0.194210283764638
0.00524833589825165 0.0185761858407339 0.0585165198194859 0.143391948942804
0.00864174079558195 0.00122273215738248 -0.16301214321937 0.0373602432982023
-0.0010173974815619 -0.0123233655838932 -0.318544080603674 -0.328175024640808
-0.0233399051078971 -0.0236430666532075 0.147054053107912 -0.597193113720782
0.0125706271220226 -0.021702692595687 0.820799913597498 -0.163684723716476
-0.0125962051367096 0.0167506865878128 0.638379028354066 0.69905128159884
-0.00483893790361752 -0.0284456317247543 -0.0796155245290557 0.67410070963076
0.0158702246370791 -0.0400015869707786 0.0677966376935066 0.0443581297219251
0.0163316644309449 -0.00459960992749551 0.05639482975195 -0.655434806606917
-0.0182546211482988 0.00111269562786958 -0.711409653036888 -0.624884464466224
-0.0355006959901845 -0.010087833018353 -0.827937929226646 0.344592419458167
-0.0525968644201454 -0.00615462194559581 0.00245231120932595 0.724005318034952
-0.0134454016080688 0.0115234367863513 0.393897608004996 0.272054507274403
0.0143373971245775 0.00475678043090679 0.221317803735024 -0.0846355356231001
0.000948098425000732 0.000733482429934214 -0.0724667543128987 -0.191488689599351
0.00948408005276463 0.0192000673221805 0.0543211035246283 0.146219127491751
0.00974851808109965 0.00267144487564322 -0.164900858816265 0.0321057963466643
0.00385357386151421 -0.00961760653547286 -0.312025957050773 -0.343342765504468
-0.0188870248201866 -0.0238950163516434 0.16412983326752 -0.596911808216225
0.0158700572902884 -0.0232944953017792 0.8256848268403 -0.133791290276524
-0.00826173520074531 0.02068711441457 0.614945195553653 0.726159746542632
-0.00477124051050343 -0.0154528367548967 -0.0899904342314297 0.664673666781388
0.0110497678732104 -0.0261280127925063 0.0776010585939963 0.0302813673792868
0.0178707004090939 0.00758976298470694 0.0464842258851163 -0.662178103565166
-0.0133508958901331 0.00383207792153018 -0.729196821026321 -0.596843092248069
-0.0351844778164883 -0.0121014050313679 -0.815486476456306 0.376743190234813
-0.0497007826327454 -0.0051492825160353 0.0209589667947318 0.716801551916928
-0.00672925202750631 0.0149606232470101 0.396652551491793 0.253555767308147
0.0163000046718009 0.00675050273822061 0.218066680722831 -0.0918177589973929
0.00404963767154983 0.00133035377437079 -0.0767131107164512 -0.188574548389506
0.0125267791691829 0.019634454725543 0.050444640704838 0.148879942908136
0.00970691360951863 0.00369112415275563 -0.165045907283309 0.0321241157664469
0.0058936365481371 -0.00643829159552466 -0.308381698348947 -0.352201951641587
-0.013398810854744 -0.0246008783730116 0.167221222203037 -0.596697335155368
0.0227079121443273 -0.0260565112493789 0.825819360517423 -0.122231572902811
-0.00103602986375795 0.0263598053346069 0.605362264960164 0.732150428616549
-0.00792115686211712 0.000840986345819868 -0.0897859212346831 0.661033328991071
0.00305770574855801 -0.00838474335745973 0.084485594616444 0.0226540276450917
0.0182171370208803 0.0211168271319317 0.0461180696275035 -0.66702510910059
-0.00551929483863656 0.00611751733443634 -0.737798117636306 -0.59044801333925
-0.0291210554951326 -0.0157207604378495 -0.815496843924898 0.382731554171505
-0.0449272111207333 -0.00559062368766607 0.0206785402144022 0.708618250089347
-0.00566451498606096 0.018166650032681 0.39608123398531 0.246631346192564
0.0153768926948963 0.00828487757348521 0.216712994796801 -0.0917030221782588
0.00715600578221911 0.00129830052839591 -0.0806683706193296 -0.187012807916346
0.0142409153240153 0.0198505517498951 0.0479020776677343 0.15330996156513
0.00738007661201797 0.00378033414161421 -0.164895994211817 0.0364935820850614
0.00670632910919464 -0.0046440376401616 -0.312313106481713 -0.350675060210391
-0.0082569610792614 -0.0264565211682076 0.1560447997665 -0.606776688522111
0.031780774568263 -0.0311756931726113 0.818617799077967 -0.139973961137433
0.00712417584013951 0.0324671599164038 0.61751120037793 0.721476418574159
-0.0101111856071524 0.0192632338786491 -0.0789782900725088 0.658345568706988
-0.00731677560198953 0.00946891068226671 0.0878029054592674 0.0236615721552431
0.0183178963715674 0.0358905049207232 0.0561167792997932 -0.667736070435894
0.00410770771220062 0.00931249338655513 -0.727158029378691 -0.602892213835224
-0.0208291021554743 -0.0211366237371183 -0.827950684192766 0.367347204459985
-0.0402492113622779 -0.00802345925868631 0.00204252016684827 0.705314551522024
-0.00481969987855727 0.0208865647197949 0.392311347188761 0.24775865432934
0.0114583531575054 0.010175814847299 0.217789689051724 -0.087088678258175
0.00898900491927154 0.00252769921108303 -0.0828781578107581 -0.183362165431759
0.0146176913293843 0.0193372288675099 0.0476486503869125 0.155948643026058
0.00385900333317016 0.00426787387277529 -0.163640390274805 0.0449544138392751
0.00367168811370451 -0.00270077169119873 -0.320717868646774 -0.339896437283325
-0.00291847077521045 -0.0281764787016105 0.130711743553553 -0.616473256710201
0.0413241456677342 -0.0366514321060433 0.807183971896921 -0.179886893356926
0.0174601048580115 0.0375562129121003 0.642943306774914 0.69070784305556
-0.0139161421667525 0.0348316509076765 -0.0593445999203334 0.664722362151366
-0.0176041860133217 0.0251098545276871 0.0876405744348226 0.0332228172233819
0.0160649504335212 0.0496403100551126 0.074336580032011 -0.664844945498314
0.014769905465097 0.0117447683689955 -0.710527959623301 -0.638700994658636
-0.00807650073553964 -0.0271166571848792 -0.853926910249763 0.331030047412559
-0.0342533452257152 -0.0122232905066798 -0.028517199121544 0.706580581634588
-0.00961164532653326 0.0234583729565699 0.386706822090969 0.261646745746608
0.00631048606613571 0.0108458303755992 0.221413178539802 -0.0777866153271021
0.00885996143317683 0.00235439733128082 -0.0846698426675225 -0.181635910115014
-0.00177896074099783 0.0190098871667906 0.0679683919190082 0.142806865594205
-0.00316581269550747 -0.00266701883521171 -0.154218359244421 0.0722262722381035
-0.0189597254242927 -0.0139938407174525 -0.35416621130425 -0.251204409605324
-0.0245658790831594 -0.024666056074545 0.0370346718048807 -0.606319408813708
0.0248467787562902 -0.0302386722958384 0.759922699950075 -0.334998907183739
-0.00112737215414948 0.0195123174235605 0.751663596219697 0.547837013037517
-0.0155798567518948 -0.0281262569588687 0.00623161658595425 0.697026438481356
0.0042331712846964 -0.0475016204579086 0.0409828128116384 0.103713932357073
0.00907825778270701 -0.0114040342144019 0.122660805960833 -0.619477159547813
-0.0121471634784844 0.000266965856529616 -0.606010141640183 -0.75488032239565
-0.0124140917824342 -0.0146953495470137 -0.896252657022798 0.183371963995277
-0.0492417693940707 -0.0163312680616486 -0.113857195182726 0.733102690198069
-0.0359576256768936 0.00553915692442199 0.37231224082199 0.343628518912172
-0.0050051360350474 0.000822218601316788 0.235593583358007 -0.0469173548956643
-0.00799549016389706 0.00206969956925202 -0.062485380096874 -0.193599417141701
0.000836142411605893 0.018919978343864 0.0677597954166393 0.141659559102228
0.00120239739686344 -0.00162964733611771 -0.156989412396306 0.0599680772653764
-0.0132151613021313 -0.0147716205173434 -0.34348931763457 -0.275083344343864
-0.0260757236800181 -0.0238661554864568 0.0747561248211849 -0.604677587968925
0.0177435656249375 -0.0252645976631985 0.785662760691096 -0.278622304071633
-0.00892333820841675 0.0171936616595085 0.716686831804611 0.602878339733015
-0.0118052234953352 -0.0347601036389859 -0.0235017087301478 0.689811802460135
0.0116529049228954 -0.0514984307794895 0.0479040117841028 0.0838324001476955
0.0130033669925033 -0.0159929330876984 0.0959884943312509 -0.632880637426272
-0.0172624104250288 -0.00104000968690523 -0.652050162864748 -0.706370324657989
-0.0240673377879211 -0.0118618192494795 -0.872969941397473 0.249141796038513
-0.0528171046796344 -0.0122107090160456 -0.066785398492949 0.734781911169874
-0.0288069084684138 0.00669277584087437 0.381991745229303 0.318396517900223
0.00282423331843596 0.00216419421805319 0.230676602747693 -0.0630311148743217
-0.00501227095994346 0.00168639803477359 -0.067183152640373 -0.194729806436192
0.0038374348222109 0.019524920874183 0.0641350101199819 0.142850494971303
0.00583492772291642 -0.000919195074769343 -0.160587771152671 0.048264720000915
-0.00736078421795695 -0.0147108247197828 -0.334250939595128 -0.301786313234474
-0.0248333250583428 -0.0236026349551234 0.109394532113956 -0.603187743888606
0.013089526108114 -0.0227282029922815 0.804569472154762 -0.22381284948231
-0.0128609939484385 0.0155986814011477 0.678965680796371 0.653225172761377
-0.00779258354508987 -0.0345436003383771 -0.0483012697702614 0.68441497855507
0.0158765825992927 -0.0492924495361441 0.0588098912156053 0.0632524959994717
0.0145209548443709 -0.0131866502917981 0.0701728977823809 -0.646513832115776
-0.0194834135833394 -0.000953562434322798 -0.689658150382544 -0.659289894218784
-0.0318138926189737 -0.0100254194376156 -0.845482124035693 0.311223186545522
-0.053406521500468 -0.00891943963417078 -0.0214536762178898 0.731136075392888
-0.0210072893124591 0.00870643652589431 0.393183644901897 0.290848423390817
0.00949417104670943 0.00358893064008844 0.225390368326426 -0.0780469161756651
-0.00242643168547814 0.00151205437715835 -0.0704159942870095 -0.192996728558913
0.00597052983634105 0.0190485219543802 0.0601626209036188 0.143501483658135
0.00811202372618075 0.00149124793497488 -0.163600355706951 0.0389612079225564
-0.00115654730182057 -0.0130121212848753 -0.323380188239231 -0.323917256380784
-0.0226625052629998 -0.022861069572338 0.13812189773769 -0.598462626718697
0.0118556390581453 -0.0220003047210601 0.819009079110186 -0.174881763022869
-0.0128618046537192 0.0168253870502513 0.647381904303084 0.693849499096721
-0.00527496105804026 -0.0287283968403631 -0.0697993397695672 0.676394932936825
0.0148924019497214 -0.0406669695491174 0.0690911689508075 0.0435131824612504
0.0163789126753583 -0.00510162221856471 0.0515047632811014 -0.656492140347027
-0.0180660331735235 0.00293199743363436 -0.72108329139018 -0.615281132878268
-0.0358467770656753 -0.00930241486422946 -0.826246463089241 0.359097597104504
-0.0531699315612635 -0.00592995683856188 0.0120946426085256 0.726641520177263
-0.01361893964049 0.0118832152604964 0.399819074224477 0.26627068625419
0.0144833898869813 0.00511241397665726 0.22037896857225 -0.087974107616033
0.000932111728313914 0.000101861727257564 -0.0752665709037471 -0.19063235314303
0.00970815706900398 0.0198329101672994 0.0559413754246168 0.146284700015863
0.0098624965493615 0.00244075199926768 -0.163916512878415 0.0339784501101682
0.00331308107348351 -0.010661608194449 -0.318069668519723 -0.340739747209573
-0.019034040318365 -0.0237289121847406 0.156019385301454 -0.598835207576713
0.0157567120950088 -0.0242876285648645 0.826027015212055 -0.142787903755319
-0.00807423034173966 0.0204942430009239 0.623937069311464 0.71912289272371
-0.00485978896329468 -0.0154075670009755 -0.0812870110703319 0.666635126537279
0.010509093016102 -0.0267251279187647 0.0785020564146464 0.0295977285704482
0.0181057534742778 0.00598003588080373 0.0385886882374437 -0.662496679245594
-0.0132395322232185 0.00437558996678589 -0.738595106606713 -0.587199018708774
-0.0342091142561213 -0.0112314121793097 -0.812650647170931 0.388791682963037
-0.049844948843343 -0.00415381977022893 0.0296859330052094 0.717256002189605
-0.00774931317542625 0.0153973200259902 0.403561745812582 0.248979816470795
0.0171045527143852 0.00737934633790246 0.216488743961492 -0.094692673236193
0.00439541507858513 0.00172240019692466 -0.078907879863985 -0.187939670618036
0.0130131881927613 0.0203414835614658 0.0523759097621783 0.149533991785495
0.00911249068324208 0.00339910431229861 -0.164709913486664 0.0339212390645208
0.00706841350580217 -0.00731627768337533 -0.313211843047879 -0.349588982427567
-0.0128246427263025 -0.0245417300065585 0.159577620487972 -0.59964436147048
0.0226226650267781 -0.0271465015185401 0.824065446861205 -0.13630932751754
-0.00104812117325963 0.026245156756182 0.616484812825987 0.7247627831836
-0.00701062514070122 -5.40545802255165E-05 -0.0806631621345728 0.662051907484102
0.0026911064679515 -0.00938276646768829 0.0844863279208759 0.0218023456170652
0.0188900797904003 0.0199392367451216 0.0367033961374114 -0.664629154877473
-0.0044048602997473 0.00672746090871785 -0.745372325574893 -0.582451804174361
-0.0298292474220504 -0.0152754055579633 -0.814104546549541 0.394683820779425
-0.0452021859302227 -0.00546750117491481 0.0302273598671458 0.709069427548143
-0.00442774997054987 0.0184338250357072 0.402463152907749 0.240074205073111
0.0156822833455712 0.00847523387845014 0.215635146975812 -0.094693137308658
0.00735103947322803 0.00133838430672364 -0.0826131798306199 -0.186030139528384
0.0148140574340575 0.0194908691203529 0.0499558014631214 0.153081154763595
0.00741111809489496 0.00410277724669198 -0.164252997976004 0.0380395688214254
0.00678682715733467 -0.0049388114619387 -0.316226553669825 -0.348441685690837
-0.00769617908795157 -0.0261251112582362 0.146552415677446 -0.609449275451044
0.0314264974666003 -0.031553573828382 0.815854167488539 -0.151322352532675
0.0074999441230349 0.0325736480967825 0.628311569905961 0.712704364254736
-0.00999241872720238 0.0187217670814933 -0.0704621233961046 0.661133498211486
-0.00716363287164512 0.00873132454762929 0.088861687159407 0.022667939555403
0.0193017554972112 0.0352470718908415 0.0477683429087066 -0.668602733294112
0.00536878664732111 0.00889062807896383 -0.737550965939471 -0.596512914031992
-0.0206971996377623 -0.0206714827930484 -0.825806367105714 0.378019569457707
-0.040380976019422 -0.00871462715689563 0.0125984266270247 0.708499595021695
-0.00551689431932796 0.0206283040168381 0.396778343962307 0.243441130701988
0.0120290021448223 0.0104841641256297 0.2172331752197 -0.090452771944158
0.00919509536116079 0.00173878984246817 -0.0855215498428005 -0.182782414195057
0.0156987152446146 0.0201357017183614 0.049907030230266 0.154871883275782
0.00331158779058074 0.00336240315510694 -0.162351627392512 0.0483300401547208
0.00401476857928201 -0.00302590959541638 -0.327787728585077 -0.336942594852917
-0.00309966242899203 -0.0280197783636681 0.119952760448739 -0.61773576627373
0.0403573876294409 -0.0372678395448696 0.805863833377293 -0.191098828132582
0.017979214262794 0.0376047514576279 0.652126468213313 0.683086821891812
-0.0131585662689696 0.034392241723226 -0.0522660148888187 0.665814569995503
-0.0181352191440789 0.0249733757896696 0.0879050342861989 0.0317247608181216
0.0174526825711814 0.0488686672380736 0.0673221550094777 -0.666338298669323
0.0155873494783292 0.0121972790631591 -0.721322224069172 -0.629901637120297
-0.00936618362879751 -0.0264208965493299 -0.851196967851873 0.344300290082958
-0.0352647958011603 -0.0111601753410981 -0.0180207347976688 0.707854355388103
-0.00931223014451346 0.0230285791942536 0.391156668868511 0.256887687150859
0.00579746119999217 0.0110813860395409 0.221419078767563 -0.080338757534071
0.00878615835445207 0.00302921001530493 -0.0872575731860421 -0.181431537279967
-0.00173935596941186 0.0193497934021819 0.0690915445792253 0.142189988431895
-0.0036793521945072 -0.00282416426682913 -0.152631461137803 0.0741210267664679
-0.0187825076619399 -0.0142834176769867 -0.357638581645185 -0.246979433580789
-0.0242671136403394 -0.0239910775193117 0.0276770070892331 -0.604210781738853
0.0238906727742427 -0.0308057059563578 0.754327779257998 -0.344211881910423
-0.000756878972629351 0.0199029744292042 0.756594412603292 0.537346237923083
-0.0152779607333961 -0.0278825215511217 0.0141232481834582 0.696065494530968
0.00420161387342011 -0.0480406067191633 0.0426892443380683 0.102718773623553
0.00998992650498616 -0.012134425724266 0.113750506657528 -0.620169495461783
-0.0110121233127448 0.000933606414341023 -0.614847114544938 -0.746946415014015
-0.0132793633681303 -0.014953751604029 -0.894492464601575 0.196185961674881
-0.0488406688662654 -0.0163711416855892 -0.103901945226621 0.735098556761246
-0.0364524884375886 0.00585604272043248 0.377671497829022 0.339543270669419
-0.00493709462468864 0.000562943635636855 0.235167710864159 -0.0509459785057054
-0.00800888305139621 0.00258510428780474 -0.0655647402430396 -0.192672228133503
0.0017770704129589 0.0193407682922791 0.0687564069162046 0.139883384881026
0.00128738078884747 -0.00225290989004208 -0.156510860765312 0.0621432519707026
-0.0136205621943391 -0.0153742978139302 -0.348017848437307 -0.271427903190238
-0.0254931206440886 -0.023606643331636 0.0647193630621744 -0.604225860509601
0.0167607145642696 -0.0255959563976398 0.779880778937843 -0.286628030573362
-0.00855865739842503 0.0175402521150801 0.723787494861339 0.592720915276861
-0.0114728280801697 -0.0351199532625355 -0.0135307954265649 0.691909811849442
0.0116478440324975 -0.0529006139322984 0.049511396241972 0.0839062033499863
0.0124332829967634 -0.0156944210461751 0.087774335190876 -0.633400191515691
-0.0166976881621881 -0.000249488459918401 -0.659054134130709 -0.696988295428187
-0.0244202226287761 -0.0122121118272938 -0.869622282531787 0.259994848631845
-0.053201277314483 -0.0121695686222561 -0.0560843129428834 0.735201355561323
-0.028608830061515 0.0076606301588299 0.388405508138472 0.313113876480406
0.00282905985208939 0.00276451288371618 0.229466520399176 -0.0653513396403648
-0.00505316380209936 0.00227351076331937 -0.0691793554056733 -0.193804114520557
0.00406117277936085 0.0188802034471311 0.0652813270403873 0.142319426472413
0.00555385385429866 3.07858075570969E-05 -0.159557655502388 0.0495877241504482
-0.00694277641918522 -0.0149720593438988 -0.338955094063077 -0.296832385537367
-0.0250843873855849 -0.0227602944050009 0.100836569198879 -0.601939669420165
0.0125692697582096 -0.0231184411724242 0.802442750882286 -0.234481740136815
-0.0124587237715617 0.0167027429906397 0.687458027570188 0.643610746612246
-0.0077304908416429 -0.0361763700701857 -0.0404746487578461 0.684272862996725
0.0148395391177539 -0.0500859620343581 0.0595067662372456 0.0625792182246109
0.0157443187541085 -0.013794723858545 0.0625813143871854 -0.646192236608892
-0.0189798447333058 0.0010662213477939 -0.696815645767884 -0.648404924140857
-0.0313843975651197 -0.00935863101951051 -0.841416078800398 0.322849676283736
-0.0550475291087485 -0.00796631883858822 -0.00935466810890444 0.732176332185016
-0.0205358733857936 0.00932114418569043 0.398210356673691 0.284847608107122
0.0102589284061583 0.00369312648730508 0.223723668570363 -0.080914463841038
-0.00155745954156769 0.00148310173097043 -0.0733691379794509 -0.192139888197579
0.0072246436312764 0.0193702507494627 0.062267745640578 0.142700375544927
0.00863290270003036 0.000319913027615772 -0.16150653018516 0.0409551748826753
-0.00128516932703046 -0.0130212593396424 -0.328698289596781 -0.320780987541577
-0.0230356328172227 -0.0229463872419795 0.128750048864007 -0.59985752501259
0.011689756646744 -0.0227681884737063 0.816539335821658 -0.184095167804499
-0.011949885583038 0.0178666755325824 0.655987323865338 0.683828899479597
-0.00466504131969733 -0.0289480238010188 -0.0602952368404345 0.675782079928548
0.0143324777810068 -0.0416503615365921 0.0694001122464442 0.0427220541678587
0.0171271121171478 -0.00580466612602929 0.0416270593892083 -0.65509601269245
-0.0182899436948914 0.00286018022202972 -0.729773775786678 -0.604920511429474
-0.0353522289738295 -0.00845128109298625 -0.820453522183578 0.369354233897995
-0.0534047149221942 -0.00539631962360019 0.0239063802035756 0.725993763586328
-0.012808466104144 0.0120143462151851 0.40468415717213 0.261139899663745
0.0148489553703326 0.00512811351882203 0.21891271614275 -0.0913079212222134
0.00124397322110954 0.00149239843707088 -0.0772677066459357 -0.189462069658732
0.0107230404457551 0.0195018487799691 0.0576179766975693 0.145973762026453
0.00923903396165779 0.00181359460758699 -0.16349927460008 0.0362910447712233
0.00374040193351702 -0.0103015371091626 -0.322725568888851 -0.337455413791096
-0.0187980665955366 -0.0228352950285 0.146992195668843 -0.600394294468315
0.0146372661012451 -0.0243592630026051 0.821599137917203 -0.154013825427639
-0.00832103523548622 0.0206822092400057 0.631307630040436 0.707329952638131
-0.00463459583699492 -0.0156706210534427 -0.0716671330268233 0.666950341708544
0.0102493473650951 -0.0266917515437453 0.0789487939017394 0.0277971530765126
0.0187810482741173 0.00561662758958406 0.0292510336617967 -0.663889707282804
-0.0126708716072164 0.00489825039156849 -0.747049652246361 -0.578685513404988
-0.0347109775497026 -0.0108618888955184 -0.805370162646701 0.40108672888867
-0.0493866442640958 -0.00447038470675054 0.0415123010480989 0.717092877210779
-0.00720753535952733 0.0153744730959894 0.406281404640957 0.242674901466228
0.0166821662253818 0.00659141373491373 0.214850549257371 -0.0987002842329092
0.00495917002844925 0.00138838274406754 -0.0812031462920936 -0.187226619554941
0.0135861718355457 0.0197054719418917 0.0540655533227111 0.148684177143745
0.00871761602038688 0.003439008234978 -0.164180881208843 0.0354094925512055
0.00699655484503768 -0.00790697598744859 -0.318074353380406 -0.344550313912624
-0.0132954809357672 -0.0250301524575281 0.151333638649518 -0.601122258872893
0.0214091667640923 -0.0277540211901441 0.821518614017984 -0.145170141101069
-0.000397298828338798 0.0265508380374127 0.623940344006441 0.715207903756122
-0.00662339626350027 0.000768477226134011 -0.0714656290749329 0.663146015957637
0.00216199841447646 -0.00955920822538232 0.0858852711714574 0.0213240856804964
0.0201572531352161 0.0199458235622465 0.0284364651001229 -0.666622220008042
-0.00459748631154902 0.00721562261175702 -0.753114996146274 -0.571873836382538
-0.0297084581305537 -0.0148309515682598 -0.807030942215138 0.405667670711995
-0.0447758608102147 -0.00482779631164521 0.0429750598549558 0.707997669720905
-0.00483926169490791 0.0185934970188398 0.405127528525842 0.234770060349906
0.0150516903671455 0.00954138748747347 0.214197630813568 -0.0981637396916058
0.00681040592402395 0.00196488117367577 -0.0863709636028808 -0.183947615830387
0.0161871068413968 0.0192654918694445 0.0511213912472239 0.152420611555873
0.00648616298367267 0.00336640407647668 -0.163592639314468 0.0405754563368941
0.00677659468073753 -0.00482309330277344 -0.324429193099204 -0.344732341951063
-0.00730327208141367 -0.0262340378048095 0.137756579512334 -0.609592817103097
0.0304171630590943 -0.031735764994409 0.81462873036967 -0.162109030523024
0.00817242406140581 0.0324578481962325 0.635215050782616 0.704186438921489
-0.00936523928137359 0.0188919763197483 -0.0606634266940177 0.661945788543477
-0.00701753752200767 0.00850839626639451 0.0887498296357354 0.0214422985945274
0.0205971014685276 0.0348287691643633 0.0394256979345368 -0.669240085395978
0.00529840213128839 0.00951449480070771 -0.746473133620704 -0.585621172633388
-0.0212918030869785 -0.0200756541549666 -0.820204718418981 0.390116445594889
-0.0404383424022162 -0.00841895283633246 0.0235568972929857 0.708046074398527
-0.00525410498859456 0.0216907318660117 0.402346373121736 0.237543291535822
0.0121907536105721 0.0106863016394005 0.215819365188954 -0.093621786794872
0.00898176213237217 0.00218828321446742 -0.0874267815792452 -0.181991836542192
0.0164495013249124 0.0201230926831524 0.0511825039649076 0.155186002931436
0.00298015776647402 0.00294315638986714 -0.161137819587174 0.049781748740024
0.0040524555666339 -0.00369373752716678 -0.333608262900201 -0.333994819953667
-0.00280091502484658 -0.0284676300369283 0.111441885833501 -0.61797692173811
0.0395634536069017 -0.0379241487591645 0.801836221448148 -0.200857520080657
0.0191676785560987 0.0382670024529465 0.661833636914009 0.673639675772303
-0.0123662691280438 0.0344796405470827 -0.0418657908029251 0.665738577994019
-0.0176215568030872 0.0248171441458786 0.0887256235516293 0.0304852399414911
0.0175765511438178 0.0486376277425827 0.0577495123371438 -0.666495222024152
0.0159035306311709 0.0129511182263891 -0.729639834988026 -0.620439912871087
-0.00893299950651707 -0.0266901279171626 -0.846962826553651 0.35844526177744
-0.0362323610065587 -0.0113196159055565 -0.00692284699859795 0.708559854819797
-0.00857370190397595 0.0239338193779414 0.395655389603495 0.250678205881493
0.00635464499389318 0.0112737724959353 0.220105688375167 -0.0838008661105227
0.0092588271735723 0.00315635253427344 -0.0894097172322882 -0.180501831553924
-0.000400272298613653 0.0195137550952446 0.0706811027933646 0.140898393911633
-0.00402487605332079 -0.00334332749546419 -0.15064732463467 0.0749676564053656
-0.018987276625907 -0.0142286319602957 -0.361573939330173 -0.242210320599955
-0.0242689238851307 -0.0243048045734504 0.0185960748373202 -0.602449837392639
0.0229710410979171 -0.0310564751675803 0.746816503324595 -0.354470590678947
1.11168895823317E-05 0.0200591523302132 0.761733078095284 0.524739707785886
-0.0156104249313811 -0.0283270396706411 0.0255727083378857 0.692124850649919
0.00307626490059297 -0.0483352172970049 0.0441666620109781 0.101659948547498
0.0109185537867464 -0.0127342468356069 0.10599613991978 -0.619530957736396
-0.0104380489562128 0.00119222891195811 -0.622415022102974 -0.737179349353609
-0.0123448159015155 -0.0148283321047732 -0.891377311878971 0.209154056730251
-0.0489891443709444 -0.016096735630297 -0.0914710383394246 0.735176411782139
-0.0364890978525182 0.00690246619304689 0.381567063689916 0.333018735471755
-0.00452994068996928 0.00107677911082051 0.234317670714646 -0.0548800090636155
-0.00747161187065943 0.00331506625299176 -0.0675238562879004 -0.191159758730217
0.00239328194309641 0.0197249305283787 0.0699139100474481 0.139982243687177
0.000542212130931178 -0.00207185414826454 -0.154063005962595 0.0624858731841204
-0.0136932787949265 -0.0152404188743561 -0.351394687462067 -0.266748100528491
-0.0252920611410453 -0.0234978990808824 0.0576876224167106 -0.60318554076407
0.0163152034609683 -0.0259068907491543 0.774947194293798 -0.299251066018285
-0.00868416241977397 0.0173824674265379 0.7299848922068 0.58102909750401
-0.0128158526381175 -0.0350830725783658 -0.0036722296746142 0.690596526234222
0.0111166748188158 -0.0537489303008301 0.0505357481541839 0.0825453497209236
0.0132809871735361 -0.0167652241122175 0.0798692159342551 -0.631675769610527
-0.0169500471726524 -6.03652041888531E-05 -0.667605397808346 -0.687973811830652
-0.0235418610580257 -0.0114143027956925 -0.864047578415125 0.271874905942812
-0.0534622898004143 -0.0113360314814478 -0.0441402475375592 0.733588945188703
-0.028349907920778 0.00769882516752636 0.392758028941119 0.307164144180956
0.00323609781499417 0.00274272343000821 0.228268890473896 -0.0694622417211937
-0.00465706066020899 0.00170495465873899 -0.0711735295857957 -0.192235586441725
0.00509365550126739 0.0193565801600529 0.0665461613748023 0.140918255942832
0.00485711550539608 -0.00130785779861029 -0.15743794627894 0.0519343717926769
-0.00705338577095927 -0.0152718746232439 -0.343961477619521 -0.292102482971014
-0.0244481354382711 -0.022061893280724 0.0917239297297179 -0.599794779968987
0.0111465938185505 -0.0238137010225504 0.794644299056417 -0.244266028588391
-0.0119281543159702 0.0172612923817342 0.691909177428238 0.633001267155649
-0.00785854198909733 -0.0354427494058243 -0.0299740826960917 0.682739412105688
0.0142171569211355 -0.0504873569769877 0.0596165849187296 0.0610477354695386
0.0147625893702184 -0.0137188909014435 0.0553758721444624 -0.644819815155927
-0.0181414984155123 0.00196899793290341 -0.706589853795961 -0.638164083377481
-0.0315274788743745 -0.00819732675230739 -0.834927018702956 0.335609482010494
-0.0544722595207315 -0.00745517348100802 0.0012595429968 0.730976466354442
-0.0198781314912248 0.00970695418774266 0.402358299118378 0.279148617532009
0.00983063352688933 0.00418928105367295 0.222056071498895 -0.0843736444219657
-0.00226154174356477 0.00225604777867093 -0.0745946958859158 -0.190537623912191
0.00765809047957562 0.0189296900728575 0.0634592583730394 0.142239648870263
0.00724075827911572 0.00111750094969784 -0.160490216777444 0.0423722757106757
-0.00131940913101263 -0.0128225809906099 -0.332110174268228 -0.315190262330047
-0.0218649974897124 -0.0220296849229108 0.121224770787812 -0.599750457934048
0.0110477413497271 -0.0233617066257506 0.810972761156723 -0.195629511126174
-0.0115560985119058 0.0174294020976054 0.662861020425972 0.671679050753125
-0.00540599878642649 -0.0287142004888241 -0.0499571893403296 0.674531780300669
0.0145743853879133 -0.0411912585044693 0.0700946990866399 0.0415319048747061
0.0177182373327677 -0.00692048889287683 0.0332350176994006 -0.654574663005638
-0.0168188329155044 0.00327386534630322 -0.736545965843232 -0.59582568182323
-0.0350824573030312 -0.00834833952751935 -0.814232753492801 0.379957898397106
-0.0528021384996964 -0.00507379714386875 0.0346552402323067 0.724247448771112
-0.0133715614311191 0.0128760600058244 0.409644577968598 0.255195398082737
0.0149792498963782 0.00566349628193949 0.216685419552318 -0.0945146293437695
0.000452763951821849 0.00168042205900298 -0.0791338387179758 -0.188939742115022
0.0120065380063978 0.0189538728305542 0.0586083864936326 0.145563912968608
0.0088062405033304 0.00147589640655463 -0.161708044739551 0.0370752685129148
0.00410925510577482 -0.0107810564648344 -0.328006128389405 -0.332606319367425
-0.0176155782684771 -0.0236225130252118 0.138449686723642 -0.601109012314322
0.0139073985760663 -0.0245846718248301 0.817636152187951 -0.164277761660548
-0.00777618803864159 0.021350905469207 0.640215182973552 0.698875995935407
-0.00466692580359829 -0.0160122052110714 -0.0625618334439042 0.66674567500785
0.00920452774729709 -0.0278264235750176 0.0797599599692959 0.0269457986659825
0.0199660378649966 0.00436292341904813 0.0211102613183924 -0.661477047914017
-0.012075755982886 0.00616973395226955 -0.752082717066072 -0.566507786483
-0.0346564210940388 -0.0101595069108268 -0.800544079319781 0.410949020684721
-0.0507031142366565 -0.00399577919965349 0.0527571254285856 0.715647632204308
-0.00703132852849852 0.0150760429979273 0.410696168383709 0.237056714182312
0.0173276753685454 0.00759769153653892 0.21308543754284 -0.100949307511983
0.00519848181194247 0.00214653402761322 -0.0835832236835848 -0.185571400002923
0.0147336645632276 0.0194798852456414 0.0549976497071297 0.147920008905365
0.00862474983657921 0.00265726708440747 -0.162348244812999 0.0377419035583398
0.00695725233402285 -0.00836495284023137 -0.325407466053284 -0.34057421212263
-0.0128608970555549 -0.0241013669008122 0.141767538496871 -0.602529385835547
0.0202484345644745 -0.0279379904774739 0.818468904943278 -0.15555754184552
-0.000414188441978779 0.0267504450028557 0.631528735909236 0.704613354436855
-0.00653243010812666 0.000306035298683248 -0.0617051459158574 0.662651502628521
0.0025128548752371 -0.0103211745118392 0.0855652226016538 0.0200491288277658
0.0206099185969487 0.0185438155944861 0.019362857922143 -0.665659998021857
-0.00411448430261772 0.00760978074141084 -0.760956943541656 -0.559036315468456
-0.0297939961921782 -0.0141400765361586 -0.799896224043027 0.417692251779101
-0.0452356506485792 -0.00436153916834006 0.0533064024970662 0.707297192466634
-0.00400416261188546 0.0184900735204924 0.407491476118363 0.228403119226151
0.0158321322119471 0.0094109842274191 0.212794829485992 -0.100903670959305
0.00738473335119381 0.00159786802977515 -0.0861117210828079 -0.182932854845905
0.0163514510360248 0.0188578913843683 0.0527874729980702 0.15147525385343
0.00608414142996206 0.00317021636976636 -0.161849974705105 0.0418505244732878
0.00650557948630746 -0.00519936299930037 -0.328971948838316 -0.339153688413491
-0.00719702438059164 -0.0261550046622331 0.128552837359819 -0.60882057049948
0.0296590391335375 -0.0326211218123559 0.80955243547806 -0.172046523542241
0.00869186014183788 0.0327091227496248 0.642634954161219 0.692475295246596
-0.00948571435620283 0.0176944233050783 -0.0528406352704685 0.659895861343954
-0.00767237569858922 0.00799901720227323 0.0889085496862884 0.0202821208913762
0.0212756772056652 0.0335520470582377 0.0305659512224094 -0.666998372081749
0.00613592665197189 0.00980279548827843 -0.751613918748191 -0.574306691069288
-0.0213703492757706 -0.0200771923530255 -0.81310956927011 0.403548467510223
-0.0400839051961952 -0.00711491977238761 0.0338991281904482 0.704678485388492
-0.00503605523939171 0.0214507098151516 0.404701103934902 0.230994168208791
0.0118011252602059 0.0112916350939858 0.214575900973839 -0.0968577967078256
0.00992820867144004 0.00200509458952768 -0.0897586096128066 -0.180392509502179
0.0169630119172984 0.0194030563673712 0.0531762869337315 0.154529200339029
0.00286577583195381 0.00282813739326683 -0.160395022160149 0.0505854467883944
0.00412551328028232 -0.0040891744782747 -0.337335380901889 -0.328025748115696
-0.00268454453434304 -0.0277805064441977 0.101700323598321 -0.617270991374929
0.0383351066471299 -0.0385186192713604 0.797341870616187 -0.211452045492658
0.0189631974408239 0.0378268432317401 0.668391784191138 0.661561967406308
-0.0120735558458211 0.0339450082530995 -0.0341862987868263 0.66305995717367
-0.0173935959276869 0.0241450046450387 0.0887705450324701 0.029781029297631
0.0202619999591124 0.0472522565016768 0.0481080762481338 -0.667218401546174
0.0165124307538452 0.012804311949072 -0.736861675604954 -0.607806846925677
-0.00943309034052334 -0.0263090596398363 -0.840696724440083 0.368385620499763
-0.036685262580306 -0.0112149921010903 0.00350350972700111 0.706142914366067
-0.00848838866839048 0.0237930041174135 0.400433160174807 0.244793006698745
0.00603468904211954 0.0113068104226872 0.218212412693611 -0.0870213717091639
0.00954973940903333 0.00282474542759516 -0.0914460668047822 -0.178735424218467
0.000372411626119461 0.0194400945340668 0.0715905719453137 0.140812802064649
-0.00393883691236404 -0.00369914655700902 -0.147763711895819 0.0760344492768479
-0.0187768090773178 -0.0139572774470081 -0.363675068324775 -0.23675052914007
-0.0231327257727829 -0.023405292604007 0.00823419538105143 -0.600339779051979
0.021910347800473 -0.0316401709546059 0.737331259016149 -0.361280837023043
-0.000559687615450234 0.0198522489838348 0.764599807785169 0.512683529160773
-0.0168971509434605 -0.028279102364583 0.0320509253142532 0.690519490056464
0.00221243552274664 -0.0485309589702707 0.044841943162217 0.100641061277349
0.0104366899740276 -0.0138279900465335 0.0977486754604618 -0.617067125051347
-0.0101466078114865 0.00224288231803631 -0.630487688097343 -0.724110930447641
-0.0125971537881942 -0.0135311838510519 -0.883914272670057 0.220347144608695
-0.0501994200928493 -0.0155529070883259 -0.0797909335620989 0.733312350724437
-0.0358500414739561 0.00712224416388245 0.385329595498455 0.324215626097713
-0.00486251262124312 0.00189745425734025 0.232894062446847 -0.0574493157027334
-0.00746904052626402 0.00284867187587244 -0.0695093548893668 -0.189889979016085
0.00300081326264744 0.0191727341955705 0.0716008939770116 0.13870041716563
0.000844671051891287 -0.00313505118979823 -0.15140356007819 0.0639484130693376
-0.0136260567362151 -0.0153926770905526 -0.354556069812469 -0.2609697674507
-0.0244446349555362 -0.0222930191505374 0.0458171654044591 -0.600911782142807
0.0153208515328627 -0.026375328971681 0.76454085729763 -0.306549414995181
-0.0080982205085523 0.0180242435739611 0.733725194601618 0.566769605419874
-0.0130603168017701 -0.035537019043326 0.00485297461132206 0.68419800053329
0.00957622356329598 -0.0527614362532855 0.0512262729025832 0.0813901947157276
0.013780724919408 -0.017090965366239 0.071273728835901 -0.630864304501839
-0.0150956415431189 0.000761274689930869 -0.673002421169104 -0.677602910468262
-0.0236159410752006 -0.0105951670751865 -0.857946415568585 0.283048743685062
-0.0533334051807494 -0.0112105674992385 -0.0334438056549336 0.732865261687926
-0.0289480224619622 0.00818474338126718 0.397096851251157 0.299987711665429
0.0035691947254262 0.00265528647969764 0.226422202525807 -0.0719901947786006
-0.00549461239391205 0.00256651622767682 -0.0734743870204718 -0.190235686642013
0.00569259781568346 0.0194027124646552 0.0675383353692082 0.140005624576084
0.00441859371808551 -0.00131747721797508 -0.156404949208522 0.0532968681357468
-0.00694404052221115 -0.0156126586279119 -0.346951233289714 -0.286863353880261
-0.0248532993231027 -0.0228368459362508 0.0819444776845323 -0.597843416939492
0.0110517034001793 -0.0239643036582239 0.787358747573158 -0.252065201534208
-0.0115714524539642 0.0171194770718574 0.699072510098854 0.620456911640022
-0.00840818849957106 -0.0354862339563746 -0.0220765055220448 0.679745333993234
0.0136035756376186 -0.050570027323986 0.0606564105241153 0.0593313939947562
0.0155781134707521 -0.0147051918527914 0.0471987662575558 -0.641223276687489
-0.0169588150363092 0.00211160914045502 -0.709771369288244 -0.627232743886708
-0.0312362501714705 -0.0076732932795713 -0.827821440014143 0.345455520797074
-0.0540033824701517 -0.00640740286129621 0.0117639597559214 0.728737999208339
-0.0196485725373215 0.0101924871430253 0.405053871405332 0.271311751737121
0.0102290893167787 0.00327465982745544 0.220181504251472 -0.0873507570546346
-0.00163825983161832 0.00248484050578047 -0.0772930164808991 -0.188980578368273
0.00884398905136643 0.0195196627253666 0.0639963916690055 0.141099247550046
0.00769230787844099 -0.000935808413097088 -0.158825986527928 0.0443371824994645
-0.00156982717130043 -0.0133725847084401 -0.336276901919771 -0.310266965104889
-0.0219123476311687 -0.0218821631187604 0.110285969069046 -0.595586696276233
0.0102331422656471 -0.0233000149802077 0.80303973592806 -0.203542526747666
-0.0106956917712178 0.0178975931833558 0.669421527131383 0.660910329272874
-0.00543910855179108 -0.0292150438479514 -0.0411932050725973 0.671712524349803
0.0132031544284545 -0.0420042041449515 0.0704753287247296 0.041050317591893
0.0178250796703784 -0.00735577260019861 0.0244231780956865 -0.650978778841917
-0.015437557338991 0.0048018738743653 -0.739736008106653 -0.583150500140954
-0.034835555583898 -0.00742838647497157 -0.80510637890823 0.390293259398449
-0.0528977422504577 -0.00385461678491275 0.0450731692646483 0.719908040272561
-0.0124479968086308 0.012461456771957 0.409276253469828 0.247755868326625
0.0150624203949199 0.00625223333600411 0.214967852719128 -0.097630460454531
0.000792556177705862 0.00157281479247832 -0.0819669984478715 -0.18662406185012
0.0124422710917484 0.0190399843451005 0.0596304905539557 0.143821264989119
0.00872875403950548 0.000794679419606045 -0.160230524417197 0.0382671883006188
0.00325512312358345 -0.0109046979436577 -0.330095766496687 -0.32748012327643
-0.0176021262214584 -0.0227440762821892 0.128030710817928 -0.598727715845039
0.0131059311231398 -0.0251514343713188 0.810799644808302 -0.174057890812455
-0.00734994186813108 0.0206391320174548 0.647917148821825 0.68799762743463
-0.00492159242217936 -0.0168646284021101 -0.0533101134328869 0.665219538020243
0.00919489036299918 -0.0275202560972088 0.0792273820797136 0.026350936062629
0.0198524548567503 0.00381114834761369 0.013282918639101 -0.658807301610298
-0.0114874011425076 0.00644809728985594 -0.756298530478171 -0.553954552798619
-0.0347060290655434 -0.00903564327805914 -0.789962747947742 0.421088318592496
-0.049351544566392 -0.00334344896611321 0.0633516400431289 0.709575087275206
-0.00671241073795263 0.0152811160718285 0.412280654103028 0.228779910400289
0.0166780313761041 0.0075793876930614 0.211377107172832 -0.103402740355935
0.00480878198166116 0.00198466836544922 -0.0855078550927246 -0.183973222458002
0.0156690031993435 0.0192874938716723 0.0560385858569913 0.147001689152268
0.00807591939866531 0.00209902441821008 -0.161669487302752 0.0382798325307269
0.00619760442361132 -0.00856694149889217 -0.327414998485715 -0.334786969517699
-0.0120839844592608 -0.0243815265696605 0.131615811154474 -0.600640794737563
0.0194240936254476 -0.0281920254016093 0.810142590832031 -0.165237417305788
0.000114252935548098 0.0265389958689699 0.638118680464151 0.691263434645204
-0.00626373081958566 -4.50435915103492E-05 -0.0529901450851315 0.659434699145566
0.00213932270915532 -0.00979598244583504 0.0851183876493487 0.0184169091511926
0.0215192335916577 0.0174620752883974 0.0117503055839962 -0.661954792445177
-0.00272255392256483 0.00794549750495086 -0.763934772677409 -0.549763407233919
-0.0289815758730022 -0.0137734609617866 -0.791520179160453 0.427338675016547
-0.0447000309265958 -0.00391197158220753 0.0627814291686649 0.703234382718717
-0.00440757100223797 0.0183248010734104 0.409878033317716 0.221236148410442
0.0156699418051133 0.00922779943913952 0.209579239778403 -0.102837021379936
0.00817375542491737 0.00181212378088752 -0.0892081518776337 -0.181053418162846
0.0172796578204738 0.0186899689433918 0.0546296992341306 0.150194707990564
0.00623456585057556 0.00286085036082619 -0.160996489754875 0.0432090927323409
0.00690785269938868 -0.00579888636209316 -0.331995483424794 -0.333909691945053
-0.00665569639235208 -0.0267747350577273 0.120583155711419 -0.608608335741078
0.0283306224701341 -0.0328576350084879 0.803128544843453 -0.181555213406785
0.0090311038506633 0.0325064753016455 0.648037971335187 0.681245278793098
-0.00919767989613826 0.0179984658129831 -0.044292663992885 0.658635101636532
-0.00665471727212021 0.00837700671113241 0.0889843221102245 0.0198733958066922
0.0224262061090584 0.032211470108253 0.0216483257227145 -0.663987493055979
0.00729493996549208 0.0109247494355792 -0.755070871111597 -0.560716438625734
-0.0210224918439359 -0.0192609194424651 -0.80559979624608 0.412073540966673
-0.0409167079301383 -0.00668809531287045 0.0454414607086853 0.701356720479486
-0.00485004814768034 0.0215546854238077 0.406874820401109 0.225489913611706
0.012374694304298 0.0108027604838331 0.21210243445429 -0.0990973963780137
0.00905506578927159 0.00236094268449133 -0.0912098001915183 -0.17822994933918
0.0174342358659854 0.0185811240326379 0.0542297071209318 0.154228114791941
0.00167324070397744 0.00257041500084347 -0.158729296604487 0.0521336626019915
0.00376783679128637 -0.00476961686329927 -0.341247471833954 -0.323866791013089
-0.00215626365698353 -0.0285636426948505 0.0936647927149996 -0.614860114030217
0.0371302964904707 -0.0387280060619837 0.790872417485318 -0.219418529947912
0.0198377922127215 0.0371021040135265 0.674377283901834 0.649678425426713
-0.0114512557185342 0.0335311159121422 -0.0256826524078292 0.659870543977393
-0.0176962901779281 0.0240049590391259 0.0888296359581376 0.0277844595171059
0.0202602764261772 0.0456379528439171 0.0410310887906527 -0.664646008820876
0.0171715300177974 0.0130703583746038 -0.739436251827382 -0.597954425650279
-0.00946064267665881 -0.0258357046203369 -0.832173237413274 0.378329897648275
-0.036523298433636 -0.0105711981915359 0.0144744563051824 0.704302443332102
-0.00786380073571622 0.023585594025701 0.402041304389495 0.238597347400628
0.00668467755250711 0.0118934844239407 0.215691011743595 -0.0890329642320647
0.010149090191791 0.0029456974106411 -0.0931013718906264 -0.176754046280683
0.00109984333639274 0.0197627233614252 0.0730302388164288 0.138913650481745
-0.00386388008678232 -0.00385262577342532 -0.146824651302396 0.0763697792206195
-0.0183828468842622 -0.0142269918812722 -0.364941399413112 -0.23193814526623
-0.0228427892059975 -0.0233798795512707 0.00111779920978966 -0.594155496252375
0.0215741292567517 -0.0314592872147773 0.727303095416432 -0.367829444981876
-0.00020064261780023 0.0198552691897281 0.764451392910805 0.50161754546615
-0.0167276365296142 -0.028597301650525 0.0412064711189011 0.684671797122517
0.00218169619623254 -0.0486215901487803 0.0451717704382717 0.0997959687009633
0.0105076706607964 -0.0137854923643555 0.0908343637049836 -0.614228924367828
-0.00948787859159895 0.00217423113226536 -0.635818576703537 -0.713403206476039
-0.0128865788842554 -0.0137216070807726 -0.874913739628047 0.23023722078516
-0.0501235299888543 -0.0151914188964994 -0.0717731967624159 0.730331771683076
-0.0358238215159726 0.00737002753671788 0.387942732846363 0.317823767607323
-0.00473694796014875 0.00174330850928831 0.230271542355509 -0.0606365535931548
-0.00637938705779767 0.00339107086533035 -0.0709195177348284 -0.188295584155491
0.00370568832536275 0.0188752261611897 0.072240973523713 0.137624730429602
0.000966173191568874 -0.00344076347147456 -0.149596235799538 0.0651205146850756
-0.0134123815889469 -0.0155579031396298 -0.355878317806978 -0.254924927510122
-0.0240936515687292 -0.0227342066763011 0.0385276992083772 -0.594760030232113
0.0140883884450155 -0.027358767074702 0.757091036149346 -0.313990936212734
-0.00776390847441447 0.0187903869805217 0.734976134010151 0.556185006301136
-0.0128168384062285 -0.0350723134850462 0.0133809514436311 0.680843662265852
0.00861163773974035 -0.0528636983205795 0.0515733276766195 0.0797482254850499
0.0137952434152652 -0.0172368764232111 0.0645856329552838 -0.62603437716901
-0.0153012139042727 0.00120138617926394 -0.678636570358168 -0.66517189229347
-0.0236284015813355 -0.0102918476592508 -0.848580686340004 0.292439464347615
-0.0530581574045975 -0.0102275680439103 -0.0238733384926795 0.728920109615787
-0.0279900902468753 0.00821072826044827 0.396680281713013 0.29164089682135
0.00334443641192419 0.00329025743095225 0.224168995441967 -0.0746791123899786
-0.003950275043291 0.00234628785667975 -0.0752399466940888 -0.188714652838601
0.00652015651131864 0.0195359595763191 0.0688084163894048 0.138974914997232
0.00400949223718282 -0.00160048729438807 -0.153402407054964 0.054369564986679
-0.00720862289679387 -0.0151955863965426 -0.347821030559063 -0.280767119142528
-0.0237887639442448 -0.0220042409993881 0.0735120498541498 -0.594844733370336
0.0101121250778047 -0.0239501575981891 0.780048411053545 -0.260768033623166
-0.0110725729804275 0.0173060231428748 0.702949353576709 0.60762575799977
-0.00916916591551291 -0.0353253739822678 -0.0136252501332341 0.674724062861351
0.0125826784549478 -0.0513005648162055 0.0612177788469097 0.0587820776104471
0.0156479821787958 -0.0164993518619226 0.0388250239467773 -0.6374801575183
-0.0169708244604807 0.00279480427762986 -0.715572028862416 -0.613836127636854
-0.031695280849302 -0.00762993450459232 -0.819210841438523 0.354289771774221
-0.0540956575085568 -0.00557457664675233 0.0217512158637988 0.724143609126688
-0.0197902852818304 0.0100139040825195 0.407768730429166 0.265423050534492
0.00965984883490377 0.00415657533340127 0.217387976193924 -0.0891394182756733
-0.00105461112802929 0.00229377779874267 -0.0788532212765113 -0.187170300057516
0.00947053867300538 0.0187488846236597 0.06542814789956 0.139418169147098
0.00692296530327253 -0.000511976237276504 -0.155886715961123 0.045762987075846
-0.00108524714977494 -0.0140321217832635 -0.340642171105492 -0.304531280338481
-0.0211876135241672 -0.0212433699644827 0.102855128256698 -0.594834775851151
0.00885645022117032 -0.0233773387927478 0.79516373891056 -0.213894260956078
-0.0102704352131062 0.0180218338445486 0.672801407098447 0.64666450793951
-0.00590760136640399 -0.0292611723066475 -0.0334535360273305 0.668552938375853
0.0124498726186161 -0.0421856808030104 0.0702930451166738 0.0396493394677249
0.0179305179848032 -0.0082832598202975 0.0178762714764096 -0.64897872922934
-0.0159617352375179 0.0049897683592419 -0.742288018574497 -0.569502572134463
-0.0348259994422731 -0.00626296641108071 -0.794937589177524 0.398596718373183
-0.0537255195999203 -0.0032843054708919 0.0549255906082462 0.715805151997887
-0.0123442515103878 0.0122731796765573 0.410648809428435 0.241164164607294
0.0151920018397052 0.00509028548380677 0.211660196594779 -0.0984024874839329
0.0014296163651637 0.00222319442307011 -0.083411353370316 -0.184848718595564
0.0136783935239288 0.0193694240019901 0.0605178489629416 0.142788390162472
0.00836888125435779 0.000747798525088878 -0.159050191677524 0.0400098269808987
0.00366821907806716 -0.0119751498052078 -0.333694277930686 -0.321879633775522
-0.0178106214666943 -0.0228684812421106 0.119415006596782 -0.596420234529341
0.0115385889868809 -0.0251482407229941 0.80378872850448 -0.180713926109493
-0.0064737355734054 0.0216577569443456 0.649329071037602 0.674618153307526
-0.00518052696558166 -0.0174245329538657 -0.0467067864472257 0.659792659528059
0.00866861877456428 -0.0280928933889295 0.0788868909051048 0.0250309888366093
0.0207718141663953 0.00297465110829535 0.00618866134102412 -0.654963940361652
-0.0106771749378448 0.00682709435624426 -0.75874240834386 -0.543600241631762
-0.0336123014818873 -0.00839507392479488 -0.782874298266947 0.42949822786508
-0.0493473245077814 -0.00244972823638127 0.072492730181876 0.704724852818378
-0.00679389032969533 0.0152204241340911 0.413303636996722 0.222766638990705
0.0166255955816386 0.00709988333813388 0.207763250482174 -0.105616709594459
0.00420112357501068 0.00213521088065385 -0.0876678929955244 -0.181649342832986
0.0160698005125132 0.0182776685914444 0.0583347256541124 0.145665186909006
0.00695803847597422 0.00203148948023089 -0.159677240786222 0.0401740141232133
0.00650180928991795 -0.00901141028576133 -0.331745278163483 -0.329086663397112
-0.0123108323366206 -0.0241816835437033 0.123627905797661 -0.596861454125629
0.0187920488891731 -0.0283414616434228 0.804008797689791 -0.174428612753366
0.000281547247472182 0.0264986991295359 0.643329965953143 0.681050043544131
-0.00611322162079428 -0.000476670745517018 -0.0447015991609404 0.655853833881657
0.00201063848196904 -0.0103594221393506 0.0854612041984332 0.0167490338059745
0.0221444862644596 0.0171735059368878 0.00515378935845282 -0.657258844827121
-0.0037652821506271 0.00815803266420528 -0.765761392203961 -0.536475038441181
-0.0292890327056154 -0.0131666740204721 -0.780620618843562 0.435801033663517
-0.0464019748844705 -0.00425315866790437 0.0726828852298852 0.698433305653128
-0.00482079671695396 0.018069974521804 0.411415211364037 0.214669610417181
0.0159111441745834 0.00861828460468178 0.207642894092791 -0.105416580662732
0.00810119117756154 0.0019694072985207 -0.090529057000228 -0.178616088921099
0.0180260612628187 0.018353783287634 0.055487994509479 0.149621716156294
0.00492853590578125 0.001708498334476 -0.159167519027723 0.0444116693880333
0.00641553165872923 -0.00779723312187852 -0.335905051682025 -0.329081145997837
-0.00638739615347605 -0.0260278914880008 0.112296056068423 -0.605498228845192
0.0270731247756068 -0.0336810766674027 0.796653304773304 -0.190492965075888
0.0105693906380251 0.0323240279898479 0.652545473827854 0.668819881129214
-0.00921261771475577 0.0168766989516493 -0.036544886284097 0.65390026547215
-0.0076605410509628 0.00725102878001806 0.08805835127705 0.0173911076453898
0.0227299797031985 0.0314304298517756 0.0148331493132443 -0.660598125145729
0.00692642992535188 0.0102823252817717 -0.757230157488351 -0.551069269027784
-0.0204992370968753 -0.0189535278984929 -0.796402014862264 0.420500175458387
-0.0408264963861139 -0.00669924434397677 0.0545920378935898 0.696334906316525
-0.00470993468226184 0.0214100278052489 0.408929424943119 0.219114831556052
0.0125525043019239 0.0113496596080585 0.208999038786179 -0.100640846850527
0.0100885232854007 0.0030039641771355 -0.0931544214474934 -0.176565045900988
0.0189328903553348 0.0185069514456174 0.0554797008761641 0.151854354355201
0.00157306103591175 0.00251363260125312 -0.156303324850556 0.0535607816326168
0.00386895226087183 -0.00495053001578384 -0.3437491238277 -0.317288900099526
-0.00203272733734392 -0.0282678069512721 0.0849872610271324 -0.612879718365916
0.0361519671716413 -0.0390315107150102 0.784760073961568 -0.227566956509087
0.0196584195558855 0.0368702678045774 0.67823336691912 0.637569338688205
-0.0114538180474584 0.0332720714782667 -0.0158501396077409 0.657171538226999
-0.0169005412977509 0.0235652058383221 0.0880065454917351 0.0266724623100482
0.0210086967991274 0.0450467879581955 0.0344017736939185 -0.659201722827698
0.0177408337834537 0.0129471349866887 -0.742234525484846 -0.585096575775892
-0.00991801470528837 -0.0245618275019255 -0.823139716875036 0.386718820383538
-0.035924260410111 -0.0100855041735797 0.0246954918582221 0.698539993411204
-0.00806337900073242 0.0238059127204592 0.403410168250907 0.231393983068713
0.00631827875419271 0.0121608144652803 0.213432391461109 -0.0910929422817665
0.0102829897803917 0.0038107393017187 -0.0948187910005326 -0.175324903549144
0.00272470042061366 0.0190570714040974 0.0735803294947038 0.137492459339651
-0.00541303768829242 -0.00386274190183575 -0.14348000143584 0.0767196416849395
-0.0190867806324967 -0.0138774709614133 -0.365882411765972 -0.226112854418671
-0.0220873648687522 -0.0230548234876696 -0.00598214509838104 -0.589835403311153
0.0205937854549282 -0.0319478595753098 0.718066854735435 -0.372084668880993
0.00012918244079645 0.0200066773087989 0.765140288342683 0.487769523216486
-0.0168619323729222 -0.0282459432701152 0.0495442565907118 0.678660788103058
0.00188541940600394 -0.0488529995415557 0.0467660694699235 0.0981209374308963
0.0103223938016447 -0.0148923266705127 0.0845604775975491 -0.609286073189555
-0.00903322447097425 0.00287289233743555 -0.638603952456807 -0.701580777527913
-0.0123795665396114 -0.0134615994226842 -0.868242652563468 0.24072573937178
-0.0506008946958993 -0.0148824558143309 -0.0601475903162485 0.724917869377629
-0.0349258285688666 0.00735856647996427 0.388888238285889 0.312244171280747
-0.00441239814080893 0.00214261131187246 0.227944452254521 -0.062614952078151
-0.00695823948606914 0.0038349594421188 -0.0723233261249049 -0.186592612128497
0.00361795453518043 0.018466323796871 0.0729866478833378 0.136468708670937
3.88170633549519E-05 -0.00385337606901843 -0.14713279190355 0.0648323713361947
-0.0134526729046521 -0.0156634294562717 -0.358027312953966 -0.250935312024422
-0.0237148052449422 -0.0223509232109364 0.0307403589231784 -0.590618022081811
0.0142279507339002 -0.0267228486171838 0.748064817342849 -0.318453757255058
-0.00680273985918879 0.0180772429560968 0.734680760817278 0.543454286996324
-0.0135415515590503 -0.036061553878226 0.0211653128444378 0.675765558475083
0.00785084319092849 -0.0535630838612223 0.0526406011950576 0.078581236599226
0.0144759750178338 -0.0186627917493625 0.0588077068546937 -0.62287631626198
-0.0152088980705712 0.00282046685346112 -0.680575384058613 -0.65348369469854
-0.0231618372631313 -0.00968972023398146 -0.842358270152485 0.300392179219025
-0.0531849081015102 -0.00938964171881448 -0.0131411577278575 0.722763982357859
-0.0281212435731835 0.0093397382366509 0.39831028855958 0.285090654356537
0.00273318066967134 0.00349008999755296 0.220996038850829 -0.0768710980838363
-0.00492072544177458 0.00368139487413619 -0.0758054749440494 -0.187298625651703
0.0070944698222587 0.0183718630837165 0.0692150361243041 0.137269313359384
0.00372891729387949 -0.00196347025780965 -0.152255587718639 0.0549198117380933
-0.00682423540914653 -0.0157501796048127 -0.349890842469091 -0.276074671806876
-0.0231006039696483 -0.021782312301097 0.0674895681127383 -0.590910729842437
0.00900835775155741 -0.023579213619587 0.770285459605324 -0.266803076292816
-0.0108292166452373 0.0173172007627227 0.700602675995719 0.59400982053118
-0.00947951133899287 -0.0357526101640998 -0.00586349232929448 0.66852913460675
0.0118980503311784 -0.0511391758294116 0.060716334465169 0.0577515057340262
0.01620230121215 -0.0161078049653875 0.0322417779084581 -0.633708244247924
-0.0161817886179397 0.00373903153145407 -0.714844992805026 -0.601214740176657
-0.0312730366337715 -0.00592552684234913 -0.80873774534634 0.359960106852409
-0.0544617522850869 -0.00645746392771545 0.0307746612575473 0.717198912234569
-0.0202986178145012 0.0110844335160125 0.407209342527581 0.25762543546344
0.0100357829087546 0.00439461956823377 0.214853486902345 -0.0911773591702524
-0.00185680191782141 0.00222289919870649 -0.0799524448621415 -0.185486763418808
0.0102977233571524 0.0189992479234758 0.0663424868907388 0.138804833706727
0.00673435028439656 -0.001071205837194 -0.154674240765083 0.0466200424300027
-0.00107193933473117 -0.0141190728052534 -0.341452360735315 -0.298322239868969
-0.0209617269292194 -0.0220985686821105 0.094192697164662 -0.589709314030671
0.00815347650228351 -0.0233312244124719 0.78850544327111 -0.219757019694929
-0.0106445413486914 0.0182626241503037 0.673180112331363 0.635282300871847
-0.00583426014669515 -0.0293150756864105 -0.0255450603948965 0.662458337991985
0.0114841919843859 -0.0425308529364304 0.0693091260121766 0.0381666524786276
0.0182653048064139 -0.00940298331561068 0.0107651133620244 -0.643019072778201
-0.0152984431330185 0.00534056134701638 -0.74391308542822 -0.556906467072774
-0.0347307492473761 -0.00631013566028457 -0.785944103776414 0.403624706291165
-0.0527509878307912 -0.00266563579766755 0.0655190197988475 0.708741724578557
-0.011943892509215 0.0125628313466306 0.411309726815193 0.23399139925663
0.015412176196813 0.0061529388768157 0.209124005216749 -0.101343553953861
0.002067761932436 0.00226914938265358 -0.0845098260972133 -0.182983294849155
0.0142344383690942 0.0182495654029329 0.0614639271620177 0.140650618416719
0.00795130784803172 -0.000126016506052278 -0.156926247046968 0.0410638023212781
0.00337336318598423 -0.0118906009620324 -0.336035568913676 -0.315233520334301
-0.0165196499692507 -0.0228319283692461 0.111799786237077 -0.592861047371071
0.0116193220024268 -0.0255332602392985 0.795995780564092 -0.188667086193334
-0.00633987371831024 0.0215396181897329 0.651828874446063 0.663511592589107
-0.00539644717496799 -0.0170437424726603 -0.0378758026350588 0.655523526994605
0.00852283552481044 -0.0283996577302811 0.0792393786995323 0.0241022419217034
0.0204669366128472 0.00230691980358852 0.000173840092867339 -0.649078140298726
-0.0105081111938996 0.0078502909258153 -0.759503025144151 -0.530597520616679
-0.0338079819747235 -0.00782741688890965 -0.769993868384307 0.433336664192295
-0.0500313004135362 -0.00217719898262588 0.0811779617076542 0.697730755368954
-0.0058082925319893 0.0157826064085885 0.412732662764432 0.215686112619776
0.0167082118257517 0.00740483481846404 0.206077610178175 -0.107179893941315
0.00564242075170975 0.00139987030159638 -0.0882213931554748 -0.180207709188464
0.016805859422622 0.0177861184006661 0.0580662462810903 0.145007578480962
0.00693053777646415 0.00129697347298341 -0.157459623136236 0.0406626585516014
0.00649115388188512 -0.0090114337975412 -0.333693568026593 -0.323843251048972
-0.0117112658967892 -0.0241861328662185 0.116292208100013 -0.592592762001662
0.0173469786054325 -0.0281862734834702 0.797480726532541 -0.181588288280277
0.000821134043853262 0.0260835275818357 0.644466391369304 0.668613547252116
-0.00621835168625214 -0.00089823221480236 -0.0382643672195642 0.649996903960651
0.00143395493035471 -0.0108669603049598 0.0844478522392607 0.0166707971657641
0.0220035515217973 0.0160777752945593 -0.00113073135233075 -0.65371807945437
-0.00218173148789059 0.00847981003229622 -0.765904895131319 -0.522501363170218
-0.0298007525500534 -0.0121862887734515 -0.770201131890048 0.439676114464627
-0.0452177826443754 -0.00297453426134749 0.080927481449419 0.692269821622739
-0.00333089261367845 0.0189890524994527 0.411502623750439 0.207498139628326
0.0166024990736244 0.0093713162575729 0.205093725156477 -0.106721245753404
0.0079459220162457 0.00269537941987984 -0.0917285107786983 -0.176545196019304
0.0177408245293463 0.0181033892914154 0.0563676824317759 0.148198633581356
0.00526592240172751 0.00184716781889288 -0.156898707077952 0.0452183212658305
0.00698604422392176 -0.00661151021468893 -0.337958466999792 -0.322712139703098
-0.00611038085034145 -0.0260252646338754 0.103837910443295 -0.600893809432759
0.0266705271805169 -0.0328141084911364 0.787880871331312 -0.197834217390341
0.010432136144331 0.0320924535034661 0.652743427473405 0.656498642268039
-0.008834191207446 0.0162129527589629 -0.0288097985436467 0.648834515198509
-0.00722277679598874 0.0077690192672869 0.0881995442444708 0.0167166218901317
0.0230088755815339 0.0301197301292621 0.00710844412853357 -0.655661738162944
0.00869754059314715 0.0100878193097015 -0.757939283335292 -0.538241018437868
-0.0208862837240201 -0.018263659780468 -0.785175843542121 0.427202620894024
-0.0406595233119112 -0.00615594183118646 0.0626100752336407 0.690733231729192
-0.00394387743670321 0.0213335222704929 0.407468834064284 0.211530227495985
0.0129434453827445 0.010793003215373 0.206402996656972 -0.102153117284561
0.00978247332607277 0.00250314193025427 -0.0932141142129632 -0.174228984563322
0.0193899194672956 0.0178356512143406 0.0568663291095899 0.151225232932705
0.000754944668441821 0.00233596938853478 -0.154960517317767 0.0544498896342821
0.0043223257314465 -0.00498064284682225 -0.346289571473969 -0.311168395424623
-0.00218645061218513 -0.0284642250272089 0.0778579886976494 -0.608424420955089
0.0354446221745593 -0.0391352548052094 0.775170260787563 -0.233401319922914
0.0207761139096839 0.0366026534002872 0.677211263697708 0.625179937654992
-0.0105772573405355 0.0323936186695699 -0.00915863054468731 0.650185514675722
-0.0168549688296427 0.0235249356017851 0.0880581495263697 0.025582577125588
0.0218891311312335 0.0439466268233875 0.0278831069232512 -0.657086923027932
0.017979571536183 0.0127190342765213 -0.743496508932259 -0.571373123737534
-0.00982004430723707 -0.0248604040252812 -0.811528463063067 0.394495419903211
-0.0366017491495123 -0.00956084456270679 0.0314453776323693 0.69210732313883
-0.00716217567875347 0.0236173871144274 0.402489087618301 0.22391911234551
0.00699840780971541 0.0119301015254347 0.210575482375721 -0.0929024095056885
0.0105825153096572 0.00306832287188638 -0.096049731416189 -0.172047990056622
0.00295282349016535 0.019276212381127 0.0740160341579408 0.136722986743014
-0.00523870286503738 -0.00448390965651893 -0.141486427130609 0.0766743508396102
-0.0191200674434215 -0.0143548164313119 -0.365338429436087 -0.22094273375712
-0.0220467648207932 -0.0226024456251283 -0.0131151499153149 -0.582186641151753
0.0197779859115205 -0.0318000293232158 0.707525329451448 -0.373935832259431
0.00105196835306198 0.0193195650529759 0.761926913494372 0.475777674788771
-0.0169611774141412 -0.0291438756440939 0.0545172006161019 0.670840333989539
0.000532993075124861 -0.0483260844179151 0.0467101727136911 0.0966797321522613
0.0114284276244301 -0.0151706362679087 0.0788457406088015 -0.605650268035225
-0.00935054217531711 0.00328422290723239 -0.641243491912166 -0.689177939093183
-0.0122750312067378 -0.0127535524214008 -0.85931979526236 0.246707395151128
-0.0497518404523567 -0.013847574084966 -0.0517023494189213 0.718690447157374
-0.0351089810504761 0.00834424942504261 0.388972003275387 0.303922823650909
-0.00393668739223712 0.00185224086573292 0.225279395623224 -0.0639666596110511
-0.00705824725551026 0.00364440970634463 -0.0735703831124103 -0.183919129454604
0.00481124728965133 0.0182118789571409 0.0735601797115346 0.135313767727193
-0.000650896113523391 -0.00414359189151661 -0.145123574158138 0.0655079006549975
-0.0134407000316693 -0.0163718495388933 -0.357387528279053 -0.244807898868008
-0.0228070852668007 -0.0218920621729662 0.0240946282729551 -0.584311631973817
0.0126696388617579 -0.0272530634762841 0.737977855871736 -0.322101516210518
-0.00697287399837559 0.0178713353031462 0.733510478561965 0.530776659739651
-0.0131634338717768 -0.0355044435987822 0.0267353561356171 0.670073508854949
0.00748213915400559 -0.0531744266288433 0.0528412594366549 0.0781232029220625
0.0135055596164443 -0.0189404995574882 0.0515005462486808 -0.617099426603394
-0.0139685210680777 0.0025447447836553 -0.680867424359036 -0.640461244850856
-0.0229066080311619 -0.00986149618475994 -0.829702356143387 0.306864958504433
-0.0527711547646681 -0.00937428837677901 -0.005599176276712 0.715930727885665
-0.0272731637132869 0.00910764920827795 0.398597812515487 0.279851252734623
0.00352288649445611 0.00292379186449471 0.219301793029724 -0.0784742032847607
-0.00447682561605786 0.00376869742594128 -0.0780635559622844 -0.184743218624683
0.00770977921524372 0.0184884347297035 0.0695057595812725 0.136708425297792
0.0037852950236992 -0.00268792956939575 -0.149652993956098 0.0548473075313752
-0.00730288119299523 -0.0160793081913296 -0.350795919647769 -0.271115701874774
-0.0222225582280239 -0.0215334523181008 0.058438353557372 -0.585436227570344
0.00801991795676 -0.0239896941895315 0.761029857860094 -0.268584420343067
-0.0109181915605909 0.0174806191345363 0.700324407594118 0.582489212013534
-0.00945541130178455 -0.0358404615750788 -0.000778088228078992 0.663901441418226
0.0114324469767502 -0.0516681076049323 0.061194768043837 0.0566925508060872
0.015987419969207 -0.017436928766757 0.0267180983017121 -0.627473104805741
-0.0155774369171005 0.00319621803456488 -0.715577033846282 -0.590972088149245
-0.0301746368180711 -0.00578003215664286 -0.798458609332975 0.365454378142629
-0.0538332360122413 -0.00509982719275676 0.0394955647982706 0.711681360653934
-0.0191555034784604 0.0104279543389376 0.406514164046036 0.251242751827902
0.0101383870152708 0.00321361225961927 0.212187605643426 -0.0923563307606027
-0.00177597995824917 0.0026671928178827 -0.0810631457463404 -0.183217662908354
0.0109443410453555 0.0179210986510092 0.0665029834326516 0.136791999345088
0.00618956048591448 -0.00167077543989394 -0.153024766531311 0.0460316372065537
-0.00127888327441127 -0.0141828492130981 -0.340899918176293 -0.294203909689717
-0.0202033103305967 -0.0217991414291625 0.088468824495724 -0.583805248613785
0.00691215626105647 -0.0233921312443183 0.777222652341989 -0.223802878021532
-0.0104524807753541 0.0184086420229925 0.673082669312376 0.623789602251445
-0.00662195947767983 -0.0294963999155361 -0.0203503619480361 0.657769306433328
0.0110259477050453 -0.042732499596085 0.0693999216562363 0.0370292473071848
0.0178982592901532 -0.00945146254375274 0.00742921955313736 -0.637027180265921
-0.0144128966225937 0.00605966761512487 -0.743060187103345 -0.547169655086435
-0.0339600709583013 -0.0057420056128358 -0.773004194067799 0.411467253460017
-0.0526139380357664 -0.00195772645146343 0.0718012493285776 0.70175149548318
-0.0115855554252181 0.0123037406542764 0.41142350969074 0.22767449271612
0.0145216563662722 0.00550020236682716 0.206572567759009 -0.101407878859692
0.00155650177692866 0.00213632564857473 -0.0858362019415559 -0.180366157773235
0.0140838496495419 0.0177935225221585 0.0626051597912164 0.140466108915608
0.00709660574086468 -0.000630765166259263 -0.154776753244762 0.0410900194499587
0.00406660203173013 -0.0122614855752065 -0.33675147124659 -0.309951540268876
-0.0160092648477118 -0.0225827993519488 0.104993880198272 -0.586353841886045
0.0104021955717187 -0.0252947809769048 0.786956657062041 -0.194357461052701
-0.00639751038638671 0.021713559912052 0.651513462942753 0.649346211243071
-0.00489833801874322 -0.0174512533635567 -0.0318398802130591 0.648547499158679
0.00739168615499664 -0.0284464767950391 0.0786640142118177 0.0225825205785069
0.0206974308875536 0.0014649891566149 -0.00537819279131764 -0.642785194991222
-0.00896817075131697 0.0077685283376124 -0.758935109150376 -0.518223799654622
-0.0333559811828205 -0.00687588593076807 -0.760453743992367 0.439403490481812
-0.0494099419804209 -0.00233896844840143 0.0886629725505251 0.691054233912504
-0.00609417822125259 0.015202536900443 0.411642846231988 0.209923784778958
0.0172924872025579 0.0076056345349561 0.203213697688289 -0.108993141484834
0.00528542526805286 0.00285264871122771 -0.0887282406506947 -0.17756433338935
0.0176950371051952 0.017210392192165 0.0595843936983744 0.142856228698894
0.00683614745941039 0.00172719182406223 -0.155677959639418 0.04167779983981
0.00657177537413177 -0.00978315945533085 -0.335369130037692 -0.319090301232673
-0.0115731485754087 -0.023529806178071 0.109529502928128 -0.589086252006397
0.0169745325222222 -0.0282580709246242 0.787516128527541 -0.185679779777556
0.00160153356509681 0.0268818097053602 0.645096106345077 0.656608291231423
-0.00627741973776865 -0.00111161042534907 -0.0314088253287474 0.645341486274228
0.00148966464645013 -0.0104386867965945 0.0847343158620472 0.0154535016201217
0.0218184603143835 0.0150340203775217 -0.00445797895248154 -0.646706985432093
-0.00145625365641194 0.00891951974973536 -0.76415840715274 -0.512073454454379
-0.0286987087387458 -0.0118210655323067 -0.759956594775911 0.444940042917532
-0.045223422747702 -0.00282664876237367 0.0869831727177324 0.684683620524194
-0.0035778564826996 0.0177651081189193 0.410506600797282 0.202763801523518
0.0164433200082899 0.00871955023026725 0.200988002408195 -0.107884324815078
0.00826079292518493 0.00270391517453699 -0.0929484121654174 -0.17497178491099
0.019259867656529 0.0175982282920047 0.0576045327261441 0.14696373709921
0.00404826777302426 0.00260896272792888 -0.154627478230187 0.0454750759231423
0.00608153343034433 -0.00729114524774594 -0.33892047208996 -0.317725214625207
-0.00529048656722659 -0.0265341528905292 0.0976221843506208 -0.595268514205829
0.0247870843623712 -0.0332942403270004 0.779427761743676 -0.203044762390895
0.010187343235701 0.0315671562058786 0.654216925011429 0.64384425761472
-0.0075497764626066 0.0162760498467489 -0.0232300363631643 0.641693046623424
-0.00740479831991345 0.00734495967594781 0.087820680662847 0.015372280162088
0.0227223777243509 0.0295153090712101 0.00425480565560669 -0.649597863762075
0.00851238283067308 0.0104716276616047 -0.754898313700188 -0.526383724117603
-0.020411641434827 -0.0183039559821788 -0.775818910490587 0.430797587598815
-0.0409747186188367 -0.00498555977476895 0.0714895483583048 0.683275992783443
-0.00331141256211786 0.0211859828761874 0.406210642543104 0.204210918547679
0.0123467566026335 0.010536077021013 0.203702413051113 -0.102800828663795
0.0101406785945949 0.00223466683656298 -0.0954168075239862 -0.171832419065913
0.0197188889596846 0.0165423740351501 0.0573657965844174 0.149438955528431
0.00101958582853313 0.00220462633263547 -0.15250982868609 0.053809538523183
0.00394748647647658 -0.0058278941181039 -0.348419303206528 -0.304560205125964
-0.00181169005567279 -0.0289850068864976 0.0704029095436513 -0.603255544928002
0.0340046695558741 -0.0396856408569616 0.765323098532794 -0.240041013234639
0.0207267527814222 0.0361546892449682 0.677934123341002 0.613601841024386
-0.010621899070165 0.0310071061941294 -0.00367022892570388 0.645955360197623
-0.0164747264854054 0.0234564967725901 0.0883750476849865 0.0240783239119051
0.0221488475174019 0.0432713069957156 0.0215924786057056 -0.649285227201149
0.0186939009263546 0.012990727572495 -0.742789838524634 -0.561404881930519
-0.00919550910833057 -0.0248062507074265 -0.802306359497385 0.399249273262918
-0.036599239375338 -0.00925141723415157 0.0398346617933412 0.685931849025555
-0.00750202439010276 0.0231949138872632 0.402127699808127 0.218485223973132
0.00690365920168218 0.0123437758191594 0.207909503455931 -0.0936930985198297
0.0101409513193668 0.00314171948000992 -0.0967255694358199 -0.170033498667652
0.00367547226428103 0.018342447745214 0.0752076297710395 0.134676311269775
-0.00541903088956511 -0.00459411224358361 -0.139432122190209 0.0757744297065419
-0.0184018569749399 -0.0148903036905258 -0.364415117036347 -0.217529760542502
-0.0210066360765473 -0.0225838490078288 -0.016285690320176 -0.577257140475325
0.0191213880147739 -0.0319255972938168 0.698436872519238 -0.374610528456201
0.00110164704378223 0.019808004780004 0.75804389337169 0.466509587491949
-0.0164718176770375 -0.0290811619256939 0.0594266456243134 0.666049917151075
-1.17032433969138E-05 -0.0485138268037697 0.0476519549723605 0.0955090655406833
0.0114084040185014 -0.0159542595727482 0.0737681886301302 -0.601058111390945
-0.007786091514018 0.00360620335696659 -0.640252070210371 -0.679155831705635
-0.0122480981903 -0.01280559331057 -0.849075771765225 0.249949053137412
-0.0496363076134333 -0.0139302269043263 -0.047585633305074 0.712546937329448
-0.0339622538264431 0.00783106818923517 0.388447247116058 0.300333781496962
-0.00354637593162753 0.0021745061065289 0.22279259727233 -0.064957931429715
-0.0065269598073858 0.00368687601073562 -0.0739854091455123 -0.182024378032349
0.00547368941595745 0.0173283256458691 0.073378521019173 0.133503414520488
-0.000457420618033927 -0.00453681589292305 -0.141766697756478 0.0651068575486961
-0.0134267675781811 -0.0160482148994985 -0.356959169578081 -0.240440075076591
-0.0225434537296167 -0.0226738339929141 0.0207541404462414 -0.577984229786545
0.0120416740379134 -0.0270981127815983 0.728366488693958 -0.323511211884797
-0.00675569143709503 0.0180055208623025 0.728878577917526 0.518716001280966
-0.0137666410105368 -0.0357695353511118 0.0316163987161918 0.663430595952317
0.00700128942299986 -0.0530110979308378 0.053165003388885 0.0766162666816709
0.0141445890181394 -0.019673993675739 0.0476525135499595 -0.612651560079839
-0.0130652551184109 0.00335042126427254 -0.679877016804347 -0.630150763667648
-0.0228766777296066 -0.00910826945400257 -0.821092770200679 0.309570456490008
-0.0527741499908997 -0.00863974308841243 0.000573481640185199 0.71044803811366
-0.0265819705808074 0.00879763301207648 0.39741481956802 0.273303817222639
0.00372561321613108 0.00393771665980768 0.216453470628996 -0.0791450626285478
-0.00498364406634355 0.00319732873310331 -0.0775319674556814 -0.182495871658959
0.00839023450740979 0.0184038283695743 0.0701571493989954 0.13415642439355
0.0030230454219379 -0.00314504098918805 -0.147365218783226 0.0550591203597846
-0.00716178981802912 -0.0160346263751363 -0.35068155011052 -0.265100660864427
-0.021605108080089 -0.0215890813857266 0.0551668258669563 -0.579949376543776
0.00825003330565214 -0.0235061900980736 0.752089885534279 -0.273248343811823
-0.0102362183134815 0.0172330206891308 0.697594527350478 0.571965592011964
-0.00940171387272465 -0.0364198748965543 0.00481396038280525 0.656419703127645
0.0107244429689125 -0.0512784218296784 0.0609750487704593 0.0557805148006751
0.0155611830388055 -0.0172621372939112 0.0237685350259987 -0.622758498935836
-0.0147280777463233 0.00466040387658183 -0.713978897648993 -0.580737576862212
-0.0300728082872061 -0.00638437643677279 -0.79099023673507 0.367089748897219
-0.053949503575062 -0.00481260570218555 0.0448948791096144 0.704182344180972
-0.0197816082245896 0.0113711801100241 0.406172791551505 0.245311902215697
0.0102248809907806 0.00408661922073133 0.209408936808759 -0.0926854823247679
-0.000888391566358724 0.00351803534247187 -0.0810625115342986 -0.181163906124319
0.0112158021704509 0.017573159201367 0.0664688749081153 0.135726699117262
0.00564153289282459 -0.00193947697066758 -0.150364753718265 0.0461475786531101
-0.00182803124148105 -0.0143666361287713 -0.342653880476244 -0.289701332750017
-0.0194649500324722 -0.0225965845088373 0.0833341952851167 -0.579920297812745
0.00689442001932068 -0.0231643714564452 0.769833514141608 -0.226906577907327
-0.00955791884638514 0.0179527698886621 0.67015162374693 0.613920417189187
-0.0058682067068999 -0.0299695613719129 -0.0160379019207488 0.651169262830823
0.0111456722264714 -0.0421120040678333 0.0699663510698206 0.0363647240881636
0.0178791412410785 -0.0105053512334792 0.00294857182864829 -0.630702439997872
-0.0139655484211138 0.00607790641202688 -0.739731770927413 -0.538566443183894
-0.0334538371317036 -0.00541559772006913 -0.767220109917538 0.412596151746813
-0.0528084885856276 -0.00260367806223273 0.0772294944887992 0.69515044325241
-0.0118701453568785 0.0125870555984246 0.408447374102913 0.222463963256605
0.0157205494435471 0.00526819584086224 0.203128389203042 -0.102641000541837
0.00197763743461873 0.00291866344525768 -0.0854734590624884 -0.179022716170581
0.0151950872807269 0.0173346966439773 0.0618669891317493 0.139172314071037
0.00677293704895152 -0.000324915140782432 -0.152724342624284 0.0418291762399336
0.00344626294093906 -0.0124225000051954 -0.337744358317652 -0.30513366101355
-0.0153148113312191 -0.0233860434160042 0.0999207860222948 -0.581364598851013
0.00990832139888598 -0.0245474277402345 0.778378426444692 -0.197429950535069
-0.00565479168778386 0.020963969836991 0.65000864387057 0.640881465342598
-0.00460550908660213 -0.017680630552659 -0.0263162202056271 0.643973385631843
0.00784690581909206 -0.0285514470167079 0.0772321154897256 0.0224117646016442
0.0209327356989358 0.000484499865063319 -0.0088748509467096 -0.636498387854795
-0.00902018718887906 0.00811809243260057 -0.754558546051916 -0.510618083396895
-0.0328728395662358 -0.00644229798920976 -0.75036859085877 0.441226307347092
-0.0494811199044618 -0.00160821520351516 0.093859742188163 0.68451275632406
-0.00657268963101107 0.015164908773467 0.410837936834557 0.205186294732654
0.016977241417695 0.00685134693736046 0.199752564516964 -0.107946779868077
0.00494775437526148 0.00263417353351914 -0.0892066345704942 -0.175375179672349
0.0179752999054999 0.0166518125169178 0.0587954647584207 0.14224414774226
0.00587495236998508 0.0014279234154127 -0.153109864854533 0.0413921078058316
0.00562538050686644 -0.0101773952555656 -0.335528156861995 -0.313070251317261
-0.0101947691935945 -0.0241120230367616 0.104976847435865 -0.583734963434061
0.0166373912698442 -0.0279377521330265 0.780671817984099 -0.189778619206955
0.00149180302790616 0.0264808049796118 0.641525201416382 0.645473351462745
-0.00567502427040821 -0.00169175047436547 -0.0271758207427377 0.637484767511151
0.00103469899806129 -0.0111742053687363 0.0830037584805331 0.0140492898559819
0.0223760324768913 0.0137975309215197 -0.0119459152963912 -0.641016783676992
-1.28446139631942E-05 0.00891102237507344 -0.760850996736219 -0.503061526086563
-0.0291939389578273 -0.0110959691006379 -0.749993050090889 0.447345275722965
-0.0454149165362161 -0.0021683324051484 0.0931170761461937 0.678744038885402
-0.00278487213134653 0.0178040316873818 0.408880572024374 0.196348519365454
0.0163337267033082 0.00880053091686253 0.199332471877389 -0.108298634639572
0.00835832390997523 0.00246661057644528 -0.0932484258580032 -0.172283677320824
0.0194442416417157 0.0166797670601224 0.0581396954853707 0.145756937682896
0.00412038203573332 0.00126638792474081 -0.152617069396161 0.0457227893152722
0.00623891994940096 -0.00775350415533036 -0.3386109947665 -0.311166482889827
-0.00563475606217714 -0.0262350836542985 0.0927434280021618 -0.590822099269434
0.0242545026391611 -0.032581713342741 0.770874226670006 -0.204851614701529
0.0104281463646744 0.0315764685216606 0.652729993538515 0.635617432936261
-0.0075697735809667 0.0156367190195705 -0.0173333526339898 0.637017066020621
-0.00745190058739916 0.00678466834266666 0.0866854467642377 0.0147890670009439
0.0235955598874889 0.0280960171460975 -0.000301495003900451 -0.643431133249418
0.00903879969702696 0.0101902385849097 -0.752362594385975 -0.516303215538122
-0.0202255763700329 -0.0175002680906914 -0.766178808484713 0.433596646047742
-0.0412973167696918 -0.00526768825415969 0.074847044876968 0.676932896324964
-0.00367414080557945 0.0211404759449253 0.405505663565266 0.200628347897896
0.0122818679640104 0.0101274643808949 0.20161264294182 -0.103349150387244
0.010226024717285 0.00256112311844863 -0.0958012620710786 -0.169795184474373
0.020004791336281 0.0164105226681629 0.0578044978763027 0.14802836165112
-0.000282676769228764 0.00214907109207508 -0.150060313004042 0.054369531754459
0.0036158379036995 -0.00569884647583983 -0.348411478564953 -0.301040658384043
-0.00182155578062536 -0.0286842762945406 0.0659609200585369 -0.597330765525495
0.0328323034060171 -0.039235286613628 0.756661113485876 -0.241231133683624
0.0208239105818016 0.0359786619835134 0.675552543841425 0.602742478230348
-0.0102102000840894 0.0310089770165923 0.000856450797713958 0.638990192488425
-0.0164052312722099 0.022935427173565 0.0864140182319593 0.0228597010278903
0.0221464985540688 0.0417576373986096 0.0189062150501598 -0.643450124801033
0.0191229759908112 0.0130129405448569 -0.739454083145046 -0.550834662796637
-0.00980566782209107 -0.0237432373864576 -0.791826492604973 0.401403981559104
-0.0358790498661331 -0.008819872804714 0.0459974101639293 0.679572967427112
-0.00651054151492298 0.0237573089127273 0.402541389103843 0.213380658699756
0.00777357413865227 0.0118086391408949 0.205988715654222 -0.0938617841249792
0.0102168568401384 0.00296550774654869 -0.0970818311755549 -0.168158016570571
0.00452598787782692 0.0181277519284678 0.0754131180603102 0.133916323475238
-0.00602047220806403 -0.00503936296104085 -0.137173795897336 0.0753185945569607
-0.0184954653003536 -0.0148372864669558 -0.362238753108806 -0.214239901142244
-0.0207156228801227 -0.0228589654205167 -0.0194570748261629 -0.571250933485597
0.0181840313996083 -0.032002872751573 0.691348152195029 -0.373695304826708
0.00203102989712858 0.0190850942074083 0.753575752846739 0.456694228519993
-0.0171481154938428 -0.0289283378734929 0.060816193604211 0.657379078419641
-0.000775975039129418 -0.0478134094463797 0.0478949027492121 0.094544400829027
0.0111809097039069 -0.0166788977064136 0.0710147600789078 -0.594701146031575
-0.00690373020880059 0.00428733222148031 -0.635284750513669 -0.669344786319097
-0.0124573131946739 -0.0127774232328107 -0.83950204795524 0.254244856961879
-0.04980103861079 -0.0128997951106293 -0.0393219581410433 0.706028585104308
-0.0334888962746651 0.00917134036477442 0.3861229859702 0.293738776923663
-0.0034657896788702 0.00230046976134488 0.220442128801455 -0.0665057069221129
-0.00624335696417617 0.00419055644709136 -0.0744569380187591 -0.180559743837495
0.00615843857918342 0.017255260721541 0.0742247511606804 0.132159031355166
-0.000772488375293098 -0.00445106517624829 -0.141080300755275 0.0640096790078021
-0.0133496147444161 -0.0164796802283626 -0.356296792389488 -0.236925147091786
-0.0215824162165675 -0.0217305832333262 0.0165247414974893 -0.572502187067451
0.0113231828200483 -0.026443751045048 0.720080326904988 -0.323519114422814
-0.00616183795863142 0.0179991139356715 0.724374827756462 0.511530032276737
-0.0133083205816081 -0.0357913613297653 0.0323584774220314 0.655426174904464
0.00652389838526334 -0.0529718657414006 0.0529032345971092 0.0752569129592208
0.0139397875672856 -0.0201509163289075 0.0459491710104634 -0.605260909439731
-0.0118687824885757 0.00315673748221601 -0.674886738440053 -0.619936627175318
-0.0229200394789518 -0.00888217361690367 -0.810911658186025 0.312971014816282
-0.0525762666810727 -0.00915393646465066 0.00424459568503976 0.703059740671653
-0.0263915817634561 0.0095191106209314 0.395692030185993 0.268714897700929
0.00345957951677623 0.0029837964117905 0.213426524774928 -0.078958902659898
-0.00393730043421286 0.00440265141089942 -0.0782856430549733 -0.180204770891641
0.00903023615093192 0.017493238688063 0.0692503338572555 0.133981205818556
0.00223423933198233 -0.00367222254720638 -0.145435304287792 0.053643262419948
-0.00675337121617694 -0.0159233872587425 -0.348656698735109 -0.262077368398937
-0.0206968786202367 -0.0218844903849781 0.0513060592943346 -0.574368241047445
0.00677252783180948 -0.0230390566656019 0.743153550249859 -0.272726256549233
-0.00966132180022373 0.0173440861704972 0.694139798304994 0.563252569245813
-0.00970596986171915 -0.0362077646478926 0.00775841032908168 0.650150160759389
0.00952793882561958 -0.0511321186839475 0.0609267851996841 0.0544124479097712
0.0156937460011632 -0.0180012512956135 0.0210755188295943 -0.616740176662446
-0.0143833676746859 0.00433642806964053 -0.710549085225883 -0.573225444461164
-0.0305819699426323 -0.00556516533721423 -0.780629360217187 0.370185699076556
-0.0524967254424205 -0.00448942475989303 0.04945839352339 0.696900885378293
-0.0183653507606944 0.0106160060993273 0.402513815801932 0.241101227836327
0.0105154648932821 0.00434568131541711 0.2060069077993 -0.0933963737160248
-0.0010780850481898 0.00326294987672109 -0.0809341348158078 -0.17977547994288
0.0123609264928029 0.0167587200883812 0.0664641743587405 0.134713088424383
0.00507152168808698 -0.00167805291553406 -0.149396581598694 0.0450130237267804
-0.00119809415425695 -0.0155272630176879 -0.34171567035417 -0.284125535976929
-0.0191490343437456 -0.0222418075966225 0.0805660938505417 -0.574023118719515
0.0059531168377997 -0.0230602459719574 0.761853217771695 -0.229616944651378
-0.0091131134657393 0.0182634611750364 0.667071938814171 0.604146418587845
-0.00634803582910627 -0.0300829800908146 -0.0119154997663738 0.644667937163758
0.0106147484760796 -0.0425436435311368 0.06866317299975 0.035064999382797
0.0181193848351233 -0.011109903858325 0.000379983923892587 -0.623216389594521
-0.0125985132434234 0.00689334591797891 -0.736600913557567 -0.527945644050834
-0.0332663216681931 -0.00481388495611326 -0.756682016210711 0.413661443935151
-0.0521714797927101 -0.00184675826965063 0.0815902909592156 0.685971584133376
-0.0114148205374362 0.0128050459482806 0.407116988795409 0.217003933829555
0.0148270473791829 0.00516359567167287 0.200649169702512 -0.102272288188368
0.0020115948341223 0.00292332971253129 -0.0860684621279771 -0.176258001347397
0.0154728230695994 0.0162395843933354 0.0626365897138719 0.137296631075374
0.00636427468192722 -0.000406121933379215 -0.151697731997199 0.0407755729784801
0.00277580759891537 -0.0130620762147324 -0.337990662529186 -0.300614426767847
-0.0148866415715037 -0.0233198783970399 0.0971541677017244 -0.575033643822796
0.00946002040165196 -0.0241249123935164 0.769779708052746 -0.201319776278772
-0.00495451844978059 0.0214060060418541 0.647077185492235 0.630393753851856
-0.00509533493084349 -0.0181806135087054 -0.0240889968506513 0.637288252144388
0.00649836686990143 -0.0282770924421843 0.077278410408474 0.0211865797511885
0.0203635802080941 -0.000144959447729283 -0.0102894096076114 -0.630883155860182
-0.00819928681055449 0.00759551507257458 -0.75113357866909 -0.500311507859404
-0.0328676094065918 -0.00582019114118162 -0.739710940646221 0.440720766716036
-0.04888155624323 -0.00175605926646129 0.0968517496329774 0.677700896983055
-0.00542926719403986 0.0152396107453456 0.407613406853281 0.201306978109894
0.0169459974744305 0.00717106385161854 0.19724799119153 -0.109311647904315
0.00538437422138469 0.00302023193653969 -0.0889710093255826 -0.173564530145598
0.0179406575422071 0.0160922257310923 0.0598064108661247 0.140637092900454
0.00521816464444939 0.000472605583537171 -0.151795178951175 0.0403278473938001
0.00541755969272644 -0.0100082523556661 -0.335591181022586 -0.308608320626489
-0.0101588873512125 -0.0250487971346433 0.101324262576426 -0.578444858381015
0.0157241330586305 -0.0280300747562375 0.770113789637131 -0.190913949294588
0.00171387806411111 0.0258993289661067 0.638688794747392 0.636831854728139
-0.0064701234916804 -0.00237765821246082 -0.0225674510494829 0.632865980976979
0.00047779037478857 -0.0110371245552306 0.0829027030097182 0.0132589183031376
0.0232286861285088 0.0123735787521954 -0.0123587231075481 -0.634947469611007
-0.000596140893844469 0.00897839976591115 -0.756218149356193 -0.49430351084846
-0.0288900376283136 -0.010927805035884 -0.739522369799809 0.445544647169071
-0.0449949750802263 -0.00194879343019972 0.0969387862721816 0.669919425844284
-0.00294856748634752 0.0177496109520588 0.406488484889784 0.193092922345908
0.0162329675438811 0.00840937277559425 0.196242843706704 -0.108878693632736
0.00849682050228773 0.00303754607171644 -0.092451976640625 -0.170277627117067
0.0201212481542576 0.0150904239244155 0.0579492410047863 0.143080817813269
0.00354589040230201 0.00128482480921325 -0.15141938715166 0.0453005860936302
0.00569811603953956 -0.00814119077882626 -0.338980821735159 -0.306364349620711
-0.00498220377087031 -0.0266566759971437 0.0879326733798731 -0.584979822837404
0.0233724601229674 -0.0325679331107506 0.762664362431867 -0.206436240437986
0.0112802033224459 0.0312337681262578 0.649124540087434 0.625232939893829
-0.0084145016460058 0.0152725690786523 -0.0155490057744928 0.631120561450776
-0.00765037326296812 0.00652798279051775 0.0862309919533174 0.0148548297315242
0.0235388211207717 0.0271260949443371 -0.00433990183453187 -0.637296853169015
0.0091916735017581 0.0105076269364634 -0.750083496863703 -0.508898771918448
-0.0207135816719291 -0.0166652638351127 -0.75397236093321 0.431588146829118
-0.0409445189501803 -0.0050010989784358 0.080377592838405 0.668327176566897
-0.00318273835295328 0.0207317832836108 0.402587520814921 0.195494003958604
0.0130562089550412 0.0105580966604857 0.199076072041852 -0.103751353375029
0.00951377278911554 0.00277034701015699 -0.0953542900620222 -0.167078723223717
0.0208999597664793 0.0161305765327149 0.0586649805042255 0.14645117948798
-0.000419378348085318 0.00180340606688538 -0.148772703548104 0.0532301023345763
0.00395362383552429 -0.00592174929408907 -0.347218884277121 -0.296376992981775
-0.00109643915478374 -0.0290272866964119 0.0626347862148422 -0.590800650330641
0.0325456069697067 -0.0396301144205892 0.74961581764021 -0.244104277310921
0.0210647952059098 0.0358158337715052 0.671037234878515 0.596654030515646
-0.010145043700453 0.0301735541639015 0.00435806668670855 0.634006812849618
-0.0162143518298299 0.0224040416558485 0.0855644493843904 0.0229276559451336
0.0225837652906422 0.0400973765019199 0.0159970424090601 -0.637398809717986
0.0191800068927602 0.0125326211152749 -0.735717332410118 -0.540919568464539
-0.00986205250384435 -0.0236351254190187 -0.782550741120425 0.403933389102269
-0.0359583349348986 -0.0085378006519973 0.0504463323881264 0.671682940774029
-0.00637906393878054 0.0233962770860141 0.398897068673047 0.207838092333477
0.00687425270603189 0.0121241724542443 0.203000561679079 -0.0943719863536625
0.0104480852628691 0.00333326636099549 -0.0969936482902441 -0.166090999207567
0.00432431583462837 0.0170406975748302 0.0745105295790567 0.132934904558681
-0.00648590472266099 -0.00506337001470214 -0.134648035827585 0.0739132536339395
-0.0185775521215254 -0.0147021210049979 -0.362263051506816 -0.210327938421907
-0.019600463876749 -0.0229400708024753 -0.0213421455369518 -0.564093405213195
0.0172938148287382 -0.0317466726741629 0.682270068840174 -0.371623155526238
0.000598083260205691 0.0198361034358864 0.745405833983493 0.451221153171458
-0.017383120083151 -0.0291735611177124 0.061582652167671 0.652098691395471
-0.000662915253601765 -0.0479363965866247 0.0474705017148452 0.0931341878071308
0.0121571608107844 -0.0168551336539816 0.0697558868938325 -0.589347080958544
-0.00686199163225708 0.00398991639466818 -0.63340618718441 -0.659814135530467
-0.0116762480697675 -0.0126758001141688 -0.832220500910423 0.253892622840744
-0.0493013086559019 -0.0130093140783972 -0.0376340412231579 0.699169130684355
-0.0334093419598446 0.00760884001579143 0.38425142126199 0.290005355748513
-0.00309022372107221 0.00234334199312688 0.217242564098737 -0.0658883215558427
-0.00644890399031218 0.00467672472029474 -0.0736274390010526 -0.178695341063862
0.0068555771820937 0.016305149823085 0.0733184873766625 0.131022920196898
-0.00162577668599566 -0.0054558214488443 -0.139028912741459 0.0630008797223091
-0.0128180644138953 -0.0157055380406159 -0.35500582923374 -0.233375450447919
-0.0210339702704117 -0.0228884713884567 0.0142769480222687 -0.567410578107637
0.0111703165886225 -0.0256129800275887 0.712082042447471 -0.321475342688564
-0.00617531774419919 0.0176258396911051 0.720612590315407 0.504855907477993
-0.0131156680564457 -0.035377507972751 0.0354105223042394 0.648345794632529
0.00612316751316677 -0.0528893931090556 0.0519837182507913 0.075029585815417
0.0143611059829028 -0.0204602812034177 0.0420206876429782 -0.600325389077549
-0.0111263246416634 0.00391944925132158 -0.671715358976682 -0.613088921365929
-0.0225804139653672 -0.00812081874391246 -0.801614333518077 0.313750177432497
-0.0523731602100856 -0.00805813884341044 0.00904907708719142 0.695605763563459
-0.0254994003277078 0.00887197458430897 0.393273674859063 0.263512831501258
0.00383500464348084 0.00327774256998362 0.211113652512687 -0.078790325041332
-0.00425169098787127 0.00350699767868717 -0.078181227929766 -0.179096383781981
0.00907541172786075 0.0170539337285718 0.0705038240084821 0.132540135785459
0.00169340985197671 -0.00388726736103092 -0.143648963839002 0.0525466341093067
-0.00705433675927641 -0.0161791594919902 -0.347918759316419 -0.258662109760846
-0.0208864125193045 -0.0221212875082228 0.0494789647006268 -0.568421472803788
0.00710117750198285 -0.0227730323941336 0.735648556650242 -0.271807245900826
-0.00940904265031997 0.017803392162547 0.688570993999256 0.554698116817456
-0.00908217904126352 -0.0357327785925125 0.0107151256303053 0.644750162125733
0.0101292869059529 -0.0509797960912032 0.0608703698276224 0.0536028099941077
0.0155234391599456 -0.0193708569001142 0.0174559621165166 -0.609685973326747
-0.0128677396362944 0.0044641234760109 -0.703653680021276 -0.56395681925879
-0.029524476849504 -0.00511115828355039 -0.771405431980947 0.369382167913476
-0.0530403853287959 -0.00439682539968238 0.0514874506316622 0.689850073158205
-0.0180843835293141 0.0104543951930167 0.401222846301259 0.236418749938974
0.0104992693624749 0.00387998072603924 0.203775079651872 -0.0922629552481292
-0.00119199446376089 0.00343818231149084 -0.0814571042525635 -0.17768574429524
0.0127026336371465 0.0163574602305342 0.0660028809213563 0.133247036640478
0.00489433663425991 -0.00270497115707821 -0.14691376693452 0.0445168894357479
-0.00153767536368042 -0.0148310930059964 -0.340849551335019 -0.280388296001375
-0.0183824351271006 -0.022142329059398 0.0774660209862166 -0.567353462702064
0.006369627575388 -0.0228746672619253 0.753928334546977 -0.227843553461753
-0.00882508532312398 0.0178495961150609 0.660619757513674 0.594929914968753
-0.00676693388416747 -0.0305086699110529 -0.00941928415315815 0.637656998661417
0.0101670533128319 -0.0421793398902342 0.0683953076407618 0.0348845294355234
0.0186516916715157 -0.0114098448338482 -0.00107191198729479 -0.618960548804725
-0.0122206243525818 0.00680532772979096 -0.729090766292058 -0.521281534622739
-0.0332046596017285 -0.00403596761638555 -0.746444252520487 0.411437023278214
-0.0521757110950262 -0.00161016435559506 0.0834680632661982 0.678345256400208
-0.0109042390461763 0.0123157521597204 0.403211877953581 0.213654511778254
0.0152758118622224 0.00561946257368821 0.198576960345929 -0.102620949664662
0.00218151235876089 0.00241387977111073 -0.0855499078074659 -0.174124372193612
0.0156940222576109 0.0155851668833475 0.0621897778764077 0.135413747397484
0.00573492043434227 -0.00029815486590813 -0.148696145945626 0.0395094921983253
0.00315662699851831 -0.0137934530228877 -0.336278522984968 -0.297178222652379
-0.0143962091323229 -0.0234011109127361 0.0939286670923578 -0.569644313757068
0.00915089206628757 -0.024529337464867 0.761583503985972 -0.199691884464043
-0.00513692647715955 0.0215553418181887 0.642785239821265 0.621500248990966
-0.00508289979722039 -0.01773535017089 -0.0212233251768068 0.631002130617307
0.00691532449518018 -0.0287764761695804 0.0765829383119506 0.0205929459818781
0.0203567611383566 -0.000763389234704473 -0.0124984092893697 -0.625577938692837
-0.00718228227370813 0.00872992325424644 -0.743218938753428 -0.494843795762473
-0.0329523191825224 -0.00590886796687957 -0.730610426899318 0.44041438571209
-0.0490242209480602 -0.00124260402417337 0.0999422755284367 0.670120573669824
-0.00492577484958597 0.0153345251183719 0.404925179843423 0.196352967513438
0.0177677438550068 0.006340819721782 0.195742057094056 -0.108058680623984
0.00576370381878146 0.00276556410795139 -0.0897577054267852 -0.171894583609056
0.018882996966765 0.0156551798050273 0.0595182396496717 0.139215691491762
0.00536675376411183 0.000664774508468646 -0.150326493425602 0.0393544944597714
0.00535154045225162 -0.0108292879254934 -0.335214353775419 -0.305110583019005
-0.010210640920279 -0.0242562005900585 0.0972323645872781 -0.573021296472164
0.0149735827451477 -0.0268542631834625 0.762462840946809 -0.19080732784323
0.00228356979440868 0.0263049460949266 0.6335054852859 0.628147441998572
-0.00609834553157787 -0.0021578830341074 -0.0219472196023555 0.62696877269774
0.00043043028086416 -0.0117632957173846 0.0819187773232138 0.0132979048785673
0.0228959897121626 0.0129042161414824 -0.0123217881821101 -0.629786575685815
0.000155297512667355 0.00936452669946775 -0.75004972961242 -0.486435526247041
-0.0279867601509851 -0.0105146601395325 -0.731555670924462 0.446210353869882
-0.0446690991597797 -0.00243231823535334 0.0974662104998102 0.664033285406059
-0.00268438323121088 0.0175633122861449 0.403887097738311 0.188342224003212
0.016449425590814 0.00882797692649053 0.193565367187235 -0.108120358722002
0.00818325812639386 0.00294915772241668 -0.0927948627327906 -0.16884778489094
0.0204161452038114 0.0150883866107154 0.0584481110280204 0.142170666705996
0.00309349601612673 0.00167795128786999 -0.149738971913687 0.0436205183030116
0.00537522547971067 -0.00839687998986129 -0.33937889375849 -0.303032084602332
-0.0047087450784957 -0.0272244630730694 0.0854067945820322 -0.579165505193139
0.0228096274428978 -0.03203636270682 0.75515093380119 -0.207151800723725
0.0110694369382789 0.031046295693884 0.643062527188546 0.61679281863478
-0.00791872419593617 0.0139726556704006 -0.0136829848936417 0.624015302136066
-0.00728397488780115 0.00554926963471691 0.0847802319408036 0.0129619514783813
0.0235037905075671 0.0265561837334862 -0.00454182393276369 -0.630227178698855
0.0103056760732636 0.0107584115689893 -0.742882390418743 -0.501693129249101
-0.0200784626379863 -0.0162353027001668 -0.745055460942683 0.432359557041984
-0.0411422174129875 -0.00479345119558985 0.0821538596712109 0.662219120680278
-0.00357582669222868 0.0204298414587434 0.400562654501273 0.192501260916656
0.0122749874506889 0.0102871169818631 0.197005753303799 -0.102898628467696
0.0101813339075163 0.00256096812519579 -0.0945462057548231 -0.165952684180575
0.0208542158112622 0.0145307023693796 0.0576754180534292 0.145614792134351
-0.000914045625402522 0.00232680267492068 -0.14728974373454 0.0518860690505879
0.00322000480538594 -0.00683553372517294 -0.34640683761053 -0.291092271844923
-0.000486533511989685 -0.0296436746691429 0.060130107148277 -0.585648317257075
0.0310936299839974 -0.0381373486191419 0.739785862999612 -0.242352462812555
0.0207202864958817 0.0355455585147406 0.666466461299835 0.587108791742773
-0.00969047514697564 0.0298165870275339 0.00529004195130166 0.62579868054789
-0.01567513844952 0.0221048518254439 0.0856419155550719 0.0214038863816393
0.0225727086278884 0.0390565187206687 0.0141486496174871 -0.63092185389838
0.0204102610954107 0.0127106858153906 -0.730285387281956 -0.535969608410616
-0.00975110996887547 -0.0232669476853217 -0.773529489666251 0.401105503770113
-0.0363394041219632 -0.00822585442089779 0.0516388031259147 0.665212976662667
-0.0059836142003588 0.0233054357000149 0.395982120585943 0.205318076200899
0.00749108607147681 0.0116795407342107 0.20114864573519 -0.0950480231284535
0.0106980021675318 0.00294337953885944 -0.0961041687890369 -0.163906872383007
0.00473163807054224 0.0157660456845155 0.0661335306746064 0.136139518729494
-0.00509294294042327 -0.00534100351625066 -0.136286534014672 0.0657936654547684
-0.0188020623762599 -0.0119918168807856 -0.344430272764702 -0.225087266457964
-0.022497155668587 -0.0223846742777756 0.00344853638615443 -0.556802091714777
0.00997414121255064 -0.0356041553146837 0.685541828748574 -0.338138216488031
0.00303160564428257 0.012995481987685 0.710307198025102 0.475042532875314
-0.0154588368965569 -0.0244070377192784 0.0359823737366702 0.643743848110129
0.00189998944139209 -0.0479959012974244 0.0429698826550468 0.0924494402800025
0.0128419876346406 -0.0221276476774759 0.0890795176291434 -0.578791741823659
-0.0130847982623207 0.00139256058193115 -0.604046328916146 -0.672757835814972
-0.0168624548156564 -0.00957796315692692 -0.82805895076606 0.219795206297555
-0.0454251071648613 -0.00243243881733423 -0.0671861117931524 0.683079477493044
-0.0279601831060647 0.0123519132062062 0.362520282424618 0.29978960958752
-1.2486387716627E-05 0.00189870372944061 0.217873589028058 -0.0534869460392944
-0.00848264652556378 0.00309215887078186 -0.0613800544229225 -0.178881532892781
0.00693375964554995 0.0154661266724629 0.0658356135735984 0.134741608376994
-0.000135476895945814 -0.00420070489998106 -0.140211579248209 0.0541805717442467
-0.0141323196121545 -0.0128962708880388 -0.335982283778973 -0.248005152699664
-0.0239801422235217 -0.0220059924660497 0.0406781827377037 -0.55528577057797
0.00360244797317221 -0.030985672260978 0.712150318886689 -0.285442832511728
-0.0044404068072083 0.01164356490465 0.679046829483311 0.524762373149056
-0.0121064639807729 -0.0312734184039348 0.00792731031419481 0.641454169751213
0.00921830698498837 -0.0533093549947956 0.0499713688054002 0.0740664762451661
0.0148601708727542 -0.026062349396068 0.0640348100742235 -0.592546434858699
-0.0178481139785552 0.000982634692373897 -0.642887805116748 -0.627229638062592
-0.026407810986588 -0.00473509652287097 -0.801323557265108 0.276549458999178
-0.0475079418741769 0.00160380650283377 -0.0223985317805881 0.68407253669222
-0.0204397898994847 0.0127548420581543 0.371174569746308 0.275765002544997
0.00697625824201437 0.00206003181775541 0.211791596471474 -0.0667596009138965
-0.0059657924935554 0.00230425768173523 -0.0651322690509155 -0.179886166268153
0.0101941635494266 0.015922731039269 0.062214490429674 0.135555520666192
0.00325524257112661 -0.00267524590766047 -0.144257498941328 0.0440222831835942
-0.00808248046324159 -0.0120700786224089 -0.327836621871889 -0.27188173887018
-0.0237218563659988 -0.0214960696870472 0.0742604625904147 -0.555739538623677
-0.000177392196754576 -0.0286593960641594 0.732421857885598 -0.237063901732059
-0.00779556705501246 0.0114459037010018 0.647172275534701 0.572704595520899
-0.00819351371218312 -0.0314840948037067 -0.0180780075008149 0.63635663547988
0.0125354127494637 -0.0508862426835937 0.0580728283907888 0.053989731501252
0.0171580926322892 -0.023486536459361 0.0408577581600643 -0.602164815532068
-0.0197184247394584 0.00225080095247621 -0.678057300405353 -0.578581279554761
-0.0333743185596538 -0.00129759968789529 -0.773536906469299 0.334131312659859
-0.0480893655451676 0.00444948179693964 0.0190102149711586 0.67927068589144
-0.0124740339401234 0.0140391253406354 0.38025795815592 0.251880782151878
0.0137387316926493 0.00369393048632473 0.206235483574081 -0.0803135228955817
-0.00300144954506909 0.00251044357923358 -0.0684804389106289 -0.178663094687756
0.0130526530424554 0.0153375828270572 0.0588075771534526 0.135975275471101
0.00577653163067576 -0.00115138730792899 -0.147609704220846 0.0356258724714327
-0.00280728370890933 -0.0112242572906041 -0.319818335156227 -0.293414284850026
-0.0221093516099489 -0.0226966426245639 0.101648292244373 -0.554762430903483
-0.00126106314595993 -0.0286170124384312 0.746536286104365 -0.192654512772263
-0.00690625848207928 0.0120253011706351 0.620385067961219 0.610579697123599
-0.00548971998537656 -0.0255773896650828 -0.0360961411006343 0.627062623218719
0.0122887027045714 -0.0427876485767243 0.0667496753943925 0.0359419705437221
0.0188481051416689 -0.0171307531471136 0.0217221034818567 -0.612681207087289
-0.0189066747741644 0.00520967894183701 -0.70631774506827 -0.537576801873557
-0.0372947212102741 -0.00147652275253552 -0.750962703704929 0.376410354260328
-0.0464681506574367 0.00746988392820654 0.0516130677231169 0.670670880555642
-0.00606949785686734 0.0159382378203725 0.385407093376835 0.227834486854077
0.0184998190235875 0.00477593386280739 0.200042230170936 -0.0898509615496319
0.000180081536867583 0.00186911790170953 -0.0729423326153643 -0.176010287713334
0.0164045817471288 0.0155446596353125 0.0544771212191862 0.138538451058006
0.0067885992090348 0.000720340337357509 -0.148819120455543 0.0308416596009239
0.00149804728852453 -0.00826582844187266 -0.314832136034602 -0.307463819569453
-0.0182645327708416 -0.0232975458626496 0.119008514115474 -0.557152071704055
0.00236106034725185 -0.0310440154622765 0.755898538092437 -0.163778420890613
-0.00295087817910783 0.0151222276380316 0.599521359612825 0.637097608677378
-0.00501893187935422 -0.0137377147371905 -0.0473439153560056 0.620428219609173
0.00856841855045014 -0.0285067406099699 0.0739650468680318 0.0227506433140031
0.0205058495980651 -0.00582578597123703 0.009625204710355 -0.618932602221077
-0.0136889456248108 0.00697319114604294 -0.72078938426536 -0.512491132659282
-0.0360342336701579 -0.00241129292045536 -0.73781335741668 0.403522056144593
-0.0431622070866508 0.00791638218707562 0.067618037158763 0.66101415129006
-0.000561621218217959 0.0185929948294573 0.387155933082202 0.213138621738137
0.020136935588759 0.00659100281340876 0.197262105873579 -0.0957338098599239
0.00385611406488119 0.00186053900483122 -0.0772980525793986 -0.173560886476764
0.0191945818630541 0.0148696169133149 0.0516877894940943 0.141452580924207
0.00626812082209589 0.00162114573248 -0.150336441969211 0.0306600267273788
0.00264051499925348 -0.00554664988107142 -0.312314763063568 -0.316603725327582
-0.0136504617225784 -0.0241481997068688 0.122726158102227 -0.557694864044325
0.008765049262275 -0.0328869718985155 0.756416556620706 -0.15702252838591
0.00400681596259233 0.020236672667254 0.59080781774348 0.641620416315758
-0.00688410739517074 0.00253406398067365 -0.0474792897872256 0.617130006402427
0.00105383623139981 -0.0120865478065006 0.0802984332485443 0.0148737458284872
0.0215892114402305 0.00761038874513692 0.00904009714847683 -0.622732980360349
-0.00667236810937721 0.008838687218196 -0.724345328438473 -0.503582151578705
-0.0312120168771044 -0.00688748548527929 -0.736607007971617 0.410717608595753
-0.0394459086432073 0.00700100718548124 0.0667654089836449 0.655045906617233
0.00254780325789596 0.0207003404659257 0.385195853848055 0.204135610822257
0.0196666484235873 0.00863106052489367 0.196733191878322 -0.0953703764182146
0.00703184230546407 0.00133636099009585 -0.0808458796026234 -0.170377960075959
0.0210643880347177 0.0144995412456292 0.0505888975680855 0.143682040979147
0.00364529081220873 0.00280177440211107 -0.149381201465412 0.0344625810296078
0.00311536074212047 -0.00333015621919808 -0.316048078725406 -0.315393283407271
-0.00884389010123939 -0.0261530063148898 0.111483424116566 -0.566617380128166
0.0168593199164876 -0.0370554265749339 0.748687514956805 -0.170787194208563
0.0125516213108321 0.0258679576014055 0.602200882191904 0.630522654743528
-0.00943187782090764 0.0190159979309202 -0.0373281540852112 0.616170101863421
-0.00801811607745122 0.00577807031495306 0.0835298416940471 0.0154261763693072
0.0223154371569386 0.0212985932186026 0.0165928813812433 -0.624065823725322
0.00333586146459348 0.00994780019442727 -0.718329070857461 -0.517247398378613
-0.0238993687006369 -0.012477896469466 -0.749684296803111 0.396274335233481
-0.0357517020646569 0.00444364652288258 0.0520243148984219 0.652923236505939
0.00173796160984385 0.0240707715198064 0.38196964145276 0.207476543676508
0.0161912610998353 0.00953106897205494 0.198151610882685 -0.0900166653827325
0.00788677860183497 0.00215739466640467 -0.0828667240648864 -0.168160098167805
0.0221556035218761 0.0141076481342337 0.0505745976709042 0.14677171817771
-0.000112550332589703 0.00252777940143665 -0.147720081855783 0.0433559865303971
0.00133297905682738 -0.00189487852907723 -0.325355129267732 -0.305377861326102
-0.00469851251120228 -0.028068796032286 0.0878427861832881 -0.574431168654487
0.0255725215699596 -0.0422399879300165 0.737091006626971 -0.208805246569561
0.0224816009898802 0.0298462561497783 0.624481449640973 0.602676020186992
-0.0121656497619624 0.0335850991159733 -0.018088974966433 0.618100708126012
-0.0179907495394752 0.0209008683115232 0.0833034022983591 0.0244764382566293
0.0208633380654597 0.033714179902499 0.0342761707320411 -0.624161667672779
0.0128708483798359 0.0123984213077376 -0.705266677170803 -0.549252965273998
-0.012895384130844 -0.0186432415720791 -0.774930861368505 0.367111935274757
-0.0310314528866397 0.000374772468610229 0.0219949617685455 0.656077505951819
-0.00175617229539873 0.0265219665502772 0.377137719519148 0.220369498079478
0.0104379838418775 0.0113509717315956 0.202098764382486 -0.0822021508420095
0.00890826003606397 0.00291618504252752 -0.0844074114707686 -0.166248689582467
0.00505072002142853 0.0152491483221824 0.0662124928260203 0.136061744485503
-0.00548052544200219 -0.00580053428351792 -0.135250400391366 0.0636343249083138
-0.0188177596145522 -0.0118755978584738 -0.342002766219681 -0.223507286642057
-0.0222381313058733 -0.0228337619372995 0.00418867649532912 -0.549502691158062
0.0093444035321721 -0.0349603947240865 0.679596101111035 -0.334050150977854
0.00255754744355502 0.0133737893062377 0.702389092260687 0.470387373580834
-0.0146947193676444 -0.0250608769383596 0.0337097326376924 0.638591275640204
0.00220836673848342 -0.0486605625360132 0.0428582427393451 0.0911329577771357
0.0128083231517843 -0.0223443409311555 0.0902453385252234 -0.575161312184881
-0.0121517957199533 0.00136629404982767 -0.598990511763418 -0.669774558289302
-0.0156681892377882 -0.00860889919463415 -0.819531403915542 0.215690938040284
-0.045210726141159 -0.00232241111542078 -0.0661090745761183 0.679136285990044
-0.0280191810202216 0.0115876686098202 0.357977532081622 0.2986490132588
0.00030835247634649 0.00191507118815786 0.215632391490706 -0.0531510692942382
-0.00744239812468603 0.00349397861866775 -0.0604498677528809 -0.178277316026072
0.00678386968709335 0.0146287941108425 0.0654280159539201 0.134125532611903
-0.00019910744477781 -0.00483303269523521 -0.138062894789403 0.0527134280397794
-0.0138993119372632 -0.0126140569311761 -0.33535547446744 -0.246053547760191
-0.0242721080903414 -0.0222006248508961 0.039642751959242 -0.550511103728339
0.00294410517554046 -0.0303688464881785 0.703906465360132 -0.284190590783273
-0.00429886947702401 0.0114957137247545 0.674226526282023 0.519839146949464
-0.0122941678221352 -0.0312378744644539 0.00720284276334659 0.635740689926208
0.00885629131876518 -0.0524742256196341 0.048650851989795 0.0733737332559073
0.0148877864971721 -0.0262739037377062 0.0641672778131511 -0.58821000696698
-0.0172305541108454 0.00124240512667399 -0.639511888888008 -0.622259853918535
-0.0266948185464272 -0.00478360163264267 -0.795831550650832 0.273973750022681
-0.0478187001366742 0.00190204649046866 -0.0228930793232326 0.677739146586225
-0.0204980057324061 0.0131290334252414 0.368690744582129 0.274827944237866
0.00719169339740245 0.00253550037808605 0.210395503665785 -0.0664932340616965
-0.00631641047322484 0.00289534178493106 -0.0642554449343272 -0.178125401345206
0.00984161570288278 0.0151237361653619 0.0620240096440207 0.134903598653585
0.00280280946077582 -0.00280966018845753 -0.143000090717986 0.0422950502822258
-0.00747092593712692 -0.0134600276679285 -0.327092500689688 -0.269537866263911
-0.0236649026535214 -0.0225797912659565 0.0725147959473115 -0.551642878135968
-0.00103780459848407 -0.0287939611807437 0.727501952964428 -0.233554971108432
-0.00745867597221648 0.010866097512803 0.642424253758271 0.568763396219657
-0.00839268783719086 -0.0320879945580688 -0.0173208980807843 0.628915281039927
0.0126097185053192 -0.0509907810345111 0.0577236768618984 0.0538253545830537
0.0171299063724705 -0.0242636794793181 0.0419473373419489 -0.597528973482796
-0.0189181850080037 0.00305792320536 -0.671523156474638 -0.574533816154785
-0.0331957523923 -0.00213603333426226 -0.768441884686955 0.332112442551383
-0.047711342458422 0.00545428006235406 0.0212785655038677 0.673230875155913
-0.0128010811885951 0.0137369552092508 0.378166966083193 0.249122526130097
0.0134530487072108 0.00310116127532518 0.204939718592283 -0.0796035535871961
-0.00316921648360309 0.00249687123498487 -0.0679964490312721 -0.177616624172479
0.0131658904895572 0.0155417096907368 0.0580490725560074 0.135417564549554
0.004490054460561 -0.00148267005761505 -0.146071225135347 0.0340485491252285
-0.00296297080351556 -0.0115159902103621 -0.318145899764569 -0.291595894016625
-0.0217123681526752 -0.0222361446688754 0.101490429616569 -0.548696448740306
-0.00109478570070831 -0.0286093251322165 0.74304138611248 -0.190210138998656
-0.0070824371733398 0.0122601475317579 0.614727821233791 0.606616443658878
-0.00540912222386832 -0.0254590254135795 -0.0357092185252951 0.622256869403106
0.0118752119918633 -0.042441013310383 0.0660776334300748 0.0353115154501166
0.0189247316882874 -0.0173306763814957 0.0218833409755025 -0.607436523351415
-0.0178036393364235 0.00495795961098906 -0.698650820021752 -0.534304828724198
-0.0363270809047929 -0.00107728502543394 -0.745615066460202 0.373894568115026
-0.0464216523273069 0.00750554544625992 0.0517196511606401 0.665225125611563
-0.00518000142730046 0.0152131355689077 0.38277660381209 0.227584567539249
0.0185347668115012 0.0048032320747622 0.198891098236279 -0.0889715216268072
0.000845519206826603 0.00168594670061638 -0.072856356425672 -0.175344945464191
0.01656258202154 0.0151120801812905 0.054757332877576 0.138283200915568
0.00600314570126105 0.000160437419850022 -0.147563404211868 0.0299364802842912
0.000961164278043974 -0.00858351379794675 -0.314278066626552 -0.30697961841934
-0.0175412297377494 -0.0237026005132079 0.118634747606562 -0.551143164929022
0.00228030095182503 -0.029396837329787 0.750144242914624 -0.160785910209818
-0.00243001735673745 0.0154795901262548 0.59368283445281 0.63035342687057
-0.0049082180052634 -0.013992466959191 -0.0477183112963303 0.615543158700648
0.00795327189920486 -0.0290807792926029 0.0738702454239657 0.0219704477388657
0.0207801564509857 -0.00641677949562288 0.010995474694427 -0.612184696717586
-0.0127050556860686 0.00683443983560995 -0.714309134378854 -0.510268845640827
-0.0357564202401852 -0.00214004782594757 -0.730469646502933 0.40097827684556
-0.0433205993998072 0.00736529541668383 0.0655964653772418 0.656921431366384
0.000332888548634055 0.0183454269776614 0.384986845234746 0.209756770762957
0.0199410939713977 0.00617824534273323 0.195385350098273 -0.094672237322724
0.00305516701523303 0.00175848041339349 -0.0768492840714045 -0.172131214989078
0.0199213276253949 0.0145327273333882 0.0514537822966008 0.140622864762691
0.00573122313874565 0.00182124431236251 -0.149653474041366 0.029478926487439
0.00282265354979276 -0.00682916787161846 -0.311405377375389 -0.314194651666344
-0.0129579150878792 -0.0251381593757886 0.122078161947468 -0.554734294356289
0.00870000386323829 -0.0327006990691313 0.749448767149134 -0.154507465315074
0.00414841334902754 0.0200541609534415 0.5878413106048 0.637261504769105
-0.00644481073371083 0.00117033885032875 -0.0469139188423808 0.611028875460908
0.00135174198858601 -0.0128446014911497 0.0793052872572683 0.0144103250242207
0.0215207497002967 0.00600174129820481 0.00980488162716966 -0.617656803753623
-0.00525984044422696 0.00877757556350325 -0.719358502761314 -0.500421582610597
-0.0314966513447007 -0.00627397038022046 -0.730148123363554 0.405564469932621
-0.0392082167159438 0.00724895083658348 0.0667101522555341 0.649949015757688
0.00261589880036663 0.020493679904914 0.382668152579739 0.202180268405145
0.0194508473433936 0.00795454026905845 0.195042474413003 -0.0947735102742898
0.00679462903244968 0.00211731354950062 -0.0802688628222952 -0.169130187486842
0.0215642543217586 0.0133609774247115 0.0492475361813952 0.143235154823281
0.00301874568059119 0.00213293638851609 -0.149484932084961 0.0335042158522646
0.00319747799948865 -0.00467169182137442 -0.31589820522535 -0.312884054652334
-0.00780636216540663 -0.0264596563130407 0.109543016762734 -0.561219719643608
0.0165821785453961 -0.0368593029172276 0.742134456561587 -0.171223510251029
0.0120593529875492 0.0253998933729162 0.596217216279169 0.625217453357394
-0.00976070651853569 0.0182504730307896 -0.037234533625217 0.609458624252422
-0.00774551382841076 0.00529032802519538 0.082618935807775 0.0161139632413072
0.0222012021696209 0.0208060186026323 0.0184423770038372 -0.61884837294347
0.00410349455765408 0.010391774153832 -0.709977508521333 -0.514520657749366
-0.0234601505482673 -0.012249251074691 -0.743570047967888 0.392963033239261
-0.0353278045449938 0.00463490404215945 0.0502620197186911 0.64793262630114
0.00217172424593648 0.0238647519817586 0.379119227183854 0.207086578064765
0.014856363684394 0.00988407062351347 0.196009295154077 -0.0889027728275512
0.00810332127695717 0.0020507723186626 -0.0813691631551316 -0.166647327035791
0.0213169973812618 0.0140270077910675 0.0500295374223116 0.145559200051746
-0.000410500794066552 0.00265265906419049 -0.146859650791708 0.0417799547470223
0.00118628994549842 -0.00218047074206397 -0.32361698537312 -0.302317883113385
-0.0047316762473245 -0.0287345639524329 0.0854067887643907 -0.568913459371951
0.0246947355430296 -0.0419992338961006 0.730951505179956 -0.206688779613195
0.0219768931795269 0.0305729623225926 0.619288236815097 0.597093454640017
-0.0124659349775607 0.0326158142001742 -0.0184451451974581 0.613427202888365
-0.0181379155812582 0.0205957558558404 0.0819296284108327 0.0242022346660138
0.0210641802640714 0.0331074926459305 0.0363856048467837 -0.619356428729822
0.0136547818513862 0.0121926858803239 -0.699864375513299 -0.546904611887065
-0.0124820872700482 -0.0187743318828101 -0.766441007791423 0.362925513666185
-0.0311529227773707 0.00106533179849313 0.0226390827652592 0.650236470660549
-0.00160874124600486 0.0258961781528908 0.374975271210329 0.217896929199993
0.010168722130815 0.0111782258485377 0.200810646074504 -0.0804699581393067
0.00866880257881049 0.00249561130090424 -0.0837968656230013 -0.164933307216882
0.00580359538947359 0.0148485874371606 0.0655613884104376 0.133726906394523
-0.00614765564867957 -0.00591715780672895 -0.134730616888095 0.0618593296707754
-0.0183471154982926 -0.0117551528042476 -0.341523833573824 -0.222488049372017
-0.0221321725563485 -0.0232736152251823 0.0047570413725508 -0.545758906191909
0.00909312910343437 -0.0343790596137875 0.675415049439102 -0.330091184486937
0.0023036426791746 0.0132839196258745 0.695671965193992 0.467945764037048
-0.0151950078085461 -0.0256798543641231 0.0319024726690757 0.634412883014351
0.0017270053576177 -0.0478693046983826 0.0419094110650314 0.0904162004094291
0.0127874955397767 -0.0227026195924756 0.0908706019725893 -0.570030261755
-0.011105611164204 0.00176763949711981 -0.591730972273915 -0.666171395831559
-0.0160601536962656 -0.00926444928265749 -0.815611483360924 0.212624953232625
-0.0448818873735584 -0.00271724689753837 -0.0673873297971549 0.672375545959085
-0.0276357466246716 0.0124379173717392 0.355503938807288 0.296076446283915
0.000403685500086928 0.00159227500744393 0.213968129078603 -0.051692555364812
-0.00787881242596881 0.00317596848566436 -0.0599329642737691 -0.176867722427168
0.00757986910761866 0.0147158261029304 0.0642255108652144 0.133045455884965
-0.00112197678782088 -0.00493177388370786 -0.138441138161794 0.05023956647387
-0.0142079073495761 -0.0130838516968337 -0.333898915157335 -0.24409284774928
-0.0230123615753406 -0.0226383258323822 0.0413426258260016 -0.54588744918687
0.00294721093941015 -0.0304189340098894 0.701935939784408 -0.279376996419628
-0.00403156333070806 0.0114760423932216 0.667913585715835 0.518622386392508
-0.0119750126070429 -0.0316786655134598 0.00562186759294309 0.630712709933129
0.00913992526477595 -0.0527384536064866 0.0481842727285749 0.0730832803174404
0.0151998729030943 -0.0264379744212986 0.0663446288990151 -0.58383588696657
-0.0165623500082319 0.00158121172641333 -0.631982612852404 -0.619499425925318
-0.0261209339771028 -0.00468120634872396 -0.790732884367357 0.270265405498126
-0.0472569069986567 0.00171296609252495 -0.0224417765058425 0.673001994351054
-0.0199809450420417 0.0117749761694433 0.366014599098131 0.27250729214168
0.00738182168165644 0.00185012257957744 0.208713784614333 -0.0651559429352193
-0.00482038105427932 0.00274190933768008 -0.0632299855948065 -0.177201667382411
0.0101175618375808 0.0148185254255285 0.0606237849596965 0.133669452281476
0.00201276475146547 -0.00301411747864086 -0.142809506000803 0.0406782504647549
-0.00834060046383503 -0.0130474024906324 -0.325423045385514 -0.269171770554485
-0.0228717969677289 -0.0226126749016066 0.0749276448639997 -0.546112189700351
-0.000615895191966264 -0.0279987323718248 0.721216134374881 -0.229144767499569
-0.00720196343229391 0.0110985028258199 0.635847568522279 0.567320808420653
-0.00780456906867254 -0.0319026080461029 -0.019444842005777 0.625754401913431
0.011812741600484 -0.0508546435152228 0.0560098708005487 0.0531791822079421
0.017278174537343 -0.0244367081007026 0.0430337823774523 -0.593155973735051
-0.0185473429514705 0.00180708111834151 -0.666444522222011 -0.573454238344374
-0.0327367173090459 -0.00153972179564374 -0.761888122382252 0.328493702730546
-0.0478376602173339 0.00511393608157685 0.0195149859522713 0.666160440333052
-0.0123875293331493 0.0130848726858003 0.374849794211679 0.24832362027602
0.0137418914255427 0.00326856066454925 0.203129963629553 -0.0778483580109717
-0.00259140100369319 0.00304010125360976 -0.0672081772041987 -0.175989864557386
0.0136933813011642 0.0144268321205717 0.0577094557663936 0.13468005809855
0.00445151694825887 -0.00114110984913555 -0.144545069943841 0.0323308964780619
-0.00348723593382057 -0.0114949641804645 -0.317405995004189 -0.29096448562948
-0.0206644565314755 -0.023101080007767 0.100540647435154 -0.545000516298811
-0.00181578456931435 -0.0284155269461989 0.736601080541693 -0.185799615689936
-0.00690265168141953 0.0119674607472802 0.607694351446379 0.603199187191354
-0.00579510693052306 -0.026089945932884 -0.037276465776381 0.616772007598001
0.0120092467969474 -0.0425468986722601 0.0652775324974375 0.0351111280776711
0.0192054390813647 -0.0177518575031132 0.0239749906199044 -0.603157506310265
-0.0171581680764403 0.00468141687123515 -0.693731156081117 -0.531564456167017
-0.0364171530814264 -0.000484588202522038 -0.741064869569152 0.368534853737237
-0.0459162216511752 0.00687035587451521 0.0512071868295728 0.65930601022856
-0.00538690090664673 0.0156798181018546 0.380120139874819 0.225663511504458
0.0183156662287043 0.00438045846733571 0.197527685105645 -0.0873065901160322
0.000137287819006735 0.00231522992139816 -0.0720030686400166 -0.174231301933283
0.0169188681743771 0.0138692823240007 0.0538708801946342 0.136959700264344
0.00535801492557151 0.000162493247170242 -0.14752626530453 0.0284459054481136
0.000626155681186503 -0.00947114375115765 -0.31214378363435 -0.305084316234748
-0.01764879098481 -0.0247862904361573 0.115978671896487 -0.546561939352349
0.0014182152334919 -0.0291765450822368 0.745121258165853 -0.158516625528619
-0.00243173402428977 0.0152314846625106 0.588033545741157 0.628092617188698
-0.00547150307626911 -0.0141822264365361 -0.0464702753693611 0.610525119969653
0.00840528979347581 -0.0289759896122372 0.0734319906349906 0.0220733147437421
0.0205270867363065 -0.00653826903190359 0.0128363277942606 -0.609979947983931
-0.0128834486071654 0.00706345058321711 -0.707957856357446 -0.506618290389464
-0.0357812406688647 -0.00210258309572538 -0.72784323424518 0.396526074717838
-0.0425397702268222 0.00783373507197344 0.0669410243709854 0.650267126530239
-0.000150196408360635 0.0177476493199786 0.381332860579948 0.209111636712651
0.0202494981774993 0.00597529223377057 0.194370219238497 -0.0929886684818753
0.00367648118619215 0.0023211823859962 -0.0759234039010343 -0.170984195632439
0.0196041620489658 0.0137321482064559 0.0505753171626806 0.139322897870751
0.00446091782233872 0.00126011827600189 -0.148104134955674 0.0275829911682056
0.00281503340880829 -0.00611174254368634 -0.31088452545497 -0.313036643062397
-0.0132450482243993 -0.0254788097266144 0.120639890693861 -0.548494128981993
0.00803118344883675 -0.0321400685826682 0.745243539823637 -0.152344458437998
0.00423116645221544 0.0199038253928145 0.582250444293651 0.632205466812897
-0.00742141654509156 0.000399654774606961 -0.0473272875120355 0.6047573873064
0.000987522354870523 -0.0119678350365087 0.0780420267942504 0.0143902537468982
0.0219773077238447 0.00587399198098654 0.0107345775398331 -0.613300200999714
-0.00458490193101196 0.00875816081179151 -0.712819869347851 -0.499405110945204
-0.0310124050476472 -0.00608182112932956 -0.727500440873946 0.402419533461954
-0.0398029591574825 0.00665882953891978 0.0666700687573998 0.645537209771105
0.00298567389281186 0.0204774858424292 0.380189389268273 0.201385983718859
0.0187820325632461 0.00760610158793626 0.193786132230998 -0.0923517540505783
0.00657094255090676 0.00203833888748566 -0.0792096021924058 -0.168569453541466
0.0214065915510853 0.0126554792302708 0.0487153929994242 0.141801184697532
0.00232597026790449 0.002213014319918 -0.147972345090496 0.0322968131003679
0.00306302155061182 -0.00400877738371063 -0.314264034164606 -0.310797246045741
-0.00757376747370562 -0.0272096517611538 0.111508673123506 -0.555913912498001
0.0165403227603494 -0.0361535448120546 0.736948888603296 -0.166934940958502
0.0128342554743536 0.0251543384297105 0.589097892259476 0.624098201700284
-0.0092805475275037 0.0172006472081262 -0.039085173002517 0.605611053277299
-0.00836057825396375 0.0048032863986344 0.0813568737546206 0.015968328830954
0.0213965529919249 0.0196436983478194 0.0213891338304684 -0.615379217186979
0.00470238769499315 0.00959095663162125 -0.706322184032486 -0.513351911334066
-0.0228742705252747 -0.0118144762402486 -0.73916866032654 0.38766375971815
-0.0346533767889794 0.00462450233931914 0.0497481599056013 0.644001064256938
0.0022523508672358 0.0238554897627964 0.377228897775586 0.204276935306406
0.015676289801503 0.00961509758119622 0.195199372419736 -0.0880125685830033
0.00804566596917417 0.00242394620682817 -0.0814543541309488 -0.165548635975786
0.0219033659753277 0.0128102999677627 0.0486592934071066 0.144575403094427
-0.000924640858520594 0.00227922681727244 -0.14635085122798 0.0397832153805057
0.000574547003114378 -0.0019478825443947 -0.322442504335271 -0.300722394791674
-0.00424948560817229 -0.0288159842738084 0.086651640056232 -0.564943510976003
0.0244786850352256 -0.0409316689589952 0.726309803022275 -0.204451137165648
0.022006671609699 0.030035357506796 0.613863952956276 0.59492920113892
-0.0125797346130507 0.0328166562992264 -0.020530229545083 0.608109133905642
-0.0180015979767808 0.0201970605210298 0.081200366971304 0.0240578265473946
0.020493040652428 0.0321107342223949 0.0385424407733121 -0.613606612527737
0.0144650992724562 0.0126710426092759 -0.692558277628127 -0.54596689788301
-0.0117255838515407 -0.0179298581940598 -0.76381844799826 0.357920347714636
-0.0312588870674047 0.00124843339919482 0.0200924404226126 0.645554210089872
-0.00176008563776519 0.0261831166297116 0.372320694950417 0.216897487428375
0.0104118182189459 0.0111900371365779 0.199303253905609 -0.0796693119659896
0.00908810551684623 0.00243190454124183 -0.0826712624999754 -0.164031667813139
0.00578064016636214 0.0146741276856455 0.0651733490846089 0.134248514482042
-0.00678987413580327 -0.00529255672621184 -0.134226333932397 0.0598646772726417
-0.0193019992439504 -0.0123541933487638 -0.339939268662637 -0.222695464299795
-0.0217100643835508 -0.0241974621690676 0.00697156487528869 -0.542197043490046
0.00923984165877455 -0.0348174555703013 0.672544560538008 -0.326307126713213
0.00329539558201322 0.0128512540096928 0.69076101333539 0.467814557471642
-0.0149383414113197 -0.0254211161823841 0.0302952423857814 0.63106795655184
0.00151048278617419 -0.0486426279548534 0.0417857400744712 0.0900651805784888
0.0134957797977886 -0.0229790498952304 0.0929748786873629 -0.569127417146012
-0.0109314547101874 0.00130869939026718 -0.588519077102686 -0.665148542950811
-0.0156838850074642 -0.00896351722288341 -0.812498345922256 0.21092362662565
-0.0446185968999277 -0.00261331878490847 -0.0682626098438193 0.668882822257885
-0.0274995343801646 0.0114547622956166 0.353071884319726 0.296639742399729
0.000211559200655316 0.00164451973673107 0.213397326126246 -0.0506216830684653
-0.0079958674081563 0.00305840075248312 -0.0589902325990305 -0.176619104896553
0.00810058165770528 0.0139793607190693 0.0640336543003532 0.132510822964076
-0.00215397312155624 -0.00517833598332803 -0.137578508150085 0.0484820922607989
-0.0142206834359854 -0.0137879433683554 -0.333131381080465 -0.245667125625677
-0.0230908552502379 -0.0235658495411506 0.0420319097029256 -0.543193596096538
0.00289656852824197 -0.03004451384019 0.698459685632431 -0.276571453310307
-0.00425812181317052 0.0114739333163046 0.66216437059201 0.517995696766989
-0.0119057458072261 -0.031607703713343 0.00291059312334069 0.626202583365885
0.00875780283641607 -0.0526056693010559 0.0483191439401563 0.0719631621043212
0.0157266859856067 -0.0271631236202878 0.0693550276270091 -0.579769556120392
-0.0160829852432519 0.00173831484004406 -0.627951698804074 -0.619070963378746
-0.0258774157627579 -0.0048940100575326 -0.788086172550153 0.268222723592502
-0.0476010231055335 0.00133223840590837 -0.0227612520151022 0.669919392698132
-0.0203310045462088 0.0118145230377655 0.363673831445813 0.272919738182438
0.00744366758946637 0.00254468812758486 0.207608237215905 -0.0645729340347973
-0.00507254284480602 0.0022403548613288 -0.0631261574447591 -0.176834106718545
0.010232992567713 0.0139558965978488 0.0607175577275311 0.13377655701571
0.00184343110024814 -0.00284461839277493 -0.141504920810313 0.0381686130778647
-0.0082590106385366 -0.0133086613820449 -0.324812356614724 -0.268700394062867
-0.0227266858391821 -0.0233112933049562 0.0758504514349709 -0.543482223917724
-0.00130863827412033 -0.0277425522088011 0.719400334524175 -0.227016634740219
-0.00718163574765654 0.0108175147115861 0.629644849886748 0.565085688410707
-0.00798985147426555 -0.031802187153665 -0.0209482063536838 0.621848767153883
0.0125319673598452 -0.0508563936948728 0.0558121835566585 0.0527690686577994
0.0171308047794013 -0.0255277359495918 0.0451979361195239 -0.590795187610929
-0.0182787409946644 0.0024309754565603 -0.662796096012945 -0.57279816376052
-0.032372942380109 -0.00190842653453714 -0.75992193487713 0.325113802636141
-0.0475419954608334 0.00477729085729094 0.0176526167076878 0.664880774174003
-0.0123461321648385 0.0128208577627609 0.371994776449967 0.248806385757732
0.0138610524919033 0.00357121961452411 0.202712940984759 -0.0772090646155997
-0.00293498368094945 0.00240454744928448 -0.0662656952807957 -0.176214667398465
0.013815136569875 0.0139748032078238 0.0563107151866415 0.134280108259424
0.00417219500749655 -0.00147119628122059 -0.145019664838187 0.0306923407562605
-0.00358365998009288 -0.0116960973847272 -0.316741692647502 -0.289118500305038
-0.0205967856109986 -0.0237722065981697 0.102638240117368 -0.541749933885257
-0.00159134162790737 -0.0268369500776163 0.734627757557816 -0.182512808744337
-0.00621746152235048 0.011401915809022 0.603773082796281 0.60366747474702
-0.00583239091270404 -0.0262214624033168 -0.0402184680271224 0.615147673793743
0.0124585695994481 -0.041951159762529 0.0645869923822116 0.0348855076451726
0.0193695016053308 -0.0181076232297678 0.0272287448340323 -0.599526815221165
-0.0170151565701475 0.00500981544629279 -0.68881603343435 -0.532812549725195
-0.0362403089098807 -0.000530436501388624 -0.738704035606136 0.366234678857445
-0.0460911215281233 0.00735896894566599 0.0498090079280893 0.657118868370622
-0.00608493381236802 0.0147841574337527 0.378127440597643 0.226764366166822
0.018659807696245 0.00426901384068341 0.196976831954513 -0.0863930922973341
-0.000173889174354467 0.00202444582298794 -0.0704769894594786 -0.173375039872645
0.0173101061911945 0.0137262660820808 0.0523149865911186 0.136405827933439
0.00565647553747299 0.00063195637958425 -0.147275175062564 0.0264267843787032
0.000646322825361386 -0.0094054821058626 -0.311685207908022 -0.304604561267997
-0.0175395521314302 -0.0247074236759071 0.120376196958246 -0.54470324432359
0.0016642094373897 -0.0292620107074274 0.742473094979439 -0.15495158879951
-0.00196058331059252 0.0146725955810372 0.583462882616675 0.627718642632779
-0.00558611956639176 -0.015461398337874 -0.0497976368452356 0.607762545246573
0.00774824708815588 -0.0289104238681325 0.0720325226526743 0.0219502373114084
0.0206880391844669 -0.00754798536162462 0.0159811196880183 -0.605811407064575
-0.011477937852521 0.00659605724953913 -0.703153159382435 -0.506554591688058
-0.0350883082956935 -0.00239745052077942 -0.725086993125134 0.392920501175093
-0.0430831122344352 0.00788619872558499 0.0660531889701081 0.647817487883983
0.000984673361085542 0.017874441719881 0.379413646958162 0.208834914222499
0.0199022052428827 0.00599412756375932 0.193627227120036 -0.0917714760326364
0.00343679180959844 0.00243596473679724 -0.0744296971483578 -0.170845491497314
0.0198914752311926 0.0126238659101774 0.050252091250011 0.138765192938627
0.0046138150726299 0.00188694327590083 -0.147822536869705 0.0260340930931581
0.00276873009102293 -0.00665737253055784 -0.30871753602798 -0.313100014949829
-0.01269938723825 -0.0258482783899254 0.122474825245631 -0.547061536115781
0.00785842340860639 -0.0321387729122927 0.743797795394418 -0.148480864862803
0.00449715692423889 0.0193340071891999 0.574940694571714 0.631786277968911
-0.00742820301618342 0.0006553731878398 -0.0498381570897167 0.602528531458797
0.000926215896061022 -0.0122187022102276 0.0783096518234704 0.0148321331941514
0.0214758536549678 0.00521526253958348 0.014826606084868 -0.609298097770071
-0.00396241921518664 0.00772389126380407 -0.707544148886847 -0.499532023176225
-0.0302908114479816 -0.00631138730494124 -0.725264700543281 0.399194677617324
-0.0391333231098297 0.00688079977832427 0.0648720790844441 0.642409389663304
0.00237848644400684 0.020346114513869 0.376662811357002 0.201405480934886
0.0186286908559361 0.00782063198315661 0.19301367167074 -0.0907709041186667
0.00713709470275325 0.00204430206382027 -0.0781014565227133 -0.167379629919575
0.0217328863148535 0.0130065134470137 0.0476182238135987 0.141818226781955
0.00135311181318068 0.00260878725941142 -0.147537740877405 0.0306465564382265
0.00299681202741188 -0.00483504445821175 -0.312899777062908 -0.310991577443678
-0.00815782012821458 -0.027545948831485 0.11331833157109 -0.553810642256656
0.0159903285759867 -0.0353697201724053 0.734595623213872 -0.164607446688945
0.0129830236891951 0.0253370476391439 0.585495298206582 0.622377693628168
-0.0100499369749199 0.0168511566336916 -0.0401605863118096 0.603928150216322
-0.00826022685672808 0.00438514726604266 0.0810377975980184 0.0163620527901798
0.0217055820513586 0.0192019943441688 0.0232324833689585 -0.612863311881241
0.00440242257128627 0.00988600641174487 -0.701876627845796 -0.514077906302713
-0.0228139635126683 -0.0114513946318559 -0.737215025217974 0.38645066355987
-0.0353669693149177 0.00492436902640901 0.0482431836205477 0.639137258261055
0.0021942939350897 0.0238729802137457 0.375544415582092 0.204546751457071
0.0153685997555638 0.00963211889455077 0.195137215696254 -0.0871529961898607
0.00789012012578738 0.00229721218568076 -0.0805708884657499 -0.164991202604856
0.0221480972643151 0.011804896728693 0.0480458946507362 0.144228904564066
-0.00201470486587788 0.00251298461779956 -0.145745651111727 0.0390441077486221
1.29273866064806E-05 -0.00222141771727857 -0.320963835878072 -0.300345191989537
-0.00311697283501599 -0.0294147809620138 0.0892641688732321 -0.562165022065954
0.024264564823786 -0.0411875541211973 0.723825130434769 -0.198369489504739
0.0222034143884846 0.0297936426563854 0.608902693149376 0.593639599351959
-0.0127823582941707 0.0309394887208538 -0.0214221142071623 0.606707482723773
-0.0178052231864904 0.0194393026176716 0.0806250756237717 0.0243070871275987
0.0199179666096092 0.031585874723409 0.0401247713604803 -0.611076151387787
0.0149469891051533 0.0121119211482807 -0.686370769355639 -0.544114831195576
-0.0118155404544492 -0.0179755964793212 -0.760816575671053 0.353663575025115
-0.0310442274459287 0.00143477510926642 0.0199506795902264 0.64244734508655
-0.00195655116872922 0.0260247462020163 0.370563563090573 0.217121020638857
0.0098414866367615 0.0111046728675527 0.198995790817942 -0.0786095412975655
0.00830785366302191 0.0025818356747544 -0.082075315164212 -0.163111317017406
0.00571517318735028 0.0130241206680879 0.0641530067775813 0.134830414195842
-0.00713140115787329 -0.00573100315185493 -0.133729370019512 0.0582916176414259
-0.0192365799383165 -0.0126644346775163 -0.33884596949822 -0.223198556798727
-0.0209387475526115 -0.024246338892473 0.00932535327073854 -0.540107923584408
0.00906432215452271 -0.0339459753293538 0.672009644988795 -0.32144027473055
0.00321868389641567 0.012877891443218 0.686567204283229 0.468431793525642
-0.0154198178353396 -0.0263039981948218 0.0280731268711443 0.628807470290699
0.0019686465894742 -0.0483145255126249 0.040911126560857 0.0902210362238165
0.013049804037693 -0.0239116718785647 0.0951712665263137 -0.564350771684358
-0.00997068459650883 0.00120555482537558 -0.582667216324001 -0.666439649238506
-0.0156997500827709 -0.00925068825522243 -0.809361298956057 0.20750574928343
-0.0449038190055273 -0.00274357411536979 -0.0687419477925919 0.6673388536706
-0.0273439644130652 0.0110589166341975 0.3521073280049 0.296940981213644
0.000442610699153892 0.000336296400491733 0.21297632186312 -0.0498298619050235
-0.00797729508283565 0.00297105414762451 -0.0579564958824848 -0.175604578322846
0.00793060573049401 0.0126744353347436 0.0634173941762639 0.132923471914803
-0.00228415416424535 -0.00495273232657093 -0.137774375003528 0.0470291184160343
-0.0147807750589183 -0.0140309622894756 -0.331558578797935 -0.244758961247218
-0.0228686535803936 -0.0239208689281939 0.0442179687498141 -0.539898859182027
0.00277787913411318 -0.0295878230593636 0.698310204618348 -0.272303774050803
-0.00341467945380006 0.0107885088018608 0.658162184917943 0.5189352262726
-0.0120361714986632 -0.0322157440237784 0.000135999552658307 0.624699517987469
0.00838974977490164 -0.0526342810930338 0.0466705892194921 0.0722843165684147
0.0156849723768816 -0.0268154289402134 0.0700794569001265 -0.577829384865301
-0.0151167193530581 0.00121603553561948 -0.623445839444737 -0.621319801254402
-0.0257022780115401 -0.0048173169678161 -0.785461730150162 0.263633309724916
-0.0476003106950039 0.00145068231338111 -0.0263460563645044 0.666128206799673
-0.020407928643038 0.0121262537634428 0.362093954754869 0.272478004963921
0.00714280932906242 0.00211907559376289 0.207438538784922 -0.0625476160995915
-0.00607722158511012 0.00298066733273135 -0.0618991886127503 -0.175967924664728
0.0107802735867788 0.0133066770497147 0.0598366487573696 0.133827350016983
0.000146961694037986 -0.00318019528797053 -0.141941750967536 0.0369247132817323
-0.00878781635062761 -0.0137790004238071 -0.3247115773843 -0.26801285191198
-0.0224511352054458 -0.0237099857662467 0.0786304191859766 -0.539810711292332
-0.00136299502776984 -0.0274537714061544 0.718904028264299 -0.223319837584074
-0.00627972467704067 0.0104850669295464 0.627340409585026 0.566810103717952
-0.00792452881406167 -0.0328182447385492 -0.0233361788736125 0.619220002558554
0.0121661461672728 -0.0504126115532118 0.0552686995431214 0.0524111890975963
0.0173644369401802 -0.0247880375901203 0.0479756543975579 -0.588645362194809
-0.0167325093336594 0.00248108343299476 -0.656314221280126 -0.573969433340157
-0.0327381220403623 -0.00238595446990677 -0.758157311302557 0.321387816936729
-0.0481504010115275 0.00497643236166228 0.0158855868192619 0.661785086766107
-0.0120945281875896 0.0132011923100483 0.372203092701646 0.248930135897735
0.0131454866925141 0.00271947276593895 0.20174973850424 -0.0762231790147142
-0.00204769406839374 0.00246025336561643 -0.0657084166951975 -0.175502933703166
0.0135600398858783 0.0133198960635885 0.0560823638713411 0.134030950280394
0.00342628074910433 -0.00136077207368673 -0.144056352127542 0.0291804227332674
-0.003608352907936 -0.0124303397652233 -0.316428587267991 -0.290199157777352
-0.021157426226854 -0.0238861453604599 0.104650907978165 -0.53926245123825
-0.00174883583875195 -0.0279221785605839 0.734388508618837 -0.179568979578244
-0.00675933755407709 0.0112777851556463 0.599013522254775 0.603640468228196
-0.00531615883056511 -0.0264960232229396 -0.0408771540053645 0.612150876959654
0.0117219035074492 -0.0420071432187918 0.0637525867741672 0.0351647162232599
0.0191671979941047 -0.0189759978551864 0.0303703731506813 -0.598642473633747
-0.0158337602707713 0.00483003329525779 -0.683061134462716 -0.532524285289287
-0.0356998980322365 -0.000618285539814436 -0.736889709881552 0.36194253161915
-0.0456575069006787 0.00683215645164508 0.0457142212537446 0.65300289447253
-0.00503234354777346 0.0148283331586728 0.375471111554924 0.22549146976667
0.0183971818228769 0.00388714000504807 0.197167530254789 -0.0856207016148481
0.000756448708242168 0.00252261352410817 -0.069749868117512 -0.173139108616737
0.0173525617763756 0.0131776929234178 0.0518514308109029 0.135779122302551
0.00397726702626596 0.000572715163036382 -0.146636815598666 0.0246537760787832
0.000223932568967388 -0.00957238626942335 -0.311071035054823 -0.304313688766406
-0.0175787397233266 -0.0255579704258194 0.121028636712199 -0.542209180103772
0.000954702262821027 -0.0281957162770053 0.740990220126342 -0.15206956430535
-0.00243365711980729 0.0148336882351092 0.578964490372329 0.625848495009528
-0.00574689169001543 -0.0147037633447946 -0.0519347604491124 0.604909241381933
0.00754658960087791 -0.0289299469171365 0.0721854557398611 0.0226384249128616
0.0201078547341048 -0.00791886975638425 0.0188385852260256 -0.603413582050741
-0.0111640796417126 0.00797398088176401 -0.697969094294833 -0.506918510773605
-0.0348669948475438 -0.00243565806054767 -0.723053278806532 0.389184064436558
-0.0432628045471623 0.007773878151368 0.0638253503269262 0.647025813491632
-0.000238233863381274 0.0175242548097159 0.377328705001983 0.210916550443486
0.0197148257763313 0.00593595660201886 0.192536552034199 -0.0900330245390537
0.00362434772751005 0.00203280706958281 -0.0733312437365147 -0.170311384803378
0.0202433136450549 0.012570384915211 0.0489100208400515 0.138958838509033
0.00312792588894969 0.00219679966373748 -0.147971165836331 0.0250457302982094
0.00235558519570533 -0.00691465412983629 -0.308224283831373 -0.312401483799382
-0.0127279346144937 -0.0266039170664771 0.124196971655581 -0.543896988039194
0.00741691825020389 -0.0315252164053693 0.740768389658281 -0.145026217969112
0.00442003336759119 0.0192623809185941 0.572332623916395 0.633103755807174
-0.00720482919370612 7.05080579971804E-05 -0.0527841047729554 0.599995957552946
0.000464511694566737 -0.0127114042724705 0.0779712844986664 0.0154786437941342
0.0209699270473671 0.00512925657372335 0.0161889483906167 -0.608299554830463
-0.00340595874784139 0.00808487910870687 -0.70444415635859 -0.499306683451938
-0.030448525365865 -0.00577561506358571 -0.72456824412378 0.394939743153792
-0.0391766873658517 0.00667842394010555 0.0629078719065797 0.638218098157223
0.00218123656550737 0.0206050218676173 0.375930538990848 0.203656590278581
0.0183649125669744 0.00749886252844535 0.192520355912861 -0.0899540729251725
0.00633012939603972 0.00223091712925572 -0.0780256505062454 -0.167053488898034
0.0216533456298924 0.0124323696983879 0.0475901886705157 0.141413140733726
0.00157794738752535 0.00222445997453036 -0.147754550640558 0.0285407049762697
0.00248633130919729 -0.00512170663926905 -0.312267230959145 -0.310109065389241
-0.00814906740510984 -0.0283566772881949 0.114328518660125 -0.551556959778664
0.0154090758430646 -0.0359174881311446 0.733791540159629 -0.16000976212168
0.012905371914763 0.0253617200983799 0.58130473311369 0.620860767819449
-0.0106700635175664 0.0165464833081572 -0.0426155420192944 0.599492618858001
-0.00853572821893047 0.00409873391414283 0.0805356400478729 0.0169145087081716
0.0214348275974745 0.0184138370815827 0.0257382508260982 -0.610282210251792
0.00566338976291176 0.00952485891279094 -0.696150079383264 -0.513650196464103
-0.0228372256354416 -0.0118966617250923 -0.733967725544345 0.381809824014325
-0.0356972034137449 0.00494978282133204 0.0460366615729563 0.636461115822712
0.00133393932818141 0.0236128372510032 0.373740377113504 0.205861109420083
0.0154043859995322 0.00937737431244063 0.193981643908661 -0.0849920989334332
0.00776817950509056 0.00227650840854928 -0.0792104971906114 -0.164961216098714
0.0226659692843566 0.0122772635877785 0.046833718146236 0.144147611539123
-0.00241637891739169 0.00265100856543242 -0.14612371201327 0.0378000274330956
-0.000296951493200632 -0.00329960076084244 -0.320499295516445 -0.300384596451016
-0.00319577089741103 -0.0305446382307382 0.0903034755921042 -0.559193433877031
0.0239034537822437 -0.0409464123667863 0.722441446111753 -0.196339403119643
0.0212673289592475 0.0292087399802527 0.604081805393211 0.594271518904747
-0.0133463918238175 0.0310118454264839 -0.0251684568912698 0.60379714124343
-0.0187677873958575 0.0189699978450086 0.0793592692436891 0.0245268220281175
0.0204427965790907 0.030738357731388 0.0437386189572202 -0.611253914594986
0.0149259692090535 0.0118766164610064 -0.683448405976595 -0.545624445247987
-0.01205684089168 -0.0180170633664146 -0.759789483519294 0.350841457593637
-0.0314628183927844 0.00129901412704136 0.0184143408979196 0.63984353770056
-0.00214340501963519 0.0255394519656981 0.368499641497087 0.217303372134656
0.0100582217995437 0.0112211801449337 0.198583663461602 -0.0766137887021544
0.00795817589898831 0.0032673019303109 -0.0809835487463511 -0.162688235046195
0.00578151049961238 0.0127086173951343 0.0635871998913847 0.134121988610346
-0.00814672818682367 -0.00619277531559919 -0.133703289180779 0.0559262453151658
-0.0194695785128251 -0.0133722713860956 -0.339301742004123 -0.223821500624591
-0.0210683956373889 -0.024584501099633 0.0119984341988669 -0.538170579566932
0.00901698413789454 -0.033684010707967 0.672089818639494 -0.319158859104453
0.00293587254340155 0.012355371870954 0.682404875023581 0.470941221372319
-0.0151500176600844 -0.0265118164386018 0.0253159637363187 0.627436312151819
0.00228193476617045 -0.0478825587343231 0.0398768880862051 0.0898196404502762
0.0134920061748799 -0.0239033457838893 0.0982410576770307 -0.56492514608497
-0.00984728996268509 0.0015755908806598 -0.57857896069366 -0.667161787288813
-0.0167919245916851 -0.00869464514553581 -0.810231244814347 0.203818650412936
-0.0449506942325795 -0.00278261902004608 -0.0705884759072247 0.663946280343944
-0.0268516879841317 0.011794724657349 0.350658091077691 0.296242970568533
0.000482274364977316 0.00121317565343579 0.212987946931743 -0.0481724882537372
-0.00868443942371483 0.00324128599730664 -0.0575151875015159 -0.175701703440923
0.00791565754270556 0.0123501183778606 0.0625909849045849 0.133338611348077
-0.00341194747953939 -0.00588049590358963 -0.137682172033486 0.0451652205639279
-0.0146425998547586 -0.0144346656931809 -0.331286840455834 -0.245466789499189
-0.0221510114584814 -0.0243490339319781 0.0470632903137216 -0.538741888819764
0.00193910496350343 -0.0296554113957073 0.699828337158605 -0.268016367243443
-0.00322011757084807 0.0110435226742079 0.655628034324559 0.521974304070018
-0.0116657214494307 -0.0327859490775479 -0.000769814071084084 0.624192039440323
0.00873201854674537 -0.053012227117965 0.0468159228964513 0.0726871631288739
0.0159173743993732 -0.027743845105712 0.0725840712808692 -0.576225404390212
-0.0147196009835909 0.00123040417795178 -0.619065572873674 -0.621594009871061
-0.02580642364058 -0.00464553069980971 -0.786268350646787 0.26059001725326
-0.0473537774102484 0.00088787582908852 -0.0265313567515937 0.663380181802055
-0.0204330744898319 0.0116646748609757 0.360190450082146 0.27328858587702
0.00771692967134941 0.00160934433451433 0.207041868838049 -0.0615882497874541
-0.00561251759821059 0.00262125007466571 -0.0610179984476857 -0.176329957807438
0.0102872211422302 0.0131343458035754 0.0589259094879556 0.134049670643041
0.00068378541254252 -0.00373567217214224 -0.142022837227146 0.0360639765142014
-0.00905109402658579 -0.0135505176454109 -0.323537890648289 -0.269706499764034
-0.0220473969976961 -0.0239322563141325 0.0796402328751498 -0.539177540637526
-0.00165857061084416 -0.0274148106201981 0.719575979681755 -0.21869007059638
-0.00689315061749314 0.0101310826442093 0.622759560544238 0.567849069536229
-0.00756825725442672 -0.0326016491266894 -0.0252477777161214 0.618083251744515
0.0119495215960694 -0.0509386257408383 0.0546576205173056 0.0527401855224168
0.0180049030467567 -0.0255795414267466 0.0515408549563816 -0.588038983828934
-0.017115250580864 0.00299184765176687 -0.654246040857645 -0.574891241607189
-0.0328591914881101 -0.00158753096311526 -0.757959680142278 0.316900215778761
-0.0480784487585689 0.00458761504874989 0.0126110955653813 0.660383925360401
-0.0122926576649883 0.0126813050112523 0.369486068395617 0.248643438928976
0.0137127525995193 0.00276662315858057 0.201958632982985 -0.0746632536802143
-0.00251452967156158 0.00286301758116497 -0.064198114728696 -0.176096210001075
0.0136954351738442 0.0131094879646194 0.0556504598264676 0.133358948257554
0.00312574196954919 -0.00147390154244313 -0.14455299003913 0.0276166782697622
-0.00357850720465633 -0.0125013374957766 -0.316357662401561 -0.289767545166922
-0.0202730207930892 -0.0248226956004964 0.10713931084903 -0.536727893415152
-0.00160024587473221 -0.0272566830820076 0.732917180300545 -0.176779978522431
-0.00603623078869486 0.0108435702532221 0.596021862881778 0.605795434636844
-0.00576345880369236 -0.0268087610550799 -0.042478205610964 0.609533392858322
0.0122870451028893 -0.042303402644254 0.0635867576819738 0.0357310892712155
0.0189144712304106 -0.0185775730314737 0.0337112075601491 -0.596017725110664
-0.0154941636973578 0.00462359715716293 -0.680447628966743 -0.535860535667566
-0.0357907178300828 -0.000245021499974605 -0.737934226530262 0.358248058778495
-0.0460842372049385 0.00691309056947106 0.0447834688210144 0.651811228522758
-0.00530836184592917 0.0143559027318789 0.373696764587117 0.227767476263679
0.0180618836785466 0.00441521732003221 0.196342112072229 -0.0841062805710735
-0.000174454980314011 0.00172365127232813 -0.0691643506504211 -0.172728012074606
0.0171318969157393 0.0126487966024631 0.051331307093284 0.136643227093445
0.00328166572994364 0.000699115745810674 -0.146576199330201 0.0228234247642199
-0.000291968226111376 -0.00998614882149918 -0.30950628738821 -0.304638139001533
-0.0171576621144952 -0.0261094379470697 0.124334343895582 -0.539044065059388
0.00129051718070925 -0.0288391150460741 0.740467672166957 -0.147585261281935
-0.00198163486142455 0.0148909183541306 0.574387830908108 0.628712772334688
-0.00580894883946211 -0.0154277103412016 -0.0538794092357206 0.603711340411397
0.00751279862834142 -0.0295717376838976 0.0718172449226255 0.0220759076215754
0.021387093662804 -0.00794188675182999 0.0220321807324703 -0.604288972149144
-0.0106258321498124 0.00641508398185129 -0.696325259414116 -0.510443249543493
-0.0349778588366457 -0.00153374339099814 -0.723391263895875 0.384277581229009
-0.0433836897867212 0.00804062023534743 0.0618000844538783 0.644623819626956
-5.3527794058969E-05 0.0168856558387454 0.377897393245981 0.210965687552844
0.0201824980965222 0.00549741861498132 0.193410439743669 -0.0890609585039143
0.00394271446633282 0.00212440313490641 -0.0729281513678921 -0.170140950091857
0.0195883850091672 0.012384346625454 0.0486033485113797 0.138913158950171
0.0027022945572856 0.00162455373440023 -0.148001572469001 0.0228692214289419
0.00203217828275685 -0.00742095564108866 -0.308148459319305 -0.311560563762684
-0.0126490957607577 -0.0272654139228318 0.12758663059152 -0.541984164317371
0.00745654885472432 -0.0312073709688707 0.73958196708407 -0.142574576106817
0.00421280787072762 0.0189819357218051 0.567951750634275 0.633015620686875
-0.00704224902178656 -0.000481329450857038 -0.0519030994142952 0.599210372023994
0.000452543591019123 -0.0125954238864399 0.0774542270817979 0.0154156141413854
0.0219910939462137 0.00425574262622641 0.0210998815119917 -0.607132329050651
-0.00311684386490088 0.00861498960401512 -0.701757514883817 -0.50308422348411
-0.0304659574199707 -0.00551215743257041 -0.723429230209747 0.391174484250419
-0.0393146088261992 0.00777117115280079 0.0614500720936293 0.638072925845697
0.00234994448656255 0.0202345194583776 0.376063244939476 0.203213414340678
0.0184747068822422 0.00749345831482292 0.192921699723485 -0.0887583790553544
0.0070177586125142 0.00232147972796152 -0.0766897871966609 -0.167607911228487
0.0212485134622948 0.0108629443128189 0.0468993493483254 0.141725077010647
0.00117706975147072 0.00233039191533247 -0.148666866367166 0.0270179694065753
0.00204529369476171 -0.00543648974384294 -0.311970071066781 -0.310407856727093
-0.00771131688670292 -0.0288507417772374 0.116840264460012 -0.549638983599451
0.0151337229018137 -0.0347474325467911 0.732712816963125 -0.157615828071518
0.0128666686131835 0.0251048387161116 0.576677878673643 0.622558570156174
-0.00989182874125275 0.0158530296799064 -0.0452686187446621 0.597967433117521
-0.00845874824714178 0.00437055068671495 0.0795950233462727 0.0168010347858057
0.0216641981040879 0.0178893340177356 0.0290131631296746 -0.608610694558719
0.00576269389729977 0.010248501929895 -0.692384683440694 -0.517750015267478
-0.0230155831784671 -0.011313259231436 -0.735573733335494 0.378871294816327
-0.0352502509305732 0.00452001154821762 0.0445819642565513 0.634672762917198
0.00205896430698092 0.0236148983307978 0.371404442326369 0.205602863015105
0.0156537636441068 0.0096234944742433 0.194341103668421 -0.0835834869014934
0.00821630941651019 0.00301715223765793 -0.0787306050726713 -0.163993696215803
0.0219814048749214 0.0115120095833114 0.0462509508262254 0.143696081412003
-0.00267981646528891 0.0027234686495936 -0.146284987215441 0.0357889082434792
-0.000404357544460637 -0.00295876332804526 -0.319591511244123 -0.300529303062452
-0.00365582282590259 -0.0303849496829317 0.091239690537586 -0.557573078672438
0.0240932974180927 -0.040009061993842 0.722987110582857 -0.193037875339532
0.0220078047477064 0.0290793543165475 0.60048202649327 0.596080398507248
-0.0137125212680102 0.030304224390988 -0.0273931157707605 0.601992355799302
-0.0189199045432142 0.0188170360687419 0.0797613131993491 0.0246238287529743
0.0195389723485541 0.0304206103844591 0.0468727539103179 -0.609357539918763
0.0154361889499181 0.0120316584518157 -0.680421493950656 -0.550787287762584
-0.0119668339820392 -0.0181125770473689 -0.761038009492052 0.347961637348085
-0.0313650578912653 0.00142725230775766 0.0154991238702093 0.637440335558726
-0.00151516531873966 0.0255411558907752 0.368800316527111 0.218814284580836
0.00987871785191515 0.0107262655521381 0.19914805605535 -0.0749945172978345
0.00826193999789783 0.00277084951001734 -0.0796956852327911 -0.1632699453579
0.00576721673258278 0.0122296931309457 0.0631389410058964 0.134871317204099
-0.00817811384193209 -0.00656271330019334 -0.134388548805688 0.0540788693583807
-0.0196484895029633 -0.013917196038734 -0.339933815981343 -0.225802947204449
-0.0205293223714115 -0.0250203937258954 0.0146044495670839 -0.537599225802052
0.00834013645761229 -0.033898704709597 0.675250690956527 -0.315349559893824
0.00322468638507562 0.0124692175052774 0.681986771825065 0.473734123681081
-0.0154391307209037 -0.0264780618527666 0.0217899330771042 0.626950812863396
0.00175520018738724 -0.0485290005451197 0.0391754035099396 0.0894972185250992
0.0134380996769646 -0.0246099797548875 0.101180887999299 -0.564072083844997
-0.00888630180494827 0.00083097819896593 -0.577003145758638 -0.668874202148971
-0.0158078149978565 -0.00861758563936058 -0.810053867619933 0.200462076331725
-0.0451403501741295 -0.00297853508620114 -0.0745869712637993 0.665244603352623
-0.0266539128264945 0.010469827336787 0.349500547351266 0.300335719389954
-0.000671729501554321 0.00055915290760886 0.21311073879524 -0.0471098703570267
-0.0086949275489977 0.00325063884401982 -0.0561713923610061 -0.176575345344713
0.00731637820995333 0.011896895074658 0.0623767413894655 0.133409577906742
-0.00321644764216291 -0.00521739706523375 -0.138333766272479 0.0434434595811108
-0.0144523354796204 -0.0147215724745594 -0.332336253339084 -0.247226700075254
-0.0226730155458097 -0.0244841622847994 0.0484363730688525 -0.53744659894299
0.00243899171771918 -0.0302800213710483 0.699181533341394 -0.26347322538161
-0.00399209439512716 0.0110880696453129 0.653526260364816 0.524911625959783
-0.0118208017776361 -0.0333003574819934 -0.00449615960136814 0.623267191912359
0.00866559387889886 -0.0530367787704356 0.0458722117002526 0.0720987315830343
0.0152776919418897 -0.0292571828198501 0.0769532707960817 -0.577473746424159
-0.0136263439351787 0.00145493090609859 -0.61544675223649 -0.624855263423841
-0.0255302500336188 -0.0047153143175628 -0.787313550651878 0.257075144864623
-0.047779200109301 0.000593986014470452 -0.0290160613232422 0.663490544761997
-0.0201491205488932 0.0115978581442071 0.360096956551659 0.275867840824394
0.00763716431590991 0.00129584516635107 0.207752072672152 -0.0608693342877511
-0.00615979920137729 0.00252924765065009 -0.0603718772025456 -0.176188387548112
0.0109328668810292 0.0129201983796329 0.0581516461184939 0.133947552874081
-0.00030556069345735 -0.00325913357779616 -0.142679935267594 0.0339079433973027
-0.00872001278312781 -0.0136037402353815 -0.324622971175928 -0.270408689509166
-0.0219865586245269 -0.0251483864628664 0.0826331909287161 -0.5385493009987
-0.00100719656748754 -0.0272364517528213 0.719238892701303 -0.215450089600482
-0.00638208375155335 0.00987420790714382 0.621144644854541 0.570855923537512
-0.00816721265644314 -0.0332582883722398 -0.0280218674912709 0.617757056927745
0.0125153794677161 -0.0506907638405194 0.0540277353543131 0.0533714109461588
0.0180321857396302 -0.0258298255674278 0.0538953727411892 -0.587527767336908
-0.0160334071966343 0.00320378153761718 -0.650602578289432 -0.578338522813431
-0.0333454154033623 -0.00143409856742214 -0.758613714677351 0.312625638482472
-0.0487056745028749 0.00470600983318658 0.00961906620885986 0.658942881246442
-0.0120008326511317 0.0125944013402502 0.36968976128606 0.251428927206834
0.0141134120003386 0.00270780061768424 0.201752970770208 -0.0737726046746534
-0.00310511093107121 0.00234833848715127 -0.0637736943437082 -0.175931835675437
0.0133932609993043 0.012420565489481 0.0548723132201748 0.134844232747924
0.00196446514228103 -0.00152831560598902 -0.145896461813489 0.0265066519773838
-0.0042011269966601 -0.0125183845453273 -0.31609864656025 -0.291921472871296
-0.0205873162333363 -0.025291236322942 0.110539356536224 -0.536468346750219
-0.00229478571472358 -0.0267288063203139 0.735589722098115 -0.171889118463738
-0.00618915420104683 0.0105858806042626 0.592974332313621 0.607523516154024
-0.00579358114323122 -0.0276908945574816 -0.0480234678442747 0.609472956183167
0.0117252798034305 -0.0424657492207154 0.0634260909822328 0.0354977575364923
0.0190688881754498 -0.0194082532716668 0.0364859097887858 -0.596939820787716
-0.0147876138378721 0.0046310338866132 -0.678446971096253 -0.539619033033311
-0.0358570515768782 -0.000402184526841983 -0.739102418083016 0.355386852418888
-0.0466072202555832 0.00703199629737901 0.0412021620523879 0.653198313440805
-0.0057109902083157 0.0142130953605493 0.374848482981455 0.228005361705854
0.017926972217187 0.00351356922115176 0.196702587490207 -0.0828005267861003
0.000344062050863013 0.00238545272079804 -0.0684504186650628 -0.173077269782035
0.0171329283099596 0.0121737992537471 0.0510228351380661 0.136633665792925
0.0029517045531807 0.000476959546651897 -0.147381508602059 0.0216248231964211
-0.000391846674640827 -0.0101107267505564 -0.310641621844017 -0.305656778637774
-0.017440370576561 -0.0266370638327853 0.126161005527714 -0.53910584189652
0.000879662603049331 -0.0280314797110301 0.742039010978197 -0.145277143678713
-0.00214085898820941 0.0140679919586185 0.573495461794358 0.629587915862539
-0.00610254169988322 -0.0163590440377706 -0.0584072082357284 0.601712250413355
0.00751165271575984 -0.0295510962595228 0.0710783104052603 0.0232530572827628
0.0208320096769765 -0.00812256836757795 0.0250750221029016 -0.603308892264028
-0.00961171615886568 0.0072464990060775 -0.693267292366561 -0.514150390585335
-0.0350454216846468 -0.00208877214844386 -0.72587230071135 0.382725298382205
-0.0433958259708322 0.00720191947302725 0.0585554690945304 0.644683503351503
0.000369127375984688 0.016912677821362 0.376631276625315 0.212627404125395
0.0195468187562193 0.00580412475713126 0.193790645101796 -0.0878322598968811
0.00339792793350587 0.00226413225797779 -0.07184326126154 -0.170590631701208
0.0191692535670111 0.0114259789499577 0.0476516067609018 0.139023141307717
0.00185071564377949 0.00223918666372119 -0.148858344163184 0.0217634944088691
0.00209249967377387 -0.00787486511930813 -0.308446559262482 -0.313377847420629
-0.0126114138893424 -0.0281527304925985 0.129757628423774 -0.541280769324136
0.00764764599444053 -0.0312325005566857 0.741180890384095 -0.138272177905425
0.00374770597783422 0.0186127418142079 0.565862232327819 0.637289730219332
-0.00768069742989266 -0.000308382751872106 -0.0570934578788811 0.597916698472417
-9.81433104850549E-05 -0.0129152182489913 0.0766604540241889 0.0163049107235091
0.0213368417150112 0.00428140639576031 0.0244133130576099 -0.607146033051699
-0.00258740747972664 0.0083852396318553 -0.697721870831673 -0.507256048570188
-0.0304819333550083 -0.00516235818366137 -0.7255942766601 0.389238389817826
-0.0398609162177603 0.00685604689649013 0.0581423084239742 0.63778032892712
0.00232097998031665 0.0194245834389707 0.374923710481989 0.204266014185239
0.0184907326545117 0.00754622288869007 0.192607848502183 -0.0876283771241207
0.00646070010881805 0.00276457344882294 -0.076009806569034 -0.168455031394012
0.0215927916555105 0.0115430420368166 0.0465865704472339 0.141704947080777
0.000481185298763895 0.00273489938615126 -0.149055422253282 0.0254907971907543
0.00167534677677882 -0.00574581092404309 -0.312490150245988 -0.311918865449449
-0.00834745992984275 -0.030011013233642 0.118830359129941 -0.54944920741064
0.0154520098784425 -0.0351808337454268 0.73373499304989 -0.154252842955965
0.0125221299508146 0.0245210352481221 0.57526245953574 0.626458005430825
-0.0110270485558995 0.0152271499516255 -0.0474092405663484 0.599127931334958
-0.00899869722097693 0.00326649589159852 0.0792817848749824 0.0175837895189946
0.0205480664820078 0.0173227825402345 0.0329985742868623 -0.608538972484598
0.00661891229442523 0.0102088834230034 -0.689708876531003 -0.522436562490244
-0.0228298558771912 -0.0112664617503651 -0.736718171031641 0.375197424261288
-0.0359599420980881 0.00497603801108878 0.0433283894483858 0.636893997010339
0.00204893970809037 0.023265736140843 0.372400935012166 0.207689137333255
0.014496756305273 0.00938952718779402 0.195493908194814 -0.0823714117941545
0.00843428289324075 0.00254733680507019 -0.0781269092926585 -0.164959623362407
0.0214659747518533 0.0107612619894489 0.0465477953991945 0.144076067740072
-0.0037946150604976 0.00274498276239572 -0.146635051722968 0.0339983984174876
-0.000955916782469617 -0.0032701538818384 -0.320408468818741 -0.30122935117989
-0.00364948295642653 -0.0309820570451969 0.0948923874111218 -0.556821751017912
0.0233055188098605 -0.039535451558 0.724104243688133 -0.189534327549622
0.0220398721540064 0.029783077509414 0.598197190509203 0.597339087114025
-0.0136188209089311 0.0307100770142002 -0.0305984417274593 0.601267029958432
-0.0196824978256196 0.0182068513248647 0.0793956281989771 0.0246867230094123
0.0196106211062453 0.0296146042081403 0.0499073979372829 -0.608244326864869
0.0160739325461856 0.0114516889186132 -0.676133136934504 -0.55159208124551
-0.0120159905186641 -0.0176131041415713 -0.760696220559125 0.343791627020826
-0.031837892329015 0.000995987778023129 0.0129551266431892 0.639421615530247
-0.00214931036784274 0.0257396279834824 0.368772036813075 0.219498295576723
0.00988168845344496 0.0106347071113903 0.198773919928716 -0.0743395369749007
0.00846450905720762 0.00286488699075908 -0.0791326711299425 -0.163058350108904
0.00524824238651862 0.0122576451470225 0.0627319853298229 0.135091041667966
-0.00878982033683097 -0.00690300329653307 -0.135450669114418 0.0532795019423817
-0.0196686602868465 -0.0139795536714849 -0.341499828054461 -0.226751422666887
-0.0202661212889871 -0.0260025197341973 0.0172323853809498 -0.538286420634973
0.00872827582468559 -0.0336000401304835 0.677296609436921 -0.313173183882024
0.00325352040502148 0.0122316684579302 0.680094164439479 0.477612335461301
-0.0157742210246193 -0.0278379766574766 0.0189955120427328 0.628075336611887
0.0021453411325446 -0.0488729148679333 0.0389405216778151 0.0901220209251062
0.0134977563603235 -0.0251196955121512 0.105076490077873 -0.564067333726493
-0.00870992035756249 0.00170006311902033 -0.574779355594807 -0.673376592364105
-0.0160500227222441 -0.00812724702730571 -0.813469114900474 0.198199124617197
-0.0450853697707858 -0.00282057287343304 -0.0759275246246511 0.664851130815224
-0.0278920006507193 0.0104998691371041 0.349756401650001 0.302169579962583
-0.000126019060974153 0.000626627946486064 0.213977462272205 -0.0457847478627447
-0.0088656755783894 0.00389607792235284 -0.0557959742582105 -0.176758606058846
0.00751317474145068 0.0125399712290245 0.0615325021754604 0.134037565716171
-0.00409350069005423 -0.00526829964451547 -0.13899929041873 0.0419727591573308
-0.0145464710529896 -0.015158675808217 -0.33330417729113 -0.247860773804831
-0.0223104996537329 -0.0254255239958339 0.0504967172647545 -0.538700355768702
0.00183373404490808 -0.0290447893873957 0.702191149164961 -0.26028915473731
-0.00397691931864272 0.0102687416859118 0.652583737681471 0.527850288055165
-0.011696145610808 -0.0339838734095449 -0.00624486976489987 0.625271395929717
0.00865521999286665 -0.053116597658182 0.0450140089475161 0.0727567353171785
0.0165446057603888 -0.0292658281852183 0.0804255675753745 -0.575976172639155
-0.0136228073310851 0.000978516892758872 -0.61352665148083 -0.629011079431955
-0.0265314673563947 -0.00416618108650519 -0.788435069108279 0.254608481519825
-0.0483583956158761 0.000997393800036918 -0.0311925754175852 0.664091726101726
-0.0198755977705087 0.011382503281757 0.359331564707828 0.27882817427649
0.0067218626264624 0.00132664984881032 0.2084128843042 -0.0592988866244676
-0.00611217532797938 0.00253050241936249 -0.0596575159203064 -0.176542600233371
0.010787088974166 0.011900009202683 0.0580329022015253 0.134466940591444
-0.000338246571232669 -0.0035890175343347 -0.143570347545253 0.0312308647161179
-0.00940495659672541 -0.0143998977480415 -0.324786697743949 -0.271984216522135
-0.022072721453584 -0.0252030011066035 0.0831145645144408 -0.538513115195254
-0.00159361805856931 -0.0274829130261769 0.723418172074087 -0.212689753514323
-0.00615367227354049 0.0098922230901557 0.618375869227884 0.57488844425737
-0.00877754995988918 -0.0340879282221681 -0.0316956097555695 0.616456201973709
0.0118913216394188 -0.0512490686665914 0.0540930254689734 0.0530873981203553
0.0179722626433292 -0.0265952765877674 0.0578114830981095 -0.589266821320625
-0.0154970755019069 0.00248108699737708 -0.648836687357878 -0.583706064162736
-0.0324012306565652 -0.0010410309658862 -0.76263785450645 0.310018687170415
-0.0482648445544888 0.00485575295860364 0.00911360380157225 0.662510355244714
-0.0118929279663585 0.0124783047983997 0.368789477552301 0.251234928022274
0.0133546980121431 0.00254798174309605 0.203074494704074 -0.0719993323138513
-0.00301861046090574 0.00209949791177594 -0.0630530855748657 -0.176431302311153
0.0132697613107501 0.0116798794625798 0.0541973489482352 0.134891216961528
0.00142224789991989 -0.00130724498557439 -0.146851703975912 0.0247568898804762
-0.00424414283473361 -0.0128501134481701 -0.315708222431128 -0.292999127031782
-0.0204542646945249 -0.0260518033446652 0.111979066469397 -0.537683251338935
-0.00178765929501731 -0.0262071258789811 0.738261567540274 -0.169976504194607
-0.00627212244229871 0.0106360630525221 0.592928430870218 0.611664289652051
-0.00569249235912085 -0.0278716073367761 -0.0496002534044183 0.609026794879532
0.0118361468418772 -0.042504674584832 0.0627868822825201 0.0360768201965274
0.0185744536696425 -0.0199593940590763 0.0403590743885649 -0.598122787357215
-0.0139255713886916 0.00420605772297954 -0.676607038499575 -0.542787607802713
-0.0364570916649763 -0.000506423005694846 -0.742027715846632 0.35365659808324
-0.0463761266683101 0.00658962047654468 0.0403264009770709 0.653906374607146
-0.00554092055406366 0.014546187024901 0.375110677453708 0.230526234740512
0.0184552545205133 0.0033936747728612 0.197561001797208 -0.0813651283186361
0.000183243942624837 0.00322329585888205 -0.0682749749827503 -0.17320659423586
0.0167601651643355 0.0111867332729104 0.0502663323944136 0.136486696047218
0.00229359671436993 0.000709871015478026 -0.148603044792013 0.0205086454869346
-0.000184598849702181 -0.0107639954636979 -0.311529708702678 -0.306999784185306
-0.0172834856003118 -0.0271259123309017 0.127857994281965 -0.53918412028897
0.000770551351927195 -0.0282629654342416 0.744017154064494 -0.141029134495158
-0.00240440034502756 0.0140455373065106 0.57061464289205 0.633178085124914
-0.00623698005083518 -0.0162655927576147 -0.0599971664524187 0.603614550121199
0.00763858940326789 -0.0294225529956553 0.0706092053259476 0.0236793056502721
0.0202862787700127 -0.00956961823312649 0.0276559129547895 -0.603322008432834
-0.0096719883120519 0.00693296466260312 -0.692397942382626 -0.518963074140166
-0.0353862508204234 -0.00159821877971229 -0.728240744496728 0.380613101311306
-0.0438382085018971 0.0074584312272966 0.0565892908018606 0.647744439582772
0.000335841733166149 0.0167661367992852 0.377021813890357 0.213970851684977
0.0193147379727612 0.00559256176467748 0.195096576711988 -0.0865566364553503
0.00300534034548249 0.00253597192248907 -0.0718262993602944 -0.171529819232412
0.0200098643443853 0.011054648128497 0.0473664039704013 0.139205267461559
0.00115089829011515 0.00198014191965806 -0.149807227154893 0.020165788976768
0.00167621111727488 -0.00752278369547644 -0.30932882179197 -0.315433946832653
-0.0129494583141018 -0.028300367099848 0.132213217324985 -0.54212947947376
0.00727221713730026 -0.0299416116799009 0.743729472733954 -0.134057955367622
0.00378976951581978 0.0190786120551075 0.5624906708214 0.639882581961696
-0.00747538110122813 -0.000622992890366041 -0.0587929176862013 0.598356179215385
-0.000386152397489955 -0.0134834554329015 0.076882820260182 0.0163988059761174
0.0214760933651484 0.0030222459530921 0.0273295970660551 -0.608466340527494
-0.00227739458643473 0.00811977507044949 -0.69853689541123 -0.511087543823242
-0.0309616936806039 -0.00526190002120292 -0.728345981920792 0.3862101558134
-0.0400710954336189 0.00722079942329451 0.056040582772633 0.638812161038026
0.00208953238214112 0.0198387119003662 0.374942771730264 0.206977308802005
0.0179563404452439 0.0076621950583034 0.194682448656441 -0.0859576728437905
0.00592059965451864 0.00225487439315402 -0.0754580908814099 -0.168162574338271
0.0215490105858572 0.0110562978807316 0.0454223211146532 0.141750795464327
-0.00013507374576908 0.00273445614936495 -0.149181982411061 0.0243817761817258
0.00146941899097629 -0.00437403196445975 -0.313325165085403 -0.313377914049509
-0.00787095787101973 -0.0301366616453563 0.121761843023762 -0.549578233549815
0.015402975648479 -0.0350661597467409 0.735172869412035 -0.150682583020063
0.0124116144320066 0.0249046558713088 0.573230076047833 0.629405017036465
-0.0112995260223893 0.015470514546268 -0.0495425504310621 0.599036435808281
-0.00879909667900546 0.00331845754852094 0.0792260643399607 0.0171661251772634
0.0206496705341882 0.016583302714199 0.0352181616866014 -0.609791802221635
0.00748578344875187 0.00928346827914246 -0.690009789786641 -0.525322664998228
-0.0221841815026552 -0.0108764014803269 -0.740101042426074 0.373873642269654
-0.0358318512097205 0.00485316341085931 0.0397303948844117 0.637199705791573
0.0022049820009573 0.0226329466525013 0.373048704123558 0.209076105080806
0.0154156197390351 0.00985105899433307 0.195591711187244 -0.0813604943250717
0.00808617847817495 0.00321399142066416 -0.0774729847993261 -0.165679097117184
0.0217732402204592 0.0106982308981315 0.0449400977499137 0.144176386566249
-0.00420299991734137 0.00233564584196792 -0.148169464249811 0.0334620077317425
-0.000342823297475724 -0.00341080026300986 -0.322014354496923 -0.302980121508032
-0.00375595407407223 -0.0316180151466435 0.0965006470103347 -0.55898607990717
0.0237662061648175 -0.0397902271742795 0.725686944623235 -0.188101352795099
0.0215853079717013 0.0297563458867765 0.598321764943336 0.601877813454513
-0.0142631283311128 0.0299128891555615 -0.031397722371131 0.602293289459829
-0.0192353919172771 0.0181354809845141 0.0791394365997545 0.0262138780755037
0.019942805251899 0.0298091403560343 0.0532156049026678 -0.610118973361803
0.0173887005143668 0.0120627543830907 -0.674686113306045 -0.555869916035526
-0.0119117539401938 -0.0174613881104346 -0.765098741622879 0.342150016343417
-0.0314611740214911 0.000918670534995579 0.0129220895284058 0.638972351625559
-0.00260807539875872 0.0253531440807831 0.367481422502258 0.221822584186077
0.00993660111984479 0.0108292627002422 0.200031309760314 -0.0726010739949658
0.00852251851592667 0.0030053231341485 -0.0790639139908508 -0.163252558307795
0.00585691021754356 0.0111563184642375 0.0621616223338418 0.135374577207195
-0.00902656039513749 -0.00693333564983559 -0.136216471948502 0.050719261909217
-0.0197841908557924 -0.0143339279966752 -0.343167432441518 -0.228970529142577
-0.0211156060322625 -0.0265319928726651 0.0190257817776681 -0.541497409408714
0.00894868067236273 -0.0335503385757729 0.682566241604391 -0.310829567330584
0.00340455014788351 0.0122339716276247 0.680695137000754 0.479788697983342
-0.0155733568431375 -0.0277039963435032 0.0172258914092732 0.629207412354691
0.0015747142256107 -0.0492146088383002 0.0380008555804096 0.0902287717846198
0.0139287916534452 -0.0262500981917414 0.107323839208456 -0.564888174958381
-0.00784906887963436 0.00116751141078762 -0.573182994591853 -0.677137668668313
-0.0157552799038684 -0.00788622175689822 -0.818322896931861 0.194036439424712
-0.0450774241297822 -0.00313172289231851 -0.0793823589744531 0.666335792820539
-0.0275273493126481 0.0102492127324769 0.350423806423939 0.302241510806165
2.43932374036897E-05 0.000478831967023297 0.216142210768449 -0.0454553778087168
-0.00913560636000985 0.00318494699546162 -0.0553480310538279 -0.176944566064058
0.00712143729320998 0.0113799269851618 0.061619971486073 0.135513844597646
-0.00482083299903986 -0.00545046135799824 -0.140919832627701 0.0411869863871738
-0.0146729843321214 -0.0152557204803576 -0.334051292544034 -0.249607617216353
-0.0220383332195652 -0.0265778154002138 0.0529256870993829 -0.540710540834621
0.00259736998046665 -0.029876467229354 0.708384006980233 -0.259796885376119
-0.00350446107872373 0.0100982869362726 0.65363157559104 0.531685029068591
-0.0122805104169532 -0.034330936840818 -0.00948720258997055 0.626116570660553
0.00849002187902553 -0.0542211813797299 0.0447435011246757 0.0730803405683527
0.0167634850938228 -0.0291006373863619 0.0828043929511337 -0.579357293591981
-0.013146215628154 0.00160418329459121 -0.614365201115605 -0.635156594762267
-0.0263811397000167 -0.00474878207719527 -0.793660515280408 0.253126757350433
-0.0474662307884012 0.00184935882323725 -0.0344453610386803 0.667286956035744
-0.0198755925195161 0.0109179280917488 0.360770619595614 0.280768418455993
0.00683750327811381 0.00059817090825677 0.209564827089686 -0.0577891348869103
-0.00705988995387828 0.00241225492602161 -0.0591378253059346 -0.178114101365379
0.00983546196888155 0.0116933669460793 0.05741082985209 0.134711929137889
-0.00155347470356739 -0.00356709718747509 -0.144042020030753 0.0309756402410763
-0.00952751103074619 -0.0145698944910005 -0.326950288668825 -0.273589487399832
-0.0220860168160422 -0.0259670049295533 0.0875568652367789 -0.539883051631072
-0.00137362984823751 -0.026926217509196 0.727378027859396 -0.209745919338865
-0.00716801027228456 0.0098753322766383 0.620386649544519 0.580124562634039
-0.00807419492199573 -0.0340385886129281 -0.0338376978974005 0.619780954268766
0.012486305091316 -0.0518105671558996 0.0540872165648289 0.0525620314003239
0.0181921153598962 -0.0274348984737471 0.061605770825303 -0.591036164709046
-0.015068270063757 0.00221540350157677 -0.649005694427463 -0.587711050965692
-0.0332799194772752 -0.00118230482644616 -0.766488360039194 0.309416067680575
-0.048778200950304 0.00485245095872647 0.00669216332473427 0.663389954721449
-0.0126796089476226 0.0124818626892878 0.370261781993405 0.254667290874199
0.0129308435830507 0.0016846277086946 0.204152537724691 -0.0702901561801278
-0.00325726542552391 0.00324793939230786 -0.062575801837393 -0.177497848269356
0.0137921570860955 0.0113842118900631 0.0537319847833101 0.135613216701254
0.00139048413471085 -0.000798603550354721 -0.147621761385835 0.0236385040651694
-0.00394186091446132 -0.0131445655855733 -0.317503007936781 -0.293788186506578
-0.0207808478674463 -0.0272542433158136 0.114797198224135 -0.538992874080933
-0.00251133535107754 -0.0269742629967464 0.740067145745838 -0.16664996144928
-0.00581087996817694 0.0103763618458417 0.591431344415525 0.614691944869327
-0.00659818760286361 -0.0283684916244201 -0.0515288067870503 0.612409785910698
0.0114685881612243 -0.042591385102359 0.0633072924196621 0.0368284038744106
0.0193379077429817 -0.0206810337388354 0.0439499075841818 -0.600536989420157
-0.013434275472997 0.00460596181769263 -0.675792366934797 -0.54749378740516
-0.036696439107904 1.59623636560961E-05 -0.747118262722051 0.352008600301237
-0.0465347969779745 0.00717991933730988 0.0397319110104536 0.656846451743721
-0.00480058340994963 0.0137690386497341 0.375733973547101 0.232212031673258
0.0172213027342155 0.00379151183843298 0.199678346166498 -0.0804566001855188
-0.00034618445988376 0.00250577731049937 -0.0670526133152277 -0.174574728820436
0.0169998613692877 0.0114364579353335 0.0493403652129109 0.136706063806834
0.00146693580449187 0.000235382061672152 -0.150265789241855 0.0188097738988014
-0.000439743988850144 -0.0104311708894429 -0.312894246362442 -0.310616345897412
-0.01683646314532 -0.0273999625628469 0.131533806808315 -0.540436997097223
0.00159982982362895 -0.0286393714440538 0.747761472738621 -0.14056071185657
-0.00206311929703504 0.0144292676467532 0.570372177955426 0.636735676658199
-0.00639060280623946 -0.0165327832705021 -0.0627891112436694 0.604459211665174
0.00707251557448796 -0.030561257823545 0.070361491057844 0.0229582164523329
0.0213154383786471 -0.0105195480991169 0.0321607266792825 -0.607431792831271
-0.0089022880549577 0.00655257012761282 -0.691037600427212 -0.523275504853911
-0.0356796391534519 -0.000834200192461863 -0.731462531360897 0.380265413806465
-0.0439858440152365 0.00743445981866036 0.0546157243508354 0.647720577530194
0.00056538457150028 0.016898980826467 0.378742364926418 0.216912824857951
0.0192633650687543 0.00591543128778925 0.195445166651188 -0.0866975025008666
0.00317086983801227 0.00280960700348155 -0.0716194016070103 -0.17180962266764
0.0195356826872203 0.0107692373178297 0.0471683685438333 0.13969936143036
0.00115670539728569 0.00245695916353211 -0.151333336423022 0.0188389097424018
0.00122311094970859 -0.00795683372322137 -0.310656243399797 -0.315746701611936
-0.0117041643241113 -0.0294527989180453 0.135366753499372 -0.542217603724983
0.00752552377698958 -0.030877928864283 0.747639227316975 -0.134552386346556
0.004256140357093 0.0184888661511429 0.563255430194917 0.64427385888085
-0.00809212777773812 -0.00129231410281344 -0.0602593764371313 0.600107233568769
-0.000737887249964909 -0.0126523721688781 0.0762558653024275 0.0167308486300765
0.0211697462417733 0.00333173044928003 0.0293994069259279 -0.610067654435547
-0.000480337672505571 0.0081978581550673 -0.698655771928264 -0.515966940666393
-0.0297690696362821 -0.00514276854873133 -0.733189228646269 0.384969093062069
-0.0401873749718459 0.00605469783043324 0.0544610902460117 0.642341806471075
0.0021879392245236 0.01951724285528 0.376750880929685 0.207713107409436
0.0183510297317574 0.00764759022890056 0.194976968904406 -0.0853147971676488
0.00657060035740322 0.00208522342077894 -0.0744110933645532 -0.168383941158083
0.0214753447635418 0.0098014345751211 0.0444264766419638 0.142610520103926
-0.00085913525246425 0.00315951151985751 -0.151073789133472 0.0234644902208775
0.00136893813965934 -0.00531078347397133 -0.314433169875687 -0.314799564726902
-0.00805091433615873 -0.0302458938876171 0.123127980106682 -0.551877397274438
0.0154834503764549 -0.0340009006608605 0.740487548261833 -0.149117064167839
0.0124044794765054 0.0246990884885615 0.573708285906602 0.63332810550476
-0.0119151420967447 0.0148072267355541 -0.0525843683500573 0.600337551377682
-0.00963682632343683 0.00249721048748507 0.0794164433026119 0.0182447005897079
0.0204814611077231 0.0164193868392793 0.0404838315963331 -0.612488053609287
0.00747801998941342 0.00919846880215595 -0.690866319802998 -0.530060821347617
-0.0231478745920892 -0.0111410927401015 -0.745128685298504 0.372784805343571
-0.0357587520789092 0.00483040809776823 0.0380951382042506 0.639575238398885
0.00156773515979292 0.022845980827117 0.374192872658158 0.211441190755419
0.0153815920856461 0.00925019578267229 0.196776369203851 -0.0807930103612542
0.00778098282918043 0.00284965614792039 -0.0777709904594472 -0.165800872999685
0.0219860643270275 0.00956418482661745 0.0448857342531956 0.144486007103378
-0.00517886980417822 0.00355062995381315 -0.149544153861605 0.0310815194856039
-0.000467058669348106 -0.00359057567692891 -0.322224204252743 -0.30413623357832
-0.0040924734591378 -0.0323087911118172 0.0998926122066935 -0.55956872854433
0.0238912241065132 -0.0393486846268306 0.729715227990176 -0.184432420351051
0.0217071002712719 0.0288775541294967 0.596731153747291 0.607508384730509
-0.0151095735866989 0.0291788420881527 -0.0354391047998067 0.602980804482092
-0.0197198499746994 0.0182840075102764 0.0787527828549 0.0258692047876375
0.0189872678581089 0.0299612561518359 0.0554135048634319 -0.611151846507619
0.0169839137289999 0.0114701274074392 -0.674036284815364 -0.560233746089899
-0.0116470944426153 -0.0182412048756792 -0.76794380632745 0.341494668472665
-0.0317553032900745 0.0015608444680695 0.00849738281955429 0.641078627761942
-0.00178686933502857 0.0257776517076772 0.369710587714495 0.223336745071884
0.00912590025637251 0.0111782162973904 0.200976438791454 -0.071964810324264
0.00829777438894715 0.00345701534363426 -0.0781041418998178 -0.164895533213746
0.00516149699357527 0.0111274279295065 0.0618385110690804 0.136742857406015
-0.0105282505592758 -0.00621627458209416 -0.137863330303414 0.049491844256961
-0.0202568299977711 -0.0143860760624982 -0.34602267837029 -0.230170305736213
-0.0207571766684676 -0.0270652479631712 0.0196742395164403 -0.542857711461092
0.00832320734947003 -0.0342045987887051 0.685553672254801 -0.312306992749084
0.00346816303471305 0.0117753573936411 0.684505935903584 0.486297743881247
-0.0167170976639801 -0.0283097247835426 0.0148869529791517 0.634504742229092
0.00149376773839195 -0.0497361838419563 0.0382142813925008 0.0914576102249216
0.0140960635283351 -0.0272764947509736 0.109142934563934 -0.570595566797099
-0.00722029706875962 0.00125194803924857 -0.573900371510637 -0.683917233129623
-0.0160669441129064 -0.00759113424759304 -0.822801504404901 0.195079623828308
-0.0459326462240731 -0.00341755453555913 -0.080980791673358 0.67071970619931
-0.0278772754987123 0.0104894549518167 0.351179946774744 0.306381575985804
-0.000442751299812868 -0.000519625246597797 0.21656325266721 -0.044216720477368
-0.00910567783017587 0.00392182782663395 -0.0544828828281907 -0.178390719735448
0.00725971662645605 0.0113090049682303 0.0611929752597899 0.135430225086738
-0.00556917957747819 -0.00526856724053783 -0.140745372070897 0.0390506149247494
-0.0153631431382583 -0.0160398991797405 -0.337566000226931 -0.251619150625871
-0.022186044215465 -0.026981620860873 0.0543745451117896 -0.542445610062943
0.00244812632326988 -0.0295439864540318 0.711004339781286 -0.259564433305116
-0.00367559638346389 0.00921837674198205 0.654925498918081 0.536841384516674
-0.0123350219465889 -0.0345744385051317 -0.0119258732129182 0.629159404922133
0.00925207811644925 -0.0546454606558957 0.0453673041081433 0.0733311344443766
0.0167340656765017 -0.0300679501482836 0.0844295057406853 -0.582894724587897
-0.0124840750332 0.000922365653998815 -0.616526213483374 -0.637220322231183
-0.0265780162784979 -0.00398224470485198 -0.798503319672636 0.253404844839116
-0.0489897178485026 0.00103362049403443 -0.0352679947408796 0.669060589356046
-0.0204102835351922 0.0118090587609476 0.362579634913449 0.282627368075147
0.00678333431814697 0.000403516960626793 0.210116015122597 -0.0577806403120469
-0.00710191000948595 0.00255610792493662 -0.0590932805081901 -0.178896432889041
0.0104651275048867 0.0110742468845687 0.0576392324492402 0.13561801451481
-0.00186911437101547 -0.00307537578329428 -0.145675218003821 0.0299621522576973
-0.00950681775239483 -0.0157865113951132 -0.329576685309812 -0.276148422592829
-0.0223816117303157 -0.027269590572505 0.0901892642237401 -0.541931047071829
-0.0019632192892351 -0.0268487592424379 0.730306372648783 -0.20964437496602
-0.00682601726104686 0.00948535488293697 0.620312001937497 0.584434848748867
-0.00899027124364823 -0.0348784309775717 -0.0350902498025756 0.622183600065044
0.0122797444759141 -0.051935692564225 0.0534968077435996 0.053807911671358
0.0184588443732593 -0.0286594670427186 0.0648330766415036 -0.592898178038833
-0.0145137093421748 0.00209013994260873 -0.649795305808119 -0.593398760222311
-0.0336993768417374 -0.000669084175934635 -0.770616308283273 0.308106239150808
-0.0492487774859658 0.00509218296549634 0.006283500244016 0.666332757155408
-0.0123653417010383 0.0121039228153644 0.373031957109107 0.258105372474372
0.0133159213779602 0.0025221587673745 0.20593732304542 -0.0705924229367104
-0.00380284012235818 0.00298201615629223 -0.0625036983047505 -0.178581250638422
0.0137657086086726 0.0110430891205305 0.0539409633123486 0.135857689205184
0.000205803213096954 -0.00130399019785918 -0.148648392323488 0.0223027380910856
-0.0045475469129542 -0.0133754839609206 -0.320715077103651 -0.296260318398565
-0.020595318933833 -0.0276826620804398 0.117164634198813 -0.541501855755798
-0.00212724177855788 -0.0265668172810666 0.746399815386452 -0.166712770600366
-0.00588406064113194 0.0107716347696015 0.593261451386765 0.621051606511424
-0.00630229327069122 -0.0287945085157366 -0.053792022516541 0.614591386691641
0.0116480933043628 -0.0433907333446926 0.0633465244335799 0.0365217238668528
0.0196558772064987 -0.0211421810275381 0.0451275817872058 -0.60302588891406
-0.0131951612912658 0.00487383317134835 -0.679668412976781 -0.553099897325343
-0.036440502865247 5.53835194836184E-05 -0.751966981950392 0.352892957475508
-0.0474702328590482 0.00715057309995212 0.037715815906971 0.659120349011875
-0.00511464033280622 0.0145084292972535 0.37821661507588 0.234316672048753
0.0179230353860701 0.00326376846676161 0.199670523904175 -0.0803287808104967
-0.000395871520495716 0.00266468701125156 -0.0677408265865762 -0.176210400780405
0.0170023684112577 0.0111654923738592 0.0494637496036901 0.138860353192603
0.000890581730387096 0.00112891193917554 -0.15072977781336 0.0175651561572859
-0.00117055214757292 -0.0108679995853541 -0.314978279416877 -0.311311021093355
-0.0172670698150637 -0.028605454731635 0.13323243845639 -0.543202467366529
0.0012856297592508 -0.0272761399285183 0.75244689667812 -0.138161063248504
-0.00189684441443828 0.0136538857574745 0.570066376364078 0.644114022530501
-0.00606171213088613 -0.0170737997751085 -0.0644380147427371 0.607473875027274
0.00652488939791678 -0.0300987638151107 0.071421169314556 0.024206345493074
0.0209986697189352 -0.0101379409495366 0.0341357481613688 -0.610099026194779
-0.00835875437858795 0.00594811425571753 -0.694928825442306 -0.528106479573219
-0.0357261817004825 -0.00110433879131634 -0.737598029296255 0.380668543127856
-0.0439476620366535 0.00736851059547251 0.053957368000398 0.652474453782788
0.00012821207353244 0.016050655344415 0.379739032972828 0.218342326956366
0.0194990881288172 0.00531524508883714 0.19721455920112 -0.0851696163271483
0.00211765953322192 0.00300598197915022 -0.0716476210473572 -0.173166518825605
0.0198331752175466 0.0105538719275036 0.0466065105091399 0.140584610381286
0.000906296260178067 0.00214315645890943 -0.152052711994627 0.0180870158456542
0.00127934037826775 -0.00774765102040909 -0.312989063588517 -0.317484072123801
-0.0124034430249548 -0.0304697207678045 0.138485303379827 -0.546078202502458
0.0078214486986371 -0.0301340169640862 0.751852624953864 -0.132236294377588
0.00471568136216075 0.0187049246143198 0.564760284366006 0.649716688173457
-0.00900690750211338 -0.00206201664830001 -0.0644633470067879 0.603893853103542
-0.000450898518705187 -0.0135595344869688 0.077080508279256 0.0172852088357191
0.020953446618881 0.00277974515828504 0.0320796307237339 -0.612932679422772
-0.000805956790494097 0.00795495240531167 -0.699869144504994 -0.521175074320979
-0.0311438531351269 -0.00486637259222381 -0.736499167794003 0.385126985068179
-0.0406644863085917 0.00760467080581179 0.0529504287400328 0.645245697278261
0.00254746440757994 0.0199311967579309 0.378408919340407 0.210370487192885
0.017930105318207 0.00739574581794236 0.19655633606698 -0.0841863139321414
0.00593795211903255 0.00203263698951258 -0.0759036704510526 -0.170730900472659
0.0216367835579706 0.0101801467896461 0.0443326117130594 0.142436076594081
-0.00161520043078514 0.0034016230390681 -0.151822190868064 0.0233189237629304
0.000895475018583827 -0.00541166129779855 -0.317741266384452 -0.316771399166243
-0.00814064297155499 -0.0311682272588079 0.125803084598095 -0.552203678742563
0.0159652836911716 -0.0345330473971151 0.744185419032919 -0.148401271979855
0.0125847863023616 0.0242615449760138 0.574991186293411 0.638240147143557
-0.0116334137528103 0.0146817458426127 -0.0543200583186041 0.602729735477628
-0.0100621415181217 0.00322875227471955 0.0792670772629249 0.0183939532017053
0.0208295813453874 0.0162021331252688 0.0408844096768639 -0.615675360195774
0.00813835405258477 0.00932262585025098 -0.693824984878055 -0.535225292030445
-0.0233815458394062 -0.0106078760048346 -0.748472656362317 0.373237869797454
-0.036544128678161 0.00412748496106719 0.0370280085415528 0.642513745597258
0.00159173886878564 0.0225982028009768 0.375963446296375 0.213995874145249
0.0145650351612319 0.00939116924672581 0.199139141812833 -0.0799696172276537
0.00764912968317603 0.00247889107460364 -0.077288697234787 -0.167033815625421
0.0215753532574635 0.00933822329659451 0.0445006669524346 0.145017390840067
-0.00464383959222048 0.00354506927461742 -0.150579663510081 0.0304500171260693
-0.00145688786884646 -0.00413744384648283 -0.325358762735858 -0.30547682364861
-0.00391776719715719 -0.0334481916929341 0.101854961108417 -0.562617723616462
0.0238749220585652 -0.0393456422919371 0.733173392491047 -0.18541932714432
0.0212457522797651 0.0293488047766673 0.599234614286401 0.611366180381195
-0.0155779313450863 0.0296194429572034 -0.0370579292021763 0.606831803637146
-0.0200895803653467 0.0175800599983754 0.0790333043553469 0.0263833837849067
0.018683314381139 0.0285255178411175 0.0582204303241413 -0.613938909116613
0.0179458594050171 0.0116474434631618 -0.676973292217965 -0.565786549076388
-0.0121550157966319 -0.0172309182480077 -0.772775855308742 0.340558462170971
-0.0325630614539874 0.00219830884313017 0.00845406494988088 0.644755829117531
-0.00321164060865809 0.0259473886154929 0.370724664784718 0.226345594668235
0.00879698591971102 0.0105435270824074 0.202166357341694 -0.0713271201087807
0.00799634264034127 0.00293653059347761 -0.0783730226553592 -0.165259307716223
0.00559511877624606 0.010828140912071 0.0625793575246862 0.137709609169862
-0.0113262330356346 -0.00716198852492104 -0.139315948189325 0.0491790149766342
-0.0209164752880489 -0.0150639067762422 -0.349141463649871 -0.231711325281211
-0.020855324012885 -0.0277837821430144 0.0213233794246279 -0.547574372051463
0.00822414902339561 -0.0344191339105827 0.693608468412403 -0.31195452845515
0.00295063601949375 0.0114764163494658 0.689194523618142 0.490525886103833
-0.0169653005256093 -0.0295856647817827 0.013069082174218 0.637938690182593
0.00186901270658863 -0.0500782092437142 0.0377991161145874 0.091103322407409
0.0141533926846982 -0.0274929489855221 0.112092608839726 -0.573072368393064
-0.00745606011455939 0.000829422218996852 -0.575903561675018 -0.69098912078161
-0.0168324363908968 -0.00792753147724845 -0.826289060523076 0.195541854909947
-0.0471045089258929 -0.00366429035756386 -0.0826958662356734 0.67486696605441
-0.0276366505304069 0.010261015272607 0.354579967122894 0.308225491995042
-0.00104943576651772 -0.00039779140022177 0.218428557228085 -0.0435880360816589
-0.0096851907332733 0.00359920008281816 -0.0551530958267162 -0.178790373043085
0.00666796704930693 0.0105922598183623 0.0616336668731464 0.136870344394355
-0.0064196127161298 -0.00506178347869923 -0.143884362167968 0.038581358390983
-0.0157177983550393 -0.0164188516605322 -0.340803219772908 -0.253969677567285
-0.0225496291148579 -0.0277121976484886 0.0577847175721849 -0.545875718021539
0.0020673514376761 -0.0294083084543294 0.717413187659727 -0.260508793658122
-0.00386087874773131 0.00943277857132452 0.659390428564634 0.541704229014443
-0.0126085435800198 -0.0351935413292484 -0.0130351226647261 0.632849077265845
0.00817303688606046 -0.0544625333644438 0.0443773616890365 0.0740829311868255
0.0168824751592863 -0.030625713098891 0.089439796876479 -0.586896464236634
-0.0120765300294597 0.00051319701907486 -0.619117387485533 -0.645141269714315
-0.0262963875076977 -0.00416609040798742 -0.804985007031839 0.251830910097334
-0.0493763490700311 0.00132852637015585 -0.0363371773700176 0.676342744462218
-0.0198174598075971 0.0114252575587305 0.365266323584923 0.284822077542369
0.00702016732557495 0.000726343593111897 0.213456554706806 -0.0574039044715435
-0.00693041778453689 0.00338261487711372 -0.0589309785237284 -0.179999527414689
0.00997008181422343 0.0110071594626358 0.0576805984982864 0.136880432252886
-0.00208544636932476 -0.00345787469553905 -0.147649705837418 0.0287627621498146
-0.00974177235902847 -0.0153936286757876 -0.333069035937229 -0.277868822193366
-0.0228695417271551 -0.0281321710360033 0.0908164964462061 -0.546730039757958
-0.00212526290406691 -0.0272281605562222 0.735911160118375 -0.210228003235908
-0.00689842627563429 0.00928185307084452 0.623431576601255 0.589303448469142
-0.00871267636200912 -0.0357320434650963 -0.0376290191755895 0.62442521192525
0.012149028768694 -0.0523218302174746 0.0534900256526032 0.0543726149136879
0.0185175596842017 -0.0288884123001513 0.064663140734848 -0.598680295697199
-0.0137858397886951 0.00177289713209535 -0.65530451129065 -0.598593817030166
-0.0339457373246397 -0.00103525755926503 -0.777511646839736 0.310724784719744
-0.0493328054008102 0.00446693049497775 0.00381849590469486 0.671697384283177
-0.0121646907663132 0.0123144329259819 0.3750604895268 0.259567034206941
0.0128739934294589 0.0020812328651789 0.20730480695293 -0.0708247890423477
-0.00365220139852492 0.00300494961385955 -0.0622316273127564 -0.179069619461627
0.0136853824703262 0.0104289687794866 0.0538594419100977 0.137651525461626
-0.000625176414759761 -0.00094564617364113 -0.150210512437514 0.0208960733178032
-0.00488498381084084 -0.0137228098275009 -0.323385030804029 -0.297726709498217
-0.0212626182103725 -0.0282688613457866 0.118852887760622 -0.545115297805795
-0.00274245732861609 -0.0269702237498367 0.750973793330045 -0.166453627239224
-0.00616305247249382 0.0104625412762814 0.595044292408711 0.625872645347366
-0.00643712911699627 -0.0294652232681575 -0.0548863930109217 0.61868051649915
0.0118226981615128 -0.0443784445350297 0.063093033584979 0.0371501904020527
0.0195262783835909 -0.0213609541450759 0.0465413154056474 -0.6074117729326
-0.0130416877243176 0.0041288783938409 -0.683482534249824 -0.557266068916548
-0.0366916091216132 0.000644099466031823 -0.757437063158387 0.35389362375385
-0.0475305537500811 0.00743902930964224 0.0382183426887457 0.664832147563147
-0.00616372809588423 0.0142811889269259 0.380725897970403 0.237557200106114
0.0174963332262837 0.00313439244396696 0.202631802144842 -0.0795964595991563
-9.99504351736503E-05 0.00268231391988031 -0.0675059172384067 -0.176950424497728
0.0168291330897685 0.0107701764783438 0.049965776745542 0.13856546986332
0.000580846702230348 0.00133684117391706 -0.15252514665765 0.0167093814621805
-0.00125736793788603 -0.0106079828472922 -0.318709149393553 -0.313746149132375
-0.0175914016091592 -0.0292525814937621 0.13583036410253 -0.546845935718688
0.000912918433109193 -0.0281317887830966 0.757972874665583 -0.137927997890277
-0.00230449125847077 0.0139483130890214 0.574406283696874 0.649689981075214
-0.0069839012442095 -0.0174825980397402 -0.0659335919235438 0.611634064251841
0.0074877143495233 -0.0302882558417345 0.0716081950673429 0.0242352050457073
0.0209593967714476 -0.0113043759784143 0.0355238897500868 -0.614709361383342
-0.00809097929435892 0.00575227666866976 -0.699901671607758 -0.532665473794952
-0.0359299697916992 -0.00107412279480437 -0.743776743017021 0.381495828767842
-0.0452585406796209 0.00813096399779884 0.0525957443141982 0.655681136793227
-0.000394042129212211 0.0171550087895375 0.382906920579933 0.220256581569652
0.01905078470177 0.00524297731681526 0.198302790495734 -0.0847775866964259
0.00239019110949372 0.00272684703270979 -0.0715929885790821 -0.174461256583463
0.0193111234900115 0.0106684986506344 0.0455334817166735 0.141556280161795
-0.000100934417203806 0.00295784999032806 -0.154476935560091 0.0162864539849989
0.000958546689995359 -0.00802351046192521 -0.31596259394974 -0.320095422902984
-0.0132563063311612 -0.0297525486648819 0.140590843730667 -0.549704546567794
0.00704512553357936 -0.0307989773050703 0.757533746970188 -0.13018754445925
0.00406933482858171 0.0193366642723762 0.566491797260398 0.655213057214886
-0.00864539784774002 -0.00196014474379934 -0.0655780565703686 0.605476904024441
-0.000222904106968505 -0.0141072698300559 0.0770407341989675 0.0174965775017634
0.0213955460976606 0.00199789928712501 0.0354724103046043 -0.617953940512451
-0.00107853880467663 0.0077014800218666 -0.705715498993592 -0.525958383421103
-0.0317151021423566 -0.00498129409717638 -0.744659773130278 0.387140221798108
-0.0409406488479687 0.00777662249043654 0.0540623373699381 0.650342611280993
0.00264271085789184 0.019680091287864 0.38041859357007 0.212412827822791
0.0186343604770998 0.00752789444173066 0.198798428775794 -0.0851891902566832
0.00513170113921684 0.00304342075021222 -0.075115130470874 -0.170781307966785
0.0211751946839641 0.00974012268524191 0.0442979108412043 0.144257271266502
-0.00264828424994352 0.00373119352178739 -0.155111520017319 0.0214443096516874
0.00104243758121039 -0.00610355552123232 -0.320289753736425 -0.319074368615446
-0.00865848783515135 -0.0315303412005915 0.127620862933993 -0.557645146529385
0.0158164018750163 -0.0347041626301345 0.751160655195618 -0.14786551833596
0.0125105410158265 0.0243500520777628 0.577890848766998 0.645452502104103
-0.0121317702794504 0.0142846260803665 -0.0558930220883051 0.606215656956556
-0.010688470113443 0.00264194247141159 0.0794629888881521 0.018784810283683
0.0205789745772514 0.0158057519461016 0.0453172902044849 -0.621414087034265
0.0086642207353378 0.00888552244768025 -0.697240467177301 -0.540265286773508
-0.023179569865853 -0.0110164684967879 -0.75353552283776 0.373347062427809
-0.0371982105431073 0.00488358953187864 0.0383191760999104 0.647153205977072
0.000943895353752791 0.0232578833864785 0.379280193193335 0.216839869887452
0.0146270463053417 0.00878687070470828 0.199700346896099 -0.0794698496810825
0.00751999124038093 0.00297871485831968 -0.077198772953612 -0.168535567110884
0.0215029360972705 0.00859629970299895 0.0444174436713148 0.14722038292884
-0.00591007581837843 0.00414066529275802 -0.152661739647944 0.0300518388097262
-0.00172620083425446 -0.00422016331103197 -0.328915250866189 -0.308558767705917
-0.00412369355734524 -0.0334642287233048 0.103710422657376 -0.566531810197586
0.0244390774320658 -0.0393189036465969 0.740481839942952 -0.185036800515527
0.0207773091848234 0.0293401168437095 0.602187939222791 0.615418744981448
-0.0162797951851148 0.0294098796707906 -0.039744035482118 0.610322504322234
-0.0207665167737698 0.0172245344558744 0.0795260344140002 0.027110860022204
0.0185167486257884 0.028461779514518 0.0619904255721686 -0.61818274782278
0.0183045222769353 0.0115375185468676 -0.681916103394255 -0.572129967567743
-0.0126620506417831 -0.0168732285568839 -0.780028266505077 0.342650681976515
-0.0326158860408209 0.00198101007908952 0.00789709640463928 0.649411702391596
-0.00247643281007307 0.0254197837611757 0.373993252621166 0.227351999211929
0.00778588681436764 0.0109092941097913 0.204815322968745 -0.0704239233612092
0.00820633866464295 0.00324014024335489 -0.0783090512676988 -0.166421957711235
0.00481550685490917 0.0105013140699868 0.0625188362837208 0.138901509189081
-0.0117587984421072 -0.00626020587011559 -0.142165773065073 0.0489918116497109
-0.0208352725691516 -0.0153108497555979 -0.352799835745737 -0.23410015822703
-0.021908943174916 -0.028710926846285 0.0213331392188628 -0.550294046284301
0.00811172377583963 -0.0340226672024281 0.699144176330164 -0.313343421733866
0.00303086334647482 0.0117073635326566 0.694302640603941 0.494155985954324
-0.0177892015055178 -0.0299413591642463 0.0135446915575044 0.640695664560214
0.00117763649187837 -0.0515008980180494 0.0379293149840176 0.09217803216363
0.013810332855447 -0.0282161009952002 0.114571325091346 -0.577871955046038
-0.00617812163066853 0.00111115423654214 -0.581056945218906 -0.69582373520032
-0.0168776136196967 -0.00790956759672824 -0.835472229145426 0.194615822051159
-0.0474574131921204 -0.00259718356117906 -0.0833617401671939 0.678257391111002
-0.0280971377158698 0.0107469247102053 0.358665492737959 0.310826858906807
-0.000846042953329011 -3.18356660856389E-05 0.220825128372345 -0.0428850705431922
-0.0104940536713616 0.0044727572830875 -0.0542858472841949 -0.180842612754463
0.00726690261390324 0.0107828157480429 0.0618010213456286 0.137575038270473
-0.00620696925774888 -0.00569946849900141 -0.14427819058556 0.0378697653655661
-0.0158294162934097 -0.0160337162691015 -0.344786268130693 -0.256179544507526
-0.02233634465998 -0.0275157114733243 0.0570250819731941 -0.5496439395822
0.00190429452526614 -0.02986589679771 0.724633156512797 -0.262231097258385
-0.00412735698718093 0.00972660172876254 0.664539345530353 0.546138053807386
-0.012934954060752 -0.0360697155487158 -0.0123682720284144 0.637443346307617
0.00794265336952425 -0.0545307557384616 0.0456713207699223 0.0748209265620587
0.0170041907095415 -0.03134878153065 0.0885683517136703 -0.590077799749736
-0.0115420491890485 0.000641701941676953 -0.623469970405233 -0.650736205061666
-0.0269762128572385 -0.0038917701797386 -0.812525252040846 0.253296214489914
-0.0498469143477421 0.00133155659976682 -0.0375164544221475 0.679910905825325
-0.0204360176592151 0.0104813929679443 0.368231642475597 0.287433462013048
0.00740907536356738 0.000332715659753718 0.214404417664799 -0.0565029579831456
-0.00682101371169979 0.00328318541902784 -0.0592827736627112 -0.180907356413476
0.00973595790335445 0.0103595697107377 0.0577323184314184 0.138012023214901
-0.00400316029414638 -0.00319797571877198 -0.149558352575427 0.027953305213397
-0.00999258242580854 -0.016050032632596 -0.336685650025174 -0.279130605583206
-0.0231959429320692 -0.0281418928464849 0.0922510359716088 -0.549506509140517
-0.0025567286688823 -0.0273663695554072 0.742754392815513 -0.210828683577268
-0.00658069364690099 0.00906926353165406 0.628993940531861 0.594530082263489
-0.00943690817023722 -0.0364002218655352 -0.0383744218911798 0.630313069369193
0.0125996417467092 -0.0531977105672984 0.0541158747690576 0.0554044286986658
0.018488233351451 -0.0293529802814062 0.0673721813562099 -0.602491683384903
-0.0131075897472876 0.00120708150702976 -0.659554042355558 -0.605191486596628
-0.0337144109451774 -0.000634381499726857 -0.785526418054751 0.312502710768806
-0.0499617890870689 0.00460646998005781 0.00608913522223141 0.678393933458314
-0.012678263958117 0.0115626736775089 0.377145933058235 0.262134973178432
0.0131004337973039 0.00131270558754502 0.209395727477474 -0.0704225621420167
-0.00439584813685325 0.00267200260558263 -0.0628784078589561 -0.180549019480755
0.0127634736050279 0.0105511674819861 0.0541702728028549 0.138028358722115
-0.000808094042309691 -0.000885872557209377 -0.151695955334026 0.0203128525031655
-0.00494159504567849 -0.0141745497815033 -0.32780274323798 -0.299297342944287
-0.0209555741265493 -0.0288820131108977 0.12024077883005 -0.549835375646202
-0.00326955027327687 -0.0263724316586013 0.759155477526537 -0.167354634139365
-0.00639996918992584 0.0102494036829646 0.601740003167826 0.630507423014536
-0.00641433051291423 -0.0305678731928486 -0.0558787946242915 0.622873392544517
0.0118023936411836 -0.0448099531213405 0.0636305998473113 0.0377166842964098
0.0197475823697469 -0.0223652692005497 0.0477684090221808 -0.612886018875518
-0.0124597439993914 0.00429860892962718 -0.688468617052538 -0.563899423619234
-0.0372555506174515 0.000314339362699985 -0.762530124757062 0.356173139244941
-0.0490461870241424 0.00737304950157598 0.0377748305000498 0.669905359376213
-0.00524739775367661 0.0136845897610702 0.384096784435416 0.238051699699475
0.0177237917599935 0.00271246349261216 0.204513592940865 -0.0795691355119763
-0.00111220656289867 0.00251224599328989 -0.0677128065646592 -0.178471871028878
0.016029142985562 0.00984865822686046 0.0497673027907193 0.139885430030179
-0.000246270994174483 0.00160162353914246 -0.154383341432237 0.0164120815795407
-0.00116789126411641 -0.0114447308383396 -0.323144494274629 -0.315543514272076
-0.0179935027910715 -0.0298638825647866 0.136809865182588 -0.55004089307052
0.001200077580712 -0.0287772029530212 0.764014840052767 -0.14022006488902
-0.00271137320905067 0.0133792849003723 0.580392634191 0.654870679431236
-0.00672302935385369 -0.0178562889140192 -0.0678324543093626 0.615753305557259
0.00651238499441659 -0.030993253876402 0.0717828863919373 0.0246056849880249
0.0208140020840338 -0.0114487266072674 0.0374643119485365 -0.619487042783849
-0.00736935546276865 0.00614039796246702 -0.704849296712851 -0.5386818298074
-0.0363035965746807 -0.000798276200869041 -0.748286795192747 0.383263917830583
-0.0455139269239429 0.00824889833841226 0.0543324832160203 0.660631896609858
-5.38438664493684E-05 0.0164859326429068 0.387231739087758 0.221526117258587
0.0192245549356494 0.00459427099941161 0.20105807396196 -0.0859381839564432
0.00252083526542889 0.00243987849218049 -0.072384263187643 -0.175571188542454
0.0193614240606008 0.0100917864139539 0.0471771831862852 0.142336013894556
-0.00101716073062922 0.00317210156252188 -0.156314101938703 0.0155481909942954
0.000571072670505286 -0.00866267209207717 -0.319072944751686 -0.321482198520861
-0.0135655035161118 -0.0310960105124633 0.141854043174026 -0.552595630016491
0.00725175388213838 -0.0306077657234503 0.762189991296332 -0.131859484548815
0.00390526056231995 0.0183785561400296 0.570850931149215 0.659922948196374
-0.00910810679648201 -0.00240637762933351 -0.0660345494493325 0.612166105969364
-0.000637089230409734 -0.0142633685878461 0.0776607444387934 0.0176890605919282
0.0220310612752271 0.000661147389416403 0.0345842556251732 -0.624083635421024
0.000591619732087116 0.00763184325501792 -0.711168689949634 -0.532265083142426
-0.0318610716135681 -0.00497715591501938 -0.749838070076725 0.389700722559584
-0.0412199487055593 0.00813176637629021 0.0535432129943322 0.655587953042813
0.00282446927814216 0.0190158076152918 0.385856895337408 0.214057088328354
0.0175382431911789 0.00750224741629615 0.20127879853681 -0.084162118932399
0.00594120990839121 0.00303501871282647 -0.0753035061101618 -0.171974716292774
0.0211633050663602 0.00977787904467998 0.04521571930712 0.145222613795206
-0.00315903939495664 0.00379083650017592 -0.156736722043533 0.0206511391447845
0.000680069911669254 -0.00664864136868919 -0.323823733272163 -0.321427659017441
-0.00831183531887568 -0.0331217611650555 0.130468209008239 -0.561892482934111
0.0158876800250944 -0.0347913116800612 0.757238302277925 -0.149183021893859
0.0122705746954046 0.0244711602151622 0.581044686796609 0.648014298489778
-0.0131450476933069 0.0139895297179659 -0.0555869941052488 0.609576909928659
-0.0106931189967138 0.00193286085410301 0.0798784921816899 0.0189871670733701
0.020338655545912 0.0147442162951944 0.0442150286741352 -0.626177872021215
0.00958609970991008 0.00908628155401246 -0.702528303556901 -0.544785954299924
-0.0232148258269542 -0.010102990180931 -0.76084751039723 0.375964094600196
-0.0375115089814632 0.00557531392724753 0.0378440344246732 0.653226651089186
0.00155048758441959 0.0230059062557818 0.382697385796827 0.217138836772191
0.0140954153841531 0.00918948142328445 0.203062240617731 -0.078981769965224
0.00730257427083547 0.00357618014015376 -0.0779926861564107 -0.169771837739662
0.021860539560217 0.00890598660598937 0.0445044164100333 0.147405681753079
-0.00699694512063095 0.00363902288357527 -0.154834848804891 0.0294682257674248
-0.00225124382601881 -0.0042036321750281 -0.331490862078798 -0.308391035957563
-0.00440374290078237 -0.0347123404115022 0.103403951816298 -0.571817322171476
0.0243417734429746 -0.0401917016659131 0.745757434576122 -0.185552826962362
0.0213448370123138 0.0292342363568174 0.607666513771607 0.623618376177605
-0.0163399627946475 0.0293014097795017 -0.0389196531966482 0.615015415459829
-0.0213039346570911 0.0182124993915827 0.079516896369783 0.0274058241085081
0.0183060526661375 0.0278674181919406 0.0617761648801004 -0.624468053268502
0.0190846098914545 0.0106743890200236 -0.686615545179468 -0.577805548253777
-0.0123136160102337 -0.0167852882722192 -0.787727378103601 0.343978987531123
-0.0332633262196373 0.00203070426611573 0.00600059312351502 0.655236532412549
-0.0025194491544819 0.0258567896328581 0.378419825082172 0.230168334974401
0.00814790490174476 0.0104683769438167 0.206751468828367 -0.0700759353353587
0.00764912420314581 0.00367253919157265 -0.0790188223465847 -0.16703665166066
0.00476451253256065 0.0105775862455606 0.0630529014938191 0.140145637939866
-0.0127534792829045 -0.00637106292822035 -0.143282240968391 0.0484366060662733
-0.0214207427383659 -0.0151150137020978 -0.358312438949984 -0.235257341562213
-0.0217334291061337 -0.0290625744177652 0.02102025871544 -0.555582834480947
0.00789282222611767 -0.0341338346414389 0.704507005304199 -0.318500176013589
0.00281241052935362 0.0104385950100593 0.700631458300211 0.499447791351812
-0.0176217910294112 -0.0295827366243802 0.0156189033880103 0.647180405396328
0.000810231181548991 -0.0518615043863416 0.0380699958018819 0.0929122330600532
0.0142449000187839 -0.0291815983127217 0.114687373085163 -0.583403063162002
-0.00594913923816466 7.93769669519481E-05 -0.589320927827846 -0.701548349170128
-0.0173136368814416 -0.00820162062458522 -0.841855876597438 0.197498627040195
-0.0480599014398918 -0.00260150787798091 -0.0829564914120057 0.685703958468552
-0.0280403879102258 0.0103535118047357 0.362189985050159 0.314620110632421
-0.000939399992897316 -0.000900260651552208 0.222400011828793 -0.0441891812715567
-0.0101279756711689 0.00447325658317614 -0.0549219095589525 -0.182378754456053
0.00668677020253279 0.0101498236217508 0.0626978883240376 0.139339092948056
-0.00764103242529248 -0.00480638987271611 -0.147366465666924 0.0379457214955545
-0.0165051142159501 -0.0163575770807054 -0.349398824834249 -0.257628971309222
-0.0227025610197598 -0.0285610158325857 0.0577203708578819 -0.554690757458165
0.00161101350877002 -0.0295926343716434 0.729339053484825 -0.265884311715587
-0.00442871780145144 0.00928641537042216 0.668057628910675 0.549733345934513
-0.0135644172489353 -0.0369039836830804 -0.012059119513406 0.643308448192182
0.00860174633120512 -0.0562243238688537 0.0452965739206472 0.0755565132162094
0.0165689407423344 -0.0327309461714495 0.0903771170466294 -0.595398683147697
-0.0112931082993164 0.000437838033061043 -0.630078253511085 -0.656900437144569
-0.0270404228032665 -0.00347185441186721 -0.819205302335409 0.257049618932833
-0.0510504301141857 0.00199506934524398 -0.0362074208579712 0.685613036218415
-0.0214342823025418 0.0110007164073366 0.372996539766488 0.289074879187952
0.00604315682069751 0.000250023999587512 0.21717568662806 -0.0573229450596867
-0.00722361197689645 0.00376416241520893 -0.0597902688956459 -0.182970321377971
0.00936758217605468 0.010879321221516 0.0588261141177941 0.139912124995266
-0.00422543457936405 -0.00245813851287392 -0.15136746380319 0.0272821688475479
-0.0106253944628099 -0.0164165376569647 -0.341354216685388 -0.280165873238178
-0.0230369790456339 -0.0285376442884339 0.0927182631393154 -0.555720189395959
-0.0027400822005733 -0.0268705652769552 0.749311556866172 -0.21431756270147
-0.00731638534954518 0.00838832558424362 0.635895666970901 0.597919164010242
-0.00953828375840828 -0.0365358752416219 -0.0366487543551169 0.636901748966334
0.0123794227825225 -0.0534063740259134 0.0544923889503818 0.0546739698070906
0.0190093515001368 -0.0306735110479291 0.0665932139505754 -0.609063610970896
-0.0133395656054841 0.00162219943007139 -0.666897498083048 -0.608642460033546
-0.0341218098709848 0.000296556811999152 -0.791448094707969 0.315847491270955
-0.0506683072438547 0.00545326304563588 0.00793096354326613 0.682585843311728
-0.0131188237538311 0.0129365830132955 0.383190575725359 0.263474829706388
0.0126381414829745 0.00125592588219265 0.212373465089225 -0.0712969712197503
-0.00446619491689728 0.0036026787061846 -0.0637600381342322 -0.181615732089374
0.0127435835181053 0.0101933940706339 0.0550659050116472 0.138771068261378
-0.00126597223065093 -0.000522292858967965 -0.153802511894852 0.0197128018814194
-0.00526612218837007 -0.0148754158421787 -0.332370539504955 -0.3012315470735
-0.0214024314812379 -0.0295249327169099 0.119905620354505 -0.554027778576061
-0.00277604634614383 -0.0266755758285932 0.762133502564805 -0.170125230522907
-0.0068328731269507 0.0102799809736323 0.60465652722434 0.635834546789315
-0.00693955395939747 -0.03037656686979 -0.0555480961385456 0.62931657564717
0.011247854966829 -0.0448461921659482 0.0634877386647982 0.0383775771497025
0.0198346932568726 -0.0230851483568575 0.0484535206847735 -0.618836745855905
-0.0114488678332071 0.00388248896377129 -0.696469452911881 -0.568709101058175
-0.0375910315502963 0.00126922671128437 -0.770561353524188 0.361261102670932
-0.0489020231360975 0.00748354406153131 0.0394259209170761 0.676520333795359
-0.00516884552014337 0.0144680904737292 0.3883125290515 0.241001110413299
0.0168540496993236 0.00319262996027739 0.206421349502015 -0.0804677977363376
-0.001070246899976 0.00330933057129676 -0.0689285339322368 -0.179699073110399
0.016444527575521 0.0100531327104646 0.0506025824778832 0.140991511473422
-0.000886733774606692 0.00251271803554987 -0.156787768789439 0.0160517397232977
-0.00213446019002464 -0.0112651657052753 -0.327214406010319 -0.316760592137299
-0.0187024691410776 -0.0305923971704768 0.136807345347851 -0.55700442269565
0.000776892443785144 -0.0286470314140522 0.770843442771682 -0.142325492121819
-0.00241670904619212 0.0130552702834525 0.585128374326204 0.660990182998359
-0.00721915879250696 -0.0182729473338825 -0.0664709936676672 0.62112598745695
0.00681843979449358 -0.0317043558995635 0.0721980308536565 0.0246317440621829
0.0207615373156866 -0.0126805916859147 0.0374946185749198 -0.625531778440665
-0.00658503925567916 0.00563045213161486 -0.71110719258001 -0.542557559157419
-0.0360469508787202 0.000251773559198865 -0.754890156978455 0.389008351921073
-0.0465856628302591 0.00832131856503235 0.0554372891729102 0.667112647731447
-9.51700983512979E-05 0.0164478046629176 0.391798328803232 0.22360086308543
0.0186507643371452 0.00474660275500667 0.203334924396974 -0.0858555447070738
0.00252874412305653 0.00349085824523711 -0.0723901154405578 -0.177067225379953
0.0193838855577757 0.0097503936500666 0.0469046565147759 0.144116790970166
-0.000933123851274997 0.00365769740407699 -0.15814423488158 0.0164343524955497
0.000346811057690188 -0.00874266471066926 -0.325854329496084 -0.322485799150319
-0.0135287227587704 -0.0319591556118072 0.141779675827993 -0.560439435859446
0.00760614172865566 -0.0311310590776742 0.771513269434242 -0.135341400037405
0.0035448216480345 0.0190670982491036 0.577797513899437 0.666319597661979
-0.00975956618907844 -0.00233933514269555 -0.0654850718516526 0.61670713936292
-0.00077004669977774 -0.014748494490109 0.0789506490118061 0.0181486498273159
0.0213013148580227 0.00121240047672009 0.0353517937916555 -0.629566231461976
0.000715370253360383 0.00760287321470998 -0.716796535916427 -0.536540193089517
-0.0318731174612312 -0.00468042037638009 -0.755953991767331 0.395465727883831
-0.0423861932993184 0.007727557271406 0.0562639185943712 0.661020609362033
0.00223912839637966 0.0205508145712869 0.389460398029694 0.214983660658811
0.0175051848597547 0.00770347125312383 0.203446856702607 -0.0846722591883077
0.00507771167724645 0.00305898073983113 -0.0763461622219373 -0.173894169937108
0.0208510396184489 0.00900272365166264 0.0451130075129781 0.146448015541467
-0.00403859173724327 0.00428420203726263 -0.158417903798283 0.021015231607495
-3.67663006812166E-05 -0.0064579291064479 -0.328031369424808 -0.322118787020871
-0.00947324507095418 -0.0330640153078514 0.129789482115983 -0.567760561547205
0.0160223581362957 -0.0347037914578914 0.763572169881394 -0.150333441487242
0.0121417712653855 0.0249018046128053 0.588283821438613 0.655188643223768
-0.0130783777497821 0.0136836231841075 -0.0572051093702667 0.615477324194265
-0.0109075018284076 0.00249677988950845 0.0810209564428325 0.0194154537445516
0.021022465908781 0.0147152334465571 0.045670210711095 -0.6327116245783
0.00994640905190626 0.00871049021940654 -0.709605105628937 -0.550868370203871
-0.0233076960350748 -0.010848006165806 -0.768359817958316 0.380452002607431
-0.037607807732625 0.00523089908054452 0.0377754336532473 0.658185578062382
0.00190072077193499 0.023365696739574 0.385741180048855 0.218426771941005
0.0140691477019543 0.00902562381975418 0.204763642835685 -0.0801035350093675
0.00770000949320732 0.00327178862691719 -0.0788232625323849 -0.170741288721909
0.0217128199331995 0.00891917356830291 0.0452757703253016 0.148477699381652
-0.00715695486205737 0.00460969238803794 -0.156893148775312 0.0293309928046877
-0.002462949906202 -0.00448526294275979 -0.336640797464867 -0.311256327565286
-0.00496024760926703 -0.0352081475494166 0.104039141963614 -0.576228774105826
0.0245107855336202 -0.0396886526679901 0.752396153354398 -0.188038305852634
0.0219876182615424 0.0296286381743834 0.611725481148403 0.62559986741964
-0.0165894039314596 0.0292625981729868 -0.0386373127070571 0.618633376261824
-0.021911323031473 0.0168203713531316 0.0800230956492635 0.0275643090329417
0.0186265464697658 0.0277872061989273 0.0631509528162497 -0.630197929260887
0.0196022995968062 0.0112837139451679 -0.694715259234089 -0.582336627833962
-0.0120270623823072 -0.016350998429919 -0.793169983342873 0.35035406475635
-0.0335468855543546 0.0019536068472944 0.00946041250923528 0.659922724320125
-0.00239636884567494 0.0261815599186395 0.381478140717427 0.231149581455863
0.00836011871329381 0.0109558444009599 0.20939590921389 -0.0709710419662618
0.00785711558208912 0.00380611804909443 -0.0801475839089118 -0.168782025343597
0.00463790374019125 0.0102455809424868 0.0641869605100019 0.141326667391016
-0.013317050177926 -0.00555954982258864 -0.145418070306053 0.0484778495970254
-0.0222687774789453 -0.0149481545530754 -0.363968777362744 -0.235028829714426
-0.0223588434347207 -0.0297008978038083 0.0189039321337521 -0.561811780957786
0.00792020202385443 -0.0341609539088805 0.712097621891308 -0.323075417235032
0.00316191462757539 0.0106916650346262 0.709138683075871 0.50037022643355
-0.0182722565616633 -0.0304193561744163 0.0166726180492564 0.651816340538237
0.00119110163953799 -0.052323860132681 0.0377913829595041 0.09416261915679
0.0144064907290383 -0.0295979030614879 0.113094372376928 -0.589789483091222
-0.00566247860792778 0.000172649017905965 -0.595371186138638 -0.70709861471922
-0.0166447094040707 -0.0083791161068064 -0.849645629386062 0.204725795091187
-0.0486064393576282 -0.00219343826898914 -0.0806851833219553 0.69376660644164
-0.0288648901476686 0.0106023490821123 0.366622746409865 0.316833658718779
-0.00114805333998744 -0.00105092891127934 0.225617668489313 -0.0444554386417723
-0.0108330239210928 0.00359507291338295 -0.0567602580166265 -0.183561856253161
0.00690029712370929 0.0105071866534735 0.0632223286726966 0.139655257556408
-0.0084710557609472 -0.00461240662226014 -0.148228041276552 0.0374617623860151
-0.0168165187656138 -0.0166903618737304 -0.355604139967414 -0.257868513590328
-0.0238479930961749 -0.0291671340752176 0.0554844483537114 -0.561425380276551
0.00119731236388937 -0.0294500623452091 0.737160057796212 -0.269634399443387
-0.00381178492840919 0.00961521408107582 0.679328087373885 0.553388940992688
-0.014125277214431 -0.0369833234206884 -0.0109397714563344 0.647687934722463
0.00824078587549706 -0.0565587974087747 0.0455519184097892 0.0757587126184383
0.0167673214395064 -0.0341137801803198 0.0905356289252293 -0.60214730821392
-0.0107654188147851 -0.00030597842629574 -0.637833752189444 -0.661322045186944
-0.0277839054873383 -0.00261535804026862 -0.82605825034233 0.263905276210271
-0.0508343905528087 0.00179169282308285 -0.0340389997713574 0.693430776643445
-0.0208927503237916 0.0104702085492169 0.378375468012603 0.290981228502056
0.00617705824900129 -4.11609519070447E-06 0.21987636155465 -0.0586666235070243
-0.00801935419591445 0.00380321259381816 -0.0615053737464123 -0.184112394842331
0.00993035445319381 0.0103325926585059 0.0598469292132726 0.140161863397907
-0.00424598895980205 -0.0025102330992924 -0.153456603339057 0.0280661025210754
-0.0110974561682383 -0.0160448039072242 -0.347320475178969 -0.28080465325805
-0.0236691775163318 -0.0298320253995623 0.0907091427191444 -0.560634945345713
-0.00261846774868961 -0.0270818433194028 0.757636555175591 -0.218849098376473
-0.00677105191978897 0.00895925247600881 0.645919857988563 0.600325506091251
-0.0100987072858705 -0.0374072502718094 -0.0359428191442394 0.641832896028223
0.0116214360513689 -0.0540423905808314 0.0548740995710939 0.0564528226241538
0.0191268746451027 -0.0316317858529023 0.0650636508256482 -0.614748567824176
-0.0125926280998672 0.000841577500975479 -0.673749913491201 -0.613838076653733
-0.034543636986689 0.000529330963755067 -0.796939474008609 0.322635710711291
-0.0514207425382706 0.00560974525352554 0.0100257835584912 0.689977032715224
-0.0131782228356969 0.012554747182428 0.38792685166915 0.264855979983431
0.0126737299657081 0.000737625934798227 0.213830317214916 -0.071734904679011
-0.00447363533417433 0.00300628582621167 -0.0656985816820693 -0.18364384357576
0.0129787384042651 0.0106002187121536 0.055579351597502 0.140169874929051
-0.00241500226050786 -0.000357277686942622 -0.156458570684371 0.0202224687219367
-0.00585538529152503 -0.0145478376364275 -0.338462902362456 -0.302141942925452
-0.0219262090351926 -0.0297831736299436 0.119809500298471 -0.559451564647052
-0.00323570060676789 -0.0268469671998604 0.772196588714396 -0.174585751782811
-0.00666652959375873 0.00976220272846839 0.614587986398842 0.640107398157885
-0.00788364746846139 -0.0311809481771354 -0.0545148987401286 0.633812693845121
0.0112106165233606 -0.0456613135763517 0.0641225868890777 0.0384256193828533
0.0197650630146728 -0.0236160956325656 0.0458403031631967 -0.624928544100855
-0.0116603180255046 0.00321733222540874 -0.703996670462056 -0.570873837246058
-0.0380729017602154 0.00128997147414023 -0.776419589228167 0.367424815798776
-0.0497271664954336 0.00801831546749755 0.041928036787443 0.682000674108689
-0.00479004325577602 0.0134019833026731 0.393761005053801 0.240554590592062
0.0173550281954857 0.00262408277152653 0.208687742455391 -0.0812433037367069
-0.00159211558453944 0.00334159717564937 -0.0700453958721396 -0.180705987884971
0.016152532238342 0.00974344228431118 0.0508066019894207 0.14224883897087
-0.000817683656945217 0.00141755463984755 -0.159289119655531 0.0160414854799188
-0.00214553181923187 -0.0118875743165884 -0.332014407416999 -0.318184382484135
-0.0179116466272038 -0.0316385142368966 0.137092286360725 -0.563075631175624
0.000458619396343826 -0.0283035616224842 0.77895593864436 -0.144643631588853
-0.00280280306510995 0.0132014894793262 0.592846278609918 0.665014073214286
-0.00752472060009796 -0.0194981417710844 -0.0663747494066052 0.626808898247008
0.00672197462954628 -0.0319579247147154 0.0722972879605971 0.0249477673648602
0.0211867955137365 -0.0125681583512503 0.036040214328251 -0.631509207409783
-0.00696356483382431 0.00499719492095953 -0.720654059689084 -0.546187441555985
-0.036327944343695 -6.73706254350065E-05 -0.761311180820221 0.393871655518113
-0.0458066396379818 0.00924045112843743 0.0600859125334773 0.673848266981889
-6.86487373077194E-05 0.016773833482334 0.396553793102374 0.224930264764178
0.0189223045041089 0.00500572170813614 0.205956279772048 -0.0864341605071795
0.0012831561868723 0.00274964280409627 -0.0739119434565698 -0.178459299138833
0.0192660986834094 0.00932984893649965 0.0479953064237768 0.145151034543136
-0.00148534114796025 0.00410079206121816 -0.160574163120316 0.0156097125424839
0.000494542418810223 -0.00865473774183347 -0.329917125245613 -0.323442539059913
-0.0139793899053091 -0.0323029375729733 0.140994336718234 -0.565118723285162
0.00760555770491667 -0.0308799055592862 0.777903852925895 -0.138198947548944
0.00363435043495307 0.0190920472009638 0.584438277817746 0.669541669609317
-0.00996072448348972 -0.00330574887806295 -0.064482958625203 0.620351296127981
-0.000639091160720616 -0.0150968802978553 0.0788639156789589 0.0178663037413176
0.0209806478226089 0.00015955769190323 0.0344336174836051 -0.635426265278594
0.000687762883388661 0.00765099954722634 -0.725569371022502 -0.539443256013966
-0.032116641320621 -0.00397263553612991 -0.763361402522972 0.401199013000774
-0.0424007788494332 0.00809613179139517 0.058231859668681 0.667053616078464
0.00258763010062604 0.0201889088649063 0.394756851459454 0.217080889632776
0.0178103334457756 0.00670494298857658 0.204785122228078 -0.0854266507623112
0.00523412730365458 0.00329255292631224 -0.0780737823732023 -0.174915891313318
0.0211604702006502 0.00861147893731465 0.0457525651802461 0.146666443616598
-0.00397284221151443 0.00492974604156188 -0.160947841989117 0.0211809799057482
-0.000248164522355765 -0.0066348229551924 -0.334791209292437 -0.32331290029909
-0.00941091941305045 -0.0341234278761263 0.128450911315159 -0.573322229991651
0.0159718596214951 -0.0348715298470865 0.769713700290479 -0.155100902415491
0.0122563296105092 0.0249327288979932 0.596400899340247 0.659397865973915
-0.0135445029161662 0.0141754575783034 -0.0558897561640315 0.620755018616376
-0.0111232551240561 0.00242677817343334 0.0813166881389104 0.0190134581032502
0.0209950124151111 0.0147714691144694 0.0439364364788302 -0.637858726730257
0.0103173794618574 0.0089670360363806 -0.718229219152135 -0.553715292268567
-0.0232262040816732 -0.00961896415525709 -0.773896668625417 0.38719012308231
-0.0381551934466448 0.00634555365913662 0.0425007147598611 0.665064231402417
0.00160553335619218 0.0229875668782532 0.391735121897039 0.21947728317657
0.013606708688449 0.00919509979782725 0.207654782112279 -0.0814723162430625
0.00724450096756867 0.00369780835257865 -0.0799533131908317 -0.171305883046467
0.021683431594436 0.00841687730062832 0.0454655470666788 0.14999394623578
-0.0081366833749814 0.00537505784705219 -0.15959827818336 0.0294846297674145
-0.00240659380943806 -0.00463653908444724 -0.34357577317941 -0.31238461207756
-0.0053459275277683 -0.0358952385717133 0.103404309424903 -0.583086837336829
0.0243934240502074 -0.0407245942662785 0.758755503592627 -0.193057132921515
0.0217278150157631 0.0289772407929027 0.620556543589275 0.629501763067302
-0.0172895743913741 0.0294816934469495 -0.0367713418651131 0.62544753760157
-0.0223039925528647 0.0174164233630248 0.0810833065178479 0.0283432028634059
0.01839660548972 0.0277163275988151 0.0621144622805197 -0.637516837458824
0.0202159028195287 0.0107243225986565 -0.70270618411249 -0.587442512433987
-0.0122398402682997 -0.0165229680948834 -0.80115102878378 0.355902322780177
-0.0338120898816758 0.0028289876922888 0.0124507906568784 0.667396299067264
-0.0029332464031773 0.0256921590241687 0.386323982816008 0.232702052167528
0.00802249430934019 0.0108955528809465 0.212041299273552 -0.0722979887199754
0.00746169391117114 0.00384837879853002 -0.0814554642676217 -0.169287887426636
0.00496348572676626 0.0105646371309308 0.0658121390118033 0.142323298194114
-0.0144653193397484 -0.00494572507844307 -0.146474954430398 0.0487069901559945
-0.022773454502521 -0.015532189080585 -0.370122422087209 -0.234699117568267
-0.0221444570549822 -0.0301309256348108 0.0173441784174341 -0.567439916826175
0.00809782682582606 -0.0345844730748991 0.71690721647987 -0.330884680307114
0.0023315572464824 0.010627079823647 0.718705940347245 0.501422246736432
-0.0190427539850427 -0.0305344037213492 0.0205486670380847 0.658030464737824
0.000576923583424877 -0.052987699867387 0.0398044651530517 0.0946510675563722
0.0133179613616645 -0.0304790170138077 0.112934208628176 -0.595703936508186
-0.00510256590935706 -0.000155726118029033 -0.606017035404108 -0.711738962031878
-0.0167815456462663 -0.00701575804884598 -0.857634082654773 0.208452790509688
-0.0495727474373506 -0.00226293464262903 -0.0776859558376544 0.701143408871597
-0.0291557057072851 0.0103944551104168 0.373151833041349 0.316158326110652
-0.0025357270909901 -0.000666519435043669 0.228267697871944 -0.045117652340126
-0.0112221654455515 0.00475044921792281 -0.0575964268535227 -0.184748790409896
0.00649745357820446 0.0100729237405168 0.0649134412817785 0.140681725947939
-0.00922576032611576 -0.00442658439570811 -0.150295155268972 0.0380402528068889
-0.0172212581228716 -0.0170720545818147 -0.361720439105307 -0.256794312464287
-0.0242951994270633 -0.029988917400255 0.0532138098663774 -0.566346606730792
0.00124026447626927 -0.0304579167101689 0.742130279812164 -0.278738136502489
-0.0045904891942999 0.00877660794742579 0.688742671378996 0.555991633939103
-0.014568953099087 -0.0371534777952196 -0.00649840058494967 0.654656827424775
0.00790891229455793 -0.0571003076123028 0.0466210651632138 0.0764800309456307
0.0164707901253444 -0.0346298595369538 0.0882957953713027 -0.609221638587004
-0.0103852866079752 -0.000370055422095006 -0.647197673785338 -0.665884520038771
-0.027358670219428 -0.00285725037096566 -0.83220352499475 0.270913759935607
-0.0514680124606857 0.00271660094719169 -0.0302384214039825 0.700365085721679
-0.0213876358294235 0.0117644388489758 0.38464168841455 0.291319609577153
0.00596903181382532 4.37242158787127E-05 0.221825285504313 -0.0596813013107655
-0.00839489744354939 0.00430090412106789 -0.0623303042831225 -0.185874235888241
0.00942681509395079 0.0100085222285752 0.0608775710672749 0.141515646061753
-0.00533538906906175 -0.00208771219962167 -0.155471533266597 0.0287938432254677
-0.0110854315967225 -0.0167627192588409 -0.353095015023888 -0.281250531818197
-0.0249658570371643 -0.030811623143609 0.0895096029091887 -0.566216407493648
-0.00244064906727947 -0.0267870356621601 0.763797743558242 -0.224505228919931
-0.00745159591423226 0.00854537554984362 0.653740853940422 0.604058949798335
-0.0105388843277969 -0.0380336086722121 -0.0315611153966954 0.647875664072971
0.0111334509716056 -0.0549500841269296 0.0555516074890245 0.0563667775302177
0.0176950584832563 -0.0316031139473124 0.0649717256914715 -0.621890923985926
-0.0121422416174165 0.000769159253732228 -0.684035587715121 -0.615215529316728
-0.0345362307097317 0.00108015061767452 -0.803332053286184 0.329853692009431
-0.0520393396373515 0.00623503747947024 0.0147550314938904 0.697718066134862
-0.0126715166383896 0.0121788185351542 0.394682126066158 0.265057010276664
0.0127513484790605 0.0011324423357253 0.216077244948332 -0.0729207320857827
-0.00511975243202963 0.00438785572369387 -0.066762188068712 -0.184571405450579
0.0129454382349733 0.0103353110822801 0.0568357268997021 0.141766341048607
-0.00225505629218562 -8.1099962229483E-05 -0.158186638618677 0.0211517532238573
-0.0061146999346936 -0.0152273213276897 -0.344236604355835 -0.303294144069662
-0.0231929899333791 -0.0306661152767889 0.117239829203643 -0.567010316967497
-0.00351119061141614 -0.0270550197869703 0.778397111747553 -0.179485533029844
-0.00731510858648669 0.00954818274053759 0.623949205513558 0.642706339739283
-0.00814302318260854 -0.0315141771851967 -0.0519030447179272 0.639608297317484
0.0113185234397442 -0.0464437279726564 0.0649877645389653 0.0384462228120878
0.0193887668104662 -0.0249164485249557 0.0457505686922202 -0.631518295419094
-0.0107700917420149 0.0034460737103486 -0.71403362964995 -0.574986817299591
-0.0383653781970091 0.00214170069129363 -0.782146364342269 0.375301400532633
-0.0500821254602329 0.00860652885108348 0.0469305828164735 0.688405925301834
-0.00591771996959815 0.0140502585599421 0.400227320081306 0.242001559184579
0.0172457686864439 0.00254135446779042 0.210591403192518 -0.082533372820019
-0.00130611217158823 0.00395817973123257 -0.0720394170998041 -0.182961541427558
0.0167794983364467 0.00998401100029714 0.0525156656648605 0.14358538630759
-0.00185091587312732 0.00307419856809083 -0.161484617158135 0.0170409408371486
-0.00211467051782481 -0.011766425517005 -0.337991864122238 -0.318121330597643
-0.0199649779983087 -0.0316108824266051 0.13558909836032 -0.568579930387205
0.000271947743682817 -0.0279016433522932 0.785827609549041 -0.150435946690258
-0.00304748569586738 0.0132017177362649 0.603132782612123 0.667588782039279
-0.00785934848195707 -0.0190612597914552 -0.0632528938996479 0.63149046500031
0.00667181673770728 -0.0322708302640163 0.0728645482006829 0.0244984673194706
0.0207730099693082 -0.0134032633628905 0.0341333597641852 -0.63767230141172
-0.00557402485298029 0.00501675458624562 -0.729839871552002 -0.548909446885996
-0.0365961966828815 0.000771646568510025 -0.768392910612057 0.402876861564894
-0.047576179652416 0.00875024801297983 0.0629388065628414 0.681227366111416
0.000501824879767958 0.0164880037750971 0.401696343972429 0.223939394541165
0.0194907235839451 0.0053032617896206 0.208144562399279 -0.0880195747061025
0.00214414047658818 0.00383940825414618 -0.0759612711487984 -0.179408848745334
0.0191763290722434 0.0090348036537209 0.0488498272077447 0.145659891087632
-0.00212282272075686 0.00488782537932208 -0.163391443122436 0.0177300432335472
0.000292316342819744 -0.00875819143337061 -0.336867500971942 -0.32440344380194
-0.015159753655493 -0.0336479163518583 0.139650428774997 -0.572175766267514
0.00692680722847308 -0.0309286921386651 0.783602423808559 -0.144719017536402
0.00382421113751974 0.0186968514328615 0.596643936159833 0.673721130137517
-0.0102367242837313 -0.0037908879581783 -0.0626318742348738 0.627439478113593
-0.000703393886360129 -0.0153296700691783 0.0790891053797669 0.0188294018222595
0.0212937719165063 7.16290843349177E-05 0.0322179607222323 -0.643694999348102
0.00132634982286858 0.00624995498728979 -0.737651570849055 -0.540989855082725
-0.0319366816495353 -0.00334122774227427 -0.769540255947081 0.40909966297075
-0.042828878618787 0.00843720847009851 0.0625781780685401 0.67350426013554
0.00233469403259111 0.0199934953842501 0.400815869015332 0.216407434763445
0.0178971316388942 0.00737791775654107 0.207270072826034 -0.0879850226194765
0.00508406007820473 0.00342779049639745 -0.079474870988687 -0.176560413570318
0.0214074624386986 0.0086706290914567 0.0466121562171994 0.148523539123123
-0.00496445467705153 0.00572546607694751 -0.162855511835346 0.0218996972531157
-1.24829659429049E-05 -0.0068449841101583 -0.340034660161569 -0.323511464681203
-0.0105751632577832 -0.0346577242056864 0.126708994491313 -0.580569774111
0.0157706528543468 -0.0350208044146432 0.777533798473439 -0.16112769952004
0.0120985112500683 0.0244632051039137 0.606276392703303 0.662566600123915
-0.0140116337911126 0.0142412178886137 -0.0517169426172823 0.627052982666906
-0.0114911248341548 0.00220200175248005 0.0821503319828143 0.0193004965729806
0.0201752337782277 0.0143280869657311 0.0409257607191398 -0.645159253592066
0.0111433528120938 0.00896261287482459 -0.72692111987258 -0.555409969499536
-0.0231046459834667 -0.00958211332650228 -0.780144474098642 0.395145775683091
-0.0385999653730982 0.0065719567182711 0.0456760839901921 0.670652739500333
0.00148599169968805 0.0238090100701429 0.396503612437001 0.219258239276868
0.0136538795345787 0.00906567104728907 0.208783306895688 -0.0826433908475333
0.00715770436399536 0.00367986564907259 -0.081467690411843 -0.173450286157269
0.0219803876685638 0.00786549200594023 0.0474953747330296 0.151916724987024
-0.00858044329494885 0.00567993013716488 -0.161320992970724 0.0299942130921041
-0.00280789227166632 -0.00448447037205507 -0.348921513972371 -0.312616107354885
-0.00564612768594488 -0.0368507354388207 0.101822537308842 -0.588750366553012
0.0246857840886865 -0.0408546610717207 0.765868679775532 -0.198870421570573
0.0219242902264913 0.0294674808945441 0.630168490035944 0.633912768805799
-0.0173288964141822 0.029803922493202 -0.0336115667166003 0.629751166341171
-0.0226692748887334 0.017019707073743 0.0811944233510616 0.0276695633040968
0.0179762526796653 0.0277545559273511 0.0590269819244528 -0.643954182154991
0.0203187154386203 0.011277158703922 -0.711697669558265 -0.589661556239359
-0.0123374224264762 -0.0162277813599161 -0.806231769847049 0.362808204819361
-0.0343973909401272 0.00252486320448134 0.0151107177054376 0.673090775203299
-0.00222645528595972 0.0257505350663429 0.393742089003614 0.231216638875544
0.00789349875285115 0.0106682650472432 0.213503185158298 -0.0731073604018496
0.00755433553428435 0.0043020518240092 -0.0827270664399921 -0.170981116433696
0.00530147288726268 0.0102836910343528 0.0677601876808546 0.143870676630034
-0.0153664821029379 -0.00528475331498081 -0.148015515343026 0.0500251482641519
-0.0228109173018436 -0.0154131973219952 -0.376452653209387 -0.234160465571892
-0.0222058843900388 -0.0313514686427826 0.0132909617577368 -0.572579234996247
0.006639677661988 -0.0346628297436693 0.720624888402288 -0.338296683573407
0.00270341762993769 0.0107154746643325 0.729873669955862 0.501766152076632
-0.0192281970556429 -0.0319586224665255 0.0258449888481566 0.664088802097454
-0.000424738958253592 -0.053384325582167 0.0390507893536883 0.0943725417827594
0.0139467063465368 -0.032114078922484 0.108340825467353 -0.603902547369293
-0.00499771952451676 0.000594656692143217 -0.615854256078916 -0.714275467331317
-0.0168176257512509 -0.00627311428246043 -0.865129944946789 0.216482906010028
-0.049428351085789 -0.000435870611789964 -0.0726718074077422 0.708735717635665
-0.0293263971890643 0.0113330172802024 0.379636953522328 0.317422941457241
-0.00182579991260392 -0.00122234936484362 0.230244275871457 -0.0477556347895646
-0.0120620627238517 0.00622454224945 -0.0589924950604423 -0.186377975478763
0.00729395334233429 0.00996760211226583 0.0661922760769218 0.141723632342273
-0.00975863724886575 -0.00413125449234307 -0.151972315431329 0.0388481210013096
-0.0184606657744248 -0.0177990250886651 -0.367494332748572 -0.255318634410326
-0.0247499426005349 -0.0303271277772125 0.0490503224345279 -0.571637779652314
0.000787658829790802 -0.0303329850078769 0.747641845327309 -0.285191637556363
-0.00463554301975663 0.0092519186098 0.701369145759821 0.554948984234981
-0.0155292212644442 -0.0385302654832022 -0.00134354594288614 0.659422741652767
0.00815419601641699 -0.0579871712568678 0.0467063325896196 0.0767123657884058
0.0168302565289724 -0.0347953185825672 0.0855474022383623 -0.616330082553135
-0.00927379432577102 -0.000557612548131692 -0.659601894841401 -0.667595785191647
-0.0274342079174984 -0.00259786968429943 -0.839695207885418 0.279856639718074
-0.0510349917777171 0.0027911057042823 -0.0247197944278853 0.707490606943181
-0.0221982419218663 0.0106471640459875 0.390024819112812 0.290712379102726
0.00634465990070562 -0.000261604226843123 0.223242557003977 -0.0613037440530424
-0.00776975754233276 0.0037230887201579 -0.0643178586666899 -0.186373751847638
0.0101845024094371 0.00905759123841291 0.0627197756214028 0.141917548101097
-0.00559332816346848 -0.00158594699975804 -0.157771349647855 0.0290903048719684
-0.0114598891141597 -0.0172061956387305 -0.36037841474717 -0.281204316253131
-0.0243473936100443 -0.0310373812914461 0.0857834948114366 -0.574841041695136
-0.00356633053849392 -0.0262621566506888 0.768682736260732 -0.232968850823847
-0.00740267228912512 0.0086602165704502 0.66477851245911 0.604078566762057
-0.0101810509829738 -0.0390856944366301 -0.0283879965508293 0.653063118944838
0.0111297245218349 -0.055899505377273 0.0559539370313505 0.0560477244094407
0.01824723627818 -0.0322398185715488 0.0605440998570466 -0.627929190259077
-0.0127798590702481 0.000199443321181145 -0.696365505796085 -0.617741703359552
-0.0347480393228344 0.00159165870345026 -0.811600675083878 0.338789862363036
-0.053052521607632 0.00683663043051088 0.0200444057292506 0.703751331166613
-0.0124265156651227 0.011726915648662 0.399637560691377 0.264755232027607
0.0130496248937989 0.00124201898115185 0.218947384476283 -0.0756385949355163
-0.00556442281870731 0.00445092746168089 -0.0690392248180489 -0.185747018264169
0.0127193854640826 0.0107558861601612 0.0589821813187089 0.142641643430325
-0.00269253976355373 0.000228991043022975 -0.160992902280297 0.0216347594786092
-0.00619104347694202 -0.0149127716530606 -0.352051714332584 -0.303016083597204
-0.0232808473666413 -0.0303772529592682 0.116100415704165 -0.573555331032119
-0.00390051288984825 -0.0266317417147954 0.785040754584606 -0.18847787783643
-0.00706787485410071 0.00976313953882934 0.635095843694166 0.643171042401839
-0.00766451019575734 -0.0327310585624351 -0.0477104657137344 0.644894215080202
0.0108181349615656 -0.0465274990996908 0.0659579977128451 0.0381313094503287
0.0202328582854754 -0.0248326557728013 0.0400324026211767 -0.639594303773248
-0.0109467366756347 0.00246018302637643 -0.72512369536721 -0.576179032407961
-0.0387373419874476 0.00338809204786513 -0.789264054885326 0.382802875402155
-0.0501360004743978 0.00906541667131957 0.0519946776831287 0.695382372927222
-0.00595307789771172 0.0145884148305182 0.406950620559711 0.240071502760551
0.0175379067239028 0.00247200044351018 0.212332734046857 -0.0837141204171697
-0.00172106763589171 0.00399952330250156 -0.073476624241264 -0.184013532835419
0.0163565289061622 0.00924041994844249 0.0534939404542989 0.143869245794688
-0.00135894885555477 0.00285172692211538 -0.16358829391562 0.0183624080406583
-0.0022769023648851 -0.0117834708748496 -0.345959332186697 -0.317237439638073
-0.0200995721864035 -0.0317359707326054 0.131309572086119 -0.573077468973864
-0.00068947950287563 -0.0287028016835098 0.791678699077725 -0.159127278640992
-0.00214852052457344 0.0134145031321352 0.613388805516866 0.671126105692023
-0.00840117578070423 -0.0197359848626535 -0.0589813564282186 0.639533272206571
0.00554047665998012 -0.0331852130179733 0.0731830344039477 0.0249513642692915
0.0199604867531717 -0.0139249057902096 0.0287977467508208 -0.644477208627906
-0.00645957720655535 0.00499188410145022 -0.740154440101033 -0.548558374066206
-0.0373451195811959 0.00169933707418329 -0.77250732178915 0.41230024549061
-0.048182134344935 0.00955609889015442 0.0693070443853894 0.686109288675152
0.00027859268385913 0.0163956857908589 0.407684250385142 0.223870083464492
0.0188575821056254 0.00381487763177803 0.209505894856789 -0.0898398703715365
0.00293861312715757 0.0039550074600716 -0.0777170968481281 -0.180925770663586
0.0192751693046766 0.00879186875128707 0.0512317635416777 0.146833807480073
-0.00289764643936391 0.00590521001684938 -0.165170199055392 0.0186324485264368
-7.41559954486638E-05 -0.00965249378875196 -0.343512386575792 -0.324882588709579
-0.0156778073454494 -0.0344149731488077 0.136377856721825 -0.577337838989022
0.00718656786236656 -0.0308535618789295 0.792592015245217 -0.153351894982898
0.0037449471292568 0.0181653263776269 0.606055186375906 0.675344382856537
-0.0114001834983475 -0.00344949537094217 -0.0579187221453897 0.633029350192154
-0.00210491164769431 -0.0156466112548994 0.0811426580419673 0.0182025494006465
0.0209432908412019 -6.88158139014912E-05 0.0266887269102186 -0.650660972646317
0.00284207756747009 0.00625299128043776 -0.746873387674372 -0.543526367757902
-0.0318175067818855 -0.003118306825076 -0.772649470441431 0.419139187615578
-0.0438018922449553 0.00957388867452036 0.0696287342253252 0.679984747664882
0.00324735459545075 0.0197485200129715 0.406201921674381 0.21428051828943
0.0184748534892153 0.00721987399542048 0.208353836251845 -0.0899789062869535
0.00419683359836496 0.00415538786767537 -0.0810614882882025 -0.177199262444378
0.0212816456664859 0.00766009308757723 0.0482643677056448 0.149196207020167
-0.00520277485449117 0.00648073317387773 -0.164654862586401 0.0228209645081882
-0.000423930261121209 -0.00692276794853663 -0.347170333606914 -0.321763955351677
-0.0114453268931719 -0.0353104064737546 0.124367306747248 -0.588159952929814
0.0149181668730191 -0.0364753819958883 0.783295248371042 -0.167689574813623
0.0120900291294347 0.0248416458464703 0.617385892991631 0.663943783279956
-0.0147603855119428 0.0133014848253408 -0.050055221238514 0.631863633717275
-0.0110514522448117 0.00189875590142379 0.0821481973952371 0.0190354652018326
0.0211146522251369 0.0141477598813786 0.0390249729042213 -0.650892508600759
0.0117023296740963 0.0068778767467677 -0.738731844929931 -0.557617577857417
-0.0233958972581154 -0.00961561355956644 -0.786545193534907 0.404476283616023
-0.0378955552305484 0.00655582733351587 0.0517941028972059 0.678706534670648
0.00212173182931997 0.0233807298912584 0.403089745001154 0.217874117293258
0.0144773124245638 0.0094034018240632 0.211116376101332 -0.0852408416080624
0.00706871194500486 0.0038903147763822 -0.0838584012754618 -0.173145534930858
0.0221927489793849 0.00771512446358737 0.0487621933675589 0.15136778556105
-0.00875197447424786 0.00663628864478502 -0.16402483599862 0.031092084202351
-0.00307689393994561 -0.00407888004821635 -0.355866156656845 -0.311993360600909
-0.00648641789090991 -0.03717257397344 0.0981100775800761 -0.594464991117646
0.0244607973489971 -0.0405190174996869 0.77221239055028 -0.208091502242719
0.0219725837392373 0.0296324614854339 0.642193960027922 0.635628615151268
-0.0173816769392517 0.0299208048928994 -0.0300610773188268 0.63705329407917
-0.0230447035422598 0.0179325555843415 0.0818366154948087 0.0277240258672562
0.0178450795259923 0.0270877971857204 0.0555953293070034 -0.650883375444876
0.0204355905421638 0.0102841727505737 -0.724711327078586 -0.588943807278429
-0.0125115505027147 -0.0159689872132608 -0.811723766415723 0.37217119809752
-0.0339301136025071 0.00300897210237816 0.0214182687626596 0.680171961477043
-0.002385711502139 0.0261255719475859 0.398358681991615 0.231072614111631
0.0074855775867687 0.011732316746579 0.217463272811103 -0.0751001101807211
0.00745567766673382 0.00410109137143378 -0.0843134462774213 -0.171521703972258
0.00393486749520796 0.0101205905860867 0.0684865265410228 0.144002013270148
-0.0156566577751853 -0.00489113179453401 -0.150039004465604 0.0509496742356159
-0.0234536707078278 -0.0156514942086587 -0.38313478802512 -0.231662128494243
-0.0234522825618693 -0.0313273750659348 0.00813752557421044 -0.577726114143344
0.0067612002342166 -0.0354027857222168 0.726057704730728 -0.348999821668973
0.00290945497681229 0.0108861687203494 0.741350631794706 0.49820145449026
-0.0199993260755605 -0.0316783074078569 0.0305163460384718 0.670260707323361
-0.000761809615335161 -0.0542759616334452 0.0408196215067494 0.0958855563536386
0.0132348466152333 -0.0331778372569935 0.105395377799663 -0.608321609157581
-0.00398522567028388 -0.000174303555127653 -0.628294866007884 -0.716696509054498
-0.0180820303059416 -0.00650587739442428 -0.873458336349157 0.227080491539312
-0.0501768797203244 -0.000868224212302381 -0.0687421449465776 0.716401909819714
-0.0295073612404694 0.0113535814914895 0.388506239238496 0.316797944981829
-0.00267077842162965 -0.00167014737884471 0.23321981104332 -0.0497944518709299
-0.0114605707447433 0.00569457308047623 -0.0616735368288514 -0.186974154144983
0.00683658942938952 0.0101137631901258 0.0683126745044557 0.141536206093436
-0.0112489504687619 -0.00324466715611472 -0.154191310310149 0.0395552107245599
-0.0180524950464743 -0.0173395833972573 -0.375414551944616 -0.255266724518622
-0.0254573078462446 -0.0299875016037878 0.0447902243099698 -0.576947535960459
-0.000232812205426976 -0.0304435837325446 0.753896640396858 -0.294061544014083
-0.0047596038413364 0.00910915441340864 0.711865279987732 0.552434053063726
-0.016120157687597 -0.0387635903303987 0.00398354651441029 0.666054771955574
0.00698362124163119 -0.0590586186499997 0.0477460012182367 0.0770484808738322
0.0164077855537875 -0.0359948900084105 0.0801166578176239 -0.622371347714199
-0.0100642372542296 -0.00114898231689303 -0.67016305603472 -0.668938719515236
-0.0281418018506333 -0.0013461663906082 -0.847075178787695 0.289436021262142
-0.0531978551448055 0.00384937151325398 -0.0180947260638964 0.714264465928282
-0.0216400424163735 0.0113270276139308 0.3986275347671 0.290928446762808
0.00553894749040299 -0.00117283873814067 0.226636592139816 -0.0635992629809222
-0.00818803916946696 0.00590908778333891 -0.0658756789479292 -0.188048885983525
0.00916813952734482 0.0101707447343093 0.0641557867233472 0.14287769279319
-0.00659374032298791 -0.000975264093010492 -0.159401923406459 0.030396167808222
-0.0117650846687417 -0.0168931709650515 -0.367874433553195 -0.278605525010905
-0.0257924095048269 -0.030662214271293 0.0827790291072277 -0.579845882457073
-0.00379995082650497 -0.0267391708375484 0.775480635659437 -0.242020085762977
-0.00839624680062463 0.00907055050008558 0.677357054424581 0.605719063201373
-0.011780893564235 -0.0393390940298307 -0.0226089734176498 0.660013204222454
0.0108128684694729 -0.057090647775156 0.0568323634617767 0.0569124576522621
0.0178608430268211 -0.0345673501803263 0.053964796027291 -0.635330709038631
-0.0121257905363692 0.000641365661923674 -0.709126346109362 -0.618725414584889
-0.0353765881358644 0.00224442699724401 -0.81503932718196 0.3489351171185
-0.052436525749505 0.00740821532378995 0.0270214512881835 0.709947302519803
-0.0130062051312127 0.0132644466093254 0.407851207517754 0.264310965984992
0.0116068654965381 0.000678965044527715 0.220222441791377 -0.0773292563375853
-0.00555705850011979 0.00518279536675505 -0.0708094050045181 -0.187453715288326
0.0131912842290842 0.00934500104154677 0.0597978361484453 0.143140599081375
-0.00350977111416091 0.00090565001223465 -0.163546145119215 0.0228427874197233
-0.00661990142496053 -0.0152663057887392 -0.359359678946317 -0.300506217703827
-0.0238571307977933 -0.0314642102656626 0.110875186336347 -0.579091972591461
-0.00443414113188559 -0.0273092811755277 0.791151409920462 -0.196672551986473
-0.0074123948249888 0.00961957867720614 0.647017601483189 0.642978436676116
-0.00897315508201892 -0.0323948538262604 -0.0426827812165911 0.651686854694302
0.0108915582787973 -0.0475537760363946 0.0654303272429393 0.0380488222538691
0.0192246469016115 -0.0265855560778786 0.0357325748552421 -0.644844212939923
-0.0103602627701421 0.00239745110868904 -0.737839274551672 -0.5765359951828
-0.0387904871182652 0.00335515035759075 -0.793389475898707 0.395897713189093
-0.0514888401381695 0.00938287522362056 0.0585298186325343 0.702198807872327
-0.00562919036745498 0.0141831276499708 0.413587515914693 0.240547020274895
0.0172496113596932 0.00263815068200523 0.214460268513162 -0.086711907936157
-0.00162913665330707 0.00426974668132748 -0.0760983578550287 -0.184749432982485
0.0164305058983135 0.00966534455877758 0.0544933824150075 0.145878282668754
-0.00245258254977584 0.00353365344242353 -0.165327431936473 0.0185331247722846
-0.00248844573303355 -0.0122230143797018 -0.353712112973453 -0.315602001216065
-0.0216205436911362 -0.0330143499567517 0.129132889104825 -0.581777692137125
-0.000182565973283345 -0.028129554651561 0.799253409953402 -0.165576319734542
-0.00328884474069937 0.0132182759192118 0.624261065011368 0.671307422438457
-0.00917965199064507 -0.0201135396830453 -0.054040170060242 0.644090367620382
0.00593770451072937 -0.0334020325074565 0.073932922633992 0.0251102289276778
0.0203590165250984 -0.0149596593292759 0.0250918251946656 -0.651653822350965
-0.00515822402173989 0.00441668573659473 -0.753552479888721 -0.548647566184641
-0.0375647456149784 0.0016180844385014 -0.777993756988224 0.424411650740759
-0.0478190155231055 0.0101361216179057 0.0771696106432418 0.693121020282331
0.000202480123284939 0.0162578036768243 0.41491559676316 0.222422881272003
0.0181701136234262 0.00367542206151347 0.210371464297051 -0.0924335999329793
0.00177150483463648 0.00419824695209791 -0.0799721015403875 -0.181534946358752
0.0194455189699513 0.00823633671137485 0.0517246163928257 0.147716223553698
-0.0027904301218619 0.005849468322103 -0.167573317993997 0.0189549707394327
-0.00033650288118766 -0.00919897698397099 -0.35208550127336 -0.322460364515058
-0.0166211557723317 -0.0336024694920887 0.133640354501383 -0.58628801505069
0.006032307207217 -0.0320022060521117 0.798953974830636 -0.159445683353491
0.00335196974300873 0.0194156994946584 0.616388315255973 0.676295012280435
-0.0113765754012435 -0.00407971152436829 -0.0534329260197924 0.641202511357736
-0.00230376967817373 -0.0163400263051973 0.0811455147819668 0.0178355725273386
0.0215723927978638 -0.00142551148984266 0.0237848763915525 -0.6567672643167
0.00241811584209231 0.00594680566214465 -0.758873973844954 -0.542291391364532
-0.0318004155962187 -0.00147298290516495 -0.776241968073795 0.429879936748149
-0.0436806879919593 0.00984375982634745 0.0773963296684311 0.68627961970379
0.001765787464714 0.0202498242918724 0.414739331438181 0.213445803664147
0.017478884741407 0.00682669292023695 0.211274136253195 -0.0918844668870246
0.00540860400877483 0.00352310616507126 -0.0839054775915767 -0.177031402679381
0.0214435256304284 0.00776497456225442 0.0499897112304953 0.150006105268554
-0.00494680992237519 0.00685445924604114 -0.166707832888 0.0245331199380782
-0.000376015481282877 -0.00683587442167651 -0.353841517638585 -0.321369067354406
-0.0114732121989637 -0.0355991737984269 0.119298718570018 -0.594388147386887
0.0150059746478955 -0.0357985648837806 0.788901882668957 -0.178199802227157
0.0120852983176565 0.0254943254121644 0.627147786887921 0.664663765497936
-0.0143962784118868 0.0141315977351994 -0.0444717142196598 0.639343411939823
-0.0120765944923468 0.00213416764647278 0.0834706687454369 0.0183729772541111
0.0205999616760205 0.0137731567818383 0.0318997792578341 -0.657582763761117
0.0118544621233339 0.00692877639343689 -0.751065302360161 -0.556150956661724
-0.0242654317014513 -0.00913800615037793 -0.790018473756833 0.416421106025591
-0.0396960141615082 0.00707562976634627 0.0595330270412509 0.683566265966042
0.00203339108750646 0.0233733267808973 0.410249775760774 0.21659317178476
0.0144335790072225 0.00923574740888268 0.21271949389379 -0.0867400643995506
0.0069991093097272 0.003972456970937 -0.0859495957953376 -0.174317267859299
0.0220396353912009 0.00764164271303825 0.0502153704165909 0.152453041930799
-0.00941002392687533 0.0070179732137038 -0.165467122112703 0.0329315985034233
-0.00329396269238235 -0.0046860323657466 -0.362950166324415 -0.311046585495555
-0.00704299272451885 -0.0376362763557181 0.0937071323411566 -0.602607952786472
0.0241634514040186 -0.0414526849093217 0.776973005853728 -0.214886846712502
0.0217518763187071 0.0296689338434313 0.652519507232078 0.635160663087315
-0.0177763597128901 0.0298752722414064 -0.0246429683134564 0.643578383783343
-0.0234042935693516 0.0184417610967082 0.0836210181705154 0.0277387923298363
0.0180119421498931 0.0270096790226628 0.0507381031807547 -0.658059222890219
0.0213452678861147 0.00950383053347487 -0.736746557133685 -0.590484553751201
-0.01231372282139 -0.0161769891767421 -0.815312031378116 0.382717478688648
-0.0349198033365284 0.00361450393941401 0.028872176754734 0.685262811335915
-0.00214913326992489 0.0264597158249985 0.405953586501625 0.2285689377218
0.00784267276078851 0.0111037489094446 0.218537070901749 -0.0776852272965557
0.00799222986698919 0.0051337972817961 -0.0865537064511381 -0.171852004820064
0.00484456587209227 0.0105630879247 0.0712269981790669 0.1439964397791
-0.0167295917865002 -0.00447690192178404 -0.150756754450895 0.0523902063170624
-0.0244117222385322 -0.0154141152208827 -0.390412241717707 -0.227422805715222
-0.0246693552215061 -0.0317954592856329 0.00123587172388846 -0.581273770144303
0.00650100221412608 -0.0349493236309163 0.728302985682302 -0.359264311975312
0.00166966275401776 0.0106958808588305 0.753412677189001 0.494320143601494
-0.0213836619418684 -0.0317306285630813 0.0375453023999707 0.673961617817949
-0.00220229991241919 -0.0551958096382156 0.0422861333506804 0.0965182917041187
0.0126735832654712 -0.033415353576303 0.100431134336918 -0.614743699406641
-0.00413990459536143 -0.00132059237006374 -0.641434097895843 -0.716801519244148
-0.0178288193055943 -0.00588027198404234 -0.877649222871312 0.238110218770514
-0.0506100200574113 0.000152395207432727 -0.0584014443916321 0.723840971135431
-0.0297050604396683 0.0115644111988012 0.394870708909543 0.31448127468834
-0.00348556981418152 -0.000667182923935295 0.23517677990089 -0.0514096058136324
-0.0120238861361257 0.00581251908785137 -0.0641594732447437 -0.18741580789912
0.00634983895142464 0.00983485031493512 0.0700790271692322 0.142786354514735
-0.0114593659414636 -0.00351246662462302 -0.15561515961537 0.0416471664555557
-0.018995265327743 -0.0179244795965531 -0.382347856440132 -0.252622930045643
-0.0266680436458261 -0.0309300961102472 0.0390509631510271 -0.584537164387798
-0.000678154446390525 -0.0299350853302153 0.755044499097313 -0.30573527385799
-0.0054398536278193 0.00879168648548894 0.722866107024832 0.550131541637694
-0.0163863965649693 -0.0385078266297449 0.0108521975036282 0.67023734567452
0.00554238806985728 -0.059008449033009 0.0486847527935143 0.0772687776178933
0.0154361157445223 -0.0370107851895099 0.0734120646209146 -0.629362794606708
-0.00922368779803796 -0.00109528784988421 -0.684013201830637 -0.667550191918349
-0.0282068417455973 -0.00113939852177497 -0.849824355250483 0.301248318251718
-0.0533363197090824 0.00468007401360703 -0.00996213217248967 0.721208088527298
-0.0225047236567273 0.0116890265380214 0.40523936327212 0.287859467470612
0.00531177960910502 -0.0011634881135835 0.228844346081132 -0.0661028199871785
-0.00974050904389205 0.0052718759224202 -0.0692265721785358 -0.188256927483044
0.00909057621192446 0.0102832932454722 0.0658435002929497 0.143776777592079
-0.00726212208344226 -0.00127558229299423 -0.160912116079077 0.0319618634824347
-0.012590224922072 -0.0169198196137361 -0.374330520202388 -0.27627090186451
-0.0267834430488574 -0.0311386898478945 0.075885042820711 -0.584816327034289
-0.00433882909818146 -0.0272759602583678 0.779497855210114 -0.251429578461538
-0.00887255893940532 0.00877098220938406 0.690824664696267 0.601158047123091
-0.01240229325792 -0.0400323108380744 -0.0159042677098616 0.664818727656097
0.0099121017143256 -0.0575297378398497 0.0580264595370417 0.0564653827426691
0.0174758848673956 -0.0350175321865817 0.0491883439946913 -0.640290806065692
-0.0113470846424667 0.000459083663360262 -0.721946812323279 -0.616927773607022
-0.0353251484174538 0.00230582929097081 -0.819007431325021 0.361777637902024
-0.0530433947715678 0.00864444717096069 0.0354348829820006 0.716339130976534
-0.0130142248872797 0.0130285523349025 0.415115608682166 0.260613142633385
0.0121370183727074 9.92098305063437E-05 0.221995759691277 -0.079794207993607
-0.0056916073348073 0.00557844087313361 -0.0725625616194861 -0.186967117006885
0.0134570674005597 0.00947636869361324 0.061475702763814 0.14331289492475
-0.00401026115358483 0.00157775224458563 -0.165036607382103 0.0245544137376132
-0.00718718962825261 -0.0153601206162847 -0.367065275820436 -0.298600518384171
-0.0255851463647689 -0.0319911980645842 0.105091918711958 -0.585688622265478
-0.00399905954015123 -0.0269921242242775 0.795700455368651 -0.207690974615282
-0.00733883560547273 0.0102674478467303 0.659784584361132 0.643607646521293
-0.00964344890235604 -0.0332088960709125 -0.0375085300939062 0.658416241000897
0.00961830308218294 -0.0480689337103008 0.0672323839112307 0.0374789452353973
0.0188470114908672 -0.0267866921804277 0.0294147331842093 -0.65097369021793
-0.0099703445314995 0.00208030163261141 -0.750146438868472 -0.573510238710393
-0.0387766013040278 0.00470638680698954 -0.796154098468478 0.406855700833287
-0.051188905838875 0.0104903003916696 0.0680846582845826 0.706046117422567
-0.0053210385955016 0.0144335100338904 0.419554564071202 0.236064729362671
0.0166069464199523 0.00177505399965904 0.216486540085618 -0.089754614649196
-0.00151447835079241 0.00504193745467988 -0.0781453370766505 -0.185404315070006
0.0165239088507819 0.00925908336251493 0.0570068286063937 0.145899158266518
-0.00328456495721358 0.00402092774567338 -0.167445672294405 0.0204884885136417
-0.00322608142902102 -0.0122529521594141 -0.3598062798548 -0.314066866117179
-0.0217792383723844 -0.0336329283561817 0.122307082521513 -0.588385255099767
-0.00108462957088277 -0.0280654071509735 0.802687029570884 -0.177240156575039
-0.00334658544392566 0.0139476196668568 0.63855178736459 0.669823612992598
-0.00914970952183442 -0.0206133780273589 -0.0483433151021946 0.650772191404837
0.00481668805472385 -0.0341495271064538 0.0751721795015246 0.024316942141838
0.0203786497116053 -0.0155393526085587 0.017941916728926 -0.65848400419986
-0.00527031163279963 0.00436362158573045 -0.765574781359814 -0.544459120061753
-0.0372129852327518 0.00259039639493307 -0.778710629169392 0.436498029799806
-0.0481560772509848 0.0115711616196757 0.0862725057414519 0.696555750524348
0.000398769621759398 0.0172896196038924 0.420390741549429 0.218003539321314
0.0180935336658099 0.00427415045374968 0.21214519525112 -0.0944294127035843
0.00142956593809554 0.00405271786905862 -0.082338324921617 -0.181647323945817
0.0202338126366482 0.0085852988840696 0.0536399936718022 0.148493391948521
-0.00295301550687356 0.00584712040843197 -0.168948817498745 0.0208508693582376
-0.000863713255668926 -0.00917214921201648 -0.358996514840751 -0.319903019416619
-0.0177744245528952 -0.0351697736300385 0.126389111657058 -0.591660883200732
0.00665812349201086 -0.0315972349504053 0.802518233554561 -0.170401190120685
0.00401625002650097 0.0203785122149434 0.629378379888633 0.674277241821511
-0.011787937718208 -0.00348565042113817 -0.0468480162862889 0.64523123652416
-0.00261938528546105 -0.0164447713323666 0.081752960754489 0.0169573605534836
0.0211105787674281 -0.00187900762155489 0.0163888668848261 -0.662574222821917
0.00256832702707385 0.00561719936738662 -0.771180829738964 -0.537100807851917
-0.0328940929186811 -0.00122078074878194 -0.777698137448796 0.443594326147388
-0.043552750182943 0.0109601070861659 0.0846166617256975 0.689899735131423
0.00283948791647444 0.0198197692826043 0.419651531835127 0.211158784743873
0.0175236992257908 0.00666244435333352 0.212376318495632 -0.0943517843015969
0.00527204757375205 0.00425965340463635 -0.0865851839023991 -0.178235976184699
0.0214981307557328 0.00724730423164732 0.0515175997180573 0.151392213236981
-0.00576276715138086 0.00757102659493063 -0.169230279658493 0.0259791934866717
-0.00111222715977451 -0.00708171100477924 -0.361522111844134 -0.320166107068801
-0.0128724526250225 -0.0366073378068268 0.113125617003974 -0.600971523461129
0.0145757143922222 -0.0359165682219897 0.794259992934023 -0.1868728005534
0.0129720368871347 0.0252732325015396 0.640356686441263 0.663096206576361
-0.0154983531992643 0.0136952620295915 -0.0391001404121937 0.644021923628789
-0.0123057384181541 0.00219192134260988 0.0849369378543299 0.0182539136769
0.0206006674265492 0.0131223423547562 0.0262022181825995 -0.664016212999112
0.0125832022982369 0.0069038382742575 -0.76426382253574 -0.552827787898546
-0.0240363502229914 -0.00777216184434442 -0.792604336506251 0.429650438679777
-0.0394952324455267 0.00777303638248549 0.0668650278621345 0.687330994228771
0.00248461742451009 0.0242869638498961 0.417032384388451 0.213166912939558
0.013839324719534 0.00857835600784284 0.215440256216047 -0.0890178754543099
0.0074079568823189 0.00429091057323076 -0.0882549074801186 -0.174263898331716
0.0222359850030503 0.00715799741892768 0.0515923004215664 0.153666503736435
-0.00945612754962602 0.00834486376433712 -0.16645609984033 0.0345234627278918
-0.0037368056991167 -0.00423865400524947 -0.370245392953353 -0.30819274932667
-0.00802205988483999 -0.0374141356990854 0.085630991323725 -0.609985495957641
0.0242733676443812 -0.0421444601835582 0.781018676088864 -0.227353275066778
0.0223073675210302 0.0298038829811913 0.666024057915844 0.631882248272321
-0.0178280399464358 0.0306136017858099 -0.017883304021113 0.648574631913341
-0.0235030838234137 0.0184948747836346 0.0845760552821226 0.0264540364978862
0.0185590460273794 0.0262867786321362 0.0440500136071996 -0.662983278791999
0.0226416966750189 0.00866353296249365 -0.748090499304231 -0.58679239452433
-0.0125064201391572 -0.0153866092500983 -0.819047086083085 0.395514610280714
-0.0353457001903859 0.0045660392172622 0.0360047325153609 0.692400461994087
-0.00166358394205303 0.0269620354148926 0.412235135682007 0.225720671722486
0.0073971370064689 0.0115236328889505 0.220988657940886 -0.0795278040349273
0.00740450112317578 0.0050314658994838 -0.0889184925480527 -0.173507053293052
0.00503800942423807 0.0104117747232316 0.0736733134190089 0.14366455796031
-0.0165518383075131 -0.00378961573771745 -0.152223633591037 0.0545533528691777
-0.0247789471242706 -0.0156619838330567 -0.39685663948856 -0.223051727749213
-0.0250144766768342 -0.031980174617232 -0.00576730805005198 -0.58551314733806
0.00628895356089545 -0.0355556586603694 0.729395168665874 -0.370764990912324
0.00181991373359907 0.0107045870294375 0.764479862452146 0.486413907009223
-0.0217019965156465 -0.0325565568841865 0.0465381038117134 0.677852589582858
-0.00282187913308128 -0.0554156074685975 0.0429485769761484 0.0961354162612288
0.0120539664146042 -0.0340463083486671 0.0924988902572795 -0.620514016336001
-0.0037864148603939 -0.000748696007563811 -0.654852678848034 -0.714383114443224
-0.0177502967168928 -0.00564012745319027 -0.881450724456521 0.25115549046172
-0.0506774001855926 0.0020247777093573 -0.0498472272032313 0.728193885386737
-0.0297783659119864 0.0115646331968158 0.401564531446916 0.311093255887272
-0.00475958649299611 -0.00185208145125004 0.237384130162875 -0.0550643516094154
-0.0116736197620724 0.00684624827211359 -0.0668602455205842 -0.188434960672291
0.00647468878649791 0.0105361633403777 0.0726341016057 0.143127756529031
-0.0121556750956128 -0.00253617480863296 -0.155779020564227 0.043085020047189
-0.019331805988819 -0.0171316164581863 -0.389116148649618 -0.247016293118979
-0.0280803901850328 -0.032106504990836 0.0310153403573798 -0.587596261471213
0.000290790114471595 -0.03039787646094 0.757931175058917 -0.316944346683786
-0.00576184829848756 0.00973865793581765 0.736489839947377 0.544389583759528
-0.0176346530815203 -0.0408250885368246 0.0186114109444165 0.675106470933193
0.00490392484855624 -0.0607901021848872 0.0500953636553987 0.0774399792129592
0.0149787458917352 -0.0386225305758577 0.0668341499621715 -0.633609847483877
-0.0094964913432219 -0.00117488444995593 -0.696603875369585 -0.664763122324977
-0.0279199330618515 -2.76995218757847E-06 -0.852159542507754 0.312687515905429
-0.0528826764843997 0.00517883176638896 -0.000362694903592966 0.725548819157734
-0.0210088408006501 0.011915474238665 0.411860280233203 0.28513295986754
0.00461125254278394 -0.000535492223524607 0.230461118806599 -0.0683463211890603
-0.00975389592603438 0.00592683420782931 -0.0712758735087553 -0.189078477834994
0.0104172306181945 0.0093990992724736 0.069227704661209 0.142746824323465
-0.00710394957906102 -0.000669664101385784 -0.163169777775616 0.0336065636480054
-0.0130392983261204 -0.0172697015563485 -0.381708158137189 -0.27172464105936
-0.0276304455617377 -0.0314650356913628 0.0685814502882489 -0.5903311213822
-0.00488360302353964 -0.0275518961335076 0.781990655859359 -0.263391867228167
-0.00895024892641227 0.00868479372507871 0.700456192742674 0.598005787175597
-0.0136509223197761 -0.0403680992421801 -0.00818470370469403 0.66885412377099
0.00915842691464089 -0.0581179770126906 0.0590771799314867 0.0563508508545168
0.0164922719923001 -0.0359457889381782 0.0429081332668949 -0.645855272228315
-0.0112993947523259 -1.61564929187924E-05 -0.734301487319082 -0.61229941372938
-0.0346622653869476 0.00340098251980711 -0.819199421944987 0.373198250501408
-0.0533564880652106 0.00929196272952626 0.0454170073985625 0.720569973247936
-0.0131010022539667 0.0128697747132877 0.421534560446534 0.257196668897261
0.011418645220702 -0.00100196010198659 0.223379227324662 -0.0829854210698336
-0.00581678966852849 0.0064695914863965 -0.0763760384953252 -0.187342094083835
0.0133145985165348 0.00886593808987437 0.0638400500576092 0.143983614897104
-0.00401500384245215 0.00261949431997417 -0.166245173933482 0.0260328306577432
-0.00766646925579933 -0.0152590242027237 -0.373009742250431 -0.294979015457747
-0.0267478260916323 -0.0320448000061021 0.0985598516215182 -0.591161049599917
-0.00548489939233469 -0.0261108174630683 0.798669469205745 -0.219992275017881
-0.0083157189383462 0.0101118943340732 0.670602889084639 0.6384723173773
-0.0111557833472822 -0.0334623676878237 -0.0282782097593898 0.662224157459537
0.00885832058110561 -0.0488837126746356 0.0679015885570083 0.0372086190991384
0.019419833047803 -0.0283769923471029 0.0220540856087051 -0.656036340352807
-0.00959883093445333 0.00178777296595851 -0.761044397665737 -0.567575179158748
-0.0384085848125429 0.00600307247164653 -0.79576860730408 0.421841813967564
-0.0521381420928768 0.011699504868304 0.079395781299746 0.710287074442271
-0.00437691594159932 0.0147900154469546 0.425232771930371 0.232022162880402
0.0170156686070121 0.00192604392257282 0.21701070736479 -0.0928733880355921
-0.00174200772332934 0.00551688629822311 -0.0806663698224792 -0.185436546966808
0.0177437634383027 0.00869549469100588 0.0590726015391217 0.145298129455526
-0.0029795397261494 0.00477868619960574 -0.169305030336997 0.0227024447724801
-0.0031241270297347 -0.0123874905826767 -0.367328963243485 -0.30868420214023
-0.0234529305105513 -0.0330431915834374 0.115457779321039 -0.594815744365513
-0.00123531972320266 -0.028252739824161 0.806489807140614 -0.187763916399234
-0.00352672002920144 0.0136825726019244 0.650247800353904 0.666356625574319
-0.0102405735985825 -0.021004126172973 -0.0410248774660705 0.653908934719026
0.00503886670521822 -0.0337367226162239 0.0759002295507524 0.0228958910213905
0.0199877097047746 -0.0167237107963243 0.00950105300688087 -0.663655089649295
-0.0051566681493841 0.00364207421571091 -0.779208401041167 -0.539844600218528
-0.0373087677158425 0.00294081457171719 -0.780577412264993 0.450933784716844
-0.0482384602118424 0.0124675768440714 0.0967760722622926 0.699523097956204
0.000512486415467923 0.0165820816728348 0.428118781308059 0.214142136472854
0.0175736573942959 0.00435292834310608 0.21452172230779 -0.0969661918494431
0.00178004626036062 0.00435802831284602 -0.085139817351599 -0.181731617508289
0.0199725439756955 0.00841718333629594 0.0560566765800508 0.14792180142259
-0.00425816909087705 0.00688427031100648 -0.171097238778107 0.0230002657342091
-0.000942438303908796 -0.00895796869539503 -0.366012016055632 -0.317311763879237
-0.0187048396659117 -0.0353950185364643 0.119947173126936 -0.596405850770217
0.00563654545620627 -0.032034231936534 0.805790305271428 -0.181786836448564
0.00387733927513552 0.0191632190097987 0.642419098235737 0.672862167005845
-0.0117154631747645 -0.00441870532334799 -0.0385458347658404 0.650830389544604
-0.00412599528701679 -0.0162284442219543 0.0822602006245433 0.016548613483844
0.0203709192423262 -0.00205307467328488 0.00827754862401859 -0.668019431826871
0.00387901471202021 0.00535164196401995 -0.783318597888174 -0.532104154093225
-0.0323913126114729 -0.000262027436694057 -0.778024080243272 0.455605863892232
-0.0446940730517397 0.0113639101527236 0.0947005761603413 0.694219852269299
0.00304622512273085 0.0205579696984943 0.426618932474112 0.205653215752868
0.0170477611905178 0.00703559261430113 0.213988373672932 -0.0970089284294044
0.00486241029643675 0.00420871316444174 -0.0887827237046862 -0.177715282093392
0.0213095140880548 0.00736500718328854 0.0536829487573416 0.151208386285248
-0.00522346345996089 0.00795680697117848 -0.169988066263245 0.0281173952945645
-0.000883452294552436 -0.00769309430966993 -0.369882836165795 -0.315958498138296
-0.0134233080548219 -0.0362257616550899 0.106452067955025 -0.607305412971282
0.0142646225850505 -0.0358907884643846 0.797192718016463 -0.198310978797182
0.0128574064806027 0.0246527197312558 0.653786615732751 0.660168794149201
-0.0147231547686244 0.0140029792322532 -0.0308058444519164 0.64842225331916
-0.0127830168802102 0.0018466688922154 0.0852269774506171 0.0172693826845458
0.0209164633612332 0.0126469791785749 0.0173956175479694 -0.668620908622172
0.0132533394743692 0.00648573583810197 -0.775763234559135 -0.546898876020453
-0.0237080009344912 -0.00770481638586936 -0.791983718533612 0.442093970283746
-0.039742790930917 0.0085648093271628 0.0769171393847367 0.693688966276458
0.00304171647861873 0.0237261247618216 0.422276347695625 0.208957309370608
0.0137540896042545 0.00872518906368046 0.215894695464476 -0.0920718409528103
0.00592955787274543 0.00458414354710944 -0.0905008866621342 -0.174662422751866
0.0224477983031288 0.00596361343310097 0.0539984534517468 0.153972826453419
-0.0109284492588225 0.00878877280202418 -0.168691287517726 0.0368892071404232
-0.00397584163083335 -0.00573353553069995 -0.377867414934641 -0.302819165654487
-0.00899970924294749 -0.0377917218994914 0.0779930386553776 -0.613151717664834
0.0239191515306377 -0.0418017658789626 0.784041681321072 -0.23663744718006
0.0231734558720402 0.030052145020833 0.680120755356393 0.62943660333021
-0.0183242973036917 0.029930176713656 -0.00992605534944539 0.652886737077287
-0.023611981299951 0.0183364439121224 0.0855465553625537 0.026345087958802
0.0189257117804436 0.0260111815211281 0.0347817344224436 -0.667308388430704
0.0230280488974107 0.00866901383894513 -0.759841893885194 -0.580613893137264
-0.0127771342237906 -0.0151824285683989 -0.820758950731995 0.409922856576591
-0.0358791273832353 0.00462917791033464 0.0439096308964313 0.69586124283729
-0.000933663697338945 0.0274362891809814 0.418609338490047 0.222913885661532
0.0067296406232728 0.0111211125046656 0.221573006328518 -0.0822637101828662
0.00822218026976297 0.00520378960915982 -0.0918932642997009 -0.172709433718111
0.0050659717188179 0.011215071352911 0.0759517406288836 0.142513683549417
-0.0176603640910484 -0.00325754803852295 -0.154994000517878 0.0551893123650258
-0.0257028899928759 -0.0152659592610188 -0.403113444183571 -0.218391554808655
-0.0267885922065093 -0.031728186891698 -0.015135469978092 -0.589257539887968
0.00507331443753243 -0.035984560911944 0.727563867276184 -0.383216567533782
0.00196588490218755 0.0108669615718511 0.775629004229936 0.479804349246305
-0.0211945421440178 -0.0320697191948359 0.0539885518433311 0.68063047267206
-0.00365627962948524 -0.0555517174178364 0.0437872510719132 0.0958952708309875
0.011190865930343 -0.0352765586286102 0.0850365445996218 -0.625982877430087
-0.00344779058050395 -0.00104179440387445 -0.666751578047015 -0.710036268808207
-0.0179340833880204 -0.00507868129073281 -0.883379414781317 0.26655116618876
-0.0517180162115315 0.00180376663022463 -0.0404392394202885 0.732611705898936
-0.0300723744087269 0.0120876925016919 0.410280011099696 0.307482193163143
-0.00363423284595264 -0.00182010566653263 0.238384443637227 -0.0571487604399131
-0.0129995245913384 0.00650886527464129 -0.0686403296868439 -0.187520294338603
0.00677729969936601 0.00926025504606768 0.0740378365638409 0.142808246942643
-0.0126969532082705 -0.00147592415574592 -0.157171515794788 0.0437989996464821
-0.020212232267271 -0.0176122865273546 -0.395542250804803 -0.241518961063238
-0.0284911352594871 -0.0312273389627481 0.0232417932939098 -0.591465657117899
-0.00157854489271997 -0.0300047626260628 0.755019177622781 -0.331540694431038
-0.00616413568986776 0.00941706682817015 0.746063218096598 0.53695824416491
-0.0182846759665597 -0.0395292113309348 0.0282716333888755 0.678688100317307
0.00329209918091498 -0.0608300192434361 0.0514985366868583 0.0773271635076135
0.014445679597488 -0.0383783407576287 0.0578348059509179 -0.638091395741014
-0.00968535427933109 -0.00273509570638076 -0.709334323645193 -0.657153362488911
-0.0288341461656059 0.000713790993491534 -0.8514147987192 0.326138600211652
-0.0538368277558625 0.00732111919311467 0.0093865844582408 0.729784716004308
-0.0219624080535898 0.0122464709324863 0.420850156073096 0.279292043363093
0.004685443590045 -0.00128768390653251 0.230339428692206 -0.07175742491428
-0.0100940391724292 0.00635490672979419 -0.0748826114200976 -0.187497304272738
0.00994874253845162 0.00956555303115507 0.0710551484378366 0.143639864938236
-0.00801126541959481 0.000422323986968437 -0.162805716822997 0.0345636049453045
-0.0135489504398211 -0.0176939156230566 -0.388335059604981 -0.266720387254125
-0.028736882160007 -0.0316341791277916 0.0608524528964632 -0.596038322382652
-0.0045897370392144 -0.0273304777666034 0.783570973419335 -0.278100749499623
-0.00921099871156063 0.00930920532263799 0.713203647831417 0.589912545141691
-0.0142203806458923 -0.0412242722164847 -0.000364336767054516 0.671819117314339
0.0081760175022202 -0.0583467856955067 0.0592168498543342 0.0552759921409771
0.0159316029716509 -0.0360104245207329 0.0339371712010539 -0.649899432238514
-0.0117387260063475 0.000105757973089447 -0.745261058837618 -0.603730753785472
-0.0354778701560295 0.00430827704455244 -0.819989667687182 0.387597511137099
-0.0543828980040177 0.00982934623825514 0.0549783521660721 0.723982970995783
-0.0128390786764686 0.0130390623225486 0.42820499021252 0.253510076024367
0.0112596001192741 -0.000758417982757161 0.223628670833746 -0.0862409838563852
-0.00623733011054427 0.00557078384658825 -0.0783765911518993 -0.18810294609722
0.0131485523264363 0.00915968138246415 0.0653714212677268 0.143208476000537
-0.004436381353911 0.00183567642385521 -0.166796211495644 0.0294773599131935
-0.00850430226680488 -0.0154756638831606 -0.380887751843237 -0.289741801152042
-0.0273928799800534 -0.0322298450168856 0.09030238996644 -0.595451452244715
-0.0057879546489318 -0.0261255321248471 0.800079305068827 -0.227243827925282
-0.00848151214940819 0.011332620650411 0.683989996448672 0.631654076814506
-0.0117619715063285 -0.0343787039470366 -0.0213224087470497 0.665926026608093
0.00822451537296906 -0.0499604183433125 0.0687789118005627 0.03647292313501
0.0170834488479729 -0.0298636826975129 0.0119556219177523 -0.660540726839869
-0.00974047186416785 0.00284793375255955 -0.773657986951151 -0.560582577836079
-0.0378406101544106 0.00601692659042863 -0.792822361688841 0.432641889685551
-0.0517835756345173 0.0130744575704478 0.0886335411143613 0.712844832117204
-0.00496517685060148 0.0145465777835424 0.432224784733406 0.227808876151005
0.0154245121063803 0.000108954420044209 0.218760949525036 -0.0950650354080888
-0.00251234837691157 0.00568198456881379 -0.0837440287705005 -0.184926974339335
0.0167076075047894 0.00811972394225526 0.062099111362452 0.145805848279669
-0.00278302457234623 0.00574705182181879 -0.170040972683604 0.0236775074862628
-0.00420014100805492 -0.0131007709314666 -0.375296578021478 -0.304837604067473
-0.0241896458282974 -0.0327970620467775 0.10887674994959 -0.599063836353069
-0.00197116037612895 -0.0285561340099158 0.807018598363155 -0.201077796254551
-0.00410314256056745 0.0143912114855405 0.6636799889524 0.658873503236191
-0.0108983567538235 -0.0212187210155684 -0.0318627798484002 0.657441275215501
0.00443615460548949 -0.0353158812330521 0.0775483979820061 0.0227748846401971
0.0196353001163914 -0.0173958461095882 0.000119742693822558 -0.665129196732614
-0.0045937094061651 0.0041424959757474 -0.788452921744002 -0.53098229433609
-0.0374569921884366 0.00328377353123793 -0.778428419904057 0.461849322567007
-0.0483472498521869 0.0127986296206397 0.106491152512942 0.702555742793312
0.000597860239537878 0.0172748308986482 0.435594705241433 0.209726186848197
0.017168027905524 0.00351062669551652 0.214333085479618 -0.100377590268375
0.00126559569174917 0.00541601285836435 -0.0875184354797298 -0.181881246213348
0.0199403152114243 0.00753684173036872 0.0572541389157043 0.148351293607399
-0.00365937950083125 0.00759437590479154 -0.172310791078306 0.0252844655878092
-0.00131780117617034 -0.00960726590530013 -0.374772811905002 -0.312195500343258
-0.0194300092245851 -0.0346758514651021 0.11302839015375 -0.60238872743784
0.0068384511174672 -0.030968098952302 0.80906993734513 -0.193637396164817
0.00387743455965684 0.0176601263345869 0.654575470319423 0.667386317217789
-0.0125214414996544 -0.00268304794347763 -0.0318351888423925 0.654412433773661
-0.00331309440148236 -0.0167860059833374 0.0829772459972226 0.0148942662394909
0.0213457298800683 -0.00323474346867481 0.000190457578905916 -0.670815380758427
0.00332545918150787 0.00433010644550326 -0.793225097146822 -0.524877999876922
-0.032710954453353 0.000844144171469399 -0.775772494329878 0.469626576012105
-0.0440419265212045 0.0118302305884416 0.105940677443244 0.696335696003179
0.00433278741821004 0.0197921374592312 0.432853122558191 0.200042520091805
0.0175072690886043 0.006763466453292 0.213389212867117 -0.100863393014878
0.00470534082558209 0.00467010390836336 -0.0910278837499377 -0.177794508659142
0.022089847581319 0.0066750369242766 0.0556340426886972 0.149476194212702
-0.00674403884089507 0.00860526348600416 -0.171096642460944 0.0298267655086212
-0.00180872278348264 -0.00770239960062731 -0.375730730453225 -0.310296107780522
-0.0143066526393312 -0.0369133514896184 0.0995585282027766 -0.610233722383331
0.0135483148477312 -0.0354708706713527 0.797433840674756 -0.213048471630757
0.0139866968445364 0.0244232275746133 0.664599619313973 0.653427115354186
-0.0158207003146765 0.0131715756387965 -0.0224562406794043 0.651402699428057
-0.0127441359044141 0.00190162236995748 0.08660587752605 0.0169604132260683
0.0186845473383267 0.0109617565618158 0.00940715658622267 -0.671838180776606
0.0135772569487469 0.00543385913700904 -0.788823132956931 -0.539515092706166
-0.0237356915996847 -0.00659470003224902 -0.789900231769509 0.454304503628308
-0.039592618978978 0.00917615377689507 0.0864115208584064 0.695854238678539
0.00302950849817338 0.0234159523872078 0.428114481268368 0.203694516645175
0.0110791902469735 0.00968017724563876 0.217701843390792 -0.0948341441087706
0.00700236887433892 0.00502044116032927 -0.0933154181936121 -0.1747776522411
0.0222128616497257 0.00574567812794565 0.0565557326053031 0.153817117558164
-0.0102227209472906 0.00944134415333864 -0.16919459652303 0.0389824737917232
-0.00388419228783513 -0.00405511954288461 -0.384959070019287 -0.299069836340152
-0.0102309658872115 -0.0386459058467225 0.0701679524202595 -0.618157176356536
0.0236652049884837 -0.0425864800352591 0.78476837928795 -0.24857924170933
0.0227747575720533 0.0295803810027322 0.689541712116078 0.622526189407959
-0.0194297681652486 0.0302038530878935 -0.00247926634221512 0.655327102071045
-0.0239420783267935 0.0185687011071663 0.0864323348178181 0.0253003246596832
0.0185529741846631 0.025300195458124 0.0283868547295483 -0.672269670891975
0.0234600479290703 0.00795382021370706 -0.77407373688791 -0.576526191259303
-0.0128468149046564 -0.014404127879868 -0.819684709779957 0.421363393829708
-0.0356503910974011 0.00559100931289634 0.056124454716452 0.699071706894393
-0.001288167294875 0.0268594185999486 0.424419005075536 0.217803074992225
0.00692350721236333 0.0112211679997536 0.222755192165781 -0.0858479728722148
0.00748090549149408 0.00503712192263837 -0.0943154725808659 -0.17196455835865
0.000205768914636085 0.00891131231481458 -0.00208009291025426 0.164544331999001
-0.0125331048406443 -0.0106734170399658 -0.16267260570182 -0.0245328594574009
-0.0136562553626558 -0.0205353357705947 -0.250580500555446 -0.384245111781211
-0.0146283256101717 -0.0359938922674822 0.268021053414437 -0.530076647906805
0.0124788555159551 -0.0357220358902241 0.825818931891981 0.00847623652884274
0.000221703833364516 0.00434018414786301 0.449052752772742 0.798317434704131
-0.00255488528431858 -0.033965722493269 -0.278805404269534 0.623705555488885
0.0239799257461173 -0.0509550903114679 -0.00639844270514372 0.104607631658237
0.023271102642174 -0.0292634051221514 0.366696266108283 -0.509054307525975
-0.010164370018217 -0.00396941696627209 -0.253505524028153 -0.928233439220452
-0.0169501741771395 -0.00797803517674123 -0.89854106723385 -0.181405170715694
-0.0421563958653648 -0.0109336301002892 -0.387615384895112 0.621226289228033
-0.0286853041800643 0.00111954439042076 0.211599998990234 0.471317145817735
-0.000260125212686233 -0.00384991682385933 0.241174016120769 0.0679195371527608
-0.0151130903728399 0.000321484373042948 0.0361817843985695 -0.201319285101156
0.00222690734716094 0.00979339843533587 -0.00219744140208091 0.161869647203734
-0.00811280790498929 -0.00659781224439133 -0.161004631201563 -0.0359740014510686
-0.00826825679582598 -0.0186953478911316 -0.233115716201729 -0.402125721657618
-0.0165964371249251 -0.0369425819936363 0.302172768644871 -0.513583439727413
0.00454159959552653 -0.0344984582272538 0.824806816547162 0.0676321078935146
-0.0057388060925806 0.000136955646911568 0.395706153637334 0.833396546353375
0.00416681011500333 -0.0389425484530869 -0.302123394339663 0.607459615264544
0.0337730969033045 -0.0520669347350231 0.00843962841861049 0.090747543814373
0.0274697089678265 -0.0313903639466975 0.349124065321756 -0.533289138930866
-0.0144003587176546 -0.00663961496081194 -0.313832002504771 -0.905109539705749
-0.0286044992070017 -0.00782551829343638 -0.902206822566919 -0.11670623406463
-0.0461862963934816 -0.00875225996923625 -0.343452424838553 0.642697672705301
-0.0215264411141147 0.00361108444383663 0.232273107841089 0.451754567077299
0.00713225884818026 0.000295974640033947 0.241531545821179 0.0523058097786543
-0.0123223118678916 0.0014346228741749 0.0316582813238868 -0.20357653947281
0.00533073888705548 0.0104065691594281 -0.00674679977862871 0.160509584237128
-0.00520418195946431 -0.00278802500882749 -0.161543428523397 -0.0474824308220482
-0.00315361403777833 -0.0154890989046695 -0.214035868934967 -0.420225655424022
-0.0176024211460787 -0.0373514955009389 0.336447660910958 -0.498034583555785
0.000155731650484506 -0.0340442236271294 0.821645305564054 0.127268403110585
-0.00777324764544893 -0.00173604316621064 0.339232444002552 0.864552546119067
0.00703453039193859 -0.0368771795349187 -0.323858554606456 0.589332495586585
0.0356447975494104 -0.0491925414304234 0.025838602310602 0.0767679081050857
0.0283676104904732 -0.0283161124726391 0.332369655642607 -0.55430240258666
-0.016341150480349 -0.0058349736478377 -0.368573925318376 -0.875604195691163
-0.0368794485792139 -0.00762720719009684 -0.901672563492937 -0.0480312691986799
-0.0476823922764596 -0.00588003897370019 -0.300815667965023 0.659715918336561
-0.0138737663305772 0.00796435606483555 0.25352663345146 0.432593509192694
0.0130811510833754 0.00381621331156686 0.24179491485783 0.036847372020484
-0.0095671529814634 0.00288432231623369 0.0277433723867158 -0.205152055418431
0.00864326154257566 0.0120850129865717 -0.0105426710115391 0.159057715399094
-0.0033287231845567 0.00166070690491022 -0.162217345030461 -0.0564717854367207
0.00110694783477083 -0.0115804641392729 -0.197919272135186 -0.435927794556966
-0.0159306545091327 -0.0368418223964952 0.363024187909079 -0.484268946904116
6.39767499199459E-06 -0.0346787623534246 0.816573527838202 0.178322219199094
-0.00699863939863361 -7.27144237938635E-05 0.294732421491041 0.888197130085572
0.00727953512872488 -0.0300315011550668 -0.337430762728692 0.573420844799204
0.0321017999980246 -0.0415528959585479 0.0418817863803732 0.0639210940329494
0.0259517055813381 -0.0204631843462161 0.320334819093946 -0.574658221343335
-0.0165802529351452 -0.00289539076144238 -0.414113427510459 -0.850730754476653
-0.0396549894173705 -0.00742627962091556 -0.900459159462995 0.0047963711278762
-0.0463917264417572 -0.00276875326839018 -0.26644502315926 0.664795658804664
-0.00704988298036324 0.0130907113937389 0.270497906532263 0.412312922155791
0.0159768147264156 0.00744234017406644 0.241337172861378 0.024673610690359
-0.00559671070419331 0.00409520364932416 0.0210820880227752 -0.205806191000603
0.0118476747632566 0.01355744625889 -0.0162266181443323 0.159296108793535
-0.00401801304143334 0.00426337128268712 -0.162761196477169 -0.0607855213010296
0.0031803357735306 -0.00657527314960281 -0.18455414777918 -0.448078126493993
-0.0133042659610342 -0.0371754590898406 0.380329962349487 -0.479946849179467
0.00419289175193162 -0.034356750095978 0.808558917610363 0.207680428973161
-0.00481201391658363 0.00538474206239866 0.261889044487298 0.900904152779729
0.00157455483293053 -0.0183918568911283 -0.345319483536578 0.561818389398875
0.0208075259790755 -0.0297894399906615 0.0563775333366535 0.0553889960040388
0.0215813873779682 -0.00990032396607151 0.312988636285317 -0.584530216766588
-0.0127693567462985 0.0011645401826931 -0.440363379618213 -0.831077392456434
-0.0382645114461677 -0.00879383054565652 -0.900926154897031 0.0387205613439891
-0.0437242711100518 -0.00091636985425937 -0.245214402662202 0.667111329627661
-0.00359471899620082 0.0173942253611901 0.2802226799951 0.39746866854326
0.0170232474203589 0.010487985997973 0.240525563373115 0.0184828068565605
-0.00170636488203975 0.00548776066609659 0.0160514377536273 -0.204910132153244
0.0152222122036007 0.0142883766770027 -0.0202024715735721 0.159140473133758
-0.00493605941734909 0.00673632460477071 -0.164626583639306 -0.0610819333138726
0.00360126106155438 -0.00306594268423261 -0.179438125408441 -0.451600538131619
-0.00796603391923172 -0.0361324284291352 0.385664856586847 -0.482203811848033
0.0118016803043963 -0.0338811532789045 0.804675083523962 0.216044241177871
-0.00111676330710314 0.013986261248579 0.252607232103445 0.903325534040615
-0.00840975814707906 -0.00480279897842915 -0.342467070534942 0.558350069378349
0.00553911885088578 -0.0171700161721588 0.0651967430923495 0.0520663491658638
0.0159071971703868 0.00376928601034411 0.313963176679855 -0.58982283180401
-0.00667226877325997 0.00614981566342894 -0.450492247166267 -0.826697478217204
-0.0313851314552405 -0.0101959959736348 -0.902941248788043 0.0424688803774157
-0.0393977334478784 -0.00067182640443234 -0.244192076434188 0.661190254414917
-0.0024253447129362 0.0221458979134784 0.282232453686022 0.388920032964204
0.0155196812016631 0.0129178462272777 0.239339966067 0.0192161369993517
0.00159678430153619 0.00686932145043256 0.0107247033781554 -0.203157161123891
0.0174985746355819 0.0143544859852018 -0.024390935728735 0.160905977572323
-0.00812041489917739 0.00607633046306269 -0.167189863389405 -0.0563183873501348
0.00198494865649363 -0.000443627888032044 -0.182867553583025 -0.453067052300765
-0.00323873589157774 -0.0355932473366706 0.377979625070134 -0.493678373111899
0.0224356449036612 -0.0339295890445857 0.805408974502422 0.19363268379413
0.00400430887091442 0.0235300334145438 0.26959649082582 0.898622667853639
-0.0197644238116387 0.0109280328906004 -0.332570395202996 0.562241961077444
-0.012998225957987 -0.00446487725528804 0.0675392491857491 0.0551093509327548
0.00876882946065639 0.0166892404589548 0.322829655388906 -0.587868520459556
0.0013848894794804 0.0115539371137459 -0.435924747553589 -0.838213280471881
-0.0202742218749426 -0.0122343824373572 -0.90833346278699 0.0257073956103886
-0.0339979824130648 -0.00035344360447173 -0.256322678552484 0.650134027069639
-0.00513793392688288 0.0246982057165051 0.278835975437766 0.389552791268286
0.0104855286248934 0.0131832283841833 0.239965949143676 0.0243303226610862
0.00297648903773311 0.00763181273148443 0.00759579500327213 -0.20098992785596
0.0182534055117294 0.0143551261777546 -0.0252105418985875 0.163380072541823
-0.011320791536943 0.00503372637093841 -0.168953734165294 -0.0473402262895248
-0.0011715072349102 0.000442518395773188 -0.19689656555406 -0.445681563090761
0.00200852480428123 -0.0338694945920462 0.356534784885756 -0.514597789521037
0.0329018801723139 -0.0348712023459073 0.810185356527924 0.153118519776896
0.0108312301574467 0.0316908310977586 0.30513083219658 0.881726854165146
-0.0306583313935426 0.0236190389897997 -0.317452325403894 0.574150900084163
-0.0303957070752592 0.00435676753558652 0.0627786473303779 0.0626975221508789
0.00105029543041493 0.0280525116193529 0.338575844765254 -0.577025080522892
0.0101926649550974 0.0180854587087288 -0.407375550980924 -0.859885077585606
-0.00638975294131852 -0.0143361322609672 -0.91863196288838 -0.015556580082783
-0.02921151328281 -0.00122912269664976 -0.288166780873979 0.638099769403495
-0.0107024327676563 0.0259708439481184 0.267754885996861 0.399403141689175
0.0038595084328354 0.0122215970580365 0.239920267815609 0.0353824214125386
0.00381667509833974 0.00801172261980544 0.00558661870367788 -0.199744976698476
0.000271014983872375 0.00915944391939837 0.000625097770957292 0.164770143585845
-0.0131948982250034 -0.0103411570172168 -0.163149133305654 -0.0230376216175227
-0.0142960485347968 -0.019992402226155 -0.258382943558503 -0.381528123152803
-0.0150483836690868 -0.0362783794717657 0.259819343951343 -0.535644668440506
0.0113401643135886 -0.0355481942831063 0.82704425382912 -0.00581346275819179
-0.000675391567345056 0.00433859127203511 0.461066111227487 0.792288915180512
-0.00376483542629982 -0.0351963579650078 -0.270422720037759 0.62688461880337
0.0228553765212036 -0.052428283717163 -0.00516506319416882 0.10529506551245
0.0225338157343099 -0.0297401955599384 0.358481795241039 -0.51432836653706
-0.00967151645459994 -0.00424228246412342 -0.267167916302303 -0.928093563449961
-0.0173889378044615 -0.00703316682022908 -0.903582876852898 -0.171483611621276
-0.0433017324701092 -0.00985624446790061 -0.379396499264724 0.628684505080734
-0.0281170635891114 0.000316737153758724 0.218546505275836 0.468466286127462
7.71893041790189E-06 -0.00439907549979371 0.242315129102522 0.0648286229839457
-0.0159122692273667 0.00138381824936771 0.0331093988543809 -0.201822889265699
0.0022422286888387 0.010122638632683 -7.42781002470586E-05 0.162686763046411
-0.00897192347633795 -0.00582087248758844 -0.16193219798124 -0.0348248870376714
-0.00906582728616094 -0.0181086851667182 -0.241899174181829 -0.39845746823417
-0.0179488114038862 -0.0368554293456842 0.295077176269001 -0.518113584631518
0.00346956499260549 -0.0348574697607895 0.827227265523692 0.0569791272033441
-0.00574411518291917 -0.000342921351382256 0.408383831199338 0.828686050102693
0.00342628548141575 -0.0392732819804063 -0.294196007710609 0.611588383065433
0.0328385589889442 -0.0536860189190059 0.00913413539247971 0.0907436798211953
0.0269841132618546 -0.0320959246696964 0.343360584810881 -0.537845252001135
-0.0142685826533571 -0.00648714343250505 -0.326322537656974 -0.901710289620205
-0.0286729725314928 -0.00792953113931383 -0.907142183617776 -0.103659896142863
-0.0462765701633455 -0.00819976005456033 -0.334612376734324 0.647523081913315
-0.0216582417662007 0.00411309947134287 0.240646239526177 0.449215257155591
0.00713364988023294 -0.000752678787549154 0.243138119922974 0.0491009717220291
-0.0132227138045598 0.00142969393312551 0.0286783006163454 -0.204592811921779
0.00478463903999717 0.0108251718533403 -0.00404434409354728 0.161072929277793
-0.00574572610168749 -0.00244129283505645 -0.162885065817485 -0.0467425410664827
-0.00311253538723146 -0.0159865037913808 -0.222670393939459 -0.416815483042283
-0.018137848163886 -0.0370500371668898 0.32872061182611 -0.502938320869716
-0.000855410221379671 -0.0340956573213978 0.825935952476286 0.116358537215034
-0.00810781161489033 -0.00216231580757533 0.354579865386733 0.860962288659182
0.0063381609855007 -0.0377772549835629 -0.315274490300643 0.593879003549656
0.0353747185525918 -0.049611988006341 0.0270545607301508 0.0754437872245465
0.027310604997938 -0.0293686317801706 0.326064004475116 -0.56051364358712
-0.0160520643067498 -0.00587585722369146 -0.383444901471225 -0.874532644060067
-0.0362788366394804 -0.00652295708653279 -0.903349595158912 -0.0338671572314989
-0.047570185767519 -0.00471590882822372 -0.290328111830152 0.665112997412169
-0.0137845794982084 0.00840772661828849 0.262177398712272 0.428584181077316
0.0124089155138722 0.00368768070174819 0.243165592711596 0.0333420199576891
-0.00961393887655696 0.00295369836174974 0.0248838412828971 -0.206226113201598
0.00837781399272623 0.0121161941781042 -0.00843184677241571 0.158945804985284
-0.00430765559279428 0.00189160915818051 -0.163426920047854 -0.0545607766000636
0.000597461912200475 -0.0113577236321665 -0.204077872144908 -0.43408475197693
-0.0174105393992891 -0.0377817206835072 0.356123314682192 -0.489381712938251
-0.0010280838025293 -0.034560183046831 0.821328759620768 0.165900124647975
-0.00810199073398332 -7.31131112084059E-05 0.308258013457063 0.884590671136089
0.00617171778412861 -0.0305829026085529 -0.331202512806978 0.579407840296674
0.0308517876275871 -0.0410241659900476 0.0436039143289568 0.0635079195949702
0.0257354754853647 -0.0216229769579852 0.313138692264734 -0.579377096808049
-0.0162451211851923 -0.00294042726259599 -0.428410210341602 -0.846240640839999
-0.0400569146818543 -0.00642488800993325 -0.90434554785844 0.0181217556985177
-0.0459935556366062 -0.00220886911463531 -0.256032991166488 0.67165849636118
-0.00726650044931935 0.0132120221419697 0.27737844803488 0.40927008094254
0.0166078309733123 0.00706877868500268 0.242097414698609 0.0222038363812776
-0.00626333658766313 0.00417493727276261 0.0186459550336731 -0.206512671939404
0.0121930807917601 0.0134660083161392 -0.0137268525585195 0.159368744822783
-0.00377278806116298 0.00437686209859025 -0.164347104475652 -0.0585467476888962
0.00311134215373516 -0.0069402092038301 -0.193576451876012 -0.445851230682663
-0.0137239050726623 -0.0373047120458745 0.373832399786419 -0.485842014618682
0.00394511871568973 -0.034468014524468 0.813392348940317 0.19730836036237
-0.00541358914701474 0.00552993642669332 0.27489375723709 0.89895327683539
0.000769980759041455 -0.0188207557296585 -0.337848811198256 0.567367245216489
0.0200587700701926 -0.0302586172905432 0.0568480336314142 0.0544970736911364
0.0215479896881348 -0.00986797678513606 0.305665515128424 -0.590534015395195
-0.012044319471873 0.00129680242787597 -0.453455552318108 -0.827245235624792
-0.0375352843406275 -0.00768629710657658 -0.902138608211645 0.0536535311120021
-0.0437238659418351 8.31744919588626E-05 -0.234002477255149 0.67167033126873
-0.00280477190149721 0.0172940348717337 0.286590637595815 0.393448887414004
0.0169965405647312 0.00953195830015213 0.241742340923889 0.0152295217831439
-0.00227617967893797 0.00588040924133539 0.0130705874910887 -0.205773171192267
0.0151772804538923 0.0140867517108138 -0.018696847806588 0.159868373554158
-0.00536411023706291 0.00708412438555264 -0.166923621303729 -0.058751783508504
0.00380848528626008 -0.0031603065269941 -0.187893720411381 -0.451064190819096
-0.00978889869686366 -0.0364983265144344 0.378995771722945 -0.488449978794236
0.0112036575086452 -0.0338012234597874 0.808851056515184 0.203676857245586
-0.000628386904183598 0.0144334622607706 0.266686630065824 0.900042831415504
-0.00856100160194009 -0.00416154076022572 -0.333255956030113 0.562508946243213
0.00529308886944852 -0.0174739048365415 0.065849969442322 0.0506340653918236
0.0162271890142454 0.00287855007125136 0.30459300497982 -0.595781018978355
-0.00517811047898382 0.00639907880318734 -0.46184525738969 -0.823879952996115
-0.0314595456932407 -0.00944492177074067 -0.904678667085996 0.0585294926285331
-0.0391099181424824 0.000270540156900307 -0.232390270778565 0.666445398975269
-0.00198977354758203 0.0221255723191086 0.290468581563343 0.385156602273415
0.0147261074502496 0.0122658335886079 0.240615954605305 0.0155491640367162
0.00116399405333137 0.00657003359878438 0.00773669187780979 -0.204226573453776
0.017364467886971 0.0141017389151612 -0.0216972456267113 0.161039291094545
-0.00838853241566753 0.00649128236375453 -0.168752338301892 -0.0537578351447113
0.0020300343008616 -0.00110235195918669 -0.192339607959816 -0.44982995720162
-0.00336037750362975 -0.0350354798815016 0.371618890410875 -0.501354643956185
0.0216185213579778 -0.0346364680639284 0.809817168717761 0.181883679479891
0.00443425322930852 0.023322322670995 0.282959822786987 0.896094256443846
-0.020079669753292 0.0102997030581184 -0.32529050327006 0.567877996277293
-0.0127628859744986 -0.00520749416615075 0.0680409602563327 0.0537761844231292
0.00880537994600178 0.0162745026543905 0.314280951280889 -0.591787372893172
0.00223222649964737 0.0112848752278512 -0.448223783694408 -0.833144392468457
-0.0203146416287076 -0.012055686978271 -0.909923900124653 0.04086851527975
-0.0343805255341084 0.000315811909124507 -0.247544287394259 0.655969551652839
-0.00463766229295455 0.0247484522425643 0.285333343041195 0.387516307943026
0.0101360786735628 0.013171013918885 0.24034314627538 0.0215136587417336
0.00281674300480188 0.00790847127459684 0.00459081743839618 -0.201653186472492
0.0181946096139449 0.014053322423445 -0.0222233663099701 0.164187497341392
-0.011979616775197 0.00508252025628157 -0.171176574370717 -0.0456732348742783
-0.00179352466807376 0.000174893923951401 -0.204482347043943 -0.443702291790419
0.00135057467788562 -0.0352865016635596 0.350196143099559 -0.521133008902508
0.0328070779876838 -0.0351616370953132 0.815225188959441 0.140635738911593
0.0115066456978665 0.0318005017766476 0.318610758319382 0.877642913426461
-0.0301995703396607 0.0235803322763673 -0.308759132747294 0.579425061790717
-0.0305877532209483 0.00449857445114193 0.064243260762445 0.0621353831825962
0.00100030266227597 0.0279435120568737 0.331279515797796 -0.583938098110915
0.0112991969683053 0.0171470108649781 -0.420402267394195 -0.856656708001862
-0.00701314150247316 -0.0140493151591793 -0.919169429491538 -0.00322798509874631
-0.0294922055544199 -0.00128420824457676 -0.279394509698367 0.643412672904908
-0.0102055162430894 0.026395095739745 0.275773549659663 0.396020590412199
0.00385423586985975 0.011997326740027 0.241695786569507 0.0324308128724114
0.00345220701273143 0.00792888742055515 0.00272028018449149 -0.198635187595017
-0.00123564092479516 0.010038711586922 0.00255685897343638 0.16756786146657
-0.0140942781359431 -0.0117463777776571 -0.166089801700385 -0.0200564325432728
-0.0136318020170825 -0.0184814512351442 -0.266116373206764 -0.376768805422782
-0.0152701199630844 -0.0344416872286224 0.252440860935307 -0.542279242456312
0.00824579548864517 -0.0371759811691447 0.82837090459238 -0.0198726427453617
0.000359620656270108 0.00252294996443894 0.473109134208613 0.784963882830348
-0.00664981202267387 -0.035858407486309 -0.262203521832892 0.632996431306377
0.0244366853901285 -0.0533413016988521 -0.00373743005309186 0.1071192577319
0.0242921095404996 -0.0303042645673998 0.352337739943962 -0.519446383636669
-0.00767843003417404 -0.00377204325356563 -0.28041059037924 -0.922659310690281
-0.0188674194551426 -0.00628428554478622 -0.908052668004366 -0.156611657732638
-0.0448752414453161 -0.0101547959465921 -0.370993664965001 0.632469706318923
-0.0276155173902333 -0.000436171060143433 0.224789173461715 0.464362386464948
0.0017480387451047 -0.00466434437088376 0.24289221484252 0.0610029312971643
-0.0152294231148389 0.00315304409187748 0.029584747221768 -0.202991946869952
0.000144405146919668 0.00906185931849334 0.00274512778975353 0.159926775473491
-0.00965475724052587 -0.00802869637266095 -0.165837988233666 -0.0338322106732141
-0.00749809293961871 -0.0187258714337566 -0.249466099627727 -0.391812079916484
-0.0205598048164403 -0.0367352830929944 0.289093952646668 -0.524050336094061
0.0038647079950121 -0.0345381102192017 0.831586168339547 0.0451419503802111
-0.00385488146496963 -0.000316850025701801 0.42191644945378 0.821188662937754
0.00342349965328808 -0.0385746891357293 -0.286828870366214 0.613062366225798
0.0311337232989171 -0.0562174007882752 0.0127254474566991 0.0901762499615396
0.0246098366375824 -0.0348781916713844 0.334324104167525 -0.546622101899152
-0.0121301340600209 -0.00744373390017582 -0.339450680448842 -0.894053800825424
-0.0279478576489606 -0.00905545715855898 -0.910421637660736 -0.0915037012176496
-0.0436797188809947 -0.00776363450361807 -0.322486891624236 0.652917519851415
-0.0208476019990926 0.00197375939495336 0.246356877304544 0.447818261040942
0.00617777094358736 0.00144134342425533 0.245851398657588 0.0470184294221929
-0.0157252629957761 0.00408866299419951 0.0263178854348141 -0.202258821499008
0.00611153499653107 0.00868744874883457 -0.000257689139739845 0.163926302414728
-0.00701888619843083 -0.00290982570096638 -0.164147823487615 -0.0459311691360443
-0.00325541259172476 -0.0161864610881068 -0.22935393984565 -0.414695575771065
-0.0200653404211372 -0.0365163704467756 0.31985432292744 -0.510317850730392
2.34733538602289E-05 -0.0342490880391062 0.829830439602472 0.106382832848146
-0.0083024322964814 6.15739078273538E-05 0.364624141668564 0.855949588525609
0.0069489400528654 -0.0395631493097001 -0.30623812986615 0.598481898945301
0.0345864710260218 -0.0488409541411129 0.0287705469234314 0.076506967804918
0.0267607835986685 -0.0282978911642064 0.317137428767749 -0.565039867349638
-0.0179878564260272 -0.00644722188966549 -0.396165764762907 -0.864403657259145
-0.0367875328863511 -0.00730565539535067 -0.907815858215932 -0.0213338680624037
-0.0504473196984519 -0.00478840097696119 -0.281151583253077 0.671756856063693
-0.0142214200809514 0.0099267434768346 0.26731787622487 0.423958738192947
0.0112289230586661 0.00344508837387317 0.244664702335881 0.0322512327207807
-0.0106816565913348 0.0021606732647221 0.0233763680838812 -0.205342472490454
0.00719642059711914 0.0128252448685558 -0.0063230575720032 0.157659406415863
-0.00598377689040724 0.000863107951208348 -0.163219189433784 -0.0533556493965829
0.000885261005122866 -0.013167839624785 -0.212729021680794 -0.43006447697206
-0.0199302856038184 -0.0371749109480554 0.349366509527097 -0.498872655161076
-0.00045805648895263 -0.0352155923509726 0.823461323235168 0.150374459667682
-0.00668102538308204 0.000550614575742877 0.323631108203109 0.881411143391941
0.00719656372369766 -0.0320348363904649 -0.320339042715748 0.582728354217485
0.0295569951898217 -0.0437726688772412 0.0451151641083686 0.0628350782942239
0.0239239557791481 -0.0208821546321675 0.302526480419535 -0.584163198640732
-0.0153308074170995 -0.00461054720807023 -0.442338499219984 -0.839920809589891
-0.0375458002625732 -0.00607152054767398 -0.906909829489436 0.0310600147877987
-0.0470566979326571 0.000270269493443409 -0.247572308870811 0.673936962113847
-0.00598679620460901 0.01437831626659 0.28601346650525 0.406847524324458
0.0144106623881464 0.00754400825554796 0.242537268217125 0.0206985048176574
-0.00672027878542584 0.00324153672988481 0.0166198009013568 -0.205178293028072
0.0126767961563133 0.0128363904767488 -0.0123692188055248 0.160911613774736
-0.00519710527474036 0.00723162803596644 -0.167635989872525 -0.0562662832311997
0.00295179566954976 -0.00617130663989137 -0.201818865715754 -0.441681988643491
-0.015476716472373 -0.0349947609925964 0.365509129521226 -0.489560331764855
0.00188443921320975 -0.0351629045943381 0.817391116129332 0.183236306545593
-0.00547886627055346 0.00452898087623642 0.287405821485558 0.896693772636209
-0.000466844761838028 -0.021365875175638 -0.332049527210923 0.570107010129407
0.020358722042741 -0.032974614278349 0.0571780282375769 0.0525221492198044
0.0219231869621595 -0.00894684073976712 0.299355196091544 -0.594623638860375
-0.0109833357516271 0.00187133330914997 -0.468344026607358 -0.822600241184919
-0.0395096706983487 -0.00750438001514583 -0.89882778296503 0.064183755547592
-0.0423178815425206 -0.000920812277826933 -0.226776119697597 0.673165196729282
-0.0027156754486007 0.0159530249100648 0.296392862625667 0.388419279327465
0.018696667460849 0.00990380860933063 0.240013335905619 0.0118450972856912
-0.000798415068866505 0.00681254670491661 0.0100841626670162 -0.204017797544861
0.01501844401151 0.0120607150624409 -0.0177230250330464 0.161817832404183
-0.00650647943487465 0.00539058001813334 -0.165159579791735 -0.055390404204709
0.00461297522147724 -0.00506014727809365 -0.195162990087702 -0.445889022189974
-0.0123543654470858 -0.0378869167113683 0.368923608296052 -0.493278861632367
0.00856719369279877 -0.0328742444017218 0.813919251201496 0.188519201505823
-0.00198903542607609 0.0130708006832199 0.281597952821621 0.89708248709248
-0.00782616626540513 -0.00585653451102146 -0.328107653399445 0.569427737327034
0.00341237524014879 -0.0203745321284804 0.0665694540043808 0.0492032691666996
0.0161070604495275 0.00335901151081571 0.295960519252934 -0.597639710889162
-0.00637405322158024 0.0068330470994649 -0.478914612136611 -0.817527060623421
-0.029386512939153 -0.00931764864096808 -0.905288865778308 0.0719658003346483
-0.0389829360319083 0.00405195031041187 -0.222922316804653 0.666600421755676
-0.00343624585539324 0.0216359231330535 0.299304723980146 0.379773731935689
0.0129145932292285 0.0110200844157914 0.243541451011109 0.0149077758231978
-0.000480224346367113 0.00909405869035092 0.00618410170477706 -0.201910174851003
0.019043503267751 0.0130776613838704 -0.0181050511653914 0.160406790936693
-0.0100655255314376 0.00840582468347237 -0.17202297177783 -0.0523896484343496
0.000526675809338831 -0.00249869261599239 -0.1996538494716 -0.449752531459082
-0.00673726182405555 -0.0365709791072074 0.361925910348106 -0.507498558982679
0.0229066150423172 -0.035099181298237 0.813488201502617 0.171634144214994
0.00260138490148444 0.0226302598275891 0.294663249550969 0.891491094139092
-0.0222739327170607 0.0099682839523807 -0.315821548470215 0.572033450386599
-0.0128603271504972 -0.00362555364038985 0.0691302638698869 0.0554226898312858
0.00922783407839742 0.0134431401488542 0.305885927428371 -0.594498910637182
0.000684154971136962 0.0100872970316567 -0.460231192636849 -0.829796723560097
-0.0201113918832594 -0.00939569675962047 -0.910621517464951 0.0547289655513972
-0.0338731139873143 -0.000925250623287719 -0.24073965266117 0.660858165909153
-0.00326783661148084 0.0235091217315209 0.288460384178155 0.381971485758852
0.00983098493329954 0.010268747230325 0.239697242902928 0.0178739570200639
0.000911693055834219 0.00692298237122397 0.00170049707991127 -0.199113381369118
0.0176537550101836 0.0144342473272465 -0.0206924139228431 0.162202818067323
-0.0128142203191575 0.00761612824140804 -0.169861110900346 -0.0450463200642178
-0.000324793358310062 -0.000559887001270353 -0.211568883574244 -0.438333104526726
0.00131849392398008 -0.0335542363510028 0.339899278916246 -0.524892049288787
0.0307282721202927 -0.0365445565094737 0.81473330806236 0.129749894541764
0.0112724624573475 0.0331180273892422 0.331896467785643 0.874243403301521
-0.0321601130317991 0.0226980786534524 -0.301000273974172 0.584907476701295
-0.0325226841400938 0.00525884847714825 0.0657908316048196 0.0601879076118789
0.00253726978646227 0.0270210456452857 0.321448409112319 -0.590616407714569
0.0104916146105333 0.0141918037736493 -0.430065886072503 -0.852092990385265
-0.0052074287500265 -0.0118682254796132 -0.920120216058161 0.0114777030907794
-0.0282296407860959 -0.000671511780342537 -0.270907727107436 0.649018485510224
-0.012211266359793 0.0256940807785067 0.283582159627948 0.393958626049058
0.00566335149848229 0.0113980719835953 0.243519420742447 0.0282316988525171
0.00205308873125418 0.00816340346439225 -0.00167771460961034 -0.200849266358105
3.31314373419015E-05 0.00845479664386023 0.00505151291499473 0.16451955445701
-0.0142542756894063 -0.00852665910937964 -0.164770570677495 -0.0194829286595981
-0.0160494518894664 -0.0204863951916072 -0.270969552287477 -0.370082271525171
-0.016167498666703 -0.0367348467482056 0.243901347747014 -0.542777719601133
0.0099366806739624 -0.0358502116927811 0.826512401265042 -0.0275630201762493
-0.000752036528035249 0.00445718740023866 0.484650003967988 0.776935219302959
-0.00527349121345915 -0.0353871339332303 -0.252232961160995 0.632932364361502
0.0216173717092205 -0.0526763710961332 -0.00227738113756155 0.104305729829375
0.0220191706483432 -0.0322255598484688 0.344369833012786 -0.524364934787665
-0.00913326739482953 -0.00440022844881625 -0.292901888743489 -0.920483122724282
-0.0169375461495962 -0.00663745899385858 -0.907724418642615 -0.143817849016572
-0.0435647256315421 -0.00913110387421439 -0.359047982857933 0.640493633302786
-0.0281428946147027 0.00138057515344684 0.232984808510921 0.460959197254189
-0.00138497473294082 -0.00461996855090939 0.246356946762616 0.0589738898860956
-0.0162446587627304 0.00219043991207833 0.0280545597161889 -0.201620920947741
0.00180254313668233 0.00919445024550316 0.00384283884098947 0.162358629955523
-0.0101269874571658 -0.00516524199649816 -0.163503430642529 -0.0317998588018225
-0.00958140517668373 -0.0197317201318267 -0.255154024302795 -0.389331684364071
-0.0186208533359425 -0.0364252010819589 0.279141343214066 -0.526668825368149
0.00230642957731565 -0.0344849421565743 0.829840389295268 0.0331172405086121
-0.00696593878210753 -0.000444096070183452 0.431422315764326 0.817047415771029
0.00177659031156098 -0.0405735273497016 -0.276509379589215 0.618500757104831
0.0307663384195164 -0.0551259320814926 0.0116105995039677 0.0897143752120696
0.0262921053780214 -0.0334450675968287 0.327144555134402 -0.548142608078004
-0.0138620000966954 -0.00690013696572168 -0.351649200261686 -0.893783991678907
-0.029084120814786 -0.00623661080874597 -0.908350119481737 -0.0754726343395412
-0.0465956901421228 -0.00613180804317912 -0.314483777027839 0.659530975593289
-0.0215981116782024 0.00473154299452964 0.254943089343725 0.442593814383212
0.00582215070134458 -0.000539959501575107 0.245678976812199 0.0426717998025861
-0.0141534839515468 0.00298733425292888 0.0240014963594602 -0.205068639772999
0.00514976419810257 0.0111026650461742 -0.000685483620541672 0.16078726908467
-0.00642519022955612 -0.00166415112994395 -0.164895421709167 -0.0424219362375582
-0.00443391373530785 -0.0160572393692847 -0.237049540852755 -0.408160315594989
-0.0197436087117035 -0.0374994015783739 0.313276513295994 -0.512534822406874
-0.00253414637789875 -0.0345625636267817 0.827750005849553 0.0933239783098034
-0.00957161400852733 -0.000989389031001994 0.378628982838964 0.849658756123189
0.0055218915603506 -0.0386391674166643 -0.297887951753628 0.602904366043404
0.0332924311151958 -0.0514349396077096 0.0284833869902482 0.0752890443444675
0.0266106435753746 -0.0301768952131737 0.308957687908332 -0.570104060039031
-0.0160584034355083 -0.00606530475268842 -0.406636983707981 -0.862857877927115
-0.0364323459734455 -0.00499133724397396 -0.905298988353513 -0.00857860880245727
-0.0476838635440453 -0.00326450466446617 -0.270733352380147 0.673020554618907
-0.0134069588461807 0.00813799009405294 0.275618499951494 0.420950394093392
0.0125287937429199 0.00323600234628771 0.245090275906045 0.0274263742691214
-0.010597816274893 0.0040088095657357 0.0191960097150532 -0.205872449915788
0.00853782928406621 0.0112975367105284 -0.00455571833204354 0.159807579139959
-0.00514839185634684 0.00261303958505953 -0.165553852089297 -0.0516768673767173
-0.000290943634803637 -0.0123113262268528 -0.219733681051756 -0.424595911155292
-0.0188789770135785 -0.0369238108647078 0.34089082693729 -0.499672337448319
-0.00220958860225961 -0.033632774634843 0.825319940247856 0.14218567421909
-0.0087914414656387 0.000647483302080606 0.333028711967802 0.873408444612796
0.00477537452495212 -0.0316597570206479 -0.312629307334351 0.586143620612948
0.0295369581671385 -0.0431410037803304 0.0445445136033924 0.0623977268460284
0.0243880851823193 -0.0232653536803238 0.296020903731176 -0.586389757027761
-0.0153581808096712 -0.00315940257267727 -0.451621426600753 -0.834232218904225
-0.039803633223979 -0.00431482563476929 -0.902119416550705 0.0446892633698316
-0.0466221342189493 -0.000751848013042129 -0.235374305696892 0.677932758819019
-0.00677808777511442 0.0134086047089701 0.290955001470902 0.399309012278059
0.0153333504300533 0.00633267273361263 0.243948861128915 0.0167816639971049
-0.00657626953846108 0.00547875351708224 0.0123702777828334 -0.205666934051763
0.0117743611119848 0.0124912296480711 -0.00970313438472112 0.159351415150564
-0.00466192664051429 0.00589485296796798 -0.16686454033847 -0.0554219354766159
0.00260193803163845 -0.00777867844565378 -0.206870498286226 -0.436978011319682
-0.0162059614201596 -0.0371981958319971 0.358725735749666 -0.495516474730904
0.00232991191922765 -0.0342510691509356 0.819314058117325 0.171305853990623
-0.00575896444920988 0.00600328764325241 0.301381951479252 0.890199635501545
-0.000475927601114031 -0.0199170627273921 -0.321814678830628 0.574478727375609
0.0189239871207181 -0.0319835385388738 0.0582336145801549 0.0536961209065562
0.0211676504222062 -0.0122337254940298 0.288792733305574 -0.597742535934004
-0.0115461574396898 0.000933933784149542 -0.477105364809125 -0.813945916500742
-0.0381195294695632 -0.0059901594521447 -0.901498413288952 0.079321431060659
-0.0437586573595435 0.00077542258653329 -0.215313718114858 0.678817359489297
-0.00249110570473876 0.0174010273734115 0.300455967935324 0.384787634858275
0.0165671212797504 0.00942310913246367 0.242785052620656 0.00935399427404834
-0.00248010593545788 0.00702648342275257 0.0072879014561687 -0.205251365329135
0.0156323007044681 0.012358743299987 -0.0143307927355594 0.159626095479154
-0.00630172200922944 0.00817670879987738 -0.168432424119957 -0.0548003258654423
0.00284214797785312 -0.00362026062723854 -0.202281638582681 -0.443354821905686
-0.0115386208807318 -0.0365587642664197 0.364851828344339 -0.498364018594743
0.00973940319967088 -0.0343414123009066 0.815140169777285 0.178354642416623
-0.0015897257787006 0.0143472940086037 0.293554186113221 0.893193236808527
-0.0097996697753647 -0.00491013238290747 -0.31887672227135 0.571152585081177
0.00437979075210022 -0.0184493669224664 0.066357538060798 0.0497855079922274
0.0157929317951415 0.00175600642309832 0.288350794317303 -0.603534065077697
-0.00475093432904986 0.00495061954576194 -0.485591045641263 -0.810167111900042
-0.0315845344922406 -0.00820967896767584 -0.902232044229343 0.0841701792950521
-0.0393839748131807 0.00115008970937066 -0.21214364224839 0.672128231912921
-0.00150895004770596 0.0216967280914726 0.302726732088419 0.376435736892419
0.0141288750983293 0.0113579739489566 0.242325815990721 0.0104007210641748
0.000298551881707703 0.00760508914099878 0.00224444985038561 -0.203641842788749
0.0171712026508206 0.012863348315996 -0.017400297598613 0.161495443706098
-0.00858519584646074 0.00808295632430262 -0.170839756006973 -0.0507060993538176
0.00107387266159246 -0.00122251737395981 -0.206595732803414 -0.442450757249496
-0.00641660609001825 -0.0363490995272126 0.354788460533253 -0.51268707104668
0.0200933557110255 -0.0343283452655009 0.813524734982285 0.158141599944205
0.00438659955339943 0.0235149685136315 0.307331159251986 0.885827530510824
-0.0202664211662272 0.00976339134617307 -0.309419248963483 0.576255073955631
-0.0144963802760183 -0.00519529502967143 0.0690525491475082 0.0517436694893632
0.00902357949083274 0.0147402540212484 0.297524256927348 -0.600015563357738
0.00327808361019665 0.0103991565861535 -0.47160050768947 -0.821417831688343
-0.0210978825463527 -0.0108908386303246 -0.908764095351442 0.0651683364591758
-0.0349926448976493 0.000879023370394166 -0.228297963482668 0.663444560995262
-0.00438434116340615 0.0248982541655176 0.297021934490871 0.378202129097153
0.00930360356014521 0.0124104149941056 0.243393193656988 0.0153776185375879
0.00246963827501325 0.00846929078515051 -0.000994011974584649 -0.201093720807428
0.0188502952479322 0.0120271147253238 -0.0176383249356881 0.163526661694996
-0.012967180122516 0.00646577782427155 -0.172759816515404 -0.0417683393459974
-0.00195179406074881 -0.000231889731253303 -0.219088424151034 -0.434607184612981
-0.000587799053859703 -0.0356628659058293 0.333121721478741 -0.532290101382781
0.0309645717311426 -0.0354753518863204 0.818007316663786 0.118186877765953
0.0118189243040002 0.0317814242843239 0.343912284883435 0.867361861671804
-0.0300964980508102 0.0238209131286122 -0.291008542537486 0.586378476344455
-0.0305271614863947 0.00403382026478069 0.0646572480303355 0.0603091345294866
0.0017374362301584 0.026987063143572 0.313447124669131 -0.591615285494928
0.0117859387707286 0.0158530899724225 -0.44243816705791 -0.845934355596105
-0.00758551767698154 -0.0129996299646076 -0.920282611959341 0.0245841030218457
-0.0293109797599162 0.00034929464460462 -0.259414032139867 0.653353650231379
-0.00912812427680663 0.0265619975988733 0.287725156242677 0.387950815675171
0.00376565265537982 0.0114607658329443 0.244397630382681 0.0266733282011516
0.00330478519816536 0.00916211384119739 -0.00247312214768467 -0.19939140021601
0.000600216025032401 0.00809454571112493 0.00600326980047859 0.163603245329094
-0.0154287706302262 -0.00886576714587251 -0.16430721867686 -0.0190792189266124
-0.0166997559672777 -0.0208699149729998 -0.276295691062193 -0.36511386763075
-0.0172804274272074 -0.0361997919230179 0.235401884636233 -0.545038990273063
0.00975653664625218 -0.0356933139655383 0.823610651882809 -0.0394299809180436
-0.00152357450169292 0.00390314598543709 0.493880881471415 0.770103189403899
-0.00584876639502375 -0.0355437992839291 -0.243759083098768 0.635372804185466
0.0200327853427159 -0.054179949120961 -0.00168163889897523 0.104514344988548
0.0212549029143973 -0.0321621871376473 0.337102564639716 -0.528958348652543
-0.00871838331646168 -0.00469102797600114 -0.303964413969942 -0.913682327458185
-0.0174620125200733 -0.00577047479246177 -0.907406498987967 -0.132673260805216
-0.0432310566385747 -0.00824521140741313 -0.350214077281833 0.641764472476581
-0.0288843222753885 0.00201370641773584 0.238261622972967 0.458041858120824
-0.00118328014311503 -0.0046741781924343 0.247027923241808 0.0558080069780534
-0.0166300793218034 0.00259225821067117 0.0252395075912846 -0.201395473136077
0.00258694128231814 0.00842230671694063 0.00657497366702248 0.161137533873406
-0.0111774418141497 -0.00429704697979105 -0.163075665426813 -0.03040562818203
-0.0104415070779064 -0.0198639659663441 -0.259802907092896 -0.383791760335571
-0.0207289056107512 -0.0364445133890514 0.270315512244179 -0.529472285913394
0.00176776890487561 -0.0347959516748352 0.828936441473059 0.0221156410684614
-0.00723688907627459 0.000268398256657815 0.440901860779129 0.807954782589794
0.000189466074784424 -0.0405648594806582 -0.265828736146569 0.62021134841665
0.029872030647013 -0.0551329710864833 0.0127423937738247 0.0897069400845025
0.0253695445443496 -0.0347340994902157 0.318840911106573 -0.550813567623097
-0.0131232190256023 -0.00649186398359116 -0.360657884699974 -0.88745739750876
-0.029278450662176 -0.00517060892465699 -0.907551034846255 -0.0646910605280432
-0.0461033899953575 -0.00564831858588044 -0.303746220256511 0.65997594577948
-0.0211031902392232 0.00450302593564685 0.260371860876058 0.437052322080326
0.00541987285399256 -0.000871541831587351 0.2468630613027 0.0410738069418179
-0.0142544644259898 0.00357375536044996 0.020834940109838 -0.204239791700329
0.00539526775537932 0.0105539635777913 0.00214207691223528 0.160441966190824
-0.00726377423635606 -0.000219680726034995 -0.16514057661574 -0.0408370414651154
-0.00489119563686755 -0.0170236871452068 -0.242959060750749 -0.403626243656928
-0.0205229233533554 -0.0375151020390113 0.306664198641532 -0.514962822863737
-0.00275288182044948 -0.0334543439899009 0.828407362157976 0.0800525100620714
-0.00957185637948241 -0.000992110149274189 0.390419604018541 0.841319561178405
0.00392861725066268 -0.0388046833640961 -0.289035269893621 0.605179560213582
0.0329279189501999 -0.0517198316373873 0.0287764456326588 0.0749062680519773
0.026428150171149 -0.0314223347336562 0.301022704321659 -0.571232560596694
-0.0160063421662573 -0.00600278417003717 -0.417150408570642 -0.854782571268574
-0.0367319799187317 -0.00371791856420493 -0.900724762581963 0.00570241647744954
-0.0483488654981724 -0.0025137968355766 -0.259524792997275 0.674726591253899
-0.0132132291778374 0.00862124208915215 0.281914109796423 0.415514987775694
0.0122961756567529 0.00255130219138215 0.24533943545568 0.0243661264000658
-0.0107107537345292 0.00457485972816828 0.0162701855945692 -0.206116810740071
0.00874277779047503 0.0112580012592523 -0.00230572802186914 0.159421007494325
-0.00529600533207906 0.00306030823914821 -0.165712304992878 -0.0492186411324121
-0.000633681285270687 -0.0124754152980437 -0.226155658361263 -0.420712541089797
-0.0199808294280935 -0.0373195112319018 0.333932969979977 -0.50291195482693
-0.00314898361943887 -0.0334481576149242 0.824078772906557 0.128861518240194
-0.00937240409163738 0.000558067965640616 0.344348824061855 0.866412504445344
0.00409894411731227 -0.0321948453673589 -0.304820069900667 0.588276042412432
0.0284869678809344 -0.0437535476880177 0.0450790274787002 0.0618493150060838
0.0251702550799523 -0.0239512101823102 0.28618695348292 -0.589922073187733
-0.0153789126891287 -0.00319833454529935 -0.461049346059344 -0.826049610958072
-0.0401215923466732 -0.00355654313070151 -0.898270019590299 0.0570737398341667
-0.046118939225475 -2.90431133141839E-05 -0.223905036270685 0.679814113058905
-0.00659267184779904 0.013314349630466 0.297839595620572 0.394981262084505
0.0155826615354985 0.00564804747276014 0.244326164908847 0.0134908026618854
-0.0066917823673759 0.00569716917967213 0.0102301222747588 -0.205674750719405
0.0122103181606169 0.0120239405329582 -0.00750545578908174 0.158845282885895
-0.0047846785731543 0.00646542566456496 -0.167162183326713 -0.0534274151804713
0.00235338198701944 -0.00790620410533883 -0.214805536851727 -0.432425270379274
-0.0166757165407379 -0.0374977090524769 0.350709495984955 -0.499730777317344
0.00187804048417021 -0.0338292675066728 0.81833294061812 0.159081247445704
-0.00620844133078719 0.00600411637958696 0.313209398039458 0.882681550412604
-0.00110509828564711 -0.0196251930004186 -0.312809130303795 0.577625618780899
0.0183012113104048 -0.0320647007387828 0.0592989453997905 0.0524413678249466
0.0212587992177359 -0.0122610289251902 0.280339856675817 -0.599723748748974
-0.0113391351631264 0.000878932939420974 -0.487982891947828 -0.806964162392739
-0.0379222578251987 -0.00486261351716554 -0.896081183941348 0.0895582233150921
-0.0428044358609803 0.000817425559646251 -0.205127443052586 0.678809081249867
-0.00203965836604822 0.0176478870262586 0.304929988549167 0.380137869317401
0.0158828844627793 0.00923611414982246 0.243131858162418 0.0071570357594128
-0.00272250503376078 0.00667479423718887 0.00454045827981995 -0.204616955594391
0.0157835548731642 0.0120058617688806 -0.0119215004527578 0.159424029322372
-0.00595648519742771 0.00877575729896467 -0.168657868977257 -0.0528530471652757
0.00272735120456401 -0.00426285117288266 -0.20939177058535 -0.436497749679364
-0.0123727064280399 -0.0363157054473688 0.355321739594692 -0.502369909517798
0.00987550501090399 -0.0335036174946666 0.815938251912073 0.166889289695287
-0.00181442751521102 0.014457098126053 0.303140189669196 0.884516866130057
-0.0103854541633203 -0.00518839499122649 -0.310411825303539 0.574484155639139
0.00339411185671413 -0.019078072215495 0.0672209209227135 0.048839507020049
0.0155077004642875 0.00103329595301207 0.281052009692666 -0.60459973608347
-0.00477809012346277 0.00581163140477876 -0.493404938992497 -0.802351463477969
-0.0318190970323545 -0.00729129209458468 -0.897887640954627 0.0971679799501171
-0.0393142639631877 0.00194779273917956 -0.202972251628387 0.672216146029381
-0.00164067462819322 0.0214335636331974 0.307465084085485 0.372664403262299
0.0137336733183669 0.0113789004967732 0.243463961430288 0.00763498015551432
0.000559949964581533 0.00764177249406817 -0.000982956151750996 -0.202764293528158
0.0176268325516343 0.0130414657566697 -0.014714818755747 0.161361193672218
-0.00876302662522654 0.00841179127544136 -0.170790347127984 -0.0488318646658436
0.0011383222896418 -0.00105085426426222 -0.2132309942393 -0.438640187887812
-0.00667535598128452 -0.03608465043123 0.347127768620832 -0.516733845690097
0.0198090429991458 -0.0347599281462277 0.815332925748081 0.146297805112011
0.00437962145866889 0.0239837544638031 0.319503099127173 0.878645990965838
-0.0202224856969279 0.00970746361165535 -0.301483528096217 0.57788341543243
-0.0135605611978378 -0.00620013008054351 0.0691179954243399 0.0516831286163388
0.00913025716539079 0.0147384258927742 0.2873208921889 -0.602069685865466
0.00381512152523068 0.010499937508271 -0.481787304858726 -0.811012461087885
-0.0207615885369134 -0.00972365963697119 -0.905390822015944 0.0785037037216509
-0.0344500802093324 0.00145400927280305 -0.219883352597607 0.663399070660092
-0.00434502385065665 0.025004509330671 0.302498540058924 0.372437705791436
0.00960136120285339 0.0123860997750628 0.243507100770056 0.0122948490030761
0.00290556305454413 0.00848205272780979 -0.0032663870979526 -0.200474983202471
0.0188224740880873 0.0119005925585501 -0.0162109722955037 0.163046573757209
-0.0131138089209587 0.0073812659127956 -0.172636148268409 -0.0397519771957565
-0.00221541629257455 -0.000829912880031956 -0.226627525736813 -0.428876276713565
-0.00198052114223466 -0.0358021276539451 0.324120150518607 -0.534098565641056
0.0304027549248756 -0.0357885303193094 0.817726315802826 0.106965910637914
0.0114069804371436 0.031944012309509 0.354467824090833 0.859878607551542
-0.0305299550323348 0.0244370499680405 -0.283401416503087 0.586838383906044
-0.0307806014318213 0.00448273678016807 0.0645691001421378 0.0595199514579325
0.00203805435991456 0.0264256078366924 0.305203669238566 -0.593948614136876
0.0121544473342534 0.015841634292881 -0.4524853605412 -0.838113244266929
-0.00765352771140139 -0.0118907483088956 -0.915505476931467 0.0367646817803067
-0.0295182805836923 0.000590852925529305 -0.249090156035809 0.653995518039628
-0.00874065810112035 0.0262068746685038 0.29276091641761 0.383494843079767
0.00334706137698804 0.0116677283903591 0.244318906221192 0.0239915399807997
0.00301948555146865 0.00925313094888955 -0.00513165962978723 -0.199265853797013
0.000637515377601608 0.0080281801327561 0.00907655839467989 0.163156113780368
-0.0171151777042431 -0.00854829041090703 -0.16378508867761 -0.0178347620781057
-0.0161102156655679 -0.0203254097294257 -0.281005714054492 -0.358934300952857
-0.0176612577100882 -0.0359273205417167 0.227133065918681 -0.545991846701865
0.00870510051543123 -0.0352219321534355 0.821012449559766 -0.0502161313163461
-0.00169152870911431 0.00348493264021054 0.501602556465261 0.757721221401381
-0.00535670796504716 -0.0354926944206738 -0.234201984563098 0.633633513312065
0.0198368266123423 -0.0538788765902756 -0.000370811766884052 0.103834089459165
0.0216450744337187 -0.0326266791858221 0.328153114887481 -0.530109134863296
-0.00826072435754614 -0.00465129103369605 -0.314805045776126 -0.907209998493732
-0.0164776739233429 -0.00505514295567461 -0.905993498316429 -0.119364587010242
-0.0433824441523891 -0.00804434757290105 -0.340309205536472 0.645463004494455
-0.0296039215236861 0.00150393366024121 0.246205180949078 0.453923594779648
-0.00220762664152725 -0.00501851263621459 0.246888876271073 0.0532496543220069
-0.0182897462193696 0.00298795799550354 0.0230243327754869 -0.200619261006945
0.00285215476842838 0.00928449954161682 0.00855046182706795 0.161353299524776
-0.0107530542316257 -0.0036850506565459 -0.164532294996837 -0.0288666693629273
-0.0109328198735596 -0.0198109352115967 -0.263757888916682 -0.378837363535864
-0.0210378222947484 -0.0356313959273863 0.262277966112095 -0.530673015993244
0.000988523776283789 -0.035155256371104 0.827133570635973 0.0112478294172781
-0.00787681852890177 0.00132571428685712 0.450719465893042 0.797816422309826
-0.000451557450969014 -0.0423583020510795 -0.258690784767375 0.621609251327517
0.0291405600333962 -0.0554994055536772 0.0140374548417285 0.0896456892170097
0.0252778790030588 -0.0344809539417721 0.311299550490798 -0.552635659033245
-0.0135759952336905 -0.00765654664707121 -0.371107095756102 -0.878702774134717
-0.0286699177314455 -0.004444171711815 -0.904325487561729 -0.0519040945000224
-0.0462257266049664 -0.00466324320578564 -0.294344570973872 0.66335808168659
-0.0212787832583189 0.00580652246674619 0.266120903927669 0.431489067501105
0.00528572537547644 -0.00175425650201811 0.247400086140886 0.0383324994136228
-0.013571218197294 0.00416102921553343 0.0184631838243783 -0.203617021710563
0.00490982220467661 0.0105219313233726 0.0047015592666363 0.160120183979029
-0.0081444763580602 -0.00093391305307478 -0.16525379382309 -0.039482766002662
-0.00525449111700481 -0.0164510982169747 -0.24829555978525 -0.397581235197398
-0.0211260958464375 -0.0371979885544718 0.297408774306246 -0.517957002310309
-0.00383193987928233 -0.0331520710223679 0.825360809698841 0.0684848724651139
-0.0101730749234394 -0.000870600763813748 0.400789488658114 0.833689296835524
0.00385714174483456 -0.0393679406279348 -0.280057499348555 0.604386016052975
0.0337911235115489 -0.0519237566159339 0.0296037121107393 0.0731880467669739
0.0253385353189802 -0.0324528705930628 0.294168970898284 -0.572492043559803
-0.0155274975106922 -0.0063431457279611 -0.42582921095514 -0.844620484499584
-0.0366830637203457 -0.00316695029402051 -0.900711833245688 0.0166772470809237
-0.0477588793540969 -0.00185017429170682 -0.249920514672903 0.67558199687382
-0.0127930357135347 0.00856229378985676 0.286593980688177 0.410764535546871
0.010854938117889 0.00231832785483078 0.246075713094188 0.0234783136485979
-0.011473159327949 0.00442798788674879 0.0144628759640638 -0.204491996002349
0.00856021725950042 0.0110785407581778 -0.00048181114191407 0.158833832210154
-0.00547165801394834 0.00364782944486565 -0.167567522211922 -0.0473360716441901
-0.000916972402511498 -0.0121336925844232 -0.230934790028354 -0.415317517804072
-0.0204787818467989 -0.0366912485260731 0.325812057441548 -0.50537962087613
-0.00328302135651575 -0.0333044904431826 0.822684342042581 0.11927004097452
-0.00940339253447921 0.0011000992621605 0.355391337704258 0.858998206266123
0.00372719046223471 -0.0327434225666478 -0.297332923089653 0.590891848483658
0.0275973467639463 -0.0441116584786648 0.0457491896051933 0.0603184272607448
0.0237851127005494 -0.0240803254906054 0.277970024388092 -0.590593770631126
-0.0148843495317632 -0.00429475629895365 -0.46974268789319 -0.81582621827703
-0.0391505891670563 -0.00262203400151322 -0.895530794564411 0.0681925899925689
-0.046899086140302 0.000212542989312023 -0.214840340056636 0.680705852715362
-0.00567735215839847 0.0125382255388296 0.299752752785712 0.389417982630256
0.0148195286152517 0.00512664679869302 0.243682603947283 0.0105201581641749
-0.00812017117701662 0.00631131722314523 0.00785370741570513 -0.204702980728713
0.0125616281312216 0.0121019029527766 -0.00587138048601137 0.158157310219907
-0.00604832231397982 0.00722586979399844 -0.167433927062555 -0.0521553147003223
0.00188546101249128 -0.00860225000811083 -0.22040537832792 -0.426957194548797
-0.0170729621013476 -0.037043952974849 0.343043226423687 -0.50386786153739
0.00139998355250692 -0.0333401983172835 0.818967324687645 0.14969098412266
-0.00629739589015615 0.00741960053293193 0.322925627366123 0.875394216443916
-0.00119648368118173 -0.0195617407148368 -0.303044517146616 0.578869470499673
0.0177332224107977 -0.0308819424339797 0.0599168456747759 0.0520246602920593
0.0211443115545822 -0.0128229683710009 0.269798246348425 -0.601840413203629
-0.0109924621636448 0.000527366096905915 -0.495061424360087 -0.797713255343578
-0.0376716985964225 -0.00346076221689485 -0.893043922446058 0.101716728231394
-0.0443048035018346 0.00207305521803289 -0.196868081241236 0.678267867324916
-0.001836986533978 0.0176610003151017 0.310424739618268 0.373141358336613
0.0156482591211298 0.00910612103168809 0.243568583680419 0.00439964597155273
-0.00268485835324949 0.00735445680379885 0.00219896786020785 -0.204264126638657
0.0154689011347432 0.0120855136130945 -0.00985114763516414 0.158325023934909
-0.00640743309569996 0.00841454645591106 -0.169573051748143 -0.0522943396284738
0.000788579047878805 -0.00466213950397374 -0.215815230569152 -0.434860379873301
-0.0134890058116198 -0.0365451294715151 0.347136984781966 -0.504203917665792
0.0089812372216919 -0.0334027298173543 0.813244844690615 0.156091743301611
-0.00212461531232171 0.0148086154764004 0.314714341752797 0.87825552413947
-0.00952818984678396 -0.00554633468942395 -0.300828684431329 0.573505998338944
0.00231687976378523 -0.0194057313678349 0.0679107410774658 0.0478449273640086
0.014840133600834 -6.22708863553811E-05 0.2714849991683 -0.60606779392059
-0.00543754179986609 0.00281388809386428 -0.503331543212965 -0.793128075997773
-0.0317293129075254 -0.00575794143315381 -0.895380266321542 0.107027425073357
-0.0394726268638563 0.00263694662719811 -0.193104854496372 0.673037511335594
-0.000670724219533108 0.0217852036771663 0.311362651077811 0.364319459338968
0.0142340303531391 0.0102145508563997 0.241604630308799 0.00482303823845838
-0.000116153198450743 0.00858137666600499 -0.00276159109644532 -0.202232403860107
0.0181095304190295 0.0119078764901464 -0.0128340322832227 0.159816430853539
-0.00938999185955598 0.00908308232694171 -0.170364127209354 -0.0464471687205368
0.000497029108594095 -0.00134828841690937 -0.218694384069718 -0.432254907967365
-0.00759781326965818 -0.0355237244591842 0.3386055312321 -0.517803251495951
0.0194206688560287 -0.0335939938228859 0.812546294347287 0.134724169424922
0.00329655249024739 0.0255262937572464 0.329568465497574 0.871825108561157
-0.0207464179689584 0.0101962523268851 -0.292459797205301 0.57898176893027
-0.0132148198785709 -0.0058660480617634 0.0700080433856973 0.0507858493485112
0.009215327645958 0.0139344894446187 0.280424497289565 -0.604231374960929
0.00524001054120771 0.00788483081819506 -0.489328729259062 -0.805452782581221
-0.0200936021059111 -0.00968180436465622 -0.899361949185539 0.0888345461537303
-0.0338582691006578 0.00221884059300054 -0.207504375958613 0.665702679056321
-0.00367927335317139 0.0244497320198504 0.306320822482862 0.367376889076121
0.00821881546480517 0.0123932729982505 0.244043808446515 0.0103257147457845
0.00357436418992453 0.00912736354053251 -0.00612558452844091 -0.199163972377655
0.0183654282679816 0.0110526363904258 -0.0139171247191302 0.162705456687994
-0.0137699936384967 0.00783801899111863 -0.17270152607796 -0.0385166091640898
-0.00268579896625707 -0.00045058732049 -0.232168651410684 -0.42453443287396
-0.00234838206002405 -0.0358957258795936 0.317249190625096 -0.535673889429327
0.0292665346601221 -0.0371840004515955 0.815844515805914 0.0952360244213447
0.0117233013829476 0.0314891310392068 0.365051802775852 0.853352785320217
-0.0309245890667202 0.0242091697588092 -0.275376263185929 0.589274692251303
-0.0312309437631143 0.00411970536797226 0.0652255371027041 0.0592614411589467
0.00261546876841993 0.0253656123885875 0.29663362743161 -0.595640587544019
0.0128452705549444 0.0154072569372924 -0.462683036549869 -0.828734801709762
-0.00779733439505927 -0.0128461920065864 -0.913871302544784 0.0487562713284131
-0.0292731935996896 0.000613422085515892 -0.238900855393363 0.655697569017179
-0.00902578575045456 0.0258738017553957 0.296940802722873 0.375888513591164
0.00496201986988258 0.0117050823623841 0.244627472739235 0.0215717192047472
0.00331624673513963 0.00948469544374615 -0.00686688199158596 -0.198187095107832
-7.02113096709123E-05 0.00723602161971721 0.0102156551308115 0.16253937393465
-0.0169766178126693 -0.00716438664816498 -0.163271926010086 -0.0169692254166114
-0.0163730066297384 -0.0204456974297243 -0.284451768966819 -0.354150934340134
-0.0187358055377795 -0.0355929701905675 0.218526467495302 -0.544126667814974
0.00823269472901907 -0.0353185397414536 0.815767154113379 -0.059335182385587
-0.00222801873136987 0.00441471293412446 0.507517451625199 0.747867815231224
-0.0083087487455124 -0.0365242371576124 -0.225007442656228 0.634920492524254
0.0182678858091283 -0.0541775986289398 0.0011013482121402 0.104044367125841
0.0203055241469189 -0.0326831474271014 0.322309247542605 -0.531034498360978
-0.00798097165075986 -0.00443674015292171 -0.321145789246745 -0.898783083856508
-0.0171953647524556 -0.00511282393078302 -0.902690889012749 -0.107436646831311
-0.0429866084428935 -0.00688387984429633 -0.32996546557749 0.647121644715001
-0.0286019556200701 0.00248356724329434 0.250173687081532 0.447432608173474
-0.00351847476381888 -0.00518083431717201 0.247683445094869 0.0508543966129519
-0.0177865161538931 0.00360432417982716 0.0207648119561058 -0.200220664372577
0.00180863707101644 0.00838182947456136 0.0100768647979752 0.160558951647935
-0.0118957026891039 -0.00391996878530723 -0.163029097182897 -0.0275026533553082
-0.011577381122184 -0.01982585743599 -0.268840991227898 -0.372952809792488
-0.0210751400375684 -0.0356925631878433 0.256137265432053 -0.530405402219429
0.000866397228768862 -0.0333202014512302 0.821413498076492 -0.000367171822991653
-0.0078512381435449 0.00120993115328974 0.458988403488018 0.788831996788951
-0.00141375456666244 -0.0408335436093596 -0.249796071432231 0.619400411294721
0.0279060014414342 -0.0567148029609245 0.0144557763583037 0.0884152059073295
0.0245185468505304 -0.0355336563008588 0.304307328505929 -0.552798971473435
-0.01322129736816 -0.00742513630092607 -0.379044345731728 -0.87136291545088
-0.0292247223204563 -0.00368653687294943 -0.901890698648863 -0.0405288354213033
-0.046264579158044 -0.00422839114330838 -0.285055603247956 0.662546344843551
-0.0212057095495161 0.00549375967778737 0.270651510926349 0.426932905023808
0.004544111249575 -0.00148494204756218 0.246770439491278 0.0354993671692078
-0.0151043685256103 0.0043936122135438 0.0171115691332996 -0.202522008104748
0.00512560077332378 0.0096279960266416 0.00553772849386394 0.158211843274069
-0.00831522604946404 0.000287640782077244 -0.165318244809383 -0.0379870912279948
-0.00625805587329775 -0.0172690119710905 -0.25342816253188 -0.391663980750848
-0.0228945096018195 -0.0362008389626248 0.289458814464079 -0.518033436127668
-0.00361529271188925 -0.0328130091677794 0.822232673130177 0.0598657054457675
-0.00986450282277982 -0.00110106816718153 0.406850341255205 0.823968745712623
0.00240131646793997 -0.0396515136030795 -0.271274073841184 0.604085291942444
0.0303607389193985 -0.0531224451787433 0.0306630482243412 0.0729399674765074
0.025363836734268 -0.0327301760141719 0.284712361515104 -0.572823885788487
-0.0153679120125792 -0.00664885104274883 -0.432218913246637 -0.839028692389513
-0.0366214576043777 -0.00199060736614323 -0.894705061634717 0.0277574002625369
-0.047024019458885 -0.00152842262969021 -0.240887207787613 0.674906047020503
-0.0127271865118589 0.00849921063908605 0.290058312161888 0.403997298813298
0.0109882990872173 0.00172348527580775 0.24587187497281 0.01961298521298
-0.0113438479870558 0.00536767934892126 0.0116860643177547 -0.204239358779813
0.00863295704022137 0.0110412388863393 0.00080943529268556 0.156786465581973
-0.00583396656558174 0.00370978516532033 -0.166121142688115 -0.0472637590686182
-0.00185706764333892 -0.0128927293184541 -0.236073465772766 -0.408647176864048
-0.0209907381836724 -0.0366709817316453 0.316989405656616 -0.506823798010123
-0.00406349114768633 -0.0332222699369055 0.821099280813093 0.108963531882488
-0.00978247906778221 0.00169138973445214 0.36495597696023 0.84904756436338
0.00249763180116067 -0.0322684108741914 -0.287167755679431 0.590274473154553
0.0268131601727476 -0.044644825128024 0.0461057695255264 0.060032427188805
0.0242386555732193 -0.024777264847535 0.269130650779738 -0.590497098428978
-0.0148257499102614 -0.00342219734540202 -0.47709713101981 -0.808441143605848
-0.0393602057087057 -0.00216124764352207 -0.890252587977972 0.0772104597029024
-0.0460863887150999 0.000896659391001291 -0.20454309361228 0.680291959569297
-0.00622618109190577 0.013075184855256 0.304525477898216 0.384072763078121
0.0146843915107335 0.00504573570850382 0.24305779847042 0.00849690634232647
-0.00689763605106966 0.00689312267106578 0.00566656571902076 -0.204041180289379
0.0121692733770644 0.0113596768935822 -0.00370478024869073 0.157580194174516
-0.00580052929723367 0.00711344747621679 -0.168133521390451 -0.0502698734693798
0.000903301743462839 -0.00833005516696037 -0.226263785338473 -0.421389756376883
-0.0184355368635406 -0.0367301860143329 0.334019903102937 -0.502558051128411
0.000937921271225481 -0.0327155640475325 0.816871324287351 0.140234095530126
-0.00686500328014746 0.00692440055278038 0.332720641455269 0.867307007881379
-0.00211207933152974 -0.0205808040255462 -0.294730736494302 0.579375299911103
0.0168882224794357 -0.032951322055485 0.0590513600563823 0.0508211032307382
0.0205555826266236 -0.0131482189838939 0.263423407610914 -0.601371885779421
-0.0104748878725965 0.000838341272103634 -0.501520112118678 -0.789371558839725
-0.0380806479279738 -0.00328858735581395 -0.887472417769993 0.11210979731391
-0.0432681367989838 0.00247725298307582 -0.185092367286695 0.678538032792898
-0.00173258399486716 0.0173512178075289 0.313288325002017 0.367942283106146
0.0153827123481242 0.00812970924134799 0.243338247388449 0.0021729599272229
-0.00291905076034465 0.00788006048126398 0.000303213433275212 -0.202772882744412
0.0155915140904738 0.0122690369221115 -0.00793284899633211 0.158511377324254
-0.00709647589101223 0.00931519474879171 -0.169823165289906 -0.0497059109247092
0.00123682202456631 -0.00494151312861588 -0.220584941093716 -0.428014866024687
-0.0138758030095834 -0.0368728985080795 0.340188955521385 -0.506637337749547
0.00852196784501505 -0.0331347616427451 0.811815474934714 0.146667106255648
-0.00218994812064327 0.0147217733881066 0.324005332559841 0.868792054581271
-0.0102119624787692 -0.00633180045564869 -0.293636892203758 0.574927436239115
0.00288711772332832 -0.0184797465128544 0.0678664375051751 0.0468021799089451
0.0163027724877168 -0.000375096506236915 0.263483624701001 -0.607071474545307
-0.00417984018220921 0.00411151262186788 -0.508252039711479 -0.783571763561989
-0.0312753386646915 -0.00577313213637549 -0.88782543641143 0.11891731587987
-0.0385062515644961 0.00359677695288296 -0.183390003646257 0.672046298789949
-0.000365556354784795 0.0215081081168706 0.315203453448474 0.359699769500141
0.0142901908552906 0.0104200134883105 0.242060570552436 0.00272606332083315
0.000370347834013209 0.00863805700016734 -0.00472465041131168 -0.200556265984942
0.0176098863397375 0.011063891844015 -0.0114657577584 0.159659617035232
-0.00941610334611369 0.00945217582680439 -0.171104748072964 -0.0451455505982337
0.000390632948756198 -0.00270800885136218 -0.224869628905482 -0.4277338755689
-0.00795371000388138 -0.0362217140515198 0.329036727998237 -0.518174649413419
0.0182633182899308 -0.0346161659453274 0.810547115150769 0.125241330663458
0.00438042769015487 0.0237171959897546 0.338499297227626 0.861851829038002
-0.021505160864115 0.00947056481337491 -0.283469499643386 0.578286632436097
-0.0143782137498728 -0.00623931141442518 0.0695334492823475 0.0496602738032335
0.00922510768572119 0.0132784100371081 0.272134960264528 -0.604701722269288
0.00442428830909715 0.00913734023092389 -0.496260394752021 -0.794450226046392
-0.0204164287137323 -0.0100092828162824 -0.894460398768882 0.0994979815200887
-0.0350062617677429 0.00238064789529884 -0.198685936339686 0.664490009440501
-0.00286253847972819 0.0243125290912973 0.310177470738837 0.361792016203172
0.00819418176111046 0.0119441029518518 0.24255141763537 0.00852372900456769
0.00271673058004964 0.00945512724259317 -0.0075308725525906 -0.1988132250601
0.0175609406051744 0.0111500406408603 -0.0120891119026049 0.162925951282391
-0.0133200893326126 0.00855664613554375 -0.173466382012929 -0.0362721777889725
-0.00318684882944003 -0.00134503576361619 -0.235667806139853 -0.419082521428527
-0.00375080085016978 -0.0350767795593382 0.305868641623114 -0.53625215800036
0.0294038743912739 -0.0357553673186182 0.811466319833082 0.0850367546883047
0.0112503152849689 0.0318535599293345 0.373653254847568 0.842772168874188
-0.030880074589626 0.0244836527630559 -0.266263166262563 0.588774280616618
-0.0314206286818129 0.00491523359710526 0.0661893400153943 0.0574646016244752
0.00228558461995378 0.0253171751807726 0.28834784245734 -0.594806528438712
0.0126043131605971 0.0144403880447986 -0.471010391173678 -0.819977940618175
-0.0070262967881865 -0.0122251804534564 -0.908043706211605 0.0586490068980792
-0.0297530143176036 0.00173425776602834 -0.229185581668763 0.654536281686026
-0.00736881255028242 0.0264333397376319 0.301187822491001 0.372799991647879
0.00273213960659896 0.0113368188982823 0.24464389316358 0.0179590959553429
0.00355370385441953 0.00984371355141467 -0.0088864555665203 -0.196429611738174
0.000315170146187063 0.00728128779139852 0.0119706463153868 0.161104820538409
-0.0173538122285529 -0.0064111035008203 -0.16298014595323 -0.0154611327483886
-0.0173910649223011 -0.0209010677555629 -0.288466534511787 -0.348107379730382
-0.0190356933448837 -0.035273564239328 0.212302351005077 -0.544902670617178
0.00781004223688775 -0.034816591657368 0.811410812781563 -0.0698310144616336
-0.0027558139597165 0.00435200667763737 0.514654501440899 0.737728464148273
-0.00876634914847194 -0.0362341303057988 -0.216846040140657 0.63281607374062
0.0170431124412201 -0.0546729141086921 0.00224677447045348 0.103014737012185
0.0191506626638869 -0.034520053158437 0.314688279648013 -0.530802191340346
-0.00800911922862437 -0.00529062059915524 -0.330204880267388 -0.892637020802708
-0.0178148090863918 -0.0039194910692489 -0.898938304300976 -0.0983599967394473
-0.0427844819028098 -0.00680493031027982 -0.321373449911596 0.645534274429131
-0.0283383647677297 0.00282576847870797 0.253498204321738 0.442675814724635
-0.0032934373426965 -0.00506850087786487 0.247725689752461 0.048578065756992
-0.0178462881249431 0.00484476758235386 0.019239974653448 -0.198488251878354
0.00211537661038188 0.00774656807349439 0.0120479569400238 0.159069728085659
-0.0119478587107294 -0.00304731473132123 -0.164295016106092 -0.0263007140677004
-0.0124311065076186 -0.0195946199631482 -0.271954812971723 -0.366773379868813
-0.0218372614068947 -0.0365853073489172 0.247156177465758 -0.530683395883776
0.00012123865379478 -0.0330797168520726 0.81741086093851 -0.00774586709473033
-0.00839535637250872 0.00131196275093011 0.464775214048827 0.778352576968805
-0.00332885131119229 -0.0411902116491249 -0.241798932947936 0.618653786044867
0.0268176285556273 -0.0567793949127731 0.0155875623580458 0.0878051229557253
0.024548671180305 -0.0360152097669221 0.296495018675858 -0.553819781179743
-0.0130987305069018 -0.00766030939424637 -0.3883575396485 -0.861765635686247
-0.0288686987065093 -0.00304861876730336 -0.897056302669653 -0.0303592685025217
-0.0468961676354708 -0.0034311579407121 -0.274823703496146 0.662251780951417
-0.0210320665404032 0.00534550732540776 0.274955349520757 0.421551419714823
0.0035346082509638 -0.0017017085328263 0.246508279929541 0.0337140369582361
-0.0145927830975545 0.00471723136098445 0.0144185701850507 -0.201945974972022
0.00508142616963997 0.0096026630101115 0.0073117261710334 0.15799826634996
-0.00852396053683587 0.00078328198697419 -0.165037428116436 -0.0374084769737614
-0.00692365435940845 -0.0169724289064931 -0.254676191527365 -0.386866581884305
-0.0229056703607239 -0.0365964069480871 0.283485515688878 -0.516980952130451
-0.0041891910339865 -0.0320115992394567 0.819089426879465 0.0497259484048895
-0.010690637977665 -0.000195980540291222 0.413237263032774 0.814591250014518
0.00202770953513293 -0.0403571987564612 -0.262910523137016 0.603025259859166
0.0298525755008469 -0.0530220907642845 0.0306737242856471 0.0725523457486777
0.0252833029522422 -0.0333227914144134 0.277988415108207 -0.573395868517616
-0.0146078199962829 -0.00633687857033082 -0.439105417619398 -0.82960596495724
-0.0364107324763934 -0.00207390985420276 -0.89113477409989 0.0367704034205419
-0.047346416781426 -0.000232308991957846 -0.231565539634853 0.675710465724343
-0.0123998257167011 0.00868599859876772 0.293177743446003 0.400019132902112
0.0094973247432296 0.00104476677094761 0.244968556956373 0.0182291933080276
-0.0112392378223727 0.0066663615659771 0.0106376468631997 -0.202828409658235
0.00919614877893776 0.00960666162243154 0.00266720274811697 0.156187177264953
-0.00659700656314341 0.00440515100221902 -0.166084657951367 -0.0446349655905183
-0.00181411718354444 -0.0133142643060705 -0.241071338780852 -0.404405481067711
-0.0219655851617875 -0.0360954376474632 0.310652941980778 -0.507364449132036
-0.0045138005681989 -0.0321292115136502 0.816689000560649 0.0990946064087098
-0.00964162765798257 0.00178018719614199 0.37088538156906 0.841861803019863
0.00185725603613024 -0.032632313489237 -0.28101569528821 0.589100276786417
0.026779699084494 -0.0447521131258665 0.0461936837488139 0.0585223569295018
0.023212654414892 -0.025228346093794 0.261366283789983 -0.592019772912815
-0.0143047932258351 -0.00386971677231617 -0.481363575297026 -0.798427467501403
-0.0386995769017501 -0.00152936373390626 -0.886321954421867 0.0887509218090866
-0.0462420715475927 0.00179985651102659 -0.196655698912899 0.678769657612515
-0.00619726960668195 0.0126573625138734 0.306652843682384 0.378543857370372
0.0136413293228157 0.00443640587450472 0.243259302974094 0.00714090267638575
-0.00684728496983937 0.00743895490767704 0.0034246289339558 -0.203548048223039
0.0124570203615813 0.011154982852801 -0.00188076562168161 0.156564824562774
-0.00601074577542419 0.00716205180516125 -0.16710514526104 -0.0495582632582086
0.000547424407011611 -0.00886166998852749 -0.228446103689298 -0.415504347881989
-0.0192227267041748 -0.0363656373795214 0.327322408896362 -0.504336795907276
0.000529575862257388 -0.0326763301295223 0.813784098247491 0.13064505987772
-0.00671379270228606 0.00730718776402753 0.339529685797565 0.85717721148563
-0.00301650531989128 -0.0201412510258601 -0.28830181200088 0.578455130167363
0.0168586761866725 -0.0336207510864127 0.0580458975053408 0.0501586520521237
0.0203311977393307 -0.0139933286324995 0.254818756556825 -0.601152261694626
-0.0106438092703293 -0.000412530844518103 -0.508439568638942 -0.780325619001592
-0.037255775628231 -0.00254610853674628 -0.88098158286409 0.1211144316619
-0.0433742479087592 0.0038574243706725 -0.177495870827816 0.676481450059669
-0.00162803199490682 0.0162441863312007 0.315167858092977 0.362356942853124
0.0144704428946725 0.00798527870118473 0.242410124240612 0.000170952494213175
-0.0033936927083092 0.0076810800593235 -0.00157818237601061 -0.201885997859965
0.0157130409231382 0.01103408699831 -0.00663915570985213 0.157224164471086
-0.00761337558686557 0.00968330446982127 -0.169474543613431 -0.0479468758980591
0.00142129011287265 -0.00469846661441074 -0.224880657492431 -0.421333335945009
-0.0148266721376941 -0.0354750907306737 0.332143661766815 -0.506727139387799
0.00853671468421382 -0.0327366409450399 0.810403212144313 0.137141733185789
-0.0015505813967901 0.0147954105487236 0.33050698035074 0.8595732888862
-0.0114856794871266 -0.00532521568694895 -0.285877833893754 0.575698542832599
0.00157908451494407 -0.0197419533052564 0.0672414178608665 0.0469147421855633
0.0151921980023989 -0.000726672752313825 0.255101666778604 -0.604835551489044
-0.00355150260073087 0.00433500984529259 -0.51536248048726 -0.773925454501922
-0.0310984538079741 -0.00491224745004922 -0.882481488612768 0.124879148292527
-0.0397351333849009 0.00387175912918394 -0.174423664304176 0.67034341597772
-0.000531597007316545 0.0207348679667743 0.318480304524963 0.354306920479006
0.0126354726866606 0.0108495442259411 0.242555066762733 0.000638857365911735
0.00016777627392109 0.00965865920266767 -0.00677066705170272 -0.200142403951215
0.0178209331924782 0.0103423195131342 -0.00962092202586334 0.158071698805242
-0.00942809682705972 0.0104819960498766 -0.170696143786469 -0.0430476476706468
0.00033906181516267 -0.00182394213509757 -0.228886061866212 -0.421171280518804
-0.00943168730312148 -0.0355825036485451 0.321843271884996 -0.520009850081477
0.0187947737534825 -0.0338455527710854 0.806830475936541 0.117097402883156
0.00404816992150799 0.0238373407547691 0.346858016527903 0.853722854940298
-0.0213938559301217 0.00973019830928761 -0.275415132478525 0.576798924830173
-0.0140623110686318 -0.00633395147841541 0.0695276950311103 0.0484308948762724
0.00940297260155461 0.0130168811748113 0.263749747739602 -0.603228431622604
0.00457636476104105 0.00896447555911332 -0.502989065618429 -0.78650588193532
-0.020124625142258 -0.00881432883761383 -0.889321682777906 0.109441998726106
-0.0336178723378198 0.0033014014408917 -0.190662889797565 0.662735957952584
-0.00256759388244536 0.0242009286709749 0.312410253111724 0.356140328838867
0.00844507517400851 0.0114869142174682 0.242862030556072 0.00519440190633036
0.00227794814119507 0.00966368675151957 -0.00984644332758643 -0.197377834346969
0.0185008877110901 0.0101186770965377 -0.0109257029560371 0.161191062864473
-0.0132744208842176 0.00940811584796426 -0.17274260416886 -0.0348816557921527
-0.00374802162664474 -0.000485390893087471 -0.241753267288255 -0.412654181814857
-0.00426482436963562 -0.0356950850873861 0.300935456162727 -0.536336267136222
0.0288937016469723 -0.035461852499578 0.809410891015192 0.0741644742621057
0.0113407201092686 0.0320934298088592 0.378402799219974 0.833908290629596
-0.0303893706954681 0.0238583560797674 -0.258812416724821 0.588407488967447
-0.031220066362272 0.00488861876654825 0.0658782160031908 0.0571816988686171
0.00218669322734245 0.0248226108298377 0.280795722565864 -0.596204108200699
0.0132267636927081 0.01435771047101 -0.476031685090331 -0.812543491706628
-0.00682414695153734 -0.0116891079651441 -0.902541115217755 0.0678576147242784
-0.0288351060281225 0.00196545442623322 -0.220404104867744 0.65384873294925
-0.00801718769595805 0.0266237143909927 0.304491383548504 0.367595253548679
0.00196022582304124 0.0116311581782335 0.244862772275933 0.0159021192942032
0.00298721905724541 0.00973161219976552 -0.0115030449502487 -0.195126479516025
1.67995961086968E-05 0.00661117370534737 0.0137633156393624 0.160272998711653
-0.0175796606912792 -0.00670413146027642 -0.162775755184378 -0.0151531584082241
-0.017727279811155 -0.0203404179307238 -0.290294015526773 -0.341601200534251
-0.0200857929120666 -0.0353866331559734 0.204274957789676 -0.543753760499404
0.00742922803922883 -0.0345553484029034 0.807963547208763 -0.074080974696159
-0.00239908139053299 0.00453080773609397 0.517980871379644 0.727840444746134
-0.00833694231130637 -0.0353085175861215 -0.209756067527233 0.629791971263402
0.0167492499502755 -0.0551736413739037 0.00228462326478202 0.102842761329122
0.0187614120012978 -0.0341851484552183 0.307160800989474 -0.532110435575398
-0.00751575615699904 -0.0058300066841828 -0.336562708871557 -0.884065714569349
-0.0174933101247365 -0.0037466674367564 -0.897175815448719 -0.0882895341719254
-0.0430026830610981 -0.00604055264410082 -0.313551013461876 0.644727745886986
-0.0281208168508666 0.00314435174748904 0.258072007117976 0.437953822298702
-0.00386105778398918 -0.00583903835360427 0.247519837969064 0.0463287376639286
-0.0191419763475988 0.00476541959302661 0.0172657267279515 -0.198256390395289
0.00165282605651809 0.00794420539490207 0.0132498591044523 0.158817773002048
-0.0129743934182209 -0.00246211237283062 -0.163240656998775 -0.025619193086723
-0.0122331913843637 -0.0200484757040337 -0.274729348456663 -0.360905316678612
-0.022665431029691 -0.0359036412674912 0.24137032951509 -0.529720325732359
0.00011221765116219 -0.0323971216416142 0.812406985498824 -0.0154355916418588
-0.00853226328476201 0.000882029822859191 0.470039370220675 0.77017320469783
-0.00309949238079702 -0.0418520847698155 -0.234816475805621 0.616642033583487
0.025617436627081 -0.0566192980644558 0.0154622511900574 0.0881776532792315
0.0233272041281052 -0.0366474259997925 0.288569714899944 -0.553654292678169
-0.0126275135416519 -0.00729721514782805 -0.394120208098959 -0.854690204438349
-0.0275072232843742 -0.00323816367187777 -0.890981809594425 -0.0236811905091941
-0.0462277205568618 -0.00313776224986052 -0.266829265176008 0.660283474169535
-0.0206731269466672 0.00567428083044674 0.277419647336495 0.416277462208801
0.00407706173853015 -0.00177027679069915 0.246250411114564 0.0310108028497594
-0.0148787511206822 0.00545593700332539 0.0130534689535513 -0.201164173595013
0.00506571508668525 0.00892370270696622 0.00877468388641862 0.15696044084354
-0.00906297588902284 0.00132111072657876 -0.164450946709625 -0.0357116396629877
-0.00693350235314645 -0.0168078669857416 -0.259790397082174 -0.380146256707229
-0.0230404534491106 -0.0362888926311895 0.27643451232365 -0.517739707304834
-0.00428639670027133 -0.0320556880146247 0.814750267915835 0.043810923671883
-0.0105613160560739 0.000121672420069925 0.418775873927597 0.804583755834234
0.000916829785088898 -0.040180501405115 -0.256565072222114 0.601756382943481
0.0290150524497601 -0.0536294835489294 0.031237719581462 0.0720837535952929
0.0244055890516928 -0.0336872102190627 0.271691144051309 -0.570617170598197
-0.0143668116770091 -0.00638979408592673 -0.44480399552547 -0.821301466305313
-0.0356696544084903 -0.000934632632309217 -0.883812605380142 0.0446575232039173
-0.0471150465138945 -0.000103360104525082 -0.221740817492282 0.673957871329603
-0.012798906794594 0.00950447188995898 0.295989303463244 0.394939926955648
0.00925634935567328 0.00102029548375486 0.245107390746212 0.0165966125550846
-0.011771491975721 0.00639922164639197 0.00777180194477703 -0.201647472645511
0.00853526113402522 0.00985760950011489 0.00420458729849022 0.155996529280241
-0.00638565610689966 0.00535753731508289 -0.165510044274971 -0.0434219802557324
-0.0029551141658367 -0.0126410526869799 -0.244466132097042 -0.397542934130886
-0.0233322262562078 -0.0360368364977474 0.303659075454686 -0.507453456325544
-0.00449537828404917 -0.0321184156118056 0.812360390171867 0.0910301829622047
-0.0102241136861391 0.00222490844606047 0.376645268849146 0.83322038540382
0.000599008534809604 -0.0332122604437236 -0.274492824636189 0.587495226329359
0.0252228350095082 -0.0455146678003236 0.0472501631597223 0.0586555022304027
0.0226303966792082 -0.0253864157514 0.255584488130825 -0.588202605059573
-0.0146281750554692 -0.00399176387608227 -0.4889971227642 -0.790553624338065
-0.0388159977485076 -0.000962454481884499 -0.878521302095429 0.095933866270537
-0.0457282804577892 0.0023432301708967 -0.188892114940565 0.676655053850631
-0.00591707010468163 0.0129415948324079 0.310519231173341 0.373590154470334
0.0130399641579808 0.00450317685501284 0.243190599393358 0.0049109642452025
-0.00783291389331124 0.00755673670379753 0.00190845074283444 -0.201982056712899
0.0117615739960958 0.0106373953008202 -0.00147490775560986 0.154381715123168
-0.00620023022388202 0.00919394533153372 -0.167810421150526 -0.0480439062038128
0.000144890962275796 -0.00921169637698249 -0.232109827672702 -0.411707282581961
-0.0197147925390142 -0.0357865432337019 0.320805735237759 -0.504130311390813
0.000441110797140172 -0.0321879265717352 0.808419555804179 0.121917052005678
-0.00693357623479878 0.00645696920028634 0.346608168879778 0.849809138876717
-0.00332908100383976 -0.0202273145034186 -0.28042883036212 0.578043082314243
0.0163423591041236 -0.0334091306364668 0.059368121365796 0.049798472812871
0.019260038005671 -0.0152220172789328 0.247343270128853 -0.598360314022156
-0.0101127462832154 0.000357145904588598 -0.511873847409932 -0.770049303232942
-0.036704425235684 -0.00172605558102411 -0.875100657287437 0.129550023375362
-0.0430971874647407 0.00350194637348708 -0.167651124932022 0.673945529352517
-0.00166108511494775 0.0171469188537077 0.318203263912783 0.357670502845344
0.0139926844278859 0.00758223079358017 0.242062042005871 -0.00205715600238138
-0.00401573467821502 0.00862731197358318 -0.00412774401462006 -0.1996479754502
0.0153621500655314 0.0106002490090753 -0.00571328018178943 0.155861973590952
-0.00736780290594327 0.00956833003964842 -0.169270477789829 -0.0469337219215328
9.11676788883497E-05 -0.00503862145073697 -0.228124314468985 -0.415961256239383
-0.0154803646843526 -0.0357996999323356 0.3239513318889 -0.506871361478581
0.00784135211913633 -0.0327364699555074 0.804944801832433 0.128459390788648
-0.00217667067550009 0.0156285902324159 0.337837913813102 0.852062384296653
-0.0110548292784875 -0.00560361166419269 -0.27804865785894 0.573284700685322
0.0012614652461803 -0.0193874082863491 0.0675236486574857 0.0448719540695776
0.0149884143868665 -0.0012455870653791 0.248119739967706 -0.603919651001179
-0.00329084320148941 0.00394953358454767 -0.518152289257918 -0.765693968173226
-0.0300138680413702 -0.00484646399431479 -0.877397863022914 0.133618941055784
-0.0380600305916945 0.00357193497281199 -0.166224582257521 0.668198140980253
0.000195376828451648 0.0210965698671378 0.320640786191864 0.348191262118687
0.0123097509428906 0.00996567966467719 0.24114132905085 -0.000563815142317166
-0.00016410954753294 0.00989838067334709 -0.00840623261464497 -0.198811861693987
0.0174438939451028 0.0103911417921342 -0.00869673366583682 0.158111247942745
-0.0100712969771059 0.0101398321913172 -0.171907580820235 -0.0421681788886151
-0.000667903328248457 -0.00188970177504 -0.231525613296966 -0.415132501199355
-0.00997258112096003 -0.0356696281093171 0.314906148808747 -0.520745284465107
0.0174772715040721 -0.0340317909545232 0.804888122346057 0.107858174314091
0.00371525290530156 0.0237507875950686 0.352775572630854 0.84467561963519
-0.0212504862278067 0.0101404146107424 -0.268380591322345 0.575165080551704
-0.0145826804372526 -0.00654602096222721 0.0694215576666298 0.0479979253866541
0.00884473383836424 0.012079343015143 0.257489982779181 -0.602585363102536
0.0047490523586081 0.00907627220840515 -0.50621869818519 -0.776110038431359
-0.0204058192797343 -0.00810090602256818 -0.884907475566237 0.116473296098927
-0.0342859622885255 0.00398095468167076 -0.181661624557658 0.662613691815687
-0.0024054396432902 0.0244157270650734 0.316202607996912 0.351097392596818
0.00792453229742864 0.0115368731158039 0.242173468243578 0.00331128913080783
0.00178841752108472 0.00981302792244013 -0.0127019581369323 -0.196476881435811
0.0186405144062365 0.00989398953288799 -0.00935123604429923 0.159156582437222
-0.0140206622034877 0.00941008692446027 -0.172540198212141 -0.0338049527795465
-0.00316088955404387 -0.000690026831998431 -0.243124704120169 -0.408532933354047
-0.00407758618752224 -0.0359446086621404 0.292088612860595 -0.536826568012422
0.0277176133780189 -0.0355058460410195 0.805516415825991 0.0677565465344606
0.0119109819835356 0.0313391651949109 0.387318879922778 0.826553258082099
-0.0305525042709225 0.0242589204742183 -0.252176448087503 0.587350376419405
-0.0309372605301807 0.00485355579851048 0.0660315857244108 0.0558688827531739
0.00262813134174847 0.024402980785623 0.273538984263178 -0.596735618921736
0.0137859873268731 0.0137280501324609 -0.48281256149524 -0.803501261467191
-0.00760665357995637 -0.0116254112945327 -0.897661454422882 0.0756713385468787
-0.0289224669725974 0.00167137264120594 -0.213612633281377 0.65246518253042
-0.00809797174781731 0.0262317194910512 0.306787510564161 0.361309084613892
0.00123650594394078 0.011286206005784 0.243619286557268 0.0146177324195154
0.00265424924492497 0.0107118061940985 -0.0130194523795471 -0.193943893521395
-0.000446217096091394 0.00645580584108683 0.0154465353825526 0.15865383787145
-0.0180646855154682 -0.00411603006620719 -0.162584703119266 -0.0148640424616676
-0.0194114333473385 -0.019985388032584 -0.291277106496807 -0.337637540316392
-0.020789378104018 -0.0356887986691464 0.19933788458842 -0.541426287070449
0.00619905019003129 -0.0342167501121702 0.80086556795289 -0.0802984717483198
-0.00294669796665685 0.00495435084955846 0.520377700966406 0.720629100694281
-0.0101668763443749 -0.0364181877268054 -0.205174426405469 0.627563573146655
0.0160918045048502 -0.054454437138048 0.00452202930045445 0.101779644813829
0.0180168083508631 -0.0349968875825748 0.300800064979731 -0.528382201418032
-0.00770998670919774 -0.00514698943303112 -0.341419829644656 -0.877847394325305
-0.0171529625964865 -0.00364389943458153 -0.892700519821019 -0.0803888533445634
-0.042303375574016 -0.00623107146328539 -0.305740871801694 0.644266164486503
-0.0286176440604499 0.00279798308478627 0.26130526249688 0.432391860043654
-0.00501202996635074 -0.00468764086133747 0.24689869761539 0.0457203989617807
-0.0179359880122348 0.00625965388412113 0.0167166437461674 -0.196726641514325
0.00286599932220001 0.00798104826584249 0.0138286176064308 0.157246670314413
-0.0128171025202062 -0.00216539775669116 -0.161788870854275 -0.0260422048184455
-0.0131071206864264 -0.0193670119936327 -0.277454191708883 -0.356036701810047
-0.0235000916281336 -0.0350109301299288 0.235445132936018 -0.528304831043701
-0.000704763945511902 -0.0317295801014486 0.809278697114235 -0.0232427329591223
-0.0082148895093032 0.00166812815815266 0.475390538734478 0.761627785291373
-0.00494334285844669 -0.0423955380210708 -0.228457564215661 0.614950904498597
0.0255627012152208 -0.0564985282526208 0.0154517978189825 0.0857794132314026
0.0225824412656841 -0.0367096337104811 0.283741585656935 -0.551689591293015
-0.0118261786147038 -0.00778699261197688 -0.399114585786022 -0.846344907735716
-0.0272295608606028 -0.00196127990775911 -0.888641804312741 -0.0162806176756721
-0.0460328784901153 -0.00184090169782397 -0.257781195267526 0.660237145875944
-0.0206271999430368 0.00537076950471795 0.279353975296573 0.412958899815318
0.0013609105063815 -0.00167671735941973 0.245808766480434 0.029980441103389
-0.0155946043758002 0.00640548219295149 0.0103117967692574 -0.199979142987495
0.00506964824697783 0.00757343869496437 0.00940048045417675 0.154270662435014
-0.00940178059098908 0.00124417398222512 -0.164858390931336 -0.0356222814001998
-0.00643857077764802 -0.0163407849877686 -0.260835645503375 -0.37563148530486
-0.0242021083967231 -0.035268866937224 0.2696162314473 -0.514014437678745
-0.00397711578290758 -0.0312337882143964 0.809790987896878 0.0350166796973357
-0.0111338399929375 0.000280298712857078 0.423946016734613 0.7983459412992
0.000749584826941496 -0.0410014037716795 -0.251705270733668 0.599465509034929
0.027168880996792 -0.0547374373571398 0.0300979663508454 0.0715583631297766
0.0233560528136234 -0.0341042341220782 0.265805365514678 -0.570149578821612
-0.0148787759845555 -0.00760240190180225 -0.450701210304671 -0.814140109017232
-0.0358667085299249 -0.00129839318639629 -0.878624794909767 0.0517176628936626
-0.0468604546267511 0.000562585646691833 -0.214521852030389 0.670672577637665
-0.0121966686406458 0.00870325538879467 0.297389365055146 0.390320023023321
0.00982057140440018 0.00100091478935944 0.244664922865022 0.0140627479419214
-0.0115231740250136 0.00807792331379169 0.006328668964113 -0.199914055032577
0.00741682122754446 0.0100008256101416 0.00469539337593017 0.153896888757217
-0.00728056895562496 0.00527676170025908 -0.165308768636281 -0.0428615835179125
-0.0023916599390202 -0.0128702206738101 -0.24583104366693 -0.392410010447098
-0.0242684601833305 -0.0353054959243901 0.295538400883426 -0.506123145533797
-0.00537773476119903 -0.0314586558158567 0.809264462904334 0.0829311026822956
-0.0101432141104288 0.00146436155367005 0.382220425951778 0.824834488462817
0.00054838438017633 -0.0339017067533152 -0.267322027536985 0.584955113122871
0.0254079314196216 -0.0460366926144026 0.0468074683198403 0.0580786435918754
0.0224566546815071 -0.0253755804545426 0.250109413599489 -0.588528313037108
-0.0135665790317991 -0.00246158231199588 -0.490111062287413 -0.782936383772817
-0.0385009328782235 -0.000377116681559674 -0.872927351901789 0.0997525951818601
-0.0468036488169636 0.00348292559530883 -0.181740637178182 0.673636704501462
-0.00640454238774183 0.0126242643166579 0.311034456496362 0.368591525891265
0.0119739787329692 0.0044436399504039 0.241940400257099 0.00351919504880728
-0.00701675704907151 0.0078470011625354 0.000313737513361615 -0.200139125658135
0.0111198947027268 0.0119172250982672 7.1610345037455E-05 0.155112856512871
-0.00679915584988185 0.00797568291267405 -0.166190211570851 -0.0476010226321116
-0.000854776798861773 -0.00780154682377706 -0.234542343341779 -0.404626327216436
-0.0215421263789925 -0.0367948422487458 0.314283728117049 -0.502971081957518
-0.00151012316861171 -0.0315531162175149 0.806245538763425 0.113323318481606
-0.00754756365609102 0.00758781122918823 0.351675759049296 0.839953431882461
-0.00436635909004632 -0.0215562850936896 -0.27234185001035 0.574200934150772
0.0145984113625177 -0.0338365068360236 0.0587447842493336 0.049213666975143
0.0193106062088715 -0.0153600843985559 0.243520548360061 -0.598334309251913
-0.0102059233539924 -0.00116430044913516 -0.512838453348676 -0.764312429821523
-0.036559941622559 -0.0013812806557021 -0.870098897193539 0.136759030526283
-0.0416878423846461 0.00596405927336481 -0.162803065681395 0.671622268089678
-0.0010959868640815 0.0167428115653013 0.31899949458221 0.352392591420908
0.0142961147112823 0.00742606280665992 0.241561654158032 -0.00228402748882261
-0.00341493572075124 0.00851229464327287 -0.00629124793772622 -0.199407387420549
0.0150039757315896 0.0109014852148385 -0.0043833608032074 0.154918980179623
-0.007006753714276 0.0103819994787545 -0.170019423381409 -0.0454678580005134
0.00124235996877494 -0.00560434016630169 -0.231202685369415 -0.411131448865705
-0.015654046771418 -0.0361226747594328 0.318140114723012 -0.506343111810279
0.00729179270951308 -0.0314431685871136 0.800093855175544 0.120222965620618
-0.00204402603417239 0.0158050964323234 0.343164833674349 0.842117975000953
-0.0112725111067128 -0.00612895749022424 -0.271766935453461 0.571356299748957
0.000982037735387743 -0.019986159301567 0.0678089147701025 0.0442527382740004
0.0158513219768967 -0.00262682940949291 0.241893835066341 -0.603595122912665
-0.00393729482195148 0.00362445750582421 -0.523856549527295 -0.75725147374226
-0.0297774758962983 -0.00326647189516663 -0.870640722110823 0.14280214666435
-0.0391266154677478 0.0045060469522979 -0.161007694372471 0.666307726690894
0.00096104538359152 0.0212526487263623 0.322373279079671 0.344795780320502
0.0118890261456161 0.00915898498888488 0.240949211630185 -0.0037017461342483
0.000410073853927098 0.0103889268406568 -0.00958532146694091 -0.197503749635341
0.0174170052994199 0.0107393158688635 -0.00664003563032857 0.156219383250208
-0.0099919179149443 0.0108056245340639 -0.1722141448373 -0.0415755522550099
-0.000853436121642547 -0.00225238353951444 -0.234028706047899 -0.41006628480874
-0.0124350221783091 -0.0350670446364402 0.307823900145475 -0.521192707520698
0.0178646686246243 -0.0338952797705701 0.800623794168425 0.10164330119146
0.00348790703196887 0.0248998662043787 0.358152893437657 0.837167952307008
-0.0209094105046479 0.0106262093291658 -0.261669120206749 0.574457862770658
-0.0150894571737308 -0.00675013619139333 0.0682477170280561 0.0473433001546002
0.00909059356261522 0.0107074527474569 0.250531742478793 -0.602227904898023
0.00546106794185266 0.00931668529694078 -0.509619842609188 -0.767135330025077
-0.0206219456475825 -0.00692727976668054 -0.876468698895288 0.122455277334759
-0.0338034143855763 0.00294616348662338 -0.175603939520995 0.659900058504201
-0.00190985483858089 0.024205258883473 0.317814866298578 0.346889262656195
0.00670656728874527 0.0110451497081411 0.242845261144248 0.00231737018939417
0.00235986915513477 0.00979197843040272 -0.0136436418967015 -0.194359762310486
0.0172369756160179 0.00874220542634105 -0.00754331464480164 0.159115076167896
-0.0142886522083049 0.0110974493530059 -0.173075010504618 -0.0327507411765373
-0.00486166065891274 -0.00146119524149369 -0.246984381041755 -0.403381289909724
-0.00649983988001174 -0.0350170870777054 0.286145039206637 -0.535047549718249
0.0278750617701071 -0.036377428748141 0.800741666608236 0.0606214599119422
0.0121095509905115 0.031970445528416 0.391084825970997 0.817096609467508
-0.0301548025522586 0.0238670174825793 -0.244707811382676 0.585469068671953
-0.0316172671751698 0.00530809418890538 0.0663689276327795 0.0551655250309061
0.00257417950169854 0.0233843203120328 0.266883096827876 -0.593054595610144
0.0132605038372117 0.0121638951185602 -0.482874417086625 -0.795889904191918
-0.00690229584542717 -0.0114538310962253 -0.892420259821948 0.0829490719393152
-0.0300297082496425 0.00139355014831877 -0.20649568485149 0.650901238574349
-0.00656258593117764 0.026529869116385 0.308631829074062 0.357106973110644
0.00146554119577399 0.0115438513327748 0.244190524622584 0.0122274861093349
0.00259974576903029 0.0124202198212601 -0.0141851769451811 -0.19266817828492
-0.000655072377599141 0.00655120616041582 0.0163207898633487 0.158448063855996
-0.0185264864869521 -0.00476985984220325 -0.162548116868988 -0.0144083218605648
-0.0192042795760816 -0.0202284050156978 -0.293733367308249 -0.332672794976282
-0.0207826006405395 -0.0350248791502387 0.195145524849955 -0.540472356186703
0.00703449164999587 -0.0342351249686059 0.796991791317399 -0.0863742719340167
-0.00359055442483855 0.00563663306241865 0.522649053412604 0.711127944152849
-0.0107573695755515 -0.0365229068819753 -0.197696288037799 0.624818407268521
0.0152917745624021 -0.0545695360391842 0.00341082565761681 0.100840778004273
0.017583271150781 -0.0352031771264841 0.296948839812226 -0.528944360498678
-0.00755968475385192 -0.00649474555571344 -0.345999226616625 -0.87098994041733
-0.016772062533773 -0.00322355036983581 -0.888023342134463 -0.0761082572724617
-0.042692656896682 -0.00518173483889313 -0.298048483310253 0.642882900160504
-0.0270452569037611 0.0033298638891882 0.262203143396328 0.427439947859616
-0.00534219627247259 -0.00559420408033195 0.247581941530225 0.0429247464190134
-0.0184831766899717 0.0065777684542994 0.0143749517323227 -0.196633563248598
0.001746142160728 0.0076817309036294 0.0151907126840122 0.156096406414578
-0.0133621380893751 -0.00262215438376004 -0.162584102549535 -0.0256394867444283
-0.0132660318083176 -0.0192291586206155 -0.278468160992453 -0.351501617906789
-0.0232521410761118 -0.0351280162678264 0.229670532293243 -0.526830868192182
-0.000712916154646057 -0.0318177412756727 0.803014684987515 -0.0278241590568818
-0.00925642920228597 0.00195809462414365 0.477164318006638 0.751504491057981
-0.00404455259797411 -0.0410037391595323 -0.222583100900248 0.613012182285454
0.0245114584809961 -0.0571505506468793 0.0167094132271451 0.0857020659849231
0.0223061229755576 -0.0370289872024213 0.275700346467457 -0.550348539116823
-0.0122261549290461 -0.00804222357808295 -0.401753043162504 -0.84034834896847
-0.028282898686842 -0.00118854462895527 -0.881609842680186 -0.00886174897996654
-0.0461200128554071 -0.00173490023626715 -0.253606683449836 0.657661033335041
-0.0200468291159377 0.0057555901560133 0.281678143397385 0.408202175447569
0.00227839852728713 -0.00249173626832974 0.245992687128816 0.0274833515478162
-0.0161105751066929 0.00684364290070739 0.00967193823249495 -0.198775592665543
0.00483131844998542 0.00895594253202255 0.011496497498239 0.154839533333054
-0.00941899119640797 0.00171165643264875 -0.164222306436463 -0.0353589952653674
-0.00848593912096104 -0.0163955334260709 -0.26283874469466 -0.370545609664966
-0.0251400696062299 -0.035385450772778 0.265038467130039 -0.515498333292464
-0.00479393222279416 -0.0313112866147422 0.806451341961983 0.0281529539483719
-0.0116312559977067 0.000724703433514496 0.426393257014512 0.790317417619583
-9.74573582543797E-05 -0.0404402683704055 -0.244908937328429 0.597212835843597
0.0273210056832384 -0.0542027204848992 0.0314513048316415 0.0704804262606187
0.0230162220503708 -0.0336620589017329 0.259898753894982 -0.56987360301002
-0.0146695142498914 -0.00670397866198417 -0.453026661589078 -0.80576965364272
-0.0357416837160561 -0.000781334893694394 -0.874716693621812 0.0576721341307212
-0.0474072301803077 0.000674431535534165 -0.208776058314119 0.66901273664181
-0.0124516368045665 0.00855650487234983 0.300234582193093 0.385064350482225
0.00845939833618316 0.000784710344325024 0.243886027754211 0.0129589374161898
-0.0117702451809569 0.00804943221121862 0.00558227184315473 -0.199957171352818
0.00738042902912022 0.00977055488676563 0.00645733524940262 0.1530875514432
-0.00678504909447837 0.00616306525856925 -0.165571984925848 -0.0427183747328568
-0.00391829200110727 -0.0131800645260263 -0.247155676740361 -0.388933367257078
-0.0243789956863795 -0.0355838793458866 0.291984809465953 -0.506548767995357
-0.00458901159356891 -0.0310000358849897 0.806745271069435 0.0778618889865067
-0.0102083762364078 0.00295905242006698 0.385213037350037 0.816823798145262
-0.000442416653434391 -0.0331597367390713 -0.261463202665118 0.583712970558719
0.0241663979454511 -0.0458114677497163 0.0470821151030075 0.0570334854535123
0.022470516292297 -0.0267788852891552 0.244694694645885 -0.585867453355229
-0.0138666786181139 -0.00370282989517068 -0.490993245437937 -0.775406918829968
-0.0380020125453193 0.00069386972056483 -0.867955591692682 0.106902400582964
-0.0461252834929989 0.00281408193655844 -0.174421129553916 0.672808464248526
-0.00565101977662364 0.0128494184737548 0.313120086391135 0.365047778329237
0.0125775318918924 0.00407502318280468 0.241112299704724 0.00219627715075486
-0.00762277103282927 0.00821500370371154 -0.00163843873011641 -0.19953276426608
0.0114743319357532 0.0094841645253849 0.00123055752643113 0.153480532915306
-0.00632032145198501 0.00893941098349491 -0.166971026875158 -0.0463716706145726
-0.000301313073791276 -0.00859220777126781 -0.238930768396814 -0.400509613835773
-0.0210352086385425 -0.0358235145901205 0.309173038990078 -0.503699508045142
-0.00061335260040535 -0.0308604861808499 0.802567181202544 0.106924059874202
-0.00725976322190126 0.00860099447307154 0.35685965757376 0.833600762826092
-0.00489498621088991 -0.0203876365879377 -0.267387373658872 0.574003510134235
0.0138645777361864 -0.0336296467888295 0.059242590186327 0.0483097590839139
0.0187005018838625 -0.0155821207705269 0.235985171910632 -0.596740340815366
-0.0104125022815438 -0.000247508893315013 -0.517066329398697 -0.754967625587404
-0.0365177883126253 -0.000343371344942944 -0.864462653395952 0.141371104740167
-0.0423120777590751 0.0044867402291682 -0.15471253800294 0.669500363781566
-0.00150241148821548 0.0169885065493308 0.321854551335865 0.348286754464184
0.0131324807856887 0.00674369657939661 0.241339219961151 -0.0039128616468145
-0.00369567513924964 0.0093396956790813 -0.00680769259611365 -0.197917867265673
0.0142327935366668 0.00997972545221641 -0.00340686479733179 0.154348598097519
-0.00753021909795351 0.0112334458015775 -0.169254794259497 -0.0470970643684512
-0.000139759128094883 -0.00466821640060636 -0.232594855003763 -0.407605995225017
-0.0165552726718947 -0.0352639022861037 0.31236055490616 -0.505542330440728
0.00762070229698055 -0.0324126675488577 0.798154122645026 0.114564253041462
-0.00240201754731619 0.0164150391698918 0.345686251942427 0.837491498908285
-0.0117600999571167 -0.00588464732993665 -0.265666558793567 0.571188957780988
0.000806278176473887 -0.0200303022627907 0.0667713912027107 0.0442926130227393
0.0142644252152172 -0.0024433244704014 0.23770590343692 -0.599303364996096
-0.00364694073374799 0.00333815625679697 -0.526560308609459 -0.749042121535738
-0.0299512822036789 -0.00365907333321103 -0.865591946446764 0.145113143743072
-0.0380374681584499 0.00464467832775903 -0.153630767593973 0.665158772437863
0.000171695647361702 0.0197694326695128 0.321933139761933 0.340592269371347
0.0115757075183718 0.0102409559926309 0.240977000859249 -0.00451174668327244
1.59876114946174E-05 0.0103682275186327 -0.0112128557029172 -0.195891254338671
0.0165915290677113 0.00964296896502427 -0.00640772682117818 0.15649477103423
-0.0101670788891277 0.0109202839932073 -0.171194646039409 -0.040667542588513
-0.00099004344798662 -0.00246346530714445 -0.236526852960927 -0.406294909829275
-0.0111647575738386 -0.0347769471389154 0.301090207765615 -0.518976362520285
0.0172099138534086 -0.0330436615186975 0.796392154828134 0.0944476389904648
0.00387783039580827 0.0247098642040852 0.361097962549118 0.828766928934987
-0.0218767732532427 0.0102235827352202 -0.256661256560737 0.572832604349201
-0.0153841443622705 -0.00613367308610486 0.0697339252696273 0.0467845876005677
0.00899275403479773 0.011400082019229 0.245276233661479 -0.598212006858092
0.00522152188290006 0.0080243505638687 -0.513087661991146 -0.761332341202563
-0.0203815835321642 -0.00690363843777739 -0.873625787460112 0.129196222373396
-0.0338363174684614 0.00340211701118415 -0.169713621328742 0.655923013208471
-0.00184266423580287 0.0240262778034164 0.317699308434557 0.34162258397488
0.00675651557453336 0.0115026242443516 0.241888450576981 0.000766643845483521
0.00225340015531957 0.0110119466972346 -0.0145763590477473 -0.193093294582836
0.0173289009427668 0.00910346876861136 -0.00721506530373632 0.158377647400016
-0.0143670922174238 0.0105316848270615 -0.172899315327431 -0.0311697058487957
-0.00531703646367121 -0.00026369581050293 -0.247933873335324 -0.398716475339811
-0.00624035921376422 -0.0353102348872033 0.281943136835047 -0.535806919518574
0.0277830580321148 -0.0357974746379144 0.797031500151111 0.0551509558143667
0.0113773071808812 0.0312104006208477 0.394890135725581 0.809374474349665
-0.0305857340993105 0.023332390239621 -0.239430668112678 0.582156342685545
-0.0318933260284671 0.00467410214349404 0.0668828284638977 0.0553013816324767
0.0013802744814854 0.0229684796134956 0.262679446557987 -0.592321176324497
0.0130052349957029 0.0124858611395983 -0.488387630732184 -0.788428404851621
-0.00676576663362528 -0.0108492422585334 -0.886275212600206 0.0900275099299965
-0.0287026892595433 0.00217538109053369 -0.200162578629848 0.647324306930756
-0.00708598410203008 0.0265445668484091 0.308617031294781 0.352994041148575
6.23966494750485E-05 0.0115872672112781 0.243770192892839 0.0112745084244554
0.00230639036076447 0.0117510343116226 -0.0156106464785929 -0.191920515336651
-0.00093003792039231 0.00642418033147122 0.0167742856640237 0.156303869780749
-0.0185649227165841 -0.00410309936809565 -0.161643941947165 -0.0140170099033754
-0.0202194030940265 -0.0203758020853083 -0.294576824677165 -0.328816717059863
-0.0214039287334418 -0.035458221020866 0.189873826566179 -0.538879952910522
0.00603470535249817 -0.0335019195018302 0.791502534921078 -0.0925555106665767
-0.00328469002198888 0.00532047512111902 0.524958256198583 0.702363849863792
-0.0115234400911108 -0.0365590787087167 -0.19419495440366 0.62263661218899
0.0139684038741943 -0.0544645459098137 0.00400357233871918 0.101214327068763
0.017824566769934 -0.0356689939095991 0.29135250929866 -0.527800866180047
-0.00758857810515138 -0.0065099510902601 -0.350189732790983 -0.863981703418881
-0.0164401696695419 -0.0022306093117894 -0.882367804088743 -0.0701549225286865
-0.0423895915876319 -0.00442190177546005 -0.292888727911111 0.642466455175777
-0.0275816751485074 0.00325471710151022 0.264462254637194 0.424302410634977
-0.00550349478587521 -0.00518024385833062 0.247874423722996 0.0413728479968958
-0.0191991596074857 0.00704258512529749 0.013465528259322 -0.195494553138728
0.00166510644631199 0.0069322997051275 0.0162342686637234 0.15501307627108
-0.0135849794692813 -0.000698918536847746 -0.162386349830052 -0.025451391168989
-0.0136729182372281 -0.0194095906154799 -0.280014255636796 -0.346934198450103
-0.0241975237980078 -0.0347897912429361 0.226072466796337 -0.525768767733168
-0.000997312872182398 -0.0313731738880287 0.799838249809874 -0.0336450583541046
-0.00959022234599862 0.00203964705906773 0.479662239785461 0.743680121992679
-0.00478604875080991 -0.0414979943697947 -0.217559758352071 0.609076996415954
0.0233243065815746 -0.0574012592397105 0.0169244073486283 0.0868383430570096
0.0221974966436597 -0.0377924785883932 0.272385254952618 -0.548554544168295
-0.0124245609930353 -0.00794437857652375 -0.40452755574377 -0.835474964788327
-0.0274149887059256 -0.00110772541847126 -0.879309806624109 -0.00437350808442215
-0.0463152079766105 -0.00188418898461437 -0.247090761431282 0.656193498337963
-0.0200317008677416 0.00566432241926389 0.283086496387673 0.403958768769505
0.00139349544844592 -0.00251727037911603 0.246648857106578 0.0262830307881217
-0.0155874662000925 0.00739441032379802 0.00910822971881093 -0.197743250812897
0.00403008896430685 0.00845425414255493 0.0126252898348229 0.153864614745455
-0.0100202378226188 0.00249919929821701 -0.164321106675899 -0.0346754824724477
-0.00884228644278716 -0.0164829801173888 -0.265301925036354 -0.365990825310457
-0.0250501931980753 -0.0353225039781803 0.25814574105996 -0.514191503401152
-0.00492500838262214 -0.0302373172001665 0.803454740265864 0.0223856139260795
-0.0115309263595588 0.00144666035772557 0.430885327920595 0.780836855604282
-0.00143405621694455 -0.0400409163363247 -0.238951983874335 0.595448874046114
0.0259283555339752 -0.0542818680857473 0.0326391680406931 0.070191006418977
0.0225492633305371 -0.0346381063531734 0.255581381622109 -0.568898979835368
-0.0149872314589999 -0.00695879611461823 -0.455036130726307 -0.800540091021636
-0.0350800477763728 0.000988814400934977 -0.871196964487912 0.0623668742112059
-0.0477055564156934 0.00108984948505506 -0.201793223357232 0.666512878994552
-0.0120742015012048 0.00839120027269341 0.30255795611627 0.381941155291725
0.00775400670140003 0.000515779236279084 0.244362326328239 0.0111460871191366
-0.0122772717003276 0.00821530824283624 0.00411536706249561 -0.198825006938373
0.0074475934311331 0.00946922316134497 0.00735231905844853 0.152685474762122
-0.00709656613773074 0.00608526502619071 -0.166194352650824 -0.0425354442674076
-0.00415278621871001 -0.0130915407539381 -0.249576583505107 -0.383157582855324
-0.0249808140199984 -0.035295052396649 0.286064472318498 -0.504625990978694
-0.00501210243134889 -0.0306616935815888 0.801885221607837 0.0710833708678592
-0.0106818450193299 0.00325465412236 0.38777404892554 0.807802481741151
-0.000547689979664777 -0.0328715046220801 -0.256739988065941 0.582684698041951
0.02368972790393 -0.0458512966091787 0.046426526168342 0.0566179244933153
0.0216804139786006 -0.0272360812804236 0.239480828531855 -0.584626920034815
-0.0139530217894865 -0.00407887059143501 -0.496959082149598 -0.769201991029727
-0.037377941475574 0.00109755620016566 -0.862861938648254 0.109967457674652
-0.0453825712251187 0.00342298775286901 -0.168874544619804 0.669549139471108
-0.00538885821108816 0.0119128625643133 0.313974698172725 0.360017376524634
0.0118068491427905 0.00391050310430205 0.242350659628058 0.000990088877999848
-0.00814629336089186 0.0094405851879949 -0.00208020359152406 -0.198727252314204
0.0118987669115498 0.00986100908366356 0.00184873506443374 0.152550721756587
-0.00690229504943935 0.009865643689643 -0.167610534962626 -0.0454970258561338
-0.00141136535646063 -0.00899941098025857 -0.239866092162721 -0.395454658354566
-0.0214199960971455 -0.0353703681186286 0.30342351692435 -0.502381941165079
-0.00046583871194499 -0.0315893737782384 0.798806362267171 0.101268281375176
-0.00733827049358787 0.00859718560988424 0.360689215928638 0.826793464659928
-0.00477575164980541 -0.0204542047146752 -0.263548345922598 0.571640113616372
0.0144118279232194 -0.0340363859149468 0.0590732232488705 0.047655240242518
0.0191171155964836 -0.016169923079709 0.232340952610771 -0.594597843708069
-0.010224855811099 -0.000357773424033512 -0.520118577936416 -0.749646405900592
-0.0361516040202979 -0.000137817407536333 -0.858167498786855 0.144615716349234
-0.0424851461714451 0.00484205637601252 -0.14995527986842 0.668140614323027
-0.00136598378707472 0.0164240464651211 0.322859541063641 0.343906485577986
0.0125505948408054 0.00687472550610799 0.240483569137034 -0.00570628749824132
-0.00382078368513943 0.0100935894398426 -0.00729964715669481 -0.196768939184816
0.0141399716821295 0.00943400579561527 -0.00278922714470229 0.153902607157462
-0.00758520602285821 0.0119754050789125 -0.169144208822443 -0.0452449199843831
-0.000755950959687751 -0.00511443096261736 -0.23582296875568 -0.402547124478039
-0.016993145649521 -0.0353150956372704 0.307607360153398 -0.50474273850302
0.00711196840606037 -0.032298173242744 0.794897211808974 0.106305965909143
-0.00230860689110195 0.0163116554919605 0.351458564669458 0.829170448516466
-0.0129806680100719 -0.0055507777072503 -0.25991892606166 0.567690919242407
0.000193233388866214 -0.0203420409685354 0.0668436926877747 0.0438605685004503
0.0148911266781342 -0.00226414597584066 0.232803912184292 -0.599215023776929
-0.00334146072962709 0.00283036913266637 -0.528118134883508 -0.743970825561593
-0.0299576901042843 -0.00259728364760175 -0.85889382563956 0.150690737210344
-0.0388670818677237 0.00495661885533707 -0.14760969285858 0.662151270066188
0.000411057845517617 0.0208682179571286 0.323326001819468 0.335281460304747
0.01086306048721 0.00974461458520344 0.240475927936907 -0.00488309986686309
-0.000385733164259229 0.0110155637935539 -0.0125730680383562 -0.195108694503094
0.0156827299575288 0.00943839843764363 -0.0056282245691788 0.155586016832765
-0.0103799095538654 0.0116898165651216 -0.171046155498959 -0.0407109016925086
-0.00202533826300395 -0.00187222614104266 -0.238336249245447 -0.40177486344539
-0.0116933525892567 -0.0355272815712784 0.296553614997601 -0.516977141205963
0.0170540211831177 -0.0335882330127947 0.791847592959758 0.0878227740967758
0.00393431085450103 0.0247595424536094 0.367376643119841 0.820782346496556
-0.0226215325176083 0.00970082372756709 -0.251482368788379 0.571298430442269
-0.0162449130402172 -0.00706950440298066 0.0691289777289404 0.045821354492092
0.00918625894783154 0.0107245355672156 0.240622102395094 -0.596950683727753
0.00460084963432506 0.00752178957608195 -0.515166541929128 -0.754375292073456
-0.0191086237276838 -0.00658033745355371 -0.866917723468365 0.133292189982761
-0.0334344504047408 0.00474304772595979 -0.163216317467968 0.653096095908252
-0.00144941672145421 0.0243534405060864 0.321082881280543 0.338294248246009
0.00701962952963776 0.012349340354614 0.241378766438282 -0.000489257601883063
0.00176279112774809 0.0115433427581983 -0.015542303700595 -0.192947848492751
0.017365586952454 0.00819617315950612 -0.00652869668607596 0.157672095480433
-0.0145412247741498 0.0111056500631893 -0.172527910658646 -0.0315884632462525
-0.00514100642855638 -0.000800910511559775 -0.250788930030939 -0.393705330028624
-0.00727700473156001 -0.034777108076748 0.276304149712625 -0.534603970251263
0.0268645947791835 -0.0358593772024623 0.793446156675096 0.0502018130981786
0.0116972017159 0.0315770328102636 0.398156201318527 0.800133081336933
-0.0304691428350133 0.0234521723193573 -0.235611130847484 0.579677706899207
-0.0316149320535057 0.00451112382787458 0.0659078830666365 0.0540029332843995
0.00166709758153604 0.0225682658566908 0.256797397095008 -0.590270477773223
0.0131285164286068 0.0119125845291849 -0.489933271752736 -0.782504349883049
-0.00676144890909462 -0.0103580742060201 -0.881065144639031 0.09492819682067
-0.0292500180558007 0.00245426290445003 -0.195012538236109 0.646257586212322
-0.00725494658874962 0.0258949268218391 0.31015929176307 0.349097057516097
0.000248499741522534 0.0115138380562145 0.244063623160135 0.0103354680367842
0.00248181138229336 0.0118261235216895 -0.0171537216973025 -0.190590862256522
-0.000831993551447636 0.00680727687309629 0.017693620078811 0.155982002830751
-0.0187699654227676 -0.0034733210118241 -0.161064014009998 -0.0140105624414815
-0.0204181275516999 -0.0195378359501775 -0.295831313360225 -0.323994606171314
-0.0220971632444864 -0.0348186680855895 0.183411591971051 -0.535117876524256
0.00616486041757603 -0.0342318507097233 0.788878269698118 -0.0963369129650497
-0.00406394386251127 0.00632733074397317 0.525806054409115 0.697056242958156
-0.0117538290357412 -0.0365285008223828 -0.189077685002836 0.619863804250309
0.013457266472517 -0.0550781497606471 0.00393958940789469 0.100270318592427
0.0170547521747909 -0.0354644316677276 0.287313667328069 -0.525951957753164
-0.00735701383150498 -0.00665431003623792 -0.352392400988689 -0.858880560953256
-0.0156890376209189 -0.00255337256725427 -0.879136456628121 -0.0636286621175241
-0.0426514627496148 -0.00387667764025512 -0.285685327083576 0.640905981698453
-0.0270911691449279 0.00371022278784307 0.266918423229042 0.420995962740583
-0.00637505145892952 -0.00546689891316953 0.247745229967736 0.039697647669614
-0.0184906719918146 0.00773573213334465 0.0126442174172215 -0.194815792850334
0.00104578579059575 0.00728647707092255 0.0173564864655338 0.154161277250272
-0.014566152826397 -0.000996842239531032 -0.162270187144829 -0.0249953043472832
-0.0155168902002685 -0.0193180987996891 -0.281395300804239 -0.341999720007854
-0.0249812544817914 -0.0348735715920108 0.220594302250489 -0.524424587456731
-0.00138848848593114 -0.0310407269404358 0.793694007525888 -0.0394524054192582
-0.00936911949009747 0.00279659313061029 0.479951241299192 0.736645995957797
-0.00568687321321441 -0.0420244334769624 -0.213259465469636 0.606825409315416
0.0223337482195875 -0.0568449459835173 0.0169816317297662 0.0852226584653
0.0216877070129659 -0.0379934159580468 0.268316774289699 -0.548662564968344
-0.0117814748530686 -0.00819339836540959 -0.409142863476072 -0.827958145184984
-0.0270228876557069 -0.000691047497198866 -0.874460287331614 0.00118058075646991
-0.0456390687948023 -0.00128422269452675 -0.240464295506441 0.655013578951679
-0.0199858084060614 0.00526954491542608 0.284214618110839 0.399040545316159
0.000676806624397721 -0.00296192873952358 0.245547642851062 0.0249298129506283
-0.0156034797417395 0.00851247371247343 0.00721151866752257 -0.196590809632961
0.00383685859552358 0.0083317390481743 0.0126728528434624 0.152806835570828
-0.0104406732652282 0.00308775684214299 -0.163754855647003 -0.0344770350076518
-0.00923361962652844 -0.0163840913542809 -0.266623217106536 -0.362683580174436
-0.0257473927287466 -0.0346730546249803 0.254811846754916 -0.512740034168572
-0.00494439926793379 -0.030714004427201 0.800425956293369 0.0187544189847595
-0.0121444933620224 0.00228383962683779 0.432429485041879 0.774391058019572
-0.00212620390957658 -0.0400510608054649 -0.23392786406694 0.59176937124961
0.025834774156686 -0.0545551312086121 0.0320210094157624 0.0694687432831494
0.0223309513051558 -0.0356428024040198 0.250401881121744 -0.566385971918703
-0.0147850731846875 -0.00783665365614525 -0.457105892963277 -0.793890758940352
-0.0347259987969592 0.00104411621279346 -0.866287904769809 0.067340911641176
-0.0468394832088061 0.00159222560788153 -0.197526403358556 0.664589547307084
-0.0121563838535352 0.00878341603358958 0.303816330256553 0.377026371719665
0.00723358848126442 0.000839135914457844 0.244240676456896 0.0103353320950042
-0.0123758687880727 0.00890124553439964 0.00281033712707226 -0.197701178074693
0.00763251573441208 0.00926323512676691 0.00752816602311828 0.152531850964131
-0.00707409622261945 0.00672286721925268 -0.165811230212312 -0.042111291670582
-0.00516133446693753 -0.0123551536104922 -0.253052075576887 -0.37973766884634
-0.0248771392046648 -0.0354729613977011 0.281854071683135 -0.504142075621915
-0.00522388316747423 -0.0305580917442582 0.798021422836907 0.0654210722694453
-0.010731009460673 0.00379035865765691 0.393215648092467 0.803399396201583
-0.00190066765979732 -0.0330301392441522 -0.25148290040397 0.579238366265185
0.0227540267996542 -0.0464925910941255 0.0468215077688363 0.0554748893146435
0.0212732914678656 -0.0277353378199678 0.235542996477867 -0.583072428717761
-0.0140066216062233 -0.00452268063472776 -0.497946116201039 -0.762659223958594
-0.0374910981291854 0.00206601120913041 -0.859073682303549 0.117246529016004
-0.0455669876606197 0.00377409701168268 -0.16404034926043 0.66850712680866
-0.005095941188167 0.0119934037816282 0.315931561003138 0.356922684177578
0.0113141855078617 0.00398947153463823 0.241407605313245 -0.000306507278201016
-0.00846040256755753 0.00963225699105364 -0.00341370188826034 -0.196835705554382
0.0114305319599717 0.00928391960017238 0.00224582371893079 0.151767032019999
-0.00696016348099728 0.00956367028553333 -0.167288949255185 -0.0456944022603508
-0.00217466343204354 -0.00801401986186533 -0.242973862245064 -0.3935106200941
-0.0223373314740889 -0.0356130650777007 0.298504448512192 -0.501131521176397
-0.000103646873537747 -0.0314597411911482 0.795494904633686 0.0955318503120857
-0.00695861294526938 0.00908235029693656 0.361808293717323 0.818267398472656
-0.00567361379652243 -0.0205099082342702 -0.258585365117606 0.570228481790938
0.0135609281134182 -0.0347942165759053 0.0584255788443909 0.047582848412953
0.0186038039593642 -0.0163792240404092 0.227635309617794 -0.593193465049257
-0.0105957506843378 -0.00137958649650216 -0.521568166271621 -0.743553825012883
-0.0354020242887007 0.000444414861393738 -0.852318122228159 0.149553436998327
-0.0428605776196544 0.00468402058585322 -0.144868787828886 0.664532819844454
-0.00104097503260415 0.0153426119677721 0.322633125221548 0.340308581888843
0.01218443172854 0.00735075199448261 0.240704015291496 -0.00669062325064238
-0.00377622557757409 0.0108629794536784 -0.00869527711850419 -0.196180076110085
0.0141653873345582 0.00956710557616807 -0.0019945881247412 0.152855988245899
-0.00721208372454077 0.0117896478671668 -0.169172942867505 -0.0444131637141634
-0.00099615775354642 -0.00452668189738332 -0.236431853342004 -0.396979439690188
-0.0178051564657047 -0.0346949170935164 0.302065629453548 -0.503996257217912
0.00698892448182728 -0.0319671042611701 0.789705286063975 0.103739828125505
-0.00179308173470651 0.016571269282964 0.352767932802594 0.821817236395671
-0.0133313769410993 -0.00624219242242814 -0.256929484666517 0.566447912784037
-4.03605030041086E-05 -0.0205007116788945 0.0671611458192541 0.0430911387425777
0.0142043367696368 -0.00310552649962916 0.227890721517589 -0.596454463335409
-0.003223079812038 0.00223302107390862 -0.528674688558179 -0.737399517167959
-0.0299377556365734 -0.00229542856415103 -0.855513851481225 0.155439076501237
-0.0381690199051523 0.00540558593036343 -0.142999999907448 0.658717160357985
0.000365965171585041 0.0199487653220291 0.32471741391143 0.332995891593655
0.0103416811899031 0.00960375467283978 0.239720497324134 -0.00725000044054234
5.25733086809213E-05 0.0113526736531822 -0.0143454457094738 -0.194020064578715
0.0162846538609347 0.00939415807399495 -0.00406497577050625 0.154569318507188
-0.0100399713115889 0.0126651463475198 -0.170693753431526 -0.0394481004515173
-0.00203623685801323 -0.00172829038977507 -0.241812343951961 -0.396918674261985
-0.0126627541596418 -0.0340611461119956 0.292212533137033 -0.515346904355825
0.0175117908064334 -0.0333599162882442 0.788875446567997 0.0842197579983719
0.00396677557797366 0.0249927237712084 0.368158757954901 0.815500110320346
-0.0219175902250329 0.0100644116139617 -0.247938205175288 0.568629238307243
-0.016328765505004 -0.00696877148701749 0.0690092596422352 0.0458351380955094
0.00794279074540938 0.00997273074709819 0.236642995774233 -0.595377138002532
0.00483947788003707 0.00727707484046495 -0.516874232219474 -0.749210451037792
-0.0195543788475056 -0.00661979483074871 -0.862945376252662 0.138733638258729
-0.0341486371906026 0.00491058389359733 -0.158497515501498 0.652172372667282
-0.00154892892587493 0.02378735106178 0.321733621209283 0.334146537822637
0.00573994463369257 0.0114896788264439 0.241372273121822 -0.00173329523115853
0.00241075660403095 0.0122074319233263 -0.0161510518060513 -0.191424038218255
0.0169551505493132 0.00836280675082083 -0.00537892579594408 0.157076928734772
-0.0142985157202858 0.0116576736106068 -0.172253663205334 -0.0313550730779045
-0.00557398375712985 -0.00018944977302625 -0.253105201001193 -0.388411694440753
-0.00737208444858284 -0.0343749442705159 0.269075479131783 -0.532310047357687
0.0272055261806578 -0.0354799426118918 0.790564869140773 0.0444458003350436
0.0114705953362838 0.0320607008394307 0.40064888140497 0.795249506325716
-0.0309980032631191 0.0234585457495548 -0.230565879070082 0.578173450592436
-0.0320187293435937 0.00481223766135667 0.0660686583826359 0.0541231557809998
0.00200456346859086 0.0213487898822378 0.252410759763064 -0.588533889806606
0.013175360053633 0.0121113003168145 -0.491486728889488 -0.773972283532405
-0.00648711316335252 -0.00986029633306731 -0.875279390359185 0.0977558688329465
-0.0292654582538929 0.00346060503861923 -0.188629190749254 0.645188664764432
-0.00721635734189801 0.0262871563317377 0.312173575816832 0.345171518288167
-0.000513216578036006 0.0118106799221133 0.243149770731552 0.00806197087006602
0.00286749040616952 0.0124220103920799 -0.0175664398256521 -0.189303605120916
-0.00116806180636886 0.00596041079205815 0.01792968248906 0.155930918598331
-0.0189454053446242 -0.00292199726633993 -0.161239410738854 -0.0139810296008268
-0.0209944816767596 -0.0190387338494856 -0.296739403325437 -0.320888507110551
-0.0227041112207906 -0.0347129574489563 0.180030555877622 -0.534572813151232
0.00575631775844191 -0.0330198728025622 0.783573298539206 -0.102462803450806
-0.00417513369048934 0.00609876543534001 0.526854283434295 0.690687072748488
-0.0124093701752802 -0.0366717216318559 -0.186188964768562 0.616300584513026
0.0132596458473008 -0.0552415726932101 0.0047611064378933 0.0992347902350322
0.0166603330364174 -0.0359127268902075 0.283202608754267 -0.5256771623376
-0.00758406685969108 -0.00706917451268134 -0.356441920959772 -0.854122333308321
-0.0159640773102333 -0.00189081385558159 -0.875286058746324 -0.0597120900591669
-0.0425689747630926 -0.00433468162718536 -0.283003831089585 0.639874597914493
-0.0268562071784812 0.00371714755363898 0.267274244318617 0.416668135004647
-0.00661589624618645 -0.00568988425135184 0.248278586290832 0.0387075269189028
-0.0192657435923265 0.00865422218152949 0.0115402473905358 -0.193934454018307
0.00107255606474828 0.00685709173320888 0.0172033892267094 0.153404201074693
-0.0141947787336033 -0.000470647188973027 -0.162226734079027 -0.0246500228408339
-0.0153195412985554 -0.0185077958077294 -0.282327721851227 -0.338507509050902
-0.0259099413822682 -0.0349292398117271 0.21652769282482 -0.524027882901615
-0.00189436660111652 -0.0305961665858863 0.792081457425706 -0.0428585944656767
-0.0101597255084131 0.00330480126413673 0.482094416518752 0.73031969205669
-0.00686829658451078 -0.041668167255771 -0.209286021168135 0.605376066608131
0.0213733269777766 -0.0573873906767403 0.0173320438119869 0.0849164212888223
0.0212575678637427 -0.0382696304516038 0.264686490703381 -0.546821884378042
-0.0118796544231264 -0.00817871565512577 -0.410126245182316 -0.822072579944622
-0.027085550802374 7.53383056442333E-05 -0.871553558598269 0.00577066548434202
-0.0458936026500965 -0.000646054162158483 -0.236440565804613 0.652670285137877
-0.0198461482721563 0.00528972476122247 0.286164675471114 0.396269257730413
0.000488681407967606 -0.00257776253895718 0.245583938646493 0.0237062695174169
-0.0161955919927464 0.00878704236475178 0.00723938956002884 -0.195523085248865
0.00422638703512361 0.00803790969495729 0.0133955182954467 0.152247256476739
-0.00992192974199141 0.0036032795785083 -0.164422004690214 -0.0343920170398711
-0.00962038627892688 -0.0161952920852765 -0.2682294621912 -0.358673066564343
-0.0265390183936101 -0.0342204133948275 0.249729604576407 -0.513133622356711
-0.00554227836341772 -0.0297450165346206 0.795999588983754 0.0129415602152265
-0.0119722167909286 0.00214547841292224 0.434316708501187 0.767847379591684
-0.0026975719158984 -0.0399399115895812 -0.23120658189127 0.589553361830441
0.0246435885371641 -0.0540689791702913 0.0321779600379037 0.0692568054561258
0.022266285147507 -0.0351902198885612 0.246978791235751 -0.564701102366307
-0.0143996947040054 -0.00759892302384131 -0.460386218389792 -0.789144787171907
-0.0339207299149076 0.00205957328296488 -0.861586587599839 0.0723523467554601
-0.046834973955735 0.00185640839505573 -0.193405734945809 0.662558381856088
-0.0117771338434504 0.00867849983343588 0.304149605456735 0.3747165023911
0.00638444074713903 0.000328155001164895 0.243670895073079 0.00863871849812967
-0.0124175270679676 0.0100302449857697 0.00156231849900038 -0.197316002527292
0.00772254646528429 0.00919436740002151 0.00883498288387524 0.149932972733261
-0.00753654694606187 0.00728334782722038 -0.16554306358494 -0.0418797796048885
-0.00516251872651446 -0.012892748415286 -0.253617234829766 -0.375618647582006
-0.0254773521432873 -0.0351374827049471 0.277715129850258 -0.502968757233056
-0.00570869667366484 -0.030068681215359 0.795126893628921 0.0608410097761067
-0.0101753126512277 0.00399056980725233 0.394862787216829 0.794689920412573
-0.0024488683944568 -0.0329400271707363 -0.247679472692058 0.577632252681786
0.0212180812324137 -0.0463129079448757 0.0469159441396287 0.055725471381552
0.0209224867401832 -0.0278598787565596 0.232163201083907 -0.580941840330133
-0.0135145942090302 -0.00397005440463866 -0.498388103983257 -0.757096031761105
-0.0370039149392659 0.00228122735827963 -0.853524068909129 0.119849594396677
-0.0457780916110978 0.00357105009666407 -0.159396902133395 0.664807554834964
-0.00483989432861902 0.0120013295083642 0.316662580827145 0.353326344849349
0.0104655362148873 0.0038655579221929 0.241484962915182 -0.0019287997557815
-0.00749086006083417 0.0109054027250912 -0.00456217102715962 -0.195932793832645
0.0109966201292232 0.00946326925661511 0.00238139204464267 0.15166513695025
-0.00633496742716854 0.00986676614102104 -0.167674869645238 -0.0449326580252329
-0.00215266996618114 -0.00815298348296915 -0.243250349378159 -0.388805517694158
-0.0231148845702298 -0.0347711989596648 0.292938278100055 -0.500936805464072
-0.00076298843698572 -0.0312121705056752 0.793479802569498 0.0916224735372144
-0.00711889357720958 0.00930318167232996 0.365136165979579 0.812833009232152
-0.00650672690559667 -0.0212730083424204 -0.253991952399191 0.567117814358064
0.0124551685037062 -0.0341379700678642 0.0587912580302867 0.0473929727267618
0.0188006985753235 -0.0173392066704407 0.22390873352692 -0.591213150471581
-0.00990555987412936 -0.000763028618473983 -0.523163683797173 -0.736755533827932
-0.0355665743230521 0.00104835961021573 -0.847474215694709 0.153014345816122
-0.0429238666215988 0.0051775863658584 -0.140368422009696 0.663043753906621
-0.000851544360957267 0.0163042842221278 0.325270490227283 0.337385136775291
0.0117464962833407 0.00698725192212467 0.240031811910969 -0.00761497488616336
-0.00357612910401523 0.0105515209740561 -0.00992519627889503 -0.194986335260194
0.0144908783838298 0.00967456627891733 -0.000379191235928629 0.151880205788828
-0.00792093155416478 0.0118596727563714 -0.170195058483768 -0.0436380792601934
-0.00145956751665021 -0.00480616060692441 -0.239041754794774 -0.394205046695876
-0.0189862123966828 -0.0341170584763769 0.297629180783108 -0.502082277964332
0.0074897259850674 -0.031582079693466 0.787734812020067 0.0972258074466561
-0.00238082337828155 0.0164931159110959 0.356626348167809 0.816217859777638
-0.0139576227603705 -0.00609888780718561 -0.251872796657528 0.564053149513949
-0.000710316881153686 -0.0208922586972226 0.0661181637599487 0.042568361568914
0.0138687180875526 -0.00335945459960686 0.221952878577521 -0.595389536103225
-0.00328570919826354 0.00350956252269594 -0.532067250882688 -0.731238360694818
-0.0290744998642939 -0.00181746650536305 -0.850320489814497 0.160056704852184
-0.0386297016614823 0.00599898053652405 -0.137798061622142 0.657844162163371
0.000190730412847812 0.0197428042126476 0.324933308988431 0.329306341535759
0.0102810339205115 0.00974623102491439 0.240282971143783 -0.00797273064873456
5.04780652769987E-05 0.0120983831396125 -0.0144639583430848 -0.19275088253896
0.0162000931431668 0.0083001048313597 -0.00339756723989065 0.153794463725481
-0.0104714021248656 0.0131576098285801 -0.171370990850274 -0.0386461796361651
-0.00279121732589495 -0.00221168470415469 -0.243184787021075 -0.392713526861493
-0.0128430253898414 -0.0345275997575726 0.288438962726995 -0.51500324712116
0.0167883111775455 -0.0332703336741661 0.786502462581996 0.0783188924149327
0.00423402574287608 0.0248542509154849 0.371014037328803 0.808818244688218
-0.0228917431497318 0.00960124170153394 -0.243978084642123 0.567373365861462
-0.0169072147166532 -0.00771179350991338 0.0692575670550944 0.0450599834171638
0.00769177700065153 0.00960314682104911 0.232854175021782 -0.593574444108296
0.00408939577883604 0.00631396792111247 -0.521072752938254 -0.742148956061822
-0.0187806688257016 -0.00576583456110273 -0.857740810523187 0.142671314699869
-0.0339989187065087 0.0047313466186781 -0.154007623739014 0.650249253328586
-0.00115231751265589 0.0235454316215837 0.321593914132057 0.330982159051999
0.00550816849478435 0.0114639975553029 0.241258935428716 -0.00203894681239283
0.00210745700518908 0.0121086946315375 -0.0174768399639919 -0.190448420440941
0.016755331139077 0.00811506177168148 -0.00441288319557702 0.156444159770876
-0.0143017292354156 0.0119449771151724 -0.172430587818736 -0.0305307018407923
-0.00587792738865216 -0.000388253262235786 -0.253917005857609 -0.383173590025991
-0.00813213538866557 -0.0346097093204868 0.265270362426412 -0.531629337716815
0.0268388953949309 -0.0354859467821864 0.786392395593465 0.0404164233306629
0.0119761214072472 0.0322045831343433 0.403149053218301 0.788337674187412
-0.0316003738295343 0.0237181187146328 -0.225750350358925 0.575485002557498
-0.0326272766145915 0.00372381874101194 0.0658580230005647 0.0535181008039703
0.00162892368148541 0.0219239659167478 0.24904790343534 -0.586731071432994
0.0130861027998036 0.011684575143989 -0.494638276611377 -0.769934903644487
-0.00628815940597697 -0.00990208414558029 -0.871808221830465 0.102286732365543
-0.0286408838230034 0.00285158755279707 -0.184793273730509 0.642218008572567
-0.00729592872882572 0.0255840122118425 0.313352801668144 0.341197908255601
-0.000971928435918333 0.0115409959710393 0.242869323870717 0.00794126918702938
0.00278758020717552 0.0128320257761215 -0.0185435009287005 -0.188815575282427
-0.00127828939955725 0.00635165378126127 0.018761627152497 0.154828531342702
-0.0191163482643778 -0.00299014896598933 -0.161099507999191 -0.0144710672232393
-0.0219592476462611 -0.0188759870958355 -0.298322420259187 -0.317973873914843
-0.0228913880141392 -0.0342050250109798 0.177487793201698 -0.5329648471355
0.00577193137221163 -0.0328205352365898 0.779304174261452 -0.105822597804204
-0.00423537363397857 0.00681280075281687 0.530876216139458 0.682536607589116
-0.0132562360345564 -0.0368342948674818 -0.181847074884087 0.614574158618306
0.0123536417176113 -0.0547203747816098 0.00565558978452712 0.0987897091303693
0.0165260607755695 -0.0369229789955289 0.280073434104235 -0.52403626658579
-0.00667293151270107 -0.00693903794957983 -0.359298220696179 -0.84865039841307
-0.0159281016952424 -0.00144639107910527 -0.873325510754725 -0.0545046072410952
-0.0420607193485725 -0.00332370674924187 -0.276836159224743 0.638088290159921
-0.0261787449376933 0.00368603274830355 0.269046696425642 0.414611656258057
-0.00760261998333012 -0.00571080829570915 0.247742589134383 0.0374182029003452
-0.0181395803980152 0.00875181673705483 0.0106113589902807 -0.19323280998825
0.000883840613266587 0.00703748190679782 0.0185367478702115 0.152759727404873
-0.0143478637828295 0.00028966364843623 -0.162467498743111 -0.0251196707739349
-0.0157388715783374 -0.0184941881199142 -0.284320891802605 -0.336018060656803
-0.0260958768561746 -0.0346232521990581 0.212375612779301 -0.523069440586909
-0.00109207480357483 -0.0306920052942411 0.786879079612315 -0.0462391691239556
-0.0104050743412645 0.00358136625840134 0.485633975745119 0.725294297753416
-0.00706588334021383 -0.0416610900870953 -0.205136308890295 0.603860735283673
0.0214834131127295 -0.0576730880742282 0.0177795595278885 0.0845944771385372
0.0207087654757339 -0.0384875085189595 0.260159667723352 -0.545173924882744
-0.0123522474339681 -0.00837531696631698 -0.413568892554205 -0.819284489701437
-0.0260899417726664 0.000515884668568219 -0.868598799196463 0.00967581184942163
-0.0462119892572599 -0.000392086542299793 -0.231781202556231 0.652580773798161
-0.0193618586398631 0.00541496826261103 0.287615434147659 0.393971862903234
-0.000435503336704656 -0.00234718706158018 0.245795478872022 0.0231743631593837
-0.0156777989615187 0.00935568617364321 0.00558241070685292 -0.195274828619275
0.0037886101079575 0.00769372139392456 0.0143070053960338 0.151469298570529
-0.0106604218877741 0.00402474864593212 -0.164100315442415 -0.0342096407556053
-0.00970066597496272 -0.0159817968406387 -0.26910822797709 -0.354646622680027
-0.0272095046409006 -0.033553157781527 0.246288924162937 -0.512127683834126
-0.00540446279456379 -0.0294474755382598 0.791631864590149 0.00939076554454753
-0.0120003433545492 0.00293866608139089 0.437014940017593 0.762340018162288
-0.00365451576843949 -0.0406499132639285 -0.227157323782506 0.58799250894811
0.0241199459971493 -0.0545932918005169 0.0320914665401374 0.0678446868032224
0.0224244021514284 -0.0360268712384523 0.24389919517202 -0.563160504389133
-0.0147352698405332 -0.00782147306380529 -0.463066941772244 -0.785100666138245
-0.0336514623181053 0.0020059099909147 -0.858093708507575 0.074703838349274
-0.0471522012739972 0.0017950606664002 -0.1884412642909 0.661223309636242
-0.011864250020802 0.00853604914411181 0.304494771530744 0.371150426489714
0.00613235830056421 0.000805846020480394 0.243689714337113 0.00772420641142932
-0.0119365837894367 0.0101705468087698 0.000174750628453789 -0.196834726949764
0.00697819947292797 0.00929077651519173 0.0090125504089176 0.150917973215939
-0.00795367081071301 0.00779456796708354 -0.165957262079814 -0.0415710753835091
-0.00561865734613313 -0.0122372925786499 -0.254304176687291 -0.372280855342186
-0.026493251069125 -0.0344895945980627 0.271814493254519 -0.500676032803317
-0.00534792551103026 -0.0298486945041147 0.791046501648628 0.0567445956431714
-0.0108891882194645 0.00489239845533335 0.398065473690305 0.790392767407379
-0.00222956650361949 -0.0326287939007271 -0.244888238372687 0.57580555858438
0.0207126510321675 -0.0469353275314686 0.0469822177680133 0.0559759594417389
0.0206323198556183 -0.0283600642435486 0.226229918125883 -0.580619264514978
-0.0131414570529755 -0.00475078600323185 -0.501153886536113 -0.753415923959842
-0.036675955194065 0.00301648558723426 -0.848919903139439 0.125920933179866
-0.0454412065503402 0.00434858180483754 -0.1555124780673 0.663672776313255
-0.00488294209218497 0.011784066308753 0.317689983998119 0.350143156523565
0.00974847366188319 0.00421796098246022 0.241878708518849 -0.00214134918827021
-0.00785496961486771 0.0109001730709144 -0.00537243313601916 -0.196822091256755
0.0105881928623371 0.00948010862414666 0.00380144569739182 0.150829822920275
-0.00685136521059865 0.0112424616935475 -0.16845179221155 -0.0445149420090206
-0.00308174050553814 -0.0080088662133432 -0.246552096406099 -0.384245344185786
-0.0234127212317625 -0.0344979929710739 0.289317363259843 -0.499290021735647
-0.000297592319148959 -0.0304926713509636 0.788413660801328 0.0889498098727635
-0.00757699902660302 0.00969039061084654 0.367353451343956 0.808665856754163
-0.00648120372909906 -0.0209993181893946 -0.249820640386814 0.565395087528747
0.0118114835573578 -0.0342546344798024 0.0586546192478572 0.0460902681176225
0.0173302649233842 -0.0172409233660924 0.221694318463039 -0.591000420902352
-0.00945764897729994 -0.00104914518354587 -0.523519026123542 -0.732204607381398
-0.0349827411399767 0.0012058931727027 -0.84504706554975 0.155536669236854
-0.0424783019184596 0.0058057393141123 -0.135716592157702 0.661044164729725
-0.00112261740893626 0.0160104322763293 0.324951461582575 0.335616448136942
0.0113480210159143 0.00744355823208783 0.239547155484002 -0.00898036511062468
-0.00341680742910092 0.0120289879107412 -0.0107683031485634 -0.194845312282161
0.0134423966424124 0.00924696014204581 -0.000193146484342969 0.15195550695768
-0.00773079837924066 0.0130675266043046 -0.170274154403508 -0.0435637899255998
-0.00134781233826684 -0.00464296336009578 -0.240098094495886 -0.389105573475246
-0.0195819839155736 -0.034098947108182 0.293191245587227 -0.502700425604294
0.00746932203830141 -0.0310310348685437 0.784927189722303 0.0936245077155299
-0.00205781215040169 0.0176173398660433 0.36046692469708 0.811400541483106
-0.0136154474521069 -0.00633459548359576 -0.248082038014191 0.561424485556732
-0.00106413015413701 -0.021401668235023 0.0658220476693161 0.0422375357028816
0.0134445766362731 -0.00368117668900623 0.220017643823032 -0.594643574324349
-0.00340695129456113 0.00249880208102125 -0.532059572387593 -0.727069620841435
-0.0291698893107756 -0.00107966491711972 -0.845432362615335 0.161832637182074
-0.0386169467054485 0.00576623905754445 -0.135476433046994 0.654109152200113
0.000741886899977728 0.0199760834800594 0.326694416700047 0.326910143058635
0.00887334185729198 0.0095304945484713 0.239896805250343 -0.00813266085954919
0.000550238265676553 0.0124618325890756 -0.0162686043962795 -0.192029875605808
0.015942303660335 0.00883467338327539 -0.00357773935160135 0.152449786361678
-0.0107253395848854 0.0130516817391876 -0.171849447122725 -0.0388142714678192
-0.00300056376371655 -0.00154507139743418 -0.245399374058418 -0.390043674157499
-0.0135280307815083 -0.0342400525886815 0.284004327513591 -0.513809619673616
0.0165699156648643 -0.0331166629389676 0.782272490067368 0.0732108487345197
0.00426810533908161 0.0250033784016914 0.372616517914307 0.801878795664693
-0.0227007085528841 0.00960130460768442 -0.239176213882374 0.564061589397639
-0.0173607969201361 -0.00758216093210532 0.0694301925268588 0.0452080840995863
0.00795222859220114 0.00959514347971541 0.228678959001134 -0.593178628472943
0.00496408532672593 0.0067841047404689 -0.520217841669144 -0.737459559699122
-0.0192553247687455 -0.00606863779145343 -0.853833549894049 0.146615259913251
-0.0344039505636042 0.0050388364474384 -0.148814611913054 0.649315864773438
-0.0016489978992214 0.0235941969858093 0.323057268005561 0.327389871750685
0.00537587444616114 0.0111009981507994 0.240710697212303 -0.00337259884210484
0.00257381546987486 0.0130928233468615 -0.0183420701536339 -0.189939876802392
0.0160146409175986 0.00781400226260608 -0.0043722661383392 0.155655975307017
-0.0146121250297812 0.0124914625877551 -0.172986931181537 -0.0301092648270658
-0.00627083281403351 -0.000166793183440512 -0.255631260801683 -0.381215234680326
-0.00856324661427683 -0.0340681143084339 0.261097138155168 -0.530894811786743
0.0264242410518758 -0.0353284362416392 0.782590719477391 0.0351323662278908
0.0112412572836558 0.0325542225100388 0.404450230581427 0.783968048950018
-0.0315370467613356 0.0238122279507005 -0.224420734013683 0.573339987822719
-0.0329106485149488 0.00389211242168771 0.0658594270100791 0.0531409795815795
0.00151411599262836 0.020902591961528 0.244011758979271 -0.585770662662539
0.0135259772841739 0.0105063604048724 -0.496685039364876 -0.764383228503244
-0.00667057752744342 -0.00962989941480399 -0.868419920371313 0.10685513096679
-0.029391250839803 0.00351928905797211 -0.180623296624639 0.641383100639841
-0.00661790220113861 0.026286419517256 0.313577742398448 0.338284697152086
-0.00131768092827537 0.0121899261590214 0.243243423838301 0.00661865212954659
0.00290995324328645 0.0128448733214081 -0.0200042856202906 -0.18775052647717
-0.00131027503551588 0.00645631618567289 0.0194775772968829 0.154531388850252
-0.0198706422846762 -0.0016968268104265 -0.161834619256706 -0.0152528916172398
-0.0218478407123965 -0.0186444310770582 -0.298655394928501 -0.313301877427289
-0.0228164104543209 -0.0341193006846312 0.173845655603686 -0.531735153206489
0.00571649940393035 -0.0330966552941166 0.775912517550028 -0.108291856817126
-0.00434904193888382 0.00646498258910177 0.53162738831456 0.677561656854071
-0.0147880998444805 -0.0358875279725872 -0.178986909150941 0.612371898985136
0.0114234527978657 -0.0550297283042425 0.0060542455013863 0.0983406471856205
0.0155485819734003 -0.0365538994428486 0.277100815352487 -0.525244489548044
-0.00641711444215503 -0.0067878118968047 -0.36161148064885 -0.843733679536651
-0.0157785460425528 -0.000708407217608113 -0.870506115014243 -0.051106540902502
-0.0434593746307975 -0.00285032345485605 -0.273418668633599 0.638867509034477
-0.026676090953338 0.00362807474313727 0.272046252329595 0.410620436885742
-0.00779413295267934 -0.0050608282282189 0.249180430970348 0.0355947938950062
-0.0187684884470331 0.0094799673171751 0.00974907405055481 -0.192823098493159
0.000304723121731175 0.0067949472279217 0.0192993154186347 0.151781630051748
-0.0146968049986623 0.000860038802064379 -0.163223179192039 -0.0251753487664938
-0.0162889591069336 -0.0183784683712443 -0.285197192979051 -0.332215250713556
-0.0260268281517017 -0.0341292353214444 0.209008950476269 -0.520069296800258
-0.00185808201697792 -0.0300404708629452 0.785625191161592 -0.0508894751172827
-0.00998501448552951 0.004180504160493 0.48636873544362 0.719406516012833
-0.0079023744197463 -0.0414094628888705 -0.201577144506073 0.600652094518949
0.0199118934078849 -0.0575191092558362 0.0177383585918974 0.0837248725850942
0.019578770634311 -0.0400140117454388 0.258754039313183 -0.544611296441075
-0.0115753345152255 -0.00851348450336754 -0.415929671234821 -0.814353338092614
-0.026697572861742 0.000379146912240766 -0.865217844590408 0.0123822804633477
-0.0457682938898731 -0.000166910366465378 -0.229007813792323 0.652536438858409
-0.0194954480088691 0.00514100326225549 0.288853235687533 0.389918813297432
-0.000675385790242175 -0.00262714424291886 0.24562316185723 0.0208343148168175
-0.015297334048237 0.0102712570665983 0.00469813638758632 -0.194976037507343
0.00356873648576999 0.00757417325584722 0.0145297852027333 0.151637974339964
-0.0105366788969125 0.004449727556319 -0.165470593679748 -0.0344569254793895
-0.0103186151096966 -0.0159831315886508 -0.271730046002111 -0.351780171448061
-0.0279807353253528 -0.0340337747476735 0.242264760568232 -0.510150382950099
-0.00552503866511492 -0.0297006055907576 0.79038703151347 0.00394209653057763
-0.0114189132002139 0.00384236932506143 0.437828778801701 0.756737813526384
-0.00415478978894153 -0.0401904930184771 -0.223357355729109 0.586999928606453
0.023674782438416 -0.0538919149844778 0.0318723469666838 0.0680780203792844
0.0214071826374338 -0.0360437861660884 0.238090877337886 -0.562844380702213
-0.013867070132585 -0.00728952074978532 -0.465136145546384 -0.780092845426142
-0.0333946102776637 0.0031373369786946 -0.854926874945161 0.0810315048876859
-0.046991172084376 0.00236862244360703 -0.182963616575424 0.659544803945145
-0.011552730252671 0.00833431010669726 0.307068895818479 0.368226562496065
0.00539014823173742 0.000970786762195253 0.244347089633429 0.00629226093987155
-0.0124170211008891 0.011204665677475 -0.000135498017223763 -0.196379717604931
0.00709337916075942 0.0085604275553852 0.0105063186524287 0.150132132077345
-0.00759345756503681 0.00837139919562738 -0.166537469100754 -0.041344014442302
-0.005945315188744 -0.011525161347666 -0.256517773572662 -0.369009264409673
-0.0268935960879088 -0.0339195250340078 0.268636929435634 -0.500721744554299
-0.00543547092208415 -0.0298678829773235 0.791005501075593 0.0525041818245106
-0.0115282977079672 0.00541281638078693 0.399225796446124 0.784497137313203
-0.00368216084786311 -0.0325292478200401 -0.238673859097522 0.575028773116167
0.0200427581483624 -0.0461208614911804 0.046832186226193 0.055231868062004
0.0201168034892152 -0.0291539595124064 0.224070438393508 -0.578807924207557
-0.0133524559096207 -0.00488176841900503 -0.504377570529161 -0.746543953688797
-0.0362697919039921 0.00249317931351502 -0.845592663742166 0.12819331227272
-0.0453114460840786 0.00551808222329906 -0.15059449705462 0.661981045747843
-0.00510173553559088 0.0111477995432145 0.318631638647101 0.347225036269866
0.00958515670207755 0.00421843022899935 0.241594494268706 -0.00362421744178794
-0.00763207949648916 0.0123124505968782 -0.00658760321545521 -0.195521300449838
0.0104759527778421 0.00938851789533507 0.00469466651932397 0.150300940898832
-0.0068271200565171 0.0118676055109494 -0.168309255869372 -0.0443226282722078
-0.00322792258116854 -0.00782866939280507 -0.246401305650995 -0.381693376315561
-0.0234851886367514 -0.0343786270228796 0.286912806183602 -0.498938107394079
-0.000732300022634554 -0.0304004041656297 0.788244587660679 0.0837007905809379
-0.00731557604732011 0.010474157131792 0.371189148079324 0.801675283392717
-0.00678352745942789 -0.0211249312348497 -0.247786157740984 0.564552748063475
0.0112643018547922 -0.0345185675899772 0.058746768226028 0.0453537334512441
0.0177398491516852 -0.0177136608737639 0.216050697193757 -0.589678302528559
-0.00985490696810406 -0.00146433528167191 -0.528784934498967 -0.728495149601697
-0.0346087692981546 0.00188930934307378 -0.842411789187714 0.160444054714288
-0.0430171402641059 0.00612747374428031 -0.131753341961283 0.658181814336804
-0.000114347229910928 0.0154166264420064 0.327174778675951 0.331476270725757
0.0111325626772341 0.00766273583138471 0.240099484873035 -0.0101655177145222
-0.00403062778069345 0.0121322166958798 -0.0118747395016695 -0.194179817206003
0.0133549926957061 0.00900014551906572 0.000660614705945645 0.151400400018216
-0.00772535215877611 0.0138968450847061 -0.170351800715872 -0.0434828946685029
-0.00222699786796396 -0.00439397338976655 -0.241481356279489 -0.386571797278111
-0.0191351432299383 -0.0336867651455598 0.289464132179186 -0.50110583550668
0.00660967576372839 -0.0311365329953153 0.782867669049323 0.0900852655194262
-0.00207919831981953 0.0173323757692578 0.360691564838417 0.805363505155654
-0.0145412742937681 -0.00577160960362123 -0.245962857070253 0.560728935650843
-0.0012991662637795 -0.0210687812903886 0.0664606567967526 0.041828711435892
0.0135602973220898 -0.00465306863431605 0.216957091445783 -0.595228358136213
-0.00261534936791008 0.00227238387635684 -0.535715502513761 -0.724150875539133
-0.0290305990909202 -0.000951573169515409 -0.843146802297723 0.16577045251467
-0.0386788853181475 0.00639389566422718 -0.128872588863715 0.652573753527352
0.000805154124860218 0.0193184083995312 0.327625740706315 0.323005266500541
0.00836283685818757 0.0102627277400563 0.240521403435696 -0.0102403137092464
0.00055237732278365 0.0127267970374491 -0.0161071590726677 -0.191976964387931
0.0151776506214018 0.00816749822134155 -0.00201945030973753 0.152522863344717
-0.0101762049866875 0.01400845601251 -0.172087945759203 -0.0377711329601027
-0.00314538920841078 -0.000693654619138533 -0.246167111477217 -0.386144356866413
-0.0146286007978868 -0.0335623783513528 0.278182896636916 -0.513638357554255
0.0170466495845735 -0.0332943786333865 0.780884211860836 0.0701693424271629
0.00414443463160695 0.0256492907257766 0.375794599966 0.797864966726937
-0.0235601350389736 0.00988847109882404 -0.234965783022991 0.562590912719133
-0.0171903930512046 -0.00763582760593706 0.0689881558635146 0.0444137320472783
0.00779901956848681 0.00940475169038557 0.224466065819925 -0.590861492262029
0.00499735517866256 0.00563977727610445 -0.521703494853412 -0.733362866578463
-0.0189292860361498 -0.00486691904507738 -0.852004820226083 0.150293473604385
-0.0332846371748458 0.00504250845173672 -0.146006370949574 0.647907981592475
-0.00131974788729266 0.0231733576197363 0.323633437855525 0.323960393084058
0.00478564264746018 0.0115022855347435 0.241453583083624 -0.00438609062374793
0.00254048351559095 0.0126357280570669 -0.0192468627178904 -0.189009366720012
0.015713074545496 0.0078296260420381 -0.00292535022166754 0.154889733795971
-0.0146617773192028 0.0133580810235007 -0.173147504872594 -0.0306895105015919
-0.00639186339623139 0.000596473577813994 -0.257825639647852 -0.378579564194258
-0.00920828710320035 -0.0341456554130467 0.256918724456643 -0.529938616095018
0.0261566864634676 -0.0357157749711756 0.780652223773161 0.0291474591811223
0.0117619010753094 0.032119074321646 0.40856382376499 0.777158583911606
-0.0323228464446799 0.023717164455531 -0.220091352569711 0.572899785178104
-0.0328545472125289 0.00444057455378126 0.0656618231857608 0.0524977991757076
0.00113604621891518 0.0201311684807448 0.241164124629843 -0.584865368674604
0.0128154015373759 0.0107783275312965 -0.499017733150218 -0.759532589845938
-0.00600416777827519 -0.00932856986098162 -0.865747905671939 0.110535607953154
-0.0299699315469696 0.00403384204387219 -0.176538570132069 0.638302860047597
-0.00653528895362016 0.0259055829630355 0.315762143444626 0.33629425292562
-0.00183661707361095 0.0123526975242794 0.243899934119767 0.00538532866982204
0.00265986124328206 0.0134850587102532 -0.0210354651710498 -0.187116718581459
-0.00187404725691707 0.00621883075158954 0.0209528346813368 0.154233111873796
-0.0201871020518746 -0.00104417213370338 -0.162415424630189 -0.0146079475657247
-0.0224466343760131 -0.0182120987525191 -0.30188749062123 -0.312293705932259
-0.0241585719781571 -0.0333698468722649 0.171076470300975 -0.533124259327619
0.00461330975262185 -0.0326526895003346 0.773922322165311 -0.113255828298296
-0.00412824251479116 0.00697530449836897 0.53316049364888 0.673353397972801
-0.0152293439713895 -0.0363171488203339 -0.175359112617767 0.609797121534877
0.00982221262197315 -0.0553611957408546 0.00606679228472647 0.098413739302116
0.0157193347619912 -0.0377314864142797 0.274062483728472 -0.523842555995035
-0.00752050194068506 -0.00690563331018043 -0.366650217352578 -0.842682547930342
-0.0145898142371876 -0.000619735245723816 -0.872231693646795 -0.0463985107165178
-0.0430562007209513 -0.00318608454930567 -0.270222128543264 0.637778364363851
-0.0260013169026011 0.00403321126404498 0.27192170128437 0.409813433943695
-0.00914808700494883 -0.00443915999740895 0.249636139204038 0.0347830048322172
-0.0192721402259003 0.0109741013130705 0.00851350425838207 -0.19231986325321
0.000660586469907258 0.00744005540996781 0.020202206187981 0.152275761036123
-0.0146943998428841 0.0019064297423262 -0.162398678156889 -0.0247523256455371
-0.0174817606682988 -0.0181605481286447 -0.287063712991689 -0.33007620470124
-0.0268635210252919 -0.034044919754385 0.205394699046668 -0.519738794603791
-0.00169102845947948 -0.030500487488404 0.784850582751576 -0.0564536405779189
-0.00950332758155044 0.00486623253133754 0.488353035372368 0.715402747986133
-0.00919641129490901 -0.0411257169617648 -0.199296430877878 0.599900593208439
0.0190881057815394 -0.0578375768133209 0.0174405856674168 0.0830128961140836
0.019475902040009 -0.0398068920621449 0.254981968951 -0.543549661476413
-0.0117504485957461 -0.0091252939648048 -0.419780320632673 -0.812810511173013
-0.0257401067851687 0.00126485409325812 -0.863980321293113 0.0172258625558396
-0.0465896192615632 0.000221067830785083 -0.226800518113664 0.64940907279349
-0.0184766692876887 0.00584099897230323 0.290324749611258 0.387329419130928
-0.00135376189758251 -0.00238850412789424 0.247534188628977 0.0200521273770536
-0.0164020654040607 0.0116173756654719 0.00414940430378812 -0.193589816753825
0.00284296250553323 0.00840149018504075 0.0156239504242942 0.150899198356458
-0.0106175541437605 0.00529772673649974 -0.165268234251018 -0.0341953649473687
-0.0117337919780466 -0.0156649096972613 -0.272006683294132 -0.349056333873676
-0.0279341945538139 -0.0331025550068349 0.240891096958633 -0.509449026940061
-0.00576975576602035 -0.0288941245544562 0.788731090361371 0.000659935849010449
-0.0119158350717902 0.0042686025414089 0.441722672388928 0.752240748997756
-0.00417404218694203 -0.0399384121081708 -0.220938892157181 0.585150947364504
0.0223275674928098 -0.0547658162669184 0.0321174442805794 0.0683505655976288
0.0207997343358379 -0.0367324938794096 0.23745165862429 -0.563638785751711
-0.0146124229943921 -0.00787223134362124 -0.467216798401702 -0.774902269774195
-0.0331310794117905 0.00383721043673877 -0.855001035489022 0.0809350713936776
-0.0468422114959954 0.00318953890979589 -0.182041360052857 0.660252918057529
-0.0116881058948016 0.0085352477015408 0.309584698820531 0.366084584784524
0.004679108112162 -9.7884438954348E-05 0.24557613986539 0.00549041654504296
-0.0123859131556709 0.011008178639726 -0.00217712276767666 -0.195437579434205
0.00639353222585254 0.00877001134942202 0.0100487678414817 0.14947606406994
-0.0082334148324595 0.00928124652685611 -0.166921692752927 -0.0423607801432429
-0.00623617760429021 -0.0113437871769912 -0.258778441035949 -0.366976863381733
-0.0274339907081752 -0.0334058307502478 0.267182129835838 -0.50244520532393
-0.00542079792782305 -0.0300470936402014 0.789055053407835 0.0487262294539075
-0.0112018955850365 0.00551953824498064 0.400254871075309 0.780505281885458
-0.00433684914868441 -0.0327539262159722 -0.236297687671091 0.57399483159114
0.0186558785067467 -0.0460415176098243 0.0458090125092183 0.0540533977020509
0.0189722581927774 -0.0299049059434403 0.223038652764689 -0.578786206622133
-0.0129428454313525 -0.00439945051178126 -0.50698830896782 -0.744943079116359
-0.0359653478777642 0.00489944823285177 -0.845475400235097 0.133487525335507
-0.046044099724937 0.00499936935081533 -0.147211988113911 0.663062627596441
-0.00464416934980338 0.012071022688962 0.321681806916705 0.345230709074135
0.00768640693139644 0.00403268884084815 0.242170910077404 -0.00519117399119299
-0.00742333268546313 0.0115352750748635 -0.00805481880273754 -0.194869654460651
0.0109870994878677 0.0103259102127057 0.00584290472921052 0.148883988156944
-0.00701553164691859 0.0122558699182366 -0.170077627009473 -0.0442136154357873
-0.00385964717688222 -0.00779744415612679 -0.248725048931431 -0.378364790281685
-0.0253452135302432 -0.0333924645158876 0.283202252724217 -0.497571350135752
-0.000472362446428862 -0.0300868642956496 0.785208857160573 0.0776862891427268
-0.00643187098393117 0.0112321840606491 0.372584625917592 0.799976896847853
-0.0071696884615361 -0.0197960136575133 -0.243660609333711 0.56494278285608
0.0105595328268746 -0.0354761351785376 0.0590369277880757 0.0455546930136549
0.0173636574728776 -0.0179459383382856 0.214187264069584 -0.589612381261689
-0.0102117348759392 -0.0011013613985608 -0.529812318646972 -0.726220390244032
-0.0347154966543107 0.00242632200606685 -0.840112434690381 0.16328359868783
-0.0429514372790381 0.0057175198592016 -0.127357408044704 0.660393993064212
-9.15772620149399E-06 0.0159125296968404 0.327391184914894 0.329533983439553
0.0100393690928666 0.00621126993888578 0.240910014138742 -0.0108242197389378
-0.00385956458736609 0.0128422471033142 -0.0124819814704571 -0.193274723918519
0.0135142311728761 0.00938672539083685 0.000811395924165798 0.151059904401664
-0.0079857562891613 0.014029259952946 -0.171379886697916 -0.0430531078948819
-0.00200004671817869 -0.00448428589558301 -0.243269551489975 -0.384533853772772
-0.0197830191679106 -0.0330073633258442 0.28678886314297 -0.502225816813816
0.00726503622460999 -0.0321622351847266 0.783168772946636 0.0852568818532941
-0.00224480406098015 0.0181196918117245 0.365330935222075 0.803643251769717
-0.0144530013756767 -0.00583668620357784 -0.243162729210844 0.560310960281337
-0.00271490140298978 -0.020690765425405 0.0669714432673627 0.0413040204781265
0.0127018999814597 -0.00487428675181694 0.2146140813706 -0.593912517610279
-0.00339303738248803 0.00202373499844014 -0.537566066329008 -0.722974974002547
-0.0282016769555543 -0.000719141110263208 -0.84169991153769 0.172122584504282
-0.038273983740523 0.00689607074174977 -0.126901263691222 0.653616028755426
0.000160573573251256 0.0187839744126416 0.329091348672641 0.320981596182265
0.00785127933323919 0.0114497755662614 0.240422258428057 -0.0109019637971659
0.00031170244412667 0.0130294274561354 -0.0185332698232702 -0.191827087504143
0.0155476142773402 0.00766583153245465 -0.0019191761729771 0.150968276096982
-0.00963021284094512 0.0138130510955162 -0.173013426402127 -0.0382911402911818
-0.00467868583156689 -0.000278048163201027 -0.248710014925885 -0.383276857555978
-0.0148631151184505 -0.0329434322034476 0.276310214328376 -0.512696442930234
0.0165162804961594 -0.0332574821190429 0.779219365321001 0.0648827712014331
0.00528949508110018 0.0262292371598406 0.37939472352732 0.796972131722084
-0.0245121340744394 0.00945053817463147 -0.233368321411732 0.564622332142331
-0.0184912676046596 -0.00723315958206418 0.0692348750249077 0.0440093608484149
0.00780111784097722 0.00857357813633637 0.224166720243408 -0.591974641863675
0.00533778343845256 0.00558577110053857 -0.527341493014208 -0.730312393821067
-0.0186069965304541 -0.00456715446007005 -0.849068846657081 0.153663705714051
-0.0337727958435187 0.00486193013104846 -0.143629633910201 0.646197171584689
-0.000950147761675325 0.0236208543396515 0.326346491887714 0.323121434106654
0.00331244140925771 0.0117368152492776 0.241206280597591 -0.00522336820311543
0.00264976899547047 0.0139490729195056 -0.0199150295837478 -0.188957297767367
0.0161692116898511 0.0072737675061239 -0.00360481748172033 0.154945595523253
-0.0145362439633654 0.0136641223844975 -0.174336857074026 -0.0295938778001467
-0.0064818470910725 0.000332469241555748 -0.259692454738469 -0.377103783183798
-0.0105811625932095 -0.033084003850286 0.254022760745324 -0.529293608954773
0.0256734732177414 -0.0359848626316574 0.77715909936569 0.0278788049483791
0.0124530208211479 0.0329828632521392 0.410294350872382 0.777140779149537
-0.0322207953432355 0.0236782548606022 -0.215574771501497 0.57180825225054
-0.0337307504583593 0.00332089425172845 0.0659609011309719 0.0519135197599972
0.00154650592244003 0.0205313852812784 0.237778986243635 -0.585546940315662
0.0133461415293249 0.0101077656519158 -0.502674737260085 -0.758658601799809
-0.00597997922139656 -0.00891929105393626 -0.863932696044746 0.114330185213583
-0.0283869018708856 0.00412676111661157 -0.173546871915925 0.640442056326848
-0.00571602785565541 0.0259324998730599 0.316921781874747 0.332986448378374
-0.0023572015148449 0.0128901328226798 0.24531079607762 0.00376451344791119
0.00279802070738043 0.0131031430312746 -0.0219548170350211 -0.186999688673059
-0.00213883501651759 0.00655729502686441 0.0209741154257676 0.153906410698036
-0.0195680724207527 -0.000909759589527803 -0.164297711717507 -0.0152259243102454
-0.022199788695035 -0.0175272901289659 -0.304988510944087 -0.308650048678472
-0.0246298709412769 -0.0333939488378886 0.166613046325911 -0.533236330256332
0.00547656625793993 -0.0338369379128555 0.770787451812861 -0.117773195681023
-0.00458779417024748 0.00863248137369798 0.533788283864877 0.666434181699801
-0.0146132395943283 -0.0364372663144306 -0.17354564528216 0.609100192334961
0.0100937206122692 -0.0550310054646544 0.00656035355808126 0.0982824291520482
0.0148965235635788 -0.0373964833467285 0.269818302152953 -0.524261609413509
-0.00683647047911977 -0.00814229435085774 -0.368347404562783 -0.840164405801548
-0.0150129681192038 0.000126512848046937 -0.868782502298237 -0.0428032565127666
-0.0432204298993818 -0.00323129152269194 -0.265313952053838 0.638024238673543
-0.0264320779103813 0.00360821199871734 0.276111848018873 0.406827087368549
-0.00939010019724213 -0.00552224645171348 0.249997114853306 0.0336251256555469
-0.0192012965860533 0.0103849405558073 0.00821823313266519 -0.192184529647594
0.000169505935669757 0.00688354671954442 0.0206588016728424 0.151629294469289
-0.015717968434154 0.00177935605631367 -0.163833374487152 -0.026295206651571
-0.017243977586184 -0.0175970372601235 -0.290350509105243 -0.327204847975864
-0.0278708141569834 -0.0328665002449258 0.201973914668126 -0.518045634056166
-0.0011770732097103 -0.0299630623334597 0.77998374432061 -0.0607558944360445
-0.00901302764526958 0.00473105476669665 0.49001966375497 0.70968111064223
-0.00932688229552711 -0.0411130512940193 -0.195706019982163 0.598668203515474
0.0183280136896949 -0.0574312236690573 0.0184531892187018 0.0830560669569693
0.019174538559951 -0.0404305537815752 0.24983465713019 -0.543773673050948
-0.0112272221682402 -0.00886203389901643 -0.4206891342651 -0.808174307353866
-0.0255534505130645 0.00199954489983277 -0.861438948407941 0.0209858535590054
-0.0451449199090721 0.00139636067034527 -0.221259876540467 0.649479415036549
-0.0187989062585963 0.00543325561395022 0.294898997168001 0.386240425036149
-0.00239177821327214 -0.0025703437195023 0.247628245435433 0.0183603758069392
-0.016034762933084 0.0118574018784094 0.00254494562423547 -0.194519766345847
0.00312711714513358 0.0077323637375605 0.0167675162826912 0.14918513342793
-0.0109515602794176 0.0058248468252637 -0.166077091476689 -0.0348293289697358
-0.0117420962979543 -0.0143140436185544 -0.274145412350023 -0.347673042556491
-0.0286299539338787 -0.0339407515194707 0.235545746204631 -0.510846626174568
-0.00584108685670938 -0.0294591590901733 0.785273536006876 -0.0034160499929905
-0.0116982084843976 0.00380910283881874 0.444482367696877 0.746893003421806
-0.0052047397872076 -0.0407989929438805 -0.217094714299417 0.586612997402651
0.0213837978361406 -0.0548535720086693 0.0321372361172931 0.0683524416783965
0.0212220429315345 -0.0375177350621355 0.233375395964858 -0.564095649581348
-0.0144956748216036 -0.00812054545271087 -0.469792438126727 -0.771374831444033
-0.0344059739239776 0.0044896963255272 -0.852922873595297 0.0865392791890864
-0.0464142582373816 0.00294477528242086 -0.178164671371126 0.658535137694044
-0.0118014777550331 0.00836299164849696 0.311413536791712 0.362932459036193
0.00480038026327044 0.000794827415512168 0.244836786087848 0.00500920168271197
-0.0119906930394925 0.0133297704855516 -0.00149724199273375 -0.194611791246873
0.00765273686645405 0.00904543017819675 0.011503931524223 0.150691021665094
-0.00787264428152179 0.00871045188881163 -0.168574604064133 -0.0412064352797783
-0.00682744745944539 -0.0119667704669852 -0.259239310193111 -0.364490706819012
-0.0279234744317394 -0.0334534368319567 0.263137475140645 -0.502682629735005
-0.00528802172446599 -0.0294080845672604 0.784626556095205 0.0441141320176226
-0.010313327785262 0.00673190942648941 0.403278361412468 0.77694329551981
-0.0050272389351254 -0.0335647789921783 -0.233654521966805 0.572443193335291
0.0191764673543209 -0.0478624247919489 0.04677352504457 0.0542289002394419
0.0195523193925773 -0.0299193723362428 0.219548315888136 -0.5780833887368
-0.0135278503770894 -0.00428544398741788 -0.510228362633876 -0.74011987985718
-0.0363033065949189 0.00426309970379861 -0.842157416446717 0.136611494854288
-0.0463125841942462 0.00453163482169324 -0.143498659570582 0.661748401564599
-0.00356582124757084 0.0108930313417416 0.322647340509432 0.342335918088702
0.00795868335860501 0.00486145746694373 0.242969897899863 -0.00685925769706319
-0.00812942240011144 0.0144727802220192 -0.00861765244415091 -0.195398984367774
0.0101498458195811 0.00797090692137332 0.00566248209304 0.148886436149076
-0.00750856581889386 0.0118796148242172 -0.169951610921294 -0.0435466331403104
-0.00351462373097167 -0.00763658201196131 -0.251110068109294 -0.374947970509046
-0.0251300557133559 -0.0337565068457836 0.279253401892522 -0.498822391010929
-0.00123314397718223 -0.0303664944736126 0.783076090660986 0.0737648274835679
-0.00782305298854141 0.0110108807936357 0.375912361086753 0.792874487567907
-0.00768128817510754 -0.021286655017909 -0.242696951826627 0.563810932284729
0.00897773006920201 -0.0356978397505346 0.0585981229202042 0.0460583109888938
0.0168277176083915 -0.0188711921030895 0.211076113957353 -0.588578401173403
-0.00981695873958587 -0.00136531575327742 -0.532180774794055 -0.721222159325822
-0.0338484471004077 0.0027728344643225 -0.836851583806272 0.167665547316973
-0.0430007601713184 0.00648214714081873 -0.122510104872868 0.65768480745829
0.00038772585531276 0.0142676322910624 0.330878848397974 0.326750590364174
0.00962393022842638 0.00853066878864158 0.241858512011389 -0.0119478876208143
-0.00344726573583754 0.0136654376379669 -0.01332011964424 -0.193091379110522
0.0128785290823967 0.00919269917254021 0.00203678383117845 0.149622385157777
-0.00769074284064197 0.0141700513683062 -0.172434077463516 -0.0430672489559138
-0.00278329166785368 -0.0030631474041834 -0.245441969686872 -0.3818426556264
-0.0204221916686843 -0.0330681880280281 0.283870006825578 -0.500960101619881
0.00646571102022517 -0.0310187488678529 0.779542409502295 0.0823096752621417
-0.00113718568610843 0.0192453857788725 0.367955834366635 0.799515379996082
-0.0150198275492914 -0.00514583956031429 -0.239182007190981 0.559360040271156
-0.00202460301908386 -0.0221015546285367 0.0662679056954718 0.0413781452756971
0.0123884448698071 -0.00468084555475016 0.209557638949266 -0.592342075349715
-0.00320365129465678 0.00168989957510673 -0.53867523735873 -0.716828938872793
-0.0280650660383268 -0.000185944477274783 -0.838821636242482 0.176641122872175
-0.0394285521353243 0.00706129339247301 -0.124874647786243 0.654396992675326
0.00185353411669142 0.0191742172409171 0.331923520337256 0.318250492112911
0.00784441600437602 0.0108726509552251 0.239971258698718 -0.0122684350868094
-0.000925735565569434 0.013659896011696 -0.0185366344611734 -0.190487942188619
0.0155674408736043 0.00819434833392604 -0.000974794846346797 0.152589132639336
-0.00989754507954541 0.0148316135529367 -0.173512086061367 -0.039423732944795
-0.00308677808489207 -0.00101179272474547 -0.251365612651742 -0.379168738934922
-0.014805553911552 -0.0335746604790817 0.273810332232982 -0.51255356312168
0.0164356024108987 -0.0335390598395094 0.777570090191561 0.0633791146480754
0.00482366964077166 0.0263329338701173 0.381088690659122 0.789655405896828
-0.0241064471894288 0.0104394148495488 -0.230389695431633 0.561937046342492
-0.0181888086368369 -0.00734217534427396 0.0680824395511295 0.0441790472654066
0.00729204930975095 0.00787342136708688 0.219389613723869 -0.590919700073363
0.00575028637371327 0.00602659738945629 -0.528901922994944 -0.727095428135922
-0.0171443334104649 -0.00488485381672946 -0.848343756325644 0.155475449193328
-0.0347348518949356 0.0055736300025388 -0.13994676095042 0.646118958206862
-0.00053692940716699 0.0225822424828407 0.326636985705395 0.321615586746695
0.00378340109392509 0.0138747717803702 0.242523289524767 -0.00742035270528799
0.00176748149946501 0.0149627292589576 -0.0225292188301772 -0.189582106353233
0.0153535075157694 0.00736379662145391 -0.00200459188305811 0.154791185528477
-0.0153082098488003 0.0139157644442789 -0.173688772833255 -0.0284231853592387
-0.00800856415718956 0.00205707008155053 -0.260551181695401 -0.373238753434654
-0.0101623817828987 -0.0339104910576077 0.250667947210755 -0.528948272823539
0.0250972264829583 -0.035852263663483 0.774815297800012 0.0225446714164541
0.0125445726340393 0.0325458779676994 0.412272138912188 0.77208502342503
-0.0320718273431669 0.0238618029377354 -0.215791952112824 0.571090217706577
-0.0351133742428767 0.00338442619158671 0.0659432005791939 0.0504264747366828
0.000541250864313196 0.0197863314552946 0.23415485046544 -0.584606595530683
0.0128222263612926 0.0110873122729214 -0.504294328525326 -0.756112793499014
-0.00607663118185468 -0.00848400192772178 -0.861419347663804 0.118075132283809
-0.0301835044494495 0.00488190559157849 -0.169142583944853 0.638917301592821
-0.00528580365654709 0.0263549743113437 0.317689453150325 0.33050804265451
-0.00275146193889338 0.0126421661491215 0.245946821417717 0.00248444381324182
0.00217156273867349 0.0141146021380115 -0.0223831167204834 -0.185983743274723
-0.00204425485943508 0.00697412383452805 0.0226294240514935 0.152462815133411
-0.0200089595749226 2.69981699723707E-05 -0.163879684924114 -0.0145147994460742
-0.0232319883804205 -0.0167808883560672 -0.304816981180085 -0.30575121721344
-0.0248966846181062 -0.0327305772460294 0.163136123641574 -0.530605393573066
0.00503957641654946 -0.0329961025483398 0.768908998986563 -0.1207890991023
-0.00409179145027664 0.0093311852505513 0.537114260960827 0.663069727931618
-0.0162844089325756 -0.0365804899430101 -0.169324412315361 0.607956890081427
0.00847600593181636 -0.0562941640204169 0.00619029796609946 0.0979582298634447
0.0151915194568688 -0.0379217207469233 0.266779076185883 -0.526085045784646
-0.00728874007823351 -0.00781251363410392 -0.373248851162684 -0.836568803586095
-0.0150246231981838 0.000123577183891572 -0.86761280650128 -0.0389791844332021
-0.0437834672272968 -0.00154733595256057 -0.260457177960857 0.636415002494208
-0.026048531178611 0.00402066284282842 0.277490820703353 0.404560005897121
-0.00995609690026237 -0.00433761091304744 0.250132611332627 0.0327613973395468
-0.0185812406393199 0.0113091974849154 0.0074391650904094 -0.191764993381429
-0.00061838322919871 0.00722984182850044 0.0208564340218975 0.151446375318014
-0.0143299569293953 0.00285774071565221 -0.165027181482044 -0.0258406957458255
-0.0176337749997699 -0.0176354599125813 -0.29025786521563 -0.324875923183054
-0.0284110198929287 -0.0331491683628219 0.199830926596196 -0.519617591294463
-0.00219648897516522 -0.0300809128159227 0.778683810024565 -0.0623430086555371
-0.00985173799830984 0.00634431120446215 0.491653214598381 0.703914984501063
-0.00998296618104376 -0.0406125425443412 -0.192335522499285 0.59889383621782
0.0177855354040951 -0.0574862357326587 0.0185918452667094 0.0828480735764539
0.0193398989370855 -0.0404505286531816 0.246657989798527 -0.543666540755033
-0.011542790448871 -0.00891127981558334 -0.427042150355706 -0.804059939861662
-0.025754146368435 0.00227449281555195 -0.861089229540096 0.0254562754173912
-0.0458876284498762 0.000756199643079044 -0.218025260229103 0.649938734656186
-0.0184977535642601 0.00576724338129596 0.294267218516326 0.384108519121989
-0.00276837693053329 -0.00178188381816987 0.248018350699188 0.0166329241813856
-0.0154910321457119 0.0121595698519445 0.00168259290191351 -0.193441094884294
0.00218884504201886 0.00839623072884102 0.0174230836394401 0.149959372702246
-0.0108072556314614 0.00632249231741692 -0.167202498928373 -0.034944084264906
-0.0114697439770189 -0.0153191171124449 -0.27545273814016 -0.344800910311389
-0.0291880385839996 -0.0337051806919571 0.231762870128482 -0.508389935574343
-0.00544937660429306 -0.028964588201316 0.783997220748333 -0.00857799418219032
-0.0118652899380127 0.00464367244973454 0.448203262329481 0.740907999117331
-0.00692779570537803 -0.0400991855129328 -0.214325985171958 0.58248439871257
0.0209469968906868 -0.0547456160452781 0.0333319756324241 0.0673389119568931
0.0203915593217096 -0.038402084995081 0.230725817496617 -0.563400990819719
-0.0146102867664205 -0.00777122246688142 -0.47343114034272 -0.766921954892362
-0.0330650218883055 0.00430583410582336 -0.849664755165457 0.0895248376080976
-0.0471298755902811 0.00379158702948836 -0.172855616427607 0.658549517272622
-0.0115069910086078 0.00803512272606361 0.312431888019824 0.359446241244976
0.00340190023844944 0.00125690335200095 0.245512306220988 0.00366953868660779
-0.011854574976087 0.0128493114000359 -0.00409124716948273 -0.194788052220294
0.0060110429752603 0.00889882990287531 0.0113818323669012 0.149634220688572
-0.00789876934685534 0.0095292622808287 -0.169700087265631 -0.0401742466102282
-0.00656261243132933 -0.0117001138994708 -0.262142873744872 -0.360746453735869
-0.0283927481008769 -0.0328141468725331 0.259745795110893 -0.501963590341235
-0.00549961478852987 -0.0294273341839156 0.782685161947931 0.0414016218807264
-0.0106757252869729 0.0057920349018358 0.405037149425911 0.770643299841157
-0.00512097198012531 -0.0330024844907782 -0.229664319596776 0.571646533928698
0.017572869916175 -0.0468301477959339 0.0474755389399885 0.0539800996513819
0.0203408170754567 -0.0302274566870818 0.215949674732918 -0.579636720856905
-0.0139182645349043 -0.00595426417638819 -0.513599247827815 -0.736829804510264
-0.0351275901675298 0.00514771536426046 -0.841343019132351 0.141881077441306
-0.0457895875057487 0.00531592365759417 -0.139782275413345 0.659262661498101
-0.00436849393916484 0.010851536235145 0.323606037675716 0.339624555754795
0.00744301630812059 0.00408354145368958 0.242510600823487 -0.00690209550539207
-0.00737096102370609 0.0133401216531176 -0.0101711354753276 -0.194545741441877
0.00978843496903599 0.0091730886573885 0.00673048395090534 0.149386563705673
-0.00751037138812832 0.0131420334492831 -0.170604597013573 -0.0426128110102371
-0.00345271323992058 -0.0067930488587621 -0.252060866862363 -0.371791345627501
-0.0256540384426591 -0.0323166776411493 0.276493554675576 -0.498337672938186
-0.000750384566445279 -0.0297801143619531 0.782506589559379 0.0692302567268611
-0.0077647108821892 0.0119982465073828 0.380005962092827 0.78851079587269
-0.00893703244916094 -0.0211835210894322 -0.238117344655891 0.561595807206577
0.00891432789424676 -0.0354665769085403 0.0584344235400427 0.0449289930582087
0.0163286030818313 -0.0189588550094163 0.206936676494505 -0.589150290112231
-0.00889688595151833 -0.00179920370626348 -0.536406781891166 -0.716158644511952
-0.0349145371119402 0.00378835219240187 -0.833069038214092 0.171940677106164
-0.0432160830034165 0.00726676725765411 -0.121197921543212 0.657917100591308
0.000253557350023768 0.0161436514605215 0.332163946376932 0.324172078784124
0.00872081589723744 0.00855838373527381 0.241764403554508 -0.0135589955078937
-0.00325767862562676 0.0146367800419094 -0.0153276460121057 -0.192876164674617
0.0117721852731673 0.00850722604841726 0.0023340728799936 0.151257422474886
-0.00777295824990854 0.0142967614237862 -0.172265314251091 -0.043156219069401
-0.00253770940885344 -0.0032016587887926 -0.246339190582977 -0.37836996606168
-0.0206821614387039 -0.0330354292085816 0.279204411649388 -0.501027716452252
0.00670656081312577 -0.0316338070176683 0.77869245162038 0.0787529132598606
-0.00179636489502304 0.0193058969385778 0.371071653179151 0.793690260381333
-0.0152741498533734 -0.00489703001766283 -0.234956411183004 0.557196516079995
-0.00410583709883849 -0.0210736603524146 0.065763844085873 0.0406703737343697
0.012357438192602 -0.00483578697121507 0.206341802876441 -0.592602648975752
-0.00254247931688135 0.00230758968856233 -0.54168561109184 -0.711141670402666
-0.0280389895329123 -9.89738699643632E-05 -0.834418391022207 0.179739516526519
-0.0379268531533944 0.00730646114430045 -0.119250677183563 0.651826006283382
0.00181960093390973 0.0187510151661966 0.33070039278724 0.316367723733892
0.00762912704763397 0.010448348944847 0.241658132003946 -0.0132882300787234
-2.01415732626279E-05 0.0141332360683332 -0.0194852052437827 -0.190180080729546
0.0142494033280122 0.00819845870661035 0.000113797921157374 0.150705864750502
-0.00993576946198108 0.0152035016508076 -0.173143206139512 -0.0359921576714987
-0.00377530566987735 -0.000671879693554736 -0.2518011321975 -0.37705993258348
-0.0153657037515481 -0.0323777448306048 0.269422395174145 -0.512852025784708
0.0155496771363933 -0.0327537711638578 0.776185091874141 0.0580990009855343
0.00492035663225211 0.026963823750442 0.384657953484767 0.785725406510816
-0.0247918482314493 0.0095427172227646 -0.227266895078636 0.561280106105654
-0.0183681063732984 -0.00807158438942707 0.0696473597047449 0.0443025384510419
0.00679520052953362 0.00816128843350668 0.217473782513758 -0.590446500745079
0.00542589375133917 0.00615249557451417 -0.531823101345529 -0.720953770233612
-0.018292760620675 -0.00359981484402476 -0.844460089322429 0.161104838501943
-0.0341394291122443 0.00609159916670501 -0.135606454532904 0.643419768153893
-0.000709450132933918 0.0225149169988605 0.327885149449703 0.316616535051944
0.00274523731423831 0.0127146162026065 0.242512751666395 -0.00806003839528784
0.00264363142368504 0.0147124848553287 -0.0231514601202322 -0.187217195016456
0.0154665228711087 0.00776722410121088 -0.00117915778806054 0.155022244824304
-0.0136488567965963 0.0145320207382201 -0.175110104408678 -0.0280871411809678
-0.00701999110537716 0.00138008715622223 -0.262471336534858 -0.370904149259559
-0.0116906826878544 -0.0326807055069321 0.246606538302943 -0.52814237992258
0.0252412768480169 -0.0354798119944279 0.773848723650737 0.0180819157666145
0.0116814315801573 0.0337131696827203 0.416123430624414 0.76644977921647
-0.0339244048181596 0.0241168398123811 -0.210775103954245 0.571191068622444
-0.0345149543068233 0.00414374264002076 0.0656582478197125 0.0504749329322374
0.000554181626518078 0.0182873763205512 0.230749007283507 -0.585606673041963
0.0144236904999117 0.00921423981458266 -0.507467083516896 -0.749655098636368
-0.00588768019580389 -0.00812629615494557 -0.859381907892441 0.121564197164986
-0.0296345155881068 0.00393910760431484 -0.165957055516582 0.638823404976464
-0.00582180418066191 0.0252977540851454 0.320104962338552 0.328790648138778
-0.00259578293340199 0.0131011002082452 0.244921666740584 0.000763567281733819
0.00372585813171738 0.0149780176656664 -0.0251251579563624 -0.185598355564032
-0.00192675640584118 0.00635973618912544 0.0236823287896685 0.153199406640572
-0.0199250070989699 0.000841604077554157 -0.164454660480141 -0.0146599054789458
-0.0234453743867839 -0.0160883760085811 -0.307010584771124 -0.302143542708824
-0.0256848502059479 -0.03267221014386 0.160032457224096 -0.530896614147328
0.00434360566869007 -0.0324006537514611 0.765444630847991 -0.12552932978106
-0.00429420212025729 0.00877148191282749 0.537730716436557 0.658537526331221
-0.0172718242369533 -0.0353189944660313 -0.165972695913095 0.606880469253559
0.00812011500944091 -0.0556187213950692 0.00667527919193773 0.0972938633376569
0.0141050069417356 -0.0387889161329895 0.262186954885958 -0.524126665439021
-0.00645559132660077 -0.00873935916427648 -0.378655030601563 -0.833323026761461
-0.0148474294795512 0.000578629842892728 -0.866444650543087 -0.0354260317044541
-0.0420311809805222 -0.00146257242075573 -0.255821546182416 0.637477901046169
-0.0262777654637651 0.00392910222015965 0.277533356081585 0.401412263843792
-0.0106993595674897 -0.0037115277557172 0.251304194276388 0.0305481698360514
-0.0183890322669325 0.0110475799272243 0.00537765804656904 -0.191820188905057
-0.000132348885353082 0.00751028300818432 0.0230104332660015 0.151885356356677
-0.0141548497993289 0.0036269897392797 -0.164800969547316 -0.0250733946316993
-0.0178537899182732 -0.0169410934928784 -0.291685632998017 -0.320091572485525
-0.0291620766113216 -0.0329586604251326 0.195129971412695 -0.518177835477999
-0.00123889803869424 -0.0295190259965623 0.777152626747518 -0.0673194051178954
-0.00976129075246092 0.00670463348324286 0.494426679578951 0.699336378813619
-0.0111741217711533 -0.0402956094979887 -0.189273460706966 0.5975037210891
0.0167276667142421 -0.0582315447781732 0.0185733304869311 0.0824830060130143
0.018769107028015 -0.0410378032829432 0.244009308037549 -0.543604920146613
-0.0115066972804803 -0.00935161598725615 -0.428560303647681 -0.800591143604151
-0.0254816932826747 0.00212420310983211 -0.859669860187197 0.029255671309157
-0.0465339934642899 0.00140114371528495 -0.212853363686234 0.650034641646022
-0.0183992868278435 0.00500905443270186 0.297356287129191 0.380214288441487
-0.0031495607223857 -0.00135543221390333 0.249172121895613 0.0153065754259802
-0.0154758578326143 0.0125869893201784 -0.000110814653872592 -0.193767999182467
0.00242908151773465 0.00788253669872681 0.0182563779894064 0.150135892442272
-0.0114145510885395 0.00664642647694828 -0.168178305717666 -0.0339093113777435
-0.0122646188216873 -0.0144102941387006 -0.276491978979146 -0.340897971848839
-0.0299287402444443 -0.0325539046391512 0.229674074260949 -0.508676169197304
-0.00562486675805862 -0.0287055826866883 0.781903452847639 -0.0121003337136384
-0.0121613501756958 0.0057015426930751 0.449288529194966 0.73718420263084
-0.00653243502447064 -0.0404686213730247 -0.210935259693822 0.582053531988779
0.019774352561794 -0.0544493313477659 0.0325822084026484 0.0671386453887306
0.0188866969758373 -0.0386066676606247 0.225593097049032 -0.562997455593776
-0.014898872288522 -0.0080393597758284 -0.477718220612376 -0.762891493170959
-0.0324209891909705 0.00445814944196878 -0.84960110848903 0.0934338140907131
-0.0468151357657777 0.00472423121213131 -0.169071535358448 0.657824178848496
-0.010418600703796 0.00752472412094201 0.314603677166843 0.358659691785303
0.00338808092172761 0.0016887892098306 0.246879934271997 0.00190744468853298
-0.0120510223297216 0.0141112447551818 -0.00499824151681287 -0.194565915009978
0.00594303854470124 0.00970671928172986 0.0130263603391566 0.148120356892277
-0.00709409484101665 0.0107335140490127 -0.170049991326273 -0.0404844384075538
-0.00656554332989275 -0.0111796454528435 -0.264476480626687 -0.358639760155091
-0.0287494856854146 -0.0327109278181883 0.255837882520027 -0.501214989853477
-0.00520332057261403 -0.0285658326685256 0.781158425444025 0.0373686892189903
-0.0104388138496883 0.00795697979493981 0.408795069413281 0.765962572560086
-0.00555090936234599 -0.0319240202984158 -0.226540129757645 0.572099822779845
0.0171131396996038 -0.0470859983909058 0.0462127801810037 0.0533969184943707
0.0179248132197218 -0.0308070736879355 0.212155403859985 -0.578119012352762
-0.0134810213336803 -0.00570424324348705 -0.514995590617724 -0.733935122033321
-0.03509643017743 0.00467248680133087 -0.839391163907459 0.146748654126797
-0.0462083685087115 0.00613330451313537 -0.133768869493944 0.659218024977281
-0.00372461715748906 0.0113417762439877 0.326740477126987 0.335654989625025
0.00744895894658404 0.00373377768284006 0.242467260448606 -0.00943348135524862
-0.00682336468182348 0.0139519770898123 -0.0108188515224996 -0.193608067857308
0.00927645336078013 0.00902363303493923 0.00794728752643837 0.148972501445482
-0.00750381165293002 0.0136350320903185 -0.171959417127625 -0.0424061320747811
-0.00361129225511606 -0.00717017097536014 -0.253820786796304 -0.369702997001438
-0.0264177723384495 -0.03208058601776 0.273158689836828 -0.499174456826539
-0.000868331227137835 -0.0301100776612045 0.780632707472994 0.0678165483766491
-0.00572870816617585 0.0122022187028892 0.381982806460812 0.785954193875525
-0.00896045543429458 -0.0202204387036026 -0.234923880253315 0.560693748292527
0.00820573957682775 -0.0352211440431776 0.0584830318447699 0.0443480457044912
0.0154029132426057 -0.0199004472171734 0.203082079016149 -0.589034425399301
-0.00969236434086335 -0.00180117886203668 -0.539024113129541 -0.714260064139363
-0.0336458666527895 0.00344586006264623 -0.831189908678567 0.1763317932558
-0.0422417578689373 0.00659451770515175 -0.116271687213519 0.656617468064269
7.43637182006041E-05 0.0147274787096879 0.332824261012252 0.320696756310113
0.00879079733770752 0.00777912695090414 0.242115818912412 -0.0146831054856468
-0.00348925645312168 0.0136361383973387 -0.0169103707767403 -0.192201696844837
0.0120964886018934 0.00961211437757056 0.00438605870554663 0.150261767471158
-0.00712908081022574 0.0156180694209999 -0.173788341623864 -0.0422000008414085
-0.00287661544593871 -0.00257407827368136 -0.249682075736908 -0.376862018014
-0.0217455154940279 -0.0322586858859862 0.276277628296691 -0.501530212046117
0.00625700030224621 -0.0313930321909954 0.776196511615615 0.0714008995453864
-0.00113912413796848 0.0199139563085312 0.373008615185927 0.790112468281932
-0.0158756375524997 -0.00565946013940577 -0.233484724765394 0.557276062642534
-0.00428304682707169 -0.021520225902529 0.0664683208219727 0.0408440109122727
0.0124663916773863 -0.00759482231907151 0.203613916686756 -0.59371834805703
-0.00271819101973103 0.000937876429725051 -0.544939896434899 -0.708477300590765
-0.0281489246201438 0.000982108915431337 -0.832915318790661 0.183152120775796
-0.0392447566375102 0.0072200461643185 -0.114897880783161 0.650471188672436
0.00171945729116254 0.0186821993052777 0.33359792654073 0.313274441745706
0.00765970850584018 0.011115520327668 0.241188859084879 -0.015408463682738
0.000183286277359612 0.0145893158954538 -0.0212355848417361 -0.189591535633583
0.0143680586778736 0.00836434573739202 0.00104065209160934 0.151238598328387
-0.0102446673626962 0.0159089001095687 -0.174827655681951 -0.036546123861974
-0.00538982751892368 0.00079372894715291 -0.254565527641134 -0.373275428954197
-0.0159419653278946 -0.0330589077848457 0.265381930217454 -0.513790472427912
0.0156970119892094 -0.0327209393982266 0.77362692396472 0.0535950054297639
0.00523337635980404 0.028028828199247 0.386014078671298 0.781274134397269
-0.024749191087783 0.010976973365561 -0.223498091842095 0.560905673767078
-0.0199116807392138 -0.00743689825702222 0.0696590217782453 0.0435583246936278
0.00548249689784667 0.0078149108707797 0.212924379169482 -0.590631544310029
0.0044106989675631 0.00533322827038117 -0.535676641351888 -0.71981295853722
-0.0176372653776509 -0.00406567440294252 -0.842848466154225 0.164529728996218
-0.033607882948927 0.00655703207123548 -0.131285631077 0.642187653096508
-0.000310308559514 0.0229016205686581 0.329995175481803 0.315167089667175
0.00278828929895826 0.012812184456143 0.242408914240387 -0.010259471492353
0.00323488852062784 0.0147596343144009 -0.0228555220446745 -0.186452857084973
0.0152787148319945 0.00704901530049314 -0.000426557182122265 0.154325447216217
-0.0133606060999217 0.0147687792872104 -0.176023897205002 -0.0273645289009072
-0.00689624032417303 0.00125246710872539 -0.265066377885977 -0.366332460244701
-0.0118364190046592 -0.0327223777671649 0.241427706540212 -0.529082984058685
0.0258907672201597 -0.0363840126821693 0.77193070493716 0.015280678827713
0.0137101975215245 0.0337986375674501 0.41862988255241 0.762776175493645
-0.0327520606689226 0.0250665124085326 -0.207156341499797 0.569527637491223
-0.0348340294604185 0.00349643403818074 0.0669960362050714 0.0509492125900935
0.000964114375792767 0.0183160827881017 0.227129422571324 -0.58252367534047
0.0139259700697989 0.0107148674518863 -0.509021518398053 -0.746494956175587
-0.00595724407956167 -0.00897882947141889 -0.857642482488652 0.126539044196993
-0.0291139282055304 0.00540413413959074 -0.162041110497409 0.638818182314325
-0.00517442150393662 0.0248903315448799 0.32179048406645 0.325554551076156
-0.00273106409819572 0.0137546180667911 0.245297108812136 -0.000259008627619351
0.00492642082771811 0.0150859280376846 -0.0254145056491464 -0.18487843121527
-0.00561047055324258 0.00456780647873921 -0.00751350893079615 0.155946833698986
-0.0183587673682858 -0.00462197551423033 -0.158874555770309 -0.0483680599104421
-0.0137917201224857 -0.0205822213180262 -0.235777972356165 -0.356984679111878
-0.0155946181818801 -0.0289086690794204 0.264045600887257 -0.48476324106373
0.00235577689922472 -0.0245829988739322 0.772272233850674 0.0317437727989775
-0.0106608211018428 0.0037357291618972 0.388255028038661 0.757037077663316
-0.006620550517201 -0.0377405012223053 -0.296526824413272 0.561400264557211
0.0192172185154987 -0.0535927073991635 -0.0151028275954057 0.095153561821853
0.0217151600851858 -0.0330898424790321 0.368364782162915 -0.455174549461198
-0.0065650447668699 -0.00665857690503685 -0.183029208667584 -0.888790097118546
-0.0134715766020598 -0.00257372118411916 -0.834804774844643 -0.21977343778216
-0.0366679451528341 -0.00760366670470055 -0.393183698621268 0.567368702544478
-0.0234083210985447 -0.00123009850703244 0.189928696154811 0.456766558762346
-0.00861691675440059 -0.00773546626073355 0.245085890884617 0.0847109998179336
-0.021548657032406 0.0089518254856604 0.0507347425129514 -0.191205935373182
-0.00339641584873261 0.0053134515614063 -0.00794337143911971 0.153446954982421
-0.0130074869735396 -0.00089194625756909 -0.15805033711324 -0.0589805561697038
-0.00830816501268083 -0.0191566848913751 -0.218034110632742 -0.372353911207053
-0.0192236535906989 -0.0288483219359825 0.298030869067893 -0.46720872190565
-0.00599112403333143 -0.0241924808765499 0.769784330733839 0.0898858866032888
-0.0145197588978516 -0.000799977596301198 0.336689636984407 0.790635410144214
0.000904787367514669 -0.0417094575752382 -0.317865483852934 0.545492814881125
0.0284866735903874 -0.054583897193395 0.000717588009084693 0.0839032527537546
0.0263318438763113 -0.0351841123075984 0.354521759340554 -0.476149595394786
-0.0113297276434904 -0.00966451162711552 -0.241122411103001 -0.866811313007689
-0.0245262615396642 -0.00160429658793775 -0.842794045936702 -0.155354485531292
-0.0394304768422093 -0.00524757249284398 -0.354201227019681 0.587617221450631
-0.0166316740799458 0.0016708932012021 0.212561593078388 0.438938218159351
-0.00268786460033626 -0.0034883927294075 0.245020934273909 0.0700284017114753
-0.0183317626368373 0.0109329005207893 0.0451266398337434 -0.194085633754921
-0.000380284280606987 0.00718627650944309 -0.0119547046265112 0.150677835309732
-0.0100118918766407 0.00260520959138774 -0.159336600778086 -0.0674819676131803
-0.00327560972404889 -0.0161179370586958 -0.200727213385146 -0.387026228695017
-0.020718238928064 -0.0288212882924196 0.327233448816016 -0.451389703004231
-0.0099533667187498 -0.0243643786481558 0.765869797139451 0.147524078314593
-0.0153285162251674 -0.00247154711826874 0.284593635841593 0.817413071140312
0.0052991705718451 -0.038719845894243 -0.33507806441932 0.526520939112569
0.0318670925137503 -0.0509017929295296 0.0171969584779784 0.0718178647313432
0.0263431997346316 -0.0316399956098543 0.341369406207737 -0.499331751223975
-0.0127942036638728 -0.00824453893638876 -0.294190123748612 -0.845309215253074
-0.0316104200773053 -0.00219579183055852 -0.847913731979085 -0.0907410495145804
-0.0413728486631471 -0.00327360202236799 -0.312634248057532 0.608454421363209
-0.00944554814467553 0.00593778774986774 0.235139582362791 0.421820947498257
0.00310139074235511 0.000728821785438288 0.246355170773544 0.0556698382890516
-0.0153379960698606 0.0108101637788503 0.0401574392459446 -0.195516077217752
0.0014482402872154 0.00766451070215413 -0.016197650143395 0.149655832588288
-0.00773043900050061 0.00669803100661166 -0.160621743183013 -0.0736888731588675
0.000841207152308026 -0.0114484713095128 -0.182791790806253 -0.401640628157911
-0.0204397113132049 -0.0296667948862644 0.350842605071413 -0.438585919065497
-0.00971392294571516 -0.0254393043184851 0.755027470482761 0.192744166924331
-0.0144976037680605 -0.000447826016065274 0.237658698840231 0.837246272132923
0.00350958707820614 -0.0318445579870327 -0.351159704627155 0.513191301449671
0.0260389432780501 -0.0422072435440165 0.0330157762462845 0.0614693801234689
0.0258548965313222 -0.0256702404746705 0.331492970279829 -0.518943684903586
-0.0132328826617265 -0.00482039474602911 -0.33837387842961 -0.824472787945176
-0.0339786080851901 -0.00149897509765329 -0.848309631796345 -0.0365365048517999
-0.0403029130275488 -0.00108041850984409 -0.280186441961433 0.615920755542325
-0.00414245654500544 0.010061380050196 0.251313792813269 0.404361229762824
0.00674321943253922 0.00547336195114955 0.245469067240446 0.0449284656680934
-0.0110839426722073 0.01301266973243 0.0334517104866297 -0.196360312731488
0.00520091195155411 0.00945635537658927 -0.0217580916192419 0.147879562551645
-0.00753761056645762 0.0102185119262936 -0.161805574141408 -0.0766201838585303
0.00340151990775237 -0.007162122152282 -0.170858788535981 -0.410905161740561
-0.0183817149871923 -0.0273814372870008 0.367963312342875 -0.431938972783606
-0.00614651843046968 -0.0261797448825357 0.746032839231247 0.221873552308665
-0.0122625244464465 0.00448195310280226 0.208500395165123 0.850880211712878
-0.00283023237335148 -0.0195933615774815 -0.353896602883765 0.501889493188671
0.0151901972529721 -0.0333586771234813 0.0480062409232424 0.0561523369626702
0.018965703028849 -0.0138166465030331 0.324782137986673 -0.529866904830972
-0.010673982234209 -0.00117381720581325 -0.365972079293298 -0.80748490245333
-0.0326079258610423 -0.00318505314644583 -0.848664133203765 -0.00906859261330128
-0.0368339802987362 0.00128026914239284 -0.258979299782824 0.616609847682847
-0.000492624974738325 0.0147329423254845 0.261513540959288 0.38770202611206
0.00662123632612796 0.00865588273577642 0.24525688195653 0.0376746024927126
-0.00594842634603543 0.0143868053161687 0.0292022724902891 -0.197872437584719
0.00753853513403096 0.00934732376948849 -0.0260245597779968 0.148823336436371
-0.00755858917730666 0.0123965387874546 -0.162396180368956 -0.0760847441846444
0.00416199901640064 -0.00282995001792594 -0.16547540569638 -0.415147550139131
-0.0133094465488718 -0.0269003901036982 0.373209821201325 -0.432673183345234
0.00221362627146316 -0.0243942254386018 0.742301913076374 0.227323731928949
-0.00759572802079682 0.0124720784371556 0.197516205509915 0.853526995797707
-0.0121295750550447 -0.00677615417084222 -0.354067631185994 0.496569117901581
-0.000479860154957957 -0.0218707015265978 0.0562345266931284 0.053308786844586
0.0113509192821881 -0.00268733245060352 0.324428804122403 -0.534126280517708
-0.00489725075010283 0.00217221565607463 -0.373208464347279 -0.804841221709337
-0.026256860855422 -0.00529349232833463 -0.852022005185273 0.000499633440390766
-0.0339572616111938 0.000830466428337118 -0.258389698841765 0.613504349947079
0.000250662959759219 0.0183757218357634 0.263886903022003 0.381609152486064
0.00515669063177106 0.0110767091125296 0.244290822696442 0.0364491927196332
-0.00281699614193402 0.015684146372613 0.0237392542661746 -0.195695390476426
0.010094978919534 0.0103618634843166 -0.0289550857780968 0.149075245905823
-0.0102420141261375 0.0126441867297479 -0.167142947437651 -0.0710838414981136
0.00290802577738072 0.000263871142379795 -0.168810521448895 -0.414605781871332
-0.00806465874272254 -0.0264402499517272 0.363063528181456 -0.44728388351306
0.011542333972845 -0.0260777447908072 0.744571956380883 0.208588907801942
-0.00265869214750636 0.021605300386631 0.215429352299935 0.848924530420686
-0.0242117036644758 0.00691543284478663 -0.34368025868701 0.501799433084817
-0.0180281380448928 -0.011866210144344 0.0570124421781294 0.0566999738586184
0.00430903142849807 0.00972178360342815 0.334034287260715 -0.531018332871631
0.00263144511130883 0.00873662811188664 -0.36035535664024 -0.813453190502878
-0.0159640057878778 -0.0075461990666293 -0.857122905272297 -0.0211213700935897
-0.0293015371051649 0.000584916100269464 -0.272530034685044 0.602048756504073
-0.00184533592146872 0.0222771483896497 0.25981785689478 0.382905588286426
0.00064955430518952 0.0121153481389293 0.244679929682626 0.0433751043989756
0.00015222752862671 0.0161811353401338 0.019806257513855 -0.194315553271169
0.0107859055508141 0.00924293864919569 -0.0308131960967425 0.151386385167447
-0.0150048201504202 0.0109478383947408 -0.169239235485652 -0.0632771853696894
-0.000367569426077757 0.000548930046682839 -0.181772512509511 -0.411408756551725
-0.00330844131628851 -0.0248673309064968 0.34442415998834 -0.46796345447024
0.0215725731815066 -0.0249960719493606 0.74851847837197 0.169380962947591
0.0021154315653006 0.0297561544586032 0.248497171648866 0.836635904288211
-0.0343872960216906 0.0195734518227964 -0.329349614131357 0.514613386158294
-0.0364169704176581 -0.00364375557020017 0.0527322428247613 0.0647440936036009
-0.00496677400459064 0.0203220324722628 0.347648452776708 -0.518474524575877
0.00878230151899822 0.0143850261283561 -0.329643896779101 -0.834058278054993
-0.0019184940686664 -0.00801912546562808 -0.858677534628937 -0.0601791452683549
-0.0247382682293557 0.00078552368376777 -0.300612381535456 0.589138892287089
-0.007661234961465 0.0234421444078215 0.248845290000868 0.390000987172922
-0.0050404384193223 0.011453216178368 0.246653177208439 0.0532597327380091
-0.00101268245251959 0.0158002712478639 0.0189260656909181 -0.190865970888847
-0.00570939349270625 0.00447564264239788 -0.00633483524849671 0.155077677677808
-0.0186029388939512 -0.00400841470660756 -0.160171059360097 -0.0484835885261266
-0.0133163102234888 -0.0211229063947115 -0.237906748743922 -0.354362671433623
-0.0173966233878416 -0.028717363425987 0.260194127289265 -0.485033576974504
0.00155515322227686 -0.0238183233474772 0.769357317324575 0.0259002660458636
-0.00957251004806637 0.00416183174241835 0.390252362465164 0.752913853049408
-0.00727610238350144 -0.0373062590587014 -0.293279435723512 0.560525698280212
0.0187897903296566 -0.0531770441718771 -0.0144295805315892 0.0954566911859501
0.0207002209508384 -0.0335655925637285 0.364738219674906 -0.455593855829284
-0.00787673127994939 -0.00672679114437893 -0.187638621307001 -0.8868385232544
-0.0132149456651726 -0.0016149233147347 -0.833520831554638 -0.215154638926021
-0.0362624619275432 -0.00726058506994356 -0.389940879300382 0.568405077645683
-0.0228639969288361 -0.00158885715882831 0.191925374345469 0.455172174589675
-0.0104075023593232 -0.00759021778125264 0.245839025558723 0.0829191493758108
-0.0209753654296167 0.00996522853404003 0.0493394785903747 -0.190742724261389
-0.00375166874914506 0.00593690534517663 -0.00661537902182493 0.152766090438841
-0.013523818616664 -0.000785385390275701 -0.159285453334752 -0.0585633557436925
-0.00811259281655832 -0.0194191928191183 -0.219178964288583 -0.369938159667943
-0.0188751841930867 -0.0290817527096931 0.290579813354791 -0.467088343708338
-0.0057379517168292 -0.0242243265979127 0.768595111084059 0.0842917373839422
-0.0148872757643472 -0.00036178924281929 0.338653371721529 0.784193597237638
-0.00020423866343584 -0.041303770207696 -0.3144495776859 0.545489637633761
0.0278962423999177 -0.053758418713108 0.000627943184181185 0.0833050483811285
0.0252734804213139 -0.0350962828424263 0.350424690832778 -0.47801096149647
-0.0114429985164934 -0.00943964526336088 -0.245987089460955 -0.865391106610695
-0.0237695351513442 -0.00151862598003585 -0.841886822322818 -0.150908883286564
-0.0399852043257342 -0.00423478132904573 -0.348462308464843 0.590377338053795
-0.0154773421748441 0.00154069876020582 0.215942583007507 0.437263798937674
-0.00337258525860405 -0.00282634137525389 0.246754679297244 0.0682346712576071
-0.0183669225200604 0.0108386849929204 0.0447643970295539 -0.194117432490597
-0.00215629746498607 0.00705196723269318 -0.0110555882205792 0.151111924173721
-0.00971277404168568 0.00410025445756907 -0.159274785077912 -0.0671548076441471
-0.00303279952453801 -0.0162996706844942 -0.201462837625215 -0.384334963318429
-0.0207479855180922 -0.0290649867935449 0.322256700037755 -0.448936118819423
-0.0100359926431038 -0.0244520491393057 0.762803782079449 0.140794570704493
-0.0157194759660125 -0.00194489521625544 0.288176330878343 0.813236369179037
0.00380358731726793 -0.0386280406004871 -0.333317314136824 0.526795352250879
0.0300776056245649 -0.0503043216433346 0.0180400469071083 0.0714164295474319
0.0265898048123807 -0.0319095438005625 0.338879093647071 -0.499900080158227
-0.0133984800781255 -0.00829560056649423 -0.298628859682081 -0.8403778676322
-0.0312518084119851 -0.00183205994015145 -0.845682190296134 -0.085963729120938
-0.0422526282589833 -0.00276876168622613 -0.30782717695421 0.608352048591883
-0.00930034877034595 0.00560123463529498 0.237357537717325 0.417431308946222
0.00260556719054428 0.000705765700742308 0.247284851163304 0.0535865186518064
-0.0151164183705327 0.0124198007801719 0.0391007549574355 -0.196254754122821
0.00177706761127522 0.00932435138607854 -0.0155861386267097 0.149193076483439
-0.00787460171038707 0.00754567459531438 -0.160849297558988 -0.0731373552290045
0.00128421814012189 -0.0117796472841612 -0.186294923596377 -0.397543546453149
-0.0207902480160209 -0.0277696423365001 0.348938925706292 -0.437436877756352
-0.00970005382509915 -0.0249512671721919 0.753760443424772 0.186432834690564
-0.0136243003583326 -0.000293539300903891 0.241545188013848 0.833189198099983
0.00269598915933132 -0.0317310392068746 -0.34443647607068 0.511533708986557
0.0253225546315101 -0.0434195092803649 0.0337651915451841 0.0618353546140136
0.0239694930536674 -0.0255083097121275 0.328688385682559 -0.516983207554965
-0.0140919363093713 -0.00522058122786484 -0.341270083241843 -0.817739122759222
-0.0347438350954842 -0.00226099499217992 -0.846002486974836 -0.0319738929503726
-0.0408516765153955 -0.000363126417555239 -0.275115669125798 0.617439752221297
-0.00324448325738618 0.0101061863740866 0.253291691748663 0.400218360228695
0.00558835059388873 0.00481740650554192 0.246208381725592 0.0421742837711788
-0.0104108093547317 0.0138910797554801 0.0332793942971723 -0.196685913974983
0.00528048578194478 0.00946277943046583 -0.0205305638754661 0.148713357600012
-0.00723654795839507 0.0105956697788731 -0.161105393271929 -0.0754168407394887
0.00395360861479411 -0.00607766723073356 -0.174258023737505 -0.407657403821281
-0.0182966623278559 -0.0277976899972156 0.364029035098614 -0.431821413106426
-0.00566537458701147 -0.0259678438166881 0.74434966579904 0.216136413642865
-0.011139216646739 0.00557613533593997 0.211927617028828 0.845325841535519
-0.00183936948356839 -0.0208875878571387 -0.351059993087019 0.500534009096913
0.0143333120231379 -0.0333339443839722 0.0469188459582818 0.0564896087298214
0.0186935645736839 -0.0146105084402503 0.321675062554882 -0.52887542523496
-0.0102778985030331 -0.000599104971093313 -0.367808536379767 -0.802455754890862
-0.0320041411483611 -0.00258557729015992 -0.845125313085826 -0.00202644409052809
-0.0382717719203288 0.000275175912185321 -0.256432494424837 0.61763814022572
-0.000368813347427097 0.014564971176883 0.263750209834431 0.38694088204623
0.00627634309100102 0.00840064709984804 0.245776204840421 0.0365282465449432
-0.0059976267952178 0.0146368098773879 0.0267118345112619 -0.196406989044049
0.00766397875156624 0.00984041208478795 -0.0241257203348375 0.149412315124138
-0.00795689564449596 0.0123764428734646 -0.164391057303984 -0.0745885765186641
0.00383360287871875 -0.00266132568713844 -0.169526167149732 -0.414386889416863
-0.014598403728968 -0.0258237426179068 0.368469443260887 -0.433938232494009
0.00214406683128688 -0.0260836905833733 0.739774892254809 0.221696067202087
-0.00703595488362051 0.0129909542682078 0.202376827081927 0.849326885958625
-0.0113428480378832 -0.00726799941088088 -0.350640024105156 0.496220959621064
-0.00093257644465743 -0.0228164154302064 0.0549833555320286 0.052983400165268
0.0121872586826246 -0.00302983031139815 0.321346907640284 -0.533476293626565
-0.00488779225597105 0.00324279400656633 -0.377409240531398 -0.799972058882517
-0.0261845333780101 -0.00516877940803747 -0.84894751628687 0.00527029568215936
-0.0338199942226745 0.00143009425169534 -0.254400895307958 0.611944487364523
0.000409093155413123 0.0178595773860919 0.266261022408885 0.379021251929046
0.00431296678234818 0.0116852533848671 0.246308956469834 0.0353366713424277
-0.00279728637103251 0.0159895335216704 0.0224610527821085 -0.195864875368253
0.0107385783529857 0.00953521406579285 -0.0276450645827857 0.148558916885604
-0.00956527855051624 0.0123557518578965 -0.166985045661468 -0.0703551719278311
0.00293547134382581 0.0010538052516324 -0.173274847393269 -0.411416177879812
-0.00810046141983632 -0.0245840452159914 0.359476171882985 -0.446855897819203
0.0120598750791984 -0.0255275968023341 0.742369964312329 0.204404775396023
-0.00235656184984796 0.0212087758058157 0.219277758508133 0.842766588659726
-0.0240559411864153 0.00656425016493376 -0.341150166680534 0.501855942007819
-0.0192639308963618 -0.0121368004940323 0.057367730000719 0.0572345474137589
0.00370192256615114 0.00914386552404032 0.330570469199105 -0.529186173154546
0.00216742917413328 0.00893895756757856 -0.363637439471956 -0.809460624356249
-0.0164500718726506 -0.00690436531229427 -0.852878620112807 -0.0152165791873054
-0.0289964561521016 0.00120880735896993 -0.266708028915058 0.600530811345641
-0.00145550773803104 0.0223032835866139 0.261187521746526 0.380223996562518
-0.000651223676516244 0.0120659547760444 0.24594646553061 0.0410301293226908
-0.000285836740037404 0.0159868929973915 0.0186118699604625 -0.192713678479371
0.0112526632696747 0.00916060739748654 -0.0296032505148166 0.15187540924877
-0.0152808969141572 0.0118805749302876 -0.168655629790923 -0.0629584239664495
-0.0010681112854161 0.00150425774770287 -0.186097791378206 -0.407796484113334
-0.00358752992866851 -0.0244835843061225 0.340470852356964 -0.466604700399663
0.0212246418960582 -0.0257032558384042 0.748492030740617 0.163977709529669
0.00333696863131449 0.0312514987946875 0.252519908311228 0.832912810117738
-0.0355409538422115 0.0189415539891857 -0.325681767853021 0.516189524537747
-0.0360842046431328 -0.0030183933530386 0.0538951222370616 0.063450045434866
-0.00463148666395921 0.0191290753408728 0.343204094298474 -0.519515575019547
0.00937033175506023 0.0136145720757114 -0.333032406725013 -0.829101293761647
-0.00233739752113192 -0.00889977642500772 -0.859315541428547 -0.0552701254615219
-0.0247566919915389 0.00117144212707467 -0.29729230875885 0.587617686318097
-0.00688752602835358 0.0227600889847147 0.249894848458863 0.388151872472746
-0.00597766090074706 0.0123078471560058 0.245813017104821 0.0506048416801322
0.000706194720020306 0.0158323973286739 0.0156804927917358 -0.191809840315569
-0.0050986796442814 0.00453827427267261 -0.00426264301515802 0.154228838720079
-0.0183182057768097 -0.00334110782648288 -0.161578136287135 -0.0475665136509478
-0.0144349741961834 -0.0206637198256717 -0.239317612810334 -0.350187169868471
-0.0166554090005581 -0.0282529399674373 0.255275777909424 -0.484389860147137
0.00079717202706954 -0.0239623125029426 0.766998713807604 0.0219386742984309
-0.0101708207923608 0.00428457611969191 0.394169126850349 0.746719283203138
-0.00779301692537265 -0.037326180745889 -0.288635487246396 0.559807889412401
0.0173785109985244 -0.0536828212958658 -0.0149463270722717 0.0950532684340814
0.0205350704587993 -0.035157559970856 0.361143685113095 -0.457707273656346
-0.00773135569862759 -0.00754439329357191 -0.193125132875904 -0.883298209823268
-0.013691153132647 -0.000664151485439714 -0.834732570861836 -0.208408778575565
-0.0364287595859805 -0.00656522387577964 -0.384220598044552 0.568053395423286
-0.0229752152311477 -0.00146308788804314 0.195801882105655 0.451304433230711
-0.00939956968169187 -0.00723052268406093 0.246382174069689 0.0796042619515412
-0.0212341603977018 0.0106119455218543 0.0475099971557737 -0.191397663404259
-0.00436698447183476 0.00544112672240981 -0.0057429845489519 0.152777197892156
-0.0140700139983164 -8.43728085910387E-05 -0.159792466658881 -0.0574196953377875
-0.00886002874349217 -0.0195245222455964 -0.221213800061692 -0.366243600911916
-0.020375459101893 -0.0281891592540457 0.287846511176826 -0.466212967702028
-0.00618443740700448 -0.02439554960265 0.765892903900977 0.080852052157189
-0.014056049327055 0.000152161013247399 0.342151135452172 0.779824138571798
-0.00059607281735052 -0.0402359013492552 -0.309580579070423 0.544092734985473
0.0273910964891262 -0.0542779186923727 0.000647816795472894 0.0831814559668457
0.0263117976938972 -0.035544446355233 0.346972209142507 -0.479669272941532
-0.0118965744402732 -0.00844450635630959 -0.249599857200925 -0.861562719926587
-0.0241005280134159 -0.00174212432114367 -0.841477699281143 -0.144882762749054
-0.040439308163325 -0.00501572940743988 -0.342660661656778 0.588455699814123
-0.0165021243372792 0.000909451551187891 0.216610587879185 0.435049416575804
-0.00405057457571231 -0.00277172672514954 0.247570804474152 0.0651351386666086
-0.0183617805841728 0.0116393068044446 0.0427981852916388 -0.193683065502529
-0.00109226090195271 0.00736326893420779 -0.00941394945327817 0.151416839019091
-0.00970848329956372 0.00425282923528001 -0.161484699940473 -0.066965219939818
-0.00345955856504387 -0.0151398187689147 -0.204362933816566 -0.381717460433975
-0.0218631632395199 -0.0283601862784275 0.318645807576039 -0.450999280457597
-0.0102606284069545 -0.0246558439027728 0.759888542123532 0.136313235526419
-0.0146057471023213 -0.000839615700566095 0.291848081974851 0.807798034641276
0.00257986344586305 -0.0390667758726713 -0.328744621076401 0.527104467539229
0.0293534561924308 -0.0502467370542393 0.0169569206389109 0.0712812817673912
0.0256729953613036 -0.0325714466151445 0.333327003430635 -0.500846567064865
-0.013447461385982 -0.00787327877466125 -0.302733977621424 -0.837427400950147
-0.030729772835233 -0.00154213390974487 -0.84316228258176 -0.0793174815675327
-0.0415864304237391 -0.00197174974313028 -0.303176920981663 0.607113518298364
-0.00872317636540646 0.0050062972667624 0.239645669320208 0.415790955446889
0.0015645159317932 0.00131895483406784 0.246566297360784 0.0524452624912915
-0.0152005000916919 0.0124534988738722 0.0377820818266153 -0.195704693665196
0.00186876686353406 0.00839527642784484 -0.01432474645534 0.148865509241869
-0.00718531166553749 0.00779795542915545 -0.160995315011007 -0.0725140474325063
0.00128019370874361 -0.0107883462542798 -0.187395156579818 -0.39594683552137
-0.0211297294562097 -0.0282679055728489 0.344525350272992 -0.438129360662874
-0.00958209160905509 -0.0243948501928675 0.75260307149836 0.183445449490695
-0.0141054698415748 0.000911387482984881 0.246128333815488 0.828994339762519
0.00280732927963867 -0.0317765207980787 -0.340930584480849 0.509829716852228
0.0250544997977577 -0.0432472877806279 0.0337006913008702 0.0616708846730947
0.0236686507697423 -0.0249257775212114 0.323876138607911 -0.519019208894339
-0.013473526273257 -0.00537998218585269 -0.347518945705378 -0.816053365409967
-0.0339947949557386 -0.000812208273975719 -0.843764312896071 -0.0280313076909758
-0.0402392478645105 -0.000588627316149663 -0.269039881320229 0.614715316658097
-0.0033258985165846 0.00909942171715748 0.255048386192254 0.398771063638735
0.00553142053369514 0.00523887980492208 0.246275560876699 0.0401597063142498
-0.0107306951312753 0.014648646314844 0.0319470653960747 -0.197081208022019
0.00608563733112283 0.00956455629744384 -0.0201173173575387 0.147812721305227
-0.00710448419939817 0.0110493470711515 -0.162396386246263 -0.0755532085790748
0.00312833296554579 -0.00645410652764768 -0.176957387498308 -0.407217242013946
-0.0181252781794282 -0.0276015850253391 0.359749296021646 -0.432264482188772
-0.00615527986729051 -0.0250467744163447 0.74427735694448 0.21109381305359
-0.0105961782893049 0.00594960928465421 0.216405803057339 0.841426275618571
-0.00242576261086919 -0.0198801731508438 -0.347688977026193 0.501253545515331
0.0135071230864874 -0.0335716852631199 0.0470415418742057 0.0549977062544246
0.0185175098912066 -0.0153248372108344 0.314833548170774 -0.530995938064073
-0.00922628196254206 -0.00103254789152237 -0.373064366666294 -0.800420270499914
-0.0322671684996188 -0.00274137823978713 -0.843057148214273 0.00234772651313484
-0.0373947647351051 0.000363484293449441 -0.249622287585065 0.616543474227031
0.000136804136305405 0.0143361233099634 0.265126797267239 0.383340869097736
0.00596585977570124 0.00819471518621493 0.245184436378852 0.0345909172359063
-0.00673901511184877 0.0149237173307568 0.0251488359908035 -0.197271896971043
0.0083587372963645 0.00980531725851051 -0.0240063327063878 0.148009264208047
-0.0081152234816754 0.0126837083253775 -0.16500047703826 -0.075719547683167
0.00340077345615673 -0.00223209353053638 -0.171237853223126 -0.410538094291951
-0.0146511097961119 -0.0261496078835128 0.362584209173357 -0.433331642619633
0.00199845829965229 -0.0249783449821587 0.737718617780074 0.21611205410766
-0.00677145991209629 0.0139786818754305 0.207640564406012 0.845428633592416
-0.0128339372844919 -0.0062722047854739 -0.345982487281538 0.497614550995832
-0.0018160883909763 -0.0224839108384125 0.0561285168459937 0.0526722750120302
0.0121225798919181 -0.00279735661503614 0.315963192461453 -0.532981927671208
-0.00440153466300305 0.0028754483013813 -0.379874622343611 -0.794928464499932
-0.0265059613194919 -0.00376789139442563 -0.847446455245466 0.00878169392339246
-0.0330971369163553 0.00163262287443162 -0.249788388498135 0.610700729048349
0.00049651969235133 0.0178337737132696 0.267919332949001 0.374757783993293
0.004177773279428 0.0112775464823443 0.246612564479605 0.0343466108234158
-0.00200450479844408 0.0171094287095786 0.0201565781716677 -0.195080010575577
0.010118011902663 0.00969303054447107 -0.027306086437167 0.149063612517462
-0.0108914994304764 0.0138410599466065 -0.167922866750356 -0.0692390120984318
0.00265221101041387 0.00115888720281622 -0.175830588957663 -0.408864918837844
-0.00897474138578069 -0.0251157456577055 0.35477590162604 -0.44547028249077
0.011034851832366 -0.0248037524934126 0.739559877180648 0.198592038276438
-0.00272990918501561 0.0224437677160176 0.222103939559586 0.840939714362014
-0.024794017193306 0.00642772735336931 -0.335565948925361 0.502057866987458
-0.0198760142166511 -0.0114597461713999 0.0586153604806516 0.0563442095541343
0.00349027750841565 0.00851729612325693 0.326068537328454 -0.5296394268504
0.00241625676505334 0.00849476714428396 -0.366784868498066 -0.804460104262616
-0.0151707316404195 -0.00551043592617397 -0.851835385013405 -0.00843154385385992
-0.0292443890062239 0.00153160484945781 -0.263338459304289 0.599813511058414
-0.00208900195049026 0.0209736468472493 0.263807824863462 0.375833939092768
-0.000788125281102158 0.0123950460693478 0.245657357835373 0.0388653416158138
-0.000368505287205209 0.0161169741053324 0.0178619413387645 -0.192543479608637
0.0106029316405454 0.0094779724692363 -0.0283970374391233 0.151346546232772
-0.014101416070165 0.011633062583732 -0.1704979850331 -0.0610624844067287
-0.00105408095765441 0.00164139337388979 -0.187754008598155 -0.403801899448932
-0.00325712506636407 -0.0243738703618951 0.336033872813629 -0.468313195322427
0.021925574971786 -0.0256954709922467 0.746193306273151 0.159105533112921
0.00368733114715567 0.0297832246129226 0.256777903439038 0.827901319386844
-0.0351949247990782 0.0198004001383597 -0.323691346564434 0.514503378866869
-0.0364660995129816 -0.00306498800344624 0.0535960089341857 0.0638693111605951
-0.00442481723835739 0.0197042581072005 0.339407353216129 -0.518129708535543
0.0102552347941443 0.014452424986162 -0.33879684537831 -0.823422443370113
-0.00267649389639861 -0.00694229669452138 -0.857082608375568 -0.0496064185517783
-0.0236839984694346 0.0012616443678575 -0.291807756716012 0.58718953661753
-0.00811701173080165 0.0222742061620793 0.254684051984925 0.38602363176832
-0.00585412754386866 0.0118135388496655 0.247183973256162 0.0496452863725869
0.00146096406578995 0.018025117654774 0.0156835673756294 -0.191534537728224
-0.00649503665813018 0.00512453959497826 -0.00307300069652094 0.154194619263059
-0.0183061170956026 -0.00235035734772099 -0.160945903082795 -0.046836597820938
-0.0138339237556362 -0.0200950094879837 -0.240446271062812 -0.347745217589044
-0.0174756727204895 -0.0278216700145137 0.251029726652053 -0.484467467824333
0.00123866709602885 -0.0242092750001822 0.764392731224916 0.0175285879218852
-0.00873868730097111 0.00510490309519324 0.395271045907748 0.741442178413346
-0.00800615248993461 -0.0369434976184125 -0.283722413907756 0.558132044448259
0.0166217557304704 -0.0536333215891291 -0.0138176100112761 0.0945505780925606
0.0202597064561601 -0.0339481635937263 0.356335029368609 -0.45501082312595
-0.00664874598745364 -0.00668421088831403 -0.196611772409952 -0.877235420309502
-0.0136532084916934 -0.000857028177771318 -0.831603205716397 -0.204767528877116
-0.0364506802948342 -0.0061874882495123 -0.378824093503049 0.567637930302711
-0.0223677641845516 -0.00183440024692481 0.198621897239599 0.449610871835973
-0.0108283228622092 -0.00679846326349467 0.246937275986708 0.078443911073613
-0.0208972219422542 0.0119861845146967 0.0464336962472076 -0.191089595581752
-0.00340455926952577 0.00628740032081029 -0.00428221949016486 0.152195568701197
-0.0137367274346823 0.000324771121487759 -0.16043366263404 -0.0570515059420437
-0.00924122872230218 -0.0189895897824546 -0.223722155502794 -0.36205181471982
-0.0200872294023101 -0.0284302471999962 0.283705992380415 -0.467619632051629
-0.00653406272436501 -0.0242925278781119 0.764442067465901 0.0756572296122795
-0.0147083016552114 0.000338973808543818 0.345130083482092 0.77566793868921
-0.0019464880849995 -0.0404333931783265 -0.304682073722987 0.54352724405299
0.0266656803147548 -0.0543613523492573 0.000616667403550441 0.0830216979174989
0.0248992166096512 -0.0357562805183625 0.341590901459973 -0.477429919307868
-0.01146054539355 -0.00988762235335857 -0.25267910593381 -0.858374823846239
-0.0238958737963312 -0.00136533648784999 -0.838363843607408 -0.139063088591314
-0.0404114858891032 -0.00426244499460688 -0.338445003487198 0.589726468320424
-0.015408863834572 0.00189349164757084 0.219066880685007 0.431674751792981
-0.00489343473881787 -0.00268839847569273 0.247366921987712 0.0638595624836368
-0.0180400506853881 0.0122387778469144 0.0414820703574645 -0.193629336086859
-0.00183714158599852 0.00736175407448235 -0.00890416146797436 0.150319666194167
-0.0100369766162078 0.00447846483329002 -0.162556214226249 -0.0651871734193945
-0.00306941765773281 -0.0150252157759578 -0.206252181559234 -0.378470466522629
-0.0219690086993592 -0.027690137039853 0.313967389901447 -0.450932202466577
-0.0104394681045012 -0.0234250195979193 0.757753333908821 0.129705565285031
-0.0148369128345002 -0.000788701672061751 0.294060478020719 0.803848339502675
0.00278613173022941 -0.0382914502739369 -0.325205793627642 0.525627659951653
0.0277930503602569 -0.05048770324414 0.0177292850409204 0.0714352129991546
0.0259490235752588 -0.0332765541770051 0.328998831182483 -0.501627708702561
-0.0133094898408862 -0.00807259450220115 -0.305947941793139 -0.83139668551925
-0.031132300149357 -0.000450812564128211 -0.840498799579532 -0.0764250323245577
-0.0409252563532108 -0.00275413078917628 -0.298016205038242 0.607191508488569
-0.00905631978306557 0.00505773594430746 0.240825952425495 0.412716697588495
0.00156468106903668 0.00167239276643117 0.247819473425864 0.0496654788109075
-0.0146502806227012 0.0136453029452372 0.0364283696487404 -0.19570131363296
0.00146292939368997 0.0096287359057653 -0.0127880352123123 0.148763100798961
-0.00772519944431114 0.00800922241990442 -0.161886026659623 -0.0707824656189976
0.000841628329614691 -0.0108639754704834 -0.190185228695468 -0.391113812153993
-0.0211214605536558 -0.0276468700017786 0.340340759962089 -0.437681972954429
-0.00978549957058608 -0.0257172607065854 0.749796632100424 0.178304419623929
-0.014088294017056 0.00167411831467328 0.249051117079784 0.823479579091451
0.00126448111094043 -0.0310927309322418 -0.34027083650992 0.510733496853751
0.0236962691325569 -0.0439782302165275 0.0335330070567778 0.0618447976364649
0.0232486877838341 -0.025158151371457 0.319544846226186 -0.518913650189225
-0.0128586489890427 -0.00547794229192859 -0.350542943426242 -0.808269813018322
-0.0336776823032777 -0.00070897098582251 -0.843107559071207 -0.0231029744939765
-0.0407009951450718 0.000331320102362368 -0.264937087468177 0.613977724172258
-0.00311901989843871 0.00976289209887719 0.257274941329953 0.395874546179937
0.00524890201048715 0.00474130065963093 0.246692562142318 0.0383189622720954
-0.0100133156493833 0.0139660128361699 0.0299609965390043 -0.196062328467743
0.00593292348535638 0.0107916860891211 -0.0182302129510359 0.147360551232819
-0.00633259525280986 0.012012830347669 -0.163599345470512 -0.0753053039373223
0.00259339000517053 -0.0059680282888726 -0.179986884408647 -0.401428099452599
-0.0196705014634775 -0.0266480391174603 0.355935913078818 -0.430673825510402
-0.00671733631947098 -0.0249646761273694 0.742205330312193 0.206085767295471
-0.0111235060311507 0.00626490265596527 0.220690116427107 0.837857619777083
-0.00349749521708593 -0.0188177840398668 -0.344159620169088 0.501244610987875
0.0123033002086914 -0.0334615364125695 0.0476281535130791 0.0546782136492211
0.0187034217736875 -0.0159382830302039 0.312383124048959 -0.5293697019267
-0.00910031588886069 -0.00176709365489804 -0.377932604772621 -0.794564225940079
-0.0317534118991894 -0.000908561359271181 -0.841014371839571 0.00602396271192892
-0.0376120346184501 0.00195259461432466 -0.244964740563216 0.615108930243742
-0.000259388737303946 0.0141376912188126 0.266544117278931 0.379795394377548
0.00560152451035802 0.00887273112504644 0.245654717314893 0.0326706963170496
-0.00581393282492032 0.0158931366646471 0.023731603940523 -0.194898944339734
0.00795754642385357 0.00990749594171313 -0.0226801548910036 0.147018606879992
-0.00777163982665317 0.013737672647711 -0.165004438003267 -0.0735800799370912
0.00384426191377136 -0.00156115712217762 -0.173895694447881 -0.406014042357924
-0.015455743943196 -0.0256096011971294 0.359385380328889 -0.432783843496281
0.00203865870013587 -0.025618401301932 0.736996172348861 0.211953787761779
-0.00672185555583649 0.0138358450793184 0.21174775202835 0.840376978250784
-0.0132987826256318 -0.00636950539049978 -0.340528418081187 0.495056572138885
-0.00193259072394438 -0.0222029858652904 0.0556904767818351 0.0525226737523435
0.0119771637595968 -0.00331548295037759 0.313324422977261 -0.533194939480884
-0.00429587791456925 0.00282575237778477 -0.3831778988744 -0.791189100194792
-0.0257336257551154 -0.00390030997084062 -0.844339470168019 0.0164664326369482
-0.03421294258234 0.00207806010202149 -0.244173389175158 0.610661655623852
0.000863846385306701 0.0171402354728263 0.270007856390083 0.372538601152719
0.00353160855647682 0.0112116448481718 0.247203437163445 0.0319586358818693
-0.0015866436518359 0.0172267152889433 0.0186849414985074 -0.194369689894605
0.00949887401441255 0.00918126924323895 -0.0264447257702189 0.148549751533309
-0.0105484584521601 0.0129742973465427 -0.169260193178291 -0.0688297296909336
0.00258321420338766 0.0010423972822818 -0.178744786038926 -0.405631593557113
-0.00888858378358543 -0.0244016659188463 0.349751767340801 -0.446593824360894
0.0112746607041887 -0.0260637509853425 0.738640827830002 0.19411487110789
-0.00181137622642949 0.0229902735333823 0.226871921818037 0.833579720603606
-0.0244952363072719 0.00687224876677087 -0.331821805734124 0.500496859089994
-0.0199366038771387 -0.011459334354355 0.0568078592175036 0.0551939956369416
0.00289657934004584 0.00814096789493106 0.320326145570003 -0.529649744870513
0.00210848596358017 0.00743636253933431 -0.370035863092289 -0.798239989114102
-0.0152871054207028 -0.00585007145851145 -0.848039273412164 -0.00601272738913628
-0.0291036893988125 0.00243144555205263 -0.258203068063944 0.59941948387289
-0.00188493876852333 0.0221769408165684 0.265945434375305 0.374126204487066
-0.000945799134643383 0.013119290234455 0.24661555175668 0.0386665656987539
0.000684732214603048 0.0177162318854295 0.0158826238934297 -0.192094224841951
0.0112409230687654 0.00837931912259419 -0.0265837800335026 0.151430571779352
-0.0145194568582074 0.0118243073145043 -0.171035830656998 -0.059265882644277
-0.00164488520428207 0.00226305040785194 -0.190476491503442 -0.402368611853926
-0.00452560676817257 -0.0244512322940387 0.332408818558877 -0.466578497620194
0.0209002419364461 -0.0261610065724892 0.742338530285472 0.154957737236998
0.00449634871978102 0.0303696399701245 0.260907889601644 0.821195660115732
-0.0345726284118707 0.0191789748531952 -0.317894169714951 0.512965686364128
-0.0387062082572233 -0.00272564034616386 0.0536320062293883 0.0632435771876092
-0.00523370092797011 0.0184809965908558 0.335506445351762 -0.519537260740088
0.010093052733277 0.0139238940146553 -0.341688560718049 -0.819749754725938
-0.00101978445701579 -0.00697188341874298 -0.85397310856049 -0.0456054049223987
-0.023727689986727 0.0014724563664003 -0.286728758438727 0.588102856601894
-0.0068551807497922 0.0232846571660496 0.253789053176508 0.381800943455413
-0.00724133679787831 0.0130814399837181 0.246629024462393 0.0464953163337041
0.00224858665209372 0.0173576705629789 0.0142295202417994 -0.191124135422849
-0.00576414605058974 0.00465107439399691 -0.0016980529708429 0.153870812059098
-0.018311066187089 -0.00168800325820635 -0.161572777552477 -0.045690173061176
-0.0147172475408256 -0.019748525248376 -0.242883761458139 -0.344551609813256
-0.0180956929336674 -0.0271527545370987 0.246755102522404 -0.482407145926365
0.000887040073591879 -0.0240751592954988 0.760833666919227 0.0125919935946408
-0.00918299732168373 0.0065042445000458 0.398123430382991 0.735911032793607
-0.0101673017575732 -0.0371725320599299 -0.281084779488604 0.557207189684739
0.016483328778086 -0.0541256290629213 -0.013642455659702 0.0937938364338684
0.0187634816039789 -0.034843458353489 0.351043976402953 -0.456763117488448
-0.00731917856573651 -0.00709327618177493 -0.20018775731168 -0.874491264316734
-0.0129132571532466 -0.000664639712970466 -0.830154522627068 -0.197566035440887
-0.036387456502953 -0.00668490181288207 -0.375753453873049 0.566832063495845
-0.0217251516882303 -0.00133423045191445 0.202250429702487 0.444895920334473
-0.0108831088159209 -0.00682635276669476 0.246926672301469 0.0769185199453476
-0.0211180105265099 0.0117837104842845 0.0441202078747848 -0.189187446660995
-0.00380448644035245 0.00679186398453815 -0.00318145035338103 0.152355782187912
-0.0137865966653399 0.000827877583522383 -0.161222604556378 -0.05706156265931
-0.0092206405228645 -0.0187022837994993 -0.225681865983412 -0.360035483091809
-0.0212747688241278 -0.0273541234222909 0.278924822518343 -0.465671727537484
-0.00635642998903841 -0.0236945067962167 0.761422818994637 0.072133451156025
-0.0130671219726388 0.00148416120491559 0.347372267239076 0.768110404469875
-0.00325991639836619 -0.0399780738020643 -0.303905671276095 0.541710920887031
0.0251827283470705 -0.0535229060807062 0.00160250563591062 0.0823969845812818
0.0237181498115116 -0.0358766933672775 0.338016856292801 -0.47788774005335
-0.0108446885988583 -0.00932895611861539 -0.257443865799728 -0.851813379382308
-0.0237780992722623 -0.000937153373513806 -0.835748758085491 -0.134853590024729
-0.0395605436121614 -0.00349645564533288 -0.334056060317553 0.58892743078834
-0.0155341240097623 0.00221150061994748 0.222454204713254 0.429238456410042
-0.00508876200656813 -0.00251275556892773 0.247242672820497 0.0617147864534146
-0.0181929773649939 0.0123570487823614 0.0398914210891138 -0.1931688210457
-0.00149412785018914 0.00779209241632601 -0.00749931418471351 0.14927847344451
-0.0100882450819775 0.00436530518986504 -0.162063246078247 -0.0655473239104297
-0.00349417167444402 -0.0147173288268553 -0.207951739429385 -0.375725988624097
-0.0218785173496107 -0.0270313910840559 0.311181057853364 -0.449991363728581
-0.0106564578213751 -0.0238324098529978 0.755703862132344 0.126675457215756
-0.0145791657954433 -0.000333798196532703 0.296444219127045 0.797754074998778
0.00314189822709097 -0.037866126240982 -0.32089730901575 0.525474469270257
0.0272751830703287 -0.0504076993356029 0.0172444985435508 0.0703039350873028
0.0254760107880715 -0.0340167588511819 0.325358601527212 -0.499512688294756
-0.0131235570926391 -0.00888681217579186 -0.309710780013381 -0.825760463312371
-0.0300275179642957 -0.000234120638269622 -0.839800058506246 -0.0697959800316375
-0.0412899798087498 -0.00129488179606646 -0.293292447993142 0.605890070702458
-0.0081485693152995 0.00447304383465139 0.243184158981195 0.409048086047209
0.000733559152214782 0.00215928507620876 0.248032252944259 0.0492195063753926
-0.0138873621556979 0.0138685444268139 0.0349746369497173 -0.195300128193166
0.00148160804935578 0.00994297882644947 -0.0110121746863723 0.148617839019379
-0.00678617450069546 0.00904561137340265 -0.161220165768245 -0.0707617918544538
0.000147034868205173 -0.0106222579992892 -0.192944219400651 -0.389211668328115
-0.0223337764655737 -0.0267533899646701 0.335600636151057 -0.436572021770223
-0.0102558479480314 -0.0250639783441164 0.747842676863734 0.173320827965181
-0.0131357936152026 0.00190084193135303 0.253179679848077 0.818847058837439
0.00096189689871207 -0.0307211033899707 -0.335101763801971 0.510506521322661
0.0238151403839025 -0.0441545545081367 0.0342959050239334 0.0596218629083065
0.022298616897814 -0.0255133530163407 0.314229737723451 -0.518801119490069
-0.012743699427241 -0.00540573439578643 -0.352599165207623 -0.804227472729705
-0.0324266555284198 0.000251876658628272 -0.838232220243459 -0.0190888799924802
-0.0400291148588857 0.000956174519718179 -0.26044082333361 0.612004556643653
-0.00252545354691654 0.00886194932895814 0.259402844574273 0.391328249037635
0.00456060384000973 0.00683587471642255 0.24644138691316 0.0368067114779448
-0.0110862664333627 0.0160693142647133 0.0287825693780108 -0.195915795252591
0.00511755048747895 0.0100801648919091 -0.0176965637392438 0.146842035593698
-0.00603033533728167 0.0118244128363371 -0.163350121623764 -0.0746676843821471
0.00284203148134694 -0.00486497619994981 -0.181346633816174 -0.398907914063441
-0.0196912216181888 -0.0258042068676344 0.350293078851739 -0.431435721919985
-0.00568326116541084 -0.0256291608142769 0.739369103579854 0.202428196980659
-0.0110159607029892 0.0066188528299747 0.223417719237737 0.830731574826663
-0.00413254995148003 -0.020434468439974 -0.339519266851424 0.49932367911338
0.0118759392227296 -0.0334924821588169 0.0477556775371973 0.0536574043247097
0.017541566048278 -0.0164400443518078 0.306805257748751 -0.527238462597857
-0.0098113104641865 -0.00138710428475557 -0.379229871688584 -0.791134033743747
-0.0316464587463848 -0.00016471862249982 -0.839100690170033 0.0108923668773923
-0.0375645106444413 0.000889779011255327 -0.241378566288408 0.614745022240003
0.000732414524208223 0.0131295725766933 0.269346731129051 0.377928178905764
0.00544793067278869 0.00920508292228283 0.246117538583188 0.0312837411656757
-0.00578437314873026 0.0167743714807749 0.0236649227926034 -0.194873698246595
0.00808424639191587 0.0100741119355508 -0.0211666765839124 0.146729338879444
-0.00702910936909417 0.0146618806746186 -0.166774407430867 -0.0729441846200738
0.00277841007309952 -0.000714150248776616 -0.17709148280925 -0.402465512760062
-0.0162018470437551 -0.024626066114691 0.353342936570904 -0.432938471937277
0.00167567520201277 -0.0253240822042246 0.733985643694478 0.208622704246702
-0.00574782148305411 0.0137822765405277 0.213782064505618 0.835234024128967
-0.012502173154064 -0.00605183218936577 -0.335773592175442 0.496008489891335
-0.00257144570965911 -0.0226751953264984 0.054655447078589 0.0522007237192495
0.0113139392193148 -0.00358654789270136 0.308843337213582 -0.532035451547856
-0.00434511066735553 0.00243510662345401 -0.387106252524823 -0.785415602695231
-0.0255906494053077 -0.00160191365127702 -0.839624770228987 0.0192491679752598
-0.0338374918268831 0.00242758673856138 -0.241904323279546 0.609922140383493
0.000562802713342074 0.0176948289330856 0.269862485440422 0.369433813232747
0.00263416408641437 0.011505014355076 0.245278574315461 0.0305448247409218
-0.00264556783806205 0.0179998895011166 0.0174126610985057 -0.193119626905951
0.00949397093952347 0.00978821705634597 -0.0240932192788797 0.148193710742061
-0.0105901162363615 0.0148147107172214 -0.167807314246917 -0.0680159738272708
0.00181213073514469 0.00156645570097665 -0.18145676593662 -0.402128138602033
-0.0090620377843416 -0.0248932542621331 0.344678191362226 -0.444941852281153
0.0111428512219503 -0.0255142351506898 0.733345630935166 0.191744083262905
-0.000962336244323098 0.0227394537905027 0.230179604897694 0.828597601207839
-0.0237652180750988 0.00690695685923792 -0.329031037764267 0.499710457790538
-0.0207088267313688 -0.0119398187563306 0.058059873729212 0.0552577544108537
0.0031690428252895 0.00868197676077845 0.316251540596168 -0.528307310249219
0.00331933678238455 0.00837893174048944 -0.375363820360881 -0.794595411467455
-0.0152759823215377 -0.00525925490825888 -0.846215564349983 0.000465172315479635
-0.0289344947477492 0.00333249612050923 -0.253784934184771 0.598083585247277
-0.00104240821215291 0.0216837032655537 0.268200035524919 0.370113924001243
-0.00159842497812856 0.0129337255315834 0.247022204682684 0.0367753313461561
0.000274600724790072 0.0174888087125426 0.0157165998784204 -0.191194391243301
0.00995765030943806 0.00936282881316601 -0.0244014614605364 0.15043340889547
-0.0141544566371891 0.0133921758080301 -0.171390963860015 -0.059940165112355
-0.001045953063607 0.00180358830420485 -0.193424295243347 -0.39854421266269
-0.0053054904201839 -0.0245932802217024 0.324979592613317 -0.465612080649729
0.0206684813275573 -0.0267223723364412 0.742047205243282 0.149085956281649
0.00476900780582478 0.0316255211175427 0.263508723701125 0.818301374759784
-0.0345689894143618 0.0184270085759377 -0.314777206782005 0.512520388577719
-0.0377016989778624 -0.0022887192423022 0.0536083786203294 0.0623757701745923
-0.00623346989795595 0.0173909524993956 0.330272936593246 -0.520767964812366
0.00887332743997391 0.0131915282706279 -0.346247373823594 -0.813332514292087
-0.00178225895294997 -0.00684965446687484 -0.852707358415397 -0.0407177842043355
-0.0239695311886588 0.00239445398491051 -0.28290581648395 0.587401828109793
-0.00773120238546915 0.0226675072291549 0.256557124941789 0.378721629019116
-0.00739586715192551 0.0130764190947944 0.247016422009667 0.0452909444592379
0.00109498954939326 0.0185479846314339 0.0116720153949285 -0.190001965473001
-0.00681901903694427 0.00586796459910266 -0.000997153629689929 0.152819263656644
-0.0186520754376651 -0.00147683353257592 -0.161972581254597 -0.0453670461542264
-0.0151906693129982 -0.0189756186511568 -0.246081923820207 -0.341032141870807
-0.0187987930076166 -0.0272325886397397 0.2431827245228 -0.482380072638701
0.00114086489889911 -0.0240043553563914 0.756069318017865 0.00888073222148998
-0.00758521348130116 0.00613354763701949 0.399901183774146 0.731340322827228
-0.00868812189003414 -0.0360348838080767 -0.277872715270283 0.55613826310101
0.0159332697772968 -0.0531986370512182 -0.0128508699355459 0.0933928825909479
0.0189169871644825 -0.0351143611547316 0.347729453959654 -0.454883197181801
-0.00710743129362785 -0.00698615058585313 -0.204315876822992 -0.869730451438414
-0.0130039738448449 -0.000424120666375545 -0.827565149053223 -0.193993651130909
-0.0369179659215074 -0.00429528168757156 -0.37102434240461 0.56817629810868
-0.0223663573233689 -0.000769779253711338 0.202807031358594 0.442889970394664
-0.0119844193276957 -0.0068566996978722 0.247949785553127 0.0739821448572062
-0.0203566781215024 0.0135711887892068 0.0434862423520294 -0.189508859819898
-0.00437291540371553 0.00656078973976667 -0.00133631251236484 0.15094499473347
-0.0131559149724833 0.00171171808450706 -0.161421309564932 -0.0558615830903869
-0.00854645669523339 -0.0174734735484049 -0.227881365207099 -0.355596066157261
-0.0210977219480991 -0.0262565623784428 0.275267456494342 -0.463184657584371
-0.00699237217462243 -0.0232267150595028 0.756548137836584 0.0675350747022923
-0.0134597023745644 0.00221299851601608 0.350227172148248 0.76250520557911
-0.00332407568426744 -0.0396902579834507 -0.298536893762786 0.540539495921934
0.0241241909139573 -0.0545332420288138 0.00119426307550308 0.0817436405913524
0.023265011650301 -0.0369661769042803 0.334253803766307 -0.477111573897853
-0.0104265902920522 -0.00856101790156729 -0.260747203600297 -0.847649548697305
-0.021455779067256 -0.000930724052949004 -0.833150668206127 -0.130116512179144
-0.0406113234851435 -0.00335774596041476 -0.330156036168707 0.588068662024033
-0.0171325129533364 0.000165069232012696 0.223372436827947 0.42428468474371
-0.00457019558457701 -0.00294936298963045 0.246725232978899 0.0607372583137286
-0.0175386904046643 0.0138477602875403 0.0382375985927339 -0.192519686638175
-0.00190312025920646 0.00821556219754159 -0.00532511404569109 0.14868040898492
-0.00917893782333685 0.00545250640259176 -0.162404867571521 -0.0644281215992455
-0.00348856160392093 -0.0145230651272487 -0.211431596202892 -0.370963399105456
-0.022832399010431 -0.0268418107616827 0.304611547134076 -0.447390532012253
-0.00978297627123911 -0.0240226338886227 0.75097683887623 0.121385703057098
-0.0144091607858168 0.000294242648008144 0.30055265456019 0.790619544247141
0.000694779482610035 -0.0374101496357119 -0.31665549328916 0.524713721908857
0.0273706517639517 -0.0507280010515353 0.0178772825517316 0.0699748677222076
0.0240228150965548 -0.0336856398958289 0.320526927234618 -0.499294041324324
-0.0134876578721671 -0.00801994941740705 -0.313693873354764 -0.822345739429888
-0.0300312719790977 0.000659315899556027 -0.835490803061905 -0.0649094136006875
-0.0413224834830558 -0.000997744739609086 -0.287160576137654 0.605088933273923
-0.00763174143596367 0.00462639014642984 0.245205943269035 0.405228508055178
0.000453434989006189 0.00201743487191296 0.24732786624705 0.0462739526937613
-0.0147736229767735 0.0150774489829145 0.0336844781172877 -0.194765564571797
0.000991869758375744 0.00937723978397518 -0.0107150879676701 0.149410936099195
-0.00623583157465384 0.00934445284493977 -0.161728110470815 -0.0699571557113582
0.00114219786284423 -0.0102179473513707 -0.19709781471605 -0.383549958987934
-0.0213765589530242 -0.0268449278123967 0.331152171971843 -0.435564871004949
-0.00962887933041203 -0.0245694171534026 0.744053675147225 0.169018429386758
-0.0127854679989966 0.00176957500275022 0.25526540924607 0.81337239713873
0.00126956635296702 -0.0302006336227745 -0.329164058334738 0.507896575297522
0.0219268660535784 -0.0437346940261068 0.0335673586458229 0.0611926033270685
0.0223372553064502 -0.0262937975579382 0.310852210903711 -0.516121306328925
-0.0124199924095903 -0.00583729958009928 -0.357292055539468 -0.799692955682007
-0.0325454112390164 0.000559319665690425 -0.836066945148386 -0.0138090846741629
-0.0406409225906413 0.000936181389948179 -0.256466603617262 0.61260786122376
-0.00261485958870338 0.00905841755006376 0.26155668615143 0.387500057200894
0.003437604145451 0.00532319653418719 0.245866524166049 0.0360557955401467
-0.00836474159688102 0.0162911179458482 0.026607197065568 -0.196572905629386
0.00486622362011761 0.0108151076952788 -0.0163109779723503 0.147170867941203
-0.00606792766840957 0.0122355955706427 -0.164616252223813 -0.0717814725103598
0.00312666992195175 -0.00555428789345734 -0.184721412179786 -0.394692344724133
-0.0194521394679644 -0.0262886002117939 0.345571841545457 -0.430601692168535
-0.00645742762492559 -0.0248154773416467 0.737270003857958 0.197133614944556
-0.00953729035999118 0.00744105473379707 0.227753416594425 0.825075209162772
-0.00437325500418868 -0.0190612171975066 -0.334175760272 0.499794346367108
0.0114574654149856 -0.033460426811043 0.0471251225256293 0.0536832828265799
0.0174269083284679 -0.0165244901961732 0.303937243375762 -0.526826965523011
-0.0100482296570771 -0.00112394220422693 -0.381360332422437 -0.784568477627259
-0.0308838225406415 -0.00114140941909137 -0.834125597997871 0.0172185463130573
-0.0375832762377612 0.00291256343315285 -0.236766715497734 0.612266963324569
0.000255076727671496 0.0131380861043968 0.270501341418936 0.374229542099722
0.00464874744111251 0.00971240347768219 0.243773839028486 0.02895398902744
-0.00445134701643645 0.0184744566794258 0.0209385754681714 -0.195136050176383
0.00782831250718209 0.010272906639855 -0.0205493785696606 0.146627842674921
-0.00725720251738341 0.0138437126036638 -0.167023028162205 -0.0715560995383387
0.00377362453875243 -0.00169124677591568 -0.180835643377922 -0.400157156067074
-0.015881313390778 -0.0243098358166456 0.34989565649962 -0.432658821970307
0.00147927739869529 -0.0259616533642576 0.731711589559461 0.204127646330396
-0.00485647583830511 0.0143599208609005 0.218478312481832 0.830923737088207
-0.0135228429123766 -0.00539970395100054 -0.334203237122093 0.493848565271477
-0.00384598896730551 -0.0216090040166706 0.0552596600403091 0.0522051854733911
0.0108236544916541 -0.00472681045671 0.302320145143612 -0.530974726843631
-0.00260899787345912 0.00258926045624426 -0.388727652983179 -0.780399985598879
-0.0241979276389143 -0.00290605940847829 -0.837539283733716 0.0246033438427484
-0.0341584521314637 0.00306396409863256 -0.235683489878017 0.60755342987754
0.00231405429735575 0.0170522268158227 0.272021656872467 0.364503779503184
0.00301689377965482 0.01167937904885 0.245132698377371 0.0288457643928947
-0.00195607968090838 0.0174937400184791 0.0157018225591348 -0.192849966531406
0.00941025878635894 0.00944159442955946 -0.0231559142037111 0.148102512888828
-0.0102064849636637 0.0150781938986649 -0.169337132491653 -0.0669318044329452
0.00318616996380656 0.00150395821818558 -0.183730937394799 -0.398895169280217
-0.00977281031941456 -0.0235913906043525 0.340840862131745 -0.445298670152851
0.0110465298240156 -0.0258454823413728 0.732598609245444 0.186060088022093
-0.00122945171380343 0.022833944611781 0.232582074742781 0.823809079265968
-0.0244133542885217 0.00781078436568077 -0.32485731984796 0.49930497186237
-0.0214230927304342 -0.0108393756331137 0.0570444403527022 0.0546948933104166
0.00282656875589929 0.00906185048160574 0.312107564507836 -0.529453281281313
0.00325297086847056 0.00847700357071241 -0.376508571392394 -0.789697921306631
-0.0143073260972624 -0.00448235602873431 -0.841977372609352 0.00351239872793233
-0.0280216288493896 0.00282360912929111 -0.249451111143274 0.597680978325591
-0.00152903614102036 0.0191172633554675 0.267811880568899 0.367248058914176
-0.00289895285727055 0.0137341168386296 0.246382530936048 0.0350067654983848
0.0014611550513665 0.0184024437329515 0.0124377305655927 -0.191709276411507
0.0104714538537644 0.00969289426353775 -0.0233293061734175 0.150779263563373
-0.0133736150115664 0.0135461133034157 -0.172725408081078 -0.0575338231683188
-0.0011096016357819 0.00289127347485349 -0.195003832660057 -0.396238713316496
-0.00562679964622692 -0.0232188380395522 0.321904818411255 -0.464977426276423
0.0211064551827874 -0.0271840991783857 0.736545974261401 0.147488150148025
0.00566016720924909 0.0310012925699976 0.266537527368753 0.811697463669236
-0.0345708824115497 0.0183127101641778 -0.310559550207258 0.511426769890327
-0.0384184872965044 -0.00304246786570179 0.0533027965405775 0.0616024324403504
-0.00610777719054159 0.0177178098912817 0.326316621938802 -0.517365692326664
0.0093430629288154 0.0127133140808846 -0.348643971933762 -0.807445045445645
-0.00132621655365299 -0.00730126255024668 -0.850493005170246 -0.0363154421950626
-0.0243560517149747 0.00214691995924715 -0.278604958014495 0.586899824460903
-0.0065841644819039 0.0229536038053872 0.257205902382321 0.375574464243895
-0.00739556495363563 0.0135953832150495 0.247610597524273 0.0428539903921739
0.0015582646335049 0.0186286669974686 0.0114162340568824 -0.189320318988562
-0.00678390403409768 0.00484620103181735 0.000182201607138344 0.152640174280429
-0.0179960734874291 -0.00115705811433132 -0.16285138739733 -0.0455935087616776
-0.0154153041981347 -0.0182736435537091 -0.246775364309843 -0.337530580150242
-0.0185407063514878 -0.0269875368734891 0.239489685350971 -0.480658068393737
0.00134995349041839 -0.0238271209587484 0.753359442365609 0.00576117894219207
-0.00862402822875272 0.00573034191332044 0.400229407560775 0.725278953123286
-0.0101975801986455 -0.036408288271314 -0.273985520063403 0.552950187719517
0.0140416748501004 -0.0535521417807528 -0.0126304278031332 0.0933038330229112
0.0174962249115126 -0.0356307964184525 0.3435036566771 -0.454988829905178
-0.0077297637113452 -0.00773494178349725 -0.206768426294473 -0.864518557272983
-0.0122298126651572 0.000358667894076615 -0.82620170563333 -0.19004860551426
-0.0365571059698838 -0.00445359905698523 -0.366887174459145 0.56552736651735
-0.0223896101336763 -0.00111307101207439 0.204596027561511 0.439766195002868
-0.0122171445102334 -0.006017625591387 0.247989519880177 0.0733078078913754
-0.0208621122846294 0.0133726330489418 0.0418614277186019 -0.18867175959611
-0.00430662526572496 0.00677339452355809 -0.00045852532311225 0.150896306330567
-0.0134417801344949 0.00169287114991803 -0.161988605271265 -0.0551177914984539
-0.00922005917219656 -0.0172516963270763 -0.228799043132724 -0.352876124860038
-0.0216271128911594 -0.0262649097868373 0.271362997505805 -0.460926061036386
-0.00679312506260966 -0.0227678413501214 0.75387624832973 0.0639846612347394
-0.0126046185816376 0.00350727157228771 0.351452369900384 0.75599002079507
-0.00382447676747675 -0.0394339250196688 -0.293592292272894 0.537206390172685
0.0232739175434084 -0.0533525837066165 0.000636771601008886 0.0811560927798983
0.0230317856807782 -0.0371971782291152 0.33011624027929 -0.477003655981726
-0.0107983832255463 -0.00952928856288294 -0.262123252556509 -0.843046115438206
-0.0231925517771374 0.000590460517678672 -0.8301827107607 -0.125748154048456
-0.0405619354824919 -0.00300722049274059 -0.325270479598595 0.586555117425821
-0.0154630700714596 0.000498982024333901 0.22538526682105 0.421538044048766
-0.00583269530142717 -0.00291457781686105 0.246957210130894 0.058809698705275
-0.0178295751772227 0.0151728203997838 0.0371770470304497 -0.193256544010672
-0.00180641486322169 0.00801120942519203 -0.00471821711905643 0.149414387678322
-0.00865661501431143 0.00539267873266167 -0.163463736062094 -0.0636535993308061
-0.00346672738279943 -0.0147748445094481 -0.213080129018273 -0.367767105633332
-0.0230797056062427 -0.0262048973070305 0.30093750575163 -0.446105774495179
-0.0106330090874341 -0.0233567931007036 0.748636796399062 0.120016009770667
-0.0135628342671183 0.00173593759342308 0.301817143867402 0.786605337460668
0.000284431355370856 -0.0368067344093815 -0.31303197249771 0.521475904574466
0.0239631221436688 -0.0499892085433367 0.0169020871520118 0.0703821702847414
0.0233309913371273 -0.0347306986712929 0.316351317147429 -0.498278740491938
-0.013335867469512 -0.00762531083361431 -0.314517907316504 -0.816614830426708
-0.0299025372018531 0.000996516949374266 -0.833969194336807 -0.0624009863801155
-0.0413105556341297 -0.000199115047730214 -0.285421487746523 0.602874568065698
-0.00843381951295446 0.00397710095536838 0.245251253175105 0.401625155976615
3.87601306161747E-05 0.00175905806069522 0.247010802145263 0.0456642050022094
-0.0146526199494579 0.0157614951089382 0.0318355268114863 -0.193243428814159
0.00128659004841227 0.00984138762684184 -0.00878840006871871 0.146795200106757
-0.00708760649663319 0.00925603567160422 -0.163315523342975 -0.069432495399804
0.000658049163288445 -0.0106320478725136 -0.197450466985586 -0.382575891150542
-0.0224584855642461 -0.0262354373873312 0.324529854442362 -0.433134081524625
-0.00921170472154778 -0.0242160738837808 0.741328988904144 0.164495178437319
-0.0124555085490429 0.00288840851971288 0.25786188334053 0.807334587248153
-9.09220908135409E-05 -0.0306248774844924 -0.326159545611946 0.507228086024285
0.0209009879490068 -0.0439539572084452 0.0334176238215187 0.0598650070230608
0.0212604642062682 -0.0269695046034511 0.306517376096321 -0.515451892428006
-0.012948597666576 -0.00562212266438907 -0.358917679889648 -0.793784049814119
-0.0323431514440757 0.000431673937638717 -0.832738898502622 -0.0104294932161406
-0.0405549783810806 0.00124363802341303 -0.252593563409465 0.610256242334967
-0.00331763486815363 0.00820015530718237 0.261782032698096 0.385143523492351
0.00320066095844559 0.00568098924736238 0.245581744603846 0.0345273050835463
-0.00908515672595669 0.0177032000216044 0.0263244540890098 -0.194116527318261
0.00527517695892966 0.0100876775900528 -0.0145655562523066 0.147732998300382
-0.00640189040432434 0.013118166848458 -0.166713097272211 -0.0715867886879969
0.00327392309066433 -0.00532685789654324 -0.186194542640114 -0.390780840879728
-0.0202681239260612 -0.0247389264144952 0.343667947785391 -0.428762179637452
-0.00554119686820054 -0.0254927396628559 0.732003845336371 0.192609364192198
-0.00884267063735861 0.00775080136900819 0.227742917979051 0.821917437691105
-0.00488132470854705 -0.0183056695540711 -0.331139929543107 0.497662157054981
0.0111359073359676 -0.0327813724163688 0.0475320249014136 0.0535873513088496
0.0176622105655167 -0.0168571205411132 0.300412290514461 -0.526881702012267
-0.00985485799785445 -0.00115149758767671 -0.384399639534409 -0.777967862542921
-0.0300968109960508 0.00100058707953991 -0.830391440825268 0.0192799001183403
-0.0368517720980754 0.00265028118001864 -0.233717732361419 0.610352419605024
0.000780758112318852 0.0120081817948361 0.272082181589681 0.369401165545773
0.00435157401984679 0.00920320451583933 0.245018687354619 0.0282493525883796
-0.00593348376349339 0.0174270626228603 0.0200095417968 -0.193152598805908
0.00802903665194699 0.0100543788396925 -0.0195412903734513 0.146529016002039
-0.00655862436313076 0.0149921760568494 -0.1673300710779 -0.0705364455811236
0.00427795412313202 -0.00145733785215629 -0.181197685616757 -0.396463336496157
-0.0154851241379029 -0.0243906493153284 0.346664236015507 -0.430144091192491
0.00174226801375673 -0.0250644089203868 0.72904949541376 0.199308132988372
-0.00496177469756664 0.014675059748891 0.220067116152836 0.8253837957979
-0.0139614022716716 -0.00506822526099933 -0.329175053854626 0.492963324195288
-0.00470376468964492 -0.0217522305692217 0.0551319231022063 0.0518773904535985
0.00999850370618305 -0.00488984947526822 0.299281841561308 -0.529008804211934
-0.00399837808476974 0.00296306496758424 -0.389313846341616 -0.775334847765702
-0.0243833778814074 -0.00220655583942921 -0.833488118063842 0.0267629436894659
-0.03353710882322 0.00305381134662173 -0.231357062678137 0.605065344773502
0.002443144991062 0.016653888736428 0.273492168853649 0.362743951084754
0.0023867831995524 0.0131171063952185 0.245476706137895 0.0283208491932095
-0.0010716943691499 0.0186192383181364 0.0148381325831491 -0.192768552632404
0.00932627669737422 0.00947631303741419 -0.0220373638050873 0.146973021551305
-0.0090134054292538 0.0146334622872072 -0.169453676334797 -0.0651264188976314
0.00192701700324693 0.00122183499733917 -0.184963025156121 -0.394762168265199
-0.0107202040024406 -0.0227397002834938 0.338544864050296 -0.44518862734365
0.0104541249736712 -0.0253629982404744 0.727975471778308 0.18015312103921
-0.000234717845401026 0.0224612938126179 0.23450980579538 0.817753972475921
-0.0238186449601202 0.00868617833779102 -0.321964812164203 0.498182600554724
-0.0219163379591679 -0.0102882810398533 0.0571193628182156 0.0548590146272351
0.00278079145963118 0.00642707420170771 0.308556377468742 -0.525675977308833
0.00345759669823116 0.00749321312863388 -0.37880845371733 -0.783767439450455
-0.0152443137527529 -0.00587614758548523 -0.837633118348682 0.00750249570937972
-0.0291315159203474 0.00295661460316659 -0.246924767644503 0.595929722240215
-0.00161694095689735 0.0207162558825993 0.270086686820346 0.364818109663506
-0.00157305148590203 0.0129792516548279 0.246023590312766 0.033806834123819
0.00109109285748566 0.0197726547402917 0.0113104259972178 -0.189210749196008
0.0105207402828521 0.00848489598856113 -0.0241747974475143 0.149029480991575
-0.0132298363102684 0.0139718467895303 -0.171792434356547 -0.0574642109573997
-0.000980688419536131 0.00247700923874261 -0.195924737129296 -0.389832723769397
-0.00601823004864691 -0.0226195738252247 0.320131244688217 -0.463159455448504
0.0201032055445268 -0.0262602334102226 0.734745741794147 0.144129371507993
0.00515138535382722 0.0311813770345344 0.269062707455612 0.807355279513372
-0.0347410705831613 0.020089025518777 -0.305873927900976 0.510091906910246
-0.03942773009238 -0.00278566839739138 0.0527334778408391 0.061698798673392
-0.00586295216545197 0.016459459052563 0.321862436994782 -0.517146898645656
0.0105132803762608 0.0130414995807631 -0.347973139579407 -0.803315673315783
-0.00143602177702423 -0.00751559271880956 -0.845197338775953 -0.032115698954904
-0.0237819500785609 0.00241055787612878 -0.273295978893541 0.583727137386167
-0.0066571637226537 0.0224400491151642 0.260246719893888 0.372791369186735
-0.00730535984527157 0.0140449209683353 0.248249071704585 0.0418789512341643
0.00155489462134982 0.019493176462137 0.0102301883243737 -0.187945188932278
-0.00642023558029925 0.00459860242189616 0.00236557896156873 0.152297842716509
-0.0177062799094272 -0.00122730556821865 -0.162971134581544 -0.0447478757646476
-0.0153763442351815 -0.0181942746965489 -0.248728403757849 -0.335051678521378
-0.0186122210144414 -0.0259981713860558 0.237298370072734 -0.477304610317226
0.000449818137475938 -0.0235784069727226 0.748305558003306 0.00279834155944003
-0.00801343247968819 0.00699921741523741 0.401649086711042 0.718617805731558
-0.0106036299886434 -0.0351148861278302 -0.27145026809781 0.551153107644269
0.0127638517149531 -0.0519908356152508 -0.0130124140462433 0.0929582976865813
0.0184914716317173 -0.0363313910541819 0.342382296753192 -0.453235917621854
-0.00648799808268891 -0.00823797554864602 -0.210055026393198 -0.859709364518532
-0.0107471479349937 0.000197233319875763 -0.82314510056207 -0.186919799876283
-0.036760872612271 -0.00561733941685398 -0.36167992492707 0.565809988136529
-0.0221129156634032 -0.00200619812676388 0.204982893144712 0.436845346565513
-0.0132126336798161 -0.00522106028551123 0.247795747634453 0.0716963073541176
-0.0197024211303742 0.0144962064994869 0.0409745794489979 -0.188965607749795
-0.00468885352491536 0.00709671535662236 0.00153894028629678 0.150055486012292
-0.0132375000980177 0.00162355020101219 -0.162477295855716 -0.0546400445947507
-0.00931364756558076 -0.0170508399041598 -0.23036941215047 -0.34874024067915
-0.0216723388853525 -0.026631425690316 0.2694756460164 -0.460402391247641
-0.00694552477069272 -0.0227089423577651 0.747387913970342 0.0619995495243232
-0.011627977534174 0.00297916979981767 0.352336487669015 0.751059283698759
-0.00457455070411446 -0.0395717999631198 -0.292722305089812 0.535747873568748
0.0217745507505299 -0.0539009820154983 0.0012527058946675 0.0813865883863292
0.0225603414228637 -0.0372140149179017 0.326194126581887 -0.474596599968487
-0.0112466510015964 -0.00960380352691614 -0.264527225408898 -0.839145537517034
-0.0216294978417891 0.000711820711127863 -0.82813166407811 -0.12221532761929
-0.0397497122632121 -0.00292064005047911 -0.32210072428246 0.584514848339025
-0.0156220191666082 0.001058964763993 0.22746714577012 0.419826306529661
-0.00582711448041973 -0.00174256883743776 0.246904182498714 0.057673557739958
-0.0169592957612052 0.0157740533082711 0.0355757400209609 -0.192139523253862
-0.00152108864716363 0.00812976498142688 -0.00310635315296469 0.147400282450035
-0.00946813432641708 0.00556179564010174 -0.163509610993061 -0.0624826559713301
-0.00408744082372098 -0.0146495794775354 -0.213467762671014 -0.364913570671792
-0.0231118931323071 -0.0264578523637072 0.298261937307773 -0.445415781192379
-0.0103713563829004 -0.0230143657781209 0.745221851866839 0.115840988451848
-0.0132811599105727 0.00171434999149535 0.301488276559602 0.781867058568824
-5.74446293546207E-05 -0.0367318953185323 -0.310324022982492 0.520039623732236
0.0246042330183143 -0.0501287482169075 0.0182516105070376 0.0698543140623472
0.0227932715655292 -0.0350870932264044 0.315004239181727 -0.495594587872143
-0.0121579783794033 -0.00885541570417484 -0.316296046905849 -0.81094550611542
-0.0288899472365234 0.00123653721226386 -0.829970066825064 -0.0576921578421814
-0.0412650978958719 8.94772187495438E-06 -0.281265209002189 0.601060913886884
-0.00770286668458702 0.00397449083409417 0.248190010313719 0.400087089445341
-0.00103816348012453 0.00275841075932362 0.246898218110253 0.0434763627319401
-0.0139016295830377 0.0157723603205724 0.0302052057760761 -0.192763025959233
0.000960968698243494 0.00980348110825958 -0.00805923970310436 0.146351874222836
-0.00645973715801377 0.00990601532261691 -0.163805272837057 -0.0690024251301752
0.00141311693903765 -0.00989127278126794 -0.19884943821494 -0.378691122208636
-0.0220835974048698 -0.0261592831353293 0.323505960304378 -0.432643545625541
-0.0102649437736694 -0.0232872076096559 0.735489982552591 0.162121962874705
-0.011670688499891 0.00219787168359448 0.257563540826106 0.801875643807196
-0.000606255290364455 -0.0300261671624561 -0.324171003994726 0.506189135406495
0.020108912284457 -0.0426651211140367 0.033729299817868 0.0602306518247233
0.0213730314008606 -0.0271850670330706 0.30260106137294 -0.514135545181885
-0.0127032685598775 -0.00521294225848561 -0.358948214731631 -0.78939643485232
-0.0317203966004638 0.00141785145211211 -0.828554889656119 -0.00656978430894077
-0.0401415485629377 0.00173765321700379 -0.248504175207404 0.609193151505555
-0.00218884749958997 0.00815002199099869 0.262650318415356 0.382692978199572
0.00271498287718979 0.00639302731474159 0.247143736407739 0.0331884781397309
-0.0086898943401532 0.0174725482462034 0.0244894285397694 -0.193254330090832
0.00513502530897195 0.010260236275831 -0.0120733752601201 0.145303312822481
-0.00633359642066555 0.0123832275251001 -0.165099159610539 -0.0704313415817687
0.00299656037496801 -0.00423398021498159 -0.186956287570375 -0.388071198163102
-0.0193240521231806 -0.0246541987766981 0.338950999631021 -0.428416873671183
-0.00701075797811476 -0.0251162624852619 0.729108280911395 0.191382598575114
-0.00876048415060259 0.00762576816124944 0.229204993354492 0.817703966112209
-0.00479635701439988 -0.0177081796133265 -0.330401797640115 0.495817808466852
0.00970463115961482 -0.0331604949602208 0.0470732701307499 0.0535718218044414
0.0167239114684454 -0.0168080000165264 0.296559823472067 -0.524084298734492
-0.00919900552262099 -0.00187325456768512 -0.385459761608572 -0.774373813249717
-0.0305593028316717 0.00106742893567902 -0.826680810518954 0.0228666621138101
-0.0371127624957808 0.00231990206681412 -0.228851021231195 0.609257034057398
0.00106360345839942 0.0127936270118752 0.272131504007395 0.366803226593556
0.00359411635858906 0.0106359365469518 0.244845783019645 0.0269070107913286
-0.00492100415142797 0.0188364829451686 0.0182709553112 -0.193259840742326
0.00786418547890094 0.00999238272666029 -0.0180654230007784 0.145324868953954
-0.00663509758423506 0.01592129109501 -0.166499630690874 -0.0698115004055692
0.00458389169436437 -0.000742875307146817 -0.183722378340253 -0.392722218533048
-0.0155995298983652 -0.0230064025746592 0.343219989292367 -0.429492422135067
0.00182102684815588 -0.0248318822644349 0.726183318293906 0.197223769351277
-0.00421198466960565 0.0150946609402536 0.221242074224895 0.820990327068995
-0.0145230494878841 -0.00498309176478137 -0.32665353080307 0.49164316927727
-0.00481913128215437 -0.0215637391733983 0.0557091346868906 0.0514002581110171
0.0112867995749892 -0.00552575417480545 0.296695894352601 -0.528106443531251
-0.00394450878900239 0.00236717817191038 -0.391029345710335 -0.769428852130375
-0.0243544126419957 -0.00246106087497724 -0.8305365108773 0.02928775926049
-0.0336054048420831 0.00424368657235947 -0.22877824043706 0.603379798051698
0.000918274444460541 0.015700816038617 0.273464539319159 0.360380950635626
0.00224727104289869 0.0131959562307904 0.244800546126005 0.0262448057130534
-0.000705456859420228 0.0188712241565215 0.0131947797080891 -0.192146012624673
0.00932425701349314 0.00965266126511603 -0.0214863689332727 0.146416748411459
-0.00954280752227214 0.0152431280492034 -0.169968623664197 -0.0645165245658572
0.00273642866355165 0.0014554445973064 -0.185303053814768 -0.39093560316072
-0.0100992868934066 -0.0225072475992276 0.334627287236949 -0.442389221221446
0.0101746323467539 -0.0260999685141849 0.725941635200256 0.178561209640308
0.000386934633700068 0.024384305252916 0.23704163268485 0.814362218531749
-0.0245848089616802 0.00874238886078617 -0.317849483771215 0.498238055900929
-0.0225941802478456 -0.0104361764011611 0.056422920074911 0.0549956617692684
0.00236133362232201 0.00679817716477317 0.30480997820192 -0.524619797832341
0.00320495296824213 0.00719263696059847 -0.3793877085587 -0.777531168165679
-0.0134367722019256 -0.00431521687456424 -0.835384488735161 0.0101995882001155
-0.027948230512933 0.00328774321912013 -0.242663688367364 0.594919204796808
-0.00143757746319656 0.0206212941982415 0.270967623038403 0.361488470873205
-0.00218795644148994 0.014690869320432 0.244883821811841 0.0317439047455204
0.00220307508959536 0.0195742070254907 0.0105729683883142 -0.190266613238545
0.0114710217358508 0.00851170414977299 -0.0221254256421323 0.148587155933318
-0.0134672326941413 0.0138470064395761 -0.171892352900193 -0.0566672426101074
-0.000978607344830921 0.00255449739761574 -0.198758181835664 -0.386467058676604
-0.00506668956496682 -0.0224009723377519 0.31739326776329 -0.462141028841322
0.0208091522102343 -0.0268048014239285 0.731723037071237 0.139457240636153
0.0060579816240212 0.0307366570196391 0.2701498970742 0.802190021942091
-0.0347173472999948 0.0204350199263167 -0.30281133858101 0.508691820522287
-0.0389839169415209 -0.00168106675989962 0.0534617988577681 0.0619709653864103
-0.00693348839970157 0.0175470495856256 0.319413959434444 -0.513879591832975
0.00879623178296666 0.0115128560233727 -0.350840383632411 -0.799910036055123
-0.00129206971839704 -0.00710601059143545 -0.839894932496931 -0.0302458600683952
-0.0234508992187134 0.00351723043113875 -0.27085566223812 0.582670660232498
-0.00579061715168907 0.0228686711157741 0.259880240963235 0.370108680147381
-0.00698308155350548 0.0139605983298951 0.246719300653203 0.0403476889496674
0.00178503539417932 0.0195274429144384 0.00916619764133008 -0.188064729316777
-0.00637060418516077 0.00583357390426367 0.00206526001049488 0.151194547938632
-0.0180986836954884 -0.00058114179536526 -0.16446746813104 -0.04400453580886
-0.0148639322438039 -0.0174040337696675 -0.248418837434129 -0.330221880930641
-0.0179352922424291 -0.025086602668492 0.233436812127746 -0.475538096037198
0.00124425527789985 -0.0235185254901372 0.743704391779905 0.00129235303225628
-0.00733271857129384 0.00707014144344617 0.400036693392663 0.71410480239107
-0.0114166166811142 -0.0349001795616256 -0.269702221566104 0.547956160530433
0.0121280909162357 -0.0521271448401236 -0.0134091226108199 0.0919976748188589
0.0163922197829928 -0.0361773251396626 0.337246982560575 -0.450967311258444
-0.00687323087093129 -0.00838625230638029 -0.211443898786219 -0.854810587122271
-0.01124908446341 0.000446802128366071 -0.818632548321126 -0.182489999480909
-0.0367549715410653 -0.00356112552909529 -0.360634309846132 0.564013592025889
-0.0209109485469073 -0.00195623732775184 0.205248694800132 0.433866936350875
-0.0142288956938899 -0.00537192064438168 0.247684966787451 0.0695443004147772
-0.0198432896783513 0.0150553905253824 0.0389864683236288 -0.187750355845389
-0.00335902890159564 0.0062783847726718 0.00255881345504863 0.148552358685229
-0.0125206098340944 0.00233094091888096 -0.162236273168479 -0.0555072740178607
-0.00907917671218207 -0.0172698098535245 -0.232481784742201 -0.346127283961957
-0.0214089647651586 -0.0251754158972777 0.26504712010818 -0.457683215583972
-0.00659964433469019 -0.0234488790442567 0.745420713711495 0.0591454435706907
-0.0110174904388265 0.00301243512869785 0.349632993687474 0.744561184561814
-0.00392006730021678 -0.0384705729467631 -0.290472576390262 0.532664310365239
0.0212800331220536 -0.053229212228122 0.00254295535398829 0.0806527978561292
0.0217654770949154 -0.0380248512419348 0.323558617515033 -0.475139094908649
-0.0102867800875539 -0.00948317545839058 -0.267833034034548 -0.831969444969549
-0.0214067212813264 0.000787007660409338 -0.82452718208793 -0.120431454794586
-0.0388024367836449 -0.00249030790064189 -0.318759236033923 0.582802897852472
-0.0154558190503791 0.000807560508534958 0.228501792819891 0.415214270783352
-0.00684564694696025 -0.00132319404292311 0.247428732158722 0.0550517676165034
-0.01747914561388 0.0162059510508873 0.0350510262589368 -0.190695549159758
-0.00153743993161063 0.00892149345831173 -0.00236426329639799 0.146555843800583
-0.00876313171782851 0.00655300109018573 -0.1628276304347 -0.0619364232495647
-0.00391317635599876 -0.0132621813545 -0.214319068619433 -0.362117462834647
-0.0232430335143512 -0.0251767740885094 0.296137693775317 -0.443224992297832
-0.0110881890226484 -0.0232999382328088 0.739809671214442 0.11462143413124
-0.0131599324314524 0.00159460748769794 0.302375993019706 0.774954691700901
0.000238705643891533 -0.0362323400124186 -0.307349082744504 0.516859554910162
0.023251629541446 -0.049780723060418 0.0172453679591274 0.0697468076538669
0.0237880709063673 -0.0343228528398767 0.310992558361947 -0.495696260992993
-0.0129002480944155 -0.00801267402749481 -0.317781024313344 -0.806071649955458
-0.0290948468498396 0.000896629333266948 -0.826081700162526 -0.0562772690030335
-0.0410868188858607 -0.000292634115789158 -0.277522734300932 0.599021496171943
-0.00795193382646074 0.00424065436642688 0.247995665399789 0.395595735446968
-0.00189952041593313 0.0031508943038985 0.246299145925436 0.0427364712300722
-0.0127629141699866 0.0177001777941681 0.0300610747539791 -0.192207801879746
0.00130355217397322 0.0102355371078123 -0.00685889208636627 0.145713266202683
-0.00631740731854815 0.0104831951006265 -0.165042347570629 -0.0680186985092019
0.000755562241157306 -0.00990033337938117 -0.201165429116733 -0.37581636931013
-0.0234017140423552 -0.0255285302038791 0.320717100579511 -0.431380831331305
-0.0106236465748604 -0.0246288061767079 0.733615064870106 0.160787611970015
-0.0109008910458119 0.00315513260335895 0.257460058335394 0.797401550962759
4.33599311398247E-05 -0.0297820766154908 -0.32155804947416 0.503344267136026
0.0189830689488527 -0.0422926893291175 0.0331265602827993 0.0592638658880079
0.0205523821869454 -0.0264385580449185 0.30030323652402 -0.511706226033676
-0.0130929994546199 -0.00584540907276093 -0.359301185441833 -0.78495793160312
-0.0319177925216796 0.00235553170898662 -0.824909174846631 -0.00450348132975064
-0.0397436265810535 0.00149887514924827 -0.245342660322924 0.607496080941512
-0.00320500814563669 0.00766511681522486 0.261807339795986 0.378013947718577
0.00289176077775761 0.0069846798754928 0.245589368277366 0.032041642108148
-0.00845764970009832 0.0176915105584276 0.0232649518276467 -0.193014752006005
0.00507068680393924 0.0105114701899328 -0.01220637349066 0.144719714506063
-0.00532568952518352 0.013622308703289 -0.167011626168618 -0.0697046760473508
0.00259488400222239 -0.00507425778751561 -0.187963729613731 -0.384839765687155
-0.0203176807570745 -0.0238832618320975 0.335591028895603 -0.424508753634506
-0.00659929831588807 -0.0252809999152048 0.727203135375155 0.187219441073122
-0.00762578238936606 0.00878348114882446 0.230891695902456 0.811590195649406
-0.00527809278275083 -0.0170917406275383 -0.325688336611638 0.491799477972324
0.00907969290361858 -0.032399045429258 0.0469419330418761 0.0532125317428575
0.0162881068901025 -0.0172410586200174 0.294427188868339 -0.521197148267651
-0.00884045254420768 -0.00267474045138713 -0.385721716117936 -0.769487365018489
-0.0292729523731619 0.00166358046279697 -0.823984000634407 0.0239023889529311
-0.0377826480338903 0.00343795120233291 -0.226495184709596 0.607322487279748
0.000743733220372137 0.0120139909891969 0.272489409915506 0.364112432004353
0.00358715206746891 0.0110654838425781 0.244943400179657 0.0244411259493737
-0.0053400547328403 0.0191641786486906 0.017893363052647 -0.192019419358013
0.00741303006385945 0.0111560455449154 -0.0182081948513979 0.14479304119251
-0.00685113404558187 0.0159155066006602 -0.166865264300538 -0.0684083382102802
0.00370955499382119 -0.0016569117931543 -0.183928777136416 -0.389941426657362
-0.015947643421286 -0.0230561618904116 0.3392492744997 -0.427900005975572
0.000511180151446107 -0.0249398777584308 0.720853011788303 0.195192122463936
-0.00441958872873379 0.0154026405598139 0.222123430117908 0.813856718598105
-0.0140577827689124 -0.00423680723356235 -0.324611194315352 0.490411185120836
-0.00543974230105719 -0.020562491889128 0.055103743368555 0.0512212238124188
0.0098322141277323 -0.00576122800456451 0.29370479289726 -0.525552457437168
-0.00340916873428674 0.00252040090664407 -0.390402301889167 -0.765941228689607
-0.0234047195206705 -0.00122496028243274 -0.826244523186572 0.0327768893793719
-0.0336697308418385 0.00407831779713803 -0.223469323891443 0.602172438733811
0.00109303960711007 0.0164995677263027 0.273781463369777 0.356689907804162
0.00194848918599736 0.0140854738183843 0.244307093280304 0.0251467685817738
-0.00135697747836286 0.0194194204723235 0.0128898692246697 -0.190102695397394
0.0100400569958273 0.0103441432232834 -0.0197676169584777 0.145373575206884
-0.00893211217716463 0.0145218615463918 -0.170770616812979 -0.0627162430476003
0.00302522016095229 0.00163120752590015 -0.188160924182131 -0.387693971944167
-0.0109621869660343 -0.0221895577839264 0.330383036334936 -0.44068566522666
0.0105427065086876 -0.0250488357086764 0.721936632048704 0.177474199885801
0.00156300918434711 0.0231214980754523 0.2353071734173 0.810328336282212
-0.0245096819062158 0.00877753265410909 -0.31483627780551 0.494147946468294
-0.02319199023457 -0.0108495662983527 0.0558743886248436 0.0541086137685262
0.00278700137636658 0.00667945572796706 0.302618118586194 -0.522464462700192
0.00356453675287084 0.0071123877409981 -0.378891315225268 -0.773336056570643
-0.013962596065565 -0.00446741715966465 -0.830725368840104 0.011396335132424
-0.0283935604380515 0.00371175576742889 -0.239904602097414 0.592933870480599
-0.00108006457437196 0.0194270214344571 0.270874596071077 0.359231391748357
-0.00169040788184149 0.0153234433934232 0.244152792890799 0.0298377641175971
0.00210156545294533 0.0198570908039731 0.00926965841152247 -0.188521449174926
0.0103361087406333 0.00914100110422163 -0.0208637653309507 0.147807377396617
-0.0131071498451993 0.0147031077486388 -0.172456875840409 -0.0558330881832755
-5.72870701664901E-05 0.0024832654007157 -0.199282374583384 -0.384251618084901
-0.00580470740915241 -0.022445560293473 0.311775975134101 -0.459213517412685
0.0200690547694915 -0.0266677886142256 0.727701311528187 0.138625006777414
0.00542063315564585 0.030425711350295 0.271237854129968 0.7969061083277
-0.0342909695296624 0.0213333153201741 -0.3000852309695 0.505955618418075
-0.0391721545639697 -0.00104166807563228 0.0532281058783243 0.0616537479020887
-0.00706500192555086 0.0159664858603309 0.316767380569428 -0.51219871955404
0.0105434411333791 0.0122741715433274 -0.351832964005976 -0.79326896245748
-0.000801929667598321 -0.00567412701564889 -0.837947012869071 -0.0275700113745721
-0.0230987864310103 0.0034927523725601 -0.268169016787242 0.582719987569545
-0.00664842424678793 0.021326458929706 0.25945579164058 0.365981297570098
-0.00786224364179592 0.0151910781642158 0.245860330486891 0.0386167454133492
0.0020672341683569 0.0205383590474768 0.00836283303305902 -0.186737157142395
-0.00661751712631318 0.00602115822688082 0.00367695044673627 0.149575576808687
-0.0171956343622664 0.000252399985806603 -0.163379545265449 -0.0437436488106175
-0.0144882149674056 -0.0177439302282297 -0.250139261773114 -0.328415106120866
-0.0188460591067437 -0.0256923899539862 0.230667773655348 -0.472247930015227
0.000824822497875656 -0.0236193416437336 0.739292739636257 0.000316142531085415
-0.00662213413666308 0.00631908842487893 0.397968341707858 0.709033634155602
-0.0117173823726255 -0.0352561168786536 -0.266508326577877 0.546041518370558
0.0112123264016133 -0.0524142927433533 -0.0130153503757136 0.0912033698312804
0.0159895493033897 -0.0365623569962861 0.333621054456501 -0.45080721867422
-0.00738104081655213 -0.00769520946468808 -0.212507942916876 -0.85112306305221
-0.0108032529111002 -0.000561446014511462 -0.818402838658589 -0.180625620249361
-0.0357837361265096 -0.00405979367697599 -0.357295422014187 0.562795146784879
-0.0220521638099689 -0.00225187375644274 0.205374174849337 0.432468841090913
-0.0137682234444 -0.0050427954000739 0.247024155640176 0.0687713470169387
-0.0189688626042637 0.015892226555762 0.0385133724557827 -0.187488281610636
-0.00447059974356912 0.00714251555029702 0.00271301648263284 0.148160423194206
-0.0128144660404688 0.00331856347583501 -0.162745072274163 -0.0538149069619682
-0.00888326544416166 -0.0165831413008345 -0.233864762248254 -0.342139353506413
-0.0215933872033785 -0.0255335739257004 0.262039818040981 -0.455602352826545
-0.00651572061217016 -0.0230298771940269 0.740870663695184 0.0575651191964125
-0.0101933636472443 0.00275265933794168 0.350545284181726 0.742602965689254
-0.00421566013743579 -0.0382707544225084 -0.287855404613439 0.531505316929961
0.021288434330541 -0.0533074824789763 0.00110972209050422 0.0798853900815367
0.021580099997556 -0.0378471391138067 0.319610730990364 -0.472388178985739
-0.0109758884491046 -0.00989125413006074 -0.265720146461282 -0.829810436422067
-0.0212870707296156 0.00129404740133846 -0.821668814729014 -0.117952442525359
-0.0391249415325826 -0.00177863796535546 -0.315976623360344 0.581387537304971
-0.0155301736802668 -4.38708386944989E-05 0.226834702439204 0.414090604021325
-0.00768925743733236 -0.0016323026077779 0.246775736029491 0.0558735206235039
-0.0160848524405216 0.0164405814772833 0.0339732135851027 -0.19042665209975
-0.00175617262001594 0.00916934022545674 -0.00147078591768355 0.145757618907013
-0.00929002871703163 0.00631324783807547 -0.164002596248096 -0.061712853811597
-0.00363765379926723 -0.0141028634549107 -0.215264473570224 -0.358597614521828
-0.0236199374312118 -0.0250839155852988 0.291951876559472 -0.441194925990574
-0.0109380658738099 -0.0230179762329562 0.738072850887618 0.112456101317822
-0.0118921270685045 0.0023104396936538 0.301950402688552 0.771259886968928
-0.000250581672572959 -0.0354098273440362 -0.304801648850899 0.515025884566284
0.0232644508318448 -0.0496088732504796 0.0166497816470967 0.0688902879229105
0.022139963242838 -0.0348652075508187 0.307429175545133 -0.491694641989454
-0.0126109014847436 -0.00835935330849233 -0.317695051727621 -0.80280755693451
-0.0282398286113494 0.00260370979651679 -0.822366017831957 -0.0545638882955968
-0.0409362088452476 0.000566355830683662 -0.276149833998199 0.596825643927871
-0.00792563947352538 0.00266275286757206 0.246550126499463 0.393031473008528
-0.00129856089516942 0.00325633114932512 0.245619694365316 0.0414587740101684
-0.0126203351026 0.0169590103674875 0.0290474520487539 -0.191274866493417
0.00217950785534308 0.0111778931727776 -0.00648833407461266 0.144828923911459
-0.00650409110822267 0.0105761211531012 -0.165718957815321 -0.0665560631496468
0.000878619215600797 -0.00897485865301458 -0.199432090852269 -0.373712744622289
-0.023215620337602 -0.0245577521112306 0.315503282093337 -0.428827756218971
-0.00970591400001586 -0.023978123372874 0.72929767003598 0.159331149440107
-0.010935148672441 0.00304318522866324 0.257445511002721 0.793653933380655
-0.000543002798754414 -0.0290844280219621 -0.319166804545514 0.501012045994318
0.0189017655946098 -0.0412679205570156 0.0329430530402299 0.0592790730943782
0.0202421814077315 -0.0276032975809929 0.296374366357792 -0.509538313016547
-0.0122194528783463 -0.00575576780344297 -0.358653349559126 -0.780286584959304
-0.0312598573245823 0.00189325239565499 -0.821430590699655 -0.00362349542889562
-0.0405367120413726 0.002395320363414 -0.242507781057587 0.603367135155953
-0.00269771381049856 0.00729081853997065 0.263042888591468 0.376767549783127
0.00358043096224754 0.00764148704788072 0.244623915343441 0.0294749744847735
-0.00877274479198402 0.018886767989288 0.0224729371547855 -0.192179025552521
0.00571445060398807 0.0106548764613991 -0.0130602723962199 0.142755370384895
-0.00495282377599309 0.013280581249263 -0.166531838193015 -0.068460882618038
0.00398800305406659 -0.004984587992528 -0.189258330379311 -0.381653993098446
-0.0206985221985833 -0.0240356038997738 0.332335651798497 -0.423019916335166
-0.00608326944680619 -0.0246503748852194 0.721168638293329 0.186880182161252
-0.00781319760161157 0.00877326064562712 0.2311947637348 0.805985340070126
-0.00490413292986974 -0.017867959320225 -0.323499029313406 0.490278371069388
0.00795740838654215 -0.0321437592489953 0.046643066853187 0.053135915623644
0.0150115102890331 -0.0183127353748235 0.290093959457136 -0.520652862536138
-0.00931500116050073 -0.00236762739760491 -0.386856340797133 -0.76433627399248
-0.0293990670997764 0.00122152258132642 -0.82029043148864 0.0253973617693269
-0.0371570130878788 0.0030048559517587 -0.226560788367964 0.604780965443613
0.000911616021567783 0.0112087276041906 0.272410295511331 0.361468235432579
0.00327416644871326 0.0112183808085437 0.243319002376832 0.0257781409629979
-0.00347462592538862 0.0191651732628963 0.0151815341142568 -0.19053737178145
0.00829356801983071 0.0116046087440512 -0.0160895563168188 0.144764777992583
-0.00690662757383684 0.0159208457828979 -0.168470229540387 -0.0667235793172993
0.00409464596462129 -0.000473078410279459 -0.187006865280458 -0.385107740279362
-0.0162897289992196 -0.0225646987294008 0.336967300356335 -0.423610015111693
0.000790768477382262 -0.0250879774046548 0.718597034464009 0.19257507067629
-0.00381167931193917 0.0158143191121898 0.221516482425416 0.808556702902732
-0.0144487491354294 -0.00432957187663277 -0.320688504680927 0.486515438730178
-0.0057874157302446 -0.0208243477608216 0.0550495505212823 0.0513436250003441
0.00954309673647744 -0.00588388971650526 0.289052429452715 -0.523188882363517
-0.0034682292317664 0.00184924948340233 -0.390243644643928 -0.759846687497325
-0.0234107619718952 -0.00181678701826874 -0.822025581359841 0.0345093729921709
-0.0336360236304861 0.00403297140757981 -0.224097243743215 0.600754098091468
0.00252936473584709 0.0154095678023952 0.273604500435883 0.354883957280853
0.00211091685971958 0.0134524251698193 0.243691555555164 0.0242446749594875
-0.000802174400313504 0.0203781521288119 0.011734535598952 -0.189848126868921
0.0101507376516929 0.0102389604380902 -0.019598740381699 0.145486203527059
-0.00844432738113711 0.0160305782882828 -0.170051385746528 -0.062323694896167
0.00224854298583197 0.00227454570414348 -0.188491635134653 -0.383881995100883
-0.0103830536249088 -0.0216451688757135 0.32852901290727 -0.437711225130743
0.0102954577285587 -0.0252354172878356 0.718336826152238 0.175514196033476
0.000833465324608859 0.0232307458622612 0.237041361725702 0.804384392365622
-0.024661925414956 0.0089561272411796 -0.312416208657717 0.490421518289187
-0.0235947931831942 -0.00901500133807416 0.056678025993872 0.0539167637749901
0.00167679568429063 0.00637296578997208 0.299810326308365 -0.520953142239918
0.0039720029120854 0.00732252795856232 -0.381712198570457 -0.768662216042434
-0.0132283551603673 -0.00340547435701666 -0.828569350655515 0.0157648525648677
-0.0287663148109446 0.00384605704653791 -0.23629804806585 0.590244348495276
-0.000626792953812898 0.0191395938222404 0.270621616752261 0.355903802866684
-0.00182539917479915 0.0162283888597476 0.244551938021229 0.0288307438415321
0.00201781316602583 0.0206309826275432 0.00859580859828409 -0.188401999540293
0.0108677626253124 0.00893208784057798 -0.0203145789912005 0.147030111909182
-0.0126077347659631 0.0138410491456493 -0.172089387433343 -0.0546579204926241
-0.000202218112589183 0.00276489737571699 -0.199683185868399 -0.379645933898423
-0.00581142934155911 -0.0213650785169433 0.309715806308225 -0.456695579816172
0.0200131151914525 -0.0268720975527289 0.723728432202948 0.137261535033069
0.00728818238075065 0.0311697366972418 0.269424586794778 0.791441508712422
-0.0336475583928507 0.0207701068757709 -0.298181988324275 0.502999341673958
-0.0402278766609445 -0.00188015203795063 0.0525237220607092 0.0607981049805503
-0.00770635529268283 0.0167397162795751 0.313109019761112 -0.511804397661121
0.0101957234167489 0.0128245310715195 -0.352408200607538 -0.789843887306022
0.000603754726201743 -0.00667179047156609 -0.834399759258308 -0.0268407263039675
-0.0230713012610162 0.00232962926547215 -0.264784039165757 0.578889006944749
-0.00649190451158936 0.0208374032689506 0.260072678688588 0.3645296910598
-0.00837790192120154 0.0156999645949047 0.245490303006379 0.0381876490218753
0.00351028863669265 0.0210030288025035 0.00685638595206255 -0.186102365185656
-0.00729401366915554 0.00483774079267949 0.00495255743653399 0.149499361819697
-0.0176008681657888 0.000586221641765807 -0.163802476652726 -0.0441774078564473
-0.0148470359403996 -0.0167912169937858 -0.249473390838793 -0.326293981484197
-0.0189635969869192 -0.0249338948264202 0.228197717544368 -0.468524230251269
0.000315341985779929 -0.0231408322492569 0.736386956789401 8.92623561850968E-05
-0.00652337910877028 0.00746107675273124 0.397462559235474 0.703736966607243
-0.0115891739533186 -0.034342075090753 -0.266460163076913 0.543495414909271
0.0115316729685852 -0.0508106767884905 -0.0130671196590962 0.091166134582305
0.0164161565704477 -0.0349071286624378 0.333516059142944 -0.448762223427631
-0.00668816765682594 -0.00885218096945889 -0.211048007874281 -0.845607831872246
-0.0113457370499949 0.000460553626551688 -0.813511878519166 -0.181030665248394
-0.0367486514881331 -0.00322361972312451 -0.355973379819855 0.55937428191496
-0.0214473945542881 -0.00285205665228828 0.205792597864463 0.428504132607672
-0.0138079180199668 -0.00395391325749337 0.246190700392105 0.0678186378341943
-0.0190724051086915 0.0159322516695378 0.0376782757775556 -0.186789353184208
-0.00472584527540119 0.00693751709528386 0.00447282429765137 0.147777090276037
-0.0119256769194064 0.00299231949663699 -0.162903447079852 -0.0518444617451489
-0.00955273888038753 -0.0166680943236482 -0.232571205352344 -0.339966168550448
-0.0224113136643165 -0.0245035468383652 0.261128911337425 -0.453633533340816
-0.00630326575891197 -0.0213089225292705 0.736922999999624 0.0570301761182726
-0.0107324629983249 0.00322754524203805 0.349666556799422 0.737234990308495
-0.00565513788597102 -0.0383537277237835 -0.285600097465982 0.528940297012479
0.0199833278318836 -0.0523410388519625 0.00116863655249432 0.0807103876414628
0.0207750221685807 -0.0384116534558497 0.318231000103121 -0.468965484272441
-0.0111774106881399 -0.0104049378118871 -0.265604787296579 -0.824165573915384
-0.0208450875058888 0.00106482737318637 -0.819067790183154 -0.117437008703697
-0.0396779178901786 -0.00208104477130541 -0.31379364612562 0.578133980087925
-0.0150620118468346 -0.000390691828725385 0.227703136439934 0.410380169263617
-0.0082595346474624 -0.000797585754895143 0.245871378416665 0.0541319225601266
-0.0165929163449 0.0174514204932122 0.031925844534408 -0.189727346760431
-0.00182727713674693 0.00878351971611491 -0.000396125338548154 0.145695684605845
-0.00815650177754587 0.00672627661269449 -0.164560285846932 -0.0604185284179216
-0.00323201384796066 -0.0134152255874096 -0.217269195978377 -0.355815224947082
-0.0232053672472383 -0.0246116777093528 0.289681129299773 -0.438707003015622
-0.0105301339720905 -0.0225537048043069 0.73275043092025 0.112331811302665
-0.0115185758589524 0.00263649823117297 0.301072639734082 0.766791826943984
-0.000860938331963632 -0.0360697744329517 -0.30324385486658 0.512144544879544
0.0224810847923193 -0.0488664945602423 0.0167525412130169 0.0683901652917813
0.0223969016944267 -0.035317878924781 0.304840172333615 -0.490662490845918
-0.0124135826829573 -0.0094321135015637 -0.317586415140807 -0.799274393360944
-0.0277257457467068 0.00249129417753504 -0.818810167536429 -0.0529126751119178
-0.0399607445583759 0.000679279447311885 -0.273326348075398 0.593965648611646
-0.0082736476388658 0.00329722497964406 0.246474190206512 0.391618762644561
-0.00185003929803081 0.00445337449323214 0.245309126284733 0.0400739188355321
-0.0136269893958024 0.0183474949612737 0.0278736739045831 -0.190662319683186
0.00181890279109401 0.0105525838940031 -0.00572869503389636 0.143767157789787
-0.00612682775962106 0.010243159804556 -0.16602081384491 -0.0670859842580864
0.00115968733513663 -0.00942257447018947 -0.202004238035605 -0.369266539439018
-0.0227155592727591 -0.0241713709940413 0.315278963394057 -0.426274143375776
-0.0105176135205955 -0.023752824954345 0.725412808514598 0.156751883509753
-0.0110850416974307 0.00261848157416365 0.257389233703497 0.788486156611874
-4.10363080702719E-05 -0.0288443236644784 -0.317392101746942 0.498682964185578
0.0178797564641551 -0.0415269245386822 0.0329208298433814 0.0582889792330993
0.0200904311036241 -0.0277577996053552 0.292839468749249 -0.507996103589319
-0.0115382709726578 -0.00561167439701967 -0.35955570352637 -0.776956770793549
-0.0305264556343403 0.00204261102148529 -0.817269590459864 -0.0016560875426284
-0.040090375479853 0.0026881915904364 -0.242465729944103 0.602422118482926
-0.00224585025827942 0.0064129388077612 0.2614085333403 0.373731766268871
0.00213313707635734 0.0074381551765207 0.244938020959786 0.0302754615645124
-0.00904514393884217 0.01970021020576 0.021355167223379 -0.192002497223372
0.00506976975803044 0.00993519533391877 -0.0108195869896981 0.143657223746013
-0.00479453101931506 0.0139119477783235 -0.167614799007562 -0.0688840459304011
0.00369446871595104 -0.00404970913919543 -0.190802770772281 -0.377590536401676
-0.0201352976743637 -0.0236757920776682 0.33142005633684 -0.41978867414829
-0.00655807317695693 -0.0248445936028048 0.720263815301644 0.18570773116696
-0.00824335350892774 0.00769978247866086 0.229345357956274 0.803842986587069
-0.00511801659955725 -0.0164728127491335 -0.32116651224088 0.488154537074923
0.00746325117370522 -0.0315542542472281 0.046135187699943 0.0527157738725631
0.0147649524126777 -0.0180394508414537 0.288033892363253 -0.518628269741699
-0.00873457250281182 -0.00220135439403445 -0.384689695784479 -0.762179893585495
-0.0294026269322721 0.00137620189521266 -0.816401161564365 0.0245801841688881
-0.0367673828360056 0.00407502065975822 -0.22121708423959 0.602016125801697
0.00145271318380854 0.0117331350303511 0.272097675354245 0.359758241735786
0.00299688054002682 0.0121818265700328 0.243297230062336 0.0235376149620696
-0.00463451446716081 0.0202885015977199 0.0158233243770657 -0.191898392416851
0.00698811488465582 0.0103236603539203 -0.0162033706581541 0.143901677996921
-0.00662577749659954 0.0153878787734729 -0.168176647202492 -0.06680647070263
0.00434330127691661 -0.000410672835539689 -0.185200551686188 -0.382418893450055
-0.0168082872019246 -0.0227623781483197 0.334806678999699 -0.421192966504484
0.000845871661940981 -0.0249496779704368 0.71602136443784 0.193345728008619
-0.00348594744438949 0.0147041526417298 0.221446919697191 0.806540830136787
-0.0138572758341333 -0.00452434943186453 -0.319333822759703 0.484300998162231
-0.00772326451725614 -0.020241031841287 0.0544304262382423 0.0507760880096477
0.00876196462303049 -0.00674985672038875 0.28921905778692 -0.52195711884239
-0.00380582496378277 0.00278465713097978 -0.3900322189259 -0.756957591706721
-0.0236084043496133 -0.00113160293216864 -0.817466557150529 0.034552275994147
-0.032580107454867 0.0049087120712927 -0.221539223601005 0.597613336574581
0.00159400568626222 0.0153468467097005 0.27295262773942 0.35183112340303
0.00161220919786378 0.0136981269185128 0.243849470736785 0.0237742560757796
0.000575396651184489 0.0204443207217124 0.00983231686217076 -0.189803029422516
0.00888781372351323 0.0108482098082632 -0.0191860096476111 0.144535924180061
-0.00871877528434914 0.0164954061091077 -0.171389625528559 -0.0620854097611929
0.00257318610196146 0.0019208002974307 -0.190127406947754 -0.38075310023787
-0.0111259775514685 -0.0209412691775649 0.325973302998868 -0.435132675123816
0.00906969240062969 -0.0255109571949323 0.715344538878185 0.173498538227114
0.00169910958538571 0.023430594799873 0.236733320368734 0.800458297820684
-0.0243232407710429 0.00875023623448782 -0.310778345770407 0.489939271551384
-0.0240050575111613 -0.0101283159187015 0.0568683102381115 0.0536524095272279
0.00113440400512815 0.0055280758881795 0.296988609041105 -0.517257890565107
0.00286396085008252 0.00625148364825766 -0.379217708045466 -0.765464638968524
-0.0125002329095785 -0.00444131100504072 -0.823590874303094 0.0152407177584343
-0.0284657573248684 0.00351381136621646 -0.234482657482063 0.588344454502858
-0.00127926289511753 0.0196256732478628 0.269204535343496 0.35296159252032
-0.00304790052098303 0.0162597047916644 0.24314059614465 0.0279858980498401
0.00299836589783768 0.0211057976026062 0.00648459358254907 -0.187283176796631
0.0106789412579179 0.00944586607527507 -0.0201287445197342 0.145324234885923
-0.0130447621214733 0.015721110411865 -0.173078885825802 -0.0549087974886799
-0.000900855869888457 0.00292624845546338 -0.199104826550686 -0.377536471099591
-0.00564295906993749 -0.0217272789183876 0.307761784849667 -0.452641843317443
0.0188170852851201 -0.0261041546923691 0.720575444087624 0.1363209364936
0.00623488839928767 0.0301794887262984 0.268751042920818 0.788240780425645
-0.0341181468467041 0.0204296109178359 -0.295297944445219 0.50094012766008
-0.0400372509679789 -0.000945271176248666 0.0531008131238447 0.0612604655353502
-0.00846041604948282 0.0160936906602578 0.311545779797446 -0.50828982033372
0.00973091002670724 0.0119731139643277 -0.350636922038715 -0.78510175385305
-0.000703589173383504 -0.00613152207221663 -0.831182826566301 -0.0250233554221098
-0.0233271467865236 0.00357283082365718 -0.263714558562453 0.577363673990312
-0.00644074204712208 0.0207463755934025 0.259737180738613 0.360981203039563
-0.00861674157265202 0.0153401630203645 0.244796791629519 0.0359826293771082
0.00356142969955805 0.0217528440681008 0.00584773281757212 -0.185225500911828
