TRXV5
3
4
4
9
string Extension=J
integer IsArchMeasurement=1
integer IsSpherical=1
string Generator=SPM
string GeneratorVersion=1.3.1 Dev
double ArchRadius=0.449999988079071
integer FrequencyAxisIndex=0
integer AzimuthAxisIndex=1
integer ElevationAxisIndex=2
Frequency
5 201 900000000 1000000000 LIN
Azimuth
7 8 0 2.74889357189107 LIN
Elevation
7 15 -2.74889357189107 2.74889357189107 LIN
Polar H Real Part
13
Polar H Imaginary Part
14
Polar V Real Part
13
Polar V Imaginary Part
14
Polar H Magnitude (dB)
12 0xC0000002 0 1
Polar H Phase
7 0xC0000003 0 1
Polar V Magnitude (dB)
12 0xC0000002 2 3
Polar V Phase
7 0xC0000003 2 3
-0.00550596777329822 -0.0052873656815716 -0.109408421386597 0.0957565176344943
-0.0226386519062756 -0.0197794681616331 -0.114523609286649 -0.158068511415396
-0.0149860997269543 -0.0240738581796221 -0.0106585837709874 -0.437480704046694
-0.00349960480115063 -0.0194083371960312 0.447449492247433 -0.332221427384305
0.0135232818329255 -0.0217831296060998 0.682485467869849 0.289168583204718
-0.00661758918738104 -0.0142012450959217 0.157110162692725 0.786536998361561
0.0135140103069115 -0.060534042727879 -0.369144662543272 0.458271675706725
0.0477934424881895 -0.0681051416436748 -0.0396733065558691 0.0972223992694796
0.0475073075492055 -0.0506947709593029 0.44933332484162 -0.275883862831945
0.00521835224246246 -0.0282883181330687 0.215553146827801 -0.833306018797162
-0.00389107237560707 -0.00511265656315992 -0.577553157412043 -0.631836871603554
-0.0269796022433902 -0.0138464689409311 -0.656360311758016 0.199837460111563
-0.0273552464679075 -0.0205021844427671 -0.148667807792074 0.479315442467541
-0.0175820708223776 -0.026820453707878 0.134133605442442 0.254648138320652
-0.0204375798198284 -0.00269275075914379 0.155239160657862 -0.0867433733538512
-0.00780797160690662 -0.00532210921933396 -0.104437364501723 0.0903990334844951
-0.0219911161430491 -0.01714154433316 -0.10464284369555 -0.17398131976037
-0.0106076079508204 -0.0240841671499176 0.0219012613565727 -0.436956129669752
-0.00289374413154718 -0.0221727671396747 0.484689260768854 -0.272936165418839
0.0104725373853632 -0.0230811699087733 0.651918457865698 0.37934553476713
-0.00823558144894134 -0.0218487133468644 0.0739895128745648 0.803938235388435
0.0221007439614476 -0.0645741044853198 -0.394246637931499 0.421299498532401
0.0575841072882936 -0.0704440402041172 -0.0171703664620392 0.0801844926758906
0.0501725071772334 -0.0538751214917114 0.442677598472821 -0.319739619029892
0.000558140998393415 -0.0308815353313436 0.125305615921523 -0.845719918233264
-0.0118277776223577 -0.00760036632365874 -0.640811512653526 -0.543608965345283
-0.0303780039034745 -0.0138003307790612 -0.62404871012377 0.277016132867165
-0.0247961100906328 -0.0174589630213062 -0.105696898541615 0.486485254859428
-0.0148302873630901 -0.021787650855325 0.148224069475676 0.235908053224397
-0.0212364764262565 -0.00173985127683512 0.156666901178041 -0.0951623446331495
-0.00973094205839353 -0.00283579584766698 -0.102338781974471 0.0848183268695354
-0.0211078226741049 -0.0133978342885523 -0.094819265330475 -0.188633027651796
-0.0057288677660906 -0.0217562565537421 0.0573800621669682 -0.437684125809187
-0.00194774603027203 -0.0237799595014733 0.513391870234312 -0.207019983094522
0.0088961533668605 -0.0247553613699476 0.605465583612384 0.467725821754789
-0.00819547608816019 -0.0230822301946955 -0.0204770157463748 0.813225284249815
0.026261333022799 -0.0613135331450719 -0.416339846974601 0.382140853098489
0.0575348367587839 -0.0665810056187031 0.00748307520759833 0.0625168344705451
0.0449451656256672 -0.0507762232459073 0.429336985387115 -0.364384343466715
-0.00516632774133768 -0.0282640118967126 0.030591538592763 -0.846982502427689
-0.0174220555811672 -0.00843749531212926 -0.690700416826666 -0.446562897550115
-0.0322129876111827 -0.0135812907713957 -0.577924604351123 0.353106565006594
-0.0208542748621783 -0.0124910220639268 -0.0600283534438775 0.488187718675802
-0.0131493263201669 -0.0152167506191527 0.162369771836684 0.215054832186413
-0.0234837462166979 -0.000671847756008308 0.158436884733457 -0.102561368256165
-0.0114293731382052 0.000538227610266053 -0.101044536726736 0.0784774794383703
-0.0191939755935729 -0.00739594384412446 -0.0868596123999116 -0.199527090586794
-0.000540427448769798 -0.0176272067047936 0.091360566402296 -0.431492221796901
-0.000510280385488214 -0.0267874825234377 0.537440288266439 -0.144219711981395
0.0106711482584924 -0.0243962140962428 0.549873655818443 0.54432038502514
-0.00756472943200503 -0.0173948940060902 -0.108839189150864 0.813522468669659
0.0225465054839084 -0.0484655679387853 -0.434004849711011 0.346636346071114
0.0469074488526093 -0.0561254327815778 0.0311893063528226 0.0479157692083808
0.0350976010305107 -0.0394026649789732 0.414748878932539 -0.400216489480126
-0.00869398901035509 -0.0201530285297249 -0.0520082972054735 -0.83933033265672
-0.0211335677782303 -0.00903771601774038 -0.729279543208439 -0.358932050421498
-0.0328573753216681 -0.0140624642233886 -0.534460545289602 0.41109178640648
-0.0173279058094622 -0.00708320696365215 -0.0198943925655565 0.482924369978162
-0.0119292222491615 -0.00666686281208658 0.1733742639607 0.197136358447312
-0.0243147877207576 0.0033932276702312 0.15768466276164 -0.110244169702642
-0.0119456580252687 0.00485466326875861 -0.101515920077254 0.0728510475473258
-0.0185243306007161 -0.000171766957895546 -0.0797813209855123 -0.205956735172006
0.00358353475864187 -0.011495956226379 0.116174085025918 -0.423177271757227
0.00240515924714877 -0.0279551993514174 0.549232377389359 -0.0983730972793698
0.0140719272614973 -0.0221521781485187 0.503690420405174 0.596524685750369
-0.00873869158533839 -0.00730167629716422 -0.173963080984103 0.811090172825838
0.00970265727795357 -0.032367332693325 -0.444447967262886 0.321096315980299
0.0281800929256944 -0.0439794595714221 0.0493149228396222 0.0375942589970279
0.0239783889603837 -0.0240348987304808 0.400670924994872 -0.427868967007374
-0.00956461285493309 -0.00923015426666104 -0.112728756558374 -0.826594475071476
-0.0215993448184093 -0.00929055087212851 -0.750624752520355 -0.292943107924278
-0.0329036488604527 -0.0141540185995518 -0.499135928391883 0.444919272139821
-0.0120385393739739 -0.000988499286254625 0.0118942460625095 0.478796500520266
-0.0125533335393268 0.00207676052447004 0.181546733015932 0.182938420119832
-0.024441683881698 0.0101779796414525 0.156686424027157 -0.116850796363545
-0.0121885107867149 0.0102912132836206 -0.103456742414564 0.0689811752809863
-0.0184907610561544 0.00782651467322423 -0.0772902265490184 -0.207585363310488
0.00715152780775282 -0.00620369484662553 0.130408511173743 -0.419322555465885
0.00421064895531196 -0.0282553071070471 0.557327141631891 -0.075333093152449
0.0172050049879309 -0.0167150799410651 0.476187478451871 0.620454228473412
-0.0116958959979817 0.00831189724402451 -0.207770259573643 0.805821696600624
-0.0094892080097537 -0.0124884785489074 -0.449449463808155 0.308036953865196
0.00553089314715419 -0.0269317085797655 0.0591090746600487 0.0332930851351691
0.0106722938964915 -0.00443724393190029 0.391079799683974 -0.439898394384164
-0.00666271940622522 0.0020063441218382 -0.142479853860691 -0.821775454300289
-0.0190599643895743 -0.00938723293507295 -0.758546232486355 -0.264835175110639
-0.0306596518892499 -0.0155336794161473 -0.481045694656805 0.460729690105048
-0.00915645822299506 0.00352257502457415 0.028255989923249 0.473387805732507
-0.0123513541622405 0.00893140940889801 0.18625892735037 0.177217193140446
-0.0219137862484974 0.0153728466454787 0.152568902641373 -0.120204158095705
-0.0108353179542686 0.0134819708505654 -0.107786560133412 0.0668922064366615
-0.0177153823960174 0.0127136362349604 -0.0818241819423066 -0.203500842882779
0.00769113944233463 -0.00164081682737036 0.130318316332157 -0.420490106693377
0.00711476054485473 -0.0290916282062685 0.560128502921142 -0.0818861496212209
0.021657212201608 -0.0122540453757846 0.483785504918372 0.614268620624107
-0.0151943201166386 0.0256620409976101 -0.204169192121489 0.809078021713436
-0.0311090527911885 0.00659313181043932 -0.446044056284275 0.315009554078484
-0.0205558195301632 -0.0114594401446708 0.0587754019266321 0.035142439487709
-0.00340087559905422 0.0156884393551121 0.395327132424086 -0.439526188979344
-0.00237417112391503 0.0142445904727263 -0.141224495233698 -0.822573024078355
-0.0133491576136358 -0.00863541648369329 -0.761124393327091 -0.270152000071314
-0.0280501572989168 -0.0161669312017191 -0.486250501689976 0.451492522257459
-0.00803972142534202 0.00707096881422668 0.0276981120462343 0.472560769941239
-0.0139712968096838 0.0162201105617548 0.187627142450783 0.178646554841865
-0.0206151855192104 0.0213059734888749 0.14892188900614 -0.11974500870701
-0.00800278381441795 0.0169191075092293 -0.11121569535812 0.0688687071260568
-0.0180033560698851 0.015302557592416 -0.0881790796307372 -0.195866946490053
0.00659346509689867 0.00211963415881128 0.117771019421294 -0.424905305572883
0.00721597217689546 -0.0276400473465916 0.555843386459422 -0.119985685269503
0.0255571714172903 -0.0101251869958486 0.514536104819427 0.575448522941767
-0.0146673276035038 0.040653874847965 -0.162169784521965 0.817096555502309
-0.0482712796926636 0.0241964976404072 -0.439372935455186 0.333886270567392
-0.044451995143617 0.00146118301472228 0.050059126434534 0.0450127512729146
-0.0159441099922966 0.0322285090164883 0.404171243447064 -0.422205093522771
0.00193093141297536 0.0257184836917149 -0.104405323795892 -0.83223931894368
-0.00466669036303676 -0.00727856524440693 -0.75266292780642 -0.317628486050472
-0.0248521391764349 -0.0168030376668161 -0.511786124515339 0.420208563587184
-0.00976487630784594 0.00942641157812666 0.0121360183049854 0.474266967231459
-0.0161361101818716 0.0208024669488352 0.183845979724774 0.190767198853642
-0.0177876692774007 0.0255363315239653 0.145237017222611 -0.117016127031857
-0.00526910708986832 -0.00497073642517606 -0.108998365173092 0.0953854726262803
-0.023037314860499 -0.0194199091367283 -0.114975037193583 -0.158187569922429
-0.0151751078210922 -0.0243747235534258 -0.0108022974523676 -0.436115490274777
-0.00389306665440584 -0.0194931900784225 0.445672330664671 -0.332468748819323
0.0138520154863315 -0.0209363577286179 0.681145139179379 0.291661329702162
-0.00689008646547895 -0.0135903343440533 0.155857911893126 0.783832678545128
0.0130700162382099 -0.0607057877561754 -0.368575856858602 0.45554019523128
0.0470029094183724 -0.0687217718417259 -0.0393363610286329 0.0959795769878735
0.0468459382109922 -0.0508542844111419 0.447491392562541 -0.275241032808692
0.00532265025582727 -0.0276457082460734 0.217646413873258 -0.830262788076989
-0.00316944012641494 -0.00490895655826701 -0.577354099971011 -0.631368853142136
-0.0270469697682334 -0.0137443653854207 -0.655013604780128 0.197902445120063
-0.0278831310241261 -0.0215476485371241 -0.146804241715321 0.478983657673189
-0.0176815315687431 -0.0258634552596899 0.133548853846233 0.252852044391671
-0.0193478477821235 -0.00174117909316496 0.155598409913571 -0.0868696614165232
-0.00863118692119697 -0.00513865918287205 -0.105418331137744 0.0905877647319995
-0.0220197212111594 -0.0170638672671171 -0.105938210081614 -0.17359598244128
-0.0106028183141169 -0.0233269969713054 0.0203192006169793 -0.437764709803189
-0.00286334966136354 -0.0214313334718926 0.481115752638031 -0.271828322621088
0.0109173805236398 -0.0229213456885382 0.647829616147617 0.379009334915435
-0.00802147195683907 -0.0208829158225424 0.073356576854098 0.800351513578262
0.0206569770087319 -0.0643799484526246 -0.391171820657862 0.419944163888469
0.0568072734624122 -0.0704665846039454 -0.0173613603809795 0.079632679955407
0.0500168010276617 -0.0543774629961871 0.440009256840112 -0.31844926450035
0.000911851049076103 -0.0313622603421747 0.125043769449697 -0.842560912170911
-0.0113156904406658 -0.00712148584907582 -0.638233869148995 -0.542348649284185
-0.0305482201082021 -0.0136058542880387 -0.621071942518078 0.276233078412595
-0.0241017034719031 -0.0180018376522909 -0.104602097275724 0.48489389433585
-0.0158478100020285 -0.0206215132376266 0.148708107226564 0.235531823688303
-0.0217546089326067 -0.00165540861297747 0.157817485926178 -0.0941041956829818
-0.011082455530972 -0.00241451531679869 -0.10284447888942 0.0832816343829729
-0.0200858138227689 -0.0135695323225348 -0.0956223193047078 -0.189948025916389
-0.00539152519391395 -0.0212144888086921 0.0567222328415868 -0.435632208258655
-0.00241430448006106 -0.0234953281350087 0.511618330441507 -0.205493501345755
0.00969063217258683 -0.024561566960515 0.602043022598314 0.46794794514015
-0.00773618298857614 -0.0222579723603352 -0.020480959009396 0.811137958139396
0.0261267516202359 -0.0610218317282489 -0.416263568890147 0.380858758030219
0.0565659664160957 -0.0661080665345753 0.00770274335730456 0.0625052784270851
0.0446215357325831 -0.0497280686419582 0.427103147778784 -0.36065940713506
-0.00401023007921378 -0.0286295391666442 0.0315414442673874 -0.844930722199376
-0.0182262607250305 -0.00743978499244972 -0.691325121079153 -0.445287913603169
-0.0325350319583215 -0.0133477327984981 -0.576358899684046 0.351748734838667
-0.0207442404768366 -0.0121646462028826 -0.0588894898985499 0.487309783031611
-0.0138370801490226 -0.0159431438514042 0.163078441019754 0.214764229028209
-0.0240195593471977 -5.43636251441049E-05 0.15826742393709 -0.101634953605395
-0.0120276130281034 -0.000189395157507604 -0.10111125509532 0.0776443669504183
-0.0186171717121534 -0.0071462281004119 -0.0868935948281162 -0.200567083673749
-0.000166793313401698 -0.0174779833657317 0.08928432030006 -0.428758996003701
-0.000804924836984719 -0.0262942700547293 0.535567064460842 -0.14261311465517
0.0103366133498358 -0.0243021442539864 0.548507921865925 0.543993467209332
-0.00718397349839406 -0.0177300695572455 -0.106816627101409 0.811705523627791
0.0207591254881012 -0.048889392993769 -0.433021834630021 0.346129679615942
0.0464257230881232 -0.0569774028626358 0.0310781401543936 0.0473211074019723
0.0344058026708108 -0.0401212185577104 0.412560206357319 -0.399374623473412
-0.00873338614846052 -0.0197494400494531 -0.0503878772376363 -0.835123598094503
-0.0216237717124098 -0.00890388330915772 -0.726030593519277 -0.357412898169982
-0.0330673385515289 -0.0132270041421038 -0.533633966763484 0.409495103868199
-0.0170911938478931 -0.00644112751633373 -0.0179568271406059 0.483175068654158
-0.0125605939778386 -0.00705278633855865 0.173973456380022 0.195841146995332
-0.0246566026671341 0.00484005783923735 0.157878092511648 -0.108642784206712
-0.0128676243211949 0.00548936020815975 -0.100266020558347 0.0726358450353948
-0.0182262395565917 0.000111175644909293 -0.0811037917681827 -0.206552813246
0.00415753179157439 -0.0116330393971668 0.114605864899566 -0.422572287296762
0.00134451247251807 -0.0278771376435264 0.548287544933799 -0.0965284491342809
0.0127882851784519 -0.0219818126281851 0.502758642311742 0.595585030019459
-0.00882125722711263 -0.00670921844439702 -0.174045506804 0.806546297862834
0.0103506507157013 -0.0314876734123093 -0.4428393562525 0.31934298137449
0.028520037669762 -0.0422808102365376 0.0484817105198176 0.0379679866646134
0.022880489530484 -0.0243025911980097 0.398404496941659 -0.426112223451507
-0.0088791684810945 -0.00903866524036089 -0.112446221766365 -0.825674116665371
-0.0208146669379377 -0.00891989658905298 -0.748852278255943 -0.292621565938836
-0.0322078959184718 -0.0142376140725232 -0.499191326564073 0.444604786550433
-0.0118529952736614 -0.00134646346486474 0.0122943058691541 0.476573694566014
-0.0124911862508271 0.00163334546337757 0.18342810073898 0.182179364061849
-0.024358298039999 0.0106029584841257 0.155479177623326 -0.116148549606758
-0.0127081395175901 0.0100317803704299 -0.103898961658125 0.069271593948867
-0.0199774290713051 0.00771623687901779 -0.0786864225487672 -0.206713806458955
0.00733021336415749 -0.00569826083285453 0.128549863141875 -0.417492084675031
0.00496336159087414 -0.0283419662606295 0.55789259822825 -0.0733282703112774
0.0179124899269611 -0.0170043447690952 0.475912076222034 0.617837955559915
-0.0109001814339688 0.00777255331679926 -0.207298443753631 0.802522320189335
-0.00907414646127392 -0.0119985142261386 -0.446603065807472 0.307995701217995
0.00390252288501219 -0.0270361641666479 0.0585250563035656 0.0339825195257841
0.00951548718685536 -0.00533915039463797 0.393135143015538 -0.440720091316031
-0.0056552564999344 0.00168840416447418 -0.143240958876715 -0.820114496335739
-0.018268562192264 -0.00916922245383507 -0.758552025851188 -0.262591854576493
-0.0303259132392425 -0.0145767711121563 -0.479798890095107 0.459849483613155
-0.00991984846303279 0.00373328458990102 0.0288619214620353 0.473706637534818
-0.0129879516748871 0.0105170079946768 0.187610227977044 0.176536786997449
-0.0219850825182783 0.016221406617088 0.152862625255666 -0.119221589240916
-0.0108062726575151 0.0140411841264838 -0.107353607180677 0.0669461651638709
-0.0192383447079909 0.0123647507422922 -0.0814903268981904 -0.203648771022482
0.00833034326776894 -0.00175703976570415 0.129596033818747 -0.417285845348875
0.00612725630869474 -0.0286016260207002 0.559423802267003 -0.0808053253276412
0.0223166167444327 -0.0124213922993517 0.481221626095785 0.611399491928043
-0.0150298468107855 0.0252903384579288 -0.20302945620416 0.807112188563682
-0.0292250172762035 0.00666279944072194 -0.445214176162441 0.313064643123855
-0.0227079875641014 -0.0114443153987731 0.0590017953382352 0.0364731993880971
-0.00223896849313432 0.0142578494528165 0.392762302329077 -0.43883220616337
-0.00302664615366638 0.0138579098134316 -0.140464234561576 -0.819903343409706
-0.012459226700544 -0.00840372548762914 -0.761527540975484 -0.26867998411365
-0.0286864467062335 -0.0161880541035206 -0.482984002102118 0.450943276416063
-0.00848930128352485 0.0074032334792396 0.0285218655730955 0.471492865680152
-0.0138771991393335 0.0160045126413587 0.187136989348764 0.179654913115278
-0.0198204585048439 0.0206357270402642 0.14922515743854 -0.119249543012196
-0.0086398618137839 0.0175795999174811 -0.110351077499785 0.067415973166881
-0.018620498769284 0.0165454297495932 -0.0890353827635315 -0.196017359141615
0.00650781414399737 0.00167128964851937 0.116037847780068 -0.422679428178773
0.0073702276319083 -0.0267297745883931 0.553669322829158 -0.11660723545871
0.0260438651943603 -0.0106578193509371 0.513936372480344 0.574978321143447
-0.0156154671023582 0.0398589749281594 -0.162754998992519 0.815280850171165
-0.0490237658653279 0.0239314049264729 -0.439581176695627 0.333166201254391
-0.0444165973878042 0.00175077840723857 0.0502957814232058 0.0450374101243054
-0.0168949004832279 0.0314399354841121 0.40223551388689 -0.41875629145789
0.00132779784724143 0.0253509433294657 -0.102141013259607 -0.829241286219238
-0.00510666408956133 -0.00791365083421375 -0.750401466300941 -0.319561369450851
-0.0251585525419313 -0.0163701760272053 -0.509455902957108 0.422129383008041
-0.0082818827872642 0.00929130952738598 0.0126847017028973 0.472202197723784
-0.0153099545735063 0.0196120197404849 0.18238819130446 0.190454493403617
-0.0169782611673113 0.0256169874659054 0.144908278405207 -0.116913125981526
-0.00522264803330664 -0.00496650589315091 -0.10897690013566 0.0938051758881483
-0.0223756666883837 -0.0186538654223283 -0.116100550618192 -0.158272445293369
-0.0155475103501502 -0.0232772135244222 -0.0143819872435218 -0.435065166038012
-0.00379321492431968 -0.0185131776091857 0.444328809886225 -0.330100169926196
0.0133132266380902 -0.0212805316688165 0.677475622549268 0.290031355595339
-0.00641254712491214 -0.013516135100443 0.153559850329824 0.781779073843779
0.0128685799589159 -0.0602777859246487 -0.368770393846856 0.454907953485239
0.0464602944317746 -0.0679308699473919 -0.0397037950768393 0.0967314952484161
0.0473188479770616 -0.051289828568894 0.446005482131545 -0.274388582384166
0.00501430561512497 -0.0285046998903375 0.216275829960882 -0.827548202432882
-0.00416582227066997 -0.00583967204864367 -0.57615324069633 -0.630850656453893
-0.0270051993815987 -0.0138743358092434 -0.655100552755061 0.196822821639084
-0.0265536996975581 -0.0214382839426324 -0.147109405905235 0.477915787430341
-0.0186314668224538 -0.0256114445455398 0.134259481059668 0.253682170114412
-0.0201843932546521 -0.00146329563171978 0.155382938029907 -0.0864053477094544
-0.00787832079412703 -0.00435205462481364 -0.104197125687888 0.0895901012709199
-0.0220229570743072 -0.0179803263757521 -0.107052290617003 -0.173754458746519
-0.0110224117480517 -0.0229872823865688 0.0192591133345056 -0.437512100654696
-0.00377464347382503 -0.0210302047055515 0.479830336967388 -0.270927284381033
0.0112265129648184 -0.0236713462804858 0.648031482380779 0.376625561644877
-0.00853734273633295 -0.0202918508085187 0.073418798576399 0.797853906865459
0.0215538309016944 -0.0646448898787686 -0.391058528271605 0.418452795228099
0.0567225937671279 -0.0701118512963638 -0.0171055128407439 0.0794964669430337
0.0502529102796156 -0.0542216738617301 0.437773400463549 -0.318058742004687
0.00114199616772522 -0.0305572319410437 0.127244097268886 -0.839871715371549
-0.0114249123205832 -0.00784375300595518 -0.637093700318993 -0.542167181817371
-0.0301658050105463 -0.013109477097232 -0.621802090119261 0.276478313222809
-0.0249042066150304 -0.0179642859954045 -0.105831379879849 0.48587043531424
-0.0164446803119787 -0.0210785667659903 0.148020516233876 0.235229843009016
-0.0213381393220475 -0.00149947660429148 0.157180039809416 -0.0937162811048556
-0.0112176993390169 -0.00355022554071598 -0.103455373266434 0.0831045719685825
-0.0202622402714299 -0.0131973715254018 -0.0969356511501225 -0.18917399654329
-0.00492112472894361 -0.0212813786876549 0.0543302965034849 -0.433934372922677
-0.00272874983872829 -0.0236522251744389 0.511037030320979 -0.20498733288994
0.00974541572021706 -0.0242868287115744 0.600299360838077 0.465972848427921
-0.00762296875650075 -0.0217707828091741 -0.0208861705860296 0.808838135443375
0.0244270443300023 -0.0601737797875084 -0.414086332791621 0.379971409412416
0.0560339530503596 -0.0664331833286902 0.00715505617610873 0.0634496625124889
0.0450251390871593 -0.0510841399439839 0.428702984303432 -0.359193083038433
-0.00517243685555573 -0.0282815855731529 0.0324163213967167 -0.843258354016237
-0.0169855366182585 -0.00857167422513268 -0.690756711425009 -0.441961070781501
-0.0318461748659953 -0.0133265329988845 -0.578324818776855 0.350648421594624
-0.021285869322649 -0.0135690522593027 -0.0587348258442399 0.486556508962901
-0.0147057570582719 -0.0143173891266334 0.163278419386336 0.214664826338743
-0.0233715325898074 0.00139162341660173 0.158279126343258 -0.10158026641207
-0.0118069305015996 0.000653603177044731 -0.100416749158413 0.0768674802191378
-0.0196096787663755 -0.00636270476802638 -0.0876172113590203 -0.201329198473158
-0.000187570274240887 -0.016864008403593 0.0877658616714859 -0.426791406514614
4.84125409204129E-05 -0.0263932562825109 0.532920914209059 -0.140989517028361
0.0104339258084822 -0.0241322892841866 0.545548934544663 0.541717253349413
-0.00761168663750854 -0.017722406025099 -0.107320570196436 0.808502145327819
0.0209320418585276 -0.0491709525400922 -0.432198607260697 0.344134382215715
0.0461848046276928 -0.0564175940846697 0.0315231681673319 0.048198170925396
0.0350589227779485 -0.0408196765670853 0.409701985298949 -0.397332159695154
-0.00690319772499429 -0.0197686168557655 -0.0523889084489098 -0.83572619728674
-0.0209484164139828 -0.00802521845084731 -0.725380241748018 -0.357352840168808
-0.0328284086527515 -0.0139304516647096 -0.531600137212398 0.40866054303933
-0.0158651687195638 -0.00668123607064284 -0.0176040473618678 0.482206483367784
-0.0130463130785782 -0.0067384936248219 0.174204581741265 0.195970607668654
-0.0241874938288998 0.00594833783828702 0.157667807145698 -0.109870353048412
-0.0132683861023377 0.00548229434846637 -0.102014524906792 0.0719444093813197
-0.018460542355669 0.000448356078873625 -0.0812144967415061 -0.207270780799035
0.00494136248300192 -0.0116991582225723 0.113605266292589 -0.422090049600333
0.0025117955450288 -0.0268867670006513 0.546369992068883 -0.0934299085721769
0.0131877692389964 -0.0219979924771194 0.500925020010906 0.593770315517755
-0.00785854090539609 -0.00638213469949869 -0.173683221365868 0.805930463425721
0.0097754301454198 -0.0310027999672497 -0.441607811362291 0.317800457227628
0.0273793910162161 -0.0439737963264932 0.0484297958016538 0.0383349242251037
0.0239165874724063 -0.0260792190460781 0.398411591186854 -0.425093029295364
-0.00868996610588569 -0.00948459221328901 -0.111435026409334 -0.823602901903404
-0.0208532099652308 -0.00875153303918293 -0.746889296946228 -0.291906176998085
-0.0330919543690449 -0.0133817414626083 -0.498019686591985 0.443602069895801
-0.0124181261740179 -0.00230337310249329 0.0134681836239255 0.47615907702573
-0.0125875282022543 0.00209064279280515 0.182618211400685 0.182625812134224
-0.0230673057072867 0.0104749705893597 0.155894217858627 -0.115635320349632
-0.0124654451408886 0.00997515602196551 -0.103221201507565 0.0679185891017411
-0.0186823212649713 0.00767290241162125 -0.0799749425917725 -0.206979138198493
0.00733571459475673 -0.0061451718404158 0.126479175122215 -0.415655502336513
0.00453212223562681 -0.0280876851786366 0.555374965691465 -0.0722229555460404
0.0170367196634846 -0.0176250793676946 0.473620016108134 0.616316668471009
-0.0108334071177123 0.00878395468864937 -0.208744088326177 0.801722832965763
-0.00884805604218667 -0.0127384369235496 -0.446506258767582 0.304885363822082
0.00332320701410595 -0.0272887543113887 0.0578000149150993 0.0344553529730197
0.00966740501610911 -0.00520025636001684 0.390084354388024 -0.438528904071344
-0.00631277956278147 0.00228294821256082 -0.142528698536546 -0.816068890883686
-0.0179934840038285 -0.00933909228718499 -0.756019595714046 -0.262775482500021
-0.0307123918431822 -0.0145017991652746 -0.478601660820194 0.459530528554729
-0.00897041031164799 0.00313551948636148 0.0287671062116214 0.47123554081942
-0.0127864215552374 0.00989331792986353 0.186944398822822 0.176252588575849
-0.0218058333406169 0.016769420763266 0.153347366173909 -0.118526107419442
-0.0114664814790765 0.0140503879498191 -0.107815179511905 0.067942799844735
-0.0181122958916986 0.0133186401985246 -0.0813578474797429 -0.202851937391932
0.00769745124290671 -0.000782070064406949 0.127593848620016 -0.416901410590141
0.00626008636698222 -0.0276613253325182 0.557984765122909 -0.0792874191953217
0.0206613992797768 -0.0128113385620648 0.478942302686314 0.610431862770463
-0.0139923019120859 0.0250141469652566 -0.202890947833528 0.804755994744728
-0.0288007836173278 0.00748959171880544 -0.444557806101886 0.312309075134328
-0.0228994936092581 -0.0113722676692072 0.0578484142124547 0.0372344616409047
-0.00320301044019851 0.0129792615962679 0.391847061392409 -0.436620632746352
-0.00171831416355652 0.0131356479657895 -0.140319279172214 -0.820164451386332
-0.0120307913592525 -0.00887100258437737 -0.759062981681887 -0.269222636424803
-0.0284305647710901 -0.0157060513344158 -0.482440472386581 0.451549003008792
-0.00844080405231886 0.00751789710536769 0.0288379989957953 0.470864093642957
-0.0141073710996858 0.0163821852967887 0.18730046404813 0.178473689275117
-0.0201365312336221 0.0215009757023001 0.14926725590874 -0.118793914117639
-0.00931648357851819 0.0166625344156155 -0.111191651849816 0.0669922717247239
-0.0184632983038586 0.0168239569733834 -0.0894267592313945 -0.194455486462815
0.00641633085583228 0.00168766194276871 0.113573162540864 -0.421480246946574
0.00722288375680225 -0.0280295520120345 0.553057357039606 -0.116656063792867
0.0267822621774281 -0.0103402832312479 0.510844782010374 0.575071542314476
-0.0147991620231756 0.0409146905049957 -0.16228607985594 0.812813485081587
-0.0482361915724218 0.02505617265475 -0.437992274658691 0.330225414024028
-0.0454475078399117 0.00290968596099815 0.049194821505844 0.0453481120430868
-0.0155518169225869 0.0302623307710131 0.400055223911461 -0.417608301149922
0.0020984769960168 0.0257999402259211 -0.102292197506648 -0.829595922348995
-0.00402430249961688 -0.00647615412025628 -0.749505120772505 -0.31992103299541
-0.0253409054455567 -0.0175125110902516 -0.508205962096083 0.420133452857585
-0.00944940134770683 0.0080140814194677 0.0119299875546173 0.472537096124947
-0.0155883384885062 0.0206077129134147 0.183571479593153 0.189813190969884
-0.0180763029293354 0.0268977423229681 0.145083133345571 -0.116576036655689
-0.00636463120968018 -0.00487626744485416 -0.109925958159199 0.0941683778649002
-0.0220400564369981 -0.0191218784918343 -0.115504473496089 -0.158699059151159
-0.014533463066753 -0.022662605584054 -0.0146124156897684 -0.434264432642587
-0.00383761750503489 -0.0188617639297023 0.443542132975347 -0.327554170760712
0.0129235859287927 -0.0213016385412081 0.675623463073506 0.29072527321045
-0.00642905347704831 -0.0134101812101853 0.15493990072752 0.779318528942364
0.0124267846116543 -0.0604725275231881 -0.368769127220697 0.452711772465088
0.0455323720333942 -0.0680809404681094 -0.0390431282344439 0.0969378503567973
0.0469418414773499 -0.0510498673419057 0.445839858602807 -0.274284294577313
0.00541799063404311 -0.0282638975862966 0.217273423035237 -0.828938094371824
-0.00319299900091352 -0.00472501863247709 -0.575438048742226 -0.6296004046139
-0.0263414267599782 -0.0131301655757209 -0.652716442962855 0.196731509608047
-0.0267218187005968 -0.020992450392368 -0.147653271173095 0.477316531651866
-0.0190556878891909 -0.0248965422684943 0.135294688890615 0.253257120369798
-0.0195804135907935 -0.000232157661643626 0.156265315944518 -0.0856996660922382
-0.00872715802303779 -0.00483786135272779 -0.104626752437077 0.0886785362628292
-0.0213953243949012 -0.0176672976786157 -0.106322947974509 -0.175650730359132
-0.0103492275620969 -0.02263139759994 0.0186991574556263 -0.436401878760236
-0.00333751524728606 -0.0211181804068657 0.477522671456058 -0.268570313456529
0.00971148606998488 -0.023221907107314 0.644791105431442 0.376944472237489
-0.00762081068987718 -0.0204840838812014 0.0710272058127575 0.796479330599362
0.0206584384086359 -0.0639401013709438 -0.392297175466257 0.416036632847344
0.0554625422652075 -0.0697820774350626 -0.017149785157644 0.0792859536420567
0.0493477125229344 -0.0547690328845298 0.43821509606267 -0.317269353148856
0.00110949373284679 -0.0314429130667698 0.125178366915942 -0.837472099950635
-0.0109325355705451 -0.0074135434393698 -0.637217513653923 -0.542612812178007
-0.0299286059181371 -0.013341960703981 -0.62003488991418 0.275805511183381
-0.0238845836738309 -0.0180669951617123 -0.105511246947054 0.484978503025836
-0.0164377859078491 -0.0201993916947665 0.148527472409018 0.236100861416358
-0.0224204496682602 -0.000365849168759839 0.158221055190708 -0.0925005859046781
-0.011242844602335 -0.00304812054414751 -0.102785181596221 0.0823614397531697
-0.020656554699776 -0.0124131427781623 -0.0968202755207442 -0.190551959460395
-0.00516803473139587 -0.0211312967870922 0.0528630066449935 -0.432618824220181
-0.00296791544954398 -0.0232974562566194 0.509550801731012 -0.202185901512125
0.00956465562456679 -0.0246395423999647 0.598068668092938 0.46682684111449
-0.00766388392200089 -0.0216998604487173 -0.0219750415201175 0.807540403433677
0.0244641201714292 -0.0598784888335238 -0.414898839033181 0.379009311653373
0.0551003706631345 -0.0656528750616434 0.00717945423758028 0.063020472626312
0.0447538419458401 -0.0514129859762445 0.426970051357539 -0.357856997303951
-0.00408218214026558 -0.0280470076581398 0.0343044618695774 -0.84073835605572
-0.016805981380838 -0.00769408205336799 -0.688415183442461 -0.444651227380568
-0.03259871990734 -0.0129467890128762 -0.578248574762323 0.349769445219615
-0.0198784078520808 -0.0135849894358854 -0.0577965986161087 0.485738207915495
-0.014869299283715 -0.0144729063440616 0.162791696914386 0.21443113973139
-0.0239377847594962 0.00213805015774273 0.158469362270663 -0.101128772100565
-0.0122163838190504 -0.000346032175362289 -0.101211288952296 0.0763349888275039
-0.0198286739180927 -0.00664792094642691 -0.0884312708351975 -0.200542548055675
-0.000206968167584473 -0.0166947103044516 0.0870972053581423 -0.428412085894483
-0.000213205194037595 -0.0255228882860483 0.53297099293236 -0.138877548709428
0.0103153876592442 -0.0238886077181444 0.543188441702518 0.543765252536976
-0.0062934516029853 -0.0168335684872317 -0.108659373490512 0.806285795414949
0.0205022408860249 -0.0483021947618466 -0.431762695069256 0.343483402195767
0.0455193257563646 -0.0564851873563575 0.0300569297774995 0.048072811945621
0.0350936690959154 -0.0411279979324447 0.411362600207711 -0.397043704253645
-0.00766595884433952 -0.0196825826345783 -0.0505008264028173 -0.832171664003153
-0.020216960284852 -0.00848446318331104 -0.726015198928051 -0.357338931167826
-0.0324223636645886 -0.0128110433583789 -0.532149622807396 0.407476383945235
-0.0168414558104557 -0.00747890462839444 -0.0163908629252628 0.480882741137102
-0.0134922925923341 -0.00548671330264166 0.175136128429678 0.196866548272895
-0.0235669275528324 0.00637101724218911 0.157700745978412 -0.108366582434855
-0.0135898648966304 0.00566427088885082 -0.102296688551046 0.0712946633057816
-0.0183947164636601 0.000859042423717335 -0.0819321883775096 -0.206168482636549
0.00485956552745809 -0.0112741001753562 0.112553320359719 -0.420304990462728
0.00173822033162952 -0.0274618293990878 0.545027461089645 -0.0924269459403424
0.0134948054751349 -0.0219433614251173 0.498802363794807 0.592520563601868
-0.00766743821729754 -0.00680841681604131 -0.175448690089912 0.802704330560975
0.00945869222130701 -0.0320600499173747 -0.441905815159718 0.317442999269884
0.0267456702102548 -0.0432387088792594 0.0476167341314702 0.0383759689800476
0.0221444815410531 -0.0252396691306775 0.397387587487163 -0.423462903383075
-0.00826406226733518 -0.00979396979921081 -0.11060486581085 -0.824006661757784
-0.021066272877547 -0.00893221009987299 -0.745969858528723 -0.292828891506462
-0.031465455155401 -0.0137548933744561 -0.496924620631293 0.442971612407537
-0.0117438748952647 -0.00237100258602868 0.0122305928531274 0.476669382246536
-0.0138986432827459 0.00326412240250143 0.183091256310644 0.18297388406064
-0.0241414906160287 0.0107100873636129 0.156369256772123 -0.113865516921456
-0.0121225313246868 0.0103992334627786 -0.103941650652644 0.0666160512259349
-0.0180186709975543 0.0082816413640047 -0.0799929098859233 -0.206705354605397
0.00686347068815334 -0.00623651813838432 0.125794495719128 -0.415332442817708
0.00428072709073463 -0.0279256029459799 0.552513127253855 -0.070230284215768
0.0174712264211142 -0.0174771703631244 0.472794524719653 0.617047369945992
-0.00965932610092213 0.00836552826309954 -0.209820225372657 0.798702117858893
-0.0084466991999606 -0.0119385615312131 -0.445675775483714 0.303500987158245
0.0032008205844603 -0.0267157609800054 0.0582188417344383 0.0343202746276931
0.00959942600809568 -0.00620827359104763 0.390344583984626 -0.43666396777136
-0.00537419760066074 0.00147130695579895 -0.141134635066333 -0.815746692849332
-0.0176508048996408 -0.0087840138104273 -0.756727930021025 -0.261714722353989
-0.0304908966461148 -0.0145387959744139 -0.478115335556626 0.45791655443913
-0.00978724883903994 0.00284611019284181 0.0285887648425354 0.472494685989707
-0.0127600550821307 0.0102511981835685 0.187361458973676 0.176729525283341
-0.0217649271569419 0.0174840289763826 0.153719108991933 -0.117701204714927
-0.0110472678369 0.0145174628425489 -0.108290861528346 0.0661360495080308
-0.0180636286853706 0.0136008092127674 -0.0834769976770558 -0.203371363364891
0.00818939703958655 -0.000943257694441961 0.127823477135639 -0.415140115622524
0.00625395296197501 -0.0284348415882811 0.556689987454791 -0.0772753277822413
0.0215869322038551 -0.0133652171584609 0.478304230901838 0.610927428955203
-0.0136014680639451 0.0252479097671288 -0.20476020333734 0.8009864250932
-0.0303988949652702 0.00681825648756359 -0.442169423842905 0.310755583022764
-0.0229005090590147 -0.0105332992357578 0.0583953807892933 0.0358023408824136
-0.0031179560363287 0.0141190509656473 0.392408943019046 -0.435765208079499
-0.0020746101841228 0.0130756707878223 -0.138669170357697 -0.817322052563455
-0.0123608662325146 -0.00869613606877597 -0.757018802116652 -0.270846585650429
-0.0282630669911521 -0.0155404547060323 -0.484264369954469 0.450023810122877
-0.00804547702927646 0.00649075546029701 0.0289302047223894 0.471144134025548
-0.0146708922545746 0.0172228479187906 0.188541150492765 0.178832262766605
-0.0196796016605364 0.0227736087436654 0.149714300891383 -0.118226390517868
-0.00803217468716873 0.017477573129702 -0.111537853642211 0.0660348877467445
-0.0180469263820006 0.017081137713378 -0.0903426075249768 -0.195441874389032
0.00630422083256358 0.00147363694341286 0.113638407094504 -0.420512394177816
0.00719074889232907 -0.0256320885474397 0.551876619250108 -0.114570753213514
0.0259674482656577 -0.0102689289323191 0.508871545371282 0.572647564893493
-0.0148754938411638 0.0411424418285741 -0.164303653284787 0.810322217755391
-0.0474741447408448 0.0245400309812693 -0.438268490547685 0.330471318508983
-0.0461520492291699 0.00169608695572927 0.0493056306365951 0.0447964133645128
-0.0164922830120084 0.0299571352145124 0.39949458862556 -0.417461413215074
0.00187397575043314 0.0241454434195108 -0.100807856272204 -0.826618585217916
-0.00352317957264407 -0.00663740386089424 -0.748134751969117 -0.316940806087762
-0.0252137218150576 -0.0171765201578867 -0.508620518116836 0.418928120327058
-0.00972569470385647 0.00859573492329997 0.0128226545058297 0.471856459606714
-0.016221592642869 0.0212041402332247 0.184592874710907 0.190094351180783
-0.0166841097825686 0.0269800957653454 0.144851221520706 -0.115208301385704
-0.00633800957117904 -0.00486504893170713 -0.109765343271654 0.0942771967367419
-0.0221806053072306 -0.0184876987254948 -0.117192170231153 -0.160585798020142
-0.0146768203728191 -0.0232039289742922 -0.014842735916397 -0.434550154296838
-0.00359489072621163 -0.0189588893200438 0.44144477590154 -0.327621410363918
0.0133432616545183 -0.0209810502583353 0.675024002136216 0.292637237562586
-0.00571887464759424 -0.012705591818841 0.151700674553937 0.779677888473938
0.0118341691216889 -0.0585432012371996 -0.368068570420233 0.451621572860551
0.0461448991937 -0.0674211602407862 -0.0395789846421883 0.0963380629160004
0.0470404608415101 -0.0512611459061245 0.445210614850981 -0.273627656038562
0.00630979022673512 -0.0287872946934595 0.219292193382909 -0.825744090406251
-0.00299659766017701 -0.00486143373126201 -0.575121758101809 -0.63122164645045
-0.0263663329384831 -0.0129907961939381 -0.65537315284049 0.196262446580465
-0.0266496345759858 -0.0214452533344254 -0.147280545897234 0.477868207813805
-0.0195575712869399 -0.0247302951540192 0.134767242285872 0.254265433338349
-0.0200548955543492 0.000785748123889944 0.156354686442377 -0.0849406603478538
-0.00879856006749194 -0.00429775660967123 -0.104331583420776 0.0877627064399481
-0.0214363530640563 -0.017328656003037 -0.1072260542729 -0.17570390489587
-0.0109235376917551 -0.0227535812128412 0.0177747010403559 -0.434937979512386
-0.00384763158280684 -0.0204273473896069 0.478408308129639 -0.2683988348884
0.00995540227170664 -0.0235499488477987 0.642840466514371 0.379659831228578
-0.00682976815660875 -0.0206917007041755 0.0692842173640643 0.797210512245575
0.0211004192620469 -0.0650191800248426 -0.391683677586366 0.415785514246357
0.0552168324702122 -0.0694369868083753 -0.0173156030016285 0.0793561723175339
0.0502246481040889 -0.0562123972036699 0.437111732376249 -0.315845759625315
0.00143891492856245 -0.0310731989715543 0.128224689369651 -0.838674324141132
-0.0110146759789494 -0.00638960250185015 -0.63714156198229 -0.544496848785188
-0.0304184310045305 -0.013339472693129 -0.620711618952276 0.27485795472378
-0.023813963914809 -0.0184446593400766 -0.10504051024828 0.484811407266303
-0.0171621989966882 -0.0203061793151001 0.14955332476252 0.235553966229886
-0.022351229299376 0.000656021737833254 0.158199361209229 -0.0912991310198514
-0.0111549268151449 -0.00308681836195981 -0.103116603228146 0.0822592135998013
-0.0207621689878224 -0.0123398963288462 -0.0984216489349806 -0.191160702725108
-0.0055399214767922 -0.0209042925326326 0.0525548680770365 -0.433688276998841
-0.00250784464605674 -0.0232317339920618 0.508631060557759 -0.20068377393414
0.00921982249360432 -0.0248796978421649 0.59653792025163 0.467559512065142
-0.00653833483249884 -0.0216276042202204 -0.0219993827524585 0.80722509095998
0.0246842993099602 -0.060059588007245 -0.415396391278527 0.377598658998191
0.0544179065112839 -0.0660286451128784 0.00663230281500867 0.0630232893493922
0.044266622510024 -0.0524386627463684 0.425958435796535 -0.357272962162196
-0.00360349469862828 -0.0279889261222506 0.0340535867800879 -0.840721747609134
-0.0165202200981037 -0.00794947491572507 -0.687706550463459 -0.446600118497618
-0.0321420962991326 -0.0126398370008738 -0.57799369894416 0.348289993934191
-0.0204321901162499 -0.0138046639699174 -0.0596266461304814 0.487130142217222
-0.0157553354282177 -0.0139900606366872 0.163940766601711 0.215353324360558
-0.0236100913699631 0.002611941229495 0.15904604043168 -0.0988941619673872
-0.0122245654906903 0.00067363660183914 -0.101186190172906 0.075363524661108
-0.0194642953683345 -0.0059441159240481 -0.0882047661074324 -0.201812751268498
5.84170695831355E-05 -0.0171295224509243 0.0860409342025988 -0.426957725676431
-0.000516977330986665 -0.0251040588923878 0.531567316039468 -0.138944795419941
0.0110195049923594 -0.0248032149706344 0.541696665444325 0.543212583627257
-0.0063734795652776 -0.0172194626160522 -0.11216485781552 0.805346548038871
0.0217700022235304 -0.0480190202796944 -0.43273526672286 0.342049343683502
0.0439042375939274 -0.0568236451866978 0.0289765811823126 0.0490340384444597
0.0347144928481013 -0.0410535027746434 0.4107651701992 -0.394696638142483
-0.00725910514374468 -0.0198758630305385 -0.0468859849751871 -0.833514359005517
-0.0202374634087308 -0.00824851529667415 -0.723482846327714 -0.357358982495157
-0.0332274023981654 -0.0124454207756925 -0.533825260919246 0.407435887941626
-0.0165484191899953 -0.00790526272734998 -0.0182211080334693 0.482991916571837
-0.014129806612518 -0.00561358461123544 0.175134314874189 0.197320441708564
-0.0243467726820541 0.00731352112899125 0.159014701843001 -0.107801476422522
-0.0128439866829614 0.00540320262602466 -0.102392644667746 0.0703737171008444
-0.0183784154537918 0.000570275168408063 -0.0828438829974114 -0.207028608714574
0.00485819797569074 -0.0110673613890667 0.109657242669749 -0.418196013302076
0.00182685593195315 -0.0273620282514671 0.545153552782974 -0.0905030116826148
0.0137084259643401 -0.0218603077127952 0.496766963354831 0.595629489895572
-0.00687607090335511 -0.00710061994312054 -0.17629481537621 0.801737601458174
0.00936673524536947 -0.0309518277117919 -0.441386062206624 0.31535278098188
0.0259449820394509 -0.0429724185636204 0.0474631412485341 0.0390621370612758
0.0219387722719173 -0.0250690372189584 0.398557845017001 -0.423098376251966
-0.00769011587096913 -0.0100160690519241 -0.109520246156933 -0.823829985696339
-0.0205995345314381 -0.00892733154526866 -0.746564568744676 -0.292604737888684
-0.0327327951757456 -0.0138948791324959 -0.499083908544331 0.443034392392823
-0.0130703995958217 -0.00255451623544299 0.0120586286823012 0.476708898982806
-0.0139974208426749 0.00346711114253356 0.183894821620885 0.183868075881733
-0.0236933894859318 0.0120714032584219 0.157299000707217 -0.11363519093064
-0.0123547417357783 0.0106648128452045 -0.105204935058774 0.0657412190173345
-0.0182325263479104 0.00853279230006099 -0.0807608059023808 -0.208283095046126
0.0074131245325159 -0.00557021694221717 0.125560571666955 -0.41450414991652
0.00403190065084832 -0.0278719316397196 0.553610359697297 -0.0687101901326737
0.0172948058183032 -0.017457461457812 0.469449707189262 0.618280122892689
-0.00986194913880523 0.00893341411107564 -0.209627840809141 0.797553826945936
-0.00968242567734407 -0.0123550872208596 -0.445447516395704 0.303116781591897
0.00189642309523198 -0.0270718865339356 0.0582055232527627 0.0348587523460974
0.00940959516043068 -0.00593556743617691 0.390905459423995 -0.436544507451445
-0.00504189366689806 0.00110426302826856 -0.140152622854591 -0.816353265391458
-0.0183132342228822 -0.00823971722689141 -0.75521102773837 -0.265013342668365
-0.0308255596163667 -0.0142399866240932 -0.479375598530659 0.45869853092911
-0.0094823405563524 0.00334202414564569 0.0288982773476959 0.470635733493849
-0.0139583307686153 0.0113898891596982 0.187387254164827 0.177819012790091
-0.0215888847064677 0.0172680735028255 0.154076054185185 -0.116854729671874
-0.0110940800033177 0.014662499882414 -0.108386543388841 0.0644725119110323
-0.0181405573215123 0.0134281289637923 -0.0829698503541 -0.203891476295429
0.00741099344157656 -0.000937735212137629 0.127199408620786 -0.414517287853554
0.00543102181268308 -0.0267465423196653 0.55610958727017 -0.0745389050104944
0.0214338945121518 -0.0142341538101729 0.473910181741307 0.611170141740289
-0.0132412907265501 0.0252895417885474 -0.20538373470666 0.802155554421197
-0.0305851239020877 0.00698019340048293 -0.444305784694422 0.309639516260308
-0.0228984922262501 -0.0109035631940661 0.0592611993543602 0.0376340234459736
-0.00421030114526339 0.0130339636589042 0.391473410731697 -0.43405624686523
-0.0011690283026181 0.0131936203820602 -0.137051367228984 -0.816912778802033
-0.0116837419110461 -0.0084270731111975 -0.757281796422418 -0.270330297925236
-0.0280155470494603 -0.0158407444367989 -0.482753301285733 0.450540602029612
-0.00877251542220388 0.00688206710883607 0.0299185140649608 0.470897232684505
-0.0149297584142072 0.0179508452320771 0.18934804973624 0.17962749079395
-0.0198156417013265 0.0232209055206372 0.150137834938334 -0.117212662181735
-0.00896648851844225 0.0179753538180008 -0.11237193395414 0.0654219127166176
-0.018637910635771 0.0166008223497375 -0.0897782265072639 -0.195745662950903
0.00648715392317222 0.00217643952717857 0.11313822281896 -0.418929210177523
0.00688797384341671 -0.0272386240263221 0.552408490117952 -0.112839550246177
0.0267313256148425 -0.010664437755369 0.506352022403995 0.573790018168839
-0.0134148949852683 0.0404878786312384 -0.164736074729121 0.809019495772205
-0.0485301064138044 0.0242875317988416 -0.437950866423343 0.327863174020355
-0.0480878831403982 0.00208258612963603 0.0491535328989628 0.0460250922154366
-0.0172382320729399 0.0296665411898586 0.400010892351808 -0.416592165103799
0.00260878830420528 0.0247582946871466 -0.10163124041909 -0.827295912522858
-0.00356456891434141 -0.00668257710335437 -0.748977287210053 -0.318852219419184
-0.0250284948369979 -0.0163915203167371 -0.508758877376869 0.419368743338379
-0.00925258524246323 0.00932342903435094 0.0128005523845421 0.472011098371943
-0.0173115503776849 0.0209770140760611 0.184888776726642 0.191083803493
-0.0165177204188793 0.0274236308970799 0.146511039366597 -0.114542584089166
-0.00676924565825646 -0.00403095852420616 -0.109747950129611 0.0924547982455286
-0.0228933584820044 -0.0190924688340675 -0.118399936434822 -0.161372720220596
-0.0151904738424944 -0.0232680052205693 -0.0157800967003178 -0.435062306828617
-0.00401475943052828 -0.0186538528294247 0.444119781780502 -0.324912830642363
0.0133495287712106 -0.0215698214064135 0.674952928413146 0.292936638268162
-0.00496501731251333 -0.0116733586273617 0.150754507746874 0.77962284523387
0.0113768524173612 -0.0595411655152294 -0.369105730008325 0.452427220849584
0.0449484672733493 -0.0670470795313575 -0.0414012630894023 0.0959685067385476
0.0464919472527291 -0.0521430634237076 0.445524276045627 -0.272563395286587
0.0065275501116365 -0.0288566922099 0.220761445445691 -0.826289260664262
-0.00283829000824343 -0.00448862386230426 -0.572875547365802 -0.634907082946219
-0.026544363215492 -0.0128167754229842 -0.654530674718811 0.196688972046657
-0.0266283199580611 -0.0213852652187946 -0.147474587602906 0.477169276774023
-0.0200709195772311 -0.0244877636171001 0.135847969278643 0.255230008034508
-0.0196264506660581 0.00130147235962713 0.1567938822036 -0.0831960605383416
-0.00927235398021268 -0.00416372981529691 -0.105142808907863 0.0877367141665671
-0.0219137286098759 -0.0170623753892675 -0.107519590190926 -0.177395479356292
-0.0113486482719641 -0.022932367904071 0.0169174836386507 -0.437208141133655
-0.00400469345744805 -0.0209469451058419 0.477688468899683 -0.266711675314647
0.0110127578522672 -0.0232920148687103 0.643536947512953 0.381139581014113
-0.00667161970342607 -0.0191942559984593 0.0681488299058068 0.796008621558831
0.0206181065237031 -0.0634542479460828 -0.393289850184905 0.414958774215624
0.0538448668864508 -0.0694395015064416 -0.0184131808850846 0.0795466756226533
0.0499824745852185 -0.0560385138772687 0.438259114722738 -0.314300095436847
0.00215759524798443 -0.0309889689004233 0.12919002569503 -0.838746815565255
-0.0102352751369171 -0.00645574238809103 -0.634708943679698 -0.544877834436947
-0.0299053763782338 -0.0129573774712564 -0.622037741577058 0.273579362769362
-0.02362958844447 -0.0185370218699055 -0.107307124336853 0.484723340371046
-0.0173774569690373 -0.0204783114575442 0.150044710358785 0.236405088515599
-0.0220156950996936 0.00147427237398024 0.158918505709804 -0.0913017256630935
-0.0110582140960775 -0.00282034197625795 -0.103403567440454 0.0808616972250647
-0.0209762748425474 -0.0125175592228629 -0.098477909543167 -0.192153182377986
-0.00531907416128616 -0.0209300448370864 0.0517188910895045 -0.432642640797895
-0.00264472906309056 -0.0238813022696683 0.5089012629399 -0.199124567138963
0.00947290042097697 -0.0241726021705881 0.59594221741241 0.469682585795642
-0.00652274060677661 -0.0212802538805652 -0.0248569563091352 0.806308050042
0.0248648894714895 -0.059623593841376 -0.415445997842941 0.374597157937221
0.0537913957573825 -0.0658721309510521 0.00666729388405493 0.0641036627687072
0.0445773974633673 -0.0531319774485856 0.425251313312063 -0.357919584083324
-0.00375300431842488 -0.0282794113126713 0.0371034482424591 -0.841044235587175
-0.0167319012816655 -0.00721356638666897 -0.687597801226369 -0.447731195612084
-0.0324793072371368 -0.0130413948954406 -0.57970652133886 0.349063649928459
-0.0206154443587698 -0.0140927698306246 -0.0600819781314476 0.487343447097685
-0.0156654066517661 -0.0134318974360162 0.164965995070126 0.216270164042258
-0.0235542140746169 0.00306032126295964 0.160406844711348 -0.0987026222568767
-0.0125874355982306 0.000398364435203396 -0.102135563743628 0.0750877057363471
-0.0192836930025533 -0.00646804812079366 -0.0896112775539947 -0.202356556619737
0.000609068924826982 -0.0167547160509275 0.0844202811206389 -0.426741349201748
-0.000414366505911131 -0.025636694643 0.531043099357495 -0.136284946609738
0.0108677865441519 -0.0242537425057363 0.541002411931271 0.547728910930082
-0.0052978198974471 -0.0169100683955995 -0.113119635175621 0.804913201753388
0.0213157330041598 -0.0475552197292315 -0.432800271954193 0.34089126883613
0.0442923611944354 -0.0565333475283469 0.0301246554272254 0.04905602378795
0.0349598610546144 -0.0417994838505486 0.411997963788565 -0.39481888569475
-0.00695142069278039 -0.0209942937025607 -0.0470820035708913 -0.835427393957612
-0.0201780705057752 -0.00753403729643279 -0.724081319131923 -0.360022519921977
-0.0330164462724405 -0.0135644839257932 -0.533438107560169 0.407063508489492
-0.0166179611374116 -0.00841480311502669 -0.0182962987995102 0.482758324945273
-0.0150272191687973 -0.0058501604697999 0.176230239607598 0.197930158987873
-0.0246024222888829 0.00753276304048072 0.159917967997494 -0.107501205726086
-0.0134010645929121 0.00561756208265374 -0.102101809212939 0.0697826835206675
-0.0187718856720946 0.00132402460914372 -0.0832165905933915 -0.207351253298788
0.00483562774679239 -0.0114256648977451 0.110261488824622 -0.419675818771816
0.00235627959094477 -0.0273766791642326 0.54592799969151 -0.0890989183706068
0.0142880607501141 -0.0218857214344757 0.495216006956021 0.59844497030203
-0.00635533829503659 -0.005921968187577 -0.177072085025257 0.79894528676486
0.00979377357050256 -0.0307977095121157 -0.442307885908954 0.315501846712267
0.0251335004268691 -0.0424087077879645 0.047544343310347 0.0388583919498884
0.0216010495040978 -0.0262292043043225 0.399655482505814 -0.422008871549556
-0.00762539088081585 -0.0104815346326701 -0.107729507681538 -0.825680203075173
-0.0201679865635915 -0.00738670319568209 -0.74577216812478 -0.294037184261474
-0.0323622400031335 -0.0132934752385873 -0.498761865273035 0.443462386391006
-0.0125669231302988 -0.00297658078598909 0.0129661585259789 0.478387331619494
-0.0144159425078553 0.00405748887921646 0.184710533016207 0.183820405125845
-0.0234229928938643 0.0126709085996301 0.158502479683606 -0.11316708428713
-0.012833545085898 0.010101111074616 -0.105723345150326 0.06587345886119
-0.0180868379107857 0.00846006482796308 -0.0809783480237475 -0.207701469485745
0.00714561815736026 -0.00586634542675349 0.125365117602525 -0.414524112204051
0.00370978393174975 -0.0276315574623724 0.554082117760985 -0.0661456096858408
0.016528043844911 -0.0174396177862 0.468835855669278 0.61979925510156
-0.00963828904840339 0.00941048786730428 -0.212438346316964 0.797284683459327
-0.00931558898233152 -0.0114919831135929 -0.446481356825127 0.301308172242698
0.00129145928489218 -0.0262154163672023 0.0576643149546296 0.0350799915777328
0.0088942402326161 -0.00703086026841722 0.391611173451047 -0.43551772178977
-0.00583526209695466 0.00140038590923332 -0.137752063172459 -0.817893568422843
-0.0169774381703927 -0.00780015544880601 -0.755725550801581 -0.265676775925861
-0.0309401193936332 -0.0141528776971046 -0.480040990540435 0.458129258365123
-0.00987412396932845 0.00240203311749806 0.0271795497995543 0.471836642945124
-0.0147551796228339 0.0118701073592015 0.189293016092558 0.178057118566245
-0.0216869770486495 0.0185838134183953 0.154847659158218 -0.116504573966577
-0.0113233324709212 0.0142444432405224 -0.10912026659708 0.0646540412967083
-0.0180542886476472 0.0134409635495016 -0.083774198890201 -0.204311690910774
0.00850047341464762 -0.00124958927949803 0.126319023918701 -0.412841768797199
0.00607733449895278 -0.0270674169715099 0.557279237466178 -0.0729632824907748
0.0219729453496536 -0.0136274593401183 0.473182251885962 0.613417219160379
-0.0129280195161426 0.0254026835411975 -0.207201740884717 0.802186367518621
-0.03015626975132 0.00742608285733257 -0.444297541868572 0.307346770114997
-0.0240863976811184 -0.0104370274988891 0.0586171650369041 0.0374187314165575
-0.00390057772982069 0.0137633547461575 0.392996201238371 -0.434460540213096
-0.00189529311537554 0.0133870429723563 -0.135772032425478 -0.819930135562525
-0.0109316661651675 -0.00788453692066508 -0.758409682135067 -0.272065029037993
-0.0282640465039253 -0.0158505609876224 -0.486556843647823 0.450718246467679
-0.00878555403580045 0.00588720234348032 0.028653217692635 0.471286198062669
-0.0152656887704186 0.0181764835947606 0.188875708089782 0.181184579335484
-0.0183435494480806 0.0240211034715519 0.151761406857731 -0.116777302761116
-0.0086546338583756 0.0171395598934038 -0.113157020279472 0.0648165018747713
-0.018590993832468 0.0166286950408025 -0.091592300499819 -0.195691370860822
0.00691492845841743 0.00211925134992342 0.112573372311461 -0.419519573799173
0.00788044960090229 -0.0261116071966205 0.55192648878067 -0.111481232035464
0.0264992465855732 -0.0103452072531685 0.504112710800218 0.57729797456459
-0.013822379035844 0.0414382815211847 -0.164894633264159 0.811140235415861
-0.048269571891237 0.0243118569182107 -0.437516651766387 0.329124465834266
-0.0468851589182584 0.00330551658521897 0.0491748211063283 0.045701859896472
-0.0175204401787178 0.0293902440250339 0.400762217036234 -0.416697816608894
0.00197913026874292 0.0242504770429525 -0.097910608222414 -0.829781173327994
-0.00266851455767384 -0.00670331159407869 -0.748087981339106 -0.320060366401217
-0.0255477018814831 -0.0167549187357055 -0.510376551010464 0.420570650704044
-0.00898309910013074 0.00864613151304963 0.0118477128233883 0.473993055977438
-0.0172712863491519 0.0220342591900773 0.186424605943444 0.192294388393818
-0.0165624672343513 0.0280609235739198 0.146746348765724 -0.113504876864018
-0.0066552594517919 -0.00430479104041465 -0.110454440903547 0.0924525151045078
-0.022147883272712 -0.0184855087794072 -0.118784544171242 -0.162682831947867
-0.0150389307943379 -0.0229827270173659 -0.0159162844809544 -0.435087423200788
-0.00414498824892414 -0.0187178558329492 0.445143146917493 -0.325746144909377
0.01402419313674 -0.0218250381904342 0.676501029348436 0.294556573211842
-0.0052254831728967 -0.0118409237107231 0.148563691612338 0.780651836985143
0.0105039505856841 -0.0599242000270226 -0.370817464331737 0.452296863441077
0.0448962961644769 -0.0671669335271116 -0.0418629280544585 0.0963383690461658
0.0464286438712986 -0.0529588246222345 0.446866133595841 -0.271771853475806
0.0060268567753407 -0.0288041688340909 0.221713141024566 -0.828054975706444
-0.00300534174257566 -0.00431645223433301 -0.574396474726619 -0.63583084335863
-0.0267369472021245 -0.0121153351536579 -0.658164544480114 0.194116584745967
-0.0272367542474361 -0.0224675686557055 -0.149289418049954 0.478488112142999
-0.0210775121561735 -0.0238975898789423 0.136297580510501 0.256595526498824
-0.020541843598512 0.00185906439781211 0.158267738525359 -0.0823514679341853
-0.00860343442824715 -0.00436677108377652 -0.106116412812223 0.0869068507835764
-0.0222827037227073 -0.0164656764563541 -0.10916087963758 -0.179150218778668
-0.0111207600947094 -0.0223689285826908 0.0157534463891272 -0.437414044870481
-0.00361737514131969 -0.0213921270992051 0.478421995403797 -0.265349357264358
0.0104696757200887 -0.0229084268538472 0.643264955351026 0.383467209847274
-0.00717524500110099 -0.0190449350501689 0.0667057986519023 0.798374976974288
0.021061969412504 -0.0645270098773228 -0.394455419718418 0.415762087806878
0.0544252532997551 -0.0695775286114891 -0.0186332573902897 0.0799317615176213
0.0494297269291095 -0.0569164807334056 0.438476952168189 -0.315689016159886
0.0016326530237203 -0.0320852585317929 0.131244902018465 -0.840180135214718
-0.00959546542624647 -0.00614620962346679 -0.635963823420147 -0.548774092408834
-0.0301450869283487 -0.01265922567226 -0.623058227785818 0.273927338275922
-0.0234198829213595 -0.0194364027425305 -0.106756806931507 0.486717838842689
-0.019134919866402 -0.0195222553414346 0.151445210688582 0.237004642367766
-0.0209758056527336 0.00179180666043664 0.16041860150615 -0.0910307764345317
-0.0116735769189761 -0.00242822369414885 -0.10374730260794 0.0800076129864771
-0.0201389706310296 -0.0115272597098929 -0.0985964670810964 -0.194088975783704
-0.00550653009885783 -0.0216153417878944 0.0506979065377832 -0.434181405932863
-0.00285840389262674 -0.0237595842014511 0.511338887408724 -0.196340281921596
0.0100743273060218 -0.0248570521919425 0.594984342058625 0.471865129278269
-0.00532841498979817 -0.0211423451224451 -0.0278332462332814 0.807222932589909
0.0248909217198923 -0.059220758287718 -0.416648961628822 0.376038024415968
0.0537559747270138 -0.0651360428727283 0.00674644084934535 0.0637975867346973
0.0450277377380575 -0.0534960763793298 0.428628206803301 -0.358711091161689
-0.00260790397869961 -0.0287085970433614 0.0397758256949335 -0.842754813810805
-0.0164022966126591 -0.00701068981040094 -0.688729972569103 -0.449173914897163
-0.0325379366529173 -0.0134047399809423 -0.581199984025402 0.348416679577782
-0.0202653618815196 -0.0145398301511222 -0.0586743196082558 0.489207075484708
-0.0158712780488561 -0.0124077376461706 0.164841407758579 0.216997562543646
-0.0229769072718037 0.00422102195913118 0.161321808989492 -0.0988734382564713
-0.0127160697674902 0.0011813354190006 -0.102555276844637 0.0753426596610499
-0.0192969745788201 -0.00556218468782671 -0.0897985255794213 -0.203710762736562
0.000793879711663544 -0.0171069373466515 0.0850945434921025 -0.427154415282032
-0.000245707108079944 -0.0260892671072043 0.533591550822188 -0.133848835700322
0.0113699496052964 -0.024376318539749 0.541514338455967 0.549630151229439
-0.00574833678162439 -0.0160881119171223 -0.115009385832415 0.806393479881524
0.0210359188323561 -0.0473438950608866 -0.434666545223826 0.339908064080413
0.0430968258476343 -0.0558913562483537 0.0295986248216976 0.0496817290940679
0.0347900858273377 -0.042915709624542 0.411630198723363 -0.394807078471936
-0.00636887726863189 -0.0218901873754728 -0.0457500521943834 -0.836325841598183
-0.0194819072361303 -0.00723104443821954 -0.725740726172689 -0.362481909588985
-0.0327121815801258 -0.0126374892429357 -0.535775300460312 0.406350385189283
-0.0171527857871652 -0.00891880062613787 -0.0182687858393357 0.485713910444713
-0.0148966108067951 -0.00489608734258427 0.176073928853636 0.199304752374902
-0.0242692061097439 0.00801411106136744 0.160346723180153 -0.107386139193743
-0.012930210695128 0.00520951533997843 -0.103169274939168 0.0687136150223732
-0.0180983676575605 0.00163111979859307 -0.0842630842398075 -0.208337271397665
0.00490668257822172 -0.0118408486911706 0.109349064254799 -0.419726810164054
0.00198485788394779 -0.0274131911247309 0.546277476855489 -0.0867217164817363
0.013482829059525 -0.0224365862692135 0.495124725794954 0.601442992779268
-0.00696238365154496 -0.00606756433094773 -0.180955770780114 0.801535515451208
0.00949785361140753 -0.030844251842143 -0.444425148132053 0.313930395596608
0.0251670066908918 -0.0425440142864282 0.0473216435813396 0.0399063244262961
0.0221620319889762 -0.0263137375504246 0.4014445556226 -0.422312857163434
-0.00698950131102408 -0.0107003449101482 -0.107475711364702 -0.826747225788438
-0.0200151510407254 -0.00718403499583691 -0.747361792653383 -0.295934078764155
-0.0326369540875409 -0.0132151799559703 -0.50191102088587 0.442972057261712
-0.0119247934049579 -0.00325933588587067 0.0126141081231405 0.479862258107629
-0.0146082421179883 0.00402126313825581 0.184913353677285 0.185719564462651
-0.0234312745958057 0.0139339281972053 0.158915880144246 -0.112599428373227
-0.0122336414458653 0.0111127986736 -0.105733481080833 0.0650566945959193
-0.01816823384387 0.00870235783198421 -0.0815767621342611 -0.209149351115021
0.00775378939940347 -0.00587885415098783 0.124467191787514 -0.413784478534065
0.00417108953077232 -0.0273406186764122 0.55443892442837 -0.0658272236284194
0.0167203123969452 -0.0177784269663995 0.468184274693572 0.623279738210407
-0.00968662494779392 0.00936802896347865 -0.214052062186803 0.798854305631023
-0.00841792907297615 -0.0121593893459241 -0.446900093047348 0.300597654078251
0.00147932130527754 -0.0257493997197494 0.057603099980204 0.0345329167508672
0.00829562758099355 -0.00667950124403681 0.392586426856413 -0.435303807586072
-0.00537878105445719 0.00118087784700257 -0.136140909085027 -0.818814536590913
-0.0166933970771937 -0.00792202101032854 -0.756105121751944 -0.265703675296829
-0.0313800366385278 -0.0143918712297942 -0.482772817831848 0.458842389248286
-0.00957088327842196 0.00266838001781453 0.0270826793075096 0.473919492580973
-0.0144710584598721 0.0118732133134737 0.189553081899502 0.179306045549717
-0.0211167385904528 0.0192392510695918 0.155947827826688 -0.115615193301225
-0.0110988984418084 0.0151264560682158 -0.110809237229846 0.0635385437649021
-0.0186300578723394 0.014692076066861 -0.0847486898596158 -0.205124530820589
0.00751292111583198 -0.00158124664901937 0.127009184208412 -0.413077165325928
0.00602742658106139 -0.0273239666131413 0.558805400348141 -0.071132303364669
0.0220984609661171 -0.0135322470436356 0.47408143078578 0.617452769150505
-0.0128719659356114 0.0242788603096238 -0.209707423353883 0.802157560627021
-0.0299189654138702 0.00782534572781194 -0.445872288233715 0.308491495065793
-0.0247427464988333 -0.0106997337697998 0.0589809660829139 0.0385653718338534
-0.00427773327798594 0.0118017982519145 0.394093179023421 -0.433050807663162
-0.00192263983605393 0.0127905078930401 -0.135489030386466 -0.821444882165807
-0.0111794903658775 -0.00825577475559902 -0.759875895125063 -0.274613037156276
-0.0282212499831017 -0.0155356050150853 -0.487258472012316 0.45097401224305
-0.00878048341682367 0.00485030958724779 0.0284906799527392 0.472675604289394
-0.015468801836276 0.0187114478562606 0.190055487295016 0.182153081681627
-0.0199503838990739 0.0240512177795826 0.15216266041221 -0.116828316965598
-0.00901092951973569 0.0181343710234773 -0.113811251721384 0.0639953920679893
-0.0175006149846422 0.0170196824839204 -0.0921114649191625 -0.196977948345371
0.00685897674079126 0.00193829351762514 0.112263501480507 -0.419624501905409
0.00777288414711946 -0.026732087087723 0.554004931444524 -0.108211033355289
0.0263001742687478 -0.0107165244995535 0.50598395598811 0.579509279583648
-0.0128072521011475 0.0410378313852864 -0.168697155729653 0.811405030379173
-0.0483529927377372 0.0245661791117092 -0.44044970397668 0.327076594609242
-0.0488101080728471 0.00238234681265027 0.049321546277509 0.0463982193870263
-0.0184630119821556 0.0291001397415504 0.403117941824974 -0.415181497014858
0.00262121328620517 0.023939352384082 -0.0975859368026497 -0.828867996109175
-0.00229996775415145 -0.00663285662255565 -0.751143082246635 -0.32267671645067
-0.0245693450614579 -0.0159783540338938 -0.513326073936318 0.420549971358912
-0.00984901373231392 0.00838634976116753 0.0125798758136371 0.474189446308612
-0.0166406465143624 0.0232203115639693 0.186757184793103 0.19247951735496
-0.0165333467564153 0.0284822776650702 0.148326859297466 -0.114265051558566
-0.00658845253776549 -0.00376780420051338 -0.110812322201681 0.0919724912493577
-0.022040360807765 -0.018558528275466 -0.119049920826056 -0.163226588653207
-0.0150197770383159 -0.0225670724725279 -0.017014415982665 -0.436389001486909
-0.00408394139299755 -0.0177954756299499 0.444489804780667 -0.324647063578015
0.0143023222725247 -0.0205104471651794 0.678072228340699 0.297480517475157
-0.00464440094760317 -0.0125131353090655 0.148244852006041 0.783118902080015
0.0115754415552382 -0.0600451837529206 -0.374434485031256 0.453427074979288
0.0439929939648301 -0.0683470405720371 -0.041673886533955 0.0968584607456042
0.046171232870904 -0.0537335742727011 0.447610333702023 -0.27193248236671
0.00668425662586385 -0.030304291504993 0.224157845128501 -0.830538526943803
-0.00263402615224627 -0.00411894205203889 -0.576112650074299 -0.640084171062073
-0.026942791132994 -0.0127758355626902 -0.661220409958176 0.195760588294117
-0.0270570385080151 -0.0222324221818131 -0.147953281437728 0.480992586659901
-0.0221184920408861 -0.0242100654980363 0.137319444091947 0.256899720788561
-0.0196461739946861 0.00289105712888984 0.159956497098849 -0.0827686514688321
-0.00960140342400986 -0.00450049310911905 -0.106697921274967 0.0872816117594821
-0.0230285788346854 -0.0167231376514051 -0.110005044021103 -0.1795081778988
-0.0109622564312482 -0.0232145868661013 0.0157903718869945 -0.438487106864605
-0.00361662388252331 -0.0206355177769979 0.480999362459044 -0.26473166081301
0.0107006221681238 -0.0226997296798171 0.644000851873748 0.386191767173271
-0.00599877951811279 -0.0191760313650194 0.0649574348620976 0.801556566255655
0.0202061792321219 -0.0629696588292733 -0.397132362609635 0.415857108075197
0.0536432696128756 -0.0698087900477748 -0.0182766083888817 0.0807788851101992
0.0491632291617628 -0.0565088410870104 0.441081149086665 -0.314927241202035
0.00284076712494611 -0.0323719611874563 0.133592816455882 -0.84463749372796
-0.00982989922342432 -0.00690567372499163 -0.637603180121301 -0.550398071769239
-0.0301509711150158 -0.0134912675956582 -0.62806868134894 0.274007916181458
-0.0238029191375227 -0.0189599383006865 -0.107642430206903 0.489459471420195
-0.019199891310886 -0.0194699956746431 0.15200228848042 0.239111051533811
-0.0218979708805695 0.00279533811163755 0.16129244458859 -0.0909818105884849
-0.011231051805105 -0.00245695635408005 -0.105462638692667 0.0794554964082684
-0.0209655931011805 -0.0118479220451305 -0.100866555878451 -0.193946031637522
-0.00486726911575692 -0.0206262645155815 0.0511922231541335 -0.435807163097988
-0.0023594374674424 -0.0228965768136918 0.513449899242588 -0.198087169620996
0.00929020401932167 -0.0248842318036134 0.595889481008204 0.475412866490667
-0.005728198117769 -0.020754316630444 -0.0290641188346692 0.809265425799461
0.025424793476534 -0.0586556347476112 -0.419779023040017 0.375444609586993
0.0529954600635575 -0.0656625624318803 0.00682041299502517 0.0641825846498767
0.0452256226694791 -0.0532766287733916 0.429193951270568 -0.358388490297506
-0.00236839447998747 -0.0287763664164374 0.0394722285993503 -0.847150659624148
-0.0160640063156704 -0.00750124816667693 -0.690422321374181 -0.45104526652367
-0.0321516756811956 -0.0130660703007726 -0.584574619211768 0.350187525297736
-0.0202685370915106 -0.0144056182354632 -0.0601182576021387 0.490205853937187
-0.0167219513391843 -0.0124420877372493 0.166223603331148 0.218892965449404
-0.0233541812765721 0.00392846785356499 0.162057249493269 -0.0985412465527521
-0.0129907503489882 0.000901184085053889 -0.103539447555971 0.0745094877462185
-0.0199153657890234 -0.00510658753543039 -0.0913276504361386 -0.205687270131781
0.000917952986831698 -0.0166446247524524 0.0831331099626893 -0.428478821269573
-0.000812383051600272 -0.0257276600184717 0.534223468816384 -0.132436876031893
0.0108317711448634 -0.0245443732801647 0.542160150684631 0.551848999715476
-0.00537333033990603 -0.0166974908582832 -0.115688856766362 0.809376961682498
0.0216228404414502 -0.0466089070927419 -0.436881760557827 0.340317737258848
0.0424369363748216 -0.0558047309422224 0.0292919954311163 0.05012981139876
0.0352333992852135 -0.0436650655175311 0.414696357256634 -0.395315442355345
-0.00592653210358293 -0.0218061734440791 -0.0450571441106718 -0.839566055772064
-0.0200014315007685 -0.00802606725715883 -0.727606378204323 -0.363986228733284
-0.0334167854618129 -0.0122799251736346 -0.538636717978522 0.409432820059375
-0.0164423079586944 -0.00883326167786658 -0.0194980299275628 0.486950898417507
-0.0159867850869048 -0.00473721827245415 0.178223083661671 0.201353848538274
-0.0240310930466864 0.00855498737085742 0.162310972140278 -0.106169211580065
-0.0134297005013043 0.00610784081707677 -0.10439620912857 0.0688703481483833
-0.0183320110805112 0.00147371957268804 -0.085155885424396 -0.210104243911042
0.00485773249196159 -0.0108375495711847 0.11052139873744 -0.42122360069672
0.00233751444787806 -0.0269858076079376 0.548566729772014 -0.0850949207032939
0.014342201764125 -0.0224133310178985 0.495743493733773 0.604088279530934
-0.00576061399049551 -0.0058660636081888 -0.18135329571002 0.804962677702411
0.0100436586697921 -0.0306152457340848 -0.446490785015497 0.313920740279607
0.0243975087406174 -0.0420471100542688 0.0474276763059184 0.0397952705386726
0.0227498826821668 -0.026183446784997 0.401000444969415 -0.423292701041075
-0.00695979999477329 -0.0108087563970936 -0.106003097552067 -0.830131752757171
-0.019958671927915 -0.00804939027825031 -0.749658286649625 -0.298621963170272
-0.0333616249441396 -0.013645199130451 -0.504535314012654 0.444458779949923
-0.0124084891821345 -0.00332672797804611 0.0106154768911973 0.481666334296451
-0.0149055041854024 0.00496044322327369 0.186231714348041 0.186713382614328
-0.0231387012984928 0.0136075898041048 0.15945323935088 -0.112256220385274
-0.0129052657699669 0.0107125849091453 -0.106614954339004 0.0652782871903631
-0.0179730638635549 0.00897509086689496 -0.0826193623336909 -0.211700310201583
0.00787727389809234 -0.00577921458688795 0.124348141869139 -0.415884588913723
0.00408669548404001 -0.0274228175521729 0.556498050501899 -0.0619966932151083
0.0176903508575474 -0.0181834441698454 0.46897062275698 0.626745698487989
-0.008840557557955 0.00957061579858413 -0.217203545504026 0.799146284862716
-0.0083082892503313 -0.0116568066967844 -0.449487467957776 0.299601133470186
0.000773641463161045 -0.0260723460472125 0.0573473630829055 0.0357308450564331
0.00791648697559252 -0.00754923222797753 0.394496007054328 -0.435012219699987
-0.00542032714507284 0.00103564288218179 -0.136198730864471 -0.825109501345135
-0.0168202288154198 -0.00865832535949769 -0.758589534787093 -0.270346445844402
-0.0313019349636098 -0.0142364124584424 -0.484513390713269 0.459156369192411
-0.00915809375800705 0.00209776577753028 0.0270683602649243 0.476689644961997
-0.015043638592323 0.0132508715653446 0.190847647315795 0.180376606349629
-0.0203740760472482 0.018465814841653 0.156491388298333 -0.116078615913986
-0.0105848142063752 0.0148743503689947 -0.109614411376451 0.063679431394603
-0.0184751054186415 0.0138593230242888 -0.0848824097597976 -0.206372034415614
0.00848381906682871 -0.000866408747130389 0.12643134127967 -0.415773306824354
0.00616339769641507 -0.027310458161501 0.559848510840766 -0.0686811144700272
0.0220586917468146 -0.0135318908620302 0.474238948498438 0.619889958273022
-0.012232733768274 0.025232327790316 -0.212148846319668 0.804118710862331
-0.031449746148812 0.00726303496429555 -0.448437195356412 0.307138871453774
-0.0255467129199651 -0.0113791596178501 0.0591052160095807 0.0374090939789834
-0.00571692555010461 0.0119151533042628 0.396029602501557 -0.433244779652036
-0.000895692375316604 0.0129177720613422 -0.133898517313914 -0.825502400906867
-0.0101804170993045 -0.00763533470917714 -0.761012797235406 -0.277962054336678
-0.0287495464884048 -0.0152963821307843 -0.490528290886922 0.451481035035082
-0.00823222258454101 0.00532021257743032 0.0286159010411526 0.475040189630443
-0.0158379835592721 0.0188803382557507 0.190463289476735 0.183538075466952
-0.0187546281099178 0.0246204613064221 0.152781714436858 -0.116044998221848
-0.00913887181398191 0.0185008846517994 -0.114822542481352 0.0629405766552227
-0.0184288434141472 0.0179912928100936 -0.0928958779772061 -0.198974872058659
0.0065084004538597 0.00201535662292934 0.111899114205861 -0.419377530217559
0.00709795190417841 -0.0262011042516766 0.556571859332307 -0.106722725841096
0.0263303847307206 -0.0108013566623466 0.506502206105781 0.583161119204609
-0.0128984326734162 0.0408508130212474 -0.169916864090943 0.813973788726088
-0.0475015010587206 0.0246567038549024 -0.442049089745304 0.327228305314284
-0.0487229185495141 0.00346151059735703 0.0483592625926525 0.0469345861614873
-0.0178615887587734 0.0286902655337963 0.404529601527569 -0.415961992234781
0.00216217611698438 0.0245219798117479 -0.0971193675072993 -0.835867887983944
-0.00203487565199047 -0.0057111640661781 -0.751565014755984 -0.324322936397605
-0.0239960961998207 -0.0157954090613712 -0.514233643070836 0.421690051330583
-0.0100038815665607 0.00774343838745121 0.011162104625441 0.476425747346049
-0.0187091657906837 0.0232695369125313 0.18691051678316 0.193669436442322
-0.0155053104155495 0.0292602735739254 0.148671641686273 -0.114616686493881
-0.00673212045563896 -0.00397155953192245 -0.111552414938571 0.0920115096947566
-0.0228217365260401 -0.018381344121138 -0.120158081214953 -0.166313158488883
-0.0151619241816175 -0.0235450973319837 -0.0198370840362621 -0.43725692587902
-0.00416634319950423 -0.0185834424615041 0.447239917265949 -0.326615103837886
0.0136127722392803 -0.0214759649363583 0.678815158119017 0.300371157706522
-0.00350409414111058 -0.0115441901677535 0.147530442039608 0.787786176541673
0.0110392216826887 -0.059994784808581 -0.374905722517894 0.453496098060311
0.0429076637706041 -0.0680284312364367 -0.0421495492615077 0.0985937201870498
0.0468116793993365 -0.0533135358545531 0.450552920736454 -0.273743261884254
0.00736267876157169 -0.029808125370213 0.226562754998697 -0.835781661398832
-0.00266944713854468 -0.0046197342590758 -0.578964262863988 -0.644264694855091
-0.0265525726002631 -0.0123269132670522 -0.665802728453112 0.195716253002631
-0.026914491982747 -0.02250921127621 -0.149621378059071 0.483337127031954
-0.0222656189886474 -0.0225736524999494 0.139625295741188 0.259316457274651
-0.0200289423293378 0.00244115958355343 0.160788901285126 -0.0825249072680303
-0.00968288801657145 -0.0042675421797007 -0.107656823271976 0.0859260182859072
-0.022039178678991 -0.0161304448295285 -0.111163681713736 -0.182184477212067
-0.0112118667282765 -0.0230883904338822 0.0154946132681087 -0.440119706569071
-0.00476889935761692 -0.0204450871143498 0.483064668592342 -0.265852961206844
0.0103718897572344 -0.0224583613950761 0.648334191014011 0.387340848527721
-0.00579996208214904 -0.0193134661217368 0.0651571808467277 0.805157742275209
0.0204776475761532 -0.0640175966015975 -0.398165321586818 0.416020208147691
0.0534362623048736 -0.0691587584578048 -0.0192373219877887 0.0811479357208501
0.0494282483152029 -0.0580870917581768 0.441997411040897 -0.315986072594608
0.00312872950186723 -0.0326211118379424 0.133755716632436 -0.847718495562223
-0.00997604144953643 -0.0065044901297314 -0.642232280618436 -0.555238938729525
-0.0306896878877862 -0.0128934569522124 -0.631003636053496 0.27612750630216
-0.0242013951822292 -0.0184648442291219 -0.107778196726174 0.491293760470444
-0.0201271746593671 -0.0198448466717376 0.154202554735356 0.240756339910835
-0.0219905621661978 0.00333153014199587 0.163462303529114 -0.089487039611245
-0.011410773894672 -0.00144736435700879 -0.106324074436563 0.0796594565991487
-0.0213123762976949 -0.0127209277435313 -0.101768512427659 -0.196828495799615
-0.0045034898816514 -0.0211230767171361 0.0502631027777033 -0.437038905660427
-0.00290270810219264 -0.0232742724474529 0.514087021081661 -0.195864948159816
0.00999732060030104 -0.0249104816535721 0.597948609520264 0.478218229004271
-0.00517887105427194 -0.0210092808040841 -0.0284351078354431 0.813521614377907
0.0249947456112212 -0.0597198669995334 -0.421563390694636 0.376858975263069
0.0524370986382344 -0.0665874849358951 0.00588155063227663 0.0650658545711509
0.0444307851396423 -0.0541711425688943 0.432992299658658 -0.359546504523638
-0.00214346183889097 -0.0287938167661252 0.0403420262595381 -0.851419058772201
-0.0156891989568389 -0.00703403894697969 -0.696297347927143 -0.45613592302516
-0.0324606480776581 -0.0136379184094343 -0.587240635851431 0.352110403154877
-0.0202722506003779 -0.0152312210315579 -0.0603172112624173 0.494215096797955
-0.0181847234219789 -0.0124400616943058 0.167788209971859 0.221364230156719
-0.0232433095783453 0.00630719051261037 0.164564582830261 -0.0989522970609629
-0.0134272195858477 0.00128751663955756 -0.104713584790695 0.0731255988144273
-0.0199164893970951 -0.00578821637136984 -0.0920553665465764 -0.206366537320291
0.000746336243980294 -0.0169829649151397 0.0838429635638701 -0.429156079369913
-0.000735321539883946 -0.0252606716870323 0.537919465086702 -0.130954112314261
0.0114916619758952 -0.0244816547283923 0.543064885615284 0.557455357094999
-0.00461222704321564 -0.0169742382037178 -0.117145798531952 0.812341940478303
0.0215048585353923 -0.0477833366772216 -0.43975677268738 0.34008631192535
0.0414241647879623 -0.0566588298519824 0.0286027670033701 0.0502819487213613
0.0359456011853644 -0.0422986029125719 0.416369278461742 -0.398497301702781
-0.00621966568790096 -0.0220325273985832 -0.0436798510750443 -0.843165450872742
-0.0202558114585492 -0.00703966437262057 -0.731518430268945 -0.367505533914478
-0.0334808189822446 -0.0129681517855395 -0.541636545604539 0.411277257407426
-0.01591685228222 -0.00857541891122349 -0.0190306420268129 0.48908912308679
-0.0167925802165926 -0.00362525377546667 0.179676895003567 0.203346686986816
-0.0244982780337532 0.00923213346648193 0.163512928818915 -0.106977733264319
-0.0137019546860696 0.00705262886786069 -0.105287274201753 0.0684120571587872
-0.0194114441598412 0.00220179915034344 -0.0862277662150652 -0.211542246122484
0.00540444267827634 -0.0118802853100089 0.108518543038166 -0.421653276156337
0.00169564930185188 -0.0278629657603376 0.551437571769247 -0.0819420233463597
0.0136215136950653 -0.022576551734486 0.495706486684022 0.607991127260462
-0.00550502524525697 -0.00559594624104941 -0.183832596114444 0.806891784704261
0.00912598942233091 -0.0306172167058933 -0.447735658922033 0.314058064001023
0.0242754178280133 -0.0417623191255542 0.0482649679486974 0.0403194346700232
0.0218835296476383 -0.0281292028820396 0.403275236048128 -0.423052469895634
-0.00695852012648628 -0.0112968270894195 -0.106167008615993 -0.835668645136287
-0.0190929886112327 -0.00790842698494543 -0.753794411147955 -0.299680044834728
-0.0333854581282216 -0.0142370503198364 -0.507649101975829 0.447781704250985
-0.0129863537317751 -0.0034593205551877 0.0111966952386372 0.483172876775294
-0.0156970678852767 0.00458076796539216 0.188521424873502 0.188620518245894
-0.0232700026213389 0.0144134654630849 0.16162064224799 -0.112646912061294
-0.0130539463715521 0.0114344257308954 -0.107578486448754 0.064052505063828
-0.0184298018682355 0.0095537867449943 -0.0829183545541722 -0.21233523115819
0.00863558466469985 -0.00561234951191649 0.124286828902403 -0.416384519133815
0.00349017899354954 -0.0277453798618244 0.559552922289715 -0.0609598648182385
0.0184243004756749 -0.0183791996633992 0.470095641771881 0.633042072890713
-0.00887581426460494 0.00911191118684382 -0.21897483590843 0.803375170521152
-0.00901665224223249 -0.0116585059926582 -0.452200282847964 0.301122841559831
-7.90933697516693E-05 -0.0259154325286106 0.0576472451110462 0.0361452239540627
0.0086146734427244 -0.00870301869062384 0.396422485829719 -0.437743490250362
-0.00584615008783548 0.000221082982267171 -0.136252562440458 -0.825887066834432
-0.015810810558959 -0.00710714601131474 -0.763488685390808 -0.270667104080276
-0.0311523651764965 -0.0135690724564256 -0.487684641392413 0.463972938306678
-0.00974757633236708 0.00195523635310995 0.0289553689825942 0.479174327683114
-0.0158390226104114 0.0136502074277635 0.193141854344396 0.182547380056519
-0.0205274708209724 0.0203030859815358 0.158593115239075 -0.116973404546872
-0.0113279381691681 0.0155046828476428 -0.112416874869762 0.0623466984343629
-0.0187127255613813 0.0154629185925319 -0.0867968796998439 -0.208341524317896
0.00920876549014772 -0.00085227533523381 0.124762730680786 -0.416612556057927
0.00578298950662605 -0.0266934260951177 0.562958880372646 -0.0671988961386465
0.0209618191377975 -0.0152879252109456 0.475937778834653 0.625109953726372
-0.0116783528523644 0.0259060756136264 -0.213723284212592 0.807786064777683
-0.0297995715772971 0.00740596093611901 -0.450172841108486 0.306358746038061
-0.0261874527823705 -0.0098145259838497 0.0583064789550486 0.0382058634834669
-0.00515242769520551 0.0115517993755833 0.397503017942475 -0.435550370404867
-0.000395716315681239 0.0122790522273278 -0.132983135438782 -0.830123132039726
-0.0111854065441207 -0.00785394024124237 -0.766159784774726 -0.278494710493958
-0.0283158492806942 -0.0149101916175339 -0.492386934801539 0.454816936288144
-0.00879594281274978 0.00476172615261604 0.0291229572850505 0.477402592102428
-0.0165728677865742 0.0191247749316636 0.192163772353018 0.185503599591185
-0.0183800052737512 0.0248612855834782 0.154623186585631 -0.117714988913402
-0.00865271340262402 0.0186028282233454 -0.115028486944939 0.0640209078414331
-0.0184582235965634 0.0182245440139781 -0.0935953357912235 -0.200386026322381
0.00641872241361106 0.00202241865500386 0.111581496125787 -0.420533192021029
0.00710624717035695 -0.0256405813798971 0.558890953671022 -0.105414520327568
0.0262880472115331 -0.0110675825082753 0.507420620824545 0.58779469716326
-0.0125930961743646 0.0415655259863965 -0.172434005866736 0.816234382795896
-0.0485255899969959 0.0247536860437836 -0.444903299381901 0.327232864994834
-0.0499905191596651 0.00356048228292965 0.0490234746910178 0.0466590535384748
-0.0188046774334332 0.0293053254659892 0.405274163925971 -0.416121292071549
0.00278762330764141 0.0228799238893151 -0.0957012610695426 -0.836886378006777
-0.00252183257464246 -0.00636588636236054 -0.75427742406679 -0.325632306672404
-0.0260055969934765 -0.0159559184562347 -0.51645517333291 0.423652614037571
-0.00931869996564426 0.00747101431815525 0.0124919097117802 0.480535722921261
-0.0185480096990314 0.0242381373923959 0.188854266623249 0.194668446317534
-0.0153857002421133 0.0294723320144283 0.150415458578268 -0.113476534977039
-0.00709867085990001 -0.00346034689066177 -0.113314611089896 0.0920372032811605
-0.0231556422004911 -0.0187536208147561 -0.122585716138224 -0.16772204081344
-0.0155330575592861 -0.0227612856240998 -0.0205570613785216 -0.442709959936484
-0.00438697566325265 -0.0180632769535008 0.450251925552287 -0.32687267900968
0.0136699863892117 -0.0216483923795616 0.682804442873121 0.303215173406136
-0.00371775712489513 -0.0121031575863188 0.149353232838467 0.792588472883617
0.0102916358468921 -0.0604496607131234 -0.379077357010562 0.45580870989468
0.0432602769606315 -0.0675623426228689 -0.0425652408929533 0.0979326446274826
0.0467562692661778 -0.055930551374003 0.452294209042221 -0.275484223780067
0.00785638761656099 -0.030540692178945 0.22837982013061 -0.838404226949876
-0.00209978321218543 -0.00405506600116309 -0.58223589316146 -0.647154266197102
-0.0271029779490296 -0.0130328713720686 -0.671029882354815 0.196636759327809
-0.0268019168284993 -0.0225396130978813 -0.149545076232562 0.487138484999027
-0.0229959282471257 -0.023488944682106 0.140754688328854 0.2609102779192
-0.0192308200278183 0.00374774531371225 0.162696878238247 -0.0821587127298128
-0.00915017987591981 -0.00395061196998762 -0.108638057855651 0.086290024803182
-0.0216744960697017 -0.0165528678346025 -0.112517116749237 -0.18376278836434
-0.010558566695784 -0.0227321439540983 0.0126529553667999 -0.442737337563367
-0.00390458487752962 -0.0199448222798393 0.484665147348359 -0.265170141113048
0.0110766951029263 -0.0237442337744238 0.649114728625993 0.391571269115295
-0.00470249088753131 -0.0197107132139837 0.064579385286836 0.808273017026745
0.0211203781463649 -0.0642504602615502 -0.400159761887904 0.418324969925998
0.0530771098058168 -0.0696870489555226 -0.019435588170147 0.0810079168996005
0.049321547537876 -0.0584362527448108 0.443658417779325 -0.317965539354846
0.00411691320760058 -0.0333877049286754 0.137424210099149 -0.85392583022915
-0.00882817379303695 -0.00545958572456309 -0.647161512430333 -0.559492721350222
-0.0305505336774075 -0.0120846164535385 -0.635613141163153 0.277734642706613
-0.0241055545249949 -0.0200413493451833 -0.107561039788793 0.494380384503294
-0.0198369981651687 -0.018723869279561 0.15563889642127 0.242646483394573
-0.0214443574537386 0.00421945185438446 0.164347493997013 -0.0903904567434448
-0.0118605322340476 -0.00209849208308094 -0.105916841977896 0.0801549127599228
-0.0216557675988632 -0.0117761020983376 -0.103062136509574 -0.198015963139096
-0.00562581496333517 -0.0209780075319996 0.0488080135428758 -0.439016827879793
-0.0028274884359937 -0.0229127889963335 0.517655084879331 -0.196899371583016
0.0104294200094148 -0.0247330511851146 0.602185143255403 0.482518790328512
-0.00499667075805931 -0.0215328677588226 -0.0305727317367908 0.817187940415153
0.0252673701795843 -0.0596868796489842 -0.423174652708057 0.378740852917885
0.0523540225793521 -0.0655185842057712 0.00594079374795926 0.0651215263121703
0.0445936851340469 -0.0549432699135265 0.433827283405075 -0.361213651772475
-0.00143350764274416 -0.0297534777511595 0.0416838727815488 -0.857301858302881
-0.0151234899031387 -0.00638391342217934 -0.699882334939589 -0.458597192168666
-0.0332403951567117 -0.0123434532643297 -0.592476507648446 0.354278114579581
-0.0197594537935922 -0.0145933059002142 -0.0599277497404861 0.495208389543628
-0.0188320564977598 -0.0114909176578692 0.168943275449324 0.222753837041105
-0.0242354313355961 0.00547260375990675 0.165334999594262 -0.0980744764449039
-0.0128269159321297 0.00254883652052374 -0.104587129653339 0.0734187401116405
-0.0204325697420084 -0.00495375476332522 -0.0932668968021693 -0.208125343603814
0.000245443281377476 -0.0160298468511713 0.0830651553594336 -0.430381054261927
-0.000770622205213259 -0.0261963199864408 0.540673350884721 -0.13118607183406
0.0110074335588747 -0.0245254210686014 0.54522164766418 0.559133620193849
-0.00446767412837567 -0.0164452150601392 -0.119077991038309 0.817220876355789
0.0218906272980671 -0.047260943126344 -0.441379994372666 0.343161219938732
0.0419151288136375 -0.0550574107994523 0.0295696244113072 0.0511289919470127
0.0343444858285144 -0.0443242097579861 0.41868758548967 -0.398176819773708
-0.00544671721471301 -0.0225835556794984 -0.0445505104291485 -0.848714439014043
-0.0187270117141536 -0.00629208342018826 -0.735949402819639 -0.368204845191257
-0.0341478952803369 -0.013045200904839 -0.544573783194403 0.414617936564294
-0.0163492845326908 -0.00940539048225541 -0.0187083055447773 0.493145058302909
-0.0168214562678874 -0.00312203525887096 0.181633183135399 0.204064294300007
-0.0229044439009012 0.00939131965604175 0.164487896197766 -0.106658502139245
-0.0140749527772053 0.00697788139576614 -0.106809168684159 0.0684365322260422
-0.0194785857401515 0.00300394977705357 -0.0858486547194489 -0.213663737815247
0.00559454427925203 -0.0114154092041714 0.110513994458027 -0.422592923771593
0.00146457236197008 -0.0267599634174679 0.553938634427047 -0.0820650904887052
0.0140634734890511 -0.0224732439220248 0.498059202409492 0.613108875604096
-0.00582074428524546 -0.00575732189640413 -0.186033687168791 0.812228099797603
0.00974895201000006 -0.0307651079740062 -0.450051049278252 0.314804265461321
0.0235849627594732 -0.0414431263156021 0.0484662264969535 0.0407518124721581
0.0215458479898833 -0.028604280701549 0.40549099263573 -0.426087785223166
-0.00624721352345294 -0.0120968557277745 -0.106963074460131 -0.838657380991656
-0.0196900612269193 -0.0072748618866722 -0.758750918289983 -0.302629672434612
-0.0330471003972796 -0.013141781987338 -0.509856578666926 0.449840969936757
-0.0131354349743725 -0.00397825510690623 0.0126624539434017 0.486778462799228
-0.0165269692544247 0.00587571025903063 0.189202783556565 0.19044332584406
-0.0229821283573953 0.015803791944947 0.163187408748975 -0.113345731615933
-0.0123645983806137 0.0114818904145287 -0.107810665931302 0.0635367278167043
-0.0175924806769955 0.00963239282370437 -0.0852853662943142 -0.213400283129175
0.00839740382274442 -0.00551620987365344 0.124348570806223 -0.417354776189355
0.00414971090555125 -0.0264553079978009 0.562125810273141 -0.0595079451943934
0.0174320873069178 -0.0181803321252166 0.472873233710457 0.636441920519416
-0.00796662582940555 0.00929329533452724 -0.219840923197812 0.80855713732971
-0.00881134398074677 -0.0114854818018299 -0.453940155957033 0.301514275034121
-0.000920324283182933 -0.0255546114072607 0.059277916551522 0.036977101954654
0.00816024233831498 -0.00858057595880637 0.398549656421735 -0.439769339095758
-0.00439116124666231 -0.000535095838769522 -0.137244459618689 -0.831613350345506
-0.0168420845926026 -0.00713031933822856 -0.767934147946532 -0.272895943235818
-0.0313016484367382 -0.0135620603413973 -0.488775361222167 0.466539633152359
-0.0101872870862715 0.00164101657173629 0.0289907425612922 0.482542012254849
-0.0160384990032296 0.0134875713460784 0.193776742593063 0.183655755389333
-0.0205615499779408 0.0209136351151029 0.159363230740752 -0.116032435258123
-0.0110290560579842 0.0157794882431809 -0.112926539019126 0.0624243715478635
-0.0186584401039555 0.0150280749296098 -0.087947696957163 -0.209630363527227
0.00806829574240094 -0.00124819035131134 0.126941507731238 -0.4169808754531
0.00625983161879601 -0.0272546057629463 0.566875588709376 -0.0663226010126589
0.0220827840775082 -0.0146417660222806 0.476753336654174 0.629929991537382
-0.0124964739487499 0.0258274718435109 -0.215249479820187 0.811915389996662
-0.029835284907187 0.0074367777424358 -0.453047537942411 0.309093354079719
-0.0272642411665584 -0.00933317725534392 0.0590148479741211 0.0394100574237873
-0.00581019531153877 0.0119978036854773 0.40024279101106 -0.439657723262451
-0.00145645937305244 0.0115374238514932 -0.13378472930854 -0.83322975503084
-0.0105105980651785 -0.0070530513590734 -0.77042185982636 -0.278538781332513
-0.0279767060616481 -0.01556581437715 -0.495788238589665 0.458675896492399
-0.00830584849936638 0.00500011165642771 0.028091352651582 0.479946387568564
-0.0171523837768252 0.0209973223184154 0.194666718499951 0.186468646757501
-0.0189463881380924 0.0259767869388969 0.157125498910539 -0.117311984250676
-0.0085581233430588 0.0186447000330779 -0.116375820498594 0.0629099538646763
-0.0188492373425223 0.0183971389921963 -0.0955295355444346 -0.201151412199503
0.00631359790461845 0.00172385272254673 0.112228066892724 -0.422215097169226
0.00705180290466805 -0.0261053645352184 0.562972171912323 -0.105689660710434
0.0265897164997006 -0.0103655224094139 0.510968152332996 0.592069493666278
-0.0126790743475096 0.0421332335567415 -0.173900207070712 0.821214783956992
-0.0482045959996147 0.0248017548857535 -0.44644200719731 0.328808274323443
-0.0521081429108704 0.00347663445528277 0.0502676900991485 0.0475963212105192
-0.0189570290793652 0.0281239832496184 0.407494998348312 -0.419986913590488
0.00280310853198249 0.0228141596077189 -0.0960274926878565 -0.842550682056719
-0.00141624238579956 -0.00578794217455019 -0.760527586561947 -0.330530568848031
-0.0255597788366737 -0.0166466110821645 -0.521213149622096 0.42606449629898
-0.00986016673178642 0.00908057071939493 0.0143449097486355 0.483744604282945
-0.0180420682514083 0.0249202485174737 0.190269734848997 0.196443859664455
-0.0154488748368321 0.0296739684733828 0.152178158208841 -0.114113860770683
-0.00785940951371532 0.00251364868033902 -0.0358656926047102 0.14184700375622
-0.0295088418656445 -0.00140215223742561 -0.200942549732109 -0.0612874758225232
-0.0280402311157229 -0.0120948400995653 -0.27941741171181 -0.343962577898939
-0.0149420864823999 -0.0156463687495098 0.168661936802009 -0.533013024361809
-0.00197877632036483 -0.027137171945525 0.724886575952126 -0.164400704428216
-0.00744013470446953 -0.0115693084440674 0.593213840687034 0.545852014030681
-0.0224691401563177 -0.0542322736183293 -0.031848864455852 0.597490890590879
-0.00506796295445265 -0.0802442041841511 0.0239067264304997 0.105010873480051
0.00555014817905536 -0.0773467873857688 0.197608287738994 -0.49343178221463
-0.0164041619789922 -0.0319566968797208 -0.317994452199332 -0.819624693803828
-0.0113211109853967 -0.00119657930666088 -0.856323481467659 -0.168735344888198
-0.0296122135896434 0.0138328070546659 -0.421552051339507 0.56737068421503
-0.0319924770992877 0.00388596053422197 0.180539625243911 0.481335887476073
-0.0288950286987596 -0.00301197449240843 0.278860476782212 0.120419738457427
-0.0104939745553836 0.0148012195224649 0.0822563367300904 -0.169909716553449
-0.0102259957033513 0.00326714822141416 -0.0363017742695511 0.134872019704838
-0.0278200980746041 0.000277115405483213 -0.201975517209423 -0.079071291638766
-0.0241867675064426 -0.0148999757500936 -0.251561020971866 -0.365351761294429
-0.0154172350760468 -0.0172042566579314 0.233795939066464 -0.505982185327652
-0.00506398362675613 -0.027584435921603 0.753570764117696 -0.0718336401995602
-0.0118323947159242 -0.0153586695826151 0.53675872128133 0.608517692871643
-0.0174198288599072 -0.0629682419857063 -0.0722418471642079 0.581469442622087
0.000720970195845734 -0.0872671245023106 0.0331648042384786 0.0777254106794149
0.00530851067096097 -0.0820486505899428 0.165128800457014 -0.522835193596263
-0.0207012841369184 -0.0307853056206395 -0.401743263661295 -0.775241337725559
-0.0179293432622019 0.00245477015199851 -0.855675329777263 -0.0578502957241748
-0.0319016012364252 0.0154259036384009 -0.34467846806512 0.612425970868752
-0.0278399841834645 0.0042606739257861 0.217924758934131 0.461276529690578
-0.0237459773309058 -0.00158977285857591 0.278459450311304 0.0970717212372494
-0.0130333392723741 0.0164083085512277 0.078564618777396 -0.178214447017383
-0.010806015228888 0.00640051424893319 -0.0380725039423495 0.127267852295743
-0.0255244608163958 0.00332307623541163 -0.202313504249743 -0.0965236053806355
-0.018328347616455 -0.0167052425832086 -0.220729363607148 -0.383672102033021
-0.0149979899998886 -0.0202570047164203 0.301710243940582 -0.469015885646698
-0.0063622792513628 -0.0285339614544102 0.766823874510719 0.0290071985149688
-0.0134502959008041 -0.016799262109081 0.464459756012845 0.675087924109897
-0.0110411021615653 -0.0619405668061795 -0.115600744418682 0.562968555298719
0.00331353880498671 -0.0841099377959676 0.0443685226026098 0.0492897728745418
0.00254850906600538 -0.0761086303520328 0.132027480178658 -0.552259436299516
-0.0238538093399369 -0.0245763670746531 -0.481132738600687 -0.721094182296619
-0.022702005522317 0.00626520421233254 -0.837636306410277 0.0545218164171398
-0.0333422905917154 0.016255168963291 -0.262891846252818 0.646070694274703
-0.0216646305416125 0.0058032608970866 0.25760677294634 0.434019535319592
-0.0189158754726759 0.00241309737515772 0.276527131941517 0.0724160754537293
-0.013811614432753 0.0194539515547761 0.0745731074218737 -0.184942909668473
-0.0104559315432773 0.010353623206362 -0.0403974470095106 0.121901727783098
-0.0202579377601211 0.00733061792899877 -0.200798621954717 -0.110960751033698
-0.0115740383375556 -0.0167214674966663 -0.188508961851074 -0.397700517520575
-0.0146203357310778 -0.0234423013212906 0.361399378414656 -0.430941546593232
-0.00509383136650597 -0.0295771793002572 0.769626500474389 0.12398223629422
-0.00951872509229687 -0.0132815790793285 0.393094720722567 0.725306761227225
-0.00713450562800438 -0.0494934947070845 -0.150411500261256 0.544930068740183
0.000429640682995104 -0.0701160398540519 0.0549303562133861 0.0229251213017684
0.00148207734175316 -0.0620641379463461 0.0955795702822798 -0.573753903098137
-0.021841536443376 -0.015979877497494 -0.545021534880556 -0.66391769120249
-0.0252645665111036 0.00900401002069694 -0.812700893106431 0.146860511891935
-0.0330174620285601 0.016465562282742 -0.189690287983262 0.668187675297675
-0.0141308079229658 0.00670794848786544 0.289582553243447 0.405248492348653
-0.0121944097194131 0.00878321315171763 0.275404904380824 0.0503764572635625
-0.0119321454408542 0.0219144218122044 0.0683199775137371 -0.192172559063861
-0.00737678407820465 0.0136741645655125 -0.044703789183454 0.118604698219952
-0.0144038958751917 0.0127049655002362 -0.198654417646986 -0.118103742267819
-0.00432521289904665 -0.0152755088778067 -0.162304889499184 -0.406269521720562
-0.013131146649271 -0.025876427573052 0.400257214817769 -0.397782777192971
-0.00139577726621028 -0.0296419189466442 0.76211113591687 0.193098208977059
-0.00359824875056077 -0.00339822462113132 0.337728106905739 0.763194223823486
-0.00640299673686629 -0.0295762568637378 -0.174430021357437 0.529897178386105
-0.00622231575062575 -0.0467321235947182 0.0633761122954093 0.00361781371966391
-0.000106555825286493 -0.0403315019164776 0.0710849115966998 -0.587515565586693
-0.0166297340603862 -0.00695967549577218 -0.591660244368101 -0.617526344089353
-0.0249991645957049 0.00907755295090285 -0.792232055409598 0.216820524948706
-0.0326674145736576 0.014778230840491 -0.13871548458075 0.675293317760404
-0.00706232865066328 0.00972889074802458 0.310194710721141 0.38182583894161
-0.00632028760791491 0.0158698992837462 0.272598459324849 0.0329281802048416
-0.0073483136603515 0.0252365311764466 0.063319517944914 -0.195464209746551
-0.0046046177476674 0.0177001322202137 -0.0497151224110057 0.117401777894832
-0.0108948377599238 0.018017682573712 -0.196666411760437 -0.120070371144653
0.00143714651887965 -0.0114577986312021 -0.144470170993663 -0.409678620837166
-0.0110950174932386 -0.0276902357376713 0.421807332205987 -0.38603351183344
0.00371644265773419 -0.0286626464775139 0.757136707559518 0.229787960329194
0.00244789858878595 0.0105676993797117 0.307307052319498 0.781402848005166
-0.00975281028657363 -0.00238167156056239 -0.185660718080765 0.520906790804461
-0.0162217967921194 -0.0193111286641641 0.0693743807290264 -0.00566210636320785
-0.000267227769743392 -0.0163337808316926 0.0552665828067008 -0.594046944484035
-0.00853270993972069 0.00233633088490173 -0.61044105794279 -0.595318921119319
-0.0234811618725249 0.00738176621811274 -0.779899394656571 0.243954588922514
-0.0318377906361926 0.0129623745805139 -0.113680593164481 0.676007635207291
-0.00144090796487067 0.0112991253923417 0.317942877393865 0.367882282654798
-0.000167820806149752 0.0225540808203328 0.272670739413229 0.0252086394136224
-0.00244385864736762 0.0293416019917895 0.0583031212636313 -0.197289152348916
-0.000572940807058742 0.0210183408846043 -0.0520625533416717 0.1177731065643
-0.00721804531144707 0.0225952348650611 -0.196585910479704 -0.114563267342816
0.00490010780763423 -0.00835683900994107 -0.143357301765982 -0.410888488957731
-0.00927414696454069 -0.0286721936582292 0.420137760748033 -0.393331018737546
0.00918571645409149 -0.0271227798198652 0.756146150035165 0.220724508517031
0.0092638616118951 0.0253336766079336 0.312445921888398 0.782293826812102
-0.0154530678427648 0.0243672390084234 -0.181166336048265 0.524620484464005
-0.0270957342614657 0.00830521868493593 0.0710742761513533 -0.00511344496385983
0.00153772362536102 0.00857383110392473 0.0579172004076249 -0.593247987384128
0.0023229978411515 0.00958327793845567 -0.611539822153007 -0.597142100470971
-0.0188364173045705 0.003281961074816 -0.786535514497523 0.241695414061766
-0.0300877051902996 0.0107322807203987 -0.121925330278482 0.67335891979513
0.00163783157550388 0.014204208356884 0.32122371239383 0.366118152836936
0.0034534003653718 0.0280492243137293 0.273694760646566 0.0274172276720725
0.00370547071488034 0.0312441325991392 0.0541869312060573 -0.194927658865114
0.0029065433003239 0.0215873599176011 -0.0551462023932524 0.120216373769348
-0.00632946476863006 0.0245728152648875 -0.197571278124186 -0.103207776191288
0.00495929391265177 -0.00471366178523117 -0.156043455300448 -0.406271907650903
-0.00831948122214057 -0.027794032739762 0.394281798307607 -0.422599863312579
0.015648187211863 -0.0272497008422454 0.761362293808795 0.170934088052817
0.0177972885187229 0.0384103755664892 0.351763044401457 0.76384070205297
-0.0205573621146631 0.0495658949176589 -0.162961998603534 0.539257457047423
-0.0379077934702226 0.0339265950613567 0.0692581030474985 0.00844651817314015
-4.03928320343652E-05 0.0294960237026812 0.0745592835168038 -0.583113739464192
0.0123144779407683 0.0170362433426785 -0.58651895988842 -0.627167007157126
-0.0112900570039102 -4.72482227570244E-05 -0.808462803859646 0.194813548548688
-0.02904649453947 0.00830566303268378 -0.160406003841178 0.661692633110473
0.00215055978755481 0.0173064700488844 0.307590150838758 0.377222114928776
0.0045752708663329 0.0333230840420435 0.27648000149751 0.0381777903548775
0.00876563658196533 0.0334034696840502 0.0523445011348301 -0.190478163629631
-0.00761515087504817 0.00165701286974947 -0.0364020910380564 0.142404915607285
-0.0291027063401171 -0.000321469638654537 -0.203342019987197 -0.0607604822277339
-0.0282039038587694 -0.0117640896636236 -0.282953393101535 -0.346204647129319
-0.0145631240192344 -0.0151123576754481 0.169822004869718 -0.538658463502424
-0.00217652679915371 -0.0285064634138182 0.731813450843872 -0.166412803667015
-0.006674414169264 -0.00994174048746303 0.597462124192181 0.548144202675024
-0.0229837561843261 -0.0549983628479079 -0.0289575007710277 0.602604228558856
-0.00555864001976352 -0.0800506727273407 0.02567712407289 0.105647800701503
0.00428390959714299 -0.0784868027878025 0.198674432211623 -0.496521876052148
-0.0154967478036194 -0.0320093092238632 -0.323027084931998 -0.825453971541871
-0.0107470971293798 -0.00105845126155913 -0.866337580532837 -0.168276111653352
-0.0303112194026724 0.0129862865897072 -0.425103295859509 0.574369899637035
-0.0334403030399926 0.00361317438314731 0.183559480885281 0.485151448247346
-0.0294570410600539 -0.00254069707302904 0.281064282421789 0.12085373955125
-0.00998472475634836 0.01553015210447 0.084060595618655 -0.172466218584059
-0.00985516585472931 0.0037893796599983 -0.0364177625894117 0.135217737628844
-0.02816799132352 7.14375633384698E-05 -0.205506017876911 -0.0797753924649224
-0.0245921235477756 -0.0147364724900808 -0.25665244704983 -0.366972229856219
-0.0159583733127873 -0.0172996003370521 0.237290540825709 -0.509163308971166
-0.00539895297932305 -0.0285095600367879 0.759265669617084 -0.073080444368868
-0.0121182294562261 -0.0153253238568902 0.54180781169128 0.612823871341303
-0.0172003242161639 -0.0629056455185133 -0.0714074265084709 0.587348396948387
-0.000218234339656578 -0.0872142834731692 0.0343863251456909 0.0789000826478421
0.00451175490148925 -0.0826624748616907 0.166089295115388 -0.528011481144825
-0.0218114246535418 -0.0319670008406372 -0.406629793276072 -0.780770906132453
-0.0173670954920745 0.00216122848650067 -0.861900825559263 -0.0554311207855489
-0.032134653398331 0.0145475243404969 -0.34784601643534 0.617699192148643
-0.0280032095406234 0.00430431121205899 0.222309362731879 0.464428452013416
-0.0245897016374766 -0.00107386963322907 0.281621967356708 0.0973803329390277
-0.0124728847024612 0.0160942970922521 0.0794227433519933 -0.179153709631092
-0.0110117596613596 0.00644520978151556 -0.0391964435151168 0.129100821157942
-0.0248269946792514 0.0032349132713979 -0.20544706675072 -0.0966362657367597
-0.0178786845141626 -0.0159833916064439 -0.224764342274297 -0.38557050338149
-0.0154472551206831 -0.0202385966964578 0.30425375478283 -0.47277962905918
-0.00640354492837337 -0.0293912858852405 0.774126468944511 0.0282034141567759
-0.0126100388829582 -0.0166701492559638 0.469384536869394 0.677611372482569
-0.0118051349688604 -0.0622892185398986 -0.115138301508063 0.566566901783377
0.00282968194530468 -0.0842216807383579 0.0447321929391543 0.0484674817801707
0.00205173029019101 -0.077174941468784 0.131924772235533 -0.556402014769739
-0.0242564666932068 -0.0258499201026326 -0.488410185291433 -0.725822449463428
-0.0228581987956041 0.00661232664555692 -0.846482994465757 0.0558390297408735
-0.0334959613028813 0.015692438041694 -0.26342855242421 0.652891287965345
-0.0220485857422984 0.00548488878424216 0.260910548107782 0.437742151505694
-0.018992772633543 0.00353197824795002 0.280794455508744 0.0727025161829247
-0.0122890113788475 0.0187744953604923 0.0756307062297314 -0.18691484353504
-0.00975866238355776 0.0107624240212463 -0.0416593257352355 0.123388103365545
-0.0198653686902206 0.007397639125999 -0.203462472217625 -0.11127184224842
-0.0110137835733538 -0.0162174116373703 -0.190084490362995 -0.39816714136137
-0.0153004709554902 -0.0236551571020893 0.364267502274685 -0.432580827729365
-0.00517187113410911 -0.0301826231008241 0.776623142645017 0.124339772277784
-0.00959351609486607 -0.0132281202217959 0.39904707342919 0.729733888834387
-0.00737946088866356 -0.0498907073852733 -0.151133160443433 0.547607382566153
-0.000136323991333955 -0.0701341876417958 0.0555900044024574 0.0234474077675307
0.00014635483727115 -0.0624160775836566 0.0957110653607403 -0.577408396073142
-0.0222093427968044 -0.0164972008890277 -0.550302322623552 -0.669074729480754
-0.0257634916167999 0.0082911820169382 -0.820236345478432 0.152317734656168
-0.0329542397387749 0.0165520464328888 -0.188583014263421 0.674398300732224
-0.0145606296350757 0.00664416401630265 0.291679210974403 0.408904133172035
-0.012126387969488 0.00907944245351906 0.277979870356668 0.0503309398742518
-0.0107468483082234 0.021857727076901 0.0691486102761661 -0.193527224314116
-0.00776353113239205 0.0136027686513782 -0.0453519886980201 0.119893410997199
-0.0151157916700349 0.0133274272078397 -0.201457241547875 -0.118056748458605
-0.0037873563516725 -0.0158269102608678 -0.164622231135609 -0.408041833592356
-0.012881124041937 -0.0259783473884431 0.403791121347825 -0.40090948615846
-0.00182594093685113 -0.0300160752473691 0.76901776608897 0.194800943007787
-0.00441810769066382 -0.00397930890866443 0.340778198173283 0.767948006978323
-0.00651180032414625 -0.0291888464548731 -0.176181858706097 0.533268377381957
-0.00672236491737224 -0.0474337815065145 0.0644159350379021 0.00371904945900042
-0.000215601409600481 -0.0418289364007671 0.0696128311179204 -0.593166328907685
-0.0175050525319812 -0.00700946092378777 -0.597854320205323 -0.62241762850671
-0.0256459694191878 0.00929673479679692 -0.797251674157062 0.219760527348232
-0.0322553196733407 0.0154777739658548 -0.137371474909012 0.680981296089974
-0.0076416663481521 0.00877926399837148 0.313548413529597 0.38451322142509
-0.00620330198394999 0.0157436691395316 0.276277700128984 0.0329617078189662
-0.00568904931202331 0.0258744465788676 0.0634345230662698 -0.197949778712038
-0.00423768476010789 0.0183888429143981 -0.0489640942479745 0.117846940697874
-0.0108174595288737 0.0186134110696773 -0.199007337170208 -0.118654514564104
0.00139944731628297 -0.0124983790002253 -0.149102904992008 -0.412201872224465
-0.0118904843234653 -0.0283515255995934 0.425561352107609 -0.388137188539651
0.0036989565496353 -0.0285695962826446 0.762548864744233 0.230791921271285
0.00273887388331601 0.010206769828708 0.309764073067444 0.78449641294134
-0.00981445028550464 -0.00247366706027466 -0.185766178171854 0.524552331603099
-0.0169636149458475 -0.0193036987965097 0.0699639620635056 -0.00533816242615387
0.000231910028841462 -0.0169167585055956 0.0533208532396678 -0.598878246755261
-0.00882003826185559 0.00109097818826585 -0.618042458655022 -0.598090680856429
-0.0229760349980906 0.00758422472695719 -0.785012399740281 0.250184382585536
-0.0321898533338069 0.0133165290942206 -0.113137749238318 0.681884522852363
-0.00179307593513164 0.0118840263774283 0.323940226834759 0.370294005982782
-0.00065468374772564 0.0228309393140239 0.274603831910158 0.0253911397410612
-0.00174959724028899 0.0293664870958367 0.059255739801987 -0.198078815792032
-0.00028304797589175 0.0204837243708643 -0.0530437035067885 0.11787449571856
-0.00723641415191644 0.0227209821723741 -0.19997747058839 -0.114067262875868
0.00521978214616292 -0.00873888950721682 -0.146553300163539 -0.411948776543407
-0.0108349100586225 -0.0277811957354198 0.423745652910688 -0.39613835255082
0.00984234098589963 -0.026933006288884 0.763771758191524 0.221850541677151
0.00966027917050294 0.0254403599574285 0.31572692752163 0.787858000589012
-0.0158805263104228 0.0254997845413889 -0.181371373323702 0.530263160041652
-0.0277492884910093 0.00918050057520232 0.0727616477394742 -0.00415234498832086
0.000472419530172265 0.00854935306200915 0.0576766998678444 -0.597965681900246
0.00275650780285548 0.00921414318784079 -0.618211972231523 -0.600336760346787
-0.0177920457778895 0.00300308014076098 -0.792364512137326 0.245728480684952
-0.0298712909866845 0.0111557443721338 -0.122340383957073 0.678083508691131
0.000799388444611009 0.0147136852815187 0.32314674596549 0.368896535045975
0.00347494825181803 0.0297853692048899 0.276281253670861 0.0262863853473171
0.00407583867682755 0.0321933763430065 0.0547339818524931 -0.19692709824695
0.00350041688038255 0.0215667010526665 -0.0554949366334929 0.120576613954849
-0.00541530243219002 0.0255482137940117 -0.199409923528943 -0.102750723350319
0.00573160751700746 -0.0058811061094852 -0.160056254182727 -0.408578813324394
-0.00782585671626357 -0.0276170500946373 0.398028405802727 -0.425875457557677
0.0154992570845775 -0.0281125246239897 0.766136869922447 0.17138937854422
0.0178736288930116 0.0383203176196274 0.355793694929701 0.767554384030478
-0.0204310789665216 0.0499095807558346 -0.163512605621477 0.542381280211029
-0.0382538699837887 0.034513312152642 0.0702247990568923 0.00936534802713457
6.02909999120431E-05 0.0306067216832293 0.075341304983121 -0.587725595965481
0.0127198221929555 0.0156756868818073 -0.591229748113871 -0.631433069757608
-0.0112158480813884 -0.000372183505747511 -0.815163368723204 0.198253285483944
-0.02943503521107 0.00814323808334216 -0.161278024815631 0.668993893221045
0.00194226190189259 0.0173341605095643 0.311311688906254 0.380342555286766
0.00510218954326255 0.0332591614670032 0.279113955351284 0.0394566947575489
0.00922039138044246 0.0339326187049743 0.0528950624840084 -0.191926288669271
-0.0071815405992218 0.0028329658672786 -0.036207819355867 0.142846492530439
-0.0304875930238597 0.00027949738733722 -0.206706947503152 -0.0608543828433985
-0.0285314189501812 -0.0115618665449312 -0.28694632671505 -0.346947055529228
-0.0145866757446915 -0.0152485083076814 0.169755553323173 -0.543402632885304
-0.00179770773393208 -0.0281053452627941 0.738599769130537 -0.168773284108035
-0.00637581551041629 -0.0111528178831728 0.605538438073932 0.552762364157062
-0.0234604363057849 -0.0546316650513483 -0.0279965940989939 0.606951858557728
-0.00636720249279225 -0.0801417443769286 0.0259240496512506 0.106889686251476
0.00366832976711304 -0.0783421297294998 0.19753235074338 -0.501197447638309
-0.0161208597807376 -0.0331567694427042 -0.330053118515194 -0.83178580959329
-0.0103208117274422 -0.00108013098384834 -0.872953312667399 -0.167287128839137
-0.0302323597488021 0.0138179178958748 -0.425834251257057 0.580200650390357
-0.0327734072956833 0.00320834739673048 0.185470219792255 0.488893643849674
-0.0290974053772099 -0.00158701638592638 0.283782763385757 0.120010276773161
-0.0101177534827527 0.0161742250880639 0.084134647887693 -0.173073088786179
-0.00954233635530864 0.00355595288131594 -0.0364537135339219 0.136829573545602
-0.0280047829646171 0.000685575158673076 -0.208374146390742 -0.0788486713092959
-0.0243114332796352 -0.0146170876036995 -0.259111067300015 -0.368580613262355
-0.0156007020733314 -0.0175704634943925 0.238045787766156 -0.513863279830507
-0.00584243525774328 -0.0291384525118887 0.765124399882659 -0.0765311868294993
-0.0117818124094373 -0.0159901364216843 0.547942057253541 0.615672100277516
-0.01798193853492 -0.0637109714435214 -0.0705646266140019 0.588857340578353
8.35511666252085E-05 -0.0881983132624655 0.0343419491928709 0.078599999001351
0.00399188539511841 -0.0835662578865743 0.166071502447972 -0.531870689522393
-0.0219843420319317 -0.0320330674998802 -0.413430434960448 -0.785732579554843
-0.0175242198224376 0.00129420862889466 -0.869081791459782 -0.0527354602718166
-0.0317622430424016 0.0153957251554622 -0.347349937614059 0.624916119854728
-0.0291218191041239 0.00385121180830333 0.225823965690706 0.46843220578621
-0.025268672416913 -0.000190284109847349 0.285801582660563 0.0969060652501611
-0.0120564715583768 0.0171955355500599 0.0812572086610149 -0.181787966128733
-0.0107002978155561 0.00727141700202753 -0.039288199868905 0.13066738615241
-0.0250670697303622 0.0040381886424098 -0.208767553993963 -0.0973344681094922
-0.0179712138187179 -0.0166369210706757 -0.229436935008054 -0.386211436872029
-0.0157963779019065 -0.0194065925824417 0.305804542746973 -0.476722420403177
-0.00663513444382925 -0.0295988037661501 0.781270665495883 0.0268933159971758
-0.0124226015353889 -0.0174394699789652 0.476660058817051 0.681517988561602
-0.0114387272191284 -0.0627611721292173 -0.115091226321312 0.571993602673287
0.00187793386689986 -0.0846687848011383 0.0453520733387197 0.0498083369065156
0.00111199529178453 -0.0774027182111261 0.132254200086126 -0.561027182191467
-0.0249222623372238 -0.0262177204729876 -0.494441812737203 -0.73065319842113
-0.022878667433142 0.00569543216524283 -0.851851388822072 0.0586908300543098
-0.0328680888807255 0.0160961464360657 -0.263866549002635 0.66071185548151
-0.0220004461934714 0.00526300401227344 0.265447408180235 0.440429446229555
-0.0190121156412009 0.00408363174343818 0.285100061775338 0.0712751974731298
-0.0113873106420208 0.0202530281199644 0.076063482131456 -0.189073622763584
-0.00940261012548713 0.0108167253666822 -0.0419916127860273 0.124345586305501
-0.0201938540936155 0.00860842275826659 -0.206599916747237 -0.110827556134123
-0.0107707468579765 -0.016762866901601 -0.195887937529565 -0.399547806909837
-0.014329106467854 -0.0229936318825764 0.366743178412064 -0.437835985183002
-0.00488048070460772 -0.0306347195573621 0.78444751628447 0.123027741876684
-0.00949664582758061 -0.0139448981764353 0.40228044696165 0.735901074469535
-0.00758391757388606 -0.0501169114823379 -0.150980059833253 0.552941330969042
7.7076927043286E-06 -0.069517326144062 0.0563464448735418 0.0245780189902972
-0.00071649291008867 -0.0629456503534358 0.095538046856517 -0.58175505717846
-0.0225818492574699 -0.0169020318816179 -0.557376510235579 -0.671915735070141
-0.0254166999588939 0.00917774122998999 -0.827392325729133 0.156249072566274
-0.0331292153920964 0.0164376918178079 -0.187010939779116 0.679309691361933
-0.0149609244078632 0.00724270165805702 0.29896014275319 0.411307229728238
-0.0127758869774715 0.0100119930276751 0.282023881823497 0.0488316346031732
-0.0098117175783761 0.0232243326438682 0.0698308157402019 -0.195133458494235
-0.00708112421155436 0.0143394279043791 -0.0462600378771953 0.12027392013149
-0.0147358641427418 0.0131093078890787 -0.204599858816347 -0.118613067845692
-0.00356928321995005 -0.0152440212412378 -0.168745682351589 -0.409852877007628
-0.0132982858292557 -0.0262524198035199 0.407978465324545 -0.405095077119483
-0.00136440580154588 -0.0297771513703019 0.777077152626108 0.194817134423324
-0.00389657605480477 -0.00414584634491846 0.345171627663246 0.77262916031538
-0.00600023815685373 -0.0289619061043729 -0.175177382989592 0.537421885046488
-0.00670847670165387 -0.0472812538379079 0.0647867992207433 0.00495081532333023
-0.00145821118093813 -0.0421603332537197 0.0676453674427382 -0.59631962357681
-0.0165270841105136 -0.0075162311906802 -0.605300474483693 -0.626854875953224
-0.0256309314720185 0.00996873310705607 -0.803909743969576 0.22275902798876
-0.0335897955526617 0.0151835798338992 -0.135068294443226 0.688755126052091
-0.00783788054156442 0.00899954761934781 0.319086629972286 0.385866989022493
-0.00542900949793072 0.0166578882093341 0.27897154667362 0.0320097008097088
-0.00587369626820824 0.0261159420017636 0.0646544500564208 -0.199947362846682
-0.00363304876375174 0.0188117186409406 -0.0499755421856787 0.117897104519584
-0.0108223238639325 0.0193884635237489 -0.202143552654843 -0.120624751324444
0.00223696117588631 -0.0119222927663391 -0.151631171464976 -0.413885904408186
-0.0111671170070231 -0.0278249016996643 0.429157031644611 -0.393130756391039
0.00381310523405448 -0.0287859608896256 0.770672262810218 0.229286586924107
0.00275491566054308 0.00981684790690524 0.316479988383232 0.790683573987317
-0.00972191373242259 -0.0014535976217178 -0.187299364580036 0.528768629671378
-0.0166018604154062 -0.0194413824963186 0.0703323907062255 -0.00625582990930985
-0.000608348068854628 -0.0169994802574705 0.0531158048413159 -0.603886527781981
-0.00829670782340829 0.000922364987286636 -0.625450955358367 -0.601148777676962
-0.0225362321334119 0.00723151479156573 -0.792976870935139 0.255851158611906
-0.0315023111693251 0.0139904324751618 -0.111408140846652 0.688790978218758
-0.00228599826260713 0.0108030526276788 0.328860569061385 0.372068469347497
0.000728533841157052 0.0234536483467864 0.278018048256772 0.0242314000989258
-0.000886642863454077 0.0295909853524814 0.0590475730904464 -0.200394238426467
-0.000106293983447188 0.0211203714958743 -0.0544695908814222 0.118683078878666
-0.00667577213261709 0.0240278101056759 -0.20113767177385 -0.114489820526702
0.00512879309624348 -0.00863527917468839 -0.147996112519422 -0.414379653766507
-0.00979013089541513 -0.028458737732299 0.427293245326841 -0.401312467002724
0.00984841322875955 -0.028110975386135 0.771902909190223 0.221157489062337
0.0100587823007326 0.0254349266773407 0.32339668368303 0.791256067534758
-0.01521499693184 0.0251332775884568 -0.180611124492158 0.534938296226648
-0.0278168460821667 0.00990044498526366 0.0730310465242101 -0.00459687165230875
-0.000105108074944155 0.00879921265701037 0.0535859918082623 -0.602886163030661
0.00198194770956733 0.00908745677717471 -0.625384658636475 -0.604300732709379
-0.017948370529131 0.00358826743664284 -0.798628287651932 0.249353771378722
-0.03062323764178 0.0111872430355401 -0.117489759329824 0.684651463269537
0.00156355512702114 0.0141318510675667 0.328682453988066 0.371643000163711
0.00357636836528913 0.0293500619895499 0.279940027222352 0.0261617939932822
0.00428877605394214 0.0322569335241855 0.0550443717689538 -0.19907004755421
0.00416515932149876 0.0219627482300059 -0.0557959966676563 0.121571950626372
-0.00462001792051214 0.0259488061679779 -0.202761814146543 -0.102864349425789
0.00527143255332825 -0.00586709320225451 -0.163564781379039 -0.410146135833379
-0.00864602012335357 -0.0287414081905823 0.400485915201872 -0.430866607377847
0.0153579266337938 -0.0279870711535526 0.775424980599278 0.168845482516151
0.0184982144648892 0.0373876371509204 0.361334370217284 0.775778148306119
-0.0204423802025316 0.0499235598105809 -0.163466868883432 0.546948371732664
-0.0390249391446131 0.0358168846705812 0.0705415197397251 0.00772337457284986
-0.000461583746431769 0.0314642272196249 0.0741057808579127 -0.592223548083999
0.0117940619548022 0.0160813555715979 -0.600114939401254 -0.636204442456492
-0.0103501113773454 -0.00137032863748259 -0.821251904141379 0.204585833593915
-0.0290520089871618 0.00935795546573973 -0.159852427106949 0.675552356650384
0.00211315708068562 0.0177976677458237 0.316366957245046 0.381487674297483
0.00577679881682073 0.0346479104920195 0.283587282177412 0.0377606494092178
0.0104342507671186 0.0336814584149072 0.0526044989805352 -0.193414346741643
-0.00798478841591861 0.00268977542177635 -0.0363361009114681 0.144516443915845
-0.0307931039016809 0.000465477633342289 -0.209926239870449 -0.0606787545328676
-0.0293583448161707 -0.0110446032248691 -0.292303892184863 -0.348194587322184
-0.0155451673722699 -0.0149810548637742 0.168369260914397 -0.548351151789916
-0.00235938231779208 -0.029406028099589 0.744705656753164 -0.176128603314644
-0.00650469594966649 -0.0112987151341119 0.613961117799026 0.553378547701881
-0.0240500756878909 -0.0546215575716031 -0.0254992568411414 0.612978400303786
-0.00661934516907392 -0.0804027490975837 0.0254027073114182 0.106986627064296
0.00294033423099664 -0.0793411093872364 0.198012025318924 -0.505945128390402
-0.0162225419016611 -0.0336494812417418 -0.336306387677052 -0.838623875926369
-0.0101532055887438 -0.00179027260289942 -0.882491827211167 -0.163356298051916
-0.0300036627649178 0.014097097987026 -0.427270378068574 0.587803838371205
-0.0347603209968012 0.00396525070517595 0.19093638423142 0.491404774797634
-0.0295639453075141 -0.000392125858326462 0.288496124044537 0.120398264060294
-0.00869309817294754 0.0170372290369684 0.0847922516606103 -0.175775119524101
-0.00970188626675409 0.00429313938650665 -0.0365596214681922 0.137931116766854
-0.0284317793410485 0.00157396104850267 -0.212487487557372 -0.0786981631356076
-0.0247712966233016 -0.014211790525078 -0.265034421943192 -0.368995045847091
-0.015455382150735 -0.0171528302448859 0.237782432609081 -0.519536341016112
-0.00583711477277651 -0.0288918833439363 0.772870930898926 -0.0817753506748684
-0.0109500227862685 -0.0159111632222986 0.555184816465665 0.618142615511175
-0.0186623817830093 -0.0636513831235617 -0.0687919296795452 0.59532003726486
-0.00102427816411952 -0.0875064570736905 0.0351370492168307 0.0791378471478565
0.00324628091965895 -0.0851681328119616 0.166112851167786 -0.538057702176399
-0.0227542150468091 -0.0327638959091575 -0.421366891639321 -0.790523550883746
-0.0176852465681638 0.00235145254897901 -0.878871191972518 -0.0513428741411851
-0.0323138562657047 0.016345645641276 -0.347523751404101 0.634511920938954
-0.0294908856391659 0.00288679273614001 0.232578718068676 0.47225553400721
-0.0251597218518209 0.000632573901010344 0.290829066291011 0.098038369231906
-0.0110298705051787 0.0175733422222425 0.0806461976807977 -0.183076869693061
-0.0104863066279635 0.00728708193467769 -0.0396538032930325 0.131293698140115
-0.0251646201285381 0.00410302571655299 -0.212801457734909 -0.0962260432082014
-0.0183644616305507 -0.0162705177888694 -0.232612555155786 -0.387477857531203
-0.016009653985276 -0.0199885139584238 0.307782857419628 -0.483380262442858
-0.00684915264266157 -0.0298552117301625 0.789501652800004 0.0225048112008439
-0.012331037476571 -0.0178408309729526 0.481964942296838 0.686261056351628
-0.0119499927545135 -0.06311664506693 -0.113147748273646 0.57810924931561
0.00244238532986865 -0.0846969867663645 0.0459460283818659 0.0502874091036838
0.000438561696841729 -0.079707442779911 0.129160355440711 -0.566663146537232
-0.0257282773769093 -0.0261625604040839 -0.502323177279968 -0.734282903236541
-0.022539769112262 0.00648698329735176 -0.859333639437487 0.0646069220016489
-0.0342089689465977 0.0168991733771302 -0.264172666285295 0.668130318209501
-0.0222103151221282 0.00522379285025558 0.272346291259602 0.444141539305825
-0.018904961489749 0.00471325621451613 0.288371208064589 0.0704580097136818
-0.0116902044086792 0.0205413539483082 0.0762206439757378 -0.190614232320313
-0.00914569962567315 0.0105973342133676 -0.0423444124386097 0.125672875119401
-0.0202958515811151 0.00881527741090432 -0.21011674695366 -0.110003765930146
-0.0113741563584732 -0.0164727164495903 -0.199047305484191 -0.401846755178171
-0.0153148348456944 -0.0239552145002844 0.368260189368537 -0.44247402647577
-0.00520577048912134 -0.0306358091718837 0.793859766035778 0.120838149826575
-0.00892056792303631 -0.0145496555216852 0.409860976761103 0.739392268871079
-0.00779381455319031 -0.0504029914414438 -0.149421224158944 0.559419760144244
-0.00122843527827827 -0.0705869481155442 0.05642923663421 0.0236850086384132
-0.00192452430863766 -0.0636772913930008 0.092405233447937 -0.588832549919118
-0.0233916300497086 -0.0173291946929384 -0.567455317563403 -0.67676902635594
-0.0258771146413538 0.00913195722150767 -0.834217540370151 0.16150311360627
-0.0336969444995569 0.0170311946116866 -0.187833142058224 0.689299802426458
-0.0150977240172517 0.00681140145059018 0.302171008857169 0.414007237357249
-0.012337292321658 0.010572422439517 0.285565894487335 0.0477244092303735
-0.00952278056081729 0.0245167255961837 0.0705902799439345 -0.19778085844917
-0.00648898354161055 0.0151257667034848 -0.0467304962242211 0.120844861581588
-0.0152256273408736 0.0140618630366368 -0.20749655838226 -0.118351712269111
-0.00265431505724888 -0.0152700014673396 -0.170843071889316 -0.410286991082579
-0.0136983368497953 -0.026631115844781 0.410387602660701 -0.410321786724258
-0.00119014014977625 -0.0306636486430248 0.786269611345721 0.193041821549576
-0.0030971896093984 -0.00476700981585041 0.353002079801395 0.776809809849239
-0.00645887371754447 -0.0296773439550985 -0.174894277612117 0.543462662932331
-0.00709819920514108 -0.0459605422990235 0.0657930010706044 0.00425876126627035
-0.00186781508045553 -0.041998834859341 0.0651141268419044 -0.603363851365398
-0.0171277603579866 -0.00848619402364885 -0.613279763671983 -0.629542644372353
-0.0256398369200919 0.00982615163692786 -0.812076222414839 0.228833473620344
-0.0327851995722165 0.0161631562131704 -0.132543256276898 0.69641448387287
-0.00817835037233678 0.00934197138546104 0.324002448605602 0.388269462978436
-0.00552585885290563 0.0180781847918771 0.283452631795597 0.0313115155571705
-0.00470077102927715 0.0270984247441526 0.0646430571899329 -0.202906766010387
-0.00356676489129305 0.0186613788966948 -0.0507044215920512 0.119154268022551
-0.0104517033674795 0.0201880893483541 -0.205851822862214 -0.118744632169002
0.00201475200516251 -0.0123649027438413 -0.155199597015187 -0.413772383437946
-0.0117181464276899 -0.0279072044589942 0.433204262653561 -0.397704137416552
0.00336591395733285 -0.0296390258300288 0.779380725760937 0.230321845120854
0.00289334512924343 0.00969341630015088 0.322254788524321 0.797363174249579
-0.0101860195245676 -0.00273803977365197 -0.185045252137891 0.534179047517238
-0.0167631267367986 -0.0185252026659247 0.0714772746761898 -0.00621698557084151
-0.00165948941829987 -0.0175632748457702 0.0497337444407613 -0.608341227642576
-0.00817683855185572 0.000317749516382377 -0.636349750984513 -0.604076821463319
-0.022142296619937 0.00808383142743286 -0.798465784673162 0.260302228835673
-0.0324027383096543 0.014173267594298 -0.108911364771689 0.695701083391389
-0.00139030743830489 0.0117277662262818 0.334151397094503 0.375113634735203
0.000823267905257656 0.0246476968525515 0.281913768841239 0.0219575768221133
0.000306721897463041 0.0303205154283343 0.058595449068683 -0.202645530522609
0.000376555892812982 0.0210842365214661 -0.0555476052748948 0.120541217684045
-0.00729079183159588 0.0243404327392304 -0.205424826452654 -0.113850643478064
0.00510513078466354 -0.00811169306245656 -0.151127443391826 -0.41623926353059
-0.00968627518613046 -0.0287678750237667 0.430550775944116 -0.407577772062194
0.00995140670023138 -0.0281122356221216 0.779141265106675 0.221115032625772
0.0104826016066158 0.0248675472353423 0.327592787819454 0.798246034229276
-0.0157245910315724 0.0258108011613696 -0.18093503916074 0.538706972243612
-0.0278404247391412 0.0112827529424885 0.0731449467970448 -0.00520015458381286
-4.451720661117E-05 0.00855161971556024 0.0513193932888216 -0.609067063552792
0.00248082831826696 0.00783858204795777 -0.634566773787902 -0.60679249617765
-0.0181921950251476 0.00354016924433623 -0.805495018599879 0.258177356256238
-0.0303562656091801 0.0117146790148289 -0.116181516647827 0.694387672121161
0.0012354816952959 0.0142254020519642 0.333709521183692 0.372418432055031
0.0042201507194408 0.0314141976105424 0.28390246229718 0.0246396466722582
0.00619291280472816 0.0319935082278493 0.0555307444723607 -0.200682070623744
0.00491172624815801 0.0223415184380274 -0.0576775400462414 0.12268402457215
-0.00515790513340735 0.0267181668506973 -0.205784644102769 -0.102949906463658
0.00571812428427097 -0.00499704858642944 -0.166825755988837 -0.412254370289594
-0.00914779446507988 -0.0281841263830697 0.404315078522781 -0.437855852112561
0.0151989847887593 -0.0282416829989621 0.784855160792356 0.169418413289799
0.0186390652532189 0.0381348720370929 0.371052693598353 0.780117844013934
-0.0202681941353618 0.0507359857404684 -0.162882987828896 0.551385120469328
-0.0390609584136393 0.0371574569581913 0.0713056106915196 0.00685301033212867
-0.000968489704087708 0.0311333512605241 0.0716601808998089 -0.599196123928018
0.0116401243338357 0.016246730677993 -0.607357357294002 -0.637537294371689
-0.00981398311372264 -0.00164052775317158 -0.827553970029907 0.208776042846133
-0.0291582374598524 0.00809414145572836 -0.157188063302428 0.68252116801976
0.00136665519929276 0.0178892589392107 0.322619674714182 0.38374223594343
0.00628709136186114 0.0349489680334205 0.287515757027065 0.036789949626379
0.0103510699736584 0.0338989164976466 0.0530844633291771 -0.195603284366271
-0.00736068222613916 0.00341796062679739 -0.0365016669343866 0.146615705921023
-0.0304047720370402 0.000360308415943568 -0.214304700684009 -0.0587208226209246
-0.0295231585683354 -0.0119208162494381 -0.298047952320441 -0.346830833349847
-0.0159743820244948 -0.0155300930302911 0.1668735314591 -0.553292179846881
-0.00203289635049682 -0.0293281785237671 0.751397544715763 -0.183425730185633
-0.0057830510934492 -0.0121151492630963 0.622385962773563 0.554232850989865
-0.0250065136260429 -0.0552427704540476 -0.0215373168290039 0.618519455727842
-0.00786048197686116 -0.0799576584315189 0.0270586311576587 0.108766930355487
0.00087189436042876 -0.0804694179222661 0.195363099320588 -0.511711397464177
-0.0174905821340029 -0.0344407797160938 -0.344666738191123 -0.84306340710583
-0.0103000938543774 -0.00176354555384363 -0.892613748581663 -0.158538116445159
-0.0301569528569933 0.0140126586147503 -0.427471596855287 0.597492471590072
-0.0347842675309954 0.00372796938466778 0.197240728262121 0.495178154273148
-0.0296180447984326 -0.000264733382214027 0.293160748255737 0.119669277829508
-0.00857660195662191 0.0168025207027678 0.0848449815307445 -0.177887401255696
-0.00968469148945676 0.00481370404912254 -0.0362529762672426 0.138874699477044
-0.0290431437465901 0.00182107280418149 -0.215832992590032 -0.0779640700311464
-0.0258938234842266 -0.0141339698133511 -0.271566112745761 -0.367140727573652
-0.0159612660453213 -0.0173082757924106 0.237904562372372 -0.525150321418933
-0.00594289468850909 -0.0298347883376419 0.781395095570927 -0.0869592753908833
-0.0109171221887183 -0.0164540017653591 0.565004216529353 0.620255793424632
-0.0194179813645256 -0.0636754884117733 -0.065991481613843 0.601536669673372
-0.0012915417357133 -0.0883260017512535 0.0361736241860562 0.0798103390575582
0.00162424386876986 -0.085428325431059 0.162108281271641 -0.542084541723338
-0.0229355797060789 -0.0335439190231119 -0.431008903155883 -0.795821824117345
-0.0175715896652542 0.00212310088716897 -0.888686729425165 -0.0441871427552227
-0.0322260293261131 0.0161967566431966 -0.346340752020213 0.643852631410947
-0.0294497639822807 0.0039211880303043 0.238848477436052 0.475383552328621
-0.024455339969443 0.00242542952100494 0.29407732558131 0.0948632883799641
-0.0105936906019265 0.0183367598794115 0.081371887354286 -0.185488560804377
-0.00966593248186894 0.00796905279266655 -0.039821720194541 0.133002475798968
-0.025595311336885 0.00457023654701914 -0.215871738976082 -0.096320799041774
-0.0189513661810228 -0.015864418442831 -0.238133544374447 -0.387791980209374
-0.0172575287044264 -0.0208038654853191 0.308211449766313 -0.487895502673956
-0.00743368615574578 -0.0304433044024387 0.798853709443528 0.0195564920245079
-0.0118010463437687 -0.017869225271626 0.490447812110046 0.686455300354657
-0.012165233410094 -0.0634732915564842 -0.108919124019331 0.581858006378059
0.000564638280447463 -0.0846722750042372 0.0474851894084189 0.050461089548963
-0.000715316805092797 -0.0796134782506175 0.125348199066449 -0.572973761264055
-0.0255337824567331 -0.0269785055953083 -0.512401668499409 -0.737771628495814
-0.0225795358602485 0.00694133957398238 -0.869228237693129 0.0724374907900747
-0.0327312766966038 0.0168502060125942 -0.259593098123521 0.678129713001509
-0.0232600496945708 0.00469343501051363 0.277730958357153 0.445353262908123
-0.018749980610179 0.00498508549514537 0.293636654291187 0.0692586108887118
-0.0107385456424509 0.021064683648634 0.0769776235524896 -0.193801086178107
-0.00866041383329242 0.0108228358876653 -0.0418227003816913 0.126608777291923
-0.0208815146560986 0.00915685275205856 -0.214380512269164 -0.110294622253211
-0.0110961446142735 -0.0166098995426432 -0.204787280241601 -0.40178146830933
-0.0157798598304366 -0.0238827582180254 0.370468581053226 -0.448792140045909
-0.00586660647102623 -0.0312291350739763 0.802091986004265 0.116985741558604
-0.00884857505678542 -0.0146063106624859 0.417231994425654 0.742959198718768
-0.00778341572627346 -0.0507103450463517 -0.146199449957946 0.564662750032349
-0.00224964428501411 -0.0697545153164523 0.0576470615430958 0.0238354628076702
-0.00281587630647828 -0.0649738210961406 0.0891521613362571 -0.593215827551439
-0.0233677923098143 -0.017634377344772 -0.577566923437064 -0.677255758036033
-0.0251747476834987 0.00903499980994406 -0.841311063829909 0.169080212978113
-0.0342882273768006 0.0177960990168237 -0.183305755848158 0.699286614744035
-0.0153810830988222 0.0075843859170304 0.310756211385498 0.413710046348407
-0.0124468665058857 0.0120437317617387 0.290575807439623 0.0463789786238388
-0.00812857921038428 0.024440325801852 0.0704748308185902 -0.200193945646689
-0.00653468858648889 0.0147353320873735 -0.0464452366985689 0.123213870932016
-0.0146001752255965 0.0147245920590151 -0.211834600644304 -0.117838369146608
-0.00366276239458505 -0.0148974298635821 -0.176275943561964 -0.410955909748164
-0.0140942745855687 -0.0268737844263334 0.412698057209942 -0.416394361636343
-0.00241856014763278 -0.0311595320991879 0.796317424084514 0.190512071124728
-0.0038270619091781 -0.0053475417679967 0.361132146652244 0.781205697858527
-0.00703211229844773 -0.0291196575582895 -0.172961619652176 0.548748618838623
-0.00785108544148026 -0.0462821041312596 0.0661734312431509 0.00346955089515599
-0.003523509881978 -0.0422642601207499 0.0637713168539011 -0.607753069570204
-0.0177085339887403 -0.00837330341347315 -0.623031713247664 -0.630869090948989
-0.0254231490905403 0.00945853336560478 -0.816168258162666 0.238446738690675
-0.0335825482151804 0.0164259033033781 -0.129919169059692 0.704043446343399
-0.00805285255087665 0.00972074878457123 0.33074370443049 0.390175092857875
-0.00550071411585955 0.0186942212383696 0.286723149838887 0.0292712994551193
-0.00432880720822218 0.0272837849824367 0.0626585205097749 -0.204762588341198
-0.00318814522964564 0.0192563193258049 -0.0501081958089012 0.121050428487098
-0.0102625479526897 0.0207292637949461 -0.208769915903333 -0.119510298157207
0.0023169729619577 -0.0119176207822901 -0.159222601744401 -0.415757059531257
-0.0124613107059986 -0.0285687840230035 0.435882869394146 -0.404023297124446
0.00250865864296549 -0.029404302402148 0.788993096052107 0.226352459983595
0.00328383732429619 0.00945058942820811 0.32988145078062 0.802739686242704
-0.00974046401923347 -0.00280037914718419 -0.184444476099284 0.539171327560148
-0.0175287228982044 -0.017279900058551 0.0723644114260701 -0.00690226930857885
-0.00162657339739492 -0.0177012527301639 0.0476583385957793 -0.615457212977837
-0.00879047790851086 -0.000881295490056205 -0.645874643011829 -0.60525642756684
-0.0228692212881554 0.00763697814676144 -0.804462448251366 0.269482729208551
-0.0320164778541688 0.0145118606073132 -0.103842286077451 0.704262496470644
-0.00303558397405611 0.0114450002738589 0.341841683475413 0.37547547334701
0.000607526067111491 0.0257785373917995 0.284984270583991 0.0207305096784703
0.00125547173903274 0.0306825075928048 0.0582364512526219 -0.204178555754122
0.000594736469702156 0.0205699251540632 -0.055878289875357 0.12180141550434
-0.00644320040759467 0.0245830961475373 -0.20935776752658 -0.112797129556582
0.00447467754665096 -0.00906586599739722 -0.156742105573969 -0.417472022998178
-0.0103927099002008 -0.028451802926534 0.432660569966997 -0.412749743586844
0.008825756490772 -0.0286938559596287 0.789858983846512 0.218548814610361
0.0102795638299835 0.0248769169221022 0.336256992117399 0.802541626234986
-0.0153841780010609 0.0256152929997533 -0.179124035049424 0.545421124154368
-0.0280740563042856 0.0119871897840668 0.0748873580108143 -0.00644184699119406
-0.000539727891541279 0.00848924886662097 0.0498687644990999 -0.613005408297293
0.00170365440914515 0.00752585496709249 -0.643669768873417 -0.606989515340731
-0.0177349592726923 0.00351495295963698 -0.81155772364444 0.263934773846876
-0.0305286189281738 0.0120706116988899 -0.11159268947365 0.700460293210138
0.00145708344729841 0.0138241565092022 0.34087152800571 0.374351138126675
0.00419963117931619 0.0314821302085008 0.287708024115248 0.022935145471269
0.00585511470849111 0.032738698549998 0.0548284211984576 -0.202840393068465
0.00462182858074732 0.0221174423156616 -0.0574226859019307 0.124917392481336
-0.00486855586612529 0.0274016598136505 -0.209387860301177 -0.102141472074315
0.00571630616360899 -0.00517844774581706 -0.170757035391719 -0.41168319967021
-0.00963738942283954 -0.0287442267384668 0.406271470898023 -0.444444934351601
0.0151443107417868 -0.0290199126374067 0.794052740407505 0.16673534652369
0.0196350694610992 0.0383106557054991 0.37863444776834 0.784548946918584
-0.0203225280411647 0.0518071153066552 -0.162247405349729 0.557601350583043
-0.038687733681685 0.0378365902326805 0.0724310081215623 0.00796000602622031
-0.00139207485716687 0.0321654685787578 0.0672062908634684 -0.603961337637126
0.013020686648208 0.0155344747099206 -0.617801567609578 -0.642318907024933
-0.0105266289612748 -0.00127895422474699 -0.83719833365861 0.216539288195524
-0.0295613871056832 0.00910350132130557 -0.154838830979585 0.690432685686144
0.00173627174765843 0.0185712148902578 0.32733686547498 0.386648317155698
0.00678424882003332 0.0357304657911635 0.291643565177121 0.0340882836761518
0.0118516514553008 0.0341965390489448 0.0520832124888746 -0.197488061624891
-0.00649672563658216 0.00335853043022894 -0.0361216723940335 0.146971008684832
-0.0306595182444608 0.00122423250285077 -0.218466645707019 -0.0574855817600168
-0.0284559843493081 -0.0104161327845938 -0.305831094182749 -0.344132044734402
-0.0165008425006865 -0.0154305265578144 0.164509040813556 -0.557985875923103
-0.00309790303459997 -0.0302492425060532 0.755217531374574 -0.190631112320812
-0.00597571590150419 -0.0127215024966902 0.632192559649028 0.553416574860309
-0.0250856859790972 -0.0551748559219161 -0.0166987079546659 0.622993138168337
-0.00894823866136686 -0.0798665450678632 0.0290842464816599 0.108621249641623
0.000252247363552378 -0.0817556136498573 0.186869523994822 -0.518434950117476
-0.0176711317006366 -0.0351697390104087 -0.354633803299532 -0.847486651174969
-0.00931012586952845 -0.002569036938586 -0.902994514797503 -0.152877393741497
-0.0301093861750523 0.0145763787824171 -0.426259310203848 0.609798759174504
-0.0346656975221079 0.00394162066130421 0.204569523401046 0.497692760468135
-0.0293098213057957 0.00114023196927955 0.298325824747317 0.117888884930979
-0.00865520351978316 0.0180273474680485 0.0849113320638195 -0.180074811028345
-0.00926076247515312 0.00546304789497976 -0.036749920718352 0.140954111696634
-0.0287241985895302 0.00223236809565304 -0.219726048280319 -0.0772721088262435
-0.026170529711164 -0.0141030335291838 -0.279420516675375 -0.36664423473399
-0.0166136346464927 -0.0175096071250083 0.234333295987718 -0.53082040039239
-0.00619838813299193 -0.0301159468168676 0.786759431050538 -0.0945891318735713
-0.0109629813062423 -0.0167593591182524 0.575302985177745 0.621070459678823
-0.0198277031094176 -0.0641316219619468 -0.0622017690190747 0.606214455984236
-0.0026667512278583 -0.0889106733430818 0.0377018943113465 0.080124369036936
-0.000109487707473363 -0.085914266346946 0.159168264661451 -0.546778815976907
-0.0237264720268566 -0.034476616128506 -0.442592348920806 -0.79907396702211
-0.0176865977318012 0.00216364661761837 -0.897963631824984 -0.0375834012230046
-0.0325573484845652 0.0163171146763177 -0.343355577795853 0.652983551585449
-0.0300200027274739 0.00387623699302257 0.244072530221175 0.477823618436085
-0.0257182489237543 0.00305081074184547 0.298671238894278 0.0936501611426045
-0.00977391100165268 0.0190836397712436 0.0804421981793478 -0.188303280357117
-0.00999779767422471 0.00849073601943287 -0.0387026483945515 0.134213460594685
-0.0252796980730625 0.00504166147574599 -0.220274178011249 -0.0949901790230766
-0.0193485024686012 -0.0157316334623505 -0.245717402493461 -0.387587244854407
-0.0172305595458882 -0.0204204870230187 0.307299515362284 -0.494211677181262
-0.00778968708535352 -0.0311730664098086 0.805695195189439 0.0116115716102332
-0.0117310611701658 -0.0182897738216398 0.501221430098666 0.689639351241592
-0.0141310786419402 -0.0633705886090861 -0.107120584406373 0.588164537015265
-0.000159410756936316 -0.0843815405303423 0.0469506320561232 0.051124188489396
-0.00199212510889599 -0.0803310754448471 0.122298332258298 -0.575918239717589
-0.025146912109869 -0.0275848257767053 -0.523951945708704 -0.742115740520919
-0.0228920703878604 0.00687251386540085 -0.877650105328316 0.0799747429541526
-0.0326404508391219 0.0175642524768714 -0.258126956240569 0.686860115683916
-0.0232747628824172 0.00543371346877989 0.285683452257909 0.447306937834909
-0.0186655253680631 0.00635595459867344 0.296556797889986 0.0664341865872223
-0.00947835065763629 0.0222655495088357 0.0764827014272748 -0.196350074283433
-0.00949707960728338 0.0121715790880643 -0.0408677257994843 0.12821905769399
-0.0202948640810376 0.0104521929981082 -0.217488591218188 -0.10983430683662
-0.0116987133829461 -0.0172744389453275 -0.211153818056764 -0.401041616370264
-0.016453809390502 -0.023507956667011 0.370690351698412 -0.454795693352827
-0.00636202629105279 -0.0318021302788332 0.809622477196356 0.11261521443057
-0.00863764302175748 -0.0154235894245262 0.428849067011026 0.746244049444751
-0.00793321598464875 -0.0515438283132128 -0.14319319510858 0.570267994307901
-0.0025070379423313 -0.0693578849964794 0.0584723058728204 0.0232504228814489
-0.00457069778898632 -0.0653164196812162 0.084059664708819 -0.598624272759762
-0.0250899794782229 -0.0181454955043545 -0.588897107273995 -0.679087502714208
-0.0248234153322709 0.00892126730255167 -0.84789439019748 0.178832517509811
-0.0343772390649427 0.0178190547464579 -0.179337456985108 0.706105720636375
-0.0152692458001502 0.00712281896221168 0.317133434841728 0.416938618300209
-0.0131839723185587 0.0129547308039937 0.293675212350442 0.0441295153096807
-0.00764233575472893 0.0246356067354493 0.0697924993997048 -0.20247653994978
-0.00635170685403052 0.0158351804264744 -0.046317835597514 0.123655084438389
-0.0144354922003024 0.015369556052765 -0.215501819951564 -0.116971254367225
-0.00397077078570383 -0.0159711671477829 -0.1815429240564 -0.412312728631619
-0.0144385275173642 -0.0256929099020974 0.413232041370196 -0.423769349199887
-0.00343669308361571 -0.0321774324446141 0.804991926018162 0.185267258378772
-0.00284810835305105 -0.00550504689187066 0.370577933281838 0.78564398928519
-0.00659653831926762 -0.0298022583402397 -0.169912727800516 0.553817022543747
-0.00796761182848844 -0.0454097548321521 0.0666753084268464 0.00271047345818749
-0.0044898557490378 -0.0425282304830262 0.0550887898930476 -0.613199735912547
-0.0186129307995956 -0.0082351352481101 -0.634888797275045 -0.630642919197551
-0.0251889660341613 0.0100094356841391 -0.82007732757372 0.246992257304109
-0.0340435294343662 0.0178414959761622 -0.123714617143607 0.712123136722722
-0.00770483225420151 0.00926259850672191 0.337670974301323 0.390130639837129
-0.00506409429850441 0.0193412433402182 0.290637472387062 0.0265225556299712
-0.00297023052124163 0.0289643368272648 0.0628783018581649 -0.207463222850617
-0.00257435117316238 0.0189002303308531 -0.0503763122419618 0.121963274529059
-0.0102082813399584 0.0204618630269695 -0.212579721646892 -0.117514276702792
0.00160041582707287 -0.013185082394966 -0.163749042030955 -0.416528381356699
-0.0127271224470596 -0.0277921712037782 0.435839168598867 -0.411080584708257
0.00211626561265609 -0.0289187367010705 0.799066898361317 0.222246237631722
0.00335655185378296 0.00908015335699167 0.339395914022269 0.806888282862271
-0.0104069121102928 -0.00256522145175574 -0.181588723322688 0.545685621102624
-0.017654117088399 -0.0168436731711521 0.0723329587800953 -0.00750124178740514
-0.0022444621984798 -0.0170234391459124 0.0422320191473511 -0.620321006521438
-0.00974332303109276 4.49428822751757E-05 -0.656494545674324 -0.605442889958595
-0.0228505565614434 0.00821294657863917 -0.809745116556392 0.27857186062943
-0.0322811334776861 0.0156754491089667 -0.0972605742372807 0.714604249076191
-0.00238561256668104 0.0117851824828378 0.347431046429406 0.375118668713935
0.00170701508572214 0.0262285841011854 0.288773408111149 0.0173544295908007
0.00155188320972988 0.031595639176344 0.0578585159788707 -0.208182128188336
0.00108270740855231 0.0211171464325102 -0.0558931904506973 0.123182035816335
-0.00574054078358612 0.0253390411440248 -0.211767314704063 -0.110851876530018
0.00427411290973272 -0.0089113379674112 -0.161091239302762 -0.416866053361462
-0.00928872436631571 -0.0292351358032322 0.434756955077332 -0.4195186210222
0.00887251424594858 -0.0302693386895355 0.800305417968524 0.212366437605549
0.0117172381356284 0.0251708281732203 0.345687828066344 0.807289186587871
-0.014665917914205 0.0266177629782836 -0.17582636051886 0.549797098727486
-0.0284443261851973 0.0132724951603422 0.0748581897519861 -0.0061019717539875
-0.00136273718420183 0.00882682145652853 0.0421607987476467 -0.618340959803896
0.00159515038646585 0.00814280896539439 -0.654664092001901 -0.608314799365696
-0.0172091464331173 0.00337710711706279 -0.816635175850806 0.274301121575394
-0.0310559434103278 0.0126670433510975 -0.106619997495905 0.707433761551287
0.00073627331258894 0.014686058361199 0.348916805856921 0.374471491697905
0.00548495853716521 0.032596081870817 0.29133689841206 0.0205369936921064
0.00737980415088315 0.03298771165828 0.0540349223011284 -0.205823474250857
0.00479912108525193 0.0224999836513279 -0.0575381896302148 0.125906979040695
-0.00457547223386756 0.0276737408935764 -0.212700470969086 -0.0990457199931293
0.00614116678203081 -0.00583911168272624 -0.176627688149511 -0.41377116291106
-0.0100702151518464 -0.0294225939764036 0.407102369072629 -0.450603912469943
0.0149989405860732 -0.0300823533118727 0.802263517294771 0.160966214739108
0.0198017351676396 0.0382994001535864 0.386659663845436 0.790286871993345
-0.0201649195273271 0.0511941822157913 -0.157809537273978 0.564463759159268
-0.0388189860420736 0.0400349866476713 0.073297180595444 0.00617586722952917
-0.00116043638370034 0.0325646666585348 0.0632765258127447 -0.610072302346778
0.0120086078895484 0.014064486493997 -0.631318804539031 -0.639748472553972
-0.0102380167447409 -0.00130180969333418 -0.840611082870182 0.22635715137048
-0.0294823268972502 0.00997761075610393 -0.149102082502075 0.699814864437408
0.00206296096456661 0.0180460430921256 0.335457607021625 0.386109433402212
0.00723346750804198 0.0358690644279338 0.295303885855321 0.0328752108276374
0.0125799889958149 0.0333036349942971 0.0512790747590172 -0.199647093025011
-0.0071708699152078 0.00403284692391389 -0.0347363749122307 0.149297300055983
-0.0313433620562077 0.00216654117571491 -0.222050627178741 -0.0547343870433313
-0.0298960865317166 -0.0106165741124502 -0.312652277850527 -0.342461824008699
-0.0162198602169419 -0.0145435487987932 0.160604021756587 -0.565284499500222
-0.00316385532878323 -0.0306245897742236 0.761427434993293 -0.2001972145199
-0.00512298181491999 -0.0130976761087635 0.643433758291508 0.551493807125967
-0.0260928260305174 -0.0553851050851461 -0.0108751400622622 0.628103285041161
-0.00981901465241622 -0.0805012107406075 0.0295797877665867 0.109875473793054
-0.00130959868638185 -0.0819728564270987 0.188409602574024 -0.522512411228279
-0.0184057265440162 -0.0353424558661235 -0.36727062714271 -0.853127162607045
-0.00979748441378769 -0.00145609551613589 -0.913640886475257 -0.145121820569539
-0.0303747090808447 0.0153819038194732 -0.423683065188945 0.619306127246009
-0.0355622071745864 0.00489372637380061 0.210943212315685 0.499063880021
-0.0303464624142221 0.00215807462462675 0.302817264967607 0.11519883503574
-0.00690666516200279 0.0186545439698366 0.08473765312123 -0.182515744196181
-0.0100534021655723 0.00633469298362184 -0.0353335717390804 0.142277263806985
-0.0293860763767809 0.00289753039514082 -0.222942913375512 -0.0744769158989686
-0.0251471353537333 -0.0136840652104212 -0.286083344641183 -0.366081595687988
-0.0177777231268562 -0.0171861822558546 0.232782844817294 -0.536791601635608
-0.00667853673835109 -0.0309203492222361 0.793301981477578 -0.103639780225162
-0.0112621127789649 -0.0173723523380477 0.585608876449066 0.620702283624224
-0.0218483590595863 -0.0640463951638255 -0.0561740646774327 0.610376934614489
-0.003797933309084 -0.0889065328387453 0.0386258983845073 0.0805299738747671
-0.00206684032167863 -0.0864558020745745 0.152112065590522 -0.553354133042291
-0.0239446934621473 -0.0340792127522277 -0.455028554363282 -0.803248983265746
-0.016602907822216 0.0029337281281483 -0.905170826852358 -0.027296216099093
-0.0327897127344254 0.018114163808418 -0.341620881833117 0.664364011003733
-0.0309702043032306 0.00399628800793496 0.251655170898008 0.478057539601019
-0.0253010709824093 0.004329199468252 0.303365309524695 0.0902180436072744
-0.00887057875655108 0.0192274245860058 0.0788837728432078 -0.191008607631797
-0.00977172454107357 0.00850421073552209 -0.0391199614715782 0.135424054894955
-0.0245873925077562 0.00554791344490452 -0.224549838826518 -0.0927461766875806
-0.0201130907023483 -0.0158717410358614 -0.250792606475226 -0.38627972376568
-0.0173436677520817 -0.0202458956729062 0.305433236888585 -0.501443423554087
-0.00819578053521 -0.0309877774377606 0.812283978792084 0.00514163511515867
-0.0128845852445268 -0.0194989569074417 0.511895752658924 0.689930844809889
-0.0138943018777639 -0.0643060389646768 -0.100228374195599 0.594657603504327
-0.00079399257160379 -0.084360563285096 0.0480992944278698 0.0504476326991328
-0.00297891791731775 -0.0803665943956643 0.116096360953724 -0.583332517438802
-0.0262517454462646 -0.0274965338006154 -0.535573488129037 -0.742023722273311
-0.0218619321299756 0.00749092919703756 -0.882508553532087 0.0892886382572775
-0.0339642653309928 0.0183068975503706 -0.252693483988751 0.696054009677614
-0.0235441754434006 0.0051158394984267 0.293022750607051 0.448704914501352
-0.0191070700745921 0.00715192405008859 0.300770437223426 0.0643061586194939
-0.00945831960137313 0.0228173182115823 0.0747805787598991 -0.198655004031169
-0.00823079567414317 0.0126371023449075 -0.0412521822087716 0.128687052398936
-0.0202421524007726 0.0103170044862323 -0.222285236013028 -0.107317686287221
-0.0112274393049258 -0.0162678923292981 -0.216606372928805 -0.40119052278243
-0.0163172704960453 -0.0227656265295473 0.369414417718006 -0.460628225024756
-0.00662235849468111 -0.032754379938499 0.819109865961015 0.10341725396999
-0.00857571772662414 -0.0157884230111568 0.439801982042154 0.74854361771189
-0.00871674556837211 -0.051881695615081 -0.139818517056928 0.575816519361527
-0.00344760639693099 -0.0695344228640089 0.0595480596778227 0.0244019577254436
-0.00508055190092083 -0.0653831189550546 0.0791784290587134 -0.603320226497584
-0.0240531783413262 -0.0183655368907217 -0.601712817342839 -0.679173154055581
-0.0243372647822536 0.0101498752694877 -0.854381880031087 0.188733312736122
-0.0331917727643508 0.019427182830705 -0.171917101544579 0.71470441157414
-0.0164549575340213 0.0076776650032497 0.325442665302688 0.416631397490862
-0.0118399994760995 0.0130763005405979 0.297876226057607 0.0410983481606148
-0.00626804641909961 0.0258515030053878 0.0669993972000116 -0.205450592450757
-0.00530882605764869 0.0160259843869629 -0.0468482896416165 0.125524954427273
-0.0138290995954534 0.016009715147524 -0.22026024101814 -0.11438581096096
-0.00434408728538034 -0.0145140532466854 -0.187178547222678 -0.411988944949918
-0.0143469165659133 -0.0256027571456565 0.414083100774601 -0.430877350485136
-0.00310891157887144 -0.0318504145342504 0.814387304516064 0.179808903190026
-0.00307797613639581 -0.00606271403716015 0.380873962755285 0.787141323847515
-0.0081455564383031 -0.029967783235225 -0.165030289605961 0.558865777913286
-0.00879043480483501 -0.0452390038866455 0.067726756308338 0.00250529163290092
-0.00523596205721275 -0.0437571495738533 0.0515662157138209 -0.618726023341629
-0.0190523568155019 -0.00954818976785205 -0.648478680638694 -0.629622235266574
-0.0239768055601965 0.00998889245612221 -0.826538020164346 0.257162577058116
-0.0342749464178551 0.0188364355081892 -0.116176507086096 0.720076271002458
-0.00853612080248677 0.00808724048582979 0.345926514838165 0.391587358529149
-0.00460578312408151 0.0204696048811105 0.294532625466772 0.022721987230021
-0.00187826793482592 0.0280009829740925 0.0618486907999568 -0.208841789340503
-0.00218637613904617 0.0196435742884985 -0.0502822168174086 0.123097030380755
-0.00922968474759899 0.0211213560813152 -0.217230130398288 -0.115683269882459
0.0021033477785254 -0.0132944913047357 -0.170528701941462 -0.417731311063947
-0.0131834748312866 -0.027990075205822 0.437521066599477 -0.418584472825898
0.00252371061200355 -0.0306234116811436 0.809965821648679 0.216638243288727
0.0044752113440661 0.00862983327761631 0.350865829129465 0.80938441713169
-0.00984285059188746 -0.00257461930468513 -0.177487219168228 0.552275583100056
-0.0167636079289035 -0.0170398055546283 0.0736272704395781 -0.00916360240708617
-0.00330065048074717 -0.016710738102691 0.0349950057315486 -0.625574866881768
-0.0102244567483469 -0.000295529959889601 -0.669327900939434 -0.606924946320896
-0.0214835706091151 0.00823424913857267 -0.814262175381101 0.289188806854572
-0.032747545312266 0.0160080788532487 -0.0900449802781171 0.719975692819388
-0.00366744997382242 0.0117585518393585 0.355027626201248 0.375454859517036
0.00159434185497212 0.0268152188434878 0.294169460755176 0.0159750249347318
0.00362894925736661 0.0315858685043098 0.0575268817666969 -0.209684552092376
0.00138495006022679 0.0213022301913463 -0.0552712737426493 0.124527889392273
-0.0063921941161816 0.0260052443416571 -0.216232503445948 -0.110042006909851
0.00510229051541084 -0.00935180755891161 -0.166003156116104 -0.418025577911304
-0.010539900549822 -0.0286400838803684 0.435661621124669 -0.427228194684922
0.00923067080771234 -0.0309799509372049 0.808863602598259 0.207639223886084
0.011734011527911 0.0248206463735369 0.3575359958331 0.80927302083915
-0.0158735978455935 0.0262928033655798 -0.172661968312866 0.557607321716596
-0.0287340551613123 0.0138575303414641 0.0754718726512057 -0.00779336832500716
-0.00163793090464813 0.0092104988359996 0.0386454278350113 -0.624217298174495
0.000965698927410495 0.00750971708735734 -0.66740433950382 -0.605945911396849
-0.0169139035183962 0.0032289261991148 -0.822388700139616 0.284777693909062
-0.0310830484032531 0.0143538025047445 -0.0995751267203173 0.716017659958693
0.00186865655746184 0.014904311697477 0.356569827866298 0.373089289914342
0.00654711474558932 0.0335502796204309 0.294606800665483 0.016749322294437
0.00825112830881073 0.0338395153891914 0.0525126089583138 -0.207823924843445
0.00592299625177128 0.0225379925641991 -0.0569159817919786 0.127996860849025
-0.00346870855811802 0.027628755816555 -0.215351586708853 -0.0983127856789685
0.00516303202963113 -0.00545394705568038 -0.180436897028188 -0.412749292305526
-0.00976326446990295 -0.0290630957299528 0.406888209014031 -0.45805594102435
0.0146594601016902 -0.0300163277414376 0.812222421639373 0.153300447300424
0.0212882685895435 0.0375072178033933 0.398174973438425 0.79148225581501
-0.0190996769670368 0.0526399061097998 -0.15298017290976 0.569240850691283
-0.0390406352172333 0.0403894944688807 0.0730914243008498 0.00624385585033046
-0.00174672440090023 0.032699879838211 0.0572033389031398 -0.61352595994949
0.0111314742683384 0.0140617817973413 -0.644085529490583 -0.639717655290079
-0.00936055923001841 -0.00115493906138246 -0.846103417936314 0.236146968437943
-0.0288715403742597 0.00929857927516603 -0.141382620291047 0.70634191310232
0.00176268902889982 0.0175399181749617 0.343553496935926 0.387182888564675
0.00867312833283921 0.037145323617357 0.298924942256048 0.0292458389440098
0.0135801257815207 0.0349648991246865 0.0503431735666239 -0.202203285011691
-0.00722336361626953 0.00446399224438301 -0.0348304353626797 0.150605448698314
-0.0312209437440778 0.00242955342190993 -0.224881440100601 -0.0522775843071107
-0.0300277920675462 -0.0103248685536013 -0.319315228070229 -0.339796574160317
-0.0167722115993348 -0.0146060158554279 0.155850669125227 -0.571391793837487
-0.00359683922158251 -0.0308396134474871 0.763403493111989 -0.209481398956914
-0.00465534712162497 -0.013642931628396 0.655302927591535 0.546567174755013
-0.0271818288106181 -0.0544736884226818 -0.00376258809085765 0.630936486001784
-0.0110932877440455 -0.0795950452988795 0.0311639408360784 0.1103378945843
-0.00322952526560059 -0.0825720226879823 0.182421201938029 -0.527834958872204
-0.0189476426421248 -0.0357357862929672 -0.380267935563988 -0.854706108755666
-0.00923940048018167 -0.00190493973903202 -0.921735397127257 -0.135767994904324
-0.0302463630299764 0.0161967469079551 -0.419907645583657 0.629303531062083
-0.0365328186822898 0.00567165632851829 0.221845803125853 0.502571349706164
-0.0302244115327349 0.00259598554585426 0.306500579229114 0.112303254723602
-0.00626302988743769 0.0180476060580172 0.0825610673776385 -0.185511391248412
-0.00881860313407055 0.00628418782441193 -0.034414527158394 0.143473189399299
-0.0301735037021673 0.00379770536904231 -0.227647024880511 -0.0715855797272623
-0.0266040591208923 -0.0134107341995242 -0.291985797895129 -0.362565197081302
-0.0182740140057061 -0.0175803431743835 0.226489455750782 -0.542701723516089
-0.00715861087110469 -0.0302219334867478 0.797646688547752 -0.11374821546225
-0.0112391299499919 -0.0178793171740884 0.596424547245911 0.618479915116697
-0.0223096627718943 -0.0649214777690904 -0.0501623426580912 0.617522658875044
-0.00480546455885874 -0.0885507996160933 0.0399031045240371 0.0802402722622715
-0.0031093861229234 -0.0876893569283477 0.14749515074464 -0.558878092626476
-0.0254361570768322 -0.034867118680011 -0.466601201062675 -0.802956256628276
-0.0173055268181934 0.00261725715846474 -0.912982568148899 -0.0171503621535995
-0.0323149663662228 0.0177828712777511 -0.335149476337341 0.673109606479772
-0.0311578725948987 0.00421520327281305 0.261047387059282 0.478401229966765
-0.0247489438469687 0.0042945290215312 0.307511152142718 0.0868411416986172
-0.00767020430715011 0.0197976734865329 0.0792629093074075 -0.193421869122597
-0.00909683298256087 0.00846113872206035 -0.0379939314255291 0.136532268721369
-0.0251695967942645 0.00623346559542592 -0.228084370301326 -0.0908812075213709
-0.0200830022883635 -0.0163000331648779 -0.257540046672735 -0.384481090070671
-0.0178727426827448 -0.0207824705731915 0.303311980020797 -0.508409718705796
-0.00875887918725445 -0.0309098804381302 0.819306489494317 -0.00496858689738999
-0.0124792015342489 -0.0199337729059552 0.524359555165705 0.687845433723857
-0.0142999536447649 -0.063941879386502 -0.0948147115619967 0.59829347879976
-0.00263503801480171 -0.0844488362526992 0.0497644625218522 0.049818876428808
-0.0053066943876498 -0.0817222578219922 0.109962126354891 -0.587203539856366
-0.0272548136582456 -0.0288922551309301 -0.548012081824311 -0.74226196430377
-0.0220586001267221 0.00771392281796736 -0.888527878966417 0.101608074860338
-0.0332414237429033 0.0189857186550715 -0.244021334628146 0.704112447415069
-0.024725726385644 0.00626074199175713 0.300793149424469 0.448498246817783
-0.0187224329354628 0.00820925402458805 0.30399968077129 0.0602210496627184
-0.00748858900533276 0.0229812457674535 0.0741405847149101 -0.201760149332641
-0.0085525369764068 0.0120435644975709 -0.0403278512727373 0.130539509018905
-0.0197412384627363 0.0109194772641035 -0.227084627708159 -0.10414250625627
-0.0111936313571899 -0.0162417021635299 -0.221678062568363 -0.400600066477265
-0.0174444570982116 -0.0233144528605406 0.368545512747459 -0.468215750606201
-0.00762870860023989 -0.032544384585847 0.826303552536165 0.0966819877871878
-0.00907094781402661 -0.0162317936847222 0.449879677920768 0.747866920283698
-0.00889385900158426 -0.0520365833738128 -0.133536054282597 0.580209409089472
-0.00423801079896283 -0.0694885971648998 0.0599426430499229 0.0227668249075029
-0.0069557867452575 -0.0656685328029882 0.0700640165970055 -0.61127031542859
-0.0252397919819653 -0.0190768282149867 -0.613744973711748 -0.67638618118472
-0.0247033769470159 0.00971983070494896 -0.857764000748682 0.200571247851135
-0.0342812899889085 0.019812692029378 -0.163420598785674 0.722748849446643
-0.0161830368344331 0.00773946467952432 0.333848409050338 0.416055196759076
-0.0107908284619315 0.0141380812429295 0.301518079541988 0.0372453116504184
-0.00629313024303974 0.0256311885402158 0.0665255049568157 -0.207084920919499
-0.00590501579039752 0.0155119867846278 -0.0461617648655679 0.12746022189787
-0.0134500113238523 0.0164750117754194 -0.223554589793899 -0.112244635120066
-0.00384875302155252 -0.0161003792190014 -0.193351048316989 -0.411167698188953
-0.0155481821209488 -0.0263316147651944 0.413920632678604 -0.438833104842268
-0.00431844833841788 -0.0324556272802421 0.823915890552192 0.172614660256957
-0.00285520582661031 -0.00651524279767205 0.392418436821492 0.789787317997106
-0.00810095075795243 -0.030960796855629 -0.160951904125233 0.565240630956924
-0.00927002675241633 -0.0456381762735659 0.0684547212053539 0.00115941763605178
-0.00655615220824088 -0.0434650742341691 0.0429021129297457 -0.622585579546583
-0.0192720114779939 -0.0091097186381994 -0.658535500912672 -0.626913833412108
-0.0247158686437823 0.0104511173053325 -0.828485316376799 0.272070015673389
-0.0334289874693845 0.0187178274324369 -0.108752861578413 0.727027926041266
-0.00899030283327221 0.00882970551893571 0.353803168002157 0.38942815222688
-0.00374926989731087 0.0209618040553834 0.298203879945381 0.0195769902842711
-0.00149220632424184 0.0292420413083993 0.0615695627430383 -0.212202720835678
-0.0017627282142067 0.0189763710867477 -0.050816965593661 0.124799040011213
-0.00837241221105363 0.0219212271486218 -0.220966402066766 -0.11352569497398
0.00135904608769345 -0.0120944146214934 -0.175056038373092 -0.415494164109573
-0.0141838413159419 -0.0275340452534054 0.438147679306629 -0.427227360264507
0.00134346576232462 -0.030722909005168 0.818040833445804 0.20877593610032
0.00380305554643921 0.00883998410094367 0.3637038751749 0.810464782623829
-0.00986105167820307 -0.00326347082564887 -0.173219875293055 0.557657996705281
-0.0175555495994381 -0.0159662112572886 0.0739544972258401 -0.00968163758637452
-0.00427256277282305 -0.0170250799003386 0.0282409763280911 -0.628042387993983
-0.00990841261860366 -0.00048878065806705 -0.680298609969152 -0.600058688266148
-0.0222750566528644 0.00780737596299627 -0.816973973965313 0.30052017471318
-0.0321648492726497 0.0163437786044442 -0.0813232498396361 0.726975093959201
-0.00278049416962531 0.011678002664939 0.364861700181693 0.372870692020921
0.00291390250826999 0.0271729743465246 0.296955683419284 0.0111742387368422
0.00291829451049562 0.0312707130833715 0.0550909459765462 -0.212386412813543
0.00287916571998424 0.0216461243872112 -0.054584745537574 0.125938865740766
-0.00520144007998142 0.0260729641653376 -0.219493490454435 -0.107002181408432
0.00508077428031419 -0.00941061144929083 -0.172800494902067 -0.417743822481281
-0.0121648655430338 -0.0285071694843659 0.436471631823697 -0.437340578180745
0.00786435143933289 -0.0302856602300623 0.818922931381677 0.200019027372214
0.0131084601182266 0.0238551692624808 0.369044499196789 0.809344601566959
-0.0151278015588776 0.0266854091238259 -0.168262089264533 0.561110800623099
-0.0282804930636593 0.0148795103163933 0.0762558570073523 -0.00810626372469333
-0.00161122788826364 0.0102858050695533 0.0300971609545777 -0.628391080298854
0.00118458779905211 0.00685577942890075 -0.679799352475404 -0.602288703805847
-0.0174567531531172 0.003347559761475 -0.825545179287837 0.295976058683718
-0.0316155665542429 0.0139059707949859 -0.0901509831413304 0.724345906047186
0.000940946157248834 0.0145852259323825 0.364786544560802 0.37296953118609
0.00710738257557831 0.033709742953644 0.298764929694062 0.0135813558661488
0.0093152814159482 0.0331340704098547 0.0500712216369128 -0.209718887362845
0.0058611234229904 0.0219575434317389 -0.0572362695846136 0.128663302956367
-0.00417088981914622 0.0288595459988356 -0.220081335029146 -0.0947770200010037
0.00582419726107697 -0.00593818726857715 -0.186061048322816 -0.411458150914191
-0.0102280023780694 -0.0282962884453306 0.406008185201863 -0.466524073610714
0.0143727240972682 -0.0306604177745044 0.820510207093479 0.146316946673465
0.0216325464131145 0.0377587611895535 0.412457407362208 0.790958908759942
-0.0186149715004752 0.0527382713260147 -0.147787314524151 0.574473128124686
-0.0389971923681713 0.0420245437922321 0.0742748310003074 0.00536718923049193
-0.00156006039636873 0.0334795550845155 0.0493077031629272 -0.618761730959429
0.0118617789728183 0.0141740840385787 -0.65649648017576 -0.637007119453531
-0.00926055277840113 -0.00112631366881259 -0.850499352822477 0.248254519354584
-0.0297398782803543 0.00975825913181997 -0.134990307758525 0.714955056851338
0.0011636758573094 0.0174973098181804 0.350219294314875 0.384522805906804
0.0095845595103356 0.0377112024979301 0.302117589602824 0.0262817722292882
0.0155809619513097 0.0340597920031622 0.048084366137565 -0.204612105389741
-0.0063378598411771 0.00491649675338537 -0.0330419417149962 0.151155578939262
-0.031365706749959 0.00296978250894746 -0.228987073740559 -0.04959976711554
-0.0303619182315994 -0.0100484165017496 -0.327121334971068 -0.336023185378931
-0.0177607330157191 -0.0147697672239392 0.150667875752802 -0.575837566140407
-0.00419546892214611 -0.0305263529811289 0.766620568663283 -0.221841022460739
-0.00558711010523253 -0.0133502642602409 0.665098896208186 0.543270528112862
-0.0283588968245011 -0.0556250086126556 0.00344040893520642 0.634905636887221
-0.0124444183829247 -0.0803051981624742 0.0335076687254356 0.109657229053758
-0.00486493658128349 -0.0827611217444159 0.175736903880885 -0.5326310932036
-0.019083186864171 -0.0359060758532569 -0.395030743787063 -0.856191459470912
-0.00913478759874154 -0.00162854489032088 -0.93046982487447 -0.124676958304982
-0.0301319779878774 0.0166439607251102 -0.414930463919878 0.640428357868604
-0.0362619884915819 0.00522729584168284 0.227690867421358 0.502975477398735
-0.0299246294269293 0.00378112729012394 0.312325355493184 0.10877934115019
-0.00533081940875299 0.0189414363093362 0.082280854980288 -0.187436378973246
-0.00881901603612786 0.00541941294228964 -0.0343988586104392 0.144169933022917
-0.0295071361765543 0.00509905394924096 -0.230732954549154 -0.0693408514894828
-0.0272658546613051 -0.0129435812772136 -0.299373171048339 -0.359270313917213
-0.0182186607487526 -0.018104711641251 0.224455180323065 -0.548406964166282
-0.00768567086713213 -0.0310175511383681 0.803389880658378 -0.124448062048877
-0.0111427489504415 -0.0182758853455678 0.606646366714537 0.61273376956647
-0.02349771867751 -0.0645799127396399 -0.0422019283259089 0.620209969786089
-0.00556428293314817 -0.0884865255583546 0.0417660929195856 0.0808269442646127
-0.00450346775538289 -0.0878260972568279 0.141597051406296 -0.563979808483259
-0.0256299635652575 -0.0350931004800127 -0.479427103337859 -0.800635095587653
-0.0162070774102847 0.00340770094006801 -0.919740628514742 -0.00536832546035385
-0.032154500833205 0.0177482970384949 -0.328535720430028 0.681174301791518
-0.0320967244263997 0.00603953664510114 0.269660346080193 0.478108962090886
-0.0252836869999232 0.00509069223839563 0.311353376468939 0.0831274075078354
-0.00780196789526016 0.0201727517420535 0.0769992539352344 -0.196002294749347
-0.00956344621482227 0.0087548872255898 -0.0373220388682965 0.138593580243336
-0.025724068816312 0.00757880639232076 -0.231473132635076 -0.0878258956556483
-0.0200290292673506 -0.0153438554089539 -0.265291966203739 -0.380848307072815
-0.0182026520750822 -0.0201567584585922 0.300357437434988 -0.513331177988072
-0.00978748455140062 -0.0318330601875779 0.825752371287261 -0.0157339143131109
-0.0127423415704131 -0.0196662070784844 0.535611615566623 0.684257156483603
-0.0162504977477278 -0.0643038921007451 -0.0895769691897208 0.603484963185898
-0.00280411888600839 -0.0841834646504596 0.0509247803006545 0.0497486712781265
-0.00665538855410644 -0.0818760799850987 0.103426410534586 -0.592671419312263
-0.02842095231818 -0.0289267779728835 -0.560828508655447 -0.737987537058947
-0.0211703385421592 0.00735608279436763 -0.892576358880732 0.112023983285137
-0.0332519995314956 0.0196134108461832 -0.236369485621991 0.715018081297552
-0.0243455981536443 0.00574251490462458 0.310489232213777 0.444990073041277
-0.0179315539612696 0.00912025254435016 0.307375406014303 0.0573937272873604
-0.00680272157444797 0.0235662075737169 0.072403451327198 -0.203902468065383
-0.00745406336666187 0.0120381214037204 -0.0398961208330497 0.132035300598009
-0.0191666847868181 0.012277750653144 -0.229898248714676 -0.101811779002586
-0.0117639880941273 -0.0165397388865195 -0.22924109774063 -0.397928960562999
-0.0178009434562861 -0.0239144705276075 0.36623722997084 -0.4753634058053
-0.00801577848416862 -0.0331429577560698 0.833205399663848 0.0859058030092978
-0.00857288180918231 -0.0164429810078578 0.462408161416563 0.746921721845263
-0.0102266815422734 -0.052156193308481 -0.127365891325776 0.58366695121995
-0.00457392253556299 -0.0686286927655754 0.0617061537026635 0.0220210118673113
-0.0082229204962768 -0.0666477799598148 0.0641038638458893 -0.613158247411921
-0.02661217023871 -0.0194317271587532 -0.627554120815587 -0.673265769501139
-0.0240703698604686 0.0101241745271545 -0.86119301770699 0.211819613795249
-0.0339844214750984 0.0204024204684147 -0.155862144874904 0.73075902172053
-0.0167873238424559 0.00721167243400588 0.341416625216136 0.414969527774893
-0.0107258556236702 0.0157481358997872 0.304785041880195 0.0325268584939733
-0.00432776244922657 0.0263685579148835 0.0646465562546972 -0.21025372541933
-0.00457021858595759 0.016038618724436 -0.0443546034310026 0.127828009915499
-0.0131482956975075 0.0162936526256969 -0.22736723015164 -0.10892091953333
-0.00487843077616202 -0.0157093781807787 -0.199367447346389 -0.409100313113998
-0.0153268464309898 -0.0252822939832231 0.411909489253555 -0.446449545490787
-0.00420659464582858 -0.0326893481054226 0.833269878558374 0.162157138202623
-0.00209702570875985 -0.00632662887428522 0.406183454775317 0.79048972985316
-0.00789240541193072 -0.0308955413355899 -0.15406056882986 0.569839652171876
-0.00897037694670008 -0.0449318207364998 0.069017373903525 9.92488542687107E-05
-0.00785517720832475 -0.042355445319826 0.034278239960205 -0.627661111249282
-0.0202504285414701 -0.00936386548478584 -0.671950893474702 -0.621171198399215
-0.0241721348537347 0.0105721505601261 -0.832993382613314 0.282554061199735
-0.034124795664741 0.0184250787095947 -0.100974270806538 0.735624528691782
-0.00940283327182008 0.00980783913032942 0.361866045189144 0.387694149496007
-0.0026254144509003 0.0217741570751516 0.301120226984354 0.0161037051198513
-0.000337403209065572 0.0298941337439166 0.0588346235912978 -0.21346888066045
-0.000928416490908795 0.0194363834276859 -0.0499572451039105 0.12683858513855
-0.00747971213718551 0.0224566079187235 -0.224570389738426 -0.111195453791504
0.00223858604217277 -0.013360163543927 -0.181505758523363 -0.414299788809527
-0.0142674745419702 -0.0273725099321035 0.434524621228882 -0.435724759487928
0.00107984442105752 -0.0313408844688195 0.826093156860172 0.199965217872162
0.00407077457320833 0.00792603595111637 0.373050708480024 0.812257145594309
-0.0104995140707401 -0.0026145590673882 -0.167070338935718 0.563173033364041
-0.0177617779946181 -0.0153995166112324 0.0750921127911067 -0.00986895575511255
-0.0053108295850428 -0.0171809424717598 0.0194158380363477 -0.633882160526036
-0.00985015359904531 -0.000391196458913716 -0.693567144056316 -0.596146386253976
-0.0224180068859865 0.00807289421030513 -0.818290304959529 0.313990908534456
-0.0317992441572643 0.0171119859323454 -0.0715081959780002 0.732800839858233
-0.00334816459159065 0.0117113008392226 0.372377351603355 0.371383177749065
0.00325014250933746 0.0280708255347181 0.29993540179299 0.00725873171443196
0.00500583485329724 0.0321268356925893 0.0527654013751834 -0.215134157200284
0.00199532932937876 0.0223060090749394 -0.0537265030385134 0.126923436759747
-0.00405145979344641 0.0267197186287556 -0.222872215168836 -0.104834670912375
0.004852448813724 -0.00939551983793813 -0.177969953309629 -0.416317384350371
-0.0125981091965659 -0.0286263747546757 0.434472202787931 -0.445064458221413
0.0068366821006341 -0.0305479582992021 0.826857950542678 0.190127320204627
0.0133205128983499 0.0234888380227718 0.380968508098958 0.811285607669065
-0.0145590265598962 0.0266042513904468 -0.161242039466109 0.567206489093694
-0.0274276284250313 0.0163946898951535 0.0762908355122001 -0.00982473107933237
-0.00231035492914591 0.0103606336232348 0.0229391715098738 -0.634008373684557
0.00112174404115926 0.00624869206906116 -0.692074812313227 -0.598227818488552
-0.0172750293005119 0.00376989472705718 -0.825772193972484 0.310683479518487
-0.0316864144910684 0.0150617825576558 -0.0820041935053717 0.730816791588671
0.000232211388054109 0.0143163582903417 0.3724702598977 0.370215757405567
0.00838531919945733 0.0341540797805133 0.301404506178805 0.00891725553292362
0.0114313841152109 0.0327251018897035 0.048806359742104 -0.21223249654907
0.00615867731861323 0.0222120707870531 -0.0562363501488639 0.129839088324615
-0.00324026651956622 0.029087283328129 -0.223110862998798 -0.0929125239553453
0.0059258999532637 -0.00601306481449961 -0.192611625133246 -0.410436311923285
-0.0111064578365088 -0.0292166844094171 0.403946646415261 -0.474831765406293
0.0136593945794904 -0.0312678998351102 0.827420903171883 0.135361412911966
0.0226177191232993 0.0372338409743732 0.422788053900529 0.790093066058902
-0.0180230615025775 0.0528997429544235 -0.141841561801324 0.581107006436822
-0.0383010817173961 0.0436412519507884 0.0744454102282276 0.00472605997588097
-0.00246460775082211 0.0340132722650949 0.0445412708067482 -0.622387704104733
0.0125187671973118 0.0135271555333784 -0.669362730936436 -0.632249484394325
-0.00963839089106817 -0.00135518140279581 -0.853360610370869 0.261859450418206
-0.0289376619535396 0.0113499108332247 -0.123212742440755 0.723066881390095
0.00158047058741886 0.0183530431979154 0.360202604339397 0.384563675816944
0.00946467434610477 0.038254869182959 0.304866310758811 0.0221890737128062
0.016465405071597 0.0339981601911766 0.046242406236576 -0.206889278298613
-0.00662987431504626 0.00443887212302632 -0.0316499069133928 0.153469436862716
-0.0316927695942266 0.0038983812202266 -0.231843451985504 -0.0454812384085848
-0.0308715357615746 -0.00901914937471404 -0.33324855656293 -0.330939111882701
-0.0176961626723611 -0.0140630484340983 0.143127816667491 -0.58060230917105
-0.00469805844050038 -0.0315843437413328 0.767440970411332 -0.231687229348199
-0.00493275718615887 -0.0142002675676751 0.675225888671624 0.534003814445109
-0.0293332481233611 -0.0548408696476524 0.0116684924740968 0.636665216005753
-0.0140203199401438 -0.0799495193802667 0.0355179249471149 0.109568919053226
-0.00700233668008964 -0.083588950665658 0.169579562384035 -0.534283341853367
-0.0214567070551996 -0.0364768928164445 -0.406494895998768 -0.853289836386099
-0.0088262009597994 -0.00223181211193916 -0.937577932429798 -0.111506060268499
-0.0303308736807759 0.0164549274422012 -0.405888984450054 0.650214537889537
-0.0362879203496782 0.00543036504125737 0.238018555859425 0.500741149297963
-0.0306955295886397 0.00501220245478119 0.314678023117096 0.104735440083501
-0.00380422952405012 0.0196034136337766 0.0802674080737744 -0.190040792497375
-0.00842134396715008 0.00641799640475424 -0.0320866465833884 0.146380513507144
-0.029524008055224 0.00515879500117239 -0.234646609718491 -0.0660164387977087
-0.026918296145865 -0.0127142834417381 -0.305063304620317 -0.355509386255393
-0.0186849416459563 -0.0163809764173016 0.218406590939541 -0.554706344816118
-0.00795535266507777 -0.0309884846558268 0.805222246812154 -0.136003934797458
-0.0115265366558019 -0.0187462410573302 0.617410689764246 0.607262118052114
-0.0240599862352842 -0.0648437566232863 -0.0343989414571512 0.621728214173477
-0.00704693625574543 -0.0879086217358452 0.0434813149152431 0.079926187380719
-0.00756779849389206 -0.0881450351630106 0.134386502132248 -0.565897509793109
-0.0269845422589267 -0.0348120669237661 -0.493253916378396 -0.799977337038944
-0.0157166875421396 0.00306465432287315 -0.925096267320283 0.00706620192899181
-0.0316578360438464 0.0187026930108992 -0.319100394906277 0.690928751304614
-0.031356658178563 0.00534240943396047 0.278064435427642 0.476961540394582
-0.0248224341474617 0.00593633006276073 0.314312895004273 0.079286592786833
-0.00599584304659974 0.0203207507084811 0.0761309111019049 -0.197818718502634
-0.00875090581752878 0.00896307144086955 -0.0353325337715148 0.139263893830051
-0.025323208495755 0.00821428308009176 -0.23626115436879 -0.0845424687355299
-0.0204751579035053 -0.015712384862615 -0.271985007262297 -0.378007068612566
-0.0189692219199458 -0.0190509383524038 0.295700249923727 -0.521035199816437
-0.0107522245707508 -0.0324500050612183 0.830425165821191 -0.0256411948248483
-0.0129882124894207 -0.020326493493996 0.547635845802127 0.681243680762021
-0.0161916933958497 -0.0648423144160829 -0.081567880645751 0.606391416156444
-0.0045282156926977 -0.0845400268044825 0.0525208440565674 0.0490171671987888
-0.00891555590631454 -0.0825552523646344 0.0925082583022658 -0.595574832200821
-0.0281713869493334 -0.0291178626089348 -0.574866185448847 -0.734100589977911
-0.0203862613452323 0.00792250259266733 -0.896553978845698 0.126185708490134
-0.0338508254157477 0.0200760204778761 -0.227491635397953 0.721807692965852
-0.0250879089827341 0.006226156014164 0.318284470044431 0.445358874444071
-0.0181487043394011 0.0101308490856356 0.312416176942392 0.0511174226989196
-0.00554259897540773 0.0233676461987575 0.070193593245392 -0.206251640393817
-0.00739303895634929 0.0125198318718868 -0.0387825450600491 0.13250692689859
-0.0193325055456361 0.0121105798401814 -0.233494436776864 -0.0987717232955614
-0.0123025471275551 -0.0161525226003462 -0.233267943230046 -0.39436229309683
-0.0177930152879666 -0.0224945023652886 0.362462719896318 -0.482909481568859
-0.00919662694009149 -0.0325937455414545 0.839875152402849 0.0758686625594365
-0.00833329087325867 -0.0166589965221391 0.473590800666245 0.741999177654492
-0.0114475193300491 -0.0528348134082814 -0.121433855717671 0.587717709958375
-0.00555987869878483 -0.06818458015625 0.0614162751216231 0.0213136132851398
-0.00942102858585471 -0.0661671890220014 0.0551835622161419 -0.617318698611016
-0.026988769853042 -0.0196105277722967 -0.638845219456184 -0.670093654578856
-0.0243137402995951 0.0109885685068903 -0.862742576040175 0.226331602159174
-0.0329415152312667 0.0214855108586257 -0.14471281745072 0.73599839201883
-0.0172039773430917 0.00819956537300287 0.348761975130031 0.411340643164009
-0.00959130986706459 0.0162554334962871 0.307666808380667 0.028722157444402
-0.00287705339499689 0.0268436866366167 0.0632328359576731 -0.211715832225169
-0.00487162082551607 0.0169234581548212 -0.0440848107677302 0.129539828587877
-0.0128716356236539 0.017284676505782 -0.229538380445855 -0.107243980070227
-0.00492228152150845 -0.0158194670775859 -0.206331651689373 -0.406472357210151
-0.0168729637813786 -0.0265935242289589 0.410386310818422 -0.452906426339418
-0.00480605789059241 -0.0327556241148755 0.838646640195354 0.151910046590531
-0.00257743280172734 -0.00700708324837431 0.417667779792799 0.786707368112496
-0.00876955307980844 -0.0303257344362071 -0.149093581492347 0.573472741723223
-0.00984780815870291 -0.0433930339580421 0.0700991066427693 -0.000130366253779169
-0.00840816547563694 -0.0427357990519885 0.0246305176740083 -0.629460440646995
-0.0207866980062876 -0.00969347186866582 -0.682822133165252 -0.616433507918587
-0.0243019802245148 0.0102037361822959 -0.832911212029445 0.295984402592207
-0.0330626231927292 0.0201394805420574 -0.0881822616300592 0.739837103402218
-0.00933443164054769 0.00951220112981932 0.369810833789205 0.385156365641351
-0.0034193413118496 0.0224403096530326 0.304691672753054 0.0107948519998131
0.000323624954929993 0.0296318733283247 0.0562765867336781 -0.214911643399451
-0.000868275051742322 0.0189584508003368 -0.0488263309005485 0.12676659469312
-0.00818721341924149 0.0226358770080464 -0.227727415815414 -0.107404618449431
0.00223033483588762 -0.0132710476628811 -0.187264019151788 -0.413969548998164
-0.0141733178861223 -0.0273629413310474 0.434406243545208 -0.442793994256495
-0.000277277684357815 -0.0320029460639684 0.83298442987585 0.189703011925915
0.00510262886642627 0.00753539075866376 0.3879924522675 0.809786251657703
-0.0105949218998349 -0.00300592873108323 -0.160366836436275 0.567284544889363
-0.0181478636547859 -0.0149898510619301 0.0740470494174285 -0.0114309257598914
-0.00566333502181256 -0.0170073398362457 0.0116744723954267 -0.63487007198584
-0.0103469754692616 -0.00011147440726509 -0.704153517624371 -0.5890396667685
-0.0212967868065689 0.00814187892199654 -0.81791503278939 0.325870024676623
-0.0330536163154515 0.0186154854763875 -0.0628176047651498 0.73839858258053
-0.00335968518221985 0.0123744928568388 0.379496389282102 0.368266800916222
0.00374700882237642 0.0296481832049947 0.302832091778566 0.00222977118358112
0.00718930768213681 0.0318179726951465 0.0499320373191273 -0.216512430227436
0.00308833535252161 0.0220328681026289 -0.0522823184160745 0.128755789333898
-0.00399509844884826 0.0265781834669422 -0.226942236070211 -0.101190324183952
0.00547236262040232 -0.0089730813480637 -0.184410269889917 -0.412681849325349
-0.0123016274095486 -0.0286361574388866 0.432761238514626 -0.452374611514865
0.00638175519496645 -0.0305052428286877 0.83418089700815 0.180653454662959
0.0134054519692057 0.0235169671474005 0.392181249827757 0.810359739769201
-0.0147463204078031 0.0274147309368403 -0.155353158120008 0.572340450587371
-0.027590863269091 0.0168648020186197 0.0778911981724501 -0.0103828821306112
-0.00272454332223452 0.0105469305005853 0.0142763896427085 -0.634196305457201
0.00124687172068409 0.00659846558821013 -0.704009433248463 -0.590413486201698
-0.0164557484664579 0.00389561655359366 -0.826436513099143 0.32311575938818
-0.0311338925033044 0.0159622470382869 -0.0705947968471708 0.734826364080164
0.00112745114706314 0.0151571651448978 0.378058442153783 0.366340265968876
0.00830522385133868 0.0345828972182878 0.304257622812957 0.00486930432953325
0.0122720606188282 0.0336720205654045 0.0465245024545746 -0.214154946731943
0.00671241216557352 0.0222577617289091 -0.055403897278766 0.131121570265947
-0.00139940306627903 0.0293229242329584 -0.226033379407747 -0.0901791783460983
0.00633687439392912 -0.00546922370805043 -0.198152364324569 -0.408083259995855
-0.0106025244393175 -0.0284024332240685 0.401815777729085 -0.48364557947185
0.0128620791111232 -0.0320152805050764 0.835183449386876 0.126460920633856
0.0228951787992712 0.0361276197460752 0.43530665921961 0.788016522313907
-0.0176952098037497 0.0530544219721017 -0.134993824985072 0.584516626012288
-0.0371481717805745 0.0444106110656712 0.0747010792155978 0.00377685292646663
-0.00245047116409141 0.0339878971420861 0.0330471899979735 -0.624523220308608
0.0122034300751744 0.0143902380881242 -0.679921241520032 -0.625051459090511
-0.00908474385458359 -0.000896418567992611 -0.853169581783555 0.275533270185985
-0.0303859990951591 0.0118365041363199 -0.114752047847506 0.728679552346878
0.000503655522795844 0.0172871329749539 0.366548507291526 0.379208695263079
0.0117021753965282 0.0387893858928592 0.30808660950411 0.0168385004105284
0.0174353536120424 0.0335998942275747 0.0452654583700889 -0.207985344791587
-0.00576728066077433 0.00444057202321262 -0.0300937750339097 0.153758153911124
-0.0311409714204689 0.004894932816186 -0.234230488453415 -0.0419675716986743
-0.0311491869645775 -0.0079789874191937 -0.338196909364347 -0.325877888733353
-0.0183330408904386 -0.0135932912335347 0.135684112315247 -0.582159424048245
-0.004970026768618 -0.030870504844806 0.765923129217604 -0.243605251634064
-0.00481165125996151 -0.0142133912802654 0.685707284964457 0.527086889285043
-0.0298618071236803 -0.0543932651119606 0.0213923660470453 0.63708696310255
-0.0150868352964925 -0.0791018150604328 0.0366558375225445 0.108918243800408
-0.008269380220439 -0.0830464237127474 0.162166910399538 -0.539781010228138
-0.0223315217083558 -0.0368782622327586 -0.421800465366447 -0.851010807089155
-0.00878457780197845 -0.00224504755857548 -0.943380744383122 -0.0984618080331393
-0.0301496919502142 0.0171334061877619 -0.399118967123542 0.658126462482901
-0.036820469766177 0.00644261159973464 0.246300737495707 0.499097583850242
-0.0294336943819692 0.00635735225714897 0.319409950476796 0.0995543208006994
-0.00232246463273797 0.019356772294351 0.0786895705378372 -0.191127981420397
-0.00802368749226565 0.00573865123611422 -0.0305884577585233 0.145767456839988
-0.0297875555278196 0.00530343440664439 -0.236931154955546 -0.0623712726746527
-0.0265771994300974 -0.0121086757466372 -0.311324124605316 -0.350385834061972
-0.0190045638592203 -0.0164471394398674 0.211296809299788 -0.55888461350833
-0.00962374423595679 -0.0307667451960759 0.805755281556547 -0.147344719048067
-0.0115209858580143 -0.0189591103732872 0.629086129918354 0.60166589699624
-0.0255966928615385 -0.0649900535797404 -0.0259741892727811 0.625841499922296
-0.00776799228947319 -0.0875318583346762 0.0437772219586246 0.0793377506935138
-0.00955329534343345 -0.0882300687577471 0.1254130953365 -0.570324338866836
-0.0271073379244655 -0.0351913330620631 -0.50581695777937 -0.794347691427236
-0.0161929696721571 0.00297170026307164 -0.927514371170217 0.0196396880558044
-0.0324995251823637 0.0198839267595505 -0.310014870668495 0.6986692301233
-0.0318739989611541 0.00612438953198029 0.288758048249922 0.473478035472999
-0.0245150780405496 0.00774012011265604 0.317711371543785 0.0737577336123099
-0.00458694500212736 0.0213944469357299 0.0735973929772944 -0.199401235551301
-0.00916112005740533 0.00965828267325803 -0.0347154033617787 0.139335542627419
-0.0252132604050889 0.00857462756455905 -0.238263323729085 -0.080798983527244
-0.0203293341838815 -0.0148349427806586 -0.276585283546548 -0.37157060188661
-0.0196545455628831 -0.0194286932099988 0.289356106951991 -0.524737348241205
-0.0108484068728929 -0.0316229710074732 0.832269534048105 -0.0394116884127008
-0.0122418896030039 -0.0207462320891607 0.558718135468851 0.675790721595965
-0.0182945673175808 -0.0635979359312897 -0.0733964106297478 0.607513992740423
-0.00523682351538157 -0.083493405420098 0.0526579380343482 0.0485005791287099
-0.0110249862373061 -0.0812566536044291 0.0853835699422113 -0.597142361156162
-0.0299248861924247 -0.0292091105905618 -0.5885251100245 -0.728998571663763
-0.0203280920261126 0.00827035002306703 -0.897792221820624 0.140133403925069
-0.0325864993849082 0.0210343103096834 -0.216116663674672 0.726442728638404
-0.0246668132716739 0.00616665416221783 0.326135002985208 0.440814374295802
-0.0181275124782028 0.011071124484456 0.313866485323126 0.04706106169067
-0.00371719846545461 0.0237550107457742 0.0687582884019953 -0.206979272239242
-0.00740635175121907 0.0121710903952027 -0.0377738861408669 0.13308624294276
-0.0191738847103692 0.0133542570224649 -0.237353027670833 -0.0945015026604707
-0.0125768132096874 -0.0161180951612142 -0.240320558350546 -0.389952000290642
-0.0179621873147455 -0.0221563904041087 0.357776324393107 -0.489365248275943
-0.0101393162643379 -0.032488590487947 0.844396083690963 0.0622000782447521
-0.009282185833803 -0.0168836451424888 0.484633945186272 0.738228205971227
-0.0126082856540509 -0.0523008043766232 -0.113170528636702 0.589905287765337
-0.0060691958118057 -0.0684497215271474 0.0619612774219706 0.0195277651465559
-0.0117173426773706 -0.0662458609112256 0.0464325570786438 -0.615801705960211
-0.0273983242444285 -0.0192248485043504 -0.651796616735268 -0.660418512827805
-0.0228686640397929 0.0101950443353668 -0.860015980147917 0.240854626997811
-0.0336958583205482 0.0212977334695124 -0.134793564041958 0.741899482285
-0.0175275560044149 0.008044595571949 0.358478537073066 0.407792545438519
-0.00959907562204953 0.0169454343176356 0.310398243941649 0.023040862447305
-0.00244762030844202 0.0264801560692384 0.0602161626964243 -0.213519485290623
-0.00481667109150564 0.0170255042970246 -0.0421154128124512 0.129373359493629
-0.0127166307812871 0.0181684733005783 -0.23433711681209 -0.102175542958202
-0.00430610681850884 -0.0161877641866851 -0.210630544843806 -0.402351205198688
-0.0171310900849794 -0.0251130176571056 0.406272239006119 -0.461150411365007
-0.00612048283016673 -0.0330813776128076 0.844529512463822 0.139382891871063
-0.00244404881351412 -0.00689995263218045 0.430693935194165 0.783474786158755
-0.00921739234485182 -0.0308282218734016 -0.141470426154255 0.577261973855596
-0.0110344222533922 -0.0439977233696337 0.0691051051813932 -0.00182878415737656
-0.0101658210666581 -0.0425922708709088 0.0171469412511071 -0.631308358968013
-0.0208223021359728 -0.00956595763280327 -0.695208457483966 -0.607689871658344
-0.0236520201930456 0.0108424333572784 -0.829570404567279 0.308918108514933
-0.0327450218379513 0.0210510746865035 -0.077160179346549 0.744071181503004
-0.00926154899128554 0.00936389753443282 0.377704475040426 0.379626454768355
-0.00225194070260728 0.0231793613834386 0.306064297990139 0.00586269736712922
0.00219331323096521 0.029495321617591 0.0525307011573022 -0.217721658923337
-0.00106634924208179 0.0197089720175786 -0.0471819566111788 0.128298246136736
-0.00682052322624679 0.0235656975261295 -0.231179736954904 -0.103301732016218
0.00160690664444226 -0.0133057775577353 -0.193641433154378 -0.40771917858695
-0.0152962740577917 -0.0265312928899896 0.430742522112565 -0.450861040901079
-0.000289955392039127 -0.031584769484827 0.840770112760771 0.178046209085432
0.0047884420192488 0.00784450318498089 0.400972143894786 0.806483269577073
-0.0107153774357139 -0.00340139570205827 -0.154115541304632 0.571319815348596
-0.0174378000180924 -0.0135138296532537 0.0746762344902555 -0.0126358771633412
-0.00648778351323549 -0.0162379750524799 0.000922499418547141 -0.635416648860214
-0.0102971922802453 -0.00192261565270399 -0.715719377226169 -0.579715045961267
-0.0212609935456015 0.00846931587351472 -0.817051086016386 0.339045430292442
-0.0319246748628465 0.0184494362639686 -0.0496384518663121 0.741922685945363
-0.00310147706407178 0.0126632989135328 0.386028964229617 0.362478605985425
0.00491125471022244 0.0292258943657743 0.304586655580266 -0.00197818841133148
0.00746474511482235 0.0316742162924121 0.047960167233723 -0.216882383466951
0.00347173017256791 0.0212843375133066 -0.05220955177594 0.129151515016836
-0.00353875953011941 0.0275669646280945 -0.22981011779363 -0.09792524048026
0.00514891414892187 -0.0100162976917203 -0.189951483637783 -0.409302189345834
-0.0135902810055569 -0.0283992627259243 0.42777776176755 -0.460392508926876
0.00612596553393468 -0.0314658473782334 0.840655523655804 0.168321714565194
0.0136619069367429 0.0235772617792027 0.406246635577802 0.806288738121689
-0.0137129894511253 0.0264598624309873 -0.148020675324099 0.575214178512274
-0.0269588953470686 0.0183434624063425 0.0767409394726481 -0.0118726775228645
-0.00332823931155181 0.0106251998533358 0.00489468325876336 -0.635954360670734
0.000954950673128972 0.00622037771023315 -0.71653028626118 -0.582108584482924
-0.0166651120260789 0.00397728506182856 -0.824795071556873 0.338142335312477
-0.0314230214530061 0.0167853750651313 -0.0599619377635061 0.740378923434018
-0.000138609427973464 0.0151757583966937 0.387185829614593 0.362258217582959
0.0106757813341048 0.0357216017395453 0.305799622955976 -0.000790706057073332
0.0134139724632825 0.0333465463925722 0.0443584994294566 -0.214495011856677
0.00796038892275919 0.0212379267256637 -0.0540150074527826 0.132372138350267
-0.00125048927312903 0.0289675960794135 -0.228878991393683 -0.0853358380012495
0.0053748020097191 -0.00628583030605403 -0.204080250628928 -0.404382258109992
-0.0118246136936367 -0.0286768499260272 0.396438153056953 -0.490148937047334
0.0119549794543722 -0.031824067638568 0.839299914504264 0.114122838872715
0.023824523373589 0.0356259124382299 0.448708920340105 0.782509782040524
-0.0167432580727861 0.0529745214655062 -0.127386576654994 0.586708660001464
-0.036208969090646 0.0455513884275121 0.0763896688161429 0.0028846115927178
-0.0018157782912966 0.0346223729428173 0.0241740108729471 -0.626520495598789
0.0118189525380153 0.013064098295938 -0.690230451740842 -0.616939430155893
-0.00840045479997469 -0.000863311999093383 -0.852870444018292 0.288989299542229
-0.0291779111987143 0.0130406997945546 -0.102884687144128 0.733020238926894
0.00151629629474544 0.0186478298135776 0.375876952386319 0.375419766429727
0.012329870853192 0.0396384158672691 0.310727037385195 0.0112261455362033
0.0192760130512268 0.0329946546595129 0.0420628545700788 -0.209418429732856
-0.00575352037610048 0.00430547458242416 -0.0276191862951031 0.153474745253612
-0.0311518276292229 0.00513342903783134 -0.236652364260841 -0.0381144514341252
-0.0307094820732605 -0.00756270589379047 -0.343142298499844 -0.319038867195357
-0.0185569426249606 -0.0135261152208881 0.128311807894947 -0.585174686885389
-0.00538306963778669 -0.0310932415499616 0.765078734725385 -0.256391062197813
-0.00482041917878046 -0.014760127533942 0.693167260286807 0.517535115968157
-0.0311048680799927 -0.0539396390926862 0.0303663883538928 0.638178820203863
-0.0160453885820959 -0.0777097404833755 0.0387569818538494 0.109040977084916
-0.0102772200192653 -0.0823863647096885 0.153952562388644 -0.542036616802435
-0.0223441012900811 -0.0371372417472787 -0.435471059092581 -0.843608577542704
-0.0079079103917737 -0.00137030742384271 -0.945527934211868 -0.08535215066736
-0.0290070513986494 0.0179314495052387 -0.3895051833098 0.66611285090584
-0.0378247665866141 0.00701118954646745 0.255112210120223 0.497426849097553
-0.0290462232783118 0.00776616778551914 0.322042330374803 0.0946575258549405
-0.00217783757852016 0.0193846109315435 0.0762257357802405 -0.192654797738016
-0.00878513008576576 0.00708008515562571 -0.0298429717466294 0.146246574925291
-0.0290137467434892 0.00605543708218982 -0.238861536188038 -0.0584278131825035
-0.0272903860364576 -0.0113804821173986 -0.317013482951336 -0.343194066331262
-0.0198708769135984 -0.0153815353084128 0.204072779296032 -0.563213108898904
-0.0102961153640552 -0.0314432170923376 0.803753016455331 -0.160195016477612
-0.0119601148457037 -0.0192785024254372 0.638570634009179 0.59061640098898
-0.0268091114763873 -0.0640135495604863 -0.0162184188759673 0.624625693269328
-0.00974867810398812 -0.0866521710070319 0.0446711327403495 0.0787926794330737
-0.0113596380941495 -0.0884560548427082 0.117284873449531 -0.570742682709893
-0.0285930672241536 -0.0352903301733693 -0.518367245022552 -0.787216065448881
-0.0150209053186886 0.00230106882717169 -0.929143717394773 0.0341442538728239
-0.0315428475559417 0.0205236756674803 -0.299597498142115 0.704627388532262
-0.0328313685976797 0.00601529376422514 0.296331587655905 0.469603709601869
-0.0240294276197763 0.00870141269201395 0.320462171261571 0.0679119709959706
-0.00398182189610428 0.0208456186477678 0.0711516313937411 -0.200483882864628
-0.00836749475156974 0.00945789040948504 -0.0330245581863301 0.139885039325625
-0.0249212797109765 0.00949018932607904 -0.239855647572721 -0.0760767903067344
-0.0202300372112075 -0.0150637962583167 -0.28252175363884 -0.367657314032728
-0.0197310527898847 -0.0184118303125988 0.28280035094645 -0.531313029459886
-0.0114498098519846 -0.0319919081235226 0.83368115155464 -0.0515034272718344
-0.0122684640940138 -0.0209563769987926 0.569439902019729 0.667755127458415
-0.0193335932558479 -0.0634544971745661 -0.0642695011899728 0.610732876377964
-0.00624668146221731 -0.083245256507958 0.0539905516436245 0.0477915612635705
-0.0128098941390424 -0.0820942112244775 0.0779060848353937 -0.59923899489052
-0.0298622615536341 -0.0289785679660679 -0.599644435168312 -0.721118339978122
-0.0203532608281235 0.00759670434224426 -0.897333681430774 0.155920730697492
-0.033187993637909 0.0219704263871015 -0.206082335179518 0.732491676079517
-0.0251743499033635 0.00685729981554635 0.334357659105735 0.437844725869974
-0.0165541601303996 0.0122923703281764 0.316857401563551 0.0421385665498772
-0.00312703948120792 0.0235781066072357 0.0655880853873483 -0.208452451801704
-0.00688356727882475 0.0130611910282144 -0.0372277765983752 0.133842866771816
-0.0190211616632128 0.0134797699501005 -0.239279772417461 -0.0916018945399123
-0.0125691580253242 -0.0156874002904289 -0.247607372936297 -0.385057455782951
-0.0195582306244434 -0.0225654775063291 0.351523716554203 -0.495568194799698
-0.0106886861343739 -0.0324775462246977 0.847592703771525 0.0531972542731778
-0.00906435343051978 -0.0168246419642364 0.497439836203065 0.733066536890632
-0.0128170998801145 -0.0522707844164614 -0.106033255788202 0.593363294299885
-0.00740160856355714 -0.0676087980070248 0.0625768281120715 0.0190747910795952
-0.012799055033675 -0.0659412150371812 0.0379123877133017 -0.617785729730614
-0.0292127347957905 -0.0200286221551493 -0.661823663847925 -0.652538961441186
-0.0233484236714363 0.0105402676149575 -0.859135724081527 0.254366164823585
-0.0330833351276504 0.0214485727937535 -0.123195391265161 0.744587458996634
-0.0171315334611249 0.00800695230822238 0.366901067388683 0.401953566984688
-0.00888301215295669 0.0179162589749471 0.311801231771153 0.0182709743371423
-0.00116087034023005 0.0270805276190658 0.0575490718574498 -0.21456764598835
-0.00352463719537647 0.0166538693112847 -0.0412015154657636 0.129922081737218
-0.0126911369681058 0.0190362098837244 -0.235419345290959 -0.0992517599431563
-0.00465651229253104 -0.0159003781449735 -0.216828400866703 -0.398195419852379
-0.0177815026580685 -0.0255019779192807 0.400640686683917 -0.468225729883985
-0.00669484863149504 -0.0333520360544342 0.848639323118817 0.129118680875093
-0.00265117926333887 -0.00775934381037334 0.441343327699375 0.777281904853712
-0.00952889292917916 -0.0306236081071441 -0.131747924935164 0.579852863186726
-0.010567521557404 -0.0438759095041765 0.0695820464833043 -0.00298324321387124
-0.011447250735813 -0.0433413802279726 0.00640198339421871 -0.632867145850573
-0.0212514658617357 -0.00988599640965081 -0.704167181782434 -0.599091960631946
-0.0232052521694677 0.0113756309605416 -0.828302351614464 0.321113752021146
-0.0327769536153273 0.0220017541638887 -0.0656082728926382 0.749196307776424
-0.010317422159929 0.00935322681276859 0.386102384754348 0.373623356083865
-0.00126325546667728 0.0232654744415073 0.307918320016317 0.00187924692256007
0.0027477046478078 0.0287553919141868 0.0501442731792657 -0.218556700715911
-0.000103607177535255 0.0201269096811727 -0.046146652439313 0.129494343622746
-0.00664128731643057 0.0235426679376606 -0.233528363839453 -0.0988387730844214
0.00197217692400822 -0.0130679772435284 -0.198819213297661 -0.404327286277626
-0.015108541330287 -0.0263922625341127 0.426103459463613 -0.457220804160882
-0.00116972991139004 -0.0328889301472067 0.845082789832523 0.166444923461466
0.00500323354602103 0.00683104611478396 0.412732031699309 0.801025348393541
-0.0106314165851204 -0.00332216459338599 -0.144615130998418 0.572648787041874
-0.0174089217413541 -0.012583876504591 0.0751247324512158 -0.014656310719217
-0.00747800731841873 -0.0159889049573819 -0.00777288918654046 -0.635549187046213
-0.0115715426565858 -0.00126904935199858 -0.725937916928576 -0.568936156250969
-0.0218292199313457 0.00905051369632103 -0.811156917357253 0.352112971344993
-0.0318317263663005 0.0200323618311219 -0.0396364216552243 0.744910379749129
-0.00290512793184951 0.0123772588586852 0.39405662310421 0.357524813661433
0.00530941595811012 0.0302701802994714 0.305708272576629 -0.00685166976471438
0.00888648975565768 0.0307845040538446 0.0441323902081729 -0.219213599194135
0.00423459510207517 0.0218658780950243 -0.0499546005280416 0.130189535118702
-0.00230526437396844 0.0279796162959658 -0.232684419154881 -0.0943936885339451
0.00557237474348504 -0.0107662106888596 -0.196439956894802 -0.407289602062333
-0.0135277238053077 -0.0275945419260543 0.424067614124466 -0.468567872742121
0.0050568203574888 -0.0308701793003142 0.845359079310343 0.155712898224907
0.0138736398239529 0.0224505194034761 0.418970202198759 0.802088912331955
-0.0136614653851937 0.0274352387941637 -0.140094983569825 0.575746483420501
-0.0260970195629014 0.0188393939161939 0.076190717927859 -0.0129819453031975
-0.00366665576873169 0.0107904036591236 -0.00527409593027488 -0.635249671253502
0.000680446618662693 0.00561587170711705 -0.726281337400234 -0.572018082070228
-0.0160911567762874 0.0043474362103585 -0.820804842543734 0.348854365931026
-0.031516068155763 0.016164290587293 -0.0479795227022279 0.743219414124151
0.000121960386064639 0.0149245626114005 0.393218802874586 0.355800205523897
0.010433640837771 0.0352046692098073 0.307315023965464 -0.00458036461885378
0.0151487530593476 0.0323427124018295 0.0410795339787772 -0.21604641313795
0.00844073087074461 0.0212257110153704 -0.0518174608178068 0.133029342353643
-0.000698690878316052 0.0293174960106527 -0.230859410547574 -0.0823531787284817
0.00565850800875518 -0.00674023832611408 -0.208752446970267 -0.400336231583168
-0.0125779974259104 -0.0277287156245349 0.392241906207312 -0.495569434769335
0.0111662607777779 -0.0323726379586808 0.844478416083924 0.101970234043134
0.0243571871542759 0.0352898647034489 0.461854391705443 0.777248206723125
-0.0165460295634953 0.0537897482817462 -0.119335901745749 0.590046611292415
-0.0354820079479155 0.0467767009564819 0.0748123717254999 0.00179591447130442
-0.00235846381049641 0.0351276975339772 0.0158200880031844 -0.625690145446795
0.0116159839651965 0.0132370883344009 -0.702119195832148 -0.608658441390162
-0.00817009151204824 -0.00125184512518542 -0.847461745468252 0.301662310913169
-0.0296454064877528 0.0136272494406302 -0.0939060501274792 0.735783771777504
0.00074923525054648 0.017972833295084 0.381391372915522 0.368514306996716
0.0131972606796643 0.0401322169572561 0.311492032766187 0.00750779707785499
0.0199425585835513 0.0334588659098141 0.0385618795324147 -0.209564115194088
-0.00540896807151337 0.00538439741535146 -0.0263964792181354 0.152908918988256
-0.0315099011515075 0.00666827717351272 -0.237979499946455 -0.0339587999604765
-0.0311666427152475 -0.00778403327745567 -0.349593039755961 -0.311830007520549
-0.0185119843913437 -0.0130236220756858 0.121588221642562 -0.58605383998619
-0.0066624482911138 -0.031602500045124 0.75998013280428 -0.268697262863572
-0.00571884785772653 -0.01592562968266 0.699193708231808 0.505660604055172
-0.0316769269529139 -0.0531519685366816 0.0387254033444875 0.636749301712091
-0.017549408057597 -0.0776528397205861 0.0397661410577598 0.108115686015673
-0.0125072146728058 -0.0823440734387383 0.145936271902058 -0.542577924024765
-0.024663688138139 -0.0374744693111257 -0.448466518016038 -0.837324564674066
-0.0076398872941956 -0.00131155934738043 -0.947270349361829 -0.0707107592193757
-0.0291386506630691 0.0178555222282492 -0.378951944207431 0.671998697139803
-0.0380265231496517 0.007706420631158 0.263330817379438 0.492991961101311
-0.0287249588215039 0.00816345007556267 0.324273721898429 0.0895926882077631
0.000647246209429384 0.0193875840126525 0.0737258145722681 -0.194747272896601
-0.00719209559314458 0.00706851073921517 -0.0277997777767628 0.14561059489764
-0.0286728711572899 0.0067312821148919 -0.241235337853619 -0.0539604279329557
-0.0269048332933163 -0.0104933069240957 -0.322157122272387 -0.33640581215815
-0.0202961174063877 -0.0146351246887503 0.197789503959721 -0.564303099585468
-0.0107837982856123 -0.0309709845889809 0.803735250130188 -0.170880955899354
-0.0120795541898457 -0.0198895309387534 0.645887006745115 0.580900876748425
-0.0271243923115718 -0.0633509598378686 -0.00728030877519429 0.624079744956279
-0.0100039022394619 -0.086146045951394 0.0462351303311371 0.0781506194503587
-0.0133084089547502 -0.0873414162990003 0.108131568818338 -0.572278364791804
-0.0297634484241492 -0.0350710127253853 -0.529706675390318 -0.778245782909698
-0.0156531879875973 0.00327170416990696 -0.927443171861949 0.0487405375762855
-0.0324713805649469 0.0210545963337007 -0.290539378244519 0.709667954505929
-0.0326120844228693 0.00631495323557805 0.304150591746411 0.464447161612865
-0.0235519889493124 0.00923223733231405 0.32157238063145 0.0642945662612984
-0.00318120373508345 0.0206984591372981 0.0688033069632177 -0.201267013843138
-0.00713423166348174 0.0094262743029474 -0.0313765831565834 0.140444949283115
-0.0244005942341365 0.0097724817999965 -0.243830658852959 -0.0703512869545556
-0.0204786899151252 -0.0137438454925645 -0.287172668724621 -0.36050486681393
-0.0200836734106832 -0.017853621615042 0.275547404899564 -0.534087326661992
-0.012516669326052 -0.032699030948158 0.832493840855002 -0.0654622767474251
-0.0128790305352149 -0.0206855823763547 0.576041852686396 0.659288498919783
-0.0202295155481182 -0.0637917373228198 -0.0558106901715097 0.610859049267176
-0.00725527254087062 -0.0823997791457154 0.0549798779005389 0.0470653914950379
-0.0144963072994261 -0.0817226655029138 0.067974746899054 -0.597588934369228
-0.0310283577262139 -0.0284418716540808 -0.609335769526931 -0.711861963000387
-0.0194081303585233 0.00763232926059411 -0.894742501863858 0.167718025350995
-0.0330778758360557 0.0223177117337932 -0.196914146978848 0.737337711011338
-0.0255116862811854 0.00804160282137271 0.342042317204178 0.432237041853206
-0.017365129329602 0.0131792342400706 0.318410725961026 0.0368048669516713
-0.00269945323418502 0.0229455525901898 0.0626928833379455 -0.20970313753289
-0.00645404237689683 0.0127163278501067 -0.0354589679009895 0.133745614502544
-0.0181018610710499 0.0144056614344825 -0.241811129821779 -0.0862193577389954
-0.0128025161886686 -0.0162996997841513 -0.252696752785849 -0.379390722743956
-0.0200584348249971 -0.0221170994659774 0.346004724351682 -0.499296345343714
-0.0113985201438966 -0.0325923292198841 0.848613092258528 0.0398710149496228
-0.00893897411348861 -0.0175963038677761 0.507155545458127 0.724376293941122
-0.0132051808699037 -0.0515884883105505 -0.0965245059322623 0.592768819056207
-0.0087524679576951 -0.0675861999543085 0.0629758113880023 0.0165524924875316
-0.0153985266766239 -0.0651955617352643 0.0264639125563965 -0.618196488511688
-0.0292348980183911 -0.0182364144558049 -0.66976405457024 -0.640181412099323
-0.0216053695027646 0.0109877409052064 -0.854917815185758 0.266116877428829
-0.0321394588086124 0.0218588434101432 -0.113006407025303 0.746794469361239
-0.0172656420084224 0.00822352515319756 0.372756109859426 0.397535630543702
-0.0090375842208836 0.0182106455343462 0.31359639779697 0.0140933826718738
0.000195410530182235 0.0262511906125359 0.0545295907321991 -0.215314431190746
-0.00265405397875681 0.0166266392290829 -0.0396529882752139 0.130143937109264
-0.0121472613353364 0.0191442209556838 -0.238782671718132 -0.0941891341814726
-0.00468970371116345 -0.0151343623863831 -0.222533885724955 -0.39233996475815
-0.0188096580862388 -0.024523119921841 0.394469916428323 -0.47399468333181
-0.00794488590525367 -0.0328843706701543 0.850821970158107 0.115579457973444
-0.00324254791154383 -0.00743606989991206 0.453034650501425 0.77275733052272
-0.0103667256942323 -0.0298706733843407 -0.12540014862437 0.580967829866207
-0.010788313350736 -0.0419958415329045 0.06884619971424 -0.00460938423148445
-0.0131300614263571 -0.04243939652403 -0.0022075341488747 -0.628682348428137
-0.0224762134313749 -0.00990909738767338 -0.714118954990374 -0.589219028841356
-0.0233378886582831 0.0114160136110501 -0.823522580364777 0.334017369519113
-0.0321452797953879 0.0226614292687375 -0.0547788224724427 0.750182021701836
-0.00936604297767321 0.0101453154564606 0.391072849582976 0.367137803277428
-0.000890377055556989 0.0244001612031614 0.308960502894813 -0.0041499241393165
0.00492069126327428 0.0288225592853601 0.0474486465570407 -0.219028853065848
-0.000203911545938809 0.0198202521981846 -0.0453071920715235 0.12944649439335
-0.00544215371242813 0.0230505683489574 -0.235313206047334 -0.0961057884994851
0.00123320684786831 -0.0129837399816335 -0.203065723654624 -0.400148330217138
-0.016111632547423 -0.0266343161154222 0.420534722412788 -0.464301977493719
-0.00118188473983188 -0.0318824337031604 0.847269610484524 0.153530447069524
0.00550865443952085 0.00629982470909745 0.423985356300472 0.794934329552776
-0.0109369823079878 -0.00244521888886435 -0.137445480760247 0.573433438235372
-0.0172606428763004 -0.0122322923584919 0.0748702735572732 -0.0151423888330302
-0.00809247193023101 -0.0152727015861916 -0.0173894678469758 -0.633906722613377
-0.0119040946797903 -0.00161476922124706 -0.732405979935546 -0.56015376195418
-0.0202313382151722 0.00882342479716121 -0.806821600070583 0.36538600398699
-0.0321983188841462 0.0194532891927767 -0.0267096367036678 0.744507765581314
-0.00351979003708257 0.0122438298433458 0.398896073049636 0.350483315749196
0.00643613826332731 0.0309003405064189 0.306638033276137 -0.0123819697812979
0.00994191588481384 0.030993967553813 0.0425806034597477 -0.218790025434024
0.00513265870527465 0.021360130496905 -0.0489983090879028 0.130160804092598
-0.00219728334182177 0.0274197229398202 -0.233754380987379 -0.0894847729076477
0.0054255875315331 -0.00920864060511588 -0.199565177816823 -0.401577991204596
-0.0143027412309573 -0.027527987921347 0.418494543350927 -0.474855373815159
0.0046188772788589 -0.031612745496521 0.847751479707819 0.141558899189382
0.0144463277912192 0.0215663113111794 0.429902020045203 0.795345809665139
-0.0144973983185771 0.0282540652414402 -0.132139949167739 0.577500349558951
-0.0256698991124278 0.0202052198398661 0.0761681580420848 -0.016235926969811
-0.00387982665199505 0.0124520588005885 -0.0139572300051857 -0.636936608771933
0.00102205263908892 0.00525188360640619 -0.732859937079715 -0.560717989288893
-0.0159404234748578 0.00455055857224416 -0.814265006759008 0.361823747974611
-0.0308172948347038 0.016901921486406 -0.0358606133084363 0.74374399456568
-5.89905480256718E-05 0.0164713459256456 0.398208322920811 0.349235263315854
0.0127446196514055 0.0355808261821293 0.307195467345981 -0.0101380036582817
0.0153098902391066 0.0317952617035521 0.037890136718624 -0.216252414080263
0.00868321094754173 0.022038421872525 -0.051846083089183 0.132616424323474
0.000919903835152529 0.0294237686928614 -0.232391796513701 -0.0780800357298201
0.00653644860458256 -0.00703747223402293 -0.21342704925361 -0.397523502885356
-0.0124470167124782 -0.027927780133086 0.385998931448938 -0.504189696840035
0.0108282751092753 -0.0324078662227326 0.843805655190961 0.0902792894439211
0.0247479084231954 0.0351791147746007 0.472754479211733 0.771999718763631
-0.0144125553853668 0.0531666395108985 -0.110715609111273 0.58977486461551
-0.0341771883306508 0.0470346479278928 0.0746299508014199 -0.000736156216847254
-0.00198693343943581 0.0356494453079984 0.00663631970585877 -0.62573490960135
0.0118914482236006 0.0116294528496454 -0.710879700599113 -0.59693604634908
-0.00749185063556125 -0.000734537336387904 -0.844535595059461 0.314373965009175
-0.0285443825021553 0.0142339079886047 -0.0795150151532532 0.739311504019229
0.000776465132764144 0.018261542223304 0.387774512607921 0.364106481363562
0.0144108428063684 0.0406269737248792 0.312144587769643 0.00302312801922484
0.0214526850462242 0.0322095447907532 0.0353990353337523 -0.210904351490797
-0.00508762232232835 0.00495167360924128 -0.0240946505163042 0.153783916778742
-0.0305996897093552 0.00694283546955344 -0.238383951940473 -0.0297573241689729
-0.030558867444395 -0.00612820406084294 -0.352154075505009 -0.305491330743181
-0.0193099933502537 -0.0120667720877885 0.111957769773191 -0.586116513950644
-0.00738422423675308 -0.0312996641968962 0.755644740242233 -0.277815983463829
-0.0055046329213018 -0.0149018537942226 0.704953260389931 0.495534988838894
-0.0327684450115517 -0.0517668070410176 0.0496294290715111 0.634990581868938
-0.0170379625316908 -0.0766499123806407 0.0406344100740358 0.10618820791303
-0.0144566565397954 -0.0817568427779449 0.137076382908085 -0.540579727767518
-0.0247743041237795 -0.036876763038715 -0.457304953059456 -0.829654137560787
-0.00826942074511045 -0.00247619048857371 -0.947886311967294 -0.0584579886189613
-0.0292950134487365 0.018799459643185 -0.366435235905336 0.678835810717436
-0.0385765065274573 0.00823124739821246 0.269421892457007 0.488223827206534
-0.0278710662578082 0.00959145082755516 0.325224959844019 0.0844391454973396
0.000441331545034946 0.0193486983596319 0.0711452899124192 -0.193673219686791
-0.007725455595218 0.00675747715374976 -0.0257718538718961 0.145832665411502
-0.0282838346149937 0.00804936910639264 -0.241885607892626 -0.0492091715044668
-0.0265652688275557 -0.0102988177855104 -0.326047458134839 -0.328950501657243
-0.020640957552576 -0.0139622861908761 0.189262114516393 -0.566840042552885
-0.0112200921512075 -0.0315234761559939 0.801015113535823 -0.183255513212595
-0.0122103572918232 -0.0194046817923355 0.650677149315163 0.571565771203361
-0.028225206758113 -0.063313762333629 0.000771335870263681 0.622632686809969
-0.0117765196304622 -0.0855836176091123 0.0484400587011558 0.0776634324651561
-0.0142972890416111 -0.0877928580610232 0.0988416765008187 -0.569849661574096
-0.0301897836865447 -0.0343372455250254 -0.540257565346664 -0.769640306687445
-0.0143895642210584 0.00202432034212008 -0.926083854118865 0.0620443262171535
-0.0312011428324159 0.021264658391706 -0.277890046661189 0.714729279314156
-0.0330438558621872 0.00731298154924254 0.309720499574386 0.460720765997315
-0.0230647455591551 0.0112475004267311 0.323792022645033 0.0588619803571785
-0.0012202739532632 0.0203426344437558 0.0663865292523913 -0.201830165598491
-0.00732575654928328 0.0103091141894787 -0.029467323510845 0.140329681472579
-0.02295806958613 0.0106649374638297 -0.243299105422765 -0.0672838137570969
-0.0205237810144596 -0.0141678263915871 -0.292537531299597 -0.353933031491544
-0.0205733789679529 -0.0175437390976502 0.269410531151366 -0.537300604615158
-0.0128186456531433 -0.0318932936171982 0.830588095699108 -0.0761756369168562
-0.0131251510890921 -0.0202226410371904 0.585056202861978 0.649300649516747
-0.0207591416665955 -0.0622491174168836 -0.0476855678749527 0.610026747381025
-0.00820646243817754 -0.0809178934302348 0.0541554334028838 0.045042253785641
-0.0167613584701188 -0.0811253742611328 0.0601570512685734 -0.596998267859037
-0.0320873476829519 -0.0279809704341524 -0.617112943209174 -0.701278115320099
-0.0196395644605417 0.00830420513886787 -0.890301746210547 0.180973753374132
-0.0321286490414267 0.0232875042667601 -0.183756409294881 0.73917523190711
-0.0251437081543076 0.00778000659012258 0.348529010098174 0.425016297419714
-0.0161936351382929 0.0136422771641733 0.319198281836239 0.0316430680644585
-0.00175401965950231 0.0229728572580622 0.0599561187851963 -0.210388385315343
-0.00662965233117728 0.0132987632118859 -0.0339487416779525 0.133857395076225
-0.0172063134666634 0.0142308515528353 -0.243762641011069 -0.0829947756032853
-0.0125032214116244 -0.0162293352521342 -0.255721804291233 -0.374633876201806
-0.0197606861490894 -0.0201962246908824 0.340990781735021 -0.504678151238409
-0.0118243284367918 -0.0320246072856819 0.847584997908788 0.028097685871645
-0.0103223538563547 -0.0181291359014582 0.516491988684281 0.715655679113193
-0.0147152056970676 -0.0525736603266671 -0.0891180968300644 0.592064965934286
-0.00833756894289022 -0.065467730070161 0.0620607794196274 0.0167135201334628
-0.0164649979412156 -0.0647720001815246 0.0184217245381896 -0.615154091575676
-0.0301312173338899 -0.0192165405268614 -0.678851815504885 -0.633660941629796
-0.0220860894225142 0.0111711729217937 -0.850501076598766 0.279526754915231
-0.0315461340111772 0.0237180948582485 -0.100250819278095 0.747881717712242
-0.0177324330820351 0.00926245835658998 0.377080455386349 0.390268416318333
-0.00802926707951825 0.0184854267372078 0.313761440091052 0.00782517692434979
0.00111260216688749 0.0260202292960499 0.0517903575388983 -0.215314775891073
-0.00270814769145247 0.0163576248716874 -0.0379978126602973 0.130278595576142
-0.0107561818172935 0.0188660330483926 -0.240062155492241 -0.089886380705969
-0.00467939226340207 -0.0158112567221905 -0.225371758979499 -0.387649394266576
-0.0187447765092969 -0.0240904090470344 0.389065566382579 -0.479165684747752
-0.00879792384506336 -0.0322043339065982 0.851107082518023 0.102522369424693
-0.00320865468653826 -0.00827708858713598 0.462707207516084 0.762622967009476
-0.0117433277851233 -0.0293218251336308 -0.116208695041512 0.580906260287749
-0.0120226106149696 -0.0406482727434344 0.0688310683969477 -0.00592233663284207
-0.0141329649676301 -0.0416556436891488 -0.010347106768799 -0.628622954548588
-0.0224516319385449 -0.0099076629889975 -0.721727460484573 -0.57551310107411
-0.0218795336540578 0.0110822135407192 -0.816538155252494 0.346185583248924
-0.0320203248109506 0.0226982624515234 -0.0417826412108921 0.7485959068522
-0.0107531168314968 0.010910268438718 0.396889362896918 0.36091903044618
0.00077914987323777 0.0248559635314646 0.309081113847716 -0.00906695752875427
0.00567058244562143 0.0289111289373377 0.0444863018689209 -0.219969898973261
0.000988101072030012 0.0196750703622442 -0.0436836950006067 0.129082839610339
-0.00482646517371585 0.0237119698301611 -0.236836616868279 -0.0906280384533147
0.00170228750325446 -0.0135834638716364 -0.208222515802602 -0.396157249950044
-0.0167098430093001 -0.0258395761544141 0.413752279124215 -0.469831041452245
-0.00247110171274721 -0.0315445273492218 0.84948525535757 0.141383136185059
0.00446579391607637 0.00569919583988682 0.434974407549019 0.786101639609636
-0.0105782052349383 -0.00316246125550386 -0.128992772120514 0.575136145613283
-0.0176100398362362 -0.0108115659990883 0.0746044744314456 -0.0163268111513414
-0.00896206180217296 -0.0145860616072495 -0.0274756750952544 -0.633084775940936
-0.012564938197042 -0.00238683839638268 -0.74068904518076 -0.548006191226743
-0.0197142900778315 0.00886812424254895 -0.79992346955748 0.37499821040428
-0.031514468794827 0.0204422380173965 -0.016113595673066 0.745537978911985
-0.00328756294113369 0.012668438339373 0.404873346417373 0.345435222182957
0.00784671317018099 0.0303990461050996 0.305920976334804 -0.0167181378660361
0.0112070191117245 0.0307543921092089 0.0385468350739225 -0.219514935282057
0.00525705392835608 0.0212636219460924 -0.0478787196090373 0.130578428332139
-0.00118714506660509 0.0267876822733389 -0.234555791422917 -0.0854990190736693
0.00431510751612315 -0.0105379489644486 -0.204547946289373 -0.397804062262131
-0.0146297578709875 -0.0263560027860188 0.411703158468257 -0.4786989475023
0.00435162154775116 -0.0310796169035401 0.848405594932595 0.132164552886322
0.013124833795702 0.0206496667516345 0.440960660979775 0.789207969604683
-0.0131725635531719 0.0267822784072717 -0.124372252611257 0.578580678012778
-0.02466150905376 0.0202279428242111 0.0750480805302582 -0.0151126108144986
-0.00414191343595659 0.011839409512294 -0.0228498128928484 -0.631624171633387
-0.000576202130032533 0.00539384472795549 -0.740827754792029 -0.549393827934053
-0.0154250642748434 0.00394125630172044 -0.808984509883907 0.372688043593022
-0.0300344425902849 0.0182932027681815 -0.0242608915382709 0.744548300380237
0.000852147306930066 0.0155495572930656 0.405994495988384 0.343671316590466
0.013044087404105 0.036173653014985 0.307356240620821 -0.0145735884919633
0.0172907953464806 0.0309366852449544 0.0346184946566522 -0.216174951965155
0.00899447776853905 0.0210312291247787 -0.050797866954755 0.134254586112493
0.00119841161262448 0.0294216907986179 -0.233328434889146 -0.0736345109634186
0.0052439763107428 -0.0069349771173065 -0.217458171699699 -0.39160705562263
-0.0133333659630036 -0.0260161016092227 0.380171396363886 -0.509893835618538
0.0095857683464842 -0.0320986055080229 0.845063827286745 0.0779083198611325
0.0251623088453503 0.0340862796819477 0.48151890376205 0.762920511161062
-0.0150261062964656 0.0542663088895559 -0.103834135003017 0.58937842085952
-0.033783867512287 0.0482343674962783 0.074875519637471 -0.00175820679390814
-0.00177000772425078 0.03607201335993 -0.00142765588075391 -0.623215760698366
0.0111785262467705 0.0115684401790692 -0.716392150343124 -0.587768990339583
-0.00760182104274743 -0.00179828176169766 -0.839056775670686 0.326238858933402
-0.0281894589035158 0.0147702756181503 -0.0687176271848775 0.738094058016266
0.0018573422037381 0.0188612941764219 0.392563284361874 0.356844939318924
0.0162266605927318 0.0398631818559912 0.311849809900415 -0.00248476397120021
0.0221696498980919 0.0311174385363349 0.0339287612182468 -0.210154222389693
-0.00431657365027167 0.00498661388458017 -0.0229801284036181 0.152011798135038
-0.029516414749554 0.00796745790261268 -0.239409451364303 -0.025885014319458
-0.0306776011836772 -0.00591586292303209 -0.353529002550079 -0.297323703259548
-0.0197251622200313 -0.0110522927580222 0.106669757780168 -0.586045335120376
-0.00708024324451932 -0.0308332274714121 0.748522833111677 -0.288555818365156
-0.00561631132318721 -0.0156346775021011 0.709377206895933 0.483410018443642
-0.0332540283034309 -0.0519802509156695 0.0542741307760028 0.630669988944698
-0.0171119541109707 -0.0754193722732205 0.0423391578039742 0.106057130257923
-0.0162048895098609 -0.0809815461293856 0.12846476037021 -0.541408625597229
-0.0255133468026362 -0.0362768269565429 -0.466428682212319 -0.821923305115279
-0.00774179378090648 -0.00278233931579051 -0.943997956029226 -0.0432914397607608
-0.0284676503911045 0.0194485429731129 -0.356873166712265 0.680360177506734
-0.0383559724350611 0.00883928556805713 0.276598160792894 0.482822825822493
-0.0275224949078081 0.00926513531289629 0.326839446789833 0.0787357761062288
0.00146108421372287 0.0188384091723413 0.0696276631874999 -0.19453637404055
-0.00704563393167492 0.00692130035735687 -0.0249376800312848 0.145868363538355
-0.0276009182181931 0.00884830549828671 -0.243328203219809 -0.0445328175186665
-0.0270689612872099 -0.0100626822113805 -0.328619999819974 -0.323143520195829
-0.0210617790589162 -0.0133229050892329 0.183478967007819 -0.567817342878524
-0.0119361754621556 -0.0300326096025997 0.795944305056367 -0.191493739836589
-0.0118820594003801 -0.0199079173364117 0.657477083569184 0.561707925644679
-0.0302921121947534 -0.0622679750726771 0.00852260480891129 0.619521400435561
-0.0121431167759269 -0.0840622694723615 0.0480966042665884 0.0752448398168539
-0.017010289869392 -0.0859533365265306 0.09079833149718 -0.569472744826547
-0.0309543170578573 -0.0352409404732767 -0.549572698620602 -0.760192700154115
-0.0145973238665316 0.0027860308348956 -0.922324923436789 0.0739442209933785
-0.0307140886744387 0.0221673934770335 -0.26733100816513 0.715475578895603
-0.0322490643602732 0.00837177535019363 0.316223437316018 0.453409393592806
-0.0219892257593575 0.0112852918109599 0.324206038665352 0.0525238647476778
-0.000323564240003148 0.0211863734496919 0.0638328969254086 -0.202740508881942
-0.00732428051309296 0.0100665969492384 -0.0277899458562001 0.139574581514811
-0.0236086751585677 0.0107868791569329 -0.244971674292747 -0.0629118380465132
-0.0207223856879486 -0.013789655277957 -0.294699383165545 -0.348335660752962
-0.0213495000536649 -0.0167072097310726 0.263032115509702 -0.538434297403671
-0.0130767313581682 -0.0312083601698037 0.827593792087233 -0.0867411583750457
-0.0135986353452269 -0.0216307799978435 0.591465722337185 0.639456125191503
-0.0220074285262049 -0.0620552168613138 -0.0405899230110619 0.606477584053804
-0.00886119369571637 -0.0803273286534847 0.0556426800459717 0.0446921922757986
-0.017809675605787 -0.0796659012772609 0.0503704094846573 -0.593572001245819
-0.0326725938358647 -0.0282183292856179 -0.625573500291514 -0.689780768176863
-0.0193812054720796 0.00698476154835464 -0.884806363130827 0.192390832638734
-0.0307266442496964 0.0239618703463808 -0.172232343202285 0.7403817503053
-0.025648690971735 0.00779575015756356 0.354684462069359 0.420073908787098
-0.0150795295611431 0.0140972185335305 0.319270701350129 0.0269564894572931
-0.00034870312299904 0.0233574054473881 0.0571576746605794 -0.21025699595418
-0.00586765156703398 0.0133547150789452 -0.0312503568105049 0.134156705121977
-0.0167835795976742 0.0144524901141236 -0.243460389282092 -0.0769177900279415
-0.0122050779918602 -0.015659210867949 -0.259671066066098 -0.366868942326997
-0.0205440733438363 -0.020854451571527 0.3328425717031 -0.50747863879616
-0.0127517077597109 -0.0320307974100352 0.846506846686349 0.0145875213362725
-0.00987691288712201 -0.0175140641115997 0.524297143679391 0.7060205175053
-0.0155148780906608 -0.0518551890433015 -0.0811144312367395 0.591701267124372
-0.00807205508573738 -0.0655023764092815 0.0622597799115685 0.0159150682129311
-0.0180170042665183 -0.0636919320266244 0.0104654178996239 -0.61333001382853
-0.0300109390901854 -0.0189975932371657 -0.68449061063823 -0.61971560771121
-0.0216132025728662 0.0114614106970283 -0.84382471171907 0.289538707146533
-0.032387921209687 0.0244907096147605 -0.0894406353310645 0.747433184068325
-0.0177960325750801 0.00954303600662881 0.382801159442312 0.384740560268919
-0.00723423697416942 0.0193871893381354 0.314234969195498 0.00362862640903361
0.00224934731151352 0.026474812729479 0.0498875354956401 -0.214959063965667
-0.00258093583938143 0.0166974499285561 -0.0374365815963716 0.129952658166883
-0.0102908294762179 0.0184486164043663 -0.240974198556158 -0.0850768215233306
-0.00510078318377993 -0.0153190862935622 -0.229286296835451 -0.38206931422986
-0.0184807806476377 -0.0232763998633591 0.383109697646585 -0.481452377282171
-0.00855795587251668 -0.0323292746327256 0.851001402139748 0.0916129157668497
-0.00395243324027234 -0.00875958253164526 0.470348971086398 0.753748226928598
-0.0115308801668994 -0.0296246202701038 -0.107245603937254 0.578987950522729
-0.011497426502014 -0.0405179028135639 0.0691546311451738 -0.00620376184234068
-0.0137820914141854 -0.0408631490689192 -0.0191186168024889 -0.626153693577351
-0.0225804055251415 -0.00988855006759747 -0.726014194640996 -0.563533613650507
-0.02133005244494 0.0109840320461268 -0.810069767606557 0.355639680916612
-0.031044379362793 0.0233036787449435 -0.032389809089023 0.748022075333125
-0.00968413738016845 0.00930844472099721 0.400611354464002 0.354952178019889
0.00108599587040809 0.0248219022169462 0.309056747185802 -0.0132391873352351
0.00530604585432326 0.0286705684803616 0.0428216885037772 -0.218943502175027
0.00145758168410956 0.0193776083235676 -0.0420718349000409 0.128274177542069
-0.00394975639135493 0.0242244972624129 -0.237009292397265 -0.0870532996464067
0.00172278868219331 -0.0137450533751759 -0.209790346671661 -0.388068777988852
-0.0163974368663755 -0.02512928819301 0.409186066367782 -0.472990716445489
-0.00325259492054919 -0.0325313765823201 0.84861415116008 0.127110523531641
0.00542577937530334 0.00509440816438651 0.441891209204322 0.779259970134176
-0.0110269461742188 -0.00195032397233989 -0.123313425458442 0.5739511934968
-0.0167110427696118 -0.0108908804805242 0.0728716508315683 -0.0174022150436106
-0.00959564709485594 -0.0152631485398124 -0.0348719357103642 -0.628658538500272
-0.0129464679697534 -0.00222299906174169 -0.7451258938755 -0.535564084857938
-0.0197964845788218 0.00820128004481539 -0.794788100153636 0.385767892323627
-0.0313149176181535 0.0211437308932902 -0.00376167580078512 0.745155409215407
-0.00384447749563431 0.0123019837875793 0.409613669076481 0.337311556203881
0.00905902346798511 0.0309475793738114 0.305899356504674 -0.0217290602120731
0.0118332434686995 0.0295044083489669 0.0362068544134452 -0.218956334232591
0.00531449389416115 0.0204913379624597 -0.0476915718791668 0.13095239090484
-0.000513685220744297 0.0275681545571788 -0.235043494064194 -0.0809118011900067
0.00523192767986566 -0.0103778293748432 -0.207520397566792 -0.391360540000792
-0.0146689737827813 -0.0265740066671562 0.405747256417331 -0.484571938600274
0.00339392735437842 -0.0313172073286359 0.849246168036344 0.119413072863479
0.0146571425495429 0.0202065702737151 0.448021597565194 0.777983070026143
-0.0126884479150746 0.0265888292885657 -0.116275635753491 0.576937223553093
-0.0245756426630969 0.0204157135106579 0.0758929491719588 -0.0159568497192979
-0.00493419068421902 0.0125118008084276 -0.031301223013846 -0.626899324526489
-0.00176140830446092 0.00475353612636911 -0.74503750022203 -0.536844181989858
-0.0150477175841955 0.00354731443217046 -0.801209390878087 0.381400114327118
-0.0303304459628694 0.0186380850323579 -0.0133059068036079 0.743234043307956
-6.28984342355855E-05 0.0151052824290963 0.408456347800575 0.337359402728228
0.0145376243793199 0.0355779261695718 0.307120479531025 -0.0189814527366867
0.0182831980752721 0.029871306994164 0.0326503759923576 -0.215263234301022
0.00955078143011306 0.0206355528361014 -0.0484572725818367 0.132889648811565
0.00157698017980633 0.0301832047483411 -0.233681999063415 -0.0697822311831728
0.0059945252340233 -0.00721082463682518 -0.220769924755131 -0.386408423548226
-0.0136575862567331 -0.0265036132325026 0.373239208427956 -0.513314017772418
0.00988206166522016 -0.0318571914108045 0.844378856876774 0.0657978316468385
0.0250003780221409 0.0330510067341462 0.489823957575853 0.75527645375046
-0.0148404834202373 0.0539925412627985 -0.095490291445924 0.589798724158926
-0.0320241752642968 0.0485001919726471 0.074468305436302 -0.00204405172381044
-0.00198749160853689 0.0356409374913304 -0.00946571049400364 -0.620778632076841
0.0106519307466568 0.0109199344418204 -0.723977705078733 -0.575662740104902
-0.00766663590585549 -0.00285378473751396 -0.83255397460618 0.338538802643006
-0.0280076236763371 0.0152806007621546 -0.0568159316770951 0.737873591495098
0.000386634926676951 0.0184876560382844 0.397753607787664 0.350302217787694
0.0165052796056745 0.0396309925850234 0.311595129841329 -0.00729142945222046
0.0231339543273075 0.0303665126793811 0.0319550973214477 -0.209433536454621
-0.00458453983452971 0.00447663480897248 -0.0214844032822948 0.152024041443137
-0.0295533402038765 0.00833987921361769 -0.238939125337305 -0.0211935740598651
-0.0302277664625974 -0.00507468682098332 -0.354999494011921 -0.289371061543358
-0.0195536880229138 -0.010483281275296 0.0993670652472838 -0.585109812828593
-0.00834466948090973 -0.0301844643574719 0.742523403172532 -0.295635159136156
-0.00600305587453143 -0.0163846074138149 0.711774743212563 0.473224199567604
-0.0342878155165833 -0.0515165747149884 0.0626074891648011 0.626785138164641
-0.0191477688330109 -0.0745373285942816 0.0432085474073373 0.105324679010965
-0.0177086062016241 -0.0800464421499679 0.120396194622918 -0.536720604563603
-0.0262881454169734 -0.036031413023167 -0.473895572745963 -0.810554419200508
-0.00785174614338041 -0.00187908746301279 -0.94035781080743 -0.031758424826721
-0.0280939679776605 0.0193920582324049 -0.346983078592174 0.684081927046853
-0.0381473928910408 0.00867946440948697 0.281582685505475 0.476333216167684
-0.0264789913438583 0.0109042602093186 0.325752830783757 0.0737120194770311
0.00298205193134753 0.0182887506416322 0.0674496107486337 -0.194814190685398
-0.00645721434428864 0.0075480058081093 -0.0222191741499112 0.145477891853648
-0.0275110025209561 0.00878652796787067 -0.243254677926589 -0.04164818723252
-0.0260118149762802 -0.00941717996720461 -0.329938303750648 -0.315893730566938
-0.0202360092848087 -0.0127507907517759 0.177182269155062 -0.566303156092937
-0.0125228604534869 -0.0299444405501219 0.789629795545885 -0.201943486111811
-0.0128895221672861 -0.0201048962530172 0.661123439262361 0.550128427193349
-0.0312837258611446 -0.0608682469367479 0.0133460304121721 0.616241490391306
-0.0129310665637828 -0.0828301215233385 0.0487718898515283 0.0750561700469029
-0.0183427602429035 -0.0849268669525605 0.0836796050766547 -0.565925447622651
-0.032044637363978 -0.034066055743622 -0.555958841614047 -0.750425631221893
-0.01480774257174 0.00269201962671501 -0.918510832009536 0.0853061861910093
-0.0299216338951278 0.02146759594899 -0.254983030597296 0.716533620166758
-0.0330497467789608 0.00833262645648148 0.320698148628808 0.448094518828498
-0.0216381029196733 0.0121713394613655 0.324584072564631 0.0484666258729736
0.000676046192532259 0.0194700839995977 0.0614534143804497 -0.202096043714151
-0.00638405335276658 0.00961142242212712 -0.0266266844903296 0.138888358536576
-0.0223060919578037 0.0112944417834416 -0.245135909974743 -0.0590649610532611
-0.0199537357103054 -0.0131104691452423 -0.295782042329886 -0.339582340947029
-0.0205851424170288 -0.0163370064639046 0.256949165612946 -0.539881620157354
-0.0137253371190167 -0.031085743824007 0.822300650850779 -0.0969558233611227
-0.0139976857900537 -0.0209532257008483 0.597402007346488 0.630250396942248
-0.0231903488773012 -0.0616638535543185 -0.0337711951044229 0.60371434941877
-0.00932395136100544 -0.0795274952956963 0.0558117821660766 0.043034166515454
-0.0190169278732222 -0.0780659589205696 0.0426992338721425 -0.591335044460047
-0.0334319177954824 -0.0284692506241991 -0.631580444359562 -0.679251714226802
-0.018645189544677 0.00764431549450962 -0.879134986036867 0.202679968128202
-0.0308495248759375 0.0240902661634652 -0.162443446159943 0.738073568500495
-0.0268589569987612 0.00829268767520528 0.357578860723087 0.412114917644459
-0.0149676805788668 0.0151976553516614 0.318344747112596 0.022241859931922
0.00105427782961716 0.0234755096503541 0.0553944411362644 -0.210055163662394
-0.00455770010398061 0.0137809590991086 -0.0311824193241894 0.133022037944956
-0.0166304228934265 0.0155455927446662 -0.243672890088358 -0.0725876009664856
-0.0123285427375 -0.0153109066646304 -0.261647228243612 -0.36109928223967
-0.02018079189978 -0.0196779122822305 0.327191096317098 -0.509457648183977
-0.0124556959599698 -0.0316846398224347 0.841858732525223 0.00615873855531718
-0.00988022147743275 -0.017973578132575 0.530134479304235 0.698081683173178
-0.0162459803403343 -0.0511663930564828 -0.0739713921721711 0.589341032023954
-0.00965013871104313 -0.0641367950796385 0.0621200443676358 0.0147931747713629
-0.0197905645688069 -0.0629624511207851 0.0038594981043909 -0.608575786889003
-0.0314888026809043 -0.0183986702154276 -0.690886465710239 -0.609211611012202
-0.021444095982055 0.0116829774984618 -0.836925712291409 0.298943992403236
-0.0307309003425851 0.0249527640465451 -0.0795720028061087 0.746205124687758
-0.0172457516314452 0.00954831664678862 0.386301660394876 0.375920993704711
-0.00586532604784772 0.0204410451832928 0.312392636073854 -0.000672475752985599
0.00316894088962657 0.024844017557583 0.0461453820907944 -0.215355011880056
-0.00232313602301382 0.0165884984220239 -0.0363021606385846 0.129840991553011
-0.00978524379177888 0.0192396923945845 -0.240378832974164 -0.0810845424365212
-0.0050896411697394 -0.0156311866478488 -0.231201174775052 -0.376118817431085
-0.0185593708952473 -0.0230829861275389 0.377993673845863 -0.484476704859179
-0.00919416678020091 -0.0313905270842186 0.849309809874715 0.0815573400502653
-0.00379710895700454 -0.00891237069964507 0.476210024277123 0.744821803219749
-0.0117326011398897 -0.0293319466537476 -0.101984152112729 0.578151302568818
-0.0111322654402942 -0.0397804306861549 0.0682413049718847 -0.00700807742689613
-0.0155154813722758 -0.0400563507031008 -0.027246942585331 -0.620113211137661
-0.0237448379928592 -0.00967685078414848 -0.730707034338375 -0.552234450942185
-0.0222760631307112 0.0116010930528003 -0.800537837586722 0.36424441530885
-0.0313421586174592 0.0234649313083572 -0.0224600973021485 0.744784960242483
-0.0106554447916779 0.0100508146562419 0.404244651882516 0.347469596094278
0.0025595038644777 0.0255293930414757 0.307739092546564 -0.0187827782976294
0.00720962857798281 0.0283171370886652 0.0396450305534542 -0.218530594633116
0.00156599319523504 0.0193282787779442 -0.0407699014736256 0.127743587791175
-0.00445290017922322 0.0242164398120743 -0.236596159573314 -0.0824992857642429
0.00131308522362749 -0.0136344952889428 -0.212643215965328 -0.384682072200582
-0.0166132159874975 -0.0238925474298839 0.403335704169412 -0.476453299765805
-0.003996692426071 -0.0310611340755117 0.847379552101879 0.11683413594786
0.005751102565561 0.00484673498548998 0.449023606431749 0.770242654835517
-0.0110622424765527 -0.0015420668784635 -0.114724452757814 0.571507321729667
-0.017452319526073 -0.00944177312814716 0.0724901068959155 -0.0178188964140168
-0.0102748641641053 -0.0134986690145239 -0.0422627940586276 -0.62353455626501
-0.0136862729464838 -0.00160318233102487 -0.748891158155466 -0.522052156118854
-0.0197207522996846 0.00871600512597768 -0.784892112574206 0.393132778584577
-0.0309866782570976 0.0217973522796495 0.00521147078890884 0.740938073856481
-0.00429822123995659 0.0134604175767094 0.412416942588648 0.331254603321032
0.0101049125990709 0.0316423066974869 0.305670879167824 -0.0256280628706228
0.0141182648382611 0.0291186469705224 0.0330892946310357 -0.218077386218564
0.00544059066719161 0.0202970525021993 -0.0458189903712729 0.12981325046765
0.000753251077035097 0.0278854217885891 -0.235122901538619 -0.0761893767066115
0.00553719799296739 -0.0110195636789357 -0.20900433672465 -0.385641366606594
-0.0144631837468702 -0.0255980512561218 0.399496048425942 -0.485995954752368
0.00320569922298492 -0.0307439976191715 0.846602844873267 0.10829643456914
0.0145482674666513 0.0194305983209703 0.455648121845705 0.771463822278823
-0.0134705962093234 0.0267468258710329 -0.108457336303899 0.576946909076846
-0.0234230284628119 0.0209680927360492 0.0744071098921448 -0.0165822658970875
-0.0053304534281291 0.0130495721491222 -0.0388879920178722 -0.624205199531911
-0.00128991479054475 0.00501977360151597 -0.748916621599713 -0.52574097909182
-0.0149364821109217 0.00426435762470779 -0.790529007896667 0.391388213136674
-0.0293424250485395 0.0189030031328534 -0.00341604946677042 0.740223492175031
0.00023615449638203 0.0160610841677206 0.412578898625875 0.329542081677268
0.0158842723316557 0.0360305201613464 0.305926570701767 -0.0235051228628842
0.0190405044354291 0.0291001671998544 0.0294123655376109 -0.215291419547564
0.0097045437693244 0.0208750381739472 -0.0475706172376658 0.133428471145731
0.00218479196806531 0.0297708056349783 -0.234185602493516 -0.0653379363942659
0.00576020467054637 -0.00718447852355418 -0.222715156787894 -0.380264058505871
-0.0141649605831219 -0.0263406348589206 0.366053927235974 -0.514723097324673
0.00895447516090602 -0.0323934402661603 0.841942286524278 0.0539616333624652
0.0257299138822405 0.0320464165881334 0.496405710664193 0.744853616948427
-0.0138816763992725 0.052950445231263 -0.0889636907027849 0.588802881757087
-0.0306885666247744 0.0490113862318041 0.0735279002123977 -0.00278386800702871
-0.00223578821776323 0.0356981412725477 -0.0173572145398763 -0.615182541766911
0.0104011171469304 0.011580203878605 -0.72507617815738 -0.562311042508557
-0.00855719731005923 -0.00260634624902327 -0.824976484460868 0.346976422793194
-0.0288134794834399 0.0159698425911959 -0.0472703048037732 0.735838511563801
0.00121202904285621 0.0192904352944117 0.402120708455885 0.34385398398302
0.0174983230315558 0.0399717901454102 0.311948609627358 -0.0106379000593943
0.0243401921455889 0.0290516658887805 0.0291608110097237 -0.209899203187337
-0.00391585053357659 0.00470879509735418 -0.0200347461398918 0.150725737362635
-0.0290895810479121 0.00893821954035513 -0.238831018291006 -0.0182983513990658
-0.0302080832798222 -0.00507726146733609 -0.356097858159747 -0.281858917653809
-0.0193524528356457 -0.00955370747767119 0.0939044168817206 -0.58308093720575
-0.00923917955246076 -0.0305144621294894 0.7365600962134 -0.302323733949022
-0.00612842688521699 -0.0166374020450306 0.711605538226795 0.461283059960251
-0.0349217863398226 -0.0499912267906017 0.0678051380695758 0.622653174535248
-0.0192266022727392 -0.074301076388167 0.0443629013229009 0.102881650623634
-0.0185286391319733 -0.0788017231169883 0.117515156558225 -0.535379127313156
-0.0266664091372696 -0.0354149450924175 -0.480866467571395 -0.801511593972066
-0.00765366224724781 -0.00243116831094112 -0.936207401813796 -0.0219528833450615
-0.0273578814584514 0.0202979008252797 -0.33557677171134 0.683704535190194
-0.038551025219208 0.00957932003540975 0.286513324820537 0.471275785421587
-0.0256215513960736 0.0115171293202447 0.326747874538859 0.0694509723320907
0.00399479609045232 0.0181911308850001 0.0648874874482992 -0.194458211116492
-0.00587059499734462 0.00722644061444952 -0.0215797093267869 0.144710604265543
-0.0265095376997198 0.0101027885844365 -0.242996382397717 -0.0376191943020988
-0.0260979452923221 -0.00950953374023836 -0.331169247700118 -0.308244696187579
-0.021381461172511 -0.0122525073210195 0.171535065533612 -0.567101416320553
-0.0126144251147623 -0.0298287935995041 0.78276575886079 -0.209590962847588
-0.0129770632151299 -0.0200313377872179 0.662351347222956 0.541062294279092
-0.0305381010352088 -0.0610366104542291 0.020545378274593 0.611828008509224
-0.0135555430022236 -0.0824362709517778 0.0484802752545781 0.0734616803638431
-0.0195614365904925 -0.0835151968840602 0.0769448226450266 -0.562328558505283
-0.0319850372232583 -0.0344620096819963 -0.560957251727346 -0.739845940393853
-0.0142902220418235 0.00251222293970597 -0.913088234538511 0.0958488116308059
-0.0288412371804885 0.0222660199236904 -0.248890060437003 0.717135223672632
-0.0329743861614045 0.0085128596686073 0.324427017261417 0.442129968138489
-0.0213144895475913 0.0127440253871396 0.322968350938195 0.0439855274389859
0.00214304228420998 0.0199604672165544 0.0599730419812346 -0.201655193274839
-0.00644362498305735 0.0107878993148296 -0.0252824090790978 0.137999178614531
-0.0223072403173462 0.0130708700722823 -0.244946650991715 -0.0554100994321709
-0.0209547099795875 -0.0131598494990289 -0.297448407723096 -0.333897321070277
-0.0210367791502197 -0.0156450881245206 0.250854784144604 -0.540796454539614
-0.0147228150112612 -0.0301660024114612 0.819542549627053 -0.105041060843419
-0.0144230413077532 -0.021621258734828 0.599514710552357 0.621108721914502
-0.0240440056971594 -0.0604552169833422 -0.0279705318824543 0.601442226750524
-0.0103348420743609 -0.0785889428235101 0.0557598201887753 0.042688812619423
-0.020778307001752 -0.0773722300994473 0.0363932641202975 -0.587333450298816
-0.0344646051362242 -0.0276577558845149 -0.636068436765329 -0.667505152462911
-0.0185911973517658 0.00751804675513391 -0.874190986586104 0.211387112626675
-0.0309099045571588 0.0242304357552495 -0.151405659931121 0.738591792922417
-0.0256698205309004 0.00879422070301676 0.361153740488524 0.406574413525515
-0.0133116135687853 0.0157651017694699 0.317758688942003 0.0179362403387223
0.00206069740099362 0.0222986804076787 0.0531206968258885 -0.20945621636112
-0.00540703742111065 0.0128257309664295 -0.0303203661601514 0.132438594754505
-0.0157132525110975 0.0154763956763652 -0.243468041456292 -0.0694863337433153
-0.0123733915475392 -0.0157032969009335 -0.263163060910007 -0.355050945561941
-0.0201117792025792 -0.0190290427902317 0.321489658265504 -0.510593874076068
-0.0132547297826552 -0.0314059874688841 0.838473343167488 -0.00479387089398847
-0.00991326060298981 -0.01794422725822 0.533059393645276 0.68873062290069
-0.0167135940108132 -0.050250563714177 -0.0672728500583388 0.58697559225435
-0.00957194375430505 -0.0637562834172954 0.0615983313726754 0.0138424429886035
-0.0192179341304834 -0.0611717885824971 -0.00115877797302812 -0.604898605170687
-0.0315698591109005 -0.0190935771008321 -0.694010257997713 -0.59901192990035
-0.0202248270391445 0.0102075254493976 -0.830037156854065 0.307837558604235
-0.0295709078190853 0.0255004300578724 -0.0698785204695015 0.744766936097598
-0.0180581626824259 0.00949874438547975 0.388254352101758 0.369922913026321
-0.00604199364099688 0.0208527574163941 0.312439975210048 -0.00499745957709362
0.00394716834361715 0.0255748285664647 0.0448717234079886 -0.214110022749425
-0.00174906591132297 0.0163782617046754 -0.0349556948739739 0.1293270266126
-0.00865328671870856 0.0195293553540365 -0.240927839317526 -0.0779809543025581
-0.00523194555766896 -0.0150622726351098 -0.231797966606397 -0.369794927334721
-0.0192462947912521 -0.0222934395845891 0.37286226484577 -0.487573596388617
-0.00955276718291652 -0.0315406123165952 0.846489910812443 0.0716389208406224
-0.00361572348573252 -0.00929999849220507 0.4817334590186 0.736672481031839
-0.0128606561597042 -0.0297877193934145 -0.0952509223033245 0.575593773971797
-0.0118385450404778 -0.0395156538558777 0.0675065974490119 -0.00820022530645403
-0.0156478014073421 -0.0384919932966199 -0.0326357934726584 -0.615915305191877
-0.0247913552575039 -0.00898439210191843 -0.732839561496929 -0.541914595913471
-0.0210718447360856 0.0108553442016386 -0.792382091904811 0.369679493153533
-0.0301346270245852 0.0242104703287884 -0.0135152879036094 0.743530207825224
-0.00987105776441611 0.011256025092593 0.407125455347929 0.340870801773247
0.00364585068924109 0.0259810120591933 0.306572554293724 -0.0224564385841379
0.00816654737456414 0.0264949128133457 0.0375953162840428 -0.21794877050119
0.00246718001104868 0.0190422739391592 -0.039217957540158 0.128562256507707
-0.00313691165402945 0.023719919885093 -0.237325243098965 -0.0782578103831935
0.0017085832020356 -0.0143176177598371 -0.213826362173088 -0.377489862606142
-0.0170056416736106 -0.0242975898450798 0.398409027381578 -0.480398591196623
-0.00389993675213829 -0.0313981497851298 0.846367853338101 0.106902450107145
0.00448203485025344 0.00487676403209477 0.455596754016124 0.761395800642428
-0.0114313702201184 -0.00225806300491669 -0.110020492908939 0.570413854640671
-0.0156151469570672 -0.00972061181920255 0.0714755684047725 -0.019302610805786
-0.0102933747944998 -0.0130144712801868 -0.0480766163748146 -0.619880614551823
-0.0138109432537127 -0.00124912769462846 -0.751359290477519 -0.512225155587103
-0.0193314631772214 0.00822597441157099 -0.777104123717396 0.400924845015424
-0.0298842410755132 0.0218706790235587 0.0151736817803079 0.737419099955756
-0.00409183721461239 0.0131039415622764 0.41615559270747 0.324344518643443
0.0103870228355375 0.0316393767465316 0.303808261611512 -0.030056999295673
0.0137875521101561 0.0278414472646212 0.0322040632666509 -0.217253750108522
0.00690042207083395 0.0213431653104519 -0.0440499861789979 0.129031220968799
0.00138372830054602 0.0276419841820735 -0.23578820421257 -0.0732834363667095
0.00495866379674099 -0.0106995130581028 -0.211512003965777 -0.380503102901678
-0.0150931704110063 -0.0247717681565378 0.395375792271353 -0.491173705822868
0.00239306883481242 -0.0294799790570397 0.844989587784552 0.0982164069899984
0.0146963954102221 0.0197010397277012 0.461747399432655 0.761672712069632
-0.0127902255494089 0.0273962378092661 -0.104361543769261 0.574368476372027
-0.0225318885024845 0.0212897553739295 0.0738438739992861 -0.0175887207873072
-0.00535377614765973 0.012857495423288 -0.0458166285559569 -0.619375762317157
-0.00278772399947013 0.00525733800795582 -0.750740854334098 -0.515510066491756
-0.0148022321066347 0.00353865163109148 -0.78342873609647 0.398769656263297
-0.0280523681041966 0.0198445726702444 0.00529022492901856 0.736142180379098
-0.000590686756686507 0.0154003201641908 0.415165395327946 0.323458572415899
0.0172730049588685 0.03594151372187 0.306006862311018 -0.0266495956235173
0.0194059563970269 0.0287338490440941 0.0280395805167566 -0.214516911033299
0.0101544420855774 0.0199047554748336 -0.0464261952289177 0.132047242316762
0.00254521115449224 0.0290315316988527 -0.232844060746679 -0.0606973745747067
0.00592679407122225 -0.0078414365703496 -0.224007607216851 -0.376584424080102
-0.0133291611578094 -0.0254682083772198 0.361433384907109 -0.517574538206893
0.00835446883115324 -0.0318380436922246 0.837980920705484 0.0447118032755501
0.0245355358567481 0.0317415413449268 0.500723919193486 0.735138612778559
-0.012700150700566 0.0531583506164198 -0.0822414305444765 0.585335596953353
-0.0298404751989774 0.0488319682646916 0.0728181315076903 -0.0043552715228624
-0.00149163077509498 0.0362884847795985 -0.024252857736778 -0.612421189662463
0.00935065469479975 0.0110808575198865 -0.729421612032623 -0.551452519607586
-0.00669464507691618 -0.00207094945465756 -0.81648621291046 0.353412098026186
-0.0285020736388196 0.0157074733808774 -0.0376789681044081 0.734138722194317
0.00102336723688515 0.0189381427867916 0.403424478157029 0.336967465871859
0.0190439069035436 0.0399013408092817 0.310449947528595 -0.0158227587727142
0.0248628140047068 0.0289126751184736 0.0275167246563802 -0.207885227817666
-0.00400540904252552 0.00474507135925262 -0.0194777228945663 0.150531532798663
-0.0283500849082479 0.0095941830624081 -0.238047104988963 -0.0147086542482769
-0.0297899158110352 -0.00421675203894705 -0.355084769800752 -0.275144637945911
-0.0196718421251413 -0.00958195621443676 0.0895548272029654 -0.581597923630133
-0.00909101703680186 -0.0302154321713578 0.728940192110838 -0.307575842413439
-0.00615680658573426 -0.0167036394743073 0.710989495518654 0.453953683864815
-0.0354161720537227 -0.0490464810095476 0.0714098541194464 0.616887215229588
-0.0193342439496904 -0.072042318017569 0.0443508986662643 0.102181720822703
-0.0202173782507641 -0.0775845722607292 0.110663098322454 -0.531051384405731
-0.0264606112062468 -0.0355652937132945 -0.48668956070581 -0.793230806627899
-0.00731205455439801 -0.00204615323124962 -0.931856445976105 -0.0118866222441518
-0.0269600861451426 0.0199594797522343 -0.327938852621042 0.684271626249429
-0.0380185094940652 0.0102346965294268 0.289850021134018 0.463948659433106
-0.0237712898043274 0.0124850647195634 0.325484154908646 0.0655340246072831
0.00374329118285212 0.0177453656831127 0.0637473298919189 -0.194035910716456
-0.00559973561036256 0.00749874980495273 -0.0207905617190694 0.142381805465234
-0.0263553314228772 0.0103713779343191 -0.242555394177851 -0.0339595041981572
-0.0259539983765193 -0.00882576212617366 -0.330338703323687 -0.301463339164505
-0.0201189392506385 -0.0111599185736596 0.165767868428842 -0.565199562860896
-0.012751624363072 -0.0298421741445589 0.776714994861439 -0.216583188309173
-0.0124788825863386 -0.0199125978900319 0.665329695505331 0.531536949558747
-0.0310650695105644 -0.0597660508665921 0.0255524661793869 0.607826200223707
-0.0136194311119932 -0.0802088913829472 0.0489149824305984 0.0729790066777853
-0.0208679623966882 -0.0831065714666216 0.0724889249203088 -0.558409187051021
-0.0331433530392462 -0.0342195776837341 -0.565415823083508 -0.730146594772549
-0.0143806262024031 0.0019338053235875 -0.906971851845253 0.103525989385205
-0.0275899643966543 0.0215391137279624 -0.237891549485109 0.714601341840138
-0.0335745070868787 0.00917653283578866 0.327680570998159 0.436205106131882
-0.0198362164037151 0.0136368543997445 0.323078866061684 0.0394142243189024
0.0022062466583837 0.019841285233821 0.0579623410312365 -0.200599799129177
-0.00627337807341598 0.00962552439407127 -0.0254282762594267 0.136217668447854
-0.0214251212828271 0.0125425733966441 -0.245923938238711 -0.0517865754882692
-0.0199224109908908 -0.0128377716071075 -0.297842211428956 -0.328252227016193
-0.0212534740904801 -0.0147741257506849 0.245989662649135 -0.540404977984463
-0.0147385827832333 -0.0302451765298309 0.813090666307105 -0.113235134348451
-0.0147102872551401 -0.0215943878049296 0.600835368920989 0.610325046087252
-0.0247738628841483 -0.0603998821711007 -0.0207269657561489 0.597087780929731
-0.00989658344556969 -0.0774478671117144 0.0554663120792348 0.041664225975294
-0.0216990530687179 -0.0761485385149799 0.0332256668100274 -0.583396146840605
-0.0350683953835977 -0.0277414454351235 -0.638701377011471 -0.658192829769217
-0.0184053573451793 0.00738319320106011 -0.866909713816269 0.217982993201513
-0.0293955866026863 0.0239339998418847 -0.142755063961743 0.735018757872503
-0.0259548661929197 0.00911240623690663 0.363957416533119 0.399882561554693
-0.0123414951466086 0.016720997832068 0.316894003233201 0.0148091936342818
0.00196201481177388 0.0222983491872788 0.0518995957947968 -0.207676512282818
-0.00412382999819566 0.0133610562001593 -0.0298758037340185 0.130931749453598
-0.0148911200104286 0.0153029229621898 -0.24362299523937 -0.0650569682171541
-0.0123498098148398 -0.0148565200074813 -0.263279410121028 -0.350027053542351
-0.0202106799182358 -0.018701958187409 0.315796401266507 -0.512822219197208
-0.0137595971369473 -0.0306671150226543 0.83426093434779 -0.0119571342252934
-0.0108325587314424 -0.018517594441569 0.535704378577635 0.679675633129835
-0.017194375966031 -0.0497523237495092 -0.0628096372231182 0.5828596168172
-0.0101614000926886 -0.0627840623933983 0.0613601823499955 0.0136743956326568
-0.0210692386850331 -0.0605008715246139 -0.007512414349424 -0.600060417600465
-0.0319538452793192 -0.017963482552357 -0.694870618112571 -0.587799460316137
-0.0205765393131054 0.00988887373338908 -0.821486565396174 0.312219627840273
-0.0298649496423401 0.0253375665965362 -0.0621325769842593 0.740799138395458
-0.0178107962954032 0.0101541273453518 0.390186264090201 0.365392440497188
-0.00460646796176959 0.0205930944358719 0.311520272629145 -0.00809604509603269
0.00522563966507537 0.0247546760067803 0.0429385073591811 -0.213749667275218
-0.00101038993168939 0.0164023787812292 -0.034552831274071 0.127714625356574
-0.00884822967732292 0.0194555463987367 -0.240600988967225 -0.0740201822264411
-0.00529799434820937 -0.0155907424945547 -0.233504857222582 -0.364475426580638
-0.0187765692251213 -0.02104160965351 0.367101852299342 -0.4893473491487
-0.0101426355478027 -0.0307430812234164 0.841423934090862 0.0644138691470096
-0.0035116918756374 -0.00985441004154099 0.486349479384306 0.727962971449146
-0.0120432408471018 -0.028877370179227 -0.0907585633175661 0.571587534352743
-0.0118240165509988 -0.038466387086559 0.0670707652072919 -0.00820632560020579
-0.0172944113486948 -0.0376284468300699 -0.0386408219818112 -0.609629550330928
-0.026050444787453 -0.00889868590283193 -0.733661491595446 -0.531699181682604
-0.0203455965132169 0.0104536657031968 -0.784759899458215 0.377825023276673
-0.0295239714376705 0.0247341035287469 -0.00648658383067498 0.740289407604177
-0.0106161486043914 0.0119514075901014 0.409306479514399 0.33536113244776
0.00483741855451579 0.0254640812461166 0.304513193308333 -0.0252121553947091
0.00925106537282707 0.0262825230036613 0.0361065464513465 -0.216224750343061
0.00308872942370595 0.0188005262673847 -0.040009954244084 0.127605753476308
-0.00312159921289212 0.0238978207497103 -0.237659203967416 -0.0759501373862582
0.00140721631929339 -0.0135106992027368 -0.214371861565105 -0.37284916530029
-0.0168352995358918 -0.0240179720034362 0.392423256270073 -0.481909356676712
-0.00499449670316047 -0.0306014901556698 0.840825768488968 0.0979065602040342
0.00486420034149233 0.00404686271780286 0.459761958001768 0.752745742961334
-0.0118492386226572 -0.00192622758670206 -0.104032290161735 0.567661591708381
-0.0155101404432519 -0.00901471426267693 0.0709012239185551 -0.0191859310152387
-0.0113454276177093 -0.0124829143686141 -0.054080462255379 -0.614654301495582
-0.0144032194275316 -0.00148444550794849 -0.750111781512564 -0.50323043531117
-0.0186716438433973 0.00779096273637015 -0.767991699636079 0.406367534401903
-0.02958219481997 0.0233975963716399 0.0215052842121175 0.733473189628641
-0.0037221928325566 0.0130290561497384 0.416154789164509 0.317739625965288
0.0115975976254981 0.0307472834477214 0.302217894472482 -0.0323328684165556
0.0147059875924002 0.0272354230866373 0.0290532138022887 -0.216189336803009
0.00666772345352111 0.0193519739946145 -0.0441803142291409 0.128899909634771
0.00159680686089759 0.0271988190147114 -0.234507719197507 -0.070067348837082
0.0046039168754096 -0.0114381970953714 -0.21056049176244 -0.375943399558548
-0.0146617205169937 -0.0245763217531852 0.38836518424769 -0.491805994896458
0.00168216167968417 -0.0304823694696871 0.841776081323597 0.0903260447814285
0.0144352187315159 0.0187215606822077 0.465995055672681 0.750867863880331
-0.0119298222455816 0.0270066290776393 -0.0984064592741443 0.572216477854325
-0.0216393227312984 0.0216856731460819 0.0723282217875192 -0.0185339900515105
-0.00520640408140788 0.0141642057330969 -0.0497979761810562 -0.613124008255287
-0.0026115781660092 0.00536100437295182 -0.750032301445979 -0.504945562424897
-0.0138052772597354 0.00381980316902564 -0.775396464732836 0.402795948229315
-0.0284849701391908 0.0197332596700966 0.014134645457264 0.73124293752024
8.87402432650231E-05 0.0149491827202165 0.414925302768313 0.316407105361777
0.0169751099320603 0.0364997355788165 0.304327330620025 -0.0303596250069039
0.0211125389762701 0.0282645653078172 0.0262648582106415 -0.213350359492746
0.00966655851502716 0.0196349690575672 -0.0449298399571513 0.131659682199633
0.00326776079436274 0.0287908205502135 -0.232359706117145 -0.058058780089443
0.00638435369093935 -0.00680859812658667 -0.223630403760972 -0.370743298611736
-0.0141452384355276 -0.0248171583243111 0.354478136919204 -0.518811657447726
0.00767886018518765 -0.0319606661630177 0.834712356467379 0.0366638088704573
0.0252090915522235 0.0303019328379105 0.504917091046663 0.725927975173983
-0.0133975291548933 0.0525646212910244 -0.0777741445753749 0.582323302730073
-0.0287434786098683 0.0488522747206177 0.0729115558459698 -0.00466059065962152
-0.000270900264611809 0.0373584473939236 -0.0293601126086137 -0.606469258852879
0.00909952854290851 0.0109984093660647 -0.730292544723016 -0.542185164521303
-0.00837977013780131 -0.00230484292941217 -0.808351961550007 0.358758819690056
-0.0281051377249365 0.0166216643263722 -0.0295301403918643 0.729392481339161
0.000816318012238918 0.0191792702768339 0.404708407101189 0.331470641414711
0.0194226905862427 0.0388098313212371 0.308326427308421 -0.019044707807881
0.025670192928368 0.0275652689055616 0.024848944314062 -0.207065488248766
-0.00306470598683293 0.00468581926985621 -0.0188135917738465 0.148864684119226
-0.0278606642312729 0.0093572305925557 -0.237313222115222 -0.0123047534896762
-0.0295203568688824 -0.00459284125689156 -0.35445210992433 -0.269904589481739
-0.0197289012528968 -0.00867702041767182 0.084917201452521 -0.57844718624207
-0.00950477348240992 -0.0303193248912559 0.72263721483511 -0.311880066088593
-0.00714078164258815 -0.017034433401989 0.71003603092752 0.444168729193281
-0.0344907557544803 -0.0487307663875057 0.076678858264815 0.612567964182266
-0.0199862692462958 -0.0710915873622682 0.0450063725470592 0.100762862146731
-0.0210842118633778 -0.0759949585785098 0.105365173750686 -0.527807995477211
-0.0278595703312675 -0.0357343347882095 -0.489753248951328 -0.783440704335565
-0.00730966396895037 -0.00311419721052757 -0.927417386780085 -0.00443875768503777
-0.0266641691662136 0.0206791237567677 -0.322894042834983 0.683253151393523
-0.0383557042443495 0.0110411785358011 0.292627839594839 0.459164602485743
-0.024104405623374 0.0121586906081958 0.325002092944418 0.0618296116621469
0.00492550680805632 0.0162989460282653 0.062924012741776 -0.192929418027522
-0.00576105259626914 0.00733922110505681 -0.020409552802611 0.141809353750587
-0.0257749302320835 0.0104014257133401 -0.242086685578292 -0.0309852641131256
-0.0254042925412519 -0.00829365903250546 -0.329266707179428 -0.295193293368367
-0.0202157010454281 -0.0107260631178993 0.160931527214532 -0.563823546730708
-0.0133355285828726 -0.0293846610678039 0.772014099128452 -0.221649094061667
-0.0133301518766079 -0.0203884333123975 0.664129339858575 0.524484461227275
-0.0318069364117928 -0.0585153751853741 0.0306668407045183 0.604247042905834
-0.0140622024570397 -0.0802876514309883 0.0494218707127284 0.0717820946491246
-0.0217584823016221 -0.0814194032072848 0.0663812514115111 -0.55440699366106
-0.0340598135447807 -0.0341365478575914 -0.567654486890715 -0.721075616009187
-0.0135755257624046 0.00238399066837055 -0.900758911468562 0.111167055601308
-0.0282229827552123 0.0226623564991439 -0.229168931628347 0.714153403945386
-0.0328826478279807 0.00941811960983159 0.329593204748752 0.429858755407231
-0.0190576253169358 0.0133105850045849 0.32082785424163 0.0376589921038781
0.0034425567935847 0.0191168317409602 0.0567814150575398 -0.200207080382147
-0.00556418170493191 0.010172849671548 -0.0242493501844634 0.136181547663505
-0.0211563570117024 0.0121252392033726 -0.244616821043685 -0.0488896176341737
-0.0195401897246911 -0.0118032415367222 -0.297298531375373 -0.322695385944041
-0.0206597273110796 -0.0135989974518074 0.240072266455065 -0.53848533394627
-0.0151600546863185 -0.0294066461063985 0.80640682257149 -0.118140628662525
-0.0141022558906407 -0.0213836214302079 0.602028796813164 0.603239573341472
-0.0252128516574685 -0.0596725680595643 -0.0182907356935495 0.592958939246976
-0.0105348732130832 -0.0758643843898248 0.0550975272217345 0.0409587303439465
-0.0221929941135408 -0.0753243075619212 0.0275338214422605 -0.578238561352206
-0.0358336765838318 -0.027523215207322 -0.63962808323991 -0.648517152816895
-0.0181750391312611 0.00741429838106086 -0.859346959012513 0.223640503700948
-0.0292030149302873 0.0249050467566028 -0.136118851993562 0.732026681921814
-0.0264177328938093 0.00884520094324865 0.366696457177921 0.395812627918921
-0.0117638999438533 0.0171058558127366 0.315813306056148 0.00977895501684656
0.00316240705398551 0.0218096880634753 0.0497219079758356 -0.206670237333373
-0.00416693925940468 0.0126729132204572 -0.0289645314676051 0.130580329454167
-0.0138443603645864 0.0156118051964365 -0.24361820234559 -0.0633092325704083
-0.0120256830134809 -0.0156085557656358 -0.263181128897786 -0.345074700036052
-0.0200766489000437 -0.0178275924343095 0.312611796863468 -0.511225861580716
-0.0145730120470971 -0.0302574500995611 0.831062237191615 -0.0198883121139151
-0.0112042477973524 -0.0182276223273682 0.539416536146574 0.67085524470337
-0.0176983854534237 -0.0484805289240294 -0.0596178652614524 0.580824157772444
-0.00971236877971026 -0.0622110249578875 0.0608044917892827 0.01194199710086
-0.0214026017586951 -0.0587853854840379 -0.0128729036322045 -0.596002054125183
-0.0323424783757201 -0.0186830123483559 -0.695118237692586 -0.579551331917043
-0.0197923894209639 0.010509432725045 -0.815142994575542 0.317296419172445
-0.0292680480047784 0.0256815661797473 -0.0542679889915253 0.737056147178784
-0.0180222252137001 0.0099381963322908 0.392783665816794 0.358617694026636
-0.00364523722129329 0.0215292550236076 0.310656829836776 -0.0122900441747053
0.00602500983800483 0.0240267245401324 0.0410998027982459 -0.212573068678742
-0.00135196720340764 0.0166310072479193 -0.0341813598634285 0.127241430820798
-0.00816823998588638 0.0201653722299617 -0.240297329724896 -0.0716496617846366
-0.00467749563338956 -0.015334751084813 -0.233271576105724 -0.361735436072671
-0.0186532591659921 -0.0210221158489091 0.360542510405089 -0.489838686274858
-0.0106602952942076 -0.0312202164071733 0.838058473899889 0.0540002652267945
-0.00462881187736101 -0.00931826439985701 0.489653582639938 0.720843660236148
-0.0125052204077422 -0.0285897038421804 -0.0854627322160353 0.567802078663694
-0.0111533534280126 -0.037995318172183 0.0661007990110574 -0.0090796931539376
-0.0177038661081265 -0.0378414373976225 -0.0415232778739187 -0.605035397660975
-0.0261993715924659 -0.0095092957297616 -0.73325649985082 -0.522485407050056
-0.0200633281976599 0.0109684976710245 -0.779219888682943 0.381331342343614
-0.029410796514644 0.0256111356157898 0.00107919424448794 0.735028387499703
-0.0110261840492874 0.0110677799956229 0.409554373242133 0.32845449118181
0.00494594996800741 0.0265917457174855 0.303925653435673 -0.0284236843171859
0.0108335211971325 0.0253365022957992 0.0340412559122279 -0.214479215593835
0.00240708760224219 0.018030538932877 -0.0387434777245897 0.126587141485701
-0.00197824570118256 0.0229010472419181 -0.236877820789397 -0.0731041501401399
0.000501163258657229 -0.014247600532897 -0.213648160875284 -0.368126915886113
-0.0169393859828721 -0.0230721000979432 0.387516806455079 -0.483181061389909
-0.00495224244475374 -0.0306521772182386 0.838901442994749 0.0916938747380464
0.00438450976148493 0.00354981123038726 0.463818514803849 0.744696900852827
-0.0117381962985587 -0.00177948494523511 -0.0987211894200679 0.564878770432043
-0.0155341078619619 -0.00854120164394262 0.0698898749442428 -0.0204162146784175
-0.0107656375930943 -0.0119075931552498 -0.0577190829391211 -0.609319037491743
-0.0151902010981114 -0.00191592633439146 -0.750359404649617 -0.493734819940054
-0.0177936041705286 0.00754705126336292 -0.760803124944862 0.408901501125965
-0.0294924090526298 0.0238905863766067 0.0288148393717689 0.729886624108775
-0.00370400450198918 0.012877525510532 0.416913683979461 0.312937457046896
0.0123800887143099 0.0313602136658417 0.300244609754186 -0.0360625508014168
0.0161601612365116 0.0264387763156618 0.0283709985418792 -0.214317433848122
0.0068987095749078 0.0199919099670144 -0.0428470567058704 0.128419898225444
0.00177232715224342 0.0279244156637119 -0.233843462710611 -0.0673835354064359
0.00521801581874069 -0.0108923203646223 -0.21062138463355 -0.371643422166846
-0.0148467241089446 -0.0244947368502625 0.382906143883509 -0.493223801084892
0.00174033497139702 -0.0301356014556056 0.837592955753168 0.0813885823144975
0.0139362255602959 0.017474798252774 0.469654116017104 0.744259767379232
-0.0126179985777864 0.0268270990249204 -0.0934913519134651 0.569382760914345
-0.0206262221080148 0.0220198951403066 0.0725493979729656 -0.0201121658124433
-0.00442857538538701 0.0142777533805846 -0.0528135323709625 -0.608879037752138
-0.00297748231416358 0.00438400332585766 -0.749231394063556 -0.494600474775591
-0.0143024267527485 0.00340926557306985 -0.769187581136971 0.406443118672937
-0.0277184661937118 0.0206749440467531 0.0201393256671142 0.726925490100995
-0.000854610806325155 0.016039449420499 0.41680809285457 0.311682978615926
0.018445665105373 0.0352945262560481 0.302113936735113 -0.0335925695901661
0.0210839461275035 0.0267605423886771 0.0250204521685304 -0.211632600321563
0.0102156422293333 0.0194774611377505 -0.045274525007641 0.131330608844738
0.00311604917431133 0.0291259165547857 -0.231704848206369 -0.055863134601318
0.00525911103918102 -0.00741990485264767 -0.224481188619169 -0.366649548528594
-0.0136735009973986 -0.0244667593268237 0.348135425917624 -0.520311761325013
0.00780809801498767 -0.0312584436669601 0.83103958257363 0.0300787148768228
0.0249848640360807 0.0294653090849844 0.507626794563305 0.717569039569445
-0.0133660534932898 0.0528590694823413 -0.0727306117899881 0.579434720376531
-0.027369717615809 0.049474949786389 0.0714029070560392 -0.00535957239681858
-0.000257209922727777 0.037343762621454 -0.0323388806740099 -0.601246279454768
0.00828490973056649 0.0104857418340141 -0.728686448849389 -0.532454977857245
-0.00751900809197579 -0.00228557946531228 -0.802384009762593 0.362852665138883
-0.0267463265020141 0.0165672420418724 -0.021554975794621 0.727248606159447
0.00121523101988043 0.0193963212533337 0.406487386455558 0.325324529580312
0.0210492441037247 0.0389823105500331 0.307730595700164 -0.0211815784531799
0.0262168599907438 0.026521240701504 0.0242559625718676 -0.205686640726927
-0.00351707180020577 0.00413076556585064 -0.0187550410227124 0.148208394424305
-0.0281446037713027 0.00883713129199757 -0.236583721545286 -0.00992934724096602
-0.0287125274124717 -0.00459507091722352 -0.353396700355652 -0.263249728944283
-0.018790257756504 -0.0084380947761584 0.0817456351558817 -0.575892501489954
-0.00988446438528177 -0.0308003562805493 0.717924620948773 -0.315888110889677
-0.00576521941667718 -0.0168680254487748 0.708118636815379 0.437101465082933
-0.036655070603548 -0.0480543350921429 0.077308347434562 0.608555801728688
-0.0196385683175979 -0.0707925734252975 0.0451978334141817 0.0997366924907711
-0.0214276058873383 -0.0753210362515256 0.102481138829105 -0.523430755514733
-0.027786653819586 -0.0351360999709408 -0.49171947210226 -0.774215723541459
-0.00689141822376766 -0.003539014180093 -0.921091752908164 0.00307785365991841
-0.0270034547698029 0.0201611531424482 -0.316006643412298 0.68380446409656
-0.0376863827619855 0.0109632815188479 0.294406508165087 0.452919029877454
-0.0230448863569505 0.0124082580163131 0.323484519025846 0.0600247737887232
0.00525398378944284 0.0167274423550441 0.0623723112703392 -0.192402874795003
-0.00545896561186232 0.00731389664502643 -0.0202955759477273 0.14110181007639
-0.0253938536404342 0.0102617469671307 -0.240730561712562 -0.0298534428932184
-0.0254666765148964 -0.00801767429066446 -0.326766487597333 -0.289995148277758
-0.0193359230504495 -0.0106055597168363 0.157985237900948 -0.561978357889859
-0.0137881624920751 -0.0282145377787426 0.764120776104547 -0.225930995349011
-0.0131597963073443 -0.0211874675096805 0.662249320165925 0.514933643373417
-0.0322214985776436 -0.0586901372106334 0.0331176492572071 0.599984666423316
-0.0139329225411803 -0.0791848868556112 0.0490404549658445 0.0711374361244547
-0.0231563648636524 -0.0802932282458528 0.063223566895762 -0.55069274171965
-0.0343560123629722 -0.0321871043954767 -0.567112889200744 -0.711890961726449
-0.0135074540488831 0.00226979511232605 -0.894167213061424 0.11475221924733
-0.0273368667855026 0.0226677894795044 -0.223592686138122 0.711169853276477
-0.0331586437610487 0.00994474836526874 0.330850699156205 0.425869304394071
-0.0179637180877336 0.0137137305308627 0.320500013974006 0.0335307179522932
0.00374291387225658 0.0192071947790534 0.0557744672949754 -0.199495857624051
-0.00565159042170605 0.00984686220030642 -0.0244514130094251 0.134511021293544
-0.0216160159368054 0.0127716529098361 -0.243880861933986 -0.0468717295608862
-0.0195748975288919 -0.012780934270335 -0.296093155375783 -0.31733326635724
-0.0208966728869618 -0.0144016983384508 0.238567917454892 -0.537093790706923
-0.0148698844767151 -0.0295037737334245 0.80277257837719 -0.123118812578763
-0.0144529639169575 -0.0221277405456451 0.602108293925601 0.595160898751265
-0.0255526748013079 -0.058707106802896 -0.0140411021788174 0.588172316763006
-0.00996477772731519 -0.0751779660012115 0.0553669893367396 0.0399661973036314
-0.0236231967645184 -0.0741278687896773 0.0225044643712811 -0.574499655865968
-0.0354661716105452 -0.0264152732698557 -0.639922469528234 -0.641172292844115
-0.0169170089075021 0.00658241299873811 -0.853010683285631 0.229189633920474
-0.0288677059275226 0.0256564646959738 -0.130036340693617 0.729998196537768
-0.0251657641236633 0.0100215264730277 0.367374188489085 0.389611317104668
-0.0113843535368833 0.0168294591152092 0.316300795329123 0.00835263256480974
0.0045430332335843 0.0212612342370005 0.049980723757084 -0.206671417922596
-0.00444530350575769 0.0125552219991186 -0.0284948612702793 0.12934893352382
-0.0134668806010006 0.0156509681751075 -0.242588784537108 -0.0600369411223074
-0.011923389963988 -0.015041289540014 -0.26251840047123 -0.33842820392753
-0.0206800420331781 -0.0173916399652698 0.308926854084828 -0.511025205825052
-0.0132872770256624 -0.0301385578433891 0.825251979050965 -0.0269818300584622
-0.0113019825868823 -0.0185604676179363 0.539552511638434 0.663043803652243
-0.0180569821026015 -0.048640538434309 -0.0552576311117122 0.576700159274487
-0.00938271467171082 -0.0608127298334802 0.0604473872802592 0.0125361258539897
-0.0215719632552075 -0.0578449577897054 -0.0152576259309608 -0.591529056928143
-0.0330087127192093 -0.0179313241868813 -0.691889299790602 -0.56948236339896
-0.0187307854308279 0.0101985686880976 -0.807267715427542 0.320257278370557
-0.0300365403266564 0.0246564221530914 -0.048522425474 0.7340871967667
-0.0187775527845425 0.0101037956375194 0.393976790641801 0.35338979678997
-0.00343817167335674 0.0222951293538154 0.308812241881007 -0.0144648409418117
0.00628510558656398 0.0224972167692253 0.04148983549581 -0.210907415553547
-0.000464266562633948 0.0156506317599346 -0.0337746846788445 0.126752067191637
-0.00783465176380692 0.0199195603386705 -0.239410770503191 -0.0693713159970202
-0.00496864450737018 -0.0162436251146108 -0.233078054960353 -0.355526953401083
-0.0180142642494695 -0.020201085726146 0.357907003064905 -0.489716496131311
-0.0102710722915575 -0.0305498700206585 0.833246019228703 0.0484095236289547
-0.00510128580126578 -0.0104169975177063 0.490415668398788 0.713446462197464
-0.0133079507233228 -0.0289099630041243 -0.0816713016860045 0.565452501634708
-0.0124739881826931 -0.0375235637070032 0.0653055105000391 -0.0102136148523906
-0.017487832221851 -0.0369151112825912 -0.0446631186262634 -0.602291322941019
-0.0256725596741198 -0.00931556053793606 -0.730745201220935 -0.51355022528821
-0.0201722598163582 0.0103215787915927 -0.770289623172532 0.386016832075289
-0.0283820303383568 0.0259698448218423 0.00593293828418277 0.731607974232722
-0.0103563704621857 0.0118799670054341 0.410578450095717 0.324205416010473
0.00533500528359926 0.025458714582808 0.302257451512839 -0.0294234733945926
0.0111536399041929 0.0250958362853503 0.0333895548344254 -0.213603995598375
0.00322860761603117 0.0183596147766021 -0.0394917233423874 0.125962572700666
-0.0013424449385365 0.0238473509987592 -0.235193529541878 -0.0699425247902514
0.000829936158661806 -0.0149525954711365 -0.215211178387685 -0.364974313372394
-0.0167417020548405 -0.0229519372811955 0.38318227133309 -0.483555289543991
-0.00492740117015706 -0.030172479869117 0.835573226824503 0.0844937441359416
0.00419077805672769 0.00262250044137234 0.466449247202664 0.73662666677479
-0.0122184054469616 -0.00200988118937478 -0.0949060127594596 0.561951477059726
-0.0153840683885325 -0.00882151074527986 0.0691880779524548 -0.0205552979120737
-0.0121755672083298 -0.0111763398805703 -0.0593432935107522 -0.604312645552458
-0.0155671867083209 -0.00169273974639197 -0.749231851282474 -0.485688758442105
-0.018157502282957 0.00801988667084954 -0.754683879286677 0.411485653775984
-0.0285438892300456 0.022738836586465 0.0342953292868291 0.728074099133344
-0.0046939340829031 0.0126147446134601 0.417571766090119 0.309610802578699
0.0138188822730985 0.0311498733032833 0.300200812465074 -0.0379242397125763
0.0161487068730888 0.0258152257395559 0.0274352522533435 -0.213395256920513
0.00676977793783187 0.0198981621219132 -0.0426141402939635 0.127979606153877
0.00210873421964853 0.0273655612195463 -0.233673856067237 -0.0647972667509162
0.0046292472828966 -0.0111804561748378 -0.210891029164607 -0.368872879067407
-0.0150249045517574 -0.023056603938917 0.378615511607563 -0.493678702532556
0.000826458825917706 -0.0300700557856282 0.832626650253943 0.0748175495678022
0.0146447373860601 0.0176951193674083 0.473124963692869 0.734993192773785
-0.0122782402073843 0.0270421899058588 -0.089823396387105 0.565360104950823
-0.0195006890951536 0.0212227876257394 0.0709674904735896 -0.0185482152830176
-0.00528556530911194 0.0148163778210584 -0.055988851665336 -0.603524438113003
-0.0037466465119486 0.00473549627900282 -0.747943334689475 -0.48938540198444
-0.0145016865308731 0.00292843101867559 -0.760689620939464 0.40843464465303
-0.0269519096318613 0.0201883932363503 0.0247772204965231 0.723713083729361
5.48403134838504E-05 0.015309828998382 0.418133127684175 0.307217786645821
0.0186283054852639 0.0351804495179763 0.300998128971154 -0.0355850936074963
0.0221996958998867 0.0263968850202332 0.0231717347537251 -0.21008057720929
0.0108143759355773 0.0190359879413381 -0.0456030044372226 0.130067048899272
0.00435858086696526 0.0283132332325141 -0.230885645062492 -0.0532882189892244
0.00565242874178752 -0.00785059110518929 -0.224537408820033 -0.362099673810567
-0.0125985431658382 -0.0243110767214769 0.343075827918943 -0.521172688940863
0.00713786549633267 -0.0312672477625929 0.826633826282968 0.0217228419276994
0.0249942269598692 0.0286256618906638 0.510797268422412 0.710268506045755
-0.0128213933931142 0.0523286961658806 -0.0694621529066549 0.575802597232024
-0.0269179264632087 0.049874400513986 0.0716850729914014 -0.00579407368073791
-0.00133231926775339 0.0374596336253976 -0.036884199433402 -0.596344860039683
0.00702376508240457 0.0112278463296508 -0.727911634663898 -0.523132506885029
-0.00768705838894118 -0.00225102409781871 -0.794746980222587 0.366274650068161
-0.0267740789839358 0.0176932756193545 -0.0163170208464804 0.722466306430265
0.00120271204876094 0.0184689037682238 0.405904951520481 0.32041999158869
0.0216898763485481 0.038480026777947 0.30732736678116 -0.0225218418944044
0.0254010141490359 0.026038765393728 0.0236940122902391 -0.204305482605081
-0.00502042125653705 0.00257660654609021 -0.0789627924008579 0.125892249719227
-0.028162766544537 -0.00313202424830887 -0.210637538106367 -0.108807855913077
-0.0254025955363801 -0.0163520651826369 -0.20618005627879 -0.388220286888776
-0.0160116830428557 -0.0138709665158355 0.319057702898277 -0.491687897932364
-0.00207852638980543 -0.0298033625710279 0.779287682266667 0.0219759284918661
-0.000599021563239913 -0.0197806445715821 0.447686785362205 0.694874627554102
-0.0116893866768578 -0.0567198181227773 -0.190107996582185 0.581149756593681
0.0115808718048882 -0.0714886120515121 -0.00137623093143292 0.108407188613299
0.00901295376639795 -0.0804345868827739 0.31245260054544 -0.427131854483452
-0.0192736759271596 -0.0410615201041937 -0.1150806108775 -0.908665832042425
-0.0113475732109267 0.00374501708105878 -0.822800964318368 -0.387486632940095
-0.026474614003243 0.0154349615975575 -0.572347237557518 0.48077838712371
-0.0314160122362018 -0.00324876635367343 0.0700229346164862 0.528083607990417
-0.0215685171315677 0.00207345215078714 0.268507465855841 0.185557251782496
-0.000819980914403724 0.0148277778100864 0.136875290557799 -0.148299108083713
-0.00762052993176994 0.00385812079389153 -0.0765892134993129 0.119069300209183
-0.0263295479385012 -0.00153660801996241 -0.207299796213947 -0.126821248242284
-0.0206894493677804 -0.01928290686969 -0.173621291450313 -0.402047004908947
-0.0151773546282092 -0.0164260345809728 0.382368776427466 -0.446552003108329
-0.00657118971702889 -0.0316720114291412 0.784423247988607 0.125512477657714
-0.00508270601791043 -0.0249676182317896 0.373499955913368 0.743862644797503
-0.00411627819674684 -0.0647554229122448 -0.226911928455566 0.554774668982304
0.0208886853688455 -0.0765717015883613 0.0144892732663144 0.0839657235658453
0.0102796276182821 -0.0847989788506708 0.290075147568658 -0.465669967999422
-0.0248284333670328 -0.0416203804892701 -0.209754165911481 -0.885642832774628
-0.0175027611264435 0.00636938433124471 -0.848442464404439 -0.274783521625997
-0.0272930813529087 0.0171406319083162 -0.50373356532685 0.546671360845653
-0.0259405207944851 -0.00299555902260728 0.116532126551991 0.518459098543698
-0.0170392849894189 0.00324388084601642 0.27567664823143 0.161715047702359
-0.00259073049533506 0.0156578202609646 0.133333401431104 -0.157409003775385
-0.00932683742024127 0.00713969691468234 -0.0782918247445028 0.110943241830258
-0.022761670351333 0.00226807138582273 -0.201467339750777 -0.144444759545846
-0.0135142968769969 -0.0196738457289129 -0.131698441149802 -0.412711529725185
-0.0144859235523335 -0.0200398796279467 0.44617382471909 -0.392326248972392
-0.00802304660396302 -0.034382953567771 0.77652052138099 0.23285106497441
-0.00567583474890803 -0.027728854133278 0.284790791946903 0.791376586574832
0.00160441535080202 -0.0622323949284947 -0.264754863411803 0.523417275064766
0.0216473345073017 -0.0727717597360552 0.0326566270029306 0.0594783745144916
0.00546231892653809 -0.0789684968147552 0.263297371348208 -0.504882046698031
-0.0288516121401718 -0.0349417794964661 -0.30607442615683 -0.852821832671457
-0.0216770550794566 0.00998771190331973 -0.85728320680268 -0.157601408346826
-0.029343582551799 0.0171032607633868 -0.428358664315163 0.602872959414454
-0.0198967986149334 -0.00172028447327849 0.163217857318807 0.502107218195715
-0.0119278681490569 0.00836451841342636 0.280948994909244 0.137177959391342
-0.00298377826041426 0.0176036703000546 0.13103207459018 -0.166078537931859
-0.00904465488127808 0.0109133576594919 -0.080060006773314 0.103888629432967
-0.018595206677096 0.00857993223615106 -0.193528406950638 -0.156080707230065
-0.00509188834146737 -0.0194717887178943 -0.0921290792375735 -0.417677344306788
-0.0129696554651385 -0.0227006079397711 0.50009704954256 -0.336178079737873
-0.00695706043637719 -0.0349350193377799 0.753713557505951 0.332330970399785
-0.00302242376783005 -0.0237785701384175 0.200370224769601 0.824428859530004
0.00453382626507394 -0.0509252894422401 -0.295814334121801 0.495538273572958
0.0167499953395881 -0.0591109494502165 0.0495301947815299 0.0357912480457638
0.000904618184382783 -0.0644689950814922 0.234435570495816 -0.535834593627086
-0.0289737826982265 -0.0249211659939866 -0.385502677880472 -0.80911747428391
-0.0235642235965522 0.0120625708601006 -0.855128678070344 -0.054797750555195
-0.0288556324609709 0.0164393537847355 -0.355981680547659 0.639053698262908
-0.0124215850251303 0.00168556779975442 0.202854547362384 0.480694096435464
-0.00655507145415642 0.0153968248909147 0.28426621835125 0.114023619328313
-0.00185086390399784 0.022190476443308 0.125173727767756 -0.174251574226623
-0.00772431695974852 0.0149473835567817 -0.0831493569065551 0.0990898449898551
-0.0158554721285786 0.0143511858495441 -0.187187564682078 -0.162324513369082
0.00139196766895663 -0.0162524677202473 -0.0581265039442113 -0.419967973699246
-0.00940636700642916 -0.0250284716792876 0.53652483363097 -0.296718594469444
-0.00317523334944975 -0.0341267499897674 0.729995830006035 0.401910621632971
-0.00118571405776302 -0.0130193800709439 0.134608667363117 0.846954204841109
-0.000643650066958004 -0.0312350882085054 -0.315937199139398 0.475155340993369
0.00622701213701095 -0.038555222433128 0.0624990618974398 0.019855917630204
-0.00507504001254042 -0.0415400199006327 0.210686954481412 -0.557410636349332
-0.0262103131665656 -0.0139262248534762 -0.442058982589802 -0.776199292131335
-0.023018703036326 0.0117067203869303 -0.849332210832412 0.0172956509494676
-0.0271572277447848 0.01522169809171 -0.303771043111728 0.660170299429837
-0.00581833371408533 0.00515418364612282 0.230038575028856 0.463623810079606
-0.000518063929423601 0.0229292798043549 0.28478561268977 0.0976714372974186
0.000129050352789413 0.0238178093312695 0.118833869565339 -0.179185581828441
-0.00562218054793709 0.0191533272333087 -0.0874937436842523 0.0959245908739625
-0.0111113269315927 0.0212127685302094 -0.182401120231905 -0.163325176107166
0.0061790456559667 -0.0123230684068343 -0.0363903568011786 -0.421776080962728
-0.00766980208429459 -0.027019935947585 0.556017514187002 -0.28105165915082
0.00253997155791643 -0.0316415603585195 0.712158813792421 0.433618838957553
0.000656848934994189 0.00192895274141468 0.102674723883242 0.857755905977111
-0.00971116883014646 -0.00675090999880345 -0.326130950731407 0.464799934198445
-0.00900129164146179 -0.0137263491882945 0.070731939032083 0.0108181401534797
-0.00867772264128788 -0.0172582082424005 0.198829924763901 -0.567660911898905
-0.0193668806678078 -0.0034467751164282 -0.471063450303145 -0.757513297868896
-0.0203060791874432 0.0107832030996386 -0.846656370197795 0.0486527208611991
-0.0258245023218608 0.0138498846379663 -0.277524726644786 0.6696609464797
-0.00113090225082983 0.00846234595740864 0.243680350242319 0.451774480590347
0.00393020025787252 0.030059306919943 0.286200772924612 0.0895793440755683
0.00519480921181601 0.0268047384014986 0.114072001065166 -0.181734485002389
-0.00238146255749076 0.0221081620246137 -0.0916304463300847 0.096088308050677
-0.00872907428613318 0.0259903667582937 -0.18276751178954 -0.156578174741866
0.00824315745073984 -0.00929239903844589 -0.0325708792672652 -0.423753874649294
-0.00501435415210833 -0.027088940623285 0.555993298597685 -0.29267356477378
0.00752107796817457 -0.0290030001382679 0.717274752087598 0.425877366817689
0.00318509154616515 0.018889602631532 0.109754649251359 0.862212747647384
-0.0227816689446587 0.0182714585608133 -0.321932541290606 0.472366694012668
-0.0261433254697979 0.0118571133183101 0.0722429701318796 0.0125456923776267
-0.0132800879712495 0.00856243074000233 0.203127470584505 -0.565525114649803
-0.0121876796855381 0.00707942722900299 -0.469467437667842 -0.759401628940803
-0.0148161574016029 0.00774124005972777 -0.851362221085533 0.0440796043368499
-0.0246772975024704 0.0108447593399959 -0.285735953525519 0.662317349081962
0.00194776116743901 0.0128066560591212 0.242912414182669 0.449474079604301
0.00863336993046554 0.0358909419657435 0.286564618784209 0.0928292263429415
0.0103128155614748 0.0284929112076449 0.109075187670892 -0.180600983515849
0.000434156461787513 0.0222902102667439 -0.0957016979281794 0.0956971583767203
-0.00845024350353463 0.0279513475406107 -0.184001384837514 -0.146550700572141
0.00788210413699984 -0.00511808161026107 -0.0465737749015962 -0.424784793366248
-0.00366659081668187 -0.0259371279324316 0.536549183469549 -0.331667210652729
0.0128758805117339 -0.0275990164847646 0.733178494287664 0.37505901419934
0.00780907145180787 0.0341322008184732 0.154453175286364 0.854234505525441
-0.0337594667470755 0.0411666818938859 -0.30687966838941 0.491239860715422
-0.0442688939125522 0.0330143578181986 0.0662727755162114 0.0249932103196457
-0.0186962489177273 0.0311874668783512 0.219004652365369 -0.550842631128169
-0.00267454818410584 0.0167407925238515 -0.437096983804478 -0.783792793353228
-0.00695233459638579 0.00410125450157136 -0.861828968696261 -0.00973502640615246
-0.0218632167897312 0.00909701031794147 -0.321702859125288 0.642020714844026
0.00151798433720214 0.0170779809046708 0.227483299579009 0.457280947793678
0.00915996691989578 0.0395878817902037 0.285636610201017 0.105274229168947
0.0152130762970402 0.0299341346946223 0.105806181965614 -0.174591429903795
-0.00470940643510124 0.00346409271564625 -0.0784683363858701 0.124953498720273
-0.0290740890521791 -0.00213889694475642 -0.210300403165976 -0.106010563887364
-0.0255082750296418 -0.0164600898393327 -0.206867264877533 -0.385740149565706
-0.0153996062192818 -0.0134193903872738 0.317294186785608 -0.490371047469045
-0.00351304751312714 -0.0293088521877394 0.775944665790704 0.0181698242647257
-0.000750869159908872 -0.0202678501873099 0.447331673873065 0.687668938609801
-0.0125572467524917 -0.0562316373929062 -0.18601676361974 0.579357373423209
0.0116385905470593 -0.0704017274105594 -0.00106810024887074 0.107418683096695
0.00880064000083854 -0.0784291650770031 0.30828244502121 -0.42492497037615
-0.019267838165597 -0.0413103952047371 -0.118723397063439 -0.903613607747982
-0.0103978713242333 0.00406930535053043 -0.821064112796064 -0.383063334679201
-0.0259510423097279 0.0156918602142011 -0.569049212288783 0.482666006320574
-0.031402149849421 -0.00275754193423079 0.0738699008040955 0.526177433166395
-0.0201715194174138 0.00137526326939997 0.269528896515737 0.181958584229665
0.000607813504899184 0.0148558696639285 0.136175527256182 -0.147847036357102
-0.00751477705239486 0.00419804775443937 -0.0764991458290794 0.118273752707606
-0.0264271376432965 -0.000958273362111499 -0.206426862400444 -0.125226763592005
-0.0200819440179481 -0.018228608605626 -0.172641620199751 -0.397320420021114
-0.0158947076388439 -0.0161317243576689 0.379277009281265 -0.446925385780214
-0.00746540195861992 -0.0316028797390149 0.781205143190247 0.121083549181829
-0.00517744703585966 -0.0265389426006199 0.373623413081991 0.73867662706126
-0.00577100662961551 -0.0649559379968664 -0.225069949438834 0.551197942204228
0.0201651857443707 -0.0752766289636202 0.0143018161777885 0.0834910150786691
0.00879356060206762 -0.0839843599143687 0.286270149596575 -0.464533959648859
-0.0249884765735126 -0.0408171628816025 -0.213519061557198 -0.881389092995329
-0.0170223714420144 0.00615327503450485 -0.845734396581159 -0.26824980395283
-0.0281733733006994 0.0163037138118326 -0.499478730698444 0.545481470754978
-0.0265811504145549 -0.00376021370715668 0.119141104410113 0.516083953017128
-0.0159789125973056 0.00462850941162754 0.275663719796998 0.158784923074268
-0.00114711969107079 0.0156562236856646 0.133771509917472 -0.156693688440914
-0.00890061089364184 0.00658046020854434 -0.0782419992400884 0.11057772392667
-0.0230006375035662 0.00300445202879818 -0.201475718364299 -0.141971242576568
-0.0130541589587546 -0.0206221506782139 -0.132942559209718 -0.40853090057633
-0.0147156886494109 -0.019050615088307 0.443786440510088 -0.391895798136468
-0.00784361445959747 -0.0335331274878243 0.772890825794005 0.227653877624409
-0.00548744641101015 -0.0284207214573106 0.287595102358237 0.784994320664702
0.00127433372441197 -0.0626280750283422 -0.262350561796604 0.522627202934067
0.0221806627778587 -0.0718761939377765 0.0313579869811611 0.0592109439719941
0.00588730326838035 -0.0781986666174707 0.258264898853495 -0.503065731507908
-0.0296035790108514 -0.0356921518110583 -0.30747819322131 -0.8464101671973
-0.0213754848241315 0.00980017123160458 -0.85539764784783 -0.151156050174563
-0.0286520286856489 0.0165367064195549 -0.42345044014194 0.602108377071884
-0.0194720078632755 -0.00158308008776031 0.164829452935519 0.498183614491534
-0.0116583905695714 0.00866749811804495 0.28122865132785 0.134964873825649
-0.0021469252834669 0.0175166558129556 0.130386371223162 -0.16446276338684
-0.00919225146629864 0.0108278397921832 -0.0797067683935869 0.103245853164359
-0.0192374530804184 0.00826646015049227 -0.19396536898935 -0.154748344245827
-0.00522445672473016 -0.0190647044825993 -0.0907160418728202 -0.414827081807986
-0.0125390470354846 -0.0232216010248582 0.498802257793529 -0.339331500033607
-0.00660429827313045 -0.0346716587005666 0.75274149705618 0.327444443603081
-0.00412778946232679 -0.0240924045269927 0.202265220067173 0.819873664246146
0.00402948565352881 -0.0508435618270757 -0.292492893178342 0.495316311021073
0.0173402937138944 -0.0581690872394441 0.0487485955238555 0.0355454812267785
0.000469381349788257 -0.0636136316792571 0.230448917284579 -0.533457894589203
-0.0302189334165587 -0.025394073163323 -0.388328213577366 -0.804494283840193
-0.0232736222762424 0.0125802745734125 -0.852651403481818 -0.0513624053828426
-0.0274335483781269 0.0172791104769269 -0.351835718485094 0.639968428462195
-0.0136657872147255 0.0014551899580101 0.204697029715335 0.478385432478813
-0.00613485568954777 0.015166381377602 0.284883097418493 0.112887716227341
-0.00167575661572911 0.0207778118486756 0.124674546479203 -0.172603379013052
-0.00748022133354639 0.0140732535201399 -0.0828214260885803 0.0983385620877206
-0.0144465889815317 0.0142119562136971 -0.187085188205319 -0.161452550285235
0.00136865762556754 -0.0170687375510623 -0.058133866999757 -0.418355530365401
-0.010364015489519 -0.0246158691439949 0.533650972727368 -0.297234564376018
-0.00409482774680114 -0.0337847595195481 0.730602630962418 0.396059808019003
-0.00108104738732113 -0.0135547674298869 0.138336184804739 0.842172622951337
-0.00081945387189937 -0.0317733933581974 -0.314062247948832 0.473930551541045
0.00560369361554369 -0.0385342631293986 0.0623052345960679 0.019057070380751
-0.0056143414664672 -0.0418334722846544 0.208852001401889 -0.553487553048874
-0.0272749729585385 -0.0139422476341272 -0.443426286093122 -0.771160224012668
-0.0231195069082441 0.0119372094294091 -0.84700339039935 0.0217693946963917
-0.0281341953091116 0.0160571219847416 -0.298200044956242 0.660830019382469
-0.00685978606904259 0.00445411189151911 0.232020509424493 0.458876355859348
0.000234599267419811 0.0233991243860606 0.285926491130217 0.0952505184815163
0.00197007651596031 0.0236584771379691 0.118960432985821 -0.178767282459908
-0.00504323494878283 0.0180312255152325 -0.0874837332172387 0.0950095520729487
-0.011185128825043 0.0216143082799593 -0.182223506667252 -0.161658509235103
0.0059561454063031 -0.0127406927393904 -0.0383870044989164 -0.418869278000299
-0.00700925536227872 -0.025651592505471 0.552173716413293 -0.282950778800783
0.000687995302443969 -0.0316209439035784 0.713691887550991 0.429266957643946
0.000946036815446921 0.00152826951967215 0.105552255605872 0.854048924356327
-0.0106799405747355 -0.00746664917943859 -0.323184263209731 0.464290372890887
-0.00932866102339138 -0.013206792660528 0.0695446915033865 0.0110561615813333
-0.00920656498048087 -0.0157416361643907 0.195321849162082 -0.564687226311512
-0.0199915955774372 -0.00346243189500992 -0.470220725743036 -0.750796387954669
-0.0200363598968083 0.0109182020122738 -0.842713701385757 0.0526242996550124
-0.0257575623649255 0.0137197490083441 -0.27374443865817 0.666589217765285
-0.00113676744739301 0.00862544908418557 0.245275126744488 0.447169737782583
0.00541963270313271 0.030397588151777 0.28522277433741 0.0882260409416507
0.00638624929534252 0.0251184986973351 0.113465885094171 -0.180925210324333
-0.00195570893939184 0.0207680192647372 -0.0923915557490216 0.0940183911563698
-0.00823840569467928 0.0263954539436219 -0.181891649439182 -0.155925496951048
0.00907307532986469 -0.00855372858233331 -0.0338100376930478 -0.421804303578646
-0.00498196355099315 -0.0270582976752295 0.555443169413411 -0.293982064560747
0.00712556160150383 -0.0284818472854461 0.717980212239874 0.419219063320403
0.00328405765603217 0.0183151357618948 0.113919109299993 0.857017585082
-0.0237888086220002 0.0178985698532788 -0.319216905897426 0.472125835171904
-0.0269659905479571 0.0119981586609819 0.0717153122747245 0.0107108899285918
-0.0137760842832123 0.00972445417094832 0.199636699871479 -0.560837302297171
-0.0123500361792122 0.0078037488961741 -0.47020419479724 -0.75276385434276
-0.0139699632070538 0.00734043436380974 -0.849552599238824 0.0463835575474938
-0.0248423009262396 0.0120139256337779 -0.280545600548781 0.66162975517287
0.00152311261681157 0.0132886275649704 0.244758653005872 0.447260972511944
0.00902953320806102 0.0362049843359792 0.286159615392818 0.0908282492278257
0.0100080232960401 0.0270524544124841 0.107972360582457 -0.178870553298855
0.00153463504434494 0.0223484269014168 -0.0949448375218714 0.0949374378389397
-0.00763601434558176 0.027596017626408 -0.183495681573034 -0.14440361964497
0.00750833207807283 -0.00560726773162874 -0.0473081465752989 -0.42219811476409
-0.00344695504633089 -0.0262902117220868 0.534019694343993 -0.332577671558093
0.0122508016897753 -0.0271278998245983 0.731592837604755 0.369161383197723
0.00757371318258322 0.0342228575654724 0.159116994909576 0.850437751881879
-0.0333198136959173 0.0409769984987896 -0.305420074410563 0.489399552050652
-0.0433266067152856 0.0335546269890891 0.0655629223607413 0.0242271228238751
-0.0190168580713569 0.032096839705594 0.213926290994707 -0.54710122805164
-0.00402629375788486 0.0166593709576726 -0.438056599919981 -0.777336775539016
-0.00694701890166248 0.00429023377049785 -0.85925501701313 -0.00342055446149054
-0.0218329009172784 0.00995832050361334 -0.318142786144291 0.641598450872644
0.000762798730986055 0.0173224427462406 0.231077849176428 0.455773647032126
0.0104862261054427 0.0398517719555972 0.285449362551947 0.103668909454142
0.0153590098636685 0.0294011069211167 0.105164923079755 -0.173596513973168
-0.0043079214147499 0.00303571294113078 -0.0781824182048027 0.123720563914321
-0.0279595456933117 -0.00184998676593615 -0.211078132813972 -0.104556244370329
-0.0255947620065633 -0.0158709896342557 -0.20750065285703 -0.381018443767987
-0.0153692171669045 -0.0131355358138993 0.314650994571785 -0.491837889162665
-0.0029897948394922 -0.0295895818909286 0.774519056135315 0.0164704358473746
-0.000698585425589874 -0.020495756516594 0.448801179374781 0.683861619635879
-0.012658875280422 -0.0570723827436539 -0.18449447297795 0.577136419108837
0.0120514353538864 -0.0704360596050319 -0.00179910169362239 0.108010573648543
0.0068713961218703 -0.0771952703784903 0.307028557762338 -0.422729919709621
-0.0205800288818274 -0.0407226130269472 -0.120365191305161 -0.899548706090211
-0.0109470640875298 0.00337650176700103 -0.819201575945221 -0.377854227553081
-0.0257402697401728 0.0161637240646631 -0.564078477895234 0.484057611800143
-0.0309897096375904 -0.00266687987304182 0.0770827219914533 0.524382162923072
-0.0202406869664204 0.00173758935218346 0.268366375466602 0.181040894325127
0.00131692292899655 0.013844752066225 0.136359544889794 -0.147365695243149
-0.00738622919774896 0.00462014396554318 -0.0769224974113716 0.117541908340866
-0.0260874954326135 -0.000496784275660969 -0.207288504330107 -0.123781509452084
-0.020172831518327 -0.0192427139392015 -0.173876519148883 -0.394817337713402
-0.0153168877459148 -0.0157394936855677 0.378803493676489 -0.445670175880006
-0.0072985421993691 -0.0315488850352114 0.780327094431175 0.118210575183929
-0.00554842008693741 -0.0262819703307127 0.37463077364306 0.734803872446004
-0.00519724999450729 -0.0641429504574148 -0.223536477574466 0.550370011058644
0.0192145433606327 -0.0754773883419913 0.0146287499152847 0.0834025075123279
0.00800092211420065 -0.0824965754143056 0.282439024689144 -0.462613056852131
-0.0265394301695265 -0.0418059827289191 -0.214952194256269 -0.877076936515981
-0.0165361513897902 0.00639478822258598 -0.84293944574814 -0.265936622919141
-0.0268820403554483 0.0167653954478186 -0.495959367127324 0.545853796510362
-0.0269087393514805 -0.00309615352897111 0.12162170305586 0.513801445664867
-0.0155879497459255 0.00484332968754346 0.275785871686176 0.157144200045033
-0.0013277863999707 0.0158396745160882 0.134560440976313 -0.155260715391108
-0.00960408608831495 0.00715850505629452 -0.0774140226496114 0.111534626754823
-0.0228009938254761 0.00387595268769764 -0.201494663156273 -0.14126641612892
-0.0132038058871154 -0.0204076777547901 -0.132976377902562 -0.405799394139908
-0.0144567968605778 -0.018736972182263 0.441403962634824 -0.393016320724942
-0.00794093438460818 -0.0330822527546777 0.771149802746533 0.224612780747621
-0.00534264821287884 -0.0278798492062102 0.289444438033162 0.781260882582994
0.000362509175684617 -0.0623062250009785 -0.260047566845094 0.520559159829439
0.0218963503251737 -0.071598883538461 0.0322701074828959 0.0578754200785751
0.00473120979487192 -0.0768281352293826 0.256673029118633 -0.500058845234886
-0.0298505408914348 -0.036230642443483 -0.309128035610356 -0.842551090366117
-0.0203362442079685 0.00939771612506767 -0.852455495729697 -0.146794326746563
-0.0271767656021578 0.0178184396248052 -0.419357404887583 0.601545382371948
-0.0203859024731444 -0.00166071774411001 0.167901544722873 0.496143785620509
-0.0105036439431198 0.00930091767469686 0.282219942590999 0.132248213835391
-0.00194321949655122 0.0173718061854804 0.129908476074343 -0.165835828195761
-0.00846129331597115 0.0102593042652924 -0.0802495999369117 0.103954056266247
-0.01852905272977 0.00911482400932303 -0.194070078195743 -0.152436614295439
-0.0049769775033647 -0.0198518035480403 -0.0936349997087726 -0.411799014202403
-0.0129414415895476 -0.0221613351121516 0.494718970808586 -0.3398436671609
-0.00749017551741563 -0.0344567098894935 0.750176988168716 0.323945909323268
-0.00405075155204281 -0.0245675533292754 0.204855779129581 0.815216263420878
0.00241950217737687 -0.0497734993942523 -0.290982422788517 0.493354791369095
0.0166902944995409 -0.0574551487270259 0.048977683907205 0.0339736571290613
0.000218448705582148 -0.0626738467586863 0.228787114852823 -0.532010957839309
-0.0303557589682036 -0.0256113389477811 -0.388254034764332 -0.801348518220612
-0.0227760457701481 0.0113615523340092 -0.852170821689439 -0.0478687982574426
-0.0275946559363407 0.0178970205253753 -0.34774643777632 0.640277340102421
-0.0137643914518247 0.00133766865712512 0.206806936102299 0.475189346568602
-0.00541570068742138 0.0163836844684165 0.285434096574768 0.110920508301836
-0.00114551186275218 0.0203694117181502 0.124804595380998 -0.173117729552414
-0.00776319045078274 0.0144610814789287 -0.0829700242098236 0.0980178155843273
-0.0142222404679399 0.0161978966180523 -0.186795646376534 -0.158849075503283
0.00181536930707718 -0.016048157851646 -0.0587430490311378 -0.41572862669185
-0.00975386521199593 -0.0246825624385315 0.52995399904234 -0.299819548467567
-0.00422731563939605 -0.0336312737792088 0.729371858712442 0.391303417741232
-0.00104751369366283 -0.01421645420344 0.140537654730675 0.838771876036059
-0.00102164380250308 -0.0301937067810543 -0.311837546588554 0.473019147345439
0.00598248118510262 -0.0370119496257156 0.0619327407933326 0.0186637457707419
-0.00462698589029822 -0.0417491694938407 0.206244572559738 -0.551941011409654
-0.0266552160221085 -0.013933637081082 -0.446072728446119 -0.766734102613769
-0.0222980697060879 0.0118103513092645 -0.843007617629465 0.0231820565940955
-0.0262514913385729 0.0157668295144596 -0.29567367596219 0.660064432181054
-0.00592076264588275 0.00482906606862763 0.234796124948558 0.455411735013305
0.0011786218701445 0.0233657844631264 0.286043274657527 0.0941634153045588
0.00224578124052877 0.0223202050040451 0.118216048077865 -0.17838017691918
-0.00459389212403053 0.0180881702881675 -0.0865297791687044 0.0942716287926766
-0.0111072824562426 0.0212607081782281 -0.183292741860062 -0.159392552447356
0.00679491425584439 -0.0130949075619831 -0.0364180723309518 -0.416804984343742
-0.00713078238047986 -0.0257786174858385 0.551998290845176 -0.283901020278168
0.000763911804218853 -0.0311293039400687 0.713120178382972 0.422935033327272
0.000586187633488105 0.00213069827345711 0.109505605161038 0.851382006661352
-0.0110258930699474 -0.00684419186804676 -0.320358175718453 0.463711647440727
-0.00865715968461007 -0.0125787491606216 0.0697106615492275 0.0101010154976935
-0.00982919800181873 -0.0158977116397634 0.19282093423923 -0.562137582045613
-0.0210421614893877 -0.00324221806147956 -0.474557477824283 -0.748025111203166
-0.0192448966222984 0.0105511199333528 -0.838470294553482 0.0571184885966473
-0.02610985468785 0.0142060195219844 -0.267902317154165 0.664742188475549
-0.00185090286101198 0.00868283442936445 0.247460006886426 0.446543852004118
0.00585605266620085 0.0300413338599104 0.286099409350409 0.0870165415440008
0.00675195636651101 0.0250933803168799 0.111768698626739 -0.179499220982545
-0.00155447195851179 0.0212325607611525 -0.0907922280891443 0.0936162264664284
-0.00786925053345705 0.0260425115710802 -0.182469346195396 -0.15490699545463
0.00839797560274181 -0.00829397180371371 -0.0322538155708418 -0.419481366867396
-0.00514534193311868 -0.0257681109232643 0.552438616724842 -0.295800802300813
0.00621148744515298 -0.0287999491936643 0.715818410774488 0.41457267096684
0.00357314291491061 0.0189878818208633 0.116188544147852 0.853082168809132
-0.0234740200106643 0.018092268932989 -0.316482961809906 0.46982021960288
-0.026033918328215 0.0121289870192 0.0717720738463909 0.0115144561313501
-0.0139631911547432 0.00900318507498929 0.195363345387646 -0.560328288971182
-0.0116404377512805 0.00645864553454431 -0.471761290095497 -0.748344578795999
-0.0138751358856095 0.00714003192472726 -0.846268274565659 0.0505818051479099
-0.0239657380010932 0.0118253135526175 -0.275727359259478 0.661218485476445
0.000567174241385658 0.0124479110798823 0.247851337221362 0.443682969416435
0.0098817180229376 0.0368863607551119 0.286693095185019 0.0898055313628825
0.0118386596832523 0.0275784987672246 0.108255634216479 -0.178051260757024
0.00148274909386331 0.0219194742146985 -0.0939867006188465 0.094619716489581
-0.00780351086105346 0.0276165606139443 -0.185248842335849 -0.142805276424462
0.0072879072360309 -0.00528563184542426 -0.0464372055903882 -0.4194408947032
-0.00319703383147 -0.0253937758247043 0.531680409942351 -0.334313263736669
0.0123838936671512 -0.0271391624089788 0.732976418227035 0.364746423218673
0.00804143756726641 0.0332249905256588 0.162930901373177 0.844603377671412
-0.0336923254316327 0.0417959090047276 -0.302206359560098 0.490043256123945
-0.0424986370831517 0.0335870861728598 0.0647238138248239 0.024024815578606
-0.0190740038249058 0.0315395644831676 0.211514992352054 -0.544537737925504
-0.00520616808313324 0.0173686413570836 -0.44083655572471 -0.771639545917609
-0.00706566367787361 0.00443897629060826 -0.857437056279895 -0.00230443279102649
-0.0221064514896487 0.00982340339947537 -0.312874041228038 0.641048776556548
0.000709863760468873 0.0180902851838082 0.232140182887106 0.4512345240033
0.010909434959956 0.0401962749972258 0.285865553924181 0.103126995508566
0.0165447611332625 0.0287850760503409 0.104584897413318 -0.17278864724743
-0.0046372510877598 0.00367001216414043 -0.0782177447265526 0.123028611508657
-0.027647284186736 -0.00153819615322857 -0.211244762867035 -0.103317086636216
-0.0252606102410602 -0.0158716134565928 -0.206925852480007 -0.376982160906579
-0.014827486593394 -0.0125614303475677 0.314321420340846 -0.492011269933381
-0.00352475850138987 -0.0291388963858312 0.771413920007501 0.0120638193997489
-0.000694805060775888 -0.0206295982542248 0.450447800393907 0.683786182497914
-0.0134095260458245 -0.056658598288075 -0.18128435026718 0.576374078452451
0.0107352368799833 -0.0700551145147597 -0.00053113154002861 0.106353858414862
0.00610672199777235 -0.0768848919370236 0.304201517304328 -0.422412599732579
-0.0205607385060119 -0.0410936413448339 -0.124441295153603 -0.898462796644067
-0.00996059373017693 0.00311295854227743 -0.818555930742739 -0.373287234142177
-0.0261777912251131 0.0159769068438542 -0.559935024931464 0.483999444005745
-0.0316044416452847 -0.0030659443309338 0.0790894004628697 0.522872318468439
-0.0186181173939426 0.0028580205349257 0.270828911472628 0.179350656488508
0.00168886734846371 0.0127990737165454 0.136007631667756 -0.14648573321322
-0.00714765435658186 0.00415850855230662 -0.0768298477292715 0.117304332330346
-0.0251549849014581 -0.000428203185046118 -0.20810658385591 -0.121379776975477
-0.0202342018994587 -0.0191630478915049 -0.173801467451548 -0.39199020698357
-0.0159203793855661 -0.0154421527397541 0.377572811274415 -0.447045565673517
-0.00693781993073556 -0.0308050654703784 0.779563130346976 0.115539411896136
-0.00579629605812745 -0.0270034667346597 0.377350416811288 0.732269935538944
-0.00594083630681635 -0.0646394786949978 -0.219151363365466 0.548710553019411
0.0205103459161271 -0.0750009039180454 0.0150714977385128 0.0824212022436289
0.00699077411909954 -0.0824569842766315 0.280436205464133 -0.460913105165959
-0.0259220766374932 -0.0418964180511434 -0.218760270886668 -0.872372860222138
-0.0159495596883949 0.00632921462187148 -0.843424644706943 -0.261061307093839
-0.02803987994906 0.0171269268987662 -0.492001509691072 0.548094253206387
-0.0269372932585055 -0.00287264743332306 0.122995789060947 0.512178087775412
-0.0149048269209193 0.00518697322723753 0.277609401370574 0.155514552292502
-0.000387713178113704 0.0149573800969132 0.133817936809973 -0.156172414052701
-0.00812463626465067 0.0067380593271694 -0.0785005259905278 0.10915835386349
-0.0224615108839665 0.00406057742092696 -0.202673419378987 -0.139063647759862
-0.0127074399962839 -0.0200426491405125 -0.132638733095611 -0.402627649388271
-0.0151618831493678 -0.018245428873803 0.441069301568331 -0.393438249605464
-0.00824287141205181 -0.0331757049358065 0.7703922348346 0.221891649088513
-0.00623865573016197 -0.0282486003105285 0.290394836464881 0.778971020660073
0.000317920722067181 -0.0620718989356159 -0.258216008008604 0.52031661944542
0.0221436486363184 -0.0705838447355453 0.032593739649965 0.0574752792792085
0.00380631228832954 -0.0770447008708753 0.254416045399883 -0.49979344571469
-0.0306195816460852 -0.035516277692789 -0.312040524951336 -0.83701836008698
-0.0211130755376857 0.00927512869079605 -0.85166507858636 -0.144035988928855
-0.0284975980371237 0.0173246308781802 -0.414463705441746 0.601921187418189
-0.0208077991626118 -0.00122705019230128 0.170025968635182 0.495100484818578
-0.0106982253721698 0.00985642363595831 0.283489694746661 0.130806796208232
-0.00100534636979663 0.017327525637844 0.129094123817922 -0.165087055901872
-0.00844604615725876 0.0102332921595405 -0.0796149572880816 0.102729799797763
-0.0182119497081253 0.00976751676639785 -0.195210248478019 -0.151495377184773
-0.00537821157494972 -0.0192636506820053 -0.0906763536306985 -0.4098832046029
-0.0131414863037947 -0.0223970904734935 0.493919684767726 -0.340855108086813
-0.0077884399154266 -0.0346465936474779 0.751166058343188 0.318920504997404
-0.00485861734192312 -0.0247452759912585 0.206959027947467 0.814079766370954
0.00208082935795136 -0.0501297844279364 -0.29038785802616 0.493539738014276
0.0167085242403329 -0.0575304639791836 0.0486971830004075 0.0345437060737683
-0.000476210734692506 -0.0618457810456984 0.225441234721691 -0.531116121375287
-0.0315607462478799 -0.0259004316114643 -0.390394588077448 -0.796907183390855
-0.0230471096182287 0.0114640560295752 -0.848796645507497 -0.0442774714223265
-0.0274677731150653 0.0181441592545922 -0.343309402772095 0.641203414096007
-0.0134216467878379 0.00147876572128654 0.209464364552565 0.474790394678693
-0.00452388003058271 0.0177257176606289 0.285490047683862 0.108175009084358
0.000396886688952786 0.0199751494918185 0.123441751530185 -0.171958000019969
-0.00646029501057164 0.014320717174293 -0.0836001855456722 0.0965794981987405
-0.0134202047960526 0.0153568750858522 -0.187150168815706 -0.157710720693604
0.00152059080185848 -0.0176383040422939 -0.0577886784427097 -0.41335549422252
-0.00954026384976211 -0.0242612850034241 0.531162748226571 -0.300365820852131
-0.00425868242037259 -0.0341633675195035 0.729016351540685 0.38882980372767
-0.00125132253989994 -0.014177832799897 0.14178065493288 0.836527661619112
-0.00149376226247871 -0.0297697576137931 -0.309167511719272 0.472798011702708
0.00684004161148958 -0.0375534370700807 0.0613460596223931 0.0179787477425689
-0.00630421801456134 -0.0402917819876448 0.203283198194895 -0.549831887848124
-0.0274736364357676 -0.0148173914930921 -0.446753853969862 -0.763541434762309
-0.0220336602948969 0.0111922262065866 -0.840677251183336 0.0267245934663008
-0.0278195911815323 0.0172185856940075 -0.290105144007409 0.661606085437394
-0.00673971757492464 0.00457740720946751 0.234391512157323 0.454573563185955
0.00203149719877741 0.0229173174025753 0.286765845460131 0.092916437687806
0.00310074566953168 0.0221486760692976 0.117537169933458 -0.177712176651083
-0.00424408832297142 0.0182352651829489 -0.0871073920895493 0.0940744163724578
-0.0112409702569298 0.0216931094872368 -0.183327675852882 -0.158005228790821
0.0065626056730077 -0.0142277189309649 -0.0378489047294754 -0.415429065114781
-0.00758119059036627 -0.0258187774989423 0.551319576107147 -0.28629692499854
0.00099986965838468 -0.0318218769309428 0.713331205186315 0.421219372860448
0.000216282783931077 0.00146377428684377 0.111633340142138 0.847068309333786
-0.0105860306233012 -0.00713106449426749 -0.320029895630197 0.463439063655169
-0.00873450244939657 -0.0124351942150478 0.0684952920486062 0.010065204554907
-0.00992410137828175 -0.0146584235616917 0.191004964761835 -0.559886205896517
-0.0217462413381473 -0.003252154446493 -0.475719403827388 -0.74367734441646
-0.0190987004198034 0.00967958982005155 -0.837759809987745 0.05675187560099
-0.0257723050735284 0.0144333843915997 -0.264947251094429 0.668426607132939
-0.00208630233149122 0.0088656890686291 0.248935503248575 0.444222267078818
0.00678561013787855 0.0315313111349706 0.286353317017065 0.0851675819251576
0.00781516517938347 0.0248946655296136 0.112186846906485 -0.179457915514447
-0.00178999935088241 0.0204076346632657 -0.0913327193765096 0.0938164198719935
-0.0081586470506411 0.0257830317284599 -0.182809653469327 -0.152372632371545
0.00831632069056413 -0.00960841000554054 -0.0329119300109143 -0.417057718815466
-0.00429723159393753 -0.025871370066461 0.552709668794897 -0.298326929661125
0.00643055400687639 -0.0288605046782632 0.716752245702494 0.410793481601843
0.00266571351783145 0.0176761133257587 0.116536586365303 0.851873563648798
-0.0230087596974576 0.019565073623126 -0.314882595435473 0.471663848953778
-0.0260802127301834 0.0129799083759103 0.0706191634483106 0.0122198703676099
-0.0143984799050028 0.0100487583222036 0.194527516548531 -0.557526782539824
-0.0130353028375204 0.00745709156856812 -0.47408517455624 -0.745238991762278
-0.0139191155960126 0.00735923233106496 -0.844392168138965 0.0542848360948474
-0.0243207161457837 0.012839297081866 -0.27163589533404 0.661402019424758
0.00162881228781953 0.0121170572300629 0.249805049675241 0.442579139276342
0.00988130997284514 0.0363881587064737 0.287074032204034 0.0881917806289044
0.0119848586356951 0.0263258262521466 0.107632648862992 -0.178026882920544
0.00200534845910365 0.0213834234176177 -0.0950883021727666 0.0954780383600606
-0.00696485925528557 0.0288079953740013 -0.185019842648986 -0.142517385708662
0.00720306342840936 -0.00661938144003936 -0.0464846214459511 -0.41858634384423
-0.00326596731151994 -0.0247992156897432 0.530609925285866 -0.336627271487306
0.0120567671904296 -0.0264917821264426 0.731952745026752 0.361753282029334
0.00746794573643693 0.0330380284618817 0.163835235226399 0.842647640167391
-0.0335529603440462 0.041239146774908 -0.299351171080362 0.488827303700136
-0.0420366792338929 0.0337626361960877 0.0657941812914231 0.0235421278391821
-0.0191245487885475 0.0313606076301766 0.209014578991336 -0.543710646905348
-0.00483297502866087 0.0168813184112541 -0.44179399975941 -0.769817694790774
-0.00753057945082777 0.00458114611646606 -0.856665250284772 0.00198867448335956
-0.0216956406227429 0.0100939785592621 -0.309218325127745 0.642538307816124
0.00177534751639616 0.0171040711263246 0.23373306033602 0.450449339113432
0.0114418738745653 0.0397301013360462 0.286574507636403 0.101224342734264
0.0152063473193314 0.0277567654938973 0.104613913442283 -0.171695804431937
-0.00446217140908431 0.00315433856100489 -0.0786200199061182 0.123096690745314
-0.0277803649565953 -0.00166600127483105 -0.211605633878173 -0.101896162636721
-0.0248353643884411 -0.0155929706952358 -0.207504434183596 -0.376399339626179
-0.0156748884378413 -0.01150577115913 0.313693104187798 -0.490972338232601
-0.00306226306979502 -0.0294293460150275 0.770834994422448 0.0106413251820707
-0.000929960789524472 -0.0209057296860575 0.45129866500395 0.681605185927903
-0.0139601949777614 -0.055809074987823 -0.181923485925742 0.574985167993029
0.011616967546946 -0.0696404363557865 -0.00115146794644113 0.105948310026687
0.00641244819909766 -0.076772191597288 0.301354798645544 -0.422832006185473
-0.0220466874320066 -0.0415043194303785 -0.126875566101095 -0.898444653065245
-0.0100688264788245 0.00323654840802536 -0.820630288566311 -0.372330177823582
-0.0242964958635085 0.0166302815131798 -0.558903747340501 0.487227133985864
-0.0319195424011083 -0.00260088893901074 0.0810764474169549 0.521402681372351
-0.0184376796221611 0.00326442607525501 0.271815729074533 0.178212355734587
0.00224039219015153 0.0132532653079269 0.136089092133348 -0.146834501077734
-0.00690919195470721 0.0048069252520244 -0.0764957252625397 0.116244339874246
-0.0255364521792909 0.00051842195618908 -0.20805680578616 -0.121012281062698
-0.0199793106168332 -0.0186012593144829 -0.173278807926008 -0.39077823650223
-0.0158085231114312 -0.0147094266731123 0.376505891096805 -0.447927625449071
-0.00728184976563971 -0.0314150865814772 0.778626239073876 0.112627224492418
-0.00510014802869645 -0.0276095059389485 0.378885283449889 0.732458782325116
-0.00673876851238798 -0.063219853068104 -0.219576463213395 0.550205234564594
0.0208618291646028 -0.0749324757477268 0.0143181933551237 0.081672553471369
0.0069836012746052 -0.0818864482617465 0.278335399562761 -0.46008850883495
-0.0274535592323929 -0.0413740681763611 -0.219673708308785 -0.87414039899831
-0.0161460850330231 0.00586251120182423 -0.841763219980197 -0.258808194263306
-0.0277219592425886 0.0177714365687593 -0.489559162297538 0.550330135154005
-0.0268723572658396 -0.00202860565044296 0.125942373803671 0.511921677942793
-0.0141580339700941 0.0060954370340939 0.27811375448331 0.154723090345976
0.000941511068327214 0.0141420637303863 0.13368635532279 -0.155830173158003
-0.00919998986758301 0.00681527069668637 -0.0781972499738189 0.109304170894893
-0.0220229551886046 0.00445904895835938 -0.2020592648963 -0.137164467347554
-0.0135891205244445 -0.0203936796649991 -0.132531709569303 -0.401812504302094
-0.0150790915156512 -0.0175222152818455 0.441360353283076 -0.395203663839748
-0.00853312818263956 -0.0336787445958351 0.772169408257927 0.218776339453133
-0.00596891074446813 -0.0292527059684136 0.291163899763565 0.777096244097718
5.77470562858843E-05 -0.0615029544002898 -0.257746554385083 0.520733813325353
0.0217120636585954 -0.0705470978467487 0.0317985295435779 0.0575209913370395
0.00389227312575352 -0.0768018340024956 0.253396921595929 -0.498467528524775
-0.0307995442393998 -0.03556042706488 -0.314960268068211 -0.838212339885666
-0.0201858180632276 0.00872034501164864 -0.851972062560313 -0.14267727371191
-0.0280393859549043 0.0174433548325582 -0.413113953635793 0.603937761300672
-0.0207883234578771 -0.0011361283809059 0.171948197878702 0.493626190188881
-0.00978176917470596 0.01109853759609 0.283468763636963 0.12985924791667
-0.00125707932802751 0.0163497914886792 0.129348897213355 -0.164825893010275
-0.0082209471207118 0.0101677971160143 -0.080120709476585 0.101677315359567
-0.0181989080434023 0.00886357239834782 -0.194673326101734 -0.149928228140187
-0.00525621538224256 -0.0196401272380075 -0.0908735854924682 -0.408318005231885
-0.0125206057374643 -0.0212094630804491 0.495744630396898 -0.341741837731753
-0.00712145739250344 -0.0340358905211775 0.751868204744881 0.315947030066311
-0.0049621946983885 -0.0240410036593439 0.208388426954692 0.812854927162876
0.00223181825857966 -0.0494436168687615 -0.289067178586727 0.493301483853355
0.0171079697076713 -0.0568991068934077 0.0478556742391665 0.0339487933641763
-0.000786243236323963 -0.0611928879061123 0.223506591965159 -0.529065098393871
-0.0320674039882041 -0.0256824319440605 -0.393047192461098 -0.795315172461976
-0.0221147794332298 0.0111878642948427 -0.848619208254607 -0.0414797641293589
-0.0268671945938872 0.0176722472609451 -0.339015341244831 0.642524473070225
-0.0140028781958476 0.00193439398275375 0.210529142507438 0.472122060174996
-0.00362968428097957 0.0169904121507071 0.287431922724348 0.10741709772357
0.000520404978717335 0.0198431204029843 0.123758088740414 -0.172850691932543
-0.00649139561230538 0.0144280296448777 -0.0824553423550455 0.0967226220665316
-0.0137163633603454 0.0154311023168323 -0.188646447632905 -0.156798332321679
0.00200439525766889 -0.0170410605555051 -0.057908261451316 -0.412397492417537
-0.00925284969961467 -0.0237795985193495 0.53246026044528 -0.304092349951637
-0.00412243635785565 -0.0341008174420187 0.729667379825914 0.385023991908114
-0.0029109138178875 -0.0146016927275821 0.14527025463343 0.837449463045047
-0.00127879850178926 -0.0308396839921024 -0.307355999178691 0.471874030172568
0.00657586748395658 -0.0367068821715603 0.0614065005262235 0.0175837471522298
-0.00593716349297265 -0.0400774534026673 0.201047675322554 -0.549782945522292
-0.0282049111978174 -0.0151765095235612 -0.448817868899257 -0.760435833336281
-0.021625541343758 0.011179126958927 -0.842664933853225 0.0290796529198922
-0.0268936340259767 0.0158722040479445 -0.289416189749122 0.662282486377111
-0.00709757016154901 0.00502077124960361 0.238723856679304 0.452593239846247
0.00201711540263749 0.0236070523771031 0.288369085225382 0.0916168779167847
0.00311663321864557 0.0224597554423585 0.117215832128974 -0.178149470965502
-0.0041251536393648 0.0184761194388764 -0.0874570086741076 0.0930005009358585
-0.0100670338678197 0.0210764138265184 -0.183789251522565 -0.156793416749788
0.00665509189466789 -0.0131416586925486 -0.0374229491715804 -0.413056844406927
-0.00718310219784922 -0.0250992141602202 0.550491889096701 -0.287767106872748
0.000591758525230888 -0.0317784845143582 0.71385379960845 0.417721140864707
5.79882961325171E-05 0.00079774451875275 0.114140184663262 0.847521609715642
-0.0116467133370157 -0.00619893984179595 -0.317706925839098 0.464040967980612
-0.00816562144309192 -0.0118028682405089 0.068351147815629 0.00971728324926702
-0.00979799851312129 -0.0139384330077702 0.189300469332732 -0.559799594453596
-0.0216812754615534 -0.00368002552421112 -0.476246871728943 -0.741377407861706
-0.0193291661636817 0.00945847099738656 -0.836403133456519 0.0619465542521795
-0.0255866366112179 0.0143828690286719 -0.261885523031995 0.669039282891536
-0.00210378251072714 0.00940444653319279 0.251121140760811 0.441918999354316
0.00771677030547422 0.0302982259863134 0.287517310038127 0.0840309699828974
0.00795265577371035 0.0240297635578131 0.111816881612784 -0.179776489610052
-0.00108781537448263 0.0208565753334146 -0.0928201489082609 0.092693197569639
-0.00728730905776531 0.0258621913847166 -0.182127084993888 -0.151119630500294
0.00793970656401903 -0.0105820617837495 -0.0331134372725278 -0.415888411885765
-0.00534592260136009 -0.0243471679099058 0.550483315626977 -0.299996777540324
0.00563497364751364 -0.0286081921953527 0.717944040294169 0.409490698808588
0.00216795428166005 0.0182689879319386 0.121511500176738 0.84867374972864
-0.0233067665212724 0.0193036629269252 -0.312928384648091 0.471425205409173
-0.0253435275390134 0.0116882818013118 0.0697451311600596 0.0113913626949972
-0.013899416897005 0.0107389042303913 0.192337792481078 -0.557470510289875
-0.0134787695091303 0.00752215367868563 -0.477484670205905 -0.744300799589226
-0.0135472608713036 0.00673225483337877 -0.842896750137087 0.0556852487132375
-0.0234095476471223 0.0120843865978606 -0.267732572945254 0.66277173082596
0.000649504531615355 0.0132811380479636 0.251687731031624 0.440851852960688
0.012376306357298 0.0365163483591427 0.287169720541276 0.0867163085736319
0.0125723595005896 0.0262329237620069 0.10733018475807 -0.178083270915648
0.0022187485268888 0.0222153147508207 -0.0953307810759391 0.0936813243326599
-0.00654612825505138 0.0280706611116443 -0.184478083313023 -0.14168030157009
0.00841279020182998 -0.00642762810371938 -0.0465413277168486 -0.417179002992127
-0.0031936372525589 -0.0257968323888461 0.530127407710204 -0.338420866186019
0.0124378300703347 -0.027098337388916 0.734434372379094 0.358394514089464
0.00791525057205339 0.0321265434202325 0.168624395430763 0.843463144131171
-0.0342095760697097 0.0409561974934923 -0.298177073159659 0.48865622954289
-0.0423344968728188 0.0334791766364649 0.0643673497186653 0.0239757552100483
-0.018515770395604 0.0327728935410023 0.206864523073557 -0.542316255336527
-0.00591877779456871 0.0170478589943227 -0.441837653019255 -0.767779162107347
-0.00637642116898728 0.00493172705485942 -0.856657145741891 0.00363665746520651
-0.0219905828185052 0.010049384218157 -0.305765858007728 0.645130406195801
0.000571941574703619 0.0174833883288822 0.236533741928891 0.449245357279809
0.0131524961057775 0.0405388413122477 0.287200538617049 0.100847084322321
0.0168537770189552 0.0275483735940771 0.104874147569307 -0.172081459119085
-0.00460457527582943 0.00241016802921754 -0.0786336333240944 0.122196699104323
-0.027321421730844 -0.00066343377920098 -0.213211250128984 -0.101684464006303
-0.0249314723637394 -0.0161641671898909 -0.206871214107495 -0.373708555084512
-0.0148294607579736 -0.0115526259033812 0.312230868101946 -0.495940547157174
-0.0032101263461219 -0.0297975793615997 0.771214944559591 0.00645364758056965
-0.00143166655472808 -0.0214601091386351 0.452224778704701 0.676490909917706
-0.0145523631971453 -0.0552748971442079 -0.180636618771527 0.575872572116688
0.0111374521916164 -0.0688737281817609 -0.00131195398528677 0.105704765376469
0.00460944195527621 -0.0763075570958575 0.299371730545016 -0.422198502604973
-0.0223164505365799 -0.0406152276525618 -0.129506963251323 -0.897339164765846
-0.00973981834259108 0.00303765690734636 -0.821827263631984 -0.367365252802006
-0.0251536332259262 0.0164123994747319 -0.555380537365089 0.489494195017039
-0.0324548574442429 -0.00206912645731785 0.0825693458063319 0.52124685107273
-0.0182319452738452 0.00309883849361937 0.27286295315899 0.177190508214875
0.00278355300750035 0.0129380755816601 0.136314338205231 -0.146717358463456
-0.00663383379253034 0.00495345240705364 -0.0769958841467221 0.116211995526787
-0.0254178821920617 0.000752758141621385 -0.209501262455396 -0.12012817507402
-0.020024728643498 -0.0185376077509637 -0.174106727745826 -0.389592939668555
-0.0154249457917563 -0.014082489284243 0.376255431494532 -0.449562231715226
-0.00787847140362084 -0.0311025417604795 0.778563287021525 0.109224709824482
-0.00567627195225591 -0.0277179203070696 0.381125153092932 0.728882381456395
-0.00697976686530908 -0.0639564320316178 -0.216998686211429 0.548893233552588
0.0198433055083113 -0.0746215554816371 0.0143094000094752 0.0820580635369561
0.00667302337554434 -0.0804651796190997 0.278090506767944 -0.459488121226731
-0.0276486005634898 -0.0420554206445681 -0.22329774106583 -0.871584660290265
-0.0156457365558018 0.00514663273381653 -0.844015900027674 -0.256625733342605
-0.0269775014026935 0.0175507407663041 -0.486562249374939 0.553582821101515
-0.0274514588951793 -0.00150905226518279 0.128937762974375 0.50963452244075
-0.0136072961661607 0.00543642403670062 0.279321028207012 0.153255652637932
0.000647112848468421 0.014310115309447 0.133344959914124 -0.15584124318648
-0.00786102693400521 0.00704305699956075 -0.0773502759055771 0.108643305689412
-0.0226264258522812 0.0042966132554037 -0.203223749929497 -0.136060117877777
-0.0131120321422782 -0.0202014435513717 -0.133392622776929 -0.40099901636072
-0.0140642178029428 -0.0178445631457201 0.441033608427667 -0.398911568714562
-0.00888682916217321 -0.033199275476673 0.773168031748546 0.214795110323788
-0.00640300920609063 -0.0291655771684166 0.295464448405335 0.776095377881236
-0.000774937228361191 -0.0606535171979287 -0.255953318538863 0.522127160029593
0.0218323945962559 -0.0694885357289768 0.0320835415264583 0.0564999949030112
0.00312607014013015 -0.0760841079789422 0.250242063839025 -0.498530830652218
-0.0316350440583723 -0.0360721587440726 -0.316153006639246 -0.834891759632355
-0.0199660509186232 0.00899986298962096 -0.853147031587877 -0.139280907914862
-0.0278356910074765 0.0176452675372374 -0.409736241740855 0.608250840681899
-0.0208566485421931 -0.00105654922076 0.174326820239422 0.493961844053314
-0.00842028043491171 0.0108299616418015 0.284343508455735 0.129171311301713
0.000221294326040844 0.0156495366873951 0.129959845658535 -0.164161247333153
-0.00847738575961595 0.01099920299385 -0.0792577305478349 0.101834844257032
-0.0172546908703009 0.00956937083861468 -0.196820203012638 -0.149646388727684
-0.00484036121944204 -0.0198669735784323 -0.0936555920082513 -0.406698909819353
-0.0123114949021101 -0.0204717808186233 0.494271056383605 -0.344863537606363
-0.0070962003009793 -0.0348668401657755 0.753434929612782 0.312485980525172
-0.00488690627208155 -0.0256186355226734 0.211730450777532 0.811730172549654
0.00188898868147928 -0.0491521844476953 -0.287112960134592 0.493343348692496
0.0175110018177462 -0.0571525291224038 0.0486350561583185 0.0343270293806276
-0.00158708656929732 -0.0617364229212379 0.224166817886334 -0.529678273916342
-0.0322026190055803 -0.0253470782822764 -0.394828663009132 -0.794766426577345
-0.0221934751605394 0.011372048086129 -0.849773457282772 -0.0400355105274179
-0.0269970349492396 0.0181002118613295 -0.337475314228768 0.643938750090654
-0.0138017451789053 0.0014337191216991 0.214079110989954 0.472152293143708
-0.00291812378322248 0.017085901277258 0.288053435959914 0.10607363821066
0.00137928015236134 0.0185222979211715 0.123160647466393 -0.17291774946804
-0.00638807877688 0.0139670046436843 -0.083889687691176 0.0968664732338535
-0.0125526379405067 0.015540269314581 -0.189066535860316 -0.155806005932093
0.0021601907743403 -0.0173986473140933 -0.0591353772063854 -0.411094027744974
-0.00969115491825768 -0.0240638565864143 0.530781029941443 -0.306515567866132
-0.00446197589863952 -0.0339629505906121 0.731204382915771 0.381579572792809
-0.00282975470311499 -0.0147917372953743 0.148962042176224 0.836844748594704
-0.00270688842748247 -0.0305118457792586 -0.306883741925464 0.474039557563302
0.00670806210763753 -0.0368342864311938 0.0608409344382067 0.0178649200672071
-0.00643560690440144 -0.039188518310606 0.200011476548789 -0.551231944283384
-0.0288837896795663 -0.0139925017965907 -0.451700434247305 -0.758695266453275
-0.0216047057863239 0.012116335865669 -0.840840209021834 0.0318017454909532
-0.0267176054334852 0.0164056565339851 -0.28411320096015 0.664489869473318
-0.00757015719718745 0.00573785794495481 0.240610235024782 0.451600774246549
0.0031798728944183 0.0237011667538425 0.288923099932482 0.0895432785701245
0.00375306193441207 0.0213081187676806 0.117797626586938 -0.177208809290825
-0.00394565813943441 0.0181497878390826 -0.0878312484935587 0.0935013809103317
-0.00958559566451228 0.0212224606353769 -0.184399733095522 -0.156466167543593
0.00622668285027603 -0.0141396832071314 -0.0373305573920577 -0.41321320031603
-0.00688301998632827 -0.02526896057603 0.551316056044959 -0.29150399528173
-0.000110971733049696 -0.0315064888270608 0.715932486586638 0.414222367080641
-0.000647621545689954 0.00130479423791966 0.117553855689439 0.847666744672193
-0.0120701652042911 -0.00582332560951124 -0.316367598366855 0.465879224871633
-0.00794674906296981 -0.0120205246253396 0.0687536749683518 0.00992503805032661
-0.00935709570344577 -0.0139344403273966 0.187544868954243 -0.558980715715847
-0.0226271252546666 -0.00303863458477694 -0.478831234535761 -0.741673218987995
-0.0186406691458598 0.0095007242514161 -0.837311092816864 0.0634445472290418
-0.0253300866872003 0.0149500505252437 -0.258253714838172 0.66924466681766
-0.00226728776252288 0.0089414566860194 0.252456051541403 0.441501483864307
0.00857494086800376 0.0303407074519408 0.288830207626775 0.0825401933842907
0.00818363895214048 0.0241627246434645 0.112107369464482 -0.179319497225344
-0.000664833850852644 0.0209745843812283 -0.092496055828328 0.0926799034458523
-0.00659559841425504 0.0261687401519893 -0.183524707540532 -0.151810444797013
0.00817834365265594 -0.010572445310801 -0.0331527451817532 -0.416023176898002
-0.00469000185912261 -0.0253854229063285 0.552703413359935 -0.304586402332675
0.00684886838863193 -0.0287292546685222 0.718636896153765 0.405564844721724
0.00273812527187423 0.0171905095802021 0.123011214905325 0.848688570615507
-0.0226390345836303 0.0192624181061038 -0.312470159258838 0.471519564887894
-0.0247296345332333 0.0128712879283664 0.0701686699893294 0.0109119039992069
-0.0141777487541398 0.0110038052485461 0.189805789776931 -0.556897690460388
-0.0133182603534836 0.00753871052012891 -0.477344275842775 -0.741577249117972
-0.0135980202190762 0.00767117926446015 -0.845490702449043 0.0596290099570181
-0.0239799960119525 0.0128285899008168 -0.26519221717094 0.665544633017131
0.000285556560770004 0.0125727727816651 0.253189247891694 0.439487781447362
0.0134887961761379 0.03565871249197 0.289002228888326 0.0856835082770486
0.0125128372441166 0.024772262144994 0.107641962703068 -0.177335674910448
0.00182055660428977 0.0214538548176233 -0.0971943332470801 0.094037189477446
-0.00681592085417752 0.0285876037414842 -0.185740483423543 -0.141464363677462
0.00732315055097985 -0.00607307681475736 -0.0472179019784006 -0.416727514782409
-0.00290421365828527 -0.0248076440149126 0.530546346863192 -0.342444916075457
0.0114953823887782 -0.026845761107916 0.734275472295395 0.354894977732319
0.00806883815825278 0.0319708514720341 0.171090312502785 0.841071529021553
-0.0340033069582364 0.0419751371335087 -0.295037812426879 0.490332621720847
-0.0413178542857679 0.0338620678333843 0.0648620367554782 0.022683085630071
-0.0195861818896786 0.0333119124419922 0.205629235961244 -0.54333259623765
-0.00619572410182783 0.0176765820876655 -0.446917766198302 -0.767160657122091
-0.00650464813070227 0.00318080538430138 -0.855058801502192 0.00681188429220716
-0.0211598475472972 0.0101921140811297 -0.300873441692564 0.646698731765345
0.00086625333429766 0.0172026363009043 0.238099903755149 0.446737468218007
0.0142220055284956 0.0404316396299994 0.288719016764318 0.0987644176511263
0.0164196445419583 0.026684329037736 0.10473126343666 -0.173364801743743
-0.00392315761557965 0.00349254596400355 -0.0789407234148065 0.123064312360031
-0.027123598875641 -0.000613006530784021 -0.214843750188116 -0.0995475356794693
-0.025114911439943 -0.0161508679699529 -0.20788071103732 -0.374018386853549
-0.0155049023108359 -0.0111407424944505 0.310653707436976 -0.495426012939967
-0.00307937323816392 -0.030090119891366 0.773970673818617 0.00403556512094681
-0.000347428202573975 -0.0218046503989413 0.456637399441463 0.678042341885432
-0.0149684705655096 -0.0550998893837493 -0.177995777234082 0.576282215012306
0.0116856026177489 -0.0691545768230567 -0.000511812167381444 0.105465933570521
0.00479852634401428 -0.0756376310363522 0.297873820240961 -0.421958356518362
-0.0233654525135449 -0.0410700324481248 -0.134817380471399 -0.898215319469896
-0.00871693984693942 0.00378662945326 -0.825268746703472 -0.364481005162615
-0.0249885744841373 0.0172415029879494 -0.554018551513298 0.494537813101351
-0.0316413886470889 -0.00274913773745773 0.0865814773976381 0.521406220849112
-0.0165332946050704 0.00368026701391742 0.274310657976347 0.175532413967609
0.00337103934884463 0.0126680383504586 0.136771942454888 -0.147419030712523
-0.00647174007611915 0.00471066518519329 -0.0788338517444171 0.115297060536326
-0.0249697544755696 0.00128439267558506 -0.211126377341655 -0.119514000890792
-0.0200822833716933 -0.0181305170209246 -0.173848256439142 -0.387520291878673
-0.015169919033094 -0.0135906817878394 0.374680146579192 -0.451635594236832
-0.00803690726777264 -0.030947227370127 0.781180498935974 0.108023987470681
-0.0056592772178393 -0.0270081623290649 0.384689742248193 0.727759192870371
-0.00801028521882828 -0.0637371585094953 -0.215496712444263 0.55036231781313
0.0201093322262165 -0.0743883528740164 0.0149978495678464 0.081730823037197
0.00529508509617299 -0.0813828221235933 0.27755606330204 -0.459442162470388
-0.0283882365048671 -0.0411500983415766 -0.226445373660965 -0.872803319606962
-0.0153140571740001 0.00612672421129049 -0.846795031250733 -0.253399972545337
-0.0262668340061727 0.0176296402848691 -0.483936357620598 0.556134565178647
-0.0269677096479105 -0.00223344229049887 0.131752687068663 0.509579361946395
-0.0131723649893713 0.00544681396993291 0.28100340501918 0.152110043648778
0.00183764430617557 0.0134161219891747 0.133942800502852 -0.155447424929488
-0.00781464593039514 0.00708270898924324 -0.0787587740573235 0.107751177318014
-0.0213864818254251 0.00516592959577759 -0.20539317029657 -0.135987124029486
-0.0130092338044111 -0.0200455375926933 -0.134327976672723 -0.398723771796501
-0.0146220993615149 -0.0169527196119835 0.440458144325198 -0.400095617122124
-0.00880966659798001 -0.0335980554492976 0.775578821821657 0.211586838050519
-0.00634657018155671 -0.0296739726538062 0.299450744896552 0.775038317220939
-0.00124109263095966 -0.0616775106932194 -0.255352251930501 0.522329396945244
0.0218535281555243 -0.0702880776923163 0.032395588886745 0.0565302744748719
0.0019977498227997 -0.0753910664178903 0.248558639035615 -0.498967112166577
-0.0327122430419018 -0.0347958679481061 -0.320599131521752 -0.834956638274528
-0.019787983109445 0.00823476280127747 -0.855027047968188 -0.135900887649882
-0.0269440373469541 0.0184106951744215 -0.405738073231054 0.610669378840913
-0.0206123280199409 -0.00113402365449795 0.178693071625326 0.493010237653921
-0.00862998878336968 0.0109352992391636 0.285972299657046 0.127076243215545
0.00132780077065974 0.0162429057189801 0.129390919218485 -0.165893394559795
-0.0073225254310023 0.0100719059750983 -0.0801821119800885 0.101670911488276
-0.0174956310814034 0.00995656481310285 -0.198768324822789 -0.148500179030713
-0.00390536621719051 -0.020561002987619 -0.093229964109638 -0.406395979281432
-0.013065722378945 -0.0204741631585213 0.494378410500183 -0.34744458879278
-0.00747677324955115 -0.0341191149857112 0.755852814365338 0.30997008791985
-0.00520784484932511 -0.0257678971504094 0.215448682572527 0.811014093925062
0.000692801031443351 -0.0500613571949458 -0.286302412051328 0.496728772355881
0.0170358024517375 -0.0560314587081629 0.04823318845023 0.0347592694996026
-0.00140167323590315 -0.0609055883160839 0.21969232759556 -0.529689623366532
-0.0336745731925801 -0.025461434989633 -0.399778927945144 -0.793977543934592
-0.0218319260376203 0.0111808698920575 -0.850931728447171 -0.0379925348656699
-0.0266315032808505 0.018104444403757 -0.334131106728672 0.647102255048263
-0.0140982797943781 0.00176242391145425 0.216684987489968 0.471632258046655
-0.000901490785903245 0.017882544185908 0.289037075195281 0.105302973140332
0.00103769745266883 0.0174950112745958 0.122976003543632 -0.172742729896122
-0.00617057407291681 0.014309641190437 -0.0843651339217332 0.0955546776339753
-0.013172045478281 0.0152868411707077 -0.189988963209629 -0.155477166684202
0.00241124563422976 -0.0179431143431674 -0.0581813626998158 -0.411439501360797
-0.0108295094570815 -0.0239638065863301 0.532146602716568 -0.308864701806863
-0.00503357064849639 -0.0340924197338443 0.733567148259733 0.379544826365483
-0.00289804696960385 -0.014496105751992 0.151946246647623 0.834990198149406
-0.0019974590497791 -0.0307242214227582 -0.305838106958121 0.474721941029408
0.00728910850612623 -0.0360112494126977 0.0611194850837295 0.0168406446698173
-0.00653566974917718 -0.0382152371704978 0.197355344894031 -0.549291612834853
-0.0300533579177184 -0.0139138580736706 -0.455768434875784 -0.759264589873989
-0.0211448853931981 0.0114738021624591 -0.841609463820034 0.0350021701127781
-0.0260550072955157 0.0166824426629954 -0.280206245775319 0.666573945257875
-0.00821187458666884 0.00598875418772839 0.244919818256831 0.450427061838212
0.00482485761153287 0.0239259351149417 0.289230823226767 0.0877195193718832
0.00391875487747577 0.0216076416058856 0.118147503730572 -0.178622596667989
-0.0022876593736416 0.0185606893576181 -0.0882902347527425 0.0928609090691301
-0.0102440733258433 0.0211047295009288 -0.184926736345908 -0.15610575886795
0.00726970874391781 -0.0144198646902272 -0.0376321741250688 -0.413057126124928
-0.00729540299718846 -0.0249635057815125 0.550895621459764 -0.292969390000635
0.000323219771133272 -0.0321003257401689 0.720000711133485 0.410998331795688
2.00790236621704E-05 0.00101230647930271 0.119542363420441 0.848088073644067
-0.0120224992464004 -0.00594237355647544 -0.31521486758575 0.468307632514355
-0.00760515748852224 -0.0121605514923996 0.0684470383234565 0.00934048745871774
-0.0102464219412818 -0.0140445542109838 0.18649790323584 -0.559802393788025
-0.022488897405517 -0.00298070354270183 -0.483531701841843 -0.739123224383361
-0.0183964858259038 0.00923178131787502 -0.839285956363831 0.0691840147642361
-0.0250767177213305 0.0163770058172132 -0.253890488613445 0.671630829488179
-0.00367899013759779 0.00948552465460369 0.257216198899528 0.440076042428702
0.00952997321505041 0.0319130789924882 0.289499676551737 0.0814288372569275
0.00911051098557859 0.0229245310409134 0.11186935439839 -0.179046336007838
-0.000700221731647759 0.0207857275762217 -0.0940599674956127 0.0918143531527637
-0.00726203372539651 0.0256267989423588 -0.184747567512993 -0.149400257269912
0.00770133892389054 -0.0106120126910553 -0.0327272269143463 -0.415469984532745
-0.00411013504548511 -0.0252854276801569 0.551604686568721 -0.306383585815938
0.00643921355359962 -0.0294357982754118 0.723958864586175 0.402372516503027
0.00328953450883163 0.0175131158717139 0.128446868118674 0.848848083664178
-0.0231453140543142 0.0198603336467191 -0.309637989400233 0.474784067026838
-0.0235878487404176 0.0123734459734461 0.0707060312395003 0.0117837002562861
-0.0144772539220852 0.0120630823966853 0.188776559373947 -0.557380782573574
-0.0144493732813762 0.00793734050683024 -0.482680810188469 -0.740553892825458
-0.012536974034274 0.0071767010583562 -0.844601671982347 0.0644043993514211
-0.0229520116663944 0.0132688684058896 -0.260446456268346 0.666541285391444
0.0003633016844545 0.014247737274221 0.257664790791449 0.441044945354955
0.0136504527324667 0.0354513870216967 0.291049837134882 0.0843331380544732
0.0135143563427534 0.0255921848169839 0.107762960306992 -0.177509585355689
0.00237155549165323 0.0212743050962816 -0.0959780329525798 0.0937694901534193
-0.00598571696120206 0.0286920589115117 -0.186981927685145 -0.140153262866435
0.00830696925516379 -0.00595342379215995 -0.0470551564512435 -0.415364304605842
-0.00270329183095848 -0.0245937381328831 0.530973418863677 -0.346044161554903
0.0111964356000079 -0.0271839315363174 0.739425403055216 0.351562213962405
0.00772188954469811 0.0311901403525615 0.174739245661418 0.839750639031259
-0.0335458069246871 0.0422072800456074 -0.295619765513801 0.493279712187182
-0.0394365175307714 0.0343785333625345 0.0651632335171695 0.0224885694895906
-0.0182703705566661 0.0350605869260488 0.204662691750249 -0.543167729089455
-0.00637454346095207 0.0176922546637345 -0.449021326928756 -0.764873023360821
-0.00601018065885305 0.0021542251335549 -0.857816284669679 0.01065787369331
-0.021360673116293 0.0104720126913781 -0.297672655444913 0.647647603225874
0.0015785219152954 0.0171313707632879 0.242705117406385 0.447597713244792
0.0139425338031282 0.0385930923577312 0.289609944224467 0.0989478104529188
0.0169013273322292 0.0260600813447512 0.104606304138199 -0.171167140407917
-0.00288040918929244 0.00332443857384983 -0.0786924562206134 0.121327575779823
-0.0269527988108334 0.00042971217351061 -0.214430208763021 -0.0988285423753836
-0.0245182939591152 -0.0155653112201113 -0.20932845359102 -0.371541599128553
-0.015009048207192 -0.0106895050568985 0.309408054562279 -0.500585879715878
-0.00295133793563646 -0.0299504509536773 0.772856502037283 -0.000436453547781471
-0.00175770730308773 -0.0222425450056781 0.458835940829128 0.677428096024572
-0.0164079752979764 -0.0551010605414191 -0.176042892761593 0.577592966015282
0.0107715540116569 -0.0688281860371719 9.61802934033092E-05 0.106056254507989
0.00399461814305361 -0.0751614562957172 0.297942235286625 -0.424080977622337
-0.0226556085989271 -0.0409709989062104 -0.139052793854641 -0.898514784020258
-0.00965658136475833 0.00181142323068117 -0.826891780861076 -0.361013524198771
-0.0260591220714578 0.0168524970327017 -0.551299555156493 0.498640185127212
-0.03279349517151 -0.0017295696982525 0.0905740468946573 0.521349036940279
-0.0161374729014246 0.00320942952620356 0.276833281596321 0.175429899824715
0.00437190763642855 0.0127334972207419 0.137199696359178 -0.148203807446128
-0.00621877040727551 0.0046919608848951 -0.077896503870454 0.11499956748668
-0.0246086789106345 0.00170839697405608 -0.211864335566483 -0.118200635619159
-0.0199134913776855 -0.0188791922472644 -0.176387900788052 -0.384843621156045
-0.0154738960518336 -0.0132557316899781 0.37507155159565 -0.456255957761122
-0.00769327495259477 -0.0305815255986397 0.782939620198284 0.0999166847747632
-0.00617119856109529 -0.0281733801315448 0.387324451123072 0.728036066587326
-0.00795875981932861 -0.0628142819877258 -0.212737373275049 0.551775931292905
0.0193018191979883 -0.0744347018255033 0.0151581115377035 0.0809683466338503
0.00594226519845624 -0.0805397703579423 0.272790798383954 -0.462329067508173
-0.029947905229458 -0.0409817040410408 -0.23178102759406 -0.871232295825483
-0.0154062410197109 0.00534407953897276 -0.847853894239297 -0.250105022439746
-0.0265413473703496 0.0180270741810172 -0.482939802379396 0.561461326547676
-0.0275650143109871 -0.00151272211982153 0.136796786645323 0.509631956306518
-0.0125002344876473 0.00637428850102879 0.282998372921 0.150545662157763
0.00162378009058737 0.0135138610549867 0.134242726406118 -0.157190569502503
-0.00729131530396545 0.00683369930326653 -0.0791397872961937 0.10804580832244
-0.0211489402828227 0.00525670728930617 -0.206735017696835 -0.134733626224374
-0.0127512539623668 -0.0200025249678722 -0.13399483694571 -0.39794129889829
-0.0150941919908644 -0.0172816797388424 0.439196352867192 -0.405384025595182
-0.00913792701107216 -0.0337365547415192 0.777349010197821 0.208786561931206
-0.00719003283121066 -0.0298788706080364 0.302415531328588 0.774097754245016
-0.00190925967434645 -0.0609042599972257 -0.251937362902052 0.524099939314478
0.0217121487745924 -0.0695894538677307 0.0320223143934932 0.0561641010728089
0.00189397750190866 -0.0747315565782614 0.246324608871813 -0.500425495927203
-0.0330232344331209 -0.0346166508420228 -0.326263468324746 -0.836983731792743
-0.0196508936351094 0.00863096988639998 -0.856506873874614 -0.13201782170333
-0.0271223353955659 0.01817488908094 -0.403339950622411 0.614463224316024
-0.0216003178219306 -0.000140805614578021 0.18214465548834 0.493358054800109
-0.00793252514672469 0.0108514369142583 0.28843781098379 0.125601814471398
0.000983635237769379 0.015526852907966 0.12900570234867 -0.165203437526907
-0.00728656497916901 0.00996680072872691 -0.0808245447482262 0.100746376918269
-0.01732356964545 0.00970484892667496 -0.199280452414008 -0.147446519126826
-0.00489794578267455 -0.0197420099600265 -0.0942028661147421 -0.405291419142583
-0.0126884873657322 -0.0196623316646301 0.493892963581106 -0.352884930181729
-0.0074093220023793 -0.0340685808446878 0.75794770025066 0.306617202753273
-0.00526506359972133 -0.0253436368921031 0.219822835549598 0.811955533301664
0.000789566794235509 -0.049647929372538 -0.283238785648968 0.498237868879453
0.0180432640696441 -0.0552958994087914 0.0485061329933987 0.0333247177953588
-0.00211598573122597 -0.0604825790983818 0.218649164365958 -0.530370066599793
-0.0341096369090398 -0.0254313079181512 -0.404016238895604 -0.792273302009932
-0.0218215201559442 0.0104261440413069 -0.852974622903342 -0.0308088350275205
-0.0267501772057497 0.018527066480118 -0.331411576689117 0.651762586830385
-0.0148599074067092 0.00208898502569776 0.221085850592315 0.471905149366609
-0.00163249140895924 0.0173970767405351 0.291448346132815 0.103341955829125
0.00278395777725128 0.0166758003797826 0.123858178936529 -0.174484218371891
-0.00578248311784507 0.0150886839597273 -0.0841642773363992 0.0963235472221137
-0.0123174175477569 0.0163959443171615 -0.191790410404103 -0.153390880191037
0.0017010994243965 -0.0181949256688209 -0.0600741472431464 -0.41061797760268
-0.00900996434765903 -0.0229357345117715 0.531058653506584 -0.312482286024189
-0.00475758074392739 -0.0337217249349712 0.73655898027896 0.375421541006882
-0.00318344452673143 -0.0149109492471293 0.159153400459904 0.83325856461655
-0.00273844269276318 -0.0289282969764653 -0.304208451059332 0.477345768566086
0.00824189146105985 -0.0360372079030968 0.0603365393967108 0.0172382991350809
-0.00689601421608179 -0.0382205540206296 0.19702305135691 -0.551280300860239
-0.0304657092157576 -0.0144434583338445 -0.460635329144037 -0.758336508038882
-0.0217905521136216 0.0108266808964618 -0.844043897330956 0.0396408407641426
-0.0267982331725996 0.0176926872313381 -0.277414172907888 0.670244173856542
-0.00704993320537727 0.00580564771670675 0.247497001235572 0.451815286940732
0.00427876234545211 0.0238955336209151 0.292006837269734 0.0877108604274895
0.00517985413611397 0.020132020816588 0.116578124125108 -0.177676309400868
-0.00294755170484465 0.0182633511545078 -0.0888993091607195 0.0911395853361953
-0.00860779273332037 0.0219769346150111 -0.186000879207701 -0.153992666922748
0.00626160469154483 -0.0144151160129271 -0.0378026858276272 -0.412867019617287
-0.00614273834882113 -0.0244077089782157 0.552828404645165 -0.299029260119895
0.000688243189072893 -0.031255053956783 0.722420968595368 0.408137786261418
-0.000146595802024805 0.000386013931223835 0.125237955789343 0.846706195659276
-0.0115022439519745 -0.00522809256009943 -0.311719492259424 0.470691965722763
-0.00789080656651182 -0.0113663397814319 0.0686850910035686 0.0096029102898171
-0.010815532817324 -0.0136801094765561 0.183980972254315 -0.561036128718047
-0.0237150246436805 -0.00265689187152378 -0.487097428163993 -0.737024302987581
-0.0190673773734244 0.00867821998160911 -0.839276959854221 0.0732289288277587
-0.0250990542331774 0.0151033382036665 -0.25010189811806 0.675231741641057
-0.00291339152130719 0.0097244052179823 0.262030126516991 0.439969691944659
0.0101124784554368 0.0314578452704358 0.291836617508584 0.0803015486675885
0.00893962795912571 0.0232319087819878 0.11260885044335 -0.179820084143908
-6.15812808503575E-05 0.0199893556856863 -0.0931153831019551 0.0915845957149189
-0.00639809584649443 0.026205600692398 -0.185748133026008 -0.149789873742537
0.00833140563824631 -0.0102165488728122 -0.0336871460357517 -0.415349537602243
-0.00383370570170132 -0.0247732094878066 0.552492371199738 -0.311594912284273
0.00653814119472011 -0.0291867314395761 0.725044660396339 0.402469383671888
0.00323444943603928 0.0173932391714048 0.13284073954117 0.849179517501706
-0.0239946461899575 0.020089633942465 -0.309469258926845 0.476129134205324
-0.0242776139621465 0.013328041708587 0.0694595448106003 0.0119702574724279
-0.0142217283286349 0.0123770769551689 0.18682835932333 -0.558879240983468
-0.0145898147319001 0.00754862795646672 -0.486995111141498 -0.740056431325772
-0.0131424484030638 0.00535655554893002 -0.846086003084945 0.0663396343075252
-0.0234663220680855 0.0129725220801894 -0.257015543298188 0.669992073654012
0.00026120515360431 0.0135006387517458 0.261589160352631 0.438977637835278
0.0139373901760132 0.036512480247286 0.292134683191428 0.0832718546396462
0.0132165414689637 0.0242795699389082 0.107513363933323 -0.177837429059191
0.00360348863752067 0.0204950607312817 -0.0975840261581283 0.0935594438152996
-0.00625611158481976 0.0281734453835227 -0.188551251719687 -0.138421448973462
0.00678682887654781 -0.00709701496149599 -0.047910764772727 -0.417840413851806
-0.00341123539962835 -0.0240041901104787 0.530674587935556 -0.348934273173514
0.0113625127210797 -0.0269661326260519 0.740503048371809 0.346367080128741
0.00772038583556592 0.0322573969190578 0.177986083114254 0.840571630698989
-0.0341413728222687 0.0424576141267988 -0.29178536868424 0.493945264425277
-0.0412065442553081 0.0345239945877043 0.0648388780533266 0.0223208803449181
-0.0190421906416485 0.0347587137481346 0.201895050253073 -0.543882729080572
-0.00737732357098761 0.0175658026389059 -0.453835449625019 -0.765297718781412
-0.00548331644512749 0.00287632224658483 -0.859637149500846 0.0140111857086047
-0.0218757121462648 0.0115206615228258 -0.293814766545666 0.652981293150262
0.000213686625507324 0.0174525240552465 0.244890555687591 0.446088523132244
0.0148782454430891 0.0391368466004935 0.290718387624107 0.0963689403182419
0.0178329860150048 0.0253522024871695 0.103979189562588 -0.172449943928739
-0.00333432180964138 0.00301137646709115 -0.0790405080562539 0.122570177664456
-0.026732876908527 -0.000646674899708003 -0.217528075406997 -0.0978876211858764
-0.0250927340767449 -0.0152365527395401 -0.210847314213984 -0.371192160190183
-0.0150519039225129 -0.0104797792996057 0.308941472060499 -0.504196973588926
-0.0044171769500418 -0.0298018502213916 0.776910229163111 -0.00621237242932935
-0.00156397668743553 -0.0223495174519716 0.466307740435382 0.673030697408845
-0.0161085780437046 -0.0543696372663878 -0.171163387360291 0.582285748549693
0.0101211881078882 -0.068721863929029 0.000320123032819304 0.106105530864985
0.0027475025445849 -0.0749400831989058 0.29444014357868 -0.424838783612342
-0.025073306140459 -0.0410433304347363 -0.145338821875098 -0.898268658378916
-0.00976515547015212 0.0016362482388023 -0.831741794444895 -0.356682791341037
-0.0256861832474361 0.0170890998407775 -0.549122458363807 0.503400062131477
-0.032779381284077 -0.00168471273045728 0.0955158971189759 0.522083048327215
-0.0152411131375929 0.00374287682969321 0.27890483722765 0.172993080094268
0.0050324680610786 0.0117711006037996 0.137726839706625 -0.148402507768288
-0.00627146109841059 0.00409284748855017 -0.0776152379462446 0.115201215702832
-0.024976024212844 0.00236580619391542 -0.213398877462753 -0.116653110242748
-0.0209691921558908 -0.0186297847382005 -0.176637678071533 -0.38325184141518
-0.0149959854605653 -0.012495303840539 0.373762766846937 -0.460024084918941
-0.008008911636058 -0.0315245755741249 0.787372126664445 0.0984156442359059
-0.00669675627186213 -0.0284295884875733 0.393034220088255 0.726762560637459
-0.00940611332630077 -0.0621007313077563 -0.210213442227498 0.554549597510112
0.0191831402083406 -0.0740439358010625 0.015869930626127 0.0818962745602091
0.00390142830520086 -0.0804823240412148 0.272032370405066 -0.463746421046811
-0.0307269569202435 -0.0411068193947639 -0.238994578353753 -0.873848135192701
-0.0151748893809921 0.00526267552929863 -0.853066534777855 -0.245243299990095
-0.0257003607608654 0.0184982697552572 -0.479198986150926 0.567188080480814
-0.0279155089343954 -0.00182998075178556 0.140958780400847 0.510858410145827
-0.0116889763955461 0.00633547937886222 0.285814109630823 0.149081645946587
0.00217569074963322 0.0128861463213509 0.13346180564929 -0.156897478713383
-0.00731895863371536 0.00744420061599798 -0.0794102430767777 0.108067117591961
-0.0215796413460912 0.0050953584779601 -0.208092621753074 -0.133521483533158
-0.0124984831059302 -0.0198562751207451 -0.135234137412668 -0.398776190548117
-0.0148790935039899 -0.0157409727030516 0.438398395369454 -0.408470136111092
-0.00956366647937654 -0.0329710062884745 0.7809290717667 0.203565694344824
-0.00737328068323429 -0.0305474037875698 0.30784698947221 0.773838818229414
-0.00179991668115541 -0.0601165109685653 -0.250536696007336 0.526502659898193
0.0215800835732682 -0.0701019367721935 0.0314134127322319 0.0562948246784093
0.000618423696588979 -0.0736621286130283 0.244660544888098 -0.501366203431086
-0.0340610129332048 -0.0343789771807489 -0.329997330272621 -0.837293935025905
-0.0191780446603622 0.0082046071290723 -0.859083873669811 -0.126665616298141
-0.0271109448951421 0.0190423506818302 -0.3996889349891 0.619315178601213
-0.0213139739217432 0.000509246275665773 0.186666175221539 0.493006855677818
-0.00717385468971723 0.011381196266554 0.2906758624452 0.12399089580367
0.00138817385522394 0.0153072315716502 0.130188614926561 -0.166009069478891
-0.00657321167933961 0.011051552731303 -0.0801663426645365 0.101711238155476
-0.0161903597545428 0.0103487121536356 -0.201126476483238 -0.146305797418384
-0.00571157852208519 -0.0198326319610173 -0.0948238143387558 -0.40514158373441
-0.0128304385256181 -0.0200991636757476 0.494053446780481 -0.357584150066979
-0.00812774654006949 -0.035330201179163 0.763609447615058 0.301793387101565
-0.00612969288888185 -0.0261056140663199 0.227702343042374 0.810532908823946
8.64945120585721E-05 -0.0490087679894442 -0.279893297145901 0.501118104378863
0.0175775633707351 -0.0561571478563505 0.048149781295858 0.0330395521184038
-0.00371270044329468 -0.059839174995349 0.216034941538813 -0.533609713744552
-0.0347039344518573 -0.0244977512538399 -0.41039252929342 -0.792311186219163
-0.0219005015832935 0.0113091460972224 -0.855308161691083 -0.0257519101582936
-0.0267010598450926 0.0188540396765887 -0.326048320157548 0.655522287732793
-0.0148580267273727 0.00331340865545567 0.224560101276669 0.470771413767154
-0.000787535672543133 0.0184226593244449 0.29312491483965 0.102250818188232
0.00352446187444511 0.0175134864679395 0.12354845805055 -0.174646746402315
-0.00574167057371634 0.0148795482658848 -0.0850033058333917 0.0963036284068401
-0.0123424267469856 0.0166593673689218 -0.192977604406555 -0.153167100698
0.00125703185780613 -0.0177149397589271 -0.0613473326990005 -0.410013068490273
-0.00929885147949233 -0.0227364489067107 0.531930081735591 -0.318050417489138
-0.00501741054607628 -0.034144881403103 0.742349747648751 0.372529576235901
-0.00330072488860211 -0.0157579043202188 0.162476901382734 0.835773752240283
-0.00247920048577726 -0.0289226643099977 -0.302134337601903 0.481329730597
0.00702240412158726 -0.0360439084933557 0.0613392318305823 0.0167631274849641
-0.00684497667555875 -0.0380518434385268 0.191574647297484 -0.553188095102522
-0.0310011984242143 -0.0128498914577381 -0.467063662319978 -0.75624020259608
-0.020928815298421 0.0108590261432187 -0.845169126705885 0.0441676710177189
-0.0260508907433918 0.0181037088116625 -0.273528685200003 0.675918733355307
-0.00847906143897174 0.00588990674805037 0.252486448582113 0.449695531628104
0.00612053596297101 0.0245266449512519 0.29398464592828 0.0849709654017357
0.0048521852029941 0.0208225687996567 0.117698117992259 -0.178686304616317
-0.00260838855584156 0.0178048861300987 -0.0903933668929373 0.0925325692227706
-0.00850851782748719 0.0216236215262977 -0.188211761615811 -0.154135653114396
0.00636394390622901 -0.0143098748613655 -0.0386496856129305 -0.413201744069731
-0.00649068970264641 -0.024602922321072 0.551763249178092 -0.302811411214338
-6.26538377870006E-05 -0.0315500646287998 0.727495970181527 0.404816002746257
-0.00114701232079346 -0.000135698455285079 0.131412829364743 0.848176109341146
-0.0116970647596994 -0.00458677239340267 -0.311361374844336 0.474012703080548
-0.00782636270299775 -0.0127273021549294 0.0678350821219227 0.00854911564388084
-0.010655264661809 -0.0133391068071555 0.181341158332367 -0.561774622043086
-0.0242260462518269 -0.00113212110825823 -0.493792298058573 -0.737502030320898
-0.0177949435770187 0.00927112555693148 -0.84208087467014 0.0778663072749503
-0.0246400596027298 0.0158409668908529 -0.246417153868929 0.679629200513266
-0.0034689453182931 0.00989206676275672 0.265134532735266 0.439132468045344
0.0119838304315604 0.0308830402951741 0.293486159724261 0.0778459315808945
0.0101888611249262 0.0221975784032014 0.111485436930434 -0.18087048446435
0.00112289397761384 0.019521860553126 -0.0944741764573095 0.0913765708118787
-0.00668334380109352 0.0260817991311182 -0.187002949142408 -0.148038235708179
0.00819149878137538 -0.0110516511479161 -0.0349723817182946 -0.417243146633599
-0.00468280861973565 -0.0250644295693994 0.552397663596506 -0.316014554438627
0.00584250268828797 -0.0288100873641995 0.731141386084327 0.394242467397229
0.00230491444004904 0.0168649370116563 0.139898019142242 0.851094926650275
-0.024456435738487 0.0204635315050532 -0.306771043860732 0.478066810217155
-0.0239555404723863 0.0128265350053353 0.0702124484434408 0.0109366340298148
-0.0135890480786772 0.0125793672174601 0.183764472110231 -0.560147330715457
-0.0154454889677779 0.00873081691189365 -0.491458032359656 -0.737195864831447
-0.0128106729123094 0.00568029313146407 -0.848625336321546 0.071843261645677
-0.0236523022494225 0.0133755262350361 -0.252954917493344 0.674337244799245
-5.76521797966238E-05 0.013711234249738 0.265688367710363 0.437647714818051
0.0152839928374711 0.035559325881028 0.293522397718663 0.0819311256741544
0.014059616265905 0.0237700508037364 0.106856160333239 -0.180213411277896
0.00332444257097485 0.0209068623424531 -0.098016273346289 0.0940149283049845
-0.00595874968930938 0.0280668954927673 -0.189184998353287 -0.138220438741662
0.00780505900735381 -0.00716432043343436 -0.0487722538064488 -0.416919172537563
-0.00293239076529507 -0.0249408914631011 0.53126534369434 -0.354705996342658
0.0113809189963152 -0.0280564462416616 0.745155085105242 0.344973607094566
0.00785368901490123 0.0319851542433211 0.1858907241092 0.840689830077947
-0.0336761223219906 0.0429930041340573 -0.291761819480258 0.497260512149181
-0.0403021307492007 0.0341723332365474 0.0640014890996118 0.0219461137291514
-0.0187197393928303 0.0347142393450313 0.200402782068787 -0.542954991881838
-0.00750232990194434 0.0181001898322703 -0.459434034137077 -0.76302010525738
-0.00579411252809258 0.00154273530092251 -0.862316250230208 0.0199733269347338
-0.0217361316696242 0.0113105296716127 -0.291031966177144 0.655818735139835
0.000703520205748966 0.0179364486944202 0.25007221505544 0.446840756961651
0.0164728740252211 0.0395196050399954 0.293250572416028 0.094710210581143
0.0185535549185144 0.0243445017842652 0.105107900397583 -0.172540571165805
-0.00320164540227853 0.00312227181817345 -0.0793437993525767 0.121911028260444
-0.0266703813004702 0.00095196916363524 -0.219843259963496 -0.0965381100216294
-0.0251688514493214 -0.0154502998160337 -0.214003311024855 -0.36930103662568
-0.015442374799794 -0.00972890079543686 0.306880123653605 -0.50780316315804
-0.00381872476443083 -0.0299449912437943 0.77859875564977 -0.0116785549357353
-0.00303107640802509 -0.0227406560040416 0.471613279370311 0.671864103188583
-0.0162243823618434 -0.0547358822351167 -0.167905003348204 0.582979184079243
0.0110743509750023 -0.0685949466468899 0.0014016673294013 0.106245119970684
0.00260339479934928 -0.0740202092844211 0.292162128561727 -0.428071845118563
-0.0260973301411774 -0.0408880241491592 -0.152248186446116 -0.898856667788612
-0.0092950904713715 0.00182851523945044 -0.837510136438013 -0.351455940307062
-0.024689513016994 0.0176526462388812 -0.545651088746637 0.509512086050532
-0.0327831684546117 -0.00139232102763578 0.0997229732290198 0.522199993886891
-0.0154226315667426 0.00372205843252984 0.281562870855441 0.172035251132392
0.00557257816581974 0.011120471875043 0.136883996762304 -0.150198211670044
-0.00612650769902232 0.0048507672559878 -0.0772336537495131 0.115800504565225
-0.0249941253780639 0.00249374862731177 -0.215713809548448 -0.114744297589913
-0.0207197676383019 -0.0183748688304653 -0.180053127868923 -0.383176921213153
-0.0153853608047325 -0.0129474158399954 0.371386407813968 -0.464071325243968
-0.00826359436607401 -0.0314445018279588 0.788581543252247 0.0910544568868543
-0.00682323536530572 -0.0284824174099854 0.398382120450743 0.724907488285462
-0.0096716723120687 -0.0625541588830755 -0.208360888489142 0.556235229855042
0.0188727674832108 -0.0742214771402137 0.0164830466497746 0.0815670270799278
0.00250498131584292 -0.0794202360764357 0.269653240346581 -0.466138836710608
-0.0317798494979003 -0.0414653488359943 -0.245965329041513 -0.873823019411523
-0.0148571091394786 0.00485649141920419 -0.858888054244975 -0.239209111634554
-0.0263276299856842 0.0184703597327008 -0.474983012425142 0.571924590137725
-0.0287595491758236 -0.000623153134071703 0.144535823986905 0.511553191655936
-0.0117458313093793 0.0058382651643857 0.288176910067669 0.146790220062
0.00286889608309865 0.0124491609490284 0.134527017637369 -0.158336042157458
-0.00712805404018306 0.00709401554784546 -0.079012792482828 0.108296266678798
-0.0210337580078937 0.00610028545542352 -0.209216873666874 -0.131575883859695
-0.0133435343204655 -0.0197388423712964 -0.137758631003002 -0.397172934404126
-0.0148875767193958 -0.0161284903910534 0.43869118141685 -0.412333637659711
-0.0100131258071797 -0.0337974386991312 0.784781735319845 0.198320786261894
-0.00796002042900671 -0.0305143007076485 0.315025461986614 0.773365491023459
-0.00294572841722292 -0.0602897605057133 -0.246589880795525 0.53085970743242
0.0209154501636899 -0.0699905042896003 0.0331215339558933 0.0550960700483932
0.000161043639582159 -0.0735889569968392 0.24068886129638 -0.502108961844626
-0.0352810204207465 -0.0345544945933544 -0.338862871533191 -0.836564491577884
-0.0197778979222141 0.00748663442424232 -0.864732519170453 -0.121394408868659
-0.0273098917990575 0.018976791947021 -0.39641395127574 0.625986325471611
-0.0213608589165586 0.000441013059240023 0.191067377750512 0.492248686625212
-0.00581678995566256 0.01109972435723 0.293016487909268 0.121538459595534
0.0019112209768357 0.0152757283954055 0.129242739352028 -0.167476839532333
-0.00675358351990969 0.0108288913910027 -0.0809712725090273 0.102259014818605
-0.0158783299870422 0.010171211690613 -0.201259034838464 -0.144811786731953
-0.00548227592514001 -0.0209572852997026 -0.0987210682276251 -0.406797305602408
-0.0123289772419194 -0.019874860924056 0.493964231608319 -0.361494565321778
-0.00914531295847398 -0.0354553811769818 0.767317252692981 0.297717067036557
-0.00648115806802622 -0.0260268781621275 0.231387731507853 0.812885924221348
0.000222712191548825 -0.0491934278213473 -0.277294581473576 0.503168737828632
0.0171630453720043 -0.0567392555700566 0.04846275230819 0.0327590213245497
-0.00394533670369168 -0.0598098291441151 0.21143387895893 -0.535880401461278
-0.0351600734840665 -0.0247256022596115 -0.4168370076535 -0.791299882435042
-0.0215246267303807 0.0106284021140002 -0.85876548870393 -0.0192872539028748
-0.02627350698057 0.018357904134031 -0.321383717689943 0.659624227187512
-0.014317446148828 0.00341566428982039 0.229635191337931 0.470076990731167
-0.000109911046463572 0.0179611695822823 0.2949745396017 0.100126409885179
0.00344239258764846 0.0172320881384027 0.124030897979775 -0.175217083599556
-0.00517907809109818 0.014998288006567 -0.0851456109589116 0.0959543334367293
-0.0122096416710504 0.0172466842908015 -0.19457426423889 -0.151934820268712
0.00188549766348235 -0.018529267909205 -0.0624212761599168 -0.410228196825909
-0.00978160509474661 -0.0234468625824354 0.532432215047412 -0.323888408872788
-0.00498116774355226 -0.0342044706801152 0.748302182766498 0.366824356124849
-0.00358252671607396 -0.0149873778299455 0.170295351502885 0.838448823460896
-0.00411948070156058 -0.027963429183356 -0.298841945301986 0.484276911727265
0.00695415855768436 -0.0362761089678148 0.0613524618434384 0.0174240430284571
-0.0077330700669228 -0.0380618763740704 0.188742594060085 -0.555220859131962
-0.0319566541972609 -0.0125496891109231 -0.471939738028837 -0.754604061725418
-0.021834363434913 0.0117186929294784 -0.849279635173977 0.0513994947217672
-0.0257847523982469 0.0182846028378211 -0.267557762119018 0.678392894865488
-0.00793249833265287 0.00704714382384843 0.256535756412787 0.450606504191032
0.00629860461150349 0.0240278062760943 0.294637262366809 0.0823139197458094
0.00567278764695235 0.0196937015873509 0.117881487380197 -0.18002904931266
-0.00226772148416186 0.0174390247411423 -0.0904358365129902 0.0929543853666415
-0.0081928214935188 0.0225722906433975 -0.190126047824638 -0.153110165130896
0.00630319593683366 -0.0152884850215482 -0.041536361814334 -0.414980455356499
-0.00682071503468197 -0.0240490315732335 0.55213189835996 -0.307955504669026
-0.00024926342561244 -0.0315630426011951 0.731315809968952 0.400698836141905
-0.00192985306592351 -0.000210577744883169 0.138995261081413 0.848147754613661
-0.0129400792676996 -0.00521078382458903 -0.309457641380438 0.476309386693471
-0.0066374957388226 -0.0118360953093086 0.0684319107471965 0.00732849279932195
-0.0108680264868081 -0.0123381564228417 0.178286260937242 -0.563540412181327
-0.0243330998449546 -0.00229757033910699 -0.501290717334149 -0.734718878600947
-0.0182312433470243 0.00901291193601849 -0.844037566673515 0.083526046127348
-0.0249349761690801 0.016539198969543 -0.239787938081557 0.684634802844045
-0.00272258309779853 0.00999429860743328 0.27078874112063 0.438573651140227
0.0118688407042002 0.0310408761210049 0.296062121199369 0.076392510836513
0.00985076236622253 0.0210239853979108 0.110967422835209 -0.180872138627164
0.000300665569208617 0.0205002160233411 -0.0948186466386807 0.0929019329434571
-0.00599148757507791 0.0264354061712677 -0.188981085642266 -0.147067649960499
0.00867410762255564 -0.0110383378469368 -0.0371485788462473 -0.416610274815439
-0.00387972816182058 -0.0241950848294744 0.551232743805773 -0.322988767183392
0.00508271818143825 -0.0292003238165239 0.734336142214981 0.391536494642687
0.00233645967868623 0.017025913067435 0.14578926537195 0.851368150628237
-0.0238681167453099 0.0209534409160307 -0.302917478450424 0.483392021925556
-0.0239171872833884 0.0132918741654464 0.0697977963335049 0.00972774918044319
-0.0143975495230837 0.0136584414374757 0.179932836123077 -0.561874448257345
-0.016558043682607 0.00929841061099599 -0.498546845118408 -0.736768701915878
-0.0127732590615469 0.00544832616794989 -0.850991268478398 0.0772643632812434
-0.0227117967325281 0.0147450735254645 -0.246526239338353 0.679225933160945
0.000609217325484782 0.0149020965374601 0.270114133479463 0.437079739190128
0.0159997427101067 0.0356811993372648 0.295179033694893 0.0805986312461641
0.0143438590628177 0.0229986893782707 0.107089185833193 -0.179929176448979
0.00345041232788681 0.0211134170873236 -0.0977208312570999 0.0931880083558433
-0.00616663467652094 0.0284394130336264 -0.191644320202359 -0.136978146382808
0.00732121678491037 -0.00734029386303711 -0.051552147704264 -0.4187454478717
-0.00260295196065352 -0.0245213237730986 0.530756797393792 -0.36005851505368
0.0100327646756449 -0.0271352556793201 0.749908426528438 0.339495842887686
0.00761095976956209 0.0318530897502951 0.191843664831705 0.841515486136487
-0.0328244601971711 0.0435443007224172 -0.28727020495473 0.500333809826184
-0.0404338654489359 0.0350144740110811 0.0637774127296843 0.0223426009345586
-0.0180947022470408 0.036348030307708 0.195064464879016 -0.546832956867321
-0.00729733087688959 0.0184233761428563 -0.467700161660551 -0.76178379130017
-0.005111208659226 0.00274218876442623 -0.866096682674705 0.0253453696148735
-0.0221659734266823 0.0116375682403739 -0.284679539389914 0.659886093380028
0.00108274152603839 0.0181098982025432 0.255626670489506 0.445320721328548
0.017265942089773 0.0390766192990377 0.295720379605928 0.0929782045473505
0.018848894468179 0.0224706355893837 0.105718649246368 -0.173395935704881
-0.002666449640431 0.00299070071151312 -0.0786040242142818 0.12248561251044
-0.0267123717837402 0.00159660226590112 -0.220900733053917 -0.0938112002120679
-0.0248487050068035 -0.0155307827536141 -0.215223240015498 -0.367083636904247
-0.0154830849826733 -0.00848782673569004 0.303893977910291 -0.512358813529331
-0.00401349713326959 -0.0296305340988505 0.781392229754558 -0.0185111565582567
-0.00328302166417863 -0.0231055029124665 0.47739304716084 0.670953967970572
-0.0175909760482641 -0.0548853841488773 -0.164507868323885 0.586228986585014
0.00972965201233252 -0.0687215817652582 0.00215389280229843 0.106045082482426
0.00106313310251736 -0.0730684517622212 0.289323765414883 -0.42908665210787
-0.0259276398552538 -0.0400494483919204 -0.15982107604456 -0.900741836285914
-0.00876372536414263 0.0020238151841846 -0.843941225651415 -0.346840394307114
-0.0251793257973306 0.0180386064856326 -0.541759609126123 0.516061675394792
-0.0343460411513414 -0.000512967090623043 0.104438730031815 0.523588444197508
-0.0149586916800608 0.00355065430667777 0.284822019287469 0.169005073148346
0.00617873482569961 0.0110756977239893 0.136903266186513 -0.150719481294162
-0.0053529301242587 0.0050033654660851 -0.0768993212880962 0.115857605605828
-0.0249627096793512 0.0027656989628032 -0.217858636679787 -0.113037939633279
-0.0204033381422304 -0.0182660615153458 -0.181162583875434 -0.381840560585078
-0.0148040931582408 -0.0118042653037004 0.370658611033117 -0.471025160371224
-0.00810155771115495 -0.0319746797104294 0.790867100483141 0.0824718294095084
-0.00723614895508959 -0.0293406143196334 0.407343440854369 0.723048257305166
-0.0108490390413012 -0.0611409948148673 -0.203891949298461 0.56086042855222
0.0186889666127436 -0.0750273463580299 0.0167214223360334 0.0807994641010311
0.00207662772203135 -0.0795165507791125 0.266579136081571 -0.46713630276661
-0.032370917411352 -0.0409484126626401 -0.25231412829438 -0.873972222600095
-0.0146529100208382 0.00537106782380463 -0.861309074922632 -0.233541262935796
-0.0255518126969141 0.0189247990013223 -0.470974920862757 0.577355078379807
-0.0291083813498848 -0.000542276172040956 0.149666319332767 0.510727901961129
-0.0110358654776303 0.006903721982026 0.291322271290352 0.145066828674363
0.00323613736921746 0.0114495804101638 0.134422363387293 -0.160249746324288
-0.0066373043942499 0.00709637638495637 -0.0797310225226554 0.108638998810222
-0.0207919500329585 0.00601014642878113 -0.211531495687094 -0.130196263921916
-0.0137743597380279 -0.0210702569026009 -0.140090564695222 -0.395953755406164
-0.0139941662351434 -0.0150942489659134 0.43749858149505 -0.418515561705997
-0.0107617430291117 -0.0337247050752701 0.787964539355689 0.191120459165507
-0.00810508710208405 -0.0301102228402802 0.321873833437699 0.772650757761824
-0.00426926536536446 -0.0594479521793461 -0.242582123053954 0.534144909916245
0.0210394887435493 -0.0694253671464921 0.0324702303864137 0.0560688695550313
-0.000820517850967388 -0.0744956022519441 0.237996965507846 -0.506526010383392
-0.0359055048754697 -0.0339618914078095 -0.346287664031704 -0.83574836864671
-0.0195669195605421 0.00765076590688525 -0.866459028337275 -0.113921580818621
-0.0268032321463199 0.0199214943593842 -0.390138433409271 0.63081759591735
-0.0221313569651746 0.000563657816308429 0.196606364702519 0.491064010990838
-0.00585664975800686 0.0116551804248381 0.295807709259952 0.119923440257637
0.00256202922705283 0.0142696363149603 0.129418891425966 -0.168071281727337
-0.00689278760393516 0.0104881587845742 -0.0818460500799452 0.100969872130042
-0.0160023390945554 0.0114252252146625 -0.204385028980833 -0.142893031621329
-0.00578278281836225 -0.0197943442651567 -0.0991607939380812 -0.404980216143689
-0.0115876965644832 -0.0193557815105295 0.4923510946554 -0.369421094226652
-0.00928111895575532 -0.0349713447685869 0.772674140336382 0.290335192107726
-0.00640135619603254 -0.0261532551676183 0.240049382426398 0.811597481107914
-0.000801938743163862 -0.0481510759234796 -0.274633675626996 0.507397228157374
0.0171586004880192 -0.0563371708581554 0.0490277625413579 0.0314214637104442
-0.00394799691856993 -0.0592525821585181 0.207674306535892 -0.535921585176607
-0.0365178719022847 -0.0242373695945581 -0.425257880654393 -0.79176798387619
-0.0211778921262537 0.010851241536705 -0.859386242301817 -0.0120791214074725
-0.0268691321290208 0.0198770181462304 -0.314034950000486 0.663960268302222
-0.0148727234037116 0.00419774953844407 0.23633017558481 0.469345005332784
0.000952241208761341 0.0182712786794815 0.299015655532997 0.0967623628661004
0.00313879876957097 0.0167385943660605 0.122858766219642 -0.176113289183111
-0.00529913277852126 0.0153257653445892 -0.0848672542100774 0.0960954171776883
-0.0123113977345139 0.0171824088150447 -0.196692875855103 -0.15035140386208
0.00100934904040117 -0.0185450351388749 -0.0643580921276714 -0.409867624792787
-0.00908902422888121 -0.0219659060961896 0.531046659237336 -0.331343515971538
-0.0055699164242201 -0.0347652957815434 0.751630150926844 0.361470668148475
-0.00426542071201841 -0.0153927075495947 0.176299540276277 0.839112662387843
-0.00410820645069398 -0.0285641765092339 -0.295096260428669 0.487528653679666
0.00684748089841781 -0.035518498354038 0.0609215067508321 0.0155722871724341
-0.00940541702219843 -0.0375723425476263 0.184916387692587 -0.555838831430599
-0.0313007195474925 -0.0122137199637927 -0.48042100397761 -0.753832750535915
-0.0208827419713279 0.010417156640148 -0.848578809634712 0.0595110987149343
-0.0250536494032818 0.018348460947218 -0.260904481559 0.6841571697556
-0.00813618267980309 0.00656718891733903 0.26229825980625 0.447747759835662
0.00668690099071242 0.0241189188505102 0.298636688959457 0.0812265995145889
0.00619416276880195 0.018914562481893 0.116450564472341 -0.18167984912472
-0.00210707684163353 0.0182134379323447 -0.0900201424828294 0.0931108806298638
-0.00805079089951954 0.0228620718468026 -0.192218837061209 -0.15135024839668
0.0060333210408837 -0.0158129420048592 -0.0415447743949813 -0.414579017305594
-0.00680119399534777 -0.0238270617457262 0.55314393973397 -0.315729787876993
-0.000706159689109804 -0.0319635517431428 0.739013068791908 0.391962010798665
-0.00109321612566907 6.92166681272657E-06 0.146452699055813 0.848619588243827
-0.0125326623967437 -0.00413864222697573 -0.305548923544604 0.479898255180704
-0.00735267315906413 -0.0117769506527613 0.0684154465153345 0.00719136783840086
-0.0110020716115612 -0.0113669353456092 0.172440396992077 -0.565804791575976
-0.0259118542876382 -0.00153065106124235 -0.507252869465176 -0.732886872353496
-0.0181852163595148 0.00865580416060504 -0.8445150741814 0.0899724918941654
-0.0245818390373265 0.0169443031369268 -0.23529771412046 0.688258788692086
-0.0034203655291045 0.00955756800625818 0.275197779777808 0.434664307737294
0.0132243169868716 0.0301613312607775 0.297039738475252 0.0731524839421737
0.00958274546746157 0.0209363164558605 0.1114064107986 -0.182597127565949
0.00158685884126261 0.0203325790535987 -0.0944779288198823 0.09257813513902
-0.00532534045269533 0.0260185282612291 -0.190779339431626 -0.145518144377813
0.00837335204893883 -0.0112139085534117 -0.0400803327711666 -0.41745834915883
-0.00426426243793658 -0.0238098420345791 0.550682619315787 -0.328674297964991
0.00449728568348206 -0.0300004888400542 0.73919534271317 0.38485049720722
0.0017473892711861 0.0163841584591268 0.153675489070272 0.852316316113631
-0.0235185098590116 0.0214205196958548 -0.300301681096615 0.486583094586208
-0.0232386900936816 0.0130288699849289 0.070741607067848 0.00907439727850879
-0.0142078781816506 0.0132890652454354 0.17449664369175 -0.564637944647158
-0.0165355925860411 0.0101921468840664 -0.50696582486658 -0.734352128867986
-0.0129971902572381 0.00543048062429926 -0.852622696967789 0.0854718229428289
-0.0235060355614508 0.014329077127552 -0.239450976500131 0.683066529071465
0.000165514090321712 0.0149501040994989 0.275259959042591 0.436184816029926
0.0166432789135451 0.0348434170365023 0.297443344483744 0.0773923433488362
0.014276095665227 0.0221854701255739 0.106832915140258 -0.180373467105532
0.00454105033999896 0.0208802603380213 -0.0983550491952479 0.0936848755334668
-0.00428784403839853 0.0286562511921214 -0.193226223520307 -0.136121027632708
0.00743346508087001 -0.00780905863083835 -0.0529884964563554 -0.419787461916995
-0.00324502545261613 -0.0242635449909441 0.528678480709453 -0.368032641447325
0.0106806192657061 -0.0278073958036008 0.754876829498268 0.334149415843875
0.00733576125201511 0.0314448832925977 0.199822084339355 0.841089914344632
-0.0337426432802185 0.044025252067218 -0.28497746259129 0.503834274707302
-0.039502995484093 0.0342559167018925 0.0637167737161099 0.0218264429970925
-0.0195724245189665 0.0361872445248847 0.193242918954466 -0.549662740157362
-0.00796351420895022 0.0194815857017502 -0.474257125060141 -0.758577643919905
-0.00569253947249289 0.00235902739758705 -0.866118530226364 0.0344437915381219
-0.0213215971775264 0.0121425769932584 -0.279478291742219 0.665053558309888
8.75282345340744E-05 0.0189753122852265 0.258341949031672 0.44525763510985
0.0183746853435423 0.0383640319458345 0.297364114281194 0.0906912095897247
0.019645324134284 0.0226183340826029 0.104232020843949 -0.175197716033264
-0.0023171283636928 0.00347216727622293 -0.0786904571304205 0.122690452755069
-0.0269604656707819 0.00194450210564272 -0.222689219391001 -0.0926796364449238
-0.0256657285572396 -0.0156162446637948 -0.21949154564031 -0.366462749205792
-0.0150371543420003 -0.00883253605319924 0.299917318529827 -0.516836810064792
-0.00452890944095479 -0.0306891628241497 0.782345285385316 -0.0279161301943192
-0.00372483095323802 -0.0238047176777832 0.486204243282008 0.665625542117009
-0.0178199599338881 -0.0526839213100475 -0.157952941120798 0.589948862356497
0.00956705340535131 -0.0689065676425722 0.00342748474621675 0.105896346322407
0.00061399077134288 -0.0732179490892556 0.28470318566438 -0.431019821489865
-0.0271909957727927 -0.0403143004315106 -0.168764282246822 -0.90141298354564
-0.00925570449288032 0.0013646259564664 -0.847712568191797 -0.338592230892709
-0.0248824502681806 0.0184876098006909 -0.537963079482633 0.52355609681468
-0.0337325489094167 0.000555881248081331 0.109089269469885 0.521851901025032
-0.0139982469959455 0.00373794181903733 0.287759830894885 0.165827227057071
0.00642283787811648 0.0105131714963154 0.137309377135777 -0.152690230689732
-0.00494706138861165 0.00425703346706462 -0.0773238897567981 0.115737444287804
-0.0242290361784887 0.00314751180871994 -0.218732715913908 -0.112243648657252
-0.0209809163853766 -0.0184969428592212 -0.18513541591712 -0.381273004630168
-0.0150240273929884 -0.0119514741461615 0.367195755963787 -0.474876011871873
-0.00947120204679073 -0.031415145313195 0.794284864753778 0.0752751801180852
-0.00838231113680945 -0.0294448248673992 0.415224278752978 0.720123902010253
-0.0108996905604516 -0.06194354318052 -0.198543099466722 0.564241864874238
0.0185279254172303 -0.0745016402190054 0.0169750825335507 0.0809619585107439
0.00165897552557569 -0.0787521043018902 0.262039596233083 -0.471308470912334
-0.0325151344702108 -0.0398763330898448 -0.262704565277424 -0.874071049845074
-0.0151875024319948 0.00463355999059791 -0.866340325054089 -0.22350848171983
-0.0264240012729283 0.0197024299007859 -0.464880134805394 0.584390206101006
-0.029143942620504 0.000135743824340076 0.15702768058533 0.510214400694439
-0.0105945934033 0.00728738417255993 0.293632784898733 0.141772479254133
0.00410848553730219 0.0118583328126395 0.13356023267479 -0.161328601445081
-0.00576851732785165 0.00768481026052882 -0.0793557268173428 0.108843694784848
-0.0206481609971118 0.00666977270808749 -0.214989166345242 -0.128671166815012
-0.013663261426368 -0.0205610361288265 -0.143824122081179 -0.395698230907238
-0.0139270599024978 -0.0152867432557265 0.434539910143052 -0.425943421602266
-0.0109495611690832 -0.033898299927957 0.791278117726818 0.184015524878505
-0.00839810757530128 -0.0313694813557347 0.332190800045405 0.772764640221399
-0.00468722716626074 -0.0595352301034344 -0.238589642757581 0.538194234336091
0.0205309322813948 -0.0708355975645583 0.0332068211767147 0.0553729505437318
-0.000549287323259363 -0.0746203669971408 0.233274369924001 -0.509132975942282
-0.0377018040361467 -0.0326893555497673 -0.354762408576001 -0.833245138692916
-0.0190114021988475 0.0077845816927143 -0.870230928584105 -0.105042341920216
-0.0274819143171972 0.0203475123268688 -0.384664196387593 0.636283676996745
-0.0220492174955415 0.00116036903885237 0.203762455688605 0.490122574802786
-0.00437775890666221 0.0113684709283669 0.297728801108955 0.116865255598058
0.00355154959226746 0.0140758644325767 0.129412634008001 -0.17021645119466
-0.005722355145125 0.0112456837344918 -0.0815982545004605 0.102223242296648
-0.0162881035275992 0.0115543976296317 -0.206195286030379 -0.14164444221703
-0.00492114114926001 -0.0209866514970413 -0.103187112126022 -0.405089298771824
-0.0119140506917318 -0.0187713762415814 0.491899277624533 -0.375792144735953
-0.00996307494106455 -0.0353977008481694 0.775853249080699 0.28464940904498
-0.00696204635751698 -0.0274767073476764 0.248864998838595 0.810422959848446
-0.00214308123219402 -0.0478695222816539 -0.270644669373145 0.510856831581647
0.0156860656287192 -0.0566365986993404 0.0486853354425647 0.0319353331806147
-0.00594303054455369 -0.0591142657903118 0.202809271847518 -0.538269027208017
-0.0374785975092322 -0.023398196316352 -0.434082543582573 -0.788053361950897
-0.0213580153705593 0.0102160760156696 -0.863660212474649 -0.00332666125074077
-0.0268346657318032 0.0199901474727682 -0.307899319576892 0.670352008801339
-0.0149800745983366 0.00404726035263079 0.241888240082261 0.466415577416506
0.0017558467410737 0.0179846769781964 0.300513166044271 0.093729454237078
0.00410235817983383 0.016475943268141 0.122603928884123 -0.177446009380652
-0.0039691324215221 0.0141725306976777 -0.0854208260623438 0.096876043242625
-0.0118255554274585 0.0169918351405925 -0.19953802185134 -0.148469352544481
0.00167366718594981 -0.0187839499061738 -0.0672982371976566 -0.410379849612353
-0.00940310980103548 -0.0222641980391415 0.530336852144219 -0.337711413744086
-0.00709660386050025 -0.0351294179160559 0.757532807827565 0.354196302589569
-0.00408876294483801 -0.0162812682981917 0.187115731764523 0.836843927124809
-0.00454333798065646 -0.0281185549593045 -0.291396075086409 0.491778051875466
0.00683450207155508 -0.0364247146610675 0.0611923650906536 0.0143727316596748
-0.00876539690289583 -0.037430244108564 0.180915427195193 -0.558707887533069
-0.0339029942019225 -0.0117622082870073 -0.490240404636822 -0.748503424708338
-0.0206876675594171 0.0103394115195176 -0.853399610942055 0.068704886845961
-0.0258457238712944 0.0191980646035151 -0.252492904919051 0.689457050743376
-0.00820882266336352 0.00706385277785121 0.267177108411212 0.446336677728156
0.00747679491358031 0.0241210948669679 0.300463877737354 0.0778089534752697
0.00690040247646519 0.0185634815927586 0.116496901707444 -0.182599724503762
-0.00146510018960351 0.0176868438070291 -0.0901822148757526 0.0943863819227319
-0.00723820013272689 0.0225330791340791 -0.193471180522807 -0.149012826395485
0.00588846083641265 -0.0161799445041601 -0.0460571659643825 -0.413518744736249
-0.00641607491729351 -0.0238099503882309 0.551160319967561 -0.323015801123715
-0.00166654299989407 -0.0322962691893052 0.743726423767314 0.386739955593207
-0.00170086877644364 0.000197972792738579 0.156206407131828 0.849034554368102
-0.0131585170635376 -0.00368506448995006 -0.301396084257372 0.483555974615769
-0.00758324016795064 -0.0116167322443441 0.0690381439673982 0.00644713477121749
-0.0105407085912546 -0.0107622965396108 0.168323506041343 -0.567602054619551
-0.0260280569940423 -0.00110516964265089 -0.516326740551862 -0.729699363902077
-0.0180319149608284 0.00824192276425888 -0.846428327203421 0.0999509761512089
-0.0251023711889243 0.0175826968161647 -0.225673366835674 0.692288262917068
-0.00262408868363532 0.0107355577155932 0.28094640901982 0.435328716733093
0.0141241488732677 0.0303545767021367 0.299463614348706 0.07080050597964
0.0115370731069313 0.0197491029379285 0.110619411529273 -0.18316874478449
0.00147418832782637 0.0201392463369683 -0.0949757092375873 0.0926427380679068
-0.00479509986839139 0.0261305579660425 -0.19277672305511 -0.143945840515209
0.00806011392802038 -0.0118840740938886 -0.0422289205098567 -0.41906407678153
-0.00415586283024754 -0.0245612729801685 0.550462365808912 -0.335219700003541
0.00400241677153615 -0.0302715014032139 0.74635213443781 0.378300481747354
0.00144269631115174 0.0159981694328872 0.162250423499584 0.851298615322816
-0.0233601311854163 0.0213266681955533 -0.295444089633771 0.489608970638618
-0.0235681897507452 0.0132723083479454 0.0698529437799609 0.00901093865205805
-0.0135461797766917 0.01501193338414 0.169914859740216 -0.56734423168158
-0.0171109199404462 0.00937790199623081 -0.515747997907766 -0.730724438000985
-0.0125209931521344 0.0050521432553723 -0.853658344832074 0.095253643375345
-0.0227646878236335 0.0143484120121377 -0.233459111447743 0.687192506872148
-0.000516724858242465 0.0147075607486227 0.280673355943039 0.43256087796471
0.0177161548917461 0.0351541284664864 0.299735218134573 0.0749239696882469
0.0146361782811872 0.0220937500567001 0.106127657369279 -0.181941453813959
0.0053734937779795 0.0197373450447078 -0.09936775588189 0.0941478093379868
-0.00410717472550017 0.0291925520277611 -0.195721531971499 -0.133115247191464
0.00774787742324189 -0.00792611417524074 -0.0556204322917434 -0.419042294880122
-0.00188502663267874 -0.0241716765612036 0.525493345008612 -0.375158341679304
0.010363497429018 -0.0286360674669436 0.75836375385173 0.325513464366867
0.00736288624131765 0.031042021656448 0.207923629767398 0.839878216511645
-0.0330385553428978 0.0452745741378854 -0.27907637489808 0.506633736513972
-0.0394789101878711 0.0358417051615477 0.0633021950280123 0.0205317751939396
-0.0184393656610616 0.0379973992288333 0.187520083680492 -0.552130736354128
-0.00850343884806688 0.0198553126507539 -0.483686117507147 -0.755606624319205
-0.00588804438833615 0.00218867873137202 -0.868693905093887 0.0423970100864974
-0.0208038985229433 0.0126625998777565 -0.271020981556435 0.670343665255038
0.000301684543921677 0.0183215386216097 0.26649460144605 0.44157671460129
0.0193615705435362 0.0374179076796166 0.299883421266241 0.0881163303252091
0.0198300741345777 0.0234184863467971 0.102725274785633 -0.176534899626103
-0.00208655236406995 0.00297618339260145 -0.0780539630233182 0.122996657817859
-0.0265611684488209 0.00153843606050947 -0.225245689724467 -0.0904242106273194
-0.0257773076316061 -0.0148940319495776 -0.222693755275921 -0.36375517508172
-0.0147516657611694 -0.00770233685042806 0.294971780748245 -0.521628320747513
-0.00569372258980277 -0.030494229775863 0.783608234044558 -0.0362330728394179
-0.0036972871059348 -0.0229840646539428 0.494851898539521 0.661134077763235
-0.0188499940523051 -0.0525086721255488 -0.153311712584584 0.591881102488954
0.00843208529766669 -0.0693874816797596 0.00372908944145999 0.105128217715939
-6.12509529901006E-05 -0.0728901707404713 0.281502038615272 -0.435646268438229
-0.0292301045745248 -0.0393136577551801 -0.178815535408375 -0.899985470009846
-0.00827610440731739 0.000987639536885066 -0.853890904356423 -0.329798626694602
-0.0243429401726135 0.0193943914246822 -0.532747669822072 0.530184552441879
-0.0338280502584969 0.000677985642217669 0.116805949958026 0.521145417352032
-0.0143769843867299 0.00417446270343052 0.290202472792595 0.163869601385963
0.005867905447971 0.00930196236293889 0.135738161868212 -0.153693445572631
-0.00410047656833029 0.00490378734842355 -0.0764829296860171 0.116092814968596
-0.024378653801271 0.00419663506354254 -0.220444470726874 -0.10850467113356
-0.0209973244981788 -0.0177373811962833 -0.18797828691974 -0.378864202557425
-0.0145748726258268 -0.011454970803416 0.362662576970294 -0.48203102384906
-0.00968225901874997 -0.0313469756496545 0.798275103185029 0.0673605954594107
-0.009200902009762 -0.029048266825911 0.425042107162248 0.717743581638754
-0.0113828375406562 -0.0607726521370317 -0.192694117460917 0.566790449277009
0.0172623826183154 -0.0748514454363785 0.0189032200343446 0.0808836636467778
0.000266337385308839 -0.0787910147809287 0.25671796026796 -0.473635722297723
-0.033765594667104 -0.0397145607732313 -0.273668361243336 -0.870588232393992
-0.0145129601946044 0.0038078667217255 -0.870342392833056 -0.215662031483091
-0.0258764860280461 0.0208571674194124 -0.457506756347118 0.592737196286056
-0.0294993996630197 0.000317302722552953 0.161173059016761 0.509103156944589
-0.0092564161197855 0.0064520130905839 0.296778181697554 0.139131256247347
0.00458124469293569 0.0117625813825813 0.132850834589578 -0.162253442145096
-0.00562311871122517 0.00788971602109658 -0.0788546215879846 0.109725173272374
-0.0213040975387363 0.00660273603555108 -0.216638595708573 -0.125722110310449
-0.0135044684993257 -0.0203554833561545 -0.146573206513737 -0.393788464734572
-0.0140599919268313 -0.0148756466376328 0.430879232660834 -0.431063840103156
-0.0111649286856432 -0.0342646507363802 0.795679479294785 0.174154532146079
-0.0093190027263673 -0.0313326088670559 0.339113417853195 0.768115999360595
-0.00464011999275215 -0.0590062224397256 -0.232151980573043 0.540042391454516
0.0200407416846599 -0.0708386085161868 0.0338274745185906 0.0550641737503421
-0.00200156703656718 -0.0736326225149328 0.229075177223155 -0.510871342998148
-0.0377929736099647 -0.0328150626379837 -0.365310242568129 -0.830865725704225
-0.019489879077512 0.00833260651806885 -0.871992938350123 -0.0949234105955329
-0.0261786747649529 0.0212967464606422 -0.375868679401608 0.642791856635621
-0.0224575040575558 0.00198673264475492 0.208724215303213 0.489032265997028
-0.00436596054652739 0.0114466334049398 0.300137100162415 0.113503970251303
0.00274694301968076 0.0133080858284917 0.128102131787453 -0.171879904898035
-0.00571190774926557 0.0104076078334578 -0.0809558808399335 0.10220336182086
-0.0161112896316344 0.0115125596335897 -0.208750445519705 -0.138984971862782
-0.00622899742774663 -0.0198693527084111 -0.104105191944568 -0.404236096018522
-0.0116921828716124 -0.0187820500055727 0.488692643871443 -0.381195630365888
-0.0105200579812442 -0.03512598431097 0.780337857845372 0.274805095325489
-0.00766093823228687 -0.0264173164308246 0.25915088733047 0.808829060444816
-0.00285168704436399 -0.0473997950983407 -0.265730615167498 0.514205457337554
0.0155056529718531 -0.0570528632777413 0.0495443748945623 0.0316277337423124
-0.00603560664260267 -0.0580193009910163 0.198186009719788 -0.540777232656263
-0.0380406145590492 -0.0222645282255792 -0.443837741582439 -0.784911170808787
-0.0213388367383136 0.0105527254346418 -0.865286055241946 0.00454224514511238
-0.025725353144957 0.0207034701363726 -0.301392753022156 0.674305491748753
-0.0158284160776455 0.00383619629914128 0.247918040010301 0.465154561961759
0.00241523669244937 0.017663286632714 0.301305263743802 0.0917860262657879
0.00485886877679053 0.0154704965559096 0.121538184739411 -0.178735361071257
-0.00322667435275874 0.0142040510017162 -0.0846587448582932 0.0969414092906815
-0.0107679530469983 0.0168873373866839 -0.20227089580777 -0.146954738635822
0.00135989746399393 -0.0187461708298228 -0.0705747866921742 -0.409710453685645
-0.00960614442819657 -0.0221269188400841 0.52831349637288 -0.344102735645589
-0.0069994893108823 -0.0344360058285757 0.763647863477228 0.346105742122156
-0.00479427034496957 -0.0158503854246677 0.196689164536992 0.836389078783146
-0.00510021196679843 -0.0276174468997041 -0.286621296753222 0.494686737980187
0.00589622188393286 -0.0362756614696668 0.0610339954906994 0.0147222337963967
-0.00961199171088672 -0.0361671412240571 0.174438158781748 -0.559947655692664
-0.0340651392295312 -0.0106249665399736 -0.498909936518392 -0.746069819834532
-0.0205902196252901 0.0105880687496705 -0.854459761202774 0.0792471816369892
-0.0249037684833914 0.0194465543722108 -0.245388808447973 0.694481423007215
-0.008105647734645 0.00790083135672663 0.275077431629787 0.443466569022413
0.00803383802512764 0.0239053881557196 0.30279097335218 0.0737941118978869
0.00686669304230804 0.0167379919485495 0.114349894952 -0.182947670344799
-0.000636519823628892 0.0169515673763677 -0.091123701828171 0.0944355717877722
-0.00760758225425706 0.0223699623468813 -0.196425807680127 -0.148186757526425
0.0061394628015217 -0.0161924880788418 -0.0498059570392857 -0.415504931963706
-0.00607044435076813 -0.0241785235229061 0.54887977867555 -0.331717526718556
-0.00180002195770849 -0.0321005872366036 0.749295336531793 0.379109406339246
-0.00133336198983517 -0.00057680764878203 0.164832000420688 0.848740256354115
-0.0121947949894685 -0.00324108180735058 -0.295885955489129 0.487869705076899
-0.00692532986371299 -0.01089194440636 0.0680037542342483 0.00595355464717648
-0.0115094566210585 -0.0111498675615346 0.162634264996034 -0.569645952961734
-0.0264915557719514 -0.000589931400643784 -0.525854396741187 -0.726415839010727
-0.0178137872614378 0.00869918406710473 -0.849100770324945 0.110342777026677
-0.0240216091499566 0.0180299740960849 -0.218189370675169 0.696855567204687
-0.00310346381034044 0.0109406310985178 0.287956558710178 0.431970509252296
0.0145890299767666 0.0297029393597012 0.301180187635034 0.0670594351436146
0.0108391470213391 0.0192733184844612 0.108881975542525 -0.184952059605263
0.00138122879604876 0.020303211718684 -0.0945937258608056 0.0940873824210543
-0.00490467201297408 0.0265835023829554 -0.19507027330803 -0.142178296580098
0.0079544764218052 -0.0125110137408664 -0.0461345931290283 -0.420463381978296
-0.00410252693440516 -0.0243255717539805 0.547387806279833 -0.341967662783449
0.00459520663225979 -0.0293625114559791 0.753018927617252 0.370600127600771
0.00229348021236426 0.0168490958167939 0.172779659858101 0.849107307883107
-0.0232157107471238 0.021953725036674 -0.290247603707301 0.494225208286375
-0.0229433162392961 0.0147320283764688 0.0701120771098252 0.00842608614222009
-0.0133903794360652 0.0148618776363388 0.165315598362544 -0.568833136249179
-0.0174152907745096 0.00987801554436612 -0.523272154542222 -0.727991236022494
-0.0126418643126601 0.00472110828834731 -0.855499016845728 0.104132625142143
-0.022829718961516 0.0154398696025482 -0.225158241535117 0.690854019171167
0.000341291450339768 0.0145141567348727 0.286617311530736 0.429159023900014
0.0194462990278153 0.0344265415948274 0.302114934053574 0.0705886205642285
0.0148228047171365 0.0209982360109046 0.104317520201399 -0.183299958113744
0.00523167220217218 0.0203686710800067 -0.0989377967685499 0.0952099609892841
-0.00418960340717655 0.0286980768798405 -0.198321572496271 -0.132112031533327
0.00659857027901579 -0.00867596636183077 -0.0595477898919487 -0.419576840510763
-0.00257803821347044 -0.0243795542844048 0.523415750782658 -0.38202543258804
0.0092438687201562 -0.0276049416194007 0.764743016485784 0.31817263586384
0.00815101219702737 0.031385674760932 0.218071067523914 0.838638376744986
-0.0324567391587074 0.0450894611999335 -0.275125067633775 0.510841112481675
-0.0380309800063283 0.0360024539805676 0.0643432467170151 0.0203034582912007
-0.017774128670156 0.0372922272919027 0.181636224725323 -0.553718614648247
-0.00748347061901432 0.0199913872654028 -0.493228868393878 -0.750585000447827
-0.00596107344213352 0.00219271760655831 -0.870000977491511 0.05357231093112
-0.0211556632953995 0.0142851983952334 -0.263296559260562 0.675025630394215
0.000659308711774118 0.0189926769013737 0.271647455311568 0.440556127700546
0.0205989501706238 0.0375589165587588 0.302668597235143 0.0843768219933997
0.0191739235469989 0.0211166154103812 0.102048267982775 -0.176564116686093
-0.00187023045332464 0.00252578959003935 -0.0780963943952391 0.124281313842119
-0.0260097976816437 0.00353318534875054 -0.226305763990298 -0.0866564711766567
-0.0256539613294551 -0.0147134435581776 -0.225887899245442 -0.358645830803062
-0.014057992573889 -0.00785305854731496 0.289520307852068 -0.526757301953149
-0.00590303068239175 -0.0305666271330316 0.781804956600605 -0.0458507124237331
-0.00444609047172932 -0.0239458463011023 0.50304152448407 0.65385784551432
-0.0193781693132489 -0.0517079541022642 -0.143869074779657 0.593544209071989
0.00834963215368598 -0.0691596318362705 0.00457631642255415 0.104758774163962
-0.000289486600193015 -0.0724830049701174 0.276509135733697 -0.437082308456338
-0.0293190529909549 -0.039222218533858 -0.18965286571674 -0.899663297280084
-0.00907914545182539 0.00121892925935346 -0.858155544781756 -0.320521780808334
-0.0237599656895811 0.0198204990782939 -0.522970894264339 0.538766098275051
-0.0339432654132671 0.00187193721099158 0.124153010873104 0.520102212252942
-0.0142799511845949 0.00452358255823651 0.29341323423498 0.160444761403817
0.00575949066716017 0.00934163672829474 0.135428132195994 -0.155125056439704
-0.00491972711627884 0.00418997113316937 -0.0763522612526081 0.11683089692743
-0.0246454514592079 0.00443276151032642 -0.223622994146205 -0.106673118117313
-0.0216959912525484 -0.018575419226371 -0.192162608110437 -0.37711232323931
-0.014734995103863 -0.0108070145675309 0.358338733319033 -0.487015354552465
-0.0100941950117114 -0.031612815937155 0.797383376227277 0.055129046373185
-0.0094254826646346 -0.0291503718499839 0.43229152705421 0.70968209030611
-0.0136283674113258 -0.0600091068575016 -0.185604637485792 0.569373876215152
0.0165200090100959 -0.0753743129987371 0.0179291947322707 0.0794956123098084
-0.000196199663381899 -0.0783054109929178 0.250158871563192 -0.476354493362242
-0.0344662912121455 -0.0383352791132299 -0.285292051279318 -0.867987396582558
-0.0145900158742657 0.00517653689800337 -0.873468456334847 -0.204702837587139
-0.0254523156838249 0.0211775595518594 -0.449181867628632 0.598002492923802
-0.0300423987726979 0.00180315499504596 0.169159831519462 0.506597136712087
-0.00983194507144016 0.00729024868376689 0.299037548822027 0.134320040617638
0.00449872007055936 0.0107882942001836 0.131022626294252 -0.163720458851052
-0.00606811191435831 0.00755232766723257 -0.0780056595561299 0.109929375652438
-0.0197613133201844 0.00810620857686749 -0.218136026345438 -0.1227565839791
-0.014356581105764 -0.0204571447493155 -0.150100641111767 -0.392396443265967
-0.0133254433507768 -0.0146756340708733 0.425671796930462 -0.437890678481825
-0.0119547900331696 -0.0331132808113812 0.798217718190263 0.164417701496342
-0.0100028861755488 -0.0300091968179576 0.350255730556358 0.76400366808034
-0.00642679550338667 -0.0586196229195895 -0.226207297385922 0.542793919631302
0.0192254407132187 -0.0702167770699419 0.0346150974620704 0.0534871444376102
-0.00333670896428764 -0.0731585679880681 0.220329974916198 -0.51327478054799
-0.0392900691107816 -0.0313813906220529 -0.376070357877135 -0.825888406515368
-0.0192011557776749 0.00736198867427958 -0.874460736267909 -0.084043795835165
-0.02651705718659 0.0219528173722196 -0.366258020851505 0.646822962646213
-0.0227412693369976 0.00284642152223202 0.216257058032888 0.485325089154301
-0.00403083662566489 0.0111835871064181 0.302100581208455 0.10953895651083
0.0032561888440212 0.0126657103907023 0.127506971938182 -0.172727001641724
-0.00430904391400842 0.0107615479956407 -0.0803768012667933 0.102447415770533
-0.0150372969752805 0.0121632593998983 -0.210320825334012 -0.136545899294044
-0.00635312962304479 -0.0206760046922418 -0.108179327413564 -0.40269231528157
-0.012044934085639 -0.0180790739159983 0.484110770729516 -0.388691480768844
-0.011887707348333 -0.0350603183523796 0.785088616330015 0.264783033433319
-0.00917803463115769 -0.0269219348479761 0.267794986912824 0.80564481655601
-0.00303492962897929 -0.0479274327498879 -0.256918876095686 0.517456004211985
0.0151787637213077 -0.0568559309508751 0.0499763953072463 0.0310076296599438
-0.00639232703052821 -0.0577315725455168 0.192146996798818 -0.541724248374478
-0.0381306941207847 -0.0223061017484783 -0.453984569561438 -0.777718946963812
-0.0209738087582612 0.00968586023117188 -0.8654044225391 0.016476714188117
-0.0272351567526039 0.0214628022680108 -0.290148778077408 0.679944219467916
-0.0150506006008911 0.00429382918288362 0.254803918817296 0.459779351255931
0.00339318098283936 0.0170011092073461 0.304817673071 0.0873353246923393
0.004989970417919 0.0151036557960516 0.120636062704001 -0.179861473329374
-0.00302693335858288 0.0134198047277356 -0.0851123485992289 0.0984506975248833
-0.0102951897186825 0.0173278470256229 -0.203852733673377 -0.143964080743171
0.000429976249751658 -0.0191642926957082 -0.0749926060483471 -0.409993194258463
-0.00908032558987424 -0.0219153734689018 0.523499092703521 -0.351099162168532
-0.00770900829412659 -0.0360559667608604 0.766641207958874 0.3350348591107
-0.00492331562844307 -0.0159960795446005 0.206947649107109 0.831258181820854
-0.00537706743662776 -0.0280979693373371 -0.280787064982072 0.499118398853398
0.00582216600107912 -0.0361883344920689 0.0605692401852075 0.0131976237843073
-0.00910997844944493 -0.0367759234870419 0.167992782299809 -0.561629797918121
-0.0341544714763557 -0.0101866050044378 -0.509192598412372 -0.738934007948393
-0.0193218052794722 0.0105997324776278 -0.853491100137096 0.0884101470218074
-0.0255130578883465 0.0195794818465049 -0.233596997992137 0.696311880032456
-0.0100093742871444 0.00797493576289288 0.281039917306313 0.438117428998346
0.00873898887078125 0.0236872965066167 0.303725116493623 0.0697977637943223
0.00735377175278666 0.0175811614941759 0.114381641487638 -0.185317435520436
-0.000429626430997468 0.0168147649174287 -0.091442113278809 0.0954613743521447
-0.00706136710343193 0.0231662187276349 -0.198503842129027 -0.145090277612495
0.00468260929333591 -0.0163614875805668 -0.0530856096232737 -0.414600220666612
-0.00664757603090091 -0.0234105285159486 0.545012856778214 -0.336556155387177
-0.00300152381280972 -0.0327872569509517 0.755399315768028 0.369055212833954
-0.0030925373083189 -0.000456644483195007 0.175752535141039 0.844998622333633
-0.0134640423077555 -0.00188824191756493 -0.289970579994643 0.493211618550381
-0.00753411979423384 -0.0114221121390614 0.0691369299756056 0.00586539334043733
-0.0114625723841296 -0.0112875085601857 0.154419867107947 -0.57038752370792
-0.0271237488247362 0.00112387188229037 -0.533058583389317 -0.718305277336175
-0.0176049507083147 0.0074414526570013 -0.846587919089519 0.120955204018128
-0.0237348282385197 0.0189546529042563 -0.206626276801684 0.700006547252327
-0.00384175596461009 0.0113694227680363 0.294481208642786 0.429053813397255
0.0159190969465509 0.0292465625867012 0.303754120341338 0.0634027710473791
0.0105194037834992 0.0188610514564878 0.107119047906161 -0.186113136593358
0.00330307010885136 0.0180489186199985 -0.0954771368067791 0.0935924906476292
-0.00442014401826191 0.0258126744090454 -0.197243738014996 -0.139939140563883
0.00767803550197857 -0.0128864352906319 -0.0485681832230754 -0.418076723108081
-0.0046139650970797 -0.0244062249346246 0.545010520173845 -0.351835280781842
0.00395081426131395 -0.0303443675164132 0.757953912525396 0.359739848446181
0.0019699244556847 0.0163790069866642 0.182989338547107 0.847209734284298
-0.0227043288431917 0.0235988089689297 -0.284408673700291 0.49644045006746
-0.0225941724498046 0.014521318746751 0.0694097515900615 0.00685528077804512
-0.0131525896749255 0.015234280277105 0.159407327331021 -0.569506249241359
-0.0172900082085929 0.0113612657316338 -0.533448376434186 -0.720666401654817
-0.0131013843652046 0.00529573822552277 -0.853799998300077 0.116280827146945
-0.0230045745846743 0.0156455926687024 -0.21342030039556 0.695397713897147
0.000367829128786341 0.0146340073225784 0.293163113329345 0.425563980221424
0.0198762860012775 0.0334762387929833 0.304171374050334 0.0661170626495408
0.0151252603548682 0.0205036331317763 0.103198443121724 -0.184229076645289
0.00616180949880997 0.0199610698207942 -0.0986964452151926 0.0957747826807382
-0.00393037291489371 0.0288646808945663 -0.19848741411196 -0.128412077078934
0.00678863744887577 -0.0089077206047742 -0.0637071606742957 -0.420255710647557
-0.00124341178426088 -0.0244971458338063 0.520784250264987 -0.390199815861757
0.0085504306408537 -0.0286732823443773 0.766862913598443 0.307204473726648
0.00782772958332646 0.0305031350820626 0.229484513218747 0.835966878054198
-0.0330285134558784 0.0467199847850582 -0.265624610636234 0.51435821719915
-0.0378099344249445 0.0368356263098312 0.0646250618840562 0.0202830413458595
-0.0155472192652731 0.0385869971312353 0.175004587024647 -0.553985735124923
-0.00794436488517365 0.0208887928875578 -0.50349608560863 -0.746483436291276
-0.00538296579727309 0.00115754210357619 -0.869640589179417 0.0654102884523664
-0.0204382850598107 0.0150002088634789 -0.253743666329479 0.67864754913442
0.00104491943415798 0.0186912485828137 0.276039609070738 0.436130659563808
0.02107450025142 0.0360841947379758 0.304172358117972 0.0806076277574669
0.0204547357577378 0.0209648479742315 0.101168567009017 -0.178382189003111
-0.00153754445766509 0.00263811450580573 -0.0757814541289984 0.124256907953576
-0.0264357253881925 0.00363253095264168 -0.228175588205519 -0.0829815758096858
-0.0254622316118765 -0.0137482411861448 -0.227956698594904 -0.355771496914289
-0.0143275877099269 -0.00682292038556459 0.281276611692361 -0.529548681475711
-0.00671349425963916 -0.0299956206886946 0.780869586277676 -0.0562295560311095
-0.00479838139287473 -0.0246218235737793 0.510898626674758 0.645150217890961
-0.0200862430331336 -0.05225910950377 -0.137592959990194 0.594638499757099
0.00768019690115562 -0.0685027664906056 0.00483403672882295 0.105000720507928
-0.00208323491768294 -0.0719740487830699 0.268878946874157 -0.438749710870865
-0.0308866669474014 -0.0382266071297534 -0.201616161793786 -0.892922633743602
-0.00947912463094281 0.00101038127883842 -0.863133855833774 -0.307191629629138
-0.023977913991828 0.0196445840421206 -0.516470080146459 0.543892381867163
-0.0335089313523019 0.00186287578813836 0.130588760840736 0.517106980116262
-0.0133388620468158 0.00456728340352454 0.296862184044343 0.155460296050317
0.00767247756272724 0.00876955940978404 0.134478907181257 -0.157256135441286
-0.00455489985162342 0.0037810872343146 -0.075965531865465 0.116586229580803
-0.0232859334833278 0.00498370153486084 -0.224196528254082 -0.103195843249445
-0.0211381072560901 -0.0170893069443679 -0.195031974399492 -0.374063079517503
-0.0146135850102307 -0.0108702184201361 0.351183157259027 -0.489980389325137
-0.0105760993513349 -0.031347130815809 0.797141110701986 0.0449498688374928
-0.0096814903200912 -0.0296742690951969 0.441199530222484 0.702516077243498
-0.0134366817137274 -0.0596989935600057 -0.176774557616383 0.570401068996164
0.0152877691203908 -0.0743579513055388 0.0190430370062368 0.0786385961658649
-0.00122421752113898 -0.0778309320409168 0.244635567243334 -0.47766615269547
-0.0362970606239534 -0.0382380984329969 -0.29487488527393 -0.862494415072527
-0.0147671195742591 0.00346269501833519 -0.874768329412838 -0.192364768905563
-0.0257120409509337 0.021725015569722 -0.439996949249117 0.604311735311318
-0.0289452387876493 0.000908323382988224 0.177010177486669 0.503498106998118
-0.0090562143020864 0.00745749637191894 0.301816780167955 0.13041111906474
0.00506793684553061 0.0103812570684624 0.130629699204922 -0.165302245805694
-0.00524945573366918 0.00681665475541542 -0.078576134285544 0.10971331552638
-0.0191968558989022 0.00717752084915188 -0.22030041286152 -0.120134146590674
-0.0135930698552419 -0.0195358350429569 -0.153811131012221 -0.390482204764288
-0.0134283155237367 -0.0144397455455875 0.421243797917357 -0.443857263268185
-0.0124301464661258 -0.0330715752641262 0.799292666124679 0.152756896421713
-0.0103769142172572 -0.0304260360985059 0.360989667293451 0.755570964962022
-0.00781652797851024 -0.0578169867741308 -0.218176850352475 0.544851475468522
0.0176734387352564 -0.0704457688789109 0.0346020672859312 0.0534763662123899
-0.00359382079602904 -0.0718501431030019 0.214361653383303 -0.515555625758478
-0.0394540638034526 -0.0313915945994494 -0.38714420350961 -0.81982486321626
-0.018981142562897 0.00814364764122607 -0.873756832099887 -0.0732653323168919
-0.0255286240791821 0.0226871380779757 -0.356136241619245 0.651673421589324
-0.0225609274194209 0.00247045803576443 0.222247774668654 0.480901509262762
-0.00279658386263329 0.0117737935437557 0.304811482852733 0.104243607264995
0.004227141576296 0.0123854069878884 0.125827511209889 -0.174295370328435
-0.00354890159593071 0.0101752946621709 -0.0808522808247155 0.10284456102793
-0.0146096020005128 0.011931386979255 -0.212947188472754 -0.133064031355914
-0.00643492722870967 -0.0211251230480724 -0.113647924770064 -0.401081453706736
-0.0113495701887289 -0.0176483185909129 0.479416405331347 -0.397199195478076
-0.0123814678331372 -0.0351885285195914 0.7864884501162 0.251353939576845
-0.00815521104900313 -0.0263982260944821 0.279905995718399 0.800055839145659
-0.00345101158052744 -0.0464416907757014 -0.250568807415792 0.520163070059611
0.0145407985118649 -0.0570163184528831 0.0480753546666011 0.0297335491359996
-0.0063868648372575 -0.0573779632106421 0.183727105963486 -0.542217238079917
-0.0391891223095419 -0.0211958022738421 -0.463113883994701 -0.770709674226386
-0.0210571947827235 0.0102822340845871 -0.863420459415271 0.0276276925988718
-0.0259688588281321 0.0222140125684879 -0.278894355938317 0.683792624231619
-0.0153198800472159 0.00524224036712484 0.259504716816702 0.456177174932571
0.0047277438615782 0.0169638396785917 0.305232680938951 0.0821937226190358
0.00517037080612274 0.0145807242902702 0.118881452345215 -0.181572145251232
-0.00344247284608177 0.0140611037664211 -0.0840828928317684 0.0982457372001632
-0.0102228168856602 0.0181792243767575 -0.204742583560791 -0.141282432098723
4.76560749996511E-05 -0.0192749417393284 -0.0774861955729445 -0.408460394324591
-0.00937060780022356 -0.021110344066674 0.520472421988262 -0.358714960759935
-0.00827523003309336 -0.0345230526475806 0.769057062323491 0.324856143255771
-0.0061567320079531 -0.0156310825667799 0.218128811555605 0.826037459649716
-0.00671068342618997 -0.0269367947034013 -0.272854817870217 0.50215244924624
0.00621154070856983 -0.03649801495708 0.0608483869942875 0.0121602242067087
-0.00980916158724026 -0.034616608145526 0.159911964089555 -0.563142780700144
-0.0343953481422274 -0.00969700370216695 -0.517735889050926 -0.731389436392456
-0.0199749458616705 0.0108313277131324 -0.850829201198406 0.0993750365448841
-0.0240453159394599 0.0210557572416888 -0.224506845693685 0.699540246211679
-0.00930671376682425 0.00848095641184024 0.287839921283038 0.435018253341186
0.0107771335666808 0.0229686333335123 0.30487107316623 0.0661894589497735
0.00739322189098845 0.016780749244393 0.111304225992218 -0.185555949153982
8.78635554352892E-05 0.0165099648255274 -0.0902657229032261 0.0960557360685474
-0.00687451256093105 0.0229786426952864 -0.199893587404755 -0.141486246477477
0.00552533658933937 -0.0165845387436762 -0.0560711529504436 -0.413346339258565
-0.00644426544426242 -0.0233279152755139 0.541713101276438 -0.346645453325634
-0.00346962948580291 -0.032250004299682 0.756818778112579 0.358265121736964
-0.00256033048972515 -0.00143971784199043 0.186994020817978 0.840218117154526
-0.0126856774097718 -0.00209108462808467 -0.280824562474976 0.49536858830157
-0.00655365558645289 -0.0121371629194178 0.0685881653117136 0.00465832632915238
-0.0111270810074669 -0.0103162100487266 0.147290783954901 -0.570871018155957
-0.026237491227513 0.00163579786658496 -0.543364308780459 -0.709409127917016
-0.0180873915895932 0.00839964853643544 -0.844151633054266 0.132687803949453
-0.0226189797301963 0.0187149524649177 -0.194235168708101 0.702969572732529
-0.00360990041362111 0.0110056589143653 0.300800408080682 0.42356892092457
0.0166383974428957 0.0286018790542371 0.304830807182072 0.0596108361491521
0.0117046978510526 0.0181477445987253 0.105222486339253 -0.187196585885995
0.00376777490455229 0.0184847913490206 -0.095444194256181 0.0939049444720392
-0.00267134612951238 0.0275042634732608 -0.198301677056003 -0.136973136010786
0.00783789151720791 -0.0125600981790572 -0.0540657206416444 -0.418575689779117
-0.00323519971259865 -0.0236196692720178 0.541326902606995 -0.358555262986562
0.00261774719511835 -0.0293177963202993 0.759782206079407 0.348708709296874
0.00209358794995966 0.0154732738560364 0.19340109777284 0.842208559578097
-0.0230275457410898 0.0235303771159476 -0.276504020005787 0.499845925861805
-0.0221511548406962 0.0139451814875156 0.0696544976374799 0.00552045817673319
-0.0127720600691299 0.0151861699297348 0.151146650113908 -0.570281539655356
-0.0166848923020188 0.0116488148698195 -0.542771168019372 -0.712182352067257
-0.0130642580118435 0.00486163586663714 -0.850146609299976 0.127922434655198
-0.0214289753839272 0.0167113980873975 -0.202315494480739 0.696478352625675
0.000551836136986615 0.0153234276053559 0.299523953749901 0.419752054819322
0.0211239500904143 0.0324254664139193 0.304177970858263 0.0629829935418868
0.0155026960976193 0.0200180857734314 0.101673068264783 -0.185129082738012
0.00745191577890392 0.0191763000573804 -0.0978668078732466 0.0956275860304942
-0.00286033507476333 0.02915829031239 -0.200863424859942 -0.127038118952363
0.00817536591083262 -0.0103353537879292 -0.0661938140071699 -0.419297778175803
-0.00259733002201067 -0.0239979475763456 0.5150866203315 -0.396134988910873
0.00842336663994336 -0.0286617401602403 0.76931794661353 0.294694435084572
0.00802509293218559 0.0303387651415671 0.240976989226404 0.830141029040942
-0.0317586023330877 0.0465926418829072 -0.259191641924599 0.515786171611331
-0.0370022447065864 0.0366871445720697 0.0644162739738883 0.0191157847819411
-0.0163863411680495 0.0386757685697763 0.168102965131668 -0.554987137316863
-0.00884085597308939 0.0209706534101359 -0.511777516963052 -0.735579155752618
-0.0058377893838566 0.00106037467448263 -0.866221738881533 0.0767556945936972
-0.0205882917578741 0.0138617176338383 -0.241417937711333 0.680358502997482
9.10023080760766E-05 0.0186528449774624 0.283538923549375 0.430853983173136
0.0213187249116116 0.0356854771706231 0.305394668655744 0.0768215689348127
0.0194769075603034 0.0204541663375553 0.100450437084349 -0.179273236496226
-0.00183966967135729 0.00266292382425455 -0.0755053817643179 0.123485923350824
-0.0253890040492468 0.00432390364057701 -0.228798439716226 -0.080778486770529
-0.0259383544792096 -0.0140931883397133 -0.231639597848735 -0.352070844245424
-0.0136919548628982 -0.00729296228707123 0.27355559396403 -0.532616526133113
-0.00774154218805027 -0.030402265697222 0.775090560572449 -0.068808084481421
-0.00556497227120781 -0.0247216746105795 0.518161576224317 0.638088136843864
-0.0220506100684055 -0.0502765954280749 -0.128875041699994 0.594091300896273
0.00642652362949241 -0.0686986551226135 0.00676912769222649 0.104686273723246
-0.00328374423650741 -0.0710121315420144 0.26351855955167 -0.439962544081602
-0.0308150169533846 -0.036660449268233 -0.213467144781367 -0.886684225290609
-0.00930590001654568 0.000730931070393535 -0.86266477386153 -0.293427620335846
-0.0239065017826862 0.0202484837066239 -0.504745111721684 0.550886712451323
-0.0343043388889285 0.00243417785283201 0.138343549557708 0.512057554709329
-0.0120399385293107 0.00402884743009255 0.29626879495706 0.149897782153016
0.00721139048150572 0.00794669639501249 0.132891836227023 -0.157907223919408
-0.00396838830359666 0.00443467503799424 -0.0750197535802784 0.116727146402575
-0.0236134983131204 0.00496833408784207 -0.22574413956525 -0.0984178825388032
-0.0215984078830554 -0.0177944448508302 -0.199346034184603 -0.369928039607045
-0.0139467936789747 -0.00957275853102535 0.344344486909991 -0.493312753384535
-0.0114901343010967 -0.0313673827747213 0.792429754725505 0.0322915760647682
-0.00994285754213875 -0.029657260377935 0.448931474687254 0.694000597212124
-0.0141398378187703 -0.0591082853130959 -0.167479649741554 0.570446189688404
0.0150556442664004 -0.0743409403399576 0.0192248734234376 0.078578916624826
-0.00286919996972927 -0.0767368119062113 0.23651846641166 -0.477895742055388
-0.0361910922926704 -0.0370982641211569 -0.307293366860991 -0.854305009082632
-0.0153150521920753 0.00414759266874896 -0.87463453680894 -0.180409731434131
-0.0244340033610613 0.0215245105832902 -0.429186107117549 0.606856542434866
-0.0290804105635094 0.00296046761941769 0.183622519171582 0.497769729060703
-0.00780470350584311 0.00683895984775255 0.302739773404655 0.124697219101602
0.00506561695801621 0.0096531749902302 0.129237397467729 -0.167214922828322
-0.0052117800022774 0.00678481338975237 -0.0769628977852125 0.11036742920899
-0.0197085680431387 0.00808517653118592 -0.221403806425595 -0.116027337211512
-0.0139618358297718 -0.0196055515871999 -0.157726249857455 -0.38729732584391
-0.013257857367291 -0.0140272992745839 0.412850276339811 -0.449315616246884
-0.0136691397360838 -0.0335708715366447 0.795904778729274 0.140750670461759
-0.0109788806533641 -0.0308467550884886 0.368509524559486 0.749283540723931
-0.00772050319739174 -0.0578495578665958 -0.209933739267096 0.546148784144159
0.0170928023881305 -0.0700756433526089 0.0351359663193641 0.0537881491611571
-0.00488760211392652 -0.0709773356951678 0.207189670574172 -0.513257834637324
-0.0394703570597198 -0.029697706003652 -0.397245650340465 -0.811591458076834
-0.0185974505039107 0.0080451339747072 -0.871933063615479 -0.0603924745948905
-0.0258087759339863 0.0225177766514253 -0.344088210681184 0.654215480431336
-0.0231201630749772 0.003187705860834 0.228688352229762 0.475359277883452
-0.00256976774702509 0.0111931341770309 0.305014776224471 0.100077493414983
0.00355944973669942 0.0112929663936701 0.124777487044227 -0.174406814825909
-0.00405054452790939 0.0100697944061364 -0.0794350550700827 0.102848583868052
-0.0143367087990663 0.0127149599386125 -0.214271071418687 -0.129437972867106
-0.0067011583186305 -0.0213449353011194 -0.115068722600769 -0.397228852782489
-0.0114602542775052 -0.0176971524425338 0.472638576783414 -0.400842003156262
-0.0129021348707905 -0.0342290842769092 0.78672983687539 0.238547518826051
-0.00972807248651386 -0.0273037907655739 0.289209039031254 0.793163342784134
-0.00391697981453854 -0.0452393007591401 -0.241438811757255 0.521340507387725
0.0136814884049886 -0.0564159448861415 0.0489131713297144 0.0287375940390397
-0.00831923842763649 -0.0568002706792237 0.176761557271246 -0.541927651369927
-0.0395678115147925 -0.0197820094813717 -0.471725309750575 -0.76091043528463
-0.0211732037118873 0.00940084708409535 -0.861338411570407 0.0399204202968008
-0.0245340284274914 0.0231287949770518 -0.265836767553493 0.682987476589738
-0.0159985151017461 0.00534147884587387 0.266738907079993 0.45228174084041
0.0045444079907159 0.0158437135085947 0.305277909558779 0.0765540162422094
0.00505724474997279 0.0140737008668329 0.116530437552472 -0.181854888008402
-0.00160064487214435 0.0141041649862915 -0.0839408223866141 0.0985105984772089
-0.00934865631021631 0.0178098524295314 -0.207012146828237 -0.136606994758194
-0.000226200744904927 -0.0197259091719004 -0.0814160443357616 -0.406122613211008
-0.00919029982046837 -0.0213845956425432 0.513549962804976 -0.366560510783848
-0.00938126385384088 -0.034819933783717 0.772243838675557 0.312516910490102
-0.00625406072875977 -0.0163752939564361 0.228000480154621 0.818749790762386
-0.00588632561965412 -0.0258169353070334 -0.263401414823073 0.50472329735983
0.00504010355302825 -0.0360740232501942 0.0601786881848535 0.0116076661185051
-0.0103900675589375 -0.0351562166271169 0.152274717757985 -0.56190355037113
-0.0348674434089584 -0.00859235486852651 -0.525553520780701 -0.721268251227025
-0.0200092159510182 0.0102186851983559 -0.845825115921103 0.112925803601663
-0.0243371833245189 0.0211004404984488 -0.211904837892164 0.69894808573161
-0.0093928586297856 0.00845130111256109 0.292754065212792 0.428181292975628
0.0112658176102265 0.0218598529017433 0.305348229608392 0.061262485316798
0.00764476218749259 0.0164020506975641 0.109441782334624 -0.186657730982685
0.000616474060813686 0.0163734571730974 -0.0891089743322457 0.0948114303652824
-0.00536709251884983 0.0231932891226021 -0.201571377118999 -0.138753393459476
0.00507641987917544 -0.0170143870700974 -0.0606744095863769 -0.41270075635299
-0.00593447280117427 -0.0230972317646649 0.534165369616303 -0.353542731654304
-0.0038322102456413 -0.0321171488888788 0.759346451793189 0.343837943104981
-0.00229211393499193 -0.000888443920014474 0.197522389494832 0.832901725431954
-0.0134598573023676 -0.00156678494438496 -0.274088861278966 0.495723165232942
-0.00738671649018812 -0.0110338777414903 0.066997885074717 0.00416724911389219
-0.0117628570094598 -0.00928853210517785 0.139382561355316 -0.570370435204083
-0.0269412613997704 0.00210974396354561 -0.551391843509362 -0.698161920562293
-0.0183229019016055 0.00801618583327706 -0.83918567877987 0.145782145676274
-0.0231180371121111 0.0199347049094935 -0.184331313173601 0.702546206594686
-0.00271394583092038 0.0117074625886938 0.304654996599358 0.416428265061859
0.0172705543390768 0.0281973755539216 0.304502719930309 0.0542418212216008
0.0124934742761047 0.0180038744204906 0.1037401529728 -0.187939041895882
0.0038049678888035 0.0186909377116879 -0.0941294335994913 0.0954282518780821
-0.00360822745075717 0.0272886243179986 -0.200066444358423 -0.132518020069969
0.00670568447692181 -0.0131778261449811 -0.0581349915961642 -0.414900142614931
-0.00417566911611099 -0.0244973023186635 0.533155024216238 -0.367572765446326
0.00129365690757772 -0.0301608540240259 0.75871765904772 0.334095203458145
0.00159317292395542 0.0158909014940524 0.205935073410406 0.834144382124002
-0.0225236353990888 0.0260317270487323 -0.267806971423131 0.50263834917399
-0.0215682161470999 0.0147717956579289 0.0677016808196651 0.00577790493782062
-0.0128094214116837 0.0168175364035821 0.142835899333079 -0.569384570514121
-0.0175160298969139 0.011304676303474 -0.550669475294159 -0.701343503373678
-0.0133259587783354 0.0040145923502408 -0.846267413010987 0.137875097339793
-0.0222218429191579 0.0169915767562509 -0.189686116930145 0.695767686343052
0.000123007429572716 0.0158228712654879 0.305385942952467 0.414860895388501
0.0224147019772851 0.0321993965681674 0.30445047919749 0.0573902214250747
0.0156128057440804 0.0191356964199146 0.100465130332841 -0.185463461590433
0.00656132462127643 0.0185884925693348 -0.0986826710890777 0.0972119314289197
-0.00186427426634617 0.0289019425840154 -0.202149159842278 -0.122631229326329
0.0070623611385992 -0.0094200300916116 -0.0725155655399296 -0.416416168560104
-0.00194908586651975 -0.0243106452637705 0.508244005528189 -0.403797070116229
0.00807359887872241 -0.0288662693012042 0.770415296878792 0.283754723332234
0.00843163368709417 0.0298530256693093 0.24938549279016 0.824087695043516
-0.0307496095590954 0.046782326315638 -0.25185838723271 0.518099482932706
-0.036297706070071 0.0363858167185491 0.0639472337281926 0.0182280219230131
-0.0149546788915177 0.0384907120303256 0.15917529675402 -0.554031831047163
-0.0078039864334326 0.0224449205464465 -0.518634399673164 -0.727420393754185
-0.00556691092525738 0.000535548406850063 -0.863149694579542 0.0861364986566628
-0.0189509028239315 0.0152891217805514 -0.23157763086499 0.681537121278063
0.000573412709913085 0.0187581228603214 0.289614254312073 0.426067820644528
0.0230436607549982 0.0346361013721239 0.306423018956462 0.0713192366470718
0.0194041123218425 0.0195398334373258 0.0977209000082389 -0.179163087327247
-0.00143418513053491 0.00167805601044749 -0.0746296023001086 0.123952776271635
-0.0247659031168598 0.00421635913371183 -0.229442208740562 -0.0770145132759749
-0.0256926123890429 -0.0135095040074843 -0.233788426224059 -0.346290000811809
-0.0133588808805813 -0.00632127898088461 0.266203268587152 -0.533728162008098
-0.0081112540167481 -0.0298373757362509 0.77097644767791 -0.0789378653045362
-0.00625865437154151 -0.0236703633757816 0.524006421107613 0.625795547968575
-0.021935009569368 -0.0495035905466132 -0.11944135125927 0.588628407279959
0.00561038999572489 -0.0682329326528364 0.00743493970492127 0.103364519826789
-0.00479995496394261 -0.0706763689172642 0.254763016369494 -0.438514868485897
-0.0313580635178829 -0.0362557467946899 -0.225624224712973 -0.878433357808244
-0.00953200132483105 0.00065180444696112 -0.862076090510074 -0.280815992742932
-0.023631021456145 0.0208689794433468 -0.493276909448175 0.555467956603104
-0.0337366955468828 0.00341959639840012 0.143611065989892 0.507487982110876
-0.0110345100712028 0.00467085671443901 0.297256268138682 0.145063832209732
0.00718183606169311 0.00865074223382276 0.130799034142278 -0.158982902024303
-0.0037265101482446 0.00431790412330008 -0.0733536029404609 0.115835434012583
-0.0229197561079283 0.0065256213124242 -0.228169445339375 -0.0954241548710436
-0.0216988346856274 -0.0174737021167395 -0.200774040214667 -0.36578013082844
-0.0142616245581827 -0.00905076274877144 0.335613837021989 -0.497081234886692
-0.011680406878853 -0.0318395985313455 0.790164319669941 0.021876341612702
-0.0114778301151317 -0.0288431271279884 0.456496250500089 0.681830510166962
-0.0149754420483906 -0.0576765770787472 -0.159282881944092 0.569348246725369
0.0135321050961616 -0.074519250471251 0.0202240531653872 0.0779683455366826
-0.00429158039775409 -0.0760771753848224 0.227613624140132 -0.475644363642361
-0.0367851723171286 -0.0358734865311792 -0.314377931154343 -0.847728331363237
-0.015081966580121 0.00311012739727646 -0.873069500456531 -0.167695916179013
-0.0243050611779232 0.0223229911666241 -0.417126697000527 0.610265064617906
-0.0295909126025164 0.00289243026169418 0.189790784257808 0.491179809996793
-0.00699286464172007 0.00730626236128078 0.302798082613779 0.119928928923624
0.00458646549448088 0.00930630537131428 0.125959373512739 -0.166859877312109
-0.00395400203943838 0.00703423827376704 -0.0761743550693263 0.110071596965845
-0.0191504894741373 0.00848392743897475 -0.222375070194024 -0.112305102142194
-0.014756557503182 -0.0191710293879947 -0.160282757132464 -0.381045104805861
-0.0133924441373783 -0.0130445348384206 0.404599361060912 -0.452747078308649
-0.0150260869032306 -0.0334808527392481 0.794279910147426 0.129896962037442
-0.0118367547983283 -0.0312186328159174 0.377176324622056 0.736936234114902
-0.00793663592898688 -0.057507444988113 -0.201938717252178 0.544016628467119
0.0151773483087321 -0.0696608813902403 0.0348420341232046 0.0521577862579445
-0.00544252345284818 -0.0705240587112535 0.19840510710438 -0.513640356851999
-0.040717582296689 -0.0297150084102415 -0.405802821960087 -0.801309058171748
-0.0186556468716457 0.00740818162608825 -0.868549004369315 -0.0470703649727532
-0.0244060370590932 0.023080433287394 -0.332491327397466 0.655394938890206
-0.0228823276405284 0.00366949888116823 0.235833572674305 0.469744940588601
-0.00145451046776502 0.0107821866193968 0.306515024897457 0.0951932254027668
0.00361733148037518 0.0113233278096254 0.121573245500718 -0.175782340148885
-0.00424802930157104 0.0098225713422399 -0.0779702796656562 0.102532637835564
-0.0133849645264865 0.0125589618026768 -0.215719544399038 -0.125236110927713
-0.00636269017082008 -0.0214708343722876 -0.120567246329212 -0.393974174453014
-0.0117421872324783 -0.0180594809674714 0.464180506939444 -0.407349689841692
-0.0133527877502473 -0.0347588761323535 0.785669768429333 0.225008953196546
-0.00966160191910954 -0.0262899383256469 0.298115340672768 0.783089881718902
-0.00561759071961082 -0.0448496336723639 -0.233600305180884 0.521596875158415
0.0124886969114647 -0.056563385487755 0.0480467821252023 0.0281484702399171
-0.00885444137014394 -0.0555936505859205 0.166538705355097 -0.540978819605633
-0.0404871120539828 -0.0198796398403428 -0.481128754588687 -0.751984040480274
-0.0207502973952601 0.0102682495735219 -0.856279788163017 0.0522125914458062
-0.0242521405551278 0.0218510029782003 -0.254469726340145 0.685566988499435
-0.0156147826485866 0.00519185296610686 0.272001984254974 0.444505068391716
0.00444641431746948 0.0158902406476144 0.306141663200301 0.0724566944925982
0.00604621712184512 0.0137694380828389 0.114028153899524 -0.182113527535176
-0.00120023532236015 0.0125577548730093 -0.0839678152383737 0.0986086760812481
-0.00960226866938564 0.0185966180495162 -0.20734240363331 -0.133180724946792
-0.000420699481041999 -0.0193393471481319 -0.0861291346227857 -0.40335852599352
-0.00945355019476907 -0.020760840492312 0.507041046974113 -0.372250830495885
-0.00935214332387008 -0.033554736642005 0.77038508503705 0.298409912528974
-0.006819110125165 -0.0154864338340013 0.239597854384117 0.80978773966346
-0.00610484629823792 -0.0248582927494522 -0.254569551963455 0.503017927419712
0.00529288962557232 -0.0362242154185725 0.0592195857402289 0.0106850146075704
-0.0106598458250173 -0.034282395248878 0.143731186021734 -0.560070390187054
-0.0354048607293488 -0.00860103766666881 -0.530420073739637 -0.70900159783932
-0.0205393224376957 0.00970584509423641 -0.840559042622082 0.12371923044721
-0.0233248432661586 0.0219133313819509 -0.200750755285701 0.699337090021128
-0.00899892436168458 0.00818694387905473 0.298236037794493 0.420934444200575
0.0121859493572122 0.0218293865834739 0.30564129235485 0.0576494695493855
0.00696662107276723 0.0152850643119807 0.107844099043324 -0.188020255517402
0.00126906650451711 0.0160858998394596 -0.088808031703912 0.0955873136586071
-0.00395686170547905 0.0231394642327527 -0.20357950592625 -0.135074944945346
0.00473970326873865 -0.0169430590262973 -0.0641863474772397 -0.40862752794611
-0.00702968237726108 -0.0229400969211348 0.527883245650649 -0.358368437811494
-0.00457429364445178 -0.0326361133677327 0.758455336835745 0.332136755938447
-0.0020615695643392 -0.00155872242977003 0.208146323400763 0.824657348199295
-0.013382993007274 -0.00107769452410011 -0.265179800622522 0.49537207011884
-0.00806007250535219 -0.0114726002667671 0.0660021847826616 0.00306256130717093
-0.0111837952211772 -0.00960201939274741 0.130705365564969 -0.568646279973137
-0.0272256008938972 0.00302985304920737 -0.55650316877509 -0.685657521002453
-0.0177090708106036 0.00783115335663909 -0.83247103928059 0.153552822107194
-0.02252537458398 0.0195203465546913 -0.171340527656793 0.700899917140694
-0.00298145399676358 0.0120376996715956 0.309685189061376 0.41013118791124
0.017580715446062 0.0277713318492413 0.30384996990833 0.0499014070017732
0.0111273545064829 0.016631996593597 0.101654278263425 -0.187391013730279
0.00412326498055578 0.017975074830916 -0.0939157373697797 0.0947702497432438
-0.0016987678260635 0.0279631440684223 -0.20190569823916 -0.129785198751063
0.0071661562646413 -0.0136140368192763 -0.0629309627350772 -0.413780510942203
-0.00415096598510618 -0.0251734596863463 0.527056959566648 -0.37174688542957
0.000934299835601086 -0.0300114665487767 0.76113762931157 0.323510552833815
0.00119591126277731 0.0157542001847125 0.215630421836311 0.825281854849652
-0.0214696533599578 0.025129762913831 -0.259817169342804 0.502122575102931
-0.0217628462995519 0.0146431988788445 0.0686094384527499 0.00502765395385449
-0.0123303620098588 0.0162134210388764 0.134055785765381 -0.567427887591354
-0.0168784356512739 0.0127657935564708 -0.556260861075895 -0.688732208625224
-0.0124937082989224 0.00444173549483864 -0.840662379853664 0.14997882997453
-0.0201081291054578 0.0175259109831719 -0.179573936648404 0.695693328197886
-0.000594296602907055 0.0157951706831207 0.310233604863206 0.408845889616722
0.021164947927522 0.0313893396715962 0.304467497703708 0.0533416296634028
0.0151231305535555 0.0182221221239115 0.0977472057117178 -0.185472264552845
0.00767169379787502 0.0179993975290656 -0.0969831356148923 0.0969712529453791
-0.00188518148526775 0.028472338493888 -0.203779037874596 -0.120720696727252
0.00612214059644091 -0.00926990628277448 -0.0756986362468692 -0.413730938107121
-0.00210667274999605 -0.0243196929957857 0.499242517962529 -0.409679984744068
0.0069557633748788 -0.0287262079143197 0.77155416995218 0.270308331324173
0.00954583592850944 0.0299305923915151 0.258995792494756 0.813940279819754
-0.0301475584504541 0.0479150134749051 -0.241599510806899 0.519184321660666
-0.0365580130076625 0.0373506515092048 0.0643652499375881 0.019126920371398
-0.0154196455585043 0.0394860000239818 0.151369720316967 -0.552417347730956
-0.00784902881526002 0.0218239933332397 -0.525013162229511 -0.71604568539497
-0.00661355280380284 0.000594071570707878 -0.858923647138258 0.0999957780861695
-0.0195362795197427 0.0154888195813445 -0.219064798356306 0.681449492327584
0.00200074742515244 0.0186763000127343 0.294878534951457 0.420807702025183
0.0233086734966677 0.0342659830234893 0.305920718801648 0.0666235782020576
0.0201832475171983 0.0181819276874558 0.0955582341088628 -0.180544048777
-0.00150005987821076 0.00241777780254462 -0.0731530938785375 0.123597652811493
-0.0245345098509868 0.00430493658209163 -0.229160007829991 -0.0720823145833888
-0.0261242387988993 -0.0136028417452193 -0.234560898361548 -0.340960644385217
-0.0128398743642611 -0.00632997348501318 0.259021728293735 -0.534347084481484
-0.00848617224411553 -0.0299841560943971 0.764461028046322 -0.0888052662302783
-0.00676696487477951 -0.0238188751163434 0.527743448034903 0.613186718431267
-0.0226339188488623 -0.0480177769423858 -0.110449480250021 0.586446053786472
0.00493291771465174 -0.0678151362780321 0.00858372272032638 0.102632865970429
-0.00488057924910096 -0.0693743013589116 0.24755332571252 -0.436886227431087
-0.0313197792106935 -0.0357564127066758 -0.234410870898159 -0.870198778703051
-0.0093047879197673 0.000498847888329264 -0.859056284479242 -0.267888441950377
-0.0228683045051391 0.0217631591732891 -0.481049121722312 0.557838311563463
-0.0334479095751166 0.00445098308929469 0.149401207062694 0.501473819337376
-0.0112782188150188 0.00385540765268935 0.299023310440696 0.140183400940533
0.00760677506740106 0.00672434779318368 0.128331447013487 -0.15963917988075
-0.00373692934463842 0.00397692595591795 -0.0727919040982758 0.116313134753531
-0.0235437628586425 0.00625119210309926 -0.22687264921149 -0.0909935850659299
-0.0213888150018771 -0.0168397190166888 -0.203763611373578 -0.360444044758704
-0.0136217248639193 -0.00954646335792563 0.328521977687753 -0.500319269560714
-0.0126861222355884 -0.0311382878942857 0.783664618812677 0.0120563683449258
-0.0114173304287941 -0.0292891313767216 0.461945224919621 0.672428625145159
-0.0147073347198998 -0.0563889838640502 -0.150211944890505 0.566510104097559
0.0123913055461145 -0.0732401795450932 0.0204728598949732 0.0772149336649174
-0.00444512885710358 -0.0750976920863908 0.219427789634377 -0.474932416582895
-0.03709557910611 -0.0344307740637166 -0.324221484939757 -0.83526209099069
-0.0152510602192046 0.00386562384186044 -0.868718517548966 -0.154169299350739
-0.0230241488446796 0.0225332692307499 -0.404192712916057 0.610172464813569
-0.0284769542814662 0.00314623203311879 0.195311816053334 0.485074286772746
-0.00752366517215809 0.00649392766648753 0.303013015729189 0.115307134551816
0.00495054246051684 0.00864490441401154 0.124927658187939 -0.167659878765998
-0.00440864274776774 0.00607692298431197 -0.0744656284276038 0.10891921079049
-0.0188489507769628 0.00893136388644358 -0.221941779911683 -0.107745323716305
-0.0148059899293681 -0.0199436170488868 -0.162178873489901 -0.377454069074013
-0.0130614652059636 -0.0130316549446878 0.397422091789039 -0.454839965124771
-0.0151111532878916 -0.0326470219776808 0.790398804915766 0.117925995451901
-0.0124298340632881 -0.0306358094482871 0.384011586229251 0.726301290154778
-0.0094832896727645 -0.0556080328711012 -0.190904656923344 0.543595777658753
0.0148315253021016 -0.069951001942402 0.0353689391034386 0.0509036258284901
-0.00686963592107019 -0.0687816109893152 0.19103969456858 -0.51059430097391
-0.0411186236931612 -0.0279935081780757 -0.412637079467439 -0.790369792138632
-0.0185571285372479 0.00817936429488152 -0.864489003076312 -0.0368898885386563
-0.0239491560301051 0.0232747664482839 -0.321710209661783 0.655005356389111
-0.0237296458345577 0.00426405960105551 0.240345947066932 0.462939811403493
-0.000943549139634313 0.0103848406396227 0.305112516463239 0.0905183478784808
0.00433837850999535 0.00997173791011982 0.119209749280323 -0.175493320738062
-0.00305691001686134 0.00939398399163674 -0.0776421182595634 0.102708755414827
-0.0131800471031327 0.0125424991797375 -0.214957680134145 -0.121396940894664
-0.00679866908418573 -0.021106270324475 -0.121559137370222 -0.390111517293913
-0.0110439831672209 -0.0170476397397697 0.45864014710882 -0.410151877984841
-0.0132325978276292 -0.0342513718150411 0.783475052397272 0.21514456950168
-0.0110703453987436 -0.0265430270180486 0.305128750639446 0.770926163378532
-0.00462254537956499 -0.0441097104156062 -0.225905789788393 0.519614400142468
0.0117459996474425 -0.0559406317349914 0.0484628714250494 0.0277976911638752
-0.00915821459566347 -0.0548826236387652 0.160030237814527 -0.538533875012828
-0.0398516244070103 -0.0180867468116354 -0.487152475373984 -0.737836532548929
-0.0203935204963177 0.0102255796420575 -0.850302612819489 0.0597914193653208
-0.0236075090328583 0.0232355636383663 -0.243499324117944 0.684144622914969
-0.0153970698032082 0.00581510987962436 0.277084630855921 0.436711836542683
0.00519194749477771 0.0160624129372438 0.306064095625387 0.0683203103954669
0.00537578739756824 0.0131955862304052 0.112117070832161 -0.182829141845831
-0.00115008177254212 0.012719341317208 -0.0820310222421646 0.0979119424500402
-0.00892618315524262 0.0174617368797968 -0.208031552288757 -0.129961015700579
-0.000404329017221119 -0.0199086793938992 -0.0886006176267184 -0.398690426130713
-0.0087847302249747 -0.0208692850540735 0.497479218467689 -0.377904314523562
-0.0102150183321842 -0.0333149771621022 0.768938133574845 0.2861687365792
-0.00721716280269984 -0.0164449910574613 0.247321753624543 0.800574274761639
-0.00626100003644051 -0.0246242086776034 -0.246997054082392 0.502934291136182
0.00494143283348458 -0.036071707303681 0.0584725630857538 0.0113291396041596
-0.0108317261816049 -0.0338864071222489 0.135385722831791 -0.555860801592645
-0.0368113179692116 -0.00656004013197969 -0.535942079853067 -0.696859683050028
-0.019980997341275 0.0101249400287688 -0.833632416689932 0.134086913016407
-0.0227517211407848 0.0219788028344714 -0.187017622622579 0.696908345555777
-0.00888039990900222 0.00851741180122401 0.302562835015389 0.415210713312631
0.0125847358712175 0.0214390302349495 0.303690318724692 0.0519234776638793
0.00774275302371562 0.0146118938651823 0.105573811930942 -0.186882194794661
0.00140775758212645 0.0149683046991192 -0.0883206390387148 0.0959852265567979
-0.00397833300940346 0.0229199183950189 -0.202596445224866 -0.131336431009742
0.00388690009762403 -0.0173706110276211 -0.0683055859946571 -0.404704505508636
-0.00662223193589741 -0.0229068571690948 0.520423527135178 -0.364761929190164
-0.00564964212905338 -0.0325236476659216 0.757503465142811 0.319391639316555
-0.00292178373247717 -0.000748298789975756 0.218878463773808 0.814405986238275
-0.0126797558594242 0.000159192287786306 -0.255031777929977 0.496474479898545
-0.00730158726463764 -0.0107431682691837 0.065342006971209 0.00179672387382871
-0.0103117298265584 -0.00896006101885165 0.124296562843719 -0.563984918810323
-0.0277078262613522 0.0037793568699977 -0.561683066368432 -0.673442906201831
-0.0170554553485259 0.00779120264012211 -0.824205047542394 0.164608106981119
-0.0212446985333182 0.0198338833110482 -0.160118553686842 0.698054022211183
-0.00337750786070381 0.0117330962736057 0.314233949878595 0.402024494326006
0.0174982130635211 0.0266554112991721 0.304888537835851 0.0455742540969346
0.0118107170721107 0.0156307323444808 0.100228150045893 -0.187241280832568
0.00367264097744323 0.0171595181967429 -0.0935118788467327 0.0960790368131605
-0.00207223746692757 0.0269536488926963 -0.201169236410601 -0.126580759250354
0.00633362238020366 -0.0132705808675604 -0.065642102638417 -0.410245463318492
-0.00431509056351096 -0.0238736911305747 0.517083190979015 -0.377704612239969
0.000623837667288569 -0.0297853235861832 0.759572012716285 0.310389727199779
0.00169930342329815 0.0146616722058376 0.224058474456669 0.816785569344548
-0.0209874706502573 0.0254031353560726 -0.249946351627416 0.500434670520377
-0.0222654380654726 0.0150303763942983 0.0667157478762514 0.00291586331587215
-0.0116607723352406 0.0173273248010607 0.125784692752838 -0.561986860752569
-0.0168307613973661 0.014090557618764 -0.56280454539209 -0.676967238482991
-0.0126836541306685 0.00393786969110659 -0.832819203703775 0.159886095449606
-0.0201536770543167 0.0184774296746581 -0.167675642874439 0.691714977640234
0.000533911026615663 0.0155791511431461 0.314590660414132 0.400853278604487
0.0220815767380881 0.0305740044733157 0.303901240752029 0.0493981921495924
0.0148557018414429 0.0165717760678949 0.0957024407686528 -0.185124141825796
0.00693563344665499 0.0185679082702598 -0.0960186718433959 0.0976570479101476
-0.000361524996683833 0.0289955257000233 -0.203235022042801 -0.116277211948073
0.00587810676444329 -0.0103298768622351 -0.078485694056509 -0.409452452210212
-0.00316595165610762 -0.0241789405468406 0.490651519001617 -0.413578714756128
0.00646650135735276 -0.0291848759360101 0.769159523076059 0.258246073031809
0.00803660404168992 0.0288527991642023 0.268350680221602 0.803594885611292
-0.0280578193984851 0.0480571892876893 -0.233332450741965 0.51537619067683
-0.0364204372450874 0.0383234776497807 0.0628042079735873 0.0169252375931838
-0.0137477968359293 0.0386721821941982 0.143903073823372 -0.54970183792452
-0.00729031917548536 0.0227569725874675 -0.530362870410147 -0.705112405649087
-0.0062528083411417 0.000495232705538489 -0.84946615988129 0.108557118226363
-0.0181217136608412 0.0147910409068989 -0.208345645987823 0.678758115574608
0.00126456620756124 0.0206086541627302 0.299174457802474 0.412216101221395
0.0240783765065865 0.0334318544957849 0.305283036223796 0.0621264919442793
0.0192717323529697 0.0172932714362227 0.0938978958273175 -0.179759389141028
-0.00102448659949855 0.00162672025468467 -0.0718677946332701 0.122225003040135
-0.0232356378044513 0.00529525159825003 -0.228050035888251 -0.0686264763610578
-0.0259693082210746 -0.013137239973565 -0.235597044473584 -0.335786549876526
-0.0129794674797629 -0.00611510269290371 0.249704392429724 -0.534135152603963
-0.00936742193473217 -0.0297703721465211 0.754368074742205 -0.0963736396325616
-0.00760463758135145 -0.0238534846603605 0.528173463788954 0.600739447533266
-0.02316744655277 -0.0466639717580888 -0.103025344079996 0.583083865022389
0.00355653384382896 -0.0664505752975102 0.00921717771752102 0.101305087769751
-0.00523991836099458 -0.0677996867224942 0.241571756529527 -0.435437519646218
-0.0320510512377894 -0.0341391097112288 -0.242101328239243 -0.856228533975338
-0.00840303312892554 0.000727775434673596 -0.853537283153055 -0.256087764403356
-0.0214913447829312 0.021894593038956 -0.469107150049232 0.557673314771622
-0.0329689307662624 0.00459898942255248 0.155164479758298 0.494778215263878
-0.0110682808549689 0.00394449840620204 0.297490452027607 0.135187523830452
0.00677404799888729 0.00657424674550777 0.126212981519666 -0.159271952880886
-0.003131717323051 0.00296396369133323 -0.0713517179439065 0.11519292143671
-0.0223192952558893 0.00712500475679946 -0.22573287646526 -0.0878370228264604
-0.0208192776264059 -0.0171688711725593 -0.20384170990916 -0.354647796436976
-0.0134289400835217 -0.00857484047855222 0.318813945413943 -0.498737711378409
-0.0127677471145477 -0.0307456625024801 0.776268387117144 0.00148809454609671
-0.0116767735925494 -0.0282980839042522 0.464622006937348 0.660293903089587
-0.016173626421832 -0.0550667166021332 -0.14317498844149 0.562856469469861
0.0117249229238197 -0.0725777999088034 0.020575768593232 0.0759662638173019
-0.00519787268708467 -0.0738770235124273 0.214934705791617 -0.471183777451228
-0.0381870572998227 -0.0334844050344488 -0.332239712567622 -0.823421745518293
-0.0157057550146488 0.00295406474959365 -0.863691933873655 -0.143380652411959
-0.0231140742651695 0.0227177029167414 -0.393770218496341 0.610126371568125
-0.0288239523452967 0.00427948627230079 0.198503576635907 0.476939534994884
-0.00665791083848414 0.00590699259814255 0.301962664743144 0.110721989984937
0.00539028506908594 0.0086974547570042 0.122372036126075 -0.16733507306406
-0.00380103198747252 0.00574345839151047 -0.0748307204454671 0.108414308627935
-0.0175661061783286 0.00917052099741359 -0.221553163937529 -0.104127196694793
-0.0153942544714931 -0.019337677002309 -0.164946188937511 -0.371614463032607
-0.0130515439537921 -0.0128488484308147 0.389812473887798 -0.456499955745815
-0.0151958882522047 -0.0328756272702895 0.784573991544334 0.105659987140385
-0.0132008041482621 -0.0300242570781155 0.387824876856473 0.715034626294406
-0.00949201163088089 -0.0540022071995758 -0.183691722096181 0.540126622409993
0.0140488083788287 -0.0686542921757766 0.0351835886414759 0.0502176988898051
-0.00754234484304594 -0.0686009024762035 0.183938754232341 -0.506868933315272
-0.0416065545491418 -0.0262182581955715 -0.417292812320406 -0.777172963810713
-0.0178723667804999 0.00729333799913548 -0.857288044611698 -0.0254100880589567
-0.0235534902400449 0.0238476222468504 -0.308310387075301 0.653117903028152
-0.0227384784458672 0.00395225211693724 0.243407226665891 0.455436269311065
-0.000219666947346252 0.0106027188917927 0.304137803027809 0.0859447033362316
0.00424309339673793 0.0101370801350796 0.116701440004579 -0.17508935117012
-0.00308462928407585 0.0089598517269067 -0.0774553701196636 0.102074227312438
-0.0131384739976487 0.0130980179668355 -0.214265636988724 -0.118630850647559
-0.00718012051044572 -0.0211796815340064 -0.123920593110073 -0.384713579015614
-0.0108529339011801 -0.0166276094296835 0.449493119380982 -0.4133794757804
-0.0143555202048472 -0.033573792661023 0.778754011610206 0.204257923760215
-0.011283076464642 -0.0263664276585531 0.311641568809329 0.7612649075732
-0.00589517567606926 -0.043241728864543 -0.215912824292701 0.516884735532428
0.0115015951476889 -0.0560588913147438 0.0477363706087086 0.0267661840086191
-0.00974084374755228 -0.0539543127171119 0.151114567394391 -0.533073952060372
-0.0396256707091997 -0.0163447860079715 -0.490650440219722 -0.727170824116117
-0.0198202485842652 0.00994828629746169 -0.841056681016823 0.0710677910109227
-0.0229705830680817 0.0238508669021054 -0.231144246268657 0.679236663201893
-0.0163197713781318 0.00603737297758574 0.280748786581354 0.429013102200896
0.00587304036761786 0.0154798908877173 0.304120234169078 0.0632434990228651
0.00524504226942718 0.0111630953159541 0.109383790645982 -0.182289124107396
-0.00153457769006861 0.0126037730811917 -0.0818382632086748 0.0977436014699299
-0.00837843814480505 0.0171350815755428 -0.207927339221367 -0.125706454192303
-0.000941444844419095 -0.0205380522194772 -0.0919287521754078 -0.394377295294731
-0.00880991719380188 -0.0198859054760341 0.490076279532401 -0.379352426886128
-0.0111966222222013 -0.0334213837557336 0.764563348102912 0.273355168479034
-0.00729364230812421 -0.0160854418823694 0.251892866363361 0.788496920960554
-0.00663449889294773 -0.0231318247289301 -0.237673740475558 0.501099020502554
0.00404405978037562 -0.0355871868841723 0.0580943964403279 0.00980983870294087
-0.0108471317913533 -0.0329145262920082 0.12833254016068 -0.551338510907805
-0.0353273810530274 -0.00664435036668656 -0.54069500377621 -0.683379097463667
-0.0203758942423354 0.0100947947183989 -0.824622972352315 0.141206820658107
-0.0214844036483186 0.0223682311407281 -0.176635975035117 0.691023970559139
-0.0093127560195973 0.00850663642961089 0.306107341418045 0.406265794279243
0.012554094126958 0.0201485807572845 0.302866191006234 0.0475068343919758
0.00796730798817325 0.0138280314361941 0.103995576270009 -0.186027734005279
0.00169773567729946 0.0146246347735516 -0.0872430393674775 0.0955301916720615
-0.00418126518163343 0.0227732497701037 -0.203439083899403 -0.127347662814285
0.0035695224409729 -0.0181373503450433 -0.0725413185025449 -0.401709676664016
-0.00610093628621687 -0.0231186579761033 0.510356446835742 -0.367552519661811
-0.00604631288564847 -0.0324661439484214 0.753909453280271 0.30639589138664
-0.00305230368034686 -0.000672022407114926 0.224328426648172 0.804770129839092
-0.0128719373318596 0.000156510473802496 -0.246039912264417 0.49424020662613
-0.00796949984246282 -0.0100428050919369 0.0649079334792878 0.00190394163588337
-0.0111671201501348 -0.00854678539382545 0.1162169921707 -0.560048630791476
-0.026985573115751 0.00429968927174715 -0.562894721427702 -0.662938591613355
-0.0171796306249426 0.00779295606848554 -0.817376988362766 0.174333493931289
-0.0206466282877302 0.0205725106568889 -0.14893698692534 0.692273742104111
-0.00383397846750943 0.0120346271672584 0.315193191543216 0.396243110805749
0.0182097580635852 0.026022476220061 0.302660714017572 0.0416675648965664
0.0113211245911626 0.0155253989117023 0.0974014508494489 -0.187328764842818
0.00358818593354102 0.0165659681338298 -0.0922373738292648 0.0961208088464774
-0.00142069365512065 0.0259502975197294 -0.201196241937748 -0.123134050831761
0.0053377379611206 -0.0139294952638527 -0.0699808265280013 -0.40712586064235
-0.0041130778777721 -0.0238324815154281 0.510668204519202 -0.381181429382754
-0.000295853220567663 -0.0300560171854576 0.755886621009168 0.299887698316691
0.00152298526213809 0.0154735878751291 0.232865234808141 0.802431951804275
-0.0209074262704748 0.0260165932867369 -0.241667844771666 0.498265374878479
-0.0208246143914487 0.0150250887261282 0.066311990130135 0.00436059356667991
-0.0115606758005939 0.0172401520953444 0.119207058808819 -0.558507823559165
-0.0174938468783549 0.0141610015948982 -0.562967941755006 -0.663543337593633
-0.0127433115656946 0.00400776286172588 -0.823301707764475 0.1692174232352
-0.0200620985084243 0.0177342681736705 -0.157500710472612 0.688437519003809
-0.000222572087088969 0.0152040016900197 0.315759528517099 0.392696085647313
0.0226399073999044 0.0287588452433303 0.302213798684688 0.0452776488749864
0.0147902143515088 0.016205613150143 0.0936161810277066 -0.185053648114669
0.00747444206205692 0.0174394441489259 -0.0961750864775244 0.0964121457151215
-0.0010676520888506 0.0274058769187902 -0.203389008808088 -0.113771910393119
0.00542484519094593 -0.0106802768259181 -0.0837533137315199 -0.405840221301289
-0.0019781522887164 -0.0248846105697396 0.48119454853096 -0.416931781782555
0.00540132986984054 -0.0281836461965613 0.763535149414817 0.247918600117227
0.00777708812706822 0.0285550562062143 0.273183984877171 0.792085592997317
-0.0274762371874481 0.0484527780787595 -0.223232087051341 0.516627807659773
-0.0335864473151491 0.0373969290052527 0.0627796200211359 0.0159521722051764
-0.0122082408002025 0.0396698952580703 0.135200339751017 -0.545393255096531
-0.00736388173824835 0.0223142823404217 -0.535334075637059 -0.689404875923105
-0.00668868537836069 0.000366277545872134 -0.841776975233418 0.119383197474145
-0.0189175202358791 0.0157395671366781 -0.195818265671767 0.674218708574905
0.00106001742828015 0.0193369413670181 0.301069279871972 0.403299787810291
0.0244241908079775 0.0318761268375207 0.304471151136725 0.0572518767981571
0.0190446358407986 0.0170718564862425 0.0918609967653543 -0.178735293223671
-0.000879555893445095 0.00129032240758305 -0.071845741949278 0.121513676581762
-0.0233211872043053 0.00544081203387275 -0.226644592640618 -0.0657575576729391
-0.0259439712334948 -0.0124094858309419 -0.236144766682805 -0.328828051889177
-0.012255877878758 -0.00501467620299832 0.242956064290274 -0.530623162947534
-0.00908279681026182 -0.02945566352545 0.747233836117957 -0.104291670024162
-0.00753564251366636 -0.0240325550279882 0.528766292285562 0.589173989071915
-0.0220370530982308 -0.0454462068850988 -0.0952663247466209 0.575108565447874
0.00354882806557514 -0.0656176077240576 0.00877949276125214 0.0992784933912819
-0.00607484523129631 -0.0668111055503996 0.234165641011735 -0.432553113732222
-0.0320347833178245 -0.0333787118576446 -0.248015420198798 -0.846938335817274
-0.00947507071460009 -0.000208394000495556 -0.848275550351191 -0.243807795420294
-0.0209654719597386 0.0218736866741348 -0.458306915981868 0.554589082005586
-0.0329866866559073 0.00474514950141455 0.158470337762177 0.486598308319867
-0.0104933893179191 0.00382564338911693 0.296786393246487 0.130825118186566
0.00686791182065018 0.00645306667799559 0.124626626531409 -0.158953789887292
-0.00337235890308047 0.00359575091565473 -0.0708203384535311 0.114345730996625
-0.0216571855691698 0.00666272214529134 -0.224777207497677 -0.0839727759130683
-0.0210959666712313 -0.0163601875216893 -0.203460661272277 -0.349193659161982
-0.0130398861752999 -0.00784907024892547 0.311021182629903 -0.49794633983099
-0.0140856954052829 -0.0296394685285127 0.768277381988274 -0.00621110645172061
-0.012370642132904 -0.0284617517147061 0.466656688713902 0.647725830182593
-0.0169886938181752 -0.0536730777788316 -0.136789949081437 0.557528648372128
0.0102547127116276 -0.0719083766038162 0.0214403912200538 0.0748485905309014
-0.00574137336870483 -0.0713889844689544 0.205990542314716 -0.467593214991482
-0.0381820868043274 -0.0321270949585936 -0.334294526277156 -0.810029339295471
-0.0152084828563861 0.00361673934879759 -0.854438075002179 -0.133462274209788
-0.0232287207716775 0.0227442443419536 -0.382070308625212 0.608751769865303
-0.0281330564072999 0.00475077036835498 0.201391160977757 0.470660752436054
-0.00663739998441689 0.00552221540533431 0.299384404380162 0.106469151369891
0.00536063312351599 0.00781449338069876 0.120199644340485 -0.166045630626966
-0.00264415971723274 0.00583746904483192 -0.072292890370997 0.108057614933234
-0.0177145416092889 0.00928621578864207 -0.220470668884373 -0.101171060025629
-0.0151570294610093 -0.0195459871484297 -0.165814505676256 -0.367437844139354
-0.0127128753383891 -0.012182795239301 0.381448437794445 -0.455567476494397
-0.0160030587948919 -0.0314224410063748 0.775989288222104 0.0961121559601364
-0.0132656853142113 -0.0300726693812703 0.389715082346646 0.702537952355251
-0.00984458893680657 -0.0523894359387524 -0.17543881738983 0.535523927010706
0.0133236960404727 -0.0679350125021942 0.033677219811752 0.0489957199329138
-0.00758776328550048 -0.0671019196811852 0.176200296519813 -0.503725200492892
-0.0411378393209536 -0.0263253455875176 -0.421210946640882 -0.764977739426776
-0.0180398849457072 0.00684291423999455 -0.846413847953401 -0.0173461774812369
-0.0225092050890864 0.0243735381278494 -0.297140964870827 0.649929542191062
-0.0222135254901344 0.00547185904254148 0.245737239532344 0.446233482340573
-0.000776109185367621 0.00954801236945349 0.302206667427519 0.0811357617079706
0.00348360913986579 0.00943051168894047 0.11426214510391 -0.174516341812958
-0.00304227636683133 0.00908973098797609 -0.0758395570849289 0.102589744386872
-0.0120469788998234 0.0137075207033924 -0.213759829845246 -0.11485963018524
-0.00855212243466682 -0.0212398419950298 -0.125541915426173 -0.380249147775773
-0.0106807062935308 -0.0166304246263423 0.44107733402892 -0.413727610175693
-0.0152599883262634 -0.0330373406355504 0.771429587414896 0.194093187544846
-0.0115890486201577 -0.025783208175267 0.315399639837485 0.747219422049446
-0.00634687977412277 -0.0418714390921646 -0.208695560839413 0.511876991315045
0.00988199636459038 -0.0548380046074433 0.0479443375713552 0.0262527688913915
-0.00986886285692069 -0.0533721765797294 0.146113988956924 -0.529179208715549
-0.0411466252488657 -0.0163551766283194 -0.4917677219688 -0.712161335287558
-0.0202887644939445 0.0094695354172756 -0.83069069423986 0.0806082001332772
-0.0219147713020214 0.0239335434357733 -0.221251199452884 0.675739150044342
-0.0155170529418391 0.00666889822883894 0.281416980387694 0.420835492786468
0.00653923741029057 0.0155774933560533 0.302220676890348 0.0592102541498189
0.00525757879763929 0.0107222770168785 0.108287104401245 -0.180832911079067
-0.00104838525380247 0.0119501639547623 -0.0809635548196038 0.0970971529684699
-0.0075861342238863 0.0179208904447551 -0.207810327556356 -0.122292859689907
-0.00120956206577371 -0.0197450231078792 -0.093296869686846 -0.39211928128309
-0.00857851936317838 -0.0199370091669283 0.482131358356705 -0.381951542540586
-0.0117539547023431 -0.0334904789466531 0.759703543179539 0.264462276648029
-0.00762628787570356 -0.0155552114887874 0.258247531663948 0.778223068901702
-0.00659181521330188 -0.0226179345171325 -0.230162489125476 0.498149412372668
0.00315546340275079 -0.0349467264751578 0.0577030415498519 0.00928065738235926
-0.011832779442494 -0.0328928393175233 0.121663600854501 -0.545946550382747
-0.0359693505328829 -0.00534753747890607 -0.542599743161451 -0.67163285700241
-0.0199335111246148 0.009095932629588 -0.813902582032895 0.149433733958165
-0.0214314153902425 0.0232192646252642 -0.167871055994259 0.687106107755618
-0.00919111890369609 0.00845386918089978 0.307387878932193 0.399430855039723
0.012610257330904 0.0197428660740679 0.30102872878504 0.0444476953371337
0.0072862060831011 0.0131982417214175 0.100949737241422 -0.184597491385901
0.002361280883491 0.0140638038828449 -0.0869596651893105 0.0952462504653479
-0.00391670431715286 0.0232986396674132 -0.201432630158571 -0.12328778160462
0.00383691677389829 -0.0183254798883605 -0.0722495302845223 -0.396926904760303
-0.00666355084624447 -0.0227281734922395 0.503280743823985 -0.369991617831512
-0.00645920057882853 -0.0313042555829772 0.748828049002983 0.296111440741023
-0.0033510243114065 -0.000823771794618436 0.229450892942362 0.79184361182902
-0.0112806918254237 0.00165198280300376 -0.239355654423913 0.489056875723682
-0.00767049602783751 -0.0104495320612072 0.0632252975125677 0.00130424133764013
-0.0106970653292758 -0.00684613641493018 0.107855823204184 -0.552471798113184
-0.0274878469567178 0.00429085503946356 -0.563898019374082 -0.649056579905673
-0.0173523505010373 0.00700138625857314 -0.805447688238401 0.178419968381772
-0.0199364903865894 0.0205332275562939 -0.139214319160507 0.686315079473513
-0.00378644565639183 0.0120422660581997 0.317898847264697 0.386653581422864
0.0189728657111123 0.0247495127909962 0.300020621782674 0.0379796351670766
0.0113711080526113 0.014712206639519 0.0955359934988151 -0.186350007807306
0.00452181089368748 0.0159774041224594 -0.0921252081552801 0.0945830906877079
-0.00149708641924707 0.0259991107323554 -0.200810324492814 -0.118945877465789
0.00516698695795831 -0.0147129575396647 -0.0707428021170137 -0.400536545966374
-0.00386950316199092 -0.0239794005829882 0.500110599563726 -0.381839841161057
-0.00161896204407236 -0.0291739151400127 0.750587864894101 0.287345680826192
0.00243119007070818 0.0149754380135242 0.238155458051346 0.79291907062449
-0.0196634322934681 0.0254425064893879 -0.232069777026741 0.495790469460067
-0.0207233954834432 0.0159277643032187 0.0654612084895533 0.00344448242888486
-0.0105433786814125 0.0170978301452125 0.110813919452197 -0.552088152006697
-0.0166676849193246 0.0143776324177107 -0.564447660205232 -0.650777869536264
-0.0123707033154811 0.00413280808712784 -0.81504171541024 0.175168405162412
-0.018681181448948 0.0173377292374569 -0.147378929486569 0.682114973251301
0.000374797955124349 0.0158458589835611 0.316544426252565 0.3846963647162
0.0225672315339474 0.0280803849196225 0.300929523199247 0.0408232618065979
0.0146688879747703 0.0149899522411438 0.0905937149443353 -0.183858870824189
0.00669826911944602 0.015691085901204 -0.0958761402575057 0.0969251243777103
-0.000284430197769123 0.0275888031144259 -0.202380992290846 -0.109562449217138
0.00476874614513722 -0.0102970170209845 -0.084420330178458 -0.402194320780381
-0.00282844339449553 -0.0240639349483619 0.472711340599485 -0.418140083659975
0.00455017427303481 -0.028254792946636 0.756420146548578 0.236061573425697
0.00771239605928764 0.0277652643991874 0.280527714618627 0.780848817552491
-0.026819920460321 0.0486416161307869 -0.215666974851434 0.511164050611022
-0.0334100596437461 0.0368027688360282 0.0618707778936362 0.0160803231739118
-0.0122292860385276 0.0385450492991719 0.129515733357749 -0.538335221281076
-0.0082214699062726 0.0232318734313082 -0.536092375139131 -0.678877909912092
-0.00739659301420281 0.000115630837971028 -0.832428026683773 0.12579683850287
-0.017929989961286 0.0148489798851414 -0.186592484723201 0.669478716636402
0.00125627870916368 0.018869643380078 0.300805603579801 0.395532798966313
0.0247332788395156 0.0307499771877537 0.302625863994283 0.0540915911430427
0.0192528841742757 0.0155748744448577 0.0891655111452542 -0.178475232916562
-8.15400511099238E-05 0.00227213534851397 -0.0587023596984075 0.126270379638247
-0.0238551277821453 0.00798905474254053 -0.230508121395067 -0.0404149094703485
-0.0289620056916905 -0.0102002498390067 -0.266660476129468 -0.301730607763462
-0.0117253420855507 -0.00601826747003481 0.174235233056281 -0.554482223302602
-0.0109502639606465 -0.0245958489985644 0.726133789197542 -0.183827666372376
-0.00736118674587372 -0.0224813176010641 0.583104360618029 0.527117602059613
-0.0252663215901089 -0.0386543944323314 -0.038247085519565 0.58666776010603
-0.00362410196884504 -0.0648072478530766 0.0180384869202544 0.0965075390888007
-0.0158667553583405 -0.0633482492837184 0.186634561297271 -0.44879465446576
-0.035437751201204 -0.0230921548408049 -0.335480367087484 -0.804755843941944
-0.00332642449430634 0.00655399851035145 -0.862111690004417 -0.156675743271237
-0.0100262189332228 0.0233469670310995 -0.395804728207991 0.599490354866207
-0.028948484120208 0.00539170344913687 0.205342058912032 0.465691122499909
-0.0100405622185098 5.26745106508002E-05 0.305861509047965 0.0944360316886407
0.00553786975850593 0.00237881646223542 0.107717534577935 -0.170476503009406
-0.003090130843815 0.00413100323199291 -0.0599316304556349 0.119355727986279
-0.021359093195744 0.00897683690159864 -0.231872691007515 -0.0589090990434582
-0.025564459616139 -0.0141122460788304 -0.238556970499604 -0.32243175405111
-0.0126114645573762 -0.00887753760467518 0.246203515330124 -0.530963722618992
-0.0159869694746423 -0.0250013454056841 0.757881855141322 -0.0917104041124977
-0.0123090258077045 -0.027435900314261 0.527448706249396 0.592447727902792
-0.0197397864593108 -0.0470807608478907 -0.0788085339995698 0.57078571529653
0.00297364414290343 -0.070865983055579 0.0279935993381573 0.0707307962841254
-0.0152211681759075 -0.0691747146269666 0.155157058668301 -0.481340032363938
-0.040433624536704 -0.0228908004043477 -0.420181353704938 -0.762531517507092
-0.00757790824415277 0.00984316433395259 -0.855734991918181 -0.0459072172316752
-0.0104731586779378 0.0241075340545926 -0.315043947081004 0.64200242746097
-0.0243945544573715 0.00382723730841804 0.247787648986526 0.445153967979566
-0.0058572377694251 0.00226329191248504 0.308010533068892 0.0714154771181994
0.0033355715667703 0.00453942821889075 0.102305986304927 -0.178302111184654
-0.00385948061416635 0.00780581853694294 -0.0611894516417448 0.112727440225268
-0.0181392151907704 0.0110652419379748 -0.227662431404915 -0.0755938617240372
-0.0196382837853933 -0.0182195131027189 -0.201573556763086 -0.344208391807941
-0.0123009378494211 -0.0119893346845454 0.320694121019182 -0.49809591865701
-0.0182211107756041 -0.0259090600270196 0.778247998432076 0.0101841499953819
-0.0136446630586137 -0.0279769530360739 0.457297276669164 0.655950311487828
-0.0133998132752396 -0.0470407592548543 -0.122802988659186 0.553448040411421
0.00606394326985687 -0.0676330128747693 0.0390395954467304 0.0443647900874665
-0.0167917232406282 -0.0634934645107746 0.122808619574058 -0.512395137789672
-0.0429405476123279 -0.0163933223071721 -0.497868439433747 -0.707490792555811
-0.00999588390003149 0.0128920938184591 -0.83716791548102 0.0671879330362727
-0.0116733411219486 0.0236360200083007 -0.22722990015943 0.67562611424389
-0.0183123230572104 0.00368884474624697 0.288674961534838 0.418109644121346
0.000260991020795232 0.00578502953206872 0.306076705598427 0.0467836699479112
0.00365076428714942 0.00596488007083512 0.0960029606935726 -0.185349918409083
-0.00174762663587611 0.0100403299022246 -0.0648333891524438 0.106938367848213
-0.0118001133677104 0.0142260667227629 -0.22347078706455 -0.088652656708783
-0.0133959653100457 -0.0209387972168574 -0.163978304223761 -0.361664286320842
-0.0105610519033345 -0.0161489554156425 0.3841595099786 -0.46390058909908
-0.0181473456321383 -0.0285676608100542 0.782560843273279 0.106051595724955
-0.0111166247862024 -0.0240228961312495 0.387536192474233 0.707171663944753
-0.00956777097688737 -0.0367852480069496 -0.158081489978179 0.535184550316347
0.00523026870316655 -0.0547552547625462 0.049038980045906 0.0199909126357565
-0.0173277637783221 -0.0489872148281665 0.0883842634571539 -0.535040607133481
-0.0407263470770555 -0.00643056815980093 -0.562263944946019 -0.648887600952323
-0.0123725033859156 0.0137057099776393 -0.812604994919914 0.160919004943766
-0.0120458636969128 0.0231963422700544 -0.148560901646643 0.691998873204116
-0.0131313314134393 0.00420976367464991 0.322220178814231 0.388897391364909
0.00660234296567247 0.0100239887513466 0.306101299455623 0.0259927144038304
0.00404582978153114 0.00934303502976136 0.0892724196714167 -0.191618218968176
0.000294061125535716 0.012681332620377 -0.0709384399659819 0.103010416684705
-0.0072962779881054 0.019016025230146 -0.217493766814814 -0.0985117536047388
-0.00616883572135428 -0.0204458754436824 -0.132986273709124 -0.377684015104842
-0.00860004378359826 -0.0207077206252559 0.429819965335446 -0.436816285299049
-0.0156505561555536 -0.0269550715532422 0.778409253844627 0.175082691278411
-0.00611634884275253 -0.0149944824354533 0.333498078367092 0.743720750114214
-0.00810639189173021 -0.0180769487242962 -0.18073739535082 0.519706025312605
-0.000758021799006963 -0.0337818190716588 0.0562508621072502 0.00345454427760349
-0.0155207714906674 -0.0289147789111708 0.0648762948826749 -0.549331048248524
-0.033999984519328 0.00363610115351369 -0.605592634289729 -0.601863310302727
-0.0107162225142282 0.0142707084458863 -0.788360249747453 0.228294614748387
-0.0103353596290811 0.0217981974884128 -0.0932225228855648 0.699008562429737
-0.00673346233494534 0.00617179884207921 0.343839499850329 0.362649245854491
0.0137786188231713 0.0138164884595505 0.302044759674856 0.0109305833663284
0.00592422148437201 0.0106831154812314 0.0828440729033435 -0.193687948334906
0.00298762827089717 0.0147941351906218 -0.0761365223440127 0.10102831159413
-0.00219074086879067 0.0230497459113133 -0.212354545452893 -0.100579599668979
-0.000442846135214551 -0.0190009118955347 -0.114403410725957 -0.386997992978808
-0.00721229681442901 -0.0224081514886423 0.449847587163023 -0.428607649359374
-0.0105373630524872 -0.0266277262520244 0.772451197760113 0.211241476713707
-0.00122541035279202 -0.000677836888424285 0.309196269354556 0.759704260085944
-0.0100988240047867 0.00587349400771958 -0.18988858586123 0.513225111734447
-0.00830264102929034 -0.00894361935326124 0.0623479899249999 -0.00486832961654541
-0.0126754316512307 -0.0055884762290666 0.05053343658762 -0.55363445669245
-0.0243905900005555 0.0126217468009911 -0.625882855776137 -0.577996585960587
-0.00950446704634225 0.010478687219099 -0.776375892087031 0.257094079696307
-0.00908427049879929 0.0187905971020148 -0.0672177623526298 0.697181206548924
-0.00105563095715471 0.00765398081446648 0.354628294177507 0.35030001435442
0.019333322076041 0.0169888241084619 0.301917254899619 0.00440669732304425
0.0102220863689253 0.011525503934046 0.0760722254361299 -0.193633864129154
0.00597314022942829 0.0160165715389696 -0.0831540747227365 0.102462672218377
0.000183049477883683 0.0259227779242769 -0.211602219654601 -0.097323214085245
0.00190851159064258 -0.0158307511982999 -0.113812458589515 -0.390748496037865
-0.00470592584511954 -0.0253427444100063 0.446538099333177 -0.439521360133475
-0.00336863905701184 -0.0244660454176185 0.774070541092176 0.19841597643416
0.00651917349262214 0.0150698099466301 0.315678269779088 0.757479099697483
-0.0163538562067141 0.030532389696401 -0.181569861348592 0.519817500090297
-0.0188217417795511 0.0183405793151178 0.0656293165503051 -0.00214873738612179
-0.00945861162472282 0.0179498689096941 0.055317801727218 -0.552898602819546
-0.0147197039379014 0.0205137731655647 -0.625439333987075 -0.577370994542795
-0.00525974248440791 0.00725765419966413 -0.785042097953631 0.252477124758455
-0.00938146668987084 0.0163109362926477 -0.0741142665101371 0.6933375585935
0.00421262095318964 0.0105662821509565 0.353296134013035 0.348715028452641
0.023725821557725 0.0204975875196107 0.3035211097701 0.00819893009101762
0.0139115414646259 0.0109441302123152 0.0731583536484779 -0.191609630712987
0.0085770552436772 0.0167800452606433 -0.0859623450081121 0.104226352177535
0.00204826124975047 0.0273776029003356 -0.211321553386259 -0.0861176789911701
0.0017004328579156 -0.0120177479268871 -0.125704385484851 -0.388655648735067
-0.00345056194200869 -0.0250408560075147 0.413792085566221 -0.472835315161106
0.000398320737724164 -0.0245014822979747 0.773700224758017 0.149674470466719
0.0133853754424613 0.0278599680945408 0.358459674265685 0.7405482611232
-0.02024503251847 0.0530951226178438 -0.16258666896891 0.533259067109689
-0.029811363485865 0.040186477950528 0.06260228506283 0.0103195867653271
-0.00961611579349141 0.0407578290287444 0.0735423868176105 -0.542049218864521
-0.00423442266182036 0.0275074721718064 -0.601400048632294 -0.606785676384185
0.000803723373968267 0.00359474197226435 -0.810576058273682 0.206108299392292
-0.00717908062321285 0.0132966518288969 -0.114733469746109 0.682759943741395
0.00504589903237132 0.0139100763220271 0.339529599302916 0.360793483835096
0.0258496624420997 0.0231346152947157 0.306592540652077 0.0218389988193289
0.0175730733564926 0.0109372048766141 0.0719230024652674 -0.186155530222548
-0.00076160985125582 0.00230415493494849 -0.057840258450374 0.12492684140717
-0.0229788833194627 0.00799740799168444 -0.228961069758196 -0.0380715020142007
-0.0293244932206216 -0.0100753149035728 -0.265841090833325 -0.296348096822047
-0.0107977939386485 -0.00592015122639816 0.169045760152979 -0.551089586911642
-0.0111252890825856 -0.0240245618377101 0.714396456998159 -0.18665280627091
-0.00729671354680226 -0.022980239377684 0.578109080571017 0.518374229221055
-0.0247703926182177 -0.0378322379801996 -0.0349865998698828 0.57883179076848
-0.00422258064055942 -0.0621231046293927 0.0194261626035966 0.0952386332466891
-0.01542148087136 -0.0622877318306036 0.181073940545221 -0.444088297539206
-0.0353943326873641 -0.0230515393110651 -0.336498881905768 -0.790470683322161
-0.00338214729613521 0.00623497327342005 -0.851532707032304 -0.149520668108835
-0.00985165067371347 0.0232538846947162 -0.387005595934054 0.593724582712859
-0.0286885249394649 0.00534750134508562 0.205389282421363 0.459265066554189
-0.00968797592537732 0.000342853956642832 0.303924604034175 0.0915434481915753
0.00584618016523255 0.00129185560971932 0.106161860165067 -0.16954035979433
-0.00290248768862084 0.00388275888145369 -0.0579612919011472 0.118048835047688
-0.0216591527528336 0.00972320353469573 -0.228320361876275 -0.0559713481436916
-0.0251938776382047 -0.0144518973022475 -0.235340993684678 -0.315958022055192
-0.0122935043878232 -0.00941115152428865 0.240054994865304 -0.526154792064165
-0.0157571905439884 -0.0247304589709646 0.747676669147084 -0.0944906447352366
-0.0131917046663443 -0.0272975755194039 0.52429832054402 0.581056217806909
-0.0190994311211302 -0.0460735075571689 -0.0762183319431514 0.564833769583264
0.00257969923435131 -0.0695654947493454 0.027699120775079 0.0700840226536168
-0.0143314743803096 -0.0675519067873058 0.151459854560438 -0.473800684000175
-0.0402862410960162 -0.0217566534484093 -0.415539796009581 -0.748031635345091
-0.00784259256837134 0.00866532284218339 -0.847225923341257 -0.0407530669775068
-0.0107167368183248 0.0240281648653777 -0.307488725834398 0.637868215789492
-0.0234928875521556 0.00413224369011941 0.247870651839852 0.439603267143921
-0.00586739042384671 0.00131008457935356 0.304354970759559 0.0681615077303566
0.0036861692410448 0.00534048926321599 0.101320854379546 -0.176777549893855
-0.00265447797821539 0.00686218804233313 -0.061361287722333 0.11184678671233
-0.0171333631832613 0.0103177129054887 -0.226100187765094 -0.0730658239646662
-0.0193890815829975 -0.0188113388170164 -0.20115660572943 -0.340187709926806
-0.0125465381132216 -0.0124431377477564 0.313341573326089 -0.493626028325222
-0.0181792381108818 -0.0255063065961083 0.768882486150077 0.00592483668821856
-0.0141467044787608 -0.0275365403738874 0.455588090241257 0.644207865266162
-0.0136677072168847 -0.0450196356441908 -0.118343169051192 0.546058053242312
0.00617847856326181 -0.0661459566479569 0.0377608054664389 0.0436619703837412
-0.0166251721649757 -0.062654253048552 0.117885117656322 -0.5052879020065
-0.0424638497173731 -0.0153294251711874 -0.495692189652216 -0.69307239349935
-0.0111526797470362 0.0129325586165278 -0.825658332001303 0.0721142572320963
-0.0118372492259323 0.0237298683345515 -0.218124839422411 0.667425748219847
-0.0184900846562934 0.00384035471375702 0.287057290732109 0.409875246785046
0.000600496262283709 0.00541802830575725 0.304497008843656 0.0447172690116675
0.00208820209687487 0.00661190745198574 0.0947772978040753 -0.183230439757501
-0.00123166720911379 0.00978411997594758 -0.0660693912160395 0.105829775925459
-0.0120368227571705 0.0145294077419316 -0.220437657289837 -0.0871578165411079
-0.0124099204089757 -0.0204763121784812 -0.163681674992249 -0.357576478303516
-0.0103983807511657 -0.0163603416470016 0.378864497465809 -0.463246303891273
-0.0182310689300097 -0.0276583502437267 0.77473395321577 0.0980306481105624
-0.0113249869227469 -0.0240455152879363 0.386760162811284 0.695504664524964
-0.00830652194776547 -0.0356474548875514 -0.152017205571858 0.526771532647931
0.00481571488525393 -0.0538235709995459 0.0472274232179078 0.0210939311133234
-0.017344797918611 -0.0493378417116467 0.0840584293763278 -0.526863233506231
-0.0400192047283472 -0.00593360095036488 -0.559326039983603 -0.634986563650333
-0.0113191927010828 0.0139340758963282 -0.801163581556709 0.162778712318495
-0.0107394256304553 0.0233718776663595 -0.141962365657295 0.685639429889684
-0.0128384642439901 0.00433010890340229 0.320905310589586 0.38173087591669
0.00676936014138506 0.0087134423515897 0.302576533717647 0.0234070214508398
0.00404475186011405 0.00867059882833578 0.0872552709850145 -0.188900346956435
0.000173958230353713 0.0122213128664567 -0.0702479144162754 0.101923495373954
-0.00692369298454382 0.0179210462812625 -0.21580316107932 -0.0964724810751769
-0.00547650597000292 -0.0202813461352946 -0.133003007982697 -0.37149450410581
-0.00925012455075395 -0.0200458637483182 0.422309903612942 -0.434999339231095
-0.0157849837751385 -0.0266654678904704 0.769331944055986 0.170560123093726
-0.00678007293938041 -0.0140746381671636 0.333923877623545 0.730820490172806
-0.00738852901783165 -0.017525267784484 -0.173761779587767 0.513568598380197
-0.000420311888173962 -0.0330997839463041 0.0557977743921547 0.00370188018544976
-0.0168033378610693 -0.0287449795732127 0.0602115097908266 -0.541387502926171
-0.0328806748024238 0.00349781104704663 -0.60010814882271 -0.589920220622491
-0.0107657472952554 0.0148056921864044 -0.778543204690396 0.228357808664784
-0.0103825811018808 0.0204871371194947 -0.0868560950412711 0.689648642059646
-0.00600560002598168 0.00559082231974162 0.342866921546899 0.35796109899749
0.0130595109946658 0.0126123396151492 0.300640260865079 0.00784191196849249
0.0053901585053022 0.0104396798640826 0.0796017140146565 -0.192522504621679
0.0022478983593178 0.0150333754891357 -0.0764018717057097 0.101035194242746
-0.00148935193311091 0.0219592343465278 -0.211413317340635 -0.0981971202968702
-0.00170379565394869 -0.0190472473259838 -0.114405913620494 -0.380948920917425
-0.00696789672562804 -0.0228714183731517 0.443558395383284 -0.426004336944517
-0.0102224348898975 -0.0257316754390387 0.763800675509442 0.203994121192587
-0.00152175550499398 -0.000910997926732278 0.309533517893018 0.748331855861822
-0.0107848549683695 0.00624158045092855 -0.182923846135218 0.509029586420461
-0.00833238270080801 -0.0079788688435491 0.0617635838670713 -0.00451591697223709
-0.012905094410915 -0.00533151728933634 0.0480886650673761 -0.547607819342523
-0.0255996928723624 0.0126397758513421 -0.620778314036067 -0.565733330166674
-0.00930748107994783 0.010769029645706 -0.766575267274631 0.257617284217134
-0.0096296051484255 0.0181943724080366 -0.0617192473043347 0.687497885045003
-0.000966811154801235 0.00756691467235285 0.35220480841414 0.344478206217706
0.0191759048888908 0.0167100121292412 0.299036095365858 0.00190030142245132
0.00960692101888924 0.0111278814987648 0.0749655687404163 -0.192795119410424
0.00547752160304067 0.0157647983280673 -0.0804159445319763 0.100738409412515
0.00128032416555653 0.0258367555141373 -0.208720154837938 -0.0945782531371765
0.00131308441933042 -0.0158561300413796 -0.115044690922123 -0.384858083720526
-0.00475630872456936 -0.023960780405726 0.438366471503561 -0.437843531627685
-0.00532084840364356 -0.0239440420038002 0.764714476807386 0.19353399034446
0.00471416007099643 0.0151372783583643 0.314407879018274 0.747878075079145
-0.0158642249689716 0.0312436162072722 -0.175803706554059 0.514363309220895
-0.0180423421450539 0.0164284694388459 0.0626859219376331 -0.00306372432163891
-0.00993092764426095 0.0182218800282637 0.0502055158721683 -0.545412567705623
-0.013825189936276 0.0206138430228158 -0.621316430652173 -0.565935151429175
-0.00561116429217593 0.0079052154949115 -0.772393444652413 0.253408876034747
-0.00880864293167742 0.015994977556009 -0.0687803766046975 0.683882964894937
0.00338807684702328 0.010829339964878 0.351388582126102 0.34013149645944
0.0230267383116951 0.0192468445862781 0.299640533389343 0.00570832056354158
0.0131355194260949 0.0112952984670755 0.0713499901741442 -0.189225769957668
0.0082762989250017 0.0154275226647242 -0.0855536077701897 0.103141229114783
0.00133511925161812 0.0278334013293913 -0.20985159727601 -0.0844695308796015
0.00023518451226284 -0.0121992650365588 -0.126259562972584 -0.384678397978153
-0.00314850148731662 -0.0246949060384094 0.407162081872052 -0.469548186934052
0.00149605986933412 -0.0240583820730935 0.765637763924137 0.142812858804028
0.0126847520118736 0.0262078566416773 0.356140478999693 0.72923885808813
-0.0204829524773278 0.0527156795462044 -0.155518347776417 0.527210726005873
-0.0281001159502749 0.0396177809177052 0.06033480286964 0.0102482923040862
-0.00863053856772987 0.0404705618683386 0.069943840614087 -0.535257132899299
-0.00326045888477116 0.02779238902432 -0.595714120859838 -0.595620532432583
-9.91549513103956E-07 0.00312778800685209 -0.797829434131066 0.208643988124202
-0.00789592443763526 0.0146982929042784 -0.107811459911386 0.673815473007085
0.00504952478743153 0.0143632134229087 0.33812398157832 0.35467281730893
0.0248662597850318 0.0216423312787406 0.30348437688408 0.0181436883041866
0.0165324231761081 0.0113728357247011 0.0709389647622556 -0.183981032404297
-0.000506711252521211 0.00143382630060327 -0.0581175193124417 0.124096872328308
-0.0226436827377418 0.00877427219562473 -0.225815541933103 -0.0366406130861647
-0.0288358469880594 -0.00974408792061347 -0.262367500228868 -0.292403704688998
-0.0104542159902313 -0.00605611814598052 0.163742342948146 -0.544448337813821
-0.0121168922587434 -0.0233527712157039 0.704443474947032 -0.188162605032882
-0.00810176245763061 -0.0225632655545105 0.573667140585132 0.509228945893008
-0.0240963370001811 -0.0368517608616469 -0.0319328462606688 0.569082569030035
-0.00343444357586243 -0.0617030291774651 0.0175337249615258 0.0933560277974262
-0.0144789681045638 -0.0618945356827255 0.177070710169342 -0.437251364648097
-0.0349712165688312 -0.022244259952557 -0.334670986243782 -0.78037887815382
-0.00424881635882946 0.00618234980330622 -0.841562180674998 -0.143457367360848
-0.00927678617308767 0.022760968913228 -0.379974803178137 0.588109631691849
-0.0278382390484496 0.00608759996524272 0.206692593373488 0.451376993907275
-0.00892522268233085 5.71539276822929E-06 0.300034920434632 0.0891232517604993
0.00565293597748324 0.00316597919149253 0.105491432119088 -0.168042206976457
-0.00328330780242166 0.00419889620212045 -0.0585173472961747 0.11740027331065
-0.0205304267893186 0.00923206417130666 -0.226646630295954 -0.0542495232445252
-0.0248916776899547 -0.0146123352520933 -0.233231610538678 -0.313832779465114
-0.0115559213314247 -0.00872073948311979 0.234930139703855 -0.520475881697403
-0.0163395011868422 -0.0239654278818299 0.737351604115689 -0.0962296904655664
-0.0132275843207722 -0.0273442279424526 0.518705939460566 0.572685790116297
-0.0186930642516427 -0.0448649702317622 -0.0733450119118797 0.555507542444144
0.0024230644534875 -0.0686903221299156 0.0270813883791849 0.0688911183569951
-0.0153333684310477 -0.0661298536808903 0.148898703319253 -0.4678828299549
-0.0399795084796123 -0.0208921363607574 -0.416479373040911 -0.735648396766313
-0.00780514874581885 0.00893044839863932 -0.835374380392043 -0.0365643244070749
-0.0100976957462729 0.0240406572423221 -0.298307456940065 0.630742314755349
-0.0244262851414607 0.00392288950016971 0.24736463369305 0.43190021799292
-0.00459498156750425 0.00165793185577458 0.302658789910395 0.0657757850737438
0.00408911951986503 0.00423108179654301 0.100206914214363 -0.174854174495745
-0.00274397027484857 0.00670168271131182 -0.0619252381421057 0.110308404535092
-0.016703408073688 0.0115044905966407 -0.223737620985324 -0.0710956938696689
-0.0195727860418021 -0.0186301630934889 -0.197324680246937 -0.335477030576307
-0.0114863418493052 -0.0123155582467404 0.308451799681038 -0.490798637568265
-0.0190668926475518 -0.0248966848828445 0.757587283779094 0.00298905803321475
-0.0140899088629814 -0.0268540295404608 0.45210197224476 0.63254845890112
-0.0135404067333671 -0.0441784429595517 -0.115331874290007 0.537630911896893
0.00476974751071733 -0.0657305371310167 0.0369299546274826 0.0438276408514319
-0.0172845978172406 -0.0613567627308354 0.11597351051596 -0.49817452206284
-0.0418831448665999 -0.0141385410318406 -0.494254387945643 -0.682730493574627
-0.0100804713134253 0.012328847534782 -0.815996695570438 0.0725038388222655
-0.0103362199226635 0.0238932851966262 -0.212457818436338 0.661877138442529
-0.0189184698617282 0.00430675850025505 0.286844047078327 0.403171255041314
0.000124213550880168 0.00442102711591768 0.302213440021999 0.0429815504105684
0.00249329446146146 0.00608297705339682 0.0944964532852724 -0.181858801237912
-0.00228636620560891 0.00960220804871216 -0.0654235973468056 0.105655983021182
-0.0115575680156571 0.0143077561669795 -0.219155098309502 -0.0846548620926847
-0.0124100295185015 -0.0202175470974828 -0.161441740129766 -0.354245275864887
-0.0109515650477123 -0.0167776233139001 0.370272711534698 -0.458658203161678
-0.0190104687465226 -0.0268905359406222 0.763571854669569 0.0952950695947828
-0.0114161578712869 -0.0236282329094635 0.383491892136952 0.684249254837524
-0.00809959269132634 -0.0350181920804706 -0.148990378731924 0.520068197941814
0.00387913501051078 -0.0535271838093849 0.0469889023365033 0.0202479115950139
-0.0171748029043029 -0.0474827199905569 0.0827302793956845 -0.519866762889295
-0.0398767449977355 -0.00565820301915738 -0.555395677273474 -0.625747275037374
-0.0120614235382882 0.013617960287469 -0.790358093651851 0.1660993642445
-0.01101366532732 0.0224426218442556 -0.135799599263682 0.675770151831973
-0.0126108301602785 0.00473064805383035 0.3195622811522 0.374680641190583
0.0065050584397336 0.00811077999738485 0.299817952572099 0.0216816736783565
0.00336601266945214 0.00850612170117089 0.0865585740433555 -0.186955276803803
0.000214868658019562 0.0118917610457497 -0.0705669501490543 0.101450234413145
-0.00625970632215285 0.0186666249641201 -0.21412072294072 -0.0925914331758489
-0.00606869091970611 -0.0202471451182926 -0.130700081491912 -0.36650186423947
-0.00849843981879573 -0.0199706365341679 0.415431408459164 -0.43134820722589
-0.0158815776836066 -0.0257969555294793 0.760260186683926 0.164799471098913
-0.00700530068076939 -0.0140292542350744 0.333167252969826 0.718719858814102
-0.00744307978023073 -0.0172451594127299 -0.170037957959917 0.507386610293583
0.000289843195000998 -0.0326185564076262 0.0548600070957355 0.0027934644457889
-0.01559320656083 -0.027323435392085 0.0571303332821751 -0.535225387724243
-0.0332359081894643 0.00423899520147913 -0.595509449446472 -0.578447444249486
-0.0108099292655143 0.0127715456021424 -0.766540008181718 0.228866565427763
-0.0100321859026399 0.0213781810219768 -0.0818296652676495 0.680750396797849
-0.00600223597848812 0.00593670051840301 0.339939160566831 0.34987609480077
0.0140096756291215 0.0119516326245322 0.29740715636326 0.00608545184624871
0.00647477324441268 0.00948661396557143 0.0801778588714559 -0.189807730583487
0.00386689214566384 0.0134952785473696 -0.0764187913702982 0.0997376984068094
-0.00149101424436962 0.0215177067230026 -0.208977440250275 -0.0959121891647366
-0.00199762651624316 -0.0188003133691413 -0.113710356690929 -0.376676426771437
-0.00689240747624037 -0.0233135076694611 0.437123875803622 -0.423011671692284
-0.0109639458480361 -0.025206322655151 0.754617079458545 0.196623319330111
-0.00185109674746227 -0.000373146393380911 0.307790272484324 0.735804461271081
-0.0093716044196614 0.00637469392984425 -0.17837359240782 0.501727937640653
-0.0083811945156061 -0.00865650538518312 0.0600739192170169 -0.00498343405166036
-0.0125395817102168 -0.00486730333957156 0.0449724428389442 -0.538086028549207
-0.0243982542450294 0.0129926087099947 -0.616012151040827 -0.556622295143908
-0.00886981918040129 0.0105984627146186 -0.757365948220581 0.259464954552509
-0.00939897137353896 0.0186390361273201 -0.0555648263013533 0.679568685931737
-0.000625317409744417 0.00832951780836486 0.349726470316236 0.337054191124235
0.0189520263343171 0.0162500889415315 0.296765547025344 0.000683922766309326
0.009276095844688 0.0107155269752801 0.0741012842729827 -0.190471499007808
0.00633790052799794 0.015616611546672 -0.0818381934274106 0.0998741034618464
0.000909502760123624 0.0255045753284766 -0.207378900633187 -0.093087999963951
7.75628534611448E-05 -0.0163019381892607 -0.112007943688733 -0.380122234944291
-0.00462606349046478 -0.0241629578009356 0.431564941702397 -0.435100671709723
-0.0052012758887226 -0.0234380422568753 0.755513600328859 0.188444264758492
0.0041997285603488 0.0141250196230315 0.315647280416406 0.734241288014516
-0.0140497247122568 0.0314386786389798 -0.170825519715889 0.507019170711787
-0.0170084931027388 0.0175107437342554 0.0618740764811687 -0.00242590213356875
-0.0100579475331143 0.0187525946516134 0.0482432788876038 -0.537257203621991
-0.0134181144726351 0.0211389973414064 -0.614139539434806 -0.556271470736898
-0.00520168149866163 0.00763630028160129 -0.762048547639598 0.255166538351292
-0.00868956189250071 0.0158912563000206 -0.0645809999838939 0.675055627506291
0.00327102050515766 0.0109725656794802 0.349093052276061 0.335478687699363
0.0241247503883979 0.0192348518615777 0.296581859627546 0.00480969776281468
0.0130419411291275 0.011168617010472 0.069753970210568 -0.187730547079505
0.00880355507139506 0.014514486981492 -0.0856257445815776 0.10267311519513
0.00267189761826891 0.0272474920257609 -0.207463890751245 -0.0829743442734491
-0.000137960185865725 -0.0125183137131253 -0.125214588782079 -0.37974028963402
-0.00356204896753853 -0.0248684439682863 0.399686484096018 -0.466509213829257
-0.000132013435698941 -0.0225927426565258 0.75547535154789 0.136866277289957
0.0126659383265577 0.0262524592826342 0.35424743131425 0.717051757165772
-0.0181716748390296 0.0522249397310228 -0.153407083763865 0.518590801948922
-0.0281533443597028 0.0390217807879918 0.0603902609411551 0.0100294808059399
-0.00893722380886827 0.0391408384339527 0.0669322360286928 -0.526092466908784
-0.00409046026366095 0.0278367263372456 -0.591291972802431 -0.586728894351158
-0.000438248154329348 0.00353081013996693 -0.786754057199189 0.209861819854141
-0.0075421539825258 0.0139855677255346 -0.104551011265845 0.665832873360294
0.00458949202755151 0.014447687705727 0.336314150512445 0.348414077724784
0.024608945705305 0.0209344793891004 0.301076493791869 0.0171731011330043
0.0168280856715772 0.0112053610336689 0.0692933184598794 -0.182886431953884
-0.00093911646832703 0.00173946056286898 -0.0586568581965126 0.123003486576989
-0.0215904704095855 0.00789784178192183 -0.224115786547022 -0.0347052644277341
-0.0287027233704724 -0.00947272730099385 -0.259408918214247 -0.289075244771775
-0.0103464661434196 -0.005234670973307 0.159972310528663 -0.538734903773409
-0.012220009353603 -0.0231597406973688 0.692982959915362 -0.186719248344301
-0.00883581068006628 -0.0230733024151546 0.564719555678645 0.50046797962697
-0.0234135994656839 -0.0355024964468797 -0.0302959092383958 0.562264402102178
-0.00504107617593238 -0.0603464280314845 0.0184440687529685 0.0932209860948301
-0.0149326537767901 -0.06049449943269 0.174765124209062 -0.430603794269578
-0.0351835077349515 -0.0216607915165199 -0.333006790001163 -0.770090508780512
-0.00422469343051463 0.00563755225478603 -0.829917202560164 -0.141662360540106
-0.00824890716885594 0.0230193821804378 -0.372224110981987 0.581092687101397
-0.027505116819669 0.00647988556650315 0.204174924372134 0.446098641249758
-0.00903458774229935 -0.000584082122574013 0.296345813378562 0.0875240160938459
0.00541509957059513 0.00285133141900004 0.104603045912828 -0.166338133831066
-0.00237404768182529 0.00334582733885647 -0.0593310081714929 0.115203355669104
-0.0196536152432829 0.00986081603520258 -0.22420934466796 -0.0530186318368028
-0.0248590812994583 -0.0142167371643362 -0.230761707155572 -0.308901697543873
-0.0107045171476896 -0.00863818438556541 0.231621296490109 -0.516115681301268
-0.0161262496470024 -0.0234487123713193 0.726798674501532 -0.0967994273007523
-0.0128592414704928 -0.0260491885429349 0.513042599552027 0.561935650667724
-0.0187790998345984 -0.0432968649873896 -0.0704160031887177 0.548803666380387
0.00180098856157776 -0.0674376245326066 0.0267120666502235 0.0681163717658209
-0.015274357436339 -0.0656953608100121 0.14614942659296 -0.461326859984114
-0.039519364110697 -0.0209699925793631 -0.412471081406084 -0.725971425661626
-0.00841548964838929 0.00929124155258682 -0.825201691524763 -0.0350128382859728
-0.0106232236534405 0.0234942919955425 -0.293365741352419 0.622667930864828
-0.0235176824509857 0.00420955603697046 0.243288792121574 0.424681972325389
-0.00525542988922317 0.00206234831591662 0.299363252252895 0.0656869986968929
0.00287870215773355 0.00450820734923186 0.100511072466124 -0.172178489023976
-0.003486585540972 0.00661214192702605 -0.0607751098959798 0.109843135189087
-0.016192105998948 0.0109480892533365 -0.222151575175263 -0.0697850732390906
-0.0191594726572702 -0.0176080917411096 -0.195139890494305 -0.332901055399588
-0.0115052162568114 -0.0121617119134834 0.303488214733736 -0.486442913013811
-0.0188627077074491 -0.0243006639594859 0.746861440904687 0.0017941201649291
-0.0147535463155333 -0.0277497296981864 0.446436251593344 0.624961701009651
-0.0124692561347135 -0.0432706128280105 -0.111806830040055 0.531741791633767
0.00526580201997051 -0.0641085218160358 0.0370903189742176 0.0431006786952509
-0.0161047889220895 -0.0606742233940712 0.112986553346469 -0.491478437547282
-0.0413740709315759 -0.0141643490265391 -0.486941684878301 -0.672584362775488
-0.0104153497231973 0.0121917865110383 -0.80561877238856 0.074984011956183
-0.00953942022934125 0.0228871887683492 -0.207501690436963 0.651087589792458
-0.0182189118553666 0.00389305020958863 0.284056322010407 0.397389795417532
0.000322957069435094 0.00444870236093112 0.297506219165748 0.0398312620878581
0.00203640644709937 0.00597041103617353 0.0936770769232058 -0.179755106379866
-0.00171294954585594 0.00831694353647597 -0.0654073255083466 0.10374599835331
-0.010558495093324 0.0140433447556612 -0.216463831632637 -0.0835215077920841
-0.012420776587729 -0.0200038541457753 -0.158421707496114 -0.348923263128228
-0.010251230684111 -0.0159819160703065 0.365137676694173 -0.452373198884288
-0.0190824061234223 -0.0261064674218751 0.754769728271288 0.0914918944674673
-0.0116969025917795 -0.0226489596412855 0.379893883384245 0.67467196736075
-0.00771534689074051 -0.0349455372919419 -0.144612248823243 0.513567842728608
0.0042277464213705 -0.0517258097437147 0.0455086739442942 0.0196938446964852
-0.0166499230579742 -0.0470384808389422 0.081016825024147 -0.512479773379172
-0.0399017540875424 -0.00459061061761531 -0.547849302334521 -0.616175388161462
-0.0117737452470731 0.0135324092764363 -0.779199663097773 0.164194077256914
-0.0107290376898573 0.0213352523350733 -0.133459017718852 0.669075189721363
-0.0128951725163218 0.005135033200489 0.315786632929158 0.368786641690128
0.00638430139565213 0.00770351998245929 0.296803406263648 0.0207017427884736
0.00266075716196345 0.00771708168894963 0.0857309128216423 -0.185265658643523
-5.61477162237928E-05 0.0109156641035731 -0.0707810692753319 0.100674771288292
-0.00613982667777667 0.0182994937012747 -0.211657202228454 -0.0911831412126966
-0.00785867087128492 -0.0204438464494495 -0.12990309480627 -0.36339259769079
-0.00902296476856649 -0.0197048728213835 0.41008810656875 -0.427105356468473
-0.0156636362000105 -0.0263827011877875 0.749395159407722 0.161627958889223
-0.00741097606464458 -0.0146463558348999 0.327377471696193 0.707373810958388
-0.0077737323727339 -0.0165025944832983 -0.166919737784482 0.499969251055567
-0.000340436698310437 -0.0321909276788538 0.0534411861794105 0.00321056066902139
-0.0148503100242652 -0.0269471307862549 0.0572194825189984 -0.525532168642069
-0.0326294846302328 0.0041835118937744 -0.589792889724577 -0.571367704409808
-0.0122365493899273 0.0133525513006984 -0.756684238592814 0.227368258911856
-0.00925158562418906 0.0203509137416082 -0.0790244656263096 0.672635203897302
-0.00687247901777902 0.00650329768417952 0.337039230696569 0.343793926377984
0.0131640326554145 0.0114604021970022 0.294393138161633 0.00593065621664922
0.00586004763934342 0.00878969541771465 0.0793287104938332 -0.187909902388071
0.00247982777715736 0.0135476056372893 -0.0761462065906338 0.0990205918869088
-0.00139269745121193 0.0221907959886712 -0.207442209258483 -0.0933612605336855
-0.0022073185763524 -0.0188356789872937 -0.111680784470936 -0.371801221788479
-0.00687565046431606 -0.0222547289434527 0.428769092315922 -0.419459521705493
-0.0113643886393146 -0.0247981623801155 0.745099472478973 0.193096634561359
-0.00151851992357378 4.59164475255149E-05 0.303905314231983 0.724446132422503
-0.00892475884524836 0.00650158804252157 -0.174889863931178 0.494858174653541
-0.0076560194701647 -0.0076114370997775 0.0588345362011615 -0.00461968283868908
-0.0122290693674253 -0.0049385988286007 0.0450224085221466 -0.529892874329227
-0.0238849896043619 0.0135628676032419 -0.609851729064306 -0.546058163081242
-0.0091121224350965 0.0106714769851515 -0.745044017691571 0.257598974023352
-0.00891637846965318 0.0184252890148041 -0.0540955125521653 0.670789785512438
-0.000851687086641203 0.00904562692055042 0.346934357630968 0.330853885988465
0.0191993899630552 0.0153613133615177 0.293039021935644 0.00033374350110329
0.00970576020559241 0.0106344123649033 0.0731789700478124 -0.188490742544659
0.00575791872437101 0.0145791337179317 -0.0808230677376149 0.0989513105972732
0.00151889974599168 0.0252516457151048 -0.204291509688372 -0.090175937542901
0.000915231589799583 -0.0153166773709442 -0.112254830303005 -0.376535341474542
-0.00514579647044377 -0.0243148003116181 0.424530052607619 -0.430432919902498
-0.00514200457101639 -0.0237636344445354 0.743421548583457 0.186492846603229
0.00464574644166227 0.0135215543899264 0.310673386567917 0.723560001358532
-0.0140592705403904 0.0306623505190626 -0.167812422935671 0.499388254088248
-0.0181273079550037 0.0169255944660402 0.0611849563586334 -0.00302950339950457
-0.0101903386542131 0.0200243066116427 0.046452566876952 -0.529394571774409
-0.0135957338082059 0.020013182836385 -0.608205454619517 -0.547829848303067
-0.00574258027059494 0.0068882075186855 -0.753273530525999 0.254246863498341
-0.00848027048986995 0.0150533725239857 -0.060221778269446 0.666147396980549
0.00438829784651128 0.011201864614313 0.346252868477065 0.330079761834326
0.023120078045811 0.0185619029322614 0.294481704246927 0.0028587279403522
0.0125751609576356 0.0107997767646912 0.0702244001186158 -0.185423764713576
0.00725445914711789 0.0145867159095921 -0.0841755196888056 0.101561523233291
0.00272571887324221 0.0264546039304283 -0.20603308477877 -0.0806298595850827
-0.000212032483336656 -0.0121374940339259 -0.123570116149657 -0.378477670258235
-0.00254592897373104 -0.0241567878900588 0.394403257180831 -0.461613066193718
4.83155083925296E-05 -0.023089311959849 0.746162981328751 0.135150003328299
0.0122908662843896 0.0259645309538067 0.35135969016541 0.705831325274799
-0.0179359547156951 0.0511308104981119 -0.148280774839484 0.513853172852645
-0.0274381923693283 0.0394132379786948 0.0599752626727862 0.0101813040791961
-0.00957439512482129 0.0401885322856467 0.0666568442234653 -0.519745710671506
-0.00404198618436602 0.0270755070304053 -0.584609027281011 -0.577168316850661
-0.000192886450840968 0.00368609334135394 -0.77489508185502 0.210519916960105
-0.00684680761257782 0.0135726711540189 -0.100450631388165 0.656313727467259
0.00465326813500396 0.014591220120457 0.333566175289787 0.341726259029442
0.0249986006299177 0.0203627152634468 0.29637746936459 0.0159021555417354
0.0162856921782537 0.0102466507347916 0.0688543968746102 -0.180157822390217
-0.000716324285260736 0.00142116759176936 -0.0591620499805065 0.12130793802368
-0.0214099220777545 0.00766360791904451 -0.221937374692462 -0.0341049928152624
-0.0287565222971765 -0.00958697510743544 -0.253906687542818 -0.284432148390142
-0.0103138914893565 -0.00609938366466812 0.159694939605955 -0.534209430407391
-0.0129163942881684 -0.0228388162742932 0.685834097503981 -0.183361052895371
-0.00831827601312743 -0.0225403392407503 0.55843503602468 0.493606298462061
-0.0226106745337092 -0.0347393957828095 -0.0300758413577138 0.555408871190607
-0.00450284999407106 -0.0602151227832134 0.0168765334500794 0.0921337220231889
-0.0133868380822767 -0.0587166316816832 0.173990065905318 -0.423568550982852
-0.034403498221427 -0.0210568454016337 -0.326773064438591 -0.760362047831657
-0.0045854333060806 0.00581213157385032 -0.821165328119619 -0.139735239361339
-0.00937904458692884 0.0228356093813766 -0.370586872493538 0.573862297447954
-0.0277801097458227 0.00633838142485877 0.201033375824151 0.439707380624036
-0.00890740116960833 -0.000995329203163959 0.294002265705196 0.0865882116809868
0.00467963160656509 0.00192533312010771 0.104316327480164 -0.164067616893176
-0.00295618214997162 0.00290283243570728 -0.0591489186190053 0.114302996678172
-0.0190537117798302 0.00926271034991158 -0.221315314252372 -0.0522011264751334
-0.0251932430403539 -0.0133161175094171 -0.226605937481033 -0.305814622000526
-0.0107781614839423 -0.00813991496823365 0.229344406558181 -0.510098964941064
-0.016954769161425 -0.023060640092451 0.719082416412184 -0.096224166164196
-0.0131343581784988 -0.0272456049629019 0.506223958303397 0.556107426479908
-0.0186439834123157 -0.0437621009291226 -0.0700994757185818 0.540973396963744
0.00245356273731758 -0.0664257194709012 0.0256437692150485 0.0682522894787969
-0.0148002846854556 -0.064203908730113 0.143341783651149 -0.454648859573341
-0.0393154187628851 -0.0203304828139603 -0.405316593694921 -0.717653381687337
-0.00825952796078368 0.0089164105803777 -0.816998507072651 -0.0351176944964758
-0.00924817238627464 0.0230711581239998 -0.291833876651915 0.612660432898247
-0.0236302733382909 0.00511736136963295 0.240230163481783 0.419228756788972
-0.00549051443708304 0.000487400923786014 0.296067593204666 0.0639666443387984
0.00363517016742354 0.00376106174341735 0.0994348805325166 -0.171894680585503
-0.00301439065255989 0.00584648809889596 -0.0617195061446973 0.108038729957669
-0.0157704912195166 0.0109295180930831 -0.219302251105543 -0.0683271252932733
-0.0188778936668107 -0.0174494000592521 -0.192001594963093 -0.328712496418196
-0.0109563710965523 -0.0125550742737414 0.300022790272876 -0.481299042127346
-0.019226594321759 -0.0240603396078666 0.738296069761069 0.00143093606289005
-0.014359787169199 -0.0269780589829977 0.440486007862736 0.617148712686938
-0.0120917915029333 -0.0425603002922478 -0.109634149943164 0.52320500921733
0.00534225952420177 -0.0630442074101697 0.0346620779586428 0.0435017204714483
-0.0151526403353074 -0.0587026319923338 0.112169164526063 -0.482350753342282
-0.0410072229881915 -0.0124974928757307 -0.478766644785855 -0.664627838049867
-0.0101690593777716 0.0117510676884696 -0.79639723566076 0.0730921752597923
-0.00985910811870693 0.0223117590008764 -0.204735352490854 0.644401710672652
-0.018563455323715 0.00416160505729615 0.280022237979907 0.393513301269163
0.000600925920818609 0.00386015852896957 0.295357000826805 0.0400728150529145
0.00297234204199427 0.00661803558555488 0.0937644424256181 -0.177642596085191
-0.00194248361920764 0.00759882444761998 -0.0663535811634918 0.103041031699602
-0.0108033739361245 0.0133869404429384 -0.214693909486401 -0.0820710175853555
-0.0134047235419072 -0.0197459534587491 -0.156731132452742 -0.345539620370805
-0.00983958542449699 -0.0161384556420231 0.361032721570218 -0.448898912106035
-0.0190334886014349 -0.0254192146948994 0.744674882611305 0.0926197795089829
-0.0121939421917507 -0.0236170041156502 0.374167075076007 0.666216281079465
-0.00701966163577834 -0.0337310758101154 -0.142588166065522 0.507186850471286
0.00365063045430862 -0.0515210072149062 0.0452736765084572 0.0205106104408673
-0.0162890576016421 -0.0455643541499294 0.0811945747389626 -0.50609295239525
-0.0392872947484106 -0.00406851642648337 -0.54120544575366 -0.608244295559336
-0.0119174036888479 0.0131065863498545 -0.772371487066158 0.161653629625507
-0.00943943656171664 0.0213273020146114 -0.131126889695248 0.660896943544788
-0.0122617626422617 0.00540211072630305 0.311545669634695 0.364955847452433
0.00765763603258505 0.00664394725247624 0.293206916608834 0.0199196036285061
0.00261128066050582 0.00717037242488918 0.0853972786590167 -0.18274884882915
-0.000588217472515959 0.0109220528350594 -0.0714768220273712 0.0999669076703244
-0.00587453597971621 0.0172991662730808 -0.209393332253038 -0.090587178396991
-0.00669102088869355 -0.0200178764182158 -0.127311276910286 -0.359660719304942
-0.00827279323603496 -0.0198374984397464 0.403948704866666 -0.422868953151054
-0.0160097218099979 -0.0257384435333073 0.740060846850201 0.158784790150419
-0.00731211822401182 -0.0136998902601749 0.323390707704783 0.69986516329398
-0.00595354943338551 -0.0160222333867464 -0.164850811984329 0.492860141565656
-0.000453607588535058 -0.030466449021317 0.0539857556663187 0.00357828180309526
-0.0148047582207999 -0.0267379232337523 0.0578815120583133 -0.51758972249298
-0.0325949822124005 0.00559364093916251 -0.580902610252461 -0.564861084557788
-0.0114149934049249 0.0127960448052287 -0.748370111666584 0.226794496699423
-0.00916655241501265 0.0201394332331759 -0.0768158592810152 0.664628099582213
-0.00645857774095037 0.00696840527512976 0.334274657427578 0.339564461970052
0.0133312351112945 0.0115465497267199 0.290945460088783 0.00630656642117961
0.00513580725279701 0.00897742506041035 0.0793730602007491 -0.185180258422121
0.0029850525398919 0.0127588380586079 -0.0761766565327932 0.0979085437425822
-0.00167237517674005 0.0214360386493 -0.205257877260282 -0.0924198093352518
-0.00247933668546639 -0.0181626527239287 -0.109405720531983 -0.367037782888087
-0.00670654137499957 -0.0227736487387257 0.425956290844745 -0.414407108044556
-0.0111642250616478 -0.0243194815376104 0.734118912910944 0.192748348497892
-0.0023735671100286 -0.000616190886354014 0.299640047754286 0.715562860069566
-0.00751716788469051 0.00640127887308515 -0.173865311939216 0.487164252972503
-0.00794786857072332 -0.00777672619317839 0.0594658322940577 -0.00335634442362486
-0.012016632335649 -0.00450250118672465 0.0438086377062262 -0.524683976590979
-0.023743281079431 0.0141762560708472 -0.598953164101321 -0.541329456668921
-0.00990182674752934 0.0102508375584676 -0.738259323137741 0.252736809126714
-0.00836359178320286 0.0174060560361906 -0.053018495441641 0.661449600480262
-0.000881899050634551 0.00791143270748793 0.342778307627934 0.326684675426337
0.0199833416852062 0.0151090090829576 0.29050947291517 0.000802278833216558
0.00839757490378306 0.009593962743266 0.0733949109324291 -0.185745169564381
0.00578846627363724 0.0134409362038717 -0.0811877611626063 0.097638579330907
0.00178744222909278 0.0247561268141848 -0.203068725203719 -0.0893779815580229
0.000431979309825449 -0.0150525485935983 -0.109165149805545 -0.372711200675261
-0.00463897116145802 -0.0245998033931898 0.419361893384006 -0.427145985246765
-0.00608647095043857 -0.0230240130851089 0.735693230806063 0.182726363845913
0.00379814014817431 0.0133109106334293 0.306435864690665 0.714375088475529
-0.0132536646731956 0.0293362671591564 -0.166229658363673 0.492795605605337
-0.0182007114769522 0.0170741498401206 0.0613017017967604 -0.00061562244932682
-0.00952536167575396 0.0186459383710349 0.0476627521311545 -0.521836282359117
-0.0128940543069141 0.0210864512639502 -0.599648926507107 -0.541658544694834
-0.006444512737761 0.00578610982186391 -0.743279075596555 0.249850374046327
-0.0077557190900482 0.015631273595294 -0.0603760668963859 0.655979592593137
0.00269499051251424 0.0114185147080555 0.342494503587619 0.326191606948873
0.0233260840005498 0.0185398097756446 0.290603597965494 0.00321074157289726
0.0118825547892334 0.0101974583878607 0.0699903484626537 -0.182688010226799
0.0079203158357283 0.0131782951811393 -0.0858158640012883 0.100858056219137
0.00268792220950238 0.0268372496847561 -0.203338056451364 -0.0811357207677135
-1.9637799731553E-05 -0.0124036685182478 -0.120889189148828 -0.371967479849531
-0.00332351544107106 -0.0240382501125371 0.390098344860665 -0.455655339631033
-7.25572790480772E-05 -0.0218975532904119 0.73524698059851 0.133112385547317
0.0112622450592268 0.0257127387139514 0.344655705534259 0.697199492693943
-0.0182356715362135 0.0510227943272826 -0.147163929444059 0.504878350125517
-0.0270452362554352 0.0384122914293032 0.0585189875904652 0.0108479896599894
-0.0085471052207671 0.0386751693217428 0.0657898947232234 -0.50985540330276
-0.00363885674458744 0.0273659220716324 -0.576733598505306 -0.571978985855398
-0.000555060629584334 0.00352506386684206 -0.767594208813817 0.206126780259744
-0.00666055827069202 0.0136828908941415 -0.0984805031098736 0.649515317692872
0.00408195067014067 0.0145120853537837 0.329892913014655 0.338736480047801
0.0237741603611958 0.0196063632763071 0.294330757254194 0.0162385839841319
0.0145909288363546 0.00987403471171586 0.0696778618264922 -0.178151925746066
-0.00101271805013557 0.000941199426492568 -0.059589669438899 0.119322321290128
-0.0210919794590026 0.00811708204199941 -0.218893714290182 -0.0345711955203118
-0.0287225931451371 -0.00938204598406617 -0.250164442409685 -0.28328172570477
-0.00987781415765713 -0.00580311379779411 0.159363339415177 -0.52699873009264
-0.0125924338867202 -0.0226653558602178 0.678575908916432 -0.17801430303219
-0.00853393493348712 -0.021840151793023 0.549824367243132 0.490175101099839
-0.0224636840797008 -0.0339208594843557 -0.0316149327232029 0.547944613548097
-0.0042380408658714 -0.059220117155973 0.0161154431927155 0.0916072029910126
-0.0141680647922351 -0.0583434236321243 0.173038475386795 -0.415981396882442
-0.0342061994469503 -0.0205821998837984 -0.321128560526402 -0.752328560456468
-0.00410397593387186 0.00530961635716229 -0.812183310851439 -0.141171368882886
-0.00810354992018698 0.0226809514282908 -0.365412417586426 0.565745273013757
-0.0269329861276006 0.00643038618690028 0.197480584992234 0.436185818057323
-0.00831211836320817 -0.000926965929885141 0.291414541309592 0.0866506929185364
0.00480734434249016 0.00101004470464147 0.104161213231375 -0.162630375745768
-0.00253019403025351 0.00296270333710582 -0.0606749856838247 0.112404177938154
-0.019266851162868 0.00967619763125444 -0.218126257102111 -0.0519959569992818
-0.0248554710608032 -0.0146653917476685 -0.223219278988427 -0.304111295101633
-0.0106965800748007 -0.00805782664816603 0.228028169725772 -0.505867319780671
-0.0164783723047633 -0.0230371048358605 0.711019937817667 -0.0911816857026827
-0.0128348156283796 -0.0265213375676968 0.49714660931045 0.550594726715288
-0.0175120077738237 -0.0431435712804959 -0.0717204339571844 0.533410764616146
0.00310847618865014 -0.0649275373860939 0.0249149788394365 0.0676088647776513
-0.0146337239061367 -0.0626234514538746 0.143986043968572 -0.448324781073659
-0.0384650504154087 -0.0190625180160865 -0.397717780897444 -0.710331039589286
-0.00889632889268436 0.00861829751366058 -0.805781455225296 -0.0364508121571701
-0.010195878961737 0.0231595161082322 -0.288174430046911 0.605903094391919
-0.0238555550828604 0.00439668686671936 0.237757428886372 0.416199111445581
-0.00533176953019712 0.000340650161858597 0.292751638350712 0.0644646215757713
0.00277417593073662 0.00271417074782791 0.0997932666718498 -0.168351893933217
-0.00286580230722803 0.00547433268242954 -0.0634597144055313 0.10645258574509
-0.0156836921353636 0.011387929385323 -0.217418275615979 -0.0684083341771403
-0.0196779526948518 -0.0167483516580345 -0.188381196033214 -0.325375597356008
-0.0105826758174117 -0.0120544710702105 0.298506599314588 -0.474631007298626
-0.019485284251464 -0.0235297900408176 0.729817272432878 0.00372301110751704
-0.0139751022076981 -0.0265889966519763 0.433460413647134 0.610591408680904
-0.0114617104075321 -0.0421125236148088 -0.110833722520209 0.517421694061541
0.00567825073305527 -0.0616989408681054 0.0352295537141392 0.0423929520128706
-0.015418241119023 -0.058922697478035 0.113987986812625 -0.476055571687477
-0.0406889827802667 -0.0127743569203668 -0.47136629453142 -0.65669528623401
-0.0111796587429472 0.0115747003713199 -0.787182716510063 0.0700540802821589
-0.00948248574927069 0.0229954972453171 -0.20385721789757 0.637025147666815
-0.0186543162654287 0.00439545067589666 0.27633856912704 0.388503415141092
0.000890662552489945 0.00290600435374457 0.292088490226846 0.0400172292953144
0.00178615219829491 0.00546990942425433 0.0940867734493023 -0.17543557364422
-0.00207010510938199 0.00757847961409434 -0.0669036829239622 0.102467868474276
-0.0107822254932676 0.0136077605134554 -0.211920870478663 -0.0812704099737427
-0.012916205974813 -0.0203466034676208 -0.153818335016393 -0.342602335494424
-0.0101234063234073 -0.01655112394615 0.358379902005054 -0.442013988833901
-0.0194448693226982 -0.0251399170990953 0.734347360643065 0.094384672093471
-0.0122230005162538 -0.0229606607130886 0.367273589187281 0.659845503801706
-0.00603409014661961 -0.0326346312086267 -0.142874098387766 0.499548866935074
0.00440632015845526 -0.0499373233815778 0.0445921684545591 0.0205311303308669
-0.0164008730265373 -0.0453710045037803 0.0817634928368543 -0.497208863691268
-0.0382836677319964 -0.00370550648566174 -0.531474520882337 -0.603130541214126
-0.0125751183244233 0.0130208267567577 -0.762386431386456 0.159341281654823
-0.010348002397272 0.0220789609816951 -0.129809236022782 0.652064669743539
-0.0124314224706937 0.00482251527441059 0.308909817189568 0.360757287993554
0.00682686781746951 0.00681921798764789 0.291226380538496 0.0193599920115917
0.00295235107201857 0.00780462802755677 0.0862195957139741 -0.180911671479529
0.000527208747166956 0.0098180905002033 -0.071365101979955 0.0975752413176638
-0.00566879643381894 0.0174714636840906 -0.206422758492294 -0.0892817150293287
-0.00650045548100991 -0.0204809201048969 -0.124771068128728 -0.356194551325302
-0.00824233419867181 -0.0197516548664463 0.401917964570905 -0.416832861029802
-0.0158377037100633 -0.0250791555056021 0.731512353275744 0.158860755850232
-0.00769225176215514 -0.013694925123826 0.31810372418389 0.690995093162812
-0.00552455816067021 -0.0158447939800289 -0.16415876688566 0.487347131413584
0.00010494372627128 -0.0307107087010608 0.0522035797686424 0.00383225842230114
-0.0148459465963999 -0.0266123385403944 0.0582840332123798 -0.511540602601916
-0.0328938864131166 0.00482253326203515 -0.574992513574217 -0.558586645544286
-0.0114442060664033 0.0122322445448037 -0.739836480716768 0.221770745776527
-0.00932037001330454 0.0201969639455783 -0.0776806695708782 0.655593346447085
-0.00701184741394097 0.00650366968523191 0.328633470211904 0.336174872260749
0.0129988437700779 0.0107984754083073 0.28872562038652 0.00669916260158797
0.00435471367421564 0.00869902348223848 0.0794448015407464 -0.183494868187422
0.00290699661145408 0.0125069754592183 -0.0771666166985983 0.0967267410295953
-0.00123030835931963 0.0210457445265245 -0.201630256387704 -0.0926330992415823
-0.00298673349674327 -0.018910104474855 -0.105907172411645 -0.364344314803573
-0.006327887966231 -0.0221503690436442 0.421579529796111 -0.409346610875787
-0.0112874822606075 -0.0232856621607963 0.726452671675412 0.192577066149034
-0.00265023361216 -0.00102736923941282 0.290784474093987 0.707791413316391
-0.00862401132792735 0.00611463777550507 -0.172681918210761 0.479980589654548
-0.00830333094776146 -0.00757212633772365 0.0576311827277758 -0.00410451450886232
-0.0116765832476569 -0.00442075803026868 0.0463992652688067 -0.516319839545293
-0.023710531906898 0.0136426583606766 -0.59155188514156 -0.537210421921337
-0.00930413919374397 0.010382227637198 -0.729463738842589 0.248214027425113
-0.00814567316558569 0.0179512870327986 -0.0522714837616582 0.653199104266597
-0.000879896672937133 0.00886803220961723 0.338340500132334 0.325509562673207
0.0184229744663666 0.0145182985509538 0.287643942184017 0.0010803533233337
0.00831382954408634 0.00955060734022106 0.0747367914141914 -0.183877877870618
0.00498323621696029 0.0137388665338492 -0.0832315119839667 0.0975671392102289
0.00176469103269624 0.0236485711791917 -0.200660592239163 -0.0883161547165608
-0.000984950270643993 -0.0157433774461965 -0.103473621983145 -0.369201734282094
-0.00409497457976591 -0.0231183806256848 0.417478751417508 -0.421879727806211
-0.00632126544920484 -0.0217716697220549 0.725939438081977 0.184504466016032
0.00309931533037676 0.0133827071065337 0.298801627616875 0.708819362840619
-0.0132415297763223 0.0293778012239889 -0.164851923041634 0.485343838683828
-0.0172147624474518 0.0166404853398311 0.0591279788424653 -0.00205936645678786
-0.00864175835089146 0.0186620436499758 0.0493551391107015 -0.51608534463815
-0.0128437161276353 0.0217405456343847 -0.591663646836444 -0.538480664400771
-0.00572321209109002 0.00604892939858413 -0.737242947718287 0.244957168331312
-0.00745321973066159 0.0151396467554625 -0.0597460738103216 0.648947443331451
0.00224649977554342 0.0115374201961685 0.337316835303758 0.322850901075483
0.0221496958504682 0.0172486117757709 0.289052444634939 0.00394614304160813
0.0110282167611498 0.0100852557494477 0.0706932259026187 -0.180702872310704
0.00819588507044701 0.0129389298952657 -0.0857391864966271 0.0983616647703991
0.00309949573378598 0.0256510421687785 -0.201840206885038 -0.0801509239843662
8.52018809669786E-05 -0.0111094320107783 -0.119293365355811 -0.370107472109886
-0.00352929887710757 -0.0240756317156786 0.387118307578324 -0.451207661586098
0.000383269657026106 -0.0218345184937542 0.726409174557423 0.135733358583877
0.0104707843479559 0.0247072727745844 0.336904256885788 0.690140747537588
-0.016957099212013 0.0507722581536406 -0.147564395184166 0.499253511337121
-0.0265576802272541 0.038022475968022 0.0592363373354726 0.0102313868897206
-0.00845467684291403 0.0380159234382229 0.0666491001599784 -0.504248101187837
-0.00358819164090338 0.0278180909458012 -0.568274180440311 -0.566872922602959
-0.000260738988533758 0.00381635423086974 -0.758905610346358 0.201799589666661
-0.0068954358444148 0.0143913484205137 -0.0982820758964754 0.638205874568975
0.00382777739651149 0.0152966420616398 0.326074278726535 0.335172187605384
0.0241389304627862 0.0202094906951335 0.291190015391283 0.0160509601020925
0.0148496162615866 0.0091021971518295 0.0698793010844251 -0.175000338832607
-0.00124763890856846 0.00109607825305093 -0.0609074337712919 0.118309258614791
-0.0202752271750311 0.0083904852056526 -0.217521850747047 -0.0357663387924994
-0.0280805484988529 -0.00933794837557486 -0.245645683828882 -0.282992397019159
-0.00918012709149513 -0.00546828951974294 0.158661352708354 -0.523747194361797
-0.0123733521700082 -0.0220173546854758 0.673228080636127 -0.174643949549273
-0.00857853195619691 -0.0220799168480813 0.541822814382379 0.485880712706122
-0.0207583441927251 -0.0344521590114469 -0.0341110547819735 0.540415231940741
-0.00335086358242258 -0.0575803598967868 0.0157701336823825 0.0900198718040457
-0.0131246856084343 -0.0570332986949169 0.173816815392479 -0.410454624074293
-0.033044150822374 -0.0197775112237408 -0.315065994181672 -0.744921751925481
-0.00469451533806404 0.0047926408976856 -0.804040635803257 -0.142751998796378
-0.00810204712512029 0.0218031074310387 -0.363797406018231 0.55915665479563
-0.0262367804587603 0.00725350570597158 0.193997682462547 0.432061017287838
-0.00847928550022823 -0.00135177871368788 0.288983072874258 0.086053996829299
0.00429353343166027 0.00148147939550938 0.105108388567288 -0.160786330751599
-0.00257096467861674 0.00199375965195317 -0.0606527517999893 0.111195124155176
-0.0185771164131551 0.00852532321991922 -0.218053067871983 -0.0531688298072434
-0.0253138472680522 -0.0139867476228136 -0.219345928785131 -0.303298122118108
-0.0096216955739736 -0.00848162280786685 0.227289345616951 -0.499645281545379
-0.0165750885336029 -0.0225641623594934 0.702374000707299 -0.0857983368359673
-0.0134972799912935 -0.0261112599854639 0.489501973714971 0.548201164932301
-0.0169286087017775 -0.0424642729926342 -0.073639110393266 0.527813966364902
0.00259463539830844 -0.0629746229134636 0.0238684952887495 0.0675540242099843
-0.0136800417471596 -0.0619939945717073 0.146735919297503 -0.440725369220459
-0.0383626188477105 -0.0198417730845924 -0.39046323474491 -0.703423236783232
-0.00897217859581092 0.00870643576717832 -0.799336178106217 -0.0414301076651045
-0.00875471875315011 0.0229069587900996 -0.288147511399782 0.596931641159009
-0.023924127219891 0.0055783696855433 0.233158265010566 0.412129093385944
-0.00454485559789432 0.00053709756873478 0.29057387466035 0.0650162067061202
0.00282879397990488 0.00393281931655301 0.101428713223034 -0.166697712086141
-0.00241061547459344 0.00522206108336292 -0.0633990474720385 0.105243232796192
-0.0143791226911619 0.0109183940163455 -0.215162994687736 -0.0685700437968373
-0.0188035575739498 -0.0177769663515 -0.184394049010567 -0.32490792197153
-0.00992303463009323 -0.012179909124327 0.298538680039521 -0.469500244189489
-0.0193407940584407 -0.023766177107035 0.720775014714044 0.00900454127172587
-0.0143948564748406 -0.0268454745066943 0.423415449397245 0.605756578672735
-0.0103375198496015 -0.0419888500149215 -0.112805782953098 0.51025845882726
0.00613298896438152 -0.0606726468542919 0.0337363314126113 0.042128679523987
-0.0139977978482244 -0.0573612254537095 0.115062777513164 -0.469305519067201
-0.040312850210704 -0.0121612041468808 -0.465909055247378 -0.654081380656202
-0.0113968523104449 0.0109523636139527 -0.778948815960133 0.0649172242652371
-0.00988958029382061 0.0228380635503952 -0.204536074200178 0.628954207963666
-0.0189021217593457 0.00405531923912452 0.271643906696881 0.387058368690335
0.000980894709593415 0.00338280584583662 0.290257399088629 0.0410539956883593
0.00214212756767217 0.00582972973718131 0.09339587753505 -0.173784001306002
-0.00136420978827878 0.00757300462699945 -0.067748993388413 0.0995424006388648
-0.00993144518779169 0.0132301558180504 -0.210030964725176 -0.0811999059664222
-0.0127314835312728 -0.0193170052744708 -0.148985136157138 -0.340942211232232
-0.0092369746378111 -0.015754756467184 0.356975157341156 -0.437436793755106
-0.0181993296674895 -0.0238328728035092 0.727297213387341 0.0966040278204031
-0.0121640622406874 -0.0229128952914505 0.360382440120935 0.654021437150016
-0.00537635068573405 -0.0319424754132803 -0.14390909042421 0.493992968790254
0.00531048462716129 -0.0491545843788836 0.0447628483076642 0.0210119743326319
-0.0154386102996823 -0.0447258537371501 0.0846312915765006 -0.491263768800475
-0.0384156182224273 -0.00394257739269027 -0.523370125293031 -0.598951109916688
-0.0121615716277204 0.0130030758335464 -0.755844381800664 0.15276792610508
-0.00897913931875443 0.0212327418100456 -0.132327734059797 0.643457001685873
-0.0127477478844364 0.00559920609413381 0.302321601989436 0.357743855342277
0.00658437793250718 0.0075749837938434 0.287188269792014 0.0217381404501617
0.00278643278130826 0.00713768318691356 0.0873829189986919 -0.178144754791584
8.02577312413802E-05 0.010855072446828 -0.0723241916477967 0.0962130110007969
-0.00436544888604285 0.0174840058485754 -0.203985500651335 -0.0898873283458094
-0.00669064533711776 -0.0203460238151601 -0.120330100163219 -0.353650281140246
-0.00768094924677394 -0.0206968309717365 0.399886254478592 -0.412927436495707
-0.0160798855639872 -0.0243316800092225 0.724239543750772 0.162855819701037
-0.00802618418968946 -0.0141655343393121 0.310154258848772 0.686624361863552
-0.00489753522770644 -0.0155258996300283 -0.163998418122621 0.480330210903405
0.00088032416384563 -0.0301889058564445 0.051420177358409 0.00413659335133094
-0.0137300204691643 -0.026216760709766 0.0612076494834993 -0.504396910395898
-0.0323801513560603 0.0054854992320295 -0.56575232515871 -0.556965333983943
-0.0110529813687296 0.0115047885745413 -0.733141316407658 0.216341971396454
-0.00862500269317808 0.0197467065248979 -0.0798960537363538 0.648475873250307
-0.00714322945989987 0.00639951930933159 0.324511085210076 0.334851295607877
0.012889187736142 0.010672748388111 0.286281806656904 0.00755102993376838
0.00494153562881381 0.00849880961151524 0.080344125466745 -0.181091967821757
0.00223235158810508 0.0117809825926669 -0.0778286118845972 0.0944178336052908
-0.000675187861524782 0.0206600428877624 -0.199270960437819 -0.0910974932785615
-0.00283286921422299 -0.0188095157921561 -0.103295690653918 -0.364278230989994
-0.00589253308991507 -0.0224740093996939 0.417138066657469 -0.404408712354395
-0.011153871314818 -0.0230515714029304 0.716496525076858 0.193189567107953
-0.00273149248492436 -6.99653677990065E-05 0.286018911113975 0.701594341913511
-0.00779362149377784 0.00613075244568833 -0.172482829941701 0.475139870124492
-0.00788494442897029 -0.00659036619956118 0.0565878049061897 -0.0022625635350189
-0.0115613720965665 -0.00452691170929609 0.0477725155964109 -0.511135913911465
-0.0232298164156296 0.0136648598708993 -0.583771397016173 -0.534199841655539
-0.00992196817364182 0.0100575377992638 -0.723663009048255 0.242615996430245
-0.0077428343606382 0.0174336573503925 -0.0550915720805536 0.645018609189301
-0.00174815049861603 0.00902745090164037 0.334484656388894 0.322874057166813
0.0185603508645169 0.0140910497635761 0.285087205102959 0.00166809432250229
0.00641673021646317 0.0104971974172107 0.0756158138003957 -0.182291988780569
0.0054657865824653 0.0131075879823014 -0.0827739399044097 0.0950496829157712
0.0015939260150961 0.0240859869671553 -0.197188319862958 -0.087730498170071
-0.000526834731394224 -0.0152127606383118 -0.10026385285137 -0.368244513610626
-0.00371560821159522 -0.0243411305526016 0.414871031982589 -0.415354583914317
-0.00566217853785785 -0.0216763403712806 0.716605367860772 0.186370580507634
0.00309664041105974 0.0134160221038491 0.29283618212528 0.701288336813843
-0.0128022352484921 0.0290069891856342 -0.167047265277457 0.480412113795401
-0.0163499855982073 0.0163066897376347 0.0595507675252723 -0.000277494026472168
-0.00882079469485686 0.0181954843636971 0.0517376392947574 -0.508613161330218
-0.012562935316736 0.021454204084596 -0.583573548519069 -0.534892628426483
-0.00683012259902704 0.00626261598761393 -0.730585486667441 0.239056583873
-0.00693632924339077 0.0148322690532357 -0.0602644290582001 0.641939059994474
0.00290221304639145 0.011606578665914 0.332983506849011 0.320126361052418
0.022146694240498 0.01670346548632 0.286973469858125 0.00432936530312293
0.0106267575935991 0.0104668951689723 0.0714127381219556 -0.178791740410712
0.00725751347633512 0.0126071186259485 -0.0859295134306493 0.0981914597155519
0.00321839334732965 0.0255389587543548 -0.199877699697122 -0.0799253567767648
-0.000292125694526444 -0.0118919273434996 -0.115297622024539 -0.36687782466093
-0.00300975294145853 -0.0239686279501396 0.384666941963957 -0.445364986844098
-0.000478523687853231 -0.0209792507535427 0.717280504583695 0.13811448933799
0.00984000291645649 0.0255273631659652 0.330730780030607 0.684693722265366
-0.0176772713033913 0.0502728497794573 -0.146451970633508 0.492903574718681
-0.0272051017098053 0.0366600397989888 0.0576730047049106 0.0113346860458422
-0.00824843977521885 0.0377334360344824 0.0689013825623471 -0.497288924613285
-0.0039199509101124 0.0271104962539152 -0.558982825138236 -0.562803410533489
-0.0014131045592581 0.00267411047159722 -0.753549171249087 0.196546981804401
-0.00641675938656209 0.0134614899920414 -0.100243315984455 0.633889739160117
0.00406741009897679 0.0146108661210588 0.320895800089579 0.333666172333464
0.0234370844454044 0.0188585879854156 0.289871448849333 0.0174106842217603
0.0150166695917022 0.00974487900961325 0.0707422832097973 -0.174993372128299
-0.000528592694276549 -0.000187735988797856 -0.0625074302317167 0.115770103945043
-0.0191814660552976 0.00801098310836799 -0.215369625130838 -0.035357486267387
-0.0273033337217573 -0.0101468634484234 -0.241782882635745 -0.281703071124731
-0.00935731896800064 -0.00585051626890643 0.159867450836205 -0.517945689692819
-0.0126671847653974 -0.0215993851731937 0.666664099408936 -0.167899473628161
-0.00851635203216054 -0.0224428824842479 0.534033999591438 0.487598287005163
-0.0204416012768685 -0.0333762763933428 -0.0370354844231621 0.535637692177648
-0.00260968819596537 -0.0574880100390607 0.0145708282799072 0.0910063055650109
-0.0120335788759772 -0.0574226035454201 0.176227749468996 -0.404489424869447
-0.0334301863842605 -0.0205002529537381 -0.305863893061146 -0.741055480687043
-0.00440290422165561 0.00603677225204318 -0.797295492433239 -0.148996427249285
-0.00818217834426676 0.0217622837644293 -0.364900342547144 0.551521294625059
-0.0269234196746049 0.00610480251190551 0.188410618871397 0.429263934651065
-0.00819544729001487 -0.00169635178244631 0.286222590970681 0.0871574016610364
0.00398823601549884 0.00085771427240295 0.105295763025592 -0.157727356998013
-0.00319032505437181 0.00161946118539958 -0.0620099021074079 0.109819658746606
-0.0175530517716772 0.00825788595530188 -0.216446082831084 -0.0523927191180981
-0.0245696996159435 -0.014602028703566 -0.21432737634281 -0.303210373204429
-0.0102424861269448 -0.00885119010475357 0.230720873391824 -0.494519797162961
-0.0168891448390859 -0.0225517918811807 0.698118093620556 -0.0808916136166321
-0.0139118536523305 -0.0261671418192607 0.479324020310464 0.545857053652352
-0.0153650504843334 -0.0412702916642859 -0.0763715417538032 0.523288078830175
0.00385418267032516 -0.0622205745402029 0.0238182332560889 0.0670953896623317
-0.0128945617520025 -0.0614404225544122 0.146895288974443 -0.435571497885601
-0.0381195012294769 -0.0195302945940325 -0.382999857282144 -0.701291853273561
-0.0101437549772155 0.00856985032181174 -0.791612698320269 -0.0449894729132627
-0.00977269148578223 0.022232493287276 -0.291370954908469 0.592206935607835
-0.0234546230037025 0.0047123343359478 0.228447686896159 0.409809569746672
-0.00506339985108769 0.000544075058375905 0.288572459640381 0.0650205495996453
0.00243949596866788 0.00343509394685183 0.101209328234276 -0.165079806013102
-0.00255907470017401 0.00497852428768403 -0.065481157815963 0.104683871978786
-0.0148970716195029 0.00978545536312819 -0.21202544642102 -0.0680912058913787
-0.0186999549202867 -0.0185963190626527 -0.179768636212442 -0.322451990833973
-0.01015227384085 -0.012704309141689 0.297960123763377 -0.465777258271092
-0.0193852178442807 -0.0234541228586238 0.715719873338359 0.0139090216270712
-0.0150335838882816 -0.0263611363565251 0.416428646857284 0.604421078621963
-0.00939284883936209 -0.0409977070552552 -0.116105270652018 0.504310091397635
0.00759321565640235 -0.0597665208497651 0.0328297037701386 0.0426377353438205
-0.0144278218620751 -0.0577493745183365 0.118190442035956 -0.462899275055952
-0.0393411252828372 -0.0133084612416639 -0.456264752307459 -0.650784877784369
-0.0110215734950254 0.0109110121690447 -0.774607746598548 0.0597008564306576
-0.0106608712153156 0.0215474507505802 -0.206568223666417 0.619546504902364
-0.0184515805895769 0.00492261645728591 0.267984536318166 0.386205172100286
0.00108032120759873 0.00320228209209695 0.28884110022841 0.0427594880058642
0.00107042965011366 0.00526898906951262 0.0957256861196399 -0.171688119698741
-0.00131358538156667 0.00767995562797887 -0.0691729531116262 0.0991133220915915
-0.00989231294026751 0.0126715878284981 -0.207538097443829 -0.0821348463209256
-0.0133378063831025 -0.0196502672324928 -0.145092097290273 -0.33899144770738
-0.00886316502600152 -0.0164416515743926 0.358223002701396 -0.434032381849791
-0.0190704985867308 -0.0247372884568408 0.719823869523741 0.0999101166346016
-0.0128928842384005 -0.0231480480168167 0.354169238817888 0.650390718106731
-0.0052053819670903 -0.031767660810585 -0.144782037887815 0.488324071995893
0.00474577346519596 -0.0484516400598055 0.0435147264223067 0.0205948365239129
-0.0149841638727198 -0.0441574999155908 0.0883946194610354 -0.486018930828492
-0.0380114428386041 -0.00370121721202651 -0.517081132865809 -0.597998698021869
-0.0124377176468126 0.012225947646803 -0.750400780143721 0.145916001308304
-0.00930095520205993 0.0216400849546931 -0.133496457642231 0.636478077226029
-0.0129674790339608 0.00563341255521595 0.298399195894395 0.357848631978114
0.00663197133826395 0.00659185919159716 0.286789099499587 0.022921660226378
0.00195413067861748 0.00754295173409845 0.0879532005506599 -0.175750790270022
3.16450990537715E-05 0.00907640100197973 -0.073510705656732 0.0950750277363318
-0.00519217022834543 0.016846135670336 -0.202674873956153 -0.0896451330972922
-0.00790471352004479 -0.0196327017657351 -0.115905949234462 -0.352120502759068
-0.00759915612145519 -0.0187630756633675 0.398808866062816 -0.406887569602087
-0.0160438079441304 -0.02398535915158 0.714671637780927 0.165271908141979
-0.00820032716802624 -0.013732446563075 0.300927268874652 0.681947413901244
-0.00446481920519742 -0.0158652521445632 -0.166499216591523 0.476133206340314
0.000824273562607017 -0.0299787576180969 0.0509925702053973 0.00584118372097806
-0.0137388582143823 -0.0258446249152922 0.0639312115265071 -0.50029567046971
-0.032525136968721 0.00535065237066266 -0.558579116680327 -0.555733660749644
-0.0119858060145868 0.0127109270526182 -0.7302982579687 0.209013588403332
-0.00963014453405081 0.0191871133733303 -0.0827323068449745 0.642873701341676
-0.00596067926834293 0.00696295226233826 0.319168219124976 0.333614915657927
0.0127958315990803 0.0109224487094621 0.284939156044248 0.00847518020554639
0.00437329786125028 0.00911663235250216 0.0814083326133839 -0.180351185296442
0.00210800483363016 0.0111428667252762 -0.0784544758908378 0.0942007027570619
-0.000525181258554896 0.0206095639987733 -0.197889646399741 -0.0925618731189356
-0.0029465816764593 -0.0183595788077982 -0.0993857134703909 -0.361146893966997
-0.00586563237122061 -0.0224554858516727 0.417115164427027 -0.401032949835884
-0.0119292462115871 -0.0229820456199906 0.708591743938678 0.197250119093407
-0.00428965288993778 -0.000575269008158602 0.277131886237922 0.697169718754954
-0.00817020139966775 0.00552911373289371 -0.176233526219695 0.470722163091496
-0.00763460016402577 -0.00661460706862754 0.0566399476194504 -0.00181085093924518
-0.0111947366176707 -0.00398477390932274 0.0533678600342728 -0.504502087655397
-0.0230552362026404 0.0131730684324918 -0.577252902971345 -0.533581969960251
-0.0102597151571581 0.00944720615337769 -0.718101353319641 0.236179241233946
-0.00866718814916694 0.0169033228379722 -0.0572080133634093 0.639323880219756
-0.0011225879960486 0.00844671736168681 0.329108493099235 0.321836644914905
0.0185122484594319 0.0133532317960426 0.283793574402736 0.0035891042113114
0.00729026285001387 0.00934005256006414 0.0769097670455044 -0.179959036033083
0.00546238499140393 0.0125416968207239 -0.0841344541172775 0.0945477474234152
0.0011995485731449 0.0230957479032246 -0.195545282125391 -0.0882641076822394
-0.00108166617994959 -0.0152091120003148 -0.0973485996944332 -0.365401959004203
-0.00492465492193022 -0.0229230728446252 0.414590359618698 -0.409270415617616
-0.00550009213487661 -0.0218074694690006 0.708992239402963 0.188659882204418
0.00147379523592712 0.0128716747900942 0.284913888313699 0.698005708174555
-0.0122013156005072 0.0289354108775881 -0.168530276333812 0.475880641317163
-0.0163030467171143 0.0164471347055252 0.0585791979324199 0.000638197270223591
-0.0083782554252924 0.01870425017429 0.054879672812461 -0.503348298361961
-0.0136794611769759 0.0207703711496252 -0.573293788972365 -0.53476625228608
-0.00700207115368515 0.00580358576789054 -0.72689448367951 0.232064684235767
-0.00746040447353927 0.0153000181105452 -0.0661944827542222 0.635805131785545
0.00240960619130999 0.0106894835387167 0.329474335064724 0.319842143972597
0.0215348352417777 0.0162728027049679 0.286258134603667 0.00643746795369232
0.0105218680047229 0.0102691106662467 0.0738366336476435 -0.177506328420029
0.00695654108676995 0.0127791680437575 -0.0868295488192728 0.0969667666548989
0.00320778471497751 0.0256781590503676 -0.197086740939405 -0.079817977837327
-0.00114356006777833 -0.0118139197476631 -0.111992515681725 -0.364466920406739
-0.0031574750844492 -0.0238036885602875 0.384746211625795 -0.441226544465467
-0.000932957208015984 -0.0209907435511952 0.711315327084608 0.140785975980481
0.00898948623717087 0.0253639128383349 0.323589758206608 0.680924703935779
-0.0166244680320858 0.0491661299530141 -0.150759476211917 0.486531951819771
-0.0269250631823597 0.0377876925171077 0.0578959284864094 0.0115966083718828
-0.00947166660488305 0.0375661482508351 0.0742522068902242 -0.492508811302118
-0.00391484955659841 0.0281327633251156 -0.551815575364129 -0.561706433993552
-0.00112327907823497 0.00197476356167665 -0.747215637834931 0.188995973655853
-0.00675152555661796 0.0126689706972863 -0.102663188240067 0.624388387578079
0.00452898280058766 0.0148403103395511 0.315547166769595 0.332967902525724
0.0235502757329504 0.0188117887499439 0.28701564740694 0.0195675082077889
0.013592658567785 0.009121634929166 0.071940967795758 -0.172953798958455
-0.000994579726241233 0.000926243786944622 -0.0640750176588935 0.116110933932935
-0.019917686158548 0.00829379566727624 -0.214094361060635 -0.0361464363984914
-0.0281450017260924 -0.0101752808461427 -0.237699269594287 -0.283139300424171
-0.00799485453939487 -0.00608833548766627 0.165026635214329 -0.51336395056969
-0.0129220789075049 -0.0216759527560532 0.664415946579746 -0.160086588759386
-0.0091397213011988 -0.0225370094254422 0.525450984632637 0.489157989794516
-0.0197380811748956 -0.0338606175965552 -0.0416337837179491 0.531999378196735
-0.0025970671745436 -0.0560377698741919 0.0141128007789764 0.0902874432159774
-0.0113456205136256 -0.0562890698770261 0.179029260751039 -0.400095376082875
-0.0331124576268328 -0.0208866495648457 -0.296921614124554 -0.738467762243862
-0.004243765632853 0.00513903298138742 -0.790091640323503 -0.152266717776023
-0.00827353770075386 0.0215150708360996 -0.366430929826152 0.545727636147052
-0.0277639128659504 0.00677176930614207 0.185118016670396 0.428562476468637
-0.00824687811473388 -0.00145380090402648 0.285516458604734 0.0885215520294426
0.0035027966802234 0.00137807406126589 0.107283266127997 -0.157384869943202
-0.00272551992237608 0.00247096190410804 -0.0638119472379158 0.109503878347138
-0.018517139985411 0.0086023128727074 -0.214734817200384 -0.0543648141851492
-0.0244218126172835 -0.0144989925716453 -0.209107149669892 -0.30351961612867
-0.00904703364617647 -0.00952304731642267 0.233038808247482 -0.492088013338166
-0.016776724561129 -0.0215490597915172 0.694648661421744 -0.0747985477022967
-0.0135537206549166 -0.0265326294920696 0.472208429199548 0.548997623122498
-0.0146519892116219 -0.0411101090380391 -0.0804882080375648 0.518530269410047
0.00439078036520774 -0.0627042307552171 0.0215000781583043 0.0669346987865327
-0.0117135031626055 -0.0612328563503542 0.150959235263434 -0.43095224678411
-0.0366504416989193 -0.0193250614204628 -0.374568303219325 -0.701253697890076
-0.00936129088768794 0.00781148969308122 -0.787322584442111 -0.0515891003556246
-0.00904062591431479 0.0222326327468986 -0.291899022464297 0.585179064834831
-0.0231533723940812 0.00435331242300496 0.224097217563677 0.41074671560959
-0.00446466643507073 2.64553318252495E-06 0.286228112922517 0.0670807656458751
0.00201759996980939 0.00208067621276644 0.102809323193452 -0.163589485981995
-0.00336336170286913 0.00398714256030394 -0.0666067755712177 0.103127978814917
-0.0141364439206553 0.0110276040180915 -0.211350384301375 -0.0707316335599465
-0.0188345821397459 -0.0188049737105176 -0.176154344571234 -0.323172193022291
-0.0100660589970189 -0.0122339354379734 0.30219603904514 -0.460029796936178
-0.0188574356261823 -0.02259728327735 0.711139790098835 0.020095206353262
-0.0144363783620515 -0.0266463427115253 0.409209291960622 0.60271596578526
-0.00901433879475168 -0.0412945061805317 -0.118562101955843 0.498357056254002
0.00687899355415095 -0.0591391255583337 0.0321303732951574 0.0428193575008399
-0.0130235765954997 -0.0570020427416842 0.122344192141034 -0.460196275582521
-0.0391979989681362 -0.012557136806982 -0.447518217980808 -0.652425443518526
-0.0118289934412313 0.011140895526339 -0.770849098392968 0.0525719501615894
-0.0101216747479236 0.0216588392502674 -0.209165346391696 0.615938003933534
-0.0187642082235924 0.00492733239052255 0.262920104646235 0.384510305974001
0.000890821570463742 0.00239027401895094 0.287857257305142 0.0448342490908512
0.000916505940602583 0.00507064886587394 0.0971292600503221 -0.169703586055412
-0.00247360494746495 0.00634533999510835 -0.0692254036558118 0.098739104704921
-0.0094202910151144 0.0131322627944137 -0.206681344513747 -0.0821588848383106
-0.0131576372612454 -0.0202833082576258 -0.140240663932123 -0.340057410162563
-0.0094303730845491 -0.0166482295277744 0.35908861404898 -0.427719616655224
-0.0190983589437439 -0.0240647879274866 0.716621460451701 0.106337342859059
-0.0122601999460979 -0.0224623068837578 0.344448938018109 0.649588346895138
-0.00420927260292576 -0.0315402165716887 -0.1495025842574 0.480764799849745
0.00639985056342987 -0.0474624614696913 0.0429253967936676 0.0230412331611224
-0.0140254496957886 -0.0435037162837768 0.0913940892136197 -0.481798400304851
-0.0374884003591988 -0.00433933000874082 -0.508159856287501 -0.600043452536466
-0.0118593036165792 0.0121150865407324 -0.749088516943328 0.142238381645776
-0.00956623498751936 0.0208847388137006 -0.136944986598671 0.632113559901812
-0.0116190220926462 0.00585896694149231 0.293757362442017 0.358369071777803
0.00604809197671155 0.00640880803223268 0.285989284328401 0.0250148796932558
0.0021251077832862 0.00681386445755276 0.0900274893806837 -0.174913026615401
-0.00188745538113447 0.00954742673246864 -0.0748102479755222 0.0949205017940565
-0.00437709650787789 0.0170960194519372 -0.200729888612577 -0.0911969158220333
-0.0075197162307692 -0.0207303846173564 -0.11228979065056 -0.35210584656201
-0.00781093418729615 -0.0199869903737652 0.401440789467481 -0.402416647290013
-0.0164160716893015 -0.0245239869228526 0.710369441026562 0.172187126544205
-0.00872452410362276 -0.0144114368867105 0.29408313283715 0.680173547913759
-0.00397330367252153 -0.0150876256740998 -0.168788794385852 0.470471497203105
0.0012181572248395 -0.0294887987720893 0.0507940443969336 0.00716519658800245
-0.0130705349358483 -0.0246331656666822 0.0683596664809969 -0.496336733036732
-0.032564505972772 0.00508396846457515 -0.549238861579317 -0.558052017345322
-0.01202308282391 0.0121320670303905 -0.728722153509646 0.202937606646856
-0.00891071264291279 0.0197408287174041 -0.0860132765447202 0.638415951746591
-0.00609085232049915 0.00670444942542815 0.31719798684991 0.33302738720378
0.0119516468588608 0.0103531719913564 0.283807990087665 0.0119777978080936
0.00483908710498105 0.0082941802213893 0.083959679832381 -0.177613828886207
0.00197659490031957 0.011262436652705 -0.0804323978510887 0.0928969022594103
-0.000234818573367584 0.0195765299116319 -0.197098442344108 -0.0936722567231856
-0.00272425258339091 -0.0177710781242136 -0.0956276946156303 -0.36152516865526
-0.00617347851044263 -0.0226313530911347 0.420386871912059 -0.395088780259807
-0.0112484108920673 -0.0216583124049181 0.705157928022285 0.202964080646539
-0.00407344260413098 -0.00136901257613895 0.269915193165949 0.695226485460549
-0.00697109331983794 0.00638625462350176 -0.1773992451122 0.464039587013203
-0.00629435118767351 -0.00644590807933753 0.0563207583378652 -0.00149550136631538
-0.0113338163570619 -0.00404106255273322 0.0561574849198213 -0.501696940367705
-0.0241188357396743 0.0135741759689546 -0.568344836665726 -0.535260136468295
-0.010788893989846 0.0101629898094178 -0.716694595579108 0.229808171019754
-0.00840855806434677 0.0167572879781907 -0.0616138963523406 0.635805108389248
-0.00161579069952503 0.00934206399563386 0.326357655607421 0.322427506903174
0.0184978766591924 0.0134640833197523 0.282767198913376 0.00540913132072801
0.00753109803900575 0.0103090248211519 0.077770824730096 -0.17857983231872
0.00442679857690163 0.0121131531553819 -0.0848424151182098 0.092935152724842
0.000714264635026433 0.022862519481014 -0.194152636050783 -0.0902967191736004
-0.000759275049493174 -0.0147507122623538 -0.0941455347007762 -0.367061611228537
-0.00433828802030358 -0.0244296325795364 0.416249158945495 -0.404875136848893
-0.00632602084396569 -0.0208159824723476 0.70284410684905 0.194020209458001
0.00186611092762688 0.0141689804850499 0.278285953714495 0.69576445995008
-0.012213761810371 0.0289052649477905 -0.171734032210484 0.467613715878817
-0.0168765292901503 0.0159918964285019 0.0577769064433089 0.000739211739979927
-0.00871727581961342 0.0182196380911546 0.0592377696148888 -0.49916187414271
-0.0133237418401411 0.0212542241438186 -0.565882311822609 -0.536867874801028
-0.00646248071284406 0.00614655262700037 -0.723774771377823 0.225899933063268
-0.00753063419326779 0.0147436854400735 -0.0695840582288262 0.631559665897266
0.00234703397894163 0.0122351648167701 0.324568760677634 0.320255896103731
0.0204585492690222 0.0169753565550731 0.283769946828051 0.00951098398986789
0.0106198576052703 0.0100874877381768 0.0750319855872699 -0.175026842830783
0.006582555385373 0.0121301605737785 -0.0889866186106824 0.0955513733964522
0.00258883796587033 0.0242920481731841 -0.195982128454633 -0.0812180811621124
-0.000763354720899267 -0.0124259065937129 -0.107317928652377 -0.364717138394663
-0.00247383392611782 -0.0247890038354198 0.38520972542059 -0.435686969904049
0.000133291590367061 -0.019866721878406 0.706248309149077 0.146916376781298
0.00871130864811713 0.0249425766450629 0.314765922568068 0.679334990030638
-0.0168547569873705 0.0489719680770717 -0.153677454648648 0.481655971947661
-0.027433927158505 0.0370109365700602 0.0570137794281537 0.012685612767739
-0.00894176719022465 0.0374253599551205 0.0765117073677992 -0.488590142870336
-0.0037148334799499 0.0283008111330181 -0.542425857039556 -0.562616020606916
-0.00141525987160925 0.00215582948690231 -0.74531098972541 0.183403732846251
-0.00594564520876871 0.0127228495454159 -0.106771817246598 0.622778980444704
0.00405988694531581 0.0153471241345595 0.311251583619749 0.333172089353044
0.0227870838635098 0.018245837471017 0.286897888326875 0.0217806230824283
0.0135870220862356 0.00851739313570276 0.0747862638744379 -0.170786097768674
-0.00104869474186994 -0.000365043735753958 -0.066164745215405 0.114024098824106
-0.0188380604836603 0.00795458341013813 -0.21405573680272 -0.0383928118554777
-0.0279896064755169 -0.0110264925015602 -0.234323249187898 -0.285451300448369
-0.00849798098943613 -0.00589685164406881 0.168710808351089 -0.512731116147375
-0.0126851196431244 -0.0213483411105961 0.663863189412275 -0.154825770289806
-0.00888353637355929 -0.0227922997282261 0.518841821913162 0.492440057910449
-0.0188735318139784 -0.0336272106628138 -0.0455840607593526 0.530579909840879
-0.00136937929878807 -0.0558261412684842 0.0124467524204036 0.0902278331037356
-0.0104208873956782 -0.0558690138906646 0.181713371338376 -0.395771803121351
-0.0323225208565489 -0.0200481892563977 -0.290819693930816 -0.739352271910265
-0.00542232903882299 0.00546254726863816 -0.786304200330246 -0.160450712978743
-0.00799679467351363 0.0218608555626072 -0.370502038686043 0.539293807711591
-0.0272481212967432 0.00662731515068182 0.180453033590524 0.429396287806837
-0.00782099009884308 -0.00248955667825744 0.28401261611038 0.0909862385358991
0.0046083352886926 0.001692962300729 0.109662435349479 -0.155259482693367
-0.00269377755561779 0.00123709855925334 -0.0657405050404567 0.108266731880341
-0.017661812690487 0.00831774481153731 -0.213018606086175 -0.0549004360646964
-0.0247835660912087 -0.0146191152368745 -0.205710543195276 -0.305851559155698
-0.00959021489368418 -0.00946370116721848 0.236208583547006 -0.489749701422983
-0.0169135335710109 -0.0213436467238581 0.691878139396149 -0.0670020566255883
-0.0140487518889991 -0.0264579383648033 0.465583011557432 0.548450569921822
-0.0143494561141881 -0.0404815370374456 -0.0846159281815633 0.515448923756104
0.0052098381309984 -0.0611968137312851 0.0214290761197124 0.0677236525042675
-0.0107432111675308 -0.0604066479562805 0.155684156412578 -0.427301765911326
-0.0371072945233545 -0.0189069602156535 -0.367857025436245 -0.700786152311927
-0.00940641533093801 0.00836282059745616 -0.783999820988552 -0.058350114552792
-0.00937177353001793 0.0220104896334772 -0.294551932632517 0.58185154096205
-0.0233298039786989 0.00518071790343766 0.220103089057426 0.410495006319955
-0.00544307569286377 0.000184994884187375 0.285790685411344 0.0688990491168511
0.00240317111605827 0.00392454382014692 0.105779317607101 -0.162606696495806
-0.002480754162318 0.00385051219779614 -0.067820068892712 0.102386185513274
-0.0144369556608487 0.00948859710613827 -0.211303234061024 -0.0711520476319722
-0.0196484526562849 -0.0180444112212411 -0.171291639421733 -0.324483904712941
-0.00915961777324973 -0.0122762125942837 0.304297783525362 -0.457983548421741
-0.0190136815632357 -0.0228454434579355 0.708418148699401 0.0254200744066526
-0.0151961343936978 -0.0272062359983355 0.401207144243455 0.605913567171548
-0.00803486710534825 -0.0406506846786865 -0.120929070886844 0.497110845057203
0.00786336748697175 -0.05876483778814 0.0319177124038844 0.0426562001171975
-0.0129585381273342 -0.0560588027404731 0.126275213592928 -0.454818492145734
-0.0395517243907996 -0.0122582971420823 -0.441795142050374 -0.651913878559757
-0.0123033247035961 0.0103239925745513 -0.768760304569977 0.0468585467180064
-0.0103714841210851 0.0219628824919559 -0.214088927344124 0.612984662130076
-0.0188803518181561 0.00455816512901635 0.259197039710286 0.384381287237332
0.000890877079942237 0.00257346375334634 0.28646398304833 0.0466722465379978
0.000740913759080903 0.00522026763028435 0.0999046261920396 -0.168923215468618
-0.00229355794280157 0.00560861638430945 -0.0723830369193433 0.0977445800387487
-0.00924873850397173 0.0132953834509236 -0.204313541519227 -0.0835014622335512
-0.0141512786319012 -0.0202326013406318 -0.13642927262694 -0.34086122450762
-0.00844524716266677 -0.0163829348935165 0.362532025365974 -0.424422197757399
-0.0191895997379392 -0.0237179499631111 0.712614494873937 0.113328834108303
-0.0127514664869493 -0.023114963591059 0.335928800604147 0.650470585610819
-0.00364472699209035 -0.0318713104509236 -0.15266064075878 0.477591354841086
0.00650923280781769 -0.046980643211709 0.0423691430077974 0.0225171096697844
-0.0140011174015481 -0.0440430573919719 0.0965502417269377 -0.478862145033243
-0.037759785180068 -0.00460426673120086 -0.501554037064148 -0.603136817975642
-0.0119524806478443 0.0118445363048014 -0.747173168122263 0.135022863709767
-0.00894170997618868 0.0208430730771861 -0.142565185537441 0.629321504102909
-0.0121238926890789 0.00597323013756061 0.290598668067377 0.358340373926026
0.00763380770486243 0.00667859400123349 0.285791470675687 0.0264523766463422
0.00146609848570629 0.00681234285004106 0.0929391395752775 -0.174266251334935
-0.000494012717520465 0.00910901525271887 -0.0759336939548766 0.0933339626528095
-0.0046257258044886 0.01629202749889 -0.199662239575416 -0.0914458998943171
-0.00744436767461898 -0.0200295237777408 -0.108459181334339 -0.352462390036588
-0.00730021987602743 -0.0195580778286101 0.403286874707086 -0.398750756199889
-0.0158661508619742 -0.0237781692113406 0.704515651425754 0.178054117872314
-0.00913210176335828 -0.014702427717311 0.285906783494946 0.68060797163491
-0.00338177334629362 -0.0147283793640031 -0.17312911509965 0.465298111290204
0.0017574494913606 -0.0285296661470331 0.0512765272864022 0.00699085872843025
-0.012980978496102 -0.026411980020785 0.0740972622152626 -0.492173238886153
-0.0307708104720046 0.00480824547484389 -0.543108585733153 -0.561721949115264
-0.0128791331259115 0.0116006862920318 -0.726387578028753 0.195031902070103
-0.00839281674646895 0.0188324040736806 -0.0910933270991985 0.633969600804764
-0.00708770021743691 0.00648750765070609 0.313354184781689 0.336509688297799
0.01280410844271 0.0105576258072951 0.283370218078502 0.0136595605089335
0.00442883023151086 0.00845269027561554 0.0856838748600004 -0.176783395738333
0.00188216996965976 0.0105277219169893 -0.081745760716678 0.0917780875313755
-0.000785920666010212 0.0203529949365961 -0.194442496572535 -0.0939476028697143
-0.00334324689211143 -0.0185447542923536 -0.0922010844835243 -0.361673912011851
-0.00562296191021013 -0.0228384898875045 0.422233172972458 -0.390526538763776
-0.0112921154981031 -0.0220454771884226 0.698588970396633 0.209485945902201
-0.00453626724100089 -0.000229319050216887 0.261104646359379 0.695877384407975
-0.00687987702732073 0.00643565427929942 -0.181704689277185 0.461749675394479
-0.00553569653072985 -0.00611666594062133 0.0557222046582775 -0.000290260470794182
-0.011694198143122 -0.00398641794132069 0.062009987661761 -0.497190583879268
-0.0236650273625211 0.0139361067801998 -0.560108726717121 -0.53867206514874
-0.0102236559374534 0.0101682684466071 -0.716925494248172 0.222413845125048
-0.00805355942417576 0.0167396577366671 -0.0669517730657906 0.633043462231783
-0.0017656546465603 0.00955510516058449 0.321310367744538 0.323677385917844
0.0181258340868511 0.0136613258277595 0.28287820221027 0.00729051517886701
0.0060480048341872 0.00969586132897254 0.0806575920694694 -0.177622759224707
0.00474586281774534 0.0126781842250124 -0.0859484337902229 0.0922118781377275
0.00162511377846519 0.0234728138028169 -0.192763395701261 -0.0900557863050808
-0.00117836272899525 -0.0146392581137685 -0.0897313041287864 -0.365871047747244
-0.00405401071099642 -0.023201153093937 0.417093162060187 -0.400669106036215
-0.00563053164755054 -0.0206092589070862 0.70059697117022 0.200440780370247
0.000785574267129086 0.0129275505478629 0.269804236231103 0.696157824130505
-0.0123160553515848 0.0295736008729874 -0.174878285576358 0.464917245696867
-0.0162409773409454 0.0171799434639898 0.0597424979148554 0.00237314532054919
-0.00871674972003491 0.0178037189071704 0.0647702488345801 -0.496882509474767
-0.0134437197948213 0.0212574459282373 -0.561289341069374 -0.539701757011175
-0.00684831535775454 0.00519162560186727 -0.724788265833649 0.219222585248348
-0.00693266835294196 0.0148346759979871 -0.0741763204406666 0.62831299361015
0.00211075390660224 0.0121841708569394 0.321710527378884 0.32204961059221
0.021527680809579 0.0163117586484739 0.284125739978291 0.01168054350913
0.0100718071043788 0.00958039170823924 0.0759361808157974 -0.174304147580621
0.00672453310791274 0.0112028483231277 -0.0903534900848392 0.0948919479134433
0.00255505014408455 0.0246313604058366 -0.193839512196677 -0.0822821095018673
-0.000835154782826295 -0.0118077625562909 -0.103596950489748 -0.365530379359631
-0.00285797448718219 -0.024913352516176 0.389371553305218 -0.430736998700714
-0.00081820712616692 -0.0205620611258846 0.702293418010953 0.154036945358833
0.00759570075462556 0.0253314277334 0.307201922966943 0.680077520385474
-0.0168492248587318 0.0484619751199444 -0.157243167333556 0.477812068784166
-0.0270008186507187 0.036033099793897 0.0564887526098061 0.0130472673386247
-0.00873346359647676 0.0372079193672371 0.0815777793908357 -0.484650604141632
-0.00426335421936572 0.0280504479051629 -0.53493786191009 -0.564639821938655
-0.0014512279569749 0.00184851326828405 -0.743977130758077 0.176305362307129
-0.00586075755080474 0.0124117593535364 -0.112450969099622 0.618996572964867
0.00331837012141564 0.0152579487845487 0.307885218678826 0.335547194323664
0.0226221640050202 0.0182578927718785 0.286926141371656 0.022567071448463
0.0135597862211629 0.01037913146919 0.0759329940666363 -0.170267114553053
-0.000906049087292556 0.000221552576822138 -0.0675235621209886 0.113766553508629
-0.0189638294658962 0.00689405938020711 -0.213765175015199 -0.0402636911493494
-0.0276886774900409 -0.0108537733980002 -0.230377895067977 -0.286850999454552
-0.00799941599308193 -0.00715711084256916 0.1734655274086 -0.510694063971402
-0.0126609544062575 -0.0207106248301926 0.664939924095705 -0.14865707438718
-0.00921485775703292 -0.0222093404907833 0.512703349850135 0.495094961733885
-0.018620204239904 -0.0338758347258301 -0.0517025496695145 0.528325984168056
-0.000196042707571858 -0.0559390309642948 0.0110191281932521 0.0905421059238337
-0.0106609033910864 -0.0560417606073522 0.184527994292672 -0.393628919822923
-0.0321935909992309 -0.0201097361394719 -0.282727532677507 -0.741806835459386
-0.00559878549990672 0.00525410107375816 -0.785394300928691 -0.166831969408182
-0.00894264262617816 0.0218738185971604 -0.37343059522066 0.535483299813627
-0.0266104390087531 0.00582622061375288 0.176533181571668 0.429188850475357
-0.00782552751665129 -0.00217337744537417 0.283494244400596 0.0940603652732931
0.00356045783021888 0.00122091376078737 0.111596015917135 -0.154910412643735
-0.00256218455017059 0.00114389720678719 -0.0680960796482242 0.106875370470018
-0.0170477598547021 0.00767173596071177 -0.212644885071543 -0.0564376844666778
-0.0244025591046177 -0.0154086456651281 -0.202511404827555 -0.306407164985851
-0.00882901750504013 -0.00972500637104779 0.240164295851345 -0.486150075341609
-0.0162933171767192 -0.0221668025728959 0.691828141807316 -0.0605182195841631
-0.0144958081873343 -0.0264250580651918 0.459794566996642 0.55243284455728
-0.0132989947897068 -0.0402094358865693 -0.0898951683118391 0.512428045931396
0.00698229069688098 -0.0605819371663139 0.0210571564557472 0.0668472236599322
-0.0101623839806664 -0.0606289248440884 0.15896605642798 -0.424789675260844
-0.0375479461860541 -0.0193750349210518 -0.360010778205555 -0.704777984516471
-0.00944491048006779 0.00783454533636263 -0.780990032343096 -0.0647905121548189
-0.00898319309052002 0.0213796721586807 -0.299686302511327 0.578496144253574
-0.0232933372846325 0.00506799830778598 0.216548938473244 0.410700132939783
-0.00322618763066575 -0.000458837331610598 0.285196457561453 0.0718003790432319
0.00193230607653606 0.00233020266580854 0.106789013319187 -0.161885757517685
-0.00283963668805312 0.00404848139121485 -0.0696294286076717 0.101573690190606
-0.0137091732311034 0.0103781595460557 -0.209156210275164 -0.0726322076618072
-0.0186786068641046 -0.0190299869518731 -0.168399097294783 -0.325135331943355
-0.00936328544189035 -0.0127066067176593 0.307786673452924 -0.454403280368099
-0.0191246215801301 -0.0227104518362689 0.707565770149818 0.0334773139327193
-0.0157108867966577 -0.0266162487931838 0.394262002693536 0.608673430504227
-0.00693478491540239 -0.0405174408457197 -0.127639272137827 0.495525979686822
0.00875851105195732 -0.058499790098356 0.0307024079182727 0.0434064234708932
-0.0116924896154735 -0.0558777626377843 0.129808079726226 -0.45367828292232
-0.0395569406008265 -0.013152237313917 -0.434401569854955 -0.657196325187996
-0.0119349550810876 0.0108973882407187 -0.767921714156455 0.0406779982215812
-0.00954247212353906 0.0221165669527138 -0.217773663283053 0.608920608899259
-0.0179034370832799 0.00518811663900157 0.25506842244526 0.386627940681319
0.00118968658020092 0.00229391085269791 0.286924824538054 0.0486564421549465
0.00120303525806837 0.0058264691168691 0.101248291781895 -0.168482148922325
-0.00182726661497437 0.0064291014800802 -0.0738755373192968 0.0958212542708173
-0.0087617950871488 0.0124347058324291 -0.204019485520424 -0.0852739791180147
-0.0126458617733099 -0.0201526643403125 -0.132837300564696 -0.343294746827848
-0.00875285809276305 -0.0158699463132362 0.364649440607429 -0.4203207295707
-0.0192629568671694 -0.0242067258266311 0.708741568436906 0.120133099559386
-0.0131020052995256 -0.0234984544941359 0.329127605204089 0.651146656191901
-0.00280389497649876 -0.0316826567934564 -0.158108095816192 0.476762164641927
0.0071298604602477 -0.0459152683317793 0.0414560762111857 0.0234158860891415
-0.0133547706799203 -0.04240704325281 0.101597700423538 -0.475886020454094
-0.0391616881767957 -0.00408293779425608 -0.496123655684746 -0.605919798289233
-0.0130793446728417 0.0118005038236815 -0.747413819246037 0.127739797904085
-0.00963190266846091 0.0210958505021039 -0.146196749607724 0.626556497176454
-0.0130847545460376 0.0052577203449236 0.286969453892345 0.36070313439633
0.00690210364824228 0.00626821125595837 0.286057616024637 0.0290298250040001
0.00164897892418892 0.00658517843340238 0.094300994437134 -0.173335517462193
-2.50051108845507E-05 0.00820679125593393 -0.0787205612364317 0.0928548055484593
-0.00545586823477261 0.0157974696643216 -0.197923996775947 -0.0927757957254116
-0.00810949382707635 -0.0207129189994371 -0.104529326396853 -0.353857997598952
-0.00619331471009017 -0.0193717888907373 0.406793141998655 -0.397349274129135
-0.0163794938945924 -0.0236897022289773 0.703114751473798 0.184664141111165
-0.00917732840513158 -0.0133515545047922 0.280348136768599 0.680126881606208
-0.00218664775730792 -0.0148523229869881 -0.178984418192997 0.462197939900275
0.00213371766842564 -0.0284969691802676 0.0498549661753095 0.00800076491531098
-0.0124499527931368 -0.0257645856271539 0.0784369712651718 -0.490265587264013
-0.0324141690583223 0.00499679966500689 -0.536549061797459 -0.562893523509298
-0.0123447652355124 0.0111461517463249 -0.728918530500264 0.189070989993166
-0.00938917944242825 0.0191213710634495 -0.0967554055026437 0.632718562680073
-0.00710479570904531 0.00799615205359658 0.308520638512287 0.338650352212435
0.0122336122051769 0.0103988551022793 0.284350542302942 0.0154240986852331
0.00473848405495912 0.00777244535733849 0.0881505104834162 -0.176265404595742
0.00172294509554518 0.0105071075799949 -0.0834289758467816 0.0908922813975159
-0.000392853117292802 0.0201113505299895 -0.193329485572018 -0.0947397837418671
-0.00386781876534589 -0.0183085433250608 -0.0877881873789243 -0.362624184935411
-0.0061383305920496 -0.0227463843586096 0.425859642844753 -0.38590856228521
-0.0111430644834215 -0.0223732391466182 0.696436742305789 0.215234699355789
-0.00513620048710948 -0.000720244679870122 0.254982922293337 0.695506191974016
-0.006185646549201 0.00631674968185886 -0.185173491141669 0.457273883072908
-0.00624636598929022 -0.00649329844743227 0.0562758721069407 0.000598910685285157
-0.0110541355557174 -0.00386317073049647 0.0674003779891948 -0.495173803875337
-0.0228058570460865 0.0143899798125871 -0.554301950208077 -0.542812258159541
-0.0109446659388271 0.00981905349739205 -0.717717894660994 0.216968038460572
-0.00707597970207869 0.0166336159455136 -0.0707892949346574 0.629301228825089
-0.00165079892811031 0.00966102567438177 0.319314051706908 0.326903052188799
0.0172483387433865 0.0123418144294254 0.282753999388242 0.00981335688320668
0.00594679537180092 0.00955016026981305 0.0830797185725664 -0.176193005979444
0.00387424592738486 0.0116305432983181 -0.0886214121404981 0.0908963463969184
0.00138595497736127 0.0225319891041485 -0.191431421979032 -0.0917478857502741
-0.00161101319839461 -0.0154850868591192 -0.0850077558750368 -0.366775409042372
-0.00356310738686722 -0.0236071065549574 0.421115641409494 -0.396410734021892
-0.0057796023031617 -0.0209708384475494 0.696780246179638 0.207732200353521
0.000441786049504075 0.0139030353625892 0.261367617680227 0.695740013087592
-0.0116717773119625 0.0288387924239885 -0.179112384610036 0.461440494327679
-0.0167304793082356 0.0170758973022467 0.0586794152964453 0.00211722493867831
-0.00900881939283252 0.0178497088571955 0.0697746630114886 -0.494151838274366
-0.0139533267252612 0.0209505877968639 -0.55498607942691 -0.544972250228633
-0.00689113871967945 0.00520092553113082 -0.725951376531849 0.211957062399483
-0.00711523910280899 0.0147400380672137 -0.0789044309458856 0.62606460954211
0.00165967823706817 0.0120601339545503 0.319473341806726 0.324106318355252
0.0196831049613541 0.0161784314712692 0.285584085168134 0.0134196318189494
0.00991751190377556 0.0108763484496053 0.0796459342237604 -0.174329449429823
0.00562224236835466 0.011356176255209 -0.0923210155203246 0.0943605199230949
0.00172844980543195 0.023572863601736 -0.193069307376155 -0.0834961057797762
-0.0019879271927467 -0.0128276856297675 -0.100371644700659 -0.366398298396124
-0.00246336669468284 -0.0243322956095005 0.391035648182838 -0.427993008923747
-0.00109725708383034 -0.0200071350026183 0.699337991657179 0.158907981844983
0.00739076829484381 0.0251821872335492 0.301647087870242 0.680062658892294
-0.0169133199497091 0.0480499424605839 -0.161740357306703 0.475065777713186
-0.0277796801408952 0.0364776100054641 0.0560819259098745 0.0135599253994019
-0.00799105216979515 0.0373311205252422 0.0872120261102983 -0.48216396853905
-0.00444771588767703 0.0281363576497141 -0.529066817472977 -0.570421388244907
-0.000650691122245663 0.00340005731677356 -0.746418099243648 0.168852781445828
-0.00603352688929962 0.0122725573734442 -0.116188967214261 0.616237358970008
0.00283919935377102 0.0162896710467295 0.305378502359446 0.336013366220278
0.021622136117356 0.0185222565997607 0.287317674355642 0.0260441491689197
0.0122894856793364 0.00943805885703383 0.0785236404601964 -0.169165145037705
-0.00135576023442955 -0.00100807453997119 -0.0700667684520679 0.113578335301333
-0.018904681326988 0.00745217772966314 -0.214662542360396 -0.0412539092541958
-0.0281935828684841 -0.0112202707072156 -0.227622085138594 -0.289791049762632
-0.00754237166964675 -0.00655014312653891 0.17676382455001 -0.511316296160392
-0.0124562697039016 -0.0218072221264931 0.665592413388745 -0.141149653338474
-0.00895864560364902 -0.0223547194597611 0.508164883666567 0.499851524869148
-0.0173496879139639 -0.0332034076267479 -0.0562738281403312 0.527624747767999
0.00107070896249188 -0.055380929323479 0.010316450649826 0.0907954357506915
-0.00868371954238983 -0.0555389792117676 0.189308738107037 -0.391112778306147
-0.0331894265145708 -0.020437760274956 -0.275820176256786 -0.744271264488844
-0.00591803214084411 0.00492124159327131 -0.784439313767803 -0.174787691875053
-0.00835782762279406 0.0209520732241705 -0.378387614854665 0.531541171264397
-0.0258714454197422 0.00667565901377318 0.173496500133332 0.431617617666364
-0.0079048274979358 -0.0018432224776787 0.282837466251758 0.0965558789661383
0.00293038482273093 0.00135512634685634 0.114679954740786 -0.153691930962622
-0.00229771194687266 0.00115049061017563 -0.0698214905732183 0.107275700956159
-0.0170995071811105 0.00821069415592654 -0.213304946823854 -0.0581597015081932
-0.0245188545804481 -0.0149175830778438 -0.200464906473248 -0.309151110642826
-0.00847000830232844 -0.00963947413323326 0.244569712995333 -0.486890567307433
-0.0164577017156067 -0.0215404485474364 0.694483505331089 -0.053983886342013
-0.0145854051386034 -0.0261949488092454 0.455263514301174 0.556830546278014
-0.0127209853746054 -0.040888037809976 -0.0950638382543002 0.510880327558279
0.00697473879081209 -0.0609980803802778 0.0193771508281026 0.0686384353996405
-0.00985735871979877 -0.0606939894005022 0.165471290757401 -0.420783357470651
-0.037394386636889 -0.0199940694213579 -0.354371367730227 -0.707651767145567
-0.00992882301969257 0.00815976944852851 -0.784970554048476 -0.0732708425399489
-0.00936063612628838 0.0225545048735313 -0.303714440449859 0.575641125328872
-0.023286939319027 0.00563541196546579 0.213218146201899 0.414334371336577
-0.00446189746096045 -0.000801856596038455 0.286476434366702 0.074316715683465
0.00144161110364356 0.00348640786661388 0.109674778852448 -0.160776221757207
-0.00316402731432701 0.00254852096950652 -0.0718130201207216 0.100420597427602
-0.013392767992744 0.00997354712761671 -0.209648813780769 -0.0735592571668885
-0.0193216384626711 -0.0195045211578013 -0.165501863664843 -0.329389661567376
-0.0086272904877096 -0.0131047615274054 0.313136545790405 -0.453793259663374
-0.019811505060558 -0.0228716035289072 0.706915606602048 0.0396322704589673
-0.0155505362487551 -0.0273964736397039 0.38920522901001 0.611913641451816
-0.00626104406425103 -0.0407091267725632 -0.131040621194163 0.493219502383803
0.00969968106778052 -0.0573536163308127 0.0310974591430544 0.0446656710239358
-0.011461419984971 -0.0558549323727068 0.133004461813523 -0.451984391707529
-0.0388537441782854 -0.0134208024610869 -0.428006438830399 -0.660267232066277
-0.0125076072659116 0.00990381142354776 -0.768445592605283 0.0330997813337679
-0.00878631077658167 0.0220413245709806 -0.223649186574021 0.606978163495395
-0.0181048898557756 0.00512884337598839 0.253121408119927 0.389523590873173
0.000658424505611597 0.00206174484394016 0.287568640060806 0.0518935238666918
0.000504758517229361 0.00450549813277336 0.103373156379485 -0.1672340928555
-0.00353369479000721 0.00506619437478119 -0.0757099329479237 0.0965837376184062
-0.00916054070208785 0.0113573715239084 -0.204456617227868 -0.0863498288312173
-0.013227658851602 -0.0207924358378134 -0.129921627885546 -0.345310770131101
-0.0081415364078355 -0.017133677622711 0.370726986449124 -0.421341881290225
-0.0187007940638997 -0.0239881728964873 0.709896502692303 0.128061145023081
-0.0134556929743259 -0.0223882010222059 0.323793416764914 0.65605667350186
-0.0022246682026127 -0.0321248258458447 -0.160856845596668 0.474834653736002
0.00764323550284661 -0.0458712090203089 0.0412136321945079 0.0235304437093241
-0.0130226222853946 -0.0440096997515696 0.105127600309729 -0.473811009903868
-0.0374585480966862 -0.00408118313750654 -0.48979349189085 -0.610949206877664
-0.0135908583011043 0.0115814416214507 -0.750781179148897 0.120120855349885
-0.00981085593610923 0.020044790246269 -0.151729307020532 0.626417627792238
-0.0123154382984642 0.00560938414109614 0.285799621032066 0.363871633254131
0.00591681236301651 0.00561050886642952 0.28604982195592 0.0326317606901047
0.00151031881745254 0.00632505396971749 0.0968215450944402 -0.172747788735141
-0.000724603978159879 0.00762023336832991 -0.0795703021477851 0.0926122748600473
-0.00455355064158014 0.0154395857614586 -0.198474495067461 -0.0947594548871399
-0.00807346353853835 -0.0204114741503883 -0.100660425211605 -0.356954130097942
-0.00661847959322636 -0.020630979959532 0.40959240894691 -0.394641125273495
-0.0158963653804046 -0.0240241468313542 0.70284837446315 0.191475616866267
-0.0101035652718727 -0.0133310293990796 0.274908445678463 0.685212557115303
-0.00178978575420495 -0.015843530493725 -0.18148931182924 0.460691331381916
0.00223061052172659 -0.0287808792493317 0.0510230243361578 0.00852692494326914
-0.0118912052972102 -0.0255468202529544 0.0844533202330614 -0.48794511065593
-0.033019369106252 0.0041214983563127 -0.532148415109052 -0.569559766163423
-0.0131008632050116 0.010817505349082 -0.731439397119202 0.182868703021228
-0.00884499958610781 0.0189718570719398 -0.101345936719082 0.633273286589256
-0.00690553328202488 0.00720500891254263 0.306888810917675 0.340817905156767
0.0116166680396542 0.0104092026898228 0.285527172583373 0.0182673940308755
0.00256679934505619 0.00834324990967933 0.0914177063491612 -0.175857818723418
0.00114684858361063 0.00961103753043898 -0.0852665655195782 0.0908805930556023
-0.000267216648489193 0.0190692482159221 -0.19280344970705 -0.0964129455896721
-0.00347912748837788 -0.0187028091139399 -0.0841173657400964 -0.364359867598619
-0.00517013270220292 -0.0225886895872498 0.428280892847737 -0.384422081134556
-0.0111173269832046 -0.0219665081840745 0.695383533055036 0.22179181398684
-0.00575838120848797 -0.000885774989804832 0.247151630913754 0.698497400265634
-0.00557531388636495 0.00608055240212154 -0.188409319433253 0.454682988506088
-0.0058796078939391 -0.00673699690899273 0.0559656166972444 0.00090889446786382
-0.0107928824374782 -0.00410553363055123 0.0734757478014346 -0.494924544224101
-0.0240762119451745 0.0133431623748453 -0.551357927401217 -0.548631385411993
-0.0115447586901936 0.00963604904806902 -0.722868533603718 0.209671812203324
-0.00872954891050772 0.0165517778699511 -0.0755789660967756 0.630827313089198
-0.00198422338487034 0.00870295571000622 0.316708932255557 0.328258020685779
0.0168993012833314 0.0136239148883108 0.28504716745682 0.0126532127411771
0.00569425501814465 0.00916375597271066 0.0851015273127639 -0.17612713563874
0.00347319723992524 0.0109807764194743 -0.0904122050673049 0.0924908339441012
0.00135252529059375 0.0223555010417588 -0.191072511775153 -0.0943572522724805
-0.00247808123329447 -0.0152062277931419 -0.0814713140961227 -0.369698065073466
-0.00278261276365534 -0.0252850088539671 0.425131046934459 -0.394281111841737
-0.00577873295516277 -0.0202056519947206 0.696149119485707 0.213752168508251
-0.000442055383841743 0.0137205650676081 0.253485335448051 0.699235389856671
-0.0123688563325907 0.0289159915713489 -0.184481574973194 0.459088315507063
-0.0154787007218806 0.0166470200953797 0.058946133841393 0.00460666531209459
-0.00863597369379247 0.0176427668119144 0.0755200783615398 -0.492249165680772
-0.0137273015156435 0.0208935221103312 -0.551483570223297 -0.548783838451194
-0.00753938701992357 0.0049086266169077 -0.729683797652891 0.205950462208693
-0.00709096877138514 0.0136643480730851 -0.083803207772226 0.626395431949093
0.00183616686901263 0.011492533090293 0.314651985512029 0.328060426235518
0.0204998982616624 0.0167487375176796 0.286080084527925 0.0165077619837646
0.00981976754674712 0.00997969119349497 0.0817086888723412 -0.174278659958113
0.00637610078013869 0.0111034402900809 -0.0938124998766974 0.0929928057380521
0.00251373793319135 0.0246978029855743 -0.192330589739486 -0.0854019973178918
-0.00186666697982975 -0.012077706728379 -0.0966686018901174 -0.369480822910671
-0.00228444411768278 -0.0244779236236578 0.39521826200901 -0.424667318959281
-0.000541119863401722 -0.020837763354581 0.698193231528898 0.166910986921958
0.00661703973631042 0.0264873414720879 0.29315653244963 0.683109375739989
-0.016931871871925 0.0481183222091863 -0.165966946671499 0.472985928197261
-0.0268607223996762 0.0371370358777328 0.0563243554507182 0.0141528256367586
-0.00807190548430412 0.0371548066751068 0.0933973434122567 -0.480260798053677
-0.00468257989354616 0.0285857265675262 -0.525528085589042 -0.576004950155395
-0.00211882741875791 0.0019185209460854 -0.750373120108366 0.162636338556581
-0.00574514415319985 0.0125352500283575 -0.12181326166641 0.616745673972569
0.00236604126090655 0.0168328303953131 0.303075364735111 0.338043624713586
0.0217857709483537 0.0183523292830193 0.287527748542655 0.0289057949524558
0.0130920417275525 0.0104227277593639 0.0814950219850365 -0.168013961248918
-0.00128855347763247 -0.00125070620843558 -0.0716777569052105 0.113566859930749
-0.0182825249542056 0.00657667577183116 -0.214813212040772 -0.043046554791626
-0.0288663422064961 -0.0113967414288324 -0.22593249681651 -0.293525881105166
-0.00769599644998837 -0.00699165068723454 0.182749203522775 -0.512074231038637
-0.0127204673150761 -0.021022147747107 0.671105494446213 -0.135378207921159
-0.0104375761217142 -0.0219014754850361 0.505549703352157 0.50616015488652
-0.0173059929338485 -0.0337311500719565 -0.0613703838605408 0.52837130618621
0.000721739762422507 -0.0549960757206793 0.00999755357731632 0.0912289508598125
-0.00819687829037904 -0.0556487753208515 0.195616242034312 -0.389965443860364
-0.0315725170838356 -0.0207554012603759 -0.269929230876287 -0.748827443741885
-0.00577041154966398 0.00484910608946212 -0.786476264626445 -0.182206129952091
-0.00919083528797626 0.0216887214945172 -0.386107946902323 0.530538554397783
-0.0264931916472479 0.00642794420100963 0.168663894075577 0.434645004247646
-0.00880496598628296 -0.00268734974093151 0.28415047098496 0.098921891622551
0.00346264648187386 0.00173614861475489 0.1165177598566 -0.15388813981219
-0.00286832443527944 0.000980825720126593 -0.0715638106146429 0.108094719852395
-0.0169376879931197 0.00796991630434809 -0.213626445710752 -0.0599043863318709
-0.0252477243615912 -0.0156613034112289 -0.196656764924558 -0.313032797966769
-0.00864823924736412 -0.00952878795280921 0.248531898683464 -0.486075517215429
-0.016601711904457 -0.0215675045156807 0.695129787742633 -0.0478046406456039
-0.0150582937574729 -0.0270677103951483 0.451432737148078 0.562336946578502
-0.0114339958846143 -0.0409589860600194 -0.100766853004929 0.510058014175913
0.00700698975630077 -0.0608333954308188 0.0190005448256734 0.0691335382398415
-0.00879087107269243 -0.0607260199673902 0.1693986853243 -0.421316008113802
-0.0370236384251535 -0.0192548488411166 -0.348963641128711 -0.711474562176674
-0.0102731023602071 0.00773457966384983 -0.78755336794102 -0.0794788597326954
-0.00981843637823838 0.0205303920974074 -0.310094837366014 0.573908714552668
-0.023816521530407 0.00533968181408054 0.209710421079095 0.416429186691707
-0.00418858644325757 -0.000733641082317842 0.2871481969962 0.0758749291965313
0.00136896888546142 0.00292320985883866 0.112654126676129 -0.161681015823324
-0.00267071268509459 0.00291490897875718 -0.074397274449247 0.101645814803353
-0.0134381327713402 0.00979291356003054 -0.209775082351332 -0.0763078662257572
-0.0191073623109811 -0.0189216070875236 -0.161580379638178 -0.331516992870853
-0.0080072219008009 -0.0129789023203698 0.317499891576678 -0.453548065036201
-0.019893976169053 -0.0223873853675025 0.710639935867701 0.0452037229301123
-0.0159356817437986 -0.0273995032588623 0.383350803769794 0.616291035874662
-0.00548466871990439 -0.0402637697410273 -0.136267157650016 0.492411647256158
0.010597390140307 -0.0569879040795768 0.0309057767018467 0.0452122275016718
-0.0111065046367317 -0.0561647278891807 0.140284060444584 -0.449802997718104
-0.0392840184405501 -0.0135683697781608 -0.424782034683828 -0.666609381213783
-0.0132324168506582 0.0105397198764673 -0.773751497914153 0.0259615524720483
-0.00982934997391975 0.0215774351694455 -0.229881021112903 0.607622439548608
-0.0188969904566083 0.00519624165944527 0.249847185107393 0.392658894199767
0.000126598102455289 0.00258710654219761 0.287900482406815 0.0537584542133342
0.000487774392042291 0.00534432431821688 0.106901557794008 -0.167140163941711
-0.0035990607164368 0.004862704394035 -0.0776301917208503 0.0955429813024208
-0.0086315727548494 0.0123448024991475 -0.204103196920461 -0.088296478269375
-0.0140187651796373 -0.0208773461848637 -0.125940554789677 -0.347873913121351
-0.00774545126804024 -0.0163636694423447 0.37446554062602 -0.418616142036278
-0.0190751674692817 -0.0249931121990821 0.709491764210604 0.133521086814256
-0.0146336584937378 -0.0233994532628422 0.317460825492664 0.659910887255771
-0.00175867691662179 -0.0309397853509696 -0.168794190097703 0.475505331434078
0.00880009655649111 -0.0463477699202615 0.0419442959709742 0.0248303447856377
-0.0120445130132417 -0.0436871179355548 0.1108980450287 -0.472976078644072
-0.0377140500582992 -0.00426844695934476 -0.484723123770237 -0.617665139858029
-0.0133681626341936 0.0116408830138276 -0.755352945233377 0.114327006191692
-0.00982112739023803 0.0197079417590832 -0.156849835374019 0.626909304567987
-0.0125837995968158 0.00636554895675004 0.28341720863236 0.366427520238808
0.00598554736299732 0.0060902837321839 0.28937165126289 0.0337751782227976
0.00138779413611564 0.00723196563103458 0.0992359193818059 -0.172337531046478
-0.00151768206244725 0.00800980298038877 -0.0821280150997694 0.0925190212502868
-0.00429421364840268 0.0156307179643539 -0.198170476661558 -0.0954379315948695
-0.00763136646385585 -0.0206821654499305 -0.0977906716420486 -0.359295919784309
-0.00625080072526603 -0.0207076399488282 0.415297181422784 -0.393185329581709
-0.0163665250896527 -0.0231253400264062 0.704501591977169 0.198356203638551
-0.0110612479498463 -0.0142167920472868 0.26790547893908 0.688341097785451
-0.00168127526124115 -0.0145974879266929 -0.186964265465626 0.460831973077877
0.00339905168705257 -0.0285581772550878 0.0508910850760628 0.00996756250715714
-0.0112371635040378 -0.0252481651218162 0.0897000000658061 -0.488684840480859
-0.0319477320115686 0.00487992951443277 -0.530203040724406 -0.575640421807412
-0.0133424776525165 0.0113128894270594 -0.736095101024872 0.176618720400653
-0.00965781363096407 0.0192655014958679 -0.106627864648697 0.633745349087854
-0.0072904971691449 0.00836477498439536 0.304716733377269 0.342249924513823
0.0126088697567529 0.0100161021646867 0.286779057062075 0.0198011214060492
0.00387756790315418 0.00825964770420815 0.0932185865101971 -0.176849631234512
0.000804307944555097 0.0100723651238642 -0.0879671970187458 0.0901412252752268
-0.000378589668191006 0.0196618561577381 -0.193246346387805 -0.0991123576603576
-0.00405185925145507 -0.018422810369131 -0.0819678255506186 -0.368387928069624
-0.00499496258519582 -0.0227888779631452 0.434242618907942 -0.382625008694709
-0.0117966545902718 -0.0221184585444503 0.69483742061755 0.229132739427984
-0.00559635565129957 -3.34753770454867E-05 0.242107866124891 0.70158540894107
-0.00532767221068974 0.00604267752457543 -0.194641120168291 0.454823177269686
-0.00521177613380875 -0.00694201838657768 0.0568114184783866 0.00259095599078411
-0.0112150001496211 -0.00370456891958102 0.0775459934584518 -0.493093329713895
-0.0241744821225281 0.0133109609568934 -0.546518428926515 -0.5547643015116
-0.0111847490493159 0.00894833035433382 -0.726562658450728 0.205307083331778
-0.00887275761245308 0.0165728010467823 -0.0824582754508019 0.63276910952676
-0.00182677854451357 0.00985627352105258 0.315543770101354 0.333038784103855
0.016974530326647 0.0136852837237296 0.286927792326395 0.0145485902682243
0.00570288415687828 0.00957208142395925 0.0876751584654135 -0.176503516092047
0.00320020764864811 0.0107765934382161 -0.0922875720999064 0.0906946783624173
0.00183951325745915 0.0227132291598197 -0.192478067208373 -0.095680891785468
-0.00234865362988557 -0.0155782676549127 -0.0782667731192672 -0.371842435937424
-0.00290944899804339 -0.0255094072489868 0.42976313192398 -0.395000896987449
-0.00564385386452099 -0.0205203273960403 0.695052184315882 0.222115872780778
-0.000874347957067351 0.0148076038732478 0.249756038838945 0.704187151942649
-0.0118763330251773 0.0281890502047899 -0.18924422597343 0.459140493747336
-0.015987677690987 0.0154710061607068 0.060273498644939 0.00524188571341334
-0.00870603209488943 0.0174257810260406 0.0797986647482582 -0.493124740728479
-0.0136027771045583 0.0211839541463905 -0.547313662698194 -0.556090112981796
-0.00788360194010797 0.00621960555990603 -0.7330446680141 0.20173789079932
-0.00771871510346339 0.0141254645189197 -0.0900227167158229 0.629432006333622
0.00187996027508863 0.0133776452508978 0.315493899963681 0.330305563495844
0.0201953245715672 0.0170035383539934 0.287448646567139 0.0178893205606772
0.00888261322768747 0.0100471768789663 0.0844307847247444 -0.173900782109298
0.00543693030851549 0.0107828449378636 -0.0962440893611911 0.0940358829799717
0.0021729907723774 0.0241225554257514 -0.194190384264866 -0.0870090880744653
-0.00278614767992848 -0.0117310491710336 -0.0926967489727476 -0.372723614679622
-0.00219787658758113 -0.0244106129364279 0.400764172563017 -0.424024633345916
-0.000629359849759199 -0.0191229762380145 0.701027842848199 0.175247547293107
0.00614280251427382 0.0265553681952956 0.28840144724725 0.688869410742796
-0.0169729389775402 0.0475449666686139 -0.170401924075947 0.4715258035961
-0.0269399299384771 0.0358994296992599 0.0559245015506337 0.0167326012172138
-0.00987832681251631 0.0366525161434684 0.0991908245492756 -0.481935253717384
-0.00500597679306294 0.0282397126017971 -0.523841183593556 -0.582131517428422
-0.00301800515243589 0.00227152463539891 -0.752617465968592 0.156808842896254
-0.00695211172308715 0.0125088359459411 -0.127148287583018 0.616322016576643
0.00289599756772555 0.0163525144811842 0.302663772512725 0.342439754014966
0.0210366986793897 0.0189334072685427 0.289852377984611 0.0309102174514429
0.0123660922487068 0.00929228416259523 0.0844001403592349 -0.169172624926361
-0.00110680438683143 -0.000394541527809006 -0.0739727823663104 0.113470716266098
-0.018908088717387 0.0061602917440004 -0.215596783378056 -0.0452448192690385
-0.0280981943610186 -0.0118872816241267 -0.224228912951672 -0.297455919163014
-0.00705210469272224 -0.00756460412604502 0.187634443001252 -0.514501988768559
-0.011931411108047 -0.0215515530043259 0.67370460174349 -0.130984878080195
-0.0108373446632288 -0.0229623337161826 0.50357735651696 0.513296320569245
-0.0163802097861947 -0.0330313469123616 -0.0670103928163743 0.53112331806614
0.00186067056435077 -0.0551307320965886 0.00848579290115661 0.0914784264663476
-0.00839844426241788 -0.0561604413440147 0.199244430559569 -0.388840609292879
-0.0316743770907087 -0.0203678292922468 -0.26603913926337 -0.756023327875922
-0.00583452611504104 0.00467652040721594 -0.788792497442965 -0.18895204800549
-0.00809537591128131 0.0215234802137555 -0.391588743024348 0.530629127859413
-0.02708208451193 0.00635872401568276 0.166279525636336 0.437981377716643
-0.00839096490232538 -0.00322998082330327 0.285253291990628 0.101629287302232
0.0046985674775305 0.000574485986244259 0.11909031632808 -0.153560941538504
-0.00329930749671608 0.000735420274589678 -0.0742180222383203 0.10715715653857
-0.0172833731456083 0.00721843808858726 -0.214984338066079 -0.0609567880060965
-0.0248729351276485 -0.0159509593635572 -0.195363599580733 -0.316113370245491
-0.00840183572169413 -0.00987680742463243 0.254589049937235 -0.488689211208922
-0.0165364639423326 -0.0213781066121937 0.699766961007309 -0.0419265930619124
-0.0155266943747539 -0.0266812388536825 0.449121844512103 0.570420485622575
-0.011321278504941 -0.0412439558668455 -0.103660680549431 0.512768996107211
0.00895233376672676 -0.0600595371317392 0.018966313370185 0.0699168568967497
-0.00844682049957646 -0.0612618690442018 0.173490976786858 -0.421126921591625
-0.0374833253006049 -0.020325110841307 -0.344867274756028 -0.7196459947264
-0.00989502539572623 0.00789022776662731 -0.78998615830442 -0.0845627803062474
-0.0099853597543738 0.021937288280063 -0.316683743948091 0.57420313666116
-0.0230635054280106 0.00500301679162088 0.208004332862509 0.420411767519345
-0.00454159485935942 -0.00119478764687429 0.288994051151704 0.0786478239505254
0.00190966531094637 0.00258273799524937 0.11527531635816 -0.161407837816162
-0.00366376667777883 0.00163827999429765 -0.0770193240176463 0.100694888316045
-0.0135360593597385 0.00862808061670143 -0.210399419064147 -0.0775929697078623
-0.0197003623702427 -0.0194877966285973 -0.159899505034063 -0.335825402146579
-0.00876415267902945 -0.0142671703099378 0.32278290257608 -0.454605558876415
-0.0192185524072286 -0.0228726141218011 0.714644985821433 0.0520023251875401
-0.0161855868286542 -0.0280204588774777 0.380801870791583 0.623647631925425
-0.00480770298149509 -0.0401227120158955 -0.142623478624158 0.493281122325215
0.0116885557211387 -0.0581439450746497 0.0298639267746269 0.0462190882520813
-0.009871699935357 -0.0558606851920208 0.145595759788548 -0.450688528882239
-0.0389906248545683 -0.0139233015939196 -0.421791805986271 -0.673450613828676
-0.013143863318442 0.00986886634254969 -0.779090997299325 0.0217850770879751
-0.00977501357613473 0.0211264692533937 -0.235339372293612 0.609030044379054
-0.0185934797371201 0.00533961246965279 0.248971375894746 0.395521323003577
0.000490064949185505 0.00106396371524741 0.291511088411772 0.0554124617118262
0.00079265694436104 0.00549455000737578 0.110539715325819 -0.167456076643213
-0.00260041223418828 0.0038581938897354 -0.0793021789464988 0.0966113026172253
-0.00806474143092848 0.0121575837838057 -0.205518009475381 -0.0901553859891514
-0.0133572222248519 -0.0213603820994975 -0.12374309052654 -0.35232488211486
-0.00689972293686092 -0.0169944241447967 0.381208604927818 -0.419768093696635
-0.018837981020862 -0.023871849977622 0.71318044762352 0.140803420470913
-0.0144015214761557 -0.0226936502505075 0.314102514614563 0.666432142851444
-0.000922796491213289 -0.0317910180649943 -0.172543999179185 0.474995561832178
0.0097045600161207 -0.0473296453003638 0.0413513898969067 0.0258338426177926
-0.0113238810373481 -0.0434637692018847 0.116846488203783 -0.474433537583263
-0.0384778211290781 -0.0037831624618847 -0.484738525242703 -0.624914082891864
-0.0136776277976368 0.011614277632362 -0.758827922262064 0.10988924274995
-0.00974708998651682 0.0204488789738983 -0.162801186012086 0.629446891987647
-0.0131091950441129 0.0064584079466049 0.281712935687053 0.371021836107376
0.00596950751220808 0.00642992341097043 0.291678497874619 0.0363163930066913
0.000872013007982607 0.00731424419573026 0.102509797504928 -0.17324451444347
-0.00116250311210304 0.00746813692682094 -0.0843337117187065 0.0922293079709767
-0.00435770119078883 0.0160353300208599 -0.199422974180754 -0.0975716773789126
-0.00832031121393709 -0.0210410155052483 -0.0942041280717499 -0.362840030852864
-0.0065345186687021 -0.0215182308034635 0.421673020351434 -0.39084539896635
-0.0162623490693642 -0.0232966812305903 0.705876744404692 0.205962594366856
-0.0116837305171064 -0.0140199922213734 0.26294190037995 0.695663263472063
-0.000933965077768396 -0.0150099415697646 -0.190957734370322 0.460143687191609
0.00404587277051096 -0.0278929482514511 0.0515024305439229 0.0108239843978598
-0.0115823487052736 -0.0255057732561949 0.0935474129097196 -0.489604053883798
-0.0321954624528212 0.00524921142456668 -0.527977930903603 -0.583448158856157
-0.0141541483577319 0.0105516075929842 -0.74080360057199 0.17261506272475
-0.00878507126891694 0.0195720998220089 -0.112154628161504 0.637345877652235
-0.00659887656908248 0.00768670574466689 0.304964096599139 0.348876776064733
0.0121899015295231 0.0100217643062298 0.290099100392175 0.0226139588470378
0.00242567907159338 0.0084808051448158 0.0958455543580273 -0.176422226405875
0.000944332651446884 0.0101251578358825 -0.089394914300494 0.0903452289136899
-7.15768519141769E-05 0.0190660704358816 -0.194986513651673 -0.100975400671464
-0.00448958785256819 -0.0190581033486426 -0.0774485171775507 -0.371314679811314
-0.00390975626970507 -0.0236032372470747 0.440343825361157 -0.38090107499797
-0.0114227580398654 -0.0209370241124324 0.697660143076289 0.236897327847659
-0.00651173539121852 -0.000342632726350543 0.237827588872696 0.709371659096285
-0.00553839093787281 0.00525831149583346 -0.199784866787086 0.453797933556153
-0.00432912292889854 -0.00618468353013277 0.0576510093056785 0.00291912500017253
-0.0109710096152331 -0.00350952745073103 0.0826513679358803 -0.495153404144078
-0.0235647479894734 0.014132089927883 -0.547048443683781 -0.561314130140996
-0.0117365234510077 0.00903378438985323 -0.732701943182614 0.201378529482327
-0.00791606517735384 0.0154985808771594 -0.0874905412004004 0.63682024515868
-0.00113041955592527 0.00994309273166093 0.315148670550553 0.337244292403464
0.0167538770176314 0.0140570119615438 0.288913503529591 0.0164466522492924
0.00603340094835536 0.010199838635362 0.0908609699800981 -0.176476495175604
0.00316145297130979 0.00995643699890129 -0.0936379237777806 0.0913274207187122
0.00212127116582271 0.0218041202653417 -0.1928621718683 -0.0972038386837665
-0.00171963821292786 -0.0158210821473709 -0.0748589799422834 -0.376807935391365
-0.00336855139099822 -0.0257351523279265 0.433514553154217 -0.394490265495729
-0.00585337620894086 -0.0200951621549839 0.697830003199659 0.226661698673546
-0.0014142026235035 0.0138593617599259 0.244249707370029 0.709024294831682
-0.0121628959849585 0.0280103609185047 -0.193819502665043 0.460370864934526
-0.0163435635882981 0.0168539521998392 0.0588435726363445 0.00592595377116904
-0.00880283027974197 0.0176392832398294 0.0860689601724727 -0.494227211451478
-0.014017314510219 0.0215610509335299 -0.545291899360135 -0.564028267311399
-0.00813051216968572 0.00553310017482777 -0.739727849957794 0.19741382207979
-0.00785425372140314 0.0137544858663069 -0.0957897361759939 0.630315402560282
0.00143605369627412 0.0137913769447844 0.314619819218621 0.335873988138163
0.0202948069966271 0.0162134101384531 0.290414513657992 0.0202678123967527
0.00914220976102702 0.00999220532819194 0.0864880360396559 -0.174231185233095
0.00511655263705758 0.0109201490205328 -0.0983636654555192 0.0935813737367353
0.0030289190332385 0.0250188280371602 -0.194707913609189 -0.0887993045665761
-0.00254836020821776 -0.0118642595828849 -0.0906637765271189 -0.3752348575579
-0.00110113357928446 -0.0249556339911278 0.406148374067726 -0.424614060613622
0.00048843678282225 -0.0196781945799304 0.702829153070898 0.181607326092558
0.00582427699705569 0.0269007729911333 0.284467267135376 0.695782986397252
-0.0188181724228217 0.0477853310948825 -0.176330252360432 0.472482675761272
-0.0274060203772959 0.0365524763838071 0.0562679286751152 0.0165055692422884
-0.0104326693740044 0.0375750489318942 0.101955884221968 -0.482067637896087
-0.00568504982768005 0.028453259350508 -0.519543739349489 -0.588992416179324
-0.00316508216376413 0.00223350011640185 -0.758337649124319 0.151271169115424
-0.00572484520528337 0.012600445170322 -0.132826380531941 0.618808854999974
0.0036236894575819 0.0168695604821081 0.298800677190155 0.347807907561617
0.0207725790322101 0.0188378339133584 0.292547026810266 0.0317527213381654
0.0134887846237888 0.00974270446540586 0.0864853762331231 -0.169637956903124
-0.00162664614867486 -0.00220161459740827 -0.0768352309090392 0.113783203993482
-0.0180154180860627 0.0054915586345136 -0.21887396331019 -0.0459326875054238
-0.0284390486763012 -0.0122514515178369 -0.223106830914581 -0.302951790768544
-0.0069655927828625 -0.00775255547132757 0.19174373604226 -0.517225016821732
-0.0124866270352849 -0.0216015236460179 0.680575408116574 -0.125816164594935
-0.0109307434473594 -0.0225456404684399 0.504118502975753 0.520271768181965
-0.0160665473795926 -0.0339727783633425 -0.0696878233397091 0.533239456811128
0.00259253714522931 -0.0549648281323029 0.00696641858844218 0.0934628705397637
-0.00824472072865139 -0.0564875526922183 0.204286603320204 -0.389247498632107
-0.0324688067454723 -0.0217403080348959 -0.262964362448511 -0.762548223824813
-0.00617306864902829 0.004387319459306 -0.794642139217496 -0.198246965057659
-0.00882116623793245 0.0220868280900174 -0.399083366776115 0.532933485195729
-0.0268779691184473 0.00644609419767391 0.163544819255463 0.443967624976241
-0.00830865193418648 -0.00235720379574463 0.2874117781422 0.10465876951098
0.0039630880351367 0.00150037054319158 0.123142313804659 -0.154345546256394
-0.00326553191605761 -0.000465750122686718 -0.0766153623825277 0.107726956136646
-0.0161230074844035 0.00600001162592663 -0.217101656652934 -0.0621772033160285
-0.0252380798851151 -0.0160515705561942 -0.194404673433554 -0.321211354101867
-0.00879006977995981 -0.0106935954224804 0.260042113372043 -0.491569864047347
-0.01689570916624 -0.0218602534713181 0.706111510083549 -0.0383331129586303
-0.0161216029918992 -0.0264497130125855 0.447929084928406 0.577243970911822
-0.0108114957138699 -0.0419588248383856 -0.109524377443731 0.51551690699985
0.0104408071230899 -0.0605852110853879 0.0178240434514618 0.0712044111199079
-0.00837238836827094 -0.0612393801616577 0.177862827133723 -0.4228401004703
-0.0382364211108274 -0.0203120713019549 -0.342561410400912 -0.727536061804817
-0.010789607233511 0.00673503716359346 -0.796129692332068 -0.0915254384165803
-0.0105395860862735 0.0213888253181159 -0.325044383582948 0.576941291306233
-0.0235188010671978 0.00496848808153511 0.205664075128406 0.424453982622514
-0.00486030121197822 -0.00184860783940292 0.291251350686655 0.0815218098450499
0.00138266673559768 0.00360374625550098 0.11816178621656 -0.161372899665318
-0.00359208566608609 0.00184379756014124 -0.0775568455803005 0.102318106318632
-0.0136783654999026 0.0085558352282335 -0.211517484536707 -0.0781127277077123
-0.0209909738122296 -0.020107117042074 -0.158445964635172 -0.340345489851646
-0.00809725940621624 -0.0143945964756817 0.329462636932252 -0.456050421530136
-0.0201108748535158 -0.022623256368467 0.719985641056805 0.0590394494125939
-0.0170490266744224 -0.0283397676325808 0.380113058180229 0.632217232112087
-0.00441610843755008 -0.0405325656482289 -0.146796000844948 0.496275097289793
0.012165779522357 -0.0575482892375846 0.0303402562734676 0.0479092075951293
-0.0101744175467295 -0.0569423154974969 0.150086444434918 -0.452392665388374
-0.0397937333968587 -0.0134774114527204 -0.42119667077014 -0.682591919929955
-0.0134870934793544 0.010250167325645 -0.785843176689422 0.0149300041604875
-0.00970478318741238 0.0215961926579376 -0.239416369487607 0.611549838294525
-0.0191425814481284 0.00540387583290405 0.247747709503784 0.402420256785558
-0.000688798689899777 0.00187248619514306 0.294226944890115 0.0582022092977572
0.00134542461516055 0.00488219639782923 0.111757203079462 -0.168545875551453
-0.00284150404663567 0.00538994475115375 -0.081649464609437 0.0962299116654548
-0.00855042265817968 0.0122995608133999 -0.205643910676312 -0.0915451829706337
-0.0144463457801318 -0.0213380114286114 -0.122119744657859 -0.357672211486135
-0.00764385398358757 -0.0183730743955293 0.387531443993583 -0.421532825008388
-0.0182079873551083 -0.0238543379537916 0.719300694459578 0.145803453717701
-0.0150933135615531 -0.0231135222989071 0.311841875614902 0.674166844239186
-0.000506773477684659 -0.0314136574998309 -0.174847685249627 0.477144502702879
0.0105126619488859 -0.0468481585324145 0.0417821959988824 0.0270375389882034
-0.0110752340448182 -0.0445201848481442 0.120557127404975 -0.476074728608297
-0.0389490189451504 -0.00372098822322715 -0.483334035860811 -0.632565122259797
-0.0134142505582233 0.012631019672495 -0.766931390400909 0.1053971072948
-0.00928497635579282 0.0207512787446494 -0.167376860607069 0.632285859876159
-0.0130259545792224 0.00682582253754269 0.281848143336275 0.376210991608212
0.00624077911773191 0.00502556459389944 0.292800551197384 0.0379363404663968
0.000550238755140582 0.00710029415247429 0.104779500113925 -0.173741806437079
-0.00226137678070067 0.00675624615294062 -0.0859905057894398 0.0921154500397066
-0.0036086724365 0.0152103543965736 -0.199420791998329 -0.100494513965111
-0.00929598500937338 -0.0210905185853816 -0.0919382888577897 -0.367607277033792
-0.0056600982867578 -0.0217638048326271 0.425931131631333 -0.392665908109751
-0.0153806243755701 -0.0239004895211162 0.709849869553257 0.21249448921646
-0.0117764053059569 -0.0136943406176954 0.259076520009184 0.702980513593532
-9.18427609996053E-05 -0.0159166303737193 -0.195958327745218 0.462197803874425
0.00380267275586255 -0.0273047081433852 0.0514830708840333 0.0107625027146601
-0.0115841798766966 -0.0259156905981178 0.0988785710898143 -0.492300170061561
-0.0326727239581672 0.00494986493046654 -0.528528724428289 -0.592537971989278
-0.0146885373081082 0.0107494658771062 -0.749610071537323 0.170341566953962
-0.00938919947835342 0.0185945850173009 -0.114869283261261 0.639363054582622
-0.00687721428352536 0.00773081296814405 0.306283337035018 0.352703261698272
0.0113531843269459 0.00924744376095822 0.292490181668334 0.0234904333542947
0.0035991135984639 0.00832985655526201 0.0981870154105826 -0.177140140460395
0.000165424569420798 0.00968710457623308 -0.0922757376134372 0.0901911872737303
-0.000591464566964072 0.0191056737187514 -0.195193189522822 -0.101126103124145
-0.00446839039772048 -0.0187765698760469 -0.0747553179144088 -0.375682882504867
-0.00464685796663984 -0.0237958447131755 0.4468605090486 -0.383415751396287
-0.0110907013239319 -0.0222617733114352 0.701950381452388 0.243266204627479
-0.00803330797631785 0.000497874335531811 0.234372003303979 0.715655686938659
-0.00510926506778516 0.00621786082191451 -0.203357715026323 0.456285239875554
-0.0047996673058335 -0.00616594706468846 0.0572921993077343 0.00324018729316368
-0.0107136941942441 -0.00451376515641903 0.0873882620761684 -0.497722981109074
-0.0249473407664265 0.0143523564138541 -0.547395834386402 -0.571706944847921
-0.0114774643155829 0.00968738351186638 -0.741153320410398 0.196294550685827
-0.00831514716834912 0.0165230391466574 -0.0905469646689469 0.638179968645852
-0.0022338251381735 0.0105410808485822 0.31734590326662 0.341151930624288
0.0169911039812415 0.0137366104756907 0.291344512169479 0.0187484268745788
0.00533999713551099 0.00992501477614839 0.0940501308058927 -0.177969786906023
0.00242353637889905 0.0100559241959547 -0.0976493601988428 0.0905875702992352
0.00217568864720841 0.0222071617318281 -0.192954417724481 -0.0993369880897262
-0.0028665013449909 -0.0156691200832306 -0.0721447834602944 -0.380079261125863
-0.00237458468291752 -0.025084941480322 0.442464952857914 -0.396030083202933
-0.00542329552148876 -0.0202771725110729 0.702749869926826 0.236015957724885
-0.0015568690229691 0.0150672161959997 0.242998738612493 0.716831843542151
-0.0122682082670106 0.0269832914875642 -0.197320573603867 0.462088786460755
-0.017065740964249 0.0172962289942209 0.0593679940019959 0.0063887279257004
-0.00915917483420105 0.0184477018696102 0.0910059262123667 -0.497565233927081
-0.0156183575115833 0.0225301969738401 -0.547436830261561 -0.571920028784121
-0.00885761043400766 0.00565275170911979 -0.746983115267184 0.191289529476651
-0.00777408478897865 0.0143908016548424 -0.0978820183407143 0.633323098532331
0.00146686088593489 0.0139471598200357 0.314970642985644 0.339142364796158
0.0198265167668084 0.0166685444068331 0.292815520358387 0.0229305021368924
0.00795589713592338 0.010474009025602 0.0895206382032809 -0.175118600701926
0.00486107819320289 0.0102899191010035 -0.100534464804848 0.0939101052308325
0.00233708231175671 0.0239972745976701 -0.194438535123372 -0.0912741034508641
-0.00385537092148824 -0.0119565862597292 -0.088463289593028 -0.380481379406063
-0.00163911728679731 -0.0253333866138978 0.413715325020982 -0.427956578864155
-0.00125979193753524 -0.0186108840503823 0.706394554736838 0.188051194427313
0.0049813789348459 0.0270376713293295 0.281379714096292 0.701943963808427
-0.018213766741891 0.0473524488188032 -0.180394751061322 0.473979008262436
-0.0281990313989201 0.0362080391642115 0.0562644494740676 0.0178383446267926
-0.0110466404422057 0.0385750669751063 0.107027534636075 -0.485078970600151
-0.00511741923313951 0.0288509183414042 -0.51948344566265 -0.597280846034526
-0.00340361773428561 0.00215657191188061 -0.764955140458561 0.149606281599893
-0.00676288097688257 0.0128364945561241 -0.136027823178313 0.622890752677942
0.00300914915200207 0.0165889894605106 0.301404199026621 0.352944820010543
0.0197066341702233 0.0181455823281069 0.294294957195131 0.0334337750215165
0.0118953881766312 0.0101328157184182 0.0887921137625514 -0.171220850802365
-0.00118227686122782 -0.00244622760026656 -0.0786923929004352 0.115362903799729
-0.0191169757129049 0.00644459887951179 -0.219313755829903 -0.0465259481879867
-0.0291746901789812 -0.012453322214216 -0.224158671363919 -0.307745294248595
-0.00699906801098659 -0.00797700874131065 0.197244704069842 -0.521896320261085
-0.0119113658032045 -0.0219934450390971 0.688628775730982 -0.122929815072021
-0.011400282837598 -0.0232409609239182 0.504411228840577 0.530200323491627
-0.0148658615204518 -0.0344980610707977 -0.0741089741422222 0.537751256495323
0.0032125049132884 -0.0555784689210596 0.00786848643028196 0.0942844627888207
-0.00728222234000882 -0.0570064334033363 0.208266686513526 -0.390311480933883
-0.0324336827957373 -0.0220068213883577 -0.26058663020435 -0.77096028871076
-0.00613642207946314 0.00511058190534889 -0.801106244115714 -0.201249876523992
-0.00938710735416804 0.0215043433960196 -0.403484139748196 0.533287758370764
-0.0277735798956041 0.00655936351443265 0.164655724031146 0.448423701334066
-0.00903823082281257 -0.00348214102236603 0.290898351176222 0.107036195640141
0.00293204492322917 0.00102424191104434 0.125364653014465 -0.156226228049301
-0.00335683413151709 -9.31474135141466E-05 -0.0782402160885155 0.10795639319356
-0.0164831763412014 0.00710735559529935 -0.217971524739913 -0.0636177131126636
-0.0259907143228654 -0.0166693661718619 -0.194867436367434 -0.32629141538788
-0.00824441904584716 -0.0107316179803009 0.265725181471296 -0.493812667831473
-0.0174760183602816 -0.0210266944955368 0.713057169354576 -0.0328640560342258
-0.0158253709898093 -0.0275090556632543 0.447108938635079 0.583443145108238
-0.0100990392687208 -0.0419581374528949 -0.113101581186362 0.519976012296424
0.0102018121876407 -0.0616155044551114 0.0173988337206808 0.0717258848254976
-0.00785108052050761 -0.0616595281394311 0.182490941678225 -0.425250444984975
-0.0377945531943169 -0.0204890725255986 -0.343719577425233 -0.736787569463973
-0.0105366251324145 0.00740750453924181 -0.803753990684566 -0.0969875370135648
-0.0101198958334858 0.0217517597013226 -0.328311581902701 0.581715353954836
-0.0236072661845437 0.00558493762529911 0.206358222392421 0.430542041517605
-0.00417641503875475 -0.000958610799606031 0.294749914058606 0.0836294147761506
0.0020855909785702 0.0032412246229028 0.121179082832156 -0.162402119457655
-0.00337345283543108 0.00165046724798121 -0.0811887241783874 0.103053948836561
-0.0127903029704516 0.00841750657444954 -0.214529079433466 -0.080212881712525
-0.0207066476878211 -0.0198537831665883 -0.156242299960012 -0.344913289499405
-0.00751062580609593 -0.0147532639704195 0.335247696699639 -0.459211648396298
-0.0194394739269609 -0.0233564266425383 0.724799470539783 0.0623761837860839
-0.0167489370641122 -0.0273724429804458 0.379532990084554 0.637366558840993
-0.00471144301290216 -0.0417916008061246 -0.150740953778892 0.499500919165274
0.0132159517164366 -0.0582311474779132 0.0308905319284286 0.0481937516893122
-0.00937975480891265 -0.0563229039407706 0.15472003441006 -0.456943098510931
-0.0399654166418402 -0.0136223469449427 -0.42127500398194 -0.693153403262254
-0.0130519542807926 0.011014252625652 -0.794367014928749 0.0116332488435451
-0.00967832926619212 0.0209553987177034 -0.245312002716099 0.616848474230352
-0.0187105505229099 0.00481767160807878 0.249250748895571 0.407134086699154
0.000833196618166563 0.00101777961453508 0.296182100875196 0.0603818147562355
-5.7236191081611E-05 0.00595981355674816 0.11552373318458 -0.168800575022608
-0.00280967738467193 0.00447079400228779 -0.0835263894269887 0.0967016124983462
-0.00914404568983565 0.0113619000727692 -0.206940280292838 -0.0926566373081089
-0.014645381164875 -0.021825916607737 -0.121112377749115 -0.360564204133823
-0.00679655688298712 -0.017954209092428 0.394786574506352 -0.422842551163001
-0.0188950561386019 -0.0240198759683143 0.725686315935078 0.153556832293362
-0.0147953569853318 -0.0234371451944553 0.309940638429917 0.682373213410353
0.000463321384434017 -0.032114162883772 -0.180571475407103 0.480948185076172
0.0108100966036844 -0.0466006941634787 0.0416232970310111 0.026240663956307
-0.0112800337049423 -0.04484649677118 0.126842971369936 -0.478299934303567
-0.0388372706037139 -0.00461230389308178 -0.485038747669057 -0.641613998117113
-0.0147498001689222 0.0111583239304603 -0.774393164363996 0.101977376829044
-0.0101626153908678 0.0198657006828969 -0.17183132963954 0.639030769779867
-0.0132494599107567 0.00733510468795795 0.283207869096098 0.381476499810484
0.00581704426102608 0.0051550108970291 0.296872209093861 0.0394752799249451
0.00148429018737473 0.00706194727232392 0.107993969379796 -0.17513931385864
-0.00125908239961771 0.00774902499618443 -0.0880269209576275 0.0932015488677884
-0.00419055671684155 0.0159183243092832 -0.200955620112546 -0.10118938135691
-0.00867736567809011 -0.0206075356291344 -0.0908405817469212 -0.373634876723859
-0.00575625336056748 -0.0218111207610122 0.433975622985023 -0.395595176799666
-0.0165672998069128 -0.0241042019311405 0.715504763622575 0.219693779468537
-0.0113496206977151 -0.0129690952325505 0.257038830463239 0.710132941838164
-0.000234277964935211 -0.0152779282526202 -0.200658680317004 0.46495259506195
0.00497860255269476 -0.0282638858160437 0.051373825640016 0.0120020989520634
-0.0112138940674825 -0.0258954000998242 0.102921725793384 -0.494947090479637
-0.0338550966776446 0.00485221831342643 -0.529695351808971 -0.601297991345031
-0.0145701720374028 0.0112168330628304 -0.756526439776542 0.164977591526169
-0.00894060887060937 0.017870967447692 -0.119706234147746 0.645040081902752
-0.00804090773497046 0.00783821429742165 0.306853928964643 0.358048263426946
0.0118886893424429 0.00992016756439899 0.295950602379653 0.0263836659428132
0.00250790609504673 0.00847786772850383 0.102472518475719 -0.177962742416635
0.000623801279345143 0.00889477639968469 -0.0947648116977361 0.0924945549041536
-0.000937569059067819 0.0190179581120241 -0.196389043309906 -0.103936705454767
-0.00507139222963198 -0.0189219446582714 -0.0734654830919669 -0.381353927785215
-0.00371100267937084 -0.0247756091467761 0.453239741996353 -0.384925510883746
-0.0113952013239978 -0.0224984207425327 0.705938514390132 0.249427943799788
-0.00806223712360674 0.000380289968645883 0.231524958271439 0.723571276672508
-0.00513203459649477 0.00492370596936732 -0.208728404156693 0.459134127056258
-0.00462827766772281 -0.00627463028654422 0.0585033875377856 0.00497392573939846
-0.0102562759291383 -0.0028636319413026 0.0924170717211384 -0.503153291827845
-0.0249214522000613 0.0147872758575548 -0.549191553826329 -0.579925188843194
-0.0122230221587226 0.00869108601482169 -0.749902424990449 0.196943479938881
-0.00833839649276519 0.0160525836591494 -0.0933785502679714 0.645202764711783
-0.00104640602654224 0.0111029335065212 0.31808081341406 0.347138515234125
0.0171286208949767 0.013952259442278 0.295884734718211 0.0201359785953613
0.00503736786229988 0.00991649410850238 0.0957326846680368 -0.179723035154708
0.00199694868205663 0.00958723270204107 -0.098328506754424 0.0919078286475289
0.00184679905457674 0.021613715605586 -0.194639770025467 -0.100607865147726
-0.00223534111734002 -0.0160183811802757 -0.0717295464149759 -0.387422158699268
-0.00149294309265485 -0.0264707138751771 0.450113442970296 -0.398035524687465
-0.00526445242227394 -0.0200204374137971 0.71042811424132 0.242678576076468
-0.00249779390637639 0.0155094863241851 0.23904180783992 0.726740250101281
-0.0115731687013021 0.0277424861946497 -0.202981275893092 0.464092346874256
-0.0157495271754849 0.0164330322605054 0.0604747105935809 0.0060298787985177
-0.0101460950809196 0.0174191756669068 0.0951263160262219 -0.499887692800366
-0.0147632915155096 0.0227226388862325 -0.549862500065901 -0.578972599104411
-0.0095296388101281 0.00620267880537085 -0.755224721528863 0.191331423312715
-0.00782992012123362 0.0130906338866928 -0.101694428433918 0.639189668346213
0.00107950693997088 0.014425680796708 0.317150617886724 0.345028408638529
0.0201852005078245 0.0162438447135225 0.296419192906322 0.0234116329539976
0.00909197234083352 0.0107217839792552 0.0919917976774361 -0.177258633453573
0.00420261788718373 0.010680539339591 -0.102753065975744 0.0948182207209181
0.00177508909351955 0.0237448449526673 -0.195951308959051 -0.0922441715545086
-0.00393073206372893 -0.0112314845790596 -0.0869346861519151 -0.386486027711837
-0.00131146084039682 -0.0255964016789912 0.419061667028054 -0.430287852878302
-5.14833514530496E-05 -0.0188330215807294 0.712997633781838 0.194527649830988
0.0039912668304878 0.0286400631495754 0.280663020698299 0.709733083530836
-0.0165838949666515 0.0488584685365599 -0.185010768565842 0.477007185542686
-0.0286564459618121 0.0358404830388655 0.0571491563549289 0.0179515848209919
-0.0104164250244862 0.0375223077055859 0.113730822824108 -0.488783772079781
-0.00629604924202393 0.0295088511366499 -0.522936274451368 -0.606274425144622
-0.00345167318193882 0.00213339917454443 -0.774307206002244 0.14647551821185
-0.00617923252972624 0.0115341470386597 -0.139382600513757 0.628412138462056
0.00255641688582419 0.0178474849047443 0.303275948412653 0.356193561543874
0.0212627986427365 0.0187372734250235 0.298657429262626 0.0362723565525623
0.0128639573063714 0.0109367416122873 0.0913111424019151 -0.172624795823138
-0.00220597867787984 -0.00246569453940056 -0.0811043903323447 0.11664801302211
-0.0185132592576642 0.00596716637025624 -0.223212868724601 -0.0473735385753538
-0.0297505439473346 -0.0124506741002144 -0.225947980260437 -0.311902701872673
-0.00733781929944207 -0.00792757475549384 0.201019052382399 -0.527693002841064
-0.0126376039754603 -0.0215012885197527 0.697813788519615 -0.121205781370092
-0.0119013284608428 -0.023444444804206 0.509675264162934 0.537797520325254
-0.015076222930042 -0.0345372827646997 -0.078202742475915 0.54383484609005
0.00473710138103649 -0.0566703028069957 0.00727765441434571 0.0954497125887628
-0.00648518637826748 -0.0572856582248299 0.213628588930844 -0.394523479386485
-0.0329695503328587 -0.0214956632227589 -0.261718779850281 -0.780532867603193
-0.00583602355361715 0.00491345014172041 -0.810029237810644 -0.209439548733052
-0.00786257421940514 0.0228405800161138 -0.41218026179205 0.541081486638875
-0.0274420250271963 0.00611281516273863 0.164821136164341 0.455422605971184
-0.00917164408616206 -0.00380209315898955 0.295085565678742 0.109072954419522
0.00400909245681756 0.00117339591452186 0.128988241702913 -0.157896944308895
-0.00337584924456116 -0.000774463626556546 -0.0800979208804904 0.110386339481244
-0.0166520395406314 0.00740517362458421 -0.221055785840884 -0.0655627351806481
-0.0266458004173995 -0.0169060369008961 -0.195419071946907 -0.332691657654979
-0.00813905381279189 -0.0114337037154596 0.271390163331558 -0.500865800434461
-0.0169860022291079 -0.0218434775986724 0.722280149181653 -0.0291890710206194
-0.016075065839932 -0.0278882558899658 0.450976829167849 0.592851569807329
-0.00944165569113953 -0.0434767332403061 -0.117582856587954 0.525024624575178
0.0110605795406643 -0.0618441819175639 0.016938818668801 0.0738959588731842
-0.00803599687881227 -0.0627290909570176 0.187731343590475 -0.426993704752992
-0.0372094999255005 -0.0205221384861589 -0.343663355049328 -0.747042465961609
-0.0108498968789127 0.00671082075445097 -0.813531435935284 -0.100928766512773
-0.0099225800683538 0.0229724796953818 -0.335743273507669 0.588911114170348
-0.0241068433100288 0.00469261259834467 0.207221187571737 0.436918669246639
-0.00487937901529823 -0.0010133383678687 0.299372499606572 0.0856504519115426
0.00126267240778143 0.00247522075895536 0.123884377194075 -0.164811052356237
-0.00387286208510989 0.00147149524655482 -0.083608714192289 0.103534868694047
-0.0129937173879362 0.00839425507958608 -0.216886425488722 -0.082011788500961
-0.0217755194485619 -0.0202513624904172 -0.157220539768159 -0.351001288342343
-0.00801649599588026 -0.015006819099804 0.341066260303227 -0.464910725647975
-0.0201570865978691 -0.0237114733572552 0.734806226527393 0.0667790820855017
-0.0181550535692819 -0.0278143814290874 0.381842975035586 0.648722340092057
-0.00307837730736127 -0.0417746230532743 -0.154345647050522 0.504260980426404
0.014003515634661 -0.0579645126129312 0.0308551466134208 0.0490715113385801
-0.00983584092464897 -0.0574919337210149 0.158895417048134 -0.458962470199018
-0.0407766699067602 -0.0141572076948087 -0.423113664791583 -0.702386558948539
-0.0134931671513465 0.0103545761638508 -0.803045675163077 0.00918669917894509
-0.0101120929688179 0.0220034030431583 -0.250820239984677 0.623952773437804
-0.0193408741269321 0.00554386574042957 0.249234792413437 0.411715316391612
0.000254210056386126 0.0019532533352391 0.301267290905311 0.0617154918539334
0.000290931156096149 0.00423785843132479 0.117753161142202 -0.171606427787855
-0.00408048046493082 0.00493935900003744 -0.0864723219148735 0.0977065092698014
-0.00847114756671545 0.0117617660156053 -0.210095973821484 -0.0942339422251413
-0.0154918128905695 -0.0223307629201847 -0.119943751299412 -0.367446375792252
-0.00742700416292157 -0.019364146127845 0.400109880092 -0.428853719855668
-0.0189891575277096 -0.0237419697101439 0.734115600900556 0.158329896478667
-0.0151869628763785 -0.0237013716704291 0.310793088935172 0.691559885024812
0.000777171753973616 -0.0319781412332366 -0.184961616210187 0.484134553731217
0.0124618147175873 -0.0473574149273559 0.0430122304754734 0.0275540188162183
-0.0113820549120989 -0.0450489983919656 0.130811344300336 -0.483950896357558
-0.0391517597009942 -0.00450438823123907 -0.488365489043732 -0.65284615048293
-0.0149899409831886 0.0116608081162076 -0.787787020941915 0.100112436901616
-0.0100208680288811 0.0207903650657492 -0.177074101893664 0.643803421996459
-0.0129894753339668 0.00588516125908619 0.28449838157842 0.386286935771173
0.00612647455863934 0.00560795758747928 0.302196427247369 0.0426459775915701
0.00117666617282002 0.00697117273236631 0.111064189279136 -0.177306241523402
-0.00181579920565349 0.0065706819794895 -0.0917995291494865 0.0944440597361921
-0.00438291148775612 0.0158410203891091 -0.20298043763286 -0.102622671296218
-0.00921264256471064 -0.0216460427534149 -0.0896715692056087 -0.378814751861725
-0.00561881103290882 -0.0217642753517753 0.442077102882404 -0.398443906970842
-0.0170604222489391 -0.0240305650827181 0.723374080296362 0.225884826961342
-0.0123114534685765 -0.0134273791730668 0.256415670222181 0.720471085777987
0.000863432616262191 -0.015937879904219 -0.205251349497284 0.469891746869314
0.00591770682174073 -0.0284638476438143 0.0532014515767584 0.0120952627522623
-0.0117742908848433 -0.0259633785578967 0.107988549195586 -0.499863597621627
-0.0342415198831381 0.00611056727796341 -0.534250886691594 -0.611527328323005
-0.0145509985586571 0.0116097194178197 -0.768760368531375 0.166455228307222
-0.00866055367759035 0.0186322241890706 -0.123408328581032 0.652101748381966
-0.00744506786846519 0.00925615417366909 0.308310426361963 0.363915345416468
0.0121305215761464 0.00983249450944422 0.301492740193302 0.0276127693597377
0.00196565621481223 0.0087995477069943 0.10457214057814 -0.179804119028918
-0.000338786873824387 0.00814196116509331 -0.0969873084998615 0.0928217859996852
-0.000206563443515026 0.019283218918757 -0.198270067809727 -0.105595851044858
-0.00476002221630461 -0.0191807979665403 -0.071759230156992 -0.388343423314363
-0.00360862259363239 -0.0248874005268055 0.458825147808736 -0.388411087343308
-0.0121193700730484 -0.0219129732630137 0.713117010730629 0.255246349521161
-0.00851064124994232 0.000909638474807618 0.231981417467168 0.734440217047392
-0.00493932256846397 0.0056130317880706 -0.21236005978248 0.463040389081605
-0.00454828573874657 -0.00674953939061182 0.0584506956816001 0.00507780981508508
-0.0105029931409704 -0.00415536924128183 0.0957433456325322 -0.507708240705144
-0.0258671522325906 0.0146195103022708 -0.555613758118756 -0.588766659484277
-0.0128448500658915 0.0090777615378924 -0.760264323011867 0.194710730636394
-0.00875043878842009 0.0162222375742185 -0.097968200826961 0.652044553518245
-0.00148102574664714 0.011498605204286 0.32236465746978 0.352188576220226
0.0168420852120139 0.0138636270358329 0.298963011317011 0.0203988880691564
0.0054159103957045 0.0101911173122855 0.0985129157332328 -0.181088536443905
0.00249763625720445 0.0104039599612865 -0.101940733863155 0.0934455335704613
0.00103648585600634 0.0228577700014564 -0.196555470338661 -0.102111712124445
-0.00309247791638295 -0.0164918241511583 -0.070233246981256 -0.392176910058481
-0.0028660543705055 -0.0264407204522936 0.455480082843767 -0.400629012407718
-0.0061680847227332 -0.0197187423510978 0.716158638305329 0.248195085133821
-0.00224931537635237 0.0158458936994996 0.239639524760248 0.735885581427993
-0.0112814831518529 0.0272908514010371 -0.206521264341986 0.467749767750922
-0.0161467791843857 0.0167273125324638 0.0611473708358226 0.00797795458754855
-0.00946435477515123 0.0189044513811778 0.100245487473876 -0.506206163659239
-0.0155713700615809 0.0232130829011114 -0.552700977797904 -0.590360960518229
-0.00958139988307542 0.00564120189060903 -0.766653337399208 0.19074704058384
-0.0075416859543128 0.0143096736382914 -0.105725585267316 0.64577714149577
0.00185286269542818 0.0146722434754301 0.320920554288116 0.351079727975719
0.0204547601081053 0.0168167762859299 0.301200053061942 0.02476941531328
0.00817487705212014 0.0105189341215524 0.0954085301204864 -0.179649590051062
0.00397989440333112 0.0102678115198726 -0.106475203942748 0.0942708350165054
0.00212138426345611 0.024598852456065 -0.199527038976069 -0.0937418353980699
-0.00432517234024508 -0.0121507002001547 -0.08602515134801 -0.392114710065784
-0.00146780166314318 -0.0270176057456754 0.4279010770686 -0.432342508885376
0.000538351643018319 -0.019111826990296 0.720388331167008 0.20084844367773
0.00395470304913055 0.0287766859959292 0.27977045173042 0.721481484850334
-0.0183939800511978 0.0467589476467606 -0.189749641899164 0.482066923155496
-0.0284105501335649 0.0367617739727736 0.058198882177196 0.0200353222194393
-0.0101824447467432 0.0382307310020645 0.116185880791736 -0.492649136601977
-0.00518849679034058 0.0302190302574415 -0.526648384960061 -0.615856213340892
-0.0029135699831286 0.00169427573904721 -0.784697479756115 0.144325422279588
-0.00630247345181374 0.0123309366736296 -0.145302072713328 0.635161041632886
0.003200183086155 0.0178602702749544 0.306616396495379 0.363921969542442
0.0199295709019801 0.019834528829142 0.303376983095328 0.0378477485120261
0.012151597538029 0.0113186423583705 0.0937846577127645 -0.17420773753241
-0.00240733501475527 -0.00243893241718999 -0.0834712435856008 0.118158463785717
-0.0188637725347907 0.00524711201466539 -0.22568406003642 -0.0492440059898692
-0.0302528217268032 -0.0127207609902549 -0.227188460679696 -0.318528729339861
-0.00700353188690011 -0.00846171977577387 0.203103433003824 -0.536396768354895
-0.0130053098877387 -0.0216836476531857 0.707518964247647 -0.124073275963261
-0.012213116782573 -0.0233217106223319 0.513245819126171 0.544671280369245
-0.0150152652138866 -0.0354073100878141 -0.0792881428150033 0.54976462559901
0.00399760359622094 -0.0564345137986653 0.00691813026278235 0.0973414871972112
-0.0057884884992519 -0.0581796428921513 0.217379737750372 -0.398085698578572
-0.0332953551460219 -0.021171086581404 -0.262694844443017 -0.79315817840208
-0.00574356622821445 0.00423918290483178 -0.821060512715836 -0.212449743264135
-0.00910424358829657 0.0218912321089088 -0.418504651347015 0.545963200882903
-0.0277857521505827 0.00728623964046384 0.164877176707546 0.462432342489928
-0.00973182181690339 -0.00377584362008192 0.299511986186414 0.110913437867426
0.00364925920845008 0.001516034572304 0.130611312147128 -0.159672206485374
-0.00415092111650913 -0.00113255879821384 -0.0833190766253499 0.111711654453337
-0.0162386150139396 0.00671687666459243 -0.224107908977854 -0.0660112081989383
-0.0274881413652028 -0.0169817452577636 -0.196368733612326 -0.337545416537732
-0.00773539887268824 -0.011456876549596 0.27552124727908 -0.507670945675264
-0.0179522314371328 -0.0220736849713536 0.732107976316424 -0.0290758595263264
-0.0165319529940729 -0.0272579272587028 0.45492917187077 0.601540591766935
-0.00929524211907508 -0.0435623220229656 -0.11965652296105 0.530700984949772
0.0113014711974339 -0.0623349621743144 0.0188941364498482 0.074592267821383
-0.00663663849815864 -0.0637156823325762 0.190540834085464 -0.431576742048133
-0.0384465567609454 -0.0202370522850125 -0.347127065534242 -0.758451713612142
-0.0114430721731112 0.00779049362483126 -0.825535683636048 -0.104672657606168
-0.00946743195993785 0.0231777814602963 -0.340364537137161 0.594192376384974
-0.025122759825717 0.0056460379402857 0.210540733346083 0.443319757793131
-0.00509101983794405 -0.00185174451631887 0.304042348216167 0.0869405523754987
0.00135504755473124 0.00362097744563689 0.128070609237805 -0.167307781386731
-0.00370099074774302 0.00093610757848673 -0.0860927247745315 0.10461796430844
-0.0137509336443472 0.00821155842308267 -0.218465485896345 -0.0827442173058949
-0.0223567343229989 -0.0199900773745086 -0.158355136551261 -0.358365214172713
-0.00778311501470988 -0.0157418786944954 0.347194146499996 -0.472616473751512
-0.020100728216864 -0.0233335762774251 0.743214387451239 0.0694038927234634
-0.0181653750683805 -0.0281921852360476 0.385023893199602 0.657620961263817
-0.00294207204363389 -0.0425321045691313 -0.158188648467763 0.511218705223341
0.0133867618489552 -0.0590044873090257 0.031660809866058 0.0499293389340276
-0.00889614571449423 -0.0591543978564907 0.161085554100571 -0.46368462702486
-0.0417120470207016 -0.0142653426966518 -0.42872166576111 -0.711819380689655
-0.0136653597543875 0.010409443205573 -0.814264782393802 0.00685994583241726
-0.0097438643797564 0.0221754407545475 -0.256523616616351 0.630503460400188
-0.019803706343767 0.00622966656094546 0.253697688558952 0.418822963598126
0.000624457470920733 0.0010512181227701 0.306288572111735 0.0620554980058926
0.000937291337409227 0.00526988864092517 0.12184584208723 -0.173222656566273
-0.00343970291988907 0.00373274255830667 -0.0894022619699911 0.0995841849492434
-0.00867955544854142 0.0122683957922561 -0.212466327720895 -0.0958736712258917
-0.0162078057927862 -0.0227174200021423 -0.121528976473548 -0.37357121525487
-0.00744680814314671 -0.0187395965708838 0.406694862296143 -0.433896069705273
-0.0191916431364126 -0.0238887326909328 0.743978725589253 0.161213679621191
-0.0169561584634776 -0.0232667797499268 0.313100865632588 0.699927604772877
0.00208241089300477 -0.0328647288205742 -0.18710627187058 0.488276102545445
0.01307290372826 -0.0473283102738866 0.0429018381246874 0.0300236555039587
-0.010585748458106 -0.0452413938266894 0.134823949342792 -0.490448337014502
-0.0406134772132486 -0.00473844173645066 -0.49454094454732 -0.662268190059214
-0.0153253642493597 0.0114928809538536 -0.797850811210565 0.102102863949751
-0.00944183170656158 0.0202857065380198 -0.18000270101988 0.653000351836882
-0.0129371328617891 0.006860545010769 0.288940503996044 0.392123606360101
0.00536233227469929 0.00536804310331925 0.30716787654165 0.042795614816761
0.00087789030695358 0.00807611495239401 0.114706411385921 -0.180522127078097
-0.00192542695768134 0.00601400390715143 -0.0942517215457276 0.0960955719025476
-0.00358767077849633 0.015207266420743 -0.206533679817557 -0.104229533121269
-0.00994057461809368 -0.0221999832164661 -0.0897290866630465 -0.385187578151407
-0.00592111605102108 -0.0233291415412929 0.44626119602552 -0.406947545821042
-0.0168111724631622 -0.024273486246812 0.734932350118534 0.230694402799512
-0.0122343435895803 -0.0137380058942572 0.260043995437346 0.72915979969992
0.00108901297259322 -0.016502448676364 -0.209310450992294 0.473924719860411
0.0061002328214578 -0.0289977987851106 0.0543278605221392 0.0137653913805218
-0.0119558712807753 -0.0259779803936751 0.11015917465894 -0.505757824257665
-0.0342644505248476 0.00533250436768553 -0.540114551360188 -0.620270921534464
-0.014685810482506 0.0100571643132598 -0.778285063266863 0.168612193854756
-0.00853021445977092 0.0193877592239448 -0.126623631567515 0.661900398969605
-0.00788975214754144 0.0100625981879123 0.314042189399783 0.369729651361504
0.0125752309749806 0.0102757001150384 0.306078194115047 0.0279931912556575
0.00201931305521264 0.00897599871919393 0.108250676950418 -0.183475176136835
-0.000863592434659156 0.00794906178236056 -0.0995970834989431 0.0938824092992404
-0.000242014028572332 0.019341614704951 -0.20118971793033 -0.106629907625322
-0.00514447534798305 -0.0196340525407656 -0.0727361913456883 -0.394119393559385
-0.0039170444176196 -0.0262781368257252 0.465842501652502 -0.394268027131846
-0.0112340243372913 -0.0220758633357499 0.72538980235208 0.262011508089952
-0.00895191768684468 0.00210129483234906 0.23149351447959 0.742446376701179
-0.0034716095219927 0.00516910705405799 -0.216710270713977 0.468646684779942
-0.00432276544538108 -0.00669697161531316 0.060084339756944 0.0054386699764567
-0.0115559902357982 -0.00398408189233507 0.099868779219541 -0.512512497355692
-0.0252166245850163 0.0144123538326095 -0.562490850356023 -0.597365162051512
-0.0136581872044835 0.00855164676511722 -0.769556937168255 0.196088972351071
-0.00760501626186062 0.0168917173562783 -0.100811424482698 0.6607950031662
-0.00203260448474724 0.0114781389620026 0.324467609542988 0.356113501877088
0.0169128822121493 0.0138902317018351 0.30406888551935 0.0216861429874406
0.00580957047286684 0.0104880746799691 0.101633677762128 -0.18488496869526
0.00164113130002805 0.00915020124255617 -0.106195371477253 0.094460188500489
0.00129466607952888 0.0219945173674704 -0.200209960784133 -0.105138393910843
-0.00385826074191008 -0.0146831853944933 -0.0710846113390729 -0.398774156374221
-0.00259195236053307 -0.0274335366564437 0.462537954040484 -0.404547379244562
-0.00565022943521669 -0.0203515915997134 0.724137115965297 0.253359535446941
-0.00380543850042218 0.0165660509791327 0.240011905481554 0.744173407107998
-0.0123094096035451 0.0281528859214513 -0.209707817621965 0.473896905687665
-0.0169723931275684 0.0156473125356762 0.0614338682519916 0.00796313843806961
-0.00989907917012747 0.018052113570809 0.102165597867724 -0.509107823840201
-0.0158276849586431 0.0240965481792567 -0.55979230620366 -0.597981227670709
-0.00962900054621613 0.00529885802218649 -0.776436248036017 0.19169654686638
-0.00733356136680536 0.0142654613482012 -0.108039064885966 0.654310125133033
0.00209429964079672 0.0150278378122108 0.3243495186858 0.356469100775569
0.0196626924810023 0.0164461097770291 0.306453903108975 0.0246385102934288
0.0092134910422938 0.0107729341874302 0.0977093810765658 -0.181562346483959
0.00365272183551077 0.0104240742402741 -0.108984833071992 0.0969074829533983
0.00169371637472507 0.0243518958747836 -0.201750574879175 -0.0957478784274753
-0.00439953297521048 -0.0117777777071921 -0.0853015483959894 -0.399874571995732
-0.00135939356465583 -0.0273350698330325 0.431430069009415 -0.439307932325963
9.40939813982517E-05 -0.0193044507504127 0.731674055131613 0.204172339313671
0.00280057534909906 0.0286692362627155 0.282226621042656 0.730678407696288
-0.0180690439661395 0.047921256474774 -0.191914075628416 0.485644757619647
-0.0285913385069993 0.0378898512321537 0.0587467320011208 0.0201061496307971
-0.0103832544944179 0.0387720667023216 0.121012143941362 -0.497831118888039
-0.0062567993432139 0.0314274042750435 -0.533309987961247 -0.626538023915062
-0.00415790695311166 0.00150947992933922 -0.796323784903177 0.146844235167242
-0.00699400168476194 0.0122737817451218 -0.149364326786527 0.643009294322758
0.00322367318472172 0.0186107122315824 0.309945437274658 0.367373429758258
0.0200745242299511 0.0194702920154233 0.308490539596565 0.0376209248063405
0.0125862412743327 0.0102028010978176 0.097606636134602 -0.176093029714958
-0.00305699639724405 -0.00308390374136971 -0.0867829016203057 0.120873731089705
-0.0183456755431965 0.00612464189753949 -0.229708038459892 -0.0480390868848152
-0.0312665639417062 -0.0136617980689254 -0.231681114824557 -0.323871004656654
-0.00672263269625779 -0.00908394791374666 0.205565274539024 -0.544779690216324
-0.0142504257711695 -0.0213641089374487 0.718926082495247 -0.124816103084177
-0.0129423204030022 -0.0221658107701781 0.52234723039 0.550801953372637
-0.0145594780231938 -0.0365472453575463 -0.0815811372358197 0.557790590099176
0.00443803774402768 -0.0576324871446841 0.00788326418133721 0.0994969459153838
-0.00698275737452759 -0.0577617749808849 0.221775417887312 -0.403557412302674
-0.0332296468432335 -0.02145271172217 -0.267059410405041 -0.80289057397933
-0.00660937280610209 0.00402147660709878 -0.835036921398283 -0.216486888359345
-0.00888037168396757 0.0223336180887386 -0.42391502085725 0.555504007561722
-0.0290965525249649 0.0070241201528735 0.168688020213884 0.469106514250751
-0.00856480910700383 -0.00339845620585601 0.305438604270254 0.111574229677016
0.00299447417940486 0.00101666978100003 0.132896133882244 -0.162095848217491
-0.00421486795424619 -0.00176788918402999 -0.0853094709698932 0.114226206472233
-0.0173490172804633 0.00609361697243168 -0.227192200961468 -0.0659404889804091
-0.0277987474347491 -0.0173383573257438 -0.198588033505337 -0.343498926147814
-0.00742754950568502 -0.0117536418769025 0.27978544025344 -0.516175281833209
-0.0182651021179586 -0.0227801398642412 0.743725727910817 -0.0307619322557943
-0.0172718191753298 -0.027753631844638 0.463467581692738 0.610770870401732
-0.00889835108915903 -0.0445336010713574 -0.120545128061115 0.539328775865687
0.0124691436203236 -0.0633202116154444 0.0187619724129761 0.0756453943966964
-0.00709368723105962 -0.0638108747674995 0.194089979413825 -0.4379233427251
-0.039539325055735 -0.0206304281062346 -0.353566466700193 -0.767367437532656
-0.0112228010443537 0.00787849143837768 -0.837377550530609 -0.104575657496711
-0.00980037453525376 0.0221580863539949 -0.345153320657285 0.603107749958553
-0.025120734143074 0.00595065837140485 0.21290847641173 0.449498747192362
-0.00538194186579332 -0.00221159327091942 0.309520974111588 0.0881835900289251
0.000656807641169696 0.00276880007324259 0.12915458041269 -0.169457048460538
-0.00475816753471221 0.00122847336493039 -0.0879391556679436 0.107118661499911
-0.0137219505171688 0.00887019772883866 -0.222665285078075 -0.0826735333321557
-0.0225561228475715 -0.0216221591045556 -0.160488652574874 -0.363542233928732
-0.00758898184739267 -0.0155806462942409 0.351638744141528 -0.479686139835582
-0.0202211292611253 -0.0237617061522625 0.754094652805323 0.0710397798242293
-0.0185109996458169 -0.0280535639092279 0.389878720290784 0.666750197502074
-0.00280074054188686 -0.0435365255978367 -0.159703592352418 0.517418466309506
0.0140544225186409 -0.0599800501218858 0.0306083875014676 0.0512286764738683
-0.0092484033928039 -0.060264927985031 0.165320426755595 -0.470768175736028
-0.0418040759087456 -0.0135856109268138 -0.434676376740558 -0.721945428338195
-0.0144572348433322 0.00975269290466619 -0.82740289717692 0.00770773333540278
-0.00940462201188244 0.0227930373695385 -0.257828934952224 0.639814933768424
-0.0194533125051831 0.00596208038844009 0.257726188574008 0.424705307258034
0.000495677357669843 0.000648203994517061 0.310900774530315 0.0632948786833637
0.000272038996676346 0.00495764133446848 0.122856623731998 -0.177077207374377
-0.00353068673302133 0.00268334709347752 -0.0918218550755789 0.101216771349227
-0.00944205774402927 0.0117916043271321 -0.216031937800399 -0.0972180147322837
-0.01618490549406 -0.0219069256298115 -0.1219535346395 -0.379620670257953
-0.00714773467351884 -0.0192876902449016 0.412255668673455 -0.440968134330913
-0.0196944179151438 -0.0244215611393726 0.75495158750442 0.163788969799492
-0.0175415492724052 -0.0229586205444866 0.31739894619586 0.711636292996584
0.00193971849833341 -0.0337549586988089 -0.189157130356578 0.496557965075382
0.0132267322404398 -0.0483390080261684 0.0435444505919963 0.0288688591209601
-0.0108997746073489 -0.0460556632653586 0.135797752909104 -0.496499824831402
-0.0406817892057534 -0.00415543027031699 -0.504626600655983 -0.670514658261408
-0.0153940251392529 0.0118311026264438 -0.808817416951751 0.102307167935543
-0.00918227423130605 0.0215725358913516 -0.179492484086436 0.662847413179044
-0.0137478461068484 0.00727295254523426 0.29489050108929 0.398568277208814
0.00617937218626865 0.00538314064912522 0.311683786388569 0.04211987155467
0.000665470786993302 0.00697814675273266 0.115633802728211 -0.182967110218031
-0.00299161980956464 0.0061865227392655 -0.0967362469843054 0.0976962514291795
-0.0048503875931079 0.0151595952501328 -0.207908318255012 -0.105972206914446
-0.0105049393050461 -0.0217800781123371 -0.0906346126784493 -0.39232836864098
-0.00550015814284838 -0.0240612997474706 0.453614896652236 -0.411955185388237
-0.0165794807814767 -0.0239459084056462 0.745002600891586 0.233831787867228
-0.0131716429655467 -0.012836934759674 0.264822714846481 0.739352857244528
0.000935366938568067 -0.0167178773186979 -0.210783198651504 0.482841311232455
0.00722756669612808 -0.0296185687288514 0.0552378046297997 0.014379004942598
-0.0113142062582893 -0.026347621440976 0.111456452596138 -0.512396322181735
-0.0350370374201283 0.00577648412035635 -0.549134263810153 -0.628283680121691
-0.0161946395700366 0.0111917553413836 -0.789656707984977 0.171455183364292
-0.00958896688291092 0.0190441474017923 -0.12707123416307 0.670369271959983
-0.00843623190424205 0.00987359358343453 0.3192379138221 0.374575548793145
0.0124887359064096 0.00968495934377474 0.312029429626707 0.0267597829263578
0.0024507273489055 0.00917649037358476 0.108761362143599 -0.186677449392088
-0.000764439935455139 0.00842502222912946 -0.102004762414485 0.0945653319718425
-0.00113930178432377 0.0189788400774106 -0.203873041969499 -0.108397001177675
-0.00557527919394073 -0.0193263114885768 -0.0737146121412632 -0.400100749685185
-0.00369153306370128 -0.0266677421240325 0.473485728900779 -0.402500392702213
-0.0118476112930221 -0.0212232716636477 0.736216335289581 0.266183901598692
-0.00912127686923171 0.00205631909718917 0.237160841016853 0.755491465712915
-0.00408709666563368 0.00493302424050219 -0.218444692219037 0.47512646477451
-0.0032059202005321 -0.00578641347529753 0.0606769887490072 0.00537599152642589
-0.0110990229047404 -0.00384454899805975 0.100319709629777 -0.519307789480962
-0.0270670797193649 0.0153618668137168 -0.57083609057469 -0.60601606432172
-0.013149073453714 0.00898652461127889 -0.781714404787103 0.201602595337019
-0.00760309132798171 0.0166059788299119 -0.0996660920125143 0.67037271462144
-0.00164096772872858 0.0123940270341664 0.33036780527359 0.362815173677681
0.0171515983609855 0.0141369562506809 0.310649882143352 0.0209457620102691
0.00551147849812938 0.00972487423239099 0.10319615933164 -0.18651807247632
0.00082954012303756 0.00982168628786249 -0.107573366136758 0.0964716797996197
0.00272369031686555 0.0231265850469121 -0.202765090398664 -0.105326962614583
-0.00381731862315334 -0.0151479357793451 -0.0708871796428752 -0.405372221444799
-0.00297975821258063 -0.0277654581961066 0.468041055428528 -0.412720800745701
-0.0062061416682032 -0.0207234213419082 0.7383835819535 0.2582571074328
-0.00352096410976023 0.0177957444126529 0.245574776668737 0.755704929103411
-0.0109191940059635 0.0275842592649652 -0.212722582812985 0.480402527977047
-0.0168041861740344 0.016289798523681 0.0635902526043966 0.0079262271611739
-0.00973006237898357 0.0191005308449487 0.105232956990483 -0.517845430672603
-0.0157529076925963 0.0242043347359032 -0.57092627113285 -0.606203291056726
-0.00974992967726009 0.00601293932256825 -0.789328989052444 0.19676048771173
-0.0069590807756452 0.0133148780086177 -0.107493899016103 0.665275427063047
0.00184673696191806 0.0158509632536068 0.329535993013333 0.36095122380419
0.0203151952977422 0.0169826547397104 0.311768463341222 0.0244071540707474
0.00854999956093834 0.010769377572363 0.100489557121331 -0.184359620341675
0.00449587898951218 0.00994720020074778 -0.111767835181422 0.0987191426605849
0.00278134385836782 0.0239352047612153 -0.205149857114317 -0.0957842106482839
-0.00374403266112529 -0.0125388203766075 -0.0881611386359911 -0.407434486941842
-0.00195613836157732 -0.0279337545157739 0.438187301858223 -0.448097554774717
7.19695427387444E-06 -0.020069999907775 0.741608137041643 0.206206321928098
0.00291507691307018 0.0299989810484595 0.285538033914198 0.741127583919901
-0.0180028004069087 0.0473636369724252 -0.194296086470359 0.494220201844699
-0.0295070318564125 0.0374599414153922 0.0602811871226139 0.0208630846357506
-0.0102470438361026 0.0388364476280073 0.121799675014639 -0.505464062832391
-0.00595396321096928 0.0326105430713189 -0.541960197995298 -0.633021422387502
-0.00343601790120982 0.0020541516560422 -0.80886040192002 0.147904931654416
-0.00717960385577218 0.012956860763305 -0.148816940984881 0.653606740458057
0.00331220990398557 0.0186560935136138 0.315307294087391 0.372523732114053
0.0204985880755688 0.0189372193439897 0.313856918944636 0.0390815295265652
0.0125188227051379 0.0108967535884695 0.0991018129495814 -0.178849924639879
-0.00260472432826251 -0.0035483122952956 -0.087333380073533 0.123648917079163
-0.0183164887994299 0.00561991559419184 -0.23318251193031 -0.0476912047416706
-0.0315849143098832 -0.0126765506101153 -0.236716334829923 -0.328347968448318
-0.00676654359159733 -0.00988779004881941 0.206888224118019 -0.556203216485056
-0.0133920549512261 -0.0216298591290278 0.728789879683877 -0.130102336493632
-0.0136099793858683 -0.0231062244408692 0.53291541037315 0.55786580260427
-0.0145007128854855 -0.0365473926768987 -0.0799257592158529 0.566508567615404
0.00404244021572297 -0.0583394896332364 0.0084263919250849 0.100581339253363
-0.00597164658239683 -0.0591868746335163 0.223555017596069 -0.409621323380771
-0.034825539080535 -0.021240384939138 -0.275873844750489 -0.814299333310872
-0.00657145916582036 0.0050584695000404 -0.850327481259938 -0.214028155377233
-0.00787971620924344 0.0226474930832797 -0.42613806108816 0.567728352852953
-0.0289662084148476 0.00694261559309791 0.173056706103474 0.475699891605887
-0.0100444391493105 -0.00383846813359687 0.311038237983353 0.111336435845823
0.00368701177773462 0.00128488601961232 0.136268795782562 -0.166470920966035
-0.00381586833398689 -0.00166720815517306 -0.0883363869097306 0.116202658225685
-0.0173753855135738 0.00650835929337398 -0.231313333113156 -0.0661206055610224
-0.0277806447033223 -0.0168940872341409 -0.204099793687662 -0.348851932972451
-0.0080271792285315 -0.0122825194382604 0.280117621029881 -0.526049814361238
-0.018516939291867 -0.0228377640536239 0.756980794155663 -0.0327979903075331
-0.0181163178934994 -0.0274884606791191 0.472528293799759 0.617596748138764
-0.00842084647594231 -0.0453273761446627 -0.12129464791173 0.546053208245093
0.0120331571615144 -0.0647333882121873 0.0180114103684732 0.0771478505539138
-0.00685654471154537 -0.0640571719718502 0.19627560787722 -0.443822869617042
-0.0401861334188789 -0.0207067520707194 -0.362070675685336 -0.777012640364101
-0.0119699836131414 0.00842714001467186 -0.851848790640156 -0.102836352748016
-0.00984256629589965 0.0229383010619971 -0.346857147916723 0.614575645274435
-0.0254783649487274 0.00610101241394339 0.219256784078608 0.457107574870507
-0.00512209468596015 -0.0018952172247531 0.314621852838611 0.0869990810271602
0.00122143101885116 0.00352154078233133 0.131859458682856 -0.174216596187513
-0.00501577959746487 0.0010144800366416 -0.0892598884740735 0.109262354160256
-0.0134010523534461 0.00816133250593968 -0.226702462713624 -0.0833047191983522
-0.0232234738371727 -0.0202056445840415 -0.164821516265678 -0.369261537187944
-0.00747320733628468 -0.0164252488745964 0.353643735059479 -0.490550795723732
-0.0205961504858732 -0.0237502197251932 0.769044121303399 0.0666309979783301
-0.0202640349419655 -0.0278208503294485 0.39828310775378 0.673624389389588
-0.00230964008388082 -0.0445492682347717 -0.160603922548397 0.526249021991555
0.0150594875081793 -0.0603875393545412 0.0322345095975465 0.0517574093183021
-0.00900086071287722 -0.060296492555272 0.165868696867043 -0.477560267930115
-0.042637816717922 -0.0132433685959912 -0.446181055310326 -0.73218685329391
-0.0145861412859157 0.0107959292297145 -0.839686406849687 0.0123847316332634
-0.00951413237965702 0.022442725203994 -0.258246862289462 0.65138311681359
-0.0205577578009905 0.0062959743793755 0.26410413067891 0.429980713958524
0.000162924646919487 0.000995923923831627 0.318289823385441 0.0626111318826262
0.00072716624743582 0.00533658248503669 0.126088041670327 -0.181098637863209
-0.00450804725585084 0.00419565465624293 -0.0940737410187975 0.103870730036655
-0.00779385931788733 0.0105595880792424 -0.220438532729931 -0.0969439473927241
-0.0167654686621676 -0.0219800110975675 -0.125842864259146 -0.386772693041535
-0.00808627842265685 -0.0208602296405561 0.416836392297464 -0.451863230722504
-0.0209193630838746 -0.0247965668540623 0.765813223555094 0.162553944695003
-0.0171686542372361 -0.022226909544793 0.326763150286604 0.719969363102293
0.00176396261130886 -0.0343612521924559 -0.190125449148429 0.504929007956092
0.0131483196828359 -0.0494450607913343 0.0451380757501839 0.0298877568838148
-0.0110177074029157 -0.0471740951236187 0.13594198981618 -0.503396574101127
-0.0411749391120506 -0.00294150299545592 -0.515381602813328 -0.679072927949905
-0.0160414413190169 0.0119028995818429 -0.822488196956442 0.108985074440824
-0.00931204979558901 0.0211822920549993 -0.179298367066365 0.675274606594085
-0.0143258359033789 0.00836439388991725 0.301728931673294 0.402598562736898
0.00572011595727737 0.00529044932455029 0.318209036765248 0.0406943770810565
0.00101285267662357 0.00742523607620809 0.118278372642883 -0.187041442548983
-0.00249138785042538 0.00571936908061701 -0.0982453479329491 0.099566607380016
-0.00397101306427965 0.0152210959057392 -0.212405238472776 -0.106465901564416
-0.0117726230391453 -0.0219264908347626 -0.0940325990026629 -0.399759314659707
-0.00602223029777542 -0.0243003836349227 0.459402600487827 -0.421568107990244
-0.0179382287033948 -0.0244499953404683 0.758907816139256 0.232935249042959
-0.0143073504313812 -0.0118811234200931 0.270376544971862 0.751077114088173
0.00191567975437696 -0.017731002876706 -0.211748532482789 0.488111635062888
0.00649444377317446 -0.0300327883793431 0.0550723284035149 0.0137233849095373
-0.0117309349099191 -0.0274483392384919 0.112263319897281 -0.520457986286594
-0.0358565025060445 0.00690359688571257 -0.562154691338699 -0.636139888856762
-0.0157977259392689 0.01132037586365 -0.801442499187986 0.176696912781432
-0.00891015526618213 0.0193098180596341 -0.12589003906604 0.682018437031446
-0.00839340750079293 0.00947517568701766 0.32642628549811 0.377750251733541
0.0117746888224001 0.00929604887337236 0.317336280561519 0.025538636401772
0.00301024622327787 0.00872857548151248 0.11118327379907 -0.190449476987482
-0.000458038233684422 0.00788243701325833 -0.104656347360493 0.0980351005000872
-0.000225536054663546 0.0194315397963886 -0.207979802987213 -0.108728348818927
-0.00716853021478079 -0.0192732109775176 -0.0763028798838035 -0.40934863479321
-0.00460948663444062 -0.0272347121452013 0.479982950099076 -0.411573296985835
-0.0123793165539113 -0.0227073090586167 0.748286627142409 0.266927467197827
-0.00985719654211049 0.00290994532806798 0.24329038008466 0.765746754452293
-0.00363732403377619 0.00453708442895935 -0.219478917480856 0.48220225809924
-0.00388846229289966 -0.00607701527530985 0.0619766584243063 0.00682893593606235
-0.0106754697403324 -0.00468696912073855 0.0990348291237023 -0.52657208887915
-0.0265970878653938 0.0171265432615385 -0.583076965666847 -0.612076627197924
-0.0137921367288247 0.00876811973822714 -0.79253181176009 0.208258297420677
-0.00846390858742905 0.0175856623927859 -0.0967705312944064 0.681238884050867
-0.0019989100931588 0.0125316202673605 0.339857735618034 0.366127787639966
0.0168794872405881 0.0139832991874981 0.316743880093673 0.0195970550788476
0.00594556294347612 0.0106169781041392 0.105327051103564 -0.191738312414198
0.00146846020170047 0.00867172195380046 -0.109615551777409 0.099214903481816
0.00239172807758648 0.0228934972488124 -0.205457007577319 -0.104857263434108
-0.0048587402902763 -0.0158701405623034 -0.0742778133957018 -0.413658439544353
-0.00305342771266395 -0.0288335835421316 0.473815752840289 -0.42301417669342
-0.00611585777197272 -0.0211698730440632 0.74849198043389 0.259214626461305
-0.00341685419048655 0.0177419153358081 0.252035194044746 0.767515490009355
-0.0109093216100139 0.028216018382615 -0.213991749065673 0.4874952624233
-0.0163549730149729 0.0167541411234496 0.06468492342137 0.00868307142935234
-0.010116036660631 0.0196428535765131 0.105441043709706 -0.524989355840341
-0.0160644715568605 0.0246054523638192 -0.581141954856003 -0.612244767125495
-0.0100330524725768 0.0057264876542843 -0.800911040445588 0.20290775141668
-0.00734052833203323 0.0144101251674204 -0.105615285440856 0.675286372353568
0.00225522111535027 0.0158082994500754 0.337628507636162 0.363743507196274
0.0205275897827987 0.0169840317762685 0.317263581256633 0.0228131785712395
0.00950390983646807 0.0108901433207015 0.10111976673532 -0.188816137676538
0.00375309465143028 0.010099126548144 -0.113547029702892 0.101690471036902
0.00223354075446391 0.0248382343500872 -0.207752874965372 -0.0966935595557218
-0.00485933961662821 -0.0119608063319596 -0.0898108887725278 -0.413599581606724
-0.002270666689845 -0.0286358230788965 0.443339906845287 -0.45835276736737
-0.000480243280497068 -0.0197520124611719 0.754258924154988 0.206490488561732
0.00365092337068669 0.031095054363078 0.295778782106069 0.751671983642215
-0.0181200555388636 0.0482954710015451 -0.194771782129529 0.502070705093003
-0.0296542983162575 0.0386118421470323 0.0607982786415413 0.0198865553777373
-0.01078566255547 0.0405369432130745 0.12272300859391 -0.511631813445976
-0.00557604604373647 0.0333600924439432 -0.552108095888443 -0.641091193782274
-0.00420062047237846 0.00232021018509473 -0.822225159728405 0.156467433614747
-0.0067196018734158 0.012296684372749 -0.147347046957875 0.664694522340501
0.00230443531326168 0.0208239059419716 0.321508002008796 0.378206171643396
0.0207987161262658 0.0185509047106366 0.318864636862757 0.0372607677039669
0.0122231950598727 0.0114145257455988 0.100560273659636 -0.183461471273157
-0.00355148074624752 -0.00491420608215566 -0.0749641148236254 0.138208676352943
-0.0173981993243598 0.00554827815805539 -0.243159346454898 -0.0203239900361318
-0.0296348382460013 -0.0085331864277149 -0.280226432256644 -0.304725267600418
-0.00246566215567222 -0.00432682360702468 0.131260366640807 -0.588921630694771
-0.015380270634256 -0.0107455769459319 0.721153699962426 -0.226170792665933
-0.0217427248992495 -0.0224137750279252 0.609003778446063 0.50010428122445
-0.01961527120816 -0.0360957009359334 -0.00673662222686417 0.591519536813633
-0.00178565064289804 -0.0604301596701126 0.0201550181157406 0.101487786105864
-0.0101718002563921 -0.0571947096739377 0.178703082247053 -0.439078280288942
-0.0292658950228476 -0.0177015846358957 -0.373486650861793 -0.790563461182854
-0.0011123572895133 -0.00165758600047453 -0.88490094366323 -0.122432982907459
-0.00325043219210542 0.0197957313676275 -0.369458989294671 0.625445375976327
-0.029507942528772 0.0104826951349459 0.232174726581746 0.463501375005507
-0.0118667974996909 -0.00432915639159493 0.326792342437735 0.0762380213389778
0.00270767459856576 0.00074309228913945 0.120734886085584 -0.184636564624286
-0.00534547298519986 -0.00310416520525978 -0.075276871580767 0.130266890938351
-0.0152263875278524 0.00703906073923055 -0.243842763392712 -0.0373313900823006
-0.0271586421207975 -0.0120678295403196 -0.248715788990718 -0.330170915358088
-0.00475308954603533 -0.00636493081049212 0.210182650040592 -0.570072630138998
-0.0219114278499202 -0.0106948645761409 0.761735907044501 -0.135515896878011
-0.0271721036849931 -0.0265485454828047 0.556142405773136 0.568484687493997
-0.0140023486008137 -0.0460328251103812 -0.049642799106622 0.57711406929143
0.00472547912801994 -0.0668776286736154 0.0278885556560374 0.0757464880823472
-0.0112218749192766 -0.0629304984120219 0.146820976655616 -0.471421501127519
-0.0358581499359379 -0.0174337587817898 -0.45799554717227 -0.743335955013415
-0.00502720594209557 0.00154566375484987 -0.877433263764666 -0.00703473113855221
-0.00425906115767308 0.0192877318695901 -0.280581291060741 0.665279420184801
-0.0259084580993275 0.00942489860836968 0.276041032794448 0.437640853448055
-0.0072771897571271 -0.00243451930500186 0.32951069851997 0.0498328090465947
0.000147436641660496 0.0033372161213072 0.115319205007753 -0.190515449589497
-0.00559641210745234 -8.32628359089516E-05 -0.0779777015150904 0.123526943476218
-0.0104136337736244 0.00801855621958999 -0.24020863604122 -0.0565717935935482
-0.0227945179483948 -0.0164161227599723 -0.211523991768827 -0.35643070774158
-0.00669536163841279 -0.00911227129154359 0.289194167751893 -0.543035087014928
-0.0263592143550443 -0.0110289251882082 0.786411512772948 -0.032404677634401
-0.0286469272191773 -0.0279993583454729 0.487772804896637 0.635422179867154
-0.0068768933342824 -0.045838835526768 -0.0941547950456274 0.560259876821635
0.00829319160560008 -0.0631044198813583 0.0386873301680944 0.0487396426681665
-0.0124222775367851 -0.0584712034725561 0.11333099052829 -0.502585325161524
-0.0377597154391674 -0.00994538572419028 -0.535643047429473 -0.683992673100986
-0.00964632600523283 0.00398405170999138 -0.852326506554159 0.106510737364162
-0.00506506464150155 0.0184485395292555 -0.187965820283431 0.693687344699596
-0.0207343303799557 0.00814997046166851 0.318599416182027 0.4054652888113
-0.00186662152823192 -8.29544772202612E-05 0.328681387356504 0.0251930977091559
0.000450869868069487 0.00559065130123574 0.107577976148903 -0.198481017100691
-0.00484120994936041 0.0026991587184707 -0.0822509508295863 0.117294180668773
-0.00505426297781212 0.0112859958720939 -0.236248519003077 -0.071842786684058
-0.01598046900717 -0.0185704448524466 -0.176362603475211 -0.379451673398151
-0.0078346052376485 -0.0137726087600606 0.356993528376431 -0.512729363321207
-0.0270578677143615 -0.0136039948130047 0.797581994026825 0.0661352057787705
-0.0264097945573091 -0.0234061424347804 0.420618796465594 0.690301748156376
-0.00192188865101947 -0.0369248313260184 -0.129628524138399 0.541445832774345
0.0078297766615117 -0.0507794161314694 0.0483685664301863 0.0250022603139935
-0.0120548690877947 -0.0446682711813228 0.0791929939971239 -0.523969884607961
-0.0350288631309393 -0.000953432082613965 -0.599001797946505 -0.624447732030472
-0.0107194515303921 0.00501115840521169 -0.821511592430615 0.2040672424111
-0.00614507270849381 0.0177935464631378 -0.103801373414489 0.706504456554691
-0.0143041846915614 0.009839331570937 0.353088823999545 0.371126659515704
0.004323694381988 0.00384252616298396 0.325671549430727 0.00305310224014942
-7.33190224500926E-05 0.00732379161735128 0.0992711292880852 -0.203552159082104
-0.00297831732744684 0.00432223351112526 -0.0881118018812969 0.114911248610073
-0.000161559648864533 0.014651577079248 -0.229916794674553 -0.0812920101302879
-0.01019114842442 -0.0170644336734015 -0.145214059048741 -0.395752288197704
-0.00640666171086211 -0.0168376420575833 0.403735651259903 -0.488639386928471
-0.0249625865249443 -0.0125485146679676 0.797476042301337 0.135752657278382
-0.0199682967390658 -0.0140248929184382 0.368417636724394 0.727948237313837
0.000258926959808996 -0.0194122789589444 -0.151832984974472 0.527689134414748
0.00408796401772343 -0.0310047981677457 0.0570203607942568 0.00812062714174754
-0.0114916558839298 -0.0258623721884246 0.054037023773571 -0.538471679346624
-0.0284598997180834 0.00826443251299441 -0.641749725473158 -0.576350766791099
-0.012441001346164 0.00498826159305906 -0.793770311099584 0.270318767864415
-0.00650460650556625 0.01575020388569 -0.0462588127029065 0.706294674997443
-0.00799699710411357 0.0109838492870322 0.375670299874978 0.345339105349628
0.0105663883678858 0.00798975272150113 0.324505240543066 -0.0123343071128231
0.00212341508298182 0.00944915509460585 0.0927537374928348 -0.206467087975253
-0.000464975364487502 0.00653861579355919 -0.0950660535612697 0.11323025892313
0.00407866754814131 0.0183745377840932 -0.224932307478752 -0.0855198336337726
-0.00652082200322548 -0.0158318969475981 -0.129107230334108 -0.405674749148144
-0.00644093855811247 -0.019691299808198 0.425338063766027 -0.480015789702344
-0.0193776411280235 -0.0118598181993235 0.791199246843453 0.171406672700434
-0.0139501309879358 0.000145962589129751 0.341031838473193 0.743474490313512
-0.00394904146883254 0.00365942180055581 -0.161032349057336 0.522626728592368
-0.00476209372688993 -0.00561471028238062 0.062739868539281 -0.00100421393033912
-0.00673946434722116 -0.00266620867520135 0.041653549088607 -0.544610595495403
-0.0182947893972892 0.0172991800356642 -0.660259242354747 -0.550855165718258
-0.0110649923076227 0.00277052952846789 -0.782628087233382 0.301904313976128
-0.00566424535585824 0.0129694932583805 -0.0206448305557456 0.702403803815887
-0.00191462631609945 0.0139217921385479 0.386645108522075 0.332102898910675
0.0164462868085742 0.011933923501232 0.323428397926736 -0.0181954566905648
0.00612629028835197 0.0107191754854261 0.0862700212718454 -0.20499556974389
0.00197428087466712 0.0083912122319573 -0.0992765866470337 0.114954804377481
0.00615077127272907 0.0226590958596297 -0.222699032714238 -0.0832113602979746
-0.00315849444288727 -0.0124533280620909 -0.126791615607679 -0.411543880551645
-0.00414969291827145 -0.0214687306730833 0.417736582082694 -0.491608502595172
-0.0128080058077175 -0.0105009075432522 0.791448876138799 0.161563591014767
-0.00616978473424656 0.0158996163836889 0.348154990003937 0.744251764183761
-0.00853364799208391 0.028158333023532 -0.153164315845534 0.526409366251062
-0.0141602526953662 0.0191453847240538 0.0664122457534494 0.00110388637605534
-0.00368936498976251 0.0218587427865894 0.0463671655674131 -0.54443946507466
-0.00707244966538811 0.0249320984049046 -0.658787459828634 -0.550600408600275
-0.00708023654525087 -0.00147049455519412 -0.790568421251341 0.297530669872065
-0.00491244571744369 0.010597562954951 -0.0307516549330314 0.698318275979897
0.00224112495113671 0.0158729218547531 0.386055573111315 0.328824014460702
0.0196899782573399 0.0144131416877499 0.324980382599758 -0.0152848337982707
0.00860248071470176 0.0103069320041503 0.0833012825301264 -0.203294788362823
0.00401869997435467 0.00794668026866364 -0.103948188948786 0.117876963416404
0.0070347699564342 0.0234076089611408 -0.225710715694974 -0.0735454754259779
-0.00316461499123626 -0.00864033931215807 -0.144762084492312 -0.411460825070533
-0.0024190440783153 -0.0220540607001463 0.382665760520636 -0.521551515706133
-0.00620949929854796 -0.0100078912459987 0.791042104259407 0.108803259026413
0.00140288301194601 0.0290641297025844 0.389031368234308 0.722211589358362
-0.013491041245007 0.049518681019276 -0.132106275928485 0.538144332862926
-0.0248200841583493 0.0420298172346807 0.0650721712811319 0.0128806649529033
-0.00279663245237425 0.042223275414698 0.064792264195791 -0.532381352455307
0.00474139428185862 0.0304129491503086 -0.633486939993672 -0.582800066669405
-0.00113704929277365 -0.00510461047559351 -0.814706391434343 0.249660219498082
-0.00431541751627772 0.00807884859192162 -0.0723180322254286 0.690047598309572
0.0042607490974965 0.0191454046187965 0.371529886025283 0.345224759481432
0.0204160242272203 0.0151103774570003 0.326738351606166 -0.00190492955630997
0.0130418221057388 0.00955293601970813 0.0824909632983008 -0.197444237068753
-0.00444794644608264 -0.00519278283954203 -0.0751720837249433 0.141722830145566
-0.0168138442861707 0.00556005647579044 -0.245933003734423 -0.0165040979970686
-0.0309443534241176 -0.00769281952264916 -0.287036807667178 -0.306873026291084
-0.00343098212826344 -0.00457641361179302 0.126406388184956 -0.599188844497629
-0.0163185581631642 -0.010227704127434 0.729044573343611 -0.238374377237854
-0.0220493236948916 -0.0224933216619023 0.623510174951364 0.501887631761103
-0.0187796772359196 -0.0380590134166752 -0.000270856184716823 0.597417881703218
-0.00287458182600382 -0.0598300266444324 0.0216992501791937 0.102302677970155
-0.0118269171362106 -0.0578703584660053 0.176849598325129 -0.446886175361655
-0.0303617918146546 -0.0170595580924498 -0.388063409843917 -0.796170215842752
-0.0010527633800465 -0.000738761120177227 -0.901709217886566 -0.114544575430427
-0.00258467905864746 0.0200480967722087 -0.36965104048291 0.637710304405345
-0.0287372359050644 0.0106904423186688 0.240262289645645 0.465556180404912
-0.0123668057707752 -0.00408346498075902 0.332991804906809 0.072764248082758
0.00280894100065847 0.000603537138872793 0.121949232831528 -0.189038943457776
-0.0059787326948688 -0.00287770748914982 -0.075266255856491 0.134969755275793
-0.0144747330442842 0.00680165958682624 -0.246456916456991 -0.0359720924495442
-0.0286783116462706 -0.0112805853238705 -0.257775985715253 -0.333873332952305
-0.00491482097501862 -0.00606275060846463 0.205892766993481 -0.581944324052764
-0.0224010922360453 -0.0103846631417856 0.769288835093607 -0.143368109582676
-0.0282881811779966 -0.0264393713557497 0.570127297152583 0.572223891394373
-0.0132708402909285 -0.046604985682434 -0.0456300770793375 0.585688042673494
0.0049299300558036 -0.0677586721849027 0.0289034937493823 0.0772162862771198
-0.0112160915498666 -0.0632649369981114 0.145395599263479 -0.478840360894338
-0.0358695335331599 -0.0164038928030987 -0.472101362424794 -0.748321891019039
-0.00648549549497804 0.00119384819186336 -0.888961673224059 0.00272213479158512
-0.00455261774369529 0.0204938275211249 -0.278436649201574 0.67802186861265
-0.0260502711739576 0.00925291597340957 0.285556123922346 0.441262566880415
-0.00833271350958678 -0.00210599410930656 0.335462510566065 0.047282614314866
0.00085427969855373 0.00273916820787435 0.11579633022825 -0.196065985196269
-0.00630309375866604 -0.00091396191809413 -0.0790421726005751 0.126973126629169
-0.0108682388199165 0.0079031713185317 -0.244866963677029 -0.0540679659616382
-0.0229114280669542 -0.0157478966435456 -0.219708196582163 -0.360696681246752
-0.00752032392976821 -0.00954470172878897 0.284635772452721 -0.55668741031632
-0.0266169323787459 -0.0119720053112341 0.797670545981884 -0.042118180457045
-0.0301471934564818 -0.0271144969501022 0.50137092746476 0.637995135656726
-0.00685584266550401 -0.0465428361269705 -0.0892180992167042 0.568768267310312
0.00833961407146087 -0.0636713998417546 0.0394939358211528 0.0495386764837322
-0.0140077309726297 -0.0572942238220267 0.110123341373635 -0.511242365021881
-0.0382065340615056 -0.00797263024795513 -0.551584772503904 -0.691246537983644
-0.00998575447340422 0.00466682254592109 -0.864007652800856 0.120224247716406
-0.00582139777476647 0.0194032565476652 -0.181387481570304 0.704594571561777
-0.0206118288589127 0.00987297762246665 0.328498565490511 0.407632717765351
-0.0019532828974483 0.000653887686208141 0.334677701943892 0.0202974008839899
0.000108112100857699 0.00543844601053668 0.108247431623781 -0.202038285175012
-0.00521653390274231 0.00173809970179199 -0.0843125715273491 0.120958312068729
-0.00500735265533141 0.0106834002699065 -0.239765975020917 -0.0694350776005798
-0.0172834237246692 -0.0187195553684987 -0.182051375755588 -0.3826524284504
-0.00682234683802848 -0.0137574177660412 0.357106811163053 -0.525143185669002
-0.0275091095974044 -0.0125194979706705 0.810859084252704 0.0559368767936076
-0.0263216051467251 -0.0230411247891911 0.433454426231843 0.695189655943578
-0.00186998063027022 -0.0373450080189659 -0.125119155121591 0.551056108836785
0.00706225730057571 -0.0514503596409963 0.0490995565559437 0.0262630384210407
-0.0138954323828379 -0.0454880468043174 0.0740409068230737 -0.532244188394288
-0.0354793700616022 0.000487578395778388 -0.614133351427383 -0.628987334661252
-0.0112168703458147 0.00537732342495264 -0.833375664467178 0.217858268210969
-0.0057392411289587 0.0179780236903065 -0.0967817957411221 0.717447082170033
-0.0131588702838597 0.0103819850447789 0.360918334373016 0.373432287384511
0.00393726884945908 0.00413644487006604 0.332548314987821 -0.000369549486497588
9.5094789835954E-06 0.00784799231860143 0.0994974453920895 -0.209275866993338
-0.00305775385417722 0.00396951544894698 -0.0901277790497929 0.118428717082988
0.000140310648504055 0.0147078299669396 -0.233620262149398 -0.0811541813437902
-0.0108468171783848 -0.0172812257155264 -0.15276733013004 -0.400627332042644
-0.00725713831237238 -0.0185851417513637 0.405716968387182 -0.502669022126622
-0.0256492704534375 -0.0127318804975871 0.811260364444253 0.128954839065833
-0.0204416565442527 -0.0132541532067058 0.379453715520044 0.734325989029884
0.000137415762425522 -0.020558143186335 -0.148053126490918 0.537933448885834
0.00362293748485234 -0.0325920016787665 0.0575081332071654 0.00678431677563277
-0.0112115756610768 -0.0248039239926817 0.0504840826166029 -0.548115670730946
-0.0287530789133473 0.00993843448810615 -0.657600141786721 -0.575781626250819
-0.0121484188600642 0.00605033479090828 -0.802594401371888 0.283222948518703
-0.00583172085725347 0.0152881675555127 -0.038569215417896 0.718071658672063
-0.00777570969218746 0.0119749601943949 0.38574495371368 0.345461369605602
0.00999958872858397 0.00843780908067784 0.329914788841562 -0.0162126791528326
0.00246957787275409 0.00876772006304427 0.0926590905488894 -0.210607565458395
-0.000444508843872052 0.00636537918832719 -0.0958532352870674 0.116188767969652
0.004489847484391 0.0183614538163444 -0.229467182500383 -0.0846302947883378
-0.00659365059034111 -0.0162758656189887 -0.135614844405269 -0.411899111836076
-0.00649823301975075 -0.019828910223896 0.4255357963264 -0.492213653167251
-0.0204728541958748 -0.011917161123595 0.807789382711364 0.164483568011424
-0.0147360153595927 0.00184719221150982 0.354113845106957 0.751549638232493
-0.00278955000717214 0.00333744369199168 -0.157692935794298 0.53076714162921
-0.00430996893800756 -0.00567136973600943 0.0649992790271798 -0.000979236845845352
-0.00772784953377654 -0.0028342043111415 0.0359988325918267 -0.552668698233695
-0.017413041858932 0.0174504494456524 -0.676830436936342 -0.549388349991364
-0.0114943408653739 0.00141909015167773 -0.789262761135938 0.314764719655919
-0.00532918713562158 0.0134650775022654 -0.0123815012321712 0.712800295896482
-0.00089477120000541 0.0134660793514516 0.395598300083972 0.331157600580249
0.0158998710668244 0.0109778397335559 0.327818603851124 -0.0234719441465008
0.00536574164919181 0.0105760769362937 0.0872131193200734 -0.21090658243329
0.00181802048898279 0.00798468357230272 -0.103019618239864 0.118497325903832
0.00629470045351417 0.0219905723906292 -0.22630963296468 -0.0819898909603617
-0.00349597333149968 -0.011990635002128 -0.134885659620062 -0.419118066148434
-0.00553625806851725 -0.0224371090829394 0.418630325488111 -0.505017316189098
-0.0133339637319681 -0.0109327225511495 0.806436456103254 0.155389931894944
-0.00569188061954614 0.018067144321755 0.36200150109754 0.749175485904101
-0.00803967363037047 0.027569680786838 -0.149314954761685 0.536102248702196
-0.0140540360713979 0.0190623404465297 0.0681738475307917 0.00103963094426543
-0.00354501356929718 0.0205918303185335 0.0400723677676935 -0.550825423010297
-0.00723124850565708 0.0256924672762381 -0.673677321611178 -0.551867533549185
-0.0077982199424444 -0.00147712950810237 -0.798454287127429 0.3108116308851
-0.005348644951355 0.0108175594045804 -0.0229692102627245 0.708597401786226
0.00248364810514833 0.0167258378496909 0.395910120702314 0.331157113033581
0.0205425321667057 0.0141627072717052 0.330149260422278 -0.0187808920548884
0.00955195686538491 0.00972406120252375 0.0826369209366537 -0.206767809574049
0.00469136468845805 0.00702445225418433 -0.105649126913109 0.121075985221571
0.0075639432618277 0.0245570561271705 -0.228476417385835 -0.0717734037323039
-0.00298624701949402 -0.0082849171044236 -0.151524605018905 -0.415841797277643
-0.00266044481820614 -0.0226995913360874 0.382498205320408 -0.533623756292563
-0.00689518743373429 -0.00939597485029195 0.803997810910689 0.101820743128522
0.00187741608655297 0.0285403264794781 0.402396756741782 0.729743255327344
-0.0125143311570293 0.0505242493399622 -0.127785634589404 0.546712025353411
-0.0249924755969294 0.0425117846373219 0.0659968046881654 0.0127088158628603
-0.000510114630821276 0.0423109654972659 0.0611651541304276 -0.539148095575779
0.00423458727233088 0.0318226908418625 -0.649486901978235 -0.584160730535626
-0.00222789670203777 -0.0056559513951561 -0.824626922645949 0.265056134464997
-0.00447947440250417 0.00800892278353823 -0.0667542495990231 0.701859256717774
0.00415545227887485 0.0198811159741293 0.38127191866017 0.345363818924317
0.0213850816876041 0.0163522490678511 0.332770167322746 -0.00639279793816424
0.0130606348652591 0.00973278855216803 0.0820348446658099 -0.202776498246295
-0.00472583817501548 -0.00542677289712621 -0.0743523254733278 0.144856201718686
-0.0165338138329696 0.00650350129259922 -0.250550060700674 -0.0128297330385397
-0.0315447850123508 -0.00655513197588361 -0.29544186616745 -0.309127626602892
-0.00379831192296107 -0.00489088557809605 0.118788639578353 -0.609475166343326
-0.0163965844028209 -0.0100279411372686 0.735034835299606 -0.250912560737511
-0.0237868267386671 -0.0212879905029624 0.637561727857899 0.498103975523829
-0.0194868274302489 -0.0376020049829415 0.00845020483809444 0.606133283897513
-0.00367529423068428 -0.060833146498386 0.0231569180795183 0.103235869863669
-0.0118948156901104 -0.0584728665276801 0.174058280143909 -0.45416252028227
-0.0306927172894131 -0.0156151378241443 -0.405483130722263 -0.801143555718943
-0.000687868388659399 -0.00134853287547898 -0.916844129286242 -0.101901674082067
-0.00236972826820779 0.0199040126449803 -0.363462462894684 0.651600531956659
-0.0292696987201312 0.011031317600974 0.251799548204484 0.470319909950159
-0.012541208596301 -0.00403870497001164 0.340310094705613 0.0682841315492311
0.00288576414292661 0.000987042278019019 0.120376771964924 -0.193791896192719
-0.00632718110073701 -0.00326125621080371 -0.076274233368684 0.136869864391346
-0.0150887782259368 0.00706801904994135 -0.251204976450513 -0.0324398641854162
-0.0291582310207856 -0.0121443520599346 -0.266949071129235 -0.336060092415968
-0.00519954393334535 -0.0069905656332661 0.199764359681002 -0.593120764583853
-0.0226659353718161 -0.00929947987180478 0.775960028060255 -0.156863102492969
-0.0294314149982398 -0.0262151707864803 0.584339165067199 0.570459287658122
-0.0146651197303788 -0.0468970418029036 -0.0376941277787632 0.590865035983529
0.00379285592516265 -0.0685163340286632 0.0308832340308464 0.0772292835629841
-0.011997303079206 -0.0639889180262725 0.14017807385675 -0.487082107932832
-0.0373419861062547 -0.0156955368633742 -0.489977488445536 -0.750563046316259
-0.0057239903268897 0.000975387844475421 -0.902000869674874 0.0142372587257389
-0.0035513755413676 0.0191444343652657 -0.270745113620274 0.69111939380323
-0.0259323231362404 0.00984424027861664 0.296559342665801 0.441717966282238
-0.00862970658259779 -0.00204411713104366 0.340663097997996 0.0422840813223082
0.000739808807491752 0.00290166534027653 0.115320479001597 -0.200467227845928
-0.00650263925005617 -0.00110884380118539 -0.0793847247865756 0.130242755178115
-0.0112417932012605 0.00839887053048483 -0.248670963474001 -0.0518293078503249
-0.0242994772599073 -0.0158247903220589 -0.228649741992788 -0.362695930969656
-0.00748824736371748 -0.0106437569437779 0.281613237104445 -0.566553301472294
-0.0269596741414652 -0.010868719119333 0.80796110680343 -0.0528807601413894
-0.0308015756156696 -0.026585494321391 0.517170246195662 0.640809436373894
-0.00736421478223347 -0.0474328351787638 -0.0813193618502939 0.576883801410498
0.00813066865430798 -0.0644184503932587 0.0408478682500423 0.0497300158456064
-0.0141121121346504 -0.0586740629743217 0.103898919590677 -0.516896687772402
-0.0388145758186234 -0.0095457519570919 -0.570449946908121 -0.689907452998868
-0.0101875694993298 0.00418270132076844 -0.874150983249357 0.132858266896473
-0.00559282366377295 0.0190826436759273 -0.172634781566526 0.716732944413117
-0.021328689634352 0.0106876408418286 0.339696735420726 0.408228384940623
-0.00203778648006269 0.000480407623299458 0.340700626568563 0.01462623987523
0.000234301403275485 0.00566470660498761 0.10683324855334 -0.207736916920422
-0.00462353230320287 0.00188176762493574 -0.0837056447554097 0.123762030750216
-0.0056478826396557 0.0105699984423551 -0.243763837238264 -0.0674373553991771
-0.0180971445460129 -0.0180127529930446 -0.190550725411094 -0.387210246744899
-0.00772187371893562 -0.0138652536636712 0.352513704051389 -0.537834231554073
-0.0283522269817677 -0.0122027538106736 0.82202145047887 0.0464319218397317
-0.0276671705063241 -0.0227565432168548 0.44837710873552 0.697920529877757
-0.00215818054916806 -0.0390866835910066 -0.119469280487638 0.559329389884084
0.00740057250451394 -0.0515761714896267 0.0512757191835081 0.0245235452371892
-0.0141549822609964 -0.045345650399912 0.0698710930033466 -0.540790214462686
-0.0360508327181354 0.000365051353461498 -0.633457070240937 -0.626703434089857
-0.0119542002633799 0.00625026259933511 -0.838578782267551 0.232037403581815
-0.0049282144783907 0.0168726919374211 -0.0880653614792039 0.728791355301893
-0.0131308237755063 0.0111870801057473 0.373994728384708 0.372429760007181
0.00435838116412232 0.00419159652642687 0.33785882130449 -0.00691250910940424
0.000589478341615338 0.00778649374484063 0.0986967859424942 -0.212810425511106
-0.00292278071542458 0.00335503555104274 -0.0895981476596021 0.121228959167436
1.58792533023302E-05 0.0141223352017779 -0.238285956563073 -0.0774269560287513
-0.0118526113514654 -0.0181580939453687 -0.160103402387871 -0.405341630422878
-0.0074275447498465 -0.0184317068153426 0.402075463038708 -0.51344136428942
-0.0264019363102006 -0.0121126755429583 0.823664158962331 0.119979407277248
-0.0215044086799069 -0.0120772014069548 0.395134950438467 0.735233994574225
0.000155926280969134 -0.0211383412662374 -0.143779977384713 0.545202178509743
0.00292067834196058 -0.0315766878179632 0.0598414927280751 0.0071865684042617
-0.0117667890240626 -0.0254185921261598 0.0420160795834874 -0.553823494641598
-0.0288936916009262 0.0104116236703725 -0.674741718490479 -0.575577086410246
-0.0127822807989833 0.00503154782666891 -0.809741718041273 0.300739637625785
-0.00626091486090346 0.0161051489809657 -0.027584030920073 0.72814203631304
-0.00785740717125701 0.0127454818943304 0.39680297707508 0.3442190109965
0.01038544945817 0.00871306202091099 0.334708879435131 -0.0229005346209456
0.00295626421354032 0.00912757385447068 0.0899446193528013 -0.215631511035564
-0.000796653026951472 0.00593549392933808 -0.0963385184126643 0.120292081176643
0.00462998751792792 0.0180160768208491 -0.233405002743632 -0.0812560864610792
-0.00688969537680304 -0.0159960458394018 -0.142656020164306 -0.417598714510702
-0.00643614445038145 -0.0208340298744294 0.422610075606676 -0.505503947269698
-0.0209105968654606 -0.010376388337528 0.820229996794728 0.154552110620248
-0.0146814806654686 0.00207834221497527 0.369120494209553 0.755647170952937
-0.002916631692686 0.00283054479895859 -0.151315983326908 0.540201664996914
-0.00422524999114223 -0.00564796619647204 0.0664276576348775 -0.00183238084582255
-0.00712561136561099 -0.0024053701297005 0.0284040718547199 -0.55947888488371
-0.01821283682155 0.0190214733196833 -0.694325564879077 -0.5478180438997
-0.0119116811817534 0.00333829342967744 -0.795618041567825 0.331165329445092
-0.00546774262140322 0.0139369265125804 -0.00109478321820495 0.721919413524153
-0.000333592625263228 0.0144045165999588 0.407516813111998 0.330322472145277
0.0162930853757248 0.0114005696866581 0.332845517545649 -0.0294386810581446
0.00513821351560146 0.0100000458648268 0.0856493940619727 -0.215737300155741
0.00236364059764636 0.00777839828528479 -0.101113372015758 0.120710761660714
0.00697050564287663 0.0216211426954532 -0.23211465778818 -0.0788401209152534
-0.00428227440483154 -0.0102775810788013 -0.143996090053123 -0.42379386059525
-0.00530840088046324 -0.023172659774368 0.41732587698776 -0.518706372664268
-0.0136668784434732 -0.0103474257853303 0.819375067085668 0.146580579056624
-0.00705273592315145 0.0181056715244971 0.376743625016291 0.755576027162257
-0.0066192131585376 0.0269907452187059 -0.144556514320816 0.543325480709632
-0.0143707487858264 0.0205210942213207 0.067734916200129 -0.000505179309068609
-0.00346634980626419 0.0207496975574594 0.0335550308722098 -0.557344409549471
-0.00660204714835181 0.0244328227779402 -0.692695206880346 -0.550488715350687
-0.00860005797490983 -0.0015516718876407 -0.805669932614249 0.327138189391404
-0.00497802338778983 0.0105306218490763 -0.0105376117240072 0.719304627579277
0.00355503036762698 0.0166595652479378 0.407549369920587 0.327487765804279
0.0197620819504377 0.0138378810069031 0.335201877353902 -0.0253235806011587
0.00954077187602651 0.00945208540260572 0.0812816943621724 -0.21312795577639
0.00378567880273961 0.00770137066911225 -0.105930420219735 0.125746210135477
0.00727909781079191 0.0238752302110192 -0.232509156996089 -0.0698485163027715
-0.00354803838063837 -0.00784244873470687 -0.160021099721923 -0.420797363509729
-0.00325744712716073 -0.0228394519874652 0.378398193519185 -0.547339181718689
-0.00654108408473258 -0.00886679022527954 0.814878076307565 0.0914016244159634
0.00189075824156771 0.0306645388207686 0.419390733520288 0.732074985614628
-0.011604248061395 0.0499868308405791 -0.121538436880766 0.554281483999825
-0.0251799705180901 0.0423033866057261 0.0664325408269904 0.012610952845817
-0.000346823521567067 0.0428956068087331 0.054582945172567 -0.547328934573071
0.0045669067985964 0.0336074126497461 -0.667180030992678 -0.581180811360945
-0.00231952714749123 -0.00552062161004314 -0.832212295218157 0.281445848402623
-0.00315823126270185 0.00947042011149267 -0.0572216782424403 0.712157270803113
0.00472146759377867 0.0209281794437797 0.39196066385407 0.344020560304497
0.021767053345494 0.0163918739116289 0.339298797348506 -0.0130217349574581
0.0132134589934892 0.0107410031233541 0.0803595434118439 -0.206386380281544
-0.00524426995744739 -0.00524274931823425 -0.0740361875808034 0.148149664470209
-0.017289383553954 0.00649077865756182 -0.253209651893727 -0.00868229605408087
-0.0317988520614583 -0.00658232858444557 -0.304400471210655 -0.307780253155835
-0.00369856045420202 -0.0054741127212253 0.108462175762713 -0.619505978658393
-0.0175462939107345 -0.00946436692103868 0.737246112464367 -0.267744608223776
-0.0241708954602957 -0.0214703659079529 0.653247842765183 0.492784432264752
-0.0199886686039631 -0.0376814940073288 0.0179779208162369 0.611132352844047
-0.00412200086618348 -0.0613993557580373 0.0254657638883903 0.104744443960885
-0.0124175032512666 -0.0585089643863613 0.168292219933664 -0.462599234898991
-0.0322384670271542 -0.0163484777890344 -0.424690034861875 -0.801675325282248
-0.000484580236509887 -0.00153874239618102 -0.927921548093178 -0.0870979554221921
-0.00218187012918666 0.0205167183350821 -0.354895092476759 0.66657121128526
-0.0295509534342612 0.012410813511477 0.261801896008952 0.470188695944881
-0.0133714397532202 -0.00376818378014628 0.345710027354499 0.0632782886249122
0.00279817557633624 -0.000418919612877954 0.120477963697813 -0.199066289362863
-0.0063102263288446 -0.00384717322925494 -0.0751350079367199 0.14083691285504
-0.0141986167722079 0.00691391044220989 -0.253940275358462 -0.0278327410817797
-0.028913779064033 -0.011677791901958 -0.275063729152368 -0.335446755053949
-0.00526653094106421 -0.00654828540378823 0.190391523732594 -0.603763508740166
-0.0236513909603025 -0.00893113220836494 0.785197989755711 -0.172748273427463
-0.030395519843645 -0.0249581022044709 0.599544196533937 0.565607373082068
-0.0152183349452161 -0.0471594714419306 -0.0272798920844505 0.599332275021695
0.00350742634467248 -0.0690544176625346 0.0330202840916483 0.0779880329816608
-0.0135744284308303 -0.0646992493751547 0.133546477891837 -0.49519734582699
-0.0378619574983921 -0.0143998287780477 -0.507520216145886 -0.749211104847802
-0.00611769984314474 0.00111478484302256 -0.912250396758681 0.0304822387020177
-0.00402044136888443 0.0190735847601505 -0.262514201873896 0.702378034173337
-0.027375081704878 0.0108762964377403 0.307456524882854 0.441977315897368
-0.00869090122407982 -0.00156521839103513 0.346113889415997 0.0356480351072845
0.000737430999045496 0.00219916118401652 0.113382387391645 -0.205404333684622
-0.00670746640634861 -0.000847888689567648 -0.0783390229176195 0.133251100701998
-0.0104323845657077 0.00844976019292411 -0.251762107249075 -0.0472620875727462
-0.0240692053581401 -0.0142139250016833 -0.236767393842734 -0.364984404240311
-0.00658548787809459 -0.0106767176173601 0.274828651447102 -0.57800785009602
-0.0279834366745415 -0.00943316376532836 0.815216149400073 -0.0690020657977092
-0.03105746218728 -0.0257349356807668 0.532899290004189 0.637358816986003
-0.00822499160748698 -0.0481372049778645 -0.0730519421052441 0.582721060439016
0.0070244158767397 -0.0664000328291555 0.0421314120862482 0.0495302484132554
-0.0153823398377897 -0.05936011743281 0.0976855591176332 -0.523738490051535
-0.0388586970888342 -0.00769661243369956 -0.586841903535783 -0.686149856289084
-0.0097067750874226 0.00492045498250584 -0.882071385309032 0.150539855211451
-0.00419272179960702 0.0195613403863751 -0.161516213762472 0.727258331172959
-0.0209914359888763 0.0105552796200352 0.350730144677687 0.406475510710883
-0.00305587520599724 0.000693553955657525 0.344434275521543 0.00954695997869953
0.000394198750544444 0.00526337478764073 0.106033998121417 -0.212528719156021
-0.00599560943086678 0.00110377845590951 -0.0834050865262198 0.128171835321188
-0.00525190646400171 0.0110786311978462 -0.24679894298788 -0.0631625004439511
-0.017695070927239 -0.0174103258901743 -0.199379479249563 -0.390087464714928
-0.00810882931055224 -0.014795030346524 0.346762408585928 -0.550632499171582
-0.0287719518772691 -0.0116083154272026 0.831516196960625 0.030206352613305
-0.0285313001849196 -0.0222553940043085 0.46611296591493 0.697037691864615
-0.00226402822006342 -0.0388816835616582 -0.11060460400452 0.567304885269327
0.00670487773154564 -0.0530242266668774 0.0523561624494834 0.0238509867392105
-0.0149866455450538 -0.0451043970702799 0.0607897204657801 -0.545952582764994
-0.0363884403777011 0.0021742884497624 -0.652027759361356 -0.621726840436681
-0.0117475656118032 0.00624674453653744 -0.845305181045894 0.249240043129715
-0.00601106555148406 0.0184694650572653 -0.0756966110563879 0.738808994261856
-0.0139413280750858 0.0115962045662265 0.385354243227564 0.371128783144808
0.00361505872458378 0.0042209584892919 0.341519615617774 -0.0132125402787694
0.000685335786031787 0.00830886897539372 0.0965634982232622 -0.217835756037767
-0.00322111013794376 0.00382447863359094 -0.0901118300200663 0.12383393791736
4.6108235109994E-05 0.0150948913379984 -0.241902805650755 -0.0743520971338077
-0.0119146569471244 -0.0174022692504986 -0.170156267512592 -0.408519705891756
-0.00864731364225979 -0.0183181421624843 0.397159749703547 -0.528506380025536
-0.026629950205735 -0.0112851334418057 0.836294705241344 0.106812672379417
-0.0229037812899203 -0.011449977097154 0.412030474395185 0.737578201773923
0.000183427747705156 -0.0213327229676366 -0.135044153063296 0.554759467570928
0.00337670306848723 -0.0318722991272013 0.0607703126894376 0.0062145930860541
-0.0118616263442946 -0.0253251631245405 0.0335277570979513 -0.559938155838848
-0.0288961962250631 0.0111688192958262 -0.692830452213003 -0.567121011670871
-0.0131535124644515 0.00606297048375693 -0.812703442395443 0.318245425355041
-0.00519033894171219 0.0160639005097819 -0.0152840892894523 0.736291439321695
-0.00770617359217292 0.0129573355046626 0.407731671616816 0.340488772851742
0.0111102574107991 0.00773951086089614 0.338727625008965 -0.0289178765379411
0.0026881350953258 0.00867444819709158 0.0901411131823604 -0.220598085713168
-0.00130654303468373 0.00535470300334979 -0.0961819222231044 0.124122393767974
0.00413281834623647 0.0185036604891954 -0.237281719398712 -0.0783539512694895
-0.00729633050356214 -0.0150121209643256 -0.152427223550268 -0.419898461334519
-0.00717062989439945 -0.0209203398325033 0.418120787007586 -0.52039575491218
-0.0208844722813388 -0.0105247216039005 0.832196385206946 0.142526593860477
-0.0146931066746487 0.00330868392313763 0.385706737773721 0.755889202829167
-0.00166132145657201 0.0022379540265284 -0.144097963113918 0.546119007153499
-0.00377059399060633 -0.0064231343205363 0.0661836738154917 -0.00351766611017999
-0.00721453818135987 -0.0015097754812202 0.0205371240323218 -0.56618982702584
-0.0177782342734144 0.0200168423209694 -0.711046721443946 -0.54119942016165
-0.0120832748098918 0.00387051258226879 -0.79965321877178 0.348724140427818
-0.00550973498393613 0.0133565893700778 0.0113540955834839 0.730794683759662
-0.0018877851982652 0.0148434684479864 0.417903329439486 0.325888269204081
0.0175032362083301 0.0110607466171781 0.33715501710776 -0.0360284877417938
0.00592214451565647 0.0104430561053341 0.0824143280004928 -0.219881580127666
0.0011214620117713 0.00847804547048408 -0.101813393993321 0.125326380571577
0.00682908855900495 0.0224304028875348 -0.236452916204007 -0.0759685142852407
-0.00417331951507878 -0.011980426536336 -0.151673553557581 -0.425792560554016
-0.00527975990020384 -0.0226225818995337 0.410581669684067 -0.532655576233486
-0.0142974680110023 -0.00916629342397021 0.831341026937759 0.13366517111187
-0.00694620073815939 0.0185222926001299 0.393932266252992 0.756635753999261
-0.00688773172847837 0.0273562722506276 -0.137289460665246 0.552050756249721
-0.0127554007656178 0.020444042383563 0.0704250531140504 -0.001228276795994
-0.00297525531860183 0.0218331904601384 0.0260433397796892 -0.564156335269339
-0.0057029547502338 0.0260741428314761 -0.709997872658032 -0.543153493360396
-0.00838968370599092 -0.000103537373527118 -0.807736959794141 0.345935871185916
-0.0048495526799504 0.0106433948315555 0.00290374769597186 0.726146182301599
0.00362259856004168 0.0179658285204917 0.417288590566306 0.324684178650737
0.0204083077825166 0.0142134472877822 0.339483072634688 -0.0325218050255224
0.0101528858758317 0.00957770755316323 0.0787625162931502 -0.21695435434184
0.00367142586900117 0.00758930480806284 -0.105780814882188 0.12945820474804
0.00838518174839423 0.0235977977483949 -0.236780832330886 -0.0663258608032754
-0.00417432259594038 -0.00801190373182335 -0.169415391787813 -0.424124775667749
-0.00351566215505917 -0.0231730068789017 0.37232169231526 -0.561584971331138
-0.00843218972039179 -0.00942268271119068 0.825379743318027 0.0801236059210808
0.00256814476274591 0.031416050835274 0.434706955056931 0.732449375480193
-0.01163582241702 0.052031883662568 -0.1136675565785 0.563283608961846
-0.0244976342189535 0.0432638928913807 0.0675964697261199 0.0108950758175399
0.000156108635479834 0.0439603131926711 0.0458574508684444 -0.553698742237929
0.00597354179609334 0.0327991943869207 -0.684444621726879 -0.57654165105268
-0.00310925834106999 -0.00554310502727473 -0.83605281516041 0.296038498948117
-0.00413913094749032 0.00867534049881205 -0.0434703317066578 0.722402575886819
0.00591818817415834 0.0211578244921234 0.40397140886885 0.339596130098562
0.0218987476644457 0.0168307336421692 0.343232876781433 -0.0186459091239465
0.0137566252571164 0.00914015757393094 0.0796493592725812 -0.211033395696989
-0.00657883572048095 -0.00568369983346683 -0.0724734919041249 0.150625260920569
-0.0163097579148955 0.00666981510012149 -0.255535932114213 -0.00418506878289825
-0.0321895265321416 -0.00590325394285854 -0.31410978890861 -0.305797650601758
-0.00388101056780151 -0.00520284820205162 0.0957494782124621 -0.627511416036464
-0.0177880924867682 -0.00890717717890541 0.740361029619514 -0.284181647945983
-0.0253981367493223 -0.0202385956035488 0.66781184220508 0.484884985401533
-0.0213859554435466 -0.0380888466730384 0.0310227834691208 0.614783269746293
-0.00481455650373295 -0.0628938957526469 0.0282866714661606 0.104652014145244
-0.0130516437258584 -0.0582701071599959 0.161835476777341 -0.46875003919881
-0.0318355672560796 -0.0150440124857358 -0.443765011546334 -0.799281021366138
-0.000988758650407709 -0.00142918093579474 -0.937904277892635 -0.0710721153887066
-0.00125139046970434 0.0204817573607754 -0.345470362687323 0.678238668291272
-0.0290697455426489 0.0134740536893283 0.27399637254338 0.469528304913594
-0.0130418451409601 -0.00305788679296615 0.350225321979149 0.0559895021625613
0.00305277854406764 0.000652441519662213 0.116685267335008 -0.2034041443296
-0.0080420148810803 -0.00363908086852307 -0.0735737628570761 0.143141211712396
-0.0151188112428907 0.00691476436816761 -0.256949583720319 -0.0233519810136876
-0.0294691151012729 -0.010472975374769 -0.285299337913887 -0.334509380082905
-0.00507915627015634 -0.00686084966004335 0.180327997921295 -0.613067071895122
-0.0234622299890008 -0.00858378137253958 0.785687078077928 -0.187844433092018
-0.0306180808716642 -0.0241163655759131 0.617130273681657 0.557568228355069
-0.0167479147536603 -0.0480847035889366 -0.0159997530353151 0.602798801005309
0.00215702278876815 -0.0696435925490625 0.0350100397616287 0.0770556683335208
-0.014466859537698 -0.0643781658567425 0.126153872039182 -0.499952488744068
-0.0374035223150276 -0.0143706602986283 -0.527120889275166 -0.745205999437827
-0.00679281823622852 0.00192740066995504 -0.919403565909153 0.047136438669721
-0.0029796501837672 0.0200740841804782 -0.250715069257426 0.715103180760848
-0.0250338626488022 0.0117989644165728 0.318832934417417 0.440638428390324
-0.00981633105149186 -0.00183681327237143 0.349980332954646 0.0295805364062515
0.00116997327977065 0.00258653542953268 0.110899990730749 -0.210370754582189
-0.00740068384938066 -0.000725216222024816 -0.0779265172441919 0.13664558218318
-0.010875740347013 0.00790393890921977 -0.25513841249904 -0.0432359164901721
-0.0244109019814835 -0.0139251963791426 -0.247332319130782 -0.364387942803409
-0.00711015092125739 -0.01054941737873 0.265782795754865 -0.591093322631183
-0.028154757401311 -0.00909758976418026 0.821661896024739 -0.0828901547194371
-0.0318771878577383 -0.0251710868886712 0.549358259131843 0.631662677011897
-0.00876941902842117 -0.0489030528752278 -0.0623794170389389 0.589085778372528
0.00545210341817077 -0.0659472459206634 0.0436595636772291 0.0495070682978878
-0.0164053319269154 -0.058869036498686 0.0897446210878081 -0.528384284572999
-0.0393891172932428 -0.00688127076742885 -0.60582265543999 -0.681598464177461
-0.00985212122306374 0.00441249317578387 -0.887452668548403 0.169507464700683
-0.00443444044186695 0.019601488744346 -0.149840041326736 0.736404335523143
-0.0202171046438377 0.011862952855733 0.361738146549217 0.402817078357467
-0.00268295222862218 0.00060753605633717 0.348303866199404 0.00202514842203608
0.000283132622095832 0.00575308813206315 0.102255787041246 -0.216513252940727
-0.00543328545811293 0.00201123973292719 -0.0824392107420301 0.131311659103096
-0.00516491725652142 0.011650660135845 -0.250978209895964 -0.0591286827380003
-0.0186601117522805 -0.017489333198947 -0.209575769386092 -0.390246564369008
-0.00795568605670628 -0.0145172292833712 0.337997748764699 -0.564169391337307
-0.0283464064147819 -0.0101597113758032 0.841061372000008 0.0155362926118483
-0.0290765612958111 -0.0204770304973695 0.482038919588539 0.693490751423856
-0.00292801521643774 -0.0395220405221059 -0.100188044808579 0.57150808996376
0.0058747314803899 -0.0539359792781901 0.0525405240133758 0.0237956028902072
-0.0148909669582995 -0.0461657309230204 0.0504943083124309 -0.550909283077524
-0.0370422936219567 0.0028557147464963 -0.667306471841942 -0.612573328961385
-0.0126148480016428 0.00627181664395864 -0.84784349527769 0.267344362367077
-0.00516531245346207 0.0175180326888353 -0.063285794333943 0.74616481458415
-0.0135138639096931 0.0123912199883594 0.39491236076012 0.365025667611542
0.00393288661664289 0.00453203473570666 0.344452581903707 -0.0220169026715901
0.00105532374817331 0.00903654454980957 0.0940809750318288 -0.221186878896954
-0.00426912486023251 0.00338380358203655 -0.0883745466589353 0.12837024793157
0.000297410128370475 0.0147884165164017 -0.245982659512974 -0.0698000579517997
-0.0136589109012553 -0.0168013489412239 -0.18014034486406 -0.411406825935836
-0.00897923478577778 -0.0184913626700789 0.388607751481863 -0.541352728460835
-0.0260677360534759 -0.0114323170259677 0.843804387849336 0.0903116904828346
-0.0230343874478216 -0.00977257574857728 0.428398915566989 0.736277569689788
-0.000162851778407462 -0.0225011105748933 -0.125146976503264 0.560264899504726
0.00315715715145069 -0.0323166450409317 0.0617425411663294 0.00462472496398645
-0.011173087603149 -0.0249876029860365 0.0244636352099269 -0.564637965255881
-0.0283363332998227 0.0129470406671167 -0.710315159845548 -0.560504506852516
-0.0128802307962977 0.00528009802607723 -0.815022945979116 0.336564057727076
-0.00456090866895082 0.0151656609791688 -8.05820684469477E-05 0.741926069417342
-0.00612215749171265 0.0132806387630726 0.419550688289052 0.335225862826757
0.0113780059537276 0.00787743811695287 0.342422321445625 -0.0368968197136815
0.00230000791783816 0.0106890086218503 0.0864313728491072 -0.223965471956665
-0.00202453722117008 0.00659826489153851 -0.095045782082236 0.127104058134427
0.00425006630829921 0.0182532368965595 -0.240292127759452 -0.0753887570463688
-0.0081792575916386 -0.0148337012230177 -0.162109378095317 -0.422182650747464
-0.00767127279933467 -0.0213695869808267 0.41284386913789 -0.533171030251836
-0.0213756262549775 -0.00995445179788478 0.841924829756184 0.127330496468698
-0.0146870731395969 0.00373575903841913 0.403671434995263 0.757940461520127
-0.0025280589913198 0.00158374807329222 -0.137122817473025 0.553926525945193
-0.00361590185015885 -0.00632866801258488 0.0675133867442456 -0.00402032473329831
-0.0071071743656632 -0.00220789496681758 0.01040748118783 -0.568728645201695
-0.0172425280426261 0.0191111799278883 -0.727578120168358 -0.531337340515342
-0.0117012263799228 0.00362214248673329 -0.798682553214731 0.368133797657894
-0.00521929396816109 0.0138805938603382 0.028059585075033 0.737172327202135
-0.000725192637998934 0.0148054798512125 0.428813809076212 0.319968321251537
0.0170103685107675 0.0108497408141932 0.339881880512063 -0.043503879749136
0.0065447148875169 0.00971696428538569 0.0788524725441745 -0.223508642225819
0.00108611995383382 0.00622555710137033 -0.101835897411523 0.130082302866122
0.00877500297571702 0.0231592446696735 -0.239141513970994 -0.0724634280679048
-0.00551199576081146 -0.0107677485253428 -0.162409099470497 -0.429832503387268
-0.00615559719453562 -0.0226627063256266 0.404171908134881 -0.544657576785577
-0.0144596445444277 -0.00945884999486591 0.840908960104071 0.119436457523755
-0.00641077859633104 0.0191376003905987 0.411401864782989 0.754897189891655
-0.00759556283827285 0.0274151702478471 -0.126875163821332 0.557839196683761
-0.0123532468886313 0.0210385106480244 0.0690271802425455 -0.00312936916493267
-0.00153862412579882 0.0223374905150879 0.0150322849024467 -0.568111491123799
-0.00415818454264157 0.0266127133467825 -0.726606594211357 -0.531817685151595
-0.00922791525401453 -0.000949606774485998 -0.806942898340785 0.363731863769829
-0.00461225754091524 0.0116222414606888 0.0164574899564502 0.730738611882985
0.00498050539925052 0.0181602872283619 0.428449051177352 0.318715642203143
0.0217407356498366 0.0135584002975569 0.341619880876508 -0.0404981716075568
0.00938426110431103 0.00961398998132353 0.0758809069933713 -0.220385801255165
0.00335007766785337 0.00692651695100424 -0.105013511266098 0.133326403156834
0.00813157301772731 0.0233513488941944 -0.239943892685903 -0.0620179264690578
-0.00377187658667725 -0.00679807476014625 -0.179840242323844 -0.425391918909908
-0.0047621788432626 -0.0233503292626781 0.364596216117815 -0.574920781583529
-0.00706735948422617 -0.00853599455906663 0.83339264362283 0.0632120864288948
0.00367778960824671 0.0323602947954134 0.451591431804933 0.732199865408001
-0.0099198031903753 0.0511424134737894 -0.10404857912052 0.569119827765377
-0.0233278477511717 0.0443197805290752 0.0686567585635784 0.0100060635829396
0.000296106799708429 0.0430201046754174 0.0380652819116378 -0.55923543767995
0.00732405209708721 0.0339722480349115 -0.7018980938742 -0.566277912331405
-0.00265227656824042 -0.00596112832556501 -0.838965615508747 0.319394409010978
-0.0042732877140523 0.00866877007188616 -0.0292561807395536 0.727683288337051
0.00651364770290249 0.0211103272554488 0.413049471707239 0.336730750809034
0.0220998176647162 0.0169101143857841 0.345833063594505 -0.0272977207043858
0.0131646271946846 0.0096693282946208 0.0749505228456603 -0.214957297258782
-0.00640281820779345 -0.00621773307622156 -0.0704139543944602 0.154836334194942
-0.0173273086270644 0.00700681048165846 -0.257359585792863 0.00208727111512855
-0.0321401166361496 -0.00474277098930621 -0.323284277932586 -0.300721187209723
-0.00333044778294582 -0.00542536094543425 0.0823083884919164 -0.633040531521873
-0.0179189713729155 -0.00802393603375782 0.736010838992036 -0.300217684055429
-0.0254316039906521 -0.0194405925464392 0.6804603981305 0.4722173545885
-0.0217393836036766 -0.0382781259682432 0.0414985501322609 0.618171854559656
-0.00627017491110114 -0.0625663764689807 0.0301823934212459 0.104274445561504
-0.0143334135383996 -0.0583831257077539 0.154020010212562 -0.471873328270826
-0.0315994777143562 -0.0146566321830807 -0.460583167236554 -0.793577804977673
-0.00119954012750235 -0.00161082061154072 -0.944032015449994 -0.0493903731542764
-0.00189237083151677 0.0192128707271099 -0.33292736220483 0.689070051539359
-0.0288529838811892 0.0149443419048039 0.285181982055607 0.464841165338706
-0.0138076723506304 -0.00340193794950473 0.353313711173855 0.0480565949427121
0.00248057833751293 0.00061607723180771 0.113166191880484 -0.208231937859372
-0.00796968258328812 -0.00340359448948338 -0.0716753020200476 0.14647822216237
-0.0143660922043105 0.00748172493085847 -0.258611388390351 -0.0170678139976036
-0.0294337562260819 -0.00950136356671486 -0.293231075330185 -0.331038228822443
-0.00498597102800469 -0.00718377414137123 0.168292000425266 -0.621156859051251
-0.0243437579336995 -0.00807307787434604 0.787370724812177 -0.206552104942243
-0.0311899975445101 -0.0231786741080753 0.629128130624998 0.548162773531248
-0.0176562322190337 -0.0478473600494448 -0.00429372901711205 0.604918417513823
0.000842424080572011 -0.0696034065416783 0.0374760103478495 0.0772746345162014
-0.015305614135287 -0.0638851356498707 0.116208940834263 -0.503120299299578
-0.0369435280891087 -0.0126946946499019 -0.544787578612555 -0.736801585227802
-0.00644677962761908 0.0018818102747902 -0.923344253684407 0.0678975897061012
-0.00198963113687738 0.0198439967053541 -0.235953812134854 0.723297585725869
-0.0253565972881346 0.0121403511745674 0.32915654709942 0.43443173018719
-0.0096689105006389 -0.000930632193147644 0.353801373869267 0.0204301355047094
0.00072684706239275 0.00277637203149267 0.108171962265949 -0.214003867944027
-0.00745467163450969 -0.00152756127083832 -0.0763839192876339 0.140109520216446
-0.0104035902436457 0.00893245664130964 -0.25691526777891 -0.0373916647420617
-0.025181132636606 -0.0140281018220827 -0.25630793537281 -0.361743725862017
-0.0080091984197311 -0.0112910059160309 0.252878131315902 -0.599801469013204
-0.0288531596804751 -0.00912590956025764 0.823379569794553 -0.10099040177318
-0.0325027428244273 -0.0234084821322873 0.565067086093917 0.623281243169184
-0.0101434791979538 -0.0500492014441488 -0.0516441973670746 0.591037617459696
0.0052987862433292 -0.0663386509486907 0.0450247298742837 0.0480049314845418
-0.0169522101224326 -0.0594544964098775 0.0766629251735583 -0.533283701453479
-0.0400285235415352 -0.00571863764499827 -0.623776102469027 -0.670667695957788
-0.0105113441899599 0.00488284566461845 -0.887624518113381 0.188225254320561
-0.0033881273030626 0.0194116658373252 -0.133880164469177 0.743587514150343
-0.0200963662514027 0.0129093400473693 0.373719901043171 0.397109625678982
-0.00255625720092282 0.00101287075828847 0.35116882181989 -0.00482872070910717
0.000958688090082517 0.0057991092582266 0.0999251919289501 -0.220754227304423
-0.00595015235242282 0.000607208157833234 -0.0814033115777475 0.134279513771157
-0.00552565843268845 0.011917438897453 -0.252822745140004 -0.0539095653782683
-0.0187420679298255 -0.016129875692044 -0.218633031936247 -0.389048654997089
-0.00867636124263601 -0.0151895731947001 0.3260110164949 -0.573353251824598
-0.0304382071621075 -0.00978705689627375 0.843972327803218 -0.00103067259539038
-0.0293059494165625 -0.019396635614381 0.495743975902621 0.686462639772273
-0.00349039470995552 -0.0408199656610063 -0.0887021838585537 0.575149101478626
0.00595524887460796 -0.0536718082818764 0.0541868289434366 0.0228032529559201
-0.0161341456640494 -0.0450953132762817 0.0397649230565315 -0.554483885678407
-0.0361421767949265 0.00395121447295803 -0.686045777143676 -0.601480060527296
-0.0118420812546155 0.00683527227534323 -0.845015123168405 0.28736128006455
-0.00463605928807577 0.0184304965251369 -0.045437230190309 0.749848861543771
-0.0125269316069847 0.0125911435589887 0.405571625536472 0.359915203869906
0.00484417456683623 0.0044031151886162 0.347039005869708 -0.0298721054224794
0.00131303962137994 0.00766241424222249 0.0898304094031919 -0.226519440614871
-0.00512796564584001 0.00398740399524842 -0.0873956420551776 0.130505124717973
0.00053785743696586 0.0146766087588385 -0.248214159443503 -0.0654321992299836
-0.0128730963791199 -0.0159381006687292 -0.189323445873741 -0.410794281906475
-0.0081276971817015 -0.0189895861816621 0.378032779892056 -0.552934226317347
-0.0269535225101968 -0.0103160122827995 0.848985460624784 0.0737304315492654
-0.0231351482765795 -0.00947210811228901 0.446961136927736 0.72965625978595
-0.000927774710009991 -0.022641475265675 -0.114303425324064 0.562641584523512
0.00237286642682861 -0.0326214432839063 0.061518162025254 0.00348134357920296
-0.0127960113911374 -0.024726175808431 0.0127617187566532 -0.567299240351402
-0.0280257550526727 0.0137270534868667 -0.724940452486442 -0.547851805617789
-0.0130775948322563 0.00554296508090425 -0.811163835885516 0.357094089199038
-0.00430748266079962 0.0162883070913773 0.0152536260266904 0.74637613710626
-0.00690287789751994 0.0137570957326844 0.428472630506593 0.328407619271059
0.011455482948476 0.00738637135495048 0.342953607616184 -0.0456917585980739
0.00305424742313294 0.00977993370478886 0.082568847610987 -0.227347916434448
-0.00221652406035264 0.00521142292492541 -0.092740206077583 0.131445697125997
0.00493609039132121 0.0181193879082891 -0.243022880471942 -0.0697991024054993
-0.00828186457322008 -0.0143273625126895 -0.173456158876201 -0.42235253905983
-0.00824743855152122 -0.0219274532020076 0.403453350887674 -0.547048085123817
-0.0216495400258523 -0.00917135112971209 0.848037449225851 0.111218544028873
-0.015062373088132 0.00501584729341512 0.420838480859521 0.750469950834499
-0.00238104368147401 0.00140424122423665 -0.123054049332625 0.557643325122046
-0.00461009972143818 -0.00590393927552142 0.0674522186291236 -0.00541910633422329
-0.00745247443026056 -0.00176940961612215 -0.000290654989239451 -0.571966498297165
-0.017195402073061 0.0203005770760311 -0.742529531883236 -0.516439358922909
-0.0118197792855089 0.00372992879172045 -0.795062147665081 0.386731655892116
-0.00387736424521573 0.0136353026091562 0.0440381124447643 0.738263537349814
-0.000235630294571684 0.0154476148623613 0.437949672700373 0.311955200699289
0.0175498853623598 0.0110168262300848 0.342101304613261 -0.0527274632386798
0.00605896211732435 0.0107697148920622 0.0747426670425951 -0.227389135583816
0.000228950528247659 0.00702493875607247 -0.0982477935556235 0.13233803342517
0.00817849232509524 0.0218023282576848 -0.241111118853638 -0.0677656602482628
-0.00507819153487413 -0.0108892813849831 -0.172368469794332 -0.428553145200715
-0.00705566167461694 -0.0238034128516835 0.394247847546902 -0.557528534569495
-0.0148347851654401 -0.00850363660676891 0.847254405792592 0.101563236782737
-0.00464585879757173 0.0215694789723907 0.429094194297496 0.749865359523421
-0.00621292340068518 0.0275715685732082 -0.117229991348774 0.561395010380425
-0.0128578846416601 0.02012529695167 0.0713125921526338 -0.00479608466542223
-0.00203733825792265 0.0223862401954572 0.00504902675218087 -0.569752485120563
-0.00450590350645415 0.0272805220670182 -0.741655431989518 -0.519502299043825
-0.00888106292595148 -0.000996416795324136 -0.804852515528641 0.38240304424785
-0.0046028667550848 0.0115554657517642 0.0337261071211382 0.734466927932202
0.00548357948778576 0.017255787327098 0.437081949311019 0.310068277531487
0.0210693429558068 0.0134221106169198 0.344103795072989 -0.0487982025583388
0.00957367432874004 0.00958934202055862 0.0717452816068812 -0.224530383013634
0.00317904052672578 0.00685071151177874 -0.103782130535553 0.13697087311688
0.00862279901905568 0.0237200204305846 -0.242637523205893 -0.0570067723661009
-0.00385629352686147 -0.00683421206446861 -0.192231013961577 -0.425554989980237
-0.0052622031975013 -0.0245941590216142 0.351616195992441 -0.58622948177319
-0.00710561819702394 -0.00853891889086063 0.840708498384006 0.0475476040999631
0.00429207408019626 0.0324331374395331 0.470818458035827 0.722878036821173
-0.00941520860668964 0.0504948536734131 -0.0933029523809167 0.572011009099159
-0.0220611676545743 0.0447709076238711 0.0686065341864436 0.0077232170419344
0.00126317049355752 0.0442337420106028 0.0273935524938653 -0.560999697426409
0.0072600914213437 0.0339686835233196 -0.717149200360307 -0.554998459143985
-0.0027925515356206 -0.00603426349717608 -0.838660583701367 0.337513979404742
-0.00347344358544351 0.00876120589703587 -0.0133835741367045 0.732233153587297
0.0079769714630674 0.0211517004340639 0.424356079327378 0.326448549224509
0.022110841697551 0.0154100138281851 0.348201848061273 -0.0342777317747004
0.0135860761330032 0.00936657554227846 0.0718417231367343 -0.218773934621975
-0.00681734031674228 -0.00544486159371945 -0.0675798765007307 0.156628834615672
-0.0170759314686865 0.00716917573272119 -0.256880985597052 0.00731424771636072
-0.0322923280234189 -0.00346942665614202 -0.330614519326469 -0.295388279151598
-0.00399168188687065 -0.006007018653951 0.0674654977469058 -0.636320356289172
-0.0185151318501775 -0.00763718261021466 0.731770457574055 -0.315684859681671
-0.0259263803588513 -0.0185451053765438 0.690818924592543 0.457388016648602
-0.02247930593487 -0.0385949747599055 0.0561874428169747 0.615143142972081
-0.00736365731039595 -0.0627607316588987 0.0327090128076345 0.103861828138732
-0.016212600905859 -0.0578598753257884 0.144259161882979 -0.47470917204346
-0.0322545611533022 -0.0143508446864305 -0.476829898602467 -0.782038865231019
-0.00123537852395002 -0.00196273424984609 -0.946470320201397 -0.0286855740876285
-0.000951639730639994 0.0202970443207704 -0.31686145326542 0.696438226100676
-0.0290652988280629 0.0147855353240912 0.296762694984442 0.459893355824838
-0.0135736469018014 -0.00292267236199289 0.355611340664022 0.040006352589367
0.00281969207368282 0.00086408380403631 0.111197229027663 -0.210827489129477
-0.00782150763364457 -0.00438363944908037 -0.0695350999078367 0.149372295429178
-0.0150757380521878 0.00731276096180057 -0.259410651593518 -0.0122008191144514
-0.0301962598073246 -0.00936756657169639 -0.301139873640863 -0.326657441471149
-0.00632304524057505 -0.00754652638019383 0.153819700032653 -0.625535157380911
-0.0242091468543225 -0.00733281528628135 0.784055794873138 -0.222337282602844
-0.0319218834101057 -0.0222379034862259 0.640107223878116 0.533756626480746
-0.0180230680662529 -0.0492020750803591 0.0096037337341073 0.605900124629079
4.84687230175294E-05 -0.0702058137117253 0.0387136989527012 0.0763903714067332
-0.0170814457844806 -0.0638418699396428 0.106083673494305 -0.506554256518155
-0.0380586325115432 -0.0117488110419043 -0.559528949896789 -0.725870133986326
-0.00628185948306845 0.00122311633642702 -0.92338209017305 0.0900881787193698
-0.00254361845157415 0.0200475928458249 -0.22080534956206 0.728086071153775
-0.0251123475728929 0.0146239977920777 0.341209331095871 0.428468619712917
-0.0100832033785845 -0.00136703859084644 0.354387760466683 0.013130902094336
0.00100242570914726 0.00241268133985018 0.103014237871123 -0.217779220665591
-0.0081573146369071 -0.00112677045940408 -0.0739161525587492 0.141591712202967
-0.010145185608499 0.00903501946517477 -0.258512525361117 -0.0305189034655428
-0.0262608679677016 -0.012687968664769 -0.264618871398335 -0.357766103953583
-0.00795607231180293 -0.0107134910923412 0.240083578703353 -0.60746613683378
-0.0283505332287452 -0.00798137737778998 0.822006320287387 -0.119996425217878
-0.0333056081306061 -0.0225805429796547 0.5762689884648 0.610470218371283
-0.00990541134277557 -0.0487185018816472 -0.0385820191383568 0.592345308496622
0.00406334251997084 -0.0670207064652135 0.0464213652361393 0.0476088326903415
-0.0182508777354663 -0.0588801232621895 0.0680084742650273 -0.53401559618711
-0.038845476923499 -0.00501264964121716 -0.637573222624664 -0.657539226638458
-0.010478013273447 0.00513401437952568 -0.884641256317926 0.208729453026014
-0.00344635515288366 0.0195030442412568 -0.117814960608116 0.746991852666878
-0.0195589718720547 0.0135211279842537 0.384032943531277 0.389475915479141
-0.00315200178156295 0.000825045047720107 0.352018400017179 -0.0141531081277502
0.000305154767093033 0.00652823940531659 0.0960497230318887 -0.223981186216025
-0.00725200285330349 0.0014650517646278 -0.0780384462037213 0.136285576274517
-0.00500637102778258 0.0113055890415829 -0.254783462645459 -0.0478143913125054
-0.0188597519675545 -0.0162975882203009 -0.228836513927111 -0.386079689603402
-0.0087379189791673 -0.0152983581295302 0.316432762246036 -0.582514240431762
-0.0302326583730109 -0.00858762380163202 0.844740043564628 -0.0208615030553486
-0.0294866866902266 -0.0182874780982402 0.511807490440656 0.67643961797515
-0.00393982353386531 -0.0405005276804362 -0.0767838680133695 0.577460732769337
0.00484701041609631 -0.0531196692949041 0.0548266001432858 0.0209097868829242
-0.0170807470748553 -0.0444684817167269 0.0289226809038421 -0.554646809255719
-0.0360562330988755 0.00468464658992752 -0.697393108163492 -0.586309442637194
-0.0122764983094117 0.00755215130924537 -0.841256940753942 0.305631744666421
-0.00387006048696647 0.0180282883566474 -0.0270501511324906 0.749006267397251
-0.0130882266058638 0.0135943136719213 0.413916777219778 0.351804617780711
0.00480722328628474 0.00455690889112059 0.347638795639129 -0.0376012774455886
0.00148243518035242 0.0084061034532662 0.0856118043163385 -0.229083820988615
-0.00486970051034169 0.00400035850381415 -0.0851900208933079 0.133264914098342
0.000900271293272734 0.0139905543285986 -0.24873841522191 -0.0594960681620602
-0.0135068606669835 -0.0157540429505029 -0.199547184699019 -0.407079061588184
-0.00968336355239675 -0.0186772391952289 0.36735031559574 -0.562225152973605
-0.0271321850486077 -0.00945280787182988 0.854330037873352 0.0561547431288454
-0.0231079107865487 -0.00870025197388654 0.46026032893839 0.72179158971387
-0.00132611512897028 -0.0220258654122492 -0.103818568043809 0.564944677632778
0.00208585934744916 -0.0328083359970801 0.0620015800653289 0.00186187055593825
-0.0136026696810788 -0.0246646746247686 0.00144773701099717 -0.567134254033163
-0.0282419306253615 0.013676512275592 -0.737285094766179 -0.530771972786738
-0.0125282682088943 0.00640369189487362 -0.805113105204763 0.375576776515472
-0.00508408571520727 0.0156641971214494 0.0318463620340136 0.74525399529853
-0.00589909889643797 0.0145666075665258 0.435948176714934 0.320286516193605
0.0114560320534402 0.00728381762598591 0.342773690574377 -0.0530952079493369
0.00356729311238441 0.00983346638850055 0.0772561617501394 -0.229766248676386
-0.00201736094395357 0.00546501297960632 -0.091935034095383 0.133288551536447
0.00526166995855584 0.0180770416086725 -0.2444090979073 -0.0641523658447161
-0.0088411923288856 -0.0142641009600864 -0.182673361520999 -0.421178968063354
-0.00920399769208894 -0.0213616030410743 0.390722033181004 -0.554599293608268
-0.0214914196151985 -0.00872714905738716 0.85134900070514 0.0924719448876673
-0.0141926676230456 0.00602174929234161 0.434719325298651 0.741198943173327
-0.00208229893076499 0.00107667150337362 -0.11322659591882 0.559404814981104
-0.00350104413531083 -0.00649415982676244 0.0671919928128774 -0.00709512730460644
-0.00735024900647889 -0.000938979034978065 -0.0137402270785539 -0.571709446097627
-0.0163471499780988 0.0215471493794883 -0.753342694010206 -0.502007874156744
-0.0125178389284098 0.00384090430894941 -0.788913652099144 0.404046217221747
-0.00436965143294213 0.0129140094119497 0.0615440430562113 0.738535373784268
0.00105811351078035 0.0168866371353738 0.445759557662435 0.30256552716506
0.0172764174907632 0.0106182023865518 0.340792607376435 -0.0603793231571207
0.00599176499285253 0.00979743738212343 0.0706632332583443 -0.229878166408507
0.000680540497657355 0.00685561788224525 -0.0964247809835383 0.136365741871807
0.00879998388358899 0.0215730806158153 -0.243827297449442 -0.0623023866137785
-0.00596369296664984 -0.011212215298484 -0.183579666110799 -0.426590316466583
-0.00820266399395977 -0.0232638485984335 0.382040221417929 -0.565402430134776
-0.0143761862868153 -0.00839667209741712 0.849639300192672 0.0826538195271241
-0.00466471638201323 0.021470175592133 0.444597517730006 0.739837312252899
-0.00551061846282146 0.0275713186505446 -0.103160718148649 0.563523623776867
-0.0119090806533562 0.021458997307745 0.0705076668115622 -0.0062839470903546
-0.000801249332460107 0.0223515642603285 -0.0084485498077484 -0.57043617878284
-0.0034012446909865 0.0272878494567697 -0.753784462097689 -0.504129176112529
-0.00977343378612939 4.7686039931695E-05 -0.797824148052041 0.400476671285041
-0.00533230810252584 0.0112978141187899 0.0488199224071686 0.733105851132393
0.00588709972757629 0.0184053245165891 0.445001100918967 0.300778008845776
0.0206735841136449 0.0136157470733442 0.34442918253054 -0.0563048272752489
0.00987165013351297 0.0104925068385852 0.0668764257422685 -0.226520212992428
0.00217537397680778 0.00680559255597778 -0.102123734800844 0.139599880601496
0.00983435230988799 0.0222663915641035 -0.24448540513674 -0.052174597076906
-0.00469556841105161 -0.00569640672769348 -0.202295226702466 -0.422686336315884
-0.00601453834165435 -0.0237833190293983 0.339303113572881 -0.595365717336169
-0.00710652351322679 -0.00796881472190616 0.841374854979392 0.0274698408024912
0.00549751868979708 0.0329979406500812 0.484790814569806 0.714095987784468
-0.00812690365916747 0.0502495963882089 -0.0810680701865645 0.575420119847603
-0.0206252660436064 0.0457105513210179 0.0693902260106488 0.0074751295336952
0.00373452253482746 0.0440644042144381 0.0166873005758592 -0.562329942468785
0.00808737579175926 0.0331523645580131 -0.72958049211756 -0.537441439222373
-0.00427941606425143 -0.00455834626499419 -0.831826431844832 0.354671771593014
-0.00276935344259777 0.00951901835866247 0.00116844210484113 0.732633593271905
0.00848341024520756 0.0221649373416443 0.432171281760725 0.319073731353292
0.023357658928437 0.0152463892048557 0.348911593733278 -0.0424474587593308
0.0143857822575991 0.00824153096126383 0.0676580030804695 -0.220212980031207
-0.00800272312887882 -0.00604137983347688 -0.0649345905951137 0.159550697939527
-0.0168786284693269 0.0076253402547173 -0.257081732549256 0.0136949916393052
-0.0324230834359548 -0.00376931260868811 -0.336913488236703 -0.288716077314924
-0.00387271647724989 -0.00575125879667334 0.0545277074714821 -0.637144870055494
-0.01787143045098 -0.00751200830069891 0.722196919184172 -0.332050592970087
-0.025474182452155 -0.0164414927931256 0.699445030974846 0.440396964465907
-0.0230465529928934 -0.0377887734282641 0.0687826992776608 0.612605102800298
-0.0075159999319955 -0.0624091339281861 0.0343294599981806 0.103044657278937
-0.0166154741210375 -0.0575894043030833 0.133724852112269 -0.475450963190766
-0.032508293128068 -0.0132731455307605 -0.492044717395373 -0.770659207868852
-0.00184428129028011 -0.000415771413665597 -0.945878091660076 -0.00943163388520341
-0.0010434718394045 0.0193237691232613 -0.302937789274375 0.702251514541796
-0.0277057795048093 0.0164047328607481 0.306598089723644 0.451320567943832
-0.0137103443148615 -0.00191942488161672 0.356346225619487 0.0330437543498111
0.00262442103210948 0.000923507348936378 0.105525367006751 -0.213993670165603
-0.00885337961494177 -0.00345761882515571 -0.0666449536880029 0.151057956927253
-0.0142424619195487 0.00762921162092768 -0.259315099156926 -0.00653240442298985
-0.0305146749189351 -0.00806153030593465 -0.308740244892428 -0.320220113341169
-0.0062369905279713 -0.00816627515691495 0.137764864549758 -0.629198924235718
-0.0244244683223664 -0.00594311225118445 0.777569116400596 -0.239543049993336
-0.0328819495511584 -0.021448460376377 0.650395708523041 0.519615887477547
-0.0186397874089098 -0.047908404297829 0.0209101013526593 0.603289859177747
-0.0019297275955407 -0.069414371778653 0.0403299532963848 0.0758035789006088
-0.017880797806393 -0.0639672957979412 0.0967050508972991 -0.505206487246015
-0.0381207867647932 -0.0111100608037314 -0.573790352110172 -0.7102561878488
-0.00671020818197692 0.00250432300909862 -0.920956351144401 0.108713084418255
-0.00242341376576938 0.0193260112933905 -0.204302269247648 0.731273703083505
-0.0240386258494973 0.0147990434173627 0.349448754817916 0.419632718966675
-0.00913577259542391 -0.000901481173525138 0.355074939158452 0.00387453604099716
0.00107746405903373 0.00385794137458906 0.100064693478468 -0.219916598456257
-0.00941090541721754 -0.00129730951003572 -0.0703449577789757 0.144310757982544
-0.00994982817543022 0.0084460423783979 -0.258788956619753 -0.0253503956990796
-0.024998399036904 -0.0121959367410294 -0.273267734666117 -0.351868209684997
-0.00892836475889805 -0.0109173353648665 0.225869297260786 -0.61055392420225
-0.0285322199040394 -0.00708189981724398 0.818315909882838 -0.13704654550867
-0.0329808539336757 -0.0209420757855579 0.588549506924667 0.59611661873127
-0.0111444416567394 -0.0493402266602317 -0.0256185857336807 0.591443191385772
0.0025123558439133 -0.066047060830497 0.0478249344105913 0.0460533250641381
-0.0197560947717201 -0.0586584922272537 0.0564736386755985 -0.533582772329686
-0.0393578178971092 -0.00374216224253618 -0.650708135870585 -0.640778047796874
-0.0101709742804001 0.00565513641522357 -0.876879733144276 0.227989754492484
-0.00250893955467613 0.0193465955194753 -0.10064014465124 0.747675468467218
-0.0192373864684033 0.0137721399195075 0.390971525621007 0.381580458783492
-0.00270780561434166 0.0010106010268066 0.351815671728402 -0.0232731466839144
0.000476460285312307 0.00627029949163413 0.0907985287207627 -0.226136122680191
-0.0072198247184682 0.00109461913886826 -0.0766518972022929 0.138871304808898
-0.00519007500766666 0.0116183127332704 -0.2545693759389 -0.0435579466577632
-0.0192764303505296 -0.0154284349254255 -0.237553674418906 -0.381622311289863
-0.00989855443807049 -0.0150300867886799 0.301703933656389 -0.588821047523768
-0.0301256847589704 -0.00801075728609694 0.842680653497598 -0.0376955305826992
-0.0296037403521276 -0.0163568221209111 0.525825000252617 0.664299296377454
-0.00542224948780302 -0.0409553718544726 -0.0648194431134486 0.576922248949189
0.00375103888423209 -0.0545379743003387 0.0544562058423554 0.0200630865693462
-0.0183018304881227 -0.0442549510691616 0.0181765349442246 -0.552108996823993
-0.0364458094180692 0.00564534458582423 -0.70950817735266 -0.568961355473043
-0.0122365965316272 0.0071392704522618 -0.835225858161439 0.324574659154141
-0.00314653924204251 0.0182169503056605 -0.0123616611056124 0.747985729488376
-0.0124116101689597 0.0145309993030585 0.421387353607364 0.339466240954518
0.00407749798846998 0.00437775513347643 0.346656370972199 -0.0451985199953747
0.00191421363304327 0.00808854851312786 0.0807928833082955 -0.229994846128149
-0.00603570289142384 0.0032129428883972 -0.0828782561549962 0.135499662346758
0.000634243112843154 0.0157671876940328 -0.250608627900673 -0.0539416961101025
-0.0137314833601767 -0.0148437559684927 -0.209394229471566 -0.402399279737585
-0.0109378685139401 -0.0183184048056444 0.353470851077247 -0.568298474021541
-0.0265470761083427 -0.00866215554848871 0.851852361979338 0.0383666335321825
-0.0231458371148085 -0.00702604101382725 0.476105437385563 0.707703105103801
-0.000989918089567596 -0.023277581579426 -0.0896331331088891 0.563560376919673
0.00130898844002326 -0.0325897441994394 0.0620894561493778 0.00202155839449387
-0.0137158701346155 -0.0243592531497681 -0.0107448049664961 -0.564602128731743
-0.0270948804605384 0.0149839008104204 -0.746893632620073 -0.513326668883182
-0.0140996441520574 0.00643843764839859 -0.79617189688081 0.390160917320704
-0.00367973562314563 0.0161172462436219 0.0489987810772313 0.742943225127013
-0.00492755258840087 0.0155507157275169 0.44238568713169 0.308343608171617
0.0115359583373253 0.00764281274324174 0.342403041895862 -0.0614233025064104
0.00444307739430075 0.00968882220748654 0.0728689052895332 -0.23347774862025
-0.00293574626345674 0.00567434685117517 -0.0887652598604185 0.136145172538712
0.0057218480181334 0.0189034268237272 -0.245808708072335 -0.05898788032124
-0.00876791762839733 -0.0136527442706083 -0.192293667197132 -0.416706569161276
-0.0096761055261915 -0.0214252534708754 0.376286046105618 -0.563889168034621
-0.0218119850672397 -0.00836651718483557 0.850979686203578 0.0733902664259336
-0.0134228529049477 0.00671323259135148 0.450648816500203 0.730603075563531
-0.00172162269895313 0.000867399507534415 -0.100347711230195 0.56057488192919
-0.00339976480868139 -0.00632430058971084 0.0678039367504781 -0.00807809427068537
-0.00691667986757961 -0.00130565444117274 -0.0246130452029802 -0.569612677603268
-0.0157362978432265 0.0217587997039687 -0.762432395951404 -0.485008478785377
-0.012232987523302 0.00469623089359909 -0.778404906741444 0.420426289131894
-0.00488116401924147 0.0134513002532602 0.0753078145487222 0.732589823323503
0.00149254712236958 0.0165631000802722 0.452047750380527 0.290875637762433
0.0173777881775528 0.0100820761525304 0.339483893151488 -0.06746101155343
0.00737499932725914 0.0100029989375634 0.0672299831857411 -0.23153038864229
0.000450230322648444 0.00715903632621938 -0.0953637386814033 0.136812207639872
0.00869674629548686 0.0216283797051173 -0.244634394099923 -0.0563646066145306
-0.00611088769173868 -0.0107351867658911 -0.193022990885074 -0.422401012325658
-0.00846599571694355 -0.0228642259396936 0.367677303748792 -0.57530545509173
-0.0142721763648413 -0.00773254364465061 0.849396698087318 0.0653976158757914
-0.00387922752111508 0.0219752269707089 0.458563618914207 0.727886521558267
-0.00435204519193241 0.0260495255220659 -0.0924112955666012 0.56285159416312
-0.0108030472559203 0.0211201951948715 0.069981330413114 -0.00835932186568422
0.000986582560066222 0.0235243250500643 -0.0173180294714384 -0.568646605724112
-0.00193970569965466 0.0272952604220974 -0.762953729657821 -0.484667704705108
-0.00919840509780636 -0.00039337530119345 -0.786588256707964 0.416886308082016
-0.00386581943023849 0.0109796838108599 0.0659327792863202 0.730683062937366
0.00648368035782525 0.0185756316623837 0.450817458676983 0.290647416840943
0.0216831396975851 0.0131522088981767 0.343196520933627 -0.0640725638327381
0.0100280881393925 0.00844598688809475 0.0625817499337984 -0.229084709663344
0.00269305286924302 0.00758046210890901 -0.0981601666587455 0.141786450017431
0.0100969241430488 0.0231412288216641 -0.245646475017577 -0.0475673486549381
-0.00432212599099258 -0.00627149131473068 -0.210868518620291 -0.417416371414593
-0.00676620945344977 -0.0242491411323241 0.325316850404369 -0.600355138672736
-0.00729910632268762 -0.00849652338856312 0.841278743069792 0.00991063173131793
0.00667726428837146 0.0335786136988293 0.498156571713645 0.70129798162491
-0.00766193236208037 0.0504103288950076 -0.0699895963193674 0.572996174891103
-0.0206181623512374 0.0454758097557469 0.0701513124508335 0.00533260532834096
0.0040933266438943 0.0436719143656437 0.00504269730827882 -0.55906991608733
0.0100790054892524 0.0337329640825311 -0.738301148100151 -0.520773144248962
-0.00387621995623235 -0.00370945777118818 -0.821700187441074 0.372884713039702
-0.00381401976323122 0.00935868426349439 0.0176823532106294 0.729796106067787
0.00971104079586414 0.021760504524741 0.438476835392474 0.307904568871419
0.0226341094316574 0.0156195611687454 0.346622744214042 -0.0506967504683695
0.0136959985287304 0.00917950843105645 0.0622230115898134 -0.222039466916759
-0.00841696152125422 -0.00644687156276417 -0.0623179199110111 0.15961368527646
-0.0161263386183236 0.00761354413942446 -0.255280462419545 0.0193396583304565
-0.0317670266107639 -0.00162898331889144 -0.342579467832201 -0.281697041848776
-0.00458458007227227 -0.00544033319350796 0.0392860817865455 -0.634367185437635
-0.0180894429460257 -0.00657661981538316 0.712659763031208 -0.34352599138911
-0.0259473482314766 -0.0161308382674732 0.703063243229801 0.42290696002473
-0.0234399681863305 -0.038114569780071 0.0797537137798246 0.606872062007143
-0.00924707924897491 -0.06183483090445 0.0366941987626394 0.100891822439532
-0.0165415999467231 -0.0566888587868427 0.12490665364477 -0.474712823337275
-0.0314465384342026 -0.0129511322393973 -0.505415488913944 -0.755289773134183
-0.00192964582379332 -0.00133221504029521 -0.942621969808807 0.0105038672039733
-0.000387784472963119 0.0190526868204613 -0.286745148751359 0.705078925626738
-0.0270686218842626 0.01697677505133 0.313878916882422 0.444812053455851
-0.0141923744601695 -0.000390005608953862 0.356232123551308 0.0241817749456394
0.00281376359316853 -0.000293868964707102 0.101238836747493 -0.215992268423157
-0.00975302245327157 -0.00339760223771931 -0.0638621948619137 0.152417069385906
-0.0145835736433923 0.00822803631732454 -0.257381490695173 -0.000298722382177876
-0.0292216015993859 -0.00768871104711582 -0.314403958553546 -0.312289714418945
-0.00648587127621497 -0.00828109236749063 0.123164096262893 -0.628211650741523
-0.0243147423374288 -0.00542479291345507 0.76801017501764 -0.25544561987494
-0.0321406408576303 -0.0185519490028139 0.657380622949887 0.501487103748732
-0.019206936941532 -0.0476217167178776 0.0323560724116537 0.598112408677944
-0.00277759602628645 -0.069504587337968 0.0402504149613244 0.0754538893270514
-0.0186265308706683 -0.0617429295550731 0.0857528144512191 -0.503592746153948
-0.0388952820525503 -0.0100940859369334 -0.584795352373833 -0.695966856324019
-0.00705549939464798 0.00311556967227751 -0.912153778904064 0.128163864453278
-0.00119557368988085 0.0201742193110907 -0.188404124677455 0.731141274980062
-0.0235550974609197 0.0156145094783035 0.356106655262139 0.411488222913644
-0.0103460803105724 -0.000867458530898594 0.354373317688233 -0.00455082495343469
0.00109309192683111 0.00264839991697289 0.0943285724859244 -0.221942064169099
-0.00875888518018478 -0.00167834708670634 -0.0690071180669283 0.145365187542725
-0.0100839528268484 0.00913167139926533 -0.258093505597615 -0.0205895932643392
-0.0250365813809648 -0.0120947133007869 -0.279216030877572 -0.347209528658399
-0.00885385910572468 -0.0113700166471223 0.210193666843042 -0.614066125967874
-0.0292791681781589 -0.00562724500405316 0.810370106619514 -0.153138361081092
-0.0335788678603007 -0.019710331113204 0.594450706113968 0.58148805178803
-0.0119955067503172 -0.050034241172843 -0.0137619824707898 0.586988951953886
0.00117177145613516 -0.0664603790457612 0.048019158334933 0.0457560922999241
-0.0201623362063746 -0.0574506281321881 0.0459970589958774 -0.52997349032017
-0.0390672631917724 -0.00321193451110937 -0.66002914082446 -0.624115478711044
-0.0107218782939941 0.00501130551342808 -0.86965964145686 0.244024188715228
-0.00243856420314506 0.0191064876031803 -0.0852239600136079 0.745240019210008
-0.0186655993470845 0.0145083510113119 0.395624316393696 0.369951299424042
-0.00317635441970421 0.00132777133528351 0.349273429371173 -0.031616701384749
0.00145971447091452 0.00541163922333197 0.0855895265781536 -0.228315831288909
-0.0073689447587014 0.00156839134797272 -0.0735986712045175 0.139870966098864
-0.00366726159175922 0.0119128489216383 -0.255020422609513 -0.0370937198096517
-0.019925025047772 -0.0138854426147849 -0.244388709906079 -0.375708270148709
-0.0105981667552023 -0.0150146210731008 0.286002233010204 -0.591830143642328
-0.0304349058758444 -0.00751186324038449 0.837456386335687 -0.0536699183114691
-0.029067459390896 -0.0156044859538273 0.534853987082404 0.648688858840068
-0.00551116331044665 -0.0408216713175219 -0.0543982180930844 0.573796726574303
0.00332654707281127 -0.0547853835546314 0.0553867581043587 0.0201266218962302
-0.0182342238744951 -0.044238060940845 0.00847307864544839 -0.548581088761311
-0.0350274079472778 0.00615110177362618 -0.717427244949949 -0.552029960916364
-0.0118273424772116 0.00703410766073859 -0.822336485225757 0.338410087377691
-0.00300130377110062 0.0179247501685135 0.00243225884638151 0.747285783189298
-0.0117471485387347 0.014569655010396 0.427100478674694 0.329745300087046
0.00472621424190495 0.00414835239052808 0.344028746554448 -0.0538012206826421
0.00170843147208151 0.00815223067505403 0.076031422258858 -0.232240641122353
-0.00509063516865633 0.00373323797594548 -0.0803352267139865 0.137790412511074
0.00149715334891686 0.0145949219380516 -0.249370300763313 -0.0479187721309743
-0.0145447319122975 -0.014875175764857 -0.21569484549697 -0.397069929672682
-0.0104085296926349 -0.0182239920855811 0.340058625300874 -0.573345214084916
-0.0275068457714546 -0.00841042240568787 0.848566729567325 0.0199168518584459
-0.0228577342879278 -0.00596873619460847 0.4852048148323 0.691909545617741
-0.00148838343500792 -0.0243958957154412 -0.0802177813368183 0.562702362225845
0.00118612330154886 -0.0337516661301147 0.0612520724216215 -0.000323631915127854
-0.0137020495845377 -0.0234683304215381 -0.0208455985646658 -0.560853118467189
-0.0264587783041589 0.0143995555769378 -0.751966716405521 -0.495486941448794
-0.0131755531585797 0.00697040858680217 -0.784551735173287 0.406254028023702
-0.00421699431510886 0.0160973155734991 0.0631244921003316 0.738336442871845
-0.00437566677474395 0.0141819854711621 0.446602013504589 0.297507197108899
0.0115086711518974 0.00631051859525821 0.339426315220824 -0.0692005157925487
0.00404712157393367 0.00941810709034941 0.0672091568713029 -0.233669622180443
-0.00240629044433568 0.00564299521183104 -0.0864620337433967 0.136878613653863
0.00627160471139839 0.0177602813179653 -0.245855435479512 -0.0524826629411385
-0.0093838374393652 -0.0125540834917389 -0.201434851721244 -0.410671313398473
-0.0102311720826568 -0.0209634091532802 0.360811060672424 -0.56945056665088
-0.0224239288230857 -0.00738459001130833 0.847758023987075 0.0577818273845304
-0.0130980592587166 0.00739769740141064 0.461092984986148 0.718087679832308
-0.000933279302329247 0.000549727005463088 -0.0892614768670673 0.557428934686966
-0.00314451615842839 -0.00691943994657888 0.0665733776898342 -0.00959915027131237
-0.00693960265023732 -0.00164694605126229 -0.0338602304814352 -0.56438132885239
-0.0153891904335696 0.0223566751736495 -0.769798405203823 -0.462605147406385
-0.0136066051681325 0.00384067334464534 -0.766689969665738 0.43309954828493
-0.00412504728852578 0.0142752417914718 0.0912854057410008 0.727774222558753
0.00207431666169427 0.0171378174667384 0.456457905797183 0.279669601558228
0.0173897144902858 0.0101965520605042 0.336806518865041 -0.0763721130849788
0.00559585639681025 0.0107089751094274 0.061566475462189 -0.232837944925885
-0.000747844650462044 0.00641414886828189 -0.091023101646241 0.139634857916155
0.00969265277224839 0.0200004108415144 -0.245458940287506 -0.0519773373458943
-0.00699424585070631 -0.00960885015909682 -0.201452631712211 -0.417976766598392
-0.00923078499763676 -0.0241080869901302 0.352981714530259 -0.57901114861478
-0.0145567728161208 -0.00758322853042095 0.84580644635326 0.0478940320743285
-0.0035794614175171 0.0224151758859195 0.47057614878585 0.713283004925836
-0.00392147831098028 0.025430319475909 -0.08082648164828 0.560784252588002
-0.0108360730385413 0.0213523403201325 0.0701877449618088 -0.00965241978657309
0.00144069150013272 0.0220360966076228 -0.0300059953859783 -0.564416023909793
-0.00171049862353522 0.0285781404854366 -0.76748860451135 -0.466729172970848
-0.00972816282184898 -0.000237081964046492 -0.775763246773581 0.431760422001248
-0.00351464971972697 0.0103826043446851 0.0813726666187803 0.724969441718306
0.00741839034204761 0.0183521431267266 0.455514532391026 0.278094319424224
0.022027328667485 0.0128200387260518 0.339033268726589 -0.0712176905475938
0.0106579841338549 0.00902139312252792 0.0578369488302693 -0.228907020958011
0.00258363935494927 0.00757908200774022 -0.0968409441909338 0.143682250277255
0.0110614750004263 0.0219566878102123 -0.244957176572385 -0.0421992477285183
-0.00586025466424024 -0.00648656411675488 -0.219282240492191 -0.411710371161409
-0.00846027969776731 -0.0236326809867121 0.311161352900278 -0.603881904023977
-0.00751649259714122 -0.00762467356274395 0.834761449537459 -0.00647958733415174
0.00729201111172524 0.0325233325065511 0.508531621577171 0.686454151041209
-0.00646721380365414 0.0496004485156303 -0.0568229921469688 0.571138759592526
-0.0187250126804845 0.0459818529828508 0.0696314700801878 0.00398004329113941
0.00552961900058972 0.0434436624354464 -0.00611422654541672 -0.556508459943157
0.0104576600176681 0.033136709360732 -0.745111707412094 -0.502192104820224
-0.00431495045311926 -0.00414888786761987 -0.80939991498508 0.387115038914152
-0.00273738981008113 0.00838454583808118 0.0349192525398527 0.724163438792854
0.0105903585528367 0.0215504246254933 0.442836900059525 0.29760936458954
0.0228220980302822 0.0155866948988121 0.345574783991934 -0.058579677285607
0.0144239351687795 0.00831764185317046 0.0586059690175172 -0.222851070658681
-0.00826257053561997 -0.00480063244403864 -0.0592399734999128 0.161117573931279
-0.0157016427156759 0.00734323355100174 -0.251933340786316 0.0229785330344295
-0.0315895873065789 -0.00168321076575119 -0.344319042480702 -0.273366987671901
-0.00474029850134856 -0.00623897941452006 0.0261275804733515 -0.630721462397821
-0.0176162341574167 -0.00600903784799355 0.698802783535348 -0.353890505767215
-0.025632535759438 -0.0157365505127598 0.703193033353707 0.407451744684288
-0.0236597869498859 -0.0370511466094722 0.0896656252682849 0.598612557999929
-0.0100604169123663 -0.0606889278791602 0.0385061333335198 0.10073589247074
-0.0180997498516386 -0.0564484913966648 0.114253071393373 -0.471971116775762
-0.0324810097872976 -0.0111350574099777 -0.515043184199292 -0.73925461531645
-0.00183957978259441 -0.00139222459005678 -0.93325263878077 0.0307230995208231
-0.000434436345368338 0.0189464960513845 -0.269166377788825 0.704267919086262
-0.0267374900961537 0.0174222859000694 0.320304631726861 0.43515622938933
-0.0132404037647694 -0.00135170119204319 0.353400188135554 0.0158150526354481
0.0029364904365795 0.000725115982980011 0.096054043182356 -0.216899019341114
-0.00973687337209381 -0.00240277573915188 -0.059824247752452 0.152267002931795
-0.0141911594711642 0.00766804796585926 -0.255251099377471 0.00402891378035883
-0.0294146939057095 -0.0057415901238921 -0.318374350406832 -0.305382852844219
-0.00765053567984584 -0.00810199164664403 0.11063211180774 -0.625608655073733
-0.0238394410973323 -0.00410480120235361 0.755344698168431 -0.266788191427814
-0.0324444373757021 -0.0187664563321437 0.659592125484852 0.48831788421437
-0.0196968383527396 -0.0483317576800801 0.044506107951397 0.591529365370467
-0.00399229424943974 -0.0690043176611894 0.0424438424804433 0.0732341664204207
-0.0198864729448949 -0.0609164608275797 0.0780972530810798 -0.499465046500716
-0.0375283921217815 -0.00914805051110926 -0.594632904892601 -0.676675564815145
-0.0075385379913086 0.00284677966295697 -0.903945794877125 0.144683816213314
-0.000945323210786355 0.0190846725393494 -0.172834172081332 0.730185188893354
-0.0223815135493557 0.0151965648935232 0.362719664941554 0.400411404490239
-0.00847863369567669 -0.000655311666162667 0.350837286597387 -0.0120769295648499
0.00151964208480026 0.0029047619261647 0.0901969028749882 -0.222936367207786
-0.0098485431587323 -0.000482842238031707 -0.0651648661237932 0.146097730896316
-0.00951188823612147 0.00947265309116007 -0.257249202142816 -0.0145005918789388
-0.0264701976366512 -0.0105914751011802 -0.284590300403599 -0.338341348826379
-0.00862015058326032 -0.0108230207994934 0.19615670346192 -0.613373889160343
-0.0286484435684402 -0.00455837462634029 0.802011124156634 -0.167532273696454
-0.0335131498835638 -0.018539394607652 0.601660064980713 0.566517610131381
-0.0131876160132389 -0.0492311601516404 -0.00455916383361571 0.58216533865495
0.000876566097136523 -0.0669286191647699 0.0492935993154664 0.0436256137524761
-0.0207862954263292 -0.0564365987979991 0.0376903779507538 -0.52485093468944
-0.0382795528812948 -0.000943367199129682 -0.665699501910783 -0.605890153177324
-0.00966974856551713 0.00609444591596827 -0.859791238073477 0.259306028296201
-0.00229407751236584 0.0185722622853017 -0.0705672780978665 0.739837393838981
-0.017476447186556 0.0144987513557269 0.399620694726464 0.359837254161737
-0.00331419740422642 0.00128784052438547 0.346615786321396 -0.0378131757417046
-0.000440038484743964 0.0061461658557395 0.0823676935215614 -0.228326359065995
-0.00809858364249163 0.00157326899230808 -0.0713253318586523 0.141846629208178
-0.00415497661341438 0.0113108980465544 -0.253306183883321 -0.0328308153327654
-0.0202057143812905 -0.0133193692441708 -0.250853363562581 -0.368316521105162
-0.0107211683818883 -0.0150451589845336 0.272040326965038 -0.592448340762156
-0.0306510544324345 -0.00604769239370533 0.826842408032573 -0.0688956154591363
-0.0289783321707529 -0.0147848701797007 0.542035651837085 0.63310830599357
-0.00665354417835188 -0.0407945573535379 -0.043495669125727 0.568253957035773
0.00319407017361218 -0.053560049961588 0.0554298112301595 0.0178328176145242
-0.0196230902275868 -0.0432274929066807 -0.00173690690412386 -0.544155655558231
-0.0343896781372126 0.00715422979753191 -0.72105408002911 -0.531899253623254
-0.0127284624030861 0.00756973904383321 -0.811374191522456 0.350721853118747
-0.00247817512002549 0.0181125684955065 0.0181796643971356 0.738979743955779
-0.0110566051314403 0.0147531765473245 0.430863046961805 0.318261429275742
0.0044766036660945 0.00471854537016148 0.340705495804815 -0.0604384333936698
0.00115633126681267 0.00800202273389914 0.0719458388924023 -0.2318513983422
-0.00653947230930772 0.00487084604947171 -0.0773353632146303 0.139226511143134
0.00216312525120855 0.0143075123484554 -0.248549960768732 -0.0439282308031222
-0.0148216998145172 -0.0153240677662148 -0.222936652432158 -0.390513390727322
-0.0103594982272553 -0.017728795834284 0.326671399006176 -0.576803193902818
-0.0271265063867573 -0.0068010789483374 0.84022427453724 0.0040890398567039
-0.0218537014613927 -0.00468496737109292 0.494181515827177 0.677864192375551
-0.00232649511990229 -0.0238273105679975 -0.0694662787256143 0.557408846798973
0.000690410940097269 -0.0322917332053061 0.0610354588494826 -0.00126325569538782
-0.01340851579465 -0.0229371895980961 -0.0299080677588501 -0.554782980239176
-0.025886871712079 0.0157415022655239 -0.755024192879696 -0.475093652741505
-0.0126548580092193 0.00759181889706437 -0.770543309165722 0.417127905077943
-0.00320769042700404 0.0160729303824171 0.0764128322963097 0.72886816374439
-0.00373830719001875 0.0151835049986715 0.448722500693686 0.285787516378319
0.0114854066471658 0.00678884752612042 0.335387153456776 -0.0759152043271461
0.00488152512512581 0.00890266787656878 0.0627150476854193 -0.23294495670937
-0.00431879291456493 0.0064825946586801 -0.0829507867847488 0.138819399061231
0.00643058806825631 0.0180768581886966 -0.244640789687369 -0.0488959920190511
-0.00887368294211809 -0.012266536466545 -0.207715115401427 -0.405241507456485
-0.0113810540368774 -0.0210118522870633 0.347070536228402 -0.571753623404539
-0.0214585018243413 -0.00767719520552491 0.8422168700516 0.0428073241343795
-0.0136123187818671 0.0082768082500361 0.4708880132376 0.700656909777021
-0.00180775342474761 0.000132079391304805 -0.0792092428873605 0.55344236006444
-0.00302362336322206 -0.0054266770975761 0.0655051039552881 -0.010604033933245
-0.0061571004896162 -0.000778259028600899 -0.0423950799269682 -0.558812221682311
-0.0143187666729871 0.0227581034439202 -0.7730072326085 -0.445912912809537
-0.0118693832422966 0.00456222278161091 -0.750858410146913 0.445609409413105
-0.0032939739773374 0.0127900441619905 0.105439899202632 0.719698864686891
0.00310521120095339 0.0162626211434825 0.457563015504736 0.26801240802639
0.0178826151167106 0.0100348416777702 0.332982373153323 -0.0827808515191806
0.00801996673758465 0.0100151494648663 0.0560748117449459 -0.23180857798617
-0.0015295618825299 0.00667032083056158 -0.088313675853555 0.139699760863841
0.0100007767123714 0.0198184537617451 -0.244585536882113 -0.0473827387110414
-0.00647076586972434 -0.00924530930498507 -0.210125642236963 -0.410113050191338
-0.0103486982388713 -0.0224549151617017 0.337230740485823 -0.582625824528851
-0.0142562649727908 -0.00668476243049181 0.839448468045441 0.0320730135642277
-0.00309049931408014 0.0228657152322745 0.479665873095858 0.698290775116584
-0.00429495653838267 0.0251400799528648 -0.0703846158055021 0.557027244844081
-0.00991471172534019 0.0209373451676822 0.0691977765273685 -0.01055051491976
0.000977808082784519 0.0228261766085729 -0.0382885005135747 -0.555779005426116
-0.000316162420246664 0.0286048410400679 -0.768818508278267 -0.448401168316245
-0.0101922980441688 0.000826578261397476 -0.760168246936851 0.443237835656802
-0.00449715717427803 0.0105057994191837 0.0943117020722012 0.716520073183781
0.00878484399278674 0.0191574869396175 0.457464539493686 0.266859538252374
0.0222595570454138 0.0128214004455327 0.335121589948973 -0.0785691784387412
0.0110081675802587 0.00958793937804445 0.0534316079782626 -0.229658251447848
0.00169775402235088 0.00579724609571571 -0.0935227732654886 0.145351803908834
0.0111098511735219 0.0217855286665727 -0.244264847327106 -0.0374645609236027
-0.00445058772630674 -0.00520913802241868 -0.227803798641686 -0.406290706801893
-0.0083325838262686 -0.0230379819831928 0.296082210205631 -0.605811563373907
-0.00778371209479605 -0.00745964838464917 0.82739175090027 -0.0220040010372331
0.00854283969430517 0.0336911665686519 0.516758958162402 0.671086861681156
-0.00631959710730568 0.0487406873199989 -0.0469194221609122 0.565620492906821
-0.0170587706747546 0.0458679335086116 0.0694310193064395 0.00242780127033687
0.00528940730683706 0.0426777188405251 -0.01511215556998 -0.549088343364657
0.0110883884171318 0.032820686945241 -0.74895272228634 -0.484176165007496
-0.0052821970229612 -0.0037916690053029 -0.79650042696329 0.40045112336502
-0.00384156491972426 0.00830964679429477 0.0472766858701822 0.718951388155527
0.0106482539175237 0.020421817511533 0.445573773083158 0.285268394098062
0.0233342779662415 0.0143437588617831 0.342142306930578 -0.0655694364445562
0.0141749877418012 0.00843358721348847 0.053845167057757 -0.22307133144768
-0.0100683161849237 -0.00557795363798277 -0.0568467552647146 0.160833181640379
-0.0160653466264157 0.00818414485935337 -0.249216061925429 0.0269790980943156
-0.0317099546033006 -0.000612654304444837 -0.347609567717408 -0.264982014880409
-0.00449715915677026 -0.00681464822185491 0.0138759925224685 -0.624497517649686
-0.0182200112485181 -0.0054055448075205 0.686966867334924 -0.361045297097126
-0.0250593072946129 -0.0141377012885407 0.701035409741142 0.39330956728567
-0.0234181311358003 -0.0362513847771715 0.0987353887873795 0.588772779347851
-0.0106915281145568 -0.0607642560697516 0.0390351988474163 0.0982516780619993
-0.0176950085616866 -0.0552512830847709 0.106021961010967 -0.467986744024518
-0.0312339705394363 -0.0105163682626754 -0.523842591431952 -0.722345560787459
-0.00210282375083249 -0.00152121147592268 -0.923444054411798 0.0444269604369632
0.000879841551371524 0.0185358620094127 -0.256320940279412 0.700618737805531
-0.0258519828580413 0.0174305379695916 0.323345303131282 0.424070693018149
-0.0135793230262087 -0.000198957546285457 0.350198737826762 0.00824306272363503
0.00281519688068941 0.000309238034138426 0.0917573593382228 -0.216027594621575
-0.0102728882159943 -0.00344614066440159 -0.0583085472554272 0.153384840733446
-0.0141842321623641 0.00847819986686239 -0.251616380196047 0.00937037385675752
-0.0290490759224705 -0.00528656242601485 -0.32159351296714 -0.2971240815397
-0.0070682017213675 -0.00793231089279895 0.096666631762818 -0.620408340806422
-0.0233337581530991 -0.00353956242485993 0.742540637383972 -0.273638983258965
-0.0327492139729587 -0.0173099026680715 0.658580427694367 0.46987512525013
-0.0206895341978022 -0.0468798467761564 0.0512376891618068 0.58270243068826
-0.0035672276686894 -0.0679910740691203 0.0432995875782795 0.0712561857091712
-0.0198935188069593 -0.0601673564742446 0.0703252553986076 -0.495056335066339
-0.0366450513458928 -0.00818672744777284 -0.597289259553981 -0.659670777889731
-0.00697141868734481 0.00216933117105708 -0.893653259948884 0.156476728142241
-0.000188149379813232 0.0194043444519592 -0.158659882838569 0.72282049401286
-0.0223067657795893 0.0160694739449916 0.364418731742377 0.38904307890425
-0.00926313251001123 -5.30367835172834E-05 0.348274359323723 -0.0176807995178668
0.00219276615316875 0.00401754807369556 0.0857903097331396 -0.222031452758004
-0.0102855812868006 -0.000974139824784437 -0.0618069043496943 0.146165191888407
-0.00942331285084365 0.009640536885721 -0.253051352809224 -0.0101124212081159
-0.0254749117015024 -0.00986001148734215 -0.288431415111514 -0.330935649340577
-0.00992532304591054 -0.0109023256988395 0.183424945169018 -0.610819168676095
-0.0279770209608462 -0.00379463038501787 0.789954471006229 -0.17810956138966
-0.0324044406479053 -0.0179091612406179 0.603010723257793 0.548765070449665
-0.013859553463733 -0.0484551276454795 0.00394573885314027 0.574590082017061
-5.18100163992816E-05 -0.0649298277010615 0.0495763107544801 0.0426950612848821
-0.0209272991199577 -0.0562458429996898 0.0287331698060075 -0.519335457937456
-0.0376324860226365 -0.000985278906902157 -0.66856072146642 -0.58789188972516
-0.010541583690957 0.00637565871309224 -0.845114578618272 0.271027391231359
-0.00210865175245193 0.0187170667532204 -0.0558520992401324 0.731626838337461
-0.0170590664830829 0.0157119543165023 0.402705622426011 0.348637886464594
-0.00259304094740957 0.00233192711186007 0.342319658611771 -0.0438708156689528
0.00128874676041035 0.00605003042962142 0.07723632496867 -0.227277439832369
-0.00769922466102956 0.00156538110132235 -0.0697727004323156 0.141765767976307
-0.00371775417185743 0.0107686377004778 -0.250910070321796 -0.0283352201729688
-0.0206254971219532 -0.0131571770105178 -0.255865349987745 -0.36037557630683
-0.0108501794898839 -0.0145931295927891 0.258494148259821 -0.590847908600322
-0.0294003221945554 -0.00478382938870605 0.818442029581636 -0.081473891659748
-0.029922168418765 -0.0133028855291625 0.544781661844871 0.616372055957164
-0.00706392963042065 -0.0401900496252711 -0.0343143546090179 0.562397202363889
0.001868117879284 -0.0536052571375404 0.0539887209869136 0.0166049334342699
-0.0191356767222706 -0.0420742774726541 -0.00924994242661115 -0.536668748884982
-0.0345477375962435 0.00833088599230689 -0.72372036442012 -0.515182045806695
-0.0119449126628616 0.00861871181371879 -0.796068594815105 0.362160526161605
-0.00213148069799122 0.0171747796285397 0.0304999690790667 0.729709533247706
-0.0106743155001068 0.0161211636735748 0.42975054508071 0.308043805298781
0.00524328556957536 0.00414638687673646 0.336825799718507 -0.066773144266718
0.00213356757805336 0.00776870913379013 0.0663697052115448 -0.232064611053131
-0.00724641797400414 0.00310124764871609 -0.0750256269557331 0.139418097885379
0.00217093672342122 0.0144712226923008 -0.245607547127682 -0.0402285749942335
-0.0148124816359553 -0.0138975193995839 -0.228584237729142 -0.384000162907171
-0.0114668299840252 -0.0180833485691608 0.311576413854307 -0.574858875642748
-0.0265748663525996 -0.0065720078577958 0.830787434256329 -0.00944290119180381
-0.0217033103427618 -0.00411947938126934 0.50008559068601 0.663049125394842
-0.00291663982034922 -0.0234345950504256 -0.0601303096091827 0.553466364893632
0.000762819311377882 -0.0324337035614151 0.0612600971217762 -0.00214764462620188
-0.0144091577324808 -0.0228829661822203 -0.0388920677073246 -0.546664843818955
-0.0261259261303812 0.0167400707904541 -0.754980585745696 -0.456270549521534
-0.01284899283255 0.00755541037528398 -0.752899588412512 0.426111940770675
-0.00305632313494991 0.0160209703895086 0.0879349072360348 0.720102762373853
-0.00200743317649659 0.0157337509198353 0.449478307716435 0.274658996206833
0.0116163386001584 0.00732622344677412 0.330875639836368 -0.0822942396076013
0.00498642701879271 0.00873805905306622 0.0594806949043666 -0.233210497845766
-0.00384965884297128 0.00627276030420713 -0.0806890867746261 0.138299390306024
0.00681017063275991 0.0177455375035399 -0.244270572793836 -0.0437460263949739
-0.00984906987543378 -0.0118811966535537 -0.213961913359072 -0.397762420403892
-0.0121229440023301 -0.0216198894908482 0.333546178569353 -0.570403659109163
-0.0210725680911961 -0.00619210064285137 0.832359463364979 0.02716881095077
-0.0124570876133465 0.00901911292534408 0.475187541076642 0.685713462826337
-0.00230729944011034 0.000282964827635117 -0.0699652777239363 0.548267049505469
-0.00341795751865494 -0.00670689173259769 0.0655277740921878 -0.0113754585593475
-0.00545872835185493 -0.0012259109483738 -0.0517292578075052 -0.550708353908073
-0.0132301699562604 0.0224094209290174 -0.770219258798591 -0.427754862547997
-0.0126874510520467 0.0052890680003266 -0.736858464381279 0.454182346409586
-0.00397455068815013 0.0134886721343381 0.116065665686922 0.708360621623174
0.00316002362251842 0.0164976360877538 0.458398571640027 0.258585521926626
0.0182843484108268 0.00920157016705668 0.328876228361253 -0.087997326564613
0.0076073813104308 0.0088952656066452 0.0519765032790883 -0.23148425706356
-0.00231552835952821 0.00633517960238064 -0.086326991886207 0.140770002020625
0.00982842060174442 0.0194126611117641 -0.24222538039974 -0.0424004251866759
-0.00695322920675754 -0.00947937608236 -0.214447774809579 -0.403616494315476
-0.00992996874989284 -0.0232709519201988 0.323989303306842 -0.581437907879146
-0.0153086682333854 -0.00584794053430505 0.828731929621973 0.0188823046721132
-0.00134625434073184 0.0230275422117108 0.484246522831975 0.683941017890525
-0.00300650257406328 0.0248327356229746 -0.0617209160430558 0.550531195678249
-0.00875263071349193 0.0207619676996403 0.0693166359659502 -0.0119462756318438
0.00237528107710737 0.0221190023602759 -0.0465832146937595 -0.549863132173353
-0.000764993847611883 0.027708774753067 -0.768236599653603 -0.430389763037911
-0.00897330534810133 0.00166097501532353 -0.74682837380114 0.451402851560044
-0.00310581510054618 0.0117873435352472 0.106001334008964 0.708038474370259
0.0081371283185114 0.0173080469394126 0.457996324596466 0.256399553057151
0.0219819260963828 0.012078404680464 0.331562408727312 -0.0845127471052953
0.0107801776489426 0.00885741546442178 0.0488538608033801 -0.227396520766274
0.000228877742617758 0.0072816719026185 -0.0895600892009164 0.145473282058859
0.0121654427285117 0.0215660373482519 -0.241292847521836 -0.0333095193720807
-0.00530256864300088 -0.00486644431898542 -0.2336645907687 -0.397664224900943
-0.00951513944695799 -0.0228638853081962 0.280525512468631 -0.604487568317075
-0.00714763925780189 -0.00657859246422582 0.81694478990227 -0.0358619223799542
0.0093409251638986 0.03326162411557 0.521350595290293 0.654693420743394
-0.00459802139681732 0.0481002789755708 -0.0376882996087595 0.558130089899308
-0.0160717900532354 0.0451100813564498 0.0681710990551365 0.00229452320291877
0.00716972191737421 0.0423747229926944 -0.0241237133624211 -0.542802537506469
0.0122119776020213 0.0326616248541579 -0.74702224262955 -0.465826527470689
-0.00507623053549966 -0.00283004358822022 -0.780764616201429 0.408211667147978
-0.00355806027877231 0.00864022656839157 0.0587110714080761 0.709100176830098
0.0121994377752012 0.0211771377792633 0.446268211579326 0.274652191808048
0.0239970905657609 0.0139719864665012 0.337856877302103 -0.0718847705731716
0.0138097885935457 0.00753124518885524 0.0494376367857603 -0.221719864420923
-0.00925608364549924 -0.00514428928809011 -0.0539533404713529 0.1595977783406
-0.0150211203307498 0.00813905246528952 -0.246066722365763 0.0303518691919768
-0.0311900512876364 -0.00052390966199758 -0.346854947771463 -0.257220811310971
-0.0043611501631537 -0.00615049009272866 0.00524628019076078 -0.617505378170757
-0.0174459213480414 -0.00416027709144389 0.672230982195249 -0.366655557140117
-0.0242873583227426 -0.0139365101267786 0.69804293655153 0.378260907309186
-0.023705920990374 -0.0363549585857999 0.104247640241616 0.578637804140953
-0.0114193279232601 -0.0593621083738359 0.0398456763382249 0.096615447058123
-0.0182656765971444 -0.0531106641283953 0.100597909619687 -0.462575180297723
-0.0312506554676445 -0.00926428946867405 -0.523781069779298 -0.704706699418312
-0.0023103458970912 -0.00152522506025817 -0.912610843916454 0.0574185621008939
0.000914909702870483 0.0177000985648616 -0.242858408555153 0.695167074132544
-0.0237949007646104 0.0185399796504441 0.325723181397831 0.4146332622444
-0.0130546821967523 -0.00111142150101029 0.347092205791438 0.00324693506456533
0.00309270710747484 0.000201304644332638 0.0885981544002681 -0.216073090604618
-0.0105568575165095 -0.00258495151291611 -0.0557239037109396 0.152552072596933
-0.0130989475304869 0.00781490537202094 -0.248779914481971 0.0113065722375094
-0.029840861446353 -0.00465405384745565 -0.322181719863893 -0.289548639625552
-0.00744665712374555 -0.00820873968701267 0.0873722032443085 -0.61374365671018
-0.0235636480549648 -0.00325538561861899 0.730625396727653 -0.281127544344076
-0.030943608210581 -0.0165902404930995 0.655502895052141 0.456483820897576
-0.0204814164289179 -0.0467714555972806 0.05912090996162 0.573853903652647
-0.00481734760729378 -0.0667863134421609 0.0445186830256387 0.0692767076746848
-0.020294992492147 -0.0591453190419029 0.0611628033503668 -0.488482178048185
-0.0358552618434927 -0.00775647294555355 -0.598287603979819 -0.642791759323171
-0.0068375735071621 0.00209613703762114 -0.878914100910052 0.169173665157845
-0.000349330170739036 0.018915141510414 -0.146754314992418 0.715660913246374
-0.0208673532991672 0.0165860593903183 0.363797542110903 0.379648928966908
-0.0091416464404486 0.000585971933027497 0.343698059968433 -0.0229842929703652
0.0020120379974924 0.00301818411184756 0.081669614424954 -0.221144375748233
-0.010474092271451 -0.00035756402227017 -0.0606518411265901 0.145349552649675
-0.00878564779178539 0.00910730212668121 -0.249884308768498 -0.00664356119159482
-0.0247310719387266 -0.00910986251994116 -0.290927162094464 -0.322995531207926
-0.00894414766599226 -0.0113038464641424 0.172921040759144 -0.603750619915842
-0.0275904922682977 -0.00329071375654367 0.775862082066384 -0.185383312861752
-0.0320289698468641 -0.0157666645226538 0.602647590788274 0.53447361774501
-0.0136698000192629 -0.0478122842981677 0.0115739514729408 0.565293722913357
-0.00105810635743802 -0.0645338535723105 0.0491098419282788 0.0415490024213555
-0.0212985789137839 -0.0545688590213013 0.0228648593674699 -0.513587175120185
-0.0366659522965368 0.000433458662925913 -0.666778285413822 -0.569628604279248
-0.00990275318051639 0.00605922876316356 -0.831586753732653 0.278154880431583
-0.00170650359275562 0.0173941921401777 -0.0466702453812135 0.724443649335784
-0.0157106863714904 0.0153391288187972 0.401444310612332 0.338381168946243
-0.00302670269704055 0.00211258500114848 0.337677314406203 -0.0495707094883546
0.0014915874495458 0.00661912040776849 0.0726212692023059 -0.227362562474102
-0.00865721706484296 0.0018143082106099 -0.0669799562031346 0.141602700318738
-0.00358955558287294 0.012190683300333 -0.246671066877436 -0.0236310775364178
-0.0200824962974554 -0.0121943217963257 -0.258910015525966 -0.354093816554675
-0.0118096628992057 -0.0150251994820882 0.247035985754165 -0.58871959064908
-0.0290566070126929 -0.00473896623559306 0.807812255361647 -0.091666772840431
-0.0288912028274364 -0.0121144538533835 0.544975233136799 0.601261150686905
-0.00705939561249046 -0.0403338855507477 -0.0279663650027744 0.554285547102969
0.00200434059358366 -0.0527644942027538 0.0541200553228533 0.0157573853784779
-0.0197823827870416 -0.0410095654252397 -0.0135385870965915 -0.528481875035479
-0.0331223946639954 0.00782877579736245 -0.718340537947052 -0.497821747263454
-0.012021530086127 0.00812429804302561 -0.78258698320962 0.368351829862031
-0.0018522122070803 0.0168904848763629 0.0395336908352839 0.720687464262635
-0.00956597121054982 0.0146789903612299 0.430639242591631 0.297150321561724
0.00481037406295059 0.00410753341950254 0.332250224720201 -0.0703522869374501
0.00354439023396623 0.00812825745568438 0.0638829433587739 -0.23023693283013
-0.00676604574697086 0.00425925782882961 -0.0722849701497317 0.138306831610363
0.00220520725199373 0.0139443635609409 -0.243271477296725 -0.0355656043685742
-0.0141707606720776 -0.0132142895352366 -0.231481399961722 -0.376101430490679
-0.0129350713575479 -0.018347477107638 0.299831762831703 -0.573699214782547
-0.0263893424440113 -0.00519665748389635 0.821948307218587 -0.019230253895455
-0.0208587014061063 -0.00388373319262679 0.501639508317653 0.64767921777437
-0.00326441694397704 -0.0242951568984915 -0.0531930942702253 0.544290255041136
0.000695062190089076 -0.0311568434545602 0.0602036697546997 -0.00278522200762596
-0.013075804903529 -0.0225275050641032 -0.0436708996791622 -0.538483715051112
-0.023368602505426 0.0158336515675993 -0.751119336559632 -0.440198252206865
-0.0130569031453129 0.00723464290106989 -0.739756390944217 0.43102766137712
-0.00215790920884409 0.0153312634224085 0.0981724224793634 0.708458046987098
-0.00203275007465729 0.0149280129715445 0.446700585290612 0.264019407768348
0.0116503875260057 0.00728728243316361 0.327026100989218 -0.0864465904809074
0.00487330963497365 0.00960326140449545 0.0541405869336643 -0.230858552694087
-0.0049942547786726 0.00592177011554779 -0.0782922435490963 0.139570641767888
0.00729536724218972 0.017233887632922 -0.240750953035344 -0.041112198499305
-0.0095809809758006 -0.0123929776970795 -0.218626413470713 -0.390351906825038
-0.0118794493181309 -0.020794207020343 0.319979994107438 -0.569749281739117
-0.0202881775936932 -0.00451100887803073 0.823280909183223 0.0152658726192815
-0.011744531581195 0.00935290999069884 0.47769668424163 0.671151112727283
-0.00205958131607678 -0.000263857887137814 -0.0619816698228783 0.541464189028358
-0.00380765804145935 -0.0066505432414555 0.0646973766484944 -0.0126004172504115
-0.0057932999381497 2.10956561979801E-05 -0.0565902506140445 -0.540987883146391
-0.0120593739204524 0.0228890566574978 -0.766195449483848 -0.410557977406984
-0.0119377615169351 0.00526723428019069 -0.720797682994847 0.458680571558707
-0.00256357495145488 0.0133257575763463 0.126322660033691 0.697391002438144
0.00396649765705541 0.0166457088418585 0.457528005001488 0.247367442720347
0.0191217365539241 0.00918881475489731 0.324406908635788 -0.0937567079743729
0.00788302947376134 0.00860956043243152 0.0489245080950615 -0.229702037855679
-0.0016166206261732 0.00657627379665245 -0.083313374492287 0.141003140171136
0.0103558286497731 0.0196316212143222 -0.239702948182532 -0.0371334974605975
-0.00651349653881105 -0.0086314214098929 -0.218674900999923 -0.395825564398696
-0.0107153108809601 -0.0229060548407167 0.311647912419715 -0.579162154167831
-0.0135416864320539 -0.00522407736542415 0.818192849867521 0.00779444420944344
-0.00176544324895506 0.0229265992921025 0.485496571549309 0.668289299697753
-0.00411165915468391 0.0243389599886528 -0.0531823824967111 0.543968025314393
-0.00859916862155736 0.0205525164790021 0.0679691093729733 -0.0105772304967655
0.00199108169610972 0.0227049137357079 -0.051647969410446 -0.541424866493143
-0.00136595610419231 0.0275473080141887 -0.76246051624239 -0.413048833643981
-0.0110945702007528 0.000802973043866033 -0.728615703742587 0.456871862473693
-0.0038440477640308 0.0108874112892375 0.114248568562426 0.695997813194868
0.00963246610189173 0.0173292748871189 0.455426393665972 0.24681833776478
0.0224179115659143 0.0111787422719925 0.326783874795898 -0.0894803357399773
0.0112758384285822 0.00887345627997107 0.0459181078204115 -0.225300335592738
0.000204216234969239 0.00676439584444999 -0.086406122099336 0.146539572149833
0.0111881692336433 0.0205926478260731 -0.240293225949494 -0.0286223660361733
-0.00554162609906357 -0.00460293507310052 -0.235900728001324 -0.391234017241856
-0.00948984250118505 -0.023536655119433 0.268400004402968 -0.600840941681645
-0.00648070379627089 -0.00572722242523974 0.807196992152641 -0.0463090183157242
0.0103830637119894 0.0325964604028047 0.522707309613607 0.640185463371061
-0.00428767290914886 0.0470511916267417 -0.0278180254482036 0.552222158255743
-0.0148288129051691 0.0446661323896699 0.0676183420350348 1.59303277183352E-08
0.00799439786165435 0.0420935366428176 -0.0295318301617372 -0.534574581921345
0.0136054307681307 0.0318667592875361 -0.746550277774819 -0.449479393963682
-0.00430113361548816 -0.00368901211346455 -0.767291215752676 0.414837935138372
-0.00303986404244034 0.00840379799859144 0.0667989816770354 0.698332574065855
0.0118888625601758 0.0200746536266393 0.443842226397861 0.265029675361526
0.0232434013885041 0.0135183945380221 0.332940294957402 -0.076491451070661
0.0147600147772205 0.0070316505799554 0.0460751753879878 -0.220829156126346
-0.00942349268218929 -0.00477898458059543 -0.0511198575515445 0.159181055987173
-0.0154431176775444 0.00835409601692395 -0.242217279962912 0.0323921798774295
-0.0312430115671786 0.00011690379401676 -0.345680706144641 -0.251154071187737
-0.00490794709850306 -0.00655247427445015 -0.00213393583437991 -0.609308424629565
-0.0167816134419265 -0.0044001839455548 0.659062226830884 -0.369293718168177
-0.0245215542829082 -0.0123614252379749 0.689910509681461 0.36687442801629
-0.0242361845373743 -0.0353544876663036 0.107170316212584 0.568920797138492
-0.0107638990295174 -0.05840791781114 0.0399606252144362 0.093967364094135
-0.0186358045804152 -0.0534408894892348 0.0942795729246048 -0.455881063508225
-0.0296664731448523 -0.00895553945467718 -0.52469146631987 -0.690347118335647
-0.00180401089626283 -0.00139657340598098 -0.898748011066302 0.0652004994220453
1.38557105088324E-06 0.0187032599277189 -0.232867560796758 0.688693554307215
-0.0233159875271068 0.0185740369174634 0.326785698837423 0.40551316679506
-0.0129683527131187 -0.000215234285312848 0.342705205460185 -0.00120343835828208
0.00360760812618022 0.000306570302209013 0.084764315955354 -0.213233162911389
-0.010468852103944 -0.00337251155718195 -0.0539256470768856 0.150695449909898
-0.01305356888063 0.0084108370851689 -0.246515619696452 0.0146896849486162
-0.0290678388500509 -0.00378994540486532 -0.322042339441292 -0.282786403743827
-0.00730567378538191 -0.00809409297189003 0.0792813010366468 -0.6067722054396
-0.0231098602845487 -0.0032733848657143 0.718158140297115 -0.282020090372637
-0.0307239102166572 -0.0154191833596736 0.651513834279155 0.442905158041968
-0.0206233746259861 -0.0455870631861608 0.06151818741002 0.564299086316664
-0.00556931744065738 -0.0667780835649014 0.0434242501825142 0.0678680053332634
-0.0201567511874614 -0.0577529698834116 0.0576882233652118 -0.482438113851857
-0.0357468474441843 -0.00679409026685028 -0.596668092790027 -0.627490666505857
-0.00629878845528314 0.00209033965575802 -0.865480789229875 0.174560376164377
-0.000527020000108581 0.0189288368155288 -0.136152988497371 0.707394881760493
-0.0208540600191851 0.0164673236961411 0.362952458465964 0.370650639315809
-0.00819609769609963 0.000868505936392157 0.338992716454208 -0.0267426146079813
0.00282416066607535 0.00349025253724871 0.0776316369530008 -0.220087814736873
-0.0108064103236567 -0.00119980428387116 -0.0590685277130968 0.145779181224964
-0.00855719165084658 0.00975815183711953 -0.246917504985666 -0.0044410603406763
-0.0246030568477707 -0.00912703541838621 -0.290403976122881 -0.317475498677163
-0.00997379138216468 -0.0105807714944895 0.16321559210392 -0.598229132549115
-0.0266272763578674 -0.00387586620326809 0.764349476868879 -0.189752928779473
-0.0315673271545614 -0.0153676123195662 0.598663719196703 0.521647648732803
-0.0146202333943575 -0.0475188822834502 0.0152655386727339 0.557680012189059
-0.00133427882171018 -0.0639758557767242 0.048624414537864 0.0398753336684084
-0.0208839231056484 -0.0543387604140273 0.0172860295497437 -0.505276887239044
-0.0359285497774375 0.000764245660169603 -0.662065746612086 -0.555617392426282
-0.0105412180906803 0.00663648545647042 -0.817211644844038 0.284022183872504
-0.00117122434284241 0.0179920501038997 -0.036056927732013 0.715764520244123
-0.0150897637093841 0.0163419555603233 0.400657105740655 0.329341925048561
-0.00205155882796828 0.00270632118830302 0.334294248024333 -0.0529012443693175
0.00143721608454121 0.00575644866663541 0.070213209786352 -0.225048341755863
-0.00865277775860242 0.000764374418906705 -0.0645105207547056 0.139920634074726
-0.00328612851228212 0.0105807667979343 -0.24381069156912 -0.0208563128695249
-0.020076569772015 -0.0118771520061004 -0.259074510739281 -0.346637757285933
-0.0124729802759568 -0.0145654018946476 0.236985756524379 -0.583856561161087
-0.0276470226016149 -0.0045666829034865 0.795348566064172 -0.100307520276929
-0.0275049335960148 -0.0119669206411107 0.541277188793863 0.58849909599602
-0.00771416455527045 -0.0394441629128125 -0.0209626122996009 0.546666403834805
0.00103837162003008 -0.0512745435224878 0.0535766995950638 0.0142220561128603
-0.0192130116954182 -0.0403950357891139 -0.0208526819475248 -0.522648775691631
-0.0323300951241471 0.00867350533866248 -0.713098958177282 -0.481082496576583
-0.0121480460184043 0.00876902088011925 -0.766534318863891 0.370931637435147
-0.00232589712573699 0.0166675469498795 0.0482618746469064 0.708487470497007
-0.00830054636506024 0.0149967409384774 0.426689056111754 0.288804564016647
0.00468345766626206 0.00507222673880368 0.32706969011157 -0.0738430156785932
0.00289540787257392 0.00759725051090023 0.0597451342911775 -0.227801963195089
-0.00699556141472819 0.0035980769358323 -0.0705581235218866 0.137918675431369
0.00217572758264283 0.0140392598499286 -0.241471018792219 -0.0333528592932057
-0.0140842617245005 -0.0125651012207662 -0.233883051850881 -0.370159191652978
-0.0123250968942093 -0.0173800337478963 0.287760527695647 -0.568248468573531
-0.025814953703723 -0.00446423136005221 0.810003589469705 -0.0277547991253288
-0.0195602924355338 -0.00317138476749155 0.499884975332596 0.63560665542473
-0.00305166938374896 -0.0242263277742412 -0.046554832442538 0.536638909307594
1.37917479244647E-05 -0.0312846728859911 0.0591762222717377 -0.00265926368771033
-0.0132387815213787 -0.0224082942161986 -0.0475277696009112 -0.530944091795259
-0.0238174209049582 0.0169117878356981 -0.745786064169589 -0.426607547427004
-0.0127802880035216 0.00813712627066549 -0.726164389774539 0.432149939000882
-0.00212885179911173 0.0145672696984843 0.103154741422538 0.698132527658951
-0.00126422579163844 0.0160479649887235 0.445720036425682 0.256776552581988
0.0125090105804766 0.00765928508592353 0.321436723637494 -0.089765118322421
0.00461823604173041 0.00921982811235321 0.0524602156028869 -0.228601750428008
-0.00489692721149594 0.00628156949204436 -0.0758706530859467 0.137648565482779
0.00739842988565502 0.0167516818453079 -0.23818035456919 -0.0376736801337532
-0.00993717272584037 -0.0109729035716737 -0.220522195954159 -0.384130874046934
-0.0124411543402226 -0.0204905953793761 0.308837466522958 -0.564429918473251
-0.0206952069133675 -0.00476731469602456 0.812023033301888 0.0063619685377879
-0.0105520044285276 0.00975728900197259 0.477892164020834 0.65693512246688
-0.00264974017350433 -0.000857761102597634 -0.0557632770506985 0.534057387112767
-0.0033044020029937 -0.00669228116382691 0.0637784595791941 -0.0133668335140342
-0.00558473985527693 -0.000179947825142405 -0.0609624755841101 -0.533581376169225
-0.0122556327984844 0.0226043755032366 -0.759776215660969 -0.398372104552337
-0.0123063977195464 0.00597959046476785 -0.70623657774852 0.459976117098702
-0.00319704381636476 0.0129552637313164 0.130219213590528 0.686815616716633
0.00508905998368568 0.016337774338236 0.452502566120925 0.238480699477642
0.0176094086801962 0.00946781693783455 0.319655588183969 -0.0959710088608386
0.00832037207767345 0.00933472974425002 0.045315924524763 -0.227302400278645
-0.00249595037062665 0.00713451527667137 -0.081452751946947 0.14026853586444
0.0112533471963012 0.0191858309016398 -0.236484153438379 -0.0348060020900399
-0.00629086732596571 -0.00808266265068009 -0.220713188481753 -0.388262995611295
-0.0115212120295275 -0.0227243645770756 0.301179682843841 -0.573219125232232
-0.0137727910986228 -0.00550058103796948 0.809886712219104 -0.00123374591699574
-0.000386795288819491 0.0230121179708373 0.485446445683592 0.654579745998873
-0.00362106518723232 0.02423425709043 -0.048846862043268 0.536559236475703
-0.00827121334948946 0.0196051392704744 0.066067933718711 -0.0122189437943391
0.00306009739669308 0.0209419537888625 -0.0564346263419623 -0.533120735929303
0.00105776366049812 0.0271666858432028 -0.75655805305632 -0.399533023920585
-0.0099081443034843 0.00196821198138834 -0.715976312191791 0.458034908429502
-0.00429295955207045 0.0114959296453938 0.121742485785549 0.685762297034773
0.00994744076876491 0.0180593179014775 0.452452148454339 0.23772405709936
0.021718232698133 0.0112287470234865 0.321387984137997 -0.0916945837791249
0.0118971919821128 0.00885204502377186 0.0430647161621051 -0.224603675460868
-0.00048921587246307 0.0070484393343293 -0.0857039120934466 0.144345102208648
0.0118324212889169 0.020345850095064 -0.237761140074594 -0.025406136298154
-0.00587378906763988 -0.00454271928745053 -0.23985724896243 -0.381870656465248
-0.0108459041051423 -0.0223508859781848 0.256805377207691 -0.597845394233479
-0.00652559468978557 -0.00728961336659574 0.79639605505053 -0.0528973574324898
0.0101803852701335 0.0337409763963172 0.522663617367159 0.626814918700519
-0.00501197642386666 0.0468052739758046 -0.0250063499539146 0.544693776709853
-0.0146366972003595 0.0436982824553309 0.0673809613950292 -0.00049484777641747
0.00859024402036148 0.0407953099141615 -0.0338072543618594 -0.526870596192267
0.0127539006333718 0.0319684837189156 -0.738071701368688 -0.434078827927315
-0.00547752946512741 -0.00350608663397044 -0.751527913291686 0.415585343263665
-0.00308560749279417 0.0086291692189287 0.0746636511474841 0.688081472532994
0.0126499362647911 0.0208282539870868 0.440668760130108 0.256363808108967
0.02336030691444 0.012690590479615 0.328225419400416 -0.0798660967652063
0.0135952973721451 0.00720119245573668 0.0440099352708302 -0.218411847158748
-0.0106330208635389 -0.00526355132403482 -0.0507000588979216 0.158217906452672
-0.014390538522426 0.00779262700100071 -0.239950532664135 0.0337248322617527
-0.0300989448554846 0.00110802328296921 -0.344248829982077 -0.244759922417993
-0.00543462302859017 -0.0065349634772853 -0.00798988018504995 -0.600263152859318
-0.016918162023746 -0.00332937080924721 0.647278965236738 -0.365912787288644
-0.0232437712631456 -0.0123155820861627 0.683039454159238 0.355830593920367
-0.0244658194080917 -0.0356337009363046 0.109110655273484 0.560222862507036
-0.0110280204058571 -0.0579777778675471 0.0404092430936102 0.092350298256427
-0.0180018328255566 -0.0532622441536697 0.0918362563952808 -0.449533643150868
-0.0295048535548174 -0.00805544957406744 -0.520296251700359 -0.67534062962875
-0.00246856799326213 -0.00208790737015712 -0.884866195442119 0.0726484156153816
0.000737778970040636 0.0174277149036205 -0.224728465421537 0.679517396642954
-0.0231470138166149 0.0179993286511529 0.325219700661835 0.397750647208651
-0.0125354271062407 -0.000183088982034025 0.337394976591744 -0.00454377111819184
0.00439394850534501 0.000508933894972091 0.0819785749778951 -0.213201224668633
-0.0114351058582172 -0.00220224118869387 -0.0525873508545954 0.149868526302156
-0.0118499054326822 0.00842083709342473 -0.241768610224843 0.0152684096278615
-0.0289986490210213 -0.00438195621770667 -0.319757108112109 -0.27664360675885
-0.00758041592210319 -0.00799518948904217 0.0725416365182216 -0.599339922412894
-0.0223753520718496 -0.00212535627809192 0.704636656235956 -0.284356010356796
-0.030030807530145 -0.0136835447197877 0.644440165255533 0.432600840920128
-0.0216714059690767 -0.0457221264317259 0.0627865969976458 0.554494426154013
-0.00498097855741688 -0.0650690080153918 0.0437461729783176 0.0670633684503405
-0.0198756847410374 -0.0572138992549448 0.0534204878796297 -0.473588378683875
-0.0347375105549446 -0.00665981957500065 -0.591990231576722 -0.612032073639298
-0.00699941057397175 0.00263767546332801 -0.852073616643263 0.179781834659417
-0.000141816947818655 0.0172200811938272 -0.129857964121997 0.69973410472542
-0.0196325657183621 0.016251854344527 0.362733458298585 0.364063242266562
-0.00853016104054979 0.00051809692747401 0.334377040698999 -0.0298320885283903
0.00231827133513905 0.0031814730778015 0.0754669985273719 -0.21766767174839
-0.0114801118445099 0.000278366695821009 -0.057283561175581 0.143909187293296
-0.00828810055999682 0.00932210597972594 -0.24404293284464 -0.00328493510866191
-0.02520642932553 -0.00868847869548599 -0.289951427390683 -0.311246626989253
-0.0107810374969736 -0.0108525042126945 0.155644760509616 -0.592089801571993
-0.0265119086368947 -0.00275196244496095 0.751581735098872 -0.192246592138969
-0.0309292753657283 -0.0146324339852159 0.592652882507261 0.510222107219287
-0.0145263525342442 -0.0470311172841071 0.018414246760535 0.548467262469039
-0.00073309747390529 -0.0628347976959887 0.0477698867366689 0.039387869941109
-0.0210860491198152 -0.052412693743372 0.0140609908672935 -0.497535965121962
-0.0365851812684921 0.0013926171896449 -0.657926061738478 -0.541133409355941
-0.0100573481272874 0.00618139495931793 -0.803919811125186 0.286317040995523
-0.0014546156159531 0.0177758714070701 -0.0302711993108797 0.704342201409316
-0.0140990504866946 0.0151348386021324 0.396479768774548 0.319893013548958
-0.00251147853829462 0.00184533240254919 0.329099557555994 -0.0561864033278868
0.00145269240343339 0.00617576840317849 0.0668749340175446 -0.222555673214095
-0.0101571854310944 0.00216990564766123 -0.062140384014955 0.138941529624302
-0.00285257257156586 0.0109050332424946 -0.241427273633563 -0.0185481114839257
-0.0205493854606496 -0.0120632867421494 -0.25873885841175 -0.34076432251258
-0.0122541586787559 -0.0144013954261703 0.227982434586672 -0.577269355572359
-0.0275033175199422 -0.00401676335448488 0.78303294232622 -0.102148072319551
-0.0271925518499409 -0.0107927037581952 0.539151027703834 0.575050215463649
-0.00789173489627803 -0.0397523496551838 -0.0188316177699096 0.537572948400273
0.000515243680834571 -0.0507991081872869 0.0528888448776683 0.0146013442141762
-0.0193668166355764 -0.0404917591980197 -0.0222161644415185 -0.513095315857924
-0.031557426579553 0.00941666626930226 -0.705888283851932 -0.469329710885455
-0.0128098961212733 0.00796077519484092 -0.752956631869401 0.373796195329603
-0.00203632627369776 0.0165534209314983 0.0527561924657814 0.698140697190099
-0.00795601842429805 0.0150816635816948 0.424489051012531 0.280232715391215
0.00504867876064239 0.00421804613712676 0.322772151376223 -0.0768064793721899
0.00284662607850293 0.00779815389999387 0.0577804209304422 -0.225536488832519
-0.00689776264437889 0.00381121431087373 -0.0693250864369206 0.137397325290859
0.00365586624692943 0.0139870009247055 -0.237396677701476 -0.0313093440316008
-0.0144321494809325 -0.0122239792433729 -0.233707257175114 -0.363183459134263
-0.0129144081189669 -0.0175230455642203 0.278793438231895 -0.563846007849557
-0.025136666377864 -0.00451161039750361 0.799477708145675 -0.0343777605497478
-0.0198415030383109 -0.00239066986387099 0.496877126326545 0.623051264955321
-0.00420752309416194 -0.0222885043220969 -0.0427208289976683 0.529701821655045
0.000127126539741289 -0.0313546141688716 0.0583249473749025 -0.0041594401452212
-0.0130300916911911 -0.0215973053647495 -0.0490600622904651 -0.521978830011299
-0.0231121171100924 0.0165929470424887 -0.73845907917271 -0.414532849271714
-0.012977782949042 0.00742690770960259 -0.713167421729289 0.434255869723092
-0.00301805280657121 0.0149975918374225 0.108532962288738 0.68640726702118
-0.000811514523026896 0.0160140075493355 0.441046134315991 0.248295738527351
0.0120561832262373 0.00623998594016174 0.31647615073657 -0.091360685801959
0.00543469457059216 0.00975290600366463 0.0491437055337365 -0.226620906014201
-0.00496775234865298 0.00625086164056884 -0.0745041499745975 0.137024999076345
0.00744813444649212 0.0167365414767388 -0.235260993709266 -0.0348803245969078
-0.00971891623541723 -0.0104693036043021 -0.220492478988286 -0.376688478405291
-0.013007210575701 -0.0203628262888729 0.300090109003623 -0.559026327001403
-0.0200057039522342 -0.0045082519413689 0.799550276548957 0.0022110397341396
-0.0105690288934859 0.00957033146002081 0.475470343796724 0.64269596311797
-0.00237382924522167 -0.00134504131611127 -0.0517684556732337 0.526243379268079
-0.00262639158728824 -0.00619229178372212 0.0618802974984464 -0.0136691611079704
-0.00536996749167161 -0.00126992142882705 -0.0625321626702689 -0.525170413311985
-0.0123648241983844 0.0224088120274614 -0.750896813530213 -0.38401042807836
-0.0123068189676756 0.00605081786701058 -0.692377680778917 0.458907465353909
-0.00235158796474575 0.0122557524085585 0.135243660507137 0.678036096858684
0.00559070150196002 0.0160344383233109 0.447670698842607 0.231969302743855
0.0174533590865887 0.00807773533046165 0.314387319309089 -0.0971454174889557
0.00797633807296162 0.00887649826223319 0.0437585203125933 -0.225356847248451
-0.00250424315307312 0.00715162804550966 -0.0784317496657895 0.138977495350888
0.0109850811486152 0.018720855493908 -0.233246432590242 -0.0334266322526968
-0.00633329018011969 -0.00758086508531027 -0.221699534511074 -0.381251068387925
-0.0123512713358767 -0.0215713018355474 0.291165404793858 -0.568908883158794
-0.0121158918952455 -0.00545345704087674 0.798075943587752 -0.00820879185994684
0.00086710562941798 0.023139215851849 0.483137437059231 0.641211668103976
-0.00375867771735167 0.022856237226499 -0.0442067348390945 0.528746055271932
-0.00858315520176936 0.0186317061717304 0.0651677543753489 -0.0128723462285562
0.00320655458786366 0.0211489328364245 -0.058367677788869 -0.523479672709908
0.00107446473461812 0.0270024266364825 -0.748086771360291 -0.387453970361142
-0.0101030651055337 0.00252877999680154 -0.701168669145668 0.457430250633136
-0.00279489987155295 0.00978035079391835 0.123454422383706 0.674894378924975
0.00980487946737446 0.0175671950032231 0.446685773106898 0.230399848763066
0.0213220474974187 0.0119020298492999 0.316282008343748 -0.0946305813722772
0.0116905793828864 0.00831893396419474 0.0402013672840477 -0.221564846319524
-6.88862861742551E-05 0.00732642079910789 -0.0831343832659945 0.144021358631961
0.0113114058929825 0.0205706686241243 -0.233605288260777 -0.0238294053873783
-0.00533990665489876 -0.00424580971097427 -0.238994011301941 -0.375697846687834
-0.0104752495363352 -0.0220455763513959 0.248863958987638 -0.589300516454161
-0.00615384927393857 -0.00636526812224505 0.784621549948861 -0.0587115032498437
0.0108908305001766 0.0326923461554922 0.516478736093917 0.612531948958533
-0.00382226459099115 0.0464022073658263 -0.0200475872690222 0.535093550422702
-0.0141553484034302 0.0428233206189695 0.0658413915547305 -0.000310682404264282
0.00796106042104522 0.0413797189858707 -0.0377894861328516 -0.518877254380929
0.0137293348895471 0.0301486522694449 -0.728941127641938 -0.423603095666823
-0.00542341554643478 -0.00185088639686563 -0.739184409097367 0.420150804907911
-0.00319035399678457 0.00938256562071138 0.0778961775231573 0.678200642510858
0.0130736547217045 0.0203081768205224 0.437735775494703 0.249065590386908
0.0225100179228267 0.0133100045131319 0.323144621947754 -0.0826830828002709
0.0141468928524483 0.00669815509590716 0.0412914084542405 -0.216174154964174
-0.0102521219699005 -0.00496251228036976 -0.0494087525744172 0.155778770765598
-0.0138258114169724 0.00762244182186604 -0.23691906396394 0.0344972306071121
-0.0311292776889118 0.00150749207868575 -0.341144098208086 -0.240537278180228
-0.00576189544442571 -0.00706093733858378 -0.00913126396251002 -0.592014366811409
-0.0164221499124863 -0.00375767988689351 0.637208476186896 -0.365178963775308
-0.0226768993603445 -0.0118920292564055 0.672534459649359 0.34797223958126
-0.0240057207410039 -0.0354786354944587 0.106993943764786 0.551006345415222
-0.0107877870358022 -0.0564941262182295 0.0398094619795316 0.0902917723766016
-0.0184547120263314 -0.0517553288182315 0.0893258084391651 -0.442502581768003
-0.0286093504814761 -0.0089072968902159 -0.51615715840224 -0.66258947030336
-0.00315829649608162 -0.00114041237932614 -0.873209187927785 0.0751113917272543
0.000770249961111576 0.0174126551014617 -0.218640123188596 0.671665502250054
-0.0212769213786113 0.0197869223187743 0.322306321734061 0.389402350614201
-0.0120378526381172 -0.00012220879186081 0.332865022504198 -0.00693946431373182
0.00367976255133952 0.000228394018711406 0.0800521009708235 -0.210546526434815
-0.0119751328595139 -0.00248854268533266 -0.0519461053172075 0.14908106468298
-0.0115488758863703 0.00866511647943281 -0.23955327977761 0.016718594933871
-0.0285260819004286 -0.00379342245200668 -0.318025027296436 -0.271652710020514
-0.00731119218668949 -0.0077836867281165 0.0691072488545153 -0.591530656427221
-0.0216743613542166 -0.00217784370690645 0.69462577633187 -0.285221547659707
-0.0288231040442355 -0.0141985588937597 0.635653846637163 0.424083497327083
-0.0206118068996929 -0.0443627397825967 0.064750411184823 0.546646996908118
-0.00555646672788428 -0.063771443971502 0.0427984001915374 0.0664490328170533
-0.0190510951008532 -0.0562420068716215 0.0525557576899209 -0.466312039591843
-0.033538417836569 -0.00499220905006238 -0.587815551468026 -0.60203273728887
-0.00758522363353244 0.00264081107245009 -0.839275501898822 0.181524689250307
-0.00107598087597475 0.0182445763653957 -0.12510838389707 0.688678077311163
-0.018596702977178 0.016487009482308 0.359159086683196 0.3570061983703
-0.00662083352766071 0.00146074003377448 0.330313872914016 -0.0327589385229202
0.00261478795508683 0.00296820577968929 0.0731996573547736 -0.214984237746994
-0.0111548839634902 -8.03094976388188E-05 -0.056577433318112 0.14220625564458
-0.00795148920134515 0.00950034375394696 -0.239656308377873 -0.00157268698183967
-0.0242754026370073 -0.00804903542278175 -0.288040737339111 -0.305895437093441
-0.0102810221006032 -0.0115446391962179 0.150317049344007 -0.582848684400302
-0.0264888544870941 -0.00249530653627957 0.740594284612184 -0.194443978977056
-0.0304670496249152 -0.013928274430893 0.585533423596055 0.500065081441287
-0.0148244072826681 -0.0461432712296655 0.0208149153871107 0.539468092695241
-0.00134513559365306 -0.0617601641779378 0.0484372060537977 0.038466003376593
-0.0200779264763508 -0.0517045732173222 0.0144079838074834 -0.48927982959521
-0.0348678846472504 0.00158639013648983 -0.650053731498998 -0.53083345326124
-0.0106609885292659 0.00584021237893269 -0.792033864258101 0.286447370506994
-0.0011583899773458 0.017221152721338 -0.0272275146926335 0.694779513410462
-0.0139709849958082 0.0164012941390542 0.394273981262015 0.314061983934347
-0.00188349590090659 0.00302157147516831 0.324630524096474 -0.0573425569910835
0.00195051771770587 0.00489927237346355 0.0657810977528047 -0.219637713341286
-0.00979875834061766 0.00157184319386266 -0.0622246087744129 0.136593890902591
-0.00250442180096301 0.0104166229220796 -0.237999916647373 -0.0181401848896361
-0.0199190425519063 -0.0100339265235802 -0.258267284697394 -0.335201938599005
-0.0129769171594611 -0.0143268406707857 0.220828394337658 -0.56976654911853
-0.0268216707534227 -0.00399649938088754 0.77126868326011 -0.103858933851179
-0.025793631612356 -0.0103301871061081 0.533053873757854 0.564879801371007
-0.00810297042987491 -0.039301436193105 -0.0161789194526353 0.53030561365796
0.000906437757457534 -0.0504736412448319 0.0526843109138131 0.0135714295178469
-0.0188290123477737 -0.0393055467655837 -0.0225066440681699 -0.503787305505429
-0.0301791446383512 0.00954673080327055 -0.6979834739289 -0.460186770826009
-0.0123484975191295 0.00848600644835107 -0.740888490369823 0.369568168051275
-0.00159795013595858 0.0164740841292599 0.0545859718059074 0.687761766059713
-0.00770489282790224 0.0150596712880026 0.420361846675952 0.273960765993415
0.00516301383687173 0.00438637943425993 0.317424505017492 -0.077894979430174
0.00350650667028112 0.00796362458246998 0.0561067407185732 -0.222989664529109
-0.00784314986061897 0.00468467190675695 -0.0679058271197034 0.134922486330692
0.00284757924901451 0.0133161045954026 -0.234810369209841 -0.0291969231544591
-0.0143077988903529 -0.0122703675020747 -0.2335652641544 -0.357776959623241
-0.0129763299645968 -0.0172642931916619 0.271111139736807 -0.556583382322165
-0.0244488537123248 -0.00478462053910585 0.788387732454254 -0.0353682577004933
-0.0188589476775669 -0.0016463920545921 0.491275699428623 0.611210321153644
-0.00416918182482121 -0.0230819507759636 -0.0415172968126421 0.52094189823806
0.000344415044154224 -0.0312957338122452 0.0573452718852444 -0.00515377993919679
-0.0125354665045156 -0.020772453925207 -0.0486765886793169 -0.51246287986491
-0.022251984630874 0.0163064307100328 -0.727727388512201 -0.404181664525633
-0.0127850736820166 0.00809711550366576 -0.699926602767379 0.430054305387764
-0.00277615791871075 0.0144714808673388 0.110181904900852 0.675917955613288
-0.000292093932309192 0.0157032012921192 0.435366440880607 0.243355213946941
0.0117444972455142 0.00702314630444322 0.313011832709768 -0.0922275918403042
0.00586229665336645 0.00844592379293534 0.0475590072508344 -0.223571899850531
-0.0050836329444032 0.0061901674462307 -0.0740991986580343 0.135089216724733
0.00739903880849394 0.0163833030527768 -0.23042438295714 -0.035346511728978
-0.0100239126438297 -0.0102798832803466 -0.221559403086769 -0.370531697187361
-0.0128202621469164 -0.0201066949050599 0.292421544149047 -0.55314534146522
-0.0193359176899381 -0.00480082631400513 0.788616081874641 -0.00042257705430612
-0.00845502585133417 0.0101774437618733 0.470076614019159 0.632034349482472
-0.00231672771499033 -0.00182241278422986 -0.0488671124036502 0.516708213909425
-0.00248050570041414 -0.00651881237628189 0.0613691200770084 -0.0144046686057125
-0.00484149016218791 9.40990515456664E-05 -0.0616249001811894 -0.516780838157503
-0.0111845782658208 0.022242255161857 -0.742507915605272 -0.377523556422766
-0.0124477925331437 0.00672599445271903 -0.681222268707972 0.456244432285113
-0.00331599886000188 0.0124373419867707 0.134830661134868 0.664101435928369
0.0055125856850205 0.0162447126870835 0.444702077878846 0.225338016712962
0.0189126137984189 0.00867270152161458 0.309666379252813 -0.0991012709058877
0.00832113567361032 0.00886230751837504 0.0425465788089717 -0.222178895830562
-0.00286799033327329 0.00710774399700961 -0.0788217825267356 0.138242505734711
0.01046565092871 0.0183075781177212 -0.230278540444483 -0.0300606762910752
-0.00697000809542601 -0.00620478474852551 -0.222175942699346 -0.375797559670577
-0.0120064276798641 -0.0211252418706207 0.282837306230817 -0.561558427479383
-0.0132632168266356 -0.00499118991404291 0.7863791845068 -0.0109942779077878
0.000870412304788322 0.0226610729553957 0.477656444749774 0.629943988709919
-0.00412206799410482 0.0223931484443335 -0.0416734074188335 0.519712295238143
-0.00815823275534829 0.0188913706862071 0.0641991783872791 -0.0128806074200921
0.00291491988174438 0.0203016093021797 -0.0591108796126571 -0.514931431216087
0.00177348972640875 0.026420427112553 -0.741785685717495 -0.378226773125686
-0.00971672876503959 0.00171605208887495 -0.691280073220306 0.45383787650986
-0.00348220563707296 0.0103527471375923 0.125893267109954 0.662931469899641
0.0111343145207558 0.0174644856544178 0.44293419381149 0.225409498285734
0.0215138833694248 0.0105024010260026 0.311657295741712 -0.0955036847757005
0.0112358612112499 0.00839034362824808 0.0398169299749373 -0.218452000665521
-0.00147015038811741 0.00714312509193697 -0.081473738552666 0.142851622244722
0.0121203903415375 0.0200828131283349 -0.231806575177636 -0.0227562667475262
-0.00546152435126318 -0.00387486819996388 -0.238929142262587 -0.369884701425215
-0.0103502357619509 -0.0213985988767598 0.242027350948826 -0.582295071770599
-0.00620302275694455 -0.00599694911891124 0.772460509424427 -0.0602383137258117
0.0115302556811525 0.0320700106243154 0.51409057212131 0.601577747709236
-0.00356775832349187 0.0451263596711421 -0.0191674306179164 0.526846227156317
-0.0132785448840579 0.0423584828484904 0.0646664963379776 1.93716982974464E-05
0.00844344894447678 0.0400606327173376 -0.0363964935339049 -0.509075496591009
0.0122107117524177 0.0312833822719801 -0.722029824682885 -0.413807384324444
-0.00511857193926264 -0.00172467813292713 -0.725455187451104 0.41580433324438
-0.00329098524396553 0.0088279143746656 0.0809804315206986 0.667956212203166
0.0130534144214925 0.0205899466733071 0.434441096641855 0.242639221851192
0.0230186760087226 0.0123437646603914 0.318780385757446 -0.0825513301220126
0.0140757203004062 0.00640337760278393 0.0387715784040617 -0.212771677614132
-0.0105035477089387 -0.00352649694968581 -0.0482027329358675 0.154147063281465
-0.013485738809883 0.00760596072935497 -0.233799114955989 0.034094991132725
-0.0292512559326796 -0.000524594741459827 -0.338882798901765 -0.235995543397469
-0.00571415152625468 -0.00690095902220983 -0.0139357672889859 -0.585117589226682
-0.0159417068941945 -0.00320712294860761 0.628943885380058 -0.35974791656549
-0.0221862081726661 -0.0111894913367639 0.665467099677768 0.34395006817477
-0.0243846577035944 -0.0340585693538599 0.108017385687475 0.54316924390128
-0.0106742709148296 -0.056398466774909 0.038926322689687 0.0889894444724998
-0.0178954086160581 -0.0512158836694438 0.0944341430873353 -0.438627291786387
-0.0294863990725849 -0.00832207521782801 -0.510291187223489 -0.653421323482646
-0.00287006533895274 -0.00056905537496935 -0.862261632156402 0.0747341767018069
0.000908591741082394 0.0176652000046867 -0.215434557276992 0.663286575471323
-0.021522172004553 0.0180603387271551 0.317392227709455 0.383760678553099
-0.0109095192523452 0.00128590147518415 0.329856055083523 -0.00793230740804004
0.00352735402525713 0.000745349158784565 0.0782249695512214 -0.207556594842797
-0.012363381349631 -0.00283157506200694 -0.0514199126393484 0.147901451847433
-0.0107279211948616 0.00759622519649944 -0.236625143422053 0.0171552851657433
-0.0286054708184372 -0.0030292202836337 -0.315560102886897 -0.268498972821199
-0.00704662595481937 -0.00839622594083962 0.0654122914536398 -0.584175557683421
-0.0225948834306735 -0.00375080710452437 0.68565647172522 -0.282108781950356
-0.0281767620593532 -0.0131551167924705 0.627894633529334 0.418319277666584
-0.0213453430301009 -0.0440930910014293 0.064768959800402 0.53969170550686
-0.00592178780929611 -0.0641011876914619 0.0424141031101959 0.065524229580523
-0.01879314351176 -0.0556642722021747 0.0521362497056865 -0.459759883834385
-0.0335174336474659 -0.00633976861986522 -0.57970241905052 -0.593324899582114
-0.00709567631497738 0.00278834342003145 -0.827810933244959 0.179407328388758
-0.000600151901631178 0.0188852849842995 -0.121248102964174 0.680575593928602
-0.0177152355064466 0.0161705566033865 0.356105429412267 0.35036392104289
-0.00686621889452721 0.00144433555177459 0.326213924405516 -0.0340730229518549
0.00271785928497764 0.00231995727276077 0.0723403664732114 -0.212428146852606
-0.0125176333581853 -1.1810352284313E-05 -0.0556618751170435 0.142168472028377
-0.00748862134365661 0.00844398119001755 -0.236651706522799 -0.000806511484074472
-0.0248334020781975 -0.00737044466492461 -0.285848376914812 -0.300659967430666
-0.00964876342866684 -0.0106228715446914 0.146059660728925 -0.577101902249664
-0.0248882953928792 -0.00226978438645612 0.731686809964512 -0.193006686639575
-0.0294957310223962 -0.0131999681880438 0.577057765036543 0.494260029747774
-0.0144291961883222 -0.0463191541930656 0.0193084069443997 0.531145593240585
-0.00143514850099937 -0.061009256909926 0.0463442020908687 0.0374263303691255
-0.0191885780413023 -0.0510072901763176 0.0134139022171829 -0.481984043788702
-0.0347420266610808 0.00184590132684399 -0.641483794290156 -0.521778754692571
-0.0107019314385574 0.00639694663836685 -0.781773067893205 0.284922966736033
-0.00149622709811654 0.0171829199026703 -0.0266208084693883 0.685220325279644
-0.0127861405498846 0.0159549262797908 0.39068455909617 0.310868808919615
-0.00126650520348886 0.00173874804004346 0.320518261702934 -0.0593261786038078
0.00211923167584864 0.00552112722035542 0.0633536090303372 -0.216720022601304
-0.0106444101555861 0.00262600929929621 -0.0603696359589933 0.136140900366729
-0.00286883031537654 0.0112382897378915 -0.234830064046157 -0.0165948303861354
-0.0195466775993665 -0.0102496913075792 -0.255866591909447 -0.330316272857122
-0.0118046320364074 -0.0140234626443866 0.21810719002464 -0.562155525944266
-0.0271546626565056 -0.00383898985152117 0.761633593593479 -0.103686044602753
-0.025763367036772 -0.00986805669275151 0.524720631904164 0.556450560868426
-0.00716796066619537 -0.0385206657654409 -0.0154900436352458 0.52116064165469
0.000876584507875024 -0.0491183541137858 0.051698439669597 0.0135431205699433
-0.0190201197463645 -0.0380303369007019 -0.0212078697624948 -0.498146799634633
-0.0297515704338385 0.00942209915042313 -0.689172459529667 -0.453490074250527
-0.0115132659053882 0.00782986085364254 -0.729608569510497 0.366458971076278
-0.00197061257596982 0.0155947013847838 0.0569753998551838 0.677097744909733
-0.00670697267689344 0.0156789523560441 0.416118642126712 0.271401689192336
0.00571672478600439 0.00454727745290771 0.313210548776255 -0.077710279626435
0.0034486787551876 0.00704948071692099 0.054723730484557 -0.221250133990289
-0.00723622945426712 0.0041516202422334 -0.0673940340286394 0.134282131416353
0.00213068178602938 0.0122073625218185 -0.230682641967731 -0.0284764128608608
-0.0145998676898957 -0.0120426076298272 -0.231579876462173 -0.352392071691557
-0.0132103525130803 -0.0163763811926091 0.267608404237183 -0.55045921967122
-0.0240787799465171 -0.00462298592127301 0.7767748106114 -0.0373497708247717
-0.0180859740297643 -0.00123573194485724 0.486504052588456 0.601745568059384
-0.00302152266684751 -0.0221906294769349 -0.0403820770792923 0.512776372338858
-0.000274590455500012 -0.0308764203998999 0.0563520850790875 -0.00419457542039143
-0.0131737384449278 -0.0208316518166931 -0.0492891311307489 -0.506661645928308
-0.0215543767061652 0.0179406332580683 -0.720414498085937 -0.397970499103804
-0.0127008267811904 0.00851941769912149 -0.690817691620956 0.425973732658373
-0.00267747471789659 0.0148381001147376 0.110816957206887 0.665964025339941
-0.00125788558551007 0.0144028814637415 0.432205200106416 0.23964199697207
0.0111322289993623 0.00706067962365032 0.30882120340243 -0.0922241825363261
0.00523651603320114 0.00833576768325053 0.0478923362210786 -0.220724983863701
-0.00510681814546183 0.00644989407849941 -0.0732564579197278 0.134868382471535
0.00783495165093509 0.0155039776389914 -0.229513771667508 -0.0335427413186807
-0.00994569356884099 -0.0104801737895323 -0.219717705610124 -0.365666121690464
-0.0134949880679419 -0.0185082986916007 0.28741664370786 -0.546154104430438
-0.0189611162262949 -0.00430199045560354 0.779098515486941 -0.00273746079383323
-0.00944406496878733 0.010558258249165 0.464948655545424 0.620869322441643
-0.00240607192023605 -0.00106042310946316 -0.0483590392247185 0.509982441216508
-0.00322942725678203 -0.00741694618368047 0.0600177651637776 -0.0136484933345284
-0.00409891682486802 0.000261223465594928 -0.0619270736086812 -0.509480452467188
-0.0103685935288743 0.0234662748257828 -0.731334388670813 -0.369738062203256
-0.0128316260740613 0.0053552957483278 -0.671657791788443 0.451818358636548
-0.00291503352111496 0.0120419846369298 0.136474458605509 0.656000840892208
0.00576402553261269 0.0153449840035954 0.439027587557493 0.221083589095395
0.0170415700425167 0.00809601738397758 0.30645731220914 -0.0983092170893214
0.00806297155818656 0.00772195653791231 0.0408838841727545 -0.220448269814762
-0.00293718838274503 0.00845056731692828 -0.0765787174415544 0.136952364312202
0.00990242954295717 0.0163679639168475 -0.227671895945053 -0.0307011826596014
-0.00658000858006652 -0.00788006936993664 -0.220496500350309 -0.370218187514892
-0.0122225236726952 -0.0214246296913547 0.277433389899249 -0.555431325262417
-0.0125365165725442 -0.00484166677014498 0.775198469448039 -0.0102101838141015
0.00179453211660539 0.0230863498226023 0.473845256763205 0.620102571548004
-0.00360316612135234 0.0220541241945152 -0.0407574305091665 0.51207011496132
-0.00713465366070919 0.01905388644912 0.0642982587416232 -0.0136023774367031
0.00373511231813852 0.0196214290136139 -0.0564233613698836 -0.509203589387895
0.00178150063578445 0.0269698900618711 -0.731303555030577 -0.372196660061488
-0.0093819404039894 0.0023381500763448 -0.680639665854598 0.44944369590898
-0.003195971281265 0.0103694743006684 0.124054889683853 0.65335973852906
0.0103135189982996 0.0172730840783494 0.437991204608787 0.220941509806993
0.0208618772291639 0.00986513665762542 0.307785552914439 -0.0954438974324031
0.0117321765914568 0.00755706690195184 0.038935307436185 -0.216167483374071
-0.00139132342151883 0.00783390386166954 -0.0806187186266236 0.140974856432748
0.011319600644185 0.018568337699705 -0.229130429347878 -0.0217283455207385
-0.00504538097982906 -0.00339976121300937 -0.23688273950763 -0.363473067965388
-0.010323765623267 -0.0206830428810106 0.237985353580867 -0.574902787744417
-0.00616235321237297 -0.00614121340169769 0.762895806517828 -0.0604121908260725
0.0116152333206159 0.0311200363692306 0.507264514908633 0.594040408929744
-0.00362331667014235 0.0440796244251766 -0.0167898005737175 0.519980076262311
-0.0139651126776305 0.0420902439874058 0.0634566461957091 8.34897102541616E-05
0.00757551673765782 0.0390560875224485 -0.0343455013670168 -0.501820312098112
0.0129579530393914 0.0297787626748876 -0.709849056288721 -0.407529770864755
-0.00444522803710429 -0.00205549047332535 -0.715727293804199 0.410413516735546
-0.00229794136785955 0.00912383260762282 0.079803041645994 0.658333470708995
0.0125936078574469 0.0200320779999064 0.427637193530824 0.239825435478776
0.0233060563325751 0.0117500285216329 0.313646931951073 -0.0844274737921173
0.0145381238880554 0.00531418664203613 0.0388710916631127 -0.210344894903849
-0.0112715681697701 -0.00367594011508489 -0.0482640584082563 0.153775102917452
-0.0132815225736568 0.00764663871684534 -0.230238635849827 0.0335351758814293
-0.0296031059555032 0.00124426986434188 -0.334800427291963 -0.233947818664415
-0.00574871036759968 -0.0069870802587736 -0.0124792569630422 -0.579451521130451
-0.0151289337769217 -0.00303825977988977 0.621021340079532 -0.356074606001103
-0.0215877170898001 -0.0106315143588708 0.656714492952694 0.342675108153164
-0.0235786466680587 -0.0350917345403649 0.103359018893654 0.53581796476351
-0.0106915107715064 -0.055290428831537 0.03847885539492 0.0882748460672872
-0.0174904217492796 -0.0502610421575185 0.0886877611746488 -0.429415499294364
-0.0277546096428554 -0.00783800755634774 -0.503143579577676 -0.644463876180093
-0.00306868951469154 -0.000758908648453889 -0.852429768814636 0.0728997888861701
0.000674800553082801 0.0170980092800673 -0.211535029897912 0.654595438790333
-0.0205276457921048 0.0181110741429859 0.316230690893928 0.380437421536082
-0.0113184142556547 -0.000117750157209535 0.326097287656956 -0.00797488491662886
0.00496231397100747 0.00046944040283095 0.078608856211102 -0.20602645258494
-0.0124640401535628 -0.00176980517495729 -0.0498819593368632 0.146777576858713
-0.0111737106018862 0.00722570011519003 -0.233501732346611 0.0168516524973012
-0.0276292841823384 -0.00319135825536364 -0.313080244652504 -0.26593628490143
-0.00860283032367221 -0.00818490178691523 0.0661155200719275 -0.578394111046872
-0.021404096229689 -0.00201445197912086 0.677954525582513 -0.277529416245437
-0.0273418131577459 -0.0128778371083655 0.619283788067054 0.413110613112734
-0.0195635995718391 -0.0442369907356684 0.0609760356606418 0.53141096925202
-0.00443856372855815 -0.0628690485520975 0.0413989643314523 0.0634900658551515
-0.01902049064154 -0.0548181922835759 0.0531315723609453 -0.452982213686311
-0.0321920367647973 -0.00449055528095075 -0.571141098092314 -0.584504311177095
-0.0074435506045447 0.00237268243767684 -0.820699160813466 0.177920387945728
-0.000557454474073248 0.0171453781555078 -0.122032195881159 0.672761035107155
-0.0176276620518632 0.0167162587957197 0.352257925397335 0.346537708423576
-0.0066316401527034 0.00114411593582034 0.323581888115728 -0.033025984151083
0.00337565559715754 0.00237211592875859 0.0710686045094309 -0.211184014181331
-0.0120358861374515 0.000220003490262534 -0.0555137114351671 0.139585087926575
-0.00750403189645842 0.00768261652111437 -0.234244879202294 -0.00144464128286905
-0.0238127023508574 -0.00715756772535513 -0.284185042632134 -0.298428380204484
-0.00993701207909037 -0.0110215216848173 0.145288156502792 -0.570792505050903
-0.0258415103504912 -0.00201814033370883 0.723956368670909 -0.188519317795181
-0.0290306679955611 -0.0134746471933113 0.571708031250763 0.488436572095858
-0.0140968079603387 -0.0466589990715493 0.0179617272600666 0.523393438481443
-0.000361433322693405 -0.0606859440939404 0.0471480903509461 0.0377464447879734
-0.0202047809660679 -0.0499059508378632 0.0154222326021326 -0.47609387964778
-0.0333573785844856 0.00107810909140854 -0.633262934104054 -0.516106295935875
-0.0101082147040537 0.00671111225032116 -0.772743181109284 0.280359016907938
-0.00105567143659036 0.0182926094392517 -0.0269805610995311 0.677577210505722
-0.0130525118302663 0.0157197474813425 0.385379174111444 0.305704651165729
-0.00149057157236187 0.00254551384876744 0.31723112150958 -0.0583495191189949
0.00338538351422367 0.00552677939000402 0.0645014034795872 -0.21612290117363
-0.0105183041338694 0.00289681066395514 -0.0612894281769285 0.13530315170337
-0.00233571769633233 0.0102340284028047 -0.232612284860962 -0.0166315048804145
-0.0189252050615544 -0.0106281189595161 -0.254237798619097 -0.32718490726791
-0.0124665035864624 -0.0135100426770988 0.213591800346285 -0.556945950365021
-0.0257616887396126 -0.00344806894523111 0.753634078605552 -0.101306482431742
-0.0245253465743505 -0.0102482497719915 0.518738208943991 0.551007429435719
-0.00774555178034124 -0.0385864275547486 -0.019001305346611 0.514863033186933
0.000629143728996757 -0.0489546560454046 0.0510602055032138 0.0140261333105718
-0.0180314271313803 -0.038020475766136 -0.0210121406801551 -0.49113815201587
-0.0292025199017278 0.00995027813024343 -0.681016577063202 -0.446735222100377
-0.0119006872450564 0.00868134516183153 -0.723598540043953 0.362416809568246
-0.00165048131072554 0.0162549061647409 0.0542481406849943 0.670905747980271
-0.00682426085155048 0.014591433652649 0.410871658766726 0.268326665457818
0.00580923447964002 0.00435818317984034 0.310970585633408 -0.0784282773707911
0.00392345369357244 0.00646936441308584 0.054524317483543 -0.219038135060174
-0.00833803001616718 0.00567705391174532 -0.0674306092521733 0.132372816962915
0.00326662335372304 0.0126338478932492 -0.228745486476856 -0.0287610872244848
-0.0139645905168363 -0.0105551680118329 -0.230424605601174 -0.348801384501334
-0.0132231119632334 -0.0165833546417008 0.262476382887967 -0.544813653232114
-0.0243230835317219 -0.00376060444661709 0.766999974181451 -0.0343124983028904
-0.0179407332245536 -0.00157816886732235 0.477841714289168 0.596182607074754
-0.00341636271691164 -0.0230402996324643 -0.0403031764417577 0.507274354990773
0.000236419073282049 -0.0292775511490519 0.0557684559835521 -0.00464796482362547
-0.0119880817067346 -0.0208061488282349 -0.0464266223877063 -0.499519930990238
-0.0205325680405978 0.0175568013185567 -0.711122132261704 -0.393868443955842
-0.0133763040277329 0.00838708498127845 -0.68377686603802 0.421894422862668
-0.00293645812430847 0.0146653303303046 0.106262432290089 0.658229841857258
0.000283056226241172 0.0147176343441488 0.426094852959942 0.235375899296521
0.0118951795913639 0.00648444953131045 0.306015098237629 -0.0932572894684429
0.00566996270240529 0.00734222904904307 0.0467979092012573 -0.219690785032633
-0.0063715508086217 0.00635155310992786 -0.0720027881983537 0.133948507309148
0.00772923380690357 0.0153198932355736 -0.226084348554271 -0.0333545838636181
-0.00959272422829311 -0.00977588457720808 -0.217431222766574 -0.362092627167321
-0.0128853424077886 -0.0185517576009212 0.285349914591893 -0.539927354768953
-0.0186694878308939 -0.00469109706711454 0.771756313770876 -0.000396498632177703
-0.00816561065348389 0.00987913360081452 0.456108185149094 0.615663884053728
-0.003134952442126 -0.00123844640493153 -0.0488718438679699 0.50559500539839
-0.00335961222446349 -0.006342039949784 0.0601716737162669 -0.0120507378080754
-0.0049438976181375 -0.000494775904865101 -0.0595594226996678 -0.503945821963528
-0.0105807890915942 0.0225993153716478 -0.722941661478554 -0.364243840753777
-0.0122773370657897 0.0053297640896137 -0.667043030615357 0.448322788501015
-0.00253542163124825 0.0124488288100715 0.133330396340957 0.649125773669453
0.00686792760223509 0.0148495836761608 0.434566910710021 0.219112238892222
0.0175192877851968 0.00836557926317895 0.303386175465568 -0.0994872659609139
0.00830029297115315 0.00795228456253919 0.0403904518461193 -0.217563430773494
-0.0040646579793583 0.00782616521266589 -0.0770489621254763 0.136228295979814
0.0108324156064685 0.0175401537801124 -0.225948214674017 -0.031014015523755
-0.00590620764029129 -0.00744729441117074 -0.217548869124146 -0.365689716336155
-0.0124423637204446 -0.0210890740797145 0.274051205460247 -0.547752142410102
-0.0121535683583061 -0.00513269667083673 0.768011988297758 -0.00932180689574312
0.00119465824577395 0.0226055457556674 0.465832071635517 0.612731209478631
-0.00323375366491883 0.0222896829538125 -0.0413824915419504 0.503979609262911
-0.00680845336896062 0.0186732561040841 0.0622991364123541 -0.0123049755761684
0.00441402832905157 0.0203799557280252 -0.056589866334168 -0.502624935625609
0.00202106885775119 0.0265219929968792 -0.720564014587469 -0.368275631537547
-0.00988794394756578 0.00288628714918424 -0.67350474941318 0.444777613190142
-0.00275206411041567 0.0105845618635458 0.122646211752792 0.646693513928117
0.0114800281322107 0.0170433613264756 0.43483213735995 0.218459953460254
0.020554047496984 0.0102699140128017 0.305416839014637 -0.0944777379404468
0.0115663804465374 0.00751447080833094 0.037996688972037 -0.215487586320696
-0.00121836958330445 0.00774078069496531 -0.0808829474093479 0.139851855563895
0.0110289606560127 0.0194265848339424 -0.225918024616693 -0.0222927332052882
-0.00511852595310361 -0.00350358732146501 -0.23585682073945 -0.359468493240483
-0.0106070094298785 -0.0202507703528127 0.234010452190238 -0.566990702971721
-0.0060525837659181 -0.00661730565028486 0.754453256303191 -0.0594065260264076
0.011650476804707 0.0319086824262302 0.500869056055587 0.587146551912863
-0.00409744052301224 0.0427484157571929 -0.0195674937410856 0.512552648394747
-0.0132473502379674 0.0411673304252275 0.0633742594014324 -0.000893575903708095
0.00838312518138425 0.0393883110935216 -0.0352488012411425 -0.495728042929517
0.0146317373689328 0.0302106082440231 -0.702725134043806 -0.402462426915039
-0.00584601698628507 -0.00224120586527787 -0.70834016490139 0.406465862094258
-0.00242736483796438 0.00907374993651541 0.0786347723859843 0.651545020694822
0.0134304109309554 0.0192448448431477 0.42385320014767 0.235306876546485
0.0225207053873707 0.013052923643936 0.312184110514187 -0.0821312566719386
0.0146230196716582 0.00567776840690636 0.0386654040067043 -0.209049460119081
-0.0109635694862433 -0.0035779823619396 -0.0485511729079722 0.151967343812242
-0.0125393147953221 0.00711850724556184 -0.228861096836046 0.0341215325432314
-0.0295541007501989 0.00135208635349269 -0.332332048088323 -0.233785162252985
-0.00642463912639309 -0.00680383151127251 -0.011238841207608 -0.572204233921439
-0.0156993543459815 -0.00351505097558948 0.617826587070502 -0.350403385545415
-0.020757982600505 -0.010786031001454 0.648675660708257 0.339142004665316
-0.023315186233742 -0.033948500649452 0.101295424324005 0.530408527762822
-0.0100449086036214 -0.0556420128075052 0.0377575831043994 0.0868104812671216
-0.0156738478541187 -0.050195838439823 0.0903272345736499 -0.425283390549233
-0.0272044550686711 -0.00833699333548123 -0.497390465821949 -0.639599376201977
-0.00283359309099677 -0.000819317189023302 -0.845199362462492 0.072377469758668
0.000154444027058699 0.0170159545093069 -0.211525694047959 0.647166782353148
-0.0198712508730765 0.0178455804089461 0.312332231546339 0.377487466084318
-0.0110979402229657 0.000133357483811304 0.32372397144504 -0.0081213781986336
0.00512781564164869 -0.000795318915334311 0.0782110844309162 -0.203478614102295
-0.0120887853568398 -0.00161567116320256 -0.051443072801472 0.144640717648353
-0.0114595214124471 0.00739683910026818 -0.231266007462723 0.0152781350762779
-0.0275521116689788 -0.00265575091101034 -0.30970402864594 -0.264515917118057
-0.00837007378770743 -0.00924985618483787 0.0660316795345323 -0.572752078255051
-0.020747408084563 -0.00112003079963447 0.672249487580456 -0.270594256489653
-0.0265385168851073 -0.0131398097067809 0.612353708460353 0.413189842930493
-0.0203103938162362 -0.0442313796588256 0.0577343538063111 0.52567480922425
-0.0044220473437418 -0.0633614439383376 0.0412509451915587 0.0629331376976432
-0.0185294788311389 -0.0551775966786318 0.0535765292928702 -0.447385406933477
-0.0326547527259809 -0.00548116766742104 -0.563761697520887 -0.581996028521636
-0.00755792519841556 0.00288663848264301 -0.812465905185366 0.173600322717046
-0.000818867333153455 0.0176604483269421 -0.121236197288765 0.666052975541638
-0.0176140207649602 0.0164969242839154 0.348651575852427 0.344803204768549
-0.00614839994237171 0.00129586415324731 0.320360135771831 -0.0323420640375806
0.00361296634330872 0.00229084952457972 0.0717917754492824 -0.208443623857799
-0.0121527275977945 0.00136678439658425 -0.0561065647376212 0.138202897434999
-0.00632831839581655 0.00807718239150784 -0.232414549717459 -0.00283199986329178
-0.0235678345235595 -0.00697131492740166 -0.280541501895294 -0.296963525763102
-0.0110144126230244 -0.01079622306169 0.1442501550526 -0.56316844100367
-0.0240016800135746 -0.00179105022094856 0.716770440297418 -0.18421685323105
-0.0276903454716841 -0.0131306695736714 0.562482350530207 0.485629429706646
-0.0136177386909098 -0.0455742597254008 0.0156712041688361 0.518865968287601
-0.000642590138784281 -0.0603805482979122 0.0451303370391709 0.0369007309805396
-0.0190652793611209 -0.0496260806986685 0.016164922498095 -0.470138187669864
-0.0334378063567856 0.00105915177669852 -0.626560557308341 -0.512252092252878
-0.0102097814025603 0.00669068096594642 -0.767042518797959 0.275848083937771
-0.00161626677812189 0.0172043924225582 -0.0260830483027333 0.671867595021948
-0.0119509173087876 0.0160433480961151 0.382006577460807 0.304851589876081
-0.00162420956779109 0.00159334262154813 0.313338570505933 -0.0561890526485339
0.00314142886966012 0.00497376485753561 0.0633000839802866 -0.213865612661204
-0.0116459243182491 0.00383625726224442 -0.0601642526429542 0.134086154810543
-0.00167119553746798 0.0098861159589078 -0.229556479905966 -0.0185849150510345
-0.0190609931167648 -0.0100173382964145 -0.251517032177813 -0.324093300237205
-0.0125399774061525 -0.0128544208907695 0.212588937433893 -0.549978297861142
-0.0251557078670509 -0.00327547938863602 0.746430587998467 -0.0981411030921832
-0.0237027377096502 -0.00902072189588764 0.512984259283217 0.549110064207619
-0.00833086358367302 -0.0380757599265136 -0.0201775664900205 0.508993469684282
0.000966012272475022 -0.0485637904404945 0.0511010687806083 0.0126978626660147
-0.0160884357890269 -0.0369588331857727 -0.019337189293296 -0.487024657402016
-0.0281735815697409 0.00966350588945556 -0.673005426157151 -0.443268841469223
-0.0119224417777525 0.00864129488444221 -0.71870434208154 0.359301811573447
-0.00181746142818305 0.0158982414134518 0.0516193291844239 0.663180915765107
-0.00659520479279011 0.0146658662344978 0.406818368126389 0.266152848358922
0.00553476369367835 0.00478874029297814 0.308260301685112 -0.0774832293222527
0.00480354981272764 0.00680297136222663 0.0550977222707777 -0.216916602987777
-0.0095728149764583 0.00548990191080858 -0.0668453016777281 0.13079136341027
0.00340833779787267 0.0118215415254436 -0.226994563235445 -0.0284878073641393
-0.01300325302073 -0.0105540078516333 -0.229020423229951 -0.346844234322284
-0.013130779017592 -0.0165623580844129 0.262005235673505 -0.536218235117704
-0.0229506183501634 -0.00474067312527748 0.75993753039748 -0.03200959207756
-0.0161692669471441 -0.00119999110129581 0.472070086278177 0.590970100283918
-0.0037484165883804 -0.0228425395021616 -0.0430362866060241 0.50161072383425
0.00105656481422379 -0.0301354894200514 0.0546740216391338 -0.00331590981265317
-0.0124007566504505 -0.0208942586105228 -0.0430965346147921 -0.493947327380915
-0.0208694165990875 0.0173155770146591 -0.702591300989829 -0.391873730940266
-0.0119306048061193 0.00847304022753211 -0.677787995271297 0.415084921363131
-0.00248025714243822 0.0139409133340847 0.105908649258849 0.652716890347456
0.000851849976963137 0.0144644116181487 0.421632719152144 0.23448883045192
0.0118958546430409 0.00716338059955911 0.302037322376893 -0.0920309164427895
0.00587063418490081 0.00738846019397037 0.0465624124089086 -0.217845965601162
-0.00664199610539045 0.0074839096675912 -0.0723283288879155 0.132052603579773
0.00761172573907939 0.0144090047724351 -0.223956552593053 -0.0339763483300633
-0.00886486409662393 -0.00936731363253928 -0.215391999623437 -0.35969783685294
-0.0130553363725988 -0.018289865444513 0.282026492983544 -0.533693007609295
-0.0189071280517297 -0.00460045226166071 0.762097230501454 -2.52015283579309E-05
-0.00767480582309595 0.0102746057258749 0.450791638927206 0.609589997108773
-0.00254783329742147 -0.00184529561188767 -0.049879306881626 0.497832498900272
-0.00273285140070706 -0.00689709711843076 0.0584702460301696 -0.012952768328626
-0.00472889621503967 -7.78316155029919E-05 -0.0568855366054853 -0.497747018458447
-0.0107219965328161 0.0229692100164331 -0.7147963180799 -0.362888256160658
-0.0122917810667971 0.00612301795169061 -0.661446938469866 0.441951252311673
-0.00267439553221823 0.0123163626014205 0.130278243169991 0.640983147972787
0.00599340843238463 0.0140842596036564 0.428004608856645 0.218190503475744
0.0176158751951676 0.00797146482919051 0.299911901003349 -0.0975781939216536
0.0086953576454039 0.00737164319989587 0.0417689827312937 -0.215072630751007
-0.00437647728947762 0.00820972775526791 -0.0775845182977719 0.134484481397981
0.00995650544077011 0.017310363026227 -0.224629071944981 -0.030472723349643
-0.00611771642818853 -0.00622348642245863 -0.216308964979576 -0.362352130602646
-0.012579950375394 -0.0200298676561633 0.272941149698882 -0.543751834877376
-0.0122508782757492 -0.00522820869250655 0.760805999022922 -0.00804460809000205
0.00190139654183374 0.0228817889566382 0.459663530968634 0.609513540292269
-0.00435250105050013 0.0226219504969195 -0.0432404541546986 0.501772172831583
-0.00640718585548165 0.0178765776592519 0.0621005710142298 -0.0124857620650656
0.00330698202676866 0.0206227508071954 -0.051595183459672 -0.497590024866693
0.00220366581822835 0.026962176538715 -0.713371519406992 -0.366285517826416
-0.00984206018443235 0.0024701300766099 -0.669130616087324 0.440399737484513
-0.00310363493413764 0.00979244302264776 0.120760733622325 0.639934053912001
0.0125045706091831 0.0162436718480082 0.429009309118447 0.216394416573776
0.0211441643420837 0.00973679118621797 0.303098888243548 -0.0936514420691691
0.0119601879216236 0.00605571196066507 0.0391183834486412 -0.211772644129393
-0.00183806210276383 0.00822747736775139 -0.0806575690973603 0.13783833929198
0.0116303726793846 0.0185692753164031 -0.225558006277709 -0.0216779272148509
-0.00521994703456266 -0.00208881620110739 -0.232099662435942 -0.358186943525507
-0.0107410593341635 -0.0202184816361939 0.235035992374646 -0.561198776022513
-0.00574724812609957 -0.00611670621945856 0.747783280629464 -0.0550948900217058
0.0118822299690201 0.0312437505069499 0.495240316745265 0.581700275417862
-0.00475381615414699 0.0414466125976926 -0.0230676488527816 0.50710254337926
-0.013359326032406 0.0406903016078505 0.0623505722827588 -0.00159037521520269
0.00915878108637648 0.0386287665534064 -0.0305460554263189 -0.491389116678587
0.0133555483134528 0.0299117933792695 -0.696512128609543 -0.398896632847084
-0.00566179705018526 -0.00133988819897967 -0.704088812844935 0.400979132988685
-0.00258132890254155 0.00974299543776152 0.076267748643156 0.643460760849966
0.0137346777194955 0.0191762285551152 0.419219357924231 0.234375222171433
0.023005917755436 0.0125747453832427 0.307889447961782 -0.0823079064851082
0.0149523717974326 0.00533535265480592 0.0382056805047016 -0.206379655775783
-0.0114678587336563 -0.0028160996049026 -0.0486595724210657 0.150400776427354
-0.012322568974861 0.00659954095907062 -0.227687613231898 0.0316313110394652
-0.0294905160342032 0.000778953555956243 -0.329624594509113 -0.232398496774397
-0.00616468931163591 -0.00684153202823205 -0.00832344186528249 -0.568578401239607
-0.0147235491122592 -0.00354714182445484 0.615015653382114 -0.344196093469444
-0.0214515090549588 -0.0109434065000107 0.643884226461563 0.338120808771354
-0.022871068903192 -0.0344883564793067 0.0971191877586326 0.526675403549127
-0.00955614176262858 -0.0551933557845718 0.0359840753994824 0.0865105990212456
-0.0158162529269622 -0.0499777152088131 0.0918422995123718 -0.420753612997443
-0.0274875212738352 -0.0084368284580957 -0.487906925744047 -0.636727767362469
-0.00293252765324042 -0.00107237774569219 -0.84071353953372 0.0673957679323996
0.000875277818243557 0.0167741704908476 -0.214137235379903 0.643292649011492
-0.0197648456449499 0.0172108772214255 0.308356894934588 0.375213792429987
-0.0100908732432051 0.000479102903640369 0.320573198745796 -0.00792544707336551
0.00554265339041651 -0.000798578140675243 0.0791179191011031 -0.202610242892655
-0.0127995150098405 -0.00151778287970637 -0.0523424521985639 0.143146738241541
-0.00991897902703652 0.00675239002748416 -0.229060444172662 0.0135335587304947
-0.026816701927271 -0.00373656724951314 -0.308454707939311 -0.263829635966189
-0.00887547265713352 -0.00817075702181735 0.0663661132904297 -0.567861430479819
-0.0200958453038989 -0.00266127610142969 0.668490123540916 -0.267837679771259
-0.0259646340261688 -0.0130306842877087 0.605334971707961 0.41125557797312
-0.0193360084710547 -0.0427716982375602 0.0546416765983581 0.521948963911344
-0.00385110676974974 -0.0618392861652427 0.0395471865081015 0.062809204895616
-0.017277336872261 -0.0539236435350884 0.057093620317524 -0.443350943368333
-0.0321899372154198 -0.00608429316707363 -0.556343483241925 -0.577831014811767
-0.0076183548369162 0.00318430475217358 -0.808246463616408 0.168874582274554
1.88126223724591E-05 0.0170393115411225 -0.12381889184107 0.658514967810537
-0.0174254995703631 0.0161116419839767 0.343328730287857 0.343642372087096
-0.00607552441196534 0.0015633006297739 0.317313296450677 -0.0332226084195599
0.00363460103575895 0.00220160521237439 0.0722265383718565 -0.206951297387721
-0.0126373593709015 0.000778040019527531 -0.0564515929049101 0.137583199041073
-0.00656580546473379 0.00725097486381877 -0.23092024714749 -0.00312594538433344
-0.023383300035328 -0.0083962873734876 -0.279908406687374 -0.296840603520655
-0.0118312867400667 -0.0106931331367761 0.144631174665188 -0.560494951523513
-0.0238037689404963 -0.00254389719897307 0.713310066975103 -0.179823287162519
-0.0270229991346416 -0.013225325720046 0.554211391585228 0.48516263682031
-0.0138166516610076 -0.0453841031691512 0.0133384177388581 0.515052591290773
0.000255007315076297 -0.0594868325326297 0.0443826328211177 0.0371870927026837
-0.018430968619025 -0.0497719122220201 0.0211521179937181 -0.466130483620773
-0.0333366041857004 0.00138065500317502 -0.61686383808976 -0.51013190415991
-0.00994365381145831 0.00626278730588352 -0.762837727601522 0.272321567745685
-0.00116784503237311 0.0169124033438212 -0.0300863720342237 0.665290359500293
-0.0114620890383335 0.0151148403496214 0.377338670456013 0.303883640614373
-0.00120656087065064 0.00193695840910655 0.312745315137226 -0.0566131983918741
0.00308219116339305 0.00455863855656627 0.0642307906836701 -0.210981009905331
-0.0116934705083136 0.00420139949913121 -0.0615092067189429 0.133544405246863
-0.00245631696920033 0.00992854711538685 -0.227467827090457 -0.0193899683223572
-0.0192196397657339 -0.00985662625219816 -0.249381958207752 -0.323919151535981
-0.0132933349022342 -0.0139769389963168 0.212676876172955 -0.544962644451432
-0.0243474331403744 -0.00406216054546693 0.741933008062041 -0.0933407564535438
-0.0230155993752943 -0.010873677882313 0.505944598115461 0.546638076324934
-0.00675749979824524 -0.0385940317210776 -0.0222653714374429 0.504450389604223
0.00159239239128051 -0.0483148563477933 0.0509727465321265 0.0142714041156006
-0.0165353550373271 -0.0378689874207228 -0.0155301680106662 -0.481856593037243
-0.0289217406870578 0.00970531689706359 -0.666209747854124 -0.442348587705957
-0.011985535813806 0.00771258800445561 -0.713190033309776 0.352724089416313
-0.00188635530816967 0.0160995729455858 0.0477331589310073 0.656657698185817
-0.00564067880556705 0.0143457913247733 0.403834901434653 0.264022886486163
0.00576557381920472 0.00417320548404522 0.306516294683991 -0.0773477539257757
0.00478648181225944 0.00668453958084863 0.0551057687343358 -0.214259314206942
-0.010206377499721 0.00587736076946071 -0.0666433515858532 0.130426201427169
0.00327918187177555 0.0120976139372754 -0.225269038246539 -0.0301711805196401
-0.0131994971669038 -0.00989849098926309 -0.226268994419561 -0.345532294176438
-0.0132758533585446 -0.0172714764961519 0.262278695086924 -0.533304281076253
-0.0232325118405674 -0.00458409594731199 0.754347253772389 -0.0271681796008352
-0.0162355861648773 -0.000740566779507183 0.466826994215735 0.589471405712546
-0.00330260682196274 -0.0222598964767011 -0.0444657737583617 0.497308678893183
0.000972941448259768 -0.0292595823802792 0.0538703191274458 -0.00406257277298448
-0.0111275207544335 -0.020544050072685 -0.0398292984900411 -0.488743673514974
-0.0201724217380105 0.0179071516630784 -0.695031292097624 -0.390684141986058
-0.0133828543243716 0.00921263666758439 -0.675844231390576 0.410342226090623
-0.00267350046308409 0.0137360129939486 0.101799765221425 0.648417677668575
0.000757553739212775 0.0142919436066014 0.418241850543663 0.233079918515874
0.0120446083713429 0.00678854312922324 0.301455204031717 -0.0913756657824644
0.0061400007703098 0.00735317543215251 0.0481904818909843 -0.215537393489945
-0.00709895334089159 0.00676191896849696 -0.0734828786755437 0.130895020999092
0.00734055531930289 0.0149443950323242 -0.221622262344374 -0.0343160320359608
-0.00934860123004686 -0.00870190078182363 -0.213799220191177 -0.358305208805829
-0.0131575455771616 -0.0176042043678171 0.282217801631644 -0.53018650053688
-0.0181762593644422 -0.00479458465685239 0.757446770297808 0.00445922119343954
-0.00709434968384113 0.010526364333327 0.444866728419786 0.608321090396281
-0.00278970201193634 -0.00167990005206804 -0.0547677758693288 0.493735719844542
-0.00260322310373151 -0.00632662254748776 0.0585987882000942 -0.0118301378808889
-0.00384742917690855 0.000154067205278888 -0.0535831228730472 -0.492173674006722
-0.0104929429324879 0.0214647937904807 -0.708982324597923 -0.363899559517211
-0.012475906515083 0.00706464909930792 -0.656511597276876 0.434647812643808
-0.00270985943246765 0.0122347949279492 0.125866591839538 0.638784959492978
0.00624027423281838 0.0149338679162139 0.427134754998851 0.217616374483435
0.0179439901819293 0.00841095754048501 0.29825474256752 -0.0972292173451473
0.00850523444792132 0.0072694966586344 0.0422021634064771 -0.213971377331013
-0.00476419165670824 0.00819984570616399 -0.0783182516979911 0.132612528803356
0.0100518424211545 0.016711217704079 -0.220678284878447 -0.0321806262201791
-0.00670515286894277 -0.00622663062015866 -0.213784088173435 -0.36216054101838
-0.0129371524752105 -0.0194675200351815 0.273446748625338 -0.538090369968972
-0.0109533876009708 -0.0044464763090548 0.755333152867179 -0.00311312031885228
0.00279126065032169 0.0222822519672891 0.454495994833367 0.607129390865959
-0.00383561667127777 0.0212706221619438 -0.0463179057553653 0.497305057240742
-0.0075755688065505 0.0185324733378028 0.0605627427396052 -0.0118767300924344
0.00460303428829116 0.019466068990925 -0.0486814567847437 -0.490853874430214
0.00226360749482746 0.0265600951837798 -0.70587144444384 -0.365762172232639
-0.0103725721755318 0.00290782784353051 -0.666239551091747 0.434112368830793
-0.00311677672767004 0.0112703289133686 0.117050413769516 0.635458227934946
0.0104814028541261 0.0166564252913077 0.42447238326753 0.216549400905782
0.020665100114531 0.010081033766402 0.300225404415579 -0.093495095431635
0.0119811651445452 0.00615837532311028 0.0383348730302934 -0.210226959991201
-0.00245758583888255 0.0091846341473467 -0.0813122139105093 0.1369225508108
0.010340937998994 0.0189841122766903 -0.221804092311387 -0.0231479299757911
-0.00555234087827894 -0.00156475854676763 -0.230441130681867 -0.355097928053809
-0.0097183585057063 -0.0203054478649939 0.232923712536319 -0.557396733860497
-0.00507034910061203 -0.00585483881253944 0.743229750851499 -0.0523133521345406
0.0140597167040839 0.031715240412829 0.487727089518505 0.581804220873834
-0.00500628261914575 0.0417452857822525 -0.0243318449267792 0.503224242160404
-0.0138468702462869 0.040438804944315 0.0607635292391871 -0.000364111147432311
0.00863911716169798 0.0384561934168518 -0.0284882288989447 -0.488773091222816
0.0142836234507034 0.0298858103532618 -0.68818274336388 -0.399584339710299
-0.00609367276529867 -0.00129485470166028 -0.700349888728758 0.395959006057003
-0.00233159348523984 0.00878536004431173 0.073178586741845 0.639437038266326
0.0137669604772749 0.0188343978735253 0.415375799172262 0.232379321494795
0.0232889606903594 0.0129465364039464 0.306488782527577 -0.0810410102318751
0.0147958064451256 0.00535292700752351 0.0406422633792999 -0.204812691040202
-0.0119643854181867 -0.00309266940114422 -0.0510901685275159 0.150805271963755
-0.0129898067848585 0.00639214954222823 -0.228685732478856 0.0309339869874114
-0.0295610639329626 0.00124907300802781 -0.327906748226947 -0.233585760501355
-0.00625926599598467 -0.00674039878070057 -0.00743173464276468 -0.566024103334525
-0.0149136072591719 -0.00386265082495063 0.613923295749219 -0.339276845153689
-0.0201855128653447 -0.0110225695130051 0.63622460994293 0.342819834804594
-0.0229800890799496 -0.0340313706374776 0.0916033621856243 0.524829038171193
-0.00884224245406105 -0.0541547432910864 0.0362459439116158 0.0863258700808765
-0.0148409522289827 -0.0494185400209507 0.0937638479035828 -0.412216783387499
-0.0259404644090364 -0.00795806574353872 -0.481405474589316 -0.634325157884547
-0.00280026807727305 -0.000195670138111561 -0.834679536813862 0.0622597766620555
0.000702604953051286 0.0171253071498362 -0.213746792761419 0.639151618209816
-0.0191538626931379 0.0176187537869809 0.303609046832511 0.375029354867116
-0.0127038835002886 -0.00141307160465544 0.3192677839289 -0.00594611296278277
0.0050887787549535 -0.000364493677150289 0.0792158046997532 -0.20057919163974
-0.0125815167583739 -0.00147338824069834 -0.0532550597811508 0.143273607539444
-0.0100460575268422 0.00772034093968825 -0.228587028081343 0.013140008813822
-0.0274092981746056 -0.00331467220491726 -0.305992475248149 -0.263560758960608
-0.00857188463794728 -0.00773463507577067 0.0677621577958357 -0.564864857299679
-0.0210486800362422 -0.00237189800539139 0.668608221504023 -0.262752642423498
-0.0251395438891568 -0.0130031136243462 0.600586473526884 0.412800115618776
-0.0195768209928189 -0.0435603131933959 0.0501707296071679 0.518315242780962
-0.00240718306532485 -0.0614075008663353 0.0382344060156842 0.0614116010669786
-0.0163578878962894 -0.0536356876588771 0.0593923271646037 -0.440885363075148
-0.0318645664020338 -0.00515958100544531 -0.551177973353839 -0.576379712333074
-0.00744810228095666 0.0028120910526321 -0.804580138052508 0.166955669207652
-0.00117303957282869 0.0173866525232986 -0.125948208450406 0.656067074212923
-0.0158458158031046 0.0152871179506004 0.341032931713513 0.343426204830338
-0.00623236313822727 0.00083456167918885 0.316233363607555 -0.030709547591024
0.00423420087064713 0.00176657833058659 0.0727775320125538 -0.20667900058172
-0.0132476430602951 0.00134317363365932 -0.0581675262282187 0.136325174595358
-0.00623926900965109 0.00753911386799373 -0.230076673421262 -0.00472626642484855
-0.0231290883499858 -0.00648852050551048 -0.276572794003068 -0.296268319207436
-0.0112608823740791 -0.00996990567181615 0.146872412894557 -0.554656224780999
-0.0242772828585309 -0.00255786632698041 0.710786954367082 -0.174647460657861
-0.0251732996883598 -0.0126880212467994 0.550428441058498 0.48548065717926
-0.0129085468508392 -0.0460919066802656 0.00866171226547979 0.510013354190358
0.000971791569211413 -0.0592825780809679 0.0437315420296411 0.0373519452144052
-0.0175081224868403 -0.0496980806445743 0.0233403578316654 -0.46235233417173
-0.0316969347550372 0.00116835803628172 -0.611960385007375 -0.51069756203959
-0.00980496474068125 0.00564320011046969 -0.759582873625474 0.267627119078288
-0.000915741223481287 0.0170644299592706 -0.032460938882077 0.662129359426322
-0.0112948758108105 0.0147857561953567 0.374772308599619 0.302681677690026
-0.000232048065488287 0.00263115747514577 0.311574042806251 -0.0570309277650041
0.00315913525317102 0.00423142245831259 0.064787511563543 -0.210676263998303
-0.0119520421249307 0.0036251723798777 -0.0619748362659973 0.132907450745297
-0.00215775006691691 0.00864223341068147 -0.227048850509384 -0.0192341479445546
-0.0188224827637818 -0.0100488608236898 -0.247643045720558 -0.323314227887635
-0.0131218377382945 -0.0139631829920704 0.214341156025423 -0.541966949496472
-0.0246434457835615 -0.00364744632671334 0.73836474599387 -0.0906332099406503
-0.0231931833408363 -0.00925179656838199 0.501007863810562 0.545837338867502
-0.00770075736210136 -0.038035757052273 -0.0266377703747579 0.500055878400794
0.00216094391941781 -0.0482269595461176 0.0487460496061246 0.0126744311585539
-0.0157204531381027 -0.0379791437533161 -0.0122748517047613 -0.477950175919882
-0.0289909384532019 0.00880272800071824 -0.658643727814688 -0.443359700821312
-0.0122282232355145 0.00883181274886768 -0.711053896197767 0.348020591620256
-0.00127211289139462 0.0164244725140729 0.0446940034382285 0.654653517326972
-0.00519347739880588 0.0141998006141908 0.399346070586213 0.263051238060719
0.00616851219032324 0.00445678236404636 0.303999442813298 -0.0765196956787658
0.00494353477576926 0.00553090825395654 0.0571405905101371 -0.212989151813268
-0.00956454214942221 0.00589799045702707 -0.0683887612588538 0.131519254004108
0.00290967071473556 0.0119810665079568 -0.22470873643837 -0.0311364427187712
-0.0144486865163443 -0.00971431061548359 -0.223731264535435 -0.344764206802912
-0.0143170253988021 -0.0157893463388787 0.262607952621358 -0.527949544463982
-0.0224466970010327 -0.00469599590022286 0.751339557708863 -0.0226833110561363
-0.0154613237536524 -0.00138256410709907 0.459168080152618 0.589457666252159
-0.00301613504952311 -0.0235430547182169 -0.04833232246744 0.492546069028245
0.00154069011239068 -0.0295918002607191 0.0546066728299338 -0.00331592427042165
-0.0114029002665296 -0.0192468822763023 -0.0371671080088568 -0.488110350974002
-0.0198003796340699 0.0170759207877585 -0.689735480759997 -0.391917668884583
-0.013116562446782 0.00969942060815803 -0.674808373406939 0.404298108955693
-0.00367279352850315 0.015014637291074 0.0981289330528424 0.643688840627294
0.00119118803447125 0.0141711791503755 0.414377863183948 0.233765449367145
0.0124441191280188 0.00701569449350986 0.299923074997326 -0.0900826846715237
0.00565039373383266 0.00672481775324168 0.0495688253104105 -0.215355406427052
-0.00684784243656455 0.00727216244532565 -0.0741954964306305 0.130687611875531
0.00730243102397209 0.0136041415599514 -0.22162483646517 -0.0348624132548965
-0.00947535252496322 -0.0083916535876675 -0.209949776665641 -0.357332153065605
-0.0139339197829788 -0.0186778869140434 0.280017303448219 -0.524866736652067
-0.0174235442330992 -0.00472419300540319 0.754954985849068 0.00842604891483305
-0.00683859135199051 0.0109251468214888 0.439538739452389 0.607665953197707
-0.00360022693322099 -0.00163309789454063 -0.0556275402299093 0.490801063697616
-0.00147156345449267 -0.00698228827212515 0.0579700073336843 -0.0120213115233618
-0.0049527471412735 -0.000523188698872242 -0.0476870912735248 -0.490382546323058
-0.00908102499687186 0.0219023015911346 -0.702334638205518 -0.365442201111982
-0.0125911665690374 0.00667713060187427 -0.657062517829506 0.430540293300262
-0.00259849167221363 0.0132043704666594 0.124566294514733 0.635361662608376
0.00716924470428874 0.0143713361307531 0.421832295098422 0.217393789264886
0.0172711041822902 0.00819401267007653 0.299293859826242 -0.0955621648824618
0.00880758418905074 0.0067761760755205 0.0436324531030259 -0.212871885685784
-0.00494294784239342 0.00834335189107564 -0.0790171414650249 0.132419169699603
0.00969005999268054 0.0162225958694335 -0.221754839568836 -0.033240819584236
-0.00595840880078421 -0.0048436565127075 -0.212032394025266 -0.361759776929082
-0.0112986754461737 -0.0192195538882671 0.273272080346369 -0.532359348642993
-0.012003528819245 -0.00538536525004862 0.751818993804178 -0.000605866659515478
0.00275504210433074 0.0221657396431587 0.447922344861868 0.606466223345674
-0.00439875091205465 0.0215161045742437 -0.045627922507419 0.492792737467366
-0.00722360219829254 0.018048706882957 0.0608602820078848 -0.010565629096236
0.00368992596981841 0.0193695640126558 -0.0456755945663213 -0.490322200301305
0.00170319763278802 0.0265976363927594 -0.699479363724386 -0.365873142007888
-0.00998051506030775 0.00373307460002769 -0.666773865692642 0.429547540118608
-0.00331096359603011 0.010668957263055 0.114575685602318 0.632563177166791
0.0122048577232039 0.0165851748561303 0.42223000962691 0.215354692498783
0.0215181244178834 0.0105965855622874 0.299289334078939 -0.0920248482443473
0.011264471713339 0.00681700482070648 0.0407800386500575 -0.208602889292237
-0.00173738070886234 0.00922212579005001 -0.0819773183086015 0.135494458858653
0.0110957538937877 0.0177893401836037 -0.222131847025879 -0.0246943975302953
-0.00523932949580519 -0.0019390378996522 -0.228868758982076 -0.354433246541445
-0.0105888045394686 -0.0196276687129012 0.233194784079588 -0.554437577893157
-0.00632375605917181 -0.00671491849261708 0.73834514888615 -0.0493379988061107
0.0131688404986868 0.0307796710490041 0.481148657531827 0.578965202364348
-0.00493376647552871 0.0419592879160702 -0.0268018964154627 0.499415604398093
-0.0126995889899458 0.0397434611678064 0.0615878404028301 0.000382382148193797
0.00862115305936998 0.0375563830902735 -0.0240830548860891 -0.483962297561169
0.0130958500158842 0.0302704715483756 -0.682711175368912 -0.401133491720932
-0.00567549276876544 -0.00125434714639421 -0.697405546708045 0.391228523104695
-0.00283556361182527 0.00864490623618914 0.0692324851925248 0.636303296609249
0.0144871074108199 0.0192536899388065 0.41275677779498 0.235013946711854
0.0227979692799162 0.0121074940794085 0.304912242850838 -0.0791304027846888
0.0144787146830852 0.0037863878985929 0.041375977004258 -0.204823295288261
-0.0120075033339955 -0.00547471632885591 -0.0690972178610856 0.142690443278174
-0.012635976984802 0.00304912771049015 -0.229996937704694 -0.00127500256199246
-0.0274064587442792 -0.00274581100732432 -0.295007249138936 -0.2768530507639
-0.00299077016060214 -0.00688560110617646 0.0630078316443399 -0.555833241300047
-0.0101233757285436 -0.00303416616694348 0.651108793671682 -0.252829938863641
-0.0192247247620012 -0.0184641346695782 0.585686727463259 0.428557805896278
-0.0142200253985654 -0.0365707803841589 0.0228191133103136 0.534216190363347
0.000803061781742638 -0.0546597142464986 0.022311043120665 0.0919511145201682
-0.00918934549054397 -0.0555512409842814 0.158657847070222 -0.398174788631202
-0.0313301246438746 -0.0120931276787187 -0.379029440193322 -0.699804760521554
-0.0089916352122681 0.00734410396752113 -0.84084288386867 -0.0687561272108644
0.00609661001168466 0.0211320163285203 -0.314213676741368 0.602937486878015
-0.0109292162950992 0.0125739909186394 0.243924764898883 0.419194704686958
-0.00811308863549531 -0.00526434321741713 0.318310545832262 0.0426745430122776
0.00363496124024542 -0.00138017480463835 0.112281481085269 -0.188739167770037
-0.0121578888196025 -0.00286056883249234 -0.0715251164087375 0.134899798399185
-0.0110640723810346 0.00416775869916785 -0.230191716603322 -0.0189296273019911
-0.0256612056162983 -0.00546306109365784 -0.267755262177899 -0.303925215852291
-0.00541392773054941 -0.00813048927787687 0.137913974428341 -0.546730533304906
-0.0167805349693813 -0.00259323806243633 0.69546747295088 -0.170406909498017
-0.0236989594896661 -0.0204420227790656 0.538053912175482 0.496083750892673
-0.0106821259096207 -0.0449629362337797 -0.0188594690491857 0.524020831284579
0.00715080807274748 -0.060576577999057 0.0298517610631858 0.0664746940563624
-0.0104244803449864 -0.0588550084361686 0.127159674229965 -0.429470996763787
-0.0361013523653024 -0.00978234837296922 -0.455389168811247 -0.654473725283306
-0.0120130805575742 0.00989634060689367 -0.824841354477779 0.0395516391786327
0.0054992530942802 0.0211771831059159 -0.226810398760019 0.635014205689034
-0.00872265694331608 0.0108297050156566 0.284654549917445 0.391378647321389
-0.0050619647775952 -0.0045632028464823 0.318922316963673 0.0185958949262775
0.000520277509224973 0.00069629680305959 0.106688914857097 -0.194738828944022
-0.0127048905972321 -0.00188193878886009 -0.0751255591600545 0.127414225089494
-0.006729946875931 0.00508656456573494 -0.228719382026875 -0.0372751386300039
-0.0209134128738039 -0.0092347855374794 -0.235539524828846 -0.332944010797365
-0.00805729465441083 -0.0105151999140384 0.21479536828566 -0.528333297712851
-0.0201189678766011 -0.00321916166517417 0.725906842699764 -0.0781031510100019
-0.0245366657827295 -0.0206445957583185 0.48131161731621 0.559617861958372
-0.00408625402273908 -0.0451260581640793 -0.0571103985500476 0.511390642541422
0.0102570762176258 -0.0580297486985059 0.0375336770110202 0.0432007944628107
-0.0127616427663404 -0.0551246251475634 0.0936116029310463 -0.455308135483779
-0.0380976652578106 -0.00316648130467433 -0.526690366737635 -0.596237218428082
-0.0145644806660844 0.0137694591367396 -0.795182192700501 0.145572199667299
0.00513420864373017 0.0194509185600243 -0.13484669344965 0.653094341774024
-0.004565645334995 0.00881097857732375 0.324064018452677 0.359038166482905
-0.000507745335655922 -0.00198260695848291 0.317588794616649 -0.00691724387612812
0.000500240882155135 0.00237373040033349 0.0990956528645784 -0.199576231072586
-0.0118154989051864 0.00227723783369348 -0.0800893548617266 0.121841515415431
-0.00232593790533523 0.00829936523695327 -0.224269264323961 -0.0530642681291515
-0.0161312002686438 -0.0111037268310432 -0.201998953738669 -0.355630245936918
-0.00968647876634738 -0.012720804683572 0.280051899015568 -0.502992016042583
-0.0217357483621821 -0.00401257719325618 0.74209823616634 0.0105972871233536
-0.0207830368600212 -0.0158565558306247 0.418465382204326 0.61412920147627
0.000493417363958483 -0.0365227897145287 -0.0925575231515145 0.497827008956579
0.00999346239065657 -0.0469100292056924 0.0463228032954147 0.0217477176615241
-0.013381625884794 -0.042908915841577 0.0615437947475384 -0.475590471243898
-0.0355237392110305 0.00708286075996088 -0.584652749872447 -0.537858911029304
-0.0158211797714953 0.0157216119514495 -0.761218324255777 0.235943674692866
0.00616805594853013 0.0171814734394163 -0.0567830360933295 0.659162058196087
0.0016400876970287 0.00911956751778263 0.354548791107099 0.32214173112634
0.00686273142083935 -0.000192676967623965 0.314000945844945 -0.02947298132876
0.00196541523669461 0.00524283697054617 0.0910090454336124 -0.204861257397977
-0.0102829743931859 0.0030251629248192 -0.0854668234286922 0.119262119915001
0.00149056877695705 0.0108045384722741 -0.221044239214944 -0.0618639260508907
-0.0105233935999548 -0.0109115375444734 -0.176622277411911 -0.372698752341605
-0.00963843472408178 -0.0157299148528465 0.326330037745223 -0.485829092789711
-0.0201283030695408 -0.00460894644204436 0.746175654881107 0.0764644141801347
-0.0144356710012723 -0.00777579200987163 0.374721338176176 0.648909635889279
0.00146103284323519 -0.0216299167191829 -0.112587348671544 0.486482464810743
0.00611890329930633 -0.0290790034460518 0.0534435025338172 0.00473132342432346
-0.0108020566696236 -0.025006884208039 0.038448793312088 -0.488941374180721
-0.0288360908533223 0.0146793202086182 -0.621013670976932 -0.491738269875655
-0.0155779626469518 0.0159712188447401 -0.731588506747299 0.295552783342993
0.00558705844134511 0.0145978612958511 -0.00204548020352801 0.655733856092326
0.00756973205275997 0.00918352021124776 0.374878109799365 0.295048338292861
0.0113800203555961 0.00412920382090576 0.311675584534542 -0.044081166637226
0.00344888720144339 0.00742574738500253 0.0837773697859089 -0.207183144110119
-0.00834264887893207 0.00597349811691479 -0.0913261241205462 0.118976452759989
0.005931173716775 0.0150556453700379 -0.217169687024099 -0.0669725246373158
-0.00644100993327907 -0.00790262505260209 -0.162581701219598 -0.384179181525926
-0.00894512889346008 -0.0185234474937839 0.345055653284079 -0.4788151382548
-0.0145397221528485 -0.00448695954833814 0.743338790973651 0.109209737481884
-0.00783789606366354 0.00491822170371985 0.349123676287768 0.665960817126148
-0.000367238539009537 0.0003155459005614 -0.119439291238434 0.479946796163273
-0.00105494358393527 -0.00637807742627379 0.0593882100808869 -0.00328786153807543
-0.00804515653625306 -0.00500963499476313 0.0266788372552732 -0.494300083183969
-0.0199827145625387 0.0229562679954437 -0.638877303779115 -0.466829930652789
-0.0141364958042558 0.0142408240912591 -0.719372555920706 0.325468242288908
0.00588004396558072 0.0112833702528324 0.0242815495076408 0.650517788878062
0.0133669909893805 0.0105118766680507 0.385218100832981 0.280032461338523
0.0161278653081303 0.00657666982865087 0.310229733474132 -0.0485915736243144
0.00601090950406858 0.00701958698627175 0.0781354471884122 -0.206895860652364
-0.00578224991894338 0.00647898227381817 -0.0965535593403266 0.120669747005622
0.008587841453848 0.0182210615445299 -0.21762807296508 -0.0627052126719294
-0.00473645475874224 -0.00495908929107838 -0.162642721982391 -0.388667846288062
-0.00722306875635968 -0.0191658209851847 0.336625175485541 -0.487878990606233
-0.00884742340042884 -0.00326360917032351 0.74356011642975 0.0997960926484662
0.000123678013413387 0.0182422922932824 0.35928855019736 0.664902186541371
-0.00563600492621434 0.0205476510434328 -0.111301282799555 0.482246576177944
-0.0086224157195675 0.0158704664045003 0.0618518405272523 -0.00176238672599052
-0.00432159200696349 0.0157938004880775 0.0294613812744945 -0.493610420221304
-0.00874067777995335 0.0282333894946574 -0.635469650966317 -0.468910046165618
-0.0114149177772505 0.0111709006154228 -0.726838410245044 0.322202358670241
0.00539027767620736 0.0103878000034908 0.0158731408025842 0.648149334195263
0.0174381769071128 0.0124609991770003 0.385476046259678 0.279884215767462
0.019439881176646 0.0091292240724294 0.311766294387708 -0.0450749973021958
0.00837156615654739 0.00642036492683809 0.0751575895174217 -0.203478555501074
-0.00428731674726187 0.0075636437573096 -0.0992134419110177 0.125227511008675
0.00926488419018345 0.0186221190625381 -0.220356853994882 -0.0555220705312264
-0.003073072119922 -0.00149455068275382 -0.180776159696085 -0.384310752366449
-0.00674632864478318 -0.0194739981698765 0.300157366077799 -0.512170432723007
-0.00165415550976488 -0.00345443073099659 0.735725888096156 0.0511289962017467
0.00805648183480741 0.0278124279007003 0.394473884423663 0.643869447686143
-0.00980122472220143 0.0421745436053277 -0.0916064615460392 0.492854323406767
-0.0185575886338601 0.0371970959325834 0.0595918142334847 0.00965176534937144
-0.00143537666013376 0.0351456288269074 0.0508181024074779 -0.483325566771818
0.00258927880086611 0.0341500333260775 -0.611752781739794 -0.497134308616173
-0.00637719879653355 0.00823084845223671 -0.754387539331973 0.279820216309276
0.00610770717850124 0.00971929121200861 -0.0281225936682931 0.643778348797473
0.020049317246696 0.0151005000644804 0.373276364606603 0.295071597833835
0.0206604056115439 0.011600234131606 0.315184061801082 -0.0329889634216237
0.0106828224892063 0.00559180277479944 0.0744860678164527 -0.197537335208131
-0.0119069763847604 -0.00396578468600461 -0.0709629667274543 0.142018934104035
-0.0125983480894736 0.00254651596511795 -0.231434510073767 -0.00319303996101603
-0.027345179569963 -0.00228084533696334 -0.295212496571096 -0.279723289761989
-0.00347831628700314 -0.00708659902596084 0.067144909198542 -0.555502368470648
-0.0108768825370465 -0.00390164256551509 0.651837545080463 -0.24795041146388
-0.0178119285493409 -0.0177877884682234 0.582714303674156 0.43352460211777
-0.0139850837974551 -0.0369793270858619 0.0190431142490795 0.533264078900664
0.000997871454675083 -0.0549289844709488 0.0214959098868787 0.0900334235513385
-0.00936475463643633 -0.0547811360684654 0.160751955592789 -0.395426022395802
-0.0308622655921233 -0.0122558835864426 -0.376619474040803 -0.700715100084489
-0.00912519524070285 0.00734414417774432 -0.83825133864843 -0.0724050282181937
0.00718495702825525 0.0214801194078843 -0.315472346332442 0.600215653116699
-0.0107850648520962 0.0127358518334467 0.241298460507433 0.419914722612699
-0.00837592348453955 -0.00557979551517294 0.318125811590252 0.0437716512856474
0.00344767279690933 -0.00234280719636326 0.113211715815523 -0.188516010491238
-0.0137609934979209 -0.00233122117520412 -0.0723412932619338 0.132735950315813
-0.0104566176065797 0.0038365382624152 -0.229423614701953 -0.0208997540529616
-0.0255489827668857 -0.00618901051266651 -0.266548677149656 -0.305901299458851
-0.00591972783095765 -0.00842332406642054 0.141467101004507 -0.545557599512213
-0.0165199075617516 -0.00238438219364784 0.694151209796243 -0.165638598180517
-0.0229465069395773 -0.0207426887277468 0.535211884554099 0.499262684228442
-0.00970338795984266 -0.0444948071119345 -0.021147402216184 0.521544033882623
0.0073885415520251 -0.060692724874595 0.0290956056799812 0.0676126682126945
-0.00991938410290301 -0.0591379930898919 0.130122473256702 -0.425227674644797
-0.036114593342847 -0.00998998918174004 -0.449713352017541 -0.653803187216889
-0.012376187339703 0.0102633828247489 -0.822883848778825 0.0342847994642239
0.00570284285686328 0.0212632447869015 -0.229086875094551 0.632511473785008
-0.00837010215957612 0.0104612291400659 0.283195812918992 0.393650647750262
-0.00511111567113902 -0.00487794277569694 0.318153615523113 0.01859417333985
0.0017358560547369 0.000154732184484495 0.108356686243174 -0.194446249003675
-0.0134185624795831 0.00040898688635835 -0.0761521448843349 0.1276137510448
-0.00650822984800095 0.00542495282932841 -0.228744437875341 -0.0379498770761294
-0.0211787468238252 -0.00928117560423751 -0.234270207844967 -0.333047998441057
-0.00801082566442238 -0.010806721086572 0.217466957876682 -0.526598178325223
-0.0205460978448092 -0.00295178997750077 0.725147367914502 -0.0734774326235094
-0.0230977022789311 -0.0202663057463798 0.475649729624238 0.563594481752996
-0.00390364775206182 -0.0458431476763195 -0.0623053764598671 0.509504415101461
0.0100928743258742 -0.0583104600591468 0.0377281055274919 0.0438517229857596
-0.0124465747805689 -0.0553825022991279 0.0983387505710741 -0.451853480800178
-0.0374940362039246 -0.00276503817283675 -0.522689543262189 -0.596928283250101
-0.0142293457622148 0.0140981350197601 -0.796347975606836 0.143113606291418
0.00608247061991008 0.0191478421801657 -0.139782688052712 0.651624361725052
-0.00387189213152548 0.0089496606199491 0.322137595847633 0.357948100803697
0.000652784353918072 -0.00241377150574303 0.316975953566474 -0.0065051569476442
0.000613487423748963 0.00294822039253262 0.101066865628587 -0.200763037149834
-0.0127165574017167 0.00265691738669932 -0.0808426131071874 0.122016163867771
-0.00263373885024269 0.00844398829715162 -0.223570914296354 -0.0543283862036782
-0.0151099553608075 -0.0101015405103788 -0.202118436346815 -0.356887822824923
-0.00925013242459252 -0.0130815912079934 0.282050790856492 -0.504592120888273
-0.0212990094599179 -0.00439321320535091 0.741834168491851 0.0141723186004525
-0.0193831019466839 -0.0166557924901758 0.415416405263041 0.616073542510658
0.00152295791419058 -0.0375124981442276 -0.0942505238102779 0.495796876772666
0.00986289471403192 -0.0479747319187601 0.0465477095857659 0.0217819266970317
-0.0127760824115683 -0.0421883696907004 0.0639191322048034 -0.474244851792702
-0.0350743872212127 0.00603004744966806 -0.579995134223261 -0.539957424181228
-0.0160341606907712 0.015997461294757 -0.761536911578164 0.23046957255755
0.0058115194501078 0.0167974676900662 -0.0598989804533528 0.658961001983364
0.00211554731846556 0.00969349085285208 0.35322070459958 0.324377466793472
0.00594404503174214 0.000478502051473376 0.315253423735453 -0.027382498787818
0.000554399909406371 0.00512776264992055 0.0930650563772338 -0.204974139275453
-0.0108567869083735 0.00483164259115204 -0.0869317739989776 0.118951707517227
0.00215681183025104 0.0111607568075829 -0.220321017343238 -0.0636258363680656
-0.0108452872225981 -0.0109376214732913 -0.175958301512462 -0.375119009498604
-0.00960366382751427 -0.01569418548306 0.328486803112963 -0.484112389041585
-0.0199853485717309 -0.00400042115655432 0.746023716951343 0.0824739975603153
-0.0139723007221181 -0.00768046169243772 0.36969539634148 0.64903084209218
0.00123970320677653 -0.0210017049352906 -0.116314089832412 0.483340570150627
0.00661461526775857 -0.0285809673942507 0.052576433212267 0.00527680417737999
-0.0111460481868963 -0.0248567517306663 0.0423495286336281 -0.487899548172669
-0.0282779986388383 0.0162245916046318 -0.618464978767984 -0.493591111300958
-0.0154986363681312 0.0160752390255951 -0.732490574585793 0.293035860660413
0.0051716756859276 0.0149302195175006 -0.00580305053314759 0.657451250372678
0.00777446758798763 0.00885632051229555 0.373918884683687 0.29668894453053
0.0122418800015433 0.00413375756706952 0.311675494125331 -0.0421703492741587
0.00233970381022477 0.00683682037653687 0.0862000865004203 -0.205718413278157
-0.00857236375921719 0.00617394060913924 -0.0917210689881585 0.118266142045211
0.00535004090703538 0.0152896057647802 -0.216881198736548 -0.0692000683694729
-0.00622565178979064 -0.00816185768294283 -0.160921352464528 -0.384382111546365
-0.00880083231499224 -0.0172666014881278 0.346171350312486 -0.47776446757116
-0.0150508683665532 -0.00437138940797519 0.744081338955924 0.113037459735512
-0.00691484864099874 0.00563736071927484 0.345762338855665 0.667343654175096
-0.0013833660093326 -0.00070198300549314 -0.123202170375228 0.477329663804415
-0.00048902398060779 -0.00725247893990689 0.0590682089322415 -0.00226485699284857
-0.00762734328922737 -0.00479181832992617 0.0308077069516554 -0.491930038861799
-0.0186524504297442 0.0225542542922553 -0.634719141849076 -0.469713827173806
-0.0139364232783563 0.0146972165332601 -0.719846058598013 0.32169769335367
0.00481749426592129 0.011723917099795 0.0234870801529709 0.650224040430102
0.0129806545936255 0.0103722067557625 0.384081397924251 0.281742460905107
0.0163577652516914 0.00721147854875244 0.310464630784003 -0.049296940138051
0.00510034954855091 0.0070139432366983 0.0800205987991327 -0.206153996338378
-0.00609901645220707 0.0078997526480384 -0.09725373791391 0.11860296996941
0.00759154925629332 0.0167554584302199 -0.2159152378899 -0.0654682130558908
-0.00439306980091486 -0.00452402810494229 -0.161264493429283 -0.388266867549087
-0.00853653702010751 -0.0179450528861705 0.339477485214302 -0.486434194871861
-0.00802193148732783 -0.00334133820994539 0.742632484297273 0.104367403400079
0.000218676734373745 0.0181269569213255 0.354661342353632 0.666484222813488
-0.00618042191037916 0.0211440038961088 -0.116411886417756 0.481566873714079
-0.00899340994165701 0.0155691898151917 0.0616837778568493 -0.00230127554380826
-0.00420047794946034 0.0161466595663533 0.0340558536936544 -0.49120993115713
-0.00766114684560466 0.0289699034441608 -0.632260826836892 -0.470255358729039
-0.0105887822408346 0.0119094372435313 -0.727112189484793 0.317968301878706
0.00468189663128495 0.0101949984028005 0.0126475212289355 0.645185387505373
0.0175646664381103 0.0127042602860986 0.384048906451464 0.281830995410136
0.0195386617277962 0.00828353907114768 0.311037757750084 -0.0456159275225184
0.00823902994367296 0.00679812517273497 0.0764384794443853 -0.203320743868751
-0.00315115928973974 0.00905615539278964 -0.102572312735556 0.124669541219597
0.00851525470042672 0.0182256836765705 -0.220480564899087 -0.0564824723443935
-0.00383031909708772 -0.000384726423377225 -0.17838040476975 -0.384373246198327
-0.00654852352701242 -0.0178729692124088 0.301630369118948 -0.511147855373448
-0.00204848613281323 -0.00418360950724456 0.734968920834173 0.0552139524921837
0.00855227350904027 0.02843403291101 0.391581073817921 0.644997377912353
-0.0102045558466446 0.0418496383351833 -0.0953632525365235 0.490955199432987
-0.0191460041454739 0.0377460494239007 0.0600050831542346 0.00997708740299696
-0.0018325259590823 0.0347123307603392 0.0549279477315776 -0.482268972861755
0.00202380585606128 0.0346770617548866 -0.609197752962688 -0.501315734225952
-0.00640349194157761 0.00898444972984122 -0.754485778863343 0.277342063489958
0.00536933624979165 0.0101274654178138 -0.0320606351222773 0.64217123868662
0.0200145837960491 0.0153306078265667 0.370513186472962 0.295112929287236
0.0210488795313434 0.0108348449331272 0.316238756171737 -0.0314676056318445
0.0113873675847947 0.00570385562193947 0.0758087279646665 -0.198063823972418
-0.0114152554254197 -0.00454169855657346 -0.0726490816809997 0.141612710596515
-0.0128763305816086 0.00208298949578073 -0.232135257415558 -0.00434618931784073
-0.02739888081452 -0.00145393371589332 -0.294180656844255 -0.280327972907974
-0.00370398668696021 -0.00676751511659696 0.0712980695838341 -0.555817177110699
-0.0102681269498969 -0.00322676680448863 0.653721928341008 -0.246660280489256
-0.0183622903213816 -0.0177358086533279 0.580856444309557 0.437611278616794
-0.0144654816627873 -0.0371125226775564 0.0160010622693526 0.534382178880726
0.00163442733536086 -0.0548164612998909 0.0204500369484457 0.0906206808262141
-0.00869246673009943 -0.0551378522098142 0.165021407936458 -0.395248605743194
-0.0300703847441493 -0.0134990534219493 -0.370224451395268 -0.70251607242624
-0.00862393735158232 0.00751456101969347 -0.84053156406928 -0.075623316646189
0.00610021403164835 0.0225258711217717 -0.32067428335061 0.59868695727392
-0.0110260458521836 0.012654300400003 0.239494667396292 0.421481038526729
-0.00931780698235851 -0.00633323502691154 0.317603433310882 0.0458075216376439
0.00451137712179955 -0.00204612954747313 0.115375205981061 -0.188882999820645
-0.0133669567660335 -0.00191524188396794 -0.073944970016319 0.134298695549225
-0.0110973507435769 0.00336813791771427 -0.231003674873101 -0.0221173090549905
-0.0239905066410261 -0.00633201493413435 -0.267832046700988 -0.308214031168917
-0.00622138396418528 -0.00873742062446311 0.142978398465572 -0.545847661341164
-0.0159177924346395 -0.00264761348197506 0.696917803411269 -0.162858180052561
-0.0227452496606967 -0.0204394000721229 0.531560380343068 0.503591005328549
-0.00950663567878722 -0.0453028037729238 -0.0259050150614052 0.522806527587552
0.00813957454888652 -0.0613697750270666 0.027855745966209 0.0664650010643242
-0.00978473798758249 -0.0596309328771594 0.133826667426862 -0.424916892772325
-0.0358157667383872 -0.0106358930807108 -0.448924502611932 -0.657081828156887
-0.0124080632874248 0.00964890855312831 -0.825809813785845 0.0331018851172905
0.00478933630231364 0.0210666232294826 -0.234831793365349 0.631819479566282
-0.00875459152218139 0.00995624774265126 0.280175003773831 0.395157678356867
-0.0052007578723782 -0.00424375476553912 0.31910593557306 0.020604927867115
0.00236528530246589 -0.000713162609969846 0.110240825398755 -0.19421113423801
-0.0127921713483563 -0.00013606459870203 -0.0772132242800085 0.127122905356672
-0.00553711938607253 0.00577122468816576 -0.228917574821795 -0.0397307079360485
-0.0205280278091776 -0.00949846800719526 -0.234568497335489 -0.335103439094311
-0.00752614900934998 -0.0102561834188602 0.220595768832499 -0.526589315356711
-0.0203730341956898 -0.00376024066991866 0.727902994803357 -0.0706356562709809
-0.0221484440105306 -0.0207328984132343 0.47293147035878 0.566277131893478
-0.00371981739215619 -0.0462759320366913 -0.066472913406579 0.509239208553621
0.0110135069035506 -0.0574509097273093 0.0375563231399404 0.0441975168578281
-0.0114711074890707 -0.055944762733563 0.101972097783379 -0.452473508566591
-0.036804055522868 -0.00281692989371703 -0.52081022131176 -0.600717922626508
-0.0150636313440745 0.0139696236227296 -0.796798754188984 0.138445878534628
0.00526993529047348 0.0197801067855766 -0.140442066806605 0.65263950526636
-0.00387505633887224 0.009224925744932 0.322263735231983 0.361226233351732
0.000676563820513509 -0.00243747074739465 0.318273942141928 -0.00535066502576665
0.000934864815312901 0.00325848113717233 0.103220641796528 -0.201100946010752
-0.0128047150978736 0.00203868559384405 -0.0814441928524592 0.121396874974194
-0.00219299923712945 0.00838493947618396 -0.22451493015085 -0.0549377032875792
-0.0151339668382554 -0.0105518954647173 -0.199535297781274 -0.358667343331137
-0.0100412194237409 -0.0130717475200657 0.286280244884724 -0.502252152734673
-0.0213005394668163 -0.00479970575198765 0.741652972166559 0.017298344111947
-0.019051403620894 -0.0166290965886774 0.412376947149483 0.618756889844439
0.00143084861883245 -0.0379693394927876 -0.0985537413212344 0.495110978283557
0.0109448427385156 -0.0478792672737165 0.0455071483438328 0.0212787062789165
-0.0129320339621251 -0.0432582610504986 0.070511881606466 -0.474839694395479
-0.0346980499476951 0.00677563940811361 -0.578161893570501 -0.544288258527577
-0.0154259608461991 0.0164471415953309 -0.766186808676212 0.229507745693361
0.00524719850866128 0.0174078971412572 -0.0647162079596128 0.660274893754428
0.00330857129196499 0.00887868938676548 0.351525813704558 0.326241332392832
0.00639728888032082 0.000589740681156141 0.315230408977143 -0.0260349703597664
0.00216811044141262 0.00454964401173784 0.0940228048146975 -0.205929027961764
-0.011277267304492 0.00451329226436181 -0.0884102400921871 0.119246830271846
0.000988729203231535 0.0114467077102408 -0.219358737133934 -0.0653527933986578
-0.0110520737221701 -0.00948628879805911 -0.172655259889178 -0.375066709840084
-0.00913622962146264 -0.0154000576371822 0.330964006223086 -0.482020291314651
-0.0195694325772397 -0.0038033069607347 0.74548640756799 0.084987460771926
-0.0132472785974258 -0.00802136869504684 0.366170566443411 0.653533116040882
0.00155694487191484 -0.0217624556621858 -0.1194844916148 0.483234113900489
0.00705132171186618 -0.029769151963122 0.0543887671040054 0.00547635145160855
-0.0102512247837005 -0.0249379098053361 0.0456592427601793 -0.488789208159319
-0.0283707077546655 0.0150479383025429 -0.614460781873761 -0.49809382332126
-0.0151834900618847 0.0161796378150876 -0.736555178496543 0.290858441730491
0.00547434421061167 0.0151492738732563 -0.00903953522758527 0.657549945491403
0.00849731056514612 0.00992904227202385 0.37363753594558 0.299505828365644
0.0113504134330193 0.00428102602446084 0.313520407933669 -0.0421351235496238
0.00288168928393913 0.00586732473833686 0.0870944569143121 -0.206047882171441
-0.00878582638207901 0.00699548875262359 -0.0941755125256798 0.118734972352351
0.00553126678448899 0.0133054765205587 -0.217295010339797 -0.0688403948681338
-0.00633657378778832 -0.00771233413904652 -0.159293466984153 -0.386460212126799
-0.00938177516510555 -0.017183026941063 0.349313694726927 -0.476134577499494
-0.0145992798137487 -0.0032954973408904 0.744349503072486 0.116100138151143
-0.00667151590678482 0.00595279854638458 0.34179017212044 0.67066809888792
-0.00198919770013628 -0.000730305102415129 -0.126724569444464 0.476705382509423
-0.00115862971632841 -0.00693509208151243 0.0594759938634717 -0.00256797632645814
-0.00776080342341673 -0.00531938930338715 0.0352723180146577 -0.491794420570451
-0.0192751077234844 0.0228909543203546 -0.632797331248354 -0.473634676219435
-0.0136657597493781 0.0148406370406764 -0.722430835846106 0.319150047119177
0.00469075988698789 0.0119778618477781 0.0170882837719102 0.649949251099049
0.0140889588475329 0.0106192594420958 0.384056068097391 0.283069966289921
0.0160144473446347 0.00708964509021948 0.311397902949654 -0.0478849420885321
0.00521722885087341 0.00635623751379433 0.0811500841028436 -0.205083493724546
-0.00474768723786012 0.00834553879075222 -0.0997463807688796 0.119227265867805
0.00872342484421647 0.0169032129820155 -0.217467028488087 -0.0656076485963482
-0.00342152320776853 -0.00417998849394341 -0.160452798159222 -0.390997606922103
-0.00774401671359595 -0.0185163789049386 0.343042169643509 -0.484357261089651
-0.00835408225043518 -0.00309449388249527 0.741152566367887 0.108362398651479
-6.90179174501777E-05 0.0179353637191815 0.350439811238281 0.669517232018239
-0.00670232975761918 0.0214248789789869 -0.118952851545552 0.481660013476815
-0.00853418386738484 0.0166289236894156 0.0607878287043594 -0.00123388703350534
-0.00425808929758117 0.0167776117259698 0.0380372064662894 -0.490354831950004
-0.00751560065846644 0.0287851378437805 -0.628819161152794 -0.475375115172874
-0.0119304186815468 0.011009166158484 -0.730696587041022 0.317094772531324
0.00546253547135039 0.0118061622680565 0.00872157251125472 0.646335265731192
0.0184433098607165 0.0119742098508681 0.38255196033817 0.282659300424792
0.0198294759225763 0.00969897032571839 0.312582124678908 -0.044162838512763
0.00721540291298802 0.00630459012021666 0.0777027263076047 -0.203011448455326
-0.00392429171779929 0.00945400000654421 -0.103340936551797 0.122379619214616
0.00799837890525812 0.0186184740598907 -0.218882975159537 -0.057472903890523
-0.00315435782681975 -2.60382324223729E-05 -0.178545658834344 -0.386282703375412
-0.00608519270379237 -0.0193589900612133 0.305576603807017 -0.509265843130111
-0.00185201627791398 -0.00379504341674122 0.73634647745002 0.0587051720790022
0.00925693468563862 0.0284147602900222 0.389573162424022 0.648388081925142
-0.00988655769178589 0.0419917507421135 -0.0978786477146945 0.490724762853206
-0.0187449158287662 0.0357738327491921 0.060905064676772 0.0119055039088493
-0.00225552939017743 0.0340989389095344 0.0588559342330885 -0.482063279439215
0.00270073400121 0.0338811958188658 -0.608332849066642 -0.504309102104128
-0.00625480310137789 0.00819696200277921 -0.757831733027479 0.272734812471748
0.00537911327443252 0.0100104442012192 -0.0362259835599131 0.644367781801483
0.0206442070566759 0.0162481482394375 0.371395614073148 0.298413777391509
0.0203324370248775 0.0117876564640022 0.316521369262526 -0.0308597840211121
0.00986553542634545 0.00410059552485844 0.0780270194948939 -0.198002024123795
-0.0122381911440923 -0.0044193295457827 -0.0741430194939867 0.141425255911229
-0.0126206205240906 0.00231818404683321 -0.232754297079032 -0.00565224373321222
-0.0270464996029193 -0.00218538130297464 -0.295067576013254 -0.284134155564653
-0.00348351989937134 -0.00701214731512764 0.0714879533970503 -0.55852506695087
-0.00957866648225695 -0.00398320435767524 0.658444870698024 -0.243747449834535
-0.0171988240647726 -0.0180912223058463 0.579971041063426 0.442497440059859
-0.0134914621003624 -0.0368714930983597 0.0131609029353099 0.535795130129475
0.00190902193429726 -0.0554722796312528 0.0197361216161206 0.0913187868294114
-0.00712308142855949 -0.0555133851263631 0.166966469049938 -0.395835419593162
-0.0302188545478233 -0.0134815152263542 -0.369793647279259 -0.708510073835567
-0.00855317701658672 0.00716717867219549 -0.843141907785667 -0.0802203572920105
0.00611939258205089 0.0226415428878604 -0.324836270827051 0.600212104139552
-0.010924275386734 0.0124289576243557 0.239004185123372 0.423096878768499
-0.00827691905470591 -0.00608481999237733 0.319545633455299 0.0463649542428061
0.00389081962864506 -0.00282457388803936 0.11674456035318 -0.188533583955811
-0.0131281098079818 -0.00221027277180899 -0.0746490260846063 0.134066187546907
-0.0112184739449406 0.00291182285734445 -0.231588276545649 -0.0224266330955867
-0.0244783188838633 -0.00645504714738719 -0.267054288543657 -0.310630990456514
-0.00607594030562034 -0.00742389994632621 0.147534113302674 -0.547525060453686
-0.0160447785826439 -0.00288350946319145 0.700839300772456 -0.159050283549732
-0.0213628296275546 -0.0212505001918109 0.531138170107506 0.507123213950887
-0.0090108397782268 -0.0453476458523335 -0.0285305228904038 0.525410962583861
0.00888919384715415 -0.0604891548240677 0.0279912820916856 0.0684046108500208
-0.00886080540578565 -0.0606116119428062 0.136765646641393 -0.424888288649878
-0.0358724571196954 -0.0104981878825142 -0.447130079834948 -0.660553702609815
-0.0126284980309935 0.0100142211332849 -0.829380941392461 0.0275780080140978
0.00511891272028353 0.0213281626771969 -0.238722276218238 0.632952382586576
-0.00797299429198444 0.0106374816203358 0.280704303625327 0.397969451849427
-0.00508010137769949 -0.00455031310674547 0.321543061807225 0.0211733749729732
0.00177121771426847 -0.00203147243353542 0.112394534857229 -0.194718138706966
-0.0138780097062069 -0.000357924769894985 -0.078355357968621 0.127004994193581
-0.00738172162826356 0.0047459487373282 -0.231077412303042 -0.0403950373453596
-0.0205954159459348 -0.00835004382758218 -0.233373358798135 -0.338150768041307
-0.00814690775269901 -0.00998424973735867 0.222262488901792 -0.529307483533332
-0.0203455110692575 -0.00280388708482322 0.731544864172578 -0.0679151548290969
-0.0226564124162645 -0.0209699291738971 0.473023917578883 0.571018570933347
-0.00281898528909086 -0.0464286733845138 -0.0675864050449007 0.509821083998556
0.0113849230213183 -0.0581938028290554 0.036637778992512 0.0430129964625465
-0.0113238888637941 -0.0564421653087771 0.105710845127746 -0.452513676190581
-0.0377021951467368 -0.00268861079951672 -0.51767065049265 -0.604840483481184
-0.0148518226752259 0.0136300870330572 -0.803111902380948 0.136928143121279
0.00535944148359601 0.0197112944165037 -0.146640987575442 0.654169339451359
-0.00328591799791287 0.0100549351819267 0.320824630866885 0.363263051566896
3.97117851401174E-05 -0.00219983483223827 0.319342884236789 -0.00470692395922695
0.00145433103089006 0.00237708697543312 0.104728616346855 -0.200738793534002
-0.0121465016970718 0.0019723777086083 -0.0839856525392722 0.122287064596665
-0.00254958864186619 0.00786313109840249 -0.224992650866715 -0.0564250915894406
-0.0159088602260263 -0.00981850535833684 -0.200493998982305 -0.361164348982062
-0.00944635636070999 -0.0137822647494701 0.289629002860796 -0.504622994286017
-0.0217107602612955 -0.00369569056479866 0.746513279440298 0.0223659558033057
-0.0183621398477413 -0.0163596924642338 0.412581196720536 0.623467922734309
0.000949626221747792 -0.0376053739862123 -0.102197952116539 0.495728681558143
0.0113545738849216 -0.0469019376621389 0.0451081458901293 0.0224737809537297
-0.0123888556574051 -0.0438448865156651 0.0725927517467403 -0.474037933905141
-0.0342225064398086 0.00644062761733397 -0.576643920928551 -0.547317275098006
-0.0152410890361998 0.0160762183885551 -0.768294680076251 0.22519569835222
0.00464909097643506 0.0175513697856133 -0.0654122450581686 0.661496842782476
0.00323854328382971 0.00909144802128864 0.352114658636305 0.328688498095858
0.00701288691762448 0.000802494199933773 0.317772459677014 -0.0261781948319129
0.00287555306868342 0.00437857120588538 0.0968559093734533 -0.206121908620813
-0.010576644228009 0.00489449884362127 -0.0894789137198081 0.118442455981587
0.00187974688074475 0.0108423182247887 -0.221497599645663 -0.0659864782120132
-0.010503077581094 -0.009786352680601 -0.174193607318153 -0.377595010956359
-0.00981948473823083 -0.0147389780200242 0.334207780500086 -0.483729453348267
-0.0188582750528606 -0.00453573198872273 0.747923139293752 0.0882086697029582
-0.0125306814643378 -0.00690246716699635 0.36379664817921 0.658507569812583
0.00223432186565304 -0.0203910836356687 -0.121813155402711 0.482632218401536
0.0075359592078361 -0.0295144315827098 0.0533694338108342 0.00603100285035341
-0.00928693513132767 -0.0250981024237746 0.0501871255040743 -0.487063753610016
-0.0285865868258729 0.0155593143034697 -0.613879144201257 -0.500001676125926
-0.014561807279329 0.0164066242563415 -0.739421744798498 0.289532328083643
0.00602721939393713 0.0151159993873842 -0.00999777145479334 0.659714914644741
0.00895875076950106 0.00943607764718037 0.373520465833429 0.301251471516774
0.0114225247204025 0.0039487311353867 0.31499689178397 -0.0398894880106467
0.00248483326994412 0.00458149893233111 0.0894095154231725 -0.207138866862733
-0.00929423187619894 0.00653349055719238 -0.0964386671736056 0.117906203373017
0.00551639643026218 0.0138024060477584 -0.217985826904887 -0.070477835927273
-0.00572888831994081 -0.00786397732608949 -0.160110149304895 -0.386980303817616
-0.0090967855537837 -0.0165416660353235 0.352418877675101 -0.475655461257641
-0.0148395098202153 -0.00484615761820734 0.746294540205408 0.121566147977067
-0.00608661640671453 0.00570602725352807 0.34212581332489 0.673396919188852
-0.00131035321639386 -0.000961901720721373 -0.128215952799775 0.477325446966025
-0.000555300146565166 -0.00782678587445201 0.0584780812658443 -0.00196619856882882
-0.00718105845210131 -0.00529718878679414 0.0377110748067124 -0.494257927523148
-0.0182728884563489 0.0225842063916996 -0.63104932057496 -0.477273253367404
-0.0145517239456925 0.0150186546583686 -0.727029860925051 0.316448503450211
0.00523941239980562 0.0124704294837564 0.0141658749534097 0.653739954706995
0.0143770412058381 0.0100840793358905 0.383323611490525 0.286307484836863
0.0160382462180028 0.00671340832599104 0.31256774959844 -0.0473528412240456
0.0054406236407241 0.00684383609336519 0.0846221541482751 -0.206702337473344
-0.00729200170262115 0.0103069768115862 -0.100138566293187 0.118625126700444
0.00754486609360409 0.016193934251883 -0.217505017790183 -0.0681603825210705
-0.00289566926209998 -0.00318777847801303 -0.159695250973246 -0.392013479287486
-0.00733891079479315 -0.0182870071104056 0.346361302984709 -0.482887832044716
-0.00875436449880699 -0.00319627428316233 0.744975179301955 0.113247097065249
0.00084663198564071 0.0184742525439467 0.348488369779858 0.672586629617638
-0.00640427454277453 0.0215594957869506 -0.121980203402858 0.48159937817583
-0.00973382807636606 0.0165179811886631 0.060454615117277 -0.000202412357845536
-0.00515565889265801 0.0150460824033849 0.0420624730381558 -0.491278200689452
-0.00790551403660506 0.0293323997973933 -0.62917073044354 -0.478987938087534
-0.0106745291620464 0.0128911874392673 -0.735336634709797 0.315089095998876
0.00550397222602353 0.0107333871986314 0.00629497358831026 0.648678882601136
0.0186128054023396 0.0125172560740523 0.383405525918086 0.285754516064497
0.0195715657223782 0.00941023977198654 0.31356119016984 -0.0440619384500225
0.00882836100017287 0.00598231308055029 0.0796414067762649 -0.205152171660437
-0.00433288944654457 0.00977584308451102 -0.104158327728937 0.123236555986328
0.00911407399551789 0.0181763319620916 -0.220678848359218 -0.0582561391969354
-0.00266645123593372 -0.000924082265861568 -0.177516345768166 -0.389310250744099
-0.00614755059053216 -0.0186333376749441 0.308627580044248 -0.509740699902055
-0.00146708506647402 -0.00364210920157038 0.740860874410218 0.0617727957343429
0.00925437621505567 0.0283387558967459 0.387032173620757 0.652595582756013
-0.011091278464888 0.0424006781053034 -0.101324979038721 0.491600327094604
-0.0189061273875359 0.0355326479807918 0.0602584997507854 0.0106666132739686
-0.00203019053164887 0.0342919423605626 0.0613346761430192 -0.483204273368768
0.00291511079522629 0.0342144927769697 -0.605841631725246 -0.50716746667369
-0.00638446268756972 0.00978987118729692 -0.762457876568081 0.270567178446288
0.00590671346308784 0.00954945186238006 -0.0385698630632322 0.646125783682709
0.020510231304951 0.0159957159353523 0.371260648955402 0.299837694908521
0.0202138346076664 0.0117190881143621 0.318389968188787 -0.0308602541369287
0.0110540237159278 0.00364277226892076 0.0785800780384506 -0.198250748396878
-0.0126908265964061 -0.00431697505620417 -0.0749210877210362 0.142281140565544
-0.0134469855445132 0.00177121902065447 -0.233817090243546 -0.0070675866849434
-0.0270829321967508 -0.00132592787918585 -0.298022532515937 -0.286523413073028
-0.00375698182549186 -0.00643089986676329 0.0735647311894243 -0.560363004286947
-0.0104657462785027 -0.00384219081357729 0.663138155224001 -0.242039961578324
-0.0180548438339502 -0.0187140685500447 0.581184965048805 0.447124819566044
-0.0140361741754545 -0.0377686488059171 0.00949703010036915 0.537912788208609
0.00169912291801113 -0.0553840624256289 0.0195208058872619 0.0910924333005624
-0.00753241151373591 -0.0554547176913922 0.170593571659566 -0.395939710636975
-0.0299752424551888 -0.0134455330423115 -0.369056707433555 -0.710813102690892
-0.00919114306977153 0.00764869933521643 -0.847562990670181 -0.0818673915548421
0.00632946053889664 0.0224087586947638 -0.326630182627757 0.602887696855956
-0.0103212652606272 0.01294689844068 0.240888019658639 0.42658172466129
-0.00807389748817846 -0.006499846853611 0.321498909952597 0.0458948988536762
0.0038118936805613 -0.00198738311221659 0.118073155972053 -0.189518251506448
-0.0138042664222166 -0.00177089206640755 -0.0763574809208998 0.134647029608484
-0.0108214557449154 0.00303163960205443 -0.233371377027511 -0.0252356890996327
-0.0248599282708621 -0.00536038146205226 -0.268336153906656 -0.313027008072916
-0.00558121417260262 -0.00720627601155668 0.148221256953742 -0.551112305852648
-0.0153074852491919 -0.00337566783578672 0.706081924153437 -0.157662175719592
-0.0220753013834092 -0.0210330746425716 0.532805199199861 0.51283865743134
-0.00855822219849602 -0.0458428682533127 -0.031188514484435 0.527580619681088
0.00906111109796649 -0.0609956673622955 0.0276872018816292 0.068415112395162
-0.00892195224255157 -0.0608071422098283 0.140699123839908 -0.425093512861967
-0.0351077197542887 -0.0103168007776161 -0.446260244622061 -0.66574036506521
-0.0124713543167761 0.0111056732556318 -0.833627549790435 0.025490391525129
0.00595982739022193 0.0215028387418999 -0.240868428180864 0.63541752420356
-0.00759036528869355 0.0102071835184746 0.281304129976992 0.401323924341663
-0.00444412724606714 -0.00510670451902518 0.321927149801275 0.0216494282824215
0.00247421980036713 -6.99014703807524E-05 0.112589777389561 -0.195645270479718
-0.0136248689139758 0.000488313921009127 -0.0810687599765511 0.128466494586334
-0.00757250008103271 0.00413382216870258 -0.231835995441169 -0.0432169650363836
-0.0201197673364291 -0.00934499857233037 -0.235748496726471 -0.341281931399122
-0.00841900818022306 -0.0103153511835859 0.225217724860324 -0.529788969032993
-0.0202361842293734 -0.00381641225238143 0.735196045150127 -0.0656744800659191
-0.0223635997268238 -0.0206169000178723 0.472469001067474 0.575679568035832
-0.00301025831738685 -0.0463372432189223 -0.0708020526669982 0.513807107883774
0.0129242999532482 -0.0582096139657506 0.0368165199393292 0.0436484198628262
-0.0106915321467861 -0.0555544496829262 0.10745025666314 -0.454450856903318
-0.0372349055728368 -0.0028008747236212 -0.519017326104332 -0.608876205580053
-0.0154712222996599 0.0148104870452055 -0.80769668989609 0.135529896977677
0.0055099823751068 0.0192347982204664 -0.147964987095811 0.656982992182852
-0.00294166722920582 0.009464834562139 0.322298824384756 0.364778927320711
0.00128537913220055 -0.00196663223916066 0.320862842045233 -0.00419031762734678
0.00173387319755368 0.00227709833253696 0.106522246820141 -0.200717948520655
-0.0129530780519015 0.00252612611182569 -0.0856526955866472 0.122359969666944
-0.0024798274021342 0.00736111603816638 -0.225897877378572 -0.0580200799171474
-0.0158806405976037 -0.00961208816060867 -0.200107330529491 -0.363115829298019
-0.00960312501480253 -0.0123548847920304 0.290599727153808 -0.505204547628243
-0.0209110228100138 -0.00539371911120863 0.750911300158528 0.0261279147331424
-0.0185358241491499 -0.0172414687519081 0.411960397874392 0.628514050655824
0.00146665651790649 -0.0377732420094218 -0.103527117487929 0.498433529307197
0.0122679897966887 -0.0467625720884451 0.0447006554660117 0.0231453755447251
-0.0130150137108982 -0.0431579075148648 0.0760520729225129 -0.477253413640824
-0.0350633171725693 0.00655891179547138 -0.577062631672393 -0.55101341391006
-0.0158982708971337 0.0160363003379941 -0.774636131858506 0.225175802139865
0.0058797826596762 0.0182425737437065 -0.0674362250685879 0.662202429712846
0.00262648087128933 0.00861818514484389 0.354718636496387 0.332173167964843
0.00692957989075522 0.00141071532290874 0.318332632167259 -0.0260613676392712
0.00176828584089571 0.00349055187481903 0.0985811558603291 -0.205007017268841
-0.011209511177308 0.00561502167395645 -0.0916319298871186 0.119755345345468
0.00180311528480083 0.0104626851303102 -0.22309161990144 -0.069040473562532
-0.00979635170968854 -0.00883830510781384 -0.174568972771655 -0.379908749726243
-0.00982684911548323 -0.0158562300234784 0.336656402597123 -0.485162828985092
-0.0195217429741278 -0.00590261809052299 0.754080272955579 0.0917941011252953
-0.0130349452726955 -0.00761255768725799 0.363526836920366 0.664250491269207
0.00225713426671203 -0.0218061665507863 -0.1256108385771 0.485007852516159
0.00766541820827787 -0.0294094540658776 0.0545884864580461 0.00563949361317532
-0.0100181765669297 -0.0256380584613526 0.0526460055564273 -0.490525710566869
-0.0283906674263071 0.0154968296063276 -0.616040865642612 -0.504144255401698
-0.0155900170005912 0.0164482726865002 -0.74555587959681 0.289504654069288
0.00505952499841248 0.0150064373218323 -0.014578256376749 0.662186759396723
0.00893636129784389 0.0093371150866492 0.375375219489002 0.304736816610432
0.0111967452512407 0.00442040290486825 0.315922967035367 -0.0421814528533661
0.0029973586265122 0.00482063827455189 0.0908094198866541 -0.208299564547215
-0.00906094726839722 0.00774024233718349 -0.0975839278431086 0.118614273559891
0.00522199305094804 0.0142087679025967 -0.21896404385872 -0.0717992337207514
-0.00638773682301311 -0.00719331890091385 -0.159920740666855 -0.391731006147366
-0.00951768219481669 -0.017386710869899 0.356100883637977 -0.477063618947135
-0.0147485083166485 -0.00433476803810185 0.749065045249729 0.124765540605359
-0.00598434767752561 0.00530221163590121 0.340381039032431 0.678772839554283
-0.0014037843525359 -0.000683636033998077 -0.133216634196697 0.480397384728342
0.00071981867926404 -0.00763146599531221 0.059188574801365 -0.00142384855859157
-0.00696328629401127 -0.00517488080546365 0.0406877154085366 -0.494053758121814
-0.0190969577193917 0.0232732374293249 -0.632879664948322 -0.481000224087541
-0.0146985618543739 0.0149547107055917 -0.732040956883233 0.316181534738692
0.00568747759698341 0.0127634953600899 0.0140379912579694 0.655183500264471
0.0142725780496437 0.0112978905336002 0.385787337643266 0.287492428767075
0.0160555388271148 0.00629056781925766 0.315575935715528 -0.0467416760305581
0.00602126385902619 0.00521876680160323 0.0841401927663517 -0.207338505329033
-0.00638438648563049 0.00856397360104263 -0.103576964298612 0.120313327500405
0.0088007196179192 0.0158607236011393 -0.220062427643463 -0.0703936342749238
-0.00330226690193064 -0.00362433424218848 -0.161539876776342 -0.395108525000632
-0.00751184398531778 -0.017752934649391 0.349109270664908 -0.485799848349081
-0.00881653794842301 -0.00353968385276817 0.749521301246062 0.115224373742679
0.00144244832297014 0.0188624006976577 0.347411070775773 0.678001224448258
-0.00652967835534816 0.0213365531894568 -0.124517296262821 0.483162963382185
-0.00923601166809321 0.0161152871323648 0.0622268725518298 0.000553187541042173
-0.00248510771012868 0.0161325282124641 0.0449458301593157 -0.494426448609222
-0.00725097890009092 0.0291294890591564 -0.63060749205055 -0.484673877364382
-0.0116772984359347 0.0119378240968691 -0.739401846096426 0.3148249894216
0.0055185769254224 0.0120351529825746 0.00347919810389367 0.652745298059223
0.0185491811523213 0.0121951108457409 0.386152490507265 0.286935102768469
0.0199231961581682 0.00825127402083578 0.315911580204691 -0.0431481480377952
0.00885770665469887 0.00433582211863738 0.0808889371807414 -0.205003942939989
-0.00470675146745942 0.00977287178685025 -0.10644118554643 0.124307074627849
0.0089672144824153 0.0186244164803596 -0.221655021391483 -0.0592884264622932
-0.00249525696192301 0.00038352601110399 -0.178978678152257 -0.389966636065063
-0.00507224270596364 -0.0193152938944274 0.310788708165836 -0.510709032783894
-0.00143151102861137 -0.00342578970739817 0.742725418876565 0.0648151207213408
0.00976554932354172 0.0284413274978761 0.386570378115969 0.654763472254274
-0.0110703315855178 0.0413883974108752 -0.104891129190125 0.494192164752314
-0.0198703024720956 0.0362013502888674 0.0604078926233711 0.0116874283475473
-0.00130979802118193 0.0342412689630424 0.0653277263831365 -0.485519757482519
0.00295474052167875 0.0344339570641147 -0.607133445228894 -0.514746503625089
-0.00790909850239751 0.00857156832572723 -0.766961185266007 0.270748836485361
0.00569908017829261 0.0105155279148768 -0.0399744124885446 0.64982682561721
0.0205377435129433 0.0159956818910689 0.372569426779134 0.302989485363483
0.0206321670488634 0.0118906830294355 0.319716000304836 -0.0305083087624112
0.0106299049521055 0.00371191647010494 0.0813223517469572 -0.198344166754022
-0.0125789396992067 -0.00339690744882928 -0.0759883632122849 0.143503288267588
-0.0128272906424969 0.00226604814698985 -0.236093947200498 -0.00758006425850914
-0.0267523293801059 -0.0021713758759633 -0.299098009611086 -0.2876272822264
-0.00434455768431239 -0.00639352131719008 0.075890756063699 -0.56462771229725
-0.0112821586629215 -0.00441172200878461 0.669173851959996 -0.242849741593822
-0.0175696884696787 -0.0179776855531566 0.585759812834036 0.451317974117664
-0.013872322522129 -0.0372733542985333 0.0095187440440355 0.542288712642824
0.00211202711694148 -0.0557626285322778 0.0189121010716946 0.0916623274024024
-0.00775272631699056 -0.0568732037472359 0.172761795906073 -0.398583923918368
-0.0299545791369126 -0.0136137192409953 -0.371700917587814 -0.717097317136358
-0.0091836030815966 0.00725530276433694 -0.852203416157889 -0.0831189230842339
0.00682800295471863 0.0240598726435343 -0.331294558846109 0.606635575224649
-0.0106269988229977 0.0117441656949788 0.2403153783142 0.430306778051788
-0.00770093397853942 -0.00622623395629016 0.323390492159286 0.047041438439923
0.0047915388654248 -0.00396201275936397 0.120811490838563 -0.191484098451976
-0.0138523367806281 -0.0019937757492346 -0.0778358684927401 0.13558271073261
-0.0111676054942719 0.00269997057384704 -0.236018172447642 -0.0251180863879745
-0.0248712938026081 -0.00531063642608847 -0.271784244892197 -0.315838668951774
-0.0062057718720663 -0.00745136021775887 0.151810521152294 -0.552550845236747
-0.0173601732952543 -0.00341575114029222 0.712569893306266 -0.156739173251746
-0.0214003296140551 -0.0212456562247007 0.534454584220466 0.516854619716767
-0.00909650162796781 -0.0466725774646358 -0.0331901360724008 0.529256557062619
0.00969926098973278 -0.0620437121522328 0.0264212612969227 0.0683103454239798
-0.00837546299311346 -0.0606782335094045 0.143148595730062 -0.42751618559679
-0.0351747346420194 -0.0107866168606156 -0.448312013288747 -0.670682486303585
-0.0130369832521238 0.0119521540617529 -0.841025199117013 0.0248468146130042
0.0066479684494876 0.0221459062409253 -0.24540760270064 0.639037407049865
-0.00675364150359068 0.0105154935288578 0.283120712534453 0.404264705134883
-0.00408179977161937 -0.00437586661235909 0.324654201640381 0.0221787546643492
0.00237330137201516 4.43891724855464E-05 0.11464320724723 -0.197398773682624
-0.0134046341829365 0.00035889148738344 -0.0827334409499549 0.128453243689851
-0.00714542499443661 0.00468777521329608 -0.232910462433763 -0.0432585440502177
-0.021580805915302 -0.00907625250864565 -0.236024111413875 -0.343678816776543
-0.00830991199479957 -0.0101662173701042 0.226717687847077 -0.53191574367056
-0.0215989209762722 -0.00357790947141992 0.741510658358127 -0.0651221310640103
-0.0216108797569957 -0.0211594309557824 0.474745550860166 0.580584528568046
-0.00278003083858518 -0.0459164731591302 -0.0727876998070966 0.51700448274738
0.012704158374131 -0.0596697954529095 0.0367367600088987 0.0441609279198426
-0.0112500509890248 -0.0555617378697436 0.109510552426968 -0.455249452085728
-0.0367332691970061 -0.00263205823856747 -0.522304917299805 -0.614272028417963
-0.0151796740866484 0.0143277547461484 -0.815255162372518 0.134161640195729
0.00668375909240808 0.0206580566976469 -0.151915412157541 0.66143957083996
-0.00315410671673634 0.0092630567965885 0.324140831188585 0.369119168186668
0.000436345527285517 -0.00235890529151814 0.324520361074385 -0.00535182561160151
0.00100137057028008 0.00132525703996278 0.108174661350341 -0.202785474248421
-0.0134151043621945 0.00251406469255896 -0.0877640685892853 0.123490567977894
-0.00269392380761629 0.007059917759075 -0.228171295181406 -0.0579738048221894
-0.0150550388031037 -0.00928020334099766 -0.202493940012103 -0.365994219775578
-0.0100766889536113 -0.0131223429390537 0.295126172486213 -0.508246094267178
-0.0212706192307311 -0.00475006456206647 0.755399640247248 0.0250116734193489
-0.017750102908154 -0.0170027596345528 0.413083415046534 0.632392585437685
0.000965939732555153 -0.0379633901934183 -0.106970201258752 0.501041718161031
0.0122004191967621 -0.0467425663461086 0.0455933716377718 0.0230674424446076
-0.011485979022028 -0.0436700893385998 0.0780309785726305 -0.478644327232661
-0.0350220796823001 0.00671375934090325 -0.579974869195049 -0.555914867009784
-0.0158522645942986 0.0170852335300719 -0.781577682095034 0.226030670748603
0.00581926383058903 0.0179967733916523 -0.0698540761950568 0.667659884090968
0.00239813418272924 0.00927519909236789 0.356416481036246 0.334653161527636
0.00683417043009527 0.000841868325982737 0.32168664839582 -0.0280114938200812
0.000772413113309052 0.00376467648689671 0.0994977931410288 -0.207568137027408
-0.0123495581407515 0.00523524940909226 -0.0930408602316525 0.119814423793325
0.00120991230707101 0.0110398652904232 -0.224220634356458 -0.0687886654256519
-0.010153593586874 -0.00951990585834811 -0.175698346991777 -0.383581779055371
-0.00979671202413896 -0.0154236353557206 0.340411406125883 -0.488786938808394
-0.0187221969980414 -0.00582775855376629 0.758695593957639 0.0929384713338584
-0.0111950075280317 -0.007200207637338 0.364636437901866 0.668497125746776
0.00169153365193531 -0.0223787853126099 -0.128227085263785 0.487681727680667
0.00904197464235005 -0.0301263499240642 0.0532325530241912 0.00712298914317277
-0.0101585211516302 -0.0256607358149543 0.0548108741813457 -0.491908426892222
-0.0290811875078094 0.0167860338194006 -0.619539805129247 -0.510509122544505
-0.0165166229137126 0.0178020974253477 -0.751754770662974 0.289932144176199
0.00459691763789483 0.0158548028098413 -0.0138071560573301 0.667056807239857
0.0104033549675952 0.00980885656161553 0.378196921002517 0.304661964478676
0.0126809025476771 0.00398984271107969 0.317314929303927 -0.0417959413624592
0.00269419428486195 0.00500390230499252 0.0913269340718805 -0.210220557997158
-0.00951834742463619 0.00760408256037705 -0.0990566708196837 0.120087071704362
0.00542046161707112 0.0142896036979452 -0.219858469856291 -0.073065826878473
-0.00610765024953786 -0.00729645526819317 -0.161176271056788 -0.395389847471922
-0.00983371087664913 -0.0171790152715072 0.358410966023824 -0.479350014224218
-0.0141000976858444 -0.00447356567763078 0.754929647037773 0.127475128369818
-0.00504869793836504 0.00524032041332822 0.34097945771004 0.68435355209264
-0.00182071901690401 -0.00168361422353094 -0.134908776847005 0.481957165654775
0.000399972029029626 -0.00736405780492208 0.0594985383959537 -0.000982176182102889
-0.00702658410387431 -0.00492856798459668 0.0436442467365409 -0.498819247893112
-0.018616788971098 0.0227792160423001 -0.635470006501982 -0.484121905555757
-0.0150317693011718 0.0161476903668376 -0.737062615509562 0.317547118437079
0.00542631617906461 0.0127163289697587 0.0102698314053653 0.661267563154747
0.0148568951912141 0.0107710914938129 0.387126799648041 0.289514119972758
0.0169797646864519 0.00667184964183975 0.316292365593108 -0.0478697037857153
0.00613213193524392 0.00549543916485819 0.0843735224065172 -0.209935528091226
-0.00639459237409851 0.00956292012003292 -0.104445167221862 0.121330392717833
0.00783287484050502 0.0169518490018613 -0.221057653952331 -0.0693564166911424
-0.00353903262695565 -0.00273316165885124 -0.162125551802762 -0.398729451426245
-0.00785963697657695 -0.0180473787743294 0.351698745486997 -0.490696335329103
-0.00856498497818416 -0.00425573981991472 0.753071403761454 0.119546502555287
0.0025690465661906 0.0194776243776628 0.349757517636618 0.68283633327183
-0.00661264370917468 0.0214870025664108 -0.125598888576414 0.486273276914188
-0.00988104634410873 0.0158556531345012 0.0622748361387881 0.00110427703703198
-0.00297922586350095 0.0169858781457566 0.0468678613451065 -0.498457592775397
-0.00764973037089646 0.0292993674958506 -0.635158158596471 -0.487591631414083
-0.0111364326864497 0.0124993866769638 -0.746641443349257 0.314456114505657
0.00525808077125532 0.0119561766672361 0.00174291853057194 0.657635928598419
0.019217079231082 0.0129593935901008 0.389126220918811 0.289269250188844
0.0200722075548963 0.00902371384783705 0.318643558831429 -0.0425258349008624
0.00855765974103867 0.00519208768904082 0.0827019515820245 -0.206351040467966
-0.00383939630478507 0.00959341801946574 -0.108770545599814 0.12515244322526
0.0073426588282378 0.0175810628581708 -0.22294992164221 -0.0622974817077451
-0.00287579193233689 0.000771352975321031 -0.179648392777602 -0.393840778998633
-0.00625536803563553 -0.0184066359665197 0.314162262494472 -0.514578377933731
-0.00229808285450903 -0.00358541393374429 0.747604751810719 0.0665535361122935
0.0102246148229077 0.0290306440389809 0.387442393259265 0.661767012996026
-0.0114133031850381 0.0429564667338543 -0.104506455933099 0.496885899868034
-0.0199997820952397 0.0370628225895938 0.0598410395024143 0.0107277805315659
-0.00127577484592965 0.0340627452790543 0.0656393779796158 -0.488412338484854
0.00326749033259636 0.0346952327018325 -0.611103179811278 -0.517811897075766
-0.00715917724977609 0.00953807181891288 -0.773098667161207 0.272820769451982
0.00655811810146053 0.00965419426508511 -0.0431341123202455 0.653893483910027
0.0221824653999501 0.0160813977319619 0.375591960303926 0.305473526390697
0.0214729982429272 0.011216384575141 0.322763368580744 -0.0302579662528858
0.0100382976864827 0.00465160989607977 0.0825322268615234 -0.201348386534042
-0.0130100767788841 -0.00359973589096377 -0.0785822666012803 0.145954446933489
-0.0134379417379159 0.00169871006218675 -0.238245601847963 -0.00681441004874008
-0.0273124186532609 -0.0013654126617512 -0.304291190349407 -0.290367013564521
-0.00482056118156986 -0.00683783764196669 0.0735792374393792 -0.569452983939795
-0.0110496421143952 -0.00427050479824111 0.67564908489641 -0.244830530503956
-0.0164223755625195 -0.0189763266699535 0.589059078669761 0.453383701206449
-0.0132012096122523 -0.0379144370662995 0.00909380728911226 0.546341498347197
0.00249337615866996 -0.0560597400557242 0.0181605289487357 0.0934940934851606
-0.00719815871355012 -0.0570876739008416 0.176610165915535 -0.401215902110918
-0.0297168702592298 -0.0136655810376785 -0.371490237470428 -0.720287341066024
-0.0089155187871387 0.00808674717421271 -0.861770370101082 -0.0852036777172741
0.00651374805827908 0.023989468485583 -0.333855270643681 0.611862597889354
-0.0108132998022723 0.0128318841622113 0.243927760845335 0.4321866681011
-0.00741502955323877 -0.00653122203057378 0.326701416148181 0.0470056218330062
0.00437194009157734 -0.00399766997066362 0.121872462228925 -0.192248861329467
-0.014146023704419 -0.00103259763048025 -0.0791129418426825 0.137653771659514
-0.0107484422759798 0.00242929623165662 -0.239146556486219 -0.0265871185516563
-0.0251343313357762 -0.00561214605280883 -0.2755986634424 -0.318179122745337
-0.00704196768446483 -0.00722344686196369 0.152520520878898 -0.55766518583182
-0.0170020061417353 -0.00391562072791948 0.719273122538179 -0.161342251759777
-0.020790409228026 -0.0214388073685539 0.541434125727634 0.522114993182727
-0.00897055726406109 -0.0464853636177666 -0.0324909398359155 0.533915024049444
0.0102915690750977 -0.0620059222785615 0.0268879051567802 0.0690821107874883
-0.00923000014800947 -0.0621184815395357 0.144828450784786 -0.43077728758107
-0.0353723326291347 -0.0102474906536816 -0.452254215352424 -0.673286933724465
-0.0131686910937051 0.0117362748690753 -0.849932778320159 0.0261732825788444
0.00528143815431383 0.0223664425115894 -0.244521698305631 0.645282580414447
-0.00746628959279083 0.0116390196696118 0.286020539317173 0.405981156767365
-0.00481009396363568 -0.00503502089451377 0.327036393718367 0.0201632206991259
0.00336689765294127 -0.00204884205525721 0.116124683233502 -0.197873856139748
-0.0155628023819069 0.00112687660570823 -0.0842177177733742 0.130256922247847
-0.00717142852553658 0.00300332577689957 -0.234028684231973 -0.0440936594595952
-0.0205491361524518 -0.00780100066573905 -0.240105262445921 -0.346312462493821
-0.0082810953802627 -0.0109390812667064 0.22776076942389 -0.537261045850282
-0.0207747455337071 -0.00349317265472789 0.747157631787499 -0.0659730300856072
-0.021257699076476 -0.0220397176392973 0.478516172025698 0.585801114290385
-0.00232440622739667 -0.0467524124476993 -0.0749443361848666 0.520243933120648
0.0128597082780608 -0.0597192757405973 0.0362235203520696 0.0448853046922539
-0.00979372324152441 -0.0560410857220725 0.112153289439819 -0.460361114419154
-0.0377937906823942 -0.00319883030878827 -0.528085974132264 -0.618428326463023
-0.0149564687646132 0.0143244337909811 -0.821108630024779 0.137921514623312
0.00563150573649736 0.020698512134495 -0.151878631767083 0.668773833276429
-0.00210063485707058 0.00887207147136895 0.329063959526438 0.370850756206426
0.00164088161203814 -0.00320926850208533 0.325859870605748 -0.00511206439990232
0.00176155452222689 0.000378968411481802 0.108985270489994 -0.20417835063781
-0.0145519079714032 0.00301763102328208 -0.0891207250670824 0.124607804703386
-0.00364412812862112 0.00675756214277346 -0.230150209215598 -0.0595066100543777
-0.0157322423906447 -0.00932979374645728 -0.206797110477671 -0.37028324282012
-0.0100875944463936 -0.012784884169207 0.295858298112796 -0.513225284522013
-0.0218379744980289 -0.00491262602881037 0.763778077647248 0.027846521420259
-0.0175434812439777 -0.0162449449562911 0.415936170690002 0.63963727899428
0.00224590606124855 -0.0390793974762112 -0.106949370330634 0.504609007332588
0.0128098725736491 -0.048468139707881 0.0459713197083833 0.0226876368358269
-0.0117176057655099 -0.0439474864559598 0.0790174617818801 -0.481607700545304
-0.0349052541592699 0.00709814640346008 -0.584019106244468 -0.559947518138694
-0.0165259869696621 0.016953822866434 -0.788142729510872 0.230836179533418
0.00616317431312474 0.0173683318499002 -0.0680848721299145 0.675380949399747
0.00307395861561929 0.00874460626171798 0.359130351582467 0.335973050437986
0.00679007088198969 0.000818023258746378 0.323458035732266 -0.0280627975231633
0.00131667362806453 0.002828326707983 0.100062085186495 -0.21005479693278
-0.0123352741549703 0.00638061202358124 -0.0936001363298284 0.121973390244633
0.000691432726428056 0.0101681712284724 -0.226618243321985 -0.0698555226193323
-0.00965967659698195 -0.00844221200037744 -0.179761198897183 -0.386957815952672
-0.00945496676417023 -0.0150239030630556 0.342325282287295 -0.492343524285158
-0.0189390566651093 -0.00594595154727636 0.767597016241744 0.0940720563995116
-0.0114536845606894 -0.00681866130190282 0.369034234415555 0.673043329671775
0.00267738645566297 -0.0227932814043396 -0.128965915200639 0.491863233019243
0.00840979416276414 -0.0303626182096844 0.0542968678413732 0.00700613955916788
-0.0105906415602547 -0.0250959063550995 0.0543854228824473 -0.49657868100544
-0.0278218800700978 0.0167497956938213 -0.62523623480469 -0.512938324262874
-0.0166940502500363 0.017889170819615 -0.757592671594957 0.294668590464549
0.00605468630128968 0.0158136599250845 -0.0127899644624324 0.670313678021935
0.00982333702369605 0.0082589990540739 0.382009542938357 0.307840887975195
0.0116448323550914 0.00389502779861539 0.322399789120054 -0.0436341412264908
0.0029667496213408 0.00500610111630799 0.093919857815856 -0.211367937998577
-0.0101334936011616 0.00792740081723163 -0.101015319632517 0.121182197854952
0.00497724454296012 0.0139576149132948 -0.222710064495303 -0.0746692766202614
-0.0062524019739249 -0.00631515542681133 -0.162748709028266 -0.397113352608559
-0.0102985901227452 -0.0170754274226088 0.36073509901178 -0.485341965415201
-0.0152459635809044 -0.00402197122017576 0.762750306254147 0.127462282399062
-0.00480273535202638 0.00515039689830737 0.344145034830481 0.688341267108934
-0.00126535358574914 -0.00110670013823073 -0.136117149151853 0.485914334157807
0.00151030019123051 -0.00741294022467808 0.0594693267707983 -0.00102214472412912
-0.00615488567373894 -0.00491668306059695 0.0447332718683549 -0.502137218829731
-0.0183682378479142 0.0240408578778114 -0.642532579428713 -0.488939061247702
-0.0149384179219834 0.0163222373976708 -0.745553236418704 0.322582869794084
0.00513115996765992 0.0125503889942466 0.0128782577374399 0.666635025814536
0.0163617366943847 0.0110464589349403 0.393356010094664 0.292299763979468
0.0172770360345837 0.00689870092198004 0.319416980214013 -0.0491520179433341
0.00545324290892241 0.00451673835135925 0.0872367045878067 -0.21107469365691
-0.00780297929652888 0.0106443739893107 -0.106342521038052 0.122651789380472
0.00742293858353284 0.0158916695771848 -0.224153668286589 -0.0718447855571934
-0.00388368455416846 -0.00324505056154095 -0.162974162420261 -0.401490625525871
-0.00898568660854413 -0.0165144400491871 0.354421035132507 -0.493989614783846
-0.00877247108522647 -0.00455659199011526 0.759723021642144 0.119679919566103
0.00260086366121951 0.0195964912364602 0.354255202449561 0.686499010846583
-0.00588793127340183 0.0213235673881981 -0.124987048323773 0.48815307488014
-0.0101807916323502 0.0152102836844214 0.0628037280421081 0.000452055475718767
-0.00246726888326412 0.0154835730760667 0.0461714610519068 -0.50129316911417
-0.00750295419754482 0.0295970887470398 -0.640805550867203 -0.489085196357926
-0.0107047605304167 0.0127322062251155 -0.752145474263294 0.319644442013832
0.00595939468098814 0.0111446369154066 0.00345848638417941 0.661412657044986
0.0190757002355314 0.0126779013412271 0.392823492785878 0.290234680966642
0.0193471153403047 0.00925094340495987 0.321813837955664 -0.0450487804418682
0.00842640086618137 0.00443852421344678 0.0835304490721793 -0.208045065842547
-0.00507068430989275 0.0104608639694922 -0.110148594847743 0.126702443037747
0.00725278246943371 0.0188992331892051 -0.226941804710289 -0.0619593841416223
-0.00277600823821925 -4.45072230037791E-05 -0.181893062800728 -0.39725964496525
-0.00581179550157344 -0.0186138056197242 0.316210523844081 -0.520856971208773
-0.0017421297100597 -0.00387380671789555 0.758354589322131 0.0687624149438797
0.0101942326126432 0.029908022854588 0.391184244144119 0.665617811713844
-0.0115423622163485 0.04213306976768 -0.10630273855067 0.49904001032092
-0.0203462801602449 0.0363729651158209 0.0610631016769432 0.0112601785933172
-0.00121360873291077 0.0346513132351641 0.0697330286960776 -0.48965489777792
0.00273805222196151 0.0359569543060319 -0.615577699106795 -0.519922499140883
-0.00664230685282844 0.0094778700730102 -0.778807338181783 0.276282415131407
0.00691042398706056 0.0103184957085036 -0.0417132690615681 0.659422512793037
0.0219397639656941 0.0164138158942818 0.379201074513906 0.306671420250619
0.0221767525190206 0.0115762895927429 0.325943584418483 -0.0312089480392889
0.0115646808166781 0.00287921005355116 0.0833260700238882 -0.202924979090776
-0.0139208342018819 -0.00335131563211482 -0.0781246672019365 0.147023725877889
-0.0135870069380533 0.00126074892969667 -0.241251810411528 -0.00623787321156041
-0.0269580112222419 -0.00140460362329519 -0.308043250787278 -0.293579231529093
-0.00400976682821358 -0.00610665914120427 0.071519869040407 -0.576879326678685
-0.0107978776306651 -0.00338405132608887 0.682735456606789 -0.249520315063648
-0.0163215215469643 -0.0189985562399826 0.595938335204517 0.456711442604483
-0.0144769333726376 -0.0384758842482446 0.0102763929847654 0.550816065258014
0.00304284062039634 -0.0571333046610263 0.0189766944279067 0.0934539800490044
-0.00798882249957574 -0.056504325619237 0.177162948187507 -0.404368012593922
-0.0301214588047249 -0.0132877785031904 -0.376162268409551 -0.725881666899478
-0.00988925529933721 0.0086392382745262 -0.868757515413883 -0.0826155487097595
0.00685448536528559 0.0237423185984103 -0.334087002863602 0.617345175312258
-0.011077992253391 0.0122715425925558 0.246049563571657 0.437241885358498
-0.00797924593280828 -0.0076003428145716 0.328673979108343 0.0453934695416288
0.00432105411093832 -0.00413201402076805 0.122164734075556 -0.195006787419249
-0.0151641994325448 -0.0014804393386476 -0.0806009077992455 0.138446371549648
-0.011408410078787 0.00323376478742929 -0.240635139041995 -0.0256585514687287
-0.0253157892293916 -0.00489181348484084 -0.278638970089084 -0.319977834806606
-0.00741096015973358 -0.00770419454070245 0.151270090770476 -0.564777884165168
-0.0168081688594662 -0.00358030719931605 0.724681580963317 -0.165035340954864
-0.0212388277608026 -0.0222383360873579 0.547784538509497 0.523903405379192
-0.00899347390821605 -0.04656710238864 -0.0326561897426533 0.539131793236182
0.0102841603271751 -0.0625834105529456 0.0260698946490643 0.0699292216374147
-0.0074568615646459 -0.0623382956410174 0.145990376850705 -0.435103164291148
-0.0359697804791949 -0.0101500276749188 -0.45741418847889 -0.677829443067941
-0.0134813273557219 0.0114593889060768 -0.855982251070948 0.0291112560183138
0.00713259790580946 0.0214782863915167 -0.245161140766656 0.653173418666451
-0.00712303794423411 0.0107719636466608 0.290667446334203 0.409075307407694
-0.00403854110233494 -0.00515576638648159 0.329528031422458 0.0189291392901603
0.00190571227739722 -0.00170460358951668 0.116680350326444 -0.20058636357887
-0.0154936166813761 0.00173702978957149 -0.0858974959913684 0.131493519990034
-0.00777230926182601 0.00413961563264533 -0.237783416734764 -0.0433051371722596
-0.0210043448980631 -0.00791486387460391 -0.244350698319314 -0.348041271728449
-0.00916115315815122 -0.0104563315661846 0.229003533990948 -0.54380555583884
-0.0209357495385327 -0.00403101575095447 0.756445504098905 -0.068041361028948
-0.0211223032471306 -0.021320010938167 0.484435905044464 0.589167637885066
-0.00275852126923028 -0.0475706766955568 -0.0726604664182685 0.52479190683183
0.0133019955048502 -0.0599015444083934 0.0371506069098337 0.045681807108324
-0.0108894076714717 -0.0572186624646367 0.113279460583907 -0.46410466040787
-0.0374650811648713 -0.00217468493300269 -0.532200875309621 -0.622257322305626
-0.0151362701389995 0.0148141048881688 -0.828032041526779 0.141022300559008
0.0064829214001967 0.0203560796868751 -0.149205434949307 0.672877779737211
-0.00206007028783434 0.00927048489001885 0.332154976665061 0.374623975450593
0.00175167555095664 -0.00249791271647148 0.329823590174034 -0.00645403824756585
0.00155630580334931 0.00110516945118676 0.110272064823994 -0.208397656202038
-0.0138269313009531 0.0039222798298702 -0.090452321987202 0.127223552665899
-0.00273855893462581 0.00734964757991266 -0.233362944961301 -0.0591416612648218
-0.0150764118939296 -0.00922431085201425 -0.2098440572542 -0.372113829954429
-0.010109303687494 -0.0124639652922013 0.297014461564575 -0.518021592687256
-0.0219429762075189 -0.00509168984595397 0.77037329674028 0.0239999964850908
-0.0171341637679158 -0.0170028139653741 0.422026362788118 0.641849340517413
0.00117258560351249 -0.0382411959809881 -0.106289251358878 0.509324604954636
0.0131018339734189 -0.0481031527698226 0.0464979874325747 0.0222661713079299
-0.0123326733926673 -0.0450321867645246 0.0804397632965228 -0.485407199012621
-0.03402804304922 0.00768919561984165 -0.592526254682483 -0.563522249348429
-0.0167827928303918 0.0187270351479238 -0.794086437088223 0.236124416063371
0.00582748420987943 0.0179041312325574 -0.0678078228498301 0.680763316395373
0.00339040874479218 0.00905305354016434 0.364461959709579 0.337563936881057
0.00629824460844454 -2.87506336894856E-05 0.327080762573022 -0.030403527872009
0.00191352876584389 0.00283593313194968 0.101665650510351 -0.211994935435971
-0.0130656236095046 0.00625056435976577 -0.0960360671365055 0.124300192440771
0.00211450019243046 0.0103182461448762 -0.228986917804036 -0.0697373055738228
-0.0109295418891202 -0.00877462787560196 -0.182399633340047 -0.390827111759259
-0.0104740515220519 -0.0153013988469648 0.34318134071064 -0.49728903393215
-0.0208120336076872 -0.0052285676815226 0.773595388304479 0.0932084216478167
-0.0111730841697842 -0.00761876818935303 0.37425454206534 0.677657871196528
0.00226173452126126 -0.0230407495148564 -0.127022444151749 0.495373879170874
0.00770363406564115 -0.0296674978655342 0.0540279545591731 0.00689313294585968
-0.0108607193015962 -0.0268683474455073 0.0557358431167349 -0.50011714483302
-0.0278492369963146 0.0164795504755371 -0.630396837577558 -0.514581883812599
-0.0167218408445294 0.0183949351920515 -0.764684312186026 0.299246809489348
0.00663704210588116 0.0154213570129116 -0.0110994772866833 0.677870235872286
0.0103129040324993 0.0092216633533916 0.385324401824885 0.308695474436123
0.0123231928184638 0.00354273510478827 0.323213057559556 -0.0446811011427016
0.00428023416412375 0.00368454809915293 0.0927309366880844 -0.213323226352776
-0.00929218868434456 0.00905412825338668 -0.101652492617606 0.12230299010219
0.00610253512047408 0.0139594978745993 -0.225866896296395 -0.0743626988258831
-0.0062645489069127 -0.00533497506277457 -0.16705438412869 -0.400394578217275
-0.00979134825196893 -0.0169545535758015 0.362675941421965 -0.490441902281347
-0.0159871932992897 -0.00451115550785743 0.767872583294086 0.127335663853723
-0.00434458831979873 0.00607584458352737 0.349279862629664 0.693009023866026
-0.00173949809756245 -0.000565506779752551 -0.137030588371424 0.491096166571017
0.000900091771418619 -0.00770271768629363 0.0614643953776955 -0.00210531546200079
-0.00551615690458439 -0.00544831788309536 0.0423666060460902 -0.50419963951999
-0.0179068731559898 0.0247704813590105 -0.649357460317333 -0.490068752467646
-0.0143301638661623 0.0170519746478455 -0.749535189868968 0.328100365710076
0.00675538200207549 0.0134800930881657 0.0162521321673118 0.672402243264863
0.0158297068525567 0.0120312766386353 0.398080011564398 0.292109586160653
0.0174894051306589 0.0066749635031295 0.322250566493371 -0.0523836522875966
0.00475720964816867 0.0040356184226254 0.0877238809891645 -0.212889969880304
-0.00765291524726315 0.00999405926167108 -0.106000865244973 0.123490167957246
0.00634372927895258 0.0162789846963783 -0.226655933468361 -0.0700454087303702
-0.00270241031703659 -0.00235564879710865 -0.169244257231413 -0.404927379310077
-0.00906299422362529 -0.0175366545960868 0.35693992086923 -0.500307099141094
-0.00922562684011626 -0.00384097441022987 0.768756347878968 0.117616379412767
0.00235879826620158 0.0188367629388639 0.357845548367656 0.691939678214024
-0.00708396890643139 0.0220734137879688 -0.126698117199857 0.493308738074092
-0.00907711941401581 0.0160906968843504 0.0626944147349299 0.000123336349556238
-0.00181557910538999 0.0163985033860632 0.0483900609244787 -0.505455425229408
-0.00653836371043921 0.0303316423470177 -0.644433210340572 -0.491277545777797
-0.0119060323720308 0.0136128653343299 -0.758550531831471 0.324234474764188
0.00617650906909816 0.0118613252445055 0.00594024296191025 0.667037968877567
0.0194274948086636 0.0128196383826428 0.396358249922997 0.29128756426201
0.0200407278733139 0.00891855683176444 0.324111107342424 -0.0474144073699649
0.00811064788636714 0.00374578968136067 0.0842688267073412 -0.21094986628045
-0.00520431945062707 0.0108493249954728 -0.111563173022748 0.127932250314053
0.00799534875937718 0.0184890873990235 -0.22982826179288 -0.0610533496354323
-0.00253138340560464 0.00181286187092611 -0.186007316991216 -0.400868379099429
-0.00643263744911793 -0.0184321375021932 0.318692165296335 -0.527067765250752
-0.00187924116153496 -0.0046423577005606 0.763021914049723 0.0664186716165199
0.0114405001590016 0.0289754323668233 0.397995986200124 0.669394204517855
-0.0104641935941459 0.0428201556679954 -0.105665558085754 0.504445162964119
-0.0204605100000392 0.0374885374087868 0.0617795720714711 0.0124934438336381
-0.000352376572905684 0.0350677507884418 0.0677725749241624 -0.495732454201819
0.0039851268115934 0.0358667738290247 -0.620345986074995 -0.523147712754373
-0.00747027753010194 0.0103505676602628 -0.787129205727019 0.282678448541083
0.00748615672033108 0.0108148233961725 -0.037710170541017 0.664566500030705
0.0218045907981525 0.0162886536258739 0.384031066693902 0.308039310504532
0.020832979553502 0.0111410002353312 0.32857992728734 -0.0331566090572503
0.0103010799535763 0.00355919642558698 0.0837639180718179 -0.204526285914175
-0.0141779871442436 -0.00343175948099448 -0.0791202077236601 0.148286798868087
-0.0140874284445276 0.00196946523570807 -0.244417758667033 -0.00585361895136114
-0.0272403686676073 -0.000156814361610414 -0.313505749996799 -0.293987634975666
-0.00460208638771271 -0.0069420205334753 0.0701284580945771 -0.581695870201662
-0.0107604856614984 -0.00444395982350845 0.686734564723123 -0.256169175840274
-0.016941808410294 -0.0193823872301912 0.603565961435011 0.459255809625258
-0.0139425743232077 -0.0385105339573637 0.0131495022190482 0.55500546283107
0.00218870644069265 -0.0572970798730508 0.0196510935304748 0.09460919464861
-0.00788655468633908 -0.057784743532523 0.176860838789558 -0.408971720528742
-0.029802894838491 -0.0134605436972618 -0.383395479716497 -0.726313955232164
-0.00950121921148008 0.00935088818965374 -0.878673446131732 -0.0779597094599763
0.00673029120899218 0.023984005197366 -0.333498081600163 0.624444796203948
-0.00997447026560932 0.0124301916647498 0.251814643370285 0.438058552655202
-0.00714608993064986 -0.00681609802593183 0.333153841574941 0.0429445343227091
0.00428497910305042 -0.00493662691985926 0.12232085150733 -0.197333908420803
-0.014708254721 -0.00129477405473538 -0.0817081084509022 0.139909244918729
-0.0118148210197978 0.00230445799409281 -0.244547687759328 -0.0247929629528732
-0.025276836018401 -0.00440587017680199 -0.284761268892284 -0.321819119792396
-0.0071492733036554 -0.00762974357924195 0.147427548856086 -0.570582449276971
-0.016819679235311 -0.00312815851198526 0.731266423743002 -0.169963351338666
-0.0203776399840806 -0.0214832615782971 0.553392286251206 0.526051423546256
-0.00924425583479139 -0.0486268287385204 -0.030742213153381 0.542102516775569
0.00934563702673391 -0.0636341778001906 0.0279042115639704 0.0705790049243945
-0.00843840296348066 -0.0617982680795732 0.145068492022087 -0.439467188006975
-0.0359556022352839 -0.00934048139897809 -0.46224261261808 -0.681144284642192
-0.0126880617743826 0.0120116495180554 -0.863244826827429 0.0336978365286974
0.0074574047590108 0.0230667038538906 -0.242388574384933 0.659458500045464
-0.00676814921918323 0.0104420124648447 0.295307427511253 0.411751215512659
-0.00464821663046865 -0.00557237669879102 0.33333229129636 0.0175354636336072
0.00309002229833028 -0.00219583445988849 0.117724726721943 -0.205517285669274
-0.0156106082051411 0.00100848633103826 -0.0856096723509776 0.133471464773907
-0.00664029995899222 0.00401185674243643 -0.241296399228826 -0.0436698556819067
-0.020286825101087 -0.00677006781497743 -0.249432137000718 -0.35091331917548
-0.00888911288776195 -0.00969636270819837 0.22765697231451 -0.549501464608479
-0.0213309886441234 -0.00394184624651916 0.762350704718775 -0.0731198294472628
-0.0217689853668158 -0.0219246391491388 0.492569490994667 0.593183162380063
-0.00382840272539729 -0.0481547587938321 -0.0716736212847214 0.529261022613792
0.0131196262507707 -0.0603980860083325 0.0369268419674444 0.0451326321002429
-0.010619711466993 -0.0581194316199028 0.112482502711505 -0.467925325414051
-0.0369757616739695 -0.0019152939299254 -0.538982608116145 -0.624232386712026
-0.0154527449439598 0.0167692145330938 -0.833504168299856 0.149206098976562
0.00639366200445061 0.0202765126804823 -0.147389062341294 0.6822014919868
-0.00131276271842889 0.00906132087965062 0.338056674156122 0.374071756919649
0.00102753934263585 -0.00224067095244467 0.333011153071465 -0.00915026166237527
0.00181200251686685 0.000330984878597427 0.109981047650862 -0.210521328964321
-0.0146061259563802 0.00419032542524689 -0.0910939029011804 0.128381269000096
-0.00337707530734094 0.00695323589372327 -0.236066137840698 -0.0594974828828512
-0.0158204363977086 -0.00810622091036061 -0.21395862808328 -0.375145139623077
-0.011223792675668 -0.0130298406757938 0.296683705594221 -0.52634290719184
-0.022772274332098 -0.00445343902281806 0.778089122094823 0.0208624226573129
-0.0160508485243299 -0.0172410614934573 0.429088718057185 0.646115830549443
0.00142241061573727 -0.039629540191458 -0.106300142697114 0.514564245402331
0.0134169190871868 -0.0490751284221871 0.0475212004244292 0.0228364625048587
-0.0109154453105573 -0.0445272177334388 0.0794307557624529 -0.491422192410724
-0.0354177748892726 0.00709805401021033 -0.59994528837617 -0.563949703187002
-0.0160788982686966 0.0186417073953871 -0.79771323274325 0.240778751732908
0.00607746545013461 0.0183604230341304 -0.0639375605070738 0.687046566083169
0.00325157677635216 0.00865592306470057 0.370510455779797 0.339123427360794
0.00737822761552842 -2.76733948164788E-05 0.331408154316779 -0.031917750707204
0.00196693953758045 0.00213485303591348 0.101548820287951 -0.214653244665727
-0.0123989841903212 0.00733830688925698 -0.0965253175102197 0.125175148046196
0.00169268939001226 0.0109095184849837 -0.231461871395136 -0.06908447546413
-0.00987553396006702 -0.00825351399343396 -0.187114209822115 -0.392800502999895
-0.0105220888360359 -0.0152296199690705 0.343249808345453 -0.50457048957201
-0.0211288559273036 -0.00561128341296145 0.782843135738675 0.0893707148263246
-0.0114671946319503 -0.00749607344475828 0.380987420252116 0.680319949323405
0.0026728126849055 -0.0229641882019149 -0.126966908864194 0.499761635108649
0.0087452804713722 -0.030475687347909 0.0548653237498622 0.00542161319961708
-0.00998068403801741 -0.0268686145091105 0.0548511592769882 -0.505396737533319
-0.0277873156180807 0.0170612407258366 -0.640249179543143 -0.515129239612444
-0.0163483413299806 0.0188823455839337 -0.770333018598774 0.308399764973497
0.00700216561752383 0.0159218665796875 -0.0074224859998191 0.684432711008543
0.0105784716147057 0.00932137622327969 0.392354609132722 0.308683203357422
0.0128808533833239 0.00361298327078455 0.327249323460623 -0.0476639568075089
0.00230980275847329 0.0041221033924756 0.0937639702892208 -0.216970070195816
-0.00937897434951744 0.00910955082215818 -0.104400443736893 0.124859544274344
0.00456742693595002 0.0141659129030162 -0.229918473781858 -0.0735923252180852
-0.00596107812188568 -0.00555775254476506 -0.171283570585085 -0.404215951828061
-0.010685925020488 -0.0173577385903581 0.362045344912405 -0.497373448448662
-0.015118457494135 -0.00517272820486884 0.779585167402418 0.122941153210008
-0.00414445966962823 0.00568225067748715 0.357687546053075 0.699889508074581
-0.00245043721705354 -0.0022491392980655 -0.133292945469153 0.495657327240365
0.00110259665827636 -0.00807711207943257 0.0604827859974707 -0.00201453747468417
-0.00637870954003146 -0.00434263696176205 0.0420342016820963 -0.51176013331954
-0.01761325744202 0.025700052374053 -0.657228988635013 -0.489658394082433
-0.0140738055155114 0.0172660434925989 -0.756435633189522 0.335891625006409
0.00648179943288339 0.0135262048225971 0.0212544992174 0.677573926563163
0.0158084971119165 0.0101565668183719 0.403215686024662 0.292613404017381
0.018359970509373 0.00673232478298008 0.326000425033029 -0.0543063928018854
0.00573349265209188 0.00319751846670673 0.0870305166611732 -0.216005558591863
-0.00754139972592406 0.0100747974449039 -0.109712106314621 0.125069654896124
0.00697320626506671 0.0159479786124522 -0.22859156051751 -0.0694324698462864
-0.00239608786692297 -0.00217965400688132 -0.172121097913814 -0.407393302313907
-0.00860544682122328 -0.0174798452812174 0.355615599880578 -0.50516121438375
-0.00934084146173325 -0.00390810569147829 0.778446298349402 0.113514081121685
0.00314727360011547 0.0194168806510039 0.363916265215024 0.696131194042105
-0.00688767008406084 0.0220052741031383 -0.125851047342349 0.499426524148314
-0.00954526395548561 0.0164028115812971 0.0629751189975746 0.000628934724225734
-0.00255855201864941 0.0150957454458764 0.0466296871243573 -0.509576827130994
-0.00614026713264109 0.0311389764452685 -0.653351042764942 -0.492111983962818
-0.0114492636705027 0.0134165265261839 -0.76433576862072 0.33287538585909
0.0068421843455084 0.0119487812378748 0.0104380805164933 0.675869087515186
0.0203179503639336 0.012678576183392 0.402167066000523 0.292304484416264
0.0207996402184848 0.00901126664068061 0.327651089174536 -0.0495086375239555
0.00817827284146724 0.00359430810096231 0.0839313551088173 -0.212951354604914
-0.00483347094486761 0.0116796123800919 -0.112758005294628 0.130462413750512
0.00784364904624507 0.0176786489893173 -0.233939764299092 -0.0607179855542291
-0.00245871700472155 0.00152192623575509 -0.189986855832151 -0.402585745860605
-0.00739761865327628 -0.0179233232508354 0.318728549357351 -0.532287453702807
-0.00211723987282892 -0.00479677066913993 0.769617280077861 0.0628796571768623
0.0112090697985299 0.02990024080204 0.403941496301383 0.673896204200631
-0.0117171907021326 0.0429844688693757 -0.105092120191927 0.509335598122243
-0.0197028818138161 0.0368988531639027 0.0616337785108497 0.0118572202968958
-0.00122891957969101 0.0360885856153087 0.0670487842394748 -0.499174972786664
0.00362841419203679 0.0357555340936945 -0.631118394094897 -0.525408816760259
-0.00577810693978781 0.0102342822461572 -0.793289831023524 0.288353453235031
0.00708819999459762 0.0103845285418992 -0.0365737542819551 0.67224947786754
0.0222400743883619 0.0158885430375223 0.390500630399988 0.307880329185662
0.021664148552875 0.0101223157611553 0.330929358386314 -0.0353080438967767
0.0101613522288363 0.00378083513022362 0.0835750103224012 -0.207481594191171
-0.015085191621292 -0.00313370486155565 -0.0795196024862598 0.15103069205259
-0.0148935938227603 0.00209954196997296 -0.247385369075964 -0.00353628603106793
-0.0283790383795499 4.49572329383661E-05 -0.318128114432844 -0.291840800443692
-0.00494643885758067 -0.00680548614865645 0.0658355125455017 -0.587734026827084
-0.0118382506222334 -0.00427467992599795 0.691239945508644 -0.264519790482772
-0.017277148690225 -0.0195471966026785 0.612742421440253 0.458668643931523
-0.014756444867262 -0.0389446411993748 0.0181560826642005 0.560239865873005
0.00149039465014125 -0.058095697067168 0.0201434250053573 0.0945050174849651
-0.00775919197760864 -0.0584231460994245 0.177024094899718 -0.41240732450643
-0.0302424423698953 -0.0125763451504441 -0.391795142904102 -0.731105026672809
-0.00904492288128222 0.00801070075219069 -0.888863390834219 -0.0704805351115853
0.00687508337173879 0.0243508310110849 -0.331050876657927 0.633625725986387
-0.00975103255499116 0.0131998005953097 0.257603429555297 0.441701777771
-0.00777406048260649 -0.00740869158866033 0.336105797581173 0.0411315873480693
0.00299697660317905 -0.00460540168131696 0.122895855323008 -0.199974627322612
-0.0161934071482716 -0.00105163284624708 -0.0820542067602572 0.142578770777856
-0.0125014813822598 0.00215487571437827 -0.245397423965948 -0.022435477062977
-0.0255789850073528 -0.00412723017392204 -0.290251024411192 -0.322666229301663
-0.00729219241098835 -0.00731061553437906 0.143612530669442 -0.577772252079271
-0.0180974700082342 -0.00337893376727096 0.736307466730078 -0.177717342626645
-0.0215443987601198 -0.021463574297314 0.562874134954748 0.526804526245408
-0.00930368364209375 -0.0478039220196532 -0.0266805494920394 0.547630840124072
0.00905397972034259 -0.0640014197621277 0.0284495527649507 0.0713487368663357
-0.00838038571001511 -0.0621184518202749 0.143836873586666 -0.443870388368704
-0.0355166591882612 -0.0098551912565077 -0.472506141842212 -0.682809097526566
-0.0121939845528775 0.0119614344023533 -0.869856369916187 0.0411584863198436
0.00707385849428183 0.0228699759066451 -0.241910863974023 0.668063951881893
-0.00687039621261911 0.010347336359563 0.299772236429092 0.411860895857619
-0.00393232327635557 -0.00643671716035304 0.337212493125141 0.0141360075775194
0.00211460915870122 -0.0027550753091553 0.117276481864085 -0.206861304885009
-0.015970936515369 0.00155289333773384 -0.0869066909440211 0.135700992613787
-0.00892233951843242 0.00426875363841351 -0.24415527423434 -0.0423406321796378
-0.0209585941274986 -0.00633904547303094 -0.254833370786722 -0.351398227793343
-0.00951419954128065 -0.00964550707708134 0.224395651675348 -0.558059356163855
-0.0211905840770786 -0.00297438249534584 0.769241344983317 -0.0799978199210516
-0.0215207010580083 -0.0223659013224224 0.500943765080264 0.592873414439463
-0.0033072544901272 -0.0483010519384486 -0.0696957032611517 0.533688837826401
0.0127179008996759 -0.0614569412718918 0.0387304738395255 0.0457522046799296
-0.0117132410929798 -0.0587637576941304 0.109433317009292 -0.471525821728627
-0.0362323887198925 -0.00124739907007548 -0.548229909842947 -0.625288951059685
-0.0165779286190984 0.0163737936809416 -0.841123829021026 0.157057426000366
0.00762026225776742 0.0211796578425868 -0.14305681346631 0.68741811855395
-0.00141331354574039 0.00903939093645771 0.343949190538404 0.375581921899711
0.00153675265365161 -0.0028893498893871 0.334868288328762 -0.013085521772371
0.00179564843223679 0.000200746388914307 0.110239503501687 -0.212793096086862
-0.0150052309380971 0.00508112632440427 -0.0908629983799838 0.13022467120961
-0.00351579432786352 0.00664625758510655 -0.239757346783271 -0.0585891436262418
-0.0151239218012211 -0.00740746474287165 -0.220452734914425 -0.376516400782794
-0.0115513506618681 -0.012452478718663 0.293316892479607 -0.531889059930669
-0.0231177754043273 -0.00546835170461181 0.784547355652935 0.015185952950454
-0.016897005575042 -0.0160437743604938 0.437827149985369 0.646262950737344
0.000997685504810938 -0.0403626935325927 -0.101611423707478 0.517898559896857
0.0124881787298722 -0.0487114068375619 0.0469963678847363 0.0230573871251953
-0.0120180327971885 -0.0450842688308287 0.0772128930315344 -0.494135304423785
-0.0346794896374436 0.00871957631196345 -0.609868618774107 -0.563344975946892
-0.0168070105628126 0.0177262217728405 -0.80629036693966 0.252954219296156
0.0068876747642417 0.0182897117005519 -0.058743975290483 0.693685337062427
0.00460117700146745 0.00908636402381368 0.375209252314605 0.338650900319499
0.00687183685079921 2.24688506866248E-05 0.332226417359653 -0.035800971508232
0.00170499625932201 0.00218990229047091 0.100141683784061 -0.21784187231119
-0.0130552120347233 0.00733527928157918 -0.097323577598707 0.128178404722631
0.00112304153309829 0.00965134358168085 -0.234655169099186 -0.0682779891422078
-0.00945210079295102 -0.00710426787241055 -0.191931736972025 -0.395516189297204
-0.0112200949617131 -0.0144315909782125 0.341782686494247 -0.513033074242975
-0.0204103249333212 -0.005678567078855 0.789496355214099 0.0835983776896549
-0.0112504209101993 -0.00876558332137262 0.389892057962059 0.684923379407009
0.00265694821763488 -0.0228455937867951 -0.123717855863703 0.507141313496069
0.00891521404269379 -0.0307522919620829 0.0560622335157787 0.006150328167114
-0.00934858653574483 -0.0274669001338122 0.0510554560841557 -0.510233811214237
-0.0279189909950665 0.0184989963902091 -0.648136025217069 -0.51551885974869
-0.0167767932792507 0.0190385420746814 -0.77516345093995 0.317964825464949
0.00803215194643951 0.016657065802335 -0.00170551310527025 0.690284095331743
0.0108524046794679 0.00868488619638833 0.398707488638606 0.308178550337452
0.0132756343560556 0.0031524104118784 0.329545971175908 -0.0512263066605718
0.00353182225878345 0.00352355875081087 0.0942709175703829 -0.219278206501999
-0.0103199427920833 0.0101372264044907 -0.104258719625949 0.125948298325108
0.00480638349761775 0.013537343051793 -0.231692181722035 -0.0727390578962746
-0.00568781421378306 -0.00624431056348106 -0.176237776127121 -0.405674100327862
-0.0106634702826906 -0.016671852159816 0.363020772657991 -0.506030112466178
-0.015614626941005 -0.00438844559272965 0.786831186719943 0.117461546267979
-0.00433491348616751 0.00618296807383631 0.365367788631603 0.699940834418381
-0.00109580140698629 -0.00136961842572257 -0.131760432383022 0.500352424106147
0.000439209007606129 -0.00748743216884903 0.0612400541260857 -0.00242893858389087
-0.00622702087694846 -0.00533813282377021 0.0393181462076939 -0.516773290904001
-0.0177042447620641 0.0251384849655391 -0.665850920102666 -0.487601936858194
-0.0143310549188534 0.017610893807265 -0.759373450398976 0.345927546379687
0.00718039430800924 0.0140570711947569 0.0263604238641537 0.683379999664111
0.0160377163439959 0.0100603479175522 0.411293520771385 0.292462675482991
0.0174177391201044 0.00547662299972735 0.328726867884159 -0.0573766142748631
0.00477702479650232 0.00359107093290293 0.0875559536393431 -0.21858398541182
-0.00824523337476222 0.0107367980688766 -0.109706584601046 0.128024836697386
0.0076772323222458 0.0163652053320296 -0.23303439538881 -0.0688224168130494
-0.00266360993350296 -0.00132201613669412 -0.176433644531845 -0.409527262667791
-0.00894867048653419 -0.0180242246275317 0.354410951260144 -0.514941066616628
-0.00833317047819966 -0.00459657694657672 0.785526022177069 0.109404835572122
0.00469203107714246 0.0197437949710088 0.373054420683327 0.698769784370957
-0.00663864213739016 0.0215283039071016 -0.122370145735171 0.503096043213294
-0.00800679214989075 0.0163706522753076 0.0637635910462104 0.000604675164837799
-0.00323857186541465 0.0155697573323979 0.044756482167795 -0.51256237828916
-0.00561582128430426 0.0328813641498087 -0.662290707245682 -0.490379700360826
-0.0114583959684302 0.0143105781024072 -0.767985682298045 0.344094759870634
0.00655651878693712 0.0107022119629127 0.0154972730381176 0.679409602325002
0.0208229219580895 0.0118322887296889 0.408378397233527 0.291878831500379
0.020197078152301 0.00905226606529095 0.330838608146736 -0.0521922101860083
0.00669993753165538 0.00273824048419932 0.0837302433567231 -0.21764419305698
-0.00506847567346269 0.0117666680002048 -0.113072245439266 0.132541048456331
0.00761532298922989 0.0186594387679802 -0.235677357253478 -0.058879506913076
-0.00205222284570125 0.00265228064152033 -0.19450452347682 -0.404859366246032
-0.00715313095351566 -0.0185111549331194 0.315927012464957 -0.538693925216581
-0.00266298120236918 -0.00579887801082665 0.777348746451041 0.0561872855477173
0.0116729867494344 0.0294440214286331 0.413630112491824 0.675567969005361
-0.0107460392054921 0.0429547770824272 -0.102043400538661 0.513434786306849
-0.0194205861876944 0.0375265531939388 0.0620924900513022 0.0115484127403985
0.00025601714714046 0.0347211767421789 0.0649173589945587 -0.504377852289075
0.00447474410255481 0.0362098865751403 -0.638626137192786 -0.523507686618068
-0.00607904444233483 0.0099629477248566 -0.796581871154672 0.298196997906445
0.00797029593819493 0.0110672790118267 -0.0318409627192954 0.67762050555605
0.0241561371276412 0.0160006868612626 0.395087530856189 0.306954387723274
0.021688723924456 0.010294888188876 0.334983407666942 -0.0395929702201543
0.0102692464535405 0.00194196482641926 0.08308278193118 -0.209306353379976
-0.0147466173783054 -0.00237578058628434 -0.0800899296867948 0.153105054152824
-0.0140055076727557 0.00178825016420647 -0.250005299935328 -0.00225245467805378
-0.0275135728199386 0.0005999200636998 -0.32556661691986 -0.291080026100451
-0.00533889954803229 -0.00591662149336551 0.058073467859705 -0.593355876241307
-0.0109962279693829 -0.00391758585082426 0.693493199294812 -0.27416587378459
-0.0164131167610398 -0.0201743440247159 0.622341965639976 0.45663668777824
-0.0145488341714519 -0.039556616549635 0.0234362645068355 0.56365800705715
0.00193211240082263 -0.0579822958597038 0.0202595901183244 0.0958336213557494
-0.00805492256255236 -0.0586928131973493 0.174173165834769 -0.415829933521201
-0.0292321259483075 -0.0121118874752143 -0.400418396026156 -0.731341072110078
-0.0090228607876473 0.00927313590154866 -0.895782049377101 -0.0598347434249868
0.00883105824631572 0.0242636351711158 -0.329877019256776 0.642442535040262
-0.00999884117016979 0.0129473240549663 0.263515303298649 0.44120436735969
-0.00808237694233344 -0.00735247565278972 0.338081304684111 0.0368987937916113
0.00435247564376069 -0.00528639170252575 0.122117347097652 -0.20353467638666
-0.0152595308357575 -0.000124415873478075 -0.0817632981846167 0.145080184019665
-0.0118927644964768 0.00242515623474636 -0.249365678101443 -0.0215858159699952
-0.0256519070890945 -0.00309699643328054 -0.294407519771919 -0.321347448472979
-0.00648657969462528 -0.00750952313603054 0.13862006904162 -0.584277226758705
-0.0170427857029108 -0.00300543131156443 0.741942616627497 -0.18406484691027
-0.0211904915596226 -0.0221941790523615 0.57288743853394 0.52470489872244
-0.00987426070070937 -0.0486539177490032 -0.019388632886966 0.550633096259714
0.0089757580231986 -0.0642512032029357 0.0292334543578396 0.0707452699198855
-0.0100538602712793 -0.0636321164773584 0.141771398722441 -0.448231830630827
-0.0351217401816659 -0.00950124795795866 -0.482896965424097 -0.681517536935603
-0.0134435454277057 0.0125322412766024 -0.879371791627886 0.0521081479176159
0.0078301557623841 0.0239608215012756 -0.235101397978992 0.675987805321809
-0.00523746651329647 0.0114303135988634 0.307115894950074 0.409905865785057
-0.00411734485070405 -0.0056436405840786 0.339544930535106 0.00918432400529405
0.00228836406850902 -0.00353007667132993 0.116331748986856 -0.210727052391497
-0.0159577584439139 0.00288384493847307 -0.0862556232334118 0.137829565557932
-0.0087926079697303 0.00355252862715895 -0.24723812222257 -0.0403431044569761
-0.0208000764785043 -0.00635438426520334 -0.260685829111433 -0.352562608091195
-0.0100153344832137 -0.00960781771059919 0.220206574088511 -0.564169298278687
-0.0224809565767403 -0.00332985449779305 0.775149115990232 -0.0872164559636571
-0.0212550971449331 -0.0219720171913326 0.51229550493572 0.592337780330447
-0.00440925144775275 -0.0486602774993989 -0.0629533368047935 0.53793261408194
0.0120297372423111 -0.0617814038467577 0.0384846276780451 0.0447601937324154
-0.0117823725043254 -0.0586487138172499 0.10601730007288 -0.47772693289957
-0.0364013606513135 -0.00142451336691088 -0.559670818302652 -0.622096037454891
-0.0151229375629183 0.0168942620856443 -0.847170523612987 0.168697223776321
0.00790368654375541 0.0213848846171148 -0.137069046708861 0.693986016101619
-0.00124744569521791 0.0101907734122039 0.349199224436875 0.373980594980052
0.00156166333047842 -0.00293186360911295 0.337784902791128 -0.0173758613889186
0.000927839155080216 -0.00128488110798518 0.109399792172585 -0.215871172051192
-0.0139043811032166 0.00483179619332443 -0.0919947197046544 0.132267369550373
-0.00400559455216337 0.0064710080597945 -0.243238668697084 -0.0564112824900803
-0.0152609508847262 -0.00827445247625457 -0.225112668581685 -0.376228795149065
-0.0107026310251509 -0.0123010933871061 0.290540819394398 -0.540612579656712
-0.0231755178331269 -0.00444535705124086 0.792192050973616 0.00443104542253402
-0.0162188727577853 -0.0171007429513862 0.448583824783804 0.647202523115684
0.000304619619637294 -0.0401361246120014 -0.0961690453229799 0.52237734330255
0.0133902360445482 -0.0499234333738802 0.047181550941598 0.0224761375748347
-0.0124139127856363 -0.0457970385780787 0.0737995502680338 -0.498909489470187
-0.0348057497435632 0.0092253638719835 -0.620090112982883 -0.561030279306738
-0.0165689232199521 0.0184725323046824 -0.808135578446594 0.263087881637883
0.00769532833055232 0.0186219428097364 -0.0507883379431365 0.700528862009266
0.00533498511186204 0.00833765865037828 0.382908793491202 0.334949874952371
0.00656897196190492 -0.00019627285103801 0.334258721707928 -0.0397556866068124
0.00201331792338662 0.00195140639822343 0.0996524063360709 -0.220385054901693
-0.0129580910699688 0.00748100395909523 -0.0968571854419353 0.12956222116698
0.000620996685953542 0.0104058603681891 -0.239127137027749 -0.0661287195299272
-0.00962976508122102 -0.00745262483770708 -0.198759344928965 -0.395521134732616
-0.0116311985054131 -0.0151559366480119 0.340471145019002 -0.519725714037532
-0.0210248702905202 -0.00543865546476062 0.796967170827163 0.0772712860096843
-0.0100992707273143 -0.00767292678571704 0.39868990796323 0.684698933489905
0.00177582471490911 -0.0237146764016005 -0.119470164480217 0.510654713053109
0.00890723424355802 -0.031225034656261 0.0563566894598205 0.00591079542389924
-0.0105222590353379 -0.027969320531037 0.0479975440801526 -0.513559885436559
-0.026711564741659 0.018748371075702 -0.656860992705455 -0.50936835341035
-0.0159660099227843 0.0193864041481093 -0.77564112452534 0.328879442141621
0.00801960465174897 0.015911043695062 0.00634058626048048 0.695118170314166
0.0114437771033012 0.00921626521820994 0.403175360235206 0.304712118682671
0.0130172898786703 0.00268282324768052 0.332127477704801 -0.0565992375764737
0.00273168405524485 0.00273943593110012 0.0912922189851956 -0.223236002879579
-0.010802116259657 0.0107131744491574 -0.103878703658283 0.128521426381331
0.00513120792588533 0.0137777907590586 -0.23538486176591 -0.0707498732871896
-0.00562449344247899 -0.0047269109874205 -0.182334699135299 -0.406495089722079
-0.0102747769012954 -0.0166715587807663 0.360654647225166 -0.512799153104089
-0.016333963079742 -0.0050516740229333 0.794461090888145 0.108865661319442
-0.00255439207168636 0.00548321303284354 0.37314827356439 0.701526462238637
-0.0011484059441879 -0.00127377797516016 -0.127397035501235 0.504555652442507
0.00139405140908079 -0.00761884036404867 0.0616923762650434 -0.00346406548523759
-0.00620075716303967 -0.00642754389498704 0.0345685165890256 -0.517712141999404
-0.0169563146357671 0.026235681604109 -0.674634536492599 -0.48503514678237
-0.014636303203033 0.0181914826248583 -0.760657274436208 0.357787286201372
0.00685964097705153 0.0131748302936844 0.0346122627310746 0.688984799655106
0.0173806115785047 0.0105739086895887 0.416602947060518 0.288788355378445
0.0174170027832476 0.00597279953276767 0.330093571494151 -0.0617377506064994
0.00521398613078853 0.00395423683139296 0.0848966414425267 -0.222107825067117
-0.00800275694421913 0.0116399663643088 -0.110331693528694 0.130767822748945
0.00750530644718162 0.0165590002306712 -0.235891595169678 -0.0672457844077505
-0.00195109430277911 -0.000907536493840686 -0.183236005996283 -0.411647883982624
-0.00943161984888002 -0.0171743067078224 0.352315874828895 -0.521661953340975
-0.00881010812673807 -0.00418577571219312 0.793550114402413 0.102069280733325
0.00467387471004874 0.0191324321621727 0.382639299366408 0.699839663474821
-0.00620195796137182 0.0215296519503056 -0.117319522720621 0.506282006750022
-0.00756764118006656 0.0165816099454278 0.0638230900705007 -0.000326052807908343
-0.00252037449273334 0.0157641991117945 0.0382897974823923 -0.517814046962965
-0.00592920962682837 0.031545312892129 -0.671593462393355 -0.486230110313729
-0.0115782014918725 0.0156060240340619 -0.770547838594112 0.355505514108092
0.0079477657789619 0.011818996977114 0.0227575613727523 0.683303541445396
0.0213831853082867 0.0122589919391672 0.414663603472099 0.288724954849738
0.0219652160086211 0.00867235248134774 0.332161776857678 -0.0576660623355936
0.00744285078933882 0.00280634336241746 0.0824038761992192 -0.218392765688376
-0.00425761662439239 0.0127776596537638 -0.114457001545532 0.134532020419725
0.00749111342485229 0.0187520290986803 -0.239823465916773 -0.0566460626904144
-0.000855196230420628 0.00163062728807681 -0.202080792434558 -0.406456508944973
-0.00808899212320541 -0.0172974751926755 0.311459014059301 -0.548420964231804
-0.00266334070236848 -0.00510728874904765 0.784603775791905 0.0500129068798724
0.0134844415577939 0.0297844637923579 0.422123686459307 0.674445653771506
-0.011129246584918 0.043463592135841 -0.0959094695034798 0.516334045794269
-0.01924292534029 0.0376484966509021 0.0629943673349435 0.0115067944585486
0.000260349389097015 0.0346640856034219 0.0604218288571942 -0.50845396975077
0.00567402369002152 0.0360093207797055 -0.647176143332294 -0.518719066984419
-0.00622608198620901 0.0102490456582292 -0.80144812158815 0.308437201566282
0.00927313731519612 0.0109938110832252 -0.0242019064315513 0.681768874753318
0.0236971569542734 0.0159131259569833 0.400866531442739 0.305217078349132
0.0218590272082818 0.0101172853433533 0.336070401296824 -0.0432039426843612
0.00990209589674767 0.00319838270573078 0.083489162922548 -0.212585960486836
-0.014768036666453 -0.00133207456052636 -0.0784556582716999 0.155423398707982
-0.0150360219325287 0.00208658865687247 -0.251209060765658 0.00112362843337472
-0.027281285679578 0.00125892188687394 -0.330526288380076 -0.288789481422746
-0.00520123912713013 -0.00574413385804708 0.051865731108223 -0.596032806208496
-0.0120000967178884 -0.0037777871182111 0.694537910752238 -0.284932990470858
-0.0163489800208985 -0.0192799600552245 0.630162501365994 0.448819417300923
-0.0157918788331373 -0.0400718571317998 0.0292564943417729 0.566236123381708
0.0015721391586454 -0.0588459779128355 0.0218066733982795 0.0952469718845723
-0.00868511097616156 -0.0593891105087227 0.170195907976071 -0.420354437242497
-0.0294382698031749 -0.0125858605590464 -0.410305020214407 -0.730843916966198
-0.00876767411672139 0.00913131847291585 -0.900041502284468 -0.0489584139603159
0.00884263417190929 0.0248494523651669 -0.322264550244353 0.650248621935645
-0.00971400243436766 0.0135217078506429 0.270490690989404 0.440416662308542
-0.00797744752689994 -0.00753599992322254 0.339846253501083 0.0326051319421366
0.0039629750698484 -0.00673439160563066 0.121748030619786 -0.206095320724196
-0.0158823855835063 0.000139211080248233 -0.0810134221854551 0.145939100408682
-0.0122707973577974 0.00253874668582688 -0.251644956543182 -0.0184262280083621
-0.0249492793419044 -0.00262851985043127 -0.303382935078527 -0.318373831689582
-0.0084508254753484 -0.00730859764165097 0.13250458370757 -0.58789599834419
-0.0174050484129284 -0.00313160687223448 0.742178434137553 -0.196759800321781
-0.0209046440479313 -0.0225143225494784 0.582849007730688 0.519010845627209
-0.0107886401220326 -0.0482520040080252 -0.0155101440318944 0.555630945315575
0.00883407532644671 -0.0652767714419496 0.0301691468103801 0.0705578876460178
-0.00956713841908468 -0.0636623709187112 0.137408031183144 -0.451395195567843
-0.0356661340499708 -0.0090922550528302 -0.490706210259798 -0.677601326988514
-0.0129526725941605 0.0131569149164694 -0.880654365584697 0.0650661474961091
0.00831434182754725 0.0236009872603468 -0.227751292224702 0.682151829085627
-0.00578432058503202 0.0101770347302978 0.315224858521156 0.407426676105565
-0.0045210442840364 -0.00576748702683361 0.341483846848182 0.00470763331445869
0.00239495774424797 -0.00358674837207144 0.114605544612546 -0.212264949090203
-0.0159916815429997 0.00282823405160238 -0.0852584849168831 0.139099297618256
-0.00825977389024871 0.0039240773655119 -0.248968273135075 -0.0374173090479349
-0.0207454102460804 -0.00624318702812524 -0.268164450912307 -0.348956416888101
-0.0105844136213801 -0.00904589914893457 0.213961066828189 -0.570877979803787
-0.0220133337865157 -0.00325067281001363 0.776766743657594 -0.097151982091612
-0.0211001671636859 -0.0218755977151186 0.521199302739212 0.588168116339596
-0.00395084071257305 -0.0499853518924496 -0.0575536089917001 0.538856525395389
0.0126100202099566 -0.0619365630859377 0.0393750904183849 0.0461457223915236
-0.0127313967388859 -0.0589714151813547 0.10098522732356 -0.479400435740234
-0.0369698421120537 -0.0013400131289926 -0.569741607777275 -0.619411878485051
-0.0154855948474361 0.0170747555001635 -0.848105964321441 0.180292096967395
0.00804003016994806 0.0209046668501742 -0.128300275383439 0.698420209523031
-0.000346281197585433 0.00930623628984455 0.357969488404988 0.369888848222953
0.00203028836659157 -0.00265970973287506 0.3386010304628 -0.0222528200938638
0.00169451228433556 -0.00106531318904382 0.10786244342758 -0.218567790701837
-0.0156426010567837 0.00589032494954859 -0.0919318003470987 0.134043799175199
-0.00368558800836313 0.00757561985655487 -0.24439794157322 -0.0536990979927436
-0.0147195625324243 -0.00768673587894928 -0.233661201170741 -0.375968975201113
-0.0117381848681041 -0.011968501144012 0.28636727651435 -0.545911512052706
-0.0235062794646599 -0.00438823496691255 0.798122937579382 -0.00478405140380003
-0.0175031542365314 -0.0172846790642195 0.457991579400978 0.645326989290178
0.000973624627467143 -0.0409687717890046 -0.0902150395216897 0.526084985905207
0.0123080717673127 -0.0506589951984672 0.0482105631729713 0.021712285548808
-0.0118590350676183 -0.0456687185215784 0.0676404250348657 -0.503438902239251
-0.0340955903207042 0.00981377679090924 -0.626767595934006 -0.556138548399293
-0.0161369168027136 0.0189196511781456 -0.807689294653856 0.27499685617945
0.00838842391198614 0.019130815484753 -0.0452342507392993 0.704140605768975
0.00556756180977948 0.00915632948012158 0.387820718060061 0.330541418805003
0.00800299791481083 -0.000874420602982238 0.335671051348287 -0.0447533660813944
0.000640333064440984 0.00151670082615924 0.0996185147173606 -0.221851009518664
-0.0134757594694412 0.00851216278380777 -0.0985276230431102 0.130992085373341
0.000746990466447874 0.010312416739696 -0.240626098888957 -0.064731586804196
-0.00976283325459355 -0.00629874030331892 -0.205045966782378 -0.394914291432065
-0.0115211252278709 -0.0139483403717631 0.333848711926764 -0.526658319289134
-0.0209469789229349 -0.00548200304580524 0.80232291597266 0.0687038631506689
-0.0102310901239497 -0.00773319923879716 0.41007649746307 0.682250060770817
0.00160090490403045 -0.0242838058714023 -0.115583828033788 0.51481150134973
0.00816679977581065 -0.0314427622347654 0.056151308684476 0.005221626825684
-0.0100106204102913 -0.0272580139703934 0.0420850827274864 -0.516083267661353
-0.0273432452201812 0.0190663433662621 -0.667412809202845 -0.504985547706044
-0.0161493101334031 0.0204644671075819 -0.77670614814814 0.339558440697949
0.00732057292551829 0.0157538037967262 0.0153531619772601 0.696948366360497
0.0119780525895797 0.00969860409737191 0.411484466505395 0.301276502193765
0.0136187044179441 0.0025837221032504 0.332902327055847 -0.0610478015166302
0.00175200911316996 0.00247888123740823 0.0917849985114057 -0.225294373348168
-0.0114827217523564 0.0103055141235539 -0.104871444604636 0.130620923436059
0.00535578876477107 0.0133143723975187 -0.238210270340252 -0.0690228497328572
-0.00488255490463783 -0.00391048211831509 -0.189996359085725 -0.40633672737261
-0.0111439564542335 -0.016484359055844 0.355620254364787 -0.520122442137541
-0.0162620401559254 -0.00454238398788497 0.800512644195302 0.100608436831961
-0.00261591289691448 0.00570838400775929 0.385872884136089 0.699515695475071
-0.0011930358671011 -0.0011172912934119 -0.121474573087887 0.507234183066794
0.000167892700368542 -0.00896626077227976 0.0628237841391061 -0.0038127783548214
-0.00507242517816487 -0.00551851228555133 0.0290709891733392 -0.521426368727175
-0.0164001971467715 0.0264596687077348 -0.684427259947356 -0.477486622192134
-0.0142093766167792 0.0180930176361427 -0.76070955426542 0.368266169139092
0.00776887897141767 0.0133232751054945 0.0430101162099899 0.690969045433015
0.0180723705671219 0.00935887976581675 0.422130715801045 0.284313761051763
0.0181431838407299 0.00577752657147821 0.331739237223306 -0.0673030235825406
0.00472449564059229 0.00248342930624813 0.0838399344327301 -0.224113774373237
-0.00790377568676466 0.0123229866362443 -0.110350123127064 0.133592182201107
0.00810647404202948 0.0179529269155612 -0.238023973758926 -0.0657810489627377
-0.0019209618624399 -0.00128095156316849 -0.189982792599982 -0.410945618667792
-0.0090666372075783 -0.0177242546117027 0.346017605197086 -0.528361928974573
-0.00968891737682615 -0.00415034906013575 0.799067502053845 0.091154739330266
0.00563379608971539 0.0197001632733895 0.393284268916372 0.697392493200499
-0.00656401257489054 0.0224638832553889 -0.111255052388691 0.51042787161975
-0.00757485649735611 0.0163755014987757 0.0650758704691252 -0.00196439600679836
-0.00167180400297779 0.0157186480274957 0.0350097201545701 -0.519616411806367
-0.00403573835608799 0.0324653080840347 -0.680117683223618 -0.480759599859208
-0.0104431067254367 0.0157123466301412 -0.76938427720564 0.365544187128867
0.00831876218912176 0.0116483447205624 0.0323371026180739 0.687103991568711
0.0216410405789965 0.0127130447980975 0.421781731758019 0.284213871831802
0.0220019380514028 0.00699277323709216 0.334011420303165 -0.0637483899521698
0.00717559379049662 0.00228655141791605 0.081107624051163 -0.221132783752481
-0.00431775920951359 0.0123909528279659 -0.113825934303198 0.13666597379853
0.0081982850589939 0.0187863595521548 -0.241840236340171 -0.0540965568572853
-0.00152552871757585 0.00319213387298143 -0.209132423943408 -0.406081849437115
-0.00720443367365028 -0.0171732325622472 0.306968742394404 -0.554444693659817
-0.00315986049913092 -0.00487947143774296 0.789536279363867 0.0387203022244323
0.0138511721799687 0.0300965426784308 0.433121726222618 0.673045232040916
-0.0103146317885556 0.0434888836262166 -0.0905645993846788 0.521699069457214
-0.0184267531984449 0.0386471474598879 0.0636362488406467 0.00974248932419922
0.000114880398483931 0.0350811584458407 0.0557234858941933 -0.512067006351712
0.00638128575170635 0.03715755213904 -0.655376484308918 -0.514464425324864
-0.00514672845839249 0.010479021770925 -0.801091101261411 0.321249370652209
0.00935380303496587 0.0100826331216252 -0.0163246575308778 0.685668765717999
0.0248342754613904 0.0153795346531929 0.409140986744121 0.301059299567009
0.0227090402606597 0.0104568083560754 0.338392534831142 -0.0467475136561236
0.00999600442747795 0.00123872911358123 0.0805137487109172 -0.215540362315472
-0.0148250837518662 -0.000682916567300068 -0.0774391641329127 0.156646638346255
-0.0147247466775129 0.00169281875307593 -0.253014037887723 0.00511501625828842
-0.027320112552649 0.00140268651790697 -0.336132916405547 -0.285120104230903
-0.00596638825852416 -0.00502431000771355 0.0426537292568295 -0.599985325904443
-0.0116039596805619 -0.00360636905386992 0.694383644068428 -0.294164076355658
-0.0168810537054417 -0.020302054884727 0.638899764613327 0.443264936034615
-0.0161950272274638 -0.039774985129005 0.036549883705281 0.565746489918453
0.000799385021430035 -0.0594750410341576 0.0237258322758114 0.0949971061566851
-0.00971047016777565 -0.0596996296731175 0.165793265539611 -0.422988995340333
-0.0304161253429555 -0.0120227386554733 -0.420767026110687 -0.726108898725599
-0.00892481871568414 0.00924896597107065 -0.905225645608191 -0.0365230422525412
0.00886523809446663 0.0245125382273011 -0.312493665707477 0.656151185891936
-0.008881063625292 0.0125564323594643 0.278785756547379 0.436197257586637
-0.00715565532263325 -0.00724355507682286 0.341561472140919 0.0279879194027572
0.00391512602541344 -0.00706683592006168 0.118937281596742 -0.208871205268226
-0.0165457506945233 0.000492151191321548 -0.0793793167895101 0.148928641532527
-0.0125519878057909 0.00281057248539497 -0.252615921591771 -0.0158708750042182
-0.0248622876792994 -0.0019837087747406 -0.309894311604679 -0.316148569675904
-0.00863714394702779 -0.00678207617322288 0.123647078969302 -0.591957026546824
-0.0176172648110737 -0.00145491719418721 0.743345025010643 -0.208368962694451
-0.0201977842293951 -0.0222217450607133 0.590019984124345 0.512385071714789
-0.0110311340459693 -0.0491400068334902 -0.0062621403959606 0.556828992472787
0.00750747616874981 -0.0651670216480803 0.0313385110142091 0.0713101809287173
-0.0105365684706648 -0.0632497632163723 0.134204503721981 -0.454628737476677
-0.0352313795528515 -0.00782081397491475 -0.502107906946685 -0.674498373805891
-0.0138011699836832 0.0127934476410852 -0.882754793683659 0.0767660741308305
0.00958766925097137 0.0237559783528751 -0.218587728073298 0.687312920983324
-0.00598419198450165 0.0114066863638269 0.322744694100912 0.406172953163181
-0.00444388823949168 -0.0059878740566703 0.34249229138271 -0.000441763456040928
0.00157526224510383 -0.00380981746704087 0.114106541275266 -0.215524079326097
-0.0167411905846003 0.00239228540742763 -0.0845052925991322 0.142078999320034
-0.0091413528121526 0.00370578374597345 -0.251450317450046 -0.0356173613808469
-0.0206389825270715 -0.00483008659418446 -0.274559065913896 -0.347225041817654
-0.0101313089641933 -0.00876441895886966 0.207197585573834 -0.575169704618767
-0.0221438999761634 -0.00261543978493655 0.780769198837014 -0.111156869461374
-0.0216804666879943 -0.0225325727706716 0.531262650167871 0.582574476237477
-0.00531324963708655 -0.0497738089001205 -0.0512337910787534 0.543579223974576
0.0118369504762919 -0.0626578610243961 0.0396306911016287 0.0453794997883279
-0.0123595349215037 -0.058983924743821 0.0972908647872748 -0.482902136559115
-0.0373162955322293 0.000424733319525188 -0.577110477378715 -0.610519926748113
-0.0156655213861055 0.0172551359612959 -0.848870129111393 0.191846064727792
0.00894597961614322 0.0205137692302363 -0.119647570809878 0.703651440846676
-0.000522490791117137 0.00905773285913873 0.36492799905604 0.366566268885561
0.00138349792688861 -0.00443039203000072 0.339530144889535 -0.0269386349564207
0.000578467180776347 -0.00101920905583082 0.105291360745607 -0.220413975288337
-0.0156947467273569 0.00636216286234685 -0.09147167892107 0.136725448353681
-0.00309342608511139 0.00672681501963955 -0.246181407575772 -0.0509139156601452
-0.0150364140504378 -0.00669944551677017 -0.239316877446298 -0.374998544289853
-0.0115632100376902 -0.0120618047886487 0.278715406175714 -0.552201653521876
-0.0235276755251402 -0.00431693856398155 0.800694336943777 -0.0153624774457414
-0.017236550296283 -0.0172425330626479 0.466481077470993 0.640473115720851
-0.000389724586713538 -0.0405284891786021 -0.0846086998660125 0.528071254763448
0.0128279460863213 -0.0514450003664138 0.0484404356442192 0.0224080250562748
-0.0134571381639051 -0.0458829239319588 0.0619147035852518 -0.503377688673079
-0.0336803341898481 0.0106640934169736 -0.635712860722202 -0.548580646303284
-0.0158194008043559 0.0201071121096332 -0.809605415750895 0.286556124313689
0.00857211387802426 0.0186095083451843 -0.0344418942241035 0.706079792070181
0.00642142041747574 0.00858703547099382 0.393933845447726 0.325880118385185
0.00762909549622208 -0.00161298512335003 0.33659395106122 -0.050725475135664
0.00159806967951778 0.000277318399378241 0.0956510930488346 -0.224971922606578
-0.0130850806406418 0.00844329622455424 -0.0973248435670754 0.133750992988562
0.00105634456222941 0.0108234299050831 -0.242147588574623 -0.0621899188106289
-0.00875475738638347 -0.00604953268878565 -0.21202590713679 -0.394135014235866
-0.0116735347445718 -0.0149665239687093 0.328370276548848 -0.53270609414582
-0.0214799185011728 -0.00432276719877156 0.806004607658308 0.0553046690401967
-0.00976630938402706 -0.00857783458461732 0.419953466194837 0.678689333368972
0.00122882524321344 -0.0247265348573641 -0.106691334224661 0.516193730289854
0.00859390854161155 -0.0317728537412286 0.0565533863927703 0.00455521254377779
-0.0110620537761568 -0.0270994801441382 0.0375297321567357 -0.518380755386048
-0.0256796334592681 0.0193642942069259 -0.674732956354127 -0.49575406960001
-0.0153240941077056 0.0207809781856129 -0.775555292483452 0.351100100637432
0.00857119259454587 0.0163489665844639 0.0244312753563011 0.700780857833509
0.0108798830905483 0.00841968114694935 0.416684258001695 0.293734907364295
0.0147819221011375 0.00194664911698744 0.332801744195917 -0.0666316257039083
0.00277124065452229 0.0023272826499955 0.0879181430042906 -0.226846103072894
-0.0108557056518692 0.0115513406891282 -0.104354238016701 0.13235046087834
0.0058234152993988 0.0138924571707817 -0.240018937249881 -0.0664334654776349
-0.00367325186748869 -0.00394950741831962 -0.196947152321705 -0.405154771555702
-0.0113968483237805 -0.0153924688068302 0.348591992309842 -0.527428927909964
-0.0170708533255057 -0.00481345032259943 0.806010016988907 0.089268042366225
-0.00240113009479657 0.0052580505034919 0.39401558951477 0.695142176493089
-0.00105239305747412 -0.00221238055650948 -0.114529106777906 0.509683882168282
0.00177134918136509 -0.00876071439186324 0.0627688697642703 -0.0044366893409487
-0.0061523840505853 -0.00579511728063512 0.0225199533804 -0.523342873985903
-0.0157546093803042 0.0270379423020125 -0.691759654304279 -0.471528681850234
-0.014628763078521 0.0187190297301522 -0.757767097278511 0.381837774065276
0.00889560636816606 0.0140661492766615 0.0516676059698522 0.692455191877001
0.0179946264141789 0.0105478457283602 0.427092044691218 0.278313366361069
0.0184563674292633 0.00506958136393741 0.331516500101983 -0.0716541564132544
0.0041320978471167 0.00223763219782485 0.0816043096125836 -0.226575165186076
-0.00806652570519852 0.0134819566788026 -0.1106172890755 0.135187816579953
0.0073048954643921 0.016545152491617 -0.240081522693453 -0.0622443870829724
-0.00157987739774193 -0.000439588540032308 -0.198771706984767 -0.409364220937226
-0.0101163165956622 -0.0170648597175125 0.340008703835165 -0.534896410988239
-0.0103721699832439 -0.00404816490270578 0.802699432874261 0.0812821006963295
0.00566588159669915 0.0197953437335696 0.403246879900754 0.691420662587683
-0.0053744405104104 0.0229918488598893 -0.104064266994681 0.511494904816213
-0.00785895898257268 0.0177149800374941 0.0664536240996933 -0.00201249512052014
-0.00182253515629439 0.0156341848398674 0.0274296633158067 -0.523107276355708
-0.00315035849458698 0.0323109434356674 -0.688914307427352 -0.472500926407605
-0.0112462861419975 0.0165974796435565 -0.76804425201434 0.378735108890939
0.00772108319586259 0.0110539057420868 0.0417974366859795 0.689904947891047
0.0226231515170936 0.0115360564934016 0.425750145077733 0.278397335861339
0.0212552299082457 0.00675481629284893 0.333560414702868 -0.0685678194804553
0.00696746681152753 0.00219491163096842 0.0789870718238675 -0.221960152281131
-0.00522570559385454 0.0136812317952251 -0.113236256281634 0.139540680971614
0.00855918171319307 0.0192638291100023 -0.245149559501975 -0.0520060968389925
0.00041990090870389 0.00299657037664277 -0.216630362641057 -0.403565499860136
-0.00814793310200275 -0.0182757642425909 0.299957855335998 -0.560783341461236
-0.00342304091224077 -0.00441348144307955 0.793630768795353 0.028497427943579
0.0145826227230423 0.0295472117247062 0.44045025829408 0.667851492781074
-0.0104981179242519 0.0444141884437067 -0.0839744202378084 0.521404039340553
-0.017847255397583 0.038850810406253 0.0639883531167232 0.0093789842312072
0.00141290063672077 0.0359458962918507 0.0480612835055025 -0.512196741047481
0.00790190235853724 0.0379824690665774 -0.665704673273578 -0.506889794063259
-0.00498997915258838 0.012100017308738 -0.799854322930057 0.334582605159922
0.00932477158297233 0.011082384123527 -0.00842108135563723 0.688683408441311
0.0253000807299507 0.0140607761447729 0.414016311038234 0.296651204201044
0.0229441740605387 0.0102208788730674 0.336872625880652 -0.054226315334127
0.00901244348848063 0.00117679589757182 0.0791305269873558 -0.216941537435523
-0.0147457963448038 7.99071589628894E-05 -0.076280715441142 0.157782931620645
-0.0148317532313005 0.00313116732985202 -0.252968247128398 0.00805817294718397
-0.0274783528633634 0.00195688930396085 -0.342835000620779 -0.279897422973082
-0.00598114701301706 -0.00557767681459719 0.0331991079111999 -0.600359792097606
-0.0125211992098119 -0.00305205306206238 0.691464043919406 -0.305577527953339
-0.0162101967148612 -0.0204199902903864 0.645493019015283 0.434267541599788
-0.0167669873720365 -0.0397829028886006 0.0438705550935013 0.564328788443731
-7.68666040678457E-05 -0.0584575489013586 0.024280433034939 0.0952484368690277
-0.00950349951111505 -0.0594047387142631 0.16017241456239 -0.424392095228578
-0.0305424757573138 -0.0118204996085855 -0.430564798253973 -0.719688953397516
-0.00899250652494887 0.00977553858311495 -0.904838427163286 -0.0228047193699455
0.00925632195510084 0.0240661908145947 -0.305750823136252 0.662443532695107
-0.00890938202335772 0.0132516658025052 0.284028088325669 0.433072741123835
-0.0084132551589775 -0.00697558763288475 0.343025127310139 0.0223666432516999
0.00338763007682323 -0.0071654933811667 0.117181881795908 -0.21082235379559
-0.017685392567979 0.00186274907904717 -0.0794738193721628 0.149809441161764
-0.0129663262510925 0.00231013478629667 -0.254283006932924 -0.0114180644660927
-0.024581682492562 -0.0013988921536375 -0.31476381335924 -0.310653134559083
-0.00879466415385431 -0.00697736265109499 0.114066705260954 -0.593526452256065
-0.0175382875983235 -0.00223905984389407 0.740191164316444 -0.216924885576812
-0.021817125843636 -0.022196520214795 0.599973170981222 0.504634372346216
-0.0116182570798811 -0.0495053176615298 -3.13393190430436E-05 0.555452185465098
0.00751476957571401 -0.0659535761897314 0.0306737035378967 0.0702536697194678
-0.0110006079431292 -0.0645778305506653 0.126500229875998 -0.455407596060888
-0.0347792760070946 -0.0078475527135261 -0.511354743671038 -0.666856336783072
-0.0119378586870417 0.0132169819113401 -0.884078675423633 0.089355632850115
0.00965574655999863 0.0236803977044732 -0.210324174920909 0.690519342497147
-0.00535811260126042 0.0108642878144563 0.327410884502445 0.400797889252654
-0.00416210540537196 -0.00625670763729995 0.343059776611 -0.00463466065790824
0.00133999304777967 -0.00405551651017366 0.110475476888232 -0.216851988817354
-0.0171204408379155 0.00364529673127357 -0.0836989552730487 0.14320807072437
-0.00895128504087873 0.00435739256761215 -0.253856139622267 -0.0311273398980368
-0.0196135474914769 -0.0040569875124565 -0.280348256502865 -0.343518750498752
-0.0112967605696081 -0.00816837725003589 0.198846729627144 -0.577928511097102
-0.0232940004311564 -0.00147785481181938 0.779184142476242 -0.121176777714657
-0.0208414644074861 -0.0216651329833763 0.538582299307243 0.575312006103356
-0.0061067732082544 -0.0500941612038578 -0.043274748089469 0.544849847477426
0.0114719587636126 -0.0623432104166979 0.0407401513079803 0.0436127227731381
-0.0132674251390725 -0.059093737082712 0.0917943282890807 -0.484428669733943
-0.0361680706121367 0.000755864868739624 -0.585990407951146 -0.604026630661272
-0.0151448759183046 0.0185958495752359 -0.847801969309382 0.206119477454892
0.00825079699215301 0.0208194623666961 -0.109658515600339 0.706077715968346
-0.000499834033368223 0.00910995587176493 0.369419220270854 0.36163714754721
0.00100407903425884 -0.00316940696015276 0.340518809178607 -0.0332823858547897
0.000650166325149862 -0.00189738155040073 0.102787254887018 -0.22332615037963
-0.0153219543625436 0.00705585104475109 -0.0893588103529205 0.138237890258188
-0.00468466909745654 0.00663685863322164 -0.248292997506823 -0.0472419636520979
-0.0148054695349462 -0.00675326290937854 -0.245937524069931 -0.371285655493743
-0.0124316113354669 -0.0115704635803328 0.269450389761969 -0.557558677423847
-0.0240540660503921 -0.0032612912557995 0.802634135540397 -0.028358066226126
-0.0168457612571665 -0.0170792227736372 0.475685683446194 0.633626026190291
-1.25768301177153E-05 -0.0414457221729716 -0.077984674882691 0.529616210223786
0.0113512367849294 -0.0505242310986957 0.0490894076355795 0.0212483620855777
-0.0131950331928444 -0.0460752024856727 0.0570063987951203 -0.505288168794452
-0.0326475257546805 0.0104879586758067 -0.644465554138012 -0.538093861454184
-0.0153198620863317 0.020837657195863 -0.804529006414254 0.297952061295502
0.00848432709186631 0.0186803400517658 -0.0234969000624453 0.706852143347315
0.00577425639201286 0.00825292385061238 0.400435228964179 0.321146862715613
0.00754742800249218 -0.000730917568796667 0.337214173530432 -0.0561961979201204
0.00017382208981934 0.000339854477351622 0.0935662795932103 -0.226067426811678
-0.0137516068812169 0.00932041212307487 -0.0963193910745635 0.135644005161742
0.00116597662720097 0.0100849240701167 -0.244243303435887 -0.0601320925549443
-0.00876758905682771 -0.00687305650142439 -0.218357063851236 -0.391174031525856
-0.0120677244680582 -0.0142692107237847 0.319676532489052 -0.538366652903553
-0.0225147723288827 -0.00401006992661301 0.807343268144723 0.0443770932602445
-0.00952647876240791 -0.0075890713288128 0.428961738354223 0.672517164258618
0.000964028128417536 -0.0245240482378458 -0.0999098963072645 0.516999109180403
0.0085157222781882 -0.032132066184526 0.0556593194074783 0.0043656866537873
-0.0106392595517885 -0.0272853280454676 0.0298095950279429 -0.517919814564763
-0.0260071311341681 0.0189500128569221 -0.682553454023229 -0.487466590408804
-0.0152935926774832 0.0211799868707154 -0.769474958245228 0.364479435166057
0.00853517362180862 0.0164458560981659 0.0340570871965053 0.700373985136237
0.0124688434356534 0.00876990287465358 0.420827240132994 0.288746828905828
0.0148518364729406 0.00135147022500249 0.332408353976581 -0.0725088408712299
0.00154399641869636 0.0008038779494756 0.0854804665382923 -0.229337434665044
-0.0109084455848291 0.0115454559642473 -0.101940727951045 0.134885405934408
0.00533135747930404 0.0149771923811336 -0.241683985551697 -0.0621198704543661
-0.00458978976473513 -0.00360636193329247 -0.202216012314216 -0.401830922157267
-0.0117563131259635 -0.0153158108594762 0.340890652134839 -0.531480907593732
-0.0169012134988702 -0.00351533360162641 0.807632707470847 0.0787322042851813
-0.00151988097179643 0.00534978314757354 0.404436632973443 0.688535269032707
-0.00147693917901812 -0.00252920713282754 -0.107619157884671 0.510482620892671
0.0020669289079986 -0.00754370126699142 0.0622340176188339 -0.00474913369256911
-0.00604824937631424 -0.00584768863196825 0.0164192976063091 -0.524096579399273
-0.014469520441777 0.0267966983472614 -0.698737052368816 -0.460347126985029
-0.0137363901001763 0.0199678858932401 -0.753985383394725 0.394313174613647
0.00818262084170309 0.0140507045651848 0.062274868672066 0.691729557424868
0.0182090761599008 0.00920069142200593 0.432062718488539 0.27240943229399
0.0181985899584987 0.00414788593965627 0.331699037059836 -0.0785880358067034
0.00342310204198844 0.00296128704001033 0.0796119091359039 -0.229961083954946
-0.00766987856300006 0.013370996295832 -0.109115111490173 0.138037110204059
0.00771574173829437 0.0177488890192964 -0.242551799529016 -0.058838990873896
-0.000440400070296633 -0.00039518435306823 -0.203601955658555 -0.405742082525478
-0.0100820749453069 -0.0167382806447375 0.332777766212951 -0.538937430155864
-0.010570026163099 -0.00343013452947529 0.804431024667272 0.0673040057627409
0.00663568746889976 0.0198379124300162 0.413855125022212 0.686791732905969
-0.00652307273031328 0.0222119417815559 -0.0976675394747895 0.513758085852078
-0.00845109322846334 0.0171661520401528 0.0647001844153976 -0.002635876380716
-0.00061087214383857 0.0154973481664284 0.0231522721432345 -0.522046428254092
-0.00247384055240845 0.0320356099010874 -0.694646295954658 -0.462950261126584
-0.0108777930103994 0.0167307139867899 -0.763150181528361 0.391589920346077
0.00901437748474571 0.01152491003012 0.0521748366348925 0.69019950255171
0.0231301975101844 0.0102310879965738 0.42964520689696 0.270401221797924
0.0215947753695842 0.00754984309716041 0.334162424691439 -0.072801938551429
0.00671002141760953 0.00155005888499389 0.0755636395595689 -0.224531445992956
-0.00548655787596123 0.0143863940817887 -0.111739439077849 0.14151706919674
0.0079903292804838 0.0189904481329336 -0.245892999970956 -0.0477479840573892
0.000847957069828798 0.00414274713018036 -0.22383128998806 -0.401753000566652
-0.00799428821994811 -0.016506600247356 0.291533932536337 -0.565235480951628
-0.00285463735904658 -0.00453198901792128 0.793900872968926 0.0149651576400583
0.0157083496006122 0.0291319506905727 0.452808653480694 0.661993047941496
-0.0108494572479259 0.0429726553356166 -0.0775464415820868 0.525155961418725
-0.0173063016517169 0.0392159362943463 0.0632961823930896 0.00922726881256942
0.002148908687409 0.0350618464032984 0.0441918920376679 -0.514491967656047
0.00817334468847272 0.0362770743118089 -0.672227693080616 -0.496180134091568
-0.00490237585602137 0.0126410201460625 -0.792827078438769 0.347430822824603
0.00963121007527195 0.0112720601990372 0.00502043400580992 0.689411337884355
0.0257470906413157 0.0144049003417366 0.418298918917735 0.289902614503303
0.0232555302266256 0.00982168947164756 0.339194133996248 -0.0581039188051659
0.0100417384680131 0.00133641624268228 0.0763823406033787 -0.218896755846518
-0.0147462972026504 0.000847244200331434 -0.0753638433113046 0.158793894206154
-0.015432697305804 0.00258676515317511 -0.254742284814348 0.0119644684138581
-0.0269567466183854 0.00338699902708848 -0.346770686470604 -0.275411428187417
-0.00593507256003787 -0.00627192236109775 0.024375458140502 -0.600789281492816
-0.0122165049145222 -0.00316158702383669 0.685706875567859 -0.316483610082425
-0.017083595235075 -0.0197069463388708 0.652950236739617 0.423818968128987
-0.0170401517741023 -0.0398897277594447 0.0531047856710893 0.563596736928312
-0.00136639043716078 -0.0584104541237184 0.0270285972197527 0.0954794081029344
-0.0102242885369984 -0.058725735571942 0.156633426139772 -0.425813617587235
-0.0296081059917712 -0.0111001492870613 -0.438785512915573 -0.712690887113973
-0.00857591098634671 0.0106875236926261 -0.904006735345675 -0.0107434809688374
0.0104990384020459 0.0247788063678246 -0.294440342006072 0.665095481518634
-0.00817714193400932 0.0134880475416425 0.290895375077903 0.429538046692484
-0.00804962318119389 -0.00714439290350499 0.342611025322393 0.0165040490126005
0.00287176234477878 -0.00786337692505768 0.114098777464112 -0.212894722465389
-0.0162815645446471 0.00283635869121613 -0.0766099725728985 0.151142779393691
-0.012873861551804 0.00395983888980191 -0.254123649807616 -0.00813484577660991
-0.0245931522377956 -0.00042640398175599 -0.319320544818218 -0.306581187734256
-0.00838582799995824 -0.00696276733774536 0.104918556688239 -0.595066653856306
-0.0180766498972366 -0.00215015144769442 0.736886855690567 -0.229833644006
-0.0217895634197468 -0.0223820953316433 0.605100005175663 0.496672048443062
-0.0124306199080439 -0.0486369871808181 0.00731115609472074 0.554884754544549
0.00655929024448629 -0.066247698589958 0.0320153139764782 0.0700087798946467
-0.0114036141004895 -0.063333314443449 0.121351972302646 -0.45727505664642
-0.0350138340543374 -0.00776140608312211 -0.518559723414283 -0.658031372852769
-0.0119168795882346 0.0138757529816252 -0.881941265996444 0.103529568780747
0.010473526096394 0.0233541323455829 -0.198230035080276 0.693716324338544
-0.0051524454337519 0.0103411973689062 0.332859556514302 0.396780452726724
-0.00464402254809072 -0.00590265293417536 0.343503175578726 -0.0114505912277309
0.00198535964018542 -0.00620788062459636 0.108212701024217 -0.21776351585273
-0.0173535464802009 0.0054402069367704 -0.0827903219785399 0.144698739793822
-0.00917302199113142 0.00550822368971106 -0.253463058354866 -0.0276816879777073
-0.0194739982295541 -0.00477616575082068 -0.286044743370435 -0.338910324360623
-0.0113251802780915 -0.00876521003716405 0.188649707220162 -0.580915823120144
-0.0226571907453216 -0.00166294326139356 0.776360372853491 -0.135142329077573
-0.0212304079203683 -0.0221558904298475 0.547806283300382 0.566632691881511
-0.00586665417611853 -0.0491263139504711 -0.035351046172474 0.542986192390106
0.00996504435222453 -0.0633991210121587 0.0408570792943483 0.0441215197930516
-0.0130118235486107 -0.0583356959540513 0.0846458957330603 -0.48434595483104
-0.0360195273466531 0.000816962539752927 -0.593549738552632 -0.593630644201336
-0.0141117891856049 0.0180136501709506 -0.842839601131371 0.21787592372183
0.00984416652336189 0.0201447153261282 -0.098915738614882 0.706152263281751
0.000249230175886061 0.00916670862230626 0.375203836418888 0.356990070714585
0.00135393225764266 -0.00463604397102117 0.339419790124719 -0.0383897339669797
-0.000361566069547838 -0.0020250986245593 0.100095530801919 -0.224731308008559
-0.015538231219924 0.0085835280068152 -0.0878933558394735 0.1389681888873
-0.00407043969822568 0.00709608355974497 -0.249911969624529 -0.0435134040623614
-0.0146283881352198 -0.00528343135975851 -0.251875165382965 -0.366678084749474
-0.0122661526195506 -0.0114774426931248 0.263087444705061 -0.560051108508634
-0.024729995772021 -0.00333387271795955 0.800212799870979 -0.040668316384858
-0.016256150705076 -0.0174311174995775 0.485023390658545 0.626785985824605
-0.000999869221073323 -0.041087509023904 -0.0698201571453872 0.527777473785655
0.0115381718584665 -0.0509742151078375 0.0489542489869509 0.0202632766734044
-0.0136702110269513 -0.0453260067599606 0.0476874124582013 -0.506280777285488
-0.0321462868413005 0.0107134686662863 -0.649935279759585 -0.529003376357361
-0.0149644935248605 0.0205297137790741 -0.799366901291149 0.308880656377095
0.00954011919865066 0.0177418836410366 -0.010914160934632 0.707313174437733
0.00672119484978006 0.00832144444643033 0.40535793480374 0.315057106326905
0.00777468404298531 -0.00138067070756345 0.334743370511125 -0.0608908240799799
0.000198027461463897 0.000333269258386856 0.0895057819711716 -0.228073899926188
-0.0137756955213656 0.0104860195616166 -0.0948629135708283 0.136851688912661
0.000660304084034175 0.0107575034475462 -0.24560095963826 -0.0555425683734116
-0.00883989152330546 -0.00457090679508782 -0.224086634115676 -0.387306509856489
-0.0132321092943463 -0.0131853190176992 0.311261893958819 -0.543904893326721
-0.0220907986317966 -0.00367976380234932 0.808590545362779 0.0308070854571469
-0.00945526761567531 -0.00772904913686281 0.437200156360326 0.663143836537092
0.000469274435706893 -0.0241741062674608 -0.0934489577071442 0.517693527510692
0.00778190177743952 -0.0311833534288366 0.0565081231183588 0.00238356558845513
-0.00976792837723932 -0.0264793333323559 0.0223629635573882 -0.517237239944046
-0.0246006463300347 0.0194044508458994 -0.686689877307974 -0.475895388172985
-0.0148275492320594 0.0227994924630496 -0.762318195378061 0.37625487222878
0.00891043757229015 0.0148622773965881 0.0465996637038839 0.6978583492128
0.0126129548980878 0.00854318828697506 0.4247821346207 0.280776526447587
0.0134087103051313 0.00192233948891319 0.331786089276231 -0.0775540360490578
0.00229133620538337 0.00182652493686726 0.0832474764409221 -0.230631555114281
-0.0103712675496915 0.0122039181359703 -0.102080930306492 0.137036835662981
0.00513809737151512 0.0144134693181989 -0.242625423321733 -0.058420288593072
-0.00415174292890548 -0.00340055919242714 -0.20922257492828 -0.398450149929219
-0.0120804709372507 -0.0154833915302131 0.332451221834555 -0.535713703758237
-0.0165760424800326 -0.00341008718962439 0.80595412744508 0.0655350858544665
-0.000643927583628757 0.00576081578845092 0.412392317750102 0.679816828937409
-0.00186317977918574 -0.00191807207375529 -0.100216520357465 0.510736373629245
0.000719256279712019 -0.00778899628552222 0.0622744048904673 -0.00625271992689071
-0.00535054948928649 -0.00609040092778185 0.0101751744723224 -0.522074847565891
-0.014473092082269 0.0288374849607653 -0.703192540172373 -0.44977480523267
-0.0136874978212779 0.0202192571039215 -0.746444593094251 0.405238286140966
0.0096108086536021 0.0129546177018895 0.0740534398266629 0.688642564220782
0.018334208348756 0.00940260973210286 0.435137680595721 0.265178145852414
0.0183376734168241 0.00408640287146545 0.330037050956392 -0.08393810045234
0.00342189939608288 0.00297805397948671 0.076097506758103 -0.229828602069511
-0.00690253957370209 0.0144767074849992 -0.107903361321988 0.139411934146972
0.00768713242095728 0.0173457264466577 -0.243589479229976 -0.0551404627271627
-0.00044622344206321 -0.000130586779345629 -0.211518146687377 -0.404244484124383
-0.0105330219770854 -0.0158925909659343 0.323290907480548 -0.546165669381981
-0.00980197517198353 -0.0037247798048773 0.803281200813332 0.0557100654792307
0.00662119178001582 0.0189494974018249 0.423667826718193 0.678603109516534
-0.00627244701809443 0.0228708148569372 -0.0922131151156918 0.514510503905529
-0.00652372725244149 0.0168494524645499 0.0645320364970611 -0.00437148660346799
0.000252366912272279 0.0156247853322709 0.0145630303424143 -0.522326187549757
-0.00150898967697068 0.032712229298544 -0.700523238258872 -0.452210260932884
-0.010883805265315 0.0158682411983717 -0.755052524439159 0.403038641037478
0.00883286763839553 0.0116838127650954 0.061854234509004 0.68696638243535
0.0233577628107832 0.0105868845905715 0.433466726576099 0.2640832347454
0.021996661707182 0.00697414370999748 0.3314709227947 -0.0779754881853467
0.00588035083035802 0.00221143421890317 0.0739485597403465 -0.225567971184184
-0.00462952537299175 0.0142731018391791 -0.110360223408265 0.143780827570165
0.00857915260456382 0.018985718155135 -0.247323764644925 -0.0435915714266767
0.000640742532798257 0.00373063574689403 -0.229228052796563 -0.396824473445419
-0.00879041643933074 -0.0157862247197584 0.282753393180477 -0.568507786706053
-0.00293496575078607 -0.00402679901063136 0.793367514445262 0.0029803456314881
0.0159315651795798 0.0288205416944 0.460454422557414 0.653798937759018
-0.0096427488282421 0.0442108441428791 -0.0690015396261692 0.522020659209294
-0.0162974240204005 0.0392493633639662 0.06373969374253 0.00827996734691245
0.00273913303618855 0.0345925032705171 0.0362077389425504 -0.51341852386133
0.0096351030644345 0.0359053112018321 -0.676756282704286 -0.485273620484191
-0.0049632279628411 0.0122816736843733 -0.787092448630165 0.358953996590335
0.00975580773142393 0.0102212414995762 0.0140927727762856 0.686966311904118
0.0253362874846361 0.0139880683734574 0.42160631935518 0.282345070108611
0.0219693120120537 0.00799634871276327 0.337659053415191 -0.0640233553219929
0.00907337727670866 0.000807225212708028 0.073854966953318 -0.219679092526919
-0.0148439364597218 0.00139817929376183 -0.0732465941858756 0.160728258773116
-0.0158554967226789 0.00315230357275919 -0.253955761510805 0.0155581569259843
-0.0253460437610372 0.00306843968157415 -0.351424472601868 -0.266741806273177
-0.00683528668181298 -0.00514566411226835 0.014505122301744 -0.597811014410332
-0.0119752633459625 -0.00232323898908368 0.679084997288776 -0.325432833168135
-0.0167813536721383 -0.0199277393240176 0.654573144540906 0.413468005986211
-0.0172284477888705 -0.0402564794978711 0.0605200672347866 0.557325987419917
-0.00157210319979699 -0.058922363705459 0.0263471245199022 0.0939109406508824
-0.0111291105378715 -0.0588383480725054 0.147836692971575 -0.427228828235331
-0.0292730281232857 -0.0114881578953194 -0.447620296050645 -0.702234311325062
-0.00899200428735663 0.0107463450181274 -0.89954278339333 0.00303206576285697
0.0110093806517511 0.0238732692139759 -0.283174422427036 0.666905054817359
-0.0080797197007741 0.013669309348704 0.29497184857308 0.422682697672101
-0.00816097642937101 -0.00830132782609629 0.341815875733001 0.0116514521055566
0.00211810637787591 -0.00851539226478147 0.110904465565702 -0.214283034309564
-0.0161618059921925 0.00276650789226572 -0.075738557905027 0.151574382691256
-0.0130348403888316 0.00338635544284319 -0.254895075044918 -0.0035791463860479
-0.0239742994861866 -0.00131748670449306 -0.324044810873449 -0.299945247840599
-0.00858057886925829 -0.00542276457409363 0.0962836834879535 -0.594425579792959
-0.0184640201560611 -0.000732310959652432 0.73009359489506 -0.239331871251683
-0.0212277087059738 -0.0224758481538574 0.609442983774737 0.485602736578209
-0.0131549747747644 -0.0488556119243329 0.0162676983175214 0.551010382498622
0.00540569912680283 -0.06591952258159 0.0333895408311481 0.0687066931611256
-0.0122097023674147 -0.0631473226635745 0.115815681579791 -0.455230435880549
-0.0342717556143267 -0.00612358751618235 -0.524629933537955 -0.645976636405542
-0.0123967103358474 0.0142275876630709 -0.875348340368036 0.115615235075071
0.0101452005526313 0.0223845265769399 -0.187989915573874 0.692690241051613
-0.00472336630895267 0.0107426474879486 0.33767351241447 0.389454138071607
-0.00344077784323584 -0.0054627299434969 0.341106316456737 -0.0163416936800186
0.00116618486843045 -0.00512510639609472 0.104953830917207 -0.22000687740745
-0.017027973887397 0.00558610533719874 -0.0814362690938538 0.146179183187185
-0.00935629424364031 0.004668137187001 -0.25370651285982 -0.0236045617635437
-0.0197336557904721 -0.00345606090003851 -0.29004981663847 -0.333279770695831
-0.011374970922034 -0.00707008920733043 0.179367201001406 -0.581378017224947
-0.0227843806697075 -0.00145479868991642 0.771878783003629 -0.144259731200272
-0.0208311225460418 -0.021255593199306 0.551167713544945 0.556775474039553
-0.00743204947334445 -0.0497325990639982 -0.0277450596167963 0.541620095009689
0.00990160515552035 -0.0627767603076992 0.0409041563484655 0.0425661651519679
-0.0147515825536613 -0.0593587697459602 0.0774831758809989 -0.481848162883673
-0.0345484655551831 0.00114826010593929 -0.59772820675263 -0.581018945600389
-0.0144027353483641 0.0191473881661405 -0.835082850555801 0.23024054991189
0.00982353289822075 0.0202118818831185 -0.0869998250471327 0.706401863439671
0.00103338879100616 0.00902604565775 0.378107583061654 0.34808496533151
0.00165879983072708 -0.00427915363219059 0.337619435168048 -0.043204458230425
0.000429481700406134 -0.00283807683932514 0.0964751664834153 -0.22494606799377
-0.0150231930918383 0.00817469552736033 -0.0865579076829677 0.140060879869124
-0.00351182418742459 0.00825056315673426 -0.249303383094048 -0.0403916737329316
-0.0138497176579174 -0.00522941816486916 -0.256366750483023 -0.361350588917527
-0.0128287146562686 -0.00973939388920114 0.251556632468431 -0.56308924347868
-0.0248176907927555 -0.00274542582819498 0.797119261385531 -0.0506166323415891
-0.0159078884499061 -0.0169879961770315 0.491567457748636 0.615548814391041
-0.00155781940111233 -0.0405073960057534 -0.0639924752062783 0.526351266005368
0.0107334943730138 -0.0519307425665837 0.0498260950396859 0.0190592004363959
-0.013851246743579 -0.0454994224370719 0.0422533058536153 -0.503606456222414
-0.0320924224241478 0.0117592972609884 -0.653543602227794 -0.516939703196437
-0.015089938045554 0.0206245569125475 -0.790864734414271 0.321811965941777
0.010433598914964 0.0177125434481649 -0.00140191367523606 0.702846633865583
0.00659128665219847 0.00845282471006453 0.406787867531342 0.307447011980065
0.00682132616751531 -0.00119259292306511 0.33429336966204 -0.0657733691340018
0.000486889628977998 -0.000185379501273104 0.0877485052952736 -0.229616448774745
-0.0132908433985192 0.0101499989943996 -0.0938370085724765 0.138745018982853
0.000801008328630047 0.0108520379700961 -0.244664948222666 -0.0505523892698101
-0.00768267975418146 -0.00579204422383163 -0.230131503329452 -0.3813451213145
-0.0126783294551554 -0.0124578288397921 0.30241062430015 -0.544882209550183
-0.0215278868086486 -0.0035848177947645 0.805841797724844 0.0173019482258868
-0.00920536312879311 -0.00716113358398411 0.443623783338366 0.653708384952236
-0.000651111018173795 -0.0255734169049601 -0.0857447979435191 0.514081221031364
0.00692060352665397 -0.0327705193058257 0.0557458191576927 0.00155978775131357
-0.0107460318776727 -0.0264657065117545 0.0159820342992251 -0.51604249111801
-0.0242951769436027 0.0206887713892543 -0.689809400757053 -0.464122639385023
-0.0144501434789 0.0212815930732264 -0.754461691023354 0.386301081648538
0.0105992044224294 0.0149574196714217 0.0564004063019636 0.69372895408052
0.0136377471132948 0.00780136663827031 0.42776298626304 0.273817391684199
0.0137941546784255 0.000891216471215242 0.329303293699008 -0.0818384126941505
0.00172161631763685 0.00153704616306924 0.0792855669078232 -0.231162273776537
-0.0108175806338931 0.0123217912858923 -0.101042874573312 0.138584612618279
0.00530712779763791 0.0144724128895665 -0.243590641523431 -0.0549421657990642
-0.00372609393899988 -0.00297118610022478 -0.215493226248328 -0.39477232981546
-0.0123740301304732 -0.014533484501543 0.324094309801093 -0.538925843776552
-0.0168852229373517 -0.00276978922497993 0.80539061130616 0.0516432259456824
-0.000874633879500366 0.00546834681641365 0.420636220948785 0.672214555729506
-0.00162832226638806 -0.00277967112338062 -0.0932814201867661 0.508963117680533
0.00161958858130512 -0.0084961447464546 0.0614552720104454 -0.00682147606445381
-0.00542747859547293 -0.0059918220775599 0.00419222907933208 -0.520594371012401
-0.0137407302900774 0.0274888958530947 -0.705615004224188 -0.437028635474344
-0.0131593565547607 0.0205148012778983 -0.738248432201807 0.414535161046451
0.0104676455514511 0.0126890940797727 0.0841845867642555 0.685211542359801
0.0188433535682757 0.00887889544087574 0.437465252469529 0.257334666687677
0.0192219253166759 0.00460738059698919 0.327111905089489 -0.0888480708015911
0.00303459895670783 0.00161196389935899 0.074285765813486 -0.22985004281703
-0.00757747172624935 0.0138037010024616 -0.106307286141847 0.140627585161919
0.00876620813088132 0.0174728359275049 -0.243783444058104 -0.051816299795312
-0.000414222093421983 0.000200301582256036 -0.21657570783519 -0.398729075601996
-0.0108041233791137 -0.0161896153892965 0.315148514723587 -0.547000660062205
-0.0106834789240462 -0.0035083943370508 0.800132367615965 0.0442516660080804
0.00683986881084767 0.0179353599567069 0.430611598296056 0.669731655617952
-0.00602417358348364 0.0214610350284417 -0.0846569698631283 0.512763644128708
-0.00642562582214712 0.017488316409732 0.0641200847465059 -0.00566562554451041
0.00066012503279262 0.0161630183227204 0.00782162150710375 -0.519522573227325
-0.00111744489945839 0.0315767932885113 -0.703241945757913 -0.439982309162498
-0.00931324355903717 0.0161810280351867 -0.746454042730018 0.411634215611558
0.00944114334267165 0.0102301633326358 0.0727353683479505 0.682909445397311
0.0231506391378833 0.0102290730605019 0.437026557322859 0.256261814568274
0.0222225794235092 0.00700901657618821 0.329304304153516 -0.083461199250592
0.00629339591472019 0.00214396760733391 0.0695405731757883 -0.226989152504208
-0.00529729315079405 0.0145392657271638 -0.109754205079631 0.145773573687439
0.00876170265697736 0.0186324708806262 -0.246301417477026 -0.0396955745181385
0.00102672709501467 0.00411003050156509 -0.235298115118356 -0.390788334344393
-0.00830605246343564 -0.0159727974820033 0.273122625494873 -0.56996738179111
-0.00317566639094511 -0.00389895473188787 0.793323552138293 -0.0086686483410745
0.0161109927467028 0.0277602591263269 0.468472770940881 0.64268561245941
-0.0083503828399304 0.0432862456642514 -0.0597767727494438 0.520688721417377
-0.0152321866273989 0.0383144559561175 0.0633394403633266 0.00700684742219312
0.00313579452779803 0.0337831230967878 0.0314934230910954 -0.510804951941636
0.0106003918900603 0.0361601118180757 -0.681203226520157 -0.474198233648326
-0.00435263673745126 0.0126765899215122 -0.779648605512153 0.369055198388764
0.0108732725075479 0.00936296098103673 0.0237549581157144 0.682979105576906
0.0262622605620503 0.0133161787171885 0.424328395707761 0.275523558180209
0.0231212321085667 0.00900177674186017 0.335483612663685 -0.0693649171350867
0.00911786656257485 -5.34494768616306E-06 0.0702972473434672 -0.220298413257426
-0.0160951602215246 0.00231926630740812 -0.0713150753554298 0.16003307059905
-0.0151508476610189 0.00395826271624649 -0.254034931687389 0.017908028164595
-0.0252667558330665 0.00401426524445276 -0.353415331064107 -0.2620354565492
-0.00653515397714844 -0.00527505372789989 0.00821629345046037 -0.59687516394639
-0.0118272451925152 -0.00158313179745481 0.671126222356651 -0.332916966458452
-0.0175819779267999 -0.0201749128239715 0.655718419335596 0.401372239119356
-0.0180107602526413 -0.0394137980580702 0.0656590236212512 0.555355201772769
-0.00204743986936311 -0.0583299311949708 0.0288263514854745 0.0937524621643005
-0.0121025211570938 -0.0582847678444674 0.14391881476627 -0.425955755897972
-0.0282903306904456 -0.0106680107154079 -0.451119467207421 -0.693731525992495
-0.00945434490587432 0.0099443968015067 -0.895886688280046 0.0141425044544705
0.0113759113909349 0.0238942070360515 -0.273811309941068 0.667267168895517
-0.0066461332449791 0.0133447532765194 0.298914182685758 0.415740188615753
-0.00765674391407348 -0.00784883133868507 0.340399156185719 0.00793589754230945
0.00130003893251233 -0.00822624104241538 0.109733275040991 -0.21468503195266
-0.0168874147924853 0.0036926343806498 -0.0744270354943361 0.153149115887131
-0.0132540072027646 0.0045120148278983 -0.255495863065661 -0.00137904483194611
-0.023290844678895 -0.000552717529296878 -0.326350211299079 -0.294504620791874
-0.0088551003672715 -0.00519456263149164 0.0873005899853312 -0.591964412408224
-0.0183008791194947 -0.00028122885191223 0.723325315197691 -0.247095542081476
-0.0210791780532458 -0.0220547776838024 0.611619036168724 0.476355943112675
-0.0142083156839034 -0.0476141691123645 0.0214718256891961 0.548670111583542
0.00532453579601867 -0.0658165584557561 0.032728024896988 0.0690544488757729
-0.012821516166434 -0.0627870267615441 0.108618729021964 -0.455243018327402
-0.0342922691819101 -0.00717443608960212 -0.52770070937169 -0.63528025916983
-0.012360322825891 0.0144375738822029 -0.868244256723691 0.127029865778419
0.0105787580668396 0.0217011717811892 -0.17731065371131 0.692188449742908
-0.00362822743405103 0.0107395292475529 0.342039863911463 0.382036674363897
-0.00340053438981641 -0.00696243009093288 0.339200652311576 -0.0210594030047865
0.000202308304995155 -0.00508494965229723 0.100762198344016 -0.219516087178051
-0.0164997976390142 0.00678248490957787 -0.0796447419307322 0.146414825092016
-0.0091467790627646 0.00591304478061036 -0.253143981546629 -0.0206091063693552
-0.0188381630354796 -0.00339834951039586 -0.293976735626461 -0.326415611799721
-0.0105537226557135 -0.00810853106610212 0.169833475474059 -0.58090198842144
-0.0229842697224131 -0.000580978938936296 0.764639667009782 -0.155036943894552
-0.0214644755520009 -0.0214112027352652 0.555881812194197 0.545286467965064
-0.00859922098806934 -0.0487783102052581 -0.0207789129522959 0.537572436267952
0.00988063865636224 -0.0626929177095792 0.0409441412137372 0.0417293167746326
-0.015041197350601 -0.058383548509238 0.0732172054622098 -0.481823370266072
-0.0353674327599015 0.0015198532807851 -0.600211300675667 -0.570617383337478
-0.0134191917129528 0.0184469741292591 -0.828377084189459 0.238944741175798
0.010861503533676 0.0197317447516259 -0.0786739385043591 0.700874671765088
0.00106890350026439 0.00909627989883451 0.380690735974239 0.340942838328575
0.00169685023631686 -0.00471180436754329 0.33503437623539 -0.04849459060076
0.000429612782031965 -0.0026957660831815 0.0939575675018253 -0.225333573713948
-0.0150119546200335 0.00934221209867749 -0.0853072684572388 0.140264322188148
-0.00410712907037119 0.00826557141842814 -0.249420195591655 -0.036799769494248
-0.0139757569091652 -0.00540712877751887 -0.261044577006292 -0.355656743449868
-0.0115941324062763 -0.0108433231450411 0.240204112198637 -0.563176360126359
-0.0240534297160614 -0.00228219895763413 0.790736653027396 -0.0622081529241343
-0.0161688510122105 -0.017049139423463 0.49447420117199 0.604684233529772
-0.003011842764302 -0.0412045393203652 -0.0563628115922555 0.524243896326013
0.00938561030683352 -0.0514117100419377 0.0482750310276677 0.018965805647953
-0.0141992922138503 -0.0448741871054003 0.0372504470957171 -0.500779318224462
-0.0322492176593118 0.0114880357279465 -0.65669206262054 -0.504230209070962
-0.0143229903544412 0.0209867367762724 -0.782519161500188 0.330320821144082
0.0105429325248891 0.0175609840724021 0.00769771904629271 0.699285814438914
0.00774582891293168 0.0080235208713189 0.409308029443404 0.299816525815069
0.00694239699090183 -0.00225854694600907 0.330950593740366 -0.0705680850512517
0.000683894298277551 -1.47137242358965E-05 0.0847629692029223 -0.230392803923494
-0.0132809407187877 0.010993204289947 -0.092205264292848 0.138376726298335
0.000567364588414965 0.0113882614067294 -0.245137828296841 -0.0476782096169721
-0.00869142701858128 -0.00427002821137481 -0.234974771308221 -0.376053265924942
-0.0135756379450948 -0.0123439171267117 0.293858129795662 -0.547388780296709
-0.0225187063747816 -0.0024989639470688 0.800318421182602 0.00644628229695533
-0.00903822459874989 -0.00754732870527763 0.448693489507826 0.643667703809346
-0.000754368394785566 -0.0247368665608209 -0.0775474245463935 0.511144734546584
0.00702398008877425 -0.0321980698610291 0.0565107443120716 0.00144789270444816
-0.010570929346753 -0.028123927444949 0.0106062769000641 -0.511617199984007
-0.0237416214269496 0.0201137243487989 -0.690217548158198 -0.452392079486866
-0.0138156702227828 0.0220852127366347 -0.746589185187435 0.394503180636495
0.00966671661788769 0.0154508572549637 0.0650570459934132 0.691214072671741
0.0133474565323195 0.0074190245856093 0.42947694222484 0.266678695362076
0.0143577911327569 0.00161100756738195 0.326900443665368 -0.0864258283576523
-7.3602781205607E-05 0.000610466411356867 0.0759642142050521 -0.23152214031985
-0.00966923930218496 0.0120651698211084 -0.0995449345074677 0.139282631255504
0.00516976425340878 0.013808055446592 -0.242822890910996 -0.0510219439906696
-0.00239972840578643 -0.00181360365670648 -0.219039757006123 -0.389758935541529
-0.0119152440676976 -0.0135121970133225 0.315153301859965 -0.53984851685015
-0.0173431985951309 -0.00253052188158007 0.800185945273795 0.0418774293379984
-0.000550830623791894 0.00470399844950751 0.426641818061536 0.661927511270427
-0.00141321317311025 -0.00226490332983068 -0.0858589934365696 0.50583558542293
0.00179090139278919 -0.00779050932237459 0.0610581994355595 -0.00810804151816749
-0.00561516552556503 -0.00577297005643513 -0.00213560688049015 -0.515864041254585
-0.0126808297808911 0.0282714969474214 -0.70600157746725 -0.424254826030873
-0.0124680508616862 0.0201653431835009 -0.728180217246479 0.421324122445887
0.00917564245682914 0.0118223484237109 0.090746402892934 0.678870998148252
0.0191836229781325 0.00810582138232491 0.439938590405413 0.249265859219246
0.0186851375423601 0.00346063046092774 0.325591607022556 -0.0924394256261606
0.00319826691828907 0.00169026977058965 0.070534589099558 -0.22921523367129
-0.00695104070108048 0.0147020397712839 -0.105669711238785 0.140347500254815
0.00745386389932676 0.017016413033007 -0.243357114190319 -0.0485121118401448
0.00070527044346373 -2.77467333091126E-05 -0.220048158240977 -0.393272052816042
-0.0107537304479555 -0.0148439041985011 0.306321712629547 -0.548125731586928
-0.010837876226483 -0.00234425778887786 0.796576198246706 0.0342719196727653
0.00813622125143635 0.0181056360589533 0.433431869891063 0.659868234914123
-0.00552477619022651 0.0210359766717937 -0.0760742529927877 0.509811717984888
-0.00789386421252933 0.0161799976783055 0.0636033014505415 -0.00557738718899246
0.000290841221527839 0.014268389364372 0.00317168524705177 -0.51617119751382
-0.000127102401502817 0.0320269061388605 -0.703344669548322 -0.427290156788725
-0.00886911281673932 0.0158080244711026 -0.736303883105127 0.420660154363952
0.00955734261620148 0.0106834483222866 0.081613307685901 0.677851714132454
0.0242699193423351 0.00963776682779709 0.437962467809618 0.248368428248522
0.0224009191369884 0.00606300090364201 0.32612783372078 -0.0872521193121702
0.00464834697424675 0.00164269634053632 0.0674106463697959 -0.226162674291739
-0.00385613513559281 0.0160992896956192 -0.108179871600957 0.144859208685041
0.00856223913252767 0.0192209165243784 -0.246309654251704 -0.0375764628669871
0.0020556995492199 0.00390851471388393 -0.240157606372016 -0.386832740580732
-0.00845170475000967 -0.0155474977138867 0.264184352924239 -0.570253728285488
-0.00321993377076556 -0.00319742921815401 0.785523955444123 -0.0181591159270319
0.0167706835466518 0.0268917174550621 0.472042752632601 0.633565379907718
-0.00866189776220386 0.0426058001803017 -0.0546237872160527 0.516868322348156
-0.0158839232033309 0.0388702538079709 0.0637562687807834 0.00677614214270139
0.00327959633857283 0.0341080706917559 0.0249294412646045 -0.507415695953467
0.0105096762792013 0.0354801239081374 -0.68202041064624 -0.463566044126716
-0.00422892305331591 0.0129109401770291 -0.770068407138406 0.376728156050458
0.0101737033875532 0.00854088103513558 0.0334140107527303 0.680549994116454
0.0273039850675884 0.0133384422412431 0.425249244537568 0.267238722330602
0.0224876119658521 0.00828197119832385 0.333656521143003 -0.0728857980779463
0.00789204126357062 0.000318504247770871 0.0686385584334188 -0.220911924783463
-0.0153554223823675 0.00262980934875838 -0.0701383361998766 0.160226799773579
-0.0145852238928173 0.00378567602066695 -0.252051403245395 0.0220602874136868
-0.0242277259970931 0.00384617042567086 -0.354339569883218 -0.255587913319849
-0.00624351217014208 -0.00470311306429842 -0.00164222330950076 -0.591272861591676
-0.0117394112302109 -0.0017514647596445 0.660243747425927 -0.335783037459862
-0.0173720535828238 -0.0194540455929436 0.655190760909496 0.389304446924211
-0.0180644760359944 -0.0389923241272172 0.0722948488175296 0.548434393582189
-0.00328405552121546 -0.0575098560916615 0.0275644736041213 0.0913729705094676
-0.0124766452627535 -0.058904456469044 0.138222424278375 -0.422064655702692
-0.0279524928964645 -0.0104847479049064 -0.453648832653455 -0.68086383205639
-0.00780600586624797 0.0102064963729152 -0.886902826281572 0.0267154638352032
0.0108740605479889 0.0234552598354626 -0.261756533935845 0.665368253367007
-0.0065904914879577 0.0136963734601451 0.302254395454538 0.409693365696222
-0.00770079344279506 -0.00861347919245657 0.337264903051614 0.00150886705265173
0.0011483803127768 -0.00852478551941746 0.10528227574274 -0.215065518602034
-0.0165894254918906 0.00448155336828695 -0.0722895400625094 0.152044888889278
-0.0139091187277537 0.0045632265242781 -0.251584891642906 0.0027138185171412
-0.0229369195903375 0.000263134440560163 -0.327110823972035 -0.287222917290477
-0.00900291370001807 -0.00576224797078871 0.0793056004897193 -0.588671757225956
-0.018515284643087 0.000119460528386421 0.714310694798254 -0.256227185084224
-0.021666265328138 -0.0218638169536478 0.61243649938958 0.463130192369686
-0.013788310213036 -0.0482985982143526 0.0272876407519568 0.542393497070319
0.0036435310315447 -0.0650431856439533 0.0342600212125906 0.0674657209709365
-0.0137383848611351 -0.0629686075032064 0.102748998193839 -0.450315986661884
-0.0337945827617065 -0.00719245032071949 -0.530212384017328 -0.623449139496046
-0.0109436923214982 0.0137413974798436 -0.858113264174475 0.137252974996787
0.0112062426483572 0.0213601590525347 -0.168297495099437 0.685573554523112
-0.00369372834807988 0.0103472405688009 0.342337810126612 0.375128658474886
-0.00459656842236973 -0.00680033157683824 0.335691197450724 -0.0248022578427839
-2.41192631671543E-05 -0.00590157439907541 0.0991560530182221 -0.220430302652467
-0.016783934515694 0.00600520710865578 -0.0772371017970039 0.14690243676865
-0.00855630566567553 0.00589535524969401 -0.252240102953089 -0.0171748297394306
-0.0188992511044689 -0.00271147449596372 -0.296928015219935 -0.320103882062126
-0.0119193344192756 -0.00656163153563189 0.161189899167463 -0.577429270985612
-0.0233670606160558 -0.000942721120270256 0.756074475514017 -0.161838313366167
-0.0212550156956927 -0.0218950018160362 0.556950604236084 0.533861345026216
-0.00823417817806801 -0.0487374437932969 -0.01439941374136 0.531019046452203
0.00857607279821009 -0.0621002034674978 0.0414659029844067 0.0411945065308948
-0.0157683215248635 -0.0580686325897445 0.0668721925941686 -0.476909896131082
-0.0339242309315629 0.00170518916198057 -0.601130350917128 -0.557565759104268
-0.0134976106457645 0.0186280550786723 -0.817764133398282 0.247541744770843
0.0110577392093203 0.0192871900596438 -0.0682892289190134 0.697116667883962
0.00155291992989702 0.00821102186061441 0.381442489445996 0.331448790176263
0.00185831435484221 -0.00463028660934819 0.332572271502741 -0.0520991514108273
-0.00101767478698814 -0.00235211713554898 0.0909705261783254 -0.224960081547145
-0.0159727248577908 0.00966715088419857 -0.0837148518453006 0.140821571212305
-0.00356105492994412 0.00862613929538763 -0.248764192394675 -0.0342536395492412
-0.0121136940866407 -0.00476196440266062 -0.263471058261094 -0.349400662688298
-0.0119223143651249 -0.0094081982531289 0.233956947441104 -0.559397747938176
-0.0238820127561043 -0.00108834722832629 0.783441699359575 -0.0702937208669143
-0.0161679740409344 -0.0170158980445821 0.498182951211004 0.594337837814059
-0.00238294530355602 -0.0412379547317827 -0.0497635326589627 0.518512150708926
0.00922058260928335 -0.0507788148934772 0.0488552099614678 0.0189449281165988
-0.0143553754562561 -0.0451383800418265 0.0320200463365002 -0.495944554977239
-0.0304316590903869 0.0126123017434751 -0.655439681835789 -0.492258193081173
-0.0139190866019983 0.0220161237752025 -0.771157507443449 0.336309879574407
0.0101761354831462 0.0172194175642233 0.018070780676339 0.6918048215104
0.00784320368830892 0.00729023461828401 0.409175045997914 0.291862457099499
0.00681631523307527 -0.00150712531077779 0.327539637401923 -0.0743388463961236
-0.000427318937633869 0.00040462334946597 0.0815215215207873 -0.228948267987682
-0.0131776190783728 0.0131803039798993 -0.0914022706729099 0.139432742859616
0.000812394772881995 0.0116141932706611 -0.245676414468511 -0.0440762323675099
-0.00650236318114874 -0.00532892909717046 -0.236811024666526 -0.371166141450602
-0.0128532262670116 -0.011252141036773 0.283428278143755 -0.544275427875164
-0.0222311805843957 -0.00257937673126845 0.793378781955653 -0.000969438109417875
-0.00830337656880017 -0.00774470107036995 0.455363375330648 0.633745707058263
-0.000628259723980043 -0.0244314863737266 -0.0713401904867921 0.507664829712976
0.00708512554575093 -0.0318795295153079 0.0552464756062722 0.000908274599427194
-0.0108128512064911 -0.0274946978239624 0.00448021330292978 -0.506463807889772
-0.0222526180298375 0.0199983763756388 -0.690636621628431 -0.440186873949211
-0.0132739144846788 0.0221424502826701 -0.732838113047812 0.399359616345807
0.0101267782625562 0.014449934595579 0.0728163425231832 0.681936418360092
0.0138861007455138 0.00741245880507985 0.42992230221673 0.258450773974276
0.0124516044845369 0.000965802675020472 0.322702098988407 -0.0898427055992097
0.000451950140938771 0.00109213108460401 0.0743975374861226 -0.229914636427768
-0.00973175420232407 0.0137128987253572 -0.097518819882579 0.139704607696128
0.00540380448854671 0.0141416200630939 -0.242700601634932 -0.0477048853408687
-0.00327083858397276 -0.0037583819646016 -0.222754121418242 -0.381763626563644
-0.0121093088531394 -0.0140634330538476 0.305277983932475 -0.539103515155025
-0.01698403531265 -0.00302679990497668 0.792792576068671 0.0315455688560243
-0.000649420768221847 0.00439027386605464 0.431198353275432 0.65240576892017
-0.00195245944161261 -0.00265882509718252 -0.0804193383096683 0.501538827517124
0.00163666048933749 -0.00917485886234119 0.0594282330927789 -0.00821881144475849
-0.00558996681442834 -0.00664234518094302 -0.00851998842507295 -0.512512644037008
-0.0109231954257723 0.0273691670455255 -0.704490824637982 -0.412256115617578
-0.0121101107150735 0.0210920124646064 -0.717166269330338 0.426911340762491
0.0101375139664358 0.0126703878789252 0.0994733103532882 0.671307317801999
0.0197959472176149 0.00878552362572073 0.437453772155775 0.241164559142072
0.0186011366577192 0.00398788429195181 0.321526080149621 -0.0958423167466352
0.00309649414471 0.00116818635645115 0.0674386646732389 -0.22895448283869
-0.00663000980590043 0.0149327898237152 -0.10327504252363 0.141427957827502
0.00767678089976605 0.0172098880109159 -0.244380508764257 -0.0436185828984402
0.000689528313274777 -6.57442407824699E-06 -0.223722701754161 -0.388235509702667
-0.0100893233929681 -0.0147973138083589 0.295298910961658 -0.547951869182073
-0.01109919841347 -0.00321443539681591 0.790842947144549 0.0233727558974527
0.00880014969323209 0.017204281372403 0.437205893575379 0.646708673198856
-0.00560194475048683 0.0212190555731852 -0.0684542675338838 0.503983200792333
-0.0063343915114795 0.016367034396793 0.0629894344209341 -0.00656509311669158
0.00144974531033634 0.0142981880598601 -0.00353862839713202 -0.511177310216848
0.000526059422147948 0.0317450471927163 -0.702215152902654 -0.414825632390739
-0.00905339000061425 0.0165787114717243 -0.724287526865595 0.426045401697228
0.0107507252758885 0.00968996401479896 0.0889094762454143 0.66970828214105
0.0239249670205216 0.00961275127150609 0.436244773920698 0.24034385255086
0.0219225081212617 0.00583000216689263 0.323252694788788 -0.0911118736947145
0.00463142462868674 0.00113356257943511 0.0629810403849086 -0.224871161979746
-0.00401795741638933 0.0150189906800054 -0.106547347885891 0.147434808541646
0.00816743353103284 0.0188366315654115 -0.244755066062445 -0.0335692484000625
0.00229462704449004 0.00374222423454095 -0.242942181913495 -0.379995709681736
-0.00822671133014396 -0.0150874421594113 0.254691205971854 -0.569211209499372
-0.00423535984732401 -0.00377537535049559 0.778292605653227 -0.0277682958508322
0.0186833540369302 0.0260846880386217 0.473220754128152 0.621139107719679
-0.00934987555450413 0.0431960838545255 -0.0469386590063628 0.511903010539237
-0.0151515880814731 0.0379951456775999 0.0620985753735749 0.0051375355675257
0.00396894139599588 0.032759270349443 0.0185540969019696 -0.505272798296305
0.0113243764803153 0.0346770236655316 -0.679770007517746 -0.449458221699446
-0.00462058957698149 0.0119815207308046 -0.758820655101589 0.383905021035467
0.0118566432721376 0.00878201147370166 0.0402856077653478 0.671825567154325
0.0260898786957786 0.0123944101922604 0.426709014248901 0.258963543423896
0.0229650337349173 0.00813532380632444 0.329596774415914 -0.0770026448381755
0.00824300772087591 0.000614874014227917 0.066385245346726 -0.220760050106574
-0.0150456783342444 0.00280626812173405 -0.0690958994707241 0.159783149249081
-0.014807011818546 0.00462753435932236 -0.250137080825296 0.024257966284957
-0.0239614466764775 0.00420660366813634 -0.35393622050848 -0.248434428482754
-0.00629434175652736 -0.00417403554421703 -0.00674420817141752 -0.585829785804302
-0.0123591209176221 -0.00112106099064643 0.650935712592635 -0.342290122671826
-0.0169799410757261 -0.0194507086680478 0.652922053733887 0.380667696469577
-0.0188955890412799 -0.0379370674709647 0.0746962165600411 0.542083905544704
-0.00318176380429778 -0.0568105633890474 0.0280855903129487 0.0903956422445726
-0.0127195094624212 -0.0584328591215342 0.133788626484668 -0.419682469504537
-0.0279638125110165 -0.00974562168328336 -0.455335476402116 -0.669497772887194
-0.00870577500791415 0.0104838842914516 -0.877429139689579 0.0328092373034353
0.0117426755241204 0.0225430908491548 -0.254797582923082 0.659702733615119
-0.00561076495475156 0.0129120670533109 0.302012201133371 0.40074433659018
-0.00724719267241892 -0.00812983665820535 0.334324211913219 -0.000883084760139152
0.000876607263071051 -0.00895214610820698 0.103003933550042 -0.214161984506979
-0.0159581455162544 0.00494273646468382 -0.0707649193977675 0.152694006466034
-0.0124243916855956 0.00459697087407294 -0.251541083842246 0.00445561703303353
-0.0217540712747606 0.000320202680142182 -0.327941015818158 -0.280742301385962
-0.00914550665472299 -0.00456451447318808 0.0729162616145124 -0.583955543188615
-0.0187767887951335 -0.00028796173980518 0.705136520954533 -0.259595439894453
-0.0216688414606145 -0.021864020614151 0.610526681583 0.451323791062002
-0.015255226567709 -0.047371715565597 0.0322283954344527 0.534735091635959
0.0035892224655344 -0.0651710865943257 0.0330710268558277 0.0659763104144408
-0.0144067631443605 -0.0622756630128881 0.0980033031121111 -0.447201851561043
-0.0324139831433154 -0.0064359234642013 -0.532580331849754 -0.611135145903263
-0.010461088117177 0.0144349902329103 -0.849890123737948 0.143558262889217
0.0109502439198357 0.0215176719004934 -0.160215640344179 0.680115271984852
-0.00351110718029439 0.0116627501696503 0.342912094045712 0.366688481758116
-0.00504818029366698 -0.00649306584408474 0.33230518329546 -0.0290858501172863
-0.000786881759506418 -0.00643845060335763 0.0961602093886348 -0.220028430577224
-0.0160561650112639 0.00841199361322593 -0.0767174452132272 0.145738647497436
-0.00808452421345575 0.00586466453001264 -0.25014579574202 -0.0153094309201642
-0.0172972946498586 -0.00283632102745994 -0.295323549911294 -0.314332335120097
-0.010677739896286 -0.00681578498619325 0.153815752379425 -0.573680219186135
-0.0232163327637877 -0.000321701177425115 0.748140270148599 -0.16849984195924
-0.0206127834995282 -0.0209911029976118 0.555250307992314 0.523800171948044
-0.00913771928743855 -0.0481418188432304 -0.0109967467975624 0.525484645221622
0.00751096473413474 -0.0619885977267232 0.0404142369606797 0.0406270005147948
-0.01541793047321 -0.0569550292369149 0.0608633102501795 -0.472586120191016
-0.0334150416455081 0.00290946015738583 -0.598903601617751 -0.546423880662495
-0.0131630168763978 0.0186011279030827 -0.807182219856842 0.254681094265885
0.0113038595188588 0.0198993156681305 -0.0617499563662409 0.688933082862678
0.00143863902376813 0.00828369475271767 0.381404909901921 0.32374778690251
0.00152998299203042 -0.00430541308094523 0.328474634275976 -0.0556629828102889
-0.000836248740368114 -0.00297705216831225 0.0880469455634766 -0.224490915905299
-0.014419038162328 0.00986709469384905 -0.082827283305719 0.14083734664306
-0.00393819293019456 0.00852352314220773 -0.246957506446763 -0.0311845892818469
-0.0123802538403403 -0.00472367090567555 -0.265339698647174 -0.342810126627447
-0.0125132106471905 -0.0089219737009372 0.225836451205121 -0.558087125162093
-0.0237778576230156 -0.000711177703404745 0.77309624805443 -0.080032937506419
-0.0158192977108267 -0.0172412347425215 0.497847612865967 0.582215583038228
-0.00454350748483649 -0.0408586539329959 -0.0452230074940054 0.513281868382347
0.00875379944262657 -0.0501617876480862 0.0479838540518747 0.0177843197894518
-0.0143285897747943 -0.0446022896918961 0.0276454571691453 -0.491153175504714
-0.0297809436041367 0.0119568650168177 -0.651338464146182 -0.479384015443542
-0.0138923517287428 0.0219050146370185 -0.76135514565777 0.341694357411533
0.0107489644578142 0.0162732957867325 0.0208581244173064 0.683592171949706
0.00784296595663882 0.0076463080868541 0.406849680156421 0.284443322258209
0.00743833565418743 -0.00148777769474485 0.323447573390698 -0.0775921853828597
-0.000591895742830795 -0.000606555662422336 0.0781239163220697 -0.227806026764607
-0.0133271994803122 0.0131866036515379 -0.0891118965006086 0.138083801349408
0.00166354855676701 0.0108009690637246 -0.244371127893274 -0.0414121076347013
-0.00684281307883769 -0.00492752003885416 -0.238429672192255 -0.364319342443474
-0.0125426661735328 -0.0115164713673807 0.275632499925839 -0.54255423146026
-0.0217896605452371 -0.0022967239131605 0.786289110620434 -0.0104166101663488
-0.00859170586228688 -0.00778142770621308 0.454499986446173 0.622112821818678
-0.00139612981354038 -0.0240483765773233 -0.0670422165319705 0.501510992961626
0.00579894967095351 -0.0320454427391501 0.0539814576017217 -0.000280999159850478
-0.0115308216955196 -0.026972501849298 0.00148875132490405 -0.501678804849582
-0.0212151210987242 0.0217218840561353 -0.686320776831282 -0.428712149094748
-0.0132705919312056 0.0224433970233536 -0.722934572127929 0.404293597342616
0.0104049753973911 0.0136871182258786 0.0791356262276345 0.673556700247028
0.0136896489717056 0.00738719965882456 0.425732712052778 0.252066775737132
0.0132571515913869 0.000896978821879092 0.318508918379767 -0.0935106787451527
-0.000171896747045264 0.00154990728883279 0.0713484889692551 -0.229394426881069
-0.00938556994376032 0.014081136880385 -0.095981509273249 0.139686865035677
0.00576044313384253 0.0146398567711541 -0.242679439629617 -0.0452140900376979
-0.00153797241229252 -0.00347583617137195 -0.226857740337138 -0.375237192920588
-0.0119479964629791 -0.0127038924344594 0.296710762517807 -0.537409568859011
-0.0171390556817863 -0.00165147481478128 0.785619605474966 0.0244302113713459
-0.000755099843753566 0.00470316566282777 0.431068472357642 0.640676336938519
-0.00257076302300379 -0.00193757623578742 -0.0742441280321938 0.496949963669879
0.000798111833692627 -0.00892439003580356 0.0590163996820773 -0.00868739726179282
-0.00549135329454081 -0.00616632420847141 -0.0117751108331573 -0.507088795161203
-0.0111086995248206 0.0266046635343706 -0.70073204597654 -0.400885990752448
-0.012497529326292 0.0189845421710431 -0.704699575641596 0.432369133145331
0.00970910539356367 0.0117890463301615 0.104901473659775 0.663499139209881
0.0193356502395931 0.00685816300655636 0.436084693662432 0.235096014670504
0.0176528377047248 0.00349491975059346 0.316225159354799 -0.0992277910440864
0.00302816620501761 0.00193651453696824 0.0656713553646903 -0.227432250753527
-0.00647811146521127 0.0153952472738544 -0.101767739613047 0.14182374493002
0.00794160005644934 0.0164256657965697 -0.241285002478398 -0.0404681264263177
0.00229677857301567 -0.000146225619629141 -0.22666323092896 -0.380421519135076
-0.00990601290226213 -0.0138395478160197 0.286298815798507 -0.547448630428477
-0.00999949491759326 -0.00299089646221295 0.783790775503657 0.0150423650225008
0.00894992246873655 0.0162454576243395 0.438307201347723 0.634444005060258
-0.00501875452153107 0.0218820359157233 -0.0646865162430206 0.499638449809345
-0.00657641344605492 0.017048837004172 0.0622337144129443 -0.00711029740517336
0.000931824031257023 0.0134898713654286 -0.00762970209036069 -0.504808436131774
0.00183739298346654 0.0316705815698035 -0.696257973463459 -0.404590920935277
-0.00863121068297453 0.0171799243771898 -0.712753235112959 0.428912402361926
0.0100587346213482 0.00922437389965169 0.0951876599459518 0.662259276268259
0.0247794507307314 0.00931726635951826 0.435148216220445 0.234035710043472
0.0228854571184326 0.00547758788766343 0.319579071670528 -0.0930938381097627
0.00428360283535144 0.00108089802159496 0.0616828075530933 -0.224754870228471
-0.00302237747263722 0.0150189324823065 -0.103936824409886 0.147431308664673
0.0095165716640063 0.0187424715646103 -0.24374510757484 -0.0303166984825826
0.00314743023555038 0.00365370372864557 -0.244569267172135 -0.372347919924679
-0.0079281522361123 -0.0148598309343335 0.245674117093291 -0.564571042125527
-0.00339974527833438 -0.00288348398180511 0.772872727846178 -0.0361719813836831
0.0174460535758676 0.0254441263584139 0.474627574003397 0.609886499299675
-0.00850156511047606 0.0423629265114455 -0.0428165085526039 0.507149750398708
-0.0142340117669978 0.037887580426426 0.0622287392494148 0.00527537127287025
0.00437441470255188 0.0325775770525197 0.0113315166425201 -0.497775097355031
0.0121650635339697 0.0345579019700107 -0.676970720256403 -0.438661925142284
-0.0044359441783556 0.0126822815479454 -0.746828058151759 0.387503528698863
0.0113412062833426 0.00917856622556935 0.0486952692098595 0.665378882275361
0.0268448135443593 0.0123525376055462 0.424131150669955 0.252420825803644
0.0227516994714238 0.00716850845318986 0.325375527410255 -0.0801283043222519
0.00725057271372863 -0.000419616602582232 0.0635467914801214 -0.218973275688064
-0.0146097035444256 0.003563461769259 -0.0684032983616151 0.158599147557114
-0.0151890068980849 0.00346098601343751 -0.247831057543528 0.0254452311748205
-0.0224556032556232 0.00516415460969834 -0.351235303303256 -0.24232303985391
-0.00666249676894905 -0.00368054808365898 -0.0116101077999006 -0.580004717787387
-0.0118758331417213 -0.00137796390192033 0.639326621981348 -0.344367131565802
-0.0161508220803161 -0.0187449757990308 0.647303063657893 0.369602130997551
-0.0190857568147772 -0.0377642579350898 0.0779039071832418 0.533674384395112
-0.00353615255698752 -0.0571566532573434 0.0284272874917414 0.089272389739105
-0.0127819329400834 -0.0561891385026771 0.129831267711159 -0.414791250566951
-0.0267236195106668 -0.0102294408042034 -0.454251066995087 -0.658574449133313
-0.00786006532301774 0.00996196412255115 -0.868579973821828 0.0411328008600661
0.0108257270193832 0.0228563588364935 -0.246356798183521 0.65431074152275
-0.00601312823059398 0.0132602612021967 0.302239201983513 0.393700055021476
-0.00787126331904172 -0.00827760023247359 0.330584464815828 -0.00398288327326586
0.00143695333672569 -0.00814944786676775 0.100585435437452 -0.212800469343558
-0.0159847206326877 0.0055663328591646 -0.0700884431765506 0.151290158278594
-0.0130581155699763 0.00467663319126434 -0.249521879022157 0.00738007568160899
-0.0207031482254257 0.000943836018049338 -0.327238379167239 -0.27432853986721
-0.00821321878883743 -0.00478921118183675 0.0661032619764213 -0.577086290694796
-0.0190801740863642 0.000580255055004744 0.696299166703572 -0.26272542102119
-0.0210586324914856 -0.0217135438699575 0.606550128473023 0.442691284485845
-0.0150900331824508 -0.0467229359524238 0.0354973184256068 0.528342911195837
0.00374226249489191 -0.0635972320918383 0.033048532747834 0.0656080298369649
-0.0155452675120461 -0.0612471452598957 0.0953932364154124 -0.44206916874639
-0.0320674193168673 -0.00611944538070394 -0.527452992341227 -0.601562966097624
-0.0109339148815202 0.0143302777268227 -0.838695199369536 0.149087089207771
0.0113608278024596 0.0207797981884063 -0.151325048381099 0.673869524334845
-0.00360801349780001 0.0108518881136065 0.34032900486835 0.36050823638044
-0.00441256700990268 -0.00700846228967706 0.329119530406409 -0.0311212668519463
-0.000955290143085332 -0.00636525563458275 0.0937856592007168 -0.217730809664213
-0.0161594925884366 0.00710158516977033 -0.0759307526038219 0.146184577311417
-0.00869708492718543 0.00664402618679052 -0.248891018707754 -0.0129162673683444
-0.0164281953612022 -0.00199689066364504 -0.296258840293863 -0.308046554076487
-0.0107456889862555 -0.00674496059942994 0.147299165739936 -0.568488546408864
-0.0226323400603167 -0.000286069501577266 0.737091474789645 -0.172048765048169
-0.019978150912334 -0.0210703585028297 0.552761667941101 0.510434044234878
-0.00880169010942753 -0.0483341901293272 -0.0066053365737938 0.518330329114629
0.00729863475878064 -0.0604083128353937 0.039947223634523 0.0403239066671431
-0.0150737350142052 -0.0563079535919949 0.0586303038974751 -0.467305264915321
-0.033383709614323 0.00280265868434432 -0.594832251431435 -0.534966233181768
-0.0121484703003926 0.0187332875908832 -0.798255127042109 0.256725378158538
0.0118566646407684 0.0181592133795444 -0.0551218214029802 0.680398670939274
0.00206303497287714 0.0083984397495069 0.379489563798573 0.318477793213097
0.000676302283068151 -0.00426318837907655 0.324214660776812 -0.057582288016163
-0.00122662980974919 -0.00252315206626003 0.0858875288682146 -0.22326416426769
-0.0145367556052103 0.0101204214634972 -0.0819409242625791 0.140321890695609
-0.00380780438648111 0.0082163788794816 -0.244777366058267 -0.0286196254962397
-0.0120114708695975 -0.00461433418431616 -0.26496487958721 -0.338196319165059
-0.0117839123000912 -0.00776911420939023 0.218807441949384 -0.551023039985275
-0.0240292385383539 -0.00226241178310951 0.765149236000608 -0.0832386011512048
-0.0154501909221941 -0.0166334053376915 0.496265602815753 0.572042757690166
-0.00359424795759708 -0.0397481772103982 -0.0406064692424596 0.506040445547357
0.00886176860239833 -0.049846160134175 0.046599915556609 0.0172309245288936
-0.0147859890062122 -0.0446667264054112 0.0252409487164006 -0.484899384786402
-0.0281856325963324 0.0119591522747686 -0.646102215310308 -0.47011142629627
-0.0133886680650077 0.0210584016167948 -0.746754704707068 0.343812382826126
0.0119487941249642 0.0163999207420092 0.0261470940076288 0.677148783763942
0.00812406268926419 0.00702623143118378 0.404775126005183 0.27910351684699
0.00718387041318738 -0.00190434697642828 0.318961684178397 -0.0799905775681688
-0.00149921244876889 0.000264980100285075 0.0769999530076536 -0.226720764207036
-0.0118005678629834 0.0137157460532011 -0.0882037392803614 0.139620814346502
0.00201725094343613 0.0109398698548978 -0.242777701850922 -0.0378333894102286
-0.00654317199339169 -0.00534756162610164 -0.239139328255415 -0.359080045252606
-0.0121211889478187 -0.0107807862788575 0.268332254196689 -0.538251087858472
-0.0220651326127617 -0.00117673432100847 0.776329466373626 -0.0170004870364374
-0.0088310011995331 -0.00805162644365228 0.452927210328795 0.61172955946254
-0.00223585961190898 -0.0244739830839978 -0.062625539095596 0.495634358924289
0.00606394389285339 -0.0313313347093349 0.0543433509286339 0.000460744242270774
-0.0107215052899951 -0.0268171980893604 -0.00287089589966344 -0.496579438196807
-0.0207076647313705 0.0209204557392238 -0.681366046536082 -0.417283074086965
-0.0124382928335804 0.0222594098503147 -0.71090107002722 0.403740777607429
0.00972704254676623 0.0144348382046429 0.0824903068967854 0.665035754093025
0.0137599936378982 0.00712530261598717 0.423515776152313 0.245132181000331
0.0138314688932602 0.000569600173879371 0.314104400856773 -0.0947593825789977
0.000726624167529165 0.00120864419716545 0.0689419259024654 -0.227747439168175
-0.00897001072335795 0.0150352209600508 -0.0940771551637647 0.139374983859695
0.00666906801068694 0.0149096681160239 -0.239863489468612 -0.0428831996099709
-0.0022476629714884 -0.00276958846754781 -0.227316732500989 -0.369866289588886
-0.0109133581760654 -0.0120913588968186 0.288086976183452 -0.533974062339146
-0.0166958434067352 -0.00238787224705474 0.776083774464308 0.0170855067863185
0.000448289124238044 0.00359600776868116 0.429724619211906 0.628366388531677
-0.00277801628789902 -0.0032020465253038 -0.0714833785327183 0.490299011622896
0.0015307013828145 -0.00805673759674304 0.0584093336591264 -0.00947350739838093
-0.00539324293678199 -0.00634717884619656 -0.0137365958677754 -0.501383122475425
-0.0104029797892874 0.0265269416810695 -0.694956013471594 -0.391752246126372
-0.0107679888579111 0.0198300396868864 -0.692767271501448 0.428558803668293
0.0099818760950462 0.0115134297345368 0.108701119249406 0.655269266060103
0.0192861500677788 0.00682521875050295 0.433048320543573 0.226506709169626
0.0176513410782871 0.00332823899788052 0.312697239495074 -0.0999725304991631
0.00231912794914548 0.00134082687105789 0.062663740702287 -0.225254119889306
-0.00628321359774267 0.0164793805458178 -0.099407761619745 0.142084642212246
0.00882114322411201 0.0170744502915435 -0.240906460131782 -0.0385496133558727
0.00214449203843299 -0.000580497455199978 -0.227517176846617 -0.374200807000328
-0.0094836871910429 -0.0138105631451393 0.280117173666765 -0.543503541687286
-0.0103383166925202 -0.00206715606359898 0.771918723419447 0.00727544582212058
0.00874381306826817 0.0160641597454271 0.436638918440893 0.626115958899096
-0.00640123346882743 0.0207192631828944 -0.0623279801081566 0.493262438848535
-0.00540235323876301 0.0166486675901912 0.0606887456234797 -0.00814683532180349
0.00119808680934218 0.0135920518896971 -0.00948792279940937 -0.500942122788732
0.00206937863961003 0.0308269889253474 -0.690095662604692 -0.394444264354476
-0.00838741447234821 0.0165048055845731 -0.701910464291493 0.430611164574798
0.0101585728358108 0.00857985952345803 0.0970160933674158 0.652797817921991
0.0248582195955427 0.00922583175765498 0.43098794622753 0.225447985649924
0.0211821345760245 0.00532174710839965 0.314675674817563 -0.0952462345925839
0.00456894986022687 0.00041276902821503 0.0605735184277425 -0.222769949831422
-0.00286509803653005 0.0160982891610492 -0.104811058809428 0.145144803388021
0.00926869869528809 0.0187682400306366 -0.241386176508572 -0.0284008725527109
0.00343547956426219 0.00310427415238369 -0.244758165078598 -0.367922231763232
-0.00925077308877944 -0.014196998348062 0.240198400109463 -0.561333675836517
-0.00374869652132642 -0.00435904552082414 0.76159259076857 -0.0417640571128692
0.0176796063775134 0.0256756807033737 0.471342464067101 0.599468793570053
-0.00779925219944976 0.0416161074873449 -0.0386519590792003 0.499328206068703
-0.0137095743302598 0.037777706350728 0.0623985176577721 0.00336545910224432
0.00477459594540964 0.0317794621550515 0.0100375092385764 -0.491881971619476
0.0128352392551017 0.0347950845246253 -0.670489885677073 -0.42823107565726
-0.00388807909895797 0.012734333306788 -0.736162463793154 0.388988741905016
0.0115058055503273 0.00845774739447308 0.0505253169938565 0.65727120363845
0.0260493442348915 0.0114701248139581 0.421591196136299 0.246759708120936
0.0222320438850694 0.00735763659720676 0.322633262955503 -0.0820456799607501
0.00756865743124756 -0.000245985847202068 0.061097492029475 -0.21796779460918
-0.0149910726602705 0.00150616665556819 -0.0865017462677179 0.144176698150748
-0.015175202547696 0.00215718237276878 -0.24586719180406 -0.00473904160456958
-0.0212438600087144 0.000658831793447603 -0.310261347567249 -0.279523435144632
-0.00302452082116477 -0.00418950060898223 0.0622034272469255 -0.552133731274405
-0.0107593353138892 -0.00022845956720664 0.659193356139344 -0.248637830088325
-0.020284629692864 -0.0234035793343466 0.583322509562665 0.439818787188678
-0.0117563014953486 -0.0418248329051832 0.00908229190206761 0.531280312183429
0.0045248116632924 -0.0562117926241927 0.0146616832039243 0.0914867176088431
-0.0076061497080898 -0.0575666234532369 0.183609509731034 -0.391936132538638
-0.025081558683035 -0.00960082571294218 -0.357831813726438 -0.708607833203041
-0.00387645036876334 0.0132446013608564 -0.866426557574081 -0.0758915957307931
0.0154306978603012 0.0162117466831735 -0.333599012618329 0.621100523113763
-0.00522275387588338 0.00322553872482819 0.248109766527666 0.432052225951611
-0.00848421748514689 -0.0104389649978765 0.33040135776422 0.038008110685934
-0.000176577149760561 -0.00719030584606597 0.129323415111621 -0.201368449912866
-0.016914406920661 0.00347970474550759 -0.0879060031240614 0.136719301859996
-0.0130614177021745 0.00338245610662437 -0.244652684359541 -0.0231076427636969
-0.0190662446861029 -0.00280027690434506 -0.282771779939977 -0.30671997149006
-0.00467062560241667 -0.00485724817146104 0.136357757824612 -0.541025888042563
-0.0165558413194176 4.17552180970813E-05 0.69901847096199 -0.165206276050296
-0.0237066290657833 -0.0257520545927489 0.532132732374193 0.503722243808991
-0.00738654346941104 -0.049308667841131 -0.0320472602269849 0.518503090922252
0.0117326980206071 -0.0620391044295397 0.023427348825568 0.0683834580004983
-0.00838572756186383 -0.062548838155107 0.154488802547476 -0.422696016685163
-0.0300659258648625 -0.00589082686582317 -0.437626679367441 -0.661201116317203
-0.00728512701710077 0.0148623109122804 -0.850900091640988 0.033481419929386
0.0149723098785527 0.0145607915758518 -0.242111033382934 0.651632651697489
-0.00354219814177849 0.0026916773617534 0.290533944468726 0.404853611980765
-0.00511409193300504 -0.0089152019459073 0.331409116735617 0.00949784873743348
-0.00213336623456096 -0.00414205645386902 0.123340329668183 -0.207967759855711
-0.0164578725634621 0.00557428760203342 -0.0926250427391466 0.130301487798997
-0.00941120695730433 0.00446366322089875 -0.241875536226345 -0.0420563605577945
-0.0146913254123859 -0.00511130004037888 -0.247656155468193 -0.335001120500367
-0.00692825255542807 -0.00689244575707479 0.212791859923255 -0.522985360316767
-0.0214167910688645 -0.000494571470163173 0.729819005539529 -0.0744907663432643
-0.0224939512592623 -0.0261240650621948 0.472633370614417 0.564699627919967
-0.000605343117006041 -0.049252527572963 -0.0718451123299038 0.503182700083001
0.0159194021160765 -0.058980512763365 0.0330210000148736 0.0440833826435147
-0.0105040566368878 -0.0572755929283046 0.120198915350809 -0.452323002025936
-0.0313085828789878 0.0011887895941259 -0.514539148147229 -0.605673373537512
-0.0085996260236203 0.0190384051192588 -0.823260055999103 0.147035752652104
0.0135519259764307 0.0110279423655684 -0.147167094605061 0.673722683934059
0.000735087361020948 3.90341836459841E-05 0.334638577041365 0.366980166219277
-0.000894223564425947 -0.00555919358041906 0.331235764982617 -0.0161763669039728
-0.00259211182711886 -0.00172564730880541 0.116361178126488 -0.213739224856737
-0.0153288088827401 0.00759715345071712 -0.0976136233477752 0.125786207917277
-0.00459627468847259 0.00760252406523567 -0.235983632205117 -0.0573697973758648
-0.00947235465039244 -0.00559710564298433 -0.213780692280862 -0.358675035533375
-0.00754796987179929 -0.00824405693221165 0.275840983261296 -0.499565925653562
-0.0230033465783723 -0.00189951895431139 0.744640067756531 0.012583810412254
-0.0184392864727603 -0.022457159451277 0.411298802573433 0.616752968247996
0.00297450003145074 -0.0412087495920756 -0.103355788348457 0.488951821827544
0.0158592545362684 -0.0484016546198339 0.0430026773598109 0.0232625905859113
-0.010621889186613 -0.0442332135230038 0.0891622412915926 -0.475704627869434
-0.0283085092557885 0.0111626976249643 -0.572084323557705 -0.547994504524756
-0.00938530454772963 0.0211980186198085 -0.788611405751155 0.239381828789074
0.0131337713163758 0.0080647431029097 -0.0608639002604779 0.680494067401589
0.00672424246596927 7.06238544890634E-05 0.364768303193215 0.330962087497506
0.00487861840757386 -0.00306787331117395 0.328600063140621 -0.038579791193209
-0.00283769579216617 0.000762636186197305 0.107439417262083 -0.218954076465361
-0.0132569803003005 0.0100232669360299 -0.104575148838661 0.122579288182097
-4.1922693606243E-05 0.0108380174682126 -0.231179526905757 -0.0666449073450653
-0.00370967162826446 -0.00468954477005066 -0.186652414895739 -0.377578865508457
-0.00859660249781957 -0.0107987851854508 0.324898767367347 -0.479527774337602
-0.0209951079983465 -0.00241319894597449 0.747460270907528 0.0836918822553283
-0.0123650344570309 -0.0129286250407023 0.363244415578891 0.648050076035774
0.00349736032831803 -0.0239865002066287 -0.122695327934922 0.475262508896094
0.0110943060755149 -0.0308496333579242 0.051878660055401 0.00666172664414283
-0.00977710019149737 -0.0261972719649458 0.0641646191045299 -0.489972742450906
-0.0219617653285358 0.0211861416956888 -0.611845476308441 -0.502382724540705
-0.00858570694472862 0.0211069057570078 -0.758887446925308 0.304061231224921
0.0120485654518995 0.00478061274471246 -0.00373112410762842 0.674453850431019
0.0115597992293681 0.000865563982309715 0.388133389740692 0.300387061655388
0.0105219245685641 0.00108690738523901 0.326602513297127 -0.0555083726269261
-0.0014378749306734 0.00172354342353479 0.0991695967512209 -0.219412950065618
-0.0103978896081238 0.0138986322616527 -0.11057875815151 0.122920943307895
0.00295794518956121 0.0148389962496646 -0.228412537202293 -0.0691674628698455
0.000603331185106189 -0.00219202670674919 -0.172529340236655 -0.385980145660856
-0.00668503629774413 -0.0132219439498374 0.343170966011123 -0.471921438437975
-0.0161970490689731 -0.00224654159521702 0.743725036347441 0.113702049859027
-0.00596689071636368 2.25869915486399E-05 0.337316499651416 0.661662042335599
-0.00155147939812745 -0.00355769460303151 -0.129924094967501 0.467408811018411
0.00285387288414725 -0.00848469871418037 0.0581948554782899 -0.00101407442928281
-0.00788854232501696 -0.00492432200912495 0.0537830330792682 -0.496941774916577
-0.0119348545640189 0.0271287303932614 -0.630363143320955 -0.480906452134296
-0.00767823652816246 0.0192541426677595 -0.744597022672646 0.333005515143173
0.0113554707359179 0.00292604589502771 0.0220419489575151 0.668085333711656
0.0165727862781883 0.002283713989447 0.399131296737818 0.285295812089179
0.0149882235955966 0.00410024656472656 0.325288767177788 -0.0605130629621664
-0.000310366037206098 0.00241632006354304 0.0936472625827063 -0.219702585100005
-0.00771091701904792 0.0136382513111239 -0.117103887999131 0.12585948137574
0.00634931649912944 0.0170082620150251 -0.229672487603393 -0.0649349631496181
0.00383029751765352 0.00114566256541809 -0.173403541879807 -0.388422670886739
-0.00432551352688455 -0.0138961997746912 0.335012518684238 -0.481716104106347
-0.0097066952810759 -0.00118281969918178 0.740218811548749 0.105080406039397
0.00103393456481783 0.0121439092431589 0.344716331310359 0.661689772017312
-0.00718288098738272 0.0191587113662804 -0.121297966060107 0.470155198217156
-0.00769709182577813 0.0145109403999468 0.0607263766442793 0.00135118428149276
-0.00412069938899067 0.0141240281052761 0.0589308833814644 -0.494355715778193
-0.000262844697779672 0.0333574395595092 -0.628902683441589 -0.48333514062566
-0.0043631443067381 0.0161710008787932 -0.753999620446114 0.331420684172486
0.0128374605095456 0.000756964665092107 0.0106306230746429 0.664613841206184
0.0216618997133076 0.00501625501136013 0.39978227313952 0.283731043025987
0.0185390123548965 0.0068442221156615 0.325904904854574 -0.0562633918066169
0.00337757361048486 0.00373045515719185 0.0903901498085493 -0.217185246317842
-0.00510628274807782 0.0147693824756475 -0.119473821427109 0.128921333051116
0.00638558147596065 0.0196372703484244 -0.232601156715859 -0.0552884811121099
0.00485817405453951 0.00414210711038039 -0.191631209952535 -0.382482136219083
-0.00259406225901295 -0.0137371359965472 0.299228117453907 -0.505044216720293
-0.00389468183711959 -0.000281218707311372 0.735420932612728 0.0569767057645952
0.00822625503507741 0.0232504751289621 0.382480242517023 0.638945672202384
-0.0112613707775413 0.038708707782482 -0.0997987642597327 0.481148747771057
-0.0178317372199555 0.0354062760619176 0.058840364073369 0.0119724802839654
-0.00338854674838677 0.0343894442406526 0.077410102388952 -0.485832098028847
0.00987486674531078 0.0383388878836315 -0.604236042969881 -0.513018679046977
0.000971274638268576 0.0125029926376252 -0.781221400294555 0.287051954551256
0.0133283760663765 0.000362019355158241 -0.0342520089012624 0.662655076348395
0.023754410288964 0.00719996901052559 0.385497638543003 0.300264644398127
0.0185697419222229 0.00895900694916411 0.33145285031684 -0.0420163314892293
0.00581098405908617 0.00225086092777322 0.0901891885545172 -0.211144735382302
-0.0148413052792136 0.00240678093673723 -0.0857996250999442 0.143080045273635
-0.0148216519603867 0.0022606824813651 -0.243528117018933 -0.00391553356122113
-0.0216024788224758 0.000787009485688723 -0.308295457130696 -0.274371724745311
-0.00297254332568554 -0.00465555463471235 0.0586137364594742 -0.546127700508445
-0.0111714012132584 0.000266955317855238 0.651354962880507 -0.246677847579473
-0.0204023951259185 -0.022547518437228 0.575535813381184 0.432871899846293
-0.0117742484854835 -0.0406192994721962 0.00836639658215994 0.523323232877146
0.00487029506371066 -0.0558651908888147 0.0155236375864807 0.0894148908416621
-0.00680009530533155 -0.0572464693386461 0.182482517341866 -0.38559778382576
-0.0238926090716213 -0.0107489589605539 -0.354731006640818 -0.697262328400959
-0.00300037299287596 0.0128009166242796 -0.855775667535801 -0.0739155434025135
0.0168460421713901 0.0158407504769034 -0.328667215886062 0.61488219784811
-0.0047339116814376 0.00359347967739326 0.244227995179776 0.42898906238342
-0.00806525298562605 -0.010255654181405 0.327278946331384 0.0373866366750138
-0.00028101844727187 -0.0065049345421709 0.129268425767927 -0.199237988059308
-0.015841724000554 0.00374666412546298 -0.0876670053853307 0.135664183203871
-0.0121778731008386 0.00229288398928248 -0.242173715097776 -0.021944243047087
-0.0180941405539521 -0.00159457332266316 -0.280398383366488 -0.302399590628676
-0.00427107209918782 -0.00528723547999708 0.134229068512019 -0.536677651531768
-0.0176123076307943 0.000257371440144785 0.692839768673845 -0.166247890720639
-0.0243274296927688 -0.0248815343653518 0.527723937798975 0.498197241773671
-0.00746897163080072 -0.0485983831910341 -0.0313254589037311 0.511937232454279
0.0120269819572281 -0.0615183145582088 0.0241946095648213 0.067080018860676
-0.00776491118018845 -0.0605468843525362 0.151473826667698 -0.417418045254869
-0.0291340984570133 -0.00658159327864868 -0.43497910300723 -0.652120183802251
-0.00650716173356421 0.0165931085813135 -0.840043949409271 0.0369344708231398
0.0157700966519329 0.0132509522340913 -0.237143162782745 0.645269853452544
-0.0027386280865285 0.00128162718855116 0.287319524371026 0.400654553655122
-0.00564535334393641 -0.00857281588926519 0.327518129467559 0.00872246853594152
-0.00268455711631024 -0.00495185911994249 0.122676052223413 -0.205383888222056
-0.0158556509320275 0.00574834446245498 -0.0916076447846935 0.129482186133975
-0.00840774808100218 0.00520527378793391 -0.240115617192802 -0.0416821902765515
-0.0131841590732267 -0.00420026559526068 -0.246765305884741 -0.329863948325819
-0.00667129010208547 -0.00716860357520075 0.208352644223078 -0.516580736083902
-0.0214624662263699 9.98669819564143E-05 0.722857313608282 -0.0754378173494398
-0.0221995143700949 -0.0258476810002521 0.466012579027758 0.557521947783095
-0.000979925029457476 -0.0487452236128338 -0.0688539247757337 0.497110837644546
0.0154949717133253 -0.0587826301981404 0.0329683093792801 0.04368928848394
-0.00955590944911174 -0.0559968697896421 0.119828684014625 -0.447126929493437
-0.0302155039731179 0.00177086629621522 -0.510161432304834 -0.598235731091096
-0.00942395730277411 0.0187707251980427 -0.813891831773797 0.148268410102619
0.0134725203687416 0.0115085774321348 -0.142392104099881 0.665620303509667
0.000610579354383904 0.000674691532067497 0.331014365922707 0.361874154982046
0.00047798806057184 -0.00542414255979354 0.326216765339386 -0.0174032035300919
-0.00294861630872546 -0.00148840744745073 0.115619482966303 -0.212197097505974
-0.0147947133778283 0.00827465544123419 -0.0971858393632489 0.123991177273647
-0.00396586543558483 0.00817282490600987 -0.234916272941165 -0.0561048601597755
-0.00837317311049145 -0.00596059208426707 -0.212485812764198 -0.354477904782058
-0.00691350995964422 -0.00933394655156897 0.27343500729405 -0.494569354426665
-0.0228531109659356 -0.00181598166200915 0.736780943675763 0.0138241839787991
-0.0182883120738086 -0.022103246178403 0.406154648971693 0.606523823827438
0.0027267591728177 -0.0396140697787594 -0.10320554862269 0.481203789827089
0.0157258047419366 -0.0481876099101612 0.0426877552307931 0.0220325166880385
-0.0111033868169057 -0.0438085521044799 0.0878894423008478 -0.469529777408325
-0.0273302181319985 0.0112668628056275 -0.566437586337605 -0.541550305989855
-0.00897004645704506 0.0207674208605552 -0.77933196364853 0.240115119163533
0.0136278951389776 0.00768782518882829 -0.058778986406154 0.669914886406972
0.00651500933647517 -0.000192913232559758 0.360998252834826 0.325977410861459
0.00493860545696499 -0.0014894352338669 0.324006162930601 -0.0400897737592911
-0.00252634042213735 0.00109226945204264 0.106646932056634 -0.217123403694285
-0.0130536788664914 0.0107695661402725 -0.103896140152485 0.122069833681734
-0.000832217092612048 0.011064546897384 -0.229132725758138 -0.0655526772409923
-0.00325736167969171 -0.00468435735360426 -0.186379716450561 -0.371433668132932
-0.00766322380608954 -0.0100228172778593 0.320288447504687 -0.474546818492185
-0.0207610521311634 -0.00251316427894236 0.73757401436922 0.0792778581224235
-0.0121308556859691 -0.0128972130610573 0.357892016256724 0.639082366695408
0.00340010378991197 -0.0233313533695079 -0.120732635203445 0.468470596323692
0.0105980081025016 -0.0302460545891175 0.0507535564486716 0.00662035358487801
-0.0108356138993559 -0.0264792682874262 0.0645018901359444 -0.483626154306335
-0.020363211514231 0.0198885916929597 -0.606774868359505 -0.496965026052335
-0.00886263034295815 0.0205406065768918 -0.748528627795471 0.302287846314803
0.0129370952035797 0.00452704598184762 -0.00535404767481865 0.665213831349181
0.0113515780896494 0.00108421572140334 0.3841971515776 0.297198338065008
0.0106934938545769 0.000689092171104776 0.322317106084284 -0.0557076287509511
-0.00246754962940335 0.00174087109897705 0.0990830908071148 -0.218914669885581
-0.0103400238623178 0.01336083170204 -0.11002348391779 0.121307327895676
0.00397898515007347 0.0144163297543774 -0.227134699501606 -0.0684301296573388
0.00122011790146031 -0.00303434912236577 -0.171277810686034 -0.380146204725581
-0.00631378396745927 -0.0122649285881763 0.338722407065967 -0.466005125224909
-0.0162794378360459 -0.00122459079161572 0.734713985013773 0.109783000277107
-0.0058517986825122 -0.0005494085237727 0.333469174351842 0.653104231882763
5.93330718156289E-05 -0.00366709332747384 -0.128157401678972 0.462388103424235
0.00314582967336987 -0.00797289205572683 0.0572801718704707 -0.000167126710094009
-0.007168803881034 -0.00479444607663394 0.0522200068900142 -0.489695311608777
-0.0108345833152097 0.0274261187827013 -0.624790092841411 -0.472167446319799
-0.0078904767277633 0.0191077484723551 -0.73537385489301 0.331161095977397
0.012222531074424 0.00321819485805307 0.0225037605346993 0.661190591139401
0.0178320095028464 0.0018939814176177 0.395419712349225 0.278919090764355
0.0152474600671213 0.00385726633488867 0.320218385755343 -0.0605302107751769
0.000419505497271946 0.00344038936723534 0.0939590625688802 -0.218587549116736
-0.00728433210342482 0.0149287693607777 -0.115499349020023 0.124985428539949
0.00599382119888825 0.0171333765356613 -0.227646897508964 -0.0642357384503147
0.00350164278986862 0.000351301690239406 -0.173066021077782 -0.384270865360233
-0.0050397650191295 -0.013426200148555 0.33114666119346 -0.475809967945974
-0.0106720714808647 -0.000981308913948003 0.731653717180445 0.101604570324903
0.00030945628937307 0.0122447104829344 0.341724091366409 0.651758594574062
-0.00613117972163664 0.0185612442396422 -0.118324902298158 0.463545111659466
-0.00672538127783987 0.0145030552724345 0.0598032309484904 0.00077086527741517
-0.00463031212616467 0.0141164422937806 0.0582013164533295 -0.488798749334466
0.000607397626924795 0.0330837809644855 -0.622023051408224 -0.475799892289161
-0.00328582289916271 0.0170523192677387 -0.743711939785042 0.328804641391193
0.0118278351508324 0.000641144726362097 0.0125599700924519 0.656270617574303
0.0218936539093647 0.00248166230972954 0.39402332728059 0.280609550484137
0.0179504672368738 0.00675471505006031 0.322274915303497 -0.0561853006658563
0.00274323905022385 0.00300710113572181 0.0888759744274732 -0.215327452812469
-0.00497757595407521 0.0156832079517734 -0.118899984727644 0.12859115556128
0.0066945942576504 0.0196735357851329 -0.231147772743661 -0.0536575865071355
0.0047639756546746 0.00353872551861449 -0.190715136693938 -0.378842845155919
-0.00286310070214926 -0.0134961407122535 0.294495653085636 -0.498931243956609
-0.00301177739452761 -0.0011143118111822 0.726202629238527 0.0525273393678659
0.00706656796178163 0.0217138048432829 0.377844760009079 0.633579555945989
-0.0116306820364219 0.0382226834390827 -0.0993264054631508 0.473973414777888
-0.0185302336707484 0.0345820329691021 0.0578202592813547 0.0127288485026927
-0.0036527293854831 0.0325264403677685 0.0770307062751069 -0.480036850488552
0.0105639734757525 0.0381312210839431 -0.596162214351734 -0.506018504746725
0.000678798166661347 0.013367508368805 -0.771349016056293 0.285481661817288
0.0128060066605118 0.000226693552192205 -0.0332224677527875 0.654872066197299
0.0232588857794367 0.00604535131402541 0.380962690565574 0.296309316908479
0.0183750715503102 0.00796038887483266 0.328291986204782 -0.0424683596116876
0.00524344534738285 0.00230725105453636 0.0898552312844825 -0.209216119118821
-0.014494266808693 0.00206373711481884 -0.0855493154321659 0.141928010033264
-0.0143105546821004 0.00204291932601868 -0.241581917531718 -0.00462664447780518
-0.0198594402574972 0.000294688867571361 -0.305838426383891 -0.26964444695215
-0.00317903115022098 -0.00462970593710147 0.0581122178860988 -0.53969334143055
-0.0106335284838913 0.000184613493606845 0.643105653920068 -0.243158947824187
-0.0197702751049064 -0.023139282913335 0.5680779088124 0.430200101432286
-0.0108774822124445 -0.0408640637166134 0.00772922622733424 0.51683925401993
0.00444971607420394 -0.0549518024780649 0.0138517811970069 0.0890585356674965
-0.00727292031594473 -0.0571569874916459 0.181701045195075 -0.380983210041021
-0.0236941350384106 -0.0101684876125172 -0.348157380488656 -0.689865425875036
-0.00384535976015086 0.0137438854744913 -0.845363968865954 -0.0744364050016904
0.0165996157199363 0.0159919882202737 -0.323303027823363 0.607273655663619
-0.00487809538059966 0.00417281322687141 0.241745145718634 0.424223855486425
-0.00839462786494957 -0.0106922031516028 0.32303261392248 0.0358874962215888
-0.000434570986233327 -0.0076319384052602 0.127512269323255 -0.197934235365483
-0.0151470750355647 0.00454993395075669 -0.0872848610239331 0.134366279182122
-0.0122424913233181 0.00304472948263076 -0.241497496494294 -0.0225014505809205
-0.0175232430119176 -0.00196506910056414 -0.278406900440873 -0.299209670194768
-0.00450975077105441 -0.00538911246656388 0.132033826778829 -0.53090864628772
-0.0169886016231192 0.000312315343558526 0.684487670390366 -0.163309486092952
-0.0233634645291132 -0.0264857645888195 0.520925778895887 0.490927097889266
-0.00651397582940747 -0.0482420071096019 -0.030674688196089 0.504537790416061
0.0126044728161651 -0.0612155405577891 0.0222235163716201 0.0664798751653853
-0.00791210552860037 -0.060864867273496 0.150322265548563 -0.41168571350533
-0.0286998436846873 -0.0071128856780473 -0.426994535953154 -0.645077476955904
-0.00678297951680114 0.01613244020855 -0.832936438808991 0.0347414463598453
0.0158840351893412 0.0135180616700145 -0.236763296987176 0.638413952616518
-0.00258476562987308 0.0020535700476586 0.285446154032247 0.395074738641719
-0.00537025214500734 -0.00867943384000875 0.325199910314691 0.00958984168471475
-0.0025540915401862 -0.00499513723414644 0.123233980027558 -0.203977583173117
-0.0158017025970198 0.00643646442341147 -0.0918117954271632 0.127737812329599
-0.00879393506065414 0.00522682557334993 -0.23795582645062 -0.0415736405111055
-0.0131926129071952 -0.00402639956518112 -0.244014608899215 -0.325788505288777
-0.00619887161983227 -0.00680203838321689 0.20684661314148 -0.511704687322521
-0.0214087976616135 -0.000397922955060036 0.712684019133719 -0.0743177780520117
-0.0228226103269981 -0.0256206912649608 0.462663823707503 0.551302441544495
-0.000744930258800659 -0.0478592575325944 -0.0692854727666382 0.491366400446923
0.016657045719657 -0.0586215073019277 0.0314118096561764 0.0423321245355346
-0.0100095042094618 -0.0560413887155626 0.11879869888514 -0.441209909844347
-0.0293954385734847 0.00137062115458601 -0.499973875386942 -0.591234030967755
-0.00844193841839951 0.0194167413941863 -0.805087322841915 0.146449931370601
0.0141501048727038 0.0105846334040578 -0.141273570197551 0.656570867034689
0.00207800721073345 7.5088535068225E-05 0.326988507470069 0.35793313728704
-0.000528388726730521 -0.00606391096129575 0.324176054175645 -0.0182411543661778
-0.0028402817432381 -0.00148420437892449 0.11501445969816 -0.210066287456652
-0.014806346869348 0.00844722682379527 -0.0966928823408137 0.123112519791051
-0.00450182764847608 0.00749706256938318 -0.233585889580884 -0.0549958876070921
-0.00785839942469227 -0.00578765247807495 -0.210860322201417 -0.349300963721499
-0.00768215540499017 -0.00890071566407337 0.270998614294725 -0.488603419122723
-0.022424721651818 -0.00142960834794903 0.727138221032141 0.0129182411480937
-0.0180507564898589 -0.0222350443493131 0.399583699060472 0.599842119512582
0.00354023797953835 -0.0397832137441057 -0.100761740723897 0.475772566930823
0.0148940742962646 -0.0473605182294054 0.0416436886284848 0.0217201807820586
-0.0105155489354067 -0.0429884794921383 0.0889977691114866 -0.464475889819401
-0.027044844553008 0.0108106916435788 -0.560086925826128 -0.536611189403924
-0.010084608389445 0.0209596773457143 -0.769681690839447 0.235050999548077
0.0134156707716555 0.00795764602635844 -0.0598924902744323 0.664008525549748
0.00648889880494594 -0.000148892910825166 0.359141159129137 0.321827392830466
0.0043711091870744 -0.00218995600158549 0.321103811540645 -0.0396740779665995
-0.00281306450987999 0.00118977088765387 0.106081684117502 -0.21457745852223
-0.0125499338350795 0.0112513088654704 -0.103465261186507 0.120463902247191
-0.00064646923375649 0.0107947897458774 -0.227018376729923 -0.0641898962209925
-0.0028796703142956 -0.00443647576568678 -0.184175597220852 -0.365637860778568
-0.00710440091451111 -0.0104555163283973 0.315366092607194 -0.469395790677484
-0.0207752205380511 -0.00195918658330205 0.728526471113449 0.0783062657418673
-0.0122319559630856 -0.0135403196125314 0.353922235192169 0.634290394265523
0.00378277338437514 -0.0236582407050009 -0.121484595218088 0.461872063010764
0.0104209973927338 -0.0302468545781758 0.0496612152565549 0.00661495235926802
-0.00993191203937659 -0.0257639105333531 0.065179666936761 -0.478434100434855
-0.0188875002785622 0.0205637784055731 -0.597696071774807 -0.492388276790102
-0.00922374466660387 0.020929596976599 -0.74043576366235 0.298984600066021
0.0118009424521224 0.00484001747847068 -0.00314365505213336 0.65733973404854
0.0124317511437918 0.000776719434348152 0.379815274049217 0.293961323404137
0.0105452782739169 0.00134057376210083 0.317588259347079 -0.0552588746591189
-0.00152104858046185 0.00193158147135868 0.0995381704145421 -0.216732874526807
-0.00990833115993505 0.0136484869514136 -0.109509167067163 0.120519193621345
0.0037450476787367 0.0146962946488068 -0.224851961076576 -0.0667890417751306
0.00142690565710529 -0.00270353563122975 -0.169933643668 -0.376533483673426
-0.00601722038112768 -0.0116197726309337 0.334519918865261 -0.460913500414652
-0.0159209085431322 -0.00144276272183564 0.727456586199507 0.108409671584218
-0.00544698333808943 -0.000342066627809015 0.328509091387838 0.646129021815316
-0.00112248902974331 -0.00349438735385433 -0.127308848085636 0.455595731039008
0.0025347622130924 -0.0080349202728463 0.0561076148214062 8.44630860681233E-05
-0.00636061800129825 -0.00593430174251377 0.0525211528370947 -0.484628683709012
-0.0103194884866751 0.0280368765275207 -0.615355268726179 -0.467008390811944
-0.00629387478149598 0.0192067913064363 -0.727991435492008 0.328067476579026
0.012209063801722 0.00240272757478668 0.022761751839306 0.653000237593796
0.0176648256610396 0.000855135969415326 0.391525615069759 0.277006053666168
0.0151683152750284 0.00393867219095705 0.317485555003541 -0.060966978431955
-0.000636306888268981 0.00372501455333563 0.0927058321549084 -0.215612351024372
-0.00721461240946475 0.013869690193366 -0.114925464464822 0.123039241855167
0.00596048501754456 0.0174083284769734 -0.225907299879105 -0.0639990409005981
0.00445519355247427 0.000856126916424048 -0.170104937776459 -0.379482439771542
-0.00407294258966226 -0.0133205617893004 0.327152539222633 -0.470444330831881
-0.0105877315145897 -0.000498597514247177 0.723134918443753 0.101202279054983
0.000794569378999794 0.0117572870785968 0.338390859555732 0.645923783803767
-0.00727259950209104 0.0177846979910554 -0.119121450894133 0.458260991792951
-0.00688966514987168 0.0145775727090526 0.0592133216350308 0.000583089659242921
-0.00425103428341855 0.0152181959163716 0.0567005999460149 -0.482446108481557
0.000233984498057767 0.0326277022304696 -0.613639951567715 -0.470197495278754
-0.00346518227693706 0.0163947472919343 -0.735052185252649 0.323668750487905
0.0118685325356186 0.000118934158611967 0.0108972039761656 0.650028259044111
0.0217444581200092 0.00396693394883229 0.38945127335074 0.274592077547534
0.0178417798588511 0.00604186847908517 0.318966643236689 -0.0564964708080829
0.00212864110157867 0.00289655140138639 0.0893493585911064 -0.213492664083074
-0.00461501843369973 0.0154920038836992 -0.118474385705751 0.127233505693461
0.00591576597965977 0.0192832588032204 -0.230084517512201 -0.054093306669456
0.0044477776967958 0.00332159385620322 -0.188778432009825 -0.372591805987682
-0.00304224314746022 -0.0131855205319513 0.29140171705289 -0.491738280615184
-0.0041047459614277 -0.000547194902462484 0.718045674289162 0.0545552317490435
0.0077141461898955 0.0226878869273975 0.373532116337732 0.624155817582162
-0.0123599738785915 0.0375272878781009 -0.0983758740447427 0.465289864308956
-0.0186019057818429 0.0345494694258925 0.0577307892693288 0.0128478128293372
-0.00316138488444471 0.0330050737055911 0.0768063143266544 -0.473378796423635
0.0107709818166556 0.037420198115925 -0.589045228828858 -0.501623953709155
0.00125232723372035 0.0133933440915355 -0.763217135380915 0.283020319124554
0.0138563251239446 0.000163776976594528 -0.0333002440823154 0.646785531664451
0.0230837451754052 0.00637513270810293 0.37758994234666 0.292977982270222
0.0190882029401222 0.00823892428305073 0.323211844687278 -0.0411847396469937
0.00582294942316099 0.00180760497878535 0.0886762905550051 -0.208054689891537
-0.0145957808135823 0.00276180614725618 -0.0859528704053962 0.14159114404755
-0.0146970835488989 0.00268826044543595 -0.241027711566109 -0.0047966845925166
-0.0190571284184088 0.00103145511218862 -0.301971453646758 -0.269676909343025
-0.0026599277414742 -0.00362025698001972 0.0596252125547628 -0.535468929246029
-0.0103720180120185 0.00118860835091271 0.637483135883699 -0.240248496174682
-0.0198466264511887 -0.022852852371007 0.561816681947888 0.426992617020302
-0.0110385901040988 -0.0403720129904896 0.00440638831493939 0.51062016211523
0.00436922162960163 -0.0537195720135049 0.0132685373768997 0.0888881275261391
-0.00662153342877271 -0.0562123419600066 0.181576673633819 -0.377040927864419
-0.0227316317025092 -0.0111137801285999 -0.341151311546906 -0.684429045853657
-0.00371089103923918 0.0139078822924305 -0.837432556546145 -0.0752927139480569
0.0163754898930432 0.0158674091168507 -0.324622518706481 0.59931253205111
-0.00465883466926665 0.00290718501776999 0.238125394407303 0.420412779976268
-0.00919688710422107 -0.00998104902475502 0.320144991904084 0.037622266079686
-0.000904471051427001 -0.00681079200152177 0.128016041356427 -0.195481246215442
-0.015547282195235 0.00421929115097088 -0.0874040097143294 0.133392833442215
-0.012220169925468 0.00268267820044572 -0.239042554164234 -0.0244966121704342
-0.0171122859966314 -0.00262316906782656 -0.273945474370121 -0.297660242134431
-0.00475834056714135 -0.00530621188591493 0.131879285198333 -0.525100137849488
-0.0170765409295944 0.00042749110037759 0.677776586128106 -0.159517883067572
-0.0228956245351429 -0.0265460751583627 0.512634691404221 0.489254456018148
-0.00561053903080685 -0.0466642854691892 -0.0322503227463358 0.497968221883109
0.0128916384296631 -0.0600784520692133 0.02116506487604 0.0665302358895358
-0.00826900066909809 -0.0608072874816006 0.15347207480776 -0.407258543161728
-0.0270221420990652 -0.0070404468347286 -0.419387399501092 -0.642452119142617
-0.00639628683384558 0.0161314150337711 -0.822373912959285 0.0336270072932754
0.0156958847805858 0.013122854453788 -0.235257842542321 0.631398011261726
-0.00251285279022292 0.00143242478009508 0.279584769655906 0.391578670755446
-0.00523417592290032 -0.00777873622214277 0.322685834234287 0.00933296236154234
-0.00183067086248905 -0.00470759903695427 0.122896459648902 -0.201255457345001
-0.0153823259636767 0.00674478385110509 -0.0923126651331728 0.126881711274106
-0.00857529136943745 0.00448720826331503 -0.23607322968481 -0.0412406105371333
-0.0129590551765816 -0.00471050728478226 -0.241422725654635 -0.323329460024615
-0.0068501197337009 -0.00612557795213818 0.204886885717036 -0.505908041109688
-0.0204929237448785 -0.000764478765792963 0.707598808985106 -0.0718541826528882
-0.0218988400671692 -0.0261781738026843 0.453132755733141 0.548219503549211
-0.000594387249607523 -0.0481296413827948 -0.0701803332393643 0.485828969928161
0.0159919659715531 -0.0571164969380596 0.0310627504434968 0.0428700266201802
-0.00934190441986638 -0.0553973272489142 0.119668013158451 -0.437459797021135
-0.0290337837772327 0.00140576371319296 -0.493356876378936 -0.586879638726426
-0.00893795161974954 0.0183562185562824 -0.798147038381378 0.141451490106725
0.0137710854127301 0.0101338312766702 -0.141904296807756 0.651251662456936
0.00196075251710857 0.000353256295613057 0.323323434336995 0.356201043757536
0.000186463388567974 -0.00622650213378007 0.320604223921372 -0.017199631197043
-0.00318370772253902 -0.00161969269304411 0.114840560563725 -0.208560758383063
-0.0147210576990332 0.00932129589163934 -0.098052622568025 0.122691861553442
-0.00348044905124286 0.00767560727342891 -0.231039887348637 -0.0559274732530705
-0.00688029994998851 -0.00666353925223108 -0.208710333872514 -0.347331277883599
-0.00713981920444327 -0.00768384410299129 0.269938472445733 -0.483839757365883
-0.0219606830028499 -0.00105193390986877 0.719699810019299 0.016818257432654
-0.0185930131542987 -0.0216694456437371 0.394074239723116 0.596055589908893
0.002180343026478 -0.0399093224079046 -0.102493871921913 0.4695731926105
0.015405661698344 -0.0470946433874408 0.0415302362619708 0.0217194474322944
-0.00995508346233974 -0.0420629089467978 0.089815081903467 -0.458975452559604
-0.0267545288618942 0.0110380243276446 -0.550250399719373 -0.534275286257802
-0.00899812943676782 0.0202608833711055 -0.764075294100409 0.232286731821842
0.0141620323347806 0.00782480144255803 -0.0608131962269096 0.655917861701284
0.00736320845072461 -0.000114426763462127 0.353444086070263 0.31885574441914
0.00483491103426922 -0.00260908671566764 0.318524593208098 -0.0386477281801509
-0.00315056658999506 0.00102771199909909 0.10667391098556 -0.21249848794176
-0.0131896179929713 0.0117281490515846 -0.10340745510961 0.120114394007083
0.00031378861101409 0.0111567265456374 -0.2254214951359 -0.0652267350276055
-0.00245420752552412 -0.00565535623552905 -0.180282312821871 -0.363319713727836
-0.00643842597062645 -0.0101226165203494 0.312414024699735 -0.46241390673331
-0.0207492763449719 -0.00226067559769084 0.722263912409694 0.0792231176347623
-0.0108181941054249 -0.0138666510796699 0.347613550442923 0.627273831231878
0.00321535892604838 -0.0231742887836505 -0.121791732618163 0.4567481191386
0.0111554263309398 -0.0297672927728194 0.0501621115482841 0.0074752375937383
-0.00854979009965231 -0.0260741613060109 0.0664642155074167 -0.474184666507638
-0.0193081945234697 0.0199985721235198 -0.588316877576805 -0.488331194466439
-0.00815491064308969 0.0207066033194518 -0.734792284450782 0.293343058962156
0.0123782959877279 0.00568394455986473 -0.00675201578809543 0.651224990725483
0.0121114209239396 2.30770643594837E-05 0.374635933928203 0.290147597137058
0.0104833400952037 0.000478453115530482 0.315488878986496 -0.0539291538213611
-0.00291197214908067 0.0023572685813287 0.0983133873703214 -0.215877281358618
-0.00994189221375941 0.0136860022152778 -0.109940076945726 0.120101337478763
0.00354364526828603 0.0142670585022297 -0.223440643487118 -0.0671478554676037
0.00177253514808953 -0.00219489864227587 -0.166883625698591 -0.372353570434583
-0.0063762843567361 -0.0117047720004446 0.333636402081121 -0.455435444571837
-0.0157679348950407 -0.00153579958855288 0.717537639934637 0.111481521649429
-0.00540122360300947 -0.000702307950219597 0.322524643924896 0.641550556840159
-0.000386978730961705 -0.00289349261592769 -0.127385005318656 0.449625231964294
0.00430212654851168 -0.00819459748488115 0.0556577497879549 -0.000285245953864253
-0.00693740320091882 -0.00503729016767732 0.0558159691960441 -0.478992448512022
-0.00966677275071781 0.0261610140810527 -0.607514497548901 -0.465037534297813
-0.00765956457729717 0.018346949832499 -0.721355900211986 0.321358622656972
0.0125921137345242 0.00164832072636767 0.0199857226507285 0.64536573473621
0.0184394582474485 0.00138495377227488 0.385892787096884 0.272401450525795
0.0144125512480953 0.00470487118759712 0.316517504029172 -0.0594641000686668
-0.000300521405014358 0.00300052790208916 0.0926383272683465 -0.214419261329434
-0.00764687940866699 0.0149139506588887 -0.116178502224966 0.121838683182143
0.00634773957499449 0.0174510596497003 -0.224278363131548 -0.0624743792008207
0.00425334269300598 -0.000143624179654397 -0.167862581357181 -0.376190271782863
-0.00443959440536421 -0.0134253279883363 0.325556855863736 -0.465745845271598
-0.0103155971994196 -0.000808604231836442 0.714677501085467 0.102737118911706
0.000373125800397589 0.0120077894780978 0.33079805957257 0.639527679058894
-0.00733203343639699 0.0181032005881942 -0.119452894570726 0.451578398274153
-0.0069098690262197 0.0146198736227217 0.0581778170189517 0.00157336298009255
-0.00439888348195646 0.0140343272416848 0.0578337311577224 -0.477762165799225
-0.000155551837465937 0.0323558500151318 -0.604072531335367 -0.467283158714725
-0.00419451616923691 0.0161735716974118 -0.730346283002397 0.318742093279548
0.0124184475475544 0.000240893073508939 0.009910738544131 0.642909279786499
0.0214543907178202 0.00380308330628765 0.385031297541054 0.274672103126868
0.017950712215963 0.00595552953542264 0.317185210783751 -0.0547804629203067
0.00180674975140338 0.00435819019156456 0.0897517103507048 -0.211307055722999
-0.00501593518806592 0.014591859086339 -0.119356420717838 0.127273637087222
0.00578119011508539 0.0189973764644276 -0.227816249966339 -0.0543041664710667
0.00496531972005593 0.00388184589522243 -0.185135683116833 -0.371631238866321
-0.00222756857810198 -0.0141072099309003 0.290168238893753 -0.487924922884763
-0.00428255833870847 -0.000369640890493971 0.711341052209666 0.0565246110248666
0.00792613109253261 0.0215733801692069 0.366081327115297 0.619468180912836
-0.011836631952654 0.0387191434178864 -0.100273533945171 0.462599966225788
-0.0190981978487341 0.0342399169615118 0.057161039706303 0.0135145921548354
-0.0027677866586876 0.0310010458052004 0.0776791061426877 -0.468272578187809
0.0102831151972361 0.0370891252683794 -0.579840945678735 -0.498950244741808
0.00160523141125972 0.0132622948340545 -0.756304601102387 0.276661926158052
0.0140609619133558 -0.000863294806502334 -0.0365354170777608 0.640884554289281
0.0242704358219919 0.00621291602050994 0.373406072345527 0.29112830170318
0.0180963584148838 0.00737560491663997 0.320177996898973 -0.0397860906730317
0.00442671668854214 0.00294817164541221 0.0884801527085635 -0.206010395455623
-0.0136405056089762 0.00348310070318114 -0.0869689306053212 0.139311808382523
-0.0142724083965233 0.00335086680409534 -0.239376134210254 -0.00526111972207587
-0.0184025394371749 1.63555346378015E-05 -0.299336963735601 -0.267996024353108
-0.00234773209567915 -0.00384004866590126 0.0595285134349033 -0.529953038100102
-0.0109896425365256 0.000232747777688693 0.634592585240054 -0.234492759261095
-0.0194075478153828 -0.0226588870374464 0.554780594614897 0.426787358086969
-0.0110685422337337 -0.0400348876460905 0.00326400263467904 0.505801595061071
0.00438213295501729 -0.0543993363979959 0.0122384134343143 0.0884778463662158
-0.00614592018594541 -0.0559400179545489 0.182595655704581 -0.373037649536307
-0.0232984692937094 -0.0104788640610765 -0.334192625507798 -0.681719775576066
-0.00309796603903357 0.0128081319713556 -0.830732593637226 -0.0800456294263118
0.0165066605980072 0.0163268420437595 -0.324949312132563 0.593638037548071
-0.00333594146199814 0.00330665271981676 0.232655380672652 0.419454626118218
-0.0088300782272319 -0.0103401988977291 0.318868165480188 0.0378697901377062
-0.00120911049909648 -0.00729014221700488 0.129713591631649 -0.193845520454758
-0.015608444555793 0.00449528598270873 -0.0887844862352259 0.131339059178466
-0.0122567313724107 0.00329678589909176 -0.239289967560132 -0.0243557733181636
-0.0171203508873216 -0.00279375097528276 -0.271010822432959 -0.295633446982777
-0.00400431613700941 -0.00423344557195645 0.133540311251191 -0.521200502326501
-0.0160584184588999 0.000164758030418714 0.672972191059681 -0.15621117426312
-0.0237223690464056 -0.0259551832693206 0.507236952233378 0.486320483203706
-0.0062685873148961 -0.0481539577978093 -0.0361550105551476 0.493870503846634
0.011817845561845 -0.0591697776748984 0.0209981422162868 0.0671782499226848
-0.00695771267334865 -0.0601880795976596 0.15365500665808 -0.402773920221944
-0.0267836626076105 -0.00643213856721951 -0.413441774619038 -0.638189870116571
-0.00713189005404977 0.0157375872146666 -0.816345568096812 0.0293681557570475
0.0153865350523401 0.0138489625801632 -0.236175652496062 0.622930459789084
-0.00203817140909577 0.00161846069756311 0.277034021146823 0.390020341636663
-0.00522813539391792 -0.00844713009034759 0.320045431851943 0.0106237875407244
-0.00264198332037956 -0.00498874601093644 0.124303182115175 -0.199467590098138
-0.0155937593222221 0.00724700967794782 -0.0939795209544484 0.126054939340086
-0.00812762600782393 0.00533321160154546 -0.233511749021147 -0.042145983898318
-0.0119709309244225 -0.00582940380048418 -0.237586051119566 -0.32190604368959
-0.00579905370462162 -0.00617129581593875 0.206354244034949 -0.50290243730535
-0.0206589267063175 0.000376229997345243 0.701598124294305 -0.0657773093887949
-0.0214140216312194 -0.0262049180269758 0.447652972294976 0.545749767229259
-0.000544174867073236 -0.0473705071520011 -0.0737997411409062 0.480456278404746
0.015957569103999 -0.0567877944134798 0.030392267395153 0.0428305055458228
-0.00896444010128821 -0.0549802119728611 0.123931775577652 -0.431115758868414
-0.028473687970656 0.00116169642274147 -0.485644867262304 -0.585234581897088
-0.00880207863294441 0.0183256489024722 -0.790680674143062 0.135974433299099
0.0134684677711072 0.0101300692014586 -0.144595788211808 0.645273074913189
0.00242305904732845 0.000319903529054696 0.318245547070427 0.355009769169361
0.000276258799403475 -0.0067162610728851 0.319129890387937 -0.0159294059413536
-0.00289233370513561 -0.00141108303013681 0.116083906902691 -0.206287681194818
-0.0142892726226327 0.00957559845409246 -0.0986801112841401 0.122085427318895
-0.00369797615578045 0.00768770510519593 -0.230100243564559 -0.0562804913794386
-0.00737360587886478 -0.00650957365018776 -0.204784444913509 -0.344997768611804
-0.00754223362086404 -0.0076829170947654 0.269122622398598 -0.477789760898655
-0.0217623629370525 -0.00121367646124848 0.715205689992682 0.0199728142092081
-0.0171324885058955 -0.0219157028750648 0.387893775063183 0.593988295589519
0.0029606338091866 -0.0397308223990131 -0.104160106556777 0.464550029413022
0.0149790446889135 -0.0465940007306402 0.0407800391478371 0.0227998424668516
-0.00993560737838507 -0.0427421784458772 0.0929678200769357 -0.453904152938088
-0.0262140080052186 0.00998698133010766 -0.543564106477847 -0.530570232152378
-0.0094797345426979 0.0198480802001169 -0.75915990576031 0.225496099383661
0.0127124678242828 0.00661847761467697 -0.0637003031278544 0.649684354115589
0.00734657926006746 8.18274296018598E-05 0.349688634885504 0.31872384148886
0.00495414045375153 -0.00216731178154529 0.315326401599584 -0.0372577163682742
-0.00281077669368663 0.00131739823011871 0.108523330741613 -0.210543183468958
-0.0129132290866776 0.0110238539117419 -0.105182666734788 0.119463976947751
0.000666171886182672 0.0117319160870317 -0.223885780041085 -0.0649627355108236
-0.00185988114766551 -0.00498260589881091 -0.178597850006251 -0.361596235364669
-0.00689095691110102 -0.00987466231919878 0.313511186114571 -0.45847843830937
-0.0209947121991529 -0.0021119049124135 0.715175949492983 0.0823622686240735
-0.010623871554428 -0.0135101849107586 0.341253500258568 0.62448921602604
0.00340466547875323 -0.0239254268416791 -0.123880481216235 0.451297553583807
0.0122782329988116 -0.0292303141209843 0.0488496014809287 0.00777209844766339
-0.00992721946050946 -0.0259619653497311 0.0692294019170487 -0.467542131263267
-0.0183193515802157 0.0191684969270131 -0.581763353358457 -0.487243324470709
-0.00814072341622586 0.0200767822040311 -0.729483477320282 0.288803407313802
0.0123520302140273 0.00360097539245237 -0.0108479357022605 0.647241206129832
0.0130545437122945 0.000600832764717448 0.370988044762297 0.289662881298252
0.0104543709769413 0.00139657035348486 0.313436369093722 -0.0527234702450562
-0.00252128848799661 0.00288103199142449 0.0999946762164108 -0.212599773095528
-0.0103144445267777 0.0140898176983036 -0.110457053272575 0.118982797219203
0.00453127380077318 0.01449568170912 -0.222923055674569 -0.0669080591750507
0.00153999128817867 -0.00226278827465044 -0.164483916695941 -0.369762912842641
-0.00494890279631379 -0.0117781812281684 0.333014391527741 -0.450918759785579
-0.0160728139282312 -0.000859886138046839 0.712426617546754 0.113928825978113
-0.00474652159718821 -0.00121423166009185 0.315516079602291 0.63677603254663
-0.000972176903726594 -0.00257137599213181 -0.129653658914193 0.444162094356508
0.00375095451913296 -0.00744024684846937 0.0540995441800977 0.000891076584539668
-0.00630572448892821 -0.0065052986217419 0.0573232897283567 -0.474423857889599
-0.00961829532378823 0.0266899800174318 -0.598562002871991 -0.464403561172108
-0.00647781150759736 0.0201991743139867 -0.716290249091359 0.316456359815045
0.0114688679781645 0.00185022999894948 0.0159232465147927 0.64212872880306
0.0174245600322617 0.00120036619172816 0.381865755521746 0.273402494793443
0.0152318494313869 0.0043937585595853 0.313036276989636 -0.0578723972783191
-0.00132255616374828 0.00433958689338663 0.0937670847657396 -0.212041322690846
-0.00650133039197895 0.0141867961500428 -0.11681313938778 0.119895857067957
0.0059326443066834 0.0179209457479044 -0.223250283880566 -0.0631052457420189
0.00475164847514892 -0.000282628499946047 -0.1649962716216 -0.373813749118595
-0.00396038300372592 -0.01303745899799 0.324325292485339 -0.459751842169159
-0.00977837385299308 -3.27382271431368E-05 0.709467373406772 0.103649312009915
0.0010177341268343 0.0118528020314217 0.324860836454387 0.634933895681886
-0.00705642480985645 0.0191422549434564 -0.121253808862543 0.447999645892845
-0.006232886550918 0.0136690233063787 0.0564096539362884 0.00337751459102431
-0.00401250024979548 0.0142310547171602 0.0630603428970832 -0.473549363137493
0.00111189172491842 0.0305633065827395 -0.596627275406738 -0.466361943071302
-0.00314966573919997 0.0168928110812938 -0.724662512965699 0.313712070408445
0.0130373398026594 -0.000485205108565975 0.0055928943294734 0.638820424212384
0.0219890488972322 0.00321829105484105 0.381246065207806 0.272806070858264
0.0165918300542092 0.00604186996051377 0.314807449006997 -0.0532295248152125
0.00212467219701394 0.00337843685288489 0.0913027946210009 -0.21004244715928
-0.00438733349219122 0.0153959021044928 -0.119747359746215 0.125397866029528
0.00550754988490132 0.0198554913788383 -0.227553932621911 -0.0533990387657096
0.00457831659101207 0.00305829815854286 -0.183009668855852 -0.368746489022633
-0.00181604116507039 -0.0128674124801459 0.289287283249921 -0.482658441219722
-0.00304242884995105 0.00010107575931904 0.705760294749038 0.059631347558365
0.00728602206636281 0.0218345653616724 0.360861218063496 0.61403274157638
-0.0129579604353701 0.0380948605058503 -0.103322312914749 0.456135708694212
-0.0181545808925538 0.0333291032174732 0.0558503027723577 0.0136383870588208
-0.0032262122753461 0.0317143015149613 0.0817106169958885 -0.464528919948108
0.010001362142968 0.0367927526583174 -0.573097424238445 -0.49734007928319
0.00137493583798748 0.0132554626914803 -0.751953058243829 0.271728672829087
0.0129063283634482 -0.000762247556027496 -0.0396941838869781 0.633069013939741
0.0242130092326703 0.00588960724367051 0.365116358939985 0.290000052662072
0.0176545227669964 0.00796175605602372 0.317960977416129 -0.0393879134824476
0.00419677307827079 0.00168519060552674 0.0900753647954521 -0.204256014458128
-0.0134399998630849 0.00344798982758358 -0.0878199767102921 0.138317763136653
-0.0135225192514756 0.00248013150039514 -0.239900878556816 -0.00655433363974662
-0.018597285515823 4.14784528635082E-06 -0.295858687125804 -0.268037107532871
-0.00211301395536968 -0.00486300949310537 0.0634765206041552 -0.528604699218618
-0.0104823006743453 0.000210136211686038 0.63222909576735 -0.230846794488195
-0.0185597800762446 -0.0235396493088517 0.54858985926637 0.428778638886914
-0.0111872873413772 -0.0398874434382687 -0.000980317412990524 0.503102280289168
0.00501019996901808 -0.0528039102039926 0.0115051146473199 0.0876470786192066
-0.00597153207396389 -0.0564416006092089 0.184396074084637 -0.36799728360669
-0.0224209437499472 -0.0109621088845547 -0.325220806245164 -0.679910568403077
-0.00356095204929474 0.0128883874181283 -0.824447372086231 -0.0849546835704557
0.0166435933924272 0.0164535328085578 -0.327962377385137 0.58780010750814
-0.00345337552118194 0.00331498685167243 0.228957574848719 0.417565151843933
-0.00870967190023268 -0.0111891580641121 0.316518652906162 0.0392622004291913
-0.00136880886366463 -0.00676839603266535 0.130379771886526 -0.192992222608516
-0.0153624430168002 0.00476495638729574 -0.0909596393696548 0.131660530869446
-0.0119895584936881 0.00402621360207883 -0.237852542444708 -0.0269153766678028
-0.0163392953117285 -0.00323901764560824 -0.26713901396851 -0.295102395849544
-0.00476730790187319 -0.00474672709369172 0.135198174343499 -0.517706757771504
-0.0165727989630716 0.000801507649122214 0.672975470927563 -0.151497353585928
-0.0217578162006521 -0.0263751719029784 0.501309001724093 0.487422116607427
-0.00587468024693224 -0.0475908699413023 -0.0402839223216646 0.490375772322102
0.0135265850914747 -0.0594066985516387 0.0189515307908129 0.0651965624896404
-0.00633771635042685 -0.0596650953315137 0.156564077160775 -0.400532959388999
-0.0263582514075274 -0.00737973756531007 -0.404136512414082 -0.636957197277427
-0.0061628213235713 0.0157316348814415 -0.813283384047675 0.0220156342488538
0.0150765672086712 0.0127061547237823 -0.241057197386137 0.619261679995434
-0.00158876048715881 0.00192681439809423 0.271557280429426 0.390456284695098
-0.00558716873570236 -0.00848142876350672 0.316394250202441 0.0126921841557404
-0.0024524193029538 -0.00440124304112844 0.125322484970242 -0.199045389919251
-0.0154047242403891 0.0075243029064229 -0.0948598820554964 0.125103923926738
-0.00881415040289612 0.00583645979403796 -0.23398530749783 -0.0429520029657217
-0.0111109405869999 -0.00492243674828543 -0.234486506538308 -0.321984121742152
-0.00653719977300455 -0.0062075161122463 0.208965226628468 -0.498002516517422
-0.0207810003513804 -6.68837631873712E-05 0.696399704352838 -0.0625891652840161
-0.0210129238630405 -0.0270985136167037 0.440734539219927 0.5444602111009
-0.000666263329715791 -0.0473149557471364 -0.076584619461756 0.47712531129945
0.0160064394100665 -0.0564832961685021 0.0292519299641775 0.0427867421448206
-0.00823959026377587 -0.0542877245220839 0.126319190218366 -0.426982539363649
-0.0278724988177492 -0.000815237493341248 -0.47695494243785 -0.587160113879929
-0.00896126447747916 0.0188651762613251 -0.787148469863102 0.129884014889602
0.0134492826265731 0.0106206569823979 -0.147604767728363 0.639272483342425
0.00178149935890394 0.000688971063611206 0.313706118769273 0.354708707583736
-0.000775501977818107 -0.00574335296753887 0.317314281623381 -0.0127131257105981
-0.0036421793975681 -0.000986477719989363 0.117357755899429 -0.205316968459746
-0.0140995552736433 0.00911328548906589 -0.0995702247537145 0.121782800381213
-0.002913627771793 0.00800284848363605 -0.229001293681324 -0.0572113307798746
-0.00672051962630064 -0.00637882581470734 -0.203422178691224 -0.344489558022578
-0.00629231583765035 -0.00695098691583939 0.271119093135254 -0.474159996152565
-0.022031914578142 -0.00147691309086375 0.711957452253135 0.0243553148842251
-0.0163029741505333 -0.022589755705472 0.381147984609307 0.591186543180051
0.00422332372638405 -0.0391335661990204 -0.107489990637662 0.460639347686104
0.0169230397823593 -0.0460086134479275 0.0397466406225868 0.0225430799091071
-0.00970274952032615 -0.042720631320144 0.0958320544316248 -0.450444793011326
-0.024614225633424 0.00959722877765869 -0.535868616021762 -0.532492409229109
-0.00986633809680304 0.020475819344514 -0.75586089941065 0.217700262569801
0.0128546145559372 0.00794277166281833 -0.0670571155065003 0.644915492325014
0.00668066611176483 -0.000627275419407553 0.34536791572265 0.3192758390314
0.00542254418381075 -0.00246071576247173 0.315288879571638 -0.0348315713987391
-0.0031616821023787 0.00108174246816954 0.108867156218473 -0.209437192592861
-0.0126588124635285 0.0114565881286126 -0.106451487375646 0.118258207515251
0.00082914387429601 0.0108823050901203 -0.224211590268773 -0.0651286488090441
-0.00128010273799867 -0.00594235623514697 -0.176286910619059 -0.360522674669966
-0.00604804989138249 -0.0102904214818757 0.315454097933847 -0.453335985197619
-0.020662391243904 -0.00158178786656512 0.711558059145497 0.0876525953022462
-0.010715219819198 -0.0133446094424153 0.334014001415702 0.62168307640822
0.00266718102357838 -0.0230926248072202 -0.126252252784256 0.447297972730731
0.0118375139987927 -0.029193609192381 0.0479401238657796 0.00779394968831892
-0.00846907993458805 -0.0261684711967075 0.0742325920531198 -0.4648475831229
-0.0188869502640569 0.0183056984450987 -0.575605400112326 -0.489508173754151
-0.00822027192199122 0.0208959104038923 -0.726541747863939 0.282644490199194
0.0119267737610229 0.00395526920755362 -0.01459440505393 0.642541257605602
0.0123485132650531 -0.000168203627018931 0.367212647038062 0.291820274042813
0.00984529791145795 0.000901648796138222 0.313484458750591 -0.0512860121424603
-0.00300775373809819 0.00278241039860225 0.102151362974273 -0.21140657953796
-0.00989088613163001 0.0140060479042222 -0.112502422840092 0.118219247111319
0.00263790782320387 0.0153104426312731 -0.221777900940909 -0.0685749763789781
0.00268019358221885 -0.00336222786183935 -0.160387129448351 -0.369041502578638
-0.00493244128522816 -0.0111309057953238 0.332796993360973 -0.446771385843375
-0.0163272291968804 -0.000547794498350604 0.707545843206142 0.118862635821524
-0.00457451835646154 -0.00188381296702182 0.307588460750382 0.635567385995531
-0.0011697368161544 -0.00359543555006963 -0.131964474013417 0.4402853283426
0.00361964618351094 -0.0084709571777703 0.054936198531087 0.00129618229182355
-0.00651610081598225 -0.00558605752996882 0.0603620501722922 -0.471098286404596
-0.0094226906479594 0.0272448911347582 -0.591299558708491 -0.467620209085084
-0.00682356204552606 0.0191775031322221 -0.714994795262722 0.310747762413251
0.0118052008726295 0.00197114579055937 0.0114578891926285 0.638086768564545
0.017687743768712 0.00171352760179091 0.37859345077122 0.27499332050501
0.0143009158928026 0.00426162590792206 0.311951246577101 -0.0558039431178948
-0.00105769802545425 0.00339441849090497 0.0958575785318854 -0.211190674624308
-0.00804839434915827 0.0153852408512046 -0.116990911224679 0.120559191551724
0.0058136388471668 0.0170260280889234 -0.221356603706555 -0.0655813074088101
0.00601231754508348 -0.00113713299091126 -0.162421579083916 -0.373766920607711
-0.0029388608851617 -0.0124901679469734 0.325882754402418 -0.454425831825916
-0.0103389877483617 -0.000152686741720346 0.705182716955752 0.109896774966688
0.00100238013165195 0.0113350144688561 0.317115722349875 0.633628843261255
-0.00771735160817512 0.0177036717320993 -0.123989557594976 0.442604174360617
-0.00606299044842234 0.0133064138888263 0.056270463527562 0.0034185928900371
-0.00450248374050702 0.0139783147340593 0.0641929333495057 -0.469968172186292
0.000337798543371417 0.0322288679862629 -0.589927618306626 -0.470327858044912
-0.00388539642367023 0.016251160570028 -0.722946962647204 0.306969973248965
0.0124042721887227 -0.00070311170410859 -0.000624136923876489 0.633993974175058
0.0223048468298581 0.0025877570822254 0.376247899199904 0.273369858748562
0.0166847281369624 0.00702636876031642 0.313586651462936 -0.0509361215777553
0.00174847444710979 0.00397364910471057 0.0927269146248501 -0.207795352094312
-0.00399306081214848 0.0153140149926947 -0.121053723475838 0.124344658071002
0.0052456777528376 0.01924445612687 -0.225469129794675 -0.054111016711635
0.00603697183387257 0.00264599385421428 -0.180353666135166 -0.366744935400257
-0.00155121923504397 -0.0132541683932068 0.292177483323772 -0.47829118758808
-0.00316737106427296 -0.000162451665814978 0.699320089521618 0.0624275658507944
0.00694502028002696 0.0217457683301112 0.352304917647961 0.615015354352856
-0.012487751713622 0.0372418536093094 -0.104643777079421 0.45349117453482
-0.0185270581047499 0.0328534068585967 0.0547276467118006 0.0148078477864445
-0.00386836050634958 0.0307051866709805 0.085988655578449 -0.461030285184823
0.00929781904718767 0.0357462563012632 -0.565515990818834 -0.499557123521585
0.000652614653518744 0.0130573458141656 -0.750993383154776 0.265003935128035
0.0135677176545026 -0.000435038031754037 -0.0436285581703294 0.629934841030374
0.0245191534491827 0.00421489600162179 0.364740418806434 0.29145770503648
0.0182817573978451 0.00839666512672731 0.317899457264994 -0.0378285913833242
0.00408567552045225 0.00292667630246235 0.092971234358232 -0.202602839716823
-0.0135483962617196 0.00420089511958251 -0.0902249118895043 0.13699795231145
-0.0139573268830299 0.00255543410053893 -0.240198943404186 -0.00834788848563565
-0.0184835995655696 -0.000864071016588828 -0.292798269964651 -0.268878133938979
-0.00271779391988765 -0.00332530339296948 0.0672204551764919 -0.525676442435614
-0.0104707687361505 0.000153453362101506 0.630711221597796 -0.225596470032859
-0.0191835803034139 -0.023184059065197 0.543387939600819 0.430044239393169
-0.0104538379075835 -0.0405601271001922 -0.00746832751443923 0.499943994000082
0.00638229691697563 -0.052858713420047 0.0104814559504839 0.0868444396672744
-0.00492525808705287 -0.0558777391094243 0.187678970384735 -0.36485588699373
-0.0220006357640243 -0.0111752005848836 -0.318023469949303 -0.682150281062881
-0.00305969365923935 0.0127925535105773 -0.821229111396164 -0.0893142660929877
0.0161531182346412 0.0156823997463135 -0.330607197738058 0.583503096306203
-0.00384799353006262 0.00249761097393656 0.225107346995129 0.418266398858629
-0.00793963580695219 -0.00974101132151067 0.315284362111963 0.041659609631859
-0.000922963748341307 -0.00809842287360186 0.131833274487502 -0.191634189105832
-0.014681458435837 0.00517627276308357 -0.0924314726312406 0.130631780055431
-0.0118391198227821 0.00317980748071603 -0.237123456503906 -0.0271320782048983
-0.0161898202801564 -0.00335830622595109 -0.266339338214077 -0.295611694284049
-0.00385168573829066 -0.00426716311111328 0.138701841819071 -0.515613707788459
-0.0165186556335691 0.00075372864728835 0.66950883366282 -0.144035051389727
-0.0219782125835006 -0.0262873236424038 0.494135096559906 0.490858143801462
-0.00656611685926471 -0.046931833473676 -0.0434901164320644 0.488952670386588
0.0132938549004269 -0.0589596182696701 0.0189275698583692 0.0657910291826995
-0.00630223801454771 -0.059858749001449 0.159464283577859 -0.397255905972312
-0.0260001525346648 -0.00691793872166997 -0.395627626842638 -0.636718538453919
-0.0062624573461767 0.0159505813420403 -0.80983120159496 0.017136176650503
0.0147971304670311 0.0130647468439926 -0.242531817732717 0.617045957959345
-0.000886848496055307 0.000301985752103919 0.267696247142245 0.390244478755792
-0.00474528303823432 -0.0088759359633999 0.316930905183233 0.0160297181646915
-0.0036675160047404 -0.00466201473902473 0.126721029816158 -0.197904049144748
-0.0154386630421839 0.00705450281249168 -0.0961378424185168 0.123650132439899
-0.00810468547771654 0.00471124458983329 -0.234176405265244 -0.0438822278513536
-0.0107747912623378 -0.00541332936758419 -0.232560524765393 -0.322073220403106
-0.00448741634077569 -0.0061089195962538 0.210484971592463 -0.494023478113767
-0.0213107536321208 -0.000410017554141212 0.696543021451054 -0.0558948262711322
-0.0200652653045626 -0.0273351408522904 0.433616242408117 0.548297962170781
-0.000111138994772172 -0.0472934607761435 -0.0809897460943322 0.474493665131384
0.0169989787477364 -0.0561307815870315 0.0294394283305482 0.043018283231396
-0.00824064982614988 -0.0550692688890522 0.127899671278737 -0.425017601069075
-0.0272476589578475 -0.000110834317117506 -0.469154571179687 -0.588791974241268
-0.00887339170126174 0.0186147807360097 -0.785614953363807 0.123276429354687
0.0141157563312804 0.00951683520104286 -0.15263915143711 0.636188535646527
0.00249930161330505 0.000147160390725989 0.308443886330844 0.354188670456051
0.000463633183752513 -0.005765064581987 0.316671970277996 -0.0107609104683468
-0.00456866180842722 -0.00208145885603478 0.120044336029297 -0.20319621491997
-0.01444124276893 0.00923084641683633 -0.101218736945138 0.119260085656515
-0.00367743040600549 0.00814388534980402 -0.228019706493118 -0.0588253079916397
-0.00610723571134814 -0.00665067410717553 -0.199173312341922 -0.343707246787844
-0.00640424700804076 -0.00810760398322565 0.273686492289608 -0.470341421686152
-0.0220731745422761 -0.00105364786768695 0.707089053512054 0.0299307238209845
-0.0159659960133003 -0.0236659570974285 0.37407894665003 0.591704653156476
0.00325860731746223 -0.038474846054457 -0.111086916926301 0.458659894410786
0.0165158818034208 -0.045543351389858 0.0384777462995062 0.0242562895592526
-0.00929936669295026 -0.0433284932149015 0.0997784266946626 -0.447714585242789
-0.0246724867221634 0.00968617501289462 -0.52757223745264 -0.534193720585446
-0.00940982245047783 0.0200274512808536 -0.753668550446528 0.211767686750156
0.0133360219233869 0.00606866255093193 -0.0725007469729473 0.64313789351647
0.00638127069793412 -0.000465301190241012 0.343024095897017 0.3221393442985
0.00489083130602669 -0.00217197789307829 0.31423687430062 -0.0322958036207934
-0.00342776180690243 -0.000335877779392154 0.111677310029721 -0.208674369586144
-0.012599972449672 0.011789577371333 -0.108240416774212 0.117715184764568
-7.52907765923468E-05 0.0107745889066677 -0.224028812380101 -0.0668353771778662
-0.000431344825516153 -0.00541018677331381 -0.173943733140724 -0.359937006392057
-0.00639362506574396 -0.010615818802847 0.31690101782284 -0.449812024696539
-0.0201529437715818 -0.00198842165001297 0.707555085439729 0.0918189775081686
-0.0111509005937137 -0.0132773224739535 0.327507544947742 0.621868006802629
0.00343016854807195 -0.0231032548062234 -0.129283045567213 0.444435977605843
0.0114687080117568 -0.0289310838064351 0.0474472541787537 0.00702746797590579
-0.00861141762142892 -0.0261144421239172 0.0765784375520039 -0.461627684434375
-0.0191688375006923 0.0185754687576794 -0.569733716079108 -0.492347140922411
-0.00934217103892465 0.021096782757015 -0.727047645509851 0.275892783209411
0.0127719198422106 0.00503114207978983 -0.0201179323234756 0.639158789430593
0.0119100207939418 0.000196898501168516 0.362740103268319 0.29186903555507
0.0106418256776695 0.000598505119822233 0.312380087289934 -0.0484463390115255
-0.00239515605020021 0.0019899284672186 0.103787745008242 -0.211260147122702
-0.00890774992034644 0.0143666434173704 -0.113352736655155 0.11735395086981
0.00355844564053819 0.0152327616487497 -0.221047678457995 -0.0682563735573852
0.00213401424176693 -0.00293429557873863 -0.158332223513294 -0.369450883304901
-0.00502523042040912 -0.0119144465308007 0.335121413298622 -0.442177265454421
-0.016257455369905 -0.000449691182729858 0.702750087458884 0.124054971377987
-0.00418535135832151 -0.000937905244030771 0.302651584116195 0.635422580609671
-0.00100258245135075 -0.00319711957812736 -0.135064236030791 0.436589174721952
0.0039960911291443 -0.00804630435312389 0.0529056651744017 0.00202062236842458
-0.00710748238469943 -0.00509598744160474 0.06614017491175 -0.468491836863822
-0.0102696320814933 0.0262219375060365 -0.586235025955444 -0.470697921378751
-0.00700779852830584 0.0194739407552697 -0.716039002556326 0.304294167200178
0.012666775027657 0.00105479682470466 0.00604378562648731 0.633554177169582
0.0175824226707664 0.000365586193146989 0.374560156239928 0.27599718878822
0.0147925995386421 0.00325660659829523 0.311290543989142 -0.0538499842035672
-0.00111797254872674 0.00335594192745535 0.0979166762431044 -0.2106329205512
-0.00678653172995732 0.0150431813214416 -0.118273266493821 0.119949152439786
0.00627849921694335 0.0186640068315289 -0.222248538317823 -0.0662699246055815
0.00414606583865262 0.000983871841156101 -0.159706682253318 -0.372435726008052
-0.00254804503002413 -0.0124354869332098 0.328717312172747 -0.451949954587635
-0.00986687434845398 -0.000718936511009056 0.701883605299819 0.115502181265933
0.000953015273591666 0.0109643135083813 0.30951504138285 0.633808330924066
-0.00670912111234214 0.0171210930992283 -0.126832325932628 0.440332524328344
-0.00645189340356668 0.0125814028450716 0.055578691385494 0.00305449169184576
-0.00558151361647774 0.0138366343089399 0.0697304216967993 -0.469209410383953
0.000581044699011086 0.0315397938595417 -0.583478606930556 -0.472000968186757
-0.00281411395922741 0.015960044729557 -0.722638773981853 0.299380023912551
0.0117836557473671 0.000274023667620251 -0.00223029923175125 0.632366082717584
0.021728184074002 0.00336902897884105 0.374029095913694 0.276412399920358
0.0167718403706174 0.00613362004472818 0.312621849390426 -0.0494061417082637
0.00211501374038639 0.00368055331608659 0.0938103759035874 -0.208951786703996
-0.00424087546104106 0.015580867510958 -0.123194498722508 0.124158872721211
0.00625350872537796 0.0195111537448525 -0.2253521011269 -0.054789422391022
0.00532257552365716 0.00228999277345824 -0.176124778622722 -0.367707104359792
-0.00121413094270739 -0.013551210427152 0.294134918843415 -0.473545949013825
-0.00197837754087709 -0.00037053137580666 0.696375908377166 0.0678509608316912
0.00808471546443043 0.0206500563931372 0.34433044757003 0.61562630677571
-0.0127627580732842 0.0376920755082732 -0.107830677005721 0.449695846563003
-0.0183239041635851 0.0331694696982935 0.0549429978924107 0.0147497299643831
-0.00461294212723825 0.0311948978886642 0.0881926058675874 -0.456727543026745
0.0105547137780074 0.0363866022108693 -0.559152264283095 -0.503428928124601
0.000856625894267917 0.013276560377836 -0.749388765969272 0.258296351293321
0.0141813518689979 -0.0007739866855289 -0.0489627652272405 0.628120011938685
0.0239855412989438 0.00575227630038064 0.361048001751225 0.293098209539215
0.0175257019543092 0.00771654261859894 0.318014240803249 -0.0358345900121958
0.00314168422332216 0.00315608919298613 0.0941439077644538 -0.200859966074073
-0.0136934540704758 0.0045699533015307 -0.0929488461890703 0.137745608451902
-0.0144066647486978 0.00262010322175287 -0.240164153557703 -0.00995815597910182
-0.0175197532873705 -0.000649985278143464 -0.291467062855654 -0.270182609055134
-0.00233614614287423 -0.00439279494964991 0.0718756354040863 -0.52451630680364
-0.0104520921603776 0.000619866164000171 0.633146751638018 -0.219594027366291
-0.0193337227816183 -0.0233920978846747 0.538611318497758 0.434587861567192
-0.011130781140402 -0.0401098862047941 -0.0102800047729889 0.500752697499127
0.00607202389520244 -0.0536959067763752 0.0094576266757423 0.0865386353601577
-0.00553491535502552 -0.0555666935691954 0.192679830034057 -0.362197623956122
-0.021208968615944 -0.0118725102738614 -0.312713606230535 -0.680515640702228
-0.00332009761581907 0.0131035834168081 -0.819769288574945 -0.0965488238173534
0.0156718839296273 0.0157687564757865 -0.335489389591997 0.579543952995724
-0.00351670235331522 0.00260093235266682 0.2220673281731 0.419932109834543
-0.00859664702299082 -0.0112688286078149 0.314498830956859 0.0439179729341878
-0.00157823573479816 -0.00663390748571371 0.133424427166741 -0.191018163678722
-0.0143272848646536 0.00501893396396133 -0.0938604794586732 0.130796238165682
-0.0113788141724748 0.00352311730830842 -0.238275135236558 -0.0285492659061671
-0.0154967342614361 -0.00407799880373495 -0.263755411281403 -0.296642796971501
-0.00449666281761242 -0.00417199278778793 0.142839970104111 -0.512669992488923
-0.0174092927678599 0.000993279927983391 0.669425714918065 -0.137838720910864
-0.021024219134276 -0.0271902663296431 0.49004127541187 0.493984748116255
-0.00545485387290314 -0.0473550288967217 -0.049777333363019 0.486506343079522
0.0144569290273719 -0.0587909138085017 0.0173041285763506 0.0661606307315541
-0.00606814982773668 -0.0596803907598919 0.164055443192981 -0.392618954368535
-0.0267495526300399 -0.0078011519107513 -0.387536088006484 -0.640790141654553
-0.00769708145129548 0.0165696960672704 -0.809618153659422 0.0094060264558402
0.0143416571658898 0.0129872173978775 -0.24905360040861 0.611900456997716
-0.00163395250546792 0.00082195004788116 0.264254054409189 0.391381492599152
-0.00444912495058686 -0.0091346338614364 0.31593501844561 0.0172307735697116
-0.00290818837254188 -0.00532423621601795 0.129031918414652 -0.196411978556894
-0.0152795997683765 0.00769105088895488 -0.0988262770300704 0.123232416482084
-0.00796820814308237 0.00503681898147213 -0.234403650255872 -0.0452919967736645
-0.0111348046115626 -0.00616884550011835 -0.229390631798518 -0.323238723394844
-0.00585151727805001 -0.00637645237978852 0.215275213541045 -0.492499711876047
-0.0210062129511742 -6.30946974359871E-05 0.695455555004702 -0.0512242933854955
-0.0205151099143201 -0.0281538390004541 0.429302775899726 0.55018606082162
0.000784073764487095 -0.0472316067818976 -0.0843245101906644 0.471878292663711
0.0173211850650981 -0.0562087967187641 0.0280215102973484 0.0427605145673995
-0.00710277841224922 -0.0548585227096027 0.1345005254734 -0.422738623048326
-0.0265163367952681 -0.000882817699571903 -0.463337231796561 -0.591796115702006
-0.00851886186440123 0.0191702213957127 -0.78695401691216 0.117597880404953
0.0141607125373213 0.0105540840674751 -0.159458220075876 0.633968173589936
0.00348905149633115 -0.000229407030295171 0.306273834970867 0.358871028209738
0.00037299568153978 -0.00692100072133969 0.316325907631287 -0.00932424222390576
-0.00401566512687035 -0.00101960004174139 0.121289460997516 -0.203054508859018
-0.0150060895854067 0.0105748042190952 -0.103289270000859 0.119760320970724
-0.00377470487023331 0.00812431300622872 -0.229213863845597 -0.060117674225749
-0.00572902756825478 -0.00754951977122436 -0.196086303045757 -0.345091616719798
-0.00703056196305857 -0.00814485134622515 0.277677656598604 -0.468518881839248
-0.0226654350020075 -0.00100012772117304 0.704918399072082 0.0345491056323999
-0.0160741954376426 -0.0231405551069655 0.370107724767881 0.595638034064861
0.00351524504564584 -0.0391486048857948 -0.11494588632257 0.455886183515449
0.0172462682088326 -0.0456322271864513 0.0387982555282737 0.0235696118653082
-0.00849308192389218 -0.0420444265969232 0.10391312099116 -0.445884903036921
-0.0246569371403856 0.00923677564983421 -0.521954809266482 -0.539302144699804
-0.0105854704860384 0.0202518654480002 -0.75487950975903 0.206888480186926
0.0126571105958505 0.00603152514528969 -0.0793196247726975 0.639497550951156
0.00752389794207084 -0.00027462136067831 0.339975466481689 0.323061304330405
0.00514874286343375 -0.00346062885819056 0.315530562465041 -0.0315284485762166
-0.00323318782925153 0.000762470387529306 0.112652890870193 -0.207716496493369
-0.012576428070499 0.012123133372295 -0.109459063103879 0.117286613427049
0.000485093881186819 0.01145509077473 -0.223112273262308 -0.0670448910444865
-0.00118239521391232 -0.00650410241710339 -0.169818839129817 -0.360569836185727
-0.00658501603150002 -0.010191790471924 0.320142656652511 -0.447818705111947
-0.0203354128676021 -0.00189447307183848 0.707305134583646 0.0983208363255314
-0.0100802860426195 -0.0140166686113056 0.321352134729826 0.62457550021209
0.00285435412193286 -0.022389880641605 -0.133811574401215 0.439243368945095
0.0126865322746612 -0.0296093057830155 0.0474624802717877 0.00912374591976893
-0.0079030868771238 -0.0255739063063094 0.0807718641545076 -0.461293631017872
-0.0181189301919052 0.018468962537073 -0.562272509696454 -0.497847338494567
-0.00910640263980699 0.0202421341039664 -0.728734782131413 0.269290465479721
0.0123242678149381 0.00427176384082702 -0.0257147647019444 0.638114661794516
0.0133962646623845 -0.000595591321064893 0.361796266289754 0.294489412709491
0.0107385270042767 0.00176281296998557 0.313646906443456 -0.0467183751147842
-0.00361924647633157 0.00286731699372727 0.106550024503948 -0.209116261319948
-0.0105849404253225 0.0135062080606887 -0.115693832916991 0.117324914309078
0.0037040762659523 0.0152596898183949 -0.220474800718017 -0.0705609344689246
0.0037889746087254 -0.0040052264602992 -0.155566014547587 -0.370411838943021
-0.00426871076484878 -0.0114576606640406 0.339075938750015 -0.440009431962053
-0.015653968254621 -0.000821810844465109 0.701363133989388 0.12913034405335
-0.00495404596151811 -0.0019926745365345 0.296650245815232 0.63742777093815
-0.0011171298139153 -0.00188772615378543 -0.138937848012803 0.435164831703051
0.00367300106474622 -0.00759260691958588 0.0533806874212664 0.00252196529005163
-0.0069408511001129 -0.00666823363462382 0.0700216164803325 -0.467076125344345
-0.00973972568396905 0.0249443222223755 -0.57903960035181 -0.474337155305662
-0.00585333350295736 0.0184962410514723 -0.716301763516838 0.296816888266156
0.0125458110225639 0.00111356687211573 0.00212203435482766 0.634027423292872
0.0181631326614148 0.00111048238226813 0.372703894670805 0.27928224077187
0.0137815597911177 0.00343347331675981 0.312502709904032 -0.051778384163658
-0.00172430637551828 0.00344243356369265 0.100509068601996 -0.209784265112761
-0.00655060536740654 0.0154336430527074 -0.121189049679381 0.119230401311006
0.00492479882009239 0.0176887720814129 -0.221376896233936 -0.066513262276252
0.00559718890872802 -0.00021055014969359 -0.155163753188619 -0.372433114348808
-0.00360008816820806 -0.0135827061629339 0.330506597546914 -0.445915557189466
-0.00958826270755535 -0.000646326362602759 0.697622145361673 0.120373935005367
0.00104697478078369 0.0107354933779984 0.303839932005096 0.63528492005091
-0.00830743474627967 0.0180085497797293 -0.131823612719642 0.437468972817868
-0.00791820459400211 0.0139210879929083 0.0554213491559919 0.00525739684290592
-0.00435681964461485 0.0139531364449401 0.0745305548521901 -0.465326790750949
0.000567347748022872 0.0317475734676732 -0.577646648019531 -0.477252195773348
-0.00427891007128704 0.0166650661223907 -0.723757209270963 0.293409179990481
0.0125781940443077 0.000537017468293797 -0.00856593862556133 0.630089046254563
0.0223755701660675 0.00368669495378283 0.37212757083083 0.278514922230883
0.0163841250461788 0.00658026675959995 0.313649256808675 -0.0472858695188642
0.000292122249325366 0.00354944180402481 0.0964018656529894 -0.207463704108898
-0.00467107241485568 0.0160613849090217 -0.124912986675712 0.122855015285807
0.00563966115331108 0.0198731376337409 -0.224891812168894 -0.055529310505626
0.00631410347742366 0.00266858889246141 -0.174141780562325 -0.367925753643363
-0.000883639045742888 -0.0133237462323694 0.298204773437059 -0.471236126257049
-0.00323805979976352 0.000369997365247559 0.695040982008927 0.0744876050829311
0.00735220849601119 0.0210051473354146 0.341008855091073 0.616191371602378
-0.0138564783543188 0.037097793402458 -0.112691706251509 0.446993655892172
-0.0183632905176023 0.0328568620879554 0.054976827891599 0.0152378305531089
-0.00407872987812757 0.0308527866949188 0.0925367738004489 -0.455101118955964
0.0101704863450691 0.0361663006410196 -0.553371735699257 -0.506801231723824
0.00123954158764163 0.0138789513385157 -0.750654305246111 0.251401953422101
0.0139267806186821 -0.000565120498936438 -0.0535298985288026 0.626539404521803
0.0245459035127521 0.00519089971067976 0.358045628545348 0.296047418449869
0.0166872722946989 0.0076553106307926 0.3170246751404 -0.0337979304311598
0.00328603346259692 0.00355649658980619 0.0961145703649888 -0.202517712691274
-0.013779645960446 0.00408203283010363 -0.0940939088139764 0.137634112346607
-0.0139122440274168 0.00296772299074068 -0.242061206201464 -0.0112724610307378
-0.0174198489927744 -0.000578979222453413 -0.290037057163403 -0.2729272845298
-0.00134932968910587 -0.00318820295222567 0.0742468421056426 -0.524656585786979
-0.00973045488026294 0.0005113049879844 0.635544334974778 -0.213774721893788
-0.0188394466942223 -0.0247983982996984 0.537522369386761 0.440839234847089
-0.0102970430060785 -0.0399382723317992 -0.0158222745894595 0.498452480076249
0.00688339034764407 -0.0527483711990055 0.00883938182188599 0.0884466522096516
-0.00471981545036231 -0.0555762069104699 0.195041929208072 -0.361740264278229
-0.0203028008443138 -0.0119405969048253 -0.304768902223365 -0.686431128746434
-0.00478581438637468 0.0131669983588999 -0.818865179292718 -0.100821989181819
0.015445777741775 0.0151063103247769 -0.340242534860761 0.576648329596763
-0.00414828295449838 0.0017556769327317 0.219495310012696 0.421613832260596
-0.00801156036753069 -0.0103784869274601 0.315180318891927 0.0461253168908795
-0.00146112442844905 -0.00735758247111971 0.136111806627763 -0.189505463002598
-0.0144332867379707 0.00502260208265889 -0.0978853591932062 0.130320904909248
-0.0114678394759388 0.00461029275791202 -0.239487498972551 -0.0285784929324422
-0.0160815530169106 -0.00327376195333452 -0.261297707494008 -0.299595740902071
-0.0038238082495491 -0.0045804353176703 0.146081091733091 -0.511666498468237
-0.0157634968391736 0.000910601821387629 0.671614747159288 -0.133100400136412
-0.0209496387044645 -0.0272565702333574 0.487255460605877 0.498201224159557
-0.00428591822862274 -0.0476549861864219 -0.0533008388691318 0.486372183152035
0.0148149772815443 -0.0584659634119389 0.0170998246281104 0.0657479650521576
-0.00480620376681234 -0.0591895272646654 0.167694844782891 -0.391794787303416
-0.0242680512143269 -0.00844502182632234 -0.383012988855498 -0.645322925529918
-0.00645205383213827 0.0149378668253334 -0.810812385708674 0.00397217073484539
0.0141601952067703 0.0126095106989192 -0.257011918863853 0.611756226239368
-0.00132343321422118 0.00108811644559653 0.262055940795677 0.394945066529754
-0.00360792473637815 -0.00885615623867794 0.316356150580789 0.018933070880085
-0.00271887225687253 -0.00630622519932441 0.13093318730882 -0.19607560095767
-0.0147337744568428 0.00752895316024146 -0.100624104604292 0.123969224760309
-0.00829176665704705 0.00455172311905433 -0.234556996443323 -0.0476297418568453
-0.0110366574337489 -0.0052875690635953 -0.227630862667921 -0.326038068771801
-0.00577945208207324 -0.00545393477917934 0.21889640495538 -0.492004188520909
-0.0214198804400329 0.000797799567437255 0.696277308644933 -0.0464925825260344
-0.0200562913417631 -0.0274039186506514 0.42499444253297 0.553892896861617
0.000254980801949933 -0.0467413568250555 -0.0902145900138177 0.470494138091837
0.0189982056214649 -0.0553128331009097 0.0274658322937252 0.043270242963647
-0.00662921653361798 -0.054565649272371 0.137981694937464 -0.422474336817282
-0.0272160075014316 -0.000288921384400814 -0.458034886118414 -0.597586809669601
-0.00887198879517097 0.0190917157043218 -0.787288574506143 0.109972056365148
0.0140867255894896 0.00976942298169339 -0.164071758089573 0.633892627205039
0.00294750600228914 -0.000712953179238284 0.305358002740965 0.361255153475865
0.000224369074049885 -0.00619496958072119 0.316999852543079 -0.00646067840427803
-0.00476736480170551 -0.00210630940057319 0.124548305085976 -0.202625878866445
-0.0139352618142477 0.00988594780432482 -0.105635596733294 0.119321288547472
-0.00297020249051022 0.00816245230288806 -0.229418614841155 -0.0603609894698842
-0.0061970402410644 -0.00690344351420616 -0.192735838935733 -0.348211388468646
-0.00588306191975513 -0.00794042777372799 0.280882326002314 -0.466579759013997
-0.0220062998988159 -0.00179061885939487 0.707809110909124 0.0404307073491843
-0.0158134077761846 -0.0229269302677308 0.363716646247448 0.599271029276609
0.00444513198280029 -0.0391243690103219 -0.119385369565734 0.454641861018416
0.0181855560382912 -0.0448790039775196 0.0367995300950426 0.0233940675965933
-0.008711159737394 -0.0431962242217451 0.108578791714604 -0.443682407859431
-0.0235191492790369 0.00845340003531558 -0.5173765370492 -0.543521648492893
-0.00984117405854402 0.0206351842530973 -0.758307338916349 0.201509034712322
0.0127535611175267 0.00691332235617019 -0.0857770830815304 0.640522372029019
0.00755020294613539 -1.12931824603063E-05 0.336301531808479 0.326803925836361
0.0051091272473104 -0.00366075339151095 0.31498716157178 -0.028647411875108
-0.00440896339470454 0.000759610463089141 0.115793934201192 -0.208067171827918
-0.0117944176820089 0.0131912028225852 -0.110803740921577 0.117700134493874
0.00026449072116847 0.0116446219315533 -0.224255724524283 -0.0695132219548863
-0.000252340235262192 -0.00694811589091407 -0.166665327764271 -0.363039148951892
-0.00603535880441935 -0.00965180796179283 0.323569240405064 -0.445978302747195
-0.020389997560761 -0.00216650230810385 0.707227073228112 0.104358482019336
-0.00927221144679162 -0.0152696338718887 0.316065361720547 0.62713796709787
0.00369085202011702 -0.023671681758173 -0.138697347763101 0.438756569154483
0.0124494233774398 -0.0281523233351125 0.0468392194021351 0.0107702592636989
-0.00833086948234339 -0.0269072924423533 0.0863668568931623 -0.459424222388244
-0.0176171459621465 0.0177544448661764 -0.557462768552879 -0.502976324073407
-0.00902371407838431 0.0213922234849354 -0.732690438100831 0.263994462098453
0.0122870798843113 0.00297486905862717 -0.030750576369939 0.63892015947078
0.0130615074332757 0.000170868364881553 0.360141812664853 0.296789434317119
0.00980140452609876 0.000702121103017205 0.313356034744658 -0.0455584300206702
-0.00332319354737627 0.00291892887175337 0.109155722645474 -0.210375261887685
-0.00940582992985474 0.0151977077875626 -0.117211444115024 0.116070213150527
0.00272797007855515 0.0158236325654022 -0.221923473641104 -0.0715047935515777
0.00304082937692151 -0.00445848647677897 -0.153934526034169 -0.370480081266915
-0.00452708736684338 -0.011497807250191 0.343762977057151 -0.436990787560619
-0.0161994384846806 -0.000929457335278223 0.700011001089821 0.135234363442995
-0.004443175636027 -0.00236472130948024 0.290825665706679 0.639554665573228
-0.00207213859627316 -0.00344152591595829 -0.144138668108025 0.433505272399405
0.00357260190268809 -0.00792933863234021 0.0535447022212194 0.0037065780655371
-0.00651091797517306 -0.00602297231034725 0.0759111826640573 -0.467154835865234
-0.00921344076289665 0.0251691443003478 -0.574860589027045 -0.481952239576673
-0.00713037434133715 0.0200343843556464 -0.719631440811102 0.291860569775324
0.0120358379734609 0.00101621430766888 -0.00487634522085579 0.634412346402229
0.0172615047502241 0.000844953958231 0.37077418134508 0.282102242131621
0.0145851286938781 0.0030588720460182 0.312338655514705 -0.0500541535165678
-0.00138900468166688 0.00281058146301913 0.102248980188825 -0.210135928401122
-0.00743600875611417 0.01504588190179 -0.123194859968923 0.118566286011551
0.00596181323640165 0.0174942659519838 -0.221511658918442 -0.0665590769766231
0.00584819851365784 -0.00104125363036007 -0.154213958078577 -0.375833010319899
-0.00280777963486323 -0.0133417216153352 0.335799235765427 -0.444835818569263
-0.00986951897677926 3.08172448363845E-05 0.697456496592573 0.127744051056203
0.000548332801439356 0.0108188226551089 0.297673184631435 0.639438999307271
-0.00786093778502712 0.0186294585352941 -0.134095314279729 0.435791985308091
-0.00724986400330744 0.0133970406216701 0.055764117673469 0.00571148717136243
-0.00394257154181034 0.0129305306161388 0.0785856668134093 -0.464562611362605
0.000421134231464989 0.0312240743717192 -0.573910027594155 -0.483819401168954
-0.00430019177978764 0.016289415823404 -0.729093159098142 0.287216274785561
0.0130033357065578 -0.00055530576708091 -0.01397863518626 0.630122235586978
0.0222596627953661 0.00406462849049096 0.370337860818945 0.281840991043174
0.016076251344364 0.00551931945656261 0.313754129729386 -0.0445744222409329
0.000921923431963663 0.00431778544493606 0.099199486562793 -0.207732955700851
-0.00411798270121536 0.0159459593364417 -0.127362395675208 0.124411449667864
0.00576356399454729 0.0200139571936879 -0.225673783507632 -0.0566971006918889
0.00631769274992997 0.00212739828604544 -0.171688486756937 -0.36875246973185
-0.000496656927715865 -0.0138744492728409 0.301305259038765 -0.469853444741969
-0.00346805096479089 0.00115152444033362 0.696014277127607 0.0810825654742121
0.00720722532395422 0.0203099355810754 0.333097865575349 0.619214564953283
-0.0140515968355774 0.0363217693318447 -0.117524656909203 0.44448048237069
-0.0194378111658719 0.0321487433087145 0.0545441300427425 0.0157380871008461
-0.00490634844323131 0.0302468008048282 0.097923326028644 -0.455605119383358
0.0100950239129647 0.0359788911230684 -0.549936142539767 -0.511470797996351
0.00176521890979171 0.0132323416906485 -0.755238867094896 0.247176142494801
0.0131514809017661 -4.08289225721122E-05 -0.0584316775060069 0.628996723460288
0.0249087916178419 0.00590641508874538 0.357290712676297 0.298305001528011
0.0177114922343579 0.00772755787575121 0.31882011475521 -0.0307363039114333
0.00239626055164127 0.00209081016849665 0.0985517457260392 -0.201396195041202
-0.0133700332947008 0.00447744199704266 -0.097562734947026 0.138508752205847
-0.0148830566432299 0.00288333405072079 -0.242986480341798 -0.0129634213418488
-0.0175286805316293 -0.00141690283823527 -0.289093523288955 -0.275255057569753
-0.00145000662092879 -0.00372195190320292 0.0786836138498464 -0.525196266164672
-0.0102023522579331 0.000601144179247084 0.639941862399067 -0.210451175391251
-0.0186424074159327 -0.0247836067640872 0.533589984440394 0.446641412421124
-0.0102777696415181 -0.0409651099839047 -0.0206050871425466 0.500536116301647
0.00723605516427732 -0.0529192111901373 0.00700762329764188 0.0880229280302725
-0.00340970321708099 -0.0555131460584703 0.198882119217241 -0.361272907907327
-0.0210929976975872 -0.012232204380843 -0.298261417367223 -0.692028911397229
-0.00427732859878738 0.013878932508269 -0.824133148539729 -0.110689036050066
0.0160748530788308 0.0156168900563615 -0.348140736381961 0.575579987386784
-0.00281922005189188 0.00271537259731968 0.215496144114044 0.426823831910942
-0.0075159397202991 -0.0114145316933427 0.315213403184481 0.0490268637662459
-0.00188914335120201 -0.00744461123850543 0.139417434498874 -0.190364718377385
-0.0144846387659951 0.00598339788663854 -0.0990721864777835 0.13033691598782
-0.0118598645618162 0.00392001422388022 -0.240589139532843 -0.0306012338228733
-0.0150689534300766 -0.00558754079334506 -0.261338606134477 -0.302142762994762
-0.00394734089587255 -0.00428293833537733 0.149894566206181 -0.513147447077383
-0.0163497147175035 0.00191978727287489 0.676267395305085 -0.128060829495141
-0.0207978647851963 -0.027847278533743 0.484554482973415 0.50304865166552
-0.00351347776033469 -0.0483858478420114 -0.0594307148637443 0.486872119050539
0.0154662555205633 -0.0582745251611148 0.0165100728314954 0.0674550254823367
-0.00432972308755852 -0.0605760855729432 0.171894138939644 -0.392768666424715
-0.0254401943636346 -0.00914540610932527 -0.377717363497293 -0.65019231499954
-0.00669589346086759 0.0154628680402853 -0.816070425196168 -0.00440143232571671
0.0150031322606527 0.0131691082283821 -0.260989737791075 0.612151518454806
-0.000696943290015401 0.00055146427570555 0.260381974961947 0.399330969672244
-0.00472431439003883 -0.00929780178597228 0.319025280668092 0.0223502742485347
-0.00316710970066747 -0.00423811833902357 0.13360809936082 -0.196729625795395
-0.0155036424123862 0.0086044906666902 -0.103483345021719 0.125487456754459
-0.00818985451515752 0.00543092866023062 -0.237264164434893 -0.0489028771493051
-0.0101294957289956 -0.00714320630114789 -0.226304911945779 -0.328426668841379
-0.00519375733405744 -0.0061887640999497 0.222100280916402 -0.49152350383089
-0.0201259401966674 -0.000593864109955761 0.700846447658737 -0.0388163960937596
-0.020135818653873 -0.0279879404961349 0.423609625867608 0.560864503257923
0.000441639324460136 -0.0471626487670857 -0.0949839668366269 0.471339881464778
0.0198417426206464 -0.0556852652371025 0.0286213523374377 0.0441979863709202
-0.0066594155659244 -0.055578676684157 0.142525346411391 -0.421436906793074
-0.0263071535602246 -0.00150965813187517 -0.452890565383531 -0.601830646465525
-0.0089792411867682 0.0194746202820089 -0.792036796544421 0.104310290672824
0.0139200123394835 0.00968161349487863 -0.170459236713637 0.634600415950464
0.00353521897234217 -0.00074925960783916 0.301633180843908 0.365757031353011
0.000509083292744336 -0.00679499373726384 0.317177116704433 -0.00496021331738824
-0.00441774041422207 -0.00148776750566119 0.127226490714893 -0.202609347187663
-0.0147035781777989 0.010465139277699 -0.1074395655006 0.119534203336524
-0.00396130257089798 0.00854848921218331 -0.230361655388623 -0.0626102293153003
-0.00521835086877925 -0.00726223780845445 -0.191490850944725 -0.349917511051213
-0.00562326176723867 -0.00848292865328615 0.286269937574073 -0.466940292415709
-0.0220633859069834 -0.00201498271181597 0.708619583349153 0.0457147889326282
-0.0161789716052373 -0.0236439897749317 0.360781464945902 0.602933968495418
0.00431999234138241 -0.0391149016755536 -0.124763422854861 0.454779321782118
0.0184396991521463 -0.0456319993901496 0.0374815022217381 0.0243864014711342
-0.0084498330605698 -0.0437391154600392 0.113131362318527 -0.444533052865863
-0.0240507194766716 0.00815679687963022 -0.514479340916424 -0.551911992497425
-0.0105045154580948 0.0202742639703088 -0.762725547964735 0.193816596372356
0.0124703035104925 0.00657809110606762 -0.0901300536571067 0.643524532122952
0.00819522125143477 -0.00132481948664983 0.335196096186181 0.33112393303399
0.00564155989687012 -0.00309320992078683 0.317075280254988 -0.0270503190980092
-0.00446047466535484 0.000599539270452384 0.117790366143232 -0.207005599125356
-0.0126050736805831 0.012510197590629 -0.114145134929978 0.117082555154663
0.000331862784958655 0.0120258454242421 -0.225077305473354 -0.0710596612672192
0.00013024854036062 -0.00686059286502043 -0.165171418294639 -0.364435815583425
-0.00559455315419468 -0.00956384749165369 0.329425218317435 -0.443011797513213
-0.0206909694826006 -0.00184194116188595 0.707415988905158 0.111802152907773
-0.00940241224568103 -0.0151640473385806 0.310798321110935 0.634143686158043
0.00366283278980609 -0.0229281164544602 -0.142612962646341 0.439398361767182
0.0128689669067617 -0.0281727900690648 0.0470208724110153 0.0100987673789224
-0.00779701362985683 -0.0265600161920961 0.091331928652849 -0.461292761808604
-0.0173625584422537 0.0173939549956799 -0.554914621801385 -0.507837622918587
-0.00873664247875541 0.0205532196102557 -0.737182532244676 0.259338949200974
0.0119508167276027 0.00386497563260454 -0.0359775630425744 0.640733744395633
0.0133466030596293 0.000211680542811388 0.357641558141046 0.301051924981707
0.0103608181567595 0.0011714450411881 0.316044140188131 -0.0406094629381492
-0.00346743975467184 0.00314333246093689 0.111135261730601 -0.210428633560232
-0.00932993827548703 0.0148951098112334 -0.119968380341764 0.117464004519577
0.0036366118490159 0.0159722695036045 -0.222184169507496 -0.0725163582399881
0.00219771344208443 -0.00450708586780078 -0.150290866075374 -0.373875454881711
-0.00495261282352291 -0.0117947717889643 0.348425057534294 -0.436212011742568
-0.0166847474048144 -8.23353550704386E-05 0.70276992003945 0.141865366705366
-0.00395259430205486 -0.00258093669878949 0.287674079477413 0.644124819184584
-0.00203355051839867 -0.00316865165125619 -0.147031485398588 0.433044463023222
0.0041888792434379 -0.00758087569615303 0.0535547728868618 0.00488545402742465
-0.00637344864369733 -0.00584956862447846 0.0805509567634941 -0.466840452995402
-0.00913510994544066 0.0255077101578864 -0.574400811951369 -0.487026908152189
-0.00714946766419446 0.0197929728368413 -0.72552742073736 0.287662524435793
0.0128991235356693 0.00090678244221163 -0.0107953164020366 0.637114799448589
0.0182807251557274 0.0013149425164068 0.369809930036361 0.285817295928796
0.0149418522312426 0.00364262386115584 0.315969784317917 -0.0475891779813857
-0.00143933119798438 0.00364214476849497 0.104692806421694 -0.210247661367645
-0.00705360188206364 0.0159444294218803 -0.125573911550332 0.119750746166174
0.00475217870993407 0.0179922398270065 -0.223236885280446 -0.0687731295935958
0.00427597862634119 -0.000196140533189045 -0.152020436754518 -0.376431877146711
-0.00234310744192697 -0.013119882202151 0.341693562755424 -0.44434348508393
-0.0109681196184106 0.000312957357580653 0.700264303306055 0.134001798172157
0.00132680278365361 0.0105588604504405 0.293203279047582 0.642058118003022
-0.0085437426870442 0.0186036142728536 -0.139594822291348 0.43508451889878
-0.00730702473672054 0.0141778822654796 0.0557509882319398 0.00630666620551516
-0.00534385797276346 0.0137952473796967 0.0841095656301458 -0.465658693907042
0.000957061864551121 0.0311679468714942 -0.570512209921565 -0.490580435355307
-0.00331609853418203 0.0167076450146057 -0.734877532411095 0.283759452674002
0.0129383739956664 -0.000136914685815134 -0.021177013457329 0.633263032139728
0.0232957547824231 0.00340060532054408 0.369119495659426 0.287822291607162
0.0174062933681332 0.00613269030904266 0.317344473337307 -0.0422163901728983
0.000572525701583736 0.00428073684594101 0.102188231700425 -0.207697577266236
-0.00391509072101362 0.0155077064476777 -0.128749789046634 0.123174238941783
0.00578736122588374 0.0201458828851362 -0.226577806474521 -0.0586993794824043
0.00644789642516069 0.00190219147301799 -0.168868005727639 -0.372385380267155
-0.000463020796057215 -0.0136621087379975 0.305753479429978 -0.470677820693694
-0.00367438202110509 -0.000830246286196349 0.697019747922184 0.0871242697814764
0.00608781189925022 0.0210570406966556 0.330713883221708 0.625984162957617
-0.0154550874257673 0.0361647346883303 -0.121434595628188 0.444801504585068
-0.0182047305474386 0.032323744310931 0.0536592496669798 0.0172186003037551
-0.00461032544799233 0.0300333196620887 0.103307587392459 -0.455446834654968
0.00986061480080297 0.0354183382925647 -0.546554746393335 -0.519126211090184
0.000721964611294366 0.0135744966089964 -0.758770647825468 0.239852217411712
0.0139011555975439 -0.00127453130814715 -0.0652832127700679 0.6305230856888
0.0243560016020573 0.00565771500443971 0.356925449243919 0.30325712378005
0.0178701440705916 0.00817286274580408 0.320288401567507 -0.0291426044944527
0.0036550067360621 0.00309555573254632 0.10090440137396 -0.203238345879799
-0.0134145495552003 0.00503644786913055 -0.100125450364511 0.13829354054277
-0.0141908311711095 0.00305749104002914 -0.245775695823281 -0.012747256421803
-0.0177649814542483 -0.0027951355692018 -0.288757976004375 -0.280203066604622
-0.00147828756087421 -0.00284256493461193 0.083610851310567 -0.529108800118928
-0.0098557562468318 0.00106037761821428 0.644478147818448 -0.205533956351951
-0.0175113603856044 -0.0255532173457351 0.534115906806003 0.451596153845399
-0.00969438462808436 -0.04119942021484 -0.0255365917022281 0.503314950481958
0.00766758639557761 -0.0530198205195457 0.00689197527307643 0.0890025224962411
-0.0030119724762693 -0.0564757753794975 0.205779296988827 -0.361021939478764
-0.0205639801376831 -0.0134936210354328 -0.294679040404677 -0.697956713745521
-0.00459250503324248 0.0128806902665194 -0.828513263984621 -0.11951253360719
0.0164978719765194 0.0160955430616014 -0.352737910925376 0.57873561206774
-0.00314771080126317 0.00265739884752922 0.21369509979562 0.430315953847412
-0.00864661779274703 -0.0107628877600608 0.317657183382801 0.0508128612647129
-0.00249282034416068 -0.00743967607131175 0.143901434414342 -0.191459705023841
-0.0148647442765796 0.00692878227612442 -0.101948455434511 0.131891256870768
-0.0114643893240299 0.00453534034060439 -0.244010906876684 -0.0327908370496097
-0.014880553908403 -0.00554513198499548 -0.260138064533991 -0.305899147923895
-0.00301772716278485 -0.00416052836428427 0.154829962356041 -0.515313745690999
-0.0170910230484036 0.00101332321065016 0.682004109496271 -0.123553068474105
-0.0222802338707431 -0.0283828839941669 0.483367780477711 0.512411578891917
-0.00477860107451269 -0.0493204562308032 -0.0646502794409871 0.489586779288305
0.0163716582827395 -0.0587670731182919 0.0158016417252425 0.0681068348798083
-0.00362934703314051 -0.0612783776660053 0.177263753744983 -0.392988176917294
-0.0241167429851022 -0.010492657467854 -0.377067189442341 -0.658703215623888
-0.00798080761456357 0.0159406684619813 -0.8188309434907 -0.0092692141979171
0.0139058648347651 0.0127970484838627 -0.268265683709466 0.614915421041706
0.000147929459575903 0.00200240629633434 0.258003237915027 0.403357634810809
-0.00437893409109914 -0.0100905768667819 0.319842962442948 0.0252168963237272
-0.00348255093205458 -0.00482696156614307 0.136526189342535 -0.196669059946995
-0.0154389674272069 0.00814575085689411 -0.105943406982061 0.124110236276311
-0.00794612100687989 0.00645564523679915 -0.238818833633743 -0.0503190050227432
-0.0100269427440197 -0.00686029247760153 -0.225687994426404 -0.330533911411695
-0.00501113951999781 -0.00614722236814024 0.228457156349776 -0.493707598300664
-0.0211380866931255 0.000455772497063837 0.704954225403501 -0.0341547923211659
-0.0204708989778641 -0.0293088554072046 0.421276319466928 0.565329775065725
0.000700683135076034 -0.0481297613665204 -0.0996049358791182 0.473960847083855
0.0207780457892416 -0.0563656703558198 0.0272019853932343 0.0454922193737183
-0.00520519968501508 -0.0563985561821299 0.146841770833687 -0.422471595066608
-0.0264254733542448 -0.0016017867059104 -0.450153934298405 -0.609453442259494
-0.00847908815160347 0.0183160880982761 -0.797836212319385 0.099178305392485
0.0136154401314088 0.00970442386528489 -0.175946035937751 0.636267744091889
0.00306777424782153 -0.00105264921615879 0.301525956299163 0.370220002496348
-0.000698288146168678 -0.00662525225669355 0.32062727592825 -0.0015751978294624
-0.00483856519815969 -0.00217819013212582 0.131156445335165 -0.203102481833556
-0.0137532972480826 0.011110826219319 -0.111672469291447 0.120916936721593
-0.00321710682380921 0.00855848904039478 -0.23252023478973 -0.064480107440202
-0.00492106161869764 -0.00757846687980906 -0.190959149915585 -0.35399969540431
-0.00597834252337952 -0.00856772778747298 0.290800932879592 -0.468087192630711
-0.0220632069754535 -0.000719411117767184 0.713628125744562 0.0523187707000165
-0.0157809973424974 -0.0246738388802444 0.355963142261823 0.611673528363345
0.00380636394880309 -0.0380335721607577 -0.127510435460637 0.454612644238052
0.0190608527196273 -0.0457078088929862 0.0370593810090273 0.0260362722697381
-0.00751420585444109 -0.0432529174185574 0.116956432470138 -0.447549475463441
-0.0237236997993824 0.00858286168244633 -0.510917884083561 -0.557989548733121
-0.00951822563914561 0.0205897163525007 -0.769235957862429 0.189126770037089
0.0127859857887835 0.00632420091257202 -0.095295725248038 0.645879482684429
0.00836250441938552 -0.000942203894425057 0.335826573216231 0.335525477950557
0.00521250520213727 -0.00299278854531724 0.319913959304185 -0.0241724282672333
-0.00425042917015387 0.00123779153934725 0.122027227848703 -0.209039093464154
-0.0120503518565639 0.0133830105544765 -0.116405328239995 0.11794829637084
-7.60364629128199E-05 0.0129544735659411 -0.225806836152187 -0.0723110198820334
-0.000375202936786301 -0.00595926325200423 -0.164499100328846 -0.367594896293254
-0.00514285066899712 -0.0098011578541491 0.334913584767955 -0.445156508204632
-0.019586847887878 -0.00166287058959699 0.710369888715963 0.118849656264613
-0.00994311874638191 -0.015241648894642 0.309043763839108 0.63933568414206
0.00363042292004439 -0.0231133919731293 -0.146301560480112 0.440005253044834
0.0140112390982933 -0.0288659319196005 0.046308992219622 0.0115480931439932
-0.00755003675294127 -0.0266401763868639 0.096490743901599 -0.463293304692822
-0.0184460656324198 0.0178835262248023 -0.554173729676483 -0.51668799205031
-0.00878196999040848 0.0209228325230705 -0.744792433371528 0.255208595325079
0.0120000762776848 0.00385022577366436 -0.0406820856450817 0.644903969093977
0.0148378975254233 -0.000109748140827883 0.35804769586935 0.305025632528198
0.0104688133357518 0.000442343309156289 0.318942505848626 -0.0397881797532932
-0.00387490758584291 0.00317203353139173 0.114936321559069 -0.211465950091731
-0.00991199472253268 0.015585414713671 -0.122482294537961 0.117436048986705
0.00365509417761046 0.0157123021155952 -0.22356387302177 -0.0751264586142713
0.00348686394079097 -0.00395441353122889 -0.149704468348725 -0.376183259243778
-0.00383997825080622 -0.0118016129157915 0.352082311046851 -0.437226150353046
-0.0159412360020911 -0.00155451165260414 0.704982981259342 0.149234026149736
-0.00450770846183828 -0.00275313355200772 0.281867123580731 0.649915661147894
-0.00197674114984125 -0.00304490524782743 -0.15197745571856 0.432493425298469
0.00361926981311761 -0.00901963587698929 0.0540180278707922 0.00488622211358445
-0.00622750751537193 -0.00588226854441348 0.0865077335587429 -0.468759922948022
-0.00908197124996647 0.0261166547989488 -0.572939781191325 -0.494031004602293
-0.00684673291206695 0.0197326220192081 -0.731700912306622 0.28444934873411
0.0125512643882393 0.00160000937521332 -0.0144755916845393 0.640667923249007
0.0188195711093671 0.00199685126092007 0.370298521422522 0.290947408793339
0.0148813530444813 0.00387432954914852 0.317704953402864 -0.0458962235750572
-0.00243660593275367 0.00362146961157137 0.108190176414987 -0.21176569487491
-0.00719362078946231 0.0167729727234008 -0.128167191487818 0.119475759708951
0.00574413869792096 0.0187876506857595 -0.22486546624635 -0.0697119235061285
0.00557189913010857 -0.00156150570651847 -0.149596475360571 -0.379834208414086
-0.00169442237504263 -0.0134780656499814 0.344701857572026 -0.445617724302739
-0.00942248848573614 -7.16335686037342E-05 0.704459043229142 0.141256480136874
0.00142390123858852 0.0108835819036785 0.289200439722061 0.648695658538511
-0.00963235178610448 0.0186146776600321 -0.145245787182528 0.435331484887764
-0.0077252352329904 0.0132928218893664 0.0555157456547722 0.00745086769813342
-0.00482211097212322 0.013090743657216 0.0881026151836182 -0.468255060405311
0.000389786151519041 0.0318088950498052 -0.569432332615892 -0.497175679040478
-0.00372663893393511 0.0168872282174388 -0.738690684101155 0.280494169263017
0.0120013730906772 -0.000527480429717165 -0.0254820448544904 0.637650267070803
0.0224949214472994 0.00295727750579278 0.369422539763 0.289968358133241
0.0170717031883702 0.00685440755270104 0.321274537843135 -0.041118327146486
0.000438008592857315 0.00336460536547156 0.104298722069121 -0.208800322494296
-0.0041962745135091 0.0173834854767718 -0.131447125267245 0.122925633177157
0.00564541084712185 0.0205159899962893 -0.22777037058675 -0.0610650691964581
0.00532802225136488 0.00142753267056453 -0.167538284070779 -0.376145470403689
-0.000166390521474915 -0.0138038128835316 0.311266829181974 -0.469313496426303
-0.00323418916590776 0.000133543628756991 0.699840524109786 0.0927431907721731
0.00620332480362424 0.0205086677171467 0.327340497797039 0.631775032326494
-0.0161228279467043 0.0370770686121566 -0.127580949376781 0.445531361931917
-0.0188867218944988 0.0318298913121036 0.0537535096438563 0.0184889774767739
-0.00503177959439933 0.0313078428349788 0.107990891273681 -0.456701780990332
0.0102704477488257 0.0359805336464992 -0.544212199288928 -0.52770008483578
0.00141679929501794 0.0141996281857096 -0.765116706168032 0.236362163500247
0.0141256773510217 -0.000829346248818816 -0.0699954513672591 0.633293471286533
0.024174795570804 0.00539209745264425 0.355979627211635 0.308046178978259
0.0166025123331246 0.00761082103248089 0.323341672857873 -0.0262349643807664
0.00251546319772125 0.00372823640916354 0.10423271504814 -0.204208349228806
-0.0136977427473969 0.00569993400065137 -0.103686285086321 0.139344836586513
-0.014353928773179 0.00279551778847424 -0.248853888961756 -0.014686412320231
-0.0181418729758664 -0.0021424960659288 -0.290995862798055 -0.282405713071453
-0.00158733893013209 -0.00407200875979736 0.0862108225334721 -0.53337445652708
-0.0108017897692673 0.00128508874281917 0.652579723613673 -0.203452435501236
-0.0181433229819537 -0.0264443216832589 0.537099912559614 0.460642232448345
-0.00964174038849075 -0.041956476958045 -0.0286613661531265 0.505778179941086
0.00935547185385432 -0.0534803489332578 0.00603809036938676 0.0901330032036533
-0.00188008536135281 -0.0572838572847604 0.209577365974034 -0.362972001400741
-0.0198368659041006 -0.0132488412992282 -0.290756903664162 -0.706063636046417
-0.00507646603525104 0.0137300741084181 -0.832835950732377 -0.126216887159051
0.0159885038325371 0.0156890340207043 -0.361883548920954 0.582356363062251
-0.0031509548148763 0.0020775099303149 0.214470692842002 0.437027820129486
-0.0091190577608563 -0.0121552332415431 0.319867014165436 0.0540546712209871
-0.00306063393382314 -0.00704915158336743 0.147300513783164 -0.191718941982405
-0.0148289489422481 0.00641772179575817 -0.105478366610626 0.132113034009604
-0.0123258974626908 0.0050645979692476 -0.245581259970962 -0.0335817424096693
-0.0155126562203186 -0.00468371746596403 -0.261263129275772 -0.310759037140839
-0.00296533097070478 -0.00508322581595563 0.159163331844977 -0.519347257616155
-0.0169320978432593 0.00182914737976938 0.687795670906812 -0.120815505559282
-0.0212307910131742 -0.028020247106141 0.484508894099459 0.518313147495088
-0.00516979967130785 -0.0482331293791908 -0.067111546822036 0.492522354093733
0.0163509022974963 -0.0581896476130296 0.0153322633684759 0.0679169545333099
-0.00381493182199253 -0.0615211281386998 0.181834739261187 -0.394794504682137
-0.0245573510164358 -0.0102558035941648 -0.373592553177102 -0.665694409078694
-0.00711847718808866 0.0161581159152332 -0.826752665936865 -0.0165881355748624
0.0148083389924356 0.0129780388089817 -0.277127024174886 0.617203169305525
-2.54830373715086E-05 0.000632366449717177 0.257730636972085 0.410446924880386
-0.00507562543618064 -0.00942046685040179 0.32330173988745 0.025479932337352
-0.00286122190806581 -0.00438883313337786 0.140341446316268 -0.19889649739652
-0.0146708147562844 0.00943357998815736 -0.10918508732123 0.125606826505485
-0.00858091882703168 0.0066285717349591 -0.242219428307879 -0.0509296667857474
-0.0103492839504068 -0.00765049300416131 -0.22669685322116 -0.336236478973633
-0.00503445402781036 -0.00581384332669959 0.232477211155269 -0.496366990830628
-0.0215225316074437 0.000720563753954681 0.711130669768497 -0.0293991651631222
-0.0189157002290448 -0.0292377633438547 0.420907511651156 0.573270605366984
0.00182396390757807 -0.0483822140806346 -0.104264969901333 0.474536673345543
0.0208915278868296 -0.0575608340692241 0.0263604213891078 0.0458435675989488
-0.00500382840880788 -0.0566252246325171 0.152561295353774 -0.425156888784698
-0.0265357105300117 -0.00285990680940719 -0.451409015696012 -0.618198117591425
-0.00932494530691656 0.0194727223006078 -0.806712022717323 0.0945953532302333
0.0145096703211185 0.00922226736012485 -0.182981612410462 0.642844697201472
0.00349425104375325 -0.000915931768645578 0.301610443074316 0.374803194139857
-0.000428589239035741 -0.00707885204309542 0.323928794523471 -0.000154276425471174
-0.00421342867381324 -0.001621137475916 0.132500135346526 -0.205605898589119
-0.0138817820196019 0.0102384319155152 -0.114313832071349 0.122112891895825
-0.00441915301180094 0.00989678788592416 -0.235497353866844 -0.0658052671079143
-0.00572509655392155 -0.00872629025845669 -0.190024025043979 -0.357303032288744
-0.00584875052726321 -0.00905863529752196 0.297179714297667 -0.468595681615697
-0.0232705582215728 -0.000666888278293798 0.718551293568984 0.0576107319020025
-0.0157231359536316 -0.0251223420386393 0.355925720216332 0.617427392985383
0.00438414599615539 -0.0392765937192211 -0.132965577627493 0.457252218305128
0.0201687645154202 -0.0449139945209484 0.0384968762357666 0.0253461944569412
-0.00679612035881384 -0.0441768483333705 0.123996101293345 -0.450685594177476
-0.0245932389733021 0.00710809903861201 -0.513470297083945 -0.567815659753433
-0.00959827814652952 0.0211456619250829 -0.778061256565138 0.186257020909046
0.0131224950901231 0.0063837568695118 -0.101091038166489 0.651622666674276
0.00834351377275546 -0.000471127211064958 0.337246374680414 0.340211546498227
0.00529694274583508 -0.00297236497973489 0.323935930869902 -0.0236163409922062
-0.00379654886074375 0.000181120510212541 0.124530379386982 -0.209889471199664
-0.0124829062151245 0.0142226952695412 -0.120369778848864 0.117953258033445
7.5902478814205E-05 0.0124813418086259 -0.229376502802197 -0.0749716793916061
-0.00109413548488008 -0.00757866947231074 -0.162347204159361 -0.370746299499399
-0.00540208334413162 -0.0104240627746497 0.341298216432744 -0.447009910724524
-0.0204072536802275 -0.00205257881345324 0.718731139030767 0.121537339904648
-0.00958089766503724 -0.0164437335314653 0.306136722608647 0.646659031898889
0.00329210796748052 -0.0225325988567523 -0.151208057486537 0.442738043076144
0.0135011626140485 -0.0290966240632857 0.0476069361691814 0.0116972407513464
-0.00799878538493872 -0.0275339605620824 0.101189156747021 -0.464496831708734
-0.0173651026326349 0.01668846776186 -0.553694404731235 -0.526654734854948
-0.00999551135232546 0.0211286191830393 -0.752786459121647 0.253003912595171
0.0128877730014887 0.00383065154697959 -0.0455659666982283 0.652812795281644
0.0149935665955706 -0.00132998319626426 0.358542279280031 0.310478874777864
0.0106352700836508 0.00152422825054174 0.321753356897179 -0.0391014678790432
-0.00388727631198001 0.00284480507876591 0.117132931198041 -0.213703862784144
-0.0103714742274725 0.0164307663100426 -0.126011292675425 0.118144102949411
0.00361198750144931 0.0160421246770471 -0.225974301661314 -0.076229053991767
0.00377636067451617 -0.0046247402553025 -0.147723236545029 -0.380623803370162
-0.0053452610571627 -0.0120398542557642 0.357831477632349 -0.43832249210586
-0.0168098849768536 -0.000538710388567907 0.711445892133909 0.154659352909826
-0.0036068955668584 -0.00387373754896475 0.279182590570671 0.657315671697579
-0.00213421456280392 -0.00308139853144322 -0.156731979824858 0.434806373853203
0.00364311324621732 -0.00840813180986643 0.0543446189505783 0.00427861226558616
-0.00705682286354278 -0.00651733481178281 0.0902349614635489 -0.471356230705287
-0.0093189855999315 0.0254666065498786 -0.573709768657425 -0.502920850244771
-0.00751592898957886 0.0206857250338485 -0.742366204885594 0.280365990413549
0.0120849570656874 0.00099760670853462 -0.0184559966651756 0.645323038336346
0.0192990146028737 0.000728229495631018 0.371606388106088 0.295490756173055
0.0149623534077792 0.00400313722220884 0.32067503592657 -0.0456705955374184
-0.00306937768047093 0.00271217589404458 0.110910606909911 -0.213454306212126
-0.00648388808455478 0.0170226497291096 -0.132074499770445 0.120313613483004
0.00510090761166813 0.0194867395019643 -0.226699219727278 -0.0731766409978656
0.00524264400326152 -0.00150987239984655 -0.147577783808931 -0.384446569497874
-0.0025893194518953 -0.0138672062085344 0.351599223317744 -0.448016363522146
-0.0103003009149425 0.000519667623814252 0.708660602898845 0.147872049938299
0.000980674988562498 0.0108363867353595 0.288089477838516 0.654862105700814
-0.00954652236344184 0.0183068565923191 -0.149711288818726 0.437805726778579
-0.0077119160634792 0.0129124374717755 0.0576545233272518 0.00858263842254207
-0.00528079455776142 0.01296341153649 0.092903345838948 -0.471584117481952
0.00035214977744816 0.0314433805367152 -0.570358159905902 -0.505646334044573
-0.00508509331117103 0.0166398840996897 -0.748433466316136 0.277860948054484
0.0129022630868401 -0.00101968058573537 -0.0300285670503875 0.644134549091412
0.0230552447008558 0.00264341671943096 0.370873807963642 0.29475452371541
0.017854481637361 0.00552060515090444 0.322397360998008 -0.0404909270014008
-0.000122028930109837 0.00433370594586146 0.107369941929701 -0.210421291534812
-0.00379099916180919 0.0173570086119131 -0.134711262895423 0.125309483274509
0.00606241883586201 0.021053318057338 -0.23133839494697 -0.0616709033088224
0.0061410212635494 0.00198414756326192 -0.166927525382407 -0.37949115396731
0.000302207732123477 -0.0140871478620748 0.317662396081446 -0.472878100934785
-0.00391280517301297 -0.00068400617072905 0.704038649426857 0.0992345315725452
0.00667988373607394 0.0211976026547975 0.324586842530159 0.637436647818811
-0.0154745630270321 0.037598455442469 -0.13064378552165 0.447033961010051
-0.0203461548500902 0.0311906780301391 0.0545225527132444 0.018165531293714
-0.00574893447030017 0.0301405895510866 0.113115535025235 -0.46067049687887
0.0102923751484466 0.0371930075537674 -0.545705469274264 -0.536038183532206
0.00171927020481009 0.014732227673929 -0.774999827152152 0.233575176777689
0.0133049253568356 -0.000956222006047178 -0.0766229264418375 0.636329629781169
0.0250293709325344 0.00640158749383742 0.358785736043793 0.312759632823655
0.0183572715007492 0.00702826167859893 0.326891596782013 -0.0260122294605617
0.00274968678468731 0.00339127022345786 0.108103945635323 -0.205456855660173
-0.0135915887037685 0.00583122661448526 -0.106242763474317 0.142265110212777
-0.0139071539647605 0.00316663188422166 -0.252159491066522 -0.0136047712434274
-0.019054620818784 -0.00272587310110817 -0.292616196880493 -0.28728358609217
-0.00140303642718689 -0.00327528771856352 0.0894152189961286 -0.538662773352097
-0.0108239375910319 0.00108041289075192 0.661439198832385 -0.202065991863256
-0.018082175849611 -0.0267719314494197 0.541130611156888 0.467418875339017
-0.0103830032701596 -0.0422675023975461 -0.0334696074157504 0.511764889223419
0.00920620806343775 -0.0545056386700298 0.00449945630270149 0.0916975258992277
-0.00320935447083481 -0.0582303869114072 0.21499429117771 -0.364775316440037
-0.0206368029268982 -0.0135530679045833 -0.290006859373631 -0.716165971571561
-0.00426315932301844 0.0136750665439512 -0.842763290121252 -0.12884995216041
0.0165208453085902 0.0162676360138195 -0.369074874735356 0.587687438552885
-0.00374188431697458 0.00220188939616018 0.212963810213894 0.441845482177945
-0.00874425778178353 -0.0121910652995585 0.324965119770898 0.0550265268057901
-0.00280615137076496 -0.00788675333867776 0.1486431986259 -0.194784928919471
-0.0148370612604352 0.00702302336045426 -0.10774369913633 0.13405690639966
-0.0121784561376561 0.00403483285667127 -0.250130570466785 -0.0341202908517004
-0.0157259437958642 -0.00630398786249979 -0.262642035021951 -0.314089430261268
-0.00360437149083719 -0.00371070477626419 0.162997347566763 -0.524813759831955
-0.0168232049071093 0.00210141625657361 0.698306655727605 -0.118054241062698
-0.0211510711284721 -0.0297737923868461 0.485908830326148 0.527598400468979
-0.00441243222735859 -0.0497055538545823 -0.0715673062914642 0.498257983944857
0.017561618050732 -0.05959557678319 0.0152435103094325 0.0695819756324552
-0.00221684783189147 -0.0616268685166714 0.18756790977099 -0.398554577213863
-0.024616081559223 -0.0114271241664467 -0.373141307335752 -0.677147419383161
-0.00780623105891487 0.0170227048714221 -0.836012325178941 -0.0196633818441074
0.0144349266282091 0.0137366177540707 -0.281848134688681 0.625190816172205
-0.000545631017783582 -0.000393396837994287 0.259268037555131 0.41449455923003
-0.00509858101897554 -0.0108432939540145 0.327019759215306 0.0282428185646562
-0.00387726485842979 -0.00395955472405438 0.143316705422657 -0.201052240579098
-0.0154086658226572 0.00874353333715249 -0.111409819043394 0.128043371927472
-0.00844031742980146 0.00581578734645046 -0.244305255074965 -0.0515888929634459
-0.0114110641188524 -0.00841691683777139 -0.22677861667523 -0.340998263321289
-0.00485582914309728 -0.00619563765963494 0.239024003298703 -0.502177926890491
-0.0214818905801474 0.00109704938120133 0.720672505493529 -0.0262496953835873
-0.0197712168372936 -0.030410439111057 0.422329092461131 0.582819792858564
0.00112982728146104 -0.0477727970465145 -0.108855770449004 0.479696448020152
0.0205301685257607 -0.0568276979346088 0.0262367858699265 0.0463563858864699
-0.00588700860132243 -0.0572442943292302 0.157811851120088 -0.429550227345162
-0.0261069799115704 -0.00271860581067116 -0.452270166443263 -0.628203967382272
-0.00907020505365752 0.0190468947114584 -0.81548856730686 0.0927644235903809
0.0143046573977082 0.0093913722828873 -0.188258796111805 0.649156246666457
0.00349080450427243 -0.00089528208772577 0.304411864188027 0.380779661424682
-1.69591567080792E-05 -0.00661483700324202 0.327567423577335 0.000460955535663119
-0.00534892660237287 -0.00170215443241279 0.136015179005181 -0.207494349162364
-0.0137054017674252 0.0111348323630433 -0.116582610323003 0.123534549803608
-0.00325402665091676 0.00894108316801775 -0.238479392342156 -0.0659601375675398
-0.00585029195785347 -0.00882749190940123 -0.191095012496874 -0.361898203683796
-0.00611091860018118 -0.00848219861258378 0.302296515365383 -0.472735299538264
-0.023310128409294 -0.000898273600594698 0.72695203990096 0.0590200541498811
-0.0149130676071184 -0.0246027290787363 0.356643794846603 0.626698416327924
0.00481756657606607 -0.0389721101745015 -0.137270818536148 0.460656810788886
0.0204540675621526 -0.0454471198110466 0.0386413405699643 0.0277258640630113
-0.00709128894388757 -0.0449347638585078 0.12728621031628 -0.452850213035962
-0.0234858341335661 0.00759313591042092 -0.514414842536735 -0.578106592420485
-0.0100716933878593 0.0219380865028328 -0.786261936700565 0.186870768055174
0.0123668382163322 0.00647269545928186 -0.104602792424178 0.657088218533272
0.00867691134999258 -0.00196490594363408 0.338855450356129 0.344565213053823
0.00591543313091596 -0.00323916152542855 0.327991431498757 -0.0222673203810156
-0.00516303011070318 0.00171572307293834 0.127578128632877 -0.211768721513984
-0.0137118231474292 0.0152475463592516 -0.121846926814701 0.120201518042895
-3.07772692516488E-05 0.0131988421604186 -0.231546175934141 -0.0751432775781063
-0.000251636602859541 -0.00743980880398526 -0.163386261754026 -0.376940556339384
-0.00579121747181033 -0.0103288730374197 0.345733786767891 -0.452421526875914
-0.0207498271186675 -0.00152391018799604 0.725914806558658 0.127092554279602
-0.00940678899536678 -0.0163192448156155 0.305851663669918 0.654001319945788
0.00381597384459749 -0.02300926194775 -0.156272326246551 0.445544074668394
0.0137069703053685 -0.0290041434727321 0.0474852084260548 0.0127032979970718
-0.0077126919794743 -0.0268757046173861 0.106057305245907 -0.469919742038137
-0.0179828909728924 0.0176588488735871 -0.55874158935361 -0.535580512704696
-0.00986707899816927 0.0221054522934672 -0.762724731759958 0.252188654989734
0.0131884788401465 0.00365366792563681 -0.0507767483730045 0.65745078328454
0.0141998757705005 -0.00135370207519551 0.363718999094951 0.316518979718313
0.0105357171050421 0.000605130223954342 0.326371687052859 -0.0384893187081521
-0.00471410191376231 0.00365630105738723 0.120193950183444 -0.21638060148108
-0.0104918315884617 0.0156034036566254 -0.128722220922913 0.120821106451485
0.00386795656954439 0.0161682616056629 -0.228607369681605 -0.0781528816648943
0.00258311462848507 -0.00591518623284673 -0.148247318900611 -0.385134187751408
-0.0038291193018632 -0.012602678250075 0.362792017635452 -0.44177702105974
-0.0166546395989809 -0.000869823978300235 0.719536605577771 0.159890624557703
-0.00360873393799079 -0.00263787436874871 0.280252452611257 0.666411297123827
-0.00193458984338097 -0.00402802743824001 -0.16105180667968 0.438703582690948
0.00457631103824548 -0.00947234907249126 0.0548345962912559 0.00642609094206151
-0.0069933863798063 -0.0068453932536488 0.0956621783432391 -0.476925906122387
-0.00942440543141382 0.0248282589143963 -0.578225251828367 -0.511833090932049
-0.00744098221299351 0.0203503485011249 -0.749758623904924 0.279307463753237
0.0132324252496356 0.0012940568228415 -0.0239019370066182 0.653226431568447
0.0198361694081428 0.00133730999138267 0.376419190362557 0.300611457763209
0.0139142335578973 0.00425451747327389 0.326480408285557 -0.0450477708050211
-0.0021646471657636 0.00429245877969392 0.112557676810004 -0.214862349863891
-0.00732418013064419 0.0165872309773319 -0.134462502664416 0.122531569890062
0.0068323739439337 0.0193782841638584 -0.229311512536651 -0.0735497934077882
0.00627727178816485 -0.00142793524615815 -0.148690350647605 -0.389116446601547
-0.00193232156278471 -0.0133198679617709 0.358607058728459 -0.450407119583161
-0.00979149841519069 0.000469716225797538 0.71779505719488 0.152395865449585
0.00176610476925272 0.00990554641675936 0.286068914742169 0.663910229091412
-0.0105529099255649 0.0187139348837095 -0.152505375276667 0.441160138629021
-0.0082111827946664 0.0128707030587079 0.0573343942833245 0.00822411750831734
-0.00529187961398924 0.0123250508742074 0.0976455781079999 -0.476014708279012
0.000890786797364112 0.0308365330615858 -0.575613877133612 -0.515235443442803
-0.00365654554339077 0.017082003909065 -0.758959641788546 0.279325513626527
0.0128512069057178 -0.000754272352259231 -0.0329784106584232 0.650334713282832
0.0235405804179681 0.00312736259422337 0.374978221738634 0.299322205958334
0.0179399824606817 0.00682546368005768 0.327193636908059 -0.0397478163485751
-0.000283124449335755 0.00521078331400145 0.109723279626804 -0.213267423191306
-0.0043184880854685 0.0175170257515335 -0.138076426887761 0.127195730708527
0.00633029012129712 0.0215570890458004 -0.233673985636812 -0.0609685818266667
0.00664715012151746 0.00185193470645139 -0.16711426606226 -0.384811525552324
-0.00102611808333968 -0.0146232663326783 0.323130822172018 -0.476806616473622
-0.00369494085713158 0.000381739298483945 0.714329845063653 0.103981048106341
0.00648190680435195 0.0219079515020565 0.325367242702598 0.646355774636018
-0.0170033662365164 0.0385279272194247 -0.135419236485251 0.451392784558761
-0.0202617530578428 0.0330209938685214 0.0544921235478184 0.0190591983786592
-0.00582077234787969 0.0307146882174003 0.117438470089642 -0.464743048221869
0.0104045846905781 0.0369606029716156 -0.548564613493281 -0.544931837885363
0.00101170599386653 0.0143670477664082 -0.784400097973574 0.233311843828436
0.0146483451356047 -0.00118543841018767 -0.0797287728858729 0.645073692914149
0.0257232019088284 0.00602172887644859 0.361127951413155 0.316156143853604
0.0179184073266192 0.00890884021677861 0.331539754226899 -0.0237206323468407
0.00334491592091664 0.00378553834494325 0.110162743324969 -0.207765656068143
-0.0142047998880412 0.00585994007101474 -0.109255882826314 0.144273126389538
-0.014042647721677 0.00406788759818743 -0.256435482892378 -0.0139201845657708
-0.0190014430596152 -0.00328162010575839 -0.295649495115906 -0.291087059863017
-0.00152685281152203 -0.00386382267963265 0.0934704859479773 -0.546320514843832
-0.0102579614615674 0.00198029420345225 0.672380028539614 -0.203630917106489
-0.0186673427190591 -0.0268476284879023 0.54654002752067 0.475492717531923
-0.0105717690265705 -0.0435216205181062 -0.0354927375226486 0.518407726882998
0.00972643827641974 -0.0546116617760687 0.00502512424893506 0.0928170306328337
-0.00254338562581534 -0.0590479266849131 0.219421486023634 -0.368678356379284
-0.0202021603640947 -0.0144342712844526 -0.289121901873397 -0.725465311660132
-0.00480304942960561 0.0140895860732108 -0.854806332520634 -0.134264660399156
0.0162006162116076 0.0165195350165523 -0.376422181392931 0.593410714043257
-0.00303650452148755 0.00199835869148811 0.216552998067772 0.44937199980926
-0.00831419625265894 -0.011347681032861 0.327986698945442 0.0574701543602194
-0.00308040394899506 -0.00767476501979272 0.15136305136432 -0.197497094687219
-0.0160538873657066 0.00720033760266065 -0.111183328447014 0.138130463270197
-0.012118948496406 0.00392061060276811 -0.25411014780245 -0.0344550402528636
-0.0158881195903982 -0.0069135600646402 -0.266042254265328 -0.319194898941297
-0.00363648434494475 -0.00487796299258556 0.166758906624963 -0.531936098774612
-0.0171197434230555 0.00185192832901858 0.706950739110588 -0.11815827889503
-0.0208295320045627 -0.0310094146452791 0.492702579563284 0.534962861659509
-0.00434081203546244 -0.049777338891707 -0.0721034049115015 0.503326948815142
0.0178765174248766 -0.0606500577138525 0.0154263038782558 0.0708785896680306
-0.00373275380367615 -0.0634052614272482 0.192371793129096 -0.401312126054984
-0.0245977620112413 -0.011666187776855 -0.375504657164299 -0.688057963770219
-0.00792626954322993 0.017336726742292 -0.848507289753115 -0.0215630740556371
0.0155943260904495 0.0133801484029629 -0.287725642133515 0.633284924680942
-0.00120593560882131 -0.000496533911178911 0.262511499744263 0.421944296795042
-0.00512981747596494 -0.0115143576482204 0.331161079688677 0.029748831498529
-0.0034841170997486 -0.00538451503370069 0.145866540809859 -0.204344593525777
-0.0151029422812486 0.0101714843703272 -0.115637811018015 0.130367655393239
-0.00800503224477366 0.00621381748865164 -0.249500532606582 -0.0527726638127038
-0.0107046792122903 -0.00851289073916421 -0.230154183872577 -0.344809812205603
-0.00519613878494705 -0.00662808064196704 0.24320949554144 -0.5082109729434
-0.0213984050968492 0.00102727319833198 0.7311455086998 -0.0247206880919513
-0.0204418829466869 -0.031259080857932 0.425813359267552 0.590235197556089
0.0016080438158605 -0.0495043145718775 -0.11044406754465 0.484892127222094
0.0222658463973502 -0.0574512966072446 0.0262732840177252 0.0473057369953661
-0.00580324679388443 -0.0575831265935084 0.16256583389544 -0.434100777157427
-0.0278014427944326 -0.00307252816315144 -0.455059703383001 -0.639248122886156
-0.00942580307996705 0.0197903852581986 -0.8264137995676 0.0924900339689345
0.0140094288810529 0.00983990905545797 -0.191533546919361 0.657258953186523
0.00365915407964384 -0.00155278320636013 0.308894249281855 0.387241279345162
6.28594775815266E-05 -0.00733092287564424 0.332587814824522 0.00041578977214723
-0.00496610844688708 -0.00222313729430517 0.139641920768086 -0.211718338374808
-0.0137371491781046 0.0113703407520744 -0.120506638595409 0.125101566421468
-0.00348314458593483 0.00923616011368654 -0.241082011519517 -0.0672253398951864
-0.00562434737068022 -0.00928454867947605 -0.192693842373544 -0.367007561062452
-0.00558868894527119 -0.00821755413454206 0.307516689854081 -0.4793212700209
-0.0232457550738165 0.000176773032963369 0.737697219023717 0.0655585433353642
-0.0154192273643009 -0.0260043249689188 0.359483744340321 0.635052143387275
0.00556675388888569 -0.0395383571273615 -0.140930755539363 0.467171823205559
0.0206358503592244 -0.0471355643601244 0.0379991777255548 0.0282469007703624
-0.00637690091597135 -0.0449543083890207 0.130760772950655 -0.45988247327133
-0.0244908036164141 0.00791310190080275 -0.520093125875839 -0.585911872190965
-0.010038559615771 0.0210887354417022 -0.797900699555587 0.18691010679624
0.0143690635648993 0.00678996318026972 -0.109223493542404 0.666138059065122
0.00852321928227807 -0.00192728441552355 0.344001906337526 0.350589845568235
0.00560269091015815 -0.00297610729789564 0.332650417733422 -0.0220614651291755
-0.00526639138184357 0.00115013312838511 0.130424964284686 -0.216021201901304
-0.0130925869103149 0.0147128642306742 -0.126234145690366 0.12341919709481
0.000783258872126774 0.0131939046958706 -0.235921034498901 -0.0778305151530314
-5.53523213488987E-05 -0.008600279177279 -0.164948099716841 -0.382030529387521
-0.00582822067601348 -0.0107956191192168 0.352805504659479 -0.456827491513346
-0.0214766230307701 -0.00173607018283027 0.733502428333628 0.131760146416078
-0.0104657125539999 -0.0163330159142405 0.309645051744724 0.664180719095375
0.00332686877562326 -0.0230440132406568 -0.159787588756522 0.449321568723634
0.0142788616786189 -0.0294767301301518 0.0477333252550813 0.0130399917916555
-0.00680767015101496 -0.0280570271253283 0.108734383943139 -0.475671754337514
-0.0177060370206438 0.0176528434862404 -0.563510134421781 -0.544460942028679
-0.0103864676220915 0.0222213244491351 -0.775027870030737 0.252147501256961
0.0131080365083223 0.00324685011230926 -0.0521684019977912 0.666862669296268
0.0146912202355893 -0.000831829272442517 0.367257966687691 0.321582872930866
0.0112180657393516 0.000630148213805162 0.330611233809785 -0.0384750936732338
-0.00372671485231522 0.00354046784258099 0.12299994232008 -0.219604320244288
-0.0103305187007974 0.0161740380085336 -0.132114692727959 0.122761366888535
0.00453525614111052 0.0177107557863519 -0.231025935152358 -0.0788012260616018
0.00338572957060997 -0.00486850006261513 -0.148806863783283 -0.390832705399877
-0.00344940783124709 -0.0125780037897945 0.371567645928026 -0.447576883540223
-0.0167299743056988 -0.00105174165645783 0.727089825365904 0.165664678697114
-0.00412509184284767 -0.00265812194660368 0.282244015400251 0.674940065002279
-0.00196095656111073 -0.00253887299768226 -0.165545372263391 0.442989185236025
0.00429682311702896 -0.00901652559219844 0.0558295374626741 0.00662320904189398
-0.00622261605415855 -0.00647357729882295 0.098550685790121 -0.483526482622877
-0.00902174253828706 0.0246628823175229 -0.584108932218914 -0.521372759508948
-0.00777582925820588 0.0202829789747501 -0.762361125906033 0.282665513930034
0.0128227465798643 0.00111582004997675 -0.0260164404886188 0.663113720181412
0.0195368646806621 0.00149235198497452 0.379392405240432 0.304501811798613
0.0143907744819158 0.00392834291676681 0.331143775160657 -0.0451977893168148
-0.00199854018991523 0.00433857049085386 0.116218828666716 -0.219626675287114
-0.00632947561435776 0.0182132823687362 -0.137938062622322 0.125164364636902
0.00592148162244181 0.0192751589630826 -0.232580403216984 -0.0724055319805188
0.0061626901489627 -0.00257330828189337 -0.150670667911394 -0.395012126071964
-0.00244550825035171 -0.0134659514635619 0.363372322801918 -0.455485584245245
-0.0113904990342633 0.000893549696394657 0.725647106474163 0.157729520240694
0.00153384521784354 0.0108704955097753 0.28664359559493 0.673370301253462
-0.00986239927347963 0.0196466553867953 -0.157157094358764 0.445411934384434
-0.00757220935833842 0.0130664621124469 0.0572707666136611 0.00931855012018685
-0.00626619380642508 0.0139389184199251 0.101960563859703 -0.479868975212966
0.000863160572298299 0.0315089292859799 -0.58169781716619 -0.523108444908757
-0.00398655633196676 0.0182007399467187 -0.771779453639522 0.280812151592213
0.0126552961004577 -0.00120104256760412 -0.0337200828882907 0.659620777943018
0.0245168642359059 0.00190081433655943 0.379168833017848 0.304897682653869
0.0180642921326763 0.00692110070544527 0.33391239689186 -0.0392285871881597
0.000313943662336578 0.00349065623585689 0.112701144874072 -0.21792629326568
-0.00397098538910744 0.0182305437925761 -0.142090215110054 0.129214191557939
0.00676619273090779 0.0218853052189733 -0.238230653110413 -0.0635955892870586
0.00564374155877746 0.000882447553191975 -0.169251086260447 -0.390206105669966
0.000414527633074829 -0.0145802551812463 0.328760311303911 -0.481514961738386
-0.00245313243864072 0.000311984192810982 0.722321319761114 0.107414046776868
0.0062876952826363 0.0209933732196489 0.328677277894681 0.656766269006318
-0.0162213800416939 0.0392441575332277 -0.137698323496799 0.455227748854614
-0.020474085126906 0.0332404937662629 0.0561275712506602 0.0213732265624902
-0.00584909284972111 0.0311968978769624 0.121496436980535 -0.470451082189308
0.00961305143122277 0.0368585949208863 -0.553663236283815 -0.555814986649473
0.00194807151669923 0.0154094154147433 -0.795421174780039 0.233002713231873
0.0137479353388983 -0.00220481065889981 -0.0823248148857227 0.653279309561831
0.0269855659964551 0.00486063681961881 0.365603840488449 0.321793361368287
0.0177653632020838 0.00851085755945383 0.335761295336267 -0.0244289508647753
0.0030099874716415 0.00339552856649715 0.111741838708296 -0.210919380477131
-0.0141774584183673 0.00616620369604939 -0.112479936970689 0.148265403461348
-0.0139515999334424 0.00403531128748603 -0.260787514778749 -0.0144789224051914
-0.0190398046886708 -0.0031761213339233 -0.30125436338518 -0.295492387408753
-0.00187787905704645 -0.00409680597080029 0.0912222988703 -0.554946756650374
-0.0109376404593968 0.00269597721905896 0.681057182730278 -0.207646745362457
-0.0188476215378609 -0.0283491666977453 0.554868210983263 0.483673297992026
-0.0103075473292662 -0.0445138759192635 -0.0349266171500257 0.525337978455717
0.00930659992093877 -0.0561366478072598 0.00380772945050143 0.0949740768995191
-0.00260794898605133 -0.0601751268952891 0.223445691205261 -0.374751791727179
-0.0196136098126264 -0.0143917795175543 -0.295842825650945 -0.739886739979467
-0.00417023489104367 0.013359500762767 -0.866729545039343 -0.134603992145195
0.0166321917447315 0.0167847146415796 -0.381112947546147 0.603078230968397
-0.00301958395962928 0.00213858298074639 0.219923892465957 0.455873007779919
-0.00926749277226086 -0.013019038500353 0.334313844065267 0.0579270630214834
-0.00262080078401908 -0.00678144415625502 0.154166664913509 -0.202001990796825
-0.0151115128501601 0.00781395142659611 -0.113423607877228 0.140325895025626
-0.0111240017185977 0.00415463569994963 -0.258691668448184 -0.0343061587641979
-0.0162651183017202 -0.00594612652053042 -0.270148659800106 -0.323573056669163
-0.00320482949033341 -0.00480278625788215 0.168138175496376 -0.540148954056198
-0.0170117172789849 0.00239940438566241 0.716898955007225 -0.120624090101113
-0.022253045270327 -0.0316149724244142 0.49978197257898 0.542374259689652
-0.00451765502220764 -0.050581922808777 -0.0754373238070795 0.509913859292284
0.0187054511471563 -0.0608150741078537 0.014570483736858 0.0710190667542508
-0.00264575005763984 -0.062949945232927 0.194294800009546 -0.407019955106308
-0.0252506565920013 -0.0116572551406296 -0.380524967923472 -0.697092985679396
-0.00867242958603014 0.0169793622819133 -0.860029119261537 -0.021137836029486
0.0156376648221297 0.0125294160345435 -0.292840971750626 0.641229860248567
-0.00087303217422339 0.000679337412790644 0.266368337724381 0.427340431963225
-0.00561335307311993 -0.0103154494324855 0.336519859420211 0.0294641668066838
-0.00433610247540761 -0.00423932974849671 0.148740937524317 -0.208158853919211
-0.014497508562896 0.00989469847327175 -0.118513723639542 0.133093510802442
-0.00797527419750582 0.00689019661299521 -0.252162794526376 -0.0521989264854004
-0.01138344729622 -0.00897565167634182 -0.233904669641358 -0.349966514251386
-0.00516965112809501 -0.00586633893215465 0.246885931210331 -0.515160301862108
-0.022009731689642 0.00122008698571147 0.740757883734894 -0.0242847105055656
-0.0202303014643396 -0.0308603244673883 0.431738325950198 0.59942498921876
0.00185801430499693 -0.0489384428528168 -0.113455257874553 0.492407882587112
0.0223462941682616 -0.0587612746381509 0.0269482109678495 0.0489325999259042
-0.00495091367353147 -0.0588370938518468 0.163997101586429 -0.439547818493278
-0.0268064066966192 -0.00335338269839892 -0.462254929061561 -0.647157739187254
-0.00995275764041801 0.01976556153639 -0.839991697843778 0.0946212288324794
0.015084335713701 0.010387104444478 -0.194823135693923 0.666472021177298
0.00472406941416112 -0.0014118245606544 0.312316461804851 0.393354322331683
5.50474503194821E-05 -0.00704588132255435 0.337960747977048 0.000267535228520631
-0.0049803856846538 -0.00115167213504808 0.14215463737773 -0.215289567766294
-0.0137838467059894 0.0121128104722286 -0.122392125477956 0.128295215909877
-0.00361222221024799 0.00959286538066496 -0.245606156023459 -0.0682886498188803
-0.00564924324641893 -0.00942296030173079 -0.197811109860219 -0.372507802252859
-0.00523424068491856 -0.00898030223696716 0.311221369145175 -0.487215886692699
-0.0228650239425518 -0.000863023028135795 0.74713288433166 0.0629354841480089
-0.0152398990814786 -0.0276924861737029 0.364979136104966 0.644380636455719
0.00520848991929194 -0.0404692996592522 -0.145244510901128 0.471599030325107
0.0205028466432534 -0.0467882077492229 0.0382924017577685 0.02944887973722
-0.00727804430562467 -0.0470292320318051 0.134406007967301 -0.46588350553044
-0.0250729647152147 0.0076150067910119 -0.527355755932858 -0.59380824996627
-0.0102733885379087 0.0222827827336303 -0.810375715489947 0.189723954718454
0.0132523756049141 0.00645895669032098 -0.111094564014391 0.67876874383395
0.00959808921641436 -0.00205962799429042 0.349984406973346 0.355845087674967
0.00620625855043695 -0.00402341674794458 0.337576795165625 -0.0225788017362042
-0.00558779899061392 0.00116421795486155 0.132361503857446 -0.22181138790382
-0.0129579863409447 0.0150261491383998 -0.128050644456988 0.126758515971078
0.000740535079592651 0.0126692834860941 -0.240074546713712 -0.0762481835812264
1.68959640287208E-05 -0.00780791592231322 -0.167202405213713 -0.387059033917945
-0.00470001534160733 -0.010793415325556 0.356902242877759 -0.462259707510411
-0.0206224192027449 -0.00139547046438896 0.74619539033199 0.134055521114667
-0.00949880757579913 -0.0167764617277443 0.311581509409729 0.672605074151368
0.00348571853707041 -0.0238790507798085 -0.162946652672207 0.455290018166047
0.0149101121726121 -0.0305428627972878 0.0498445655767065 0.0130451219034101
-0.0065324140072011 -0.0283583589920305 0.109766781479436 -0.483928126700624
-0.0181598161054625 0.0166889353412043 -0.571415996643023 -0.552690475451243
-0.00978657617554985 0.0225777510385033 -0.785549924522022 0.258006292666917
0.0129249068260728 0.00279421491213987 -0.0530133645930668 0.676342171302078
0.0144699648754623 -0.00178449472303868 0.373037102575405 0.326913047109767
0.0107914825970399 0.000288689620136807 0.33648750574189 -0.0403428209531036
-0.00492226826673228 0.00287625106084946 0.124869370524067 -0.222536421115109
-0.00966859069130454 0.0181067065186917 -0.134627785774659 0.125424617667342
0.00382507360410411 0.0179761592224153 -0.235369483803307 -0.0788313266727187
0.00321286673508815 -0.00564678547587731 -0.151396476950151 -0.396626896476732
-0.0046077629369617 -0.013483708414113 0.375262466373175 -0.452642466229754
-0.0170781830896905 -0.0011705373997946 0.739584120926236 0.167380893772645
-0.00421848967131089 -0.00283195933348369 0.284222110349896 0.685015698736825
-0.00234273320649903 -0.00205425608687313 -0.166780077566018 0.448053014740333
0.0041838289728078 -0.00915542325892314 0.0557261180426144 0.00669109122695301
-0.00648537737196467 -0.00703228126185059 0.100291552992006 -0.490218647451263
-0.00951520276342178 0.0253162358779668 -0.592850268315396 -0.528698469214003
-0.00792055205484129 0.0213500324104078 -0.773613758376735 0.287414812457682
0.0133840172088147 -0.000690297383409269 -0.0253108343305566 0.673530992755706
0.0204477842706315 0.000620590216524393 0.38632568750843 0.309863500860976
0.0147055710784773 0.00315293873190497 0.336121084311662 -0.0462467183921484
-0.0028717063282047 0.00469164419288315 0.119328827632537 -0.223483358957018
-0.00659445470579803 0.0176902084218314 -0.14046863371167 0.127950457572571
0.00647975863945403 0.020687615473934 -0.237530343414611 -0.0738876544772693
0.00605751119284692 -0.000481170234851377 -0.152535726129264 -0.401331092041234
-0.0019189497050565 -0.0139083960042608 0.368112873083013 -0.461838058158087
-0.010230361091848 -0.000363106793260611 0.73542059313665 0.15903243118326
0.00137448709706091 0.0101632493605908 0.291614299485095 0.683367532857708
-0.0103145676118715 0.0195155106360959 -0.159938433742156 0.451088893739425
-0.00879955393326003 0.012920106508974 0.058212455634679 0.0108919497703572
-0.00495362969741365 0.013784931050295 0.104295843225297 -0.487618357637599
0.000872813682972136 0.0313207207392322 -0.587761566393788 -0.530256949066222
-0.00343014911889343 0.0184070655121808 -0.781173617036852 0.285135861618178
0.0127164495784905 -0.0020712049535057 -0.037091535444324 0.669190112265699
0.0243160566479377 0.00278164892430297 0.385437304890565 0.309554398767614
0.0170726446493488 0.00624358669014583 0.33733667496325 -0.0403880996509611
0.000160802356482439 0.0039119924147075 0.114650800513769 -0.221416091603045
-0.0038672317772189 0.0197913092457102 -0.144619056203248 0.132985086523998
0.00633336326426032 0.022220811531378 -0.241396279160632 -0.0628960700468113
0.0064444721011037 0.00195027601954122 -0.17253630233415 -0.396345381266132
-0.000260731840006961 -0.0149561185509892 0.333616099279828 -0.489028501619486
-0.0032376562207832 0.000104916968751078 0.733869417071261 0.109398197668662
0.0078429481301766 0.0220074236089788 0.332161429688522 0.66529432691652
-0.0185102849523499 0.0398102201435173 -0.140809356880824 0.46273114850613
-0.0205285987252233 0.0329245523091395 0.056881663080362 0.02093648643337
-0.00600146897185921 0.0313801439972913 0.124235263661024 -0.477559058017826
0.0106966398638861 0.0371366205169824 -0.561302274187922 -0.562326712046484
0.00153080567952447 0.0152053142202262 -0.809448507562513 0.237472510205803
0.0147856264404662 -0.0016981702062052 -0.083200247410733 0.665012572838599
0.0269619308991575 0.00631668475329916 0.370497853638726 0.32656487642513
0.0172283290950603 0.00888562698562003 0.342229109728351 -0.0253174767908135
0.0029364935939907 0.00451514319216027 0.114658087885625 -0.215645945484137
-0.0137420087865276 0.00670755199159144 -0.113774999467829 0.151803548435611
-0.0141349643373947 0.00436965153972883 -0.266518825871133 -0.0127616381513687
-0.019873480986838 -0.00370432759899951 -0.307615629693209 -0.298661658350317
-0.000893182754829691 -0.00402469679089055 0.0919064324542939 -0.564755274207673
-0.0103459511678426 0.00232158001975464 0.693319314131178 -0.213976256173681
-0.0198388431197677 -0.0290462191203829 0.565265536944902 0.487940162476385
-0.0107109118590857 -0.0439417546238402 -0.0349712433409508 0.532663790396946
0.00930454915804449 -0.0563005168866703 0.00443456374972985 0.0963341909804588
-0.00196991828296633 -0.0610858182891554 0.225482140589701 -0.379980245450839
-0.0203857639270395 -0.0153449363858295 -0.300258029353157 -0.747138662969746
-0.00431741031742116 0.015079488067688 -0.880787450421872 -0.133956066917899
0.0167555238351229 0.0167814518643389 -0.386367830275843 0.613259181958649
-0.00279931870643662 0.00195968260056948 0.224671828403062 0.46223818272157
-0.01011849710253 -0.0126742663170514 0.339244490967295 0.0574021698274532
-0.00372050131042376 -0.00795595039351864 0.157567406225616 -0.206511181361414
-0.0147512252016419 0.00816059837722925 -0.115598283600829 0.144184244861577
-0.0119557206575743 0.00561599689005501 -0.262499913301361 -0.031975077813147
-0.0166772621733918 -0.00654861723744619 -0.277036727232537 -0.327017300340452
-0.00437293318375397 -0.00454344488256895 0.168178952775031 -0.549636398168099
-0.0170370637565784 0.00278484176674476 0.728077585525677 -0.124325695233504
-0.0226497769770579 -0.0324219300722362 0.509722949614515 0.547676116645767
-0.00478770479941794 -0.051102702080696 -0.0748762507957058 0.517563836187768
0.017836379249443 -0.0618108558587126 0.0143850884216455 0.0734932206546609
-0.00337115124242298 -0.0652186795342191 0.1966327665349 -0.414023487203774
-0.0253949030023248 -0.0120151612732657 -0.386670285344545 -0.708130283597298
-0.00724560982132293 0.0174362567462841 -0.873704796461724 -0.0191567739887991
0.0153963406763914 0.0130640468480019 -0.293609268733931 0.651691614714484
0.000594884688674967 -0.000892055677746564 0.273095016509245 0.434342221529274
-0.00530358262940417 -0.0117229044040297 0.344249991720609 0.0281235751446988
-0.00474508205064298 -0.00450016649988431 0.151335759328534 -0.213048560056177
-0.0159772545166795 0.0111524492879583 -0.119827904055182 0.1370363500874
-0.00744208539455526 0.00659132304794155 -0.25793856656618 -0.0509493374341975
-0.0116783137895533 -0.0087928755217198 -0.239208993234697 -0.355272016492517
-0.00544615006227548 -0.00649529764777622 0.246226076579201 -0.524523814199752
-0.0213574650087746 0.0015163066443786 0.753972506608769 -0.0268437375456766
-0.0202105495710904 -0.0318536565566513 0.441129332905528 0.608288716285705
0.00178447062500384 -0.0503436295504728 -0.112653114169128 0.498029907123671
0.0224393081555262 -0.0601176545297374 0.0276420438121505 0.0497865466820195
-0.00483998714968635 -0.0604337415245342 0.165328430653366 -0.446637432788981
-0.0266036664082882 -0.00307843958438167 -0.471028283069594 -0.657611995128911
-0.00965884168624074 0.0209801620149523 -0.852032709818104 0.0984064108224142
0.0145944668575432 0.00988723204158539 -0.196056610736601 0.677564258735609
0.00381470024606979 -0.00180231946527927 0.318559692890759 0.397887388756793
-0.000603399645065006 -0.0079821861313807 0.342852620717505 -0.00203475743058772
-0.00579874078839212 -0.00208015161316947 0.145158304356272 -0.219684208637269
-0.0146253557275056 0.0129507792697934 -0.126162442053909 0.132823047712926
-0.00225419027355237 0.0104194419882531 -0.250712848402649 -0.0671740558926582
-0.00506815364943847 -0.00994213431976596 -0.202014192918438 -0.377157077304493
-0.00575438692958211 -0.00939683298552472 0.313355373090239 -0.497332064133562
-0.0234168281564013 -0.000621872494938315 0.760909172175855 0.0655609361038881
-0.0160823731149822 -0.0272068691774991 0.372322000231812 0.651674887990259
0.00428075809543857 -0.0410530837954532 -0.1441649296478 0.480136632614025
0.0213837806477629 -0.0488239210387889 0.0396620854392739 0.03018100800762
-0.00724006735233933 -0.0479034273086791 0.133603443266259 -0.473882535161386
-0.0242696370759184 0.00709450487886792 -0.535802300225768 -0.602834977776137
-0.0102656428966587 0.0223732346374686 -0.822944484390717 0.193458101936778
0.0138921222188329 0.0057138789577652 -0.109941605419313 0.68692064164395
0.0094231147233646 -0.00212486620482404 0.357602360072578 0.359465937463694
0.00548862536166707 -0.00402902640587263 0.343239263031145 -0.0255231974899306
-0.00578024422408329 0.0019832885838122 0.13547209184838 -0.2252622128946
-0.0130783778757015 0.0156193859226216 -0.131679640186423 0.130258075643145
0.00125527264949824 0.014363283377493 -0.242769722073688 -0.0756252380031295
-0.000278316767929283 -0.0084547076694075 -0.171660327190982 -0.392558208197236
-0.00598589379097876 -0.0118407180073093 0.361187684592156 -0.472098300478777
-0.0217933141069027 -0.00121544161768942 0.758800015747154 0.133300927359078
-0.0100184905493443 -0.0171180498123421 0.319460644295904 0.680331376193748
0.00340678366701926 -0.0237345631428973 -0.163134622051249 0.463003038649809
0.0149791170892045 -0.030772957869752 0.0495801189667861 0.0136344015973825
-0.00743330845651472 -0.0296060231673218 0.111363049465897 -0.49066023647543
-0.0184782844209859 0.0165976073211967 -0.580954073559431 -0.557582436799497
-0.00942851664661585 0.0227419320580675 -0.796392033390483 0.266509177916283
0.0132256117304291 0.00300426775877067 -0.0510522717231247 0.688208143582302
0.0156989746656478 -0.00124389652571724 0.380732633041748 0.330139703633757
0.0112568541920454 -0.000362711766697449 0.341574405594414 -0.0423910047623613
-0.00545469559807939 0.00386574538658282 0.126345668907364 -0.22913836617728
-0.0107634730797624 0.0178281074209324 -0.136999975134343 0.129335844051034
0.00489486517513586 0.017702776244671 -0.239568588445009 -0.0782844847175294
0.0039616732098071 -0.00525796701708242 -0.156347343673848 -0.40175971380397
-0.00379294306717398 -0.0139920446429141 0.380378745752457 -0.464379332407486
-0.0169793941310829 -0.000210566112809607 0.749623231516837 0.16613636967746
-0.00442929106982662 -0.00337415113874645 0.291154450176986 0.694215363018881
-0.00275191815305925 -0.00244037200313423 -0.168749712151441 0.455123857345181
0.00545194213424578 -0.00891920006841132 0.057087059698813 0.00854748699006646
-0.00684736846072126 -0.00742951104414709 0.101092246588998 -0.496888097402091
-0.00928904944664782 0.0260236984486273 -0.604377519182069 -0.53559453696627
-0.00812122886449394 0.02193448717078 -0.787142675413963 0.29689763191757
0.0131318496959501 -0.000533557396868722 -0.0225620421488623 0.683527026869607
0.020856540046742 0.000377454229052306 0.39421614589584 0.312952718124863
0.0153802350629725 0.00333507459432303 0.341553817972288 -0.0477769949136163
-0.00384281023854164 0.00526912904959795 0.120320930166864 -0.228721151218955
-0.00568305345310697 0.0194828251602979 -0.143554616099118 0.131928910289365
0.00765425537175661 0.0209107007489384 -0.240523784552912 -0.0720631015436596
0.00652571487912328 -0.00186323803168516 -0.157281914855433 -0.405130092498339
-0.0011509403928237 -0.0145686215804829 0.373941585602598 -0.470612979894612
-0.0105401960236709 0.000753992195876272 0.748738457613409 0.158445467333128
0.00178826462855438 0.0101662647629485 0.296797189151159 0.692375529529061
-0.0105557150868767 0.0202839009187721 -0.161569599972118 0.457701749452215
-0.00611676134379122 0.0133828754995904 0.0598598979346604 0.0100613494484899
-0.00558690191556901 0.0138752505601853 0.102973495251487 -0.495355753242321
0.00139678226959681 0.0316648866261993 -0.598996787087478 -0.538626491750139
-0.0039787926931875 0.0182794217485713 -0.792772325785285 0.292030621701975
0.0130032818725442 -0.0019200863394056 -0.0347578711943926 0.678461216510591
0.0254455005512654 0.00270648726817513 0.392708616733255 0.312725280738023
0.0180489667486655 0.00680167983073889 0.343965766167642 -0.043856333944824
-4.49664297155596E-05 0.00555333106309372 0.115371559469225 -0.22562887508529
-0.00378811508633742 0.018517481682829 -0.146951937919395 0.136463250005714
0.00714414610166687 0.0230643724831935 -0.244564522327506 -0.0618845005532309
0.00585051811293396 0.00179927967533867 -0.176474731641027 -0.400134393046982
5.08671212547229E-05 -0.0157915478961033 0.336744293051093 -0.497709998098655
-0.00337823528638076 0.000895226173489578 0.747138184717964 0.107772117812196
0.00687492758108793 0.02164719959664 0.338791059849769 0.673376340239939
-0.0180116745447686 0.0395479846400078 -0.140315206678885 0.468666118382824
-0.0208525593639029 0.0337646212358939 0.0581098767667558 0.0219217964969201
-0.00622659012771822 0.0315015745162983 0.124760238238635 -0.484542177060173
0.0104834201339408 0.0380803338104701 -0.572541051362961 -0.57078142793791
0.00270548584222948 0.0159575003600426 -0.820858158990198 0.244333241951031
0.0147528759765977 -0.0022647854175781 -0.0830029125258723 0.675012955807394
0.0275513857098302 0.00509227513352988 0.378754637077194 0.330493867496562
0.0182639751250239 0.00841723324511478 0.348340037369301 -0.0278082034993844
0.00201426257076639 0.00444536234972285 0.11688346495872 -0.221229905095441
-0.0130326989084296 0.0074015686343588 -0.116053017954663 0.156831979226091
-0.0141855279098751 0.00364425738511682 -0.270205301075922 -0.00890664630806868
-0.0201502647990703 -0.00359239191974615 -0.315863413031696 -0.300218472875418
-0.0018167716180265 -0.00343544440270509 0.0867074398710999 -0.574483688496205
-0.0103496874518313 0.00289531499821653 0.701188138088426 -0.222369068378068
-0.0208125806801727 -0.0292939626572958 0.578308085911293 0.491811854172632
-0.0107150022506496 -0.044010392743053 -0.0314125003117555 0.541627528085756
0.00951384961981056 -0.0576261952835187 0.00565082400810321 0.0978331439751019
-0.00292075448161201 -0.0622847089432699 0.227264861015886 -0.38768357125863
-0.0208869721994909 -0.0159677220303408 -0.310249475486728 -0.758855725763202
-0.00444304306383411 0.0152348066079241 -0.897312897133744 -0.131683990164028
0.0173582378211843 0.0169875728420337 -0.388317822064558 0.626110967640853
-0.00299893585843154 0.0012242781417919 0.230224726454282 0.469599803534584
-0.0103653958629285 -0.0132577161750375 0.346365653073548 0.0558304111753974
-0.00359784502890745 -0.00781654974889742 0.157741610210825 -0.210839929195209
-0.0154092051391829 0.00829065663392065 -0.117865657037797 0.148160736305423
-0.0115129286748834 0.00564564945893108 -0.268186554473474 -0.0301948200045392
-0.0175762134958597 -0.00679243431455771 -0.282953881014417 -0.329311382480226
-0.00386118910397363 -0.00484330036848553 0.167863321577566 -0.56047704712929
-0.0173047355967368 0.00277946070117441 0.74032788076948 -0.130158503264074
-0.0238328288872254 -0.0321221651064602 0.520755665327824 0.554351208389675
-0.00527950654642328 -0.0519878850737177 -0.0726920017628102 0.525375292630395
0.0185095551864673 -0.0637624716813968 0.0158925978932519 0.0748951755691094
-0.00359821519686989 -0.0663401017592243 0.198615364111669 -0.422177131838997
-0.025616400806165 -0.0118587678986436 -0.397924122093751 -0.716839750463972
-0.0076759584200929 0.0183617988087358 -0.88838375174875 -0.0145929907159317
0.0155296602963551 0.0133602437932957 -0.294698299419838 0.665778683068073
-0.000209844448097151 -0.000451967585664246 0.27906911467538 0.439218937295694
-0.00557567202062878 -0.0113831010325862 0.349017054127668 0.0252387584991298
-0.00572094069846749 -0.00502004845691224 0.152754913806145 -0.218082442278134
-0.0154375638313536 0.0115650830363462 -0.122631926706759 0.140919434423658
-0.007566180889834 0.00742952295940565 -0.261802851943028 -0.0488963399601551
-0.0116368196270684 -0.00850964706304783 -0.245339724858297 -0.357861100880522
-0.00571065862858053 -0.00675315696878523 0.247374706755874 -0.534834571323319
-0.0224772721178528 0.00229594411115054 0.763439319237026 -0.0341975073753058
-0.0206524191758412 -0.0321566799901704 0.452054857909401 0.613335505020745
0.00222100286021307 -0.0510535772425947 -0.112830333197663 0.505536514791204
0.0225422540815642 -0.0606833383765445 0.0278616166654953 0.0509179495850238
-0.0056200782511236 -0.0607482731034252 0.165991256694587 -0.45416071464366
-0.0265794887829707 -0.00352361121438264 -0.480462403558632 -0.664150525832578
-0.0106008292257401 0.0209183947685989 -0.864773873608955 0.10673927145478
0.0154339522233403 0.010132577615839 -0.193471002614471 0.690332309506999
0.00468898979983863 -0.002571157986594 0.327206809577296 0.401165226689306
3.61457046227642E-05 -0.00817641978870613 0.349651041316734 -0.00395085258802884
-0.00579504260682015 -0.00144804248219128 0.144866654825842 -0.22513816767642
-0.0140792768837647 0.0133137980761918 -0.127801464869833 0.136220878798416
-0.00255271493454428 0.0106575819347853 -0.254988216114077 -0.0643216128871376
-0.00598018938206763 -0.00990060070725025 -0.206626958545038 -0.381004840646221
-0.00603246642258374 -0.00937042004633701 0.315602931768531 -0.507605110014436
-0.0236374673092297 -7.62556536252831E-06 0.775260956383095 0.0602484234994478
-0.0160737669898388 -0.027948830164802 0.38140933681265 0.659884393259897
0.00446822946571369 -0.040509331716103 -0.143757147682729 0.486190382359806
0.0208440229732334 -0.0496993110298292 0.0398480096006841 0.0303122477327481
-0.00816653854113615 -0.0484151177907467 0.135190103164083 -0.481740898010231
-0.0256104933581565 0.00740389111619132 -0.549268940729889 -0.609253611140934
-0.0106659088637823 0.0230601297235335 -0.834740212611294 0.20496241768376
0.0137112474694131 0.00612912219951788 -0.107087640739157 0.700984731169283
0.010022887682477 -0.00185310638780951 0.364699620887254 0.363807781135651
0.00641518384085165 -0.00390815923643889 0.348740662895018 -0.0277051097755558
-0.00580906297227349 0.00192034859567024 0.136360085967558 -0.230440698513687
-0.0120890705932304 0.0155520491074663 -0.13395748930305 0.133688859194109
0.00209250066368287 0.0136320207852704 -0.247885411475963 -0.0751065866961886
-0.000435067012669789 -0.00854307279935978 -0.176583399214623 -0.39695650153207
-0.00590994660164924 -0.0121470159630042 0.363354381627448 -0.48180401217623
-0.0215232582073714 -0.00113335009909568 0.772127635194963 0.132065326434051
-0.0100750946581589 -0.0175078463802996 0.328995862353952 0.690223089834711
0.00361376286946295 -0.0243699553586801 -0.163304272068538 0.472053299254703
0.0153283273740096 -0.0313396409157572 0.0502265650617789 0.0144536107887844
-0.00746168994826117 -0.0295842518097771 0.109409291540594 -0.49784187946017
-0.018409866909633 0.0174972634155079 -0.594488290219783 -0.563104274378318
-0.0095853582696284 0.0237082039942035 -0.80882797563591 0.2758885467252
0.012917781689038 0.002455110290821 -0.0475647692792419 0.699915105792569
0.0168327790783555 -0.00221479322350583 0.389024777438098 0.331547891591065
0.0111217755497782 -0.000635033104819287 0.347353693423835 -0.0455561482236797
-0.00591876135803917 0.00409773538913219 0.127062845160733 -0.234103251970378
-0.00901696047271237 0.018187590516797 -0.139726678453794 0.134262649762649
0.0057501662443539 0.0181778232930663 -0.243840809267594 -0.0761722390465644
0.00301526251970589 -0.00614976017986833 -0.161532555827181 -0.407491445677217
-0.00447913371937895 -0.0135479487681154 0.382138952343978 -0.473409408962982
-0.0168905447959591 -0.000361877443100039 0.764206654294288 0.16563232970821
-0.00393411341589032 -0.00425195584155134 0.299782907035136 0.7024365268268
-0.00269320696806654 -0.00155612415778312 -0.169573383877851 0.463333406860389
0.00511831609467056 -0.00860129110127458 0.0573832849593455 0.0080557097804342
-0.0064162590348909 -0.00770326929048815 0.0993347231679917 -0.504921598333807
-0.00884108838291097 0.0252282176807474 -0.614900824715475 -0.540441303436021
-0.00766719278668097 0.0215349555026241 -0.794793561537534 0.304926371550039
0.013320422574528 -0.00014821049983053 -0.019913047184796 0.69363225374249
0.0213023199650121 -0.000901240820508595 0.400933300818579 0.314945612241774
0.0149269364645676 0.00391290295508197 0.347195903592717 -0.0517750266896182
-0.00314169493589756 0.00497241051071636 0.12027521955243 -0.233371593321506
-0.00585395550045214 0.0186276650091167 -0.14500781723871 0.137064461454792
0.00776575230391443 0.0214597550512297 -0.245052395564721 -0.0721851701424985
0.00545190036543776 -0.00280748792377144 -0.161569492070193 -0.411068608890677
-0.00123166662165545 -0.0151256480008252 0.376426612802959 -0.4807705291376
-0.0103680439207184 5.79623776315761E-05 0.762233922733257 0.15582975693322
0.00205584835719668 0.0106882429397654 0.307332382883114 0.701514764691802
-0.0112848235098072 0.021277116607601 -0.16204329658002 0.464429396272595
-0.00745619418421252 0.0134016662785321 0.060749293817606 0.0103658107988629
-0.00459842760827058 0.0137108426915687 0.103864739451269 -0.503615252774967
0.00142936385761598 0.0324884188480459 -0.611540691639612 -0.543828434459302
-0.00283203664622835 0.0193541259844056 -0.803062097268972 0.303026751106439
0.0135366634445709 -0.00180689755757864 -0.0300541178127003 0.690734158940664
0.024263986001377 0.00169929127458198 0.40065832152148 0.315296759554827
0.0172002322332251 0.00620558649698412 0.349682651018648 -0.0474273100092169
3.22929919095083E-05 0.00526702909333234 0.117545936231788 -0.230615612545449
-0.00285018294653648 0.0193231101669695 -0.149834878241593 0.141000184840776
0.00828096713506628 0.0225858943939906 -0.249507142199605 -0.05993105650414
0.00659186423758103 0.00227604085562748 -0.182448374892472 -0.405540100692522
-0.00063493620209521 -0.0158343378095871 0.338770028957988 -0.508746489357753
-0.00271845253803959 0.00163720108052398 0.75875185888383 0.105079427132078
0.00698096650453879 0.0224668213538035 0.34687365922881 0.679400695513784
-0.0184836256671764 0.041185912394506 -0.140340827496669 0.476045377831
-0.0210132320858522 0.0345545742393899 0.0589260475052477 0.0217914827106041
-0.00574432122004766 0.0328017380231797 0.123761575798268 -0.491805446558686
0.0120860939807281 0.0383187327133888 -0.584067246109213 -0.573771720398177
0.00216362675110219 0.0151917513560116 -0.832012782256852 0.255785639301981
0.0156746587139178 -0.00111825525611555 -0.0796281395524836 0.685346762380975
0.0272781755970596 0.00545675902307223 0.387677060013989 0.332696131539332
0.0186019455966302 0.00869233799122148 0.353395640312789 -0.0309301606980678
0.0026353895824888 0.00393148651006666 0.115772604165224 -0.224435864264108
-0.0136996800200697 0.00761384775323152 -0.116529560516274 0.161764255791841
-0.0132221404719201 0.00517945084254695 -0.275559061838103 -0.00386113644624832
-0.0199597672433787 -0.0036427426015609 -0.322687733093208 -0.300686096490576
-0.00223393497538243 -0.00326893105239132 0.0833260703425526 -0.583186813608336
-0.00992866734345904 0.00359670280974568 0.709929558232296 -0.232383137130787
-0.021376881534725 -0.0292690638416926 0.591768338619529 0.49279861688442
-0.0115414083187172 -0.0452815798952883 -0.0274288749970942 0.54863306251445
0.00923542083984612 -0.058011370636005 0.00610356361122836 0.0998759243259552
-0.00443548479161525 -0.0626947824345409 0.227964557256199 -0.393185175478546
-0.0211680478270024 -0.0163701483936473 -0.322257292488086 -0.766821909772578
-0.00463517256900495 0.015700632956107 -0.911816794331301 -0.124311831706953
0.0178958972707099 0.0162493545407886 -0.387741191771439 0.639032646647973
-0.00253560180773049 0.0014777736505584 0.241032861452039 0.475338421123183
-0.010017027622873 -0.0135409342823059 0.352256232324819 0.052292015416809
-0.0039799909491155 -0.00748424448867439 0.159683572880927 -0.216512246292656
-0.0152040828078424 0.0106994625577398 -0.119340870599378 0.152646397603791
-0.0116538723612636 0.00486652268908906 -0.272332488428112 -0.0262356101281219
-0.0171836208874883 -0.00722832527138407 -0.290463863311663 -0.332181559331932
-0.00387116289467855 -0.00513735037071911 0.163824911641201 -0.569713746691611
-0.0174184484296714 0.00272037572672044 0.751140438721504 -0.141746232978167
-0.0241201513807411 -0.0329595082420608 0.534250318169109 0.55663146780911
-0.00595845285137966 -0.0530951454556075 -0.0679500351538399 0.534122474362805
0.0181988266126843 -0.0656067419930549 0.0165518906629271 0.075911587394209
-0.00447291676925838 -0.0677356257509069 0.196558283050828 -0.42970397781186
-0.026521392507462 -0.0121104093274543 -0.408892691939233 -0.723622567108213
-0.00730677474573381 0.0192980156613008 -0.901115068405735 -0.0059442825376468
0.0164257659542948 0.0139176402321388 -0.293088301840316 0.679634270502953
0.000370053362799007 -0.00205197333780489 0.288966498826386 0.444013315310249
-0.00625486169632557 -0.0117504179463799 0.355120309840194 0.0222390091417011
-0.00539782137705043 -0.00454528018661831 0.153928108070537 -0.224692004278559
-0.0157366595569536 0.0121953586878999 -0.123508483996098 0.145245610868049
-0.00741488934806375 0.00816210224948859 -0.266751744542674 -0.0468283411315402
-0.0118149720672137 -0.00934211033083451 -0.252650359254933 -0.361019518793383
-0.0055276344782055 -0.00644903299695387 0.244697209619887 -0.546421811072581
-0.0218489928035443 0.00200252420330303 0.776937670073139 -0.0428818790240827
-0.0222229276277971 -0.0331177373431554 0.465274745137108 0.618577603850121
0.000499286105235197 -0.0507634667514277 -0.111784811630715 0.515897892268151
0.0218102593992752 -0.0619969826578874 0.0283441526223059 0.0512829018051224
-0.00625381808956486 -0.0623414564138054 0.165384875579013 -0.461972053842216
-0.0270396508333454 -0.00348219134588133 -0.495607597982746 -0.671554254644232
-0.00940317540582801 0.022149415641087 -0.878293502167065 0.115866441445676
0.0147867109068549 0.0096001048645177 -0.19110637698039 0.705166163698758
0.00436344307861779 -0.00210326270975282 0.337735152509154 0.404681496222654
-0.000210791141965467 -0.00876735324427744 0.354641608883575 -0.00782252741710087
-0.00706519757797186 -0.000922385725835635 0.146782594629153 -0.230193604680976
-0.0144174886960606 0.0144905672003122 -0.128708340543092 0.141337235208158
-0.00232829786808794 0.0112372363731075 -0.259553061794979 -0.0622487448534908
-0.00673708404083861 -0.0105011543248463 -0.214732798353289 -0.386099968233526
-0.00637905553764367 -0.00898401608022942 0.31511211311338 -0.51713030182423
-0.0247420775270002 0.000184961513459306 0.785665089553202 0.0534794546400639
-0.016734397848931 -0.0280543533243275 0.394310513630156 0.664473625624186
0.00388913449431881 -0.0427384152770004 -0.141486594646916 0.49513369602352
0.0217529749500655 -0.0499865780154075 0.0411452220024562 0.0296078338888756
-0.00788811892364828 -0.0477880492955499 0.131850852761177 -0.490740434544644
-0.0250265640767295 0.00606076058497677 -0.562516907904641 -0.613372428554837
-0.00903643417840816 0.0240203631337453 -0.848392264674829 0.218125035959876
0.0146533955398349 0.00511994457017921 -0.102432074504697 0.714603359414856
0.011030312873622 -0.00281397697657595 0.374596209024566 0.365252837483804
0.00566977488046831 -0.00457807293384484 0.354315127688145 -0.0333778830886454
-0.00622141423908615 0.000780562348194058 0.136382161966807 -0.23552904665599
-0.0119702063190245 0.0164062363796104 -0.135408479148736 0.138123938894636
0.00295531904538993 0.014578982201121 -0.253468034669024 -0.071873746699394
-0.00101224597104879 -0.00876105197864053 -0.184320887891095 -0.401524774935833
-0.00517416208725284 -0.0118145762979578 0.363614799803411 -0.493431219695767
-0.023260745186374 1.7152698028244E-05 0.785468316502741 0.125904741055783
-0.0106078438443804 -0.0179507302496427 0.340701389977142 0.695870076391464
0.00310144986325846 -0.0247361494073641 -0.162050497697882 0.478094775289641
0.0158432091492064 -0.0312440424079326 0.0518090273914488 0.0142686077596435
-0.00776624638138171 -0.0304733729513301 0.108108859709172 -0.5066826060413
-0.0180959107564512 0.0184511842967563 -0.608928022046055 -0.566648476493807
-0.00926645897818126 0.0250348752476733 -0.817238740936219 0.287917267222119
0.0143206821592002 0.0025428445080762 -0.0413365170762018 0.710134695228852
0.0158584151255104 -0.00197320318700187 0.399942412194399 0.332982269494201
0.0116722933197187 -0.00113230154113723 0.353438198417593 -0.0507677655422142
-0.0052147103714311 0.00367238779848613 0.127048620124107 -0.239375637216659
-0.00980217970535693 0.0190009250732021 -0.141219295098123 0.138385298949657
0.0058189585801591 0.0179262597328629 -0.249025181666487 -0.0729668317837398
0.00324151848469602 -0.00575933987191009 -0.166737069963511 -0.411838637746073
-0.00426375080541273 -0.0140257929498512 0.384754481344726 -0.485088187773693
-0.0177762898677713 0.000491988448929305 0.779580266564096 0.158542796536674
-0.00455342550802679 -0.00435467766724479 0.309971839591678 0.709699200282139
-0.00186188746309758 -0.00134481988423513 -0.168768109242137 0.470854245473601
0.00508609289768867 -0.00894569930535333 0.0590399675284613 0.00755724109374342
-0.00684784679168729 -0.00802397272671316 0.0944085409865385 -0.514138017870024
-0.00825415354236676 0.025647943069244 -0.629291027289353 -0.542677251345614
-0.00703579044436012 0.0219966625879287 -0.806405662247843 0.320223496386482
0.0134369159057334 -0.000386531380666079 -0.0124037680322285 0.705647928259228
0.0216068102772988 -0.000848670268657719 0.41237416566684 0.314492426403367
0.0148483162071716 0.00380776556884181 0.351575277128706 -0.0576540105885859
-0.0026821963162226 0.00549162755323289 0.119972926824851 -0.239525306617178
-0.006452066139632 0.0208887530976154 -0.146470573338898 0.141032352644375
0.00808943494917842 0.0218454277272906 -0.249600233020257 -0.0694404621367148
0.00643921098741055 -0.00205792837805878 -0.167668929030274 -0.414073328422735
-0.00378738114363216 -0.0150683383131696 0.373667409882844 -0.494166713890822
-0.0112686369613499 0.000522583620817491 0.776072550278815 0.149824303774745
0.00152192010848913 0.0110576596635487 0.31725342609386 0.707980211851307
-0.0108413967777226 0.021636431241757 -0.159528778173629 0.473285041182165
-0.00737923714419425 0.0144620630811311 0.062294527601048 0.0103554220043277
-0.00529221481084081 0.0135654722436947 0.101948806008078 -0.512892934540864
0.00280657149056149 0.0330545444555699 -0.626041861290144 -0.546519206613511
-0.00328592639552233 0.0193829070567464 -0.814373118079608 0.315749234677141
0.0141714615257137 -0.00172057583281148 -0.0244656578634709 0.702100307856443
0.0266805310113348 0.000823149658176514 0.411295063525225 0.31636525549559
0.0174265154312933 0.00617526906855745 0.354907936722354 -0.0523485555929033
-0.000402346446998357 0.00581610175914538 0.117072357496899 -0.236212823696746
-0.00210546836679609 0.0198240678492044 -0.149772675844085 0.145261942659425
0.00848039437043683 0.023774869727405 -0.253009330226929 -0.057224483201206
0.00657804969207717 0.00112070851723066 -0.188616981157223 -0.410825861169459
-0.000941136248855459 -0.016834508171497 0.338640704795981 -0.520244483780058
-0.00265348820944134 0.000614568653847679 0.77206997780218 0.0993873024813842
0.00777632206729652 0.0219299192651348 0.35868065820039 0.686843499038842
-0.0184588287836834 0.0426537298331644 -0.138206159340756 0.484282606232525
-0.0211542003926847 0.0352325556421636 0.0610557917233493 0.0216135688980188
-0.00537442795688459 0.0331011256944304 0.122972431912602 -0.499979027590047
0.012628710473489 0.0382916469038798 -0.599496131915176 -0.576817368994468
0.00285066627984643 0.0165844982179886 -0.84156915560246 0.267705657165161
0.0148482080472143 -0.00240939640915768 -0.0727568135589606 0.698540259463397
0.0290135388150711 0.00430544299271898 0.396917508695309 0.333451386623079
0.0190020318283914 0.00791676364286079 0.35948181061084 -0.0365120549839723
0.0022677070338162 0.00368571443072402 0.115542102385046 -0.229537363415064
-0.0129280838475298 0.0088547859112481 -0.117052070925379 0.166487941431326
-0.0142751951243243 0.00480879418195027 -0.279372441210709 -0.000115941664109884
-0.0215785311660877 -0.00336189454558006 -0.33124949854541 -0.301119900048741
-0.00250051113475486 -0.00362938702074027 0.0748148000878949 -0.591894522914163
-0.010196838292929 0.00256796409821353 0.718538865983152 -0.245730481727963
-0.0222905102697604 -0.0288667643743047 0.606727813545782 0.491654804449403
-0.0128765017581877 -0.0458322721632875 -0.0208505763603768 0.556155752447573
0.00828086645657213 -0.0590175250675264 0.00740675646298327 0.10150719133352
-0.00467588119818172 -0.0636473167720026 0.227366904753077 -0.402320474757854
-0.0212209388285441 -0.0173971834319331 -0.334241037750835 -0.774003286412725
-0.00377314411188627 0.0153863257925422 -0.925824503616449 -0.113939217614517
0.017491355285023 0.0170591319256722 -0.385993821896451 0.653957012929719
-0.0030944109603112 0.00107790872771866 0.250992356240663 0.477094049133137
-0.0112151400963157 -0.014418637750972 0.357424813145631 0.0482462633979921
-0.0041922033620266 -0.00734300386639568 0.158804226730674 -0.222608698801685
-0.014507461900005 0.010473618719708 -0.11992471634924 0.157596601592587
-0.0113954728256809 0.0061456972729117 -0.277466535523751 -0.0227179246145
-0.0176431751402816 -0.00674173286663474 -0.299764254506401 -0.331279834810911
-0.00427363423292683 -0.00478328007999988 0.157065919363548 -0.578895341384826
-0.0169851983852035 0.00357504409009097 0.757487475677478 -0.153901836659625
-0.0245618962671181 -0.0340770962301498 0.547900822100637 0.556280037758652
-0.0072714816512234 -0.0540210466944778 -0.0620125632744751 0.541396207441445
0.0175233967148181 -0.0653366805306082 0.0184409748157726 0.0775987349077204
-0.00446445529999224 -0.0677358442638263 0.196208260580703 -0.43858750272885
-0.0259449575578792 -0.0131463645204595 -0.424769827313692 -0.727291248907341
-0.00816560428181548 0.0184810592215275 -0.916404273164929 0.0068155397103141
0.0160384589741959 0.0129876711277484 -0.290120601448443 0.692987105635898
0.000274361145979829 -0.0015146764032306 0.299231517700852 0.445282746350056
-0.00606585982610629 -0.0123158750312302 0.36015348823937 0.016763480552748
-0.00581375481815263 -0.00423916466370919 0.152780822914139 -0.231207435806118
-0.0148411926209612 0.0123977184328005 -0.123623562321701 0.151257001960582
-0.00602326225453727 0.00813153612061675 -0.270999114037254 -0.0419240627727598
-0.012760095089832 -0.00918208989788428 -0.261759148235634 -0.361923802742827
-0.00503779272016382 -0.00712272009074641 0.238747900386365 -0.558439084786163
-0.0224023758493903 0.00252609889871338 0.787814814028033 -0.0523266556978728
-0.0229995446612858 -0.0340643542910055 0.47890569143368 0.618344404728672
-0.000857053750912778 -0.0530116324499759 -0.10519188122126 0.52337965492219
0.0224738826791516 -0.0630706738496418 0.0292619581240543 0.0528444160211213
-0.00697652553540029 -0.0627620346200219 0.162461160732068 -0.471339386006744
-0.0280574045046001 -0.00444833997291632 -0.510750188166239 -0.674315996236411
-0.00905683590018628 0.0224230101821169 -0.890227309085153 0.130697647994713
0.0149891433515986 0.00934145342868972 -0.183980502193125 0.715198843461167
0.00510766856424739 -0.0027213188509976 0.347429534001139 0.405788930430496
0.000281811260505693 -0.00962503113720868 0.361491531946793 -0.0126483215912525
-0.00724880402425465 -0.00116455391414839 0.146139090667804 -0.236568184869634
-0.0134571306178493 0.0155137011300446 -0.129700715539603 0.14591962503453
-0.00256049133296336 0.0106010333120394 -0.263759725619371 -0.0586804539266622
-0.00661339987549164 -0.0101033323459396 -0.223510371802708 -0.387154416548022
-0.00632429284376719 -0.00911955215165809 0.312458391871395 -0.528647800248604
-0.023998518400557 0.0013600450755243 0.798540182028836 0.0439182860908729
-0.0172982521760145 -0.0286558055347823 0.408578447454208 0.66985100190756
0.00328186135831065 -0.0430663213208031 -0.137846100727025 0.502339027838201
0.0215256479621482 -0.0515050281453523 0.0415095844118286 0.0303220414209733
-0.00974933468567832 -0.0502137043875967 0.127183146273561 -0.496971576104568
-0.0246398402449512 0.0079608066229404 -0.578253036418453 -0.616263653333684
-0.0105305124869407 0.0248009529007991 -0.857229087619697 0.233374145564337
0.0136677349235565 0.00557599450784738 -0.0941731351529221 0.723351283700649
0.0108576121528248 -0.0029091782748458 0.385689589138858 0.364693680453367
0.00508350323878159 -0.00448541617253532 0.358994913711035 -0.0399121192693784
-0.00622332420195151 0.00232022212837774 0.134878857568865 -0.241992948020753
-0.0120529523722236 0.0175102916324769 -0.135864414201655 0.142501379405919
0.00302664982092436 0.0146019557897518 -0.257625073618728 -0.0687694854661457
-0.000443763118159029 -0.00878663656008481 -0.191770439953382 -0.404448957394283
-0.00661364668158562 -0.0119723815543701 0.361171987841569 -0.507382423750673
-0.022250994505069 -1.89084116148201E-05 0.798307184172116 0.116248074603183
-0.0110344086022634 -0.0181323510639934 0.353044938974263 0.701878536638711
0.00399448127786894 -0.0245783834326329 -0.158427618122623 0.487703978210062
0.015401053451718 -0.0322960344896827 0.0519984833721173 0.0153462235826363
-0.00887713863723964 -0.0301512243955212 0.103972645605734 -0.514463514902968
-0.0169995903935635 0.0180481620830365 -0.622774167142497 -0.567681228792463
-0.00866281176541947 0.0256577548533513 -0.825418826522584 0.301935858281996
0.0135136150751621 0.00173954009976869 -0.0323311635355502 0.720753366175905
0.0168774559314676 -0.00223042254990712 0.410829179156493 0.331562743860369
0.010584984357148 -0.00072424310381703 0.357274672358956 -0.0566233175631395
-0.0050446002749333 0.00354008331715158 0.126389313145824 -0.244553635668409
-0.00824269021729746 0.0196701641838088 -0.142341313667408 0.144125928206826
0.00699467409569502 0.0188235303286112 -0.253369693596636 -0.0709306709421699
0.00440345413591641 -0.00579715166657915 -0.175761180234016 -0.415349340018298
-0.00436742347389358 -0.014155826720565 0.383362710584414 -0.496325434775426
-0.0168933640344482 0.000106348711951859 0.79119351857793 0.153346000027305
-0.00443713068434913 -0.00385738936442235 0.323873003709674 0.716801517084028
-0.00339151527263003 -0.0028117169177867 -0.164603360654713 0.47846954996486
0.00465076864154752 -0.00960626346316078 0.0599878121255286 0.00735866761478381
-0.00700671881329489 -0.00817175737615194 0.0933409690089937 -0.521310020057519
-0.008032104079842 0.0262738392533366 -0.645011346415546 -0.541644342503072
-0.00693365190076057 0.0233960934129829 -0.812041663742133 0.335468296298232
0.0128472306619612 -0.000204997879286737 -0.00444735027709835 0.715854531404034
0.0231460225259338 -0.00154811721134691 0.421508810490977 0.313481515858126
0.0151167269360233 0.00331426188758883 0.357227305364119 -0.0641448842223617
-0.0034811426835072 0.00585791960276373 0.119484145858546 -0.246172413767998
-0.00487375805098988 0.0206873656169435 -0.148232055757465 0.145622057020504
0.00909075855289499 0.0216997603675887 -0.253443819603898 -0.0658173264156209
0.00561429606942462 -0.002876320463436 -0.176061614126349 -0.419582452687221
-0.00376039578873013 -0.0160500616703961 0.374177347366089 -0.505702465915339
-0.0104857309972674 0.0012693561442115 0.78886460372733 0.143492887964816
0.00237801440772979 0.011433996805043 0.329719140293158 0.712879984972565
-0.0103828241843281 0.0219007859356501 -0.155348299860746 0.480110778284538
-0.00785001727176121 0.0140606082903339 0.0632857589651719 0.0106298467139476
-0.00466244550566334 0.0144992812733604 0.0974363581875573 -0.519746918333778
0.00327846853408834 0.033017003741231 -0.642715118193301 -0.545591186618857
-0.00264895308781123 0.0203622390569749 -0.822305405301978 0.331958500508442
0.0135478239603714 -0.00230343179810659 -0.0165330335925327 0.711837378379177
0.0273176467333709 0.000687309067573422 0.422603031964892 0.313390850593476
0.0184193391855979 0.00529225282193817 0.359432071704022 -0.057691542113115
-0.00113185712454243 0.0057294691342168 0.115182409224129 -0.242667310931117
-0.00284495495211054 0.020787620855464 -0.151755003753662 0.150018903386524
0.00963991771288218 0.0234378262858413 -0.257147176880582 -0.054074968111953
0.00678228332802915 0.00151919842207107 -0.196023462433093 -0.413720332323573
-0.000890469738123849 -0.0167935327521626 0.336186197992239 -0.532521243990035
-0.00283616546574167 0.00136744775407033 0.78393396795574 0.090492279451985
0.00831116939285081 0.0220433619688624 0.371850823207189 0.691840071947074
-0.0169091512473997 0.0435424502339752 -0.135224482813131 0.492423032763389
-0.0217459837744391 0.0352025961336459 0.0608609145531728 0.022705673159646
-0.00495029909295799 0.0335835764765985 0.118160870239075 -0.508710114225764
0.0123942786007276 0.0383274618423739 -0.614462701119072 -0.578772036924077
0.00291054080274798 0.016918529615384 -0.849228145071386 0.2834575663623
0.015283350186864 -0.00290294374563963 -0.0658481237017509 0.708104508862113
0.0291165409511695 0.00334862292273929 0.406616323941966 0.33218315040292
0.0185928654444285 0.00784919856314364 0.364180997156637 -0.0418246332749582
0.00256733929497013 0.00445793287626864 0.114381069471049 -0.236472688686937
-0.0132643354372714 0.00871184500332343 -0.116389869484845 0.171854188013716
-0.0134706985066954 0.00575648663498976 -0.283976936729372 0.00510109969062715
-0.0211067004681782 -0.00288382948228438 -0.340668294232977 -0.298207245122014
-0.00256258724530596 -0.00358656906467113 0.0672168929726219 -0.601535275472525
-0.00938417843730971 0.00401664793385614 0.723027094393612 -0.260815817761797
-0.0228956758452442 -0.0301936973116705 0.623088559260625 0.487618286810365
-0.0136224706715088 -0.0465776694204822 -0.0126107946504697 0.563642869814366
0.00754386020152532 -0.0598484578997649 0.00946646142726571 0.102540976329916
-0.00528026727705551 -0.0651328774563602 0.223809537794271 -0.409077944373627
-0.0223264079790154 -0.0172746648623364 -0.350517900997548 -0.777942742381653
-0.00338423666730957 0.0162114015087213 -0.94265597094914 -0.099822952083205
0.0184987156749716 0.0161976247424221 -0.380040543143055 0.670560189265367
-0.00198136084005024 0.0011644483934354 0.262276719075665 0.480224391401391
-0.0108271444147214 -0.0126749400502583 0.364121074476229 0.0424748107299536
-0.00487517226123905 -0.00646155229728994 0.15745670360702 -0.230390118750295
-0.0153237160096126 0.0106733995878112 -0.119088185075402 0.163612808100103
-0.0100206058488828 0.00673839448681485 -0.280940041112842 -0.0164282905971972
-0.0186612713020507 -0.00685303361096619 -0.309562747829826 -0.330874714837301
-0.00461456529802234 -0.00466764252004983 0.149195565238643 -0.589719602439417
-0.0170944046830245 0.00417163594206276 0.767507965518189 -0.16864050404996
-0.0257797094151809 -0.033786003753118 0.564955974622766 0.553287893028096
-0.00702689592493608 -0.0541009221900127 -0.0557901013152651 0.550206972606834
0.016891658547357 -0.0663458005647884 0.0186705060691112 0.0779738957297957
-0.00645280360301217 -0.0694331827071221 0.19194163814604 -0.445014566097797
-0.026393148067859 -0.012346754741173 -0.442355703655763 -0.731573036829718
-0.00693089973402676 0.0190158182142149 -0.928808639337846 0.0221646904186472
0.0168857185473122 0.0129534769063561 -0.279515223892901 0.705738396488358
0.00100315650531844 -0.0014555762474913 0.312194568407404 0.446433269472049
-0.00667244764247297 -0.0114360421828633 0.365526853043752 0.0110688352600479
-0.00610639062651522 -0.0045181555850064 0.151618790698534 -0.236101584100863
-0.0149112589914852 0.0133891592975215 -0.124356215893376 0.155779394432507
-0.00664642017320195 0.00817811413771546 -0.276407211139571 -0.0367045008062558
-0.0138659744717917 -0.00922306527556798 -0.270122321188767 -0.362206506723728
-0.00553550877174867 -0.00661429422915074 0.23390463769892 -0.568417537878891
-0.0226030463556778 0.00348719317548058 0.796826486871432 -0.0667843720347643
-0.0238651259451499 -0.0337652515396238 0.495810523238804 0.620051575532761
-0.00124093721341372 -0.052971467486865 -0.0974998074682544 0.530482281702066
0.0207746711102614 -0.0645550651045024 0.0307095029261291 0.0527219472090733
-0.00792349146954236 -0.0637926973556936 0.157772030143827 -0.479396763078044
-0.0277507074259571 -0.0035767842172283 -0.525837746360107 -0.675290368740975
-0.00948952209907182 0.0226614196588731 -0.89725563283331 0.145789576939279
0.0155298793506022 0.00953471788958118 -0.174702687375219 0.72690013887867
0.00512389513455257 -0.00364110211804063 0.358892023781227 0.404765715224642
-0.000524595914156363 -0.0085617687651563 0.364961614248223 -0.0195624477006744
-0.00653374907402663 -0.00116091459238633 0.142336502102464 -0.243199105584738
-0.0140689340350233 0.0161464890719831 -0.130520762585317 0.151534334043787
-0.00132998002243574 0.0112065875587034 -0.267938620560907 -0.0549381168196274
-0.00654578322517297 -0.0100872504706188 -0.231467687329176 -0.388482291483896
-0.00722745718765455 -0.00887299702042839 0.307628181529064 -0.541377501603576
-0.02386758320462 0.00127719287355458 0.810595094856661 0.0295527073587828
-0.0185686263832245 -0.0285501397583714 0.422807117320818 0.670442913167378
0.00284759936213382 -0.0429034627226709 -0.130820999711515 0.509361876944044
0.0204032205641876 -0.0524312557997082 0.0421450554169486 0.0302553852903531
-0.0104404004327906 -0.0497878905137298 0.122301765014735 -0.505951800524173
-0.0249912560196015 0.00763836388500488 -0.596294801313503 -0.612980514100861
-0.00989609180815186 0.0250983851089368 -0.862921020165177 0.247842940944104
0.0146625854878905 0.00597065640768743 -0.0812663047736481 0.735219200066606
0.0106048452780403 -0.00327482537560317 0.396444766828395 0.36323245583605
0.00539955187715784 -0.00535409118666187 0.363090130321763 -0.0457768522615901
-0.00713890435816887 0.00272081414213224 0.13257963869256 -0.249249204893902
-0.010948625580768 0.0185832950098221 -0.135336910695185 0.148548149028139
0.00351187108554539 0.0145527920114928 -0.261919032366752 -0.0642379966642235
-0.00117360918665204 -0.00959403774706732 -0.202208384303224 -0.406316414932106
-0.00706353339028897 -0.0125540055365308 0.356150304180262 -0.517279875011114
-0.022201784350508 0.000135260007766587 0.80980262266805 0.103932369235374
-0.0110485914089935 -0.0183927272802044 0.367592336858187 0.704239291481926
0.00374766017158942 -0.0242796578867133 -0.153162371366803 0.493765224474166
0.0149927017006659 -0.0335217980451064 0.0542751855058497 0.0146080499374584
-0.00904961604782269 -0.0304258539553243 0.0973832179736731 -0.52218241752461
-0.0183835102586945 0.0183093685059354 -0.642423773030583 -0.563993044230995
-0.00912161871842158 0.0255243192019727 -0.832475515294989 0.322454304583766
0.0138027792488481 0.000944912905140365 -0.0210036457905162 0.730717881094765
0.0168694933787254 -0.00334355838482603 0.419548435331296 0.32662258721896
0.010994713099048 -0.00146093853124636 0.361059257561343 -0.0634635110418476
-0.00508728269610606 0.00472912686737388 0.124325563567504 -0.251139028952348
-0.00843823029986644 0.0200994955093095 -0.141854696080545 0.148668328955029
0.00750763287468702 0.0186232525891464 -0.256303585656675 -0.0670337940957209
0.00347184262313902 -0.00665138690821113 -0.182869708042118 -0.417084757805618
-0.00557616533739927 -0.0147649608794348 0.377970141560522 -0.510068928367807
-0.017949497141558 0.000696535166546817 0.803001621612117 0.14232428481696
-0.00409930986753231 -0.00460753947747873 0.337619048301315 0.718260407177155
-0.00230975834491888 -0.0021001696153593 -0.159664083529621 0.486122514855759
0.0047433644776196 -0.0100469571577132 0.0612852209773544 0.00704536603422611
-0.00751201432526649 -0.0078941118295485 0.0862297248752868 -0.52924044422042
-0.00755590457668325 0.027768629569566 -0.661624435227824 -0.538469839970161
-0.0060777912245003 0.0241022995455476 -0.817653787846496 0.353969511052965
0.0131358087965707 -0.00182428608830167 0.00783145649583206 0.723986352646341
0.0222577709552029 -0.00172516282465773 0.432909329488672 0.309758577780384
0.0149765998167401 0.00266975064518841 0.360639932514313 -0.0710491526259474
-0.00333637606073623 0.00566719994216256 0.116653778013417 -0.251239632626475
-0.00426776302306982 0.0210189150984623 -0.14821814874217 0.152050549044154
0.00933786944313038 0.0218419328402549 -0.257299327219177 -0.0625300577385308
0.0056433686930653 -0.00232553065279356 -0.185108706255983 -0.421122860479964
-0.00288501832105908 -0.0161411642167718 0.371361740989874 -0.518864960754323
-0.0106407114418482 0.00106331204986784 0.802333734004756 0.131819039220287
0.00184333246567132 0.00972401147639811 0.345406915355909 0.715239755524339
-0.00959429241543327 0.0227391228536763 -0.150966396530422 0.487920126948191
-0.0071623869229016 0.0151567893993822 0.0638583823253072 0.00912821266471873
-0.00507428298437226 0.0144376069478784 0.0906004102257574 -0.527574378139997
0.0050235334826019 0.0323742573326921 -0.657883338326891 -0.542942290927036
-0.00230499955493573 0.0205155087405947 -0.825945649056441 0.348705580697617
0.0131408356572579 -0.00437378073493212 -0.00319565758958748 0.72076508172994
0.026499665445339 0.000158970246529833 0.431751504876607 0.309320458361732
0.0181864184575347 0.00535432424371725 0.363419683859131 -0.0654437879432502
-3.74635075778328E-05 0.00598529323587763 0.113062771291317 -0.247463669439991
-0.00145915477726816 0.0208043639331161 -0.151289843963473 0.157886260546125
0.0104175130508773 0.0235149329927164 -0.261665445188288 -0.0498171754341956
0.00705923048898869 0.00196862537709431 -0.206482674138702 -0.414613935834517
-0.00203405070767585 -0.0163225371279498 0.330533855480342 -0.544816992014246
-0.00286934327900418 0.00182670565437892 0.794177033078718 0.0782428671047195
0.00897826005278459 0.0221915243978755 0.387343546109811 0.694804724864369
-0.0169604205331864 0.0446564303864423 -0.127776413556571 0.498542294553008
-0.0202520101509593 0.0365381471942559 0.0626417719311726 0.0222335126561976
-0.00512698694257309 0.0342126406752206 0.111926482754238 -0.516110655904244
0.0147073374018786 0.0384709213700672 -0.631478716337151 -0.575865751383862
0.00379308957981871 0.016528910311506 -0.857596195434217 0.300849379794043
0.014745367036934 -0.00320901074246035 -0.0558294997286388 0.718143776926088
0.0298440124441089 0.0039588507249552 0.417733077001807 0.32987429445513
0.0185742531685218 0.00813471107790528 0.369074758503074 -0.0494409424302344
0.00213635663800626 0.00398116728591301 0.113014094683889 -0.241992420452762
-0.0123411317096581 0.012189573128649 -0.0962851524626018 0.185567845601644
-0.0134480032135857 0.00843019483076746 -0.283051536274843 0.0413792462928176
-0.024002466659971 -0.000778032990682388 -0.374050654832096 -0.259013872268173
-0.00616246288057013 -0.00748897432214649 0.00135274138465902 -0.603966441683146
-0.00682325557670363 0.000143331560317842 0.689138352031334 -0.337319625303842
-0.026353716449628 -0.0258964631743651 0.676287392830425 0.410638463881497
-0.0180029618427972 -0.0438082929000082 0.0586793561226521 0.565060119899226
0.0017404161055198 -0.0617043020799389 0.0210031569093177 0.102686627689836
-0.0127447381122502 -0.0634300860537004 0.170136423344421 -0.439457313426372
-0.0214907365022688 -0.0173641091944696 -0.452158408504886 -0.732995316317932
-0.00344499900977506 0.0130556989532722 -0.961508127040259 0.0257058251525526
0.0176191940079894 0.0102603483916107 -0.287348539135563 0.730641300352802
-0.00345377319600567 -1.04747144050398E-05 0.331395839149789 0.447909596241013
-0.0125205555109379 -0.0133781533797842 0.371743623765964 -0.0102968778572589
-0.00579377316947139 -0.00672948920046406 0.125340511799601 -0.257071874486053
-0.0136167555173481 0.013892101833111 -0.0996872070448991 0.176911895758705
-0.00985841452669728 0.0085931179749205 -0.281264084428766 0.0190578150736496
-0.0221198597802075 -0.00459020516274655 -0.34657886973175 -0.295486510957518
-0.00691226528082692 -0.00885715267462995 0.0857120077671926 -0.6010286334613
-0.0139374725757148 0.00190135128981737 0.743479976144337 -0.250669813003407
-0.0291779246175204 -0.0301316962559258 0.625287636096156 0.485241748298721
-0.0118089167754933 -0.0527354763787904 0.0122105159020111 0.55766979826483
0.00962012705832956 -0.0692202130177214 0.0283713429414273 0.076775333215197
-0.0129604905045058 -0.0672619507660264 0.134451748908499 -0.471187462377284
-0.0274139986505296 -0.0122927800009895 -0.537118394757965 -0.675394314134344
-0.00720834722224011 0.0174747495413968 -0.932158982057478 0.150558464706106
0.0147614526681747 0.00569412367588506 -0.181036307480571 0.75181976279013
-0.000171052335815348 -0.00425713478627357 0.376065750850409 0.408199605068762
-0.00859966994045576 -0.0108348971905232 0.369301994007071 -0.041833454004189
-0.00634955688818973 -0.00242967166649573 0.117659653085427 -0.26361879303431
-0.0134974352039776 0.0157402204468542 -0.10559515626516 0.172228976876885
-0.00672820926332814 0.0101625943092046 -0.278043414452445 -0.00292693171518867
-0.0157252536515854 -0.00784220410144621 -0.309571534501406 -0.331390916379288
-0.00841590923667144 -0.0110341554725698 0.17301909346431 -0.590924035512107
-0.0185328138101209 0.00156570943056825 0.780763472603398 -0.153611171731714
-0.0274572882706684 -0.0303204208305608 0.562418090649983 0.557103990016293
-0.00574733476939732 -0.0521118198223829 -0.0313231831538105 0.543700291931787
0.0141493148944999 -0.066754462186515 0.0362931725457121 0.0499753960989483
-0.0158591530515256 -0.0630478607910663 0.0959404584568365 -0.501432283506807
-0.0280617950486318 -0.0039251182425576 -0.614894884071275 -0.607592188986242
-0.00897907884829575 0.0211273943612399 -0.885464307235221 0.269003285719058
0.0126751707518764 0.00397470141335163 -0.0699644091568747 0.760307230218322
0.00358010591931754 -0.00566337699658492 0.418945150325791 0.358992167858378
-0.00286859121977116 -0.00950931889114309 0.36347312086351 -0.0728686801175777
-0.00652593715370869 -0.000652485564008076 0.107986837133045 -0.26895785241223
-0.01216016763774 0.0182596045487091 -0.110359451725042 0.167579908811403
-0.00124871134660202 0.0125443412581257 -0.273628395246713 -0.0194720255672698
-0.0113836864545675 -0.00988943842383998 -0.274220010271658 -0.361605424236886
-0.0088333028546389 -0.0138082391099129 0.24697526437247 -0.569834018886638
-0.0199988909682489 0.000367699958683789 0.806308627049492 -0.0559519669140454
-0.0209589181279413 -0.0257015886377085 0.499124667717954 0.618883331875945
-8.55843166684455E-05 -0.0424059650765776 -0.0655570067585966 0.527777491689878
0.0150374466290454 -0.0554432902634533 0.0469367044958773 0.025591288085536
-0.0143942238428501 -0.0485579572423549 0.0568924537841313 -0.523335102159636
-0.0235346346258442 0.00797337143411573 -0.675732724750656 -0.536363095189737
-0.00823548003131031 0.0248830609552429 -0.835385043753308 0.369097126631511
0.0117569960744231 0.000323422761527969 0.0230984974643178 0.752987545594791
0.00875834248442848 -0.00704140539751107 0.449645495951039 0.310306866647545
0.00408809499320941 -0.00669358727274152 0.357832971353213 -0.0996618100405987
-0.00529811329036532 0.00296919574600047 0.0971954582541682 -0.272632091431045
-0.0102280463295746 0.0206570149780571 -0.118113140245672 0.165940410408053
0.00481923988098431 0.0159194787238639 -0.267000147804953 -0.031979131784661
-0.00560429004169749 -0.0100252730817479 -0.245661249832659 -0.382054559409945
-0.00809284419444369 -0.0169741553023372 0.301921128995233 -0.552840359398194
-0.0178556368523665 0.000101068310150715 0.815253769880172 0.0154084413671408
-0.0142711810767907 -0.0163505608272741 0.447058392610798 0.657497096657922
0.0014046472170759 -0.0246584423450315 -0.0908785853236476 0.514976217904612
0.0113852148406434 -0.0359168513421274 0.0549081059895164 0.00888734800693017
-0.0124038893562097 -0.0297698233470028 0.0293807899371071 -0.536400423730868
-0.0151855852801179 0.0165637312867107 -0.716555175330932 -0.481502542257634
-0.00906221188114323 0.0246931312017497 -0.794046322649543 0.436357450443752
0.00894489912357957 -0.00225086090391467 0.0859900352356019 0.74184794813254
0.0152133803023848 -0.00717169174271332 0.469422635614337 0.273686530967082
0.0107995824977858 -0.00271173557632325 0.35446186167856 -0.115529915531037
-0.0045330603825521 0.00502100456337801 0.0883546029694604 -0.272904346446384
-0.00651588678139568 0.0225224761528281 -0.123469574989845 0.166360687588854
0.00899172506605481 0.019560687463996 -0.262368342182118 -0.0355000293987066
-0.000226598322646975 -0.00701915943004196 -0.229867276494469 -0.394284084560959
-0.00710941870876445 -0.0190130432203524 0.323237816475999 -0.545960835533568
-0.012231702698004 -0.000372640146714166 0.813631679322238 0.0539149700440613
-0.00454820897799576 -0.0018354390121824 0.419844814319476 0.675075723759553
-0.00116111154044229 -0.00106742510635965 -0.0978370546605904 0.506312993916239
0.00374381918627694 -0.0102861211465475 0.0621700861589446 0.000174869754037962
-0.00770685395898086 -0.00648665748428421 0.0157531211755671 -0.54311877956955
-0.00391938311831502 0.0242851254899183 -0.734231841128151 -0.454215224478985
-0.00705974847445681 0.0230676363378712 -0.775371229588144 0.469202012029809
0.00849619792311102 -0.00517645701367884 0.112938748111426 0.730492348035477
0.0208759276334933 -0.00727031489090774 0.47860306452804 0.252132780058389
0.015862120732791 -0.000230986056235954 0.35164883972869 -0.12251225417311
-0.00274827281102415 0.00614804072855859 0.0799576898037681 -0.271207801718578
-0.00203979887792815 0.0236297479525751 -0.128909370633827 0.169477875654437
0.0114075558113059 0.0230120889300706 -0.261219448069142 -0.0297017288320745
0.00368395632245219 -0.00336278203717458 -0.230839254432689 -0.399389449352198
-0.00547615095710826 -0.0208719067250431 0.316072072944707 -0.553430595926459
-0.00614000461206882 -0.000181227896576878 0.808357709396231 0.0432817327232126
0.00225605807794818 0.0114862215120865 0.426377748321351 0.671577425352929
-0.00655374665453243 0.0241765311783297 -0.0902896220890165 0.507872189282458
-0.00560385932823314 0.016153489919661 0.0659605736848118 0.00173436855588245
-0.00369279553127237 0.0144449270839226 0.0196418715407498 -0.541483909857309
0.00798194973863847 0.0297342910338578 -0.732316754405365 -0.457377104321773
-0.00419611469839672 0.0187659126078621 -0.785309241462505 0.465346522591047
0.00767944959830165 -0.00743560813154761 0.101329751469016 0.729366384590585
0.0243108261656445 -0.0042265360253831 0.479411327827039 0.253922466415607
0.0178353560940795 0.00269412788474602 0.354152647769413 -0.118016641432966
0.00112243982783056 0.00524501793781249 0.0765891162542357 -0.267531608276513
0.000728375487142535 0.0219728534716413 -0.131987529563242 0.175313264184488
0.0122543420371116 0.0237162369811609 -0.263739030378967 -0.0177382970612985
0.00509629848298114 0.00108350746626389 -0.250868925135142 -0.389467440258724
-0.00473606825626238 -0.021617633514191 0.27058746651198 -0.573928083921407
0.00167444093250819 -0.000689850997198446 0.798216538008522 -0.00967218883263262
0.010902131852235 0.0229702231958284 0.464907318908048 0.646976952198907
-0.0108912492857928 0.0462853948179782 -0.0675207408487113 0.516003058971224
-0.0163567369087551 0.0392501335895812 0.0663158439485727 0.0148653563781082
-0.000696101243866071 0.0353650838565538 0.0442417959375801 -0.533581710842338
0.018823688207679 0.0329195388000513 -0.708961148080628 -0.494834680397922
0.0018872556290251 0.0146869808895211 -0.822634575717666 0.421309240189682
0.00964330753939157 -0.0067224618654845 0.0483023988174784 0.733716347355911
0.0283777003346993 -0.0023019128055264 0.467198079510249 0.274748423300941
0.0206468615500572 0.00493148336091849 0.362308331678502 -0.102001091521066
0.00312605164228038 0.00434592309339659 0.0778364522601849 -0.261641953942388
-0.0113066155643077 0.0114722758953369 -0.0924872873867144 0.190192460814675
-0.013042973090987 0.00897566429608999 -0.282312679702244 0.0474318811484666
-0.0245559552031576 -0.00064067421231298 -0.381797854834264 -0.25406238469734
-0.00577460100447693 -0.00745285288467629 -0.0119360518277909 -0.608749612326059
-0.00723254291014296 -0.000267538470295828 0.689755803145744 -0.355403934876835
-0.0269841429135612 -0.0265911664346154 0.689304989623211 0.400945768899063
-0.0189124236348038 -0.0447267848245047 0.0681796002262237 0.568036690863519
0.000544989768145565 -0.0616776057558308 0.0229872162375897 0.103133821497438
-0.0152084240985034 -0.0642153179419876 0.162740428847106 -0.445892533640667
-0.0218709283290315 -0.0170968182875575 -0.469369880953275 -0.730872941228935
-0.00339304608838953 0.013712803510847 -0.966834797731547 0.047322385786324
0.0181997587236841 0.00893113909110818 -0.27498576996173 0.743455234487637
-0.00328597204769187 -0.00107020313359297 0.342625222775246 0.444008532554773
-0.0130451971930191 -0.0119803135129835 0.373488358679878 -0.019113937771825
-0.00620215798526444 -0.00600643817661968 0.121343532683596 -0.26264661194407
-0.0123691100746896 0.0136347149692083 -0.0975375212755548 0.183212679430502
-0.0098321350777956 0.0086990207081661 -0.282737134605672 0.0260047142831268
-0.0208232028244679 -0.00458087241048155 -0.354476803585745 -0.289133563212596
-0.00751077538354318 -0.0085201126186339 0.0729244433173276 -0.607648210324672
-0.0132421822725849 0.00272679132650093 0.743511276397127 -0.269802420367045
-0.030648090271337 -0.0293361013941127 0.640060100544211 0.47706495807987
-0.0135637046994455 -0.0534842485378678 0.0242221878993661 0.560459182164782
0.00800061301866259 -0.069961150483087 0.0298182789912179 0.077493984952652
-0.0159067859267645 -0.0681060950692636 0.127056765003119 -0.477196869839924
-0.0266243613445189 -0.0123719137619114 -0.554451662691257 -0.670087686997558
-0.00722047307704616 0.0172038479666246 -0.93484007519601 0.168350941420768
0.0156200816467681 0.00675297763261789 -0.166678610426541 0.763855186622852
-0.00123855671871169 -0.0042454504092476 0.38668831279171 0.401650393689078
-0.00786140343418003 -0.0108468837432155 0.371551130312832 -0.0515417259694878
-0.00644817973504676 -0.00342376463970187 0.114764695520596 -0.268470916752858
-0.0132640421657585 0.0167324042841178 -0.103038560255896 0.175997658606627
-0.00536933947414774 0.0104674646474082 -0.28054180546515 0.00428489148654785
-0.0163645713085286 -0.00768844164590192 -0.319363843001483 -0.327877235469408
-0.00817943253289197 -0.0108206710275679 0.162490678567322 -0.598661976506185
-0.018773392864997 0.00163322091288038 0.7857655687404 -0.170186731599854
-0.0286300164419085 -0.0300578948807673 0.579497137605719 0.549805829072716
-0.0062890871125656 -0.0531488627464323 -0.0225003693623146 0.546818980398782
0.0129162422632963 -0.0673912762713381 0.0381013585432212 0.0502859010629061
-0.0161984015667622 -0.0631180777027783 0.0857267080659175 -0.505862694803114
-0.027580327232593 -0.00336371300353603 -0.631387745586151 -0.601066618186413
-0.00853465807841696 0.0217858822386747 -0.88733470246737 0.2889542445483
0.0129008564418236 0.00331880541131216 -0.0568381958770662 0.767336896150287
0.00369585048583021 -0.00587986003869301 0.428487277545005 0.352861203410867
-0.00290120264598395 -0.0100800938273826 0.365779261050379 -0.0818917593803791
-0.00635020909633882 0.00051333849958575 0.104250085886257 -0.27447842335554
-0.0111538708424769 0.0191094802196847 -0.109770125414171 0.171809232098626
0.000193120716462179 0.0122047255474272 -0.274864727787015 -0.0143643345882425
-0.0110682674340708 -0.0100153824239626 -0.283443988861816 -0.357700871827066
-0.00871422299439976 -0.0137298043658184 0.23793566617476 -0.580646935771927
-0.0193160291629428 0.00105990398932987 0.811328466833212 -0.0759747477778679
-0.0220734506042878 -0.0257659489620281 0.513079471391892 0.613079880676324
-0.00205005162801162 -0.0431536583631705 -0.0572952983497879 0.532700257588706
0.0140847509889835 -0.0559768327307623 0.0462668148124068 0.0256189606058344
-0.0157793586402465 -0.0491586260719795 0.0461969811814531 -0.528896850964146
-0.0229300395553524 0.00812218804391316 -0.691430882569217 -0.529435535720194
-0.00864454712065469 0.0238510484135474 -0.83446099474433 0.389162687438163
0.0109592552034477 0.000269205418322829 0.0360190681949651 0.758837412730611
0.00882640240458413 -0.0070412142056205 0.460206865271262 0.304935967204079
0.00401962734571875 -0.00650679117552683 0.359859137283822 -0.107430890303921
-0.00577713569778529 0.00373349025978589 0.0917193397870356 -0.277953457145268
-0.00854380922918661 0.02118287552334 -0.114722955917266 0.171321302443276
0.00522989148082964 0.0156192162296524 -0.26991877280875 -0.0256292672300222
-0.00473807112345803 -0.00956501848102507 -0.254350813460899 -0.380646448947491
-0.00870272551698361 -0.0165165292216516 0.291275306351854 -0.561008034172601
-0.0182999326301819 0.00058988030358078 0.822914612395624 -0.000951309735332985
-0.0133474134204685 -0.0161906913460106 0.462434741947599 0.652357157216276
0.00024704420313677 -0.0252768511397649 -0.0832723078069586 0.519204401327407
0.00998981538140985 -0.0365623345074995 0.0553793857266574 0.00826001712956053
-0.0130061946682442 -0.0290177415450353 0.020200239732806 -0.541317654837152
-0.0151077903639876 0.0170541590791786 -0.731407694905198 -0.471066920988078
-0.00807706655350969 0.024608522676827 -0.790876979892597 0.458141064478718
0.00897025095352508 -0.00391263974747204 0.0986086371086006 0.745284690628953
0.0152646370382163 -0.00872245957060474 0.479535602444384 0.264300108003443
0.0110357377392457 -0.00352721006992919 0.352625959818494 -0.124560135074454
-0.00376555686241804 0.00584658151093778 0.0819621169206138 -0.277197031657255
-0.00499123186809803 0.0225577305041437 -0.122147454152785 0.171327228393859
0.00965929688594503 0.0185264268839519 -0.264542739438247 -0.0276063039131874
0.000439515331983549 -0.00647073742136503 -0.237813027124046 -0.393503182913718
-0.00783500320616389 -0.0184066035854848 0.314475627582254 -0.556349054791474
-0.0121710532291884 0.000341162870819726 0.818336388886837 0.03594229493491
-0.00476690547324032 -0.00303242778301372 0.436060277468348 0.671838867530217
-0.00172014042377756 -0.00136333053743745 -0.090233916236483 0.511552498446072
0.0038877673301095 -0.0107591321091466 0.062606935015569 -0.000522109720089886
-0.00727330266595289 -0.00719245215025243 0.00591975850530205 -0.547065414894946
-0.00359582876051032 0.0252598085237828 -0.747607438666639 -0.442135920959185
-0.00725106632280099 0.02285450951433 -0.772360041502482 0.486001483969617
0.00823647676343141 -0.00492786790203779 0.128010010501285 0.735391239410747
0.0211580204944101 -0.00748027443789099 0.487409626730082 0.245052491367574
0.0161252119431649 -0.000658907088225987 0.352183403418658 -0.131473595407824
-0.0033288134887556 0.00584328023331922 0.0768418227724996 -0.276113967999776
-0.00201196385883031 0.0226979675151749 -0.127291949036444 0.175340561147319
0.0124662303784523 0.021280705796723 -0.263669416453764 -0.0241695358294975
0.00376645760185631 -0.00405867325980198 -0.241088315659896 -0.396394526610204
-0.00568615123903083 -0.0214225736286269 0.305970393165933 -0.563950010738528
-0.00491519879049468 -0.000232604012597296 0.816205032029004 0.0276303819359589
0.00303840316838093 0.0126765579450534 0.441534879151894 0.668393986994538
-0.00502135748982743 0.0246220383816751 -0.0801703897611653 0.51190582080578
-0.00507485456992931 0.015583527710482 0.0667097822196644 0.00044195000289531
-0.00199026855009941 0.0154780484678024 0.0104186620915073 -0.545947711249102
0.0090538100994194 0.0293636620123188 -0.745868624528704 -0.446083699498884
-0.0030939061084078 0.0190093050613388 -0.779695240449017 0.482795893715883
0.00811278966451515 -0.00742548830949095 0.114582612857251 0.732633941970586
0.0253574128672697 -0.00606418973919126 0.488762564396021 0.24584119268472
0.0195360019916439 0.00318702123090583 0.355772246335203 -0.127705544859802
0.00022547851678991 0.0058039124494558 0.0721432896446021 -0.272851332411047
0.000701833175253731 0.0220034000315107 -0.130143874173229 0.1808473487791
0.0123587901611999 0.0232180810709352 -0.264882397790545 -0.0114156538614876
0.00470348135110585 0.000709644336226656 -0.259011856586379 -0.387442497095559
-0.00447381539709482 -0.0219093068292017 0.262143416586236 -0.584384143738287
0.00192773096111464 -0.000968597688164903 0.805663972003608 -0.0230850320551976
0.0103956080028076 0.0224144844176715 0.479565096128765 0.642693231990016
-0.00993170395795189 0.0469720516812037 -0.0588702588456561 0.52005102196083
-0.0161385110153027 0.0395756712968763 0.0676925511897927 0.0151624324242726
0.000497607601222598 0.0355515045682812 0.0350518699190061 -0.538626589055371
0.0201561307325977 0.0333485144505344 -0.725170696847796 -0.485101720830064
0.00247406471671099 0.0149638561630998 -0.818593869788012 0.441684819993776
0.00942555706598358 -0.0083871252035675 0.0642109677917608 0.739262817094803
0.0280206988132146 -0.00346604952079803 0.476698864153496 0.266142184888236
0.0207822557221702 0.0043314200279568 0.362833446423215 -0.11172110545187
0.00286903253526123 0.00316080352877268 0.0733428146179774 -0.265825710876934
-0.0103069781648807 0.012853777823987 -0.0895999288369573 0.195341496830938
-0.0121354863010166 0.00854689148039855 -0.282858193762261 0.0548966879193735
-0.0247055895211673 0.000473050594324525 -0.389265259102661 -0.246005415708185
-0.00549609076106208 -0.00730188836971973 -0.0251437957682716 -0.610461877000512
-0.00650603267985395 0.000168238938159969 0.682444925561092 -0.370923986571937
-0.027516281842308 -0.0262145514197479 0.6994178057384 0.386501893910035
-0.0194937959924361 -0.044983197161437 0.0818549113775808 0.569446952049244
-0.00117395402482799 -0.0615210042138465 0.0254367873009649 0.102927388119525
-0.0155051155104677 -0.0636133838440885 0.154689776036052 -0.451852003164074
-0.0233227348984148 -0.0168454381621045 -0.487123643219289 -0.723115889285246
-0.00304815271979858 0.0137259570151779 -0.969597637451746 0.0706819082682635
0.0174662961087617 0.00910965173615237 -0.259877096839859 0.750977706905829
-0.00355137369646637 -0.00228976903505259 0.352375499063717 0.440296120888782
-0.0141735277645464 -0.012891161180636 0.376005191045126 -0.0273764077014684
-0.00499961944567869 -0.00673735496881006 0.115634103993489 -0.26715828433295
-0.0117762810149324 0.0149561682285561 -0.0931811721476899 0.186754957893907
-0.00976066121076077 0.00862704319813706 -0.283809345550794 0.0334821653729668
-0.0215546125710482 -0.00409330612987659 -0.362224799980473 -0.283615124858713
-0.00781521537966189 -0.00791000290930266 0.0607618437768913 -0.611656439617327
-0.0137602303667806 0.00221692227217774 0.740362385689377 -0.285547394103002
-0.0302196136121765 -0.0285723747904383 0.651419406098972 0.464572503150095
-0.0149155136663253 -0.0528642245350798 0.0365143273675607 0.560713608939516
0.00695874720316131 -0.0700478739362758 0.0310369657068502 0.0770193842539237
-0.0160543329946748 -0.0691304829671588 0.117357119647985 -0.481097157927593
-0.0272310698558189 -0.0121225177439354 -0.570275080567691 -0.661284836873483
-0.00697929426507968 0.0179679594340649 -0.935042715177913 0.189965130565952
0.0156272376408292 0.00597838051010725 -0.152081845738946 0.76973597898034
-0.0011489043842765 -0.00553499031282744 0.398542409647639 0.395855640273183
-0.00889257791912127 -0.0113007954266696 0.372179582733544 -0.0596474206401737
-0.00720303529947239 -0.00341723909564843 0.109055771122817 -0.272873596141831
-0.011726221343115 0.0175426491129383 -0.0990533902583626 0.180252284601301
-0.00480863102933291 0.00970381195817888 -0.281140864350165 0.0110798082378156
-0.0168404073043432 -0.00799883961431073 -0.326943226977673 -0.321380253680937
-0.00920072998796734 -0.0108847946154251 0.14906344206248 -0.603547205690857
-0.018054830339374 0.002398841893767 0.785068970837863 -0.187170520673153
-0.0295862569616675 -0.0297634217891713 0.591769914896797 0.539097652762536
-0.00766018154592313 -0.0532240613806984 -0.0109526870115716 0.54895834348765
0.0119228508317263 -0.0685328667364393 0.0392380102271399 0.0498250453863295
-0.0182350725881521 -0.0630517271829667 0.0759166841436481 -0.509809496548586
-0.0272225016118726 -0.00306232209338965 -0.645938481265283 -0.589055695713289
-0.00764834729442678 0.0222477506440311 -0.882951690605728 0.310658413106454
0.0127087090360969 0.00464599259031035 -0.0394461422373122 0.772839033018415
0.003100285842193 -0.00655183837166794 0.438193663517897 0.343927111054877
-0.00301492850901934 -0.00985464751195828 0.365705564189388 -0.0898951015774449
-0.00757531675476241 0.000632811188154319 0.0981660972614319 -0.27782092279298
-0.00999458010830984 0.0198842703786427 -0.105919368396688 0.176174378448487
0.000682053826992043 0.0125281371388561 -0.276587502464512 -0.00845726346773866
-0.0118342095097293 -0.0095356142297019 -0.292835010769798 -0.353517414309231
-0.0098255305393744 -0.0132863517019815 0.225532038073681 -0.586616388710726
-0.0197613317551131 0.000625824097317011 0.814058081717699 -0.0935790209079915
-0.023258257212215 -0.0251052681474575 0.528516717088536 0.601211902729492
-0.00158372312728984 -0.0436921550595535 -0.047832821673213 0.535534950249343
0.0128693569023951 -0.0566995786413036 0.0489695430054194 0.0238108263848009
-0.0167083088064987 -0.0480600414974983 0.037720633437656 -0.530862681075061
-0.0228965604597127 0.00766690922666867 -0.704097044781088 -0.515967975015878
-0.00835053232059691 0.0250296771871002 -0.827971430766962 0.408839094591879
0.0107791416324579 -0.00011379279025365 0.0538583761158339 0.762353846077232
0.00849670286329701 -0.00835053275477276 0.468654163389239 0.293770954287943
0.00378080162969321 -0.00674662009895395 0.358449593565849 -0.116988055844452
-0.00592237362196137 0.00436815847147552 0.0871288419426726 -0.281183091919543
-0.00734519865933816 0.0226305482840124 -0.11263280453083 0.175009382579968
0.0063501367043117 0.0155068546910534 -0.269738746945327 -0.0184919239655775
-0.00457915047840114 -0.00928928521245792 -0.263887594532216 -0.377163168200844
-0.00956004497913249 -0.0172262436867587 0.280260337168095 -0.572008217148208
-0.0176087760694 0.000446849477434727 0.825466505806191 -0.0192745642385501
-0.0142931922699738 -0.0155673089497692 0.475303251856361 0.644050193532764
0.000465790186233722 -0.0256836954406618 -0.0714550614193186 0.521375370587572
0.00990394974187573 -0.0369778147254203 0.0561983645074532 0.00710314131867173
-0.0136843436159219 -0.0296368108278509 0.00713756543757072 -0.541218469714876
-0.0147689078186284 0.017023146349472 -0.743560865385469 -0.459446542180626
-0.00714417641098023 0.0254512083471557 -0.784735744968509 0.476638364097433
0.00868013831912178 -0.00335786436440486 0.115896934340421 0.746700758020526
0.0144475640239208 -0.00897226569359607 0.487881949175399 0.255148457074966
0.0107489921986355 -0.00377057551596246 0.351561218822666 -0.133595094590584
-0.0045022191832551 0.00587938294317629 0.0768142974437569 -0.282461468438936
-0.00357429858989525 0.023325231434395 -0.118788795652309 0.176480263238799
0.0106084683663173 0.0181930477820322 -0.265871929630852 -0.0235743540761728
0.00101026989613962 -0.00779937351424945 -0.248329276099897 -0.3892418930405
-0.00754048884292339 -0.0194007613093443 0.302322781584976 -0.564197845611309
-0.0127567226086411 -8.00904625840072E-05 0.824629685338882 0.017455625682624
-0.00579899947872293 -0.00221850343586611 0.450735069206633 0.664058279310109
-0.00147595662015657 -0.00172646258213026 -0.0801416818514148 0.513411562553432
0.00360746465548284 -0.0108697009366282 0.0630540608296049 -0.00158014437215432
-0.00778982485200527 -0.00716910541635376 -0.00400107806140388 -0.548382119043479
-0.00235615701843049 0.024441999411611 -0.760260194190038 -0.428025987765669
-0.005307357819076 0.0234399966392152 -0.764400825087671 0.504648173660266
0.00805517821166359 -0.00575124011681856 0.143127446055563 0.733783598512207
0.0214958668417665 -0.00774462167246038 0.49496434418137 0.235780246489374
0.0153172217090036 -0.000970225160640912 0.349766213736094 -0.140246491527515
-0.00303780728022392 0.00585956096341209 0.0698316565019672 -0.280184872607166
-2.68864072473299E-05 0.0233465004192657 -0.123698977989767 0.180384073000314
0.013053751687658 0.0202924510576629 -0.264291693305557 -0.017643615165174
0.00427618767109252 -0.00376506343843358 -0.250693259733882 -0.392734299066175
-0.00672639147700484 -0.0210463890577285 0.294925257440075 -0.573382776591645
-0.00567179041906516 -0.000710632381658593 0.82045679535831 0.00833503714212058
0.00234472914142064 0.0118321914839829 0.456414395129901 0.662131447391095
-0.00506049999302095 0.0247850697021613 -0.072778041925401 0.515147786714739
-0.00520315666974009 0.0161944316135858 0.0665214601620147 -0.00103484040507676
-0.00227689402973217 0.0149250138659568 -0.000251817509281359 -0.547263053491894
0.00957466906848079 0.0291254898609309 -0.757873230550077 -0.431056817340795
-0.00195619294920393 0.0193636576449041 -0.77357605126323 0.502944652459207
0.00819281797145937 -0.00821488681559372 0.130957588425622 0.732797845267508
0.0254954511551934 -0.00636012133552795 0.496427894629613 0.233902142775178
0.0194367572817518 0.00312484037864699 0.354569671079743 -0.136139783319174
0.000839356731129225 0.0057525414556082 0.0653642717491355 -0.276382717649998
0.00217213236438306 0.0232314469260359 -0.125474496635128 0.185690977752461
0.0136461514855232 0.0234885984353377 -0.266239969123842 -0.00454846498433232
0.00477333840488427 -0.000471151313668372 -0.269642949303771 -0.382795549842592
-0.00536093506616662 -0.0217399116991614 0.249668849184966 -0.592267686032841
0.00213819834764747 -0.002481867338719 0.806724823476116 -0.0416996471308026
0.0113778209370113 0.02219728310559 0.49447369815285 0.635566611399355
-0.00823049738641632 0.0475626975550562 -0.0488008274180957 0.522092729674768
-0.0149937251806146 0.0405139964534148 0.0672908161832338 0.013141861559682
0.000762879730924188 0.0358459428714945 0.0245776060441196 -0.538724562824339
0.0209868300125237 0.0329742432235828 -0.734521079278167 -0.470991923681647
0.00339075443805373 0.0141198617451126 -0.813375140439056 0.462156596127955
0.00902275965729032 -0.00840555284597863 0.0793065728118386 0.739844398592945
0.0276712375316613 -0.00426042274685339 0.483446324340783 0.256431069984454
0.0198527073866239 0.00428958243228466 0.362861603181396 -0.120065335356836
0.0031348027552978 0.00389768996350237 0.0671502178525694 -0.269145489916906
-0.0107658106363589 0.0132410043963023 -0.0854160796825664 0.197980901993918
-0.0111783007781844 0.00848591988046989 -0.281133655308656 0.0620145615931555
-0.0246622376429453 0.00147753803795618 -0.393625517575607 -0.236271686003683
-0.00695911358886246 -0.00740912242501654 -0.0383292958846161 -0.608839253875219
-0.00584260430291791 0.000462000964511934 0.674608275790051 -0.387284673588723
-0.0292574973456698 -0.0253739127152103 0.709452156046625 0.370639610665613
-0.0208439923838948 -0.0436185342987471 0.09271985136278 0.567447712037163
-0.00319407016205284 -0.0623005295064917 0.0274430514792321 0.102077822594793
-0.0175490442234737 -0.0639324298316082 0.145686457483893 -0.453787209013827
-0.0231305022944127 -0.0170594972719966 -0.500530293616853 -0.713478044840345
-0.00266194360244158 0.0137585644145922 -0.969341900392636 0.091605042746473
0.017228290869826 0.00856987260413266 -0.243155884357489 0.759425568490933
-0.00311683674957495 -0.00155803774995006 0.363998836731222 0.432406807160504
-0.014179158808218 -0.0115966425186953 0.37627038116546 -0.0373265820540237
-0.00628937733981203 -0.00623625645159188 0.110225532833523 -0.271279891477038
-0.0114390288182923 0.0152950842017367 -0.0901621485839869 0.19062983016697
-0.00971197273050574 0.00853135462559209 -0.282387123653507 0.0398511126110829
-0.0221883860066507 -0.00420098592967229 -0.368215624724393 -0.275449333776798
-0.00783927141698734 -0.00803528867274323 0.0467514792599373 -0.612921469374332
-0.0127899670629384 0.00279454025818499 0.734190521905684 -0.302701933447105
-0.0325860247549187 -0.0281891908722655 0.663555528399187 0.448238765471697
-0.0157860489100903 -0.0527434821686651 0.0479634506375681 0.559381352500814
0.00586001979722025 -0.0703747873954524 0.0329562590732484 0.07659948044104
-0.0183525376049407 -0.0686020428185268 0.10787343944331 -0.484394644773038
-0.0279769986722181 -0.0120141337285678 -0.584279127926392 -0.648967754159339
-0.00670552417224935 0.0177615694928038 -0.931058588748224 0.211273578679667
0.0163497898951499 0.0061380921483487 -0.135152210137629 0.773819594105405
-0.000845367698765135 -0.00400899811642903 0.408350557972226 0.387195448038604
-0.00960186909901717 -0.0113361047915439 0.370833886750838 -0.0678694366792342
-0.0075919326817768 -0.00281331915390759 0.102020519105593 -0.276073261741991
-0.0110120124900173 0.0178627567466574 -0.0965530468715176 0.184437298660995
-0.00401007900359336 0.00983136368345247 -0.281076192457453 0.0184750996637537
-0.0161128132064783 -0.00679977206268771 -0.334713426051921 -0.313678005191513
-0.0099407370682661 -0.0102581060957557 0.134206086941378 -0.607391289565448
-0.0181824936295866 0.00323340428994875 0.782578965603627 -0.208136948810475
-0.0298036451724201 -0.0286941187085816 0.604390816987061 0.526287891479919
-0.00816237376293652 -0.0528638004733993 0.00209086788641046 0.549248637599469
0.0100245149617268 -0.0680672756658371 0.040300978130366 0.0492665961258516
-0.0186816791980467 -0.0623121385869526 0.0656596437868264 -0.512596186489358
-0.026732554004168 -0.00315296548065451 -0.657735350449284 -0.57506381628051
-0.00748391722697434 0.0225174861382305 -0.876835083927503 0.332433685533063
0.012424136115738 0.00297868085330757 -0.0228233249764109 0.775370688248011
0.00294265026378112 -0.00723784541268543 0.448494255003445 0.334696963488795
-0.00350884140363992 -0.00916006657870566 0.362900584954224 -0.0998082867065513
-0.00711154545060859 0.00126794128779223 0.0925774918321344 -0.281047874010924
-0.00963258151313828 0.0206509595660415 -0.102659315029835 0.180988605882748
0.00145877659900241 0.0122808264085847 -0.275653890570025 -0.00127199114634337
-0.0101985830766074 -0.00959880983661497 -0.300390189646239 -0.346561493512528
-0.00977978512740673 -0.0130004585007472 0.211174768791638 -0.592038355879211
-0.0195467971988526 0.00224868174128583 0.812070447154649 -0.112076156787733
-0.0234840825062185 -0.0255424718271328 0.541527937143465 0.589979616848082
-0.00199103324592825 -0.0440506618747747 -0.0368323671884019 0.535054319153888
0.011687099333822 -0.0577158080103676 0.0491437183799628 0.0248526608104172
-0.0179875889432429 -0.0488165873023835 0.0261331045267034 -0.531718672901561
-0.0226412496064789 0.00698468994598391 -0.717220042067165 -0.499763831405418
-0.00719158016004105 0.0252155959850211 -0.820423031414399 0.429192556020196
0.0103619911326934 0.00101789750601195 0.0726437963264048 0.760866811951643
0.00874869608393133 -0.00845939194457682 0.477678332627941 0.283622843558184
0.00395616107897038 -0.00694351299071003 0.355336197412232 -0.125254263867146
-0.00600849143878265 0.00448303915154859 0.080922237235462 -0.28349959285803
-0.0080205288939863 0.0212746231065035 -0.108371643936381 0.179839412106512
0.00601491936657596 0.0142076283727285 -0.271011302257155 -0.0136913943518486
-0.00495653625963749 -0.0087277146633409 -0.272590360998735 -0.37140708724353
-0.00984318045401349 -0.016829183586897 0.267845933722391 -0.57636150689054
-0.0180068029623229 0.00137501337267071 0.823982011967237 -0.0376385917496399
-0.0148865889344189 -0.0166503650575945 0.491635219748753 0.633033122127324
-0.00130225516718697 -0.0253767971473805 -0.0607265181851727 0.523119640831542
0.00909876350060352 -0.035853837570248 0.0566129782137835 0.00645657726135506
-0.0138673268520817 -0.0290140685438915 -0.00140881734683245 -0.543242319970255
-0.0142258521547498 0.0172167032557299 -0.752626533644276 -0.441324350283857
-0.00730822344308112 0.0258762634881433 -0.773998693039462 0.494166335376958
0.00785329973501457 -0.00363531604393293 0.134980269774847 0.743150113992382
0.0151344458425852 -0.0087725909635039 0.493882293783474 0.243142818478595
0.00988787041170982 -0.00414069942524588 0.349195663133658 -0.142865275875966
-0.00466771909143832 0.00632408406156763 0.0715015327794417 -0.285519936769196
-0.00336587558048612 0.0225470930546476 -0.114120301044547 0.180278304944839
0.0110786324198974 0.0175475695964757 -0.265425128508059 -0.0169154787215353
0.000721709803890986 -0.00651625282364035 -0.257594042366007 -0.384483919312058
-0.00856977484844072 -0.0189179379145403 0.28943677825004 -0.571477304603162
-0.0131053792832834 0.000510659718858541 0.824979586595433 -0.000347948016316015
-0.00552058975255451 -0.0022938155743178 0.46363434944828 0.655517894394556
-0.00111905567866257 -0.000934259265975814 -0.0693257689061124 0.515339386731417
0.00429039288929288 -0.0110682263752174 0.0635024799502629 -0.00308735450090212
-0.00858339079591612 -0.00659481022752842 -0.0169323170879953 -0.54932936667084
-0.00196915581762442 0.0238486381932503 -0.770018681692872 -0.412412432190637
-0.00397877463045279 0.0236819973063884 -0.752421123388976 0.522646979351018
0.00746494754974582 -0.00513089973549074 0.16136763653526 0.730814965545237
0.0208209884577278 -0.00940623124042481 0.500887939505515 0.221606289641833
0.0152768942597598 -0.000949962609245061 0.348307373358696 -0.149584021955229
-0.00190014852039725 0.00504166768613156 0.0633024102071064 -0.282242585483378
0.000445710203850544 0.0235416233257683 -0.120452910804624 0.18509457773915
0.013921017664289 0.0206486669022304 -0.26389155778834 -0.0122583986298147
0.00369476514242731 -0.00462481619198882 -0.260041755142755 -0.387606970880591
-0.00673271172660614 -0.0199564165124208 0.281935532714358 -0.579522583267457
-0.00507911836818904 -0.000257720742486665 0.819351716468532 -0.00966708057073188
0.00319927388312006 0.0110749292567281 0.470205477918746 0.650873126872001
-0.00411176655823426 0.0238741912590649 -0.0610196199644812 0.515509217258204
-0.00508093506989846 0.0151884871864283 0.0675173030464639 -0.000725956797903847
-0.00235034233969961 0.0148697562179275 -0.0104183641236147 -0.547499793685737
0.0102568216872744 0.0281740646525293 -0.769399315455965 -0.413796805015178
-0.00135358373337854 0.0198124024566385 -0.762771538097371 0.523054370558933
0.00784671775655771 -0.00760992463514242 0.147088347121132 0.731284539569433
0.0256356086914035 -0.00741058739492935 0.500843500634807 0.222680851594852
0.0187304389490448 0.000938802075065086 0.351239387949846 -0.143610964302577
0.000261797205201224 0.0066813242711674 0.0602371393609054 -0.276565541756492
0.00298680580131545 0.021961492951411 -0.121345233602442 0.189762507200242
0.0147965030825699 0.0218778396433617 -0.265437872961244 0.00107948773909925
0.00498546241160086 -0.000352987337356651 -0.277716462616794 -0.377662559614472
-0.00555825221999822 -0.0222852806045992 0.237456599158651 -0.599447319145117
0.0021183632487546 -0.00227038028999724 0.807043554637855 -0.0594872555631028
0.0126807289082127 0.0217478920441703 0.507785230338737 0.623543208904166
-0.00758339414926765 0.0467421797422015 -0.0366901171455176 0.523565388249131
-0.0140136600995403 0.0408857966047032 0.0690835677724409 0.0111319935757925
0.00162592287337828 0.0354786163476693 0.0137047871171271 -0.5392775852857
0.0218569175162561 0.0320626287243721 -0.746946686505322 -0.455629091392736
0.00466949424191246 0.0153098079593901 -0.803603999232033 0.481143407793141
0.00835143428013987 -0.00870378851226098 0.0966913149760225 0.738745555987245
0.028547007430134 -0.00509892340403226 0.48928537631286 0.245726982283101
0.0192446137251292 0.0042461633149163 0.36117249362302 -0.129561942809017
0.00262193258514657 0.00368624084477826 0.0615129090423257 -0.271231989608525
-0.0095444161480098 0.014038291106288 -0.0812700279272219 0.200788567912316
-0.0117547006250248 0.00908108617805733 -0.278447894264744 0.0701985569682594
-0.0236545961239114 0.00182864849949949 -0.398088700365473 -0.227302631915323
-0.00679914146436963 -0.00650773154378301 -0.0526383919294836 -0.606998096975476
-0.00510632419927595 0.00132891448656787 0.664823831701252 -0.400759955017632
-0.0288398194710055 -0.0252772967441956 0.71434242928156 0.354250242031341
-0.0218156773354134 -0.0428730124997151 0.10458233156907 0.561400523750837
-0.00334449691267963 -0.0609063696922682 0.0300935353414089 0.103463945226817
-0.0184986322717351 -0.0640862593716579 0.136812321450022 -0.45366957959666
-0.023159294231189 -0.0174505447964897 -0.515993387208615 -0.700112478675075
-0.00238727686200362 0.0136172955392315 -0.961858790044069 0.112249062892394
0.017877153528306 0.00841122907888446 -0.226522095584749 0.761951326468718
-0.00306359181285466 -0.00233984253861689 0.372429999341834 0.42207385142885
-0.0149672042848226 -0.0112792697994349 0.373822075073485 -0.0449555549471628
-0.00598481711089697 -0.00541846774112065 0.103952013659269 -0.272667313870996
-0.0108945122557549 0.0155563557134148 -0.0841590825140477 0.193458876803971
-0.007755817331028 0.00905991387587419 -0.280901371398655 0.0456479703066148
-0.0227267031760275 -0.00272568534973824 -0.372234801963589 -0.263818745255136
-0.00834853755755569 -0.00733433336590919 0.031851307121986 -0.612703496997751
-0.0124347578917929 0.00364499029778239 0.723765640175217 -0.318982723219312
-0.0329394816611853 -0.027898463814896 0.67095709622542 0.431614155744961
-0.0167212356877326 -0.0518305666484044 0.0593905431772679 0.55712648464936
0.0034476393691398 -0.0700978510150688 0.034658432068465 0.0768442252501503
-0.0194351784468434 -0.0674270082753227 0.0979224213950335 -0.484030544100277
-0.0277470436214952 -0.0126857012239165 -0.595554614871643 -0.63390942921184
-0.00595034332365312 0.0182958600240878 -0.922341281009405 0.232444641500258
0.0143978125360388 0.00534426220727683 -0.114976363668388 0.77457285060576
-0.00140556012355042 -0.00565664559567786 0.413443271109907 0.375813634299146
-0.00968727600432091 -0.0118691560400479 0.367230947686801 -0.0762936416909149
-0.00657751259315685 -0.000923237310804353 0.095365865676241 -0.278893795547493
-0.0104440424062229 0.0180055789795591 -0.0911343883956584 0.187755909981666
-0.00377275203421538 0.00915198118329461 -0.278269001802439 0.0240022827080966
-0.0171083448116356 -0.00649316657461823 -0.339937000662092 -0.305711602245889
-0.00999967944648006 -0.0103060334985283 0.120378285259934 -0.608311987507051
-0.0170725412079679 0.00293649911058116 0.775648927371791 -0.223394617621384
-0.0307130924624459 -0.0286616679286179 0.614296918158158 0.510593884893156
-0.00953050139568534 -0.0533707250846991 0.0138384783771951 0.545515129661972
0.00921734411095004 -0.0687062666728321 0.0419575593014814 0.0487314995123525
-0.0208213901258466 -0.0619295762611345 0.0559068415252807 -0.510604834684438
-0.0268806112309051 -0.00216399172279397 -0.668383807832658 -0.558530054154705
-0.00770523179407524 0.0231128263296407 -0.866645688614476 0.349263776343768
0.012901344447608 0.00248582756325642 -0.00638417995244207 0.771880209911666
0.00240951486402496 -0.00794142555892847 0.453123736617962 0.323415459335902
-0.00348382019647423 -0.00958817457147203 0.360257137621214 -0.107403348728545
-0.00732197275307336 0.00114972850909463 0.0859243214735803 -0.283451158134038
-0.00859930930808866 0.0200324086596975 -0.0986030226928013 0.184383114419326
0.0017532325586218 0.0111453628070126 -0.274597472468103 0.00657328220941672
-0.010993870275287 -0.00877560400722921 -0.306247548880609 -0.339587968417985
-0.0105117917889942 -0.0131684287931787 0.196630302226632 -0.593953569110196
-0.0195604541622976 0.00215637803125893 0.805799382820616 -0.129777794728099
-0.0240657188660742 -0.0252786534107678 0.551466259385277 0.577476521787191
-0.00343133361195876 -0.0437324129415717 -0.0239881919046197 0.53352291394855
0.0102509448517164 -0.0570957166559471 0.0499085824521468 0.0232001043318183
-0.0191861516522501 -0.0478679052741026 0.0149829126073783 -0.530142318322018
-0.0213685846970414 0.00861203965543573 -0.726031357200544 -0.482935666871802
-0.00749209672229876 0.0256229880299382 -0.807613065930463 0.445887856561504
0.00979297789272165 -0.00155319643612421 0.088024601984148 0.756627809236998
0.00850530083629219 -0.00921068377058355 0.482658226065749 0.27185092756865
0.00244108363938573 -0.00720739944457803 0.352261189274215 -0.133590399985801
-0.0069339625128437 0.00441146696726128 0.0739846046501774 -0.285770393347081
-0.00558438989806024 0.0211868855487203 -0.104579777255771 0.184571744105042
0.00756566585177369 0.0137496336008675 -0.269036391252961 -0.00623903806055621
-0.00446705593342371 -0.00973282680817776 -0.278901090701865 -0.363424656364106
-0.0107666647523138 -0.0158636263762947 0.253510134924831 -0.580865335654094
-0.0169766497213887 0.000915538571203346 0.821736957506707 -0.0562655321670528
-0.0149065507392211 -0.016501777601433 0.503661723100602 0.621848554566345
0.000464056413000042 -0.0254993784864836 -0.0506987571754604 0.521609595001544
0.00871334517290971 -0.0362906541050898 0.0572026788875155 0.00547885127257808
-0.0151690043903961 -0.0286501349436823 -0.0154542912017788 -0.540041941287981
-0.0137303028958334 0.0179689027691163 -0.760699988082895 -0.42426353001797
-0.00627019609188425 0.0260439342848829 -0.760047510948052 0.509758888941013
0.00838733347896614 -0.00360920845419878 0.150737932234669 0.737210934020984
0.0143343624415532 -0.00994304570502843 0.496080016946905 0.23215563171646
0.0100243303009304 -0.00407413214157197 0.344566429706198 -0.152248278087516
-0.00415236198020698 0.00585668419497525 0.0633879081392383 -0.284962771034079
-0.00236816633367375 0.0230927397830854 -0.110852265899703 0.183934805448223
0.0118353975744014 0.0175146985569137 -0.264024274427296 -0.0110919454575233
0.000345344798170661 -0.00675267613195563 -0.265175804995323 -0.377944004955872
-0.0087831595249187 -0.018579070367298 0.277271775505059 -0.577320542317164
-0.0124069115094449 0.000437622732789635 0.822464377291714 -0.0210571537549817
-0.00573181423513315 -0.00204463330535455 0.476045582537938 0.64070567944358
-0.00158500689145889 -0.00180451094172178 -0.0583302759529951 0.515730701950709
0.00403235413373795 -0.0104567472262295 0.0629890992150579 -0.00456998521175369
-0.00848220614364138 -0.00619731160047135 -0.0272979068584237 -0.545295770744587
-0.00140629865072179 0.0240103820392235 -0.77509897725955 -0.393251228250232
-0.00416278593510071 0.0248193204359391 -0.73876539873274 0.538381084498346
0.00734665926283665 -0.00603799329387956 0.175654204355756 0.725274792201637
0.0204919515498951 -0.00983928694048288 0.503982482848664 0.209271050419285
0.0151293910161885 -0.00164047219162674 0.342830426845469 -0.156720781247363
-0.00121843612304379 0.00717947468865484 0.0575655019878653 -0.283512527566687
0.00115156732597351 0.0228666360639016 -0.114419256350558 0.188669104956747
0.0149392153752574 0.0189528551890881 -0.263810264933845 -0.00550853141290868
0.00437560097373634 -0.00358762428133962 -0.267952906078463 -0.380124904405573
-0.00763869634952677 -0.0206168912874652 0.266354413845151 -0.583552213089135
-0.00531724003289897 -0.000242469450489413 0.817434525422266 -0.0276963185842811
0.0026158391356377 0.0116997572613346 0.483606198886547 0.638459325613218
-0.0042977696207458 0.0249872003291062 -0.0503063158367204 0.514609788923541
-0.00468489519004616 0.0158514839485068 0.0680063065628935 -0.00226558715851502
-0.000852770344263574 0.0156435651292891 -0.0222884859765152 -0.544673504912652
0.0108383880582815 0.0275303990837753 -0.77395201146914 -0.396714140833571
-0.00111126280325273 0.0187941775577184 -0.747212586525075 0.537112173663804
0.0072410385447836 -0.00784297035863297 0.164992817624618 0.725451749335715
0.0248390750653523 -0.00903357569895132 0.503795430666519 0.209719429819567
0.0185785615694464 0.00102938973969553 0.347147537065386 -0.151754311736911
0.00120438487526839 0.00530497049107432 0.0542630392445314 -0.27800794419047
0.00475878363199658 0.0216806948551595 -0.116352173833643 0.194713332631816
0.0144136083347948 0.0215520955749179 -0.264499815593055 0.00808067093457448
0.00558171856657643 0.000830196412386473 -0.285581062099081 -0.369282724455597
-0.00609791594498785 -0.0211190664846426 0.22360896446832 -0.602484007374876
0.00133184359419019 -0.00201755883006955 0.802011280837473 -0.0784915777844813
0.0112874434468648 0.0207100699596119 0.519582623293293 0.611000482316157
-0.00570676274677112 0.0474698593568666 -0.0260080673471614 0.521032091073172
-0.0123157064839483 0.0401195332186825 0.0691795565551526 0.00976288196337658
0.00241575563857101 0.0351990056779855 0.0020983081420154 -0.539126699166225
0.0213302899992998 0.0313377378628628 -0.752284276662065 -0.436735635935411
0.00406850197565417 0.0139451658175366 -0.787905595855115 0.497067481640607
0.00844321317955352 -0.00993911649750218 0.114077040102259 0.735975189250864
0.0284606329140744 -0.00629542741597107 0.494210067327982 0.23152273666974
0.0183280903821568 0.00425743618540324 0.356082599724786 -0.138522500702584
0.00421707019468649 0.00455841341131497 0.0552567312891003 -0.272233091015178
-0.009247184718663 0.0135645537774057 -0.07563776337855 0.20323073738473
-0.00975723026104202 0.00793459037758663 -0.273575886835889 0.0766084062780093
-0.0238907645510331 0.00190304123473289 -0.40109268108556 -0.216748026662206
-0.00655077703345734 -0.00650045174336917 -0.0647427900034414 -0.601105326628329
-0.00598273658536626 0.000332041984970803 0.651707033840968 -0.412483212878261
-0.0294510789442155 -0.0234740752730052 0.715640989474447 0.335206867318499
-0.0217280740923283 -0.04313955566396 0.115157393502502 0.555954670823585
-0.00535384598073291 -0.0606801708476783 0.0324032987917934 0.10176019902613
-0.0196548544631246 -0.063135231429541 0.126655178502105 -0.454156026024474
-0.024511957127345 -0.0169828562152068 -0.525967887808053 -0.683841378161812
-0.00174911153042253 0.0145018600687855 -0.95616944720788 0.132376203236249
0.0173103417999942 0.008396911293062 -0.20851868149342 0.761739486029926
-0.00459374996207559 -0.00209033524241481 0.378419980528035 0.41031876603394
-0.0159064552605337 -0.0110594511907218 0.371509326010543 -0.0527006069319251
-0.00646497674948826 -0.00545787102103392 0.0970613865035485 -0.274226174046707
-0.010567566755396 0.0158648143374578 -0.0792116237947388 0.195527834530298
-0.00779554796872603 0.00856305709757683 -0.276727030636726 0.0534411534398259
-0.021939995119469 -0.00161273341878329 -0.375295805315836 -0.255740380921886
-0.00881969486898609 -0.00659397156606112 0.0178395353169691 -0.606927573110059
-0.012428153601565 0.00249671111269611 0.712737653581983 -0.333224299948972
-0.0329896628022514 -0.0274958237911699 0.675822744486291 0.414491424492182
-0.018438328194545 -0.0522700742613619 0.0705075366601428 0.551967299559024
0.00259569257562754 -0.0700195226656418 0.0368623854386312 0.075189099923417
-0.0212941036647351 -0.0674989170379629 0.0871166325837661 -0.483011711408963
-0.0275526860936309 -0.0125215127913275 -0.605824596887242 -0.617916147203115
-0.00483899327223196 0.0185975243919126 -0.91056322722016 0.251184104207842
0.0153000748581042 0.00550982089156278 -0.0995204226817024 0.774160014210694
-0.00126327947236855 -0.00533997509681847 0.419458209890946 0.364618810164693
-0.0107164067356635 -0.0100845779210427 0.364330877589832 -0.0856763775262813
-0.00654988771547128 -0.00188793184994352 0.0899929157785858 -0.279706703567673
-0.00921716453337184 0.0180811080064676 -0.0867597851352557 0.1905441055292
-0.00276138265047626 0.00972574620953008 -0.274801256050491 0.0308881295320633
-0.0175418695231266 -0.00548749400063877 -0.344892549806691 -0.29589846195694
-0.0103773889373679 -0.00924522806971118 0.105975382404295 -0.605618668119607
-0.0175900946478828 0.00321017471046348 0.764796707504287 -0.239829907868484
-0.0308042686716627 -0.0279648817159019 0.619687842158311 0.495198136110941
-0.0109934366637818 -0.0522583892175316 0.0237537008927211 0.541768170785644
0.00830517933871505 -0.0687996590745666 0.0423292368157291 0.0483587004566725
-0.0213199530060472 -0.0615452432336231 0.0448560486328209 -0.506749229358211
-0.0272184454298862 -0.00296625873540363 -0.676340142864389 -0.541836927538423
-0.00642166057930785 0.0230899723906269 -0.85317090530462 0.367945537159541
0.0128268883591281 0.00270444589576829 0.0106218149213989 0.77008480479438
0.00315905166544505 -0.00729802798359471 0.45625279657668 0.311032729204685
-0.00462972649298693 -0.0090166624304803 0.356785561480836 -0.114239549904883
-0.00670579870424167 0.00179818643819216 0.0784596276577493 -0.283633151817725
-0.00887957396117194 0.0202445164371866 -0.093912615199012 0.186277068007805
0.00205025822740674 0.0102858259997511 -0.271502755724152 0.0128991526749503
-0.0114147993702044 -0.00864484705425368 -0.312269769517873 -0.330123262105894
-0.0109564882258352 -0.0118544299103842 0.182347794318787 -0.595247077780478
-0.0194922208986517 0.00222189663602454 0.79935214405884 -0.145870883516169
-0.024673048477812 -0.0238393121159001 0.561233924245787 0.561035483372215
-0.00459960157669751 -0.0428125319140429 -0.0145356923922585 0.529166512932777
0.00960450434156767 -0.0568344481091657 0.0496299013577567 0.0224906802999178
-0.0205538062144895 -0.0486337950028419 0.00397686077478064 -0.526309721269143
-0.0224239795741066 0.00789848356835683 -0.729573011570591 -0.464387949390225
-0.00585549879382991 0.0248551775420066 -0.791891618666521 0.460515749653539
0.00965005901776778 -0.000566469632636669 0.103531093137937 0.750998647221332
0.00814159968676392 -0.00927834076983165 0.483991962331676 0.259910987415002
0.00341145426275506 -0.00608014491029772 0.347816331305122 -0.141292740542485
-0.00538784486223429 0.00518874384380306 0.0683677732630426 -0.286277706223283
-0.00503149171223585 0.0217016558383077 -0.099877610310342 0.185233956661057
0.0074866732538249 0.0130386199984874 -0.266076065289563 0.000211033324569583
-0.00481447958276006 -0.00866092186776436 -0.286813728974269 -0.35598972715414
-0.0110779465710499 -0.0152182397083159 0.238631875009424 -0.583043584962641
-0.0161177155559447 0.000449067384156604 0.812175658084638 -0.0748309457374526
-0.0157555875017291 -0.0155084662807627 0.51379002561017 0.60670202888711
-0.00104382703040473 -0.0252175808462309 -0.0377068498988169 0.518479038105087
0.00799582244751383 -0.0362267999784041 0.0574351924287052 0.00496827845652236
-0.0155758452014233 -0.029557807301813 -0.0244622169181028 -0.535123914458026
-0.012871777753189 0.0170973271835176 -0.76387980847717 -0.405365504387955
-0.0057867850795215 0.0260357293325398 -0.743645094462875 0.524229705251343
0.00809994049734523 -0.00373645119506992 0.165050884683932 0.730051851734102
0.0142946071222553 -0.0100205727310724 0.499031702109186 0.218667377794557
0.00933422565112701 -0.00455768742838966 0.339212128689037 -0.157586057354066
-0.00396257265419721 0.00691172286998054 0.0575100508839871 -0.287452055942524
-0.000322817145398376 0.0221020972689689 -0.105220974419879 0.186379767785515
0.0121139011476948 0.0160256609799409 -0.262198686451422 -0.00408566825388661
0.000751299448884731 -0.00676168708637068 -0.270905927286897 -0.370421691965326
-0.00961335397993039 -0.0180347676381736 0.262179210249773 -0.579126883231488
-0.0122818971698183 0.000793920272687152 0.817497590594527 -0.0360323041220821
-0.00560948825406721 -0.00253172772943428 0.48713750485387 0.627165320759029
-0.000783563457325004 -0.00149988807645452 -0.0490025142872971 0.511052409217064
0.00360034054054888 -0.011672587879025 0.0626853401147922 -0.00555713190958797
-0.00819932178971711 -0.00718914731236825 -0.038222630189284 -0.541386888634714
-0.00127133688014349 0.0233556853455409 -0.779168849018099 -0.374509583516222
-0.00370849926668121 0.0233795833378088 -0.721497182821425 0.55290726724769
0.00662992034185264 -0.00611521617188567 0.190917436142837 0.719096928728299
0.02007714816655 -0.0103009658687651 0.507327005304663 0.196244740568207
0.0147499407014395 -0.00172017398268822 0.338128758150052 -0.164796607825835
-0.00103493330764756 0.00752128653593176 0.0503555607258016 -0.284081276339711
0.00212550776966226 0.0224789805761597 -0.109255138424057 0.191482006588546
0.0153610904359093 0.0190124269618286 -0.259894319888946 -0.000716534415454627
0.00378039416290909 -0.00331526861304337 -0.274241485128566 -0.372950197132626
-0.00828760940513846 -0.0200328902349388 0.252805573533559 -0.586428606634093
-0.00502563369539515 -5.76992466662114E-06 0.811825781171057 -0.0449357210844665
0.00389433335389609 0.0110359182469176 0.492111811440225 0.624950601211622
-0.00307912165045951 0.0244870738596781 -0.0386726509998388 0.511457858272656
-0.00373341271502167 0.0158120902993746 0.0678840203549714 -0.0034323096584478
-0.00144717383648915 0.0151563348530367 -0.0337201305559613 -0.540778061757229
0.0113525237493613 0.0272943489332704 -0.776250738058756 -0.377501220878891
-0.000320570138421156 0.0193767466191553 -0.731893554347863 0.551591915636734
0.00760625951407096 -0.00845161034159633 0.177547627216262 0.717182789601548
0.0246125332224844 -0.00899256906202615 0.505795882491591 0.19722852501425
0.0179859134748018 0.000770675927512077 0.341056949913338 -0.159353603918838
0.000944668963817321 0.0064659614634618 0.0478734860580975 -0.27974454102845
0.0050142170752196 0.0223490415275995 -0.112606686155727 0.19658155719121
0.0159812376755677 0.020832051462486 -0.261593249011506 0.0130180153250551
0.00638943473619717 1.7162353125961E-05 -0.292255671815822 -0.360794129944884
-0.00714017497770915 -0.0218506178886885 0.208587641813821 -0.603410330276334
0.0018129557501911 -0.00262327123350338 0.795159834095592 -0.0946993428329642
0.01228353578357 0.0216947383431861 0.528614135585057 0.59564029480842
-0.00546286172955518 0.0468359931574146 -0.0151032613450795 0.517584612733679
-0.012045177106468 0.040276084668438 0.0688152445380092 0.00904631297336859
0.00342068504613473 0.0350040606174872 -0.00932659567291655 -0.534327812578728
0.0235924135005649 0.0303356036888232 -0.756718076326244 -0.419773062885993
0.0050412127071833 0.0149422599568985 -0.773824022433317 0.508964522575239
0.00774487113579729 -0.00932947370553939 0.126589598056499 0.726894308909197
0.0272770494243766 -0.00619313352810691 0.49705975451886 0.220807618465632
0.0189617780420132 0.00335169545202452 0.351640820021639 -0.145676575173922
0.00431401011495401 0.00491735267430777 0.0497018654360232 -0.273049884823574
-0.00869666247150307 0.0139783126568022 -0.0709553543614716 0.203347120498493
-0.00995594386552982 0.00840528509304561 -0.270229108117833 0.0834036523594886
-0.0236232603368785 0.00236175592994456 -0.401685363574273 -0.206023574819771
-0.00730079944007535 -0.00646966376527631 -0.0766946993109363 -0.594504821081942
-0.00533537049986574 0.000818411634512189 0.637505804431002 -0.423171242672219
-0.0302725424300657 -0.0233400684625805 0.716064042735657 0.317410408665111
-0.0238448967249171 -0.0409622435692869 0.123991365922516 0.546086016866414
-0.00620077757514363 -0.0602126810632398 0.0343540018958521 0.10031173279004
-0.0200062243971009 -0.0611669027178352 0.117545414660383 -0.452133731753203
-0.0242242589409819 -0.0171940990020137 -0.532485225935243 -0.667554093148587
-0.00209572494188029 0.0135174458760771 -0.942631419732974 0.150179100169284
0.017654309243431 0.00796221049660837 -0.192157027127179 0.759731425586477
-0.00362510591335108 -0.00185340901879014 0.384586110906608 0.399964550134845
-0.0159206348955029 -0.0102217190790635 0.366761503057835 -0.0609807963919768
-0.00584433173694657 -0.00461091693750037 0.0911168814543656 -0.274104144769209
-0.00881987660757829 0.0154331085004196 -0.0760102663082809 0.196980283284394
-0.00707443867889306 0.0087377199975046 -0.272088326592446 0.0589896374279988
-0.0212245465139281 -0.00209181438884638 -0.377301019025544 -0.246697217089693
-0.00841541358923606 -0.00692509000933872 0.00578309077488226 -0.601996351548689
-0.0126761825350103 0.00325109562758047 0.69992354191114 -0.345193976525788
-0.0341687604868473 -0.0259614667688688 0.677005904106966 0.395805823998982
-0.0193519469771614 -0.0506417456064152 0.078535420369111 0.5432016766433
0.000299403862084289 -0.0688798526805856 0.0374896088174398 0.0748929693134928
-0.0224388617736251 -0.0659759516365507 0.0783722879127446 -0.479862316364367
-0.0279601652077865 -0.011157240519233 -0.61078928075601 -0.601579367808948
-0.00444834839135204 0.0181557554761576 -0.898273409349115 0.266403526662869
0.0150448466166222 0.00523047062120369 -0.0851245688556759 0.768570945243142
-0.000832147797044081 -0.0060700061724828 0.423695143737099 0.35403266282176
-0.0110755018971775 -0.0103985839620418 0.359920430260938 -0.0907544678730293
-0.0062119755858871 -0.00224099855280621 0.08360842709427 -0.279565428166212
-0.00830196951175439 0.0186369343953308 -0.0820118323071306 0.191891987343899
-0.00331624550958823 0.00864757185050415 -0.271362541314078 0.0374216428219294
-0.017054393490746 -0.00643949235484703 -0.348314595872615 -0.286543423330521
-0.00958263306558358 -0.00921512432966421 0.093000491954255 -0.601847881519668
-0.0165262621926444 0.0043164776948086 0.754350563289321 -0.252526173676481
-0.0315259965827434 -0.0268041734142294 0.622956680613847 0.477368644678584
-0.0117417355214604 -0.0524160529602889 0.0321071460553761 0.536235566522954
0.00758214111771618 -0.0681783651100366 0.0430863668588695 0.0463213685839197
-0.0227907280240116 -0.0604816048088306 0.0363516808310419 -0.504262577044798
-0.0274795849199339 -0.00224233383046016 -0.679153655663909 -0.522681597131019
-0.00581040457380189 0.0224604501811544 -0.838741027370998 0.379350523108508
0.0118292630245629 0.00242535914264405 0.0252144064260078 0.761554493853945
0.00273694844486924 -0.00787799877216503 0.459504956710541 0.299153890814266
-0.00480937465236118 -0.00861103425800974 0.351103313857304 -0.121684401617008
-0.00684662954509067 0.00165233614960078 0.0732547601001752 -0.284255635992103
-0.00673180701490673 0.0199917299593846 -0.0878956109602044 0.188163845333603
0.00277748281839238 0.0109132452978188 -0.268346783681029 0.0174039739415247
-0.0106418785868861 -0.00835443737283164 -0.316020841866378 -0.320963907325059
-0.0117743427054143 -0.0127531701861068 0.169366379509732 -0.594167686669718
-0.0187573420853519 0.0027004132280521 0.788916750362481 -0.16144623205602
-0.0246447449402724 -0.0235997968561018 0.565292159715826 0.541956639345453
-0.004724166662551 -0.0432095341235085 -0.00452600389887979 0.524576873968283
0.0082331044181274 -0.0570320374392793 0.0495614533075035 0.0224283200285168
-0.0208549848426829 -0.0464592394257602 -0.00458049262330879 -0.521260194222578
-0.0220344438743053 0.00757546770782638 -0.730729116368352 -0.44853540771884
-0.00482600033013394 0.0253459623196358 -0.774590997308582 0.471378405547783
0.00962004385914519 4.79310175964792E-05 0.117986271739447 0.742958010011983
0.00736215370277397 -0.00968267627939168 0.484956787032892 0.24675942279036
0.00265338104675016 -0.00689563784758283 0.34117281110408 -0.146538282325655
-0.00554506795052461 0.00487842918996517 0.0610277393165868 -0.285794701131258
-0.00426001769175955 0.0218158848001124 -0.0951445633545559 0.187097850824233
0.00857469655363479 0.0130358826429075 -0.263067085080439 0.00540439650787898
-0.00522903095204067 -0.00841495644319823 -0.290629094204205 -0.346773931366083
-0.0110389492224473 -0.014599053048356 0.224817701652844 -0.581459101112954
-0.0174334945217793 0.00121855898027563 0.804908798840879 -0.0879735263503234
-0.0155491235033917 -0.0151286038668116 0.519817611346906 0.590139580858998
-0.00141048107290139 -0.0248960050493651 -0.0298404279943215 0.512752349705518
0.00731652122108256 -0.0362503384440531 0.0570141544214817 0.00423501062202949
-0.0150375969109801 -0.0275452116316612 -0.0334423441811317 -0.531215452631655
-0.0116897064289584 0.0167982408424782 -0.764024146265194 -0.387196973251322
-0.00447047281823195 0.025851137185996 -0.726438849279668 0.533893980768677
0.00769612365256678 -0.00354374775763145 0.178501705729415 0.719401299344111
0.013323041628687 -0.0115748797265498 0.498799393072312 0.206280029152802
0.009005503573462 -0.004323611769754 0.334014215677254 -0.163946699531151
-0.00469568836959722 0.00618832014658688 0.0515846726609772 -0.285265845421898
-0.000928588617208391 0.0224580391429094 -0.100844751592204 0.188911958025113
0.0128135995918604 0.0153240040036537 -0.259404440915553 0.000485948285659562
0.000881915033994474 -0.0071910580781312 -0.27562925811024 -0.360366121961996
-0.0105572498762468 -0.0182211112134117 0.247687566158887 -0.576850142043937
-0.0117802251296678 0.000804301701371381 0.8092160173264 -0.0524970059757384
-0.00603968085370743 -0.002478639627596 0.49423692895072 0.612071874184524
-0.000874435113717857 -0.00144230619093974 -0.0370196361695445 0.508062733092627
0.00291021731318661 -0.011579373780493 0.0628380004255285 -0.00593154121340059
-0.00828717510289683 -0.00620639353983072 -0.0455637329271576 -0.533685654290965
-0.000543032995001854 0.0234354896339298 -0.778102723591301 -0.355913064980728
-0.00308583674298906 0.0238269542355011 -0.704421197395317 0.560340534181389
0.00663533839181062 -0.00680858151202149 0.203250849911848 0.706484806089802
0.0199554465824166 -0.0113903731541882 0.505425781551548 0.185038236427459
0.0145075763392361 -0.00249210358203435 0.331258327388013 -0.170306937678826
-0.00188861343101669 0.00722505149327428 0.0440532815106271 -0.28289059764883
0.00317912118094294 0.0233566792980932 -0.105190233521621 0.193584112452043
0.0149019575779964 0.0184873689110056 -0.256257951711501 0.00592964304935938
0.00386260652490912 -0.00475287090135148 -0.27756958479788 -0.362779855020101
-0.0082139744589063 -0.0195923421720942 0.240158316677934 -0.585555056196523
-0.00596516312369267 -0.000206991788593449 0.802537200240473 -0.0606726610028576
0.00356464472300766 0.0112227847489085 0.499748607926836 0.608133212204263
-0.0030206201682952 0.0243437216343251 -0.0287733560222842 0.505955465720949
-0.00294660982100406 0.0154209031687016 0.0669568273164892 -0.00411077497383727
-0.000452046687730388 0.0155499498239038 -0.041940037491653 -0.53315225031061
0.0124474127346473 0.0255450286624911 -0.778285533766213 -0.358893785828598
-0.000368364753261683 0.0188672344910509 -0.712865087668191 0.559720214992708
0.00674352542620249 -0.00799222864146387 0.189388901375697 0.706385793415519
0.0238078037515367 -0.0104747800920823 0.505703879367427 0.186120429118558
0.0180027944836569 0.000451307041948062 0.335649856633713 -0.165446920207034
0.00110856281973477 0.00586388798612471 0.0408128504170725 -0.278380347744936
0.0052914894044602 0.0213009549897683 -0.106425570044285 0.19867578912512
0.0166049126044748 0.0194747011145674 -0.258470694255061 0.0197588129429761
0.00506805674307779 7.69291976194728E-06 -0.295665619197616 -0.351341924810238
-0.00673259062320352 -0.0206855926357893 0.194227669644968 -0.601308712370598
0.00171231184371631 -0.00248843871105156 0.7871459752005 -0.110791471832976
0.0129172057779376 0.0197232729077297 0.536937762803384 0.578600439641939
-0.00481805898518039 0.046792216333172 -0.00538354275939391 0.512213373391915
-0.0114014054652035 0.0403664461571612 0.0688581921974353 0.00823713991735847
0.00386397608156328 0.0344619596643719 -0.0180856392727649 -0.528073775306178
0.0228825799289014 0.0301380837295157 -0.758920661993283 -0.400693338539136
0.00465319058892222 0.0143632609924923 -0.754513793594324 0.521045528865215
0.00821330700923061 -0.00861906884505918 0.141389030694871 0.71999454114026
0.0267894304453158 -0.00691887093207456 0.496233303364676 0.208900529447518
0.0190602685358673 0.00332946007844158 0.346309946273975 -0.15129776880812
0.00331494671670138 0.003641329278836 0.0430833943592326 -0.271370196065554
-0.00835084383366304 0.0140310274209522 -0.0664366077920891 0.204074681553184
-0.00938646278314783 0.00744949832385102 -0.264719182748023 0.0868112691808363
-0.0224650791816195 0.00340942607998314 -0.399492118872012 -0.198058813402
-0.00766676798491474 -0.00569331372753336 -0.0878953295750936 -0.585234764787213
-0.0056436896733204 0.000419161138556289 0.620908598524119 -0.431297656356097
-0.0306355568911667 -0.021839919837098 0.712869853493861 0.301074672150237
-0.024004770629426 -0.0408237851589793 0.130585991778271 0.53833950200837
-0.00707318901116457 -0.059102848580449 0.0362873420230678 0.0990193923383586
-0.0214923007452076 -0.0601709285320135 0.109221173361855 -0.44939603246334
-0.0238769743783386 -0.0166020105091661 -0.538177870303947 -0.653410583900591
-0.00135356321041718 0.0134583639100603 -0.928982392411868 0.162650434162386
0.0177321848679369 0.00743553224937742 -0.177549646133272 0.75519483554548
-0.00380470661003565 -0.00286169562248796 0.386121421794138 0.390155145411311
-0.0159226045221274 -0.0101095963394987 0.36175005371639 -0.0664124354620436
-0.00692499095410963 -0.00436307082712728 0.0852001223129681 -0.272876971845855
-0.00818863414607522 0.0165336132902239 -0.0720117520370187 0.197463273866132
-0.00686103497583662 0.00797051530952218 -0.267049891496109 0.0634062678753793
-0.0209612190500004 -0.000509838175208157 -0.377576203397581 -0.236905349253832
-0.00849926677981752 -0.00640627982071831 -0.00649695687147344 -0.593883897684611
-0.0110715437457187 0.00250635048537064 0.685684730958447 -0.352634975548869
-0.0339391485222729 -0.0244680328973864 0.677398274401927 0.380455091051754
-0.0191507523706366 -0.0495696931188024 0.0866302365767043 0.534580395321982
0.00038589326003852 -0.068407078766884 0.0385705941849441 0.0729766074514933
-0.0217981038459602 -0.0645000103197993 0.0685109470518163 -0.474723923712839
-0.0280842191793937 -0.0120155572708867 -0.611138504611177 -0.583300991630247
-0.00353091858235677 0.0184461674275739 -0.883865011822717 0.277495042511389
0.0135952534832517 0.00522226027937281 -0.0689907575713603 0.760980301475583
-0.00199443810471626 -0.00434759476869564 0.424519566641663 0.341980089430229
-0.010664547535842 -0.00900455950586397 0.355925622588127 -0.0962767008022373
-0.00649634883555068 -0.00116882831735452 0.0781395009247028 -0.278305500371591
-0.00861562923833918 0.0182314424074011 -0.0779667399949294 0.193234191526089
-0.00206763923145174 0.0078400046726392 -0.266940684418765 0.0415800221664946
-0.017494033097853 -0.00503580802658602 -0.349183539422409 -0.277558391226643
-0.0109160936990795 -0.00809022833477283 0.0816697185554694 -0.594995415426139
-0.0161106464976116 0.00296245624144941 0.740665194700838 -0.263125677288892
-0.032089095640208 -0.0262974321941805 0.622298823017186 0.460318713932025
-0.0126618566149259 -0.0515348138890153 0.0423922178316558 0.529043452751938
0.00573913447181081 -0.0674173903429225 0.0440918234231768 0.0463333763284693
-0.0234891010596776 -0.0591545808113694 0.0277891643558732 -0.496638275473364
-0.0274173862848014 -0.00210114972220311 -0.679922544227557 -0.505296081437368
-0.00479199542339381 0.0221961699883426 -0.820104978124861 0.38960584223055
0.012666445623674 0.00111794408625064 0.0364150575843398 0.751520517763038
0.00185428530160388 -0.0069557541292733 0.458859924608843 0.287564877776193
-0.00484178645764108 -0.00798110686417472 0.344621635089655 -0.126240805756517
-0.00684474146212124 0.00232072653316701 0.0675682873104497 -0.282789125001163
-0.00562983735378777 0.0196772978796219 -0.0841693454288696 0.189152628480177
0.00345927544403361 0.0103009710509025 -0.262974743616556 0.0232657523367565
-0.0110992914319868 -0.00694509992165209 -0.317753641330887 -0.312698025699413
-0.0109462108805601 -0.0107790277927907 0.157260100914834 -0.588268657171364
-0.0181194919596835 0.00336821553229689 0.775762196321579 -0.173343902947597
-0.0246174333470614 -0.0228221097611442 0.566613886282245 0.528828209076014
-0.00587767085430409 -0.0434616677365001 0.00277875389825461 0.51902818010075
0.00783726161300748 -0.0558139526060209 0.0502755372134827 0.0212844720176566
-0.0210221986040375 -0.045235050409008 -0.0110916950525535 -0.515274583216521
-0.0212336115181164 0.00776540652522604 -0.731099204951636 -0.429051774948781
-0.00543802311425407 0.0258253900752791 -0.757483391036972 0.479351293208156
0.0087742209030481 -0.000430084802997451 0.129215863085638 0.730745897668389
0.00768166950484066 -0.0106688580704411 0.480695761819774 0.23597829660188
0.00218642950386122 -0.00642251449879178 0.33520624689673 -0.151508797210438
-0.00461730379515479 0.00491213863190026 0.0567924491238259 -0.28486215693448
-0.00233489398927483 0.0222463916348596 -0.0901001083082473 0.188426216617443
0.0089110894461982 0.0122220361568104 -0.258995374636988 0.0102376662557211
-0.00478395775332658 -0.00831111653341193 -0.292013163054717 -0.33791853031212
-0.0106224507913855 -0.014691869627295 0.213825222749213 -0.576995808714866
-0.0168688645665197 0.00185464198557558 0.793710279305591 -0.101930746223292
-0.0164279638036844 -0.0145609452490365 0.52143671348329 0.57476225450426
-0.00284458575630278 -0.0254204307725779 -0.0222135169122535 0.507999695488994
0.00783598571698313 -0.0363820210965167 0.0570723919086433 0.00288300782917317
-0.0160836472714955 -0.0268231458845006 -0.0411320327536342 -0.524168787038172
-0.0120483295396052 0.0156228168186291 -0.762351273287804 -0.368969843562514
-0.00416172050675013 0.0260152328546897 -0.709279347453163 0.537926452459525
0.00725762045380978 -0.00381887183448059 0.187877919078092 0.707995875371909
0.0135295751047898 -0.0111099958476015 0.496014756472058 0.194318063465464
0.00896633589383009 -0.00379499456748243 0.327390783474625 -0.168546267820077
-0.00375520975926852 0.00618093636302966 0.0454349376585762 -0.283480273880215
-0.000918572689513171 0.0230172215657332 -0.0953222002405388 0.188472982702788
0.0132076302198074 0.0145403021650839 -0.254610181263544 0.00598857259423926
0.000253866288208486 -0.00718211927310978 -0.278569812025557 -0.352026027053316
-0.00945658382691044 -0.0173179212267163 0.235203947746786 -0.573435379496873
-0.0113775584139693 0.00105639144787066 0.797501677980803 -0.0680222937983306
-0.00577422422119869 -0.00269240928055295 0.497626300168343 0.595551976855457
-0.000720138633959544 -0.00159091789808758 -0.0296645997157234 0.499913378941495
0.00298267521556063 -0.0117530631724056 0.0622117112796723 -0.00674298504129068
-0.00877003780603024 -0.00535353989056245 -0.0554080668697747 -0.526708283749064
-7.09241300194414E-05 0.0220277512404905 -0.77452009583004 -0.33841456960162
-0.00254109949341051 0.0238394507603069 -0.686224910603666 0.567114314801544
0.00540792719713867 -0.00681408202422253 0.215081297755413 0.694341843828653
0.0188726124286994 -0.010762849984237 0.502228613257464 0.172921592747442
0.0153882517251046 -0.00152074856131469 0.324925008442912 -0.173997637576216
-0.00101076378007378 0.00618269400633587 0.0367626458936803 -0.28111254106978
0.00321493636501189 0.0207831237830979 -0.10035398971218 0.193960365404638
0.0154352606130998 0.0177619731993058 -0.253970887471423 0.0088931781775977
0.00299474983566373 -0.00467452706582633 -0.281531035049199 -0.354777747091681
-0.00913830874675461 -0.0192044416768427 0.224197112405367 -0.581811952181275
-0.00469041014474298 0.000169996020775786 0.791016990411028 -0.0741964895049306
0.00513265911416179 0.0103565196772552 0.502056027322606 0.592564264880388
-0.00270704154037389 0.023762747788059 -0.0213505938388723 0.499837268899423
-0.00301024165269447 0.0153282089312481 0.0674021538815526 -0.00589990839152802
0.000752274011594375 0.0147476443743983 -0.050201128195195 -0.526666486138749
0.0125994679133511 0.0245559582952401 -0.77161795164786 -0.342713667675083
-0.000277455964212798 0.0189909509286137 -0.694839908574686 0.56440960639394
0.0047270465342797 -0.00893555916665249 0.201629592325418 0.695932435127891
0.0237562505877181 -0.00956224876122546 0.503330159946071 0.173693686093808
0.0170523992391262 0.000101446808792066 0.329744340105878 -0.170848855432744
0.000849876245251179 0.00655828467752974 0.0364255346233637 -0.277543409237357
0.0064354985562233 0.0214233007693651 -0.101318763966189 0.198891862774144
0.0166088254944528 0.0189495725039386 -0.2542920161278 0.0227863778951197
0.0056033670347863 0.00114834746370318 -0.299363417663741 -0.342280718534278
-0.00832052162339973 -0.0209952602315962 0.18160460525291 -0.59467980466601
0.0010614170183278 -0.00228932260018214 0.776288761840404 -0.12136188659862
0.0118424175321494 0.0208058494178754 0.537367034941713 0.561245204966284
-0.00453853125457012 0.0455180194495481 0.00199479737359761 0.50497316058319
-0.00927142020458259 0.0403106320453087 0.0703254362697554 0.00616969240964108
0.0041713530585309 0.0339772667497238 -0.025200019397766 -0.521282653514441
0.0226533160183863 0.0283304748116596 -0.756198279717254 -0.382939109418412
0.00487900413402344 0.0138227203862791 -0.738733640232485 0.527708857943093
0.00740474369783525 -0.009269774950233 0.151358202233328 0.709517482533301
0.0263440045939509 -0.00789445089895601 0.49379614826501 0.19817447123861
0.0188901417456766 0.00366509267311778 0.337326478661022 -0.15682395675936
0.00408135601791837 0.00387522715961917 0.0373561352030266 -0.269787547291591
-0.00765576226868457 0.0147007460634177 -0.0611215219587558 0.204581714839197
-0.00894723099580431 0.00837058956983837 -0.258165415830507 0.088713961094704
-0.0225337514567764 0.00420542112879236 -0.397615174395396 -0.188104992298016
-0.00659544189621233 -0.00571878462357176 -0.0954043046742718 -0.575138486046016
-0.00543149449206175 0.000278917341266028 0.608493666152542 -0.432642643498106
-0.0308786525322728 -0.0217188977814079 0.707359427901867 0.287370603985135
-0.0242450683239414 -0.0403158999696183 0.135917559422962 0.528119809879221
-0.00808113582870165 -0.0586003175585024 0.0364004035354822 0.0974578263823815
-0.0213650600942624 -0.0591343847502821 0.101688910001687 -0.443778080176273
-0.024360333157302 -0.0166993707133925 -0.53912293472368 -0.636530679964898
-0.00147211385633646 0.0137670155460285 -0.912806626749012 0.175453501469505
0.0167400139606636 0.00646068418063348 -0.164566696693925 0.747814964199019
-0.00397242570379786 -0.0024526998347373 0.387493917894455 0.379307840904692
-0.0155668533193126 -0.00987707533916421 0.356127789707672 -0.0696684502776362
-0.00641873389165316 -0.00378635511517229 0.0803339614427347 -0.273031551751804
-0.00764665843324422 0.0163591589141047 -0.0660008833018615 0.197350022035053
-0.0063487367717489 0.00749260682343194 -0.262392614847568 0.0673139370371324
-0.0215160666098214 -0.000414597756519111 -0.375580558186369 -0.227868725677213
-0.00889162194540383 -0.00665102070727343 -0.0146437241572982 -0.586606253897805
-0.0120175980419773 0.00322674711542292 0.671392153818352 -0.357256064100044
-0.0345204347986727 -0.0236377387528841 0.670634503455122 0.362555931498207
-0.019936187554224 -0.0492960549190816 0.0930830358569159 0.527339304165309
-0.000244260316670966 -0.0672334324014146 0.0391582916186014 0.0717062624769362
-0.0234125037534587 -0.063027589893728 0.0611443908094175 -0.468606337322599
-0.0276990561961642 -0.0116643992364045 -0.611505663919363 -0.568670973209948
-0.00408437678674559 0.016941281100658 -0.866151620528583 0.288494676974007
0.0146148790034381 0.00472838370089272 -0.0583865704898563 0.75168743662548
-0.00217215192911752 -0.00605686872879547 0.42409095189703 0.329955106345309
-0.0113238472509829 -0.00894874205339256 0.34857418870795 -0.100441968503963
-0.00547702280769231 -0.00177531638238885 0.0714598543766939 -0.276259468583262
-0.00809929351571562 0.0187077061583893 -0.0744790914839197 0.192045592584899
-0.00144140341942344 0.007819413288092 -0.261594509313644 0.0447297668862808
-0.0167265852404836 -0.00427256785922962 -0.347487361246019 -0.26794698164604
-0.0102000106301939 -0.00878840844189946 0.069240524964323 -0.588237429157834
-0.0167200997670882 0.00305514158566816 0.724181443259942 -0.269947909770985
-0.0321712185002248 -0.0257534526797694 0.620212197893111 0.443593693687122
-0.0135568730770036 -0.0507556638667338 0.0479927289990523 0.519385349907813
0.00479902326975244 -0.0663204046267855 0.043846473369538 0.0453603103902709
-0.0244478907800844 -0.0584234616798919 0.0204654775001667 -0.489927240401597
-0.0273009267500187 -0.00211860256728947 -0.677989094386044 -0.489809473669256
-0.00370758137576722 0.0220571382327228 -0.803628591961629 0.397113093157042
0.012016187529762 0.00123305316553416 0.0486840919163282 0.742755371444643
0.0031911856976755 -0.00797172375611246 0.456433613072802 0.27710166112817
-0.00451629275926182 -0.00866739186317304 0.33856681820773 -0.130571268470789
-0.00635944029262432 0.00275130100569746 0.0621227399850283 -0.280636170710519
-0.00538029016933811 0.0194103422997155 -0.0797991455646494 0.189379964761687
0.00299623313941531 0.010116722384313 -0.259182498087614 0.0265064998833696
-0.0103884659276004 -0.00768673587086191 -0.317333599032005 -0.30296911073526
-0.0107747986258014 -0.0111381431219309 0.146569747438133 -0.580300216891293
-0.0180640901320497 0.00190274571197348 0.762262490865249 -0.180667219681309
-0.0248919463803037 -0.0226692011562095 0.565890820310466 0.512820125675361
-0.00599258522949775 -0.0420992116445031 0.0116394036096814 0.509734566558853
0.0070402517826581 -0.0550976368253546 0.0484273279497253 0.0207237119543326
-0.0209037772172211 -0.0450209646762232 -0.019076694154329 -0.506017308740856
-0.0206481443581028 0.00768153001799004 -0.72491203144986 -0.413399303565766
-0.00510952651255414 0.0249743803700404 -0.740544921943333 0.483626540747855
0.00970300802437707 -0.00116389239387301 0.137918108500933 0.71915870177473
0.00673131782744359 -0.0102186353056161 0.47839001733662 0.225444292783594
0.00141984360556424 -0.0071066195530598 0.327733580299471 -0.154633203126506
-0.00579721736225471 0.00537782429037916 0.0506600330912695 -0.282802530385743
-0.00244381868721092 0.0214257469265154 -0.0859385758025836 0.187704172342273
0.00801452602419863 0.0105035612714565 -0.254524101858191 0.0151612234378535
-0.00425599740542291 -0.00840519389744927 -0.293834559158823 -0.330127600849219
-0.0118854170720367 -0.013404432301186 0.201437671999745 -0.57362933204113
-0.0166095245392605 0.0019084581886039 0.780404077175061 -0.111209017430748
-0.0161774420331267 -0.0142027597117873 0.521661871845512 0.558991324690181
-0.00247215170584922 -0.0255120502702816 -0.0139357191887224 0.498422589824746
0.00594765767026986 -0.0362690203855004 0.0558535010509163 0.00204825316865425
-0.0156588984762053 -0.0264082259407012 -0.0475316798128453 -0.515386512276167
-0.0106948710464101 0.0165969536081297 -0.756755210726192 -0.354399899590354
-0.00413923322362119 0.0255388814921954 -0.691031264950515 0.543793020537975
0.00845540736796311 -0.00412053008568942 0.195367511998704 0.69822990774089
0.0130636891142696 -0.0125898875204896 0.491899635419997 0.186026164116063
0.0081841895950082 -0.00388486259354672 0.319532284242268 -0.172522149134818
-0.00336476680831384 0.00694199418382105 0.0413577247979914 -0.281469486982478
0.000780739873962073 0.0219920294486284 -0.0913416319108483 0.190952104079756
0.0130166645914551 0.0137788048368102 -0.251372975461779 0.00986126938759066
0.000690820623220657 -0.00581719304506919 -0.279547129550522 -0.343645251784641
-0.0109345434587767 -0.0164565732482965 0.223647882988807 -0.570470355785268
-0.0112015066135482 0.000522685011911149 0.784041185436149 -0.076297130673647
-0.00581734651753937 -0.00158095313104461 0.498653865181242 0.580867374409571
-0.000258764559126038 -0.00235537753763492 -0.0219173786917544 0.492420335483957
0.00217573059813947 -0.0104166705848541 0.0625175849246486 -0.00810611249193034
-0.00845618394560782 -0.00511151481616007 -0.059560984570763 -0.51858294828232
0.000553716224650008 0.0221781994771189 -0.767971360672056 -0.325093325680247
-0.0023154221041195 0.0237529995200529 -0.667930278459492 0.569803621358944
0.00672883491555707 -0.00644788791695836 0.220775277445404 0.682690738211573
0.0183036988031178 -0.0125650803565838 0.496921208587662 0.165111223717241
0.0134377617492705 -0.00215351809302075 0.319824661752736 -0.177687528817499
-0.000683801094767472 0.00678699668442119 0.0338051184346189 -0.278780461326718
0.00333219218258251 0.0217417154292023 -0.0958286598390962 0.193129152600912
0.0151381576419015 0.0164183909182513 -0.249325487370868 0.0124840144353237
0.00459149738127827 -0.00377579365716318 -0.282200739559523 -0.34461883098322
-0.00876215893138676 -0.0184870889000264 0.214647291361986 -0.576501816193912
-0.00480186397381121 -0.000521795729083793 0.780645567159771 -0.0843870984200397
0.00442053363544682 0.00965393034106529 0.502190841195418 0.575248560270521
-0.00254133050237914 0.0223459622007149 -0.0152192593035087 0.493677473331044
-0.00245631408433757 0.014653570212236 0.065896339942893 -0.00539880056834507
-0.000343731324819072 0.0135590449223894 -0.0563221781503527 -0.518414227432068
0.0124095368247765 0.025346021310861 -0.766322993511949 -0.327771256265262
0.000825831671752309 0.01914471735467 -0.678490232026157 0.568031100438181
0.00523028159987665 -0.0069948719923538 0.208013907420642 0.683247882142066
0.0230748880891637 -0.0113728496560942 0.498080123159377 0.163838679841161
0.0180247129242259 -0.000855805409503475 0.322329039608241 -0.172360305744356
0.00146348277711315 0.00633872317904837 0.0307093167970937 -0.272991517146482
0.00633898742146039 0.0200760239311451 -0.096344265861102 0.198561853082862
0.0151455954070801 0.0180633017824027 -0.249843550607227 0.0259304870754272
0.00580162496983456 0.000618141444619198 -0.300830412937505 -0.333119504833517
-0.00773429817657735 -0.0202009336204631 0.169921248390116 -0.589373046448983
0.00150275945731311 -0.00253860837666675 0.761472509852584 -0.131133069751968
0.0126156306669232 0.019412216762956 0.536204211859476 0.546099799558754
-0.00449165792286575 0.0444854344444372 0.00651475190219239 0.498257609686309
-0.00961549574415628 0.0394983020232872 0.0684145697173212 0.0050859032966682
0.00607973987336481 0.0336532311222784 -0.0317694792551641 -0.513498473468595
0.0235599693723258 0.0273634258990327 -0.751319742371691 -0.36795966118922
0.0058783699589012 0.0134534253742669 -0.72037441326884 0.531695727555644
0.00659118921169785 -0.0084168245417061 0.158985525440426 0.696279665816011
0.0254032804931892 -0.00821634521124521 0.490348562817981 0.186022580165337
0.0186829385379742 0.00169799735172781 0.332065942995672 -0.159347893894623
0.00431513339839015 0.00482343641851838 0.0334157999300742 -0.268793989878763
-0.00585369486737451 0.0137189114280052 -0.0590503800852648 0.203443057264732
-0.00808607460896072 0.00857543946873036 -0.253738322397406 0.0920761702747937
-0.0223806495702624 0.00325845652280492 -0.39478142883497 -0.182290790319618
-0.00748536156088729 -0.00380030523736871 -0.100191172363989 -0.565404722790746
-0.00458491506985837 0.000623376202549869 0.593361424041384 -0.432239518205396
-0.0299448808128687 -0.020825401314517 0.700094446326841 0.274351217861417
-0.0244036683987052 -0.0397299033617873 0.140192371945534 0.519779129737314
-0.0073597869792084 -0.0572313840083719 0.0368273143044033 0.0955827329393333
-0.0231691868288756 -0.0578568266373369 0.096679398861391 -0.437524308986537
-0.0243303552311506 -0.0162985656962933 -0.538870668766478 -0.620768836987476
-0.000955544720190288 0.0129548287828054 -0.899116240814872 0.182740695763215
0.0185706784885168 0.0069316652563301 -0.155102898508476 0.737941865911957
-0.00460900228989323 -0.00259858475093447 0.384555818637366 0.369966874053297
-0.0165687630168365 -0.00931535980752836 0.350435498449768 -0.0753512587712194
-0.00527185289477439 -0.00444083364342243 0.0756471214984746 -0.269257895054867
-0.00708378129480839 0.0163058466875371 -0.0637264204061209 0.195003817341537
-0.00547205927494739 0.00680188142155858 -0.25752280554533 0.0698617946865206
-0.0193304712774229 -0.000739993643670802 -0.373875430327821 -0.220556691709926
-0.00897590213140985 -0.00628549435985513 -0.0220558191556023 -0.578632288024112
-0.0108061542188371 0.00317888015138457 0.658179165498233 -0.359388627407978
-0.0340651013153373 -0.0234668837204146 0.665321532399147 0.350880507463172
-0.0201300728879742 -0.049862381760937 0.0969842822962511 0.517103556295231
-0.000764601403718228 -0.0673365039357526 0.0388034117909684 0.070787534584177
-0.0238326026866877 -0.0628442329676107 0.0571895770579775 -0.462163098815179
-0.0274970715291437 -0.0121092644128234 -0.606911111489009 -0.554378145726107
-0.00428997221274391 0.0181210264104539 -0.852042254431651 0.292422245175468
0.0150271699256956 0.00395138724080463 -0.0490898848704359 0.741105503021534
-0.00183172593981842 -0.0056769791825953 0.421165208983022 0.321842533121819
-0.0108548155835883 -0.00894230905443223 0.341234909128171 -0.102928426186485
-0.00652513848701522 -0.000851615244265091 0.0679591884699592 -0.274491425040377
-0.00586253134148746 0.0179479215678693 -0.0701234537232883 0.190777403853633
-0.00140335573301772 0.00759719206980024 -0.257408958675598 0.0469629527586778
-0.0164812460242299 -0.00396170609022976 -0.344661011426403 -0.261350236190702
-0.010241428619376 -0.00755874806805016 0.0642695460581631 -0.579952119284171
-0.0157651952176287 0.00380751687507449 0.712182718822862 -0.274029335371218
-0.0316184261719176 -0.0250582220828865 0.615751160910021 0.430363291366555
-0.0139565502593309 -0.050149221454775 0.051892950554428 0.511608988883283
0.00391729625707696 -0.0654137799617734 0.0444751585765061 0.0434553450619818
-0.0234368627196081 -0.0573588249224099 0.0156603133695155 -0.484668538255511
-0.0262356760129777 -0.00308218399495191 -0.670607320333701 -0.474558269338215
-0.00464604473642947 0.0221635174324342 -0.788695593179646 0.399640770949033
0.0107019082629144 0.0019647472540178 0.0553830951925282 0.729428729948601
0.00131709132890157 -0.00812906275694324 0.453919662511476 0.268304316722081
-0.00503457234786147 -0.00753948092053221 0.333238941519983 -0.133780754740071
-0.00603592183776425 0.001729068425796 0.0585949264137635 -0.277842689276359
-0.00475493060987967 0.0201955083694483 -0.0766786033524423 0.188703483998882
0.00317281227444442 0.00856652572177333 -0.254762246396421 0.0281974736505778
-0.0101960366160822 -0.00738121373451693 -0.316315110171615 -0.295917388351262
-0.0117665579219562 -0.0102239484800961 0.140105914454105 -0.575235574512677
-0.017849227938798 0.00353841594512003 0.749407991105511 -0.186449392639736
-0.0244127056460801 -0.0226183443657387 0.562829013858709 0.498263133462004
-0.00689128053757305 -0.0407005029006642 0.0136829773393068 0.501320091689918
0.0059578449713619 -0.0541958601798668 0.0495060497711624 0.0199869763652631
-0.0219867248520258 -0.0447195389356095 -0.0228257807804657 -0.497953830700967
-0.019946719013283 0.00778939213124177 -0.71796966420316 -0.402660338835127
-0.00348978023001021 0.0247268032512301 -0.724868885176333 0.483911330001388
0.00894045759400336 -0.00103092248589381 0.14350588263738 0.707761629183993
0.00717731695014152 -0.0101834872852172 0.474118670773543 0.216540534196917
0.00171961859564067 -0.0071325831407098 0.322463841427397 -0.156234037285878
-0.00628512334639693 0.00462297924008346 0.0476930920864927 -0.279305339459432
-0.00120353745649931 0.0219415576139879 -0.0830184016180603 0.187577306645615
0.00782090862651066 0.010827375684824 -0.25017262077318 0.0169565836250258
-0.00489920685285257 -0.00867325294547456 -0.293653847023282 -0.321664367196938
-0.011818232251109 -0.0139174788504097 0.191316427965795 -0.565420906119353
-0.0160044154916186 0.00166950097075513 0.765653181765376 -0.120073823825114
-0.0153824518148303 -0.0146189056350258 0.518950989385477 0.544581914314205
-0.00175695381473973 -0.0244994476061041 -0.00977450756168379 0.492488219664801
0.00554473338918205 -0.0365318596214239 0.0554696404557617 0.00163611562937387
-0.0149157057321115 -0.025616029905975 -0.0501442213294691 -0.507465825621092
-0.0105202725369278 0.0156447165031141 -0.749380051727306 -0.342296171391945
-0.00300048919082236 0.0248118905917936 -0.674474825197807 0.541641382969568
0.00666124618997536 -0.00340905191367277 0.198725109758661 0.685665583711488
0.0125931791135057 -0.0119631080358362 0.487299179042221 0.177527081919163
0.00811553931249371 -0.00399939777372854 0.313795699768188 -0.172585858672579
-0.00248389914473817 0.00683686729705632 0.0372584667177311 -0.27830478071228
0.00137682241224353 0.0217637126059166 -0.0875987623647214 0.188150022625427
0.0132999124525205 0.0133564470078334 -0.24672634182341 0.0110534245486581
0.00119016888938833 -0.00708800698762551 -0.281262409238717 -0.336243542300947
-0.0105836529731559 -0.0165908294022852 0.213274093219631 -0.564452649973128
-0.0122330405412179 0.00194046596000362 0.771610666526773 -0.0847864421789819
-0.00597245223006899 -0.00225180799951328 0.495385597107104 0.567372310897785
-0.000182339436038781 -0.00142032382045891 -0.018487686558885 0.485580075769184
0.00307088463863033 -0.011922477741746 0.0604496676121397 -0.0077332224827959
-0.00787124175021872 -0.00601436412556101 -0.0652729903801883 -0.509904217709177
0.000315970451246752 0.0207564701906735 -0.759921505835012 -0.311364590337662
-0.00167479088174673 0.0228655665154141 -0.653469114103477 0.567133098525925
0.00546798504396011 -0.00667842367295838 0.22536126329791 0.671443478332841
0.0185905680117609 -0.0120508615167822 0.491789470448912 0.156528284573559
0.0132404217826422 -0.00279572870067916 0.311278047549495 -0.179393595660929
-0.00103504074554344 0.00619914541493943 0.0303418477918476 -0.275197779570687
0.00469543086174148 0.0226126240278551 -0.0917531514340356 0.192976432267111
0.0154613089298042 0.0151057942184168 -0.243791841433304 0.0156742729059954
0.00339137110894332 -0.00442151870206452 -0.282286936035311 -0.337337945374825
-0.0102471916815535 -0.0178353387640334 0.204129508292371 -0.570474190524891
-0.00528197493401793 -0.000658833415630806 0.766069009038996 -0.0905362929558726
0.00491387991423468 0.00947786273663136 0.502593626451675 0.563569120904122
-0.00264807458270385 0.0223257700311843 -0.0110968750106166 0.487269296903917
-0.00219223777601708 0.014054567853138 0.0654201160217772 -0.00731095692264365
0.000490068300888927 0.0149049600891308 -0.0595580088242138 -0.511274116921161
0.0118975868613817 0.023688053971577 -0.759899906990756 -0.314739329866106
0.00139164525632256 0.0182982103140931 -0.660921873312176 0.56805709531417
0.0051880370973529 -0.00812565905623901 0.211694983320761 0.671754122479494
0.021691745024936 -0.0110795471703002 0.49197937868419 0.156162771378026
0.0164181094510123 -0.00021663745332702 0.315522680944656 -0.175197610162612
0.0015320807038547 0.00624266013619748 0.0276974555672187 -0.270696693005409
0.00719573764128184 0.0203296496087814 -0.0924392735944025 0.197696410668895
0.0162604209290915 0.0172821945268886 -0.245124849599799 0.0276230843992844
0.00650263041432501 -0.000147137354794297 -0.300926019383388 -0.325604537350715
-0.0079482307999257 -0.0187818130105516 0.161411610073397 -0.583010065717619
0.00120383629296598 -0.00268058495483753 0.7504235643891 -0.137053392928084
0.0125061985055473 0.0184805307085102 0.533712378385749 0.533083603505803
-0.00299678060664921 0.0440019668817491 0.0123205714652098 0.488600649891887
-0.00955764499159553 0.0382325304877587 0.0683053873708393 0.00508676519301739
0.00389874436601941 0.0336309589818959 -0.0339046002682343 -0.505611384143748
0.0228304809157551 0.026906753688681 -0.74295321229403 -0.353985181909885
0.00481189400329146 0.0142740791155004 -0.705555092246224 0.531521173937982
0.00785203711031847 -0.00864638999415716 0.162955062764797 0.686023827505078
0.0249750213778617 -0.00974282887425984 0.485587954829762 0.179257792926466
0.0181907780367652 0.00223984355237221 0.32592278275493 -0.159801947565709
0.00316573475188814 0.00311370770196176 0.0306239300798839 -0.265358681179101
-0.00563488759745151 0.0141412059690476 -0.0563285483847189 0.201314202703292
-0.0078240759984688 0.00674008148102317 -0.248560246494261 0.0921381287925743
-0.0213794081906814 0.00393489197465069 -0.388605162033398 -0.175567088658033
-0.00744235267259929 -0.00431810256512143 -0.104368766134831 -0.555519602790833
-0.00341479317371013 0.000809659028890684 0.582039310543836 -0.430741929194991
-0.0301382319318701 -0.0214921141988364 0.692240257614778 0.264630085902954
-0.0244810132790275 -0.0394251745124906 0.142373530195129 0.509521770731007
-0.00850403468565241 -0.0568630015933849 0.0373393471187791 0.093632092028643
-0.0223572221527621 -0.0569664851852737 0.0921391941953705 -0.431324017034293
-0.0249442644704773 -0.0168330831289873 -0.534391691406994 -0.607665719520573
-0.00120628194926372 0.012775496038131 -0.882853375388172 0.188194301579631
0.0171539432700699 0.00670368187449483 -0.146417112705954 0.728622313038916
-0.00392348021930138 -0.00342174173630177 0.383712418578452 0.359969660367031
-0.0160823505084192 -0.00828991142057083 0.344375413607396 -0.0761299889425807
-0.00573142089937654 -0.0043400877800428 0.0731637017006918 -0.266769685121513
-0.00666861793924319 0.0154559016795447 -0.0603387576783647 0.196460449492252
-0.00611125451035416 0.00638105088478322 -0.251411803033687 0.0703923924843056
-0.0197825473287283 -0.000632787306622966 -0.368243495050946 -0.213969670736765
-0.0091943964127853 -0.00582717398690542 -0.0259133807386854 -0.569360554560487
-0.0115684985037306 0.00287790986577482 0.643394222568628 -0.361146700497223
-0.0335678495409607 -0.0230135340637131 0.656599630708238 0.340457583607326
-0.0201504985586061 -0.0493880692928314 0.097289637923432 0.507755317941765
-0.00252667773651512 -0.0660225576372273 0.0401136916948378 0.0703139604645439
-0.0233006077722668 -0.0618693260795146 0.0536109878992729 -0.454716712172423
-0.0271129406662249 -0.0114425081314416 -0.60230202799808 -0.539976859114414
-0.00300942714179682 0.018028124771083 -0.835429451089485 0.2954609205171
0.0142734933470681 0.00438645073088967 -0.0426158166729456 0.731875201702945
-0.00153120362592217 -0.00669073906306933 0.416283948466438 0.313482766100432
-0.0103109811945788 -0.0088112748547803 0.336148921233975 -0.10600025065419
-0.00635752894934124 -0.000759050075674273 0.0644503844273528 -0.270402660842071
-0.00525477049893123 0.0180986356173374 -0.0673845875053328 0.190566420293056
-0.00101471164305752 0.00650842331248643 -0.252374503749311 0.0497174893968688
-0.0163654889601105 -0.00450061665875087 -0.341473439286584 -0.254060612284745
-0.0106280146833346 -0.00742874719379213 0.0563664158221033 -0.57132261888245
-0.0158010319830667 0.00400116364822823 0.698541496128282 -0.276162778638727
-0.0313005131870785 -0.0242206884293043 0.609223650483572 0.41969439407154
-0.0138639716116892 -0.0492426289825417 0.0538009804922265 0.501536014731119
0.00324357562150678 -0.0646512231017536 0.0437196213005533 0.0425147505019754
-0.0236009546123963 -0.0565281530692927 0.0116565325001182 -0.47546095832099
-0.0259487574291303 -0.0033543623596616 -0.667146863236926 -0.461187577965215
-0.0039152904762697 0.0220273580352912 -0.77468632369331 0.399671372033217
0.0106765429785012 0.00202123593651571 0.0603298128790828 0.720484979177996
0.00204624607772791 -0.00933152166706963 0.448623232022411 0.260731083534146
-0.00544567162778346 -0.00767545484814136 0.325813959509523 -0.134212095686208
-0.0049062042040715 0.00316099430603185 0.0545400821211154 -0.275167675687662
-0.00446982406464786 0.0190015548061388 -0.072423516911507 0.187128045045858
0.00309296988564746 0.00778022599315214 -0.248914433645536 0.0301671652820391
-0.0111575038998635 -0.00685314202906481 -0.313873912997302 -0.289235413602727
-0.0115580344693139 -0.0104933258725506 0.131141708575753 -0.568260176119081
-0.017538380678803 0.00334882128496278 0.735396619517836 -0.188324774954233
-0.0252150968411177 -0.0215614146790848 0.556893265833856 0.484874469121537
-0.00649509002219593 -0.0406557228736681 0.0177450447273198 0.491397446073968
0.00634705488427401 -0.0539492071082641 0.0495226510663508 0.0194865359947651
-0.021018030431931 -0.0438677509237164 -0.0265319298464562 -0.489712508047977
-0.0206726626926341 0.0070922733585973 -0.710953365364535 -0.38746062232504
-0.00358427484455385 0.0246579240000206 -0.710522036387832 0.484647018357938
0.00788809019374088 -0.0010029404258546 0.145758255976736 0.694296125569128
0.00724721899139308 -0.011474669656775 0.469372238661975 0.209822288826672
0.00190815506338851 -0.00583068306978673 0.316246804074875 -0.157158221587091
-0.00376818175003363 0.00473620534524869 0.0430769937717121 -0.275973519390771
-0.000593830525654649 0.0212076321880466 -0.07922885233293 0.186707745805942
0.00797944275171126 0.00990144163671448 -0.246121753456975 0.0182156742117511
-0.00409188789399115 -0.00799356991964899 -0.291533068140305 -0.314403069953023
-0.0112918759180085 -0.0130349500714719 0.184313699408846 -0.558921401098573
-0.0163304188465204 0.0023984910613385 0.755678086649301 -0.122882716345895
-0.0154211872851517 -0.0137044179367619 0.515343932962563 0.532018756045662
-0.00255655013143126 -0.0252869223071495 -0.00486720825466139 0.483377315879059
0.00588448931249427 -0.0351284812429838 0.055368000376272 8.21878639165536E-05
-0.0155260113110538 -0.0254569786239427 -0.0542361085182794 -0.498615180751903
-0.0103577162268336 0.015236433436649 -0.740744256878778 -0.330666596895153
-0.00311232541565249 0.0258107453272414 -0.660810800039345 0.539938116242493
0.00661604951129548 -0.00368096339951313 0.202552556535087 0.673470045323173
0.0119052800622716 -0.0114148100806527 0.481475859808594 0.17060811395315
0.00769250514698361 -0.00498190259960737 0.307879833026569 -0.172813540326568
-0.00236084597307587 0.00691383578674734 0.0348776666487609 -0.274901815169905
0.00189391480196787 0.0213723010669923 -0.0844845037267645 0.188944979279368
0.0127540350111901 0.0122691782303202 -0.242094896219314 0.0137642038796137
-7.1085677511692E-05 -0.00631552522554928 -0.279875014626806 -0.32814296059465
-0.0111475868418552 -0.01614684173129 0.205938756388966 -0.556941731062865
-0.0113146360887187 0.000937690236518199 0.759226325804594 -0.0894159276528325
-0.00547327670413541 -0.00215517346668218 0.49209206878252 0.554246446227495
-0.00213565629194053 -0.00188421429774994 -0.0145697951624688 0.476619350247458
0.00244117633952256 -0.0113969085232558 0.0607947305897203 -0.00768524573780202
-0.00714905039338787 -0.00623178064775698 -0.0669689196630999 -0.501935446822051
-0.000286492332044909 0.0197262414653239 -0.751943877384372 -0.301871970360069
-0.0014405159347031 0.0231913170839545 -0.637095750354241 0.564795638842563
0.00492480037772859 -0.00565567223832003 0.22460495828052 0.659511337426917
0.0172822355695947 -0.0123852234863005 0.485529633733797 0.148716759926159
0.0141145738746316 -0.00172869705549785 0.304750059603121 -0.180270057733739
-0.000399352114161903 0.0062595137229852 0.0266013369496501 -0.270843040160829
0.00420535804432102 0.019804560182621 -0.0877372581820505 0.192562137524415
0.0155020312930775 0.014370685279718 -0.24010125726803 0.0174569599712143
0.00455368183132022 -0.00384992474862962 -0.282593246597964 -0.330200158677877
-0.00912157745824761 -0.0172669509414601 0.198830251003895 -0.563232826856153
-0.00490536202843086 -0.000918302392665983 0.755185020697979 -0.0934038563751893
0.00409224578782511 0.00965661991843988 0.497469801662433 0.550544071889357
-0.00298586000380084 0.0220787692448799 -0.00623861259753767 0.477592724532815
-0.0016941841117482 0.014208408567335 0.0656755617899521 -0.00839312004330499
-6.27071846639139E-05 0.0140801999041628 -0.0605889073702723 -0.501437407929337
0.0122333935832999 0.0231759027577651 -0.749145112804772 -0.303803203736572
0.00166000238410999 0.018398166018041 -0.646744182612231 0.564245977637284
0.00450935563315675 -0.00773883672312917 0.214485279492657 0.659718895252033
0.0215184935726922 -0.0122835860630564 0.487323650318919 0.149707914399419
0.0173048510017638 4.71120477995692E-05 0.308691892414602 -0.175793837963429
0.00256809029856297 0.0053122852176829 0.0247816815970332 -0.268027001048452
0.0073622502544625 0.0189012478668222 -0.0903543664486375 0.19725244309567
0.0159171654661896 0.0165386892495377 -0.240571407637253 0.0294411252369443
0.00651707391659934 -0.000396885347293167 -0.298422521721657 -0.318602080506517
-0.0079374298215822 -0.0184660779571307 0.153996177048112 -0.574198987206751
0.00121142281868444 -0.00275914588496819 0.736740302478722 -0.138814330728249
0.013229324346526 0.0191519705419443 0.529046486941489 0.520772360331953
-0.0035609973913975 0.0437350609756086 0.0141957424006253 0.481604500673148
-0.00864247673083536 0.0380366878280672 0.067767520800822 0.00498764014192624
0.0053030228260207 0.0320574857190941 -0.0379833023635515 -0.497802150520458
0.0216756010028169 0.0260043442039333 -0.735345856753114 -0.342931547200205
0.00495131439321706 0.0139168929831687 -0.688193822469357 0.529043905423382
0.00621123504409919 -0.00774203572173618 0.166306214449331 0.673854702570365
0.0232702557270316 -0.00932543310344664 0.480079218780844 0.172533063961998
0.0178182427900678 0.00207199831979268 0.318794179984339 -0.162055986335494
0.00422942400588549 0.00450198506558636 0.0284030836187768 -0.261514521079512
-0.00570516480313401 0.0145486687410981 -0.0530858629118092 0.200337542886033
-0.00760286061426027 0.00706377063080819 -0.242308190872608 0.0938297013580022
-0.0211389298636594 0.00410908489012272 -0.384805257405978 -0.170597605980138
-0.00713944980977267 -0.00417753847554713 -0.106047719438157 -0.545641171601009
-0.00403274728597265 -0.000150821304084678 0.569198972213085 -0.427258280595391
-0.0293719563595346 -0.0193292742293837 0.681136495122863 0.256421139962957
-0.0247863442339928 -0.0385510618579945 0.14290082416121 0.500120991022207
-0.00893532637015954 -0.0565479012076058 0.0376361336205311 0.0925888132249945
-0.0224094972241106 -0.0563664211294777 0.0897782863340438 -0.424980889624648
-0.0247698155793762 -0.0164915928266244 -0.530591520464022 -0.59498525654088
-0.00124214048296541 0.012544009917577 -0.867421645086757 0.188706184912626
0.0164011369566344 0.00681876736710015 -0.139628827070085 0.721480417213207
-0.00346225497145552 -0.00313872008151011 0.379679466720485 0.351954306822963
-0.0158179009094887 -0.00835270715943916 0.338224443943695 -0.0779299639667949
-0.00560875447950241 -0.00361707988130574 0.0698678257680758 -0.263681048221883
-0.00561604540343818 0.0152760331477043 -0.0585008732465035 0.192807819331973
-0.00531189968027027 0.00635847302906528 -0.246729801960878 0.0710716659122147
-0.0200087671659927 -0.00117184581694547 -0.364921784783986 -0.209000641177815
-0.00730747615656777 -0.00524381940621468 -0.0290458507393585 -0.559300282527102
-0.0108045403882644 0.00317828658434248 0.631854197901746 -0.357543380991734
-0.0336117888790184 -0.0227328873348528 0.649763741174978 0.330773196667143
-0.0209340718326732 -0.0475036450278782 0.099154581171377 0.498800972642032
-0.00262239626740338 -0.0645803125397963 0.0399319342806418 0.0676111924799047
-0.024384581400843 -0.0604566042245745 0.0522843583039071 -0.448495601320523
-0.0275222406263583 -0.0122742262576588 -0.597391947635064 -0.528769801132917
-0.00175549560661249 0.0170144797020106 -0.822899808370519 0.294110531235821
0.0131684752043957 0.0046083493055533 -0.0374270783384883 0.719021621494027
-0.00180885059425485 -0.00621306604594963 0.411779060490467 0.307953716035112
-0.0112318242069572 -0.00813586535379549 0.329962931243402 -0.106206873661269
-0.00579813183233602 -0.000874739920942197 0.0625634045100403 -0.267904800394185
-0.00551974863488507 0.0171204191403365 -0.0644855444379067 0.188874460827428
-0.00161943358670984 0.00623958296683071 -0.246493843423958 0.05052516348086
-0.0153361410550966 -0.00425190559220337 -0.33870773736683 -0.249474377863459
-0.0105410394427525 -0.00673572072731989 0.0544613589873795 -0.561679034471357
-0.0154096987067316 0.00432798892661288 0.688044816748174 -0.274928924661521
-0.031353046529952 -0.0236954672560281 0.6016645602841 0.410037917602177
-0.0133182060245206 -0.048496762727687 0.0547266526705337 0.493704891994576
0.00274046295163074 -0.0640850953380159 0.0442396869623108 0.0425674281686495
-0.0237458490165689 -0.0555573136103239 0.0113497668404963 -0.468570308365933
-0.0259030982024277 -0.00257018463708235 -0.658231259878393 -0.453398139569138
-0.00373145317607667 0.0216136538414785 -0.759367420208256 0.399970586111242
0.0107025835619963 0.00128447368645962 0.0638179651489795 0.707943565878333
0.00117462720925788 -0.00936483692407503 0.442955324469396 0.2526614053743
-0.0058755328399165 -0.00767857407290894 0.320918124405608 -0.133917856372461
-0.00476481633173789 0.00272955066922459 0.0521204956011304 -0.271550183130303
-0.00364913606572846 0.018589844445681 -0.0697579656046192 0.187363963497453
0.00362466905938615 0.00731378661608943 -0.244262266671561 0.03141760481866
-0.0107296305449677 -0.00695939036202315 -0.311251365301131 -0.283353268865202
-0.0106554674693075 -0.00932760005034377 0.12674726596884 -0.560074949725587
-0.0178475613643965 0.00276989306895253 0.723365459359932 -0.189178803772073
-0.0251724511482208 -0.0205476303275521 0.552518685337857 0.475931155930767
-0.00743719001188901 -0.040622677680036 0.0202313407371378 0.484913205586985
0.00453198790053132 -0.053016070277882 0.0496766178652211 0.0185709626977467
-0.0213856411397119 -0.0423834781881154 -0.0288566208075958 -0.482547012761125
-0.0199166891040371 0.0063980088770584 -0.701379602839387 -0.377423844913629
-0.00352120581900956 0.0246131627396461 -0.696881269437533 0.480937493349828
0.00908730513747502 -0.00143012183908883 0.148265982035049 0.683672884932322
0.00522682628993494 -0.0109951782454469 0.463836989896498 0.203133245494016
0.00128317358184276 -0.00500320776403294 0.309735323886432 -0.159120539424179
-0.00450455042005301 0.00533338449329527 0.0411128613548063 -0.271613429066338
-0.000517399306440414 0.0205454301092886 -0.0761585875964181 0.185349137795401
0.00834657071095747 0.00887774462002345 -0.241803925025648 0.0190664213846303
-0.00370680001733199 -0.00776100423714973 -0.288265340206269 -0.307864098661224
-0.0116519215609927 -0.012497186630297 0.177632888250041 -0.549830509566098
-0.0158562537687989 0.00258976056945835 0.741801024247723 -0.126282303412705
-0.0156161947987688 -0.0132233738833237 0.510123456897798 0.521856878196412
-0.00227170187564334 -0.0235505616046532 -0.00356736780437174 0.475534791345151
0.00675556818927904 -0.0350098113262673 0.054966312366014 0.000591238352038204
-0.0155151395426226 -0.0260781716655944 -0.0539651315951043 -0.491233923086206
-0.0108923097435134 0.0136100807801693 -0.730055050056065 -0.321143836930466
-0.00262558831958235 0.0250893202652243 -0.646833543228769 0.535200083450693
0.00554647137659909 -0.00390659921479327 0.204073586142389 0.661276050138883
0.0122831691947216 -0.0127417974731958 0.47371465055224 0.16410875529442
0.0081453768011744 -0.00403165448337643 0.302320315737944 -0.173670056538332
-0.00245294444164966 0.00572861418122333 0.0316282209547073 -0.272048332645504
0.00187582360092369 0.0209580981416937 -0.081965175617368 0.187051811782287
0.0125677618319534 0.012271639272409 -0.237689887286756 0.0130682783949398
0.00160732028576956 -0.006938953652421 -0.276575280466895 -0.32103716161246
-0.0103598580249185 -0.015396280011 0.200860815368331 -0.548439659532396
-0.0113385234014354 0.000660328112441324 0.747700267636116 -0.0915568532076826
-0.00536437454374397 -0.00238077375429398 0.487014295628982 0.543066631696014
-0.0021249779742174 -0.00226907507458439 -0.013627920257987 0.471125175891719
0.00294542933705119 -0.0114789168677255 0.0595411516774579 -0.00853625525541413
-0.00712709983230662 -0.00547349208144634 -0.0658608524100783 -0.494223962097305
0.00123491411607426 0.0195517100099191 -0.742094041293912 -0.292373594509081
-0.00225124033505805 0.0222619570140647 -0.623911976412806 0.559419456287981
0.00462377640929781 -0.00637579510869651 0.228414118144118 0.648218453076156
0.0174255116970406 -0.0125343957877587 0.479969433605092 0.144857037801634
0.0123179899719021 -0.00162613571971992 0.300849591817332 -0.178440246326235
0.000293343067062259 0.00576888046700477 0.026104549737951 -0.268775643075428
0.00464959678231314 0.0203611826719453 -0.0851099702667966 0.191448063350836
0.0146940653192023 0.0143034444416741 -0.23656544966467 0.0184120625724201
0.00482283856660361 -0.00458694861791243 -0.279170949158704 -0.322675896778289
-0.00995601597151407 -0.0167746404044091 0.191085052219987 -0.55559633034354
-0.00511016496187575 -0.000109188931401226 0.741745776641279 -0.0971936166354777
0.00392498895426464 0.00974283569644025 0.490043266573645 0.537685909885914
-0.00264837277489568 0.0218560722650711 -0.00593142091162223 0.469546818301059
-0.00111984458227076 0.0148926642213802 0.0645667255329282 -0.00861419333931646
-4.43274850555576E-05 0.013387901819954 -0.0608774022415063 -0.494617838154113
0.0110562605748882 0.0217118809832847 -0.738708356912501 -0.296606625681803
0.00177983877147778 0.0183900714703914 -0.635181505832227 0.560193545422827
0.0040662684068268 -0.00670588668166397 0.214573497906716 0.649652391109152
0.0219783563310093 -0.0116085108596549 0.479915070859737 0.144116837810287
0.0172686980363978 0.000890119247785756 0.303073611984571 -0.176324213808801
0.00229484561805739 0.00401232520286179 0.0226361744647815 -0.26325830194918
0.0079885552720659 0.0193870966456772 -0.0861648412637554 0.196230008282551
0.0153996376432101 0.0154786037873698 -0.236436554286421 0.0289519057128367
0.00643486270747916 -0.00168411529392956 -0.296905420830802 -0.313165947965484
-0.00845552016624823 -0.0177416897111458 0.148448392890873 -0.567727280865136
0.000405383045101466 -0.00288282800134676 0.724959836080391 -0.140384054349511
0.012225359635524 0.0184330860267809 0.523782006590922 0.51072881052452
-0.00315891853118399 0.0434554478231893 0.0152448926995294 0.473349698390885
-0.00883185888897173 0.0378244635938821 0.0663946505351059 0.00407004997179128
0.00544028838154354 0.0312378124760963 -0.0385307017505445 -0.48948420118604
0.0218209541878424 0.0243246433122543 -0.725179340103963 -0.334302894576128
0.0058106142003842 0.0137597832929513 -0.676176203779448 0.52664751100497
0.00653215371225332 -0.00880148871255381 0.169001200846917 0.663121469573287
0.0234997217430025 -0.0101699400094606 0.474191234542617 0.16609713463354
0.0180031161412729 0.00304296953035404 0.313103784712787 -0.161722155018126
0.0046133593304061 0.00417243163389868 0.025313259716761 -0.259225422142971
-0.00523694097637357 0.01381296387819 -0.0510320255821111 0.198863308527405
-0.00893563354942376 0.00585130828162058 -0.23799717870282 0.0924978752600269
-0.0209837985330192 0.00355598586900632 -0.379751404416238 -0.168104620163732
-0.00644009958897416 -0.00364513668259885 -0.107568504708768 -0.538012654611925
-0.00470586104463822 -0.000138472667820608 0.560323635682564 -0.42290665756733
-0.0292872640247892 -0.0202414525010172 0.671139191469014 0.249453704047456
-0.0246698337548359 -0.038401584226801 0.140012827755488 0.492955522020611
-0.00867639756165517 -0.0553829009027845 0.0373928074435023 0.0911855534505023
-0.0226238210645904 -0.0562329120551439 0.0880778234718105 -0.417489958911386
-0.0247810578028858 -0.016485054043284 -0.520530254444112 -0.587120185540442
-0.000189998844091185 0.0137592014771542 -0.854933682266176 0.186544190660531
0.0171937888370505 0.00621218559425725 -0.135751763177005 0.709429339464461
-0.00446572376353251 -0.00247749343699413 0.374955065637604 0.347764180311322
-0.0153186641356466 -0.00764373094996262 0.334651046945731 -0.0785600265289382
-0.00500109106716328 -0.00331061066613368 0.0680633577682486 -0.261128473809184
-0.00588072107455967 0.0150454947910036 -0.0568783913333343 0.191922284757428
-0.00541947399137781 0.00587322316711623 -0.243180645526987 0.0716600126993262
-0.019769307013523 -0.00160492668977887 -0.359755379177369 -0.204788807781449
-0.00825983683023031 -0.00437077446930277 -0.0305863277426064 -0.550217331575136
-0.0103448740254378 0.00343589648753142 0.621142676983136 -0.354631539351488
-0.0329731391146096 -0.0229139122152776 0.639179175037369 0.324875235409352
-0.0210413934594835 -0.0468406199018696 0.0970027186464006 0.491279000915242
-0.00224467626093968 -0.0638861387112934 0.0404316682189576 0.0676684784635048
-0.0227496249550553 -0.0601460302829493 0.0496986696503751 -0.441371604989381
-0.0269027396031813 -0.0112700551336561 -0.589667631493289 -0.519133976904321
-0.00234096072062728 0.0181900708239851 -0.808384608643397 0.291924418345945
0.0147900235449508 0.00436099256678908 -0.0344712671446727 0.710456045691673
-0.00273348992319793 -0.00649286617209456 0.408460493998521 0.301450348303974
-0.010932593285767 -0.0075394632983945 0.325304284373566 -0.106219456462901
-0.00464910659437889 -0.00154437052542408 0.059914534969804 -0.266007847031441
-0.00382802560692197 0.0172070036171857 -0.0631177191435157 0.18705688754869
-0.00184350047203963 0.0059555002919162 -0.243706698734223 0.0510567037872303
-0.0150578948579494 -0.00410338233474592 -0.334526255428577 -0.244697267950594
-0.00955560831721334 -0.0063432413329953 0.0497476971202539 -0.553770149886742
-0.0156704776753548 0.00392051805328871 0.675132890098425 -0.274611506888137
-0.0305978821528921 -0.0226410665943359 0.595135283066738 0.401071751045369
-0.0143118066694692 -0.0486159285176953 0.0552541766439761 0.485467743754302
0.0032944722111612 -0.0633851399393969 0.0443891402752387 0.0415613572465553
-0.0238687343096769 -0.0544086158735993 0.00975244818848836 -0.46085434983172
-0.0258943836453353 -0.00362379071963513 -0.649774040541095 -0.446486782786332
-0.00358893582930243 0.0219127706992842 -0.749242617800824 0.395271067806405
0.0112333710841764 0.000921746937698959 0.0653451856033037 0.699163270108102
0.00118256586010501 -0.00956112867752449 0.437460624175592 0.24841794204309
-0.00600009262343376 -0.00809471419720086 0.316083172208677 -0.134532515648932
-0.00493333293329428 0.00158743098023019 0.0507955426029341 -0.26804814348549
-0.00384890987919195 0.0189567810307906 -0.0684599358738906 0.184353455564713
0.00367677729363105 0.00705806974835724 -0.239600296774772 0.0317779422990378
-0.00963106502911195 -0.00681723658775901 -0.308212556242481 -0.277239579964568
-0.010272269120565 -0.00960110400375475 0.123023266151136 -0.550794173977343
-0.01659381872325 0.00354080317549394 0.711529432735548 -0.190826518280869
-0.0242715383642747 -0.0203221943951185 0.543760320548923 0.467653144006695
-0.00820803185799067 -0.0401883995223682 0.0201234720290865 0.475785805293962
0.00571244845853817 -0.0527902770193509 0.0482715829309216 0.0189777785212911
-0.0207804387740697 -0.0424199870757192 -0.0279898645857724 -0.473698569032494
-0.0195579731313222 0.0063927151106211 -0.691576933826497 -0.371831863943615
-0.00353694226493001 0.0241252282664782 -0.684613947775272 0.474498069772172
0.00873329737914877 -0.00139982188434793 0.14874977763859 0.6765719598328
0.00544079033086606 -0.0102045072155488 0.458463322916271 0.200050368462427
0.000528696785928141 -0.00535214475076863 0.306096289613079 -0.157037083796502
-0.00371756906596047 0.00421298149928381 0.0398571899999626 -0.269488831843417
-3.83725856699588E-05 0.0196254405549446 -0.0758716745187692 0.183553594676223
0.00817528809626817 0.00885159128504929 -0.237286589935751 0.0196887529970993
-0.00412750680494267 -0.00826968595499141 -0.285556705687259 -0.302488063691072
-0.0111246528281181 -0.0129253230427622 0.173167099075902 -0.542701647226573
-0.0156856597550546 0.00115498730133673 0.73143488846875 -0.124339784506969
-0.0150302038572667 -0.0138291595090597 0.502633829388289 0.511758179733941
-0.00365400909213128 -0.0243848977199578 -0.00336682773366825 0.469311877799264
0.00526150074977946 -0.0344614943299347 0.0548998960178846 0.00123956741855027
-0.0153251244334624 -0.0253351436805094 -0.0536710931806141 -0.481949353113466
-0.0110488219896557 0.0141785501164176 -0.719167057140181 -0.315164178305763
-0.00175446920882086 0.0254419692654818 -0.638095318860769 0.527805377456626
0.00552980681483738 -0.00352145080611713 0.20258083014707 0.651759469049179
0.0118019859689433 -0.0125240258384599 0.468056471683345 0.160801925681966
0.00775386612101269 -0.00500394823692982 0.298267447887301 -0.171490097658432
-0.0035091394604122 0.00587395691756974 0.0303482014848373 -0.26875788765293
0.00286593486847575 0.0199223911982462 -0.0784755544693919 0.18578604917308
0.0120866310786475 0.0116699039172045 -0.234014318855138 0.0134934035495042
0.00100430226965126 -0.00664628500012813 -0.273791559817932 -0.316812645968458
-0.0105501831687369 -0.015751261081046 0.195780978667063 -0.54156884433548
-0.0104322184459873 0.000510812024444696 0.737449471082884 -0.0936962380935831
-0.00520018385554175 -0.00201555094386876 0.481952363663766 0.533276804889701
-0.00229117903010544 -0.00206694192613581 -0.0119204525405341 0.461760417960711
0.00313818146924655 -0.0113066553802402 0.0591260795670134 -0.00885960991055275
-0.00663535680851807 -0.00504755489132092 -0.0657061025729239 -0.485313002853418
0.00110270219838765 0.0184289120878005 -0.73149867773414 -0.287090180208868
-0.000866711983435391 0.0226809448849306 -0.612459605479141 0.555111853603164
0.00342650283268649 -0.00532269193752418 0.224572894997189 0.637632478407795
0.0182758334654424 -0.0131231066500188 0.473161135026733 0.139696176112172
0.0128159601372238 -0.00172223134449809 0.295016587114681 -0.178132901081872
-0.000554675977056836 0.00664724489891198 0.024274866422213 -0.264653244165387
0.00490236652039761 0.0191372823808104 -0.0829630156269024 0.190066007369902
0.0151186820053269 0.0133675768914591 -0.232218763816813 0.0176555496553605
0.00450278502888838 -0.00460798558683401 -0.276745555587793 -0.318758297951617
-0.00870055408286647 -0.0160460821064041 0.186921952495069 -0.547818434620053
-0.00541651887129617 -0.000705475150589807 0.7316780504198 -0.0976970652938608
0.00356727097278396 0.00888765965709582 0.485268236212016 0.529985807928051
-0.00260894404929898 0.0219925576021919 -0.00597472740706283 0.461230150785632
-0.00111746048058733 0.0130493657579987 0.0641247813982766 -0.00646742318880791
0.000350477618999195 0.0122971332231483 -0.0608118713380055 -0.483805729950366
0.0111181524293191 0.0220744886013264 -0.728668082792317 -0.290665744730023
0.00157518311460389 0.018777753210672 -0.623114535122616 0.552038449290169
0.00452034091405695 -0.00719196308978679 0.212177729222859 0.639386614254226
0.0210654421043717 -0.0119878180060232 0.472617334470912 0.141911566768473
0.01608666409135 0.000207327065191043 0.298782966928408 -0.175108685723667
0.00242145445382864 0.00562234781545148 0.0219073204082305 -0.261505293795086
0.00874555095603797 0.0180821839577578 -0.0843884891471397 0.194666543799415
0.0145826281149313 0.0151708185309878 -0.232372022382218 0.0303264467208204
0.00605695395211768 -0.000380788362434359 -0.292342232168305 -0.306618462456403
-0.00769375159349021 -0.0176195826747363 0.144175774212345 -0.560153996448288
0.000928748685642193 -0.00319083462205588 0.713936567986555 -0.141828209911846
0.0124075947293301 0.0176341470299723 0.516473325282284 0.500613835925582
-0.00298660976027984 0.0434926068584043 0.0164970251297975 0.466408390546415
-0.00751204791521362 0.0364819024243343 0.0659442651522338 0.00313386606354981
0.00580256263605998 0.030786319986066 -0.0375007241969997 -0.482283417051137
0.0216076778555201 0.023739285590611 -0.715281550923552 -0.327965683106256
0.00602098904035813 0.0133696796874649 -0.665208549633551 0.51946044080814
0.00648062643261273 -0.00874137905714647 0.167793011538518 0.65342255373734
0.0238847682824916 -0.0103590495469898 0.466869590659226 0.163233671606622
0.0171948976968707 0.00250509807324108 0.308204695749164 -0.161336468835648
0.00381385098208881 0.00366933210427873 0.0243747468849681 -0.256245582513328
-0.00461189182716738 0.0130626788585053 -0.0498402013683011 0.196818583218533
-0.00795765534045648 0.00463424255105028 -0.234213778334344 0.0915786715979866
-0.0212429164062843 0.00335450520913993 -0.374059949256369 -0.16503130498772
-0.00644812511516956 -0.00371896734172097 -0.106118493769961 -0.529192681557377
-0.00430602462981797 7.40815095374506E-05 0.552327604305683 -0.416960279699488
-0.0290077555334424 -0.020268272226555 0.663505066710054 0.245537456172943
-0.0244455881747656 -0.0374960740230207 0.137594259860601 0.486023235180825
-0.00904831443940583 -0.0542343380221549 0.0373157217648078 0.0901323051584944
-0.0214010122490893 -0.0555068013166662 0.0870202688619458 -0.411687481701805
-0.0241192589742594 -0.0164142327811455 -0.515114804267205 -0.577800098050597
-0.000991770711415181 0.0133602941522832 -0.843059742674167 0.185241112579476
0.0162684600434772 0.00590360803845173 -0.133032533040754 0.700437472866964
-0.00374701713722002 -0.00358330256703438 0.370432178899892 0.342274646306117
-0.0161797456407684 -0.00749284819829685 0.329761894562479 -0.0774109073523142
-0.00490044580161479 -0.00403327231324712 0.0668143413363962 -0.258933635436782
-0.00440149158840643 0.0150098684101546 -0.0540437005568155 0.192108688608792
-0.00567682822238385 0.00551675562277652 -0.239273669721768 0.0715065341609373
-0.0196926322378913 2.65769707212464E-05 -0.355840230813692 -0.202125134038376
-0.00803391116992547 -0.00385130173625842 -0.0310917210452474 -0.541918288153398
-0.0100953916938621 0.00245746377292501 0.612829586089831 -0.349463561329679
-0.0333414825803131 -0.0228243648219686 0.632266176652294 0.320363379198778
-0.0214536041916214 -0.0464321421767855 0.0959048092197554 0.483640340175213
-0.00144093497840795 -0.0639784542165429 0.03909230689191 0.0662226421122507
-0.0226524653613096 -0.0605214072881929 0.0504209955084697 -0.433628033024159
-0.0270248670215825 -0.0117754403027642 -0.58021931186614 -0.513908406034342
-0.00243544254184067 0.017525494662487 -0.79629600964122 0.289448709453193
0.013248138948664 0.00347834366350965 -0.0342054264338126 0.702235831996949
-0.00237219270180919 -0.00664496596614152 0.402925947143057 0.296273845683212
-0.0116230954010582 -0.00762577187152456 0.321804071245779 -0.105552550516329
-0.00485996258914164 -0.000403435980798375 0.0586332527738487 -0.263197836804138
-0.00406657540024854 0.0170004366487092 -0.060987412426577 0.18675467791452
-0.00162396319372954 0.00585169665355763 -0.23861540953102 0.0489904019310248
-0.0153851680622212 -0.00391831275385632 -0.330103559552203 -0.241347921678533
-0.0100454693906217 -0.00654011183160682 0.0479554701093003 -0.546928030850566
-0.0139219465519602 0.00346375504744242 0.665608033114156 -0.268785513222665
-0.0302138052752576 -0.0231379734662 0.58664570499539 0.395938124237119
-0.0139795202133642 -0.0470159839323647 0.0548637340065579 0.478189512383601
0.0025260832957331 -0.0621157478451042 0.0441994736393516 0.0414430615208582
-0.0232566900032086 -0.0538362589230904 0.00956734456210282 -0.453996265651818
-0.0246131722175418 -0.00268725563427714 -0.641572070929957 -0.439970493545442
-0.00367832073977789 0.0207836655155298 -0.739706211834853 0.390503435716568
0.0103405500230906 0.00185333732904966 0.0634625487776337 0.690002096131207
0.0015400703882136 -0.00945433159129865 0.429935057149803 0.245429215433711
-0.00546808932458736 -0.00710903181689557 0.311657382701774 -0.13253866409504
-0.00488552725954587 0.00202906747239057 0.0501785427573428 -0.265049802191185
-0.00182055809092161 0.0185162944306067 -0.0672850735253739 0.184510862278256
0.00296742251585725 0.00685323521760539 -0.236642792076148 0.0319143378685068
-0.00976692499845549 -0.00713076610613478 -0.304026141471875 -0.274066380651579
-0.0105933112772876 -0.00965605843493505 0.120679380886857 -0.542322637669567
-0.0173745814355983 0.002378543786341 0.702620492524676 -0.187717813079019
-0.0239345799594613 -0.0214846950529081 0.536882240446978 0.459592855769879
-0.00762154006551323 -0.040555877806095 0.0188618559643505 0.469702095947847
0.00554850938236655 -0.0521600087344462 0.0478234000525956 0.0190143554047898
-0.0207489613752455 -0.0419162989680388 -0.026695650073986 -0.469370533408544
-0.0198246733475105 0.00561424763946439 -0.68398264037644 -0.366370723535927
-0.0026684340859625 0.0235310080537066 -0.676185914277007 0.469096189017484
0.00912872613282542 -0.00112757962141132 0.1458707394614 0.665410445222896
0.00597762535579049 -0.0113034754125183 0.45185012986047 0.195976846806391
0.00121649359892635 -0.00464089158040065 0.300567059495377 -0.15453514209596
-0.0032681681663689 0.00452166581074451 0.0392928234515901 -0.266312275518486
0.000643157602791705 0.0196163549922693 -0.0734222257816664 0.182225901130797
0.00799792958162747 0.00834067575369048 -0.234182181875319 0.0183482432444377
-0.00430162401519044 -0.00820746020993839 -0.283909929210973 -0.298937738656215
-0.0109944134716195 -0.0123457495665125 0.171199448317873 -0.535702743848007
-0.0157017753058204 0.00136111412367248 0.723693883293809 -0.123616176262541
-0.0149472438083944 -0.0144210949994568 0.495049515803681 0.505035947859271
-0.00296896185495509 -0.0235986099805463 -0.00280550745966097 0.461174343778716
0.00511325466887667 -0.033889469781441 0.0547413722635011 0.000632330672498595
-0.0154594853092364 -0.0252472077124162 -0.0532175506460197 -0.475596964587479
-0.0107435399415452 0.0135238399779556 -0.710751546399796 -0.310189745904863
-0.00136471122177668 0.0238280594100133 -0.626394695747364 0.523294824699116
0.00545110839216212 -0.00288637216214977 0.200932466709443 0.644275862048563
0.0106738591466026 -0.0124964458770986 0.461676888644003 0.158608669044173
0.00728605019797521 -0.00422624202333861 0.293549896528312 -0.17110950381211
-0.00131041098284412 0.00651169079503129 0.0300374260517171 -0.266688307977595
0.00336218848568453 0.0203039485631236 -0.0772193486565008 0.184849762212408
0.0121073922252243 0.011133521573106 -0.230678051577028 0.0130922822246084
0.00106195465705316 -0.00749894109436892 -0.272119572970396 -0.311589138173404
-0.0102049510084199 -0.015503724854587 0.191880448971773 -0.533729539267661
-0.0110192835388452 0.000986019129484705 0.726431645198973 -0.0894271774740718
-0.00532297664820935 -0.0028329034425325 0.473247714854705 0.52518651584481
-0.00254092239647066 -0.00193823272989653 -0.012846725656546 0.456190890214082
0.00285525949050622 -0.0103301496742466 0.0586186060378399 -0.00871049906466833
-0.00725393344600354 -0.00496705965299545 -0.0636789623985343 -0.47914467728407
-0.000380398528063195 0.0182974950926394 -0.722814859703982 -0.283371461596991
-0.000429040208600316 0.0223102563398961 -0.6073018367067 0.546987973084551
0.00478372823608755 -0.00576914494950483 0.221954391479689 0.62882277193658
0.0156484469668305 -0.0138755046817503 0.467115095281531 0.139296944201546
0.0128765735441769 -0.00162389165670835 0.291234963019117 -0.176689813150693
8.34373610017871E-06 0.00626020825272068 0.023899983701052 -0.262090316634337
0.00537164296781951 0.0182873736252127 -0.0816678995722368 0.18744872096577
0.0140057187694711 0.0131244679426812 -0.228607275660571 0.0165041177719028
0.00413723249303512 -0.00415677707803093 -0.273617549645749 -0.314546299081279
-0.00904071345636531 -0.0169640057110089 0.184413322142016 -0.540954756073907
-0.00596840693391294 -0.000317627927018174 0.721658894707158 -0.0954719154013501
0.00431824373780755 0.0086965094579542 0.480306149595217 0.522848115009972
-0.00303424621311499 0.0205235799784536 -0.00536720769128066 0.455484789848853
-0.0019752582276327 0.0136527385008848 0.0636407277727745 -0.0071394656163528
2.80100622424614E-05 0.0124920910458135 -0.057358472867234 -0.478326611963998
0.0117876184228296 0.0214283471694782 -0.719054591322618 -0.285585391505353
0.00175669332183195 0.0181569942068119 -0.614596375698433 0.546009777853835
0.00385710198205312 -0.00739923458240031 0.209913459368597 0.630125859090593
0.0205777504060704 -0.0124496493001567 0.466203255843361 0.138521915044822
0.0164561434733166 0.000765193518002191 0.295035242428531 -0.171757071694668
0.00243582481681495 0.00526248129395031 0.0219976656325219 -0.257948388078909
0.00795662540973237 0.0179709988564908 -0.082321400352413 0.193131803125035
0.0153565431876675 0.0153288195147665 -0.229661153811503 0.0297465630129414
0.00672768830019736 -0.00108055947694671 -0.288722827357563 -0.30230549772451
-0.00782529140634881 -0.017573272656444 0.142655078556899 -0.551692346162168
0.00122760670106119 -0.0039942661865006 0.702817611479088 -0.139610928541043
0.0123666411196424 0.0173360725087501 0.508898858222594 0.49396715516395
-0.0031876329392612 0.0422184645098836 0.0150307291939003 0.457752853783956
-0.00756879212522649 0.0359814164008807 0.0657879708217367 0.00335559193535305
0.00530533222800817 0.0303458744072012 -0.0353670026292955 -0.475122869867485
0.0225671837549016 0.023560949672656 -0.702813888428028 -0.322179539225363
0.00608745042397271 0.0130055035314053 -0.654755935809121 0.512866793569415
0.00466982223614028 -0.0079563570286614 0.1644778371979 0.643755660218734
0.0230326996182482 -0.00974999657642456 0.462279668876067 0.161024838639908
0.0172911019902087 0.00272670262169229 0.304942266952516 -0.160225946898058
0.00357753384684865 0.00411311437514983 0.0246088825929355 -0.25308202669258
-0.00203652824092166 0.0122565384806372 -0.0498192080525135 0.196709328522578
-0.00822251556896223 0.00478100322196075 -0.230861609118297 0.0915660923089567
-0.0208942936468322 0.00401663980118587 -0.37005401432278 -0.163749340192858
-0.00620983028415048 -0.00309126055185176 -0.104848595242512 -0.522461053096612
-0.00428953898354018 -1.49149452122041E-05 0.546797124774485 -0.412026824517779
-0.0296995810200148 -0.019283873332693 0.653595558691717 0.243281601819096
-0.0247341469206417 -0.0375156813749899 0.133562839496217 0.478988407841084
-0.00833028575795085 -0.0536326356828937 0.0367240215761179 0.0885659763685883
-0.0211960378261017 -0.0544098439245038 0.0886863389056172 -0.406277909293164
-0.0249629605586042 -0.0166037422953665 -0.509002490575182 -0.573434950819191
0.000187673390791546 0.0129583354675535 -0.834818701106527 0.18109558519985
0.0159776352216025 0.00656644114709916 -0.13150200525381 0.693538248255273
-0.00459725563596996 -0.00357020732886028 0.365835256038496 0.341054746279388
-0.0151622908941046 -0.00696433003773356 0.325773906250207 -0.0773734726370713
-0.00468335671436153 -0.0031286485145945 0.065959809197719 -0.255651523323763
-0.00412161658951366 0.0142228410657168 -0.0534883383272818 0.190957007735985
-0.00554409846364444 0.00510526963068847 -0.234913692349491 0.0688013792568799
-0.0184684301637542 0.000133394833996528 -0.351642631752737 -0.199528660567038
-0.00801256021299956 -0.00409659130453264 -0.0298993638635487 -0.535114903845787
-0.0095425530662791 0.00335790022556247 0.606592957312024 -0.345790885015349
-0.0330254133294503 -0.0221476374360777 0.622979330609922 0.315794364662348
-0.0215910734374002 -0.0456956549583654 0.0936319661101336 0.477603311816399
-0.0015307851461202 -0.0628450476757105 0.0385672825770344 0.0659422228105943
-0.0226896814557239 -0.0570185038044585 0.0512233538216683 -0.428452789084215
-0.0261269113641791 -0.0119947198897775 -0.570603463485858 -0.508250761987652
-0.00362991110856112 0.0171152235601583 -0.789703009687309 0.285340773181069
0.0129827434182432 0.00461620898465699 -0.036078177418834 0.693543101145485
-0.00252371123770219 -0.00635241732763024 0.397019229660384 0.293666845688455
-0.0111606861523162 -0.00726666762407642 0.317830797471475 -0.103757736126477
-0.00543986667410534 -0.0014403941427796 0.0593517539152553 -0.259076723935201
-0.00382758899447678 0.016480533235396 -0.0606172238357187 0.185258771986888
-0.00103720183273497 0.00489835537100615 -0.235604880733437 0.0485876661423081
-0.0155685943993029 -0.00481584224163121 -0.326818696066438 -0.238937463851797
-0.00958267932824955 -0.00591723512560465 0.0486157362089257 -0.539540743323285
-0.0151004710237764 0.00371673814161904 0.657473339766282 -0.264416028219366
-0.030804205799147 -0.0225902615323326 0.577674552711879 0.391291277740604
-0.0152010315659503 -0.047303303786896 0.052064196658486 0.471494306553539
0.00261152858782273 -0.0614805378659823 0.042659505265818 0.0395924915397668
-0.0229020665211605 -0.0545467659760529 0.0123539979870507 -0.448864558394656
-0.0256619577958031 -0.00399792102340343 -0.631002897584489 -0.435336216281092
-0.0040443028421833 0.0212812396125027 -0.729547036798308 0.384109504036088
0.00984541693492405 0.00165063312197558 0.0618048584241307 0.682063905090982
0.000857987668164361 -0.0100816917532264 0.426028138501578 0.243187201786158
-0.00542974295019915 -0.00677435217841111 0.307844964755804 -0.131236892062969
-0.00484831298385162 0.00194665659470403 0.0489001128311396 -0.262743167209888
-0.00204928909485249 0.0177641383235272 -0.0665877104942646 0.182915033703876
0.00262672717107346 0.00630668323910504 -0.233401731810855 0.0297222962082252
-0.00994997242992513 -0.00742927398266258 -0.300822220123022 -0.272260781558299
-0.0107785862678431 -0.009287490385331 0.119296062019689 -0.535418241590382
-0.0167430268126699 0.00277385628801644 0.694422749233473 -0.185553744013191
-0.0240339623912966 -0.020383448661436 0.527322127862658 0.457171763785185
-0.00770292115420667 -0.0386564746501775 0.0180466245371599 0.463788518456508
0.00598582659466979 -0.0518735150665382 0.048161496860373 0.0181513282152486
-0.0195176795577797 -0.0418298796980064 -0.0246749820746256 -0.462307517918575
-0.0189757811867984 0.00532352385622509 -0.675325076853454 -0.363657901238105
-0.00250227232427807 0.0231321001896303 -0.667560262182657 0.4626977331542
0.008440611474597 0.000388504795419273 0.144079878260786 0.659868609185289
0.00561484359612593 -0.0115501527934134 0.446468430303537 0.196132006814826
0.00125271589056456 -0.00569974228703369 0.299156294722587 -0.153419154058882
-0.00413605724507625 0.00474432363003406 0.0382993221405303 -0.263294535364094
0.000461402119103511 0.01821075733216 -0.0721171233668146 0.181129579365895
0.00775253993045561 0.00788476969498191 -0.230626695839619 0.0172673843154735
-0.00414560755159358 -0.0083043488727143 -0.278247032521215 -0.296294620548664
-0.00985321018384669 -0.0122524024553621 0.169631782525499 -0.528023096239575
-0.0150611362631533 0.00086456443524282 0.712313057782048 -0.122182229809061
-0.0143904379545739 -0.0126448954509725 0.487446225530951 0.499575900372032
-0.0032142150124703 -0.0238352380287854 -0.0065785846077438 0.453762553041416
0.00540063051541048 -0.0334271809741689 0.0535689598069043 0.000715414424049003
-0.0143689080437925 -0.0253045784966248 -0.0494785741404522 -0.471048717381716
-0.0108128040783955 0.0136282450492799 -0.702092906743631 -0.309580157355003
-0.00127330299262968 0.0249074006591476 -0.622524998242762 0.514438485241583
0.00529194581630324 -0.00305548700869156 0.19516714454503 0.635543915413297
0.0104546030601344 -0.0124123961227808 0.456847383608666 0.156463008245001
0.0077104812422554 -0.0037934064791838 0.290820736332536 -0.168384036369408
-0.00246327570256176 0.00573258592150604 0.0294838708856833 -0.26250248812073
0.00322428487790307 0.0182632106723697 -0.0767919957492435 0.182830798015804
0.0115821486195932 0.0103892316197562 -0.226927013265716 0.0130856934058561
0.000645732185787847 -0.00759728534788592 -0.267314978139013 -0.309746086599095
-0.00991145911295913 -0.0145850094142012 0.190551043603031 -0.527260594537111
-0.0116587058095463 0.000297275320835915 0.718481234207347 -0.0864388695537514
-0.00560317000196996 -0.00309443943073206 0.466422865314853 0.51990757566101
-0.0021371136912902 -0.000736063587322297 -0.0136838558589654 0.449948528611678
0.00366265582027694 -0.0108723130208969 0.0582922985583322 -0.00875880952042297
-0.00657775377610691 -0.00554108284311864 -0.0621515340849986 -0.473972486381145
0.00121505242073772 0.0181261668517715 -0.713316704038685 -0.28120234750465
-0.000205974735008727 0.0227950035210908 -0.600522034972689 0.539125013906464
0.0039785612477803 -0.00530203841083117 0.219452363595625 0.621915343809688
0.0159176308404305 -0.0132163751879178 0.462328112118545 0.136136932466067
0.0129157904086399 -0.000906728233358585 0.28742303409372 -0.175279281801048
-8.99234697035217E-05 0.00646788762173703 0.0239094891646911 -0.259392997209189
0.00657499512739218 0.018003258390122 -0.0805652958701891 0.187284230315693
0.0127069614976265 0.0126612324224145 -0.225762463238674 0.0167766964960946
0.00436241460941202 -0.00472060838977899 -0.27092968675637 -0.310525227316187
-0.00941346197120893 -0.0157571885152803 0.18312439000503 -0.532988234500089
-0.00569631951610826 -0.000515287278571973 0.713855152764379 -0.0926078984222822
0.0046862915719704 0.00893803812803618 0.472229343983072 0.518417862917953
-0.00223206854971059 0.0210104944884268 -0.00638051083720481 0.448311361120732
-0.00105612933423246 0.0140045712665942 0.0616845037974731 -0.00924841753408081
0.00016016967031823 0.0144346301293063 -0.0538939583012647 -0.472955793297555
0.0111141143232813 0.0211697045278519 -0.710738096377972 -0.283100282396744
0.00161244500514353 0.0171788147425319 -0.607827856242624 0.53735375493924
0.00460119419786081 -0.00667905778001687 0.206442750891052 0.624304748196056
0.0202627505217986 -0.0125791496815384 0.461248527738107 0.137663468641582
0.014796748042581 0.000640501651469443 0.291557792443642 -0.170406462870646
0.00133258490227969 0.00496658001453723 0.0215468265032304 -0.254677485491604
0.00946625505199014 0.0176060459061287 -0.0816714750493304 0.191269778791028
0.0147461722717289 0.0137442727429548 -0.2264524522548 0.0285315246834452
0.00616372778503506 -0.0011658851610113 -0.285842438232446 -0.300062102052677
-0.00801548883958976 -0.0171184158269498 0.142345287676913 -0.545315868236212
-8.31971348798496E-05 -0.00389972771209274 0.697072150159039 -0.136835853529055
0.0127694504692682 0.0181291426607678 0.501910411337397 0.487784967585253
-0.00473002080327089 0.0419663141273767 0.0138757593302889 0.453080567251115
-0.00839334473028295 0.0358119640533366 0.0655390371095256 0.00301245316063581
0.00509379913578376 0.0298266453942559 -0.0338856494434137 -0.47042476764801
0.0205477960445352 0.0221195482296324 -0.696075459160995 -0.321827592987151
0.00630670050428611 0.0134021980714931 -0.648111809583049 0.506494512845901
0.00542055439624529 -0.00723128096887726 0.162725568891237 0.63758502452326
0.0228919782053649 -0.0096211335903869 0.454434118641996 0.159075126079933
0.0174564296719909 0.00242274665552111 0.302597872220849 -0.158638969458648
0.00380625527824575 0.00386873795698307 0.0237780615534613 -0.249729094711959
-0.00392084612297305 0.013115984001172 -0.0482159669701111 0.19387201702334
-0.00701186483958285 0.00457308710244617 -0.227917646828577 0.0891191697411874
-0.0205998151875136 0.00340146687381837 -0.366411295430758 -0.162802039234122
-0.00617500274986135 -0.00282201088572031 -0.102629014029715 -0.516925251348109
-0.00448752977040114 0.000751420739990316 0.541862605975636 -0.406346046207347
-0.0291126743244913 -0.0187305976821682 0.647827145419488 0.242563956473337
-0.0243516587242869 -0.03712356828817 0.128754721874041 0.473918604084035
-0.00764491116159543 -0.0541702786105966 0.036539855726962 0.088520457552134
-0.0208960892574718 -0.054692278628478 0.0888194314425049 -0.40227607896545
-0.024464434383792 -0.0175729515655552 -0.499014207239511 -0.568824150516498
-0.000116810903714387 0.012083541718906 -0.826834617757569 0.176754545863889
0.0164224907738913 0.00630669406070418 -0.134968907837692 0.684883539215304
-0.00451201005305035 -0.00363656176558375 0.36090340354555 0.336189828719145
-0.0147823475708569 -0.00676410532433281 0.323148853780241 -0.075102752456753
-0.0044506154664108 -0.00358456130790308 0.0662521266203561 -0.25307894750687
-0.00453422687867241 0.0147590228339582 -0.0532635548308863 0.188233205753561
-0.00441050072112629 0.00443600591375924 -0.231699011713372 0.0673175476956537
-0.0184282010512935 -0.000831419492936873 -0.347273557909802 -0.199564928244432
-0.00742718321828204 -0.00438877837864234 -0.0285221093609069 -0.528692043149476
-0.00957454715754708 0.00327489353381657 0.601633462801744 -0.339829050469172
-0.031788341093725 -0.0217926765313924 0.614041978382201 0.314315400396372
-0.0205052755632912 -0.0452595146454404 0.0891005727676403 0.472412936450528
-0.000719588580238533 -0.061538651547995 0.0387884897048181 0.0652798383658868
-0.0222199889602938 -0.0580993113465756 0.0547546796792592 -0.422669036941588
-0.0274019106054627 -0.012558664420027 -0.564664997653748 -0.505690013467589
-0.00251141708394658 0.0173500642222267 -0.780719924019751 0.27758191096952
0.0131951416015736 0.00400342806168034 -0.0374302052737954 0.686622768613993
-0.00255643096851483 -0.0076204368245513 0.392467874245069 0.293441037470922
-0.0112629276059594 -0.00711918848093917 0.315707936145696 -0.102157779790129
-0.00565417371058413 -0.000765494442155235 0.0589637939822919 -0.258052609980572
-0.00416884877968384 0.0159679772022162 -0.0598463228732413 0.18498043242414
-0.00198180915702621 0.00461884097263641 -0.233329224548205 0.0469688782220596
-0.0147360010228855 -0.00543073120164525 -0.32329325824589 -0.23759416420294
-0.00893169028807381 -0.00590026007619584 0.0516887618951099 -0.532403807155521
-0.0137536115465656 0.00399746906066353 0.651642869493288 -0.26088220916203
-0.030121000472261 -0.0222996595285725 0.570050293257684 0.390779655493091
-0.0152813955158201 -0.0459793343239271 0.0506876539285258 0.46611303425066
0.00398686659529127 -0.0619501197290402 0.0424920989247218 0.0400205899194115
-0.0216199062868462 -0.0538374570920528 0.0132154892655139 -0.442968646300989
-0.0245916061085452 -0.00455313271918387 -0.624429113513613 -0.434487159592709
-0.00314389847694597 0.0207477945251235 -0.723480930530962 0.37656222851847
0.010231915701171 0.00199685037275496 0.0594764474964341 0.673134810549579
0.00112765839696131 -0.00917919389627968 0.42110388673111 0.240719811739889
-0.00504161172938921 -0.00662633113291008 0.306355182010471 -0.128251502470042
-0.00437794363895654 0.0017666520888212 0.0494627475337473 -0.259644878719971
-0.00141166459697764 0.0175889288470525 -0.0658401989218863 0.181698948900923
0.00309664811072596 0.00561942310065901 -0.231412926708934 0.0283705889343684
-0.0084597071462496 -0.0070072408673741 -0.29587133733783 -0.269818054419676
-0.0110962752563478 -0.00817026902620123 0.119685072223667 -0.529259822981673
-0.0163862054483153 0.00270410436223129 0.687425430181423 -0.179569218847961
-0.0229877337933844 -0.0206460872414877 0.519242221014113 0.452460757935456
-0.00851434636390878 -0.038907551770648 0.0150896824754533 0.458861075634023
0.0056163159605833 -0.051847913104947 0.0477935279743632 0.0180103255198007
-0.0192604332995373 -0.0402438153457274 -0.0205762369897631 -0.458126537629956
-0.0186206482578106 0.00423693449910263 -0.66543629486872 -0.364007980751427
-0.00221079251811631 0.0232233918403921 -0.664056145235569 0.454560766229268
0.00757331078749176 -0.00142968474363354 0.140111018393737 0.65436486172143
0.00539439042911341 -0.0117134620707456 0.441892278533869 0.192367279415387
0.00132146320161197 -0.0041200487583027 0.295003534625892 -0.151648259528007
-0.00335353890754727 0.00498497802674504 0.0392833093412467 -0.261751075831774
0.000702936295939034 0.0181060215707244 -0.0714756622474502 0.180972124632815
0.00768819592455008 0.00858980632806043 -0.226745741394917 0.0170154952761289
-0.00397356945421269 -0.00796574312703463 -0.276515251937969 -0.293343205232075
-0.0103861473636825 -0.0122639947840173 0.17006613969571 -0.52089832006927
-0.0154076019891546 0.0012489728684908 0.706503410229499 -0.117915716829216
-0.013459843919485 -0.0125220864784029 0.480276844967671 0.496590457716082
-0.00384073825865465 -0.0231064818744834 -0.00868501172752239 0.448856486740842
0.00626833993474885 -0.0337874318871451 0.0538732751409832 0.000930252452096892
-0.0140052040758144 -0.024260099935283 -0.0466649571078205 -0.465070177168621
-0.010668723715319 0.0127484312618323 -0.693071809696139 -0.310206660320031
-0.00125488232239338 0.0217837561840669 -0.615853717005425 0.508302857554843
0.0061046799294913 -0.00339415756589177 0.192540548537537 0.630276952360668
0.00984119874616701 -0.0124280371984527 0.451613597232805 0.156284785816144
0.00785742155726415 -0.0031203037274158 0.287526035664846 -0.166903300783404
-0.00181485077335835 0.00613529167717722 0.0308095365484204 -0.260459655014413
0.00379472923432127 0.0180058969680722 -0.0755593803524463 0.181879896912485
0.0116209428645464 0.0111344697264788 -0.225422154319585 0.0111095543656796
0.00134990960318313 -0.00690629356980649 -0.264781729859618 -0.306494100792059
-0.00989035582901485 -0.014284308404178 0.191183682429598 -0.519660541806074
-0.0118658739802346 -0.000772538760508806 0.708378061783387 -0.0827522594413922
-0.00582012188994743 -0.00332563456346537 0.45830490864369 0.51651506022332
-0.00135238911722777 -0.0019211430443384 -0.0169816230798575 0.443750872620106
0.00402802565757682 -0.0106933995275255 0.0583783164760148 -0.00812900475882104
-0.0067978106476519 -0.00681224170722689 -0.0575713352776654 -0.467676983557191
0.000361383933986595 0.0187682012775382 -0.702146271469838 -0.281582106884952
0.000305929867354273 0.0218217168175646 -0.594468135870863 0.53028778961829
0.00446171883400976 -0.00529116485479425 0.215105702800967 0.618257696280426
0.015661314853091 -0.0132977216126015 0.455201246930136 0.136344356045826
0.0124490573412975 -0.00169749836011172 0.285554943917113 -0.17110369935188
-0.000639533823188255 0.00620693488671463 0.0247659093994138 -0.257032633681209
0.00522803808162754 0.0173729854949124 -0.0794838876973487 0.186154353953819
0.0138462547656678 0.0123069320756796 -0.22355411088019 0.0156118976624135
0.00461545710091453 -0.0045018742117175 -0.265902575444152 -0.308357709155931
-0.00887989467544052 -0.016421416247709 0.184410523391433 -0.525734416133151
-0.00641931411738131 -0.000127042433722625 0.705045748651787 -0.0885473060116558
0.00406320598753207 0.00879977805242168 0.463932067726804 0.513248379374459
-0.00283776784496697 0.0220976648295343 -0.00739230125490115 0.443996798949009
-0.00227662180789175 0.0122709638431114 0.0616757464265254 -0.00773952926729455
-0.000730505748026133 0.0123863097741148 -0.0529242909298825 -0.468051755070622
0.0111776042381754 0.0212177647472507 -0.702691001514037 -0.282846169036277
0.00267740824021684 0.0175639318502126 -0.603389825423475 0.530754261829063
0.00470219954877433 -0.00697703492753946 0.201019447071553 0.61684242600493
0.0188997166198585 -0.0117616006511016 0.456631478194918 0.137613895192875
0.0150450612295557 0.00111276417889921 0.289897834965791 -0.167233805357297
0.00160435963212891 0.00487856001446785 0.0220007315598964 -0.253153950448981
0.00847618478198776 0.0164562444472479 -0.0809428343588618 0.1893876968429
0.0147501541027339 0.0148931933454718 -0.223062646106125 0.026149204463597
0.00592327522986933 -0.00124613459837349 -0.281162407813398 -0.296065266869784
-0.00714133417024795 -0.0168635557962636 0.142259748048712 -0.537069629747939
0.000131861720857657 -0.00196514506413543 0.690000232479684 -0.133128790176049
0.0125280968082022 0.0162666137556787 0.492660317438048 0.48528291187015
-0.00404426204129351 0.0410542688049278 0.0130782630791632 0.447213241714858
-0.00701335129782961 0.0352754519966322 0.0643465605459249 0.00364251843982746
0.00464663546220147 0.0298642608775151 -0.0298996190809475 -0.464426230537447
0.0202113365223301 0.0238455035041678 -0.686968414379348 -0.320796752466611
0.00618164608904018 0.0135487116503751 -0.645826420750691 0.49731360737954
0.00543603489640241 -0.00723374337121813 0.15715510745183 0.632692257129073
0.0217799899321028 -0.00966043270941051 0.448900795170278 0.157994155311305
0.0174678808705902 0.00347328142324386 0.29882408531818 -0.156595788598135
0.00330021573034758 0.00320903226738042 0.024413356074761 -0.247807480363376
-0.00326622747510932 0.0118951041908154 -0.0494652376083231 0.194732519676971
-0.00781307499480066 0.00394466740953389 -0.226938788759033 0.0878205975437793
-0.0200345282367058 0.00330873362306272 -0.363099525632969 -0.163694740369866
-0.0059891105976396 -0.00235089362585063 -0.0970049487868837 -0.512195447676362
-0.00463717191778964 -7.92351803994276E-05 0.539112395277188 -0.400764018289774
-0.0288720587620834 -0.0192615226260454 0.638924417326228 0.243104643267023
-0.0249251168281496 -0.0359586453989216 0.127937855180841 0.469735200615108
-0.00726497693588368 -0.0537528788547411 0.0366681826935443 0.087875780582845
-0.020482067964587 -0.0549162300567698 0.0925008112061336 -0.396343153758341
-0.0228806862634741 -0.0180228562109287 -0.489016312467365 -0.568822086298051
-0.000326583934803207 0.0123354727036136 -0.821089115290112 0.169697199083465
0.0160837120462086 0.00621839443967803 -0.136599268835226 0.679844666850282
-0.00462141912078307 -0.00403258172536296 0.355415411777071 0.336233568501889
-0.0143340769739483 -0.00628143059038045 0.32108062579695 -0.0740842263496696
-0.00481850180216943 -0.00430798781714155 0.0656666230643209 -0.251295723233647
-0.00473922460988359 0.0137149812093401 -0.0532191328412094 0.18929753960181
-0.0056311936906585 0.00374289111229575 -0.230115692820295 0.0664446780942737
-0.0179105341098996 -0.0011669292989781 -0.344387706164347 -0.199688821398118
-0.00751870659034242 -0.00377965994359083 -0.0244274411243335 -0.522746238122952
-0.0100283101288363 0.00252169934978112 0.595787781739839 -0.334065990146123
-0.0316727144405515 -0.0216015462615117 0.606612838432144 0.313483971272172
-0.0209094159903055 -0.0444461506786795 0.0857205495642838 0.468488453035805
-0.00096873156616778 -0.0612503348578608 0.0387886066317338 0.0646821139508348
-0.0208925744322714 -0.0584036020881313 0.0560926612601903 -0.418193169197139
-0.0267449874643941 -0.012918872042412 -0.555879366731769 -0.50482565563783
-0.0031460010884916 0.016636654078375 -0.776184301864072 0.27247730431047
0.0132361352796169 0.00474657703475109 -0.0407936854808827 0.681871366529503
-0.0028623738895743 -0.00715758137892474 0.386725157796787 0.29255993553251
-0.0105582005202157 -0.00650279662872655 0.312647944476872 -0.10130121308094
-0.0052255134839222 -0.000572131862214014 0.0603940872798508 -0.25565038165434
-0.0034008349997699 0.0158584507253576 -0.058681932400945 0.183025703296578
-0.00169584466097266 0.00434643485321305 -0.230869074813896 0.0457817321850077
-0.0151344866101863 -0.00503494587517957 -0.318640554325187 -0.236681219913907
-0.00949921099030955 -0.00590282883057145 0.0524316199654317 -0.528023956755021
-0.0150604867494495 0.00321413835872415 0.648501500079007 -0.255186016756064
-0.0294877726733207 -0.0224863766425609 0.561888266149388 0.387992415702991
-0.0146779339477819 -0.0458680328898897 0.0453174026838329 0.462139200411565
0.00406047086342897 -0.0599814035893206 0.0422531716261279 0.0399323616142635
-0.0218199523225197 -0.0537876663665821 0.0163513145102669 -0.440009365162914
-0.0254276756167887 -0.00484225282204768 -0.614937176623163 -0.432625723977348
-0.0029174372588805 0.0208396839401911 -0.718172794253149 0.371630366360259
0.0109220128309286 0.00204906734179003 0.056113389847485 0.669223634488641
0.000286102366515978 -0.00981359599839328 0.417241344739039 0.242263649801048
-0.00445701033314342 -0.00638101700544865 0.302939841804433 -0.128095922352462
-0.00497293353057298 0.00154573193497069 0.0509484499890875 -0.25921434069218
-0.00177671555894544 0.0166480985451896 -0.0649026027973773 0.180260199094971
0.00337120869496051 0.00591195199298593 -0.228119357495482 0.0277321545144832
-0.00925640124005306 -0.00758476638968771 -0.29427406347297 -0.268359381643464
-0.00955061236177338 -0.00841906469505953 0.122165388208096 -0.523722305503142
-0.0165460720001497 0.00281530974922972 0.683004905701698 -0.173554823946368
-0.0228091471433142 -0.020098120641533 0.513176580376086 0.449256336177493
-0.00807477426825258 -0.0389558280249807 0.0117692613980554 0.454144248311622
0.00606319918788856 -0.050367746172657 0.0472127272188887 0.0177649369810517
-0.0194352296711486 -0.0415940924143676 -0.0188738773260451 -0.454307770786913
-0.0200275493516189 0.00523470781461204 -0.658524164687244 -0.361875417383527
-0.00216553417681433 0.022621579692403 -0.66088543387075 0.448263240541811
0.00748712394453173 -0.00084629403950365 0.135284667480917 0.648424823140679
0.00522961231584157 -0.0106380532805911 0.435712767500325 0.19506886703948
0.000897095882948848 -0.00509740660157865 0.293376761622661 -0.149248578124372
-0.00292417797842568 0.00394245374123682 0.0395756912885218 -0.259781181972582
-0.000541020549247894 0.0180215101628767 -0.0700700120570805 0.180263970086382
0.00725169958542656 0.00754702037332388 -0.226158953422406 0.0151443182704362
-0.00343313806163381 -0.00787450537836895 -0.272423208670539 -0.29315203394738
-0.00984981190792285 -0.0116684830938691 0.170922642671611 -0.516098483742531
-0.0146476544979311 0.00147887232286137 0.701081521852385 -0.111802916065992
-0.0135574100674232 -0.01348996698565 0.4717295245537 0.493563150514831
-0.00409252300083073 -0.0228336224303028 -0.0109672777014345 0.444234236850651
0.00605188331608383 -0.0340635280783693 0.053142623025196 0.00173560676798788
-0.0136276076102533 -0.0245761079852057 -0.0440108315625789 -0.461672999265938
-0.0106564588565987 0.0120577987424034 -0.684192977893284 -0.308166319239451
-0.00170608805634653 0.0236793452187035 -0.61162015825303 0.499900583414553
0.00533086941405542 -0.00295968151160836 0.187591442935281 0.627036004007806
0.0107539064507039 -0.0130976127857253 0.447061847334873 0.157307489001459
0.00761461217492983 -0.0026897704722175 0.286471730678201 -0.164846935799418
-0.00135634231514536 0.00512204649182294 0.03115574023033 -0.259212656138467
0.00330240558864107 0.0189604290636854 -0.0757574817080995 0.18107744956719
0.0110898806013218 0.0101869882332459 -0.222733941275248 0.0101995078843801
0.00130568420838737 -0.00713322430563373 -0.261577799531136 -0.305676820902474
-0.00973286135569616 -0.013909083448374 0.190971791447064 -0.513010395166456
-0.0117301933068619 0.000541674156157108 0.704705460874295 -0.0802026912408242
-0.00470439393958582 -0.00250603347072309 0.451424552731822 0.513523376944466
-0.00310758193838798 -0.00133280135661693 -0.0183582743833361 0.43828548986182
0.00294576704401242 -0.0112998995548186 0.057695931932196 -0.00727763834375447
-0.00693789185109495 -0.00610730957169988 -0.0551070677268116 -0.464332645179542
-0.000537399729492985 0.0177641391396478 -0.694703329388068 -0.282522398705464
-0.000148314169113914 0.0222476040085523 -0.593089451323895 0.522017067726728
0.00361282620074514 -0.00546321807648626 0.209279033865635 0.612346774645099
0.0157554852867681 -0.0135487133708264 0.452921214223868 0.13772642331628
0.0121533015178313 -0.00120837071985355 0.284119235768346 -0.169327365505552
-8.77553069849289E-07 0.00611739460030713 0.0254168792576847 -0.255440727819601
0.00652843742214675 0.0174364004075244 -0.0793855183120025 0.18411080194094
0.0134069268310606 0.0127017415746046 -0.221448863175268 0.0127575740396569
0.00426223317330194 -0.00514140029806598 -0.262104344737487 -0.306391002640064
-0.00819824698522292 -0.0160290340971541 0.184640625125044 -0.519788378616015
-0.00527728080728386 -0.000259250557839834 0.699288966656561 -0.0849749976124178
0.00428785932669363 0.00723943415814282 0.455947064433272 0.51154376996158
-0.00313007156120354 0.0213398363792436 -0.0125463557854001 0.439822684111056
-0.00150645340126468 0.0129157563652173 0.0617978472952323 -0.0070386778230211
0.000793017591789537 0.0123954330007406 -0.0488542929358552 -0.464255854761928
0.00997030421242164 0.0205753826078786 -0.695267677480216 -0.285645941661192
0.00312351447466242 0.0182446023228505 -0.602407893205326 0.523016879848373
0.00428062501603971 -0.0065234514934207 0.19765025613737 0.615021213480094
0.0194271076578294 -0.0121172120092081 0.451277466008195 0.139538888280938
0.0155542154938284 0.000936926862467008 0.288582639876332 -0.166246533182233
0.00301743283969446 0.00495971705543921 0.0223881725178829 -0.251393104075583
0.00789226842230747 0.0166614833842857 -0.0802174052405803 0.189314621040934
0.013882658005979 0.0136336176758294 -0.221707371566348 0.0243177317376332
0.00618370306643204 -0.0016426147551226 -0.277517515311879 -0.295089137666922
-0.00738683701803604 -0.0173284693200971 0.144570063732424 -0.532494880371393
0.000960893336693592 -0.00302774524400739 0.684069898296003 -0.12745037207047
0.0121415285970106 0.0170775228858562 0.486100723503114 0.484509496801856
-0.0052173627370944 0.041104148932735 0.00857707595489551 0.442310857398131
-0.00844782041743344 0.0344507168092144 0.0639211315797674 0.00400872218505788
0.00484382425960753 0.0294431347778473 -0.0266549500954993 -0.459814011715451
0.0200503177971396 0.0218603013659389 -0.679876928763537 -0.320908918541431
0.0063073203422229 0.0118336411301508 -0.640816618580806 0.490189488945732
0.00591098111015874 -0.00785245707170241 0.155723655756516 0.625831748218707
0.0225303080576897 -0.0100545891687801 0.44482543656871 0.15788841340399
0.0170209206665926 0.00280758080489969 0.297839071257893 -0.15425210006167
0.00442720736831007 0.00333620163522462 0.024297491573879 -0.246563439045632
-0.00354234815552212 0.0108589526885629 -0.0490563101936571 0.194092080486039
-0.00798666096083666 0.00413034809475898 -0.225716190169508 0.0858304503527453
-0.0199665564515638 0.00224330526042163 -0.359852734057028 -0.163875086326637
-0.00559951539410993 -0.00189294967683469 -0.0938122136906825 -0.50959508897086
-0.00459929892146502 -0.000422669722560469 0.536842434382632 -0.394170135766428
-0.0280662151049544 -0.0203927186864196 0.632688724584099 0.246365413718533
-0.0248415000545382 -0.0367402128246241 0.121459071753423 0.467787127286893
-0.00653253484368595 -0.0537971987523174 0.035405803190425 0.0874226266310253
-0.0198038545013002 -0.0544715722604842 0.0941280959860906 -0.394006472981316
-0.023898461640068 -0.0186568768572219 -0.484094905347019 -0.567683353965514
-0.000697095411928338 0.0122415185678128 -0.817502725899893 0.16661060549473
0.0147528938845545 0.00691975971738353 -0.140154526451005 0.674270628314254
-0.005035989143596 -0.00425146015245047 0.352215443343112 0.33678050498978
-0.0145706213054667 -0.00709796291042461 0.319508364724184 -0.0715647896670623
-0.00459057941706662 -0.00370333023239049 0.0662348102629977 -0.251319974377218
-0.00384640834064865 0.0137101875270738 -0.0537187392384293 0.188187430753467
-0.00611786370344233 0.00363055054506304 -0.228806445817138 0.0641529723180788
-0.0191921924331262 -0.000710763597361862 -0.341208601600279 -0.199540281621742
-0.00720686213599107 -0.00299104917090422 -0.022659753553426 -0.520567293004495
-0.00950798149331583 0.00155859918231489 0.593457587059514 -0.327302183806693
-0.0303982684690534 -0.0213085632837696 0.598774959033549 0.315514799192502
-0.0206627573488007 -0.0452989597049609 0.0819365180572531 0.464651661960664
-3.68795258726788E-05 -0.0618919499898576 0.0375497085036032 0.0646591730751397
-0.0211122279785533 -0.0580970609727469 0.058864314842828 -0.415931316957792
-0.0272846896104834 -0.0136157798724257 -0.549621309020319 -0.504322279146267
-0.00177630847562031 0.0166089302015683 -0.774918824788756 0.266945303849134
0.0129162030255198 0.00458359064764093 -0.0442983187766181 0.677380752859156
-0.00348502231806756 -0.00656377503796038 0.385242295144576 0.29445243871781
-0.01097973258669 -0.0077660600453059 0.311851623597064 -0.0989205489617374
-0.0041287130394032 -0.000432128263262254 0.0599355027457562 -0.255238638076322
-0.00397845187874034 0.0152794531899174 -0.0593586228460674 0.183026611815044
-0.00162663621963855 0.00385550904910776 -0.229359692967242 0.0438675663979502
-0.0142333278767539 -0.00436262722342724 -0.316884697354268 -0.23697559694719
-0.00969217142428777 -0.00581171467273933 0.0552147283231188 -0.524071546307005
-0.0149457514205448 0.00224189420228177 0.645870431810733 -0.24940245323442
-0.0288706154201528 -0.0232058760442899 0.556392607195227 0.389370461162368
-0.0146115197821949 -0.0452220877169423 0.0429780170740448 0.458614567149995
0.00377026662689143 -0.0603368782885786 0.0415569956103068 0.0404528737786545
-0.0214674368592172 -0.0530857436806178 0.0211411213535645 -0.436248562527742
-0.0252356530501707 -0.00464084249283481 -0.607437387273067 -0.434106770788029
-0.00280880130372784 0.0199644598363976 -0.716743205711006 0.364132310597099
0.00954235853689361 0.00188097158899492 0.050978794479876 0.666946497872827
0.00158822538579148 -0.0106512618073378 0.412001627456926 0.243590968569491
-0.00421985324869027 -0.0066196713913068 0.302878253798761 -0.126591977703157
-0.00514989625104948 0.00132620140167508 0.0514087857728845 -0.257522813784867
-0.00120517036729732 0.0161282896607335 -0.0648520796649572 0.180025620476328
0.00288465028577463 0.00484433311824929 -0.227265741140625 0.025046328346105
-0.00953039347074887 -0.00709679058683764 -0.290745802147064 -0.268748781688477
-0.00985184394700672 -0.0086515145326641 0.124645893423231 -0.519238741209347
-0.0160353522020079 0.001997984110498 0.678012883342123 -0.167959659327914
-0.0223881884463898 -0.0205629317747935 0.505604135945928 0.450720336457289
-0.00842337613316387 -0.0381203158613009 0.00767997101014568 0.450139745015193
0.00622271474953505 -0.0499341114622005 0.046731600611628 0.0183210880669715
-0.0186923184560865 -0.0412525148622553 -0.0135634729073499 -0.451038973346021
-0.0200659901206624 0.00456533511632251 -0.652341537454001 -0.365844851005309
-0.00190148574558145 0.0233086658657646 -0.659503452717461 0.441237320810593
0.00830657813887258 -0.000417045371902134 0.130915463556296 0.645504792488476
0.00481941393641883 -0.0121403294237955 0.432692930372468 0.196611023512341
0.000889343756297796 -0.00451788907246301 0.293275945816192 -0.146625904299106
-0.00398737594886317 0.0042294270306043 0.0406282427044463 -0.258577775501078
0.000928158518367898 0.01702176408678 -0.0691550700668093 0.179117788069579
0.00730414976984806 0.00802313933431287 -0.224629880605339 0.0133473099904329
-0.00301163584144543 -0.00837464406771121 -0.269111041927826 -0.291885479251157
-0.0100800262807699 -0.0118836239617645 0.173636405812723 -0.512023150989884
-0.0153207029310643 0.000655407231056488 0.697369474769259 -0.106785711507025
-0.0143800647575123 -0.0139590827249048 0.465549069094843 0.492568511244279
-0.00455128780758784 -0.0224008554556602 -0.0146126721326303 0.441747795365254
0.00576085472470463 -0.0327597984207725 0.0527762171377346 0.000824642855016061
-0.0138036654522388 -0.0250674560349539 -0.0394314482704513 -0.458747834764081
-0.0107328369967475 0.0112045613552571 -0.678896808675063 -0.310581670364915
-0.00222550196833709 0.0238239760160969 -0.611174938367888 0.493536840033517
0.00659608630934933 -0.00308075119522915 0.182099865107924 0.623864045765034
0.0109418858538742 -0.0119596863510274 0.442596283879663 0.15928210678507
0.00675964757792951 -0.00324841574997635 0.285658993534136 -0.162120569199141
-0.0019045014192724 0.00620940236686762 0.0326673915013962 -0.257383469545903
0.00281213371981607 0.0174880071477709 -0.0754331771916311 0.179453477601472
0.0106311891157128 0.00986716714480246 -0.220952259454198 0.00783325439089179
0.000595790572231144 -0.00747449494983123 -0.257873893719102 -0.304619617256537
-0.00938876868878458 -0.014369011019994 0.194573627925069 -0.50939399895002
-0.0111994980345229 0.000665003997352749 0.701976157120429 -0.0748257384404027
-0.00429362040571054 -0.00390223356925185 0.444199079483485 0.514591800449108
-0.00380444926396789 -0.00158928649085746 -0.0224988018695836 0.435124124867173
0.00322440151600317 -0.0119271148106037 0.0575207325300191 -0.00747895041022928
-0.0067350979898501 -0.00591591597425366 -0.0495350573881113 -0.460926790938743
-0.000189761930337238 0.0173201920095533 -0.689711640990911 -0.284185925757609
0.000324656303687375 0.0213610900312966 -0.59129371695692 0.51723120392246
0.00463246468869467 -0.00542554620076689 0.204855895930362 0.611563768920541
0.0154248150121094 -0.0126251683250146 0.447414664137641 0.140318058563224
0.0113479530130449 -0.000939449702043441 0.283569810878016 -0.16731623814813
-0.000777050279033921 0.00646425068083733 0.0268494785386351 -0.254737976539772
0.0061112222892701 0.0175305198680497 -0.0793315832758301 0.182960294052581
0.0128725530026805 0.0120395047875971 -0.218538505736181 0.0112707902198248
0.00423766103211165 -0.00526230222509721 -0.259509571590489 -0.305787419830454
-0.00803318585989016 -0.0157526393462416 0.187202383575872 -0.515833077067666
-0.00645195811549624 -0.000559757401794202 0.695407459482195 -0.0790217315753221
0.00374789002354818 0.00859840270237539 0.449695683008574 0.510849572563722
-0.00362868903780649 0.0204612975320749 -0.0150926101773622 0.436304521365882
-0.00204574049994608 0.0126690909635361 0.0619847120186987 -0.00579946761233369
0.000240934343412083 0.0124696365694118 -0.0440316864259705 -0.462036045722248
0.0100251511522428 0.0197552617538422 -0.687358751966922 -0.285692997611225
0.00290097764821095 0.0176268760482934 -0.601160434320731 0.515155863905564
0.00288553742625568 -0.0064527838992099 0.192523144832917 0.6128092444906
0.0184487897121262 -0.0124244393999034 0.449034483093924 0.140392421547888
0.01583430806423 0.00129789079541924 0.28682624775571 -0.16458207209006
0.00168741929216168 0.00509741114298259 0.0232789647563099 -0.25025552529244
0.00925872159646671 0.0159200080717711 -0.0801580679688927 0.188986701953431
0.0144220497151067 0.0131498926668405 -0.220663041563098 0.0232573905113032
0.00579234264488791 -0.00159480317743708 -0.275111299023391 -0.294064535064647
-0.00709999109463097 -0.016767568745601 0.147771146033651 -0.527666554504909
0.000101512291972056 -0.00270145229811807 0.678671186200911 -0.123232992268802
0.0114910243312586 0.0161135386600654 0.481113782885748 0.484723964530158
-0.00460563448163341 0.0411574862249388 0.00524330557253375 0.438945545563293
-0.00843028370028558 0.0332159855344248 0.064489771618335 0.0037202041108803
0.00521120052688315 0.0291445279189112 -0.0231378490547593 -0.45776720750778
0.0191848498382213 0.0217954226557375 -0.672530601174799 -0.323904173707114
0.00691745370947034 0.0130621269258661 -0.641167167914775 0.484017295450702
0.00440052697051503 -0.00775934321455519 0.149624661171953 0.625322332838158
0.0206816728270091 -0.00936670113189926 0.441567244973742 0.160018938150294
0.016442748058193 0.00312962515086443 0.296571763569333 -0.152924999001128
0.00315082326031692 0.00210638146509928 0.0263084971855942 -0.246422455469417
-0.00287727773524448 0.0115382435164706 -0.0491209982659538 0.192997183875244
-0.00804519236655317 0.00324859456664598 -0.223924175088718 0.0828244155640772
-0.0205912174564643 0.00313295860505265 -0.358836691657994 -0.165528153269748
-0.00482129554667174 -0.00276735146836679 -0.0917850409053016 -0.506131123127875
-0.0047769324395077 -9.29041002348356E-05 0.537857584579267 -0.38898597636819
-0.02789595975341 -0.019362061474388 0.627576946763126 0.249315630264383
-0.0244547677590932 -0.0374399825042179 0.118013411339256 0.465080683279904
-0.00613083261545557 -0.0524839802923444 0.0344779497702876 0.087260219298927
-0.0209195006067536 -0.0547218748967769 0.096744595459698 -0.390752089927435
-0.0235058209059308 -0.0181636464968085 -0.478684498757214 -0.567838284884799
-0.000576608384676596 0.0126502299257805 -0.813091977659198 0.158608284360031
0.0158997675913049 0.00618831691683987 -0.14372162599111 0.672320006395325
-0.00426202450526095 -0.00490631240181091 0.348682516687512 0.33600725822588
-0.013676920854384 -0.0069823415478376 0.319045867159968 -0.0690338146251942
-0.00338618393398474 -0.00313667845021652 0.0682178634984919 -0.249684214419709
-0.00320118940042868 0.013724399618514 -0.054001951271861 0.18720784363052
-0.00533308170624564 0.0039550229854612 -0.228106178220902 0.0635836079805264
-0.0182181668424513 -0.000357129836225192 -0.339370120745631 -0.201427447072513
-0.00815475008331779 -0.0037606807543285 -0.0181109398866194 -0.51804104068429
-0.0104670834683551 0.00200646634760384 0.594472445533411 -0.323416632074174
-0.0315498323385543 -0.0224107715802857 0.595167599815625 0.318525830559531
-0.0204213680147615 -0.0441305807029692 0.0786486715897625 0.462697146938926
-0.000513753411904092 -0.0615278622709366 0.0372988998987185 0.0647566497719353
-0.0212131561496449 -0.0583178584245827 0.0627489112265086 -0.413638541828903
-0.0263114311341151 -0.014124409539438 -0.543007323255413 -0.506718913962989
-0.00335829390800407 0.0161563686012814 -0.770217684096352 0.259299568851093
0.0128169180717076 0.00469889286032807 -0.0486950903323415 0.672697131514772
-0.002292429767068 -0.0079052655444238 0.380527118558023 0.294200424980175
-0.00964789111809995 -0.00714559095543535 0.312477838597495 -0.0975476071295257
-0.0049834741056559 -0.00139682749962948 0.0613621520743637 -0.253930459177376
-0.00266661611716437 0.0143566056306651 -0.0585862574535921 0.181627979245053
-0.00229994849126028 0.0033510788523603 -0.226885912628365 0.0421919046611488
-0.0139180876230924 -0.00488683557826495 -0.314260280730226 -0.238655824027653
-0.00923549728066178 -0.00536960941345033 0.058665086324912 -0.519173941303356
-0.0144908372650437 0.00221305053621677 0.643575716982837 -0.244046326291328
-0.0292779610329576 -0.0237593122855894 0.550618750205632 0.389488541936507
-0.0142109884974503 -0.0457404264756706 0.0387894800405165 0.456837143812124
0.00443502354567927 -0.0604351427150999 0.0419460038233514 0.0402448397956432
-0.0201722125476408 -0.053801267138182 0.0233825763786938 -0.433601361714459
-0.0249740648021044 -0.00498859143698203 -0.603653945911581 -0.434954301312618
-0.00338931478261655 0.020670766851014 -0.717022320218664 0.356623829287046
0.00963642574010918 0.0017995917304997 0.0468901528932367 0.662383079317777
0.00076100559335205 -0.00996894850353329 0.408468886918027 0.243993049433761
-0.00445181567254952 -0.00606070472939654 0.301760236346677 -0.123609331901615
-0.00458943836037328 0.00171526357995077 0.0527152434882002 -0.257313665041826
-0.00187039359700267 0.0162989698802196 -0.0653913315989812 0.179844541823449
0.0025991631800008 0.00500785870769258 -0.225794746978563 0.0240561787451605
-0.00946503500741224 -0.00790480641137772 -0.288520573856589 -0.268977597406702
-0.0098075702994255 -0.00814670148070014 0.127248520139713 -0.516183391873612
-0.0171542218832391 0.00237179398562899 0.677954252746577 -0.163531079094423
-0.0218999898692346 -0.0199431276555854 0.501808818570687 0.451282287036877
-0.00960282033557308 -0.0364671067673877 0.0048551328383307 0.447271145475617
0.0073661521283347 -0.0516772046053856 0.0466126157067769 0.0172525761492802
-0.0186266028722912 -0.0411667247571128 -0.0110772549191592 -0.446410776420001
-0.020020200513373 0.00354702839617212 -0.646370546497391 -0.368132555439404
-0.00281921371739675 0.0234938915452711 -0.658555990879163 0.434731818245582
0.00783423307095371 -0.000480750321027337 0.127667973654684 0.643569005407085
0.00563379381628471 -0.0118805992670222 0.430452509953351 0.196574543144905
0.00100398123172235 -0.00536395852613693 0.292031792354898 -0.146486322533591
-0.00383168704799479 0.00299639557124895 0.0425082832410912 -0.257975037413167
0.000784755800611217 0.0164228538570609 -0.0718061043381554 0.177832047001216
0.0075345317774841 0.0080863756540392 -0.222601387174785 0.0114939876191655
-0.00361430104365883 -0.0082353190352959 -0.267173608120052 -0.291626989046479
-0.00998170748175181 -0.0121716361945067 0.175394819546861 -0.507290823175516
-0.0153308970138489 0.00193462647769025 0.694330472173976 -0.102565688503657
-0.0136254826623448 -0.0134390932757059 0.460769904280546 0.493964862953577
-0.00345703377532814 -0.0220281041889947 -0.0187014168670182 0.438360747765702
0.00588420958305757 -0.0332977492131421 0.0533270927405171 0.00175267975726143
-0.014121074518185 -0.0251705638464437 -0.0361459713275148 -0.455382469040999
-0.011133056880182 0.0116468348262419 -0.672460310060729 -0.314676228415624
-0.0016499569175864 0.0240323606132215 -0.612768059740889 0.488738309403658
0.0059394846680833 -0.0030138195636335 0.177566860435855 0.622411617523734
0.00986711266195928 -0.0131810332706382 0.440502257787606 0.159563249288504
0.00699079293528565 -0.00276304068899671 0.286051571444896 -0.160449890062305
-0.00155660709834813 0.00545586020298795 0.0333262967179307 -0.255136476574728
0.0032318397274786 0.0169990404528551 -0.0754240313601681 0.178127002347311
0.0100213473160948 0.0105602267407482 -0.219484010623545 0.00545711251348693
0.000267006573593469 -0.00711601354010421 -0.254893774048538 -0.304734720743195
-0.0089892852931135 -0.0139997828290685 0.195533004023793 -0.504552793152086
-0.0105194930169132 0.000849739150724275 0.698424317726889 -0.0717267659350875
-0.00468486140165203 -0.00298820170489917 0.439226412472622 0.512707620846198
-0.00268462570558821 -0.000639802698804887 -0.024415313730277 0.432550539489303
0.00302179994633841 -0.0113058698369855 0.0575428649212063 -0.00634465090365549
-0.00676476581866335 -0.00591267729306177 -0.0453754959212303 -0.460385169132289
-0.00100352163625381 0.0174536135523663 -0.683855201878761 -0.289532961664091
6.3334313532783E-05 0.0213155440000516 -0.592106073612086 0.510947965571794
0.00406429714638425 -0.00509699062508854 0.200367499393452 0.609230757750512
0.0147073025529977 -0.0141622313865846 0.445301390801887 0.140836469919107
0.012031065172514 0.000113943649050154 0.282668826209199 -0.167003808719289
0.000525052136270432 0.00581100513374994 0.0261993341536239 -0.25334152156931
0.00589215879066767 0.0163056726900454 -0.0802345890960075 0.183406314666273
0.0119927970799512 0.0125750125748186 -0.218182863184884 0.0102039175023991
0.0044599897370053 -0.00428850518469432 -0.257439814803111 -0.305959174166712
-0.00826699027075624 -0.0157871814783869 0.188521774919477 -0.512335100624697
-0.00622072990105234 -0.00116887067774802 0.693697493087591 -0.0751773670940135
0.00521269398233375 0.00875877078588309 0.44247034112643 0.511070885818319
-0.00467405450650547 0.0208292380412742 -0.0185072132064896 0.431942183122494
-0.00145766207882174 0.0113707122179291 0.0631347904385652 -0.00684598919979615
2.6930196088645E-05 0.0121378363853308 -0.0402984169825798 -0.460606010612819
0.0104888834339329 0.0197448453808016 -0.682143784300087 -0.291443908472487
0.00273574786736148 0.0173172966340829 -0.602397329364418 0.510841026453495
0.00363513601098159 -0.00743061947402567 0.18837249474308 0.61040622379867
0.0189870488251799 -0.0128131846016673 0.444576515734067 0.141496488298534
0.0154462641566866 0.00159009789538347 0.286852344709836 -0.162514184854144
0.00267877877021533 0.00426596612903484 0.0252824040602524 -0.250662775288444
0.00806734451739019 0.0165384810804814 -0.080239731747977 0.187150500870891
0.0135016496915053 0.0141557257993744 -0.219607878436585 0.0212890597052264
0.00550282538027606 -0.0023351296743467 -0.272061069097145 -0.29415492362661
-0.00667638223664821 -0.0171910763492899 0.150007517795486 -0.523384445826743
0.000321727824974318 -0.00262745869315363 0.678175952516571 -0.117415121154766
0.0125348031028547 0.0167974731706472 0.475202814289535 0.483593972835041
-0.00569219470125038 0.0421130583413516 0.00109346538633861 0.436628583167614
-0.00838357190155273 0.033822644496154 0.0647542960220518 0.0037444439545891
0.0038054909956226 0.0289715899825379 -0.0176031200880496 -0.456940131363427
0.0200443759906654 0.0222160776938801 -0.669068226786895 -0.327550541498897
0.00711814454915448 0.0126164154789195 -0.639664188350235 0.478009119968634
0.00549344166749502 -0.00777634169636024 0.144132481762182 0.62215988776025
0.0212447893888858 -0.00929571062763736 0.438260360810983 0.16071048586386
0.0167977653824446 0.00354079681228269 0.295866483453498 -0.150961087665999
0.0039635503242995 0.00296914428899065 0.026837021367116 -0.245356140227774
-0.00330089171235515 0.0107851384370381 -0.049663720978166 0.193690456110999
-0.00826546095267848 0.00318628108867868 -0.223546824927053 0.0818179120100462
-0.0201521528087952 0.00251988770278903 -0.356610460021108 -0.16736859565477
-0.00510346897579187 -0.00264744875046798 -0.0874554410658385 -0.504959312960368
-0.00449974731635929 -0.00169805401335189 0.538217224844699 -0.384946400786555
-0.0279950521932533 -0.020032792557775 0.623207800889657 0.252274102554731
-0.023736989455925 -0.0359065967116141 0.11381814474735 0.465296150834994
-0.00620898185804273 -0.0530564281658762 0.0334967433874664 0.0871119475275321
-0.0197179912558624 -0.0548189396247537 0.101860581775949 -0.387054074891119
-0.0235728918291079 -0.0182465152236483 -0.472828381461017 -0.570954822892646
-4.71005477037387E-05 0.0124109070926401 -0.813902784271926 0.153477975424306
0.0158880774271798 0.00587269398060785 -0.14878735878033 0.669890583949432
-0.00509187642808108 -0.00477600560791659 0.348067666368243 0.338560953990626
-0.014347145693504 -0.00581626228986033 0.318929298632089 -0.0678051347517512
-0.00355397327863199 -0.00339484193991737 0.0700309145125135 -0.249624807304158
-0.0043966354385449 0.0129063637219004 -0.0536566100306628 0.187126004355225
-0.00559316936958921 0.00353106552301406 -0.227935482647842 0.0603088108422399
-0.0180161173248258 -0.00182589636748454 -0.337597078547425 -0.202706458842331
-0.00740172874814984 -0.00340866433401534 -0.0153507770279376 -0.516507795160219
-0.00981267697330482 0.00198776599529614 0.595527026981292 -0.318093175719828
-0.0304777044429548 -0.0222267632063161 0.589447694242083 0.319564456878033
-0.0206956067028786 -0.0435468551332536 0.075321579570269 0.46155093004585
0.000342078322304961 -0.0608674115567346 0.0369779520620388 0.0645877423583532
-0.0203471387273132 -0.0586673179439159 0.0649835256407304 -0.410886189437838
-0.0268100550212756 -0.014896706715728 -0.537619572977035 -0.509403694469004
-0.00258489671636775 0.0170220776801775 -0.771277637693503 0.254481224127818
0.0127419155469864 0.00459367320813668 -0.0519013464234979 0.672421282494311
-0.00317372340254576 -0.0072580608397565 0.377637741357471 0.295619246886236
-0.0102845895186134 -0.00724489429598281 0.311558487566752 -0.0946477376010108
-0.00390270892197345 -0.00116201653178722 0.0623034851707199 -0.253568728871727
-0.00318139179214415 0.0145183977763317 -0.060197158985211 0.18225193021027
-0.00148867966155872 0.00328730062438887 -0.22793717257824 0.0411369311959016
-0.0145299431036963 -0.00539958983004554 -0.312976736506644 -0.238572437690234
-0.00807035707172518 -0.00581221688282239 0.0620665453870407 -0.517745081993638
-0.0141453660489502 0.00263103473626111 0.642454852676284 -0.238152593704323
-0.0280631546911501 -0.0231937456855963 0.545573377316338 0.393303111954807
-0.0142755848560835 -0.0450810558251206 0.0356290502272992 0.455012168158606
0.00411581210086537 -0.0604269301730125 0.0422973541418165 0.0414454293120065
-0.0200352053661065 -0.0534323360776629 0.0274142149237726 -0.432599748698734
-0.0255860046807294 -0.00583021031540524 -0.598858156642416 -0.438298254898198
-0.00322799699453141 0.0206594519900389 -0.71820614021689 0.352152166774641
0.00999556905446027 0.00180484983615206 0.0424424337532111 0.661677591403981
0.000239540948922536 -0.0108714761892019 0.407261279958636 0.245740886186775
-0.00444718312025526 -0.00620112967322456 0.301981902083219 -0.12209608090243
-0.00486113512956631 0.00130001422498814 0.0540692351265452 -0.256422682585061
-0.00118235160579058 0.0157274744854859 -0.0656313545796695 0.179862804583359
0.00163074094098139 0.00532569698736668 -0.224714652936917 0.0232581759956839
-0.0097640585317009 -0.00762768342399419 -0.285569224056384 -0.271260255543131
-0.00899921296516828 -0.00812015852942152 0.130038493320507 -0.513395735618542
-0.0159795991441797 0.00173740797917748 0.676568267451599 -0.159847162476086
-0.021854011270716 -0.0212177801922211 0.49606019359543 0.452912648945746
-0.00781792789127295 -0.0371148814215176 0.00099014345066804 0.445009751064448
0.00734861557448012 -0.050536768498851 0.0463990085526028 0.0184058503197539
-0.018506017868414 -0.0420413708233161 -0.00507397986576305 -0.447428870336373
-0.0203802712617417 0.00427116587646698 -0.640755072470466 -0.371226336755003
-0.00259231070465078 0.0234559505633534 -0.658832041658784 0.429713422945302
0.00671169368372079 -0.000404798762231503 0.122860166702365 0.640979043900075
0.00478274586457016 -0.0117621528146776 0.427160963500261 0.199728944218945
0.00207596852493678 -0.00460855343338858 0.292210923746137 -0.143993738664455
-0.00312160348815495 0.0040691742763096 0.0439677333249774 -0.256507924101721
0.000450655212998769 0.0164949874091504 -0.0710933741139504 0.179289098836747
0.00735178510792099 0.00699080202165567 -0.220604317326256 0.0103525813822463
-0.00363921255127271 -0.00778049537963346 -0.264600500161189 -0.293217759617374
-0.00989166573009835 -0.0110254079976491 0.180087695061543 -0.506077172967467
-0.0155837834798302 0.00103830004844612 0.69173951759654 -0.0966182281722413
-0.0141608235863553 -0.0146344451290516 0.456064469625283 0.496032866795833
-0.00406651205171352 -0.0217400934793564 -0.021034807267998 0.436632032973635
0.00676485028889689 -0.0331466222833094 0.0526552990633128 0.00209974251069153
-0.0124927637890191 -0.0255958450927538 -0.0307133910484437 -0.455932811423543
-0.0117234608915993 0.0113302745306263 -0.668927180938007 -0.317916730688355
-0.00156705809778637 0.0239455824989764 -0.614189259916971 0.484925205269581
0.00420495629081974 -0.00256367457854973 0.173520516070712 0.622111476176683
0.00931897113022868 -0.0123041506080827 0.438100172665994 0.162275621322647
0.00663179246097478 -0.00138414535742697 0.286686117795728 -0.159310037534344
-0.00238004300654757 0.00465902542427598 0.0349363581199641 -0.256384918054003
0.00346092346913161 0.0167932481200107 -0.0757596914519997 0.178866369370905
0.0109405963744791 0.0104170184022328 -0.218932981791207 0.00448531613962158
0.000275161425921843 -0.00720731675297583 -0.2531282943763 -0.305658761172247
-0.00898566307190091 -0.0141556627613508 0.198917809315267 -0.503954146048304
-0.0113921332447132 0.000701676098053022 0.696094266444356 -0.064860195213902
-0.00535750144234648 -0.00340613201263713 0.432942727805711 0.515178222394147
-0.00394196358914147 -0.000714641130826563 -0.0299247148653921 0.429779295606718
0.00229530459181791 -0.0116225425620983 0.0579445475490691 -0.00639236548901858
-0.00720888480579749 -0.00666729597183048 -0.0419013442789843 -0.459308753130137
-0.00156972856256056 0.0161582645379301 -0.68137363044917 -0.29310207415934
0.000813053989396026 0.0214437386654976 -0.595049389801269 0.506470271585224
0.00481026495351316 -0.00464898634888913 0.193599492836561 0.610310704886272
0.015470717199867 -0.0125472321352272 0.443100906476969 0.14377368455132
0.0133436963079703 -0.000632389294299728 0.28371994684935 -0.164601531062957
8.29755169817312E-05 0.00558333744423575 0.0291769336701487 -0.254565646706003
0.00515252485945778 0.0174946227877025 -0.0799492292154625 0.182095991983819
0.0127141359652412 0.0117280421414489 -0.218800405695536 0.00860456356635714
0.00411651622347057 -0.00499403057140235 -0.255121676286863 -0.306516282678382
-0.00826464704383529 -0.0156793240759175 0.193274013796704 -0.508292312273267
-0.00626476788031266 -0.000419441834563493 0.692742502741356 -0.0693260788334009
0.00416623156472919 0.00813993126730093 0.438284494843746 0.51191323264542
-0.00464171258168251 0.0214959123485838 -0.0231720904746004 0.430338373195199
-0.00346274952620161 0.0119889118433702 0.0631407718942366 -0.00697400989521816
-0.000603138393414304 0.0115604151015376 -0.0363087532083772 -0.458895537856134
0.00937714738862765 0.0197712373406147 -0.678055609610641 -0.294731176945342
0.00321644306862758 0.0172930894601777 -0.603680462649665 0.505562822683093
0.00412330662426037 -0.00659262494054936 0.183156770505261 0.611593602885161
0.0186162934182479 -0.0113576057730248 0.444246693772297 0.143326600112872
0.0154655595558208 0.00141971397398337 0.28837144525748 -0.161740640026336
0.00141948412190955 0.00425433849953913 0.0273141894575669 -0.250011922581761
0.00845564613974138 0.0154590317721267 -0.0820362745657811 0.186715280276016
0.0129103837988224 0.0136046471701174 -0.218349594169602 0.0192716489455279
0.00555330244802745 -0.00162622769981078 -0.270177462019934 -0.296140373994723
-0.00682754839180263 -0.0172151707221693 0.153616444317925 -0.521096782424538
-0.000163997588233137 -0.00262614441114786 0.676418088460422 -0.111893028575373
0.0122073215446383 0.0167185879669876 0.468631319674627 0.487068955561575
-0.00620624430959774 0.0412523210662288 -0.00301416999491809 0.436399481767682
-0.00838185437113323 0.0336735643640732 0.0645993263954743 0.00429205687352082
0.00475501467737985 0.0291210016894626 -0.0136735077400166 -0.454265667671825
0.0191325690521044 0.0230564565028849 -0.663166453596542 -0.331480845567872
0.0060027448420939 0.0131633789494029 -0.640945667099247 0.47247850536443
0.00523909375772122 -0.00710503766971964 0.140541363675733 0.622754931293572
0.0196435266518804 -0.00823981410270651 0.437338890600321 0.165303563160375
0.017232529077583 0.00323851799230623 0.297058290033097 -0.148120666073205
0.00348194313021767 0.00341882340505424 0.0282239440664836 -0.244239798083812
-0.000719388135535889 0.0107311873764333 -0.021417853969397 0.196930272545344
-0.00545004901243964 0.00375655221585102 -0.208606979175323 0.113139572871179
-0.0165988410795582 0.00799176466812402 -0.377729194804155 -0.114251369053366
-0.00616859707236526 0.00450056397374285 -0.15424804629346 -0.48829935658959
-0.00996322822050229 0.00113381977591066 0.482339756863167 -0.453346117220464
-0.0330170660806464 -0.0149174224234699 0.649295560168891 0.162152353729939
-0.0296159928249774 -0.0313736986411546 0.182867022997905 0.440763837938529
-0.0142027732021787 -0.050712422232163 0.0468584571774478 0.0825880647589836
-0.0262067357335217 -0.051031211531571 0.0431406045706803 -0.396065193287068
-0.0268242925292382 -0.018155021407291 -0.548274740738599 -0.490831401698378
-0.00204334731186807 0.00987208921224013 -0.774206985074985 0.274449229709256
0.0107402586209067 0.00302111336916352 -0.0368978884008387 0.681439950501662
-0.00955686349659484 -0.00330103455846516 0.395620073952863 0.276696680370327
-0.0161137686294483 -0.00300749035223052 0.299761095757414 -0.118250212101189
-0.00389962032154588 -0.00206808873315578 0.02758024338444 -0.254680982206609
-0.00151809783431634 0.0105829136751255 -0.0262164129095552 0.191936626489375
-0.00327493734957028 0.00364385525649573 -0.216051742727066 0.0923253067108211
-0.0151226299142209 0.00408334146566205 -0.364314581633086 -0.154363713992521
-0.00885891517671777 0.00248224082148607 -0.0836156944697309 -0.506329543509479
-0.0159470482256932 0.00363619996371384 0.54712516177075 -0.396467518199294
-0.0371665417541886 -0.0176464530326679 0.624698687713942 0.232891586361624
-0.02663221695302 -0.0419305001991143 0.142131681929474 0.443744271249918
-0.00908379318460813 -0.0609945319526796 0.0462573750255652 0.0586480441941383
-0.0283002143761702 -0.0562606494251742 0.00496818332251727 -0.412442557290835
-0.0293422762346628 -0.0135986883481685 -0.603609285059366 -0.419432531373592
-0.00352217954408469 0.0151492027040619 -0.716519464393329 0.366682422402814
0.00808870718464672 0.00253551500559772 0.0583546552368272 0.66942261662994
-0.00787168282952517 -0.00503656021332948 0.420828484560035 0.228784878548023
-0.0123758640074932 -0.00455302486932824 0.288710352086515 -0.144193369056782
-0.00365300756293118 -1.52916696508475E-05 0.019909645792937 -0.258410067112489
-0.000136263300666578 0.0129558980093712 -0.0329215970495066 0.188986324351779
0.000217001446447868 0.00412893540535201 -0.21990310145391 0.0712749903515198
-0.0125932247407381 -0.000340953110605077 -0.342856408575859 -0.192835669232617
-0.0114810714796661 -0.000281784220139729 -0.00837840939570207 -0.519849843190121
-0.0206536291711017 0.00317138353490189 0.605484818045096 -0.323261290204055
-0.0344712718131816 -0.0199815183803936 0.589697469424979 0.311740103268591
-0.0201573166003894 -0.0436590477606616 0.102631346890631 0.442943903353044
-0.00440115562009776 -0.0605087104542713 0.0481796762387436 0.0342311309652706
-0.0270962086941238 -0.0504921989005286 -0.0345158245914748 -0.428269650352016
-0.0267556795857835 -0.00524055568388335 -0.650430602600972 -0.343395041062455
-0.00421836136999745 0.0201473967841473 -0.648659406095316 0.454343558534893
0.00471513470784394 0.000619407145467297 0.147992837045838 0.643373295900587
-0.00471877467810098 -0.00791100495440598 0.441643507674104 0.176010575271332
-0.00516116290697484 -0.00329940869518302 0.274750979179896 -0.168882767164342
-0.00264324533798268 0.00265479383032522 0.0115561406036327 -0.258879550963249
0.0012850840751211 0.0140688317720523 -0.0395351094891764 0.186567614065995
0.00445161486266095 0.00425335339219889 -0.220438662098035 0.0530814488633571
-0.00826359109613765 -0.00374853245101788 -0.321134622320766 -0.227952633902364
-0.0134335824767029 -0.00376850921698375 0.0603404957603535 -0.523681566578608
-0.0233834083857267 0.00234463216636843 0.648377926050881 -0.247806141610775
-0.0274404385202373 -0.01866055306902 0.54953006239963 0.37907078768077
-0.0129176155880706 -0.0364080665769281 0.0661443582754905 0.44007668500129
-0.000836579160334546 -0.0507372108007926 0.0505202411285541 0.0115254675138268
-0.024616525880999 -0.03923595313725 -0.0695142738007118 -0.43805192828942
-0.021203792062578 0.00275427675012897 -0.683804992201508 -0.267798028102491
-0.00374537115279182 0.0225625995085073 -0.581188565542379 0.52392189974007
0.00272797402119007 -0.000474448935579722 0.222558676620342 0.611465058051066
4.18415668624248E-05 -0.0100467414172632 0.453860652257175 0.128550639510563
0.000611115413107077 -0.00340142466812994 0.262673524256774 -0.18734253484829
-0.00123382830143832 0.00405784101640185 0.0009685101096553 -0.257677384310847
0.00393048925559905 0.0147746035434236 -0.044187476503043 0.185385565346186
0.00998215592761336 0.00625100328663407 -0.218079939129452 0.0408183980507948
-0.00275441701689105 -0.00493952789921404 -0.304116416044551 -0.254962400627385
-0.0146370445398831 -0.00633690288107983 0.108752266852749 -0.522543433501359
-0.021530774258139 0.00023788176468223 0.674006810920286 -0.190203040282852
-0.0187429751310714 -0.013362833537153 0.515208755697082 0.425737790877262
-0.00577673356590427 -0.0210333309988396 0.0443473569236483 0.433002646505334
0.000753815136154457 -0.0347152562968841 0.0528611034436819 -0.00574659189209704
-0.0163373138954725 -0.0240139697026209 -0.0971381364197905 -0.442543476951483
-0.011397772568116 0.010563863755349 -0.702972833480997 -0.211739017466356
-0.00110649790747649 0.0232227360120915 -0.529244515067149 0.567806228965634
0.000718202234789957 -0.000921174555909742 0.269887212002524 0.582833071149047
0.00449304058552149 -0.012180826364882 0.457925062652984 0.0888773141267908
0.00673494566261187 -0.00297811208577076 0.25269713918303 -0.200663557898824
-0.000512494988843325 0.00755673536550916 -0.00644569266648771 -0.256515692116613
0.00649134662400232 0.0147793028745602 -0.0486151381742081 0.186443055876714
0.0138964031409047 0.0090767191494103 -0.216357302679933 0.0342225412404202
0.00173667481418079 -0.00318092220092135 -0.293721305838815 -0.268605445260754
-0.0146276381133341 -0.00990607801040609 0.130087174692601 -0.524607289209285
-0.0176653162350372 -0.0011292512111125 0.681821731146162 -0.156878763658997
-0.00773242097324676 -0.00332466590966654 0.498031607623087 0.446591551279781
-0.00371253585356167 5.81687034384975E-05 0.0356381313017867 0.428176490249863
0.00136985115976613 -0.0124945813094038 0.0564935738880769 -0.0146365214906691
-0.00683309162262981 -0.00630113497483796 -0.107517356045478 -0.445168394412124
-1.40262927327871E-05 0.0143732753931581 -0.711633924604846 -0.182520856160842
-0.00046558953362621 0.0211276859517556 -0.504462494209038 0.587321667597097
-0.000701725390568747 -0.00445422411940182 0.290077963970837 0.566289371307817
0.00893801624206533 -0.0113759505775001 0.461142383098055 0.069754976449201
0.0122406772458721 -0.0014874394921484 0.249321998967605 -0.206186639411891
0.00214775294024177 0.00597392932308172 -0.0130820067352171 -0.251905608210667
0.00873160566489797 0.0146132538254038 -0.0508665434005395 0.190833492456711
0.0165348121366882 0.0112984064954655 -0.214803584393863 0.0374423790663499
0.00561440240314858 -0.00156095246021391 -0.295466902200521 -0.268628962710388
-0.0142970032086692 -0.0114364168122448 0.122483669438877 -0.531111301946722
-0.0124985953229276 -0.00255885458815971 0.677593878359816 -0.164112941403221
0.0026188268275911 0.00626826321686584 0.501767292430586 0.445325908334406
-0.000945789392784422 0.0213404103734007 0.0427474180476603 0.426840867846999
0.000265130214785222 0.0118426904980031 0.0612124887815085 -0.0152194682198147
0.00207539120119931 0.0105470058549324 -0.103692492783013 -0.445596460784034
0.0104836730205046 0.016133862139495 -0.711587862471348 -0.184973365801333
0.00077280050258125 0.0168549405213722 -0.516147461770937 0.58667242377187
-0.00319967452755389 -0.00558563595235394 0.279595295618067 0.569912468845292
0.0124374136560191 -0.0118705117648318 0.460792129649159 0.070427532330425
0.0156537756950895 0.000235303105368598 0.255246766660462 -0.202497338696667
0.00261720223242279 0.00486596681678339 -0.01392187147998 -0.248888724294973
0.0117770036294892 0.0137505876576193 -0.0525571794590156 0.192827840999014
0.017028519981879 0.012261126589908 -0.213852385650071 0.0498799905014423
0.00682206687206485 0.00144373287351064 -0.307609122180444 -0.254807803950456
-0.0121434793513906 -0.0118802645654041 0.0810341532557015 -0.536256365739368
-0.00655980573277346 -0.0052008328174513 0.656351344550733 -0.202223381821147
0.0104852778203705 0.0156389252391299 0.530315550445608 0.413996372585489
0.000516162179022899 0.0415956401021425 0.0636849014062626 0.42861502896992
-0.00360397477535392 0.0335816749040398 0.0638249649963748 -0.00535160619132934
0.00802915549730231 0.0263437962186253 -0.0824618796772738 -0.444326725919528
0.0204666777871546 0.0167872565125923 -0.700352500283642 -0.224423119177346
0.00448956493998919 0.0119200302514457 -0.557486611224245 0.561647997454644
-0.000948154403508958 -0.00758354370635708 0.238958742690691 0.589396775380761
0.0167411647362699 -0.00985475944624631 0.457305547078579 0.0917235870893436
0.0165902753743051 0.00156127911769355 0.264898187392285 -0.191619038302299
0.00462160160918337 0.0037580964870042 -0.011413364865002 -0.243458885028484
-0.000223644462361399 0.00958613904495018 -0.0212035464974697 0.197412172757277
-0.00541640418919795 0.00359906236018898 -0.21078033620703 0.111569142347349
-0.0166442732662482 0.00820675486411732 -0.377681071965425 -0.117406063258737
-0.00689730256884085 0.00357480602978815 -0.152168999363672 -0.487538232070011
-0.0100673963587195 -0.000261482144583972 0.485348912807277 -0.4521587201916
-0.0335655264126702 -0.0154445919650745 0.648810996346184 0.165563053196562
-0.0290661121669868 -0.0322711584369344 0.179663461067432 0.440758280792692
-0.0136999103326705 -0.0509605671733451 0.0471825012295298 0.0817543298005615
-0.0254635848675424 -0.0513312710706251 0.0466464299128826 -0.394865534537954
-0.0268643631629668 -0.0181516597122119 -0.546491450570202 -0.493636881336361
-0.00222846883024268 0.00998819527834545 -0.776521183892595 0.269912837125988
0.0109149179471267 0.00292723680644709 -0.0401482863806441 0.683883438684651
-0.00966842691880565 -0.00179590440149944 0.396267010155116 0.279523485434832
-0.0148653048728021 -0.00437372002954599 0.301649434348273 -0.117798749718932
-0.00364047638884127 -0.00320313863143671 0.028786397125479 -0.255915017527845
-0.00121903769615446 0.010522280874519 -0.0270962513226395 0.192916037016384
-0.00414236147244495 0.0038693665348879 -0.215756787902754 0.0916424309814339
-0.0158967525808284 0.00438730926619602 -0.364094857852389 -0.154850280071915
-0.00874346211947425 0.00135791790366497 -0.0811007827290308 -0.507978149722491
-0.0165167645028941 0.00224352898426899 0.550903769797729 -0.39122596023065
-0.0366147591712133 -0.0190670633050041 0.624061281367361 0.238850628244774
-0.0267335971801896 -0.0403280938904098 0.138266985787883 0.444034426344937
-0.0092690279537567 -0.0608068127365505 0.0457863461195 0.0588334832775943
-0.0277641166442972 -0.054878944281013 0.00948857392359815 -0.41428071005446
-0.0292400335544413 -0.0138657460833653 -0.602670512447415 -0.423192056447352
-0.00278589621021794 0.0149142747515003 -0.719704634274157 0.361939492859993
0.00792737007801864 0.00177084077559901 0.0551002918264282 0.671041407061589
-0.00725398233805393 -0.00599437400608653 0.421138044478679 0.232347391471762
-0.0116880279541347 -0.00527431380277937 0.289399038561681 -0.142758315191317
-0.0029072304574208 -0.000113324949063081 0.021055333022564 -0.257153090970139
-0.000479150854904266 0.0136775134543876 -0.032903970625451 0.18833389295431
0.00110461686160524 0.00338557328738717 -0.220819423281046 0.0699280564257163
-0.0125260904691891 -0.00013691207430467 -0.34349689865506 -0.194644571609533
-0.0125077609127625 -0.000406331556780651 -0.00575131152566507 -0.519931251012948
-0.020975796287306 0.00253835307575775 0.608692969550355 -0.319891582055948
-0.0344551454755002 -0.0198421322174281 0.588849590886754 0.314706084766052
-0.0194472381950765 -0.0432347406493597 0.0991071658526279 0.443137058083051
-0.00353289911944218 -0.0609577971933321 0.0478150345046507 0.0337928325174896
-0.0274200980500782 -0.0515727230854113 -0.030896781883536 -0.428929994425504
-0.0269757911172245 -0.0061377734218815 -0.649735873826973 -0.34709027433557
-0.00430511016057767 0.0192411896714175 -0.652576997618478 0.452502797660868
0.00433187345382961 0.000786151782975152 0.14371623088229 0.645967754870427
-0.00525774964078118 -0.00759629506954636 0.442174247305737 0.178130643385504
-0.00524458664602163 -0.00475062419565075 0.276081804483779 -0.16795687578454
-0.00298774117222797 0.00312562129178159 0.011250741516649 -0.259505026482671
0.00254407944740178 0.0140115067274698 -0.0396719803819821 0.186207368034655
0.0045576001619154 0.00479258656096092 -0.219951004860896 0.0510560909986721
-0.00763539117030958 -0.00311285944610607 -0.322394806093392 -0.231382789725604
-0.0135101223034354 -0.00278381666195355 0.0642634237171297 -0.524457734891181
-0.0227557641052802 0.00191254013262557 0.651245401640695 -0.245603447211339
-0.0270899376661004 -0.0187594635523973 0.547208791745534 0.383456422268373
-0.0126823300396715 -0.0366235036983301 0.063335191764945 0.438320822926448
-0.000574414220221973 -0.0512720803218311 0.0499518630825256 0.012235169997201
-0.0236632017672645 -0.0399738181015577 -0.0668084584029741 -0.437867190765041
-0.0213595392805046 0.00366335352565697 -0.684451686735247 -0.272643419647794
-0.00317335407606622 0.0232380215408159 -0.584882506139917 0.520044379346269
0.0021938962478905 -0.000261111210058378 0.221997474387141 0.614944138187306
-0.000745202255311127 -0.00960881305680179 0.454780756624689 0.129324819246135
0.00108355126955872 -0.0026111169194986 0.262848035932553 -0.187818881401502
-0.00174076586669449 0.00418509500455999 0.00208858198790283 -0.258287263102232
0.00437526502079717 0.0146276757762616 -0.0435901545004118 0.185598440602965
0.00927026695925242 0.00690683025518155 -0.217851644845868 0.0382993477093
-0.00331642888136588 -0.00410781392479289 -0.304833258890382 -0.254951706729807
-0.0142575252804057 -0.00665367243172207 0.112858294014121 -0.522657883953744
-0.0215200002810204 0.00105231717412867 0.67639090538253 -0.186970257094183
-0.018534399634291 -0.0123646258293942 0.513165427561191 0.429920558534989
-0.00743809742728503 -0.0208377858883998 0.0408173187350812 0.432053136818584
0.0023304615834919 -0.0346748651479641 0.0536477784382176 -0.00622041988254421
-0.0166854457640474 -0.0250448410865439 -0.0926855025279116 -0.442308737164961
-0.0116206226598596 0.0104501513209886 -0.704166017538437 -0.216898807498421
-0.000963679462445122 0.0234217742600744 -0.532967780393447 0.56498182556541
-0.000296516177132969 -0.0023584428801302 0.268367798581762 0.585688727033809
0.0044301956838973 -0.0117758647628612 0.458869414553857 0.0925277003527702
0.00543248613998362 -0.00309400479529744 0.254025400607193 -0.199335396438343
-0.000563297436154312 0.00615611181710909 -0.00559647407661201 -0.257922615451151
0.00671523401021668 0.0151708576787368 -0.0488523962563184 0.18595798265539
0.0130533741203811 0.00957871083632906 -0.216757880318557 0.0328923234984931
0.00200711130904954 -0.00430657608934889 -0.293249950221941 -0.269830080447274
-0.0142290955552822 -0.00939965285673313 0.133657461870046 -0.523872511426748
-0.0173333386742683 -0.00163570079048612 0.682775232244686 -0.154661290232334
-0.00765924855614086 -0.00317206028722133 0.492100349990097 0.450995386670227
-0.00491883823644554 -0.00043000001446682 0.0309882557469388 0.428314982279588
0.000885508586569005 -0.011681814588487 0.0571179644725911 -0.0152478327209966
-0.00629292699519947 -0.00789117831673248 -0.104127961606118 -0.446258361312282
1.81568412294282E-05 0.0138658613081795 -0.710735688956249 -0.187259935597304
5.87788405613972E-05 0.0207083996613367 -0.510688088546747 0.585418520889216
-0.00257594764919038 -0.00425565650023719 0.287782137328468 0.5688360586015
0.00939185531985068 -0.0119500952829009 0.45988306782826 0.0715386496750738
0.0121210669371598 -0.00202099421623258 0.251289138313418 -0.204561469707917
0.00212650092162064 0.00645427222779938 -0.0113221086554248 -0.253825989867643
0.00866844467620858 0.0133541687917651 -0.0521276145038401 0.191447454267416
0.0162385632452645 0.0108694834969981 -0.215982510304995 0.0366773567313523
0.00476765083680177 -0.00157690596410156 -0.293884760133374 -0.269538820731727
-0.0137759927636847 -0.0104217823222308 0.124713699077062 -0.528688714340148
-0.0128670172687362 -0.0027251418530832 0.678946049190805 -0.160216743244542
0.00207035682049729 0.00631753885786936 0.500885062428541 0.448837065348172
-0.00102347918625549 0.0223980137316329 0.038286937416322 0.426803749287584
-0.000494869971951689 0.0127464169735253 0.061440174070762 -0.0155594473536498
0.000544058712430312 0.0109353667725556 -0.0988560140748406 -0.446687683428029
0.010707892354236 0.0156944261747394 -0.710106946172656 -0.192003093413635
0.00177092462725277 0.0163441067216879 -0.518321334780426 0.585571277811513
-0.00240190069496809 -0.00479268604563 0.275618674399936 0.571002588797544
0.0131320583729879 -0.0115931919431321 0.461385892565883 0.0731548461707322
0.0160260312987351 -1.28498722848003E-05 0.255916659049468 -0.202095916935534
0.00350429798326917 0.00487518046709156 -0.0132454870322237 -0.24999344149292
0.0111536460865187 0.0130157520163769 -0.0529126041599617 0.195425858458707
0.0172179496703938 0.0126460347423706 -0.215293785697756 0.0484771914000239
0.00710613529210037 0.0011845386618074 -0.308503820476295 -0.257786398578706
-0.0128692134617388 -0.0113993572529455 0.0833874031904227 -0.535705403584049
-0.00710040738689611 -0.00519519908960834 0.657653821928275 -0.19650142341563
0.0112212828504505 0.013400440431835 0.525296746590415 0.418769325395847
-0.000949108332429491 0.0417972751395088 0.0583785909464732 0.430231249370665
-0.00395317374324692 0.034683577870025 0.0646496611359319 -0.00638766212051898
0.00741625175300626 0.0281119911355256 -0.0784426578325479 -0.444183459135064
0.0195314628869111 0.0157754105140816 -0.701708127163316 -0.227369634556722
0.00530609121793718 0.0120265942674211 -0.560678536676795 0.558796889524574
-0.00146913740543903 -0.0073402089996173 0.236765822181351 0.590205001368308
0.0162969209897591 -0.00944835404796667 0.458230459918154 0.0943900085610732
0.0174981743527243 0.0025024115217233 0.267444185789694 -0.192882530034343
0.00444558731157522 0.00351907732789467 -0.00906169105809116 -0.24509028549788
-0.00103296032832604 0.0100843797179289 -0.0205601378962228 0.198750558728426
-0.00658311791070059 0.00339255875013408 -0.211245130463331 0.111373039175955
-0.0170443380533648 0.00802239086762982 -0.378805945355843 -0.118331269138773
-0.00577500575726913 0.00395369276925119 -0.149377368785512 -0.489493063638124
-0.0111640925155136 0.00141564818124502 0.48930023381202 -0.452309350325539
-0.0328148758736539 -0.0159297007084972 0.649557712788672 0.167668143784822
-0.0302434162363908 -0.0325446844087897 0.17698834210804 0.44284001002892
-0.0138283171786475 -0.0522038128427818 0.0472822705870284 0.0827393676610755
-0.0267721458577866 -0.0530652366242577 0.0482930342371782 -0.397030386518301
-0.0272325967114844 -0.0193879279333299 -0.544669670254709 -0.496590410410386
-0.00239170149448355 0.00977694574073105 -0.780484343736485 0.266691821050947
0.0105204648534324 0.00383378480375449 -0.0434861738483314 0.686108021824448
-0.0100053777099523 -0.00256719148357544 0.39556483114667 0.282904786627984
-0.015442282955466 -0.00319068337346692 0.302252112939278 -0.116781967869945
-0.00339083524254472 -0.00307103166674936 0.0297504301500011 -0.256933111755102
-0.000869300829283463 0.0109009584122058 -0.0261871102606706 0.193987929475747
-0.00366545731410867 0.00327683385505977 -0.216951493177063 0.090931386705819
-0.0164149623942526 0.00354052500955131 -0.364892720168234 -0.15520717248692
-0.00886262672646105 0.00282974606467241 -0.0790275045981981 -0.509504641155593
-0.0157468797203904 0.00322588937691473 0.553030930444405 -0.391247550729803
-0.0366260918559656 -0.0194443688518441 0.624384226414727 0.24217200665995
-0.0268433386219134 -0.0414012612547753 0.137213053813138 0.446016723086756
-0.00883455352123767 -0.0613180292619852 0.0463787804279442 0.0609150453429317
-0.027788379729933 -0.0565075338877302 0.0118799979112304 -0.415086431193134
-0.0301773569779224 -0.014128829794265 -0.599327391137973 -0.4277454000148
-0.0039875513838564 0.015757753329498 -0.724397777162269 0.359904116687343
0.00686571003064908 0.00197450747712668 0.0513549443790372 0.674829189734168
-0.00826672231793293 -0.00582479457804674 0.421251960002858 0.234241986813949
-0.0111265945138605 -0.00434075020698975 0.291008109216848 -0.14241863496057
-0.00397142595143337 -0.000373310910620898 0.0219341891799533 -0.259406000609653
-0.000222200770991179 0.0130464805002328 -0.0332963140845473 0.189993435438432
0.000609113438636948 0.0033639840202277 -0.220555812023954 0.0687753636146636
-0.0127489651634436 -0.000140700570760738 -0.34532098454389 -0.196460563809541
-0.0113398622552782 0.000369924201192771 -0.00379518480870041 -0.521372998140277
-0.020949868687643 0.00226031607550647 0.612408428633536 -0.318741436872637
-0.0342104797333714 -0.0205534925510257 0.588223799343181 0.318441572228226
-0.0200631306256346 -0.043073389390089 0.0959208126291183 0.44538620738391
-0.00365911031113006 -0.0607946888158256 0.0487325058752324 0.03543420378218
-0.0276056016596144 -0.0511174923870029 -0.0274194622767279 -0.430998759629993
-0.0269420378907933 -0.00569133248802956 -0.649568089965639 -0.351461548614053
-0.00320533331380026 0.0200896179321713 -0.656574729919705 0.451823821892843
0.00486817333133825 0.00139071021450923 0.143666131125361 0.648066907632093
-0.00568230754393784 -0.00790546160591553 0.441832366286432 0.182033014911541
-0.00544759608115438 -0.00448786744190854 0.277809770414137 -0.167694883161789
-0.00276610960307671 0.00285290733701015 0.0142277037647615 -0.260658587485176
0.00141662085796262 0.0141268295739507 -0.038822647314464 0.187583183818494
0.00475174459314302 0.003839797571456 -0.22047936938341 0.0503286975069158
-0.00954806451994038 -0.0029433024618861 -0.323455746570002 -0.231283793136274
-0.0141358105498501 -0.00387715634179029 0.0667934828751474 -0.525351869164506
-0.0232562383074175 0.00248346078921852 0.654186952083956 -0.24167867492856
-0.0275138520742586 -0.0192705059929223 0.546882353515404 0.386125563153837
-0.0127764368105544 -0.0353006543317973 0.0615423279550715 0.440457787245248
-0.000211392090066182 -0.0509781700627921 0.0514056151547975 0.0108925908870412
-0.0236235900956318 -0.0392074016259565 -0.0648168951499091 -0.43953092192565
-0.0212047095821104 0.00283925467018159 -0.684315041969027 -0.277940389421202
-0.00316602398908091 0.022464472791458 -0.587989156045059 0.519148060559951
0.00184130255869339 -0.00102242130950082 0.219460503788151 0.617219116327681
-0.0009092153984859 -0.0106548382565072 0.454357594996724 0.131345578806092
0.00108772192497034 -0.00299661162211718 0.264407360591825 -0.188375570133272
-0.0019692871548768 0.0047917254694971 0.00250627380274191 -0.259847171519863
0.00441466936349214 0.0147444586088957 -0.0442483769708145 0.186268179505253
0.00935970720581055 0.00646213437766286 -0.218093861615814 0.0371556245200697
-0.00227696675820835 -0.0040398902453623 -0.304004556658555 -0.257271029286163
-0.0141987598967918 -0.00661203000978348 0.116085585016087 -0.524777839876532
-0.020807340651516 0.00103285937415245 0.678088305299584 -0.18359262918342
-0.018290850387546 -0.0132479231223181 0.513234801863701 0.430947282834917
-0.00698141914178921 -0.020007305837878 0.0386891370066045 0.434953080854326
0.00159904923221744 -0.0346137001244253 0.0548567725978163 -0.00583674252987821
-0.0175445717240109 -0.0241333711357074 -0.0911916861635036 -0.445072326984831
-0.0122353513562835 0.00911313356768103 -0.705556242317789 -0.219670918248693
-0.00120334318981117 0.0226548278772909 -0.536525472310492 0.564568545868331
0.000616077714887369 -0.0017119772309781 0.266266512532924 0.587273217833681
0.00432091624009661 -0.0122299310979833 0.460193448319694 0.0931740682294296
0.00725762886049075 -0.00358352719897266 0.255368712005784 -0.199638667428255
-0.00110484228553738 0.00607843162915886 -0.00534569208704051 -0.257937068679737
0.00683292296650001 0.0152633200866677 -0.0484925009087186 0.187217137484736
0.0127546719373112 0.0087754445623788 -0.218185820433042 0.0323467027168586
0.00159652890330431 -0.00354248361021424 -0.292383604778551 -0.27013389939119
-0.0141881134710265 -0.00976461856555375 0.137639732486867 -0.524559771915035
-0.0181789497586198 -0.000964011897972838 0.686782412031577 -0.150964781401063
-0.00791927543386488 -0.00339647627049619 0.492370077501509 0.454771749736092
-0.00389674911348158 0.000449482211276791 0.028624420096093 0.427972433543385
0.00113006149118742 -0.0109077627977867 0.0572993499610938 -0.015181706654177
-0.00735213104411062 -0.00680841355634242 -0.101371010033297 -0.447304580362019
-0.000401315092891335 0.0140728872277932 -0.711576951438649 -0.192005016288557
0.00052443143710219 0.0217497538139647 -0.514216137648411 0.58440041005662
-0.00238850259655667 -0.00362291517987729 0.286544397598287 0.572871754144767
0.00916329031439774 -0.0121461391107938 0.462227626884965 0.0736257811825593
0.0117082273328557 -0.000841276826879699 0.251982037395947 -0.206523575205442
0.000975504797901989 0.00555657245909155 -0.0108641924073073 -0.254115827581655
0.00860987038005945 0.013587403933534 -0.0535860626009341 0.191096974647482
0.0147784206299895 0.0110747956375186 -0.216481309403253 0.0346864813583927
0.00582710927996024 -0.00121304236579482 -0.294074560756291 -0.272890038978736
-0.0142175059711371 -0.0118444175340166 0.127771905447604 -0.532553182867482
-0.0129081142067177 -0.00252216127379809 0.68364732556602 -0.155445768871365
0.00275423518574928 0.00643353240814413 0.498557732298037 0.450642105857468
-0.00206653985780371 0.0238804610101384 0.0354568708774672 0.429447315893393
-0.000657663730958803 0.0124875873443988 0.0625460514203949 -0.0154063018311897
0.00176026348117653 0.0107894846428857 -0.0976218479686538 -0.447891738154831
0.0110331180797282 0.0160358983368109 -0.710984281361077 -0.19505892938872
0.00174009442536181 0.0174678080910078 -0.522985661144816 0.587614668282898
-0.00219935714525852 -0.00535058148982344 0.273787463453995 0.57477023990656
0.0124007319908486 -0.0118708828581994 0.462072132809901 0.0740081239453879
0.0152648975198176 0.000140723131322074 0.257309735993413 -0.203999440919672
0.00336533793972895 0.00447562067156062 -0.0112972009498433 -0.249157193474203
0.0106430461196874 0.0125363492140605 -0.0528551593723224 0.195588182851016
0.0165432917985079 0.0121834266614536 -0.216073899280053 0.0464982545222581
0.00709899881432491 0.000577582960046426 -0.30747732008322 -0.258740170286892
-0.0125673591158685 -0.0115170578176749 0.0879741665071539 -0.537786925686763
-0.00638201527058956 -0.00453847635369527 0.661643129972145 -0.197680772217602
0.0100799570561622 0.0147407181577493 0.52464417253337 0.422884700691108
-0.000533373196076218 0.0430156488230086 0.0549781850395428 0.431301569726095
-0.00416214509413816 0.0339159489686888 0.0650361220503247 -0.00518613349068805
0.00841878053044433 0.0270287403622383 -0.0754236895166629 -0.448158250646798
0.0195249574711856 0.0157300106711395 -0.701305724046314 -0.232552155723831
0.00510865090231804 0.0112662723096797 -0.566605393339005 0.559050357404677
-0.000815920705896879 -0.00747910367906406 0.233634588488812 0.59497195900378
0.0154741286280372 -0.00931431218520831 0.457994583494625 0.0961578486465972
0.0167579390701632 0.00199409737548141 0.268567564561164 -0.191728779859126
0.0047994137999948 0.00214569686817539 -0.00920698816547062 -0.24575812305206
-0.000555137143577127 0.010091837466703 -0.0211225885000726 0.19933146953
-0.00583998736022393 0.00331370176046447 -0.212652483338147 0.10934332764006
-0.0175787320597436 0.00761971042803934 -0.380430796096393 -0.119260259029916
-0.00589949357330949 0.00354684329187389 -0.148020561245937 -0.492779623747943
-0.0105609347444361 0.00045955688466123 0.49162933634842 -0.450905973421991
-0.0336484796170685 -0.016102128997828 0.649316090720377 0.169276339125411
-0.0293859784195897 -0.0319475592405596 0.173169549614222 0.443862597944899
-0.0134237371462101 -0.0511855282601235 0.0466469620736198 0.0830556996316351
-0.0260133092780706 -0.0517492749228702 0.0518128473125374 -0.397350244676177
-0.0266954934897262 -0.0190669886704175 -0.545385911142715 -0.501791106376753
-0.00242780860110603 0.00948946365966871 -0.785197830312638 0.267770164154974
0.0107558835010383 0.00360366411274212 -0.0458571972755423 0.689268118964634
-0.0102843164909052 -0.00192763266007888 0.397487384011968 0.28632143340472
-0.0154426917899196 -0.003675042167756 0.303618978808897 -0.116626989554437
-0.00405616140777877 -0.00316094519671323 0.0304539676686913 -0.258652744920878
-0.00119744741031334 0.0115153773299267 -0.0256697338165511 0.195270064566877
-0.00425081106727712 0.00336851454188695 -0.216847151804275 0.0896312460096616
-0.0156113172495371 0.00374125750887847 -0.365882956068615 -0.157378310373837
-0.00857975219096242 0.00275428437343249 -0.0770013308949608 -0.511688165774338
-0.0156392648851901 0.0024166377408548 0.556826881117674 -0.392166395260899
-0.0364896945953292 -0.0190961823311628 0.625732524222291 0.243653232445567
-0.0270973666317692 -0.0414508568787065 0.135277212652559 0.447277751074106
-0.00875668113247608 -0.0607024845969027 0.0464540861703163 0.0588941284685476
-0.0275702904485597 -0.056937178919899 0.0126075903655324 -0.415271358716956
-0.0306112021249845 -0.0145561617252153 -0.602742629378662 -0.43121474491553
-0.00330843005988413 0.0143923984690677 -0.729204100832401 0.360302046823144
0.00806264333382806 0.00114704179688046 0.0496265038020588 0.676993806167208
-0.00819312797020935 -0.00555926197357294 0.42380843773527 0.237554975546617
-0.010632264595142 -0.00384441633333356 0.291689910051927 -0.144025671882754
-0.00394262189267822 -0.000457409227720557 0.0232674119690804 -0.260902581992772
-0.000538397987956393 0.0124852418885663 -0.0330195879246907 0.191888173380282
-8.02052961893299E-06 0.00397717528694616 -0.221264117220604 0.0679315173852455
-0.0125788728881455 2.09780609027472E-05 -0.34711904828086 -0.19815712205115
-0.01155582683386 8.6060756630247E-05 -0.000159549428441258 -0.524247423367723
-0.0205507284254542 0.00304619063968467 0.61576126566438 -0.317296501351305
-0.0348077471182539 -0.0212393508199508 0.590233682368286 0.321386405880555
-0.0204141781020941 -0.043381520950153 0.0942730891844126 0.445818810186371
-0.00297352172009514 -0.0613408261839824 0.0476279652735156 0.0346900681744886
-0.0271595130717294 -0.0520178543108945 -0.0269424165212549 -0.431468305011211
-0.0285007266787393 -0.00541533210704175 -0.651379629917414 -0.355860834257993
-0.00358515282269903 0.0192440451958851 -0.660216029392069 0.449804739199377
0.00472077660260604 0.00150014552333598 0.143223495279623 0.652074372070944
-0.00503669737097605 -0.00754568278156911 0.444183025781246 0.183042545545028
-0.00472268717594051 -0.00468705809702318 0.278249923916966 -0.16767771334947
-0.00208578093353238 0.00257418995984873 0.0137365782348571 -0.26289365435416
0.000859784637686429 0.0141853659891788 -0.0386698671656435 0.189059211305354
0.00477420128580036 0.00449931785600014 -0.221543541970195 0.0489893821865053
-0.00783706256098501 -0.00359682476415001 -0.32378318059029 -0.233052985240476
-0.0134339570330884 -0.00364820826177108 0.0676731007444979 -0.527352582438173
-0.0236393227336616 0.0021118014311367 0.658290200286182 -0.242088653059254
-0.0275759878265393 -0.0199454539637401 0.54695877750003 0.388683548904624
-0.0135445128160907 -0.0355047160592921 0.0586065604444197 0.441700937218557
8.39440314693537E-05 -0.0512274676300909 0.0508773304952466 0.0117800499054484
-0.023881911795161 -0.0404851425749504 -0.0620269059509026 -0.442645538268728
-0.0218478383835335 0.00283909993742522 -0.686897775103314 -0.281672451847708
-0.00206485320795601 0.0232461462364746 -0.592872718550889 0.520827628449738
0.00191917909671152 -0.000461766484198593 0.219618337095513 0.620367181730633
-0.00170271168419328 -0.0106098618310499 0.456916264293779 0.134197431754276
0.00160464632056226 -0.00393883120474054 0.26635183133967 -0.187639887779448
-0.0015062952919121 0.00444647484690888 0.00318331849490086 -0.261525326081274
0.00402761485645379 0.0153751597373607 -0.0436133000756194 0.186552345367357
0.00941414924142251 0.0067801177194932 -0.22054102520709 0.0365131075427327
-0.00368026568820941 -0.00483807153786658 -0.303510529126578 -0.25887856495362
-0.0143529161295631 -0.00633913529000015 0.11776900307811 -0.525915719044346
-0.0223910705175243 0.000379522008000598 0.682275980124242 -0.180384769809242
-0.0181945629356992 -0.0135533751483177 0.51332691459262 0.434892618769461
-0.00730147700147983 -0.0200561448566898 0.0345858056958369 0.434445369320953
0.00254096425201032 -0.0343982267163569 0.0537317676735782 -0.00593192568150352
-0.016980555071579 -0.0248935141227814 -0.0869543241775144 -0.44865779904302
-0.0120778224618281 0.00925075945122637 -0.706067305614818 -0.224488674213987
-0.00169549744876034 0.0230816486598521 -0.541524155803839 0.56618931215524
-0.00117801462448142 -0.00297246135752136 0.265319193094263 0.592073014351761
0.00456500317994289 -0.0116823300535592 0.462603230140567 0.0950417390717044
0.00567759875838006 -0.00193621458198379 0.257430225010486 -0.201439066856752
7.37172752371946E-05 0.00565725980145667 -0.00441159146962052 -0.259456252612738
0.00639541872424486 0.01430947994815 -0.049338286752264 0.188950255183595
0.0137879446270556 0.0096223278184683 -0.218779959692181 0.0304952988852781
0.00137976805973057 -0.0038086133567145 -0.293061699580142 -0.273474723727959
-0.0142027862113967 -0.00962915946457484 0.138984647965073 -0.527949502942267
-0.0184839386948462 -0.00119886700678798 0.690374381629008 -0.149406901809402
-0.00819845695479707 -0.00507021037374878 0.495274305233949 0.458398797858802
-0.00296647437794779 0.000857960126278253 0.0268740373545418 0.430548777468677
0.00150310896096237 -0.011191788289298 0.0572580360471476 -0.0150674636070462
-0.00693634160144079 -0.00697457575890471 -0.0995286184642669 -0.449594207530848
-0.000469499026121739 0.0132980891968821 -0.714968628149495 -0.196245834006444
-0.000352653235366382 0.0213540293837403 -0.519454969841677 0.586116146016447
-0.00165889621575064 -0.00432869883443066 0.287774340195369 0.57413074375568
0.00872300448628081 -0.012658275984202 0.46371033900936 0.0747413557905208
0.0118595817768809 -0.00178679754691154 0.254947121098574 -0.207453320022551
0.000223091226098485 0.00502223084364486 -0.0100945356271797 -0.256673229104909
0.00906732625465733 0.0134993010292368 -0.0525878237689017 0.192538110787277
0.015327050172146 0.0112145776024313 -0.217909434341614 0.0337763718369253
0.00536333813212157 -0.00238348434499186 -0.294665368915431 -0.274177698249852
-0.0137439211969243 -0.0119646453147908 0.13155202469696 -0.533569432075246
-0.013010892124265 -0.00191416413479623 0.686661820328979 -0.154053909180494
0.00162206980284997 0.0059492349455026 0.499115144577976 0.455717066449145
-0.00123934787336631 0.0234843530901824 0.0337186354044694 0.431168908909485
-0.000180049060192299 0.0122109243603194 0.0613738806670691 -0.0160448190299148
0.00145692660380503 0.0112804454175881 -0.0960128900575928 -0.4520909995856
0.0102106153245467 0.0154558109297848 -0.713430820787613 -0.199370689917559
0.00186138750862691 0.0172326296506009 -0.529343709635725 0.587000371181488
-0.00238788926377672 -0.00584603331910695 0.273404021829428 0.579533803644057
0.0137895437855172 -0.0115636318598683 0.46294583725549 0.0758055659530465
0.0160015729014415 7.2093274576386E-05 0.259058149825939 -0.203859912056461
0.00279282299006525 0.00455526402472556 -0.0114942019106018 -0.253373583608802
0.0103229352767475 0.0128600250554538 -0.0540030426119534 0.196584710926059
0.0169036958373047 0.0126374411463051 -0.216789147887436 0.0458046804931363
0.00734782954131798 0.00142280481662209 -0.30840154739599 -0.260181677364986
-0.0116524679392308 -0.0128622447265117 0.0899458977607907 -0.540335785350394
-0.00770687146486632 -0.00542682328480014 0.665442199556626 -0.194672329065489
0.0106523893489439 0.0148898164543868 0.526494808032982 0.425492861467469
-0.000405815091583759 0.0441441521569406 0.0538080892425351 0.430973062892491
-0.00463227506090568 0.0348447079995029 0.0656542749919489 -0.0047735840280683
0.00883051101569595 0.0266436317443663 -0.0737395069186189 -0.450174784846914
0.019803534524991 0.0176216065262274 -0.703755772628686 -0.237765448858325
0.00578986873393387 0.0105499711290716 -0.570090159681061 0.560223125320425
-0.00064977406503446 -0.0062244751299951 0.233799098519437 0.598551559718944
0.0158023052843451 -0.0099599728536918 0.460888696186645 0.0972840179012246
0.0166771906162656 0.00220052171327627 0.270235992102023 -0.193317557417144
0.0049135586872512 0.00284196837050802 -0.00990154514570011 -0.247297334570392
-0.000936997713349605 0.00913711989395076 -0.0197397100011879 0.201854367369523
-0.00677317444717893 0.00351910179898716 -0.212425503593398 0.109810789133852
-0.0179596497589397 0.00818451519010863 -0.382484635502845 -0.120643439292929
-0.00643480182074957 0.00328618983604044 -0.148200824570236 -0.49315663687208
-0.0107481253824773 -7.83794105435782E-06 0.496432296243621 -0.451988904318802
-0.0342338188706986 -0.016646178798987 0.653636673052137 0.172541949165535
-0.0303358509854052 -0.0322992800868784 0.173043012530842 0.447372225368653
-0.013515873471855 -0.0524281124687494 0.047173205870572 0.0841838988274265
-0.0269359342568462 -0.0534879555971677 0.054688466171831 -0.399390150679221
-0.0280596170192598 -0.0190364724997663 -0.549098586454505 -0.504671344371068
-0.00234274059006972 0.009844435799131 -0.790189548421577 0.264391927931136
0.0114604762646338 0.00332862870637642 -0.0456401708664198 0.693406896889616
-0.0101059692788602 -0.00244935271364196 0.39932009092957 0.287905479205367
-0.0153418546316999 -0.00400501157178644 0.305283140256227 -0.11862150795283
-0.00363816182202773 -0.00326352357540833 0.0305155879077817 -0.260912798010016
-0.000898369416292992 0.0115019414222571 -0.0255931432645425 0.195990522062926
-0.0039506242689665 0.00351959981335284 -0.218376932005443 0.0890265366661971
-0.0156547816741556 0.00370996842148449 -0.367790181418731 -0.159053647935535
-0.00861115685911336 0.00215546138529567 -0.0760065479204214 -0.513751479245258
-0.0165490965191222 0.00273123760279862 0.560558873031724 -0.392412002957456
-0.0368490100608926 -0.0193926743343258 0.628082757682956 0.247551008142564
-0.0264066272368199 -0.0420037890216445 0.133728487290118 0.449144576904708
-0.00883611164246489 -0.0613287905300328 0.0470441930659874 0.0608037840276323
-0.0281938914510419 -0.0574936255615198 0.0149998102222933 -0.417920625204934
-0.0302417797466143 -0.0143630132873692 -0.603376963296484 -0.437489928602582
-0.00284750052829768 0.0149555606653701 -0.733429837233494 0.36134823836747
0.00790913656647376 0.00239548603481216 0.0493953818099339 0.680622328809115
-0.008883717561912 -0.00566013522214896 0.424305717479076 0.240462388002018
-0.0114499615372777 -0.00393989649235516 0.293971598274977 -0.144093598662223
-0.00362700458374896 -1.57423341948845E-05 0.0231287320218853 -0.26360596465074
-0.000754766877522377 0.0135721135157102 -0.0316097927286411 0.192511515073147
4.17043881455635E-05 0.00336105531336388 -0.221827501803446 0.0683816301260977
-0.0128377979473526 -0.000358166001348902 -0.347899113151108 -0.199871544674338
-0.0113104480696025 -0.000506425752557036 0.000673237134816314 -0.526361656845413
-0.0217296564540147 0.00277073905345702 0.619076381811419 -0.317473599679945
-0.0341699918302339 -0.0215963846776945 0.590588872904539 0.324161508786089
-0.0203987922275501 -0.042755884018431 0.0911245360723905 0.4470763260018
-0.00309089932666875 -0.0608981858550421 0.0488551562247934 0.0354421061847192
-0.027130834831493 -0.0515529196803051 -0.0234376994666326 -0.43343382943587
-0.028023430919002 -0.00681128587844838 -0.65385379592072 -0.359748739238877
-0.0029517931223781 0.0195314641442627 -0.665001208287549 0.450226980818811
0.00465598402255064 0.000742856389748007 0.142271918147829 0.657748590362185
-0.00657126811406291 -0.00776215209474173 0.446391538181513 0.184211501043211
-0.00568953429298583 -0.00440268586865664 0.280642393318966 -0.168910632609513
-0.00337147147594946 0.00181361823381145 0.0132775220074696 -0.264435489475667
0.000965982301496109 0.0144935014742407 -0.038611333147067 0.189387374014758
0.00463149316021087 0.00446495844532389 -0.223512611471569 0.0477050576518511
-0.00858482348129056 -0.0037605232858582 -0.324566673187522 -0.234382789674905
-0.0133369318509142 -0.00343703451003874 0.0704444599441468 -0.529390369512688
-0.0237869850424779 0.00159761612040181 0.661572040195591 -0.241459104377206
-0.0273911880747212 -0.0197014950627193 0.54826518897756 0.39187632749806
-0.0138392958990472 -0.0351792434721408 0.0583767783376339 0.443782632904907
-0.000983974092647866 -0.051216371519427 0.0517130882181678 0.012239120767857
-0.0236151116428666 -0.0403015576830299 -0.0609484104935862 -0.44395105189112
-0.0211297218167931 0.00201278737941225 -0.689381393722559 -0.284141337949994
-0.00221500413981426 0.0234728742560137 -0.598154258452884 0.520563265405022
0.00185168908983322 -0.000386699484632229 0.218446556267341 0.626081182825415
-0.00063706923559313 -0.0114382545106632 0.459731323689259 0.135640517262722
0.000988923430901087 -0.00377237736847231 0.26830115166526 -0.190096109821133
-0.00205784767224155 0.00395360393782128 0.00418449183635687 -0.265603252380234
0.00304212121535111 0.0147502781646178 -0.0440976275529594 0.188794908345651
0.00900070283088773 0.00571628111633428 -0.220942173800344 0.0354155040758891
-0.00275994026783253 -0.00517046953594938 -0.305883969835307 -0.260780596381435
-0.0141450346047429 -0.00660363561008384 0.121113730871893 -0.530231515532536
-0.0223245223940975 0.000118938518128655 0.686329715303394 -0.180172144784568
-0.0178939007036369 -0.0142645660744458 0.513105330723994 0.439351775127662
-0.00679763410217484 -0.0189293891285197 0.0330061631616937 0.436609398008857
0.00172515296556504 -0.0344130009848133 0.0546629803505541 -0.00514985490429736
-0.0157776937665675 -0.0259890454389897 -0.0869920802439577 -0.450968635027598
-0.0119613321294365 0.00953672352323975 -0.709811350637396 -0.22557929740157
-0.00250849315648762 0.0236705337649066 -0.54673407434785 0.568396636277688
-0.000770975026768757 -0.00201990085573581 0.265969401585913 0.59721926957888
0.00424051272925984 -0.0119299806230313 0.463910541098194 0.0967725754088444
0.00724034886717502 -0.00246884390040422 0.259885248786395 -0.202906546434162
-0.000603938388920762 0.00495679849798138 -0.00545695584265038 -0.26257994792314
0.00561646018806325 0.014303851795689 -0.0485493712843032 0.190468499137789
0.0129385587303927 0.00927238397380019 -0.21978500959669 0.0308529054798365
0.00152291633524373 -0.00406046518933492 -0.295393274819535 -0.274709419200387
-0.0138815784458723 -0.0100839651290356 0.141089471589036 -0.529102678070031
-0.018234325505469 -0.00110334030737932 0.694474719123721 -0.147941388127319
-0.00808054289995954 -0.00459532992196109 0.49369092600928 0.46085266562188
-0.00326202476820088 0.00125886209692254 0.0255682558530362 0.430676467620574
0.00103553930038566 -0.0119119396769601 0.0594492043912585 -0.0154700704260685
-0.00735380458423913 -0.00759999196721499 -0.0969064603934316 -0.451775137920534
-0.00111979446747666 0.0136883909845463 -0.717337085358803 -0.19878987140977
2.78593129125169E-05 0.0209050209248595 -0.522808324591625 0.585966205260541
-0.000985266094274903 -0.00317991058667231 0.287668976519208 0.579187933457768
0.00941894160229532 -0.0131531659692846 0.466733275749107 0.0771626881095572
0.0123581645769052 -0.00128689815937429 0.256677794273567 -0.207997204905582
0.00148848964637705 0.00634441781457689 -0.00964345482407031 -0.258572635445931
0.00886482890496808 0.0142552281037193 -0.0529688020565499 0.192975604566811
0.0154299784752662 0.0107541495322219 -0.218830638621258 0.0335013052969352
0.00545129284109162 -0.00167865328478149 -0.296027540676716 -0.276759657566804
-0.0132215765835317 -0.0126933003666228 0.134077702623137 -0.535902299262434
-0.0139536683777758 -0.00268419246443002 0.689359126293826 -0.154480465402352
0.00142577998961764 0.00587272010735005 0.500233627782025 0.458880440956599
-0.00156457266047465 0.0237967797461791 0.0310978549769445 0.430804547995172
-0.00125892704925504 0.0126617058903242 0.0630319639016756 -0.0149428215920294
0.00138743204771103 0.00963491157690164 -0.0937362638104815 -0.454008854420611
0.010548169670442 0.0149221541992173 -0.716778683899661 -0.200371001221203
0.00215418240129363 0.0175237664024758 -0.532449062195027 0.588667884315565
-0.00225208126698369 -0.00552444441435227 0.274719547326567 0.583564577269791
0.0129186181851641 -0.0121042253335394 0.467058115125807 0.0771265339943093
0.0154606660917155 -7.69651318335948E-05 0.260542177264029 -0.204945561567541
0.0030841191617842 0.00334036208523633 -0.0109750096025322 -0.253710496774653
0.0101117339127659 0.0127693631996752 -0.0541793941944953 0.198290011833344
0.0158328592582817 0.0122169847842551 -0.218225548722453 0.0458325864986374
0.00684718890963256 0.000821082236726061 -0.309889633689894 -0.261501857282392
-0.0125401916874128 -0.0127437722803993 0.0910072183845639 -0.542206021995472
-0.00768633958844134 -0.00553831677548152 0.668250491722177 -0.194312379969007
0.01061369445982 0.0144763070415536 0.526515482379981 0.428151076736727
-0.000225869587715325 0.0447493963908355 0.0523437257269491 0.433223331248078
-0.00511439379995303 0.0349511443029119 0.0653385384728605 -0.00526665793512636
0.00837993139953692 0.0264893182979456 -0.0716690087319002 -0.453984886520381
0.0211639323566958 0.0164551684595507 -0.705800300285167 -0.237068281478407
0.00541390949720815 0.0122232370375714 -0.57560145448433 0.563577452388387
-0.000604583985198627 -0.00720488479710099 0.237054278659848 0.602232917003974
0.0158163566141921 -0.010159802600127 0.464874828402078 0.0980562557341073
0.0177555938142377 0.00186017149165546 0.271124549155598 -0.193550240847766
0.0044111101546057 0.00239748126950484 -0.00839387150027746 -0.249619263509175
-0.00109524824673556 0.00887104321680794 -0.0203792284588757 0.20316416067126
-0.00712733543440593 0.0024113487904406 -0.213802767181145 0.110650035136232
-0.0166661937554268 0.00873788863094628 -0.384785605902421 -0.120684960117692
-0.00573682485552362 0.00432504641724945 -0.149197170300104 -0.49833964924975
-0.0107719692028128 -0.00098592925760641 0.50034783525677 -0.454134957842214
-0.0340324615673856 -0.0178887009569399 0.655642231583752 0.172985224373104
-0.0301365320027192 -0.030570538542232 0.173692606190276 0.448809546532178
-0.0138466780867319 -0.0525686068257402 0.0470810304316909 0.0836141496097036
-0.0261911453420254 -0.053105866533537 0.0565493435692949 -0.401251017815919
-0.0275399176282643 -0.0199431684098771 -0.54809526054133 -0.511598694709319
-0.00113445774959276 0.0110976674193649 -0.797634092914497 0.266879466607501
0.0118101511393249 0.00355371249811402 -0.0476081951668665 0.698319605670375
-0.0105966327811117 -0.00272985703525382 0.40155468090183 0.288530637258234
-0.0147143430181053 -0.00402116902337032 0.308205928055463 -0.119718900863611
-0.00436091971325345 -0.00353280493753402 0.0308661625254104 -0.262578587926652
-0.00184510821445788 0.011253162207822 -0.0259294612746861 0.19762882108666
-0.00422445991141695 0.00225965929156803 -0.22068246070735 0.0894688754201784
-0.0161785225408706 0.00299983125106907 -0.370862027819905 -0.159248747911476
-0.00813707507665924 0.00228627210255245 -0.0769229456266784 -0.516479727457751
-0.016819108972416 0.00254632423986819 0.564967158412612 -0.393121773700471
-0.0368659570650977 -0.0209910123963985 0.628649709258153 0.2481960131376
-0.0277402131779965 -0.0404881692844395 0.134312341593775 0.451958480403392
-0.00750353868005729 -0.0617498367020333 0.0469963199828474 0.0603583911600584
-0.0290598284257733 -0.0563058961774588 0.0182153552009792 -0.420496899710407
-0.0313140349286458 -0.014753612479745 -0.607013020516867 -0.43971043257635
-0.00282246160563881 0.0144426598291006 -0.739375543338884 0.362245738449472
0.0081012278505698 0.00237461042189677 0.0481657958689446 0.686071117265381
-0.00969915022920754 -0.00591893535466234 0.427724274004807 0.241442239582307
-0.0106261699124001 -0.00439448657205618 0.295688399489829 -0.14530199026778
-0.00355551499036901 -0.00133650575696151 0.0240449739407456 -0.264964970981173
-0.000452153226799012 0.0122978803258659 -0.0318005804888126 0.19492029866219
4.47055517128906E-05 0.00344703456592018 -0.223154350235229 0.0676838512935806
-0.0136370987141071 0.000667076080565888 -0.349933213651994 -0.201196125468772
-0.0111406281848646 -0.000249648856367237 0.000163924134065272 -0.528890031886214
-0.0216787752399036 0.00175928551372999 0.622815620002516 -0.318509037803169
-0.0342645946244844 -0.0217352441781334 0.592062986723599 0.327187681491811
-0.0213108464952851 -0.0418795376247646 0.0920846553799694 0.450389848399037
-0.00334108172457955 -0.0619209219852846 0.0492937267380131 0.0341688026730083
-0.026979841613981 -0.0520741688297233 -0.0225032915131478 -0.437916503507337
-0.0288969427646351 -0.00619241088700626 -0.65712200267812 -0.362017262453986
-0.00390181020353157 0.0198065009329225 -0.670802457132999 0.453336248405326
0.00369317455532554 0.00188873500650723 0.142623751797023 0.661481531601134
-0.00609596159998631 -0.00900893293851245 0.448681924056142 0.185507345240812
-0.00468723042407493 -0.00411631878470246 0.282535464905474 -0.170956052518331
-0.0041598906441635 0.00301391295156843 0.0136704946464021 -0.26699828274374
0.00148902068275789 0.0139727191142 -0.0383707453715164 0.191594286915359
0.00375609791651101 0.00502296574943974 -0.224274032066777 0.0486250038272543
-0.00900832069730333 -0.00361735302590537 -0.327966593273092 -0.235009845720629
-0.0138881587129625 -0.00392864361842256 0.0713812916042852 -0.532136725325739
-0.0235094587765533 0.00239408298094875 0.667467825363076 -0.244455201744962
-0.0278510763415974 -0.0207648310900694 0.549759118612362 0.39556293896285
-0.0133525670321148 -0.0357507180269464 0.0566498714328609 0.444404225206012
-0.000532473028907755 -0.0516118859345194 0.0511482228780485 0.0117276214810723
-0.0238813438962847 -0.0416065185867623 -0.058090454362553 -0.446674004746428
-0.021983955809733 0.00250605465747892 -0.693887182762796 -0.285345393237468
-0.00263352932745338 0.0231943065480711 -0.602686305245222 0.523196153694361
0.00223356928899366 -0.000314847423755291 0.217869811395825 0.629059069963285
-0.000607993825903116 -0.0105538046571328 0.461968253688334 0.135774218029231
0.000955319450267795 -0.00265706447233961 0.269905893002673 -0.19080541711346
-0.000920809451337793 0.00417599711810599 0.00342640378861113 -0.265320697444941
0.00266300052077388 0.0144540378233646 -0.044202590927393 0.190265990702589
0.00940186254815186 0.0067479563976544 -0.22369647427718 0.0357555778817509
-0.00330105190116454 -0.00484445844409613 -0.307866440718537 -0.262006943413476
-0.0139743373384393 -0.00737247726031256 0.122262233480694 -0.531067181531747
-0.0229856069240756 0.000414416801026276 0.690706119470452 -0.181365360526473
-0.0182847751454913 -0.0144774105849329 0.514989324515185 0.440752271452641
-0.00736576757631543 -0.0193531514431142 0.0322064176918078 0.44070213732271
0.000856608354191612 -0.0350417664697498 0.055220621687371 -0.00601452054090091
-0.0161902699291649 -0.0265394216003918 -0.085637484491375 -0.454096964666863
-0.0121344920033231 0.00995912196289226 -0.712143372579461 -0.228571945493004
-0.000633628692331143 0.0230461053070809 -0.549918848411817 0.571217324578307
-0.000885318095411737 -0.00131813180314776 0.265880313118168 0.600306960942251
0.00429084821570393 -0.0129124141794505 0.465551379016476 0.0984168127207548
0.00747880551832759 -0.00268990822192494 0.261043385174606 -0.205372558169469
-0.000164750532872995 0.00632841635201795 -0.00472751781547364 -0.26326745087736
0.00559418242358206 0.0135325489313877 -0.0479011285704685 0.1924827876317
0.0128075740731816 0.00932365593917403 -0.220826157215391 0.0299509509909284
0.00153106685614748 -0.00465403145233817 -0.296687024818532 -0.276504234171226
-0.0149148229431219 -0.0105368557506639 0.1425587822302 -0.531893272699978
-0.0185096183782822 -0.00126861393038504 0.697457480757162 -0.150183912152667
-0.00776057250116239 -0.00405687716635832 0.494901910783408 0.46585480640191
-0.00381638829384483 0.0019350037265547 0.0246679600670498 0.434010429888711
0.00171614146679082 -0.0122207980591164 0.0596087563699084 -0.0141707146811478
-0.00761520157835285 -0.00805045636485973 -0.0963021254695751 -0.454909482325982
-0.000878097469929678 0.0129643460202672 -0.721413080567919 -0.201756918765307
0.000242028102527787 0.0216680178744774 -0.528662386826931 0.59078021348622
-0.00154126332041229 -0.00447602500568627 0.287430815340252 0.582900540506972
0.00877302376589175 -0.0129215056332006 0.469378041012574 0.0765619821973575
0.0114656533949388 -0.000869977344821126 0.257607725494022 -0.210012426829537
0.00207699886054046 0.00496737307080163 -0.00994531046891774 -0.259829499740863
0.00876910210030214 0.0142715134445267 -0.0520616997039761 0.19545182902408
0.0158068935060496 0.0112159567514348 -0.220277716683098 0.0333088260110664
0.00475085384131978 -0.00287046138155901 -0.297844107026392 -0.277574769912546
-0.0139374768901383 -0.0121232864314053 0.135180638603076 -0.539065847917662
-0.012920253725362 -0.00284406882189857 0.695159039048841 -0.154063036331507
0.00183417335027885 0.00632318193038654 0.501372010807338 0.464117738595839
-0.0023592733779273 0.0258121818310521 0.0301277504000979 0.43483960783618
-0.00093138040825464 0.0126654033424287 0.0624064113555852 -0.0170268808990455
0.00101814960845228 0.010010939142064 -0.0930846696398768 -0.456517224296832
0.00960110637921243 0.0149096276468099 -0.72084287181839 -0.203192628762349
0.0020036445555366 0.0165755318936657 -0.536759878449804 0.592860113349742
-0.00230693250507284 -0.00587675837223004 0.277777335189751 0.587382219606788
0.01292305820855 -0.0119929973701586 0.469869139198201 0.077283038022014
0.0170678714166895 0.000727637968270836 0.262785227222241 -0.206346834551202
0.0031538409874455 0.00470913049162098 -0.0115137293019235 -0.2549835092828
0.0110955542047688 0.0129468095455919 -0.0530078902435874 0.199656211347829
0.0160378083188746 0.0132355120690869 -0.219282469447146 0.0442414613035627
0.00772751990948023 0.00133165695666907 -0.311534854058714 -0.263891017326325
-0.0126602276062066 -0.0127728475962329 0.0937568394286123 -0.547686410210637
-0.00736877339659663 -0.00559238661881141 0.67340968526903 -0.195767014245396
0.00965560509271647 0.0153892313626797 0.529767131927305 0.432218812723892
3.66290683914338E-05 0.0455799821971246 0.0515051678812858 0.437496757758643
-0.00502766797707732 0.0356849024070446 0.0670083170257387 -0.00628783705865962
0.00746741802037821 0.0271692331835342 -0.0702680301392044 -0.454392900855444
0.020453201148664 0.0169299743768389 -0.708373346041213 -0.241269333660476
0.00616064021855771 0.0122123120340182 -0.579517463112292 0.567111515714496
-0.000572937192905146 -0.00698806963080127 0.235907525415264 0.606096385579181
0.0152171935311393 -0.00835205201633709 0.467054512934277 0.100288681955876
0.0180199181892594 0.00219456547151908 0.272982709289261 -0.197104736470611
0.00423529848544583 0.00311567079499704 -0.00976582024545145 -0.250942831726527
-0.000550540208017306 0.00950148114683241 -0.0182947307394264 0.205813411710162
-0.00678851442308309 0.00304756324137716 -0.21430158065729 0.111351167687445
-0.0173771656335113 0.00754376637555063 -0.38774364621044 -0.121272682339363
-0.00542265157503453 0.00320025426350922 -0.149427756809625 -0.499591446099388
-0.0104051737183632 -0.000547246719352881 0.501813021001129 -0.458142364090304
-0.0342030401123727 -0.0169904649694107 0.659575910410213 0.172933497730017
-0.0312238090519468 -0.0323216940165523 0.174689519239277 0.451709398980759
-0.013730705591114 -0.0531017356487313 0.0489654256573774 0.0842045589079648
-0.0270821932783846 -0.0537647856514744 0.0570235873960222 -0.404357262605766
-0.0288303495013847 -0.0193610687527406 -0.553478039745131 -0.512512698711732
-0.00236476213291353 0.0101573426252341 -0.800171853545859 0.270231637927677
0.0104118312602182 0.00356131621893245 -0.047398622141917 0.703360704195043
-0.0109399234794927 -0.00279257873641264 0.404096123588268 0.291170461040619
-0.015425681047965 -0.00390733317447255 0.309511375015823 -0.121672050042249
-0.00416001140377468 -0.00428660591621344 0.0305363094979887 -0.264415844137007
-0.0013773726730306 0.010824950500975 -0.0243337912406793 0.199741899064048
-0.00395436965091405 0.00396593562956656 -0.221040601142226 0.0889191557420169
-0.0162249291905769 0.00435154103196153 -0.373511755730214 -0.159015570519525
-0.00716401391980706 0.00282646424946128 -0.076031156882025 -0.519087308551885
-0.0165685812179251 0.00315095654284469 0.566055525216987 -0.396880451757206
-0.0377634158414889 -0.019855588474842 0.633394267702967 0.249739672219245
-0.0277185842356782 -0.039943648605307 0.134947263274648 0.454690440043775
-0.00857252452067199 -0.0619282264043023 0.0479152843277173 0.0596962634795296
-0.0286906562669327 -0.0578411956818965 0.0183552225081707 -0.422226163269597
-0.0312296835955968 -0.0145597860285063 -0.609480101615209 -0.443153711295021
-0.00339475227726721 0.0155054987970283 -0.745682583687032 0.364716049801907
0.0089338123347248 0.00255909602417249 0.0500332627528322 0.691438690239221
-0.00876231547767419 -0.00584699848573745 0.4310909600612 0.241156268583871
-0.0112932092898126 -0.00410954633116391 0.297928705746948 -0.147179048024973
-0.00454517168153203 -0.00141512855324715 0.0236202536798365 -0.268538401832234
0.000545078656415792 0.0123836282338881 -0.0311288493588389 0.196679384545732
-0.00115826889233945 0.00369725070917348 -0.225511044450066 0.0681762403036301
-0.0128777092797211 -0.000185502674159668 -0.353094007404015 -0.200582147080046
-0.0108531820507301 -0.00045281504403428 0.00151387945563815 -0.532477529420047
-0.0216960523337835 0.00339655190361226 0.626626609402014 -0.321197064188272
-0.0347840999176574 -0.0220904513840505 0.594658272149299 0.327972148588945
-0.0216902422855901 -0.0413387866390739 0.0917438117802614 0.451533938155087
-0.00376236237813621 -0.0616267175660414 0.0502489927346779 0.034782008424072
-0.0279318815995701 -0.0533056311949722 -0.0231171604809251 -0.439708601398209
-0.0289896321697452 -0.0058821627698501 -0.660026754582639 -0.36416499690325
-0.00271083914953325 0.0201221271591561 -0.675748109811826 0.456979682121771
0.00488974277459145 0.00145168964241694 0.144904172083188 0.666990871171341
-0.00576552215844546 -0.00877094055770391 0.451772273672995 0.18540249785423
-0.00547290132763655 -0.00464652408038716 0.28344927454603 -0.173350077432503
-0.00316509547834043 0.0017957439917121 0.0126249442691061 -0.270279213513991
0.00124503974388762 0.0137641825585274 -0.036887566751862 0.194087967332697
0.00419789098654445 0.00468829236470968 -0.225781835290046 0.0482004524535432
-0.00773935577588524 -0.00290508590677246 -0.330364006334545 -0.237187473457969
-0.013025817359517 -0.00386401829005111 0.072397968896558 -0.534798036240286
-0.0243308362865964 0.0018439096611236 0.670506300275943 -0.24478348417656
-0.0282926263578411 -0.020952889032211 0.554286260705284 0.396720509542162
-0.013103202075393 -0.0346068638375086 0.0556233229762851 0.447436172944935
-0.000612556163557639 -0.052664397411737 0.0523181645419708 0.0124730919362475
-0.0250976465609082 -0.0416237011816733 -0.0583999388995879 -0.449813008365618
-0.021890748004777 0.00249105395983308 -0.697364058505921 -0.288160177542257
-0.00239728981811439 0.0226282163291135 -0.606184620425915 0.530033093369623
0.00240437708983826 -0.000881626241969795 0.221117663047358 0.633472082704861
-0.00157207042679592 -0.0115175106084254 0.464388298030685 0.135309427045733
0.000424623556102132 -0.00324115358438581 0.27118826679548 -0.193083262183119
-0.0019321110518214 0.0038650819469684 0.00321461821589095 -0.267844587417736
0.00348972917864073 0.0146500071708862 -0.0431303200452349 0.192364814024669
0.00926060242230541 0.00677290696166191 -0.223591791618142 0.0353961181266149
-0.00297131559970102 -0.00490764225738585 -0.310323688133054 -0.263570761504395
-0.0140678460930131 -0.00719857911825241 0.123559231065285 -0.533992651413925
-0.0226861681776081 0.000162400157287938 0.696308121559818 -0.181845995990455
-0.0192681823480089 -0.0146487903337293 0.518186415405254 0.443005771481479
-0.0070669385495542 -0.0183992466816212 0.0314849162533507 0.441457227932655
0.002224035239732 -0.0348365468218768 0.0553235019480735 -0.00635906080271109
-0.0174319627328358 -0.0252615355206099 -0.0852654458674902 -0.456689341042828
-0.01174773373007 0.00990566470304026 -0.718420663836865 -0.23048216721411
-0.00182155837675147 0.0231797379832445 -0.55222264061561 0.576198529763466
-0.0011716441779631 -0.00133859416634806 0.270497272707578 0.604269164790283
0.00330877998532628 -0.0128206288834014 0.470424745106854 0.0982257161458966
0.00792347823750867 -0.00200207014913798 0.261633028532059 -0.20662404957591
-0.000213517744106584 0.00533082846148677 -0.0043545960471664 -0.266232637619493
0.00559620599096303 0.0150180717870948 -0.0482442022697334 0.193564369405177
0.0132828738084411 0.00972406403048986 -0.222415675205228 0.0297634038215698
0.00146796458661475 -0.00373662619951759 -0.298045696257814 -0.276836130183215
-0.014745784898571 -0.0108603946065885 0.143344114424316 -0.537315393156316
-0.0194904792124211 0.00020723118030796 0.702640320445797 -0.14982319711174
-0.00923938955309558 -0.00393422483482678 0.498041038085972 0.467173407560279
-0.00333612928898059 0.00314048802637154 0.0234732917417675 0.436030016122115
0.00207873337657999 -0.01172726156749 0.0592437360277765 -0.0162922221908328
-0.00835011216649582 -0.00759440343641199 -0.0968004609183992 -0.459235804396193
-0.00104613250811209 0.0142702097245185 -0.724467390954492 -0.201779063483683
0.000131080632924951 0.0213042997064986 -0.529073453259475 0.595651340100527
-0.00214104751079165 -0.00284412434771693 0.290304905580375 0.588664465428985
0.00870520832157348 -0.0133466854753817 0.473191215557754 0.077383823126564
0.0128118234773593 -0.00184193115387397 0.258297195517876 -0.210740842894161
0.00175741554773992 0.00478047973580682 -0.0106903412340888 -0.261815594588064
0.00843225701166806 0.0134742714721113 -0.0520121910706005 0.197040166868281
0.0149429704796125 0.0113685759533747 -0.221534842157541 0.0321052720495023
0.00562842818292878 -0.00147424862082628 -0.300103151880088 -0.278219068973135
-0.0136062024419692 -0.0124220315764228 0.136335609706583 -0.542048498404818
-0.0134647940771217 -0.00235481497675186 0.696520740039322 -0.155156072970279
0.00166482544655553 0.00595574651308523 0.503150565267883 0.465802742382774
-0.00184767829724835 0.0255287092881819 0.0287008903489043 0.436087957524989
-0.00114353601202363 0.0123389165434589 0.0637653198712752 -0.0160997572333124
0.000993323403290633 0.0106428034075091 -0.0931298030165333 -0.461280774365929
0.0100591713851979 0.0158732784737583 -0.725907984835462 -0.204308464766569
0.00310289146152779 0.0177226562640957 -0.540377861371921 0.595319728220909
-0.00252364993805229 -0.00570176335551557 0.279219285503578 0.590017759356577
0.0120990988906081 -0.0125302646167776 0.471627857028454 0.0768698156379817
0.0165924204668709 -1.82113956279666E-05 0.263751243709968 -0.209100340157243
0.0022346322114862 0.0037421932284431 -0.0124479226694821 -0.258241519981724
0.0110236774804733 0.0125286978704975 -0.0524221306708168 0.202005655918079
0.0164902546168149 0.0136775546200763 -0.220063514665374 0.0449226915434996
0.0066675335744295 0.00113980805474775 -0.31438390107359 -0.26494292161803
-0.011912716556846 -0.0125214357352621 0.0941022250311054 -0.549880326383128
-0.00860068014954821 -0.0050058187282691 0.67885026953834 -0.196983394449987
0.0108216916494325 0.0140908079026352 0.530828366672948 0.433756511773066
-0.000779449057185752 0.0462639401465411 0.0494455198904222 0.438790246632594
-0.00434164575341456 0.0356913637987854 0.0667024478541678 -0.00648277890506315
0.00755437531163044 0.0274052322675779 -0.0704234907175709 -0.458905559717431
0.0200722644206517 0.0167252618566044 -0.714189287891482 -0.241710609182333
0.00564096398150328 0.0108053144874704 -0.583565248991934 0.569988625551784
-0.00103660412838881 -0.00605506438326939 0.236895931560868 0.609802760754334
0.0146813964933963 -0.0106286503813346 0.469127266362548 0.0993393642039979
0.0175699620674572 0.00226331907810315 0.275387247887278 -0.198341364345024
0.00407393428225253 0.00200501681163335 -0.00943038078469252 -0.252838128762684
-0.000868256693288444 0.00896904948559559 -0.0173364228726783 0.206619626976778
-0.006838772376703 0.00294411207960116 -0.215690926004462 0.11193260655616
-0.0170391417903317 0.00864843358436972 -0.390472654515803 -0.12037473296983
-0.00539616093843591 0.00290831223249604 -0.151055292736762 -0.501696461344811
-0.0104488107813039 0.000330091884663096 0.504127068829109 -0.461930716328257
-0.0341929333822234 -0.0166939820975756 0.661826529759037 0.173007500676632
-0.03124869143684 -0.0315701959631621 0.174733186569725 0.452730385225524
-0.0144374131759619 -0.0530137431832865 0.0491360185674448 0.0842570809578334
-0.0282772621879289 -0.0541289697662468 0.0562353817479562 -0.406326935251117
-0.0292790431198604 -0.0198847289681034 -0.557146475437976 -0.515471471566515
-0.00169373999821013 0.00989423105015952 -0.806837132493123 0.273955550167154
0.0116836907277118 0.00286514364757346 -0.045920461086641 0.707814563793959
-0.0111120057895534 -0.0027469335397461 0.406847217148504 0.29298390793283
-0.0156950412076436 -0.00409093009001231 0.310745484734347 -0.123060445154739
-0.00439147557192938 -0.00464895447872174 0.029672298069003 -0.267551622856125
-0.000273067682125131 0.0109670426044981 -0.0230778212285891 0.201465514195475
-0.00523566789290923 0.00248898188574482 -0.221522609556971 0.0899054856930226
-0.0167600315982922 0.00381852738031404 -0.375708653141339 -0.16009895776661
-0.00708113727628401 0.00177746710810865 -0.0779587826520886 -0.523116108207924
-0.0174978575553223 0.00281523929135993 0.570054437224706 -0.401934221893138
-0.0382837916549432 -0.0194319003950673 0.636537942479677 0.249027996191628
-0.0281116556776164 -0.0403485291977657 0.133681187974109 0.454627367685356
-0.00783015874081966 -0.0628223895506525 0.0487523453150307 0.0608633512040826
-0.029088875113916 -0.0586092920972942 0.0176422396079258 -0.426918560210133
-0.0315600760423601 -0.0146787959858532 -0.614098316759427 -0.444041466666502
-0.00303832869086234 0.0156433856954638 -0.748742223776778 0.369776167736521
0.00862740871674566 0.00240238845062092 0.0501193857373288 0.693760687341322
-0.00974126616608873 -0.00623815380107831 0.433074567574217 0.242780016067656
-0.0109513901850531 -0.00381404477277063 0.298935416017242 -0.149553079697382
-0.00453648094717463 -0.000692698937292735 0.021906460941135 -0.269814300001789
4.50486408489015E-05 0.0125489488288203 -0.0298515896554413 0.196984355069006
-0.00141801165508932 0.00368766535205508 -0.225960204632467 0.0678515744371393
-0.0135622381231801 -5.3208207642151E-05 -0.356303913892514 -0.20147390202759
-0.011191396567726 6.51304186083954E-06 -0.000604288141251938 -0.535719238012775
-0.0223159033251213 0.00320145856309414 0.63098384015489 -0.325901638068341
-0.0357218702032852 -0.0216592949503075 0.60064671527972 0.32762825741657
-0.0223750285856942 -0.0421680001013436 0.0909878836043946 0.455327716462197
-0.0043287816165531 -0.0621506128856546 0.0505208359719846 0.0345926472220216
-0.0281004616785649 -0.0541410879381231 -0.0214986042268988 -0.44247584784374
-0.0293979399224502 -0.00706683414519378 -0.667028120783981 -0.365878688972559
-0.00227223561855015 0.0202922046298477 -0.678834602089354 0.462621935412589
0.00547136457245507 0.00189533392936935 0.146964461619716 0.669113099415127
-0.00644686137188287 -0.00921264857580928 0.456166110713911 0.187264810343078
-0.00518008684856263 -0.00419317969566051 0.285391725770195 -0.174643659128434
-0.00270179919723602 0.00202304333732136 0.0131592781020394 -0.271561166301465
0.00131437692603776 0.013481225530723 -0.0358755410619312 0.195712955243638
0.0040136125117698 0.00448283133939433 -0.227151648106608 0.0491958991671829
-0.00891026908853058 -0.0027257335038535 -0.332123908122428 -0.237820298982408
-0.0127225883459657 -0.00340800503258313 0.0710289913825565 -0.539778478968893
-0.0235958159480881 0.000961757437291121 0.67570963117478 -0.246848786649458
-0.0280425830770783 -0.020194865225447 0.556567867742823 0.398742986931039
-0.0129589701307339 -0.0340037441870913 0.0568945640525682 0.449992901021937
-0.000136765120783857 -0.0528275637406375 0.0518888894196127 0.0111989620089426
-0.0244470062426071 -0.0430010756788268 -0.0608994841297049 -0.454376087966903
-0.0230791963034949 0.00157752282449632 -0.701647935116102 -0.287790992964101
-0.00164462039156675 0.0235554286096495 -0.6095790943886 0.534546894544178
0.00188499322960069 -0.000424082017550053 0.22498458282699 0.635306610117157
-0.00109841505822533 -0.0109053381385396 0.469479565392836 0.13571822118243
0.00138220927703473 -0.0043729788442204 0.271713428138916 -0.194674159206895
-0.00209861825167854 0.00351645195184065 0.00132822361622064 -0.271523034301215
0.00403353432352378 0.014084762637875 -0.0429085057453672 0.194767713956702
0.00951543804196166 0.00704308410368317 -0.224783803539932 0.0350897748593458
-0.00277296975340251 -0.00485149961966204 -0.313437903849092 -0.265055458512089
-0.0143838614422614 -0.00727190265964783 0.123412558633505 -0.53973080776558
-0.0229135579595593 0.00116797740883816 0.700354248459853 -0.185647465069521
-0.0183080291240473 -0.0149593206334301 0.520214161936337 0.44634658022975
-0.00724192969529912 -0.0192945427792936 0.0305368822603925 0.443298403140934
0.00138038976151269 -0.0351406642624776 0.0559596086320262 -0.00640184575298072
-0.0166286535749585 -0.0260703629976648 -0.0849475561272086 -0.459524769662256
-0.0127482844660871 0.010081010789582 -0.723411954749013 -0.231768089455894
-0.000910903621555171 0.0241227511902093 -0.55274392732841 0.578914992330692
-0.000517771090619371 -0.00205912925360374 0.272801223675449 0.606523221117322
0.00353984995577162 -0.0130799624231194 0.474812459999119 0.0968622473495745
0.00741420247614129 -0.00253152513616908 0.262221982815587 -0.20834528935913
-0.000331225201636319 0.00393223357790445 -0.00602372044055131 -0.268084536297034
0.00663262108654403 0.0143657017321286 -0.0476829414029543 0.194985832180433
0.0127271156174682 0.00898998374411421 -0.225444655879716 0.0288693974487221
0.00113917909510985 -0.00410209445276822 -0.301540735277718 -0.278510411082356
-0.0143546882446094 -0.0109122864579826 0.145703305380621 -0.54104661616679
-0.0192743262664452 -0.000154845060303166 0.706476401540396 -0.151696272536366
-0.00827160518861796 -0.00518945108579787 0.500723190584177 0.470086950596285
-0.00349257584235026 0.00300408656221733 0.0219244377587872 0.43735959494747
0.00171495112587839 -0.0123802748211218 0.0594064540493008 -0.0160679612437961
-0.00784895236287394 -0.00821140083772002 -0.0955956669737476 -0.462405739950758
-0.000734441168994173 0.0138557714626674 -0.7303103007862 -0.200913228730399
0.000489051474789268 0.0225827646264207 -0.533138413288948 0.601740343434759
-0.002081138464514 -0.00295640942786727 0.29297958419062 0.591466392310392
0.00736206418987623 -0.0134071062816682 0.476377275299108 0.0757523430204236
0.0124478627869294 -0.00167789175873724 0.259719161032992 -0.21416990007715
0.001065659046379 0.00529764045319798 -0.012343494395824 -0.26454440504218
0.00839595348772753 0.0132274091861267 -0.0501281249133499 0.199713451335628
0.015217140406763 0.0111135395536985 -0.225086829259679 0.032602819768136
0.00558832127346228 -0.0012615686670872 -0.303771731141628 -0.277969097920038
-0.0136727690806094 -0.0119241608924327 0.13637505461379 -0.547379777831021
-0.0140352314033005 -0.00225818996070869 0.702184175895822 -0.158119295396068
0.00199722983753418 0.00664858335581453 0.506515107933593 0.467632158381411
-0.00186516858682451 0.0260217447135113 0.0292595621017438 0.438933691242824
-0.00123516969257452 0.0130294547169608 0.064018408636315 -0.0175344918815893
0.0010739915218321 0.010228469371735 -0.0920031620221456 -0.461650835249738
0.0103065806883513 0.0156443662380133 -0.730936584966565 -0.203260990072062
0.00183236508239763 0.0178483309889639 -0.541673273730861 0.603436691985347
-0.00220749478817724 -0.00492600845754992 0.282502225544083 0.594710084354369
0.0128165994166796 -0.0130218653793887 0.474760108307124 0.0766999928721969
0.0170153960437122 0.000719106537223692 0.26471383697622 -0.21213810075147
0.00219075397079667 0.00420714110887227 -0.0130451181245256 -0.260062389640037
0.0104247807487837 0.0117502724694347 -0.0519014731570349 0.20352324523468
0.0166141795663796 0.0133788542199947 -0.22335351719874 0.0453360776664557
0.00745689181294014 -8.29821742878529E-05 -0.316502479428465 -0.264774546923335
-0.0122376400071579 -0.0133785363860577 0.0938444883901836 -0.555427127351438
-0.00835516983679191 -0.00524696136962707 0.681464332808098 -0.199014064866791
0.0108346060336888 0.014651238974219 0.535259548278973 0.437194937427818
-0.000353423746163242 0.0466253229618876 0.0489870050745386 0.440655633812227
-0.00495378306025405 0.0356074346734547 0.0675950483482473 -0.00664566531764135
0.00873061114584719 0.0281402891880541 -0.0713049524340266 -0.461982475502702
0.0210913561184581 0.01710564113735 -0.71850747266368 -0.242283459177957
0.0060918909158151 0.011408391990837 -0.586084091522904 0.575063892803042
-0.00216415958315392 -0.00659782512754082 0.241286973476787 0.613444413492723
0.0143445886221894 -0.0107229099658108 0.473282612035123 0.098212949156235
0.0169197044681167 0.00200047228624643 0.275412593253024 -0.200941620960139
0.00500636958658107 0.00221854302233739 -0.0104117771077278 -0.255315583293233
0.000432203816138411 0.00942264806325582 -0.0153029997656275 0.208366664685025
-0.00685782726906394 0.00288126748111313 -0.216305519399159 0.112970335029151
-0.0181024924837367 0.00880660333030313 -0.394142709226036 -0.119148845730351
-0.00537858972198779 0.00403053586628583 -0.153440727090222 -0.503679582359963
-0.0110627079871459 0.000234859482831478 0.505280463583483 -0.466574293192272
-0.0355883025800172 -0.0171374255758242 0.667169821350951 0.171751935525944
-0.0307573681967824 -0.0310752246147071 0.176021999198091 0.455219058398557
-0.0151274005285968 -0.052838281540623 0.0497939066402605 0.0841265901915953
-0.0280617613032004 -0.05452402323398 0.0578732720611885 -0.40922845219451
-0.0302729367874153 -0.0197315353276859 -0.559882027838994 -0.516235829961213
-0.00110453488089231 0.00902412975959787 -0.810378465130945 0.277637431278972
0.0111858632809263 0.00369043622274127 -0.042677451808027 0.714587675068166
-0.0113802939726227 -0.00258101455297495 0.413824734866294 0.292290676439344
-0.0155057123339942 -0.0033514981920602 0.312506512768778 -0.124645958259239
-0.00420878657259676 -0.00395175303017183 0.0294984037631013 -0.268969092972213
-0.000915778492053546 0.0108518937032496 -0.0218147350449519 0.203283484438527
-0.00450697907459814 0.00341464085669373 -0.223157376366407 0.0914350797025184
-0.0164074309347894 0.00384415723992452 -0.379914839569078 -0.158193130549923
-0.00702823123212102 0.0020081798025847 -0.0802264411732236 -0.5253146395115
-0.0180708181222669 0.00266527964983472 0.572172278196982 -0.404476996933153
-0.0384101079750079 -0.0202779353385333 0.642802423517068 0.247334058664316
-0.0280856629263047 -0.0395398988607414 0.13514225928799 0.459276877573679
-0.00915879463028716 -0.0626167239760963 0.0489587756028501 0.0608203449162725
-0.0287831962052595 -0.0587673601859732 0.0188232124477517 -0.428930196266193
-0.0313310297776518 -0.0153358268734496 -0.619668886139965 -0.444766540749409
-0.00278199255101946 0.0154789503077254 -0.75127993893205 0.375592010274018
0.00926506732580883 0.00291496785846009 0.0549895881942963 0.700015431273146
-0.00968897618592976 -0.00585221180121089 0.437918680600086 0.241778056276501
-0.0108748952819523 -0.00449167731825262 0.299137485850035 -0.152385182097013
-0.00264050697491515 -0.000976377267510016 0.0204229394271307 -0.272631151533729
-0.00106641187279563 0.0127201625213836 -0.0283673652389646 0.199390263419689
-0.00105344468665257 0.003600824169037 -0.227593311311961 0.0686578708091113
-0.014091911495061 0.00037831931774382 -0.358781841543329 -0.201913265845203
-0.0105348331922351 -1.77489763173097E-05 -0.000101072732169805 -0.538169518673944
-0.0225057567186846 0.00337433625302592 0.632754259185254 -0.328555982702744
-0.035705654934809 -0.0219427237174728 0.604870827533444 0.327283375711372
-0.0214029565776627 -0.0412686010398672 0.0921586352422855 0.457007984951207
-0.00317853383957029 -0.0625789155491175 0.0506672808928631 0.0342421629457933
-0.028939448354658 -0.0535953926581403 -0.0228213200641137 -0.444899315566267
-0.0292963973889674 -0.00615956979071986 -0.67090768656127 -0.363743422363232
-0.00242747782715848 0.0198399296150698 -0.681442225592125 0.468703697021207
0.00500568158288148 0.0020209740813487 0.15089350527618 0.675546460529143
-0.00599138572690383 -0.00899844811928943 0.457763243088217 0.186489153879496
-0.00462749159555799 -0.00456103473157582 0.286933766124856 -0.178352192526289
-0.00313024805517846 0.000249403194197046 0.0108135428948324 -0.274382759479798
0.00158315878830259 0.0141328372261771 -0.0353021435006623 0.196645272596185
0.00338157009591817 0.00509453363707804 -0.229067179004017 0.049301709672987
-0.00941398859857306 -0.0036341021186118 -0.335156789397461 -0.236928613208324
-0.0133947026486312 -0.00387269516863412 0.0712415940559639 -0.542598165442948
-0.0255028625942693 0.0028013501918055 0.677577650182066 -0.250271328897022
-0.0286832231652697 -0.0211144917582911 0.560483021814487 0.397752564707225
-0.0123834406233336 -0.0338267519115275 0.0559479649560664 0.452017887370782
-0.000630761270141101 -0.0519827166767814 0.0531622421453242 0.0109293628213569
-0.0249666400833954 -0.0418651712212166 -0.0598392969581325 -0.455335470382523
-0.0224938303753799 0.00218651075694159 -0.705361322839924 -0.288523974339782
-0.0012891471138855 0.0232736914642319 -0.610089008585815 0.539760393750456
0.00213221921467871 -0.000772539075541576 0.228082546532556 0.641532430184326
-0.00244084557799863 -0.0118661580717008 0.472486346486436 0.133990305042813
0.00134200929764223 -0.00320742665011894 0.27242515635074 -0.198443380994586
-0.00230713939188999 0.00356723588382388 0.000654804428483462 -0.272127673387902
0.00410228213000012 0.0135845007340944 -0.0411637174826933 0.195583167877837
0.00894770161090351 0.00658659611601384 -0.226720902090106 0.0355690407416805
-0.00315791149674005 -0.00488787452908385 -0.315517844929096 -0.264676248417316
-0.0144308921190789 -0.00752565248421887 0.121084649906199 -0.542247422528828
-0.0233484021966325 0.00065666061793303 0.70280464626964 -0.187155126067278
-0.0191529212702157 -0.0152359452960705 0.525858247005929 0.447269538967325
-0.00605646309501054 -0.0180893567046603 0.0325467192095406 0.445445713327512
0.00116702880938192 -0.0345730620378574 0.0554662718032273 -0.00805841567225098
-0.0178849921911963 -0.0256988709629386 -0.0869071172966443 -0.461765096860092
-0.0129017426386685 0.00982671762951614 -0.727568244137196 -0.229735547763399
-0.0007551259274687 0.0245298287151909 -0.556247022169631 0.584952984245093
-0.00079210238755606 -0.00192647350748838 0.277468815523755 0.610144870694778
0.00269986989983581 -0.012439195138818 0.476518885043563 0.095263850913098
0.0083904104005163 -0.00380221380010956 0.262729734768829 -0.211126109131167
0.000519195770024971 0.00427736039973847 -0.00794432357568759 -0.27143712878652
0.00698119204115673 0.0134499168340985 -0.0455955031822343 0.195729650390134
0.0135353649594977 0.00955683043810348 -0.225144896434771 0.0299123953598867
0.00110971407776148 -0.00453632866076363 -0.304810662743076 -0.278382080944212
-0.0138405924092821 -0.0107323035788223 0.144590690263834 -0.543873846389043
-0.0183444019900205 -0.000923156970465229 0.711820393411143 -0.156018521176257
-0.00858408724338779 -0.00463669144116278 0.503030997688993 0.471374130616276
-0.00279719238751273 0.00230716888560102 0.0223932713014573 0.441509423938287
0.000942464457163404 -0.0126293394775787 0.0596865936956537 -0.0172256270987438
-0.00881469984408325 -0.00760411508147141 -0.0972602416968205 -0.46432149229681
-0.00116757420921241 0.0141927027891505 -0.734865756868036 -0.201402577404627
0.00147241037757969 0.022091719144122 -0.53298599232239 0.608792167084727
-0.00219947081514119 -0.00391366375472787 0.296504396841509 0.593567475041397
0.00817281894374776 -0.0144032892436684 0.478831112614387 0.0741267712851416
0.0131301874170797 -0.000671754015989855 0.260061613146524 -0.217973940762625
0.000657796337819685 0.0047861925675415 -0.0134971156034511 -0.26699128846318
0.00921953181415759 0.014083889673483 -0.049070866138887 0.200113023312647
0.0156319720810929 0.0126101633503256 -0.225172535719714 0.0339573725115976
0.00560866058979721 -0.0017680196111983 -0.305433964570512 -0.27941830816181
-0.0146240451566954 -0.0122841370019794 0.135824615008663 -0.552172509969737
-0.014483613250919 -0.00192149047091406 0.706516305686465 -0.159235708517285
0.00188519200899198 0.00571953899645186 0.5108769294525 0.46668962100188
-0.00139288245136098 0.0265561709284858 0.0286152431413404 0.439366963577573
-0.00194027686801061 0.0123947420145699 0.0638134796471109 -0.0177693505003869
0.000653638134858609 0.00983826341989306 -0.0933476497796794 -0.466469108799285
0.0102095634957339 0.0163423166534089 -0.733932541803916 -0.20073456229719
0.00318468934518803 0.0172495607473403 -0.542014314193387 0.607589271843833
-0.00348546081093886 -0.00529910677531376 0.285498258882372 0.598201342843554
0.0130671403429845 -0.0127071598573782 0.479435676469182 0.0741022246592587
0.0163285069806588 -0.000313406340448899 0.265789687546465 -0.214615104722004
0.00224130252264555 0.00389298698048236 -0.0153669893035074 -0.262467877829602
0.011390860791964 0.0118514452518159 -0.0507959012809857 0.205167254362465
0.0166412833400853 0.0131319288198584 -0.225811098600613 0.048171061274234
0.00753640457931862 0.00161088159507544 -0.320126333070539 -0.264712508052314
-0.0121570780344594 -0.0140716245752311 0.0935296696307349 -0.55760543653424
-0.00877233601965472 -0.00466689792635511 0.68713682623283 -0.202703873153858
0.0100395058510697 0.0150031125910787 0.538659249987559 0.437819792198809
0.000178552154826527 0.0475602469888513 0.0514434758216043 0.442862809596997
-0.00493576794362848 0.0363356496079251 0.0676035360539161 -0.00805490236579382
0.00731898719782614 0.0277774968854191 -0.072324315145804 -0.46472258908828
0.0209133963753969 0.0173964291116412 -0.722352424241422 -0.240641273136818
0.00622223207469254 0.0108719682719146 -0.588989746453038 0.5810917812252
-0.00173856340949318 -0.00583220497905017 0.244113794358689 0.615909826909246
0.0153859908162975 -0.010141085330312 0.476514033038311 0.0966015543322351
0.0189059429549931 0.00196588442413786 0.276236228109484 -0.204334996744118
0.00431320699706369 0.00197270527801906 -0.0115274374238098 -0.257204596792575
0.000296652422308806 0.00988569024102843 -0.0148243332723656 0.209700955887284
-0.00708460161164259 0.00359463091835034 -0.215807432721274 0.115091428740128
-0.0177421225543745 0.00853342671897504 -0.395705337419251 -0.116798857353686
-0.00494468865915192 0.00269729456777233 -0.156032776964286 -0.506251278528859
-0.0117696940231963 -2.68859178360441E-05 0.504295653451923 -0.471441792488346
-0.0357227871192447 -0.0171647783744199 0.671180059256234 0.169195924406402
-0.031537879761054 -0.0309034897591618 0.177894203302297 0.4562263819149
-0.0148625679727274 -0.0528119951223708 0.0506382706493115 0.0842953249146919
-0.0283406451936626 -0.0544793397334754 0.0562484665180994 -0.41191063848647
-0.02960857699528 -0.0207519477957573 -0.565944100134869 -0.517008874484937
-0.00139373463003086 0.0101462687230343 -0.812906199234963 0.283109450921542
0.0118768221569668 0.00348402549005442 -0.0401178947894366 0.71885215580857
-0.0123685629073363 -0.00202149298049544 0.416918467832545 0.292417728424946
-0.015160390801953 -0.00339132498135788 0.313088975453958 -0.129451573201212
-0.00395062067363571 -0.00533857007145116 0.0264419910145375 -0.271287234391266
-0.000922105707990131 0.0109886259257388 -0.0194590769578601 0.205838710935127
-0.00409972366204962 0.00291738327816887 -0.223757010403503 0.0917220872302228
-0.0167578483306364 0.00493850647510939 -0.382414695788279 -0.157324353639939
-0.00801120583785525 0.00110417952875949 -0.0823324611076409 -0.526800434138152
-0.0172624999930284 0.00260863603523723 0.573463276850005 -0.408336330518947
-0.0389055290438389 -0.0201082974835169 0.645716051398001 0.245242134096701
-0.0285610578737909 -0.0396022157284218 0.137687413973378 0.459144564497126
-0.00971035880750501 -0.0630647580146574 0.0492533764792778 0.059585903734485
-0.0300571187906673 -0.0586752182218783 0.0177129659708403 -0.430961153609761
-0.0318088930081058 -0.0159021459226954 -0.624790175079877 -0.447062023972794
-0.00279733325941469 0.0152303567911817 -0.755365371674568 0.380347442439223
0.0086350229459574 0.00234240559392061 0.0597010305846814 0.703792656667341
-0.0104988786479639 -0.00627733390791144 0.441284063816372 0.241626576346255
-0.0112594962559517 -0.00449824544296947 0.299781111668787 -0.154892723627433
-0.00452706716625679 -0.0012660570384562 0.0185023264000566 -0.274608128777653
9.45411595150896E-05 0.0126826308106823 -0.0267256508519262 0.200518176715111
-8.14007915961703E-05 0.00385362158166687 -0.227933275943086 0.0692032711317692
-0.0134088633910903 0.000142062948156329 -0.362346466734695 -0.199867818531934
-0.0104169565564099 -0.000889449566203725 -0.00279669208940404 -0.541119374003168
-0.0227677032141341 0.00341801342494316 0.635563868500892 -0.334066145801582
-0.0358182230133366 -0.0225698879083524 0.607489738310807 0.326832051259549
-0.0211069149217177 -0.0412217986306496 0.0938860861267744 0.456691782998284
-0.00377650999270223 -0.0625125115287562 0.0508877113077998 0.034825097421158
-0.0290454873018085 -0.0540872036418986 -0.022972516710475 -0.44783429016865
-0.02939006860584 -0.00694233944975289 -0.677719492047736 -0.365525540754938
-0.00202550993142842 0.0201947963448432 -0.684227894930418 0.474183883756878
0.00466038902477272 0.00158059213820481 0.155809857839397 0.676847717702194
-0.00662792433522418 -0.00961406749381923 0.463038516014168 0.184758131335817
-0.00507646936308087 -0.00417244433215441 0.287059291025154 -0.181334274460561
-0.0037188492443663 0.00151782546259062 0.00980331610140667 -0.276543899783386
0.000907208820535596 0.0135185769715615 -0.0335730798768677 0.198762048886268
0.00431280441664009 0.00474859728493358 -0.229200468108853 0.0491572047713767
-0.00894474687725255 -0.0028508991774058 -0.339414731507044 -0.235630359724598
-0.0134717780203341 -0.00379987090155969 0.0685961030083943 -0.546015689245276
-0.0245249978541107 0.00205406143726567 0.67908345927869 -0.256449097621672
-0.0289501313860572 -0.0208414845436572 0.564844590313329 0.397551266500792
-0.0134834012673315 -0.0342236359130529 0.0576204480488238 0.454390535969192
-1.68583906146765E-05 -0.0519904363612668 0.0540040183711193 0.0101383232183364
-0.0247943736543223 -0.0420703451879431 -0.0624080344234698 -0.458360164863783
-0.0233756077343192 0.00207561320381682 -0.711598361740788 -0.285295934921155
-0.00183230264562631 0.022841819636273 -0.613113544154214 0.545736931576746
0.00104863752329615 -0.000640931666360017 0.232812099193993 0.644398945352383
-0.00268758740692942 -0.0104240376981616 0.475633501923625 0.132211291144548
0.000888963964010531 -0.00414171934791549 0.273253844473893 -0.201018495936681
-0.00149695295680021 0.00375253525155956 -0.000797362249166618 -0.27567477796088
0.00409271464822243 0.0144789624781763 -0.0403816243821383 0.196624866748307
0.00887273367070765 0.00695803469165407 -0.22781532798426 0.0357406120074565
-0.00277545548231487 -0.00378430184385812 -0.318329627449478 -0.263967876742582
-0.0140401400036648 -0.00707930217282859 0.121089769244303 -0.546698036833174
-0.0239939189720884 0.000704279256638006 0.705593237621419 -0.193606698338838
-0.0198203751876138 -0.0144440571427726 0.528961475509665 0.446875721128091
-0.00708357063233313 -0.0178222307548272 0.0317514525485111 0.446434431491199
0.00151772844599532 -0.0354826867148472 0.0563963273834334 -0.00767263389129553
-0.0173255896263727 -0.0266234156308705 -0.0883971139053135 -0.464678345329201
-0.0134373106924904 0.00977010278757338 -0.732266490726256 -0.228231113415542
-7.41455165623392E-05 0.0240822628323672 -0.558952163755858 0.592826447404263
-0.000652212987121642 -0.0015497334972263 0.280959608363325 0.613614832749648
0.003292674718946 -0.0126982337003628 0.480581054166187 0.0922099517896333
0.00842070055908408 -0.00281352889811524 0.264023997966104 -0.215204308133654
-0.000894110570423834 0.00468979025478063 -0.0105256123935135 -0.273721567129791
0.00778125233905147 0.0147197273823908 -0.0455450870072793 0.198195357335526
0.0135963651935103 0.0090905149304497 -0.227139179743545 0.03112709400789
0.00169591882861295 -0.00377406432662226 -0.308063296405959 -0.277746409925489
-0.014274564097276 -0.011882181910284 0.142334832168825 -0.54968325920465
-0.0197471114173534 -0.000184876348029425 0.715183557187334 -0.159963664613054
-0.00868447169312486 -0.00508840097545765 0.511031651905343 0.47215459580443
-0.00274646351635262 0.00332903315669063 0.0233687017661434 0.442583070108531
0.0021636851287853 -0.011701652626679 0.0607903887094599 -0.0171883932393196
-0.00891780846342003 -0.00854439002158413 -0.101176120795599 -0.46699412891488
-0.00121809309047949 0.0134051900414044 -0.740737933881501 -0.198851777794396
0.00159168933525325 0.0223012819794916 -0.534905835941107 0.613990091465828
-0.00295496058111906 -0.00378191964073094 0.303211801923722 0.596606680206624
0.00773059375718301 -0.0132659573685148 0.48340755250773 0.0710133605320021
0.0123941508446761 -0.00121212973096589 0.260519678488289 -0.220150833318838
0.00096203103312052 0.0038225393665968 -0.0154173595962331 -0.268137038636354
0.00836859995378548 0.0138062948312068 -0.0479359640267567 0.202635183423646
0.0164809143075545 0.012397083117966 -0.227275052183717 0.034073900995388
0.00528151709039179 -0.00167874242751453 -0.308163599277044 -0.280011341133147
-0.0139417126372272 -0.0123033897599311 0.132926770182265 -0.554507407117505
-0.0147517577384965 -0.00202338848357624 0.710366403322202 -0.164177755985138
0.00159433026122944 0.00636902158404654 0.513848406346008 0.468852280285251
-0.000516041815875283 0.0269468694511742 0.0295718197849836 0.442997765773812
-0.000472543785101064 0.0129486076057228 0.0642354162534499 -0.0177447639199005
0.000310548015138881 0.0113188175436776 -0.0946259895320273 -0.467943156115398
0.0101262529608159 0.0157028418394891 -0.740529516473161 -0.201581466301682
0.00359830062302141 0.0165297194956139 -0.54543020306117 0.617029288542913
-0.00261973138712226 -0.00440302561097033 0.290889582852797 0.599190293855264
0.0117110327611756 -0.0130289420471374 0.482201997417896 0.0716538437557009
0.0169000243312683 0.000214465022789706 0.265454539921702 -0.217301095593082
0.00247288245040022 0.0040933166787217 -0.0164348036002644 -0.263910407803333
0.0108580189100485 0.0122926279504527 -0.0495500949726648 0.206044516413045
0.0162748336360956 0.0131000546220915 -0.226679999004135 0.0487765351360915
0.00721745485434243 0.00131157128305675 -0.321958192346759 -0.264661725409473
-0.0129343852516236 -0.01384672867917 0.0908296638260283 -0.562050545052605
-0.00886015641645288 -0.00487566855420538 0.68808647743292 -0.206956688676007
0.0109137218200944 0.0152712594344932 0.543551174083829 0.437151353186926
0.00121332673706737 0.0489601309333218 0.0528752756522582 0.444642031530349
-0.00468021165296709 0.0370829207063133 0.0680377662277613 -0.00771496498420014
0.00734216431260227 0.0270117859892657 -0.0715044719520406 -0.467173643894621
0.0202219106012574 0.0163133151807237 -0.727655970697454 -0.241516443529288
0.00596688077579233 0.0107908187429464 -0.588669139347011 0.587646354471271
-0.00163208216175324 -0.00657551521227655 0.251080920719229 0.619137146306983
0.014398777385123 -0.0095375409315783 0.47864467064846 0.0946074274370285
0.0183177178016319 0.00195614700483243 0.276658169606717 -0.205735409137242
0.00435842032203956 0.00237000408342465 -0.0128843403338376 -0.259615209777528
-0.000385309981234099 0.00852282577158259 -0.0122722147456152 0.21183033362845
-0.00698924015041439 0.00361963445199683 -0.217380344189508 0.1152839554855
-0.0172199633305921 0.00851825055901638 -0.398536971394382 -0.114955819737421
-0.00416586304786159 0.00373343503179981 -0.159125483547458 -0.506433742116555
-0.0118203199312414 -0.000194861435040177 0.505593790699409 -0.477292788040591
-0.036248197520601 -0.0175993021399928 0.673586034476883 0.166539240494184
-0.031889105059294 -0.029785419787506 0.181344581974889 0.457266943106553
-0.0149524975374459 -0.0531959181031835 0.0515640908343227 0.083509402213087
-0.0296714322451195 -0.0555426775243408 0.0558881900772457 -0.41443053294012
-0.0313557755854616 -0.0195508872171124 -0.572261113206237 -0.517298821961315
-0.00139787154955407 0.0108558599305972 -0.816630460082612 0.287195984603671
0.0120456766754067 0.00354386923189882 -0.0358145919558112 0.722575550338012
-0.0119457167162266 -0.00231733380170947 0.421548790640941 0.291627360627164
-0.0152474903594145 -0.0033054490401953 0.313411533068168 -0.132304923845561
-0.00410863895559555 -0.00421123849177523 0.0260657364190846 -0.273710338938402
-5.56185653384812E-05 0.011238583495957 -0.0183598781232982 0.205421710797834
-0.00513218124926687 0.00310242896076959 -0.224740416525241 0.093590703960229
-0.0164225408096036 0.00537757513110315 -0.385654010042253 -0.156414172501657
-0.00696011291695705 0.00180596700988577 -0.084910095608494 -0.529578283223294
-0.0186841110573979 0.00327476096094891 0.5745777416353 -0.413854108381785
-0.0397489454370003 -0.0198123909841847 0.650695178271086 0.243193084819652
-0.0287212080299006 -0.0396792493457783 0.138965150573933 0.460998885911753
-0.0100210292685731 -0.0629345069189876 0.050473547685852 0.0605104463598477
-0.0314729609067575 -0.0585409509928721 0.0149674913150539 -0.433939325377026
-0.0326248738157729 -0.0151687757973706 -0.63006703184626 -0.442799938391326
-0.00191166438432276 0.0155358573099553 -0.757480131016437 0.385856403063767
0.00878056820350138 0.00258700412744124 0.0627840818839748 0.708156304453311
-0.0110309653925159 -0.00504609825691812 0.446557696172108 0.241280233948969
-0.0110199454335094 -0.00419425004361143 0.302140947759153 -0.158875386822108
-0.00470118710515261 -0.00195066958487309 0.0177960217919478 -0.27615282414054
-0.000402532653183695 0.0122035423681676 -0.0256652938440637 0.203101915600499
-0.000430690095392554 0.00349317148368791 -0.228740095291851 0.0710880728890263
-0.0133095174980942 5.33607163925835E-05 -0.36493104022406 -0.19858559577739
-0.0101960217520345 -0.000162111463526723 -0.00491014542751119 -0.543269563896823
-0.0229512931324749 0.00410443737501186 0.636323057294701 -0.339008655021137
-0.0372902812435655 -0.0223036821941977 0.611907624508478 0.324461549045206
-0.0211284237823564 -0.0397614273650309 0.0950850497104836 0.459459190392102
-0.0044145514120491 -0.0624449483766571 0.051251262402821 0.0334157502266236
-0.0298032648647547 -0.0545630321256344 -0.0250368949451756 -0.449867194047308
-0.029890199499209 -0.00736635268673359 -0.681037350174162 -0.362436962729349
-0.00220802206845103 0.0210953175443192 -0.684846965943333 0.481232968395164
0.00456877457699611 0.00163473131274335 0.160207324610567 0.679674499005789
-0.00741749990425873 -0.00868482409537849 0.466536042186843 0.183448218017361
-0.00487132174094908 -0.00464564958409349 0.286753752414208 -0.184538705180865
-0.00355551125168292 0.00105586340960098 0.0078634456136091 -0.277116899410826
0.00180072964812338 0.0142751698891236 -0.0318292053434935 0.198670449598102
0.00452606996479648 0.00575914279036833 -0.230354618726109 0.0507096636003594
-0.00860452476300394 -0.00333585667704626 -0.342516587560984 -0.23536988022723
-0.0131760177460037 -0.00353820147678398 0.066414476481395 -0.550338710914472
-0.0258163008803116 0.00223275231352266 0.681062300982552 -0.260237668779533
-0.0296679678690066 -0.0211250289201887 0.568075971722164 0.395034945617766
-0.0132750493299651 -0.0327503462588127 0.0593546789976052 0.454414673245946
-0.000194433559059643 -0.0538366833393106 0.0520117708524726 0.00926848781579058
-0.0263913168736477 -0.0426222033296561 -0.0633941379411883 -0.461106063902332
-0.0230883000880222 0.00256728948355545 -0.715884172731718 -0.283593658712714
-0.00103482614993317 0.023319630374285 -0.612189199319009 0.551952395534884
0.00221561932981437 -9.57909207075208E-05 0.239120829260538 0.645702730869604
-0.00266019396457929 -0.0114588877761361 0.47880695385518 0.13012619613258
0.0013506798533762 -0.00483198496535847 0.273835647793468 -0.204307693506452
-0.00284731633115493 0.00380617481821573 -0.00338246751424562 -0.277127730396732
0.00318956719937766 0.0152005704455377 -0.0378278289257447 0.199172182066554
0.00882760075433292 0.00704894720181222 -0.22942322009038 0.0364557945434456
-0.00283819502881263 -0.00465067221527473 -0.32212256926785 -0.262715367743694
-0.0147393715798933 -0.00777448317199672 0.118150971891047 -0.550348048512748
-0.0238932996145253 0.00145039754752945 0.708476950877324 -0.198645477124135
-0.0198375791608703 -0.015332361342061 0.534025261118251 0.448149846692152
-0.00706730837886066 -0.0176690145466153 0.0350966316375608 0.448436430987596
0.00200884685473266 -0.0350275775616207 0.0568536475479746 -0.00816923740015283
-0.0183884028956412 -0.0271773848064169 -0.0919586401980909 -0.467220454435523
-0.0124527935982872 0.00914192923549542 -0.736659354953567 -0.22551651607899
0.000885813114269222 0.0250452618435203 -0.557226602779009 0.596746332350934
-0.00165187966610086 -0.00158663914921934 0.288094339930957 0.613381549783186
0.00261422358390609 -0.0130584736950208 0.481715290183757 0.0903394786006469
0.0076849242693175 -0.00396577754793641 0.26468386824112 -0.217814753426517
-0.000517479518387635 0.00492627808086785 -0.0118380240751139 -0.273996589742535
0.00693193425137208 0.0136563171451251 -0.0442595362555485 0.201292435853085
0.0136128076785135 0.00859287666796447 -0.228301763583106 0.0321578353663393
0.0014843365773915 -0.00338472865509125 -0.310255911338235 -0.276497741136055
-0.0152719827101069 -0.0110246999524957 0.140207201433935 -0.551539676554332
-0.0199765799145778 0.000341708687605431 0.716289244933693 -0.164185250493772
-0.00906676414335412 -0.00479322428370678 0.51524751864543 0.472909471945102
-0.00248229409803147 0.00409049578268593 0.0244597931521444 0.445041564419733
0.00115557029930625 -0.0123005792541729 0.0613567177517079 -0.0182995169227893
-0.0089731631269639 -0.00853601812664647 -0.102184553425388 -0.470397643627388
-0.000538295384616964 0.0133438521218451 -0.743927495026186 -0.19616097625964
0.00182496224107436 0.0220436492669671 -0.534493668757353 0.621394452065037
-0.00291796607447155 -0.00301524349424856 0.307771597463491 0.595787784381919
0.00790381697540494 -0.0129680653509094 0.484651261938139 0.0686592658644056
0.0132093795240291 -0.00196100874751621 0.260103060877587 -0.224044687354729
0.00097856468867143 0.00550112408682128 -0.0171352386683509 -0.270812564126017
0.00944327344897389 0.0141475328177581 -0.0479714022853366 0.204465576671827
0.0156388865773044 0.0112728437809929 -0.228821680774097 0.0356009991415446
0.00505697569837923 -0.00207308741448951 -0.312072681709178 -0.27778716919874
-0.0141464286344279 -0.0133696276425214 0.131386738490362 -0.558304754143327
-0.0151058891260135 -0.00204586985545968 0.713207433062425 -0.169912317830469
0.00193379232817446 0.00551934776468978 0.520041521216419 0.469260567080248
0.000227673343510968 0.0273794913848411 0.0327805903808404 0.444303798386798
-0.000935769880231405 0.013371104809312 0.0635932294390832 -0.0179751077474288
0.00114108860871769 0.0100808479283727 -0.0993539648287489 -0.470694026914807
0.0106835311384041 0.0151784641972094 -0.745413247720429 -0.198101104690677
0.00355999968770136 0.0171686081695745 -0.542956658553688 0.621911905477864
-0.00238400965471827 -0.00506428236278942 0.29589652428516 0.599453791617947
0.0119388533646263 -0.0125484773281303 0.484287758322647 0.0699480440984926
0.0169284221863074 -0.000705694392396058 0.264714127818882 -0.220685298998074
0.00154272020372567 0.00331225868772657 -0.0174579974261297 -0.265884065236535
0.0105319774455948 0.0124623994833565 -0.0492558599623634 0.208371120596408
0.0166559426801484 0.013289790060124 -0.226452201444408 0.0485008695060069
0.00763064063978732 0.000355699968550988 -0.326062067512314 -0.263275512547027
-0.0141056099937906 -0.0138003815005887 0.089347413964827 -0.564037897865947
-0.00880192368175627 -0.00482615534727296 0.689524218743391 -0.213845325686883
0.00995346469274357 0.0153339993990482 0.548196872080287 0.434842440263895
0.000557347256382741 0.0487303412128136 0.0534587472077059 0.446324893046117
-0.00437698909561242 0.0372822648831786 0.0682024134301985 -0.00733978961886068
0.00799659982834417 0.0278781756536566 -0.0756016485663601 -0.469082563149083
0.0205442519101201 0.0171944487512083 -0.732401242903205 -0.23868680906529
0.00707830499634635 0.0109409376871771 -0.587374838663097 0.593974953206141
-0.00206793054811903 -0.00654788327527711 0.255700845017082 0.622122491498555
0.0150326479381736 -0.010356522311311 0.481617315333522 0.0917241339271882
0.0182658682388973 0.00162212954753013 0.277691483246569 -0.209849408257545
0.00350281707466769 0.00146247255773168 -0.0160096912100424 -0.260957612219392
0.000549709411438902 0.00933185141527925 -0.00998618524952868 0.211933303676056
-0.00771679071546837 0.00342101895011269 -0.217507758883308 0.116573893492948
-0.0176611921902043 0.00787374717225282 -0.402267945825213 -0.111679608129656
-0.00410070365379563 0.00253018690481162 -0.162846153344589 -0.508578631711892
-0.0121205144858718 0.00026502872311294 0.504231541355048 -0.480980213043677
-0.0368693684098132 -0.0174529810294084 0.67695124270533 0.162981479276799
-0.0319722266560094 -0.0290989329898889 0.184418588292572 0.459810037397428
-0.0155462205656618 -0.0534757734286173 0.0521275925986264 0.0837815552470955
-0.029583655270958 -0.0551076336032788 0.0542677308589595 -0.416904622441674
-0.032384416955988 -0.0196208377889894 -0.577045543825626 -0.515934177646802
-0.000627149967817106 0.0110620318353818 -0.818558933584531 0.297119192038645
0.0119458818218077 0.00399664632102063 -0.0293901206387978 0.725440317263651
-0.0129225860139254 -0.00275211821123551 0.424982769399589 0.289629685042431
-0.0159532838870307 -0.0037789679225991 0.314329299649361 -0.13489608530788
-0.0040392351334757 -0.0051396959733836 0.023235723712469 -0.275810180614628
7.96053279134464E-05 0.0110278026520914 -0.0154251984669142 0.207731473101235
-0.00470885069373651 0.00339169830208585 -0.225451591596578 0.0947527837716747
-0.0170521940276967 0.00389050506401829 -0.388682870488558 -0.154146985532389
-0.00726586385949585 0.00176058733295528 -0.0892304914198419 -0.529762337987961
-0.0181253663379914 0.00314589293352632 0.574686077460238 -0.419616758536523
-0.0399313395739943 -0.0203074675842738 0.651265960643468 0.239517954315046
-0.029377225727219 -0.0385413738816417 0.140269221131905 0.460208512602568
-0.0110075561613894 -0.0628559615893586 0.0508632557378466 0.0608645248480111
-0.0316225806317042 -0.0584888068142635 0.0134834827716343 -0.436374758964525
-0.0339057079977902 -0.0147104674302533 -0.634015585863909 -0.441569265536937
-0.00217543405808713 0.0155908759124411 -0.756984783262084 0.394567780032027
0.00860085391752274 0.00204849523695349 0.0704817449868938 0.709593734866831
-0.0103560870004105 -0.00576601053955511 0.448921354696695 0.23736784079616
-0.0103373114896064 -0.00450452357576444 0.301271871524085 -0.16090329224132
-0.00471481269777941 -0.00267558291137325 0.013914679616716 -0.279530877247566
0.000163355882609326 0.013430843897735 -0.0229482925678355 0.203854810294415
-0.00117286993614209 0.00296924809953366 -0.229646852598509 0.0719229664703889
-0.013243194932092 0.000100098566891913 -0.368665262996093 -0.196175828586552
-0.0102953704039077 -0.000494738645126268 -0.00999839690841755 -0.545909633042485
-0.022764550865697 0.00420194077117018 0.637287460855407 -0.344748005378567
-0.0367432830902705 -0.0221754881767676 0.614851365673083 0.322164417674802
-0.0215296417350782 -0.0405817423559457 0.0979041209226759 0.460539243356198
-0.00473428530471792 -0.0621782002351313 0.0525247763729823 0.0333728869011568
-0.0311588658486487 -0.0536876945648463 -0.0280441713435991 -0.451930703662813
-0.0302349608353476 -0.00735863321338895 -0.687720655697269 -0.359419053159355
-0.00224676636760512 0.0205777798644031 -0.684203788867436 0.486915681861577
0.00467602346713607 0.00163086338722405 0.166440988292005 0.682818832805979
-0.00826138522375438 -0.00894741796420629 0.4693346296239 0.180023558439658
-0.00453234629158629 -0.00386090475412605 0.286350740827526 -0.186111902924256
-0.00375286653295994 0.000842172302816632 0.00492682200698137 -0.279425788086034
0.00212828091987897 0.0141136773484436 -0.0300790779736875 0.201102334045256
0.00407806269307755 0.00539169327268529 -0.230723812903301 0.050794904844549
-0.00889116985955028 -0.00339408124771994 -0.345730046168709 -0.234174075492008
-0.013150721551704 -0.00403484293057192 0.0643638703115772 -0.553441788290195
-0.0257224024224872 0.0036548806690246 0.684292078574035 -0.266979874165124
-0.0296170656501818 -0.0208855076288246 0.57256538736691 0.396015409549924
-0.0130848118328699 -0.0324100667899281 0.0596616028228863 0.456247977436632
-0.00194380542576077 -0.0531576576989466 0.0544623609285699 0.00949280363230535
-0.0270930341330606 -0.0426920402361707 -0.0659611562755288 -0.462182206759572
-0.0234586704113251 0.00236753853035229 -0.720740309081312 -0.281935364741843
-0.00185749021860926 0.0240825552379183 -0.611915664286759 0.558334991831963
0.00193345756190158 -0.000343412571966602 0.242380725538427 0.645661964441036
-0.00313340074944353 -0.0112766957457198 0.481011779802505 0.126619309957106
0.00105938804099436 -0.00374231078738338 0.273176341867051 -0.207359428210408
-0.00130696398892974 0.00280024758351513 -0.00552355062281385 -0.278233422230444
0.00434759979708667 0.0135473130499356 -0.0361058150666635 0.19991565641523
0.00850243702286777 0.00603258349843262 -0.230753530195078 0.0381761430039259
-0.00370066518021282 -0.0051449357104708 -0.326360741369249 -0.26227209324043
-0.0146093115863268 -0.00812163263207934 0.115808568144733 -0.553498422730607
-0.0242786580880322 0.000988688914170037 0.710560337475014 -0.203951945231353
-0.0210294907478674 -0.0148002992868508 0.537414712969186 0.444815360795556
-0.00675251170657161 -0.0172798585277158 0.0360155965555518 0.450481730659588
0.000554162885382821 -0.0349300051291177 0.0573631268386333 -0.00928021655833493
-0.0185799772938443 -0.0268212657130379 -0.0926513953137552 -0.467775423987274
-0.0131733393968289 0.00941125192220212 -0.741077162177595 -0.221672987541433
0.000482085283304064 0.0239832826435538 -0.557277990406399 0.604997333479977
-0.000226065762229247 -0.00136627951010741 0.292081135130104 0.614549410330587
0.00208897919406062 -0.0129755059554498 0.485913067617487 0.0872320758954581
0.00753654172881483 -0.00347217347897657 0.261942177839523 -0.221415625429264
-0.000888909133933716 0.00433886171422628 -0.0151074437868157 -0.276511260554684
0.00746836023109611 0.0147936196349433 -0.0421806622977514 0.201996223612699
0.0130592368808835 0.00942654638433519 -0.229773655108911 0.0331714289865866
0.00144347782351194 -0.00360314316238682 -0.313096687837404 -0.275675986965004
-0.0149309796107514 -0.0101064711928068 0.139920410140519 -0.556292853578908
-0.0201446100154793 0.000457812148457567 0.719632633028273 -0.167966342887006
-0.00876895657911793 -0.00470613825586798 0.51674505256111 0.470248512102328
-0.00234850604687349 0.00486356242752789 0.0273013317014479 0.447373215224395
0.00218990357083631 -0.011592040625532 0.0604006252968789 -0.0191235046569894
-0.00797252467577437 -0.00784960596864899 -0.103722010536648 -0.471571088813253
-0.00219517954865607 0.013024197602818 -0.746768276209946 -0.191994008936784
0.00249783181201914 0.0218266977655542 -0.533585270626106 0.627902137378386
-0.0019737305677064 -0.00315934138773527 0.314142529303076 0.597751545226775
0.00765058911331244 -0.0134759237084331 0.487343955466724 0.0649734667452616
0.0127984451155754 -0.00218315634433942 0.258943796175124 -0.227010203651763
0.000511681229059153 0.00474943286173874 -0.019373530936289 -0.27165601481919
0.00922120557053755 0.0132957856138349 -0.0458881426352666 0.206318630359011
0.0161662229023017 0.0119076544941443 -0.228612609763374 0.0374393568528516
0.0052199110837544 -0.00126259574015794 -0.314548487366487 -0.277070002050158
-0.0147546086503244 -0.0135243903713086 0.128318650953434 -0.562671996600461
-0.0143389096993949 -0.000909283926224681 0.714522933451304 -0.175259267412478
0.00123339649443012 0.00653011386735817 0.523544117283393 0.46666982161585
0.000215963353416499 0.0283195164561187 0.033871472159814 0.446270780569902
-0.0011165963370503 0.0134585781229721 0.0647625194704263 -0.0192892265522345
0.000714522536987116 0.0109513176957822 -0.0982033740957473 -0.473413644778524
0.0108604235016452 0.0153701272123719 -0.748219376561316 -0.194849293552261
0.00382906147105965 0.0170905475501195 -0.540741061527905 0.628552134164878
-0.00304029584572221 -0.00472542002462405 0.301940065346086 0.60100151169044
0.0115521579337029 -0.0130423163010041 0.487419847089857 0.0651306077365354
0.0167825550271141 -0.000309194801053527 0.265390645226293 -0.223926956587647
0.00189666768234824 0.003567601504264 -0.0220415816580151 -0.268056728806432
0.0119458290489368 0.0122113384343324 -0.0458426588024202 0.209653471018076
0.0173698359318664 0.013431676400446 -0.228864499200265 0.0497442207916331
0.00772772686355316 0.00138035949482057 -0.328024863389376 -0.262221328892069
-0.0136229794952198 -0.0147017571912961 0.0857600356351471 -0.56976366343821
-0.00881314509159865 -0.00334371208442016 0.69284217519041 -0.216216279088916
0.0100409771367624 0.0142960546699939 0.551004774196286 0.434993815815819
0.00130795503438663 0.0491487713827152 0.0565719917754447 0.447122778404331
-0.00435223546136394 0.0373478125513584 0.0686403994873066 -0.00935962659737941
0.00731820678526901 0.0277591920003638 -0.0768309024545293 -0.473563631013495
0.0211088470134949 0.016789940730591 -0.73756598613314 -0.235081719733822
0.00772797459049901 0.0112692667019119 -0.586494361568712 0.601438304525587
-0.00201936728259523 -0.00608413224851997 0.260790992234222 0.624371836398711
0.0152588043346036 -0.00938886666464484 0.485001783055751 0.0883956656187296
0.0190776071679209 0.00133161271946851 0.276535627215258 -0.213067405974735
0.00377921537329102 0.00209798736854834 -0.0188037493789969 -0.26393864806415
1.96050504823898E-05 0.00881928577554713 -0.00709872352160346 0.21347668723219
-0.007980449592403 0.00319866740903514 -0.216643364694369 0.117006504287136
-0.0172408587429843 0.00806936751486406 -0.404848108061015 -0.109348154372593
-0.00353588844668207 0.00312003758596099 -0.164964108662026 -0.508189992786877
-0.0121994261992551 0.000522616903418999 0.502690537494212 -0.485579700114515
-0.0373651300635809 -0.0167751620124366 0.680073272731961 0.158434707556914
-0.0325054843400373 -0.0299635862795274 0.185724459506929 0.456470904385739
-0.0158537970134459 -0.0534240140246868 0.0533417117544106 0.083845925467338
-0.030670088651443 -0.0541754715934606 0.052356159573637 -0.418051630629514
-0.0322026643267802 -0.0210670715541096 -0.582075016195373 -0.513502085587865
-0.00106170903365926 0.00999169888304736 -0.820115069191199 0.30374626389114
0.0127673863743349 0.00389429834470555 -0.0247383305672887 0.73129465624301
-0.0129111546956401 -0.00187715913257841 0.429548491907073 0.286743242408882
-0.015579503346868 -0.00256420731481396 0.313685329622349 -0.139570157855816
-0.00471449013622429 -0.00493731714788594 0.0197451954138084 -0.276367857922315
1.54524217691743E-05 0.0105855644604552 -0.0135028366061227 0.208315827480139
-0.00468522911793176 0.00386934077164396 -0.225778806470937 0.09484487998829
-0.016921268359408 0.00437347537648542 -0.389624896862844 -0.15179295376989
-0.00692265876019584 0.00149499466867496 -0.093324916272238 -0.532836197054174
-0.0181291202544634 0.00423255868431961 0.571592333086686 -0.42557286456885
-0.0398602812650361 -0.0200738043541749 0.655099138030552 0.234558922672529
-0.0286182874571241 -0.0376370691334364 0.14226206866172 0.459070756333967
-0.0103902551277656 -0.0630059358643832 0.0511317721164692 0.0591438274270526
-0.0313268845226553 -0.0582886776309894 0.0126297961845503 -0.436371969814601
-0.0336178618428014 -0.014998103745908 -0.641248086995368 -0.437434545019644
-0.00248157024588265 0.013879709889248 -0.758892915763818 0.400798672950316
0.00793465729315826 0.00191936352362806 0.0742119696083975 0.712612822274111
-0.0114893695874048 -0.00595784170110387 0.453253416951907 0.234544424941438
-0.0119090640539934 -0.00319514558417071 0.301243315906739 -0.165159723158819
-0.00444635185465512 -0.0022547457076104 0.0120511284952669 -0.279357396211696
-0.000182981192588899 0.013162549235332 -0.0203455032699495 0.204458693150231
-0.00245545585940553 0.0037780649735627 -0.230204111124799 0.0738160504782157
-0.0137028122077512 0.0012690342736633 -0.370685769507545 -0.193743167085403
-0.0101626427132076 -0.00127758794389729 -0.0126161803636604 -0.54687549468563
-0.0239588955429609 0.00399322820735422 0.635255313877688 -0.351389681771138
-0.0382132561028443 -0.0225316068315832 0.619787533134734 0.319488007128976
-0.0224999021445368 -0.0387843210057304 0.100230993035726 0.459842836166097
-0.00564864295990612 -0.0625125978904596 0.0518711393952755 0.0320846645826835
-0.0321005657119393 -0.0548042634246148 -0.0299960189503558 -0.454062701506394
-0.0319344367642329 -0.00625760174998404 -0.691157790852179 -0.357388494541739
-0.00153466786431024 0.020460527467727 -0.683674349820266 0.493136647769451
0.00394911358287624 0.0015095818500295 0.171877278525136 0.683180102920854
-0.00788692418665039 -0.00871661881315576 0.47228896628599 0.176034144702614
-0.0050548196805674 -0.00505903022637941 0.285017061360453 -0.190401100693281
-0.00306929121926691 0.000447410449537019 0.00198158447402864 -0.2823181331851
0.00222553890772172 0.0139020761850016 -0.0266225382387612 0.201311405282204
0.0036114254935675 0.00497262643780522 -0.232247993901209 0.0535329887740567
-0.00886527729775617 -0.00409677574058952 -0.348984318278107 -0.232712832562778
-0.0125757775506238 -0.00372088465557874 0.0608143271130299 -0.55527186583956
-0.0255483347873319 0.00346682481536329 0.683788570434774 -0.27145773584483
-0.0307529338195315 -0.0211486313848683 0.575300036432912 0.392240012588707
-0.0137370330026695 -0.0319944736587741 0.0618242945261154 0.456062217089542
-0.00195107528171499 -0.0540996600342598 0.0544328372440489 0.00886101856137966
-0.0270286236308437 -0.0432855109069804 -0.0686143590701131 -0.462407299455167
-0.023381086407197 0.00280842638962053 -0.725870293413894 -0.280039137562131
0.000135397627985777 0.0238230272705379 -0.610549445570446 0.5666010547135
0.00112418994505697 -6.7518851862269E-05 0.249968506825095 0.646835943698956
-0.00280830947984915 -0.0123081989084178 0.484381930972125 0.124072554191725
0.00133163104897503 -0.00453356298610579 0.271953875852505 -0.211451363542763
-0.00166384050801059 0.00286411129389548 -0.00855782145487746 -0.281017890711996
0.00517729453452721 0.0145573201064255 -0.0338341254530793 0.200222619645
0.00917533716948874 0.00682255657485845 -0.231597882151577 0.0404667580445249
-0.00401721623065009 -0.00364212538459701 -0.32855244013782 -0.258924520073541
-0.0150958050607183 -0.00764955271028798 0.11302000811736 -0.557064532502749
-0.0252466619636575 0.00192955096998627 0.71206122583875 -0.210552731366124
-0.0192680669168268 -0.0141847103289697 0.539988502840883 0.442410444839578
-0.00607616336811377 -0.0176163912152465 0.0368899837049148 0.451294268725439
0.000891631079791699 -0.0355836927755101 0.0561997208550485 -0.00832937082637781
-0.019395105487186 -0.0260627442624907 -0.0947015906407504 -0.470787652499764
-0.0130118822756857 0.00934654388981663 -0.746008679386122 -0.217517006422563
0.00172387432002817 0.0237330757696085 -0.554704642263538 0.612292865018842
-0.00104625251366157 -0.00234727236236489 0.298554701176368 0.616115952096587
0.00200381883174032 -0.0129776303058807 0.488191863415725 0.0815138245436681
0.00752201786909931 -0.0028177769404197 0.263471758137026 -0.225705338571911
-0.00181225784362671 0.00413381250532219 -0.0162738438813373 -0.278353379798278
0.00783058484354855 0.0142912810216851 -0.0398919045426023 0.202984215646655
0.0137524412060153 0.00969661671495576 -0.231913628007326 0.0345466156161414
0.00127182786077049 -0.00359626513430599 -0.317355615727472 -0.274239743204833
-0.0153583472371425 -0.0104114292719759 0.136905253116155 -0.559865202116819
-0.021196481748466 0.000429598924139299 0.722783953788926 -0.176479274902824
-0.0078369318653365 -0.00497356228921872 0.523019100579919 0.468046874979561
-0.00257547810146913 0.00494709125035156 0.0288750808605009 0.447928086598446
0.000268650876471907 -0.0121670655047162 0.0612237404124819 -0.018955277221502
-0.00878665605150324 -0.00874892442812636 -0.107235935415991 -0.473647914393814
-0.000643628739785261 0.0134957507912947 -0.752861162741111 -0.186728655791645
0.00351941644470894 0.0213961320108795 -0.528795121549802 0.633492017161004
-0.00245863067124509 -0.0030876516388362 0.318291778178239 0.597283145280286
0.00683878835343581 -0.0134425282282183 0.488855219409088 0.0616297980750615
0.0135121669705688 -0.00226517251638563 0.257406840552574 -0.231176605804417
0.000471320905995413 0.00462338971900355 -0.0226138772488508 -0.273037481920306
0.00963261167716055 0.0136379580837473 -0.0429779671327888 0.208169481532998
0.0164047805863404 0.0112476262717249 -0.231550543941975 0.0378382345021117
0.0055149578880169 -0.00222044200657024 -0.31728196247565 -0.275170238196798
-0.0145812361546662 -0.0126027776533083 0.126865036675517 -0.565518094348777
-0.0147530649373634 -0.00181913903329825 0.716883676767831 -0.181466769702188
0.00191321539099398 0.00603700993508794 0.526993955588155 0.466902858441411
0.00099714106403433 0.0284700205591098 0.0350841452735352 0.446066133313731
-0.00080813642397481 0.0141132854510465 0.0661205017093872 -0.0208594258966336
0.00087603169182574 0.010569820255593 -0.102472601690152 -0.473926221519699
0.0109925033229399 0.0163286443962615 -0.752461981410876 -0.189401418165717
0.00369529558201111 0.0166857985772732 -0.537321205678863 0.635996970751779
-0.00344113877123273 -0.0051220291387779 0.306037846757131 0.601430920998864
0.0113480008692285 -0.013126664399221 0.488963884761587 0.0609040164029283
0.0172922626085783 -0.00133337383435062 0.262805188785567 -0.227776986833416
0.00213223072237235 0.00288393166129457 -0.0233838075658325 -0.269190558370161
0.012427611072193 0.0120291054079721 -0.0441052718333662 0.211304938200099
0.0169993258511398 0.0137264804261304 -0.229104029941218 0.0513842250693858
0.00755913010124716 0.00163496611330196 -0.332113054072519 -0.26063207073024
-0.0129843850658433 -0.0144028174772666 0.0820216204608013 -0.572069830483457
-0.00990336085900952 -0.00391993925018662 0.694560368078909 -0.223402088602061
0.010241724996762 0.0147748921683787 0.556394864295303 0.432335371655486
0.00301262905499665 0.0496637358907735 0.0590531584061073 0.448385211485702
-0.00395875534150451 0.0380405336456051 0.0689654380944845 -0.0107028895004708
0.00780718577288411 0.0280268510839439 -0.0792674914655965 -0.473845678070446
0.0204756175721793 0.0161673330115718 -0.73995891261765 -0.230598088657292
0.00752881184776219 0.0110014293092104 -0.585542036566482 0.609324497052577
-0.000803072208098181 -0.0049846152078617 0.265207897649074 0.623888601458783
0.0138717765123793 -0.0105166710305196 0.487355669456968 0.0848655172291721
0.0186748543084184 0.00153738518446675 0.276070951954481 -0.216523457876844
0.00246964890556375 0.00211388759156985 -0.020172380630535 -0.265129754625335
0.000260587247791252 0.00937858107405225 -0.00499618365745239 0.21414326059834
-0.00806673631570399 0.00392349018141197 -0.217832861322045 0.11884777175175
-0.0167940200420575 0.00896763945621251 -0.40718931893509 -0.106592538960002
-0.00386461160407775 0.00337146543227428 -0.16932045766807 -0.507499270725776
-0.0122444463130302 4.31548906100546E-05 0.499808688704941 -0.493241041579728
-0.0383969272426028 -0.0165488019825436 0.682250885906407 0.154318853269898
-0.033463831428809 -0.0281255442967456 0.187679186647853 0.457491260807722
-0.0164163384209591 -0.0523779856222725 0.0546117788310482 0.0829787179332146
-0.0318638943291553 -0.0551114151482505 0.0513749232793516 -0.420848108313609
-0.0329311363692458 -0.0201344953049709 -0.586686913788851 -0.509897763095093
0.000191895014566141 0.0104041138340682 -0.8202282241968 0.31041403690276
0.0113193753664426 0.00378616945326782 -0.0204984450888836 0.733178459870844
-0.0131138621095106 -0.00119696536156134 0.432703964435634 0.284548161748216
-0.0153500244295625 -0.00288087987656314 0.314419530360125 -0.140751958959373
-0.00634649556937643 -0.00546979802686973 0.0180372004022813 -0.278612929487682
0.000175339282797669 0.0108909171751923 -0.011103304269802 0.209482037912813
-0.00504080108787158 0.00289371960118078 -0.226121124114795 0.0965131718277004
-0.0163045279470555 0.00568428481663725 -0.392671017887112 -0.149103656962399
-0.00719868229871751 0.00206752340545624 -0.0959945870626267 -0.532522515575348
-0.0169803431170648 0.00351332204355973 0.570860241540134 -0.432246603277567
-0.0403852446249913 -0.020521533477797 0.658208888665552 0.232942738152055
-0.0290116330298676 -0.03670244543094 0.145766589783031 0.460324827375431
-0.0119567913986155 -0.0630827809643977 0.0508966334676229 0.0598394583458257
-0.0322836344403642 -0.0588692535547714 0.0109753709246778 -0.437840463172762
-0.0348371565099594 -0.015046179633128 -0.645058805850158 -0.436707134523692
-0.00236580249487749 0.0156851309771159 -0.757126005001949 0.407918322695322
0.00843737257624667 0.00312677723803014 0.0815222724462799 0.713416720358269
-0.0121740831109644 -0.00610128351696272 0.456317909352753 0.233162673996866
-0.0116036698004327 -0.00354626240857517 0.300416869279454 -0.16840605272415
-0.00537904223070663 -0.00233352612045792 0.00882860283206621 -0.280805559806395
0.000222898995317023 0.012372066561994 -0.0183870852544081 0.205019618074057
-0.00113556542740358 0.00317834344036894 -0.231321204460201 0.0748477564574035
-0.0132392222052316 0.000753459359709685 -0.373769364846005 -0.191211103000084
-0.00945356778105427 0.000571301178279505 -0.0145527537082431 -0.548097092237285
-0.0230910600404712 0.00415578233367131 0.637595255133173 -0.356202169381301
-0.0382534627760768 -0.0219715862624015 0.622118129217242 0.316967609165082
-0.0220648420792949 -0.039437041985595 0.102685772690662 0.459955688178642
-0.00617954904369408 -0.0621679852270876 0.0523866215690679 0.0330733526214998
-0.0326222830163651 -0.0544140973459035 -0.0317515354490398 -0.456143540025598
-0.0316720257323843 -0.00625473831160548 -0.694999648402058 -0.351138417765475
-0.000679276263230189 0.0198744036560353 -0.682544266589784 0.499376476476689
0.00510985441776578 0.00151292437838395 0.17610009013326 0.684939380233154
-0.00778888223620357 -0.00792589679880111 0.474789026496888 0.173722162682506
-0.0054082850091008 -0.00447313440290578 0.285005101591599 -0.194064380128431
-0.00455849839792307 0.00075967235277309 -0.000379943067661121 -0.282886614613302
0.0028100724988345 0.0135542894909082 -0.0251703840089259 0.20264355924901
0.00336540049566007 0.00521379214508163 -0.231192813130223 0.0547231222406337
-0.00942086525929982 -0.00367318471136825 -0.350968895738069 -0.229644985708953
-0.0129914228469092 -0.0038677565935651 0.0574724390809127 -0.555528327225754
-0.0255445599387803 0.00347272540620528 0.683628089479951 -0.27652520226701
-0.0307352144560801 -0.021369667019669 0.579859326212155 0.389801729705488
-0.0124564346280516 -0.0318633207306078 0.0648156426886011 0.457673635263564
-0.00149046333962518 -0.0530183457051685 0.0536300281436873 0.0080695437905886
-0.0282765509504108 -0.0425970346707033 -0.0709067741264341 -0.465505396534181
-0.0236508405779934 0.00236466678577054 -0.72871104103475 -0.273121417339509
-0.000315541676687145 0.0228178745717522 -0.609077652880638 0.572981118586109
0.00151802075494281 -0.000118654337683067 0.254739884642821 0.646775986448146
-0.00316230224985349 -0.0114680988001302 0.486385038526348 0.121521164843878
0.0012020125851685 -0.00422932691840843 0.270899835574657 -0.213576363148627
-0.00382888431402981 0.00312958763818863 -0.010106137029308 -0.280073078628518
0.00471537575189818 0.0127316850070961 -0.0323430384910532 0.202512556173786
0.00898940845572115 0.00649696259313486 -0.232393620688906 0.040718656313638
-0.00337695731760946 -0.00407040513409128 -0.331422346271378 -0.258102408185983
-0.0148516139917368 -0.00737214209292399 0.109857234617233 -0.558800987407788
-0.0244245648463217 0.00287520137281951 0.711527679330071 -0.214008479856126
-0.0201089544321457 -0.015155976278106 0.545510645016915 0.441054673685756
-0.00553688915961053 -0.0157555253234457 0.0400294742851105 0.452124857199766
0.000311484865841461 -0.0348324430509307 0.0575878602071283 -0.00987614202775758
-0.019444668491615 -0.0262728803325204 -0.0988909976354858 -0.471279966996342
-0.0130003356901611 0.0104757923520021 -0.747240715158615 -0.213711307786288
0.00219199592819552 0.0245296462804175 -0.552758552869283 0.616910347748902
-0.000857199140667615 -0.000676060661950639 0.303560142267203 0.615451150994353
0.00131919963128007 -0.0124020986680861 0.490160593225702 0.0801099149310589
0.00728579738140287 -0.00360689683295274 0.260849018420856 -0.228431428155609
-0.00140642182400289 0.00388541711990713 -0.0193425978303787 -0.278295946537619
0.00770835909462292 0.0142308460651904 -0.037363908238472 0.202460787261983
0.0133306808999599 0.00914838020646123 -0.232344731901847 0.035609381410883
0.00187348198860257 -0.00462643045262467 -0.320465004517558 -0.272206977737094
-0.01534354930031 -0.0118234421878894 0.133018228766471 -0.561174865188552
-0.0210345726361535 0.000930211830246874 0.721936691200918 -0.18020222418605
-0.0101174683119397 -0.00472036706974495 0.525839605913627 0.46641082042372
-0.00136993497980116 0.00521861717663634 0.0299080678458148 0.447178043849244
0.00145010985291753 -0.0122354451002652 0.0601451065204902 -0.0203666338455224
-0.00966702724430308 -0.00870731548648554 -0.112126483777206 -0.473563007985438
-0.00138934581855535 0.0136675106579465 -0.7552442423084 -0.182189863315705
0.00301287479770081 0.0222330571276953 -0.527436079275631 0.639428764507278
-0.00254094047718891 -0.00296188647203564 0.324417412461594 0.596754199901416
0.00647419874440405 -0.0135221768379992 0.491721628370104 0.0573001251841489
0.0128940890465855 -0.0015511618997475 0.257016586319524 -0.233457993350366
0.00022123282424052 0.00498424549750135 -0.0253864830753383 -0.273971173198217
0.00986643684366403 0.0143227371823565 -0.0412531411913217 0.207698928352385
0.0162614153452432 0.0122302598572762 -0.231551572421836 0.0398275911180849
0.00541713582650603 -0.0008072288889988 -0.32090355303607 -0.274002729266431
-0.0157934248447923 -0.0131983956288738 0.123463941522206 -0.568167510873398
-0.0153371828414455 -0.000973082801733291 0.717758204180484 -0.185971454711621
0.00101867513327626 0.00680829631381247 0.532427080748698 0.463863976355734
0.000895570311025858 0.0291493773591771 0.0359515390953778 0.448184012073759
-0.000410547039095107 0.0141261595494168 0.0645741570975842 -0.0206307978432014
0.000848245149764161 0.0101764059680897 -0.106806112933921 -0.47529582662407
0.0102565963439282 0.0157055535352389 -0.757041702403213 -0.185827306252875
0.00583175516493602 0.0169574696013855 -0.538124948379689 0.640296068658682
-0.00310600347074345 -0.00457566366023507 0.313717260572216 0.600651552948498
0.0120611322647724 -0.0129372231934489 0.492304729331385 0.0572759837651731
0.0166108230056395 -0.000168459837966673 0.26274998006242 -0.230322767896328
0.00131051733806866 0.00378528331927888 -0.0265792771432605 -0.269601400428634
0.0116330811310362 0.0122673674297162 -0.0429695425559106 0.212780985842913
0.0166359148414845 0.0137685297008573 -0.231081571268672 0.0524961047098208
0.00818235147432924 0.000766489292864376 -0.334428721026461 -0.259202083665246
-0.0140036088525196 -0.0150356273304345 0.0797049611793544 -0.573321896404188
-0.00917116550582849 -0.0032868158598272 0.694244269183003 -0.229922368572931
0.0102356535671892 0.0147359051151852 0.559880290859291 0.431133214765481
0.00439487187940525 0.0501242724311204 0.0592945971731518 0.448363473540887
-0.00364810755291771 0.0380637496221136 0.0680713383705526 -0.010712180991655
0.00944630647701212 0.0276487289102567 -0.0816239817214353 -0.474413726072531
0.0206223887971072 0.0160457684859226 -0.74497690254813 -0.2258507540864
0.00709428526474988 0.0105623170369413 -0.582748585852522 0.615376086943164
-0.00233245330764178 -0.00548417176255194 0.271614478608724 0.62443986682779
0.0146156295972431 -0.00939457490793795 0.488989466456944 0.0809476267377785
0.0186610121029974 0.0015055092420794 0.275156760267271 -0.220931267468641
0.00258027848530918 0.00150943532245147 -0.0231670855518704 -0.265170559413194
0.000715915922613972 0.00925280433787253 -0.00285081126632468 0.214768323515987
-0.0077583664490437 0.00380517980685949 -0.217011603923798 0.120540639367326
-0.0173131907965475 0.00944586000282607 -0.408152107730479 -0.103599610508016
-0.00315603593363386 0.00279909590087369 -0.174115406861451 -0.506903826150152
-0.0121964021489975 0.000154000708653302 0.497307007110567 -0.49678853132448
-0.038176573757908 -0.0161267954540142 0.684512716379011 0.14849508629504
-0.0319990882197601 -0.0276203301687125 0.19055917054537 0.457259585233438
-0.0173737535565876 -0.0528336216304993 0.0550038769591309 0.0824559890927182
-0.0317007715489182 -0.0537547600554669 0.0498714559404785 -0.420110785603866
-0.032767885015545 -0.0191778052290688 -0.590289866946314 -0.508323633333082
-0.00141913733420135 0.00955828311579328 -0.818649886448054 0.318233204373856
0.0124616150979255 0.00351023062387009 -0.0127944725792034 0.733910924703329
-0.0135605496883919 -0.00197935965861272 0.436358574706412 0.28263916383118
-0.0151295679396601 -0.00262163208391957 0.313020233459291 -0.144799025096132
-0.00519584180248715 -0.00603143068979508 0.014948950569109 -0.280596747545754
0.000231394249149656 0.0109712645903077 -0.00850243565626977 0.210406501001247
-0.00559998220720585 0.00322647593120894 -0.226494382257566 0.0975374715065877
-0.0166372371297592 0.00526276960201043 -0.394902908495359 -0.144487885341317
-0.0068349774037347 0.000793265495327374 -0.0989153692864228 -0.531842471555605
-0.0184206241334608 0.00352406286277673 0.568440730429578 -0.435638185183453
-0.0404488848397353 -0.0199998873147775 0.659781013293828 0.229003940772339
-0.0289024398299603 -0.0364385225686396 0.147763317254365 0.460584156374221
-0.0110470883391312 -0.0631246619856201 0.0525011479440834 0.0576330837928874
-0.0327043843744917 -0.0587492858587956 0.0073503936859679 -0.439078441342381
-0.035470678263542 -0.0151029215295158 -0.647815390610614 -0.432258306504311
-0.00145445871553181 0.0153686082537595 -0.757941762865594 0.413161573546595
0.00789097223751714 0.00276839150961706 0.085822365908592 0.716239527076538
-0.0117864782651854 -0.00503062866448791 0.459078289434033 0.228384999043696
-0.0117368340699678 -0.00448234891844414 0.299283931164267 -0.170756958690186
-0.00528924955686109 -0.002386477485649 0.0069343375713311 -0.282270372032414
0.000797241249426384 0.0125197166690506 -0.0169759968180562 0.207512439003903
-0.000995998670509512 0.00316737622056594 -0.231439668858156 0.0756310296889773
-0.0132527108364205 0.000717928386670458 -0.375068098753411 -0.189463025193668
-0.0104709262299478 -0.0015128938853125 -0.0197415695777068 -0.549813025286128
-0.0230560428210665 0.00485681673840694 0.633428716549682 -0.36061512473204
-0.0385527437062721 -0.0220520559059785 0.623792433110845 0.312966074823046
-0.0223590480812676 -0.0384877991249682 0.1040572039836 0.46119356792352
-0.00673256070218947 -0.06301512790336 0.0523966688108941 0.0322988066534436
-0.031692673802595 -0.0531551716964903 -0.0333917243530822 -0.454942211409021
-0.0315238717843522 -0.00632158288359177 -0.69631598031004 -0.348852677651055
-0.00133254821248257 0.0202353978869756 -0.680030120672774 0.504642431642913
0.00508569194877339 0.000981539983640893 0.181551138805257 0.685127631157816
-0.00854233307825935 -0.00854257139790072 0.477800693692183 0.168700521850809
-0.0057126179664189 -0.004062098758071 0.282246587945111 -0.196356316918751
-0.00437332292350183 6.91378347661767E-06 -0.00276964452306348 -0.283489744226926
0.00263832675346542 0.013621085849393 -0.0231799188531061 0.203419669208762
0.0036124688067845 0.00454526315139962 -0.233412597138716 0.0562667950907508
-0.00884267510206469 -0.0031413940519999 -0.353439489602613 -0.226175488784645
-0.0127523242221894 -0.00459847363835955 0.0549205602878019 -0.558278041471028
-0.0256463591221508 0.00363781174956908 0.681341170371573 -0.281340131288505
-0.0309490749643693 -0.0206646219643759 0.583148020775848 0.385903786767387
-0.0134669532569331 -0.0325236120227395 0.0669263913542579 0.457744676655889
-0.00205591883866194 -0.0530577019034041 0.0534936152865975 0.00787589159705791
-0.0270606491727995 -0.0421334462637809 -0.0729632901449128 -0.465924481509907
-0.0243735895864302 0.00297450067594311 -0.730534871261429 -0.269182920204546
0.000312223983112727 0.0232499814389006 -0.604692205931909 0.575691092295082
0.00253552219343735 0.000409370621272991 0.260185470534073 0.645070185862679
-0.00373679324239584 -0.0107669570398211 0.488337263616349 0.116590513545572
0.00119843585355273 -0.00403633617279238 0.269005165169347 -0.217838597944579
-0.00316020389459939 0.00226620575734483 -0.013103174183041 -0.28176478364479
0.00570594634011634 0.0143856661408082 -0.0293341279831439 0.202891244487813
0.00920759592770828 0.00678369785626327 -0.233490947755416 0.0420762594817084
-0.00379970715717554 -0.00510356769162308 -0.33456433150024 -0.253946655536773
-0.0150035855430754 -0.00814997581484305 0.105893872375846 -0.559337590541485
-0.0247364853592377 0.00238899496094316 0.710279995464364 -0.219060025776688
-0.020948304378528 -0.0147029244321737 0.548149701509704 0.438036649820762
-0.00631427340543015 -0.0155085537651915 0.0418562085614787 0.451321072982752
0.000121951618189478 -0.0351490509364785 0.0567575969971425 -0.0112864741807875
-0.019980278745523 -0.0255254930639425 -0.101303656635499 -0.470955812414842
-0.0131487943987293 0.00893879185593045 -0.750078257815668 -0.20863077976173
0.00208545207918299 0.0238002307837809 -0.54946281263618 0.623513828408874
-0.000650426417380419 -0.00123035982686629 0.309276999952879 0.613243624985274
0.000908361461074462 -0.0133907771232156 0.491204829572964 0.0747274025818953
0.00738687715916817 -0.00376300098674659 0.258820532925558 -0.23053418389292
-0.000943947894221785 0.00425249284666647 -0.0214572798688289 -0.279140912124067
0.00773502177351142 0.0135318025620155 -0.0359896278469037 0.204082688445538
0.0138212227487385 0.00837391229913776 -0.23224992776501 0.0366737285863161
0.00103202805356751 -0.0048609114415841 -0.322996695539168 -0.269987715398816
-0.0150423802160971 -0.0112526730993564 0.128694655141083 -0.5623086432828
-0.021088431163428 0.00176451391032719 0.720675868100117 -0.185166548477769
-0.00813959817660867 -0.00395208995886492 0.528966415303092 0.463771028885743
-0.000571166452833088 0.00515961033959378 0.0309522638867958 0.447679849569679
0.00121368002965128 -0.0118772560918883 0.0603399261687536 -0.0200935559847479
-0.00971735421661811 -0.00806187927647406 -0.112951269977607 -0.474263727352214
-0.00173316139875146 0.0125286570883931 -0.756516442351966 -0.178535463952472
0.0036721230000295 0.0204927195184648 -0.521783420321473 0.644502803379665
-0.0031741477049367 -0.00264838667415378 0.330388574466746 0.595764896212652
0.00603492623784549 -0.0137681582247822 0.49161313509156 0.0532392729071874
0.0128202153099623 -0.00190455969286457 0.255437506421643 -0.236825284664692
1.46298960686277E-05 0.00463817548328081 -0.0277162966938651 -0.274052715811572
0.0100594869860878 0.0135519792618421 -0.0383271829400933 0.208568554904387
0.0156587637984715 0.0120804302073765 -0.232187999561423 0.0418243321358736
0.00565196567157467 -0.00191082200932931 -0.323906663003846 -0.270637834131967
-0.0152509523613269 -0.0130036720755327 0.118085935313297 -0.570535507116846
-0.0153521991062209 -0.000660562108539934 0.7160467310585 -0.191384270480068
0.0010331227006595 0.0060382854587795 0.534683706368545 0.460493194580956
0.00188982300369025 0.0293069312099097 0.0402756210917855 0.449061652147842
-3.14726027146736E-05 0.0136100400858563 0.064281342886912 -0.0211334866534891
0.000901787127773456 0.0109320382264964 -0.109102828998081 -0.477879168452682
0.0109839031464119 0.0149007139262527 -0.755505342095648 -0.181208337620691
0.00516568788627937 0.0166472745015037 -0.532899786263538 0.645312071383354
-0.0036733058672233 -0.00437497921696425 0.317971609337596 0.599345889566354
0.0116355633195946 -0.0130891966581674 0.492477997828248 0.0544831684723047
0.0174758850837521 -0.000258146321994914 0.25991827591783 -0.233566217339577
0.00128077860312545 0.00340540079575605 -0.0285019517782042 -0.270582879579501
0.0121056919983228 0.0117576610919563 -0.0403404931714265 0.213801445681445
0.0183856454015466 0.0133654424699516 -0.230984011412815 0.0560757423185376
0.00825187681311447 0.00102047294995972 -0.336513569603807 -0.256064978121341
-0.014045445062923 -0.0136250745876497 0.0738382701284816 -0.576145540997699
-0.010108074140037 -0.00346513023648536 0.693611009111976 -0.233480843071193
0.0110426721165557 0.0147832238730829 0.563261890850623 0.427496310474489
0.00464018889075243 0.050681456579315 0.0633522769657553 0.449608778507977
-0.00492123961333678 0.0375488552686107 0.0682309966927845 -0.0118627815079255
0.00845234800035824 0.0287190386656735 -0.0852809189559575 -0.475881789944441
0.022173032083552 0.0161609436602033 -0.745333329836155 -0.222597498979692
0.00835483607476474 0.00951259690027709 -0.578656585968953 0.620910117014258
-0.00189281319177908 -0.00552962871758147 0.27640109922219 0.622448853678112
0.0148738446132205 -0.0104539468326002 0.490037595316278 0.0773074394427548
0.0188852665635275 0.000772112053917728 0.272961039947961 -0.223187211483731
0.00304247226408235 0.000790878091410981 -0.0249978569427239 -0.265657513652368
0.000868094195427975 0.00933071679752932 -0.000110711370338398 0.21507407193797
-0.00752451171355018 0.00413002748442046 -0.216682631472203 0.120853105229382
-0.0160274335832654 0.0100283199996166 -0.409069153110207 -0.10064281263193
-0.00387153314452754 0.00320267934204527 -0.177268378925423 -0.507992286868258
-0.0118857974617605 0.000825384560234356 0.492354003312338 -0.49983972303457
-0.0387991406249934 -0.0163811994532869 0.683683924139504 0.142745928385218
-0.0318338842862506 -0.0269784360388299 0.19235928765317 0.455579561881625
-0.0163823590154645 -0.0519269348205866 0.0548840036886397 0.0820112547298548
-0.0324296269185341 -0.0540806466941769 0.0479999758527649 -0.421538409724384
-0.0336358000572613 -0.0196414090267822 -0.594851617287694 -0.505324669242313
-0.000514024688916395 0.00981006733440129 -0.817850686934511 0.322188216330412
0.0118742765149317 0.00299049589719899 -0.00753952768661018 0.7356541927928
-0.0135965111942365 -0.00184049220016335 0.436769035284338 0.278185856779656
-0.0152927808248794 -0.0024812777616663 0.311784073876992 -0.146683571614008
-0.00641154163227264 -0.00522300138291028 0.0131736564780569 -0.280389011675902
-0.00019693054466434 0.0102240620442656 -0.00707782001144112 0.209655975497954
-0.00506425925342882 0.00363365215525401 -0.224998137106066 0.0984860324170651
-0.015918169545956 0.00583131211715119 -0.395966614188645 -0.141140547233123
-0.00686936166888875 0.0017124835199796 -0.102584358269277 -0.531271982923486
-0.0190107375700504 0.00339819920783876 0.566464326076313 -0.440321382235813
-0.0409889089888704 -0.0191798864359391 0.661741583551438 0.223491380333165
-0.0296082488954162 -0.0361187395459776 0.150200199522386 0.459708184605538
-0.0119422579716221 -0.0627577766896338 0.0526591407901725 0.0573340960671753
-0.0334903476429552 -0.058894354809029 0.00526190763059676 -0.440470597085699
-0.0352880607846639 -0.014773883475001 -0.650611845270975 -0.430416224250202
-0.00125621249184471 0.0151718382038755 -0.755332469567086 0.420765358428926
0.00967810222284475 0.002771588480764 0.0914010269668928 0.715082617060894
-0.0121809386774634 -0.00384159953636233 0.460713414270857 0.225050459547466
-0.011895072007199 -0.00378686750613011 0.297197042873168 -0.174348800425118
-0.00595242479661922 -0.00177714016850812 0.00423963302851575 -0.28236178962604
0.00121693841170228 0.0132660242738335 -0.0142976028551863 0.20631918458615
-0.00125243109443737 0.00347216054366939 -0.231182467678143 0.0765885427944504
-0.0132562316945831 0.000826120459251553 -0.377432728600276 -0.183955343007257
-0.0101799472937622 -0.000436794188336377 -0.0214332690268015 -0.551461687689513
-0.0231561869659735 0.00498089469969424 0.632369904605975 -0.365764406803657
-0.0390022398451881 -0.0221490361603014 0.626975613030132 0.307707025242502
-0.0221188148426047 -0.0372935574516648 0.106580767149991 0.461699687381642
-0.00659061628076744 -0.0628567383459495 0.05200827349753 0.0308117212879697
-0.0337748378945216 -0.0536479966752181 -0.0373580485730983 -0.457212475758948
-0.0322988800917032 -0.00606635658941827 -0.700172018281521 -0.344724507028123
-0.000718937416636329 0.0194700614102598 -0.677706345985775 0.512343359774116
0.00481269890976914 0.00250906962348946 0.186580156369377 0.683827442751544
-0.00878592757372246 -0.00834444434948883 0.479439224465798 0.165749838188081
-0.00473128709786369 -0.00493333807757976 0.281569353537645 -0.199345191692529
-0.00467723445710376 -7.04499566076509E-05 -0.00582566695392713 -0.283670179711277
0.00244520087757296 0.0139163798895763 -0.020566027067686 0.203858571492833
0.00395485196542832 0.00531897054413745 -0.233673371243112 0.0573063821406163
-0.00797761734819028 -0.00217018128245641 -0.355256001353623 -0.22321139044513
-0.0131072639889051 -0.00569318317290335 0.0504198606749784 -0.56020691976655
-0.0250241536785266 0.00431501563857714 0.680558261425947 -0.28701541062035
-0.0316125614623713 -0.0214386412956871 0.584561522898166 0.382808645012311
-0.0131174095191128 -0.0311909504791725 0.0690430300843723 0.457837383264223
-0.0035399239054258 -0.053561013377126 0.0537507012847544 0.00735198146690993
-0.0284994666537498 -0.0430297068362121 -0.0763609052840119 -0.466147853070878
-0.0248405397004893 0.00325753591934919 -0.73096922034902 -0.264277964187827
0.000215423234292083 0.023236962590891 -0.601275737439577 0.580858259362848
0.000612101094627992 0.000422888136972246 0.264878417608884 0.64542435100328
-0.0038896666270793 -0.0116378597589518 0.488109789527145 0.112347078697753
0.00180810848753747 -0.0051301461810158 0.268712320151898 -0.21982103819652
-0.00366833557919567 0.00113519108491957 -0.0149291995978193 -0.281639897996941
0.00566150483708387 0.014649982609621 -0.0280125533916548 0.203446506979735
0.00880619707138622 0.00772307760831681 -0.234410051488216 0.0422595336419136
-0.00340642258732946 -0.00402010831299299 -0.336275336313875 -0.251482242795792
-0.015270004935073 -0.00805044040413322 0.102456102799243 -0.562825242936233
-0.0249332744243483 0.00283713759599713 0.710374389978998 -0.22361553551396
-0.0214105226542273 -0.0142878143547705 0.549494100492229 0.435081828073766
-0.00612946133076361 -0.0156426643104381 0.0439102647697798 0.449713384615795
0.000510924803555299 -0.0356853723093764 0.056202821209113 -0.0110213584372634
-0.0201010075561507 -0.026842927393601 -0.102426788968783 -0.472628490302291
-0.0134076908142268 0.00952982267089311 -0.752391834149762 -0.205474330987985
0.00193285588381575 0.0223564607971775 -0.542780534022754 0.626813145578532
-0.00138926940527958 -0.000116651744835607 0.312324939142987 0.612182933486015
0.000515246254749923 -0.0129205512426882 0.492551318042059 0.07221959956737
0.00782383442252522 -0.00358966930979843 0.257108609635592 -0.233624643448525
-0.00262721158296457 0.00402857226949076 -0.0260858317835209 -0.279629130520177
0.00924470698877079 0.0141528311227219 -0.0337939592312887 0.205123048070358
0.0137225928165167 0.00988198413500624 -0.233416492782964 0.0385588759727717
0.00218036765992514 -0.00475281763115511 -0.325026103111459 -0.266294004564179
-0.0160775037315055 -0.0111775793121663 0.125769051671855 -0.565631927758237
-0.0205052385768868 0.0011977657375853 0.719927216455349 -0.19155962947796
-0.00942208315276175 -0.00487208903866473 0.532463004721261 0.45928139379248
1.93352926448577E-05 0.00622603364385559 0.0327286382675942 0.447997555065864
0.00146742646750712 -0.0113274257892256 0.0592061857957166 -0.0209611928661073
-0.00952190495384604 -0.00788578564871285 -0.114823381843106 -0.474277113744524
-0.000533679623407354 0.0139559022395865 -0.75887338295679 -0.171837270122647
0.003354979073998 0.0213158766788501 -0.518311741537865 0.649504630191752
-0.00309222296733027 -0.00293708684190977 0.334083653354768 0.595469831572849
0.00735934709460742 -0.0139194168007247 0.491597075524129 0.0501740823742794
0.0136146705547061 -0.00190158438016375 0.253977771258768 -0.238521768764743
-0.000179965856396654 0.00389703804475098 -0.0292787395366216 -0.274928533411926
0.010507096028895 0.0122952780191088 -0.0373654592264304 0.209065510187223
0.0162943337208282 0.012385323195543 -0.23230601537 0.0428975806523527
0.00631819545149159 -0.00218407136713355 -0.325669852670583 -0.267189757560341
-0.0159460523436963 -0.0137377424194501 0.115625410389863 -0.572313357077316
-0.0162672315690751 0.000158321099070113 0.716225774317426 -0.197614297657817
0.00176737393133011 0.00636460714549756 0.53915642237332 0.456663431209843
0.00197563212797292 0.0289154839448872 0.0422277613678123 0.446841568593879
6.83489696235991E-05 0.0146000012793179 0.0644736681721963 -0.0219443278811675
0.00152374052543604 0.0101910558635905 -0.111196094821174 -0.475363008237761
0.0114950923912465 0.0152202311489062 -0.759141133078008 -0.176273391732707
0.00518133417171916 0.0162746509539757 -0.530201493239798 0.650593978378094
-0.00333203925220222 -0.0039735989583983 0.322343949073829 0.598973063828176
0.0106978254300387 -0.0120745375054334 0.492464130231081 0.050346199901389
0.0174116369825872 -0.00179088119023895 0.258839099869686 -0.23503126007242
0.000736266090649486 0.00328188952809376 -0.0314309951959842 -0.271114669773656
0.0123695358941221 0.0122133385866232 -0.039844693300118 0.214537524271126
0.0179279988336872 0.0136990048574408 -0.231671018890285 0.0576871103432062
0.00735420053458196 0.000757470495202835 -0.337058845486674 -0.253875339703427
-0.0156892249352663 -0.013805827637071 0.0707791492582153 -0.576652042696831
-0.0100341472975396 -0.0030045817456739 0.692792277237232 -0.238619106536094
0.0102091222440295 0.0147181425110235 0.566407132194018 0.423607900340016
0.00490699883752571 0.0496147144136998 0.0642259549375545 0.449034759342171
-0.00378765048175208 0.0383222524346701 0.0672366554023604 -0.0115692891711858
0.00812290753043554 0.0274458477009287 -0.0875328154156994 -0.476071379603994
0.0218149294921101 0.0166114331068382 -0.746842068069574 -0.217411164272317
0.00779023965646608 0.0105321329487175 -0.575444683805382 0.626845168609843
-0.00233005505924846 -0.00480738355254417 0.281001269888388 0.621152400539023
0.014344036893427 -0.01053313675529 0.491327564600776 0.0727427471210274
0.019307998622563 -0.000426864675505433 0.271355362314044 -0.225133113819029
0.00223517404584256 0.000673388940454583 -0.0298000628119265 -0.26668337142609
0.00151119826317862 0.00940672663996364 0.0010357129871028 0.215188298552143
-0.00711504067533582 0.00398991847258934 -0.216877411076236 0.122280691423784
-0.0172376809852093 0.00962233722752424 -0.410442182732687 -0.0961959681259484
-0.00360229391605039 0.00237458052250693 -0.178532558765734 -0.50589522678066
-0.0123587492968905 0.000295812300481396 0.49275278337913 -0.504723219468019
-0.0395708514333267 -0.0165006871312775 0.684866218333437 0.141237534188032
-0.0322356713575349 -0.0255494963532409 0.19342631987743 0.454880580905841
-0.0176966833801269 -0.0512397218497173 0.0551155195631967 0.0816829232100735
-0.0325499039907238 -0.0530103324085131 0.0458511593242843 -0.421490884786237
-0.0340205012227983 -0.0194378915795367 -0.597152399848373 -0.501987786770176
0.000266866349997072 0.0100053097489947 -0.817132207668024 0.326469662704796
0.0124699448299266 0.00384639840027678 -0.0029760627691577 0.733876631248391
-0.0131526648264958 -0.00226952772361166 0.439769485208555 0.275897957518192
-0.0149271291715391 -0.0020285938338312 0.309851576401715 -0.149397933247323
-0.00661995414815999 -0.00571041873273827 0.00995865470953886 -0.28077294523854
0.00109069438120219 0.0109903200121555 -0.00462466488764142 0.209908085870468
-0.0062406357832373 0.00339899720395638 -0.225772128034249 0.100291657966805
-0.0158685580816724 0.00494422460611782 -0.39797490740124 -0.138056635713165
-0.00651149426306474 0.00168855391147513 -0.104558353407084 -0.531615725303547
-0.0178259543819494 0.00435086690573867 0.564389281069825 -0.442854983205567
-0.0418550225991905 -0.0187306807010272 0.661132595721345 0.219041218169089
-0.0290323129424865 -0.0351594561705505 0.150756859576498 0.458511735805948
-0.0118389705420662 -0.06258997740429 0.0531611965262377 0.0564789255470913
-0.0351135718150511 -0.0579846625662148 0.00475250061426769 -0.440733801440096
-0.0358713004412597 -0.0153005683460631 -0.65225701126332 -0.425909145281723
-0.00165766168876509 0.0148234622657274 -0.753087379766135 0.42421068099301
0.00860089464015043 0.0034359473891001 0.0947799183940044 0.714796251668247
-0.0119124854184368 -0.00569750622227733 0.462487079166843 0.222519319149328
-0.0105872616148798 -0.00393301558555702 0.296653947355431 -0.175871648831003
-0.00600844911472368 -0.00271167836266736 0.00238645137209375 -0.284122991650239
0.00227953732603985 0.0118270038125855 -0.0120137035207616 0.206964627265002
-0.00141471999803443 0.00380436746209934 -0.230238226055908 0.0771869003091077
-0.0139765079524478 0.000644685597948632 -0.37930884436885 -0.183245016128229
-0.0111402912036717 -0.00155247951747742 -0.0245741351875915 -0.550482770144087
-0.0230783783381738 0.00530179140120802 0.628318432436636 -0.369512985254446
-0.0391840745240076 -0.0213909918208468 0.626776532173621 0.304662196897839
-0.02213623410256 -0.0375299192371311 0.106876746946623 0.458091157420199
-0.0071272492942412 -0.0621370732127052 0.0532463097306579 0.0308220278140262
-0.0339877873054043 -0.0526116348423274 -0.0384463413889158 -0.454812711654699
-0.0320237616287591 -0.00675735828597301 -0.701293251176036 -0.340305905826241
0.000308273921642198 0.0197501040916675 -0.672768059460277 0.51658633648502
0.00559018857081057 0.00171952728576742 0.190046248335231 0.682831407018112
-0.00936753768153393 -0.00812424789281001 0.480645449431253 0.161436312788932
-0.00531702161913007 -0.0038670163564051 0.28026295642789 -0.200318414089505
-0.00572027846062058 -0.000659818938115401 -0.00761383454553192 -0.284508591868913
0.00318517981536634 0.012819933891543 -0.0189567597934202 0.204937845088723
0.00378848919800929 0.00542143915221033 -0.233165309278876 0.0585224549103729
-0.00911073036979683 -0.00232708804863166 -0.356013304619042 -0.222854894753426
-0.0139972246983221 -0.00373502030074814 0.047309447552796 -0.559009152641887
-0.0258015580711103 0.00380956177306886 0.679253720760249 -0.289560926589275
-0.032082716552011 -0.0204323769126408 0.587411907854197 0.379551734495629
-0.0132712626503418 -0.0308179811975087 0.070642749030717 0.456652446946066
-0.00325413508281633 -0.0529095752904667 0.0543468910652505 0.00712470432462126
-0.0285171768824958 -0.0419031110205353 -0.0776398802492892 -0.465100362880466
-0.0238759496754556 0.00358200126464009 -0.734610116974086 -0.261351794403521
-9.28029667792291E-05 0.0225914859737384 -0.598312908776592 0.584508625973892
0.00206702603548981 0.000253568666247499 0.269992612571771 0.643218217250795
-0.00468565707320077 -0.0108037433813056 0.488661089590239 0.108889816037043
0.0017380145467644 -0.00425286552396951 0.265159155168385 -0.221804388584884
-0.00407040845379812 0.00187288870622213 -0.0190814860972596 -0.283245954546488
0.0047320418982265 0.0142437952957358 -0.0260160616854315 0.203826354671532
0.00942038850361075 0.00649135156072918 -0.233384877120752 0.0450457898145203
-0.0036224283650918 -0.00330919329906024 -0.337708356505809 -0.250024000397493
-0.0157455207543545 -0.00812560677149815 0.0984193719151397 -0.563004858139578
-0.0246197221715054 0.00309946215384826 0.708650419460834 -0.229844511070612
-0.0215210099898941 -0.0130800431140071 0.552424909646087 0.431446570175245
-0.00446115793830853 -0.0148502167159368 0.0449727997781948 0.451352262454065
0.000167916823355971 -0.0355029510052793 0.0569611104386028 -0.0115811806975407
-0.0204668088502437 -0.0262265449455007 -0.105354988549986 -0.472176930484729
-0.0127706319978216 0.00972276719546572 -0.752077674832706 -0.20060771262468
0.00253079096289841 0.0248512730172541 -0.541382714757605 0.631082999907138
-0.000974958414153577 -0.00050160824566859 0.317846564463775 0.609403077431652
0.00116475632229584 -0.0132834372446054 0.493215526361263 0.0690537586145408
0.00778122857048933 -0.00347928514127287 0.255382359782763 -0.236329845508274
-0.0020822821678546 0.00349909510431881 -0.0265624361928771 -0.279719469555031
0.00837279634342588 0.0136194374265889 -0.0319976906769789 0.205032699239804
0.0137670992081776 0.00955062946376591 -0.233318187119614 0.0407024153610893
0.00214138242605704 -0.00419719932900142 -0.326215412562255 -0.265644084161199
-0.0171641208612661 -0.0110271874204467 0.123521069943745 -0.567338060844419
-0.0207780582943584 0.00180263963325908 0.718727950818302 -0.196652346566873
-0.00969411907568615 -0.00455572847068648 0.534592120260869 0.457691345769193
0.00123689347701249 0.00681988427529687 0.0347997343731725 0.447330288097881
0.00121758321485077 -0.0115175544157103 0.0602084929657077 -0.0218920930275744
-0.00993914005285862 -0.00792924846452574 -0.117163041191631 -0.474777735480653
-0.00152402058914457 0.0120444717093069 -0.758414466736846 -0.170126421577939
0.00377939990215769 0.0208355204674024 -0.514991459844576 0.652710047416906
-0.00327038334947537 -0.00260393931729658 0.339477927892705 0.591914225693392
0.00561053026493118 -0.0143749348279327 0.492059976078315 0.0465917611359695
0.0135234302876155 -0.00295330550374202 0.251872113768555 -0.241293641575693
-0.00103439020952823 0.00390764378007999 -0.0319503703511134 -0.27435036072912
0.0116820248360522 0.0125911093039561 -0.0352576611098022 0.210210508564998
0.0165936679925005 0.0113158271838964 -0.231961448420534 0.0437226355256738
0.00576292746424015 -0.00277651657422773 -0.325984423089446 -0.266680489937759
-0.0160728841201874 -0.0130537466515345 0.112734294392339 -0.573196104383174
-0.0148486457765432 0.000499581431039428 0.714711988193678 -0.20022463448016
0.00145125279460559 0.00641453283952171 0.53932102581824 0.454751887486747
0.00368498574128651 0.0289597397910643 0.0433573688483684 0.447413905834672
-0.00063642839645744 0.014280344107039 0.0635754667392599 -0.0223493413092051
0.00148405863512743 0.0104331590030779 -0.113374668360785 -0.476587019937997
0.0109029856725613 0.0159823410599964 -0.757926364114288 -0.17009557911785
0.00548524901281286 0.0167688964782949 -0.522304501067999 0.655003093287577
-0.0036009142840945 -0.00357353414389397 0.327485423297791 0.597757255943238
0.0110718580119654 -0.0133885697956637 0.491928892383926 0.0468978175390228
0.016701280218239 -0.000801847852599652 0.256330268647806 -0.238897255967954
0.000882981005491879 0.00302867640974849 -0.0337695548119223 -0.271262804864784
0.0128168914460117 0.0106115261345868 -0.0363796873140294 0.215211877654649
0.0176301056859933 0.0130476648279356 -0.232652939763312 0.0580192101924552
0.00877135893535252 0.00181778631215051 -0.33895011015995 -0.250002646716669
-0.0150722507277855 -0.0136613501905437 0.0676668554706041 -0.578819070598737
-0.00953935379721544 -0.00249222073091363 0.691112280891795 -0.242157676268427
0.0107674672605809 0.0149938923730136 0.567805754837268 0.421227780309909
0.00574052311540857 0.0512571093764309 0.0641414094883468 0.448589654452609
-0.0024538015119236 0.0376684128606335 0.0673442467313946 -0.0117241186269411
0.00895851778838441 0.0271583894840616 -0.0896881894666448 -0.475831055172986
0.0210270479954107 0.0164881263467147 -0.748908754251484 -0.213452722141238
0.0076247286162096 0.00978575697524273 -0.571280705830136 0.629897866158997
-0.00119523577558657 -0.00553755354029199 0.286984548515191 0.6190050024546
0.0141845721373644 -0.0106341969368452 0.491221472401558 0.0703064944321445
0.0200037688827105 0.00042878293106116 0.268631912038026 -0.227630035284802
0.00171107879112452 0.00124837403429792 -0.0300710654401584 -0.267120822338261
0.00244197502586124 0.00965162991839151 0.00351728622959248 0.21536515416953
-0.00823748610024137 0.00445026227808432 -0.216237877625332 0.122963301112115
-0.0175642880459445 0.0094804964037322 -0.409630023487496 -0.0944826831885633
-0.00349855322284398 0.00179930411998388 -0.181760719707797 -0.504242288323954
-0.0129296209409331 0.000937964812726094 0.488347616414903 -0.506039285862194
-0.0395521515243511 -0.0160807580627079 0.683381800779422 0.137298579504474
-0.0317782402779787 -0.0251505290050516 0.195768964670209 0.451488534403947
-0.0182883788932284 -0.0516136571060326 0.055643541367781 0.0810106918752019
-0.0327671676604181 -0.0527854234821944 0.0444266000638122 -0.421907553486093
-0.0339510371474055 -0.0195364884979197 -0.598482394839757 -0.50048028912446
0.00078323960384561 0.0100587810521428 -0.815929349765468 0.331454710629202
0.0126810376425192 0.00296800723742763 2.54460316531441E-05 0.734093638033566
-0.0145821443030424 -0.000894165703468506 0.440692559431481 0.272956434759294
-0.0149838596343518 -0.00189500074857293 0.309949787385032 -0.151712622353757
-0.00649188662878144 -0.00576005914447983 0.00826174437444381 -0.281545057579938
0.0015697069969301 0.0115204570586749 -0.00296131410154831 0.210228148463306
-0.00524211577765185 0.0039317826447569 -0.224166567879213 0.100925972437864
-0.0165596346319464 0.0056435801553887 -0.398083550739972 -0.136513231193202
-0.00606397241431024 0.000695007029830442 -0.108723185685005 -0.531592714214767
-0.017800616813743 0.00402640734952619 0.560508209298266 -0.446631077649273
-0.0418805049670892 -0.0188109515993531 0.661163372900397 0.21628554218319
-0.0285177914860872 -0.0345285258663804 0.153150487227176 0.458159469574247
-0.0129177968702307 -0.0616208538697239 0.0534270401335238 0.0570894464728677
-0.0350641335905801 -0.0579531878412916 0.00270614938701729 -0.441424203785981
-0.0361285695771719 -0.014239314580017 -0.653989163478927 -0.42229588667378
-0.000673087753813488 0.0155889956892137 -0.749222331153815 0.429153290203787
0.00924507561628751 0.00274265691952122 0.100308704784206 0.714502614241076
-0.0129481754711212 -0.00480033145235656 0.463919625845033 0.219013647699972
-0.0109949407622673 -0.00388207150471822 0.295603961072958 -0.178628734814684
-0.00750563965068492 -0.00291869896111963 -0.000339762812903338 -0.283756959729661
0.00213069454702344 0.0120187181897148 -0.008965430660689 0.206422464977031
-0.000334461994463056 0.00387906878486821 -0.231564486662204 0.077983275937894
-0.0122880011366787 0.000815064447594199 -0.38075313356928 -0.180146976740973
-0.0110194822860798 -0.00194102472046568 -0.0271800537103492 -0.550311486482018
-0.0232474992579848 0.00580059848239591 0.628331846335027 -0.373164108079445
-0.0390941858369778 -0.0219805560396406 0.627390079893014 0.30184290688614
-0.0218548689685961 -0.0370080895235026 0.108689273953221 0.458079358532619
-0.00736947708280342 -0.0623609124329185 0.0525022642084467 0.0305998893458418
-0.0332004241696527 -0.0531999483203605 -0.0398419535519485 -0.456576151797575
-0.0330713725654146 -0.00578658153457475 -0.702211410461604 -0.337292519768583
-0.000502670502162154 0.0196897258622153 -0.673046648038795 0.519804502093848
0.00486501613364497 0.0021785057953634 0.195961812853363 0.680514049036262
-0.010272505722896 -0.00797942482953086 0.48187660022769 0.159895165377533
-0.00507689963363891 -0.00455133445148312 0.279140329133785 -0.202756283587416
-0.00627319637830635 0.000939744696445718 -0.00932732500952217 -0.284144329412507
0.00331819684984908 0.0140021823183585 -0.017118639720045 0.204513728092574
0.00389545343259862 0.00456356209497147 -0.23354926156652 0.0586149895918938
-0.00830903153745628 -0.00239519107025654 -0.358217017756483 -0.218666676674619
-0.0134829836167882 -0.00481246989839921 0.0461524070234186 -0.561590721509622
-0.0255059225288976 0.00485752572281083 0.677319018947678 -0.294772433626357
-0.0314091963010442 -0.0204168332533273 0.587429075529801 0.375387666203392
-0.0121301126179664 -0.0303110029338411 0.072373518760184 0.455840595709786
-0.00324874957966738 -0.0519886678181999 0.053362523002198 0.00777543212103961
-0.0291935316581423 -0.041598663597264 -0.0792430993502151 -0.466583639152507
-0.0244817843223601 0.00265283661576448 -0.734912789292913 -0.256819940770174
0.00225377349718144 0.0229298623785806 -0.596985769135207 0.589211755418198
0.00184131508519975 0.000901001333003132 0.270939380346423 0.641837804253112
-0.00456428999349418 -0.0105285098272033 0.490371945508803 0.1070419030293
0.000986276006932293 -0.00394633639845771 0.26459250233746 -0.223184913587345
-0.00364620868605783 0.00280171391448054 -0.0210631177126805 -0.282652157661372
0.00575491484379574 0.013498084390697 -0.0245041839946961 0.203772046854138
0.00919619520677244 0.00705409377105684 -0.233974030394301 0.0453915366134846
-0.00285747923171559 -0.00375674093403978 -0.340097980280405 -0.247521722076676
-0.0155870193097251 -0.00846219782360221 0.0975790161957499 -0.562741312905164
-0.0240953229872932 0.00408516885633466 0.706679458737582 -0.232768977702958
-0.0209232834079744 -0.013914486976332 0.552292767866059 0.428808751461171
-0.00510926879761142 -0.0148518872082629 0.0471360279936152 0.450916661760563
0.00027637812288303 -0.0345111357860592 0.0560667911468107 -0.0127490335459331
-0.0205551852696295 -0.0263778631678386 -0.10718070366533 -0.471753280753761
-0.0126696032187324 0.00820866683980878 -0.752855210711901 -0.194676494840107
0.0029740334916406 0.0223323323750849 -0.536095307508479 0.635745941132997
-0.00054616930417648 -0.000794252505339337 0.320230333845103 0.60758219711129
0.00045881062544198 -0.0126833144175512 0.491960778186108 0.0666779678238622
0.00793381090661479 -0.00353747077831751 0.252518101715145 -0.237943527752983
-0.00303205192313924 0.00458230463716165 -0.028888984096751 -0.280466944344662
0.00932331943779877 0.0132799301955468 -0.0293691474641841 0.205779640356482
0.0136230689396424 0.00883880944268809 -0.234224080622164 0.04115262542551
0.00165716886139986 -0.00416942433125543 -0.328027457148442 -0.262829684879707
-0.0172853190621133 -0.0112035174976577 0.121141512095647 -0.568453748770857
-0.0212883545957315 0.00278414905806396 0.717243316188018 -0.199437843733188
-0.009477892966512 -0.00468786739153282 0.536385329224389 0.455349468589938
0.000440317523425393 0.00637469306013256 0.0363010557883177 0.446921286454523
0.000434177595043164 -0.0104571303251112 0.0589560404019486 -0.0223175357448081
-0.00893790402577628 -0.00739040574299986 -0.120994456277229 -0.474850048219142
-0.000529489962311694 0.0143051459554092 -0.760285062266572 -0.166080616612553
0.00423209811697145 0.0201930412712153 -0.510363966330064 0.656265711397832
-0.0032986051144379 -0.00239374133254823 0.34065370063331 0.59076979609941
0.00647633460474428 -0.0132006829813675 0.491186376980973 0.0446397160764637
0.0139169468489228 -0.00207719489774408 0.249622385386871 -0.241910734488858
-0.00232081390666742 0.00492141282988951 -0.0346490275610341 -0.27582816146939
0.0111181928151808 0.0124716267376169 -0.0341044443697367 0.210290518407082
0.0169970747829234 0.0112772817536939 -0.233656948098303 0.0464835938806519
0.00622950522444669 -0.00229873452761685 -0.328797179289093 -0.263174023908823
-0.0158373599262938 -0.0127263825000878 0.110331063991829 -0.574772912591235
-0.0156231036226634 0.000829232952240006 0.71373477619125 -0.204421091696894
0.00230839001425732 0.00616036914999895 0.541328756299048 0.453431717179487
0.00415422693635488 0.0303591252975964 0.0449668383442481 0.446707117225828
9.89579861000009E-05 0.0142585498474669 0.0635071471677698 -0.0231730369281941
0.000801353413124411 0.0108697629067475 -0.114590799569401 -0.476650617296533
0.0109060093561289 0.0152487340504857 -0.760091870788333 -0.16769002290087
0.00574632763905562 0.0156283504400053 -0.521277015371512 0.658315668974741
-0.00273318759414766 -0.00363286661313598 0.328204694813465 0.595592729924464
0.010466153773529 -0.0122945069238421 0.493558216360373 0.0435549082530283
0.017425951628101 -0.00122270370848059 0.255183653376686 -0.240117681103369
-9.39412263299012E-05 0.00441366116800952 -0.0358548450147431 -0.270514393125295
0.0129294444429969 0.0111845843979191 -0.034537867494618 0.214269180291383
0.0176156015587466 0.0133245503824231 -0.232325001765863 0.0605352216720913
0.00804069657140043 0.000856614764400391 -0.339592282937431 -0.248451063629964
-0.0151315637725797 -0.0139690972539545 0.0652204201958248 -0.580380686442635
-0.0100391015810401 -0.00311085442518672 0.690611775785946 -0.245786255911886
0.0106587113957564 0.0147314070656551 0.570001360017641 0.419269874171842
0.00699792636258416 0.0506955933522477 0.0664768389985116 0.447788688389342
-0.00235365193343581 0.0388519753354566 0.0685656381833205 -0.0122187880500397
0.00842792707982612 0.0278206052399832 -0.0903392560231696 -0.475793759986973
0.0214840335371282 0.0159045686526691 -0.750645210959861 -0.2077382047328
0.00792979656009658 0.00993146473196701 -0.568013940692792 0.633284969696397
-0.00233653059648717 -0.00562470951705735 0.288539054246534 0.619054386581508
0.0132538322508007 -0.00951114367549161 0.490535736148968 0.0665882440248542
0.0185220301079193 0.00100498141024785 0.26739596757767 -0.229695730950504
0.00109434638813222 0.00173060798371449 -0.0325244952504996 -0.26705451527417
0.00153032989645756 0.00912452792439698 0.00482646274344911 0.214948591378811
-0.00826451524507382 0.00412887085696723 -0.216027043622183 0.123530906224741
-0.0173143794883058 0.00956684006987606 -0.410638866060376 -0.0900317732216431
-0.00350187854552746 0.00190412089568767 -0.182360863894145 -0.503007506265072
-0.0129006112586183 0.000614534049161388 0.488243669691538 -0.506626557247907
-0.0395355478880854 -0.015135619759617 0.682200343798716 0.134152546427475
-0.0324277767907825 -0.0251094045762278 0.195427319608311 0.452354051680796
-0.0183803705565736 -0.0509903683234549 0.0554892663369694 0.0800084003451306
-0.0325877537414586 -0.0527610256505753 0.0435209722467292 -0.421537488921844
-0.0344283726804694 -0.0193032654325912 -0.600731395580955 -0.495304628784575
-7.93297867412342E-05 0.00959032091938668 -0.8141561371452 0.337155844747447
0.0121729795982264 0.00293558880611575 0.00455603327325973 0.735157193815971
-0.0137202078512036 -0.000115087320414771 0.442036031242502 0.269521862091299
-0.0161564604063878 -0.00313090481726766 0.308502152808094 -0.15329008554018
-0.00698004238316925 -0.00630235352890043 0.00635879322121408 -0.281727689552644
0.00153263107809624 0.0112402671735905 -0.00110631060440994 0.210917292692598
-0.00518800056164282 0.00354290055411575 -0.225572076553786 0.102347257839359
-0.0161139761978144 0.00556821287354186 -0.398330888849372 -0.13343125103644
-0.00658480231990117 0.000551496353933058 -0.109386093431605 -0.531618978744818
-0.0189106499531153 0.00449558572128219 0.557925510404977 -0.449500609426541
-0.042350325421284 -0.018624095669045 0.660473299583147 0.21171744857519
-0.0285557293441985 -0.0339140296688111 0.153767903179763 0.456520921723513
-0.0128777710822777 -0.0607681016243029 0.0532285977799665 0.0560097189555406
-0.0353850293216983 -0.0573587790014437 0.00259883593242986 -0.439683412298113
-0.0365966018395023 -0.0142922226714315 -0.656251411354563 -0.419127044198214
-0.000711923424465436 0.0150396274970035 -0.747663675861828 0.433546211591289
0.00826636543669228 0.0040597549571689 0.104921399105205 0.715505786570218
-0.0131783292935184 -0.00391177006744578 0.463552722961834 0.21637513467703
-0.0107176319249849 -0.00372263885972667 0.293307419480129 -0.179412119771941
-0.00698809656491352 -0.00286170598314191 -0.00252842841124303 -0.284511723210402
0.00250838154669741 0.0120212947337523 -0.00742341879952787 0.206841092600565
-0.00144269963944574 0.00376504269452817 -0.23084842582944 0.0803104053660541
-0.0126039750586799 0.000385433342763797 -0.379990374176778 -0.176770732713834
-0.0111415756104895 -0.00134024930550493 -0.0293742068208054 -0.549700899047799
-0.0244472536558129 0.00628516114565346 0.625599420634047 -0.374559793189755
-0.0401141779740242 -0.0214494778087939 0.6279742610759 0.297612345053903
-0.0213815194068053 -0.0371078811270761 0.10937317887927 0.458142693336469
-0.00742679238064845 -0.0621090287604417 0.0520511187204488 0.0295012887053328
-0.0341739572351559 -0.0535889186258786 -0.0416172667937155 -0.454749571215173
-0.0327579721958359 -0.00584855864324446 -0.703972185875812 -0.333894080166045
-5.60603120418335E-08 0.0200984845436887 -0.667957453685609 0.524148305985308
0.00424712000155778 0.00172841158148708 0.199805523210352 0.682282480808606
-0.0100052999098337 -0.00797611581060757 0.481080504945416 0.157055875104339
-0.00583797415234383 -0.00450861117475437 0.27817048444671 -0.20505599413692
-0.00684474317275359 0.00013639214884896 -0.0120315678945128 -0.284932554853963
0.0037147055875474 0.0134408509243292 -0.0149444570057981 0.205143894086362
0.00388532055436139 0.0052439233008637 -0.233229657352309 0.0598547371121785
-0.00848873649717624 -0.00211861411882296 -0.359176318308175 -0.215841729552474
-0.0140647035600055 -0.00472686908992405 0.0432293357958673 -0.561893522348244
-0.0252358358448031 0.00500397434353465 0.67850156220599 -0.29710205167423
-0.0327642681052798 -0.0198115898554718 0.586961235364438 0.374009100880009
-0.012636220349127 -0.0301763663534912 0.0715912933982451 0.455103036835111
-0.00326471381110625 -0.0529638413272399 0.0532689848302128 0.00688127609705429
-0.0295165221675949 -0.0416223464324181 -0.0812597749968632 -0.463952381884967
-0.0245947447015345 0.003242171131873 -0.735968315541763 -0.252314133411643
0.00219750115409165 0.022935875405074 -0.591671448677307 0.592347991159642
0.00220247262532587 0.000385318897842261 0.275495224711708 0.64101728866147
-0.00436458415409195 -0.0106630281415226 0.490820028395114 0.10412218252315
0.000897386811973237 -0.00366076037206524 0.262241517480808 -0.225063427995045
-0.0040087886324178 0.00141381006774473 -0.0230164202828921 -0.283002347130137
0.00738195880197031 0.014038225792965 -0.0218923092971445 0.204320610564983
0.00890801959049954 0.00684972313496415 -0.23451010039492 0.046822013199983
-0.00346083038930437 -0.00476300784838818 -0.339841816979553 -0.244866775716798
-0.0159837843097596 -0.00838903753820655 0.0938308647184301 -0.565296513933492
-0.0252003858792681 0.003802432658371 0.706816040249072 -0.234477418562478
-0.0211485128609629 -0.0137098803881066 0.554563962490632 0.425916246771058
-0.00421616123236159 -0.0138028490489307 0.0483753611542872 0.451747251477313
-0.000511037213448646 -0.0341891067345795 0.0553783922703227 -0.012289935888889
-0.0204233573512334 -0.0262688293496369 -0.108223637783526 -0.47078612400089
-0.0132239177616309 0.00995541769335756 -0.754676408165983 -0.19378816604895
0.00163191660389138 0.0232668049616538 -0.534188678928674 0.637369286911234
-0.000613407350403531 -2.98728016019188E-05 0.325240053161629 0.608512050950849
-0.000467965859397285 -0.0127751389120692 0.493212015036525 0.063758726498714
0.00711654491696007 -0.00322709198014917 0.251001080906599 -0.238856204436156
-0.00389684562823065 0.00482386535190354 -0.0317889545642005 -0.279208329484893
0.00857748241058318 0.0134830107149566 -0.0280966367271734 0.205957814846556
0.0139233380261274 0.00868627343806213 -0.235032096095624 0.0426198113043125
0.0017484688368404 -0.00370954339817694 -0.328189393398803 -0.260567758531021
-0.0171670294627311 -0.011367161135444 0.116140688893581 -0.569287687116803
-0.0210014325804438 0.00308925956720206 0.716674676972592 -0.20055078806572
-0.00928070001457896 -0.00407462230936704 0.538078637589032 0.451198895028364
0.000964527316619181 0.00576553231701408 0.0365714647708667 0.446859784301119
0.00171220475227395 -0.0107274303817532 0.0602479858582487 -0.0225303251089099
-0.0102182685951203 -0.0076838204833599 -0.122203601225025 -0.473391957762129
-0.00107178222803754 0.0131416714200835 -0.761734443026703 -0.162034680800081
0.00489701793131423 0.020661273563981 -0.508258480232583 0.659611791589457
-0.00183333348038583 -0.00181729387046999 0.343830362930755 0.588991696159134
0.00642900335713433 -0.0131911519969916 0.493415247070497 0.0408364671501068
0.0130817157889185 -0.00283465547853525 0.248752518294343 -0.243852238478343
-0.00162924386021051 0.00438264861270499 -0.0362109806950279 -0.275700827058348
0.0108140901257997 0.0116182326697494 -0.0319518800900276 0.210761091877894
0.0169880105478683 0.0113196934756832 -0.234086037821822 0.0468768189875002
0.00551067721770529 -0.00186383807372679 -0.329007399297865 -0.260616472568024
-0.0171410529990997 -0.0134238199507303 0.106674939860565 -0.57468393378458
-0.0156690125523202 0.000726672035625708 0.712633036447319 -0.207097101684677
0.00152990758963407 0.00589426297573041 0.542563816915713 0.449598073611852
0.00525719872035642 0.0298817900058375 0.0456840373879009 0.447050124609295
4.50926686636664E-05 0.0144714453100985 0.0643277959500195 -0.0234509150397321
9.25281974043773E-05 0.0110410761105007 -0.1164519458615 -0.476083251302445
0.0112608205962684 0.0155962669130623 -0.759136497516961 -0.166239988888278
0.00533177210557797 0.016132228549417 -0.517210627958576 0.661438998319296
-0.0031800394592423 -0.00307731830919286 0.332848121546123 0.593420813699182
0.0108513935191114 -0.012865872405077 0.492059187316385 0.0414731386753238
0.0166773165587386 -0.00115449586524017 0.253698421330673 -0.242309920966443
-0.00128661322308091 0.00361218483810978 -0.0375043001504838 -0.271234825208232
0.0130968105649646 0.0110483146010414 -0.0326025291637153 0.215413798969207
0.0176013211187266 0.012818214830586 -0.23261398379247 0.0606504548076502
0.00829988757405247 0.00103147877043001 -0.34058115390133 -0.245742504939348
-0.0160068843714443 -0.0142402953312627 0.0619874265212826 -0.578895793672833
-0.0104218404696188 -0.00250663443975354 0.687519317330207 -0.24957189869659
0.0111133443738774 0.0148890216134656 0.570696863085369 0.416200828581867
0.00649029381795412 0.0503297602474419 0.0687309494366361 0.448367682254748
-0.00228405759904013 0.0385764424983509 0.0684375225978405 -0.0129316639211702
0.00864237912421838 0.0273888246202576 -0.0923645317527089 -0.475640733754394
0.0218094883321939 0.0164105216018035 -0.749241103511318 -0.206217945298032
0.00877517451034132 0.00919139838981428 -0.564407598592291 0.637003825142978
-0.0016512656252891 -0.00467808423277963 0.292448991782173 0.616991345329543
0.0139719041113229 -0.010699165061754 0.48957522785639 0.0645955590414773
0.0190676612868713 0.000995580410828023 0.265788423023274 -0.232042558415952
-2.98352879110515E-05 0.0016098937180207 -0.0347519016117944 -0.267651540628266
0.00116869014647416 0.00797736241037992 0.00754113356863451 0.21421116087894
-0.00768060343848007 0.00386254922987842 -0.217309783657447 0.124024628702367
-0.017470783748132 0.009763184171292 -0.409507379202758 -0.0875054681763488
-0.00466644106233681 0.00154220776527363 -0.185613420374909 -0.502601004541882
-0.0132252635957656 0.00109230975642808 0.484892151783241 -0.510555060073318
-0.0397348842779184 -0.0157715381937535 0.68357025972451 0.129356390473037
-0.0315479805689022 -0.0243771062403178 0.197689227304674 0.449395574993413
-0.0177988781126351 -0.0501236654212157 0.0549609375473747 0.0797009883540387
-0.0336416701879623 -0.0532929116983857 0.0429410260644776 -0.421926537465057
-0.0337069076112014 -0.0189834999788667 -0.602262201434233 -0.494957818948055
0.000509775325411336 0.00922258083557393 -0.811421968599304 0.341680536912114
0.0109878273242433 0.00359938470928357 0.0086360719068912 0.733226965769294
-0.0142882264392333 0.000204789189891932 0.444247580616718 0.268143385872405
-0.0157043608183011 -0.00216348466620394 0.306586225584454 -0.155559082869596
-0.007210510480944 -0.00509144311202699 0.00316303719870047 -0.282291596360964
0.00186220455119144 0.011006501892933 0.000424956404093274 0.209213103455853
-0.00483901065583837 0.00322996904064768 -0.225386346048247 0.10265342794878
-0.0156201374227649 0.00549863579057047 -0.400175187798749 -0.130365397088737
-0.00790139854606762 0.00139554305804242 -0.110030149728361 -0.529991704245875
-0.0195165280519979 0.00590047980065483 0.557189917691785 -0.451001074011082
-0.0428521666997453 -0.018247186811343 0.662151844314994 0.209724711186071
-0.0295764386400549 -0.0347297091308986 0.154612144430152 0.455613766549684
-0.014041606443504 -0.0614896645210269 0.0541057965270042 0.0555185756815371
-0.035871729064342 -0.0582036502023168 0.000486298359210987 -0.440227339766824
-0.0375426856018656 -0.0141771890122938 -0.657589406278893 -0.417142086665467
-0.0014560259828095 0.0151220371893631 -0.745300351059805 0.437347620885201
0.00977282472264672 0.00283623441269201 0.106955041134455 0.714159354335244
-0.011977203000963 -0.00454212599749632 0.466279144373139 0.215909668459114
-0.0107172951816246 -0.00330974238182862 0.291501867245176 -0.181719117023887
-0.00719868563328176 -0.00275845052467714 -0.00347463961877349 -0.284026550203005
0.00315430414314332 0.01239866396803 -0.00627539912466107 0.206394722679466
-0.00076428115123829 0.00421718735787233 -0.231102037635193 0.0803053029284105
-0.0139947904000153 0.00159492532335904 -0.381275395392524 -0.175157685558808
-0.0106611573173449 -0.00121561661598041 -0.0315039101607468 -0.550443835411953
-0.0242056131750758 0.00513310335238113 0.624910261045221 -0.378367939220703
-0.0398985702040905 -0.0209469645517368 0.62868589568751 0.295590389485418
-0.0211498027287494 -0.0367962395220399 0.110135202355311 0.456781938722409
-0.00839468639420208 -0.0610071533550436 0.0532218819849572 0.0298584029554914
-0.0345359485402559 -0.0526708938825551 -0.0422070091929964 -0.45604380116328
-0.032002263922385 -0.00626259899307133 -0.705752116565256 -0.330373824716697
-0.000178036902514061 0.0191543041028778 -0.666519546062748 0.524131030722218
0.00513741030326889 0.0019285630064254 0.202394121955236 0.680043720116226
-0.00951454385130288 -0.0072340890020868 0.48104713574606 0.15535583584437
-0.00525522856871988 -0.00481776594734126 0.27721118463239 -0.207027532924377
-0.00691460637892172 0.000282914523251979 -0.0138997722116346 -0.284796608749597
0.00447255914402788 0.0132415088172961 -0.0133933350930737 0.205345147829317
0.00474065789442045 0.00572274099551187 -0.234958866969227 0.0615384901283353
-0.00797664246424514 -0.00246121209781548 -0.359097684038124 -0.214868289275686
-0.0143792434711297 -0.00452712044602175 0.0415308094659176 -0.561157277362801
-0.0259846723962749 0.00598556953687342 0.674356188572345 -0.300484707880297
-0.0313185497532253 -0.0195646306398623 0.588798298816139 0.370973050532452
-0.0117612284884426 -0.0303405085534521 0.0730175453722332 0.45603476948445
-0.00354813392968409 -0.0525959889113442 0.0531104170133168 0.00654179862214317
-0.0292011188913099 -0.0418828223101724 -0.0825680156631235 -0.464988410146694
-0.0250096589146992 0.00352026351892542 -0.735847048381607 -0.251534324402611
0.00248492679552705 0.0239134347163849 -0.588682903541867 0.595035016732451
0.00200805344542863 0.00130165708252039 0.278924829196342 0.638123190366949
-0.00577394224640441 -0.0089734161797585 0.489164239560733 0.101152300672317
0.00172482046326159 -0.00393585347574511 0.261040234004029 -0.227012334065466
-0.00547479252334108 0.00157951722897277 -0.0255848504968335 -0.283792572779259
0.0069524046532795 0.0134795137115105 -0.019662313156284 0.204626366971779
0.00901723369400008 0.00724466286799267 -0.234145499971351 0.0469419759357669
-0.00273336168305071 -0.00451312402575128 -0.341014913440776 -0.241854940378324
-0.0168765215534677 -0.00802983524705448 0.091326227553936 -0.566271343898215
-0.0254028347125565 0.004319121480824 0.70626306348032 -0.238585852765863
-0.0217796991222099 -0.0136319586169061 0.554224203171415 0.423225197419522
-0.00300678807998443 -0.0147009701581655 0.0491961790926608 0.451385007594927
-0.000132793972290573 -0.0347494510265658 0.0552028223792152 -0.0123443778699377
-0.020938275813937 -0.0260542318510358 -0.109159858645675 -0.472994935752586
-0.0133392196497435 0.00979043402361079 -0.755509361396398 -0.188949592751808
0.00258745482065962 0.0220115549768171 -0.530534718294828 0.640071259665612
-0.00131921267941029 0.000612440051268794 0.328833645208035 0.607091586996152
0.000156010804550682 -0.0115715905232657 0.493414915446727 0.0579382340131493
0.00787959161066885 -0.00368774320168228 0.251015314716948 -0.24011366560169
-0.0037028475455367 0.00448951696200267 -0.0330983987329378 -0.281344256159755
0.00911431881819208 0.0133253693141135 -0.025865134952481 0.20702287933095
0.0140847955050608 0.00885007255339509 -0.234817042183033 0.0429427530916637
0.00142131547626617 -0.00402901597794416 -0.328944812385426 -0.258373296427584
-0.0169026739337401 -0.0108349274610802 0.115508561223455 -0.569348402627943
-0.0211298461429357 0.00280617676939732 0.715339614138759 -0.206530988065358
-0.0107023560863265 -0.00386065317165749 0.53767123199903 0.449240363599624
0.00157850704219021 0.00624667312354962 0.0388866058144207 0.446664526379034
0.00127345702805578 -0.0108659823394449 0.0596909521512645 -0.0237023915159208
-0.0107557678932393 -0.00813161258628646 -0.122599951047931 -0.474114468637747
-0.00100427258260771 0.0145491697161072 -0.759850931461204 -0.157788521540715
0.005034757268011 0.0209887449969796 -0.506560503388964 0.661084043356997
-0.00326990828447703 -0.00205882884322061 0.349040395576394 0.588419817064296
0.00525348807807967 -0.0135261668480425 0.493173176280997 0.0397720977499552
0.0138413737790458 -0.00233967727223364 0.246570736775672 -0.246641150135884
-0.00140653502447879 0.00517274338796825 -0.0390220386003373 -0.275566203848946
0.0101991396621275 0.0124788776315086 -0.0296687469167271 0.210727821722101
0.0169005035227023 0.0113840577492582 -0.234691150943534 0.049243851376698
0.00615062808293148 -0.00115947754496995 -0.330820507381303 -0.260154902196448
-0.0182489457213518 -0.0133827425940535 0.104870901202208 -0.576446444778829
-0.0164654795978354 0.0017831978926534 0.711671774765489 -0.209998844671534
0.00189039996410937 0.00634467279745493 0.542270096943054 0.4477445656935
0.00568502214183284 0.0290563273306365 0.04566106147983 0.446362527668575
0.000766193756327615 0.0145234333055737 0.0644140490575786 -0.0230829407893547
0.00141872512644353 0.00981073795686882 -0.117538174564119 -0.477210904560132
0.0120549572652501 0.014568721566756 -0.760586118608415 -0.162484715600686
0.00626346410985822 0.0157402911960742 -0.515078429036742 0.662845382424749
-0.0027600389947042 -0.0037718077529748 0.336137267894598 0.592980140434006
0.0103320732310554 -0.0121671841018968 0.49397078330137 0.0393779905287118
0.0166343486761835 -0.00165263842477004 0.251904685131784 -0.243695486285444
-0.000807611991206541 0.00374019250502779 -0.0394735965985979 -0.272857175814313
0.013228563472812 0.00941554144974117 -0.0311245159242538 0.215648959199482
0.0166413906237353 0.0127241342300282 -0.233896936330742 0.0621403302711117
0.00845433326350356 0.000962961291603125 -0.34275136958323 -0.243400869593962
-0.0155877548374258 -0.0129763244376702 0.0594846470541923 -0.580812713593754
-0.0111273420340521 -0.00195694941478932 0.686176170649576 -0.2515666265412
0.0117745955510794 0.0146280544426235 0.569880924331484 0.412383233157626
0.00819911173977475 0.0506408751209259 0.0698352709548813 0.44704746313661
-0.00223409115555686 0.0380380442464207 0.0680840430163346 -0.0120879081888913
0.00856209940812036 0.0288489802256395 -0.0935227519938193 -0.476794246679796
0.021145580318871 0.0153223380455637 -0.750836115357949 -0.203381253194105
0.00869842605383278 0.00970310108619245 -0.56206286967779 0.641459019793609
-0.00151322835821855 -0.00519764293478437 0.294453792175173 0.616364255047051
0.0135048452917415 -0.0109861867686905 0.49101480328989 0.0608890525451882
0.0183485078299322 0.000356863301841528 0.265258490786153 -0.234449551793099
0.000844006973509447 0.00174766640272962 -0.0365482309860583 -0.265200559451035
0.000256936423211942 0.00914725913901853 0.009800449569155 0.211755513577622
-0.0084645259043917 0.00243598067729385 -0.21500833630652 0.127956422448115
-0.0181424770860486 0.00749046778123292 -0.409934512654738 -0.0816482953630123
-0.00011366841841453 0.000671787613489395 -0.188755923372612 -0.501047388716224
-0.00914055728766925 0.00539196353158851 0.477988724148606 -0.515877483609231
-0.0410614152244877 -0.0112470325169511 0.680426496198256 0.12264907359622
-0.032334868332308 -0.022456917329065 0.203393083377975 0.444199627812168
-0.0194886268968622 -0.0491082827264696 0.0570867422163895 0.0786386519855402
-0.0349023912696769 -0.0518029359481372 0.0369560040100307 -0.42050936934714
-0.0367014052603316 -0.0214642551576042 -0.600738719973112 -0.485402787253923
-0.00263352482906466 0.00970847584204843 -0.801236463001429 0.345331732841817
0.00732667789885647 0.00635707650694281 0.0236752718216322 0.725998037082278
-0.0158950072691089 0.00316951849758175 0.443767938258071 0.25428259962765
-0.0159652112278196 -0.000120615798005231 0.299546941349921 -0.158353501790125
-0.00771311671382314 -0.00484984733987112 -0.000986892467149194 -0.280709196008507
0.000411523561756472 0.0110247786078264 0.00406066372741583 0.207990659399674
-0.00690564203291077 0.00216965935667256 -0.223853552855415 0.105960590147733
-0.0169517400309204 0.00230562554151778 -0.400313809347443 -0.124333366531646
-0.00428124424008452 -0.000209092315026528 -0.114167675005984 -0.528261593778248
-0.0174664926967422 0.00956710275588108 0.551852668198542 -0.457345630969593
-0.0450725502445756 -0.014200504334484 0.661741251250547 0.203018411700397
-0.0295697217352699 -0.0329563473664391 0.161296259280282 0.449740097569667
-0.0150420328122314 -0.0607950022599177 0.0536625908589686 0.0543895357729837
-0.0364459185532629 -0.0564110279573602 -0.00418228604231975 -0.439007720813499
-0.0389140261149239 -0.0157409267502171 -0.65500619049855 -0.40830462731174
-0.00406720114371088 0.015209298165056 -0.732944014905885 0.440030896848027
0.00477099150924719 0.00537714207925628 0.122269263196886 0.702469299972303
-0.0137471343558344 -0.00112637349534585 0.464260522120411 0.200806699716259
-0.0113943395363432 -0.0020158214257611 0.28414323060315 -0.185275155479424
-0.00749226474184705 -0.00239632133565839 -0.00916557492626425 -0.282408439380883
0.00083168683209535 0.0125958694602798 -0.00354664011080902 0.204041939033478
-0.00255681967018811 0.00251213038671188 -0.230368378434076 0.0843484568630647
-0.012753019155226 -0.00148297990974414 -0.381956011337422 -0.16864678542081
-0.00654822362857276 -0.00297140127544109 -0.0363960053579668 -0.54892915326152
-0.0222577882004168 0.0111343657806304 0.620605222260776 -0.384993247936697
-0.0417956732818058 -0.015754194534673 0.629532141544209 0.288893788691058
-0.0215322553789503 -0.0357023671442255 0.115743918206885 0.453900352594521
-0.0098468047410163 -0.060454976153518 0.053201534391464 0.0291179233981461
-0.0353932519008237 -0.051952780914352 -0.0459575301116598 -0.450999353416246
-0.0350521976094782 -0.00627277552365787 -0.700630608132982 -0.322225927622081
-0.00239967107658357 0.0200664645493609 -0.654880418632688 0.527831252974252
0.00105990860895922 0.00491235700872416 0.213666218133954 0.667928726887924
-0.0107931761850135 -0.00451735325165563 0.480796329310784 0.140423757548414
-0.00617551703257938 -0.00265958809624871 0.268058923493353 -0.207113156077105
-0.00549319956104794 0.00103633443190808 -0.0188033357365655 -0.281929614009675
0.00333851516538581 0.0138917041729156 -0.00968288231619931 0.20250308825648
0.00322166589576835 0.00345952786776959 -0.234900604725337 0.0637831849285033
-0.00867403941271835 -0.00444117904339387 -0.361769616141092 -0.207978971285494
-0.0110428707892766 -0.0053379373701514 0.0363644697812125 -0.560481674263013
-0.0249618418815041 0.0110713713497129 0.671987781976497 -0.309222780294466
-0.0349518577701131 -0.0155268480305749 0.588371048664221 0.364163432049146
-0.0130611833078183 -0.0288749690176932 0.0800470590870241 0.450551357555022
-0.00422113181748821 -0.0528609774560283 0.0532497918500657 0.00426220913435112
-0.0294411123510039 -0.0403802469653015 -0.0873689737047835 -0.460420263560056
-0.0266726156543176 0.0017917837109739 -0.731970649724357 -0.241643890434586
-0.000248023811024459 0.0231746817103643 -0.57828900403687 0.595747729521369
-0.00172519200528441 0.00384966811431895 0.289336542450348 0.627077914527256
-0.00606602651579684 -0.00696577160712297 0.487568187485562 0.0884951780349964
0.001812009521513 -0.00321216949382673 0.254003019277706 -0.227785959308811
-0.00403628251345454 0.00318910471817574 -0.0283398911144636 -0.2790829569786
0.0045655962146173 0.0138481234197471 -0.0171898359817178 0.202385317493815
0.00865070564823959 0.00557615251527859 -0.234583743696574 0.0514049744679533
-0.00256712378466368 -0.00687674185671848 -0.343834821336707 -0.236263102969841
-0.0138106325960869 -0.00858573168826435 0.0872570619116778 -0.564119407527489
-0.0246325002955379 0.0108365657975949 0.704426769328844 -0.247094040851764
-0.0237892103059594 -0.0101941673636533 0.558717420423439 0.415142386290764
-0.00461421141749413 -0.0138793253647964 0.056455046823988 0.445064190333343
-0.00139555610928089 -0.0347821727602122 0.055339991148504 -0.0136491604238822
-0.0211657073302891 -0.0258021719546621 -0.113028360737865 -0.466518724228515
-0.0151165552818241 0.00884310647070344 -0.749687876352366 -0.183179437565192
0.00121079335864007 0.0232230680505739 -0.522106710934557 0.640882058618563
-0.00344790762588802 0.00485330984620723 0.334339402534914 0.591910608894266
-0.00025863121823695 -0.00873314964028725 0.489115385694202 0.0478823755314282
0.00848672843104806 -0.00259524233068725 0.243378752109979 -0.241011661416285
-0.00335773995344443 0.00482990666001797 -0.0372708635848254 -0.276941545878261
0.00752190925816397 0.013877756432327 -0.0227653934858371 0.203997317646025
0.0135681301739298 0.00696925505808816 -0.2351649771748 0.046351463111463
0.00345821057430004 -0.0067601843469851 -0.33331412411139 -0.252027412329246
-0.0144261479663644 -0.0108559223232203 0.111163331873333 -0.566841621712771
-0.0207237564703449 0.0087605724784166 0.715122033062471 -0.21393995261652
-0.0115366669631865 -0.000423506747794469 0.542058522979632 0.441851955969262
0.00139661188248444 0.00748582857565121 0.0452246106062507 0.443040822257381
0.00210531094765903 -0.0117985795456977 0.0576023396890431 -0.0232893807189953
-0.00838232207190884 -0.00615442222814714 -0.127999949394975 -0.467822951231426
-0.00315248803675016 0.0129623796040137 -0.754436513194556 -0.150673534293553
0.0023823405786516 0.0217216379343606 -0.492699152549285 0.661918745690015
-0.00538466811114049 0.00227381574738506 0.353873520223504 0.574001776536852
0.004927189200467 -0.00972007803690093 0.487207499993964 0.0253520699219031
0.0137282424589867 -0.00135072961032074 0.23967328362904 -0.246738684468797
-0.00231569428955417 0.00518953944691723 -0.0431063193424844 -0.272685705093157
0.00983044627096198 0.0121087207659897 -0.0266356910455149 0.208831225323371
0.0167658310760171 0.0107093946336172 -0.234173888421649 0.0520941851169177
0.00803225449445109 -0.00470895907473253 -0.332845925441659 -0.254048726134
-0.0144181335701307 -0.0129761417628951 0.0996396353041319 -0.575952723968586
-0.0143433221648108 0.00695607006349538 0.710409741256089 -0.21936418737632
-0.000915340015290509 0.0121264096907095 0.547570193535329 0.439515541182688
0.00535018659305756 0.0302106384180667 0.0537915581749086 0.442069087607182
0.0016637213652987 0.0145761972578225 0.0623210792111731 -0.0249354655558994
0.00169268750148956 0.0106769478765008 -0.121956745294276 -0.470212393041678
0.00828809350341108 0.0134537337160824 -0.753573880503699 -0.153770101574925
0.00401968869893999 0.0165218926837884 -0.503790406035904 0.662472402224825
-0.00575813852465101 -0.00014055759367319 0.345082161884624 0.578413857536213
0.00996044285826097 -0.00887596018608767 0.487116614782461 0.0255574258936582
0.0179715712358691 -0.000506624722002042 0.244112818707419 -0.245170129098366
0.000730724252561035 0.00526450120200687 -0.0438252969465861 -0.26895936386705
0.0119110828486262 0.00993844994711733 -0.0281705112619798 0.213277922782881
0.0171999583754571 0.0122159654394066 -0.232986792883724 0.064910327889908
0.0103366214076904 -0.00147801330217092 -0.344273326671897 -0.238152239510198
-0.0129433344959451 -0.0155523760941311 0.0558735722180761 -0.57896153841802
-0.0091024031515274 0.00271284969060276 0.683677642797709 -0.261357997772288
0.00848324000743344 0.0197717996549032 0.572942206194512 0.406844257322697
0.0086703641230708 0.0527079182517639 0.0754427418413608 0.445296254084636
-0.000913907614226477 0.0389701202944253 0.0676383355710142 -0.0151098702420441
0.00951351191516877 0.0285360839199244 -0.0999138122441765 -0.470398869905392
0.019963825384426 0.0142748476827977 -0.746082844240941 -0.193632663502939
0.00576649767694977 0.0103089085904921 -0.549666927595183 0.639090774614736
-0.00490698376787068 -0.00152636833225548 0.303334418287194 0.603203070520845
0.0134590131916573 -0.00685682860428853 0.48717618878677 0.0493672829017
0.0188485421032153 0.0010426793858805 0.257697683968892 -0.236099580911657
0.00178573230368035 0.00303865877897115 -0.0410911579775221 -0.263169139641052
0.000578926934193399 0.00886297584298738 0.0120156517919879 0.21192647079888
-0.010172879706442 0.00321434594380959 -0.214785544968657 0.127628756994604
-0.0173941635163168 0.00880965024353565 -0.410845218734152 -0.0796390092404263
-3.27256384411584E-05 -9.33996844800829E-05 -0.1903076751414 -0.500287610739458
-0.00983407093060903 0.00598627743078004 0.478010306995881 -0.517695930349121
-0.0410930862306266 -0.00988982841312516 0.682490927296065 0.122480897119842
-0.0308367225080544 -0.022594092581343 0.202410062084742 0.443712214801968
-0.0186612605853869 -0.0495493886625526 0.0570465379108092 0.0776408078395672
-0.0351770857639779 -0.0520880730374882 0.0364682514750736 -0.421703701960584
-0.0386555486895763 -0.020432799112515 -0.60201516476657 -0.483829892245665
-0.00335771375014152 0.00851527132132233 -0.79997359791796 0.348664294820265
0.00799091007360106 0.00592034417321078 0.0274208865216899 0.725783325289726
-0.0150022210235749 0.00373198194873883 0.44524770724261 0.25468971364119
-0.0158452213574122 -0.00112785028135449 0.299109102284236 -0.160178290461422
-0.00726237040785964 -0.00470000175742086 -0.00195995267580092 -0.279937981720718
0.000566149321584431 0.0115241021465472 0.00645559403096566 0.207819988366151
-0.00697416725196953 0.0026718269561828 -0.223871510669263 0.107387932202912
-0.0167588453181608 0.00387359049626873 -0.39990374471376 -0.122403318296104
-0.00303658875011995 -0.00154470490907388 -0.117200590477747 -0.528331667537143
-0.0162882715785356 0.0097121572759607 0.552201911710767 -0.460324955064059
-0.044916056141998 -0.0133964686472503 0.661916321238181 0.20108454747597
-0.029133804209836 -0.032108536811929 0.159295400374278 0.449522708767872
-0.0146955533582361 -0.0599730698532865 0.0544352773415877 0.0535989763236557
-0.0364931559351172 -0.0566747608188147 -0.00680353686331414 -0.440153122624213
-0.0398741900692602 -0.0143598800279549 -0.657369715071732 -0.406402591437783
-0.00374385337095143 0.0159653463921273 -0.733216134264805 0.441618297661247
0.0044856248647241 0.0052605139343099 0.123881535136814 0.704203089191562
-0.0141335325632449 -0.00015925290490074 0.465853199765777 0.200655069977409
-0.011210347935885 -0.00177311340932798 0.283913274482857 -0.185445360583643
-0.00775630693487848 -0.0027834201943633 -0.0116554946069391 -0.282277396408078
0.00165373148911331 0.011853141235616 -0.00140281842745928 0.204285116055142
-0.00192903021645146 0.00281560602707439 -0.231934114718342 0.083288498991907
-0.0133241115733495 -0.0016490209874363 -0.383730729986582 -0.166695087920521
-0.00753595415741814 -0.00314019190409067 -0.03701030810723 -0.550240668451539
-0.0214787557320818 0.0115192577407005 0.619528921920967 -0.386492826268097
-0.0430182653997983 -0.0163463254149662 0.629964576975284 0.286315620503086
-0.0206796593764252 -0.0347977943524455 0.118569504690306 0.450772739439772
-0.0095351602980201 -0.0604806972191982 0.0528810792716334 0.0279764665031032
-0.0367258561595425 -0.0513546415209354 -0.0470524019081701 -0.452813582633971
-0.0353092165997424 -0.00644331202233242 -0.70345159089645 -0.320811596331551
-0.00271822364764403 0.0201071981678777 -0.654375081187972 0.528579450503237
0.00213881028291631 0.00548274195361772 0.216939527179852 0.667411210186279
-0.0109419112153916 -0.00368745173669718 0.480377745424694 0.138688017465705
-0.00549934142784951 -0.00257111956102923 0.268023591745498 -0.20904422291713
-0.00572374623890085 0.000477274241736218 -0.0207374634601079 -0.282654654310185
0.00283387087077819 0.0124360461707855 -0.00809228768551056 0.201904636348979
0.00350802994529461 0.00417770679770957 -0.235374048892316 0.0647451295225135
-0.0080128157693461 -0.00581867697038804 -0.363225311395282 -0.20527545755926
-0.0114879298190973 -0.00558741644803297 0.0346642547443455 -0.561575008564421
-0.0256295741260443 0.0122030891926541 0.673310204632885 -0.310529502408784
-0.0352041407394203 -0.0155554716027579 0.592453985260226 0.362481726543368
-0.0117887391176413 -0.0289330834530954 0.0803412022542352 0.450673720586721
-0.00366640982983428 -0.0512961101245762 0.0519765566807227 0.00477292986148351
-0.0303483178875905 -0.0411386815437674 -0.088577369278066 -0.463105470184298
-0.0266754718852166 0.00181840832841924 -0.734044928422995 -0.23957526565891
-0.000987789065982885 0.0235426187035327 -0.576182844555151 0.59874479577276
-0.00119097214925074 0.00436893005669851 0.291286874297943 0.626534244957889
-0.00612747783080597 -0.00700861225745416 0.490376704137582 0.0859912442936633
0.00100976507003151 -0.00300213830500411 0.2526593585303 -0.230335754716336
-0.00445999791493614 0.00352259325108999 -0.0313408103067892 -0.281169153435011
0.00594815589429293 0.0124891004080464 -0.0159208432401201 0.202263464200589
0.00877372865784504 0.00517413335344423 -0.236413669753132 0.0518105674703481
-0.00181431039677477 -0.00693910232192474 -0.344356426881421 -0.235385562204426
-0.0142335181037494 -0.00773667121017566 0.0858634500917065 -0.564526631066491
-0.023960476414984 0.00951843880247945 0.703444362019054 -0.249458877817157
-0.0234400105291596 -0.0098587897243978 0.560316207116292 0.416527276187942
-0.00354073634885067 -0.0129616577719373 0.055506567037245 0.446232364925694
-0.0011181737650429 -0.0338743554745661 0.0552602517293278 -0.0138038974635741
-0.0213116724444779 -0.0241871689230825 -0.116109174633986 -0.466067648399188
-0.0153690057537359 0.00809590511581406 -0.750340254972166 -0.178703794106364
0.00118754577112624 0.0237708485264283 -0.517841779850162 0.641184689434544
-0.00394948016418504 0.00392597664468376 0.338245317042808 0.592823944942914
-0.000366397041705463 -0.00908079600493012 0.489602596441361 0.0463542790031699
0.00750458328880618 -0.00298800307692681 0.241823541500628 -0.242453164491455
-0.00377294458462833 0.00570115646538145 -0.0390834396102871 -0.277074111704718
0.00721469223136236 0.0131167692581369 -0.0217100917213902 0.20445060219299
0.0133141663135831 0.00791666702189076 -0.236338030802538 0.0472383928046038
0.00398939205013132 -0.00641359260418703 -0.332246711318985 -0.251649750270574
-0.0147232920399413 -0.011788638827333 0.109498372827469 -0.570677502444119
-0.0210040372536657 0.00979712236207413 0.714321806026788 -0.216719783083068
-0.011422780829249 0.000201376848531836 0.54265593721784 0.44203027001802
0.0022473452806171 0.00709943102917523 0.0459189802228132 0.442951814449913
0.0014916199814206 -0.011508137316457 0.0585931358843569 -0.0239413150949634
-0.00974693663507083 -0.00623979214876417 -0.127912417401626 -0.468827340071723
-0.00252856236486369 0.0118437694633606 -0.754376904289585 -0.147413506454554
0.00311191289869127 0.0223148713307473 -0.491669762247874 0.663509846993652
-0.00464669500402001 0.00316590318839188 0.357350411698481 0.572753263029069
0.00488279554647287 -0.00894271093912366 0.488853237236053 0.024255583825305
0.0140341922532127 -0.00196909205976683 0.238917656892618 -0.247663412350276
-0.00176282204219572 0.00592236030634159 -0.0451986181267417 -0.273178886692318
0.00948878375806927 0.0126827893353624 -0.0264436012047235 0.209009889006469
0.01732141361979 0.0107090128457347 -0.235053971609166 0.0531531359070738
0.00732831621998116 -0.00524824397295239 -0.333553964503579 -0.251361221379597
-0.0147097707660433 -0.012986330956849 0.0984801154624506 -0.575944523374349
-0.0157310461404573 0.00771070034898991 0.710153934394643 -0.220795556150363
-0.00109626981878046 0.0113120016717974 0.548439026987947 0.438822271845701
0.00548829159721235 0.0304914837095005 0.0536559934210668 0.442270080476154
0.00168037276084781 0.0145751029564975 0.0638869909706321 -0.0245278186453971
0.00244940510420195 0.0122783997549196 -0.124166184063179 -0.470582167045964
0.00897555392297972 0.0135248589580688 -0.756674749448826 -0.150305329522565
0.00369753392942444 0.0172163714991865 -0.500918999164511 0.665153382045998
-0.00508983421834234 -2.84030970027927E-05 0.346864969553686 0.579642419160821
0.00945347279106151 -0.00932064861400696 0.489023994504922 0.0246238279520748
0.0173136818986848 -0.000799564736298146 0.24331029915351 -0.245554303187879
-0.000197801570491439 0.00485869066543381 -0.045159803948081 -0.268514434535878
0.0117937810523321 0.0104307526298017 -0.0275518354402729 0.213663642907894
0.0174287732355633 0.0127272333699279 -0.23406578061628 0.0664859789417765
0.00967162561890779 -0.00134450958211051 -0.344908093429762 -0.237869618618512
-0.0133730691496818 -0.0150627972204257 0.0536974764019528 -0.578714585921167
-0.00837974655087919 0.00367278195397292 0.684359024839866 -0.262254646967225
0.00938104116134803 0.0198910494828836 0.574996750667889 0.40442764548278
0.00917569978029954 0.0515993226954652 0.0781153179832081 0.442469570349029
-0.000311026742505643 0.038888197739424 0.066825972132104 -0.0148332538032315
0.0102257211768037 0.0288018080856094 -0.101998408390914 -0.470086207926362
0.020000281552208 0.0140588127309525 -0.745307394315511 -0.19198294186387
0.00586308713643106 0.0103964967058331 -0.548426200033271 0.642681250753871
-0.00523404862131952 -0.000594848718744793 0.306188411662467 0.602148269108946
0.0124851780164706 -0.00648336784221964 0.487706043537764 0.0465436092059621
0.0192096438922914 0.000714362366549931 0.25625401159475 -0.236698088937822
0.0015253872411886 0.00198478216456046 -0.0422110132139125 -0.263744238281693
0.00124370951146519 0.00965352205943424 0.0127752397512692 0.212731378281692
-0.0098632096914349 0.00305077246755767 -0.215836941075288 0.129593425708217
-0.0188032979950487 0.0083631445396339 -0.413227383861053 -0.0770283951760578
-0.00119579283692004 0.000171243430497863 -0.192214621760137 -0.5009328270667
-0.0101394976195963 0.00562814316878836 0.47872985818022 -0.520829899172999
-0.0419620250670597 -0.0100155854613532 0.681962007418642 0.119658165214563
-0.0315330783020134 -0.0220831980182995 0.204258159349807 0.443415081344689
-0.0203316257383387 -0.0483643303090095 0.0586346113484176 0.0782109876998787
-0.0368466507156817 -0.0507969111433699 0.0367133323130323 -0.421615877163123
-0.0384753186907496 -0.0215359540671043 -0.603933662687382 -0.484287319925473
-0.00265289406468446 0.00902386024201768 -0.801113545522594 0.352853094370923
0.00836565121847429 0.00557307160925909 0.0293584602103449 0.728233026769323
-0.0158873334395861 0.00429089260502699 0.445581916445786 0.254101178069709
-0.015049629489734 -0.000839477110108753 0.297935188379933 -0.161056105568902
-0.00896098730977304 -0.00388739112728935 -0.00491610286435197 -0.281867021388301
-0.000384949263778617 0.0104556040191353 0.00642692100826826 0.209190359094324
-0.00693062891124815 0.00198726405160951 -0.224639331292057 0.108028954572774
-0.0159843900413478 0.00284956350073189 -0.401152210015719 -0.119549358334868
-0.00410821674528473 -0.00135358530494755 -0.116788988946055 -0.528063013984724
-0.0164058549507647 0.00943865201115549 0.553358353977024 -0.460918922475673
-0.0455521195857569 -0.0129749903289781 0.663674200457355 0.197769199715761
-0.0282972177619696 -0.0330268489839533 0.162385879706359 0.450034626343638
-0.014615979106808 -0.0605069452734367 0.054404743315481 0.0542047666119768
-0.0389317012824803 -0.0566076204135781 -0.00493062387314943 -0.43864155202392
-0.0395946226630123 -0.0144237719503078 -0.65766834806472 -0.405146395667486
-0.00297294091941555 0.0154145234739365 -0.734670235692835 0.447268143936393
0.00483036034881471 0.00594536718068258 0.12585319132678 0.704726266348135
-0.0152779749575009 -0.00085448626929566 0.468394927317775 0.197686764740542
-0.0119394585083059 -0.00213741168811325 0.28419006132598 -0.187741293756123
-0.00783071891742951 -0.00217356029766643 -0.013031594940119 -0.284495651355478
0.00085794300365656 0.0131529617120598 0.00051941456741292 0.20552301263027
-0.00156652357190164 0.0028748636331644 -0.23316168995268 0.0848577046420059
-0.013370748914863 -0.00230618536389502 -0.384689849198024 -0.165153344947936
-0.00873026853816724 -0.00218241115819728 -0.0394500110257091 -0.550571710596779
-0.0222801485355492 0.0115517112949973 0.619366081375744 -0.389385676748405
-0.0423290713303631 -0.0158433647174699 0.630581541945529 0.285462078954182
-0.0212859366945475 -0.0351970436966443 0.117881181513553 0.452699306697214
-0.00813325985301949 -0.060203924464499 0.0533758588412118 0.028117316382219
-0.036339510281693 -0.0510433138010482 -0.0491104285272605 -0.453568325003732
-0.0350755018664893 -0.006821265440899 -0.704428293429874 -0.319945531642611
-0.00243967318580983 0.0212098456564425 -0.65394583920234 0.533366368475143
0.00223390913477434 0.00606934175132016 0.220452820728934 0.669790366300868
-0.0113496913545357 -0.00349206370828958 0.482575668607606 0.136598943690338
-0.00550145275579132 -0.00263542491335213 0.265779667572806 -0.211828436440328
-0.00748695829164957 0.00125350680927209 -0.0224755540376691 -0.282683486477002
0.00274403247356827 0.0124905316740527 -0.0080023460362983 0.203491560678394
0.00294566438036207 0.00232761684314173 -0.235640934051658 0.0653521942048101
-0.00805907336652665 -0.00506970499513422 -0.364707927621215 -0.203796135603906
-0.0106856905069876 -0.00502761577783072 0.0331936225040834 -0.563335570432506
-0.0251821661237873 0.0114687285579398 0.67352266503877 -0.312246349407329
-0.0349918842410601 -0.0147898227829946 0.592277556879446 0.359724643501891
-0.0122397689049135 -0.0283708338464307 0.0834081502162861 0.450421621182264
-0.0052706553735645 -0.0518988348088133 0.0524416548343906 0.00482510016864991
-0.0293039350746364 -0.0407021530994519 -0.0893475006491901 -0.462714293324611
-0.0273228602919275 0.00270603048572813 -0.73534214799809 -0.239225548092018
-0.000330674205195003 0.0239583110015143 -0.574390954066293 0.600599109991465
-0.00227265907755674 0.0052177927334033 0.294457738408712 0.625537179593819
-0.00731313167068471 -0.0056705964391026 0.489931414934872 0.0850717890531427
0.000799877706145926 -0.00282697364881227 0.250586722205984 -0.230950062138168
-0.00393818547944373 0.00295542825717065 -0.0350217799323822 -0.282711290896709
0.00445061159657524 0.0131955899673327 -0.0130617863813208 0.204031933598342
0.00900892372706028 0.00541865084834939 -0.234054790526215 0.0523022564045506
-0.00270904015626944 -0.00764056958488412 -0.347044611263627 -0.233176204303356
-0.0136402099257882 -0.00760415642142463 0.0847100581961341 -0.569173613618413
-0.0240572046577489 0.0096372694857347 0.703199269745027 -0.250404590631011
-0.0241423473185051 -0.00955573650345065 0.559660106885673 0.413813504765556
-0.00380756470543552 -0.0133123386518173 0.056393506753539 0.446103388830187
-0.000685904580326948 -0.0340209113968949 0.0558581485173742 -0.0138407231474315
-0.0201533111514518 -0.0249872936872236 -0.117729243785455 -0.467740314702298
-0.0161603774347708 0.0100099756054351 -0.751903291626711 -0.177117120433959
0.000822041895469847 0.0236654794972653 -0.518071332202488 0.645437744396065
-0.00420556568436897 0.00330137366910693 0.339952537691922 0.591671565162185
0.000102339323866104 -0.0086829057913852 0.488728018598407 0.0437514087309599
0.00746604896445007 -0.00206035251002737 0.240194751715534 -0.245197656044936
-0.00321654899612283 0.00563326872791493 -0.0419183124141019 -0.279142744250671
0.00744725612710962 0.0118995762207402 -0.0200175387010109 0.206651652909135
0.0137546437039691 0.0073960417784726 -0.236593876297587 0.0491413299986505
0.00257359475205167 -0.00723033068520374 -0.333277272530821 -0.250870181828904
-0.0142487461614565 -0.0120756416152278 0.107432686595263 -0.571952666397842
-0.0203588200374186 0.00937413675940386 0.715567476054948 -0.221024239154999
-0.0125482075635258 0.000370031382700227 0.543617133196288 0.440823672433581
0.00360865615499381 0.00730395017576047 0.0462255157767638 0.443534352158276
0.00222203300848549 -0.0101301841346459 0.0587254004473 -0.0241725654975046
-0.00935357889645501 -0.00634525898179215 -0.129848848631923 -0.468865752232804
-0.00286754877348035 0.0126990470187575 -0.755146119839933 -0.147190413067228
0.00245707341309238 0.0217185477533455 -0.489917945504269 0.666914610741221
-0.00556351746383376 0.00296082699296326 0.359751624992874 0.572174363447659
0.00385946711255159 -0.00864935407347228 0.489512796343716 0.0222767930926918
0.0139234059910005 -0.00238162916421628 0.23732558253553 -0.249602566547131
-0.00163971286847698 0.00566385956814045 -0.0459951833992367 -0.273622526110295
0.00904521768677608 0.0109722562693801 -0.024055122025312 0.209794371349921
0.0171868454868131 0.00991998948158169 -0.236262807195161 0.0545183281804158
0.00736247538883836 -0.00530165833590868 -0.33401132735089 -0.25166936795335
-0.0146685403620048 -0.0126388892558036 0.0959922606534555 -0.576932773353967
-0.0150732739124099 0.00773184270531174 0.709022789156684 -0.224792170327496
-0.000887640658674419 0.0116349958537578 0.548998866895877 0.438094832085309
0.00774628432628082 0.0307916429530999 0.0568920882843491 0.44495853787849
0.00147068477634942 0.0147920349621536 0.0620087741890588 -0.0242723761518213
0.000815100689708826 0.0101005952718224 -0.125582827639558 -0.470357382272608
0.0081446395575654 0.0131163065745754 -0.756264618174493 -0.147917689097144
0.00401355881272181 0.0164186026045707 -0.500628553901409 0.669136177840318
-0.00612491923904849 0.00177958306961608 0.349476442396704 0.579251366572652
0.0096617889571334 -0.0102327099063057 0.489286353895491 0.0222328141967076
0.0176809144123462 -8.64250042730268E-05 0.242307590911346 -0.247849629443111
0.000168479359698549 0.00495377591370066 -0.0487758785920805 -0.269447653075887
0.0115438688182448 0.00973132576723692 -0.0254532498875029 0.212915594830311
0.0182647617226363 0.0119107383084264 -0.234201311703228 0.0684226941628129
0.00994377991864727 -0.00143550829064012 -0.346601559034753 -0.235026688650424
-0.0147237903661617 -0.0153867142541973 0.0516810197098939 -0.580951850412566
-0.00940458707477226 0.00441416572974063 0.683767041561514 -0.2646804105418
0.00937600691938661 0.0203492602355346 0.575622982203702 0.404082927142332
0.00866091691336555 0.0527032547916344 0.0791786979285587 0.443421282512479
-0.000462733732057371 0.038655882455198 0.0680607094766165 -0.0135761175214266
0.0102424164015538 0.0283358837267447 -0.102157725714624 -0.470594855025362
0.0191626978849769 0.0133992971241207 -0.747902267834528 -0.188664900370297
0.00545919211264984 0.00973224550794116 -0.547744225194586 0.646282042645354
-0.0031219634087512 -0.00144621401277341 0.309834334221203 0.602935727734655
0.0136409634168517 -0.00827625777090095 0.488058293416145 0.0459284289459566
0.0195389064355865 0.00194918436879214 0.253894961751984 -0.238272768467015
-0.000693845752751734 0.00256608805205193 -0.0440877726902768 -0.264549959838589
0.000844242345930255 0.00937600089754857 0.0150342053602976 0.211953483129048
-0.00870750726340955 0.00321108299946576 -0.216251488486758 0.130264673021563
-0.0176355440219741 0.00822061443674447 -0.412518829534474 -0.0759409766270138
-0.00112718935062986 -0.000195184645485019 -0.192241536493442 -0.500851613523158
-0.00954541270070357 0.00588758477220945 0.474542615980391 -0.522037471358707
-0.0420036221590445 -0.0107794733099965 0.682910980581491 0.116803217994534
-0.0300360852832747 -0.0226163109239404 0.204754304090118 0.443424284179396
-0.0199398348511939 -0.0482267280160398 0.0583793410804976 0.0769292444253867
-0.0349418503649789 -0.0515572426141555 0.0365378475157769 -0.423284960967131
-0.0379841051711725 -0.0200847378904406 -0.606087295101976 -0.483428668963633
-0.00368923342836669 0.00892802783685729 -0.801028281649386 0.353691303711853
0.00813796532489518 0.00588169029576156 0.0311275784332963 0.731410355631965
-0.01593801947938 0.00417696507871251 0.448712643610208 0.250690767950656
-0.0156942586218396 -0.000688629265793509 0.29798545873878 -0.163979657849741
-0.00828453905007099 -0.00561305379706349 -0.0065392126574567 -0.281370333566335
0.000168074242782619 0.0101509279411484 0.00844677311789267 0.208331582804204
-0.00596867755280084 0.00165827447367552 -0.225864501399425 0.107863017742766
-0.0164268863627331 0.00350414348791374 -0.403752378510693 -0.117881443914928
-0.00421553834886193 -0.000752335912563296 -0.120677466596469 -0.529186487811083
-0.0171400842096383 0.0101758518925506 0.552714840539329 -0.465399301782386
-0.0455626442067856 -0.0136077360227417 0.664224716444463 0.196671871476861
-0.0293911929596536 -0.0311983138970784 0.16286239985465 0.450598279671252
-0.0147368036952448 -0.0594894024625032 0.0547840680396658 0.0532880711888079
-0.0364092624340916 -0.0558284747394083 -0.00567319275718158 -0.440865596874604
-0.0398779414958535 -0.0142247558482004 -0.660164297133151 -0.40580795767487
-0.00457642680112701 0.0145164278816088 -0.733805964414239 0.449627780253716
0.00526314475961616 0.00528447963384071 0.12745079694863 0.707243195930462
-0.0140536349082863 -4.83942935389937E-05 0.469466117017676 0.198431837131795
-0.0113290561935272 -0.00171020036384671 0.283427717569917 -0.189614242846367
-0.00821238478608767 -0.00167013235031811 -0.0134465343135583 -0.284335414179342
0.00136647591700875 0.0116344736644112 0.000922252304908123 0.205018277097927
-0.00296986796397835 0.00265342060302679 -0.233165429410857 0.0864672456632592
-0.0137144843606749 -0.00246592725159212 -0.385793020277293 -0.162238980089652
-0.00805102334870029 -0.00138120223132386 -0.0395426606475784 -0.551055914722119
-0.0229311274280012 0.0117056104178394 0.620261451780056 -0.393793434746492
-0.042175337443082 -0.0158268910050038 0.631817236202751 0.283559310769439
-0.0208635662955697 -0.0347380829817314 0.118511365728387 0.452436280327378
-0.0092317497527571 -0.060462014418848 0.0533735241428618 0.0277741130948203
-0.0352555125733387 -0.0518096811754903 -0.0504069517434791 -0.45319751074423
-0.035405389170202 -0.0063947893454247 -0.706846002660314 -0.317339071995831
-0.00261656013709616 0.0197871762180566 -0.6522351505751 0.536782811944517
0.00173858684496791 0.00543109037436531 0.221523039659228 0.669538437737545
-0.0110858974944842 -0.002964790743662 0.483914223792115 0.136213981422517
-0.00551912797290717 -0.00264457429968476 0.265896154362145 -0.214301807259562
-0.00657311240382496 0.000736152550139249 -0.0247880147466501 -0.283892904063398
0.00205735275594449 0.0134512305354763 -0.00450908859613135 0.203274452300558
0.00457503640059159 0.00345288838497034 -0.236584530605082 0.0672064456513872
-0.0088104484617319 -0.00615253342655691 -0.365101638873727 -0.20220183041927
-0.0118366810910236 -0.00554110723716016 0.0318674959467233 -0.563467785172156
-0.0251119492398492 0.0113393898961098 0.671942244860581 -0.31493412470868
-0.0350293280370872 -0.013910699192926 0.592745853583963 0.361334986789744
-0.0118203419610126 -0.0278349823072774 0.0807291023871307 0.452588185724831
-0.00438493315246797 -0.0520210825607806 0.0533836975890201 0.00380792115353737
-0.0305083160646436 -0.0395942313173765 -0.0911927567059512 -0.463541947477304
-0.0275296655007781 0.00229013729241116 -0.738132800750821 -0.237982867423327
-0.000435171732291396 0.0239757867611666 -0.576309930694332 0.603827272806832
-0.000942515762619785 0.00482601141394082 0.297047617608874 0.62681901711271
-0.00579219733348045 -0.00573955170890388 0.490053697611222 0.0838584921104388
0.00136336712448405 -0.00281449770758399 0.252134527009295 -0.232602275270888
-0.00524698210677077 0.00396591542107155 -0.033935174830903 -0.283292978940556
0.00503078535174356 0.0130587648342638 -0.0125734573074255 0.203109674280402
0.00999169799704026 0.00546488254975798 -0.238153807566182 0.0543143981201962
-0.00233681074704 -0.00620933138669198 -0.347362277336512 -0.232306644613302
-0.0142142943908283 -0.00755435198581986 0.0840509714369757 -0.568430245518277
-0.024098696411113 0.011207759961432 0.70249449848802 -0.255599733104043
-0.0248677139411936 -0.00949490541984345 0.561037027555303 0.412566301423076
-0.00200764805362388 -0.0133715648918524 0.0576845320600385 0.44722715406027
-0.000893709662857373 -0.0342264557599013 0.0554068331037431 -0.013426121557735
-0.0214992664668505 -0.0253221279007812 -0.117934961095628 -0.467421872422459
-0.0171156593780138 0.00858939234987141 -0.752615077165672 -0.175368085161152
0.0019772733052571 0.023068497602951 -0.514140121904931 0.648618425112515
-0.0042060467839464 0.00344856867395416 0.343447441936353 0.591431462318852
-0.000481407965247448 -0.00860587699972308 0.490883633272302 0.0433305361380977
0.00807356281598058 -0.00275795699940101 0.240214493219247 -0.246814622965568
-0.00465663679885918 0.00587207073503335 -0.0423857321411012 -0.279084957284087
0.00801503922025115 0.0126704327547325 -0.0185012293948231 0.205275216539491
0.0148116047487725 0.00724136731574289 -0.237492691466912 0.0495300751410177
0.00390249035313823 -0.00717555695395525 -0.335616390065512 -0.248611454254287
-0.0147421128387423 -0.011004993920203 0.104811417146944 -0.573728707260953
-0.0199907209213404 0.00994508523464945 0.715265204037111 -0.222120302284774
-0.0121376712552499 -2.25829836718837E-05 0.544066120077686 0.441778005562083
0.00308980691624208 0.00760635977076537 0.0482384981635095 0.446957616889605
0.00179080256655265 -0.0115997325049007 0.0582236501673785 -0.0242635334708118
-0.0102030651576108 -0.00721955820868075 -0.130893260738528 -0.470188766673062
-0.00297700178848718 0.0132836876492288 -0.758774351063788 -0.144978697323219
0.00250615863495178 0.0220137280319196 -0.487633770624623 0.669056369849984
-0.0053604397967228 0.00308280913331437 0.363271862835537 0.5725256450393
0.00483339934169127 -0.00976158707304104 0.490447554718531 0.0192489658743559
0.0128873043017291 -0.0021729135909061 0.236467203717005 -0.25231789665231
-0.0015907854036245 0.00615724718924387 -0.0479195613044463 -0.273756674940919
0.00982903956871465 0.0111953153306136 -0.0206216820709867 0.211095476291879
0.0166855163193655 0.00966595397343527 -0.236440218070585 0.0555653456464537
0.00909200908092327 -0.00506648923707149 -0.336005311355915 -0.250264123872574
-0.0158941462229148 -0.0132880896813387 0.0937479252511945 -0.579538031490911
-0.0155425889786946 0.00742658093514022 0.7112536544444 -0.22637224912689
-0.000662744340534462 0.0115995153221901 0.552980255769775 0.435721580060829
0.00706361510248244 0.0303284146535767 0.0558470112066743 0.443609379316477
0.00276955519506696 0.0152713138565025 0.0619982636919601 -0.025035520599867
0.00248621841400776 0.0120792025762694 -0.126452275668669 -0.47110943824538
0.00927261927372398 0.0138881662802669 -0.757512952348943 -0.147067399806563
0.00324547578999874 0.0165691406004267 -0.498080621315481 0.671060899639518
-0.00544453351488735 0.000403013323817123 0.3515397596837 0.5788913890545
0.00964959596391273 -0.00923684045808666 0.490924447791013 0.0193289630689462
0.0170941801532345 -0.00115861739232087 0.241379005076428 -0.248888928173627
-0.000279197765419614 0.00599467513951951 -0.0496567322789593 -0.269354281001386
0.0119697767063402 0.00934512452756032 -0.0239948242962747 0.214070521325957
0.0178952991775053 0.0121951890376605 -0.234229984690824 0.0688282652137651
0.00974657923860678 -0.00183508060379118 -0.346615468825027 -0.234636578453192
-0.0137869366485805 -0.0137589883393635 0.0495487290886243 -0.582981864357274
-0.00870339825706164 0.00440727736747382 0.685547340843541 -0.268165070388596
0.00957197398394513 0.0208949420525376 0.578330157742456 0.401564616423651
0.0103840449479987 0.052124764230053 0.0788878612869953 0.444171690958182
0.000128150654587738 0.0395544837497682 0.0671725247853356 -0.015505671281852
0.0112589066334857 0.0290605548820191 -0.104224193039111 -0.471467603564907
0.0188165258130637 0.0135477554881416 -0.749065862279767 -0.188521762401447
0.00477244473822629 0.0102382869527376 -0.547070954011303 0.649322904256364
-0.00454945191718674 -0.000701777143240391 0.313167772038294 0.604117862576161
0.0136949620224406 -0.00654134176875208 0.488864315057046 0.0445683055149874
0.0201292009057238 0.00154139192997604 0.25469779790469 -0.240092898067264
-9.13453206639226E-05 0.00352086106819484 -0.0465052877915824 -0.265165804105722
0.00168583532424441 0.0085614730739483 0.0168389960452559 0.21225753742409
-0.0097226548224056 0.00249464054196096 -0.216492602383701 0.131357817056478
-0.0172246369468098 0.00778069365289993 -0.41320326757419 -0.0738823489865324
-0.00133130862415345 0.000218132670741414 -0.194559220886375 -0.501716661658432
-0.00993782132284127 0.00605824882576599 0.477967359145081 -0.525726301252071
-0.042213474128067 -0.00959813303123184 0.683950035359727 0.111648754946432
-0.0311037698501332 -0.0223273408510659 0.205054532931201 0.444898605945019
-0.0197318041980189 -0.0486951148851402 0.0583703045550645 0.0770938069696214
-0.0358776236648823 -0.0506652778117013 0.0358776819247389 -0.424839285719931
-0.0392359015568557 -0.020315770663465 -0.606751386903862 -0.482449650693436
-0.00336569836232167 0.00924682798226163 -0.801906217422489 0.359831558067658
0.00920434195015215 0.00484858987346702 0.0348517730380463 0.733095378211467
-0.0159698161488803 0.00396397345793524 0.450791896051852 0.24991767907189
-0.016052647359379 -0.00114747511286734 0.298003991584144 -0.16636526518417
-0.00892934558307243 -0.00343368213687149 -0.00838666474934865 -0.28336202778835
0.00120580404062981 0.0113064310574753 0.0101813333384642 0.208395403333024
-0.00671141058998357 0.00162086194283632 -0.226007892966375 0.110156071923465
-0.0162840809264473 0.00411021393358025 -0.404753371017121 -0.115490042280085
-0.00460044550923069 -0.000805192004821479 -0.120766878934967 -0.531597332436718
-0.0168554335376776 0.00932416021027799 0.550740923789298 -0.466953458872187
-0.046199079490983 -0.0133341699375376 0.662950580589518 0.196557737450967
-0.0283462355734241 -0.031559741614249 0.164300268213257 0.450440567969531
-0.0144232162932208 -0.0597792890994634 0.0546734580238054 0.0531250412949461
-0.0383183059802311 -0.0553970870293573 -0.00658324892615465 -0.442133062165851
-0.0405976700367299 -0.0142301655317707 -0.661791471838512 -0.403562660467463
-0.0053694000406197 0.0145244137591408 -0.73317091406056 0.451870427917278
0.00454916569486994 0.00575702722719731 0.132811137858934 0.708171214525003
-0.0150492804626187 0.000286479135802769 0.470813728004868 0.196892769575714
-0.011872781115799 -0.00182101128075742 0.282848579892743 -0.191102959440814
-0.00870866403391382 -0.00175721299215089 -0.0176067851013922 -0.286150143107181
0.00144389773256781 0.0120043884883228 0.00362380738514333 0.205843773898122
-0.00234333296632114 0.00328647629922209 -0.234110127583683 0.0869905593177799
-0.0126964473087326 -0.00107127713406746 -0.38748767620563 -0.161121174170265
-0.00839418578513045 -0.00191936283784339 -0.041660010744448 -0.552333363471713
-0.0220339583048275 0.0119756714803883 0.619243708789529 -0.397911206442229
-0.0433807688908309 -0.0160232170812343 0.632536017202461 0.281335831171543
-0.0205761955806528 -0.0343851528194075 0.118478645439381 0.45419893027976
-0.0102979102912968 -0.0604059546156872 0.0531525350912114 0.0276987265918954
-0.036691484714666 -0.0511690420919302 -0.0507397456394705 -0.455886871898875
-0.0363372912666543 -0.00670544591243607 -0.709053426485433 -0.317450969114904
-0.00291053572687762 0.0202580958302477 -0.653037281045172 0.540622365422155
0.00121265249566276 0.00708828734082525 0.22439957231202 0.671244773573462
-0.0114117603928936 -0.00329321753530857 0.485424583119131 0.135099758613609
-0.00533773894679678 -0.00233408164974036 0.264434853985789 -0.215865513232924
-0.00730951855094603 0.000772387996439947 -0.0266897392312468 -0.284966036504586
0.00348734062706257 0.0124056266510995 -0.0040190633650296 0.203817306312804
0.00305490182448016 0.00319347531920085 -0.238004832903965 0.0678057552843434
-0.00756843972471964 -0.00494603891723613 -0.366614882627695 -0.201194501374989
-0.0124424326035049 -0.00489146706821606 0.0302056769608935 -0.565747005819888
-0.0249337358404831 0.0117696445137582 0.671816487094556 -0.319522809995222
-0.0355423982164157 -0.0154751835443185 0.596006398579475 0.358287755935519
-0.00996449892939001 -0.0284400815596902 0.0830642507814322 0.452822247128338
-0.00526554483990327 -0.0518837164220235 0.053868195900755 0.00411554586697496
-0.0304498368142521 -0.0413064585055344 -0.0900892083249586 -0.463706388125223
-0.0275349456274787 0.00214563042549354 -0.737825562044485 -0.236368186798752
-0.000675574291071384 0.0226810596782988 -0.575394137874709 0.606514906494289
-0.000681577339331056 0.00473262257792436 0.298913462485251 0.62647866990522
-0.00684076918288486 -0.00620625921077488 0.491245030220034 0.0827100256098298
0.00118097932880581 -0.00333763537945107 0.249575385089658 -0.234838420412683
-0.00550298847574924 0.00402085791214762 -0.0375952942465378 -0.283824867136015
0.00613839283851582 0.0122413453025487 -0.0114073482964848 0.203110617786697
0.00940974984679155 0.00509923398260785 -0.238866885380274 0.0554026006237568
-0.00191060598101362 -0.00719302840737873 -0.347395207620278 -0.230405747313598
-0.0151437740866347 -0.00783983804721205 0.080717569797768 -0.572019000021005
-0.0244043497597904 0.0105933669430599 0.705620162357872 -0.255422129962861
-0.0244105342547624 -0.00977494194349063 0.562878988075551 0.412189651893591
-0.00116332739956209 -0.0141190866720771 0.0587379772033165 0.448670151910303
-0.000674651409950189 -0.0345328730793574 0.0549397706904271 -0.0147428676082966
-0.0221375393529618 -0.0247766757551307 -0.118105275784489 -0.468291746966703
-0.0158145290928062 0.00917711218090869 -0.75530935228281 -0.174802695039711
0.00107003964305843 0.0240055548797536 -0.512974514273212 0.650546503924847
-0.00342994371003919 0.00373548893153025 0.34557540687074 0.591185498286456
-0.00152351844002006 -0.00797843952509731 0.490997572657937 0.0409142754142722
0.00800155029245677 -0.00254635802405478 0.238861016869903 -0.24784644556306
-0.00377497109621435 0.00575830802162131 -0.0463594133022222 -0.280213628905047
0.00785315252723213 0.0129426168827118 -0.0171139965619509 0.205521270134775
0.0145499513411475 0.00661411362437722 -0.238616801565119 0.0513505493192989
0.00361101473353134 -0.00727920583118413 -0.336104800646149 -0.24715350318821
-0.0167065410174939 -0.0103116529509844 0.102419308319956 -0.575781493065329
-0.0205356710625999 0.0105776400629762 0.716417071975054 -0.224162333198743
-0.0118768123828183 0.000772283977369771 0.54728525434291 0.440163310561009
0.00418308829187717 0.00737745090239898 0.048653690213731 0.445358690197778
0.00214825602535481 -0.0105747957830355 0.0578573808993719 -0.0243199179881629
-0.00937690794243965 -0.00632762615262612 -0.133215344232148 -0.469121129897772
-0.002492361694259 0.0128228787758084 -0.760930205634386 -0.143989145369558
0.00305049200321239 0.0205644986795299 -0.486536335250329 0.674782664967374
-0.00458052035990351 0.00322849115196134 0.365049143975891 0.57310572196081
0.00479980057643265 -0.00955118511657428 0.491751089550001 0.0188782395216807
0.0136538094869287 -0.00191572984297914 0.234833332536625 -0.253640703880954
-0.00246889326057935 0.00679775271657482 -0.050947861068702 -0.273721321853603
0.00917213974865934 0.010076167886098 -0.0198971423831755 0.210958192050453
0.018108019486244 0.0104104914858773 -0.23777955127685 0.0555110480116929
0.00767745071120303 -0.00513667182127788 -0.336358000190169 -0.249443279179842
-0.0158316457905504 -0.0132172030557592 0.0926632087911523 -0.581525028629069
-0.0142087080063567 0.00797103131021707 0.711157179573903 -0.230416279882851
-0.000901589903475421 0.0114430493433249 0.553905354681237 0.436272221786181
0.00824189476765154 0.031162565118215 0.0580613450634806 0.443989224221543
0.00242557706753251 0.0147635647139536 0.0624448718866922 -0.0256692702296629
0.00219499153166301 0.0118593325385393 -0.126683939727539 -0.474049260378515
0.00909915164357299 0.0127844584932468 -0.761033426896723 -0.145933001339391
0.00469234200376028 0.0157705237288887 -0.497373572669674 0.676173057071761
-0.00532088286222183 0.0020019844658586 0.355574771194729 0.577595332792433
0.0102094999161526 -0.00938925645069903 0.489650904908303 0.0195416724113412
0.0182845918625045 -0.00090474407160303 0.240613346325852 -0.252728315123032
-9.78507006906279E-05 0.006261345879986 -0.0526919418560446 -0.270516203236096
0.0130139777772703 0.0091723761308497 -0.0224425806745426 0.216108964881841
0.0176293168980008 0.0110065316740819 -0.236086907369644 0.0709766756163649
0.0103866474745662 -0.00245605591806849 -0.348569281651189 -0.233304223808322
-0.0140914097820221 -0.0137526478866535 0.0469561317207025 -0.583874555542654
-0.00978843585349132 0.00446417343181042 0.685952050120514 -0.270700546424819
0.0100104805183256 0.0193953740584016 0.580224671521517 0.402580219353135
0.0108211704239301 0.0514230394443457 0.0789226563821075 0.444156674365565
2.01623821993232E-05 0.0394344354255043 0.0674176370869344 -0.0162805538898119
0.0107223325629867 0.0285944089957725 -0.104273909623352 -0.473457274881353
0.019457400816519 0.0137011484618174 -0.751142494133385 -0.185451229672789
0.00606627561134498 0.00983767547230642 -0.545061321723795 0.653172393330541
-0.00430875698638098 -0.000761227336504461 0.31459253960642 0.602793082444242
0.0124305047951817 -0.00837836590020681 0.489863834773488 0.0435023525725996
0.0191084582366367 0.00105856175402203 0.253614236412547 -0.242148754909568
-4.30192585280454E-06 0.00304057991183827 -0.0484469175924629 -0.265611924179439
0.00123181151186146 0.00860226324064333 0.0180360816661907 0.213726094600954
-0.00986205121137401 0.00362884047299248 -0.216612226045559 0.133128665363943
-0.0165468425196213 0.00793972179587733 -0.415627619791574 -0.0709424786746181
-0.00182482123000218 0.00028838431069058 -0.198971457724353 -0.501960875258039
-0.0108980719842325 0.00554810420327548 0.477507455060438 -0.528765686897708
-0.0421507208956385 -0.0092412475600566 0.684856579393575 0.112707889596601
-0.0311745770223521 -0.0208960831364069 0.204942411296041 0.443766833184308
-0.0201719019850683 -0.0486049624020968 0.0583851997673263 0.0775217503584185
-0.036305601925184 -0.0506585899055159 0.0352223445085462 -0.427267596829598
-0.0392388428528049 -0.0206677916229523 -0.613317660451567 -0.482535585168802
-0.00276078347606477 0.00862431771802761 -0.802252176286222 0.362171102257173
0.00809126446585443 0.00585445130252403 0.0386171806140038 0.73389197230554
-0.0156956344333932 0.00432042697495623 0.453622764454972 0.24856745016888
-0.0165278411917388 0.000213030025902682 0.297437744785129 -0.1678870501658
-0.0102313289041657 -0.00433656935596572 -0.0112829257397017 -0.284898786188306
0.000736080434330247 0.00997709252712135 0.0123107751481462 0.209140601603294
-0.00661647986561163 0.00273677012879701 -0.228378033825318 0.111010113891176
-0.0169232537725102 0.00325159307210084 -0.404425165782202 -0.113211942234507
-0.00518942048029997 -0.00093695245580198 -0.122595388542947 -0.531889209104511
-0.0163540714570427 0.0107046291552029 0.552718121256375 -0.471534823124462
-0.0473271094521144 -0.0131516489293208 0.66599755447831 0.194840896368612
-0.0275228501822321 -0.0324339856638254 0.16409611252384 0.452524172407974
-0.0143024601659169 -0.0595163519417955 0.0549889541587179 0.0538916862938167
-0.0376234825720734 -0.0557931670222972 -0.00626111531135136 -0.441976563783803
-0.0403294405984757 -0.0149385012037998 -0.665193739941225 -0.402365957610681
-0.00394309766883331 0.0132333967141995 -0.735972824719248 0.459270822977285
0.00467881005339714 0.00515966507369105 0.135304814985154 0.71011530164079
-0.0143743204002322 0.000283756775503434 0.471835299270765 0.195062162203013
-0.0126091023324522 -0.00119820648518404 0.282469187888319 -0.193302455330445
-0.00902392143136621 -0.00126806193050594 -0.0179615130730349 -0.286604742293705
0.00190171949198577 0.0112337296720301 0.00643070177468905 0.205896384814001
-0.00286735370222937 0.00298743701347324 -0.234269604338954 0.088780046818942
-0.0136754872115464 -0.00121768501497769 -0.387192580768007 -0.159672453574529
-0.00897074228072515 -0.00231115990653198 -0.044390308244069 -0.554011258974603
-0.0229361883446763 0.0124168769337055 0.620293311611332 -0.398851448284311
-0.0437260905139871 -0.0155011498407075 0.635436641366985 0.282318068538707
-0.019579288449909 -0.0348954599239032 0.120004659831123 0.455220294838014
-0.00907032629128348 -0.060039379504515 0.0532518096675897 0.0270752907490641
-0.0366575009521099 -0.0513975116662782 -0.050715291336386 -0.45747833034674
-0.0361516053592169 -0.00632615174709232 -0.712699378116789 -0.316871983384996
-0.00213037273546137 0.020075909457635 -0.652323034751955 0.545850524915241
0.00274016047444458 0.00629981495072005 0.229029816697781 0.672242242654476
-0.0103195950538395 -0.00334844076638275 0.486802858125902 0.133373316422673
-0.00622077993165 -0.00178442097254756 0.264566628627451 -0.218241307065148
-0.00813804743501486 0.000951603031657949 -0.0282180620238681 -0.286413049060578
0.00243921931964011 0.0122839388906926 -0.00155906684997365 0.203744445061351
0.00363970858547322 0.00344252570541905 -0.239719440349307 0.0683010384689113
-0.00869432120332043 -0.00552817583729939 -0.368182491749545 -0.199634398513958
-0.0116005609867588 -0.00507104928363314 0.0280957931014478 -0.568627288250955
-0.0245156528976319 0.0133121183201363 0.673725525543432 -0.323341342752922
-0.0356437237879118 -0.0150469806125758 0.596131995283528 0.357862970049878
-0.0103000006037009 -0.0271529013767486 0.0827499558222849 0.453870043687435
-0.00438353448756728 -0.0521358967738153 0.0532854946395628 0.00397560666096352
-0.0309580111505612 -0.0402633407797673 -0.0916678210334762 -0.465008091067083
-0.0271956957656643 0.00264666602101281 -0.740881362024767 -0.233418379251691
-0.00062391118821754 0.0222156990707109 -0.57524349584487 0.613380640261232
-0.000328360213688977 0.00484719422829012 0.303092092231179 0.627757651935393
-0.00678559704933234 -0.00624164760039894 0.494238477267304 0.0804245937213881
0.00176554458943515 -0.00261519898823513 0.249889996131612 -0.236728074254959
-0.00562437114984206 0.00452316476253893 -0.0397269813241134 -0.284326795845889
0.0060447319516332 0.011913658518628 -0.00817537397116926 0.203930351727856
0.010420341319355 0.00483770019138559 -0.239458496029396 0.0579196098266997
-0.00233872836920361 -0.00744361250875079 -0.350352871960556 -0.228707266263788
-0.0153434092035262 -0.00834938897569581 0.0800899268473887 -0.573174271312506
-0.0247453010202958 0.0124956850438463 0.706745267850014 -0.259918722369253
-0.0251109672190087 -0.00980646479299218 0.564426245092481 0.412420920785923
-0.00168262220020195 -0.0145379189895745 0.0579067210692568 0.450144840457842
0.00115692996970844 -0.033753230302532 0.0545772593269945 -0.0144508968734914
-0.0209227065668654 -0.0255800995174464 -0.120714342980271 -0.470027681984373
-0.0158477185718711 0.009437116983471 -0.757167022135229 -0.171952818186822
0.0013716317042511 0.0227550168028376 -0.513790808890874 0.654344630307105
-0.00223113848958304 0.00413382591803768 0.349186512661286 0.592161054542147
-0.00141788830591338 -0.00782394539391747 0.493450301954888 0.0396218230529794
0.00718239424010908 -0.00258871587177724 0.238653272099397 -0.250769274387415
-0.00428012679131739 0.00572388936991449 -0.0468531465372466 -0.280803027829827
0.00902641772493523 0.0114650304635827 -0.0154123577620804 0.206906015838836
0.0157647006651077 0.00750707667508248 -0.238915696718867 0.0524621397519955
0.00371059014868037 -0.00725946497711958 -0.338815080430041 -0.246622333018247
-0.0157968488062491 -0.00966356170473601 0.100818383687014 -0.577997736822738
-0.020797151720133 0.0102106087839567 0.71867330515467 -0.227233538260452
-0.013284177120864 0.000445689431989997 0.551308684239142 0.439250062850968
0.00476700356731769 0.00736885509604838 0.0484154007281436 0.447201939721921
0.00231738456152613 -0.0106560516905344 0.0588594269081283 -0.0245965425316496
-0.00984764599332168 -0.00604097860899157 -0.132480968001583 -0.472555281436397
-0.00242537018372383 0.0121413470919575 -0.762135770280854 -0.139703970207786
0.00353680420912236 0.0206560363642949 -0.485330486585152 0.678243138950992
-0.00504039990758401 0.00411882665457541 0.367685026632954 0.573041551441656
0.0051521215299279 -0.00986707852854135 0.49293178267851 0.0183437438829166
0.0134591662614548 -0.00251503420346647 0.235237269169058 -0.256582820487041
-0.0024985632850179 0.00666499859568002 -0.0520800120064427 -0.275138605627666
0.0106230399655433 0.010846805197073 -0.0192444334027031 0.211377166587728
0.0181938411998771 0.00972850935426267 -0.237998537381642 0.0587809680577433
0.00759818596014666 -0.00541687544585644 -0.33868922627452 -0.247890336399823
-0.0157134417204432 -0.0127065843938308 0.091292006653867 -0.586111043351711
-0.0155198861718108 0.00817263133852236 0.713582579329869 -0.231672529670649
-0.000237601299463212 0.0106976807871635 0.555801954413862 0.434221607109109
0.00882049220937615 0.0304114939406651 0.0572978551029394 0.446174584634679
0.00207972543950316 0.0144638916341289 0.0622769696259673 -0.0252839129909777
0.00336269858310804 0.011272046601743 -0.128959143903068 -0.474658736409874
0.00943964630041867 0.0143586692385868 -0.764366470067846 -0.144509264102705
0.00342554505791239 0.0153336329032269 -0.495696029192294 0.680057403784203
-0.00478993852544605 0.00187448312456913 0.359321302498211 0.578440530596028
0.0084111226181827 -0.00927418729438973 0.492935263421032 0.0166317646051462
0.0171831370774503 -0.00123190859664909 0.240844016683074 -0.254132083275145
-0.000652087964306589 0.0053917502538251 -0.0534269947645906 -0.270161356178095
0.0116075599834188 0.00898882803060579 -0.019369417638644 0.21627026551324
0.0191151281283379 0.0109284746102038 -0.235835573841626 0.071578972266791
0.0107713389627533 -0.00382861253873816 -0.350748700897618 -0.233182914153029
-0.0145771253834044 -0.0126916706763893 0.0436256696425611 -0.587482044008291
-0.00945061168122777 0.00436010731368502 0.68690573662345 -0.272354973921063
0.00916878793268418 0.0204656889937423 0.583944170807075 0.400793528367131
0.0120332171040627 0.051429410149036 0.0809800716019611 0.444732515047892
0.000849945532532551 0.0380926131326065 0.0677891574670216 -0.0165625006108796
0.0106264378521112 0.0294602754077392 -0.105606785883362 -0.474267892022788
0.0198095597255478 0.013837968903215 -0.753276272864791 -0.184293863696916
0.00556143998614162 0.009316246594856 -0.542352544391217 0.657090591000068
-0.00438280058769679 -0.000679165761554553 0.319369671464411 0.604722135622168
0.013183010475389 -0.007923115973477 0.491820747962175 0.0417410883031722
0.0188996653703286 0.0014642310559549 0.252789306781019 -0.24476960553797
0.00136679480847398 0.004001160674481 -0.0513190992139059 -0.26599537388467
0.00194660048565716 0.00804486181721338 0.0212777854925389 0.215461321215944
-0.00934131677339282 0.0028963470623544 -0.21912996946792 0.133909267004786
-0.0171062440975281 0.00829657624092105 -0.416928660435867 -0.0678082553210843
-0.00102767362684751 -0.000351719981732396 -0.198518656050234 -0.503946431060153
-0.010306922016329 0.00588451012991612 0.476248872644521 -0.532908398182004
-0.0423105647728771 -0.0093248390604402 0.687890807108535 0.109385111675917
-0.0310343087585637 -0.0221232604068867 0.207950526668896 0.447275277690571
-0.0200161064315692 -0.0483300713793855 0.0582887388145369 0.0776029113219928
-0.0368159604607695 -0.0504714806270765 0.0331213601413461 -0.427181220374716
-0.0400213346803057 -0.0204765225324348 -0.614584934126219 -0.48157913241985
-0.00316022905148107 0.00810344643228402 -0.805915616537802 0.367865060441391
0.00853554747371669 0.00561632233046456 0.0416170351425617 0.73650008794349
-0.0163317446718993 0.00547208068353771 0.455434880770723 0.247401824917575
-0.0156353129066206 6.24069674751374E-05 0.297795528022771 -0.171009111566358
-0.0103114270903665 -0.00385105100306303 -0.0140121830275802 -0.286118857732282
0.00142274266200284 0.00842877178715159 0.0155854585967749 0.209072334727497
-0.00614298329319669 0.0028727664005799 -0.228510644569502 0.11293700731487
-0.0167689183869861 0.003839348910715 -0.407422019437184 -0.11150276853527
-0.00497592665642778 -0.000608867363197639 -0.124771620570421 -0.53290657259338
-0.0174842031703755 0.0116861696943463 0.551809037481739 -0.475294573501254
-0.0473703346487987 -0.0121638458159863 0.669165972587415 0.192990485826689
-0.0271183868321272 -0.030989388307247 0.164922971773047 0.453621893405411
-0.0145971046603362 -0.0589190493542186 0.0551562087255741 0.052364971459076
-0.0380571768879952 -0.0554351574466478 -0.00961612227294007 -0.44360439745189
-0.0413983271959565 -0.0145747032793938 -0.669121328028463 -0.40270458746167
-0.0036135281659628 0.0144325839426777 -0.734767124157105 0.460065746643696
0.004505424066042 0.00588129147462075 0.138816805283662 0.711046094661331
-0.0146295987259253 0.000381385075625369 0.475529737192213 0.193743310782904
-0.0126217658171551 -0.00126499149667594 0.282075550368437 -0.194759543468628
-0.00996465758905839 -0.00020373048647694 -0.021753022381549 -0.288049158735468
0.00161173846961858 0.0110628248955023 0.00735136793345925 0.206699286510571
-0.00267524896218824 0.00178622308810864 -0.235218516079256 0.0918691426303251
-0.0130274045850662 -0.00227687112165779 -0.390894945282549 -0.157158084079038
-0.00819700644151692 -0.00212328297772048 -0.0474294709910167 -0.555495480694577
-0.022126824658947 0.0138212142476411 0.62291373699771 -0.402546697575342
-0.0446168641165609 -0.0154433104730154 0.63974175068496 0.278646517018306
-0.0204314420750355 -0.0347125701020056 0.120929013863655 0.456081462693994
-0.00959796629325089 -0.0605758180835312 0.0540583958056909 0.0272126769465544
-0.0363700464373415 -0.0515750190452952 -0.0526057972860001 -0.458511330095214
-0.0358601746512521 -0.00588990502182455 -0.7151682721075 -0.315216379286716
-0.00286027157191421 0.0191515457477915 -0.653253915342804 0.549542807883864
0.00228311018419765 0.00534146245551069 0.232697744331555 0.673384103262477
-0.0116358455169493 -0.00311608865104512 0.488861258191732 0.131400023232975
-0.00654186683169823 -0.00218592556852237 0.264372689390099 -0.219820898049276
-0.00890508581271988 0.00222967040201763 -0.0321327575979365 -0.287826544083727
0.00278372798560757 0.0125884858596753 0.00122125458935856 0.204774899081764
0.00427172510419378 0.00373656399659349 -0.238416845383626 0.0725584857417931
-0.00804625779677482 -0.00522500266794149 -0.369804903282575 -0.198492913795252
-0.0129557919413678 -0.00536236944633231 0.0273361030954784 -0.571956569342073
-0.0253814924329609 0.0130692689501639 0.675376322222759 -0.327072212075599
-0.0356286320844469 -0.014714283486552 0.601019154442949 0.355385864890741
-0.0106192234575616 -0.0282986560312597 0.0850995654994403 0.455683236386102
-0.0047036001474386 -0.0514526339911599 0.0540854549860131 0.00346535892467161
-0.0303850840119775 -0.0403738378560636 -0.0944715224458786 -0.466960144038781
-0.0285288183471437 0.00177009718311571 -0.745472283485584 -0.232363101679346
-0.000649747594647723 0.0227363648013181 -0.573772074401017 0.616755383868387
-0.000689250525791949 0.00556818211565717 0.307344025607822 0.629841322984841
-0.00659126438064418 -0.00689708816806423 0.494789322282559 0.0758176525004332
0.000781402250306675 -0.00347494047701033 0.248587599291695 -0.240120751054337
-0.00678174255257718 0.0051871180342063 -0.0427357316371951 -0.285496127653417
0.0054866801463079 0.0116571003335679 -0.00700618004734529 0.205339372696176
0.00997095804258041 0.00453883765636851 -0.241284028691859 0.0580803594089762
-0.00281454642047703 -0.00759827454377978 -0.3523393989617 -0.227954491303607
-0.0150944652123026 -0.00748049555496892 0.0790589841574887 -0.575655461307837
-0.0248812127833712 0.0125331434568783 0.708917463632315 -0.262366766092175
-0.0242826060030399 -0.00910516005563188 0.567366060458536 0.411595431479145
-0.0025293868560958 -0.0139359768130009 0.0609726335048251 0.453105344373234
-0.000307058470181838 -0.0339077756610612 0.0560067033739592 -0.0156012583712395
-0.0227363172486495 -0.024587493416782 -0.12249726089779 -0.471297773768466
-0.0158228193167568 0.00899685618246238 -0.760861097277847 -0.16976290268076
0.00126191712842996 0.0230760195958166 -0.514163695896736 0.661812062672072
-0.00327808179383493 0.00414958421865701 0.353223571366984 0.592952967045485
-0.00116045241660327 -0.00771526683836219 0.494657956213267 0.0360989665790627
0.00806819547946128 -0.00310667937115341 0.23787252772759 -0.251972381502212
-0.00381252754517378 0.00612294347473946 -0.0504572875339017 -0.281127913389662
0.007066355099448 0.00993135324318577 -0.0131210793150987 0.20779085182755
0.0149741078981442 0.00805372205293719 -0.241223060581062 0.0541153796754493
0.00437511942725157 -0.00721782787843348 -0.340491053198925 -0.246356402661745
-0.016393329456567 -0.00981371250008662 0.0985703708531619 -0.580360666358946
-0.0209434194337267 0.0110552912552729 0.720834964989364 -0.233650500316381
-0.0127062352379723 0.000801338262242697 0.55068340496842 0.438166867218491
0.00541599939019606 0.00651806977477459 0.0510891144831861 0.448427037228366
0.00313127567639036 -0.0113924079584831 0.0590578010696435 -0.0251536166283778
-0.00873133868240367 -0.00611483742276251 -0.134702388962016 -0.473672718018075
-0.00278747470009466 0.0122010966183511 -0.766695140913286 -0.138285217763804
0.00311685998449371 0.0212007414073639 -0.484316984309503 0.681704968383059
-0.00546714778609722 0.00257185062090352 0.37363901797755 0.574869542554395
0.0044127371963502 -0.010364714922762 0.493726839908553 0.0131991453828986
0.0139201473897358 -0.00268205932171686 0.233518279920077 -0.25813424760115
-0.00288744566232898 0.00714524749463225 -0.0556147985966849 -0.277282020887496
0.0107770209897509 0.0102373123735696 -0.0160057083419001 0.212461699865673
0.0182311549522991 0.00956458825215941 -0.240419323885681 0.0608208884344541
0.00769687220177065 -0.00592987501160789 -0.340424730823176 -0.246335060265345
-0.0162462704507473 -0.0120525652363502 0.0889237222636844 -0.586795953142862
-0.0155807356238846 0.00874746220279031 0.714156783750267 -0.235475651015909
-0.000197082087442298 0.011922275107958 0.55935547070434 0.434439811610018
0.0091881311986753 0.0291220357405479 0.0588226676364977 0.446877952309221
0.00200286882763339 0.0147683210567646 0.0632288754577362 -0.0255015914981529
0.00295874987821686 0.011524717469097 -0.131000466713161 -0.475634011041737
0.00999147759973864 0.0136360646842055 -0.765224075177523 -0.140566311555072
0.00396826623156924 0.016398335091627 -0.496662491809559 0.685233718337492
-0.00445211341326767 0.00238785062067639 0.363131452323849 0.580282081087339
0.0103433647676322 -0.0104152666947908 0.494557502172062 0.0136697185172751
0.0174500933819724 -0.00118763462843642 0.23985570570901 -0.256286104443645
-0.00068236090107899 0.0074215439770517 -0.0564042525099313 -0.271447565962457
0.012371451690802 0.00873103124262661 -0.0181007936797358 0.217510310272407
0.0189249438731909 0.0118866244921681 -0.237207184513509 0.0739124570590965
0.0102430805034852 -0.00378413807260526 -0.352677039901014 -0.230316269808066
-0.0146510844746395 -0.013078124608852 0.0417417512346255 -0.587908971908747
-0.00893020327619071 0.00471921398246692 0.688737900715405 -0.277684494112876
0.00962301316963048 0.0200519773455517 0.586609386583418 0.401244743110182
0.0121301214219972 0.0514107620036722 0.0821559917443896 0.448556979516021
0.00143685627998192 0.0392046322533543 0.0676188480827453 -0.0168674252484734
0.0103629494846083 0.0294781689745257 -0.107250457247823 -0.476526794554675
0.0208268641775277 0.0139569453608324 -0.756984031718351 -0.183808597227585
0.00592816417585973 0.00945369340057441 -0.543282726837165 0.66182791508003
-0.0042147243778693 -0.000393498973566785 0.321424314457346 0.604146751958044
0.0138882112149689 -0.00761154466960552 0.493719186120164 0.0390974988188037
0.019372628827914 0.00112629349022326 0.252173558927559 -0.246169281462756
0.000124852174952563 0.00523204224213387 -0.0531042647984029 -0.266346182637524
0.00123314214729761 0.00784009767976185 0.023103030899584 0.214556128453865
-0.00936926448200342 0.00318884466326406 -0.219289640821268 0.135307037177858
-0.0182034289587409 0.00894681753914523 -0.418115322563652 -0.0653528512330865
-0.000781773352542029 0.000806773991469905 -0.201905119648338 -0.503674451780598
-0.010652409528875 0.00597398841223136 0.47681524729882 -0.535793142682693
-0.0439307069830849 -0.00932840846702322 0.690301127916489 0.107252172531298
-0.0304603812626895 -0.0215442392939932 0.209405984735862 0.447545596271236
-0.0200998183217065 -0.0482398683882659 0.0595998513148959 0.0768617630830329
-0.0367898642580999 -0.0503457444411638 0.0336931904606063 -0.430026412049253
-0.0403082277784697 -0.0203494068570985 -0.620616399102202 -0.480828075428618
-0.00278473641518617 0.00809749868021587 -0.806563041738707 0.374449999492238
0.00798189109357357 0.00526362257945355 0.0457338816654759 0.740149274492396
-0.0158450038453609 0.00561613545910184 0.459396457008402 0.245999655541598
-0.0161794445902888 0.00136014132168496 0.297728820167411 -0.172416009775604
-0.010773304488642 -0.00288912256984945 -0.0162969317091478 -0.288005756596799
0.00138918776515068 0.0086837148992073 0.0175700920451545 0.211309220289066
-0.00687917690459929 0.00256544441046755 -0.229069008476455 0.114677482330921
-0.0167947407757682 0.00366920552212108 -0.409411838829884 -0.109708420116934
-0.00583935100034767 -0.000457314321467215 -0.127623747186478 -0.534879519063469
-0.0174463428538881 0.0114910763493117 0.551821384210991 -0.480082067071009
-0.0465756519015783 -0.0114159213147736 0.672624142466575 0.189024143679263
-0.0280959813191563 -0.0320292015461348 0.167425814813591 0.4562996399807
-0.0153813359527254 -0.0594196174615273 0.0566053577833294 0.0536144916959112
-0.0388780975741155 -0.0563186514591979 -0.010683717501496 -0.447589640980391
-0.0421589457870799 -0.0148473698274621 -0.673832270782543 -0.400744311317095
-0.00341842759785842 0.0148269541065096 -0.737167045890486 0.468537410308239
0.00559295686680285 0.00649483501652668 0.142838188423382 0.715997389646236
-0.0137631844224657 0.00106991618591296 0.477416481619425 0.191122872693804
-0.0116581933333303 -0.00132623406811688 0.281810867817553 -0.198486481424108
-0.00972978547428835 -0.000427028383584079 -0.0242620446949016 -0.289771224124725
0.00209099243239115 0.0109611473392045 0.00945382463928287 0.207439964717972
-0.00205778945162673 0.00204990608174068 -0.237942877613209 0.0928401352474445
-0.0128437784333337 -0.000705968713275299 -0.392010720580906 -0.154869419387258
-0.0091701961516403 -0.0025130961316882 -0.0487275027008003 -0.559787710599358
-0.0221391352941661 0.0124050216423398 0.62219084426547 -0.408176158950947
-0.0448712082742857 -0.0146549562364119 0.641614973432682 0.277848297810005
-0.0189601731080652 -0.0350025746591 0.124336390333527 0.458516808458666
-0.0096782698157902 -0.0601753087130436 0.0547929609374122 0.0269767752334986
-0.0369592248740429 -0.0516472218393703 -0.0550150273241725 -0.460637709214597
-0.037501849650202 -0.00550916105227569 -0.718746125096085 -0.313692995595192
-0.00134036727126283 0.0188110455320662 -0.652395682396395 0.555806201940732
0.00197275751447567 0.00609406041891874 0.237350921680557 0.675576662428326
-0.0121972784667374 -0.00303640916906616 0.493259486771463 0.129468358046146
-0.00584030154919021 -0.00252384075178234 0.263204503530431 -0.224476667971916
-0.00821397073035375 0.00215039922178221 -0.0340870700817221 -0.288920073557217
0.0040959020808381 0.0115507299082233 0.00203512363355571 0.204586523762975
0.0046279836566299 0.00367453679270132 -0.242337640249954 0.0724416560452343
-0.00816692704364458 -0.00542556025618402 -0.372000284163986 -0.196223287905528
-0.0127045915590796 -0.00454211834332385 0.0244691247692014 -0.57279312932611
-0.0248233083068018 0.0133967751338551 0.677543432564441 -0.330586043680107
-0.0372608706443472 -0.0158280524764713 0.604079535084342 0.357533019858841
-0.0109523933860587 -0.0283466444958353 0.0865221796953506 0.457035380619766
-0.00512587755282779 -0.0520079440968937 0.0535991049152412 0.00345792578167341
-0.0316123908359229 -0.0405852663961009 -0.095839074602797 -0.468823764151109
-0.0282080963062155 0.00355205180138824 -0.749251047452473 -0.231592982370792
0.000278736145433774 0.0217870296762893 -0.573469355022632 0.623011587953499
-0.000600770894606986 0.00576003045323516 0.311892895951809 0.631434173828021
-0.00787739654599258 -0.0057621534919982 0.497226716971452 0.0750872737899434
0.00103311113146016 -0.00270555346019199 0.248411861330673 -0.243282264310563
-0.00660743074879139 0.00467712524284523 -0.0457354832088773 -0.285573493303365
0.00545321809872441 0.0126161905742426 -0.00415465431942999 0.205145548815376
0.0108049687450003 0.00508177316395621 -0.243111100122912 0.0606281773071211
-0.00321193898845851 -0.00800133819147912 -0.354931273063486 -0.225582178936117
-0.0158868585552259 -0.00717865836035712 0.0759252467700448 -0.577329106308852
-0.0239586389025813 0.0126344236947329 0.710501593616087 -0.267869152762066
-0.0260808575641492 -0.00938718866845452 0.572076773373774 0.410952637950927
-0.000499787958718722 -0.0142408888070493 0.0602553019632476 0.453938621981997
0.000422136676199942 -0.0342123086811026 0.0559583607288799 -0.0159792043444914
-0.0223013557086607 -0.0238010329537633 -0.123091897442799 -0.472836330696509
-0.0165867108951835 0.00887304200486135 -0.76430573139521 -0.166487891031857
0.00203754237222351 0.0238687575906583 -0.512675045411217 0.666934245002259
-0.0028781276885211 0.00448486214380539 0.357409810983389 0.59365241082545
-0.00158825543652345 -0.00885879414684083 0.496583359138377 0.0335565554218683
0.00709228403691149 -0.00265031305087748 0.236176510511335 -0.255689030253022
-0.00338319595816645 0.0063523776432523 -0.0527089482537453 -0.282784972773439
0.00879748081236578 0.0109615496698613 -0.010050507136191 0.208453166937132
0.016215614311835 0.00797556734105039 -0.241719818642116 0.0565817333118515
0.0039607837472377 -0.0080828700035316 -0.342483961001514 -0.244103074389495
-0.0165940730893235 -0.0101089414934563 0.0941943748420517 -0.584417047239357
-0.0208322095713554 0.0113084602850541 0.721931653611274 -0.236376732381264
-0.0125456785409467 0.000250382270152253 0.554932878841603 0.438038149286185
0.00524561242671645 0.00653069999839456 0.051561203223345 0.451196978427333
0.00262024728032484 -0.0110276259212725 0.0584996278594977 -0.0254118669523173
-0.00892083782936693 -0.00573894745526946 -0.137537672005844 -0.47626153071548
-0.00269548975141981 0.0127642331963448 -0.770532237033576 -0.137061049846497
0.00273391767012461 0.0207566961107894 -0.48206332666159 0.687147629490353
-0.00491762378740902 0.00355148591232981 0.378424950012186 0.576132398903766
0.00560755619959894 -0.00929745405368847 0.49501749226909 0.0119072714034895
0.0137720999578785 -0.00307503586531569 0.23390659370731 -0.261811350144335
-0.00324180280570977 0.00769537601267664 -0.0582581488963494 -0.277844194513148
0.0101768412622948 0.00989971377884925 -0.0146002122351953 0.213325483859293
0.0183449473792472 0.00995950360096091 -0.241660901158106 0.0613771290705821
0.00784289989013262 -0.00546455003675938 -0.340932181430308 -0.24613432194852
-0.0169803006980894 -0.0111137916812357 0.0861037984885063 -0.588923715401444
-0.0153945009957396 0.00945813986052803 0.716906667843693 -0.238859100544982
0.000111588979063396 0.0108025043074427 0.563816066531521 0.433078250246693
0.0100510451506756 0.0298766531578175 0.0605748527110562 0.449301136063684
0.00367181692695375 0.0149546136940805 0.0634669619201394 -0.0272467117005067
0.00194689333830697 0.0112700717106462 -0.133374946316325 -0.478240487336568
0.00992623547314963 0.0133708418627084 -0.770461522564168 -0.14027340512123
0.00419827487095642 0.0157995491509056 -0.492656208028814 0.690349958808116
-0.00503312277616067 0.00164084040849964 0.367243324817685 0.579771327124807
0.00978527407944542 -0.0101814903380361 0.49700323504193 0.0127338221860842
0.0176201601423073 9.82676103270489E-05 0.239197441929153 -0.25905559175124
0.000117472380363581 0.00691523936454283 -0.0604714296765614 -0.271632089505753
0.0126354149414248 0.00826942978298853 -0.0164214554562425 0.218767480011122
0.0193639225436834 0.0109517400584535 -0.237944303337915 0.0765711078216589
0.0106395319359059 -0.00309986574697625 -0.35378222519529 -0.229835266757675
-0.0149844362032138 -0.0133566908940608 0.0396826757214642 -0.593369114139044
-0.0089010171948783 0.00583167102597585 0.690888047925491 -0.283508362768356
0.00923672852649017 0.019879038404421 0.590473270782828 0.398757959112633
0.0133491064489647 0.0513101884699749 0.0835314520400458 0.449559199632348
0.00114400523706773 0.0396090633263354 0.0682613232811494 -0.0176273697395215
0.0112989243405583 0.0281815970466473 -0.108382958770441 -0.479616465354535
0.0200907470418078 0.0139781990188456 -0.761374571493202 -0.180324468195504
0.00536202211547969 0.00947475269520016 -0.541718467260307 0.669493740218424
-0.00432527326523729 -0.000812224332596442 0.328663950998313 0.604703782815578
0.0143334810005936 -0.00814274874508671 0.495757096796598 0.0354950829024957
0.0202469948890463 0.00109512175493422 0.251650948139775 -0.24908708009028
2.12164793530773E-06 0.00585771127335925 -0.0567087036785631 -0.268175303095196
0.00143170579831771 0.00662414237682123 0.0251723521620307 0.215492686829287
-0.00943489900876326 0.00317457901248265 -0.220481590332742 0.139222706692897
-0.0180739367481892 0.0080416350597136 -0.420059908940995 -0.0636225340979976
-0.00156376362404885 0.00049447615065549 -0.206992070818286 -0.506383683221267
-0.0102810749371189 0.00662913363012571 0.475904651384394 -0.542798210938136
-0.0442271290458123 -0.00826711960807366 0.693730060075475 0.105212880008987
-0.0309047379637047 -0.0210883405373505 0.212718812521756 0.449244832110203
-0.02074343404865 -0.0491316195325113 0.0599413399516703 0.0773694844527664
-0.0367984437544388 -0.0514022075123177 0.0319925445007673 -0.43444447282818
-0.0414634279599385 -0.0198580814819252 -0.625811495753621 -0.480987123744489
-0.00296565700046364 0.00870387264252458 -0.808744308806208 0.380860405610623
0.00929372840457763 0.00644048013773491 0.051082300316221 0.744206203554795
-0.0151223875633994 0.00432739231087821 0.46368763082271 0.244713127751453
-0.0163823159654493 0.000238094587057547 0.297577354764661 -0.176033098412325
-0.0114152973738656 -0.00281893172201645 -0.020306387111203 -0.288985480149212
0.00154894419143312 0.00821485999429854 0.0203184012891575 0.211039935884733
-0.00660583665752099 0.00208230709780802 -0.229992215353924 0.116352263313479
-0.0159432128271958 0.00444418621685352 -0.411218730823996 -0.105882717553745
-0.00495908836789163 -8.65817184168794E-05 -0.132649623552427 -0.537411933118588
-0.0173839202869462 0.0103189131930131 0.551180263363766 -0.484097047594439
-0.0475842025555843 -0.0125347358707589 0.674081901469752 0.18712702110445
-0.0268412240065414 -0.031819898420932 0.170140143268723 0.456067585840724
-0.0154883153953521 -0.0591992209194262 0.0566012762594425 0.0525337428491608
-0.0385544165533503 -0.0555640082054439 -0.0131082017645941 -0.449214128852931
-0.0415649589778223 -0.0150123249614888 -0.679817030287276 -0.401823682178582
-0.00322737998445043 0.0144991875794774 -0.736785540680384 0.475893830939522
0.00454271676570306 0.00571162001201989 0.146906133562357 0.714962423863642
-0.0146654926434448 0.000720353323584993 0.48178024487689 0.189587914406842
-0.0114758318899438 -0.00180801784723621 0.281366673626092 -0.203565087370534
-0.00980569678930492 -0.00106988256119164 -0.0286781648665658 -0.290183759517341
0.002412307713454 0.0098704099008709 0.0118040838290466 0.209185346028239
-0.0027422747615325 0.00202394131656562 -0.238264267238438 0.0941450572406845
-0.0132793148888492 -0.00145478019796503 -0.394509499867469 -0.152057887774315
-0.00948969511318537 -0.00184192376782306 -0.0520838850388734 -0.560753490038416
-0.022626554275797 0.0144336032278233 0.623822291785719 -0.413818477170092
-0.0453605024160668 -0.0144876017176495 0.645914809623725 0.275464846756838
-0.0188271671039454 -0.0339600046177843 0.126726032158264 0.460135444977537
-0.00928649402235548 -0.0599692034682438 0.0550335553313083 0.0273132397511253
-0.0380636005350058 -0.0514703172123817 -0.0566340992330707 -0.46264220677041
-0.0385290044138 -0.00471758447613259 -0.725149982449578 -0.311359831341693
-0.00264397269130557 0.0198037497613228 -0.653429277080033 0.564304522202532
0.00214283189475134 0.00626536352938321 0.243045780201925 0.677496372534378
-0.0114655502159356 -0.00313714477142732 0.495404566181941 0.126356529050022
-0.00539440362953614 -0.00250365903312988 0.262987491457179 -0.225645957740174
-0.0086692283184376 0.00189928002146625 -0.0376759747641044 -0.289957513646169
0.00348224400140672 0.0116877230369239 0.00578032687945337 0.20653571639935
0.00315768771921138 0.00235699703440081 -0.242857706390578 0.0752788864093728
-0.00797983133568881 -0.00639232117277625 -0.37439984191438 -0.193496960336153
-0.0139523950896755 -0.00410856337307081 0.0196463502141327 -0.576691724554418
-0.025488793834034 0.0135586056823913 0.679300347736847 -0.336437104430185
-0.0372591577647243 -0.014506671232249 0.60950476879015 0.353467063266904
-0.0100968857286175 -0.0283396978533713 0.0896791521561886 0.459933096202178
-0.00504099618491427 -0.0514863608831424 0.0551733852972133 0.0031214297989428
-0.0309072985426398 -0.0396062442900399 -0.0976481216128401 -0.470604192798285
-0.0291649823874579 0.00227373128212012 -0.752373094661672 -0.22615487060971
-0.000546985025708536 0.0232340753585477 -0.571003519504151 0.629041093033041
-0.000220388722284336 0.00470296018609189 0.317058820370944 0.631735872911974
-0.00756970936874087 -0.00625428392397907 0.5006945810224 0.0719927372488079
-0.000473005559223602 -0.00249940154753499 0.247377391875661 -0.245551692928985
-0.00690323647060303 0.00465913692061878 -0.0491853875809293 -0.287760652891409
0.00606459304309928 0.0107068176439819 -0.00291568890733195 0.207234329198529
0.0109321763199772 0.00503758725735446 -0.243860120068921 0.061745420157073
-0.00297841666725767 -0.0083184561702909 -0.357507825288123 -0.224992039456255
-0.0169955194152546 -0.00693280852230247 0.0732954314305888 -0.58164934021525
-0.0247214031660698 0.0128157681176731 0.712677858891207 -0.273050805313125
-0.0252872534375478 -0.00954061493336414 0.575229995966321 0.409601575806372
-0.00053649998521868 -0.0133035225606438 0.0627560839801337 0.455762710291871
0.00103855695273395 -0.0344900468943627 0.0558984876486079 -0.0173945127332216
-0.0224433601785928 -0.0245179800033127 -0.126513809151701 -0.474165719504629
-0.0165229033218095 0.00906043850598597 -0.769566889905732 -0.165400082984146
0.00249736578137994 0.0230560247330033 -0.510811312854591 0.673888792856555
-0.00390536381517586 0.00425874851502531 0.363156859974872 0.596088314766716
-0.00184981517038826 -0.00906867355442717 0.49810755888183 0.031307008500443
0.00686495954522081 -0.00257640937275849 0.236639863414445 -0.258284739800644
-0.00533387439029383 0.00817082456408537 -0.0566613451095255 -0.28313774264286
0.00888394562562988 0.0111190420916081 -0.00820636611943158 0.209561391208908
0.0153538180164646 0.00662528697106014 -0.242929012553702 0.0597564069947719
0.00273404301585234 -0.00764064703484642 -0.345365667798019 -0.242335610895032
-0.0178222000175757 -0.00996915749693355 0.0942144966719349 -0.587547091177699
-0.0208508522675502 0.012385517814998 0.726878594336568 -0.239364552941058
-0.0131595065637145 5.95750525476911E-05 0.560493235532476 0.439639835073994
0.00618891251916352 0.00706002500350582 0.0534810520074806 0.453825373482038
0.00381891042218592 -0.0113159153291943 0.0592712948814983 -0.0266683377910297
-0.00941495865603974 -0.00671098310976352 -0.140771666553571 -0.477324277660685
-0.002254278022569 0.0122035879183326 -0.772048503306865 -0.132775832545166
0.00281912166430151 0.020056375112761 -0.481682822537496 0.695695654408205
-0.0043614411679043 0.00326985961501657 0.383137455912499 0.575177393364585
0.0048610812442415 -0.00973014081249629 0.497905736361442 0.00767482020866394
0.0135760854571307 -0.00253430613068919 0.232103706105295 -0.263981229219949
-0.00302148127252943 0.00921754789752721 -0.0632913939055529 -0.278209645818625
0.0106352371444741 0.00957255686570068 -0.011651882714142 0.214123645995142
0.0190254689057128 0.00908547762107233 -0.241874051368542 0.0658962215477537
0.00837023849414335 -0.00631340278742317 -0.346689422852938 -0.244023809681795
-0.0174966363244935 -0.011176774883322 0.0830250335389448 -0.593083739888532
-0.0156730991291117 0.0101806280629662 0.720707505356178 -0.245187630081938
-0.000169563216277112 0.0111118897133257 0.566180143415471 0.432242752945105
0.010629445416769 0.0295872601193189 0.0618009781952454 0.450475150373942
0.00373609434991984 0.0148633356643644 0.0632726695684556 -0.0278687985206552
0.00278331179352923 0.011800219289087 -0.134505396860638 -0.479677702511562
0.0100875719153777 0.013231898906441 -0.77384564864919 -0.135175612565126
0.00370043928616878 0.0167493576848648 -0.492115023489964 0.69895009644965
-0.00587195671259314 0.0016411766334426 0.372679051228246 0.581203175826819
0.00913960225381904 -0.0100908489527651 0.497907078446558 0.00940433623109173
0.0174763462052491 -0.00149633566029124 0.237532689157898 -0.26197509262692
-0.00101328528719478 0.00789037953874183 -0.0630398647190433 -0.27283254538619
0.0116056087964456 0.00807103921126302 -0.0124794822546297 0.218939434691993
0.019641965155494 0.0113708200296403 -0.238698993135444 0.0798514678141746
0.0104631123320688 -0.00317008300283032 -0.356347092124161 -0.229541832606253
-0.0156727901661241 -0.0132625987837917 0.0366116702764448 -0.595209120918987
-0.0089607411030045 0.00489570166592016 0.692957819232133 -0.286483702699333
0.0106129377039943 0.0201201649990008 0.593708560573318 0.397833397887004
0.0147637465768317 0.0512982646339423 0.0844869023000112 0.451892548116341
0.00134931160969286 0.0398213329688736 0.0696524673901257 -0.0178369812734028
0.0121275604303392 0.0291375983565944 -0.113517120913305 -0.481236414276506
0.0211086333739177 0.0137540905160753 -0.763886902212629 -0.176798062559044
0.00649298405392965 0.00883133004335014 -0.540894802195801 0.67565346692755
-0.00371944286334274 0.000146398141950959 0.331633178829539 0.606659412208726
0.0129466922928359 -0.0081453649009891 0.498648338310725 0.0326774796768326
0.0197333845503449 0.00119702152541215 0.248987904306975 -0.253028746576184
0.00129781044542891 0.00554792055035667 -0.0584442504558012 -0.268738221376999
0.00158634481682369 0.00745154472196087 0.0304567971118882 0.215609944723057
-0.00863460325077767 0.00282483045912134 -0.220523977153347 0.141769429299775
-0.0175786841711883 0.00827845945520146 -0.422551353438682 -0.0586586607636477
-0.00141044626680435 0.000205350412862853 -0.21058299626904 -0.505956476182147
-0.0114203005060419 0.00600343136320584 0.475021916244194 -0.548578516969729
-0.0446053402534914 -0.00793519580337424 0.697384532541535 0.0995543162103524
-0.0295412032624591 -0.0214574580833155 0.216212135289564 0.449649520411966
-0.0199277089704322 -0.0475911691447376 0.061193829615643 0.0763037283714674
-0.0378686272708688 -0.0504395479107087 0.0294931949509722 -0.436138601802242
-0.0413242151172263 -0.0194740455083903 -0.632050546753102 -0.481157652370274
-0.00332137681331993 0.00803664043223758 -0.812448432453468 0.388454477623127
0.00912938524390126 0.00630691247783146 0.0563405664460962 0.745105714854513
-0.0155590758172265 0.00566136081941882 0.469017803026645 0.241983662126505
-0.0161940124801497 0.000926507909365097 0.297170964398684 -0.179770767229598
-0.0106429930038613 -0.00238124333247426 -0.0241843738989141 -0.289275339356759
0.00148062793074137 0.00782057420973196 0.0225018876731297 0.210620352723335
-0.00645823207518331 0.00249565711171049 -0.230707250265641 0.119841702939386
-0.0162399637148 0.00263620956039304 -0.412436915469196 -0.103221522060968
-0.00586302521949886 -0.000412983877260517 -0.137589278089443 -0.538831125988639
-0.0178402360030461 0.0118524122944081 0.551806999556088 -0.492011333225763
-0.0485436636114204 -0.011847266744245 0.680112120418515 0.182297744434436
-0.0265588015909642 -0.0318641136838997 0.17343566318833 0.458880148327885
-0.0150717601731201 -0.0588315559927865 0.0573819261029655 0.0510484087096895
-0.0399488883112937 -0.0566121311257568 -0.014438360675033 -0.451786668153257
-0.0438038549721949 -0.013746358831284 -0.683564236750849 -0.398621916321934
-0.00468071757163595 0.014096750148867 -0.740327166236613 0.481767375308141
0.00554694385915326 0.00603625564875299 0.15338266909153 0.719925124920919
-0.014704901515871 0.00190340067097041 0.484951979432674 0.185368331420776
-0.0122554144088255 -0.000400791413000965 0.280136332568843 -0.20542463565507
-0.0110414964726728 0.000305047695233892 -0.033047847576916 -0.291923664541927
0.00233567383487929 0.0100122254348184 0.0149181874289751 0.207576452362729
-0.00182351390453952 0.00178932366692527 -0.238875577547564 0.0965382001427238
-0.0136027616616334 0.000324902810289761 -0.397828636588351 -0.151004329560492
-0.00914785257464263 -0.0018944806075376 -0.0563868844996568 -0.565095521961172
-0.0223654219317388 0.0146768016174288 0.622310270088079 -0.420415919564691
-0.0458615613651077 -0.0142666578437899 0.64971241609908 0.273475992466512
-0.0189112005260397 -0.0349950624610156 0.130097794085448 0.462294228509924
-0.00957017871182576 -0.0606903580258052 0.0548682466197228 0.0270392838859747
-0.0378097846687901 -0.0517309609798784 -0.0594927613653112 -0.466261289128691
-0.039180277449984 -0.00492048949722329 -0.731254250513981 -0.308298050438436
-0.00237568100013614 0.0188201331797381 -0.652888918832116 0.570628973651487
0.00228394818774908 0.00562632529594178 0.249127072359021 0.678869489471027
-0.0117303172948744 -0.00225540599314934 0.500005909368124 0.125038098993433
-0.00591808405696438 -0.0019519577129481 0.26156598153773 -0.230203749231827
-0.00954727161880755 0.00232878946161772 -0.0421168611019696 -0.292797589245165
0.00335659833551511 0.0107291339873848 0.00902563146953023 0.207450145304673
0.00384405274976786 0.00298795228870705 -0.243635394856493 0.0770434721014159
-0.00812261569550458 -0.00434302417702014 -0.377184133335482 -0.192586054923108
-0.0142979136136974 -0.00360129422036135 0.017348894992152 -0.580075766361194
-0.0250029511797485 0.0131840777572801 0.679301170385511 -0.342767570077598
-0.0370830825768227 -0.0144542428610469 0.612551274907823 0.352475456355769
-0.00941601938177453 -0.0293026762748399 0.0903179054917704 0.462309506460271
-0.0052669208873311 -0.0530201174155878 0.0550367487930162 0.00237837157293301
-0.0321077473761378 -0.039472051544041 -0.101438349838482 -0.474451370409592
-0.0292263511569572 0.00292841537808139 -0.756254639933852 -0.225799121853871
0.00125101995583326 0.022555946642554 -0.572139503376421 0.63701505224478
-0.00139351445317453 0.00601900198588062 0.323188669062344 0.631895011534563
-0.00693780110157062 -0.00450094923978157 0.50417683269961 0.0692630014347925
0.00068150021798938 -0.00194548726500612 0.245450067061878 -0.250553137689801
-0.00666157691943503 0.00607818300489771 -0.0527816491853474 -0.288514113753134
0.00730300531524399 0.0103097598328914 0.000356511312281527 0.207327621553087
0.0109197800993127 0.00334870786836786 -0.245772379526819 0.0649278306122221
-0.00271920794053228 -0.00896855402740202 -0.359951008406333 -0.22246011173438
-0.0168986472163342 -0.00761649247065483 0.0698466288841367 -0.58641920916017
-0.0247572576322479 0.0138792530258412 0.714722509627262 -0.279191614233956
-0.0255750393775682 -0.00829773107952315 0.581945215631408 0.408429229210238
-0.000935891355997162 -0.0150456103033936 0.0668402110216026 0.457389108095506
0.000999249294871015 -0.0347294752210624 0.0554079420947149 -0.0166113081843025
-0.0228530677433233 -0.0236747338254841 -0.129757929038677 -0.477282555829046
-0.0172396359166386 0.00915055021978721 -0.774845877932715 -0.16084412992211
0.00178426106324295 0.0234214411321707 -0.510086672070128 0.680191426230852
-0.00337788804625292 0.00450584617406438 0.370338683713573 0.595524225960014
-0.00128165061330894 -0.00793968803603718 0.500389868105925 0.0282421252898008
0.00698282325897332 -0.00359162664800131 0.233871301283059 -0.262756011268401
-0.00585947912261357 0.00788117085777836 -0.06097137809564 -0.283455511579062
0.00855987453497742 0.0105116135146328 -0.00578203015640467 0.210496020867103
0.0161248861043517 0.00668926298995973 -0.245255611871885 0.0611551037168644
0.00411226226223628 -0.00831404168456614 -0.34781952400582 -0.240440645278133
-0.0184624457039242 -0.00962714681696765 0.0900297651700337 -0.591366407998283
-0.0208395346354463 0.0117262438300091 0.728247314358463 -0.24590344597652
-0.0127070127164246 0.00155793309762286 0.567085079015909 0.435198150841953
0.00730908997475618 0.00643339804169856 0.0553124645479216 0.453590617299909
0.00336624842734393 -0.0112418883966496 0.0584750626353909 -0.0277803532337105
-0.00893212130058514 -0.00679831186007217 -0.144577961704898 -0.479737418820814
-0.00373438287259026 0.0126819900313237 -0.780617812804897 -0.128772749223524
0.00453146254709944 0.0208539156354734 -0.480817760952845 0.701306290079598
-0.00496916344169849 0.00377804513548967 0.389832013767101 0.576926272597579
0.00413308234933245 -0.0102215328899349 0.501068731254138 0.00559087538544188
0.0133104184816484 -0.00298882299782188 0.230346205703315 -0.268462916843411
-0.00257551867099745 0.00859423406498153 -0.0662439447391341 -0.278784882315007
0.00973690302954889 0.00966663043056609 -0.00889148620489635 0.215577738140136
0.0199174887202029 0.00963639746525551 -0.242388472495195 0.0671660664202363
0.00765938397888013 -0.00613277677979889 -0.348018374041718 -0.241647341980179
-0.0177565896798741 -0.0114086833158143 0.0777962815833974 -0.597796685003793
-0.0153071864842449 0.00975842888105537 0.721358096505491 -0.252206851175091
-0.000386155058876837 0.0120261234786965 0.571940769990782 0.430322382275358
0.0105985032604162 0.0301288333738663 0.0647096201363779 0.452441587920477
0.00367352463343042 0.014678481057847 0.0628254484042678 -0.0289373947897618
0.00269153574269797 0.0120059138881453 -0.138054157555083 -0.482525042938152
0.0100302398517863 0.0136517138016216 -0.778856877119506 -0.130601075693134
0.00502121141927554 0.0162714319808719 -0.491422356693592 0.703358712366421
-0.00517500581216023 0.00333928013717393 0.378656950209828 0.582065033602091
0.00974019706370649 -0.0102944634912978 0.500589296939671 0.00539108673729887
0.0173001887588173 -0.000854604735602608 0.236748422646892 -0.266174215098152
-0.00136160195581811 0.00888348279699483 -0.0651084522256625 -0.27289911700019
0.0123124439920498 0.00748803722159941 -0.01154003598322 0.220470092059822
0.0202644798528701 0.0108614863276735 -0.2384412971536 0.0817682088664651
0.0095180030636119 -0.0034658477575105 -0.359697914178762 -0.227566846769264
-0.0165822068838585 -0.0121442631853528 0.0330157001306788 -0.597405799877359
-0.0090793120194585 0.00600062144584189 0.695862092423927 -0.293476172104577
0.0106315271953092 0.0202469108805496 0.599829125515517 0.395117781970069
0.0143798995253849 0.0508379877480555 0.0859107967132952 0.454782150465425
0.00290700709318957 0.0402027268723523 0.0691640313659234 -0.0197520509730053
0.0122442754591718 0.0282596572812658 -0.114718601850061 -0.483505973683946
0.0206947354775897 0.0138112901420605 -0.769411296092221 -0.17206543076201
0.00590211716715336 0.0103949333118641 -0.538880409549256 0.682483390514019
-0.00442789671709673 -0.0001471919051757 0.339030810710378 0.608996150803715
0.0137024113587904 -0.00795940294542648 0.501924254209302 0.0294392297113156
0.0192929995138364 -0.000115096743162845 0.250003643745676 -0.256797763295632
0.000524817754723299 0.00711491748453138 -0.0635399903970002 -0.268893718386633
0.00175940375904375 0.00657383516740749 0.0327235109728637 0.216280224405009
-0.00920843444348542 0.00314513782977825 -0.221096690581917 0.144623047057659
-0.0179884595325901 0.00913155020705158 -0.424408642227416 -0.054953795621654
-0.00132656776570768 0.000838555405151414 -0.214372642075488 -0.508601975028232
-0.0113599432415622 0.00643460431378095 0.471378996521061 -0.555186230031813
-0.0456545507984802 -0.00817640192146196 0.699145710898265 0.0963506965052218
-0.0302687326237117 -0.0216065916633235 0.220630012129759 0.452373484130699
-0.0198242749769921 -0.047711028865662 0.0626363144703482 0.0757714593062703
-0.0381692814956496 -0.0500583357356045 0.0272272446229569 -0.437898451854476
-0.0417018115699793 -0.0191501917151448 -0.637529072350097 -0.477800060638276
-0.00318492558126365 0.00718843550598088 -0.811642041200196 0.397463457400412
0.00929108613719053 0.00583496472903569 0.0627271235186087 0.749796521079204
-0.0154712200817395 0.00605222068408211 0.4716894471791 0.239726745958194
-0.0163286226011598 0.000882381812383903 0.295889786155281 -0.183233025982976
-0.0118275845267173 -0.00265967012293524 -0.0279264308029997 -0.291847501405829
0.000891786344432263 0.00867180128317245 0.0262921231945574 0.211606028692451
-0.00646337460975843 0.00253754988722163 -0.231939259121711 0.121023456591729
-0.0170877082257123 0.00353370879499972 -0.41611960773399 -0.0993475381510517
-0.00474749964562675 0.000139837815246605 -0.140913704152731 -0.541536057465023
-0.0175061222547554 0.0115752512712396 0.552579325035751 -0.498152740190791
-0.049854216067476 -0.011398834906813 0.68271502713233 0.178527519057739
-0.0272346267946202 -0.0318884980511208 0.176195276586201 0.458673864827643
-0.0150324045345354 -0.0580596135203786 0.0577550314408328 0.0522471751142617
-0.0404125845900044 -0.0554694031715889 -0.0175876368693579 -0.453701857061058
-0.043243054448662 -0.0144333828803648 -0.690003636047485 -0.396785519345067
-0.00270071390891296 0.0144666319301354 -0.737999314729185 0.490334268040185
0.00605228995970384 0.0057879701474785 0.160881644284707 0.722777495758227
-0.014620457892154 0.00232537494285437 0.489905019779473 0.184167687575335
-0.0117807468761306 -0.000527990965174926 0.279094263972974 -0.209031651104222
-0.0114465977405013 0.0017202979810365 -0.037587365300475 -0.294628331315253
0.00210658155683163 0.00858389927919123 0.0199967051389268 0.209060848458777
-0.0013664134005245 0.00245708673009373 -0.240165977776861 0.100878902118
-0.0135334761123604 -0.00213798141809296 -0.40013744277616 -0.145646881630267
-0.0099719140223332 -0.00179841143969355 -0.0594760751597967 -0.566661102623037
-0.0220529862634211 0.0137867008657635 0.624633491404082 -0.426333286734236
-0.0462663281093566 -0.0145341352461513 0.653934591448676 0.269894426341746
-0.0194841223864504 -0.0355403972362996 0.132089443325073 0.460943312858837
-0.0098192462887294 -0.0609227939500125 0.0550135369871958 0.0261097773128894
-0.0387114847903161 -0.0512506196950552 -0.0630950073396249 -0.467925153100682
-0.0384316321476497 -0.00520680176852103 -0.735953217083796 -0.304499087641719
-0.00206436043372856 0.0191475121700545 -0.652534059550599 0.578738571690798
0.0024499796679254 0.00551211034813953 0.255319123603507 0.679745161755044
-0.0118433550538895 -0.0022104787328476 0.501471774143342 0.11993261858727
-0.00658689884591965 -0.00181796747695028 0.259851806096043 -0.233444214704705
-0.00869420379069653 0.0036563849659659 -0.0452583379462739 -0.292589651801751
0.00363387370354375 0.0114315846576801 0.0111955539635665 0.20847032199805
0.00480984368300866 0.00264365360571736 -0.244363058851546 0.079800288938731
-0.00838359850890748 -0.00591286615626267 -0.380462043378558 -0.188201189119674
-0.0137414297372841 -0.00358797689828158 0.012951610004234 -0.583820388579819
-0.0252982224553113 0.0137764852324991 0.682438569244068 -0.3487762188407
-0.037321012953221 -0.0137017939497563 0.617580136212641 0.349794045861752
-0.0092167236619644 -0.0298571272808455 0.0937206355834121 0.463335736427925
-0.00445949768663325 -0.0521899952462909 0.0539294853084526 0.00157543679352489
-0.0325755376946134 -0.0404438718475319 -0.105658631752467 -0.475577829611008
-0.0284254494406507 0.00351440682283074 -0.764132297056309 -0.22143781199444
0.000144496406108304 0.0224009443813039 -0.569238316941303 0.64461838213842
-0.000792003028021312 0.00501127394685567 0.332664008960931 0.634190298983743
-0.00693593298796694 -0.00570724701834969 0.506069907098291 0.0639126031995927
0.000883271412908599 -0.00230272110816388 0.244892068264016 -0.2526764859295
-0.0071468458153936 0.0063595895688162 -0.0569493714020987 -0.289314283980459
0.0062765706240701 0.0111024605161247 0.00441723204239658 0.208450688124791
0.0107809345502421 0.00497803373357928 -0.245877727955367 0.0678622878543866
-0.00380553940517712 -0.00804452682844458 -0.361379920086395 -0.220986170479198
-0.0165612844577533 -0.00659347667545762 0.0662564948632399 -0.58991046302195
-0.0249820462624265 0.0144036058356923 0.715653939245351 -0.28690610740165
-0.025902537946062 -0.0101175910746596 0.587457821681676 0.405387651815195
0.00160488075279649 -0.0148307936610883 0.0684401324655256 0.459584691481079
-0.000517774806978824 -0.0363318597246038 0.0560274811559669 -0.0175705719269008
-0.0232782253228049 -0.0242587767643783 -0.133939176307221 -0.478454899749934
-0.0167209068724038 0.00917928025286525 -0.778319331370457 -0.156054433086163
0.00287957693908073 0.0226958677279239 -0.507692307126002 0.690336933347865
-0.00300437776027963 0.00585444082960261 0.37532990517216 0.594173659157921
-0.00142860311167391 -0.00853215528703846 0.503946757191691 0.0232184271229309
0.00841698846941061 -0.00245597775850943 0.232819299712951 -0.266207346753542
-0.00496942294971203 0.00870001316648171 -0.0653371034740857 -0.283850249279861
0.00847310573406293 0.00958019764571131 -0.00334994993100114 0.211618871137905
0.0163077251533858 0.00677014135058395 -0.244499161611678 0.0638970132361247
0.00338549772031885 -0.00749699388955038 -0.351350635058649 -0.239087959076548
-0.0180637814168203 -0.00818309256652732 0.0865973514092802 -0.595440017574223
-0.0207296622944317 0.0124758092687624 0.729147029547293 -0.253664056208464
-0.0116663502360993 0.000427872706878848 0.569336637019436 0.431777105304906
0.00863448678778856 0.00569744814449292 0.0589330300035155 0.457432333533262
0.00417625283881322 -0.0115711261926592 0.0599181285506899 -0.0284181684363803
-0.0100732997224388 -0.00697168018661712 -0.14898252103808 -0.479910978808672
-0.00310306612989979 0.0131315045974875 -0.784720128319704 -0.123904795013575
0.00244152170832243 0.0200230243340046 -0.478082985643636 0.710177407614576
-0.00414744556411746 0.00440891898028117 0.395937063363645 0.576353698851307
0.00364932819171895 -0.0106571820148246 0.502532593576679 0.000100766106025302
0.0137645238183902 -0.00258855293656995 0.228115713689233 -0.271325474733239
-0.00266835268313207 0.00902028748559666 -0.0696314037893175 -0.278349531115881
0.0106501660404443 0.00828076316385634 -0.00538143843242332 0.214854231470302
0.0191403356877897 0.00852639901932015 -0.243535797925481 0.0710899938813308
0.00791721312381466 -0.00798584931288013 -0.350177485593734 -0.240316536907249
-0.0182621530238479 -0.0108754849816533 0.0752161325877451 -0.6010694447049
-0.0148609885057839 0.00982899000868495 0.723443159468122 -0.25830785811957
-0.00043652453929752 0.0111474974887242 0.576976446777862 0.42943182395349
0.0114436746076228 0.028927986534711 0.0676058522690457 0.454784838662275
0.00342549173299351 0.0145595147831832 0.0641996837939279 -0.0299163776944581
0.00318242236709123 0.0116507002664295 -0.142931295376354 -0.483515749433281
0.010056432917251 0.0133735546905036 -0.783773928581822 -0.124612302912784
0.00561894743555861 0.0153922688550284 -0.486498790348932 0.714367057122636
-0.00463936699007051 0.00156118240009975 0.389155848353798 0.581779396606682
0.00958796515596269 -0.0106445929529035 0.502525395602083 0.00200472565773505
0.0177471731388321 -0.000996911701503456 0.233874117830908 -0.269552320231506
-0.00159731090422081 0.00761710160689672 -0.0713198470893725 -0.273471447635833
0.0123332310013527 0.00824181780337674 -0.00782781280691808 0.221319997683499
0.0206474388325632 0.0112903790472756 -0.240153024525547 0.0841507347540157
0.0107177326166009 -0.00392289506608677 -0.362951002345948 -0.224802498138384
-0.0165913440147719 -0.0112682151314335 0.0266278895003999 -0.601875105075553
-0.00875553960063318 0.00580732881074939 0.696285295200362 -0.300991877209955
0.0108817031830297 0.0209324806799267 0.60453171934752 0.394025161034831
0.0157705266455741 0.0506261095358999 0.0915248479205736 0.455274093485572
0.00400869342275412 0.0389150918597946 0.0689114025752455 -0.0209443792349719
0.0134282028016111 0.0284728267462252 -0.118248547923986 -0.484563623441769
0.020639405676084 0.0130141480253302 -0.775410865599851 -0.168523390451255
0.00592737478190305 0.00758811539440047 -0.53607936514191 0.690706454750426
-0.00356613912675091 0.000930610926147999 0.344533456878504 0.607970305902745
0.0134927182758399 -0.00795816904179657 0.50411581211841 0.0242648688085051
0.0197047265235004 -6.41427843789241E-05 0.247966876181828 -0.259917994483363
-0.000515199129593208 0.00663880925757113 -0.0671616039897696 -0.270111695259283
0.000582630539117174 0.00594182269672418 0.0371214028561371 0.216498999814633
-0.0100027245036485 0.0032044032009506 -0.221273183006517 0.148027461467043
-0.0176241021280625 0.00867493465627914 -0.42604571152573 -0.0509315071874321
-0.00110793443333919 -0.00026741225746069 -0.220534913552701 -0.507314197198962
-0.0106634455608808 0.00645727878546251 0.470476344210354 -0.562988076863762
-0.0462702155199332 -0.0068453014050395 0.702621638139319 0.0921338866194252
-0.0301198700581561 -0.0206737625228295 0.225918002700004 0.452716614820288
-0.0213820538630745 -0.0472978854026909 0.0630600211925911 0.0765592993591544
-0.038622847985169 -0.0497691035343515 0.02342078637244 -0.440399810777176
-0.042549995438389 -0.0191886515840792 -0.643841808612037 -0.475835112306518
-0.00342069733423207 0.00834248536222176 -0.811874217678234 0.408009520540975
0.00962978912973562 0.00569960082105686 0.0714184048271348 0.753152695757468
-0.0158955839875731 0.00605129167898121 0.47607722839051 0.235595574891009
-0.0165771661695226 0.0024534005071829 0.294522897757378 -0.186999547524003
-0.0118492864427401 -0.00261126424579316 -0.0335662401301218 -0.290989171784586
0.000617898217188479 0.0082411653706806 0.0301976213220937 0.212199375269494
-0.00618733502931314 0.00225045205322986 -0.233011117691144 0.126165392034845
-0.0166415250764779 0.00438776074069277 -0.418947645521081 -0.0946815220805018
-0.00474843211311464 -0.000504967475183826 -0.146563402982957 -0.540441411110011
-0.0171181331039492 0.011845271335781 0.54827683866988 -0.505740339716341
-0.0497434798557186 -0.0105669478672454 0.685242591308379 0.173968023735415
-0.0270756026649424 -0.0308462692953487 0.180777147096263 0.459608452918895
-0.0169753314190791 -0.0590694651124976 0.0585944925684965 0.0515703407341486
-0.0410351103105462 -0.054999868639533 -0.0210172468498547 -0.456569514568252
-0.0452239310738864 -0.0138922478849906 -0.696517419094451 -0.390755272763054
-0.00367102356128904 0.013562411349809 -0.738180711881569 0.500411683340093
0.00597443151606246 0.00612743220676847 0.168773776157436 0.722775909842935
-0.0141000020300918 0.00194435521305023 0.49400922581855 0.178671783614029
-0.0127555276915292 -0.000167047933152161 0.277426573151745 -0.213739914064859
-0.0111296021793557 0.000735490156302955 -0.0407662149565379 -0.292707058420552
0.00123774926804526 0.00980993750181958 0.022582306093453 0.209835630060174
-0.00184979277854572 0.00243999053339638 -0.240266311453808 0.103692023526229
-0.0132179753281161 -0.00138815145070999 -0.402523504018349 -0.143742085031804
-0.0103673254814229 -0.00119215347644632 -0.0653383777820301 -0.568240424014424
-0.0227968382407194 0.0140635433344739 0.623768815476722 -0.435399124469649
-0.046646191617835 -0.0145313807749566 0.657454850033068 0.265755210383505
-0.0192145024690436 -0.0358719224768872 0.136176740555879 0.464698811787428
-0.0112771638005157 -0.060832247020796 0.05608747409823 0.0256309271344248
-0.0390683628668613 -0.0513619291389423 -0.0673551378023431 -0.469712801865556
-0.0391036620854367 -0.00490271272855395 -0.742623355574368 -0.299960630884562
-0.0014064233364403 0.0187032225321008 -0.649789072797126 0.587541572579018
0.00273397471865034 0.00651289475405637 0.261926950401499 0.680246511436203
-0.0124698002413425 -0.00255411622438321 0.505484462860044 0.116417542374177
-0.00594839159399582 -0.0014903945849118 0.258327718469827 -0.237548503904354
-0.0104392289595635 0.00458507981870294 -0.0512940189222832 -0.291936816925227
0.0031670617790665 0.0104202980308956 0.015351301220727 0.207910587375444
0.00440764193639487 0.00187951412046055 -0.245203838709526 0.0838535900877822
-0.00871466558291006 -0.0056319175367089 -0.38271116040845 -0.185090696398725
-0.0145741745436035 -0.00363298266961637 0.00814020070580588 -0.585202539641198
-0.0258108017176094 0.0144381954507007 0.680649690709222 -0.357720038181935
-0.0384052517420691 -0.0135212581525111 0.623120883549541 0.344844214273359
-0.00872120584490535 -0.0294929338106533 0.0977481338628876 0.464261557165006
-0.00512002305044562 -0.0523970585700227 0.05493990470586 0.0016231582529511
-0.0329812000456724 -0.0391923118716887 -0.108829691612671 -0.47565682043042
-0.0291461654771249 0.00303779286674712 -0.767711095652354 -0.21509297311317
0.00127173436634696 0.0227581029320843 -0.564689655773667 0.653548856296322
-0.000642021814329315 0.00642363401633718 0.337434033224072 0.633382960824592
-0.00738581258539777 -0.00504295626823823 0.5091645754717 0.0596925445064767
0.000320691659702114 -0.00204673613331335 0.241983438858127 -0.255950242091377
-0.00744718247654387 0.00667394971718192 -0.0614060447052538 -0.289168698620674
0.00583238025080044 0.0110594170472613 0.0075387570645773 0.208699259092975
0.0102917482743659 0.00397641712448173 -0.246260692960082 0.0715412432482737
-0.00395839103087825 -0.00833152482053666 -0.365474374889813 -0.216953710652837
-0.0175579890086186 -0.00613082753955392 0.0606488652253963 -0.593440289324431
-0.0245864671879798 0.0150130661890515 0.715793017688869 -0.295236786229344
-0.0256909864104828 -0.00737423226892038 0.590819804714428 0.403152027880536
0.000169916630427322 -0.0150502210375198 0.0728519401837715 0.461262668031239
0.000737458136129286 -0.0354791066431597 0.0557342589949093 -0.0180055773793246
-0.0224938898113589 -0.0245638888807651 -0.138521683478232 -0.481110415557213
-0.0161986836718589 0.00945821028871797 -0.783845100057251 -0.150651309935732
0.00268997886326857 0.0228042079005115 -0.502578364740216 0.694406252137157
-0.00184431347753996 0.0059243792271297 0.38385680157335 0.595225951133982
-0.00179745746471349 -0.0088895308075866 0.505919551703918 0.0189666819849998
0.00746812497536241 -0.0028398811657023 0.230796067203073 -0.270671962401704
-0.00492448267194758 0.00894076200617283 -0.0707242073934392 -0.284507633031921
0.00744804026563154 0.00882306034820323 0.00128486082454787 0.211739958854698
0.0164254936530705 0.0063934651006283 -0.244958654874153 0.0674949511383465
0.00340363100360545 -0.00906400692136189 -0.354878225160479 -0.235236642488571
-0.0186655331882591 -0.0078065728329856 0.0822896176929449 -0.600154371084122
-0.0205251847397758 0.0127345385454729 0.731080723019806 -0.262446192990312
-0.012475437240666 0.00143311122914297 0.577178534262646 0.430114219796022
0.00726829335929156 0.00564361759473664 0.0626805222886842 0.457903493040288
0.00369400124113619 -0.0125854342920673 0.0583465341486908 -0.0283516843775917
-0.00898370580459632 -0.00755959611782255 -0.152564052661322 -0.482108786101862
-0.00285579065808337 0.0127890337616018 -0.787028794749775 -0.11790279642273
0.00474866072113244 0.0199046394451208 -0.471613419700902 0.717186646341203
-0.00590610875935205 0.00355544308963796 0.40354861554575 0.573950591389217
0.0036731408015834 -0.0109428993010472 0.505571641912537 -0.00322712195799431
0.014303243901471 -0.00204353880542125 0.225460270956499 -0.276075402275352
-0.00254336844766131 0.0087762582009294 -0.0744522756555825 -0.277377378518104
0.0106415497813654 0.00832945960271196 -0.00246425087964809 0.216970408452557
0.0191144421387116 0.00897172859399431 -0.243393573667938 0.0733323643495109
0.00777212507978551 -0.00648835837105436 -0.354297147766272 -0.237563631751209
-0.0186870873613181 -0.0103077434667599 0.0695821994596035 -0.603192098030566
-0.0147556268176326 0.010170772278928 0.725372160452016 -0.265909986393765
0.000182824880091175 0.0117970119641108 0.582595717452975 0.424595957155044
0.0128348659521601 0.0295789657310641 0.0719997784686647 0.456379866642963
0.00476241494472744 0.0140709869745536 0.0640775346788212 -0.0303026888426211
0.00374335191000197 0.0111037159960395 -0.147667918782248 -0.485044406937586
0.0100671346889486 0.0128523193590587 -0.787990420913998 -0.121228270626892
0.00407275607477184 0.0158424464643466 -0.481152542054931 0.721049416272563
-0.00507197330252082 0.00182530193088847 0.392608925453593 0.580822488931146
0.00929137529917082 -0.0110538234701485 0.503560374517397 -0.00249919747274977
0.0187934961859732 -0.00184545234795387 0.232164873042484 -0.273413914868223
-0.00032880614029691 0.00972434653783255 -0.0756543471433544 -0.273463764096419
0.0113937771851762 0.00725638246603737 -0.00404383373189678 0.221417494073922
0.0205182236811961 0.010636132285983 -0.239322713826986 0.0900048367260063
0.0101305290997675 -0.00441027678388129 -0.365157328265447 -0.221205193199891
-0.0163561851665689 -0.0121534910043406 0.0215197907510053 -0.606190904043038
-0.00938135321553656 0.00711408272804078 0.69684418860941 -0.307760317583055
0.0116189378253416 0.0198449360257809 0.608364925843966 0.38932689571921
0.016863991603061 0.0508004364936923 0.0964768208579503 0.455622759572153
0.00390274797351633 0.0394319329334021 0.0677599375123088 -0.0205753491775852
0.0128525046180277 0.0288149216627751 -0.122390769576907 -0.486370674134139
0.0210949524160071 0.0132977265503116 -0.779411981515334 -0.162430647203521
0.00638022909732349 0.00842879593134971 -0.532407687802906 0.699368635693779
-0.00475063661392715 -0.000344075578702523 0.352924137582727 0.608080452962461
0.0133650285386885 -0.00914123821181444 0.504340563225893 0.0198443229262544
0.0204706915203038 0.000161318066504761 0.245704997618809 -0.264374135532555
0.000664838624067094 0.00774128156263802 -0.0724001289792411 -0.270457992052886
0.00194691748753571 0.00594898256446273 0.0402618952201822 0.215671471339949
-0.00982219352661566 0.00308859784063416 -0.219514473670855 0.152139518374248
-0.0179106525980453 0.00869964889069436 -0.427842586012074 -0.0451759721404505
-0.00140481951382333 -0.000504785013862945 -0.224781748514256 -0.505524622861187
-0.0114237201795594 0.00668334817848666 0.466205097750378 -0.56995098696028
-0.047003756544882 -0.00606327898506989 0.706214500266763 0.0818882303416938
-0.0296460214377104 -0.0206466158276555 0.22843916947277 0.451127501995247
-0.0221139387050041 -0.0475900979326014 0.063181478727003 0.0755215601798538
-0.0394940336879365 -0.0498804190786376 0.0211847907227229 -0.44364650451225
-0.044584835207403 -0.0191389519269797 -0.651414441488482 -0.470926806252616
-0.00330512132767994 0.00841294188073241 -0.812117517328605 0.415658393689667
0.00937294098907067 0.00452205637713994 0.0798790508119905 0.755622659205843
-0.0154983333961387 0.00641406618416519 0.479805499255758 0.231114956604541
-0.0167076109935881 0.00165930023662939 0.293112681928446 -0.190910814977105
-0.0135810466902936 -0.00146474490798668 -0.0389568188831645 -0.292955195334658
0.00178460831572347 0.00710660193848648 0.0346901366506263 0.21140572006783
-0.00625770009971149 0.00255654094626194 -0.230645949538579 0.129774180376687
-0.0165831158274618 0.00480415546614792 -0.418569303638574 -0.0903568718750238
-0.00558668337278028 0.000453991757763859 -0.15108851633069 -0.542246932138648
-0.0172727464300429 0.011876676710192 0.546433139412549 -0.514116151280221
-0.0490663065514004 -0.0095107057660889 0.687626078851558 0.16737212379677
-0.0274054142599731 -0.0311577994469572 0.186311518888891 0.461609389580899
-0.0164287573751395 -0.059374238107015 0.0580183391720815 0.0503426029667162
-0.0409927947199113 -0.0547147216938771 -0.0245097598229488 -0.458094512581871
-0.0446982167096626 -0.0128954081263762 -0.703332058573281 -0.388534880557796
-0.00353780026191998 0.0134780654540931 -0.735620475603063 0.509995068816585
0.00593891728552198 0.00626652150764033 0.176280000134255 0.724679089381254
-0.0143503930257501 0.00246189657109033 0.49740713641084 0.17438506669836
-0.01270077984571 0.000464789710730079 0.274470468885401 -0.217710336122321
-0.0116388367495191 0.00115031205268974 -0.0472026979755211 -0.293978618183776
0.00186177821175374 0.00842918970988027 0.0270369408834303 0.209086395788661
-0.00163715363773535 0.00168366973425054 -0.241238120317723 0.107054161517419
-0.013664536044222 -0.000911161586534706 -0.404546019709509 -0.138138769630859
-0.00968064644097981 -0.00134593454309337 -0.0713935485928929 -0.570597507559368
-0.0223861449112896 0.0145489557516905 0.620698782670311 -0.443244827104993
-0.0469252777031062 -0.0133898424807182 0.661448875931073 0.260255194405728
-0.0197304561516268 -0.0350577458664449 0.139139882059304 0.463846123990128
-0.0114170998253737 -0.0628135648545626 0.0553423042810649 0.0250482928167691
-0.0398475319060567 -0.0497155128288251 -0.0702649278111232 -0.472341448772769
-0.0391625761086777 -0.00474171733390974 -0.746909375197601 -0.294728630044524
-0.00127656651487072 0.0192353948101282 -0.646050007750899 0.596453658008858
0.00276582968287136 0.00600678360348187 0.270349588444804 0.680150015566698
-0.0128439420356951 -0.00212743457048769 0.509465404422301 0.111730633702544
-0.0061528225634367 -0.00157100917138988 0.255500765095482 -0.241123932956078
-0.00946468965615056 0.00436404471375616 -0.0574439745150961 -0.292908662746363
0.00400655573546727 0.00932370435153891 0.0189298227426273 0.208279499708524
0.00414761169937317 0.00216110587095271 -0.245126320777481 0.0877835106966392
-0.00992905303916283 -0.00578240132792963 -0.385868184388486 -0.180814386257695
-0.0141362959328721 -0.00291762514510221 0.0024893322693831 -0.588631577051995
-0.0246569168003833 0.0154079076377285 0.681494050140786 -0.365358731192926
-0.0378008199156972 -0.0128369286805875 0.625906216409601 0.340151518189396
-0.00783852966630717 -0.0301805484931143 0.101409296949796 0.465409615024699
-0.00508758714765623 -0.0526490048703048 0.0552579933720096 0.000447199415569604
-0.033516677161932 -0.0395608158612538 -0.114228782124005 -0.477514023608538
-0.0305892875092116 0.00273006214800489 -0.773638934327252 -0.208120496250783
0.00102251564459749 0.022646777866132 -0.561674693167717 0.661360085585278
3.30751209840201E-05 0.00593682515246192 0.343646983287951 0.631441529732032
-0.00727077613368704 -0.00491752395185848 0.511211057084256 0.0554474493300093
0.000827136624196083 -0.00244558248184141 0.238782054833862 -0.25974473543084
-0.00760993925151932 0.00859763223826336 -0.0670515694450824 -0.288908137147583
0.0062068005840647 0.00920280541365424 0.0124180773727125 0.209101497753141
0.0107013072163418 0.00389171413993957 -0.247463605280653 0.0746320384336298
-0.0028512947030374 -0.00888493493169816 -0.367813952978993 -0.213918695199879
-0.0171211611524797 -0.0045556346759154 0.0539590906240758 -0.596571496110871
-0.0251962866451754 0.0151260035619236 0.717211862492771 -0.303982344037687
-0.0261186915391131 -0.0080427235596146 0.597494721993975 0.398053463027545
0.000357756687254325 -0.0154993793074968 0.0757709582012904 0.463740883357618
-0.00147019587016114 -0.0366095926548766 0.0556740716333413 -0.0180405874782306
-0.0223058510851749 -0.024000070125373 -0.14317473436231 -0.482329499109346
-0.0169094556317275 0.0094523929779603 -0.786167810306332 -0.142603633207134
0.00285325856451885 0.0228306186271395 -0.497851405778508 0.704028692661693
-0.00363341591998547 0.00570375233495818 0.391951773494689 0.592827983548802
-0.000801114720336896 -0.00926831631800107 0.508025543140965 0.0119720089725051
0.00756546318406239 -0.00303304700140454 0.225800820143183 -0.272741132886003
-0.00562340410107643 0.00899709103040571 -0.075401575133605 -0.284049318832626
0.00860552784250656 0.00930319385131615 0.00570611788272959 0.211613954408807
0.0163414797419079 0.00604423483758246 -0.244429053299885 0.0721345915573126
0.00258978560690091 -0.00939897089470378 -0.357205293759018 -0.232543481719411
-0.0187202133610677 -0.00700562071598745 0.075804631896364 -0.601268820804283
-0.0209641994148593 0.0130474203995246 0.729647758630354 -0.271457482649798
-0.0126589019428856 0.00111511977943158 0.581121612843452 0.425334400667906
0.00834890815057818 0.00463319105574081 0.0678793665497332 0.458902878118315
0.00366268181614929 -0.0123943126088778 0.059014460494252 -0.0288407589854407
-0.00903675351230715 -0.00693255576937823 -0.1572306008263 -0.482711993431771
-0.00300096314922232 0.0119065345020305 -0.792385893947234 -0.110238627010818
0.00416328072735264 0.0197347729709794 -0.465768565420903 0.725806961135653
-0.004546339408681 0.00459872289428446 0.411315044187988 0.573109008722523
0.0033934140460238 -0.0104661955220933 0.506006965250247 -0.00938904841997299
0.013445561073922 -0.00320405113553484 0.223265445545817 -0.279590644402011
-0.00297776451497724 0.0101276403022216 -0.0796881560037822 -0.278839722749873
0.0100559438222313 0.00784260740803027 0.00128758620468026 0.216506113952615
0.0195215562483119 0.00828554840480925 -0.243561175959062 0.0770912503206056
0.00716791727692769 -0.00749322550393542 -0.357042785062362 -0.233157278649856
-0.0188288226109346 -0.00982573706886328 0.0633924694990282 -0.607944847808047
-0.0150832016401053 0.0111455026153917 0.724466324950858 -0.27398726361758
0.000682494755635314 0.0116068227048797 0.589003802371266 0.420740053935872
0.0132702476976148 0.0288046914758901 0.0758774674778268 0.458443012627161
0.0052486451150641 0.0139534890022881 0.0638307699509294 -0.0306244875101022
0.00473099378568 0.010321421529969 -0.152545716236204 -0.485249302150676
0.010536701573275 0.0133930970632871 -0.790730594711139 -0.112447746756637
0.00554674042046615 0.0156261126556682 -0.475807176942417 0.728936426153874
-0.0049715743098835 0.00260896235349437 0.400873627831117 0.577572954958069
0.00982648192519211 -0.0111324915580668 0.506037749632176 -0.00884801948661899
0.01760935409821 -0.00146220199476873 0.228252901159151 -0.276894173903165
-0.001859304598767 0.0095890627699153 -0.0814509506420042 -0.274614259084177
0.0118573524556479 0.00690694932763066 0.00116894435221756 0.222278737231469
0.0210570100624019 0.0096940563172572 -0.24066725662714 0.0917394315769519
0.00940464896919526 -0.00488282410811667 -0.367008923434685 -0.216950655156559
-0.0171324160126009 -0.0113549463124255 0.017050452724542 -0.606990346342188
-0.00824561732102908 0.00786108611622698 0.697134932516385 -0.316487701634718
0.0120155948329477 0.0207041315619059 0.615843435236128 0.384397435065756
0.0174911863858892 0.0499244192282212 0.099937211665743 0.457094949018165
0.00459196516320472 0.0394486503143051 0.0696071111435315 -0.021350143207249
0.0132496759964884 0.0278463098517882 -0.126287017579398 -0.486152830827457
0.0212791874139644 0.0120126893927598 -0.784452869094211 -0.15607772066094
0.00632260774625688 0.00860164275908857 -0.526330276377224 0.708940002375206
-0.00428120871733238 -5.26058195844531E-05 0.36249303793583 0.605771054705382
0.0130450008711609 -0.00943970555612017 0.505163927104795 0.0137313534202527
0.0199543776466011 -0.000716066285318514 0.241716030069125 -0.268575439373372
0.000351744874584951 0.00751492504773817 -0.077554069904517 -0.269054785408338
0.00149574049822355 0.00499910140065588 0.0451194387359115 0.214109242388399
-0.0100283442201057 0.00343443776738282 -0.218482277959254 0.155574325093903
-0.0172305979287306 0.0103338873257918 -0.42839542720725 -0.0398918366045268
-0.00140910007721299 0.000255794772615331 -0.22978893727597 -0.507344186326923
-0.0109185347288604 0.00611908255209907 0.460430275194717 -0.576155845509955
-0.047119143053648 -0.00563464737236551 0.707735874351121 0.0770442133180469
-0.0299611286681502 -0.0204628953622504 0.232839283994305 0.449726871058363
-0.0222570936352966 -0.0464060282437532 0.0631220565570538 0.0748366537804855
-0.0395053812559774 -0.0490325455542282 0.016299307492226 -0.445231919717702
-0.0442407887299877 -0.0182415837391072 -0.65738414627293 -0.466077590800504
-0.00398376540279709 0.00710171532075093 -0.808933514250779 0.426471560205565
0.00871206175874209 0.00491584716601988 0.0866804975913952 0.756140486163771
-0.0153224098267059 0.00698821407858201 0.48281635439361 0.225533807861198
-0.0165723618737461 0.00249112326001486 0.289691361923249 -0.195185335274501
-0.0123451977703998 -0.00122773098304181 -0.0454259609902967 -0.291522642120815
0.000931626131261565 0.00773329907532704 0.0387549807938241 0.2109292426233
-0.00537344054791058 0.00189328305437738 -0.231097384000868 0.13317518670823
-0.0164532377903393 0.00426659840759836 -0.420936284424007 -0.0843545733100335
-0.00535621005875345 0.00104293369291754 -0.159123548268956 -0.543587822462099
-0.0176764239675996 0.0123570994986471 0.542463640111153 -0.520846756376736
-0.0505846854940598 -0.0085645882329373 0.692657113150805 0.16182981051921
-0.0281615081857892 -0.0306322561724758 0.190234372719738 0.459562619719726
-0.0167176168945434 -0.0599050552041877 0.0591036585490647 0.0510122049921078
-0.0423963821961537 -0.0542417946446043 -0.0298523092588681 -0.461443648514687
-0.0450366673573984 -0.0124283302419397 -0.710367454786174 -0.381818156263682
-0.00337173065409814 0.0121990774729356 -0.733559450921466 0.519335961934469
0.00609611678530546 0.00677340168017931 0.185352197455015 0.72309439282814
-0.0151801618688169 0.00260439767323433 0.500049700835219 0.168191228600292
-0.0125901713487124 8.88310191733827E-05 0.271755971377106 -0.221183691563277
-0.0117824443110255 0.00139566794688864 -0.0516175919779056 -0.29345353561128
0.00197772160385281 0.00854599152699195 0.031371177515371 0.208947785607143
-0.00209190878221355 0.00136236420875541 -0.241275358201737 0.111165661512151
-0.0129752758659557 -0.00118720315586806 -0.406182392218931 -0.132435358141661
-0.00960215922763407 -0.000414464319547997 -0.0764170985029303 -0.572164895183026
-0.0226708660428533 0.0154839677733633 0.619670636648055 -0.451129259495147
-0.0465724675625776 -0.0124116158630317 0.664423689523032 0.254084001622248
-0.0191876730101613 -0.0347116324851344 0.144875731208623 0.46511306132539
-0.0118800595281271 -0.0611982603982932 0.0566257295862566 0.0239529858376699
-0.0402192730990774 -0.0500343563821785 -0.0768727862997235 -0.472726772818658
-0.0391355745157051 -0.00441448725729999 -0.751761726997845 -0.286607166966424
-0.00153159825023835 0.0187051475857939 -0.641476740072873 0.605413018070033
0.00276358721423033 0.00605659506804314 0.279785048682834 0.67875309518563
-0.0121183689352192 -0.00215620870590137 0.511337897097109 0.104503025449894
-0.00619368453875949 -0.000561875741222879 0.252730662184846 -0.244788890553189
-0.00998272619091612 0.00555870922026056 -0.0627544321104261 -0.291482026829659
0.0039169460178305 0.00976531909466222 0.0234281005744846 0.208156461188429
0.00517930936870506 0.00229279754464782 -0.246932518524373 0.0914877637323452
-0.00939477657339118 -0.00620694572533424 -0.388819540421514 -0.175966100083379
-0.0150482155880356 -0.00236611555711026 -0.00362430391375397 -0.589542215610105
-0.0251702021317941 0.0162089336338061 0.679178479321316 -0.375583328769941
-0.0386155711181897 -0.0122958890256577 0.630435201737021 0.33658642873416
-0.00922220212377449 -0.0298857436871076 0.107445640631527 0.466026510780324
-0.00584753132925792 -0.0530114974133999 0.0546496819294534 1.89621155711271E-05
-0.0340303467746526 -0.0393631324673641 -0.118067505649148 -0.478250574292166
-0.0297279822857588 0.00403943322076358 -0.778532267801108 -0.200030010968773
0.0012228717496684 0.0215048462451286 -0.555624823865508 0.670894462469976
-0.000169958061158514 0.00581400745094211 0.354346543524409 0.630785978460643
-0.0089482283231214 -0.00457268527480181 0.513696678173679 0.0494624629682266
0.000480242513024774 -0.00250691496294307 0.234786893997048 -0.264228598305642
-0.008228644248125 0.0080672820087535 -0.0718809988261639 -0.288329369846532
0.00723569043264451 0.00855923026369006 0.0160275167003259 0.208727632319234
0.0111269569092216 0.00317108146163671 -0.246109008228884 0.0785496677893845
-0.00288740686518345 -0.00917530782278237 -0.370944367546495 -0.208912530410932
-0.0173301148709088 -0.00460010818994558 0.0467529218304387 -0.598758829495285
-0.0246738604435813 0.0147600336528617 0.714601721035093 -0.311708523791212
-0.0258012827238567 -0.0076940672684883 0.601743116322593 0.392030930116349
5.03311995705049E-05 -0.0157971932761121 0.0811803415891137 0.46348124339857
-0.000233936833223512 -0.0344767193152091 0.0561091670487818 -0.0196821669999932
-0.02261420609981 -0.0244945288755617 -0.148728719654517 -0.481567201763185
-0.0159785030470556 0.0102240135031803 -0.790000339792261 -0.137118468132604
0.00301324004316111 0.0225800899876723 -0.491773152552222 0.7121129129316
-0.00315500666527895 0.0058160720690962 0.400085069393064 0.590132138403332
-0.00328487222454891 -0.00904989641608393 0.5086344787764 0.00686063383736082
0.00764050906606805 -0.00249354661356521 0.223085791159784 -0.277063475635749
-0.00454444257388045 0.00929310415205872 -0.0803094101505286 -0.283214516620551
0.0084861115650582 0.00802683086677173 0.00983424274860436 0.211990155149018
0.0164390014924615 0.00480944124185332 -0.246375829485793 0.0750033372108505
0.00199885122948471 -0.0102210355103052 -0.359916206134076 -0.227301729407418
-0.0191683954633137 -0.0067999068408236 0.0692916461120904 -0.604757015988189
-0.0211926423953037 0.0134532601695997 0.730079362816353 -0.27923651812856
-0.0128673311754085 0.00164407056963291 0.586688657771446 0.422423873845585
0.00912541240972669 0.00409395757812501 0.0699958892524644 0.459177036498779
0.00365811452805813 -0.0115441272886143 0.0582336255726528 -0.0301382355364114
-0.00884024288325862 -0.00711377816691131 -0.161385807127791 -0.482049861747457
-0.00277566949669479 0.0126845763838466 -0.794835889053949 -0.101622471924228
0.00483436743970189 0.0199848988836134 -0.462131712955906 0.734882443978939
-0.00395871428332155 0.00488367512126757 0.417275915805662 0.56920112316758
0.00396977169185764 -0.0106128677755782 0.506971195101701 -0.0158350445356028
0.0146578596681273 -0.00259164942106392 0.218247206127704 -0.28289223818731
-0.00327806391443298 0.0113669281977069 -0.0847585561880983 -0.277659441922069
0.0106557998519565 0.00856967951716891 0.00636369359321853 0.2170708739177
0.019561506864213 0.007062669738012 -0.243304074840544 0.0811129299970663
0.00720287117906649 -0.00693426886519801 -0.360017897773699 -0.230021276040929
-0.0192277038144017 -0.00933054673896345 0.0567419634858357 -0.608476411189817
-0.014595105940916 0.0107561672422807 0.723688515028498 -0.282982715127096
0.000474530234302897 0.0131039287208732 0.593670188508454 0.417057629725067
0.0137787931546593 0.0289787540257934 0.0805167493437769 0.459749025875205
0.0054903139062481 0.014978075140887 0.062919077555863 -0.0328446866712321
0.00436783011505629 0.0108931046015471 -0.15682014470727 -0.486765180031534
0.0106442433009124 0.0124135032399074 -0.794448323296953 -0.104491118246804
0.00476488834665065 0.0151989589011024 -0.470257552145855 0.736522777247366
-0.00447629747984841 0.00238552249636426 0.409477687423313 0.574679981590396
0.00789022383284921 -0.0109885277012764 0.506676953960995 -0.0163190255504758
0.0186104754137392 -0.00204193859965595 0.224727294321417 -0.281421188874184
-0.000471121412287073 0.00959877880495066 -0.0856412146925843 -0.272106664882159
0.0122510453862364 0.0063744182739635 0.0034486492897234 0.222047396302221
0.0212149897613594 0.00907218576479731 -0.239257213128051 0.0948000290373075
0.00984384123948272 -0.00522413417827864 -0.369423770172481 -0.213454842937839
-0.0171447253492151 -0.0108749654386722 0.00914400016624387 -0.609357672886426
-0.00843741514720877 0.00680665897864279 0.69507598144894 -0.323648756237296
0.0125186292307818 0.0205950682208766 0.619827245222642 0.379268415982292
0.0186265018282771 0.0504504877329238 0.102836719582449 0.456133976702728
0.00512130581137559 0.0390600874698206 0.0693224363592811 -0.0223669457150819
0.013300100749124 0.0290988747231896 -0.132447480382171 -0.487744630180249
0.0208198234720425 0.0130540201814149 -0.786934530638971 -0.149823305086489
0.00592523387097353 0.0080178144551347 -0.519529172975416 0.718847538322546
-0.00498968261146591 -0.000152192281998059 0.369555664871273 0.602741235602587
0.0130815529512338 -0.00907025219081217 0.507582320835403 0.00964663773754748
0.0212338889778978 -0.000172572563362036 0.238240266363778 -0.272246686541172
0.00135617241505616 0.00858914586856549 -0.0825848430724411 -0.268630078270905
0.00137007748831352 0.00539412963121907 0.0493461929742915 0.212861384318615
-0.0102393708602112 0.00285783757297152 -0.217489313791309 0.158105960568697
-0.0175181501328632 0.0109438323866656 -0.427828876714927 -0.0333800083673455
-0.00107325939253957 -2.49084298303928E-05 -0.236304318369626 -0.502971198569885
-0.0112791555370084 0.00729292613126184 0.454056783470593 -0.582576464262631
-0.0478506100679098 -0.00511945966861092 0.709273072625851 0.0700899413149741
-0.0303212193524907 -0.0195057475382191 0.239156012444429 0.450488100455366
-0.0225626987189863 -0.0470207626979523 0.0650450350723211 0.0731784392310478
-0.0403552401772038 -0.048445531591553 0.0118537260324414 -0.445328494934997
-0.0459820008915339 -0.0179708355860119 -0.664684773587644 -0.459024125289595
-0.0031112297435858 0.00628703469377553 -0.806602624759849 0.439283122027718
0.00978741445697675 0.00497421478824919 0.0969509943091508 0.756145307651855
-0.0151910966834748 0.00726762671276182 0.487766170878894 0.221338423806372
-0.0167812030208967 0.00285414219485949 0.287525761699809 -0.200559481216119
-0.0127242994262012 -0.0010391186922999 -0.0503918427196703 -0.290532901257062
0.0012982150194265 0.00753438100649541 0.043759486334306 0.208950881840774
-0.00653370427943446 0.00266982830449357 -0.22956916818114 0.136189539614145
-0.0169779306145209 0.00548205604673691 -0.421250533402942 -0.0783854589818335
-0.00564963122884179 -0.000895054849533534 -0.164175111071383 -0.542160511117866
-0.0168702458280963 0.0119722970734413 0.53934986709814 -0.528589998501369
-0.0505868906757236 -0.00862582651291143 0.693969851061406 0.153992963459541
-0.0279565868348928 -0.0315212416795112 0.194902839757312 0.458723496174707
-0.0177215488319292 -0.0594895313257112 0.059579492240732 0.0496821885467378
-0.0423786723110306 -0.0533168823917336 -0.0342007320510683 -0.461233094767407
-0.0456173797118187 -0.0121295077215349 -0.714145368529446 -0.374926083358907
-0.0030176691419725 0.013097937444348 -0.728298057129891 0.529851091166012
0.00676665517007384 0.00624675766283293 0.195459660802824 0.721875759379661
-0.0148731590765332 0.00359217819392331 0.505069836485643 0.163206224432745
-0.0117665463762442 0.0011655432547881 0.26844615540518 -0.224101679356485
-0.0119333507524288 0.00283622072236075 -0.058762113334666 -0.290666564888862
0.0019608638854891 0.00859968863858228 0.0350408993028715 0.206553570860801
-0.00288974210521907 0.000291491825531781 -0.239434345396131 0.113985835047565
-0.0148930172621626 -0.0010635189195469 -0.407865687013857 -0.126710471413999
-0.0107544998051909 -0.000286076275910745 -0.0825372192732298 -0.570125913466156
-0.0224823580159969 0.0162364091437229 0.615249898623173 -0.459005735724601
-0.0473291523814408 -0.012193902645376 0.668904524566374 0.246787707812871
-0.0189519338487103 -0.036024564686416 0.150664141012511 0.464889723789481
-0.0118210829769697 -0.0615069841232039 0.0567856333725544 0.0237411734162173
-0.0411168098569055 -0.0509475665232984 -0.0822705553257977 -0.470277550358599
-0.0401453749974374 -0.00381702993337576 -0.756037837483834 -0.278840195308326
-0.0010674235063986 0.0186993423286618 -0.636795136444589 0.614528012694492
0.00345165739743841 0.00753758877852408 0.290172933155505 0.677587269156892
-0.012962118688237 -0.00193588238324936 0.511890041242807 0.0999446474794637
-0.0065590163438512 -0.0015857704969055 0.2491924348202 -0.248616299630265
-0.00991918309515248 0.00576369984540232 -0.0679558477203796 -0.290157997634765
0.0037441258869045 0.0089439360230906 0.0272058845978228 0.206285274449808
0.00358012309245969 0.00108115073143469 -0.243893608045858 0.0962850540946049
-0.00965497282909832 -0.00495008128256036 -0.388967118436622 -0.17042390388228
-0.0146435113885317 -0.00201242017285324 -0.00902414115305396 -0.590223250613665
-0.0249881190366993 0.0164670448989627 0.674315732840963 -0.381658622288231
-0.039293986770943 -0.0115068074112524 0.634701778631029 0.329207160530948
-0.0087863544396924 -0.0307363807465096 0.110967531467025 0.466593624176487
-0.00630624332926904 -0.0535463392188663 0.0550902945545474 -0.000924555865758637
-0.0341385267671087 -0.0396053136312983 -0.12352861202191 -0.477821297792543
-0.0307324223024048 0.0046469068578127 -0.781676175607239 -0.192318201629967
0.00191073673039296 0.0215258261362401 -0.547620702137892 0.678263445014248
-0.000167809093205951 0.00614624710997468 0.362455270215044 0.624958914378124
-0.00786538306162215 -0.00462850099420472 0.513046173717237 0.043978078676109
0.000382737108637263 -0.00300012883837166 0.232142237170061 -0.267722418097059
-0.00717541353627686 0.00766157450284265 -0.0777916921420115 -0.286179242751776
0.00577191045828076 0.00851058224097299 0.0203957276811467 0.207163790978186
0.0117820686861008 0.0022757345703153 -0.246745198180658 0.0829879276727535
-0.00383040348255738 -0.00920475045305751 -0.373351386851576 -0.204655617292734
-0.01819471489831 -0.00375170620885634 0.040854203439154 -0.600594952529034
-0.0244591304683307 0.0153344853463224 0.712309526911123 -0.322146256552702
-0.0262641072617162 -0.00732209280955968 0.606322797419717 0.388699128085919
0.000383327572921213 -0.016544250654971 0.0839073049896814 0.464070396374905
-0.000372043031443511 -0.0368872089649858 0.0560008221281554 -0.0195917493178329
-0.022617029501795 -0.0239728606906893 -0.15296935864268 -0.480802934649083
-0.0175990460216798 0.00930744419198529 -0.792886397487496 -0.127970611503825
0.00409378102037926 0.022539643551712 -0.483591795468823 0.720349117643434
-0.00318188502631208 0.00632496122053217 0.407283004018205 0.585783690885295
-0.00322082128566158 -0.00882632975972626 0.510081338264241 0.000232828457309283
0.00737384723227368 -0.00401549267182532 0.218646810026816 -0.281261700466728
-0.00396451650349308 0.0103154341665659 -0.0858591313690334 -0.281774201821749
0.00951462731426773 0.00861286582652706 0.0145313583443068 0.212328990801511
0.0171417493338813 0.00479801958523547 -0.245060144163474 0.0794322105116154
0.00259774142861096 -0.00844940763931661 -0.361410025633596 -0.223243937641021
-0.0190052290452439 -0.00536367644369461 0.0631849450825637 -0.606197824304644
-0.0202977256003763 0.0140971635937436 0.72789869124349 -0.287607130247512
-0.0115743380655516 1.82680736879343E-05 0.591336639592112 0.415660355916127
0.0103402656353509 0.0048718849991319 0.0772396167465156 0.460915715996592
0.00440391681856623 -0.0118970490707227 0.0580459466321515 -0.0306396537139724
-0.00883553194561685 -0.00713997649571874 -0.168095432878907 -0.482538091263553
-0.00258090481313628 0.0120425503753105 -0.797574496685653 -0.0949894602338559
0.00386195114094223 0.0193156217143019 -0.452536970430235 0.741820781520481
-0.00414124046580179 0.0047052927030692 0.427643670375526 0.565099477565894
0.0027085853654029 -0.0113916872363837 0.507113207769003 -0.0213970325637441
0.0148053848151082 -0.00250887720095894 0.214834562372558 -0.286055412776555
-0.00296376852029042 0.0112048051881642 -0.0911255588105493 -0.274606255381925
0.0105653146016402 0.00769364175140823 0.010624220797839 0.216393111316324
0.0208735707918477 0.00620185074835046 -0.242470877470568 0.0860029660197078
0.00710961755902033 -0.00794903999451303 -0.362732249013322 -0.226582980472378
-0.0190798128730138 -0.00843545584174864 0.0499746084371894 -0.609674680041136
-0.0138782161337465 0.0123016050401047 0.720654119825466 -0.292164502299749
0.00122217307855525 0.0122399058140927 0.598445201810682 0.411932469534884
0.0143167019442423 0.0277520729729494 0.0841395326061867 0.459538505541918
0.00617839864837322 0.0137194200388784 0.0620093059095716 -0.0334749786564534
0.00331490656716987 0.0105487677913305 -0.162678723010373 -0.486470902347023
0.0112615844278906 0.0131782345459483 -0.796017789576825 -0.0971335075448245
0.00468346370514683 0.0148639979243456 -0.463104398484915 0.744426187592556
-0.00597797010925743 0.00239604958137286 0.415928884304105 0.570644511746573
0.00758616099078748 -0.0116893243147582 0.507079686690657 -0.0215374860525764
0.0187954878769976 -0.00259891025101789 0.220187260360377 -0.285525862530722
0.000514095690846618 0.0102755496032288 -0.0917069046289379 -0.270838476475264
0.0113357006332581 0.00522050853760408 0.00903950522155879 0.222047055701719
0.0214580618127922 0.00852522152576816 -0.237744715270234 0.100478562550249
0.0092508552905955 -0.00537204832581732 -0.372739107460767 -0.210284879774169
-0.0176217255904964 -0.0108860661095121 0.00126981664160679 -0.610403336703257
-0.00871404607836137 0.00824484902939995 0.69307992880784 -0.33125521434769
0.0124501013929009 0.0204025590752261 0.623967029924519 0.373080086837963
0.020150407652063 0.0512578803199441 0.110105284911063 0.457442541182253
0.00614096037064211 0.0392175886587444 0.0679987633923699 -0.0242724386856338
0.014864759171745 0.028237734092573 -0.135970140205103 -0.488075199472675
0.0218718999964789 0.012036933582675 -0.790977913566696 -0.142445702308285
0.00628586651912328 0.00787933564319249 -0.512053661752895 0.725626484112818
-0.00450621783300032 0.000760520742088322 0.376359162293519 0.600113075079711
0.0128888256134721 -0.00888553770643712 0.508149761119399 0.00158920996333801
0.0210100617679642 -0.000834381710130306 0.233729748298989 -0.276737397325626
0.00034273932139136 0.00822722181171979 -0.0878053166372835 -0.266825568666657
0.000931355820391876 0.00483653767807075 0.0540337833270677 0.212196781636634
-0.00999344395828005 0.00366485919984398 -0.214821338530519 0.160910614920839
-0.0169653027866144 0.010579431558512 -0.427549674371071 -0.0271704932753914
-0.000992108708622345 0.000667308498097264 -0.241902377024368 -0.500434307345437
-0.0115538035880708 0.00760872089358378 0.447925595517606 -0.588690158923188
-0.0479546125595187 -0.00414567627280428 0.709502437979732 0.0619256120471101
-0.0298175286512433 -0.0199284545906363 0.243953770347402 0.44818660496148
-0.0227870651457224 -0.0460827512881638 0.0660980332715579 0.0728365781833813
-0.0406608312895063 -0.0488449944809056 0.00794148417087457 -0.447483673166791
-0.0451836986274727 -0.0161018007469169 -0.669586034662118 -0.454159439183744
-0.0026195534218527 0.00653129462759143 -0.801418692841623 0.447400317585611
0.00973667299871624 0.00480085526236471 0.107235873901549 0.756184377407052
-0.0145165025272468 0.00722920277833004 0.49083703505739 0.212811313025655
-0.0171441314524486 0.00334569472824432 0.284516798497173 -0.204844157226362
-0.01398315510328 0.000247197550772876 -0.0561306892088845 -0.28848421480554
0.00103424990364066 0.00688757851885713 0.0471513928387337 0.207010326527356
-0.00616874449388998 0.00210638212985863 -0.228617913886006 0.140184265060473
-0.0167091274519717 0.00550988138523729 -0.422705631848345 -0.0711575404173085
-0.00545135958982443 3.96561319711323E-05 -0.170910217364917 -0.539989292796859
-0.0167177507440164 0.0121838817957297 0.531454865993437 -0.536372924789761
-0.0501478481069839 -0.00728390211171761 0.694946559070979 0.144992063686449
-0.0279633382445727 -0.0311922885994265 0.198725337272968 0.458344031161918
-0.0187012271920872 -0.0585950655797384 0.0603620808523008 0.0488241534628654
-0.0429377898493544 -0.0525502138039522 -0.0386533851703746 -0.460499564164486
-0.0459614890783486 -0.0113690946506493 -0.719587623719648 -0.365497257781402
-0.0038765732481866 0.0128549165205071 -0.722783849140176 0.53901074465634
0.00613622937960174 0.00548661968676841 0.205081891834354 0.720547432628245
-0.0150110324363053 0.00297709336338471 0.505382339523454 0.15657983401376
-0.0119829132287034 9.25817018374965E-05 0.264846691106802 -0.228515038765464
-0.0120044207396827 0.00357184240282021 -0.064391540722553 -0.290352157929455
0.0027089141936774 0.00820466382669016 0.0393571806396096 0.20628697274367
-0.00250831812258084 0.00183959281658635 -0.237717644270881 0.11788304308576
-0.014445090202842 -0.000265518540858561 -0.407859652608702 -0.120410817617349
-0.00962179216809608 -0.000200901596689956 -0.0889302730848303 -0.571473229883655
-0.0221642704764609 0.0161037186675288 0.610988667988544 -0.468839537541741
-0.0478351680987959 -0.0114123343265391 0.670120656247709 0.239078414835807
-0.0199536869261826 -0.0351935540247583 0.154123794329135 0.464300055174592
-0.0127174363177252 -0.060864058079089 0.0562958631963156 0.0232431969239147
-0.0410411929640223 -0.0499382174424464 -0.0859716727994541 -0.470967755448974
-0.0396904352226957 -0.00343098915588483 -0.758246061755087 -0.272202105137948
-0.00106510461547637 0.0186304703300063 -0.627840275327947 0.622710549250446
0.00296554054398399 0.00676740288139653 0.296910672888787 0.674047011693392
-0.0125414880354447 -0.00187585690450905 0.51392428610299 0.0922338215402493
-0.00709591783456354 -0.00180329818143627 0.244009947779408 -0.252173062410355
-0.00931413232699297 0.00616477882818576 -0.0745135074947622 -0.288894608864719
0.00370049039740853 0.00853361681625112 0.0326800152707482 0.205626865555961
0.0048059948422335 0.00129049494217493 -0.244467274447315 0.0997248899236307
-0.00969885845122716 -0.00547368972897924 -0.390218937484231 -0.165210826826623
-0.0153728563601773 -0.00143436123336293 -0.0164264568772589 -0.590070113995723
-0.025441926989748 0.0167265860097139 0.672297102875035 -0.392482445511416
-0.0382864592657331 -0.0115412075802908 0.637685102857957 0.322447597511727
-0.00949823823524706 -0.0305142030095491 0.116524326191271 0.466957549472626
-0.00593888603704584 -0.0527302514547982 0.0549251190815682 -0.00027057781569923
-0.0344822224557753 -0.0380979675316547 -0.128096570728882 -0.477815700760875
-0.0303223275226101 0.00523675207987225 -0.784301696937121 -0.184316984488878
0.00143421039695351 0.0210826890445683 -0.542292720272174 0.685395023207494
0.000123953807143528 0.00676072716501904 0.370620049461017 0.62328625359698
-0.00819020941273957 -0.00469891197287969 0.513847441023376 0.0361869315915268
0.000526141563735708 -0.00308120046416869 0.227629809007432 -0.270330814616506
-0.00746948364948618 0.00804287121799099 -0.0850141919812844 -0.283737063681874
0.00726734639272872 0.00939209233486724 0.0243818235525728 0.206774527553161
0.0107839505853689 0.00207855672542369 -0.244929321931263 0.087657493052222
-0.00387983391269048 -0.00859106529843399 -0.374071915232542 -0.19903918215604
-0.0182440071470316 -0.0040969919320146 0.0328533492675224 -0.60176530284874
-0.024777976305937 0.0160436249749913 0.71023186242822 -0.331260497672323
-0.0255570205186914 -0.00697758877174368 0.609226130802781 0.380577556459854
0.000521948752044022 -0.0169045323408295 0.0898417166922868 0.462844819700702
-0.00170288196048426 -0.0367796218506235 0.0552032947246286 -0.0205730735559021
-0.0236807905254197 -0.0240016655483819 -0.159321923539938 -0.478903990838959
-0.0166214863353425 0.0101076947410343 -0.794349260067329 -0.119638871557176
0.00358071625982599 0.0215947592580913 -0.473151638644276 0.726917023176957
-0.00260655789543373 0.00598980527001451 0.415214985006509 0.580009813205658
-0.00285164435486991 -0.00912010490860849 0.508277564879529 -0.00543113567337829
0.00739131922150492 -0.00384023233243378 0.213866746280091 -0.283803467555919
-0.00444277006608208 0.0111502058488924 -0.092773152078675 -0.279273301997206
0.00909022787494148 0.00893729241041861 0.0187568777552675 0.210007992247597
0.0165301631372965 0.00423413961069509 -0.244364151556654 0.0828623922571254
0.00223444486778762 -0.00951605586551827 -0.365459385088678 -0.218252890589263
-0.0202895014961716 -0.00545146017650821 0.0548038862261031 -0.607722028976595
-0.0198838343671764 0.0151703261057126 0.72502607512749 -0.299281353181125
-0.0112321603085937 0.0018730377532072 0.596374362713747 0.409891200628231
0.00958887668439722 0.00446296180644359 0.0815231440837465 0.462938273866397
0.00446033082226767 -0.0128290197775363 0.0580323645953833 -0.0318372496003941
-0.00860523878011924 -0.00690355087004794 -0.173568157852518 -0.481683601798155
-0.00202223734273456 0.0115219858679401 -0.798219824592234 -0.0872221875512314
0.00471455970856767 0.0191317452536794 -0.442693497779613 0.74571939711046
-0.00375758946107808 0.00452172377347116 0.434834897001295 0.560366280964721
0.00193296090706421 -0.0102670789702094 0.506689924799405 -0.0294138373990185
0.0141489073007431 -0.00355922924025564 0.208119538934822 -0.287533941571488
-0.00305841156407006 0.0107735317933537 -0.0972870285655522 -0.273011139474566
0.0106453522181946 0.00748466681678135 0.0155415476012938 0.216048323021611
0.0202535218956455 0.00581955419854038 -0.240818227713793 0.089430326859231
0.00597750158166197 -0.00802638979833769 -0.364549248158131 -0.220454179759499
-0.0192955473290951 -0.00777068123729368 0.0426628610460798 -0.611932554141387
-0.0139834449147862 0.0127595009412732 0.718968716545388 -0.301936702273604
0.00206259042103637 0.0135057341053729 0.602088936744825 0.405297195536008
0.0155772982392225 0.0274547881419124 0.0892755657556801 0.458972274072766
0.00611523326410138 0.0134531918278873 0.0623366060625303 -0.0342274809367404
0.00459737345895864 0.0102089634165625 -0.166357942490958 -0.484042594103534
0.0100977478850903 0.011793249365419 -0.798540866319437 -0.0896747306439471
0.00551062927355087 0.0147840359648292 -0.45292721665371 0.754063430855323
-0.00403113707581134 0.00290208519816729 0.42359849376957 0.56631615801237
0.00785548174998971 -0.0114280350885196 0.50403611281708 -0.0283747997011901
0.0191994158462541 -0.00259999912162829 0.215293108655678 -0.286949248094206
-0.000208496799020417 0.0102602669065479 -0.0973001364125142 -0.268273828219513
0.012851049887519 0.00577615162092797 0.0132875261885655 0.22115171177851
0.0213769445548064 0.00782512904785604 -0.234848904032875 0.103053208070075
0.00965673306809741 -0.0052805738566841 -0.374245094455358 -0.204429797810871
-0.0184863517487329 -0.0100600249539631 -0.00523582916105839 -0.611630564975724
-0.00859711249517455 0.00907887279195432 0.69041460133441 -0.341589864120712
0.0137946972764654 0.0201716106972838 0.627322399544597 0.366948397214862
0.0204092043646206 0.048710043875933 0.112576413897033 0.457092738584045
0.00608372628117547 0.0393100003763797 0.0682192638255092 -0.0244693024164823
0.0153881372670931 0.0268427188360714 -0.142569495019749 -0.486869237419466
0.0226885079171605 0.0126844317555335 -0.79250766492748 -0.131867617045269
0.00646754325369291 0.00826291892244568 -0.503251962920591 0.729970188285332
-0.00442960422385223 0.000184791734805151 0.386039683502639 0.59744158978653
0.0130897183939092 -0.00978432221308527 0.507950401490495 -0.00557515211855742
0.0218774328209504 -0.00108413305205848 0.229404770722788 -0.279568857448845
0.00238418693864508 0.00844118760855623 -0.0932001171899124 -0.263747637253029
0.00128650665385229 0.00482747024441842 0.0593132517570065 0.209380117424966
-0.00952584381970139 0.00317142978387793 -0.21143963854469 0.164839082379638
-0.0169510415963626 0.0114166227884777 -0.427139937809901 -0.0210897491360195
-0.00133776470885719 0.000157700989579589 -0.247824629568023 -0.497560955875046
-0.0119123147171012 0.00698088555569364 0.441973547567418 -0.593673718665743
-0.0475305149353055 -0.00260678806427297 0.707751100563876 0.0514706988523974
-0.0307532875706009 -0.0196485630267843 0.248687746598998 0.444090458708182
-0.0230506112471053 -0.0457113031494128 0.0675634994622928 0.0705257356531381
-0.040709296777615 -0.0469431930161046 0.00212942929931084 -0.446125839874851
-0.0461556203123637 -0.0159916629950372 -0.676725439528576 -0.446546377034629
-0.00407644632975121 0.00697981224370212 -0.794998386944369 0.458837785483846
0.00989936237742144 0.00378088061081445 0.115313823286348 0.752004747502537
-0.0150891430250852 0.00697816784607261 0.493036221427157 0.207003269290702
-0.0166871174447086 0.003289703324677 0.27932706176537 -0.207871928086872
-0.0132679629585255 0.00106559330930709 -0.0618131865413916 -0.286954888287195
0.00127862743857016 0.00683263949774296 0.0518012242034455 0.205437686025537
-0.00753867430908593 0.00187829153487026 -0.225580544024942 0.143483724778306
-0.0177130423030967 0.00538588556139282 -0.420878706680505 -0.0648914903819196
-0.00506479017892031 0.000659795140031734 -0.176784979124567 -0.538010344428881
-0.0173683043951873 0.0138288220804921 0.526120887008858 -0.54202593568933
-0.0520489515318296 -0.00620070592549652 0.695321106161168 0.141224750996895
-0.0287092604214096 -0.0300161782018455 0.204014963023686 0.45802334243772
-0.0185716222642861 -0.0587064230140612 0.0603254639921027 0.0490692756909008
-0.0428932092243151 -0.0522864446959306 -0.0432644587774722 -0.461675362016189
-0.0460763276325462 -0.011329514369481 -0.722097971238843 -0.359233126794857
-0.00228794683098266 0.0134560276037705 -0.71518988152969 0.546786921422392
0.00650760456080777 0.00572800859300305 0.213227405262765 0.717798518142059
-0.0152855058566601 0.00398291352971055 0.507327107622974 0.149181421661428
-0.0120201592682728 0.00118989261778443 0.262263151820777 -0.232929341865635
-0.0124285564787359 0.00383376099380348 -0.0708013630101713 -0.28838244879074
0.00214756403193086 0.00684960712635615 0.044756480246075 0.204559202131477
-0.00224473009457576 0.000664762167446215 -0.235439733271768 0.122471862035851
-0.014944154995927 -0.000286812179164906 -0.409277398367452 -0.113689674940113
-0.0103595139507534 0.000242058694368047 -0.0966805303680387 -0.570611647514027
-0.0224418347449809 0.0157258629276301 0.602599498437187 -0.474956676395126
-0.0477272066434585 -0.00968414313391157 0.672478656905256 0.234381053047917
-0.0204104992043812 -0.0356275998175698 0.159270472696961 0.462179907525696
-0.0135724164722195 -0.0616438699762236 0.0577274625998761 0.0219557369986784
-0.0422938219901149 -0.0495483494230353 -0.0912611990289755 -0.470027559106081
-0.0410013722649291 -0.00277244430845451 -0.762195437526503 -0.263674582444081
-0.00198437906697615 0.0185222569773574 -0.622632658340381 0.631325798550131
0.00316846790348816 0.00761377765515709 0.304049084162153 0.669340830856745
-0.0133845380474939 -0.000828458597933268 0.512692413877353 0.0861465884070964
-0.00602883340887939 -0.00205939820978585 0.239537446624399 -0.25454445062558
-0.0108117503284496 0.00758515392755098 -0.0812847529812385 -0.286213475698637
0.00464718990655204 0.00817398579696259 0.0368804972134699 0.202377064835033
0.00435630254781108 0.000677459457551294 -0.241609633738235 0.103824163863495
-0.0105590211556231 -0.00546533905198859 -0.391471453095869 -0.158472060222527
-0.0150005838865102 -0.0014381468823121 -0.0239000041288238 -0.590789089542415
-0.0252695854950837 0.0170627108796986 0.664780019096006 -0.399836109979053
-0.0384803952202742 -0.0112061647160867 0.639182331984571 0.31539394025804
-0.00979905542055886 -0.0301366284621922 0.121693808364926 0.465537250518158
-0.0067912243388607 -0.0531037084859842 0.0556918692266872 -0.00195403379170851
-0.0351980367968491 -0.0384735539953958 -0.133473244456073 -0.475731131135087
-0.0294557443060441 0.00486724602239012 -0.787491320827861 -0.176362125777217
0.00235253463192088 0.0202369619034874 -0.533771886388001 0.692317782967184
0.000674322653724434 0.00707575149819818 0.380066845826699 0.616834489006718
-0.00841785230040562 -0.00542554261430723 0.513535242452616 0.0298693978365355
0.000976330200151638 -0.00260973520972859 0.222217959789373 -0.273670228495381
-0.00779158167848538 0.00958130025326079 -0.0911792130267842 -0.280642225420767
0.00645941175129195 0.00803878173390904 0.0298469917784301 0.205074225432285
0.0111093512004126 0.000694620614264136 -0.243130599849912 0.0908882564971274
-0.0044778783782325 -0.00882584874584314 -0.375591232815166 -0.193220760802021
-0.0181044025381175 -0.00346574300343376 0.0267382061980166 -0.601900519701418
-0.0247843729896185 0.0165820772112636 0.704390276335652 -0.338568702119082
-0.0259003855735909 -0.00621083098868697 0.611449778584128 0.375031732869155
0.00086990692201862 -0.0173192417958489 0.0974430075026881 0.463315620214981
-0.00170316775481128 -0.0369228838498214 0.0559975283984535 -0.0220299299677192
-0.0221327159967323 -0.0243852666788391 -0.164535350432122 -0.479237874764669
-0.0165572848620537 0.00911572947076582 -0.798008764297175 -0.110273169445877
0.00366686797090092 0.0210502419277187 -0.466978934659501 0.732940588541338
-0.00204711884637053 0.00655322377124163 0.421148552946133 0.575217316736595
-0.00348507905626895 -0.00757911577713879 0.508981474914838 -0.0119157152425161
0.00750494074040328 -0.00398080976768016 0.209730552714038 -0.285158627708705
-0.00466936081078107 0.0117274691584806 -0.0991895813438861 -0.277158915274754
0.00854728872637272 0.00846897482745309 0.0234638111343383 0.20867002491325
0.0160541287138105 0.00316605739575165 -0.242602961350179 0.0871308338944307
0.00125053918358054 -0.00962389248821284 -0.366027465772444 -0.213496183841904
-0.0196240515790632 -0.00605285188948693 0.0495038445748924 -0.607739501800282
-0.019906949214043 0.0155236600707332 0.720334986198122 -0.305873964445134
-0.0113711305896811 0.000955793262256138 0.597984286615853 0.40364473795041
0.0086419885890338 0.00382652661803186 0.0851496109740099 0.460473465008389
0.00333310208870877 -0.0124722027553237 0.0573160028142769 -0.0327726248931293
-0.00882222538660471 -0.00833050928481701 -0.177693465583947 -0.482395045897938
-0.00299608499794933 0.0127692036527884 -0.79939592529358 -0.077323139419972
0.00526058897790191 0.0196752739469269 -0.434334839494714 0.753736013484748
-0.00457349287246096 0.00437452727738004 0.440809808245718 0.553068654930173
0.00306826000534552 -0.0112049579891221 0.505284417404887 -0.0348313782349275
0.0145409950934907 -0.0038207563458514 0.203193027086987 -0.291519714060186
-0.00216755220377184 0.0119925329517992 -0.103249743662543 -0.269590882815463
0.0103559391001903 0.00712079739286216 0.0205386171674798 0.2130701376649
0.0202238100410331 0.00562960007057126 -0.236824815302984 0.091792410250544
0.00583104820788659 -0.00905760221552804 -0.366667691990963 -0.215037111780468
-0.0194136134514969 -0.0078280864165184 0.0353322112999819 -0.61265946417584
-0.013091012853609 0.0134352437897907 0.714465612505808 -0.309350836482923
0.0029346390596711 0.0128254174861979 0.605613307498612 0.398058260566377
0.0169106226707965 0.026909737839539 0.0938589501131519 0.456355366588394
0.00684460928346978 0.0125450105574941 0.0619250841295976 -0.0357912404420747
0.00488027353762042 0.0103322519818332 -0.172219275156813 -0.482917379930895
0.0114495562659344 0.0132152059060219 -0.798725733280971 -0.081134737464289
0.00556694285286191 0.0149562833268865 -0.441528651055957 0.756044363447592
-0.00505056707029781 0.00260928365616429 0.429018221604017 0.560090159907934
0.00697372176245145 -0.0112057087352185 0.50429386067715 -0.033326730778635
0.0193978969852674 -0.0033966151693237 0.21047762417429 -0.289360735809326
0.00111141786521243 0.0105727816350447 -0.103103003041229 -0.264580150285645
0.0117686294953115 0.00459615450231839 0.0183990298555315 0.219510237095584
0.0206466903743118 0.00666611333062739 -0.231981194913206 0.108287772869197
0.00897479985755444 -0.00617118951645843 -0.375772263466981 -0.199501798092676
-0.0180487291591246 -0.00890328349905995 -0.0123528959183948 -0.609187236418347
-0.00807793781872143 0.00823600223706303 0.685662713134643 -0.351690278718506
0.0136562211092757 0.0195097252258296 0.630518126408964 0.360234824502749
0.0209857526734613 0.0496650414182688 0.118994264028362 0.454847130217883
0.0063867411422289 0.0379646124335154 0.0685122288273773 -0.0257931618979225
0.0163888500017942 0.0265131550088899 -0.149120834153073 -0.488237016533742
0.0223409674993624 0.0122254983307902 -0.793605262280809 -0.122942549045092
0.00669454715673825 0.00722560000356111 -0.494077586950188 0.739536510291004
-0.00487565697833606 -1.32902300438338E-05 0.392415250739723 0.592757549630773
0.0125974989102276 -0.0103678657696266 0.507365753030665 -0.0127858238190346
0.0213404302784671 -0.00106895423601121 0.224352875296709 -0.282754674426901
0.00205603974866673 0.0095026316820744 -0.0995734201139893 -0.260518561377115
0.000518194905403698 0.00447826932930111 0.0647223787351032 0.205985226394289
-0.0101057036162152 0.00354752808663005 -0.208432459554803 0.168771601799349
-0.0165389446235061 0.0115022987211981 -0.425010752730781 -0.0149224138234744
-0.00120282271767557 -0.000193674122203018 -0.251600727170829 -0.495105040192799
-0.0119904683190677 0.00768545753800939 0.434839090963263 -0.600533851117624
-0.0475385195169721 -0.00169640156364882 0.706442208879032 0.0452349170979415
-0.0296772104632196 -0.0185539730783721 0.251466670016834 0.443403244268263
-0.0229912949434175 -0.045298380406887 0.0678839955322028 0.0721199986506719
-0.042107450065451 -0.0457075815900999 -0.00162010952556127 -0.447860575117273
-0.0468972089368861 -0.0156396344601515 -0.679608230172512 -0.438253326774831
-0.00456630178451664 0.00625712161268983 -0.789552117669617 0.467738521950716
0.0101916877032959 0.00422348801232912 0.125717243768243 0.749845480304004
-0.014445901217168 0.00856551621775394 0.493259242649162 0.199978996171264
-0.016452151964175 0.00378105737838385 0.275911057134413 -0.211374621377209
-0.0134376302004145 0.000922354588896543 -0.0702416872788535 -0.282348788392477
0.00144677189455963 0.00565430074038474 0.0572089459145102 0.202449838863204
-0.00685103124720016 0.00190136844483255 -0.222707128116579 0.146831317108097
-0.0162708118737029 0.00651941556036423 -0.418490905851375 -0.0601737989763319
-0.00548210738928608 0.000751589544058849 -0.180582435786708 -0.53494973644539
-0.0170247349623654 0.0132007616099458 0.518592470977034 -0.547852780865671
-0.0509799538976201 -0.00543077065903189 0.693875959824523 0.13240814446909
-0.0279498563846772 -0.0305256130648145 0.206463522201589 0.454994624484309
-0.0193829589967254 -0.0576922018115077 0.0612193202021337 0.0485775781970985
-0.0441495979768506 -0.0527627233252318 -0.0464197627106986 -0.458916492539058
-0.0468763595596336 -0.0103475477328941 -0.726788755753814 -0.351686010227837
-0.00349520810694885 0.012475003773674 -0.708251005101842 0.556064265690136
0.0072379571393769 0.00563083059574091 0.221952272015397 0.714848344215254
-0.015467883329644 0.00367071568875843 0.507973461868747 0.143598106864792
-0.0119901280188188 0.00227971852251497 0.254437402899405 -0.235102150488402
-0.0124830889823825 0.00434382008168767 -0.077760914321188 -0.284437848820203
0.00158397262273333 0.00732868999202706 0.048339523800418 0.200163287505276
-0.00231656562197553 0.00107517292712864 -0.233633193348918 0.125823090096495
-0.0141187280317471 -8.54402120227093E-05 -0.407144812763561 -0.108694512888089
-0.0101255126103779 0.00114813186576435 -0.102276230057446 -0.56643481930139
-0.0218666115043285 0.0163269018313446 0.599108302291465 -0.482650303645977
-0.0475361899215792 -0.00954453747566681 0.672727934559763 0.226119038205988
-0.0204234819622362 -0.0351972666484959 0.164830229717259 0.46282570271144
-0.0136033735160666 -0.0613227326959502 0.0573601760345287 0.0221102744239419
-0.0427901875886276 -0.0482657477028491 -0.0952593405792528 -0.469667199935146
-0.0411998013531215 -0.00258522677131033 -0.766582898767315 -0.255878951028985
-0.000999039101925316 0.0187302019408961 -0.612323218181864 0.637725630547759
0.00371574462752446 0.00593572636582063 0.313100874534092 0.663826674108879
-0.0134078356456977 -0.000359556769845889 0.514345640573401 0.0780601743654488
-0.00645004803296679 -0.000437338958717979 0.235097686701758 -0.257493343760842
-0.00983528330443452 0.00835358724923501 -0.0883866700676074 -0.282639454714487
0.0033229541118371 0.00795241167825178 0.0419851828356934 0.200081767478271
0.00466179246177402 0.000146977398571444 -0.238996016335299 0.10738862758223
-0.00990751692310319 -0.00422545783236951 -0.390905005510153 -0.151809414888029
-0.0150538387427089 -0.000486275797660987 -0.0302060948781383 -0.589750847513461
-0.0239156487069921 0.0182089550725999 0.660383304832177 -0.408760096707045
-0.0389293264877902 -0.0098520974679349 0.641864920420437 0.30802722768532
-0.00950913014373183 -0.030336828940111 0.126066283200074 0.463971712865375
-0.00673495181964446 -0.052621171410793 0.0553049075144707 -0.00206275254461363
-0.0352749756789342 -0.0384179207695183 -0.137404683600026 -0.475046541105741
-0.0314088340864694 0.00542846827063468 -0.78746146284771 -0.167261170423453
0.00132061643370259 0.0212939512807072 -0.523674604457847 0.697184160231877
0.000227061499325709 0.00691484674515121 0.385050069154556 0.61162339624934
-0.00899811505225261 -0.00425856796261021 0.513995938700373 0.0239006744302103
0.000512466550464847 -0.00258639449360048 0.215805629376533 -0.274906027290419
-0.00754020222880706 0.00960868721577912 -0.0972495462264384 -0.278427771752991
0.00687380613655299 0.00817952745004906 0.0349905045070449 0.202330004296542
0.0108667880608294 0.00143946311454311 -0.240207626200116 0.0936302133588872
-0.00373151716355984 -0.00918303095241821 -0.376565265669082 -0.186513480539061
-0.0182419614708002 -0.00252056862690322 0.0213796025896689 -0.601161942162083
-0.0236692258485036 0.0169060637802921 0.699359764615358 -0.346538281800883
-0.0261801965384358 -0.00580124861111135 0.615376047747977 0.369731129268458
0.000953703986632415 -0.0167690307672559 0.0993098254248022 0.463677458448601
-0.000716112888682381 -0.0366242664399551 0.0539412140977337 -0.021848280125693
-0.0230194722397166 -0.0247524914818768 -0.169359806144214 -0.476224851670378
-0.0164140890032215 0.0100396672503435 -0.797582423240997 -0.101475970825056
0.00438826975735034 0.0218218097332558 -0.455817967517714 0.737670049765334
-0.00352754145885578 0.00664077720386748 0.428784165466339 0.569414921079693
-0.00398047872408835 -0.00885547054815741 0.50633910398395 -0.0196481681826501
0.00822119509955014 -0.00359863314627424 0.202355796017361 -0.287841435053737
-0.00419059051204678 0.0115830345635863 -0.105297336098075 -0.270856235867504
0.00883650789762044 0.00743091003865421 0.028508750985144 0.207198314291901
0.0159336701013824 0.00243550763782175 -0.239324665717687 0.0909484358361231
0.00201652939363416 -0.00932486700656329 -0.367622750613689 -0.205792766421335
-0.0209224745297211 -0.00490524530196406 0.0414800188388769 -0.608735114058975
-0.0198230332885964 0.0156627831698635 0.71679078595952 -0.314542074204421
-0.0108643696131057 0.00123436480765526 0.601324647177606 0.398813176799064
0.0104839052192899 0.0018868474155699 0.0895107271223098 0.45938397585185
0.00346897839401469 -0.0141212028922945 0.056854535909572 -0.0341125576777387
-0.00948885338865402 -0.00775350314594747 -0.182100918385356 -0.480071309835396
-0.00104701827599255 0.0113856590826605 -0.798890079220338 -0.0687544113965024
0.00548988064738876 0.0180919674165733 -0.424510844279769 0.757308424210388
-0.00389053056757494 0.00497720207889886 0.444862179920834 0.547424055620542
0.00247819761311626 -0.0106996362653894 0.503791973884444 -0.0403510001471337
0.0141126349277006 -0.00446411211061285 0.19862832092206 -0.29356958054636
-0.00182012846040829 0.0119472243275659 -0.109160862309161 -0.265676921083715
0.0110416838097732 0.00700558287291957 0.0262125752046418 0.211857652792685
0.021153118690321 0.00396980733613682 -0.236137156388036 0.0966307316696172
0.00555622599525009 -0.00837275117170845 -0.366053829704051 -0.209375191414466
-0.0198828579927135 -0.00698855254030337 0.0270439684743131 -0.611477391859422
-0.0142600226250101 0.0123153449559756 0.709697266616596 -0.319536114985166
0.0024891656370582 0.0121962063566675 0.610784156035412 0.391879060616164
0.0156222853177451 0.0254851584496054 0.0991347991253824 0.4562414272522
0.00660118604848026 0.0129672477634006 0.0616736756246547 -0.0354648447138776
0.00520996540680818 0.00963193805026067 -0.17826738299613 -0.482852191201121
0.0104227755585561 0.0119991114846685 -0.799221963380524 -0.071004566513373
0.00582720591847177 0.0139652200182141 -0.434169937382012 0.760984760832177
-0.00479664053050868 0.00327612741103568 0.436921440479502 0.556242936926434
0.007121368185671 -0.0113907454717422 0.502680465994084 -0.0412531200080602
0.0191697803005843 -0.00362381966542651 0.203282278990272 -0.293365505758703
0.0014677496493581 0.0113927146202323 -0.109228283468253 -0.261374151899806
0.0124717356086099 0.00498322772903183 0.0252556815716437 0.21785775513909
0.0213370171902093 0.00707778587628464 -0.22947475516428 0.110452957847989
0.00947405287122353 -0.00676429391013617 -0.377750445821615 -0.194093393812066
-0.0186227342851109 -0.00847273839046547 -0.0213156859182837 -0.608710387257787
-0.0076281891392154 0.00865985798888865 0.679518205847347 -0.358059112155671
0.0142856744561973 0.0197648142192767 0.634308175482954 0.354973682084729
0.0233061183913841 0.0471565230231813 0.123105065838723 0.454412609842355
0.00784966900409642 0.0380009444319591 0.066708935776476 -0.0267909687711842
0.0158901321695501 0.026200261043716 -0.153614558429326 -0.484892717149826
0.0227288444966635 0.0110331726205696 -0.794991573899888 -0.115235250230372
0.00645233119644594 0.00719814745672197 -0.484783636697665 0.743913332522581
-0.0036867492649569 0.000808654137909797 0.399549212959905 0.587580610126661
0.0125355745172096 -0.00990746262673864 0.505012852611959 -0.0189072682605605
0.0220257069327387 -0.00226793295987209 0.217938384623342 -0.285817416838713
0.0013834047733531 0.00898944906177896 -0.104659594536102 -0.256805408919061
0.00116975973192261 0.00367120043590456 0.0697690233275178 0.202327202736688
-0.0104784273596619 0.00276544630194286 -0.205918202472559 0.171352831587936
-0.0164043616489592 0.012285145838622 -0.421615443615051 -0.00799915620385639
-0.0007447701633514 0.000420728227363463 -0.255601717630632 -0.48941843355469
-0.0122123307937412 0.00776350516743388 0.425885274547001 -0.602681360629448
-0.0477135487434767 -0.000888105669533305 0.704898291815235 0.0376333668024785
-0.0290548189808484 -0.0180669942069915 0.256326869613485 0.440318007215122
-0.0227096045750859 -0.0444717015452374 0.0692778996708284 0.0700330791760165
-0.0422161065049097 -0.0466979299982107 -0.00522379558265889 -0.446357909632566
-0.0468077815973224 -0.0145267904233347 -0.681587185573976 -0.428535488606602
-0.00468170977791102 0.00688497623034424 -0.780661832838689 0.478022558262584
0.00967168028200921 0.00423262207483888 0.132786580917809 0.745404840079695
-0.0147720831182816 0.00860104950045182 0.493430438277921 0.192455786336302
-0.0157135369537684 0.00278520251197409 0.269730533966486 -0.214372630124189
-0.014344194267842 0.00149763994176084 -0.0778923612071562 -0.279774661299386
0.00121318947803995 0.00678460276258398 0.0624620501691761 0.198000357867192
-0.00744652376524207 0.00223626781563703 -0.219332476781542 0.15007763985707
-0.0171605616574117 0.00690088965896469 -0.41597112818151 -0.0525383080930245
-0.00551199517077376 0.000238550937137554 -0.187073154436803 -0.53080703796146
-0.016826676316671 0.0133048984204034 0.509673207679238 -0.553419446990329
-0.0514811583106293 -0.00436487875517004 0.694482591736467 0.124814102669946
-0.0281021916599613 -0.0293625581966663 0.211527586099044 0.45118455785039
-0.0204775052738393 -0.0576538643395508 0.0622598359338479 0.0467316047060303
-0.0453086284217156 -0.0517420529190496 -0.0528080263126021 -0.458803113528516
-0.0479866255728014 -0.00964029892631745 -0.728021240760988 -0.342270926347316
-0.0048973769508069 0.0134732446160911 -0.700436438911661 0.562261918313969
0.00711072220510944 0.00537178066623738 0.229382832645785 0.707871513042318
-0.014583562016044 0.00521863158586136 0.505616196694141 0.134211613352291
-0.0123763894321472 0.00214783670707956 0.249765645918089 -0.237837955116444
-0.0124896544473575 0.0047908296509989 -0.0849984303430514 -0.279725581357209
0.00203728615347878 0.00745199247972186 0.0551285561187622 0.196809756580554
-0.00173798849798381 -0.000193642324567518 -0.22941116411545 0.128342250067026
-0.0141112178822263 0.000755454750766839 -0.40533774110133 -0.100651827601808
-0.00990724429524232 0.000316225559791393 -0.108256510077541 -0.564422134967771
-0.0209222246685284 0.0163673696128361 0.589649566622292 -0.488893105796076
-0.0478320942293572 -0.0086942695328061 0.672192447056645 0.2173840748623
-0.020098463085314 -0.0349971370727338 0.169341007195422 0.46064745058959
-0.0153260758784204 -0.0603172452138933 0.0568634742731461 0.0217286420727701
-0.0432687403876396 -0.0480285139876574 -0.101273148238255 -0.467060484928751
-0.0405518114227086 -0.00305870400401457 -0.766161266056958 -0.245293994639778
-0.000389474841210741 0.0175269071353483 -0.603752848930477 0.643134146518127
0.00485463514785776 0.00640466252510849 0.3190878398591 0.659429183520454
-0.013157568695809 -5.2479001970562E-05 0.512302641915126 0.0732649873854373
-0.00630744039574841 -0.000835409592646242 0.228908788457716 -0.25911485740376
-0.0109366121297105 0.00729251982231746 -0.0946732542419211 -0.276962936894132
0.00436249121489488 0.00707228772108314 0.0473674021749944 0.197688147722486
0.00408056780583843 -0.000205154085533848 -0.237262630906838 0.110722261038769
-0.0104824715394039 -0.00517138989281275 -0.390035449622894 -0.147468728337089
-0.0156508633841761 -0.000719706743404556 -0.0358183883956656 -0.58781084408567
-0.0236109668771371 0.0176563010518512 0.652969745382634 -0.415656720365288
-0.0391718067983379 -0.0100897230387288 0.642096737402313 0.302536560761214
-0.00917749987280006 -0.0305266115869584 0.129928780024498 0.463648655363129
-0.00787604705360581 -0.0535121500010464 0.0545235207839394 -0.00314278446390834
-0.0357793512991972 -0.0382675580593405 -0.144448436532663 -0.472979711650507
-0.0309271925346464 0.00492018886904073 -0.788598498495048 -0.158917118446612
0.0021239973841918 0.0203540572992009 -0.513969670262425 0.703702730147493
0.000677744517661273 0.00682548785174703 0.391062887234303 0.604308552623542
-0.00940837428467088 -0.00481073200612637 0.510421122195974 0.0155686927209781
0.000153172738545562 -0.00269088345533316 0.208928377353036 -0.277164224800354
-0.0073188597373151 0.0112315045823555 -0.105009932975328 -0.271884572555553
0.0059995411821255 0.00724722959254731 0.0399281876078712 0.199227763086036
0.0110029292974529 0.000265586575420196 -0.238147675327297 0.0978675377913691
-0.00425131697735554 -0.00834803857627772 -0.374813700127874 -0.180010572488281
-0.0184574012319796 -0.00197317128094643 0.0134402284288329 -0.600770359932586
-0.0225211838602707 0.017519757986759 0.692955102847673 -0.354039228805713
-0.0264136844887069 -0.00609463262022011 0.616192459423036 0.360384419928286
0.00115273367784941 -0.0182155326626768 0.104120933000762 0.462778090803992
-0.00238109848546266 -0.0370915595576376 0.0550663957416494 -0.0224471914236257
-0.0241841639809984 -0.0236039011204462 -0.173312024192463 -0.47438742839284
-0.0165905923326781 0.00953058113590288 -0.796178930305822 -0.0917666255479268
0.00412155288437638 0.0211239677191984 -0.446832742758389 0.741639646748949
-0.000714549069298312 0.00672895141101172 0.434199767605574 0.563149356843256
-0.00402668726399193 -0.00803726965785874 0.504086965139961 -0.0263691612189767
0.00768635653652286 -0.00291942834689777 0.197436853100668 -0.288623164927758
-0.00429803592333031 0.0119726778776086 -0.111239542571359 -0.267272992935809
0.0091825108855567 0.00740836658413356 0.0339892250318782 0.202405875475239
0.0173800565845117 0.00276458101919307 -0.236603841010713 0.0942857854190252
0.00139962188087339 -0.00947210002604193 -0.36647878632692 -0.201046703910936
-0.0199428476773366 -0.00433202789519629 0.0323224517612098 -0.607084927705042
-0.0187848585841098 0.0157703500640117 0.708659344879881 -0.321864627110567
-0.011018839421452 0.00146222928825806 0.60499474895603 0.390615843271329
0.0109512776450975 0.00233388382770464 0.0938512011858714 0.458889599826735
0.00374694780011496 -0.0128489475677452 0.0562284903629653 -0.0342861754943554
-0.00865150709713724 -0.00904799520070783 -0.18749726157328 -0.475895344412073
-0.0016116725385127 0.0123796982502905 -0.79860009965534 -0.060286538678713
0.00470700868301673 0.0190229490294298 -0.413854224722497 0.760962764585499
-0.00355307159506036 0.00441311423098927 0.453112546164445 0.539146744632785
0.00233593386809653 -0.0109860067544918 0.50073738979423 -0.0478869556832517
0.0139157159430748 -0.00484400354926222 0.191530291919416 -0.294343967285064
-0.000856549179248805 0.012351803959652 -0.114902153397428 -0.260975436181952
0.0108509662439763 0.00631024177330481 0.0307569588020036 0.208300076457503
0.0209449445915308 0.00479232931631735 -0.233288177155667 0.0995498285023208
0.00471908040948487 -0.00920964949881862 -0.366671896335385 -0.204153790292817
-0.0202259990381437 -0.00729354782123388 0.0208648300861826 -0.610060004656985
-0.013388619573586 0.0138486450119173 0.70576974013858 -0.326492830474604
0.00374389422620021 0.0120600542628659 0.61114543729098 0.387242137457059
0.0161506645639258 0.0251941019981741 0.10252454019074 0.455171779421482
0.0066028471032046 0.0127219748284635 0.060032873138984 -0.0359619635513923
0.00472729621464698 0.00788931805643146 -0.182339941446861 -0.481323344426898
0.0113632703033997 0.0114546028994715 -0.79633431647789 -0.0626144679892572
0.00615623744537237 0.0137618470199058 -0.422976776445003 0.765183764716714
-0.00509940339438194 0.00394281787271143 0.440482546895263 0.546826692313239
0.0068097722809896 -0.0113864166988815 0.499021747704087 -0.0486024985760109
0.0185811016358247 -0.00452614829641491 0.197523815645646 -0.293183666929117
0.00200432723939333 0.011742529127492 -0.115730739481685 -0.254861489194294
0.0126408947328236 0.00414582948475362 0.0301840024645309 0.214725418870598
0.0223062009919435 0.00615203801817889 -0.226709354632019 0.113925754044271
0.00874874195234071 -0.00610724407121548 -0.377785576250988 -0.188436187215668
-0.0184137056202285 -0.007970420422205 -0.0282288571651385 -0.606142280849775
-0.0070762646355193 0.0101216326018363 0.674041915827795 -0.364925922546271
0.0152860015925775 0.0195670409227759 0.635161341734566 0.34677873369708
0.0232351112636246 0.046416592938299 0.127341598713216 0.452413448122935
0.00820688420619192 0.0375886241031995 0.0665762112985056 -0.0295980205789235
0.017018921411451 0.0253183028639649 -0.158892583187188 -0.483504523551216
0.0230439267127432 0.0114803914596541 -0.79387515889563 -0.107084057896518
0.00644609162637206 0.00650888071078534 -0.472774031798759 0.747670593437764
-0.00373157757630765 0.00078186593072262 0.405130657825118 0.578783361971013
0.0111517943993198 -0.0103590982108883 0.501908133278614 -0.0249612636208756
0.0220735887502715 -0.00255026391343194 0.212225288264918 -0.286914815373611
0.00193042683194553 0.0089456237570418 -0.111256105801149 -0.252156914339552
0.000125816883864493 0.00370027619957883 0.0754992820296924 0.197747816795318
-0.00974108046775754 0.00372638548850782 -0.201923432349841 0.173125621843922
-0.0156109908293059 0.0128943633889752 -0.41853470177926 -0.00203331789566903
-0.00171155207551129 -3.08771366673835E-05 -0.259208041481062 -0.484639757065571
-0.0125583646902564 0.00787141922553875 0.419021787022399 -0.607903894611707
-0.048033015595726 -0.000477109101333129 0.702282328774488 0.0316332243287286
-0.0301403131805756 -0.0182697791322362 0.258583464544319 0.437746762045909
-0.0222939856889895 -0.0444702128972786 0.0687836566225123 0.0682868341589113
-0.0432919386970295 -0.0456636557268085 -0.0101016413783387 -0.446313609091127
-0.0481103107496 -0.0134310657472799 -0.684884325764924 -0.422613287068273
-0.00529681036771287 0.00584214977553702 -0.772221820914423 0.482578830308934
0.0110503421134061 0.00509083281164546 0.142676583341255 0.741720309362728
-0.0144832177617624 0.00888967822302704 0.494557718761038 0.185096328807631
-0.0159768594084943 0.00464477487404538 0.264094608117599 -0.216671095574824
-0.0135757877941951 0.00241045389277329 -0.0845237902622186 -0.274226063588049
0.000133631686791322 0.00462317536331034 0.0681882352690517 0.194179103158554
-0.0075538527384136 0.00182571818515319 -0.216035090857497 0.15345738762479
-0.0168687692298499 0.00770705869411838 -0.414511790685119 -0.0460183549764346
-0.00586447240854352 0.000598473106020728 -0.188634372948269 -0.526481752200448
-0.0167852163545026 0.0143960246641363 0.50168690042549 -0.557614121431168
-0.0511488948597262 -0.00322732970565373 0.691908853092692 0.117067543608115
-0.0278528758489591 -0.0300580813913574 0.21582735199068 0.449293581281018
-0.0197476458263226 -0.0576341303749953 0.0634493461816375 0.0454721365542958
-0.0453696933790399 -0.0504798072181699 -0.0577601363647271 -0.45736296345032
-0.048141862855539 -0.00858813807034358 -0.728816380250974 -0.334460522117243
-0.00358497018646426 0.0120894628045385 -0.691941498867347 0.570934462825962
0.00729871482813209 0.00551082350165574 0.237080843247607 0.702128125235394
-0.0152460263853474 0.00540982224804422 0.50681564382572 0.127433526237634
-0.0116670775816214 0.00208970574586341 0.243373013140797 -0.23821075783623
-0.0131411477184357 0.00582874951245672 -0.0931538400422211 -0.274447231781217
0.00179445893799894 0.00646091436539473 0.05976576933685 0.192392506736785
-0.00280951605758213 6.32820188067439E-05 -0.226322280331912 0.132037560281654
-0.0150113830889241 0.00110405538708307 -0.403200262193366 -0.0956018830271325
-0.0102359262422642 0.000872475560529181 -0.113335957938783 -0.560254522785097
-0.0215588379836232 0.0171467131404439 0.580054091008586 -0.492814693757035
-0.0478737608911251 -0.0080251541803034 0.670263285444017 0.209836512389282
-0.0209061116960187 -0.0348022171414185 0.171684465552381 0.459004993215366
-0.0150370323583128 -0.0604227905926367 0.0575713205382305 0.0202595137297911
-0.0436949711949671 -0.048091001598965 -0.104976038866404 -0.46499844322766
-0.0407794110476175 -0.00123911603577584 -0.766942449934958 -0.239538730409742
-0.00115818501942761 0.0179458150770726 -0.596366609176301 0.647374331688076
0.00318861551260863 0.00640450382675564 0.326135522403447 0.651099947471725
-0.0131072363057812 0.00123288684004173 0.511708155368041 0.0626125752486184
-0.00603811111167624 -0.000877060621892754 0.222586261267113 -0.261019690330854
-0.0107641666047107 0.00794964559200165 -0.101063902808353 -0.272898861251454
0.00420063113538771 0.007437916295091 0.0516471956874665 0.192930242700159
0.00343956192430174 -0.000873135539692593 -0.233701968422534 0.113954510063898
-0.0110925662415546 -0.00476325104881804 -0.389636921051964 -0.139901630984972
-0.0139826633443361 8.84826356112359E-05 -0.0421580230278815 -0.586130543567644
-0.0238361431521549 0.0181608048032209 0.644105738412861 -0.422048767214636
-0.0381246751050591 -0.00890696246150257 0.642674749723075 0.296184059486655
-0.00960536736204094 -0.0303425685113137 0.133500163521007 0.46189981067101
-0.00867666749355903 -0.0524961649235249 0.0543367981262058 -0.0028470442069214
-0.0360175666724146 -0.0366355291540292 -0.147260541308411 -0.470139163996042
-0.0302322425316098 0.00514052007288272 -0.786154552256489 -0.149160739117396
0.0022362124816567 0.0205012592352592 -0.503842109692569 0.706558987119887
0.00135135562589079 0.00655482189561629 0.394767263403399 0.596554029599191
-0.00881508748405864 -0.00340074148937512 0.507460383899762 0.00762474457263172
0.000581123038202543 -0.00253320644838497 0.202944921457708 -0.277898799893756
-0.00695935012084525 0.00969336606886412 -0.11115660794127 -0.266940698606606
0.00654229937821614 0.00745364536438019 0.0445712174141044 0.19596909610264
0.0102053030032377 -0.000135649202440557 -0.234404101614045 0.101481143430684
-0.0060728598027907 -0.008202565519063 -0.374478760527499 -0.175113493308068
-0.0194488245391811 -0.00144260553752034 0.00714528943675457 -0.597711366227725
-0.0237191723689858 0.017179401791108 0.686324055375993 -0.359368131487252
-0.0248941940123839 -0.00646256548112911 0.61808774297099 0.354851400384939
0.00117110873104745 -0.0180423050412118 0.107799911874405 0.460217836455713
-0.00196150322761766 -0.0368250512793454 0.0533154385351387 -0.0234876216511592
-0.0243213399520838 -0.0244740224947994 -0.18014796993185 -0.471364395598235
-0.015923681847028 0.00992101168973527 -0.794260175614814 -0.0851202109226364
0.00417099827438417 0.0213528106136957 -0.435832674034756 0.744504948777139
-0.0027523173914335 0.00749670043622357 0.4376554521191 0.55371326149813
-0.00496958925329866 -0.00773063050891383 0.501645936194199 -0.0315832954286637
0.00744407901805083 -0.0042144043707347 0.190256822147299 -0.289785256891429
-0.00367896453520886 0.0127467685829262 -0.116447015306553 -0.260702250129986
0.00914309970954275 0.00652716661629394 0.0400893087473551 0.199693704230602
0.0168450471070419 0.000494309685435161 -0.23262960828355 0.0977420433196638
0.000879675749257526 -0.00999841702331918 -0.366419092627828 -0.193980881041587
-0.0204246477073415 -0.00373626301553092 0.0269757760866442 -0.603769618388292
-0.0187377023772873 0.0175299348360963 0.703468420468975 -0.328541277092659
-0.00998793125509824 0.00196904208176885 0.607173075209355 0.385979384302697
0.0107946532987992 0.00231644648423655 0.0989254898367867 0.456205830495199
0.00312852096355301 -0.0143844101281377 0.055479604088686 -0.0347946839872005
-0.00902810270103965 -0.00826730259939825 -0.191710267267693 -0.473265753817795
-0.00298476257689149 0.0114367275921201 -0.796586147372734 -0.0532262720409764
0.00535654241326745 0.0185667944859399 -0.403436233686404 0.762601005456834
-0.00265392333959802 0.00650087819923006 0.453598904601123 0.533179057572052
0.000986227814248526 -0.0106197900076826 0.496601046352483 -0.0542078221241122
0.0139379881942947 -0.00460645976800142 0.186237164177429 -0.294741323242605
-0.000741705669672815 0.0131520211326336 -0.120631541883264 -0.256279644217843
0.010957523970513 0.00685641126785604 0.0370627705461311 0.205445396148109
0.0199114828272369 0.00334253767287171 -0.229294047282693 0.103432401086558
0.00499374685362939 -0.00905581178721911 -0.366304336015929 -0.19750125259725
-0.0202424237510724 -0.00583545695449139 0.0128496345040813 -0.606875181186329
-0.0121914094911926 0.0138853491686042 0.697042281788165 -0.332782545752967
0.00490092052140136 0.0113024347854889 0.61242912170665 0.378147481367217
0.0171890261053014 0.0252277664576518 0.107286451986452 0.454971694992567
0.00715102819357207 0.011570792670828 0.0600010927384068 -0.0368428494079919
0.00572452445882462 0.00894580392969049 -0.187358458053568 -0.478025376805896
0.0121203986146608 0.0108496029654014 -0.79657904776957 -0.0552489208149163
0.00543492302942149 0.0134061334371519 -0.410997152248 0.766268378649837
-0.00525393896916082 0.00379626367364212 0.44668699952474 0.540068802637829
0.00620645071075345 -0.0119008959111888 0.495536903399642 -0.0545680939991403
0.0188995521189766 -0.00499060992250512 0.192085034953602 -0.294874080938988
0.00206449160652349 0.0121063610381555 -0.121567167257944 -0.249335446759992
0.0125593673305983 0.00344835573265031 0.0366731643242423 0.211878832877009
0.0220469176459102 0.00570585588371305 -0.222386952993222 0.117084120011284
0.00810989866561027 -0.00579415073455064 -0.376781379177833 -0.181954872954973
-0.0187045203726655 -0.00750410041267024 -0.0329040216253511 -0.603471143670593
-0.00724022621969808 0.0100027163587624 0.667959859361746 -0.371546378218373
0.0159063580476134 0.0194872154472532 0.636103419606655 0.338228143896841
0.0236250513528019 0.045954575236712 0.130962901565193 0.450525418488453
0.00898105776489138 0.0372561784104333 0.0654435190046982 -0.0286828965771095
0.0169334464612997 0.0252994547273341 -0.161813313185455 -0.481976556344199
0.0228583900723539 0.00897950281664836 -0.791337614609325 -0.0986732994983705
0.00603923110409652 0.00747899925045405 -0.46217613409549 0.75095842216815
-0.00430797208253953 0.00156265202802031 0.410390059179972 0.570091189601456
0.0108998424999054 -0.0107869400434986 0.497873372035919 -0.0321536695652814
0.0217354046089287 -0.00332512068917126 0.205493093336254 -0.28719153231564
0.00348750613159525 0.00882932259942325 -0.116403430729425 -0.246546343036067
-0.00281681797451669 0.0029972280242363 0.0663354955048584 0.19573278184501
-0.0113221890343865 -0.00116559173477587 -0.207631259835905 0.163851639260198
-0.013399763472307 0.00855624932528461 -0.416206372305173 -0.0237761730061961
0.00685293026006243 0.000276327669390674 -0.228145316464506 -0.498888986601792
-0.00906599000171169 0.0150616666004587 0.446950396179349 -0.583083132940963
-0.0508761092525914 0.00532047404839042 0.696117715126872 0.0714350314569853
-0.0324820135338386 -0.020900617799483 0.234278337356796 0.449646095094995
-0.020993318429942 -0.0444437058629244 0.0638104181717108 0.0726294887383764
-0.0393497076053198 -0.0444776675593873 0.0162500109261021 -0.445343435888658
-0.0424770858195456 -0.0134862278575293 -0.657329824855985 -0.465623993210534
-0.00121501767907183 0.00486748806259974 -0.802573825955391 0.435082123463384
0.010820117708632 0.00241730656279471 0.101036511950722 0.741629093799343
-0.0178232458187337 0.00952813658945107 0.476143356624523 0.206946019307543
-0.0168549828319359 0.0067618683776614 0.270237444027524 -0.199408106160439
-0.0129480908132395 0.00468864829693286 -0.0728051619568138 -0.273775474140408
-0.00360867641322445 0.00463285478569236 0.0595862427947965 0.192854492408035
-0.00905074149274075 -0.00233223722648183 -0.222101342486218 0.141951346401127
-0.0127645901830182 0.00293912004051349 -0.409303908839286 -0.068609141691963
0.00185273658806148 0.00229730337680856 -0.157643700704895 -0.536950935245854
-0.0142483339908808 0.0209523122239407 0.526814953113436 -0.530520983930185
-0.0549851193049741 -0.000257740451106447 0.680408054285764 0.157734961511116
-0.0298111781559758 -0.0324187229049519 0.192620952951205 0.458928091335499
-0.0176872672383197 -0.0574015931283791 0.0589537837818503 0.0497749682784582
-0.039865641831655 -0.049724025839706 -0.0283302772570545 -0.459810179654958
-0.0427005037028429 -0.0095220039869114 -0.70850351992954 -0.380593487346762
-0.000809802614106169 0.0108402658062776 -0.726729259571781 0.526094411820547
0.00761094821363194 0.00384038456387188 0.195783042522542 0.710011214292612
-0.0169679381012353 0.00544834443626716 0.492432250580041 0.152031874694947
-0.012937355253872 0.0046963039393747 0.253414690000599 -0.222984780907218
-0.0114571212230269 0.00837999811349266 -0.0815981433426234 -0.27614362018415
-0.00296590212443856 0.00573781487830322 0.0528128889799286 0.191344737838856
-0.00345365383673779 -0.00391925912045374 -0.231867316021968 0.122562806839649
-0.0108270985677748 -0.00260009051477092 -0.394728176669005 -0.114818641562362
-0.00346997813776861 0.00274064183496827 -0.0796679959259494 -0.567428832606054
-0.0201244064792438 0.0250917961780514 0.602309284906341 -0.462517499630133
-0.0529458366916668 -0.00445298791342594 0.655722002822954 0.250230776212497
-0.0218615727563434 -0.037311499626821 0.147529383607909 0.465257428212349
-0.0119265385990022 -0.0602985175141049 0.0554000171995867 0.0240205958519244
-0.0392295723182844 -0.0474078024690903 -0.0765586357848 -0.470660743538689
-0.0365087850024808 -0.00256948087822155 -0.752648066434187 -0.285613593352461
0.00157960394961898 0.0164501339662365 -0.635037562604566 0.610928356649502
0.00359437115356058 0.00451276486251588 0.287348572413891 0.662344786827337
-0.0155838300756229 0.00185981523704728 0.499928080573079 0.0892857337523259
-0.0064533337063089 0.00154213677015885 0.23357225431062 -0.245541198142687
-0.00952651384538293 0.0110298695899007 -0.0893412924321174 -0.273426268092097
0.000116557126024337 0.00723599934278628 0.0457267498681066 0.190234049389569
0.00451193951098038 -0.00475250934732852 -0.237508317756973 0.104328997612393
-0.00711362825148599 -0.00810645501760687 -0.378229315855054 -0.160327873605263
-0.00962977806647687 0.00306030323060759 -0.00832880549135803 -0.586056589664612
-0.0238372399032483 0.0274441472702781 0.665639107166205 -0.386003478553877
-0.0440084431732715 -0.0049064277686243 0.622020152867997 0.331366913722637
-0.011092665502811 -0.0338044018581252 0.107233788046422 0.466674027673559
-0.00608071777278977 -0.0531251394775571 0.0544302982918423 0.000152555943129457
-0.0300933248752963 -0.0375748660753912 -0.11795043120082 -0.47678113469962
-0.0256415094113527 0.00442017816993158 -0.777048592386486 -0.196648302041374
0.00554449524911071 0.0181650424183026 -0.550354242593519 0.675787248431588
-0.000102056495012358 0.00532455760736541 0.359749277506459 0.613198320382882
-0.0124250266821302 -0.00233206509076216 0.501312101956434 0.0354865188341266
0.000669952562612831 0.000518745863572405 0.215910819612189 -0.262784332859801
-0.00565445399407183 0.0131328161814103 -0.0988708806181112 -0.267415137550901
0.00295354493227967 0.00717618737993532 0.0381539945482583 0.193605964038488
0.0114872169142496 -0.00367406078745032 -0.23850794977754 0.091127856823313
-0.00118890801630241 -0.0107632455980309 -0.363057348311733 -0.192998757055512
-0.0120640700740879 0.00162181423901262 0.044640455389284 -0.596331816437746
-0.023958152941524 0.0265598250702426 0.702025218918845 -0.324019038242154
-0.0318311184769822 -0.00310415537270599 0.593844671622887 0.389499734051465
-0.000419544859877691 -0.0200622935351696 0.0815476585452039 0.464403595217919
-5.26387957657441E-05 -0.0371706085721233 0.0543659118191969 -0.0191011149093153
-0.0196625113418348 -0.0233832422231788 -0.149456440682837 -0.480162338174794
-0.0130552802481387 0.00940763691860627 -0.788716494270411 -0.131910149329051
0.00808589278019695 0.0185285418000985 -0.483917954523708 0.717501111066452
-0.00252790472769655 0.00572494318094331 0.403189142370105 0.572425620870414
-0.00706778020936376 -0.00599416786897917 0.4955076247678 -0.00465788960665682
0.00668335345224615 -0.000555140572857776 0.203101987654397 -0.275267110954636
-0.00231639391430394 0.0148693026259483 -0.105101009581413 -0.263739207710987
0.00493323712469654 0.00656735508974168 0.0324111258194022 0.197903683182325
0.0174164227459331 -0.00142687634742718 -0.237566450827513 0.0864612222364508
0.0054007772107607 -0.0119268671001135 -0.353020429213264 -0.213994673875605
-0.0133938346995344 -0.000454597405332425 0.0631543994099183 -0.601014074887711
-0.018956147131957 0.0254612980856067 0.718790613941072 -0.291928900340816
-0.0166608994918838 0.00647952373865079 0.580224985840861 0.416760593467419
0.00802507082454506 0.000864716085166205 0.0743000383456875 0.460071656660112
0.00384612855746744 -0.0132124889361106 0.0570641755101799 -0.0318154448233478
-0.00579954937271783 -0.00709532152043928 -0.161706258124698 -0.483936035528158
0.00239023374199111 0.0107309851328561 -0.79105627142807 -0.0999699593357162
0.0083185199300835 0.0161763344191682 -0.451582624102889 0.738783052104854
-0.00356911934770297 0.00507202797603243 0.421397477530566 0.552066820503406
-0.00223481653459206 -0.00792648648871076 0.492576724051843 -0.0287669326341209
0.0120655113568639 -0.00202087505758292 0.197914357556576 -0.281245997448977
0.000633487266233115 0.0157956671059974 -0.109077768909695 -0.256446696510231
0.00774046002461913 0.00505523221887898 0.0286943624531017 0.203019876334031
0.0214647416698321 0.000273631316362449 -0.234055632209672 0.0930407700523215
0.00999482122784326 -0.0101645398010976 -0.353650665782685 -0.216063485132255
-0.013764429968811 -0.0024809164193468 0.0520683976262933 -0.605545599418791
-0.0133939564734305 0.0232734344717142 0.713489756607527 -0.295501696942574
-0.00300919407642819 0.0175447340499761 0.586412342761548 0.411595857062905
0.0126649462232876 0.0236044348474272 0.0812726693117425 0.456164488626557
0.0059985830328049 0.010696534876377 0.0595689631087763 -0.0329312582476835
0.00702325740550095 0.00985775517902904 -0.15709930056319 -0.486080480161741
0.0166466282826815 0.0103607576558587 -0.790525494234783 -0.10244725634142
0.00906780149159848 0.0115354508827545 -0.458551145947766 0.743931431620721
-0.00527020621596718 0.00166516855339726 0.413390990292654 0.558544514829258
0.00333961975209681 -0.00882266301110533 0.490943124063214 -0.0284342181305874
0.0182444410595364 -0.0016065812342479 0.204015037969689 -0.279702920652769
0.00301011183283869 0.0145034552028983 -0.108884613859243 -0.251732795425263
0.0094681084470044 0.0017335573680211 0.0269645068383732 0.208517941170576
0.0222769182217748 0.00239215191242508 -0.227398880749236 0.106219553606262
0.0132826686728509 -0.00858737550264923 -0.366250010584317 -0.199882279496788
-0.0115937632075159 -0.00423918672535257 0.0032085943019984 -0.60303380159532
-0.00718134339718053 0.0187844589626124 0.683665862165568 -0.335920092968788
0.00928247589956148 0.0270225364230708 0.614145113023059 0.372743943347525
0.0178461356055913 0.0446173858828006 0.104815203080971 0.454076343454292
0.00587887490742647 0.0371522568294155 0.0666783131754101 -0.025488347306875
0.0174488676158542 0.0256005213306427 -0.131878221926938 -0.48815999016204
0.0268674592262712 0.0110963636062893 -0.783321082365338 -0.146052391525496
0.00956241239987577 0.00502828136124134 -0.508686741258388 0.721901707632792
-0.00424240996892169 -0.000906114087821189 0.375282584897371 0.588034508047902
0.00762106825619646 -0.00854863556186539 0.49401584043639 -0.00618067002040886
0.0205353706213555 0.000375073862299561 0.217114693623505 -0.27194291191268
0.0060882919967763 0.0127299444249465 -0.10604860630936 -0.247207258155529
-0.00309274817444333 0.0035130030228894 0.0719568982738 0.189019831292224
-0.0120160632097643 -0.000821252196321871 -0.202732538994859 0.165035521237778
-0.0142385049723732 0.0091064123551175 -0.409561281403605 -0.0191738193673878
0.00722219019433735 -0.000174406169396295 -0.23305203343444 -0.495025137389788
-0.00825955498052818 0.0150297954171993 0.439209543196743 -0.584700115140187
-0.0507067852819464 0.00625866347924522 0.692066512315677 0.0658414424698751
-0.0323750899116411 -0.0198413087254088 0.238996915514214 0.445456405749417
-0.021502063220583 -0.0438707802408871 0.0645683685454032 0.0717988785611105
-0.0381423695865544 -0.0430247132598509 0.0128054285664044 -0.444610887743263
-0.0428084063641451 -0.0125174810935922 -0.659000476222236 -0.45817562295086
-0.00124587396717511 0.00585361868814216 -0.794157325932835 0.437094358904782
0.0122214639160458 0.00185671017927519 0.108240667024874 0.733920243162787
-0.0167874174929529 0.0106979825538958 0.475585799176324 0.200112868879158
-0.0165732747867161 0.00695520910401495 0.265167533711547 -0.200031078855032
-0.0133506748796984 0.00620812118749751 -0.0809174159446073 -0.267282757139977
-0.00235378781992263 0.00431422448563302 0.0657436835697264 0.186528894463827
-0.00862227556711625 -0.00182243044040562 -0.21648258572674 0.145433830973326
-0.013630439362425 0.00451526709758274 -0.402665231385503 -0.0632670179954893
0.0024203214086407 0.00124753834764965 -0.160867312770074 -0.531876886909827
-0.0142390168805818 0.0219499780249831 0.51976834256712 -0.531448133200699
-0.055245283459269 0.00156510952926483 0.678077262405467 0.152308042033601
-0.0297272036388633 -0.032417128285667 0.194553006750207 0.458167373014133
-0.0175484156774907 -0.056999563912832 0.0608648944842878 0.0498165240388965
-0.0407437578898009 -0.0490430747513497 -0.0325618774625189 -0.457958160626919
-0.0430644183604883 -0.0072226724416737 -0.710243219504577 -0.372590095358176
0.000274630688677981 0.00983619975187041 -0.718446137485425 0.531263678459377
0.00707132941877844 0.0033300285279125 0.203858381979627 0.700097826133823
-0.0181888204940689 0.00732592707719334 0.491303401669565 0.144546858248269
-0.0133340574485312 0.00434810831578964 0.245456581010132 -0.221565576467906
-0.0109829509736193 0.00811237835661048 -0.0877447640515272 -0.267279570679954
-0.00239439233578239 0.0063758859061558 0.0580474389416286 0.184471401173188
-0.0038187175949388 -0.00373335080965784 -0.226761560222472 0.124348431956106
-0.0116453547110808 -0.00249914457989442 -0.391760484423712 -0.108713043224469
-0.00365340201245492 0.00342067790234234 -0.0831743467554988 -0.562696105301303
-0.0195065624426083 0.0263724345493889 0.596017244864451 -0.466625679668814
-0.053170741041246 -0.00367096261079268 0.654766720001866 0.244657912249826
-0.0221707301272497 -0.0367444445503233 0.151739849930322 0.463623133423969
-0.0123259173759959 -0.0598908104995523 0.0563559071648374 0.0243554475311511
-0.0386995951456887 -0.0464489583646995 -0.0811827254294986 -0.468362399858354
-0.0367120178271313 -0.00216339144543056 -0.750563155875696 -0.277995463313222
0.00166158638915185 0.0153291618185451 -0.624885285977452 0.613794217976801
0.00408210827307025 0.00490207041736028 0.294008111690927 0.654510059527293
-0.0159290413834128 0.00212722932327052 0.497033516125551 0.0832513387739058
-0.00614017675284134 0.00213867704882024 0.225503466772599 -0.243976874526776
-0.00855197566462502 0.0107023172896306 -0.095983143902153 -0.26536434108806
0.000125379078485826 0.00648945345282372 0.0510703396186354 0.184673618538201
0.00255043803092002 -0.00347561061209558 -0.23298065776163 0.107608132259876
-0.0061966018844673 -0.00686380271787223 -0.375678406472696 -0.153164880293353
-0.00837250468455772 0.0039117044195319 -0.0123406107319008 -0.582359191178851
-0.0223616008449154 0.0266104744861606 0.65551451282774 -0.390761167652057
-0.0441398158484091 -0.0045298928153121 0.623242672504369 0.324779451348553
-0.0105722885613581 -0.0320090957300661 0.112614780342866 0.463530405557537
-0.00590231314088578 -0.0533615385439654 0.053915138958249 0.000814633540743801
-0.0316392983926487 -0.0372803555055385 -0.122914912488779 -0.474401745757702
-0.0255096375947073 0.0043304526256546 -0.774413474012634 -0.189308036577961
0.00430794031398361 0.0176975285414407 -0.540427136802157 0.676522922105234
0.000275892814268969 0.00500801947776541 0.36368824031315 0.604281394041713
-0.0133128353039391 -0.00108196340865493 0.495507376792009 0.0300252423514744
-0.000209089743090989 0.000421454296639749 0.207969675489937 -0.262526283061055
-0.00608292974879267 0.0138951221192633 -0.105277784428303 -0.259966938110949
0.00254816819319911 0.00599383894376321 0.0429300716795396 0.187980649696822
0.0118784629483076 -0.00344317576673422 -0.234126681327069 0.092797645769029
-0.00107373458244986 -0.0107166906194571 -0.360047662299114 -0.186776468558297
-0.0120983400647069 0.00316539220133851 0.038736628022253 -0.592501869797086
-0.0229479625869255 0.0264282848337013 0.69447869177184 -0.330915174374898
-0.0311900362142836 -0.00302408684191973 0.59450105405124 0.384623779108293
-0.00139325256222857 -0.0201459918689314 0.0862432374700921 0.462797842213981
-0.000665465587250891 -0.0369216064333377 0.0530713717953028 -0.018771122925241
-0.0198057653887289 -0.0234697838368402 -0.152177501318342 -0.476620470042469
-0.0124504520370034 0.00937539046751481 -0.78519217555431 -0.125377333336746
0.00799842501871049 0.0182457186600605 -0.472949427679002 0.719683896249618
-0.00239958816231503 0.00554621674099498 0.407824983451008 0.565289270698102
-0.00728960434119866 -0.00467559535104011 0.491772708825125 -0.0113327325506415
0.0073322024550226 -0.00166935068393014 0.196264312018917 -0.274016250663602
-0.00210509950607994 0.0151875446249753 -0.112304999788096 -0.255443506849137
0.00719864713855776 0.00608582359146816 0.0378217094363147 0.192984198238587
0.0173497689911236 -0.00251951263848422 -0.23289446424751 0.0897441051471114
0.0044618248828961 -0.0117051866527082 -0.351352217830749 -0.206548026048246
-0.0134624235267376 0.000626609852205895 0.0579033884238364 -0.597079754378048
-0.0185101039836716 0.0256116744452656 0.70966017177987 -0.295476604178804
-0.0165684638059156 0.00562593519180782 0.581643291920666 0.411969076607569
0.0076413304640257 -0.000237471714383 0.0772036323539722 0.458882769225455
0.00352746676752101 -0.0150525581537031 0.056036469851517 -0.0323863435952758
-0.00577842396023461 -0.00695965794835476 -0.165648885477058 -0.478366574030015
0.0021286129981378 0.0103588197193431 -0.788778753782521 -0.0925730133955611
0.00902802978625889 0.0155236812577257 -0.442514358940404 0.738860450326268
-0.00358571981478386 0.00474934664483834 0.424935334548838 0.542996406303925
-0.00257762276565872 -0.00812028587316675 0.488160322291688 -0.0338088701985458
0.0127395380170306 -0.00157035390269326 0.191023415312047 -0.279226930068148
0.000953575796182883 0.0156554993546441 -0.115110579715131 -0.249462503669935
0.00681105276039118 0.00458842178430269 0.0352962671294302 0.198034123809213
0.020978674993164 -0.000609883535274071 -0.230096533285697 0.0956097976884358
0.00921613296108862 -0.0111173115009989 -0.352020231541326 -0.210233252475413
-0.0136216543014477 -0.00110952160678471 0.0465673590594767 -0.600387110238321
-0.0130705544554094 0.0233384084750016 0.70538637514116 -0.300924587191927
-0.0027112812518534 0.0166525134724788 0.588418681086926 0.405695337386117
0.0127154379621599 0.0229654929025091 0.0865852137097019 0.454693099377211
0.00660599243499186 0.00980637337292972 0.0615169812638565 -0.0327559342183201
0.00787337557277043 0.00921625635969219 -0.161527223861672 -0.483074451005399
0.0154526521965709 0.011060925530778 -0.786823734136911 -0.0958293625749387
0.00924292453694375 0.0116813401308525 -0.448751768251745 0.743239405982145
-0.00422219250908946 0.00319091218679442 0.413538861054167 0.549092859877468
0.00318468057367758 -0.00947095229555429 0.486886318686544 -0.0330429050705388
0.0191911123715161 -0.0020988557481814 0.196493399349808 -0.280815691916278
0.00418417505288962 0.0140919739047117 -0.113784975051383 -0.244128913428122
0.0095094798854419 0.00368944749551345 0.0335328823602167 0.204083090712384
0.0216929404092448 0.000785256240446721 -0.222062090630705 0.108590155198846
0.0126878702130123 -0.00829761909831685 -0.363021235030318 -0.194619779385123
-0.0124731059798112 -0.0043885434384255 -0.00119213778167191 -0.596642876803627
-0.00658312385642627 0.0187896336689828 0.677695452311721 -0.338869453419006
0.00950372486532203 0.0246797069849712 0.614112836601392 0.367727551404563
0.0174418463358194 0.0441249603564131 0.109437039384524 0.45265072409514
0.00632333281285947 0.0351257897628149 0.0662379617544442 -0.0255291850816381
0.0173951571906941 0.0258548666246147 -0.135850091257171 -0.487775484324634
0.0271518144902845 0.0107091093458545 -0.781301211789593 -0.138982347392371
0.00907557867599227 0.00555605651328347 -0.49715461481727 0.7228377464501
-0.00429343996007708 -0.000640187335850763 0.375899582373101 0.579672214625039
0.0073650980420763 -0.00859625417719171 0.487575692487781 -0.0104640406276254
0.0215602071007941 -0.000908223803551394 0.211557606550013 -0.274539208204783
0.00592578866833405 0.0122251287948511 -0.11063075748498 -0.240205802400503
-0.00450362931080379 0.00355434222511552 0.0771365516330436 0.182310541770758
-0.0130783637643846 -0.000546167382715504 -0.198435641752459 0.165185202960398
-0.0130608988854621 0.00973389046783014 -0.404309546183111 -0.0140559149957138
0.00601113581149028 -0.00129409519846065 -0.234655723598776 -0.488458808749934
-0.00887686396640858 0.0160449105291534 0.430836603478794 -0.586138782830522
-0.0513374532747029 0.00745466488159964 0.688683104118994 0.0614757143004676
-0.0310045248465161 -0.0187621248316543 0.241020737182616 0.44443642629115
-0.0207724239290203 -0.0422614712869618 0.0653603593365331 0.0702343781403697
-0.0390705025358913 -0.0420359210834086 0.00949742429766814 -0.444152376904232
-0.0427220925844439 -0.01136895059132 -0.660638793497854 -0.450466922200281
-0.00170170449158363 0.00530540263617507 -0.785504915363418 0.443029595573461
0.0111958753821203 0.00275888333137089 0.113428972228266 0.726918046575779
-0.0158821430494997 0.00995943614212864 0.473193704793302 0.192367905867891
-0.0162183501826012 0.00708734619064316 0.257492781510659 -0.200514041635083
-0.0132876243192709 0.00692208766711979 -0.0873620357649118 -0.258594495329797
-0.0048921611724799 0.0041509126477984 0.0715828709562727 0.179399402041124
-0.00848048365852271 -0.0020959823812943 -0.212093350150987 0.145619107175034
-0.0127910911871738 0.00418975144594781 -0.399903323697595 -0.0561622541782287
0.00226599661364117 0.00195641747155521 -0.162168837762389 -0.529418429934017
-0.0140948658256897 0.0219216713632161 0.512480669157219 -0.533682997339309
-0.0550777702299449 0.00240382224017721 0.676529752878411 0.14661505456739
-0.0296450766132186 -0.0312550526237347 0.199675144038317 0.453614929763326
-0.0178620898491752 -0.0559562811391887 0.0605181763253619 0.0482191448490654
-0.041528065235557 -0.0485031302825552 -0.0362105437814594 -0.457936214885586
-0.0436646442277839 -0.00713860543951295 -0.709933981172076 -0.364098407767625
-6.35505474886697E-05 0.010630058247836 -0.708056306074941 0.531643585329622
0.00780926109709587 0.00287819146987254 0.206420114177754 0.691689510648838
-0.0167987509238668 0.00734503503067014 0.486186787781318 0.137822089381617
-0.0128924644783254 0.00501418006539896 0.237160281449322 -0.22357833500113
-0.0118395438429822 0.00900017769413887 -0.0955817132363657 -0.258883644367758
-0.00240283442789276 0.00401231886086523 0.0636784722331371 0.178332457637416
-0.0033964033008954 -0.0039862055657577 -0.222235639270437 0.125921905454028
-0.0111666750841373 -0.00232342873207104 -0.385612287246767 -0.103186142816209
-0.00330789505713505 0.00329007579420254 -0.0859053536885623 -0.559459734555097
-0.0200007146185328 0.0259797676618162 0.588123364325849 -0.468394531543937
-0.0525713779430917 -0.00304531050508452 0.652252804179167 0.238540300126497
-0.0217287937908971 -0.0366098139577047 0.154634585833389 0.461554195804802
-0.0132368305300792 -0.05892163687592 0.0556402607395391 0.0233346546923133
-0.0392091206148286 -0.0467130569952352 -0.0834272847304818 -0.466956724467923
-0.0369312127276837 -0.00148887827035538 -0.750652033660098 -0.269661108155355
0.00187065644542276 0.0159266809612151 -0.618139746376414 0.614100883212701
0.00368102566015809 0.00516060555880888 0.296321620144794 0.644788482108403
-0.0158133212667073 0.00374801391513033 0.491390370628468 0.0775114404700281
-0.00696251784069237 0.00226424542677562 0.218493223467627 -0.244515286350261
-0.00854070257568042 0.011757069409681 -0.103995860023067 -0.257190966847701
0.000274713965585031 0.00602294626937907 0.0568006112604287 0.178546399688295
0.00139379637699619 -0.00432227640967489 -0.226614285934184 0.108489466914324
-0.00771150615946855 -0.00629489221320963 -0.371373095515972 -0.147322989013196
-0.0079079690701743 0.00424673632739196 -0.0142882488029684 -0.578477708484812
-0.0224438882453574 0.027636196915319 0.649055163662017 -0.393546528420869
-0.0428100695332427 -0.00516499583341908 0.620304553653274 0.320897684501401
-0.0116479798148565 -0.0332026524648838 0.117715680303337 0.464691878159876
-0.00771226936486385 -0.0527216366255039 0.0532968174016596 -0.000372871859522432
-0.0329939867109507 -0.0373671633764282 -0.12603178474359 -0.471192781609986
-0.0255815729232521 0.00462855062332672 -0.774350032027224 -0.18143433440997
0.00444640901128702 0.0173097898937529 -0.530579244876636 0.678412212357951
8.5662964297949E-05 0.00506732587873498 0.364753186383836 0.594680839881531
-0.0120106534189653 -0.000311487330282948 0.489822500494788 0.0237981182050651
-0.000103930436274612 -0.000174898428377314 0.201017058306872 -0.260320247573428
-0.00477509374079061 0.0140330819129225 -0.1133472474117 -0.249954932628237
0.00172917716836835 0.00568599313057646 0.0502873321576688 0.180576902777639
0.00932279811002164 -0.00517453718753043 -0.229471106639864 0.0958342710920005
-0.00190724639050001 -0.00965549511919809 -0.356226879181655 -0.179547304404043
-0.0129165784348016 0.00401228565460771 0.0326593755676442 -0.588308481727043
-0.0218319180829067 0.0271755591755497 0.688116554116388 -0.335013823331505
-0.0302201504076001 -0.00182920114963348 0.594632131404858 0.37859301646935
-0.000169792464563152 -0.0208110349409203 0.0900531674674638 0.461364641877529
-0.00173373266018506 -0.0364977841410099 0.0528806245958474 -0.0200172722569204
-0.021720892936264 -0.0238840059771872 -0.158115469750421 -0.473759396390461
-0.0125357845394741 0.00901220364487829 -0.785683169196836 -0.119033519664156
0.00772748861506621 0.0182281426887097 -0.463245550429735 0.720048958310844
-0.00142222821270373 0.00507214801848058 0.407676047837931 0.556530337675274
-0.00859484074309526 -0.00444680927697862 0.484800817777542 -0.0145669405300779
0.00629809491510605 -0.00147237463493602 0.189488780523686 -0.272661078487117
-0.00172430662992016 0.0139598481943105 -0.117450100755553 -0.244387899079167
0.00603035322431611 0.00573526853936317 0.0439907017061217 0.185967583530455
0.0164808385437038 -0.00359652304957224 -0.227323451093211 0.0925543826241875
0.00392248833509339 -0.0115699051290273 -0.348818023701809 -0.19923634136755
-0.0142849973950354 0.00166955460977526 0.0529663608781907 -0.59517677009243
-0.018009518873296 0.0252429430362997 0.702495312336843 -0.30217934264633
-0.0159553152106313 0.00593614163215885 0.580184120775035 0.406727742104993
0.00707023186207483 -0.00199084168198864 0.0807437677220848 0.458820366302688
0.00356958314387958 -0.0148565936009947 0.0557717113470636 -0.0308733224540497
-0.00707207291220426 -0.00902162078784851 -0.17052003121671 -0.476335984011225
0.00207509686574291 0.00924696308219913 -0.785209997008767 -0.0873922174144121
0.0086643231382704 0.0152729240752774 -0.432013828828718 0.741184622277486
-0.00441113718839499 0.00489769687523563 0.425853494046633 0.536114063418078
-0.00332690313845766 -0.0073440399004454 0.480967920707011 -0.0374284234782036
0.0135154459488471 -0.00168065915199633 0.182860416541686 -0.278401118934585
0.00223497495929607 0.0154998656685935 -0.121851114154853 -0.238869760408728
0.00661315389476219 0.00482181101502575 0.0421008489390128 0.191934643288915
0.0206425825050024 -0.00127547296840616 -0.223530225603414 0.0966655694483682
0.00922624520901276 -0.011413503153034 -0.350572639318149 -0.203038729702366
-0.0147690642459719 -1.81765141599229E-05 0.0402154178584224 -0.597019927778354
-0.0124518530326999 0.0232985146869491 0.697909718720218 -0.304951129207024
-0.000526511170484766 0.0156638235285781 0.588389127494129 0.399845477154871
0.0139528268840067 0.0211646043330841 0.0891289455923734 0.454303055533707
0.00644808861195798 0.00934041758096111 0.0597160023237084 -0.0352132752299581
0.00717462591616547 0.00819751848877512 -0.163679458329457 -0.480576388101603
0.0153775043710044 0.00975229646426709 -0.784354124900599 -0.0891336512397229
0.00998499547562599 0.0116132352536901 -0.439991586589862 0.741878573565159
-0.00522258904266154 0.00318927057419653 0.415746662832964 0.541219950398495
0.00214875820918701 -0.00869055004691464 0.479675603911834 -0.039198818771557
0.0182435220786052 -0.00241444320623296 0.189480352178993 -0.277970335798075
0.0045415673303065 0.0142542788051661 -0.120905866979088 -0.232356750547158
0.00916526628942312 0.00335929657724625 0.0410405595562991 0.195979040042699
0.0221281352395482 0.000301387114764741 -0.218566314064152 0.109574987170905
0.0110966139899751 -0.00936852324218364 -0.360638956178845 -0.189606440226832
-0.0110767166869054 -0.00399674617824776 -0.00830889826984444 -0.595003179522205
-0.00601364061911896 0.0189060589281142 0.669216561999185 -0.343667302133232
0.0101029236527875 0.0241870452652993 0.613213629537316 0.362921556896401
0.0183971603763438 0.0425875114417019 0.114195836950065 0.450581926510862
0.00642737815294299 0.0351567591311094 0.0642310280121339 -0.0268038376130661
0.0168025616520894 0.0239477038250738 -0.141213689332646 -0.482998371494853
0.0268767827742795 0.0099184555026769 -0.778922095495805 -0.133887870047386
0.0101363180844623 0.0053383335776611 -0.488065971618731 0.72525550230727
-0.00397913406750772 5.78375264084462E-05 0.377938585082722 0.572485436750195
0.00664574392879157 -0.00872538436535785 0.483757714432842 -0.0155034144381377
0.0209988217599152 -0.00126139861791217 0.203559233186839 -0.271667889356019
0.00599605677433329 0.012356736258389 -0.117075643503439 -0.230213235249203
-0.00539259978548405 0.00326581033460086 0.0827804615501137 0.172630591472526
-0.0128616406477379 0.000675980752299583 -0.190836773430744 0.16483742830826
-0.0115872148689133 0.00993491727183964 -0.398411849412339 -0.00924294522683783
0.0055099341821684 -0.00179123353185016 -0.234115826886465 -0.483351305583041
-0.00864667530328258 0.0159030854179875 0.420809281831023 -0.587374827153106
-0.0505597112461666 0.00719476527835966 0.685409535390191 0.0567730254800196
-0.0318443744834897 -0.0175780305894186 0.246066733432924 0.44210794273173
-0.0212246285731696 -0.0423732323090197 0.0657311143762942 0.0698688794954693
-0.0390894009652549 -0.0413550639488943 0.00400409608402921 -0.442728553442651
-0.0446653665905469 -0.0109597952468487 -0.660384054934454 -0.44341868813429
-0.00182316124844337 0.00509718811396427 -0.774791076555469 0.448431920597722
0.011076608766987 0.00171940356599508 0.118816660907325 0.719743414108599
-0.0155116573064308 0.0113900095366296 0.469250025916661 0.185426639404744
-0.0158329469846184 0.00758047890690736 0.249312527891343 -0.200305480922536
-0.013728534169582 0.00683408916293021 -0.0952642789259114 -0.248441463922849
-0.00505006867458256 0.00383820951813704 0.0776780949862123 0.169212827870707
-0.0098933869410346 -0.00167569409707147 -0.204806511361882 0.147215772473264
-0.0121634646439018 0.00428752142191928 -0.391561510468976 -0.0519622219450981
0.00169630079655069 0.00115310756324478 -0.164448538680721 -0.523799545632211
-0.0139382575378428 0.022343038943773 0.502756134629237 -0.536618779881009
-0.0545677487910551 0.0035008184736645 0.673496754766154 0.143627810753157
-0.0304222988944946 -0.0304386264009688 0.204141772023755 0.451870221319328
-0.01840695412793 -0.0547605053532278 0.061279280704653 0.0475140729420988
-0.0422750567958053 -0.0469159841774824 -0.0401560014757587 -0.454467856977917
-0.0439406070369885 -0.00665499760839021 -0.710699931585943 -0.357387648108145
-0.000877075892639689 0.00991421354937124 -0.700598787569066 0.535109112952554
0.0088177133156306 0.00247990735610641 0.211690291162815 0.683467625513201
-0.0162837650558672 0.00873306064059311 0.481883088475075 0.131430685285967
-0.0134623318185227 0.00541726494108831 0.230669263122646 -0.220534825863759
-0.0118666344948182 0.00908754065338882 -0.102883554355226 -0.24646032428482
-0.00319291555849148 0.00449379705094161 0.0697002509953753 0.167677297397863
-0.00567943199100913 -0.00364424976702324 -0.216659929551133 0.127375549346547
-0.0110716938556218 -0.000516723901840078 -0.38162962448063 -0.09869760316088
-0.00318593223751184 0.00350319111730304 -0.0891670300234793 -0.553603041967592
-0.0188130686390474 0.0258333442772323 0.579339422900591 -0.46859578453445
-0.0517539236378042 -0.0024420543020068 0.651428791749395 0.235639080972471
-0.0222237222148185 -0.03557399626572 0.158571143263641 0.461072924038644
-0.0135212377108025 -0.0579282829936009 0.0566564012829157 0.0226240258363176
-0.0403454978332121 -0.0464614738879064 -0.0880727876029416 -0.464278164551826
-0.0369620894320795 -0.00146782130553962 -0.748464695852088 -0.263755735970468
0.00265127542511397 0.0152628436444235 -0.607007143897077 0.617632969823145
0.00346146507230168 0.00507838407305674 0.298360143915387 0.636803758209831
-0.0156599309435482 0.00266408181400748 0.487839861175531 0.0716476401318744
-0.00794001805992969 0.00277766311608486 0.210812826031925 -0.241005376327562
-0.008380648222453 0.0118473327013593 -0.111233297236267 -0.245275004842553
-0.000210521448207891 0.00474181215912297 0.0632222783420941 0.169717935194807
0.00244075122599361 -0.00464862931168932 -0.222605117835139 0.109498818322382
-0.00871363737143131 -0.0071146971462777 -0.365810740918265 -0.140838951620268
-0.00837573269820168 0.00466701610879061 -0.0178219514231986 -0.576103979275921
-0.0222671063186958 0.027813598988268 0.640579853241963 -0.397980972467112
-0.0434741125319516 -0.00444209167977042 0.620119794539256 0.316569394834274
-0.0110039720616438 -0.0342072847858529 0.120749515815487 0.463205185627016
-0.00899328433969992 -0.0520484267625109 0.0540491651572433 -0.000181328576983937
-0.0334248309232197 -0.0379356350518721 -0.129331525526431 -0.469276881264952
-0.0264534216789004 0.0038698884837492 -0.770668563067422 -0.175829895254314
0.00442462761794003 0.0174483446185627 -0.523109445737256 0.678011060142263
0.000727883921234969 0.00577912918216611 0.36690643689954 0.587011994017854
-0.0119207313552451 -0.000203105186271157 0.485957287133539 0.0176640982621333
-0.000918875636245086 0.00105278200676187 0.19309730751987 -0.258016048859426
-0.00479272159366196 0.0134793581838557 -0.119230747628139 -0.239762752656395
0.00301811293745245 0.00531371037393911 0.056986423819607 0.171855895352145
0.00945317057782076 -0.00540486962309062 -0.224033273769499 0.0988431667779747
-0.0029276761097567 -0.0103842691283589 -0.35271815260377 -0.174333195253505
-0.012072913231922 0.00400101594631663 0.0289722996825493 -0.585323771046938
-0.0201563962918135 0.0271886133703937 0.679342352977654 -0.338037564475239
-0.0290999573841193 -0.00167756184296383 0.594066808799586 0.373457912587936
-0.00255247850946217 -0.0217884456794108 0.0952172214400679 0.462285335819975
-0.00271735746314203 -0.0363152053316938 0.0533047781798927 -0.0197575496550488
-0.0211249677749276 -0.0241942123251928 -0.162552491557023 -0.472267774769262
-0.0110860145874938 0.00810566022644443 -0.780819080623643 -0.113121667920787
0.00779759591911479 0.0172505694477411 -0.452386545059201 0.721275493216419
-0.00129733026473534 0.00588602120410759 0.408045154430521 0.546081809816436
-0.00841018653500653 -0.00417999692430276 0.479722955465797 -0.0200944402631543
0.00633522438586848 -0.00147513985611479 0.181966708582962 -0.270817953439922
-0.0012478198815219 0.0145762480202277 -0.125225853586862 -0.233277467247139
0.00460998254147791 0.00617536616926322 0.051972414911915 0.177396425888098
0.0150621915485087 -0.0040315653790391 -0.221463892191469 0.0928178507688865
0.00248965503696289 -0.0115750091762209 -0.3441568729163 -0.192010126712935
-0.0141582892666531 0.00255201416831868 0.0481359494931742 -0.590767005249743
-0.0164443128280404 0.0257846036245752 0.693317160714452 -0.305136959266674
-0.015264741034383 0.00498678569886628 0.580812536291647 0.401978719275117
0.00800134752452861 -0.00217680457156347 0.0865384744668676 0.456668326483789
0.00404446647782598 -0.0138988467293081 0.0549044725296683 -0.0309859637473041
-0.00746625010249632 -0.00857269447723926 -0.172893412738645 -0.473040251624037
0.00178087177926104 0.00851758712571926 -0.785048743347939 -0.07929475284432
0.00931707131522676 0.0150881867057461 -0.42026875716912 0.738151336130807
-0.00362591959938699 0.00436558638335911 0.427171397431415 0.526316369559823
-0.00403379751284365 -0.00694759240996421 0.47640833147687 -0.042323255015571
0.0128006558590825 -0.00303284728444971 0.176769649858265 -0.274530410838319
0.00247664119378962 0.0157403620830242 -0.128268424354966 -0.227281815651317
0.00723254758773073 0.00497747933645334 0.0482879129234335 0.182670659708565
0.0191220213588611 -0.00234527190397495 -0.217457564758751 0.0980182551776696
0.00801588505596712 -0.01140542114452 -0.345233427221428 -0.197209783567531
-0.0129569954333184 0.000450490805245957 0.0346465422199287 -0.59231135369573
-0.0121490252064454 0.0233311785071375 0.691435131434913 -0.308688645366545
-0.000750341725234457 0.0140978726646026 0.590636279430192 0.394591463469295
0.0139251404038173 0.020271062041718 0.09285626520699 0.451610619628871
0.00566322035486015 0.00827850561698276 0.0580763846004561 -0.0344776670115392
0.00661023515616667 0.00783565059673062 -0.170383633701302 -0.478393448771053
0.016463614528519 0.00845326857863499 -0.782602460573143 -0.0842168030619209
0.00919266518877581 0.0115791173670043 -0.428421470318804 0.74113428225458
-0.00496500154579323 0.00338878861294636 0.416582167738794 0.534775871478001
0.00152988974988408 -0.00824051713231759 0.473832896630953 -0.0416480565150108
0.0174444686796386 -0.00399528287616514 0.181330457610657 -0.275409040445893
0.0049459347063195 0.0130141310996345 -0.125194929721337 -0.222258697589302
0.0085666172598348 0.00206022828349637 0.0483240919038741 0.189266506914449
0.0212077433055854 -0.000898692110332737 -0.209052500659224 0.109423439471729
0.0120084615711643 -0.0101186659491107 -0.357641689209173 -0.182153923947898
-0.011453163571691 -0.0022351229154163 -0.0114744714907671 -0.589076014800816
-0.00505493543189535 0.0182211459985338 0.662780533227565 -0.34836542307843
0.00987500502849857 0.0232307564810531 0.613492445243847 0.357086763079245
0.0182908069796672 0.0429550627766699 0.118550689754947 0.449650848787284
0.00733454069776301 0.0342938312878666 0.064171311613133 -0.0277869497660899
0.0171233473529886 0.023652396485784 -0.145421753729463 -0.482872865255877
0.0280420521479963 0.00818957230895417 -0.774974437383678 -0.125700828965748
0.00980701667124164 0.00463296526773304 -0.477629087907889 0.724556587634807
-0.00385862672412213 -6.42803297222494E-05 0.380630819551914 0.56540941759273
0.00675760593622139 -0.00898844610946443 0.473954048499542 -0.0201205738187251
0.0211512293299644 -0.00154402658696209 0.195434049305175 -0.269763611512333
0.00762351342232117 0.0119248016249049 -0.122105218632762 -0.218228937205534
-0.00595562877264627 0.00370590835377567 0.088843123565919 0.159909603620024
-0.0137659782275906 0.000814003963727728 -0.185611967059004 0.162872875540648
-0.0101698394322254 0.010689196699338 -0.389145640079127 -0.00628665364856698
0.00506300796499353 -0.00144305228083988 -0.232888026825512 -0.478092420441847
-0.00975997385358736 0.0158131127405384 0.412885358337067 -0.585946683984281
-0.0502160169932505 0.00989861624219573 0.682699954346602 0.0530284978274315
-0.032122696681527 -0.0178047998704349 0.250655404660858 0.437947829039366
-0.0221076933956006 -0.0412903321749301 0.0671575345023078 0.0683028659663062
-0.0397396486210273 -0.0403203061056069 0.00197300946466749 -0.441865631151614
-0.0446329143628762 -0.0100904561941591 -0.664158300503395 -0.438627843477817
-0.00373271566456181 0.00504963115207567 -0.769750465576512 0.450183135479001
0.0107525050302441 0.000884932163268579 0.123713770303716 0.709652021541235
-0.0150893042216039 0.0117823546704024 0.464045649939388 0.177032072130529
-0.0160090957021105 0.00803615273698549 0.240457267026855 -0.198041482157779
-0.0142330623851751 0.0073622938878559 -0.103948917081776 -0.23457848909028
-0.00479655927424825 0.00456192263700363 0.0819218759639827 0.15792014164368
-0.0108153865954242 -0.000919380228150747 -0.200111471465582 0.146094136458482
-0.0134673584876238 0.00545456865728214 -0.382729479830146 -0.047270095349378
0.00179145407687356 0.00137928941631571 -0.164360965176586 -0.518366264056517
-0.013540756031903 0.0223573281259786 0.494579341724329 -0.534431438406933
-0.0545209409195161 0.00442660200210194 0.67146626889472 0.140902576630202
-0.0295350694389955 -0.0287654460724601 0.20803179692826 0.450693530128443
-0.0186992300897207 -0.0543396507525191 0.0624267671325531 0.04776364281106
-0.0413512463751128 -0.0464193720163863 -0.0451036214431433 -0.453326609835429
-0.0435793420753847 -0.00529996464598567 -0.710557664328402 -0.351995403466752
-0.00211490126876446 0.0110156106143907 -0.691980744681656 0.5372081577796
0.00709208808770776 0.00292314459962697 0.213833247649846 0.677073552938452
-0.0153846684487877 0.00905224675486066 0.475351795676951 0.125738585500727
-0.0129838579442721 0.00665400822078152 0.221949870405897 -0.218479130689099
-0.0132674824409514 0.00974326849105551 -0.111346853996861 -0.233636725816468
-0.00392279344630369 0.00512614676958727 0.0764613250798431 0.156273150778454
-0.00552119872898821 -0.00388312405848386 -0.20951894476497 0.127204606081309
-0.0111027448229741 -0.000179453462940152 -0.372075277581324 -0.0929586491087447
-0.00339641426404795 0.00366570764098513 -0.0905857464494535 -0.548441288632472
-0.0193600803415191 0.0262405682402226 0.570264942624071 -0.470109656149388
-0.0513637480243803 -0.00260155793506519 0.648623706918834 0.230603288241703
-0.0221843942978096 -0.0364735468150816 0.163038384350607 0.458158574205372
-0.0133281823436693 -0.0583844721162333 0.0573564622360086 0.0219686056969811
-0.0395456157979146 -0.0453531015365658 -0.0923951864848728 -0.462786398500817
-0.0375842206752313 -0.000900064428418574 -0.748357693457349 -0.253890939173634
0.000880518897184615 0.0155215267507408 -0.59856811231258 0.616364306924118
0.00404422919708988 0.00531919151871043 0.297478788722698 0.628112502229803
-0.0146815511285124 0.00519853663792932 0.480956542003988 0.0660554343622374
-0.00764306235920826 0.00336945963071727 0.203132975050771 -0.237480085955698
-0.00887597321644076 0.0129017640517229 -0.118675307577762 -0.229606536145342
-0.000875835605917731 0.00582069810286712 0.0688808390900553 0.157425151012123
0.000496893130900188 -0.00521728818839712 -0.216185702125927 0.109840708727063
-0.00871413539334384 -0.00588168144962875 -0.359055065190496 -0.135299646881502
-0.0087687303020303 0.0048153468754509 -0.0206661677915057 -0.56980552342693
-0.0218661400163772 0.0287248483282229 0.63218214423168 -0.399732071862054
-0.043459117541205 -0.00441867363812697 0.620410766222195 0.31432579820705
-0.0116677453654378 -0.0340234121407673 0.125879981543595 0.461157030306629
-0.00949917108193114 -0.0514888581864831 0.0527144272592178 5.48127168181872E-05
-0.0335561296667726 -0.0365511232389785 -0.134933380219186 -0.46636175091946
-0.0266082587318193 0.00449246812836937 -0.770371775623134 -0.168628705363895
0.00492233459550813 0.0170481869506441 -0.5153477049578 0.678549883403602
0.00199513989503566 0.00634551568041109 0.367180809036568 0.578242524926632
-0.0120180748151743 0.000539251342726902 0.480003455371784 0.0141039697684283
-0.00104451874457203 0.000282518394543165 0.184777799462939 -0.252362233384911
-0.00461180241006355 0.0146895482502954 -0.125621201265106 -0.225742846752964
0.00176388326350888 0.00653439882121306 0.0622230974225751 0.16103975143771
0.00677935839348008 -0.0053572278304099 -0.217058651697419 0.0970258645311648
-0.00395688132834343 -0.00890717333014712 -0.346020303623597 -0.167697608774301
-0.0121296782498642 0.00509596671441859 0.0268738253754794 -0.579906524914218
-0.0204960854401359 0.0276003600985876 0.670970072993742 -0.339849102011683
-0.0300008972373592 -0.00335712000845601 0.593111674148209 0.370794892326653
-0.00170631943647778 -0.021042383365152 0.100525376771097 0.460748920724604
-0.00242243545891682 -0.0374654991121302 0.0541460871716098 -0.020889856821248
-0.0221818624404818 -0.0252351959368756 -0.164314176763905 -0.469837065450153
-0.0113339138613613 0.00803670527389796 -0.780637220646368 -0.10575366593026
0.00847085423867362 0.0176488771691268 -0.446268389594669 0.71669991466956
-0.00185871000194064 0.00663174584323435 0.406520173171504 0.537068844444342
-0.00938505430792626 -0.0030951704844111 0.47265373817309 -0.0246300504960083
0.00601331786034549 -0.00188093065064379 0.172718491917645 -0.26461352460261
-0.00147592754891714 0.0158130228566813 -0.130944168571803 -0.218517339205912
0.00532584709205908 0.00409245500210943 0.0586279667898337 0.166284996287246
0.0147983966816656 -0.00460098396863877 -0.214521443146714 0.0934406147945801
0.00187403145892239 -0.0123304937924999 -0.339476846999054 -0.186259958830401
-0.0132888256036321 0.00427065315840083 0.0446388584461765 -0.583760852258205
-0.0161912553500644 0.026151181357687 0.686534398729876 -0.307951434626872
-0.0145239787557885 0.00472536547578305 0.581103255033623 0.397310444665797
0.00753448957156524 -0.00378867697614063 0.0893717965264521 0.456548594729716
0.00111912514834297 -0.0161576480253388 0.0542895626218388 -0.0323197660793258
-0.0069889543999061 -0.00936204317571792 -0.177799934130215 -0.471381109368254
0.001730981162919 0.00793685960297069 -0.781311652568623 -0.0744659964746536
0.00941387330207247 0.0150931286182636 -0.415215271331598 0.736096939229052
-0.00361834032493526 0.00642324394683903 0.423112254842793 0.518982015023457
-0.00420408447665817 -0.00708538200398465 0.466717423416502 -0.0436268595150504
0.0125227148354482 -0.0036451757082585 0.168005217836072 -0.270552017725214
0.00252121292048997 0.0155920227992913 -0.132008712807098 -0.213307320776162
0.00744981628907964 0.00303844698206025 0.0572476121633857 0.172091265847674
0.0194902949275651 -0.00321308085781391 -0.211015447151963 0.0967977267802552
0.00623646807468343 -0.0118918806650715 -0.341524138204118 -0.190511608265519
-0.0142170468857345 0.00283508997993953 0.0323144502591105 -0.585051300821845
-0.00999508623640865 0.0234728554859414 0.683075049205764 -0.310990416089409
-0.000171827225402418 0.0138616638067389 0.589014736939189 0.391503317513303
0.0135300793353555 0.0196783400541135 0.100092366926146 0.45032518083149
0.00540699371186939 0.00864488841295083 0.0577857670605702 -0.0345901121367781
0.00599029502092371 0.00605882591048188 -0.172854467168533 -0.477726647387021
0.0154034100341008 0.00808940793578726 -0.779622494845126 -0.0778329655087207
0.0104834261454315 0.0107808082345328 -0.419648682424414 0.738854497774245
-0.00458340815896959 0.00358489028352968 0.41535570082736 0.526882433899541
0.000566219995331601 -0.0079889846389979 0.466545187228243 -0.0448982217375148
0.0172342369785039 -0.0045163650823064 0.174274879341827 -0.270273662376098
0.00636638914603249 0.0124002840272323 -0.131358772119347 -0.208077512255507
0.00940157918224615 0.00172457922193216 0.0558362293931624 0.177360463680157
0.0204363410703886 -0.00160395099397713 -0.204982593694009 0.108678841926152
0.0110950399894213 -0.00916479545952168 -0.35221339953934 -0.176420539243873
-0.0121309746980559 -0.00197356833520403 -0.0144249138498945 -0.58089548174031
-0.00510390504760001 0.0196778633032651 0.654617700790535 -0.348610077678132
0.0105708020026686 0.0220302749901814 0.61463989676178 0.351988394817454
0.0185957847035603 0.0400974583077203 0.122588087066321 0.447499436756199
0.00760065124656866 0.0335631731040337 0.0641229618787214 -0.028174961575956
0.017209681125129 0.0227689043004498 -0.148157192537181 -0.481210642329848
0.0269427242750239 0.00769445878165193 -0.773635937515096 -0.121873870941698
0.0106003842575809 0.00465125812404172 -0.470354713761325 0.722728248562633
-0.00351847011922211 0.000492497237600985 0.379163335575058 0.555514668551742
0.00433364741127865 -0.00893397555726093 0.467675032204077 -0.0240312019651111
0.0199927687813323 -0.00344173633226511 0.187257532940612 -0.264751297229708
0.00710653903806077 0.0114592524203533 -0.12717936726299 -0.204319945318025
-0.0070908949959793 0.00375389490487145 0.0930768316455908 0.143554630614257
-0.0133241312823814 0.00161816453762944 -0.178403354712484 0.158709968415093
-0.0107323390817408 0.0115903619556155 -0.379711951105682 -0.00432198924657944
0.00615117595343818 -0.00164849279924841 -0.231606916362317 -0.473827781252497
-0.00987360469561291 0.0154289127126167 0.408503223126328 -0.582511940130765
-0.0507184689929688 0.0100715375459207 0.67939022852066 0.0510794459454456
-0.031017972613059 -0.0166424619351563 0.255213619668496 0.436994196837532
-0.0216063238483434 -0.0403273612274613 0.0694444575919741 0.0674083346523224
-0.0397565136269859 -0.039113738126525 -0.00362879687056797 -0.442534910885702
-0.0445641383442756 -0.00746909635479561 -0.663215842076715 -0.432542431419982
-0.0044203099431522 0.0048912879836536 -0.761062634147098 0.450491930771119
0.00969753390488223 -0.000393114679913821 0.122290177917415 0.700429019008897
-0.013556694242321 0.0112162370142439 0.458343273187342 0.171428925905211
-0.0156826436144111 0.0098724204564488 0.231898765268306 -0.195084943224537
-0.0151078347826384 0.00886208852597645 -0.109918068915845 -0.216056494334095
-0.00641393085437941 0.00441757931674971 0.0857046925146666 0.142802190522499
-0.0121603797411534 -0.000816636109985078 -0.191679439503391 0.142947556835263
-0.0114921370414952 0.0068151302375995 -0.374525356340356 -0.0437488943614279
0.00162092685102997 0.00126970411976627 -0.163325463198612 -0.513352923796132
-0.0132364602746766 0.0218522429150635 0.487445691711429 -0.534747712283959
-0.0543850848584069 0.00476320229223985 0.670008647560444 0.136669036627329
-0.0295342757558278 -0.0295125660562055 0.212881536616295 0.450160471216296
-0.0191874356035111 -0.0534228962434952 0.0625438871200039 0.0477465538815768
-0.0434897059041303 -0.0461665659457105 -0.0482052950158627 -0.452963641178661
-0.0446184148334995 -0.00588663982791027 -0.710510047567428 -0.344891880604482
-0.00305867281011482 0.0113578052825098 -0.684314003114009 0.538838033285245
0.00824078405969709 0.00368318839671009 0.211121054171783 0.666723331921092
-0.0150344657602202 0.0095664261267444 0.469584819034788 0.120359133370456
-0.0129016594564459 0.00697410970362891 0.213247400597674 -0.213048559981116
-0.0130205581972286 0.0111915725954773 -0.115624869504733 -0.21415643753713
-0.00597452538174825 0.00569655602983074 0.0805816036596205 0.141612409984466
-0.00602266801467996 -0.00264864095691161 -0.201982628922107 0.124852128340414
-0.0113610415253273 0.00145123884775508 -0.362505854846054 -0.0883900958011983
-0.00293958326726692 0.00459899129559493 -0.091208097036107 -0.545455449176978
-0.0181483556878406 0.0257382979549079 0.56308600347737 -0.468388969848144
-0.0507166138195517 -0.00153035821915873 0.648831106932686 0.228005910418136
-0.0229587304737107 -0.0369023793162542 0.170349442808661 0.457910808442757
-0.0154534828426467 -0.0578947916711795 0.0584381614051371 0.0216790681002733
-0.0418141881330249 -0.0435077967162954 -0.0964596069132596 -0.461557177084818
-0.0370978855195176 0.000417849769777354 -0.747683131988895 -0.251341885804296
0.0014853703656809 0.0144938609162461 -0.593247139613378 0.617940487056658
0.00382365805805352 0.00450041604085332 0.296903511480095 0.619209433058153
-0.0143469436366942 0.0060311237451599 0.475094783276839 0.0619687968930205
-0.0085207202915816 0.0037669609558827 0.194824679400677 -0.231560568573623
-0.00956054969757564 0.0131508835539391 -0.124310965685332 -0.212648779938641
-0.00103081966880312 0.00505721698033122 0.0751166371276986 0.142945198941982
-0.000718589934165815 -0.00542507122720014 -0.207698184138833 0.108408966230815
-0.00816666290723897 -0.00569669748870501 -0.349733431883899 -0.130094898453534
-0.00807777459009811 0.00606603124062579 -0.0216574617051622 -0.566208724921289
-0.0200473898126545 0.0274315078490909 0.623769014548319 -0.400285803210024
-0.0420803969973971 -0.00479290656252838 0.621096995515292 0.309638639296586
-0.0125240919903978 -0.0337896500555285 0.133714445576425 0.461493071038598
-0.00909361335083145 -0.0512190000370462 0.0541364442094717 0.000114072707084922
-0.0344051713877884 -0.0356525609259717 -0.140439393723617 -0.465144397330582
-0.0251647686392258 0.0038133806608991 -0.769755035204669 -0.162508158640925
0.00543698103370528 0.0171372059300535 -0.504745047559629 0.678164048901485
0.00146377674426709 0.0069254455806188 0.364976610263143 0.570088491126115
-0.0127282488054223 0.00156790108272031 0.471747718529779 0.0109080642776897
-0.00171904665070228 0.000257531157462435 0.177632145236992 -0.246864658139985
-0.00471889661427093 0.0141427766241984 -0.130198073228265 -0.206915224713641
0.00178463250802236 0.00541612439723151 0.0692386847374565 0.146450315546845
0.00668089182189232 -0.00633420097197935 -0.209524816226503 0.0975154106363824
-0.00426278169594559 -0.00943858950579697 -0.337961951027516 -0.160127901546694
-0.0122474238163023 0.00563909175840089 0.025050371036644 -0.575925591981659
-0.0186606968114948 0.0271222153802208 0.661685515476849 -0.339493019222947
-0.0294042816200877 -0.0037898548397353 0.594218539061003 0.367908868589775
-0.00243698210557872 -0.0224083012665588 0.1066279385353 0.461197456345226
-0.00359498468891372 -0.0379779677510952 0.0536406442967651 -0.0209339841990902
-0.0222010531946237 -0.0241498621041777 -0.169056038366547 -0.466602968142752
-0.0120656856506435 0.007392443686752 -0.777994049399896 -0.099029845723699
0.00830612036110957 0.0172283843379504 -0.439028954148896 0.71638842362243
-0.000790371185439882 0.00724661889818072 0.406142029494158 0.531851760502624
-0.00834137033888507 -0.00228598055175579 0.463766495582184 -0.0263989438782025
0.00500619606534587 -0.00196124791489585 0.165237348671315 -0.257448997349972
-0.00058152004389897 0.0149132626554579 -0.134683686076053 -0.200378135651995
0.00605719629497264 0.00400703488069909 0.0646356755948173 0.151128213885724
0.0131884933040293 -0.00628376666718962 -0.208290302912581 0.0929512333871594
-4.94709165418591E-06 -0.0106715389272415 -0.332581746595357 -0.179533608781769
-0.012446231682994 0.00507296827194569 0.0430567538901847 -0.579878324054369
-0.0140083593403513 0.0262084207301468 0.680430678272412 -0.309898165266812
-0.0137984179353831 0.00326112097817776 0.583711695721611 0.394720198013662
0.00633417337345664 -0.00384797158947532 0.0966653736158895 0.455516397628619
0.00138817611860894 -0.0162761585445182 0.0545662070609795 -0.0319088506692679
-0.00912007526814423 -0.0101178616090379 -0.180708430419172 -0.470059901836159
0.00319981698102639 0.00762155018158258 -0.778931584831431 -0.0695443361478846
0.00973762656204447 0.0145805105020126 -0.407431722918445 0.732944230357649
-0.00306301732135537 0.00572067382974629 0.421744212396695 0.512685640242158
-0.00500079986473482 -0.00570032815399442 0.459915680493759 -0.0474987526934783
0.0111809645821624 -0.0033016450674655 0.161181537693888 -0.263294445856502
0.00285867125785295 0.0139453246014659 -0.135749542508458 -0.194102040334841
0.00747168206029541 0.00314236028228336 0.062891100203471 0.157536848458193
0.0178643565847676 -0.00496039937300537 -0.20282930920401 0.0965292496634401
0.00489908053420524 -0.0108595947797788 -0.335491185791376 -0.184572270042162
-0.0133002764721741 0.00224528474152735 0.0305887828485977 -0.578675146510445
-0.00911499925646166 0.0240274168261249 0.674560406575162 -0.312127907594247
0.000410792411135917 0.0119029239451967 0.589530710590463 0.389047093141844
0.0131046742008957 0.0185424759547525 0.105996304266448 0.449481946774944
0.0041444463096191 0.0080398205768046 0.0574753727348964 -0.0347103907045963
0.00486491536054549 0.0047291523131632 -0.178941890920939 -0.474966923787784
0.0160555652387561 0.00657345298974137 -0.777429268453447 -0.0723908314182302
0.0108558176659758 0.00987395296156333 -0.412042266781633 0.737145516188673
-0.00457385976866368 0.00490495587274433 0.413683821540016 0.519015626526802
-0.000258424547497485 -0.00763059141857564 0.456488895403451 -0.046390219619295
0.0169984304722184 -0.00485036897784597 0.165122050678691 -0.263711834444296
0.00686571564624927 0.0127740426776507 -0.134663890270573 -0.189057009530653
0.0088681165295185 -4.50583293896264E-05 0.0627803123622998 0.163257510950928
0.0198069045206591 -0.00277521233981232 -0.19673496226103 0.106565802494437
0.0093122062496769 -0.00998477380901217 -0.345824805501216 -0.170759641108108
-0.0127074432870591 -0.000615649026296389 -0.0161763449106283 -0.57464560250263
-0.0030201656047856 0.0202378527781603 0.648821416494953 -0.349484033590088
0.0124516770182615 0.0213332008909273 0.612548235330874 0.348173497060559
0.0184673301950508 0.0396641846270371 0.130609748108468 0.446833149139046
0.00657620582948733 0.0321650801786466 0.0634328318014462 -0.0295432943756646
0.0161861858998721 0.0213972369479234 -0.15504240137755 -0.479122136097198
0.0278754510776786 0.00627153604316739 -0.772592520119553 -0.116951980504997
0.0108326472935816 0.00529875349778643 -0.460521765369038 0.7204322949796
-0.00424681720772928 0.00194251749645686 0.378183073856138 0.55189199225509
0.00351046203553796 -0.00916869476130194 0.459938666919692 -0.0251793332439602
0.0204634160320719 -0.00488814294764718 0.179042967203332 -0.258634320025219
0.00814829763958712 0.0105087882863171 -0.129995424869104 -0.186480945718259
-0.00851746136381664 0.00442477446358379 0.0929268268945035 0.123930325165095
-0.0150429138581421 0.00416088590348618 -0.170800149544303 0.154884624306575
-0.00879099029293691 0.0110185749374494 -0.367458443326268 -0.00299505358615989
0.00534730374078938 -0.00284607381313981 -0.228644666513098 -0.47077624730586
-0.0100541946205886 0.01704550225851 0.401471370232129 -0.580406649474205
-0.0500003888601568 0.01156696908855 0.679896470416087 0.0475046832346576
-0.0307072981960732 -0.0157799651688568 0.263149963857827 0.433698466693736
-0.0216184338333308 -0.0389267529663826 0.0704795139160743 0.0667378995142444
-0.0402610680586633 -0.0386459282431282 -0.00898036646829541 -0.441073532732872
-0.0453229650831188 -0.00648593300277317 -0.665721675078035 -0.425118322799386
-0.00526058541756259 0.00572200305383796 -0.752598783727364 0.45138578619606
0.0097415576715644 -0.000998101610788777 0.11924045161514 0.690046786071279
-0.0111074997067952 0.0122719653743349 0.446108090862535 0.16615685543387
-0.0147859125796393 0.0105533338177532 0.221929041411907 -0.186931625009299
-0.0154325144217602 0.0100272692996914 -0.114703187911369 -0.191711252405004
-0.00800831759695845 0.00510050675155184 0.0885632172824202 0.121804401216839
-0.0125203620676324 0.000752266535220681 -0.183558791757263 0.138482331694269
-0.0112143559025445 0.00783472344515817 -0.362642777276551 -0.0432365006062036
0.00170361279338649 0.00126312263747816 -0.161874621158079 -0.51042911960225
-0.0144722483823301 0.0215589246586489 0.478995869361046 -0.530976238782988
-0.0537003981248842 0.00458639249951067 0.668905360639258 0.135143272759016
-0.0293238811871293 -0.0291537553962734 0.223517144146728 0.445541660721085
-0.0195567289034436 -0.0522481576105263 0.0643328650117528 0.0452503997339179
-0.043061760096324 -0.0445630535650683 -0.0539208531278015 -0.450694915702383
-0.0443426732553077 -0.00428033373424023 -0.710816941320926 -0.339133664167113
-0.00368815472709101 0.0109830551728049 -0.677171959034204 0.538574470004795
0.00733330795109892 0.00227698063124621 0.209011341871214 0.655630598604752
-0.0143329497179076 0.010234648324112 0.459814537873113 0.115508170569692
-0.012111526368515 0.00865787776366092 0.203448045448491 -0.205425732152066
-0.0135094584080743 0.0112520377411554 -0.120036828777452 -0.190941439738717
-0.00516762357642035 0.00612537631798556 0.0830942485796316 0.121287720896347
-0.00742518814407885 -0.0027412160925572 -0.193577958574136 0.121677407312324
-0.0113436217537051 0.00220427845281739 -0.351648237950138 -0.0845469911063811
-0.00282804962301713 0.00432633801982856 -0.0895319302139461 -0.541434328630854
-0.0187815117188041 0.0263615744659241 0.555747975801245 -0.468762196412435
-0.0512591010805798 -0.00113338169816166 0.647721943100232 0.226949143467696
-0.0232295704022493 -0.0349415118064381 0.178398269337557 0.456462127373089
-0.0155031678593881 -0.0566998600561583 0.0587085600066984 0.0215991471067717
-0.0418954589047386 -0.0430576955471293 -0.102279150094507 -0.456945447454027
-0.0384763203019816 0.000241084029331221 -0.748762837478946 -0.243219349956632
0.00139067013755953 0.0141227046934262 -0.585314336771984 0.615530233965145
0.00440838093748017 0.0046358648709846 0.29385011597383 0.610469363882643
-0.0147181379188289 0.00767512491896866 0.464766408970677 0.0585688650250829
-0.00777551243187936 0.0050240065034797 0.184880058253236 -0.221909020636098
-0.00958152540517475 0.0133995073801279 -0.126874547977353 -0.187497540532369
-0.00180880550824087 0.00623739182998339 0.0775715514048608 0.123018895916311
-0.00175819630703676 -0.00534923885017258 -0.200392863292859 0.105451776044743
-0.00928770087355744 -0.00334868232178782 -0.337741442568351 -0.125497013031628
-0.00754845846299876 0.00749596266604596 -0.021022256679924 -0.559998858904806
-0.0194195631473728 0.0283779588205514 0.616840475810767 -0.399727161978284
-0.0419223401340482 -0.00533698745155908 0.619720672398231 0.30846294343334
-0.0136563512085449 -0.0344160736799887 0.139901813961129 0.45950763895922
-0.0102920092320887 -0.0510394437040646 0.0547405551160338 -0.00105495066647439
-0.0350444362435363 -0.0355729299948734 -0.14462119899776 -0.461692451601729
-0.0258572163571773 0.00530500446956376 -0.768676740690194 -0.158158743707961
0.0045892172071806 0.0173791118063759 -0.499906432672374 0.675725636049605
0.00250183311251287 0.00718025100655134 0.360169690143293 0.563095177281324
-0.0119662180916384 0.00301520583998809 0.462123514160681 0.00926291325732507
-0.00294886524162209 0.00171765941748257 0.169763365644997 -0.235765887210847
-0.00488007396544942 0.0150414098904546 -0.13147415356763 -0.182716839501969
0.0007300279592396 0.00445848723557967 0.0735867656884367 0.126321287417894
0.00528268955996814 -0.006433390640472 -0.201109570581041 0.0940563907637827
-0.00647530669458483 -0.00759913459960546 -0.328274099718205 -0.15598388650707
-0.0110051598497255 0.00819774095653183 0.024348150571875 -0.569046093752178
-0.0179969832764104 0.0274914441065153 0.654838739837712 -0.340698918898378
-0.028289640491316 -0.00509907220613226 0.597924039824502 0.364608128670119
-0.00278496030883963 -0.0235603900474258 0.115489313483452 0.46041614695258
-0.00517785113774652 -0.0371907661622249 0.0538010527710157 -0.0201835797259999
-0.0237683732455589 -0.0242754542379032 -0.174856885329057 -0.464113415886143
-0.0112850246924715 0.00693989062781818 -0.776308894001922 -0.09384723028127
0.00891134992703521 0.0157846955752181 -0.432110038180318 0.712286357282353
3.6176525906699E-06 0.00743608087869092 0.399217359433722 0.524444750040036
-0.00948896143676079 -0.000377542982695638 0.454412044792568 -0.0268290892200786
0.00436134417106091 -0.00199127640473953 0.157851704379314 -0.245986447325349
0.000502901792176101 0.0152820747021073 -0.135312037835671 -0.175978795083962
0.00493575585580316 0.00345924284617744 0.0706686261408666 0.13141409117096
0.0118410350048655 -0.0069674916728185 -0.200221582941439 0.0890069151807299
-0.00145782315975682 -0.0100277138174071 -0.321823326083046 -0.174618484878782
-0.0132705073829165 0.00597614223782297 0.0429707301139957 -0.572793499165065
-0.0131820248230536 0.0254278256969376 0.670825296773889 -0.307566581798307
-0.0133226323715952 0.00142653484623008 0.585853287525183 0.392418586721822
0.00520286315868271 -0.00507065361607432 0.104178927800186 0.455627470970451
-0.000117988522903123 -0.0171846217119066 0.0548890433884099 -0.0319693825545092
-0.010413118918801 -0.00997376625889634 -0.187796725815183 -0.465465170269392
0.00215978569262686 0.00599684357830337 -0.776322606506813 -0.0641962830968997
0.0101281170983162 0.0138339491225165 -0.398245159438471 0.730530273467513
-0.00269296099536404 0.00837242640677158 0.416555126209018 0.505802892108193
-0.00619108469634756 -0.00376746143396321 0.449203399031717 -0.0468336401536711
0.0103970688086525 -0.00487948785960416 0.152868901878235 -0.253367767582287
0.00436761397613173 0.0133206977772539 -0.135114692846029 -0.169972982964837
0.00779428486290813 0.00134381997294063 0.0678187209566143 0.137772287364088
0.0165770324998361 -0.00535848992442952 -0.194859111059237 0.091262646999985
0.00429307838798658 -0.0112491394419143 -0.326280322439239 -0.178394067635656
-0.0136532578168759 0.00334437610539444 0.0309641789317641 -0.572479591479809
-0.00692452092295835 0.0237865049681551 0.669566018312381 -0.312587459257553
0.000907644310628793 0.0115532810692524 0.592374626949203 0.383167297864659
0.0124647267422091 0.0165358322396184 0.111218385933904 0.449815699525647
0.00349722656262192 0.00651795196915567 0.0570615325624545 -0.0360153897213062
0.00409377516702465 0.00421739913013836 -0.184389584529411 -0.472338723240304
0.0155628100628822 0.00523474853119141 -0.774968122773783 -0.0663791628744756
0.0106222723179225 0.00923695177393824 -0.405128252053081 0.733707026329306
-0.00394943872580852 0.00593079449468532 0.407253932664495 0.513098427549782
-0.000927709416533243 -0.00730529496273863 0.447805318378682 -0.046808546545648
0.0155605027761903 -0.00651653677634421 0.158152414896358 -0.253306416184015
0.00687275927141998 0.0116273942855745 -0.134271178624627 -0.165859854140624
0.00920835274045236 0.000530425361769074 0.068513436249622 0.143459843336249
0.0178876772100533 -0.00392774506123938 -0.18936445316872 0.102321622230843
0.00801323289909819 -0.0103033313996857 -0.338168355184875 -0.16536040832558
-0.0119251463794139 0.000667359325797641 -0.0142492707436518 -0.567287378052415
-0.00251241614558147 0.0209192716841189 0.642287649625941 -0.349126319604831
0.0125102818707518 0.0189977117427558 0.617885203432447 0.342973559103162
0.0181001341822138 0.0371749510076564 0.135946023595009 0.443499191184568
0.0050618358291212 0.0307242026683297 0.0620038165218552 -0.0309571750576922
0.0158195471806027 0.0193749828399755 -0.161558129000796 -0.478896776011018
0.0268358086849803 0.005195291928165 -0.772367076146132 -0.114335398257173
0.011562067414018 0.00342692975363625 -0.451356459317773 0.716608765530799
-0.00335704100641762 0.00314171984706025 0.375023545759458 0.54288975419231
0.00219171249990004 -0.00823025229552597 0.447622363856012 -0.0256113575997339
0.0189839970072457 -0.00596411694044008 0.170097436682557 -0.250358984084047
0.00861438337688259 0.00949145525271942 -0.130868560401899 -0.16270877295903
-0.00956252154924835 0.00610383050572391 0.0898176864870412 0.0979701352982885
-0.0140032480652963 0.00555929570870985 -0.164418644642993 0.142062660453735
-0.00680923472490873 0.011776382577652 -0.354652209474146 -0.00666644866838403
0.00376131894407328 -0.00287883630498454 -0.223657994294484 -0.468335211665921
-0.0108141656530214 0.0172238451104152 0.394446424899285 -0.576122320113786
-0.0489998093533134 0.0123246286042227 0.680136704610955 0.0458805309742051
-0.0295910269148262 -0.0154222504755338 0.271681811665453 0.425980596205527
-0.0194434687224428 -0.0375693470480156 0.0724483730750886 0.0631454668723246
-0.0394082346031102 -0.0361122673099376 -0.0166261963688421 -0.439524159839146
-0.0444311583368312 -0.0053028969246077 -0.667582189303242 -0.41769761513653
-0.00705148101488324 0.00737118527097327 -0.747333034293964 0.453623255668351
0.00842590104099041 -0.00229898195880601 0.118962677438031 0.682316145801202
-0.00988629798041133 0.0122109109860781 0.435193991364879 0.163186051916268
-0.0147749919852995 0.0132508199237141 0.211588996470586 -0.175356114923225
-0.0162171025825816 0.0106817350651962 -0.112004197963782 -0.161055937214024
-0.00790651440018566 0.0077835443826505 0.08498796223299 0.094994987576401
-0.0135835822760766 0.00266284532517204 -0.178328345565269 0.128189618215586
-0.00925851794081288 0.00805982925290809 -0.347343537737064 -0.0441819683745148
0.00206214044681077 0.00143765480578166 -0.157917465800058 -0.507141540142013
-0.0149366278916411 0.0239000901059182 0.472397157687285 -0.527072225133165
-0.0533228542679098 0.00620557455202434 0.671298330054411 0.131041019379061
-0.0289782308565304 -0.0275197822812766 0.232037709223288 0.441543391251452
-0.0184548257109998 -0.0509779875229058 0.0658099431392196 0.0439502877252297
-0.0424532663549549 -0.0418566827712619 -0.060610528131837 -0.449372877283242
-0.0442366083229718 -0.00281691816724244 -0.711981259767966 -0.331658356582778
-0.00287914349726842 0.0111752042064386 -0.669799047978519 0.538034929306799
0.00701724811445841 0.00140787716044945 0.205073635799157 0.64764646526291
-0.0119514079658375 0.0113341103979674 0.44775132979533 0.112746607313793
-0.0129400280097461 0.0104647004537573 0.195608944105451 -0.192673825673341
-0.0132471909636833 0.0147662956682112 -0.117269407275169 -0.158265662559197
-0.00539417311033588 0.00682445281968238 0.0798983102592286 0.0945252563199145
-0.00923683993953186 -0.00116851004283818 -0.185608479923365 0.114181504567619
-0.0104030471698748 0.00410911466054012 -0.336344422034628 -0.0858170733122193
-0.00309618011986906 0.00515069349475785 -0.0854799127959051 -0.539160208258163
-0.0173120434798992 0.0269422136452921 0.547174084959396 -0.464132692510473
-0.051502115349386 -0.000741094126913895 0.65052283581344 0.222714959425112
-0.0238295154359321 -0.0352547362741858 0.189994878220614 0.45343459126479
-0.0153751412738009 -0.0547728687979532 0.0609522516450129 0.0213090435303531
-0.0424945757002924 -0.04102807736326 -0.108385681453476 -0.453396629362405
-0.037838750816928 0.00156071238155576 -0.748530491102361 -0.23580615093929
0.000458955101219953 0.0155975555970963 -0.577120851866699 0.616149947464332
0.004610204173545 0.0045886885014604 0.286763691866573 0.601810979680451
-0.0126506821976896 0.00786828817578881 0.451871508776169 0.0591146015627413
-0.00932543674117198 0.00657875194994884 0.1805198622722 -0.207261680944421
-0.00920699873396926 0.0152067367446487 -0.122208563046248 -0.155380541141279
-0.00220524540822536 0.00618336975659957 0.0743468653355406 0.0972449190899938
-0.00336341229418499 -0.00470580976087573 -0.192221522985133 0.099168892023771
-0.00896311898998995 -0.00101036852017654 -0.324649925570751 -0.124706025550946
-0.00807978099320095 0.00785445470798722 -0.0196287071125414 -0.55651977094364
-0.0181216285203728 0.0275084640043053 0.608053010018104 -0.396985336850876
-0.0429865986926571 -0.00645266713844916 0.624667852749613 0.305791598041006
-0.0140247219158466 -0.0331215808452781 0.152854124805235 0.456817914278723
-0.0110834313067419 -0.0513538829156862 0.0567477185787317 -0.00139526704279105
-0.0359179333949027 -0.0340358006886538 -0.151042671326819 -0.457561150542156
-0.0264807678676211 0.00511589999733375 -0.768031917415244 -0.148739046571141
0.00534237465822021 0.0162686388269297 -0.493341945832135 0.673482239258081
0.00386673971894864 0.00713270723654798 0.35226834001791 0.555793114114661
-0.0111183374918901 0.00490786530752832 0.450139656186097 0.00973486156110438
-0.0031134475834758 0.00265828276083418 0.164008668763275 -0.220776586061151
-0.0040654443753828 0.014859108789024 -0.127024026552504 -0.151487975627419
0.00188894432326135 0.00391329243037018 0.0717873031797521 0.10113380191463
0.00363147345513022 -0.00668280776280835 -0.193651635310323 0.0902451588090742
-0.00639767569804374 -0.00498644151403115 -0.313244719748001 -0.153625356196396
-0.010273544709029 0.008451938088458 0.0260207002858537 -0.563986656501905
-0.0169782042980432 0.0266566088135401 0.647448004642118 -0.337107318611402
-0.0290208501459544 -0.0050840339351429 0.600458002959864 0.362520848842422
-0.00453094895571058 -0.023231377146586 0.125685592963216 0.455208142023371
-0.00721036976878174 -0.0366930174937765 0.0547865873130552 -0.0215518862995246
-0.0254391339507691 -0.0247875423260399 -0.180500081692034 -0.459156748761605
-0.0136534345427347 0.00589499994509499 -0.775676854364673 -0.0854002300017744
0.00929661069034847 0.0146078317176877 -0.425478167035843 0.710821953304422
0.000779350093914531 0.00890118353571226 0.392539789296878 0.517038743095763
-0.00883801611094584 0.000715246648927432 0.444963794504386 -0.0251486283482503
0.00267159325753251 -0.00085532152719244 0.152341520951765 -0.231095346514931
0.000951141963617721 0.015928925842984 -0.129287392677181 -0.146260029995294
0.00492220130810854 0.00324812531773232 0.0704815162434978 0.105593603999268
0.00939578037265262 -0.00833802143202418 -0.192447144084461 0.0823905069636847
-0.00319893910673416 -0.00853577399112094 -0.309538943817846 -0.170422975677382
-0.0117865029356577 0.00853152729756887 0.0449220604191762 -0.566814451240864
-0.0132311492411168 0.0258384758263132 0.664589016773847 -0.30712496569176
-0.0145335514873687 -0.000264441439078325 0.591220410665838 0.388065698878213
0.00433683154430737 -0.00659332369925685 0.116360564513573 0.450481863460454
-0.00254134542803021 -0.0169405746173404 0.0534326521630239 -0.0340729076240318
-0.0116369502798801 -0.0106563287757536 -0.193935252634292 -0.462357270109507
0.00146073181417205 0.00521866192987124 -0.775636988190119 -0.0564650614471969
0.0107317256389105 0.0132887260904469 -0.391833433148493 0.728698735568064
-0.000452255257779163 0.00767132102134354 0.409935256636451 0.500955340001811
-0.00658460150392182 -0.00215723421699324 0.439279147987308 -0.0441863537136647
0.00904401823493971 -0.0053668209142896 0.148247839626915 -0.237319034023933
0.00455886183040518 0.0122543612061557 -0.130477821848384 -0.140598111742436
0.00738884159183695 0.0016577295308826 0.0694054132889279 0.111703652630381
0.0150814507646222 -0.00783580359576409 -0.188241051577217 0.0842185228648694
0.00120889760335451 -0.00972966935308195 -0.312537781088891 -0.174831941774545
-0.0125061566645437 0.00575878250271443 0.033658505306307 -0.565471189838949
-0.00572394504617975 0.0233279418126868 0.662096059899513 -0.3131349251035
0.000119571874252773 0.00822626344289763 0.596309098068359 0.377677164786675
0.011394262404679 0.0147814411615805 0.123002229584304 0.445919605919374
0.00142573458843142 0.00672123215404291 0.0562064814004872 -0.0366073219271665
0.00260863329018259 0.00304825574645543 -0.192085369150513 -0.465879561784133
0.0147158147505225 0.00339638991471434 -0.773047009483316 -0.0619208238442521
0.0117361668466286 0.00833954939988665 -0.398004656753614 0.731995330964851
-0.00295380289336383 0.00690347115417746 0.403352023222658 0.50653833404598
-0.00332074562692645 -0.0054805710518697 0.435323381517745 -0.0427465061425786
0.0130617430756475 -0.00754463081234897 0.151257096162283 -0.238562059181083
0.00681533613532492 0.0107587926151685 -0.128572869852557 -0.13623900375126
0.0100928149416852 -0.0012723201860751 0.0690522486437615 0.116207700022945
0.0173735322248642 -0.00669190503468671 -0.182696194032917 0.092074576733525
0.00536686107871362 -0.00921930665136279 -0.325454416433019 -0.161124904407932
-0.0102781575528591 0.00299863544420661 -0.0107992464682835 -0.56006592338565
-0.000217139519282525 0.0191300730039396 0.636820430240215 -0.350380085815159
0.0126217782388911 0.0160909212177069 0.619652945906718 0.337203648897901
0.0173912342719827 0.0355483011639444 0.14532863543752 0.44027662621404
0.00354046085307089 0.0308688909798517 0.0607340998391619 -0.0317056782072334
0.0138849382792414 0.0193466850392332 -0.168712025042036 -0.473791688018057
0.0254260572557617 0.00356278027260732 -0.769363196343016 -0.106835708309291
0.0120539619175036 0.00241283999798481 -0.443900406317103 0.712204569224031
-0.00259825858453387 0.00450928311946283 0.369763940690581 0.538998760314066
0.00133610903807481 -0.00655556506666411 0.434652637285629 -0.0212726041376926
0.0176409669512935 -0.00786192004289489 0.161050816305113 -0.236466519176997
0.00807346132422373 0.00783501716456097 -0.122166284599665 -0.134442621048882
-0.00931229325082483 0.00735963742306991 0.071896567084931 0.0675145473110722
-0.0116826139520696 0.0070845316842387 -0.162304356851259 0.125479556040533
-0.00433046123733536 0.0103261450835597 -0.34104977862542 -0.0162629906533574
0.00292151969302736 -0.00337367563155592 -0.217054980991193 -0.468505465142045
-0.0117194631933895 0.0189986944393312 0.389769191188409 -0.572974614357289
-0.0488726864397059 0.0144781425324682 0.679809355481042 0.0414878282960858
-0.0286206760495497 -0.0132681727977497 0.281943098839711 0.417345997397673
-0.0192729901205239 -0.036812357569141 0.0741734454443981 0.0606198053246493
-0.0379520540048076 -0.0338531678114368 -0.025910260272031 -0.435737913365062
-0.042890615949566 -0.00136005473415036 -0.670753748810515 -0.408947656219627
-0.00764820042699968 0.00856118383114253 -0.740481810423887 0.451133860473812
0.0067951186142622 -0.00158052162015867 0.106302010237724 0.673626048880745
-0.00786650514635182 0.0113469248306441 0.419974937705691 0.164495427177848
-0.0136837286478058 0.0133874542863245 0.206007201709619 -0.157245970158075
-0.0156178930831661 0.013837173866505 -0.0963433678715267 -0.122785698580865
-0.0089233513567111 0.00938821918942009 0.0699742787389743 0.0645022130369479
-0.0134167119892731 0.00516970689240987 -0.172425656583589 0.114120492296691
-0.00713457776089935 0.00882143703492639 -0.333109895169329 -0.0541554272743838
0.00132334552462804 0.00061160739413858 -0.153432850890333 -0.505606001372801
-0.0150162117654104 0.0250011357574432 0.466809362289089 -0.52232144942295
-0.0538301453382402 0.00753627240276726 0.672262886398619 0.128086196521987
-0.0291084491696606 -0.0260837151910549 0.243862137786504 0.43178962477384
-0.0187937984202572 -0.0500552307002873 0.0684677398220258 0.0410419052695919
-0.0420160516665876 -0.0402114508137073 -0.0691772160534279 -0.443968022914128
-0.0443482320885164 -0.000172321622666213 -0.713492856018683 -0.321063926763589
-0.00447415560480503 0.0121713008548061 -0.66346085044636 0.535213221803504
0.0056738388714732 0.00238669836014394 0.193011038005954 0.641850702555074
-0.0104764676059108 0.0110383975787743 0.433671387114808 0.116692600767427
-0.0114751204427573 0.0109142514232978 0.191271976658091 -0.173631513219631
-0.0131417292540604 0.0156256714225773 -0.100380093423441 -0.122215534222086
-0.00719209621520161 0.00834102880875896 0.0651949659020245 0.0644706808013103
-0.00914412017834335 0.00091406247118624 -0.180028867639049 0.101401955150023
-0.00851620690975524 0.0048039806902012 -0.321347831499924 -0.0926725696844367
-0.00248134691366523 0.00600761579077049 -0.0815017412218096 -0.535802184324991
-0.017789879532638 0.0260878758700866 0.540490994685347 -0.458496849362347
-0.0511525776687665 -0.000410853504169115 0.654887251264013 0.220033776549265
-0.0246588294526734 -0.0339359386312797 0.201151633392417 0.444969637348145
-0.0168355138030458 -0.0526839105495309 0.0628534085431836 0.0179375751784108
-0.0428562788972894 -0.0393288766121375 -0.113171917025024 -0.447607446984155
-0.0376917097646535 0.0025226035510702 -0.746067398911118 -0.226733125195549
0.000481367150728516 0.015188913196107 -0.57360577667889 0.611828998869726
0.00428758016262151 0.00517814719319091 0.275880173785061 0.596984612264829
-0.0110298666459397 0.00878633192797513 0.439807062296803 0.0634652406260699
-0.00778058703906508 0.0086832231772299 0.177160951054882 -0.188545130372901
-0.00968312148204187 0.0166872729784494 -0.104372952287325 -0.118620610171568
-0.0021269806992229 0.00626821710885614 0.0625904367223517 0.0660472513916283
-0.00481635158051713 -0.00240437740260887 -0.184288464450674 0.0883876236075058
-0.00908844645574928 0.000464323174668724 -0.306264608620671 -0.129182882865366
-0.00487905628565478 0.00895226089808186 -0.0163901046813781 -0.553324934974265
-0.0171625044687407 0.0261888655976592 0.601195652922583 -0.388191976377473
-0.0423725018058732 -0.00574908235403193 0.629140089035294 0.301862711782285
-0.016336157695706 -0.0312607317529817 0.165764700023787 0.447925168777659
-0.0125943530960127 -0.0487676800203179 0.0577868870969723 -0.00349031889078641
-0.0382898225843101 -0.0322605016084559 -0.156694498613876 -0.451314489024287
-0.0263336685074884 0.00551647539829375 -0.764191650322167 -0.140701007963272
0.0062364914152976 0.0159703324659656 -0.486544231670301 0.669143266578042
0.00374398632076084 0.00740070221531321 0.340758731324972 0.551153114196963
-0.0097108689310521 0.0054321985737202 0.438004309423564 0.0150650328233203
-0.00341117411377597 0.00445957503604621 0.163002807308022 -0.201856744455704
-0.00395803205337134 0.0159102951238826 -0.107895597086319 -0.113839628880785
0.00162013212857746 0.00549294951895628 0.0595852406688413 0.0690527348883075
0.000222817007821542 -0.00587362841494229 -0.185540896110628 0.0769066126196204
-0.0064660167792873 -0.00207531076967116 -0.29534580385381 -0.157403596782174
-0.00864506815830994 0.00934649218248241 0.0298366191973688 -0.560862428202386
-0.0162472698273286 0.0248293548934962 0.64016489380022 -0.33464148504959
-0.030852920869708 -0.00628697168281605 0.605844667668894 0.357148423033878
-0.00769760499930597 -0.0225874350997815 0.138441828292306 0.450453436139693
-0.00975591546843588 -0.0347010243628873 0.05409400549924 -0.0219278433412263
-0.0268797829556477 -0.0227511903606194 -0.188438717859038 -0.452370342893593
-0.0139015780353565 0.00608469602347241 -0.773194842006536 -0.0792708361017133
0.00877672010799407 0.0141502187534419 -0.421633515750753 0.704658285078
0.00263639510142381 0.00948367606697359 0.381475882200779 0.514731551333358
-0.0086483601223447 0.00429158191310117 0.432369518382257 -0.017084242501118
0.00131676164903367 -0.000845539074977639 0.153434719949392 -0.211355192673331
0.000184510169289033 0.0133900414389057 -0.110024472224003 -0.109844566285363
0.00629540277777732 0.00226903198828859 0.0586734024155715 0.0726754569625425
0.00674986480207721 -0.00724567011916654 -0.183600871042044 0.0696983426382924
-0.00335801540965197 -0.00581489832253539 -0.290776029805922 -0.172138240446253
-0.0100383577775342 0.0098356532022114 0.0503098026127994 -0.563415887704611
-0.0107841161910326 0.0231910441083667 0.658977138386494 -0.305170409030399
-0.0158795309372265 -0.00230135936917467 0.594241914025085 0.382733491639456
0.00155074948497278 -0.00601206643401163 0.127625757243334 0.445088650197389
-0.00504342052657723 -0.0169532986498353 0.0538211637735087 -0.0336083116828468
-0.0135487438377225 -0.0100428208248577 -0.201758002500527 -0.453289150518261
7.16146134709852E-05 0.00357377593702529 -0.772290701171959 -0.0483279291366435
0.012040808776098 0.0114570276967898 -0.387361719219315 0.723371052748171
0.00020720528560208 0.00996687759365014 0.39922634948544 0.496455524686436
-0.00642786358501182 0.000612242219434581 0.429149797780368 -0.035675535908046
0.00650109863512572 -0.0043184007314883 0.148580269230967 -0.217364329630431
0.00400898122097127 0.0117888835529085 -0.108655039027412 -0.106517195487445
0.00790702027125966 0.000159655414619594 0.0579392300235449 0.0775332187647555
0.0113396830482084 -0.00759776041707923 -0.182170551638418 0.0711577707920298
0.000618852802768256 -0.00674446031068446 -0.296225832540768 -0.17351452127993
-0.0104296542282972 0.0077655503619671 0.0402784023257302 -0.562177211861245
-0.00367057491792124 0.0218082689933325 0.656047841702848 -0.309608441930549
-0.000785032983660623 0.00582817377690077 0.598850074192244 0.372473202031676
0.00765287796673572 0.0146448965977859 0.134296857032017 0.438692746251618
-0.0011568149640206 0.00794117502963372 0.0553557712601085 -0.0394029203493828
-0.000371395546340289 0.00433749752885914 -0.200162271737364 -0.457713216797418
0.0137988444559807 0.00146209785820602 -0.772414002848764 -0.0552746622863938
0.0131607168469747 0.00752267160426352 -0.391456162745761 0.723565315424903
-0.00216838823374036 0.00852756570848781 0.393196886404422 0.505409187613468
-0.00327892705803832 -0.00294424286260669 0.423529253192352 -0.0339563773371979
0.010989871245504 -0.00757579373517222 0.151765868892065 -0.219192105182527
0.00677888157638254 0.00903907287969764 -0.106336337486181 -0.103805864852156
0.00954371211525358 -0.00144283796789587 0.0590024429963638 0.0823872513738373
0.0148316931624184 -0.00711968553690514 -0.177991633459062 0.0778623731530279
0.00339644839887763 -0.00826802312989275 -0.308606008811434 -0.161548437831331
-0.00942665308182968 0.00441112215478987 -0.00260646477886655 -0.55753437295931
0.00126644181340942 0.017870034343747 0.632900997184735 -0.348953651487621
0.0116491193366565 0.0143986357185505 0.62309322446563 0.329830324525176
0.0150244629457761 0.0348722672976778 0.155421496350591 0.432330765465407
0.00232579681554851 0.0293592748350631 0.059378790450682 -0.0337807919963652
0.0109987425842625 0.0181791256624485 -0.179528962347597 -0.465919022105234
0.0245825530835278 0.0015213927551408 -0.768333956731486 -0.0995125978279837
0.0129447489237061 0.00281945647689107 -0.4371158741608 0.704836043244861
-0.00201306111271511 0.00570866299808552 0.360521942481948 0.535819044599512
-0.000929502602098331 -0.0050378371884637 0.421989496256443 -0.0134337416261858
0.0143063485993614 -0.00854650000642962 0.159251714788361 -0.21677102042254
0.00781321925930327 0.00577109199085133 -0.102100202307931 -0.101057193216723
-0.00917523046384389 0.0114448426668797 0.0384283881994106 0.0397187013041805
-0.0107032684197454 0.00968866134172685 -0.168033414330105 0.107563385493407
-0.00250020592626974 0.00920076463341489 -0.331038432524295 -0.0336217379249775
0.000961300831195304 -0.00372533543598042 -0.211084252796737 -0.472307297937358
-0.011012243428767 0.0214860996307574 0.388926251537219 -0.564492613489474
-0.0465170344525512 0.0154484339013012 0.680625914230838 0.0357772039726564
-0.0270240793632372 -0.012896763545536 0.290265644400447 0.401702849500932
-0.0174387215238547 -0.0350469219473682 0.0752489496709216 0.0549900819425589
-0.0352104394671828 -0.0318586223435497 -0.034452178958214 -0.426754811162235
-0.0411532869299159 0.000163950158453535 -0.669096821206888 -0.396867035246235
-0.00737969278270735 0.0110241302835829 -0.733843100019016 0.448015871580066
0.00573269256419917 -0.00238572764763482 0.0936950609748495 0.671938618439268
-0.00577136411459381 0.00846643736839092 0.402547264091012 0.173455786719023
-0.00994964660764768 0.015315077079918 0.207955639903337 -0.134268965251388
-0.0155442925882725 0.0173955402532123 -0.0582578566706247 -0.0873006478316586
-0.00794667637432993 0.011892407542919 0.0358681194680231 0.0363976561689436
-0.00938160137359907 0.00654147605647353 -0.174284066531748 0.0956361106196306
-0.00506504106778729 0.00885339945086935 -0.319606540173822 -0.0711748272109486
0.000541010430233429 0.00217368597317944 -0.1464839762132 -0.511445198725749
-0.0149530546111349 0.0248239714540922 0.465876672820335 -0.512367103320652
-0.0521706679659114 0.00814806112961393 0.675381233436518 0.120517145256849
-0.0280567990518048 -0.0250427861649933 0.252166019852282 0.416035956645484
-0.0177880213841778 -0.0467051827001316 0.0707412499997413 0.0360666925297535
-0.0410941496222008 -0.0378269002673824 -0.0757486842460818 -0.433602256352678
-0.0415835611432962 0.00151009661952116 -0.711142704244498 -0.30950843523137
-0.00343289214415842 0.0140613988041744 -0.659591662151016 0.533371832713824
0.00640303837366371 0.00140105514141814 0.17878087582851 0.643194836333347
-0.00658194390820304 0.0096391441606531 0.417933510779662 0.127966993749256
-0.00921690369705557 0.0130565639459991 0.196826713778419 -0.149332159286998
-0.0129087286177906 0.0169674601876753 -0.0620413765430952 -0.0870823966681482
-0.00557753328985888 0.0100847891826051 0.0325655512716901 0.0361030507516262
-0.00937307829200513 0.00354544275452005 -0.179535824502738 0.0829868951058771
-0.00719557967592989 0.00653903443047056 -0.305396346826685 -0.109803716445336
-0.00109264911159239 0.00632577139456638 -0.0746575061762789 -0.536927673834838
-0.0180612978891457 0.0265277295440428 0.538537953225543 -0.450692812423679
-0.051186375549639 -0.000473988499757331 0.658190290482991 0.211723384987781
-0.0243431023113141 -0.0306361457320115 0.214214816596923 0.427762297391656
-0.0171446172857685 -0.0507776601743386 0.0644597318786261 0.0147617930663267
-0.0417636261007614 -0.0364247118270633 -0.122264126616795 -0.438290169250796
-0.0376880116180773 0.00417763213131723 -0.741060017672398 -0.215106839493322
0.000540047825133299 0.0148243347488187 -0.569214887617799 0.610520581981313
0.00582519176517819 0.00529513127797861 0.261149329346417 0.598137210362658
-0.00729664195517343 0.0091058770361606 0.426506942080533 0.0739353896704698
-0.00644735369139088 0.0108062044893674 0.18561953489699 -0.165239272006882
-0.00914476781593821 0.0173905013756145 -0.0643856706724877 -0.0848297957700497
-0.00270033383615423 0.00851817006893346 0.03122432295403 0.0368171901399176
-0.00547710864638624 0.000667839382895013 -0.182583490965945 0.0691660307624799
-0.00711030639046563 0.00399348900209233 -0.290055128828644 -0.14436596826068
-0.00511402192688766 0.0100922225529342 -0.00987719543294338 -0.555015271195842
-0.0176634801457979 0.0254480439402507 0.59701725016869 -0.383244124922945
-0.044196316270051 -0.00629394127310393 0.634241642807149 0.292450673219984
-0.0180151797966601 -0.0305026352149417 0.177511286390512 0.433786030998908
-0.0142597430134077 -0.0449799981465873 0.0596658705027246 -0.00697660211980067
-0.0378065197523288 -0.0302208610806826 -0.164318373269859 -0.437581375376159
-0.0276466892347577 0.00468909727927794 -0.759989414428291 -0.130351890285605
0.00608675169961265 0.0144238221993375 -0.483275140373576 0.665147475404516
0.00578665987732473 0.00719498622725726 0.325935288166705 0.552433057259401
-0.00714264948100941 0.00797520700333766 0.429038521216097 0.0285691732879079
-0.00279581387823919 0.00690543122190121 0.174358829839222 -0.17716643706316
-0.00369210949047553 0.0151031808324999 -0.0664774076119225 -0.0820929603344174
0.00168826954689966 0.004900483986933 0.0289540631847217 0.0373943231270389
-0.00123576764999121 -0.00372574123557777 -0.185078194053946 0.059954519392121
-0.0056111759572785 0.00127065534591352 -0.277883930362742 -0.171014001979385
-0.0063383940923665 0.0101488399444615 0.0387273703242524 -0.560497724918719
-0.0149679936740248 0.0225719802355209 0.638114450809064 -0.326027019381471
-0.0321090652334633 -0.00766552374964311 0.611857253292729 0.348332645076625
-0.00930942975067861 -0.0209117740011867 0.150798968814278 0.435576120877421
-0.0110975346628386 -0.0326170358637864 0.0551970209955811 -0.0242522963792794
-0.0291662798119177 -0.0204433588215551 -0.193072795174592 -0.438818618583691
-0.0155598608265611 0.00418151068514921 -0.768144702799065 -0.0693411172365141
0.00918714654568589 0.0134922800581611 -0.419182121231483 0.702175917034325
0.00410161072884435 0.00857847347224209 0.369671038015614 0.519786415681917
-0.00570741504378652 0.00663488398960996 0.426108271407375 -0.00254015377985582
0.000454952071591823 0.00190082862335782 0.164028121107056 -0.188257090789734
0.000124649991494434 0.0130772214730423 -0.0678800830920578 -0.0790306444796621
0.0050570924193831 0.000525235120875819 0.0274163948549319 0.0402750075990429
0.00417532448983865 -0.00545711599945155 -0.184260556127114 0.0545949890594186
-0.0029456684547508 -0.00154701983389258 -0.273203721967233 -0.183266263641765
-0.00701111249937261 0.010716224090551 0.0581465392017264 -0.562927534766863
-0.00995344137072081 0.0211198152610321 0.653192334322879 -0.298158596874199
-0.018513780530369 -0.00458589989250947 0.598137493849938 0.373575885974736
-0.00216961045849858 -0.00533862395390175 0.137964807850677 0.429960855329945
-0.00695572148991545 -0.0131146051386293 0.054481602942483 -0.0356102939695868
-0.0166750227604581 -0.00835796238971405 -0.208229554783214 -0.440184885248361
-0.00107434440369209 0.00219956944930975 -0.767687360881165 -0.042966774758598
0.0124137307970141 0.00844644497854521 -0.383129156296177 0.714841004223212
0.00314806106383254 0.00787118558705132 0.386730370635051 0.501131683710697
-0.00473321166863885 0.00294636712854663 0.420315317243806 -0.0196658376375361
0.00490248639069244 -0.00245331411382676 0.159019377332944 -0.194037320689067
0.00331161927668639 0.0110643817848386 -0.065979239103706 -0.0771689228261596
0.00802827385461778 -0.00179572345338808 0.0288528194054408 0.0441425168218518
0.00913509001186368 -0.0062784983405401 -0.182776198020426 0.0543679921235352
-3.01531877354225E-05 -0.00428842935239564 -0.279033487496604 -0.183229208409331
-0.00770920340545643 0.00870479944662851 0.0492343451533558 -0.560431382352596
-0.00468267405425173 0.0174401402357087 0.653434010057449 -0.304265852837199
-0.00370740761054333 0.00312899399464409 0.604162180370313 0.362940151214136
0.00636579246437591 0.0157483050194842 0.146156673456228 0.427076417918981
-0.00378402548847564 0.00882940536655827 0.0539273378352343 -0.0396685686299497
-0.00239267317032165 0.00572014168760565 -0.207194408963858 -0.447593150547255
0.0111400155646079 0.000126247405145715 -0.768565393159015 -0.0447863653000216
0.0130448009665389 0.00435834108707275 -0.39068886598725 0.716437485972129
0.00158003939482797 0.00834832600280669 0.382177464955707 0.508232558318555
-0.00448388048842271 6.50266352684604E-05 0.417847682975908 -0.0170201513087778
0.00841388950442969 -0.00662915383253981 0.162331244178676 -0.195898650840603
0.00649779182130202 0.00687928079307026 -0.0643662124403599 -0.0751456057423729
0.00854941352050858 -0.00467191710137152 0.0291097782196227 0.0484009095281174
0.0104961898931356 -0.0072564616346757 -0.181763982299251 0.0611140352671442
0.00245477145602997 -0.00552645541682883 -0.292290746456861 -0.170024872624399
-0.00697512133102527 0.00534983206111284 0.0090199426456434 -0.555547019173453
0.00203798380220222 0.0150500905572966 0.627557630409704 -0.345335007259785
0.00808771509877611 0.011108080078476 0.624636917342182 0.319458380737333
0.0130009135357368 0.033781249741132 0.163120386199647 0.4195041930311
-7.55758336272398E-05 0.0320756452042876 0.0567528635050448 -0.0350793618103959
0.00865247499655944 0.0184246622426777 -0.188901806750892 -0.453674446572466
0.0218359430748235 -0.000604340210227823 -0.766039761972728 -0.09273325823742
0.013253401817487 -0.000796975288833534 -0.434995429143795 0.696455736418713
0.000663737733189074 0.00639198432522349 0.351384674519072 0.538009563024734
-0.0011078206396205 -0.00165476539398726 0.413832576938917 0.00471809602019218
0.0109939848405756 -0.00893798530692518 0.167994754944839 -0.192768511431023
0.00690557618126173 0.00357842147800789 -0.0595208504206239 -0.073716360978788
-0.00684340422523331 0.0141925250787682 -0.0119553861976714 0.0321099325141713
-0.00677589449562205 0.00952501327933758 -0.187194549613729 0.0916458658931621
-0.000307805692313983 0.00585685776682387 -0.332322475899029 -0.0568743291869703
-0.000360720795559571 -0.00222108797066469 -0.207632602678571 -0.483198936931668
-0.0108933799437988 0.0234656202404096 0.390050730559383 -0.557679536976951
-0.0435608864063116 0.0154967854328254 0.677502765722988 0.02625568513992
-0.0245270734808256 -0.0119989774135092 0.289945663470129 0.378764497323459
-0.0151962485768705 -0.0352484167707338 0.0729758600025425 0.0492215626794432
-0.032182283341786 -0.0322294155144198 -0.0394248574980205 -0.414515130147452
-0.0373815089680877 0.000620400391557231 -0.66530618994144 -0.385703143036361
-0.00579213262630159 0.0140760872217622 -0.734026049611689 0.44311276022451
0.00291872552100885 0.000231100021259253 0.0799933163127837 0.681040806982031
-0.00486061955766419 0.0054075232685479 0.391826826494822 0.194169246546739
-0.00666276725578253 0.0137464675146788 0.225393088824381 -0.112016364431831
-0.01284701118143 0.0193904051795817 0.00014745300728296 -0.0721521923807318
-0.00640050340950944 0.0129448221132797 -0.0141936896612736 0.0293308245034446
-0.00697059659302638 0.00806468929795575 -0.189864542582738 0.0802002781094823
-0.00135543766150024 0.00712687445279627 -0.319680664782281 -0.0950018855498567
0.000223432132491297 0.00131088233021237 -0.144896920932035 -0.518399116739415
-0.0135867662311693 0.0257990616042101 0.466452525773016 -0.508336869786864
-0.050019803123172 0.00981960854078072 0.675904971212101 0.111334352441748
-0.0262733345136138 -0.0239707993897109 0.255303305074814 0.394070305480657
-0.0159651191457236 -0.0451100353633608 0.0686282216282811 0.0309343894689935
-0.0386600061027285 -0.0372589267783819 -0.0795645650019177 -0.418555843456361
-0.0395632414306384 0.00296110849625656 -0.704820668991275 -0.298742226892845
-0.00374376953119063 0.0150052742868517 -0.658816027178726 0.529185407448189
0.00534446088378092 0.00179024635353241 0.165278722757267 0.650589503159557
-0.00429589680246374 0.00727341324732687 0.410656836352766 0.146597595326708
-0.00598263296439844 0.0136108684188426 0.217419980443229 -0.128479116657969
-0.00958298815323413 0.0200760341388488 -0.00283720855803208 -0.0723663068838019
-0.00335815770263379 0.0114547825203792 -0.017382888883914 0.0266734438222858
-0.00690660815417109 0.00576098304803882 -0.191816167263731 0.0657493158800816
-0.00312281611029262 0.00581075558707629 -0.300068962053651 -0.134518338973362
-0.00131260935925819 0.00573116149284448 -0.0699019581602463 -0.544694227019953
-0.0173142390398647 0.0262434884270814 0.54105241036817 -0.443457037523029
-0.0503690450750972 -0.000249901552076616 0.660307663421115 0.200720990869528
-0.0223727122171379 -0.0289654741040026 0.215702901888947 0.40638097819716
-0.0155351551161851 -0.0491025677554825 0.063071357516129 0.00903512640770571
-0.0407298275797778 -0.034351113117803 -0.120724498541758 -0.423002094397067
-0.0355807718710095 0.00502650450430973 -0.735119372236326 -0.205690398524078
-0.00012050281125967 0.0155468561736293 -0.569723957821925 0.605733563205495
0.00583314252052893 0.00519545045229499 0.249238803478537 0.610397327408673
-0.00416723305295308 0.00808474153390506 0.421649027121019 0.0927491626332762
-0.00406325178579196 0.0112920195709026 0.207540904033871 -0.146450766112789
-0.0070458071975892 0.0185327205146057 -0.00545999825201303 -0.0737205550189446
-0.00142525537800609 0.00829256584067576 -0.0189078449678254 0.0242226208874869
-0.00456005484732802 0.00398022255541504 -0.192555419061513 0.0515849490015958
-0.00306226581429812 0.00545953162152726 -0.281366721868351 -0.169970284102407
-0.00164998780002426 0.00893907620996869 -0.00471252314934464 -0.56244020376993
-0.019084437540995 0.0246445854586436 0.600176350072655 -0.375003696423181
-0.0446719506600867 -0.00584281880829618 0.636047002274385 0.281521860632766
-0.016551882097665 -0.0266853450539949 0.182712879966256 0.412349898678041
-0.0142283924608008 -0.0417598089651481 0.058794559263781 -0.010967270324577
-0.0368171176236911 -0.0266879352096288 -0.163285753019197 -0.425210147482515
-0.029150114506933 0.00693111653071496 -0.751429522085588 -0.121293282590305
0.00542166690020511 0.0133059210146699 -0.482749187238408 0.663525130058565
0.00639235294003883 0.00552282595685535 0.316189141584549 0.56545055695649
-0.0038032064973741 0.00711247478132859 0.428586863955184 0.0472915566238781
-0.00035671979160152 0.00854770286330553 0.198911511853457 -0.161414671129869
-0.00321056735399162 0.0168706789501341 -0.00621698800373415 -0.0746825403046908
0.00148949069343284 0.00487524516277225 -0.0198023492775961 0.0253442269902504
-0.00171411727759066 -0.000189135429768594 -0.191979356047399 0.0415493329959417
-0.00254655845902346 0.00253116688685172 -0.267534594189722 -0.192411204954999
-0.00311791413668198 0.0106541418543101 0.0431843558134476 -0.567503513173651
-0.0148414894806528 0.0214948093089811 0.640073530858717 -0.320658955374099
-0.0340474975287151 -0.00815701210202028 0.613913500508666 0.335576944752009
-0.0101328630081088 -0.0179729908155547 0.157711417267955 0.4127544503519
-0.0126549679525999 -0.0282613084620436 0.0545113426421793 -0.0269808710301612
-0.0285920401192953 -0.0170847991588888 -0.193104095461486 -0.424207298245973
-0.0174510095422111 0.00542153925176705 -0.757876509183977 -0.0607017388360293
0.00864029296896514 0.0106896856110882 -0.41841083051659 0.698076351999886
0.00657476550412392 0.00722456801374705 0.361329958011123 0.531450695987336
-0.00206559545736753 0.00648816376473566 0.424915299761612 0.0140866656305901
0.00133046065980893 0.00461978501523689 0.189945785767812 -0.17355937759016
-0.000101450058453798 0.0135971740646052 -0.00812188881621265 -0.0731972976354797
0.00363250829309159 -0.00067046897774586 -0.0196020212966657 0.0258300364783466
0.00177878771830667 -0.00202495972275324 -0.193140583833288 0.0375136004440608
-0.0009023787930758 0.00250871973527908 -0.260718991131511 -0.204535772480557
-0.00444827974531312 0.0107666748463491 0.0670806822869434 -0.56819464518257
-0.0101258570556486 0.0180893640036559 0.654668649646309 -0.293142630262294
-0.0205288240779002 -0.00245676881258686 0.59990711853694 0.360868312178601
-0.00346546532928101 -0.00133998315236939 0.143733721457571 0.409972565915615
-0.00783634080168696 -0.00813910303915735 0.0529796286008166 -0.0386078551660112
-0.017622627199649 -0.00498806352761203 -0.211258873234733 -0.425390543526515
-0.00493583647748613 0.00289626648072309 -0.760826642355147 -0.0344612934899282
0.0110685921053804 0.00594540588112404 -0.386633403490486 0.709824045966963
0.00575957987358653 0.00690688923052209 0.379800238452436 0.514049120961888
-0.00152239403347316 0.00518264725639592 0.424012030049519 -0.00131848133273507
0.00402751406283685 0.000296045108721077 0.184453327843468 -0.177785297211196
0.00222766073082562 0.0102238095187041 -0.00829374403122648 -0.0713553058031185
0.00715946619617221 -0.00216960811544178 -0.0202944467548782 0.027742519715519
0.00412810964834529 -0.00424034179769675 -0.193693328024657 0.0388016094563822
5.14574492042324E-05 0.000982467691040618 -0.266292441137051 -0.205716922444464
-0.00360138461566414 0.00838645230895881 0.0594889068245563 -0.567321953434561
-0.00411577449699337 0.0154489073300455 0.650997116220847 -0.301491478033757
-0.00816165151923091 0.00339488241126168 0.602521038635233 0.349888583521776
0.00315384748582112 0.0176334850410408 0.149153558954718 0.40566560351612
-0.00561626676267704 0.0132848562906956 0.052479952638725 -0.0403047511861491
-0.00519683221226141 0.00847708137515565 -0.210652948466341 -0.431776593018302
0.00710129263059016 0.00120977858767446 -0.763589557521234 -0.0383637344117088
0.0111718346407323 0.000907859979883034 -0.390388037305241 0.708707472349241
0.0045540864964795 0.00774983569230286 0.374340861078146 0.519394245119862
-0.00075328981489604 0.00353659952602543 0.420271674488747 0.00400812698657627
0.00562779045383896 -0.00315808866815075 0.18545636276828 -0.178868596545272
0.00273971208030571 0.00661040883559318 -0.00545971079062953 -0.070502103718493
0.00751728971005325 -0.00611366711735786 -0.0203461319661557 0.0325554628763459
0.00752288123869419 -0.00462964231508492 -0.195415056467681 0.0453619811126609
0.00224987050091118 -0.000696664618938172 -0.281564712151713 -0.188483220730627
-0.00339823570651292 0.00483621607786017 0.0193767890870819 -0.563712597079448
0.00125148349971227 0.0119736300070515 0.627143861730717 -0.340856825298513
0.00476827624389609 0.0102220169067599 0.622845885381702 0.310536007800009
0.0100240925318509 0.0355047994807174 0.165690747697691 0.399761343391878
-0.00138886441041962 0.0342507363994534 0.0533959016995924 -0.0345702289462641
0.00664844443470026 0.021922193135117 -0.190929380521474 -0.436282088242508
0.0173614353034488 0.000148646081691763 -0.761805573934815 -0.0831692213095144
0.0125216849883754 -0.00321194372122395 -0.438871500813401 0.688799080778252
0.00339314832590914 0.0059648663292531 0.344454501044249 0.547939471738554
4.81265261887431E-05 0.00192523712750407 0.415009056013617 0.0274112282719419
0.00777931467213943 -0.00738388230295599 0.189389870814289 -0.174175148556545
0.00473234125598612 0.00429117551208741 -0.00247044431509884 -0.0700243250084504
