TRXV5
3
4
4
9
string Extension=J
integer IsArchMeasurement=1
integer IsSpherical=1
string Generator=SPM
string GeneratorVersion=1.3.1 Dev
double ArchRadius=0.449999988079071
integer FrequencyAxisIndex=0
integer AzimuthAxisIndex=1
integer ElevationAxisIndex=2
Frequency
5 201 900000000 1000000000 LIN
Azimuth
7 8 0 2.74889357189107 LIN
Elevation
7 15 -2.74889357189107 2.74889357189107 LIN
Polar H Real Part
13
Polar H Imaginary Part
14
Polar V Real Part
13
Polar V Imaginary Part
14
Polar H Magnitude (dB)
12 0xC0000002 0 1
Polar H Phase
7 0xC0000003 0 1
Polar V Magnitude (dB)
12 0xC0000002 2 3
Polar V Phase
7 0xC0000003 2 3
-0.0171446041352304 -0.00274137260699284 -0.150877335475689 0.0561672569769625
-0.0147042750330432 -0.0116043214326429 -0.0762354442154345 -0.182978423595957
-0.00286833059669384 -0.0247508262584283 0.118684490231986 -0.453736334764703
0.00257620694353945 -0.0267763626505464 0.543970863624849 -0.222878756406868
0.0174646428162319 -0.0173068691836423 0.605247835774597 0.479274424969654
-0.00939452165658762 -0.00288994085911378 -0.0637704034048029 0.837929663900112
0.014587841591244 -0.0409764325924009 -0.487934650077254 0.366955062861894
0.0403076272225559 -0.039622670215294 -0.0428253349200053 0.0931332802154416
0.0323743608238475 -0.0207449937517322 0.537863120159297 -0.170398539751739
0.00133843080824672 -0.0159302222540229 0.412531692677096 -0.789133679776361
-0.00643706943556147 -0.00684254229061904 -0.449137479254717 -0.757998260140755
-0.0244335161473818 -0.0272919998117182 -0.708888133732481 0.0537451804048113
-0.0157041365019543 -0.0255092432819875 -0.245144321159643 0.440706735305244
-0.0107001387174254 -0.0128851376638379 0.0931874481449138 0.278261449962215
-0.0276368417853789 -0.00167490637782774 0.184911453615377 -0.0483107143080551
-0.018121680335201 -0.00489843063625445 -0.150151495977847 0.0528933506493536
-0.0187813151782123 -0.0163334668349067 -0.0659839304158421 -0.190039138712007
-0.001781852758335 -0.0248869133261008 0.143136255627217 -0.449543561462716
0.00905366101945354 -0.0272601827857601 0.560306329141824 -0.175106179383706
0.0211193882894343 -0.0181849072321039 0.566609202400975 0.534220051337229
-0.00980897665151001 -0.0071530052722796 -0.126768213683964 0.837090822109806
0.016675495578597 -0.0459634997799731 -0.501621492823234 0.339060654009584
0.0427321027226748 -0.0441073784213449 -0.0250706073873382 0.087369522629341
0.0313615391381133 -0.0255168993601672 0.537093009560227 -0.200688611292142
0.000121676660316355 -0.0186745212441907 0.350703586899881 -0.812025849181522
-0.00473009657947635 -0.00774507965893776 -0.507440117775449 -0.707168779153916
-0.0199751120652468 -0.024900175888108 -0.698498277792836 0.113652796695547
-0.0156288770414893 -0.0231567402863104 -0.216753318979021 0.453108733920508
-0.012341406881466 -0.0155395341469632 0.104963895741973 0.268900022663523
-0.0279224209991508 -0.00486603542676904 0.184104711520275 -0.0537196887600701
-0.0187957828777354 -0.00668182389168491 -0.148105939061071 0.0479906249523749
-0.0217047694962005 -0.0187883790871602 -0.0579897143781108 -0.19696277097302
-2.30412213164666E-06 -0.0229450110452971 0.170452778399957 -0.438758116360647
0.016178806234246 -0.0263995152051919 0.57398924872411 -0.121056657021328
0.0260698350282208 -0.016146509335698 0.51689897600526 0.593480288698138
-0.00999017981764861 -0.00855728433090446 -0.199379518360584 0.828384015462535
0.013862479116976 -0.0466360080244513 -0.514231502449686 0.306895024809268
0.0380390139311239 -0.0458502864369974 -0.00817736438611785 0.0794306135194883
0.0258700376626735 -0.0262186754227045 0.535018924036602 -0.236447045836215
-0.00213914627571497 -0.0178950731727292 0.277456840476088 -0.832352731634565
-0.0013849118869326 -0.00880618491913843 -0.565855613390441 -0.645990425088417
-0.016194213562602 -0.0223928999359342 -0.681602471991919 0.178461441480811
-0.0156707220973901 -0.0193704659136981 -0.185546804747045 0.46472971293915
-0.0146255825498027 -0.0171043996712948 0.118314967350964 0.258715502473971
-0.0265123337358229 -0.00527060326808968 0.183388430481858 -0.0596663326915269
-0.0168337116361522 -0.00525192595434369 -0.146492432352914 0.0426032054643056
-0.0233331369498693 -0.0196109258658417 -0.0505520309637192 -0.202392579807606
0.00108993937702716 -0.0186286534087367 0.193463253990727 -0.427662122923883
0.0221401869390468 -0.0244430573999133 0.583474732658069 -0.0718353551713513
0.0312016973989017 -0.0137110861532328 0.469451443906345 0.636957618383529
-0.00971784823774227 -0.0055228300854122 -0.262737304582607 0.815772947413119
0.0071696729959581 -0.0429459861441594 -0.525310522092653 0.274873135316597
0.0278629962645048 -0.0456021263676327 0.00545209401259065 0.0710340288613507
0.0171293712189786 -0.0235944814732164 0.526884675078507 -0.266938659437264
-0.0035186180884419 -0.0143381304230638 0.214378835813783 -0.844461161052364
0.00123374140507795 -0.00990869846078538 -0.610843621311802 -0.589615078674103
-0.0134051043812931 -0.0214441085101769 -0.66304053494676 0.233279813020173
-0.017042223623702 -0.0142956298404422 -0.15551495899428 0.47319011059837
-0.01719753534221 -0.0165517631142311 0.129083182653206 0.249970981859188
-0.0241373600633058 -0.00430248728643554 0.183309403624736 -0.0640878423201055
-0.0145026561903305 -0.0024974569696002 -0.143598587945674 0.0395343693850315
-0.0241228772891316 -0.0181934251758022 -0.0465629393241078 -0.207144848008702
0.00152960678789701 -0.0138216361598065 0.208576778227848 -0.417755749096318
0.0253189838927665 -0.0224482484229017 0.587813591236046 -0.0332434766360422
0.0355772774828912 -0.0111959975288359 0.432215307866338 0.668787337618805
-0.0116243037758046 0.000754224127776263 -0.309201144947772 0.798041456471353
-0.00296825335293249 -0.0369995165880867 -0.533669607452463 0.252149380904333
0.0142369941287899 -0.0421663975403321 0.0146156366801968 0.0639628522875745
0.00628359761598876 -0.016835222167189 0.518788064170654 -0.291960567608711
-0.00410593705352914 -0.00880996709424184 0.16638209229255 -0.853271699276513
0.00416637763426278 -0.0104070671689308 -0.642277287414464 -0.547445906187212
-0.011837021559413 -0.0203522989305322 -0.64409581268854 0.271934700051086
-0.0188429800838968 -0.00927390986265558 -0.132870621466718 0.48023411329482
-0.0191587021476091 -0.0134124350106442 0.135658491887227 0.243842409468205
-0.0208998073710633 -0.00117499103911065 0.182887994268694 -0.0685313627671253
-0.0117418057529622 0.00166995471161539 -0.141829703116364 0.0364299829332396
-0.0253463367034627 -0.0144600928724564 -0.0463129102041336 -0.208562372689541
0.00065845271026475 -0.0081034322915897 0.218024475291572 -0.407180811224943
0.0273628354708537 -0.0201827916003108 0.590142333462323 -0.00906321632013117
0.0385686693433011 -0.00838301256637883 0.410505121835298 0.68489708292761
-0.0130629809131383 0.00961506740690237 -0.337739892959241 0.787067342087981
-0.0166074466594272 -0.0291013450855012 -0.539440161151503 0.238025882586847
-0.00212787522926533 -0.0381011785944387 0.0180328169213048 0.0588484252558086
-0.00324236287408623 -0.00765334695439601 0.513445388341193 -0.305954368682659
-0.00252186539906594 -0.00186558981696774 0.140217441878101 -0.858480680119816
0.00696106475429075 -0.010599506405277 -0.654238106214175 -0.52745995551655
-0.0105835852220999 -0.0184854358120567 -0.632664222519559 0.292236540408422
-0.0192808731032506 -0.0039951896344674 -0.120013583070555 0.486834639194988
-0.0207592733193151 -0.00981705316770657 0.137875820698834 0.240598866576901
-0.0167225269062234 0.00310741161536614 0.18332192820503 -0.0706899944082883
-0.00829447049817099 0.00487818079428869 -0.139918148216796 0.036519419348074
-0.0245676217201133 -0.00998583770884662 -0.0493896168526867 -0.209034523302297
-0.000155770185269336 -0.00422165871451604 0.216322521940547 -0.401890503264725
0.0259965121385441 -0.0192224591507929 0.595238921759874 -0.00469641035939164
0.0401537719490223 -0.00548569978490806 0.411360218356687 0.682924371763269
-0.014964355419278 0.0194839507936853 -0.341383919154536 0.787877934322101
-0.0297387865029843 -0.019040831501479 -0.541812998939206 0.236111741054716
-0.0183866919696753 -0.0311498779689951 0.0163416838455739 0.0564125527580905
-0.013140658151543 0.00257665138053588 0.508621716590349 -0.31060559421084
-0.00298375919508365 0.00620162959861299 0.137835592332171 -0.861457658917574
0.00866451791215356 -0.00986194803696131 -0.654698344899267 -0.531582786452121
-0.0114300977835995 -0.0172064127526196 -0.629034024622695 0.292711418561045
-0.0208596821150628 -0.000254773172349454 -0.120400894314569 0.490832681980825
-0.021240377377526 -0.00607071433738938 0.135293316761594 0.24006735192117
-0.0125394881167064 0.00943106606436549 0.183237999883326 -0.0733903755607736
-0.00569095628400938 0.00956049873087103 -0.138945929136302 0.0387754698880269
-0.0234957241258183 -0.00469847260870702 -0.0550908035734314 -0.206932129572161
-0.00236214325610614 -0.00207277781874054 0.205573489200887 -0.403068988942091
0.0219583102205591 -0.019729359733952 0.596602491024206 -0.0241947879942933
0.0398013903225654 -0.00412683350189844 0.436857923177647 0.666347541280949
-0.0171183917127079 0.0286216980970081 -0.316640032670078 0.792918360249356
-0.0411181426732554 -0.00780768401557267 -0.54199015880855 0.246440646285347
-0.0329598914782486 -0.0241995781765042 0.00864768114002203 0.0568652056843393
-0.0218132043321102 0.0129681012101028 0.509297660967372 -0.303306187624506
-0.00189396666468549 0.0143467975418005 0.159887945995777 -0.863696704681645
0.00974516165863021 -0.007156363006686 -0.641494068780151 -0.556962160482251
-0.0131285329859234 -0.0163902604157526 -0.637441297293331 0.273780900213244
-0.0216573716424176 0.00158255995656538 -0.129965627058594 0.492196841444097
-0.0208602576845489 -0.00128391714902683 0.129012972423276 0.2451486093591
-0.00940876864712981 0.0146711178551497 0.1842086434959 -0.0724794851337773
-0.0173941386073366 -0.00248443455329013 -0.15115790385384 0.055455163316034
-0.0148638609132039 -0.0119151281454446 -0.0777187512820124 -0.183435283340687
-0.00313248256936324 -0.0247691299510313 0.116385911830284 -0.452543134422399
0.00297202825960219 -0.0269132213852479 0.542684017422139 -0.222838326392763
0.016686357642336 -0.0174002205151392 0.602941268754036 0.476978131571407
-0.00967123771154337 -0.00202464284621941 -0.062962159051715 0.832845448790403
0.0138952389844574 -0.0409463002076785 -0.486245538790591 0.364580061018289
0.040044869351467 -0.0399698458777774 -0.0427881730037702 0.0929031449044727
0.0323264537094226 -0.0207257104320409 0.53607910335501 -0.170102874293539
0.000868786378277399 -0.0157777348024461 0.412622391256036 -0.78755715467803
-0.00589805324442163 -0.00628433527422996 -0.447073303044029 -0.756142835079871
-0.0244701171729131 -0.0272691303683996 -0.707738510571471 0.0532436411392783
-0.0157841202783702 -0.025297417340612 -0.244134625236131 0.440592331125744
-0.0116668830092486 -0.0128639314028581 0.0934263433648108 0.276699583614231
-0.0278064039395683 -0.00117368660748521 0.183741189338586 -0.0474532659679056
-0.0189709057009049 -0.00552758459524925 -0.14978013754714 0.0520349230442404
-0.0185343433530248 -0.0152182336249569 -0.0672324522435135 -0.190211726720585
-0.00130303615469063 -0.0247192549631294 0.141948590293739 -0.449058009749258
0.00901548405144485 -0.027489447078588 0.559444728679941 -0.174871569622
0.0197947980043446 -0.0178061529344611 0.565718439764111 0.534274902854469
-0.00995216317761511 -0.0070458944576428 -0.124634017163448 0.834120666213972
0.0159576022552531 -0.0460732093143857 -0.499232958571379 0.337826555618751
0.0418791569875389 -0.0441516065887549 -0.0258247130636153 0.087368655091107
0.0310736916734301 -0.0253081741254741 0.536249570185475 -0.200460269887919
-0.000720020937740734 -0.0182291235797957 0.351007943831823 -0.811192880014258
-0.00358987128578491 -0.00835003048037917 -0.50757190009694 -0.70682722124674
-0.0199448769561545 -0.0249647769041818 -0.697801302766438 0.114035277959067
-0.0158651628146611 -0.0235023441066472 -0.216410022143307 0.452375632502072
-0.0128823175348853 -0.0160542709539697 0.105755684092191 0.267909802558177
-0.0270934557031366 -0.00427230470023251 0.183385251547579 -0.0529932161597376
-0.0186016189138142 -0.00580851846581141 -0.148215341937469 0.0472642634935116
-0.022040965734016 -0.018718296037548 -0.057505686975675 -0.196733754159142
-0.000407433621882705 -0.022435324712429 0.169461261366385 -0.438485424898837
0.0158501416431624 -0.0266830530114782 0.572531729276759 -0.121025744845452
0.0254452322259255 -0.0166535783026004 0.516643094947137 0.591276436414364
-0.0101561268316471 -0.00746692953649773 -0.198101530641525 0.824386358502173
0.0137042774293093 -0.046131072158599 -0.513497577032457 0.304795519059433
0.0374259411318719 -0.0458509753816089 -0.00862079563185354 0.0789460601897397
0.0256051815712367 -0.0262383254014794 0.533624591917367 -0.23529071722123
-0.00189275637218211 -0.0177057345433165 0.276716885334589 -0.831416040349824
-0.00177897452673707 -0.00876421587827434 -0.563619336432102 -0.645567185966866
-0.0156547385718762 -0.0232812156505746 -0.681194919895297 0.177377787737502
-0.0156609129534696 -0.0200476253569291 -0.183966870540666 0.464039440070506
-0.0152174679948719 -0.0171661301052296 0.118561181731159 0.259185352077429
-0.0267187863582458 -0.00549480576764304 0.183095915674549 -0.0588337833342193
-0.0171549313965267 -0.0052192835643 -0.146072590941764 0.0426567935727988
-0.0235009310480601 -0.0196578015971095 -0.0512435241646091 -0.20262535553625
0.00160709269206347 -0.0187218220028599 0.191863982390515 -0.426901843228956
0.0215760564702139 -0.0240861444044984 0.580958948660149 -0.0713243483021091
0.0305761796730693 -0.0145767841030997 0.46706557450683 0.63569579605066
-0.00979261849630159 -0.00525590882296153 -0.261348943333997 0.811156855930667
0.0068374383645478 -0.0434646004688944 -0.523432813974523 0.274403696467345
0.0271523047697804 -0.0460434639941326 0.00526681666743744 0.0713255514549705
0.0170224760980367 -0.0223086827669239 0.526094251032515 -0.266653437539891
-0.00368198378033725 -0.0140398413787648 0.213357484478176 -0.844073435227228
0.00160729206985373 -0.00933324720775781 -0.610853825625203 -0.590242067576822
-0.0133552059031427 -0.0208100947365887 -0.661075040823698 0.231813343164859
-0.0181376070495015 -0.0148342954214776 -0.154511264077418 0.474613211993396
-0.0178279935842808 -0.015866848200622 0.128891148116474 0.249920029688284
-0.0236158557014474 -0.00473133316209831 0.182724157342896 -0.0633881431217558
-0.014703183792345 -0.00293621250998954 -0.144188833785165 0.0383337281380449
-0.0245667677085078 -0.0181550619034201 -0.0480834833751672 -0.206646260548337
0.00139202330143574 -0.0136839132448156 0.207490750039114 -0.415846412983317
0.0252360414574685 -0.0225690704255022 0.585836063361053 -0.033620038280945
0.0347764161498052 -0.0113985772301465 0.430697828175306 0.666636254685348
-0.0108697446874249 0.000639817829248671 -0.309348043628247 0.795606592191224
-0.00414780322483824 -0.0370102824163522 -0.532417147342846 0.251726869748792
0.0136723944332641 -0.0430904534993901 0.0140023165029826 0.0638186346385964
0.0065978465042748 -0.0167969726592208 0.517313420299952 -0.289560939622355
-0.00430088678833735 -0.00871632712095678 0.165543559780291 -0.851806574565948
0.00363143775610717 -0.0103262477081815 -0.640711759837891 -0.548739320924094
-0.0114825023224077 -0.0201658683739602 -0.641542739838954 0.27087100933214
-0.0182780771149604 -0.00907111595499187 -0.133178160039405 0.479999082746996
-0.0203035489167073 -0.0130309470009663 0.135714515369451 0.243230099204653
-0.0206576502115271 -0.00137094801251417 0.182942030868051 -0.0680318522503863
-0.0115781035270147 0.00104659788353012 -0.141856256893404 0.035336818464301
-0.0251081458333933 -0.0144682181512139 -0.0465124336995452 -0.208977994201195
0.00123830326405229 -0.00850572135681253 0.215921491957938 -0.406150945564248
0.0265889008441994 -0.0204939265431414 0.589438271442486 -0.00895100302621541
0.0389813346056579 -0.00804863676801166 0.410368254812722 0.683211120358373
-0.0137303831638125 0.0105831624488153 -0.336592852642527 0.7852572558229
-0.0173915700552894 -0.0287329097283454 -0.536750931308837 0.236786815898114
-0.00270702239211197 -0.0385161789675834 0.0181611691542186 0.0581303844057875
-0.00428654772496011 -0.00823137171300835 0.512991714505016 -0.304581759851372
-0.00335701387643873 -0.00172528812548811 0.139029382126556 -0.855856756196977
0.00677332580892174 -0.0107053438037521 -0.65484089678273 -0.526771711390254
-0.0105292681208797 -0.0181159642704143 -0.630660257127169 0.290186105757988
-0.0195318557798937 -0.00471842091162735 -0.119705010627236 0.485770417131438
-0.0213805432677944 -0.0099926231778341 0.13697821493651 0.238933184915112
-0.0168307696789262 0.00378501312491049 0.182953346585591 -0.0708487428128509
-0.00861386160139037 0.00609063317777863 -0.140202476752338 0.0363534660630923
-0.0244585147390314 -0.0102402558397992 -0.05026672075524 -0.209671961291853
-0.000817688604402617 -0.00445369540807044 0.216005130594529 -0.40094161804174
0.0260634348295013 -0.0190369679932296 0.592726006991371 -0.00525560385113821
0.0396141253875881 -0.00523120013912413 0.410614529415449 0.681261931560998
-0.0145094377198939 0.0195704578145735 -0.339290093342551 0.783390308897259
-0.0309477667644492 -0.0188380377932624 -0.539685892667384 0.234738683839662
-0.0194433773448401 -0.0316989870768292 0.0152247558797708 0.0562937017407395
-0.0131780668099721 0.00220936495268028 0.507528905201453 -0.30831188057695
-0.00260738726379822 0.00635230046939813 0.136720857861078 -0.859716125931763
0.00857987586475138 -0.00995054457155738 -0.654879949318236 -0.529984492146429
-0.0115668324247393 -0.0176730916825611 -0.627984155957975 0.292044047434497
-0.0204499105368552 -0.000449724359684373 -0.118171958859804 0.489138749622947
-0.0220740240644709 -0.00518354912359718 0.13626049145242 0.240349807062732
-0.0130936423240784 0.00939989085400886 0.183651805608528 -0.072376999835376
-0.00552424338759823 0.00936945476250416 -0.13930857592662 0.038134136490911
-0.0232370122363433 -0.00447871761308909 -0.0568202246694986 -0.207726302926551
-0.00280251087006779 -0.00204713323727328 0.204412066202038 -0.402424567303361
0.0217330263987766 -0.0195567744162017 0.595711601039531 -0.0220295296889114
0.0390436248210672 -0.00457139237833915 0.436773467111767 0.665183063350741
-0.0162861021095012 0.0290297870035293 -0.313108975878342 0.789675048844646
-0.0416533219266125 -0.00821546065405025 -0.538938536770524 0.246295846141742
-0.0325846368447492 -0.0241812139729433 0.00763912159605563 0.0568423088397413
-0.021471545789118 0.0122736905255573 0.507278874977087 -0.302003680515597
-0.0019157645776963 0.0142625705406763 0.158208866439556 -0.861102461823465
0.0104887624813298 -0.00665101897566974 -0.638479262118693 -0.555572668014914
-0.0137410314525635 -0.0165728938535551 -0.634787136135412 0.271894492568613
-0.0220333817388908 0.000975715171779697 -0.129101149457148 0.490192116340609
-0.0212499081704852 -0.000853303833816963 0.12856291065804 0.245148173483949
-0.00973043716064853 0.0143861230897044 0.182998632765933 -0.0717119007724239
-0.0171091107520274 -0.00239890066605985 -0.151609038886863 0.0552555914676911
-0.0138417440468122 -0.0113765625404218 -0.0772772355885006 -0.182489238123841
-0.00290021428339136 -0.0248299750323538 0.115951734546925 -0.452644563111894
0.00174091182784334 -0.0267156913637544 0.541992851379807 -0.221591835559731
0.0157417974437718 -0.0176149621290319 0.601345765207011 0.476937048371259
-0.00961656721631596 -0.00179926988999557 -0.0610815624948037 0.831219005714049
0.0128083417074193 -0.0411775818599218 -0.4864110824482 0.363798772158107
0.0393641873248472 -0.0400100371695641 -0.0431886445414525 0.0925172810012675
0.0324293714029392 -0.0207219430837107 0.534150202448875 -0.169995805391472
0.000923027269463358 -0.0157918522604232 0.40996426562221 -0.786572147927033
-0.00595116853449841 -0.00647340747586864 -0.447457061403346 -0.754879201107112
-0.0242299644288109 -0.0261887191108664 -0.705253628709199 0.0529436496045317
-0.0158953387985288 -0.0255778721347477 -0.242385342908972 0.440901993830887
-0.0121720285404536 -0.0127604015113387 0.0935527925577504 0.277441554307485
-0.0284432521734665 -0.000712318643806942 0.18412209262571 -0.0473658805957434
-0.0188520176017548 -0.00489724023788173 -0.15028276401864 0.0513177257711791
-0.0185511498319748 -0.0151895991524198 -0.0681391003941616 -0.190993226594383
-0.0015765895510837 -0.0247997258032724 0.140579595343059 -0.44727134028687
0.00791304345271813 -0.0267636165191652 0.557974104689911 -0.174787739526233
0.0199477254421603 -0.0183763845456767 0.563612771395898 0.533048807722494
-0.0101158905983343 -0.00618120316895342 -0.124007520155427 0.831555080579786
0.0151759547299144 -0.0461440008402816 -0.498172169466548 0.335764890884116
0.0417552461126726 -0.0439866729867424 -0.0259159258939271 0.0865753689375346
0.0322647799269283 -0.0259286802517459 0.533522454872892 -0.200368288511867
-0.000387450705785938 -0.0182369557843619 0.348444856980461 -0.808191314891676
-0.00427278804164693 -0.00772845328542213 -0.50652057947748 -0.705846752438267
-0.0201628194388573 -0.0254242924868431 -0.696593780448821 0.112261738596941
-0.0154187430523325 -0.0230380891305087 -0.214643493142367 0.451075844822003
-0.0136057926563608 -0.0154240347737354 0.106020973738359 0.268244444362313
-0.0281632499882119 -0.0035461959420728 0.184007753691022 -0.0523135932032792
-0.0193063385253287 -0.00600773024896871 -0.148351760871362 0.0465067306969022
-0.0213750539022253 -0.0179808995042385 -0.0594401355068381 -0.19651367930446
-0.000771235334746357 -0.02215470987884 0.168593434481645 -0.437514253142975
0.0153023434900217 -0.0258485686917463 0.569835113446287 -0.121129048919509
0.0252066258849522 -0.0169263969890563 0.512930978637504 0.590715050370345
-0.00960500009112979 -0.00767696476291814 -0.197130436830213 0.822695226283644
0.0127277132368229 -0.0467636000533481 -0.511047800936203 0.304878130110577
0.037126147348341 -0.0466585903160972 -0.00845550090824431 0.0778310593226481
0.0258553585189131 -0.0264391153751296 0.531522484635592 -0.234061492471823
-0.00231040801886905 -0.0173160246528632 0.276785235950077 -0.8283696214619
-0.00126427905586593 -0.00823091454616988 -0.563984128604863 -0.645901003558214
-0.0163950342214822 -0.0225117837929988 -0.678812914357437 0.178426441440965
-0.0163220541614783 -0.0194211132474857 -0.182859213873096 0.462639120016397
-0.0161466131793713 -0.017427281445393 0.118814180448317 0.258640940987966
-0.0264545909704709 -0.00494278032225948 0.183206148278375 -0.0571704359992465
-0.0176233643387326 -0.00410219930049779 -0.146316927219863 0.0415752632001128
-0.0223208396158102 -0.0188778146108829 -0.0517151745660236 -0.203187655194061
0.0007016221908787 -0.0181946992652048 0.190498497624026 -0.42678579074378
0.020898758489223 -0.0243884335714125 0.578415451541436 -0.0704400047954376
0.0307042222007142 -0.014627002738545 0.465686100172013 0.633894446655044
-0.01028809899982 -0.00469875220051734 -0.260268771515026 0.808784555775044
0.0063154481462517 -0.0431655138919833 -0.522993802242141 0.272790184147599
0.0278719206275829 -0.0460400025583223 0.00436305631945446 0.0701001026864311
0.0170344558359343 -0.0237733520869272 0.523758244919508 -0.267698999879872
-0.00309965890906294 -0.0144096382414815 0.212961615170426 -0.841065174516457
0.00160699215102654 -0.00888178892782055 -0.609399602539233 -0.590045163031588
-0.0127940800226829 -0.0212151446022666 -0.660738808858887 0.23321561624216
-0.0171884998799364 -0.0145207745284973 -0.153197000562443 0.472855210765733
-0.0184409849993557 -0.0162963789503587 0.129210016180739 0.249770956367863
-0.0239046626852275 -0.00367967472189957 0.182664012236263 -0.0631256514612424
-0.015588310324438 -0.00193148371150438 -0.144683071631395 0.0371396044731278
-0.0243500951107954 -0.0183697426193758 -0.0485293591169985 -0.206115647839514
0.000871542848754451 -0.0135785765318187 0.204892616146617 -0.415016821696329
0.0247724647288576 -0.0222702588526523 0.583469906420305 -0.0315001985360792
0.0347405898143634 -0.0110973013057711 0.428444107336986 0.663957701785164
-0.0104418121737362 0.00093125926933669 -0.307889933535572 0.794914888403894
-0.00494680230185419 -0.0366674509951291 -0.531403829296776 0.250919676633679
0.0128505093476698 -0.0429968873733489 0.014498636894533 0.0639945033601936
0.00729016236300667 -0.0169469552346916 0.516441640090469 -0.289707363555201
-0.00386613966668757 -0.00920999579247032 0.166496248761082 -0.850351557733844
0.00397691108711274 -0.0101938031768083 -0.641461583391688 -0.547201281639146
-0.0112371568569969 -0.0196561699360919 -0.640630440109872 0.271524915719403
-0.0186125266242853 -0.00962842801565993 -0.132618370645021 0.478813691552907
-0.0206141794726097 -0.013067609389785 0.135497209832312 0.243417407083728
-0.0200617693021105 -0.000242635001558675 0.182346922325467 -0.066613437371633
-0.0118481032399553 0.00171263899083444 -0.142255580492051 0.0352493149552415
-0.0239487575845245 -0.0139675276230121 -0.0478518934728281 -0.207773153047977
0.00035009155538433 -0.00808993815321064 0.214885463818932 -0.406232310540406
0.0262457753263406 -0.020369945119503 0.586996311655078 -0.00706249581527727
0.0384203073318231 -0.00793081426177188 0.408062147679524 0.68241460435539
-0.0125427260638169 0.00990964705160993 -0.336264446485438 0.78305959396648
-0.0178992960336028 -0.0279658923890583 -0.535902599495586 0.237415398193859
-0.00333647509820654 -0.0385409542509248 0.017703641162016 0.058846586683506
-0.00314759179671813 -0.00785321640915495 0.510357169793526 -0.30399594166754
-0.00293186889542709 -0.00220735574490358 0.141082069124135 -0.853883441012752
0.00708660274976625 -0.0105903728639071 -0.653361582266836 -0.526509627863811
-0.0104712514101669 -0.0176061608633873 -0.628827188521809 0.290727674361183
-0.0197622612960418 -0.00443251189929636 -0.118580799269691 0.484489057795134
-0.0217074820492865 -0.009655587711305 0.138122271649244 0.240140131958402
-0.0170689985170727 0.00471036131440536 0.183344841383953 -0.0692379236813425
-0.00876306940883245 0.0060784241628951 -0.14084899959492 0.0356198560748554
-0.0244314595179692 -0.0106282045637394 -0.0507687158640125 -0.209378821248197
-0.00132877423196832 -0.00409172442937784 0.214388981311806 -0.400163476513879
0.0250544276963548 -0.0194608667860877 0.590783831803424 -0.00441430199292731
0.0396618072532139 -0.00577688646966302 0.409036226755614 0.678595776967346
-0.0150773533640874 0.0197003338227189 -0.337352283481878 0.781734760953644
-0.0305122005171379 -0.0188361321729606 -0.538248233241719 0.23295675880175
-0.0197290089635243 -0.0321634368736944 0.0151609588416012 0.055749033338696
-0.0127374458047982 0.00195905618255112 0.506128247601637 -0.3085276360458
-0.00239708256545635 0.0061801245135708 0.136999683023011 -0.859555003229929
0.00866585884678942 -0.00930369341300212 -0.652484427486048 -0.530082769241063
-0.0114926698992576 -0.0167847296439126 -0.625684042633507 0.290135483707709
-0.0210732235383365 -0.000547345747561793 -0.117342547278612 0.490667861117504
-0.0218533991782793 -0.00524034028556321 0.135219709389359 0.240110918897326
-0.0134671727627409 0.0102827961446158 0.183914755066398 -0.0707519665842921
-0.00551285603925209 0.00996637478676246 -0.139011204159381 0.0375900384663033
-0.0227419131596351 -0.00447414226011163 -0.0575109020778939 -0.20706226759985
-0.00247629278920676 -0.00212575512398008 0.202529904583647 -0.39866897871318
0.0216584176554676 -0.0194012872212941 0.594740701696017 -0.0209424091417417
0.0396486712431512 -0.0046591188235481 0.433832253107255 0.662596087430029
-0.016509292853909 0.0295020615702446 -0.313867419376144 0.788196637714775
-0.0418677228249668 -0.00867111313728621 -0.537707376968645 0.244653488923501
-0.033490785639994 -0.0250227432107385 0.00695360442552084 0.0565603989389733
-0.021360768041399 0.011900184338868 0.507116094838184 -0.300958246302656
-0.00197262146098692 0.0145118916052647 0.1575570942942 -0.859897641977837
0.0102855704140267 -0.00710393164882328 -0.637546423315456 -0.554548850077736
-0.0130159435001234 -0.0160583540097262 -0.63370118287028 0.272722818513311
-0.0221691093300017 0.000853584124355882 -0.128574462278149 0.490049768835585
-0.0218950579467069 -0.000438775624663143 0.128765767300327 0.245043280379323
-0.00906594120708631 0.0154407232351661 0.183278343773522 -0.0715755049895711
-0.0175061492883986 -0.00223716235229473 -0.151404447886991 0.0544024288535792
-0.0143835236527195 -0.0111415675408981 -0.0781349084579826 -0.184441564793109
-0.00357503915841028 -0.0249561282888647 0.114923837119669 -0.451254585846499
0.00177048577996513 -0.0267022385183824 0.541229477908996 -0.220258772440938
0.015877123404656 -0.0180883233036514 0.600868402846216 0.476811242523656
-0.00947328922568104 -0.00115704834732314 -0.062432656850356 0.829963305951649
0.0121608418689301 -0.0411129527786658 -0.484356602064134 0.362019782960139
0.0389962278226741 -0.0400849138587004 -0.0434402148117523 0.093188047316328
0.032110990204825 -0.0211062762994061 0.533303158077212 -0.168814500196808
0.00121886881869308 -0.0167414527291652 0.41069032894632 -0.785540112762857
-0.00578416097801663 -0.00654629330793408 -0.444855062922304 -0.755797600624349
-0.0234939654879375 -0.0266405862856478 -0.70573415718739 0.052857957839349
-0.0161434532987718 -0.0252895065179016 -0.243658372726916 0.440281041276737
-0.0128027576451114 -0.0124818108739658 0.0935949310450433 0.277374269114745
-0.0283929441634668 0.000314008248639981 0.184320511040409 -0.0457008114062679
-0.0192387788591484 -0.00474127956719114 -0.149904158965726 0.0499379575524381
-0.0180042117137862 -0.0155422094740268 -0.0691176519731464 -0.191082023380879
-0.00188835715107544 -0.0244601931226804 0.140844892924415 -0.447533407347224
0.00830843065865199 -0.0268247656534509 0.557186895584664 -0.174117410104001
0.0197670779495793 -0.0180713151205592 0.561570908422388 0.53173544306732
-0.00957341655389301 -0.00602127087856758 -0.125916995309709 0.830193265085738
0.0147608178167191 -0.0466068413994486 -0.496377022253046 0.335644553854868
0.04116463521243 -0.0444675469687303 -0.0267104255772033 0.0867348692714538
0.0313043933643352 -0.0262791646657525 0.534250319540824 -0.199709916519231
-6.42218962297152E-05 -0.018835628176804 0.348126648314806 -0.808397520508529
-0.00360327391705358 -0.0070521897362983 -0.505056954443931 -0.705613496749579
-0.0205850229921474 -0.0243829209736637 -0.696131266869907 0.11340849531113
-0.0157504393358906 -0.0235337321118715 -0.214118970891969 0.450801343302184
-0.0144176088237585 -0.0153394202046408 0.105854558021449 0.2678528401701
-0.0280536164280285 -0.00356092455667426 0.183795236296218 -0.0508219638572265
-0.0194301215462861 -0.00546842290640242 -0.149095102274378 0.0457980170554015
-0.0216077592233038 -0.0181554280860719 -0.059059447786427 -0.198646791318404
-0.000608219336137897 -0.0222281233442866 0.168242012955954 -0.437471876291812
0.0151309622611635 -0.0267073799849089 0.569069918699812 -0.118550425517457
0.0253440958815961 -0.0167628073454176 0.510795703502787 0.590225180528018
-0.0101781024337953 -0.00790966206949349 -0.198557415736788 0.821753764276421
0.0119754859096178 -0.0467268780406502 -0.511793127045685 0.303400403889927
0.0364984072922013 -0.0465425812186357 -0.00946227056527606 0.0788005956333927
0.0261027841617242 -0.0272076783827721 0.529821544192071 -0.235299966280572
-0.00168125246043372 -0.0181335584302986 0.276407028139364 -0.827475069502531
-0.00156185510189546 -0.00841574193386681 -0.564150971010174 -0.645400782722423
-0.0168171299590044 -0.0224824728436609 -0.678376003932435 0.177865355785713
-0.0166847611118672 -0.0195100126643743 -0.183969758106575 0.462514788199741
-0.0164972628965151 -0.0168774275236735 0.119333583658094 0.25897083645221
-0.0266693895226156 -0.00459398936339746 0.183010019641499 -0.0560896696569644
-0.0177802159404381 -0.00471691250140387 -0.1472711646918 0.0406208875737343
-0.0227976558499305 -0.0189666855227744 -0.052387419784951 -0.203973190588036
0.00063132574110472 -0.018525662738207 0.190056527648253 -0.42605527681392
0.0207627299067699 -0.0239292666223006 0.57966147170133 -0.0696906493452662
0.0303251170269427 -0.0147129478132934 0.463273746275626 0.634297741195152
-0.0100733896192186 -0.00429374732818933 -0.260731444230092 0.807986216058662
0.0052039095886331 -0.0436334184375815 -0.522505461101162 0.272955323723539
0.0257634323150051 -0.0463107841256025 0.0044495907172137 0.0710483297986832
0.0171089551378543 -0.0240076865927163 0.523740054236 -0.265479770291133
-0.00355218322168698 -0.0143472346979341 0.213781503618442 -0.841091596075877
0.00178191011203208 -0.00856503989758567 -0.607751295640097 -0.591112328658722
-0.0136198172816135 -0.0212022140168523 -0.659353295764712 0.232120569136384
-0.0171605901292613 -0.0148635293898009 -0.152445367336768 0.47360452556572
-0.0189937089428265 -0.015398069497657 0.128901187512673 0.249672360971429
-0.0245844505997698 -0.00391095383646664 0.182543591178737 -0.0613799291725534
-0.0147415644981006 -0.00171119046148446 -0.144862270816447 0.0370638117663767
-0.0240345984969374 -0.0176236812935889 -0.0489009287092791 -0.207902357526105
0.000996511188940985 -0.0130559530462799 0.204394131143412 -0.413764595557581
0.024569551446887 -0.0218955223682954 0.581903831307656 -0.0318529986196358
0.0347176739375002 -0.0117107136713659 0.426256749076867 0.664934897927633
-0.0107769178641835 0.00129947434054629 -0.309012714746212 0.791499002721818
-0.00499675583194006 -0.0366490752120096 -0.530684041482766 0.249171617721238
0.0121719732335495 -0.0435023359994872 0.0132768643718666 0.0646105286338693
0.00690566730441836 -0.0175949883373621 0.515852886585669 -0.289576382964327
-0.00359959613725392 -0.00927379206909261 0.167358135624052 -0.849236114203292
0.00465666328602816 -0.0101699783456448 -0.6386956426397 -0.5487075678494
-0.0117447695365875 -0.0193688001506322 -0.639511105821688 0.270097802390961
-0.0185700930775645 -0.00965802086308147 -0.131565085362291 0.480036231996407
-0.0210589135500326 -0.0126719115504391 0.135152663452341 0.243157210628355
-0.0210903898712031 0.000192335019665662 0.182567270803493 -0.0664759400959473
-0.0118568648470663 0.00177228721184041 -0.142554360514731 0.0340452560376413
-0.024020340677677 -0.0142275963325224 -0.0484768516124515 -0.208605547861429
0.000205614530514305 -0.00818879736444348 0.21464484170629 -0.40415873895077
0.0264124479695007 -0.0192115639304884 0.587139959921904 -0.00716117715276424
0.0384915460994543 -0.00865277738435494 0.407525672107222 0.682325740899033
-0.0123998807532018 0.00932110898247887 -0.336294213669106 0.78078212197772
-0.0183028766646722 -0.0281028215302593 -0.535167459003521 0.234468952988083
-0.00444191044418231 -0.0393871751408496 0.0170593123881863 0.0587332856409987
-0.00310789020825672 -0.0083327326508801 0.508989793662498 -0.301785662664868
-0.00257282461256013 -0.00195098925639349 0.139713584023895 -0.855186519385472
0.00664693848970159 -0.00951768112183994 -0.651196659070623 -0.526833700482306
-0.0111920740394411 -0.0177510670674509 -0.62842435279209 0.29129434460355
-0.0197704307707104 -0.00454212711125793 -0.117748364116794 0.484172704706588
-0.0224830893119257 -0.0098659069401347 0.137032345357107 0.240224716892225
-0.0161643577911506 0.00445685859567909 0.183550761482054 -0.0681703567523478
-0.00868922737160999 0.00610888030176118 -0.141530823611308 0.0341455604615633
-0.0240627660368073 -0.0100235206114083 -0.0511303137920821 -0.208406131248449
-0.00116713436797972 -0.00409551528537372 0.213091763251525 -0.398970984097118
0.0241554100057408 -0.019525242358241 0.589595029097671 -0.00299683682622002
0.0394963245083761 -0.00578233214498189 0.407676996346759 0.678071041126417
-0.014429765330968 0.0197568948565703 -0.339009960605452 0.78040483577373
-0.0308569897265875 -0.0192481471513319 -0.537306492955831 0.232724224462246
-0.020579483165697 -0.0321433103262667 0.0149420935953744 0.0561465973703726
-0.0126216057495401 0.00143964902839751 0.504615343001129 -0.307778920166075
-0.00178048190505109 0.00571288434434104 0.136177887707558 -0.856747225431094
0.00891269735388917 -0.00882356951955051 -0.65204821664906 -0.530482102521561
-0.0117221576468491 -0.01687310587194 -0.625581937344576 0.290901641960102
-0.0212730439704317 -0.000504726402178975 -0.118740869274715 0.489348621349803
-0.0229734306742909 -0.00502917193908202 0.135341146252984 0.241362582011378
-0.0131180985689725 0.0107541617717044 0.183557327833802 -0.070298267148624
-0.00468755556183066 0.0104202424373424 -0.139659265000438 0.0362787839001076
-0.0225339175381506 -0.00438330148104342 -0.0572076073155049 -0.206727228758202
-0.00273859494553447 -0.00126295381418536 0.202291186688061 -0.399989544526055
0.0212530771608802 -0.0195104585552243 0.59196579213836 -0.0212652570094841
0.0389730662408202 -0.00397486706299927 0.43472540625574 0.661679234782468
-0.0159054776392646 0.0296170525723937 -0.314079062935067 0.787732696505896
-0.0423986840296675 -0.00841441754430742 -0.537636608790949 0.244386532266663
-0.0342010379351453 -0.025739349848959 0.00742570373383835 0.0567716471924289
-0.0207460473501481 0.0115193714134885 0.504381838056523 -0.302820570836069
-0.00196562858028996 0.0135594485036291 0.157346069293277 -0.858363101952653
0.0102245121549136 -0.00696428076874029 -0.636625421449637 -0.555579140721518
-0.0141452871376088 -0.0163100270360417 -0.632803592757737 0.271293324120178
-0.0220358814741007 0.00124257030575908 -0.126584094531814 0.488776853781442
-0.0221075843160134 -0.000109351741205566 0.128827825194472 0.245596491518412
-0.00936925207570824 0.015765994841551 0.183282012299203 -0.0713782390365105
-0.0179461823432716 -0.00202957108335575 -0.152380723814506 0.0530232993877313
-0.0142823084464113 -0.0106926134455524 -0.0792324484009426 -0.184865980793389
-0.00373537078711771 -0.0245349047546637 0.114004310846254 -0.452109637147943
0.000947026789069825 -0.0264184400183935 0.539662358396731 -0.220472361921186
0.0158336963821579 -0.0169612379471175 0.59917835965083 0.476517902459838
-0.00913354124122854 -0.000991356378338054 -0.06365193913593 0.829678634831845
0.0121544757072873 -0.0414494390087913 -0.485698385651876 0.362027511591034
0.0383251067718099 -0.0403879949478453 -0.0434981739292386 0.0926404580967024
0.0325614436355397 -0.0215602051454957 0.534041614329043 -0.169091020837561
0.00151666942887164 -0.0160083187702883 0.413640974415474 -0.785372839809504
-0.00540768822993799 -0.00607988885944515 -0.445230948232751 -0.756451189644027
-0.0236960470946484 -0.0259374003615768 -0.7038508850355 0.0509239961089098
-0.0165805047972747 -0.0249894863125734 -0.243546514528903 0.440657938109829
-0.0140129504281675 -0.012352600934074 0.0935340252603071 0.277751651261125
-0.0284508087764739 9.83919854275761E-05 0.185211397603527 -0.0443639515144819
-0.0188617488363001 -0.00475704475570544 -0.150705278470568 0.0495945410372506
-0.0178565864116598 -0.0145446015434525 -0.0695131662997462 -0.191520704575469
-0.00220131457266618 -0.0245993782119087 0.139757641300033 -0.44708220489368
0.00795919813098337 -0.0274815532242365 0.555921406939429 -0.173016757433024
0.0199615936812708 -0.018158454079178 0.560647310607731 0.531152189046336
-0.00996750028692581 -0.00558776589210592 -0.126174031767112 0.828864659227561
0.0140347196044215 -0.045879816244697 -0.497908396615162 0.335309910485471
0.040468189343011 -0.0452439876067499 -0.0275031248717008 0.0866584230574961
0.0324612857494307 -0.0263713368208297 0.532664903947737 -0.199825225690861
0.000180718479455 -0.0191337113077636 0.350532088779534 -0.807458497862654
-0.00375785219835221 -0.00795779373167831 -0.502616469490407 -0.706597088094418
-0.0196799892804712 -0.0246135790134924 -0.696681883686117 0.111822669428981
-0.0157325070103911 -0.0234842481631079 -0.215003154575728 0.451657433815697
-0.0147967053835192 -0.0146907947501927 0.105386644634012 0.269323544690766
-0.0282846363989258 -0.00309988382405205 0.184639950555466 -0.0502336023906023
-0.0195118783249611 -0.00566647045116802 -0.149377945839583 0.0447347533704294
-0.0206434791242253 -0.0177828926372574 -0.0599384094821143 -0.198780016418459
-0.000260520343498822 -0.0225501281257902 0.166904551793356 -0.437132531714595
0.0144503009209979 -0.0265916727266434 0.569150008813365 -0.119160903278656
0.0246936727529165 -0.0172473396148051 0.510616953381323 0.589428376817196
-0.00936083258867748 -0.00703355304118926 -0.196824308076919 0.820909529574284
0.0120133642223915 -0.0464669844900375 -0.510833911259485 0.302284662421974
0.035898906371812 -0.0467515603435196 -0.00948983350561479 0.0795152272288065
0.025923925076438 -0.0277383539738922 0.53012188860398 -0.232674219053386
-0.00232180386800366 -0.0178633568180054 0.278397797485487 -0.825982710080462
-0.0011386858891365 -0.00783388106203764 -0.561812226056197 -0.645040504742031
-0.0156539700859658 -0.0225461529936005 -0.680250080111351 0.176184702919273
-0.0162552907159055 -0.0197082312042408 -0.183593599680048 0.464035404220927
-0.016043408161911 -0.0167856610882644 0.118187083934864 0.259618497673344
-0.0266942506301605 -0.004302427682554 0.183102463926814 -0.0547986006683078
-0.0174280822798558 -0.00470285344392453 -0.147656110279148 0.0394356520993469
-0.0225627885843465 -0.0187786142113896 -0.052896722615877 -0.204416198325282
0.000276262077168926 -0.018248948584589 0.18964368513966 -0.426024572930812
0.0206830693868723 -0.0249232677684593 0.577584562075636 -0.0690803028677387
0.0300331042530512 -0.0150623249594052 0.46286695201203 0.634849101882897
-0.00945370471277952 -0.00419204978444083 -0.263280290780583 0.806201734224829
0.00440472128430584 -0.0431491574864232 -0.521637147661095 0.271301706487103
0.0257568771807404 -0.0465634091144202 0.00356105251507017 0.0709922503374705
0.0173978299097247 -0.0245546455253528 0.523585536362118 -0.264168792188497
-0.0029819801511225 -0.0146902897044272 0.215040290854173 -0.840325236154794
0.00133422453070586 -0.00843695470387176 -0.60970872426198 -0.592670347080958
-0.0131849477150296 -0.0207895992000098 -0.659350155103894 0.232473840174495
-0.0172199676409708 -0.0143768536844842 -0.154022010529149 0.474486470938054
-0.0195401758935823 -0.015804424464123 0.128413502362627 0.250449508179431
-0.023830459509297 -0.00299099264896612 0.182742627267545 -0.06056771648556
-0.0147116261701232 -0.00165137671393983 -0.145059922367502 0.0361224912803209
-0.0242024328024943 -0.017421323901767 -0.0491670192631391 -0.206892885892057
0.00066031162262908 -0.0136207560585584 0.204558368010714 -0.414673946261642
0.0244901022440802 -0.0214697770971871 0.581695214713657 -0.0296856344286888
0.0345147573793937 -0.0115831324306181 0.425088749926698 0.664326227511477
-0.0103562354359816 0.00183451364703753 -0.30898742918761 0.791618062223385
-0.00555907715113744 -0.0365484837329365 -0.529356107556017 0.249069015996565
0.0115371113599392 -0.0433406094349461 0.0135657639766952 0.0636322592595035
0.00731030634633478 -0.017529840444629 0.515599149263701 -0.286429505233194
-0.00360739301610274 -0.00904010236072314 0.168109873631651 -0.84989581909071
0.00458142652867702 -0.00991282528783876 -0.638168991975496 -0.548904273126172
-0.0113890946978088 -0.0191894505512363 -0.642107832162298 0.269313806741804
-0.0189642260188183 -0.00956869414761143 -0.131612912181431 0.480627538478598
-0.0213330038296719 -0.0132988153746821 0.13614570494687 0.244899661888256
-0.0211875620712802 -9.74857825530757E-05 0.183253198691418 -0.0646399140523412
-0.0115965495601357 0.00177499009904364 -0.143822360423314 0.0335073772671712
-0.0242410089819696 -0.0143751756270149 -0.0491584805835451 -0.209078215691193
0.000320685112552162 -0.0078852444748384 0.212332279429005 -0.404754395593081
0.0259260244777242 -0.0191659525173249 0.586552253166581 -0.00563192969648187
0.0380536290455257 -0.00840176137490757 0.405662461633616 0.6805530899043
-0.0125954165988907 0.0100733981855112 -0.336307033218921 0.779562154533924
-0.018519235002712 -0.0286662820776658 -0.534260137679848 0.235341334235758
-0.00451827629001822 -0.038844619283656 0.0164958459137794 0.0592613433203038
-0.00343298940277703 -0.00838053502092519 0.508833263302278 -0.301960255849936
-0.00294755564071252 -0.00184996875069048 0.142224561912602 -0.854478517023575
0.00745642028856304 -0.00976817763504951 -0.651788525044548 -0.527884208797843
-0.0110400901312246 -0.0181823223859712 -0.628025504786573 0.291103990722231
-0.0198549360462078 -0.00444350666164274 -0.118619908724436 0.48457754849527
-0.0226467333081525 -0.00946986117969669 0.137349083078455 0.240411798173128
-0.0170383147471184 0.00464663352771853 0.183475727144968 -0.0673680907289221
-0.00866524441843684 0.00706483996745513 -0.141164698001754 0.033780999309568
-0.0235600352531501 -0.00935749602277885 -0.0514283761235197 -0.209207356464329
-0.00109476617020126 -0.00318137221835427 0.212093764134186 -0.399109426981672
0.0243089979434329 -0.0182825964332497 0.588619716438531 -0.00247485237986273
0.0400619688315461 -0.00549762633239541 0.405956647022951 0.68024412403166
-0.0143080234600663 0.0195790478930196 -0.339208031076636 0.776720767797056
-0.031460363025368 -0.0186356671730253 -0.538364636844333 0.230793488903797
-0.0206034900175234 -0.0327396566084438 0.0144356551786416 0.056485294380861
-0.0129232684635234 0.00110374668531092 0.505588122906422 -0.306799229082567
-0.00246289878148267 0.00605679508064668 0.137474418476514 -0.858242227271983
0.00951881072679048 -0.00888779217210258 -0.652385828847996 -0.530645853343055
-0.0110460407711205 -0.0170151606123278 -0.626685686248248 0.290728936596096
-0.0208279104851984 -0.000973080593216965 -0.119085918249715 0.489829430053308
-0.0233720142619482 -0.00491276361741142 0.135913166337172 0.240537383424397
-0.0129829644459724 0.0110807531249277 0.183327589378155 -0.0697177071665509
-0.00611265726209539 0.0105620351154591 -0.140814334697274 0.0358654248903661
-0.0225180740885124 -0.00426363399474418 -0.0583122540186633 -0.207911063951656
-0.00289457478029165 -0.00122162541164176 0.199956863436772 -0.399279256412554
0.0208606650747096 -0.0189900562450752 0.592093085449893 -0.0198488424904319
0.0390881289388697 -0.00464743617825534 0.431562255512268 0.662403548165419
-0.0158245983945026 0.0296261483490709 -0.316365074392829 0.785986658179565
-0.0427590482256535 -0.00810466089661221 -0.536982600458109 0.242154274574665
-0.0350245297637937 -0.0253573966402608 0.00671631281598334 0.0570799137785939
-0.0206932143104998 0.0115878328126694 0.504270968556308 -0.301266482036493
-0.00164385884147651 0.0134814252513183 0.159229107315109 -0.859271901870775
0.0102607920188227 -0.00661273309454113 -0.635282305327158 -0.555708950589516
-0.0133025844718823 -0.0158953365560063 -0.63278513794559 0.273017250171602
-0.0220909681653875 0.00125771213281184 -0.127934867495666 0.489874042766591
-0.0223637838168986 9.5743151828729E-05 0.129058685079378 0.246014597820487
-0.00966685888729371 0.0164025203111576 0.183905175885982 -0.0696872491191285
-0.0179606644550154 -0.00200777816264623 -0.152875552100826 0.0527342722382164
-0.0138079057713479 -0.011448049018545 -0.0800766603042637 -0.185744805653103
-0.00415842588695205 -0.0244057258536694 0.114086648280767 -0.453847348082281
0.000942005002970684 -0.0267175599354038 0.540947603979213 -0.217883582571345
0.0156303298977916 -0.0177117228656603 0.600054794733247 0.478560038716968
-0.00928159093467662 -0.000922230407167041 -0.0659302563971894 0.829312997918414
0.0112108363787165 -0.040967602321203 -0.485403404824862 0.360652385273677
0.0378026377669649 -0.0409248814689043 -0.0448282302028234 0.0929687969492272
0.0322750059960872 -0.0224015443513538 0.533653864142499 -0.168265263044567
0.00113985391257245 -0.0164824513375913 0.41387105505485 -0.785845963708176
-0.00543049507882031 -0.00597174690211736 -0.443719626632401 -0.758992100612331
-0.0241053624248766 -0.0262979806684902 -0.706619356603237 0.0500242225078174
-0.0163796434508717 -0.0259122898200638 -0.243411920555333 0.440370419104764
-0.0138762613083051 -0.011990174847648 0.0936102565563059 0.278964114974148
-0.0281912236066717 0.00118690808238653 0.185397719846735 -0.0442332499507069
-0.0195987217681907 -0.00452284717410636 -0.151988825175504 0.04885335488925
-0.0181525085755882 -0.0155706844876052 -0.0692139034855829 -0.192395694908664
-0.00247941630760036 -0.0242148811135106 0.139759336559789 -0.447162501349488
0.00724927535406084 -0.0268003377288591 0.556552975782963 -0.17156396575515
0.0197089355860693 -0.0177267859302155 0.560769243865099 0.533101670292171
-0.0093571782108401 -0.00544277660857243 -0.128339113915978 0.829926889026994
0.0144169790526755 -0.0464476304840102 -0.498658279551662 0.333984248901907
0.0401828587743893 -0.0452764894010711 -0.0273917911076754 0.0861935646893275
0.0325339591549503 -0.0270509745542177 0.534453724747937 -0.199696740865362
-0.000287168500537827 -0.0191146553853233 0.351571489694598 -0.808078232775941
-0.00368620719939022 -0.00726776223474562 -0.502246753262269 -0.709818615134117
-0.01986198859916 -0.0239175191942206 -0.697442501741195 0.110863902985834
-0.0156154260507344 -0.0239216682477328 -0.216677027931059 0.451332897979374
-0.0160827170373373 -0.0144086160204713 0.106416017119884 0.270367001798203
-0.0284356390005005 -0.00271572678320917 0.185098618200587 -0.0489419298970675
-0.0194390992014405 -0.00539941757263358 -0.15021714150734 0.0442683881796083
-0.0208721784056903 -0.018459432061289 -0.0605178188116405 -0.19952108958384
-0.00108147608227984 -0.0226339275241704 0.167414111726232 -0.438029483361394
0.014645144706843 -0.0258964132160838 0.568243264237483 -0.117461902695536
0.0248176565416931 -0.0168413963868893 0.509155751089477 0.592093944472873
-0.00927483198843203 -0.00723672651129333 -0.20181543449168 0.820127990885175
0.010981788457664 -0.0470646568422704 -0.511395622888369 0.301229308906209
0.0358465650122445 -0.0481360464352574 -0.0103335175334285 0.0787813268350507
0.0267030236813764 -0.0280801041182674 0.530269802136662 -0.233759528572415
-0.00156203257678211 -0.0179295679842792 0.279612787689277 -0.828302477868706
-0.00125143957145482 -0.00809794405611472 -0.561365864026711 -0.646920326873339
-0.0160195345964678 -0.0221601235116316 -0.680202294409377 0.17563792594287
-0.0160546326977203 -0.0199344941101803 -0.184550020018181 0.46285759554786
-0.0174728251188449 -0.0163044857614918 0.118904721000478 0.260160720091869
-0.0265106067053534 -0.00385293926792993 0.184073607717709 -0.054634515029672
-0.0178124155126478 -0.00415318257528653 -0.147921087480001 0.0389401414198751
-0.0232756814982271 -0.0189494898448087 -0.0527106604145037 -0.204661489700784
0.000112107905080367 -0.0177846414781899 0.189169817186465 -0.426462949637938
0.0202475362370321 -0.0239249693947507 0.576841955528494 -0.0673040923719317
0.0304616837610984 -0.0150628549444353 0.46323989766553 0.6367102262741
-0.00968031898915465 -0.00420643419480811 -0.264868636200901 0.805836744779479
0.00440774302348636 -0.043275755952108 -0.522970655748293 0.271076971754172
0.0253110873609914 -0.0468546432564867 0.00379576684295819 0.0710300243648934
0.0172872393880315 -0.0247764596936266 0.523689865673067 -0.264224255345691
-0.0033881271859576 -0.0149281080959536 0.215137049037531 -0.842486132232682
0.00176310343820148 -0.0087161627810904 -0.608295741201558 -0.592762396111546
-0.0128876062900487 -0.0207759815893082 -0.661218537567601 0.231566638362206
-0.0176609107023517 -0.0150543073071598 -0.153665428793828 0.47245696528266
-0.019692578217354 -0.0157548646120111 0.129427026839316 0.251368521722229
-0.0244384522179963 -0.00272184150874569 0.183607342214216 -0.0605490796637788
-0.014905901904067 -0.00122249586080652 -0.146105173719028 0.0356074729805583
-0.0247492587790925 -0.0173066609475718 -0.0502193189729722 -0.208183010396745
0.000694131730013361 -0.0132623544777998 0.204469619193022 -0.414946129314586
0.0242419270591902 -0.0219010724595471 0.581189520747342 -0.0283939913224395
0.034777725845976 -0.0117252701064666 0.424840027167362 0.666226446141539
-0.0105000624340123 0.00238154578792066 -0.310669788232463 0.789938132492667
-0.00540169256529327 -0.0373420854531682 -0.531025474410069 0.247641308582969
0.0112475641683784 -0.0448698474495426 0.0125842444221033 0.0646900533037546
0.00700165084757127 -0.0182241765224076 0.515763712156615 -0.288010883213812
-0.00330747095034397 -0.0092181440767195 0.168331156148535 -0.851402130432753
0.00429876880929844 -0.00926505666812843 -0.639836675009977 -0.551244459636093
-0.0110641845099266 -0.018677928101883 -0.641102734588269 0.268903417979514
-0.0188431282965733 -0.0100509027729296 -0.132306387774371 0.480497822895004
-0.0223376213292454 -0.013198680371162 0.135391673546321 0.245489696865297
-0.0207796707979171 0.000302290201401615 0.183795119300352 -0.064287169932598
-0.0120491663828156 0.00261992725442692 -0.144535811923635 0.0328855529076593
-0.0243213471208435 -0.0143340417679386 -0.0492858114327977 -0.210070046262686
5.1931155929651E-05 -0.00795481969509332 0.212930325852422 -0.403818606047405
0.025325905622814 -0.0196935479367085 0.587123764898082 -0.00313854576077467
0.0377767818428517 -0.00837419521737734 0.404918003816184 0.683223758825033
-0.0125861518620366 0.0105894752030746 -0.338005544667321 0.779042748663068
-0.0191649942811298 -0.028438998643061 -0.535184153817531 0.233633392256163
-0.0056478797427281 -0.0392951141100097 0.0168264945527044 0.0592371200993183
-0.00319021834635052 -0.00938716192021101 0.508560974182907 -0.301860607397558
-0.00316545988364835 -0.00233978668308315 0.140840557561251 -0.853977802248795
0.00743661388442999 -0.00959986103575906 -0.652049991292437 -0.529617330629713
-0.0105741827405155 -0.0182440348376041 -0.629743611438029 0.291070891837978
-0.0204024026670403 -0.0050876215567762 -0.119454341273179 0.485342832902619
-0.023600047482867 -0.00896177267737283 0.137512943204503 0.242174401774955
-0.0165686409118213 0.00549007281659511 0.184298717598831 -0.0665040257160647
-0.00874260185702866 0.00692026535495985 -0.142542136772705 0.0331234294243416
-0.0240679227071082 -0.00960514009574019 -0.0522751711485299 -0.210188232150811
-0.00151120795720575 -0.00334978581129635 0.212258248018256 -0.398675183676799
0.0243094996399898 -0.0186182168896885 0.587417263858168 0.000130471964629826
0.0391593264055663 -0.00567404145007648 0.40496482713336 0.680912313163449
-0.0142417442823201 0.0202296597368615 -0.339793380210424 0.778015177261964
-0.0318898247278646 -0.0187607544456314 -0.537766305022021 0.231029152771932
-0.0212329576329013 -0.0332735292881025 0.0144434652962138 0.0563520932233348
-0.0125502873037118 0.00115852792097303 0.505314747145928 -0.305116394577554
-0.00224402007305809 0.00558019609836333 0.138616884040079 -0.858566070503054
0.00943529937375253 -0.00868169360025759 -0.651127394447708 -0.532891835709235
-0.0109435215712794 -0.0165299675167853 -0.627137765481701 0.289787851190162
-0.0218410460981006 -0.0013149771831247 -0.11879923399615 0.489108317857522
-0.0231824637784566 -0.00411206436320312 0.135192435660047 0.242393610661461
-0.0130333657572031 0.0110192823146147 0.184855358345241 -0.068151367652004
-0.0054566276683768 0.010674204148536 -0.14138979569001 0.0353229576652813
-0.0226447851552475 -0.00428218681509215 -0.0582546480284412 -0.208467592007421
-0.00260035140993405 -0.000869838222910825 0.200106503405301 -0.399560186737476
0.0207411659852079 -0.018592008402041 0.59206347373689 -0.0170286777221862
0.0395546778477157 -0.00463277881348395 0.431333920904971 0.663835873027937
-0.0155135727534775 0.0302409458413282 -0.316593347977789 0.785384762956158
-0.0432759513740371 -0.00840545211598546 -0.537442760326028 0.241699356949311
-0.0356895491526303 -0.025901297379681 0.00622988488486248 0.0568686393013569
-0.0215275173656728 0.0106984306343652 0.506065395024618 -0.299446714953274
-0.00154423731854446 0.0139059214582757 0.160884174282025 -0.858609469170919
0.0106618677234407 -0.00671639348779359 -0.636318534495031 -0.55933585366648
-0.0133304298011946 -0.0157142747606691 -0.635073822877562 0.272595354000869
-0.0229350432925135 0.00125349232598958 -0.126850118677919 0.49177690346318
-0.0230390441112665 0.000104380728029782 0.129344026154427 0.247001806883183
-0.00979042368744677 0.0164607306491728 0.18457474145849 -0.0686931680586369
-0.018349132549197 -0.00155615269304114 -0.154389207179405 0.051995027472663
-0.0139203939033562 -0.0115984814219682 -0.0800837944112539 -0.186808487400374
-0.003988971389353 -0.024843213602804 0.113869918751852 -0.453869679825442
0.00147485629423563 -0.0266187833502137 0.540920217873687 -0.220328749804144
0.0154486408423536 -0.0175977920967933 0.599850301089212 0.479692843222295
-0.00942804392997034 -0.000833926538482533 -0.0665907629492122 0.83121338548098
0.0113531011913009 -0.0415417712695306 -0.487231580075616 0.361334416210437
0.0376184987931471 -0.0410990972270983 -0.0449646620786275 0.0928218194588424
0.033163732066468 -0.0219989468618896 0.533380165088 -0.168087214826185
0.00179703478269057 -0.0165810181868184 0.416815155546471 -0.787203264120616
-0.00576553484107974 -0.00596790759618528 -0.444394016295121 -0.762133429961347
-0.0239706451921494 -0.0253228726134935 -0.707709839921993 0.050224913714066
-0.0155416853706916 -0.0255949424998792 -0.244358700702084 0.441305822757609
-0.0145610832826744 -0.0114203097989906 0.0937482370395336 0.279756642037556
-0.0285284380754934 0.00140414206742093 0.186741247691468 -0.0427366286578868
-0.0196568888454787 -0.00429578769280786 -0.15355684235396 0.048285727369801
-0.0178442675345786 -0.0151860821616103 -0.070231434794591 -0.194091858374678
-0.00287162089250834 -0.0244342722133575 0.139204011944599 -0.449862111136188
0.00745924734838476 -0.0271441986722218 0.55860070216658 -0.170946907025635
0.0199080422738812 -0.0179965296631442 0.560142912132827 0.534619511220416
-0.00948967389265868 -0.00530661834390241 -0.129878240331806 0.83021063578186
0.0126039824817779 -0.0462093451339667 -0.499611602962597 0.335178222143767
0.0398488926652622 -0.0452662999291942 -0.0286851481174773 0.0868226653696808
0.0323993367435302 -0.0267602775705836 0.533808289852314 -0.198588628880754
-0.000437009499281372 -0.0189674269223096 0.353876740385693 -0.8089221362029
-0.00332056796433853 -0.00634872697307804 -0.50332409463559 -0.712441901032526
-0.0194482152991923 -0.0239578619682608 -0.699683897448859 0.110568759242056
-0.0160761828821189 -0.024019178955959 -0.217123826640763 0.453919196510731
-0.016183628758215 -0.0149320421762166 0.106722772756883 0.271492049175701
-0.028172487867067 -0.00237043188545545 0.185706277636899 -0.0479912395275931
-0.0195114570781578 -0.00474885182705719 -0.150999194152382 0.0428736704000441
-0.0205846026553475 -0.018185983721447 -0.0604426194236487 -0.200282900631232
-0.00120610137259106 -0.022237535859426 0.164948694546064 -0.439452610245648
0.0137483779552928 -0.0255624865570015 0.569780437685579 -0.11588884636851
0.0249986173994894 -0.0172309922992925 0.510067145155766 0.59376491104876
-0.0091193212271218 -0.00576112586069629 -0.202639509261866 0.820601834342166
0.0097106770282097 -0.0467463762986668 -0.512256343807425 0.301614021310871
0.034957336868827 -0.0471801737614344 -0.0105862895795552 0.0793203465631872
0.0265134867767939 -0.0278507318798154 0.530988395234285 -0.233472171335861
-0.00182912025055474 -0.0183338680449352 0.280399294355248 -0.828696340692591
-0.00118365805747619 -0.00730220888580825 -0.562014629546815 -0.652168098433741
-0.015995801737457 -0.0223696760837644 -0.6815430857985 0.175517686868421
-0.0166170747039568 -0.0194649350212129 -0.184258065337822 0.4653450592099
-0.0177922797801103 -0.016298076374008 0.118719299614549 0.260820385079516
-0.0269610860035526 -0.00399012034731361 0.185412055479085 -0.0534097249697924
-0.0180548105106602 -0.00390603528901305 -0.149437839626076 0.0383605940330028
-0.0231149725975603 -0.0191372861728231 -0.0540388896299363 -0.205794739622541
0.000171094123527117 -0.018319378627981 0.188835497394729 -0.427598440678398
0.0199226286800285 -0.0243393833382162 0.579156310540139 -0.0661857612275435
0.0308095613363415 -0.0150421743389624 0.462031465825965 0.637433776432332
-0.00966083755194473 -0.00355500640156216 -0.266553901884553 0.805919560721116
0.00405197125801425 -0.0438601514274542 -0.524293343174457 0.270258722789773
0.0248896998906653 -0.0470222377727662 0.00295717268993368 0.0717366233696193
0.0176683936723346 -0.0249506451249558 0.526054871633633 -0.263843813329022
-0.00308453514928195 -0.0145757666415771 0.216573113288486 -0.843193585370592
0.00219091608238789 -0.00862929216200614 -0.608832835440942 -0.595803066025936
-0.013242095911833 -0.0205108710368059 -0.662517143293202 0.229906989504354
-0.0178187199012125 -0.0151019952276894 -0.154090026611961 0.476763396801206
-0.0209836226142273 -0.0155348192807595 0.129683923126828 0.252789011988049
-0.0247437204669591 -0.00287829608681115 0.184311317396182 -0.0594741668917841
-0.015083754816502 7.63046943076493E-05 -0.147408290294833 0.0347501835829406
-0.0240862060854315 -0.0176997784801116 -0.0508402447426688 -0.209031956650243
0.000120734951365604 -0.0129721827707528 0.204279562397532 -0.415643734029515
0.0235581588180387 -0.0209888906779902 0.583464797807729 -0.0266600996628698
0.0347643591323719 -0.0119243289763101 0.424064282458208 0.667893889610429
-0.0103867399326911 0.00242585397753147 -0.311729955062334 0.790840313542109
-0.00605744978064811 -0.0369582138165493 -0.531187035332055 0.247963897745655
0.010796304760689 -0.0446379274528356 0.0125484737601189 0.0645158731208557
0.00758205071043892 -0.0186874181610597 0.51680659370112 -0.288079222485768
-0.00290753562029594 -0.00951346001911957 0.170679755966231 -0.85278802394145
0.00496913618296397 -0.00985191213763657 -0.638980284392089 -0.555095470910513
-0.0110627197806514 -0.0190899110966791 -0.643710208022034 0.269515666562619
-0.0187533309117077 -0.00966188172728674 -0.133967513959568 0.481990422254056
-0.022572121132976 -0.0124298138925925 0.135789897513207 0.24649978676714
-0.0212338213152405 0.00165166242605337 0.185016664262548 -0.0636158235431796
-0.0115569237397477 0.00274931184136868 -0.14584735795034 0.0321445499767157
-0.0241532104728521 -0.0147150935819026 -0.0493316513027806 -0.210578661242257
0.000172638698925819 -0.00761518764848904 0.21259130566431 -0.405651025544354
0.025556701993031 -0.019108973814011 0.586481397713603 -0.00132651551137384
0.0373491573475529 -0.0085487577118022 0.401459935686928 0.68454886773948
-0.0118940921943944 0.0109659795010015 -0.339700323359631 0.781191730736495
-0.0192921810115585 -0.0281925455203987 -0.536405682957619 0.233521731191734
-0.00520270541321376 -0.0392890410163419 0.0163647875535599 0.0593206406129093
-0.00292689715973258 -0.00990695938465729 0.510649247371628 -0.301493474718782
-0.00265211253378812 -0.00221917355926358 0.143515114276007 -0.855674305483782
0.0078899378957239 -0.00938819597245049 -0.651830206797055 -0.531861965766518
-0.0103620562153833 -0.0173411959065054 -0.631650876520333 0.290697922910752
-0.0201915432940158 -0.00522513283878923 -0.119946806057253 0.487805440662336
-0.0241695024544187 -0.00933805862285349 0.1373534927752 0.243168998612047
-0.0161533466013021 0.00530442120421601 0.184832667222027 -0.0664106835999746
-0.00873620142306536 0.00719126662873283 -0.143687903294223 0.0313589390285621
-0.0242622454802233 -0.00967965652308046 -0.0526702601143208 -0.210426754587902
-0.00142160082987246 -0.00358340965417243 0.210571521149813 -0.398950859495624
0.0245235070760263 -0.0180399273293725 0.590283942199305 0.000795434025189345
0.0393381775939912 -0.00617316872217086 0.402628560549656 0.683804915882058
-0.0136859011366989 0.0204797346298406 -0.341978854090211 0.77855645670951
-0.0324521605168761 -0.0180663159399662 -0.538316043911979 0.23035245536631
-0.0225105474860026 -0.0329516492414414 0.014574478998916 0.0565290338121489
-0.0126571829906038 0.000873149734821107 0.505718350327782 -0.307789027266133
-0.00161782662670138 0.00574352085173744 0.139516726227063 -0.86061663683526
0.00961400519558867 -0.00835488901883383 -0.652764632154544 -0.536362909787215
-0.0110869379167745 -0.016404342443457 -0.629463516225571 0.290394332600745
-0.0212601409821552 -0.00166311757773309 -0.119271669834348 0.491635288308994
-0.023988399211172 -0.00447021643719392 0.135766611641704 0.243692513099283
-0.0129310520829856 0.0110479057663512 0.185279814820226 -0.0678997900742748
-0.00548273205510057 0.010920726982069 -0.141299755129665 0.035027102589505
-0.0224791112187742 -0.00465603388560139 -0.0585514736806527 -0.208940571917438
-0.00300386141389353 -0.000593409152804792 0.199688309833895 -0.401251382569295
0.0201930730378924 -0.0181641426220584 0.59281930370048 -0.0175472070285125
0.0397023210920627 -0.00466996771906318 0.429739705244347 0.664559521796523
-0.0150588510726425 0.0299208186829638 -0.318310983431254 0.785951596450409
-0.0434753703380337 -0.00866770906543497 -0.537715015493025 0.24034193521445
-0.0360658815944445 -0.0256342024164356 0.00553476672301819 0.0571389351922755
-0.0209530158050269 0.0105603114683177 0.507602596381401 -0.299206575392092
-0.0014110728947429 0.0139320751078719 0.161367321143816 -0.862295877819849
0.0110282029119183 -0.00614970041272962 -0.638336880618336 -0.560138177883614
-0.0135788646143196 -0.0157343001440456 -0.636086975116243 0.271233455615051
-0.0228735143321901 0.000916300384464117 -0.127540954746572 0.491636190943151
-0.023260140176799 1.23183020603497E-05 0.129514512664706 0.248164951429877
-0.0101470319390632 0.0169938734011309 0.185676636653541 -0.0679142334440596
-0.0183621778401483 -0.00146907236899309 -0.155279806190235 0.0520670009647701
-0.0138552280236139 -0.0114514180520855 -0.0811171977646542 -0.188272408967153
-0.0040197297503252 -0.0239784503744996 0.114256446925413 -0.456416431453036
0.00076075814856742 -0.0267397729999442 0.543510329285123 -0.218851236388956
0.0159898652378318 -0.0178181742032624 0.600962035732799 0.48220351007924
-0.00870211330401651 -9.26283678074156E-05 -0.0675363170292015 0.832542595306051
0.010367044933583 -0.0415323555850144 -0.487916497782055 0.361165803559626
0.0374596636714535 -0.0415864634635051 -0.0454896166039235 0.0933262429148506
0.0331081000930624 -0.0225477307302524 0.535591795964408 -0.168339245885173
0.00132683901021221 -0.01667641542698 0.417888386288493 -0.78947562111592
-0.00473772974845627 -0.00611067111620203 -0.445560531194351 -0.765677178230053
-0.0237049272005073 -0.0259310079032525 -0.711980887208961 0.0481445133796814
-0.016215732506941 -0.0260816339299914 -0.245805539524852 0.443323379894829
-0.0155631715123679 -0.0120387837634017 0.094004930674278 0.281518050014458
-0.0287836290727483 0.00168349058675436 0.187660305646242 -0.0415735049053534
-0.0198987656624082 -0.00377213429291054 -0.154099076102186 0.0473746922237813
-0.0176529739275115 -0.0154024386396309 -0.0707929045943642 -0.195626455230001
-0.00306233186073809 -0.0246015184405475 0.139247924431479 -0.450981522200015
0.00751683375066437 -0.0270431502463433 0.55972294736116 -0.171615911097478
0.0201293534698835 -0.0181708062188156 0.561977321172043 0.538275416948525
-0.00942067903142473 -0.00466302428840422 -0.131059149972438 0.83319847668686
0.0130413741067739 -0.0470815308599653 -0.500683696905001 0.334427959199554
0.0395042969146177 -0.0454339159267517 -0.0285074306946129 0.0873514275004462
0.0324644267736041 -0.0276390338363113 0.537454878098134 -0.199076411348739
6.8325802715305E-05 -0.0194005799534983 0.356491993503747 -0.812249234328839
-0.00391562260332575 -0.00718180440845818 -0.50475415980235 -0.71625211667669
-0.0194802570343409 -0.0236095570948928 -0.702298820737974 0.110792657179177
-0.0161020549689765 -0.0241366861889432 -0.218219598151825 0.45596757307031
-0.0169258804531438 -0.0144727712890828 0.107601224525509 0.273195630557689
-0.028844896272603 -0.00170819772498487 0.187203296268041 -0.0474198065165564
-0.0190149703759908 -0.00497441015713682 -0.15215900308426 0.0428222662896499
-0.0206124667974717 -0.0181002966171436 -0.0616370831605558 -0.202145050725309
-0.00143159673077572 -0.022050364755052 0.166147868598703 -0.440772759947583
0.0142390475151515 -0.0260689477636214 0.571473842442854 -0.116072207048306
0.0249377470019999 -0.0173562868983829 0.510186893009172 0.594932840808121
-0.00917937404353828 -0.00615100608881666 -0.202688627521623 0.821335827341502
0.0104217831924659 -0.0473240892607066 -0.515060744771081 0.30266644304502
0.0341332003664542 -0.0476616425320065 -0.0108967211864861 0.0789937356529827
0.0270687246817891 -0.0288295753260156 0.533363199807932 -0.232798750815926
-0.00140019353967672 -0.0189406658429836 0.283658361653646 -0.832401160077432
-0.000528372082598611 -0.0072586047144182 -0.563139399326276 -0.653877932441267
-0.0158550077828987 -0.0220765639050162 -0.684421886682659 0.175525797359863
-0.0166631018279764 -0.0203729593671454 -0.184495672606515 0.467505397494183
-0.0187921838010113 -0.01599604515713 0.119879573247212 0.263235079092931
-0.0276222368603329 -0.00276753807496214 0.18585375171052 -0.0524536942580019
-0.0179766093441741 -0.00355843077480465 -0.150008630945397 0.0380365799932127
-0.022982810443208 -0.0187250376956524 -0.0539456801693985 -0.206994477886986
-9.35591074690467E-05 -0.0181855361212729 0.187835510712562 -0.429804906915269
0.0200730952586632 -0.0239842368502519 0.580394902631449 -0.0645006000096503
0.0302956425774884 -0.014890896682258 0.461308391044151 0.641757146372463
-0.00864456998484388 -0.00293442073359627 -0.267807593826424 0.809709520618169
0.00372626873910579 -0.0436370779277021 -0.525492714655536 0.26987424105639
0.0238940939508953 -0.0473727919870831 0.00289533534929846 0.071385716251047
0.0177091878839263 -0.0253869536941628 0.52658850513095 -0.26437512993068
-0.00292003794204752 -0.0151255316917835 0.220224002348219 -0.847220555674612
0.00264578504948436 -0.00869967002282522 -0.610118116082625 -0.598717415521494
-0.0131812809866802 -0.0200902024892118 -0.664437708823813 0.23116037276097
-0.0178597676978616 -0.0153957495156217 -0.155191272559746 0.477774342379437
-0.0208407225806225 -0.0151834919247121 0.130693202870572 0.254360286231994
-0.0250068110323613 -0.00153156069905867 0.186554978395538 -0.0577550000472206
-0.0149258942211689 -0.000874754934637375 -0.14841939152393 0.0340706095117002
-0.0237821878074463 -0.0177350495789921 -0.0513909711510336 -0.209787747197591
0.000832162186023095 -0.0129846607646207 0.202911048425993 -0.41716171586743
0.0240022431181703 -0.021809369214761 0.585521388072964 -0.026217779404273
0.0348989333520449 -0.0116240021656599 0.423901685742225 0.671317959431774
-0.00944743811266099 0.00296571952138655 -0.314816656576449 0.793072007673863
-0.00674021461329 -0.037170915786119 -0.533505216645056 0.246969623084538
0.0101388994359075 -0.0446998363038696 0.0118778670217171 0.065220745026754
0.00774019698876913 -0.0191843406205945 0.519323509112515 -0.288014069076411
-0.00316493883376053 -0.00999717763290234 0.170155570767039 -0.856774136808273
0.00513139678741075 -0.00878805787296114 -0.641664749579774 -0.557636815485687
-0.0109745634787564 -0.0190376946674622 -0.646408910364405 0.269987864420303
-0.0191685206455747 -0.0106138503595941 -0.133425553846619 0.484651071958671
-0.0232323207130558 -0.0124534939594616 0.13651855636635 0.24859490784123
-0.0209622862244907 0.00203603537027329 0.185900626884097 -0.0628744379179417
-0.0116682868681201 0.003131922554026 -0.145654520745538 0.0316640274682365
-0.0245718836653565 -0.0145068262143326 -0.0505812159983223 -0.211565554432635
6.32369211552909E-05 -0.00739176952875033 0.213257484195003 -0.406266563327266
0.0256325734167421 -0.0189491297152003 0.588329731188257 -0.00134815401665623
0.0382051867727453 -0.00883679081698015 0.403596429330625 0.688554645273325
-0.0115449287516137 0.0112570803810386 -0.343981635418678 0.781993912391018
-0.0195197469283489 -0.0285587584040489 -0.538231504016918 0.233343643259789
-0.00657949879262379 -0.0396553652996116 0.0166453483716506 0.0600282909224862
-0.00281442830413935 -0.0101449235875526 0.512290671590633 -0.303003503972237
-0.00252367261063177 -0.0022737206927581 0.145009422870252 -0.861205715492744
0.00780610238469849 -0.00955367351568848 -0.653744811792902 -0.537265048198329
-0.0106255739793199 -0.0176601831336951 -0.634075976496659 0.292166436662783
-0.0203741278930985 -0.00507290588642452 -0.119894659234409 0.489780860600238
-0.0245426976713034 -0.00893548729610228 0.139663415343331 0.244923817868865
-0.0165063764173822 0.00643703198458463 0.186882886005808 -0.0659621567500834
-0.0085081462268167 0.00751796681598697 -0.144986774332914 0.0322823832700574
-0.0243036550881008 -0.00992402430245007 -0.0531625532929971 -0.212583677169446
-0.000964405460257458 -0.00294406844814553 0.212632968875514 -0.399376298564558
0.0236259447642429 -0.0181775065428958 0.590933856563922 0.00262768221859942
0.0394163939461025 -0.00610241342729028 0.403447132144798 0.686435913088829
-0.0137913022304879 0.0205772617164454 -0.344209584923346 0.780608391731042
-0.0326685550659466 -0.0190249033960513 -0.540687495475618 0.230145317040323
-0.0231009013868463 -0.0330168748863704 0.0140156745723298 0.0573470272815282
-0.0127085391435805 0.00037932473758439 0.508467873708496 -0.306311415316088
-0.00123698663691464 0.00518814381591983 0.142919998656221 -0.862082205807141
0.0094580453924832 -0.00893257412328246 -0.65483346003856 -0.538907343874984
-0.0118354038624423 -0.0174028617080412 -0.630785865869359 0.290695728761744
-0.0215285639733941 -0.00128241525000725 -0.118962948500122 0.493038444436155
-0.0243502164582514 -0.0048936650166627 0.13659875217595 0.245701471423048
-0.0125869509451278 0.0118443384478536 0.186217341664968 -0.0680208474450899
-0.00537696017963272 0.0109383041032601 -0.143071078021141 0.0338827484951504
-0.0222671599818523 -0.00456770936450721 -0.0589796698559194 -0.209901467096564
-0.00301288479972681 -0.000533123450544831 0.200746694224921 -0.401446844723718
0.0201730678771497 -0.0177667878938933 0.5945425586617 -0.0153009160482344
0.0392601523003326 -0.00522389211335731 0.430176297213706 0.667878057927851
-0.0150935433144847 0.0307415514716302 -0.32153194712215 0.785929577437196
-0.0443743379687387 -0.00761506752596298 -0.539507136368032 0.240424892943878
-0.0365677485523057 -0.0261270687094503 0.00607460639201434 0.0574993182017869
-0.0210095484400218 0.00998907360852467 0.50763202750264 -0.299317300686284
-0.00114359679740083 0.0137168814893376 0.165651476269852 -0.866649016437945
0.01064617063618 -0.00621337260158062 -0.639558642421177 -0.563830081335004
-0.0137412160175876 -0.0156657086802745 -0.637908723427718 0.272288127814521
-0.0231771716773381 0.0011286779943711 -0.130461088802475 0.494348435836071
-0.024134285302759 0.000568863083030393 0.129757680516921 0.249845525249432
-0.00944362537888441 0.0169850384669761 0.186779765576341 -0.0671933610794899
-0.0184203991618797 -0.0011657462239023 -0.156481522628172 0.0514934873301698
-0.0146346297656972 -0.0110679745342007 -0.0808379083261565 -0.189163469148639
-0.00403068281534952 -0.0241455061120905 0.114279941197388 -0.458582687633924
0.000701385079408176 -0.0268430601930903 0.54581309801925 -0.219427022808515
0.0155314550453558 -0.0179084892078654 0.605541271274434 0.484842542854595
-0.00828324203961439 0.000245196921259525 -0.0679279545281399 0.836750034575453
0.0107899383885659 -0.0424541226412809 -0.492048567896521 0.361025361575424
0.0367961616274764 -0.0411209601967291 -0.0466456799373248 0.0934338677851934
0.0326338510104618 -0.0232133738578799 0.537988274241549 -0.167960390192918
0.00173528004073771 -0.0165418974263381 0.420785798436865 -0.792905677051914
-0.00498747584276932 -0.00563804607199081 -0.447838017665363 -0.771051811317514
-0.024063316938255 -0.025834984673983 -0.715483213779931 0.0502756365952341
-0.0164127245432863 -0.0262560980317136 -0.247431471418153 0.445902793913989
-0.0164603202746313 -0.0112772763439583 0.0954744839673273 0.283302253084701
-0.0283530136018924 0.0020877637161092 0.18891150017097 -0.0419437175513456
-0.0197711880188838 -0.00342977317723234 -0.15582069008549 0.0474176764038855
-0.0189713344594612 -0.0156083300793382 -0.0708720124980588 -0.196748449489479
-0.00324081819038084 -0.0240429618321245 0.137768732243315 -0.452495944847922
0.00740267313771714 -0.0266206654915235 0.561084134121702 -0.170287003337228
0.0199111328628623 -0.0182852720694912 0.563628642793404 0.539981889716991
-0.0091366234320818 -0.00441134452233861 -0.13289567229581 0.835852757828907
0.0120941921053714 -0.0470508640366951 -0.503680065788024 0.335602641184469
0.0392861550824442 -0.0461968898226646 -0.0289759042371157 0.0873807742238426
0.0330449094474123 -0.0273624268246201 0.537563680720409 -0.198981224377536
-0.000734605433171151 -0.0200113366465829 0.358924779634979 -0.816702774737401
-0.00325617496721011 -0.00645685314071142 -0.5064844812937 -0.721038491569382
-0.0192370837793919 -0.0238251470153525 -0.706667618601083 0.110403361946485
-0.0158239015908015 -0.0248755033973655 -0.218764857557175 0.459232435948358
-0.0179974652724339 -0.0148276760111123 0.108169351630825 0.274604925870132
-0.0289572259231392 -0.000974653112965931 0.188886969693737 -0.0468158670776654
-0.0196476325969355 -0.00401745049054046 -0.153903134953757 0.0426068728634752
-0.021383298235657 -0.0182506560493152 -0.0619232193040594 -0.203378102318925
-0.00149662907691738 -0.0218606504750333 0.167693452042928 -0.442273692831506
0.0136376021196898 -0.0261322792063674 0.573270106452242 -0.114975527729783
0.0254087808170954 -0.0169369527531141 0.513085683474342 0.598432166025897
-0.00875585622585149 -0.00548301201042451 -0.205190258184516 0.824502915217267
0.00947877585202564 -0.0471454667711117 -0.517501540008748 0.302676570461395
0.0338864504303 -0.0476755276441704 -0.0114044401747442 0.0799024414097226
0.026605177247382 -0.029040837525636 0.536375517949733 -0.234169039438772
-0.00160026232165093 -0.0190311678102473 0.286228992434849 -0.838591098284186
-0.000744534393296451 -0.00736510873764639 -0.566672902733857 -0.659103786142899
-0.0153531025739334 -0.022272903741829 -0.688345189089737 0.176186422517416
-0.0164027507124149 -0.0207895302684102 -0.185245952350614 0.46918101959677
-0.0194342189306959 -0.015760502715176 0.120520167857253 0.265326664848118
-0.0275013953597306 -0.00230751801791109 0.187788607419078 -0.0526837773542652
-0.018132542902881 -0.00314708013495341 -0.151964221851796 0.037581850053295
-0.0233531111637592 -0.0191321753951302 -0.0553291494781319 -0.208315888301812
-0.000111818674042843 -0.0177089239959002 0.18883230392466 -0.430295042407428
0.0203968122574452 -0.0238456632527161 0.58405141874852 -0.0628564394124685
0.0305691260231118 -0.0151518204239419 0.463582113188785 0.643773970768369
-0.00863625471773739 -0.00288083229426781 -0.269620686176128 0.812200271811091
0.0040612133220056 -0.0442133280486328 -0.527374353903312 0.270960741885071
0.023482130356498 -0.0477968471972201 0.00244861341504168 0.07195257198159
0.0178373120405587 -0.0259279374547352 0.528163011824076 -0.266545394970938
-0.00264462375146667 -0.0153580190628766 0.221479080498791 -0.850265440209169
0.00240114893311782 -0.00774287586402298 -0.612278985889302 -0.604381806544873
-0.0132501080108558 -0.0209775952181385 -0.668003753508512 0.232379666075772
-0.0179065224840595 -0.0152433388172958 -0.156507145311944 0.479443019234578
-0.0216171869900262 -0.0148339966993643 0.130548035293794 0.257174879759525
-0.0248165126400294 -0.00147921632737599 0.187376215467181 -0.0580456377616509
-0.0149929098218878 -4.24127284140326E-05 -0.149715673807074 0.0333332640948672
-0.0245432604858174 -0.0172179557085355 -0.0514428174436801 -0.21179225091012
0.000406651528886927 -0.0122359392334617 0.204266048559529 -0.417902496468763
0.0242434237638116 -0.0213540679833255 0.587644083472884 -0.0256759847029936
0.0347810337974855 -0.0115825590308185 0.425025367165679 0.675034683342047
-0.0101036722237646 0.00272778711974282 -0.316754061430369 0.795601482070961
-0.00737611043867077 -0.0365631774396903 -0.535989874601006 0.248005034668643
0.00913962688283416 -0.0449671290240464 0.0121558854040011 0.0653392417599783
0.0072990273252206 -0.0190076790970099 0.519946934447269 -0.288032475436665
-0.00301164447403008 -0.0090217648187517 0.172325975115039 -0.860091944625059
0.00550442588197518 -0.00961668598879089 -0.643946452198888 -0.561198845350121
-0.0111487947763216 -0.0195161121453823 -0.649642596119289 0.271172154287665
-0.0190546747414291 -0.0096802365877433 -0.133802789610624 0.486390140569974
-0.0239112667120217 -0.0129442675968327 0.137207071762993 0.250966402177624
-0.021278024041756 0.00216904954858376 0.187587539100902 -0.0623565038126176
-0.0116993272769667 0.00344530281083655 -0.148595315123427 0.0308429186620233
-0.0245285726293991 -0.0147196415578282 -0.0506890439830812 -0.213703408005574
-0.000182065720128894 -0.00700672463486929 0.212864925651593 -0.406852724869192
0.0255653808229006 -0.0189361953690247 0.591485599329263 -0.000241313176706134
0.0372398543643617 -0.00874575805493339 0.405064260965401 0.691652720563154
-0.0113465145663406 0.0114558617440633 -0.345060862884301 0.783751870265407
-0.0205110611507887 -0.0285466994100633 -0.540370128732053 0.232387524107924
-0.00717667947155299 -0.0396280367941438 0.0157792782078289 0.060488580993557
-0.00254084693931299 -0.0105005164686048 0.514611904891249 -0.30465561161701
-0.00270920865103917 -0.00213789946222948 0.145814525221184 -0.865397382822052
0.00772956824674267 -0.00924281325772867 -0.658207634354189 -0.540890902821386
-0.0104815937436338 -0.0180364288428915 -0.638025438806117 0.292219957654061
-0.0203550514163531 -0.00516273537868623 -0.121600098816787 0.492065457248051
-0.0247316727246089 -0.00877316425972421 0.139564198055735 0.24697955838055
-0.0175677209544019 0.00652788681244081 0.187946260039077 -0.0649057004743504
-0.00863822380073413 0.00751446287009788 -0.145958538519792 0.0314234770043422
-0.024115206218084 -0.0100068395120612 -0.0533213379139034 -0.213438703469109
-0.0014180198804244 -0.0030686766332201 0.21223545172574 -0.401704725513937
0.0246090504901965 -0.018147537657404 0.59376395886002 0.00480264104869483
0.0391316505584866 -0.00601774722245703 0.404525795527656 0.689458008430906
-0.0135470447939754 0.0216078245830517 -0.347163237892448 0.782594781020358
-0.0334033108969333 -0.018214596808721 -0.542486225843456 0.230346772744081
-0.023611705349434 -0.0333719032182239 0.0137096442554952 0.0577048167514069
-0.0127097343976359 -0.000613953630317021 0.510337726796058 -0.307582357986846
-0.00204126871237906 0.00585885043053632 0.142536695548136 -0.867922233471009
0.00967994378676519 -0.00887368329894658 -0.657487636271202 -0.542868077504156
-0.0115302415752577 -0.0169450655714217 -0.634619503365275 0.291736265783608
-0.0219062930838674 -0.00117796469317656 -0.119333874576021 0.496014391448628
-0.0248570836097869 -0.0037618564219047 0.136412318935199 0.246912190052026
-0.0124773925546114 0.0126909428309019 0.188384145342545 -0.0675217541388655
-0.00513341254714553 0.0118064938185459 -0.145150534656333 0.0334877010913523
-0.0227249690327395 -0.00461527038285973 -0.0598566384002813 -0.211795566156132
-0.00318154375322061 -0.000623723378045992 0.19969796475187 -0.403104746300702
0.0206359003386655 -0.017909040482614 0.598932217835294 -0.0137336633900335
0.0393076342058348 -0.00470338980022608 0.430243396231499 0.672020154885301
-0.01457085117755 0.0311461770844303 -0.323390151020161 0.789438055116818
-0.0444965686080173 -0.00784516516547675 -0.542581932305769 0.241010277458679
-0.0380727066074647 -0.0260768438367065 0.00574051806328109 0.0577745137180863
-0.0211190095035643 0.00981669948604294 0.509665694621287 -0.300253042455856
-0.00183794028938535 0.0131246032890378 0.164821965821745 -0.869683653339535
0.0107961684520799 -0.00610308136751935 -0.642715219067603 -0.567791409484954
-0.0131280153445348 -0.0152694362712955 -0.642760214052979 0.274091534890065
-0.0229490802373114 0.000981880711050032 -0.128638466743216 0.495614010842983
-0.0242363229079389 0.00178463326565368 0.130928350830408 0.251876557167511
-0.00932564829069437 0.018734578175266 0.18791339397449 -0.0675671064075115
-0.0187853091231845 -0.00118514391143857 -0.158043934672868 0.0514625841534661
-0.0148214979661162 -0.0110268318745979 -0.0834700590250423 -0.190984956734748
-0.00465928280661233 -0.0238936718443033 0.113442987404763 -0.460912317682296
-1.50579296373816E-05 -0.0269634555103424 0.547527449125367 -0.222327253753719
0.0151484663269062 -0.0179080050407877 0.606281027104913 0.488188042957751
-0.00867445769177857 0.000684255089014575 -0.0693963246161785 0.84143349886892
0.00993174407086812 -0.0417542670525706 -0.492198458350459 0.364398265210041
0.0357485910819407 -0.0415546856511065 -0.0471637128226387 0.0944128843444717
0.03342514268265 -0.0234018056004348 0.539409339078507 -0.170457113958475
0.00178102115665983 -0.0177279004409039 0.423882101392873 -0.798287101427914
-0.00525354094186365 -0.00563471274395015 -0.448839837146979 -0.776797519293197
-0.023823092940896 -0.0258025061505033 -0.720765800924551 0.0467642045393332
-0.0167791076999654 -0.0265422637192757 -0.24918689650023 0.449156443024669
-0.0165766847570578 -0.0109340678573905 0.0965258274861063 0.28580212570411
-0.0287193822383693 0.00328369184661032 0.190808627801285 -0.0413315863359613
-0.0202120790300805 -0.00359910172704571 -0.156538182287529 0.0473549856601393
-0.0185677540692118 -0.0152651380749336 -0.0731352106985966 -0.19884372725461
-0.00298537354047898 -0.024608088874583 0.13742547907933 -0.455152243400797
0.00682523147640863 -0.0270364886913599 0.564610786332265 -0.171858811178904
0.0201507197409394 -0.0182284566710811 0.5679573185895 0.543255095735735
-0.0087725604493478 -0.00408511987278927 -0.132100894705115 0.841283448516034
0.011732970302452 -0.0469147676804617 -0.505931242674517 0.33691052424544
0.0387048267169654 -0.0468161250791074 -0.0291001971792145 0.0882254958566773
0.0334148260718899 -0.0287361317766796 0.541503029066805 -0.200087873540672
-0.000175473851285125 -0.0194331084487508 0.361599701930328 -0.821930128581313
-0.00253109552621874 -0.00632311673798747 -0.50924360680624 -0.726713493248006
-0.0194710315783496 -0.0237178859650998 -0.710034728443808 0.111476244699728
-0.0160966237162927 -0.0245568253471816 -0.219090394320354 0.461390967275385
-0.0184206556137992 -0.0149511116450282 0.109269647742913 0.277711670215477
-0.0291064100305474 -0.00071628135183094 0.19062443691969 -0.0472591312640801
-0.0193211704330902 -0.00404523893204188 -0.154788678583942 0.0419622376828986
-0.0219976358626571 -0.0184358204465345 -0.0637564670269958 -0.204721456128805
-0.00151701858570531 -0.0221651387171 0.166542831427272 -0.444521379860518
0.0137895021011806 -0.0263017928528376 0.57678003364549 -0.115572811600636
0.0250709827526315 -0.0174952638040362 0.515207519108742 0.602140487080385
-0.0089848087478697 -0.00539852475046859 -0.207421485501869 0.830088814167026
0.00926993579675968 -0.0475472477392153 -0.519382425549602 0.303017931226221
0.03394687036714 -0.0486121125637977 -0.0123869744670901 0.0802971192757127
0.0269328395859183 -0.0299998029990458 0.53718184144137 -0.236062633194618
-0.00136042749036852 -0.0191264595906122 0.28706762690971 -0.84364441793658
-0.000352443816327742 -0.00694520224788828 -0.570436592723496 -0.665203201322667
-0.0160664478955398 -0.0225085018675038 -0.692497778204812 0.177495944510182
-0.0165813946118223 -0.0207042351864497 -0.185951129820945 0.472737012692198
-0.0202586315139224 -0.0152986181334932 0.121770066258637 0.267246663677439
-0.0274926201013509 -0.00151298575606662 0.189130066229641 -0.0526279759497956
-0.017905161184364 -0.00291390566831375 -0.153023626280551 0.0364048006707846
-0.0240559819106395 -0.0190376056320247 -0.0563709437208584 -0.21053203512809
-0.000609660135203533 -0.0181192690269489 0.190088772412594 -0.43386914739146
0.0199162086163502 -0.024101219135701 0.585672989712654 -0.0633897586601693
0.0308656563128219 -0.0148705172452229 0.466557206197534 0.647648506297659
-0.00910596936949077 -0.00237299085380465 -0.271565094186339 0.816566255348751
0.00349603907595187 -0.0434269212285441 -0.530168986059474 0.272220272230244
0.0231653918659744 -0.0478663397997108 0.00206263462276137 0.0726626755776603
0.0180552004095776 -0.0266856765004182 0.531138421622248 -0.267247000332355
-0.00320176543726707 -0.0146127731177622 0.224326861131504 -0.85622369744272
0.00241734167839137 -0.00834402979244217 -0.617596712301062 -0.608267188269766
-0.0128042812463782 -0.020891167229764 -0.671593438531887 0.233672733440065
-0.0183642915091212 -0.016066876626079 -0.156365834890505 0.483808489039989
-0.0226892784219466 -0.014488418436427 0.132284674288331 0.258778724870832
-0.0245202365207758 -0.000358753869574302 0.189183536082758 -0.0579665363184018
-0.0154266947567083 0.0001202359838779 -0.151812151301856 0.0332709871559863
-0.024983247843134 -0.0183028299536802 -0.0521172350689475 -0.213445914722614
0.000311239876389217 -0.0116608472944448 0.20354650671955 -0.420835295188851
0.0241405050550128 -0.0218517093330864 0.58980539243712 -0.0237928191776221
0.0351406553413234 -0.0120449112785615 0.426440723581428 0.678152645968768
-0.00912197773032429 0.0032340263317317 -0.320062078107428 0.798926429477445
-0.00694283583345325 -0.0368659062351969 -0.539339976965899 0.248643825961566
0.00830791343797422 -0.0447641931232586 0.0115293994435848 0.0658941263192173
0.00750372789500956 -0.0199474215810181 0.523576511068463 -0.291841927289744
-0.00250665466289561 -0.00961447214907483 0.176202314041921 -0.866290514388115
0.00518145410444471 -0.00926330489378035 -0.647306564750645 -0.566248429729989
-0.0110424077227826 -0.0194028124660305 -0.653151803962887 0.272748260368952
-0.0196805508136434 -0.0104104760243135 -0.134690357254133 0.489996370463197
-0.0244265712894175 -0.0121540909619036 0.13837639325793 0.252424716121582
-0.0212292832833503 0.00210410481321085 0.189084332404757 -0.0626831307564445
-0.0113150994086041 0.00421936375935281 -0.149537779366238 0.0314576912592448
-0.0244698549835793 -0.0134863268548348 -0.0515065093973219 -0.215195087110414
8.29809012991263E-05 -0.00715384866152541 0.213103106759919 -0.410231981656782
0.0249164031982592 -0.0189113202384954 0.595442984157746 0.00154315088113577
0.038272303917646 -0.0085091295891122 0.40576761182779 0.696455726864952
-0.0118354789345068 0.0114228597853145 -0.346882475030434 0.788487605179473
-0.0205014911252737 -0.0287293408745398 -0.543939928459959 0.233872056466368
-0.00806361183300479 -0.0402218704791375 0.0153301350475686 0.0603989720311243
-0.0027176431062889 -0.0118770349068016 0.516469480791641 -0.304082209308325
-0.00288722888165566 -0.00234244279193182 0.147590808068946 -0.86975740297507
0.00813127101650856 -0.00901411939531533 -0.662549951236944 -0.543535730002828
-0.0107327947255594 -0.0174175187430556 -0.640856960759313 0.293420384730908
-0.020689281014416 -0.00425886721434863 -0.120972249157178 0.496248936313259
-0.0254181966873296 -0.00772969577724093 0.140866939015724 0.248580592308209
-0.0173950629151002 0.00663574071753474 0.189537483698199 -0.0656640777113639
-0.0085841602103984 0.00807518284180195 -0.148051424063772 0.031217053316047
-0.0242830626179479 -0.00976126099990132 -0.0541235623608687 -0.215186201204459
-0.000984158103404281 -0.00223386970593505 0.211213164888048 -0.4050879000705
0.0234440602958704 -0.0175673290020205 0.598302022401616 0.00536890230286108
0.0394294769993608 -0.00594993364388651 0.405420258256302 0.694515799218319
-0.0133479001233037 0.0216251301090759 -0.349252251738168 0.786601715600506
-0.0338721054966219 -0.0183755219772793 -0.545309870856359 0.230966502759514
-0.0242236325968479 -0.0337144255663246 0.0138482889053467 0.0584214237842757
-0.0125496266861135 -0.000237060191648264 0.511492073204112 -0.309011448903924
-0.00125932921489706 0.00556639804022561 0.145264988949828 -0.873003137527172
0.00989897385365135 -0.008104342441724 -0.662219701742961 -0.546217941895837
-0.0109565516101774 -0.0167868087119494 -0.638791924795134 0.2941190889228
-0.0221464933314981 -0.00164533396530542 -0.121494706069129 0.499009095956625
-0.0256526233885376 -0.00323979593089821 0.138676737369417 0.24938542830556
-0.0128098694553042 0.0128793619927296 0.189658225200713 -0.0674267969237722
-0.00500103722250719 0.0121591683765127 -0.145864775055454 0.0336600814574352
-0.0229779849604001 -0.00459087276575809 -0.060484188111567 -0.213287566503587
-0.00320274992486854 -3.33414766555203E-05 0.199860866338044 -0.405452333025103
0.0203384863292297 -0.0184603035450201 0.60129360102387 -0.0138414014839852
0.0397094590808763 -0.0048311439343603 0.433485453738581 0.676249515710537
-0.0150788487147301 0.0316396808610042 -0.323977449717534 0.793281762607383
-0.0460368906040653 -0.00807740600630335 -0.543893941317452 0.242728174741254
-0.0392283771158439 -0.0266736756999826 0.00579276689395138 0.0587741225813737
-0.0217638120775534 0.00886024052977525 0.513043861325168 -0.303520352828439
-0.00126899253992265 0.012980818402216 0.165333944164549 -0.875942608563209
0.0112471031348292 -0.00571265745294302 -0.645387570187475 -0.571677938202251
-0.0137720209323337 -0.0160276405488485 -0.645705065052496 0.275186092902193
-0.0226375760957142 0.00108977189391717 -0.129672089270198 0.501090714666052
-0.0250199477297617 0.00150329811076384 0.131441013662596 0.254570418313536
-0.00842141271659063 0.0183489548335239 0.189082478611648 -0.0667570747254734
-0.0164161503617569 0.0107775031463535 -0.0961132263399749 0.136801335345798
-0.0188642549299055 -0.000623406161734595 -0.182109707861256 -0.104076738963773
-0.0191398974183914 -0.0194557799791135 -0.182985124825823 -0.440949896611735
-0.0150846031958215 -0.0246157792025048 0.313351068325021 -0.508373584788474
0.00270153775937266 -0.0267841147335387 0.774168877487623 0.028507353779917
-0.00277666528146889 0.00351934084226558 0.447311445976593 0.715014179691502
-0.0132321184320814 -0.0374068303440983 -0.179756253190752 0.595032393224739
0.00429885014719285 -0.0550281864394164 0.0192801985402845 0.10408507096359
0.0144404092615302 -0.0435958637619124 0.332516787668963 -0.461735860607577
-0.0119590108764039 -0.0175331545414073 -0.136226324479151 -0.903287776443086
-0.0153461716919131 -0.00297081431091801 -0.831252798573249 -0.351364522751515
-0.0366112873827219 -0.000932621242396447 -0.553006145305409 0.477699168443877
-0.0274110105789158 -0.00510450014098937 0.0787343877008646 0.511458200546471
-0.0167825293825535 0.00337874929530156 0.256909208072652 0.169108120992363
-0.019590651616445 0.02050638455769 0.1313828843737 -0.154463878391873
-0.0192964290888777 0.0094144045171646 -0.098262583170374 0.133061330974058
-0.0250074378318631 -0.00172462076328681 -0.179463258968318 -0.11636289972984
-0.0177349680815919 -0.0205070224424187 -0.158530270792683 -0.450501186639009
-0.00979536913226248 -0.0282880666583795 0.354214159227038 -0.478780782762274
0.00533692316970662 -0.0287433156221845 0.774972408700964 0.0971777886595845
-0.0054381130936461 -4.8825695454259E-05 0.396421221401797 0.752789378628056
-0.0152807960529319 -0.0427830774600031 -0.207014256494881 0.579788704941257
0.00306741761946851 -0.0599332541904358 0.0288194828161983 0.0890266584817944
0.0113566069786989 -0.0477349728874504 0.314452612368837 -0.48707804850858
-0.0152444397811908 -0.0186773478094091 -0.200494129730394 -0.884989894061246
-0.0134112184451656 -0.00415427648090122 -0.846854577911619 -0.274038650325846
-0.0315143781927862 -0.00211010530692887 -0.507561945559708 0.5223134690243
-0.0256435699799058 -0.00335162043235913 0.110169567955656 0.504898928302281
-0.0198754090965315 0.000800316476768339 0.261487822558282 0.153851470143543
-0.0221482501599156 0.0169712956285278 0.128252721078906 -0.15826186890124
-0.0191270294225384 0.00848271104378683 -0.0994092933575523 0.127868286195491
-0.0282916115086815 -0.00251464030065066 -0.17467471887483 -0.126578992925117
-0.0148156003209169 -0.019377781066913 -0.129421779040155 -0.458475423176401
-0.00310634966376142 -0.0316185312552833 0.399203812356161 -0.440530516229519
0.010674373910808 -0.0316995078867395 0.767981542627634 0.174200196728014
-0.0060670220281615 -0.00157999053522034 0.331380522525002 0.790511159902297
-0.0164334357205609 -0.0420167985687378 -0.238896804502599 0.560300038422822
-0.00204422458665288 -0.0581827633745901 0.0395652269286597 0.0724574546994562
0.00508317345461899 -0.0450134136456816 0.290599043404053 -0.513935009595192
-0.0154559982815155 -0.0164349742128825 -0.273064796432797 -0.858522780457561
-0.0116317428036 -0.00493105069558347 -0.858331466409133 -0.187559970187406
-0.0266185396744542 -0.00247316064847736 -0.451293681664723 0.56430426043043
-0.0230433561191642 0.000145586553992284 0.142676066306704 0.492654023719308
-0.0225807502163031 0.00186975576467068 0.266274313084089 0.138663252285441
-0.0215493805980478 0.0150593475906853 0.123610342347086 -0.162231458213383
-0.0166252272823923 0.00889757035272442 -0.101632215491334 0.122680163033344
-0.0305355580126918 -0.00223253624149126 -0.172321776444759 -0.134997189025821
-0.0112796924145907 -0.0169992395635083 -0.104002644133638 -0.462301410596849
0.00296979752230664 -0.0331351098076251 0.438111513511683 -0.402995854381454
0.0161281620298816 -0.0328943527404577 0.756196799829977 0.240411808196469
-0.00459708149145654 0.000739760817068341 0.270167349719981 0.817785075910692
-0.0204742258520896 -0.0349643506981247 -0.266018568822184 0.541899110026715
-0.00995628450209155 -0.0526237340496509 0.0451877846641893 0.0581300650360929
6.74242453586188E-06 -0.037992717191318 0.266579658346124 -0.535161756290227
-0.0149211960386833 -0.0125987901916722 -0.333023111832875 -0.829698378788205
-0.0102113157115624 -0.00749187217064952 -0.861939171811921 -0.116135514673636
-0.0224049807107198 -0.00231657509067396 -0.403101506760995 0.598648601406123
-0.020607458826229 0.00496304055718662 0.173182640564153 0.483084404989915
-0.0237749945728806 0.00340231409491481 0.26942731056155 0.124675945266719
-0.0186801569120396 0.0143599539817988 0.119653131186346 -0.16665689965366
-0.0127559835485346 0.00932932644619285 -0.101277749613684 0.117688755192895
-0.0303167988430371 -0.000576631924666423 -0.171127884279827 -0.139830929888047
-0.00752074953352413 -0.0131412182999022 -0.0832614904286167 -0.460372846610159
0.00768093722987013 -0.033301811137559 0.46578885887449 -0.374362671653793
0.0218055600506562 -0.0328367751399697 0.744031830839879 0.288792125049475
-0.00172538663194088 0.00648656634468535 0.220929160872416 0.832101460398621
-0.0246617444420988 -0.0233330928267577 -0.286525521131752 0.528409313176578
-0.0204525708780504 -0.0414720904544795 0.0485316764323606 0.0465635731454278
-0.00526855919235569 -0.0261095746481905 0.246172558478504 -0.548509504535359
-0.0119037867699251 -0.00846673792231746 -0.378740523908303 -0.809348708244242
-0.00797145674702523 -0.00925257947556974 -0.86210723096021 -0.0611976677744051
-0.0204232180956109 -0.00238204126507376 -0.362626760906209 0.618600675661854
-0.0187925974752815 0.00955701273737348 0.194710934345205 0.475388300744856
-0.0240318704322384 0.00663631527351399 0.270529316607931 0.115700631551128
-0.0133156820749743 0.0150964902260757 0.116867795230572 -0.170525864984256
-0.00825658930799671 0.0109064585659842 -0.101407279949718 0.115424701129609
-0.0289202548878819 0.00244728862788029 -0.171745305915998 -0.141556188193109
-0.00518541850620159 -0.00865115575229891 -0.0700521770044804 -0.457639470046437
0.0106123220947207 -0.0322164281148764 0.483704214172291 -0.354746488582519
0.0263278388980668 -0.0319355528839957 0.737068093327253 0.314454161836726
0.00141331433617314 0.0149636389007613 0.19375635024002 0.839326183252357
-0.0295113840631407 -0.00800513998649681 -0.299913127852501 0.518722642287145
-0.0307276588124737 -0.0268924033486164 0.0495089863828867 0.0397943044460973
-0.00860943657503494 -0.0123840516795739 0.231772429740286 -0.557999579135714
-0.00732757301322796 -0.00217090413230669 -0.404065871276243 -0.795205919372771
-0.00555805606012354 -0.0104833211817103 -0.858181840298976 -0.0360358138571984
-0.0186219283575349 -0.00110168748225693 -0.339526603526191 0.629099214769799
-0.0161283221543227 0.0152972555125246 0.209760950758638 0.471194628624202
-0.0223450306395529 0.0107190389268284 0.269874470154548 0.111529963347012
-0.00699741766087453 0.0160753506294826 0.114924513439932 -0.172587987802262
-0.00287231184455759 0.0121570057524151 -0.0992327158830399 0.113766790761814
-0.0259526443118072 0.00580613695199137 -0.172674885709727 -0.140208366685854
-0.00339021311818744 -0.00476626108988033 -0.0685778512924614 -0.452047271537951
0.0098384372554531 -0.0306080013777728 0.488632915584681 -0.353947377371594
0.0295838263077322 -0.0308890321345205 0.73626566659352 0.314003033416867
0.00604656256350927 0.0238893789414515 0.1907161395459 0.840553739220552
-0.0344197488742224 0.0066997017949532 -0.302459814123314 0.518168558090995
-0.0399854135311619 -0.0117286220185419 0.0461764323069236 0.0387901473193934
-0.0109595434757433 0.00240623092621149 0.225093616382604 -0.559154216249236
-0.00234468334056211 0.00408509840190249 -0.408832961751908 -0.796026500168468
-0.00344795968644411 -0.0113557523035119 -0.860919557639576 -0.037027364152724
-0.0183467026055293 -0.000568758509010369 -0.335686528306391 0.626312348351214
-0.0145083794250793 0.0187180976813362 0.211308390768101 0.471955297639804
-0.01987481934539 0.0155575712134862 0.268490685609223 0.113297279525877
-0.000172328412119426 0.0178254068660147 0.11365474090392 -0.174650438128936
0.00224498082986186 0.013596627787782 -0.0973424503339461 0.114684785381657
-0.0218017987718005 0.00893286735079843 -0.177109893447987 -0.13424307989734
-0.00367838552543471 -0.00102980857789801 -0.0762102973354085 -0.445434759065492
0.00653977539655205 -0.0284811386170774 0.480000245134617 -0.371500803523783
0.0297962876744553 -0.0293076668741577 0.747677025785831 0.283890224430286
0.0102791056842507 0.0325922232652273 0.214379015100485 0.830387055335736
-0.0370306598819042 0.0225071142552697 -0.295779141140945 0.528234320830082
-0.0475556079939002 0.00308636550809197 0.0395528959976848 0.0434309606805451
-0.0111299784284558 0.0160432790250031 0.229298062636022 -0.553141845473631
0.00409933934986269 0.0101829380221162 -0.392047271691221 -0.812335573099585
-0.000889535727279267 -0.0103653357127768 -0.864606898916359 -0.0672436688793552
-0.0198174312937996 0.00258868172018877 -0.353660395346598 0.616012966066764
-0.0145451367997123 0.0219524029632814 0.204331816973961 0.479522198854165
-0.0152152509449243 0.0185414884414441 0.264873336581002 0.120683105349023
0.00603774594236225 0.0199054256729956 0.112650759498635 -0.174024091746776
-0.0168594896154586 0.0108940702449917 -0.0980686335452727 0.138016656491798
-0.0196367659210418 -0.000565468039536499 -0.183838706717978 -0.104142832147933
-0.0196197094425544 -0.0193859055506067 -0.185740509529126 -0.442240321033809
-0.0154417714690422 -0.0246553345356373 0.312680770131769 -0.513246051842262
0.00251355448633702 -0.0268237234269334 0.780591776173897 0.0255647767028229
-0.00259677661687193 0.00366165825442995 0.452613498025439 0.719325615071481
-0.013253936899504 -0.0378295226748033 -0.179104616468847 0.599977526245971
0.00335272051601242 -0.0542763502479169 0.018772290023849 0.105762941388055
0.0144896071110944 -0.0444852356721334 0.333089915638958 -0.465586157664393
-0.0121740616910201 -0.0182434659392915 -0.13861856775385 -0.910316437911919
-0.0143865905603785 -0.00188341380095172 -0.839030033258007 -0.351766254049114
-0.0369069680144136 -0.000308756068999268 -0.557392535739032 0.483731062384673
-0.0277384049436274 -0.00465970448963912 0.0797699428967958 0.515690906535419
-0.0176240343268423 0.00448079963478107 0.260512553265601 0.170716244178806
-0.0195267443973314 0.0210663003594538 0.132887263354199 -0.155565181814569
-0.0183205807657632 0.00958503144964789 -0.0987763894305049 0.134291110309384
-0.025183547497727 -0.00232739923342753 -0.180934384127088 -0.116478741248576
-0.0183353583465094 -0.0200932814669023 -0.162062142680136 -0.453412810419538
-0.0100249399883827 -0.0285713394307832 0.356953677037062 -0.481256355887323
0.00600795367411714 -0.0289994082449894 0.781034276148259 0.0959054674240291
-0.00518246145332227 1.39463076182563E-05 0.401091538711349 0.758048030259011
-0.0151267566008944 -0.0431048882380249 -0.207004284187295 0.584616011026794
0.00264068767991307 -0.059613947825073 0.029015520547127 0.0900681855324205
0.0110973729426382 -0.0485029206640117 0.315017239905589 -0.490261173572992
-0.0148483841876177 -0.0191209231100383 -0.204219808670174 -0.890814088783396
-0.0138481017003298 -0.00316464062872012 -0.856078230825952 -0.275029741581432
-0.0313882598333285 -0.00121235045559843 -0.511615402290899 0.528224322999549
-0.0258215588630754 -0.0035320995538897 0.112776784062338 0.507779319986218
-0.0209690026297323 0.00203721014890469 0.265748685157614 0.15485753000658
-0.0213411525531127 0.0179523190367385 0.129057641773331 -0.159777810511777
-0.0186493521066646 0.00918522962107383 -0.1013715545561 0.129012039867782
-0.0289385712255898 -0.00246100743851452 -0.177807765748754 -0.127654610384693
-0.0154717144869043 -0.0194635077331847 -0.132736082375847 -0.462241772078087
-0.0033358303321266 -0.031395069740762 0.401086532564815 -0.44424919618459
0.0106901064943522 -0.0317056212510257 0.775493394935915 0.175730799334885
-0.0055083907748606 -0.00119902066099734 0.33561252880377 0.794655465600109
-0.0168096632634021 -0.0419245499682827 -0.238552734484963 0.565676687769119
-0.00303413037639118 -0.0583332072704532 0.0393765785582227 0.0739779986502954
0.0058392362589656 -0.0455040296151861 0.292081903002105 -0.518290286828423
-0.0154096761862025 -0.0170318388411851 -0.279460564719019 -0.864496268189663
-0.0113327690925914 -0.00486718838360887 -0.867499524664062 -0.188690029122405
-0.0271575109804126 -0.00188223701397375 -0.455467651178244 0.570871958847675
-0.0233722874617933 -0.000926571949811168 0.145110074049832 0.496502300941492
-0.023072404213745 0.00252545316598008 0.269887373872768 0.138962454198572
-0.0213758400796693 0.0159853637198743 0.125423947187889 -0.164195241644413
-0.0164157539769584 0.00886826568096012 -0.102133358438727 0.123464443131012
-0.0307917692081822 -0.00181478088160322 -0.17530133054692 -0.135908236007285
-0.0114848220697807 -0.0169948944421161 -0.105833067354501 -0.464622870359215
0.00249311079232731 -0.0330088153229329 0.440262910797031 -0.406483198504388
0.0163252595494847 -0.0328179170644067 0.76335472930129 0.241350063689258
-0.00376704661927551 0.00121610743295152 0.271673541133708 0.820749207701399
-0.0199810756902591 -0.0351201188461134 -0.267696512220985 0.546467804574915
-0.0113513559575651 -0.0520408426391223 0.0463141498502536 0.0581528647584004
-0.000541757462483123 -0.0377321905153575 0.266734472468156 -0.53954794753256
-0.014886262037545 -0.0130919608599374 -0.338156347665008 -0.835076536849575
-0.0104478124030673 -0.00805329176027676 -0.871445325622175 -0.112535195427273
-0.0223084655498436 -0.00233411742603588 -0.402004573177157 0.605620973441762
-0.0206279409101824 0.00449796360940615 0.176762770982911 0.487377462238978
-0.0242324838693872 0.00429775595156476 0.272343250513348 0.12550086589543
-0.0181485613507579 0.015104031360018 0.120256363922568 -0.168021608648057
-0.0127369292907911 0.00950744801254279 -0.102242063054165 0.119709816656835
-0.0313114700206526 -0.00038378753911485 -0.173547347973784 -0.140432133710549
-0.00779479986377946 -0.0131786273065869 -0.0858052409716704 -0.464232436057468
0.00788969003488946 -0.0331119790401884 0.468798651395208 -0.377337811779723
0.0220619690548527 -0.0333912240573904 0.750523330332425 0.290378643751732
-0.00134014496807018 0.00662875345316888 0.223309298923964 0.836859841983544
-0.0252034221334488 -0.0233820127240717 -0.286686006644552 0.531931833561442
-0.0215874704819417 -0.0406932079594398 0.0498564609898056 0.0475959085114051
-0.00598921380283367 -0.0260949564426661 0.246203760045964 -0.555626943581115
-0.012214487842222 -0.00838825501423338 -0.384272905178784 -0.814542398760426
-0.00736581504425313 -0.00868801460335019 -0.869841205027777 -0.0605656672078287
-0.0200721029550596 -0.00233201614864778 -0.363810976932954 0.624583479334775
-0.0181559181156672 0.010355985915084 0.197938463210745 0.47804397715495
-0.0237411849901928 0.00737205392465747 0.273473664596288 0.116831062889686
-0.0126566960679308 0.0155140526272779 0.117626905839471 -0.171387068819567
-0.00762515272013699 0.0105618893572572 -0.102657352715588 0.116343088737158
-0.0292073997558177 0.00278145640275884 -0.172967923975092 -0.142443436019937
-0.00508732992486979 -0.00890110435456957 -0.0716644328357682 -0.458872210665683
0.0107046785083759 -0.032221465386327 0.487691641894834 -0.358985007490866
0.0267836117374122 -0.0324130797133735 0.744295136673109 0.31568736196179
0.00251770664616014 0.0150834249408188 0.194847908030258 0.846094895359328
-0.0297646635042859 -0.0082472070760289 -0.300346622374793 0.522410745987364
-0.0318713354077001 -0.0265673677126577 0.0494357401383413 0.0400453550955318
-0.00975359191986819 -0.0122006117706745 0.231286097071784 -0.563321132974502
-0.00753069807749397 -0.00251231873322665 -0.409733466375082 -0.801795906115747
-0.00499091155010144 -0.0104431385900869 -0.866483856392846 -0.034379899537604
-0.0180990684198958 -0.00175862965168272 -0.340367855862734 0.634627601340525
-0.0162324761134734 0.0152581127003849 0.211492739296667 0.474099162827688
-0.0228064447908687 0.0113249362308591 0.273407662440939 0.111649177954318
-0.00682546890914813 0.0169281563358217 0.116362836044612 -0.174692599559754
-0.00181616113736398 0.0125399804507019 -0.100450980816381 0.115391009036631
-0.0264955859761876 0.00585233910189391 -0.175807867078395 -0.139692454857676
-0.00351549759791922 -0.00489111836546503 -0.0693026739487417 -0.452997080312452
0.00947424358381413 -0.0301054401842643 0.491866551139127 -0.357773870649348
0.0296387541178964 -0.0306657614707697 0.743211700937423 0.315852286201193
0.00636831388967578 0.0240104485249747 0.194196478640279 0.846982343502908
-0.0352071203685205 0.0079866351927796 -0.304720306077231 0.522306931005738
-0.0408031293932082 -0.0113906308060927 0.0464743734115547 0.0392999040753507
-0.0112831791257163 0.00182093808654759 0.224440924349507 -0.562221648438405
-0.00201227142373775 0.00332208847934615 -0.414446316953192 -0.801619642913196
-0.00334480972584104 -0.0115103103893221 -0.869892704671871 -0.0372381206156033
-0.0181520953816084 -0.00026046840837572 -0.338853642838799 0.63204729766216
-0.0149998643021506 0.0186073350607168 0.214085182513215 0.476254975695489
-0.0195200872149836 0.0153811952614201 0.27083076698794 0.114299837988985
0.00051299626843683 0.0189308614195224 0.114740760612418 -0.176412887250529
0.00233671663317473 0.013826424353167 -0.0975666167723046 0.115160370614162
-0.0224444685278456 0.00977762144731179 -0.178983065285294 -0.134215549595092
-0.00305178044637891 -0.000880303634365328 -0.0783658320179795 -0.447507117006879
0.00681605879024901 -0.0285271263470635 0.483905178105259 -0.376226826729915
0.0297176461525283 -0.0292784486265761 0.754703119228304 0.284290050183206
0.0112220821034376 0.0326995712672623 0.21647510170221 0.837119295216885
-0.0369370200115314 0.0223887783063378 -0.296212740688621 0.5312317872605
-0.0474677520302942 0.0032482264264399 0.0401329146979435 0.0446896002056458
-0.0120298722853483 0.0160312550172656 0.230094039977533 -0.559169940563387
0.00375370287084149 0.0101556702932057 -0.395870204219314 -0.816373295625142
-0.0008825997792191 -0.0102255136966275 -0.873334341219726 -0.0656231694838604
-0.0198963147184208 0.00114356239306787 -0.355433198731104 0.620500896419016
-0.0143562030499236 0.021803177210293 0.208448109366577 0.483265187461968
-0.0153057249728363 0.0196359326532456 0.268360766646636 0.121687896993691
0.00677354303697497 0.0209175638110794 0.114180482138447 -0.175240448443209
-0.0160972001416209 0.0113290976044962 -0.0984088775522697 0.139851499409571
-0.0200456111274492 -0.000266253687375148 -0.18744885996257 -0.104841498003954
-0.019389880096907 -0.0192296603927964 -0.190868578762386 -0.444840456995881
-0.015319838906743 -0.0246635707878555 0.314419292240883 -0.517475405833942
0.00261797124826187 -0.0263814333683625 0.786945894891496 0.0254071774567306
-0.00185211519196802 0.003249356702584 0.457814827452714 0.723787599091029
-0.0144781407935005 -0.0373297696891821 -0.179430041298533 0.604265470161903
0.00294088957593652 -0.0543914623383712 0.0197912920360406 0.106890680191468
0.0139737830664709 -0.0458713723330334 0.332983645426907 -0.471907668763215
-0.012328093838204 -0.0182810796985555 -0.143584022529895 -0.917785372555911
-0.0149160844739884 -0.00201789908286397 -0.846847502686893 -0.353100728730179
-0.0372380181628613 -0.000642763712474561 -0.55983789226433 0.490052302858362
-0.027938360783944 -0.00508610669186012 0.0835162146026012 0.519809340694327
-0.0178931032568385 0.00540783913893031 0.263530273052053 0.171122910531398
-0.0193854815218979 0.0224409589556357 0.13488857366707 -0.157487579552562
-0.0183799128896522 0.0105571426074962 -0.0997299207239197 0.13515869642498
-0.0249690742136355 -0.00132520517859615 -0.183653103731138 -0.117564246310259
-0.0179482050388746 -0.0204582508901939 -0.166526578377846 -0.456834799603967
-0.00987217535544171 -0.0287381054004597 0.359435678283451 -0.487863674496825
0.0055521885713615 -0.0291454551539962 0.789138644939008 0.0951629835174036
-0.00525483085402914 1.61580757223265E-05 0.406390487187817 0.762358608560109
-0.015744783587093 -0.0428277878223383 -0.206315372711961 0.589993247693703
0.00204986062147193 -0.0598479332956811 0.0303411053531632 0.0913139932261891
0.0105996519845672 -0.0487076376990099 0.314006090496724 -0.496494900909066
-0.0155456624814775 -0.0194369826737928 -0.210120787103365 -0.899301203645287
-0.0133678708251446 -0.00348040855111362 -0.865620578504098 -0.273442331974953
-0.0313198325256101 -0.00159784050869642 -0.512953082558329 0.534397380201653
-0.0257815423645067 -0.00322704313057123 0.115613962449881 0.512866119765091
-0.020643377928404 0.00356844769614309 0.268681705660224 0.155718941815582
-0.021308230674316 0.018958571349837 0.130171092227435 -0.161757583547379
-0.0185271138059111 0.00964841414775861 -0.101380440296986 0.130862148235387
-0.029178654198202 -0.00229263892498756 -0.180200412638638 -0.127466835567166
-0.015173529568343 -0.0198225858628755 -0.136290576154626 -0.463713291063623
-0.00413417197275255 -0.0320546729829222 0.402988930245463 -0.448498515630842
0.010898538990576 -0.0319875642402206 0.782544167307704 0.172652713618917
-0.00483463432317704 -0.000538727356431729 0.339540695739044 0.80083615180357
-0.017550852492162 -0.0415210998347612 -0.236294857772805 0.570575511608366
-0.00339409214795477 -0.0588396025387808 0.0400478145532869 0.0739716559204806
0.00498483831848685 -0.046353852994235 0.2906098692928 -0.524368853722179
-0.0164421622228099 -0.0176958939791149 -0.28372766757655 -0.871954721227951
-0.0110209947412003 -0.00433496805103026 -0.876797925378931 -0.186958544476978
-0.0269373600165298 -0.00162219583791638 -0.456758451866884 0.577968905430322
-0.0237004289213904 0.000207694970066077 0.148957146427718 0.501535188843591
-0.0235470386587123 0.00300033798568607 0.272781432989517 0.139647272584132
-0.0209632664916901 0.0168762559773664 0.126780298404508 -0.166349585464456
-0.0170168793101362 0.0093825460412321 -0.103225176242675 0.125623122065819
-0.0310914520828629 -0.00180110138289604 -0.177708097901177 -0.136311895097274
-0.01183168330955 -0.0171223601260921 -0.11166397985324 -0.467854760521855
0.00274981670941368 -0.0335142235553603 0.442480710296023 -0.411542831402489
0.0161418603189818 -0.0329524138535867 0.770991968284205 0.241976427750901
-0.00386715822627686 0.00121063517741823 0.281044286790497 0.829533321786516
-0.0206586384488015 -0.0347813216974104 -0.267138809703535 0.55165541110208
-0.0116539541345378 -0.0513717908218318 0.0467841401684304 0.0589583035471751
-0.00146234349853891 -0.0391164904982436 0.265391334656815 -0.545266204429438
-0.0154425269220493 -0.013455522937651 -0.345149148186031 -0.843552731669671
-0.00958867812311732 -0.00750008759788558 -0.878804796026824 -0.112148361816238
-0.0229006725869859 -0.0023510158810852 -0.404448621413932 0.611015301401881
-0.0205677398103198 0.0046715322513733 0.179227057219003 0.490182928043871
-0.0245094356253252 0.00530122058703211 0.276509417506281 0.12621926351483
-0.0178908339875134 0.0161674293657017 0.121415512795104 -0.1703659034184
-0.0125470782136879 0.00967401625952653 -0.103809338267741 0.120695512670191
-0.0319660461972847 -7.5614819733604E-05 -0.175576538005914 -0.140904930159
-0.00751228772630706 -0.0126625248523669 -0.0891453365363053 -0.46605503503724
0.00738355413503292 -0.0337296565530326 0.470722374916361 -0.380068500602141
0.0218243845277167 -0.0333777098677097 0.757307881409644 0.290151413278543
-0.000761259653157001 0.00656174843083532 0.229015176992307 0.844265959389285
-0.0249245479278052 -0.0227135412602699 -0.288906633321224 0.537527654289394
-0.0216375446619467 -0.0399314765106342 0.0506202344660236 0.0478406837879378
-0.00644155956822777 -0.0267122571107546 0.244855529036055 -0.559042204942571
-0.0122777925469233 -0.0082161218123093 -0.390945226687697 -0.820952203761011
-0.007871163828597 -0.00935757582901265 -0.878216605469882 -0.05835442412985
-0.019530788918624 -0.00230158570296691 -0.365309819405725 0.631376520569324
-0.0188732514253119 0.00947792545744714 0.201752410072639 0.482036293668235
-0.0245696727876287 0.00863976453133707 0.277669327130579 0.116854370159207
-0.0127582502984967 0.0163761423295887 0.118683862913863 -0.173788942213396
-0.00723630791198677 0.0105685362302886 -0.103669956933126 0.117266040943238
-0.0301755365954515 0.00276649852253149 -0.175945813573935 -0.143092083931489
-0.00502238613964907 -0.00841408365262163 -0.0762413909245419 -0.462907103556824
0.0105697490903327 -0.0322465952725784 0.490243155942641 -0.364045091809487
0.026916613723419 -0.0325580474578302 0.751374189721274 0.318260810322804
0.00332649245301678 0.0147108570033236 0.199791735316324 0.851732015003442
-0.0304632529807805 -0.0083645734596276 -0.301334996708873 0.528361697727538
-0.0324778229870422 -0.0261510947710702 0.0508420430184681 0.0407638980366979
-0.00891935910506785 -0.0127820141609237 0.231396017366443 -0.567652943596865
-0.0069058084273081 -0.00308578846453094 -0.416590053718658 -0.808444922316708
-0.00509122826488068 -0.0111660080774431 -0.873810612963807 -0.0319247709097066
-0.0182562680448632 -0.0019570246679107 -0.340524788858471 0.642485749776454
-0.0167004796515933 0.0155918977319174 0.215801919247423 0.479001840901719
-0.0234192375258108 0.0122113851487256 0.277910281295982 0.112696979811594
-0.00611183344170727 0.0168315766177497 0.116754591379809 -0.176163796115126
-0.00201243419869343 0.0124889767756326 -0.101663557836037 0.115863944745486
-0.0269574853731382 0.00626625513232358 -0.178716927941313 -0.141222381784886
-0.00350346506985724 -0.00442773319033816 -0.0737524544757403 -0.457293461639636
0.0101541729002321 -0.0308314966740134 0.496163209465656 -0.362370248616206
0.029220599338136 -0.0310702976297029 0.75071980837806 0.315858839746739
0.00717232662192467 0.024046026203493 0.198651374154129 0.852365681216674
-0.0354877107449625 0.00746489809566841 -0.304890812822876 0.527064162280231
-0.0421157100384486 -0.0103780402164487 0.0473626622998626 0.0404495494724572
-0.0113975038057035 0.00216427259161589 0.223611067993516 -0.56848488300851
-0.00196781242264287 0.00318030601906523 -0.420454325772474 -0.807348159284124
-0.00339547437490719 -0.0110623065736295 -0.877305638696143 -0.0352637104275423
-0.018741875159062 -5.5680301136278E-06 -0.339066386937735 0.640180355539667
-0.0156241121695403 0.0192609594326785 0.218869145360483 0.481006357780286
-0.0193586405195337 0.0162708828320983 0.274387940516906 0.113645064658137
0.00182496254142398 0.0189006570052336 0.1150238071786 -0.178036822793075
0.00259494320204963 0.0141680053419608 -0.0989091211138583 0.117293291726006
-0.022341118562048 0.00968226674570809 -0.181879117149869 -0.135177936047452
-0.00337516696521047 -0.0010188062865835 -0.0827881051536278 -0.450209263141931
0.00654176029142964 -0.0288381969462189 0.487311497318858 -0.378878582724556
0.0300149859930014 -0.0299841460642526 0.7610194021552 0.284445204432541
0.0114409997048805 0.0324287399001313 0.221771031965881 0.843043615245817
-0.0376150425069412 0.0235658471751026 -0.299158561107723 0.53744045650082
-0.0487346092797668 0.00421734032911613 0.0410965565627136 0.044554089475259
-0.0127073555751277 0.0158070165668557 0.229658288654932 -0.562608184122732
0.00337072286524479 0.010066078080814 -0.404752370337989 -0.823010775934932
-0.0011382156439066 -0.00982177150440366 -0.880950070221619 -0.0650183901720292
-0.0197673936913869 0.00107810227473776 -0.357047522397974 0.629040170756736
-0.0140374952594505 0.0227092475013639 0.211989218036035 0.486782446737353
-0.0152788068740154 0.0200734880632432 0.272143331476309 0.12200768061363
0.00805892542995968 0.0217326007116307 0.115210839861434 -0.178101040932535
-0.0157957186760214 0.0122597255406882 -0.0994613481659461 0.142195450476479
-0.0205157676182337 9.7887011391375E-05 -0.19084093748827 -0.10516330068155
-0.0198731351960685 -0.0189229875261141 -0.194685128077659 -0.448639343587721
-0.0165273545514137 -0.0241343306218124 0.314109953899847 -0.522790678438092
0.00225726487855548 -0.0267795535315967 0.794845321423813 0.0221588913299669
-0.00126724154950803 0.00360677014792409 0.467099727189527 0.727442196778984
-0.0145467353701526 -0.0371176279345008 -0.177273923049323 0.610981412090345
0.00185017024011979 -0.0548568392364917 0.0203886565504866 0.107331897740155
0.0131678180890593 -0.0461963007099277 0.334265952587831 -0.475923803619141
-0.013084661653905 -0.0186614200986319 -0.148539929705075 -0.928466643257917
-0.0142421967337946 -0.00202748589934878 -0.860083283617042 -0.352782245948981
-0.0372305918094688 -0.000206242579730539 -0.562860943000211 0.497252322500175
-0.0281012357394448 -0.0048968862992385 0.0875990441764747 0.526359520085278
-0.0183843733390134 0.00621571249115961 0.267667695993644 0.171131176522495
-0.0188292710506642 0.0219318587324985 0.135335553363182 -0.160133015170801
-0.0188234012174343 0.0109192127316598 -0.10023591718707 0.137439625382907
-0.0254740704219777 -0.0011917431908377 -0.186710748481526 -0.116439466744542
-0.0184168111116935 -0.0203938123797375 -0.171586840944343 -0.459424166471938
-0.0107507099340406 -0.028394579727677 0.357850349806145 -0.493221917798419
0.00544796650794282 -0.029300880133069 0.796887846734144 0.0909623499945998
-0.00444290337195165 -0.000106251256361644 0.41374816482965 0.76691338174605
-0.0161623279986395 -0.0427145535647697 -0.204935101853601 0.596057642716665
0.00109400410284344 -0.0596946814029873 0.0308177072496381 0.092142996797057
0.0101274573358791 -0.0508657929151172 0.315312490146151 -0.501595831399877
-0.0152571802639796 -0.0196418480841474 -0.215961239741711 -0.906129205364204
-0.013315523646641 -0.00344794823789458 -0.875315124538761 -0.272238734698741
-0.0317055674867469 -0.00141492474946925 -0.514280313107992 0.542294666580198
-0.0262191494418159 -0.00356798240220634 0.119625432875783 0.516147963435299
-0.0211996551481423 0.0039767342239841 0.273153625752468 0.155548489155419
-0.0206613590702171 0.0194774761939909 0.131227641182735 -0.164114313604731
-0.018887693195526 0.0098666062066995 -0.102058817140546 0.132305075854225
-0.0298159373893004 -0.00160490447888655 -0.183399290815044 -0.128437895993577
-0.0154980437307845 -0.0188634344516997 -0.142093522316998 -0.467442517180842
-0.00361674979252375 -0.0316206284081458 0.405135872962705 -0.453690946456728
0.0106296906036238 -0.0323885394797215 0.790631139911022 0.172412008182995
-0.00471633918247893 -0.00141942657067595 0.347779347135867 0.804631214619659
-0.0180402869653128 -0.0416664244071151 -0.236889745798621 0.576750790386447
-0.00434754472792741 -0.0584490154136711 0.0403439702135334 0.0748233968237495
0.00438350291447306 -0.0468534036655899 0.288893326650976 -0.529945226142284
-0.0159222224395144 -0.0179958584246595 -0.291165825407556 -0.878247625574861
-0.0121645045048504 -0.0050160202980609 -0.886216738716467 -0.183527224516447
-0.0272824904294884 -0.00211609414395813 -0.458518945582074 0.586487974275637
-0.0240170846116938 -0.000257836949197272 0.153300318689537 0.5049090542866
-0.0242576417269958 0.00377742684364435 0.277316728379536 0.139138642318416
-0.0211271107358807 0.0177152524414525 0.127216826757848 -0.167948826095972
-0.0164367393424258 0.0104039069733088 -0.104021033470699 0.127196234862885
-0.0313755634118707 -0.00131833078867932 -0.180270255263342 -0.136900859319218
-0.0114663631834707 -0.0168998474094307 -0.114733450490374 -0.470592510654418
0.00255499860149693 -0.0332902622507812 0.445368327955981 -0.418467812135574
0.0164739217747667 -0.0334734208735953 0.77853897750766 0.239486753428626
-0.00327925136290973 0.00131628151752042 0.283279157539901 0.833005212654984
-0.0214334281735132 -0.0344729429503423 -0.26586649441495 0.557472043376273
-0.0123502980270949 -0.0513461404735911 0.0471166521667509 0.0593933863137739
-0.00172273521520438 -0.0394274110226681 0.265585182606428 -0.550201367533463
-0.0152367530400262 -0.0138322933412762 -0.35313354218349 -0.84901225118894
-0.00977145730075672 -0.00721884651253168 -0.887981476473494 -0.108252118575152
-0.0227379356108096 -0.00275024084746812 -0.405319828916625 0.619864017849412
-0.0213273666629965 0.00491583640816007 0.184864526770747 0.493583548252712
-0.025143889164469 0.00637465672987196 0.28062645424993 0.126243457989321
-0.0169972654349888 0.0165482959182064 0.122957401703367 -0.172717252122576
-0.0122826342709817 0.00982798546710294 -0.104695935560186 0.122628098218522
-0.0322174206689494 0.000423422601729384 -0.179472237754779 -0.141107473208558
-0.00765161632464022 -0.0123944989526725 -0.0934583138629148 -0.468612422772879
0.00745113808822839 -0.0334637101247105 0.473439697368211 -0.386509785633296
0.0219579349148002 -0.0339502853660455 0.766104043193912 0.290123484098728
-0.00023529595589183 0.00678654202268326 0.237297913313866 0.849078252709788
-0.0255135949230963 -0.0231950114497903 -0.288017983492468 0.542914068317048
-0.0230856611248675 -0.0398181855864848 0.051229754244158 0.0477033727416415
-0.00681237176230238 -0.0274708966220738 0.243931351840316 -0.565165623454488
-0.0121811953842649 -0.00890953503139485 -0.400126666795943 -0.825009099483664
-0.00699496858792414 -0.00879888499548316 -0.886212742933742 -0.0540713180346623
-0.0204747390504574 -0.00240351413060041 -0.364837503621014 0.638694272140383
-0.0188486162840627 0.010329536775674 0.208154718255309 0.485389048684432
-0.0251228677887243 0.00896330338260743 0.281066140113446 0.116781658702913
-0.012157097019013 0.0167471333959678 0.120021219285122 -0.176619162395723
-0.00724766656622148 0.0112569551861393 -0.10415726254453 0.119630711636161
-0.030134906427677 0.00313035267361803 -0.179457228227719 -0.142972969351046
-0.0052558580720004 -0.00822734076687288 -0.0792284200753993 -0.463903915140693
0.0102308860766444 -0.0326402806610054 0.493469632192042 -0.369085204600811
0.026304290017697 -0.0328682446699482 0.75906468702127 0.316258207665251
0.00303545586582114 0.0148041528354676 0.20665303956098 0.858525863641339
-0.0308404143631827 -0.00736035663689489 -0.301858507038771 0.532636779969428
-0.0329146375084163 -0.0250620904415877 0.0505645088254795 0.0407318393107469
-0.0101480756045475 -0.0137929641229994 0.229574512050927 -0.573483636823663
-0.00784001115212499 -0.00326131755297229 -0.424889686460258 -0.813549425210162
-0.00525836374572219 -0.0104067145288596 -0.88492250941355 -0.0271095872065343
-0.0192159601559764 -0.00146016310334146 -0.340906790093769 0.6503324813533
-0.0162278830852826 0.0154510333565167 0.221065342816266 0.481732751768753
-0.0224746464939442 0.0132075452571728 0.281180328303119 0.11219549073489
-0.00529769476114101 0.0175837200915491 0.118380878396017 -0.17869414492949
-0.00185966992442279 0.0128763377755464 -0.102052494050067 0.117246152768308
-0.027019050750914 0.00673627961948743 -0.181456369184779 -0.140828344178045
-0.00328811882636569 -0.00469635632153685 -0.078091697357317 -0.46025582979151
0.00918355198802035 -0.0313894698256421 0.499486779507289 -0.367342408189801
0.0290511792485049 -0.0316855817879103 0.75834831000309 0.315128775076915
0.00721514386370546 0.0240073877638981 0.204841383642593 0.860716655957298
-0.035443773657197 0.00828727858639988 -0.305909751638829 0.532932125479895
-0.0424360510319189 -0.0101184368574972 0.0478961483490331 0.0400574193282986
-0.0117919881463797 0.00175102980663549 0.222915043573242 -0.575111906792121
-0.0019928106531141 0.00225311880249224 -0.429954680329796 -0.814444229896869
-0.00316948114856542 -0.0110866407397636 -0.885568654508783 -0.0305446307250371
-0.0193030480439652 6.29659069114469E-06 -0.338600249727408 0.648116387297132
-0.0145799055103968 0.0200222282691144 0.224507969023559 0.484021587183385
-0.0199794372911839 0.0168850867141946 0.278547855209713 0.114808858059792
0.00161580591979028 0.0193712692303031 0.116390124106494 -0.18012402078044
0.00337730595122669 0.0146741023859605 -0.0998089878126687 0.118232566540978
-0.0225368127987746 0.0103607439856069 -0.185125420324609 -0.13578918825744
-0.00336932859131755 -0.000691098829237393 -0.0857214321371176 -0.452935130867892
0.00683396998434032 -0.0288165069950174 0.491184329091172 -0.384602310138259
0.0301886685799733 -0.0302039296267343 0.76887803970244 0.284617484023871
0.0125002183400585 0.0331288019078839 0.229291191555704 0.851136657083554
-0.0382428624830582 0.0241082897248404 -0.298925074963879 0.540845164559731
-0.0493104753958093 0.00448394133433468 0.0411364361788053 0.0453536178249491
-0.0131127664319423 0.0158992464900209 0.227330163742812 -0.567681888916698
0.00364705405791141 0.00987011238697369 -0.412690518388885 -0.828980668688847
-0.00141163117247224 -0.010396469413358 -0.89012141517412 -0.0594173229221559
-0.0202788304200103 0.00140540688880079 -0.357076581636626 0.637702122936375
-0.0148255865862535 0.0223665299606529 0.216801573621664 0.490684208332004
-0.0155277601946249 0.0205801403563942 0.276225612724524 0.12246592435678
0.00803541663731936 0.0218055231769519 0.115946419758031 -0.180333173022986
-0.016042390262745 0.0123901805679311 -0.0995349747537489 0.143311880241364
-0.0199046904603756 0.000809158526926013 -0.193911051824214 -0.10510561136789
-0.0198173647598097 -0.0187852498404041 -0.202652860508991 -0.450829205283834
-0.0167967278819504 -0.0239069978639049 0.314615391325077 -0.530858079411813
0.00152755579152963 -0.0269415262504713 0.80169363006705 0.0150654692519251
-0.000829938349177008 0.00317819140126936 0.475142838721883 0.731062168149791
-0.0157008077719899 -0.0371207791647203 -0.174383749988602 0.617924754628004
0.00144568255378588 -0.0546390312735453 0.0209967351104503 0.108564467749395
0.012523830815758 -0.0472326172865048 0.33280713334856 -0.483204866061575
-0.0134519728473147 -0.0185567183670098 -0.157713271735979 -0.934104858263521
-0.0151217530930106 -0.00192091743746167 -0.871056916227011 -0.35041660651949
-0.0370747089285444 -0.000329592258381612 -0.564338652067571 0.50796334904777
-0.0289731665177199 -0.00466419988131452 0.0938502329298867 0.529335694246936
-0.0176044962229417 0.00687470783509565 0.272713120684141 0.171597007946211
-0.0179910177227656 0.0235214405282495 0.136805782365141 -0.162275067573984
-0.0192072574293299 0.0117666833302814 -0.100985174548731 0.139549135902626
-0.0255483570382384 -0.000743890237352046 -0.190402611425679 -0.11659892037752
-0.0186985881052805 -0.0196464396601355 -0.176836026846132 -0.461257142817144
-0.0109196343361869 -0.0282209530854864 0.358398747147799 -0.499895200780188
0.00528031447502302 -0.0301424733443862 0.804981423765506 0.0889010370458279
-0.00400598771236955 0.000102937474005018 0.422362043261891 0.769823804859376
-0.0166269308885263 -0.042432631293211 -0.203484944738556 0.601254299857147
0.00071739208960648 -0.0595821118049997 0.0314966754801069 0.0932488775539241
0.00936130041313124 -0.0514523578211907 0.313139828739945 -0.507406667503812
-0.0160219508069763 -0.020480210338452 -0.225410210056883 -0.914618984879228
-0.0131466185071948 -0.00329285648078945 -0.885730617903615 -0.269949286986945
-0.0320767447349057 -0.00119725893780482 -0.517266021585248 0.551913467992847
-0.0266945834502218 -0.00345660209024196 0.12444850066766 0.520406464227176
-0.0215484605565417 0.00510859280888381 0.277300503291002 0.15510117354887
-0.0207715669867381 0.0207842051347883 0.132178124803502 -0.16662645718478
-0.0187756034586675 0.010123115594483 -0.103394449471965 0.134675170174033
-0.0301669296926381 -0.00104727392272256 -0.187022710580502 -0.127925972425405
-0.0150721373426093 -0.0192196413364519 -0.148246630803972 -0.468980705987197
-0.00397393905158227 -0.0318423083455109 0.404956673568638 -0.460999361752868
0.0106959545721723 -0.0328631974560891 0.799369444140265 0.166948734359665
-0.00436844398924819 -0.00118996877326228 0.355296260572817 0.809048788586554
-0.0188888220398539 -0.0423111646034167 -0.235393470152793 0.583206690682356
-0.00492026708838475 -0.0587975591693029 0.0414831260257823 0.0750680803356463
0.00328990445192657 -0.0485285482360348 0.289637689451441 -0.536109372875165
-0.0166875498933978 -0.0182829553209691 -0.302231078524981 -0.885492499011915
-0.0125353873527872 -0.00448489660888497 -0.896643845692326 -0.17933622504097
-0.0269000705282024 -0.00181908408617094 -0.45783816621047 0.59407909721694
-0.0242157565196398 -0.00016048013975687 0.158671348463884 0.508326356084411
-0.0237548449677683 0.00454262809119206 0.281626814098304 0.139592168767281
-0.0198055263548094 0.0181387842576044 0.127605481892071 -0.170856340962905
-0.0160022816164352 0.0102808480322536 -0.104160083877098 0.128542620185101
-0.0318586168716278 -0.000604738913282255 -0.183918296785294 -0.135968349943667
-0.011888607311665 -0.0161896479966959 -0.12008722894217 -0.473359152529391
0.00172706054465161 -0.03380688179208 0.446712668396002 -0.422577265536341
0.0157671091730933 -0.0338897753020059 0.785846070804566 0.238151181133348
-0.00258818723667315 0.00128205355359529 0.291878853420079 0.840079810206038
-0.0219413844152584 -0.035144212075857 -0.264263258656693 0.563486424694567
-0.0132809507632213 -0.0511649266753574 0.0487427408924077 0.0599875438768625
-0.00254508249842652 -0.0399768579775079 0.263270512013019 -0.557179683124976
-0.015161881856879 -0.0141427695359778 -0.364361373196698 -0.855527863365422
-0.00943397340735709 -0.00700633458021154 -0.897563249042124 -0.103585922496867
-0.0232710295610582 -0.00214713898051065 -0.405457276349141 0.628882697082132
-0.0212157998383079 0.00453870218995838 0.190695882354782 0.499252644960322
-0.0250615322652401 0.00675021647230335 0.283765426763242 0.124739575356609
-0.0170007469473177 0.0177021671664887 0.123058283309991 -0.175389880979442
-0.0125040193604508 0.0105674007601388 -0.105091110112189 0.124623409987312
-0.0320512621161808 0.00116463155676611 -0.182079895527497 -0.141088126508205
-0.00772534096900086 -0.0129325297032478 -0.0988315467936718 -0.471512251859829
0.00747210655193278 -0.0336157738381397 0.476468565413048 -0.393350718658506
0.0219223422726168 -0.0345118035524141 0.775630833369427 0.28670928450687
0.000367714998310987 0.00671114014069197 0.24276708323385 0.855298746690419
-0.0259665359733848 -0.0228194736629169 -0.286542304174194 0.548741255883244
-0.0235488648336818 -0.0401974610646185 0.0511365269491924 0.0488460674965168
-0.00800203770062206 -0.0284795349796034 0.241850307662296 -0.571484639842377
-0.0127526309780896 -0.00814760985765076 -0.410112813681046 -0.831768387467834
-0.00780328677212588 -0.00908938471889967 -0.896727898718556 -0.0482639762095828
-0.0205178581652355 -0.00228897169841821 -0.364423643767885 0.648818898662371
-0.0191339053544106 0.010616431341117 0.213118381550802 0.48921067829634
-0.0248195075649315 0.00993844282496465 0.284964585329062 0.115942578418438
-0.0116561110360569 0.017473124265445 0.120599343957964 -0.178946706008311
-0.00715517460110502 0.0114402395059711 -0.105171903048587 0.12019959570863
-0.0306119412024228 0.00375303642607996 -0.182221345627488 -0.142689152698185
-0.00459325178701183 -0.00864317110400255 -0.0833543913852284 -0.467810511461732
0.0100164057129232 -0.0324595972625424 0.495885210288823 -0.375260298162747
0.0270740537731772 -0.0336755450912181 0.7680602401428 0.315549026612387
0.00355216288121871 0.0153181598099358 0.212555063205635 0.862940620001611
-0.0315187613260548 -0.00730069026365425 -0.299276564225944 0.539317720776344
-0.0339178740119627 -0.0247842674873156 0.0518982423401602 0.0407034367220434
-0.0112371591103024 -0.0131823396026684 0.227546259664718 -0.578439471461572
-0.00681003262346226 -0.00307576220471289 -0.435113031331271 -0.817522276489483
-0.00530116362673673 -0.010409425128486 -0.893428903413205 -0.0209885427268319
-0.0190097548003887 -0.00135602792388123 -0.339583821411117 0.657911215885416
-0.0165876690387925 0.0156605679786151 0.226906796308002 0.483511345472282
-0.0229737196665218 0.0139957147207187 0.285020193770393 0.111677248440312
-0.00478642250654387 0.0181845432128561 0.117920787689409 -0.181539446196938
-0.00201552623855547 0.013040913011167 -0.103295623628674 0.119549312280596
-0.0274213888198301 0.00743874102790785 -0.18527788687867 -0.14121468669817
-0.00302545751759203 -0.00420033359196607 -0.0815948404277182 -0.462769410212445
0.00995037385888726 -0.0310413542191277 0.500849795912473 -0.372988635987246
0.0296881270350165 -0.032304300121466 0.768047140985044 0.315014748185864
0.00835384215969638 0.0238514452702083 0.211227587069115 0.867245826890734
-0.0358786335193113 0.00963795681414245 -0.304311690609119 0.538809358776223
-0.0432208492246751 -0.00929046535863081 0.0489644272705449 0.0404976122305216
-0.012594224308999 0.00167469964898001 0.219952149838092 -0.578463607043814
-0.00166157304818229 0.00283947609924616 -0.439409275089279 -0.817385770533657
-0.00340189672771435 -0.0111173951337774 -0.894051788751194 -0.0236205101396996
-0.0191536104562922 9.05153719003814E-05 -0.337813879141128 0.657600883905279
-0.0145680400875407 0.0199649308247176 0.230646951806983 0.487566117147172
-0.0197902991789959 0.0187589478274403 0.283706188866823 0.113592285777796
0.0021277219046326 0.0199793737291625 0.116965203973255 -0.18286987798123
0.00345939830614301 0.0148176028090863 -0.100068767510625 0.120483584312962
-0.0228944078422174 0.0112822431427562 -0.188376917461511 -0.135483497325766
-0.00265723387573383 -0.0011399536678515 -0.0911949048879489 -0.45530141567435
0.00674799614862502 -0.0295241964766406 0.494378023963031 -0.390655608385132
0.0301779486583757 -0.031549212293219 0.778680587280456 0.282525349273941
0.0132365663236713 0.0323669264128974 0.235387135743904 0.855963781812219
-0.0383794443394622 0.0244377683933564 -0.296733650477976 0.54729993740404
-0.0503839787174419 0.0060405431723961 0.0419155119301726 0.0461397428177774
-0.0132626136935963 0.0155828589871233 0.225466264380499 -0.573458897021661
0.0030824606506591 0.00930130269080874 -0.422248379422194 -0.834530386007421
-0.00091573765592695 -0.0103918116556294 -0.899365071609578 -0.0562533758874148
-0.0202859921405118 0.00231896794109074 -0.35548509335423 0.646722562446862
-0.0144461041345509 0.0226719193730618 0.222792212716797 0.493899309379289
-0.0156213902766285 0.0220867600449732 0.280637057318743 0.121550109014224
0.00885778905623484 0.0224843009664953 0.116513365132527 -0.182467636938874
-0.0163156209831501 0.0129759396036207 -0.100177445826964 0.145288777238743
-0.0204617060924432 0.000803105613089842 -0.197232876574212 -0.105007369164571
-0.0195252579032945 -0.0186723479650317 -0.207668334494179 -0.451575311358944
-0.0176107065396573 -0.0240606134364706 0.31190694523167 -0.53741442419545
0.0023870366736026 -0.027017084089795 0.809277824868532 0.00979381458328759
-0.000193587422775702 0.00377057103374111 0.486468108633297 0.732722611030904
-0.0162951072571108 -0.0378555428431676 -0.169999551808793 0.623183837799747
0.000753642015837152 -0.0547362634098335 0.0217499365784165 0.109875583786935
0.0116169141449544 -0.0477270049609358 0.328593843359715 -0.489180605786047
-0.0133937601168769 -0.018960128284516 -0.168800915688243 -0.940391597106148
-0.0153742497172005 -0.00127770758645759 -0.880606890416928 -0.346891032296762
-0.0378715074456225 -0.000157519508377162 -0.565429130480289 0.517082314802984
-0.0288188454638326 -0.00458943055842411 0.0994830211480165 0.533855060317601
-0.0177223491543903 0.00797386113017003 0.276753406732731 0.170370623417829
-0.0187422076461883 0.0246892525777472 0.137913286953822 -0.165015140757966
-0.019201159730265 0.0113118382072366 -0.101627621703918 0.141513458148153
-0.0262386421166103 -0.000300847701423483 -0.194258893338715 -0.116652487423344
-0.0188386281738382 -0.0196342514948542 -0.184110367353054 -0.463763405357662
-0.0109399419146221 -0.0285401637423186 0.356325198965151 -0.506561067716519
0.00460867785339275 -0.0303193188871027 0.810847673297777 0.0809172987959989
-0.00329280267279766 -0.000253439019646515 0.431267279039963 0.772121511411282
-0.0174464857016888 -0.0428960986896349 -0.20004899908098 0.607860974475037
-0.000708482096030438 -0.0585343358311152 0.0330286055256831 0.0939171480576474
0.0076414949412852 -0.0517093332053198 0.310371570775565 -0.51495439114535
-0.0160610461138406 -0.020894695367837 -0.236721237384719 -0.920447854796879
-0.0134501432095298 -0.00314650628679419 -0.897556846026144 -0.264602957988603
-0.0323701605434223 -0.000973103414255543 -0.515707114743302 0.561934805275105
-0.0271217070770217 -0.00303352125020103 0.131697365786348 0.525951240743923
-0.0217138928479556 0.00592893849600738 0.282092205210491 0.154489394358448
-0.0208592654044729 0.0212546784895398 0.133236439735171 -0.168953473530351
-0.0183852344052076 0.0106286502334369 -0.102857314190748 0.136532417575264
-0.0306551868802163 -0.000473838792720044 -0.190708479065849 -0.12818758534779
-0.0153112911223965 -0.0189929329639903 -0.15397965118021 -0.470923855272269
-0.00461296032247681 -0.0321711079889124 0.405344296572154 -0.467940899922245
0.0101853447057325 -0.0321768116537476 0.80731460728454 0.164575954749145
-0.00408289636591305 -0.000958567178135496 0.364177291287795 0.811659570170128
-0.0197709775773349 -0.0415396467244045 -0.232634183690892 0.588581685384013
-0.00615392526198713 -0.0585782815872324 0.0419701298556355 0.0759707589855462
0.00164174883494128 -0.0502277337674079 0.284774251258633 -0.542750653249064
-0.0170131050181576 -0.0183241011002862 -0.310988572537525 -0.890454572341848
-0.0114283019128445 -0.00440790131305632 -0.907249514587772 -0.173576426041676
-0.0277337270711864 -0.00150886223769335 -0.458570040410722 0.605551488748068
-0.0237388206698885 0.000496761817134298 0.165795209703123 0.512447256823432
-0.0232684347240713 0.00566308312413695 0.285778161908413 0.137978191528079
-0.0194940427682202 0.018714613443401 0.128153437244748 -0.173059464919028
-0.0161176171986425 0.0102206550318569 -0.104721824257429 0.130979497899425
-0.0321823711815958 -4.89362730302016E-05 -0.187303996243731 -0.136435307132008
-0.0113874206147862 -0.0164030960312657 -0.126317422078945 -0.474691568891876
0.00187620774680777 -0.0335203747695603 0.446555354508447 -0.430013823480581
0.0163603338189784 -0.0342400271965407 0.795936018250817 0.232350854342147
-0.00243994149716503 0.00111491925574025 0.302769810402872 0.843982950761933
-0.0227900630101472 -0.0344529228662761 -0.262023824763975 0.570515419193325
-0.014386798044818 -0.0511146407586401 0.0495850338140106 0.0601594723921603
-0.00338141050539787 -0.040943856294306 0.26027756371084 -0.564602056146986
-0.0158748425821337 -0.0148165938353108 -0.376301430968765 -0.859196695091338
-0.00905911247471547 -0.0066531126926253 -0.907779518575895 -0.09761569420025
-0.0228487911214024 -0.00236360166620563 -0.403394981804815 0.639381897970915
-0.0216960630765342 0.0051029891836608 0.198333128912596 0.501228542697034
-0.0252122873327816 0.00821136260256476 0.289132311855353 0.124991889145906
-0.0167365237478559 0.0177193894723193 0.123910894556937 -0.177802999445737
-0.012019952426377 0.0106981609019189 -0.104797681298596 0.12683280483724
-0.0322072030866795 0.00122773152899454 -0.185528011807382 -0.141124715847621
-0.00787710143392988 -0.0125537138996565 -0.104994978015312 -0.473824040934233
0.00690101134867743 -0.0339535499148224 0.47713077501535 -0.399470740958644
0.0221921358695035 -0.0342011349549522 0.784662721648043 0.283913054216866
0.000721707741842754 0.00647994014060276 0.251541763456849 0.862171906568461
-0.0267587674934948 -0.0225913759934092 -0.283173398397947 0.556218200128982
-0.0240116671192099 -0.0392190930011494 0.0526705553709748 0.0489187125513952
-0.00861822615322333 -0.028231177113347 0.239748564960498 -0.57853819281616
-0.0123398149789653 -0.00934830058389903 -0.421115313902858 -0.836008725619593
-0.00755887140535599 -0.00955351025344531 -0.907163583176065 -0.0410405773010006
-0.0208198435558296 -0.00226742425057742 -0.361694252347087 0.657886401788941
-0.0191352576153012 0.0103456328629854 0.222533291539082 0.49180550410843
-0.024907081795871 0.0113506483694373 0.290140040778688 0.11439201410681
-0.0108051377715287 0.0173812820618256 0.120351973197219 -0.181601629712273
-0.00664458173241787 0.0115897908432559 -0.105252952443028 0.12323077863868
-0.0309796401031379 0.00441613364285374 -0.185963337049979 -0.142785080438957
-0.00444573123894403 -0.0078897530361357 -0.0895577563139763 -0.470735492985214
0.00999373611420952 -0.0333002783982075 0.497772166600315 -0.382247836631609
0.0263927639068528 -0.0340657735900727 0.77869983752167 0.31163048213587
0.00496271382018851 0.0150460357777231 0.221335877375377 0.869373265282115
-0.0314609470075159 -0.00680216852245046 -0.299769294910089 0.546979472194297
-0.0347562335720142 -0.0241841935936098 0.0528787391536324 0.0412101637022211
-0.011707656988756 -0.0137700788221348 0.223168182735167 -0.586531405271647
-0.0081728990733057 -0.00305638276179703 -0.44688370507338 -0.821459197798615
-0.00541004213060346 -0.0122459673376152 -0.902259936677342 -0.0149101718762714
-0.0189727502094792 -0.00117805073337745 -0.337763885408345 0.667403677621536
-0.0166662419654922 0.0156091630167096 0.23460495146516 0.48759829790936
-0.0232419466236556 0.0151043839339828 0.28906108819291 0.111193416415558
-0.00457926435258857 0.0183744954839414 0.118140052556059 -0.184168037215601
-0.00137007444205411 0.013188081013001 -0.102827970559938 0.121484316421095
-0.0270055440510574 0.00771675144584165 -0.188013516175739 -0.140428684918847
-0.00323971101567824 -0.00427933143904229 -0.0872720021659261 -0.464859828009569
0.00928602922726336 -0.031212083227972 0.504112082869961 -0.381774396110688
0.0293138067983611 -0.0325516853980015 0.777679596600364 0.310926179991999
0.00894402862856261 0.0236641385145392 0.219114862645631 0.871447543571531
-0.0362781496470937 0.0103139880294977 -0.30265325187382 0.546087838025009
-0.0443990291330419 -0.00842046663807101 0.0495174484237399 0.040413918129086
-0.013267630266158 0.00171106860191879 0.215955431687016 -0.587714877430785
-0.0023101925869406 0.00205694901482972 -0.451766463270001 -0.820632947803646
-0.00283213610809572 -0.0110043855685999 -0.905278884970431 -0.0173414812778425
-0.0189084857561626 1.58935464115231E-05 -0.334007973918365 0.666108133148414
-0.0151657297974635 0.0197956601362337 0.237422295265949 0.490367014604444
-0.0195834613912738 0.0191668059777497 0.28677345934116 0.112442672294539
0.00311901127334067 0.0207286667189975 0.116586550509967 -0.186014132904057
0.0037683393603055 0.0148648650519021 -0.100255315201279 0.121732874142112
-0.0227184958769109 0.0115125732587049 -0.191950018936976 -0.135008708690463
-0.00258598255875526 -0.000691516282483107 -0.0965756373572831 -0.45678329898286
0.00623661635781224 -0.0291652214004766 0.494710075229072 -0.39984420811059
0.0299541769283151 -0.0318325407417926 0.788319054196706 0.279686516994694
0.0147604808051851 0.0334221138525044 0.243171812659923 0.860829817432496
-0.0383707645982645 0.0249227927974071 -0.293801876273599 0.554668841553212
-0.0503026887665516 0.00717446177028338 0.0429635446942556 0.0463359127472661
-0.0141738111645422 0.0161288066396294 0.220956127819189 -0.580537469225796
0.0034307514259554 0.0096414151459002 -0.435131038392137 -0.836070694845295
-0.000275509365931568 -0.0101460682543948 -0.907966399046628 -0.0467228632860852
-0.0205487564489401 0.00150906450905995 -0.352337417556479 0.654883130605723
-0.0145118856058578 0.0227342478523795 0.229975526631912 0.496656499254024
-0.0150304311059366 0.0225728475471784 0.284757378451359 0.120698409554886
0.0101076369037939 0.0224384077190875 0.115790709309474 -0.186037779563733
-0.0160287636215119 0.0135833739423359 -0.0988318721568777 0.148870080733483
-0.0201441084591035 0.0010679548411214 -0.201384858083466 -0.102999812287357
-0.0206202321188709 -0.0180160474441326 -0.216048602199828 -0.451474545964154
-0.0172477543084355 -0.0235082080586061 0.310512887805503 -0.545598173313381
0.00129099009295462 -0.0271559932575599 0.814323276711582 -0.00107876419428518
-0.00029637898838663 0.00405741369912964 0.496572845018101 0.733801988687755
-0.0164855653378283 -0.037033165690133 -0.164597866253686 0.628503264965883
-0.000476725205250837 -0.0546922060097223 0.0241759687610756 0.110942401151554
0.0107412904894506 -0.0484079552569465 0.327267502482067 -0.495500773200335
-0.0135038727558763 -0.0188417161689712 -0.179136844551244 -0.948832282218375
-0.0150804676476488 -0.00127267671919513 -0.893225470822049 -0.341125847400861
-0.0379495867673963 0.000234895773084653 -0.565576194817367 0.52722850373029
-0.029840571704485 -0.00446843780461123 0.105768374697598 0.537577007123781
-0.018127087697305 0.008694938884835 0.282087489031442 0.170153627670194
-0.0167039619431658 0.0247940439245517 0.137321882754073 -0.168180677761649
-0.0184290846284674 0.0121285929159987 -0.100678634958123 0.143962882381086
-0.0261083974535789 0.000567732749219489 -0.198555288725677 -0.115110437160888
-0.0192090381573368 -0.0193641115437769 -0.191624519252664 -0.463969401305363
-0.0116270163794461 -0.0279600460752045 0.35471592083109 -0.514634265717311
0.00486292242397935 -0.0307274037136294 0.81879962183099 0.0730014357659371
-0.00288182323010768 0.000348579297019673 0.44341704168584 0.776000840263861
-0.0178549645565625 -0.0424400511215003 -0.194572897486707 0.615415902712622
-0.0012636997144943 -0.0595548180044826 0.0340455477595851 0.0947373068320891
0.00663918783316631 -0.0523884951231615 0.307594467831824 -0.521486141245705
-0.0166506055921347 -0.0206337702626587 -0.247133793532593 -0.925870479699932
-0.0132804502287378 -0.00270951604922388 -0.909664694243397 -0.257283982978565
-0.0326809844603322 -0.00126487797881899 -0.51579129194316 0.573453386356989
-0.0274467023169225 -0.00302488119967822 0.138692361180681 0.527944560243311
-0.0219782652597322 0.00708261283004825 0.286517611357023 0.152526847129208
-0.0188404312325427 0.0222556449783942 0.133229563290062 -0.171856944144409
-0.018460107101863 0.0116272888218646 -0.103425721120326 0.138784644238763
-0.0309670422674234 -0.000549241807410456 -0.193795042343788 -0.127209253576677
-0.0162188032863554 -0.018654474166534 -0.161833556709569 -0.472824332222714
-0.00471207720051922 -0.0316126519013103 0.404663861233225 -0.474824143594575
0.0102133892713673 -0.0328681463174045 0.816660065659588 0.155221702326354
-0.00334839448507 -0.000691000060516015 0.375766129194677 0.813948499167086
-0.0207777805637343 -0.0412532091799247 -0.228589598728898 0.595225487567816
-0.0073999471073162 -0.0583520696824898 0.0436029477504523 0.0768538593478602
0.00182416576386386 -0.0495123314297449 0.280582813546316 -0.548325990476694
-0.0171991774059155 -0.0186036417910052 -0.324111585072739 -0.895243345870332
-0.011346007935599 -0.00438122338989691 -0.916091306813137 -0.166606867773241
-0.0271727759376131 -0.00153138101038713 -0.455698210449267 0.614347597008728
-0.0252126901894662 0.00105956635984581 0.17378343500758 0.514516939746844
-0.0245372386730891 0.00682422578684226 0.291386975024343 0.137020222620341
-0.018937187820098 0.0194600146547133 0.128200820094612 -0.176480249831232
-0.0154051953677848 0.0107556526791858 -0.105267199269953 0.132773605775104
-0.0330107128878875 0.000609017857284143 -0.190725506927009 -0.134667204241755
-0.0117566230717391 -0.016526176836613 -0.133184252914164 -0.477548089596441
0.00159680192234908 -0.0337720550357943 0.447886297223175 -0.43899267936356
0.015833353212354 -0.0349975701087165 0.805376679918446 0.227149541193752
-0.00180102297420037 0.00151139577634297 0.31336223412236 0.845815040266375
-0.0238287517961203 -0.0347674489850187 -0.259720394318019 0.575983971379944
-0.0148075663840171 -0.0511511191700412 0.051105616638218 0.0606014024961249
-0.00485790789905569 -0.0413391378872396 0.254793557225505 -0.569924994631279
-0.0160224598892625 -0.0142292709310677 -0.385607485559686 -0.862360086265665
-0.00838431065192919 -0.0067288770036091 -0.917835186464568 -0.0875425320679007
-0.0235812582599443 -0.00173376577242185 -0.40155666776633 0.648748086132383
-0.0218231392173248 0.0051505127372563 0.204981225416699 0.503077039133641
-0.0260838128453002 0.00850631214790041 0.293103982727843 0.122301161587302
-0.0161225680011326 0.0181509543374151 0.123617499787664 -0.180220487426689
-0.0115101931455032 0.0107541432646414 -0.10514600862785 0.129132901494835
-0.0331215570976084 0.0018523991937797 -0.189482633679494 -0.140093118157586
-0.00756490038819472 -0.0126693713414122 -0.111804808670278 -0.474340987552263
0.007383205216336 -0.0341619218847893 0.47819216318118 -0.408629717031797
0.0217136944798924 -0.0354610712721026 0.793700443236376 0.277753091757075
0.00110333701224581 0.00682421510520341 0.26315852026611 0.865031609367567
-0.0274287408378024 -0.0222276306275959 -0.280876554755642 0.562579488006628
-0.0250004099382083 -0.0391930812386489 0.0539890373050949 0.0487233449331663
-0.00975577148047033 -0.0286841134482463 0.234406319985591 -0.583542276718446
-0.0127435990926784 -0.00954330261153211 -0.434797747565262 -0.837693155309258
-0.00744188724992595 -0.00916039195048498 -0.914385453185401 -0.0321915099950826
-0.0211751121833139 -0.00190050158299529 -0.356305764014465 0.667473320307945
-0.0187695057235171 0.0105161623156642 0.229035548604466 0.49261070854276
-0.0254283139970395 0.0123178364694228 0.295210403398031 0.112913626183821
-0.0108370986793489 0.0185673527623371 0.119956882306641 -0.184626272030088
-0.00607782171897158 0.0120653219994249 -0.104486431307135 0.124740052027315
-0.0313859858057007 0.00493382277568208 -0.190052946675901 -0.143079436865985
-0.00449805039765302 -0.00825635922736973 -0.0970972440816705 -0.470951708998647
0.00918513609631207 -0.0335276709055098 0.498480333015048 -0.389868738686189
0.0262521999245574 -0.0345728713265555 0.787679073419069 0.307475101854229
0.00521829360897151 0.0149895828354324 0.232818090506917 0.875679887860745
-0.0322075422027758 -0.00637190633670397 -0.295342704926901 0.553705225932343
-0.0352708058592068 -0.0231104962873866 0.0540751653477954 0.0420903937349461
-0.0124482815706264 -0.0139031140309026 0.218215666326908 -0.592464411726658
-0.00702824910488332 -0.00391677664058321 -0.459607425360325 -0.823381571067601
-0.00468461101489613 -0.0101713129889854 -0.910823953271299 -0.00381220829254731
-0.0194142418125224 -0.00113602316256953 -0.332001640124571 0.67815104371454
-0.0167782976399223 0.0155922450247443 0.24252725170723 0.489923764396099
-0.0232689466416123 0.0163026011544304 0.294134935972385 0.107837569186602
-0.00302898245986496 0.0185513888018492 0.117823153513235 -0.187333600524697
-0.00110915463956324 0.0133443837313649 -0.10331390756716 0.123858289089212
-0.0275580136121621 0.00906630302385418 -0.191262815111364 -0.139478767908086
-0.0024788976766813 -0.00428198037305938 -0.093855511383518 -0.466059815354446
0.00946219084418401 -0.031468959805441 0.503720519572355 -0.388683825582772
0.028949309525586 -0.0337029744170664 0.78666797750219 0.305155990185166
0.00966112837826549 0.0242359185017236 0.230245578686165 0.876790297751782
-0.0364929670879559 0.0102027264093294 -0.299180037993482 0.552086835911204
-0.0443582662966868 -0.00739293752885978 0.0512388975181435 0.0405461497188397
-0.0144184642823889 0.00164074009539035 0.210301417187938 -0.592578548898642
-0.00173068841592998 0.00262659502028918 -0.46304624374374 -0.825127966911497
-0.00303806129693108 -0.0113526802919394 -0.912539851379509 -0.00739981041596921
-0.0193200583624441 0.000398042399921503 -0.330672309744207 0.675931478434501
-0.0150971632231639 0.0197996547623835 0.246598839441392 0.491213133488068
-0.0200204632236891 0.0203333280266909 0.291856221623529 0.110477633940521
0.00412555144513221 0.0210965669976229 0.115898203032187 -0.188736336939722
0.00403371500080573 0.0148446306808671 -0.100480457364781 0.123802589733776
-0.0232357374153845 0.0119594547574517 -0.195135481748437 -0.134974456506583
-0.00231835974516389 -0.000523938562437511 -0.102568714774935 -0.458904495026566
0.00612513523628281 -0.0294804842642497 0.495706786563448 -0.406790846738731
0.0296363712424143 -0.0324004975342835 0.797285684560393 0.272618908076755
0.0153842425207666 0.0327339876181721 0.254751236576746 0.86678090478097
-0.0386267664303614 0.0265144525346078 -0.292876311670961 0.562414926895324
-0.0511582066541895 0.0083301849866836 0.0435606048096294 0.0462513152629573
-0.014159483444742 0.0164654131829241 0.216053007652738 -0.586841464985613
0.00371031530615709 0.00885287862581689 -0.446290711469225 -0.839297785897754
-0.000483959685194921 -0.0105102709720026 -0.918397119663367 -0.0397009308054438
-0.0205145294324492 0.001650098087414 -0.348865336630619 0.665809200501608
-0.014479437494343 0.0233511219293084 0.238883851392677 0.49818315698787
-0.0149914841393699 0.0242446709873191 0.289517487516352 0.118567343544387
0.0106071349127819 0.0226770232939225 0.11561186425131 -0.188387854571996
-0.0157831617946754 0.0137294850881433 -0.0980961023634119 0.150018516327159
-0.0212209205732286 0.00197939735778698 -0.204763815104402 -0.101267312570009
-0.0213017776256412 -0.0179450513288058 -0.224627199192722 -0.450514734185701
-0.0178962459046328 -0.0234126078824539 0.304258332376156 -0.553499692107886
0.00109440575671632 -0.0277198797669959 0.8200662297893 -0.0086682079974759
0.000698745281971315 0.00384766818718408 0.509649491832913 0.732007316226711
-0.0177294254498431 -0.0374109922511062 -0.15834859331364 0.633059742775782
-0.000383254471485846 -0.054293727828969 0.0252476529391673 0.11098946521984
0.0096733555396282 -0.0494629929713232 0.321238861684691 -0.500731499725986
-0.0139143128905756 -0.0198589278685436 -0.193027223868681 -0.953233638013587
-0.0143602091076393 -0.00154741252141377 -0.904916709927416 -0.333740602059625
-0.0381822317232264 0.000409446106012584 -0.563966351285078 0.538505577933952
-0.030470858552326 -0.00410212741517896 0.113659883786293 0.540337105476124
-0.0182426004629489 0.0100160464161434 0.286874248063755 0.167267676517584
-0.0164180789374508 0.0257370007995592 0.136476942762144 -0.170900345920716
-0.0180090546715584 0.0121759855490113 -0.100005675027838 0.146011248620672
-0.0262164780418952 0.00109473955299594 -0.200923708219891 -0.113436885946645
-0.0189326813723844 -0.0190564344282715 -0.199594510706885 -0.464896303969134
-0.0120921085087839 -0.0281355252007954 0.352444154278056 -0.522190139421003
0.0043253504756275 -0.0306415243638483 0.824844292257859 0.0628002559835699
-0.00262197991783225 -7.68146532306325E-05 0.455942541548746 0.773684101430703
-0.019534852215073 -0.0427036427307234 -0.187941439476431 0.621091328464849
-0.00249372745736021 -0.0598871764780102 0.0359015743232143 0.0952954224750707
0.00591794641591254 -0.053248518235133 0.301974034664119 -0.527255005937899
-0.016798883530949 -0.021196783795259 -0.262166902070217 -0.929800751809726
-0.0131248831211466 -0.00280297563180149 -0.919973503133848 -0.251442969745991
-0.0327497647876834 -0.000177573132646006 -0.512119416681346 0.582637119565929
-0.0275121210390793 -0.00305575501915215 0.146495542959401 0.529743330021329
-0.0211819354193529 0.00809640006017697 0.291628617890265 0.151387186140087
-0.0186016429135955 0.0229504950505941 0.132290582829503 -0.175332283953647
-0.0178455781089493 0.0117961015866594 -0.102577678106171 0.140495672591018
-0.0308535023615697 0.000992877531887975 -0.197458365719823 -0.126122209736745
-0.0159291587251447 -0.0185287460412642 -0.168278483937062 -0.471950207777149
-0.00522350060539269 -0.0321530336012543 0.40228704095577 -0.483403306793963
0.00914545632781023 -0.0334137923657541 0.823243119013849 0.148281376088095
-0.00313179053005632 -0.00121339247446762 0.388558910653797 0.817494834887231
-0.0205139153112119 -0.0418024800471237 -0.222215269458474 0.600858430362694
-0.00746028250392427 -0.0577596984927478 0.0454626973230586 0.0765491443671805
0.000351291419563792 -0.0505505553325808 0.275449879870325 -0.555451141239186
-0.0173138379394148 -0.0184110880372465 -0.335971621565448 -0.898066646444525
-0.0112537424251664 -0.00411955335106805 -0.926814654776095 -0.156372652717788
-0.0274376980777991 -0.000681025366841273 -0.451343139810552 0.625798067947446
-0.0246631848872271 0.000354638160210984 0.182202868503564 0.516245862795756
-0.0244390315209803 0.00819785531548518 0.295389735220869 0.134419564999681
-0.0189431851238026 0.0210345524124783 0.127173492015248 -0.178949116434393
-0.0153533676353601 0.0108804650946756 -0.103391002892456 0.135264415777968
-0.0333513831974692 0.000973247531797628 -0.194874843878573 -0.134262342880398
-0.0117389700312737 -0.0164562375868902 -0.14186358162846 -0.476475116127887
0.00121023271196123 -0.0336676927899109 0.44542443639127 -0.444538620462886
0.0155163542778763 -0.0353617099130241 0.814125268231211 0.219860232700266
-0.00157643158999032 0.00148582395832544 0.325835340698988 0.846663899569257
-0.0241721293899418 -0.0339131213750475 -0.252770011807008 0.582608888148091
-0.016355176922262 -0.0501046313613563 0.0518236295018715 0.0602304896525993
-0.00536055129306661 -0.0415620806985889 0.250263206572399 -0.576195656352252
-0.0167616059239019 -0.014914906709099 -0.401183842067625 -0.864818953761499
-0.00921455283770968 -0.00702796691109558 -0.928786656854948 -0.0781231568948219
-0.0238562571210276 -0.00162867741880911 -0.395384757121808 0.658239570604507
-0.0224402197827436 0.00531665825030609 0.214209778115369 0.504127504830853
-0.0252736281763833 0.0101519466510169 0.297649591293328 0.120753027202643
-0.0151502170562857 0.018828710072152 0.122436278619144 -0.183135146150736
-0.011774190933281 0.0115151584369546 -0.105326558246425 0.130710907561734
-0.0332052978196483 0.0027654151576966 -0.19346187670553 -0.139127607788601
-0.00770896570276777 -0.0131815207784293 -0.11903076049817 -0.475620724199264
0.00672737460969934 -0.0341362430749972 0.477410555753186 -0.417054899822772
0.0207963025786972 -0.0359635754914845 0.803095970326344 0.272780819358224
0.00165057402252157 0.00658889443517216 0.274812474695077 0.867521060858438
-0.0281915874519906 -0.0215317002179091 -0.275763843765603 0.567235077733263
-0.0259050782590012 -0.0380389532151613 0.0552981254501671 0.0485596374675429
-0.0101698106964226 -0.0289165310522193 0.2279802889021 -0.589857106464794
-0.0136148733121134 -0.00889138282027264 -0.447384707741007 -0.838748588691348
-0.0068600708797872 -0.00914848007332102 -0.923481756315039 -0.0213705446593883
-0.0216797447456136 -0.00204530609482626 -0.353032231677561 0.676154368227662
-0.0194289663046459 0.0107208967613238 0.237760763591139 0.494064238269616
-0.0251830778181459 0.0134191104959822 0.298865410430339 0.109700896470203
-0.00977401409539863 0.0196371039006626 0.118886744699419 -0.186875059375092
-0.00595343620769631 0.0118995583564212 -0.104867269439683 0.127261941889332
-0.0310239198402002 0.00529796777769657 -0.193998024360318 -0.141280412464563
-0.00435761201672128 -0.00794040648343755 -0.104044290164545 -0.473427127265135
0.00983864354544626 -0.0336046530939276 0.498361553500633 -0.399036869429414
0.0261301086619146 -0.0349889951367683 0.796267629565546 0.300411171002532
0.0055730164765883 0.0141757540855176 0.244110205293511 0.87787902272714
-0.0323261687457876 -0.00641905768305941 -0.290977721144048 0.559369104588624
-0.0353944577945403 -0.0228016632831933 0.0551698449566344 0.0413773083617403
-0.0138177470785911 -0.0142685419385095 0.212336811445914 -0.59961067540123
-0.00786661539664858 -0.00358844753050443 -0.473939252407751 -0.82290339511508
-0.00494261095739183 -0.0105800511535266 -0.919898308604663 0.00538211912438331
-0.0201710653786091 -0.00114484759128662 -0.326267468024948 0.68764962872298
-0.0169725915283399 0.0162932230070404 0.251285356256683 0.489499104482228
-0.0230127044551399 0.0178982264570587 0.298199620552641 0.1062720568827
-0.00216770845517235 0.0197905864061942 0.117016708852937 -0.189823194771806
-0.000578609529816423 0.0135513396505691 -0.103928394775744 0.126156385607307
-0.0277806607880272 0.00904716255957304 -0.196112815237249 -0.139274748192983
-0.00291324755502389 -0.0046196592564654 -0.0996516297305659 -0.466991227571032
0.00927657836251404 -0.0311716441382912 0.504681082528861 -0.396845038382339
0.0293506652020161 -0.0337774792927407 0.798803081555895 0.299444599170391
0.0107293116035627 0.0238119452634857 0.240787848435282 0.878348924933937
-0.0366114744458652 0.0114791466794184 -0.294485541350024 0.55953782118293
-0.0450972493790289 -0.00617906995422533 0.0512641125048067 0.0397673343827097
-0.0148713233552836 0.00217146438744683 0.206148946746868 -0.599411651639058
-0.0023356960433513 0.00181396071814868 -0.477469422990391 -0.824586613251868
-0.00277694302881634 -0.0110881005915713 -0.918920151420441 0.00436823163140214
-0.0198584852392765 0.000822196986116328 -0.323101186882458 0.685854052174395
-0.0156886721938686 0.0203322516234776 0.252979750300542 0.492432282177529
-0.0194592082656716 0.0208487050711759 0.296126603783505 0.10822908883444
0.00486488658586478 0.0211206357286407 0.114368579372775 -0.190967570277959
0.00489163428753934 0.0146080780851145 -0.0997994666801527 0.126454278476185
-0.0225764363803281 0.0125837940290094 -0.198673751726057 -0.132178644087807
-0.00279211316281429 -0.000647404441235857 -0.109125244947451 -0.460311571822131
0.00544928267479552 -0.0293009816063584 0.494408682768006 -0.414537761009518
0.0295531422718405 -0.0327937024672338 0.806987400623849 0.267322946685054
0.0162232363064741 0.0323835241485748 0.265443962155032 0.868693947008115
-0.0385782115766866 0.0269733521419274 -0.286427470412158 0.568217836933789
-0.0516586116825117 0.00946309062636202 0.0443781889606285 0.0458884800311402
-0.0150240277713505 0.0163622980204469 0.210348849858403 -0.592941613738047
0.00380101394875504 0.00932572636711269 -0.462197078649582 -0.840580049416834
0.000176137852885483 -0.0101285549035347 -0.925406039153231 -0.0270252869811871
-0.0209486952439012 0.00260427026088878 -0.344834004286216 0.675300733769634
-0.0149241643393809 0.0234649355827252 0.247615670562981 0.499489322410849
-0.0144501570093977 0.0250486548305648 0.293726476072811 0.116561894831693
0.011970388179967 0.0235798168004244 0.115387165366496 -0.191502228221056
-0.0151279274184189 0.0147319544112511 -0.0977110898151177 0.152250759605931
-0.0206621449755512 0.00245337638164036 -0.207673421413613 -0.0993970237232542
-0.0209149924315856 -0.0176657750347401 -0.232307209574508 -0.451572548651028
-0.0190702783049622 -0.023366993106552 0.298277600767604 -0.560069651954331
0.000527342082806975 -0.0276444991277407 0.825050907282911 -0.0193028723790582
0.00154230919936385 0.00370946806868212 0.519932504393052 0.728580212618354
-0.017734885891316 -0.0367256549051195 -0.151906041571166 0.641135162541157
-0.00181674581640575 -0.0539394256422051 0.0265480026958732 0.111950582176943
0.00867585613819873 -0.0497525727481008 0.317224785593697 -0.50764809141739
-0.0146263144846316 -0.0196222202996113 -0.205807584358383 -0.955444777754844
-0.0144626980256877 -0.000954332287546114 -0.915329508342487 -0.324512350602561
-0.0382824244140777 0.000699804272846725 -0.560637379823571 0.549717054429485
-0.0306003045678033 -0.00386889127846144 0.12249522783931 0.541847471137365
-0.0178850400898766 0.0111296499303113 0.291105387636979 0.164124828236156
-0.0161803166417241 0.0260288730312924 0.135998081160409 -0.173960514748119
-0.0177626809389302 0.0134630398936444 -0.0986407486464783 0.14855024586738
-0.0268802686701594 0.00155760866275374 -0.205144080437048 -0.112273485345475
-0.0190968183559763 -0.0192674278327247 -0.207961303228297 -0.4632489372059
-0.012994869772099 -0.0286647755842676 0.347534062062072 -0.529426325543964
0.00412239613768487 -0.0310422146852364 0.831917849742464 0.0535773611453027
-0.00207529568470667 -0.000446916822192856 0.468297438285352 0.771319770843749
-0.0199820549039133 -0.042216168717737 -0.180081450063028 0.625596493459267
-0.00261014415462847 -0.059601305992462 0.0368997784296053 0.0950421225955302
0.00473559976341087 -0.054281032446525 0.296488815060169 -0.534423648460027
-0.0180344890163591 -0.0215201156514534 -0.274894134209042 -0.932912893786594
-0.013134927775388 -0.00257627368835613 -0.929715260934659 -0.239123343563132
-0.0331026355856967 -0.000329791722898196 -0.509146797699352 0.593296530125893
-0.0283048967355611 -0.00281023292424702 0.155023861882145 0.531961797690495
-0.0216149030254051 0.00996295068962259 0.296509967654786 0.148698153866423
-0.0183227113785457 0.0239628893945377 0.132252953027222 -0.177872050057991
-0.0176169755459094 0.0122842749063985 -0.101745310284225 0.143547675823949
-0.0312324995735898 0.00137417818083226 -0.200980369627274 -0.124731359025053
-0.0165337011881742 -0.0185885302104189 -0.177163424020008 -0.472338285104935
-0.00617351842780226 -0.0323127072384993 0.398657233740798 -0.491424711151124
0.00892068678962253 -0.0336887275056153 0.830217454232676 0.138056969535185
-0.00248522315118334 -0.00150678300669007 0.401557792034171 0.815742310775143
-0.02233235050346 -0.0409319486369612 -0.21713706590432 0.60715945957369
-0.00890302145982664 -0.0570075977516371 0.0469954834115102 0.0766312589574859
-0.00157155937827731 -0.0507707945669044 0.269996831720674 -0.560302450720802
-0.0182657661073959 -0.0200394743712279 -0.352628652678214 -0.89987655031242
-0.010913859021027 -0.00399408595308855 -0.934391926694754 -0.144609033040616
-0.0281012241643954 -0.000650537214648379 -0.447493283120324 0.635858181644498
-0.0251938635477038 0.000604678612593092 0.18995852621861 0.518581784527376
-0.0248642178539083 0.00926526026576873 0.300714155443037 0.131798198357311
-0.0181580967238924 0.020871072641884 0.126509262531701 -0.181655613997102
-0.0152440646244774 0.0111801972609709 -0.104185953451571 0.137189571504451
-0.0329039644009155 0.00130634763326401 -0.197959207924402 -0.131968059490517
-0.0120062818982506 -0.016105628216236 -0.149174029364448 -0.477944086270248
0.000763258880509231 -0.033662657258389 0.44359349813473 -0.453410103518955
0.0151924335835405 -0.0357994846184423 0.821196714856493 0.210177688622791
-0.00104063686136958 0.00116261070698334 0.337868283854878 0.849131398358917
-0.0248434612962544 -0.0339870432341538 -0.24873713047142 0.589452740742525
-0.0169168635572252 -0.0502459316873981 0.052796489930698 0.0603250061832366
-0.00744324142815394 -0.0425250697491654 0.242755924326308 -0.581615768896984
-0.0175080214521688 -0.0146205727592377 -0.414778373740265 -0.863980846722878
-0.00912633741696854 -0.0063674172648738 -0.933854400116843 -0.0673980973864856
-0.0240893063425648 -0.00200497940932179 -0.390290011660008 0.669388213187949
-0.0222406441179916 0.00554616856998864 0.222343481836907 0.505671704662536
-0.0257733597191873 0.0111724678545289 0.302918068263953 0.117138967691986
-0.0142805704534972 0.0195140111192743 0.121012863411624 -0.186725377373679
-0.0106931351871611 0.0117769972284662 -0.104210138012662 0.133351158230543
-0.0335111252180002 0.00337558280665747 -0.197406575011265 -0.137152183326832
-0.00828801855453783 -0.0120678661376026 -0.127274532577057 -0.475773764727137
0.00607043015941894 -0.0342078895314223 0.474785314575915 -0.424949232514077
0.0212010718523961 -0.036117232072678 0.811560573601411 0.262633205998866
0.00305272676325917 0.00582209861921171 0.287538570099256 0.869981555438062
-0.028141085836569 -0.0220388721835793 -0.269612821760996 0.574296574191405
-0.0265219822508394 -0.036794627605461 0.0564428573556506 0.0479253678330743
-0.0115323473160261 -0.0292755110418847 0.220091387103183 -0.595997513093931
-0.0137824238457712 -0.0100935663666604 -0.460327231110298 -0.839556767714557
-0.00747072992020432 -0.00880061097207749 -0.931100367237779 -0.00863061850088518
-0.0209277383175379 -0.00149803238705519 -0.344784587238177 0.686917458303654
-0.0197198071125254 0.0110711571722316 0.245162738494249 0.49516343261126
-0.0251040651220957 0.0146942105185212 0.303589448688309 0.106948072780076
-0.00931587917789476 0.0193613444772597 0.117909081157 -0.190065932318217
-0.00507683630058803 0.0127121100258642 -0.104223935370904 0.129107500680478
-0.0312354039790422 0.00612224751402316 -0.196976973058632 -0.139197724672319
-0.00368709423946898 -0.00791850946415879 -0.11151313086437 -0.472678539636468
0.00913803969928096 -0.0336202110762277 0.496848949604263 -0.406738150058029
0.0258428619394381 -0.035962573289739 0.804641021589635 0.294018490979355
0.00671808972937196 0.0148875089003832 0.257564456589345 0.880430073883788
-0.0329799041818838 -0.00552063703698825 -0.285528277485541 0.565261094870256
-0.0365825551016719 -0.0220812879101646 0.0557528000075396 0.040142599105506
-0.0139768268922863 -0.013765122304222 0.205691503791418 -0.602870038594123
-0.00815465581145084 -0.00408375574398405 -0.488857321334502 -0.824210179921911
-0.00516603386515482 -0.0113839790893384 -0.926488799025612 0.018155050700787
-0.0204978714560834 -0.000879386644716137 -0.319214464755322 0.695729639919168
-0.0168708973607666 0.016486459225427 0.259283133987631 0.488498579991482
-0.0223786637443926 0.0185382069487635 0.301866111773384 0.1032152447049
-0.00184499092084696 0.0198655545704336 0.115545620174172 -0.192641552756931
0.000345926343418894 0.0136615956626474 -0.102844953678737 0.127170314243112
-0.0274386018183087 0.00959847649477816 -0.199078875799132 -0.136510710524299
-0.00285775111289034 -0.00407334096803052 -0.10874342078768 -0.4671339372143
0.008582320768329 -0.0318974868621017 0.502502953428727 -0.406468714101211
0.0287020475893183 -0.0344084300482599 0.804685756478039 0.2903746734167
0.011045471158608 0.0233820418714892 0.254688519988446 0.880578976780313
-0.0362460817770785 0.0118678027411502 -0.291057048559512 0.565310422419762
-0.0451717280447262 -0.00539981717114793 0.0525533478236431 0.0395086414408695
-0.0154780759858054 0.00166771595228545 0.198587755410345 -0.604423100848328
-0.00254523651933468 0.00242042924172098 -0.49290998241721 -0.822219099772386
-0.00211419885441055 -0.0110084843193934 -0.92747751225981 0.0157076472001964
-0.0199458383854151 0.000966047242952805 -0.317771703626154 0.694628274894283
-0.0157124732627974 0.0205271908863253 0.26378582738923 0.493528894166655
-0.0187476151691345 0.0223049481287909 0.300673216352089 0.104909307582626
0.00596423211342041 0.02143218666878 0.113696596450324 -0.194247773500161
0.00517054147031034 0.0147863280303503 -0.0989483379878811 0.127421481919238
-0.0234923757374821 0.0127181695260626 -0.20280905649041 -0.13077207784566
-0.00275338063082222 -0.000815610345496908 -0.115073957453773 -0.458947333037188
0.00531959961285793 -0.0290800072637074 0.492223981341598 -0.424683741453064
0.029471812067976 -0.0329611509519778 0.814382430154575 0.258290856534634
0.0165358678449002 0.0327779883920207 0.279030667351083 0.870722165756998
-0.0388174819009116 0.0279169532518166 -0.281488707175026 0.573836132746284
-0.0514917701658966 0.0106005840600768 0.0458700113996953 0.0457703467647286
-0.0152405685096554 0.0167208018978188 0.202806157143387 -0.597891749600873
0.00406630148716272 0.00902948350043755 -0.475409867742818 -0.840625288047099
-0.000105145031164582 -0.00993311755340205 -0.932485832175759 -0.0164077166690445
-0.0211963487752059 0.00273479768151761 -0.337687349945799 0.683284140202792
-0.0148637381743869 0.0237436349372553 0.256574853293783 0.497596974633394
-0.01417624503568 0.0260115722345311 0.298071462176679 0.113299170682494
0.0131080387923455 0.0228241787208185 0.113996726871402 -0.193496740679163
-0.015296530234277 0.0154135231007594 -0.0958378420490481 0.154631661354081
-0.0212004285455117 0.00284401577277466 -0.210976304509084 -0.0972160034505936
-0.0211973681266788 -0.0174338776253554 -0.239588009229361 -0.44754516375691
-0.0185764032212051 -0.0226727640325778 0.294336509512889 -0.56434613872107
0.000324758358383228 -0.027934474273038 0.828157705681016 -0.0318710048623136
0.00271079071081253 0.00347213301169785 0.53263699431705 0.725873269098256
-0.0190736677833538 -0.0360103623150825 -0.144172186002646 0.643182302601126
-0.00216275594467136 -0.053589762985717 0.0289214001177921 0.111170260171564
0.00769719351538706 -0.0505956343017768 0.310159094519452 -0.514374401945517
-0.0145655958444856 -0.019453711722906 -0.22051087925373 -0.959226175912097
-0.014203843552738 -0.000303906577894995 -0.925111388064505 -0.314081907305713
-0.0392493866883031 0.00133189255859024 -0.555003077838873 0.562694111126009
-0.0309279896822254 -0.00336113689945839 0.131432929777054 0.543379207642466
-0.0178376742095458 0.0123498700245072 0.295438695812521 0.161185310988354
-0.0142227466714186 0.0274350270249647 0.13526008195601 -0.177049441647258
-0.0179934438937659 0.0135817741415132 -0.0984708549318518 0.150466886960164
-0.0268962899783646 0.00218021339995289 -0.20723749321137 -0.109350778955811
-0.0196205452985726 -0.0183411357575482 -0.215865302617464 -0.46142666346272
-0.0130439627040442 -0.0279394147664167 0.34063301116335 -0.536684272568645
0.00382006703590199 -0.0312577734489932 0.833785660033249 0.0412853600520604
-0.00133149684357999 -0.000657810543991657 0.481439824296848 0.769731230369878
-0.0209285655748337 -0.042326039855176 -0.175258133846278 0.62992989780526
-0.00380894050046874 -0.0581815580911019 0.0387308016291116 0.095098331066232
0.00355207808816979 -0.0541166076141083 0.289321921560067 -0.538555169149368
-0.018242815714517 -0.0213416932613701 -0.289842221634983 -0.93440228590467
-0.0128536475572446 -0.0018831705348306 -0.937982244675565 -0.228941613250175
-0.0333623847718332 -0.000252981420095224 -0.503861328556343 0.605420669377639
-0.0277867362723688 -0.00194700451659642 0.163848999517231 0.531996913677597
-0.0213207490678662 0.0106131482572354 0.300545413677669 0.145040007725905
-0.0167793814314679 0.0238836206129971 0.129381039122569 -0.181208256797632
-0.0171461954566613 0.0124097919577672 -0.100750552502348 0.145077131504016
-0.0314159410414904 0.00187235363831288 -0.204374309837883 -0.121215384254225
-0.0165734341960878 -0.018517504329145 -0.185019714958854 -0.471427008555621
-0.00701047048091872 -0.0317214778744083 0.394811255046899 -0.497696199970732
0.009225109169013 -0.0338127086315638 0.833893485452122 0.127151615054967
-0.00217326728236781 -0.00134691119247552 0.41189891071028 0.813457866320069
-0.0230378887559236 -0.0407055651478259 -0.209232143802843 0.611200798281538
-0.00970247333409954 -0.0574248531583179 0.0479265239980176 0.0769488247226584
-0.00302249597973432 -0.0521731326555546 0.262442209794342 -0.564886243506682
-0.0191796775103176 -0.0186439556642511 -0.365661681061213 -0.898674790072198
-0.0110252897440475 -0.00431767186983436 -0.943007846737503 -0.134849751207713
-0.0282686296204611 -0.000794241402271877 -0.441120491292018 0.645362764655771
-0.0253763689003388 0.000755284042222505 0.198099498157191 0.517855014550879
-0.0247809363106768 0.0108326678153122 0.30433341855296 0.128088523791098
-0.0164096806131954 0.0223382164967346 0.124937727370701 -0.184558802587308
-0.0147501086835879 0.0119085018227037 -0.102232387215015 0.139570194402343
-0.0337368346262076 0.0025846106777947 -0.201664002293114 -0.130249288227273
-0.0114929101689191 -0.016007204710816 -0.156688905824725 -0.476156261224125
0.000364106299713594 -0.0342115986996672 0.438045515749402 -0.462129034842085
0.0143588795850643 -0.0358459864089054 0.829157668197489 0.202346780269612
-0.000293979404885108 0.000709095823044148 0.348338683632041 0.849115221994974
-0.025209799235238 -0.0328736057768644 -0.240565749890876 0.593875492451295
-0.0178986284458968 -0.0491752490519749 0.0540896024740042 0.0602980918742523
-0.00828726965218616 -0.0419348189301446 0.236105702828114 -0.588819029439159
-0.0177807432583833 -0.0145640010380779 -0.429375418316754 -0.86335069713272
-0.00946487819431018 -0.00702028808247919 -0.941139231645284 -0.0536001490321353
-0.0241038572013912 -0.000955062963826237 -0.38095758711154 0.677716691057214
-0.0224386577201788 0.00554259887998642 0.231329598297346 0.5042152421254
-0.0251915400796357 0.0121061085392254 0.306228448387321 0.11330208528011
-0.0133967164508132 0.0198820623118218 0.119855921057617 -0.188888385751041
-0.0102174776318271 0.0119392088249075 -0.103667774171353 0.134677628856719
-0.0336402427306117 0.00445862824979262 -0.199971495616958 -0.135266914971666
-0.00794403763808465 -0.0126013442489011 -0.134778306666846 -0.474949145285396
0.0054223008547706 -0.0343399673364335 0.471451912824543 -0.432645054677111
0.0207712060395962 -0.0366346076123 0.819521203850031 0.253955859757872
0.00312993981041633 0.00621228958329745 0.299479159245227 0.869818402664663
-0.0291919448403717 -0.0210802341314877 -0.264784682183853 0.579323213744613
-0.0272981690849548 -0.0366245472709348 0.0573345194415942 0.0476419332275474
-0.013209016942264 -0.0290075041638618 0.212565605871474 -0.601672848731855
-0.0142342946050269 -0.0104527979785136 -0.475975971670913 -0.835897021618115
-0.00713166472431932 -0.00864107529156795 -0.936121034972686 0.0032582948202331
-0.0213253637089821 -0.000788172644473596 -0.33788116230117 0.696218595329292
-0.0194821790025081 0.0110794455507592 0.254311774662848 0.493450995785534
-0.0247950778478912 0.0159538136304088 0.306708283117956 0.103786871458171
-0.00720687167325335 0.0196423153476005 0.115668019540664 -0.192977272886185
-0.00564216983995138 0.0128352132482909 -0.103533516960557 0.131335367522134
-0.0308776392760728 0.00667950751013748 -0.198994086305205 -0.136984338879675
-0.00400840585806258 -0.00812959305708046 -0.117240558741205 -0.472096943250691
0.00862430845750212 -0.0338250756265979 0.494169672500369 -0.414684922092758
0.0251333441103917 -0.0362194500439838 0.814404383192678 0.28234613675048
0.007289583436719 0.0136291849580273 0.267493534826115 0.879636346291854
-0.0331257270083043 -0.0052351660655292 -0.279533079410465 0.570815394721743
-0.0370394785153103 -0.0208786270738868 0.0565219608649655 0.0406191741712731
-0.0145948366669665 -0.0133435901742275 0.198371517701994 -0.606668082243882
-0.00853278455795819 -0.00398920346433781 -0.502799168409395 -0.81886413607079
-0.00505454565663661 -0.0105523363179476 -0.930340960770088 0.0310744064034351
-0.0202735032933887 -0.000741937947104306 -0.310884182047727 0.704475820754472
-0.0172177997997398 0.0159602381426387 0.268907268479531 0.487651025719756
-0.02249621659688 0.0191410072216536 0.305388608224296 0.0987195375973936
-7.0358902608203E-05 0.0206456269450773 0.113342204185594 -0.195385893640948
4.18776990724671E-05 0.0138145050366085 -0.101222598411221 0.129503066669716
-0.0270035865863381 0.010208270435426 -0.202452827375367 -0.134649411832757
-0.00220536556094574 -0.00456358104037883 -0.114244905390758 -0.46718508993117
0.0083964898555621 -0.0312683951897947 0.498751034843446 -0.413362500897688
0.0286002346873649 -0.0356387105986175 0.814082821780851 0.280871618985494
0.0124520123148885 0.0233620212735498 0.267564317586056 0.881593435110872
-0.0366967064779939 0.0117946427728212 -0.282971572827052 0.570455742837811
-0.0453728958753106 -0.00396493136258136 0.0529859518086587 0.039130807614542
-0.0161367122807064 0.00225552038129412 0.19094343187874 -0.60650311515968
-0.00248944756426082 0.00190117818692321 -0.504572880931299 -0.818660573264135
-0.0021149869834327 -0.0116341157772291 -0.931089370727512 0.0281645721379061
-0.0202222528922711 0.000901322372049512 -0.311048054589298 0.701958123608176
-0.0149415545938811 0.0209245276773359 0.272193020305666 0.490411662221611
-0.0185944443058368 0.0240197872172443 0.303814836669692 0.101572843634007
0.00742452056928656 0.0211558265519921 0.111779063064078 -0.196012639888694
0.00509157422277577 0.0151701551108599 -0.0982061429960868 0.129785047657506
-0.0221916947584665 0.013118167929216 -0.205425056225161 -0.129285480086166
-0.00222678335113242 -0.00110616485570866 -0.123833170078759 -0.457483439522389
0.00460219111898218 -0.0296983312187323 0.489622674891149 -0.431460383702588
0.0284208435623502 -0.0339373833984606 0.822807500497481 0.247972526355148
0.0181465769604165 0.0321515177246779 0.290300215047387 0.871228801264559
-0.0382748251046576 0.028366671330439 -0.275039239342346 0.579292438547515
-0.0517905680084047 0.0122676523797128 0.0466256332646617 0.0452055923197861
-0.0165218839972553 0.0165926164602043 0.195166115820477 -0.6020071317916
0.00368074680423579 0.00835095753804115 -0.490632431725902 -0.838305826311934
0.000474741956815634 -0.0102519878782692 -0.936945327668504 -0.00356871458713043
-0.02175990821085 0.00370873825408903 -0.329766095156255 0.691680565393371
-0.0140774932787082 0.0238351390626204 0.266161353802428 0.497199751628403
-0.0133722545504385 0.0272942859705943 0.302519352929222 0.110632245132055
0.0146475747091219 0.023162412536557 0.111126543871241 -0.196244390558478
-0.0149120752216433 0.0157464398202879 -0.0937648656073772 0.15637942716106
-0.021168331829417 0.00373813191019467 -0.213286910688574 -0.0938453194253628
-0.0210338704167962 -0.0165808264275631 -0.248649403048433 -0.445434719308407
-0.0190020463011205 -0.0222308561324669 0.285251687573181 -0.570518437516295
4.78181313083113E-05 -0.0271836147139386 0.829526677391804 -0.043590389737018
0.0025322020535433 0.0032623834017023 0.546191432066213 0.719545449142716
-0.0200467669365251 -0.035474750424634 -0.134637817342829 0.647114806578068
-0.00291470439324464 -0.0531453255445206 0.0303686794811376 0.111866830024247
0.00602706454703963 -0.0509180696881577 0.303741985840924 -0.517615503948336
-0.0154334739818014 -0.0198307161245775 -0.236192649753594 -0.956970489537786
-0.0144496076513272 0.000200133128517369 -0.932271611441939 -0.301113097860942
-0.0386407412418994 0.00191900438598446 -0.550761727915429 0.571417724312665
-0.0318223810257189 -0.00297993108305889 0.140159750321182 0.542928001905794
-0.0171099256560268 0.0134208738126664 0.300030546845363 0.15770239310078
-0.0136135844335637 0.0278732028832539 0.133716479998797 -0.179343389654116
-0.0172718300927644 0.0138438938244216 -0.0964183921861407 0.152738750101635
-0.0271006279778198 0.00293267174332676 -0.209853937080684 -0.106957719179874
-0.0193629809103941 -0.0183459076838305 -0.225035117923552 -0.457212010774405
-0.013762700342615 -0.0269857488273464 0.33412770189963 -0.54369581771102
0.00291828019154082 -0.0316260771166895 0.837830474700632 0.0316865786029384
-0.000785197803626597 -0.000150378519689813 0.491784640406773 0.765395175572209
-0.0216884098810773 -0.0418157988987884 -0.164961691635024 0.634026444412736
-0.00497714396981816 -0.0586980780678051 0.040816405575493 0.0947961745653064
0.00165463601884451 -0.0542011067603734 0.281416584254475 -0.544043422167312
-0.0187527832767538 -0.0215309690973734 -0.303393950383451 -0.931296628513662
-0.0133996138144985 -0.00156815252636555 -0.945087382563878 -0.214424110986296
-0.0334177318637401 0.000718583663001281 -0.496327357010734 0.615027008770873
-0.0289027460511987 -0.00231218254078326 0.173160068877711 0.531491173425766
-0.021040235088408 0.0116568861572051 0.304425079769037 0.141721222955043
-0.016047852570345 0.0243532645864747 0.128183383912651 -0.183135633619284
-0.0165370274244618 0.0130663163349045 -0.098927112960972 0.146895596369239
-0.0314604428527938 0.00284477350487873 -0.208236168199403 -0.118424759722131
-0.016575895125931 -0.0182566645625006 -0.193479829970488 -0.468082488831148
-0.00690102219089222 -0.0311133045696686 0.388648697242908 -0.504427171815191
0.00826051366276024 -0.0342254687030583 0.83918851493542 0.117156973222093
-0.001785037733814 -0.00197823765918353 0.425305153377704 0.810880498630454
-0.024007667204204 -0.0399379454008671 -0.201906108261153 0.616530355546088
-0.0106863083036822 -0.0567131457127684 0.0491791542154376 0.0759063579575737
-0.00395103682262993 -0.0509176481350424 0.255230112042267 -0.570897437035362
-0.0189915898744709 -0.0187885089774401 -0.381416477812935 -0.895878036299503
-0.0105842528922086 -0.00370386571958979 -0.947974004611573 -0.121779721278105
-0.0281198553369452 -0.000369945859619917 -0.432386132309646 0.654608779652475
-0.0257417551045207 0.000823287229690346 0.207825854708868 0.517551445915942
-0.0233565129496925 0.0114799899299231 0.30736572539668 0.124150488186968
-0.0157829735314972 0.0230687469563219 0.123845673531399 -0.187632009481296
-0.0145273584225024 0.011864569045931 -0.100669050164103 0.141679082848525
-0.0335754431993037 0.00305427490054904 -0.204728086547271 -0.128195389983241
-0.0126567883233769 -0.0162563054438457 -0.165008490876906 -0.474525023287391
-0.000926472655639814 -0.0339561822247367 0.433875842230915 -0.469661251938766
0.0143193998359524 -0.0368001030352079 0.834090664362363 0.190618476627224
-0.000120867880387269 0.000273894391365874 0.362417596125274 0.845666034005784
-0.0259723891363103 -0.0331676802007795 -0.234471234623089 0.59761027685769
-0.0182777703788038 -0.048278235908781 0.0550232557275251 0.0595103338866891
-0.00931450932161803 -0.0416955435486166 0.226006862031027 -0.591422719583455
-0.0179455730882451 -0.0147124869118842 -0.443352601788781 -0.858756098085362
-0.00907815232674582 -0.00585664636946176 -0.943824558448405 -0.0389050679949755
-0.0248691325045393 -0.0010658820321981 -0.374425219964791 0.686352847879573
-0.0225185376981795 0.00569091683924901 0.241214211267844 0.502207804698046
-0.0249477494977798 0.0133941492942282 0.309834390112031 0.110420577992434
-0.0120357367993931 0.0204654744924977 0.117961461835477 -0.191526262075613
-0.0100812367582564 0.0120556984139519 -0.102077546554245 0.136348171075074
-0.0332786245849266 0.00459764203132005 -0.203675584137394 -0.132894585949423
-0.00792828898645717 -0.0128160693459637 -0.142219371909842 -0.472533385029816
0.00468409178515967 -0.0342942104079159 0.468201493981815 -0.440116821400189
0.0200898907422281 -0.0377762509924385 0.825367641232808 0.244918085413671
0.00371004595634486 0.00526579661255177 0.312454656616247 0.866994705240194
-0.0293794732865905 -0.0201472569912262 -0.256969757666991 0.583947818385738
-0.027727933004329 -0.0359028661729708 0.0574313541864357 0.0466996983392005
-0.0135318768517373 -0.0284976155749779 0.204889279665461 -0.604844107197249
-0.0140313567117206 -0.00949724898070281 -0.489879145753639 -0.83092064380793
-0.00681264261251742 -0.00803528569180147 -0.939217354787025 0.0162975113246511
-0.0217957239213704 -0.000923316215347435 -0.328120992237165 0.703794401749913
-0.0194433631978602 0.0115237393024678 0.262505149085237 0.491978401281858
-0.0244216542439379 0.0168884358883446 0.31043974036021 0.0994676141501505
-0.00683953095583457 0.0200008840607691 0.113947474504434 -0.195096216732277
-0.00465103605477286 0.0126209757185101 -0.102284699975592 0.133307615067954
-0.0310090187317437 0.00797453423078721 -0.203371797040938 -0.134170294390559
-0.0045444790805402 -0.00819950165423898 -0.125950556676103 -0.469375644285972
0.00799879709534666 -0.0332855722323564 0.491376245253313 -0.421777954536405
0.0247228402652425 -0.0369411159678372 0.819758267565191 0.272907585476388
0.0072425629822821 0.0139072781407413 0.281128932589883 0.879872920625867
-0.0329359157207331 -0.00449156319762641 -0.272084762702079 0.576188282495541
-0.0376590520548215 -0.0197572174019135 0.0578028988484412 0.0394090699834814
-0.0163570663542325 -0.0131114590549112 0.189266856884543 -0.611606945464833
-0.00911519503358726 -0.00463357191327764 -0.514247852516259 -0.814361195964905
-0.00452468999174043 -0.010419055248908 -0.933407039421383 0.0450733199515973
-0.0198960394438601 -0.000155353203660034 -0.30166587168621 0.711451372339183
-0.0168709365505178 0.0166169993389464 0.278184449783163 0.486005227734772
-0.0223601583308107 0.0203295223484888 0.308915575730185 0.0952554881214905
0.000538107277247041 0.0207292168574896 0.112024478903466 -0.197574288217087
0.000895543667427944 0.0142954928113598 -0.100370057134927 0.131278295945418
-0.0274898797771127 0.0107867870372264 -0.204842251937623 -0.132286509699596
-0.0020815400569261 -0.0039235561070005 -0.121625375323336 -0.464344766834796
0.00817850261655078 -0.0317895677616786 0.496643650577327 -0.421787535842614
0.0280848012031189 -0.0358372493010107 0.819650605825027 0.271901928783698
0.0128562057423476 0.0226086036754026 0.278425453431473 0.880811001538745
-0.0356525253312229 0.0132578660222078 -0.276788156375097 0.577115102283606
-0.0449505093688565 -0.00241199685704758 0.0536463076857378 0.0386696052794884
-0.0166822096177287 0.00253324753139296 0.181314826616854 -0.610325305407203
-0.00242363201131253 0.0019530543293292 -0.519880794343292 -0.813872936958887
-0.00211531713183078 -0.0111482180142856 -0.933566966752522 0.0426139998263784
-0.0201568583685123 0.00141609870563321 -0.298338565220508 0.709305315880047
-0.0154792011947901 0.0209512058066041 0.28050941737812 0.487570130024558
-0.0180358655783281 0.0245169928087011 0.307090282411217 0.0977990916951056
0.00792810253745696 0.0216871559976995 0.10971193024712 -0.198951681705358
0.00580408116896298 0.015255828780233 -0.0974180973526454 0.131534156433112
-0.0226065691787662 0.014437740916543 -0.209159827358417 -0.12608227527629
-0.00194134802618108 -0.000921553447536039 -0.132085361642361 -0.457104376487305
0.00450218011385606 -0.0296215632691641 0.486586554936292 -0.438931634202559
0.0281027498383993 -0.0344844191165185 0.828710760164208 0.238096505586073
0.0187652007007247 0.031575442676189 0.305094838118592 0.867908715680288
-0.0370908608916146 0.0295807042772679 -0.267241575734761 0.584662561269572
-0.0513696792037346 0.0131766960151807 0.046854620565154 0.0449142018159049
-0.0168606075806438 0.0179279356436868 0.187789708313549 -0.605906929359204
0.00363824835106344 0.00822596825530226 -0.504069164565127 -0.831368434050589
0.000170475889421415 -0.0104748901229113 -0.942090520095585 0.0104356097701938
-0.0210388970887113 0.00335979606105244 -0.319408693900749 0.700442923175957
-0.0140367041698228 0.0240244218220006 0.273821392230163 0.49480664540277
-0.0125670504845918 0.0282703561219908 0.304973714158319 0.105808220624147
0.0154867361535411 0.0236760211710234 0.10953119296915 -0.198701731700532
-0.0140816877880141 0.0161408499671526 -0.0925942686289546 0.157431093385883
-0.0215059292710752 0.00424878493546716 -0.215564159757744 -0.0906450963288961
-0.021730046050423 -0.0162483677179231 -0.257486460682178 -0.440456094888025
-0.0198372293381417 -0.0217764542949309 0.27936593488114 -0.575412988824202
-0.000323854996488459 -0.0278319895045162 0.830477806786551 -0.055719078695288
0.00352198371790424 0.00273932121917429 0.555500901329356 0.711240192997376
-0.0209399565497721 -0.0349472962006669 -0.12656758204859 0.650396093206621
-0.00377792047477463 -0.0527602132659269 0.0317436998350519 0.111136112038016
0.00389483997878153 -0.0505818414986751 0.295264527103044 -0.521620275537675
-0.0155830818295679 -0.0199757909034325 -0.250552034721218 -0.954620962741688
-0.0143027801295883 0.000516442061910344 -0.939489344778538 -0.285696094868149
-0.0390009156441964 0.00214797072419695 -0.543106866646638 0.579808199274186
-0.0316009325192335 -0.00301552970238923 0.149125781954209 0.542055460648754
-0.0170851838072104 0.0149366847483245 0.302856240404733 0.153233209612138
-0.0116849332468635 0.0285222932277491 0.131720021774802 -0.181251756568181
-0.0166958793367569 0.0146180469341879 -0.0951390583471143 0.153823210786651
-0.0268733280596754 0.00388628700434936 -0.213475210872403 -0.104069025735121
-0.020028237976188 -0.0178157556175589 -0.232265475656545 -0.453880475873346
-0.0143055825943197 -0.0270288312995943 0.326198648631308 -0.546635554859432
0.00280079583560522 -0.030654644101039 0.839135016362547 0.0200934201140119
-0.000220821361299722 -0.000588867656737152 0.504414069815895 0.758372623655347
-0.0228771823367405 -0.0413469808533257 -0.1561942645431 0.63572518635074
-0.00530350885479168 -0.0581389675211223 0.0417949806901704 0.0946365194793183
0.00039183513889327 -0.0539277440614741 0.273117056387527 -0.546905827998975
-0.0191877718045372 -0.0210530090063546 -0.318102021560861 -0.927040731075374
-0.0127339393719701 -0.00167880938003109 -0.950971361031061 -0.201461932587176
-0.0339321692626186 0.00118122274684602 -0.487354979602285 0.62363021811682
-0.028650354738067 -0.0023414148381024 0.181816880113556 0.529199332626431
-0.0208385271100554 0.0129179382192413 0.308539788573276 0.137163552447533
-0.0149647657476876 0.0253328289058263 0.12615414500785 -0.185759899649489
-0.01664675236563 0.0138019767685889 -0.0975260325236948 0.148842400940496
-0.0313370394731312 0.00323207473447572 -0.210069175977387 -0.115999497900016
-0.0170897308851536 -0.0176856871468408 -0.201220025828716 -0.464943531675983
-0.0079882432124983 -0.030889309099041 0.382570037956579 -0.511976160599806
0.00770880439751864 -0.0345525247145091 0.84230101200477 0.102751391239723
-0.00103530677939195 -0.0016267262826855 0.437938667208651 0.803866027472706
-0.0240496616341874 -0.0393876654429396 -0.192740622069512 0.619140395217006
-0.0113128367354862 -0.0551831137972727 0.0506169023307347 0.0753220527491486
-0.00462713670029824 -0.051228782038971 0.245782226124483 -0.573523117903615
-0.019213412217792 -0.0190992645258815 -0.394205401018148 -0.890622176960068
-0.0100845742643442 -0.00375995638941837 -0.950930520107378 -0.106817102716231
-0.0279767006239848 0.00039794163717621 -0.422885463959879 0.66184762667241
-0.0259998949920295 0.00113701202145612 0.218035140572 0.51314441834085
-0.0233071059976628 0.0129354658044337 0.310644409366619 0.119052230437554
-0.0148901008780202 0.0225510454860759 0.121207737546201 -0.188546333210489
-0.0148215206284385 0.0129859612165905 -0.099543137684619 0.142395914885447
-0.0333624474001448 0.0042502756588611 -0.208028631556657 -0.125114762586947
-0.0121649952845184 -0.0158953803802164 -0.172001515409834 -0.471178498984901
-0.00119709967525969 -0.0335433027770995 0.428227377783203 -0.475243862035943
0.0139098637333251 -0.0362880322850983 0.838224183145777 0.178472556252234
0.00049233981913037 0.000191761777405637 0.375048247337435 0.840701982782088
-0.0267831913394358 -0.0322989676934243 -0.226337816982487 0.601950651299935
-0.0195158990011382 -0.047594931064001 0.0567404778948684 0.0586479335266644
-0.0114413794685854 -0.0416379862245484 0.217815789864334 -0.593072693400158
-0.0182346672338524 -0.0147130870801778 -0.458227248290822 -0.853804242440631
-0.00802855789238154 -0.00593942154649578 -0.947979187488008 -0.0272032000827195
-0.0247335708555019 -0.00112143365912474 -0.364003714378703 0.692619682795025
-0.0225141167304828 0.00629980743932291 0.248956645386338 0.500752602458688
-0.0242404005658196 0.0148139486556528 0.313259019725375 0.104970685439558
-0.0105369527301292 0.0202458474127996 0.115508785525869 -0.193870798519326
-0.00977143473441939 0.0122763944981379 -0.100394704219086 0.137589848167916
-0.0329842332175 0.00553423693294303 -0.206579311075095 -0.130173205498671
-0.00789540818063851 -0.0122420664823741 -0.150226663724542 -0.470360301303325
0.00417652009478993 -0.0341416992740027 0.462314212313617 -0.447010510971242
0.0190788154716737 -0.0372591262685042 0.829859500770236 0.232797791769875
0.00428998330586569 0.00554108650709565 0.324579958787553 0.863204192692545
-0.0299820469759364 -0.0196837693402351 -0.248645586224289 0.588844903549939
-0.028755969403571 -0.0347160530556506 0.0594306457534819 0.0467689752780175
-0.015189211897706 -0.0286267490492678 0.19452710500874 -0.606202355803816
-0.0147535052788284 -0.0103366650065495 -0.502614654050328 -0.825171300513391
-0.00682460136765667 -0.00821064574140644 -0.939473592708008 0.0328871494579129
-0.0218797668421012 -0.000729099709776138 -0.319096762160411 0.709704202810225
-0.0203428438487332 0.0111781786903315 0.272062515475529 0.488761607894859
-0.0237334172463831 0.0178993560137738 0.313208953443352 0.0952537334843382
-0.00612998503387837 0.0203458658104063 0.111047710054701 -0.196510087553658
-0.00429429148420859 0.0128634012165781 -0.101314411400216 0.134756194542293
-0.0315163547609846 0.0085047785814655 -0.206426070426722 -0.131593780277299
-0.00450882396895645 -0.00785019993526386 -0.132524852455588 -0.466533009720157
0.00753398738872208 -0.033391608903018 0.486115011567797 -0.430550604187605
0.0240044393112082 -0.0370304690614508 0.824368049979717 0.260355803711967
0.00855609708012359 0.0139398569788465 0.293994237476165 0.873164386126695
-0.0330810245755119 -0.00337797085153672 -0.263890608147645 0.579860947315096
-0.0377535570385475 -0.0186021983092249 0.0583370350665238 0.038761658960694
-0.0169668793755274 -0.012567389722798 0.179177704011712 -0.614577101375382
-0.00888033132321578 -0.00464880536703293 -0.529274983602374 -0.807219260700515
-0.00447281956496024 -0.00997711770529409 -0.935108031504508 0.0584449367747857
-0.0202780487890439 -0.000114021209020477 -0.290573359594685 0.718639155978192
-0.0168973121288857 0.0171213722988974 0.287302950177285 0.482358121576223
-0.0214372844884043 0.0214303886599008 0.311983597117459 0.0908995878536323
0.0015300413500023 0.0208428114026099 0.109206060743732 -0.199648922998841
0.0017207826968522 0.0135991287751892 -0.0989855574852418 0.133099358320057
-0.0268479271873657 0.0116675008990532 -0.207993150157247 -0.129639253572415
-0.00163457876925505 -0.00432503958206598 -0.128884342613385 -0.460821814838321
0.0077550314505556 -0.0316166739588507 0.491191245957318 -0.428549555141647
0.0270128033695231 -0.0359462205037951 0.824618757970801 0.260288211217658
0.0139340745906317 0.0222717865486736 0.291134078577737 0.877170670830487
-0.0367947924477516 0.0139189575766731 -0.268802118053197 0.580088565254507
-0.0459176551514097 -0.00149712474770307 0.0545310812137418 0.0381407021565303
-0.0175704302485985 0.00285574325604301 0.173509949097987 -0.612701404607022
-0.00225820552353064 0.00226515425689527 -0.532395354445895 -0.80631384989715
-0.00234348881072034 -0.0107333774755464 -0.934824030063881 0.0572839942237608
-0.0199645927991597 0.00146757391144893 -0.288774797965607 0.715663966028894
-0.014713738101243 0.0215357732910968 0.289281693252555 0.484778775948574
-0.0167198517648366 0.0259640175499293 0.308870546476279 0.0931225537403171
0.00986011386345542 0.0211601510762788 0.107003233464755 -0.200675116104863
0.00649977433343217 0.015093359978957 -0.0962982254587827 0.133204786756036
-0.0220277519717341 0.0148314227139784 -0.211991221825953 -0.12252813238834
-0.00174082820734321 -0.000696350399234434 -0.137408419027332 -0.4529567462959
0.00495179372370917 -0.0292003564498313 0.47966001571837 -0.445918286915611
0.0279210102914895 -0.0349145347293132 0.833193169639175 0.226003875855491
0.0197912435072082 0.0308700193214579 0.315441510129747 0.864928090846792
-0.0377727762972924 0.0304640247736887 -0.258406469385949 0.588798810842829
-0.0514660634108681 0.0143406150048532 0.0470732999586044 0.0445830948179984
-0.0169955462022449 0.0179562592016823 0.178590892863228 -0.606859488018056
0.00388334708163279 0.00768534280987428 -0.516800841453274 -0.823986522792527
-3.93483718827067E-05 -0.0102090911441615 -0.944013117572599 0.0231034554027688
-0.0216986478882727 0.00383889064705535 -0.309629890642817 0.705770041041507
-0.0140858110290155 0.0243736235245337 0.283108505009037 0.491355244823669
-0.0117093190457246 0.0288399669825299 0.308303042707804 0.101736583886895
0.0163178945633664 0.0225881087525663 0.107075998363741 -0.200259837963838
-0.01329229412748 0.0160470854649119 -0.090319023658843 0.159464520487347
-0.0213336147947102 0.00467225760551164 -0.21832437867116 -0.0882449405211774
-0.0218114409316361 -0.0158440699720728 -0.262466681826509 -0.434683505164996
-0.020110413629975 -0.0212195216104112 0.269467226057654 -0.578601425169591
-0.000507909374287401 -0.027370167157034 0.828470649313534 -0.0675363577112436
0.00417130288816688 0.00236842675943136 0.564912387975816 0.703464356148596
-0.0215707634592508 -0.034710370344816 -0.116711153963295 0.649354384308756
-0.00459328999402527 -0.0522126206315991 0.0336270892906579 0.110551567203887
0.00310758482701298 -0.0503155731188297 0.287597447032193 -0.522828727094626
-0.0166502642382677 -0.0194699305415258 -0.265014908419335 -0.950123095923236
-0.0137227001537151 -0.000400896833740928 -0.944035044561754 -0.273640408831225
-0.0393098957369741 0.00344507703600669 -0.534029563165429 0.589817764181291
-0.0315988257044511 -0.00311781869531311 0.157289926993015 0.538669748482383
-0.0159738590579448 0.0152007490998483 0.305781894307891 0.148000515652044
-0.0108727392030656 0.0283167872226779 0.129244652955786 -0.182950378879121
-0.0166024658072853 0.0144667991210109 -0.0930053023299468 0.155548782184698
-0.0270309568169007 0.0047893140829609 -0.215619170427336 -0.101362707863035
-0.0200282591074508 -0.0173809164152644 -0.239944016291518 -0.449535994075508
-0.0150456132636512 -0.0272431965525273 0.320355586362387 -0.552926888335555
0.00265890575269305 -0.0314914796361032 0.839557263898049 0.0067290209915531
3.13958577559999E-05 -0.00143860368937058 0.511907624250643 0.749385894480565
-0.0239107298009636 -0.0405433511950566 -0.146284457414103 0.636981795211562
-0.00612601287194889 -0.0571063813035337 0.0429779628459797 0.094168109859047
-0.00147213267503614 -0.0540175387752172 0.264039115653148 -0.549497975783534
-0.0195532029215597 -0.0209302208629864 -0.332895692449311 -0.922143267176274
-0.011620930258983 -0.00140804896878665 -0.953987129063801 -0.187527154734856
-0.0330980187125624 0.00137952735760175 -0.477973367345774 0.631385919963744
-0.0291777796374775 -0.0019779403814505 0.189323591484587 0.526374997711481
-0.0201710807469053 0.0134229499599824 0.309818143206145 0.13199797009568
-0.0138933729625906 0.025616407855898 0.124322852366125 -0.186965333382633
-0.0159317780868911 0.0134362166332737 -0.0952069541687251 0.150595652069721
-0.0315905554734039 0.00408573136565816 -0.212705161202746 -0.113085100766964
-0.0167489603680754 -0.0166208314585577 -0.210228191808258 -0.460281995312207
-0.00843967971692164 -0.0305340902844691 0.375788203599951 -0.515536432599832
0.00741552870312569 -0.0343021457359168 0.843563322595213 0.0931738359481487
-0.000469811473548923 -0.00191518914842233 0.447149193511279 0.796597069085383
-0.02574278914786 -0.0387604796633821 -0.183548294482452 0.619769939393782
-0.011841779130293 -0.0542274178484968 0.052094945878538 0.0746799942270939
-0.00689105324359389 -0.0508884064080418 0.236590013357241 -0.574965069630515
-0.020315407494475 -0.0188819200636628 -0.408418553313736 -0.884967701157562
-0.0105424177938227 -0.0038025377232793 -0.954763056155408 -0.0927172568906071
-0.0286997487751814 0.00100186707639151 -0.413678679246323 0.6701557799365
-0.0258537779814133 0.00136122393993113 0.224781816986058 0.511258450309251
-0.0225664730475251 0.013828082678698 0.312356135379362 0.1144033392592
-0.0135373120669402 0.0230747975569202 0.118557491250957 -0.191907121457693
-0.0138420766567264 0.0127026088329185 -0.0977432650805824 0.14461915323484
-0.0332230926828861 0.00489412004196889 -0.209501361812985 -0.121963283178601
-0.0126639124377822 -0.015622456500226 -0.179880273979641 -0.466403596473774
-0.00164226274609461 -0.0336636566158807 0.420994448387893 -0.482489194979293
0.0133476952325866 -0.0365631955826587 0.839213620255964 0.166581816916997
0.00095947364382872 -2.1803433867873E-05 0.386180786782713 0.83483050872834
-0.0275297313876448 -0.0313028505530808 -0.215698578207371 0.604323234112905
-0.0201225254047624 -0.0459990407044933 0.0573280620367718 0.0580764808398941
-0.0125794072176862 -0.0414363336184386 0.208814401083041 -0.594585145971781
-0.0184752501505558 -0.0144445842605402 -0.469585876289666 -0.84617225115767
-0.00829076102921303 -0.0055955961835978 -0.949055909029028 -0.0138797139058105
-0.0248031770841796 -9.76262101997603E-05 -0.353283037152783 0.697775431054925
-0.0225059401458052 0.00655456586965892 0.256840785054964 0.496371820328674
-0.0239392001393294 0.0156343313920217 0.314542972454192 0.100289453979542
-0.0104386705335074 0.021286929047171 0.113391044805715 -0.194920982134661
-0.0093706637599743 0.0124827907313657 -0.0988195133574432 0.139102994730742
-0.0333943463085062 0.00627780073513997 -0.208504546869691 -0.126278306509277
-0.0080291374898564 -0.012291802808024 -0.155519406136851 -0.466091599258804
0.00374816083326672 -0.0340381483113945 0.457413144434244 -0.453018925470594
0.0190491463043589 -0.0374845801703695 0.833728150476556 0.220941952681552
0.00440208189533284 0.00515953934655506 0.3362875747425 0.858859799406276
-0.0304774478226284 -0.0191757959864283 -0.240566619570402 0.590198024020464
-0.0289653956227124 -0.0334559696884447 0.0597864145557194 0.0456272359490643
-0.0160112500616772 -0.0281945413949985 0.187119802914355 -0.608125971508052
-0.0152109879890371 -0.00988261078734235 -0.514643749598126 -0.816752842221199
-0.00646381861026636 -0.00826877633953929 -0.938679808572178 0.0451377663570669
-0.0221521454423999 -9.7267288262589E-05 -0.307522256572011 0.71437491509934
-0.0198068783841788 0.012057041212926 0.280189034683207 0.484986217884085
-0.0229428840613972 0.0187820844410812 0.315598391756519 0.0910069181246978
-0.00517711819949959 0.020556196056386 0.10851145623428 -0.19863244898701
-0.00408390758654489 0.0134295195637889 -0.0994454841300812 0.135310332538157
-0.0311489099311955 0.0082471651001634 -0.208072267261104 -0.128541407579502
-0.00397508263900551 -0.0078535390425325 -0.139956318228763 -0.46387567900398
0.00710498357957252 -0.0336954442567558 0.479354524567302 -0.437427370917
0.0232285460515855 -0.0373053277404774 0.829669061551537 0.250028052773495
0.00883685043985244 0.0123019962931161 0.305715953110496 0.870802736731588
-0.0341677165475339 -0.00220486017586893 -0.255880543262633 0.582086349199598
-0.0379685082200268 -0.0171452214350784 0.0587714671297284 0.0378258092222639
-0.017752998972472 -0.0118265094724028 0.170177952543926 -0.613559491627419
-0.00945856888869108 -0.00435208387304716 -0.53945635261027 -0.799070185480445
-0.00427521143923937 -0.0103645079468711 -0.933958252255202 0.072055692146543
-0.0201123631413094 0.000752363157200075 -0.279682754287363 0.722903471042674
-0.0166723423152153 0.0168824653661241 0.295093793571657 0.478358263379164
-0.0201106352245829 0.0221463942639932 0.314351352373247 0.0869595196412582
0.00263618771090505 0.0201905894172221 0.106513881404728 -0.200181620643418
0.0018902126944548 0.0137134909436379 -0.0979368242537707 0.134324770342626
-0.02664636918205 0.0123834730748388 -0.210346571517638 -0.12635017196098
-0.00206947989700056 -0.00423360462526277 -0.135969108063458 -0.458046947460203
0.00702567791937506 -0.032149146657394 0.486597441866013 -0.435419916855764
0.0274790029527925 -0.0363485490745344 0.829269558097578 0.247391658275262
0.0145687557519527 0.0214677231976799 0.304442771722661 0.871761518528146
-0.036405846865853 0.0145716285342207 -0.259812852012796 0.582971386144343
-0.0453483875626494 -0.000200124381034013 0.0543436909621875 0.0372215115983396
-0.0182904486184435 0.00385903393778153 0.164819703966749 -0.614667618022748
-0.00314674295422082 0.00170631927675738 -0.54453170864553 -0.798672421506255
-0.00162277149921385 -0.0107077394297245 -0.935190316934558 0.0713156445307694
-0.0205568681911689 0.00207495637541954 -0.277841486857403 0.721722396281029
-0.0150230926012026 0.0218971299866442 0.297180721588085 0.480449165670529
-0.0158273719072514 0.0259947728660093 0.311956574442317 0.0886749410117158
0.0104272559802566 0.0214402250960421 0.105446044768151 -0.202419635089513
0.00749753098513397 0.0150619372567317 -0.0945613759369609 0.134489863849536
-0.0222284620265591 0.0154465418509371 -0.213862714934603 -0.119594039537004
-0.00191514026847143 -0.000947806298872802 -0.143763901881616 -0.450569571237034
0.00377933316072187 -0.0296791735625347 0.475423961924506 -0.452660248265168
0.0274217851316119 -0.0350578922894417 0.837598437271479 0.216453014599618
0.0204061330249782 0.0305283164008216 0.327902774655107 0.861036000005323
-0.0375092172684118 0.0308756282032674 -0.251989169602712 0.590866363111064
-0.0509122748141492 0.0156496033617225 0.0481222717476032 0.0436464459041042
-0.0165174239226597 0.018728801719871 0.170328689793712 -0.607931990520758
0.00323862103223782 0.00765815485845809 -0.529913759017519 -0.816603935790393
0.000765797853675153 -0.00971027055983656 -0.944067291139082 0.0386400063499522
-0.0213474557454016 0.00435718968387744 -0.298570147408339 0.711353061888887
-0.0140616813162453 0.0245739566246551 0.290598645967577 0.486602403728574
-0.0105666507878812 0.029471581872668 0.309411579275054 0.0973702642078557
0.0176952614454345 0.0218975153429425 0.104366195473064 -0.201757929896651
-0.0133151663312986 0.0170233358736347 -0.0881239954279664 0.160198178228496
-0.0209122951601206 0.00544990620920062 -0.218938243716816 -0.0851374187143512
-0.0220384038156763 -0.0158202675663031 -0.270331824991924 -0.429193974195687
-0.0206823406525834 -0.0208388221938451 0.261212463732344 -0.581803678809649
-0.000536482291684425 -0.0271602632058003 0.825945347580458 -0.0778029853173367
0.00423618076294277 0.00198176637416306 0.572621369388623 0.692549580575797
-0.0218280048372892 -0.0340475548801818 -0.106269229079375 0.648406501647261
-0.00515722139888173 -0.0514962264415101 0.0352241934346609 0.110900413377833
0.0017827043876296 -0.050266422802449 0.279678284894396 -0.526027889671421
-0.0165368863165373 -0.0195821552281308 -0.277980735154222 -0.944476316345838
-0.0131580706396337 0.000224891060989281 -0.946180567003956 -0.259322613491964
-0.0393167340364678 0.00306870685740483 -0.525579373075274 0.595615269486459
-0.0319357173036916 -0.00218209444344501 0.165049911163479 0.535234313695981
-0.0150832495999045 0.0162356329259389 0.308835782109839 0.143447510414051
-0.00966095206690675 0.028493721551925 0.12681768395748 -0.184037288504424
-0.0158613569395517 0.0151216695992881 -0.090472053484729 0.155743903021112
-0.0263925777056279 0.00463960784297611 -0.217678606452821 -0.0968294825389986
-0.0192420694777978 -0.0173665067972717 -0.246263578426959 -0.443456038885752
-0.0152034366610314 -0.0267911162154196 0.311167950202624 -0.554039892921213
0.00176298332782023 -0.0306486193317177 0.837698672340579 -0.00573050298238158
0.000436329913802975 -0.00130504727516882 0.521807817907913 0.741189469318133
-0.0243004835255486 -0.0393534765066801 -0.137742728808767 0.636658514381578
-0.0077004863429525 -0.0563977831258354 0.0442218439465717 0.0931766263077029
-0.00258860622039653 -0.0534907741120772 0.257096520089216 -0.551080678030581
-0.0201968209088209 -0.0203816614350227 -0.344508723023892 -0.915225255281222
-0.0119522325061517 -0.00132596609836839 -0.955708569478776 -0.173410352257546
-0.0342070004212593 0.00260522556917695 -0.466997144143344 0.639308813500456
-0.0293912507009608 -0.00136691778889361 0.197359886786321 0.522335695368454
-0.0197602123533525 0.0146667989977818 0.311882215208461 0.128488584761553
-0.0126463684397147 0.0255316073043531 0.122063939467073 -0.18799554252331
-0.0158504143369747 0.0136787215087594 -0.0935840368090626 0.15038068592394
-0.0313959090206251 0.00462058100244026 -0.213457103855657 -0.110199346444045
-0.0169259300663686 -0.0174032631619524 -0.215350525115706 -0.454231186991733
-0.00865987035844241 -0.0307242525077694 0.36748894729352 -0.518143845635096
0.00739536418338646 -0.0341865789292629 0.842579885035946 0.0806948315737777
2.63899812595527E-05 -0.00261357443661205 0.456500206719202 0.788802269938167
-0.025637385841092 -0.0384372384285551 -0.174982898531114 0.620072805734381
-0.0126857946305521 -0.0546212560196635 0.0524769927527357 0.0739284638239267
-0.00800363529874032 -0.050026165183968 0.228031885460493 -0.576807421499318
-0.020831415900512 -0.0181682325166845 -0.420097277026147 -0.876679556030806
-0.00964749753994385 -0.00346676355841715 -0.953516519444514 -0.0785288241963361
-0.0286002709744929 0.00135272698192361 -0.402055310486618 0.672886223028081
-0.0270072400033372 0.00159997303750518 0.232436835060368 0.505766256572409
-0.0219751715416899 0.0146860815957069 0.315359155448861 0.110573900667407
-0.012178449743264 0.0228049265015603 0.116255923060348 -0.192051791438112
-0.013328338346516 0.0136064974836463 -0.0952301385756197 0.145704507268262
-0.0331689996544106 0.00545041486181584 -0.211124682699062 -0.118061735981739
-0.012808952766505 -0.0156596638676401 -0.186785675306398 -0.461668361226014
-0.00223720380063808 -0.0334800243981469 0.414970369222481 -0.486073344885128
0.0125058234022135 -0.0372568854961347 0.839554590198155 0.153518031468516
0.0011221853591795 -0.000757017010099673 0.396097102035243 0.827004641473119
-0.0276781125610776 -0.0299923399384669 -0.207560181053559 0.603976586624211
-0.0205492861868085 -0.0459577335166822 0.0573529061860105 0.0564051041434954
-0.0137981395899069 -0.040942491383151 0.20153523784711 -0.595929120929307
-0.0193006736206661 -0.0145895319222755 -0.481906777256756 -0.837459819713155
-0.00762334519011464 -0.00543481521432967 -0.948866045982888 0.00120156808289889
-0.0245204959470102 0.000532513825306048 -0.343414940472436 0.703213670800312
-0.0226796962646744 0.00634683910766469 0.263137682555049 0.491633948463117
-0.0237585538871834 0.0168847657963832 0.316849641457252 0.0950645261178124
-0.00925689912175563 0.021365064950967 0.110897540366616 -0.195580533409211
-0.00890411910448509 0.0127477370872169 -0.0974651360680698 0.14057305700295
-0.0329176550062697 0.00718682928209261 -0.210424871067417 -0.123783124843879
-0.00800891834179264 -0.0123948410097226 -0.163912745566359 -0.463086940787929
0.00336843708207044 -0.0336500873042486 0.451181766459539 -0.458667660822232
0.0184234004484916 -0.0383682667133453 0.8348320331685 0.206849578623024
0.00514721558615517 0.00433347365322552 0.346726165772045 0.852106278572145
-0.0309840137884057 -0.018288550796957 -0.231346358003088 0.590764789726866
-0.0292999148985925 -0.0323524876756932 0.0600186355653668 0.045491089146868
-0.0171057944614058 -0.0273995673808804 0.17708056654621 -0.608044923413492
-0.0155188985075433 -0.00970453690475819 -0.524567253319725 -0.80758374580784
-0.00657356818955989 -0.0079639031767793 -0.938938015639417 0.0609060089319948
-0.0226234373304962 1.73500076868609E-05 -0.296879587177112 0.718337932129874
-0.0197416095272989 0.0118876995078289 0.287404129359302 0.478848264392305
-0.0219375691649687 0.0199825997693834 0.316085369193741 0.0862935368839833
-0.00383878242825013 0.0202201405043189 0.106326425375311 -0.199664585899909
-0.00364303708770213 0.0132559401143153 -0.0971560648393934 0.136655214075066
-0.0308531895282503 0.010080546069124 -0.210395158414258 -0.12469786371181
-0.00399997984684124 -0.0078341589054974 -0.146435949453275 -0.459142518586944
0.00704114529521774 -0.0333800385067655 0.474204965291753 -0.442010254500414
0.0228104769300543 -0.0375411544046087 0.828821380658346 0.238500729122751
0.00938276535165133 0.0118513743633425 0.316416644699425 0.865370998408089
-0.0334575916591269 -0.00205183557121392 -0.248534936655938 0.584244761599441
-0.037819295835289 -0.0162507669355802 0.0586569595441304 0.0367987357010357
-0.0184335124285635 -0.0115762622760214 0.160833722271289 -0.614098781967757
-0.00958770794100106 -0.00452319487788379 -0.55115042693554 -0.789704144346335
-0.00444767316346476 -0.00984129597964616 -0.932737519025735 0.0860330546096573
-0.0211473240687742 0.00151860793063215 -0.268115609259613 0.727330571892168
-0.0163043265292543 0.0173555474864193 0.301955292217324 0.473085220018379
-0.0191987229032495 0.0235410579372864 0.315190125995171 0.0819559380856644
0.00302332300966577 0.0198580125265954 0.103817940180582 -0.201994818950253
0.00261205302779136 0.0139143208130583 -0.0962053682983271 0.135366033641807
-0.0266862061121996 0.0127047031481556 -0.211894277079997 -0.122862022030063
-0.00251939873381907 -0.00408165061352558 -0.142070595788491 -0.454450822615557
0.00619295527277216 -0.0311266796623239 0.480046926164251 -0.440520357900337
0.0259402194465683 -0.0370340946661264 0.832253982032171 0.237442164001863
0.0151995837709889 0.0211120672646974 0.315718865738824 0.866736339409665
-0.0363649670831211 0.0149102114837401 -0.25174436911776 0.584524426635049
-0.0451527154385994 0.000627035029435008 0.0552308878109217 0.0366158025612723
-0.0189867072837262 0.00400778648415989 0.154860895672833 -0.614098013791411
-0.00269012565423727 0.000902258318400951 -0.554473045466812 -0.787973380748712
-0.00216453258539009 -0.0115715868523418 -0.933128935565473 0.0834418205064043
-0.0207423825655064 0.00168641569002988 -0.267302834659436 0.724815685638597
-0.0139773041294885 0.0221035125373065 0.305084183028871 0.474721945678831
-0.0144918220325499 0.0274640394299808 0.314334236510934 0.0838996479775588
0.0118439407182624 0.0201787713078201 0.101825716557966 -0.203408240874521
0.00759968067636548 0.0155150733774921 -0.093261856736896 0.135954324363237
-0.0215498318241694 0.0157321639207413 -0.214949546699869 -0.116958035418683
-0.00171259653784525 -0.00113038304547729 -0.150301804458062 -0.445497043841799
0.00336741332308079 -0.0286170319187455 0.467449778132684 -0.460280430096584
0.0269978512813411 -0.035497104477854 0.838351560206349 0.204374332495325
0.0214556507001423 0.0290652795579776 0.339349549648702 0.852183246665969
-0.0370717846472306 0.0316130387106458 -0.242749192834624 0.593986583427846
-0.0501714926057198 0.0165776680653497 0.0489721938957305 0.0415864385289684
-0.017739493485269 0.0190035317942262 0.159909636183878 -0.609007370857303
0.00332364859967463 0.00795184121113852 -0.538448995483689 -0.806683765615405
0.000625767757048128 -0.0100497292856377 -0.94030014575563 0.0521916941777181
-0.0216382254409768 0.00496870944210533 -0.289542447662639 0.715094675352881
-0.0145441105348985 0.0250189039836883 0.297978027686526 0.482187683861362
-0.0102999476741517 0.0297717010332124 0.311209284018624 0.0930323342709277
0.0184133287759841 0.0213543453036976 0.102223700310197 -0.202495305501102
-0.0132688978229619 0.016703144097282 -0.0856461482365364 0.160331990902127
-0.0203762959895445 0.00619893572673589 -0.220078150287939 -0.0819077208574473
-0.0219627085091002 -0.0153801186331814 -0.274996173247309 -0.423516016965151
-0.0206789747811212 -0.0201303218698309 0.253202685296364 -0.583105715915248
-0.0013169511662524 -0.02646166349006 0.82163114873027 -0.0923272869916382
0.0046810757084727 0.00142778132303338 0.580876477116012 0.683523493743141
-0.022740320038886 -0.0329573131195684 -0.0986473016300121 0.647099554376026
-0.00581682226618298 -0.0515284299090478 0.0369072130664134 0.10889936649626
0.000911788326825988 -0.0496560923434975 0.271028051669482 -0.526553260651597
-0.0170831236500822 -0.019202656811774 -0.289698348587923 -0.937124958811848
-0.0130948110589043 0.00098157144083405 -0.947505260949147 -0.244422486192942
-0.0399626067108768 0.00362993779475708 -0.515527525238271 0.603346470006084
-0.0322438655362762 -0.00186580793256691 0.173024508141416 0.53149462573205
-0.0143403076138419 0.0165931665944659 0.309834651292497 0.140416025377609
-0.00887434885192882 0.0281834834554251 0.124440368191343 -0.186001254306817
-0.0151720615390224 0.0159613155331882 -0.0879017409592251 0.15686292706964
-0.0268406351291099 0.00607752330583756 -0.218213218442807 -0.0946816731921333
-0.0205287859982744 -0.0171215395263906 -0.252048143393428 -0.437010722426198
-0.015297183599116 -0.025420715089697 0.302893003402182 -0.556706705443692
0.00156025712104139 -0.0306921702928946 0.833655637183767 -0.0157806922446181
0.000896337077864412 -0.001608746868612 0.530095453328553 0.731365229655485
-0.0252608009091437 -0.0387218406486471 -0.129215967916242 0.636537774336316
-0.00775301244046888 -0.0552406455763406 0.045310001613013 0.0919501506864279
-0.00478244903585266 -0.0537469405473773 0.248447000628062 -0.549924167597426
-0.0197571252860704 -0.0206503505212132 -0.355397701516903 -0.907636328570795
-0.0120016774062946 -0.000485035999001012 -0.954459700210856 -0.160438370868609
-0.0341253115274517 0.0024409789221343 -0.458485065977286 0.643873596533832
-0.0293056481926791 -0.000753092439647975 0.205514700079265 0.519086930344507
-0.0182744812479746 0.0154088423541902 0.313996575004541 0.124215776869993
-0.0113301513065999 0.0258214682975688 0.118794707367256 -0.189650347015937
-0.0145923697386936 0.0147259841925329 -0.0915108389029955 0.151070048841347
-0.0309681093493968 0.00551124298024973 -0.214646221451962 -0.107149979324622
-0.0170600665355393 -0.0167349474713768 -0.221472971152898 -0.448143148496532
-0.00876563522212592 -0.0300686656235304 0.359880315356689 -0.522491546606514
0.00636435045081592 -0.0342881142375878 0.841759605474782 0.0688170998752547
-0.000252024685449582 -0.00310276850590569 0.464989967230664 0.780031707703296
-0.0270709067321133 -0.0368942661002582 -0.166455176690839 0.619611363473934
-0.0132881135284485 -0.0539601466950622 0.0534133812166536 0.0729104658077759
-0.00875625818106415 -0.0493255615766437 0.219609255850292 -0.575471615943065
-0.0213238408237556 -0.0191878857005478 -0.429304253068412 -0.867515643932257
-0.00956397338440564 -0.00305080504421554 -0.952760581133763 -0.0643226364542342
-0.028512354874429 0.00137727144408574 -0.392863156594273 0.679138148415531
-0.0260118291697607 0.00220378532799129 0.239899305271769 0.501734100779271
-0.0207020967519638 0.0150146326611985 0.316270646870848 0.105975859136093
-0.0117744983608194 0.0236664915379757 0.113045936545972 -0.193499984157051
-0.0134153289886985 0.0138252414717823 -0.0941789117874818 0.145902907413572
-0.032630185136074 0.00610622253485536 -0.21253547065922 -0.114573391681588
-0.0127424677336538 -0.0156034232836143 -0.192989344018771 -0.455207754785037
-0.00240764750729141 -0.0330740986910606 0.408880617967582 -0.489876663964566
0.0118330979127033 -0.0369765517160335 0.840177626047103 0.14366289212803
0.00200410116650851 -0.00106984070543075 0.405932747497881 0.819281559871104
-0.028197718035561 -0.0296145867662718 -0.19971980175162 0.605234790865117
-0.0212370396095832 -0.044834337544185 0.0583920682117941 0.0556550645271904
-0.0150227607538058 -0.0409224074054714 0.190480944650761 -0.595616617185913
-0.0196486459721574 -0.0147007912797761 -0.491972014813903 -0.826524272901454
-0.00762480128120114 -0.00536812761508227 -0.944852315765191 0.0136609988409912
-0.0253262607420092 0.000318753048656754 -0.330884128294996 0.705741150352194
-0.0232884536350379 0.00688533476668124 0.270545148633625 0.486414078908728
-0.0217515107577807 0.0176337264448555 0.317932061800045 0.0920520269318999
-0.00760773428448127 0.0207220456839517 0.108085875060385 -0.197477873151214
-0.00816942248256099 0.0125421253266976 -0.095204989774732 0.141765479738459
-0.0327720695041363 0.00763654958820973 -0.212293431890848 -0.119739100977587
-0.00810226427167616 -0.0124365747456193 -0.168535467034931 -0.456276373353676
0.00306211039211321 -0.0335441805334507 0.442856694871758 -0.463287750488885
0.0174207592551652 -0.0389942435360785 0.834139528304203 0.196484274703396
0.00509564717626364 0.00374765277804366 0.356461473574975 0.843797859240748
-0.0310184934630752 -0.0176304727662481 -0.224129394000226 0.594116796549718
-0.0297182164704031 -0.0318564391410155 0.060213819469367 0.0437072948767007
-0.0178656510593129 -0.0270241311650603 0.167738490048635 -0.607032634406032
-0.0163315269904168 -0.0100094227104934 -0.535223712033618 -0.797530981758931
-0.005606732611112 -0.00768427337618946 -0.936759578749648 0.0704733254120146
-0.0220292852745653 0.000665097861715331 -0.286190664764135 0.72031274624302
-0.01988195610449 0.012003040316902 0.294426293411491 0.473007845434807
-0.0207027991534762 0.0206274272394277 0.317972376263369 0.0818747864395569
-0.0028640770925056 0.0197089195182813 0.103898723001383 -0.200841637395262
-0.00281328533192215 0.0133418478208441 -0.0958694387262692 0.137460389371815
-0.0305172361101921 0.0105092656125272 -0.212230009948452 -0.122487058909423
-0.0037479919394864 -0.0078720826262433 -0.152281313981682 -0.454627720071666
0.00608907918642472 -0.032743213683861 0.467399876747566 -0.445490003036619
0.0223128196307086 -0.0375511298960039 0.83137876670037 0.226872557865965
0.00999750087216777 0.0116603496023723 0.326581698939129 0.857117847288398
-0.034370359570348 -0.00127509896651085 -0.239947271875478 0.584492843664137
-0.0370215234732114 -0.0156436358361927 0.0595210320093212 0.0362382327179419
-0.0192641287586934 -0.011746187476619 0.152514504397976 -0.612651712571862
-0.00966162909250972 -0.00440850868134028 -0.559355439195648 -0.77950628246284
-0.00370581018220729 -0.0105235692732696 -0.926879522338675 0.098359840785012
-0.0209830321416156 0.00182326171527603 -0.258122402192895 0.728299619719569
-0.0166104022184917 0.0176486503521333 0.307167344073496 0.467222085397897
-0.0179663973225064 0.0235773450948273 0.315936912567295 0.0775358095989762
0.00493070272830881 0.0194677606929749 0.100396453634659 -0.203018174047972
0.00314848173537487 0.0138343956849851 -0.0934497446818171 0.135831311873275
-0.0264566828020939 0.0135629815393454 -0.213475183316062 -0.119236519615188
-0.00255081236918693 -0.00423833943693074 -0.14723861434591 -0.448391265529123
0.00603304069132385 -0.0311687968868724 0.473719429430055 -0.444488694257172
0.0257777453104725 -0.0372208042648855 0.831167048355092 0.225864916253554
0.0155384690370215 0.0190470416711825 0.324506246215001 0.857778505602392
-0.0357324516311916 0.0152310424713317 -0.244557871456012 0.584483630132857
-0.0446285761504083 0.00138744848366783 0.0553884715876156 0.0349024630887783
-0.0187121247936586 0.00449362540933605 0.145910558611019 -0.613115950399381
-0.00309394881900573 0.000459157067547594 -0.56401964916902 -0.779308915816372
-0.00208183114144247 -0.0113066194284339 -0.928530409989864 0.0953626018116763
-0.020977444400229 0.00307636977186191 -0.256557401770988 0.725550615279305
-0.0151801598563748 0.021578205131581 0.311336585324684 0.469117229310615
-0.0140591381482964 0.0271436606426271 0.314932135109836 0.0802656041172019
0.0119135992774187 0.0203704388972664 0.0995210380003072 -0.203818564438479
0.00739270775807715 0.0144628447045208 -0.0913635784066425 0.136402059817635
-0.0216295133562665 0.0170207108110822 -0.216344327348615 -0.11294414701315
-0.00199679229827077 -0.00092830949962508 -0.154824212113188 -0.440160930067493
0.00270644676658922 -0.0292688865887263 0.462377890132876 -0.464225099570028
0.0259993603873432 -0.0357870697627678 0.836433180206927 0.190186853313013
0.0218976974598946 0.0284236885361896 0.348626034332311 0.847171031607194
-0.0372671877337515 0.0316910929640997 -0.235327050006841 0.594387420363116
-0.0493783232918636 0.0174779087061352 0.0492925356561073 0.0412146144210408
-0.0173671222028688 0.0193671699149095 0.152381097858369 -0.607166561034515
0.00351161682368584 0.00760758078891245 -0.548955934446806 -0.79621041914373
0.000948388195361825 -0.0104925813650231 -0.937941440937832 0.0636979873932321
-0.0217763863620793 0.00483917024874945 -0.276381930456135 0.717129152570043
-0.0139085091609035 0.025159117986102 0.303287361591325 0.476498130717282
-0.00877840195862222 0.0309904647378508 0.313168854840154 0.0883390549967588
0.0199281663721835 0.0205646935345166 0.0989748755157846 -0.203699798188667
-0.0119634502659667 0.0180880189373882 -0.084288219346727 0.160907672564464
-0.0206521149016755 0.00604057651435791 -0.221662084981227 -0.0791708551415716
-0.0212956357396325 -0.0144744119133631 -0.280179776154427 -0.41684603200877
-0.0212347970876627 -0.0197832993310496 0.245073584184498 -0.581983674634527
-0.000896862423514424 -0.0269702300852442 0.816245877187058 -0.100136050890326
0.00512941267019832 0.00101813291040217 0.583789808790131 0.672854518822028
-0.0236817390026356 -0.0321315300705131 -0.0913391888509982 0.644151328769479
-0.00653545104932916 -0.0504426371795783 0.0373995270689536 0.107946611163869
-0.000514636849089201 -0.0492649059824126 0.263238938041309 -0.524989206819117
-0.0174075781304849 -0.0192115630100912 -0.300941153695382 -0.931097386435379
-0.0125192722408174 0.000603066689014393 -0.949355163165711 -0.23369484152397
-0.0387262929409598 0.00519018262662166 -0.506975442892439 0.606508953819806
-0.0324297878538864 -0.00199085203034714 0.179799424773726 0.527426592540319
-0.0130716024782554 0.0177220410336365 0.311290184410224 0.135169868697745
-0.00815071596448601 0.0285307019104611 0.121715894586485 -0.186592098730762
-0.0152171906258548 0.0161357654377409 -0.0870866419604452 0.157030145525396
-0.0261904141545083 0.00588191184246675 -0.218882273191667 -0.0914051206613459
-0.0201495740213486 -0.0164541148718984 -0.256589538496289 -0.430729793946593
-0.0157163947949639 -0.0251123290071646 0.295307374627258 -0.560223012603159
0.00158630730526083 -0.0306771234079754 0.830496845976525 -0.025036280632555
0.00115179188926145 -0.00212890531403006 0.535846182049491 0.720785465806879
-0.0254874201031763 -0.0379833765301199 -0.1226180621078 0.634337743898345
-0.00885534963445879 -0.0550041662321893 0.0470306332442341 0.0911593821675011
-0.00520601633362702 -0.0529537096499811 0.2402459566276 -0.549616372716398
-0.0208835389029848 -0.0203579136406179 -0.365714065927492 -0.899836529836858
-0.0113552384908474 -0.000759005222759637 -0.954273878137588 -0.14878182141927
-0.0335148721377466 0.0028453207715585 -0.44855591228841 0.647094475135345
-0.028354835148448 -0.00116394550733047 0.210629922755451 0.51354644684778
-0.0176727038721798 0.0163646313399704 0.315204992428681 0.119059563325646
-0.0103409334420309 0.0250739775710857 0.117151166980346 -0.190057559096811
-0.0147841663255074 0.0147632356724328 -0.0894044339687862 0.151437422615241
-0.0301905256671496 0.00588886750024216 -0.216278740684915 -0.103312144657815
-0.0173832491090688 -0.0171596459861386 -0.225286883782419 -0.444099522245728
-0.0096296166310874 -0.0293413165412835 0.351283748575455 -0.524203369718085
0.00629767634789052 -0.0346529676986846 0.837010002731438 0.0585609303729999
0.000473534045705599 -0.00307189903364984 0.472248640312199 0.770800362949104
-0.0273024842571341 -0.0366020635355749 -0.159071311717441 0.618550118010226
-0.0141875239430556 -0.0526353955763603 0.0540994087367151 0.0715942104491731
-0.0107095934267311 -0.048991623721116 0.21122976719683 -0.574150331757131
-0.0216371777942786 -0.0181165230883307 -0.438553702638107 -0.857687874278853
-0.00919239690128238 -0.0025522947575187 -0.950056113334267 -0.0525882267581427
-0.0284288556435454 0.00134481874252363 -0.382025984122372 0.680579197870723
-0.0264311248267229 0.002050562095231 0.247097767255686 0.496189772795569
-0.0199277917175087 0.016312977524033 0.317278604480716 0.102078542107933
-0.00960206198930852 0.0227635652383642 0.11126766840434 -0.193013385034535
-0.0123174203009009 0.0140027883902215 -0.0922986666799148 0.146051433677076
-0.0329484581919847 0.00735893853569941 -0.214620487780896 -0.111751979244546
-0.0130329999831171 -0.0146165696320158 -0.196106590397213 -0.449612572084559
-0.00276796906828539 -0.0329944220664778 0.400377505893277 -0.49172777685109
0.0111344248233073 -0.0368621948824505 0.836672337128623 0.132609381095134
0.00225437590488426 -0.00159039142691708 0.411056126019023 0.811457222667268
-0.0293717030933598 -0.0291791485510182 -0.191291973348954 0.603972645871588
-0.0208392624464692 -0.0441021077877663 0.0587464064931213 0.055304035506169
-0.0158303427720087 -0.0395470738692729 0.184438115783608 -0.591634482759629
-0.0196685428595835 -0.0144594533899833 -0.499263237537429 -0.817017608036017
-0.0075068524104229 -0.00576767986076022 -0.94148056192037 0.0251347818505854
-0.0256856370804492 0.000981171430950879 -0.321988229158456 0.708272284198601
-0.0230961429444299 0.00719271104765708 0.276415959702719 0.480591485574978
-0.0211983016083347 0.0182655710828178 0.318178870280295 0.0867190601641374
-0.00737593675581948 0.021021076028875 0.105357336212527 -0.197118516389449
-0.00785493677527609 0.013140288667638 -0.0935157678389002 0.141374033388233
-0.0324381035972931 0.00878670054578786 -0.2126139380855 -0.11748178489654
-0.0082035258521187 -0.0118674251251985 -0.173804227355166 -0.451324799733157
0.00259569618807716 -0.0337122693212491 0.436612260005788 -0.46594300863479
0.0173075477170809 -0.0377237471683439 0.833511420755653 0.18506374916309
0.00536871800609999 0.00290241856366535 0.363059643200022 0.834442214174398
-0.0313962393544086 -0.016377185844965 -0.215354646859458 0.591473907623885
-0.0297527263025961 -0.0314939723169832 0.0607331035390941 0.0427747361773688
-0.0179540833934767 -0.0264165238760776 0.158858330646422 -0.603321613485781
-0.0159941735533821 -0.00991720192600386 -0.542956715910297 -0.788429699747731
-0.00580793457946128 -0.00827948118165214 -0.931859413314616 0.0817155431856533
-0.0225874335981875 0.000953610147735904 -0.274819417707016 0.721720780372488
-0.0194246922096129 0.0119331079755524 0.299414583443455 0.468339521432943
-0.0199902413060221 0.0212223999727102 0.318620014336575 0.077462583492039
-0.00142334090667281 0.0197812251488979 0.101222267170102 -0.200671194927808
-0.0020877797949742 0.0123134900626081 -0.0941933345311625 0.137870656763326
-0.029712151502041 0.0107844704323435 -0.212964807825595 -0.118870788004513
-0.00423737035794528 -0.00845049371626641 -0.157140191151849 -0.448537763209613
0.00532949983967536 -0.0333896720909107 0.460821319998214 -0.45136595684474
0.021913622152217 -0.0379787839522507 0.829501881253566 0.213842548459453
0.0103596639805538 0.0107254878561624 0.333986562554879 0.84891492097018
-0.0336981452741629 -0.000476126249828891 -0.232843739479966 0.583799325664933
-0.0379899239103127 -0.0144404907882807 0.0596089421306773 0.0354126195726605
-0.0196920484551994 -0.0107985705213656 0.143345231373144 -0.609874004070158
-0.0102078850435942 -0.00434512885938142 -0.565864313375948 -0.768795576777448
-0.00371540423871428 -0.00981001301418437 -0.924302896646583 0.110452270105642
-0.020986892019897 0.00159637825156478 -0.248157389571564 0.728271259455064
-0.0162360541828525 0.0172035463212864 0.312686635677855 0.46141069797972
-0.0165281160041889 0.0244484487540452 0.316880366672586 0.0730636227792458
0.00533975470776656 0.0192175103813328 0.0988179796197698 -0.203244774032133
0.00362323106429793 0.0138515650645397 -0.0924730691673417 0.136274526926825
-0.0257899369676566 0.0137552617490853 -0.21457178318815 -0.116854859186609
-0.0020128957656621 -0.00426268095663125 -0.151858762497638 -0.442583867349776
0.00584122018809704 -0.0311736361904847 0.467406092932295 -0.450236753216415
0.0248974121010366 -0.0371085024999535 0.829935245160214 0.215450125383227
0.0157497079507798 0.0195077245309312 0.33301921802295 0.852383613080527
-0.0351754957155465 0.0166481463627199 -0.235248840066346 0.585357372470076
-0.0445406449039952 0.00224982519609741 0.0557273026693686 0.0344262160978718
-0.0193110836962718 0.00569205197692294 0.138743307985107 -0.608856488915216
-0.00236344020776418 0.00145703047840857 -0.570011936217099 -0.767656885139278
-0.00164279457327209 -0.0105307268183335 -0.925718909298349 0.107769552846716
-0.020645783261268 0.00354848107147569 -0.246542687489238 0.727340257645689
-0.0142633242242252 0.0220713883722315 0.315148980079251 0.462742653260722
-0.0127220842067873 0.0274650936884638 0.314543956011485 0.0758023696211305
0.0129243001428997 0.0190558583442743 0.0967268051219114 -0.203855390920069
0.00863551004647059 0.0141687155154662 -0.089389631202951 0.136355482478223
-0.0205202478443373 0.0166461269091018 -0.21725058807822 -0.110233651243285
-0.00156835666641505 -0.000791275973766167 -0.160142046143658 -0.435235641629734
0.00258447661865861 -0.0285068087899143 0.45529477234722 -0.467258785750547
0.025894493343541 -0.0362590770805944 0.836133786682605 0.18189718103012
0.0224023057192802 0.0274325746227147 0.356016563446122 0.838340152821252
-0.0360787512166765 0.0325764353827616 -0.227922631970656 0.594500509959973
-0.0492486677598164 0.0185082106554999 0.0488598790768668 0.0408987828407812
-0.0176074623321627 0.0199206393421286 0.143953326736804 -0.604871301716518
0.00321448103878206 0.00707456110005135 -0.556270769809936 -0.786780469187418
0.0016870406743416 -0.0102836810177546 -0.932892150490241 0.074662971107372
-0.0230060184590503 0.00581782959281009 -0.26550864579849 0.719687847259073
-0.0134452846668235 0.0254846201416447 0.309876771049546 0.469536635703682
-0.00716011687597571 0.0302010824670129 0.313386219483431 0.0842438881023572
0.0204010619755313 0.0204657337708291 0.0966208998943095 -0.203441987052585
-0.0111069672857405 0.0172204917784771 -0.0819046229505331 0.160287660882419
-0.0202633904350506 0.00703949394110731 -0.221083772605294 -0.0765236956160025
-0.0220171426452979 -0.0146812890816432 -0.285021775428068 -0.409931304651983
-0.020545945662541 -0.019103450129158 0.237584988938752 -0.58146539983592
-0.00170381170120071 -0.0265149995817678 0.810373873974505 -0.107497762455874
0.00542167156431194 0.000196144967422875 0.586990049093325 0.662945467100013
-0.0236601888899146 -0.0312622914085683 -0.0836695354028132 0.642031736421352
-0.00670826573438622 -0.0494690972723192 0.0386758545605925 0.108107392155547
-0.00153285064359375 -0.0484695452003902 0.255911837275757 -0.523931930097263
-0.0182334955896746 -0.0189035546686907 -0.307483467040582 -0.921555609699919
-0.0119633566099616 0.000784436387166063 -0.947647610255239 -0.221710539161405
-0.0393298804162466 0.00521326242627787 -0.498087627519194 0.611142897226469
-0.0320970445153399 -0.0010386468572131 0.185557661499511 0.522436147988396
-0.0118887375847484 0.0185001434218937 0.312244284589451 0.131694914509473
-0.00765321883769033 0.0280001356732156 0.119761572426502 -0.187052823227319
-0.0141836189896807 0.0159557971244924 -0.0848776086134501 0.157402165423515
-0.0259537500648635 0.00717384765248528 -0.219418130918094 -0.0889955772659053
-0.0206014898584239 -0.0166254058491219 -0.259734366934648 -0.425055709755623
-0.0158384796563698 -0.0244834592066034 0.287012744676054 -0.558019977724009
0.00111041309131359 -0.0303552297169723 0.824927254571223 -0.0346303020548148
0.00174097686838688 -0.0029073462548009 0.540387893024739 0.711677096467782
-0.0253029121233434 -0.0376637603057554 -0.114760546893684 0.63173986952058
-0.0090074261354389 -0.0547418275910823 0.0470906124378193 0.090537541825866
-0.00605041803679205 -0.0518245402113088 0.231395694013873 -0.547195184840885
-0.020805158969782 -0.0200914098314841 -0.37324553056558 -0.890703148587241
-0.0104392314266419 -0.000617244533840929 -0.952251456599946 -0.13566319851189
-0.0335964913562831 0.00298181243453898 -0.439337431882465 0.648467201248453
-0.0297738786349154 -0.000195324195721717 0.216793079692785 0.509343615200682
-0.0162802662359254 0.0170087304922739 0.315288862483398 0.114826729073665
-0.00937598560867485 0.0257543495144712 0.115154600241662 -0.189827924809433
-0.0138686633470909 0.01494090158417 -0.0885321696706022 0.152339940492319
-0.030169782529983 0.00679547034073479 -0.217096507609 -0.100630240373027
-0.017341336088092 -0.0161410818303915 -0.230471193605502 -0.436689036483983
-0.00990465605830158 -0.0287267247197678 0.344828516015842 -0.523687587766589
0.00585042199451972 -0.0345730431918148 0.834402114631028 0.0506837457207007
0.00102488582168453 -0.00411101065432345 0.477768997592698 0.763575550345245
-0.0274170473423484 -0.0358639759039949 -0.150793570522367 0.617499687641573
-0.0142257379897751 -0.0515625729825335 0.0546140882560699 0.0709611276299702
-0.0110878541527503 -0.0481885608539367 0.202269527088302 -0.572720996321155
-0.0227234812293397 -0.018334150852377 -0.44648090470003 -0.85007232098457
-0.00839648623385776 -0.00288339376198444 -0.947093387947467 -0.0446623485796225
-0.029153654476783 0.00271508944112244 -0.3717876369586 0.683969285654837
-0.0268675414809405 0.00300531291000512 0.250769254927534 0.490561989486982
-0.0190932574410911 0.0166096771160671 0.317830056336544 0.0984430048301006
-0.00929235312490088 0.0238106868687043 0.108769709902761 -0.193868157834665
-0.0116442484182359 0.0138329434513865 -0.0899441231064789 0.146793060588389
-0.0323766923821885 0.00773981660804734 -0.21512278240194 -0.109327666585111
-0.0131282925110694 -0.0142647015166474 -0.200817847288929 -0.44374228916377
-0.0032176272775489 -0.0317879245807266 0.394276259639367 -0.493127656459194
0.0109544109242299 -0.0367414203127815 0.835048400174897 0.124081116305592
0.00232090688024784 -0.00266717534472656 0.420986232954097 0.80425487207853
-0.0293461372141153 -0.0286965154838862 -0.185362648184495 0.600678296642635
-0.022136213921399 -0.0428962750485332 0.0591009065192213 0.0541659051709337
-0.0165147513020464 -0.0388146242581713 0.17763405947731 -0.591158186855898
-0.0202347357863943 -0.0145442666971615 -0.505503108149799 -0.808330290217406
-0.00740675689432909 -0.00551019974178345 -0.936829165150424 0.0356759844186214
-0.0249901796373175 0.00139072420806804 -0.312079815249671 0.707921459559334
-0.0228711859793729 0.00754010906316602 0.281057808401405 0.474621069637176
-0.0196638277734494 0.0183218928379741 0.318800600934723 0.0826127088922632
-0.00620707309170158 0.0199789256099453 0.10296929339 -0.197587081422842
-0.00743821609381374 0.0133202932224244 -0.0925617926633336 0.142144122664456
-0.0318845419418524 0.00889534484264555 -0.214356205440346 -0.114265784791913
-0.00819895789841173 -0.0120223827283458 -0.17617955150077 -0.445060696336677
0.00217963577511004 -0.0329449533274787 0.430172684043659 -0.467928100011515
0.0165542206854513 -0.0381749014586795 0.831926025523565 0.175877652832166
0.0064721860377371 0.00283287631714228 0.370853999501214 0.827595538983585
-0.0315333695725821 -0.0159690712772344 -0.208958297793827 0.589951000785474
-0.0300849338014474 -0.0299031396738365 0.0608821888273587 0.042208625710438
-0.0189523661113328 -0.0252031017392847 0.153026141499259 -0.601499260382454
-0.0164329237078377 -0.00988044017695854 -0.548166309240868 -0.777042019112452
-0.00524834346842141 -0.00795574254776982 -0.926126462206719 0.0926342117149796
-0.0223422648668944 0.00130798907475982 -0.267056571539737 0.72109315236103
-0.0191748856356468 0.0126536707491325 0.304271069062607 0.461700366492097
-0.0191588428621748 0.0213580889621212 0.318270787584289 0.073774904970605
-0.00067836658338132 0.0196959014609649 0.0984856771102154 -0.200596328991797
-0.00147924348698638 0.0128999031604249 -0.0924204686271659 0.138726315581166
-0.0292232537865581 0.0118697629826369 -0.213615459587573 -0.116818003855007
-0.00370949629696021 -0.00792213415888019 -0.159297375656695 -0.443523638341051
0.00593144727970333 -0.032629664801525 0.454951364065547 -0.4524200636893
0.0214923522868985 -0.0377771770310701 0.82918971763326 0.207000836876055
0.0106521063124406 0.00990392700640299 0.341506630145226 0.8427997962117
-0.0330390355284707 -0.000470301898621801 -0.224661635361635 0.582637354138311
-0.0375703295302598 -0.0130599604569808 0.0598489798038453 0.0352322649542935
-0.0198592479780797 -0.00977544784638645 0.136743612960977 -0.608006109318289
-0.0102773949113383 -0.00433078676684863 -0.572653904383629 -0.760365272049727
-0.00412314845454151 -0.0102919683098047 -0.919017048207252 0.119789555780675
-0.0211010992312858 0.00187719153809892 -0.238131600585822 0.728487968070157
-0.0166021122729389 0.0178515993436743 0.317842485392286 0.455031185851205
-0.0162780051897215 0.0250103186396203 0.317724552266123 0.0695762588471018
0.00655363269803553 0.0184899819848978 0.0961711400899087 -0.203380488578522
0.00393459485497794 0.0137218079447007 -0.0915703993064115 0.13654425766859
-0.0258295679795061 0.0143689459366711 -0.214748496087711 -0.113854524755618
-0.00213421951193655 -0.00415361016153011 -0.155745967897401 -0.436644616915575
0.00513455168076758 -0.0310693891054831 0.461123921304967 -0.452722678416208
0.0244849203171822 -0.0375331565251167 0.829653242741624 0.20446573464805
0.0162368964960484 0.0183823570026035 0.340614527966497 0.844852699123227
-0.0352148556845936 0.0165690336785492 -0.229400980666022 0.583822048928053
-0.0440274889090691 0.00338775468860223 0.05551149613138 0.033734467820756
-0.0191272507062965 0.00601669904876176 0.130635306250559 -0.605968472321448
-0.00360234382034642 0.00109492378567991 -0.575068680549476 -0.758366416827692
-0.00102302277279676 -0.0105535306287259 -0.92116908593603 0.115184697358728
-0.0205439761716431 0.00407935521416532 -0.234954424946394 0.724624768830301
-0.0143270796403517 0.0218928351952524 0.320479908876214 0.457545688168087
-0.0115566637476013 0.0284482042380844 0.315582046540567 0.0721093267747771
0.0137651863011026 0.0192213172837533 0.0942604106410011 -0.204141194525926
0.00829943999122929 0.0138833212521045 -0.0873780395423596 0.137297471233745
-0.0206790516555475 0.0174114932722299 -0.218119237868502 -0.10728133764235
-0.0015166558435983 -0.000847946853319322 -0.162037238076762 -0.429742370748907
0.0029009181064544 -0.0283834276240585 0.448723457389852 -0.470101988728049
0.0253610295725438 -0.0361588245322311 0.834852215213191 0.171917940941226
0.023081815445487 0.0265072531075598 0.363846134115083 0.832243997192098
-0.0356098243162769 0.0328376940435341 -0.219742485915297 0.592305180450581
-0.0490671511198838 0.0188988405884411 0.0497392987321836 0.0404831807917238
-0.0174450045590214 0.0206280888500233 0.136345772559677 -0.602270055828866
0.0022663843176992 0.00695348884171572 -0.562695012080915 -0.777435028371245
0.0011923690902083 -0.0096571831243423 -0.927633852658201 0.0847302026101628
-0.0221404465036369 0.0057636808790593 -0.256900595870385 0.718119984478173
-0.0129925005304258 0.0250595363546185 0.313155625636048 0.464361143707476
-0.00616155328748826 0.0303275752888808 0.313412549701999 0.0807190635053112
0.0206198494778794 0.0200967355827419 0.0953703290400877 -0.203334232855249
-0.0100726753579566 0.0177368651130765 -0.0806481566719634 0.160969834690465
-0.0200797078599871 0.00796189956702375 -0.221650639254509 -0.0738391153227129
-0.021212510501139 -0.014275844222945 -0.285739407294564 -0.403310378039564
-0.0209483073461827 -0.0182312810820467 0.231802183919151 -0.580983306171514
-0.00144331727429566 -0.0264566250551229 0.802788604543851 -0.115085120097782
0.00563837276363866 7.13876594033245E-05 0.591018455666839 0.653207600546917
-0.0238042233928592 -0.0306805094245646 -0.0791924892286543 0.638230014783453
-0.0071702448475968 -0.0488495541714847 0.0395732641193573 0.106761342446788
-0.00268206502859482 -0.047474915127649 0.249053638421785 -0.521388479265059
-0.0187199779522429 -0.018365125091547 -0.313313327225562 -0.914153902230782
-0.0115531294056709 0.000848719515077853 -0.945217186059985 -0.21167363854112
-0.0387521828427553 0.00543729577665014 -0.488474611736107 0.611886568986634
-0.0316005707161588 -0.000319969318930871 0.190532962081716 0.516171185944896
-0.0115542039602839 0.018773138834566 0.312479479055867 0.128451903501744
-0.00618303937237101 0.0275680254377464 0.118563952100487 -0.187084778581554
-0.0135862001710457 0.0164734473173777 -0.0823807352175063 0.157586817443117
-0.0259931554253801 0.00768788834686984 -0.21951669849432 -0.0861946005745195
-0.020369544342873 -0.0156390833078754 -0.262487597135092 -0.418544459904328
-0.016348673707145 -0.0239983472532225 0.282624244613964 -0.556760010569717
0.000622743358154671 -0.0303157961907406 0.819708902555554 -0.0411349187682916
0.00206877975617858 -0.00289244816752173 0.541888724536613 0.703678799816977
-0.0263847711659901 -0.0360683035724365 -0.108690219516062 0.6274055072233
-0.00922508373078894 -0.0531182783970871 0.0476356599326237 0.0887014660886206
-0.00698168292738965 -0.051434335422912 0.226777937635189 -0.545601241734086
-0.0216057510546471 -0.0203685321159915 -0.381597441855051 -0.881020004175
-0.0107595179699954 -0.000517298739104149 -0.948360119001247 -0.126613628568117
-0.0337208339054154 0.00384852964993823 -0.430656148712229 0.649006122189015
-0.029357661961105 -0.000103211524336136 0.220720092021776 0.503165870826008
-0.015525978962415 0.0164350387225851 0.315115961332383 0.111805929445371
-0.00840010776475772 0.0248705269075822 0.112812879830766 -0.19052221380147
-0.013181699577836 0.0153055404844446 -0.0860695947288407 0.15170894065488
-0.0295857302706522 0.00684414950880193 -0.217432623928657 -0.0979035677424632
-0.0170656636109414 -0.0159308483101055 -0.232423684646242 -0.429685881858397
-0.0103480494328154 -0.0288774038068848 0.338655075208198 -0.526359700430865
0.00550357395301941 -0.0342271408884776 0.83124451447197 0.0430601648917973
0.000396185610976665 -0.00509725251283525 0.481201145804467 0.753920058225077
-0.0275682530627087 -0.0345963710275846 -0.145983043966502 0.61286668053532
-0.0141420031391546 -0.0506147205230137 0.0547907387895576 0.069907292594094
-0.0125772216214503 -0.047228477214532 0.198710518841507 -0.568674252368519
-0.0227389927337724 -0.0181163330124354 -0.450522929331275 -0.840337042896991
-0.00885818617319734 -0.00256860750218038 -0.944150917108516 -0.0340533128808239
-0.0287628365855594 0.00225825248821252 -0.363515749546793 0.682805281479052
-0.0259426422271523 0.0028642122298927 0.256006892457217 0.486584460486201
-0.0182456640167353 0.017697351777486 0.317495569272798 0.0941604619630326
-0.00821844104566417 0.0225601306987777 0.106960722497584 -0.194253582488069
-0.0111640818258626 0.0138343516456289 -0.0887106392086876 0.145439347843223
-0.0321697927902123 0.00792244486270201 -0.215347651538227 -0.106509571884879
-0.0124383933974458 -0.0146084416016206 -0.203541051755153 -0.437453577083334
-0.00333165267604678 -0.0316647040609891 0.389005975892111 -0.493775662235732
0.0111595856006651 -0.037319166340485 0.830340975998945 0.11565967104591
0.00278838054469333 -0.00249307134932362 0.424064649173438 0.793449944058227
-0.0294641981979959 -0.0274899507277956 -0.17864153736364 0.599561285372467
-0.0216590690942902 -0.0421777633826902 0.0595179761451693 0.0529503588236397
-0.0167014229095511 -0.0385569259122065 0.169661101799222 -0.587065770992624
-0.0202973284834039 -0.0146390087491108 -0.509828399359522 -0.798445984401808
-0.00628460584191112 -0.00516345931028214 -0.933113404550133 0.0457272026890007
-0.0247389652918102 0.00168683909157693 -0.304081218348793 0.707434650313652
-0.0232775075920694 0.00768829324785065 0.285181642843642 0.469505172575673
-0.019243627395469 0.0195920296163871 0.318742890183142 0.0794432430496373
-0.00503025811993783 0.0207171682501801 0.101312533172195 -0.197374510820772
-0.00668284109898542 0.013896054436277 -0.0903205213992129 0.141301458350094
-0.0313892791986952 0.00932250083821129 -0.214460304342775 -0.111996873326997
-0.00830912095710319 -0.0121687962780358 -0.179870574226352 -0.439300810553921
0.00174024913029413 -0.0324573145960351 0.422904041898851 -0.467929230546529
0.0161035240066731 -0.0379245478559316 0.827549911059723 0.169584284876831
0.00618745330993921 0.00218872414372093 0.376714044704708 0.820472081408874
-0.0317939360260562 -0.0157204203527207 -0.203565500565852 0.586788951503849
-0.0293402625295285 -0.0291309761206713 0.0607091950500616 0.0405899383831614
-0.0199348991028032 -0.0244137908084602 0.146239840881713 -0.59945912090159
-0.0164551159420888 -0.00942012090331717 -0.551080311392299 -0.768085083128584
-0.00558880375259486 -0.00753521014014085 -0.921290046427927 0.101620005314925
-0.0218363202374045 0.00150352328343787 -0.257464478908858 0.721693782923271
-0.0199502901174411 0.0126544025338757 0.307414722431201 0.456062924455408
-0.018121987572962 0.0214090842234705 0.317479902901691 0.0695251331327708
-0.000501011979616111 0.019575975138795 0.0973261658940476 -0.201148641081191
-0.00152249834897761 0.0130814460015465 -0.0907453654470453 0.137945961509519
-0.0289307411583023 0.0116087169278368 -0.213886113833283 -0.113342325551448
-0.00382457771581761 -0.00800158540552618 -0.162395667192112 -0.43804823598385
0.00484784169313385 -0.0319673612543805 0.44812154411413 -0.452794757747764
0.020818684150229 -0.0381139910186411 0.826060947505786 0.197172583696029
0.0103753228815852 0.00950470589367863 0.347957855350086 0.832602166131688
-0.0333314082669725 0.000772292519069556 -0.219855463194448 0.581656072608261
-0.0367908058395404 -0.0125539464830771 0.0599342757906104 0.0338302612035559
-0.0198287586453247 -0.00875407801838169 0.130335857192221 -0.603974058757206
-0.0108487573072031 -0.00440894171977582 -0.576692401631265 -0.749339626377716
-0.00337923001759371 -0.00909332193034144 -0.912838420324712 0.128178237709666
-0.0213478678119887 0.00204938891017875 -0.230071871180093 0.726984009160544
-0.0166933151257269 0.0176192989727655 0.320211026348112 0.448451011111881
-0.0151789233951287 0.0254073871168129 0.317095572913613 0.066566595239245
0.00741109684083417 0.0183701011244515 0.0942231947593779 -0.202950643805734
0.00439152887487966 0.0138915044799508 -0.0894930658907856 0.136120907071043
-0.0252844177616687 0.0147121377572189 -0.215134907179777 -0.111213185734598
-0.00209416457111796 -0.00421349117535499 -0.158598586824591 -0.431933497520957
0.00521840412771412 -0.0304618252794799 0.455163955137358 -0.452168256737776
0.0243747924155961 -0.0372334370489113 0.826077447169581 0.196626494903305
0.0160818046782866 0.0174887725250473 0.345948773646614 0.835091820505857
-0.0356470813232617 0.0165959366548471 -0.221912512257831 0.582320426636668
-0.043658681512289 0.00421104866935969 0.0560770899506749 0.0338797020772158
-0.0191304407115909 0.00683695073625803 0.124567380419122 -0.604121398384462
-0.00422212371237847 0.000833961677416954 -0.579367137827918 -0.747576832671937
-0.000737900410727698 -0.0108182639692593 -0.913649671359129 0.125886105365351
-0.0203471110273166 0.00399683034927431 -0.226901872482395 0.725213029298007
-0.0147640477661093 0.0218393209808431 0.323397299126826 0.451087589368979
-0.0101282789386184 0.0279960565962372 0.315449130718137 0.0692976933236105
0.0145548651697709 0.0183973393196571 0.0918707392950886 -0.202979935256038
0.00943758391947259 0.0141204147150884 -0.0866405531416493 0.136107310070728
-0.019490997923244 0.0170527239078402 -0.218310461671632 -0.104723067551153
-0.00152801347111555 -0.000852287506102173 -0.166056296267013 -0.424784395220591
0.0022433371388203 -0.0280275335931974 0.443268418890437 -0.470838984470694
0.0247035048960794 -0.0359707836256865 0.82989536207661 0.1633523426046
0.0232717634674341 0.0260086103348056 0.36932731110197 0.823334761393601
-0.0357683807654092 0.033301738375105 -0.213060618577253 0.590758091654965
-0.0477576574293095 0.0193818032032786 0.0497140363879529 0.0397867896853286
-0.0175506134882952 0.0211817292811695 0.130534912223826 -0.597941945198668
0.00290286062322956 0.00644595718641454 -0.566756747166553 -0.768093784862817
0.00176282660207812 -0.00947697556145428 -0.924705904243973 0.0940135440471117
-0.0219013150115336 0.00599657344222234 -0.246571475416673 0.716928710463313
-0.0138198617559539 0.0251977590574342 0.317469914588397 0.458817017324292
-0.00523020159047459 0.0313270010523294 0.313216261571047 0.0772334719318642
0.0219402025778532 0.0186646595279728 0.0920040469404871 -0.202874749551771
-0.0101965431752134 0.0180918887171692 -0.0789089875302756 0.159915861087169
-0.0199420174461169 0.00767002542036364 -0.221431871176337 -0.0715270210960581
-0.0211703569377869 -0.0134469844175987 -0.287768016982284 -0.396977301084
-0.0210273639854889 -0.017700620421261 0.225558574763227 -0.579368212334687
-0.00163444458284277 -0.0264870345333619 0.79973314310984 -0.119276484691091
0.00627869791775863 -0.00114003676570627 0.5931464249274 0.645179452431088
-0.0241820350217527 -0.0299353264573214 -0.0722088378222636 0.633151431556671
-0.00701558666052355 -0.0477980312902427 0.040636742878208 0.105299030759468
-0.00334724127099898 -0.0464699753038656 0.243346325331035 -0.518865357571681
-0.0190620369314164 -0.0191350930399516 -0.322196818661134 -0.903664910583512
-0.0111428401404232 0.0013985674810973 -0.941553519650077 -0.204095635689955
-0.0383334734830475 0.00593827867473559 -0.480137946822854 0.611826900395966
-0.0320623644181489 -0.000387056246876762 0.193902525789607 0.511025815624206
-0.0103812616136011 0.0189421978594788 0.312040436741669 0.124473523996058
-0.00532657676184968 0.0276908675290858 0.116362260853312 -0.186859737635905
-0.0129802684143109 0.0164405311567213 -0.0814638234656224 0.155956594944433
-0.0258484655354936 0.00801117607416811 -0.219564542715222 -0.0844205127107142
-0.0200793326704343 -0.0149794560000027 -0.264753412458938 -0.412764905696162
-0.0167772766026517 -0.0233106163388304 0.275456436314499 -0.555741853207379
0.00112645691380809 -0.0300859913308611 0.814591076730166 -0.0486631666138442
0.00233823404966304 -0.00375516762348222 0.54626878163246 0.693780043319041
-0.0269704557702396 -0.0353534751495994 -0.10347533975274 0.624174922375907
-0.00955002025717012 -0.0526832899477459 0.0484168120521105 0.0880590636387189
-0.00767782827289113 -0.0499288621280012 0.220978839556559 -0.541997321596644
-0.0221238939969652 -0.0193483379511783 -0.384892331782484 -0.872191482213704
-0.0102593413991282 -0.000455854982543275 -0.945251492108371 -0.116950417409983
-0.0334245312605352 0.00434628420851629 -0.423531289727167 0.650107727033315
-0.0295611107184306 -7.19904868864973E-05 0.2243237948443 0.497796367138313
-0.0142541673841156 0.0179682751037559 0.315737815572506 0.108163328737413
-0.00750238107027521 0.0251458334156226 0.110912319194144 -0.190141442012339
-0.0127610365353164 0.0152016063764167 -0.0851299913541894 0.151433810438577
-0.029693514361556 0.00802842802236715 -0.217064083940899 -0.0952900857757299
-0.0172562716096113 -0.0153605078565464 -0.234765271155905 -0.424264478294665
-0.0104363001362032 -0.0277211927620506 0.333524012948034 -0.525629470799922
0.00505853134139515 -0.0337528423313634 0.825601423690002 0.0339919685805828
0.00157131982005907 -0.005069385128022 0.483854529296741 0.745608963910696
-0.0283564638168644 -0.0338660308548991 -0.140149081280861 0.610158776370834
-0.0144857038492703 -0.0492835177719767 0.054595788938086 0.0686660277428943
-0.0136832517000148 -0.0465523432891441 0.192073832837813 -0.56664468688456
-0.0222892407079245 -0.0175554262042227 -0.455153959607325 -0.831520365415248
-0.00841951659374045 -0.00278592365543634 -0.938525566896408 -0.0255165761927105
-0.0285703197832373 0.00335894452027267 -0.355643517356777 0.683172871636407
-0.0269699313084569 0.00284768739004865 0.257598076503942 0.478992429376065
-0.0168673780000278 0.0177760067980476 0.317570155267528 0.0904600729204314
-0.00706488262969081 0.0225854135160158 0.105516093326772 -0.1935600626328
-0.0107045534480781 0.0138309792381573 -0.0872581452714317 0.14632928621962
-0.0316467448827018 0.00864564757461383 -0.215010670113133 -0.104328104575486
-0.0129878044502864 -0.0143623297587318 -0.205917520798202 -0.432055714224963
-0.00383796034945391 -0.0308833317086698 0.382438683233043 -0.494498569599613
0.0105859680754576 -0.036658945544475 0.827578381140172 0.107666733909509
0.00255986983189044 -0.00329376088710686 0.427085276385772 0.784864895296333
-0.0297882997862193 -0.026726086952992 -0.17299765613116 0.596293336528461
-0.0214485349686808 -0.0413562093946594 0.0594715944386247 0.053091333926329
-0.0177312507509367 -0.0365002011522172 0.164908655112089 -0.584102012645349
-0.0203386007476705 -0.0141878600808854 -0.513588842482374 -0.789108494727663
-0.00647498744048547 -0.00521193031182192 -0.926881718518873 0.0520771005638981
-0.0249952474627758 0.00241617665899023 -0.295070651101985 0.707594403905525
-0.023071317254866 0.00743613771505084 0.288689382154445 0.463736687115833
-0.0182089902626947 0.0194741938662313 0.318883731420952 0.0762926465441901
-0.00438772457984771 0.0203662527074331 0.100089025135067 -0.196558526647677
-0.00631553191384643 0.0139422182771721 -0.0884116544045092 0.141758917641188
-0.0313601182965251 0.0100198673669982 -0.214679142372786 -0.109860647299134
-0.00814773388719443 -0.0117152209060864 -0.182926548763427 -0.435171375002273
0.00127790950218339 -0.0321626453311891 0.418435791151657 -0.468775641193787
0.0155540174291199 -0.0385784764193497 0.824262393265946 0.161096889318896
0.00648142267451985 0.00121986315616356 0.380667307141044 0.810766998067629
-0.0312060686803192 -0.0141392679922236 -0.197636997605068 0.586112441859096
-0.0296186402169083 -0.0282133477390345 0.060932906928174 0.040582674956217
-0.0195628435428669 -0.024484795071452 0.140813392208008 -0.594550608680032
-0.0179692107348231 -0.0094278183144919 -0.554603379049337 -0.7584744472567
-0.00514693575193402 -0.00787432893169796 -0.916919028950137 0.106691185479228
-0.0221408068526083 0.00202308568021156 -0.249901270041456 0.719742755388514
-0.0200364321162571 0.0127846223671983 0.310489685280341 0.450292200342851
-0.0167650867957224 0.0221372717691054 0.317066801293581 0.0675376495666651
0.000824486972749292 0.018582888227161 0.0953567059172013 -0.200830313639512
-0.00119526402379742 0.0137690055942341 -0.0893754558058328 0.137819396559679
-0.0286460496613211 0.012028092144184 -0.21409736225027 -0.110614735907718
-0.00449616041891837 -0.00704907414225352 -0.165723296388573 -0.431965694198549
0.0042988342166905 -0.0312089569324869 0.443505272183394 -0.454818693741769
0.0207161429453171 -0.0378891954720091 0.823459743141508 0.190677430418087
0.0111216776367539 0.00837995323964143 0.351520052448898 0.826397794057779
-0.033755214521801 0.000329661981533155 -0.214358634466302 0.578397210143841
-0.0367703214233366 -0.0117335265690755 0.0598144065452693 0.0336080823519812
-0.020717296082098 -0.00785643600049124 0.125803298163829 -0.600905969661067
-0.010739935238998 -0.00415528865483004 -0.580283180263523 -0.738552291240929
-0.00370060765226565 -0.00962921834911721 -0.907004411437106 0.13426394043104
-0.0202908441099497 0.00288136352621008 -0.219809408160531 0.725474355177362
-0.0164020904636405 0.0181923490784103 0.323452844574179 0.443029825338137
-0.0138836224852867 0.0252914404808226 0.316404268494545 0.0637332563621079
0.00763836437687263 0.0179080405156525 0.0924797510835248 -0.201411858811338
0.00474726435963256 0.0133347654219839 -0.08827545271907 0.135834800957853
-0.0251986225977022 0.0147619282463943 -0.215635140466084 -0.10881028855007
-0.00162370980245443 -0.00384607327361037 -0.159771202340229 -0.427236715698974
0.00487529468132293 -0.0304184635907093 0.449834785520358 -0.454313060578993
0.0235180921504338 -0.0369471714147332 0.822960755274814 0.189366487376341
0.0163604669947747 0.0166599706235725 0.350939931881774 0.827290393353888
-0.034779170385827 0.0177214715291146 -0.217024784437445 0.579229567361391
-0.0426754429853355 0.00490422950764577 0.0551842889943222 0.0329546658620224
-0.0190364523867348 0.00781456214371502 0.119823855792309 -0.598687011278136
-0.00433823614607725 0.000808377295996126 -0.582972460769222 -0.73861413734965
-0.000650516641559545 -0.010497820974517 -0.909415631191845 0.131355525852617
-0.0210442469248094 0.00425879264776295 -0.219601455139802 0.723608383285217
-0.0141918705480061 0.0220510983293659 0.325148166348971 0.445708822553067
-0.00973745126314079 0.0282354244730231 0.314579936094072 0.0663761082446494
0.0147591224133458 0.0172532306333853 0.0907682164154631 -0.202069095290183
0.00964389018603915 0.0140282340495061 -0.0849514338660871 0.135763975837846
-0.0195650190275665 0.0172924951850924 -0.219683634793657 -0.1022416178846
-0.00146514906536401 -0.00128542902131258 -0.169116524841861 -0.420772150287013
0.00171396110946956 -0.0278416173854306 0.437724498121659 -0.470480190196823
0.0241976737977796 -0.0358792326110343 0.828615544872589 0.155028526142824
0.0229323469224 0.0247267610858839 0.37161832934809 0.815355860243806
-0.0346667898236322 0.0333143146274845 -0.208724619183724 0.586962742792728
-0.0472451014584392 0.0207978361389877 0.0494061466969604 0.038836910537367
-0.0175174663200718 0.0218119985063057 0.125539721138818 -0.593436564594242
0.00268668760968745 0.00714228206321263 -0.567977358287017 -0.756740220034821
0.00153778613584503 -0.0096660530720164 -0.919448014809932 0.10114033071956
-0.0215139452543816 0.0066392343095746 -0.240156701123641 0.715417334642405
-0.0129429800122485 0.0252375436696127 0.319451989352456 0.451477046230095
-0.00434561247563645 0.0306216725880025 0.313758367517595 0.0742718498400617
0.0221610935540822 0.0183754894292579 0.090597881292931 -0.201972424386673
-0.00980081917808822 0.017980018007583 -0.0772071790200882 0.159995198889081
-0.0188720096497729 0.00869943935842967 -0.221655263177765 -0.0700394616396293
-0.0214510290760588 -0.0136137754710408 -0.290017292518063 -0.389855851329883
-0.0217577579643889 -0.0177017763662175 0.221661340906571 -0.576877140300386
-0.00202437243060386 -0.0263448224440237 0.793044707873396 -0.12522005272184
0.0064588864704091 -0.00152516269741509 0.592426659001475 0.635949352438074
-0.0243606528642885 -0.0296346752542458 -0.06814416849021 0.631597801738466
-0.00721189465391104 -0.0469746038292064 0.0406030374414415 0.104332938126616
-0.00418801669838523 -0.0457855989676019 0.239670350103187 -0.516497268604315
-0.0185508975491523 -0.0184316718929431 -0.325650627778175 -0.897829884152914
-0.0108146286638871 0.000798765022542336 -0.937308129766289 -0.195591888543694
-0.0384585255587467 0.00588595712160175 -0.473680720528363 0.612085832867641
-0.0325928825952589 -0.000597555379216207 0.197463223967903 0.508379558817166
-0.010010084901468 0.0192559347821877 0.311532318432565 0.121183507418325
-0.00432820267287793 0.026851743358541 0.114971146810296 -0.18622819994314
-0.0124878491743959 0.0168899782459311 -0.0798865472461088 0.155788265757963
-0.0248417550866044 0.00805585587521748 -0.218994650487041 -0.0825272072072439
-0.0197661681817478 -0.0149816364610072 -0.265141185883142 -0.407022124488281
-0.0167050025870473 -0.0231136317962431 0.272715473449201 -0.554718800021947
0.000811283218242202 -0.0304669798511965 0.809287363376004 -0.0538903602000077
0.0022131411378399 -0.00442891560977503 0.545370763511676 0.687239862293586
-0.0269653462311517 -0.0346687226742979 -0.100305434116087 0.620542377562692
-0.00945806857975945 -0.0518258894195097 0.048365556448989 0.0867900479161729
-0.00805196132434265 -0.0497618838805789 0.215729535032798 -0.539190137331692
-0.0219418138270098 -0.0196826160878162 -0.389876357531981 -0.863961556447586
-0.00927408673120786 -0.000395169877128693 -0.940945692561964 -0.110857053166597
-0.0339541779120734 0.00411560248689865 -0.415652606228425 0.648646161775812
-0.0294336775458535 0.00116754101072554 0.226604305479901 0.493044766092669
-0.0138670275568424 0.0174524624904865 0.315413765584054 0.104884491800827
-0.00696334858340106 0.0244915730285768 0.110159608319307 -0.189543029134399
-0.0122002290329919 0.0153952900469248 -0.083393690842799 0.151099493076238
-0.0295681060502087 0.00881420046983592 -0.216881956678623 -0.0941660169705354
-0.0170762315885709 -0.0160478321521722 -0.237209460015942 -0.419453998930404
-0.0103440800303337 -0.027320962785371 0.328648998643902 -0.523640147232734
0.00539160992767863 -0.03390830868532 0.820439316322642 0.0290288835451367
0.00159276668358034 -0.00591699908496434 0.485407564476647 0.738987773428503
-0.0285192291576494 -0.0329244335665854 -0.136155447244597 0.60775075695012
-0.0147171982625046 -0.0494926825644119 0.0548913487872139 0.067967782798212
-0.013645323038232 -0.0456551887406847 0.186590346753499 -0.56428408173771
-0.0228068587275944 -0.0176631196016901 -0.459129208095239 -0.824160149191365
-0.0077183167248052 -0.00263389971646829 -0.934494011979355 -0.0207500669971906
-0.029131328929196 0.00275044241727296 -0.348393688906601 0.6820438913011
-0.0265330250030913 0.00337254882872262 0.260718453100144 0.47567070331806
-0.015952169203071 0.0181244834711632 0.317556406175199 0.0889937377607371
-0.00700178772340711 0.022197709374686 0.103926644040571 -0.193411465481564
-0.00996156787972041 0.0141107644087416 -0.0853480652833774 0.145451301944159
-0.0314972455980858 0.0084130927392025 -0.21561752360343 -0.102032264137502
-0.0126935639478647 -0.0136438030753913 -0.208562965550306 -0.427281730156551
-0.0039427867501355 -0.0304707430135141 0.378463444954758 -0.492990309223519
0.0104338419398118 -0.0364704020659148 0.823110976093045 0.10286272676378
0.00277403563301246 -0.00372537850385583 0.42976363073174 0.778927495970242
-0.0297325780195239 -0.0266782530350971 -0.168069338406854 0.592738179862491
-0.0214578920017619 -0.0402055128098234 0.0595964005321979 0.0515832324208349
-0.0174857181015003 -0.0357566468341755 0.159425278075852 -0.580710102948219
-0.021416209460098 -0.0139907802856838 -0.514668774311722 -0.781180918539765
-0.00594479113801149 -0.00534356079491491 -0.920178922275446 0.0579411753693241
-0.0252819767935989 0.00271452110342084 -0.288614548254589 0.704730308936478
-0.0228638942237783 0.00827501105389799 0.291262290558727 0.459411617395228
-0.017261644518933 0.0194536657076061 0.317294523928897 0.0740369820618037
-0.00395773444651324 0.0196805414689293 0.0978272850084133 -0.196719128955638
-0.00580485343997153 0.0126725101168979 -0.0884638508962892 0.140923410452948
-0.0301414768932865 0.0104023515260006 -0.21412784828024 -0.107292959121886
-0.00782280594867641 -0.0116226712348982 -0.183619922843081 -0.429502758429803
0.000959473099719326 -0.0316579030467164 0.412433276787514 -0.469809441507156
0.0157780667473436 -0.0380665032579722 0.820173595363052 0.155422984746902
0.00628810914611573 0.00106932668669091 0.382098558426296 0.805054851925395
-0.0316999633795067 -0.0138894296783178 -0.192848476940193 0.58429647889335
-0.0298268420190197 -0.0269422393161222 0.0617497698601173 0.0392846516922275
-0.0200766361982032 -0.0226664796140587 0.135982086793103 -0.591049438446594
-0.0177483343473646 -0.00980294486328394 -0.556186965839826 -0.749853374637624
-0.00445508613111466 -0.00821792779308705 -0.910577542420915 0.115797140211633
-0.0221352378121236 0.00218143842586204 -0.242180812186859 0.718151494337149
-0.0198795508235581 0.0127859909771702 0.311929100918882 0.445995019993096
-0.015617574509231 0.0221818713737903 0.316850381635265 0.0646515619413517
0.00100273417572972 0.0181672516378768 0.0939506101869061 -0.199772295777719
-0.000671519086166187 0.0133244720030065 -0.0882476485854089 0.1372487714074
-0.0281858652194815 0.0124106322635719 -0.214754618659564 -0.109564552090327
-0.00409198278225776 -0.00777244202630355 -0.167904819491812 -0.427590751133355
0.00457950031471014 -0.0313336192442285 0.438958437470954 -0.453861818765508
0.020350168600981 -0.0376763317438029 0.820496589689598 0.184271353998358
0.0111014890670737 0.00761541369925706 0.354495352127323 0.820041213677982
-0.0334045236242169 0.00173140335190268 -0.209456216085756 0.576831225505866
-0.0367037184529445 -0.0115500554166613 0.0583920603259668 0.0330241806851902
-0.0208802493973489 -0.00756659346905297 0.120903308401732 -0.595999638654849
-0.0111604411627829 -0.00449052741121165 -0.581053541099997 -0.730513952803188
-0.00248793159685694 -0.0104746957618846 -0.90038525325681 0.139746789584159
-0.0201943661316181 0.00260964065273881 -0.214776956236416 0.724187254478326
-0.0166912618935861 0.018239476263446 0.324471299473863 0.438115413865337
-0.0134489912459679 0.0249467711203544 0.315969478113068 0.0602989904330173
0.00778617894587724 0.0172724342213152 0.0909538450841453 -0.201284412375327
0.00515508610883301 0.0132244914233423 -0.0867514776654878 0.136310598434684
-0.0240404478402543 0.0145038189819055 -0.215839388732366 -0.106595784761521
-0.00183885157105843 -0.00393739919654628 -0.162447217868747 -0.421885771624647
0.00441176533279804 -0.0302507498869417 0.444292351981273 -0.454385727321261
0.0234707114957232 -0.0373987534328 0.820466395802584 0.183640714368353
0.0170231920297701 0.0155544785282254 0.352878588119562 0.82064369287465
-0.0347208816721279 0.0179245799610349 -0.212481333220201 0.578898839808248
-0.0427165311314146 0.0056691388382105 0.0557347379567767 0.032409751586546
-0.0186775104254846 0.00841339654272434 0.115738682195752 -0.595460278432277
-0.00454408280115657 0.000799561790512413 -0.583274132667007 -0.731318239374173
0.000179565372162172 -0.0107414673343136 -0.902749235941115 0.137879044778544
-0.0204452896568845 0.00408909021968141 -0.213226760255501 0.722024186720082
-0.0140795621250173 0.0220506337744545 0.328906880828513 0.439987121566472
-0.00908667588404396 0.0274437756211171 0.313190925775892 0.0638466675631941
0.0154966898142822 0.0172880712339399 0.0898146236093483 -0.202209801906145
0.00984251852604288 0.0136975448636982 -0.0840731782573216 0.135543263658932
-0.0189619925357684 0.0173495613203933 -0.217600385506015 -0.100386736554182
-0.00115686307094275 -0.000930236306736751 -0.168285176425095 -0.415429930547836
0.00139847300064692 -0.0274423584012774 0.431963818270696 -0.471427759342596
0.0243431268124907 -0.0361065145921905 0.825004271889645 0.149391682847405
0.0235129626272959 0.0238177284303824 0.375864298011662 0.808469422518762
-0.0340249117533857 0.0336909966331071 -0.20425442853934 0.584739638768514
-0.0468780996191926 0.0214836253615416 0.04919465758562 0.0386835948613479
-0.0169767165748986 0.0223065823014346 0.121675764736186 -0.590540269513644
0.00154775050180748 0.00703119891847318 -0.568729786586726 -0.748271929063739
0.00229943787173261 -0.0100249633552981 -0.913413941310676 0.107258900533269
-0.0208441755071948 0.00653342781099182 -0.234441483913399 0.713710994985028
-0.013533808974327 0.0252188569581298 0.320976538150992 0.447657538609693
-0.00280819008710969 0.0301795960097811 0.312716818327573 0.0720601438288105
0.0222139961852531 0.0168696425556318 0.0891785774508419 -0.201292056207166
-0.0172451280325767 0.0123583250474286 -0.135696066402406 0.111358576761608
-0.0200401577738955 0.000281880307536098 -0.171001607146782 -0.156521071645463
-0.0142031542335503 -0.0221840124386802 -0.0960260092166546 -0.476083067001231
-0.0140541414047207 -0.0230093107881084 0.446357996048522 -0.434578170968863
0.00312281861263267 -0.0253439555940138 0.766785592918056 0.226707606855954
0.00463179269347626 -0.000550184988011028 0.259950419673516 0.822245045808081
-0.00997494470843748 -0.0358053311778289 -0.331670978195286 0.537911356175219
0.0123897239761771 -0.0450674169754144 -0.00706800257995536 0.111525384933558
0.0140724364885431 -0.0463635652239874 0.430765389758329 -0.362207700135536
-0.0174901594933541 -0.0235786572290362 0.0866660007507563 -0.948826324696605
-0.0187303450174165 0.00542290721142629 -0.754570544329984 -0.571581670325135
-0.0333317391963514 -0.000582412307408952 -0.68745848483405 0.350207622113226
-0.0214345540028784 -0.0099469714618105 -0.0381009138626251 0.533670643917971
-0.00917682823990241 0.0126917208346871 0.23090153921979 0.237688624755081
-0.0120460360036987 0.0199325222825309 0.182179163702276 -0.120940244112693
-0.0184890827203471 0.0096567472627219 -0.136640148749682 0.107410055746498
-0.025589113866934 -0.00252775768564695 -0.162664010699921 -0.166752816973343
-0.0126515530291759 -0.0229377802672299 -0.0675868648910981 -0.481655798884519
-0.00740031519955664 -0.0267274690871419 0.482219307312011 -0.392321142829832
0.00714994789918741 -0.0282524017573979 0.75168909999871 0.297736687884724
0.00199252495635917 -0.00504256233026756 0.194625522111695 0.848457953018401
-0.0102668243697435 -0.0415217736638651 -0.35477229247556 0.515447010808344
0.0126097876255188 -0.0501675388276201 0.00726928273294577 0.099100468572212
0.010500827874873 -0.0514071546843697 0.421239892934387 -0.391437550622748
-0.0202835744923561 -0.0256461834212878 0.0166395425679287 -0.94824395833679
-0.0156469546063196 0.00464576335729759 -0.792201649685158 -0.49642844040288
-0.0267126586751748 0.00025997706711069 -0.65013181526689 0.407047027631981
-0.0192557838757795 -0.00873759746756448 -0.00428609858025492 0.534375176657875
-0.013800955232777 0.00903543529947416 0.241366262083924 0.223853972735394
-0.0142194131099018 0.0162469657848541 0.178708778117593 -0.126372892278764
-0.0182319204875262 0.00798753173332123 -0.137931054759328 0.101702556371701
-0.02949151770182 -0.0049033341477953 -0.156500990308596 -0.176083117947988
-0.00905930268030387 -0.0221738294056976 -0.0350455997635709 -0.481703390536172
0.000369770007889678 -0.028020825094998 0.521265085128104 -0.34027199278214
0.0120033290218399 -0.0303744371612026 0.725341194449705 0.37785509548221
0.00259046381805915 -0.00705801457234893 0.120536733161182 0.869425587324915
-0.0121520502363073 -0.0410712337151378 -0.383203674699937 0.487976545258792
0.00756336135540863 -0.0495093402211649 0.0207169551484807 0.0845864887474498
0.00473652959340598 -0.0504016324022253 0.404882980560905 -0.423942836084856
-0.0214940932127851 -0.0239404402385335 -0.0663452053421406 -0.938247893270693
-0.0114201890515883 0.0041060879938908 -0.825524093232265 -0.411669499392092
-0.0215515103821765 -0.000132404961380369 -0.604505183070187 0.463873491044986
-0.0175123940721591 -0.00540745159164631 0.0324010329966761 0.534228921815854
-0.0154698688416156 0.0083346000533758 0.250295546269999 0.209847361600024
-0.0134046008145766 0.0138054103600329 0.174802893275109 -0.13230493695635
-0.0154618229272647 0.00833827951398526 -0.138837125174725 0.0955665280985949
-0.0313311217358245 -0.00587513491819066 -0.151647783955111 -0.18270745030103
-0.00590764498903134 -0.0190806754520624 -0.00526637405737922 -0.474696983561027
0.00736653864569975 -0.0281136219067596 0.554682118528675 -0.29228410898704
0.0183606502594961 -0.0315550807015024 0.696442600706805 0.445341872365104
0.0030248604697176 -0.00448002116677711 0.0528340345462756 0.881103893839825
-0.0156501011280871 -0.0353546279594374 -0.405177235728307 0.462676150933906
-0.003377631300123 -0.0445732397858789 0.031652933417795 0.0718493634983885
-0.00333543948041173 -0.0434800187030796 0.386878978180878 -0.452278361393046
-0.0206047702755313 -0.01916767555227 -0.135041523200499 -0.925563464665479
-0.00816431323956609 0.00331619779928208 -0.847476526858237 -0.337259255726511
-0.0174564718055934 -9.51281442866398E-05 -0.560635562082503 0.512164954261779
-0.0161996354831177 -0.000939292119994 0.0651392080890619 0.53313730940077
-0.0173508572146938 0.00955530198028893 0.256463564254701 0.197706575347601
-0.0103710684555225 0.0137119510992283 0.17075748220398 -0.136673329878685
-0.0108626830500586 0.00925857278509787 -0.138166560230978 0.0901495980043278
-0.0316132119931082 -0.00359825339135777 -0.148557243169202 -0.187275016755584
-0.00334272391288218 -0.0147274151166654 0.0174904549964493 -0.466986124871941
0.0121931545545849 -0.0276166004731417 0.576267013579133 -0.254052540000796
0.0235708735957875 -0.0302185394616543 0.670913600510746 0.490666208870321
0.0043037149733341 -4.59871118748678E-05 -0.000875447615939136 0.885403267974205
-0.0224291564831354 -0.0256829198258957 -0.422201579986838 0.443186123267538
-0.0148834119391097 -0.0369432994161958 0.0380084728748778 0.0613605699678235
-0.0115543416253377 -0.032686918414453 0.370097688489034 -0.471504681528749
-0.0192542146678026 -0.0128867753292174 -0.185026961543204 -0.913491483208595
-0.00509744478804319 0.000993912704725045 -0.860832748428048 -0.283291069614877
-0.0144168050185004 -0.000127516287792447 -0.522687313609636 0.541839987634382
-0.0151842388650696 0.00518401428830086 0.0909688968875917 0.529144373654804
-0.0182405025335512 0.0123088051387987 0.261007429899706 0.188807683502341
-0.00417385374989506 0.014564341664886 0.168588478468033 -0.141597876859538
-0.00680700351547622 0.0123978110922961 -0.137734895246966 0.0860270231428274
-0.0296586059162614 -0.000625641275470466 -0.146422789700321 -0.189186960320223
-0.00127124278445899 -0.0101168134947121 0.0306979889888272 -0.457504270749022
0.0147668784860752 -0.0257848633393741 0.593256835765477 -0.231471979311094
0.0286117860278682 -0.029067740218667 0.65875593330844 0.516358284061332
0.00601103432025437 0.00860726110303689 -0.0333191671641563 0.887844467319244
-0.0306478295016931 -0.0124835643976215 -0.435918272120962 0.431170670416896
-0.0281976752795102 -0.0249760637618791 0.0393150151967842 0.0546515655861616
-0.0178988152305004 -0.0177963580114911 0.35880815626786 -0.482701885581669
-0.016596436966896 -0.00614985258808128 -0.215612641627494 -0.905022467230148
-0.00253132570712936 -0.000192124717063594 -0.863657242009911 -0.255502072886863
-0.0132186243946249 0.00156041936208137 -0.501982862546336 0.558917321069469
-0.013771032506746 0.0107744616257575 0.106013582571741 0.528715595687479
-0.0164802716288338 0.0154639878449928 0.259299585337579 0.184769002805781
0.00241371509906465 0.0159545251268315 0.166781646228662 -0.14341300990183
-0.000888374565368796 0.0147043313323779 -0.134743489998666 0.0841733907605452
-0.0274627493312215 0.00290979236270083 -0.149618850519976 -0.186773926218571
-0.000345503528152252 -0.00568343646439895 0.034517510332209 -0.450941331628661
0.014254018363699 -0.024106855048062 0.599023121388012 -0.228676615996176
0.0304836116512865 -0.0267353225139904 0.660799317004634 0.515001137822027
0.0070561704453124 0.0183786541373372 -0.033341254345556 0.886728331430274
-0.0387554253760048 0.00143430600392289 -0.437878880807193 0.42921060493459
-0.0410866120766903 -0.0128401588559952 0.0368791925254017 0.0520390377766102
-0.0231651173062763 -0.00432044681628128 0.352403328039354 -0.484454461793893
-0.0114850667940845 0.00196664279880534 -0.216595324591159 -0.90825630558396
-0.000594584772047905 0.000395223828916574 -0.864217958871343 -0.258327879238199
-0.014043410939142 0.00329332545179077 -0.498757749425141 0.558253757085252
-0.0137338716616659 0.0152984682690474 0.107269289276474 0.531494415233023
-0.0131378801543727 0.0201721377219049 0.257474216560057 0.185598204428343
0.00963519927539225 0.0175879536931734 0.164685914462148 -0.144516095937531
0.00390797223699589 0.017584141286891 -0.132681476723961 0.0845209483141793
-0.0248381523543632 0.00782102031156101 -0.15373738350901 -0.183268835392663
-0.00214643747986075 -0.00236114884951905 0.0254781129216896 -0.447489853136356
0.0109929265715661 -0.0233617823316634 0.596454100212534 -0.248673507148582
0.030568425413505 -0.0246205989978287 0.675889506305667 0.487138093654562
0.0090798553197699 0.0282251528757248 -0.00670141793307397 0.882997425456855
-0.0447143547890802 0.0154179392553594 -0.434103165703585 0.44047322229541
-0.0508387586521841 7.45063758717727E-06 0.0282676871709982 0.0557482535335464
-0.0271175428902705 0.00998784330918533 0.355256927072224 -0.477133945194584
-0.00802667879138858 0.00893372787481547 -0.196995035170673 -0.918390539601023
0.00108257439226202 0.00151688519882661 -0.860218809088605 -0.292073537185175
-0.0163007398843148 0.00401186344950415 -0.513773490058304 0.543953846744622
-0.0137047102739559 0.0188437993624647 0.0979337665645518 0.535471185739377
-0.00920949431043792 0.0240264056618452 0.252893419756178 0.194498850423999
0.0148561355129183 0.0212218754847825 0.164587721274246 -0.143955468923021
-0.0163338034155832 0.0119892402597006 -0.134746872500134 0.111410795624703
-0.0206397621190049 0.000131324649558157 -0.170624785387471 -0.155574279833014
-0.0137618445792508 -0.0213332352007488 -0.0982688766262082 -0.47166289879563
-0.0140829569277478 -0.0223759396659545 0.441906830310407 -0.434856936597926
0.00281509441758292 -0.02507710619869 0.765974531205214 0.222985377467566
0.00521456126656853 -0.0014293934313834 0.259717246539969 0.818602442011907
-0.00929205259577117 -0.035276769430178 -0.328337077136746 0.537988768735027
0.0123513499777362 -0.0447972452344062 -0.0067663496676066 0.111386082772612
0.0130253277493074 -0.0459269052183807 0.428571069436977 -0.358791298420517
-0.0174780251596264 -0.0236827156685731 0.0831275878656303 -0.944016437204451
-0.0172972315229646 0.0048941252688558 -0.754987841140858 -0.5661204398139
-0.0335566147261654 -0.00132923480791116 -0.684702996681843 0.352054481750682
-0.0214285371293671 -0.0102753471983871 -0.0351241835487138 0.532127263454872
-0.00881459432346737 0.012750498833559 0.232933466791233 0.235670593507463
-0.0120738455122175 0.0200216438257738 0.18176010745608 -0.121009407980074
-0.0184919253727817 0.0100641974970597 -0.135235428633667 0.107436218182967
-0.0252130313327122 -0.00207121317226054 -0.163175729748201 -0.165794855403291
-0.0127814015496924 -0.0221316463156528 -0.0690617739204095 -0.477347262838196
-0.00792917044860686 -0.0266798802092378 0.478967730150714 -0.39216295601623
0.00727664812291696 -0.0282694303326368 0.749667252642284 0.295115493524969
0.00292857081406105 -0.00581698830937656 0.197210079447177 0.843587302112363
-0.0101365664967999 -0.041050381500577 -0.352132839891792 0.515644397204435
0.0124218634724595 -0.0495571429727679 0.00745789150047867 0.0987792678649776
0.0102805352365864 -0.0506181061382445 0.416431959488692 -0.389185592685792
-0.0205862494826724 -0.025635327542368 0.0108731952073764 -0.942994253965936
-0.0155559335637325 0.00499977160285209 -0.792819892241559 -0.491772643143315
-0.0271599010768144 -0.000997388354057127 -0.645187389623145 0.409169064682666
-0.0198903376394717 -0.00824161821788695 -0.000939593745048454 0.533037506604029
-0.0125155152527404 0.00910694727487485 0.242538840049603 0.222742769643258
-0.0137906448517936 0.0164932845924316 0.178187860044429 -0.126931730995351
-0.0181480307057737 0.00899867045705678 -0.136939792505108 0.102349592181921
-0.028548759253116 -0.00416213001353412 -0.157305672131899 -0.175160432188058
-0.00919553289183071 -0.0212481167228235 -0.0377274459785192 -0.477270351145458
1.92311575106274E-05 -0.027898355715845 0.518910561850516 -0.341840407341122
0.0122851321985268 -0.0303335075205977 0.722963836934866 0.375524024969187
0.00247500799567875 -0.00717534746944411 0.123737178957575 0.863000436530785
-0.0121371481280623 -0.0403240516459044 -0.378092200480191 0.487822130896632
0.00692205371649907 -0.049478191728189 0.0211429310208957 0.0839786692475427
0.003670327352015 -0.049738771287355 0.400306102289749 -0.423000054854126
-0.021458104561272 -0.0236196933275997 -0.0681020250523397 -0.935933128695218
-0.0117191153907265 0.00354529054310165 -0.82391988779304 -0.407080003424331
-0.0221174029399317 -0.00050572910175582 -0.600767225970504 0.46539468089026
-0.0173533582396565 -0.00551952333939394 0.0356253922015351 0.532170865185919
-0.0151261364019273 0.00831512375889482 0.25099064179417 0.209178738151756
-0.0119039063894589 0.0144944230153756 0.173736268525727 -0.132142265601544
-0.0147828889821178 0.00861417137025051 -0.137465718761278 0.0954600893757009
-0.0313257986822959 -0.00494583580323369 -0.151724677584824 -0.181977807300186
-0.00591075955971994 -0.0191738407332458 -0.00755299540236753 -0.470920192486311
0.00669216744791272 -0.0280227718929611 0.551047166124115 -0.292787862033787
0.0185135081854122 -0.0308774251483515 0.695017576182645 0.439123401461767
0.00326038263888628 -0.00526006068307465 0.0526821691229843 0.877472750901927
-0.0160294369339263 -0.0349891561413798 -0.403002390224914 0.460592512587554
-0.00297807688639146 -0.0444053078049676 0.0324229755325286 0.0708953379396652
-0.00360469042593175 -0.0426627304494827 0.382940968833668 -0.451160480447428
-0.0214759721488107 -0.0189675041945699 -0.138038883521257 -0.921493281088075
-0.00792442806201921 0.00294610790464102 -0.846731800951996 -0.33245600395142
-0.0174224379233554 -4.13958193189335E-05 -0.554341551258409 0.513504591306185
-0.0164891702456651 -0.000927320526062628 0.0701838186953128 0.529166222563899
-0.0169543577078053 0.00909793620130914 0.257824657749418 0.195604840229648
-0.0097673974466709 0.012678396884758 0.170679529230514 -0.136960219946313
-0.0108232245524391 0.0101965284656234 -0.137002026083639 0.0906497210115531
-0.0314602322672773 -0.00326601342987365 -0.148348615427955 -0.185763227372761
-0.00302907338336732 -0.014352773695614 0.0156822231702404 -0.462979066276445
0.0121772336949742 -0.0262692240117226 0.574354808665052 -0.256153172927731
0.0242086546479881 -0.0307849332308111 0.670298533152759 0.487278912411228
0.00451145742939545 -0.000198681054257483 0.00208395981058069 0.881530226159784
-0.02226878353266 -0.0256093469015437 -0.418833194880054 0.443133782855642
-0.0153019145417628 -0.035754708977272 0.03786334397236 0.0608519839180754
-0.0126569527680877 -0.0316021543448059 0.368967717813965 -0.470325239533823
-0.0191334152965605 -0.0135452271896362 -0.188962810883871 -0.910061644265133
-0.00483393833131137 0.000986638156082232 -0.857612369972561 -0.280053796555285
-0.0146677891258014 0.000274952004293966 -0.517816342206616 0.54407866779539
-0.0156159793895723 0.00489197757182369 0.0936512199523418 0.526204950383397
-0.0166316693004006 0.0126896233653978 0.260668615884899 0.186853813804381
-0.00412253827096039 0.0131244109727573 0.167349632075848 -0.140345100447057
-0.00572410344181157 0.0123455270710873 -0.136200829794696 0.0854889073882609
-0.0301045935189682 -0.000162779927454322 -0.146652134377018 -0.188302175687394
-0.00151914500122676 -0.0101253051332021 0.0300976760269534 -0.45474610010001
0.0142190037472923 -0.0255884335725378 0.591644595450965 -0.232483118730213
0.0285242629386311 -0.0288259223635629 0.657508230888487 0.511182719049172
0.00586746510190011 0.00798131696613291 -0.029362633375746 0.881610250987158
-0.0304185808496709 -0.0127819498011362 -0.43169008746226 0.429873490374288
-0.0284835445429758 -0.0244948994925021 0.0395382789299616 0.0536457497528314
-0.0178670168447548 -0.0180255512848123 0.35535778616943 -0.479320269474884
-0.0165774353001298 -0.00618353063391461 -0.218171044215545 -0.902369211001202
-0.0014957969304036 6.10635634235544E-05 -0.859674233145873 -0.252557841896836
-0.0128000371342017 0.00127391647759713 -0.494807155461212 0.560559858657498
-0.0140181983694305 0.0109513881561028 0.108849478274151 0.524924417307511
-0.0152856207753101 0.0164944437471767 0.260872377692092 0.183597411268391
0.00183160583018536 0.0151843956958394 0.165924398667507 -0.143933340196778
-0.000450988383881632 0.0146418229692281 -0.134592114099002 0.084149136033221
-0.0276078839845379 0.00368120631687246 -0.149551395304596 -0.186582200397644
-0.00102812608333223 -0.00578313429017977 0.0317060062620582 -0.448568737294256
0.0140033860672789 -0.0238867362704795 0.596871927962573 -0.229809316094952
0.0308118623932389 -0.0267359387002405 0.656512962332044 0.510458746652851
0.00677616086418358 0.0173113169077199 -0.0282513513088947 0.884277379047676
-0.0386789430345384 0.00192236387385224 -0.435100939451824 0.430505380399166
-0.0410772606329772 -0.0117572249783676 0.0363085435387758 0.0520220157066297
-0.0237781298715538 -0.0032868137358038 0.350710522457005 -0.482229292964978
-0.0126436900415026 0.0015853008946048 -0.222447119855481 -0.903010752619035
-9.12441407861057E-05 0.000192557130522554 -0.861700790534058 -0.254736195544152
-0.0136904247924311 0.00369231414844474 -0.492608704840696 0.559206389416271
-0.0137152186780805 0.0157729003505585 0.10884507427783 0.528864447133431
-0.0121662572797458 0.0202819438573844 0.258347649517171 0.185927682382412
0.00963921685599129 0.0182175334490993 0.164501992197024 -0.144783489850767
0.0036793917030654 0.0175290258292986 -0.131519136136218 0.0848148938303146
-0.0238426514430807 0.00828051134919563 -0.154346977770453 -0.181752267410966
-0.00142715967953111 -0.001764649544272 0.0236451355918281 -0.445419385264348
0.0109472746702208 -0.0230327312260021 0.593346860496062 -0.25033271207062
0.0305132010975835 -0.0250001117921722 0.675584248023946 0.482781484929285
0.00988164764193653 0.0280812557844483 -0.00212782551056991 0.880729787594986
-0.0448254343239986 0.0157217671144442 -0.429971230639198 0.4406865383734
-0.0504443367265534 0.000692541221364583 0.0277067514370918 0.0553461050583411
-0.0270249225988114 0.0105210306501345 0.352429518423994 -0.475478578601904
-0.00809045250991661 0.00946596595355673 -0.200511137283924 -0.913841663826549
0.00169488681286559 0.00180946721141517 -0.859348859311116 -0.286132999686805
-0.0143366892809155 0.00484808318250927 -0.508337380454883 0.542179180022876
-0.0137954457668115 0.0191466854542261 0.101470712568292 0.5320767772591
-0.00845567884669884 0.0245867138603775 0.253160709250947 0.192725126462895
0.016230563659049 0.0208964627637976 0.164792449004129 -0.143576441290336
-0.015989973149858 0.0124956497917218 -0.134212275436822 0.111397022831522
-0.0202896406845598 0.000998126497588485 -0.171077069169972 -0.155383179970799
-0.0143708700723299 -0.0215089231722139 -0.0970600567605546 -0.469167398253414
-0.0141019398211697 -0.02262820388904 0.43845359173806 -0.433980696583623
0.00317216795588398 -0.0250723615684516 0.76260579192901 0.220115622924796
0.00529238172477836 -0.00101163347739271 0.262553061645924 0.815097681561173
-0.0104296180312456 -0.0349851345361867 -0.323988782220744 0.535823358634843
0.0124999818979893 -0.0437142875307616 -0.0060710706549888 0.110812189183176
0.0121996925012089 -0.0456286557894587 0.425492115889833 -0.359671913954055
-0.0180444108730793 -0.0234931050817326 0.0798261122098076 -0.941592437114824
-0.0165017792561495 0.00559784876502089 -0.756149719878262 -0.560429740078308
-0.0334143303493804 -5.83175461464822E-05 -0.679882605325712 0.35334818837814
-0.0218429641066909 -0.0089889955570332 -0.0330188145180968 0.531371054731543
-0.00833641637680431 0.0137309853858885 0.233574669312616 0.235321756346487
-0.0119024652209473 0.0199627375241925 0.180936905676847 -0.120881219270189
-0.0175593843402567 0.0103649919998051 -0.135354701050395 0.107515526308665
-0.0256317181142076 -0.00233196913954905 -0.164971889646147 -0.164501772150711
-0.0136107943114231 -0.0226955579283644 -0.0720419587297492 -0.474182172897757
-0.0077901874046647 -0.0256159184116039 0.476722303998539 -0.392243156277671
0.00745033570937613 -0.0277928455438139 0.748538968216535 0.291421937088271
0.0031903824172428 -0.00636039614289907 0.200537187733242 0.839719175657346
-0.0105572493598852 -0.0406400455320873 -0.349423804462833 0.513855754558907
0.0118912691519301 -0.049016842369051 0.00747767061646889 0.0982987727281992
0.00948363012701846 -0.0506383490401319 0.413784247010158 -0.388851666186785
-0.0211153721244803 -0.0252698075625107 0.00837196100946071 -0.939792262190027
-0.0152924312374658 0.0048407674847197 -0.793313281785015 -0.487068447265014
-0.0272534621381304 -0.000632480514121177 -0.642295923115044 0.41284212745018
-0.0204571314402638 -0.00836848641603245 0.0014582963886149 0.53193017444418
-0.0116029334649132 0.00922708510280529 0.242640621831002 0.221119549026586
-0.0126475519320516 0.0162983160990868 0.177643338308837 -0.126344457819894
-0.0169908911985228 0.00850363922902543 -0.135996996103511 0.102215894320197
-0.0293592912445674 -0.00407628486415025 -0.157760356163707 -0.173982585649957
-0.00984436264672864 -0.0217362664626985 -0.0402070570294464 -0.47285346492317
-0.000135882877572969 -0.0271498020452082 0.515426189808189 -0.339941097580395
0.0124943688657697 -0.0310272537639453 0.722657913294639 0.371214243697564
0.00305298899783429 -0.00761167295325733 0.12407321998866 0.862389362116351
-0.0115409567970193 -0.0402656907205261 -0.375073244789666 0.488701122976083
0.00689562092883092 -0.0485793564570811 0.021221916595849 0.0837067858913013
0.00295692279583166 -0.0489440106255456 0.397325839053808 -0.422117881598939
-0.0219935529789598 -0.0231599623958728 -0.0719599498249134 -0.931512266913339
-0.0110763545691945 0.00393802289836929 -0.823109649874301 -0.401684273590287
-0.0219048848727066 0.000707989314195408 -0.59768217508957 0.46665963499662
-0.0181256339929672 -0.00560636611979014 0.0379337123403831 0.528157786139645
-0.014667286693799 0.00933289395515743 0.251778648582559 0.20654985835202
-0.0124264943487906 0.0139557368876314 0.174170996777976 -0.131667895424217
-0.0146171449828927 0.00887384341359845 -0.136714294085965 0.0952467218195524
-0.03158473908187 -0.00432526933403791 -0.152619544474991 -0.18091847749297
-0.00629503058142592 -0.0187319967219349 -0.00964712430475971 -0.469824709510897
0.00691627179160356 -0.0275143374161166 0.550216668989939 -0.293900742936113
0.0185586856662127 -0.0311657278852355 0.694995401568092 0.435987407377614
0.0039561486529682 -0.005784711709762 0.0586693980524051 0.873189440305532
-0.0164912089546312 -0.0343210183110038 -0.400485971987756 0.461527001069963
-0.00285309309647958 -0.0440566726178957 0.0316609584106729 0.0711779052635024
-0.0046606052553621 -0.0422583732329126 0.380084800594841 -0.449358308093677
-0.0210487168100907 -0.0191002373434405 -0.1425020355551 -0.916441237088863
-0.00771812753701807 0.00237868978008607 -0.843998052309336 -0.327774213353607
-0.0174238204107416 0.000377686670319904 -0.552113412077382 0.515626522990933
-0.0166156660126555 -0.000198177039196785 0.0716228809926436 0.527405213870336
-0.0160876123651124 0.00970669128552562 0.258459369833106 0.194461994434514
-0.00858681847466574 0.0130033253530056 0.169857681518133 -0.136874021877164
-0.0102812115735202 0.0102475126752339 -0.136238702279462 0.0898473299203883
-0.031330682207325 -0.00331529224412204 -0.149581460262209 -0.184824852409154
-0.00296877089075588 -0.0142085676651577 0.0129905015844515 -0.460470884153843
0.011531295800123 -0.0264714420589789 0.572878955022396 -0.25516003130183
0.0236528776806886 -0.0306552931358539 0.670237277251319 0.48291496970047
0.00493752249976822 -0.000693622303210899 0.00471428839614237 0.878554764221044
-0.0226232360401228 -0.0248015605583042 -0.417271646846645 0.443030645598856
-0.0147131104776166 -0.0351766419539894 0.0384960994685711 0.0607411033829908
-0.0117826841936444 -0.031847386525006 0.363226614234099 -0.467296297030744
-0.0200897867388917 -0.0133864515871349 -0.191417864591493 -0.906672707550119
-0.00445557292061353 0.000754562966036935 -0.857091206601386 -0.273957908328192
-0.0148547087329857 0.000874459116510001 -0.515461665341388 0.544261315740324
-0.0153248591183835 0.00561558914993603 0.0966322552625147 0.523802000334855
-0.0162639272870727 0.0120976814685462 0.261105664777424 0.186387663639038
-0.00321597436285834 0.0126406569119994 0.166244407396616 -0.141259276871013
-0.00531650528664354 0.012563235519271 -0.136073820861076 0.0858533923626073
-0.0301471505780393 -0.000628940341009407 -0.147528569381104 -0.186948653219193
-0.000805440061052542 -0.0098318123669723 0.0282196272324389 -0.451273916745912
0.014761914282277 -0.0252506451272793 0.590331141204851 -0.233126899333267
0.0282361655686025 -0.029059781211448 0.658085808769064 0.506510412726651
0.00595485649964607 0.0077433889024843 -0.0258772457752556 0.880508450689258
-0.0309326679499658 -0.0118775114546335 -0.429683030202257 0.428838030555198
-0.0282887292202894 -0.0238046054686539 0.0399791071419704 0.0537494462600003
-0.0190601061805477 -0.0169597008390477 0.352435138623528 -0.479090095487588
-0.0160030043457641 -0.00570950393297895 -0.22009237009909 -0.898588161888116
-0.00173825952238863 0.000308433712791101 -0.861120747458577 -0.247662273659837
-0.0134547898504586 0.00169353380512404 -0.491839375989329 0.560993302268175
-0.0134277115679054 0.0105659477123877 0.109320040272873 0.522576154008478
-0.0150450983679057 0.0159875631989549 0.262233674853781 0.181901277419619
0.00302555271140711 0.0143308212302587 0.165560689633294 -0.143927285463656
-0.000439951107256562 0.0148484864078519 -0.13384794911964 0.0839101247453769
-0.0277427933320493 0.00475118203513242 -0.149216815029668 -0.185458542218588
-0.000607265567109321 -0.00561721976602837 0.0303125896623513 -0.445616981985759
0.0137709359199208 -0.0234982647777521 0.595838463743779 -0.230863835588252
0.0301447668130368 -0.026973307841257 0.656539909734892 0.506816758812368
0.00766714525865693 0.0170536191888127 -0.0261902931077632 0.880137866177689
-0.0386684448758571 0.00229437921680429 -0.432854895513262 0.429052671463436
-0.0407031449614298 -0.0112974697875819 0.0360341104189376 0.0518594954943154
-0.0230398132523846 -0.00335660150354688 0.344700505183528 -0.482099724414454
-0.0123550747805438 0.0017895527248687 -0.223144498602592 -0.900950820257789
0.000292697378031618 -0.000153051249151003 -0.862512213616216 -0.250356337363637
-0.0130207141267634 0.00297680082297017 -0.488695906117691 0.559681916831681
-0.013832642663181 0.0157901769415677 0.112684532556921 0.526627747517214
-0.0115559631451387 0.0203787219920882 0.258950642887291 0.184033369317629
0.0103294968331609 0.0176765190740823 0.162797705004863 -0.144249220043177
0.0039877102723262 0.0173306303440758 -0.131170126042968 0.0839557005645231
-0.0245378195269806 0.00863978669069192 -0.155069084254139 -0.181602636651532
-0.00164994115444381 -0.0031573660768249 0.0228140679318637 -0.441090757027346
0.0100140049842226 -0.0225970843146312 0.591093626343388 -0.251320573483296
0.0308998862032354 -0.025734354690301 0.675200227893925 0.479032741359792
0.0101825433659077 0.0261647758912389 0.000441265723886037 0.879003319399803
-0.0448905477104091 0.0166844902367297 -0.42656545051419 0.441242251425815
-0.0500475431902621 0.000999713478352007 0.0278137319228232 0.0552233871745919
-0.0267789618284604 0.0107319156823926 0.349950642944568 -0.473817912892661
-0.00843518338625909 0.00892644304039915 -0.203187906692314 -0.907160208684021
0.00186971112709166 0.00150657604515451 -0.85660962419011 -0.281051443163619
-0.0159585723500429 0.00429704431071958 -0.505041468975451 0.542793880210318
-0.0139477331929676 0.019050820228721 0.102032703211805 0.530069151326795
-0.00739514583740062 0.0238807197815635 0.25379325821996 0.190960362439046
0.0157110011902421 0.0200799731630765 0.163579828206194 -0.143302869831309
-0.0155994336179081 0.012674376004075 -0.1332783549037 0.11112812432543
-0.0202066573006618 0.000979300873161101 -0.172420080999114 -0.154641629564568
-0.0138490822241726 -0.0215709776480677 -0.101734984792147 -0.466588760973783
-0.0142071992088227 -0.0222586519604997 0.437260585636064 -0.433677071191794
0.00314361869830975 -0.0252906575231832 0.76182692291528 0.216703335976282
0.0058023860500946 -0.00240939536562056 0.264512540883933 0.811547808739072
-0.0106346875975729 -0.0343364541452865 -0.321590447940968 0.535202551065422
0.0117847142259546 -0.0429684605885263 -0.0057679783645221 0.110050226023771
0.0115379131485143 -0.0454350505700463 0.422224005982533 -0.358210476597234
-0.0186559030400479 -0.0237482442155478 0.0765131694225007 -0.940732817662577
-0.0165789792947091 0.00552431648195577 -0.757047978721196 -0.558274643117249
-0.0339184977935756 -0.000224466658123581 -0.677910053585837 0.35743952413289
-0.0221079836236764 -0.00836865404956439 -0.0302973695469387 0.529066724236834
-0.00760656288663462 0.0136878465881906 0.23548597377339 0.234062598332541
-0.010441345615077 0.0197576038378755 0.180536352948148 -0.121469104907482
-0.0170769892712886 0.0104023174517066 -0.134436115851208 0.107047354129954
-0.0255955366302111 -0.00138018273983236 -0.165827410994438 -0.164604348469081
-0.0130466943001014 -0.0227277804429652 -0.0738811636396067 -0.471789275270369
-0.00837951883077184 -0.0254988069213869 0.474770266895915 -0.393305387770183
0.00675533366381939 -0.0282465238262927 0.746913528582679 0.288158653610556
0.00414166998327642 -0.00666898360794364 0.200791136276805 0.837103865331373
-0.0102612743665371 -0.0403076394210914 -0.345703116718382 0.514272041021733
0.012055178658169 -0.0488682655455465 0.00806270201275824 0.0976413702868567
0.00924419286986592 -0.0491034221531857 0.411277137598355 -0.387662972912409
-0.0204185601079313 -0.0253311268491566 0.00395924868013064 -0.938247186683391
-0.0141297504729846 0.00479451098405038 -0.793791959662107 -0.48480402010451
-0.0276626868121595 -1.21562421878836E-06 -0.639763809177623 0.414130471386187
-0.0200913676384995 -0.00791312815687607 0.00410866758712472 0.530493853793051
-0.0113935118455461 0.010739676153082 0.244410150221073 0.220301571563506
-0.011795700458979 0.0166576813525642 0.177421708714289 -0.126679582113464
-0.015930091033751 0.00945580216051381 -0.135891943381351 0.10152424940715
-0.0294041689897052 -0.00324215441276501 -0.157708400948172 -0.173753912402133
-0.00921773780183465 -0.0223116196688892 -0.0404599718215694 -0.470898043376708
-0.000499599417248471 -0.0267198502480197 0.515383907449466 -0.342034200255572
0.0126311714216515 -0.030909998361764 0.720858605948839 0.36818451176371
0.00331629086310105 -0.00841076223918164 0.126255597780146 0.86054924408599
-0.0127805902015684 -0.0395482678253165 -0.373693563602713 0.487108603926881
0.00644484192235845 -0.0482531340174162 0.021853652323882 0.0839167269411278
0.00263248251797564 -0.0486746160223086 0.394738179471543 -0.421861923488711
-0.0218974915974535 -0.0231506820540343 -0.0756741635650812 -0.928502315780947
-0.0100948879242487 0.00417187587816708 -0.825977398259057 -0.400528857377877
-0.0224408084933661 0.000437935382000958 -0.594557957705066 0.469659710833287
-0.0184087649114015 -0.00458815886115822 0.0405237778418194 0.527821863983583
-0.0138783011463142 0.00925802938367889 0.252655923682131 0.206126975775747
-0.0114309436144151 0.0136813592519355 0.173041556672837 -0.13142670162369
-0.0137868589125158 0.00914009788314414 -0.136098747994646 0.094868738509843
-0.0312358859361123 -0.00378728893998465 -0.152588659823351 -0.180509858945435
-0.00599690103369238 -0.0186898364179515 -0.0123170636435011 -0.466314913420613
0.0066125663010662 -0.0277378584246759 0.548020152575225 -0.29412946972361
0.0190934116348227 -0.0308465284440299 0.694875264777407 0.43310539019579
0.00356803954054566 -0.00643162451946102 0.0596793606203779 0.872354509515519
-0.0167441882263528 -0.0346196565837342 -0.398339768611681 0.461021808374929
-0.00295654347468237 -0.04372964685459 0.0318941801091148 0.0715634042499617
-0.00502762486062682 -0.0417514140036284 0.376394275604868 -0.449437453997971
-0.0217674926360824 -0.019122367505628 -0.144817752630694 -0.91434294245322
-0.00672282655947055 0.00272319930461992 -0.847554835595858 -0.325042943880621
-0.0171217875093143 0.0004702812012315 -0.549174732202871 0.515162630491399
-0.0167498207650509 0.000242377150148704 0.0739474523599077 0.525984851525872
-0.0157087620218086 0.0100522940087055 0.259337670511424 0.193228445293099
-0.0084497969724183 0.0131961799895049 0.169976304832767 -0.136698875302791
-0.00930619489154877 0.0104702127560565 -0.135753087648787 0.0898567920288343
-0.0313405639959313 -0.00266717408256474 -0.149532713626443 -0.184430360896339
-0.00330853656163877 -0.0145736919181482 0.0123558411476526 -0.459018098055036
0.011612534337854 -0.0262300213239291 0.572225803480165 -0.257477738711578
0.024103833750283 -0.0304618549630945 0.669906398602911 0.478700821654527
0.00483264400678519 -0.00176675416610969 0.00778356971942264 0.876321708596217
-0.0230421212119378 -0.0243701143766482 -0.415150238373613 0.441173782300436
-0.015552881390903 -0.0344888787450107 0.0383663495831442 0.0607368510245974
-0.0127054445122597 -0.0310534543734085 0.362762509855189 -0.467224052477177
-0.0195189843918949 -0.0133677319913677 -0.191563479677544 -0.90391812431447
-0.00404660336598524 0.00117758575729483 -0.858591845871158 -0.27140074446178
-0.0146232301822735 0.000809314541738328 -0.512169248855855 0.546403558940287
-0.0152246915547556 0.00507190544308415 0.0981277367342042 0.522455139447212
-0.0156323452238484 0.0123272372329785 0.26248636735341 0.184921279076636
-0.00283598100898006 0.0128539600838586 0.16637947863596 -0.140578122123152
-0.00469864251615332 0.012264731346076 -0.136034410345101 0.0855591551525046
-0.03004497056087 0.000412580214850867 -0.14871033280292 -0.186048324287638
-0.00177030408971323 -0.00989361135851285 0.0269754328259162 -0.449925841629669
0.0145877670157584 -0.0252778577309407 0.588233725677412 -0.234629055969091
0.0286474972518426 -0.0290745466341404 0.657511096113386 0.505253956495382
0.00635622134549396 0.00701213916785392 -0.0227290305559571 0.879022059729616
-0.0307532660145323 -0.0119334221411094 -0.427891705241438 0.429539913080008
-0.0284064192639659 -0.023413155446152 0.0390966247525344 0.0531301200618865
-0.0192059817591945 -0.0171101430027763 0.350107882392021 -0.479206973456909
-0.0167154513272139 -0.00622330054871799 -0.221606340231419 -0.896778113420665
-0.00157447913764446 -0.000161702155529884 -0.860314507860477 -0.244774438206528
-0.0132076809472537 0.00223418917793308 -0.48873837632805 0.563195740319803
-0.01445751001074 0.0106976238471949 0.112305808811739 0.522348907029019
-0.0135395100684095 0.0158428877211924 0.262364829477885 0.18115898547515
0.00367421855796215 0.0141631513755666 0.164804892754263 -0.143752932988633
7.41655492618885E-05 0.0143478740594792 -0.133431892414279 0.0846040669247839
-0.0278559788554009 0.00439673018535667 -0.150564924556196 -0.184582638857504
-0.0010520791955907 -0.00514678711773643 0.0300748834152529 -0.443385223845309
0.0141575533613881 -0.0233301024231608 0.593548691211875 -0.232499258650779
0.0302731103613981 -0.0270837289642493 0.658131849932847 0.50334821654538
0.00727710274509233 0.0161808246104702 -0.0243615140402483 0.877158086845247
-0.0390216707889003 0.00167974354748804 -0.430022456825281 0.429390462763699
-0.0404217684027102 -0.011255695118181 0.0359760727561273 0.0513711934362411
-0.0237608252857254 -0.0025339789169774 0.344470067436103 -0.480490059490812
-0.0128149675840564 0.00118946083489122 -0.225852724390063 -0.897534549183507
0.000941192732293187 0.000255982007952373 -0.860701598857509 -0.24580172240756
-0.0140704899192555 0.00350216769348425 -0.486266930103511 0.561537813318378
-0.0144390439818383 0.0159045608597578 0.113687686799104 0.524763289410725
-0.0113321764200776 0.0206439053384874 0.260415624121247 0.181656693964014
0.0103614080315125 0.0164280095586347 0.16342275066652 -0.144405137799286
0.00437378487324113 0.0174294116308165 -0.130398820955069 0.0841425093101082
-0.023678776597026 0.00868782087574124 -0.156180322933495 -0.180801702549742
-0.00142788939049467 -0.00244181698763997 0.0212347506507858 -0.440936881979031
0.00979266922608955 -0.0222444776757143 0.58953918985183 -0.253198634631937
0.0301401268848315 -0.0258678567305738 0.676386295154473 0.476047398584721
0.0100353570344589 0.0259626991736483 0.00407869883725581 0.877094278109647
-0.0448861461659493 0.0163412006236325 -0.425205038458609 0.439973271547432
-0.0500472065160205 0.0018230020280299 0.02777183372086 0.0552341858782009
-0.0270588327934679 0.0118177094457045 0.347518074961038 -0.472348351840976
-0.00910600961152877 0.00959524317615081 -0.205321116125147 -0.907248465824948
0.00250990908873711 0.000865044490309403 -0.858006532667835 -0.278103984221134
-0.0158857862847243 0.00533625485192408 -0.501810122410264 0.547005241409944
-0.0138389673518732 0.0196126015108085 0.10639291977184 0.529754231499628
-0.00654475800820452 0.0243995259149635 0.25466159644098 0.190553273176062
0.0164980341135617 0.0192755821142012 0.163314203245419 -0.143967566834329
-0.0147795182108967 0.0130297409367452 -0.132410592879943 0.111454861439554
-0.0205819512995346 0.00193274997010118 -0.171773117311731 -0.154088137664298
-0.014257242027961 -0.0211151816953073 -0.102824362904076 -0.465504274366607
-0.014364283179875 -0.0223318643751816 0.436853216617703 -0.435805012505941
0.00270279215428631 -0.0253156732915639 0.761702296646749 0.215159992702402
0.00629625363067809 -0.0026574126518342 0.265273814558909 0.811467896256387
-0.0110440701839762 -0.0335702205443468 -0.320646977804893 0.535757493189869
0.0123374157843878 -0.0438271764067518 -0.00521791921817111 0.110332063569466
0.0117614747635948 -0.0441686603130113 0.420921748720869 -0.35950637661583
-0.0190136443350306 -0.0227564814779037 0.0732416776927217 -0.940219488804663
-0.0168652105654879 0.00539840717588614 -0.759178924922083 -0.555793926811476
-0.0345138025587508 -0.000377144096143526 -0.676244728676405 0.358697109318888
-0.022443191411111 -0.0090321780783767 -0.028113576921527 0.530234396915374
-0.00703795259870836 0.0132772272652762 0.236833090593494 0.233767373329475
-0.0105330143411638 0.0195843683950007 0.180706827017946 -0.121942955820153
-0.0166077988610585 0.0104462778453059 -0.13410917938513 0.10725949625358
-0.0250692107963341 -0.00165672599249563 -0.166415190438743 -0.164192288037514
-0.0125154720301018 -0.0219248524991878 -0.0756088295016866 -0.468937456837126
-0.00791899451496531 -0.0251038242669137 0.4750369359585 -0.393409907098425
0.00701744009734704 -0.0282179924983916 0.745736984934883 0.286744480708475
0.00403652673856627 -0.0077031150909088 0.203478043785006 0.836683272214027
-0.0108056790813476 -0.039801127263928 -0.344225802055351 0.514938341075791
0.0122794793116068 -0.0480314531989433 0.00808604600710424 0.0979455480131448
0.00853264713565938 -0.0494741644130356 0.409569674628481 -0.38910411966564
-0.0207867056525811 -0.0253115515268783 0.00260658867356008 -0.937906307567849
-0.0132294223749116 0.00487146728906483 -0.79483805870098 -0.480789833136279
-0.0279750183734299 0.000513793994229685 -0.639380285394256 0.417055647447491
-0.0204326579053094 -0.00813851406455201 0.00552774679620484 0.530110202838243
-0.0112390061154525 0.0101189181706128 0.246666977425851 0.220062510460067
-0.0122267190213425 0.0161728983673747 0.177390773044612 -0.12690429602545
-0.0161692517996385 0.009154611940956 -0.135305942984048 0.101508420359209
-0.0292059186291477 -0.00311185477715544 -0.159161270483865 -0.174218934368631
-0.0100167412334556 -0.0214730339759319 -0.0424662815643199 -0.469409540566949
-0.000730934825055655 -0.0270104618473667 0.511947975177234 -0.342284214682419
0.0125632588979914 -0.0301640606281017 0.721362412298819 0.365654571211448
0.00342269893873334 -0.0086962859205662 0.127959406968667 0.858294338138492
-0.0128271442024792 -0.0390816101882355 -0.372759442106969 0.486697548114789
0.00666446582983019 -0.0478412122433847 0.0222156525321607 0.0837850910646981
0.00266883052197707 -0.0484525253055635 0.394577908378546 -0.421369178961781
-0.0223533728501285 -0.0231826428024095 -0.0788461910154288 -0.928249095807195
-0.0104728987826551 0.00369264125838334 -0.826919624394157 -0.39593138379364
-0.022246688195452 0.000373323703512764 -0.592788602734771 0.472829424753993
-0.0188852308659671 -0.00558024788363033 0.042664856644715 0.526665052984203
-0.0136688120666214 0.00918085491802413 0.253950797308068 0.205791829591711
-0.0108044772660684 0.013977027925888 0.172906416260195 -0.132420398222935
-0.0137354981509837 0.00915226759190371 -0.135310711039334 0.0949704897651932
-0.031275955712391 -0.00335443250607178 -0.153854048267461 -0.180303846459501
-0.0060210545989154 -0.0189547827835225 -0.0129170319976276 -0.465242049475914
0.0063623419239448 -0.0266626523332291 0.547264348302806 -0.295660543373159
0.0185242257571476 -0.0315234285702057 0.694004267700016 0.431471044567247
0.0042108433761028 -0.00686504374267471 0.0610401574509301 0.870564616606085
-0.0167113752263269 -0.0334668823654231 -0.396043616524766 0.461034538588017
-0.00330583494369247 -0.0428364191086303 0.0321160951956984 0.0709412050786296
-0.00519541652023088 -0.0413360594414151 0.375686610136927 -0.448817259930019
-0.0221085097783114 -0.0188297032415427 -0.146806823348407 -0.913411295081599
-0.0067662860128719 0.00260373493863085 -0.847544847769812 -0.322486365490534
-0.0183209419132368 0.000674254478446761 -0.547006967579357 0.517851180112301
-0.0172400048749602 -0.000298304140573261 0.0758010797893582 0.52487796946569
-0.0147507959754697 0.0105776744140909 0.260543018055104 0.192427084019798
-0.00721384227285548 0.0127867423197049 0.1697936533099 -0.13691464367968
-0.00887028991689307 0.0106034317428957 -0.134841453619353 0.0895704185876111
-0.031579965811954 -0.00209408807019585 -0.150976300892969 -0.183728791525898
-0.00303920182542916 -0.0143622856530975 0.00999582268035136 -0.456430036756602
0.0116370816019034 -0.0263840197295866 0.571002931883895 -0.258640196354158
0.0241322768346569 -0.0307563899697379 0.671512854374909 0.477018222398092
0.005626072798808 -0.0019487671960426 0.00953994130218979 0.875736682009843
-0.0230066542333389 -0.0238561753494563 -0.41352360969406 0.441697577087418
-0.0152280237452418 -0.0341474242306386 0.0381757579037475 0.060846974980217
-0.0127372435806131 -0.0305606771769863 0.359531279051758 -0.467213808705405
-0.0203560084323703 -0.0136627303898646 -0.196087590514084 -0.90220134230877
-0.00412584062311131 0.00059536368509867 -0.857227136185164 -0.26765415009817
-0.0152824970193179 0.000912386360911562 -0.509747042264704 0.547781860993096
-0.0162993808374174 0.00579109677487346 0.100154491158274 0.522537908313557
-0.0147073208615748 0.0128331423387974 0.26380509454436 0.184625749339471
-0.00284077742469473 0.0126609865120633 0.16673866868567 -0.141459571317961
-0.00424731497179128 0.0124057534597889 -0.135035917183583 0.0855029524582802
-0.0301442919116481 0.00133714525941338 -0.149143334367527 -0.185707664933169
-0.00161322479218321 -0.00958300925572875 0.0259852439457547 -0.448542737642986
0.0141265382117673 -0.0245059176247922 0.588923644111988 -0.236070579237722
0.0285131348623818 -0.0292575972911554 0.657624339183968 0.50367503882079
0.00635677351612736 0.0061859365614454 -0.0213565185612029 0.878481058039415
-0.031268354912706 -0.0118011905612671 -0.426791718675609 0.43036792203946
-0.0285876361198852 -0.0230057714658392 0.0396962213251067 0.0537409627515075
-0.01905861162036 -0.0167512665739028 0.348466531942749 -0.478503854553769
-0.0174639502125412 -0.00568508202662174 -0.226218987150923 -0.894702689195379
-0.000915762232268545 5.57077017629692E-05 -0.861898655216161 -0.240792210309136
-0.0141461063561033 0.00239560913671824 -0.48614263489981 0.564789468957426
-0.0148135544514439 0.0112252308561472 0.115582395623231 0.520867201945566
-0.0131643686996185 0.0160125772054367 0.26437175849329 0.180492802052211
0.00379351742034019 0.0140592938175141 0.16479209640045 -0.143035532876333
0.0012583291841799 0.0151120125810376 -0.132945314938414 0.0838400945266295
-0.027211532162612 0.00471095557615568 -0.152085186080763 -0.184643181243667
-0.000602614251174267 -0.00500073176425335 0.0304168684210022 -0.442373885675699
0.013465801813984 -0.0227480598647753 0.593212869707686 -0.232803004642136
0.0299980029554932 -0.0275979355114691 0.660266750613322 0.502478375007942
0.00786604578783776 0.0157540252839834 -0.021656874732544 0.878209578505453
-0.0386694920794553 0.00279297671918386 -0.428749501864979 0.430083062161081
-0.0400724507225299 -0.0104847647921343 0.0361886343959232 0.0519456152295794
-0.0241014863736315 -0.00181267389459391 0.343046351700797 -0.47994951119229
-0.0125998200781405 0.00167461888535704 -0.228687609182084 -0.895278524330997
0.00100442265426644 3.59364993880035E-05 -0.863058517175265 -0.243982896213314
-0.0147981942983336 0.0034826850720734 -0.48504994685593 0.564493683056111
-0.0143284628934229 0.0163116765527313 0.116163605650498 0.52304572150296
-0.00991763781248181 0.0197200542333742 0.261475953093024 0.182809214754502
0.0115105027006417 0.0166298942205453 0.162779768897341 -0.144850293484409
0.00531981185818752 0.0175592355425842 -0.130593329111868 0.0843071515210293
-0.0243984643285808 0.00868364738423446 -0.156992982014619 -0.180596975835348
-0.00142769544990837 -0.0020108396783223 0.0197097434532267 -0.438913178400085
0.0101531556955394 -0.0217318640936983 0.589180133458218 -0.253914025186793
0.0307458692016899 -0.026206832550275 0.678402742793686 0.474329012010308
0.0103388905846316 0.025404602530347 0.0055306332414417 0.876201693463948
-0.0444743688384061 0.0167176008628545 -0.42435902385721 0.441911107535339
-0.0499938454584132 0.00165546228317564 0.0279928939176029 0.0547021634319084
-0.0270280595565826 0.01158639354757 0.345047679627716 -0.472274132308008
-0.00944328172470142 0.00954396831635228 -0.20738036489741 -0.906509206611468
0.00289351502119045 0.00141868711801924 -0.858303535786318 -0.273360997174411
-0.0157498566048244 0.00546647209863139 -0.500013187466466 0.547541190981123
-0.0140272714532971 0.0193185760895698 0.108230961459222 0.529021630221116
-0.00592580919242254 0.0244562795114328 0.25690772815687 0.189991618495468
0.0170768116784951 0.0197536253663744 0.162706670359263 -0.143745185261765
-0.0144623876203236 0.012843379572593 -0.132109170273471 0.111673727230192
-0.020637569315419 0.00191744008668753 -0.174151695781328 -0.154287895984938
-0.0145130499282488 -0.0209503785328525 -0.104529083708865 -0.46432161947648
-0.0144189737640807 -0.0218354468570112 0.435066027084824 -0.435895418505821
0.00360959570315312 -0.0253782682001174 0.762389775841979 0.212871994507464
0.00663487186982219 -0.00337649201262942 0.268330720674808 0.809905804166778
-0.0113024109816775 -0.0331424300553849 -0.320478935488474 0.535093170145374
0.0121357767504918 -0.0432064763139765 -0.00549454720402987 0.109847871711443
0.0109630135444016 -0.0440268176956622 0.420013982676201 -0.358069483885962
-0.0192293141739771 -0.0233186738052837 0.0684154394740782 -0.939959395143952
-0.0162058757680944 0.00504535439776741 -0.761582506247243 -0.554569265427268
-0.0341888627662062 0.000238860310190513 -0.676529060412998 0.363719184067812
-0.0217758538805591 -0.0086366591393582 -0.0260372038697004 0.528398485744178
-0.00641859319363477 0.0134298052513602 0.23760936543768 0.233302077331503
-0.0091883836899139 0.0196147295575009 0.181020305522039 -0.121997956195
-0.0162982936043047 0.0107690265716894 -0.133126032820155 0.107576603403367
-0.0254231117613016 -0.00110706508016009 -0.166896584808615 -0.164578353708327
-0.0127724386002149 -0.0223015527580891 -0.0778975282557256 -0.468005566177758
-0.00801112821909783 -0.02451103245226 0.472231895290086 -0.395047163733077
0.00729784519606467 -0.0281028490833833 0.748265460305472 0.283581839797419
0.0037104442467285 -0.00788853874033121 0.20748949414857 0.836541098249173
-0.0110778115165148 -0.0391747748585474 -0.342460492884435 0.514202987873698
0.0118963899713172 -0.0479399784970946 0.00855584354436413 0.0978543964661672
0.00809371339065373 -0.0491703469883464 0.408407580200778 -0.388291715533227
-0.0216261698223714 -0.0250827323666692 -0.000744863542482232 -0.937511378622211
-0.0132984174419492 0.00411157672700364 -0.798228436095612 -0.478376447485723
-0.0281124237419451 0.000343054002537853 -0.638363944117083 0.419714827147088
-0.0203923348089901 -0.00786626205747453 0.00878451851649597 0.529444872647987
-0.0103986812847831 0.0100906104817657 0.247362558402183 0.219749872189985
-0.0109963653479253 0.0165241284015202 0.177455695827848 -0.126639951875177
-0.0154452911072938 0.00975363160334196 -0.134462950527169 0.101164963787822
-0.0295744898108018 -0.00256253577569838 -0.160890684020306 -0.17378085547206
-0.00971773547071181 -0.0211508639145619 -0.0433912496474549 -0.466952635329056
-0.00103503861728422 -0.0264839650350212 0.513802119862141 -0.343979808678882
0.0126712628809745 -0.030730215307779 0.724065060267668 0.36256713184563
0.00333562221376652 -0.00937581176017456 0.132731146408338 0.859521845261606
-0.0129544324709532 -0.0384852315699783 -0.371121674077226 0.488089629895199
0.00666602080905246 -0.0472062862903548 0.023074457418925 0.0831537139788892
0.00166060308290525 -0.0477896929778479 0.391137134310601 -0.422097089094933
-0.0230315067719828 -0.0235203606499469 -0.0812586232119335 -0.928022923434579
-0.00986983842201157 0.00357017799988246 -0.828246779388023 -0.392874655487637
-0.0224164741017761 0.00075122579625127 -0.589445257807314 0.475398153887358
-0.0193942407149224 -0.00451684702363743 0.0444487843628317 0.527095392991898
-0.0130565747411843 0.00957901634416402 0.256013169969643 0.204501517346623
-0.0104151908632438 0.0136530944078918 0.172808829651932 -0.132576697991389
-0.0131397341767993 0.00961452874856346 -0.135529509733484 0.0954420795676793
-0.0311572010349342 -0.00299875298843518 -0.154781415841488 -0.179675474068222
-0.00603939573595448 -0.0186527384294844 -0.0144508856089193 -0.4623008187545
0.00612008622496088 -0.0266282450860141 0.547297864976406 -0.297272835560465
0.018173196225056 -0.031409408190966 0.696476180900073 0.428517980679665
0.00392116884521119 -0.00765434953587024 0.0642724235329928 0.871182452625849
-0.0168988650925465 -0.0333654435942446 -0.394420283622084 0.462512010515418
-0.00289812007943908 -0.0422514697420003 0.0325393103058336 0.0702198966726959
-0.00611160091742043 -0.0402857614868462 0.375232464115839 -0.44753038314747
-0.0222106995760198 -0.0188827699472538 -0.14968933807453 -0.91425592436588
-0.00653427971652987 0.00187955956412105 -0.8479358983297 -0.320049288910836
-0.0178675775212815 0.000699368132022199 -0.544461895887738 0.521810801271825
-0.0171283140911906 -0.000221278643820396 0.0781163462707909 0.525295919979651
-0.0143282799561829 0.0103509330000978 0.262798158188215 0.191713390421506
-0.00716292998563201 0.0124248661641312 0.168828430375628 -0.137508766521944
-0.00924310382037885 0.010254917818363 -0.135418141171466 0.0904015296326152
-0.0309095005240731 -0.00173793243147456 -0.151454060415157 -0.183545394712608
-0.00376232153304168 -0.0143534243432856 0.0092320230704623 -0.45554585285953
0.0111951615898257 -0.0257753089932605 0.571304860610922 -0.260297474085301
0.0236791580884136 -0.0311201034463796 0.673235072020618 0.475165007833302
0.00486836214684644 -0.00278605399457849 0.0125260160685002 0.875455209273085
-0.0232195004210291 -0.0232792207798825 -0.412711205610477 0.443240665368452
-0.0152670017551406 -0.0338326611494274 0.0385712310370692 0.0606376928702651
-0.0134496130971972 -0.02996255102296 0.35814499372208 -0.4658137514003
-0.0204832516791415 -0.0128792307686475 -0.200150801873117 -0.902997991386804
-0.00365855228866654 0.00066835936632783 -0.860396305009485 -0.264033045217078
-0.0155552020317039 0.00195197456083554 -0.508305018534078 0.551351178482492
-0.0156909945163956 0.00581441039924637 0.103442059209924 0.522317977498525
-0.0146850704697462 0.012999340979237 0.265673220821471 0.183975441688937
-0.00178855254102485 0.0121801934098785 0.166356634778302 -0.141269557488264
-0.00378015995109723 0.0122539473153751 -0.134928734618943 0.0856475272150829
-0.0295124320313491 0.000973228009044407 -0.150563719740168 -0.185950838174764
-0.00111534463006132 -0.00955409569625156 0.0247400376617305 -0.44752929889274
0.0136431617388395 -0.0239749119054516 0.588246726802757 -0.238446529708159
0.0281860132246836 -0.0294646529943064 0.659658726861926 0.502898163274282
0.0061727801054277 0.00566704220892417 -0.0172131458554957 0.879165360214035
-0.0307429107552272 -0.0113561405703529 -0.424258640886519 0.432233956032333
-0.0284553149489194 -0.0221109504218447 0.0396355327279745 0.053883397203812
-0.0192437501775166 -0.0161686858318622 0.346926649676839 -0.478225643033142
-0.0174979670695857 -0.00608514018686133 -0.228627849190758 -0.894124307933001
-0.000992392519782181 -0.000279530682829751 -0.862480934828876 -0.238206200140514
-0.0139019412245601 0.00208552992643597 -0.484939327871674 0.567124894572507
-0.0147507631894325 0.0112389737795309 0.118215669702413 0.521044599948292
-0.0124516692308867 0.0164507445456674 0.265804479029728 0.179932859605579
0.00434334119342311 0.0128766506227029 0.164497955947214 -0.142941543178921
0.00120757313664676 0.0149212345828983 -0.132209353746904 0.0833011119683804
-0.0275183786620451 0.00494478245095021 -0.153053051087767 -0.183916651947283
-0.000258018670831687 -0.00567549406834583 0.0263898434744906 -0.440223460504194
0.0134145072552759 -0.0230334351739994 0.593872632149194 -0.234842215974901
0.0302477155093464 -0.0280496470841416 0.660557016405963 0.500812304340681
0.00817902071839224 0.0153291097161107 -0.0191784864708626 0.879160980460753
-0.0387016297897352 0.00341176670335885 -0.428775434623408 0.432226284216442
-0.0399427296654732 -0.0093758308002616 0.0365413578662772 0.0510606819481335
-0.0243105917421322 -0.00164367706248323 0.341424399108821 -0.479843510940949
-0.0128895657154841 0.0014335127865371 -0.230941591058612 -0.896495611603243
0.00187607306410025 -0.00024122279834039 -0.863508823114549 -0.240703986961268
-0.0145618549187742 0.00418870977780748 -0.480584505842708 0.567628094674508
-0.0138928114309288 0.0166186935759848 0.119193587203792 0.523761883748809
-0.00984547525593088 0.0203622975183831 0.262594166835915 0.181481676406427
0.0110918973079352 0.0157307852245112 0.162993044792084 -0.144329174002346
0.00578173989243649 0.0173083193738619 -0.130018396412258 0.083489910227535
-0.0236399724161206 0.00919019068801021 -0.158219058815794 -0.180255528295592
-0.00112354999033824 -0.00230057072277792 0.0199432889944767 -0.437435663484341
0.00967371508023811 -0.0217015025847634 0.590268009020254 -0.257333269704602
0.0304255503626455 -0.026054037725459 0.678566640818397 0.474245849008303
0.0110076372381902 0.0244679587117967 0.00740464761618581 0.875977396749498
-0.0439460088128728 0.0168406979588419 -0.423405523549508 0.442166151571817
-0.0496809970308507 0.00248107531481204 0.0279470305838996 0.0546707841029017
-0.0274127996847094 0.0122702581971822 0.34419437782679 -0.472347959683524
-0.00923490088137352 0.00918176545187116 -0.212828246357876 -0.905703063520541
0.00334554974968386 0.000648654773002272 -0.860505062090113 -0.271135530549189
-0.016720592237532 0.00617724022253036 -0.496923976544364 0.551913852360364
-0.0140733697054573 0.0196292055800685 0.110394620352296 0.529090848508197
-0.00508045472986652 0.0244078785784697 0.25812966530949 0.189758395465388
0.017220387667848 0.0197400831945847 0.163454358690274 -0.143333319248998
-0.01456136557759 0.0132015786642519 -0.1321657064591 0.111079940623373
-0.0202086203707122 0.00207047711739643 -0.175498321442387 -0.154493459719419
-0.0140007471218438 -0.0207935609074403 -0.107549492137283 -0.463606051984971
-0.0147002039631105 -0.0211572370112994 0.434293336111335 -0.43883050682795
0.00331257735721364 -0.0253897000400663 0.7634330015002 0.208840945236111
0.00625354037357731 -0.00417016672378027 0.27236550608789 0.809876653585743
-0.0115440847447278 -0.0324511343020347 -0.317185022571644 0.537144422725975
0.0119984828305912 -0.0420540206572299 -0.00457348295135797 0.110334859620659
0.0106855447785157 -0.0440662774344559 0.418704585363626 -0.359239594929087
-0.019804731071602 -0.0233692414383252 0.0656413306604238 -0.942715675140694
-0.015170090378947 0.0055315694681573 -0.766079072544649 -0.551694380395164
-0.0344952384138911 0.00102801726601998 -0.673412206719664 0.366316271940828
-0.0227083429019309 -0.00854529366998658 -0.0215519890961939 0.529483158630896
-0.00542421330876505 0.0136327717275101 0.240127388487718 0.232689232739871
-0.00928915005125687 0.0192809383153218 0.180969077715389 -0.122169849014118
-0.0159370009594746 0.0111280805084004 -0.13384010897994 0.10768191362234
-0.0252224065655836 0.000132763347518194 -0.169652945308314 -0.16473483412384
-0.0123285854871984 -0.0220751431246644 -0.0784507670608427 -0.467563468176921
-0.00877246357364684 -0.024517492843457 0.473252808356932 -0.397575126894161
0.00693163502794706 -0.0288635844727859 0.749161042388664 0.280188537546953
0.00418306037644601 -0.00858776685561278 0.211218733707506 0.836032068478223
-0.0105647917882397 -0.0391801126982078 -0.341809507062383 0.516308073421555
0.0117433153115569 -0.0475128146863993 0.00924056301314652 0.098141130766123
0.00730703781269833 -0.0492734276097216 0.408094730316689 -0.390494428596852
-0.0216676215577299 -0.0255760959442699 -0.00710581660412054 -0.940744148072297
-0.0132229287582647 0.00501010226255674 -0.800898203973528 -0.473012471996466
-0.0280639181501631 0.000676213800640119 -0.636246224003893 0.424654301666586
-0.0211089027853074 -0.00796586386487882 0.0118156936414897 0.53033547926082
-0.0100318583117041 0.010201507308595 0.24946545229032 0.218703633774674
-0.00980323566810613 0.0165132276403284 0.176886681938169 -0.127490846007644
-0.0154298050340641 0.00987583008716601 -0.134148097178416 0.101538723603192
-0.0290285499252059 -0.00172238775798785 -0.161345796558629 -0.173432382890478
-0.0092548448117821 -0.0213695283239985 -0.0458258283267447 -0.467040567842098
-0.00128044720767631 -0.0258907236069684 0.512594995241522 -0.347380027580268
0.0126442789849406 -0.0304472975155377 0.725319615845532 0.361279210685425
0.0036720399204839 -0.0101554699796807 0.135313108580164 0.858501314401812
-0.0133322309439485 -0.0381022499236199 -0.370043173548369 0.489644155598934
0.00620721774210709 -0.047195614968094 0.0230945990118873 0.084388201624811
0.000637384448032683 -0.047677288324749 0.390076537755101 -0.423570997858859
-0.0233759875589837 -0.0237775049827056 -0.0857734672857897 -0.929675185284053
-0.00928636152858914 0.00395782564167863 -0.83354662521511 -0.390808857221861
-0.0226431060631969 0.00157258390777374 -0.589439705736207 0.478418102341559
-0.0186659696051032 -0.00417332099463661 0.0488262292689928 0.528200035069895
-0.012474380558692 0.00953752077079915 0.257667224829087 0.203860702969279
-0.0096044893439396 0.0134487565452057 0.172631963814035 -0.133058352572159
-0.0129873028242467 0.00957581953191363 -0.13477385331793 0.0953364940198107
-0.0307373177635011 -0.0027377460114793 -0.156039191363486 -0.18016266157632
-0.00625857069046562 -0.0183900273292434 -0.0140606549380101 -0.461911849735271
0.00618086233305082 -0.0261921654191885 0.546915467089729 -0.300174183665965
0.0183943041925844 -0.0319907521542805 0.697908484605159 0.425412116987916
0.00467227150968756 -0.00821433345542861 0.0675334326183003 0.872312612654033
-0.0169902048368556 -0.0325619165139033 -0.392766192894567 0.464769990521578
-0.00343718480512967 -0.0422230814380189 0.0334058936367965 0.0705371132956025
-0.00611389118035724 -0.0408109783698876 0.372710437184104 -0.449145523022641
-0.0229856214154121 -0.0190785434422076 -0.154080987456861 -0.913623049434418
-0.00647367066715982 0.00281248088742993 -0.8532955662369 -0.315526728962813
-0.0187871794569148 0.00108080428477439 -0.541458548825146 0.526307337471935
-0.0176343274356906 0.000583808806609212 0.081586617521927 0.524864824622246
-0.0137960305039413 0.0103387125748231 0.265387077432752 0.19116570461579
-0.00708255118725696 0.0123888461846933 0.168803350511526 -0.13830948398286
-0.00810131236992064 0.0109880966950868 -0.135169003999499 0.0896750809437542
-0.0315268566178805 -0.00112553543327474 -0.15309799959705 -0.183775340416771
-0.00316469577744177 -0.0139024624430839 0.00808848696540863 -0.455495042128209
0.0109154461613684 -0.0249320716765901 0.572708074218967 -0.263443786162364
0.0241255305739397 -0.0316658525116303 0.675699519507194 0.473223499872368
0.00533826260813667 -0.00329740230259127 0.0167328737624508 0.877425154119461
-0.0232982471992785 -0.0229087357979058 -0.410702779394772 0.445506838754638
-0.0147450836428622 -0.0334147068235571 0.0392395946684199 0.060233506817851
-0.0135511460580066 -0.0292541972873125 0.356859632426745 -0.467544017558232
-0.0212079749130095 -0.0130860650496724 -0.203122106454294 -0.901562053790051
-0.00307064895416986 0.000550072257125431 -0.863243382626981 -0.261946571532623
-0.0153407593729081 0.00198571111084351 -0.505677779732456 0.557124814703205
-0.0158500593470552 0.00550305771628859 0.106958831961502 0.521501804026222
-0.0141062676606109 0.0125846113841474 0.268164633004711 0.182859081372865
-0.00169218056386004 0.0128039718867867 0.166707172971095 -0.141997090165384
-0.00271111900241035 0.0126574632474628 -0.134528209475223 0.0852061650236751
-0.0293307330958492 0.00121510624568733 -0.152419727215974 -0.186092603935484
-0.000998822367286223 -0.0101329647880307 0.0228742641910684 -0.447544189292721
0.0138991847735114 -0.0237153340885727 0.588513135985798 -0.240144283575357
0.0283008321287665 -0.0298312569617735 0.663544837643508 0.499989115214641
0.00689654088472811 0.00471268849238786 -0.0157222795570268 0.878922432743485
-0.0309539061419423 -0.0105336100754727 -0.421641442259982 0.433078195108256
-0.0283629585461313 -0.0215483133312855 0.0405688639940276 0.0535569210331127
-0.0191228461680874 -0.0158937584520293 0.344789001272299 -0.479550849625261
-0.0177848739180121 -0.00625564833704127 -0.234311299331661 -0.894801482570874
-0.000529083581215242 -0.00104625177875773 -0.865353059384254 -0.233810196484933
-0.0146632553745036 0.0030461031760958 -0.483471489198029 0.570505940213449
-0.0152645121710813 0.0113726576400898 0.120506826839782 0.521933100240422
-0.0124279657413197 0.0157098302031222 0.267420745399935 0.178729690254378
0.00483230109182978 0.0134077534229095 0.164330224437312 -0.143817542796962
0.00169058650717768 0.0151406591796351 -0.132282626021344 0.0841251330569743
-0.0269974883401878 0.00601438161509124 -0.15490055975135 -0.183935809888405
-0.00076180387868148 -0.00525126719327766 0.0263580214310923 -0.439923309433545
0.0133872127037172 -0.0222420682515285 0.594570623320124 -0.237111115885729
0.029777043069167 -0.0285497867804362 0.663257829478531 0.498443801875756
0.00832183886078492 0.0145556014674319 -0.0139511990330885 0.879579833685051
-0.0380929850878963 0.00315841313707545 -0.426249339024338 0.432763722288979
-0.0401997663134341 -0.00893344009432163 0.0367656322313976 0.0518295920821071
-0.0244118203418707 -0.000779413980326429 0.340530134189008 -0.481578509456197
-0.0135858761419334 0.00121840156749634 -0.235951905933018 -0.896186095650459
0.00175396719758602 -0.000337190276052852 -0.867336659922993 -0.237036585759014
-0.0145640245121568 0.00435014599983704 -0.479513180997393 0.569886861128523
-0.0139864168507093 0.0164162479265952 0.122364980576322 0.522487374349774
-0.00947468500639759 0.0201283162862955 0.265432532196067 0.180673895121977
0.0114745531459742 0.0159044113552431 0.162923938756556 -0.145355497727548
0.00601277563576431 0.0170556045886726 -0.130204083879326 0.0837184456401087
-0.0238021464944911 0.00941023005026536 -0.159314115520667 -0.180733291742275
-0.00107520883275993 -0.00270281958286881 0.0192276148938503 -0.437109330872664
0.00985778806558094 -0.0214390005514485 0.588470581848384 -0.258566387277784
0.0299518463177472 -0.0263877089422018 0.6811553670979 0.471957423843256
0.0106985123869288 0.0239236482339339 0.0115753565399591 0.877726882472342
-0.0443430198776726 0.0174174012184162 -0.421349980186742 0.444397953581933
-0.0491731465548156 0.00255869190823851 0.0289420987346557 0.0542768850355017
-0.0272769530477071 0.0117660221604649 0.34264224042484 -0.474030949766101
-0.00944556583568572 0.00890442411877939 -0.215100997242178 -0.904085278787098
0.00317423051347083 0.00101535229480871 -0.863763387796508 -0.268596837963561
-0.0165198815854091 0.00595175378678244 -0.493698949090786 0.553651258293049
-0.0141128325774052 0.0198500972525318 0.112761586079178 0.527677393370357
-0.00455149493879091 0.0239371230862743 0.259836549187805 0.188322073442453
0.0177420215900687 0.0174748316216435 0.162384179319787 -0.144104157413533
-0.0136196994548961 0.0135365497219813 -0.131111471297933 0.111383588038744
-0.019864762804649 0.00318423769712688 -0.176910739279936 -0.155070007826143
-0.0144531696049046 -0.0205741307359978 -0.108404317255749 -0.462013104763364
-0.0145851641886016 -0.0200063191618869 0.43380366389864 -0.441771333311001
0.00338934870180819 -0.0258327962920094 0.765536595256977 0.20526010120024
0.00685864837847795 -0.00444292996345648 0.276851756132604 0.810170024163279
-0.0118306909105093 -0.0328029016324202 -0.315662987062513 0.538614332863075
0.0117681211900402 -0.0423179039139033 -0.00370742901655696 0.110909493654047
0.0103533876431228 -0.0441191977019832 0.417749066163777 -0.361313401103893
-0.0195132507070152 -0.0232589366037944 0.060324909239669 -0.944121510304829
-0.0150011824310726 0.00552421813252512 -0.772728558421622 -0.547905082700313
-0.0350059851608214 0.00125290776195028 -0.67411141387055 0.371102876944325
-0.0230267562957441 -0.00849046898609006 -0.019907246019426 0.530937144042582
-0.00465095954011574 0.0138360639382454 0.243308432044985 0.232064818611846
-0.00881050141259073 0.0191610543633365 0.180943658811599 -0.122338548225473
-0.0157586974889156 0.0113264468993168 -0.13272817353029 0.108056277079473
-0.0256131717511715 0.000242523957358558 -0.170174194386898 -0.164608222102611
-0.0130508057609284 -0.0220579911580475 -0.0803421777292875 -0.465900373520253
-0.00853514015958491 -0.0238214698471947 0.472160672643214 -0.402142934535675
0.0072466525069053 -0.0288535234604236 0.751288106356966 0.278502878298289
0.00402384691952605 -0.00887656546616296 0.216035350059417 0.837694223979287
-0.0111742831727697 -0.038173503790835 -0.340088739442268 0.519127345388018
0.0112026257275261 -0.0463335024637682 0.01058687384643 0.0973849003873238
0.0071848333943602 -0.047972415234723 0.405342556237401 -0.39156515785036
-0.0222127527855724 -0.0255921670830621 -0.0110435038219721 -0.94101863162206
-0.0132232646841386 0.0043986915627804 -0.806159804527136 -0.471446543303591
-0.0283815015303742 0.00129764995152102 -0.634858742276052 0.428724923894165
-0.0209000459033668 -0.00736890540259809 0.0147412521948852 0.53012347508828
-0.00870136646968822 0.0108805353870043 0.251820827365832 0.21753109714705
-0.0103691852281701 0.0159339510550606 0.177688314383555 -0.128558445817589
-0.0150578721643894 0.0101583400192249 -0.134557708974451 0.10192574715468
-0.0290530868376287 -0.00146187217352136 -0.162950845909646 -0.173720153659353
-0.00926943686997938 -0.0208374480866056 -0.0481744498384633 -0.466893688266632
-0.00156320402036934 -0.0260403603167399 0.512572499959304 -0.350477417819773
0.0125802624251453 -0.0314468660375659 0.729498396161848 0.357248509866492
0.00367945229155465 -0.0107131342718076 0.140912799998552 0.858692891195809
-0.0134905765860693 -0.0378679875281709 -0.366985138875852 0.492860240870345
0.00550635936062549 -0.0465176539664944 0.0230609917160643 0.0836572629935478
0.000921229998753246 -0.0469134686377378 0.388694791243015 -0.423709720438011
-0.0233191267162962 -0.0229583805356971 -0.0908836816589279 -0.931367176214359
-0.00870353060830946 0.00281683961327926 -0.838700432844242 -0.385919079895127
-0.0227066821770228 0.00127443777901127 -0.587455553715413 0.483972301808874
-0.0194579578513438 -0.00426681776547963 0.0521052108227361 0.529515457875173
-0.0118859581264799 0.00900717905677183 0.260992960190739 0.203997962639981
-0.00922164362731268 0.0132842189502931 0.173799986148484 -0.134052263921767
-0.0119005134860237 0.0098115967206554 -0.134900412055137 0.0959487815530424
-0.0306912548109408 -0.00205356847813335 -0.158413415301135 -0.180895693416577
-0.00619898698330324 -0.0184644711985698 -0.0176554695395574 -0.461725454197983
0.00597165810282549 -0.0262715547186004 0.547652784755651 -0.30090011461539
0.0182155381531599 -0.0316902426265157 0.702264043956697 0.423580380595663
0.00404252321756099 -0.00881106919936915 0.0717898641993935 0.871773470805351
-0.017235632070377 -0.0328121294270914 -0.392569809850337 0.466506516893428
-0.00365162766796234 -0.0419263555197099 0.0337015229719275 0.0707989608174498
-0.00676124340072935 -0.0404850596054029 0.370777393156478 -0.451815748058289
-0.0232023250892082 -0.0192584508315619 -0.159915091113489 -0.915520729239926
-0.00587854835618149 0.00228524719188218 -0.856229361094531 -0.311272712199842
-0.0185512960612804 0.0017036633303704 -0.541890515994297 0.528813506804799
-0.0179421959372834 0.00065094906311847 0.0852318270242777 0.527051625580551
-0.0129089890558481 0.0108778597058027 0.26624218041854 0.19049905340642
-0.00597401878000867 0.011494849447703 0.169369879742162 -0.138930162170344
-0.00741179272181364 0.0105555736077715 -0.134511132302722 0.0903615781648971
-0.0310290204356862 -0.000601358901814354 -0.154660899479438 -0.184268909941185
-0.00284698007055148 -0.0142387542377189 0.00538966567193637 -0.454078280745881
0.0101743848552623 -0.025176206393227 0.571656904201933 -0.266591676107075
0.0236866424444688 -0.0314033693435802 0.680066595568066 0.470797270920056
0.00578636107926156 -0.00399122646690079 0.0211990887073082 0.878353494944523
-0.0233054382667687 -0.0231715884919119 -0.409151966204773 0.448699990178109
-0.0155767498392192 -0.0325364661992137 0.0395279408095838 0.0601032814017572
-0.0141240882611666 -0.029487009019788 0.354425867863845 -0.46978936360493
-0.021857508068228 -0.0128136777253582 -0.211159498885768 -0.903263155931077
-0.00237563856409618 0.000211419285968999 -0.866888537130809 -0.256301336143219
-0.0153228514330934 0.00237454892183505 -0.501407862078281 0.559030627204618
-0.0164982578897355 0.00614352967547709 0.109543161409377 0.522591538441378
-0.0137221607746619 0.0133868243089251 0.269993738553866 0.182694109730291
-0.00101659595857491 0.0119400478670378 0.166065443884627 -0.142616124503339
-0.00182344285284309 0.0127375329704406 -0.134517975406241 0.0845338685933343
-0.0300861405972305 0.00163805111958223 -0.153250595189874 -0.186162827125617
-0.000857407633995715 -0.0100102125944563 0.0218330854790289 -0.44580913277606
0.013791753695672 -0.0237272048106034 0.591064079010826 -0.243655656893278
0.0281259232737116 -0.0302749158013809 0.667116140250223 0.497063271194394
0.00681825472142598 0.00482267300158662 -0.0109475453043027 0.880934019777714
-0.0307905612847319 -0.010674385704988 -0.422473722456283 0.436903109716182
-0.0281615334467193 -0.0214522150612031 0.0408197648977857 0.053683003508325
-0.0192044169672704 -0.015092605150128 0.34451607084596 -0.482198710183535
-0.0181852186240713 -0.00616176878631509 -0.237298146524924 -0.895197666277523
9.28781288118598E-05 -0.000990284092308752 -0.868258734884019 -0.229400540086065
-0.0146388890749607 0.00342030052992683 -0.480145980113736 0.576068997725311
-0.0149439948359304 0.0113918761236287 0.123220064287467 0.521915557969122
-0.0121105417359466 0.0162590166484037 0.270123724311809 0.178515005196639
0.00537114085416645 0.0132985460398778 0.163673871132165 -0.144873870667788
0.00220356809857138 0.0145020906294417 -0.132063642402114 0.0836436165845037
-0.0266398139923824 0.00570882522474449 -0.156197260868084 -0.183893217129153
-0.000122715174699206 -0.00525808056076587 0.0247649676526593 -0.441101330410903
0.0131902380862267 -0.0222890810848423 0.595398199086724 -0.241548590979627
0.0303057573939354 -0.0280984319682942 0.668470133985758 0.496545540636922
0.00774853415461251 0.013612156683624 -0.0113850619939353 0.880592055243163
-0.0386724668563337 0.00359935074271744 -0.424690834524579 0.437114009493281
-0.0393897994896362 -0.00862644194651638 0.0374940613390563 0.0517844255023291
-0.0232676857894205 -0.000500679973761489 0.337359939465625 -0.481829601295287
-0.0132097111673472 0.00101785839142952 -0.240534064089867 -0.893990674875698
0.00251688850402702 -0.000796128430483777 -0.86993617302946 -0.233418281992001
-0.014673993661845 0.00435429839567778 -0.475470651085321 0.575478742225937
-0.0148428740426048 0.0163851874921487 0.127639562641029 0.524261053775579
-0.00900396751933849 0.0194629963905158 0.267718658335088 0.180250546297781
0.0125151258157162 0.0153627162004575 0.16249227409068 -0.145603231703653
0.00683365866990719 0.0166418270710276 -0.129492809676532 0.0840881374377063
-0.0235341240846345 0.00990524366887837 -0.160633325405604 -0.179894959657612
-0.00135243372735167 -0.00219532661878724 0.0169126968073054 -0.436870052796998
0.0101688110051139 -0.0209665416130562 0.589808969905373 -0.261182901852395
0.0299356561329403 -0.0266771550072545 0.68491015108313 0.468334816761034
0.0103818882562546 0.023833576578112 0.0172336011090674 0.877982213685171
-0.0441818674194282 0.0178111992374143 -0.421209672981188 0.448040456488735
-0.0493111114471714 0.00309848295098792 0.0292287035426131 0.0546732027746063
-0.027104263570396 0.0133741056345625 0.340197421680925 -0.473954439802239
-0.0101299241066277 0.0092344648580209 -0.221116383637443 -0.905545510741251
0.00395990245176848 0.000878138604149415 -0.867339085075814 -0.263561557392701
-0.01672539188797 0.00658793588470979 -0.492031013208072 0.559387164663273
-0.0139189681671615 0.0198542607250487 0.1162207535788 0.529661013414617
-0.00404732077897102 0.0242448034167641 0.262740221218873 0.188022020643335
0.0183170921810792 0.0177692869855558 0.163070100728039 -0.145141588262383
-0.0131540372084379 0.0134374053954656 -0.131216458556527 0.111870879033144
-0.0196739569248189 0.00348494550838383 -0.178629906026884 -0.154272999645379
-0.0150336642110616 -0.0207830221267882 -0.114301287702627 -0.461975628554392
-0.015410184455926 -0.0204834791500732 0.432099398593786 -0.445329362151741
0.00349247743722211 -0.0260684820068458 0.767409561257915 0.201592311510941
0.00643322933521129 -0.00492931842894421 0.281210237653473 0.808512989878935
-0.0119232369534814 -0.0323032210129329 -0.312972317103749 0.54209064002229
0.0115471120988691 -0.041965834891557 -0.00271667212187914 0.110650432412492
0.009078171491104 -0.0436429531856722 0.416697641771947 -0.362077800553182
-0.0199264018937363 -0.0228924795231324 0.0551970265089078 -0.946532929787089
-0.0150812991336171 0.00524205566974101 -0.776631124319193 -0.545271076290793
-0.0352707945141243 0.00134198019168627 -0.673374621985479 0.378244400886812
-0.0231175892461494 -0.00805880023701843 -0.0154555764885125 0.532488936146052
-0.00499942303940966 0.0137112510510083 0.245488953656087 0.23143720197847
-0.00777561164794242 0.0194011785648094 0.181204865537264 -0.124634147480332
-0.0152358515826435 0.0115359128612237 -0.132318979905859 0.107830113478547
-0.0253607314996156 0.00114670371300038 -0.172125017509243 -0.164373146389084
-0.0127767958097543 -0.0219011324923948 -0.0856226167734307 -0.46588355032994
-0.0085650103460917 -0.0237314398640012 0.472533891198949 -0.403346505897489
0.00700599299873613 -0.0288538562728512 0.755927286357984 0.275282022483085
0.00407855739731302 -0.00996385184328896 0.220167295206628 0.837250135453498
-0.011892168036331 -0.0379197745468342 -0.337625831778955 0.522286622515247
0.0116056659161352 -0.0464276239317449 0.0103898639012096 0.098002526515158
0.00679007940176725 -0.0488405145546423 0.40487217058522 -0.393782885518175
-0.0228704671920676 -0.0249372644289624 -0.0151624268224716 -0.944008677254141
-0.0125530775974951 0.00507298936944414 -0.812729110425643 -0.467293069159151
-0.0292663020758244 0.00241520700666928 -0.634053085766355 0.434142798165117
-0.0216798383065758 -0.00709380670195833 0.018080148965139 0.532443703950269
-0.00890655947180717 0.0104047679111483 0.25564184147493 0.21719727502525
-0.0102639809267103 0.0156117253598796 0.1776762889608 -0.129801625443033
-0.0143207428111652 0.00950651450934312 -0.133803483567223 0.101915716993001
-0.0289959434637419 -0.00107362678977546 -0.164664454617517 -0.173218269145225
-0.0100839178615266 -0.0210062495314868 -0.0515745075546187 -0.466179628114866
-0.00182271801714367 -0.0247964791089431 0.512144735818695 -0.35441616535854
0.0127160571041916 -0.0311054522997459 0.73302329055689 0.353275735254973
0.00367192173424576 -0.0113083278308952 0.145922008255471 0.860200130094584
-0.0132699455434649 -0.0375453666203831 -0.364730851151168 0.494720197911194
0.00601541934767208 -0.0466039610987981 0.0246960722268686 0.0837558950255026
0.000496765585312316 -0.0468226764105615 0.38805473728555 -0.42665038201471
-0.0240721213421836 -0.0236258632386738 -0.0979072742825447 -0.931983233063794
-0.009177389905371 0.00387512878243195 -0.841825322770117 -0.382823856991092
-0.023368507581635 0.00183782515673093 -0.583763318782965 0.490145038781732
-0.0192194198831295 -0.00450421880642282 0.0550548393308466 0.52996488380209
-0.0116019053153753 0.00943000129780023 0.263520317365579 0.201729119101606
-0.00930873279837578 0.0132327664287716 0.173092835339318 -0.135311624443048
-0.0115152090936862 0.00986242816575261 -0.134373509040759 0.095951410507929
-0.0309678482746928 -0.00173389456619553 -0.159507071547293 -0.179748754940055
-0.00637139838173665 -0.0183263899678391 -0.0208416811781941 -0.461583544834743
0.00528206567491992 -0.0255063977442543 0.547947346077015 -0.306325093158652
0.0185907496948064 -0.0326047875171593 0.705482677225499 0.420019144353811
0.00409226240180994 -0.00968693061940136 0.0783589668708929 0.87630771513344
-0.0174114535874205 -0.0319626485838451 -0.38966676023176 0.469361047438195
-0.00374026127163278 -0.0413936817535307 0.0349392366745402 0.0705432753710372
-0.00707350419621698 -0.0401479651071263 0.36901366002628 -0.453700936747288
-0.0240825446076717 -0.0187750483786337 -0.165552524670885 -0.915043292695649
-0.0058639862850758 0.00168853977550948 -0.861261201346964 -0.308046996557598
-0.018336667109383 0.00219913611676814 -0.538637879530841 0.535729356488848
-0.017573514657756 0.000430477442237242 0.0907865767920307 0.525625278836607
-0.0128564751104683 0.010601893426076 0.269348259798743 0.189991900154801
-0.00587000956173583 0.0115593664954262 0.169841987118759 -0.139145973994583
-0.00744122246526918 0.0111555398072848 -0.134601927880855 0.0905210473835825
-0.0308313264533999 -0.000653983298373419 -0.156066055859886 -0.184310306019797
-0.00309685894537787 -0.0137457362687008 0.00385964743510531 -0.455269699457629
0.0105020025002716 -0.0249902645539733 0.572129232372124 -0.271371374324567
0.0236770344858672 -0.0324887978145146 0.685388930471914 0.467634333310001
0.00537963161014445 -0.00456211303504247 0.0267017613111757 0.881586279344363
-0.0241146317707547 -0.0226596223441973 -0.408301668322355 0.450210764167868
-0.0161036337705206 -0.0330586213640432 0.0402628505486283 0.0602089118534328
-0.0142416013968476 -0.0287903867064758 0.35393156772195 -0.472282718312267
-0.0221382338652125 -0.0124923717046596 -0.21522431562141 -0.90411949166501
-0.00237523948290061 0.000135282006827241 -0.871511422865602 -0.253186870853776
-0.0156018249764333 0.00176207264240284 -0.49994448528388 0.562628306860126
-0.0162414651799368 0.00633971553873935 0.114572404164256 0.522259508059022
-0.0130245599373352 0.0131782877776529 0.27301089973891 0.181016125391394
-0.000891794474120067 0.011849107641832 0.165086803902565 -0.143734507688645
-0.00218059558461032 0.0126261003955775 -0.133762124533689 0.0865349803866261
-0.0292639503550486 0.00272544566170522 -0.155884783553872 -0.185756332123441
-0.00153893060371233 -0.0103410881537557 0.0186614933466248 -0.446887400738323
0.013601531096009 -0.0233139967898109 0.589323525163756 -0.246931692312532
0.0282473751583682 -0.0305107535181635 0.671941950576981 0.494324263288889
0.00621307852493456 0.00373707479418772 -0.00486604075523206 0.884929555495428
-0.0313971789037382 -0.00967448492850643 -0.421108937269926 0.43952652944394
-0.0286782492204502 -0.0214188969274029 0.0412991798270137 0.053208398148778
-0.0195961664942021 -0.0152676090098883 0.340536337519854 -0.483450082095058
-0.0182832704695114 -0.00607693073849957 -0.244506768627489 -0.894867992821117
0.000921305832361208 -0.000987118691361505 -0.872444279241672 -0.226582538344773
-0.0146402990433873 0.00351694597282915 -0.477557180687026 0.580202252848896
-0.0158848030984884 0.0110918594009102 0.128523636396846 0.523112090011159
-0.0105826720976907 0.0166305343077263 0.272506773407945 0.177005031100057
0.00561596243712665 0.0125866145873474 0.164064124513628 -0.145705215969325
0.00305745624799804 0.0148608356965262 -0.132264137561603 0.0839794722749629
-0.0265122971397603 0.005997060337605 -0.157401393522479 -0.184639038336675
-0.000500437384532444 -0.00531844225700567 0.023487086120351 -0.440654691861284
0.012643184368712 -0.0218084419257217 0.595136065116541 -0.246414737216923
0.0300170031899511 -0.0288936443579814 0.672289936547473 0.493653514041926
0.00790248369245473 0.0132457067211865 -0.00451774354981806 0.884178942527565
-0.0386681078619376 0.00401698868410274 -0.423764789432135 0.44038185693416
-0.0400689058419854 -0.00898379989674881 0.0376137734196611 0.0509712786231872
-0.023752686837243 -0.000311706515493813 0.336130379849584 -0.484271589504819
-0.0142115865155663 0.0024395903834549 -0.247021861038835 -0.896297023295741
0.00249585693589844 -0.00152931946113812 -0.8762991622549 -0.228625747211912
-0.014755160743162 0.00532354272806112 -0.473368798135852 0.580884278214573
-0.0143498756577444 0.0164328213148877 0.130672757811995 0.523862778300957
-0.00812096915562077 0.0196757800907666 0.270648766130776 0.179232842926133
0.0125540528857173 0.0144848444643086 0.162542509159573 -0.145962104687049
0.00778192771692338 0.0166416984896662 -0.129721944449712 0.0842666027488491
-0.0232678464497011 0.0105354312992841 -0.162456343252668 -0.179974851218278
-0.00144010793564158 -0.00276335038991603 0.0140973356279227 -0.436400108142863
0.00950126207542311 -0.0208116222617341 0.592029139975167 -0.266441884207757
0.0297430150324122 -0.0276766269969844 0.689051719473991 0.46493606184936
0.0111995663957601 0.0227977877687131 0.0226799352439613 0.88085821819593
-0.0443330380276431 0.0186448310091295 -0.418873384236355 0.4502813257505
-0.0491570072200776 0.00425958774143639 0.0298390296282993 0.0550707832169319
-0.0270218677634488 0.0132849576484042 0.339237428779626 -0.477586703447622
-0.0101149635711926 0.00962448435560774 -0.226995354434163 -0.906632913751663
0.00423383390434499 0.000471237204809589 -0.870637882692554 -0.258627148629153
-0.0171192882420569 0.00711808374771795 -0.489684324615405 0.565274114390845
-0.0145560741929722 0.0198670104998841 0.121378173504988 0.52978261635216
-0.00333836213678053 0.0235497716159166 0.265356915235021 0.186716913399892
0.0188189045943655 0.0180530525151059 0.163055991302007 -0.145539549025722
-0.0121630737715194 0.0137963580347829 -0.130546487748661 0.112852040329097
-0.0200452492263961 0.00416998584500409 -0.180897700696726 -0.153240497138714
-0.0145541784551322 -0.0205988852318357 -0.116674380340143 -0.4601149271309
-0.0152437065781869 -0.0193560820699507 0.430505988803918 -0.450469324684975
0.00345745622947671 -0.0263958337771115 0.771092104738239 0.195763824640225
0.00719942551177231 -0.0053383693166102 0.289891239685545 0.81109700608821
-0.0118169634010356 -0.0319453701318766 -0.309552361121955 0.545498683406544
0.0114063969423634 -0.0421233520614693 -0.00210389512556133 0.110947915503654
0.00834083520074562 -0.0429122802668772 0.414318529461085 -0.365373026074924
-0.0208067052793799 -0.023500869801235 0.0466077398593897 -0.949573586544697
-0.0142653021066257 0.00493496544623772 -0.783492007022866 -0.540229177114544
-0.0352384335509574 0.00187564601567516 -0.672216475507574 0.385844416984926
-0.02330824064529 -0.00780226278427444 -0.0107507209489462 0.534476195038307
-0.00431008215835864 0.013321453076216 0.248419588584052 0.230381831440969
-0.00771355619514603 0.0191472693552327 0.181464094422722 -0.124963627449834
-0.0149633616352602 0.011095709061256 -0.131726296568186 0.108204532941077
-0.0252271678429347 0.000792611549230397 -0.174145775431472 -0.163914194364185
-0.0132752979668443 -0.0214847091255387 -0.088034346560404 -0.46519928603831
-0.0095305446749186 -0.0226988970885238 0.468239588898179 -0.410071851794783
0.00738428420037251 -0.0297200512585196 0.759461280290421 0.269779760238748
0.00376425868218751 -0.0104325641978487 0.227705236679149 0.837875259447047
-0.012187972953399 -0.0377038836413247 -0.334494429919092 0.524735688068285
0.0115073067898004 -0.0471893921039254 0.0116436650520115 0.0982547090280664
0.00570472989273144 -0.0484038223145966 0.402432158056067 -0.395723094956869
-0.023397307623548 -0.0250749356687102 -0.0246062629592592 -0.945915796852186
-0.0121968501851337 0.00419874040115367 -0.818379615494707 -0.463721176558175
-0.0295147539995925 0.00229364586093431 -0.632641461931782 0.440838291536541
-0.0216022293993469 -0.00664789775654629 0.0224534228000604 0.532178795212606
-0.00756371603458511 0.0109593682009135 0.257886479723694 0.216666293019572
-0.00920867895434616 0.0151603256919178 0.17788435158819 -0.13094263216006
-0.0137303270670446 0.0105090687468355 -0.133402015993075 0.103071570802127
-0.0290276252731946 -0.000496714667657019 -0.167142415286602 -0.173140428295447
-0.0102239227726273 -0.0213229264096629 -0.0539186837825729 -0.466920807378563
-0.00150677413774219 -0.0249579724294606 0.511958890978162 -0.360359609700766
0.0121578738419167 -0.0315558362213773 0.73501555563972 0.349867017513549
0.00328187925728719 -0.011915774545432 0.154360967851364 0.861059850767862
-0.0142657376000376 -0.0375847284531412 -0.362288267758567 0.498153479199019
0.00616248217539068 -0.0460554477488405 0.0256346818881811 0.0829999952882619
-4.23624361114011E-05 -0.046392870216284 0.386280733831233 -0.429747935650983
-0.0250694298449267 -0.0225989384086646 -0.10485955504718 -0.934077771326275
-0.00809192664464192 0.00349264943460909 -0.847137887604198 -0.377683122411486
-0.0232818165937762 0.00249844064923229 -0.583998400753059 0.497214119154376
-0.0194595908686476 -0.00376205243102558 0.0616257841708733 0.530190834582598
-0.0114208693838294 0.00960236805041413 0.266887250867689 0.201012962209147
-0.00795833213687773 0.0132094426211786 0.173169377390281 -0.136035203706001
-0.0104819666769183 0.0106020604261435 -0.134585502759661 0.0964767166365856
-0.0304706163176763 -0.00118699593280826 -0.16155955708128 -0.180558392936973
-0.00640783988579515 -0.0177565329489546 -0.0240326349727509 -0.460799621081671
0.00533325278582571 -0.0252609086858499 0.547279192949318 -0.311268404051924
0.0179038507430587 -0.033089225945192 0.711247725840254 0.416930474382152
0.00372729977858683 -0.0104977134986592 0.0859255997092944 0.878794345152777
-0.0181580085810858 -0.032180058819531 -0.388469115048257 0.473238034719823
-0.00378005997839025 -0.0411774869935843 0.0350616094534474 0.0709217114001053
-0.00785710909911703 -0.0390608705750166 0.366996263332566 -0.456784617031076
-0.0241978389336746 -0.0185169325619759 -0.173297222153897 -0.916251935780365
-0.00489259559925328 0.00154900126899144 -0.866375106506732 -0.301203812058735
-0.019755170499142 0.00224933421507859 -0.535191366207734 0.542974711028764
-0.0183599245642671 0.000687652148164105 0.0943446580141118 0.527224184919255
-0.0121451937987072 0.0104320514413599 0.27344203419133 0.188482771872476
-0.00507611786062588 0.0111105091932711 0.169566182876342 -0.141254696083717
-0.00621600245898741 0.0107364916809431 -0.1344852379503 0.0906652041260192
-0.0310269006442055 0.000122112758861638 -0.158982653885783 -0.183915789214356
-0.0030563586392967 -0.0146681549205298 0.000702048062246521 -0.454429921151787
0.0109807798135698 -0.0249633651804312 0.573017994228351 -0.274752345978492
0.0235007609305391 -0.0328459489353683 0.689511334544147 0.465889767517393
0.00564610260695032 -0.00497369624179374 0.0326477753045791 0.882298983119177
-0.024395100748797 -0.0218688092933869 -0.406916139137163 0.455779373495976
-0.0159028759220116 -0.0317758974152915 0.0405023103898007 0.0594227764253407
-0.0145822915369405 -0.0287025152030752 0.350876239506201 -0.474940352248053
-0.0219151736499081 -0.0120768638723871 -0.221834321372004 -0.904193358173578
-0.00172414974434757 -0.000499123245013645 -0.8776903360248 -0.245287830686567
-0.0156092211932611 0.00297553611260544 -0.496033349484002 0.570242087159638
-0.0171819506889901 0.00577745165619505 0.119550486513791 0.523741717742589
-0.0128625610844754 0.0130152954316182 0.276300923195157 0.179061185999728
-0.000438589073160245 0.0117951619054887 0.165812088463425 -0.144666737937715
-0.00151917432514832 0.0124417537853486 -0.134047535303109 0.0859864954162292
-0.0293239083184037 0.00272540465971345 -0.157741707599368 -0.185596447771851
-0.000949191006558653 -0.00958592844344424 0.0182527788140364 -0.446437404989897
0.0132377925082217 -0.0231869081009034 0.591029777742374 -0.252457019221852
0.0274754010867982 -0.0305819377412105 0.677170384706362 0.491748428853388
0.00686868848207451 0.00335933933589871 0.00279167924073371 0.885040266792767
-0.0316120887756376 -0.00973927331916547 -0.418405558178726 0.443498707023804
-0.0285794984133591 -0.0208815049931207 0.0411891124115679 0.0530973415203205
-0.0201035883244696 -0.0139949168881226 0.338875817930721 -0.485813583587106
-0.0191406074116765 -0.00574182105002226 -0.251638778384921 -0.89429111131906
0.000980537181364632 -0.001260180676683 -0.877332620921645 -0.218008804208717
-0.0150697791201439 0.00440298555967 -0.472697684973724 0.586702648946713
-0.0155438088187693 0.011124530385369 0.132828778727817 0.522686712221633
-0.0107479061121263 0.0166181238927407 0.276101392555607 0.175649492537722
0.00599469628004738 0.0123894084537788 0.163532611726555 -0.146764819314064
0.00403068357374323 0.0142507609967894 -0.132163296444155 0.0842847446564887
-0.026434423567401 0.00638741882028666 -0.160144933237291 -0.18487155737225
-0.00053153120434729 -0.00505312337377754 0.0214982016443622 -0.4405168543786
0.013046362967989 -0.0210420391919656 0.597448808577305 -0.250823230043048
0.0298932448835921 -0.0292393926461079 0.677012899352218 0.490239532134403
0.00836410018381884 0.0130415293348637 0.00159265281312992 0.886449587148545
-0.0385887005278098 0.00479000397160195 -0.421319776277346 0.444530020306862
-0.0402450780894448 -0.00823196466947674 0.0379392330397906 0.0506827071031943
-0.0245670472486582 0.000157542761579699 0.333160432940758 -0.488047184085786
-0.0150341568645502 0.00242884718525296 -0.254128213056156 -0.895835680316134
0.00225725539462121 -0.0011852218903043 -0.877554206593796 -0.22284388702299
-0.0149344721451889 0.00643711368156837 -0.469734293209602 0.586043789299663
-0.0148775709220794 0.0173240577172095 0.13480311616977 0.524358049485964
-0.00792066061799202 0.0196026884331739 0.273916229466924 0.177715475112041
0.0132484123922104 0.013825678464333 0.162966523664068 -0.147155475665633
0.00791984454859352 0.0170975739263109 -0.129985829277313 0.0851975860390001
-0.0228116987052512 0.010779066012168 -0.164450816032827 -0.180956322969309
-0.000769540136599578 -0.00229111080196747 0.0121785651492256 -0.436573137082055
0.00938417690355596 -0.0198414131513312 0.590704997572314 -0.271293286498084
0.0306035763037344 -0.0280028423332712 0.694411785753284 0.462545289637508
0.0108582226030824 0.0221005351416673 0.0287529943629101 0.88379046670117
-0.0444624894061965 0.0188669615151472 -0.416477895588611 0.455333888503918
-0.0492473784934621 0.00476687746111952 0.0300765663356876 0.0544343222227389
-0.0277299974991582 0.0144118542792954 0.336244897107864 -0.481478739288389
-0.0103325050612351 0.00938622992714036 -0.236304221251849 -0.905411906185542
0.00424346791401103 0.000129589568357343 -0.877396087281942 -0.25335101009389
-0.0163983861913581 0.0076314193057007 -0.485099312218525 0.570150186980157
-0.0140107258273376 0.0210807248920066 0.12719466220192 0.52956900987089
-0.00263004245515862 0.0237287310844694 0.268465361923214 0.185234464232526
0.0188410067199099 0.016975593756744 0.162487886865355 -0.147111823705226
-0.0120759517395241 0.0133697668058991 -0.130091234892829 0.113027995059258
-0.0196148380886149 0.00485989003411164 -0.183307183595696 -0.153432308773355
-0.0147175239810246 -0.0204527647686079 -0.120914047917174 -0.459795998859975
-0.0159182968571628 -0.0192619778335536 0.428265375270532 -0.454655733144379
0.00290595333942444 -0.0266620833378249 0.775195363337178 0.190619216051298
0.00689497869755446 -0.00633395329619702 0.296323087237659 0.809575557724142
-0.013090257180971 -0.0318269021680266 -0.305856587420814 0.550579304761978
0.0116166836839066 -0.041932862794818 -0.000307370003556314 0.110850761077619
0.00842689941993371 -0.0430401965410352 0.412229121281297 -0.368680944850842
-0.0215466593802486 -0.0224669861519221 0.0400448732678083 -0.951982642884141
-0.0139611005562851 0.00475159601615334 -0.791630400739653 -0.536224643346137
-0.0357289846555319 0.00289205727796067 -0.67044613511561 0.393738689520485
-0.0236027885025696 -0.00789391651407901 -0.0057858421923561 0.534193532874186
-0.00324235656245683 0.013193259104893 0.251261069108807 0.229021833797285
-0.00793046160881946 0.0185720300410038 0.180750400161137 -0.126877377387974
-0.0143931437588374 0.0114114850380916 -0.131171398916172 0.109017490814886
-0.0250560847685943 0.0018792418826156 -0.177228639604394 -0.163653745566789
-0.0133718974784095 -0.0212982513141652 -0.0922694050788139 -0.46377009235818
-0.010009446875504 -0.0224362641035918 0.46639137164321 -0.414642407136716
0.00689380499730754 -0.0299630694409059 0.763387523588195 0.264663199101254
0.00428478148983376 -0.0110315561381648 0.234514425029291 0.837577640052853
-0.0128418304451214 -0.0369695964548374 -0.330841167437483 0.527946235478082
0.0105697092637403 -0.0461960002723396 0.0134092085569096 0.0981169492635757
0.00565290728692148 -0.0475111117312701 0.400745162998151 -0.399940229418052
-0.0241866073967831 -0.0248688636996202 -0.0333854354279311 -0.947965261270382
-0.0110926767772866 0.00431692895555871 -0.824795446231143 -0.457931053169244
-0.0298136171853168 0.00335686691126273 -0.629574784782774 0.449539710307979
-0.0223589637229759 -0.00709449788794676 0.0279930315888719 0.532909781976897
-0.00750713101415355 0.0106053038919465 0.261974889283913 0.214004097621161
-0.00952152711990906 0.0151355691592851 0.178118618250288 -0.132153879605181
-0.0134914274087748 0.0102884911813329 -0.133154050927771 0.103291875178469
-0.0289393856062279 -0.000115840507591571 -0.17047374156853 -0.172417991508174
-0.0104517421087532 -0.0207163185243154 -0.0575678313053656 -0.465339742875175
-0.00231822010887322 -0.0251302667415825 0.509754603632167 -0.365571373900165
0.0121052538347868 -0.0321665809553734 0.741725009050468 0.344228336867007
0.00359034861341771 -0.0128029191428087 0.161268699264448 0.861819574434341
-0.0148509718475593 -0.0374771830320866 -0.359302437395651 0.503010025131316
0.00554234341091365 -0.0457835688314788 0.0259094667244354 0.0832218453752303
-0.00105445735333271 -0.0464034960653027 0.382505939802287 -0.433223240320945
-0.0254882070794977 -0.0229457237913243 -0.113141252034439 -0.93544919921953
-0.00814375818930923 0.00289670939514854 -0.854287669028029 -0.370574837878983
-0.0239979895852614 0.0028619327440465 -0.578712177350163 0.504892253509994
-0.0203425441858007 -0.00405469821228842 0.0672481713575989 0.530961945153124
-0.0113426946356493 0.00887394434899225 0.270172908788103 0.199486668637564
-0.0083187537880676 0.0130879131378185 0.172925780273953 -0.137492518055501
-0.0103896789689977 0.0100464939796467 -0.133502312654339 0.0968444302703441
-0.0305035349793552 -0.000692967743039335 -0.165002911406565 -0.179224978730176
-0.00627665150404243 -0.0182046265810358 -0.025886017738933 -0.461481007586111
0.00482980943737694 -0.0253377887133699 0.547637216464444 -0.315834384529456
0.0176255672144839 -0.0335857136500759 0.717470531912716 0.413862475208152
0.0040111812044944 -0.0111625491362489 0.0924688825936847 0.879076007835487
-0.0185815899323163 -0.0312272092865366 -0.384208631655729 0.477379138575185
-0.00374426355031682 -0.0409756789627755 0.0357151633664649 0.0701148275372958
-0.00839961604867026 -0.0390533201634172 0.364282455762548 -0.46031497896799
-0.0248076208684187 -0.0184505359471 -0.180548670075011 -0.917637290554889
-0.0042995125642439 0.00128126298739281 -0.8710752755477 -0.293208953022867
-0.0193674303975546 0.00329208578484607 -0.5311128289655 0.549193647218828
-0.0179534116924396 0.000365267022518156 0.0992960280357275 0.528232994561804
-0.0120283918010125 0.0106915815043143 0.276384702793679 0.186536955998817
-0.00471299397013157 0.0112043274472145 0.169254467685612 -0.141706072837865
-0.00617805040272498 0.0106886209057472 -0.133520388974273 0.0914029485659384
-0.0307686131938673 0.000659294291633878 -0.161170135544476 -0.18366097873026
-0.00325635868308647 -0.0144604457255392 -0.00189275419973664 -0.454598736643077
0.0101943532556173 -0.0240173619567556 0.572299913601799 -0.280181228721931
0.02329929550125 -0.0330046200214704 0.695453850123875 0.459492939516809
0.00483273232696274 -0.0059777875292128 0.0429205542182254 0.884866607127547
-0.0245723454319079 -0.021892367419807 -0.4037647879244 0.459950589227193
-0.0159614517959427 -0.0323581763384028 0.0418844790362683 0.0590770587518773
-0.0143877624155704 -0.027824701249798 0.349452587150238 -0.478989551513435
-0.0231747312405708 -0.0123180212710277 -0.230980085793226 -0.904708933348692
-0.00152770990206713 -0.000388177335785771 -0.881597997544158 -0.240213431661545
-0.01653936035833 0.00376276701234502 -0.492410425641062 0.577287135871678
-0.0169123109097187 0.00640716548808135 0.124124702361374 0.524331613734875
-0.0122661608665579 0.0129852645029872 0.279028429786582 0.177793912209623
0.00025104811431827 0.0107641339562947 0.165718738308331 -0.146386527192111
-0.00100800122587911 0.0126564798438946 -0.133766596940574 0.0875554243826279
-0.0291844670800295 0.00328544717445661 -0.159676424545824 -0.185107946917348
-0.000906940696418254 -0.00930584808451297 0.0140799135547241 -0.447335247701346
0.0132779233472646 -0.0232077722455411 0.59216182938424 -0.256763746549223
0.0275387507994802 -0.0322462209857502 0.682443930619911 0.487270402515037
0.00642475890370652 0.00258730285771155 0.0105297343359099 0.886329342653492
-0.0320276362871695 -0.00860237981136185 -0.416993461152826 0.448530187745794
-0.0286295386187407 -0.0201414847283312 0.0424254291266743 0.053082597077107
-0.0206199956741107 -0.0135260487850425 0.335722681352541 -0.490181073072211
-0.0193061623115148 -0.00544050290492441 -0.26088754044367 -0.895896559167016
0.000703188488834518 -0.00187545512038554 -0.883232987799259 -0.2120366380219
-0.014666020287627 0.0048818429712254 -0.467866368615948 0.59291768625939
-0.0156897104024133 0.0118780332005983 0.139297100841676 0.523679920820657
-0.0103979326162931 0.0156452389291946 0.279969898521391 0.174179957504431
0.00594740922115278 0.0124706187084367 0.164132362558658 -0.14871639416912
0.00401917735054525 0.0136352197407722 -0.132422481111107 0.0852536441557134
-0.0268377477849506 0.0068708441396147 -0.16277965807298 -0.183770380237503
8.06543690159917E-05 -0.00565867183838675 0.0184340176169039 -0.440549071493009
0.012761812185502 -0.0217089864720857 0.596859517982227 -0.256334947729302
0.0297902954810657 -0.0299897444675068 0.685939428983942 0.484950369515533
0.00760124587768705 0.011585096440822 0.0094489569325555 0.888746756708737
-0.0394125349073487 0.00563720506568681 -0.418808729085721 0.449064110879283
-0.0401453213303389 -0.00772372940955808 0.039021247596418 0.0512594165057828
-0.0241220179703856 0.000781489694866059 0.330069621174944 -0.491007936589424
-0.0145686542242978 0.00178580905334567 -0.263163784323142 -0.89750400796987
0.00335955684116294 -0.00136402894187312 -0.884084579770768 -0.213520160024025
-0.0144903404179492 0.00641453728748702 -0.465764396837515 0.591882186449269
-0.0148436395835005 0.0170830685500394 0.141273560930432 0.524807047903446
-0.00695678055411259 0.0197872557975029 0.276516318583089 0.176201529378964
0.0136264946583869 0.0141192556845035 0.162168117058839 -0.149380462338828
0.00842959262475456 0.0167916386471203 -0.129992588443375 0.0851807186086026
-0.0229965031829222 0.0114008128655414 -0.167133430563464 -0.179840631196514
-0.000727366442101272 -0.00233159575065703 0.00992769018208728 -0.437323993845356
0.0100368070913242 -0.020332131623913 0.593071394021305 -0.277163656938369
0.0298433654178471 -0.0287695032369161 0.700915771302079 0.457185666207744
0.0108134089023588 0.0218658354509017 0.0369484862106129 0.883854399703114
-0.044561443346121 0.0196447892175099 -0.412987202207894 0.458254365006468
-0.0489082941017859 0.00591198929305911 0.0300960104731915 0.0545629833497623
-0.0269289418319996 0.0148330545822659 0.333065914780504 -0.483126282206016
-0.0110726073642558 0.010203348920204 -0.245368550184013 -0.907640724411922
0.00526081236878877 -0.000405311769170583 -0.883678524986114 -0.2450416863674
-0.0170447714973934 0.00843149366653887 -0.482039015712113 0.577512428398982
-0.0138947193412909 0.020680139423124 0.131443206333946 0.530471200141771
-0.00240385984535521 0.0230326873838626 0.271376241200084 0.184267544498209
0.0192680474868088 0.0160746007152866 0.162082171096186 -0.147705753824215
-0.0112627517641401 0.0134383642105981 -0.129601679663402 0.114170455363226
-0.0193848652980983 0.00503209851573395 -0.185997768202145 -0.152773456160237
-0.014711304944898 -0.0200812893635577 -0.124731786438603 -0.45913095164062
-0.0160624589573047 -0.0186413676834015 0.424236143065723 -0.460655305068062
0.00281722742438179 -0.0271125012515441 0.778147743087728 0.182134062437674
0.0064028078062431 -0.00690301254562751 0.306342021180296 0.806888421692446
-0.0130977144695656 -0.0316241632230604 -0.301814145528993 0.553057846697982
0.0109224244388357 -0.0412880774667841 0.00074586820197321 0.111347504767062
0.00821153049117423 -0.0421975794244411 0.410239125914626 -0.373837922768829
-0.0219437370270957 -0.022685345658436 0.0285873572325259 -0.954750292528789
-0.0140484670738802 0.00464743535743517 -0.800531568292178 -0.527345298249909
-0.0358421902462236 0.00392870885122377 -0.667468829735474 0.400440336544778
-0.0235524993921528 -0.00769735672086868 -0.000336914240576231 0.535903179916057
-0.00281263834053472 0.0142495913595045 0.256540602382062 0.226755323768754
-0.00658727918019584 0.0179141476729851 0.181112772070849 -0.128660773710149
-0.0134057352969513 0.0119028142609942 -0.130267316188885 0.110548279081643
-0.0247888934749106 0.00272283557949596 -0.1794010973215 -0.162288113368959
-0.0134662013441639 -0.0209830960897725 -0.0958306058854847 -0.463668249791098
-0.00974989121138518 -0.0222353442663652 0.466112883568469 -0.419465055041185
0.00637919254174268 -0.0306170252755623 0.768255165494656 0.256611648124879
0.00377842483549591 -0.0119215753440008 0.243959906413736 0.836622855744396
-0.0132561302677433 -0.0371273680393353 -0.326764980921978 0.533883769944425
0.0106641742005021 -0.0459327609494086 0.0145537092993425 0.0976821971515359
0.00523791802944173 -0.0476140425510432 0.397710061171508 -0.402697902149605
-0.0243205010889907 -0.0242502899910499 -0.0409718476492534 -0.948992951664592
-0.0116796768281027 0.00388703672303105 -0.832150639840083 -0.450020837823368
-0.0297801145110889 0.00308703127850757 -0.627007137444165 0.457113274050664
-0.0220089008669901 -0.00698976828153797 0.0340687188055621 0.535476572315607
-0.00701357767609601 0.010584327056572 0.265155358394682 0.212867847444196
-0.00836711906165585 0.0157053591456571 0.177540770724818 -0.134087538790893
-0.0129697635062798 0.0105175940629929 -0.131995134569081 0.104898764577057
-0.0290132873807146 0.000492981599047957 -0.173031121315029 -0.171656386338734
-0.0103488490689616 -0.0210359078075507 -0.063333641575544 -0.464494785286251
-0.0026446687014561 -0.0240422101712557 0.508995829718043 -0.37058659349555
0.0116618278989392 -0.0327549697682845 0.747135133684194 0.338861399632684
0.00305248734184349 -0.0128875583349816 0.169129266021999 0.862653772268091
-0.01523205160225 -0.0366031657863276 -0.35465417056152 0.507664310748018
0.00480189491423393 -0.0456703886706646 0.0272754489841022 0.0832930659572554
-0.00121273856175232 -0.0466065991504324 0.379445709462096 -0.436640086543733
-0.0253861789581659 -0.0228917100574137 -0.122688613539103 -0.937183154316777
-0.00753477360182961 0.00365978091973618 -0.861123050697474 -0.363112776606446
-0.0238375918757347 0.00296872871092137 -0.575008373397878 0.512930324505416
-0.0200714241805099 -0.00386192569009197 0.0723262726065936 0.533041779971854
-0.00979524740687775 0.00977821850967622 0.273484682131336 0.197345070138964
-0.00806873451832941 0.0133348886564665 0.17239781735318 -0.138689722498222
-0.00947221876134239 0.0102023726123791 -0.133050255960748 0.0970049033224683
-0.03047211823266 0.000133643670681643 -0.167891120906146 -0.179364978697791
-0.00640798842528846 -0.0184103449688368 -0.0306415712379327 -0.46138045540592
0.00458793864138229 -0.0251611968523411 0.546309721112957 -0.322840634164328
0.0175639335274937 -0.034280901928331 0.721433403971121 0.405599113206867
0.0038787582471468 -0.011857776732767 0.102595513748708 0.879720394794877
-0.0190718692163308 -0.0306837302460214 -0.380667207375874 0.483396980655562
-0.00430262580729749 -0.0403471889108659 0.0371805095555915 0.0698100367664274
-0.00837148404851706 -0.0386555341594918 0.360160680144084 -0.462865533877045
-0.0260032166023537 -0.0182422089064314 -0.192199295892721 -0.9191181185645
-0.00462760492096427 0.00139700128462775 -0.876941955793409 -0.285855535478367
-0.0187283258458483 0.00366632766797741 -0.527239511995826 0.557580770839529
-0.0183451947198953 0.00130067776959384 0.105595345733052 0.526824359479725
-0.0117126483652858 0.01075038162564 0.280682505728202 0.183771427692323
-0.00492311321805805 0.0112674566512171 0.168586059730446 -0.143460332332716
-0.00570691147791715 0.0105236723496981 -0.133853107434183 0.0926036616277233
-0.0302878969076991 0.000853372576768802 -0.163947214181635 -0.18243037730114
-0.00322257937943039 -0.0143981265409053 -0.00644878289737464 -0.45326189890077
0.0105453095851779 -0.0239043169902712 0.571883328234155 -0.28553271480111
0.0232158922995205 -0.0335435327550768 0.70225719680855 0.455921750814047
0.00459681172184067 -0.0067230494849382 0.050150937566453 0.886097869523651
-0.0251237700859183 -0.0217593647714359 -0.398989846654753 0.463240831941909
-0.0163816733166868 -0.0318623789724321 0.0417516283570081 0.0592869685333801
-0.0153372718389726 -0.0273129672749849 0.343368374045538 -0.482657251472298
-0.023247307493179 -0.0123094497144702 -0.241473006278376 -0.905927298639404
-0.00147427075696021 -0.000621442581641547 -0.885715139598042 -0.230450813749728
-0.0165731174927431 0.00441332856752207 -0.487114465236315 0.58448387607416
-0.0173461083795294 0.0068873228442996 0.130165277902952 0.524090216431613
-0.011859794515993 0.0124021092983457 0.282981849718104 0.175556665208454
0.000424762013300691 0.0104830907329537 0.164773918963269 -0.147966968577276
-0.000113159516271878 0.012445938169211 -0.133687854925346 0.0874156908016235
-0.029096882840744 0.00340011792735207 -0.163188224116916 -0.184844602232473
-0.000934208302627147 -0.0101231318737138 0.0102644641157551 -0.447448486785442
0.0130045875246669 -0.022581244963542 0.590062137521699 -0.264102642631853
0.0270266916841239 -0.0318228709151412 0.689468077086956 0.482779488438644
0.00615576334373225 0.00160458035698217 0.0187888835012752 0.890289427092511
-0.0318095079825751 -0.00831592338469749 -0.41253779203293 0.453338841685002
-0.0288639889758186 -0.0196304252157708 0.0435533498891789 0.0525444194521319
-0.0200265780166798 -0.0135412535816478 0.331347601895496 -0.494347068480834
-0.0192655512014997 -0.0050986673442194 -0.270385808051947 -0.895795108391035
0.000664831716967972 -0.0017782864217796 -0.888441542309233 -0.201936001886427
-0.0149434106661189 0.00556110616348559 -0.462374232581247 0.601499333650613
-0.0153942922757385 0.0124392015567259 0.145911175377658 0.521447623078819
-0.00978121895434826 0.0160789446653275 0.282038316226439 0.171214915761671
0.00721601638966199 0.0113527062871671 0.162801711851905 -0.1496282759745
0.00493907256624232 0.0140873293592087 -0.131946105063338 0.0855403137947024
-0.0258876526443117 0.00722112669225979 -0.165359775151689 -0.183095369107282
-0.000398682924136283 -0.00579271712773927 0.0154195450652979 -0.440503536778707
0.0131411789378223 -0.0209129669474273 0.597586979687737 -0.262899905577781
0.0290454377498033 -0.0305017774563826 0.691007739465395 0.479867134301315
0.0082040904966168 0.0109547237968566 0.0189942613324367 0.890507110397879
-0.039327982669151 0.00597719640510551 -0.41545885811706 0.451924323172131
-0.0399858210811636 -0.00698262181481241 0.0390391977540596 0.0505178669411206
-0.0243869042433763 0.00190496766665239 0.327194938288489 -0.495689868836679
-0.0151236883392317 0.00237594451642541 -0.27330678463284 -0.89866243419205
0.00272305995138501 -0.00241105556875241 -0.888966488928693 -0.204173302069013
-0.0153276905176192 0.00659037051669401 -0.459284339298899 0.599032443911015
-0.0147485510360435 0.0174613116917555 0.148815834613396 0.524550050176608
-0.00638078434801491 0.0198667837167826 0.280264173037166 0.173454604491593
0.0135761550837045 0.0139139966928991 0.161876723271976 -0.150764123017332
0.00968555029544825 0.0164129385864321 -0.129429285391832 0.0857047365107957
-0.0223509465121409 0.0118703469286717 -0.170161292572297 -0.179350388729725
-0.000548260819239876 -0.00216220644651904 0.00653136488965759 -0.438086937129123
0.00918645349550384 -0.0203541058327366 0.591305338735137 -0.284235939127345
0.0290096838990849 -0.0291536236660403 0.707850196168484 0.451170252129597
0.0109094373063718 0.020858798846706 0.0452109817858604 0.886523326848413
-0.0442281848385397 0.0202279607263661 -0.410602104487448 0.465073652398452
-0.0489415272992147 0.00617185834089075 0.0309021145983096 0.0540078672915057
-0.0274240786306918 0.0151993004293113 0.328410481713456 -0.48728656701381
-0.0114155857192056 0.010183965315002 -0.253752283998086 -0.908002493494566
0.0051060000761847 -0.00122895921642681 -0.887116252554191 -0.238152610116503
-0.0169256109222375 0.00891139849341491 -0.475375787456205 0.585060437581172
-0.0142111435175198 0.0206229677352473 0.13826311706417 0.529952878397955
-0.0018571134574813 0.0234987621740359 0.27550196546688 0.181516487005397
0.0197881398661245 0.0158421211992211 0.162065637260948 -0.149924368042551
-0.0107187009468227 0.0134873283507955 -0.128161784782794 0.114998383223124
-0.0191089728486471 0.00578297710629761 -0.187939059259908 -0.150546025463933
-0.0146527136863465 -0.0194125693138953 -0.128884646084678 -0.457368172091095
-0.0162014951951052 -0.018060921237332 0.420208421874373 -0.465074048335902
0.00306765375972126 -0.0273364473173581 0.780337483118799 0.175706854292902
0.00603913581528084 -0.00767816033640888 0.315258241444457 0.807369696224788
-0.0132871899921516 -0.0306804932073202 -0.295627280460839 0.556814925846668
0.0107526978325673 -0.0419081183927275 0.00154584798632596 0.110386583582485
0.0079026204827566 -0.0419185746726984 0.406489316128456 -0.378376355691905
-0.022233754773547 -0.0224547002609254 0.0172004475719091 -0.956536446965634
-0.0131989191593119 0.00441892768011278 -0.807072362800148 -0.519015915543546
-0.0362106413414538 0.00466263520791409 -0.66294942869015 0.409824147195725
-0.0243238607691401 -0.00701550330450685 0.0063624708290214 0.537392525630554
-0.00221048655039974 0.0128415519667849 0.259892933189489 0.224209349084426
-0.00614123411846375 0.0184736592782197 0.180855350040434 -0.130721572909409
-0.0129596790161578 0.011677054891938 -0.129467844146045 0.110349949492494
-0.0244776319496248 0.00284636794028492 -0.182583118961144 -0.161409771925701
-0.0134491715198911 -0.0216396320914173 -0.100553493862854 -0.462347550515125
-0.0102358070248549 -0.021191129034967 0.461899770111069 -0.42526174111792
0.00630391594764156 -0.0311956452783894 0.769564904199147 0.249544336904521
0.00307408886637818 -0.0124652286173487 0.255220098137575 0.835346452761354
-0.0144942153310976 -0.0366649187552741 -0.320294099579063 0.536758993204897
0.0104422248085646 -0.0461082834441229 0.0159453851474002 0.0981584318108286
0.00402001149512082 -0.0470558106027587 0.394030854785988 -0.407766949429929
-0.0244712258571538 -0.0240020990563039 -0.0543171597054263 -0.950811690718677
-0.0113498739855125 0.00366528903931456 -0.839390181208203 -0.44078315758817
-0.0299851200051284 0.00437340977258417 -0.621881667118103 0.465252388748919
-0.0227039072237017 -0.00597406855971941 0.0414799867574914 0.535807379589328
-0.00595147995928155 0.0108833183542657 0.269387341812312 0.210199020641436
-0.00895985834719646 0.0154871731526617 0.176808687414944 -0.135656598591046
-0.0121448508065746 0.0103382882196597 -0.131646944262221 0.104399960859933
-0.0287805100106856 0.00153327964888313 -0.175364069044603 -0.17056988659159
-0.0102760624478088 -0.0208215808951491 -0.0674332309038162 -0.463302946417476
-0.00259615313946151 -0.0233679215807605 0.506902862885204 -0.375670402141838
0.0112338004118702 -0.033534529847732 0.751744580123135 0.331499718929908
0.00323515029306841 -0.0140336716334059 0.178437086544018 0.861460632956685
-0.0162269217248284 -0.0363056486611748 -0.349954761390625 0.510508485927165
0.00426288895596734 -0.0460260937056413 0.0289515926693308 0.0830490557833
-0.00180003647187948 -0.045862481008307 0.375183242042421 -0.440476574981519
-0.026549075910063 -0.0219373613664894 -0.134748972535852 -0.937686144701295
-0.00742862457039284 0.00297930011199855 -0.865879624438583 -0.352032066292138
-0.0240059272685352 0.00460296308171228 -0.569997676484983 0.52006963080045
-0.0207160620708377 -0.00332705213668041 0.0789366849293216 0.531957410149535
-0.009325683519331 0.0095241800201709 0.277001417512231 0.194694178208269
-0.00750287395725949 0.0123698838419349 0.172160295394947 -0.140694144870331
-0.00949972737049539 0.00988980256032925 -0.132264724941203 0.0983218517635146
-0.030322674758126 0.000769580501965272 -0.170584592459653 -0.177835215205757
-0.00625243563474271 -0.0181986761230534 -0.0360645313297876 -0.461268918187429
0.00487520405504941 -0.0238413430000794 0.543755276237358 -0.330126234872488
0.0168899708814023 -0.035173406324889 0.729994249378708 0.399898582844027
0.00364317622794105 -0.0119635405641482 0.111947279574075 0.879290250950694
-0.0198258034135238 -0.0309265782339486 -0.376235249937264 0.488218394894753
-0.00518377621830996 -0.0402476528912282 0.0379969718790844 0.0695037961404463
-0.00894603404643485 -0.0389655448748925 0.357378701930038 -0.46792300548438
-0.0258107778431272 -0.0177570083950461 -0.202945013196892 -0.917549618856435
-0.00424427699733784 0.00158942317342721 -0.881786199574942 -0.275215281628803
-0.0194466170020295 0.00445221753786919 -0.519919173555841 0.564214844623001
-0.0186452699755113 0.00105134531331642 0.112835422406221 0.527049899372125
-0.0112544310925743 0.0106867776124987 0.282766316225879 0.181317190859708
-0.00413335408322142 0.0110706304303267 0.168008353207168 -0.145838741677371
-0.00443086065304844 0.0103773292501479 -0.132678180522227 0.0928089190013778
-0.030445881506012 0.00159438342008868 -0.167123440441668 -0.181647097345339
-0.00301399488672168 -0.0143241119248492 -0.0100609681229216 -0.454026862019278
0.0100546351574779 -0.0241397400811051 0.571027263068927 -0.293495728013833
0.022512871263741 -0.0342019841039189 0.708696117747954 0.44802855990781
0.00459579699622314 -0.00652232231638217 0.0612970639896066 0.887368184185761
-0.0253398840731807 -0.0209659084552966 -0.394789275392695 0.470054409685087
-0.0159108649575547 -0.0308926632430087 0.043194851424928 0.0590771888640218
-0.0155678474447125 -0.027417365686593 0.339661651047914 -0.485321580536498
-0.0239049802580453 -0.0119046462446813 -0.250319340899731 -0.903690650573524
-0.00170796866192516 -0.00109565678477716 -0.892565318161519 -0.220733678417665
-0.0162064001268852 0.00466929050930114 -0.480576078558494 0.591778727497655
-0.0174017760727556 0.00718906191705427 0.138285269489845 0.52292998912465
-0.0109880490264607 0.0128459642417896 0.285280808113574 0.172257566484168
0.000850441087945386 0.0104409211946919 0.164095978238945 -0.149719575984935
0.000706218118365621 0.0123790855049292 -0.132546806075105 0.0886327139030405
-0.0287818183221646 0.00409209654503322 -0.165956003544284 -0.183950541861061
-0.00069495676022262 -0.00967841881544668 0.00638250371765992 -0.447440831656552
0.0133459052838487 -0.0224554838830329 0.590646284723689 -0.270039252798899
0.0271666920854446 -0.0329272227829359 0.698815843920224 0.475195109851257
0.00582557897149668 0.00107198059838454 0.0298410646342909 0.890159423338018
-0.0326628570021789 -0.00738998242565041 -0.40694012699613 0.457995365582809
-0.029086683333278 -0.018731779959066 0.0445875047162514 0.0523775984216597
-0.0209157672319052 -0.013162408986394 0.326837836115087 -0.495720128448676
-0.0201837705384345 -0.00515776412875367 -0.280364636274142 -0.894985567549901
0.00101278251043725 -0.00272374908571574 -0.89400262605498 -0.193039015820415
-0.0146735049059626 0.00574547047283721 -0.456633269600495 0.608613626650194
-0.0154935574930282 0.0126605785400055 0.152126915424261 0.52241341926737
-0.00894675210356825 0.0157360132982287 0.285724825016114 0.169003502181757
0.00718111049544895 0.0109679887417157 0.161690153444246 -0.152162241289889
0.0059188619728421 0.0138014667472436 -0.130900218759201 0.0859813667847934
-0.0259693787709727 0.00787457487372382 -0.168393405599923 -0.182426921895789
0.00069423724700459 -0.00598206435553779 0.0106968201845972 -0.441468550676761
0.0126179781914838 -0.0210003539219732 0.598004955849235 -0.269077756028301
0.0293403669764189 -0.0310757170735491 0.699057579154213 0.473910496333264
0.00798091182170377 0.0103320318041593 0.0291984928769697 0.892256680454358
-0.0395404214865173 0.00684855570242819 -0.410309133706849 0.458912284325229
-0.039310897689479 -0.0062232678433596 0.0399808057556221 0.0500571450293586
-0.024336498335499 0.00153534883899569 0.319453872389421 -0.497554148856046
-0.01517328136267 0.00299098856795221 -0.285102140315391 -0.895646790123118
0.00321779020215625 -0.00250019443086505 -0.894239915142155 -0.19320308266209
-0.0150886359374541 0.00730571407560803 -0.453287444997229 0.605810716694012
-0.0148056262246284 0.017761150049868 0.155098249361638 0.524275871711644
-0.00572253290963962 0.0197818697713724 0.283175329692407 0.171255599441555
0.0136116977540371 0.0126121734437664 0.161435300149314 -0.151904657472559
0.0103246265625219 0.0155247393344411 -0.128957939234224 0.0862989627014355
-0.0219918405022369 0.012406953558931 -0.173248660459758 -0.177953391979912
-0.000925260178327749 -0.00261435016619697 0.00246590307823859 -0.437504404158447
0.00959303379714723 -0.0197438082085319 0.590715222679783 -0.289835138080202
0.0294074782705005 -0.0297746537303031 0.716686191468396 0.445106132788346
0.0110188996622033 0.0205318011248556 0.0558524739829592 0.888150869593169
-0.0448001902250301 0.0209653481223075 -0.40570823357696 0.470285150757969
-0.0486358118185564 0.00696540451275885 0.032066146211997 0.0538296537335226
-0.0270536485202836 0.0154574199814075 0.325699237778859 -0.489870359586516
-0.0106595473391651 0.0104133142219715 -0.266757374075133 -0.90579821605929
0.00550004242843721 -0.00173222747188949 -0.891801849895947 -0.227183781484688
-0.0171308434888323 0.0095820523791958 -0.470521668163517 0.592467691314002
-0.013851619441726 0.0214276640254061 0.145467412305159 0.528900166174145
-0.00163087735072456 0.023070518087707 0.277923411574546 0.179633084978106
0.0203684359054961 0.0149352721179098 0.160267806853138 -0.150959086678806
-0.010063200206379 0.0141927661761844 -0.12607970575196 0.114794768533399
-0.0192873385321921 0.00606205138080962 -0.191566910860733 -0.149563062219453
-0.0145044445623372 -0.0190438480152515 -0.134699703270157 -0.454821191298853
-0.0168972242038299 -0.0171899474772252 0.41512043312343 -0.471777237867367
0.00242221848503266 -0.0282072341403543 0.783912658478278 0.165100092032189
0.00630573476958548 -0.00871033136149276 0.325132983789229 0.800781749621118
-0.0145969627799304 -0.0301596874160954 -0.287885702447114 0.559742120504835
0.010231265315598 -0.0415725502946524 0.0038415229618045 0.110149140600876
0.00690372977385634 -0.0419631986161107 0.40162049924519 -0.381757742489867
-0.0226153711766956 -0.0217115858703851 0.0063948712034287 -0.957979677155188
-0.0136130456488269 0.00471312347029601 -0.815673667333612 -0.509677635531739
-0.0359843593248293 0.00542940388712777 -0.658210160820327 0.419712954173114
-0.0242871350358577 -0.00687638517861393 0.0140879539340869 0.53677488946549
-0.00176963064814249 0.0129067750137801 0.263388574836703 0.220789270214335
-0.00654777527590725 0.0176620624590195 0.179983633048182 -0.132716916568952
-0.0127121519221023 0.011821412664247 -0.127963631958038 0.11128418910028
-0.0243279371190407 0.00328534627279887 -0.185275032080899 -0.159663669209799
-0.0133186561387237 -0.0210934776316373 -0.105794736021569 -0.460385888244204
-0.00999058478671763 -0.0199001657114262 0.457105394183923 -0.431599388338728
0.00531776979516349 -0.0307738471379682 0.774750939352325 0.239765670784499
0.00336656463528115 -0.0130715224468388 0.264300632371691 0.832350547913672
-0.0151516645944437 -0.0364469645056209 -0.312974362631841 0.540061248160545
0.00947424240450202 -0.0463490056648726 0.0170435316735904 0.0971771563470467
0.00389456374225423 -0.0470982241570806 0.387500834683873 -0.412237497265359
-0.0255820133092848 -0.0241412645980861 -0.0648951486369463 -0.948818154346186
-0.0108283770047916 0.00321952120719924 -0.847611472855726 -0.430018671669923
-0.0295913917339968 0.00497236119043186 -0.616274084134833 0.475756650785038
-0.0225545655290768 -0.00688281010573672 0.0480201311940008 0.534794104358748
-0.00640562906836103 0.0104281628408959 0.273423738762473 0.206355442337851
-0.00778451433770988 0.0153702682961002 0.175547034031068 -0.137001810347742
-0.01163617049472 0.0101843248001958 -0.130064423120109 0.105442340601637
-0.0281133786833796 0.00168839882401045 -0.178974000253757 -0.169449855558941
-0.0102721953179875 -0.0203588940459594 -0.0710108879426822 -0.46195651661266
-0.00270903128141225 -0.0227056674439117 0.501398550802472 -0.381586285995596
0.0111321071149731 -0.0343330672930942 0.755168787540818 0.322149754842703
0.00249048419975925 -0.0141789053570477 0.191512329631692 0.857944843826374
-0.0162651896248032 -0.0352551846673737 -0.344049193926392 0.515752353902876
0.00415027384644327 -0.0455500057523308 0.0300290188904897 0.0819127767029383
-0.00264716218349422 -0.0455818366555498 0.368956855759584 -0.443986771124453
-0.0273515612891238 -0.0217673553662307 -0.144738097776314 -0.935076186091207
-0.00791282323593071 0.00246239416505806 -0.873100316403592 -0.34244925887015
-0.0240155650559217 0.00570567190026854 -0.562396240500135 0.528400066257082
-0.0207278964903565 -0.00311166057293516 0.0858547765870524 0.530567131190364
-0.00953554906074341 0.00967978388120864 0.280937800982556 0.190899560513381
-0.00762794974041248 0.0121570750339164 0.170468525110108 -0.142427699145882
-0.00861591408722139 0.00977255070999811 -0.131685958316219 0.0989456562672535
-0.0299237113758605 0.00102495640378062 -0.17332590786711 -0.175870165112344
-0.00638573564551709 -0.0180662568037185 -0.0395737059773711 -0.45961401329405
0.00465845591552585 -0.0238171264187545 0.540606316504196 -0.336314170657859
0.0164755924248158 -0.0352393136032062 0.733001996273387 0.390612590873863
0.00309777360081257 -0.0122458273866752 0.124327877926428 0.878020800219385
-0.0200737478471113 -0.0299670863381029 -0.37036823192134 0.492009815401333
-0.00495785839037966 -0.0398171205769999 0.0393019613674511 0.0688203467800647
-0.00984209383847405 -0.0384150223856494 0.350191566451177 -0.470588722312142
-0.0263025671004332 -0.0178417011376 -0.213046932310152 -0.914603758429015
-0.00427435311986142 0.00039825609070944 -0.886165108184788 -0.264791672191846
-0.0195859452636118 0.00522916240869507 -0.513585612367123 0.57222520931015
-0.0188425543762459 0.0022688262003774 0.120978475662007 0.526683322563543
-0.0107805438289849 0.0103362927309796 0.286951059619711 0.178362461139534
-0.00400087453069518 0.00982429630183708 0.166383015047188 -0.147190025693991
-0.00347813795127803 0.00978906903098332 -0.132096749615876 0.0935881275504847
-0.0292937387742306 0.00259682223854042 -0.170494220366799 -0.180443513277642
-0.00341643013339936 -0.014392194419215 -0.0151575322680338 -0.45452666248574
0.0104490341627182 -0.0232851416421268 0.567466593853184 -0.300729426965005
0.0217939999093585 -0.0352747036678705 0.714495655512965 0.438899972828979
0.00403298649173787 -0.00806829501127185 0.0712613306711 0.886958326187992
-0.025988627524457 -0.020671805974456 -0.388748990498382 0.473580007032199
-0.016683446819246 -0.0304483798569529 0.0439211370093314 0.0579987368173117
-0.0166667704365959 -0.0270496075443544 0.333935047108451 -0.487734931803971
-0.0239342844713614 -0.0117115572701468 -0.264617486131487 -0.900482595830065
-0.00065648423531656 -0.000902680704685174 -0.895296210230919 -0.209293758735036
-0.0167515788158349 0.00582392944248292 -0.471602193320578 0.598986911164383
-0.0181392507590397 0.00804071663665838 0.145181452785197 0.522242252615912
-0.0108574820049102 0.0132543886573299 0.289564140163196 0.169375568637889
0.000454540116986101 0.0101849372066644 0.162673972982953 -0.151055153135746
0.00116247632852565 0.0118105085493741 -0.131475189212208 0.089290740867827
-0.0285633498836853 0.00455322360253028 -0.169598983380744 -0.18217420189222
-0.000418037480638226 -0.00978856043497202 0.00210647922714696 -0.446498015609906
0.0124521851910465 -0.0229559546546523 0.586688331184435 -0.278929397924242
0.0258852372218437 -0.0337847447607931 0.704563728189205 0.466426583414132
0.0061504360984799 0.00074338593632382 0.0400448417388467 0.890915814895655
-0.031936209395369 -0.00657400625512313 -0.401322718268257 0.463754359319928
-0.0284742226983252 -0.018793864936592 0.0444398809783262 0.0504669878177347
-0.0210634268166368 -0.012553610834388 0.320324366082973 -0.499049553750112
-0.0198894843047234 -0.00501725307730668 -0.292362132570655 -0.890504629196658
0.00148354603511974 -0.00368036794055934 -0.895477261221431 -0.180542264876621
-0.0145512688898863 0.00660180638199072 -0.447346571924559 0.614056886344838
-0.0156396767467549 0.0130636638013883 0.159677993900388 0.519163898101525
-0.00866521608511852 0.0159003223277612 0.28999298644707 0.16519283680563
0.00742088382831383 0.0110392106458072 0.160947855976155 -0.152885418753144
0.00682491483795858 0.0128707166140591 -0.130455718571058 0.0869547808195742
-0.0255789642603177 0.00853601318164205 -0.170895160718233 -0.181767517833743
0.000292722374623189 -0.00616805715798843 0.00660927006715201 -0.440268888534336
0.0127108024519644 -0.0208806095170888 0.593566301727287 -0.276645350058879
0.0289066590095102 -0.0317779899579524 0.705183516737589 0.465762644320265
0.00789693153980583 0.00960479756221256 0.0400765996184554 0.89148607419192
-0.0392868672094853 0.00733443402740366 -0.405522434561641 0.463508434835883
-0.0392695952580372 -0.00539956858407691 0.0407987165806595 0.0494641876116882
-0.024188958404545 0.00307409799684179 0.315037080772405 -0.500381379112719
-0.0152943279423335 0.00278882462626875 -0.295784298081334 -0.893290734446704
0.0035358493401151 -0.00364294460101726 -0.896021399605331 -0.183077159020562
-0.014871526726588 0.00807388361991728 -0.44491263062983 0.612485785037346
-0.0148200778612598 0.0177014074856867 0.162076021557028 0.521579388580845
-0.00558682590598407 0.0192747719342375 0.286796522917659 0.168506836914367
0.0147569080940577 0.0125262901405839 0.159569094145805 -0.153333837758306
0.0108011360098107 0.0153735582166145 -0.127993976437604 0.0870263596638986
-0.0218554527982577 0.0122070594113442 -0.175334352259348 -0.176088567721565
-0.000965851974139133 -0.00273233145682477 -0.00256483989686759 -0.437271746285774
0.00940850962218122 -0.0196972077545439 0.588417544228772 -0.297477727938649
0.0288604044442843 -0.0305855019191393 0.720993665327227 0.43587279488553
0.0107614096681114 0.0197983914403629 0.0666618440147146 0.886457250202636
-0.0440986904325614 0.021857612091266 -0.399699163893667 0.474197786583908
-0.0482586178414875 0.00690812072069371 0.0329020689178001 0.0531191241487836
-0.026766329261696 0.0159021174519579 0.319298951299227 -0.493498220701251
-0.0112694604110017 0.0109620685567414 -0.276380984785141 -0.9022828658489
0.00502369076664523 -0.00242890481462381 -0.894183823546476 -0.216673502253407
-0.0163917263047542 0.0104272800950252 -0.460284511243147 0.597393378045832
-0.0144965919441673 0.0213862984436151 0.152299180694446 0.527764483143323
-0.000459847359412715 0.0227005945281373 0.281788193995259 0.17559467813394
0.0206324847778854 0.0145763405222101 0.159866264449222 -0.152284593684559
-0.0100454867921095 0.013689226590932 -0.12457673495139 0.116560516648211
-0.0183077866047391 0.00651366013015288 -0.194129121654769 -0.147303589577889
-0.0150668025790578 -0.0191743148790873 -0.140627737757573 -0.45142884983956
-0.0165015408689069 -0.0161286289791753 0.409100283043731 -0.475426101054136
0.00190983075693019 -0.028315933296406 0.783530142618793 0.155392968506686
0.00566960271953283 -0.00927677606912857 0.335297314251127 0.794733322530385
-0.0150194422845005 -0.0300597609186921 -0.2802921937447 0.561867186195865
0.00990847371240021 -0.0410619006680038 0.0053879911501073 0.110288078108342
0.00608532932752824 -0.0422457759496204 0.395743830312079 -0.385334494323012
-0.0224914555425172 -0.0215642464993933 -0.00648203906507586 -0.955382939175913
-0.0126162607786757 0.00435021185058541 -0.819881600225885 -0.496683339192088
-0.0365388398687529 0.0064866680968559 -0.650617307254443 0.427994260173722
-0.0243037740084422 -0.00600275347891037 0.0203563272867396 0.535787211924682
-0.00141532501084754 0.0133856218859126 0.267187744787934 0.2174643059903
-0.00585480022672268 0.0178702318931962 0.178563800624547 -0.134202501345831
-0.012253788357262 0.0120620734401448 -0.126079366198706 0.112451312916827
-0.0238917423619146 0.00401923606341073 -0.188019576227711 -0.157052437750084
-0.0132526227812911 -0.0208554025582009 -0.112059743885959 -0.45743940728063
-0.0104975820669278 -0.0201380814509618 0.452105464590621 -0.435709338607476
0.00529779063097401 -0.0316340985739954 0.776949284844868 0.229633677040124
0.00308016153012957 -0.0141702031258846 0.274728453009086 0.82723323454468
-0.0146901475166301 -0.0353266733319689 -0.305991455331954 0.543519996792584
0.00934043480313887 -0.0460871168640644 0.0183826475477088 0.0967047566433326
0.0039202787288244 -0.0469435327452409 0.381441997022803 -0.414574922698727
-0.0261070912429857 -0.0234416214899141 -0.0780994931455199 -0.947094623458839
-0.0105070329371247 0.00449284625134801 -0.850475331367632 -0.419001831425792
-0.0300495807226005 0.00582511285551622 -0.608270833908343 0.483188034731157
-0.0225098696968185 -0.00589773226100945 0.0576171708614044 0.533047072463715
-0.00604832301074646 0.0101964502277944 0.276366557675472 0.201772848586923
-0.00728484633461742 0.0147496865412728 0.174076089955233 -0.139616099923386
-0.0108073830722539 0.0105876519437383 -0.128188260603552 0.105740450026164
-0.02790253860573 0.00246029012078137 -0.181499819644623 -0.166861892713518
-0.010284930217578 -0.0202666799204675 -0.0777856653255346 -0.459608558631931
-0.00244955126814546 -0.0227387379091498 0.4960960831826 -0.387764595566921
0.0105251736797336 -0.0341083512233865 0.758791760603721 0.311234982475733
0.00214141015426904 -0.0156399527824017 0.202496931853241 0.854354851227048
-0.0165254432006241 -0.0347917086903846 -0.33447632611946 0.518637710019129
0.00305518545808176 -0.0449707957158424 0.0306117278512922 0.0814922098350549
-0.00341920357784913 -0.0446853913737929 0.363160899238506 -0.447194920408749
-0.0272882715227395 -0.0217737877509435 -0.159104628680296 -0.932379631550298
-0.00655473742993196 0.00246183576864453 -0.876407089616166 -0.330716086608001
-0.0234535950090503 0.00610652748921497 -0.553083062173723 0.537011665253349
-0.0211104266182787 -0.00269616656541015 0.0942980673218334 0.528540132681228
-0.00883943511005277 0.00960233142029816 0.284471454627522 0.186719253701497
-0.00694047322743565 0.0119007987240942 0.168845836009399 -0.143823464256818
-0.00797055531627851 0.0101064019595453 -0.129714460095788 0.100028884528602
-0.0295108585746004 0.00200983047666545 -0.176106495229111 -0.174684852248531
-0.00587916058082333 -0.0179775803209705 -0.0448106871576099 -0.456886228358494
0.00427319806145031 -0.023545782040254 0.536213509444315 -0.343098589345822
0.0160503784250913 -0.0363473084277742 0.736847063639594 0.380485550454188
0.00272252474651526 -0.0136253074348963 0.135919334348493 0.874561762254846
-0.0213083597987253 -0.0299238859612015 -0.362402218601272 0.495938003444034
-0.00538159312754233 -0.0402202823081313 0.0398505624904295 0.0682789071433387
-0.0106896871340282 -0.0377864742675123 0.342812849806697 -0.473960942021756
-0.0272151353211383 -0.0169119230408624 -0.226085174299083 -0.910964462457698
-0.00356645517980978 0.000535034576604181 -0.889532918780065 -0.250993093490107
-0.0194563050717332 0.0062193301212462 -0.502975249261848 0.577951286701803
-0.0196195510598186 0.00217489771024383 0.128893193551175 0.522754879787977
-0.0102634338336516 0.0101397015098771 0.289362518206004 0.173840842848285
-0.00402337223872073 0.0111737139188865 0.165231880958007 -0.149637801555518
-0.00285571217827654 0.0107579704830978 -0.130163554180689 0.0942461442166976
-0.0303702067739651 0.00277370649380369 -0.17231981511917 -0.1778272369508
-0.00353912456342125 -0.0143729303446927 -0.0198063787246054 -0.451429033884735
0.0103138423021725 -0.0233431490348104 0.564906372033584 -0.307788987189727
0.0219874807496653 -0.0357373073010396 0.71727983590551 0.430418355886028
0.00377966808097919 -0.00826981825925719 0.085228311139955 0.882678484321602
-0.026035681703189 -0.0193182016315397 -0.381668308195747 0.479146510341013
-0.0170177718223541 -0.0306808175665195 0.0446367037778819 0.0572600165276647
-0.0160713241949237 -0.0257166404042757 0.32701204959977 -0.491729749101316
-0.0246023246963903 -0.0111903405474348 -0.27403886664907 -0.895308473754433
-0.00149762004168095 -0.00139022198390145 -0.897619734111319 -0.195144935735364
-0.0165434344603168 0.00614809398427464 -0.462191459315219 0.607220310919441
-0.0179081781884782 0.00769273210988035 0.152560582609478 0.518446274387417
-0.0103069877807591 0.0121459617299585 0.291812290224892 0.164291035303403
0.000959080130063659 0.0100083120077638 0.161421314706191 -0.151986609682928
0.00195772014780085 0.0111481924605546 -0.131000520063946 0.0896894622627617
-0.0277656340459021 0.00546864937962691 -0.172320537239421 -0.18025525442072
-0.000561065393813617 -0.0100934897365504 -0.00241629032006931 -0.444502103650336
0.0119220082690757 -0.0214420936107927 0.58422469972024 -0.284616732797834
0.0257192672441814 -0.0347912979202345 0.709528984876639 0.457119505562168
0.00598551567859322 -9.82666267227827E-05 0.0536415757473847 0.886557010305357
-0.0331088295538977 -0.00607547304666019 -0.394736233991075 0.46836003177694
-0.028946192699015 -0.0177604873483328 0.0450016460128993 0.0506555116827659
-0.0206665503620252 -0.0119339269280419 0.311696819519218 -0.502849451389296
-0.0201269567632457 -0.0040494636649375 -0.304233429940485 -0.885287574454175
0.00154657506639132 -0.00347040061517189 -0.89839723584384 -0.167466806731382
-0.0151497194366146 0.00651965899793944 -0.438003143552967 0.619371384729814
-0.0156593104290738 0.0128748284431366 0.166824565254047 0.516170761786399
-0.00856131381867083 0.015333382793912 0.291971794841024 0.161665354395259
0.00751008539221933 0.0100692468129 0.159184714499126 -0.154935722179051
0.00699493775491302 0.0129980161064501 -0.129509249935946 0.0876284331139141
-0.0246249192465383 0.00936328664946773 -0.173858111652234 -0.178506106017681
-0.000515072876528285 -0.00607163994089676 0.00287161947739023 -0.439113462667926
0.012156388110517 -0.020431394224328 0.59060018229217 -0.285956659610284
0.028125700779004 -0.0327827085529972 0.7097383811154 0.455217648674349
0.00795604733966979 0.00980524887833013 0.0526417637313627 0.887470506087335
-0.0396182813147098 0.00765193675508102 -0.397350220433787 0.46724748393956
-0.039472254442822 -0.00521154569157705 0.0412275170011676 0.0484700738956869
-0.0243956528521211 0.0031056334318094 0.308389796918585 -0.50238382550789
-0.0162593297130368 0.00376240207115541 -0.308481116750753 -0.886465393744445
0.00348352953602065 -0.0033494911689324 -0.898425110327684 -0.16992330123962
-0.0147942265829441 0.00808324058383281 -0.433866483534315 0.618210961449612
-0.0142961827851393 0.0178785535716207 0.169180900267215 0.518914810233671
-0.00447462243283903 0.0183975642531984 0.288708371218034 0.163411401672083
0.0149129813623929 0.0121425660125971 0.157463287615015 -0.155334180291453
0.010960153698977 0.0142653482921749 -0.127241457921055 0.0873463646515394
-0.0212631646277744 0.0126938884311655 -0.179213567270544 -0.173914944537145
5.58130408687607E-06 -0.00259680782904687 -0.00562807530814413 -0.436005429665008
0.00959186307330267 -0.0189640686208994 0.584697865962818 -0.306470727010981
0.0281476536841837 -0.0310864293773288 0.726101099845863 0.426014467888022
0.0105756897196642 0.0192103889490584 0.0788289362703283 0.883394943930711
-0.0432191286526762 0.0223694049154196 -0.392053952932749 0.479120301750667
-0.0481948351191605 0.00825591799055347 0.0333288967360096 0.0529855057978955
-0.025961290349362 0.0168208955191153 0.3115261071869 -0.496518170730138
-0.011162156019902 0.0109925605000638 -0.287906958772452 -0.89727546973234
0.00533958612202056 -0.00260962467489571 -0.896840254231681 -0.203115786190153
-0.0164283016318631 0.0106761529694837 -0.452133464494228 0.604585245642222
-0.0145948123524097 0.0219528010101929 0.159303961450217 0.524635914479763
-0.000195370338404374 0.0216981768854307 0.285165995462388 0.171555556300983
0.0206098785603672 0.0141225905322075 0.15826541138392 -0.153867411055171
-0.00915551813139403 0.0136082416195024 -0.122978193196961 0.11612780848243
-0.0179857006052228 0.00679190132421348 -0.194917943560661 -0.144728130614976
-0.0152615532220589 -0.018763409458726 -0.144784145723914 -0.446189914738106
-0.0161075532099852 -0.0155198258987944 0.400791264727717 -0.479603658011064
0.00125271749109792 -0.0282188327805036 0.785934120638311 0.143560550056432
0.0053641644242452 -0.00962323669990703 0.346448801185291 0.786737940540495
-0.0154241068716259 -0.0297659443182906 -0.271078326788639 0.56508020757668
0.00933687898854181 -0.0411940015980803 0.00674069771722855 0.108882647025409
0.00540318635228524 -0.0409596375275866 0.388383156588399 -0.388300658813751
-0.0235991196138163 -0.0211139289731826 -0.0213021992981428 -0.94933239609334
-0.0130964459767362 0.00459739314185482 -0.825309642432849 -0.4850513068856
-0.0357857921715863 0.00751131955403182 -0.641541034806392 0.436903182491762
-0.0244032418622053 -0.00566389620990893 0.0277399437634992 0.533073478740047
-0.001329576948403 0.0128092048666585 0.269846748854328 0.21274984535585
-0.00516681030913525 0.017637187416068 0.176428571270124 -0.135113621325382
-0.0111712533144674 0.0112472340278749 -0.125675730569604 0.112576246281196
-0.0233216940826598 0.00468032486794657 -0.189915217135492 -0.1542216150072
-0.0139161262337463 -0.020190267625393 -0.117184259356277 -0.453926377397893
-0.0102188487176569 -0.0193243420644717 0.443906344218557 -0.440629206439465
0.00453252547696804 -0.0318159665830504 0.777463800809431 0.216668209126628
0.00236793359006036 -0.0130136988654449 0.286393076702747 0.819129346208449
-0.0162619576926985 -0.0346037515961155 -0.297251025956085 0.54649429497456
0.00867397766034719 -0.0461880490426484 0.0201141666559939 0.0954237199249167
0.00200875186089163 -0.0469580164597046 0.374430464508492 -0.41778204427433
-0.0262125911535407 -0.0237209035391759 -0.0900874595157527 -0.941967561908169
-0.0104352333274618 0.00270867081430115 -0.855708020354316 -0.405454210113332
-0.0291520148707074 0.0073013287676859 -0.598112267665324 0.491718244778474
-0.0232772942873008 -0.00544284797056042 0.0643257348421176 0.53025020975098
-0.00544240751456799 0.0101787424352005 0.279143606729197 0.197653139118451
-0.00721435468574125 0.0143149768900464 0.172639473816951 -0.140611632734793
-0.0109514320647715 0.00987358662122311 -0.126363231113018 0.106372565356834
-0.0275316654429885 0.0025547052171684 -0.183410848124598 -0.163878505614523
-0.00990310745212617 -0.0202580843390245 -0.083119326080687 -0.456651301765858
-0.0030989474983108 -0.022253943443068 0.490470933999602 -0.392882437553534
0.00938205479825441 -0.0350037428927713 0.761510884565448 0.300024166408706
0.00191700767993563 -0.0157307180247721 0.213733701011008 0.84801391762786
-0.0173567976239395 -0.0341678609833133 -0.327028882129563 0.5199996167274
0.003254648307548 -0.0452115053980576 0.0318207938089558 0.0800947608129583
-0.00402732170819382 -0.044904707539233 0.356107550886762 -0.450182501598855
-0.0285062732151315 -0.0212508112989064 -0.171497150988834 -0.924588944066439
-0.00740893886771998 0.00139950025524532 -0.877748712648754 -0.314602688538105
-0.0237664755274091 0.00701585229985783 -0.543470699788214 0.541911942580664
-0.0213671238845486 -0.00228721088179985 0.102481193347784 0.52661171518119
-0.00835350739038675 0.00969907787613673 0.287252942615827 0.182700672648273
-0.00609520379168798 0.0118540376837215 0.16699419287783 -0.146200971566483
-0.00731488120441426 0.0094016354360851 -0.128478736518637 0.100266192139081
-0.0294517964178641 0.00194366343083795 -0.178244725584765 -0.171288750224999
-0.00622954771213021 -0.0182590515150277 -0.0503152353237985 -0.453192492525873
0.00414093603339023 -0.0229200190966223 0.529327324940926 -0.349056634234603
0.0158021222217927 -0.0357692501898033 0.741554136675596 0.368189095075858
0.00223213060573587 -0.0136399241209606 0.147580125868357 0.869479403874982
-0.0211352930162595 -0.0291939827006879 -0.353413345791789 0.498931106406735
-0.00593168363871195 -0.0388636636739137 0.041138922583179 0.0667340427565535
-0.0105964318296771 -0.0371521076500343 0.336332897809077 -0.475014133694494
-0.0274347187180365 -0.0162019824321128 -0.238351905539157 -0.905330928663083
-0.00372988316981411 -0.000126347781017271 -0.89108679577389 -0.237438069695299
-0.0190953038537566 0.00643815143338907 -0.492979364612138 0.585223854260298
-0.0192237189401405 0.00314606383288653 0.135371688644178 0.51932414663136
-0.0103893193263836 0.0103506993740518 0.291939544438948 0.169406039609506
-0.00315004928068274 0.0102930251175119 0.162507855331997 -0.149792051649808
-0.00314769860093326 0.0101950732087655 -0.128993584802104 0.0949794136108695
-0.0292020782628764 0.00360988636414427 -0.175506608050568 -0.17568546088052
-0.00337915879303523 -0.0142919532756722 -0.0249039437572256 -0.447401937121253
0.0093104606100416 -0.0224060294016145 0.558855074012922 -0.313184848545348
0.0204216251107882 -0.0366142857647936 0.72305342141523 0.417470151547099
0.00320479956518165 -0.008785414217973 0.096631532914895 0.876670137015366
-0.026309716384187 -0.0183260761814749 -0.374284104133901 0.482498402634182
-0.0172282303681033 -0.0300646235070285 0.0453293942039453 0.0561434207366882
-0.0171365654064129 -0.0255879112261465 0.31854614972257 -0.493394667906002
-0.0251839539417791 -0.011212400332623 -0.289235913081758 -0.888790618210742
-0.00141211233943616 -0.00220337117993748 -0.896615344993985 -0.183878555007642
-0.0156498078426116 0.00653048745245443 -0.452188289494789 0.609953613679815
-0.0177986422776768 0.0077937491347926 0.159389214071744 0.514593320834302
-0.0096823355087448 0.0125312963815959 0.293924340053086 0.160151656484313
0.00183981875453341 0.00960072643747143 0.15930540324346 -0.153787261704916
0.00267221912164025 0.0106395403427289 -0.128431554286205 0.0902301009110737
-0.0276020111981665 0.00528500581508734 -0.174125290578667 -0.177031068120047
-0.000582123117042673 -0.0100109725541984 -0.00832819473998962 -0.443064470128865
0.0127256213564775 -0.022384344944034 0.580284900386788 -0.292521636083974
0.0248676785573772 -0.0351813930286923 0.712614088432792 0.446514255501234
0.00478816252578349 -0.000150948305192682 0.0668719481050704 0.884156771758242
-0.0326023635221736 -0.00555337672768251 -0.387115473241842 0.471471786413059
-0.0289957159444805 -0.0175887672252418 0.0459614903401033 0.0496162320577483
-0.0208933916804972 -0.0118759908876411 0.304275469632567 -0.504295441563491
-0.0212884276770919 -0.00417693236691347 -0.316333196535385 -0.875724438174358
0.00213595850896537 -0.0037485839461968 -0.89631464258471 -0.153799508870375
-0.0146328769146606 0.00738399551339049 -0.425361368550605 0.624379342691172
-0.0159796601253795 0.0136184184319195 0.175650138732027 0.512802119213785
-0.00819179387219966 0.0155283340748284 0.294784272580057 0.156430263614831
0.00758932152706376 0.00943820193063114 0.157083736166205 -0.155892507177737
0.00824558996193474 0.0118849972431207 -0.127775174571261 0.0875504422686267
-0.0243682673763611 0.00932367229533616 -0.176859852880322 -0.176281092352258
0.000518495285912024 -0.00652065121661698 -0.00393917601282812 -0.435332842538878
0.0131261276277932 -0.0203640488068283 0.586197931312356 -0.292252409562603
0.0268338162058611 -0.0330126329169838 0.71395543150611 0.443139397586444
0.00731694458389031 0.00873869163683124 0.0644672680082294 0.884226620901517
-0.0388196523446409 0.00879921949565202 -0.389224227452593 0.47297099095588
-0.0395015660241043 -0.00395551556238822 0.0408126945382961 0.0474269566659744
-0.0238627125895312 0.003858461852517 0.299213185325971 -0.506035663556022
-0.0159061774445987 0.00278206917036058 -0.319415288538784 -0.879657266872245
0.00344436773350845 -0.0041146085021005 -0.89834512645715 -0.156776179746065
-0.0143611614828764 0.00930928062860818 -0.42408419189789 0.623039120477216
-0.0148065727390725 0.0181118146694385 0.177655932064438 0.514493741928934
-0.00434838714362081 0.018465730041166 0.291414468028709 0.158957577738943
0.0146814001577445 0.0105761219589831 0.155668089768703 -0.156187556393654
0.0113865722826751 0.0143279596799321 -0.125392295529658 0.0878677399170407
-0.0212467242513242 0.0127096597339663 -0.18159064428848 -0.171104944419556
7.75197018349854E-05 -0.00356949976234349 -0.0111527568338708 -0.433735203610256
0.00964043092117037 -0.0189828109591819 0.578208110520979 -0.313186156530598
0.0271229303971984 -0.0322258558647294 0.72799741467233 0.413979197682303
0.0104159903442912 0.0183717553385958 0.0913222042102226 0.879665153002109
-0.0429617505329458 0.0231442618315677 -0.3827659337598 0.481487711975772
-0.0474849242482273 0.00851941635964721 0.0334767747338925 0.0516276845505564
-0.0254282275585337 0.0176924690649128 0.303654208092766 -0.497446773772081
-0.0112674446953337 0.0117944342448459 -0.29922116505586 -0.888444865545031
0.00541571748503878 -0.00331184805385044 -0.897544269749732 -0.188382441167006
-0.0159955776605706 0.0107575949687553 -0.440257720127419 0.609043344989345
-0.0132528895060479 0.0218586647059113 0.167584258720723 0.520744617487708
-0.000256852065276026 0.022188672026759 0.286985544045803 0.167928518853947
0.0206638884332789 0.0131665836472407 0.156070342218059 -0.155472958960154
-0.00790121874146083 0.013214102407199 -0.120829485366721 0.117099048103644
-0.0175771220145186 0.00723290442113277 -0.197661159656475 -0.141695120881515
-0.0153372283032931 -0.0187214113482241 -0.149983366622792 -0.440940697892793
-0.0163196464305259 -0.0149321460446817 0.39386835350294 -0.481385751366116
0.00122018815609037 -0.0289182152752833 0.78143832200072 0.131817264632665
0.00470869531650643 -0.00984849192505929 0.3547061160984 0.779343954294866
-0.0151868976526638 -0.0281557694027533 -0.261754180525832 0.564642422303574
0.00928900062290313 -0.041322217701872 0.00825348492843636 0.107872918405724
0.00501790146299489 -0.040749623322481 0.381796505302286 -0.389789559640118
-0.0238761504457332 -0.0203362051463635 -0.0344933925307418 -0.945537905213401
-0.0127649439635893 0.00364097994391467 -0.82782889181154 -0.470931711758965
-0.0351500963725276 0.00841494949244931 -0.632011602350924 0.44312839621155
-0.0249213785722392 -0.0051428138957297 0.0358244646482597 0.530340280755122
-0.00031581741781771 0.0128262447386876 0.272421113714539 0.207805693352453
-0.0049302936393808 0.0178109776673456 0.174684808971883 -0.136820580529009
-0.00996791708468887 0.0113680118405311 -0.122709404402635 0.112345387721441
-0.0228895237534323 0.00496637392051634 -0.192047336231934 -0.152086911439338
-0.01321689594892 -0.0200949562889742 -0.122502895425043 -0.448015167334003
-0.0105257474492131 -0.018830089769495 0.437398326560063 -0.443899466964053
0.00358892738507497 -0.0321243398053102 0.776906458045081 0.205224145830103
0.00227822547948825 -0.0145903920106623 0.296415363138156 0.812065103024615
-0.0162429896164355 -0.0344134252292258 -0.288072543215729 0.546628373879942
0.00851145961871512 -0.0457118224002086 0.0208761469105349 0.0944092503164122
0.00132169793843778 -0.0461258237894044 0.36744987666896 -0.419658267247849
-0.026873741868038 -0.0226143713401439 -0.103172075051896 -0.934176970302976
-0.00980023564356729 0.0029173747691631 -0.856900856220466 -0.391397410839441
-0.0289965326903234 0.00788659215751734 -0.586876002322398 0.496174751339638
-0.0235281410006859 -0.00491487052277899 0.0709057648134264 0.526867844026913
-0.00453709336028806 0.0101784602452172 0.280418413146146 0.192728680241846
-0.00701613454435837 0.0144758349263205 0.169701352369562 -0.141477557846774
-0.0106101623193239 0.0101104025512208 -0.124741656447753 0.106954267538829
-0.0268572007370627 0.0032107746916933 -0.185203587355982 -0.161398995579523
-0.0100527722503355 -0.0199192273760456 -0.0871229364627299 -0.450085450832998
-0.0031364960298933 -0.0213387920980964 0.483783301074436 -0.396838516647108
0.00878268772046541 -0.0348247145122651 0.760985040819483 0.288626367165297
0.000982215301338532 -0.0162503570311088 0.223410014128893 0.840525743288424
-0.0177786508303749 -0.0333752688080183 -0.317847063615667 0.520809491789611
0.00229867484835692 -0.0448795696044397 0.032427717666451 0.0789742777113226
-0.00439125665732544 -0.0432251050639795 0.34823818123409 -0.451311266258678
-0.0280069867015285 -0.0203327606715077 -0.182749474213756 -0.916794714672673
-0.00678046162143616 0.00139186270088202 -0.877644232172242 -0.301547309642599
-0.0233284753254723 0.0072319542757458 -0.532401261099144 0.546970236353136
-0.0218278146066825 -0.00151567460367682 0.109315364141079 0.52069435360674
-0.00783226689887941 0.00937380885493089 0.287374764152752 0.177912061660957
-0.00623577570618482 0.0116581177312863 0.165380865983646 -0.146753486219938
-0.00673811034412336 0.00933078592602938 -0.126352989506304 0.100954845956722
-0.0294210581809448 0.00252875017325462 -0.180135565209472 -0.167870211477783
-0.00630590794624141 -0.0178267328617747 -0.0552365143533637 -0.449826253607051
0.00372206888143279 -0.0227305233999898 0.523723047286588 -0.353087799447327
0.0143952448179325 -0.0364785139589646 0.742014831494859 0.356243798058487
0.00190278178070487 -0.0141720074409225 0.157243854495894 0.860988825460862
-0.0213032549281639 -0.0276792983805015 -0.344890009382983 0.50019608207319
-0.00624094226530446 -0.0389546455189052 0.0412426014323189 0.0650666167180185
-0.0113755646847795 -0.0360567629546955 0.327055538015336 -0.476924793809976
-0.0274419546863286 -0.0157674160047179 -0.249229107889317 -0.895735475785047
-0.00338668400295063 -0.000948981791102348 -0.888222394619081 -0.224514793621473
-0.0189867090793936 0.00713013197694956 -0.481015559009439 0.588552482748285
-0.0196926892196556 0.00269476798644067 0.143109100537405 0.515955151668885
-0.00989576073754988 0.00991614899064613 0.293239116293615 0.164793578019925
-0.00345238989876372 0.00997431861511107 0.161339691280542 -0.151331217841544
-0.00168127460074439 0.00912396252431937 -0.127502974228176 0.093548499548085
-0.0285816431891408 0.00356405438643675 -0.177153996099182 -0.172810706754902
-0.00277388637794008 -0.0143266316259657 -0.0297516351668693 -0.445841261887561
0.00932376067306381 -0.0224084676777449 0.55290943535962 -0.319636729377821
0.0195587137512991 -0.0364689225027918 0.724548686872376 0.406154333801453
0.00283402677226032 -0.00882808248363368 0.108498166167411 0.87207770359592
-0.0268169137504238 -0.0179286871103264 -0.364416172979518 0.483536472518749
-0.017208401117433 -0.0291314851756652 0.0453155580108279 0.0548659979699535
-0.0171932368851249 -0.0252905608833455 0.309565073353648 -0.492648232190516
-0.0252796148345716 -0.010647051542717 -0.297432047890897 -0.878285279954776
-0.000546034148793039 -0.00287527507445657 -0.89470038036391 -0.169088992137572
-0.0157655003496817 0.00728480070893872 -0.439726313162703 0.613524840762207
-0.0177544216898668 0.00816961419706461 0.167018013086387 0.509634749714326
-0.00925027739529153 0.0123569836942878 0.295062688468289 0.15512405993383
0.00214068277381617 0.00842387796190599 0.156706002947107 -0.155400986955423
0.0032351439012736 0.00956271942538562 -0.127645927125991 0.0899349191549144
-0.0270018140340502 0.00552718585135079 -0.177102461426038 -0.175357356480496
-0.000319043496879532 -0.0106009785959652 -0.0118706930386465 -0.439861886271487
0.0124668226810228 -0.0213215571064293 0.574280297028393 -0.299539877336819
0.0245267679812027 -0.0359111542670704 0.71589862786091 0.434621227577522
0.00440870142891032 -0.000852709640208924 0.0769912522262347 0.876227378665751
-0.0331512028736187 -0.00517557956047313 -0.377189720256934 0.473330721685552
-0.0288122329593245 -0.0165721377263476 0.0464616581492943 0.0484188691926571
-0.0210284208301879 -0.0108075417836391 0.295988464280744 -0.504910718021142
-0.0209993332236974 -0.00327835521953703 -0.326414763784135 -0.869704606531165
0.00127266492218375 -0.00426015797407329 -0.892795450793545 -0.141210130951359
-0.0136609258291373 0.00822477941228473 -0.414592223786513 0.627593180661534
-0.016838579048346 0.0134559957444274 0.181918987979171 0.507394535120378
-0.00782020781825762 0.0146015998471736 0.295204773606422 0.151591082417613
0.00814275551416278 0.00864777333417206 0.154765746411767 -0.155979430261699
0.00774897729629901 0.0117967650235653 -0.12618141443051 0.0879349058951249
-0.0240583688053171 0.0092074887497161 -0.179345022693896 -0.172945368670774
0.000422477334055792 -0.00674108395884905 -0.00759672455615329 -0.433433026322621
0.0124596918669432 -0.0200361037061637 0.580303212717865 -0.298528096733614
0.0264788827815233 -0.0344100386521163 0.716881921594273 0.433008383541892
0.00739875392374401 0.00778441241846575 0.0766351697890033 0.87702156346493
-0.0388019917662366 0.00940908725399462 -0.381344978775396 0.474013788216575
-0.0395325664068961 -0.0034053684280822 0.0418918666016201 0.0458689835497898
-0.0241654755212091 0.00471986957691205 0.291240395425918 -0.505344237830761
-0.0161909626377276 0.0042436465213691 -0.328925388189798 -0.868824826391363
0.00349486057245258 -0.00458783965561458 -0.894212635923705 -0.142452163327093
-0.0141994814893054 0.0092732185301681 -0.411552107775512 0.624892474593714
-0.0144238303622818 0.0180345369329277 0.184255906014634 0.508777104246888
-0.00438016381913059 0.0182853346054085 0.292568973215957 0.154514525202381
0.0150915290028045 0.0103149694283947 0.153514894263797 -0.157261103074888
0.0122224288481718 0.0131754103856399 -0.124488292985287 0.0879810404905959
-0.0206086717813301 0.0141439982225485 -0.183786728356909 -0.169104588943284
0.000553545061074866 -0.00333361240992706 -0.0154057443057223 -0.431131602322083
0.00945994878025643 -0.0191931453100583 0.573641892576541 -0.318817475473747
0.0263671399886919 -0.0326355187065919 0.730637899024868 0.402971986701603
0.0105412564753073 0.0178025491350404 0.102801788483061 0.872090731107758
-0.0420960969112618 0.0244885978856472 -0.372409301316933 0.483755039375348
-0.047396080598076 0.00937825922336416 0.033210497441081 0.0508765726538443
-0.0256370585193322 0.017823684219781 0.294893515416847 -0.498156689521277
-0.0118860870019307 0.0115099128761102 -0.310313569634932 -0.880899560251962
0.00517734803682218 -0.00344348138734684 -0.896305724450595 -0.17770922141371
-0.0160166787753488 0.011535684613826 -0.428958401209114 0.61282534286116
-0.0141284751796285 0.0222670005803938 0.173572185384919 0.51519674553674
0.000860716394556369 0.02142009863138 0.288600498589908 0.162337613809919
0.0213884574074039 0.012028683160321 0.15348937339572 -0.156399138289657
-0.00796126863107629 0.0125298768731291 -0.119531646146673 0.115878120932993
-0.0166999957843833 0.00781804290768393 -0.199236278969392 -0.138467372250654
-0.0147768825620761 -0.0187023591126959 -0.154533261380969 -0.436577387959954
-0.016165595179455 -0.0141634287296866 0.384413981580677 -0.482374748059114
3.84451484954432E-05 -0.0289253604471323 0.777436894995226 0.121368692065793
0.00458631631088453 -0.0106138668987214 0.361772864037581 0.765962085528893
-0.0158232289687501 -0.0276339244603236 -0.252461721448072 0.562413032052552
0.00905098867679805 -0.0398230539194357 0.00966460107477319 0.107107734060132
0.00337606888798723 -0.039998357693498 0.373543973271441 -0.390902751411676
-0.0239107622571184 -0.0198287163982383 -0.0457700687019636 -0.937446890558526
-0.0123963037262733 0.00300364332154315 -0.829544277706595 -0.455365303787094
-0.0349010063814833 0.00904028304025127 -0.62144410182108 0.448231475094972
-0.0251021564091986 -0.00513289949847496 0.043057173293872 0.525346783294388
-0.000541243278546243 0.0120643111249058 0.273674726171755 0.20201702101823
-0.00424241991090747 0.017299186752758 0.172283094052355 -0.138074986476602
-0.00976820962839201 0.0105629186038151 -0.120618867202599 0.112094382354939
-0.0227656164026492 0.00519327504074409 -0.193838438343539 -0.149387716667892
-0.0133467816012943 -0.0202248645500842 -0.125747256099809 -0.443554602885531
-0.0104885035276655 -0.0181341106795845 0.428216972377315 -0.446403610353177
0.00333166150423803 -0.0321899720013376 0.771722322992236 0.194144660829167
0.00128310081426261 -0.0149270364619583 0.304990228513135 0.799645854703569
-0.0161961353908494 -0.0330133092181537 -0.278810588817634 0.542963039662804
0.0077211277804836 -0.0453701737078566 0.0218816296846271 0.0933086678028123
0.00167721989066741 -0.0451343264861805 0.359317164246408 -0.420626671769487
-0.0275928086944034 -0.0215765212799244 -0.115953264999592 -0.92646249632233
-0.0104248673946123 0.00251103270994466 -0.854790252306115 -0.375424792146085
-0.0285834862364508 0.00871807177462566 -0.575689236653169 0.500946023961701
-0.0234108492328907 -0.00472845441297148 0.0789874932872232 0.521244002672206
-0.00455604011339013 0.0102591485121106 0.282598434766311 0.187466975566098
-0.00653466086366628 0.0141621636718664 0.168648388856283 -0.142532042894252
-0.00970055884498229 0.00951324267274046 -0.123188571768101 0.107043610458369
-0.0265533648530281 0.00369918591128007 -0.187201947708909 -0.158184390153398
-0.0107846550547277 -0.0199400841474321 -0.09208895319963 -0.446571921596473
-0.0029674555215071 -0.0211962229857945 0.47492482463907 -0.399409391817409
0.00788829047105319 -0.0350750915470071 0.758253231126145 0.276064128659241
0.000663860569905366 -0.0164208256236035 0.233239519479986 0.831139751187476
-0.0189170969113015 -0.0323756689244716 -0.30903791036034 0.522894745040461
0.00224338386260795 -0.0444394236727508 0.0333617535117928 0.0783330977687781
-0.00554747019807913 -0.0431595186571693 0.338857844718905 -0.451492423357056
-0.0283882015831187 -0.020090532475322 -0.194065057432637 -0.907707455239329
-0.00719282449773199 0.0013218524320167 -0.875056928751416 -0.287422602092
-0.022966882971842 0.0084029459459346 -0.521839411367173 0.552221192150154
-0.0218275769931314 -0.00150361464108013 0.115910790424579 0.515059756798669
-0.00796630492999757 0.00909033210348734 0.289336449365254 0.171879004368091
-0.00559133411345522 0.0107215947910194 0.162074059145228 -0.147163565132518
-0.0058991710819734 0.00853385907442137 -0.124524711723348 0.100397012893724
-0.0280208047344216 0.00268364727872682 -0.181901581257215 -0.165387092373083
-0.00667909453168705 -0.018040739880453 -0.0603226398977812 -0.446129037731737
0.00418133865637461 -0.0216780682182258 0.516484848538625 -0.356618381352524
0.0139098346049542 -0.0370156928603491 0.740916006357421 0.344602350001486
0.000850319850538084 -0.0150322342304613 0.168496311527081 0.85258011824917
-0.0213915317627393 -0.0267159197827312 -0.335161120167818 0.501158869759078
-0.00704074849040063 -0.0378466439848914 0.0420116930717076 0.0647514166929759
-0.0115766863732007 -0.0356439551755071 0.31808864773608 -0.476138697319571
-0.0284447711462503 -0.0153148969064326 -0.259161163502284 -0.883548456907083
-0.00403768722529432 -0.000538900177539988 -0.887208280099316 -0.209955854659946
-0.0185026511359623 0.00748348557022072 -0.469989861651066 0.591454183700377
-0.0198118610223096 0.00295498131550824 0.148689896164336 0.508604141483892
-0.00908047326599463 0.0102207497264464 0.293673957982363 0.15887257592363
-0.00337758793084618 0.00905295782555888 0.158492316720098 -0.151542553924982
-0.00150250308839287 0.00887694168778881 -0.126146758409004 0.0944114722540376
-0.0283269932829078 0.0040502184835324 -0.17886425023131 -0.169785321709572
-0.00280876351819779 -0.0140017631792596 -0.0334648500478122 -0.441279840111953
0.00964205060911505 -0.0222509542803965 0.544812546800845 -0.325779247871318
0.0188998033983947 -0.0368499277490486 0.724217249755076 0.393788654354816
0.0023833643851801 -0.00954832719981863 0.117847941935588 0.864119335385774
-0.0268155997320159 -0.0167157829637187 -0.355697475221755 0.484347354683891
-0.0177703866743907 -0.0283470589008279 0.0453644074745715 0.0539807665119535
-0.0175974441499432 -0.02434246723419 0.300507496592174 -0.494062410935673
-0.025578410792976 -0.0100867425686551 -0.308888404236096 -0.869244867079353
-0.00070228188274038 -0.00339426750463854 -0.889819856386109 -0.155890282982982
-0.0151116090279354 0.00771788311502709 -0.427384276900795 0.616014778371925
-0.0175294852870424 0.00837647622631 0.172612170043407 0.50360017805556
-0.00914160135166056 0.0122079066638535 0.295730127866415 0.150313802032228
0.0019114057465553 0.00850352645717828 0.154457254523181 -0.155788818511196
0.00343917045896592 0.00950165367041146 -0.12680973624685 0.0900527222696703
-0.0264123533620668 0.00607645637947448 -0.178453803047342 -0.172157089443613
-0.0005545585282869 -0.0103611078792718 -0.0163182410315005 -0.436160603824898
0.0130314982758108 -0.0213563548127449 0.566548277449577 -0.305868948074906
0.0231321932972718 -0.0364000419226697 0.713749762486197 0.422217925427732
0.00412163705024997 -0.00167443198152725 0.0894305423370248 0.868087366860102
-0.0324378467021028 -0.00396264845159486 -0.368392118486084 0.474675135988064
-0.028864513199591 -0.0156017387078284 0.046002231328675 0.0472464454931001
-0.0212010274567777 -0.00979836715252583 0.286868459861844 -0.50256228886558
-0.0212457309048869 -0.00308480023595569 -0.334274331291146 -0.85607570783498
0.000883114306361846 -0.00466015246165935 -0.888633724150748 -0.128022615534076
-0.0130716649276244 0.00886364396918069 -0.402543390051639 0.62830925972713
-0.0158702871580495 0.0142436276534578 0.187098688932436 0.50068680147449
-0.00785787519718738 0.0147703097183065 0.295734632438933 0.146660340560231
0.00787483651395115 0.00804665820630578 0.151957352397909 -0.157402968905217
0.00833418891129388 0.0108612139686255 -0.124917867937875 0.088085835828553
-0.0241077057858731 0.00995175922457525 -0.180871971875224 -0.169606199592634
0.000370213036023573 -0.00709617456203024 -0.01181973816332 -0.430906420245451
0.012454757742912 -0.0202694092027831 0.572945475184233 -0.303790982298425
0.0253398221296925 -0.0342969438950159 0.716208212866851 0.420785257465199
0.00629946858899982 0.00768396019473458 0.088232821258731 0.867632349941954
-0.0379674128703858 0.0105724252205747 -0.37131280566517 0.475176164097426
-0.0383696264135271 -0.00248915419617445 0.042510667560621 0.0455246698434268
-0.0233674430411524 0.0044564797660577 0.281635760126199 -0.504685209188966
-0.0168020336063343 0.00412089447672657 -0.338190283635621 -0.856377081073419
0.00305694763438829 -0.00439535990801062 -0.889109279517945 -0.131579176082801
-0.0134790846866286 0.0101300093989494 -0.399033616228673 0.628135177056652
-0.0140980459293565 0.0182681703129944 0.189390852647738 0.50251622720161
-0.0039235882441923 0.0183809539441681 0.293395910414886 0.150053170041477
0.0149495279911387 0.00969374339291063 0.150587762412484 -0.157617919665118
0.0130338909129993 0.0122082054786476 -0.122863955255681 0.087290880910178
-0.0198757054120187 0.0131772682413892 -0.184713304875703 -0.165481254453665
3.03956339149855E-05 -0.00349232688327295 -0.0207079405265137 -0.426735439788416
0.0095339998754822 -0.0185317781482039 0.564716918403167 -0.324196133273202
0.0256436700848853 -0.0325487445579982 0.730175261638555 0.388358558509322
0.010645252703944 0.017062656153531 0.114840249970409 0.86349665877318
-0.0422613150964377 0.0252842690891266 -0.364680807486529 0.485207067191674
-0.0471364951130808 0.0101802873890164 0.0339741192096557 0.050909971980528
-0.025538312791316 0.0180781947314093 0.286598523694689 -0.496022944844404
-0.0114229704423648 0.0114982271019494 -0.320029427813983 -0.86836831426388
0.00509777222402584 -0.00382589793942343 -0.890715854230657 -0.162226491716755
-0.0156260320850242 0.0122229660495243 -0.417541793917162 0.613667717492894
-0.0137612876811641 0.0221789503272689 0.180182368007659 0.509184477576193
0.000976284098755047 0.0208826233564261 0.289930586226732 0.158133224392161
0.0211527092242186 0.0114940659066155 0.152010586635483 -0.157177761539744
-0.00756395668254936 0.0126752236633038 -0.116804149057803 0.115454479924618
-0.0170601181330257 0.00697770731616543 -0.199863738436432 -0.135860127013979
-0.0150225284879893 -0.0178710598214056 -0.156578772041103 -0.429459422987626
-0.0156909634189046 -0.0133494829391253 0.375454891113073 -0.482843370798195
-5.73348204540858E-05 -0.0286477208226133 0.770516588519521 0.111934219515216
0.00396218431494907 -0.0108950357223456 0.367070660379887 0.755753724064579
-0.0162420403024452 -0.0271918970085606 -0.242321557206184 0.558870711631104
0.007851805465864 -0.0395676028309566 0.0103628206111876 0.104480225588122
0.00386869610534553 -0.0397875807054333 0.365548516327671 -0.391275823691503
-0.0240025516062342 -0.0194094899414045 -0.0567154987813498 -0.928460992159124
-0.012858498289713 0.0030391396675402 -0.826893256137631 -0.441934417701716
-0.0347128974171074 0.00979792206211315 -0.609027214574511 0.453724661449314
-0.0252413652887665 -0.00426247322978825 0.0489393144307081 0.518166981602619
0.000392090673558543 0.0126309392908091 0.273673023149486 0.196702547485021
-0.00424985949496918 0.0161490507729368 0.16996720485398 -0.138235290869201
-0.00966250015187574 0.0107504713170654 -0.1183521724739 0.111279363786578
-0.0220634516981136 0.00506770310739235 -0.194463225915235 -0.145633492742476
-0.0133757263767023 -0.0202028474954858 -0.129418379662182 -0.437190951234082
-0.00988489306673591 -0.0170560149549862 0.421390216349675 -0.446387410370099
0.00282441305235929 -0.0319602865709514 0.76701870377118 0.183589727241575
0.000672815139027799 -0.0147997172159168 0.30976925483354 0.789058178050597
-0.0167194703361567 -0.0319709930316713 -0.26949520863205 0.542783636320107
0.007270058847756 -0.0449637636846713 0.0226509703478199 0.0913799171159561
0.000750018062424565 -0.0438280421607727 0.350476081494693 -0.419575650695726
-0.0280424795103203 -0.0213889410274696 -0.125848470122809 -0.916259032827922
-0.00993476505623261 0.00239345323598921 -0.852070797487572 -0.361832583810318
-0.0277468509368014 0.00968072327746841 -0.564397138547168 0.50416388384477
-0.0227499939537479 -0.00307763368866224 0.0836351737553328 0.51589483906541
-0.00378997105752836 0.00937411028365549 0.282042940456177 0.182578727370678
-0.00635300585617005 0.0133982183513801 0.164894569652884 -0.143036780920998
-0.00856752374058168 0.00906133282905324 -0.121068274458734 0.106565248563572
-0.0264561769736257 0.0038349495400743 -0.188353796195933 -0.154908869734676
-0.0101020182377398 -0.0195461121455192 -0.0939831375339981 -0.441384759877574
-0.00259810487460609 -0.0197138643151923 0.467868754860194 -0.40189407963541
0.00763349233415255 -0.0353904917971983 0.754727948315684 0.266459868548447
1.04995337558353E-05 -0.0165235428630404 0.24232328230478 0.820886448113
-0.0187500203632901 -0.0317677486028244 -0.298994599743539 0.520360938957582
0.00155360263327407 -0.0435139676804194 0.0338170774245548 0.0766199271986846
-0.00557861938560657 -0.0420211433965717 0.330898141578945 -0.44961593191934
-0.0292613291939691 -0.0192255395065269 -0.202637003995588 -0.896682244841901
-0.00685019934355468 0.000409749815506063 -0.872013796082749 -0.272875020671777
-0.0225224027801848 0.00930650487658014 -0.509493442120809 0.553084561711558
-0.0216956372007608 -0.000762653142502047 0.121804480580286 0.508476998866019
-0.00739294043092008 0.00855559136996232 0.2892457245256 0.167708957861773
-0.00582792974452706 0.0106467380969947 0.160809420061875 -0.147328377514266
-0.00585857553021703 0.00774701027237546 -0.12282910975098 0.10014489162775
-0.0278555852469532 0.00342379256597786 -0.183483354675637 -0.16253611265563
-0.00638620616719587 -0.0176731370376983 -0.0623942767700767 -0.439604875432735
0.00383991141064483 -0.0218364493531322 0.509529700890087 -0.360247439878637
0.0128102691125694 -0.0369259083256745 0.738082949945185 0.331913776987447
0.000620128431384206 -0.0149841567554743 0.174309294013994 0.840882640110527
-0.0222581953301801 -0.0262248428425907 -0.326539071035163 0.500293678330044
-0.00708545094911047 -0.038020154275478 0.0422709092601602 0.0628157514318512
-0.0117832219406986 -0.0345625688513841 0.309389639433636 -0.473104401864742
-0.0283750548131497 -0.0148117523427843 -0.266449627675437 -0.873503472037232
-0.00331006159076486 -0.00113241395116324 -0.880004466198711 -0.198488771008947
-0.0182487517321742 0.00799318648385191 -0.456652628658625 0.59064841908258
-0.0204091039777321 0.00334919857112085 0.15452302666373 0.501800714844259
-0.0092682274672725 0.00997270287625358 0.294021128452754 0.154959815674277
-0.00341291813419385 0.00888778709712502 0.155797731270662 -0.15217725717733
-0.00142394502079509 0.00740853962637635 -0.124920358466651 0.0937887762201987
-0.02812796671255 0.00439643099213323 -0.180848952821473 -0.165850742591723
-0.00348605685580388 -0.0147377360877929 -0.0372025322218484 -0.435333468686684
0.00936160765522464 -0.0217441052688084 0.538130240853605 -0.326074405438221
0.0177813786127349 -0.0369041318791001 0.723007690647078 0.382072457428017
0.00183531177542035 -0.00970962763787427 0.127828434358597 0.853925304365328
-0.0266921551817601 -0.016024753022276 -0.345258740707432 0.48451212545105
-0.0177515211729055 -0.0278488089870595 0.0460646546583212 0.0526461509784691
-0.0175112639937455 -0.0237051616789728 0.292400857487519 -0.492534634998079
-0.0254008618118452 -0.00977157674417947 -0.314568276523652 -0.855312859733697
-0.0011513816755931 -0.00297544116834852 -0.885352631131482 -0.142585481861379
-0.0151876039124564 0.00772307533686619 -0.415985121210108 0.615875625120361
-0.0177957660980692 0.0091126238242771 0.178130163383891 0.496930430711713
-0.00924154773991267 0.012177819324111 0.296338922912157 0.145376280400188
0.00204783745233171 0.00805133557106546 0.151591923212517 -0.155137785077282
0.00357765633559708 0.00858510025676401 -0.124564417745824 0.0899198187479494
-0.0261753255694736 0.00640244322796654 -0.180200287836623 -0.168285631593261
-0.000865446097094308 -0.0110589522952534 -0.0208437014658025 -0.431631132452658
0.0123843940052708 -0.0214955435581703 0.557800461818461 -0.307510288801924
0.0219071173817011 -0.0366353848865445 0.714501166711526 0.410521989123578
0.0031865506285959 -0.00181859229379685 0.0990603796135364 0.860314319662541
-0.0325103438336658 -0.00309920525971035 -0.360089558573439 0.473717338194189
-0.0284851211865827 -0.0158766039660053 0.0461622869874832 0.0468853167146341
-0.0215402191452127 -0.00950304292642162 0.279988047803168 -0.502309847951888
-0.021432702015923 -0.00279078039316128 -0.342360566184103 -0.844682047626542
0.001431209930922 -0.00523946553462113 -0.884653530417616 -0.116513161947764
-0.0131335148383469 0.00910954659860486 -0.389986179063627 0.628829020472893
-0.0155523119784026 0.0141068958398097 0.191755341251238 0.49370814335103
-0.00704488848864856 0.0141829528859608 0.296555691949278 0.141940218348595
0.00784049122341763 0.0079001103955248 0.150240565677876 -0.156606146144317
0.00838045857532462 0.00996109262371392 -0.123284825012076 0.0875363283474629
-0.0231548863860362 0.00971392060884692 -0.181835001011211 -0.166689954576137
0.000635934628938763 -0.00717662168303406 -0.0156996959728538 -0.42662662831021
0.0125977435470117 -0.0190595103351986 0.566187599429104 -0.307418566766146
0.0241606668283633 -0.0349882281296273 0.71509219648643 0.409151852964533
0.00647803439342363 0.00783528500513099 0.099035363207285 0.858420803757081
-0.0380014651302139 0.0110107594770694 -0.363031311257528 0.473961485571847
-0.0381139996088259 -0.00248441615550613 0.0421677879253227 0.0443312466095644
-0.0232627008554268 0.00502026341292655 0.273900771801135 -0.501318067781661
-0.016787037784651 0.00446779489381758 -0.34388480953834 -0.845230792808984
0.00309037263159603 -0.00563763129251896 -0.885298400781025 -0.118783822884678
-0.0129527505736446 0.0100838798067099 -0.38746335310916 0.62617388193928
-0.0145339761568233 0.018728843822623 0.194359728546729 0.495519736517669
-0.0037946796147184 0.0177824803019863 0.293696642757885 0.144172586439073
0.0148977935612687 0.00925466052349206 0.148238190681786 -0.157415544970036
0.0130161246023195 0.0117424333776234 -0.120779723346022 0.0867085660377706
-0.0195950013675371 0.0133611363440972 -0.186986945750585 -0.161769766601671
-0.000272790519806458 -0.00411900710339764 -0.0244198256789915 -0.422132698561703
0.00948088660728565 -0.0180644943072417 0.558512355567614 -0.328083298900852
0.0242088735478607 -0.033006008818138 0.727917927049521 0.376924602798997
0.00982732164704394 0.016076659990884 0.123904851999354 0.855396968653261
-0.0414909793601847 0.0257212796861133 -0.356080390126598 0.483647229183185
-0.0454093750775983 0.0096389697960768 0.0341627278306898 0.0488954026641093
-0.0240832426278504 0.0184828285207606 0.278456430353277 -0.494001086354917
-0.0118557568072598 0.0116695179617917 -0.328150012564193 -0.855899712394561
0.00464855223714205 -0.00387765654330257 -0.886226114983586 -0.151093157797655
-0.0145846129231268 0.0126059407373378 -0.405421493422938 0.613001845243221
-0.0132139435204033 0.0225226834735246 0.184117695727902 0.502659142778605
0.00163683962943788 0.0202372503968113 0.289603360671213 0.153466580171889
0.0211061679871749 0.0109340154015425 0.149243363876037 -0.156999425691931
-0.0071754511670291 0.0121404729988144 -0.114831863942946 0.113794400774293
-0.0160328005776471 0.00744855538794095 -0.199804411478719 -0.132988691874147
-0.0148137880293648 -0.0184253735167356 -0.15787696765598 -0.423153444447735
-0.0156942885371424 -0.0132323309167158 0.367551204570237 -0.482071512642274
-0.000757574784725991 -0.0288451153376515 0.764438428122364 0.103736388122237
0.00387098620082908 -0.0110813174858929 0.370581341225758 0.742207150653279
-0.0157949456490501 -0.0263095911846212 -0.233969230516332 0.554496006333687
0.00798809125439089 -0.0400052665805676 0.0113180762957147 0.103608759846733
0.00352259300301499 -0.039056698712141 0.357530162594916 -0.388425271547363
-0.0248026259368736 -0.0187664666003212 -0.0667536529058893 -0.917070341703934
-0.0124603302865723 0.00295013576579403 -0.823799422882202 -0.428291926367779
-0.033547936018867 0.0106506987868212 -0.597632257422092 0.454424805912936
-0.0256040554995217 -0.00321226854030058 0.0538626882879083 0.513268419661394
0.000332406823713299 0.0121010549925513 0.273586191823823 0.191870271864
-0.00389335976483563 0.0158849299743446 0.167465062412383 -0.137836644058001
-0.00850271895530249 0.00990095732502099 -0.116953386565629 0.110212252719565
-0.0215458458793725 0.00593206244355487 -0.194141388200633 -0.142084253465917
-0.0130740759283608 -0.0196519137247545 -0.1307977771833 -0.430993401124009
-0.0100353183047441 -0.016715639036973 0.413923192101869 -0.447511308192762
0.00205330171846893 -0.0328209616778579 0.76105788807254 0.174053754364215
0.000410827555616624 -0.0155305495894294 0.317020770158355 0.777752603353895
-0.017296442867776 -0.0308890651388805 -0.260923309108433 0.538964012454512
0.00668047174248332 -0.0440979056468403 0.0230325692232025 0.0902626708508224
-0.000376986490174811 -0.043966987184066 0.341908756834192 -0.416579274784197
-0.0279162830816934 -0.0207193644688597 -0.133265788400693 -0.906164659449963
-0.00943116781955171 0.00216118139596013 -0.847022803346416 -0.347765762970339
-0.027796653093169 0.00915827817593545 -0.552284531194123 0.504160845581761
-0.0231888259617059 -0.00328014635804962 0.0877142892420252 0.507806553063176
-0.00381476086237666 0.00905569280186196 0.281955485762622 0.178940868705733
-0.00558235737213656 0.0127300484742362 0.162742116033216 -0.142582231294203
-0.00799442653510493 0.00883385937944204 -0.119399947272854 0.105052295274673
-0.0257390157548775 0.00431141005735956 -0.189051534253983 -0.152482377011729
-0.0103999681464768 -0.0198378266884856 -0.0984513839869764 -0.43495152244211
-0.00307554257572792 -0.019648042243885 0.460148390654529 -0.402340498797008
0.00645847801145267 -0.035872954015844 0.750552729838773 0.253977533648578
-0.000924087013374994 -0.0170993910187625 0.245420763044887 0.807436918860096
-0.0188898292194488 -0.0304312892024989 -0.292246184262482 0.516963855764838
0.00118186934054479 -0.0431246433840062 0.0343109611184466 0.0752314670255875
-0.00632909557139067 -0.0415586306480359 0.322526932486581 -0.447568721210751
-0.029609447020037 -0.0184740917249918 -0.210511109537908 -0.884366743238566
-0.00652694358246118 0.000114819307811612 -0.865989125568487 -0.262784325810213
-0.0222990259295579 0.00926705168401286 -0.496129953022212 0.551803759385238
-0.0218942034902322 -0.000149919694434043 0.12595357420334 0.502450322687731
-0.00663274678670897 0.00870121450487196 0.288412208091066 0.162692954394622
-0.0055522246845739 0.0105507470277639 0.158046241324569 -0.147220456090065
-0.00572094013103928 0.00746361316023048 -0.120852652495148 0.0990358721593653
-0.0272333188847982 0.00301872677793694 -0.18413452712775 -0.159236354578073
-0.00626746378394081 -0.0176452150933705 -0.0642129302206571 -0.43406544252618
0.0035306888759222 -0.0210529448310627 0.502691410995198 -0.361630114429058
0.0121035709502524 -0.0370683268905235 0.733956548652997 0.321953153937844
5.59905317667206E-05 -0.0156470607734656 0.184023726965504 0.830227786785264
-0.0219222325821454 -0.025167223178103 -0.318366954719917 0.497097954213913
-0.00695922538011751 -0.0369716905490185 0.0423293433487525 0.0617114826909458
-0.01171705515721 -0.0338034017818759 0.301899168889963 -0.471679384703841
-0.0286211233079004 -0.013995095889034 -0.27335987893009 -0.862325668773396
-0.0038375942898497 -0.00173670317145243 -0.873609447684104 -0.185720903689743
-0.0180262163174436 0.00811444381734672 -0.446054477604801 0.59078681210038
-0.0197604467419767 0.00329046537577534 0.15823654835058 0.493265139464703
-0.0086967973894809 0.0101326126968728 0.29353412712423 0.149687091641196
-0.00331293368585964 0.00835341305983957 0.152430683422118 -0.151568252235327
-0.000992926354661635 0.00772174646735224 -0.122090121584914 0.0931753863021981
-0.0272056512670156 0.00427656838246895 -0.181420013060641 -0.16303276091902
-0.00343724373441028 -0.0147525180293292 -0.0407591066372364 -0.431111545181397
0.00943413467193879 -0.0217108365498885 0.531131287129089 -0.330494395601561
0.016866489944294 -0.0370898075635175 0.720117946864448 0.370441951161567
0.000853354253039831 -0.010406553038184 0.134695624099779 0.843442592411701
-0.0265638234072011 -0.0153137679341242 -0.336870387743838 0.482506391754538
-0.0176515719722721 -0.027647809226636 0.0458595928314521 0.0514452872681612
-0.0170279533213 -0.023148952202058 0.285126713295903 -0.489513461951136
-0.0259896773333295 -0.0086387995452276 -0.321297544939166 -0.8435535879645
-0.00176616922979052 -0.00365901622167478 -0.876594465645208 -0.132764177051746
-0.0143542172383683 0.00845379847448509 -0.402374961538212 0.613407822663353
-0.0172521695115169 0.00933625195638439 0.182175561923592 0.487766201923026
-0.00868844641409457 0.0119770628710271 0.295067486059275 0.140576911823572
0.00244190473234601 0.00706728355865396 0.149289127350314 -0.154539565607135
0.00382638399979942 0.00830517357401067 -0.122857545404656 0.0895797644430012
-0.0259953948330305 0.00611446366714012 -0.179998329016586 -0.164463447689349
-0.00124732526268822 -0.0111190608672926 -0.0256030277465999 -0.425824108090724
0.0123145949372405 -0.0207108785422203 0.551673529636573 -0.309231231671926
0.0206405934655085 -0.0365913032277013 0.710456814328916 0.398535564341566
0.00289377069310263 -0.00259595329360175 0.106149975455981 0.848552660025904
-0.0319950241161274 -0.00223201383126899 -0.349497988527828 0.472518813446289
-0.0281044750262923 -0.0147715135256375 0.0461426327216195 0.0445551088446835
-0.0210248971011231 -0.00942428761907151 0.272666378196082 -0.497974195668727
-0.0213593010671826 -0.00213248707214641 -0.348051476574653 -0.831652980059502
0.00102003978747304 -0.00524978396720993 -0.875212774834325 -0.104291876851809
-0.0128925632715488 0.00905861139427466 -0.380418624875938 0.625866004475184
-0.0155563558466688 0.01425937864133 0.195983099759975 0.48538983960005
-0.00680146325503529 0.0147392069103163 0.295429441778392 0.137631475888281
0.00746162830117532 0.00766030078715116 0.147252031454533 -0.15639677199542
0.00877346161143183 0.0097106331003926 -0.121898203592326 0.0869869468190038
-0.0230597707039356 0.00953807751561456 -0.182455809430106 -0.162860190662079
-3.40252215337337E-05 -0.0074229853974197 -0.0186677217808158 -0.421224599968908
0.0121267794784191 -0.0198888259240987 0.557703707747344 -0.309918676362723
0.0228439030575078 -0.0347977233837161 0.711525965088 0.396622878053218
0.00543871924617827 0.00700373611289062 0.104940955022277 0.849491399223023
-0.0367230005904701 0.0117138411701778 -0.351972091960715 0.472581500724554
-0.0376177257772188 -0.00226478817482261 0.0414686072457519 0.0434178525738278
-0.022287201826287 0.00480138740580657 0.266132908126541 -0.498527387790582
-0.0170449581110935 0.00479167037642362 -0.349974861105834 -0.832352641749008
0.00269735780699773 -0.00543600685875099 -0.877035521526044 -0.107351808500971
-0.0130900610012408 0.0104792239147144 -0.374576355672058 0.623623972602239
-0.014291580015606 0.0189633346839844 0.198029368761425 0.488576468438848
-0.00318729988439911 0.0167070133288196 0.292364009847923 0.140438663264677
0.0145299721031937 0.00839952593158598 0.146687490551565 -0.156366654264912
0.0128988358587176 0.0104673137052048 -0.119678637360538 0.087120706125435
-0.0191180604252925 0.0133349897891055 -0.186849525004089 -0.158437385601932
-0.000103900408193416 -0.00433051369357083 -0.02768088802311 -0.416832843038112
0.00960151351452482 -0.0179726793679407 0.549377705664428 -0.329617604694676
0.0234847149696315 -0.0334629574927141 0.725113100803491 0.366609515986908
0.00935507215219902 0.0162990831871991 0.130788584920539 0.842577186555506
-0.0405077710669523 0.0253418940759292 -0.346710794586698 0.48296626707161
-0.0455171776554956 0.0101778946054675 0.034554422342781 0.0479546270376213
-0.0237171529514175 0.0182223330613921 0.269065549138783 -0.490624800098806
-0.011503280921298 0.012030584052016 -0.331785399697125 -0.843278690773046
0.0042816849869678 -0.00514911519699588 -0.878917911491026 -0.138950645544538
-0.0139409732525701 0.0129295002003359 -0.392757957878957 0.611554822133874
-0.0137122310612293 0.0225611725690146 0.188692360149736 0.493754393265057
0.00126402246764743 0.0198318619036411 0.289116572741083 0.148100876538513
0.0201685923694102 0.0105062587210827 0.146209291802067 -0.155627103034226
-0.00587561459207053 0.0135054647310677 -0.101837685946403 0.122544506878427
-0.0160186540745182 0.00877755410561474 -0.211539568606035 -0.108693158497033
-0.0188745427865496 -0.0175227193255355 -0.200622037662376 -0.400283063143037
-0.0155337474398767 -0.012163325066196 0.304497531757223 -0.520125701033315
-0.0036633578808797 -0.0255496174152926 0.765293589910595 0.016445957329798
0.00456268584353467 -0.0116381878252693 0.442371651096502 0.696859561923211
-0.0175395117003096 -0.0198229954660785 -0.180552228272583 0.579574206374874
0.00361122053169197 -0.0402217815197866 0.0211113345154671 0.10032596747216
-0.00214151519532292 -0.0387944286159133 0.312010649347868 -0.418662972297401
-0.0279346895968637 -0.0102016349360881 -0.163463441791019 -0.89332146938203
-0.0074768914843582 0.0106654615492107 -0.852935301197534 -0.341501985911803
-0.0239368201760339 0.0156956546809307 -0.545910686237345 0.512796730721026
-0.0209581721243277 -0.00355931068311534 0.105499019451277 0.503547524789464
0.00263069798407957 0.00673150613654327 0.291641918061887 0.160049434602542
-0.00297559314658684 0.0132684234264172 0.15193998148325 -0.15389075673056
-0.00762458203023479 0.0114913704172078 -0.104250751399821 0.118929713935709
-0.0222805627516105 0.00685077946678428 -0.207600507252085 -0.119961474908931
-0.0174127227004319 -0.019580029447415 -0.174373190798653 -0.410540058607024
-0.00976519250321854 -0.0162316015272175 0.353428769776077 -0.490618678381786
-0.00122453031799571 -0.0287010827623464 0.772168474408155 0.086956484652129
0.00193095133932231 -0.0154940891470467 0.391416541862658 0.737710061976979
-0.0191620558082682 -0.0248603582666996 -0.207805053340896 0.565026258487446
0.0024550304503802 -0.0439563585587343 0.0315846987326591 0.0854987340129892
-0.00617487961927814 -0.0427736584962584 0.294491289533255 -0.444204221429305
-0.0313423823326218 -0.0121079069682145 -0.229323156395454 -0.87517618095124
-0.00458506027520489 0.00965481394249222 -0.870564465410928 -0.260775231386569
-0.0182835941881921 0.0133815342458809 -0.495711822441061 0.557660057757023
-0.0193951018683105 -0.00404719203765619 0.138506743893904 0.495916550039686
-0.00224500607563764 0.00481818607234565 0.297461388085099 0.144319894329252
-0.00537718419009416 0.0106314950564103 0.147424294356403 -0.157830685333773
-0.00749388907090157 0.0103942240634573 -0.106850879424359 0.114026605566192
-0.026199974185972 0.00664615320966703 -0.202564200562698 -0.129682118811115
-0.0150009554917587 -0.0203351555017097 -0.142077810566648 -0.418003921419495
-0.00321752789116768 -0.0202012619731755 0.406149727561889 -0.454096466808748
0.0027759716280408 -0.0317948634637963 0.769082457224042 0.169037323150005
-0.000331574020147523 -0.0164264587303086 0.326268837991641 0.774313480255725
-0.0206708448431481 -0.0245098782973137 -0.238796368949047 0.547119972677043
-0.00292973882465251 -0.0417160622029736 0.0412457740358733 0.0699910900170417
-0.0123834487535513 -0.0400899595672604 0.271568279972374 -0.472404721078108
-0.031295330915071 -0.0102408524334866 -0.302522060398414 -0.848079219446693
-0.00107787886797853 0.00639138679488492 -0.878265113362095 -0.175065349418167
-0.011947516923907 0.0120256317985617 -0.435390542937372 0.601292920165124
-0.0183946919637917 -0.0016344850889066 0.175452650820035 0.48354215269104
-0.00592492038957421 0.00470566304302235 0.302739865146553 0.127884475576331
-0.00579343179475053 0.00863503110791677 0.14218643911667 -0.162254931888702
-0.00456690443266508 0.00853579340314194 -0.109809394101899 0.108597468108574
-0.0277372537648842 0.00541364268336423 -0.198412394323681 -0.137495148683339
-0.0107027116642063 -0.0184709423030144 -0.110918120083586 -0.421185306839449
0.0038619379270913 -0.0227302428552517 0.450783369486882 -0.417991668158144
0.00715504863502326 -0.0341462674633229 0.761807357608443 0.238026861209922
0.000659607939065535 -0.0145808324654783 0.266415053732332 0.802948167471465
-0.0235522596228214 -0.0185106512559056 -0.266995743770211 0.530325175698392
-0.0109373752326121 -0.0354083305084086 0.0471876265375652 0.0558636720215343
-0.0172339619218138 -0.0325316546257958 0.24751772665324 -0.493676380081199
-0.0302232542474891 -0.0057466473969132 -0.3634077942508 -0.816262601776164
0.00198871288064978 0.00422966820173158 -0.881763266059296 -0.0985600068141659
-0.00874053875715109 0.00977056549234044 -0.381672608101959 0.631017035524336
-0.0160687101452644 0.00239577323648515 0.206983613649285 0.474085587294075
-0.00684642510842266 0.00541219590529106 0.306133138672884 0.11568147055185
-0.00404213205241215 0.00594675257603455 0.136455222783332 -0.165752688806844
-0.000474710519893372 0.00837702814336052 -0.11156612222337 0.103329615291647
-0.0284773499393587 0.00625163918891651 -0.197005042483573 -0.141064295744849
-0.00694367777588243 -0.0165813357449585 -0.0842916765052937 -0.421469929058265
0.00943148516397683 -0.0226281848688825 0.483467256591444 -0.39096000977246
0.0123757592739747 -0.0347808894097433 0.752244610507289 0.287918554680302
0.00205201765639841 -0.00939481890663132 0.219853001724559 0.819135886212805
-0.027238443989072 -0.0085551470040438 -0.287491927022537 0.515710459750821
-0.0202924320617206 -0.0239422837142886 0.049495467111557 0.0456872321430957
-0.0216135023764844 -0.0204686083246566 0.229297578814088 -0.509295336596676
-0.0268983812395371 -0.000666034864405123 -0.407821187190158 -0.793237085631026
0.00444245028690226 0.000581782373848932 -0.877772022663959 -0.043771202492554
-0.00487613887193241 0.00948124127038407 -0.336279968047127 0.652354736150151
-0.0133735389210633 0.00715163112147099 0.230116145734513 0.464059019511572
-0.0070513566583839 0.00692598474144044 0.305571162271089 0.107513467301751
0.00126235415564733 0.00440994045373825 0.133654287558971 -0.169624281098806
0.00527118001343659 0.00840427977107156 -0.113440773030055 0.0990732023226716
-0.0267520340751852 0.00892961938314091 -0.195715391163361 -0.143072737246236
-0.00402178479218221 -0.0128121718216825 -0.0675019974885093 -0.418839447099371
0.0128819032237793 -0.022307263241691 0.507646989180854 -0.375107489709783
0.0162472045238866 -0.0344401092978993 0.746901505406324 0.315244950933746
0.00523287215637372 -0.00116489309148713 0.191422126008 0.828321958425991
-0.0318161426941742 0.00417302123736613 -0.302047003743117 0.508617293589479
-0.0291795625381604 -0.01203164159131 0.0489193572409046 0.0390851557449889
-0.0234032583698621 -0.00624650019692993 0.215628388802048 -0.516411952102883
-0.0224322929072905 0.00488685979888277 -0.431749570580249 -0.779558252180175
0.00661548039420894 -0.000652262922040608 -0.874725873293787 -0.0172788076201813
-0.00299541351245248 0.00938923520673095 -0.311423202685799 0.659322935294689
-0.0110510147747693 0.012219429884247 0.24488463554601 0.463244110492172
-0.00533117766651974 0.00992104884060379 0.30650124361209 0.104028893770878
0.00656136531423063 0.0041764562775898 0.131328723278433 -0.170844356093715
0.00921942895432059 0.00864660855876381 -0.112703440239128 0.0972032405226094
-0.0233288482221474 0.0114259438471933 -0.197397830491822 -0.140396389858785
-0.00269938328375625 -0.00908683212435713 -0.0625707471860994 -0.414718170258227
0.0120912899216242 -0.0212364269684876 0.512406067924807 -0.375478699041918
0.0184017231008702 -0.0323792090707077 0.745134298971945 0.311376611588364
0.00877781394794599 0.00726704942248981 0.193638257176132 0.828883740508087
-0.0352728779479595 0.0189352495070328 -0.304599459979012 0.509655225030189
-0.0369369762843005 0.00208267640629155 0.0452777802868951 0.0387289521648812
-0.0242090068935411 0.00794081269484602 0.211225162202743 -0.514465143657396
-0.0164536462080513 0.0112628006972641 -0.434281748218154 -0.778562716173835
0.00805690607546201 -0.0013893507988313 -0.876828736763716 -0.0199609867734491
-0.00295282158031645 0.0110181696361417 -0.308431415625515 0.658188281071879
-0.00887513864668029 0.0149935754192506 0.245992800081224 0.463152266326371
-0.00125654057933548 0.0123039616873964 0.30428513129808 0.106351510400107
0.0129395146394275 0.00409396995462743 0.129172461351163 -0.170384958540293
0.0140794274761415 0.00975009191006887 -0.111898764058537 0.0963003394724519
-0.0188924138430458 0.0144720433626124 -0.201545141732061 -0.136349279063304
-0.00254041503760931 -0.00583253107586156 -0.0698026010080931 -0.410666418461632
0.00951153157811646 -0.019253141740039 0.503792146365441 -0.393494033372481
0.018285105101424 -0.0318233148563377 0.757876587956294 0.279918261367113
0.0126042599437433 0.0155660788541455 0.216869983386201 0.820563488963678
-0.037383392749039 0.0325769689265207 -0.296556400122347 0.519243983156634
-0.0430679691046481 0.0150474508752559 0.0384760711410289 0.0434382975349097
-0.0235001138586321 0.0209760388639662 0.215972372398596 -0.508310811441527
-0.00994966818995162 0.0184271045275333 -0.417933190425386 -0.79317177381163
0.00951036330420139 -0.000127471496046964 -0.879544116571833 -0.0500861171029779
-0.00459690036259639 0.0132822394671693 -0.328197686200188 0.647386918137562
-0.00763844829414512 0.0192047976605803 0.238802998304657 0.471430113877338
0.003976447745158 0.0134400965195512 0.302117351871337 0.115263854854437
0.0189547117432495 0.00587568724592414 0.130483240083192 -0.170329021734003
-0.00531489730923214 0.0121674886984114 -0.100631748860172 0.120323805306512
-0.0158109056577048 0.0100074460322337 -0.210902267584428 -0.106537289251739
-0.0190138596686816 -0.0169993239826627 -0.200476415439094 -0.394061468369762
-0.0148834928783801 -0.0116972846069564 0.298682680373959 -0.51561342881151
-0.00370797246284681 -0.0250195929471997 0.758084619977251 0.0142041533614473
0.00483703790150598 -0.0123548470799694 0.440013611237656 0.684803082497249
-0.0171062614973178 -0.0188213922909863 -0.172873491407281 0.572893470633069
0.00369727893787539 -0.0383579029473257 0.0217677877223129 0.0977326358920626
-0.00243834860904166 -0.0378043959476495 0.304841994985174 -0.413842416902005
-0.0275397641567652 -0.0107559702168006 -0.168281319090927 -0.880375875748981
-0.00712220935527221 0.0106614510699586 -0.845619224560759 -0.331760245483461
-0.0225642604250042 0.0153312810851592 -0.535618798404088 0.511220446922024
-0.0214751886422428 -0.00364201615273213 0.107641059189895 0.495622935391339
0.00253717459752984 0.0068674438635683 0.289321493499668 0.155232046371424
-0.00385083933243627 0.0127114036146207 0.150128317285573 -0.153155942017063
-0.00765475220479366 0.0109913179361864 -0.102658080283068 0.116852862817019
-0.0215621708835333 0.00788159725202964 -0.206086117090559 -0.117050918633391
-0.0172969485221995 -0.018467342407425 -0.173203743653268 -0.404754457304189
-0.00992901300538645 -0.0166148354368174 0.347256529428758 -0.487445821406453
-0.00180062858633687 -0.0279355139497157 0.762495891819564 0.0847830990738793
0.000868115961366341 -0.0156003132772934 0.390732156318241 0.723582545298134
-0.0186382567373801 -0.0244152530189145 -0.200812932788226 0.558964547832591
0.00172525455344946 -0.0427861466309644 0.0311571238577529 0.0835351326992412
-0.00665448197538252 -0.0412516102322197 0.288538871860997 -0.439802978463098
-0.0308029633538752 -0.0116371399673705 -0.233274322710274 -0.86327784059656
-0.00440664727741698 0.00816632013439957 -0.859893840018743 -0.251955487556693
-0.0178620656100588 0.0141736628734977 -0.486871462818974 0.554263406838617
-0.0192851061265578 -0.00354622206982922 0.139943086393216 0.487310138106893
-0.00202167234158877 0.00413728389868653 0.295822486041653 0.140057396743999
-0.00590870903631021 0.0110332141629082 0.14601997832123 -0.157383180006303
-0.00688889881451681 0.00923415796617432 -0.105556518061011 0.111995415329361
-0.0256667133141298 0.00632165490253874 -0.201722349159487 -0.127498993544384
-0.0142541084785631 -0.0194314427452267 -0.142403344510902 -0.412283363092209
-0.00304026211119441 -0.0194894683109492 0.399720437490875 -0.450240681727808
0.00168407359471651 -0.0317799849693277 0.759784012777398 0.161227435880077
-0.000410953100400004 -0.0164943418788518 0.327117411394133 0.762538966386861
-0.0210295842380441 -0.023626554772131 -0.232414813835232 0.540478454891601
-0.00340682318350782 -0.0407482536529798 0.0408036328212265 0.0681561913296274
-0.0120768270886117 -0.0387936225513566 0.265315263090651 -0.465811854661045
-0.0319704952570435 -0.00877089979490002 -0.305161422192872 -0.833867930661581
-0.00108184136879614 0.00677489621761553 -0.8694441304146 -0.165576695933719
-0.0116823449350617 0.0118181246939277 -0.426401747960987 0.595263915735456
-0.0178420581468735 -0.00165145613103656 0.177006123338422 0.476030036363184
-0.00440027410962725 0.00414734487081469 0.300450554927522 0.124715595172985
-0.00601281137731493 0.00785997051688191 0.140576842155871 -0.160635438662069
-0.00469949487287767 0.00803907754906723 -0.10795824028465 0.107734158288065
-0.0272124582837693 0.0054920162550561 -0.197856718100343 -0.134537748531146
-0.0107806824985318 -0.0188200695394208 -0.111049000487092 -0.416764286959299
0.00419906746692845 -0.0217337616720916 0.444184614004443 -0.417171753885257
0.00638131539593181 -0.0340097797501844 0.75283770407562 0.229893739676613
0.000232774283944697 -0.0147043079149817 0.268333070741148 0.789593868154996
-0.0232490685331968 -0.0179312338372945 -0.260491446583969 0.52462884683541
-0.0113014336619344 -0.0344689164583851 0.0459427910449388 0.0545298059934943
-0.0177215323314688 -0.0310274451100617 0.242869572529206 -0.487839821639652
-0.0300177215286608 -0.00476649339025176 -0.36214932313855 -0.80595309611728
0.00200587193151166 0.00333834939575035 -0.870481920646481 -0.0914465262419993
-0.00776454510934043 0.0106682429825104 -0.37063655579598 0.626925591948396
-0.016008201591818 0.002259925260422 0.207030430686012 0.465149131324132
-0.00645700789623234 0.00509095784105451 0.303856804486969 0.112009774880079
-0.00382581857233946 0.00592997899877272 0.134779112674596 -0.164726820673616
-0.000193226820754165 0.00718332679237783 -0.110349085691641 0.101767490071738
-0.0275862147224448 0.0063091268149055 -0.195788638363873 -0.138248465605554
-0.00728610660868765 -0.0164318174011441 -0.085047216753505 -0.41569542007586
0.00909085111107299 -0.0221445051006981 0.476048897998609 -0.389489664825567
0.0110915787847769 -0.0347647090730334 0.743768675443707 0.278627557227857
0.00187861352598185 -0.00972418691362175 0.222730084831214 0.807719888520218
-0.0262330701926138 -0.0081387679587719 -0.281043391291888 0.5109244614393
-0.0199673229965498 -0.0244258084503918 0.0494410349431221 0.0442846748624935
-0.021037350329936 -0.0198765417196363 0.223572365946859 -0.502932729225529
-0.0271467428478748 -0.000619206185386235 -0.407819582418897 -0.781472395578924
0.00376907453437218 0.000724156599058832 -0.866689048477481 -0.0363748255271089
-0.00467857726050775 0.00920101176537952 -0.32771793497186 0.645111943534749
-0.013631394091422 0.007409099165899 0.230994616983098 0.457452113718115
-0.00676044115167827 0.00711604104234926 0.304539380777102 0.103440315756926
0.00114713064580699 0.00417912206027788 0.131402528513649 -0.167751306362931
0.00427751258987674 0.00716391233114198 -0.111752875573053 0.0978842248698951
-0.0256197149128658 0.00808586422879922 -0.194657477133942 -0.14075213762078
-0.00402251757567337 -0.0128780135457102 -0.0696477364396249 -0.412460466195035
0.0123037205226693 -0.02227158290293 0.500022146781505 -0.372082988536206
0.0151027238457258 -0.0347728189651249 0.738162046440212 0.307842465958803
0.00427813726534004 -0.00182779268181077 0.193711502543039 0.8161933501422
-0.0308911791137957 0.00492635458018014 -0.293389716303138 0.502914900262311
-0.02859978270811 -0.011841490139489 0.0490853890229434 0.0386948989886042
-0.0237149355952048 -0.00651062212872505 0.210529120843711 -0.509966118011158
-0.0220655188200365 0.0054137169181071 -0.430774795976064 -0.766829473235124
0.00702284361389618 -0.000718280769972547 -0.864705874182396 -0.0108259703861706
-0.00263957062490235 0.00947828624491796 -0.303220019196447 0.653447031424779
-0.0105963918606722 0.0121817696532343 0.24397316997644 0.452859941176003
-0.00487761078844545 0.0091841541497084 0.303690323027387 0.100803007877559
0.00687680714141709 0.00358705344904481 0.128818470791637 -0.168935087697199
0.00914145974210999 0.00814336163915994 -0.112272689541917 0.0954451130989774
-0.0224650311575449 0.0113980776602949 -0.196528799943208 -0.138235262015825
-0.00280870207572679 -0.00936266516363741 -0.0635762005605344 -0.40983555464598
0.0127875171037857 -0.020237990348019 0.505368054827268 -0.373421751075044
0.0174027178188846 -0.0321903447740037 0.739740298926185 0.304178841924961
0.00774184656033966 0.00716642954305738 0.195325645154976 0.815484880265183
-0.0342432584804508 0.0190629014595004 -0.29702192219482 0.503781241468137
-0.0365105243459545 0.00209613252778385 0.0448327161349622 0.0372338217406752
-0.0243323475968412 0.00812551814120691 0.204593032288191 -0.509821137276272
-0.0161160556456299 0.0116168730844637 -0.434331726901012 -0.766767622415752
0.00808843078724636 -0.00137666501699842 -0.866171780108804 -0.0138533057403479
-0.00245615820385884 0.0103635757479901 -0.298569174548363 0.652090390253315
-0.00951374810364096 0.0165788292066069 0.247645604688751 0.456366804761799
-0.000948886483304384 0.0121551210241971 0.302135024167 0.10297268059623
0.0125885492129974 0.00448075832875585 0.127710478941912 -0.169594682334981
0.0133465303041822 0.00867134017831772 -0.110409334850816 0.0948763605331485
-0.0186343812138144 0.0146707944829405 -0.200988024120708 -0.133630747485907
-0.00316214090551971 -0.00590902422165977 -0.0716857443894783 -0.406317118424661
0.00959022997672698 -0.0194278936152798 0.495668370971127 -0.393871779221307
0.0182555016673364 -0.0306717412486794 0.750003807197855 0.273962098762235
0.0122897132844644 0.0156999199979012 0.218036699831857 0.805685042346281
-0.0360112116984019 0.0329620016107449 -0.290368822565214 0.512486537522702
-0.0431121357198252 0.0147456390652807 0.038022037282799 0.0432593432570786
-0.0227911800163781 0.0213476136269936 0.211036949877634 -0.502465405525495
-0.0107043516866428 0.0183645452733097 -0.417534489596009 -0.780713494571162
0.0100981628320197 -0.00119368660461493 -0.869133271434489 -0.0446257742414491
-0.00408552439944251 0.0135820437325925 -0.319586239418532 0.642623156982774
-0.0074715163153843 0.0197290758473254 0.238222764870925 0.463099427255852
0.0036856366856123 0.0132946366858492 0.299568730672745 0.111486173475096
0.0186688747097096 0.00458327510087377 0.128687996658073 -0.168348597371916
-0.00520504239323259 0.0120116347464321 -0.0997113036053581 0.118084544826537
-0.0157799180669497 0.00891786839447504 -0.209629331719926 -0.104973338504566
-0.0185840621592157 -0.0174602894761303 -0.198812739230848 -0.389020074255494
-0.0145558349080627 -0.0113855815014855 0.294572791403952 -0.510089004277765
-0.00453203553282025 -0.0249215322059502 0.748318026842307 0.0105416370077177
0.00408194928532416 -0.0121404900049562 0.439303429342599 0.674771140705436
-0.0170275926365807 -0.0183534209722893 -0.168196252402795 0.564437588021514
0.0038186329488994 -0.0381063170495799 0.0219057631423367 0.0967144437826586
-0.00211141980773502 -0.0373866245091904 0.299149363366556 -0.409633257553501
-0.0285577218560655 -0.00993827801104315 -0.169442074951368 -0.868582844976438
-0.00729583481201257 0.00981978543566952 -0.836965389457739 -0.32484121111467
-0.0227840824506006 0.0161375071277672 -0.526036490323056 0.506860002298858
-0.021355440563709 -0.00315279273282037 0.10710487287708 0.487747187267356
0.00288494400030275 0.00529804475558593 0.28720860564484 0.151848936476755
-0.00330486806083052 0.0126205745221954 0.14917054883279 -0.151533689112496
-0.00735002471527966 0.0105964629914606 -0.101392061452184 0.115541920778792
-0.0209599287230293 0.00721686499627424 -0.205233334446473 -0.114838474944355
-0.0175007111137803 -0.0189302964278654 -0.172177214809612 -0.398309234482533
-0.00942303316791504 -0.0154778821341515 0.341674633493782 -0.482175153289443
-0.00199254385768988 -0.0282089410239473 0.752674927501876 0.0776290388603531
0.000398664324639821 -0.0156129097238196 0.389051157128341 0.712475486867638
-0.0186927484313679 -0.0235632111619845 -0.19763443433686 0.551139335252038
0.00212206463527091 -0.0423227692043871 0.0307196125010981 0.0824625497695022
-0.00695029579480038 -0.0405580298345821 0.282674547364019 -0.433970933678315
-0.030334956785483 -0.0111491299696787 -0.233190495482757 -0.848682409835729
-0.00444945468629246 0.00859827613575874 -0.850391614240592 -0.245941532468409
-0.0165459212461374 0.0145876822805335 -0.477170166070318 0.549736261542081
-0.0196505897592387 -0.00264422376612965 0.140970313223537 0.480684631885495
-0.00199157301939908 0.00387260630040655 0.292370109437524 0.137689353840003
-0.00584831543755698 0.0102255129935245 0.143607278318953 -0.154914383445424
-0.00651663384872878 0.00875821611024643 -0.104251558394821 0.110732506440038
-0.0249844936807677 0.00654140915342279 -0.201141296730916 -0.124932330280111
-0.0142106812614621 -0.0197470750364864 -0.139975367733094 -0.405419221216684
-0.00235238141962383 -0.0189739801536622 0.392790667905025 -0.44730593330056
0.00180752672349922 -0.0314996081336745 0.751874950346798 0.15715883533699
-0.000770944930600518 -0.01693560025781 0.325116404941426 0.75047553985938
-0.0201544845002907 -0.0226154212005217 -0.228299477011309 0.534385167083081
-0.00351262379858904 -0.0404038982384912 0.0398619495883173 0.0663034608698973
-0.0120433401348582 -0.0382159588442351 0.259536808860316 -0.460873755798637
-0.0313767549227091 -0.00932477823936076 -0.303494495818092 -0.82130668483815
-0.00116490060751804 0.00585387461529351 -0.858691538750159 -0.161499722720469
-0.0115777250353473 0.0122186446966912 -0.418421231813815 0.589362396187852
-0.0182286899963326 -0.00100453653893598 0.176081822719585 0.470370962225693
-0.00460972764031725 0.00388301319606218 0.297894076531034 0.122505534695846
-0.00628690612816923 0.00726060773908636 0.138279557324441 -0.158878765436314
-0.00451741084083408 0.00736928452949136 -0.107018044302685 0.105202497476556
-0.0274779971596136 0.00594469468336628 -0.197197551411604 -0.13199458858588
-0.0108091653789808 -0.0185411111156713 -0.109854582755388 -0.41071530609439
0.00418811617278833 -0.0202681361145423 0.437716942859515 -0.412031725487465
0.00602710371013566 -0.0336982624520793 0.743852261371498 0.226054485376941
-0.000572135924622949 -0.0145186967350189 0.268434665442089 0.779257313852857
-0.0233875833543142 -0.0168519686396845 -0.254434563384361 0.51767502612388
-0.0109941756800829 -0.0343720449126149 0.04581902243802 0.053151099602013
-0.0171878137627778 -0.0308025998351481 0.237511414255875 -0.481576225520016
-0.0303199081235024 -0.00473224510075075 -0.361742423432175 -0.793196436953301
0.00160376313436225 0.00270755672733135 -0.858274754572352 -0.0858050928553216
-0.00696715960849247 0.0104115032836486 -0.36306299592743 0.619969451691649
-0.0162696480083095 0.00213931954676464 0.206926842540221 0.45964189729143
-0.00620213848537727 0.00485428503677574 0.300731213912157 0.109271755685786
-0.00363535874980138 0.00521029125603305 0.133337874438798 -0.162555450080652
-0.000260139571126999 0.00644072056572976 -0.109707120078562 0.0999136816340173
-0.0274562747327932 0.0065551956349001 -0.19455176919138 -0.136197290009189
-0.00704241877711611 -0.0161095192279121 -0.085152341289858 -0.410021757560232
0.00947404142177074 -0.0215998320199849 0.46832845991123 -0.386856011455257
0.0107452995723978 -0.0343439343894811 0.735521167305019 0.27209639096009
0.00135882486081314 -0.00937611264735856 0.222641465598429 0.796400341809621
-0.0264300986813481 -0.00726362884965809 -0.273704583754442 0.506928002974496
-0.0198048490994151 -0.0240159924216394 0.0482165082592446 0.0436167292469772
-0.0208225725851593 -0.0198134559645974 0.219368721119394 -0.494894538988271
-0.0268733640410675 -0.000285121000008322 -0.405461202842808 -0.768595253602308
0.00454832974332633 0.000116173546239343 -0.857468979818365 -0.0334243445192653
-0.00458744976812554 0.0092163096076577 -0.321579187372111 0.638140671017137
-0.0134393951167427 0.00784162549561621 0.229957123300302 0.449703925411267
-0.00700109950319154 0.00652954140563601 0.30125040568727 0.101499864559338
0.0012614645202216 0.00411710678934087 0.129756177864223 -0.166207242076225
0.00471194234139985 0.00681954677686738 -0.111879270246247 0.0957272262309792
-0.025180396933917 0.0086891843253027 -0.194050177118025 -0.137687203177708
-0.00454250418588496 -0.0131905760378654 -0.0668245765719652 -0.407544660343017
0.0126520703312417 -0.0215678283580233 0.492830992582977 -0.371101684799867
0.0141589725811945 -0.0341704012518857 0.729950761255293 0.299974565592446
0.00407239141273847 -0.00254206660905016 0.193696482172072 0.804216767161155
-0.0302929129040647 0.00451670665016978 -0.289434844456297 0.4979167323935
-0.0289012521646633 -0.0105471788105648 0.0481088494563776 0.038193211932256
-0.0225003775533497 -0.00628267560684282 0.206111824762103 -0.503142606525091
-0.0215509172657771 0.00533542161641414 -0.428778392616844 -0.754673092447722
0.0062054477661348 -0.00142971411516744 -0.852511444012974 -0.00617850752765015
-0.00294613505301705 0.0100899915660756 -0.294583085763831 0.647913962981941
-0.0106128665481358 0.0119621701669425 0.244399255199657 0.446820596356902
-0.00477846754926783 0.00851397952086945 0.301754042553897 0.097592870854603
0.00588321075966894 0.00323047092766911 0.127304633231169 -0.166339869882918
0.00928996268097538 0.00706498446643146 -0.11154882384639 0.0939145696433058
-0.0222362602198963 0.0111389523643943 -0.196018098176971 -0.135663001557055
-0.00336929549090676 -0.00934232540237255 -0.0630650287619495 -0.403891913426714
0.0123201443400755 -0.0205895384645491 0.498328106847773 -0.371368845939104
0.0161450209612242 -0.0325444275110654 0.730184519667249 0.298682021643009
0.00712748359278369 0.00632347845651376 0.196324412548862 0.803974905798909
-0.0338355060942226 0.0187363578498432 -0.291368408435099 0.498564020900639
-0.0362184739269862 0.00272654554478896 0.0442904005746828 0.0377738771573078
-0.0234142795204621 0.0081136488687259 0.201081883177446 -0.502661079437537
-0.0157556299667952 0.0115676272876278 -0.431780071485803 -0.75617526731852
0.00818461254958234 -0.00232675611819703 -0.854945136285563 -0.00969647090493479
-0.00244543994303168 0.0115103384653361 -0.290326400866643 0.644106616739295
-0.00890206420237956 0.0153445259548574 0.246091180047031 0.449057557997116
-0.0014298392478408 0.0108026165567467 0.299122234951575 0.100442181991339
0.0120965777846881 0.00337965624060701 0.127078809982149 -0.167425041262807
0.0136677704814339 0.00908110586611836 -0.109562522463381 0.0939408761152081
-0.0179129082266748 0.014535791427752 -0.19978343191695 -0.131444693180403
-0.00300815280604128 -0.00630333525800294 -0.0705463012534906 -0.40120535533851
0.00949029041012519 -0.0191143135601541 0.487884431197745 -0.389974725125214
0.0167732031074706 -0.0305990545479598 0.739800463855196 0.267441582488125
0.0116510331100308 0.0152253631130181 0.217533999982663 0.794345224260473
-0.0356599281962824 0.0325636747818867 -0.283146740487569 0.507716883825502
-0.0415336832066155 0.0150670331909468 0.0371964665772759 0.0426214324072933
-0.0229852765184555 0.0204080291593828 0.205569730599568 -0.494785088126121
-0.0104773550042246 0.0187818638693791 -0.414165301624846 -0.768967029035501
0.00952661043334169 -0.00156674557232013 -0.857242917749596 -0.0417431768200756
-0.00363519951909343 0.0130908892174275 -0.309743639347376 0.634852674779864
-0.00771255378875238 0.019382917667612 0.237643260260454 0.45601756867032
0.00353030963704035 0.0128656306936904 0.297658322864939 0.108996874717248
0.0177295961262598 0.00458386919235438 0.127706604695868 -0.166421786979301
-0.00545698758972119 0.0118380562451185 -0.0991384184710778 0.116008141210472
-0.0151302585349951 0.00857288441714568 -0.208190044398202 -0.103237963110906
-0.0177850727597055 -0.0174549416317918 -0.19446924022402 -0.382967501662983
-0.0134816967225741 -0.0109113441450191 0.290247849160653 -0.504978447086048
-0.00429794552243809 -0.0245967984954899 0.737882615158056 0.00778244820805122
0.00360564654561351 -0.0121989006362838 0.433921212427841 0.663543726500764
-0.0168208067734017 -0.0176712070045339 -0.16620547171193 0.557768927591811
0.00315603533143739 -0.037838663959379 0.0209092106247985 0.0953637500486203
-0.00283768667010334 -0.0362468598063609 0.29630699282767 -0.402565328951834
-0.0278349720104098 -0.00978732560799795 -0.16782879927455 -0.857119867536059
-0.00739897135542837 0.0095790307763368 -0.825676600397287 -0.319221002003863
-0.0220429146015219 0.0163591752214688 -0.517883551997258 0.500787243777608
-0.0209153902242698 -0.00254704373247485 0.108012964124298 0.481690293996315
0.00272730524423972 0.00571006450379808 0.284725111038278 0.149705216868666
-0.00332093049037136 0.0117812362018121 0.146486552244752 -0.149394440420005
-0.00781593471466568 0.00925398468326808 -0.100866784978658 0.113834218079053
-0.0210876079882177 0.00771889200475534 -0.204927243316155 -0.113779643981447
-0.0170652250642259 -0.0188781165376548 -0.170639093824982 -0.39249648512369
-0.0087460938136591 -0.0149126404942991 0.336835042730345 -0.478927886709862
-0.00240337699292896 -0.0282878040451742 0.742702611551572 0.0765926949040636
-0.000256904084459163 -0.015718515478312 0.38617635168614 0.70283451225561
-0.0180854336796567 -0.0223217791903475 -0.19308892024256 0.544788346132378
0.00210977377012812 -0.0418303813298926 0.0303513916313946 0.0811833943745577
-0.00659507625508182 -0.0402093547918128 0.277826972539262 -0.427616261736559
-0.0311674679208442 -0.0105298859703513 -0.231010950260693 -0.838810836453966
-0.00459017871180445 0.00786550106313046 -0.84127998249202 -0.240881123204829
-0.0162498283148811 0.0138900178894306 -0.469077901070355 0.543827672457388
-0.0194854203634034 -0.0026042442591526 0.140804264772797 0.472596437040609
-0.00111955029054099 0.00432940617956299 0.29033147627582 0.135058042300044
-0.00575562390699138 0.00961210696706813 0.142348178541421 -0.153397775180919
-0.00670485335321577 0.00824784263657471 -0.103623795221652 0.10833020716961
-0.0249588675369165 0.00645906700240663 -0.199298668339348 -0.122809812284415
-0.0151022232290462 -0.0200452118587731 -0.138977639761203 -0.399939057878386
-0.00199480351067111 -0.0188542009204731 0.388174228301626 -0.443698944345719
0.000593023372086719 -0.0315880295093568 0.742577029447201 0.153592289438014
-0.00097368085525596 -0.0167678704270033 0.322930390215692 0.739348068312787
-0.0203743076041489 -0.0210929879594055 -0.222680515498367 0.528350075415187
-0.00307352983497239 -0.039645975182878 0.0395646400670276 0.066133542276022
-0.0122816218480293 -0.0377747019085211 0.25691287075181 -0.454024803448273
-0.0309795140337683 -0.00936948293205577 -0.302145730058693 -0.809047685808008
-0.00104497468530662 0.00512740404806496 -0.84857007232052 -0.155779176748712
-0.011645789337183 0.0124004419672075 -0.411807477498141 0.583214947278254
-0.0178678940773912 -0.00107221641208884 0.175148136135488 0.4635618607837
-0.00503639394732409 0.00409889067840844 0.294387834826487 0.120308971880266
-0.00571610368618803 0.00697353562146467 0.136779007966143 -0.157440186728046
-0.00452947617841876 0.00687720061790016 -0.106073431725905 0.104261353045499
-0.0268772137238951 0.00606346833405918 -0.195950535915507 -0.130067086967236
-0.0112150591053238 -0.0193558772815736 -0.107741299460727 -0.404265312252836
0.00479263112728392 -0.0207634524980404 0.432716569270298 -0.409444853684476
0.0049312803126787 -0.0337166934456615 0.735612548832574 0.221389924688428
-0.00110993035888018 -0.0147809890390364 0.266769951742511 0.767067582368196
-0.0229435710901539 -0.0161640244667902 -0.250604154303435 0.511541619855406
-0.0104785738580095 -0.0327413301769793 0.0452478473304592 0.053297361059805
-0.0170547489596739 -0.0304835376594165 0.233463339753183 -0.473846529033912
-0.0297515121969409 -0.00481003525237431 -0.359593627247219 -0.780354845022935
0.001784307167269 0.0029901233001222 -0.848414885200747 -0.0840883866221598
-0.00699197649412782 0.0108880382696159 -0.356943333737963 0.613691956260991
-0.0155603498651465 0.00275752426624372 0.2061851515904 0.45316510358001
-0.00668221784503533 0.0048137811980872 0.297526955335783 0.106933480680587
-0.0033498168123115 0.00501518570216369 0.131746405419302 -0.160827082592396
3.55317303488603E-05 0.0055359285522484 -0.108699752707649 0.0982710722173475
-0.0268434146533534 0.0064255622585396 -0.194081250571564 -0.133691910802047
-0.00716673594380361 -0.0160357010540572 -0.0836919221479101 -0.404671320142279
0.00972529968617 -0.0218919708341595 0.464657317837966 -0.382201660186542
0.0095153229569334 -0.0343245496437993 0.72700510071398 0.269332114092358
0.000552429218948602 -0.00976041374117 0.220181384261815 0.78366938299653
-0.0258999329561304 -0.00693940610514249 -0.270246767184855 0.498927416982869
-0.0194443246311822 -0.023196542907923 0.0470796973081428 0.043191273600671
-0.0206824531755324 -0.0189070362421648 0.216624543058821 -0.487559975861479
-0.0263807031341644 2.59834074014809E-05 -0.401530383477994 -0.759501571296353
0.00382388574041041 0.00057929380064152 -0.845240578312096 -0.0318274632200106
-0.00421739491864059 0.00974313538664435 -0.314101381951544 0.630639200724141
-0.0140516068369409 0.00747147009190099 0.227290618173455 0.443393776780729
-0.00629362438785911 0.00657890212522991 0.299106812907818 0.0992195146071095
0.0010893238615384 0.00323012985256149 0.128444406383979 -0.163356436115926
0.00425414599039102 0.00611434445406693 -0.11061276630606 0.0947628944620032
-0.0247755028269445 0.00830007801486866 -0.192595763672398 -0.135263156719199
-0.00454869655713067 -0.0129534727133809 -0.0687750564289831 -0.401313286704954
0.0125178945012088 -0.0216403449330381 0.486735605230728 -0.36706158065004
0.0135834349398699 -0.0335227451240403 0.72055455778412 0.294793547228015
0.00335878802200023 -0.00278654126662216 0.194460396871675 0.792588845999075
-0.0297385040912021 0.00606367037319544 -0.28431338990994 0.491684099590697
-0.0278149145310094 -0.010363559519139 0.0469705036864224 0.0366747349593916
-0.0227127012989835 -0.00575285262727522 0.202662671098508 -0.495101886245292
-0.0220976746836881 0.00554950380116438 -0.424564867215359 -0.744080760657238
0.00583050024332742 -0.00224572345210796 -0.840959833744322 -0.00549631838935855
-0.00271378899945416 0.00947679113844933 -0.28845183510671 0.638594683323745
-0.0111011988991256 0.0118598530878155 0.241945812625484 0.440365338203215
-0.00467225311995468 0.0081579487690684 0.29911356375974 0.0956670365972604
0.00604000062367552 0.00239800098890574 0.126467465674372 -0.164932848942744
0.00928596842671337 0.00591387964473331 -0.110850425729806 0.0918596077855924
-0.0216605368188402 0.0104953569084177 -0.194011038522066 -0.133348681439377
-0.00336924587171423 -0.0100420189862083 -0.0615969175323516 -0.399070729060295
0.0129753436389561 -0.020277417543071 0.491779370068547 -0.369337990424335
0.0149905743560535 -0.0317532489000028 0.722511248596644 0.292787302011088
0.00630561833361493 0.00563686300954598 0.193271932082238 0.793286292893585
-0.0335254742655563 0.0193834389208149 -0.285938574883931 0.492603846167024
-0.0350526692238463 0.00258130816695556 0.043188286160732 0.0369767601076719
-0.0230762103937174 0.00775694994015398 0.197686166088698 -0.494624608761267
-0.0166133410504985 0.0116259734530276 -0.42685123065042 -0.745640256123102
0.00663438511841436 -0.00267794391098597 -0.843651365122834 -0.00803296051726709
-0.00231292999328229 0.0106588810458106 -0.287608165208968 0.637912201345381
-0.00878940061029751 0.0160571787229978 0.244822784974152 0.441603118326756
-0.000986699938143288 0.0110280792270458 0.296363319887312 0.0985452386148364
0.0115063828414911 0.00255337705168191 0.125308784605539 -0.165371244920269
0.0132220936382868 0.00758294279076011 -0.109272985887708 0.0919650153024371
-0.0178042633608677 0.0140937164321672 -0.198484926654419 -0.128879310122302
-0.00341375180004271 -0.00638222587187749 -0.0698318957452253 -0.395085235664637
0.0101122028539997 -0.0188481000552148 0.484114675294737 -0.386312505080145
0.0158835758495252 -0.0299330526222147 0.731773943211839 0.26350757436459
0.0108477639177892 0.0138990364843717 0.216319879053108 0.783816433440402
-0.0357128347991363 0.0324706210180255 -0.279061906421046 0.500025086504275
-0.041006126575091 0.0148906103334948 0.0363503858172807 0.042241128836744
-0.0226185338151303 0.021002064777805 0.201703019085881 -0.488233037211303
-0.0110784118086044 0.0183163424333944 -0.410586075043363 -0.758521143530718
0.00898077385218975 -0.0011541335815629 -0.847982649825132 -0.0374145561837633
-0.00405110218234681 0.013402533637358 -0.304722944768926 0.62752570681697
-0.00732459393453733 0.0193558727710303 0.237166043215343 0.449955554663641
0.00387492864641377 0.0123072869640482 0.294391382865785 0.106748994933
0.0176410305456473 0.00389895723429734 0.12614202952936 -0.16420233510283
-0.00495636008364449 0.0112570285491501 -0.0991756205042695 0.114350518976428
-0.0143216075961223 0.00903719846595921 -0.206503025798102 -0.101777520264762
-0.0181970638213947 -0.0173469947924435 -0.192751617673145 -0.377646826974827
-0.0129405175747447 -0.0107001878349051 0.288961874113439 -0.499512891235626
-0.00480833973717833 -0.0249059861204741 0.728561970960591 0.0097672775762598
0.00258497564537414 -0.0124992161483137 0.427107776986307 0.656096974960141
-0.0163609614055181 -0.0173496589110126 -0.163562168970486 0.55141195967364
0.00311700889372724 -0.03694882838634 0.0204704816061575 0.093724391668934
-0.00235592730178166 -0.0358070128220585 0.292542425097767 -0.395354908388562
-0.028278172583911 -0.00909163250215998 -0.166107087047275 -0.845625989772643
-0.00734006596687375 0.00882580415356956 -0.81466284597478 -0.313216301550213
-0.0216830452209058 0.0162674648739161 -0.510733702112848 0.493991534772682
-0.0204805830257183 -0.00249330937001768 0.106993121218891 0.47622996001271
0.00225244044221177 0.0050783106879411 0.281946363027027 0.14854250762462
-0.00365016623925918 0.0113749611914667 0.146499204218222 -0.147655887831713
-0.00723091131811893 0.00955649499281947 -0.100432509943538 0.111234289726803
-0.0201532949851479 0.00712414235645671 -0.202631684135244 -0.111881351777939
-0.0169731862645151 -0.0196297715017094 -0.167445725324989 -0.388088027965232
-0.00794303235293994 -0.0148374122977212 0.334290384661161 -0.472975814955148
-0.00233557648587721 -0.0278993260554962 0.733165261904492 0.0775869675134821
-0.00107128803065206 -0.0157698544933286 0.379488478461618 0.693148080085944
-0.0172993788805946 -0.0223866278266762 -0.1907995754311 0.537660155646349
0.00219480039701646 -0.0406860180966427 0.0294494560637375 0.080339850518485
-0.00670341252271459 -0.0392141458439922 0.275574646916622 -0.42235084568224
-0.0307890274045658 -0.0101614222275271 -0.226617130021748 -0.826486226503003
-0.00480500792218653 0.00827993037351307 -0.82993791618628 -0.238339410750331
-0.0161145104703036 0.0142490498244748 -0.462782071888661 0.536621081622881
-0.019799506701943 -0.00262013496086285 0.138295635196604 0.466361539812601
-0.00108627339561744 0.00422555892777685 0.287767452324214 0.133620977915174
-0.00497715466598267 0.00876325505988059 0.141680355532482 -0.151603440284165
-0.0065522704309117 0.007419492818523 -0.103612668052692 0.10628819321431
-0.0246493769972776 0.00666787403534291 -0.197257735165821 -0.121171296723926
-0.0144290447769666 -0.0200081788035791 -0.136513561539076 -0.395118107478107
-0.00164848585263422 -0.0178777152459612 0.384602960317182 -0.437245105683368
0.000431721696892503 -0.0306779725291741 0.732636162250756 0.153692454852964
-0.00192939170566708 -0.0165623269817149 0.319209188496907 0.729182903997482
-0.019871739843445 -0.0211100662839522 -0.221884437441111 0.520648496880515
-0.0028671626533039 -0.0393267817697594 0.0381757263923931 0.0650002823434089
-0.0119795335352948 -0.0374010589763778 0.254381448451191 -0.447619865705253
-0.0312762757276439 -0.00867209120744112 -0.297047902463012 -0.800345717459338
-0.00239904352632515 0.00515242377884799 -0.837947783677947 -0.155201309619381
-0.0110365815058163 0.0121374634281286 -0.406728277790942 0.57608347878198
-0.0176979134323841 -7.8371859898365E-06 0.17252359112398 0.456546852966495
-0.00490038101638662 0.00360735991332278 0.291653384278028 0.119038903437962
-0.00578784708343326 0.00639268490340489 0.136404086404191 -0.154850263992553
-0.00419726715989348 0.00592430796223267 -0.106717339906392 0.100704306977191
-0.0259105016418211 0.00635404673273586 -0.19446959182384 -0.128070217455514
-0.0106366997968468 -0.0187193232284493 -0.105226729108693 -0.399027675189372
0.00450730405385154 -0.0206124781447104 0.428368957926309 -0.402910448611942
0.0048309119893978 -0.0328165290034849 0.725914764041317 0.218977587358368
-0.00155989474523284 -0.0145406436510604 0.260877029207222 0.756792611195538
-0.0223054966638204 -0.0160507941261317 -0.247950911421911 0.505053630458493
-0.0104937191599306 -0.0334306332880549 0.0440801581404874 0.0526492606241252
-0.0167097930587612 -0.0294201262458014 0.230126414409787 -0.468267342910711
-0.0299742265918354 -0.00409280879571065 -0.353381145721904 -0.771095509197202
0.0012852706186835 0.00282711203073948 -0.838859061146866 -0.083145187347103
-0.00684637617490072 0.0105348591039293 -0.352033731102131 0.605933461868697
-0.0158915976002735 0.0038147707185864 0.203543805050572 0.447748527238643
-0.0068988060849044 0.00455598032178941 0.295065211177554 0.105755198065966
-0.00365130561494397 0.00451036168015641 0.131323863244152 -0.158738153200897
-0.000274223072836791 0.00561770491891421 -0.108860025198559 0.0964781136281154
-0.0262567373012541 0.00653585248964835 -0.192397400043228 -0.133089804540902
-0.00739037119484227 -0.0166404989626046 -0.0814375639486664 -0.400280632500216
0.0100477129500548 -0.0210628679216786 0.459146420132477 -0.378270784063273
0.00955654594502368 -0.0334529174335931 0.717080296695347 0.266625938077638
-0.00013360771690812 -0.00998761656668821 0.217241000801348 0.774212979163814
-0.0252487929881551 -0.00623554476722365 -0.26605824938466 0.491607867261883
-0.0192963424266449 -0.0226563269302578 0.0471932663188002 0.0429511458550277
-0.0199767343817707 -0.0186717215494878 0.214291202599147 -0.482204335486345
-0.0269227396114719 0.000520797518581171 -0.395204490625187 -0.748764523057912
0.00341228998270855 0.00023723571453462 -0.836000806406653 -0.0314683649275178
-0.00380106917204018 0.00938115038679855 -0.310713909428035 0.621782181415026
-0.0130759969271602 0.00728115859250983 0.22508834511046 0.438030598759647
-0.00632307694805191 0.00626710067135666 0.295300629498692 0.0977408849265532
0.000203697557117306 0.00319231347467779 0.128103765524601 -0.161657605739773
0.00441097136087569 0.00549248352214627 -0.110310623700645 0.0922073412766439
-0.0255322063976826 0.00790712936604637 -0.191092937262251 -0.133036833686526
-0.00430289376116238 -0.0132465000856823 -0.0659825480716675 -0.397283918243221
0.0132011593597098 -0.0219146797379479 0.483043299527273 -0.362427127426261
0.0128292796563102 -0.0336283038791835 0.711556951507961 0.292005617974719
0.00251457859784112 -0.00298962331999515 0.190497394961282 0.782709154367917
-0.0290763608374749 0.00673943308256023 -0.280449867364158 0.485213454753213
-0.0271388193599178 -0.0104958203731329 0.0459390855265731 0.037086597884467
-0.0229183171186063 -0.00550420990254733 0.200401164203186 -0.488570684452193
-0.0215146616356207 0.0061927694169099 -0.417859766433788 -0.735896702413869
0.00467264072120456 -0.00193105539557591 -0.831070761233073 -0.00696240479556428
-0.00204266970182188 0.00929599270154039 -0.284691736236654 0.631569901585545
-0.0112715067307751 0.0119842113766052 0.238690273855886 0.434836208082763
-0.00550328149442776 0.00806070010159654 0.295342984688458 0.0948490834003433
0.00560705131107511 0.00250898286381377 0.125698906531799 -0.162849505332853
0.00933705505354555 0.00631585377076238 -0.111260351467657 0.0899384159451436
-0.0216530107398445 0.0115261751445724 -0.192995909592838 -0.132679778077033
-0.00310062466232089 -0.0100328896305667 -0.0597403529097279 -0.395005332289254
0.0130436022867556 -0.0201695734034423 0.488515033865737 -0.364564177844655
0.0150171012129583 -0.0317243256577796 0.713197297713901 0.290537228583067
0.00596833685130208 0.00536130900059113 0.190904206526575 0.782582423438548
-0.0318389679083542 0.019174879710409 -0.283233825759418 0.486003662705905
-0.0354665084314539 0.00291974648798033 0.042436430621389 0.0360345554772478
-0.0232829201042928 0.00812833782184187 0.195849470148937 -0.487051684094284
-0.0160769366128055 0.0121032689626706 -0.419977021352549 -0.734693407691206
0.00710462243031937 -0.00230026829649283 -0.832101942231521 -0.009366512762811
-0.00203978193409977 0.0107064295033977 -0.281777462705473 0.629650539129271
-0.00957816324002008 0.0166008464511229 0.241777584075972 0.437381747927647
-0.00110468279042375 0.00993642848459604 0.294197985370359 0.0983520652899955
0.0111919491845284 0.00322632034994515 0.125269205535735 -0.162667236222522
0.0123773375697313 0.0067124518885104 -0.109145414833456 0.0899571411030841
-0.0174774539705373 0.0137579664992956 -0.196903512359138 -0.127231713467302
-0.00336035313191742 -0.00711151584404745 -0.0668746714718296 -0.389865065188453
0.0106316121123333 -0.0186322788795672 0.478518465274039 -0.381362683723822
0.0156527656259257 -0.0300624575483437 0.722989257591785 0.260688113921516
0.0098594507963174 0.0135698437853992 0.213069308853644 0.7749091861228
-0.0343533815831994 0.0318865289511411 -0.275300954594688 0.494230048626593
-0.0405669087641302 0.014746362126524 0.0357406289829378 0.04192264368265
-0.0214672471823747 0.0200271225056607 0.200110779375945 -0.481526242131439
-0.0102591001806399 0.0182626067751664 -0.406217823457993 -0.749791503215844
0.00882305362796996 -0.0014881738214586 -0.838450759875903 -0.0376379061876405
-0.00319682462335702 0.0128852868041663 -0.300026302136167 0.618987607419826
-0.00755475050874259 0.0196539845739653 0.233593239283562 0.443817177452715
0.00307533195029705 0.0126213756345744 0.292111122623258 0.105251426938268
0.0173504895948324 0.00410658164152682 0.125398649153988 -0.162203872100587
-0.00556437599371308 0.0103697473256794 -0.098739461046762 0.112317542948671
-0.0145214559955758 0.00836057151685 -0.205504697645897 -0.101254727432329
-0.0178343972385123 -0.0174768235280886 -0.188777388717743 -0.37418816989415
-0.0119491070241326 -0.0104783683420595 0.286839603660013 -0.491983462624877
-0.00557894510810398 -0.0244192869395786 0.720149362972438 0.0130748490335455
0.00261015267664783 -0.0122843306064117 0.419275146403551 0.6502613080303
-0.0158947658730326 -0.016168551088374 -0.163179314122317 0.543489345395964
0.00319176764383137 -0.0360630054665243 0.0200051201315372 0.0928572077665953
-0.00242745851673548 -0.0352857721246112 0.289700021236838 -0.388878073903666
-0.0274462307300758 -0.00912783524157294 -0.160848915881055 -0.835745990602382
-0.00717908093556537 0.00861141591520207 -0.806954340072391 -0.313965089331492
-0.0210480505222108 0.0157741947775431 -0.506094377834372 0.488942571906525
-0.0203227147493051 -0.00232824112058305 0.103852479152764 0.469797224298245
0.00286049512182221 0.0046894907579368 0.2783583859658 0.147689579309984
-0.0036391256064843 0.0110319376546868 0.146434259495961 -0.1457995984996
-0.00734140008325429 0.00926185301967025 -0.101341547445815 0.108648965282608
-0.0198184473217937 0.00757923439249123 -0.200688732643853 -0.111558996218517
-0.0175831220343792 -0.0193141147459344 -0.162951151758753 -0.383629868624292
-0.00730369578203743 -0.0146743361899317 0.333677914666364 -0.465985529304089
-0.00357023647757342 -0.0280521494601329 0.725459758463757 0.0793464546173724
-0.000775166081744224 -0.0159067990874765 0.372492836841222 0.685979384326148
-0.0173230760970338 -0.0217350345229018 -0.190582617719562 0.531261062507123
0.00178527893001829 -0.0401987890429582 0.0293171005989353 0.0787761461709914
-0.00610531756442952 -0.0386417601935447 0.274403786289523 -0.415048029055206
-0.0300521149922839 -0.0103561279210955 -0.222621140423472 -0.818206197198657
-0.00550883931837382 0.00748310979905503 -0.820766509616634 -0.238914012321412
-0.01523946821215 0.014347669247446 -0.458605169377934 0.528653951350157
-0.01927406522427 -0.00236170114606764 0.135925527062382 0.462462129908981
-0.00167448478166146 0.0036149649040969 0.284049985705437 0.133537456946722
-0.00571144038699398 0.00866706911597659 0.141158007339773 -0.15004033518763
-0.00651027178427843 0.00726758498081014 -0.103282236847202 0.104121521893366
-0.0237708383968672 0.00624941659863365 -0.195769000533881 -0.12068338892802
-0.0145576364777756 -0.0202139806990954 -0.132410260569073 -0.390989199921663
-0.000731343592934678 -0.0180189020099816 0.382945415565228 -0.43178529074376
0.000138477674483391 -0.0311653539382358 0.725344968446489 0.154658692683483
-0.00196344887813237 -0.0166842463234322 0.313091163582486 0.722369696680872
-0.0190406965145939 -0.0208846283319417 -0.219829368342951 0.514440417243312
-0.00268207349491429 -0.0387048693447874 0.0383888763357387 0.0640608539500173
-0.0112931501128181 -0.0358916761124604 0.253173375484934 -0.440133579454199
-0.0309363709535564 -0.00848773324504108 -0.290152968899938 -0.791505588752128
-0.00200491751293494 0.0050418030409521 -0.828483692228453 -0.153034402753224
-0.0107539486050408 0.0121597509968818 -0.40192577432418 0.567651459311631
-0.0175881083409122 0.000483299313173332 0.170999173547408 0.453698184499806
-0.00474372440674806 0.00315079888178447 0.288629888674967 0.118598475619389
-0.00587385627278459 0.00656174086507108 0.136315289519139 -0.152426528567728
-0.00428967759726512 0.00585325343933173 -0.106414489800093 0.098877411552996
-0.025945583788488 0.00587812736036081 -0.192717520109058 -0.127466226969403
-0.0107809513111796 -0.0195252175123652 -0.102278966085169 -0.395376417720673
0.00513362832576671 -0.0201888297235643 0.426032381418407 -0.397342707922368
0.00441416361903395 -0.0327237784244699 0.71685994397389 0.218511801588585
-0.00211459027812388 -0.0149118698679312 0.256275931474693 0.749633702469038
-0.0215136445913537 -0.0156625684166529 -0.246894958700494 0.497773127723507
-0.00997984988197769 -0.03189097444116 0.0431564048359135 0.0520363319152408
-0.017010931943374 -0.028791516141449 0.230937102703822 -0.460492938836231
-0.0296074856456774 -0.00432318922627912 -0.34745547009112 -0.764906451482992
0.000980071211778628 0.00239411658383923 -0.828614198932187 -0.0832732746125398
-0.00672692724352807 0.0101394659645863 -0.349314747245987 0.597569881024244
-0.0157663284687908 0.00326461179888261 0.20090437778147 0.442403108772053
-0.00628176113357142 0.00403896859502069 0.291938018688265 0.105513873490421
-0.00407685710964181 0.0043760309828903 0.131469582990908 -0.156618446437715
-0.000458440965720287 0.00517814771067957 -0.108061537269325 0.0940941556577112
-0.02617988499449 0.00647111295420653 -0.190899708779711 -0.130362557927222
-0.00708309492981752 -0.0169232366617248 -0.0782193157969474 -0.395822169706659
0.0102905348909299 -0.0211470426867317 0.457564567129205 -0.373780414817077
0.00830327690176328 -0.0333311751042954 0.709702122153956 0.265388144886694
-0.00120496717787891 -0.0101104287162656 0.21087569871706 0.767823038528843
-0.024634293057891 -0.00647384787786227 -0.265547371561424 0.485621404053704
-0.0187615870400649 -0.0225315931667549 0.0459781085007605 0.0422879014724732
-0.0205546884173361 -0.0178004102186602 0.213364338980094 -0.473824083199464
-0.0267252724995738 0.000572060418405271 -0.38815309986485 -0.741438065616265
0.00256441017721379 8.52822968221111E-05 -0.826529853721923 -0.0321121435745457
-0.00383780001486322 0.0101207027847361 -0.306881197464422 0.615469071948661
-0.0141564974857101 0.00800864966106397 0.222097894803465 0.433325169819979
-0.00606285260740817 0.00581570781579473 0.293226467709218 0.0982888338810071
-9.49169125621582E-06 0.00328874197219465 0.127835296652848 -0.1585607128661
0.0038653225783763 0.00454855462231204 -0.11003345407743 0.0901146644549798
-0.0240603737923084 0.00802385752154274 -0.189055701051611 -0.133212427535129
-0.0047453885990827 -0.0140750615344293 -0.0610769134276309 -0.393367782470491
0.0135493064548004 -0.0214428946032095 0.480032275098892 -0.357980652268239
0.0125950394291657 -0.032607379079902 0.703315017881504 0.290555254612535
0.00178926216193023 -0.00313985950010247 0.18642576890653 0.774223691509961
-0.0282280269130226 0.00597506889593375 -0.27822392021084 0.477557954969972
-0.0273394910925726 -0.0105145496244096 0.0453899729312063 0.0366430184831093
-0.0219404737128159 -0.00517282549996672 0.201061118721741 -0.480991274801271
-0.0218733238896341 0.00655922571049955 -0.410867311968344 -0.727157262931589
0.00482107423916593 -0.00213880098433153 -0.822117640711419 -0.0081974328616052
-0.0023966402459668 0.00947705312351232 -0.283252164087426 0.623621954604567
-0.0109790491097366 0.0117703244662501 0.234938289778082 0.430601786622635
-0.00532569169384536 0.00801756547190479 0.2931661923169 0.095506303260043
0.00518729247854391 0.00247924171888797 0.125246816676496 -0.159463046858226
0.00895484748448856 0.00537549601191927 -0.110629683334964 0.088060609248679
-0.0214883126634303 0.0103656329419255 -0.191239283290314 -0.130854943543028
-0.00353363516055851 -0.0104613761303234 -0.0569155376125707 -0.391006245667284
0.0130500503672215 -0.0200213236221115 0.485363643952787 -0.359833906694233
0.0136019831472828 -0.0309746417487055 0.704561665466871 0.290258166031595
0.00497565853761732 0.0056987732655308 0.185676950493436 0.77371070752902
-0.0316794560812501 0.0188015410549858 -0.28028259221172 0.479742569251959
-0.0342944255589219 0.00255692813717499 0.0411456111264563 0.036549623051537
-0.0223795403191042 0.00760030182064506 0.195621311212867 -0.480362749142519
-0.016148364615336 0.0120382305324447 -0.415350722399923 -0.728161335002994
0.00661688288493425 -0.00265478114499783 -0.823491529773847 -0.0107276151979794
-0.00196175250125077 0.0113310007071233 -0.28069160102463 0.621678184618381
-0.00956698460301306 0.01653551112225 0.237754200469758 0.433600986593417
-0.00173817899102707 0.01058041781524 0.291283661908952 0.0977226240012768
0.0113272077404962 0.00290739730988186 0.125388849186459 -0.16041769394692
0.0126548570112962 0.00657590470206108 -0.1095309143186 0.0877217793216062
-0.0172900285791201 0.0137210502175161 -0.195628889403207 -0.125758892846413
-0.00375539498430897 -0.00761217920200299 -0.0639207292463385 -0.387785780135889
0.0109390545146007 -0.0190560305659798 0.474924187323281 -0.376926272242429
0.0147054107914775 -0.0300252747518403 0.713654985520868 0.259393513379905
0.00969953868600021 0.013526576950886 0.208894925802492 0.765187645165241
-0.0335787758986806 0.0320529747815419 -0.273353427882885 0.48740476531242
-0.0399950301738542 0.014585610229426 0.0351929723688062 0.0416795458487632
-0.02237271389522 0.019762085396891 0.200341385391084 -0.473603022752268
-0.0112495264675942 0.0182294459076826 -0.398383035498384 -0.73976909450207
0.00784282741881184 -0.00201670099358652 -0.829334930363639 -0.0392591329465858
-0.00293155154830149 0.0130621779256281 -0.298514687532877 0.6111129324491
-0.00799832581243363 0.0192703596600808 0.229035350959921 0.439539247836835
0.00350443657167233 0.011682527700539 0.288376939062557 0.105825832581696
0.0163954692955302 0.00370068177013299 0.125309042408455 -0.15988563920682
-0.00455764335734754 0.0101105747983497 -0.0994341886646411 0.109662611035459
-0.0139027088163877 0.00888207038341853 -0.203676846768436 -0.101233605621028
-0.0178189688639908 -0.0176809884326014 -0.184585932706934 -0.371520580908341
-0.0120444880303007 -0.0108441095022535 0.286339126654175 -0.488316377270629
-0.0061438627829116 -0.0242579045822286 0.712802933641706 0.0152969002575357
0.0016450056636524 -0.0124947551213391 0.412692656945942 0.6441577054109
-0.0149541374357697 -0.0161783160115903 -0.164732772595715 0.536586817800392
0.00311482476586337 -0.0354624058758395 0.0182354440779121 0.0917088939756388
-0.00264483237300495 -0.0348161643705453 0.28957155517874 -0.382490624844043
-0.0272954336335119 -0.00922062012158114 -0.156517108800629 -0.828881956006688
-0.00807565502008442 0.00839608669186359 -0.798065163914988 -0.31314209296992
-0.0211034325504665 0.0154786189163984 -0.504118184633972 0.48093159925091
-0.0208260029020394 -0.0028011292687874 0.0990859670769281 0.466844383160495
0.00267802754670238 0.00430199409995178 0.275882688695794 0.147411532254287
-0.00343546475220896 0.0106527824103412 0.146510769001795 -0.143256296663408
-0.00689796051915117 0.00818230373440408 -0.100891243185611 0.107332995318222
-0.0195349084238557 0.00725779364352669 -0.199627798189479 -0.111470689891371
-0.0166783017541463 -0.0195366299908687 -0.159588150864726 -0.381137204916944
-0.00654903599133957 -0.0147782098504 0.333459172787571 -0.459824146969419
-0.00389019549573774 -0.0272454652969646 0.716617867262983 0.0804540526458655
-0.00196344067824468 -0.0160451433321961 0.364013085032603 0.682242767378805
-0.0168242573448068 -0.0207459257259009 -0.1907552489472 0.524772536040155
0.00232826141874953 -0.0399332206361139 0.0275507106010038 0.0784489087116639
-0.0061672051940259 -0.0382071100710359 0.273474409146044 -0.408046834718837
-0.030922797320796 -0.0107570040491831 -0.216117849486582 -0.811433256445074
-0.00559996604390474 0.00635429678353066 -0.811943119030161 -0.238096688143437
-0.0157570733469495 0.0136424599075282 -0.45698858264941 0.522779122480754
-0.0188925082238597 -0.00257386196791148 0.132317965303616 0.458019782044447
-0.00194203453419972 0.00363886097300256 0.28231366094231 0.132863061346702
-0.0062720043351587 0.00838444117041801 0.141944040298945 -0.147377136394298
-0.0066235383555994 0.0065004709158523 -0.104104256150381 0.10213735524092
-0.0233542493816991 0.0061630360684684 -0.194982125735023 -0.120336963497322
-0.0141248442773769 -0.0198108214335508 -0.127398404537791 -0.388246681517386
-0.000493487082114389 -0.0176012158414131 0.382387178271327 -0.427055693121253
-0.000278957602500371 -0.0305440819972759 0.716489864706864 0.156988264627717
-0.00317147912051815 -0.0165739436188433 0.305017236297306 0.716537150217372
-0.0185124690628933 -0.0199965012745701 -0.220561800136867 0.508371263020309
-0.00205345767063377 -0.038325877217195 0.0367784220506497 0.0639949089789661
-0.0114555401110802 -0.0357175042681794 0.252765748603463 -0.434501158679908
-0.0312746509786513 -0.0082786017735947 -0.283068947750484 -0.784538875174651
-0.00171190917188529 0.0047325705647163 -0.82065421406636 -0.156545996148187
-0.0100958665903373 0.0118924743121032 -0.401277671903034 0.560835823421445
-0.0174981946885617 0.000161633775386865 0.166963504299141 0.448810041139383
-0.00460252045852206 0.00322359238042972 0.286500639115583 0.117929765637812
-0.00633736055824281 0.00591016249819769 0.136019725898284 -0.150032492412699
-0.00377599021256178 0.00533484734170063 -0.106651497818798 0.096110528530239
-0.0258814766036571 0.00538492796344229 -0.191331717178019 -0.126389362589334
-0.011214119689267 -0.0198832552095864 -0.0981221147669368 -0.391247430065307
0.00561582544173497 -0.0202346805615309 0.425015961132043 -0.392919383902364
0.00396392756394153 -0.0327229513814328 0.708524849781983 0.220560446700273
-0.00291235650895703 -0.0152440130471126 0.24931996087314 0.742366215833521
-0.0205699982948142 -0.0148304463529911 -0.246709115170284 0.492278441354475
-0.00967326661767855 -0.0319822313321067 0.041959750263033 0.0524664368394946
-0.0159666261764628 -0.0289091477764429 0.230172245303333 -0.4542408026057
-0.0295410426680038 -0.00417124181245387 -0.33941815378561 -0.757036341774881
0.000692138579787964 0.00208668237643796 -0.820958715346754 -0.0861177714661013
-0.00606041035052331 0.0102662085751498 -0.347318645844207 0.591710771792282
-0.0162276234213299 0.00300377967651639 0.195850908322197 0.439574703875564
-0.00606624402421533 0.00372545036654331 0.289365800902809 0.105949791428697
-0.00423009165312955 0.004320036476109 0.131589320881197 -0.154297331010572
-0.000672620908186065 0.00442516753289973 -0.10922040091625 0.0922469658260792
-0.0259904668118486 0.00623095481193511 -0.188830439177039 -0.130113222142392
-0.00752765500028767 -0.0170429275762585 -0.0737029574855619 -0.392419731049327
0.0106132590967472 -0.0213093968676443 0.456030237621243 -0.368761344929344
0.00804784467412845 -0.0329672552824752 0.69948043017817 0.26628024237748
-0.00106669702527766 -0.0102086098388077 0.205483558812228 0.758323626843394
-0.0240565806490446 -0.00619356076445876 -0.265983967830071 0.479170399107781
-0.0182851281538557 -0.0224056632194565 0.0444812229274889 0.0425901995341746
-0.0201296855402957 -0.0180693303905664 0.21380488223869 -0.467384725306177
-0.0265480853779673 0.000561263634968848 -0.382090983452945 -0.736499419978578
0.00293841151056783 -0.000333414535196431 -0.81727323114061 -0.0372150131342143
-0.00321477855679074 0.00995904597830184 -0.306278410565725 0.607130842527191
-0.0135263761950462 0.00808584847729148 0.219178351289366 0.431972039838766
-0.00633245661844741 0.00522184909483758 0.291370380722523 0.098762399611339
-0.000101566113614112 0.00254793923917488 0.1277240114591 -0.156236733574699
0.00421345631345715 0.00431259335609904 -0.11145368803962 0.088692302820711
-0.0249361987680335 0.00730478639504976 -0.188083758446326 -0.132242295375583
-0.00538964670803551 -0.0140468428469721 -0.0573245939164766 -0.390804851379188
0.0136503585419043 -0.0208887153382813 0.477283934268981 -0.354357642773734
0.0117238060791082 -0.0325365194502049 0.694922734015138 0.292628586350838
0.000853005180008949 -0.00262714082609818 0.179309779207792 0.767178441003255
-0.0279417669060745 0.0063110326667492 -0.277022849880202 0.471543264693267
-0.0271047511811084 -0.0101005214168737 0.0443359114467766 0.0369705361626088
-0.0214957129227851 -0.00576236431143594 0.201106596937619 -0.473812821425615
-0.0220010845125991 0.00622075210951267 -0.403882832095873 -0.72213624372293
0.0044071134871999 -0.00210705125887461 -0.813966592462701 -0.0118863737801377
-0.00204864716455319 0.00927559239182033 -0.282340800177347 0.616242622756722
-0.0118851990695284 0.0125900765438726 0.231718630070964 0.42763688910664
-0.00499125851083526 0.00784511442647504 0.289679295440518 0.0952277209201592
0.00505569740770719 0.00162955319454024 0.126205314957703 -0.157583918645417
0.00801800606671813 0.00524700772771785 -0.110212275866064 0.0864041362755422
-0.0215244518058035 0.0104398692240513 -0.190054900019348 -0.130580283933632
-0.00419843215965079 -0.0105818006589389 -0.0536672364230957 -0.386332544955834
0.0138258161609477 -0.0202323101594803 0.484395944286032 -0.35454874633493
0.0142097010654779 -0.0311257798875831 0.695362701327297 0.290032893890022
0.00473663280836353 0.00509043163629276 0.179788369158484 0.765916278520651
-0.0309414705683169 0.019383183127132 -0.280470277976831 0.472398962210824
-0.0345727678269373 0.00251334570569378 0.0415685160479689 0.036511882221356
-0.022477500069032 0.00802452767899012 0.196044832469995 -0.47225507540407
-0.0164866925796716 0.0122498883261053 -0.405047733531707 -0.724307859041605
0.00559478559530414 -0.00282073391676089 -0.816460789668766 -0.0126692106308295
-0.00174957311505969 0.0106897018313215 -0.28002585731524 0.614555106079065
-0.00930200080741785 0.0165172401321493 0.233717960739439 0.429025804466803
-0.00133707152353177 0.00992644766805869 0.288430556940692 0.0982372765939026
0.0111948910504143 0.00298858651999846 0.125256307111494 -0.158913669200797
0.0121305767563 0.00609069274732858 -0.109869534739694 0.0865719633315391
-0.0177980153640756 0.0127970379607751 -0.193533996703892 -0.125617755142323
-0.00377891130970222 -0.00767923865268128 -0.0608390405234047 -0.384084572034212
0.0114026105135645 -0.018519481219131 0.472960110252204 -0.374131414629912
0.0144614349511951 -0.0292661703543647 0.705847518994113 0.260381907275239
0.00893388186318476 0.0137647126393724 0.202902101846154 0.757462815278725
-0.0330128324564084 0.031417771650799 -0.272536865789954 0.48021411937542
-0.0399520181428746 0.0139432574236053 0.0341040460249441 0.0413307309448658
-0.0214366786660178 0.0200146875979261 0.198966833973728 -0.467397507368002
-0.0108180556886019 0.0177465936171491 -0.390761246061304 -0.736613027637804
0.0072647861466316 -0.00165224587743364 -0.819026489835927 -0.0426947130038324
-0.00267481800335552 0.0126571425219986 -0.296352851579089 0.605312377121645
-0.00852451176038206 0.0194419254467421 0.225312816589293 0.436298365081713
0.00286705526980221 0.0114728468179537 0.286418916431135 0.106201078919503
0.016455231627907 0.00337713400598378 0.126147886579257 -0.157808829335735
-0.00589061400485663 0.00971092352417258 -0.100193496374682 0.107327477551103
-0.014452612585138 0.00872275089654975 -0.202509360132312 -0.100788228568295
-0.0180588938433855 -0.0182498701544344 -0.180444366474324 -0.370170509903607
-0.0114449656222025 -0.0101500588003592 0.290088291608843 -0.481741850020033
-0.00560928003177203 -0.0240850159572945 0.707989570729745 0.0221431932480669
0.000939531886121019 -0.0126076549192056 0.405982989862231 0.642167043568455
-0.0145850880310092 -0.0155384215143499 -0.166884232178434 0.531105281206277
0.00297241745429189 -0.0350518102207834 0.0174764590436966 0.0916764703999254
-0.00241216089546712 -0.033602710563009 0.288964980903468 -0.376922636743285
-0.0273015033894937 -0.00879730637169282 -0.1485712546851 -0.82226088463492
-0.00825614034202815 0.00816017922371323 -0.788806004500233 -0.315627304116552
-0.0208175291533068 0.015159231218383 -0.502010260549698 0.473276324101748
-0.0202047070627689 -0.00240111746056395 0.0971049437143688 0.46214607640836
0.0026560830305849 0.00406910200357619 0.273648101268777 0.148019143222588
-0.00389843952649055 0.0106986032102672 0.147195974184583 -0.141298875805065
-0.00647482776887223 0.00785630847953306 -0.102279989928702 0.104256497543335
-0.0196233247492348 0.00727588077281083 -0.198143514269515 -0.110768109568761
-0.0170664496027977 -0.0198738096390587 -0.156177560448465 -0.379207768002461
-0.00544189544441756 -0.0143919291734254 0.333317730250005 -0.455581144325275
-0.00388873271771667 -0.0269075157100303 0.711322122357951 0.0863491647379194
-0.00154051419920856 -0.0165500351072357 0.357044105966788 0.678516005541102
-0.0164499928416354 -0.0210373576905441 -0.192837780891106 0.51762005863948
0.00226784201401489 -0.0384811696978129 0.0272949810854797 0.077976504743948
-0.00563548054192166 -0.0375277798469326 0.273985565800901 -0.40247762295573
-0.0300101651706414 -0.00983718639200225 -0.20989270423616 -0.806358819208588
-0.00541700415913805 0.00693850753891211 -0.803897664639553 -0.242594474004118
-0.0154971652028925 0.0141496920688026 -0.455434662625598 0.51483173507142
-0.0198078333756333 -0.00192941710445503 0.127929337592225 0.456296765861636
-0.00134747422421224 0.00246417134921017 0.27915232052872 0.134137200566007
-0.00634279488250125 0.00801293043525884 0.143091317573821 -0.145294421670492
-0.00698660176166646 0.00567374111046746 -0.105122455770577 0.099823549486981
-0.0232890282627384 0.00608899139960643 -0.193500278894912 -0.11985200939304
-0.0138011389873914 -0.0208381714462265 -0.123965115417114 -0.386519910866983
-0.000269390333611219 -0.0173916747066161 0.382961483778662 -0.422192905078132
-0.000408873657058843 -0.0304635214774069 0.710423476637503 0.161211458648873
-0.00260241078409052 -0.0173391363895644 0.29862547437678 0.711444852374411
-0.0177935927955826 -0.0197317196586998 -0.222711399252914 0.502260100913368
-0.00208695674378033 -0.0375140569300226 0.0354435362693562 0.0636736997882847
-0.0108100040557171 -0.0351158495824141 0.253237630352945 -0.426644167012518
-0.0305332342116585 -0.0079232280816773 -0.275623254179141 -0.780210069935078
-0.00251638731977422 0.00418034296158591 -0.811715671179869 -0.16036310612718
-0.010165401288909 0.0120843393883412 -0.398876369589763 0.554255293352258
-0.0174027051476854 -5.94040619055387E-05 0.162832666155046 0.446557053734145
-0.00487923490490635 0.00248098607398231 0.284256430530963 0.118913214606881
-0.00613066424352975 0.0061973978490315 0.13719613063774 -0.148611347791209
-0.00408999604015746 0.00416728197930872 -0.107800766296566 0.095321078715237
-0.0254237211628572 0.00521141427454028 -0.189684901368038 -0.126244201107805
-0.0108125402648934 -0.019883147542612 -0.0953218900812901 -0.390826816248311
0.0062462081498522 -0.0199240919591729 0.425327883899183 -0.388421169978323
0.00381528381824007 -0.0321057845230606 0.701410668823468 0.224636000558813
-0.00300655270721815 -0.0156009277313813 0.240937429100447 0.738180558375912
-0.020655611725489 -0.0147689673437307 -0.247033145780764 0.485456794103443
-0.00895202693141981 -0.0316019001851451 0.0416728964922081 0.0518281869073726
-0.0157155937585435 -0.0283935290228638 0.231916117559421 -0.447485458630632
-0.0303306702717571 -0.00412237979171827 -0.331057754745492 -0.754259770324245
4.85474351146972E-06 0.00204594088467238 -0.815117476196346 -0.0900129427241474
-0.00631180608689531 0.0100345926493254 -0.348526154671925 0.584581960715836
-0.0157224090037332 0.00319336522885372 0.192477932203176 0.436141434122293
-0.00740545587040296 0.0031760374564975 0.287045822167323 0.106596917608993
-0.00401814266518648 0.00408324468669682 0.132813812714607 -0.152300196639324
-0.000565743351600698 0.00425222618931609 -0.109886520369867 0.0897913416367004
-0.0254855696946791 0.00546280259053808 -0.187297855514098 -0.130583830505761
-0.00762827162859001 -0.0175315785406247 -0.0702045395043893 -0.38984896252071
0.0111437521338872 -0.020900458899913 0.456250195917428 -0.364587231307497
0.00769740261752907 -0.0322238360118637 0.693070252871832 0.270085740846576
-0.00149664779582521 -0.0105869455077171 0.199421322315554 0.754340067702624
-0.0234152706686591 -0.00597342778812823 -0.267085440034182 0.472426885446353
-0.0179142698841933 -0.0222006551617451 0.0439909445220765 0.0427366186872635
-0.0202871232368653 -0.01754956372566 0.215983876337038 -0.46164293165936
-0.0265615724164548 -0.000157272213937031 -0.37301500907362 -0.731533087310604
0.00229712658718858 -0.000213480169715119 -0.810839314543561 -0.0411913602448639
-0.00354596013737046 0.00950358343600326 -0.307546959187998 0.600216139761984
-0.0142428226799475 0.00764330481234763 0.214877548804979 0.428835645232338
-0.0065288182536888 0.00536004819207381 0.289030622535594 0.099748588319982
-0.000281983649947805 0.00244957487992317 0.127998786418778 -0.155211651891378
0.00398058818181526 0.00396398292014348 -0.112513949564654 0.0864207826017997
-0.0236412045978705 0.00701326922908964 -0.185992112076996 -0.132954349947526
-0.00497161402089374 -0.0142495864714655 -0.0548543158620544 -0.386373174008408
0.0137805803485513 -0.0205398549829438 0.475182394393417 -0.348049361065089
0.0113739206890853 -0.0321879705594856 0.689090828670214 0.295415082386502
0.000404680545860749 -0.00307825093160015 0.172751780365131 0.760768242554871
-0.0270781296938668 0.00538752036552561 -0.277791910683854 0.465942026960925
-0.0263096233569051 -0.0103876505243675 0.043418621265306 0.0364891586723452
-0.0214756588693538 -0.0054478974975954 0.203284415855711 -0.467121370349697
-0.022091994984137 0.0062925393203883 -0.395857592266438 -0.718537030747114
0.00450450560082195 -0.00233055207144239 -0.807579124463813 -0.0175039095391068
-0.00141743186917839 0.00941942879269574 -0.283610371157534 0.608991737211145
-0.0116213157896445 0.0125140652102722 0.227222316794448 0.42697704408442
-0.00503993313922522 0.00736907752089154 0.288057232834861 0.0965306424758031
0.00475529073542881 0.00204721974829872 0.12722447583388 -0.155630930116205
0.00790506658364821 0.00471654195077323 -0.111280966952581 0.0838858972403408
-0.0213108397773165 0.0107612777529271 -0.188118256950588 -0.130356423081105
-0.00412638689751374 -0.0104706284973907 -0.0489255771703043 -0.383952867583262
0.0143050402577982 -0.0201151684534014 0.48268422057327 -0.349214169247428
0.01370767823936 -0.030510277214913 0.688250726558285 0.292351125164363
0.00395275773468941 0.00478710552615444 0.172980856669386 0.761349216522887
-0.0304386309963188 0.0182868706941193 -0.279252377543355 0.466680612810328
-0.0342836337722762 0.00232547113115152 0.0395442427955513 0.036798157095813
-0.0217373097029742 0.0076090469704058 0.197960662022317 -0.466829897204458
-0.0159532767996128 0.0119439444430502 -0.397903791572676 -0.719476162575073
0.00496734383479326 -0.00302164330809419 -0.810730535960258 -0.0193208398209337
-0.00166816129920234 0.010825300047228 -0.280324330557121 0.606923292065459
-0.00913186049671042 0.0165553025487693 0.229478291054415 0.427960421947055
-0.00197349266986112 0.00884956945954903 0.286466424548 0.0986662145250413
0.0103097599746607 0.0024821411859274 0.125753558943285 -0.155580363526695
0.0119453681420715 0.00560848552570676 -0.111034368828379 0.0837807014520545
-0.017161373892372 0.0130048587928687 -0.191996263269177 -0.126065617920582
-0.00480097078963066 -0.00752630500205461 -0.0578721113046553 -0.380966645204066
0.0113162656284879 -0.0180009789583444 0.474409294961424 -0.366258096377783
0.0137150187580664 -0.0287333438022099 0.698105045051139 0.261790334390455
0.00771812057957269 0.0135209099795158 0.195670835403152 0.752178009640274
-0.0328866674759211 0.0308845159426649 -0.272654613568262 0.474672498205817
-0.0395925036239964 0.0136033139070812 0.0338215542189407 0.0412284584574467
-0.021854680932497 0.0199134042773299 0.203169417800013 -0.461293198613602
-0.0112061871971761 0.0180287059200665 -0.382226036695381 -0.731821953238803
0.00698692141638505 -0.00203336819695981 -0.814071611883654 -0.0473938439918929
-0.0031232930022954 0.0128831343483347 -0.297211994782934 0.59724906406232
-0.0075284121889864 0.0193198059751234 0.221677409997364 0.434787523124274
0.00343249206507528 0.0109835629287227 0.284312287260654 0.10750795209907
0.0158402921163172 0.00330466644545009 0.126936153521691 -0.154951394368951
-0.00520678666785316 0.00891971855914758 -0.102208471600716 0.105645959640259
-0.0139774489817518 0.00865425301722621 -0.201349897465044 -0.102196415239225
-0.0176727728973956 -0.0178501313489922 -0.176209299837083 -0.370063768925608
-0.0103523231369364 -0.0105361284709859 0.292621855535879 -0.477648083746301
-0.00585962889597232 -0.024002510402729 0.703791589411439 0.0292922366679531
0.00106019339882463 -0.012413942804604 0.396763906042047 0.64282782993115
-0.0139646720501989 -0.0155741253410936 -0.17005013491013 0.526202801763169
0.0038773882578548 -0.0351864983665513 0.0166547419526985 0.0914519765922002
-0.00146533466041067 -0.0337426784713664 0.291397589675541 -0.372259269217548
-0.026895302451659 -0.00853537504969308 -0.140806164429904 -0.818757980216398
-0.00838536295216333 0.00737145728317835 -0.781800618996489 -0.322412562706776
-0.0206177922245555 0.0150498135121429 -0.504217490527854 0.468719661815892
-0.0201161685837658 -0.00220347737448525 0.0940939571265775 0.46213028003845
0.00275378269472868 0.00449962872743659 0.27185806132337 0.149709129180339
-0.00452503434775269 0.0101080756828575 0.148974040959692 -0.139465597622716
-0.00638265591869153 0.00744236055949361 -0.104577909191164 0.101887999850598
-0.0195064444478967 0.00633588606983707 -0.19653435876521 -0.112318588753136
-0.0169311456887476 -0.0200551618263018 -0.150636580423285 -0.377793174476316
-0.00584130308334265 -0.0149148292647162 0.336798538754933 -0.451284096673043
-0.00463791224132189 -0.0265860553989004 0.706472873715162 0.0902601833907937
-0.00262329290633268 -0.0163768480178998 0.350559138095713 0.676996820758003
-0.015619996857757 -0.0202863741196935 -0.194866747012695 0.512781526681049
0.00294825378521667 -0.0385513333079816 0.0257223040720518 0.0784525403060038
-0.00566223611361738 -0.0377924110125477 0.276451186331595 -0.395401917106043
-0.0302308936069406 -0.00977488629933432 -0.2007443664598 -0.803594641857521
-0.00634973323928157 0.00649381968332201 -0.798178755753585 -0.247693812009228
-0.0147744007980495 0.0140267303408526 -0.456673019560277 0.508446762977513
-0.0192741648102685 -0.00239988576332338 0.124392995245244 0.453447673139492
-0.00128503412678385 0.0021100430641322 0.276091148531561 0.135255526491912
-0.00564082815478903 0.00753840890580581 0.143226055940773 -0.143161335380253
-0.00618131840965933 0.0055415222280701 -0.106715027673244 0.0975401335812654
-0.0228244565891071 0.00555267418893562 -0.193069644450008 -0.121676832786158
-0.0141554210759621 -0.0205224810654368 -0.11936715162426 -0.38545546181679
0.000463116984468265 -0.0174421799468056 0.384855208107835 -0.417517233758557
-0.000563940736695288 -0.0302176572258226 0.70405657455966 0.16767645099231
-0.00346971284049353 -0.0173157567720965 0.289252360047871 0.71030066290733
-0.017386001424553 -0.0194391958774917 -0.22435293373452 0.495837581612909
-0.00155916817108157 -0.0367567851417776 0.0345009829773678 0.0647992085839987
-0.0106460392558119 -0.0349768553464898 0.256140480124404 -0.421616517726187
-0.0305687909671827 -0.00833423510648905 -0.26808585419283 -0.778512505636036
-0.00226101905460955 0.00407167053577605 -0.807429439508645 -0.166070301798906
-0.00988513902151074 0.0121122012079039 -0.402328867307022 0.547551278684274
-0.0177362488981068 -7.26602531567269E-05 0.159404549802032 0.445422010871375
-0.0050322787483462 0.00193732108463651 0.281842034850239 0.120538586480116
-0.00620601375055775 0.00545051705509067 0.138467056571479 -0.146350510716318
-0.00431414300989139 0.00416109342018112 -0.10865650959917 0.0933576882761402
-0.0256561265163123 0.00534163236466021 -0.188747351113486 -0.127424683272545
-0.01049161881134 -0.0198442673441342 -0.090819552688086 -0.389558658309962
0.00659365129147792 -0.020061824087094 0.42857644412161 -0.383023931930762
0.00322636531874842 -0.0317809434593921 0.694525952140701 0.230045397451781
-0.00357435646057988 -0.0155828435349901 0.234982281753682 0.734930880580011
-0.0198893218531076 -0.014211736177966 -0.248680552036028 0.47934680275981
-0.00916810531689515 -0.0312216710497875 0.0402106610849196 0.0515359470665609
-0.0154980036231386 -0.0280929370110817 0.234854071541861 -0.44138946010595
-0.029769454603455 -0.00365678404136858 -0.324208006310936 -0.751418212952203
0.000176980275066168 0.00184384073299005 -0.8083276649837 -0.0968291513538009
-0.00640716802261261 0.0108180616275686 -0.350272798087401 0.578812275284019
-0.0164658568180917 0.00320418407514568 0.188642936407192 0.436322803449309
-0.00625010199730158 0.00312645722240262 0.285824682818084 0.109852485107441
-0.00465052857227477 0.00342173040756346 0.133680692988783 -0.150354591401887
-0.000103133363327012 0.00373128870302053 -0.111080497061722 0.0888862014296914
-0.0254004390135981 0.00593843779149046 -0.186515852377171 -0.131653397234121
-0.00765269590848781 -0.0177307425764335 -0.06521866819827 -0.388998962528179
0.0112596162094604 -0.0207007314827405 0.455869986045084 -0.357018657543096
0.00763656597374266 -0.0321333153391307 0.685767459522972 0.274223374954799
-0.00260956786742 -0.0114126209725218 0.191176034980498 0.752063274013654
-0.0227497637047964 -0.00563911672467597 -0.267160065209528 0.467433148540757
-0.0175620099791354 -0.0219147416924069 0.0434644440203109 0.0430174721145316
-0.0190319991304281 -0.0175011129745281 0.2179628449987 -0.455185975504219
-0.0269050087965666 0.000947219356425576 -0.365561194707892 -0.730629833779324
0.00180919847339629 -0.000637422137078401 -0.80548846116462 -0.0460064262119895
-0.00289715896295323 0.00903659660893532 -0.310418773579849 0.594966378920963
-0.0140812566779094 0.00809851763395713 0.209932701659448 0.427803855225758
-0.00751736369932484 0.00474154559941934 0.286507707447022 0.101734680763561
-0.000803548379254752 0.00253424026916192 0.130334422017938 -0.152235108942523
0.00390189108985267 0.00325818907753261 -0.112043161419141 0.0837460214227881
-0.0236369406685612 0.00711801907896377 -0.185322699591482 -0.132327833440856
-0.00550450957264669 -0.0147558434343816 -0.0490466562559866 -0.386220684784762
0.0140086608227853 -0.0208349271988287 0.478090025535354 -0.343491535297063
0.0113160289060095 -0.031334332265133 0.682654217786911 0.298857455895151
-3.20987499465596E-05 -0.00283619284599671 0.164589136707619 0.758960348382753
-0.0268019212442642 0.00627453461783405 -0.279292592234468 0.459904624047386
-0.0259433118707745 -0.0104886596892841 0.0434374079372186 0.0374727626685505
-0.0215038458493721 -0.00553150091907989 0.205008884385987 -0.461958725924587
-0.0218362944694108 0.00615670022350844 -0.388108603110034 -0.717084869032102
0.00384313545365323 -0.00243879399486427 -0.804610019242745 -0.0218295392859416
-0.00225389727940138 0.00980903643008826 -0.285944141429575 0.603206673436375
-0.0121297102523877 0.0125917857518858 0.221969247502663 0.424313912779777
-0.00484471010326086 0.00664626868866966 0.285882875753888 0.098983443007136
0.00474910869863592 0.0017819066130926 0.127714494799223 -0.15404342619993
0.00838961872282522 0.00452852103580598 -0.11346130791721 0.0822762228453763
-0.0213212950656199 0.0104072147988689 -0.186145240550257 -0.13120031617924
-0.00402488914519122 -0.0109455882813206 -0.0441899064268111 -0.382983936714919
0.0143404217032985 -0.019660495575703 0.484405167584478 -0.34496141123324
0.0137576724957132 -0.029850284402166 0.681818852139058 0.297373447299674
0.00265365672116008 0.00469912267220261 0.166132267916478 0.758562069980212
-0.0307342893184905 0.0182385195216681 -0.284310408036095 0.460193914715323
-0.0336188342245498 0.00186515813817151 0.0388581644610084 0.0371861879009326
-0.0224867780873702 0.00772257067975566 0.201063181283628 -0.461864134417147
-0.0166281701398523 0.0117094859256277 -0.390185573056846 -0.717899374667345
0.00577367151451773 -0.00354497718142475 -0.804536434255487 -0.0243713684619207
-0.0014034541935596 0.0105735915834678 -0.283480036475249 0.600617238117257
-0.00933414138422023 0.0167532064525295 0.224817183048502 0.42636928608992
-0.00167737689533634 0.00896572245625044 0.285288060482107 0.101556252282107
0.0100701044930959 0.00170485913007811 0.127306394865483 -0.154007820802184
0.0119825403882774 0.00529485271408157 -0.111764630289289 0.0819899288278847
-0.0171100943616305 0.0128717579084563 -0.190936251332597 -0.126727622124932
-0.00464333780617594 -0.00796111527612841 -0.0519767381626403 -0.379709464976916
0.0121333555818554 -0.0184650249841268 0.475600642079707 -0.362720211169151
0.0138299689631255 -0.0282918098597666 0.691722435232093 0.267896856978032
0.00753851486826638 0.0126318505919603 0.187429130081444 0.749612032377732
-0.0326256519201382 0.0311891947242023 -0.275498186744423 0.469595278011636
-0.0395630667105914 0.0132029352770925 0.0324940878570035 0.0420147145630463
-0.0214045067857366 0.0197769315508781 0.205660340478855 -0.454890704331759
-0.0113167776612534 0.0182722940563021 -0.374995327643774 -0.730572812218392
0.00696760295172454 -0.00203502727339305 -0.808830082713444 -0.0534708376411518
-0.00305861846667256 0.0129437050637126 -0.302208260722106 0.591552249025773
-0.00848751793391137 0.0190151216046092 0.216644716576057 0.43461959410078
0.00223865458701176 0.0103937908993743 0.282720919177384 0.109245331879408
0.0154412297539567 0.00287284011060884 0.127653981967928 -0.153333309905189
-0.00535917944441438 0.00769443270737587 -0.103852366907939 0.103784656810375
-0.0141196847316147 0.00824393821159229 -0.20134769849891 -0.104384600316393
-0.0178061057429777 -0.0184516682729484 -0.171572467078001 -0.368080818454317
-0.0100149016435978 -0.0105709789466369 0.295951743664904 -0.473751149297852
-0.00562220675535614 -0.0235327547641945 0.701719278756285 0.0349556631863185
0.00013410878514239 -0.0127928368592633 0.390600990363495 0.642965936830036
-0.014053754234209 -0.0150949945267859 -0.173929130652534 0.521227927050336
0.00468385267600624 -0.0343453495261196 0.01506577925054 0.0910304357260534
-0.000914155862953685 -0.0333273430042162 0.293525084302116 -0.366092832766112
-0.0270156315014671 -0.00884401085633151 -0.133867099394303 -0.816341418930542
-0.00901736303748982 0.00776793503251569 -0.77623149491334 -0.327284238927181
-0.0205137970244427 0.0154749138939409 -0.504999435244823 0.461623722894075
-0.0201120398206264 -0.00226853954801456 0.0882671487345473 0.460031567593882
0.00252931382243988 0.00420044458873995 0.270459492795127 0.15200276493706
-0.00475829054749093 0.0103527362145011 0.150233458280501 -0.137228659742405
-0.0076168315727513 0.00642519370069381 -0.105745681198855 0.101514946007533
-0.0193848156875392 0.00666221019032755 -0.19702114095723 -0.11326954204274
-0.0166341565528283 -0.0211210926108504 -0.146298808869072 -0.378677039337175
-0.00530110011502335 -0.0149573664980202 0.339498443229967 -0.448024323578784
-0.00463619526782866 -0.0268398993517573 0.703254343588916 0.0993600173886679
-0.00265365945519555 -0.0171206969226217 0.342117086874735 0.677310353726042
-0.014803138897336 -0.0201574150060173 -0.199501807695702 0.509525772440663
0.00352352873249291 -0.0385118417937756 0.0241835779215599 0.0780886902493041
-0.00455095872608289 -0.0364952709882234 0.278842800262645 -0.391690145906363
-0.0298791605966862 -0.00985024201474646 -0.193945490048376 -0.799950566190432
-0.00671820960220506 0.00587233116948136 -0.79343409202434 -0.253822344606203
-0.0147521566325005 0.0131090604573795 -0.460882384306935 0.502395797751547
-0.0193954437304843 -0.00187987376438916 0.119060803617676 0.452953814947896
-0.00155245904374835 0.00173072813403749 0.275669209016949 0.137308170864798
-0.00670877761061265 0.00760914200594636 0.145071126983218 -0.140980820412938
-0.00725845258225282 0.00520849458927584 -0.107751299959294 0.0960629532640995
-0.023264992184821 0.00528608784486224 -0.19143892599077 -0.121875203009915
-0.0144441372011591 -0.0211524992893835 -0.115793421679966 -0.385356722087934
0.00047565955705291 -0.017303643443018 0.388144038186166 -0.412662199308837
-0.00110088124763063 -0.0300644776697623 0.700140726591079 0.172982409178294
-0.004162457276259 -0.0175295788225049 0.280920002508114 0.711086781118915
-0.0167271942256554 -0.0201624538300211 -0.226993644865698 0.49102486434017
-0.0010699192627775 -0.0363630217296845 0.0341507288972113 0.0644159875570847
-0.00984366526040013 -0.0346701706653451 0.258730665050748 -0.417154311746406
-0.0304235056907914 -0.00791424136074185 -0.260372584540043 -0.777700474933168
-0.00359492681577068 0.00415514620572266 -0.80390548382496 -0.172333625162684
-0.00942287993506106 0.0115138627539337 -0.406483239916681 0.543181001259202
-0.0179110061349614 0.000265463849633409 0.154084671548143 0.443649871826056
-0.0048356443156549 0.00228691198825423 0.28103149085211 0.122990096901472
-0.00698463972709982 0.00535983501528407 0.13991862842386 -0.144416339658046
-0.0043338310553378 0.00332246549323543 -0.111616544110445 0.0904334020846247
-0.0250717067706136 0.00499019480201288 -0.187040562802936 -0.128380140758795
-0.0115031121057128 -0.0202453180290263 -0.0865862128794249 -0.388837708313401
0.0076477137008792 -0.0206459395867575 0.431408136446801 -0.378689020457702
0.00360640854905776 -0.03202855836925 0.691633931961169 0.233844230032309
-0.00398877170847572 -0.0154659778749104 0.227111569372148 0.73363342819833
-0.019105588871554 -0.0146986448823661 -0.253445531375776 0.475158287954407
-0.00864585764627836 -0.0313761970186585 0.039856786618858 0.0521704149540856
-0.0153057523692879 -0.0273979387998059 0.238149846285079 -0.43716078625842
-0.0296255614625056 -0.0041391882796516 -0.315775773818697 -0.752312347013582
-0.000109112207454933 0.00141622029502876 -0.803990881639234 -0.103855725905532
-0.00537470541507031 0.0104780734277379 -0.353982082971315 0.572298973385773
-0.0161270154640777 0.00317847585606348 0.183688860304005 0.43530758756118
-0.00703795608938972 0.00264064104449342 0.284222387372869 0.11085597530264
-0.0052907497505521 0.00336737541142977 0.135206829016902 -0.148751896480492
-0.00106827932474932 0.00324127902532628 -0.112760200248616 0.0864340091779113
-0.0247672116090605 0.00516965541612113 -0.185484315550945 -0.131783907269824
-0.00843730486025568 -0.0180964973809487 -0.0611940670576267 -0.388183770837251
0.0124089671435052 -0.0203859069535198 0.459833008403502 -0.354079564729141
0.00690791569396798 -0.0317115069118101 0.682650977369404 0.280357867151631
-0.00267535509438666 -0.0104249645457736 0.183765851308988 0.749982701354764
-0.0226085531760091 -0.0055459424832442 -0.270603955048688 0.463059818129124
-0.0170773846747571 -0.0216510718961584 0.0424880193204222 0.0431161491626034
-0.0194229435069843 -0.017106689594764 0.221801598079801 -0.45134089488154
-0.0265542472290583 0.000666398394753034 -0.35616880760388 -0.730851713432856
0.00167925650651489 -0.00120546086982824 -0.804712749959115 -0.0545317526483536
-0.00289957475173852 0.00979996644574347 -0.31351727923578 0.590933425241176
-0.0141569015223839 0.0077658139429716 0.206255495487006 0.427519324987473
-0.00690191385585406 0.00437172959534652 0.286188440528233 0.103061387981584
-0.00063697636503904 0.0020327938869674 0.131976679837843 -0.150753927934759
0.00367666683221643 0.00297511951511797 -0.114594426045713 0.082783897287801
-0.0240048564476684 0.00689494327684609 -0.184275483230669 -0.132801618492922
-0.00567024812345643 -0.0149536360330256 -0.0456351939595553 -0.38624156810485
0.0147429263249505 -0.0209046111024814 0.48104991936053 -0.339048820731396
0.0111234421907364 -0.0311272270978715 0.676799218840114 0.304932279359763
-0.00045031010587159 -0.00324416369679299 0.15928894914891 0.756190033926904
-0.0266827298520179 0.00552105704700277 -0.283415211313454 0.455777948301301
-0.0260167154606788 -0.0094384345522195 0.0422947628407379 0.0383177507670661
-0.0210372743985317 -0.0050021899514828 0.20899359688247 -0.457434466853817
-0.0222346085031563 0.00677719165012396 -0.379845560325086 -0.719544054830735
0.00384487386069601 -0.00197365727220995 -0.799747556990801 -0.02941607721166
-0.00106413224031545 0.00935085342167467 -0.291083834216977 0.599780705062336
-0.0122951427037939 0.0124999048726451 0.218434895999411 0.425494597074279
-0.00563829577324925 0.00605486180927375 0.286117974766987 0.100483339483547
0.00404308632606533 0.00162741508310629 0.129748578626968 -0.152100773055132
0.0080580053089592 0.00381422610558799 -0.114015298751948 0.0809347806216687
-0.0212561421495121 0.00969570336195097 -0.185190814608634 -0.131515272009906
-0.00409897763580393 -0.0117890018619959 -0.0411140554528129 -0.381666739477554
0.0145644766482641 -0.0194359408692386 0.485311476618203 -0.339819441838378
0.013237254219347 -0.0297252091529683 0.678077144680901 0.303452299188269
0.00261586687344258 0.00501254968239969 0.157301814647043 0.757354891010846
-0.0303284906760982 0.0179702406843146 -0.284594492873326 0.455879596150892
-0.0341212041046486 0.0019665302500359 0.0389582834383914 0.0377827933089744
-0.0221877534329839 0.00809251189351815 0.205502163686036 -0.45807968212864
-0.0173905254232903 0.0121492752325814 -0.382536805630494 -0.719122838325543
0.00513615760166271 -0.00275370621920626 -0.802473248103841 -0.0326570662927865
-0.00108115733074621 0.0109181426330906 -0.287833520022818 0.596037385983667
-0.0104584252716779 0.015942024878866 0.219756646689775 0.428141186005767
-0.00227492547390337 0.00889773273977833 0.284213241094989 0.103271806127686
0.00962767976703795 0.00177321075122962 0.128801674852997 -0.152449668047332
0.0109710419098779 0.0052875615073868 -0.113678877142423 0.0803833178994538
-0.0171901857269695 0.0131102180230789 -0.189480524033789 -0.126991714979374
-0.00490844579450063 -0.00850972826032684 -0.0479502915027738 -0.379442678848513
0.0118523391701207 -0.0192122616092 0.477174898031786 -0.358889989883206
0.0143271457009394 -0.0275128143282653 0.687197045907473 0.273141688502735
0.00683499702895625 0.0137466014558304 0.179017537157164 0.747229304436984
-0.0325844837890643 0.0306323229761055 -0.278184155664805 0.464520956221694
-0.0399299780621563 0.012889342787718 0.0319537762281285 0.042345529035997
-0.0220545547773512 0.0188455305694549 0.209001086846057 -0.451728172848849
-0.0113587749889281 0.0190270393049188 -0.36833525843111 -0.732504780175713
0.00610071579259555 -0.00157710169200629 -0.805690449768037 -0.0584829359466225
-0.00345992367796359 0.0126835103520402 -0.304851482548867 0.585844650218016
-0.0094858340799216 0.0193806263979096 0.211117531434798 0.43322526566221
0.00198312152405128 0.0106280889666617 0.28246451590446 0.111756596113607
0.0148027145225827 0.00350533560400543 0.129900233090354 -0.151585546979713
-0.00569422577965665 0.00786809835559805 -0.105077894236137 0.102569942806203
-0.0139988638396047 0.00818416134092893 -0.200985578363429 -0.105780277167572
-0.0176999131947071 -0.0190324428596928 -0.165540526054585 -0.370037874737702
-0.0100928311079344 -0.0101452746365916 0.301372916029527 -0.471500207344789
-0.00633928542635043 -0.0238384533554744 0.700193581722592 0.04184796683698
-0.000555190630445991 -0.0130353172263339 0.383998993667487 0.645064571129317
-0.0129109794101472 -0.0150134350735452 -0.180571418305761 0.519219488565497
0.00519043872133896 -0.034746262612008 0.0145075071705997 0.0915404743842472
-0.00122051650759292 -0.0325095435085019 0.297700540997806 -0.362227172164054
-0.0272106173254458 -0.00886750438070885 -0.125848588330156 -0.815978778717253
-0.00928591465753979 0.00764130745369127 -0.773143203808804 -0.333692199607933
-0.0205013422647796 0.0150300617207958 -0.509086683880309 0.455384299547424
-0.0205322995174588 -0.00229234090186697 0.0840817629494271 0.461106068726756
0.00256202533875892 0.00395259648222968 0.268566069173527 0.153801556736902
-0.00466256093662807 0.0104361363548456 0.153152477670486 -0.136018089030727
-0.0071713351291915 0.00614710983308105 -0.106931616226563 0.0988679332163301
-0.0191059851183314 0.00695357713313042 -0.196288130333258 -0.114018875291272
-0.0172114653146986 -0.0209841693137275 -0.141667953976862 -0.378750070685296
-0.00487811923431593 -0.015000967326546 0.344118361174036 -0.443538453529355
-0.00446265084946916 -0.0274387184821345 0.701982860829024 0.1059038579252
-0.0030455659761244 -0.0168059569029322 0.33457600543937 0.679204138370676
-0.0143294577369565 -0.0201269999082418 -0.203437557167438 0.505784645470329
0.00396467116574959 -0.0378303606955948 0.0244090482675506 0.0793999400776378
-0.0037954205274098 -0.0363240191378241 0.281721248369151 -0.388296368309377
-0.0302042416645677 -0.0103359440010865 -0.185571014239903 -0.802576773350542
-0.00638564447348592 0.00639711753885269 -0.790160012055799 -0.260545392408105
-0.0150922633107244 0.0135482787587498 -0.46212463088998 0.498571113047861
-0.0191972996015488 -0.00175635314296585 0.11459313834101 0.453304992745587
-0.00214386547318052 0.00231267798048535 0.274839479309391 0.138730313348252
-0.00696168469637643 0.00684821352307958 0.146814076376761 -0.139403996690454
-0.00692922203010286 0.00482678949811342 -0.109657315142431 0.0939336889671639
-0.0223698624813609 0.00492946052726864 -0.191346539199825 -0.122836232511542
-0.0142012317616767 -0.0215325605564405 -0.109966436129525 -0.386364290624998
0.00181277958284743 -0.018156115634996 0.393095405833021 -0.41004493959379
-0.000872405957452342 -0.0299026058924261 0.698095204844514 0.17920527117374
-0.00456324533579534 -0.0176288774095417 0.273789713611903 0.711738900707623
-0.0163465757717036 -0.0201851788265556 -0.232359976453735 0.48829004596956
-0.000653410585151729 -0.0366471076391391 0.0333475486656436 0.0651487065867045
-0.0102633027854295 -0.0351719685253449 0.262941395188222 -0.412390394374874
-0.0304578020034101 -0.00748557975854687 -0.252424049241865 -0.778874648373548
-0.00366911539329605 0.00439574020820106 -0.800359513059673 -0.17815870698751
-0.0101948544283636 0.0116007748880429 -0.409449995301709 0.538273622226354
-0.0173307349433789 -2.78198903446748E-05 0.149815949523624 0.44527808593252
-0.00424328323999053 0.00208021090049388 0.280848587650165 0.125768730013877
-0.00648752796601591 0.00508338725007127 0.141892582204681 -0.142041722180328
-0.00414912609941074 0.00311444594038642 -0.112435930487244 0.0892502599447644
-0.0251177144529652 0.00470476994136141 -0.186928386457187 -0.129261932893577
-0.0113235933457487 -0.0207998795212081 -0.0819544664465048 -0.389885272639119
0.0076153772317213 -0.0200495172982139 0.434056539186978 -0.374721587343609
0.00287416531345865 -0.0316940615029517 0.68795452507113 0.241257614348495
-0.00409736395855549 -0.0160941506638928 0.21963209793635 0.735006010861389
-0.0184967197784522 -0.0148335580893855 -0.256725234065016 0.470814973592139
-0.00819172284870435 -0.030600791170135 0.0390770488098983 0.053016745467394
-0.0150262044612121 -0.0279098611019899 0.241201479524644 -0.433345788475764
-0.0295420991606958 -0.00459477557470491 -0.309104699673142 -0.754836866334661
-0.000645078469669458 0.00117878550608619 -0.80403723329454 -0.111319597704732
-0.00559720611381389 0.0102863795107127 -0.358803451797523 0.568546984507024
-0.01607868196235 0.00369930318667834 0.180569253904735 0.436618847609544
-0.00659389772801399 0.0023939662692711 0.283538247888261 0.11327764072953
-0.00486088448054614 0.00369362383923656 0.137931355519954 -0.14622320089176
-0.000642403749468975 0.00262647430026106 -0.114216774236644 0.0844317631207393
-0.0258278486638103 0.00523591793217448 -0.184544445373639 -0.132984770510044
-0.00835741689107995 -0.0181787842266075 -0.0569587602288827 -0.388470298524382
0.0129107694631534 -0.0208514988104085 0.462921271564743 -0.350196560785069
0.00718415462579576 -0.03179916764498 0.6786636994511 0.287029097425796
-0.00290503890752906 -0.0108377670761143 0.176829489725348 0.750109128057234
-0.0218829533319967 -0.00598510870297663 -0.273642360244101 0.459984223682322
-0.0170783525474967 -0.0214845146858883 0.0424057551484612 0.0445517420039985
-0.0190238394965929 -0.0175370683061334 0.227603603083794 -0.446783944114293
-0.0264261906613795 0.00149390409744272 -0.350412969311723 -0.733578337948133
0.00139436349616172 -0.0010979990013113 -0.803756802188411 -0.0623606583517761
-0.00323299341433387 0.00978720989008686 -0.318349711013712 0.585841230974533
-0.0143630933593977 0.00849896021576136 0.201893573568143 0.428220528730468
-0.00763993408320023 0.00367621936421969 0.285492392954803 0.10611328572979
-0.000360379937546753 0.00129267210641813 0.133727348367279 -0.149885865571866
0.00359056952878718 0.00227917760128178 -0.116337797625625 0.0810210191021579
-0.0233916914647027 0.00669294730615641 -0.183452886567613 -0.135100200628768
-0.00636426196690399 -0.0147541843223146 -0.0413186166365445 -0.387335360775028
0.0153852220737055 -0.0203826994944161 0.485269529355779 -0.334914994921237
0.0111565742417314 -0.0311276648477973 0.673796000428128 0.310816670500512
-0.00130323773780893 -0.00290186491629157 0.149953452101145 0.757206314635743
-0.0260906169484663 0.0058802815321389 -0.286740354557384 0.452260637120786
-0.0256745014415355 -0.0107538904128446 0.0422525270768223 0.039113000442407
-0.0210651287460635 -0.0057838017049293 0.214552825889902 -0.453201987704424
-0.0219266753745329 0.00645326839076915 -0.372298891019898 -0.72196095125688
0.00330285352105635 -0.00245648487188434 -0.801687968968225 -0.0361151272198359
-0.00186685847103949 0.00958726340644721 -0.294155569671198 0.59569186885264
-0.0124856631116516 0.0126370321821358 0.215012272793661 0.425865169359305
-0.00544483009233305 0.0060067600369601 0.285580208322484 0.103218464037053
0.00395671582163806 0.00171901833792999 0.131650140470234 -0.150756845418968
0.00754287826246776 0.00263033717730971 -0.116270054280644 0.0791382701282316
-0.0210829607811681 0.00918382025231897 -0.185812364848661 -0.132982985675088
-0.00525042029129077 -0.0117432202626026 -0.0358863742044905 -0.382883163503013
0.0152464518846985 -0.0206926843473354 0.489936405058164 -0.336145257206624
0.0130458176436823 -0.0290312962734943 0.674109886922082 0.309783545223164
0.00178081923272415 0.00510723978788209 0.150046014745029 0.75667931740525
-0.0301530402870606 0.0175861009916222 -0.288711138344027 0.451482050499454
-0.0331539091108011 0.00134003356457764 0.0388884060208105 0.0381415595252945
-0.0226184082819489 0.00714910999829274 0.210133876047888 -0.454664459694355
-0.0168752470363899 0.0125980208443053 -0.376044851608823 -0.721876305907873
0.00472991276759437 -0.00252709952410846 -0.8009873638198 -0.0395256143461252
-0.00176241684825607 0.0105220677176936 -0.291549906816634 0.594322334310041
-0.00965130562076497 0.0170132558841583 0.217030343292367 0.427787978288397
-0.00263809599619253 0.00818351503776291 0.283317932135805 0.106279460312339
0.00999555916543586 0.00221427472311854 0.130947262994021 -0.150951828087561
0.0117331512204936 0.004707668044933 -0.115319198840684 0.078542960671286
-0.0169346279265033 0.0123831786383788 -0.188646957922635 -0.128313041872108
-0.00516076076398747 -0.00921730814708354 -0.0435615181992336 -0.379863729078636
0.0126063194014555 -0.0191756416307549 0.480217826054813 -0.354252828053344
0.0133810105858559 -0.0274166849398456 0.684291329108052 0.281851083008471
0.00567546693476666 0.0132258389209754 0.172562149163438 0.748816380721857
-0.0321698830379824 0.0295862051023085 -0.282737105412731 0.460695135900081
-0.0393973653474081 0.0123600945877193 0.032364929738195 0.042842878207255
-0.0216014628573781 0.0192434581370348 0.214085229737899 -0.448062813851371
-0.0114882652835574 0.0188627420059745 -0.360345704585384 -0.733844424213276
0.00621932382305506 -0.00190249819082295 -0.804949714722111 -0.0674362147316415
-0.00264805692178845 0.0126629018428652 -0.309364001043798 0.58258791308034
-0.00913070511048839 0.0200716491014196 0.20929994196441 0.435953515579596
0.00218307261435381 0.0101381527056135 0.281717650469725 0.114303124996919
0.0151875797763611 0.0026769285033035 0.131389638414331 -0.149885714326428
-0.00547522449204019 0.00736798275673333 -0.107150035614099 0.100921173200423
-0.0135508881766071 0.00777527230259569 -0.201142973537794 -0.106154405636295
-0.0185409813616444 -0.0194373798185486 -0.162495584438612 -0.372876173152053
-0.00900445163765415 -0.0110940086989536 0.306102381419915 -0.469448421356822
-0.00688050056630222 -0.0244458605190556 0.699650528580825 0.0483655683918659
-0.000494281834775089 -0.013208312521384 0.3788267005533 0.649681446776961
-0.0134339042401536 -0.0157092263644963 -0.184741159002144 0.518738010718191
0.006391129693769 -0.0336628451729964 0.0139665105708695 0.0916981770678556
-0.000775404285507531 -0.0324907703362268 0.301101486487157 -0.35863246260928
-0.0273422067155976 -0.00890304580101951 -0.117295820846469 -0.816233316380037
-0.00909867665263952 0.00807575861081427 -0.772171089001801 -0.341694734588036
-0.020525245842753 0.0156211041285998 -0.512503934930737 0.452364323845101
-0.0209793423436992 -0.00200316237327721 0.0794996749953062 0.461379949132513
0.00175125467612075 0.00327723594779238 0.268723651100364 0.155901981700012
-0.00506293203864946 0.00969339098119276 0.154228893731109 -0.134444626096768
-0.00737421014866606 0.00544753696126069 -0.109412277340311 0.0980921808916124
-0.0189503951349697 0.00658053655454801 -0.196326041467863 -0.115478422038238
-0.0170126942321191 -0.0211205910345889 -0.136786969038597 -0.382347228664472
-0.00424131184450168 -0.0146591741885351 0.350574395497335 -0.443149827325474
-0.00493078615262208 -0.0271414418696045 0.70279674798753 0.11333464098386
-0.00364279447281927 -0.0167052172694835 0.329031597530012 0.682033372553847
-0.0138810738222496 -0.0200743366476535 -0.208530980249974 0.50455980776226
0.00444090275580181 -0.0380658452885402 0.0239744157163707 0.079907959629565
-0.00411880839088575 -0.0366912907581019 0.287113210259621 -0.383659721289462
-0.0298622662289367 -0.00997671393536002 -0.178735952579704 -0.805625093975146
-0.00646454720298459 0.00555190206472916 -0.789195374377045 -0.267622910936452
-0.0153004110274873 0.013456243990683 -0.46835003845179 0.494367379791473
-0.0189576316545742 -0.00177680921220809 0.112025823802811 0.454722940838473
-0.00203218279961784 0.00183253514422073 0.27533517472683 0.142632520597466
-0.00650723033154281 0.00628352566075107 0.149509689990408 -0.137805382409651
-0.00619686681579346 0.00335141513194633 -0.111629096779381 0.0929105765219245
-0.0234250198009994 0.00474793710783798 -0.19148072379439 -0.124911683940709
-0.0141918469497496 -0.0224367249259996 -0.105256155472912 -0.388323801495543
0.0021591388655309 -0.0182183209778656 0.397498473595628 -0.406646716946103
-0.00115402807600537 -0.030254989948416 0.69652734350703 0.184884690495282
-0.00513002677433397 -0.0176880669139098 0.268766094073325 0.71516921872172
-0.0155060579055369 -0.0195544807456019 -0.233931156400304 0.487724321878171
-0.000256459256383455 -0.036825866442018 0.0326085642548362 0.0658952311414347
-0.00923629883154095 -0.0344567773097363 0.267012461200823 -0.409752715705113
-0.0310204191664998 -0.00768782643338682 -0.245288571337855 -0.781271023140162
-0.00418457717428067 0.00404478421432792 -0.799700037153774 -0.185765606410558
-0.00924976962600119 0.0115297310526857 -0.414998444211682 0.535752106260001
-0.0182455812340556 -0.000160500073105798 0.145125737912859 0.447261557600629
-0.00518672984762424 0.00138243809925707 0.280020280229303 0.128532259743387
-0.00721213484622641 0.00538488463338356 0.144511721927943 -0.14179097885874
-0.00464901477772074 0.00242221874507743 -0.113896387271934 0.0877475415897097
-0.0246815134948988 0.00451929802409207 -0.186789758371938 -0.130667091023712
-0.0114676133313211 -0.0211718533132462 -0.0775054304709465 -0.389858244629186
0.00823792414257984 -0.020409101496341 0.438653098355024 -0.372481631442889
0.00302853655275305 -0.0313475995171251 0.688150014064464 0.248258423000605
-0.00513726843662768 -0.0157021987249494 0.212635051193687 0.739931880240433
-0.0179394964580321 -0.0147282035382464 -0.261506272427871 0.468851975822305
-0.00805462609351865 -0.030586023582492 0.0388340448172169 0.053182471840883
-0.0146723174703972 -0.0283458617929353 0.247199580002998 -0.431396112501802
-0.0302768711669035 -0.00425304544106968 -0.30248944930239 -0.758032573207242
-0.000937528031354613 0.001614060732791 -0.802634849197059 -0.118181608442983
-0.00543942421091419 0.0099844223360794 -0.364474858088933 0.565595233952904
-0.0163411585956324 0.00318971235389299 0.176542078608344 0.437800120900465
-0.00665136649679891 0.00264915813866851 0.284313970013878 0.116443404426276
-0.00480897646638377 0.00251011568883727 0.139747887935416 -0.146063926682827
-0.000372871816716942 0.00255630079677206 -0.116907799458706 0.0830266539901185
-0.0253795008746373 0.00524234490643007 -0.184903920134218 -0.134406161086962
-0.00837841424749186 -0.0184603923770264 -0.0529274545830238 -0.39015186345714
0.0136029428658253 -0.0208215487346266 0.4678850863629 -0.347114900738705
0.00693270577107497 -0.0315748679229831 0.676160645048929 0.294422342769869
-0.00339001019369264 -0.0106408796345278 0.16905418731068 0.753258741758498
-0.0217842970058771 -0.00637224865192154 -0.278118498505708 0.457945905793395
-0.0164511136449903 -0.0217006158129615 0.0413855055600109 0.0447362100705314
-0.0181054027465088 -0.0177796886025588 0.229398389584773 -0.444055120346037
-0.0268833542160497 0.00102048229902701 -0.342250896287264 -0.737370332827073
0.00121717476260124 -0.000972733279466719 -0.804146956503697 -0.0681589116482377
-0.00367025679003247 0.00995027029919263 -0.323186239923643 0.584600362730291
-0.0147683366704508 0.00833661885006047 0.199365172730483 0.431413765232994
-0.00693192179118543 0.00380122705335516 0.286396788753609 0.108478052810083
-0.00150587523644339 0.00219499811186076 0.136486359357023 -0.148212302164355
0.00319737033750805 0.00243150488107436 -0.118556190246201 0.0788998723974272
-0.0236718019686653 0.00643033294074427 -0.183509787469158 -0.136461650111644
-0.00586033440237104 -0.0147098835965937 -0.0358160804627294 -0.387628861882748
0.0156841862989831 -0.0209499412671249 0.488679121146473 -0.331924792432945
0.0116172777963249 -0.0307177993300848 0.671731371584067 0.318490559550641
-0.00170416626481973 -0.00342712796049773 0.142642327148745 0.759829436069768
-0.0260462682607487 0.0051974215483067 -0.290384001625687 0.448830597453742
-0.0257768387806189 -0.0110986221613921 0.0415205639626281 0.0391378944068165
-0.0204918058409484 -0.00522309033289579 0.218025619792513 -0.452024905141077
-0.0225006565680901 0.00679765954499952 -0.366140523520281 -0.725959169952927
0.00382811657860457 -0.00278008891314482 -0.799583297041343 -0.0437930766605243
-0.00176880728143564 0.00995062598352719 -0.299246211349658 0.594517999374312
-0.0128938561836065 0.0132086363000157 0.212264675897307 0.427117495779006
-0.00495830983849674 0.00596477150952186 0.285537914197164 0.106239925980045
0.00406473578956594 0.00136975221689515 0.134205203820831 -0.149116656212494
0.0071671686012568 0.00304192168583247 -0.118554248899902 0.0777144690801586
-0.0210217282486873 0.00908279617160268 -0.18476654678586 -0.13425763190994
-0.00597935355269525 -0.0116860493853054 -0.031606609276546 -0.383397563925251
0.015593453493623 -0.0203694940733852 0.494230877116048 -0.33288352187867
0.0135815448778667 -0.0289074382523045 0.672203876904085 0.315438436448466
0.000963324498075073 0.00526019550137837 0.143404602167399 0.757328869928047
-0.0300871932062777 0.0174528405608672 -0.292164046946237 0.448471512945848
-0.0335442432366733 0.00108004602175481 0.0376926499241671 0.0391790447978796
-0.0217923658178902 0.0073631040497086 0.213793039174179 -0.452950875945208
-0.0178266758875729 0.0130648719506204 -0.369332290901944 -0.726489714746246
0.0043244907557607 -0.00273038549896083 -0.802046727790473 -0.0460479274895118
-0.00117254123766734 0.0108431588047962 -0.298390452312497 0.590988099588612
-0.0105234659842198 0.016414857933332 0.212459888502246 0.429890953015152
-0.00300421068448701 0.00729441561093494 0.284230282400752 0.10893402078848
0.0099516627197992 0.00242633904291766 0.13315649152561 -0.149751331026653
0.0102353365721862 0.00454660977307971 -0.117112933858198 0.078127300971687
-0.0171067343443509 0.0119602214696645 -0.187937326431971 -0.129512568852307
-0.00575915911520529 -0.00939264606726944 -0.0389495665484268 -0.381760201858428
0.0126957758385736 -0.019143808254016 0.486428504118041 -0.351426405405724
0.0134982254716898 -0.0271671625253862 0.682828954506231 0.286219504156998
0.00485233412304143 0.0132333896898925 0.16629463644229 0.751522178748746
-0.0319159856415923 0.0299844870303297 -0.285866218816811 0.457509559253749
-0.0393144142961131 0.0120999437308473 0.0317409299605135 0.0436487259042591
-0.0220562908466137 0.018945880601289 0.218042661534507 -0.44537140074021
-0.0114761407542063 0.0186756561501434 -0.352766372087703 -0.739780610806159
0.00533161507541367 -0.0017963458309432 -0.80502442220157 -0.0751626150376107
-0.00281962435373966 0.0132586766196867 -0.314608075001044 0.580620068655638
-0.00914623805455377 0.0201601533413683 0.205802249665934 0.436252119901325
0.00100804226319333 0.0101097638490409 0.281540390109345 0.11662316451209
0.0149533175723647 0.00352539356720015 0.134313209459794 -0.14927902830595
-0.00605240740419361 0.00669874906314544 -0.110023820095398 0.0998926144148617
-0.0138150748884003 0.00754115158935649 -0.201199756776445 -0.108816987001573
-0.0180489360000727 -0.0201526709801274 -0.159308131795777 -0.37531545149594
-0.00859266454116868 -0.0114174164442358 0.311582900359912 -0.470004195968471
-0.00703746899743424 -0.0239915890808901 0.702522729960898 0.0552150964270889
-0.00096248755237065 -0.0135467734833108 0.373339027536009 0.654864785613172
-0.0128288380945928 -0.0157740555965502 -0.188014263449313 0.517425955041605
0.00641839675487232 -0.0340159762022639 0.0119156940220139 0.0925276528932379
0.000223814508393112 -0.0328640364974637 0.305723106158441 -0.35573609616079
-0.0274521436849676 -0.00908149482717021 -0.111546526435024 -0.820312595771536
-0.00947376825936483 0.00760341196270441 -0.771681064974169 -0.349178463268686
-0.0208389606540157 0.0150867879182593 -0.518796346404171 0.449865118279096
-0.0206392876858884 -0.00246022022590049 0.0757286902418396 0.462705708452644
0.0020179040321081 0.00286666691223614 0.269248021464085 0.159045568700285
-0.00480027412948154 0.00974046273630795 0.157305048657015 -0.133306481878769
-0.00721940180099831 0.00501258694007099 -0.111457286936464 0.0971534246561417
-0.0189774073648082 0.00670052810339808 -0.19602818272623 -0.117909373518611
-0.0170477273994245 -0.0216199152471293 -0.135643615016918 -0.384423623789948
-0.00294068903180761 -0.0155575027379483 0.357194097002101 -0.440236515051746
-0.00473153118342569 -0.0273263229670985 0.703321624145101 0.121516968358374
-0.00401904777739145 -0.0171776896289054 0.323504920178687 0.68911796831149
-0.0133788804247922 -0.0202521079174966 -0.212292236082359 0.503785415064433
0.00502791904964026 -0.0380787601180335 0.0225815304214594 0.0795681325135574
-0.00306281199769224 -0.0362938712420848 0.291814803638061 -0.381370071134882
-0.0302051711918451 -0.0099140108138636 -0.17344458379286 -0.807801636363278
-0.00705066229092048 0.00571707386297177 -0.789580466806022 -0.275487549201206
-0.0145875150285993 0.0135720194514562 -0.473771216341571 0.492248191961102
-0.0190266804720691 -0.00259860031130221 0.107872736474857 0.458792894964959
-0.00243567280904018 0.00127551483386113 0.276065450964926 0.145803675029091
-0.00749183516757564 0.00707593624506677 0.151841730981126 -0.137012331280384
-0.00737560037463116 0.00390579621536991 -0.114277553715618 0.0924195082712211
-0.0233945088766683 0.00407446257796025 -0.191165839848179 -0.126967915271002
-0.0142399614225646 -0.022226327707783 -0.101958895696568 -0.390364120535527
0.00228211609106763 -0.0182420282642316 0.403565132221898 -0.405488677166984
-0.000821359485325765 -0.0300306371423855 0.698405433775742 0.193166248880579
-0.00560135844343473 -0.0176268937063597 0.262776271542367 0.719230493808498
-0.0151953881008824 -0.0199195398125137 -0.240310154215545 0.485015944330435
-0.00028912887277848 -0.0367742085307028 0.0317972627026944 0.066171530785152
-0.00921903867687161 -0.0343626196073778 0.270953976914121 -0.408272704908363
-0.030951662030179 -0.00711111333364294 -0.241259193431702 -0.786842376457105
-0.00382873780718912 0.00356736151943602 -0.80272794310226 -0.194279282425693
-0.00970521576080305 0.012335402488047 -0.418570301532909 0.53308550608268
-0.0182494615898589 -0.000424362603302676 0.14273845949274 0.44996658169132
-0.00486679714085505 0.00121660372160224 0.281330992242479 0.131759500648885
-0.00799597162070207 0.00481567590493765 0.146868674617721 -0.141171780049775
-0.00445824423196769 0.00261060405293947 -0.117365611658042 0.0859301473284617
-0.0251291154331942 0.00431587427127904 -0.187035960869078 -0.131792478394303
-0.011883105723903 -0.0216172031849255 -0.0726429104422166 -0.39411736659763
0.00903447312839026 -0.0208914082492567 0.444228149429288 -0.371694508090695
0.00278824428839449 -0.031544095915493 0.687515206408622 0.256395125602763
-0.00542130810677709 -0.0156315393170179 0.207138747686359 0.740695243346018
-0.0177464108151412 -0.0145577059564633 -0.265097148626782 0.468903136443363
-0.0073747730215157 -0.0306025845550861 0.0379283342684508 0.0544345172998936
-0.0151309666456394 -0.0282840884499652 0.251809622730824 -0.427914142261192
-0.0301225753939279 -0.00380796921968007 -0.296103636916838 -0.762915516003436
-0.00149511440874833 0.00155868633020021 -0.806175082565328 -0.124654653473323
-0.00492977343587357 0.0105662747595274 -0.370154976588369 0.564732868727279
-0.0166514407161413 0.0039550063538202 0.173532401071265 0.440590805002154
-0.00728637752151105 0.00252994945325471 0.285469269980148 0.119459098263284
-0.00536411069133279 0.00338939614543504 0.1426074446867 -0.144778135330102
-0.000430221979578313 0.00128814485293568 -0.118382211390756 0.0818938147917821
-0.025261627334629 0.00428331393747854 -0.185324176718726 -0.135996281628381
-0.00868417945284295 -0.0191510996303127 -0.0492332024064056 -0.392712012076317
0.0132894459890701 -0.0213194173472494 0.473446816986471 -0.345720060258462
0.00771292388852408 -0.0316708090413436 0.678235776362354 0.301257848287431
-0.00469621176517495 -0.010613843083215 0.162997666598219 0.75674546306294
-0.0214690445935187 -0.00618678238315541 -0.282959711062748 0.455769648150461
-0.016320468231947 -0.0220273637867584 0.04128951466078 0.0458713606352944
-0.0189950998126389 -0.0173841800253978 0.235274422087592 -0.442847339290648
-0.0268173272554845 0.00115297808639586 -0.337193481736757 -0.744328552952629
0.000873114633859291 -0.000913113823809333 -0.805373600465993 -0.074424489302411
-0.00310976070050598 0.00947995411723522 -0.330218655780849 0.583151448028103
-0.0149417501223638 0.00788572796627877 0.1954558545603 0.434630448439115
-0.00755451654302565 0.00354117310308989 0.287055713532283 0.111488469712337
-0.00139150009298232 0.0019496874201028 0.138502429229509 -0.147532072419462
0.00286419113966191 0.00194032058550611 -0.120403571792978 0.0782403681302956
-0.0241014935952935 0.0060361560873328 -0.183994621346658 -0.1376996794114
-0.00707405677581859 -0.0156144039575079 -0.0321485463350262 -0.389380022364429
0.016434229400085 -0.0210078251623581 0.494197502994981 -0.329582284351072
0.0104985881987332 -0.0310833526466121 0.672374456559136 0.327084624942169
-0.00220124803254616 -0.00255817069259007 0.137345958340017 0.763788855854343
-0.0257642478765883 0.00480926848870759 -0.294912914403398 0.447433125086685
-0.0256290100016044 -0.0109678654064081 0.0414055288672295 0.0409597244029398
-0.0210501754431786 -0.00555411119607348 0.224145093126933 -0.449234027689375
-0.0223855994538115 0.00704112301833845 -0.361806415480879 -0.730732125231582
0.00247155226803948 -0.0025516939674135 -0.803758205655393 -0.04945391044044
-0.00109538524050321 0.00949361143811947 -0.305677676394817 0.591780790292322
-0.0133931109889183 0.0128910798887021 0.208366502650442 0.433128332611154
-0.00561996980128939 0.00566958500016438 0.287171669461841 0.108323005179369
0.00392705700004259 0.00160171467723599 0.136710278963388 -0.149865216956701
0.00766212203721838 0.00247804628172006 -0.120430906621002 0.0766621231834429
-0.0205780625188483 0.00885414381040923 -0.184880108650213 -0.136162774355331
-0.00538900231205365 -0.0123749480570364 -0.0271720035606357 -0.386575642946866
0.0159056591019603 -0.0200435739861299 0.500363892351365 -0.330729829743875
0.0128588909146236 -0.0284566687874775 0.672034701852985 0.323488601011929
9.26374664072856E-05 0.00532109299171087 0.136449168145431 0.761992225607946
-0.0299030076328409 0.0176447002463836 -0.297346254337461 0.448587171508399
-0.0335358141380806 0.000395498943789649 0.0371819492025207 0.039925479201626
-0.0219051308302785 0.00671363022240187 0.218259424755187 -0.450692642832572
-0.01788919122731 0.013032957106273 -0.364223772920722 -0.731422509526534
0.0046384501736838 -0.00275134626909801 -0.80547433131279 -0.0532372584702045
-0.00176914681021703 0.0108374118793175 -0.303229596850584 0.590903225054217
-0.010823446329303 0.0171365569075251 0.210744942685791 0.433740305282505
-0.00330106615758207 0.00797006702000885 0.284982048181808 0.111917698638705
0.00958661997884254 0.00260902303345377 0.135613983275787 -0.148792508026594
0.011148212014723 0.0037433991432008 -0.120114465993179 0.0765295702941092
-0.0177943199172395 0.0123692154623331 -0.189560522264062 -0.131076507874092
-0.00565187933268184 -0.00944064518164281 -0.0349010120478663 -0.383472903211649
0.0136021227043858 -0.019674629578537 0.491783721950703 -0.349546925208926
0.01319479634557 -0.0269330984632328 0.68369561518128 0.295995409445023
0.0045519322586311 0.0134380133940338 0.159853256719587 0.754868698448536
-0.0319754684091887 0.0296581858221998 -0.290643289237948 0.457185687237189
-0.0397609278808449 0.0118233851762461 0.0312596689030227 0.0442189583543512
-0.0224463467632267 0.0187690293111227 0.223061802692609 -0.443180848505142
-0.0115387205309158 0.0194706010317047 -0.348197995150112 -0.743405205823437
0.00575835375836736 -0.00176725768228908 -0.807199700191605 -0.0807621227368682
-0.00271381721375932 0.0122113370264303 -0.320695190750926 0.580539461067442
-0.0100862126481875 0.0198913558285834 0.201574665342893 0.441108706279624
0.00174903868438505 0.00964871096925115 0.282696872583675 0.118848940445649
0.0144264171795793 0.00366045820311187 0.137549273168297 -0.148261921502115
-0.00576883849781356 0.00633060096589368 -0.112250474710034 0.0992105026129177
-0.0132697633527361 0.00748183279937507 -0.202712227392433 -0.110058317790567
-0.0186587330552039 -0.020284099076132 -0.157568445552712 -0.379724763771277
-0.0079791990240821 -0.0117013159614657 0.318722437071344 -0.470455135508961
-0.00693865312610263 -0.0239239850302224 0.705424260729727 0.0616122840886645
-0.00138627281868184 -0.0134732890402344 0.369117443845635 0.661224606985996
-0.0121050086179218 -0.0155493394584854 -0.193099798969209 0.518596107962053
0.00624993807726479 -0.0344464519971538 0.0114890113378904 0.0928583671346974
-0.000189074364203932 -0.032694508506035 0.310317476624001 -0.354218976825211
-0.027138817480389 -0.00883155869232971 -0.105310240069093 -0.827411808998416
-0.0101991214247344 0.00709046064738356 -0.773621262580373 -0.356794294793208
-0.0204141057333019 0.0151339027613631 -0.526682156999947 0.447428262192845
-0.020378350501473 -0.0029813565618678 0.0734471938739447 0.466665443051571
0.00181352346557313 0.00358864356492824 0.27055645518521 0.163020858042667
-0.00571029404327945 0.00973502694279996 0.159509846781306 -0.133403264740393
-0.00826386420395203 0.00413340801077134 -0.114525858881114 0.0960282879063448
-0.019167078629727 0.00606730327796641 -0.198475450514574 -0.120204228744004
-0.0172285398875371 -0.0218124291888973 -0.131643250811169 -0.387250370784886
-0.00285129982617564 -0.0155634773876179 0.362303602608401 -0.442169446713087
-0.00440065440604703 -0.0270184810824523 0.707305896620628 0.12680471500758
-0.00541630833180444 -0.0167212937258137 0.319318417020112 0.695335488155968
-0.0137190059310571 -0.0201088853931198 -0.217347145093379 0.504845158300327
0.00549765061696669 -0.0378318870962117 0.0217663001786219 0.0805186898422777
-0.00324216008038377 -0.0363554601288336 0.296812946765384 -0.379282591584433
-0.0300084328218397 -0.0101977683170224 -0.167010885823674 -0.814382206873323
-0.00711634843404492 0.00576240089857239 -0.792907300266333 -0.283374998342992
-0.0148216284602764 0.0134307580389616 -0.481068151213175 0.490312443620133
-0.0199720094042245 -0.0022369552918696 0.105099528927434 0.462399748101447
-0.00285554119831044 0.00173921780271859 0.277343810361183 0.14938198348353
-0.00834974770064588 0.00738917124483641 0.155236593536833 -0.135733684648782
-0.00711525246774963 0.00295404512621903 -0.116694019843164 0.0914164427984573
-0.0228753269830523 0.00425692449027867 -0.192976749631201 -0.128636780763988
-0.0142989722371504 -0.0231007520141698 -0.0987261656750387 -0.393178505187195
0.00315705085877519 -0.0185387422667262 0.409568370452709 -0.405002465986916
-0.00122421649451947 -0.0298846847103558 0.701613524395429 0.201682717344851
-0.00593145569595448 -0.018092249183105 0.257391696126541 0.723519014633333
-0.0150061591600903 -0.0201538693309095 -0.244620238596444 0.484563688677472
0.000623968222529726 -0.0366891503891355 0.0312940577759255 0.0672850339569281
-0.00792585254515101 -0.0345808550535236 0.276531166151602 -0.407740241081
-0.0311514276071545 -0.00831783846037361 -0.2349030766237 -0.792325354774853
-0.00420137930549404 0.0035529833890561 -0.806620798354068 -0.202914248728431
-0.00984100891323748 0.0119407970666862 -0.425474717689229 0.533101240249577
-0.0179460585516937 0.000141144702613678 0.140002207522754 0.453208178202013
-0.00597438306069402 0.000797918074661013 0.282582099731332 0.134310379497101
-0.00808254663860853 0.00512522761924836 0.149668852012897 -0.140855188663251
-0.00467903618171837 0.00132232689140938 -0.118736943184957 0.085917262434776
-0.0249065179042265 0.00353890128530545 -0.187616172190757 -0.134536191303764
-0.0121378862303777 -0.0220486146276976 -0.069140436159096 -0.396341503177027
0.0089403162192252 -0.0203785473704316 0.450717167410758 -0.37041512018225
0.00266330944934103 -0.0320776317130912 0.690656836316379 0.264418728787602
-0.00554931606300398 -0.0159081751040897 0.201059331676298 0.747206533715441
-0.0171119626117917 -0.0150720579437368 -0.271267146304023 0.469168966360504
-0.00730012356215454 -0.0309482368169039 0.0382715792048366 0.055554742075643
-0.0144634522160639 -0.0282308944896353 0.257635920357861 -0.428560043199769
-0.0304811211122586 -0.00412798923575618 -0.29202657565179 -0.770842120265807
-0.00113569105814401 0.00170991394258001 -0.809511000920153 -0.132564049341604
-0.00571489414389631 0.0103535317906369 -0.374730691960426 0.564764354398827
-0.0164372849249339 0.00365976468137046 0.171584215837432 0.446657712309707
-0.00737941533643383 0.00206633147974129 0.287064786206071 0.122128660006622
-0.00572381102818261 0.00231343070751422 0.145187446294248 -0.144344446746264
-0.000807267208501913 0.00110343168097398 -0.121733753070157 0.0813307126235373
-0.0254051271314152 0.00514569363543564 -0.184444987192508 -0.137978021562945
-0.00925482724979074 -0.0194442433580144 -0.0441684133267863 -0.395727621533633
0.0147203426024867 -0.0214531499046029 0.480595686929482 -0.34545093801121
0.00698736725446653 -0.0315915391705522 0.678711413342857 0.308174061938808
-0.00466153586763914 -0.0105290777597249 0.157360980671187 0.761315402848791
-0.0208793946520412 -0.00613729087498596 -0.28810373983425 0.45567332095431
-0.016316981862735 -0.0222455194722304 0.0412309303326513 0.0469117186375418
-0.0194920772503448 -0.0176306796654288 0.241210527335548 -0.442389496115655
-0.0274673037746868 0.00093815816462051 -0.333524819941237 -0.749726303874334
0.000234379992563913 -0.000410501844739857 -0.810926099745243 -0.082949696847237
-0.00280295518065045 0.00943915499920958 -0.334337715477239 0.584940091262876
-0.0151423458532041 0.00811037910583265 0.193815636089739 0.438612933298073
-0.0081906601813409 0.00359273126206056 0.288749957850217 0.115059708343841
-0.00156055524832895 0.00202860297099186 0.141487773641255 -0.147544562755707
0.00276556229263298 0.00162159232892454 -0.123402310925454 0.0775959453480825
-0.0238470672909959 0.00603845939041621 -0.183662543719861 -0.139071694021625
-0.00672852129292433 -0.016126846795977 -0.0285499640827124 -0.393039690148731
0.0164819122980544 -0.0213586198279947 0.501307118271044 -0.329101316124357
0.0110142447403668 -0.030257795850269 0.673925800052605 0.332115394247244
-0.00285327252482588 -0.00331293987941746 0.131612780959266 0.767312150903239
-0.0258515473592536 0.00471356498810492 -0.299150059821069 0.446624973566264
-0.0252314754619908 -0.0105470902113729 0.041207762678494 0.0406349687606543
-0.0214246064110062 -0.0054771825130656 0.228317393813944 -0.449568890050463
-0.0232125882304017 0.00697408298655283 -0.358926375550193 -0.738476349484742
0.00273286828326522 -0.00276968308404591 -0.808438813380744 -0.0566108950562256
-0.00130081563831132 0.0100235041505444 -0.312508143445001 0.595164269462972
-0.0125420884765928 0.013180408346801 0.207383263183782 0.437010871845918
-0.00626417094171463 0.00551382629055495 0.288700407119145 0.111399806964838
0.00384260765479959 0.00154244005031108 0.139641224694791 -0.148138035116969
0.00738860011064498 0.00257013840294626 -0.122618065740487 0.0759633631761174
-0.0210699301114124 0.00914041291685001 -0.185427383445809 -0.138108986089487
-0.00616868729210849 -0.0125413150959442 -0.0242025757435217 -0.389347527818281
0.0170431998073858 -0.0209687777717498 0.505617957392835 -0.330986461779743
0.0126930977449205 -0.0289232667859989 0.675907570833272 0.331161979489646
-0.000574894297952534 0.00506758829022244 0.131529163376947 0.766924575921636
-0.0296909821725216 0.0170182341549661 -0.302311332930496 0.447511328219323
-0.0337175943890265 0.000390558462372652 0.0377229341098967 0.0407742016566003
-0.0217196514060421 0.00762234532210718 0.223658388157713 -0.449831155100121
-0.0173361957752208 0.0124858635309787 -0.360071173590861 -0.738840672431509
0.00463993148163342 -0.00291077857126645 -0.810202668166494 -0.0577318494932372
-0.00156537927487616 0.0108421945286497 -0.308619021941355 0.591843069656153
-0.0112387198886256 0.0172468620572878 0.209626148473466 0.439834910328022
-0.00385746464860402 0.00826104949513307 0.287374777521 0.11499385896359
0.00877304870430292 0.00198565388960938 0.139015046235729 -0.149180259442745
0.0105909112752976 0.00330999260063718 -0.122331032305785 0.0752874046205086
-0.017883145667134 0.0123496651318156 -0.189071604625264 -0.133857456184991
-0.00651331112824327 -0.00930935924214725 -0.0316889736528126 -0.38674250817154
0.0134763808851117 -0.0197584788534339 0.498904600639123 -0.348638846188339
0.0128859287346484 -0.0269581457936624 0.685472262777126 0.303496181965587
0.00398094581759933 0.0132787866259766 0.153867062093123 0.759842450046675
-0.0320778539010365 0.0295344782230294 -0.296892878669513 0.455978294828659
-0.0398056380713285 0.0115451510027507 0.0305150327563566 0.0449645554659221
-0.0228093706288668 0.0195509880182667 0.227831880784161 -0.442874554334046
-0.0126355541168573 0.019824873103866 -0.34397802487904 -0.750693585588884
0.00542749152336958 -0.00224670870023077 -0.813498150930745 -0.089034377063408
-0.00271041272685218 0.0125730293578291 -0.325448526637657 0.581172145626756
-0.00976432869233942 0.0204215072151095 0.200675422935595 0.446597931001252
0.000848927710025485 0.00980713008679265 0.284834423043233 0.12236216334501
0.014810432863637 0.00370847421329938 0.139755427314859 -0.148004438919146
-0.00598191526623329 0.00584145675307125 -0.115374165269328 0.099299247007031
-0.013833908902043 0.00777314326920598 -0.205293612222232 -0.112624576924541
-0.0182899940317558 -0.0203773416365758 -0.155859400586142 -0.384418006696985
-0.00778960683218826 -0.011977744644978 0.324330258229143 -0.473575366176813
-0.0071880879936998 -0.0240587728416722 0.714072962479251 0.067679517279372
-0.00193104034869803 -0.0138996016848582 0.367634824703643 0.670246415372922
-0.0117163109821455 -0.0152869735008619 -0.198794469152207 0.521876079460252
0.00658045052289838 -0.0348242989707368 0.0106274832326297 0.0945250094653134
0.000847629903527874 -0.0327616967063824 0.315584344450182 -0.355071664790501
-0.0279184601949229 -0.00905937635265933 -0.100501554391096 -0.834369225199415
-0.01052134290349 0.00662833556055829 -0.776853701745919 -0.364352062070039
-0.0207984197188527 0.0143916675680357 -0.532684733438643 0.447373514646033
-0.0204253490971991 -0.00321394045959285 0.0698740292995676 0.470773919426658
0.00164519126738627 0.00289513803861577 0.272770574406944 0.166288373905957
-0.00633192236319081 0.00887233042099085 0.162745529201602 -0.132962981763239
-0.00727289272339895 0.00426075608576808 -0.116757658731229 0.0950388248938877
-0.0187544740747617 0.00586698696714456 -0.200487162775627 -0.121309061896326
-0.017622784701246 -0.0224567211088331 -0.129506598693156 -0.39106745363935
-0.00271256760746771 -0.0156030736287578 0.369865369235418 -0.445033151832398
-0.00484838827988398 -0.0277085645534229 0.713352946542181 0.13474242310744
-0.00554113833013516 -0.0164695055438856 0.317096535910427 0.701905007256507
-0.0124620884868658 -0.0206146763011511 -0.223320026885223 0.506293817011669
0.00579987525596549 -0.0377705000041474 0.0212880957915244 0.0825974622203203
-0.00328208369596962 -0.0367826702434717 0.30148852130745 -0.378381633452303
-0.0307458452013434 -0.0102561415680291 -0.162906506424226 -0.821278351724327
-0.00761161192802156 0.00586298322815188 -0.797732969901091 -0.291629999776141
-0.0145513248088029 0.0138281555546691 -0.487588338466233 0.491311851351899
-0.0197165275525015 -0.00255850907179313 0.102787480368947 0.466012175093176
-0.00275188568524858 0.00148887269137124 0.278397312419962 0.151937890340885
-0.00809135900002299 0.00733250584092367 0.156940630995858 -0.136733924013567
-0.00718521606058082 0.00186572165861494 -0.119690979405003 0.0910909544833754
-0.0229745400067781 0.00454972330538923 -0.194158013830687 -0.130367195740523
-0.0151284401085106 -0.02302133916776 -0.0961785382367678 -0.398040543342257
0.00372967015025121 -0.0192543341888029 0.417800090144901 -0.406673867490709
-0.00144629525409405 -0.0300416396737353 0.70439324394178 0.208823832161032
-0.00662043058514732 -0.0178147400904156 0.253977036071814 0.732839747716628
-0.0141138433659353 -0.020081355881032 -0.250053863657009 0.487474413796557
0.00101838713751096 -0.0368008484884824 0.0315190684445041 0.0679381189271092
-0.00887467264454528 -0.0347455169637019 0.28338441776935 -0.406843211737908
-0.031630605600239 -0.00832047003394313 -0.232082283756871 -0.801284130773366
-0.0039825475673802 0.00312350232058782 -0.811942321698081 -0.208403871618935
-0.0100822571856467 0.0119259468284733 -0.431665634364641 0.533937997887731
-0.0184172848343327 0.000184371956753675 0.138372260708982 0.458526857616616
-0.00667034105591176 0.00053277400445321 0.284258582147208 0.137914828979844
-0.00833818279652451 0.00425925284644298 0.152838432971935 -0.14069950612448
-0.00526727011240774 0.001184619797488 -0.12212999717611 0.0855305280130588
-0.0254016028376474 0.00386671458370841 -0.189336724032441 -0.136543713788085
-0.0124757705831513 -0.0217851556223063 -0.0658213320998716 -0.400465453063961
0.00978119793712406 -0.0209859894715923 0.458495119048615 -0.371551985139783
0.00301532528879794 -0.0313980533389894 0.695805819147957 0.270699889115954
-0.00679243050676623 -0.0154820851691376 0.197971634257953 0.755089609980848
-0.0172425222859196 -0.0148383588408396 -0.276790170667923 0.470361339565714
-0.00677700016494063 -0.0311350127319446 0.0383613622064021 0.0567477517180205
-0.0140394398175013 -0.0283592688758684 0.262248897210876 -0.429020285288158
-0.0309448768304236 -0.00449416197539691 -0.287686440370989 -0.778012529940361
-0.00219213070238236 0.00109508641664096 -0.815655636044362 -0.13832630921076
-0.00587298218474403 0.0110488170015944 -0.382135346742139 0.569037975851345
-0.018034581825465 0.00355830638364322 0.170881155932738 0.449811596601668
-0.00773306226388797 0.00180005997813403 0.28974010168798 0.125208376849669
-0.00596917480460565 0.00314613276744427 0.147799528646761 -0.145357962093192
-0.00101547376924639 0.000703290260861128 -0.12368288616725 0.0803146941963659
-0.0256316490164066 0.00413913716692737 -0.186118858815389 -0.139929321121542
-0.00892607338088625 -0.0196506465443076 -0.041770515154702 -0.3991748732449
0.0144905640833842 -0.0216971723950338 0.486341738177639 -0.34401101920248
0.00641501865187518 -0.0317291712109947 0.683903033124626 0.317138911207812
-0.00499051784426343 -0.0105416504926693 0.153756824223652 0.769078423808714
-0.0212646086857159 -0.00662258334210623 -0.293412039180638 0.456524219873537
-0.0159964173421027 -0.0223200490682085 0.0413509568115461 0.0473777439658118
-0.0190916673551159 -0.0181386936156084 0.246106465299208 -0.443213862627234
-0.0272060764650959 0.000818239323485941 -0.332553023071698 -0.758959327835845
0.000690617484147076 -0.000952744107473367 -0.816364058750468 -0.0878224321799403
-0.00278263592398067 0.00968767738005999 -0.340820718499884 0.586708598946569
-0.0150525756392424 0.00831281418973836 0.192910202628481 0.444072690335162
-0.00846994729548161 0.00279877203754456 0.290771168596145 0.11735278292877
-0.00148956334951699 0.0020813468436143 0.144252941117412 -0.147332548452883
0.00325089622963568 0.000648176164040374 -0.126289503281107 0.0762637378468815
-0.0244863440290426 0.00623937120939199 -0.185144679573341 -0.140696738372031
-0.00751676194340968 -0.0162969077964111 -0.0262212748386431 -0.396425150880343
0.0172603431620886 -0.0213414756502544 0.507559895274209 -0.32851660173837
0.0106626406223621 -0.0306239868221266 0.676516497722044 0.341895089475839
-0.00323851133389898 -0.00327727686554277 0.126623400675192 0.77401245754569
-0.0253163945139159 0.00455672641064814 -0.304681283016151 0.447287061083673
-0.0256357103780871 -0.0110919043318593 0.0414667099205738 0.0426218838138131
-0.02170009964758 -0.00577541788710288 0.235307766085836 -0.450898707257802
-0.0228488130347596 0.00695746607628842 -0.356596277049757 -0.747075476147507
0.00253236329064745 -0.00278251966642245 -0.814579314761497 -0.0612726924182668
-0.00127017406099798 0.0101431813371075 -0.316996509597278 0.596911641976856
-0.0135922609891585 0.0134059463705483 0.207095600617242 0.44120847339913
-0.00683622497792141 0.0055057783843231 0.290557052158401 0.114614120013871
0.00435270337115305 0.00148342987225816 0.143016448902554 -0.148786962521838
0.00677873570723835 0.00197160682938757 -0.125982431634634 0.0754906604164811
-0.0213767168561638 0.00858972399566422 -0.187617220891387 -0.139280943694775
-0.00653042470569961 -0.0125632349644125 -0.0192609745729671 -0.393077964220087
0.0170650683564746 -0.0213094248472966 0.51333534734339 -0.330170158486626
0.0128134119643363 -0.0283420968157634 0.67771783548898 0.339267247652187
-0.00125889757823741 0.00584177067402034 0.126157528101751 0.773483782358595
-0.0300492785779021 0.0172825276295797 -0.30784474752343 0.447745624921919
-0.0345281061589648 0.000644822410985371 0.0377754807108487 0.0411744914629122
-0.0225012969723968 0.00676880182884558 0.229845880961078 -0.450841341924178
-0.0175654136770677 0.0127318658682102 -0.358581377190369 -0.747695374860411
0.00394692720762409 -0.0037462016833358 -0.815445080062469 -0.0639700978719647
-0.00133936154660178 0.0111972661871924 -0.31766749933486 0.594625151721187
-0.0110422518698248 0.0182234020231605 0.207256944796705 0.444189278490324
-0.00398931979338831 0.00814164680214191 0.28984880894263 0.117790910709218
0.00869782732467495 0.0028147538968208 0.1424394950794 -0.148791545437367
0.0104902763455616 0.0027448283777295 -0.125684883415222 0.075355122755344
-0.017931665193303 0.0119610267883992 -0.19125046319054 -0.134600767028738
-0.00649347364764867 -0.00930011722795715 -0.0278699295259646 -0.391201856029822
0.014028802944588 -0.020241445339418 0.503450674610679 -0.349729502442556
0.0132551930236119 -0.0268474611290462 0.688530543938208 0.310692408824588
0.00257754635413009 0.0140651596600303 0.151157585311186 0.767766547304188
-0.0323459021354422 0.0291544216769544 -0.300993921257643 0.458032175677992
-0.0403627993368454 0.0111823784960228 0.0311313997741771 0.0461050806179494
-0.0229913099580582 0.0188075168667437 0.233186777496388 -0.443705482422007
-0.0127753848800214 0.0199821820480265 -0.34231402837161 -0.758550253079709
0.00513487652794194 -0.00131379665453953 -0.818965768684061 -0.0963070794671845
-0.00266019846916767 0.0127993140112062 -0.332207613276997 0.583318303505993
-0.0102993500194841 0.0206631048296943 0.200119137539872 0.450190945673313
0.000914208234686881 0.0103881795584815 0.287809785970856 0.124642569637403
0.0152536422825196 0.00415827851950022 0.143192268003922 -0.148373415601777
-0.00613162385745108 0.00571500051640755 -0.118339322790283 0.098722900669044
-0.0137962876553896 0.00663963633450672 -0.20719623807398 -0.114446002965288
-0.018493597737884 -0.0211040189896944 -0.153743976439105 -0.389372110760583
-0.00776917192720321 -0.012582082351335 0.33089922977165 -0.476911720929337
-0.00724020925962067 -0.0242645790418142 0.719729907144582 0.0721568688831309
-0.00259758415339894 -0.0133377244871784 0.366985665533096 0.679152994217644
-0.0116009688370711 -0.0159754081786217 -0.203376494121685 0.523696670927593
0.00786962859267257 -0.0352536950430239 0.0109219858110207 0.0960220561961158
0.00133363882050426 -0.0326652237470952 0.321251072739514 -0.353777590559026
-0.028415240936237 -0.00852051851550052 -0.0953204955603275 -0.841716021818705
-0.0107391408181921 0.00655960848866301 -0.782981541153123 -0.37346217053012
-0.0214923093676923 0.0147214711874498 -0.540501690182678 0.450693905147337
-0.0209693195121442 -0.00199804598079061 0.0684085418293674 0.477891472886622
0.00203160740212236 0.00283539714082807 0.275394894913512 0.169202248283637
-0.00592633596503895 0.00958698311604315 0.166085487868102 -0.133113428882364
-0.00866251270197448 0.00349038125584995 -0.119858470302034 0.0957991271096298
-0.01947634782858 0.00594316381594092 -0.201924932749118 -0.123660857494752
-0.0183953058907895 -0.0235172149004934 -0.12681909322154 -0.396681788018618
-0.00221094090391315 -0.0169768720254433 0.377061272596862 -0.446120838887369
-0.00601433398427693 -0.0276619450387066 0.720954939537088 0.139828538624355
-0.0063896556619629 -0.0171574618502737 0.316982688244776 0.710978379881312
-0.0122780202285126 -0.0206229899175344 -0.227598617765408 0.510032027783822
0.00661337295128855 -0.0381681181599841 0.0215655893122693 0.0833941952422409
-0.0023974949260756 -0.0366001117752787 0.307009331705602 -0.381697614020273
-0.0312869263808899 -0.0103373476400507 -0.158366888473861 -0.829808760210882
-0.00784736171260356 0.00599957725039686 -0.803045435315784 -0.299752778598966
-0.0151430854369225 0.0131490655865924 -0.496139044695555 0.494659566249805
-0.0203622365380798 -0.00253626793192555 0.100883182359424 0.472185729659877
-0.00358132820464374 0.00109064780487335 0.282664869853351 0.154480844582806
-0.00860060048532063 0.00716016966593311 0.161639639340447 -0.137176589980151
-0.0082458103776854 0.00194522165854393 -0.122223230479088 0.0905298862871837
-0.0230523673696332 0.00418986815319324 -0.195628720562505 -0.131782428032273
-0.0160054592602474 -0.0231990913862408 -0.0948257623245185 -0.403337745486126
0.00422577982734282 -0.019799150972895 0.42467651520876 -0.410376740900572
-0.00191047298429486 -0.029694397517609 0.713352974273277 0.215293246931428
-0.00719874192402246 -0.0183074757343322 0.252658115034382 0.740797581618798
-0.0139415388883358 -0.0202246086408301 -0.255449053318647 0.489952180501155
0.00149669272143723 -0.0368234592996529 0.0311067953394972 0.0696477830030189
-0.00771253800986906 -0.0347932295702637 0.28656110552108 -0.409603656201856
-0.0316356469194267 -0.00842219179973709 -0.229429731372525 -0.808501401760461
-0.00491220493372153 0.00338045155738579 -0.819924941599728 -0.214742796788763
-0.00954943396353181 0.0115029651015543 -0.439648072991773 0.53854362641911
-0.0192943362064154 -8.0502332188561E-05 0.137491315681332 0.463359113218541
-0.00608426689648958 0.000479155464238008 0.288695730450762 0.14014278763885
-0.00802559168374411 0.00495694728380019 0.156147782534992 -0.140451474151652
-0.00493036072400374 0.000878329284994904 -0.124365568789481 0.0849870983287567
-0.0256935825386319 0.00307176561343362 -0.191461224502175 -0.137839769780501
-0.0125029254568104 -0.0228012594768285 -0.0631387925246808 -0.405055056023948
0.00997832587834116 -0.0213653277130836 0.466204059380605 -0.374342458695711
0.00269545860341657 -0.0317836172135985 0.700403889359276 0.278185776623854
-0.00712696211820692 -0.0153895059376811 0.195588645377091 0.764685040914733
-0.0168360121783965 -0.0146489610528433 -0.281665576041489 0.47218314829044
-0.00621277435049861 -0.0318355325635529 0.0379302067540963 0.0573824707464809
-0.0144946078429793 -0.0284105433460796 0.267282714734999 -0.430962835965004
-0.0308572040553256 -0.0039932214913169 -0.289220064397604 -0.787465328886345
-0.00168332737987438 0.000983236985704959 -0.823257144652932 -0.14503861650343
-0.00545498080430133 0.00976402849450063 -0.389074838779276 0.570337958950768
-0.0174420388578865 0.00416558477814319 0.169095651671632 0.455325914240486
-0.00838891184592011 0.00164786516214327 0.292180012917683 0.127452364591343
-0.0065640368288767 0.00305296876051593 0.151150259021432 -0.145098778289101
-0.00178893004009808 0.000112822787856751 -0.127379874589656 0.0804723790929387
-0.0252374908444317 0.00383397009099448 -0.187623310442214 -0.141083148541835
-0.0102934378220327 -0.0198387665369748 -0.0385405995963973 -0.403746181243275
0.0150960174822298 -0.022565120752287 0.494510364995085 -0.346869053654325
0.00736021302359182 -0.0315414516833397 0.688025714900845 0.324833323579078
-0.00637068452727397 -0.0106260920894771 0.149654203868171 0.777609385662313
-0.0207907127431768 -0.00636077258944772 -0.297908976680737 0.459248922303648
-0.0159263594318434 -0.022550530745632 0.0410987976442838 0.0487721638834822
-0.0185711981571564 -0.0185842631366054 0.252717104179558 -0.445619457166047
-0.0282621607730528 0.00081895837317305 -0.330732062184706 -0.76884968109858
-0.000262484686555913 -0.000815623718134512 -0.823790582102421 -0.0923253974286591
-0.00290766913745136 0.00963452853741844 -0.347606987868358 0.590164011110733
-0.0158389469826797 0.00883640998297978 0.193059529223319 0.448031447734412
-0.00912456154016712 0.00287217982309484 0.294477447897998 0.12091411047716
-0.00202235728599875 0.00169581785002526 0.14756347521728 -0.147201682929342
0.00254247091453616 -0.00022184970498445 -0.128916375879931 0.0766877741199157
-0.0233048203581316 0.00612262611943515 -0.187499544679773 -0.143760260020889
-0.00825126462623728 -0.0170876419182231 -0.0217522210636041 -0.401374711927887
0.016995973351833 -0.0221617383384583 0.516451695866163 -0.330731350620988
0.0100728032419091 -0.0307904581203436 0.681962075109768 0.348742313239758
-0.00341500406869887 -0.0034898529278818 0.123119554987454 0.782587994296859
-0.025026400343614 0.00494172516204424 -0.309348746712109 0.449825769143466
-0.0255161367668393 -0.0115638386979658 0.0410476171741406 0.043945174805029
-0.0216656161046772 -0.00620655823940171 0.239761643859971 -0.453082179057005
-0.0239636178393586 0.00656158227071332 -0.355728446259745 -0.756960516255996
0.00254002382095158 -0.00239693377632326 -0.822814687723149 -0.0669612235561305
-0.000945376055897222 0.00971629945700426 -0.325192159169697 0.601602352453702
-0.0138405990272849 0.0138786118240276 0.20713210959977 0.446801929194189
-0.00704005553621316 0.00543527238241638 0.295018201121389 0.117166206317735
0.00381790134873808 0.00128369181340308 0.145827634808167 -0.149892010411414
0.00691509948534431 0.00118488206545934 -0.129074049722187 0.0751674463202366
-0.0217397662795005 0.00872510499150965 -0.188671399366461 -0.141708240891607
-0.00748019717650373 -0.0126382398560865 -0.0175824138265087 -0.399138797745582
0.0173230810659227 -0.0210983237108529 0.521741873834686 -0.331237916154341
0.0127137757663136 -0.0285055060017303 0.684255568931325 0.347925032251222
-0.00129640724885535 0.00572600006899572 0.122917151157123 0.782676889440562
-0.030259204355459 0.0166567419252604 -0.31222354485347 0.451701367650951
-0.0339247440339562 -9.55269558285156E-05 0.0377764531404224 0.0426955487417136
-0.0224566067158058 0.00705396220033121 0.236532403225599 -0.452402056388721
-0.019277512422633 0.0135519487757309 -0.357843838527841 -0.756994093798991
0.00444464890100317 -0.00242880645650078 -0.824358696049945 -0.0715582318134657
-0.00109260909492634 0.0107747558047538 -0.321068799272054 0.600086674243145
-0.0120249426403077 0.0179989438322674 0.208231809812085 0.449445098288348
-0.00513254353215541 0.00733140704602199 0.29263538670802 0.120478386569011
0.00938049838405555 0.00196267848060254 0.144564689292549 -0.150014050740874
0.0107573386125777 0.00322438736596034 -0.128734354817431 0.0748055339840407
-0.018434748185505 0.012084449900611 -0.192325742166399 -0.13733121152109
-0.00729904399812087 -0.00960926907018773 -0.0250257962623777 -0.395852750074923
0.0148290218237566 -0.020533364782418 0.513167061850996 -0.351706702429826
0.013341167569067 -0.0268899669080988 0.69444122384245 0.31844615164444
0.00256729592055653 0.014492737282748 0.147236825087937 0.775477541287711
-0.0325918165966036 0.0293250109965907 -0.305441542290162 0.459979760019285
-0.0401798306474453 0.0114503732109151 0.031102145282795 0.0463291314062958
-0.0227727320930045 0.0185840478290375 0.239458013606178 -0.445903453359681
-0.0127351296596782 0.019786223711533 -0.341951240345882 -0.768313527176706
0.00527747569251016 -0.00183964292703773 -0.825370035279506 -0.100734768480157
-0.00224130870082815 0.0130010287088222 -0.338588566602255 0.589210889399017
-0.010739805451531 0.0213353744771382 0.199057880947131 0.456365683615171
0.000317649056887304 0.00967338278297694 0.289648485557259 0.128510587323544
0.0143634640019901 0.00373159581636423 0.146556330117588 -0.149359531050386
-0.00654380733251825 0.00484243853032586 -0.121959288578113 0.0989163903868718
-0.0143235950281115 0.00774713189169898 -0.21040632503847 -0.115146488037873
-0.0196534999897006 -0.0212805982362085 -0.153779696068768 -0.393318528474434
-0.007475339302742 -0.0130426612592714 0.337930832942209 -0.483976988183784
-0.00819817833419687 -0.0243487785228138 0.728031011273591 0.0771515498470078
-0.00368026449221248 -0.0138777217962953 0.369415653992101 0.688645534275366
-0.0110160740785005 -0.0164984717566141 -0.207335411532799 0.530204258632072
0.00838950777256423 -0.0349654324762656 0.00995043360391683 0.0961608552629185
0.00155428673999054 -0.0330703382119575 0.326913149126424 -0.356666056082707
-0.0286428109624057 -0.00887953541470546 -0.095728574753477 -0.853726012771003
-0.0112338300942177 0.00637803733504298 -0.793261370785039 -0.380453927457095
-0.0208928315792615 0.0149597026517842 -0.549307898395355 0.452437418012835
-0.0207018094852844 -0.00207867131729239 0.067257668263465 0.483268480112629
0.00109889469645788 0.0030882142690221 0.277837805023431 0.173499897891047
-0.00663988879770901 0.00980510574854942 0.169587764566056 -0.135021863781587
-0.00879732955251193 0.00291242870734806 -0.123010372797772 0.0963521334153363
-0.0195527069412492 0.00580818796465069 -0.204138289292936 -0.12589568733464
-0.018241177048406 -0.0239865656162162 -0.128605337918454 -0.403526135191392
-0.00191121165985613 -0.016864879169287 0.383931031191397 -0.452638161280765
-0.00556365717964703 -0.0275754754488937 0.728880445577415 0.144182603305148
-0.00612193417629886 -0.0171935415359353 0.316961999399566 0.721258145307052
-0.0122701391071339 -0.0213858414243007 -0.232379504665378 0.514272166582477
0.00635105380234192 -0.0384337717075642 0.0210581447983944 0.0846878223909496
-0.00202311125094482 -0.0369413994971145 0.31249595728267 -0.383141435143393
-0.0310308915518006 -0.0106071565776129 -0.157827796148965 -0.841146623792392
-0.00854278538489197 0.00494463983740116 -0.813298912729092 -0.305746536459826
-0.0149209569670573 0.0140495179931303 -0.502706796099335 0.497401741915439
-0.0207936527306553 -0.00236696551644182 0.100793634457984 0.478832706432979
-0.00347610200840721 0.000452738062469173 0.285897407494745 0.158628938414169
-0.00868249813355785 0.00694699836210968 0.164969529703878 -0.138986096536289
-0.00771179733631867 0.00133657973258613 -0.125798134330081 0.0907149384737719
-0.0231004950764153 0.00472843332048563 -0.198372620676172 -0.133702337387745
-0.0158386068368522 -0.0241599175564728 -0.09354395920344 -0.408365749350307
0.00502649365545192 -0.0205607083256559 0.431663923531181 -0.414526484710385
-0.00206328835344636 -0.0304902832997263 0.72084236691937 0.223156741582134
-0.0073625136064678 -0.018277403235274 0.253743437262401 0.751230274453765
-0.0138905075066653 -0.0201894089192884 -0.261237953588898 0.495283863258087
0.00154306444654642 -0.0378699784379341 0.0304804510156327 0.0705603335964369
-0.00810553603650421 -0.0351227823436614 0.293079724760683 -0.411046946284293
-0.0326004234967878 -0.00786205608564012 -0.230755593842502 -0.820409187568069
-0.00528196685931067 0.00359141405703792 -0.827642599338912 -0.221070391933996
-0.0102822334975034 0.0124223407711362 -0.447286854748058 0.542613471181224
-0.0195716831756861 0.000376502517222516 0.137372161412365 0.46990913501487
-0.00646302709005848 -0.00010341727588194 0.292300277242535 0.143324238987718
-0.00805536284131141 0.00484050161061487 0.159603548366243 -0.142805462943689
-0.00587553370339553 0.000809389254959929 -0.127498309907843 0.0857261456292445
-0.0252714177459264 0.00361547988341527 -0.194175585072456 -0.139689048032067
-0.0130269937970845 -0.0232301497801406 -0.0613745956735097 -0.410610503719144
0.0113432639255738 -0.0220796579183732 0.47546065096428 -0.37835996008343
0.00233843047979553 -0.031992009426277 0.70785578972096 0.285876527187497
-0.00783193597993107 -0.0159309169148155 0.194896162261389 0.775403285306402
-0.0166610470405892 -0.015882979767681 -0.285759058443445 0.476248939639572
-0.00654699329776842 -0.0319536372521757 0.0378314699000159 0.0584739661060291
-0.014473043232955 -0.0290913754866076 0.272145984394428 -0.433627264794075
-0.0317080651685335 -0.00420195359229713 -0.288638631357977 -0.798200644675747
-0.00226955522938051 0.00100974135471211 -0.834067991972937 -0.150161184075998
-0.00547963531629752 0.0104314484737892 -0.394540119997254 0.574877150696548
-0.0180189818110847 0.00443992545610637 0.169972717881208 0.461052986835232
-0.00823171976226808 0.00126746568335339 0.296710415467341 0.130367416765208
-0.00663510174229848 0.00272343383920278 0.154195849190544 -0.146784938169524
-0.0014162290938349 -0.000166681629567816 -0.129623692913975 0.0811676725983942
-0.026323609057436 0.0037941955813929 -0.190637754705715 -0.14352007649735
-0.0103516073178311 -0.0202262329927355 -0.0359205947744311 -0.409937102158505
0.0159289665771328 -0.022291909435362 0.50408086818432 -0.350219097517327
0.00646566121214468 -0.0321992969962697 0.696447214799957 0.332477078636791
-0.00715435432734173 -0.011100125782878 0.14873505059888 0.788761678234243
-0.0209304421689931 -0.00709135955536931 -0.303129130719607 0.461833284803052
-0.0156892413583125 -0.0229769072225122 0.0416641859202766 0.0497766851407395
-0.0184183238590539 -0.0180380864705108 0.257362673071568 -0.448299771118793
-0.0287626031453381 0.00140177990594775 -0.333664015587788 -0.780814041961203
0.000144918076201679 -0.00121635067390428 -0.835618656031899 -0.098576737098754
-0.00248488561308972 0.00985621421650435 -0.354473065101924 0.597513290872438
-0.0162416894311928 0.00947599916183317 0.192329449836738 0.455785567139199
-0.00905660492374036 0.00322965835506255 0.298680638579138 0.123242672343491
-0.00200233570694839 0.00213218360183556 0.150509341971897 -0.149701747972505
0.00290925122941777 4.1425710955805E-06 -0.132017872319343 0.0772376842496333
-0.0243411186548892 0.00581286578319182 -0.189180070517525 -0.144625525550325
-0.0083303420180153 -0.0164905262791003 -0.0200142233163713 -0.407474441711672
0.0190086729384431 -0.022412436660519 0.526058017681172 -0.333250069537332
0.0108067110146471 -0.0305436608890865 0.689399988484409 0.35647327923854
-0.00508587876709851 -0.00219124680662624 0.121429936448314 0.793831544641176
-0.0255193912614108 0.00448239272974413 -0.314994880676777 0.453846524016194
-0.0256656581133432 -0.0117844069255223 0.0420042523468788 0.0441069462529325
-0.0221158015164109 -0.00573064689602835 0.244741240709989 -0.458065241557506
-0.0233005257656193 0.00761716818924505 -0.35766297623069 -0.7667635387365
0.00214962593786154 -0.00270461121688738 -0.834251795326712 -0.0720964956255268
-0.00165565855112018 0.0100487854863789 -0.329599103649649 0.607816024900619
-0.0142862170553002 0.0139765927523257 0.206862601032935 0.454251298853376
-0.00778088511047587 0.0048470488446427 0.299613289632193 0.120870244425852
0.00293546949507528 0.00184170130677039 0.149120892430174 -0.150524287012293
0.00705826110872475 0.000714968987606652 -0.132130890074547 0.0749342400303325
-0.0221882799007509 0.00878030863331713 -0.190695707051014 -0.1436824579437
-0.00771613275580196 -0.0126172608191316 -0.0153849308427826 -0.4034876274522
0.0181564899141005 -0.022460886937429 0.529920852143386 -0.335422505389929
0.0127292877603042 -0.0289290752875051 0.690886932899301 0.354822600168142
-0.00192118861464555 0.0065143749145409 0.122712693253061 0.79336999791575
-0.029701778145641 0.0169611130586233 -0.318108174894112 0.455192163721024
-0.034704671926541 0.000162963951284151 0.038042285804126 0.043923884489632
-0.0225961304219833 0.00756693532802985 0.240211329557967 -0.456343051731822
-0.0184091396153865 0.0137073991701767 -0.360047398851945 -0.767655336199356
0.00359869995235702 -0.00340526571679816 -0.834863022129768 -0.0758732304255899
-0.0015685832178968 0.0107102386443469 -0.327542308721232 0.605405196350507
-0.0120226758420847 0.0186195996165751 0.209658073421124 0.455964866793446
-0.00505602076621037 0.00705883171553581 0.296343710933502 0.12321573002251
0.00962236820662949 0.0026472355438049 0.148422054477801 -0.151276240589484
0.0106687078528838 0.00221073406184487 -0.131504776496853 0.0753044854371506
-0.0181871101998024 0.0119200964056159 -0.195032033900824 -0.139008924258342
-0.00770759896332808 -0.0101181830097894 -0.0231537524026069 -0.401488125967743
0.0151417507683335 -0.0212351493050574 0.521022559098543 -0.356128581746708
0.0132544388324646 -0.0268292992877864 0.701730074194512 0.325241600745971
0.00161351847728922 0.0152956918865001 0.145481791781487 0.787535429124576
-0.0336821941579929 0.0299442838475038 -0.310832227016323 0.463283410901273
-0.0411630857276068 0.0111410690976751 0.0312821149245327 0.0480527173959938
-0.022608905394349 0.0194531532040581 0.244995540614868 -0.449553988372877
-0.0132175476349724 0.0205994158009425 -0.344424169803778 -0.779263643630192
0.00492837364538545 -0.00190277296595611 -0.838639444641128 -0.103788033599887
-0.00296586050578844 0.0126855539705778 -0.344555411376646 0.593753510926651
-0.0112656092506849 0.0214845831554188 0.200408677125267 0.463143031726021
-0.000673775539037892 0.0099087904871141 0.294616552409469 0.131582483986422
0.0143296254101968 0.00489720703051499 0.150029988706345 -0.151081993758167
-0.00716570945508044 0.00451223344598625 -0.124029403585203 0.0997978576407885
-0.0141111582340931 0.00776411013694429 -0.213110956093896 -0.117045056864432
-0.0199329358117565 -0.0224520673736658 -0.15453613532796 -0.40117430006373
-0.0071233226995664 -0.0130927782172173 0.344293617565144 -0.490141166891281
-0.00887128042144158 -0.0252603314148106 0.738281883703953 0.0794499423496874
-0.00385915376294242 -0.0137323547343831 0.37215922286103 0.697810232489096
-0.0114848015081337 -0.0164102159300262 -0.211160002964723 0.534439949669099
0.00853471280314861 -0.0352588045312508 0.0105411536619705 0.0987042827632515
0.00167455043263454 -0.0333081694018573 0.333552302115015 -0.359071775083357
-0.029153104414249 -0.00862741360871955 -0.0933612399299713 -0.86313181495345
-0.0115411135875791 0.00695664726896932 -0.803284853676642 -0.387942324213043
-0.0206973867076154 0.014962882526201 -0.558872395474081 0.457417074166264
-0.0208200837214633 -0.00228492530709426 0.0658085820131717 0.491425759687891
0.00117830928826284 0.00257063076961711 0.282497721050146 0.175608307316591
-0.00663011064676248 0.0099703390967477 0.172747954434943 -0.136188957949287
-0.00873333076565246 0.00256697175779958 -0.125770197609108 0.0962453471193661
-0.0194835629375166 0.00579483560773415 -0.208038193188444 -0.127074166771188
-0.0190885637491364 -0.024217257830341 -0.126422783656431 -0.408272185747576
-0.00196125839612395 -0.0173124200499872 0.390428937004943 -0.459224790199857
-0.00599702517876174 -0.0283895778516576 0.738315120125042 0.148933450044556
-0.00763933138503333 -0.0170318793704231 0.320735819336886 0.731781922544962
-0.0128362617871593 -0.020727270914541 -0.236748880343123 0.519899170095439
0.00733345712569175 -0.0393069191074164 0.0208540264503324 0.0856494587675378
-0.00197751074824096 -0.0370595979461631 0.317210248657419 -0.385354512476642
-0.0317974925312269 -0.0102183014342905 -0.159239421058806 -0.852583389654908
-0.00850791932837852 0.00530406903349964 -0.823522632415642 -0.309823722533917
-0.0143964883929955 0.0137485807611899 -0.510806463736326 0.504877433648384
-0.0206254436807588 -0.00190772681625419 0.101088659447702 0.484249066767559
-0.00356609349795333 0.000827501448651936 0.290436229515837 0.161624617401109
-0.00842443207274854 0.00727555795684445 0.168023966971459 -0.139980339077246
-0.00775173063884912 0.000252633822897682 -0.12873315224178 0.0913736419316264
-0.0237974386992203 0.00454988743818375 -0.201941268801426 -0.135452035929148
-0.0161871443509559 -0.0244592455973997 -0.0924425530182222 -0.414116368638411
0.00433317733951311 -0.0203195952592324 0.439455322382369 -0.421198721290881
-0.00224496664709515 -0.0309220208731004 0.730362109556697 0.2263161586988
-0.00852237397715884 -0.0189661077051511 0.255516051829589 0.761528144646617
-0.0136850611962466 -0.0204300003791685 -0.264826023939162 0.500873520240558
0.00179646003465962 -0.0379394146721344 0.0315900538646228 0.0718831417066811
-0.00805121279803542 -0.0351157076966829 0.298439395195077 -0.415131110585628
-0.0326185970346558 -0.00805260030531941 -0.23087640015253 -0.831729404694603
-0.00538622373401417 0.00342618539835145 -0.838485007564089 -0.227827846144534
-0.00894491832692771 0.0121488323947758 -0.45554011872691 0.549097096915652
-0.0197824562590995 0.000221597604340526 0.137194826541494 0.478174823502741
-0.00665882364437638 0.000121631596756034 0.296676788891105 0.146420630869598
-0.00850909954137535 0.00488617387341385 0.162185538990176 -0.144226597315115
-0.00612671949372832 -0.000247863717815796 -0.130912718782247 0.0869433910789561
-0.0258872168038572 0.00368107407896035 -0.197033292487891 -0.141785597474739
-0.0139588842776313 -0.023563322388309 -0.0620202009940545 -0.416227357816283
0.0113867545409279 -0.0225828051541066 0.481209165864947 -0.383366266420726
0.00200046891431065 -0.032302600461922 0.718311329027742 0.291223090631296
-0.00852012048515888 -0.0163607372343658 0.196050986958514 0.785209007367958
-0.0167989978818704 -0.0152412460597645 -0.289114585998736 0.481613050978386
-0.00592604875849069 -0.0317081584113974 0.0386997507588768 0.0596879805903658
-0.0142263405112607 -0.0291243276798336 0.279445582977314 -0.436600469010403
-0.0321693056347348 -0.00377677720945472 -0.291190768874175 -0.809254541887468
-0.00235614963231549 0.00133247885997351 -0.844302143825472 -0.153163640483636
-0.00519251528445044 0.0106313501643177 -0.401600013646315 0.583975529326263
-0.0184047703509748 0.00436089909082138 0.170625358103092 0.469653096704605
-0.00862718023162499 0.00129084380062288 0.301629329283441 0.133265000259917
-0.00629113804174172 0.00296315597977558 0.157569271856976 -0.14822416974281
-0.00165451783734876 -0.001299638031542 -0.133995449353808 0.0814096028437375
-0.0262456641550233 0.00436727391767039 -0.193483541588956 -0.145459524127287
-0.0110309242719635 -0.0210969303772869 -0.0346407554240049 -0.416355645783654
0.0160447613781726 -0.0235150985606099 0.512291402459847 -0.356289519007796
0.00646658739356064 -0.0317900021592487 0.704691754815224 0.338711165316895
-0.00749035783272886 -0.0101450599188118 0.149091876382279 0.797524591472624
-0.0205533571679905 -0.00712785931370947 -0.306239501218906 0.468272290553657
-0.0161469720491469 -0.0233767881163731 0.0422496731344396 0.0506343350762032
-0.0185076232515748 -0.0183986587201621 0.261094743019481 -0.452942041235745
-0.0284972150905386 0.00125183336571007 -0.334707238888662 -0.789186695911646
-9.41370672087605E-06 -0.0013264647326918 -0.848180572450247 -0.100857026684464
-0.00232573270679496 0.00930364420544033 -0.359471195444279 0.60461653199369
-0.0162044946194315 0.0088714251450595 0.195180347742138 0.462153982678759
-0.00872278304825217 0.00320624763810163 0.303000107307476 0.12538066045158
-0.00215330482779558 0.0019065036385009 0.153543399057728 -0.15064997531096
0.00236694726540041 -0.000667607168187066 -0.134676062387055 0.0774630979408846
-0.0246619014824131 0.00558020338604923 -0.191871208500225 -0.145731657243053
-0.00902710438467588 -0.0169505598062727 -0.0180906134760946 -0.413296208263407
0.0188947847842321 -0.0233355593298689 0.533001800116075 -0.339942755165915
0.0103040174531535 -0.031006881960925 0.698404275237058 0.363617437360322
-0.0054930287887211 -0.00185432093342485 0.121114498469014 0.803265346539349
-0.0253132302034963 0.00396131758586301 -0.319868889266988 0.458596675655649
-0.0257901348402523 -0.0117781403025586 0.0423043136845359 0.045252780724754
-0.0215287724760268 -0.00569393051214801 0.2489381463272 -0.461526036632041
-0.0243018838246338 0.00799434111013595 -0.361751955882508 -0.777320435475311
0.00205540684643903 -0.00323472102600746 -0.844320227290672 -0.0736300319683943
-0.000985464925186762 0.0105457558319163 -0.335665213956403 0.616067636649256
-0.0141715603959679 0.0147563279152204 0.210078716843842 0.458969242886754
-0.00834717511103489 0.00533012519434294 0.303813415442511 0.122099985208974
0.00302601848251356 0.0023463674685026 0.152591220924554 -0.152614057617194
0.00687991387388492 0.00113748314032402 -0.134903770065061 0.0750848566080455
-0.0229960826984083 0.0086979383783174 -0.194047920535518 -0.144398354381336
-0.00837086695523535 -0.0136077816535158 -0.0139489476941295 -0.409749024289775
0.0177928878233962 -0.0231570204639922 0.538223121883411 -0.340042298768403
0.0134100706573052 -0.0289620374662597 0.700156189582137 0.361620609778945
-0.00320910826761004 0.00704519662590301 0.122101611217286 0.804134487290523
-0.0297112531704097 0.017029461485693 -0.321923634732291 0.458963544740195
-0.0350678625422455 -0.000206649664578418 0.0388315299549329 0.0454194054943425
-0.0234931080824457 0.00716999094438831 0.243568726987914 -0.459818579864856
-0.0182439316941851 0.0141955647477889 -0.361372663899785 -0.779770011169048
0.00349704409914326 -0.00328428262408517 -0.847111133312035 -0.0775772053188081
-0.000885949346693254 0.0113303255548662 -0.331939311555041 0.613053466209394
-0.0125327403750505 0.0189529921330999 0.211622955960534 0.462994485368452
-0.00523087737797286 0.00725412743073028 0.302584017002825 0.12495066680034
0.00935270238233061 0.00338883425884924 0.151719296092721 -0.152946846426882
0.0100128964032975 0.00179684640655517 -0.134953384268929 0.0760147665394678
-0.0185510457149123 0.0117074302624254 -0.197739194213021 -0.139686992184664
-0.0083680864210348 -0.0101597609117514 -0.0227052516688902 -0.407917002107074
0.0145084215467669 -0.0219662572686378 0.530131938658356 -0.360146746401415
0.0134352703317334 -0.027020054291285 0.713218824708497 0.332808476418432
0.00121460978223958 0.015948257649213 0.146004841862196 0.796141430724939
-0.0334563560723269 0.029785732293543 -0.315487871934617 0.469140432063865
-0.0413951075026343 0.0113675211517863 0.0321578809760922 0.0491433887053766
-0.0232793484179646 0.0191949261989026 0.249307857495282 -0.454583069777178
-0.0139600264168373 0.0208173935594081 -0.346161045690341 -0.789720386759261
0.00481147503405655 -0.00219448568960355 -0.848565199127807 -0.107625499216489
-0.00196627383256287 0.0132105926450138 -0.35258312559048 0.602973492535396
-0.0115211709520833 0.0219430054811768 0.202247776460202 0.469386004929052
-0.00069444725296243 0.00981574644276307 0.29831644615369 0.133397748915405
0.014796501393402 0.00426145143880663 0.153149611982421 -0.152210234368125
-0.00661320150674387 0.00382456324814796 -0.12715444765079 0.101324312497392
-0.013889527886108 0.00758277605947196 -0.217497471840597 -0.11859060179693
-0.0210914005036404 -0.0221626723799838 -0.157467041437825 -0.405969153261591
-0.00738407156863438 -0.0142271030378605 0.35021073453195 -0.499204392330198
-0.00871522258892333 -0.0249700377298967 0.751444528055521 0.0812062425041509
-0.00406844458058951 -0.013923637775133 0.379136060550644 0.706831198246184
-0.010778722141707 -0.0162355528341593 -0.213860082110268 0.543805344115346
0.00853342020500323 -0.0361952675059259 0.01010034320526 0.100507385815091
0.0016567889379092 -0.033832801555239 0.33711013947479 -0.362900193773179
-0.029761542190182 -0.00884708786620571 -0.0957344029276085 -0.876541851808659
-0.0116606192939037 0.00727998341470492 -0.815918322035406 -0.394065365940448
-0.0207852985475998 0.0155246474451647 -0.565564636968897 0.465348218993694
-0.0216501783264495 -0.00212756420277242 0.0679113379783006 0.496631010541901
0.000541300473359648 0.00306785674925038 0.287798980530854 0.177950068919016
-0.00690565323515443 0.0104562446774662 0.175733184205687 -0.138385663417393
-0.00905888906590547 0.00207624525296814 -0.129332341101602 0.0973537824255485
-0.0195883702548783 0.005809853559909 -0.21227978758436 -0.12839175718277
-0.0192954786844464 -0.0238593066192762 -0.127865120207652 -0.415064396122934
-0.00133833008336161 -0.0179953930055156 0.395841536862397 -0.468955169517181
-0.00674064263156402 -0.0284160184442924 0.75134356516524 0.15121224594149
-0.00776547490540905 -0.0177503005798831 0.326262183590214 0.740381192590204
-0.0116828396155906 -0.0212281020208487 -0.238160273815936 0.528297411051663
0.00745700830252697 -0.040088482724674 0.022071834729048 0.0875140251694652
-0.000884902064908121 -0.0377354996950201 0.321067233289215 -0.390063882114143
-0.0321262510439806 -0.0094295334236309 -0.163104337547781 -0.864484700347682
-0.00926593478128865 0.00456502425526581 -0.83881437542601 -0.315391539921312
-0.0149607185973255 0.0140441026905742 -0.517356150935112 0.512666521386082
-0.0211890609931085 -0.00158089166436917 0.102934818639573 0.49290015457065
-0.00297801227595177 0.000185903965902338 0.295247115075639 0.163866048495026
-0.00908201819729918 0.00723580780544434 0.17083431080301 -0.142406381500584
-0.00840157424819743 0.000875970917996941 -0.131602369809227 0.0922627682862008
-0.023955327457439 0.00451560141968848 -0.20670130644389 -0.136702849716564
-0.0173052865698733 -0.024690897545195 -0.0936323855828973 -0.421680305899899
0.00534326269935797 -0.02131465518158 0.445750479900063 -0.428127312808488
-0.00234686688413417 -0.0306180254232358 0.74335127145019 0.228691430460753
-0.00919046316876481 -0.0184129637234169 0.260324465209387 0.772036876307115
-0.0130056164253612 -0.0211651511865692 -0.267708224822395 0.507774447095308
0.00186854225340954 -0.0378514772851724 0.0317942767028071 0.0733281095181026
-0.00774338585864484 -0.0363537442570163 0.301833677209393 -0.421171045796861
-0.033879411749453 -0.00800656130493752 -0.236328183883417 -0.845340034983167
-0.0050775462375149 0.00358470652929572 -0.852447119446781 -0.228136410911599
-0.00988794072402858 0.0126845811356168 -0.459022867226635 0.55744462599105
-0.0200826462064686 0.000689477820323494 0.141150522680727 0.484553590037654
-0.00774957506483738 0.000880785124977267 0.303141966353769 0.147690323354639
-0.00841320890306003 0.0047402499684639 0.165167121131239 -0.146201852299411
-0.0059193934941358 -0.000656039210400666 -0.134426753026046 0.0874739049311562
-0.0258718191322954 0.00317643624945223 -0.200397111634765 -0.143537883784834
-0.0138156315907663 -0.0238770784092973 -0.0620959659801052 -0.423594953870426
0.0116473217534779 -0.0233660213476872 0.488466092321055 -0.390533911841865
0.00209513010126234 -0.0329218314280498 0.730435960250709 0.295329615466852
-0.00905792040558609 -0.015742351559233 0.200548660743198 0.79614975410394
-0.0163401694942944 -0.0156337680821619 -0.293035820373367 0.486625433229558
-0.00675328367551651 -0.0326082636024643 0.0395912412044057 0.0608704565340235
-0.0139068516409088 -0.0286465561386085 0.284014723121481 -0.444437168594799
-0.0322016901734053 -0.00343488495327951 -0.295808321851307 -0.820797497218709
-0.00214026406286308 0.00130783575025989 -0.857908054750016 -0.152377971056059
-0.00489908627926488 0.0109264807933816 -0.40539593299842 0.593221571960414
-0.0184161724220678 0.00448299286000174 0.173965794806748 0.475430915302223
-0.00915020790550752 0.00114316171344812 0.30710228773976 0.134687250422496
-0.00668340910827418 0.00343731290600141 0.160217089148904 -0.150818481939921
-0.00194954271184221 -0.00115659331765311 -0.136093139654571 0.0825073482567948
-0.0265747266293081 0.00399035135079915 -0.198015379595631 -0.146084342412757
-0.0114551555552527 -0.0216606202604652 -0.0377440492929143 -0.423433131482387
0.0163104866756037 -0.024167314998716 0.520479889860403 -0.363823670893407
0.00584718772425845 -0.0320950751370144 0.716385533225269 0.340179357032994
-0.00850901149316725 -0.0105470466385627 0.15163031387287 0.808121080744547
-0.0202952945140593 -0.00753211820134408 -0.309845074898086 0.473670768538467
-0.0164361552037212 -0.0234718942013 0.0431966796726687 0.0517276871381955
-0.0187729744744615 -0.018555814602227 0.265069759607049 -0.459120576752195
-0.0288905269154764 0.00262039430856688 -0.340836916533437 -0.800417069991864
6.25215643395745E-05 -0.00128688846390597 -0.860147337864357 -0.101374506824921
-0.00239279698674913 0.0100332030231629 -0.362876391988915 0.615259857038222
-0.0167327464394811 0.00979513510613023 0.199295813267672 0.470104237721444
-0.00952625977913659 0.00285505766741644 0.309858784115962 0.127010573903534
-0.00192299265005128 0.00158455496972438 0.157178779137029 -0.153738253409152
0.00224058177353552 -0.000638454666672385 -0.138344758727579 0.0786321360225988
-0.02543716572097 0.00577794022423597 -0.195317782382357 -0.148584067839467
-0.0102268736582655 -0.0171295422498798 -0.0183596056929255 -0.421766649228923
0.0187128102511112 -0.0242356619924254 0.542173864293392 -0.346230368023602
0.0103082728009221 -0.0309836973899481 0.709925215879222 0.367899956060164
-0.00662590207469212 -0.00251657711831698 0.125266946164157 0.815632065734042
-0.0260177824330023 0.00446709832572627 -0.32428345346981 0.465732450342248
-0.0257222576773348 -0.0117004745694524 0.0434526069236766 0.0463554144351626
-0.0214866774069349 -0.005803337697177 0.253037648667845 -0.467366607895238
-0.0238402244893286 0.00851448529557609 -0.36760022249904 -0.789867051608762
0.0016174253972389 -0.00290286232289914 -0.858015994110272 -0.0732184181516736
-0.00126702020241991 0.00989597853658818 -0.338981268477006 0.6255393893703
-0.0143997712801002 0.0150281655953826 0.2124534154402 0.46748171979348
-0.00838765777509827 0.00562061099620931 0.308680781153436 0.123636938664764
0.00284605413466047 0.00175205132803135 0.154987046215942 -0.155761019106357
0.00671840695861634 0.000412101032781596 -0.138651617457954 0.0766139416155481
-0.022094936350777 0.0084722763319267 -0.197126233482146 -0.145833384534816
-0.00842126543757139 -0.0138320742894656 -0.0141259256345867 -0.417028538074023
0.0189389872172917 -0.0239630050054348 0.547059772192043 -0.348336821756757
0.0127217000040596 -0.0288506280490234 0.711325285592591 0.366632756315581
-0.00363995545627872 0.00695282437155086 0.125380270717754 0.814826966225978
-0.0303262725599613 0.0175402194209434 -0.326941882076513 0.465156341792609
-0.0350253414836534 0.00066798029160702 0.039381325727826 0.0452112579771934
-0.0230972594296314 0.00759233043534592 0.248880933770102 -0.467573162594269
-0.018717127150875 0.0148563916733676 -0.369411003773757 -0.791804351055897
0.00358065553533239 -0.00288106707655361 -0.860036266883052 -0.0769807050305625
-0.00111619982235522 0.0117332599479035 -0.337270574633732 0.62354478802404
-0.0129699174783666 0.019429109115751 0.217383938892412 0.470093257875369
-0.00515594576598538 0.00814896322965196 0.308382996296594 0.126672550838955
0.00956054103909565 0.00246113098714745 0.154141183360087 -0.156341165543682
0.00981953346344011 0.00177338295979124 -0.137795016226855 0.0762199726815035
-0.0182673120314745 0.0121765306142137 -0.201824952780056 -0.142761534942645
-0.00908239951042027 -0.0103589399629966 -0.0234251829362391 -0.415280915792583
0.0157501389827904 -0.022671021756414 0.537307292231075 -0.367046531922775
0.0131753882309741 -0.0270133910457655 0.723313815234139 0.337100803483809
0.000724376147846689 0.0161719636367282 0.149608943885056 0.807870481032534
-0.033339069838659 0.0300567839158235 -0.319520415286697 0.475466355325068
-0.0422765962891884 0.0112929973786988 0.0325537252895986 0.0494134466850724
-0.0241823022622853 0.0203905643569728 0.252735313764842 -0.461655690034812
-0.0132478342758714 0.0213929555434232 -0.352190724375414 -0.800837792636341
0.0042968429407355 -0.00231192852180866 -0.862640374388033 -0.108511783552692
-0.00223595322726796 0.0129654205590069 -0.353487755923767 0.609565559047667
-0.0114926514100702 0.0229297738917537 0.206417910507367 0.477658007330586
-0.00108191916421287 0.0105466848089249 0.304939942970487 0.135001813549216
0.0150434620575769 0.00481623098604674 0.155427586221375 -0.155260234044053
-0.00765682122834786 0.0038464147746645 -0.130247401795694 0.103824535525167
-0.0137913209095278 0.00811506658994307 -0.222613687920942 -0.118154002360943
-0.0214613612965322 -0.0227572456917486 -0.161542198777578 -0.413761944065066
-0.00659916688458191 -0.0146860655302414 0.353382670099785 -0.510109910450125
-0.00952298045106701 -0.0254664639046177 0.763072489533513 0.0782285198616359
-0.00480555163323044 -0.0135261695600462 0.388963840627085 0.71611918335383
-0.0107640082230826 -0.0165411408880021 -0.214164707842199 0.55209217369936
0.00871815641153347 -0.0365398935777539 0.0110144222298048 0.10195307275597
0.00251931233490414 -0.0340393046901753 0.340695025311479 -0.369962859649457
-0.0295546963481945 -0.00808990784478011 -0.101993469265456 -0.890980572723171
-0.0122178423062194 0.00764466813312497 -0.831488386960803 -0.395812705161357
-0.0207453990266862 0.015412127388761 -0.571991485601833 0.474178243304134
-0.022367659800259 -0.0023900253240217 0.0716926747966899 0.505844489370318
0.00019328864284511 0.00203501425173398 0.294463130370177 0.179076200929659
-0.00740459580985057 0.0103988661769493 0.179159909564827 -0.142068506717742
-0.00959309795917167 0.00236986160036584 -0.131550040614939 0.0999192801553891
-0.019613225280826 0.00640677199933188 -0.216184299553633 -0.127795623980666
-0.0200182435745952 -0.0248442114386264 -0.133008766242339 -0.422782679945253
-0.00124030374148667 -0.0190683610078448 0.402062775749645 -0.477796651371586
-0.00719753315993531 -0.0281645786276678 0.763375327501008 0.148895106440958
-0.00839294459864526 -0.0175480677934031 0.335169567219917 0.750719619285228
-0.0115939570518989 -0.0210849395881338 -0.239131898212738 0.537461246868887
0.00739374625494112 -0.0404746432052809 0.0220050412240937 0.0895113921118199
-0.00170035286542289 -0.0381167294551574 0.326156037798104 -0.398346830917624
-0.033276763490707 -0.00963976787951251 -0.169260223120933 -0.876172977909019
-0.00874787508034288 0.00518177153081593 -0.851842990328027 -0.316885565138222
-0.015159775607043 0.0143016314911733 -0.522671489494421 0.52449680745839
-0.0217737666234968 -0.00127791342083427 0.106522414646992 0.501450540174429
-0.00356475251972311 0.000755900425597505 0.302143728852171 0.164826694525329
-0.00939633472255287 0.0074172204863586 0.174147918979714 -0.145304390447189
-0.00845046148124103 -0.000155863862354698 -0.134534180466733 0.0951212800093423
-0.0240373325339562 0.00479416874954254 -0.210121643000349 -0.137795080476793
-0.0176519488778497 -0.0255605755617847 -0.0966708424755179 -0.427785563122535
0.00500169272326449 -0.0218383154792291 0.45173325663566 -0.439390208486006
-0.00343146794049836 -0.0309772085575063 0.755989329301301 0.229841939116373
-0.0104505140434744 -0.0182023073776008 0.268396431343557 0.782865530412858
-0.0137037318261028 -0.0212524698343203 -0.268123807933118 0.515439566549352
0.00178347077933949 -0.0388445459226202 0.0330566930820571 0.0747557597101345
-0.00826852901752481 -0.0357867536960158 0.30565380904229 -0.426757125951001
-0.0344122046327381 -0.00782938243688531 -0.244414710390502 -0.855542055821156
-0.0058921556147433 0.00351400348700081 -0.86759706418778 -0.229112800731775
-0.00902593744499266 0.0119097875289593 -0.463875041142916 0.570289210322264
-0.0203433881400855 0.00110886031779448 0.14596337617285 0.492401392228103
-0.00762261850911997 0.000368548106907795 0.308421045753569 0.148552676703962
-0.00890060308646673 0.00521912387460109 0.168271399831958 -0.150101524384128
-0.00647939750171218 -0.00170262813549863 -0.137125475254785 0.0893363652708098
-0.0267484948394423 0.00369384256919724 -0.205022038481677 -0.143435323202345
-0.0153366115114006 -0.0240704893198454 -0.0643888560259035 -0.430624284919248
0.0122573318260901 -0.0241847614792903 0.496130453928797 -0.401380289249358
0.00129534831524483 -0.0329034402694074 0.744136447617518 0.296400038390882
-0.00993297380678908 -0.0156202778486051 0.206186870649918 0.806400452649991
-0.016146275650167 -0.0156410217219223 -0.294044012848599 0.496059283525386
-0.00688163990155173 -0.0329606619602881 0.0405336687187682 0.0615995536924284
-0.0138039344123535 -0.0295762024624696 0.283914732024266 -0.45039600109372
-0.0330118500771413 -0.0027317426824489 -0.306707536069149 -0.831189018736393
-0.00306433651332797 0.000514572818379203 -0.873611883447482 -0.151596901095097
-0.00532638000496147 0.0106894787234668 -0.411343323582368 0.604944890595754
-0.0191682807780213 0.00546994884777498 0.179961118164628 0.483169448377594
-0.00939404903913679 0.000817286364390785 0.313145836500901 0.134861906092948
-0.00678457814971885 0.00386585880664279 0.163306174831701 -0.153271741906689
-0.00295336618133026 -0.00186087527340866 -0.139651594851215 0.0839967646879756
-0.0266903133507617 0.00434379882124769 -0.201510557470625 -0.147533268440757
-0.0131601165904699 -0.0213911479782966 -0.0384160730512464 -0.43131010956118
0.016729740470874 -0.0248814609218026 0.52791915336804 -0.3718657052287
0.00655446975557694 -0.0327658881136029 0.73094327506078 0.345686972088894
-0.00885531684523566 -0.00969089434270112 0.159373634908319 0.820241640233631
-0.0204607217140077 -0.00782136875771901 -0.314244912668701 0.482421498379467
-0.0164221229237399 -0.0233126997686084 0.0440278684491196 0.0523018552412824
-0.0190372990785889 -0.0186741055235521 0.267965381561797 -0.466282106974866
-0.0300656287054548 0.00261486473445825 -0.350575918359497 -0.812837102746219
-0.000718435103827846 -0.00175709239660059 -0.874334970040171 -0.0982315923896201
-0.00155468511831819 0.0102217305639895 -0.366954955027873 0.626547591992752
-0.0173115514073958 0.010472746460547 0.203555804412035 0.476598981207524
-0.0101209642951374 0.0029692263240471 0.315244082423291 0.127688903929483
-0.00211218663287017 0.00253234711777737 0.159306945970861 -0.156729960650233
0.0020678502175075 -0.00102514912907955 -0.140881214813908 0.0798548762384422
-0.0254471672235171 0.00665417660997457 -0.200430963532161 -0.148764086516293
-0.0102282688239702 -0.0173996244315559 -0.0203987845494641 -0.428525022579145
0.0193256411193354 -0.0253816296292954 0.548588349947455 -0.354460142251781
0.0105480338268623 -0.0311459256486943 0.724749763783544 0.369524264049245
-0.00728288208131977 -0.00193453925414247 0.129515507590418 0.827964067684028
-0.0259630832863949 0.00441733172050945 -0.326574042594046 0.47380834939823
-0.0268943538072214 -0.0117755819480759 0.0442009828595627 0.046964656136914
-0.0219137893866519 -0.00554323253470642 0.256301302493445 -0.47436212903588
-0.0251907070907008 0.00910881310859835 -0.377450386121091 -0.800476972078138
0.0022543237366807 -0.00280724835440102 -0.87136852281861 -0.0698213460082932
-0.000807232181018358 0.0102836573690953 -0.339802170090925 0.636786174693252
-0.0150809628273 0.0162420626050379 0.220421723707266 0.474410689508966
-0.00856807698491231 0.00566681302108129 0.316318448591684 0.123338413888995
0.00335379211196066 0.00225244400189266 0.157246525549807 -0.158277256720594
0.00546540432380028 -0.000120432280234957 -0.141856963341785 0.0782835043384496
-0.0224331826139232 0.00915316453812203 -0.201336883662903 -0.146848017124851
-0.00948466542966125 -0.0136761287679826 -0.0157406717170416 -0.425744593597947
0.0192954383806084 -0.0241850550363446 0.555209177341824 -0.358330417969502
0.0128410558720945 -0.0287925240182319 0.725320220014551 0.369013503727494
-0.00346750810580646 0.00744917536519578 0.130528166376482 0.828113012923386
-0.0302487241679939 0.0176279187133201 -0.329850928638412 0.47319900918602
-0.0358208243002159 0.000394942449819921 0.0406596809375539 0.0461273856012309
-0.0234752450328563 0.00769581210549951 0.250448159454387 -0.473936519050656
-0.019297592289446 0.0152545737809788 -0.379403509520452 -0.801899289342026
0.00277912625002693 -0.00325410482177548 -0.874326153621306 -0.0739107311077431
-0.000621093119912132 0.0115243735763648 -0.336757827650339 0.634566790902367
-0.0129874461603036 0.0206444124055556 0.221440126757687 0.477110351417138
-0.00573203955318991 0.00798264053731416 0.314728834276996 0.127081999219449
0.00953377908551975 0.00308396064509294 0.157420317271122 -0.158505231133902
0.00987655945701097 0.00122672638008281 -0.141348119442022 0.0795110385535203
-0.0191595277357679 0.012194737609777 -0.205562929915054 -0.142563771749183
-0.00971888838286087 -0.00991513352701626 -0.0235767952275588 -0.422873147785423
0.0154125618636035 -0.0235218112238609 0.545085377706309 -0.377454050886654
0.0133112736283754 -0.0273862215265735 0.73706031044014 0.338310159568893
0.000571763046937313 0.0168872704166054 0.154338574909025 0.820129102960596
-0.0331220256038693 0.0303215682705081 -0.321876457223497 0.481533816023655
-0.0426021924886948 0.0119396349950285 0.0333774626200504 0.0506921054617139
-0.0237117446084341 0.0199546453492352 0.255337601131984 -0.466735188863012
-0.0133345201058238 0.0226889833416085 -0.361752999030418 -0.812246524416025
0.00409514524513679 -0.00163138772349265 -0.87598120267391 -0.106200608809066
-0.00173961045697133 0.0132519320378043 -0.356890738176906 0.621986062579144
-0.0113823266367298 0.0237426610022855 0.212895049740816 0.483379510226129
-0.00133147489458546 0.0105870569810109 0.31188341088375 0.135823401347509
0.0141114671715711 0.00449979077729847 0.157785493615628 -0.158549556382518
-0.00777164972309124 0.00270418316989284 -0.120582529568035 0.121491837712143
-0.011300023445549 0.00833300576662138 -0.241103781776751 -0.0927310066986806
-0.0207739535906692 -0.0182925607416303 -0.214738723739368 -0.399910423999522
-0.0046396446458023 -0.00845585471072335 0.285234208989612 -0.562900283161858
-0.0151079542893189 -0.0140641695401475 0.783275964755945 -0.0199960495936383
-0.012802970426108 -0.0151319300256569 0.481658550949337 0.678495567879414
-0.0131582670214231 -0.0172412078346059 -0.144310334231389 0.593423099374566
0.00379125470378298 -0.0384118684848195 0.0233070828114769 0.101842192757161
0.00174377792416503 -0.0319578607868429 0.303874977242436 -0.412664442739263
-0.0235069876626627 -0.00339907199468646 -0.206512552695193 -0.885243888290493
-0.00394229394954732 0.0024109598363094 -0.888611755725328 -0.307588635608428
-0.0153308618788888 0.0140533778074529 -0.526997299533571 0.549370801821287
-0.0238231333594261 -0.000210418782348532 0.131506774202525 0.504856903819887
-0.00162307580970493 0.00146543489817587 0.318544359759442 0.146946045371886
-0.00773409439760249 0.011001002776622 0.167236612963254 -0.163365745498507
-0.00986788152905714 0.000987275693500602 -0.122910278779816 0.118411821956804
-0.0169056199924462 0.00701055846677893 -0.237233501872019 -0.103366359589014
-0.020368394345404 -0.0203887815539125 -0.185557903144447 -0.413686213567318
-5.08051034386029E-05 -0.0121464479918841 0.337609846576032 -0.537201255809416
-0.0136245937311848 -0.0177657054035933 0.794230704409926 0.0502371618580771
-0.016637125306167 -0.0190952670458965 0.431428371046824 0.720968470242192
-0.0150499824550904 -0.0222668738996245 -0.172913987905045 0.57949831749424
0.00231808929892455 -0.0418748465176563 0.0330489967190989 0.0875735446444197
-0.00237832434942394 -0.0357431144586105 0.284920473377607 -0.439640667690502
-0.027241670539034 -0.00503302038832609 -0.273870589936502 -0.866297425705011
-0.00155473582539775 0.000695483038953428 -0.900730819001919 -0.224087185011394
-0.00966937846938135 0.0115202482018916 -0.471441712004125 0.592142009990568
-0.0229179896637917 0.000616362815989568 0.167182084296154 0.493908963367161
-0.00579246636510168 -0.000314954947142645 0.324435560347896 0.130818245452213
-0.00922880768793086 0.00851673830678531 0.162014019338334 -0.166547532648011
-0.00933111676327832 -0.000813828405245238 -0.125946993967756 0.113417886853019
-0.0214664117721902 0.0057349129112873 -0.230634435930623 -0.113580593563504
-0.0183774944466755 -0.0204291331912445 -0.150739209993372 -0.424224618535048
0.00527023999604223 -0.0159956424004911 0.394870165120769 -0.505905418103212
-0.011397578778631 -0.021450941846108 0.796542652165634 0.132885880371771
-0.0182514280729626 -0.0205148800684244 0.367483499461709 0.762405567090577
-0.0159091243909284 -0.0216712499931272 -0.206994837653737 0.564293452008893
-0.00293103336258753 -0.0392429483112617 0.0422124147953255 0.0717099610227233
-0.00880074764622866 -0.0335756213023124 0.26155289234524 -0.466691392335516
-0.0281367276804187 -0.00316582445354764 -0.345285907446915 -0.834300679232092
0.000971252405033359 -0.00276834268136714 -0.907099437972375 -0.13332265266525
-0.00391151481199036 0.00937996453848759 -0.405679732776989 0.632893894459671
-0.020929896996619 0.00338752361862431 0.205109677495279 0.481851829245564
-0.00944466426736713 -3.82791709763793E-05 0.329846516029398 0.113456141758238
-0.00996987295188172 0.00605873169229784 0.155783270877447 -0.170867334403816
-0.00678787633605175 -0.00274433689601625 -0.130109430869173 0.109017408438973
-0.0239717258214895 0.00561535106667646 -0.226178597555257 -0.121040960130407
-0.0154425125309862 -0.0194034164582929 -0.117585724912448 -0.43113895798258
0.0107895114441804 -0.0185142712173412 0.442671440724976 -0.473539121434982
-0.00772385641622751 -0.0228898738774084 0.79041703106152 0.202050982859115
-0.0173939913827054 -0.0182877363083262 0.307357832777434 0.792192447349474
-0.018451008429725 -0.0160629040892798 -0.23550139866335 0.546971847065171
-0.0106198584445591 -0.0321350084364165 0.0476144568322678 0.057688584632939
-0.0139469182919296 -0.0255638818315267 0.238690877516806 -0.487382528961006
-0.0261476742203685 0.000500326991300881 -0.404489142528133 -0.804169521806257
0.00323876127624715 -0.00538253431707754 -0.903597773979961 -0.0554211275688194
-0.000987201825135998 0.00742634826483356 -0.345995763776552 0.662080328759343
-0.0188909337646724 0.0072960511328034 0.23917389078056 0.468702273891055
-0.0119182187527795 0.00146872536776054 0.33275226755542 0.100968929406041
-0.00783010422095442 0.00440509989379616 0.149306765907444 -0.173368920069071
-0.00258884991521965 -0.0033421748906566 -0.132868001026606 0.10412861611823
-0.0241295280396858 0.00641206336554868 -0.222721222290419 -0.125253066860611
-0.0125633807658864 -0.0168751512882521 -0.0904831194493939 -0.433397277280325
0.0154440709380451 -0.0196757043733343 0.478543501260875 -0.448462958693714
-0.00324894721264171 -0.0239464001844529 0.784909240654373 0.253175707180836
-0.0155424057210603 -0.0127193061518304 0.262349238081504 0.811309378334652
-0.0215405752361491 -0.00694125269490256 -0.25661957341033 0.534549406362395
-0.0193647175533265 -0.0220635824454543 0.0508857175547707 0.0475764228124427
-0.0172582635064195 -0.0145996441464228 0.218478456576866 -0.500493443331749
-0.022341520361119 0.00529777890379002 -0.449109638258105 -0.778923917865673
0.0045647689335347 -0.00865970081958208 -0.900182381676221 0.000706471003666494
0.00192435647602278 0.00603318715358701 -0.300546260032102 0.678263231116502
-0.0166310012322799 0.0125666311556881 0.264515984176563 0.458795238084698
-0.0119562028054484 0.00315543951565386 0.334869423144835 0.0917898884722116
-0.00360628169598699 0.00288612486136193 0.146163282539338 -0.176784780437924
0.00202893108508055 -0.00415993548978175 -0.13577469168545 0.100461112660852
-0.0228284375863877 0.00798927532023659 -0.2216149646549 -0.126365032606258
-0.010298887649258 -0.013126055800844 -0.0721793077640858 -0.433996655202331
0.0174446015093504 -0.0198665105402973 0.502886464049985 -0.434083734634597
0.000653017619894038 -0.0229391620783943 0.77997258750339 0.280564901319765
-0.0126977060463954 -0.00456723116509607 0.232543894895914 0.822647501587781
-0.0253824453388431 0.00596116967824315 -0.27062599586163 0.527117091740929
-0.0289356724783049 -0.00905697147264227 0.049867704064023 0.0417911737375623
-0.0195545286420517 -0.00142056967653402 0.204038155074359 -0.509080042486167
-0.017250693140636 0.011481046769294 -0.474418606234935 -0.762901371819025
0.00560159700362785 -0.0113722184369268 -0.894376993812684 0.0267947495356131
0.00269186972936522 0.00633543150458614 -0.273248159194197 0.688476710472303
-0.0138234113367833 0.0175171805969148 0.278422777966242 0.453680216633816
-0.0104508142102335 0.00604800602396896 0.334120480381687 0.088382244850316
0.00138036590617297 0.0025493525636806 0.143236315187887 -0.177820187368886
0.0064688627750746 -0.00279984611612123 -0.13595152736035 0.0986076542726473
-0.0197970054288756 0.0109331712455802 -0.222990175035691 -0.124277798358426
-0.00821929305158586 -0.0090720112412584 -0.0671919754120957 -0.431776251924469
0.0174519838798459 -0.0191100906308802 0.509813840649239 -0.436721275712975
0.00329445755226535 -0.0215079253314625 0.782113207128159 0.278987449977193
-0.00815669978847991 0.00473244883774907 0.232486837849609 0.820028944364286
-0.028975973084282 0.0192915963919023 -0.274245649393563 0.526985884816964
-0.036309546093816 0.0041912431737253 0.0463097763059756 0.0414882109812435
-0.0188450046977604 0.0123671542412988 0.198422439984878 -0.508479518330916
-0.0111636429782749 0.0169915491096059 -0.475162924305497 -0.763248454190997
0.00740119022922732 -0.0112924994688727 -0.894728129650502 0.0240126649421057
0.00301793585619463 0.00695418341857071 -0.269779272864674 0.684015857051172
-0.0114519681663104 0.0218005527141744 0.283239111293413 0.457214043144466
-0.00721607402589726 0.00778129545908169 0.333060784096719 0.0913456616116447
0.00839462322112168 0.00233071688233726 0.142517960507199 -0.178693217891589
0.0107391146744861 -0.00185200998271242 -0.136126122187895 0.0990308457992234
-0.0152049354093426 0.0139080155103936 -0.227202120250868 -0.119506203015634
-0.00837225438726931 -0.00563568814278504 -0.0762584069728733 -0.428678434468902
0.0141473965644095 -0.017826789664451 0.495920352155088 -0.455906254097716
0.00493385265573755 -0.0191083996582184 0.789989305190299 0.244057044421686
-0.00308132033453735 0.0134268066139423 0.256187781950654 0.810744595354848
-0.0304256640241074 0.0327327978959692 -0.264851706719392 0.534859175057543
-0.0421261684346953 0.0165736605999248 0.0400995615196915 0.0470013224618779
-0.0174827842164682 0.0247756962537271 0.204800305213896 -0.502119061338659
-0.00429869318441801 0.0233188212285378 -0.460540079630723 -0.777291100494724
0.00989269921724995 -0.01038539694491 -0.903440642213808 -0.00740770062972429
0.00116241978655396 0.00940882148608206 -0.291363986535052 0.674145657355384
-0.00963649029882443 0.0249071405155448 0.27456056172429 0.46560730206251
-0.00190462378218289 0.00937770610910058 0.331306153893177 0.0997755807912004
0.0138162427447102 0.00318798833037045 0.144439102910966 -0.177915742434492
-0.00806785176719789 0.00218017940408271 -0.122144958689743 0.124985668483202
-0.0106888204272324 0.00830400463291436 -0.246977623506443 -0.0911508019420606
-0.0215991873389584 -0.0179689896537742 -0.221022308951645 -0.405769482155641
-0.00470910738398287 -0.00883863527935374 0.282485801195066 -0.575955284945259
-0.0154766454565713 -0.0139585509267255 0.79557524864985 -0.0285878133581876
-0.0133086369296425 -0.015194422347551 0.49699843469431 0.681931562617719
-0.0127674700483136 -0.0173220916706859 -0.140353552897302 0.602442955450867
0.00348750696387849 -0.0389199340714078 0.0244480311767093 0.102364926484668
0.00127050075503845 -0.0315587422980563 0.303096036488309 -0.420093182152133
-0.0241351453705935 -0.00207699430093019 -0.22048655459281 -0.896484440306391
-0.00441732590108751 0.00177317834036006 -0.905660888812946 -0.302313692883933
-0.0155876182033247 0.0146155616549414 -0.527466827616946 0.564911729878991
-0.0244556895612525 0.00116113477948288 0.138769558991607 0.511481715514958
-0.00156991087570895 0.000982125934020845 0.326181758342179 0.144802274024131
-0.00716845336084869 0.0119605848651459 0.168427719436143 -0.168220661072014
-0.0098868828137349 0.000495962034948153 -0.124855935821627 0.120783543130338
-0.0172825851698849 0.00698760842572645 -0.241645884468725 -0.102257922177353
-0.0210146517171962 -0.0206229389617027 -0.192180503736243 -0.418528507591159
-0.000202714930426916 -0.01320723315271 0.337001916624744 -0.551445777972137
-0.0147675687764036 -0.0176139315443304 0.806008777103727 0.0418819999158131
-0.0171228763954808 -0.0185501171178603 0.445411188416281 0.726023113119493
-0.0147080467621982 -0.0224558271740681 -0.169896699050441 0.590260336346576
0.00239263116635174 -0.0416256105973567 0.0348482023881475 0.0881059791860059
-0.00340481157872644 -0.0364918390728356 0.285081128055914 -0.446603343179259
-0.0274122471415161 -0.00495779191455667 -0.286947344231307 -0.877171544468332
-0.00183804911336035 0.000221300650860734 -0.918510502718908 -0.218265349949161
-0.00970600544836985 0.0120531788513422 -0.472458601129949 0.60752829098439
-0.0230159994961881 0.00150826880467796 0.175775031315217 0.501305707663975
-0.0067765372555947 -0.000285514706471196 0.331249127352353 0.128753860283651
-0.00945952202194411 0.00953709577895271 0.162739647288541 -0.171709011395101
-0.00959985049581288 -0.00139803820593664 -0.128055109704943 0.116416662576418
-0.0217503105700078 0.00617762078751271 -0.236744212882567 -0.112014629470737
-0.0187508074489241 -0.0205524681929834 -0.157647631704058 -0.42967567132888
0.00501372359008855 -0.0168701582150501 0.394681121656303 -0.519255391056893
-0.0126638848551075 -0.0211120581678529 0.809789269038466 0.126823937090414
-0.0193841601726585 -0.0199234962463995 0.38129944201138 0.767119263270195
-0.0158749574766098 -0.0218182332774993 -0.20301552135588 0.572953198684866
-0.00301280477906855 -0.0390837140684685 0.0431700966943776 0.0725820690386108
-0.00936850418170091 -0.0329156111043352 0.260370493434285 -0.476011795103611
-0.0278221806939121 -0.00288055528854346 -0.362368086657443 -0.843000988076757
0.000864526019050361 -0.00265963424735995 -0.922344689069326 -0.126082228715273
-0.00440530515169071 0.0100304284980717 -0.405371315022519 0.64631847951523
-0.0219217890271548 0.00376349772985463 0.215009243434714 0.48741913788123
-0.0103905226705784 -0.000178820161349602 0.33662032343858 0.111170336691133
-0.00987320943234646 0.00653307432534321 0.156694246252255 -0.175976685725431
-0.00727012464971566 -0.00283775002515464 -0.131220403085172 0.111198639495313
-0.0241056127684724 0.00550725624052474 -0.231858064555466 -0.119252553215822
-0.0162407354702555 -0.0197162575908633 -0.124615988119485 -0.437300200209322
0.0107570111204428 -0.0200931219142191 0.445477827354459 -0.486854994798767
-0.00823523845615193 -0.0236175532541271 0.805231329276004 0.197113538025299
-0.0185810269460428 -0.0179552993109067 0.321271460479263 0.79983168275082
-0.0181665506953477 -0.0168507817762631 -0.232008669888185 0.557170013722713
-0.011174419139484 -0.0320826705725047 0.0493955173600557 0.0581047520023145
-0.0140346076748551 -0.025805075939498 0.236253542603183 -0.497690473400679
-0.026582414843055 0.00130687983661692 -0.421958184897716 -0.81058827341795
0.00268473968123845 -0.00606775859356366 -0.918179018459489 -0.0459474263608586
-0.000225354687778959 0.00723123030400133 -0.345077063826619 0.676575132896025
-0.0199738129697639 0.00770873518048624 0.249029536358524 0.472881009583946
-0.0118358442553835 0.00183073695783749 0.340198313773431 0.0972932186298383
-0.00804140209782044 0.0047199077551327 0.150220307219745 -0.178939822144698
-0.00325432865775885 -0.00372551483453845 -0.134903327203373 0.10676813879649
-0.024486140809528 0.00678124549385608 -0.228167456456761 -0.124089548900406
-0.0131914987273624 -0.0167709423136334 -0.0957566217600902 -0.441417381090992
0.0156996976388952 -0.0205926605693114 0.480769414386671 -0.460914299970047
-0.0038818425957531 -0.0240944807178929 0.800125036937087 0.249573909122106
-0.0157142339552995 -0.0117333648843519 0.275417872442275 0.820241309572938
-0.0220452715887778 -0.00698635391573962 -0.253433632007216 0.544510794034961
-0.0203403553661565 -0.0217363892737591 0.0515589779169959 0.0472400859128262
-0.0182467456376164 -0.0149958011710204 0.215076946622914 -0.510276947148553
-0.0234156555634519 0.00569184844291711 -0.4667166968055 -0.783166995841383
0.00478749953023285 -0.00880063947716738 -0.913069588823919 0.010056959360015
0.00179394950536698 0.006379996591793 -0.296306118811768 0.693144590078526
-0.0171100621390016 0.0132900718486424 0.27496492651367 0.462785301062139
-0.0126470442259031 0.00323182381800321 0.341493882220246 0.0895246615886427
-0.00371601135310099 0.00270510094477555 0.146911680036737 -0.182193678226141
0.00175864116279979 -0.00388960919528673 -0.136754955553399 0.103120014174698
-0.0230429903421202 0.00813625294130266 -0.226626839993309 -0.124482195864444
-0.0109839068604827 -0.0134141493825992 -0.0784767073915012 -0.440636467086377
0.01807966666543 -0.0208484095843801 0.505905377618232 -0.448255586161184
-0.000117104345177026 -0.0224408599432029 0.79495616077538 0.27455299188518
-0.0134526096873271 -0.00412017950347452 0.245679864338436 0.831625581535571
-0.0256307301136953 0.00548104617059176 -0.268231854388708 0.535597634009473
-0.0288082584716031 -0.00877754469080899 0.0518211143929802 0.0421616769934461
-0.018911314215089 -0.00169271877283327 0.201285704395905 -0.517832214098807
-0.01678764309604 0.0118444805905223 -0.489365840729073 -0.767644914966711
0.0058434747259386 -0.0110029211430287 -0.909553139935233 0.0383305342750703
0.00315624353431306 0.00643747400964889 -0.267765550601736 0.701401692651753
-0.0141895109482636 0.0181764017488509 0.289403920009994 0.458027423115544
-0.0110468448262803 0.00606733205927993 0.341851464596522 0.0857820678970069
0.00118894511306992 0.00174168916072755 0.144163431935857 -0.182570229219276
0.00662865863646479 -0.00430210535186991 -0.137412137131948 0.102134260490831
-0.0200516144280074 0.0101592282351112 -0.227717167114547 -0.123780888966442
-0.00916269380648313 -0.00875953746865577 -0.0722766209669806 -0.439035094983755
0.0172516319704633 -0.0203766862931775 0.511384393731996 -0.4497479485809
0.00240129341433334 -0.0213713110737597 0.795714479582256 0.273324526743836
-0.00909077546915557 0.00645913097102729 0.245611421687536 0.829798844062105
-0.029028836377118 0.0197102737760135 -0.270283297324579 0.537878731541676
-0.0366862857002393 0.00567025929899177 0.0483532527115575 0.0419123503457603
-0.0187101612749507 0.0122987777917819 0.196506831959945 -0.51723648822527
-0.0103562759446259 0.0180722584167517 -0.490675156632615 -0.770112218100823
0.0073746667843438 -0.01143310639118 -0.90871306897856 0.0359231153749905
0.00278618086106135 0.00742192568272964 -0.265716231269199 0.696538120552372
-0.0116024329379137 0.0220546676134119 0.293068069659363 0.462001714444812
-0.00721714752008991 0.00840784715549967 0.340075492770852 0.0886416413670507
0.00863075277732634 0.00231783706085701 0.143964562824218 -0.183389439611765
0.00997645026288438 -0.00327749238774847 -0.137292651631213 0.103350281226668
-0.0157309010199215 0.0136109546322306 -0.231953143325912 -0.118034007937474
-0.00927740016232432 -0.00625199014639626 -0.0821526045415322 -0.433956940988585
0.0142653226299545 -0.018402868645566 0.498885825070918 -0.470717010050475
0.00416777588276001 -0.019254647367874 0.804900408285581 0.238569242069933
-0.00305444751960122 0.0146175690132058 0.270252362076874 0.819994293937194
-0.0306726619131835 0.0321741254496932 -0.262586880242518 0.545602532692298
-0.0423594991355552 0.0175858004074868 0.0414927245815724 0.0474105691453697
-0.0180107057670751 0.0252648713274079 0.202795940369929 -0.510332514425848
-0.00343569659038007 0.0241705218677001 -0.475142810033176 -0.784180662916602
0.00936475796904903 -0.0106166818489651 -0.915604731418208 0.001910809243723
0.0026559347510978 0.00955247203205005 -0.287223989245561 0.686699867256241
-0.010057097276095 0.025148973116986 0.283131626326321 0.469404242455174
-0.00262424694061663 0.0104031222669719 0.337457159553121 0.0976251194209682
0.0145746689855674 0.00330017475262843 0.145176589170125 -0.182642231685924
-0.00826674445475966 0.00131299718502682 -0.123529445224882 0.129714977066635
-0.0107964027285908 0.00842195614692566 -0.252319301026884 -0.0875732772283452
-0.0228404441966949 -0.018191070827168 -0.230389744443309 -0.407779245866862
-0.00471403813638723 -0.00909345431534883 0.277774879436173 -0.589764154522474
-0.0159678842056151 -0.0132314808743533 0.805879485801083 -0.0417874867487769
-0.0142944561929075 -0.0146996171067666 0.513342187435973 0.682570822888165
-0.0130185744083733 -0.0173231625753799 -0.132905877405209 0.612203433122944
0.00314224750664648 -0.0391369822462299 0.0271603569176075 0.104746290176667
0.00143789745632714 -0.0325885541116061 0.30096643338125 -0.429622644191394
-0.0244031969169835 -0.00231349686492852 -0.237808337453239 -0.905063683770202
-0.00435759588271025 0.00283423804217993 -0.922526221877757 -0.294029346866451
-0.0151754614782966 0.014831924217779 -0.526783221536936 0.579847675070065
-0.02409170309484 0.00124434444819567 0.149846445019653 0.517333231623949
-0.00223688850240719 0.0014487227074227 0.334150825218147 0.142161777358237
-0.00734591458536367 0.0115334284197057 0.169046314169935 -0.173260958440365
-0.0107256678538873 -4.07385879132392E-06 -0.125573907940608 0.125235965681864
-0.0172332978221409 0.00782863023962276 -0.24728878614738 -0.0985349768205372
-0.0216746913796231 -0.0201664569476243 -0.201879113960574 -0.421277140273125
-0.00020577337595722 -0.0142162762584364 0.332255669047073 -0.563385502901354
-0.0150007161717721 -0.0178223783291462 0.818296596600851 0.031231224925945
-0.0181363601958475 -0.0184657606647732 0.462494030055134 0.728916021363112
-0.014550076448772 -0.0221855973270264 -0.162883805165844 0.600118777258799
0.00202534435164585 -0.0426087744559983 0.0358973598528057 0.0894147294284007
-0.00349187000476777 -0.0366171766313655 0.282036705694714 -0.4570975716982
-0.0275442626850296 -0.00373099650040531 -0.304596838180944 -0.881138536864106
-0.0019804609710942 -0.000435248898345873 -0.934390846487361 -0.208028478798418
-0.00889802430597384 0.0129067567788317 -0.470164527024645 0.622809825266569
-0.0232843188676869 0.00136189941427559 0.184126645124901 0.503938181171314
-0.00729241225164728 0.000576409623738058 0.340330645022392 0.125737236341619
-0.00926837082130425 0.00943402031440398 0.162844704006933 -0.176318408213492
-0.0102716181000582 -0.00207926625907814 -0.128965838346269 0.11993483238376
-0.0217921749561253 0.00635417924257717 -0.241641980750881 -0.109219414094341
-0.0198213616392264 -0.0209772121864154 -0.16585369036466 -0.434064630337997
0.00487668825363123 -0.0175008137213769 0.393498501267993 -0.532943562040923
-0.0128172577087128 -0.020846190607717 0.82257686715342 0.113972483675581
-0.01979312135824 -0.0192703299524287 0.397747153008548 0.774226554363211
-0.0160662721209024 -0.0216734702786112 -0.196436157831158 0.582054301572223
-0.00361830426584465 -0.0395829118646752 0.045220924862495 0.0723924255207108
-0.00940262835503677 -0.0337023239445398 0.256912723420709 -0.484319115688677
-0.0287209341228249 -0.00182835711335666 -0.380062727370889 -0.849471809169496
0.0006052411011653 -0.00313989304868618 -0.936705878211927 -0.112737704404036
-0.00337701967764672 0.00941398340632656 -0.400940330501426 0.662344629811098
-0.0221155480394017 0.0039982865801802 0.223702431324639 0.489964471704524
-0.0103678277093126 0.000263697468315147 0.343847173917572 0.107049469088637
-0.00979324882522082 0.00693894953671682 0.156685233322473 -0.180166928692007
-0.00810969362813103 -0.00297456631916668 -0.132707546348338 0.115401018225889
-0.0246969745309003 0.00625625514312642 -0.236553345228009 -0.117102473754652
-0.0168854134270888 -0.0190778819702265 -0.132032638802209 -0.442693634221385
0.0109294353317548 -0.0204672421465866 0.44427402868992 -0.501974960003144
-0.00847077639052832 -0.0229312330551814 0.820120614719557 0.188064671530635
-0.0193066407662236 -0.0172760610053162 0.33841397207237 0.805743733010302
-0.0179072081272774 -0.0163404618308192 -0.227319639604345 0.567530919860455
-0.0108803290086132 -0.0320550654565569 0.0508345855831364 0.0585160132040017
-0.0141700313727532 -0.0257166722189272 0.232149664332138 -0.50517020845692
-0.0272263899765634 0.00199814219895838 -0.440297779319401 -0.814794191900353
0.0025099873044588 -0.00666283152925903 -0.932017892487673 -0.0316705660195036
-0.000127220836958878 0.00785475530650569 -0.338855416717774 0.691733581208664
-0.020358151044016 0.00936313729648783 0.25952927570683 0.476326957675125
-0.0130239301288848 0.00120256005446993 0.347960535836687 0.0943221227919908
-0.00708614257446866 0.00455436525230449 0.150590485476052 -0.183692151762798
-0.00377348946631432 -0.00470152722483968 -0.13739570438154 0.111405896808796
-0.0246804592883403 0.00646298826188882 -0.233341490117992 -0.120583211389002
-0.014006320667633 -0.0165041662854028 -0.103770445591893 -0.446238614411902
0.0157999802130603 -0.0217876791426077 0.480564355945943 -0.475344113620413
-0.00447103428243413 -0.0241911856071357 0.815805432401801 0.239453989896017
-0.0168282656416315 -0.0116368807494645 0.290648637219551 0.82585490950925
-0.0217786877519084 -0.00677753263884046 -0.248625282589542 0.55472729193681
-0.020432038449806 -0.0217569726897558 0.0541525321848561 0.0483226046893938
-0.0177970233225712 -0.0140370422203811 0.212067024246663 -0.520152410265074
-0.023359162817408 0.0069928817998985 -0.484737700533056 -0.787807024169452
0.00425779976003757 -0.00925278566699234 -0.925904226717751 0.0226034449336351
0.00162476002363863 0.00611267895443991 -0.289656636247962 0.704826844428164
-0.0163947267050009 0.0134323352724414 0.284532710942885 0.466167197757788
-0.0133047762546006 0.00380975609545918 0.348533388443728 0.0841877641818254
-0.00262949260961257 0.00299749416306918 0.146303788650299 -0.18622306222914
0.00114640323101062 -0.00448476854253901 -0.139731826954899 0.107335922124635
-0.0234730447555751 0.0079690389145404 -0.230799008302918 -0.123209703844781
-0.0115053660254266 -0.0126964554497068 -0.0853148351561272 -0.447508622008528
0.0178011080282307 -0.0222592216387835 0.506180199969601 -0.462414709763255
-0.000549875597735739 -0.0228437010403789 0.812314728625242 0.267957979097214
-0.0135863065499889 -0.00271621758574839 0.261130990520232 0.838305444606699
-0.0253912498432116 0.0062988957988647 -0.262967448065471 0.547196687605281
-0.0292087374366645 -0.00836218539632039 0.0532994656179652 0.0419110973904494
-0.0194034779526384 -0.000877453243839312 0.1974071554488 -0.526521113757815
-0.0169081901730859 0.0125351203481843 -0.50792412439521 -0.772307993024515
0.00512645746730688 -0.0116421091330977 -0.922000737473502 0.0518243064197653
0.00355842665843869 0.00578693554825488 -0.261814548327692 0.713420804396285
-0.0146794946971558 0.0190472832132746 0.299854167050908 0.459922113068303
-0.0111712492868047 0.00663543961640205 0.34932798023994 0.0814739892983717
0.00206375241754373 0.00213872392957169 0.144671196795552 -0.187762606769143
0.00571394189616409 -0.00425894074454553 -0.140212770086162 0.105869015802004
-0.0196913925355879 0.0108897233729202 -0.232644502468507 -0.120458805152007
-0.0102733799693028 -0.00903625974040598 -0.0800513026724183 -0.445203241273288
0.0179055825119062 -0.0214189757672813 0.510332402811408 -0.46641921156881
0.00246931814784832 -0.0219067773157774 0.812261584722892 0.263438040986695
-0.00898874858051503 0.00657643898338532 0.261656873355617 0.838993286362183
-0.0293653650973126 0.0202979904174471 -0.265093964662182 0.546765132718104
-0.0369246237368432 0.00596975838132269 0.050090537005427 0.0421788528263932
-0.018888094095422 0.0125934594441847 0.191668511112607 -0.527257294864788
-0.010133796457163 0.017904406128046 -0.513125872950179 -0.773250818663419
0.00764930861504542 -0.0112760046665069 -0.92275768531928 0.0497347243516316
0.00329867184447835 0.00673429815498522 -0.25836039859494 0.711465086780905
-0.0114262475880847 0.0227337814696241 0.304001802683823 0.463039728555278
-0.00719751465101414 0.00802040152429444 0.347702464276259 0.08395501847579
0.00877389884395826 0.00244040216423839 0.144734368849071 -0.188168183050671
0.00980296608370911 -0.00227176004015892 -0.139658390724791 0.106429768966756
-0.0155186744798976 0.0141949851714907 -0.237424097812671 -0.11627545442356
-0.00976025828999843 -0.0057531052412906 -0.089306828640567 -0.441097161702892
0.0140267378936064 -0.0194249651906539 0.497860096115053 -0.484641846192523
0.00393470103627885 -0.0197145780220314 0.82022927651039 0.230932514336564
-0.00351816151098057 0.015431564353946 0.286463214548834 0.825431528686327
-0.0301236386567919 0.0329742198562017 -0.256264340759597 0.555894645874235
-0.0430345796066819 0.0179514404062014 0.0429168402806445 0.0471713206787784
-0.0177702323026046 0.0258766591729018 0.199337211306365 -0.520187430826334
-0.0030346564072775 0.0248040529186676 -0.494502336672815 -0.784455372728745
0.00881799302653864 -0.010669894605017 -0.929402446955602 0.0181420759651329
0.00250463744994141 0.00971082711082665 -0.279193656170593 0.700925935472249
-0.00971355853744492 0.0264210708449574 0.295375618904132 0.472415748636721
-0.00253848403272627 0.0102543138387022 0.346610794288469 0.0936198725884572
0.0143769982042667 0.00277692681576558 0.145392211844498 -0.187802511885637
-0.00899598438254454 0.00198064392320556 -0.123622973418222 0.132776083824158
-0.0108733693875363 0.00836767058353867 -0.256327203532015 -0.0828632132607463
-0.0230854396308294 -0.0178022852687411 -0.238589069322565 -0.409591003152579
-0.00514519478246889 -0.00978715708150159 0.270223745735 -0.602023324034279
-0.0168066837309656 -0.0130065661009476 0.813067259815859 -0.057427069276099
-0.0146563735927573 -0.0138404994528331 0.531258742857662 0.682563548086192
-0.012817825697789 -0.018078989159309 -0.122768947301555 0.618990069111253
0.00246883521571081 -0.0397678644567111 0.0295352125674442 0.104506888136205
0.00160456692122045 -0.0327462847647236 0.296294431172134 -0.437954622768184
-0.023550256268815 -0.00163170323401298 -0.255681686443766 -0.909533460120099
-0.00413586430714947 0.00297333157844158 -0.940156482895051 -0.279467027826435
-0.014521684787907 0.0157721897009108 -0.522495861538785 0.59611708781011
-0.0245875281129198 0.00190553283012601 0.159979306586886 0.520170887521375
-0.00176897975696285 0.00128310437258904 0.34144158870391 0.138067581457525
-0.0065513963434308 0.0122708295723117 0.168630918407275 -0.178221377745368
-0.0110313546077375 8.69304738037556E-05 -0.125834318869225 0.128413947860784
-0.0174063364630475 0.00747805969636182 -0.25114127572655 -0.0949006069876137
-0.02290357471519 -0.0199243720568809 -0.2120218044155 -0.42353883107411
-0.000924108193540998 -0.0143317692942368 0.327883583137953 -0.578870624690923
-0.0159592494622391 -0.0170286783353007 0.827358230042426 0.0168028696394915
-0.0197340530299648 -0.01779106902926 0.480300192504503 0.728164499755034
-0.0148583063785935 -0.0228118385992841 -0.153900988981737 0.606695689375565
0.00124126201131548 -0.0428688776527999 0.0383832694172956 0.0889288008659808
-0.00414260884864626 -0.0360951960803139 0.278406329425472 -0.465046551883105
-0.0277284265754072 -0.00318327823679366 -0.324959596301319 -0.885087435841611
-0.00217027275256979 0.000421497243496962 -0.948757034353287 -0.192242428446535
-0.00906161667333796 0.0125070138376201 -0.463587231660709 0.638098835855761
-0.023080524536039 0.00244187669388535 0.19678235053595 0.508053209122847
-0.0068153014249471 0.000412956772560162 0.346117369071916 0.120437187953591
-0.00909914055878557 0.00933263721641156 0.163098189328911 -0.181670870033294
-0.0103993082473665 -0.00203559531790721 -0.129866586588393 0.123585397772207
-0.022017114977365 0.00672933423098569 -0.246171601902137 -0.105078958590952
-0.0214178935855264 -0.0199158118868675 -0.175185411942113 -0.437693573703545
0.005501726502311 -0.018048682926995 0.387594133551435 -0.546873420681986
-0.0134159980402958 -0.020492915289874 0.835121109253064 0.101852942085676
-0.0208508224300921 -0.0188004960307986 0.414482227196009 0.773424018152885
-0.016288001475787 -0.0215466107964553 -0.188367659594086 0.591227353641367
-0.0043079941040582 -0.0401094271049092 0.0475822323462889 0.0727749825920403
-0.00958194713224959 -0.0338616490092015 0.252246390451629 -0.493367860312154
-0.0286681855246001 -0.00138347362855729 -0.396832826402211 -0.85074759777471
-4.51450348981121E-05 -0.00303773904878599 -0.950407108822789 -0.0980635680129383
-0.00397035925265936 0.00972994371051919 -0.393637540908832 0.677752140355032
-0.021875242476696 0.00463719468708738 0.236369765314491 0.491609557552495
-0.0110079699763249 0.000819058553674642 0.35074404331094 0.103514192677176
-0.00980935653946642 0.00746657225520776 0.156022275624226 -0.185225660333635
-0.00838365852361021 -0.00366676522156861 -0.134013993950655 0.118987120176878
-0.0247049395974103 0.00609616572901292 -0.241322745929279 -0.113440077435718
-0.0179326172890319 -0.019379790429466 -0.140755382832475 -0.447145425070639
0.0107144183473485 -0.0213765708336644 0.44075164462682 -0.518830635598398
-0.00941103143853508 -0.0227942491005331 0.83359152048307 0.174522251533148
-0.0206189946505368 -0.0159931243174382 0.355579099025532 0.809147013746664
-0.0189055991455665 -0.0163178978584252 -0.220132253909332 0.574650910621067
-0.0119521214949923 -0.0318275604897616 0.0532362132404789 0.0582071615829647
-0.015180393350255 -0.0264055141936679 0.225192998351162 -0.51420028581452
-0.0267922313922212 0.00248038536068149 -0.458622716864182 -0.813373617096906
0.00201030638461946 -0.00656607533586184 -0.944084113914547 -0.0169476456798354
-0.000527674787543873 0.00784458115668571 -0.329095882643229 0.705420900751924
-0.0195613090162619 0.0090929424142864 0.271680136739057 0.477054927191429
-0.0129052556920589 0.0019050616993958 0.353732373351481 0.0882624586728079
-0.00750063042496649 0.00504866897391168 0.150719325217481 -0.18846831993803
-0.00366941682604863 -0.00480878055423365 -0.137314985232734 0.114795971304199
-0.0250820492396773 0.00729824570501652 -0.238614203273098 -0.118124152167721
-0.0147854596451118 -0.0164373840569858 -0.113906401781351 -0.45158233239198
0.0148020785392236 -0.0224379627326504 0.477599029473974 -0.494002194196624
-0.00523101399803722 -0.0237577697016258 0.828671931880702 0.226763194860888
-0.0175303502074109 -0.0105299542306426 0.308136127425363 0.830809501214928
-0.0215614694316829 -0.00635481458008294 -0.241015196119232 0.562641739309219
-0.0206992641986985 -0.021292139386387 0.0561158586193537 0.0479444248213919
-0.0180278505979942 -0.0143538633052473 0.205076596886519 -0.529418466731444
-0.0232884862057297 0.00733592351114009 -0.503025814154854 -0.786705420220865
0.00401312736372268 -0.00887799895906677 -0.935521324002905 0.0409736242246103
0.00188188985175073 0.00593567822030202 -0.280649287355814 0.719190750367751
-0.0167591808601624 0.0140247133964319 0.296615748445791 0.465970738410383
-0.0128836450350683 0.00455088477639305 0.355323614805376 0.0791367466667079
-0.00321792608493724 0.00326577269800335 0.146059217271357 -0.191400263477925
0.000820501227123875 -0.00530318467747918 -0.140720030797938 0.111036175401931
-0.0236631485602396 0.00855036084404552 -0.237046256010582 -0.119238122708664
-0.012813429745554 -0.0124494053180122 -0.0928280403573125 -0.453083161236318
0.018095228718384 -0.0224602551762994 0.503605437285075 -0.479617136388444
-0.000230041103075673 -0.0224781655218555 0.823430652468745 0.25601302743022
-0.0138084809563265 -0.00137752336674606 0.277808932772176 0.841792270402325
-0.0257269444608247 0.00650952594084422 -0.256122391596852 0.555761425143704
-0.0295283356504925 -0.00776592908443772 0.0549109645113742 0.0414525223780602
-0.0187611781117256 -0.000848275680003848 0.190597033439572 -0.535323898188203
-0.0165074498462949 0.0133158527679582 -0.529515540955455 -0.76987658197682
0.00564506923844906 -0.0118018533485732 -0.930988380963363 0.0684328652710992
0.00441816957052221 0.0056649921318639 -0.249969858790273 0.725333231383558
-0.0139979837309225 0.0200625103464353 0.312107175755024 0.460348250096107
-0.0115991720773579 0.00714021072387916 0.354642596077458 0.0754951080385394
0.00232825032738022 0.0027687648588113 0.143334004668603 -0.192878608767189
0.00532709448657454 -0.00450926146051339 -0.141119685497968 0.109583653175929
-0.0200135792385818 0.011705990914122 -0.237961247226023 -0.117232278792908
-0.0104689110863149 -0.00831798805976988 -0.0882775823099907 -0.450154070418597
0.01665822400538 -0.022469850368913 0.50838315703575 -0.481245866731479
0.00221331056085468 -0.0218001589388622 0.82558736835963 0.253319314730401
-0.00927970670303356 0.00738791891160516 0.279923172034629 0.841957238434255
-0.0281274934463681 0.0205395343031762 -0.2586146058797 0.556781785816846
-0.0370295924059042 0.00705238010358126 0.0511937517836074 0.0414387900060857
-0.0182026221506224 0.0129194089715848 0.186417312905943 -0.534574719068912
-0.00967790366602757 0.018857374054984 -0.529595547924207 -0.770526492848322
0.00663019963638612 -0.0114283860096158 -0.934342618582134 0.065685759965283
0.00311544486327986 0.00644432135581488 -0.247151765634282 0.723697184623615
-0.0108904830000604 0.024096870363573 0.316170853069896 0.463276410354123
-0.00808513109364858 0.00882210217144694 0.353783462525018 0.0788958368312933
0.00875955691781471 0.00190384128380144 0.142867139297188 -0.192441359627523
0.00880673634489895 -0.00287791612680272 -0.140005842024155 0.110069542565161
-0.0155795709911842 0.014511240078967 -0.242275836793651 -0.112331507135192
-0.0104738750587791 -0.00479226171494858 -0.098628707586319 -0.444983844167961
0.0139947990469809 -0.0201117835934183 0.493555502905406 -0.500880389584971
0.0031955938179397 -0.0187658911655058 0.83219254734137 0.217977595352808
-0.00305024128141572 0.0162087707639297 0.302401050082437 0.828589585277899
-0.0295764904762637 0.0340416870408173 -0.249876608742783 0.565367940755509
-0.0428194642427339 0.0196774075651679 0.0444875247018684 0.0465702100091048
-0.0176156112838516 0.0259709295375081 0.191317691615111 -0.526358900043477
-0.00282128294412081 0.0248839204710562 -0.513036755342304 -0.785125353933863
0.00799871461646505 -0.00993603490773586 -0.939365788152143 0.0340684100065191
0.00232770148352879 0.00845990954401769 -0.270667854856679 0.714085173812708
-0.00888389436078931 0.0270671220640498 0.305275838255908 0.472208616559549
-0.00280608145925764 0.0105479245607763 0.352490221708846 0.088415233303031
0.0141025626239574 0.0027155622852507 0.144329358072516 -0.19311388898723
-0.0101051465539789 0.00183780598859204 -0.123349825566794 0.136598106803337
-0.0102391742434655 0.00835443632138685 -0.260415648826647 -0.0785411850387615
-0.024707832337272 -0.0173699609504354 -0.250010329486199 -0.410035218556731
-0.00520088427571057 -0.00950796768703987 0.262009206342026 -0.614001504674229
-0.0173101053797678 -0.0119588645940617 0.821088538542302 -0.0742687592260499
-0.0151803841531057 -0.0129193536966241 0.548297739663511 0.676310481312672
-0.0131974594373692 -0.0172573457680614 -0.111838930353257 0.626007106972441
0.00257062123191009 -0.0396789573495112 0.0316186575818042 0.104902555372961
0.000430520477794998 -0.0332595532486834 0.291712946506457 -0.446322480410146
-0.0244115270939587 -0.000967212965010178 -0.276315240805522 -0.912716846401211
-0.0048931337358367 0.00311700216893538 -0.95329835593119 -0.263338657587772
-0.0140917694563727 0.0160575812084701 -0.515029577070811 0.610560687363654
-0.024869479720984 0.00239774690500218 0.171534551662731 0.521338432781864
-0.00249600665970694 0.0023174136621093 0.347265315069994 0.13191097175364
-0.00648364319150235 0.0129317879271818 0.167020522484679 -0.183455971741458
-0.0118405768827029 7.0545534326125E-06 -0.125695983745437 0.132282802997691
-0.0169176241252094 0.00858915798316256 -0.255754348572217 -0.089170393204746
-0.0237230020889069 -0.0194864603785049 -0.220700261208738 -0.424196735194669
-0.000796602808232363 -0.014672013272727 0.317672373149809 -0.590247265994324
-0.0165787283885478 -0.016092903103018 0.835405863184886 0.000422330144507934
-0.0198304930493871 -0.0163891966967261 0.497042848122157 0.724041231297634
-0.0147563355327341 -0.0229598661139257 -0.143621047862681 0.61444877900136
0.000615191773304463 -0.0430872856512878 0.0414289160543341 0.0891459005970957
-0.00381778020306547 -0.0371706281893528 0.272272582429818 -0.473166225205145
-0.0285867545856175 -0.00196993336921174 -0.342224978239932 -0.88567210080529
-0.00201178320385598 0.000882195398878158 -0.961392686483865 -0.175244550952805
-0.00843583778933998 0.0133502050250569 -0.453383998316804 0.652845502549566
-0.024029560663704 0.00360501088047375 0.207759651891017 0.509225407767205
-0.00717018161963673 0.000713185834647558 0.35332580842288 0.114775987722795
-0.0093618103946038 0.010014904756712 0.161495729894727 -0.187175766528186
-0.0113406307184396 -0.00225461204130249 -0.129707892558691 0.127987647168705
-0.0219425967390394 0.0069406733260438 -0.250923362192416 -0.100377161052552
-0.0218064631917583 -0.0193500058256772 -0.184635172541773 -0.43891971497822
0.00432483929202525 -0.0189827589793451 0.379972170288311 -0.562529503883486
-0.0141662060856636 -0.0199031740773044 0.844147744064902 0.0863350631562814
-0.021319706267684 -0.018119558393691 0.433699634212025 0.7708310848011
-0.0173039265116169 -0.0220788876448352 -0.176965095375617 0.597476136587299
-0.00507535019993978 -0.0404210590634521 0.0489319887405046 0.0722380714799133
-0.00964858744409937 -0.0332203309181601 0.24414475358999 -0.501070792516172
-0.0286528520503206 -0.000533310798358215 -0.417384705612899 -0.849400309524813
-5.4398070882246E-05 -0.00325359261326679 -0.962055564387153 -0.0796250864228333
-0.00349636131074903 0.00990088443948305 -0.383589877728889 0.690139798693248
-0.0219424140042889 0.00605185596012489 0.248216130457189 0.493220873352389
-0.0111740579551133 0.00122363048579526 0.356657055308137 0.0967048656644501
-0.00996377577488044 0.0077594468590303 0.154553081564029 -0.189922940965316
-0.00876496959723021 -0.00436020874835489 -0.134336063175392 0.122839897290873
-0.0249635941105881 0.00716031591524025 -0.245589950505429 -0.108764058605907
-0.0192532343233443 -0.0185998325548081 -0.150255844425895 -0.448444840212341
0.0104576192588491 -0.0219331623011047 0.433941705827772 -0.529708802105364
-0.00978045033260263 -0.0227410245930596 0.842548902627515 0.160543793981051
-0.0206498359876519 -0.0152558849463274 0.374326488669107 0.807583248703304
-0.0189200599614051 -0.0161305250651242 -0.210040561465346 0.585382080093979
-0.0118060464437558 -0.0326607648614032 0.0554535680531189 0.0572831933133677
-0.0154730681756231 -0.0256745065695756 0.216784770380616 -0.521679851707797
-0.0272173757422039 0.0037283236564135 -0.477879039342191 -0.813902644603097
0.00228846693622147 -0.00666154636177911 -0.952149211440593 0.00225123012043374
0.000655962504899667 0.00805411212396423 -0.318271868131128 0.717031814382743
-0.0192683248683637 0.0102301497971293 0.284378668078396 0.477281867969093
-0.0133364669598817 0.0022450607095552 0.359676899219114 0.0822758168651605
-0.00769946806442097 0.00517748771066158 0.148679802903165 -0.193689128516735
-0.00483167531584998 -0.00541224407024314 -0.137980174522778 0.118745202677112
-0.0251721085195902 0.00753517855855296 -0.24240188605199 -0.113196569136769
-0.0159641312179698 -0.0159324486396895 -0.123096794034292 -0.454288372046154
0.0149965057940249 -0.0232323773181896 0.472521599428912 -0.507786192823354
-0.00606826261844928 -0.0238473012117589 0.840942494084361 0.21310535356698
-0.0183614685358855 -0.00973801247617939 0.325332037022928 0.831541791911077
-0.0217905153393918 -0.00629820170465116 -0.233485166912415 0.571361587816931
-0.0210433503666496 -0.0211443840043832 0.0572017000897845 0.0472684957006102
-0.0186132909774493 -0.0144552551014227 0.198778234696873 -0.535522443065846
-0.022558556208147 0.00883449833001218 -0.523282615000146 -0.785182122787179
0.00366317315490415 -0.0088974874606041 -0.944261938423989 0.0594688501641907
0.00297590799145522 0.00557396237768463 -0.267462787130239 0.729428136395927
-0.0164969685443886 0.0152157130868149 0.308565941537282 0.463424921742724
-0.0134471397716644 0.00543405691959811 0.360431996376029 0.0726146173704738
-0.0035483789473153 0.00341060540355628 0.143808785280372 -0.196029609699545
0.000116474890211306 -0.0058481599371154 -0.140860329411697 0.115352212820589
-0.0236764760236759 0.00909708012322768 -0.241557866864662 -0.11440718425614
-0.0128373744003909 -0.0122005071919703 -0.10256862543869 -0.455834540250287
0.0172588834791816 -0.0233397012074498 0.498241880769732 -0.495089141434074
-0.00199149298758452 -0.022869337994297 0.83858857155849 0.240936162092556
-0.0141303202080921 -0.0015455749317046 0.296114478300908 0.842853855007866
-0.0250107025129783 0.00696846291644568 -0.247228784402321 0.564413656927583
-0.0296467012195298 -0.00671825539260204 0.0565015106416153 0.0407299255438175
-0.0192698791864129 8.59212418519769E-05 0.182447275914671 -0.542891301062828
-0.0163014716657288 0.0141479139574567 -0.546887017501561 -0.765716716762599
0.0048757215819535 -0.0112951420246795 -0.935527726395262 0.0884363609140333
0.00339092622111508 0.00587006922043149 -0.237592393134765 0.737253138136097
-0.0132788725984181 0.0207657492153763 0.324626383916136 0.457682543506811
-0.012136117564166 0.00777043822937631 0.360983607506935 0.0692303053799728
0.00314381856070744 0.00263095168276593 0.141607871420761 -0.197791200643435
0.00448748204496323 -0.00541715615579279 -0.141900494606404 0.114776187965458
-0.0200355803978018 0.0117886731028679 -0.242807926250353 -0.113138400250539
-0.0116535747902992 -0.00760289076774423 -0.0975628556629345 -0.453601388324857
0.0162193055109758 -0.0230231603529875 0.502898030373618 -0.497130264279808
0.00144056856486348 -0.0209875956351489 0.83846704324316 0.240175674158976
-0.00929938706938356 0.00882689893108409 0.297232689693831 0.842167455854975
-0.0283196456282594 0.0202707910696062 -0.251587291527397 0.565083544415585
-0.0374914539473471 0.00712910349646046 0.052845547478448 0.0408108541447745
-0.0178114736532729 0.0135454089354734 0.178469278986818 -0.541463018086376
-0.00961147979093823 0.0195474160910078 -0.549750649175789 -0.767034972655817
0.00612263435282277 -0.0121857104244941 -0.938348270881578 0.0853983981887171
0.00410868952207322 0.00683732239073279 -0.23810454541588 0.735189311375411
-0.0102122005573159 0.0248922510572804 0.32857355499582 0.461824733722459
-0.00743131058056365 0.00930164869203629 0.360333378611931 0.0720369602099225
0.00938233108728443 0.00176140442505075 0.141253273062141 -0.197123528090701
0.00877210563394156 -0.00445796501269104 -0.14094127787305 0.114843078118493
-0.0152729043384857 0.0145120246050081 -0.24739274654127 -0.107808017507496
-0.0112350724472878 -0.00493873883985966 -0.107447262126382 -0.44919022809515
0.0135901967252668 -0.0214176550078191 0.487502862972335 -0.516288093636912
0.00265150681857452 -0.0192196830889653 0.844183279469352 0.203421036957741
-0.00304090539205054 0.0170117848008806 0.319983397115166 0.829492315581539
-0.0292415728350554 0.0348713418444326 -0.240645920927043 0.573372878846228
-0.0429658574737156 0.0200752084916467 0.0458819545873225 0.046359823228168
-0.0160477683356545 0.026780008020561 0.185712595852294 -0.533584054255528
-0.00172050512281604 0.0256838481281512 -0.53345494981602 -0.781913704585359
0.00813918833774589 -0.0108376138796186 -0.946686906354078 0.0515373207605857
0.00277923933706554 0.00832930238401827 -0.258406727857746 0.725069461800807
-0.00845249747954239 0.0279950804500742 0.320263889042504 0.469992617314909
-0.00305481132048402 0.0114176830243616 0.3578896921942 0.0814554026507011
0.0149498416777932 0.00259363095044676 0.141939869904419 -0.197240975118256
-0.0101448897936428 0.00169349625795573 -0.122086429223567 0.140331666224028
-0.0102438724349102 0.00898640512268459 -0.264768717494708 -0.0726098261940826
-0.0245454460437379 -0.0173281663691214 -0.258992839308665 -0.406094738702326
-0.00590620154126363 -0.0104346867767781 0.24876688112991 -0.623647365863678
-0.0172950505424016 -0.0113167458199121 0.824408487897512 -0.0911603905467324
-0.015873193034583 -0.0117832464023127 0.562449317991695 0.665941322997759
-0.0134753564745525 -0.0176532193177388 -0.0997951913868833 0.62984897905613
0.00174705811252482 -0.040318344490195 0.035075294294065 0.104457038203817
0.000711742757896211 -0.0333415080554616 0.284917709579671 -0.453973543069674
-0.0246925317702843 0.000293887232084332 -0.295531076251761 -0.910385626596112
-0.00503829520681902 0.00353453610146895 -0.9619807755831 -0.244123896753443
-0.0141568197059645 0.0162764770014133 -0.504819185139129 0.626354486982572
-0.0245395392388222 0.00346533970074715 0.184085047846967 0.520413248279728
-0.00267470210993497 0.00190949812481483 0.353089089184088 0.124186690831156
-0.00596451702110214 0.0132271040966082 0.165164464538124 -0.188172994988194
-0.0120002178319649 -0.000401066783565747 -0.125330153924538 0.136155644038948
-0.0167208031369716 0.0082400886446796 -0.259914788300308 -0.0845194104391262
-0.0248258619528565 -0.0188722924809417 -0.229172256626287 -0.422181319421228
-0.000603701771700355 -0.0151248556855656 0.307695270976993 -0.603311026964091
-0.0168464423584802 -0.0156325560977176 0.838882071807113 -0.0172123147825092
-0.020357463985207 -0.0161588026103838 0.514825441132225 0.715765076830054
-0.015598105551494 -0.0229034733998125 -0.130354910310718 0.618716645081951
-0.00017715347064525 -0.0430281728018845 0.043627484273628 0.0892602429283073
-0.00424011787640363 -0.0367740385491615 0.264054014613905 -0.479937846149188
-0.0274265859751259 -0.00157228042995479 -0.364851641676927 -0.882209277191963
-0.00237454527747443 0.000494115526913433 -0.970568710285206 -0.155931444714902
-0.00927691745694574 0.0129403072985185 -0.442670040568191 0.666566964926984
-0.0236158897065955 0.0043268952419858 0.220193556865214 0.507312707550649
-0.00759859678712766 0.000974748169625752 0.357480994989209 0.107269853965119
-0.00853983871891615 0.0107291694083779 0.158621005355927 -0.191139583389866
-0.0121925114960291 -0.00272383441791115 -0.128575495167201 0.13167383112041
-0.0220245288139405 0.0079741864142925 -0.254590377400121 -0.0956799854861532
-0.0227916745090628 -0.0194387404160088 -0.195359494653767 -0.43715154648561
0.00421610324847715 -0.0195253001964658 0.368992828462992 -0.573775283246195
-0.0144373796598457 -0.019485431279011 0.84934012135568 0.070456783508221
-0.0218265832872859 -0.0171581884275956 0.451671122245824 0.765023283836089
-0.0168933908553646 -0.0219297577012537 -0.167386104636508 0.602878844513822
-0.00614691954387798 -0.0400011074240483 0.0521305982714849 0.0715212842778581
-0.0104434046176579 -0.0340670910863708 0.236453491164081 -0.505838328026523
-0.0286517910765972 0.000500742334824212 -0.436654170524164 -0.844035264307279
-0.000799580834634506 -0.00319211055316512 -0.968730560584486 -0.0591763733015828
-0.00373161228395301 0.00925505953262384 -0.371140807473554 0.698242499556162
-0.0215209365062888 0.00655441313269769 0.260932237290712 0.488936735912631
-0.0112381851445072 0.0017228923715912 0.361546050841693 0.0898674781845433
-0.00906408556697118 0.00779723906566673 0.152137170930412 -0.194667710384814
-0.00966350305618442 -0.00386071573063628 -0.133342240706178 0.126996822960408
-0.02493704517606 0.00731635195157729 -0.249361504200175 -0.103499992202905
-0.019747555061284 -0.0182207279487534 -0.159753090968292 -0.449622949294414
0.0101657132018375 -0.0224254650609555 0.423120024377419 -0.543825304205997
-0.0109436065992032 -0.0218945814880964 0.851262206333553 0.141154175315055
-0.0214203577322813 -0.0143707466650098 0.391843096879437 0.803624675514671
-0.0193571181650073 -0.0164536268924955 -0.198237024254502 0.587848631089277
-0.0129370556020982 -0.0322249135216189 0.0576778795334359 0.0561149588030724
-0.0160677975001145 -0.0251893559181149 0.207598204244561 -0.527264610012169
-0.0266691047876683 0.00441930522295464 -0.49921848340361 -0.805520996166565
0.00174205611313791 -0.00611905538443345 -0.957288714550222 0.0214244879360294
0.000299853108300902 0.00752437411522899 -0.304786369460134 0.72603140348681
-0.0193251710386358 0.0109825220397571 0.295343966693273 0.473161599350215
-0.0136215848864974 0.0031944224987354 0.365064684038991 0.0739096852343698
-0.00711773398691524 0.00523826483985207 0.145323197709006 -0.198063824004628
-0.00592566250193551 -0.00584532495370271 -0.137536404818851 0.122599584623548
-0.0259759558266247 0.00828927485389135 -0.245623717560934 -0.108397364802941
-0.0165237288880274 -0.0150504397124085 -0.1319418345702 -0.455333577567223
0.014606067980297 -0.0244543000163931 0.464026652357766 -0.52206608604477
-0.00665007493010513 -0.0229012299841182 0.848007555301335 0.196683785462862
-0.0187919492071833 -0.00836617489981854 0.344690714458878 0.82750690523762
-0.0213516299312601 -0.00666822530438856 -0.221794838935629 0.577860126857845
-0.0215510453314374 -0.0201749236361027 0.0587903550893179 0.0459434826876437
-0.0184148366391908 -0.0140372555373456 0.188406654995701 -0.542381870752237
-0.0225835501709104 0.0091682733767099 -0.541899500779649 -0.775091892636992
0.00295926697232239 -0.009194779435568 -0.948067293316205 0.0812199612829396
0.00213800453362058 0.0059762163241153 -0.253978907151515 0.739267224019141
-0.0157643213954177 0.0164781601166274 0.321593825831672 0.458848361528424
-0.0130683228088495 0.0053902772950653 0.364860205978398 0.0649200996184126
-0.00324139717605707 0.0034495244519706 0.141016778824265 -0.200143068772023
-0.000697360287792926 -0.00607942426443581 -0.139961141775556 0.119281895463902
-0.0237775141464101 0.00983241200754615 -0.244548127977916 -0.110279665834544
-0.0136193070579056 -0.0116349681824592 -0.113413793449138 -0.456400670250851
0.0162824944456915 -0.0240702621783648 0.487704056269933 -0.509066670433618
-0.0020607168673202 -0.022511157969615 0.845645948536831 0.225141506783349
-0.0142391236391909 0.000190727431776627 0.31529061938895 0.840750329177612
-0.0250009703727811 0.00686265127407516 -0.236929274700281 0.572265882662173
-0.0301972450326957 -0.00584483904680075 0.0580547288950525 0.039704377090483
-0.0190844744281083 0.000407725624393352 0.17250327935851 -0.548387667890417
-0.0159583801578684 0.0137535465555594 -0.566323963782048 -0.756825279579147
0.00379821047096837 -0.0119013965176581 -0.937754766963417 0.109007807927733
0.0043197145046666 0.00563685458715914 -0.223174680357532 0.745247696449644
-0.0123798589258886 0.0216822378960777 0.335970565029324 0.452676104996072
-0.0119086483379415 0.00795608371299211 0.365033423210935 0.0615829619769701
0.00302747334406266 0.00301710092649345 0.139214880152405 -0.202302874815461
0.0044584590433295 -0.00538657825697753 -0.141024288638441 0.117562583602712
-0.0200199910917523 0.0124802693061046 -0.245947200395966 -0.107974413292953
-0.0120795558286839 -0.0079137432748702 -0.108691650957833 -0.455299540731425
0.0160777125116345 -0.0239905806075195 0.495103631979838 -0.511866118271214
0.000901246176089276 -0.0209749875110237 0.848255801651966 0.22270702448632
-0.00945461499693111 0.0091624853085802 0.315325464643101 0.839517917039095
-0.0274674520578762 0.0206495977710445 -0.24026178447775 0.57133919722521
-0.0373424532338205 0.00856601785082412 0.0537359470703923 0.0397998844939719
-0.0179483807169871 0.013554499504089 0.168369236284891 -0.545402860931961
-0.00839332858331379 0.0201613313850265 -0.56908375566317 -0.757873710919496
0.00616966152992999 -0.0116156025327861 -0.941975324170247 0.105632136323453
0.00364899112256791 0.00692077663108353 -0.221631253957508 0.742226812496472
-0.00985336615393129 0.0258613233719745 0.340759349623382 0.457093489370427
-0.00819767763176872 0.0099168989910134 0.364041508803694 0.0646020888188897
0.00900310383904826 0.00195884340465203 0.138116425208414 -0.202636530144353
0.0080466528465274 -0.00435224105898087 -0.140661267803913 0.119018211398482
-0.0159419204218621 0.0154622377101616 -0.249364153297827 -0.103800831140271
-0.0119382830041785 -0.00341100162715448 -0.118139944028952 -0.450323773912878
0.0129530138165202 -0.0216508658805224 0.478908371807238 -0.531064440261042
0.00301237260058726 -0.0190110421401136 0.853454158299304 0.187117329259306
-0.00355266856578141 0.0179414564455223 0.339246575904557 0.825725261403892
-0.0282665218381514 0.035279549711114 -0.231336620755601 0.579261898253631
-0.0424573749600321 0.0212583160702393 0.0468680330830527 0.0455269359472453
-0.0159195298141047 0.0270957709109667 0.175537404254675 -0.538689871040697
-0.00118112662818001 0.0265919132490109 -0.551758351795519 -0.773782327932475
0.00795431224170681 -0.0108183512762657 -0.951106070532995 0.0732945462488044
0.00283481817379925 0.00920644253934034 -0.244791814824351 0.734267828407639
-0.00779217177556321 0.0290557051403223 0.331790178131695 0.467004904705019
-0.00249257999008481 0.0117179782156044 0.363429813041175 0.0736832645658703
0.0154139858369312 0.00252654518273575 0.139399249210017 -0.201527997596712
-0.0102881549192328 0.00130217533999443 -0.120182504467374 0.143134824077598
-0.00995415052740527 0.00845609480877766 -0.266126908124828 -0.0665911597334723
-0.0258217189925936 -0.0162969701870121 -0.268224729453765 -0.402630685854794
-0.00537645957417423 -0.0105879534724303 0.235595135514262 -0.632012890985262
-0.0180986911337081 -0.011203280760776 0.822365323839818 -0.109050447208885
-0.0167570356743284 -0.0117086016597456 0.577622049443943 0.656661009006541
-0.0136560897807773 -0.0175477950091383 -0.0865228833066076 0.630992654655707
0.000615102731435876 -0.0401147837857226 0.0369920292057586 0.103174781147724
0.00014803361992808 -0.0342050566545999 0.275802736363653 -0.459484638586318
-0.0244789906249135 0.000939811861485826 -0.314563134718221 -0.904121934083963
-0.00453285273313841 0.00366789607348927 -0.97130273808367 -0.22211441121998
-0.0136175683034355 0.0167257336625758 -0.493361360338802 0.637756271525039
-0.0246444861839028 0.00402764942631776 0.195115963968249 0.518315641151217
-0.00266240392750409 0.00274338225988161 0.357130283416405 0.116576421114552
-0.00598785944229826 0.0137425629589551 0.162228459049288 -0.192942690504816
-0.0125425295994495 -5.78045369574827E-05 -0.12335380942975 0.139612643533133
-0.016758643721983 0.00814586463302834 -0.262252389037889 -0.0778881579492949
-0.0259317475057699 -0.0177017658244083 -0.239386495670503 -0.420372160442749
-0.00106491916938768 -0.0158718097162639 0.293758387817349 -0.610789394152275
-0.0171994639193953 -0.0153650630623103 0.8398537002053 -0.0353915469813455
-0.0209163678530138 -0.0148600807608195 0.530404141630785 0.703948235737501
-0.0154925065424556 -0.0222846184613441 -0.117831634033405 0.619572829766369
-0.000844166134479019 -0.0424471716911163 0.0454262311982652 0.0884472953478255
-0.00455279200998978 -0.0372471094963904 0.254774529098843 -0.485086030119638
-0.0278554157070217 -0.000544131503668676 -0.385151741600431 -0.875407845198233
-0.00218448867308667 9.34823784863141E-05 -0.97567813114656 -0.134876947255455
-0.00801814176495613 0.0127812849945715 -0.427916787110849 0.677542764386956
-0.0235579321538343 0.00468777988412892 0.231707176239453 0.503505606464532
-0.00768194890886031 0.000877698927915848 0.36167110797906 0.098577360950903
-0.00822550265778684 0.0104742271581103 0.156344011992776 -0.195450991525045
-0.0124737905460229 -0.00219341830506639 -0.127114628724657 0.134767095022338
-0.0223162701957746 0.00795674187897475 -0.257251493559195 -0.0894420019698699
-0.0239431259659441 -0.0190030923758148 -0.203680154749337 -0.435575271396041
0.00383601645762591 -0.0199950484993597 0.357272092386385 -0.582315752452309
-0.0149777483360343 -0.0185437846048302 0.852578335506 0.0498702749493951
-0.0228032933936254 -0.0157532075985034 0.467055852162901 0.756997166969731
-0.0167723812954447 -0.021845079577539 -0.153687421359821 0.605879508308315
-0.00598954876841309 -0.0404917495659295 0.052777070588262 0.0706806313714802
-0.0116830296717547 -0.0334690658850571 0.226848177616239 -0.511649215474849
-0.0285022420391067 0.0010055946204774 -0.456780345432628 -0.834697833243807
-0.000833229091659714 -0.00286003629035928 -0.971026592928424 -0.0380114008171258
-0.00275862447405787 0.0103221664057798 -0.354096851539448 0.710202989122613
-0.0211049730275143 0.00722150196972449 0.271813101110361 0.485126426890342
-0.011542370509383 0.00182958398588244 0.364812456781624 0.0807757391453014
-0.00874899041802527 0.00852454846654448 0.149059351044028 -0.199108551819988
-0.0103144942769728 -0.00481212786119537 -0.131775058860784 0.130614887728534
-0.0245822152123916 0.00788669159539846 -0.25185713949878 -0.097081244241668
-0.0201063469383802 -0.0171230794440074 -0.170242782063107 -0.448544647537877
0.00938498684949065 -0.022972729523985 0.412697560754683 -0.555341392550431
-0.0110590928221585 -0.0213482870013918 0.854795033625681 0.124442355370376
-0.0212054255464479 -0.0127645307896006 0.40972236974462 0.794686679699693
-0.0189755947332859 -0.0158624430345048 -0.186175379793696 0.593224091874377
-0.0142619878852687 -0.0321459289854226 0.057905581993666 0.0558002179339139
-0.0163327471551616 -0.0254443850264734 0.198063559383548 -0.530994298250955
-0.0265901209657605 0.00524689970379291 -0.51602705448187 -0.796716413031736
0.0015774525284786 -0.00637337783347886 -0.958532616495989 0.043765590429136
0.000871503868143896 0.00736192004775388 -0.288934685718059 0.735074070320616
-0.018664710963844 0.0122204039107536 0.305912232974629 0.466487120371658
-0.0139373339702908 0.00350268239639023 0.367216940372207 0.066052144072356
-0.00654161066144889 0.00598270262950089 0.142173851132037 -0.202022081543123
-0.00626205506785489 -0.00558424770906608 -0.135270073756584 0.125819788130635
-0.0254355529227307 0.00865212441964455 -0.248299948010219 -0.10198743737819
-0.0172084763610113 -0.0143478805125344 -0.142791663284834 -0.453884015133349
0.0138224239146521 -0.0252287986874442 0.451893545930803 -0.534465209769107
-0.00705348555866423 -0.0225742301128327 0.853902211388028 0.178687837968554
-0.0189642832928769 -0.00772365201139595 0.362151494379736 0.821286838937328
-0.0212132440944859 -0.0061909785908953 -0.209291400524285 0.580813648565096
-0.0223893143136626 -0.0199831780673002 0.06019642141691 0.0450747789405347
-0.0191633728057622 -0.0137181181435039 0.176936452866211 -0.544412645242154
-0.0218460374160289 0.00955022118083442 -0.560324545981448 -0.765191450956707
0.00232671271877209 -0.0096585742914704 -0.948255533698458 0.101450277496648
0.00295611728296927 0.00590912591089863 -0.237551660825165 0.746473408006633
-0.0158532980074283 0.0166931582195997 0.331806859371847 0.453047147178785
-0.0134193286785531 0.00623165077850146 0.368214787810113 0.0563831275921581
-0.00315372971695819 0.00383722569882799 0.138419706603978 -0.204567739731818
-0.00142536129594044 -0.00609271404097995 -0.138557307098143 0.123646050898813
-0.0232174112096742 0.00957111721383819 -0.24744902988266 -0.104546050362537
-0.0149027715995393 -0.0111239395506095 -0.123162194519259 -0.457815584509533
0.0162011281430926 -0.0252161668150879 0.477941691797409 -0.522508444941494
-0.00221155389998145 -0.0222857413383819 0.853656629415053 0.207469230258589
-0.0142100926794898 0.00120888000315949 0.332582852496739 0.834462083944284
-0.0250776558709937 0.0066102940336202 -0.224936088172002 0.574673298914421
-0.0304203989658232 -0.0053176056904668 0.0585546132246116 0.0386228444152017
-0.0183245423530044 0.000486073012343955 0.161243074040915 -0.551024113251224
-0.0162157436256348 0.0147087093989598 -0.581709180583724 -0.745522952264641
0.00390408905032985 -0.0118139808378627 -0.939511196488097 0.129523185196817
0.0042823122634691 0.00547680593234267 -0.205998553807144 0.751018797533202
-0.0118865273167528 0.0216843234663679 0.346412198072745 0.44673720398727
-0.0110697275640192 0.00806533683001834 0.368219839458951 0.0529497004753494
0.00269540758332159 0.00184354962824011 0.135038568147927 -0.205422980408256
0.00285641060817314 -0.0056430977357352 -0.139681238184321 0.122621454314713
-0.020176800192209 0.012774708284094 -0.247792091005922 -0.10218335655561
-0.013234028088865 -0.00740584648583114 -0.117514239397961 -0.454389817193105
0.0156317019892533 -0.0244569896245028 0.483764494266757 -0.52462091873045
0.00112621223648039 -0.0205976244262476 0.85266192799344 0.204038475266367
-0.00899808117016321 0.00982455401882432 0.33280118482799 0.832300132466261
-0.0268527409520875 0.0218282618810475 -0.227848514219057 0.57521182622276
-0.0373504044106761 0.00914571072298377 0.0549875260031944 0.0383732174331264
-0.0170876374156179 0.0147226416495754 0.156599478058009 -0.548280767181152
-0.00805440218821605 0.0201293289594951 -0.586381994867222 -0.746562753818254
0.0049282337350414 -0.0118188998351414 -0.942374756009926 0.12720369507135
0.00408845954487783 0.00610071199224389 -0.20384312986456 0.749036595295296
-0.00914801473607244 0.0264277804366637 0.35111778489948 0.448487298046642
-0.00750348033887582 0.0105236785628585 0.367791062298216 0.0553471606575939
0.00954265249237218 0.00214723813578644 0.134363739273751 -0.206309783763796
0.00734616104736792 -0.00480780054574998 -0.138765563851002 0.122251267260048
-0.01454233740793 0.0157449687236897 -0.252479773910635 -0.0973075109485605
-0.012357675326085 -0.00355516923815205 -0.128105974906482 -0.450334421474816
0.0119384156983577 -0.0226123910342181 0.467414623389048 -0.542777245724278
0.00241408059479805 -0.0185107689182801 0.859252308585454 0.166598994177972
-0.00248039846382272 0.0186395039747979 0.358092014067616 0.819442991318838
-0.0279279975214791 0.0348843145773242 -0.218170071411138 0.583479585784782
-0.0416547801354986 0.0223939069304485 0.0484435566120465 0.0447240714224265
-0.0146902301256012 0.027715220582626 0.164158243077221 -0.542385031523428
-0.000470385049792736 0.0264882583372023 -0.568984031055417 -0.761532925144698
0.00816958973910119 -0.0106436128108369 -0.952156173271013 0.0963489282356717
0.00302026080509339 0.00879128833241176 -0.226913642964469 0.740006920610424
-0.00688390994534828 0.0292465966098291 0.342933411347584 0.458875560843092
-0.00226746667806239 0.0115175513185533 0.365525994516688 0.0649435224916969
0.0154114135684211 0.00216875310806317 0.136641195833731 -0.206140502158949
-0.0108208987277809 0.00125470982933982 -0.118268808946764 0.145891468591133
-0.00949389481684733 0.00909778940424807 -0.267115310684398 -0.0597621565369929
-0.0260872179087184 -0.0156672827640151 -0.276824084923182 -0.397602000232248
-0.00619054613896996 -0.0111317031397053 0.220015023346816 -0.636333807577155
-0.018734318636269 -0.0104781533821155 0.81694705782031 -0.126008313173217
-0.0165828370008122 -0.010544614838599 0.588459729118938 0.64176223992311
-0.013856178184909 -0.0172213067422039 -0.0726810467290712 0.630013077514558
0.000201826733913062 -0.0395596081168831 0.0394605003360269 0.101964031978744
-0.000412612366184008 -0.0329394230044937 0.265219411555743 -0.461886442540577
-0.0240836918935816 0.00160289864167573 -0.334609283182221 -0.894408363405031
-0.00473293605703759 0.00377620746350223 -0.973304788380764 -0.201502092530682
-0.0130570566191407 0.0161003311772384 -0.477984758779202 0.647104153293405
-0.0236880390682244 0.00509036994917248 0.206425822840123 0.51246541447582
-0.0024675072619292 0.00300875908160377 0.360097644759076 0.107992483063094
-0.00483006717146362 0.0134393835649704 0.157817256014765 -0.195864023066472
-0.0130783668655288 6.16534619012699E-05 -0.120434376932247 0.143049775144564
-0.0163286545014993 0.00862636724989316 -0.263361815137791 -0.0714518046815616
-0.0263036715959108 -0.0173528209837946 -0.248526951135529 -0.413738358497819
-0.00166819618101323 -0.0158815119847092 0.27883509233186 -0.61669404118779
-0.017934704008134 -0.014520331508005 0.837008207013624 -0.0533871815460733
-0.0211191724649191 -0.0137686159200731 0.542268736340014 0.693117177208051
-0.0155682625424194 -0.0226884683678095 -0.104548009344823 0.62017636659644
-0.00169964383370757 -0.0423075758677274 0.0480444488424872 0.0865177535194441
-0.0058423493864518 -0.0369887781503879 0.242794414744461 -0.486702722287484
-0.0273217452039426 0.000269434960931479 -0.401558471418512 -0.86169407281718
-0.00275898049735174 0.00107857280388501 -0.975999523324326 -0.112788488931106
-0.00731562178747785 0.0132056469514086 -0.411682330916224 0.683742604480579
-0.0228795273329492 0.00598973172489128 0.242870702054522 0.496796771377532
-0.00707868574466766 0.00146174523700569 0.363963751552858 0.0913636767406253
-0.00894767796273113 0.0111267175613262 0.150967994044793 -0.199621142504668
-0.0135128959154063 -0.00251928112802865 -0.125112143185825 0.138523639229709
-0.022093477106172 0.00855035138278863 -0.258486349416399 -0.0829110524340154
-0.0244466674765285 -0.0181298720794007 -0.214061920167099 -0.43169788225317
0.00339330230779022 -0.0207068177791694 0.343587257839035 -0.590838422571999
-0.015494795055329 -0.0180802614824823 0.8520932816768 0.0302586201707374
-0.0232637666692262 -0.0145571178258955 0.481516101047466 0.743798255456999
-0.0167870027325996 -0.0218037833733974 -0.138639561549618 0.605622932247426
-0.00667956813653754 -0.0400323683198355 0.0550030371327909 0.068973329385506
-0.0107913161738396 -0.0336643634760496 0.215818099504493 -0.512989445081495
-0.0288970198391626 0.00239899982374308 -0.473104554429593 -0.820622313903837
-0.000583980113358407 -0.00275692853559376 -0.968718608000542 -0.0161099485682744
-0.0026758685667568 0.00966444931451796 -0.338721288814477 0.715208623311524
-0.0213412700335693 0.00782547723551239 0.281941763756709 0.476874312063812
-0.0111829019194644 0.00283900179342112 0.367367184941181 0.0718472641268709
-0.00860318490598115 0.00868781058629174 0.144913184979328 -0.201927203945989
-0.0106455766594569 -0.00399175005815002 -0.12919290382007 0.133461288960403
-0.0248535523169861 0.00840972921270564 -0.253347713009125 -0.0912364367411276
-0.0210887948986334 -0.0163180367992005 -0.180381981736887 -0.443826360859055
0.0086095754757466 -0.0240087069817748 0.399384441800552 -0.563705215078851
-0.0118516322276206 -0.0208774143829231 0.856765691645794 0.106055527389017
-0.0214182878593193 -0.0121015618398214 0.422808874299107 0.783741545133948
-0.0187062438258088 -0.0158552654292435 -0.172824136614165 0.593747548101759
-0.0143134776516002 -0.0316127217735447 0.059586583389274 0.0541646559514179
-0.0152886076807386 -0.0248256891466941 0.186659408016369 -0.533683366893298
-0.0268771593889745 0.00588610837827655 -0.532943674965268 -0.780189797064519
0.000694352285022772 -0.00636654329246692 -0.955625885132513 0.065508521791308
0.000209725960396007 0.00745523795805662 -0.270955286372338 0.739804702677107
-0.0186285501795296 0.0125009204279124 0.316382042616674 0.457945600873656
-0.0131702526504139 0.00416656152437017 0.368577155807192 0.0570991246437321
-0.00633152768611786 0.0065770909929106 0.138082027852946 -0.205150142368331
-0.00672863622345764 -0.00564798989818099 -0.133658216464281 0.12896741058205
-0.0245518109236675 0.0090975175985587 -0.249618690316348 -0.0957968938423398
-0.0182132044400925 -0.013765873899824 -0.152446408948087 -0.451730446648449
0.0132728335150146 -0.0259630574463342 0.438733803299042 -0.543173373777541
-0.00722267074112526 -0.0218541319560897 0.856142460970158 0.159387195011926
-0.0190203663845318 -0.0067481254157305 0.378270549286985 0.810259093665046
-0.0214514601756387 -0.00625070664561612 -0.195774545824276 0.583275122420304
-0.0221177683371741 -0.0192557029011216 0.0610785314974019 0.0427200673691089
-0.018869598559385 -0.0131690481211317 0.16423432692285 -0.546671356695203
-0.0215615000646101 0.0106189773508178 -0.575918455332781 -0.748733142377878
0.00213015335947509 -0.00941661280612516 -0.943710805980884 0.124010675429104
0.00282195538458078 0.00586973036137254 -0.220275485194065 0.749271982442177
-0.0148116533508639 0.0179380416983156 0.342543924884419 0.44507007877325
-0.014114144791777 0.0066745661045973 0.369389221235431 0.0475179134002479
-0.00253254204251488 0.00413811345155885 0.134162502413435 -0.207223110633297
-0.00157727064027478 -0.00670666024247934 -0.137337174847472 0.12664434156319
-0.0236809209690834 0.010098310333047 -0.248797377240081 -0.0988495937273897
-0.0151665289820887 -0.0101882343484221 -0.132998078976256 -0.4547399636222
0.0150159679465453 -0.0259806393994946 0.46556876758667 -0.532175844031911
-0.0029572942217133 -0.0216502844605745 0.855021027404535 0.189034717451221
-0.0144811708709687 0.00161591738671816 0.350144068733746 0.825686732529507
-0.0246015058166013 0.00729006951061064 -0.212962726373766 0.576816331950062
-0.0298020253416757 -0.00486958728114097 0.0598941413212872 0.036557862666333
-0.0184936302481667 0.000514085887663619 0.150686642483516 -0.551570114145306
-0.0151475218394686 0.0161388516552674 -0.597735517040562 -0.73235091090852
0.00361939798800026 -0.011732206728927 -0.934056995224913 0.150900046693438
0.00461188142021291 0.00550709300972173 -0.190801534174014 0.754398758507279
-0.0107886877300853 0.0226513907361492 0.357540839038599 0.437873871480216
-0.0111706163259003 0.0089941717862763 0.369144329770152 0.0437793454565345
0.00298975487101568 0.0020180202523894 0.1316555727541 -0.208571292048632
0.00243968805260305 -0.00648689420425377 -0.137866504513593 0.125421152718534
-0.0194580304167469 0.0133751876570137 -0.250104505594405 -0.0964579921232839
-0.0137462503003346 -0.00611951270250601 -0.127326994276095 -0.452561434126579
0.0144577590349462 -0.025137060060578 0.469902592740796 -0.535612636444182
0.000456601381907198 -0.0195641590814271 0.855314505798287 0.183368483844081
-0.0087947124916172 0.0107729120210578 0.349175596038855 0.823138454377408
-0.0261792378833932 0.021421823596803 -0.214947894910816 0.578045450072278
-0.0369713888448937 0.00949935883229712 0.0556679337694838 0.0364542749107296
-0.0168147894793316 0.0148195344109335 0.146590262541867 -0.550543884935995
-0.0072821734220285 0.0206008224298189 -0.600344859526837 -0.730520566027012
0.00517001424831514 -0.0120263153994152 -0.939613133384679 0.148637649754738
0.004663832382608 0.00654923705916515 -0.187874864009542 0.750898531072027
-0.00828159491846529 0.0265972804069029 0.359035890962447 0.439795416114512
-0.00771849230277439 0.0111892257859439 0.368962689799939 0.0468336581719815
0.00984555545622244 0.00212888678799264 0.1300150903341 -0.208941419524892
0.00662504183964844 -0.00485685563908763 -0.137147233258843 0.125727215837964
-0.0150943978826029 0.0159238380352881 -0.254227698205662 -0.0906296763550659
-0.0126527165500896 -0.0024157735662317 -0.137729462763414 -0.447296040592139
0.011510425060279 -0.0237084503910989 0.454269796840251 -0.55274308895477
0.00260003336810124 -0.018150291000576 0.858930354142961 0.149612145896264
-0.0014712442723664 0.0190167397784125 0.372201354869038 0.809306629349481
-0.0266658497475906 0.035519603890006 -0.205224810459832 0.585154007508677
-0.0412139059023391 0.023350802013934 0.0497055204695858 0.0434993252762453
-0.0145959846192641 0.0275921725254102 0.153866957592534 -0.543779959034867
0.000792631676524496 0.0259572452850091 -0.583613316437701 -0.746877326051616
0.00708844697225608 -0.0104960894510339 -0.948182504367735 0.1173348116449
0.00319350199007011 0.00884527253903455 -0.210768092771937 0.743775495977096
-0.00604262628869986 0.0300420321484843 0.3530647693186 0.450642585200413
-0.00239780550013713 0.0121398887015569 0.368220530291184 0.0562954827415958
0.015779715106422 0.0017051005545337 0.131965379824907 -0.207721608628094
-0.0117967744813625 0.00128519472902587 -0.115406589577133 0.148576210863819
-0.00961737880156114 0.00900748517616294 -0.267525458562065 -0.052717400673624
-0.0264726000837252 -0.0146557551304734 -0.283905611986792 -0.390156938530476
-0.00632125251227764 -0.0114817138348319 0.204764905723196 -0.637347300495803
-0.0183100414980006 -0.00945946284895509 0.811006960878933 -0.141260490239736
-0.0165219693131882 -0.00998339334954578 0.599279976173956 0.626357858333706
-0.0134657347444382 -0.0171683929463397 -0.0599426785480342 0.628395867940795
-1.4115322114607E-05 -0.0391343983816136 0.0415554191389925 0.101491684390743
-0.000696251279074035 -0.0334775475484909 0.255600154106197 -0.463904173695439
-0.0236397562184686 0.001969034114377 -0.350357778948576 -0.880900926593699
-0.00527544451853529 0.00353116422553944 -0.974144413015919 -0.181556993310845
-0.0128809374826436 0.0165778261337669 -0.463014303706218 0.653021057281803
-0.0236521465212701 0.00593714612263005 0.217031281981054 0.507371085204148
-0.0022611715869407 0.00289881765170549 0.360956370193235 0.100218272212851
-0.00532172723124647 0.013495840712806 0.153620122649314 -0.199014778317636
-0.0137570184354411 -0.000295469137962797 -0.119165519524155 0.144489899177664
-0.0166525284506818 0.00905305662950275 -0.263432687584898 -0.065060211892094
-0.0269413770379364 -0.0164381469006807 -0.256790525741681 -0.408506936329839
-0.00224227374843788 -0.0162500066085266 0.264499607995757 -0.620929905876363
-0.0185279013388373 -0.013552894290217 0.833571891922479 -0.0718593833053038
-0.0218817673545019 -0.0121905148295181 0.553784638306778 0.675068618818847
-0.0161960462905539 -0.0216699030647431 -0.0922581466073769 0.617580156674454
-0.00312551324949948 -0.0427527647111684 0.0494010465819461 0.0854053378627272
-0.00603166842789375 -0.0363155073167346 0.232334559452462 -0.488225188658708
-0.0272588421969809 0.000738597212331885 -0.417052363985529 -0.850351965577786
-0.00280670956387335 0.000963930873384419 -0.973587652188941 -0.0917536259298523
-0.00689699800018093 0.0133626740352785 -0.396601871057215 0.687975199159526
-0.0221603137565047 0.00585486099563646 0.252743001306238 0.48878338391576
-0.00789837280778625 0.00184882607491083 0.365810187776385 0.0824247284130648
-0.00671317640728835 0.0116593945356165 0.147382143001243 -0.201942101492667
-0.0142452418030208 -0.0021629710998408 -0.122955119842257 0.140752009779196
-0.0214710985741016 0.00915883054486467 -0.258864894628104 -0.0762242862857893
-0.0252097288874393 -0.0169015749521689 -0.221246491949445 -0.425865240080097
0.00282430099454515 -0.0210646160627781 0.328654502487512 -0.595990823076189
-0.0155029275198891 -0.0172549739503335 0.847589440839824 0.0135819672616265
-0.0227990299164392 -0.0136301102937562 0.493417879104586 0.728664957156096
-0.0176007327012378 -0.0212260594435634 -0.128469013455781 0.604984027519338
-0.00792754184396567 -0.0391764986689147 0.0563672404607324 0.0672318309228589
-0.0115470983848258 -0.0324466562151338 0.205326546823848 -0.514765146383742
-0.0279424315725983 0.0037713485365167 -0.488682254366702 -0.807364406480443
-0.000980488587018386 -0.00261490093193239 -0.966832082067254 0.00362452453362843
-0.00213472206092452 0.0101393077001597 -0.322234008694054 0.71845137118446
-0.0208934342066531 0.00858501655643864 0.291818141572514 0.468815090964902
-0.0111265253381344 0.00284943018980203 0.367710001068262 0.0639545227867208
-0.00798772210390256 0.00855384135998095 0.140431012789591 -0.203993707285667
-0.0116684611343533 -0.00435869232625701 -0.127404166446893 0.135492322133669
-0.0243427307752308 0.00866528468049207 -0.253854277924007 -0.0850267601027575
-0.022260171613211 -0.0156478756767093 -0.188026821739226 -0.440307419314938
0.00832798987177908 -0.0238028035424573 0.38438096564427 -0.570920466772774
-0.0117364061563755 -0.0204768075715836 0.853476685687408 0.0872499508942368
-0.0224073102588773 -0.0105113449951375 0.438707715268198 0.770572677026304
-0.0190407468263862 -0.016088275538342 -0.160583891455617 0.59298345813079
-0.0147025548239973 -0.0306335050485459 0.060112554723111 0.0521309218499266
-0.0165320155753539 -0.0242330704948211 0.176598881637388 -0.533221520192336
-0.0260543815021085 0.00688045944623454 -0.545815437593093 -0.764955667849252
0.000587592924716199 -0.00618643425987397 -0.94975953567106 0.0827274000973127
0.00125510404753597 0.00719149440455505 -0.254925548950768 0.739914505674445
-0.0175507520521551 0.013834692704575 0.324624779061505 0.449116086739965
-0.0129758438626894 0.00508025101623528 0.368848543912215 0.0497436330215726
-0.00606151916586996 0.00654220756127114 0.133930043954589 -0.206807500875659
-0.00711144134525843 -0.00596003045323963 -0.131164301284128 0.131619830307449
-0.0248703190336779 0.00971912980578038 -0.250601902216999 -0.0897090515329125
-0.0188529163306693 -0.0130165870741066 -0.161000282779849 -0.447236902833514
0.0118084061241251 -0.0261128862806008 0.425267010853685 -0.550210228558438
-0.00735436398173748 -0.021462971153455 0.854617668348153 0.141386381249102
-0.0192565895288585 -0.00513904850249712 0.391273453024741 0.797935623151138
-0.0216353751703424 -0.00590328715486074 -0.184164714041161 0.581259661497596
-0.0225295741522408 -0.0186716270289465 0.0609836604007426 0.0415063212714661
-0.0182066834349015 -0.0123916296866083 0.154869762339617 -0.545229328768132
-0.0212744693482716 0.011323920660241 -0.585266705373983 -0.732717051385294
0.00142129009256469 -0.00934788998672002 -0.936617279545494 0.141603039099089
0.00344911515752605 0.00548318489751444 -0.203726479892577 0.750689375076953
-0.0143346707979643 0.0178351148036828 0.350314707252792 0.434692074825518
-0.0132035621535256 0.00670626396189907 0.369780626664934 0.0388200152681611
-0.00195366667811232 0.00419642482493921 0.128542414868636 -0.208815204416659
-0.00296236550714207 -0.00683197977899234 -0.1350456818594 0.129809246752944
-0.0225765318611024 0.0113451901084917 -0.249810884587799 -0.0923898463955179
-0.0155622453328736 -0.00979567175584778 -0.141896986567838 -0.448575748965826
0.0144722311279829 -0.0265551639441821 0.452175624919135 -0.539207854933336
-0.00300500563786439 -0.0215278438225674 0.854942625348272 0.169629564485444
-0.0141720365538067 0.00305677816248497 0.364383395282171 0.810915126788091
-0.0237259499474011 0.00695420010376705 -0.19933583065709 0.576575061186672
-0.0296570542185953 -0.00428914304855178 0.060151676672233 0.0349415518511835
-0.0190523832670321 0.00194782367876968 0.139837640563692 -0.550209667326207
-0.0139617443481427 0.0156119647118278 -0.610243914642469 -0.712700536004249
0.00302201508639904 -0.0117059630166394 -0.926537664623154 0.170167883839862
0.00438130052409793 0.00541478748602544 -0.17369754087918 0.753230480319376
-0.00991830087176392 0.0233137237719246 0.365578506834419 0.427218611602044
-0.0119771254871167 0.0085976127273198 0.36968366429386 0.0357499915400284
0.00363652859411871 0.00146619555267309 0.126107390602521 -0.211008437037181
0.00177025007586583 -0.00661494712465199 -0.1360787697067 0.127633229529305
-0.0195164669921271 0.0132234197788707 -0.251101557461503 -0.0900222017842338
-0.0139613051617236 -0.00540686335203971 -0.136577367753465 -0.449299926078036
0.0140499309514179 -0.0250907451616361 0.456243395965719 -0.542773661267401
-1.51660710952899E-05 -0.0194436612486525 0.854674665015068 0.165997723043453
-0.00809007498821487 0.0119873591166638 0.363760642095513 0.810154996261841
-0.0255362349389072 0.021954592899038 -0.201834021658312 0.577660050509191
-0.0361889597631173 0.0106193010093381 0.056334746681456 0.0354951679107664
-0.0162171826706904 0.0146943123658581 0.13551702057406 -0.549078434331414
-0.00667864382459238 0.0211471133695745 -0.610978401759922 -0.71277370990988
0.00464130810057366 -0.0115756142971132 -0.930081082534332 0.165868937955701
0.00499629296535378 0.00632554164352486 -0.170413907041685 0.751043539355369
-0.00675469118667158 0.0274467631054192 0.36831867924655 0.43086706664198
-0.00676351283966539 0.0111281649311967 0.369639190713914 0.0378445477207044
0.00977894881961096 0.00068562888524564 0.125678605165039 -0.210706642675531
0.00590209554554597 -0.00522938335752204 -0.133703356289378 0.128678438695249
-0.0149873716412552 0.0161068454126218 -0.253711803560695 -0.0848000875022008
-0.0129481808581643 -0.00210036636984955 -0.146814910705601 -0.444646984386878
0.0104287657002521 -0.0229525334116571 0.439628162759832 -0.560944170556292
0.00153648339569159 -0.018376003303079 0.859182853886151 0.130204847042462
-0.00141721499303986 0.0200866827791219 0.386691779673083 0.797705130379701
-0.0255370992646425 0.0351139068503682 -0.191910253168504 0.585449357985422
-0.0407623097510456 0.0238436379182419 0.0500167770861921 0.0420036448003481
-0.0129713835145607 0.0273619709098134 0.141320999386062 -0.543456229519636
0.00164564859121276 0.0261959554120952 -0.596489809135365 -0.729110321348617
0.00665167713961037 -0.0109691990452249 -0.941750147892681 0.135850256248584
0.00405652708596886 0.00909276231865974 -0.19467829212411 0.744724731785041
-0.00427502517800962 0.0300254921552012 0.36000156307917 0.441213119097487
-0.0013137932220042 0.0120108710965212 0.368570224271374 0.0481827207701547
0.0163184224106619 0.00137373068003138 0.128091903183612 -0.210648040358372
-0.0122072294485368 0.00175653089731416 -0.112743279110695 0.149655011878144
-0.0102041669869155 0.00890841969604982 -0.265635093378498 -0.0473683461796931
-0.0275824932888003 -0.0132789300668549 -0.289186425577212 -0.381520874653743
-0.00625600862552205 -0.010820295754615 0.191950770097216 -0.638841933056373
-0.0186336690616607 -0.00909036497515306 0.802720738318896 -0.15637766820419
-0.0171974421529169 -0.00825759765307516 0.604589887558998 0.608237388511918
-0.0138565209195874 -0.0167441717873351 -0.046625100281088 0.621469012573507
-0.00101534943408626 -0.0390243204223963 0.0432133495902843 0.0990584090945985
-0.00140873088567922 -0.0330021092404187 0.24606165991349 -0.464062204809032
-0.0232890234309101 0.00272844395652219 -0.363694753049386 -0.866504368796767
-0.00524863413758426 0.00369678947929177 -0.969329843065939 -0.162199734908934
-0.0121847172978192 0.0164639144923704 -0.44535662077469 0.65691606151215
-0.0235322312261005 0.00665395175066683 0.224865431247903 0.498824299397789
-0.00137911748672616 0.00360263736834255 0.360160362738734 0.0916827385514973
-0.00440391571728054 0.0135969732496958 0.148980545049878 -0.200784075288509
-0.0146111728652021 -0.000211852525945137 -0.115981245140387 0.1468055799148
-0.0160344943005218 0.00929688208105601 -0.262000107773945 -0.059336546461927
-0.0277322445839967 -0.0150169246343539 -0.261931729937576 -0.400401421299736
-0.00252183208084869 -0.0159668660112025 0.249077171267306 -0.622368084091398
-0.0171867429925758 -0.0126576799921952 0.823840708265412 -0.0858732416394398
-0.0215909792558082 -0.0110775958324304 0.560443998461662 0.659299626750154
-0.0156169132454858 -0.0219125684125307 -0.0804963338345415 0.611636834984142
-0.00278124090761895 -0.0420595486809375 0.050591230794882 0.0825262358169655
-0.00608034529205438 -0.0359726366077344 0.221514061627003 -0.486532839341601
-0.0259364773295474 0.00217192795063589 -0.42809429256913 -0.834659422362532
-0.00306487362002324 0.000954625396287889 -0.968930777310056 -0.073039335494341
-0.00713493165202431 0.0129087242624485 -0.380549816460248 0.691181284285461
-0.0217111059877972 0.00662155536954813 0.26218482070411 0.480614772927611
-0.0073452060439015 0.00247260500000156 0.364442583673785 0.0743830390919929
-0.00718788806741205 0.0114688715142537 0.142749452035209 -0.202950245280113
-0.0141619096646495 -0.00271896286286218 -0.120396260884749 0.1427972344071
-0.0213323743099868 0.00895376229427334 -0.25794942157304 -0.0706601572606284
-0.0255487459779628 -0.0155933975414708 -0.228552655091675 -0.419279727523571
0.00233046009689664 -0.0208257332320292 0.313455427608448 -0.597882007110101
-0.0156242315485972 -0.0161881887729811 0.839152632280345 -0.00402883176570165
-0.0236785942502678 -0.011463366589446 0.50200298970997 0.712339350687636
-0.017470838264638 -0.0208063623880184 -0.114830331775013 0.59970242615733
-0.00778131662775637 -0.0384276097532791 0.0577540759289172 0.0656789288870141
-0.0119889606925479 -0.0324164586779302 0.192887282717213 -0.511528923945223
-0.0273093158897178 0.00387735048848373 -0.497110367119025 -0.790727100903962
-0.00119407570042686 -0.0029466204776532 -0.958650996922554 0.0225260028686882
-0.00246996339015036 0.00971508959172209 -0.304792744664137 0.719670544942969
-0.0197435931280975 0.00924147468112376 0.298497032453961 0.458767576056691
-0.0112793977610022 0.00375589723091577 0.367442401926786 0.0546101123237035
-0.00795249046532812 0.00882916568274572 0.135453438339808 -0.205063059568097
-0.0119994445412213 -0.0048150958212537 -0.123996200463617 0.138264654878399
-0.0243700775372561 0.0096843992585206 -0.252886276720376 -0.0788857913976721
-0.0226893042047762 -0.0151621496078475 -0.194624057934316 -0.433621434224099
0.00694274240250867 -0.0249435408461638 0.369461971446632 -0.57411055856421
-0.0122049949472263 -0.0193075817558722 0.848283964667061 0.0705378215730399
-0.0220251471910024 -0.00905585330235375 0.446678966638553 0.755082519131573
-0.0189280425625882 -0.0151875736353896 -0.147289935451625 0.589057175557736
-0.014441439370745 -0.0301699508547757 0.0615077090427235 0.0511242094219173
-0.0163660273949446 -0.0246239251971059 0.16524217271815 -0.52941013332555
-0.0247208683577079 0.0075431769637308 -0.555210615366414 -0.749520952470124
0.000559070159249209 -0.00615568944136372 -0.941647152693529 0.102869700576859
0.00197161311836244 0.00763920258126678 -0.238580629466896 0.739366242319035
-0.0173959754428192 0.0140786031316162 0.332096564233288 0.440104745553326
-0.0123713711586898 0.00541460759275591 0.367676625500292 0.0393357010551126
-0.00587079810633381 0.00671417550126496 0.128768024112159 -0.207838384575207
-0.00822142162241625 -0.0065604425346409 -0.128294643948759 0.13433780372277
-0.0248035786609564 0.00992718059678195 -0.249740570297721 -0.0841770824740857
-0.0185809597804848 -0.0123389971504746 -0.169036015189383 -0.442495678727727
0.010555130042587 -0.026022201408862 0.411038834841039 -0.554106093124172
-0.00774933873164924 -0.0211598590954389 0.848557025338695 0.12318282239361
-0.0187857342340135 -0.0046335742909716 0.402381503352942 0.784063075415044
-0.0212800390804802 -0.00611517908494469 -0.171603872096382 0.578886654518106
-0.0223515778419188 -0.0175575193269864 0.062142766431263 0.0403098562467796
-0.0181074758450635 -0.0124614390243127 0.144751298357024 -0.542020649698184
-0.0205022420114284 0.0112960043053757 -0.594560411430153 -0.715182441712886
0.00142581001338617 -0.00937325694503569 -0.927845260920442 0.158240339372237
0.00354021436825211 0.0046447113910073 -0.185996042182628 0.746547607540224
-0.0137180909353574 0.0181924537624703 0.355898682445603 0.424627391680614
-0.0129177067906142 0.00749929788606506 0.368723665524197 0.0310170518361615
-0.00189992105734761 0.00390362313088028 0.12437786014551 -0.210285666684226
-0.00333054019599789 -0.00670332652233569 -0.131392384825482 0.131950289137981
-0.0229354899582409 0.0116017505283104 -0.248970521225584 -0.0859046675757653
-0.0162992322581198 -0.00851160237272351 -0.15029781696585 -0.445774959814233
0.0133113829835952 -0.0263644589273744 0.436137776989814 -0.545659552816696
-0.00332711177912685 -0.0210309436311987 0.850011637142063 0.152207179722152
-0.0140603871696078 0.0036049247346249 0.37573885787195 0.799277211096486
-0.0229270440536365 0.00713889568260093 -0.187475400701093 0.574226827229345
-0.0298625257031385 -0.00350427652951822 0.0608502611387587 0.0337722244769877
-0.0175871629905159 0.00139476872518741 0.128975191554276 -0.548012508158466
-0.0134114546886562 0.0165999990854409 -0.61568685550673 -0.694363302336037
0.00286818099093625 -0.0117199232589912 -0.916757134481424 0.185589975877024
0.00451933385044077 0.00541105698783071 -0.156853971425827 0.749513108681506
-0.00914074146100969 0.0234915546874954 0.371347536322387 0.416006260313734
-0.0107823163921383 0.00965652893107129 0.367602383104155 0.027294058380822
0.00354454245450272 0.00226160817469106 0.122956328101668 -0.211646747622401
0.000564246468593845 -0.00593624356691371 -0.132187165849899 0.130033351952575
-0.01891769662126 0.0139923834492604 -0.250482130735711 -0.084771090459232
-0.01420426065948 -0.00467253379669101 -0.145796006851729 -0.444784103611622
0.0132548021547033 -0.0253002814622669 0.441090685256702 -0.548958155469187
-0.000549672893455741 -0.019408002613867 0.852171098575339 0.148824419558434
-0.00739762177268053 0.0126795130150221 0.374696078529777 0.796574690937884
-0.0254302612494201 0.021460040666833 -0.190064096695335 0.573916355292754
-0.0350238886297369 0.010620183639562 0.0558499769678119 0.0337540237898893
-0.0147380837881195 0.0148114915743892 0.124180208716565 -0.546728234646549
-0.00552303282483656 0.0213669201037768 -0.620257325397349 -0.695870994455735
0.00418728047905721 -0.0118684928404961 -0.918526797755229 0.182098614613124
0.00438047405207469 0.00627339645857657 -0.15556752260464 0.747009466432245
-0.00652484648016346 0.0270873254238388 0.375110769603224 0.420652415870106
-0.00680129834056305 0.010991756761675 0.36727008252404 0.0296016002454499
0.00935733431678853 0.00157712627346581 0.121440798534733 -0.211897974937365
0.00521842147360581 -0.00527296742694174 -0.131549565261096 0.130576881972362
-0.0141332788324146 0.0161622180139986 -0.25405193640815 -0.0794066925494875
-0.0125223117877093 -0.00151031296074804 -0.154473356441305 -0.438463715358041
0.00976254197344176 -0.0233137621530675 0.424590827972153 -0.564551564762895
0.0021785973595707 -0.0182669360356911 0.851382083683618 0.113764097104501
-0.000538124596497887 0.0201314809353978 0.398018161406744 0.781961110767911
-0.0246298553243602 0.035346079763434 -0.179348329626251 0.581920533761326
-0.0399026446791137 0.0247848249021658 0.0505075821351931 0.0404022508528298
-0.0121794192357812 0.026800425611567 0.130726179906206 -0.539169294642127
0.00191530252102033 0.0270636166265574 -0.604412470061968 -0.712747801309698
0.00643132809411558 -0.0105844803883554 -0.930591927357667 0.151308861774252
0.00385244570438747 0.00890195340099969 -0.179388406104857 0.740271321605513
-0.00396153902598983 0.0299582581509044 0.366281472841856 0.429814515310018
-0.00126788071608859 0.0121164418813674 0.366426838441988 0.0404296573526009
0.0158329385318852 0.00167355022129145 0.123195167418636 -0.211469604220085
-0.0129484964631728 0.00173346127301163 -0.10904257918499 0.151201069312999
-0.00938213299963527 0.00929287949970278 -0.264212129064485 -0.0418276106266512
-0.027223129621763 -0.0125622638828177 -0.293880027895742 -0.374596692711404
-0.00676809932020719 -0.0117203698970407 0.177285585794987 -0.634893443337017
-0.0183567382812527 -0.00851172606032929 0.789656513775532 -0.167792291612937
-0.0164906641479945 -0.00764238611789026 0.606768224015911 0.593049849280831
-0.0139678474257628 -0.0165635499279172 -0.0381048732329564 0.613247039975969
-0.00116488314618776 -0.0382491155306777 0.0445954813417318 0.0963235532199675
-0.00154277691964288 -0.0326367277313525 0.235244489675575 -0.461423823575063
-0.0220073686164257 0.00346593796693629 -0.373769756049288 -0.849259147361487
-0.00506555581328682 0.00393348706299275 -0.963649403887563 -0.143127550021453
-0.012146896542016 0.0163287616772072 -0.430585420493571 0.656264915077196
-0.0224266872091007 0.0066683975671573 0.23055444710424 0.489605916974226
-0.00234595381759165 0.00362467206485341 0.358889511218691 0.084305740101701
-0.00390740092456023 0.0133990698330603 0.144621360303447 -0.201347539874123
-0.0148825645162347 -0.000228790761504047 -0.112969467530966 0.147231882959418
-0.0156668434841426 0.00933406625927256 -0.260002954586776 -0.0535510431262958
-0.0271194863135153 -0.0143751753852506 -0.266810418187833 -0.393491350290507
-0.0029355307999343 -0.0169555017843479 0.235148486277545 -0.620751090056882
-0.0179825841058567 -0.0119314819606025 0.812967887177551 -0.0975095577109328
-0.0211870417928282 -0.0106332532907519 0.565923529199346 0.641330966498209
-0.0159906900781136 -0.0215292651250121 -0.0698320613079897 0.606704057547335
-0.00299867107234739 -0.0420650709176019 0.0514234705401704 0.0810537812717965
-0.00645279133328236 -0.0352787132848097 0.213085822788536 -0.48493923265108
-0.0264636204863925 0.0027648320586169 -0.438086632649564 -0.815276050314912
-0.00327284589111719 0.00106822185081853 -0.958134038479322 -0.0557873295396145
-0.00527519173499184 0.0131111340250811 -0.366290700691458 0.689936065048294
-0.0215090919804211 0.00756007653250144 0.266199470895536 0.471522608027154
-0.00690920255663533 0.00277411806408709 0.362403456987973 0.0667049227643377
-0.00692902255806899 0.0112762657113884 0.138322640588422 -0.203415768311693
-0.0147836697927532 -0.00204113099146952 -0.117443171429316 0.143499040494013
-0.0208669237044442 0.00973936964990088 -0.255952459608126 -0.0647105535894892
-0.0256801659370904 -0.0150072176572836 -0.233634122866543 -0.41193011263462
0.00147539239184128 -0.0207389153739997 0.299185725937756 -0.598086674041709
-0.0154799853400481 -0.0153700533594937 0.8317868813704 -0.0155262660556316
-0.0227818569412825 -0.01101445585476 0.507481737856772 0.696912015410516
-0.0173172903171057 -0.0204845231430936 -0.105021286842418 0.592354862435662
-0.00810962010709467 -0.0377061259909388 0.0581271304144358 0.063926496692067
-0.0114257890208488 -0.0321882982209356 0.184430692767542 -0.509004110624681
-0.0269377380599683 0.00428285587270105 -0.505344883626856 -0.772761273115367
-0.000904041161604146 -0.00240067259941858 -0.949276638814149 0.0385554438184769
-0.00147246426163487 0.00975059257313677 -0.289233655006626 0.716309031125557
-0.0193132098820682 0.010248324112473 0.302520372945107 0.449708238111311
-0.010861674292933 0.00388248984329431 0.364552854818016 0.0487711197890896
-0.00786096666806638 0.0084517595672714 0.131178921134116 -0.205720513691981
-0.0128973809640799 -0.0042684707820757 -0.121752363823694 0.139010265420454
-0.0236995863142896 0.00956963283741819 -0.250932746426012 -0.0736719845317861
-0.023334690510747 -0.0133732860971628 -0.20118998270111 -0.4272862798196
0.00684329559710162 -0.0246784692922527 0.354597320124123 -0.574592433252312
-0.0124147513256983 -0.0191194527780797 0.840215468923097 0.0551532663356849
-0.0216606270471007 -0.00819579803351263 0.452720610689547 0.739265808221694
-0.0191311029757831 -0.0149249881692752 -0.137527020780671 0.583650347703302
-0.0146761770780943 -0.0291852032371613 0.0612872116822093 0.0484903456568668
-0.016566702419378 -0.0241254217396348 0.155165455446643 -0.526297727380811
-0.0244362685199773 0.00757732233308603 -0.560584899127141 -0.731305733454294
0.000187102756106172 -0.0065076286937677 -0.929539469812614 0.116628049374453
0.00179879026004136 0.00698318580865237 -0.223018473429956 0.734722875744209
-0.0167066036586604 0.0135677290978895 0.33545695455327 0.429932218492575
-0.012612796610314 0.00570422648082454 0.365028952056957 0.0325231633061449
-0.00500999600568092 0.00640376022366968 0.125157208869288 -0.208508876487171
-0.00898294118420973 -0.00532417843818839 -0.125916671002078 0.135009945704004
-0.0241673145110662 0.0106723829090704 -0.247998004074811 -0.0782988035899563
-0.0190873723787378 -0.011172631945006 -0.174803505586741 -0.435362485849957
0.010647673828702 -0.0257497963767568 0.396748132789559 -0.556722989517731
-0.00799325547280123 -0.0200084593749819 0.841440257372578 0.108028331830981
-0.0180738191218162 -0.00264838343063957 0.410920535584109 0.768547329011606
-0.0202519207694166 -0.00579382590418103 -0.161110577005573 0.575478123316645
-0.0216469225524238 -0.0174345882688553 0.0621860003172243 0.0375382298630951
-0.0179527682189533 -0.0123978937101657 0.133716795110971 -0.536612481327207
-0.019837584531012 0.0121531725850456 -0.599362129828865 -0.695345049078866
0.0010763590770185 -0.0086789104264843 -0.91305865275418 0.171791371191997
0.00356664915026719 0.00507274670774574 -0.172373363082497 0.742243910923035
-0.0133360636974787 0.0190244206306886 0.358691602654061 0.414562034283665
-0.0126261942815167 0.00816832212983686 0.365884626541725 0.0236442139393598
-0.00119568923715632 0.00370780510823545 0.119491502659146 -0.21034623694492
-0.00445043395207198 -0.00631019414756421 -0.128274302680749 0.13211056884958
-0.02237976049285 0.0117004207467858 -0.246868574157557 -0.0817536979383046
-0.0164101679604208 -0.00706342540025215 -0.156801361995773 -0.440057781613341
0.0119639083465561 -0.0263606535874137 0.422620895111128 -0.547276355609805
-0.00330550472746195 -0.020223511970705 0.842509012137267 0.136967785953542
-0.0136092229574512 0.00455758218158608 0.383887096096401 0.782538540910943
-0.0222413806853924 0.00744137992073884 -0.176975977461778 0.569268631027288
-0.0293615736697945 -0.00316862664214952 0.0608038870003162 0.0324312744242571
-0.0178237593575582 0.00148391206763094 0.119380898859696 -0.542306234295334
-0.0130525264996874 0.0162077610423305 -0.62213441204073 -0.676515415967383
0.00166998323045416 -0.0107592544032376 -0.901408005760403 0.199728764266212
0.00514390958755294 0.00527856780258166 -0.142815736281731 0.744426206130913
-0.00828516335766994 0.0236308156884522 0.373472227808956 0.406079936427254
-0.00997728809217602 0.00972016792452311 0.365671551721604 0.019552544123626
0.00428998396599297 0.00167945963759177 0.11811802394196 -0.211492524263321
5.61707686344665E-05 -0.00634486557981479 -0.130218262680714 0.13090323724963
-0.0185291764995986 0.0138822871619044 -0.2484447767837 -0.0795258387070776
-0.0138789861020875 -0.00371986698152617 -0.151322685371993 -0.438501579676617
0.0124372056499159 -0.0256675951381303 0.426516932794276 -0.550185838506562
0.000300027576374321 -0.0191934345322666 0.843358257120103 0.132587345268264
-0.00698425987663508 0.0130979874348364 0.383934235627575 0.781324867050845
-0.0242835281878697 0.0214675364682948 -0.17972433414416 0.570570338536312
-0.0347433129726165 0.0117910389484183 0.0565268642840176 0.0319959591094921
-0.0151006969571218 0.0145578322638643 0.115253884511519 -0.540668019305458
-0.00502895475340139 0.0206911710022163 -0.624603365012947 -0.677945077363356
0.00434104086617379 -0.0113215112114269 -0.905482486946081 0.196264883889403
0.00478075403308771 0.00581806408818307 -0.140613758816072 0.74038472010931
-0.00533803905881668 0.0267416533926837 0.377497288587264 0.409112164856286
-0.00661730978402266 0.011397344505404 0.364105973928697 0.023157662680079
0.0105337698126383 0.000636846425335641 0.116949287669377 -0.212941758716165
0.00452838506264572 -0.00489246675112359 -0.128886458699582 0.132283480342903
-0.0136088851983812 0.0166231717823929 -0.251187895291129 -0.0737596284284966
-0.0124227576690898 -0.000885663127062924 -0.160875923815876 -0.432412391940508
0.00946332090575186 -0.0238425835682194 0.408289875643303 -0.567871968975879
0.00144576652458321 -0.0173367695486352 0.847126655437532 0.0989729331879574
0.000159456538740122 0.0202595384348602 0.405617848493536 0.767961487836821
-0.023480559587526 0.0351255459786912 -0.168202104739459 0.577165276675664
-0.0389702277530848 0.0248978728415503 0.0504697239802198 0.0387534605591842
-0.0114825240581353 0.0271780867389431 0.122059672218792 -0.534057647687421
0.00257905515751968 0.0258747108505629 -0.608850328375048 -0.692969353243173
0.00576079217042014 -0.0102672784036861 -0.919225641928601 0.165730375607101
0.00385875083172721 0.00843228849895924 -0.163780382310936 0.736184615482736
-0.00300597401218387 0.0299206066358851 0.370618967702084 0.418644560914895
-0.000758745423364656 0.0128263311229373 0.364596906480075 0.0326671407511369
0.0160412805145204 0.000765805968430749 0.118509582449153 -0.211557988472815
-0.0128139293858074 0.00167022790396732 -0.107812423879246 0.151361012529064
-0.00912292543715885 0.00855700157899454 -0.261908992337549 -0.0376258643264845
-0.0279935839825641 -0.0116034877867222 -0.294602669163056 -0.366525516914803
-0.00686768046313934 -0.0114181063633984 0.166399027117672 -0.629137954526054
-0.0184411318511038 -0.00756943688412505 0.778473474138162 -0.176237426909247
-0.0157812577390183 -0.00662895229786702 0.607136042634835 0.575292179658292
-0.0132524368937252 -0.0167725388221613 -0.0289837746632306 0.60394764523957
-0.00141361116388302 -0.0382883548981378 0.0448333517960397 0.0942180624606347
-0.00154040022652377 -0.0323199834222999 0.228357715726669 -0.456787420699723
-0.0218195779115358 0.00424797905497646 -0.380940197808956 -0.832868015228176
-0.00445001380253901 0.00436734406339375 -0.952775161499277 -0.126680690878292
-0.0113740651332829 0.0156720011899067 -0.415844261170827 0.654108161679745
-0.0214637428429572 0.00776913517107857 0.233802580621131 0.478099947468048
-0.0012361397162173 0.00396432772694246 0.3567324440729 0.0777880331903071
-0.00305256749692197 0.0130728871639016 0.140296239774659 -0.201437327893221
-0.0150657728265157 0.000318202981054323 -0.110664282941822 0.147244814610715
-0.0152510391920548 0.00943719102506342 -0.257953208366184 -0.049291391443471
-0.0274337569128793 -0.0132554136205758 -0.269616815660019 -0.386216894575441
-0.00367720497374188 -0.0170211072602848 0.22218347977428 -0.616046044401462
-0.0177801729874357 -0.01125317360907 0.802057793740807 -0.107851412561944
-0.0208712658392386 -0.00928022347427281 0.564665832162295 0.626961547806805
-0.0160864397833027 -0.0208293997017687 -0.0630872396088572 0.59551171664328
-0.00379626897110963 -0.0411383444834684 0.05178234368428 0.0781058691652438
-0.00664033894347817 -0.0349654260725877 0.204852758026083 -0.479677709585312
-0.0256779235042489 0.003477144908932 -0.444231645988219 -0.799766312511786
-0.00348157285811473 0.000725430323970259 -0.948763219436988 -0.0408439118166579
-0.00616600058029995 0.013565647956249 -0.350895602685821 0.686712935187368
-0.0207098649138616 0.0074562268474911 0.269723954907005 0.460435855047513
-0.00675762266133633 0.0032706816327522 0.359572353575722 0.0605593758048767
-0.00602872791395516 0.0111939423066357 0.134921733359561 -0.203467230233098
-0.0151138058099041 -0.00162319891532054 -0.114545001129644 0.14257257850092
-0.0201467671706115 0.00926224107236449 -0.253687809749968 -0.0600369474889066
-0.0258341347686376 -0.0141528611033888 -0.236703845778984 -0.404782939128681
0.00123912941677059 -0.021082751598492 0.286038969937079 -0.594120944289084
-0.0158505259754354 -0.0152964362785483 0.820346436030032 -0.0278111215574133
-0.0227207983235259 -0.00958721474622826 0.510543166466957 0.679818147837407
-0.0174888761785061 -0.0202635135969695 -0.0957924282343584 0.585967076636306
-0.0080201975619305 -0.0372479416794148 0.0580009862056617 0.0611093227316219
-0.012152027529536 -0.0310156500715461 0.176223634292867 -0.503720742019787
-0.0264417576777792 0.00530590314910754 -0.508565048383713 -0.755272536761067
-0.00080619313839796 -0.00200106738036276 -0.935490329751058 0.051158371608489
-0.00154166675788453 0.00986530466963692 -0.275323678678287 0.711266896034327
-0.0186145260373913 0.0101784471908277 0.305760982595991 0.438743837353413
-0.0103075915124183 0.00416491625582205 0.361916632935483 0.0426024347036577
-0.00649144152578755 0.00923027828325752 0.127565402491171 -0.205302478462201
-0.0128678775821628 -0.00357919765859222 -0.118611262755939 0.138550199644062
-0.0232490351955707 0.00987028327590254 -0.248861875755028 -0.0679672399509987
-0.0229483340108627 -0.012806755318695 -0.205655693588499 -0.419163327292999
0.00625277334731581 -0.0247350455453913 0.341404187814127 -0.572953751996623
-0.0118215094679433 -0.0183237670634395 0.828583661669215 0.0449655686611338
-0.0211382740644605 -0.00778073638596502 0.458556246049559 0.722879824795675
-0.0190780500218377 -0.0149802392711101 -0.127274896208599 0.576274889067926
-0.0149858171886309 -0.0288172283109158 0.0608857856488576 0.0461160187912702
-0.0160264095051211 -0.0234252381749098 0.147897860698543 -0.519535141318655
-0.0242705628010676 0.00806011946801809 -0.561296296948533 -0.712829127313896
0.00062561080796841 -0.00574173958337751 -0.916267661833848 0.127400497529615
0.00131406400925448 0.00671092904244174 -0.21134088467599 0.730269671195822
-0.0159111313395664 0.0142656768909345 0.338473775263157 0.418423177508061
-0.0123676527373164 0.00582575442857236 0.362073472429574 0.0273088508319541
-0.00476423715850517 0.00654301327828402 0.121110768995703 -0.207796145755703
-0.00935324987093569 -0.00586710737931057 -0.12289426244519 0.135911922229358
-0.0236326341860722 0.0104817889477712 -0.24648728233806 -0.0743644259010191
-0.0194509332122527 -0.0104194091415309 -0.178568728859065 -0.428943327482294
0.00980553184962035 -0.0263215658558792 0.380822817774114 -0.556730711000583
-0.00817723460984526 -0.0196067479841037 0.833439810824609 0.0959252668800352
-0.0180493506846485 -0.00229183733201686 0.412575208124862 0.752016266860052
-0.0211095641651727 -0.00558310131169406 -0.152347398177457 0.568126292233712
-0.0219754868366191 -0.0167230877183306 0.0619966856080374 0.0364372908138396
-0.0177347103488053 -0.0116075877774501 0.123731174179496 -0.531763503825413
-0.0190665111267587 0.0123572081801248 -0.602893427961494 -0.677967546391038
0.00123100046494784 -0.00901737467922053 -0.899472464152883 0.183615596659471
0.00417168340974887 0.00470815858207159 -0.159431246036081 0.734916540715631
-0.012706106597506 0.019458068961054 0.360832208268173 0.404798436555028
-0.0118468966761317 0.00850471713410047 0.362402215137693 0.0172836642647422
-0.00100946785269875 0.00389066805799722 0.116013745449763 -0.209842239355365
-0.00474942145976863 -0.00647230405506506 -0.12593710140171 0.132979271676664
-0.0221021227925598 0.0124703913589076 -0.244433648133107 -0.0770965148675604
-0.0158538227939409 -0.00681816093149949 -0.161724520620581 -0.432844002421643
0.0118760195992255 -0.0264164447643955 0.409237876430029 -0.546628074144927
-0.00341819900358575 -0.0199762119727579 0.835639174260443 0.123753510182035
-0.0127416492535208 0.0053164749441052 0.38913662385754 0.76855385126565
-0.0222674441101027 0.00787339740648411 -0.166697678184753 0.563997931983235
-0.0284134917994281 -0.00244562217205996 0.0599913846264973 0.0300781046917914
-0.0170068945686268 0.00151766380635757 0.109768711866564 -0.53520229539815
-0.0122686395237849 0.0168084998826637 -0.622937692959102 -0.660311866500758
0.00127372516642445 -0.0105898157998234 -0.890648176998963 0.209549508209092
0.0045737293928858 0.00453072735654278 -0.131764673640548 0.736939614180866
-0.00855337641336329 0.0235760115344273 0.375249100386077 0.395309377591726
-0.00988862933932177 0.0103443123589707 0.361895467626869 0.0137772423303803
0.00385778795798127 0.00195404186636649 0.114411340448413 -0.21142409171615
-0.000492507472767065 -0.00619323440940274 -0.126828485068081 0.132127342721792
-0.0182517618060597 0.0141760565434439 -0.245752024922955 -0.074552456847679
-0.0135318641096262 -0.0031107723519408 -0.156083772609852 -0.431227196797063
0.011145054096334 -0.0257576009171366 0.41278572868285 -0.548941687346644
-0.000317673161641618 -0.0185808404914411 0.833740840007156 0.119873351759676
-0.00624077535253911 0.0135474070235187 0.389090101561022 0.766003307175055
-0.0229333373238769 0.0218841618041123 -0.170680835279221 0.565107611249818
-0.0341535200844552 0.011391711773098 0.0563354456648778 0.0313544054395903
-0.0145117416888092 0.0148535006131726 0.10768021175151 -0.535534109705943
-0.00480597621891558 0.0208915627454805 -0.626237537652841 -0.658729583908953
0.00339183353821705 -0.0114053286772633 -0.892712103783641 0.207312405217155
0.00460176248192598 0.00576721325074264 -0.127648385651716 0.734188334231933
-0.00460954138132501 0.0271542945501989 0.378994898251968 0.398059800039089
-0.00715025554886342 0.011509999078267 0.360995277674235 0.0165356765958793
0.010219966107694 0.000221299850283225 0.112770985497622 -0.211037842065096
0.0038616924174745 -0.00561794670712337 -0.126413808427294 0.1328941796842
-0.0134028545596151 0.0162832548473506 -0.249897928719823 -0.0689269543191012
-0.01302850511084 -3.7492493802937E-05 -0.166308625982819 -0.425782918151014
0.00871572008155326 -0.0237017243176876 0.395684292465644 -0.566987467388137
0.00172081424893963 -0.0167805526215465 0.83552051159191 0.0869311540083205
0.000434430045194894 0.0210781377868822 0.411166608525043 0.751045918493538
-0.0224643593510819 0.034477511846967 -0.158556475216344 0.57098797519453
-0.0379619524415306 0.0249843798078686 0.0504750693396774 0.0375574172420121
-0.0106327085097957 0.0262820434856339 0.11411946259322 -0.528217736935452
0.00324248568401146 0.0263984136446586 -0.610361131793494 -0.674752537874794
0.00555964347089953 -0.00995804770398975 -0.904089047728805 0.177452856747526
0.00391392473395768 0.00820737917257484 -0.15187605722864 0.72885224024503
-0.00241233629943557 0.0296921490429829 0.371382850362403 0.408560581566634
-0.000799283427402705 0.0126040566233661 0.360587220176983 0.0266773370209382
0.0163614084725151 0.000724354389783657 0.114457079663138 -0.211688577358866
-0.0131570432867101 0.00162401290937528 -0.104405092223152 0.150840922964916
-0.00846913914118504 0.00926693633379832 -0.257619270442192 -0.033855148867189
-0.0272298153192714 -0.0110692149911897 -0.295146421382463 -0.360742976288859
-0.00732278673356462 -0.0108149150182293 0.155480437158421 -0.62268184050899
-0.0179674178479216 -0.00694167849798703 0.766472099810331 -0.182128855944913
-0.0161646268994998 -0.00622929802427028 0.603085819739807 0.561223969135414
-0.013011126243251 -0.0162178161671877 -0.0236705521956677 0.595342685626204
-0.00235721476201808 -0.0376108477614509 0.0454001938061378 0.0926003328688558
-0.0014520081248418 -0.0320925725996882 0.219899388024713 -0.451313488233025
-0.0212903813442682 0.00375666346975696 -0.384469726600036 -0.818293207513262
-0.00499835688643595 0.00416511448080294 -0.941934878126088 -0.115478480490776
-0.011139381117155 0.0158194600825703 -0.403209151327278 0.650421894862238
-0.02045931981188 0.00779675688178239 0.236926347137862 0.471153988914453
-0.0016115937387037 0.00390250041614007 0.353312217903066 0.0726846721427707
-0.00240423082369312 0.0127964471985171 0.136650579577323 -0.200596839186433
-0.0157560863534321 9.2638950963223E-05 -0.10789400183297 0.147818117135112
-0.0145213679535265 0.00963724603014446 -0.254945631557922 -0.0454170722900251
-0.0275415636913765 -0.0122491154850192 -0.271233923797993 -0.379279532089257
-0.00367040261538774 -0.0164512430128595 0.213208980695883 -0.610841963414432
-0.0173875630679837 -0.0104467907550259 0.79063279826285 -0.11601099389685
-0.0210667501528995 -0.00923199352825416 0.562800131716671 0.61302042845581
-0.0160484574227381 -0.0210998644665021 -0.0542101642776143 0.5888075539338
-0.00387530755243178 -0.0401311677465555 0.0525969830058955 0.0760870069300261
-0.00610657989638637 -0.0350232854035204 0.197313532419341 -0.47377637868631
-0.0246011146889654 0.00334741688716498 -0.444062857985535 -0.783324589374239
-0.00341934726401126 0.00106868457966588 -0.937610665736535 -0.0311345575174446
-0.00590548641190326 0.0123079848997289 -0.337995181749963 0.679273566283285
-0.019541566849676 0.00823959348986334 0.271518562319127 0.451535818112891
-0.00606559847100768 0.00389991588701628 0.356980791335522 0.0547100398144166
-0.00558723085050244 0.0102923345678669 0.130521597189002 -0.202271552870917
-0.0156705636187503 -0.0022776593255499 -0.111810135446242 0.143252914162854
-0.0197802100365593 0.0100578998621034 -0.250366946041362 -0.0556334103054428
-0.0258014801839269 -0.0125924942410528 -0.23852063954584 -0.398192301242819
0.0011404839065629 -0.0209900394569439 0.275250349071222 -0.591680419082415
-0.0154804384433432 -0.0148056664713675 0.808034742340404 -0.0343719013673055
-0.0220698778262427 -0.00873744892870463 0.507988156476773 0.665933461954929
-0.017319835390613 -0.0203810368432403 -0.0884415271111179 0.578381202974327
-0.00868711001542612 -0.0370700390115637 0.0574649129524147 0.0595162124451917
-0.0117680429945676 -0.03121029810319 0.168547742007569 -0.496945584255685
-0.0253126827739966 0.00495206312524701 -0.508791199347067 -0.738459064272022
-0.00172085888480762 -0.00236441853173882 -0.923208538675313 0.0611713049106
-0.0015366210259687 0.00927054752315153 -0.265046111298205 0.704493477265024
-0.0184102221569844 0.0104572774293173 0.307506132336796 0.430506650412568
-0.0101629053314156 0.00444358285304668 0.357846919677454 0.0368300809885161
-0.00571308102210875 0.00880044531260605 0.124198889936163 -0.204251705487265
-0.0135974332011668 -0.00376121492804794 -0.116622705584711 0.139323378237286
-0.0224912457090349 0.00981771995871997 -0.245706987447005 -0.0655589965507678
-0.0224052319335404 -0.0119504119761313 -0.207239822244368 -0.41165379045322
0.00564757671914734 -0.0245441175622969 0.330935140463984 -0.568828038099012
-0.0115370806442977 -0.0183282980026249 0.818258164918596 0.0363294725501983
-0.021292535066506 -0.00692855607295482 0.458087927226329 0.708741069631487
-0.0191965551877813 -0.0142913823718812 -0.120289613978634 0.567926074402953
-0.01489578079067 -0.0285222034921496 0.060724784060329 0.0452285232332038
-0.0158459099491683 -0.0229557941254739 0.140173093926345 -0.51322087959779
-0.0226664869956681 0.00865430512617773 -0.560758299826814 -0.694791575970591
-0.00047054525082168 -0.00618399061613524 -0.903736052987683 0.136536883387534
0.00181021519229269 0.00662128309403061 -0.20008809461736 0.722790889541292
-0.0158083134609085 0.0144796916530359 0.338141530460599 0.408999517677287
-0.0116723526482626 0.00608528036711731 0.358237869286245 0.0217721342491551
-0.00442478062577274 0.00598193463845307 0.117519829193698 -0.20644386531044
-0.010354397893534 -0.00485388364260551 -0.120748414659201 0.135584076965325
-0.0234061414286178 0.0110743130948358 -0.243833798730436 -0.0703571506675332
-0.0195147405689838 -0.00973852270686958 -0.182131260771798 -0.422381483956984
0.00903283901656598 -0.0263982039331387 0.370989507233656 -0.553067906275136
-0.00758257339326591 -0.0189933791756153 0.822103121810772 0.0856569814616549
-0.0173325054599852 -0.00170970915173387 0.415639723157298 0.73697747322627
-0.0208864020820202 -0.00563593931281808 -0.144432096582643 0.559793558283497
-0.021448805246089 -0.0161078471383381 0.0614041236136372 0.0350392709408097
-0.0172673512874566 -0.0117531430363466 0.119866217849045 -0.523789342544871
-0.0190652120399673 0.0125043882692916 -0.599282550196046 -0.661781262877201
0.000964474742938351 -0.00863991519497119 -0.8860803490283 0.191446064375743
0.00461552805212999 0.00480909603975489 -0.149398065105957 0.725399449188921
-0.0114728589794786 0.0193662257969763 0.362105425020407 0.393131725403623
-0.011853697413005 0.00802475916668225 0.358101854623809 0.0124246667732929
-0.000439076374232265 0.0039107209195191 0.112666167712926 -0.208808505003756
-0.00600990326239775 -0.00566794154749299 -0.123569871970341 0.13305173337955
-0.0215139649731078 0.0126268912773696 -0.24131472979605 -0.0720649946236409
-0.0156752153341722 -0.00615259988729405 -0.166265773195641 -0.427034103049735
0.011188419394169 -0.0266600138127937 0.396514594338749 -0.543958205014087
-0.00348211484650812 -0.0187459484207103 0.826381746061523 0.112346096777322
-0.0120466265212483 0.00620048561550209 0.390412682753268 0.752146812704928
-0.0217608428325867 0.00804121239334752 -0.158790365853079 0.556721249273535
-0.0278575911892646 -0.00214506486125941 0.0600570040301162 0.0293920669801115
-0.0164888001960506 0.00141443804040934 0.10464807006322 -0.527913439422597
-0.0120365515203022 0.0160838332050713 -0.619758054211524 -0.641312384886249
0.00134871242059522 -0.0107051706060413 -0.875605936126025 0.21623146908404
0.00406174873688855 0.00452071745299017 -0.12004763609474 0.727998117542256
-0.00768959302505634 0.0236242826977582 0.375231912801771 0.38584826257987
-0.00950485154672267 0.0107094946543594 0.358372635090025 0.00969465717286881
0.0046527777607726 0.00191956227083257 0.110798720382105 -0.209725001663355
-0.00180732020622848 -0.00564337774274551 -0.124474423521338 0.132341773417718
-0.0179075036380039 0.0153968704272923 -0.242854394850649 -0.0707658027784845
-0.0141376520667006 -0.00231777732223766 -0.159769073755554 -0.425461696501426
0.0109606212602797 -0.0258998231901228 0.399765367045148 -0.547969384813597
0.000562067329318634 -0.0179094895727644 0.823703653401604 0.108802420581671
-0.00606418420221705 0.0140318803841947 0.390810553560775 0.751710415839933
-0.0229345999382012 0.0207897246406434 -0.162464061340683 0.555557512430541
-0.0340199639083537 0.0123961894716123 0.0555260385223348 0.0296314759314567
-0.0139756274189926 0.0144181116171274 0.102636318049424 -0.528059221234028
-0.00399998796335281 0.0202011697568848 -0.623470709664955 -0.644305109375461
0.00356110052917137 -0.0110710729476704 -0.878540571019121 0.213723233413906
0.00520683306630335 0.00571846891676878 -0.118471733843991 0.725197765246739
-0.00397371863200146 0.0263622761608722 0.379091528792615 0.387836651424334
-0.00654865739736469 0.0118438566275717 0.358307180106448 0.0124256122000984
0.0105097383750722 0.00047608161318223 0.109909149561222 -0.209860393169836
0.00273798351038807 -0.00510561570879784 -0.124155630409643 0.133392247283804
-0.012630751447085 0.0162534086960763 -0.24653427986579 -0.0661915003191187
-0.0125890264535691 0.000188803089082498 -0.169495808203721 -0.419222837774766
0.00793056860186954 -0.0228900418820427 0.382684213828891 -0.564121644195784
0.00137317651879996 -0.0167699307073339 0.825778165142293 0.0744713872611841
0.00152124374234021 0.0213422776178171 0.411574529527331 0.73620271758658
-0.0221162327169062 0.0342276990180118 -0.152725405286527 0.562536242120871
-0.0367392016638283 0.0252545886741382 0.0499537462238619 0.0363320368074173
-0.010426461998 0.0260957241769375 0.107502248237676 -0.520540025952316
0.00375388635623758 0.0252451095318709 -0.608759905639154 -0.659905011010845
0.005394086973977 -0.0098221336263267 -0.890185173366165 0.184692732348218
0.00443591637760863 0.00809710948703253 -0.140586186019264 0.720236338876489
-0.00139952223609872 0.0294509708445867 0.371618564855229 0.398875505140507
-0.00119700525780148 0.0124709790009543 0.357384782175597 0.0212833581277443
0.0161765331374168 0.000321805818309595 0.111706805621101 -0.210483207952154
-0.0135054957661968 0.00186988148393932 -0.102742796332712 0.150160396988927
-0.00862944524071987 0.00872394668131456 -0.255298077058295 -0.0312959812659025
-0.0268347693778215 -0.010242155988565 -0.295607972760277 -0.352294480348122
-0.00705367491204456 -0.01107415188896 0.147594452209461 -0.616270504432537
-0.0177411208532578 -0.00622526951958843 0.753413544253275 -0.184574476859716
-0.0154797816922667 -0.00609473260599222 0.597722787335501 0.548197238659785
-0.0130661923750549 -0.0161517726076632 -0.0192012599635197 0.585425128881064
-0.00243600348509975 -0.0378677918976087 0.0454141503064765 0.0901371949728476
-0.00108613534458059 -0.0315661292203643 0.215200250787506 -0.445334071036224
-0.0209027268915323 0.00415510894568744 -0.383139101224587 -0.800610674702061
-0.00536078727725825 0.00433129899290934 -0.929080532946815 -0.106892676678177
-0.0108325031292252 0.0156522329283143 -0.393475402988621 0.644930008848901
-0.0204730048643091 0.0080003558171426 0.238076672934012 0.462473817951593
-0.00100153900133802 0.00392211855515328 0.348977766089884 0.0672213546125882
-0.00293972192472837 0.012656528877841 0.134151553178018 -0.199303300528358
-0.0156521400398117 0.000383507064027375 -0.105836606654994 0.146293989467048
-0.0146496332236075 0.00962332993826081 -0.25037751948957 -0.0430057220916953
-0.0269566736917578 -0.0118225630829319 -0.272147744224164 -0.371906931756109
-0.00373654003492476 -0.0163320114569248 0.203221455448973 -0.605529884942529
-0.0173161067158529 -0.0104046186359722 0.778129936033372 -0.117518195485184
-0.0197545862627466 -0.00817351961045756 0.558299291107697 0.599179413052858
-0.0150501731753234 -0.0205888086829859 -0.0504949830560594 0.579762302858972
-0.00429125349024257 -0.0395392731498328 0.0525176105916922 0.0741660535146559
-0.0066667657142019 -0.0345429478249625 0.192026825710124 -0.467016031897963
-0.024310060714734 0.00294497635304391 -0.442536246539503 -0.767166085044988
-0.00314510049824899 0.00113275690708354 -0.923747684369233 -0.0229053661209809
-0.00518550742285573 0.0120214573516739 -0.32820239409437 0.672287021631911
-0.0195324384073486 0.00759774606703127 0.271358741420901 0.442948675069173
-0.00638973184493556 0.00334612593074363 0.351763848627437 0.0499207104729594
-0.00553459321606347 0.0105607191007869 0.127252271359968 -0.200299463398131
-0.0167035484935488 -0.00147079647732716 -0.110332493788542 0.142276956061213
-0.019487841380207 0.00986507390433723 -0.246428916415035 -0.0535261857242824
-0.0257150752876711 -0.012331014101037 -0.239253631950886 -0.39123380920866
0.000435139217894304 -0.0207729082288491 0.266575521802008 -0.586386929232204
-0.01521237459016 -0.0140976214288653 0.797144245933578 -0.0399452325070647
-0.0215372827108342 -0.00803444822549663 0.506233902058101 0.652236114457793
-0.0166831997949677 -0.0202712148056969 -0.0838499187119074 0.56882099468227
-0.0085473369643389 -0.0357760183314465 0.0569403686031059 0.0580352632426906
-0.0118612147206034 -0.030647189668492 0.163959708954548 -0.490714459752755
-0.0247962344155247 0.00535167193443366 -0.50858970274449 -0.72258061760577
-0.00161380902725084 -0.00202364259011517 -0.910506982298661 0.0677621835142641
-0.00176366015846854 0.00902458620031808 -0.256850518666906 0.696790880780893
-0.0174217074369247 0.0100428229308826 0.306135845138169 0.421989466011719
-0.00965127520046549 0.0044879305497467 0.353582569446015 0.0327518533954325
-0.00525337612616706 0.00802722053316591 0.120687201896131 -0.202928362587578
-0.0143935678956327 -0.00308352870170574 -0.11450316657205 0.13766180619217
-0.022285300251945 0.0105975917139657 -0.242377463100062 -0.0626846912812032
-0.0221847667724092 -0.011225216088117 -0.207782020379147 -0.406764766583053
0.00477309625399774 -0.0250755394484825 0.321739292918168 -0.565683480628033
-0.0116860724977966 -0.0170028430272124 0.807644350444465 0.0283711011403412
-0.0208249441540833 -0.00599929449734142 0.45600730436719 0.694290170182775
-0.0188420375252088 -0.0150739157542309 -0.116898918341917 0.559375490213366
-0.0143523394511594 -0.0281480965065486 0.0598585461900466 0.0439894316978723
-0.0153957111641991 -0.0227870692838327 0.136445119783876 -0.506664741789284
-0.022128275242438 0.00897628652126021 -0.560130905566853 -0.681472089287193
-0.000373860522034099 -0.00547153611548764 -0.890663096080162 0.141041417265895
0.00215134919320497 0.00672852671990719 -0.190654958786241 0.711917773344849
-0.0142221166129282 0.0141783485550159 0.337171885369006 0.401937229606452
-0.0112859036999657 0.00658948576010739 0.354251639162202 0.0181103268044918
-0.00415444518615559 0.00602438871727583 0.115292612789415 -0.204599296835661
-0.0106594497730661 -0.00468660117990376 -0.118697556012857 0.135341475054872
-0.0231472862485266 0.0111469819853683 -0.24003869824768 -0.0673471861969996
-0.0190679806481263 -0.0088488128438032 -0.182677403824531 -0.415521295406613
0.00851256956482111 -0.0262991433009044 0.359010303948711 -0.548822651950539
-0.00747200306281353 -0.0182460225933703 0.812561057497117 0.0794260585181417
-0.0166080292404645 -0.000293324626251899 0.415162478720471 0.723640265083615
-0.020135456687585 -0.00559306378203391 -0.140339460355391 0.551742975654628
-0.0211513616501613 -0.0155309256866572 0.0609980543534112 0.0334881363385774
-0.0169136063931837 -0.0114822261999333 0.114169020439243 -0.517219075093781
-0.0178981706163376 0.0122919769713272 -0.598112351325623 -0.648793744305642
0.000718529979484919 -0.00827065031037738 -0.871489431288493 0.194741131671557
0.0041752901543906 0.00495630740368427 -0.142485203009893 0.717923327130256
-0.0108328816901813 0.0192207514233363 0.360403213633524 0.385561424289485
-0.0119437174860148 0.00865449363779276 0.35410039443131 0.00866080651720625
-0.000587382226774364 0.00343526571479468 0.110712923828383 -0.207035390709569
-0.00625607788920636 -0.00610348053860664 -0.121063986207724 0.131886798963483
-0.0212973586447922 0.0121246822482303 -0.23863451437968 -0.0694357906921409
-0.0163668473375733 -0.00506762655922416 -0.167858742050188 -0.420374090540212
0.0104221228765041 -0.026591734471193 0.385770684970208 -0.54064779385304
-0.00322869416389053 -0.0194245089661602 0.813059060121711 0.105495977307104
-0.0118632608111335 0.00655362857789282 0.389589441177986 0.738669918400533
-0.0215518954474272 0.00737022304204113 -0.154205806454139 0.547875758608266
-0.0273643870484895 -0.00235572097891711 0.0584393366755092 0.0277122891093557
-0.0158877127283436 0.00146285191910046 0.101256425137964 -0.520992924522911
-0.0108138421139453 0.0161361364159043 -0.617415911744848 -0.62845565465852
0.0016313099044223 -0.0101658888646858 -0.862655166802057 0.220098440621202
0.00498062589939572 0.00505738143916138 -0.112755235153298 0.719655423015041
-0.00653236202385969 0.0233234393076192 0.372000708708199 0.376837906636575
-0.00865653631631808 0.0101092394262551 0.353007325861922 0.00489648712975973
0.00513742731360047 0.000730361341098779 0.107223325239823 -0.207713293842292
-0.00143636152457694 -0.00563511471569933 -0.122435252977098 0.131945184433981
-0.0177146218957384 0.0143515109251002 -0.239880775381123 -0.0680732964979537
-0.0136341501632736 -0.0015871683926208 -0.161621792545661 -0.418137313279894
0.0107454520768502 -0.0256415223795509 0.389716097075256 -0.542616414865421
-0.00023995130433409 -0.0177118135445795 0.814400211287542 0.101825357817274
-0.00526838547052597 0.0140496727379283 0.389581747115349 0.736340002352377
-0.0226761535409937 0.0207534788386244 -0.157575634910845 0.549641971657268
-0.0328012892962349 0.0124748037996937 0.0549065051101127 0.028726486484941
-0.0136796856667014 0.0150442719915856 0.0965099631365896 -0.519581137859869
-0.0034241143418834 0.0206697003666812 -0.617586996013661 -0.627020720620312
0.00231634099065163 -0.0110409199648499 -0.866111459165237 0.218778510301476
0.00504149475775079 0.00555402061820654 -0.111771166899295 0.716856912725541
-0.00321626017346916 0.0269780698414905 0.377200864350137 0.380386716502127
-0.00514787866430044 0.0121046984890441 0.35346098940242 0.00890267607218148
0.0105266855294843 0.000154646823234079 0.106867519560552 -0.209007122563757
0.00180044467272313 -0.00453747402846972 -0.121345014151071 0.132488725195126
-0.012668336587247 0.0161897863416877 -0.243412261159583 -0.0622895834908484
-0.0127197785299026 0.00175140560148286 -0.171292942480662 -0.412033984852425
0.00738905636418712 -0.0235847604004544 0.372745067115036 -0.559591378173287
0.00161617631480978 -0.0158392007524557 0.813505107786337 0.068686917753347
0.00177282828877168 0.0215113980597738 0.410204691412651 0.72180968702028
-0.0214844166622356 0.0336127448604874 -0.14622788570792 0.553941393306612
-0.0359150667399319 0.0244919144873875 0.0495486154340889 0.0343982307103332
-0.00987042067518724 0.0260166837700249 0.10542787840591 -0.5142905595497
0.00432803900529861 0.0252676373897397 -0.604983173831453 -0.644118984084056
0.00482098740163482 -0.00896951066538274 -0.878318616643263 0.189521634019464
0.00395071169163368 0.0081970418304979 -0.134254556777667 0.71002777744121
-0.00120885083006934 0.028876202703623 0.369605679872859 0.390108925444639
-0.000349917933214159 0.0127489432619053 0.352846671903933 0.0172384582646633
0.0158329430627902 -0.000107493264870823 0.108286431561862 -0.208062431914558
-0.0145155356901742 0.00219409390886871 -0.101051926618183 0.14813565691117
-0.00785770260084661 0.009082106019107 -0.251244450701008 -0.0294923149581836
-0.0270626317197956 -0.0093225192447663 -0.292079831279086 -0.346766829976001
-0.00767088614224012 -0.0114102885822068 0.143528292113289 -0.60821205338888
-0.0166114820189118 -0.00646669507988133 0.741392472995678 -0.185279413989764
-0.0149764517270559 -0.00505626919842014 0.590603830055786 0.537939339636741
-0.0129871250023335 -0.0161960860773177 -0.0170241076732513 0.576331658081942
-0.0021713454554466 -0.0365012595748054 0.0443719498127522 0.0884056884146922
-0.00102540263308733 -0.0313908803387967 0.211714189672526 -0.439504292575637
-0.0201863449950153 0.00485192186973829 -0.382362300785142 -0.786060249523514
-0.00466144242570397 0.00451473459794713 -0.916998917601121 -0.10157447527667
-0.0107204866537303 0.0157849834722082 -0.383832699440652 0.635331857083484
-0.0199404830087851 0.00730158390881198 0.23648182787947 0.454396329414683
-0.00105885646303252 0.0039534931600887 0.344768259806261 0.0648088557837729
-0.00189347341600493 0.0116945318996761 0.130968894973682 -0.196516063181897
-0.016300299175711 0.000756389529413288 -0.104016069830659 0.144720586204493
-0.0140945314994947 0.00933251644199714 -0.247753824264694 -0.0404289766956613
-0.0266704578429877 -0.0111045056344018 -0.268599402382318 -0.367334171963961
-0.00391518298665413 -0.0156118391959899 0.198108972063675 -0.59665677798922
-0.01659154605442 -0.00967757404173497 0.76597777830479 -0.12001881189794
-0.0192699876661133 -0.0073208634937474 0.552604384764103 0.588343723644892
-0.0148294051690681 -0.0206179260998796 -0.0485403849120875 0.56993520427333
-0.00388119949632528 -0.0386276186040139 0.0517341394001095 0.0727551125475569
-0.00621263098996581 -0.0344926031886129 0.18859435700455 -0.462391504468558
-0.0234732276998278 0.00411574488682139 -0.44019415077199 -0.752564355004223
-0.00337598362148646 0.000801210850601131 -0.911723731866998 -0.0165364807847266
-0.00537616237919476 0.0120978021842483 -0.320734875206972 0.666226653975757
-0.0187706944993419 0.00844355005784926 0.269017641330987 0.435849847279353
-0.00592860621034451 0.0035772945448558 0.347823551277988 0.0475186554581274
-0.00522279310648045 0.0105276455034196 0.125766632699097 -0.198878220467785
-0.0167308571102021 -0.00090504222478854 -0.108292692902009 0.142059340248621
-0.0190488879068964 0.00982070052134746 -0.243900230008813 -0.0522344198770497
-0.0254879357128215 -0.0112635771516339 -0.238105694845946 -0.384970196970941
-0.0003433797263084 -0.0207228854611769 0.258529083296887 -0.579131951561937
-0.0147861529815592 -0.0132321452020301 0.785853797912559 -0.0437876213940955
-0.0205217473369928 -0.00735079856982627 0.499826117770892 0.639464126212123
-0.0169382905682145 -0.0197698448877605 -0.081415160775732 0.559498187668582
-0.00872398668722795 -0.0348788167596673 0.0572876884862912 0.0570813296646434
-0.0117409389276827 -0.0311321654812246 0.16044501210654 -0.483336070145272
-0.0241733189675054 0.00566029048132432 -0.503578985828572 -0.710430927944364
-0.00204543588205916 -0.00261855624559555 -0.896712345161832 0.0714446448965224
-0.00130893383890869 0.0087269359760688 -0.25013300333383 0.688871475112706
-0.0173395371223933 0.010870441391826 0.302537057998199 0.414792408626731
-0.00906350385212421 0.00486894804506287 0.349472956738747 0.0303649840443528
-0.00495550773829631 0.00831501444788267 0.11934026036754 -0.200742000517064
-0.0144613498163723 -0.00378152069641943 -0.11310774246533 0.137598316433353
-0.0217423384007163 0.0106702847007561 -0.239869047319342 -0.0605974516500139
-0.0225394989374751 -0.0107516013018069 -0.206698611549312 -0.401801539922982
0.00432099301013696 -0.0239192756476674 0.311551341596586 -0.560115261358256
-0.0115160026604192 -0.0167689527926636 0.796057491495574 0.0244237658346777
-0.0195879447038498 -0.00481164065913327 0.45238394729368 0.682387514473426
-0.0183857316904436 -0.0143440660709018 -0.112543693462579 0.551331852780708
-0.0144791504375116 -0.0270602113659114 0.0593220825522623 0.0429033962769243
-0.0153556380335207 -0.0225874375206205 0.133699881697488 -0.498611160794242
-0.021396077912896 0.0088625309991398 -0.554992852498335 -0.668752761198212
-0.000418764102943879 -0.00498164790754058 -0.876020490378834 0.144494425163713
0.00186297565481643 0.00591675705916786 -0.185151482657921 0.703012975761701
-0.014238948287837 0.0149365307166665 0.333522131698291 0.394039128586747
-0.0110528549685958 0.00647561539322523 0.349908847013914 0.0156164362263968
-0.00401253668470717 0.00563596048424547 0.112651467191402 -0.20381448215832
-0.0108382338156844 -0.00483768353039114 -0.116594253287184 0.134526509728348
-0.0222752954729815 0.0106596174476825 -0.236881587400897 -0.0648182592210746
-0.0188759569226285 -0.00772499283557729 -0.183706387480357 -0.409850326889918
0.00821268299148748 -0.0263708195651401 0.352242122317759 -0.542317216176508
-0.00731286104538896 -0.0177717276553376 0.800009941754386 0.0742205777095965
-0.0163036257310321 0.000276928558250887 0.412011737669444 0.710854714186574
-0.019726791752577 -0.00541466171512263 -0.133969254636024 0.542385781647165
-0.0206021032274577 -0.0154872936135623 0.0599234216645161 0.0330727923314846
-0.0166213726665756 -0.011140056866259 0.113211742144612 -0.508399427386346
-0.0179183462430792 0.0120867437014329 -0.590749588448783 -0.636148790041622
0.000550266189141148 -0.00843552499676811 -0.860506454540147 0.194739445146704
0.00454024312231917 0.00467423583801445 -0.135670213956244 0.70703881766367
-0.0102722088756906 0.0195278547973092 0.356998144939476 0.377819084218084
-0.0108541355459884 0.00911135230527812 0.34980369881282 0.00647803920963893
-0.00028458566343747 0.00288289088962962 0.107600147144864 -0.204550358602588
-0.00601995090059578 -0.00495634102622776 -0.119537896489738 0.131199999758947
-0.0202322745894588 0.0125651890114646 -0.236229766994906 -0.0683939727945254
-0.0157624154240873 -0.00452329388420572 -0.16645707077294 -0.414048459436567
0.00962333473108917 -0.0259511638147698 0.377947656789654 -0.534581909483575
-0.00293484401143524 -0.0183846877084347 0.802494719785004 0.100448542657459
-0.0111496122415659 0.00644297581312899 0.387120594255053 0.726650014214263
-0.0214570585725897 0.00712613088128864 -0.149647025027441 0.539119716983319
-0.0264408006485248 -0.00086456055938206 0.0587796674178288 0.02739626278987
-0.0157303317949218 0.00122632851912376 0.0992946981919813 -0.512431745987378
-0.011322304142949 0.0169303727495554 -0.610169880600025 -0.615086606633202
0.00151767598990652 -0.00999964313780745 -0.848646017864458 0.220993883135599
0.00481604567504684 0.00420499136554556 -0.108042972198067 0.709292869704266
-0.00611423126960327 0.0228858813089699 0.370421845876697 0.369745864855536
-0.00910008008510866 0.0104773092010742 0.350006390614494 0.00262652887348307
0.00496531062524695 0.000408816938560174 0.106431196307761 -0.205660536094098
-0.00229954665394832 -0.00595003262959332 -0.120693063184469 0.130888963407896
-0.0170712125068275 0.0150847959739273 -0.236388473501982 -0.0662502223402679
-0.0135047822719682 -0.000776861364158831 -0.163894573783051 -0.413400805477732
0.00990358390936191 -0.0254108119551319 0.38250175841903 -0.53845905409223
0.000478511076203265 -0.0174536866965046 0.802184205952567 0.0975597837344595
-0.00445795180258047 0.0146255727427374 0.385964351272176 0.726182639931158
-0.0221431402584224 0.0201045680890698 -0.153403261733382 0.540726856263706
-0.0319719796045025 0.0122403836511628 0.0539146819392143 0.0276395961500668
-0.0136295799447813 0.0130769852035981 0.0954834066744706 -0.511228141967802
-0.00322004766321486 0.0209894600824936 -0.612342026190329 -0.615724326969502
0.00236352120649071 -0.0107352462744629 -0.851479479680137 0.218603013769998
0.00452643347498268 0.00583232589695834 -0.106837437053485 0.706520553137392
-0.00250921102457394 0.026805444669078 0.373753878024838 0.372721187891134
-0.00543965745002001 0.0120371432864631 0.348465544366569 0.00582136175613052
0.0102452553067314 -0.000119263840916696 0.105120939918668 -0.206730168327565
0.00147272588103082 -0.0043944236142409 -0.119001984366291 0.131355474330637
-0.0126996140053612 0.0161778631491474 -0.239580210122959 -0.0618323888550997
-0.0118809502527067 0.00209275952045213 -0.171480528181151 -0.408012394685629
0.00636456586838736 -0.0230089780377893 0.364638913796654 -0.55204270032026
0.00213000749587894 -0.0159450279029442 0.802562093746089 0.0645570220311887
0.00195177981754055 0.0211446163117965 0.407539376026021 0.71070250445116
-0.0214779026919472 0.0334713418996733 -0.143433200009456 0.54743656079902
-0.0351885408989951 0.0247662137649103 0.0488995517395037 0.0342028879498765
-0.00981681441206497 0.0250079036868877 0.101161366352426 -0.506908697120065
0.00440706942429297 0.0250331334056636 -0.598693323131028 -0.633248666995399
0.00499356317526668 -0.00904908750531626 -0.863207535955183 0.190201909171424
0.00407236319775151 0.0077717930902965 -0.128940692643111 0.701376986760086
-0.000327142367916831 0.0290647552587317 0.366023459176867 0.382504398718808
-0.000560977254541047 0.0120664227196097 0.348324371259453 0.0149256927660339
0.0162494067604877 -0.000519674318570135 0.105963955730973 -0.206351396900355
-0.0142798921522954 0.00193136759856646 -0.100851266263448 0.146792558444381
-0.00769055634241366 0.0094192254536432 -0.247135998712065 -0.0287292771687896
-0.0281720298292255 -0.00863012651289766 -0.291078761773735 -0.344052635345585
-0.0076114769468134 -0.0115354578383267 0.140375017671161 -0.602488315225095
-0.0166551106799519 -0.00602092779213715 0.730318419652924 -0.184955956925491
-0.0142777820860104 -0.00419846709749111 0.583760222311075 0.530130768699349
-0.0127472635786446 -0.0156134003688707 -0.0205620008301257 0.566601352264142
-0.00204064678077127 -0.0356503974464585 0.0446604360984767 0.0872606254769972
-0.00148322764519035 -0.0319025207343311 0.209419469125001 -0.431124720687834
-0.0198446402393904 0.00407172947667894 -0.377854348640183 -0.775970044526734
-0.0050706697667971 0.00495501379899527 -0.906516097488171 -0.0984585098448194
-0.0100811562308325 0.0149224699420202 -0.377944727549993 0.62884100901122
-0.0188792810560248 0.00790357591062711 0.234150548306313 0.448990426922614
-0.000898444496889925 0.00416687167492038 0.341616169266124 0.0620526751487375
-0.0018670159839124 0.0119925116846398 0.129853137085048 -0.194662472923241
-0.0169794327191422 0.00136614556956879 -0.10336952109098 0.143812451925254
-0.0137455639817443 0.00964570146406382 -0.244572939005292 -0.0384834610716618
-0.026883889215772 -0.00992969770718892 -0.266459605540378 -0.363900481095252
-0.00419322278848086 -0.0162012920844165 0.194172660408186 -0.591274397556304
-0.0158238702123274 -0.00961129372290108 0.75520196877017 -0.119569547791265
-0.0192555009284042 -0.00737614621293985 0.544100204420701 0.582294972863415
-0.0145881307315818 -0.020471479584856 -0.0489908836785842 0.5599149331657
-0.00408330925209351 -0.0384531565410545 0.0506315076142023 0.0723088418984207
-0.00539144637030054 -0.0332244204478091 0.186466450476194 -0.452835457608061
-0.0221969477666449 0.00380234129261582 -0.436073400403032 -0.742486890634295
-0.00316068914154682 0.00198361554680324 -0.900566549286839 -0.0153208596149113
-0.00486136997353728 0.0127298322329087 -0.315507549416453 0.658297560129013
-0.0180735266200068 0.00846812717746499 0.268985382044153 0.429465260681658
-0.00593195949664888 0.00446716594120893 0.345136997082152 0.045320755001451
-0.00497195585942141 0.0123442837174912 0.123783135077583 -0.197534289120104
-0.0168985870692391 -0.00138416015739192 -0.107997623016282 0.140590219147587
-0.0188395182571252 0.0100005240598284 -0.24017381922069 -0.0506271195835057
-0.0251182277352601 -0.010799970260775 -0.235029191846585 -0.380300771940927
-0.00023015389416082 -0.0207659879525017 0.254579865810728 -0.572914439176327
-0.01458974753369 -0.0130991937535412 0.774427912174739 -0.0449593252492936
-0.0203844130472662 -0.00687117800854589 0.493951029191307 0.631216430019064
-0.0164589209727812 -0.0193897528085079 -0.0815292139149272 0.551668396698226
-0.00874102965020457 -0.0345374149795004 0.0557861406945212 0.0562898021244162
-0.0123366071977125 -0.0283051273870581 0.157964713757869 -0.474839503418289
-0.023357507051297 0.00617070137346221 -0.496753280557865 -0.701142826597417
-0.00190592232078097 -0.00186085636435965 -0.88468728114377 0.0714013632308249
-0.000876560034852005 0.00866902426286299 -0.244755146080771 0.679382594861075
-0.0164675934739906 0.0106015664691193 0.3018098613148 0.408070726663526
-0.00894021078505613 0.00481836721917977 0.345805470818387 0.0279338955409569
-0.00479385333595955 0.00757611183978895 0.117002509942511 -0.198891079074877
-0.014843527497533 -0.00291161200520766 -0.111644640613271 0.136401622170223
-0.0213284803127524 0.00979739544746581 -0.236174587075647 -0.0601289758044036
-0.0217203088569144 -0.00969582881665666 -0.207507130840943 -0.396353916763095
0.00471126462113135 -0.024267965587432 0.307725549074014 -0.551887582471975
-0.01147880590537 -0.0160336183530597 0.786755326142186 0.0231405345938403
-0.0192406956703439 -0.00398335976710159 0.445836980733462 0.674348577037059
-0.0178486304131774 -0.0146258025682897 -0.111488329754122 0.542567698063596
-0.0140293381788906 -0.026640167960867 0.0583706015026088 0.0414968073699741
-0.0147753262028455 -0.0213732079202909 0.131801323900483 -0.491221838450694
-0.021232860336049 0.00903474665537121 -0.546095388164364 -0.66008697748861
-0.000500964003165643 -0.00496110707486378 -0.866051104633353 0.143367222398324
0.0017425799461705 0.00613744087345506 -0.180899995824089 0.693533586918057
-0.0136872060926049 0.0141478628236094 0.329280591299834 0.387829302054385
-0.0110630530337468 0.0069576101790468 0.345651145111394 0.0135028319847234
-0.00342271367311345 0.00473961484459756 0.110565773201122 -0.200552044803516
-0.0112536477223215 -0.00439034937159185 -0.115883297791756 0.132764298927574
-0.0217690514230097 0.0108096521650157 -0.233418390435037 -0.0641565961519292
-0.0183608995383894 -0.00689452694595858 -0.183021618451439 -0.405173889253137
0.00802328775250645 -0.0256166065707949 0.34647902155292 -0.538416128698639
-0.00680969565159907 -0.0179084380220143 0.789581306429771 0.0720086917669518
-0.0158362230833406 0.000432407979952341 0.40686340100303 0.701218754685334
-0.0199296788235377 -0.00507200715625312 -0.134312919871809 0.535742768887593
-0.0205493279901184 -0.014669102034822 0.0591570918555966 0.0319102031634466
-0.0161643875896168 -0.0117398098403993 0.111848751815003 -0.502058488083825
-0.0170923426909395 0.0125782004168401 -0.582853104278223 -0.624530663957964
0.000162484474328593 -0.00829671322704589 -0.849626456353455 0.195540089567736
0.00380074758790322 0.00492937811911771 -0.132325226901457 0.698411547605576
-0.0096794427202927 0.0188920671618481 0.352330799922211 0.372145587061674
-0.0104903922596937 0.00920583369873314 0.346822274534739 0.003710396348094
0.000342508236497811 0.00263349826462006 0.106979135950479 -0.202835440446875
-0.00676820562613261 -0.00479167023899644 -0.118886752447993 0.130450624608279
-0.0197606385449099 0.0121165262699278 -0.232510419913149 -0.0668897735061524
-0.0155141624357217 -0.00459216231285054 -0.167162436928804 -0.409469325367335
0.00914450337857354 -0.0264809190251789 0.37128964884171 -0.529327592160967
-0.00284238424843595 -0.0177869694804411 0.79126942073332 0.0998279967459016
-0.010018375279423 0.0072844993138512 0.382188999846525 0.717455815788691
-0.0209978505291675 0.00686586862433335 -0.147705298835843 0.531587179304621
-0.0260169968559905 -0.000932600324863875 0.0570405195523646 0.0269814025882079
-0.0154777540391794 0.00104626150154848 0.0970504145916126 -0.505672493413914
-0.0106465711031555 0.0166879986968206 -0.601424194320881 -0.607862729697276
0.00133332822596706 -0.00953686333911884 -0.840470048685683 0.220138165906991
0.0050423962073053 0.00455137295162943 -0.106264088342669 0.699618262071746
-0.0058325646729228 0.0233725330078666 0.366943863441446 0.365490871058297
-0.00851237714873907 0.010150931985687 0.345833727069214 0.00137855937158472
0.00537648095923052 0.000334782770133606 0.104293367357148 -0.204199059590282
-0.00258083774876482 -0.00436985751699123 -0.11951455893038 0.12886925202876
-0.0161078748254171 0.0148908789008873 -0.233409497507441 -0.0656819409391859
-0.0136496953443352 -0.00051094982514198 -0.16293154586535 -0.40777417122636
0.00881026219045375 -0.0246298770271588 0.375229334953667 -0.530627040165364
0.000180386318851677 -0.016487018231186 0.793611089584978 0.0960177330113164
-0.00383725404512622 0.0150114115715301 0.383024721282417 0.715318898290276
-0.0212823187895847 0.0192950406832151 -0.150370945442252 0.532822232381199
-0.0315518804912885 0.0123175088583783 0.0533642079185341 0.0267263699465719
-0.0132348792784997 0.0141265690585 0.0933189095815895 -0.504062750898545
-0.0023772385536281 0.0201592576093849 -0.604309067388784 -0.607781251422468
0.0027077279111008 -0.00941050465691828 -0.838759212019052 0.217784768602389
0.00503747766865363 0.00588140283101811 -0.104538635277054 0.697255169603815
-0.00245854820700601 0.0262236056213789 0.369974473080532 0.366622953291999
-0.00482817749613486 0.0120801796678704 0.344727681257732 0.00335590523342155
0.0101268628492676 -0.000774012449680337 0.103717406171393 -0.204390761633079
0.00163955359442071 -0.00383938381900447 -0.118404886818633 0.130103884769254
-0.0120567933875961 0.0159818447514497 -0.236588385028922 -0.0613039520071746
-0.0119518460531964 0.00260955018538114 -0.170418353564279 -0.401578348785853
0.00630613061199006 -0.0229542303302248 0.35721130205139 -0.546514410338261
0.0020383363936874 -0.0158321875055234 0.793842813400209 0.0612959269050587
0.00257018298154155 0.0214958169030848 0.403642431640475 0.70055820889361
-0.0214602023200862 0.0324728767145601 -0.141634899403551 0.539428593745441
-0.0347475937990855 0.0250531963698242 0.0484618991270004 0.0331859353410898
-0.00954958215678821 0.0247657587353256 0.0999555196029454 -0.500993702388262
0.00470557845307689 0.0239844357838782 -0.592241895708688 -0.6228807205691
0.00411136186058294 -0.00890218784780663 -0.852177921338283 0.190366766123026
0.00388375202749793 0.00797518686101333 -0.126414558721838 0.692214940196364
0.000251898880993801 0.0287300373150209 0.363016967659983 0.376876590330301
-0.000367745337916706 0.0122727480928561 0.344636097741507 0.0131928528354584
0.0166653401180929 -0.000970770488842233 0.104772768272127 -0.204326315258944
-0.014781034074086 0.00210907156350908 -0.0999547172646103 0.145330821460474
-0.00685790271576387 0.0088086273705975 -0.245218332553991 -0.0286113831626243
-0.0256266470398501 -0.0083953425555679 -0.288826229920052 -0.339453395432935
-0.00838209772805708 -0.0117889345902017 0.136301065004978 -0.59435805268801
-0.0160595154593037 -0.00580736078375706 0.725478637248255 -0.182167909427888
-0.0139285019343533 -0.00394396911378485 0.573956091747706 0.525395473952513
-0.0126841532910376 -0.0161456844279137 -0.0197977262850165 0.559827672550137
-0.00207900307218477 -0.0358439108047242 0.0440999702252385 0.0855278784716509
-0.000860821104090661 -0.0314095361773975 0.208146886146567 -0.426403974934121
-0.0193972368413326 0.00468658007837785 -0.372119144424869 -0.76597435883253
-0.00539002582561681 0.00440022347998269 -0.896246620815359 -0.0979272170410044
-0.0102828451562163 0.0152271330833546 -0.373892814922701 0.620785182066816
-0.0190649256998551 0.00794180152863715 0.231234028315071 0.443417233841003
-0.000694784837987548 0.00431750050859364 0.338366677813183 0.0614542314694536
-0.00140298011517256 0.0115267495867916 0.129336078426295 -0.192795609430671
-0.0167911419079838 0.00119293558900021 -0.102517422713221 0.142277093325686
-0.0135737853677505 0.00980685617428326 -0.241517128746743 -0.0388087436810245
-0.0261079614697035 -0.0094515883903886 -0.264846187442843 -0.360236378979791
-0.00409632034937582 -0.0164224945891615 0.191598091682489 -0.584780185797442
-0.0159804053565352 -0.00879975902133001 0.749090538020527 -0.116288516719699
-0.0188061930592193 -0.00590922894552093 0.538934515811591 0.574685514102055
-0.0148871488094678 -0.0201416140102011 -0.0485199124842514 0.552633848290304
-0.00344478503621748 -0.0376666786163958 0.0504284286986158 0.070637177173127
-0.0050743096014293 -0.0338424459833387 0.186311332215317 -0.448602921506694
-0.0221704966024443 0.00429016151933516 -0.428715912020114 -0.733208617280447
-0.00320124911502012 0.00176226620431708 -0.890378115339936 -0.0166081034096701
-0.00502483146761851 0.01202296812016 -0.313174714193681 0.650570534983916
-0.01710960705942 0.00814895987927767 0.263320921627526 0.423673361772833
-0.00476813992972167 0.00460193665843563 0.341365749730836 0.0451480780384676
-0.00413688648312486 0.00954944389727494 0.122789408289235 -0.194199872713779
-0.0168904758952936 -0.00134829327013397 -0.107150695017928 0.139156413537068
-0.0183457604733158 0.0103408921612799 -0.236541687726355 -0.0502470195008112
-0.0251909654687398 -0.0101711975150774 -0.233710840205444 -0.379014749091303
-0.00038542620088259 -0.0208702542518615 0.252047105406742 -0.566106021546473
-0.013841743021977 -0.0135423228861655 0.766634381003866 -0.0421359677651318
-0.0202769393674361 -0.00608037736731506 0.486927607589734 0.6249406352671
-0.0161661499932736 -0.0192426431582731 -0.0807106377650377 0.544232604608626
-0.00835072502802833 -0.0347719334578627 0.0554920940568401 0.0544827656726573
-0.0107580082661303 -0.0301298315605681 0.158386198932939 -0.468834916261479
-0.0231937576553895 0.00609632480793083 -0.489467154736402 -0.691177496026795
-0.00187556038224725 -0.00161675530259845 -0.87519293001819 0.0714607449873138
-0.000431989912811077 0.00830882932581309 -0.241549744379094 0.672454395380697
-0.0163579111358594 0.0108215623730362 0.29812403267412 0.405936943241117
-0.00917452942840576 0.00512786720736065 0.342212852055417 0.0271449978056546
-0.00450899576237967 0.00680425960935899 0.116168191117709 -0.196675263652909
-0.0154966643530797 -0.00243823119477669 -0.110940671800791 0.134335521550351
-0.0210381178288391 0.0105326261380206 -0.232877531198182 -0.0594842023176327
-0.0220993858737781 -0.00949175299254312 -0.204576917439155 -0.391947657493466
0.00431039270307797 -0.0242251613943158 0.30363410924579 -0.546492440912543
-0.010664834985926 -0.0160382350299473 0.778572570353172 0.0234847156852254
-0.0190655005320715 -0.00410060551394335 0.439685147641009 0.665164923629023
-0.0174153247326355 -0.0143528834715612 -0.111933200717046 0.535609173682616
-0.0137867382825609 -0.0261018463054921 0.057914051401663 0.0410385832195783
-0.0148916781067663 -0.0220976155945468 0.13122169594362 -0.486103411145169
-0.0206355565846968 0.00908798545522026 -0.538489598928999 -0.650112231328007
-0.000326362092896527 -0.004790506030062 -0.857437468426406 0.142024253608868
0.00197495851970971 0.00617895665988489 -0.178721689427101 0.684115623137768
-0.01337567318542 0.0142502524781503 0.326436334187882 0.384025088151762
-0.00953841413836269 0.00687897592554864 0.34210988918919 0.0134697260798415
-0.00360942571688806 0.00473375169337996 0.110123206523602 -0.198533916256265
-0.0116041129599698 -0.00406640794649167 -0.114918889907698 0.131495498211229
-0.0213313220424485 0.0114127938193469 -0.23062851183049 -0.0635647472705576
-0.0186578685878782 -0.0067870594447245 -0.180923336028833 -0.402558956141338
0.0075927404129421 -0.0251888675173973 0.341596087673855 -0.531977018379462
-0.00712853845317555 -0.0181960624660214 0.78243064036149 0.0731371130046489
-0.0154724593411511 0.000444542430996111 0.400100166412836 0.692367462783095
-0.0195129072957957 -0.00546800529999269 -0.134160466826714 0.527050680356599
-0.0203939108647082 -0.0150326753325918 0.0577428939697302 0.0312503240242879
-0.0161365992965436 -0.0118680510824174 0.111755909111908 -0.494194883298302
-0.0161255801955802 0.0124416438533395 -0.576929557514572 -0.617940396783286
4.10096895450268E-05 -0.00792017518174973 -0.841182545911223 0.193738397533459
0.00371586473818463 0.00443440548729698 -0.130951804481319 0.691119565012874
-0.00933709290459228 0.0182834840522578 0.3477770751822 0.367065969577724
-0.0101537003643459 0.00787322621792108 0.342132303265531 0.00384566959497636
0.0001822345429385 0.00256044364556209 0.106598688012378 -0.201046149261388
-0.00703214584377787 -0.00409894399535823 -0.117431626395739 0.129386129142802
-0.0196498579657001 0.0127400046926118 -0.22960217500089 -0.067471484231358
-0.0154705020448868 -0.00343315546770639 -0.165787089119459 -0.405694355754505
0.00916780120850204 -0.0258099521990159 0.366193360058256 -0.523768992818418
-0.00272716134630205 -0.0174874591618245 0.783845535156913 0.0965442637085364
-0.00987680897752681 0.00754747014641895 0.378046951649664 0.70831808331762
-0.0210496589486657 0.00683245723059908 -0.148052825518537 0.523856597662725
-0.0261343360091467 -0.00163664259154423 0.0556470442451925 0.0260347582131025
-0.0154075373449258 0.00101274031020875 0.0989024821568156 -0.499783429304241
-0.00988192573874476 0.0159510611384898 -0.595247510314419 -0.599659294681909
0.000982125327156866 -0.00966876129971224 -0.83127219574553 0.217173910613439
0.00496137818669706 0.00410199907096364 -0.103102142814235 0.69204171617528
-0.00545267497077011 0.0228128367665749 0.36298537895974 0.360206477396796
-0.00844052439509856 0.0107933924582202 0.342080084936121 0.000996914504927156
0.00539215541845565 0.000125056304464057 0.103939522012474 -0.2014751971678
-0.00292730066792826 -0.0043434602974133 -0.118454531010099 0.127897737821152
-0.0159665109979413 0.0139539700999838 -0.230854835763563 -0.0647761705170904
-0.0132941433656145 8.85081414947336E-05 -0.161181443612757 -0.403649091791261
0.00857351945336996 -0.0250485313893421 0.370471431939063 -0.5262827753538
0.000738837479891161 -0.017018271264291 0.784751376014831 0.0950992862018803
-0.00340725793277961 0.0151519736233809 0.376897067593141 0.708194611362024
-0.0218031175275799 0.0193200090177221 -0.149310160701023 0.525377780615804
-0.0313211631733627 0.0124390921893316 0.0525576157449455 0.027030853460006
-0.013435445876532 0.0122204763036998 0.0934471362326464 -0.497402722576879
-0.00268699415779097 0.020026967051686 -0.596931719624465 -0.599359444848963
0.0025672029066009 -0.0101296153021798 -0.831086628797186 0.215734389338531
0.00505765698192827 0.00535761147365147 -0.102066303949331 0.688049801308122
-0.00233418883078302 0.0263981945407516 0.364811297652254 0.362656118404988
-0.00452871383287318 0.0121638932296122 0.340186359947684 0.00404413432883422
0.0106612431879482 -0.000556802154614448 0.102510879276374 -0.202472861355474
0.000779774439983272 -0.00326226586978975 -0.117466602324685 0.128594478495821
-0.0115867060034759 0.0164512675764293 -0.233976806636574 -0.0594861951000208
-0.0125403564693277 0.0034321481580428 -0.169794012758002 -0.398360592764465
0.00563747994121 -0.0225543419353779 0.35222685728471 -0.539953826618296
0.00218637299168381 -0.015711960631768 0.785847746189138 0.0634926816338668
0.00268712307631048 0.0220069466647505 0.397258383362343 0.692233642562501
-0.0209526471870185 0.0317826232267987 -0.140096793748598 0.532483445966244
-0.0340775166547321 0.0240231574190716 0.0470948410537463 0.0329543075705245
-0.00892497309902683 0.0241800429504413 0.101143659015682 -0.492129598121794
0.00496268007354201 0.0231936844177036 -0.584115971621177 -0.617316593389704
0.00446082764913476 -0.00804264883404639 -0.843343634050422 0.18777542938301
0.00383563370600101 0.0081084389466564 -0.124943172571684 0.683921990354001
0.000178689201857849 0.0284270632144562 0.360381633832991 0.372942312631663
-6.48844309105723E-05 0.0118374699388481 0.340810315821217 0.0119721682398797
0.016176902154028 -0.00149729016769632 0.104218009485476 -0.20166277549947
-0.0144708914812785 0.00306450287072025 -0.0989236615843026 0.143694978901514
-0.0070816243512603 0.00908492457687648 -0.241580011033507 -0.0298126664893857
-0.0259264545459286 -0.00798867681164913 -0.286479511489332 -0.337605175290789
-0.00805693532280991 -0.0112990547871232 0.136249103183495 -0.590613718750637
-0.016149931478533 -0.00564029194552821 0.717586988833333 -0.176950288668372
-0.0134727460275817 -0.00409644684807262 0.568639173361912 0.520273941919657
-0.011906984190676 -0.015326890804349 -0.0208006887329738 0.554045896140443
-0.00188487917123105 -0.0346025016006078 0.0424517567113438 0.0840023744750072
-0.000474030129745928 -0.0308104472863504 0.208958358179566 -0.42153211652264
-0.0183284632155209 0.00342002961971931 -0.365166727629317 -0.758541162921636
-0.00512185814513227 0.00475580705308219 -0.88615131637158 -0.0979327642451954
-0.0101074554430216 0.0152248815243126 -0.373180698759664 0.615783880577876
-0.0180388037284863 0.00753386014458005 0.227745566515968 0.439579467623322
-0.00041923412098244 0.00459244565068964 0.33588043299378 0.0608486560357474
-0.00106725011436753 0.0110247238883153 0.128368249863666 -0.191069926419258
-0.0169739403316069 0.00117455621894 -0.102780788161374 0.140902561920007
-0.0136076425532495 0.0097030370428848 -0.239027142800757 -0.0399748077403387
-0.0257971868151576 -0.0088514965997927 -0.261994757459683 -0.356761043615382
-0.00495558169448605 -0.0164575587816355 0.190718275314735 -0.577613602192242
-0.0155081628016856 -0.00922376671829538 0.741800918842588 -0.112520937320138
-0.0180209103925656 -0.00585752011010575 0.530779297843993 0.569891863801245
-0.0145905383930476 -0.0202951946300666 -0.0509882863770319 0.547087748595206
-0.003116834778213 -0.0377153497345031 0.0491877114420278 0.0692779804551997
-0.00493300803246811 -0.0337770068953644 0.186028214142422 -0.442571956660611
-0.0225652857227698 0.00421622823664034 -0.423860533391283 -0.728525758423354
-0.00390288648727047 0.00169019946080968 -0.883078535597526 -0.018666637546014
-0.00525054974420597 0.0120768779214792 -0.311069641324753 0.642414772460362
-0.0175201408168997 0.00879572817641468 0.261725107033229 0.422783151608417
-0.00465897534589991 0.00389759701146901 0.338378209264984 0.0441374344323705
-0.00375154522548378 0.00894584902859965 0.122014292115744 -0.193138329128754
-0.0169681328890471 -0.000747749376979631 -0.106724568051977 0.137545232495942
-0.0184516751162111 0.00931371493155342 -0.234834522505602 -0.0514963451249031
-0.0246765343507856 -0.00943255009806257 -0.232871135369315 -0.375522254255005
-0.000966967874309625 -0.0207528474262545 0.250110723940175 -0.560963839653188
-0.013959103326936 -0.0127763000394158 0.760882263385699 -0.0404927289740478
-0.0189165475729837 -0.00618189269660005 0.478811368875233 0.619597149421086
-0.0160349618018049 -0.0189845147177049 -0.0821846264804793 0.536739305492585
-0.00782971465864727 -0.0342641814475276 0.0543449704494751 0.0543398892274016
-0.0105494468413913 -0.0296360630419087 0.15874314857871 -0.461618498719705
-0.0225774934926457 0.00499818800169679 -0.482763946513016 -0.687131001095076
-0.00179579852377458 -0.00184929393111181 -0.867230962435108 0.0667577920036943
-0.00119133283764137 0.00861539254258803 -0.24206761485921 0.665689155324483
-0.0151395959098366 0.0108393898260478 0.293657914575528 0.399108561861577
-0.00881667694919135 0.00431482060122406 0.338988569764977 0.0268775261739309
-0.00450671432221993 0.00676916367041764 0.116452035754382 -0.194888212092824
-0.0156957984306776 -0.00198446448913305 -0.110896855183553 0.133262084304891
-0.0209350623244307 0.00973281666699267 -0.230709768281979 -0.0590195458444117
-0.0219725947507496 -0.00810840114286669 -0.203142686818256 -0.390338489527191
0.00397256756705251 -0.0235783880870836 0.301291524775873 -0.540245056477258
-0.0107091367989824 -0.0159681599989352 0.769691607441095 0.0247146120834579
-0.0175658240908434 -0.00386613343076616 0.433478917925677 0.660014938087864
-0.0173787253357706 -0.0143538572180137 -0.113868972072441 0.528582996312325
-0.0133146870594272 -0.0266308301421197 0.0559207360303412 0.0407910181131095
-0.013717590591934 -0.0219941690957242 0.132853877412807 -0.478991372905166
-0.0203178791210915 0.00901384034016398 -0.531554073839107 -0.646211969454337
-0.00127040910983203 -0.0048721875403402 -0.849600719889487 0.139526236465373
0.00165635092611659 0.00619818658467435 -0.1800911706241 0.678903428011867
-0.012326316201363 0.0143576283196617 0.323255330426657 0.380695283535438
-0.00998652145053371 0.0070392492322141 0.339433856012218 0.0128799192216349
-0.0027568754930434 0.00462355363575993 0.110304823025311 -0.196872083580002
-0.0119519029287628 -0.00324283844441579 -0.115102884611709 0.130322270471886
-0.0214212233088532 0.0109181128312606 -0.227484749016092 -0.0644323645421847
-0.0184800552456154 -0.0068260536250617 -0.179223102758377 -0.398671596597335
0.00760194902576597 -0.025882501737415 0.338546727397102 -0.525130337066103
-0.0064660159306004 -0.0173561313708005 0.775114260830313 0.0739150732440159
-0.0143123541127506 0.000842172395191397 0.393693163879706 0.686276114954382
-0.0189257889746146 -0.00530440167106421 -0.135925270744539 0.522768940697477
-0.0192795520381137 -0.0154860512312612 0.0576825894181949 0.0310442526552602
-0.0160076002313118 -0.0108724002543791 0.113434790604037 -0.489474987316033
-0.0159771725851003 0.0118362777877223 -0.569556170268218 -0.614072758387179
-0.000136213051318397 -0.00746229449772116 -0.830609091578929 0.189117393294953
0.00424949089049823 0.00470189123928907 -0.132601346574237 0.682647681163598
-0.00904486906072739 0.0184583808295617 0.34444963985028 0.364532386585186
-0.00970600111566583 0.00894991694562644 0.339791149163405 0.00385649954913434
0.000479119471943942 0.00252694887130328 0.105913612401385 -0.198524098113102
-0.0076835596184801 -0.00432782694914995 -0.117722771893808 0.128252474802604
-0.0195371274662769 0.0124173331688714 -0.226449989513182 -0.0669955657836778
-0.0157779174139182 -0.00237145685787712 -0.164358642993917 -0.402997791786868
0.00825027322107211 -0.025466950446492 0.363162664469506 -0.518466384584145
-0.00234477348572469 -0.0172137246578891 0.777252254171323 0.0996860831001549
-0.00985979232392752 0.00788974158732156 0.371934583064271 0.70287151160779
-0.020398338821258 0.00613418850371972 -0.149384264089959 0.517528413396521
-0.0255862667815995 -0.00161584248444142 0.0550402007118875 0.0260459226950353
-0.0147578956271593 0.000566784392076657 0.0995131906376783 -0.494230575199704
-0.00993559133003748 0.0162845140336399 -0.58760002936959 -0.597161008403354
0.000608960186550933 -0.00926474235161463 -0.822752547537093 0.211637364407325
0.00475251937553483 0.00492797883356422 -0.104317819563339 0.684377155486903
-0.00520017324632924 0.0226966396163663 0.358843398908144 0.357322194885843
-0.0082894635754257 0.0107991625903051 0.339491439769799 0.000109755836568302
0.00496560027895354 7.23570448328929E-05 0.103432176838313 -0.199713063515501
-0.00339812746104429 -0.00454586672481015 -0.118210543577904 0.126469447595191
-0.0166651978360393 0.0143406428116791 -0.228243580804214 -0.0656540490805652
-0.0126659851889581 0.000749718494995177 -0.160052983971109 -0.401863079450493
0.00779969046929885 -0.0244447947179366 0.367900951833693 -0.521031828153995
0.00103033480046085 -0.0166488341085043 0.776993398285316 0.0972809825381631
-0.00327874682322387 0.014938085172696 0.371662395434367 0.701475728856481
-0.021382454902642 0.0188813877904679 -0.151434928989711 0.51999677811155
-0.0309573799672828 0.0123925711854113 0.0514087906396684 0.0258583023634544
-0.0119682255533114 0.0120849343366281 0.0949362487805911 -0.491908781767979
-0.00246163033250396 0.0195195412777511 -0.590201963118177 -0.596022115298409
0.00237553696767558 -0.00970298088449536 -0.824834676716793 0.210899128559982
0.00489007293736134 0.00580340640842218 -0.103892977467553 0.682386051486081
-0.00173326256799169 0.0261848261304336 0.362549870293629 0.360064017184725
-0.00396237317440691 0.0114852512631855 0.339143365263091 0.00376293869640633
0.0109366264463283 -0.00170327103315675 0.103213467252588 -0.199918693085856
0.000778211454962479 -0.00307430984053088 -0.116948824716146 0.127109540347937
-0.0115619768363765 0.0162131689224851 -0.232267086221724 -0.0611785826190232
-0.0123571866381943 0.00343479597729428 -0.168321300363555 -0.395617345880694
0.00574464315118577 -0.0225238736879223 0.35057129484677 -0.535309073790799
0.00238645571369991 -0.0149767133102655 0.776849123054829 0.063735256522836
0.00306038268413386 0.0213861175843725 0.392004030739108 0.686221123214704
-0.0206844702097291 0.0305866163103998 -0.143735917103976 0.524798315436823
-0.0340367654471475 0.0236465308607117 0.047538848803177 0.0330025223463871
-0.00969947245178584 0.0239052274852569 0.102095861140065 -0.487146214100947
0.00523675704749878 0.0238610058231266 -0.574502519706524 -0.611097917667197
0.00450331750532989 -0.00851787311835794 -0.837357519103989 0.183369825289616
0.00336671299986887 0.00805652459612058 -0.126303241315038 0.678717879452234
0.000849846441143887 0.0288389046495646 0.355910123672151 0.369139347057856
0.000506096153485604 0.0122801312518693 0.338377325852112 0.0126999684345464
0.0166588045632672 -0.0012873038401142 0.104018771229825 -0.199920083631674
-0.0153157702599994 0.00268178299803057 -0.0999734952203666 0.142756721247414
-0.00731163550496824 0.00880777701356935 -0.240248308729475 -0.0303860153990889
-0.0255820566266683 -0.00775345074806135 -0.283440190482427 -0.337003174880385
-0.00794477356621056 -0.0113557929797433 0.136565636998569 -0.585005318020762
-0.0152074001194702 -0.0058086958457501 0.71417894636789 -0.173208556741263
-0.0132393895218694 -0.00352173495158579 0.560917118265985 0.519451400069242
-0.0117403383865549 -0.015850095011342 -0.0236990060146368 0.54757987079807
-0.00102233066398907 -0.0348567943616904 0.041686179721321 0.0833305258341895
-0.000247548530102341 -0.0316935359401589 0.210041674775592 -0.416077503006356
-0.0181383100946786 0.00493420888739264 -0.357938174042681 -0.755204064806871
-0.00507047580928141 0.00460203042669055 -0.882721821849172 -0.100205806916027
-0.0102250842443827 0.0148072692069585 -0.373496456857852 0.609674351726668
-0.0177083650653755 0.00774562384919533 0.225584133601727 0.437622471431889
-0.000113304514385175 0.00415741101315486 0.333074123918385 0.0610749716393226
-0.000995521405167796 0.0110291882311909 0.128258145372077 -0.18914247042422
-0.0170920255065677 0.00170710989336047 -0.10351675919953 0.139719505160217
-0.012824263410579 0.00965162291707839 -0.237852271210734 -0.0412001660844566
-0.0255973039287615 -0.00930585652482885 -0.25965668416512 -0.356132271127135
-0.00492953631226408 -0.0169105482581193 0.190902914605814 -0.57345131978085
-0.0152422027696831 -0.00956864697262714 0.737500687395408 -0.109039191777283
-0.0170707937567202 -0.00520104496717819 0.523225927102334 0.568285910372182
-0.0145709767351834 -0.0198907936855522 -0.0550286073243832 0.541203295759046
-0.0026185047944223 -0.0369364325018332 0.0486161005001701 0.0683874307666958
-0.0048837689516529 -0.0335553978074911 0.188959237772513 -0.437716985332185
-0.0213633151810192 0.00342909231963941 -0.415804593563653 -0.723625514539211
-0.00353332856759701 0.00199959103583429 -0.876613753874828 -0.020926840243903
-0.00525358273604099 0.012335443172622 -0.312545736366555 0.636663509557469
-0.0172548659320671 0.00860250993019687 0.25780050591391 0.419615273787193
-0.00506510669380937 0.00375084866203794 0.335479745430771 0.0443869220936772
-0.00310519946733393 0.00868597053605301 0.123280716526669 -0.191706246451512
-0.0170348947217189 -0.000487922688075683 -0.106950728369899 0.135614063636011
-0.017827249162845 0.00955500519285876 -0.232895652692377 -0.051491987782816
-0.0243739919155661 -0.00866510894670926 -0.230279284472359 -0.372534940946071
-0.000567946777689565 -0.0205755291310356 0.249390349308742 -0.55507808002898
-0.0134739862003961 -0.0127611145265708 0.753222228345212 -0.0351315856614722
-0.0186598141552397 -0.00524261559652806 0.472306596155259 0.618238962520364
-0.0154959727004952 -0.0191523112225578 -0.0853606707964564 0.532301941556537
-0.00701562955984589 -0.0337812007481245 0.0532881610656853 0.0536991213590637
-0.00986740965402298 -0.0299186661935513 0.162373891934829 -0.458002248819466
-0.0219035985886311 0.00576630064626634 -0.476091409102647 -0.682020623351275
-0.00143074090720191 -0.00111991377751276 -0.86289529356453 0.0655378925072571
-0.000177724990181188 0.00881132745574946 -0.241619394394365 0.66061440058533
-0.0150304403683991 0.0109155449766795 0.291942291003452 0.399943513306046
-0.00749225036584317 0.0047964227441365 0.337401509066923 0.0273664690228571
-0.00432278046294461 0.00652214426037098 0.11597559615213 -0.192540101429796
-0.0161603171826953 -0.00227550008058414 -0.111536382646641 0.132311518534288
-0.0203844722500911 0.00989107252935922 -0.22854519706686 -0.0605208798568439
-0.0213523539694037 -0.00794605402616559 -0.200410465508347 -0.388644627006387
0.00369257077971408 -0.0234849454899967 0.300489911113872 -0.536272870727949
-0.0096165801719439 -0.0154830782777513 0.765414307209547 0.0294603557455489
-0.017253074132288 -0.00332279135345331 0.426324870059736 0.656037264163464
-0.0170262387632732 -0.0142799214656887 -0.115273126773719 0.523967401281143
-0.0127601521096744 -0.0255387812706042 0.0555424815373107 0.0393955818889911
-0.0141336468727687 -0.0220254951341309 0.134611050698542 -0.47463746779689
-0.020077789050949 0.00897817824240472 -0.523056414067617 -0.642237713966431
-0.000502344630271939 -0.00457213597785106 -0.844739188118602 0.13373121648471
0.00239218702481645 0.00597753422880086 -0.179591833140523 0.672726034155875
-0.0119949534068538 0.0145864804153785 0.319011870801298 0.378640188510112
-0.00989761637785897 0.00643431347291962 0.337680459016698 0.0136298811864077
-0.00270444335598582 0.00367452422933902 0.110744916166428 -0.195421821747154
-0.0123825348360704 -0.00368716829748937 -0.115280988702179 0.127781682309568
-0.0210099151434025 0.0105344853607404 -0.22582831687737 -0.0649196729592971
-0.0179941715128398 -0.00588009437463661 -0.177478523240815 -0.398118142148867
0.00709452459403276 -0.0251643521730173 0.337636843819181 -0.521546699520464
-0.00630170989633804 -0.0170553459207327 0.768936880858551 0.076961536626876
-0.0135774563035959 0.00107333967479495 0.387206887160963 0.683994487705591
-0.0191046379461629 -0.00591358805151517 -0.136586200608198 0.515668564839028
-0.0193801096575715 -0.015177576185565 0.0563285801381461 0.0311593961359003
-0.0152362569129379 -0.0119337796013274 0.115169817586858 -0.484292220635836
-0.0153497214071579 0.0122357512567647 -0.559735261570365 -0.611274798085429
-0.000276383874515578 -0.00632894532777158 -0.827050438424644 0.185296662385771
0.00464657429190318 0.00464805085629909 -0.13272084034709 0.677716122871192
-0.00838347930874452 0.0188877021614483 0.341596382893241 0.363306068144764
-0.00953813683813905 0.00892174362647159 0.337413743459534 0.00479721401406404
0.00100621764752495 0.00125282469225363 0.10632447795436 -0.196741209365957
-0.00763524557493935 -0.00396880482971665 -0.117792628957894 0.126028209290896
-0.0192390330593405 0.0125311651156858 -0.224594403451368 -0.0678495447040942
-0.0146030692606256 -0.00206123627234781 -0.162588069618232 -0.401317646367098
0.00923241975488324 -0.0254692188471038 0.361884706524208 -0.512642113777316
-0.00244517094696544 -0.0171005770952804 0.770911326930184 0.102786117453116
-0.00908143591873419 0.00809068185800297 0.364239099203903 0.697765737793232
-0.0213474419814816 0.00557487137273161 -0.151258144828065 0.511820330901048
-0.0250687798665655 -0.00188141407902324 0.0547476099295965 0.0257152483046774
-0.0143158881726162 0.000372526599687553 0.101712140812832 -0.489026414565356
-0.0100427764510508 0.0155435331651589 -0.579635200219271 -0.593201597941259
0.000843804250661851 -0.00810002843842104 -0.816643182018044 0.207752300398682
0.00431601571561976 0.00442887255803188 -0.107199048758256 0.680343087552721
-0.00522855013348573 0.0226865234085617 0.35476791748194 0.355487585592062
-0.00705258184311578 0.0103247337148877 0.337585239847196 0.0011603134473792
0.00496224404131338 0.000603168015852449 0.103940125344411 -0.197991283718355
-0.00350014268886159 -0.00373777551610436 -0.118244230222916 0.125052028319676
-0.0162148984104907 0.0135507962796976 -0.225470899591046 -0.0662295502299053
-0.0136301147570829 0.00076963471733434 -0.157701774722383 -0.399525237416221
0.00805030750388438 -0.024493832164878 0.366049092640452 -0.51439063612233
0.00150627826355372 -0.0165758552649427 0.768907893757476 0.0996202674646567
-0.00346903383175983 0.0153192250247039 0.363263558033824 0.698303005490493
-0.021023923589938 0.0188816090376825 -0.153006173075594 0.513526148781644
-0.0302681627590267 0.0118871286878855 0.0506592451981182 0.0261967680323535
-0.0132381262074569 0.0124780709477683 0.0986487048433095 -0.486108544410161
-0.00240688549302911 0.0196530113539668 -0.581817299597298 -0.594190776511568
0.00217004761688387 -0.00908968866125645 -0.820770958040437 0.206509244584328
0.00470269803612103 0.00558613775109946 -0.105334958673507 0.675684079037382
-0.0012011278513666 0.0259052833335747 0.357570495278695 0.357598261133035
-0.00470668834517148 0.0117260873464675 0.336373840649765 0.00410328935922631
0.0105890497281729 -0.00189578156938666 0.103664423655791 -0.197838711463056
0.000749848983050593 -0.00297069077443896 -0.117731343199794 0.125426314451193
-0.0113967472635936 0.0151721783866321 -0.229269778995424 -0.0611610980914951
-0.0117068665285586 0.00420431907809499 -0.166309985061189 -0.394063900535964
0.00550729371717659 -0.0223243754808193 0.348940878512993 -0.529636139433306
0.00234341726707212 -0.015612738282548 0.771735401147324 0.0681649409117009
0.00399845512393277 0.0219335258424986 0.384738808196618 0.682842674814293
-0.0208982092052367 0.0305086110260838 -0.143440861210608 0.518705506273934
-0.0337862345072041 0.0231379197737351 0.0453136938682028 0.0322083975869626
-0.00921357772764343 0.0230119850754416 0.10462038557519 -0.482106732296836
0.00519225830056412 0.0244249415408315 -0.56793805255351 -0.609214175899419
0.00419999751370105 -0.0084347177775394 -0.832615435940271 0.180174314475591
0.00390390843554537 0.00800259502628895 -0.127903888679851 0.672313314990778
0.00106975869793123 0.0282716996868709 0.352268884116062 0.36737430885238
0.000175579042139905 0.0120703833870052 0.336579858943087 0.0120259460106517
0.0159758911348367 -0.00188880370093255 0.104563907117685 -0.198234899416829
-0.0152116856334294 0.00278862939822166 -0.101087066329444 0.141460522312265
-0.00666449552669428 0.00856497042241627 -0.23892475770961 -0.0316154324814598
-0.0261569155641432 -0.0067409434542913 -0.28184380899981 -0.337236477827271
-0.00861647206210969 -0.0118199686071886 0.138930362061066 -0.581679817538649
-0.0159237567975892 -0.00498729389826831 0.713433197482677 -0.167366522575024
-0.0120319166789171 -0.0032254704813446 0.553624572634668 0.517800974401569
-0.0118355680338472 -0.0160146828403391 -0.0343345557827155 0.542388774639567
-0.000831212028035927 -0.0346937437160691 0.0408195208279558 0.0831768495206524
-6.51359799493361E-05 -0.0307082728695659 0.212679898579376 -0.411950768272284
-0.017995439182233 0.00364840201624454 -0.352836210786499 -0.751516980370046
-0.00500903084058125 0.00425072046661801 -0.875422805353128 -0.103500772198525
-0.0105391411406871 0.0146006560834509 -0.373229017087396 0.605118602827426
-0.0170098844123699 0.00763613791037105 0.22136867975861 0.436451073278584
-6.88246913756602E-05 0.00464590852076171 0.332589335128135 0.0617443672430694
-0.00125592015284428 0.0108009993710242 0.130055895074445 -0.188505975051097
-0.0175999930804482 0.00191845962063413 -0.103293477297817 0.138468737527767
-0.0121823248237341 0.00913333030741104 -0.235674516407018 -0.0423871936993023
-0.0250856702809173 -0.00858103611698008 -0.257455742612655 -0.354982951719449
-0.00454309622673765 -0.0163168652894188 0.190728379855321 -0.571038184122576
-0.0153057041248802 -0.00868706953149732 0.734998280328737 -0.102484994824713
-0.0167544931607759 -0.00562863834018185 0.516716486252575 0.569541508327432
-0.0141679314503764 -0.0191963156234966 -0.0581629689842276 0.537326932727485
-0.00254241570249312 -0.0367843365783546 0.0468191505774164 0.0681111032708431
-0.00446305431248405 -0.034081674641207 0.190920152656812 -0.432176332899108
-0.0213173283449675 0.00359927441924173 -0.408738450416384 -0.719395123981246
-0.00427545279562895 0.00178134051371819 -0.872342795104324 -0.0266594358958726
-0.00538143003236529 0.0118399673115768 -0.314140376142905 0.631832475888916
-0.0162317207877577 0.00815614039267184 0.255754592646503 0.421297478126467
-0.00429980136173753 0.0042002941047434 0.334732063172555 0.0444699111093008
-0.00136514620650408 0.00523685468843195 0.123654991621591 -0.189338850008562
-0.0182964922536089 -0.000199946881590852 -0.108020663152238 0.135219755780304
-0.0176632226275491 0.00878057641127212 -0.231592995210365 -0.0529741090944345
-0.0238924068785212 -0.00925069879639122 -0.227168306663735 -0.373620029233482
-0.00135841575505233 -0.0207198454516869 0.249803637107878 -0.551644488424055
-0.0129227046885072 -0.0127983401039418 0.752554093336635 -0.0301909226701409
-0.0172527948875849 -0.00515872748615129 0.46683138033565 0.617261685148112
-0.0159841300540189 -0.0190472098200905 -0.0894913935762628 0.528755737923268
-0.0065700284367982 -0.0337406426312312 0.0521396754363719 0.0535360557468893
-0.00843846208768409 -0.0275853119541047 0.164347275907209 -0.453696971524806
-0.0197341786864844 0.00339123294373394 -0.469443829791317 -0.680437962352046
-0.00147024755894057 -0.000882737241869744 -0.857065066468782 0.0607832346109901
-0.000801854458148857 0.00900679175214082 -0.244574472453773 0.655237340537979
-0.0142847505210079 0.0104243934715609 0.287978236631711 0.396636368295211
-0.00804713428829522 0.00452693821803502 0.335944779403815 0.0277753064458156
-0.00399885672522852 0.00641511926158348 0.117526465002033 -0.191365784275008
-0.0159113214250062 -0.00159473699932047 -0.112181276556732 0.130329715847404
-0.0203276906006266 0.009446391066046 -0.226552445822851 -0.0615319977468656
-0.0211701678470778 -0.00791600626537946 -0.199089710655257 -0.388355707422221
0.00337657363796573 -0.023263407933129 0.301574930665492 -0.533267575127232
-0.00986679358018811 -0.0158355531715601 0.762554781140906 0.0330089349080975
-0.017089855161 -0.00305379775324722 0.420549734114115 0.654941309955809
-0.0170680618459886 -0.0148120305786042 -0.118782827470027 0.518912177151683
-0.0125485467622057 -0.0258068850478878 0.0552155034930143 0.0399155377895431
-0.0129463938703976 -0.0223494332401736 0.139171268740746 -0.468676457908863
-0.0195451063102874 0.00893842505724662 -0.519511257059091 -0.641048608558016
-0.000541178575524565 -0.00473886860564339 -0.841783593430344 0.130705913449444
0.00145494353381093 0.00633357690204213 -0.183323020424246 0.66966575329393
-0.0115338040062543 0.0145230414723211 0.317615684414063 0.377386542283754
-0.00936428977887304 0.00684881771124811 0.336340233597612 0.0143037607727877
-0.0027796569763873 0.00398844295894842 0.111772541723283 -0.194456939253057
-0.0125263229972293 -0.00307923054736671 -0.11512547583388 0.127875965309041
-0.0209863734821935 0.0100507974115491 -0.22515923505703 -0.0666123480111511
-0.0180103059580293 -0.00573151518821891 -0.176153656630011 -0.396600891986442
0.0074959023624303 -0.0254266907303061 0.338491075342385 -0.516849889992511
-0.00576446196610662 -0.0172393395237161 0.763863969075047 0.0812997549128962
-0.0132929865973023 0.00148368200337232 0.380042198518094 0.681897939026557
-0.018766537659289 -0.0056094663465798 -0.140714751467436 0.511324833148578
-0.0184204226480149 -0.0144913823104275 0.0555086819743619 0.0305738025974908
-0.015527155853915 -0.0113973667452274 0.117825956759405 -0.479629150751969
-0.0156194149410771 0.0119152050130256 -0.552832691516349 -0.610909288064599
-0.000142538772000784 -0.00698527212255862 -0.824735105446425 0.180660534522764
0.00430819553436035 0.00431737167982123 -0.136377789785093 0.67353091345422
-0.00809747633476119 0.0185720960673047 0.338658529505223 0.36232754971046
-0.00997014918332396 0.00841756770357529 0.33580955455919 0.00413451307274725
0.000787208814587352 0.00163330267405556 0.10655342684808 -0.19609484550846
-0.00806228947823929 -0.00351645020459233 -0.118095908902525 0.123682651936709
-0.0191577105935904 0.0114401777163555 -0.223229433554873 -0.0688544927449729
-0.0147460023070518 -0.00147954216586073 -0.160769570913748 -0.39984293559
0.00836350941138347 -0.0258442463170761 0.361939600641646 -0.507464858810439
-0.00155292155066601 -0.017237130338485 0.767441876792015 0.106791482949969
-0.00863260570730241 0.00804971073681021 0.359730193961724 0.694819507230529
-0.0207972846958474 0.00612377491375064 -0.15270104571694 0.507584150247865
-0.0249152102914724 -0.00125227245738367 0.0537062817981908 0.0252573025796359
-0.0145783291414221 -7.06047883555034E-05 0.104283119685217 -0.485662180202458
-0.00946617309342589 0.0154247489780608 -0.572532302066651 -0.591782688890761
0.000507149116972302 -0.00856115243763213 -0.81430811159497 0.203851932529699
0.0051244217462474 0.00453815545596515 -0.108571232638151 0.67630736874
-0.00425347766212604 0.0227911177422186 0.353081451717648 0.353453159993209
-0.00737530600551962 0.00967470861687182 0.335467222693734 0.0011624244286468
0.00511241512029962 -0.000373016287284824 0.105088694052679 -0.197240580074564
-0.00326875331635452 -0.00304925353542282 -0.11925115853205 0.124145525992178
-0.0159900179935275 0.0139016032893774 -0.224829059094565 -0.067656599665314
-0.0131956480495466 0.00165363714404585 -0.156554977848473 -0.398712602882252
0.00796011766272118 -0.0241123952352925 0.366744568611793 -0.511668518069128
0.00176830111675807 -0.0169660454289063 0.765891316086573 0.102905988912083
-0.00211185028516975 0.0152160343014167 0.358578493729546 0.695772176007497
-0.021576284402215 0.0181563669993943 -0.156389588418632 0.51010472932705
-0.0301934318397193 0.0116272907406519 0.050699303627825 0.0263563774896732
-0.0123990504411528 0.0125425303845936 0.100523651656254 -0.483994976971347
-0.00273100538665987 0.020077327545372 -0.574991798389817 -0.591822997758529
0.00190601649568639 -0.00884334014826719 -0.817411769502399 0.201926009052647
0.00407430159050943 0.00570014453297079 -0.107726024134293 0.67334871165468
-0.000985226130303854 0.0257147404281773 0.355005708921788 0.357142114892167
-0.00359221563441639 0.0109330247369103 0.335365032387752 0.00477610799777882
0.0104469977031444 -0.00194080620601236 0.104575662122586 -0.196662281970328
0.000327509244242649 -0.00249725394709555 -0.118393223346899 0.124672000661542
-0.011195950890621 0.0156274463151094 -0.228684634111739 -0.0624254102801058
-0.0116835388009718 0.00408905572193251 -0.165903064978463 -0.393000102551004
0.00557763186017244 -0.0216974884432844 0.349727755759911 -0.524539426475421
0.00181453475698216 -0.0151687647763395 0.767429643123708 0.0711734138092989
0.00421389216665386 0.0221944486653887 0.379237588810922 0.681619610389169
-0.021292133294826 0.0299549968258752 -0.146091037103509 0.515573720269999
-0.0341230243275502 0.0229044868305404 0.0440459384479127 0.0328816896006591
-0.00959803406091305 0.0228802956482625 0.109258534726685 -0.478579456707893
0.004888508295574 0.0242489277577498 -0.561185454681494 -0.60698916385125
0.00410783951925855 -0.00771457559967795 -0.828973240828939 0.176862049189662
0.00432025066396698 0.00794475078068104 -0.128226126687013 0.667729553440534
0.00119892306814583 0.0286703628395526 0.348956038418461 0.367847351774681
0.000536512616901012 0.0116173845184052 0.334394549853858 0.012849374443662
0.0161024752055333 -0.00168883939874923 0.105146060899298 -0.196452767489977
-0.0159587242132759 0.00117695104435725 -0.11854324111008 0.126856936430047
-0.00741187405457415 0.00686677671565258 -0.234403465599595 -0.0648737878767655
-0.0220012399810219 -0.00986093991421597 -0.234730547945704 -0.374085150036061
-0.00446180134908513 -0.0118824642788515 0.211078016449102 -0.553816152616046
-0.011447986936636 -0.00442272580480234 0.725874318529145 -0.0725006320361139
-0.011497382457602 -0.00909403836912165 0.476514786134835 0.596750877883986
-0.00661881443126526 -0.0159581296301589 -0.100340703833709 0.537769229958739
0.0047380087417813 -0.034036528161431 0.0270537949231538 0.0872196593533426
0.0035934367434755 -0.0355643650758087 0.273675142322753 -0.374949099035327
-0.0242498644427341 -0.000906629463429851 -0.232457252806148 -0.793798646020022
-0.0136655484887196 0.0115305419555837 -0.852289573057815 -0.240158087846992
-0.0046226639102424 0.0202334326657678 -0.464901375781927 0.544199848430272
-0.00795733318648217 0.0051495801798404 0.152733169082818 0.466550680189019
0.00239245420451043 0.000472221913530718 0.318792715461097 0.112075541483324
-0.00510126768681511 0.00707351277547101 0.160632141301706 -0.16814628934139
-0.0174796010851194 -0.00064446349208927 -0.122072568324758 0.123008651383088
-0.0129343875560296 0.00686262332544224 -0.229398477817322 -0.0750497694194256
-0.021869705112583 -0.0103401048707495 -0.209584970463262 -0.390390659330044
-0.00119338356027264 -0.0151418775036109 0.260636123208846 -0.53483815945631
-0.0111587187592293 -0.00772306849949353 0.738780110703444 -0.00472732117298873
-0.0149972094991016 -0.0123343383179816 0.434087519224699 0.637358070825031
-0.00808686403109028 -0.0206163436908225 -0.128925289758853 0.527425004895832
0.00398796786849354 -0.0370245909303593 0.0359406886227137 0.0744087807750524
-0.00116754878833436 -0.0382321193056368 0.255236059695068 -0.399002912228849
-0.0276875819724067 -0.00120676610866772 -0.293496678878403 -0.772750591938582
-0.0104827446948254 0.00995326385337039 -0.861573656602137 -0.159805320060991
0.00105125747586337 0.0176618872185595 -0.411661425976917 0.581520889465521
-0.00759032253650629 0.00572626544516376 0.186072960091172 0.453104624440546
-0.00252250920547275 -0.00041158797031811 0.32438837038761 0.0961212138389631
-0.00643325790207284 0.00459909955366495 0.155753833277783 -0.170556270427565
-0.0175215017738913 -0.00303487131888625 -0.124789466097669 0.117889698916032
-0.0179083952255602 0.00627325484482184 -0.22355013596985 -0.0859187793262565
-0.0204267810154027 -0.0108573348702557 -0.177443229362004 -0.404329060190503
0.00401875321413183 -0.0184688884734749 0.3155787270985 -0.510456274672173
-0.00883509310195476 -0.0103455401829618 0.745749329843304 0.0703042397266271
-0.0158550729608845 -0.0123612833288939 0.37677149256669 0.680378509712432
-0.009795654558017 -0.0196175935573653 -0.157936681930833 0.514869836658224
-0.00130849966389397 -0.0337617931076542 0.0436479872262194 0.060387236436895
-0.00673110032728402 -0.035806382900853 0.231846429514116 -0.424700040301747
-0.0295595787584864 0.00152870231783153 -0.359909201928462 -0.742694953150026
-0.00795872935536793 0.00738824700293009 -0.860653632906353 -0.0724602888255008
0.00634755478477602 0.0148174324976237 -0.346213825824684 0.613676931606935
-0.00561680466639597 0.00754717675099456 0.222742424475077 0.438784820638056
-0.00647985162857526 -0.000338484154986149 0.328963181201623 0.0799622899597584
-0.00686131712415421 0.00284430689584048 0.149204174575684 -0.174028807035263
-0.0149418245664104 -0.00447740543520906 -0.128396298387701 0.11482839912347
-0.0205557349363433 0.00649993455036326 -0.218099066024209 -0.0946920049593512
-0.0179442671993526 -0.00908100220276696 -0.145415758796749 -0.414805099734068
0.0085007309527266 -0.0207489394484512 0.363318742285774 -0.482388178347565
-0.00548990245562939 -0.0127103877623236 0.747125549578138 0.134270355386758
-0.0147041565863047 -0.0101286173740937 0.324861984367245 0.711667832355224
-0.0121434380236965 -0.0145251509393521 -0.186296669842127 0.500255195999541
-0.00764287164777711 -0.0270569414875032 0.0478896550143681 0.0470689017622452
-0.0122741923897047 -0.028578184626958 0.208236155856475 -0.444185624790732
-0.0272014741845652 0.00544896697980002 -0.413528609158697 -0.71238324118071
-0.00511455708022798 0.00543519023593908 -0.853490078875912 -0.000874503682289397
0.0102342171289009 0.0107279337930187 -0.285849719464428 0.638231186764104
-0.00370698636475053 0.0107117884538163 0.255665353761038 0.423126779969154
-0.00858272629877168 0.00101135542704068 0.332250660929358 0.0659682488132139
-0.00586999967481272 0.00126450791497268 0.144107899544225 -0.17668359555041
-0.0111593692949798 -0.00460525464947685 -0.13103884343939 0.110585895848296
-0.0210443141952341 0.0071402546026587 -0.214110998365692 -0.098618929720341
-0.015512917449215 -0.00551807875932521 -0.121530893978441 -0.42001817000894
0.0119366507338615 -0.021133532032414 0.39717259061032 -0.462911498434875
-0.00173673569969525 -0.0137675537658284 0.744305638712204 0.182635019876273
-0.0117041726623384 -0.00426991099711528 0.282399430284509 0.732040464836426
-0.0155758226481867 -0.00618019389460106 -0.206479646000605 0.491198533373855
-0.0157666168701076 -0.0171038546598123 0.0499276716688743 0.0384001202788578
-0.015090965888656 -0.0186267575259206 0.190703714282107 -0.457290814760509
-0.0244189674908749 0.009508638558286 -0.454738451299756 -0.686037802544641
-0.00357233620638387 0.00269623428547827 -0.845110596107424 0.0515615110368512
0.0129022226346284 0.00907916998935268 -0.240403712194453 0.650344487717648
-0.000737116266641714 0.014928170421948 0.279475247146773 0.409880957166222
-0.00862914003877932 0.0026561398342164 0.333105776275134 0.0571552866614726
-0.0017013951329642 -0.00087730130797243 0.140069420102675 -0.178524522493416
-0.00722124925335493 -0.00565125148869679 -0.1338910482722 0.108221245485605
-0.0197304119697362 0.00861176300393526 -0.213208889505999 -0.101819480262452
-0.013318936033574 -0.00224053614862125 -0.106295339174921 -0.421295488386856
0.0132724208979439 -0.020594156922838 0.419384932880015 -0.451340666128837
0.00236513481282773 -0.0128050995167514 0.740689347989318 0.207759685660504
-0.00773564015320063 0.00174080023674534 0.257666722346187 0.743572208772834
-0.0191230957487357 0.00533327205038281 -0.219649974381106 0.484894391587692
-0.0238763295971827 -0.00539345893359006 0.0491061208926788 0.0339755052608589
-0.0173054323536413 -0.00707273646928571 0.179462778083185 -0.462741712930398
-0.0187904846790778 0.0143214033075206 -0.474699881875034 -0.670456642153235
-0.00154048036404727 0.00141739229827303 -0.838880826832382 0.0758485503740472
0.0135813142440241 0.00875118613501097 -0.214326158051758 0.655999717579521
0.0024205083652073 0.019367983063486 0.294139699518884 0.406553298620006
-0.00759097780581759 0.00449169482969076 0.333759965330723 0.0533131294377086
0.00355142571201487 -0.00211982107447718 0.136762914223175 -0.180881664750886
-0.00343367107263161 -0.00377170380072807 -0.134578486420326 0.108027674182398
-0.0168331517674091 0.010537026687685 -0.216182945432139 -0.099110285118361
-0.0111362136069792 0.000402116343656439 -0.101969173106253 -0.41842048326699
0.0125321679812847 -0.01988850190554 0.424012589864009 -0.45450432633539
0.00537970704744547 -0.0117687039239986 0.741864806479567 0.204065001834536
-0.00338129345895617 0.0107842445114521 0.257963302785339 0.742250995475717
-0.0225112119013824 0.0164835320065732 -0.222679807183554 0.485520189528195
-0.0311454838637137 0.00675283359188421 0.0457286851722182 0.0339815722820609
-0.0174901239968989 0.00561628998187846 0.173920780079686 -0.462742946522239
-0.0118056496258497 0.0195025602309479 -0.47727337669796 -0.672420459156906
-0.000823644678811547 0.0014201845927644 -0.840445988555902 0.0743670564484064
0.013025147715088 0.00994224530542629 -0.211599314677573 0.652907416259344
0.00478500409669409 0.0223647637031217 0.297466406055438 0.40871833300174
-0.00490357027306166 0.00613831516686605 0.332891368693387 0.0564179736125228
0.00881307432815968 -0.0019929070797507 0.137128630846842 -0.180192065234047
0.000730643035005297 -0.00277222710788096 -0.134723407041284 0.108280185926799
-0.0126417155180028 0.0128034612899092 -0.220399351059235 -0.0951243870247044
-0.0106794133156549 0.00400134459358725 -0.112469610830394 -0.414683288173889
0.00982198571445331 -0.0181583732890909 0.409218008989727 -0.470752066047117
0.00686056736408124 -0.0104011617906294 0.747881329415959 0.173912267060998
0.00196176624505167 0.0177908451566949 0.279287182293487 0.730987286825843
-0.0237674367973454 0.0286890325599492 -0.213562054746349 0.493073958577508
-0.0364061347551205 0.0179250357966995 0.0386334336852038 0.0385228659759921
-0.0160521952600111 0.0152999702736091 0.179101626460827 -0.45771644711228
-0.00556945521037013 0.023974927780346 -0.463366074401946 -0.686453790979529
0.00108926726974112 0.0025960168322693 -0.847892794654713 0.043795057656044
0.0113636440949927 0.0124940697225111 -0.233147541142365 0.644942080251368
0.00695927755900784 0.0255360305926696 0.288308346766422 0.417744726260628
0.000386666316190505 0.00756138097425524 0.330711086450593 0.0645911291174932
0.0139890266449433 -0.00141517400938373 0.13780123603186 -0.180629942855304
-0.0156510871868623 0.0010022625592172 -0.11952465944801 0.125496906859819
-0.00719833300242763 0.00665208554053898 -0.233648638184346 -0.0667088594745041
-0.0218767327310588 -0.00963708540633331 -0.232833915718184 -0.37525147384343
-0.00467502132705382 -0.0112984991628743 0.211707068375709 -0.552455416526131
-0.0117295938102121 -0.00512910669404382 0.725683112707517 -0.0659985023049617
-0.0110975777246246 -0.0091868592349083 0.47323293351548 0.599648267509291
-0.00575327094599795 -0.0156270892715108 -0.105511862584535 0.535049219715182
0.00541234840711796 -0.0339617772315205 0.0268512463801125 0.0872066841993274
0.00406593464553894 -0.0357496454118524 0.277062420934836 -0.372602980955867
-0.0241763291632504 -0.000311359707323931 -0.226621372606963 -0.79467075924591
-0.0135090913598239 0.0116732627609572 -0.851107135620293 -0.243892848108698
-0.0044259347437895 0.0200784528854348 -0.468895461712763 0.542347904825183
-0.00770052868803661 0.00525238415218569 0.149525274311323 0.467484221643273
0.00275763377155783 0.000675772012430548 0.319074809123788 0.112933418550182
-0.00492195076843324 0.00694767916971556 0.161853103639758 -0.166775107477323
-0.0175661548629406 -0.000807252841606553 -0.12169008180871 0.121527237558403
-0.0133086792826837 0.00633655007130794 -0.228961925796728 -0.0766725917387581
-0.021562928042836 -0.0106836702472079 -0.207527929149133 -0.391372964294858
-0.00057454688214289 -0.0150264040029752 0.263057134476741 -0.533326469954426
-0.0108609877283123 -0.0078002902958901 0.739136946559167 -0.000839932602215683
-0.014311421474576 -0.0113824332142886 0.429021608455055 0.640333361121267
-0.00843745400216636 -0.0196071814175644 -0.131481969948604 0.525715597707155
0.00404913835740098 -0.0371573563333248 0.0360355072877964 0.0745832060922487
-0.000383309108575657 -0.0391314143023389 0.258993342222005 -0.396620780536276
-0.0278170744186909 -0.00111218410213459 -0.2880147049675 -0.773978056601082
-0.0109028683680628 0.00948541522755141 -0.860972182270589 -0.165328665770997
0.00157326953076305 0.0169790262892707 -0.413086344780814 0.579360609722123
-0.00666178128593326 0.00586151776813671 0.183359851833454 0.454361775915754
-0.00216714693867843 -0.00123129987331816 0.323737623011011 0.0972049411470468
-0.00617619204643437 0.0052310027327239 0.156944759975551 -0.168971515647481
-0.0172862145611444 -0.00275987891543903 -0.125985515189766 0.117570680053223
-0.0175530916679337 0.00562588826894218 -0.22313534331682 -0.087374623529624
-0.0202799452561288 -0.0103254299212315 -0.175969534779671 -0.403499270835418
0.00380472948327065 -0.0182794237750378 0.318327826579715 -0.508896034882539
-0.00882708578631605 -0.0108604792739118 0.746048155482329 0.0743155906075175
-0.0153499755944577 -0.0119272184633465 0.372916772177672 0.680043628804452
-0.00964582381065856 -0.019874260392029 -0.161837346767243 0.510284048842603
-0.000471205680327269 -0.034140993023288 0.0434142557238475 0.0598178124716086
-0.00598265327787776 -0.0361598825522518 0.235114216169553 -0.423109634941811
-0.0286066995932218 0.00129738558923321 -0.354869700702968 -0.742855299956161
-0.00859745219425096 0.00799404464402112 -0.85872106806174 -0.0789670005035041
0.00666443405250883 0.0141586331594947 -0.349704268327224 0.611420448758999
-0.00556395709745689 0.00737118476507656 0.221513637250009 0.438659885690926
-0.00600505042588009 -0.000716730311554141 0.328629157459266 0.0813659099012503
-0.00695691007720913 0.00278321620500647 0.150226842304363 -0.172267054739393
-0.0151918764530291 -0.00408649898521708 -0.129957238658378 0.113474066127869
-0.0199934045997577 0.00583124310885264 -0.21819702074779 -0.095171963607659
-0.0175410925639028 -0.00933782144483027 -0.145150082033633 -0.414986216503109
0.00807073159498651 -0.0206013463560495 0.365352775937256 -0.481859572438287
-0.00503388860532633 -0.0129175878168823 0.745629530150632 0.138719488340891
-0.0143659671633381 -0.00938889718428024 0.321144160059731 0.71300133283578
-0.0123102009728091 -0.0147134861922225 -0.190160350858009 0.498009052736229
-0.00671004486466961 -0.0268835007243188 0.047423641093563 0.0475980552728643
-0.0118634627374638 -0.028655442955039 0.212614067212609 -0.44149877769807
-0.0272376259621664 0.00540188388264331 -0.410949950981528 -0.711282946505478
-0.00521533757879277 0.00514128779636675 -0.854364563898676 -0.00573354589395681
0.0103845863907998 0.0114994415019333 -0.289181578156926 0.635936993975294
-0.00351948057063889 0.0103808916122009 0.253335898691786 0.424767320936449
-0.00861658738575381 0.000749292388089597 0.331916873173092 0.0669413618121844
-0.00476793234822725 0.000389008119546458 0.1451716228957 -0.175883331657397
-0.0117251555819873 -0.00486066045185086 -0.132598787667363 0.110147567255748
-0.0203396119465107 0.00647274496130642 -0.214368373718788 -0.100162244540136
-0.0148942067463065 -0.00555953320722763 -0.120516964720357 -0.418807412608979
0.011858606125437 -0.0213216735417607 0.399765609010144 -0.461389993659796
-0.00156677928534761 -0.0134856220994067 0.74269459248424 0.186065420420831
-0.0118279469843542 -0.0047530672502867 0.277370360596152 0.733587574056771
-0.0149329132848203 -0.00622708235380967 -0.210025560827567 0.487427274224894
-0.0155855440774202 -0.0175423992537449 0.0499986174737896 0.0384658782024875
-0.015578794569366 -0.0188889820312475 0.194655749414689 -0.455367712404064
-0.0241706003395837 0.00922013458368288 -0.448595777833742 -0.685194859959064
-0.00368526870394491 0.00242168591300241 -0.847484360525451 0.0442436993141444
0.0129093626929666 0.00952425382490583 -0.243833257931177 0.64592519976304
-0.000447351208893502 0.0148472507852454 0.277441004876412 0.411824603079208
-0.00799848282863726 0.00292817131180074 0.333494470055044 0.0578016674584164
-0.00184620584122773 -0.00135273724108393 0.14082170499793 -0.178067678467985
-0.0077242286878093 -0.00458094103724558 -0.135056073346701 0.107033153790296
-0.0198934593836125 0.00883254097854369 -0.213201155622248 -0.102350441464497
-0.0123588098225123 -0.00200873769963799 -0.103642215067467 -0.421695351213123
0.0129954367889086 -0.0209637495558931 0.422953454774497 -0.448741270787682
0.00251954406376449 -0.0134562105666384 0.740180641724237 0.210727196138132
-0.00723970690309894 0.00322928969978278 0.253369714965555 0.742484174179172
-0.0190622162865127 0.0041806646955297 -0.22216158812225 0.483812615300556
-0.0239197489810492 -0.00540246498317415 0.0482950840663245 0.0339898660722585
-0.0175649829002372 -0.00668251456303134 0.183255586487292 -0.462401267909752
-0.0178824205092903 0.0150201724171037 -0.469981365956921 -0.67166498782815
-0.00156576251266221 0.00194065456745172 -0.840211075763689 0.0727379345561823
0.0135831731850726 0.00900438528834297 -0.217239666324406 0.652357621526561
0.00228039763355952 0.0192276982734481 0.292385969380764 0.407523129827284
-0.00748503646473665 0.00453669371347576 0.333061700831209 0.0550434086579058
0.00332150939788785 -0.00216393741468606 0.138410796501372 -0.179697891325789
-0.00280517132425653 -0.00407989022064124 -0.135851945440658 0.10637913836953
-0.0167068677966774 0.0106416047376564 -0.214751164895334 -0.101462774954102
-0.0106107143837466 0.00163491926606507 -0.10190819106183 -0.418722716194665
0.012545626786855 -0.019720341138323 0.426832252439216 -0.451607014172156
0.00552025859188537 -0.0118161045068565 0.742031877375096 0.208608010410071
-0.00298975865430952 0.0108842335731062 0.252552438448533 0.742387334840192
-0.0225214478735595 0.0168604423104703 -0.225875078308958 0.482600474136028
-0.0307758398794725 0.00644378994474104 0.0439345897004832 0.032941712112362
-0.01727715204315 0.00510524546048638 0.17869110666959 -0.460454377819746
-0.012160235984237 0.01926440653968 -0.472581439813294 -0.673254922717081
-0.00111952165323731 0.00131926191429077 -0.842656708168679 0.0697243642288232
0.0133788050070125 0.0109935885725276 -0.215487136117954 0.652139817270311
0.00575493218512097 0.0223230191121004 0.294725518519895 0.409453878225632
-0.00429336618728338 0.00661610131426013 0.331995882760897 0.0576439826742315
0.00925892953201623 -0.0026476852547325 0.138061579205317 -0.179297706264527
0.000271070898263704 -0.00202209052219842 -0.135066603418773 0.106923076497274
-0.0123210059415562 0.0125874779670896 -0.22012058708304 -0.0968271366128591
-0.0110375176946428 0.0039708146223192 -0.111185845190422 -0.414668234559262
0.00973932790296132 -0.0182779829797088 0.41062877928263 -0.468279869306233
0.00720978603208238 -0.010432818946937 0.745701639018128 0.179095869533687
0.0025463781278694 0.018749945134258 0.27456985855299 0.730559575377608
-0.0242634470935729 0.0281840142604499 -0.217409420210653 0.491024917906982
-0.0363136927755469 0.0174644634951669 0.0386382663602336 0.0387859548392767
-0.0159910209100697 0.0153761400274135 0.183781816179496 -0.455051388090465
-0.00545589291734691 0.0238109356666837 -0.456832781758815 -0.687698703238576
0.00122037006092521 0.00301551049451759 -0.848127322351103 0.041248182794287
0.0117493666604775 0.0126052961803296 -0.236264736061355 0.642381902863467
0.00744032224563114 0.0257658189960697 0.287169266000165 0.418786176135409
0.000839496154205801 0.00791923243991552 0.330568600623109 0.0661043489865826
0.0137747306558181 -0.00190595190505219 0.139736736617483 -0.178504362710018
-0.0161544694794311 0.000920877894175966 -0.121125285780393 0.125218264669349
-0.00694239420788309 0.00651595598489549 -0.235455743418189 -0.0679848820904368
-0.0215881560922778 -0.00947506628862105 -0.232399410896115 -0.378687948672779
-0.00426845371760673 -0.0114752324549484 0.215851434902528 -0.553433731548204
-0.0114368924699111 -0.0049837748401147 0.728659682673088 -0.0623827700933103
-0.0108631098459237 -0.00909982124090603 0.470130989932671 0.603649871058226
-0.0059077661700334 -0.0154530109021324 -0.108158173711492 0.535713053350522
0.00567564950974743 -0.0347946579696501 0.0254278547142094 0.0871358781074703
0.00391411784014291 -0.0362792037965857 0.280662539686063 -0.370646299207995
-0.0235240655813995 -0.00138043368218155 -0.224217748544752 -0.796051498127766
-0.0139392736759035 0.0114356480262771 -0.852213549389083 -0.247391951934682
-0.00449568123713259 0.0205479045247364 -0.472183255910489 0.540371756362223
-0.00729068298835574 0.00557850071286778 0.147796775441651 0.467907952430392
0.00156760147065365 0.00025236371490215 0.319332037991032 0.114104326415971
-0.0041263224354472 0.00671757429563709 0.164043866066895 -0.165564796729705
-0.0184854534263944 -0.000876165231598711 -0.124177992233089 0.12167658764132
-0.0127482389471155 0.00646855890380231 -0.228853747665851 -0.0787812176514229
-0.0218646821295347 -0.0102718821726203 -0.207386361580897 -0.394302500706206
-0.00126877181647848 -0.0156393890304736 0.2640580583417 -0.536272148884061
-0.0106046278893245 -0.0075497570353619 0.73897534888599 0.00430098520799568
-0.0140434979092648 -0.0112751594154779 0.425245775294317 0.642989098893345
-0.00767128299099771 -0.0204216824783927 -0.135571103833317 0.525031012992051
0.0043322878745781 -0.0370827732799174 0.0339811248438634 0.0748011655300859
-0.000343600261233744 -0.0391036431962393 0.261928073214675 -0.395473027067911
-0.0271457709293547 -0.00129038380058955 -0.283662060466742 -0.775748914836175
-0.0116009602136591 0.00937144226979292 -0.860309352433438 -0.168347457824453
0.000851698614048095 0.0175116705318293 -0.416971520960773 0.577133628036393
-0.00641733918301103 0.00575908775021944 0.182202920105299 0.456830028812551
-0.00248843417279681 -0.000423391756632592 0.324721978052673 0.097800231658019
-0.00638516535535131 0.00426218368728538 0.15811393458368 -0.169043577656494
-0.0175170419205086 -0.00296606485318109 -0.127068050279679 0.117059611630711
-0.0173462406169856 0.00578263285348711 -0.224081278965498 -0.0894457822698887
-0.020107817200234 -0.0100867942674208 -0.174626887938401 -0.40773049730267
0.00351461797477379 -0.0183437796575924 0.320786903963577 -0.507851803686684
-0.00856639847932048 -0.0106573210173975 0.746381725286044 0.0774740793233533
-0.0148277706887745 -0.0116496780602025 0.367407854653372 0.684971367126826
-0.00948402871080353 -0.0194436301472133 -0.166060896206102 0.510383296027208
-0.000607614269483293 -0.0334731600264743 0.0420457626300976 0.0592661953679399
-0.00711604424647607 -0.0363873475495559 0.238566060556638 -0.421480789065428
-0.0285019619137482 0.0012093754930815 -0.351554862577351 -0.745036776039178
-0.00753878258848759 0.00730311020926078 -0.860686381676702 -0.080195184712884
0.00643246020402944 0.0142847202775347 -0.352878147699754 0.610430689648653
-0.00521473710101016 0.00741053778603364 0.218732588655708 0.442224545881712
-0.00642742495368338 -0.000617946090047283 0.32967396978597 0.0819772843238446
-0.00649148278610832 0.00277971291449562 0.152216447576859 -0.17234982222925
-0.0157164927109748 -0.00381761024829358 -0.130563821333232 0.111836497331351
-0.0197828875165183 0.00593154834524077 -0.217918105558714 -0.0969936724492026
-0.0177439184924993 -0.00852116686550027 -0.144212355243092 -0.417404912842836
0.00900139759586895 -0.0208256846812358 0.368947469505147 -0.481495813258804
-0.0050125029992269 -0.0131795632303537 0.746178709100216 0.144343304476935
-0.0137924591199504 -0.00933487526521517 0.31700019469726 0.71539170972107
-0.0124017310154955 -0.01490025552065 -0.19410715305625 0.496944203044271
-0.00741211927653121 -0.0270828925136856 0.0475158983790761 0.0477375939913937
-0.0112650580951151 -0.0289951118939578 0.215688604343267 -0.440323412702406
-0.0268412167939944 0.00512518771818559 -0.405424098191462 -0.71670580381177
-0.00541687870341516 0.00515713697203888 -0.854707284211855 -0.00975306360838894
0.0104690452100216 0.0112878296409581 -0.293072063393713 0.634082159444455
-0.00277339182624007 0.0108828197183572 0.251165720802095 0.425578336873688
-0.00797223361166241 0.000574646123778442 0.332465829058682 0.0677192490750849
-0.0049424285022913 -0.000482961093980275 0.14652436769975 -0.175247008046387
-0.01170348950101 -0.00427819372138653 -0.134112877881816 0.109322573359289
-0.0208864628232589 0.00680069536838823 -0.21500147723729 -0.101863644891622
-0.0150890827636143 -0.00603196101318733 -0.119030441698044 -0.421612228655717
0.0116203322036129 -0.021113498708588 0.402993409155171 -0.46137099406203
-0.00107023514573928 -0.0136790071515248 0.743131437249275 0.190830338355025
-0.0104411619124952 -0.00436887624766835 0.273421190534557 0.735184232451915
-0.0155348152072296 -0.00645860813177749 -0.213459500678363 0.486991823652677
-0.0148826316957889 -0.017617182171756 0.0491785827354849 0.0390080495619748
-0.0154952860836675 -0.0192266376177174 0.199023473578079 -0.453090183698717
-0.0240593226126268 0.0101804718620005 -0.446328588530934 -0.690451268422247
-0.00402904788322155 0.00352669848146839 -0.847589823251811 0.0429367960753281
0.0122365668645768 0.00941760467743174 -0.248067734119678 0.647213637823822
-0.000272097024883285 0.0153581152592246 0.275145593028683 0.414603913529235
-0.00844412831711981 0.00281909142052888 0.333752785456931 0.0596319251227558
-0.00130648862634287 -0.0017570086762164 0.14213693966332 -0.177360591727223
-0.0077238119937338 -0.00362175321576346 -0.136559018862719 0.107066317833328
-0.01927601438196 0.00847928012638799 -0.213327083752192 -0.104331257067745
-0.0122090251983733 -0.00173350638977146 -0.104141747195907 -0.422783980269133
0.0138170784191764 -0.0210512511853694 0.42538862665329 -0.449326143751159
0.00247236984762154 -0.0129990244509538 0.74194864845391 0.216706674921467
-0.00675701263324707 0.0027064903923092 0.247523792544082 0.747170893574041
-0.0192926206560398 0.00440542816727068 -0.226151352754379 0.48168720952084
-0.0236745885208813 -0.00577892859362926 0.0477613103689376 0.033987323584705
-0.0176533275343184 -0.0072255309767726 0.18631259923884 -0.46194530083675
-0.0186200316021004 0.0143161602879239 -0.466294621275428 -0.675957135141891
-0.00175584525518192 0.00143764546478071 -0.841232799679721 0.0673142259878893
0.0138660831134994 0.0102411020101593 -0.220285815036453 0.653360793770051
0.00263301941202492 0.0195337993259717 0.290336311910404 0.409240513773803
-0.00696547632647673 0.00398198321649609 0.333546824027654 0.0554247121786317
0.00322751518163956 -0.00251313545375119 0.140079745612205 -0.178513333211777
-0.00295457057885196 -0.0030970779910076 -0.138177566248897 0.105334869356421
-0.017002872663655 0.0108825902421599 -0.214339132236679 -0.103489717317742
-0.0111470271957598 0.00205883311484933 -0.0994793813926748 -0.420404742344175
0.0130383868893322 -0.0196706665010199 0.427800367075938 -0.451189957969382
0.00566379984698575 -0.0117917572799401 0.741111178910056 0.213214958135076
-0.00208662448269513 0.0113962299610913 0.248439372609195 0.744984121511009
-0.0225027187644109 0.0167966080196277 -0.228303439271015 0.481943704788599
-0.0302327380264193 0.00572525009644535 0.0439625811418545 0.0336772702282982
-0.0174853185844199 0.00430029169460074 0.181991895757648 -0.459816678488533
-0.0115784008897648 0.0190719827914428 -0.469995228840737 -0.675862634952117
-0.00104648248054001 0.00140640546355881 -0.844034945340638 0.0647748856201538
0.0134224177687542 0.0105464684508613 -0.219187273570701 0.651152588209881
0.00494138171495753 0.023188707228517 0.292149007297248 0.411785796298008
-0.00470084944414582 0.00624838164142177 0.33282072132157 0.058531371459253
0.0085008938249013 -0.00285860808987324 0.140483386049072 -0.179926635149294
0.000808982728834104 -0.00186172827977781 -0.137468427455522 0.106689079281012
-0.0126144391366058 0.0120466117248205 -0.219011975102662 -0.0987637381606987
-0.0100238527664351 0.00456706996596148 -0.11003257677861 -0.416300528147304
0.0098459495966917 -0.0190455062379728 0.412709729024683 -0.466982180650243
0.00684237789229514 -0.0102021114578354 0.746773217930729 0.181495874445696
0.00366226371596313 0.017809260838187 0.270731755652466 0.734212633581495
-0.0238227407773356 0.0286589137776722 -0.22060530039781 0.489061846788245
-0.0366683128486475 0.0171020716651815 0.0381683052292813 0.0386121525790941
-0.0158535301189431 0.0161314580105198 0.188591042268805 -0.454917482550889
-0.00587078512597537 0.0242506547181004 -0.452678023525805 -0.6897112701671
0.000591293330276547 0.00414578858246316 -0.850217914344424 0.0378582492795191
0.0119431752769806 0.0128996942141775 -0.238966345298042 0.644104349480715
0.0079385169117809 0.0254951039263619 0.285787102332277 0.418981651972716
0.000314925041219816 0.00796964414741296 0.3304341484272 0.0667567149250958
0.0141311642296909 -0.0019846041087894 0.140728598411643 -0.178269172074863
-0.0166918392723762 0.00155371769109709 -0.122928826207307 0.123967943211217
-0.00698976913456696 0.00591930966319207 -0.235338484642341 -0.0701440406287573
-0.0219195422113701 -0.00889696572363985 -0.232689440837684 -0.382336705803597
-0.0054172889982618 -0.0120170303144118 0.219187157712081 -0.554895127813589
-0.0109318038593694 -0.004884608095938 0.730656659783451 -0.0584896323776914
-0.0102932158044992 -0.00873156678454382 0.469164005210603 0.607394279765052
-0.00550265753157811 -0.0158945440356511 -0.11237990724026 0.535883176465742
0.00525217647122873 -0.0346628072730411 0.0245611754833243 0.0875611687340669
0.00502391764298902 -0.0360584010768253 0.282946193964798 -0.369958455508546
-0.0238949402548504 -0.000422373613560182 -0.218110555230797 -0.799789036807059
-0.014535518708299 0.0115918755875093 -0.853053480268516 -0.252981743995335
-0.0045712862311054 0.0206074500227537 -0.478185810461927 0.539656692187623
-0.00655969915809775 0.00555351087625133 0.1456180675993 0.470906622013676
0.00238114713130638 0.00085536742389726 0.320147722030765 0.115605376920221
-0.00482436785375494 0.00671592560219404 0.165651392029541 -0.16628838164045
-0.0184955850017859 -0.000128724517863542 -0.125602894994549 0.120825411757382
-0.0121510233690064 0.00632493933292462 -0.230039121710663 -0.0817437946354674
-0.0211503020417611 -0.0105883815984276 -0.20577248386054 -0.395678493403509
-0.00119449486770243 -0.0152623344104404 0.268807193784806 -0.535631186393703
-0.0108421580149363 -0.00782247625226333 0.743337659953285 0.00693270783368556
-0.0136664762693621 -0.0110684369055996 0.423774830403952 0.648659494613448
-0.00722678654752174 -0.0200501538637075 -0.139628934567696 0.524415099472302
0.004828582210385 -0.0373207413049531 0.0344517390208481 0.0744641449972802
0.000836198314725689 -0.0393948341060214 0.265171029203218 -0.39487588154657
-0.0273639633522209 -0.00127908917789342 -0.280458019096329 -0.779601246935476
-0.010870278724655 0.00903890437901939 -0.863170050270028 -0.17258471970796
0.00191356810744142 0.0176209240808236 -0.418529652125172 0.578179334375115
-0.00637736095729386 0.00552013753283433 0.180937062145942 0.459320240970952
-0.00235430544046106 -0.00083239083169947 0.325521450289362 0.100378512361165
-0.00628070846442796 0.00368581424143957 0.159537336618584 -0.16883335109618
-0.018759267153919 -0.00180478849854326 -0.129115390839141 0.116546435707396
-0.016996757976819 0.00556448831133358 -0.223771137662848 -0.0914119124491501
-0.0201843922753138 -0.0103935196399037 -0.175484389761085 -0.408694700651261
0.00366985141985469 -0.0191383403461906 0.3242082910715 -0.508406528088632
-0.00863211929121521 -0.0105213701410672 0.749641184173652 0.0816877924075616
-0.0148505344048939 -0.0112232601281156 0.367149099906504 0.689078530069379
-0.0087708644483245 -0.019745713241216 -0.170383891298357 0.510342464343882
0.000688117273543236 -0.0340240535520557 0.042001007525069 0.0595307284876418
-0.00615800311876951 -0.0367528718096364 0.243669086989675 -0.419938201544804
-0.0283842347894248 0.00153600882835034 -0.347709904690181 -0.747869188181787
-0.00836571805439908 0.00789070383046205 -0.864265350136285 -0.0869355447128222
0.00708581944646866 0.0146219552731344 -0.35533371820242 0.612104599876266
-0.00476083497180984 0.00744697074110404 0.217777943477253 0.443206300190703
-0.00622687654717465 -0.0012048977900791 0.330651982384607 0.0830549084243742
-0.00671321430708961 0.00199359127025581 0.153322165345948 -0.172156341484944
-0.0158980817148679 -0.0036280801271552 -0.132797595318484 0.112214565669899
-0.0201864399807623 0.00557153931334274 -0.218446493987418 -0.0992201727732058
-0.0177816934748422 -0.00826771389196529 -0.14302292536436 -0.419184119233821
0.00788513685846765 -0.0203088634122192 0.372347865541336 -0.4814051355576
-0.00492065053319056 -0.0128028479328352 0.748857845153047 0.146604959697905
-0.0133716807761762 -0.00906752942629559 0.313036875155617 0.719493660633489
-0.0120271363123668 -0.0148969612154447 -0.198941503316346 0.496475943347878
-0.00695282716149733 -0.0273253710765443 0.0456707389989597 0.0482873349286662
-0.011691427987961 -0.0303203670720943 0.220587081439263 -0.439801391778495
-0.0271633418098272 0.00472016040730303 -0.403621439275735 -0.719293669644372
-0.00540785532750239 0.00566721759207122 -0.860965134500434 -0.0122772372545709
0.0113121417928876 0.0117225207930359 -0.297463134103583 0.63707056110605
-0.00287101733339361 0.0114921639747866 0.250871359907919 0.428023803733762
-0.00813504787021481 0.001203735833562 0.333823525635357 0.0695641762678048
-0.00541487096936996 -0.000252457660502999 0.148496949458264 -0.174650686298525
-0.0119417840902723 -0.00436971119055373 -0.135814841126493 0.10863027737741
-0.0204771655078954 0.00662750554087157 -0.214997196449976 -0.103939754098521
-0.0149668650373075 -0.00566265305806609 -0.118737982350735 -0.424639611159309
0.0114542564492418 -0.0216805524555855 0.405335545718036 -0.461312713927961
-0.000965704510398657 -0.0140087968331225 0.743999826098994 0.196258218819192
-0.0102753127914968 -0.00389577543562039 0.270634609829892 0.739683628542337
-0.0152508047476344 -0.00679745403459683 -0.217892148873802 0.486067944476228
-0.0149233579722252 -0.0176739174399551 0.0482379532392409 0.0391259977651363
-0.0160865256876356 -0.020191354851474 0.202306620092007 -0.453257711632717
-0.0236969735267753 0.00997063633675808 -0.444077243574875 -0.695407928523419
-0.00348460208123419 0.00330716239020184 -0.850298519112493 0.0380809738361809
0.0126006702357572 0.0103455002886844 -0.25163639027194 0.648444482520708
-0.000110922817929234 0.0150855128417124 0.275706588661128 0.416997588807994
-0.00796734222603789 0.00216500775040373 0.335297130012962 0.0599470618155794
-0.00160939533364912 -0.00177389494780784 0.144734444310827 -0.177919577183644
-0.00767035597235588 -0.00464882892096236 -0.138246872751263 0.104954746659925
-0.0193013486467325 0.00751251438437528 -0.213372656304231 -0.105986739618722
-0.0132078824627692 -0.00132546292024678 -0.102364410186487 -0.425252371423401
0.0132558573971299 -0.0207528417083762 0.427503029356055 -0.448389016618737
0.00275376019551069 -0.0136652489934015 0.742562027328064 0.220065481846669
-0.00684022600981497 0.00346769196505148 0.244780153970079 0.748996774067594
-0.0187118867480836 0.00416513261473803 -0.22883620109311 0.481145787016499
-0.0233632543232814 -0.00613209314650753 0.0478557147078676 0.0335961521075415
-0.0170639696206724 -0.00804798600602938 0.189409718469404 -0.46079105023656
-0.0182558386579951 0.0144002294228503 -0.465027454563528 -0.680249938462966
-0.00276304267484918 0.00160285807030491 -0.846789737485907 0.0644014142397827
0.0138797688915754 0.00922590300251251 -0.223950944445552 0.654106428118292
0.00331734330165014 0.0192133205786942 0.289985170149313 0.411164647993512
-0.00700030838987079 0.00431644226030152 0.334782600326111 0.0560231954997687
0.00314249498495913 -0.00327371456013957 0.142185079520558 -0.179174279041523
-0.00339345458554736 -0.00333373005645625 -0.138766215209912 0.104792244821203
-0.0161565621541399 0.010406827794895 -0.21627549467687 -0.104991743071522
-0.0106264400446664 0.00308952052815662 -0.0996092475530008 -0.423451841450222
0.0124778654743352 -0.0203003945428995 0.431882390992281 -0.44899726010176
0.00606586615140374 -0.0124210889912341 0.742731142942459 0.217044914906455
-0.00226793323690091 0.0109256595628168 0.24350214525364 0.749573072647352
-0.0223645280051841 0.0160219054848918 -0.231564027947324 0.48140651364355
-0.0307926295506239 0.00652700942064945 0.0445948365681436 0.0339879094815967
-0.0171894152157528 0.00379936591501683 0.185199181391941 -0.460714913492406
-0.0114569684936219 0.019538691556075 -0.467276018416066 -0.680467469420513
-0.0014733031430126 0.00223087787027777 -0.846186600869699 0.0620894648280326
0.0135805418451033 0.0108967479937159 -0.2224661662806 0.652841058089553
0.00580604836700272 0.0235606163809618 0.293135873213392 0.414560703717741
-0.00351497075533358 0.00606183238280151 0.333187949559542 0.0596420762024153
0.00847440592790136 -0.00380730703699586 0.14139763830715 -0.179134410160608
0.000660411008650134 -0.00133102552279728 -0.138678356699104 0.105859290649442
-0.0116425191181755 0.0125320416580857 -0.220470936749427 -0.100050330740117
-0.0105117220315565 0.00521967734675783 -0.110350324584273 -0.418290414361424
0.00929028827673572 -0.0183542808040845 0.417003266253011 -0.466616197417048
0.00701665769148786 -0.010360324774517 0.74878998258207 0.185269656425391
0.0033630828463187 0.0187639351437154 0.266927439925252 0.73788923890966
-0.0243098981483183 0.0282144271582109 -0.222920917823597 0.48865962853999
-0.0367404291871794 0.0165684049360679 0.0381430641890809 0.0389887980452451
-0.0160923176847714 0.0151305522488358 0.192942304316411 -0.454832219266546
-0.00622641297654475 0.0242601414289659 -0.451755042167509 -0.69452816437278
0.000729193679432855 0.00382961944713164 -0.853849891486148 0.0317892655831446
0.010979452062817 0.0133507503918145 -0.243640156293269 0.644104354312616
0.00774927831661178 0.0259382368273943 0.285608300780438 0.42391971551738
0.000682999797039513 0.00821884936549582 0.33169091628378 0.0678336225055197
0.0137549964943031 -0.00265125058274546 0.142771073376662 -0.178529338288635
-0.0171882564814833 0.00114821718026109 -0.124535541434672 0.12490853211983
-0.00684435049122813 0.00615143100044305 -0.237104411299222 -0.0721747777205315
-0.0215600241219369 -0.00896653434834385 -0.234639384250735 -0.384287381274755
-0.00510115819439896 -0.0120037402343222 0.219852712513289 -0.557965990003983
-0.0112286502728963 -0.0051390319459127 0.735614249938613 -0.0544686988377814
-0.00965064791560059 -0.00915762017189322 0.467717879816519 0.612394263470304
-0.00552526530761909 -0.0159804283842548 -0.115370078664339 0.536749239019937
0.00657178823081917 -0.0346879799737616 0.0250330207562279 0.0872358418166189
0.0051941063814406 -0.0368463198221617 0.286266367693914 -0.370822671160975
-0.023510860412194 -0.000757791892910344 -0.215736482453453 -0.805258503197316
-0.0144360677502327 0.0120394429051184 -0.858389866835874 -0.255794232597364
-0.00452602344376968 0.0209366602179478 -0.481646942519301 0.540938020184071
-0.00657317405558291 0.0049713909779851 0.146532929136495 0.473908154949702
0.00225435656979885 0.000510308006406977 0.321734333679731 0.115851890965186
-0.00466518769802632 0.0057122711395162 0.16733107411139 -0.166338980421108
-0.0188047967889638 -0.000206811044381408 -0.127439796907836 0.120972745795156
-0.0128938598150378 0.00588172779978564 -0.231296085872365 -0.0823005816739851
-0.0209956645409706 -0.0098046418487918 -0.207932781806971 -0.399523072508573
-0.00113809390722694 -0.0160825215506085 0.270415480687263 -0.536438480749698
-0.0103872376773923 -0.00887922507954952 0.747385625762286 0.0101316814085335
-0.0131253724819773 -0.0117760378022785 0.423325784745846 0.653978431274996
-0.00701802729679636 -0.0204231634300118 -0.142566620045208 0.526378700792746
0.00523154461785143 -0.0367996445734053 0.0336064990411831 0.0747989050071725
0.000791674069468101 -0.0403065419926697 0.269634049698533 -0.395718262730216
-0.0272834396249845 -0.00100232960258192 -0.279699529329549 -0.78433070870102
-0.011491814748028 0.00987199554114802 -0.867844047107186 -0.175416724555004
0.00112124213003865 0.0181885977966181 -0.424780482694335 0.578391369254191
-0.00648848327846223 0.00508624781413817 0.181297522241235 0.461276089583956
-0.00205437561555234 -0.00118823270970468 0.326831989880075 0.100648919218169
-0.00581625290182916 0.0040441760937688 0.16197501955434 -0.169043238343961
-0.0181089925341987 -0.00211906249930046 -0.130693184150161 0.115962769965401
-0.0173103136023857 0.0055902028312 -0.225699401072537 -0.0928069319512288
-0.0196983157098061 -0.00961740951189114 -0.175192015429044 -0.411334212259415
0.00363045855106843 -0.0183389532043566 0.327140790959806 -0.509193213689785
-0.00820265325824588 -0.0109521338150179 0.752170454807861 0.0874279525890806
-0.0140887748079702 -0.0115487264863279 0.364403524367793 0.69355324295127
-0.00904302132738969 -0.0200616667255861 -0.173226765972248 0.511556506414959
0.000196360808276681 -0.0339222768793308 0.041534714069343 0.0610872834028986
-0.00555627888054621 -0.0373653202829222 0.245779275550335 -0.421177870200202
-0.0289251512818251 0.00162458285148897 -0.346079175305307 -0.751821962802178
-0.00752124672957317 0.00793677104849735 -0.86874583918829 -0.0877383518722392
0.00660269999671447 0.0148577472192446 -0.359427708215675 0.613389042950105
-0.0042542848870316 0.00758007509109579 0.217957006419158 0.446449082283076
-0.00554587423965784 -0.000677675364202041 0.332051184930059 0.0829115592885539
-0.00671339614986117 0.00139305732286426 0.155835959135608 -0.172298726301669
-0.0160378204165722 -0.00329296715058543 -0.13434835631473 0.111955786675181
-0.0197416899853197 0.0053065723380336 -0.219532362308021 -0.101079642391617
-0.0179631528643002 -0.00775454116779814 -0.143833653975185 -0.422211830297372
0.007615529847997 -0.0207917449961478 0.374511562820084 -0.482913195280092
-0.00531650662616253 -0.0136479693663631 0.753559500056115 0.149818056277949
-0.0130572555645477 -0.00952304073330302 0.312213724542974 0.725340202348682
-0.0117877653645374 -0.0153402141115666 -0.201681382284223 0.498262982056867
-0.00629156413048097 -0.0273576583751266 0.0467237139376022 0.0480181903932392
-0.0113540345373656 -0.0301193007056428 0.223561113640221 -0.440787595730708
-0.026830853037991 0.00541387926312512 -0.402800126162553 -0.724242098462815
-0.00555354516662876 0.0054733034631276 -0.864584864603505 -0.01545159324762
0.0101588125502345 0.0114926506945382 -0.301288561103351 0.638243961087095
-0.00220484988485065 0.0106924104302143 0.251098125169847 0.430405061701149
-0.00826729007627793 0.000742197043546706 0.336085889894692 0.0691230917508557
-0.00524407318758889 -0.000251512057360439 0.150078112151816 -0.174994560668306
-0.0127199673253849 -0.00366946665304022 -0.13737179917415 0.108585265485274
-0.020205874554664 0.00635458109139426 -0.216912775759622 -0.105921584140872
-0.0151379023287384 -0.00527966898957281 -0.119946308479961 -0.426011316716683
0.0116178242345106 -0.0210751180075524 0.409523452057665 -0.460704748275647
-0.000721606459428922 -0.0139169530403053 0.749140227485588 0.198635489551129
-0.00989585755172341 -0.00439185527115708 0.26818116582136 0.746678998346038
-0.0146395149345643 -0.00646951566228217 -0.220589019815877 0.488611716877148
-0.0151143840669534 -0.0176087808069142 0.0488903024582157 0.0387227005829586
-0.0153828295933525 -0.0200728698399453 0.207390762514262 -0.454437376276997
-0.0234821578050348 0.00942586364979164 -0.445154340193876 -0.700586233231821
-0.00338650113600958 0.00347319090017061 -0.856543212479696 0.0376072335775206
0.0131222715745282 0.0103186766593324 -0.25449800797861 0.651646874050293
0.000197170391285749 0.0155956027744995 0.2746087508483 0.419117480379998
-0.0088434196437172 0.00152295172308932 0.336422897326631 0.0617910103288778
-0.00155475152351886 -0.00303092046169698 0.14566159586617 -0.177970496141406
-0.00820804438056181 -0.00431244739472264 -0.140680054862099 0.105333443058724
-0.0197218374283732 0.00784703449248638 -0.214502936811695 -0.108041347880751
-0.0122676068254335 -0.0013280895142527 -0.103337965172379 -0.428929589869951
0.0131449471503648 -0.020635213773948 0.432033335868174 -0.449551378161894
0.00300835569712679 -0.0131830628574615 0.747962133225735 0.223513093799515
-0.00601252760847847 0.0030662967809364 0.242539485338414 0.754622090838833
-0.0188431056977869 0.00448546752095383 -0.233078251270906 0.481389337003324
-0.024257884739915 -0.00576697482638609 0.0475386194148919 0.0340326402079447
-0.0175407425614032 -0.00821079250877433 0.193715604376908 -0.460991927914752
-0.0183266085449312 0.0144325256927552 -0.464783605487057 -0.685541275808603
-0.00154104077655015 0.00281010730727529 -0.849456310595768 0.0637441293209143
0.0142972734497678 0.00966607797969179 -0.228679721035035 0.658883943332305
0.0023443857439458 0.0197260699273332 0.290687059175815 0.413921871041821
-0.0072621433492749 0.00466542036875556 0.337975411848115 0.0573916957996846
0.00337179994353779 -0.00252972354764756 0.144386058074235 -0.179605085722201
-0.0033419486674554 -0.00300450337287078 -0.141562092608295 0.104435700016956
-0.0162886751078311 0.00987547221010374 -0.217092081875972 -0.106696206899224
-0.0104072398636373 0.00234043319417579 -0.0998359368407316 -0.426145834903186
0.01220283020749 -0.0196550217485847 0.43534605300166 -0.451111116316955
0.00592362224484227 -0.0118784984765784 0.747458186283114 0.21991005687384
-0.00199091814006373 0.0109595265773897 0.244215820132214 0.752244369598948
-0.022556587673891 0.0159655735796648 -0.234992039623348 0.483774223261375
-0.0313877385453874 0.00631260576187851 0.0437419066390286 0.0342207181944617
-0.017706573378534 0.00392479673571031 0.190057700493996 -0.46086780441271
-0.0118473626849614 0.020055267473417 -0.466716582829863 -0.685951350332005
-0.00105486887504974 0.0028520352247342 -0.852537177518211 0.061401801775916
0.0136391832746409 0.010908434702289 -0.223636581800346 0.655719378060246
0.00636249492393402 0.0230410160171398 0.293923456025762 0.415956792871672
-0.00391541702865096 0.00642772547325866 0.336062050717457 0.0605049662767147
0.00896129793565677 -0.0037341843745075 0.143562995214793 -0.180118752368365
0.0009181404760354 -0.00156545897947034 -0.140751528409348 0.105489525043898
-0.0124163345442716 0.0122996897758565 -0.222043468478717 -0.101656560789054
-0.0100455876347832 0.0055324447211414 -0.109956806395394 -0.421729527028216
0.00918398620229124 -0.0185075654242303 0.420142572095484 -0.469644418565685
0.00741322539832266 -0.0106516207850729 0.752728210097026 0.189587564638108
0.00333455219069329 0.0191940071668609 0.266792176216387 0.74376680786997
-0.0244609515039031 0.0272842508961221 -0.226843640769319 0.491020981275594
-0.0361242941012875 0.0168343491629801 0.0376808631652126 0.0385309354461494
-0.0161508654313201 0.0148358352193624 0.194826579124336 -0.45511134845008
-0.00474424233437365 0.0245631256935845 -0.451309366685938 -0.69972412989086
0.000215353698556169 0.0043502623021979 -0.857353524007101 0.0291970741569834
0.0121363056910929 0.0132342797006948 -0.245710661172296 0.648406064629749
0.00841946976255126 0.0263916152194987 0.287884876587917 0.425863710973677
0.00126998554666262 0.00766224261017895 0.332979542509072 0.069611955421395
0.0137869830296988 -0.00292330941954914 0.144273760548616 -0.179034824573024
-0.0168472489810431 0.00258184519261164 -0.12610442673881 0.124750725373275
-0.006553163863035 0.0058946605105366 -0.240016178156089 -0.0733007512096222
-0.0214871806975785 -0.00839139031191512 -0.235245084862479 -0.386813552715517
-0.00525983864849522 -0.0120843089797929 0.222579107003449 -0.561177924370075
-0.0116746895647096 -0.00511652561406583 0.742289049215254 -0.0556345335963949
-0.010080461442784 -0.00876119633311523 0.470970543821048 0.618900886295438
-0.00511184554020464 -0.0160657026217505 -0.119157112836701 0.539798776284842
0.00590559924151344 -0.0348794664840718 0.0252654919851897 0.0884664736519433
0.0046150503563741 -0.0369387574837518 0.291116765846611 -0.372186800226296
-0.0238122000905577 -8.69308564672485E-05 -0.216654945621161 -0.809045439703345
-0.0145815732457428 0.0128447392572229 -0.863115275104869 -0.259396679728994
-0.00483493181321999 0.0214518071058337 -0.486089198747653 0.545124472643973
-0.00676674125946147 0.00540225071516625 0.145530495032838 0.477615292672112
0.00279619338641434 -7.57545534283283E-05 0.323570163906543 0.116841590837184
-0.00366356555206737 0.00513950676352314 0.169281910925905 -0.167501136169929
-0.0194926390094977 0.000247263345762926 -0.12895901484556 0.121196738676062
-0.0129090548351931 0.00594581067791325 -0.232898336714285 -0.0831363820952953
-0.0207935026573478 -0.00998081125314082 -0.209054796507775 -0.402529991706058
-0.000791112873671881 -0.0152570706568496 0.274645269583873 -0.542240551215574
-0.0104011751257989 -0.00798965446412169 0.753640855325507 0.0117519453978152
-0.0129545825141008 -0.0113024535656149 0.424861842985471 0.65973333299671
-0.00671002968042214 -0.0207667804631348 -0.146231463975926 0.529388421511258
0.00498774346349158 -0.037190396084005 0.0337267538776465 0.0758319680850226
0.000585568248401634 -0.0402997280869092 0.272292424528723 -0.396360253159727
-0.0266728626065958 -0.00105417364267519 -0.28031975873616 -0.790752793918612
-0.0120224485711585 0.0100642224588711 -0.87313781874471 -0.180080998846712
0.00126388327611323 0.0178649857693208 -0.430200061502116 0.584335358475787
-0.0055411507262026 0.00550484717643627 0.181227974266531 0.464195875347195
-0.0010572588932694 -0.000883611365034925 0.330572425049956 0.101142296175894
-0.00730193848764284 0.00368105587940788 0.164178222286003 -0.17006840546258
-0.018600770491568 -0.00181952342480763 -0.132576550113328 0.117038517004117
-0.0168832898703326 0.00501004357076394 -0.227707551326166 -0.0939742177400761
-0.0202662491521183 -0.00953924499323643 -0.177582479333096 -0.41656453103681
0.00281591927616378 -0.0188459749757179 0.328356499234914 -0.514917875361527
-0.0081257865264444 -0.0113714949651066 0.760458601381259 0.0877898208522732
-0.0134704678136895 -0.0114582802078263 0.365497766633604 0.700246769491283
-0.00831318781719414 -0.0200939767778541 -0.175894835333413 0.514333989977118
0.000905744408035365 -0.0346940370882726 0.0413991098522808 0.0611778139274817
-0.00575141198844362 -0.0378538663760916 0.249480871280813 -0.423954246043927
-0.0280621658483957 0.00151286089873748 -0.348316197683623 -0.758676277766973
-0.00786771075989299 0.0078440052775968 -0.87710017665192 -0.0909940407857712
0.00687293726551551 0.0152327542492972 -0.364141267868398 0.619477373314743
-0.00424825066905797 0.00752312699258482 0.220333056628998 0.450611984312115
-0.00506772505930432 -0.00111054633335206 0.33471064373724 0.0846439215556265
-0.00667376693642333 0.000484163546286693 0.157452621074348 -0.172524079916006
-0.0163443826421129 -0.00361860004826345 -0.13670787519356 0.112322827251234
-0.0195176868321241 0.00583707374337625 -0.221426961922055 -0.102362181393844
-0.0175053394371974 -0.00850674344758927 -0.146293510678422 -0.426118180435014
0.00810162749685415 -0.0208217753799625 0.378529959114542 -0.487038414825917
-0.00491490394479083 -0.013423960646129 0.761180716477906 0.153546209464528
-0.0123361357012174 -0.00874259892594421 0.313780884478372 0.730253630140989
-0.0112562511901535 -0.0159956035136832 -0.204489323531119 0.501478605495803
-0.00664670836130757 -0.0270499072636663 0.0466538316168266 0.0490219078371436
-0.0118053354185904 -0.0302519065338347 0.226728501024867 -0.443659243128364
-0.0269732501331707 0.00497747843414054 -0.403242148390525 -0.729970513420722
-0.00593967057508241 0.00602004829593688 -0.871396834887851 -0.0166057490873335
0.0107683322260335 0.0122397748130457 -0.303368235174822 0.643891015249441
-0.00211406314894733 0.0114809096698827 0.252173752189442 0.435133296453436
-0.00741672557236889 0.000485818420110248 0.33804333654709 0.0700375037176123
-0.00504350122989934 -0.00125787120440069 0.151502232978783 -0.176609636870121
-0.0127144316879643 -0.00432727572745365 -0.139288046729414 0.109041875912283
-0.0210011701447163 0.00559877584746631 -0.218097874884269 -0.10711819610962
-0.0145433839208207 -0.00518310430700819 -0.119759345492971 -0.429977105091495
0.0115555883654825 -0.0211839939791625 0.411370724660853 -0.465511827211357
-0.000435767276717521 -0.0140811832667253 0.755235293515674 0.201425842506128
-0.00977845477902608 -0.00384990935160155 0.270712534293328 0.750501220632615
-0.0152035083628634 -0.00725269707700026 -0.223894091356691 0.491088612341319
-0.0154893543232406 -0.0178489162022176 0.0489742949560023 0.039412500603348
-0.0151537944711825 -0.0201386179469371 0.21028494999602 -0.456900822280749
-0.0232779995635479 0.00978287159719386 -0.443761636834887 -0.705037748609405
-0.0036815713892988 0.00363272671893212 -0.863710330692058 0.0355899816631605
0.0134812978329059 0.010304382865211 -0.257815567875758 0.656641666282147
0.000243505070702294 0.01533035946583 0.277518767926264 0.422873441877008
-0.00810987399304739 0.00257721574361354 0.340212601522449 0.0618865318147806
-0.00174670696060923 -0.00232241072877499 0.147882762782895 -0.179188955418287
-0.00761344258350257 -0.00377351728644262 -0.142109026767941 0.105923517728984
-0.0192132632439857 0.00763500131613432 -0.217175990557701 -0.109573763052827
-0.0118123704942944 -0.000610484383855726 -0.104138920366005 -0.432456885341272
0.0128779811463622 -0.0207376205092064 0.435872146010619 -0.45155246551477
0.00312108088303973 -0.0136035893205924 0.751324944857356 0.228378359630175
-0.00566998288184424 0.00328020999497786 0.24501660440811 0.762868058021327
-0.0191582868072674 0.0037864289430912 -0.237439078492772 0.484017362200881
-0.0236235855035064 -0.00536983047703807 0.0479444255964145 0.0345550594074554
-0.0172306622315283 -0.00783222631453651 0.195209430989537 -0.465408757565929
-0.0183429490106291 0.0149347922251329 -0.466951376253729 -0.690409091721534
-0.00205490649451448 0.00269872662102231 -0.858028090183868 0.0620228412432781
0.0142251280619228 0.0100802360989089 -0.229974820202901 0.662132579322164
0.00409682928902524 0.0199215337740693 0.29321396921059 0.417287270489044
-0.00679144239355101 0.00456382126830347 0.340192552358906 0.0575282695834355
0.00318751125844392 -0.00400383619673959 0.145136006247855 -0.180924872814767
-0.00348336082213198 -0.00294478215421975 -0.143341665091535 0.10523739966656
-0.0168172434194001 0.0103377566943203 -0.218604655192968 -0.10844399180484
-0.011249405728998 0.00291669311016595 -0.101096241811319 -0.429099900807298
0.0122798094510915 -0.0200031792574361 0.439746538131338 -0.453883327358161
0.00628395028409884 -0.0126722044115562 0.753002772689528 0.224137585174877
-0.000325319366096119 0.0113543264087145 0.243715592738951 0.75947996004368
-0.0228377138199611 0.0163052282466093 -0.24016169806261 0.486607757651683
-0.0310300322732756 0.00656638876952887 0.0439510214078477 0.0340284000404956
-0.0171070338246214 0.00347916688892607 0.191736512847621 -0.464251154573549
-0.011169269896866 0.0193375573183664 -0.46947252460164 -0.691826909972061
-0.000612906333827335 0.0026630806033312 -0.8579648209502 0.0593025063208161
0.0142746031261294 0.0113896840837511 -0.227176240004258 0.660928161988237
0.00613976920811853 0.0238561242948134 0.29534548637104 0.42070641243354
-0.00384768774713276 0.00666979796376944 0.338506337353013 0.0611421383802961
0.00852148439840209 -0.00332605658305944 0.145030579120663 -0.180874140740424
-5.98062890867519E-07 -0.00179739448028075 -0.143805385603223 0.105831916097042
-0.0118967812482953 0.0122880093434692 -0.223585874207746 -0.103454739895689
-0.00937522227671855 0.00616390231157961 -0.110516355591465 -0.424548455729784
0.00886932765166989 -0.01804413310127 0.425224025759321 -0.470523212879251
0.00757255930755286 -0.0105905198749492 0.758742879548552 0.192310236543788
0.00402354660217879 0.0185347809762126 0.265356820018262 0.748953889965042
-0.0243735123629975 0.0276964160743396 -0.229796680967459 0.493758524413836
-0.0370370946502212 0.0172725413681359 0.0370791192995899 0.0388288140634488
-0.016667499351755 0.0144247059244789 0.197744053980527 -0.457361442585515
-0.00558062857166539 0.0248549225808567 -0.45313398334825 -0.705994883436115
0.00086108255499481 0.00427047646383793 -0.865545318853216 0.0302061085884949
0.0122214661166577 0.0140258187836718 -0.249314306725693 0.652121329822516
0.00807087336824237 0.0256620136060213 0.287638700618862 0.429115189416264
0.000797246155464297 0.00807805574684665 0.336892695900157 0.0706148867232455
0.0144121270411188 -0.00274464911754864 0.147126875909882 -0.180341261536441
-0.0176150933863028 0.00166636475388592 -0.128463429405809 0.125865797396577
-0.00631880584168655 0.00592417487594372 -0.241988668022445 -0.0730182659367977
-0.0217973871337409 -0.00831424827302464 -0.240423419561411 -0.390621110695997
-0.00545773758069348 -0.0124123211459475 0.222094993912072 -0.566825299713265
-0.0112904538560685 -0.00524862127978524 0.748830346268423 -0.0563807694547081
-0.00890445765427389 -0.00897394220641624 0.473509691029697 0.624811752407511
-0.00488894509513267 -0.0165992747671946 -0.119699903706027 0.544434098255023
0.00608352001814377 -0.03449583830249 0.0245088102408151 0.0888040364606762
0.00569756186964325 -0.0378586060386186 0.294687865443667 -0.37345714400571
-0.023482137819231 -0.000706577432252628 -0.217378998692576 -0.81518936697876
-0.0149376799245978 0.0134924563326998 -0.871491968073518 -0.260497564048463
-0.00445356892757843 0.0210192604742992 -0.489451083014484 0.550303838187291
-0.00639396717560343 0.00575335648614972 0.14789351056119 0.480511166675066
0.00362912590968138 0.000159431207613789 0.326741063065994 0.116910149531458
-0.00481477517180691 0.00503662395058809 0.171419621330391 -0.169223086634358
-0.0191147829794835 -0.000285904395691667 -0.131137883896976 0.121913930181576
-0.0128261738737725 0.00535694927398728 -0.23654552968501 -0.0852111874178299
-0.0209274730458472 -0.00940171332102908 -0.211760254088638 -0.406171882224084
-0.000874938565630182 -0.0159457435791607 0.274951269888924 -0.547280726656181
-0.0100684399208354 -0.00863433172736632 0.759898375152841 0.0116022527401232
-0.012681397825822 -0.0114569576005883 0.428438122408851 0.664799226690832
-0.00683845768237925 -0.020756165813752 -0.147897489654689 0.533292182729909
0.00526252324258458 -0.0370793155145699 0.0336593000854289 0.0756160500319662
0.00124067507395126 -0.0418394060974767 0.276698504299646 -0.400435419455903
-0.0266302916933663 -0.00113587814842996 -0.281361478808848 -0.794194941504451
-0.0113733248800666 0.0108197577171492 -0.880418126071041 -0.18018164414528
0.00134415543417655 0.0177387939583543 -0.432976604614336 0.589673784771117
-0.00557747662366591 0.00551604919564165 0.184030759844323 0.468644851881761
-0.00152959204386128 -0.00138634012625298 0.332343076592405 0.102252207560456
-0.00773750098571761 0.00434274064046218 0.166134905902756 -0.171612973766709
-0.0186360491649718 -0.00191842820317281 -0.135523828354207 0.117302265203631
-0.0171381901802458 0.00549115603584798 -0.230055708251679 -0.0956445100069422
-0.0199257557697985 -0.00867452140700417 -0.178866721270528 -0.419067196066483
0.00278105472764627 -0.0192807590948061 0.331359234802252 -0.519510160482114
-0.00853586531495086 -0.0115661496158334 0.766092738052299 0.0895448124890281
-0.0137000817507536 -0.0120680260807335 0.369435644854682 0.705931470880623
-0.0084433060719804 -0.0199452136115209 -0.177677806931995 0.520370104182663
0.000453533038187742 -0.0341586908785191 0.0411570496079949 0.0614656781064351
-0.00568008383943391 -0.038273685966463 0.251404118913145 -0.424652860054702
-0.0280800393476045 0.00153566126710384 -0.350167088695579 -0.766322168090661
-0.00905497337603269 0.0081766260442315 -0.88280100186611 -0.0899291420725177
0.00772827271312421 0.0150166379608804 -0.366588880449527 0.624082697815051
-0.00392175944895588 0.00756196177155357 0.222873609473298 0.452527025476207
-0.0053988970557348 -0.00103903883053425 0.338286186257752 0.0844207225636151
-0.00716613039748453 0.000650435218962707 0.159702108070443 -0.17507302610848
-0.0171387325784227 -0.00289317140699938 -0.138717043305145 0.112971253172796
-0.0199369135186592 0.00524262345437693 -0.223867652940293 -0.103170809417741
-0.0174484998954934 -0.00764240094625645 -0.14640876231667 -0.429514672057781
0.00730996822155289 -0.0210172428038006 0.380266518899215 -0.491353755801141
-0.00493301029497858 -0.0137385033741331 0.76525937698205 0.154728126890847
-0.0117867113131593 -0.00941395633468472 0.314639662284763 0.7364723679392
-0.0116805999986079 -0.0155686457132139 -0.205676916775886 0.505655750863225
-0.00660792696957582 -0.0279597702508147 0.046818028133007 0.0488718816433976
-0.0111027305611307 -0.0309346790298008 0.230648288035778 -0.447158549829593
-0.0270339330055918 0.00642697240537476 -0.407014508870971 -0.734574479194748
-0.0063674775025177 0.00597239552517722 -0.878902342873879 -0.0153914731766039
0.0107775618106811 0.0120314160258874 -0.30565262359107 0.649713149885065
-0.00215123883562124 0.0113837458868997 0.255382712187697 0.436533602780975
-0.00777176170973691 0.000645452956338909 0.341041648750219 0.0701301413873915
-0.00534524951163739 -0.00186880519207898 0.153671885848893 -0.178388174279753
-0.0129552154457518 -0.00400524438013417 -0.141669659600819 0.109947255429269
-0.0208836324789975 0.00539176403917336 -0.220091307618067 -0.108803513043967
-0.0147592193052709 -0.00420792653160679 -0.122140325589925 -0.433239814132169
0.0111741726934611 -0.0212369347340101 0.415007398313793 -0.469164250285703
-0.00115123025566306 -0.0142690499403107 0.760349337385427 0.203514984677605
-0.0093623623839624 -0.00384831009376298 0.272014387619184 0.75796739192711
-0.0153483746865948 -0.00739610782641402 -0.227332344255863 0.493407755159174
-0.0153125311854074 -0.0176411385598871 0.0488447752588224 0.0399241853020534
-0.015550300598008 -0.0205984962688777 0.211475283115572 -0.458963263064957
-0.0229072323485473 0.00991790698333625 -0.448814825898778 -0.70906932168847
-0.00432609641360195 0.00362503274918754 -0.872074888952652 0.0374650856689959
0.01354301954501 0.0105024913101211 -0.259967382644543 0.662267424777469
0.000840351666520774 0.0165376522104941 0.281523340494855 0.426231240302178
-0.00814606613673018 0.00198307529377551 0.342824104871596 0.0623890467780502
-0.0020795245509163 -0.00289592935029284 0.149464296270929 -0.180854344359252
-0.00780930790096995 -0.00375268509181226 -0.144080431167502 0.10599338177532
-0.0200179452452137 0.0077034164994256 -0.219326540820184 -0.110948664748947
-0.0119758701868964 -0.000526970468808251 -0.106062685036527 -0.434850589503221
0.0132691264638715 -0.0212284693565217 0.438306611539141 -0.458086439184477
0.00277893795798409 -0.0143275625735819 0.759976188984175 0.230598030696556
-0.00556768671179665 0.00381390337792203 0.245241458763294 0.767632788888285
-0.0190990071162873 0.00347401898308416 -0.23831703098008 0.487707710257764
-0.0232025923404126 -0.00548698300002953 0.0475937517152683 0.0339536059490102
-0.0181976338923647 -0.00797071514064751 0.197444120266902 -0.467448339419235
-0.0179732760544569 0.0149840447812261 -0.47035377996174 -0.696176424278354
-0.00241297840740385 0.0021548947688665 -0.865012867176398 0.0632648844513723
0.0148361817630156 0.010052469544135 -0.232239817523164 0.669361326017232
0.00363278750148381 0.0205562596658389 0.295383428909481 0.419940666361238
-0.00679861420009669 0.00471333259654898 0.342683856459228 0.0576454708581904
0.0039302084095287 -0.0045790205368431 0.14729468037996 -0.182364641314409
-0.00322326308424822 -0.00336498109586984 -0.145614883566667 0.106607123139475
-0.016736046164604 0.0104180833767531 -0.221325817389567 -0.108953815879867
-0.0102080608154343 0.00317032309721481 -0.102422161603566 -0.432895608871281
0.0123543944551973 -0.0201215724544567 0.440852212806464 -0.458758675507151
0.00671784899467263 -0.0126352064313815 0.760525464676567 0.224891429216223
-0.000574067619823563 0.0117005858844719 0.244203840812589 0.764152308855844
-0.022989249908654 0.0163126249402575 -0.241390515618857 0.487486464852657
-0.0312634479729577 0.00654681940953588 0.0440023420731242 0.0350061926959068
-0.0182226027822605 0.00321466959491685 0.19419693366613 -0.466854376432126
-0.0114630281164805 0.0202853740890032 -0.473595722328629 -0.697996511274232
-0.00102672000128217 0.00195849617807827 -0.864791006611502 0.0613207814994702
0.0142767474477054 0.0112421374553801 -0.22982259400594 0.66524404076631
0.00636809717026619 0.0237724156368179 0.299774377113847 0.422014441703954
-0.00381542746636445 0.00654007674644822 0.341585893487277 0.0606962319533586
0.00791805938344112 -0.00446158116227069 0.147623108650078 -0.183659593411757
0.000915376649099549 -0.000769965450081122 -0.144974845363474 0.106506696160694
-0.0123204439611602 0.0121731255263907 -0.226623913723549 -0.105588097927404
-0.00882967742512403 0.00649058572981715 -0.113666972837828 -0.427803069963043
0.00903221712832345 -0.0183895299671499 0.426784793501683 -0.475928028351493
0.00687587999641689 -0.011733736388647 0.765767530414542 0.194235954111153
0.00490625203514888 0.0193064098445771 0.26843823119476 0.755997131960281
-0.0242781968938166 0.0281132551539927 -0.23302207248909 0.497644856949991
-0.0372871976082847 0.016687182160752 0.0377724022080964 0.0396351277361148
-0.0168864709559346 0.0148986047911181 0.198526144230739 -0.460393857311963
-0.00482398843461884 0.0253127115289 -0.45675258610077 -0.71225086678005
0.000996580761396651 0.00456874073275928 -0.874595895953456 0.0328125197295897
0.012423815386769 0.0140454888878688 -0.249583694668599 0.656240668087113
0.00911004188994747 0.0262776175614911 0.288975226912603 0.431780689343605
0.0011742290023201 0.00787831014333211 0.339732380897301 0.0699825054497058
0.0139590714890005 -0.00326739753383064 0.147883179514434 -0.182807731461299
-0.0174282240972905 0.00263371775932731 -0.129791629891055 0.127410060605126
-0.00673291672833996 0.00583760860390323 -0.245008437791154 -0.0751228334560844
-0.0217098184072243 -0.00913955930974063 -0.244007902690819 -0.393399463150741
-0.00574056401976995 -0.0117573699454571 0.224049908340615 -0.571985417038258
-0.0116329706571022 -0.00542173006238094 0.755891797980642 -0.0576130595877257
-0.00897873321357853 -0.0091013905180588 0.480910570760587 0.627471284543062
-0.00465631212562995 -0.0170058862404565 -0.121939151049882 0.550406447849217
0.0062161307662116 -0.035210894365104 0.0244589974579781 0.0892805917696224
0.0050561459421993 -0.0378249264075932 0.296588719965622 -0.37764206048529
-0.0231255864970455 -0.00049269932054268 -0.223053235238313 -0.822384028867991
-0.0147317276125989 0.0123739363724368 -0.882262467224856 -0.261326316635528
-0.00429050995784322 0.0217611019888903 -0.493510532387777 0.556434714825414
-0.00643460583395839 0.00586575093286439 0.150863714757029 0.484681017837614
0.00319484210828783 -0.000164131669688133 0.330498294591797 0.117748289022444
-0.00446769540236149 0.00524085979185293 0.173066312017697 -0.17135154361137
-0.0197040059286502 0.000456970736605633 -0.133228912856368 0.122778829581534
-0.012550252983736 0.0054634480418324 -0.239806564378685 -0.0849767579592292
-0.0212048914976752 -0.00950239653311453 -0.21776037004164 -0.409866217900613
-0.00245495410296261 -0.0160801809819694 0.274899465135062 -0.552216324776662
-0.0111663169165202 -0.00899104386128106 0.767940841424315 0.00918097999297148
-0.0122974011317987 -0.0114628478484269 0.432952474420027 0.670019261665472
-0.00603160495645096 -0.020858216201225 -0.148742011510551 0.539023977019948
0.00552674160729958 -0.0374333723729342 0.0339320494274361 0.0762363710979281
0.000588552989331689 -0.0418309612290854 0.278531023238584 -0.403407931974791
-0.0265860607654237 -0.00095117245974137 -0.285441649225557 -0.799600958519788
-0.0116908947782406 0.0117755822616533 -0.891286996424815 -0.179839060799453
0.00133880348583919 0.0186725416919507 -0.435396811038005 0.596041157232979
-0.00522792550431204 0.00508826395660799 0.185371386224581 0.472440591896488
-0.00168343000729571 -0.00163758479100709 0.336851132223783 0.100584871507758
-0.00697568479212162 0.00237728588712736 0.167363605495535 -0.173575353095895
-0.0199226040426685 -0.00126016472103252 -0.136676279819279 0.118659990064598
-0.0178433403296079 0.00493516746321212 -0.232580782034121 -0.0961431899442199
-0.0201327736237397 -0.00907675193314877 -0.182914546061902 -0.422532623053218
0.00265244938958851 -0.0190996121067819 0.332124751796871 -0.526157137317513
-0.00841719704992021 -0.0120620868218934 0.77469085382188 0.087294469257277
-0.0131050643622955 -0.0123516556793739 0.374178714333574 0.71295881251087
-0.00866578852391349 -0.0207833895742634 -0.178778073751169 0.524554477959836
0.000650539503999016 -0.0350257866294939 0.0419826271970746 0.0619394271039549
-0.00612550168592055 -0.0388152779571359 0.256168973454447 -0.429717169198643
-0.027935769067887 0.00151693597897174 -0.355669172195813 -0.76913228322731
-0.00841164463562506 0.0093495829984055 -0.89256749710537 -0.0897965666124846
0.00721785527292328 0.0149082203547053 -0.366839502154967 0.628718947710313
-0.00367819077839876 0.00769912125883939 0.226332964484051 0.455463953859938
-0.00506856450069735 -0.00128186094218855 0.341167744490486 0.0836207155467818
-0.00721626731649345 0.000728067994359606 0.160182607528212 -0.177610743492
-0.0163931594488988 -0.00280213424397955 -0.141151930471543 0.113612230339054
-0.0203907033972712 0.005040204848872 -0.227179945210533 -0.104044974939526
-0.0170983308199097 -0.00654994596300992 -0.150925278634498 -0.433882692064485
0.00713866594813845 -0.021132183314712 0.380989474444684 -0.497675663617648
-0.00556740312359063 -0.0136827685463872 0.773996224829739 0.153434365465183
-0.0115017803264905 -0.00922791441487629 0.319267637163831 0.741449695945409
-0.0112147496925585 -0.0155770181418362 -0.2075603538984 0.509288434119735
-0.00644190161562793 -0.0281305991521454 0.0469455630357595 0.0493222155138337
-0.0123445852892441 -0.0315383919266687 0.231511786627498 -0.450624163972807
-0.0269077387987633 0.00579749299105169 -0.413367043382073 -0.738910936587276
-0.00595916970222024 0.00641719598443953 -0.887570024792834 -0.0147773152301901
0.0110794765066686 0.0131757624875002 -0.306721123141913 0.655414922591654
-0.000876379173097464 0.0116373601079857 0.258836161123444 0.442081184185102
-0.00743457975068208 0.000355243718684636 0.344679625770466 0.0696941357417444
-0.00510893739731012 -0.00212154450888884 0.155675847288077 -0.180367110505816
-0.0131074243296869 -0.00364634357920735 -0.144521096973458 0.110891208950669
-0.0215180230756342 0.00562027284409192 -0.224097349571616 -0.108919752864731
-0.0144319761453755 -0.00447172382297907 -0.12509717574088 -0.437658136850638
0.0105874479886619 -0.0217428685083911 0.416375799022336 -0.474191189431239
-0.000930061745276923 -0.0147492303747625 0.768196541598163 0.204083170657782
-0.00851043517677464 -0.00361977352729717 0.275317732921632 0.762490033303063
-0.0148500180005295 -0.00782169871603671 -0.228269050569769 0.498157827897122
-0.0156719792427715 -0.017817516010557 0.0491957312295075 0.0401939370200479
-0.015716599501242 -0.0211128177387238 0.212977916215469 -0.464096351493805
-0.0234922791639346 0.00966736460013812 -0.453569414481092 -0.713988801473245
-0.00422137358324394 0.00448800082523242 -0.878428053921788 0.0406934085561598
0.013445006345706 0.0110968911793411 -0.258928169776451 0.668995324420967
0.000607423609789314 0.0152134345206187 0.284928116181132 0.427997011319964
-0.00889945222920385 0.00266249599011495 0.347597858536156 0.0612434071336728
-0.00114068989354526 -0.00313222220779228 0.150633019278746 -0.1838502087093
-0.00833049580322367 -0.00353474919992387 -0.146667606975103 0.107956463262229
-0.0194397400337351 0.00728647318643881 -0.222140077112211 -0.111884292934557
-0.0119745919699243 -0.000500829275793076 -0.108880208840566 -0.440240031510493
0.0125495436874356 -0.0209876230768876 0.440310411014252 -0.463984135306048
0.00359009481583487 -0.0144298462946692 0.767109247643804 0.229091346413757
-0.0049126808540693 0.00382289886866452 0.249613387431865 0.77320627886112
-0.0184078732279306 0.00379437094122985 -0.239513637220423 0.493268059562847
-0.0240814779737197 -0.00591802815970103 0.0482276785180026 0.0344372651639701
-0.0182738575208417 -0.00854183334497317 0.199226156629642 -0.472725216785656
-0.0181113600393309 0.0152808455267716 -0.475990542577747 -0.700842193199567
-0.00242027304250067 0.00314896903699192 -0.871680618857283 0.0670564146950386
0.0146631087517053 0.0104965706732862 -0.232133194844664 0.674668621035007
0.00379950260277975 0.0199742920638463 0.298616800918089 0.421763639459002
-0.00722500625095244 0.00357565379101582 0.346297340518005 0.0566071437211551
0.00293078706903875 -0.00355401465740868 0.149158763468209 -0.18472071756272
-0.00404429132880789 -0.00190396771895646 -0.147363945741878 0.107303329140737
-0.0167018958788555 0.009425579318228 -0.224540208603598 -0.11056822965857
-0.00978357289724914 0.00368483441099355 -0.105348008814583 -0.436001464513597
0.0116943715495943 -0.0193894218344196 0.443794624917961 -0.464698489145713
0.00607879583211644 -0.012654443330184 0.769073849334159 0.225692359576302
-0.000150342978266917 0.011865346673954 0.249761418239608 0.771737871238362
-0.0223064086561334 0.0161310793816625 -0.242333014522505 0.493684085330566
-0.0318684308784414 0.00646126113444997 0.044236356767466 0.0347100605891236
-0.0181237904752121 0.0044612734367636 0.195612383855217 -0.472135840051262
-0.0115407719691082 0.0200552691760413 -0.478654878282878 -0.700330404005927
-0.000172451610450611 0.0030730935161152 -0.873358084269169 0.0638528390150701
0.0142891107739055 0.0118598301545013 -0.22894896631272 0.67270793889809
0.00725404298743983 0.0234182292137788 0.304047473040338 0.427101473554289
-0.0032011793865592 0.00597392128818462 0.34410786769035 0.0600231967845571
0.00803014106488857 -0.00441439703473334 0.148946606039003 -0.184732580835401
0.000290780389591157 -0.000725700013128758 -0.147597344587387 0.108523034734073
-0.0126375329893497 0.0120797939728158 -0.229606118753342 -0.105695289602157
-0.00976317839453966 0.00673336344773821 -0.115539267863455 -0.431433129325237
0.00882382316127961 -0.0183259880843255 0.428271961729054 -0.481357657124984
0.00810158897818803 -0.0111926481899955 0.772432361685393 0.194766024510765
0.00510748809419215 0.0201363085029659 0.272893097320245 0.761001248483585
-0.0245868672341687 0.0279934588590387 -0.234166065147018 0.502627001907885
-0.0375846235450689 0.0176154947757271 0.0372596521918594 0.0399055054243389
-0.0173171388074191 0.0146755720216536 0.201676647550905 -0.465297108886773
-0.00423577352886377 0.0251214539331478 -0.461938017550685 -0.714912325244833
0.000491694738203898 0.0046630237518108 -0.882135444527867 0.0343104832589389
0.0121020798284494 0.0144306085788879 -0.250723592308913 0.66531631758498
0.00908807487083616 0.0260003062706205 0.295602883999987 0.435528038513879
0.00163439352527734 0.00733648880203898 0.34361551728684 0.0685856936221497
0.0139421073836305 -0.00301111160687905 0.150153660559853 -0.183832540863294
-0.0178970532193707 0.0023163350805855 -0.13275961781395 0.129412598013688
-0.0063361525848202 0.0055072620402403 -0.249028558169562 -0.074098753315448
-0.0211720508976886 -0.00805061775597507 -0.249974800911064 -0.395961299143366
-0.00658129400272631 -0.0124432908600218 0.2212049431306 -0.580441667778364
-0.0115001933980476 -0.00617387130646399 0.762802583001231 -0.0624275611877108
-0.00835112544759164 -0.00901837109103923 0.487350622277893 0.631305418663811
-0.00489660107629209 -0.0170486326079332 -0.120239812554603 0.553533034733961
0.00600532181859802 -0.0353677289743648 0.0249380011913643 0.089946897776731
0.00497539244121967 -0.0393334478724266 0.298281628175821 -0.382441019351265
-0.0238086086791095 0.00019337254539894 -0.227488528298278 -0.827075686223389
-0.0147521014209873 0.0135589069216957 -0.891836831443469 -0.257503623426979
-0.00448740567661046 0.0214647614713374 -0.494631697398535 0.563874570178467
-0.00623823696030663 0.0054566836782656 0.15520727485232 0.488559697834263
0.00345838258850755 0.0001112338457401 0.334691567428855 0.11684865808588
-0.00492702918742166 0.00451057457649118 0.174967592910786 -0.173519908903277
-0.0202710873282655 0.00049127770788123 -0.13501554429809 0.124764375748748
-0.0124226346115493 0.00553537589780848 -0.242921095810345 -0.0857914376425212
-0.0216557136967954 -0.00834344113126313 -0.222604179935741 -0.412544857064154
-0.00279984185619041 -0.0158496294603681 0.274954737979279 -0.559144275042104
-0.0114456642614479 -0.00945840642553791 0.77591397570515 0.00585112740256808
-0.011790256736274 -0.011573451067949 0.440297855785521 0.675619387717597
-0.00676667156254661 -0.0217025815102813 -0.148021886512283 0.543439096540029
0.00494199487237449 -0.037965840040971 0.0339740610433557 0.076939649935837
0.000478903909802708 -0.0431062652492816 0.279959722034099 -0.408910694342003
-0.0267300876635152 -0.000659378434187409 -0.292013640957447 -0.806427462605116
-0.0118740003789738 0.0115953399566952 -0.900583121951936 -0.175104368945271
0.00153486394002884 0.0184032973297094 -0.43687836397509 0.603987562899043
-0.00493722728879581 0.0059796078684787 0.191547602842159 0.477230964657062
-0.000944975634438749 -0.00158761007000319 0.340526911185488 0.0994136304839977
-0.00658751094455771 0.00269563727614936 0.168467844551787 -0.176297540282469
-0.0199238310763138 -0.00139563552835482 -0.138843114581798 0.119642218152614
-0.0171216720063494 0.00472308086720342 -0.236193965453907 -0.0961953126467338
-0.0203592590943097 -0.00874557794102352 -0.186967008626547 -0.425066103331462
0.0026562976329461 -0.0193059827272086 0.333737920470905 -0.532234494105274
-0.00894984405744509 -0.0121935419754457 0.784431835398254 0.0833332121551631
-0.0130219034940823 -0.0119108751627888 0.380615880691217 0.717277096563024
-0.00841822401247831 -0.0205844823270492 -0.179057994032253 0.528141349208751
0.000609968905600209 -0.0348357756269707 0.0423765698587213 0.0617375745273813
-0.00614879777947056 -0.0389645700391734 0.256224498131937 -0.435778861381189
-0.0278979822984145 0.00196889292125678 -0.360757331211478 -0.775708154824789
-0.00846733244540918 0.00906814413559603 -0.902665071820485 -0.0847553827250162
0.00733345864173498 0.0152789438190178 -0.3683109031753 0.639022886271422
-0.00348426765621405 0.00732151180693967 0.230037131583368 0.460479225976149
-0.00515622255856029 -0.00115409569578788 0.345731528740918 0.0820213442700226
-0.00693935855904516 -0.000190090335739657 0.161355578982055 -0.178908998824406
-0.0173804018843474 -0.00251117118368092 -0.141347808196477 0.115363027120072
-0.0203137773648375 0.00462326397483598 -0.230700352335392 -0.104874427083394
-0.0174654229120763 -0.00686239135374407 -0.155989921191507 -0.437626450082485
0.0069522508214744 -0.0213680961877981 0.381917070453243 -0.504083584162005
-0.00502987850919141 -0.0138916498919554 0.783034767462465 0.152492704491713
-0.0117206117429642 -0.00950444088327745 0.326064825573183 0.748706250361143
-0.0119129273195215 -0.016338168480172 -0.207904804453776 0.514983493857034
-0.00667461466328857 -0.0278009256588088 0.0480337525855989 0.0496102602844954
-0.0113452350742451 -0.0317208043226322 0.232529057735027 -0.454995172977446
-0.0266201633253486 0.00647980144169615 -0.419794904896376 -0.744005894390079
-0.00561699521920496 0.00691304495022695 -0.896946299407023 -0.00777748560709776
0.0118243927431338 0.0123518623663377 -0.306260643394749 0.665336260967774
-0.000956642925858294 0.0111485159620273 0.263712791509992 0.444914425090552
-0.00819559938871333 -0.000483971919844506 0.349311274059057 0.0684592979652228
-0.00562963852537015 -0.00154467695281175 0.156001874410621 -0.183025348588607
-0.0130316889013044 -0.00347501134337558 -0.145967396841304 0.112459251483482
-0.0213091476761912 0.00580753327026005 -0.227039254698956 -0.109836172811979
-0.0141514553955056 -0.00437937913737088 -0.130437803114527 -0.441971350911912
0.0106732449626857 -0.0212271837293519 0.418527050573035 -0.482797569093689
-0.00150469554958425 -0.0151701160535216 0.777388834377742 0.201897779026737
-0.00853964045935253 -0.00354907788335816 0.282212501308428 0.76886874539265
-0.0148456750195703 -0.00743142890123217 -0.228294026442402 0.504490721388846
-0.0153209503707523 -0.0181747125606565 0.0495286937097436 0.0396544273296237
-0.0164090037453173 -0.0216235278078775 0.213205464799024 -0.469313476026979
-0.023013717747852 0.0103012096590185 -0.461623284059938 -0.719825490536708
-0.0040245428450244 0.00464414326228628 -0.888009162722078 0.0462185966455647
0.01411894295792 0.0109062630413962 -0.258916217386312 0.676843468307922
0.00109794905919731 0.0158687384579891 0.291293184670732 0.430136922651012
-0.00827204475023809 0.0023073613525933 0.350256576014693 0.0584230160802672
-0.00202474622820194 -0.00318390551617745 0.152808969957121 -0.18516487267264
-0.00848722199134479 -0.00302689414783001 -0.149226813566601 0.109698263626462
-0.0198387297618081 0.00699622332586433 -0.226737251791852 -0.11208023956265
-0.0111385534130855 7.18265941075662E-05 -0.113368575490201 -0.443668984705968
0.0119184455325673 -0.0210971557599947 0.440983374554227 -0.470862630781826
0.00306396304126932 -0.0148894577850619 0.775159410841743 0.227178446735796
-0.00439989659930281 0.00436486012479576 0.256290499580172 0.778462548080582
-0.0190203682915662 0.00442936229570456 -0.241608292044337 0.498282323523167
-0.0236907877638182 -0.00588576018844075 0.0494560977786647 0.0352663908584195
-0.0183208885988022 -0.00897736876596771 0.200184745080447 -0.477468211879413
-0.0174267195265687 0.0157918622212609 -0.484232556340916 -0.704452591686226
-0.00255226415363946 0.00322710453644229 -0.881864850579589 0.073123126626464
0.0159312321565253 0.0101132000964703 -0.228493092993562 0.68397740352456
0.00498533243283327 0.0202114431608326 0.305005526650139 0.424946559390996
-0.00633800005852255 0.00431105958797966 0.350513765946424 0.0547097988305452
0.00265714137358174 -0.00424943901131259 0.150555416718951 -0.187225317382388
-0.00428285677299373 -0.00247894956299138 -0.149532143355005 0.108932863879972
-0.0161361315266099 0.0106740819532601 -0.227750887108957 -0.110777888303075
-0.00951634746649345 0.00386949126923255 -0.110422191819387 -0.439835798018265
0.0121110683053049 -0.0206162832625375 0.444711964199245 -0.470513720323306
0.00592578102642926 -0.0134692535455517 0.776779510252123 0.224668915536055
0.00062608506223847 0.0119746748115194 0.256143227161679 0.777968955652084
-0.0232381401064949 0.0157841843976993 -0.242333418519236 0.500293378791847
-0.032143274670721 0.00718069746772234 0.0449013972117966 0.0355247182812383
-0.0179258020646203 0.00350831584567771 0.196013247379026 -0.476274686847891
-0.0105690429514958 0.0202505121529659 -0.485968743461548 -0.704115424461878
-0.000537060046781388 0.00353493178028791 -0.88339851620471 0.0699906530679382
0.0149836609841326 0.0115573016155791 -0.227198664739012 0.679787931534359
0.00721661684138887 0.0241603382979704 0.309349258059257 0.42804940193281
-0.00343482786364996 0.00600532573359913 0.349583229332228 0.058535138172232
0.00840139951267215 -0.00467576350095548 0.148952498755178 -0.187354562564306
0.000555750236557728 -0.000614585915038372 -0.149209603935319 0.109888882048255
-0.0126871591429496 0.0125731715944209 -0.232414456743139 -0.105356279065501
-0.0092735629499275 0.00711656970649954 -0.120221301980743 -0.435577020147634
0.00910352346677844 -0.0186459407735397 0.428968699400469 -0.48889028787064
0.0077187373160087 -0.0118250946330272 0.782881300691081 0.190654716755513
0.00630188524268866 0.0194599344954048 0.279696434821112 0.766725786407108
-0.0246067523267692 0.0281383198059404 -0.235311032362967 0.506847721477992
-0.037747266648483 0.0181689110943803 0.0374943076771451 0.0402970709496676
-0.0172539563469903 0.0145950851088027 0.201491647005832 -0.47000052500428
-0.00460954451538836 0.026253822618268 -0.469170833751425 -0.718539045943776
0.0013954759481878 0.00528033317589283 -0.891298626003149 0.0386268975650183
0.0129851957025693 0.0141157866838162 -0.247996378597176 0.67223073340255
0.00958843217384761 0.0272329144555605 0.300334026548925 0.438612962758613
0.00170712880499431 0.00722857290887689 0.347666605032893 0.0674759717459951
0.0132562013300175 -0.00420986421011284 0.151695135893851 -0.187131867012708
-0.0191385238960065 0.00256971088920771 -0.13323846245495 0.130351370099524
-0.00731528781577705 0.00520198804825321 -0.252356754759982 -0.0721082548182617
-0.0220134837530128 -0.00806753101231824 -0.255313903437229 -0.395741754956664
-0.00680649198046383 -0.0120408857961486 0.218290560312314 -0.58827909879017
-0.0116599924145265 -0.00563717797619425 0.769073760441717 -0.0704753259536765
-0.00829754389611172 -0.00866829029587196 0.495445027333848 0.631687394411889
-0.00491533227584878 -0.0172868924065958 -0.11853285273421 0.560904765411844
0.00591233163029244 -0.0356542839957999 0.0255850227678663 0.0901411093267715
0.00444990365911891 -0.0397200242473733 0.298471648762696 -0.387530199952131
-0.0227530718332539 -0.000169920219291303 -0.235305952757999 -0.83147096105545
-0.0143159955236595 0.0141396583924702 -0.899570033430107 -0.251887882368651
-0.00446728569956985 0.02178312396414 -0.494216891266709 0.572910559083496
-0.00565225579050252 0.00556049175660865 0.159402838188413 0.490711619409245
0.00370098669006602 3.97620162298946E-05 0.33857478405226 0.113893478367185
-0.00485894251143954 0.00489098598188004 0.175000951621252 -0.177525159530078
-0.0202102165399907 0.00119341532580699 -0.135942347889113 0.125876794429006
-0.0132216126393493 0.00545907168178374 -0.246148833044632 -0.0841903034171391
-0.0212181050568697 -0.00819005211260928 -0.226541300908772 -0.414762819949001
-0.00234651197879756 -0.0163382119695156 0.271630549871157 -0.567256522488874
-0.0108044756581513 -0.00835896026360099 0.783138962749788 -0.001195039142666
-0.011937185860044 -0.0116034116399385 0.449247565117248 0.679275036905202
-0.00674065208222037 -0.022659189356458 -0.14620296822194 0.549941804320474
0.00499573459003375 -0.0377468540993487 0.0346057525546104 0.0760977427049594
0.000440339439632472 -0.0426837401170279 0.278654178996328 -0.413528985196311
-0.0270454884359801 0.000423027839094901 -0.299961523226933 -0.812212322867938
-0.0117021197156906 0.0121169495649917 -0.909347241774415 -0.167817184785854
0.00193603765444426 0.0184030415264549 -0.434519164039699 0.612284563311002
-0.00480361808849732 0.00502927311824886 0.196852026556897 0.476758552647963
-0.000639986506553626 -0.00171590861388656 0.344263534828696 0.0971316185857302
-0.00719538552901152 0.00268386668782265 0.169665133292057 -0.179729640993981
-0.0206712994857551 -0.00195228558847905 -0.139851230044838 0.12244883464444
-0.0173745793842103 0.00449997811096424 -0.239467681547021 -0.0952478356318124
-0.0198267217342501 -0.00804554856512186 -0.193462720376697 -0.428033748443562
0.00183905978032094 -0.0197333486001705 0.330082283141419 -0.540230588926988
-0.00884073368637832 -0.0123015721728459 0.791102540190073 0.0775419771174927
-0.0118391183230791 -0.0117484394823966 0.390739217021328 0.718759374837219
-0.00776554139043683 -0.021335348615474 -0.176798783292266 0.533953498937958
0.000661421471052498 -0.0350030902616934 0.0432557718707935 0.0621054815834048
-0.00657870796390444 -0.0397985480564817 0.255060531468439 -0.440716295488091
-0.0273477483610241 0.00267474761711894 -0.372568411213534 -0.779290932704829
-0.00839685865489423 0.00947630609034403 -0.910924839947554 -0.0783708512828565
0.00797762001735464 0.0160017077230321 -0.364787613157932 0.648176956630602
-0.00282646017612672 0.00834155956711694 0.236573773918701 0.461504260383285
-0.00482050141730203 -0.00156315351221014 0.348750339773495 0.0784423860779451
-0.00723982828070606 0.000332974594904386 0.163660769609656 -0.183194795266816
-0.0176869482301163 -0.00208801784416099 -0.144630505759543 0.117883822729561
-0.0202740550004885 0.0045054778095488 -0.233749486506323 -0.104185095110284
-0.0173929336541167 -0.00669199469907804 -0.160895656722661 -0.438547860256448
0.0072645073098133 -0.0217217217214082 0.381011950437385 -0.512503778132152
-0.00596504842383412 -0.014656964081809 0.790951163501198 0.145594502134395
-0.010643458425645 -0.00899117849752826 0.335662866413251 0.751814392007656
-0.0116885159802747 -0.0171927207815283 -0.206159988032893 0.521354131970786
-0.00726789807313002 -0.0281868294721157 0.0482072790949312 0.0496382531804461
-0.0127652042981039 -0.032211538318536 0.231540085686171 -0.460293664389959
-0.02707216496607 0.0063053545791627 -0.428330480439064 -0.745324552566885
-0.00549413061212024 0.00715633895275831 -0.901641831393586 -0.000788328540837734
0.0123875958761353 0.0129122065099298 -0.302403794961443 0.671914065249047
-0.000540337064909102 0.0113789966977492 0.270967560720312 0.44431976218748
-0.00688619722696847 0.0002542634579232 0.352981367764705 0.0647495882602141
-0.00616798809333816 -0.00170127249610455 0.156841667277697 -0.185993044749173
-0.0135934392375592 -0.00385107426219573 -0.14742666620529 0.114675720995937
-0.0212471725910402 0.00581877282047986 -0.230025661017003 -0.109615427445823
-0.0144398948537465 -0.00322871196775398 -0.135850039473812 -0.445258036155362
0.0110659632550432 -0.0224068406188383 0.416583512269421 -0.490425268349756
-0.00129322020352291 -0.0156548239353859 0.786630526922123 0.194940874277397
-0.00787997713897941 -0.00338660003345772 0.2906312131193 0.77188854391126
-0.0149800444449499 -0.00802940176894489 -0.22755116970056 0.509231382848015
-0.0151153342479185 -0.0170992784523983 0.0506187445321496 0.0394700899608086
-0.0167269334959271 -0.0216429843187218 0.212689023149766 -0.474341111395891
-0.0230041886845651 0.0106320958083439 -0.471971868497826 -0.719103670021333
-0.00386549768904594 0.00503663831844739 -0.895923856645078 0.0554230715866887
0.0147795965951734 0.0115239931233428 -0.254709206794475 0.686120676790396
0.00226910760664757 0.0161518003341412 0.29734254422225 0.430593315270518
-0.00811695163994874 0.00250642733649265 0.354776876670039 0.0563072755064218
-0.00198014087919323 -0.00316554136138085 0.151830112444892 -0.188315225738168
-0.00843342835798455 -0.00344937336666809 -0.151208828818161 0.110968464683287
-0.0202576048721584 0.00673036203040606 -0.229015497952669 -0.111890215858251
-0.0114117901826988 0.000491858661139626 -0.11936103935134 -0.444087088316313
0.0121841041805968 -0.021785773811759 0.440243209478419 -0.478293064796314
0.00296871272212447 -0.0152409591650846 0.785393001027949 0.22273770293266
-0.00442086204219375 0.00368052083844253 0.263566175695477 0.782921509979004
-0.0189856132048547 0.00391285088275469 -0.23935273708 0.505722536072794
-0.0234544675939833 -0.00532542864604946 0.0482521906408481 0.0350523974724399
-0.0181788957301734 -0.00929585368119767 0.198342945369624 -0.481908866862155
-0.0168396625561408 0.0161071037164846 -0.49110635437397 -0.706193567677386
-0.00261599942539848 0.00384109819635442 -0.88870106328987 0.0804465027498809
0.0162386987067888 0.0106504603423705 -0.226199628311076 0.691034251985713
0.00496420476080382 0.0202614696566034 0.310381285712737 0.425883006470864
-0.00718526574144804 0.00412278621517799 0.354658731456515 0.0521245493100147
0.00268943558341912 -0.00477452488848662 0.150257621885903 -0.189621456289451
-0.00404943887506636 -0.00191931223747387 -0.151515651165328 0.110087693385837
-0.0168049847453845 0.00948181352356764 -0.23079881468845 -0.109745227275499
-0.00973801832344365 0.00412891865469063 -0.115131344875185 -0.442680385507568
0.0110351061260609 -0.0198635170819752 0.443964479684787 -0.479442101204108
0.00640032783033538 -0.0135370385129466 0.784304064263257 0.218341189560378
0.00141050092834973 0.0123102939688018 0.264230906712893 0.782935853829291
-0.0226698990102623 0.0157276244080776 -0.241948605836926 0.505837931371333
-0.0324272841674227 0.00706117743951622 0.0454554813264188 0.0342121248736706
-0.0188997957613779 0.00389534558303879 0.194697006381032 -0.481286862513052
-0.0106953728084714 0.0209311665022328 -0.496327470835286 -0.705774613353363
-0.000770083068398942 0.0034076203969627 -0.891661134492875 0.0794887261798741
0.0144216318519378 0.0115404934567622 -0.223626148268498 0.687018864801368
0.00756482320810519 0.0234904609633606 0.3146203524654 0.429163884233403
-0.00307960556283163 0.00604043322257914 0.353927007538455 0.05499861878131
0.00838454961436769 -0.00469507962005092 0.149441372310888 -0.191106531678257
0.000430537177952885 -0.000725027019746022 -0.151298360289254 0.111939190776516
-0.0124617269558706 0.0118331806699573 -0.237489114666857 -0.104664628061245
-0.00896475567847917 0.00768542076044143 -0.125103588826744 -0.438398180593026
0.00853488755050997 -0.0182907958918945 0.430258563535327 -0.497296295995913
0.00745279923542356 -0.011627887897915 0.792304330977264 0.187509265298853
0.00606776608340076 0.0195931845805588 0.28749995600094 0.770189848164553
-0.0245222025451915 0.0283113945374061 -0.234208186402953 0.513854897276106
-0.0374346832723108 0.0184699682255212 0.0388754156479825 0.0403863063301031
-0.0171506714646416 0.0156352835507268 0.200082462302637 -0.475899973774438
-0.00354168733467572 0.0258934275222615 -0.47937130649634 -0.722228268142166
0.00110935439096921 0.00564409416208443 -0.897381187009887 0.0463710014377534
0.0140957230142379 0.0150090885829446 -0.245601494967839 0.680662498702587
0.0108155410058172 0.0270299003159893 0.305296870699613 0.438016144077036
0.00135319807438608 0.00767495276476014 0.351228183165717 0.0640937983560228
0.0137568909082818 -0.00381617089589311 0.151829152763544 -0.190460216602374
-0.0193836865549878 0.00356700494722886 -0.133877210764399 0.133504268992901
-0.00660646361019586 0.00543852528801943 -0.255474786578974 -0.0718973916679999
-0.0212415513307358 -0.00708344973290465 -0.262912723561639 -0.396875408861347
-0.00718806821459746 -0.0125923342507971 0.213945151122537 -0.593862010580317
-0.0122867921124841 -0.00623471396406131 0.775063910776804 -0.0793949962598619
-0.00785790726457459 -0.00928764583625547 0.504579323652898 0.63410578977623
-0.00465697883700323 -0.0173378820344644 -0.113580564262623 0.565411885473303
0.00597427446634092 -0.0356674836351912 0.0263587966690173 0.0901496832023005
0.00535533189061017 -0.0399526905637795 0.297120456617122 -0.391525758016339
-0.0226163169269462 0.000341176813082208 -0.245517143253028 -0.834914994961819
-0.0146913238220442 0.014327612882545 -0.910902432345518 -0.245859265226097
-0.00416927119165478 0.0222407742244659 -0.491374472765469 0.583527456771602
-0.00576662839162353 0.00530836279749398 0.167417376931251 0.492392142941975
0.00393844040960198 -0.00066381412734997 0.342204863301113 0.111213944618223
-0.00547284347723974 0.00470069993518225 0.175108591368355 -0.180414056390634
-0.0211286874310457 0.00134614203737411 -0.136752916548781 0.129286128821454
-0.0130219947326971 0.00490673952085123 -0.250400395587388 -0.0820695894365968
-0.021417447874517 -0.00831224767007536 -0.235041124991759 -0.41483018768551
-0.00322248154740271 -0.0159744646555531 0.266313798119726 -0.575996229540988
-0.0118676284785688 -0.00930797887397422 0.790077719743976 -0.00822537761372682
-0.0108964409143731 -0.0113888164121935 0.459139141645576 0.678744812848154
-0.00672343126046517 -0.0221579140951468 -0.142382638893137 0.553117649748534
0.00524132009742465 -0.0379695048863869 0.0354215943962433 0.0779110329264832
-0.00071208408663593 -0.0430909580719022 0.277474969916868 -0.41924273429204
-0.0267527863479318 0.000128589670223823 -0.309023766449221 -0.811091748255396
-0.0117229225548267 0.012477800614904 -0.917842882933012 -0.162640802684587
0.00227325251734358 0.0191846746202395 -0.432374387665722 0.621361162044487
-0.00489020733088567 0.00597381924793355 0.203504241587051 0.479681108990612
-0.00108329025338818 -0.00138996445999616 0.348489876243556 0.0946215015021217
-0.00730909389511248 0.00183985008516913 0.16940894948874 -0.183819759236714
-0.0198924841236721 -0.00102676623494143 -0.141303274780668 0.124512293730312
-0.0174244498373146 0.00510730829426741 -0.243835254721208 -0.0934091448236174
-0.0202054373396315 -0.00795368122264561 -0.199828157396827 -0.429126857264727
0.00177179542018491 -0.0195604415969943 0.326249508991933 -0.547981272321047
-0.00953438273756306 -0.0124054384059457 0.798010038127704 0.0705775653474189
-0.0124323507903295 -0.011423206488072 0.401264462505989 0.720269204260596
-0.00913863140120993 -0.0219922078848581 -0.174394656113239 0.538824782524981
0.000348691808650073 -0.0348048569840567 0.043296471499909 0.0612279881903443
-0.00685398878631207 -0.0397996363471364 0.252469180970884 -0.444920837851998
-0.0283991773100274 0.00257664053903362 -0.380690208839111 -0.779714278324838
-0.00853867697594396 0.0101597072733161 -0.917643237802979 -0.0697623270619311
0.00815842850053253 0.0154080450732165 -0.362086083401324 0.656541792912491
-0.00293333589589942 0.00759462108187573 0.243102315971338 0.461190406942093
-0.00456548746989068 -0.00188128917006912 0.35314319985718 0.076393559247324
-0.00750216764649278 -0.000296739858590761 0.162472455416173 -0.186324329601301
-0.0178678409166733 -0.00239359441101681 -0.145251171175277 0.119604506003927
-0.0210680813747267 0.00480199663025436 -0.236913803121457 -0.102888140760624
-0.0167554863285154 -0.00600289917014913 -0.167387865716411 -0.441899552692616
0.0066216738815598 -0.0216716179921519 0.378189739986992 -0.51976746666198
-0.00601959205712822 -0.014950256394134 0.797806463187043 0.139490061188994
-0.0113883756359238 -0.00877752883403531 0.344070947296943 0.754341676497426
-0.0114689873584703 -0.0161412233029001 -0.203562372248004 0.526244607815553
-0.00719011144063902 -0.0282628488444913 0.048798539210466 0.0491055183871059
-0.0131825425271511 -0.0326479084608193 0.229613000002435 -0.464925293258513
-0.0266928374754446 0.0073338049138191 -0.437818623521291 -0.744445873270709
-0.00648898276020922 0.00789745615507118 -0.910461515791939 0.00807379632733894
0.0121884518983805 0.0132225649375256 -0.297806468734776 0.679420682118376
-0.000765048417578933 0.0116021378475647 0.277041382875508 0.445919166118617
-0.00734293956801621 0.000356979032845596 0.356402010537209 0.0611950868185033
-0.00589016193590527 -0.00280476364358844 0.157045051198978 -0.188428749090309
-0.0136390759557698 -0.0028029503231149 -0.149241859381789 0.116353252241144
-0.0217630026591414 0.00544869789996954 -0.23412426482886 -0.107110695778797
-0.0140704349013727 -0.00254060808871489 -0.141843823329877 -0.447223476859682
0.0105280832987063 -0.0217189439941716 0.415605775069805 -0.499111013018376
-0.00126786235045053 -0.0151625768820487 0.796212365860505 0.189030325367089
-0.00768374666265664 -0.0031891012056166 0.299954755268723 0.775499203587926
-0.0158895519264508 -0.00829244302141574 -0.22360601909227 0.517007810269267
-0.0149779436282575 -0.0177443412268635 0.0504679633946959 0.0397761260275791
-0.0164716958175438 -0.0214103419635171 0.210292712783911 -0.480639314155512
-0.0229720485750683 0.0111716117828138 -0.481045340322755 -0.72077802478252
-0.00422254409306484 0.00553703504872683 -0.902658391391933 0.0657311471092805
0.0150815418555152 0.010942020288494 -0.248752145105447 0.693529929301173
0.00277334535672996 0.0160210759907461 0.302776404534227 0.432167757133931
-0.00765275507107016 0.00238958417016422 0.357800632338132 0.0523325338956282
-0.00215603363050872 -0.00361518449677283 0.15173830601882 -0.191793375026117
-0.00867104391725953 -0.00275181052999423 -0.151350591805656 0.113888061907003
-0.0204016106466923 0.00787330855362268 -0.232768612213391 -0.109951125317501
-0.010760443093344 0.00117208319965072 -0.125315944578167 -0.44794447579398
0.0120607608585534 -0.0216317958327495 0.439067968526365 -0.483747817208067
0.00275464733010661 -0.0157303028132697 0.792751629681753 0.216423113091638
-0.00309119530366168 0.00417363053345611 0.273973560819345 0.785116348207734
-0.0191225195313008 0.00290371958857247 -0.235915960071508 0.510098106910098
-0.024708649575679 -0.00525318168096925 0.0497894397939401 0.0344261107743894
-0.0185612290052431 -0.00905830361764668 0.196354968125949 -0.486990568927397
-0.0173582580834116 0.0162445685587133 -0.503885465938269 -0.704093314054259
-0.00135131213223452 0.00391832471558975 -0.896278375132855 0.089898912761993
0.0163265863231226 0.00987349953575072 -0.22276593008375 0.699045297133863
0.00568856194549423 0.0200059244598825 0.318598483343227 0.427047397997354
-0.0071846345162108 0.00472010687280909 0.357677609117284 0.0477550922843075
0.00184348160721774 -0.00516917397371025 0.150104842085283 -0.192966691499959
-0.00353920591144732 -0.00196979737250984 -0.153044377507405 0.111957428292151
-0.0166742802100879 0.00959613343536808 -0.235307968017854 -0.108936289698779
-0.00919565957050466 0.00487864082422447 -0.121341377395749 -0.446255215344374
0.0111403839326814 -0.0203411258493044 0.4423329906207 -0.487745723523268
0.00592276506962191 -0.0135173424645736 0.793591030857026 0.212215690351661
0.00117884407196019 0.0124889900892834 0.273696549627322 0.785809439672499
-0.0224645191706929 0.0166249265230225 -0.237771561033527 0.509918765416908
-0.0322855351420635 0.00746977068219877 0.0452811456618275 0.0349006369320607
-0.0179600543896173 0.00389708930575779 0.191726786899697 -0.486552509325514
-0.00977719270423226 0.0206740374124471 -0.505693199393709 -0.70570956153184
-0.000365107286261988 0.00407351025957764 -0.896731447357464 0.0884010945107633
0.0164211346746989 0.0125029314899582 -0.22055616959312 0.695672629691485
0.00852148234596135 0.0245783474638226 0.322622388978945 0.429867462261431
-0.00282822304427763 0.00580040355280914 0.357044882493817 0.0514621535507249
0.0078164184440188 -0.00527678567267876 0.149867685135972 -0.193811461738416
0.00044183077126113 -0.000843206070726393 -0.152307103934482 0.114656589742952
-0.0131551813567005 0.0125012502781643 -0.240435830063428 -0.103500146344322
-0.00866685338389968 0.00798854977195688 -0.13161478062932 -0.439302518529248
0.00852542157696938 -0.0186834546098242 0.427985615783517 -0.50538941382031
0.00695969687598117 -0.0123613978980304 0.799126305310328 0.180571762448917
0.0076407514187797 0.0197835786575514 0.297460433916809 0.773154959734316
-0.0241091413077659 0.0285806196889637 -0.228728778027974 0.519924957768596
-0.0375790632333493 0.0186188624743497 0.0386329910227911 0.040279091867993
-0.0170807378644913 0.0153174601738895 0.198431489788671 -0.479846504013261
-0.00264949291670232 0.026059266989975 -0.489586663457157 -0.720809273525412
0.00122223250458647 0.00492760921698445 -0.903972345548462 0.0580217813563287
0.0141015238045087 0.0138328121277061 -0.238555760723252 0.687864395394582
0.010779697631537 0.0269888326494315 0.31371677921935 0.438697084216119
0.00207556148939103 0.00721767145389052 0.354176184926877 0.0612466531676538
0.013175141674411 -0.00435169303401759 0.150605202420907 -0.193415752936879
-0.0187291381511237 0.00400324562140713 -0.134634815388643 0.135413452943832
-0.00657976062430312 0.00542106435283711 -0.259286816985012 -0.0689190734223199
-0.021374000072878 -0.00714586854795316 -0.270037817742758 -0.395308570079485
-0.00792171373165114 -0.0121025680468926 0.206971086806343 -0.599892796916044
-0.0117305202479192 -0.00541057055630212 0.778627649027705 -0.0889618867854829
-0.00759984982607913 -0.00891152126305421 0.516174092973716 0.631312852660968
-0.00520554879807389 -0.0178301500686527 -0.108998870003934 0.569938959850822
0.00544897441834036 -0.0361855631778191 0.0273352594430083 0.0902334500669899
0.00382088210786964 -0.0408305628262904 0.293749218270641 -0.396682371724956
-0.0220625294608408 0.00102114654562522 -0.255682187254339 -0.835389605326576
-0.0141157485877487 0.0142981800710163 -0.918402423964943 -0.234874902863349
-0.00398950880805159 0.0220000934855289 -0.487258930350676 0.591074066576365
-0.00547238351520412 0.0053393678033635 0.173334892826886 0.494243320675927
0.00485409881140773 -0.00112888324971852 0.346069833498124 0.106989630962952
-0.00541085994830138 0.00426920594915399 0.17547099373791 -0.183850901444042
-0.0206697863736978 0.0020654309726947 -0.137816626289833 0.130887563439232
-0.0132509747879736 0.00529188758095266 -0.253079999261117 -0.0803040531578169
-0.0212104243938634 -0.00812101324113925 -0.242164662943981 -0.41502564868894
-0.00386356789380888 -0.0162254450261233 0.260273588515547 -0.5809695993694
-0.0120451574769464 -0.00870842066771471 0.793098555816315 -0.0200511022018311
-0.0113413661353504 -0.0112100379397504 0.469925625182678 0.676425470080727
-0.00728506284242774 -0.0224865977366098 -0.136903927326044 0.559205144255125
0.00427650975299654 -0.0387710595965483 0.0369190520949714 0.0766857833948253
-0.00122518419450301 -0.0431863878029446 0.275895982282339 -0.421931682938484
-0.0259550905016794 0.0006810542228434 -0.320889800288743 -0.811217605878093
-0.0118951996459517 0.0126939150437972 -0.925567399132856 -0.150459836658747
0.00305156914765017 0.019188164156995 -0.425898956488975 0.63052395041049
-0.00419534481131392 0.00540923088436054 0.211701994866481 0.480006450145496
-0.000232832406823313 -0.00187542645075472 0.351967788617455 0.0894494661643838
-0.00771608002666167 0.00195742542542218 0.168285281699141 -0.186500995943332
-0.0205700475786849 -0.000277865067035483 -0.142414100216849 0.126693996492985
-0.017767081707021 0.00470271979345563 -0.24670460942668 -0.0914859001047953
-0.0194705534769059 -0.0076252018007693 -0.207667726441292 -0.43082192114263
0.00108057008536746 -0.0194235060473465 0.321497202792608 -0.556195726551538
-0.009381860400707 -0.0122069415205403 0.80331006316383 0.0617138767912577
-0.0120075306451914 -0.0116036651184724 0.412737310678458 0.719050964089576
-0.0090868267589355 -0.0217647821038392 -0.168631897820971 0.543868285456345
0.000334978334520397 -0.0355786673780617 0.0442059169330287 0.0611064196726948
-0.00763806626465906 -0.0406928245143497 0.249835347846998 -0.449673164261299
-0.0273443926348897 0.00333890265931035 -0.391002642600943 -0.77749940228713
-0.00793667535047047 0.0102364089701959 -0.925653012845399 -0.0585187710113695
0.00805896879669168 0.0156376097954022 -0.35609944575423 0.665339285986722
-0.00238891765659253 0.00790761611263988 0.251377514935356 0.461418199838324
-0.00512356589703124 -0.00142897144165389 0.356406664742428 0.072841581717442
-0.00789633271437894 0.000733185330546331 0.162119198529644 -0.1899534720201
-0.018002363630537 -0.00176593484631571 -0.145796719303228 0.121776916733452
-0.0212999390925426 0.00523158678443144 -0.240435435511762 -0.101211829295483
-0.017231493243889 -0.00537353875674026 -0.175328360328658 -0.440161369126164
0.00604529910550728 -0.0212571424235316 0.373128343712769 -0.529508185318992
-0.00601982874214574 -0.0147299267699763 0.805203041703975 0.130290408916617
-0.00998390408374286 -0.00924388716876154 0.356676332080586 0.753713235970654
-0.0119675767020473 -0.0169216431821971 -0.198493390081848 0.531506208191474
-0.00710441808523624 -0.0276335064552389 0.049693498459441 0.0486695355717683
-0.0132690045629688 -0.0319132668587196 0.224962245384519 -0.469836723124193
-0.0254181625423596 0.0076791331714924 -0.448947562125216 -0.746026228448306
-0.00532739683161319 0.00805905301388953 -0.915537819323569 0.019181411056745
0.0125598697862419 0.0122543480339105 -0.291352058968541 0.688828314235205
-6.00749998494739E-05 0.0110708884809875 0.28445259737083 0.44432752707517
-0.00754624115763718 6.67781691611399E-05 0.359469439191754 0.0565338696163111
-0.00664778042027273 -0.00252630843066377 0.156156786321283 -0.192767774782599
-0.0141494883425851 -0.0027800571444675 -0.14939183255073 0.118714245345371
-0.0215842453094183 0.00598371304763195 -0.237759233720813 -0.105916246856711
-0.0137426849274981 -0.0021849988909986 -0.149391245279319 -0.447251032222695
0.00985729119244141 -0.0221330672624513 0.409862912537189 -0.5057072847141
-0.00198781172835506 -0.0155981978546398 0.803513781065821 0.183087927693055
-0.00728163211025429 -0.00350380054858274 0.311179940025602 0.775635654058424
-0.0150415134826837 -0.00811113497483262 -0.217579392172996 0.520675989187046
-0.015553769663026 -0.0173733519532457 0.0508707904731662 0.0391045679639156
-0.0171995698507237 -0.0212117299073754 0.206440086406591 -0.485313983683423
-0.0219521192060647 0.0116136194662957 -0.491165228260647 -0.718405984906817
-0.00329391282227078 0.00613246416170122 -0.906375046055729 0.0763449640772086
0.0152469673377942 0.0104799086471969 -0.241842886426298 0.69942720608281
0.00280890991592921 0.0154265053092028 0.310558447659224 0.431474862163528
-0.00822088878072659 0.00222776546810103 0.361096028223538 0.0469964198499185
-0.00261555964765073 -0.00408723845759851 0.151354205098805 -0.194486603336561
-0.00869692959735701 -0.00301588934260179 -0.152469298236938 0.116630542884471
-0.0207379045411934 0.00781620694584347 -0.235698955505211 -0.108207789021058
-0.0111781978509546 0.00159572123165111 -0.132101090934998 -0.450610592883007
0.0116021436852909 -0.0217127141723145 0.436049529090239 -0.494769440870112
0.00175115215748298 -0.014810427234299 0.802616181619014 0.208415315505579
-0.00294400242230899 0.00380530997471865 0.285753859556836 0.785975990230091
-0.0189937045281825 0.00391554310561542 -0.231517082769033 0.514147408428182
-0.0236155398590103 -0.00483082723337192 0.0499570042511388 0.0346519728391279
-0.019294192525018 -0.00874287361787213 0.193223592153957 -0.491208904694499
-0.015821382275673 0.0163733464455577 -0.512550288949669 -0.701915215698892
-0.00104165204280847 0.00447201202567319 -0.899105639155242 0.101583631632889
0.0160876741435025 0.00982466680591217 -0.214103795779783 0.705927141904875
0.0070508936634987 0.0204311818866758 0.326292144616516 0.425652650648317
-0.0065766529075933 0.00359465811705266 0.361419304066828 0.043972347495457
0.00171926237332347 -0.00543792184194231 0.14941488358421 -0.195401972722158
-0.00384390035218716 -0.00172727143248065 -0.153903091424293 0.11490164584463
-0.0175554210023416 0.00971519731607592 -0.238598506835806 -0.106185828160815
-0.00902399983372614 0.00495125788236197 -0.128226875824103 -0.4464294953353
0.0109230418085842 -0.0203270872334409 0.43796869033524 -0.496095557706051
0.00550715978057592 -0.0141927220970023 0.800720685857291 0.205662400679149
0.00176139424374787 0.0123021510942994 0.284802979047853 0.78515890015386
-0.0222019990583627 0.0163120622793778 -0.232866911595313 0.516208010747437
-0.0315524380340463 0.00775205373441485 0.0457909977621169 0.03435015989188
-0.0185925189424901 0.00452593817616318 0.188072170887383 -0.491483132993497
-0.00966796401674955 0.0216398786535854 -0.515619022672309 -0.70065128443956
0.000232343915990568 0.00433858770914071 -0.900739883621559 0.100773198471593
0.01607203633693 0.0119939327789938 -0.212447091938728 0.702419885408081
0.00954102207112738 0.0244923908169692 0.328942118193096 0.426586354863364
-0.00331235068741496 0.00563911163780768 0.360198235935821 0.0471971694694876
0.00800514134818096 -0.00581416605128018 0.148511635595704 -0.196552900519271
0.000132492225811092 -0.00018628593405178 -0.153141258210827 0.116149176655825
-0.013281625137892 0.0122615936824787 -0.244067303762383 -0.101394483816451
-0.00844750870689618 0.0085959859818943 -0.139701618059239 -0.440816034526792
0.00767477676919666 -0.018058729632086 0.424065069399869 -0.511649704603341
0.00707112060816309 -0.0123392516582072 0.805038244647357 0.170868314833889
0.00728459489797319 0.0195209729593932 0.308685345635994 0.771977111410852
-0.0242165261613926 0.0281123140917035 -0.225430017718947 0.524033374549357
-0.0371308917358992 0.0200930803075203 0.0394233478891021 0.0395615730419178
-0.0169265170775439 0.0151264812449104 0.195220708546499 -0.485805999753873
-0.00224011596371352 0.0266747920288952 -0.498026591567266 -0.718495089821599
0.00210397002810318 0.00599826243778877 -0.908222781800787 0.0697240002099879
0.01476974442853 0.0144714109528592 -0.232559255647659 0.694235616302328
0.0121727675526633 0.0272213410231638 0.319232084974088 0.437280679217865
0.00223425860870218 0.00738880171903171 0.359092501580521 0.0567916697547359
0.0133754120679117 -0.00503949205935511 0.150545083313086 -0.196246586330679
-0.0197509016374037 0.0045353958986697 -0.134217793787737 0.137218341421532
-0.00683277580106776 0.00505735135283719 -0.262558618387298 -0.0648352609948673
-0.021182367944056 -0.00648233935418345 -0.276992831016161 -0.394684921165673
-0.00796597331765377 -0.0126878565525915 0.198610041844364 -0.606227871016766
-0.0125076656971179 -0.0054587395258531 0.781251655468031 -0.100273522488337
-0.00725784775677579 -0.00921736121029847 0.526865303069273 0.627385422278596
-0.00498464071643097 -0.0179690773601 -0.10115659113483 0.571393329600594
0.00523003950101352 -0.0359120776219595 0.0280421150589854 0.0899911093701835
0.00358204541847094 -0.0402639178146877 0.292345896271796 -0.402493921769135
-0.0220893612402248 0.0015131752540276 -0.265586177344438 -0.8337661165394
-0.0138115775891316 0.0151542359278617 -0.926452951678162 -0.223172164897517
-0.00298250200971039 0.0226196664785735 -0.482602686246635 0.601588784852032
-0.00479749399874731 0.00548212472207507 0.181646820912319 0.493393512575494
0.00427847814781397 -0.000408272177593958 0.348707103343662 0.102408124985329
-0.00530483115251427 0.00425294202329014 0.173918726485524 -0.186754812870302
-0.0214427515212191 0.00307363959921872 -0.137624460962175 0.133199852656471
-0.0126018442374959 0.00492020441459225 -0.25592846280379 -0.0774793791364882
-0.0214878461112798 -0.00710084464448114 -0.249622131511197 -0.41175116996096
-0.00352744499713063 -0.0159882262185779 0.252655875013572 -0.587978014058757
-0.0120386462322532 -0.00867742303354127 0.797392823248214 -0.0303466660467178
-0.0110767581252149 -0.0107300619591011 0.480791121555212 0.672159238904029
-0.00664217877885353 -0.0230729470576759 -0.130386194066957 0.561059023795166
0.00409551691338412 -0.039067734158307 0.037670177189491 0.0766234969571519
-0.00222766922952179 -0.0436771840575912 0.272366385912408 -0.427883016753521
-0.02495392617445 0.000184374387126079 -0.33134170061328 -0.810141540678494
-0.0115408796710386 0.0132614158554385 -0.930658467126795 -0.13809823446894
0.00370507189062293 0.0196700743190843 -0.42099175779139 0.637949392597735
-0.00367255446184138 0.00538915662403885 0.217384032302795 0.477864237187388
-0.000394130200538328 -0.00212797330527368 0.353640728573558 0.0864030321811975
-0.00764007728331523 0.00175689923934752 0.16731230490589 -0.189136915290957
-0.0207636276253696 0.00025815696577474 -0.1411740504787 0.129101400238877
-0.01783653097085 0.00470559749110953 -0.249707408597198 -0.0891936483709144
-0.0196992696204598 -0.00712618514818033 -0.215327846712587 -0.428378395463794
0.000782663140555767 -0.0188631358548419 0.313698298288372 -0.561600643431707
-0.0103347794716136 -0.0127509598418026 0.807026081920747 0.051543722580276
-0.0115196515403003 -0.0115961102769314 0.421526103080233 0.715496558487289
-0.00899918390526869 -0.0228522880150161 -0.162837121382678 0.546451666464594
-0.000360435978364032 -0.0350579050757922 0.0446582077359294 0.0609376313671935
-0.00817632489607548 -0.0402639370145074 0.24628848587015 -0.453820232404815
-0.0270646878022193 0.00378701041496732 -0.403130928117871 -0.77521298800091
-0.00749000905174179 0.011106350556233 -0.929250664271263 -0.0444611958168802
0.00932232816017339 0.0156060579235061 -0.348798662667235 0.671548862438362
-0.00273627684365944 0.0079346910946093 0.256271709942474 0.458476486455542
-0.00458983733821993 -0.00147587139682743 0.358687111427819 0.0661776554257356
-0.00809309052864123 -0.000796875694916159 0.160336813807008 -0.191473862942165
-0.0187352404422575 -0.00161405352762036 -0.14620120726518 0.124597323309958
-0.0211494720485219 0.00497673332095233 -0.244374046678401 -0.0980285252206516
-0.0172029187268981 -0.00530320011256276 -0.183125751174478 -0.440881618385187
0.00578608355589984 -0.0214918065456471 0.368000280839167 -0.534700754331002
-0.00607715148203767 -0.0141451104362813 0.8108004636146 0.119363582844004
-0.0101719661106554 -0.00925438679677404 0.368192212177783 0.752728104314982
-0.0121798353754763 -0.0175368821176485 -0.192099044995965 0.534332229226279
-0.00752184402583108 -0.0279959449077947 0.0498964348487315 0.0484637521219296
-0.0140327606482674 -0.0324084942519208 0.220173827548251 -0.474542413871966
-0.0257907313883236 0.00796692702158792 -0.459150547965559 -0.742617471264156
-0.005452837318188 0.00810781008289082 -0.919326208817015 0.0325594813823145
0.0133548322817793 0.0128298393749404 -0.28288824217442 0.693279549213569
9.17786755981713E-05 0.0111295942452309 0.291680987251392 0.441694273877111
-0.00756620548210938 -0.000165840606354196 0.36174883597409 0.0524555763080297
-0.00646219790876055 -0.00262625452812935 0.154535799328596 -0.194886005053195
-0.0143218873157228 -0.00261149309686613 -0.150380862670941 0.121034144902228
-0.0226437988659218 0.0061183913433073 -0.240363063015393 -0.103140406229874
-0.0138084421104695 -0.00139483134306703 -0.155791518994309 -0.446690050269961
0.00981350958360845 -0.0217542349339312 0.404793543787351 -0.51393278265874
-0.00175421883928375 -0.0156963029860599 0.808866479881088 0.170138487846624
-0.00669692997675906 -0.00379264688693714 0.322244632579953 0.773820799934761
-0.0153170177063889 -0.00825196830238652 -0.212807401733175 0.52573241052445
-0.016302248552251 -0.0173435772225442 0.0522645764713587 0.0391603933403012
-0.0177038796079267 -0.0215871672443766 0.200574079138435 -0.489818145839374
-0.0214136122965654 0.0122879348922974 -0.500919044586333 -0.714199434361586
-0.00331193325445039 0.00635548838988281 -0.908901688480284 0.0885332336556243
0.015908540841324 0.0105768007055042 -0.234811887237639 0.706160681628821
0.00332776214795347 0.0155926911459113 0.317111604574885 0.427686354875064
-0.00798718447167065 0.00245554014895016 0.363429333830754 0.0411279518259989
-0.0030925679581728 -0.00479473956910232 0.149902898985907 -0.198116150483648
-0.00988762254171886 -0.0020211469846647 -0.15250275905838 0.118834381689114
-0.0208009460938707 0.00772265711225691 -0.239206575600778 -0.106611588285325
-0.0118404937448021 0.00225673692018823 -0.138209454452096 -0.448842563234957
0.0114154697040933 -0.0214611639757581 0.430793008711295 -0.502400616764165
0.00215726790884955 -0.0151160756455607 0.805478033453275 0.196890184652471
-0.0030383105153417 0.00435249486286615 0.295381840185965 0.785041841113881
-0.0199287557140665 0.00310561630976012 -0.225442649096883 0.519037215285057
-0.0247002109248974 -0.00397214191979607 0.0512327547674545 0.0331962457318404
-0.0185204102547153 -0.00809213979112158 0.188791816780716 -0.496431050807461
-0.0157694081612226 0.0172882780954832 -0.524541433890841 -0.697594465441324
-0.00154011422797372 0.00429589184097529 -0.901524147572296 0.115110187218101
0.0167802028898689 0.0103038739813817 -0.202997245661425 0.711100994052876
0.00687879524523088 0.0206913161197587 0.332605925497063 0.420867051082433
-0.00630983020849703 0.00444861047169181 0.362351126176571 0.0395922613991718
0.00129804627865791 -0.0052306406284571 0.147857637191094 -0.199371159584108
-0.00497361178104321 -0.00183066353028603 -0.154313956468088 0.118814397725494
-0.0181403713745603 0.0102051549921454 -0.241774744795876 -0.103914199071327
-0.00907946056055145 0.00563186536543318 -0.13556399541104 -0.445292667414912
0.0105823282673945 -0.0203297097437571 0.434382822844491 -0.503056119197234
0.00539016108214615 -0.0141354682258626 0.806847098315013 0.194956671429215
0.00191219402443316 0.0119697891492789 0.2962782217715 0.783573655465551
-0.0222616877263886 0.0159258229765994 -0.22725858380598 0.520500564672739
-0.0319212773606208 0.00872693756325113 0.0461735395034182 0.0337157436516063
-0.0189907845767643 0.00367684187219454 0.18257895875687 -0.494960004588555
-0.00909168133041799 0.0220149101363005 -0.525798873011144 -0.698915316743429
-0.000537727533006328 0.00473483641517792 -0.902430973583219 0.11325173430449
0.0167128287330012 0.0116506009116122 -0.200622379478199 0.709463959582529
0.00989951901923278 0.0239761424816082 0.335789801424575 0.42362274471003
-0.00300487561866591 0.00614327070230035 0.362933996696516 0.0426541009694548
0.00839302341255256 -0.00594373993485141 0.146390800574494 -0.199234873482805
-5.11328311822053E-05 7.4237950787379E-05 -0.153663677450151 0.119195886724971
-0.0130399147482467 0.012255420582489 -0.246845989813648 -0.0990543612850894
-0.00763217963234134 0.00922824698623141 -0.146661190046005 -0.440818377624432
0.00775380595946617 -0.0186882559057433 0.417807122560973 -0.519984144689613
0.00669364103416498 -0.0132969005370683 0.811462877193853 0.160789844370994
0.00898102711327625 0.0187757233314026 0.319204274827597 0.770735934442396
-0.0241556096630902 0.0286128948011141 -0.218530234975249 0.528231485450379
-0.0379242637835455 0.019842042502383 0.0397955850250825 0.0385081857179059
-0.0174887648467945 0.0158186939207859 0.189297591544943 -0.488810431974657
-0.00212835325909825 0.0271375202035689 -0.509635119770964 -0.712437349429883
0.00215003898545356 0.00644205775546998 -0.910976942944537 0.0824443263855289
0.0154395865224108 0.0149717463195985 -0.223775187433628 0.700155716589487
0.0120907075833322 0.0266000731979783 0.328903290746608 0.43467620884018
0.00288347462560599 0.00712562908577896 0.360509143871806 0.0519015546188351
0.0120240533363277 -0.00522163045940428 0.149459665561197 -0.198905691089653
-0.0196510256227102 0.0039718075347225 -0.133641634874635 0.139683884265651
-0.00692205954935171 0.00482974229484491 -0.263413867782817 -0.061945371106055
-0.0210369041990824 -0.00617666980577799 -0.284983552903674 -0.392007126148611
-0.00871181466034268 -0.0115754788800881 0.189137021208708 -0.608608610819419
-0.01336950027561 -0.00516494239552154 0.780986043826721 -0.111347807927084
-0.00735721644870515 -0.00898864698395074 0.537270746086484 0.620126609447008
-0.0055320970229323 -0.0184097868372845 -0.0934500316281512 0.57495523509742
0.00483252104047132 -0.0364934841948473 0.0292155315665161 0.0890868619104151
0.00363426515348972 -0.0412611703984926 0.285661113357587 -0.40646973782598
-0.0219610117300607 0.00200452170231356 -0.27767407790594 -0.831301141194467
-0.0135580315338143 0.0161836763123796 -0.929068640237653 -0.210980041905081
-0.00262599476479627 0.0225494352195509 -0.474662586583941 0.607665393795653
-0.00395329129052037 0.00632462486610988 0.188418550934142 0.491568589752686
0.00391843468459312 -0.000919289424742658 0.351921905991903 0.0975124916609574
-0.00541958361614826 0.00391129924307697 0.17222369114368 -0.189396629257411
-0.0219249033870015 0.0029173374931638 -0.137204001420557 0.135951797801152
-0.0138111901850644 0.00486121607503623 -0.258589410967313 -0.0747187715506414
-0.0213186293993036 -0.0067167453687739 -0.257078055314276 -0.408883281489742
-0.0039338112938556 -0.0159083380762777 0.244289014051679 -0.592051159850047
-0.0129241516192462 -0.00849206331415785 0.796770828664061 -0.040923175769778
-0.0111379585601306 -0.0111714829410888 0.490578789827342 0.665732730826679
-0.00768005055678325 -0.0230543031578168 -0.123306951664112 0.56255178550159
0.00391917612323004 -0.0382145919740944 0.0378794598718579 0.0754092164971493
-0.00211398708233414 -0.0436349356595244 0.266953798015712 -0.43208923988187
-0.0249524499709763 0.00057129833897793 -0.340387259923171 -0.806250815300248
-0.0112880757015506 0.0139219133964072 -0.935815356989336 -0.123864411246271
0.00381503219823659 0.0193819109101609 -0.412016070423016 0.645381618116641
-0.00390622611021656 0.00507551978856278 0.223990947286435 0.47545011362741
-0.00101730766834054 -0.00245869427221388 0.356339155371516 0.0800765714106417
-0.00797642862268837 0.00181748070420782 0.166257689404105 -0.192036484309732
-0.0210363389670953 0.000683482572338094 -0.140888236738248 0.131314362969038
-0.0179712257474335 0.00503254763554958 -0.252266661249181 -0.086389813988436
-0.0197556967234002 -0.00641620711928309 -0.221322200434629 -0.426301219731084
-0.000142218760607654 -0.0195329026210097 0.306005299129458 -0.568189777922193
-0.010480376205781 -0.0124234987634952 0.809822966148687 0.038044360669787
-0.0121000466005523 -0.0118004574168067 0.431902491482572 0.710697809137478
-0.00948041768329255 -0.0221548691807147 -0.154285702832036 0.550035354046027
-0.000976153000620036 -0.0352737860191754 0.0456592264930556 0.0603035102779214
-0.00801715518734159 -0.040273378954292 0.240539670170202 -0.457622664602492
-0.0267734220888774 0.00373886745593958 -0.412562974494039 -0.770802785292502
-0.00775678216906881 0.0115502003958187 -0.931310796385945 -0.030664573063483
0.00983237357372625 0.014745073453213 -0.338578865870685 0.676848613842813
-0.0013873728911724 0.0076302738124909 0.264273449036788 0.456805177576257
-0.00519795631741368 -0.00201266184411677 0.360506925472573 0.0614903342140471
-0.00865321414540082 -0.000430163624616026 0.158367370485961 -0.194297946886823
-0.0183556973614681 -0.00108216426803315 -0.146204749397142 0.127035282837978
-0.0213120215879374 0.00510350365804259 -0.246123212073441 -0.094437268819089
-0.016911224973455 -0.00465268916090593 -0.190750648489837 -0.437296240919212
0.00484423748915611 -0.02149787856284 0.360504997880874 -0.540586270205176
-0.00668815370838673 -0.0146066360643304 0.813064467714888 0.10820015253244
-0.0100568686547392 -0.00877433205507438 0.378348082269819 0.746478385065529
-0.0121843958980653 -0.0173341351217355 -0.184474115992608 0.537866036113768
-0.00792649036046279 -0.0275269584255032 0.0510336013952879 0.0471299821778488
-0.014691845836439 -0.0325133183906452 0.215440836190959 -0.477844684376533
-0.0252945590907894 0.00812015550139409 -0.470529352137279 -0.734413104207263
-0.00528979321443528 0.00838083011196272 -0.920262956293857 0.0475014552551543
0.0139423896814264 0.01198453521993 -0.272109466243069 0.700150376619537
0.000720547483826687 0.0115050599708526 0.299066877471831 0.437864942952647
-0.00727359143795338 -3.90823639426739E-05 0.363298571658547 0.04654836190979
-0.00700232783008651 -0.00229080698483954 0.152669874679945 -0.197770011167217
-0.0142339257790895 -0.00222228229616992 -0.149587194869245 0.12382298648804
-0.0228637012847965 0.00594527651934555 -0.243079148858773 -0.0994447759121196
-0.0136724046194969 -0.0016599789834521 -0.16289105796295 -0.44544612867999
0.00905985577488015 -0.0216562242743043 0.398207809856894 -0.521115716973007
-0.00257538980845566 -0.01587998383486 0.812836999998996 0.158843055754422
-0.00690643780645989 -0.00323032846971149 0.334921234041337 0.769751076061988
-0.0149828434257961 -0.00869885724894821 -0.205773753956224 0.527154984487488
-0.015983037770679 -0.0170305471154695 0.0524189936371359 0.0381415689292547
-0.0183598911183925 -0.0213482104069123 0.195703953380548 -0.491112282282099
-0.0207420217857274 0.0131221090826133 -0.511807017817503 -0.707150245583332
-0.00290478757701928 0.00645703700660479 -0.908752144687937 0.104036716470323
0.0159443966558437 0.0105237045365132 -0.223359347278513 0.709821821974868
0.00374396288208285 0.0163677792105386 0.323929180232668 0.42341393376095
-0.0072931214447688 0.0022512507033375 0.364783272307939 0.0366705272775834
-0.00319879720652906 -0.00454049954310475 0.147800047977063 -0.200632248281989
-0.00943805731940441 -0.00170842816953748 -0.152376425984338 0.121291515476328
-0.0214902536125199 0.00849362698707229 -0.241658062576203 -0.102424049130618
-0.0101634788772705 0.00226604646583495 -0.146976714812583 -0.448149308083637
0.010472888631111 -0.0212493649633428 0.422315193944343 -0.5067806272521
0.0015308324715278 -0.0153978091043617 0.809767191949622 0.187810343174337
-0.00196139648493012 0.00360530551654632 0.306790728116423 0.782093435065233
-0.019267326907015 0.00344890774865968 -0.219109558974332 0.521896315933199
-0.0237276945460092 -0.00407509681534342 0.0509365202886286 0.0326746459896533
-0.0200514253298361 -0.00837270267342634 0.181320507623095 -0.498306924843614
-0.0148396583431591 0.0169162269625485 -0.532609298774863 -0.690182189320694
-0.00146503665669469 0.00489549059994913 -0.899970147959197 0.127980608541122
0.0171806711967838 0.0096286167955345 -0.194717660812136 0.713621519083008
0.00727137416330043 0.0201589725116456 0.339687843442879 0.416820617949533
-0.00628101012453842 0.00358156864121428 0.36501721476388 0.0334944243178981
0.00145086999106637 -0.00571915767304177 0.145378943079428 -0.201515049755937
-0.00418569907932162 -0.00168705060082066 -0.154391350945255 0.120729078808421
-0.0183439197839339 0.0109540000876107 -0.243940635470101 -0.101283829009153
-0.0083754960327013 0.00620309324740331 -0.14269726871813 -0.445646651572683
0.0106637823292195 -0.0201284887109309 0.424823486963737 -0.510695299941985
0.00480736930294081 -0.0141892789947867 0.81096149346582 0.182273022376324
0.00288769105312173 0.0119263619981448 0.308627971522471 0.778046850975235
-0.0218497874901461 0.016238317904654 -0.221839842575512 0.523000500286169
-0.0316479559417118 0.00899499767182136 0.0468184385281012 0.0331410137437361
-0.0187628045508638 0.00429987574225509 0.174874650075917 -0.496504704068519
-0.00792068224004813 0.0218420993512797 -0.535428825057852 -0.69244731015125
0.000661185580816509 0.00497130694203975 -0.901278942626566 0.126719279413906
0.017722073096189 0.0109950661373409 -0.191909341437766 0.712007488591136
0.0103172635827136 0.0239431844864495 0.342667506205926 0.419673708440561
-0.00265184114248467 0.00590752169185293 0.362928133157037 0.0363762496158618
0.00683102032691927 -0.00622036379664101 0.144896789795555 -0.201743661261655
-0.000471747660182336 0.000670136848976363 -0.153020347221802 0.121733973988715
-0.0139610573770527 0.012673949787707 -0.248227169043653 -0.0949119916864743
-0.00731157255114951 0.00860352146768097 -0.153487322309996 -0.438876502188903
0.00733020390103539 -0.0185452177940775 0.409631192064222 -0.525627076825431
0.00632122327958785 -0.0125024696025031 0.815577132456448 0.149784689999564
0.00917362918814319 0.0191213341105681 0.33058262974306 0.767020326810968
-0.0233365263757674 0.0284856442517918 -0.212473645003308 0.531552166296937
-0.0374513289933462 0.0200401253732225 0.0397629812015423 0.0390333774860939
-0.0171651147626801 0.0157493992986199 0.182551257772112 -0.489881171400372
-0.000445164945650557 0.0268955356065435 -0.519853642276294 -0.707590879835808
0.00243115885876195 0.00611353798207499 -0.910843843444424 0.0965390072539151
0.0162187057926373 0.0140652052499798 -0.214790287564541 0.70414427633166
0.0128548411467789 0.0268901298591145 0.334743219769992 0.429190503770958
0.00222816175855104 0.00670969061901106 0.36291608216436 0.0474779582208168
0.0126390674810062 -0.00542735947382457 0.146964819048592 -0.201764824816521
-0.019631456092954 0.00510114831131264 -0.132461209628127 0.141131053399197
-0.00799162766707596 0.00508818949466203 -0.26572799413166 -0.0583993641753745
-0.0208482445295855 -0.00511849027675232 -0.29048559043849 -0.38513041646574
-0.00853113521240494 -0.0112125440253848 0.180169612820306 -0.611955392418005
-0.0134692730517318 -0.00503290306421709 0.778323739712932 -0.122123722958755
-0.00724852085356875 -0.00957425018922151 0.543069897354158 0.612179436439755
-0.00586344299687211 -0.0180525136487465 -0.0843591346016561 0.57346792703453
0.00433126047664475 -0.0367036149705716 0.0304473733352439 0.0892334831025385
0.000970873767869286 -0.0405653235004149 0.280381646485973 -0.408583575534637
-0.0208893126441697 0.00149546939346736 -0.28894639227784 -0.825636110825014
-0.0133381785185203 0.015580462175946 -0.934134070748256 -0.195261847238141
-0.00263181519905699 0.0234018604333293 -0.46425841620944 0.615757342345842
-0.00415661041939863 0.00574837652911282 0.196204181292463 0.485984943368307
0.00447153243162025 -0.00164875268098098 0.352462056611014 0.0918827817810908
-0.00584452158721645 0.00407791629592794 0.169652238115282 -0.192690984117156
-0.0213517751706572 0.00374251215404434 -0.136047343693143 0.137556106499015
-0.0143443100265979 0.00494473549826542 -0.260752069931123 -0.0698862266354827
-0.0213989936337134 -0.00625755709353797 -0.262775993347768 -0.405335393017227
-0.0049616018177434 -0.0151316784274437 0.235637192108004 -0.595098067743421
-0.0128274401605068 -0.00825595364573621 0.79746330902044 -0.0549174776701533
-0.010815558780119 -0.0115052620443852 0.499241861949656 0.658304862697916
-0.00770727283607038 -0.0231660602608244 -0.11659303977506 0.563538269939398
0.00315984386838867 -0.0381530787621109 0.0395086131229266 0.0750969337244394
-0.00339455214418535 -0.0431254825385465 0.260335353804244 -0.433756076162004
-0.0255428478538247 0.00119135480479157 -0.352836961831565 -0.799333877914349
-0.0107471125357368 0.013569702797417 -0.935352958443572 -0.112023747264815
0.0040823944809519 0.0191947896812667 -0.400929100977716 0.651546070534471
-0.0030158594149279 0.00529433716983136 0.231870024354163 0.473556115537311
-0.00123385928600238 -0.00178522713058913 0.35666680763751 0.0744510106154906
-0.00855802977171595 0.00182473155239203 0.163722079304309 -0.194312954487548
-0.021600183926561 0.00107921269400303 -0.141501427335577 0.132837179542517
-0.0184397282865704 0.00539196508130273 -0.253824911046079 -0.0827230521532054
-0.0203081368971799 -0.00590147546301994 -0.229363095259308 -0.42144874278997
0.000155250208658982 -0.0191997000218191 0.29827136428136 -0.57033125126594
-0.0108339497081633 -0.011928405167982 0.809854880762441 0.0251108048092062
-0.010933755719983 -0.0106098800207119 0.441261970779673 0.70340726777291
-0.00915631651686005 -0.0220915370160209 -0.147046578798892 0.551460855097936
-0.00124588675458871 -0.0355359739913001 0.0462727034802782 0.0593845952860058
-0.00972610448938275 -0.0400221300723895 0.234113862921285 -0.46101043036828
-0.0256632628397401 0.0046457768722087 -0.421826325060267 -0.76241776247896
-0.00748910319795315 0.0115973224325924 -0.9304739815551 -0.0164173809876188
0.00982922746699614 0.0152761022729352 -0.328690192647349 0.681796836630352
-0.00208730550984218 0.00788970195406764 0.270184713585548 0.451895462296659
-0.00533639769836209 -0.00176772582271054 0.361500436509949 0.0563014889280132
-0.00978828378119849 -0.000633950476298067 0.156820185611529 -0.196456095912175
-0.0183841780655006 -0.00106043196212293 -0.145122836740793 0.129111647020602
-0.0220741898049875 0.00557746111133107 -0.248390542829008 -0.0914719252288127
-0.0164969654494888 -0.00408231119541375 -0.196817560946146 -0.434694736859914
0.00487712562484406 -0.0211911790379524 0.352161923330544 -0.54681999576473
-0.00759968577486735 -0.0148362921319024 0.812911820724814 0.096057665070523
-0.00929503759134892 -0.00882394797411233 0.389053338748503 0.74032712049085
-0.0114817792976896 -0.017082953085222 -0.176729482546313 0.539800153662049
-0.00773040625125557 -0.0271372036211663 0.0505194032175167 0.0465186234160166
-0.014683692975321 -0.0322774134425745 0.208537605565711 -0.479666777434199
-0.0244823654638441 0.00877297573915086 -0.479741630923887 -0.726954911713186
-0.00476789381758206 0.00864061379753487 -0.919763110677082 0.0598680002082043
0.0139629146712669 0.0120606548324626 -0.262507864438839 0.702325087954125
0.00102997489662575 0.0111045401920429 0.304199728322479 0.43268482897106
-0.00749647967787773 1.4816918458456E-06 0.363746736724257 0.0407707133774602
-0.00710733656171871 -0.00267049433734028 0.149909198196445 -0.199529556299262
-0.0146629565100822 -0.00175904232514397 -0.148690546018527 0.125614440624691
-0.0225754802889892 0.00585983177812024 -0.245011759594492 -0.0962471025692026
-0.0129655641004511 -0.00122420291959001 -0.172509539244325 -0.443335703557693
0.00888610779903661 -0.0213287853080504 0.388955457292343 -0.525918341579254
-0.00316057267241046 -0.0158132329219472 0.813422338865039 0.146141927517949
-0.00550530668565645 -0.00383304861577426 0.343696635084507 0.763445090699596
-0.0155994084236042 -0.0084917721937131 -0.19863717754728 0.529199584226727
-0.0158755621536037 -0.0158364731311474 0.0522809620139869 0.0373268657035215
-0.0179535643245905 -0.0213847411790663 0.188144493386939 -0.492897041521895
-0.0205505581267698 0.0128943664152125 -0.520646030062237 -0.697767638907334
-0.00256229329463005 0.00629060804544721 -0.907650919331069 0.11624851078477
0.0166331356701744 0.0100063384064041 -0.211154122824098 0.712689696697403
0.00406515362347714 0.0159473188965059 0.330627156086699 0.417907057474139
-0.00775455908086311 0.00241764722082992 0.364639583309231 0.0313893697378285
-0.00321777404061557 -0.00465671245063166 0.144994472954568 -0.20283092919378
-0.00930238643765739 -0.00164055415433221 -0.152038862744744 0.123434201608207
-0.0217297216985709 0.00778992341676224 -0.243665559701892 -0.0990611925491686
-0.0103512737721053 0.00339758575042209 -0.1540072009942 -0.444956673322086
0.0104921893625412 -0.0210914814308113 0.415005809526736 -0.514346932657767
0.00124032715596736 -0.0159756863135246 0.81205237610433 0.173936272118346
-0.0015674498214027 0.00314914704592243 0.317067190073544 0.775355067623926
-0.0191428984247389 0.00395562043983552 -0.211519514884832 0.52387757557154
-0.0242060616293731 -0.00412373283878494 0.0508977354234921 0.0324075589138471
-0.0188635244970652 -0.00844641504117296 0.175160083297145 -0.50023788144892
-0.0144988095786651 0.0173234216096332 -0.541906228116611 -0.680027814536984
-0.000650235649288176 0.00507251129228385 -0.898442847427385 0.141096055429891
0.0175966622907373 0.0100074661977741 -0.183620208343736 0.715585164004347
0.00796735857617438 0.0202234169497995 0.346373931796443 0.411227406129874
-0.00624259703548556 0.00450120088741578 0.365008378421741 0.0277715135528966
0.00132684495985742 -0.00559840956995268 0.143474016513404 -0.203498774452687
-0.00464083035614793 -0.00166516172532 -0.153005731267284 0.12312764074342
-0.018575220556438 0.0104249323591483 -0.246172356149264 -0.0969756632411338
-0.00910915606273082 0.00642619091970386 -0.150524993209049 -0.44302528421164
0.0100895757644964 -0.0207143163179358 0.418050062171748 -0.517128122804765
0.00447769362076165 -0.0144383169688455 0.812926683544186 0.169838039176836
0.00379692185483574 0.0118841983433084 0.317246899610931 0.773232664393211
-0.0226455697751385 0.0162774341174833 -0.213966035690554 0.524835685373671
-0.030949053722129 0.00955096343272298 0.0465731862150164 0.0325868482968525
-0.0190519948222642 0.00426790876136334 0.170733732793903 -0.498774111355293
-0.00743093151774447 0.0222481300401446 -0.545451452667542 -0.68279563770469
0.000817787912862003 0.00551443318218875 -0.899447655998447 0.140517961419155
0.0170428261570628 0.0110411176108109 -0.180787769515207 0.713892183873634
0.0104582332914392 0.0236885098061772 0.348512608934435 0.413758213010292
-0.00231197093120921 0.00620476674062031 0.36472136326673 0.0310961551212376
0.0073377506546162 -0.00623986187396479 0.143010983396401 -0.20442772187776
-0.000490240579191461 0.000706696688425146 -0.152317076883844 0.124494362838309
-0.013382258223721 0.012811868751239 -0.251298585773489 -0.0917529366936337
-0.00700352082384843 0.00955698746635392 -0.161322512852664 -0.435367780981729
0.0072003707135688 -0.018329407515105 0.401121404798235 -0.532554320101044
0.00653134801220631 -0.0126587999746043 0.815076311699418 0.136909690181444
0.010107409824537 0.0185790109368043 0.339238396219994 0.760839854351104
-0.0233294927100393 0.0286265120855576 -0.202882573201615 0.532454576301653
-0.036604433386647 0.0208999251175062 0.0403100154692898 0.038475059463088
-0.0166840600126096 0.016272250060468 0.176917179028486 -0.492326983342233
0.000150727438829275 0.0265524216835282 -0.528205208952446 -0.697642237173471
0.00222540788599282 0.0070651166674497 -0.90848687228115 0.109242684174358
0.0153689002169497 0.0140703456116517 -0.204236637549475 0.706007117091176
0.0134472825729022 0.0260719633655135 0.341151785920692 0.425061015742974
0.00259177184671768 0.00712372638416996 0.364446620688723 0.0406348042947852
0.0132415766929447 -0.0054219924971885 0.144421701774064 -0.204494906066967
-0.0199597900677504 0.00608013708378323 -0.130838575299273 0.142446777528347
-0.00728610638249677 0.00465481020147223 -0.267183621998131 -0.0545315656662942
-0.0206810415677667 -0.0046324905530957 -0.296703335981825 -0.380060029184162
-0.00915126575602331 -0.0114159726914444 0.168435115972143 -0.611923469609165
-0.013603043272258 -0.00455436870897119 0.774370369535614 -0.133513013107296
-0.00724946930088169 -0.00888602896780772 0.550555740744668 0.601768198244071
-0.00537294195744874 -0.01806980725135 -0.0776570558507893 0.573371934916403
0.00416635103437999 -0.0355947944539133 0.0309780225518777 0.088113445006754
0.0017921042303949 -0.041184557982253 0.275060194349612 -0.411127278602675
-0.0205025368136743 0.00193905121259481 -0.297393323148741 -0.816718295001189
-0.0129390490135583 0.016200297871017 -0.932468307186082 -0.181598504447387
-0.00221303564408254 0.0227876760660132 -0.453012313781814 0.619765205888214
-0.0042435686652261 0.00538951630552482 0.202296778296916 0.48304452164601
0.00419811306173854 -0.00196324549843674 0.352958519298317 0.0872317469018922
-0.00620266897244247 0.00462115940077982 0.167511845434365 -0.194677587441483
-0.0212617202578389 0.00388059099993356 -0.135448914666823 0.138906647801271
-0.0139810597596184 0.00536832440757504 -0.260492348845093 -0.0662377288786469
-0.021127213039577 -0.00618594889230938 -0.267939931244425 -0.398877880702343
-0.00508021218317393 -0.0151626791852277 0.225809814012261 -0.595319180758097
-0.0126579144468297 -0.00830673775521537 0.791715989046246 -0.0643076970398035
-0.0109521954939568 -0.0109652334273733 0.506109364903065 0.648436376420692
-0.00737955557824014 -0.023049753894476 -0.106956810991371 0.560865355379167
0.00233198065125454 -0.0377869339408338 0.0392892819633626 0.0742098462214783
-0.00278832925448439 -0.044351005665213 0.253098021192458 -0.435121246986756
-0.0243048828099977 0.00107455842145705 -0.36293506596075 -0.789555149847067
-0.0107029776448511 0.0146269522593773 -0.933821884444683 -0.0948008263714753
0.00448659295500072 0.019408265377381 -0.391542897461294 0.655455106470071
-0.00318719870626132 0.00617902534744606 0.238127376698525 0.4669442009272
-0.000287299402990063 -0.00275217480670824 0.357344777815754 0.0683145104868
-0.00803289756776386 0.00239054310769459 0.160004544305736 -0.196619990682133
-0.0211086326903737 0.0017908546336641 -0.13992690216144 0.135426077146107
-0.0188541908427857 0.00591296439462759 -0.255136460337709 -0.0784819391842373
-0.0193891944791764 -0.00573756364075666 -0.236904610483561 -0.41593291439813
-0.000830671600902348 -0.0183799100532542 0.288007415677285 -0.572988912744052
-0.0111400833945444 -0.01178915523379 0.806485766944915 0.0140301154447358
-0.0110537909519001 -0.0110625064117021 0.449710094944684 0.695824796016171
-0.00951715780985685 -0.0222282118236808 -0.140259900345473 0.551452690727774
-0.00141453491310307 -0.0351723928767442 0.0468899852287654 0.0583770006948008
-0.0102965088965635 -0.0405586562090862 0.228516641269302 -0.459833300396042
-0.0253863978773873 0.00452886406440937 -0.4297836216352 -0.752891431763715
-0.0068723550344283 0.011728670802694 -0.928175285780198 -0.0034524069472478
0.00989118462155759 0.0149027724647568 -0.316607858731102 0.683918021881476
-0.00147172527920058 0.00782362560711742 0.277141099988656 0.44573299774071
-0.00531235476640534 -0.00151813223754627 0.36084983774457 0.0509550055168041
-0.00898079381262858 -0.000722901223103114 0.153274272125583 -0.198292539758406
-0.0191314072913791 -0.000247633664150506 -0.143545933738238 0.131013032582512
-0.022240886464459 0.00570224536726051 -0.249840351816365 -0.0877177397558476
-0.0159220116328143 -0.0035663953334842 -0.203367601468549 -0.430299989476308
0.00428981498389913 -0.0210932541621696 0.340550555438694 -0.547369773192052
-0.00772124255519851 -0.0146165201516675 0.813119137193828 0.0833954493927878
-0.00902957362060781 -0.00845702177677939 0.395052223390477 0.731663884848199
-0.0124793957239151 -0.0168123493903958 -0.170315494931609 0.539946162109635
-0.00804554884326426 -0.0273761579796634 0.0510181809587089 0.0457396719446602
-0.0147022540509811 -0.031731234211566 0.201812645529585 -0.481962118640793
-0.0238662924038579 0.00846148898549183 -0.487676385555871 -0.715963370007828
-0.0040906756155958 0.00933032538939429 -0.914175961838798 0.0734017597056841
0.0142282705639149 0.0126522855089229 -0.250673533204044 0.703806284196064
0.00155659909750346 0.011105391522788 0.310219595231474 0.426738427705972
-0.00702152400748188 -0.000508457228296084 0.363338380692867 0.0351830475361874
-0.0074286925757962 -0.00312442303083809 0.147527412670663 -0.201832794351114
-0.0148775270198282 -0.00159568135383492 -0.148104181740789 0.127141671213566
-0.0225731312698283 0.00636603893522558 -0.246457405643101 -0.0923591446395967
-0.0129304935811909 9.87445117761757E-05 -0.178616867565985 -0.437836619371092
0.00771946072691324 -0.0217011803306275 0.380451828285621 -0.529458922444148
-0.00302276695613214 -0.015699759246446 0.809842787883629 0.134917804363558
-0.00593235018835175 -0.00316097471511001 0.35242458510661 0.754799123021318
-0.0156210954285548 -0.00853794403952602 -0.190678641118929 0.529907735434765
-0.0157201216042291 -0.0164544660118156 0.0525954595343857 0.0364394579441594
-0.018523402974589 -0.0204578261744223 0.181035749438354 -0.494155622462507
-0.0204695591213407 0.0130051652139673 -0.527783934692089 -0.686325578200067
-0.00230656645657785 0.00697402354976991 -0.901395912532933 0.128594951817604
0.0166969231331509 0.00998619326296543 -0.200110842890569 0.714465417889568
0.00502759394478859 0.016068122048277 0.334721583280216 0.412024009235147
-0.00776270700199271 0.00228705432999499 0.364522189034004 0.0256955795425851
-0.00360492615535743 -0.00421800688365842 0.143121390867562 -0.203203697931308
-0.00940329592045279 -0.00173428348789383 -0.150668091890736 0.125368651958375
-0.0207690482045729 0.0090949859514194 -0.244657383853962 -0.0957420964331605
-0.0101357650069776 0.0028025869658844 -0.161801903885264 -0.439208148390375
0.0105442103136506 -0.0211626107221606 0.404970106205992 -0.518804041171886
0.000652437159590989 -0.0156829972785539 0.811317487312221 0.161601443849167
-0.000990332131833947 0.00378339400605902 0.329036310456756 0.76641064117817
-0.0195342615025329 0.00346803084992523 -0.202869332391187 0.524280999606806
-0.0236867507217306 -0.0039239072897028 0.0514706114303112 0.0310501777050392
-0.0197146786179904 -0.00791771785354621 0.167160046240927 -0.499198714003907
-0.0134656827929704 0.0178764037637534 -0.54752238394741 -0.670994996560415
-0.000657639652908278 0.005379773948631 -0.892680768715687 0.153370981640189
0.0184762178446104 0.00936806755570033 -0.171355999292568 0.716617857511919
0.00875486688845484 0.0198609651577139 0.351537956719002 0.404872584310833
-0.00630674712659581 0.00375848591320452 0.365389328618807 0.0223815066015176
0.000831146252653167 -0.00606511142532644 0.140796159129565 -0.205012287168035
-0.00517183681261257 -0.000201437559040346 -0.152163402738251 0.124978071279051
-0.0184485249790008 0.0112094811490696 -0.247259073702092 -0.0930050854402193
-0.00787366329153543 0.00695906964254399 -0.156487319103647 -0.438506663810482
0.00974640160731089 -0.0197553222007609 0.407686985579789 -0.520410994062323
0.00401429656628005 -0.0150563651479607 0.81215774728031 0.157829607893803
0.00466418735942986 0.0109923199715945 0.32563616416848 0.766813811455279
-0.0222414974545039 0.0167004236530582 -0.20483934574792 0.526576674033571
-0.0315855617433683 0.00978064920357788 0.0467003960454148 0.0319021689070512
-0.0190406462831877 0.00506930363641532 0.163447741696505 -0.498599816196497
-0.00677635239709277 0.0217514865163381 -0.551858564909486 -0.672708297148627
0.00105081596276727 0.00530241588848766 -0.893987989458704 0.154145800896845
0.0180731758339705 0.0112785198733182 -0.167482873753419 0.712893812817169
0.0117200728703793 0.023408551894247 0.355092800156804 0.408199192951154
-0.00300308802909479 0.0060581259842801 0.364290760415715 0.0245297768388471
0.00703173060655034 -0.00647227001870383 0.140030944195624 -0.206552893859418
-0.000905531415326988 0.000973990697663088 -0.151725898581102 0.126120050076086
-0.0132832382093417 0.0133606651907278 -0.252992093821083 -0.0877079019566012
-0.00661645332487675 0.0101656974795867 -0.166628435368148 -0.432776199504708
0.00693529003618429 -0.0178539691078803 0.392454969507314 -0.535652789639614
0.00568847173205698 -0.0130733887612206 0.815045122977179 0.124780510182472
0.0105854506374433 0.0185474595717455 0.348146588350624 0.753259468300852
-0.0231934171430707 0.0283648273310421 -0.195517311155183 0.53259401283577
-0.0358134386347904 0.0213285666101507 0.0405250067573517 0.0372853196557082
-0.0167895241884042 0.0160999221432204 0.169607821550417 -0.493433474894109
0.000437702105150419 0.0262873775885591 -0.535166979616491 -0.688024884054692
0.00310233003359089 0.00685114903233144 -0.904165111995998 0.122907185178966
0.0158483090686588 0.0140803692645076 -0.192595668111631 0.707407595935112
0.0141843817007975 0.0255943490984259 0.346136548874399 0.416273657705252
0.00243085798191572 0.00632279621579249 0.36294670725655 0.0353697623002524
0.0119396266995927 -0.00640911520914077 0.140968179504535 -0.205629967564129
-0.0200822168976396 0.00616857466254763 -0.130345427892361 0.144071532454396
-0.00803854242052971 0.00509912647796258 -0.266489809622994 -0.0502617653928211
-0.0205241045520473 -0.00413166662325155 -0.300628726374447 -0.372812749826712
-0.00896917191624272 -0.0107370184252007 0.160034346340233 -0.610024908840232
-0.0139201576013367 -0.00411315228087906 0.76879597820607 -0.14337127348611
-0.00676535893329329 -0.00928121067824573 0.55406154193474 0.591019167907804
-0.00619504386041315 -0.0181011775721981 -0.0706393700194941 0.570120587418364
0.0030144751559506 -0.0358740598508855 0.0317727438173026 0.0868162151073964
0.000284042086920766 -0.0410906000940975 0.268814651558755 -0.411268574750203
-0.0200151153488011 0.0014895012946195 -0.303078900965193 -0.807877854255212
-0.0124586766795821 0.0169160715905066 -0.929516181223292 -0.168937525578065
-0.00121198509191104 0.0233006243228943 -0.442825236327647 0.62343902197109
-0.00312910752844815 0.00515776281585019 0.206550371186403 0.47780244173738
0.00416168276108234 -0.00171646633823832 0.35196840297065 0.0815711413570252
-0.00606458017751137 0.00402797616933108 0.163958955709628 -0.19554895761868
-0.0219325807158498 0.00397946247929864 -0.134469275598785 0.141098835020944
-0.0138632135015926 0.00543445208918333 -0.262445074661481 -0.0628010371445829
-0.0207732976682781 -0.004872047641513 -0.273923590674156 -0.39358769784522
-0.00516734888330069 -0.015113200239781 0.216412332375303 -0.596131183216061
-0.0136717572563752 -0.0078586093776938 0.788270345449257 -0.0762565578701421
-0.0108355377408103 -0.0116965336134941 0.510142311072684 0.638266504498251
-0.00795964836653656 -0.0229317208575971 -0.099016642379218 0.560265618069176
0.00211815365761811 -0.0381740966453281 0.0395993398855826 0.0726646158695251
-0.00380682018462666 -0.04285397071513 0.246962437842795 -0.435466646605146
-0.0232570667091178 0.00191746333039226 -0.369546712949897 -0.78138234318475
-0.0101887294309375 0.0143179083602171 -0.9314606734865 -0.0830261267689549
0.00495623374940694 0.0186431467708283 -0.379935045284919 0.655961742076085
-0.00321180825311458 0.005318008319841 0.242177474985734 0.461566894744721
-0.000465833907015351 -0.0026679053311941 0.356989991619773 0.0632287544653261
-0.00852567617470712 0.00244273728756196 0.158301325573159 -0.197744090084451
-0.0211962148395933 0.00265872757294275 -0.137948243774301 0.136097270034227
-0.0187715986599733 0.00542800003436082 -0.255968124159471 -0.0746852556930971
-0.0185350641966464 -0.00464602769358679 -0.241325088090548 -0.411016366571908
-0.000606667012860612 -0.0185211189297164 0.277914650744813 -0.574121015462156
-0.0117476833241748 -0.0115720778870388 0.802609885216395 0.00448836893587668
-0.0104743985052114 -0.0108663936451108 0.456225571205673 0.684902119242725
-0.0105619320148766 -0.0225032086669708 -0.132386326628335 0.548558661835096
-0.00198707318583527 -0.0348148774025116 0.0468811137687777 0.0578799922965134
-0.0105835561338168 -0.0404816048413203 0.220759091634999 -0.460531535995099
-0.0249120694582167 0.00460003907576966 -0.436384025224842 -0.743810802706848
-0.00686280633531961 0.0117721665595534 -0.92364383378984 0.00851529185858087
0.0105139857908069 0.0154287478612905 -0.306666894589996 0.685993580896338
-0.000603133443446997 0.00807650929248182 0.281059330098723 0.43947563559496
-0.00406977474966084 -0.00176026690858079 0.360763827796312 0.0457308588540443
-0.00895757489189848 -0.000148081120358589 0.151408630062224 -0.199971790096817
-0.0194642555860593 0.00105023649301507 -0.142523562069674 0.131648318244124
-0.0221892017359184 0.00630349619749024 -0.250134904614357 -0.0832843379178602
-0.0162957743522899 -0.00320792461464112 -0.208871962579686 -0.42606998779376
0.00432138977617208 -0.0210239276230424 0.331341721165194 -0.551043520558787
-0.00787904530371044 -0.0134419194344047 0.809206330382535 0.0721594553976947
-0.00889514974473467 -0.00870887769172943 0.403842252987116 0.721649144841251
-0.0130662680769373 -0.016823009401497 -0.161301217584469 0.538798050836471
-0.00894621099900028 -0.0268328619434026 0.0510436511378723 0.0443415508642089
-0.0157323421190631 -0.0310402948098226 0.196030396616952 -0.479240183397337
-0.0232367794274063 0.00910104851730085 -0.493719298287069 -0.708134875063704
-0.00465644076151472 0.00993954611218418 -0.908224020623342 0.0853974833239643
0.014522711381397 0.0121725952570048 -0.238714967418311 0.704206707310413
0.00186577836721891 0.0114484255559058 0.313535421410533 0.421009327383674
-0.00692796293746316 -0.000439250724627194 0.362037697461595 0.0297798004766551
-0.00767594955499459 -0.00180044318029119 0.144708160940112 -0.201881108024134
-0.0146607611412429 -0.00031488779379489 -0.146521504582921 0.129144400413115
-0.0230486929020383 0.00739947998968024 -0.247151427804295 -0.0893817359975196
-0.0125432158517849 0.00037617680349996 -0.182808150050134 -0.433166340798805
0.00793708038374897 -0.0218654348182215 0.371411212159826 -0.531322460997964
-0.004068227598173 -0.0153417307021659 0.809657016895294 0.122532828639157
-0.00522094832184388 -0.00335806998851686 0.359683137089116 0.74653846471404
-0.0154965269221753 -0.00859866768958843 -0.181212659365611 0.529179375553929
-0.0159102465127075 -0.0159219040467013 0.0516049129481307 0.0355494469530927
-0.0196734229693213 -0.0198914965238557 0.174987743821523 -0.492275237121318
-0.0194710980359647 0.012957696208085 -0.532332754471293 -0.675222659411406
-0.00232228610993202 0.00666542093074864 -0.89491162772885 0.140737909769981
0.017053443166901 0.00891265370893423 -0.188851464607463 0.711089266842676
0.00519832490531276 0.0151926194962573 0.338979457274178 0.405213026705488
-0.00778359849468961 0.00181067540395109 0.363713882070539 0.0196160781563963
-0.00417478053269594 -0.00449281431328174 0.13950272136304 -0.204545784918283
-0.00978956530851331 -0.00118254834222134 -0.150245647099729 0.12638744797354
-0.0216856803161038 0.00892536963447407 -0.244978595147228 -0.0914573956749997
-0.00986268145480279 0.00320835218078184 -0.167086147179084 -0.436890110675205
0.0103138935331983 -0.0211041590580099 0.395188715191427 -0.520456496785538
0.000392860364490932 -0.0159529689872817 0.80959715647619 0.150208934234035
-0.000726596101274657 0.00324936857114912 0.334886985398784 0.759185318315166
-0.0191008949782518 0.00344779179578562 -0.194860086163749 0.522892511890223
-0.0237819533716927 -0.00255427550806522 0.0503081257656888 0.0300101457797325
-0.0195769890335428 -0.00793759489759173 0.160853247193892 -0.497296535635584
-0.0134885937444031 0.0173251093787976 -0.554508505034157 -0.659776435651271
0.000515310171360944 0.00500532674975154 -0.884009962831761 0.16619716814872
0.0174377396937098 0.00899381038323468 -0.161940018892506 0.71440758334893
0.00866682261566358 0.0197178966416249 0.353730218893783 0.397404658255494
-0.00557031609514047 0.00405106826266012 0.36350439214052 0.0164020076160996
0.00139787826346733 -0.0059504712232713 0.137726226179648 -0.206459147043928
-0.00427322870224825 -0.000689378811229575 -0.151421892454816 0.126725137207607
-0.0187611467612518 0.011615899965387 -0.248183420892716 -0.089438475778693
-0.00750299826678232 0.00756387411692402 -0.162859358341775 -0.433626524418939
0.00883015705438399 -0.0195378883484521 0.399418344216738 -0.524513511797446
0.00372573977085275 -0.0144442499655179 0.809653890910989 0.145653468119753
0.00524686738052045 0.0113325505553134 0.335210208352167 0.755878412456218
-0.0222355876211011 0.016277502229674 -0.197391689234414 0.52388648511515
-0.0299548362556279 0.0101226102372485 0.0471325510579994 0.0307167276969361
-0.0185974021565032 0.0051079626825782 0.156755118117441 -0.496469207943931
-0.00619638099316372 0.022550367919908 -0.555410456235698 -0.660898583335641
0.00179822415694579 0.00512541871607984 -0.888093760480815 0.164458953517479
0.0181456818805882 0.0106857204001573 -0.15903177210276 0.712844690895743
0.012431889378895 0.023202294114419 0.357129471961129 0.401007829758164
-0.00265825048982871 0.00460395011985827 0.362305084083682 0.0204824205540511
0.0071884420146862 -0.00691920407256908 0.137336162917067 -0.206806408858879
9.16976288080895E-05 0.00108552586311524 -0.151209423241967 0.127433150027808
-0.0133075186364761 0.0134531896496599 -0.253085879876274 -0.0831201199389977
-0.00632534085245125 0.00991231046052101 -0.172244742939864 -0.427672320800821
0.0060724576854745 -0.0178953505043603 0.382881002402308 -0.538372762562701
0.00485633136536594 -0.0131123082745121 0.812210674845347 0.112170828255024
0.0110648721267559 0.0186674585314816 0.356766215236301 0.741173943773095
-0.0222144263988835 0.0284726553965217 -0.188752691334915 0.531886509834826
-0.0353856630812258 0.0213030726619663 0.040825976404934 0.037204479745736
-0.0166684451777285 0.0163864501150036 0.163203297379134 -0.491978058627776
0.000884649290682534 0.0259789520907704 -0.54064257791416 -0.676623638591827
0.00350066335002374 0.00666922170291241 -0.899359500890699 0.13388291428909
0.0163908661690339 0.0132402200845983 -0.18173289517463 0.705689064119207
0.0144015374266475 0.0257403320939113 0.350801655658169 0.409844883127042
0.00222592450576667 0.00698281658275596 0.36255167358126 0.0299752682436534
0.0118613547122522 -0.00560974499041479 0.139848122444343 -0.206431272793529
-0.0191630808068391 0.00675225718465294 -0.128456241844389 0.144120001085633
-0.00706682496694313 0.00518329421401712 -0.267222583056032 -0.0461770379384765
-0.0199092750307735 -0.00415971093266372 -0.303086053407797 -0.365871831039786
-0.00888636597003536 -0.00992617529570056 0.150363112835785 -0.608075023836506
-0.0139809556204269 -0.00386561776807003 0.759703723397493 -0.151402960735201
-0.00655829904340658 -0.00921775701328633 0.558450838107868 0.579122673964791
-0.00623347054562205 -0.0189836353295049 -0.0639385946109064 0.565991435497819
0.00274336989371261 -0.0353341419512005 0.0322164715338233 0.0855839945060376
0.000242587974960072 -0.0410811508224312 0.261683567072066 -0.410344933534418
-0.0192709554015952 0.00151858105551836 -0.31065126407791 -0.798407257490969
-0.0116586825030552 0.0166750363133188 -0.92325940343939 -0.155384170256629
-0.001333244305258 0.023372176015681 -0.433050451797455 0.622803484569235
-0.00336437190463925 0.00520510699780309 0.209746323813564 0.471659559816077
0.00464536641397113 -0.00257261131847626 0.350457293810018 0.0759597761263
-0.00634644715109467 0.00403814239691998 0.161179073327382 -0.196330132644104
-0.0215756196119074 0.0051111182684113 -0.132344439915359 0.141312561742859
-0.0139806055001091 0.00532686893072398 -0.261557543403115 -0.0596468141308593
-0.020360877115841 -0.00495479052223462 -0.276750185290782 -0.386860920327739
-0.00531810512184016 -0.0151020338118295 0.205664448813003 -0.593182193048822
-0.0133779151440798 -0.00775918421256316 0.78224105667648 -0.0844744982923517
-0.0091159027458803 -0.0114549375799146 0.513872676709287 0.627939190363193
-0.00818282418626411 -0.023048574150428 -0.0940796531478659 0.556957720708903
0.00189260672371011 -0.0372935907756531 0.0400431665438166 0.0715614966223411
-0.00425349306492488 -0.0437707456074675 0.241668044208933 -0.43497469670575
-0.023030443949422 0.00164937740942434 -0.373792167496059 -0.77042104371053
-0.00916839559140475 0.0148931326730106 -0.924668339278011 -0.0705391498762998
0.0055049154074512 0.0192511312205135 -0.369892801811901 0.657153706648851
-0.00192212727023586 0.00508110870080244 0.245016591681531 0.454443380896546
-0.000464996744013967 -0.00304522995703883 0.354868783142682 0.0585294057023046
-0.00892130283156857 0.00222005170762817 0.155233610855765 -0.197399757116451
-0.0213293086897747 0.00275344431139166 -0.138052465534285 0.137800811285334
-0.019174413226641 0.00551998776702849 -0.25499374197171 -0.0708237403973192
-0.0184844281748459 -0.00394371455906712 -0.244089472645641 -0.405365050398565
-0.000742896588537167 -0.0181608439926472 0.268150403139391 -0.573297228387195
-0.0120857324743236 -0.0113905512539433 0.795896969568575 -0.0055881285113828
-0.0100211091353185 -0.0118660949024504 0.459280640161524 0.675178564020357
-0.0106947701582853 -0.0221835724099962 -0.125785933979537 0.544770862200157
-0.00202285263616148 -0.0346688963744791 0.0467174746206159 0.0563181662064776
-0.0110928515334914 -0.0396074670575673 0.21543246932815 -0.45862874392925
-0.0246158784896003 0.00483501017295127 -0.441231614959204 -0.731862938439625
-0.00597702164566163 0.0123156959560753 -0.914760121687494 0.019802689919066
0.0109354095789776 0.0148193652620262 -0.295561346812835 0.682014503115657
-0.000785072246512469 0.00722917955673278 0.282351548505185 0.433086216928832
-0.00465547765023721 -0.0018509957082287 0.35787951550679 0.0403744496428893
-0.00989991905664783 -0.000775502360342135 0.147855588982437 -0.200176343120757
-0.0193333372097161 0.000739520295328086 -0.141544441113768 0.133382067388209
-0.0219402344311536 0.0062504312109534 -0.249521425918142 -0.0790979824962942
-0.0155556967822907 -0.00202273526464155 -0.21338606722901 -0.42017284164966
0.00348818091664509 -0.0201590675452195 0.321545695633139 -0.550228490552944
-0.00798176304824381 -0.0139837744821927 0.802682596641848 0.0629526938196531
-0.00827791098755255 -0.00869087065224167 0.40913881349582 0.712045747522975
-0.0135011457489678 -0.0165527209384453 -0.155016198099671 0.534341063767277
-0.00826309438110821 -0.0269272996140647 0.0514420351169045 0.0436607609731078
-0.0165427572575396 -0.0310657142252345 0.188069384652587 -0.477272811170194
-0.0217930896279202 0.00960026372726181 -0.49588733717264 -0.692935718442931
-0.00361594071798674 0.00925342542039802 -0.900654516811396 0.0975380449889608
0.0148953061088327 0.0108116406133036 -0.229210357110222 0.700765591880712
0.00258081823640343 0.0107283540765931 0.315021400800486 0.414050389825546
-0.00751840540754693 -0.000274323902230525 0.358815357608592 0.0252022381677686
-0.00697282474796444 -0.0025494164905642 0.140874828680421 -0.202208406890249
-0.0146557526499462 -3.83461559934871E-07 -0.145501554748229 0.129528190521746
-0.0231621140122839 0.00770055998549641 -0.246679243169233 -0.0854098587536885
-0.0125187505918362 0.000407229739970245 -0.189289771737687 -0.426856201542272
0.00706248292163224 -0.0216284622896089 0.360488489259565 -0.531548632651493
-0.00406955604057279 -0.0149965809591398 0.805332306615535 0.111625939798564
-0.0049081634471333 -0.00392694387070993 0.365564011321714 0.736822813352574
-0.0157168003928642 -0.00779496143211613 -0.174397868212171 0.526039371255489
-0.0161713088762771 -0.0161299044771022 0.0524034631006233 0.0348854085087106
-0.019200012137358 -0.0199871377769672 0.16775084588961 -0.489229184726657
-0.0183065560472803 0.0136761794981655 -0.535169532740601 -0.664514635330534
-0.00169340836002387 0.00707646229375439 -0.886135449978594 0.149559154083391
0.0172707776773408 0.00947893574225143 -0.179844963614275 0.706774840213807
0.00614499653786625 0.0146325359362073 0.341060927185631 0.396851601043981
-0.00794573823548817 0.00160202183938546 0.361179424822937 0.0153706206596972
-0.00397138123633225 -0.00529006630150542 0.136545249148528 -0.204800331323093
-0.00995753728940105 -0.000869671462724688 -0.148899303626553 0.127783311414692
-0.0211059094982176 0.00926115259086719 -0.24621903885391 -0.0870638199376971
-0.00902327806706375 0.00427064695164685 -0.170750415259003 -0.430271475298506
0.00928291985859404 -0.0211739586184261 0.387826582039975 -0.521375167441235
3.68683551790275E-05 -0.0156411633601246 0.805969745943815 0.138133597595554
0.000387814706922722 0.00324993760093555 0.340265436047412 0.747974335321671
-0.019428148248722 0.0040802606554254 -0.186601244545798 0.520447797661066
-0.0240810683921006 -0.00322432081483716 0.0504655612224895 0.0294107226687766
-0.0192640562577752 -0.00746625897136178 0.154632554910646 -0.496549457633031
-0.0127372076189885 0.0176791213122828 -0.558867372772332 -0.646825023774791
-0.000152873849462094 0.0056594508280081 -0.877003351130313 0.176871622421565
0.0179305313659684 0.00830027660012 -0.150955987281762 0.711555732342831
0.00926089191298513 0.0186417733671977 0.355511995007682 0.389836032447886
-0.00575572267466735 0.00415362115068348 0.361047577372563 0.0124478087191375
0.00073886581236293 -0.00542554909231393 0.135270113421827 -0.206418956602871
-0.00491319758070293 -0.000130795555623748 -0.149545619825731 0.127921982799427
-0.0176105701563823 0.011787607421481 -0.24895000386329 -0.0855043379144243
-0.0065618679227558 0.00821912707243603 -0.166858450392262 -0.427786511348312
0.00912142349441326 -0.0194558320217349 0.389574051403411 -0.523169384427424
0.0026480996432156 -0.0143993399887647 0.805052793587246 0.135613171128401
0.00535772451666324 0.0105999872329669 0.340232678373218 0.745916029966764
-0.0215623660330165 0.0154334982044523 -0.189727500766193 0.521260955806501
-0.0297988954353137 0.0101480045782357 0.0464834579783542 0.03058881676101
-0.0187995821221617 0.00562858446814769 0.151875396970566 -0.49462722473313
-0.00442766565726044 0.0214891352841373 -0.558768284846307 -0.648000838650106
0.00212775871788632 0.00573856579606769 -0.879335949478086 0.174458435841745
0.0178531340662476 0.00989313575000793 -0.149310376028619 0.707667336739103
0.0128460673165292 0.0224646173999355 0.359748644093488 0.393244840630844
-0.00271807999953152 0.0053809289917251 0.360735486800248 0.0154773772804927
0.00635230559094385 -0.00686043248434143 0.134381877198664 -0.20679371094083
-0.00087574930285587 0.00119690451588877 -0.148768863009917 0.128621853698914
-0.0141660142164941 0.013385930665223 -0.252612273776098 -0.0808672488514319
-0.00609359234768808 0.0106495692753947 -0.177164518122449 -0.422281379848426
0.00649076386957652 -0.0169755269779969 0.373759927672742 -0.536721990856183
0.00458015171425749 -0.0127328845716009 0.807282954295143 0.102149849368077
0.0119593433800688 0.0175541094301915 0.362542742510968 0.734271699735076
-0.0227116752493564 0.0279180104725117 -0.180761736463253 0.528240389722977
-0.0354802940977977 0.0222580809085503 0.0402476972381171 0.0365253726016353
-0.0167031702325187 0.0167886775053489 0.155794765910528 -0.489081899396281
0.00130968269552679 0.0255783949685866 -0.541671421853807 -0.666393517338674
0.00350018308081979 0.00670373504749891 -0.889754319908475 0.143846660728243
0.0165724991118818 0.0133408019218221 -0.170998058054223 0.702278953023344
0.014632191018665 0.0247134086176857 0.352351474792584 0.403026836529701
0.00198645703986438 0.00623292952572517 0.359974118006563 0.0248881459015889
0.0112793096923912 -0.00589017525526252 0.136660886019305 -0.206850232895432
-0.0191513698315407 0.00739832287043975 -0.128409997623935 0.144049076804398
-0.00851468400704926 0.00559199998059855 -0.265347283856329 -0.043202308219984
-0.0198426428351163 -0.00305725136819095 -0.306340792183704 -0.360068290547215
-0.00903831468418205 -0.0101957029540669 0.1422920546306 -0.603198179891822
-0.0142127451015881 -0.00362753455966734 0.75341237384315 -0.157033520627344
-0.00584772143546676 -0.0092163812401369 0.556816323345208 0.569898096727764
-0.00546847253284189 -0.0180517626602972 -0.0591074290018864 0.56036592699552
0.00273139467907762 -0.0353797908760612 0.0325610506592097 0.0842032397136981
-0.000278982125695147 -0.0400226334680498 0.256606209937991 -0.409309476756744
-0.0184350836068816 0.0017960746443214 -0.314905585894851 -0.787047116551029
-0.0116987533588346 0.0167379226683081 -0.916694771025684 -0.144987324146448
-0.000575977432369255 0.0222895650522599 -0.422448189177551 0.620308016691529
-0.00302722629041932 0.00509072213364223 0.214375188724199 0.464524860366207
0.00468959763023348 -0.00273962880215249 0.347323687533533 0.0716651677400792
-0.00603510360519161 0.00364022991192404 0.158607295156131 -0.19590030969429
-0.0210765542598889 0.00507184844755508 -0.132088033164971 0.141177783272807
-0.0144412498378038 0.00605099121276522 -0.259759402669441 -0.0556176899974974
-0.019699413929074 -0.00447468005555893 -0.279473816402569 -0.379356795881723
-0.00562969830148464 -0.014516209249654 0.196711367236491 -0.589995355925847
-0.0141503901292034 -0.00741695646766694 0.773092374728593 -0.0909932844169167
-0.0099418974125983 -0.011700373959888 0.515301169812084 0.616589092900332
-0.00837099469764085 -0.0224911067901474 -0.0862068362456624 0.550832903342346
0.00155919034798325 -0.0379117291987555 0.0396867759304914 0.0700401341214868
-0.0049392845740323 -0.0432583576084859 0.236670503262844 -0.431755828901675
-0.0227903284173288 0.00137179076241115 -0.376329179536145 -0.759190620733492
-0.00899823649202298 0.014310152434677 -0.917677959820072 -0.0591281578241701
0.00561713077403947 0.0186344063411669 -0.357373340076953 0.65350721104833
-0.00296275206180472 0.00479373318275097 0.246512650056516 0.446839784783765
-0.00156499650590093 -0.00249376627409528 0.35236538606914 0.0544590543211826
-0.00908891765408565 0.00193750239760588 0.152058986952074 -0.197855310299185
-0.0212847266784278 0.00299447164615608 -0.135603592092325 0.136976397100297
-0.0184554153154155 0.00589395860390595 -0.254663595515425 -0.0685332951393986
-0.0173628738412904 -0.00355948263511068 -0.248196873481743 -0.398269662852795
-0.000634136555279391 -0.0179469355561567 0.259480224263373 -0.569813198214145
-0.0123888674176804 -0.010667067854075 0.788862464180847 -0.0138083816166724
-0.00971731372896494 -0.0108339833190562 0.462104876855018 0.663300750883498
-0.0103314341875737 -0.021600680531636 -0.119222228318243 0.540538648832417
-0.00240490527365278 -0.0339912135784545 0.0470754818687609 0.055505215604442
-0.0108221691049923 -0.0385304264126573 0.210256841464283 -0.456486773044779
-0.0239431680493296 0.00519391116548031 -0.444095274970084 -0.719092370508517
-0.00571334095715005 0.0118153620190638 -0.905815264555025 0.0279690175977502
0.0111632683870357 0.0144243159126868 -0.286724163014184 0.679488360413263
-0.000647813657853716 0.00777327112142428 0.285896978692397 0.425254801203402
-0.0048645717995568 -0.00166248355744314 0.355182914764387 0.0362435500319385
-0.00862691374435142 -0.000644471860264684 0.144886091563232 -0.199276231641101
-0.0189651289574554 0.00166701291328917 -0.13974461467884 0.13388247304042
-0.0222981554811102 0.00662650836419034 -0.249393159835902 -0.0770644488459932
-0.015272269757636 -0.00177493676280267 -0.214710181388516 -0.412857241437403
0.00403326378238156 -0.0201338405419863 0.311909133730305 -0.546773803143401
-0.00856898775461805 -0.0130901303002423 0.796868971957921 0.0527653985339982
-0.00851470055863388 -0.00914346303498205 0.410512932494712 0.701907289379025
-0.0129999680512037 -0.0166103970588533 -0.147965971272862 0.528620357693101
-0.00883319302876545 -0.0257928442301472 0.0508074204789799 0.0423959818250764
-0.0163281203117864 -0.0301537750579078 0.183464667846393 -0.474688162656453
-0.0216640397242787 0.00892824261856218 -0.496977635414879 -0.682040992079013
-0.00311504590130813 0.00867319421616617 -0.891287076395618 0.10288245653084
0.0151509837250835 0.0113689757856654 -0.22162685636447 0.695841661211291
0.00236610133656901 0.0114248021158428 0.317842922703773 0.405741373843946
-0.00677362259615323 -0.000280137682836187 0.357738714043629 0.0211049513631648
-0.00764416748484577 -0.00303394853655053 0.139028256656972 -0.202662814601537
-0.0142918330492311 0.00072607703051437 -0.144038808294412 0.129604855875025
-0.0227011954444525 0.00804266771799492 -0.246650421419518 -0.0819204474067903
-0.0109627133929283 0.00118654073896172 -0.192203535375821 -0.421687465920256
0.00756113519283509 -0.0205232794528818 0.350716058362656 -0.530473723688267
-0.00405523726245591 -0.0148478127046344 0.79926007584438 0.10301872189445
-0.00461864936839383 -0.00348086183518351 0.368961553393372 0.723379279768861
-0.0164407699912437 -0.00762016029982659 -0.168690108918216 0.52234605392996
-0.016029454466768 -0.0150052899737389 0.0517227271022345 0.0342014652692336
-0.0187755709426068 -0.0201713773452132 0.163250978820683 -0.485399233344909
-0.0173504166847023 0.0136102724730063 -0.53527275291402 -0.653148452359526
-0.0020263828839242 0.00735204419096816 -0.876808384979244 0.156654658857666
0.0172739757357284 0.00922771393168347 -0.172449571569523 0.702384505166328
0.00555180950263618 0.0150751681886962 0.341715794294885 0.389240535101057
-0.00792119790804432 0.00159930987054205 0.358467648127022 0.0116032950490249
-0.00436194875510785 -0.00420759040907608 0.134852888874809 -0.203674197600201
-0.00995384064898929 -0.000568332617619499 -0.147460123145988 0.128467123468699
-0.0213906168116149 0.00940832664353279 -0.245431172424133 -0.0852769876868563
-0.008187544398561 0.00443865933358394 -0.175303389820852 -0.424645649955967
0.0097125147098834 -0.0204151698661913 0.377919553582228 -0.519565634545348
-0.000282268678795185 -0.0153390577955057 0.79828165742443 0.129005979709459
0.00134195459671782 0.00317879050037277 0.343797095482248 0.736300506047519
-0.0183698035545187 0.00343595010437448 -0.180587863166556 0.515932482003153
-0.0235012706560721 -0.00219346675189732 0.0498594860323838 0.0283323377907269
-0.0202717718285442 -0.0072610527430527 0.148942052178636 -0.492398063997755
-0.0123800062014577 0.0176124701802385 -0.556868536764202 -0.635364400615509
-0.000295066277938461 0.00588761299645168 -0.866454277089183 0.184134241881886
0.018471474586564 0.00928842577330462 -0.141818335048913 0.70385216219536
0.00966749138541509 0.0184545279511575 0.356583210985489 0.382626715176207
-0.00580051325772915 0.00422154081661284 0.357820417275582 0.00733052574864214
0.000437494013319046 -0.00564256149362712 0.131730575729789 -0.205616629959224
-0.00401304689091872 9.61065134674616E-05 -0.148385726182304 0.127892859673094
-0.0185167894617073 0.011784239582991 -0.24766210927924 -0.0825463908266648
-0.00610244586258135 0.00798787042637498 -0.170458491174799 -0.421670286692049
0.0085454702326398 -0.0187223416598545 0.381324605423108 -0.521327397522349
0.00286273924297865 -0.0146563940531917 0.798529396342714 0.126496297719304
0.00582252411696595 0.0108642589023205 0.344391468546353 0.735506883614032
-0.0215025718812784 0.0164319414082381 -0.182169525712919 0.516282747162828
-0.0295529282663006 0.0110924669152746 0.0457003545506812 0.0288999103255996
-0.0178545758749965 0.00500589936320217 0.144068291914148 -0.491448719585516
-0.00528297253916377 0.0214970166949962 -0.557762239348772 -0.638045893165616
0.00258412432076818 0.00551535511183078 -0.870215122904871 0.181594482038892
0.018405908648134 0.00975903913271992 -0.140128696691172 0.700295151966724
0.0133274590095768 0.0217758672729534 0.361051372994678 0.384322609275636
-0.00249787767179976 0.00522038871592691 0.357901505985047 0.0111500952355782
0.00585250582528627 -0.00575696853380813 0.131466301090111 -0.2060594547432
0.0002280615219842 0.00137579937224753 -0.148372958642995 0.129614065087251
-0.0137538869049163 0.0142070931743933 -0.252292887770225 -0.0766877498918085
-0.00475903423088347 0.0108540769338488 -0.18155772569009 -0.41509376319534
0.00664719984124526 -0.0166952250332364 0.363446099024114 -0.536451582364756
0.00404783174877313 -0.0130006598329476 0.799138691311059 0.0923342282234964
0.0122554919358918 0.0172016053432486 0.365148197538427 0.721085831907375
-0.0217572048565672 0.0280279611912669 -0.174403111074955 0.525591848731218
-0.0341817174343846 0.0225274873868059 0.0398735612364478 0.0346993740871298
-0.0166592969004224 0.0161683266417146 0.150595819085744 -0.484355238552401
0.00256878931991454 0.0251651571322026 -0.542845133831825 -0.652636291579953
0.0039149153700195 0.00667799833747312 -0.87920200806188 0.152889156132573
0.0169503352817926 0.0127380636372593 -0.162305684370886 0.696551676036511
0.0156409940955721 0.0247332036066313 0.353651936777647 0.395042698660898
0.00209570677639275 0.00567658625369011 0.356895717210714 0.0208073079881784
0.0111730472189856 -0.00590808450718091 0.134223935518885 -0.205593068864441
-0.0192808176384559 0.00681577411015961 -0.125835181585594 0.144039391228752
-0.00832784952219992 0.00540546596281978 -0.263562780449553 -0.0413123648162207
-0.0190804679117178 -0.00325024147207487 -0.30580124319338 -0.35225230878063
-0.00946509938736945 -0.00965195369052785 0.136027484644185 -0.5973112825416
-0.0138521624639008 -0.00357413822421488 0.743296583859145 -0.16186220512492
-0.0058526201730232 -0.00932047264503164 0.55414536475595 0.558600850962873
-0.00652600046956806 -0.0181828927775805 -0.0542487003971953 0.55334162986309
0.00184536111296641 -0.0345975012432091 0.0322524060321508 0.0839630365449183
-0.000573967873118576 -0.0399629801821198 0.251410313335723 -0.405786248810498
-0.0182294121651154 0.00200376465773751 -0.315713307891754 -0.775341855227758
-0.0115673863318503 0.0167515481182343 -0.908595000918959 -0.137165437291931
-0.00075814212700657 0.0224674988780914 -0.414506129130605 0.619585609179763
-0.00260223371088253 0.00534230135266261 0.213582327139931 0.459951061234412
0.00457534193306942 -0.00194715955707123 0.345269941065492 0.0676121171059608
-0.00607086547056574 0.00314593953659494 0.156050482318195 -0.195308950184585
-0.0215517195377762 0.00603429438918062 -0.129252598732513 0.141508445321642
-0.0138830388351597 0.00610819802000706 -0.259145599754933 -0.0529885942949956
-0.0190566464539762 -0.00378499019434473 -0.280244976418607 -0.374176480467064
-0.00529233340053379 -0.0142629506990837 0.189053200850683 -0.584462098827145
-0.0139238138078486 -0.00654333316090585 0.765000690381281 -0.0972922717969382
-0.0090508327297386 -0.0118113881920896 0.51400129023852 0.606180897607293
-0.00816935310683304 -0.02207173598768 -0.0834744179839991 0.545416580308911
0.00127191162840695 -0.0366807554066633 0.0392632525505908 0.0694835294223626
-0.00553258783081179 -0.0422422343074556 0.230200524723451 -0.428148894749751
-0.0212493805842403 0.00184032213741419 -0.375452266861547 -0.746439042650719
-0.00905917116173038 0.0146531578896613 -0.905310799221497 -0.0539278667059178
0.00590379982209386 0.0187657306804776 -0.34874474672786 0.649029488402097
-0.00249760315564252 0.00519860924567879 0.248281865495289 0.44107300475336
-0.000613562963520589 -0.0034961807670795 0.348611880553631 0.0506815997413426
-0.00892513123765137 0.00213697853582056 0.150084987831452 -0.197133060370189
-0.0216544310315865 0.00381255192097657 -0.133737242387498 0.137064864105774
-0.0190741510713995 0.00647460971865079 -0.252927803615681 -0.0646339889180232
-0.0176676585271437 -0.00325191660269651 -0.248781311724175 -0.390784653203981
-0.000970967096278807 -0.017360708919246 0.250974853013564 -0.565974484614211
-0.0117664939804673 -0.0104265333294197 0.779824144116808 -0.0203457508595132
-0.00980193928633074 -0.0108113880469175 0.460325864602025 0.65448760061304
-0.0103883515280786 -0.0217436541205431 -0.11380468351657 0.53563246343721
-0.00290596622039815 -0.0336893123312927 0.0463494101372634 0.0541295760048129
-0.010977009316496 -0.0389506056199757 0.204292019349069 -0.451988945697697
-0.0230049320488293 0.00438782755292349 -0.441887449911981 -0.708123716672573
-0.00540549715546341 0.0115782060288616 -0.895504584722026 0.0361379387612932
0.0107737707487006 0.0148105733516415 -0.278710076347192 0.673685710407999
-0.000844045652003704 0.00753441095827499 0.285854682420108 0.418688915235149
-0.00441863872552541 -0.00260306056881775 0.352494361082453 0.0327725512842746
-0.00957891225918298 -0.00135808374699073 0.142936708432862 -0.198790893406519
-0.018996113818443 0.0017843808715232 -0.138695317565132 0.133700277758582
-0.0221319456502656 0.00722978889921485 -0.247937073022427 -0.0737266467383335
-0.0146853979651944 -0.00163492601387505 -0.216337980625507 -0.405982625695928
0.00364769777499055 -0.0194259447443612 0.305277539756922 -0.543876873314177
-0.00853496684449498 -0.0130031526189858 0.787827488563762 0.0463629406493438
-0.00764308775843408 -0.00897251798978868 0.411265342849701 0.690182765746805
-0.0133037632904919 -0.0169690180570712 -0.143078063083237 0.525610326693492
-0.00830549940891466 -0.0251603904525684 0.0506287641983866 0.0408187598917332
-0.0156625173555262 -0.0303687943735263 0.179837142061749 -0.469586126313656
-0.0209541009123957 0.00878838947533021 -0.495503987484303 -0.671397376099742
-0.0029184657419248 0.00925316974443782 -0.881090910792196 0.110484156523091
0.0144732355463243 0.0108605242727484 -0.213103789114766 0.689923192820512
0.00256328784300317 0.0108355031434867 0.31710672099046 0.398601887364674
-0.00674635539616334 -0.00027528409342913 0.353903205033041 0.0177735107652921
-0.00769192209559263 -0.00237732398519015 0.136716755915065 -0.201167544914857
-0.0142216086972319 5.27132503996214E-05 -0.14286535047265 0.130573360770007
-0.0228338502607415 0.00844689884424695 -0.243890353126349 -0.0789069123882732
-0.0106205960213382 0.000884704593769365 -0.193978315018925 -0.415245579454616
0.00700533289768646 -0.0200480046896278 0.343273048377017 -0.52581977925022
-0.00519542100502802 -0.0142707546623601 0.789174074812924 0.094913907873517
-0.0037892177188278 -0.00399418422115136 0.368821212858022 0.712967971285205
-0.015731821144639 -0.00782711493383225 -0.162145342777034 0.516307085975742
-0.015436422776664 -0.0147337733880769 0.0513571873265676 0.0324480873048804
-0.0190440262595846 -0.0191777432397093 0.158270116045714 -0.481278813795952
-0.0171557737398596 0.0127501649355798 -0.534193740840061 -0.641123586273453
-0.00127739793049316 0.0069332490753969 -0.865831614742442 0.163067233509268
0.0169827047701179 0.0085206295775004 -0.164020245656551 0.695997498125597
0.00557931136887576 0.0147911535957269 0.340335373577412 0.383770126003213
-0.00744740357293901 0.00208755472469772 0.353823245812727 0.00840606805525345
-0.00486034251960655 -0.00406815242408703 0.132796925406002 -0.203199193324154
-0.0100031064524992 -0.000923459873336821 -0.145296994196312 0.12857622745853
-0.0212383775815503 0.0101223184022401 -0.243971754251301 -0.0816486661971162
-0.00760097412689587 0.00461284728478417 -0.176390825119172 -0.418164687303971
0.00920666492107431 -0.0198195184621913 0.369253643600126 -0.515670246255648
-0.00129387227429851 -0.0151584442589046 0.789190982872013 0.123237464462766
0.000722099925722889 0.00244797617242159 0.345762250196374 0.724722641929403
-0.0190615001126818 0.00366380572118486 -0.176932320238064 0.509974517170797
-0.022698925867207 -0.00167587666589204 0.0500274263608544 0.0275539169260468
-0.0199069718071355 -0.00706570181796595 0.1441177926853 -0.487351264549942
-0.0114138380487119 0.0171564996822268 -0.552357383392218 -0.624653008535351
0.000575009136333656 0.00602084519048103 -0.85533460326809 0.187378048636047
0.0187505648807926 0.00827620999362966 -0.135829481798142 0.696881242160671
0.00934374868224863 0.0179386170221293 0.355545575043774 0.375380211720163
-0.00610120250395371 0.00414016902880955 0.354466252512323 0.00439305343460045
0.000293147024268557 -0.00604439263422669 0.129951380799686 -0.205239778706058
-0.00449949891363249 0.000177147847940679 -0.146965505548822 0.12902116878541
-0.0174612493009851 0.012011275148963 -0.246072832508859 -0.0798890950927627
-0.00558062721889068 0.0082454804993341 -0.174220041917207 -0.4163801826467
0.00887299678377651 -0.0189482312481138 0.373242054331716 -0.52039512450936
0.00239073305105552 -0.0140956362151912 0.789624659158676 0.120439736726935
0.00597951975766907 0.0101485629660876 0.344575538070729 0.724969431904965
-0.0209441985931526 0.0159109803425852 -0.177176773679977 0.513156799882113
-0.0294353731743087 0.0104408049886725 0.0458646733988632 0.0282274573832126
-0.0181365652736878 0.00571449429188703 0.140845179818549 -0.486741172610532
-0.00394687808102028 0.0206527152644267 -0.555642490017379 -0.626004085185645
0.00198690380651302 0.00563066623295891 -0.855271106444468 0.186301671355956
0.0184936000879279 0.0101412709108719 -0.133024334833521 0.69448285387255
0.0127825625898 0.0219742153896799 0.360447126099609 0.378131074110251
-0.00286120841817064 0.0053061501862417 0.354457249439702 0.00846821774448133
0.00498637170489001 -0.00701363974433369 0.129328650228609 -0.205076094301014
-0.000463376272467781 0.00164640634920291 -0.14603454351861 0.129923981774488
-0.0135985981590822 0.0139256191048322 -0.249529036421158 -0.0740558963537231
-0.00435494850387807 0.0106594279632129 -0.182340515402464 -0.40973912936198
0.00594985802765186 -0.0168729801223562 0.355490654331971 -0.533452232757535
0.0042696322626817 -0.0121335422670726 0.791866935953835 0.0855114165901758
0.0125963100332346 0.0165499756295673 0.36591830908458 0.708923393297476
-0.0218768842363115 0.0276129876024831 -0.167515483042747 0.519745964611962
-0.0340578671198769 0.022303329481175 0.0388496511173102 0.0343643221810212
-0.0161770686287895 0.0168440519605433 0.14581036835147 -0.480501999680653
0.00247659684121868 0.0249111400635258 -0.541007084354989 -0.642327082620336
0.00417815491906634 0.00700085449988751 -0.868133199141095 0.158501808357549
0.0170107767862982 0.0120578005439207 -0.156805447917969 0.690098266148585
0.0156655057816134 0.024388649685626 0.352616424169304 0.387187641316491
0.00220995572881815 0.00642924207055355 0.353046408609288 0.0173050654726497
0.010759121805165 -0.00617095608202888 0.130709190664158 -0.205913045778284
-0.0197722425715471 0.00434654127083465 -0.141834887205496 0.1224236032146
-0.0089266354394585 0.00413099993844962 -0.252938659380425 -0.0720932088985959
-0.0161175265030629 -0.00514383735363168 -0.251657063720158 -0.380254711924209
-0.00488555894871782 -0.0103153559946516 0.204898872057079 -0.550586426364617
-0.0132900433343909 -0.00277202419650473 0.731912893224535 -0.062266920726828
-0.0115414653392148 -0.0129599865130261 0.470088446563712 0.611692232968824
-0.00189863816388009 -0.0199056958221944 -0.12223638875557 0.532727313277299
0.00718116763600466 -0.0342137638889735 0.0191856111154417 0.0853185720759393
0.00228150535630093 -0.0398199879960795 0.302645335355629 -0.366841076355874
-0.018619122246421 0.00281110012272962 -0.207600145980975 -0.808146293886315
-0.00824709314593861 0.0202615837707852 -0.882089170364691 -0.256858066261188
0.00639098728998633 0.016615237249321 -0.495135408954809 0.564425283920924
-0.00027888324372686 -0.00314989863135444 0.150991850497966 0.485549438291174
0.00270877134125257 -0.00413979451935867 0.335878353682228 0.112737068965425
-0.00913175600126582 0.00302295873611862 0.184533397704049 -0.176570294036498
-0.0210762574574824 0.00283290262951852 -0.144051116587836 0.118238791197919
-0.0152164700454177 0.00418100676924114 -0.24635359646363 -0.0840221211765391
-0.0160166792446037 -0.00545610763810959 -0.225113174649084 -0.396410093233272
-0.000371447124506798 -0.013323793158196 0.254432748039207 -0.532751617554316
-0.0127786274405266 -0.00637311588366343 0.746507166048423 0.00283474167646119
-0.013433613549362 -0.0162640712928297 0.423710872324545 0.652453561476542
-0.00301939300460845 -0.0243796127393444 -0.149260870673509 0.520459892555761
0.00661044065224243 -0.0365143767367117 0.0283662507417516 0.0726952893908615
-0.00337610384489718 -0.0426573907115441 0.285851347164082 -0.39162065331534
-0.0216029607679758 0.00271230996411834 -0.270723574303266 -0.787746824729172
-0.00538247063684198 0.0179468051559537 -0.892406049945455 -0.175385600874108
0.0120296852739664 0.0129281052789172 -0.435487692620786 0.601836694975861
0.000572644786368087 -0.00299356163656745 0.187175812711493 0.473027174661156
-0.00178505505010471 -0.0048052660309051 0.342182985837619 0.094851476370259
-0.0113054230313762 0.00117141121711262 0.178873115212134 -0.179120386990954
-0.0202373652246227 0.000506209458652448 -0.148134124604238 0.115415051476824
-0.0190951276029639 0.00328854489937481 -0.240179337853512 -0.094802377760236
-0.0141888113082824 -0.00542044898783973 -0.1910883378484 -0.410249630075406
0.00416689185933926 -0.015711318694607 0.312120434880442 -0.506953582579468
-0.0106688253890601 -0.00909593844026044 0.752692795892084 0.0800133699208848
-0.0137682817809878 -0.0171026211544553 0.366538024323426 0.69092940366564
-0.00482883816952352 -0.0237368022714319 -0.177983221069761 0.507049552326504
0.00210825623113913 -0.0334252347570304 0.0374814824243183 0.0586689358910399
-0.00947844568708694 -0.0388526328294443 0.2641517454088 -0.418326878490967
-0.0231885352405295 0.00589933359988251 -0.340130869344732 -0.75587021038047
-0.00180812648480682 0.0151701464836985 -0.89375754629105 -0.0852495887213076
0.0176059340875411 0.00924306523775319 -0.367005859364279 0.634801004655014
0.0015273905861649 -0.00101186160642953 0.227909377092658 0.455995050145844
-0.00655682703572245 -0.00499797643287488 0.347941818896347 0.0776549138032277
-0.0111329576160928 -0.00140091713980737 0.171750710428119 -0.18188676660973
-0.0180197391733126 0.000140825991674183 -0.151259395241565 0.110853261933454
-0.0217537243950744 0.00357617734730897 -0.233477945700245 -0.102807390558341
-0.0123344569178293 -0.00384787544820148 -0.160325012923895 -0.42071209238132
0.00898236356923065 -0.0169201233276344 0.359443654012975 -0.478358163212962
-0.00720458534004217 -0.0108023150424079 0.751606805682154 0.144010086948244
-0.0125349512502771 -0.0149777014656655 0.312306547341786 0.720253767196059
-0.00818714842426269 -0.0189697941486309 -0.205639589991946 0.491521978276498
-0.00514924119481445 -0.0264585370034775 0.0428954538989968 0.0468371638987236
-0.0156122578378102 -0.0312689434065819 0.241368825627316 -0.438243433473393
-0.021686700745161 0.0097151543035878 -0.398517966703091 -0.727248874680417
0.00163836786247904 0.0122830472523438 -0.888785515027262 -0.00881378128854048
0.0208655931906266 0.00466220262226063 -0.304709915285171 0.661196213900144
0.00333065388496094 0.0026591694846127 0.261166755830593 0.44007617723468
-0.0091535759562922 -0.00350896046776895 0.352052275150699 0.0623719305078511
-0.00936930503032726 -0.00287832895912046 0.165876913829154 -0.185939165642939
-0.0142342537717806 -0.0015649279549689 -0.155788920683621 0.108575785047128
-0.0229739133851352 0.00471213589715623 -0.230211152740693 -0.107780930482969
-0.009074651548903 0.000203223110046195 -0.136298110948922 -0.424840164217284
0.0126475064973585 -0.0166273890756378 0.394308338342548 -0.457757497746217
-0.00343757694081279 -0.0115022870152405 0.746373071100681 0.190860872082884
-0.00933954083808822 -0.00959556441595875 0.26971860008711 0.737036898264959
-0.0118980669262467 -0.010518987180532 -0.224044518661947 0.482095523982081
-0.0132326452060265 -0.0169680241162284 0.0447536402163992 0.0386921803345123
-0.019778460625205 -0.0212167693329494 0.222018652838195 -0.453711321452913
-0.0182095350102832 0.0145151342900773 -0.439811992847956 -0.703617629100539
0.00329372327781993 0.00919776935147636 -0.880041220904911 0.0455081666148049
0.0232194053984745 0.0023908410865545 -0.254867559894526 0.674481217913379
0.00550775912461306 0.00709448387903726 0.28679982881364 0.426752262793837
-0.0101415586246767 -0.00119329462424657 0.353411875489934 0.0528353376442587
-0.00551812517869181 -0.00468173225933407 0.161215813790916 -0.188179637641852
-0.00929211437327613 -0.00143608302814611 -0.157661894146901 0.105612630106989
-0.0218691051415963 0.00665514689134587 -0.228806138706066 -0.109671590493102
-0.00659797188444125 0.00409907612291464 -0.120711689807816 -0.426321360221981
0.014383360389694 -0.01634962551136 0.41861969215261 -0.443857601433182
0.000624609876330401 -0.0114722982507761 0.744806233264373 0.217583897414095
-0.00432894299773194 -0.00241575678571266 0.244639788852735 0.74670232695726
-0.0169570373260916 -6.54227680869056E-06 -0.235897504398097 0.475292134454764
-0.0224188097359024 -0.00540322505157066 0.0437910125621482 0.0340628898893202
-0.0219936414850118 -0.00868504567323073 0.208490938772383 -0.462279524308015
-0.0123373980065367 0.018844447628261 -0.461511055999438 -0.691103266558567
0.0058723244122858 0.00832056208415224 -0.874930650510255 0.0719232074885441
0.0239244479285181 0.00266434833781713 -0.227847319159497 0.679129573901864
0.00853751585057914 0.011423761168062 0.302959436456593 0.421594036901898
-0.0085878776552284 0.000871243444663404 0.354071751846768 0.0497934853436948
-0.00109612133419618 -0.0054637762764559 0.158231323279232 -0.188569483241167
-0.00520051318049199 -0.000400956420210352 -0.157532149533203 0.105088574180073
-0.0188832264028056 0.00875009150803805 -0.231103077930835 -0.107624616892061
-0.00542379544523237 0.00778140660167568 -0.116396959216509 -0.422245890649192
0.0144523736851364 -0.0151664314887156 0.422141206164691 -0.446374148607424
0.00335663829777948 -0.0104447299081176 0.745775298884079 0.212858241227877
-0.000492879613227753 0.00473505409045806 0.243355691608148 0.747993844576157
-0.0210357941211103 0.0123746382543586 -0.237009062808759 0.476166794844122
-0.0303365917698795 0.00615834053643258 0.0401614136619743 0.0336060973454942
-0.02203472041968 0.00296447634736309 0.205249218647715 -0.460744281626286
-0.00691649083118926 0.0234441611870807 -0.46473542723328 -0.692467263800424
0.00775157023118113 0.00856073363046632 -0.877516621512259 0.0682189294064676
0.0230585376830435 0.00370458773988314 -0.226905980358698 0.677283946327724
0.0114550149885964 0.0144299162255077 0.306467205119079 0.423637702334965
-0.00479144024847199 0.00315669568328769 0.352722148446457 0.0529970313352083
0.0046724643322524 -0.00562202899886288 0.158293948784107 -0.189415965598165
-0.000496216360010856 0.00128252699325032 -0.157334588579993 0.108098852431897
-0.0152100063458442 0.0117387953718956 -0.236863973009684 -0.102357204213726
-0.00395382557547832 0.0104238729160504 -0.126832660485064 -0.41718328308407
0.0109060926626459 -0.0135648742519636 0.406408060526369 -0.462630898408492
0.00494869610571007 -0.00858816925689632 0.750425813586958 0.182981060184318
0.00406572734380892 0.0122245399300309 0.265348620370885 0.734991673433762
-0.0227607752025185 0.023572269638894 -0.229133274502653 0.482008410249178
-0.0361841484524281 0.0170584781550459 0.0341141035061575 0.0398439100138458
-0.022079686064716 0.0142411188124698 0.209584294720325 -0.453788508845013
-0.00016036313848145 0.0282896072196156 -0.44775595365585 -0.706960859207426
0.00956837064388547 0.0103223140712736 -0.882445860879446 0.0393287724235334
0.0221520836029513 0.0061830223087215 -0.247207304927657 0.669768802205136
0.0133724086631221 0.016994706262782 0.298188759597066 0.432900882077564
-0.000428736115634779 0.00429309023260747 0.35141247401296 0.0622227655651212
0.0104609637691255 -0.00430995881611923 0.159672509391352 -0.189646914610223
-0.0190350389675635 0.00529152457195337 -0.140458846497373 0.121707235809456
-0.00902960913279968 0.00421614611157569 -0.250588176158326 -0.0706736604411801
-0.0160297593304171 -0.00494998560795982 -0.250718851111105 -0.37445148263846
-0.00483510759853187 -0.0105103206257052 0.200946516488646 -0.546011642113634
-0.0133338764491118 -0.00254999482705839 0.724695191395561 -0.0631917337329741
-0.0102978232328948 -0.0129662989876414 0.463963874769782 0.604824678996752
-0.00117144243572839 -0.0195141469563117 -0.118465084723245 0.526229789816582
0.00719929742616464 -0.0332736317053063 0.01947798681324 0.0840450499954196
0.00165526537662674 -0.039356596948394 0.299755078566361 -0.36175438561393
-0.0179339447249905 0.00299502200690846 -0.203434326507751 -0.796509714196021
-0.00729395122962199 0.0194837901986862 -0.87252814617572 -0.25140068082456
0.00642067525508541 0.0171646808021763 -0.487556803805247 0.55929915280617
0.000257276271835579 -0.00325444055338272 0.149528432054693 0.479218153578357
0.00288515754745084 -0.00432715471027208 0.332772353485299 0.110722627287962
-0.00871060113113643 0.00353774398309953 0.18231562596275 -0.175975665141729
-0.021249101974663 0.00294493511133022 -0.143974941284936 0.118158597347665
-0.0151193808745186 0.00419902982706041 -0.244957539315283 -0.0825278369498709
-0.0158847574756773 -0.00577726362553811 -0.22369244218418 -0.390590659872126
-0.000468069720373092 -0.0132011432735957 0.251475850300547 -0.528193532977076
-0.0124458477611753 -0.00548951450392457 0.738073829779404 0.00232077349882229
-0.013740750271194 -0.0167766357175483 0.418696387640676 0.644074707588315
-0.00285647206679732 -0.0243074291979765 -0.146364820883113 0.51405901086007
0.00618350893963909 -0.0358009921841202 0.028626130988607 0.0716472933986399
-0.00291889627340941 -0.0425057596629502 0.28261030952216 -0.386598656007708
-0.0209823309899815 0.00271452266207592 -0.269219828055533 -0.776821565413739
-0.00440828995782974 0.0174585134350943 -0.882829329198341 -0.170235542310479
0.0122790791862025 0.0127843314729107 -0.428127718508301 0.596004425809389
0.000403059332861156 -0.00260868530296072 0.186638172825863 0.467605321684147
-0.00257073716462293 -0.00522574383994435 0.339393942733242 0.0945246116800801
-0.0111479853920496 0.00148599756528452 0.176881338669485 -0.178154680069151
-0.0206127509644594 0.00127192887127859 -0.147655980100779 0.114125984449269
-0.0195859938164097 0.00332984242752855 -0.237926173334537 -0.0930984323512761
-0.013932125981092 -0.00502034355079809 -0.19183858038891 -0.405128674622777
0.00426898775625365 -0.0149066468978017 0.308189374798855 -0.501672619460339
-0.0103181586841818 -0.00860570590677272 0.742909086087485 0.0783400209360563
-0.01348255213876 -0.0169475523576888 0.363853126330814 0.684321439367598
-0.00526409767631582 -0.0229505801245316 -0.176133031332027 0.499604336144473
0.00239615971181402 -0.0330090650454187 0.0370736224531531 0.0583225568151657
-0.00895366835879505 -0.0386000557684385 0.259758638471876 -0.413596798404863
-0.0221728750474649 0.00467028340559384 -0.337259147502753 -0.747878351424489
-0.000992572879764138 0.0150490160017257 -0.882166143304235 -0.0816880524506164
0.0174144298901719 0.00788131725000772 -0.361952221522337 0.62878065456935
0.00155804660227672 -0.000716105270281283 0.226385032367156 0.449135247709035
-0.00594038186810681 -0.00436361604117126 0.344011815875739 0.0750403690190488
-0.0115072188932244 -0.00172496389679143 0.169780755799386 -0.180098316962073
-0.0181148238220471 -0.000793834552140226 -0.150869295438573 0.110148398226389
-0.0224772263631925 0.00399598495942357 -0.232034166969877 -0.10076191160002
-0.0111352753913878 -0.00295940573167767 -0.159665965153744 -0.41512789653421
0.00882656464801938 -0.0165494711496813 0.356526364953227 -0.47466016463953
-0.00759483714680408 -0.0108536538645896 0.743746295102168 0.141750076501103
-0.0117952725401338 -0.0143306493676829 0.311065336611638 0.711078927062884
-0.00822005771818244 -0.0191335750207236 -0.2024263252668 0.486654169711238
-0.00462931696097351 -0.0264310175513756 0.0425024146821079 0.0463415596744227
-0.0152662802092364 -0.0313944801027287 0.237197820079125 -0.433909032472514
-0.0211082413875865 0.00903660598275217 -0.395033164694027 -0.717916758645433
0.00155166013064124 0.0124066236654636 -0.878572526886027 -0.00764299815686158
0.0211839584785139 0.00496367823260261 -0.298561454959937 0.652649463184068
0.00315223925316813 0.00262557833208655 0.260478533046455 0.434960745559507
-0.00889064924621343 -0.00386340709137634 0.347760787954854 0.0616006104474392
-0.00911102370418188 -0.00302837263665355 0.164194725155962 -0.183024104521448
-0.0140353919739035 -0.00109174061021783 -0.154348809646424 0.107190295443179
-0.0226825792398844 0.00484530339739443 -0.228770022919321 -0.105589491895225
-0.0085277871589863 0.000113339538856136 -0.135493399563518 -0.418803665517571
0.0124682949673398 -0.0161459437658995 0.389135948299622 -0.451987161164819
-0.00349590471855291 -0.0111571561652164 0.739823928579085 0.188077706278822
-0.00854862791935031 -0.01016957375199 0.26716175178037 0.729533532598797
-0.0118097504011218 -0.0106399642350021 -0.220615500672072 0.475986655980134
-0.0134872032854158 -0.0165431593437221 0.0445269131493413 0.0380756173813748
-0.0198456947399136 -0.020873180280867 0.218228751958551 -0.448306822399177
-0.0178056933932159 0.0140042974757233 -0.435999682582158 -0.69443427600165
0.00396385488858961 0.00951063284692716 -0.870273026751766 0.0455872042952428
0.023155966339764 0.00244750095854349 -0.251911348380759 0.666585965870069
0.00504826940440233 0.00666654071174994 0.285932453616346 0.42083150179482
-0.00967865946576395 -0.00114824213681796 0.350938310220372 0.051396999773728
-0.00595373817284417 -0.00351998369291399 0.159914113069193 -0.185499373526483
-0.00928924013811571 -0.00168676444961063 -0.156556271488406 0.106300017807038
-0.0219596751168837 0.00706970566333933 -0.227483715773878 -0.107762542838805
-0.00623049417442597 0.00435475740065464 -0.119685516684261 -0.419543515881313
0.0144198299676103 -0.0159822138792376 0.412199001745809 -0.440298019033947
0.000325206804199488 -0.0113520329443955 0.736340880922183 0.213957940409336
-0.00423362961576648 -0.00316849468919959 0.241432160551328 0.737936732798429
-0.0164658344069189 0.000237882681184021 -0.232530596913091 0.468853935457885
-0.0217125941813308 -0.00507260046367475 0.0439157977183301 0.0333470026497059
-0.0218751235476029 -0.00910422648027316 0.205691089906688 -0.457249390353161
-0.0115365090275989 0.0185530867990889 -0.458115787343011 -0.680963245212935
0.00661861085989073 0.00857495858599984 -0.865067080731648 0.0728363599122715
0.0235135418267463 0.00243171527210347 -0.223758659719188 0.672469788851889
0.00809898628825061 0.0108747002682928 0.300759042497798 0.416612295777761
-0.00768497894777076 0.000878772002381088 0.350012795904111 0.048568102971088
-0.000811790832594498 -0.00491792078965788 0.157456285491441 -0.18782233174139
-0.00507331655759075 -0.00111343271635316 -0.157888283368871 0.105226944748834
-0.0191845639303175 0.00928566282606984 -0.228917268302977 -0.106146649103766
-0.0048123079842046 0.00746016245119541 -0.115607948516751 -0.417184736797901
0.013883161509395 -0.0146491574576008 0.414816882036655 -0.442619266649173
0.00272719319144593 -0.00999500779534104 0.736831481957522 0.211327669858653
-0.000728335378232301 0.00448049481812809 0.241388463252845 0.736921326892323
-0.0205808827267283 0.0123489465737773 -0.234061154071895 0.469473130630882
-0.029854963372299 0.00723244399168086 0.0395051203444382 0.0340576109092956
-0.0221870077136868 0.00362504212482601 0.202383873492899 -0.455786862761462
-0.00586402759082781 0.0232636116920513 -0.459329525361331 -0.68288374542121
0.00821536747436865 0.00872503875496682 -0.866213530991119 0.070718128109145
0.0239277307250742 0.00320339595886444 -0.221847652496364 0.669215179661812
0.0108889486959013 0.0146822662843574 0.304245209426229 0.418780863745731
-0.0051515130882759 0.00292691216545676 0.350113152428403 0.0516804453161555
0.00456645465753357 -0.00491483083230248 0.156798758489396 -0.187985742449122
-0.000458882621179038 0.00172369746662436 -0.157561463090407 0.107126558189741
-0.014878650695109 0.0121108063620369 -0.234491413805117 -0.101219245262202
-0.00328925884386313 0.0105140462930272 -0.12673205796416 -0.412340708846832
0.0118245164770897 -0.0131306572121489 0.402546565388233 -0.457039665090938
0.0050240317975872 -0.00771823207975274 0.74286317094967 0.179687217062752
0.00390335677760767 0.0120338961221076 0.263740586597011 0.726303952188497
-0.0234277851759876 0.0231949789012583 -0.225785826677678 0.476823908417871
-0.0362728813838567 0.0169357121459518 0.0332755640299446 0.0385876478691822
-0.0209161685760513 0.0137567439643377 0.207364616340264 -0.448475255815703
0.000250576415988326 0.028852064067564 -0.443648746424827 -0.696621102493159
0.00979200656243771 0.00981723057367161 -0.872581236338705 0.0410034219159692
0.0215981728006954 0.006167268016378 -0.243092108458842 0.662842217774659
0.0132332952606799 0.0166563367025521 0.294539895725953 0.428273740477607
-0.00153747652671283 0.00400653838972899 0.348066780913783 0.0609763929191242
0.00945170713141085 -0.00473823295388314 0.158880261095713 -0.18778865117084
-0.0193994765561377 0.00560601363791348 -0.141168513138794 0.120931564501099
-0.00922173199916551 0.00417866837927697 -0.249917907119805 -0.0699134666701998
-0.0150527025911528 -0.00514655991695537 -0.249183717535627 -0.37029126683052
-0.00476961891150602 -0.00947784831750132 0.198067117994682 -0.540929198913973
-0.0131358933175394 -0.00216730843330346 0.718394412982607 -0.0623182604439417
-0.0104961429105097 -0.0134431799962086 0.458530994466807 0.598155954732544
-0.00207238005588534 -0.0193857836820375 -0.119098308900899 0.51892450412793
0.00695526275352264 -0.0325401249388735 0.0191612750279848 0.0828583585229823
0.00201777352017306 -0.0392687280795129 0.296994057978183 -0.355865010347784
-0.0176590039400037 0.00225297816049754 -0.201205246196474 -0.787810728431925
-0.00822159512214 0.0196854505896125 -0.863849422231672 -0.249726785705834
0.00585416317399972 0.0169984506656375 -0.483835291356252 0.552480035442789
0.000201814828626978 -0.00327263585457536 0.148353059401644 0.475621827624996
0.0027572279028808 -0.0047128254250645 0.33052297556705 0.109757824317921
-0.00994444281832019 0.00316904008867116 0.182280758757885 -0.173821835665408
-0.0213613457145938 0.00318060549265651 -0.143823031723933 0.117609510034578
-0.0147024327097346 0.0042363353665332 -0.24275407148558 -0.0810722693416018
-0.014778801154333 -0.00590048438734507 -0.222530852505928 -0.387446453955015
-0.000388686531528309 -0.0127186615099976 0.248344778267758 -0.521610847811039
-0.0131509424460738 -0.00538944113858296 0.731117694207007 0.00257304001282109
-0.0126025675822755 -0.0160120824938347 0.413809272032964 0.636078259408806
-0.00258832901648832 -0.0240100166672708 -0.145631983856858 0.508008393245736
0.00631249445885955 -0.0349889897621148 0.0281131310920811 0.0700158581763703
-0.00278477811930641 -0.0411039996098082 0.280111174863298 -0.382301168139242
-0.0211095859300447 0.00278918582437117 -0.264627460103607 -0.766746676229177
-0.00445077268840018 0.0173078018315486 -0.871043280801918 -0.170695761619168
0.0122903285292587 0.0125103512691744 -0.425164028280262 0.589367205457595
0.00102208423587818 -0.00304931198059434 0.184184595812415 0.462558705177611
-0.00209136706434254 -0.00549637505979768 0.335627032367246 0.0924599749110104
-0.0108606074099624 0.00142092650602212 0.176108314875999 -0.17555317755737
-0.0201286315085203 0.0013615873465781 -0.148222894938138 0.113480846154002
-0.0190806439252198 0.00363475051931571 -0.236249145454963 -0.0915685652825734
-0.0134691361548034 -0.00446195669677226 -0.190462249076771 -0.399140989704334
0.0042929989454155 -0.0151366558316531 0.303417349109085 -0.495678509308299
-0.0106274482945357 -0.00843744538813025 0.736656615243869 0.0769332105046182
-0.0132748700096265 -0.0173196981486083 0.358520453555319 0.677430313084387
-0.00503657477922567 -0.023866685128595 -0.174552871764472 0.493513130561955
0.00214916508376071 -0.032414270567477 0.0361530778843569 0.056782111138731
-0.0089811542545633 -0.0383540581503674 0.257830384062322 -0.407806086352043
-0.0216627397502558 0.00576163451528164 -0.332576729359251 -0.739208376526808
-0.000960807871425818 0.0149556153969652 -0.874707968524833 -0.0824116953582523
0.0175387320743969 0.00817550159869679 -0.35719563588429 0.622550470191248
0.00194366880412341 -0.00130902895240292 0.223311983160249 0.445887381342712
-0.00623646395873757 -0.00499259102797414 0.341707223588579 0.0748035457160497
-0.0108225767671305 -0.00121431702664449 0.169210601945191 -0.178000273184465
-0.017853548187142 -0.000527393830380179 -0.150847569698296 0.108829242930376
-0.0221488033468152 0.00407627322605222 -0.230583242295503 -0.100144599481853
-0.0108353994201965 -0.0024347720856251 -0.158886932870037 -0.409950288469183
0.0088054891250976 -0.0159963680162843 0.351234888097019 -0.469477178742277
-0.00772707419540509 -0.0103567007386049 0.73694157741652 0.141580085002945
-0.0110812181376567 -0.0148235949299285 0.307157651078586 0.704779194253192
-0.00858552416680928 -0.0188453347964794 -0.201492585148399 0.480495371550242
-0.00512052825670668 -0.0256704519397888 0.0410872028463166 0.0459525618335964
-0.015008249089388 -0.0311443970828881 0.236372743100132 -0.428853873212716
-0.0207627198530752 0.00909252844264817 -0.3894816709161 -0.710536139019658
0.00205310850665991 0.0113439089227056 -0.870264593843166 -0.00874700639427662
0.0210482234410814 0.00560732164467871 -0.296881259409385 0.648317239184474
0.00394812130481718 0.00238015100727098 0.257952839319565 0.429296441413526
-0.00894433641540571 -0.00375148846431922 0.345956733569576 0.0597940312141737
-0.00919099508628547 -0.00359546491100315 0.164032284635119 -0.181233531644267
-0.0139460169439981 -0.00127082257328498 -0.154191288823547 0.106837382464279
-0.0231000397985555 0.00542672734263525 -0.227422893281335 -0.104648118082684
-0.0080119917705365 0.000946130163833586 -0.135981485576769 -0.414413750165849
0.0128823446928023 -0.0164486773074791 0.385304844231726 -0.448015588361387
-0.00342762229626172 -0.0116720688718946 0.729810005598107 0.188067881357576
-0.00769540014778946 -0.0109370426647343 0.262768693065491 0.722614772705098
-0.0116533221352933 -0.0104127660955218 -0.218417617126192 0.469310749695241
-0.0132502890086396 -0.0162010758075563 0.0435565139153218 0.0377040833434497
-0.0196489936001378 -0.0207094710174249 0.219523287735241 -0.443269765039572
-0.017298628220419 0.0138658771742421 -0.428649930999807 -0.688107473483893
0.00374367055539451 0.00998495982205801 -0.862043710508345 0.0452363814880742
0.0234651903008823 0.00261868927752978 -0.249171531365425 0.658836669558402
0.00579171721244575 0.00634766709038986 0.282844462171784 0.417794561635901
-0.00972916681708178 -0.00150062240001621 0.347757951810857 0.0508676190783785
-0.00588620234571277 -0.00422028171735166 0.15854000559885 -0.184086314960583
-0.00907668152634782 -0.00141012279815596 -0.156365293430456 0.10484555666996
-0.0213470651228243 0.00699332486689435 -0.226070004935606 -0.106866325789665
-0.00563285169094047 0.00446360209960384 -0.119085491664841 -0.414916045985239
0.0142739644336483 -0.0156089453428721 0.408605760280113 -0.434863083148678
-5.63296869646821E-05 -0.0109594288912583 0.728519894562932 0.212714816421844
-0.00434826638521095 -0.00330979616298197 0.239067169803844 0.730876100793384
-0.0167409725618842 -0.000670002701420045 -0.231732861199849 0.463390651751504
-0.0217504382368948 -0.00475950417149983 0.0423744278597479 0.0325148554436761
-0.0213667266352384 -0.0086434821843653 0.20569884584528 -0.450627590316135
-0.0116584834814325 0.0185604063196619 -0.452097398784779 -0.674771509623253
0.00630523329806917 0.00798967183779653 -0.855553657432006 0.0731727072913197
0.0236004572172037 0.00238092039453962 -0.22312765133763 0.666316291930068
0.00847105200300037 0.0109506991269369 0.297250592225711 0.411144898134612
-0.00877630506302263 0.00072461653866217 0.348795198360712 0.0479411500263706
-0.00147851796791931 -0.00531967106393644 0.157039035630098 -0.18601697775729
-0.00412252182029512 -6.99808793812491E-05 -0.157311772282857 0.104305563204382
-0.0192351234076061 0.00956111835365741 -0.227938275768892 -0.104749048608896
-0.00413554731411555 0.00811952366863153 -0.115418766860597 -0.41223730897627
0.0137110007357924 -0.0150560146200136 0.411738912058564 -0.43756405520522
0.00381894555075806 -0.00944099905702018 0.730457698295092 0.208091146457683
0.00013776388942827 0.00401440424580334 0.23767005878427 0.729036990515942
-0.0212821580049239 0.0112348087283322 -0.232455826506456 0.46458258736466
-0.029798511158149 0.00691221946058263 0.0394085452852853 0.0339943141373194
-0.0218157324260228 0.00317499365155058 0.201622079978433 -0.451006646885703
-0.00565111859520094 0.0231975632707743 -0.452988218180073 -0.675787847119843
0.00718559082342115 0.00811121903579614 -0.857714037268557 0.0705266085130075
0.0229200088988081 0.00303200045564575 -0.219682875223583 0.662371506469802
0.0111087633129 0.0139290842770968 0.301913606443455 0.414691636464735
-0.0058252683278064 0.00225891412889028 0.346924724235462 0.0504381566629004
0.00419036680727299 -0.00448000759545618 0.156562737176981 -0.185536505245818
-0.0012015430692012 0.00160468569143638 -0.157190053116366 0.106845583907329
-0.0151598264541134 0.0120338969055746 -0.233018197581146 -0.0996830295220391
-0.0035429252755273 0.0106580233107334 -0.125326786799226 -0.407546399823182
0.0105217191338422 -0.0128666507276259 0.398334379555229 -0.452560885055477
0.00450250824528304 -0.0077243098655811 0.733906445551157 0.178374064542887
0.00418760596714712 0.0116528751438598 0.25968214196678 0.719145123868323
-0.0226339606909731 0.022864062102078 -0.225216154815751 0.470848593134734
-0.0358363474516366 0.0173908502315818 0.0324655141684137 0.0391538599055257
-0.021469861771392 0.0131335107049418 0.205697119631526 -0.445026621470601
0.000575180584978262 0.0279445077146009 -0.437874928487726 -0.689937237613342
0.0103620994752621 0.00999117331257645 -0.865239259791716 0.0405864449591554
0.0222734306827979 0.00560631266348477 -0.241330902367874 0.654860672223673
0.0138010511226167 0.01608332246416 0.293130963813189 0.42354087824783
-0.00125510474672213 0.00399451492090577 0.344992145225432 0.0596943738596013
0.00930687663739201 -0.00385067710428702 0.158394900504098 -0.186046120023973
-0.0196268059505214 0.00544225978195012 -0.140687766023066 0.120013864510578
-0.00911646721832016 0.00430657364820753 -0.247479731743333 -0.0702611240266485
-0.0147608764674042 -0.00520876367004116 -0.247621706837657 -0.367165708667972
-0.0043736691105865 -0.00898197168011784 0.199396835612067 -0.534263206834863
-0.0138456288382311 -0.00136987186971143 0.71237341038869 -0.0605746065823955
-0.0100255027699019 -0.01375567578501 0.452437722751016 0.594001467100752
-0.00222633286011504 -0.0193236209750866 -0.120916074561677 0.513859034628141
0.00656393719963233 -0.0320565940169034 0.0178773662327763 0.0820959568700401
0.00187675225412445 -0.039195258734735 0.295409855134499 -0.352159576676531
-0.0171689149877519 0.00234875636725298 -0.194905366066699 -0.780430292592816
-0.00732149541265444 0.0190222389878103 -0.855045473884984 -0.251418403882528
0.00607810185463784 0.0157943588599555 -0.481552924205949 0.54378935296625
0.000491600596336292 -0.00308590929917525 0.144734290479056 0.471957933297814
0.00216466605662495 -0.00412437897683258 0.326741887332947 0.108417126933181
-0.00933039791324333 0.00259586751231911 0.18128691316898 -0.172112199758108
-0.0206812398138035 0.00331546682181604 -0.144204478042241 0.116490060864188
-0.0149119697607656 0.00415968277184113 -0.241561790788832 -0.0819533760967792
-0.0147724996088362 -0.00538331648592943 -0.218984673197351 -0.382957383334816
-0.000176430798881526 -0.0132073863518511 0.246965927297833 -0.516493227533146
-0.0125756494639355 -0.00520549773496066 0.724199703000747 0.00511497521527294
-0.0123883800553782 -0.0163769483358581 0.408420653932268 0.632434027624656
-0.00300689056838646 -0.0244314661202076 -0.144577551257653 0.501870259888828
0.00677651159499224 -0.0358247669270423 0.0270184571324153 0.0706163236243902
-0.00234875264877238 -0.0408421063966536 0.278692407570102 -0.376721451656987
-0.0198789855193612 0.00186924239931858 -0.257172611001896 -0.761837687931133
-0.00510216012706429 0.0173417174439215 -0.865172819578681 -0.170700033123037
0.012344659116311 0.012453809288253 -0.423632788383371 0.583502312070008
0.000557921507395359 -0.00274247578703541 0.180048542607349 0.459191767861198
-0.00275379422459397 -0.00539005764539442 0.332987726164903 0.0921371126352989
-0.0113385594535908 0.000812381152320405 0.175607249727847 -0.17363535645844
-0.0208134464434356 0.001141641052321 -0.148165513458427 0.112371882664769
-0.019160044031824 0.00366116157649062 -0.235046943853794 -0.0920576787306351
-0.0134448930350845 -0.00437139588408734 -0.188408996056392 -0.397188168671391
0.00428833828423744 -0.0149521163222362 0.302099895709458 -0.490242605262473
-0.0107200665248127 -0.00777924547825906 0.728643270737996 0.0779338781591084
-0.0127577193580115 -0.0179473521231333 0.351942195331303 0.672061563403315
-0.0050365587580234 -0.0230893935443157 -0.173995501005474 0.48782129914193
0.00222740738611981 -0.0317362913600487 0.0347557612742575 0.0563158029992244
-0.00901800128831356 -0.0378950426912241 0.257185965263151 -0.403513715148843
-0.0218914485094415 0.00468219445236167 -0.32613216454199 -0.73308567757095
-0.000984262625721005 0.0153358137029992 -0.868061403629358 -0.0841830611953138
0.0172894061057598 0.00886488503089488 -0.356565549341029 0.617802287912264
0.00170304427646684 -0.00059225408291047 0.219655509296793 0.442028084853531
-0.00666491833908174 -0.0052672459339262 0.337575989640518 0.0755019945824393
-0.0113606594548294 -0.00103714104661849 0.169799824685145 -0.176308758947628
-0.0177011684562479 -6.8115727744119E-06 -0.151532132173727 0.10816054769653
-0.0220982250888294 0.00426290244245704 -0.229045526961723 -0.0999582416167618
-0.0109271230651583 -0.00276678559453723 -0.157536310817108 -0.406645525166504
0.00859773077167041 -0.0159690871116485 0.348327910997092 -0.462994942775472
-0.00799511160761891 -0.010010708065662 0.727762743167004 0.141587302259442
-0.0103048414415646 -0.0148471909351102 0.300009011492081 0.699418732415999
-0.00827452069433489 -0.0188377474223248 -0.201404460508923 0.475462977969957
-0.0046013180493828 -0.0254515131235445 0.0403601112552432 0.0452849896339145
-0.014294956483855 -0.0310169195731699 0.236672272684765 -0.423274648839001
-0.0198767511979967 0.00888503749563608 -0.382159735859973 -0.7041378496423
0.00215156766117225 0.0118549481461457 -0.861923591163346 -0.00917465851621489
0.0206987888550485 0.00524754462858919 -0.293322714467406 0.638586883674749
0.00333867577619587 0.00200983140121956 0.253489087983928 0.426746056882524
-0.00885538515585671 -0.00367975108387933 0.342622027091814 0.0608769459895566
-0.0087165402079105 -0.00311848397052944 0.164070904215903 -0.179404771608443
-0.0136236898784586 -0.000698355683307157 -0.15471140316153 0.104923551944092
-0.0226913370116469 0.0054636415428242 -0.225734040345071 -0.10488347236892
-0.00755597876560113 0.000774915988982665 -0.132146898841093 -0.411219817537324
0.0122852494676181 -0.0163136135767982 0.383730642633591 -0.442567529805842
-0.00379764720118524 -0.0113285604162992 0.724219689500951 0.188909652738641
-0.00771916094406183 -0.0104516989062062 0.260309809836048 0.715087103137791
-0.0125491098093394 -0.010845447039222 -0.218666668621324 0.46467664037553
-0.0130304071201956 -0.0156055839368605 0.0433108341302576 0.0376315685333847
-0.0191528273702146 -0.020245955969127 0.218227498161065 -0.438843694782822
-0.0168622310585348 0.0137828485481779 -0.422009802298514 -0.681926912804595
0.00413513907604404 0.00980198116430894 -0.855261954074124 0.0425990234619659
0.0233167214816605 0.00259462136087876 -0.248914415891846 0.653261624041418
0.00544192011235491 0.00622282893188183 0.278561781307962 0.414036870791346
-0.00973563353866171 -0.00112018348915742 0.343684820770969 0.0510162628907043
-0.00663261521368337 -0.00376521158261493 0.159790335954601 -0.182067862878101
-0.00867795421895554 -0.000996906847601611 -0.156403168762729 0.10388809592902
-0.0224561959043351 0.00662464917313902 -0.223745863364488 -0.105632797337348
-0.00590702137543015 0.0045292188723589 -0.116686781409127 -0.411610787351616
0.0142950450836861 -0.0153002226497537 0.40511565125151 -0.429980296237824
0.000446380795892914 -0.0108726976345586 0.721461301459605 0.212660350453509
-0.00363308726937337 -0.00373147154004589 0.233876441687365 0.724412693131942
-0.0164299966285399 6.74585122182811E-06 -0.228051922255126 0.456711131860677
-0.0217586653713759 -0.00424639723409775 0.0410043899549107 0.0324163627278746
-0.0215181911126188 -0.00831479130564335 0.20494989332429 -0.445998402074076
-0.0109460791902906 0.0183561414036921 -0.445272350514504 -0.668830071903946
0.00677133421197238 0.00796398129270406 -0.848848395454839 0.068425428360004
0.0239958689584755 0.00229941465491014 -0.222961722926547 0.658468132721132
0.00861915116627749 0.00978874025464169 0.293646053069499 0.408616854824534
-0.00836247437889243 0.000722451159844577 0.344598511823695 0.0468188344741307
-0.00191043773875887 -0.00500317474726625 0.156865597538702 -0.183868790274053
-0.00459175272034684 -3.95904260854967E-05 -0.15718310577884 0.103689928151575
-0.0196955479992437 0.00958413683812565 -0.226480320921923 -0.10358986385063
-0.00329684836514819 0.00783385132851334 -0.113704386611747 -0.409267693505851
0.0137403039372586 -0.0135079392293477 0.410222251449366 -0.431975493819614
0.00320389506702028 -0.00903844419906075 0.721702398552392 0.210182191743892
0.000124009571396137 0.00426519348253226 0.23410800480604 0.722474468921281
-0.0207465361886478 0.0116653987856928 -0.230515888407175 0.4581356642637
-0.0291854539772616 0.0063211095135087 0.0376100518957815 0.0332647809447443
-0.0223136218059473 0.00357755763586259 0.201374577966737 -0.4442975670474
-0.00583111714801529 0.0225785467403043 -0.446725379634939 -0.671338203770597
0.00801147666219344 0.00917748778237733 -0.849266999317604 0.0667363363018186
0.023449339260026 0.0041267859970127 -0.219379544146308 0.655163808000383
0.0116404230372788 0.013757804603108 0.296805391692337 0.410633115752371
-0.00600391344839424 0.00259869140723985 0.344603401974864 0.0504956649688206
0.00366168099113327 -0.00591327809535383 0.15738146316048 -0.184098977772347
-0.000414029987972479 0.00181305975548439 -0.156982909206282 0.104970995202776
-0.0150476440716357 0.0123493915273889 -0.231916011965869 -0.099531971580666
-0.00248137520071934 0.0103745277906939 -0.124036618371227 -0.403497087156196
0.0111305600091496 -0.0126127058941101 0.395200363852972 -0.446698641640565
0.00500322332155884 -0.00719866848397097 0.727844462957651 0.178601374974833
0.00471056825166964 0.0111207056714995 0.254973878271576 0.712727651331441
-0.022593454561126 0.0221161512423084 -0.224109879221876 0.465312615896794
-0.0358302736065258 0.0170117717271326 0.0317991922445201 0.038252203210586
-0.0205302901544535 0.0135007922196182 0.205234565699395 -0.439182361530688
0.000140862319749766 0.0271863813242498 -0.43071392806562 -0.685501449145954
0.00946847951623274 0.0102511725904165 -0.857646616444297 0.0356262938048221
0.0214619393192323 0.00629532802409608 -0.240921593196101 0.647580857340958
0.0134731427494694 0.0169236707138549 0.289493283993373 0.419719915572139
-0.00153687202178342 0.00459636259367489 0.34201416337918 0.0603742924004628
0.00896081517716937 -0.00393828115626934 0.158515930307504 -0.184760323185669
-0.0187888446862608 0.00541121363083817 -0.142126648645472 0.119418548369369
-0.00933029520948259 0.00459431958352593 -0.246277254046946 -0.0715962110328769
-0.0139295395052468 -0.00484945392609294 -0.244118546767329 -0.364794131131832
-0.00448380543269239 -0.00940927037449185 0.199185871149215 -0.529732741409826
-0.0137031320134624 -0.00201756984602115 0.706968569091229 -0.0553291160621167
-0.00940725545789545 -0.0136322229129492 0.446908897709583 0.591735735307699
-0.00171456778356443 -0.0194673247811861 -0.122465602086856 0.508452253827589
0.00647933209439884 -0.0316905608955058 0.017458936419843 0.0814614929539909
0.00190494067822141 -0.0383674790524131 0.29678005064546 -0.347325229383115
-0.0167218056784574 0.00210530109207593 -0.19011737715584 -0.775669940142296
-0.00702484475290802 0.0193867493811313 -0.848105603428502 -0.253264956555065
0.00591045656372889 0.0166705173864078 -0.480375237757374 0.535906695661446
0.00122798542942063 -0.00269050099676872 0.141063751687793 0.468901054270157
0.00259671036270677 -0.00405155255899135 0.324713552587471 0.110071925848463
-0.0100586582142684 0.00275225887381336 0.180874341499421 -0.169302254265162
-0.0215103406305882 0.00256515619903284 -0.145512458363691 0.115318861354022
-0.0146075343079598 0.00448110223665815 -0.240792638489836 -0.0814750940064122
-0.013935091672057 -0.00519613400502902 -0.217546770043485 -0.381108261097875
-0.000424010389626943 -0.0128318478121219 0.248010633641819 -0.512483807802516
-0.0124962995926382 -0.0045709981128609 0.718048201297865 0.00763885315893942
-0.0119160969865331 -0.0164051408474448 0.402955837538651 0.631502270832418
-0.0035919935658346 -0.0239934883779474 -0.148874649001177 0.497392459165061
0.00652401246968125 -0.0346589448621789 0.0255085001886226 0.0691609825310893
-0.0025990024183348 -0.0408978829279421 0.281433752339545 -0.372866345321116
-0.0191447209385502 0.00193568562308071 -0.250098055373508 -0.756639232708607
-0.00488946675331833 0.0174440136605013 -0.857931957807998 -0.173217885376909
0.0129569030467755 0.0126919284006789 -0.423971874902682 0.575503889723676
0.000696394661886894 -0.00364288660543894 0.17705915696326 0.45625160583617
-0.00255656000950087 -0.00554298842091068 0.330571518765456 0.0930081955087249
-0.0111768076533001 0.000634818364629127 0.176745836424438 -0.172671631864302
-0.0203846441245486 0.00120899471477598 -0.149149201524005 0.11114917592372
-0.0189911912904677 0.00449726305313878 -0.233763505156526 -0.093182521066923
-0.012845875995489 -0.00437266642260845 -0.185350569262728 -0.393603415878058
0.00389847508463179 -0.0142309799602764 0.303297324560113 -0.485263888132617
-0.0101097541780154 -0.00807683177597919 0.724767120936855 0.0807269050806197
-0.0117869648230971 -0.0174308173431342 0.34730608818694 0.667027078914546
-0.00513236194859328 -0.0229857796805796 -0.175751924364478 0.483745064977957
0.00194698971529675 -0.0314418658209447 0.0339838278528681 0.0561356696967521
-0.00873575045364618 -0.0380397081369749 0.259136388750183 -0.397964038716234
-0.0201879976469261 0.00490312587857816 -0.318135735932013 -0.72986680500267
-0.0007882829379569 0.0141038004213957 -0.860696814976934 -0.0869971520265494
0.0179366125705406 0.00887804889323661 -0.357749506846032 0.610153799860603
0.00150186320845762 -0.00126269670022696 0.215802098336665 0.44005776768131
-0.00642459624045199 -0.00531726166981813 0.335799577894611 0.076297930481938
-0.0119047927699417 -0.00127509763122627 0.170343327036585 -0.174930103750157
-0.017856201996285 -0.0007697297856004 -0.152256695057833 0.107478578347012
-0.0215488246350431 0.00395489666605414 -0.228071625896077 -0.100377033477533
-0.00980677731026527 -0.00300241270304751 -0.154292179289377 -0.403492168579061
0.00870886256534597 -0.0157698948703202 0.34992273833728 -0.45739593331909
-0.00721640142048662 -0.00997179123525193 0.721681793189628 0.145345144714701
-0.0104785862562304 -0.0151823497984828 0.294073243255047 0.693941641163687
-0.00828348252576458 -0.0191298824748253 -0.201410145606204 0.468618238169066
-0.00451202455516221 -0.0245960430720452 0.0400735168318359 0.0454158392959579
-0.0152843958748744 -0.030608109306167 0.236628861167357 -0.419420881412314
-0.0194555713286741 0.00885019047211821 -0.373436521539863 -0.701253494932944
0.00227313464688391 0.0123139785613669 -0.854594492048259 -0.0141357340440391
0.0208643579799304 0.00508163785917927 -0.298131467295354 0.634209064060659
0.0038025656743002 0.00244484752813532 0.250160874506306 0.426772401369126
-0.00917595816536116 -0.00316492131887968 0.340131778916096 0.0610316583964173
-0.00886103075591784 -0.00257408331345137 0.163731749361711 -0.178436526877417
-0.0137670737622523 -0.000553654298420116 -0.1548129126268 0.104469028908007
-0.0228300007009746 0.00480267898868909 -0.223788132177798 -0.104312099806006
-0.00741111186932399 0.000659217508000081 -0.130373040976067 -0.407140380632535
0.0128686977019049 -0.015719990870972 0.380320899157438 -0.437137639663165
-0.003642283059262 -0.0107437473561471 0.718064763563127 0.189863553058534
-0.00711522398302801 -0.0110492130435304 0.253278534925914 0.712155492754139
-0.012245179963235 -0.0103179459577807 -0.220025642889823 0.4598817526038
-0.0126273186899788 -0.0158452052106076 0.0424904571056922 0.0368685392570387
-0.0190258227677928 -0.0205273006625616 0.219747999621516 -0.433457266300571
-0.0168734131983964 0.0126520427490714 -0.414798168249097 -0.679183504229038
0.00408831660375633 0.00989152445381588 -0.847575905571822 0.040327607388175
0.0233736398963132 0.00244304513841224 -0.250602937068668 0.646144758284899
0.00590591241095264 0.00628051433588903 0.274201243874865 0.412413223360451
-0.00981138261247343 -0.00153955222565131 0.342037671290936 0.0530100355123357
-0.00630221549825029 -0.00436501650379161 0.16020395905359 -0.180862534113856
-0.00917678429020827 -0.00123032251019511 -0.157689912439014 0.103260344429921
-0.0223088970707787 0.00717176040269759 -0.222744692733589 -0.107340060592326
-0.00456647993414378 0.00481237266185064 -0.11442707158578 -0.407457778658869
0.0150583717248334 -0.0149285573423113 0.403816390363798 -0.42500364821042
-0.000161144539820142 -0.0117919377569477 0.716240792469747 0.214683523753409
-0.00358371436693159 -0.00391866606731305 0.227427344264471 0.720382716254795
-0.0169315678939558 -4.78153046745908E-05 -0.230939658785971 0.453023624610637
-0.0207066548442236 -0.00415505782585774 0.0409413611249784 0.0324198736491295
-0.0204851195604614 -0.0084920956740129 0.207028701489108 -0.440475894891275
-0.0109385300775506 0.0181680485147395 -0.435860639145569 -0.666917938447796
0.00667547705041311 0.0087466894255213 -0.843450256744886 0.064738783172072
0.023159449411685 0.00260236645342192 -0.224493137929777 0.65165737251218
0.00935406348441422 0.00999626579121697 0.290800521437875 0.406038025229175
-0.00864882038873693 0.00117190416823349 0.342283192203391 0.0481675478081217
-0.00184879642726646 -0.00516155716264383 0.158947713240963 -0.181793303596284
-0.00432405093943094 -1.64355728277509E-05 -0.158367476249118 0.102953749151039
-0.0190915783613368 0.00969894141470634 -0.225069818370171 -0.10498081404033
-0.00298738466697646 0.0070578101904073 -0.111095482913771 -0.405172072955348
0.0141565740922642 -0.0140341771174563 0.409386175007262 -0.425545165491348
0.00263052799038156 -0.00863769142007135 0.714158143985992 0.21043630237313
0.000265447916530413 0.00380753151912712 0.227570095583924 0.71880428503156
-0.0205556574951257 0.0110470006709145 -0.233293214078937 0.452269921538261
-0.0296616853169777 0.00614204734739594 0.0378909938239756 0.0335612106082356
-0.021991702270147 0.00302137840824878 0.203177718905794 -0.439096858168563
-0.00482048807174081 0.022046936505886 -0.438394479065419 -0.667637725035328
0.00805593011805239 0.00840356385612986 -0.843077840402127 0.0628896690537876
0.0228856508761324 0.00354088969694607 -0.221108252992851 0.650792108630588
0.011421055756168 0.0132708524266328 0.293102430552191 0.410128288756222
-0.0056498245285058 0.00253862924437539 0.341234393423528 0.0524601613884948
0.00363286717975531 -0.00475496513087388 0.157595997386918 -0.182773844498249
-0.000864400456917515 0.00219019791256026 -0.157212813089929 0.104895856637483
-0.0157161012872724 0.012597752535939 -0.230093591947718 -0.098808968194559
-0.00272618389953514 0.0100741269856501 -0.122203075170512 -0.400088898198726
0.0109903861817982 -0.0126955058272961 0.394613616745476 -0.441621623847808
0.00389400263148259 -0.00711188972325095 0.719361904363322 0.180533645131989
0.00517777631266223 0.0105730735124711 0.249050410548537 0.708501337697121
-0.0234397384067096 0.0213915457326508 -0.225457180300345 0.460599204701527
-0.0351082557596857 0.0167683865438358 0.0305057566607369 0.038401352719314
-0.0213090990338608 0.013198236092567 0.208227271155728 -0.43396966714833
0.000762426613797918 0.0265024482439359 -0.423448030656245 -0.681141108011343
0.00995873068638176 0.0103596012500893 -0.850306689886696 0.0322015282323815
0.0219200790575861 0.00613687283845769 -0.243003532230211 0.640644617764949
0.0129268402442734 0.0160065276620861 0.284537201915563 0.418050179649418
-0.00139442384516677 0.00386812638751604 0.340424686295709 0.0611815107503789
0.00924437415229611 -0.00451880399034245 0.158252380985002 -0.183231187562438
-0.0193363402714313 0.00516655092900048 -0.144361547713083 0.117352757236319
-0.00978868421656189 0.00500456060527241 -0.246638833670049 -0.0713075887202331
-0.0132878628084557 -0.00472057617260272 -0.24038276578732 -0.36442250949298
-0.00419288041383191 -0.00924959026302629 0.201263492623562 -0.526012693994257
-0.0139267405696941 -0.000971560863357 0.705070427690602 -0.0508860103821757
-0.00904370563621564 -0.0140352367735027 0.440650842299162 0.592160145700703
-0.00109259586513908 -0.0198488903132722 -0.12586882757159 0.503864966166916
0.00713868076953006 -0.0313570745824667 0.0156285727056187 0.0801967918426324
0.00210889043825465 -0.0374346745952831 0.299008944416945 -0.342634080155676
-0.0159318286519974 0.00190467501735815 -0.182303049875489 -0.772401110889276
-0.00764665328240082 0.0187969463513723 -0.840759985495115 -0.256398594090021
0.00642031670503686 0.0160533377214547 -0.481760155523084 0.533405453647359
0.0010761010791853 -0.00322270732460854 0.138895010594413 0.46776670551053
0.00173473333552505 -0.00468989558360771 0.322237472626152 0.112011178494841
-0.0105085093227455 0.00308219943241978 0.182384826458589 -0.167962251027764
-0.0208643265697012 0.00384910659828198 -0.146389332934725 0.114259261519249
-0.0158103281454212 0.00430575919138736 -0.23968224273245 -0.0828726797394384
-0.0141804668277351 -0.00533169934485542 -0.214766691373656 -0.379903974560927
-0.000838378356291655 -0.0124755468953095 0.25121676167752 -0.507992165741388
-0.0129598394366192 -0.00498898208733127 0.713975063338336 0.0128361264660197
-0.0119957993928648 -0.016964803560006 0.397486331343149 0.630990858821442
-0.00334782954356749 -0.0252361048705382 -0.150908218779837 0.492883490037001
0.00616063946800428 -0.0338441044193985 0.0256020503338423 0.0691965042019988
-0.00205133902206734 -0.0409578420006222 0.282979599380164 -0.368050795524355
-0.0189276489559814 0.00157068431035478 -0.244464693192951 -0.75611837564906
-0.00448707359596705 0.0173617148500765 -0.852669005083317 -0.178162948281791
0.0123070937978286 0.0127259114035983 -0.424855268736005 0.570223684233915
0.00148925759237155 -0.00296704598687604 0.173121095509683 0.455891105161229
-0.0021273993953048 -0.0057247091690812 0.328605273719355 0.0944704050006772
-0.0117023446146589 0.000377649218828267 0.177204641471373 -0.170665073002484
-0.0202149456461564 0.00104924384941341 -0.150106607019386 0.111098223485035
-0.0197566401912649 0.00415698561480951 -0.233542587779299 -0.0939891910054448
-0.0118265659673172 -0.00438177751424943 -0.183267685191816 -0.392907970296098
0.0045637680521264 -0.0141808352067938 0.303720468209336 -0.481016015047677
-0.0111224687451128 -0.00756436655159477 0.720591266971712 0.0848622524593963
-0.0119849151453027 -0.017429903816874 0.340314637240472 0.667262829032814
-0.00440369323571879 -0.0245045547003021 -0.179639848829906 0.47779477177591
0.00301228554741893 -0.0316761897232942 0.0324251001298542 0.056438998448284
-0.00822594059752278 -0.0376020787286937 0.26046689028794 -0.393496414390946
-0.0206019626606897 0.00421083188027025 -0.311529326821266 -0.727992159652457
-0.00063163521205945 0.0141947481490381 -0.855676268107129 -0.0919346978305699
0.0175654307647398 0.00806273139694135 -0.360187578195606 0.60459592618996
0.00170658517061985 -0.00122280779024491 0.211846900944514 0.440248049039492
-0.00666822802084762 -0.00514523504471831 0.333861433806842 0.078131799828857
-0.0119787448794496 -0.00135199381383951 0.17168351301097 -0.174000691171691
-0.0181905322751917 -0.000543393943504157 -0.152656661429004 0.106226523996605
-0.0221555492143877 0.00431508595905135 -0.227051320187988 -0.10167221725682
-0.009694272581528 -0.00223694922421561 -0.15152931787549 -0.401185387395939
0.00905094647919667 -0.0152367450597023 0.35189744850836 -0.454335704054289
-0.0071065222554793 -0.00966370812706426 0.716598987983987 0.147465523533626
-0.00975242724292823 -0.0158303157739471 0.28907044753942 0.694112973772428
-0.0079528781278933 -0.0185207980431309 -0.204981744871752 0.465877614517277
-0.00462598906147645 -0.0248186221223686 0.0379223765085904 0.0454456595238409
-0.014157343350237 -0.0304927233265875 0.238968185313311 -0.41496169739275
-0.0189252158811476 0.00790134466191724 -0.367215568399918 -0.700203118344552
0.00229170021200522 0.0118106905130102 -0.851505945139277 -0.0186499459965577
0.0211564488639603 0.00532671385924796 -0.299664428738272 0.629117323992572
0.00342381524545328 0.00216912477996083 0.245988435811171 0.424698251600518
-0.0086499672341534 -0.00393152740108058 0.33837208920452 0.06266058071114
-0.00974587815052628 -0.00275343205227007 0.164534843774292 -0.175995385459287
-0.0138317017158566 -0.00100864128422449 -0.156968974050155 0.103860320741321
-0.0228547083420907 0.00552817700359451 -0.223636677221365 -0.10544111382344
-0.00714929414178984 0.00030139573239071 -0.128360046182942 -0.407046638165327
0.0129923392697917 -0.0159342785276205 0.383875314221795 -0.432873405237669
-0.0034261195883878 -0.0107741362634494 0.713337723956723 0.194399974949054
-0.00675675903850124 -0.0107927538317812 0.246603534017262 0.708824396070901
-0.012135274679979 -0.0110319991399579 -0.222915028702047 0.454204775554415
-0.0128610735282517 -0.0160098696135637 0.0414493566248572 0.03677438066657
-0.0178998331272992 -0.0210720658909397 0.222571565542528 -0.429066896211915
-0.0159298735879404 0.0123820052045684 -0.405900033542007 -0.678235209662049
0.0044471241874752 0.00997914706557863 -0.844663697593833 0.0327150795146557
0.0228395861873699 0.00281170853857365 -0.253502881597162 0.6424142061067
0.00575499995450143 0.00643392931463054 0.271407381990133 0.411311689598423
-0.00935654839142819 -0.00153510097956309 0.340110956513885 0.054226268529151
-0.00682950061634705 -0.00464821484364938 0.161844783640776 -0.178471914489687
-0.0090152694261007 -0.00102258131398833 -0.158925849153127 0.102145134525775
-0.0213959501805165 0.00744396066274388 -0.222955909393723 -0.107512638251104
-0.0047957222966447 0.00461505580224499 -0.113133285570326 -0.407006433504181
0.015319284452508 -0.0154425972567575 0.406285032629582 -0.420309145375113
0.000171772289369005 -0.0100640587413869 0.710294974844126 0.217249378493227
-0.00368986351752601 -0.00380633063047255 0.221672419952367 0.716327446001033
-0.0159685703408997 -0.000575276660431039 -0.233460845879514 0.448304062657538
-0.0212373325743504 -0.00481567535284481 0.0399003835500581 0.0328532690356565
-0.0217014649813447 -0.00889923433705756 0.209577615851535 -0.436766366386357
-0.0103773688222944 0.0171085184186404 -0.429591325553348 -0.667598372981283
0.00693049315470543 0.00824847735679934 -0.840326481268735 0.0580675507379286
0.0237961745820539 0.00231591037627041 -0.22648939985351 0.648784332834432
0.00826265207275421 0.0099331224173566 0.285191793920639 0.409072485584429
-0.00869472548539961 0.00154595495095306 0.340382436562336 0.050629714783643
-0.00186936887909252 -0.00512186667969421 0.159605704184973 -0.17996142513712
-0.00496241636681343 0.000613390309028405 -0.16005527000624 0.102097333258356
-0.0198187944220191 0.0100029166057218 -0.224292656863547 -0.105376948821619
-0.00359947341968589 0.00798092039161392 -0.109470487768918 -0.404339824101763
0.0137434407300911 -0.0136546737631965 0.408848166821495 -0.421318992698355
0.00241452378981595 -0.00799384702444243 0.711478213520901 0.215117169004188
0.000545695911564142 0.00243517578113413 0.221243118399828 0.716087959562618
-0.0206669062610765 0.0111544209061118 -0.235604338835726 0.448361659369387
-0.0290798656458101 0.00705606058988946 0.0369487405891847 0.0330489233951036
-0.0212441671700804 0.00227084017146909 0.206194773215579 -0.436084860384854
-0.00499632442298377 0.0224638232174111 -0.431358554978769 -0.66729802809456
0.00839797814339245 0.00884355074086541 -0.841262891278716 0.0573554171422012
0.0237301236632053 0.00304417354193983 -0.224578012768535 0.645884831811968
0.011531423172542 0.0134773140346032 0.288815081880017 0.410069873222614
-0.00535342801031543 0.00274105583009873 0.33994671252695 0.054516842751695
0.00269946854225261 -0.00448886173009283 0.158854154849209 -0.180884656988582
-0.000912937239916006 0.00232517945132075 -0.158613118478662 0.103069103789352
-0.0159533504302039 0.0128993843460147 -0.229108849784429 -0.100856742309856
-0.00169364327259917 0.0101465124139814 -0.119246812796395 -0.398881977263061
0.0111656435212471 -0.0123889568846415 0.396742385304409 -0.437150691982635
0.00458891306625234 -0.00727902560912753 0.717178070073197 0.185144311428677
0.00446146717458728 0.00972688654147335 0.241602998098368 0.706874877512331
-0.0232328285454122 0.0213716136448165 -0.226295784277381 0.455405277002946
-0.0359470923021543 0.0164657289138809 0.0301207570603111 0.0382608754265578
-0.0217159605941195 0.0134014934472294 0.208546308725091 -0.428948336507087
0.000797320424689581 0.026146209509155 -0.414840358066073 -0.681051515557459
0.0103852183179035 0.0102252796272917 -0.845941172412435 0.0267633759351124
0.0215992806983799 0.00659250016565971 -0.245077221985766 0.638234605861156
0.0142027006643526 0.0167447157461597 0.281325177427541 0.418981455470793
-0.00148554726805483 0.00393313637011404 0.338865942320423 0.0628008098288878
0.00803326448008907 -0.00336263376566445 0.159997429170872 -0.181081831190167
-0.0195747408982694 0.00590027619753617 -0.14461775593843 0.117105729619398
-0.00963541272546257 0.00489026625078358 -0.245755988387044 -0.0739719675417861
-0.0130742046672156 -0.00525369770627473 -0.239680285104051 -0.364185594259289
-0.00431135905482328 -0.00913725650018127 0.20423126183512 -0.523421943222144
-0.01381759665115 -0.00106476575439879 0.703198409657232 -0.044966497495927
-0.00944786198475112 -0.0139590906821027 0.43416439841944 0.594736662100391
-0.00134343505545019 -0.0200858189161855 -0.131625631775471 0.501280433369731
0.00649583690475533 -0.0302967284136439 0.0152331811356312 0.0813292820377009
0.00245070238322466 -0.0372916203457318 0.301140093198001 -0.338963773032546
-0.0155286449173024 0.00100609833454835 -0.173839548326222 -0.773223903593961
-0.00816965135823721 0.0194421808821753 -0.838846945567245 -0.261792285958036
0.00643092755250441 0.0162765533897044 -0.483484251939338 0.527390289557437
0.000642167934136393 -0.00406772877125763 0.132721558106915 0.468475186430608
0.00286864203999534 -0.00562803017309716 0.321003217427093 0.112999899787765
-0.0105472645812367 0.00302379594445282 0.185161078664775 -0.166244914157715
-0.0217780625981151 0.00383595812751385 -0.147671212127781 0.113291642160749
-0.0146991837950582 0.00479923546581488 -0.240198658079755 -0.082848924953099
-0.0134708456867432 -0.00512285538325687 -0.211246125002693 -0.378728444128276
4.53185558464348E-05 -0.0122316016615177 0.252518585029092 -0.505126388289505
-0.0124621083036279 -0.00400548394939257 0.713083117336492 0.0186553094163834
-0.0113337357423705 -0.0171306682895623 0.389323617458037 0.630733137684571
-0.00204776865633674 -0.0245968175976972 -0.154460592535367 0.490859408893775
0.00711747877658129 -0.0331361921334128 0.0240416338129008 0.0691586068634659
-0.00173324348955122 -0.0401210417612122 0.285940718606184 -0.363373502612849
-0.0184789325531754 0.0011497828229831 -0.235770142008439 -0.753296258020005
-0.00536631041540338 0.0168623086874257 -0.848765746612545 -0.183363925829979
0.0126969623992997 0.0116822088249774 -0.427699736064883 0.565549350537308
0.00119070465641033 -0.00310558049647985 0.169364614670556 0.45674838394613
-0.00279617836371181 -0.00627169658629518 0.327981738857844 0.0961930832858674
-0.0118052197179063 0.00108253371365279 0.178816240752023 -0.168398293935699
-0.0200919186725356 0.00153550524338619 -0.151319939104874 0.108389146573904
-0.0193125113118826 0.00431766237445112 -0.232315786901477 -0.0943526511789448
-0.0117073832631538 -0.00481545972876376 -0.179885823284674 -0.392427479165482
0.00515188886045807 -0.0144190429911306 0.306574333529287 -0.478476150364877
-0.0111606355831188 -0.00722914772404158 0.717926333559119 0.0915382857928229
-0.0113649286665849 -0.0177266547552364 0.33403632446473 0.667252647950182
-0.00499823803086331 -0.0231645048812315 -0.182490840832225 0.474502773439099
0.00263483868654728 -0.0315136471619384 0.0325887820065607 0.0563461637518555
-0.00778767458175464 -0.0377154102885554 0.265310733063831 -0.391699141514142
-0.0199549719303196 0.00383423289624808 -0.303025551260591 -0.728245942025864
-0.000796626486388958 0.015249264622119 -0.851241027107906 -0.0965074720976846
0.0174036832463895 0.00862175761505602 -0.362583593184129 0.59930999214896
0.00200709404961517 -0.00174947737297302 0.208008629514169 0.439777908995103
-0.00663200593042488 -0.00551725713437346 0.333105217996927 0.0802931055292851
-0.0121414872362917 -0.0021087342995584 0.172976476711519 -0.171500720766487
-0.0179854462932106 -0.000984490803064524 -0.154994239954055 0.105924601807671
-0.0224748190952025 0.00469495884717518 -0.226148611492244 -0.103046365012402
-0.00908063390948117 -0.00249767057609258 -0.149047312719325 -0.40167576954596
0.00977500472101339 -0.0152277896431578 0.352871288161946 -0.449918327895069
-0.00789852294774637 -0.00954456754558712 0.715697808609895 0.153873643210871
-0.00926143943491903 -0.0159555532339841 0.282183890789943 0.692047027173282
-0.00737730654931631 -0.0191730367892121 -0.208532878655625 0.460020589384652
-0.00389643990830757 -0.0245898301209792 0.0375006242375485 0.0448928295666181
-0.0137978778825321 -0.0308950070617407 0.241674159171916 -0.411761773216488
-0.0192490945959508 0.00811657964808072 -0.358742101525129 -0.702527250926006
0.00329726529629439 0.0122144668532089 -0.84836685566483 -0.0245342485141691
0.02122243473369 0.00529047570657184 -0.303358790110015 0.625773790503686
0.00345222874830059 0.00203768752034571 0.242000383430009 0.425377529572297
-0.00934118316208666 -0.00367007223510156 0.337047931321806 0.0648278081614892
-0.00981009020777835 -0.00262306215250926 0.167831243614929 -0.174829565481905
-0.0138323283747919 -0.00109746800926597 -0.15798375560137 0.103081431870563
-0.0234223312855781 0.00516939237660764 -0.221959571857721 -0.106569906244144
-0.00662792581217459 0.000456985325049668 -0.124724588984604 -0.404706263391542
0.0127888564902139 -0.0149223120068541 0.386401870984031 -0.42761987819566
-0.00386726182662698 -0.0105741129190265 0.709501256969935 0.199808610431708
-0.00677926156496803 -0.0112442157235107 0.241182333493751 0.709288005476873
-0.0120951243152089 -0.0108949534954357 -0.225433784453937 0.449891761566192
-0.0123478075125143 -0.0151585011673599 0.0407680090580347 0.0372097365920975
-0.018425176355631 -0.0207409331103538 0.22478550846635 -0.426135170174706
-0.0156815465658366 0.0125930444539628 -0.400961294779285 -0.679105076391041
0.00440015291326363 0.00973304450416715 -0.842665555499156 0.0281078312577781
0.023481856500308 0.00338654849674247 -0.257561180854111 0.63622342548629
0.00569859875861698 0.00631438966636144 0.268144492377211 0.413066306207905
-0.00956758191994935 -0.00168160608609076 0.33983041269856 0.0556829648339921
-0.00646000303776446 -0.00414302624500586 0.163702468506391 -0.177013851668958
-0.00936758746794084 -0.000804148321290317 -0.160800555630643 0.100656503321678
-0.0222703185190121 0.00748271620498167 -0.221433918943624 -0.110216093739621
-0.00375656959949498 0.00525757427017524 -0.11035356560406 -0.405542285024526
0.0147318745811426 -0.0143086268561366 0.407044526808247 -0.415137528115048
6.22616181819302E-05 -0.010454013613808 0.705821687526943 0.222589762902912
-0.00327562611865582 -0.00436732997181371 0.214433346861354 0.717326330183288
-0.0168207382001888 -0.000808565288010463 -0.235904181424142 0.442962271087226
-0.021093408130261 -0.00433259746422883 0.0390070216892434 0.0326860534209352
-0.020888962158543 -0.00885224040765216 0.21280875143527 -0.434205156545762
-0.0107522301548579 0.0166871589761551 -0.420432257564866 -0.666657908880954
0.00695706352017159 0.00886808359405161 -0.838087241221275 0.0530920518487412
0.024376722774029 0.00188775268184602 -0.229792575684807 0.643315963819343
0.00880450533488202 0.0107557390227778 0.282623795892385 0.40812523494731
-0.0087115006062361 0.00112475304332977 0.339749837362009 0.0520889996087713
-0.00244055888040339 -0.00519264797339305 0.16015572068806 -0.180111240410191
-0.0040748389066945 0.000552064522086688 -0.16125942635232 0.100981001151955
-0.0191602358248976 0.010400050346788 -0.223178320069455 -0.106874857449823
-0.00188889732914813 0.00748303873699553 -0.106112875265826 -0.401929584103021
0.014076910426255 -0.013460640716582 0.41102367672948 -0.417929840525219
0.0026817430226927 -0.00854844183141748 0.708121981378018 0.219868509495072
0.000464797886440606 0.00283776966522701 0.214451091105859 0.715483917872604
-0.0217265654549567 0.0102644115265146 -0.238437492201326 0.445103988622116
-0.0292773171400559 0.0061369417174067 0.0353639518199545 0.0334699011116556
-0.0222684143076177 0.00270487086101474 0.209346466883986 -0.432842383007068
-0.00485503988477235 0.0213375719071888 -0.42444107556966 -0.667976142510329
0.00799154832567467 0.00865080121195244 -0.837924666034337 0.0501005702673698
0.0233507975640908 0.00415155241260038 -0.228664464550121 0.641477120565698
0.0113757402766669 0.0134875433135511 0.284567254488901 0.410891227013143
-0.00579052724739781 0.00219120807136755 0.339980353099254 0.055309838752233
0.00359697299117346 -0.00390960280205822 0.160512697506663 -0.179979459704061
-0.000615416350695512 0.00218834077445781 -0.160461513469466 0.102626998713715
-0.0159410778247855 0.012715083685847 -0.228824390414012 -0.101637970533402
-0.00174419193909435 0.0102921187385536 -0.115619630959474 -0.397966078587752
0.0111219730599364 -0.0125195932263624 0.398996838495585 -0.432369167636167
0.00468363827734594 -0.00615250571532776 0.71393001502911 0.19062555071911
0.0043244032909478 0.0102472901171836 0.237414765028078 0.705598582485389
-0.0243199648002083 0.020297003995708 -0.230494254656018 0.451999710592291
-0.0347623867306449 0.0156744776063436 0.029613468181387 0.038807052151773
-0.0212406077936311 0.0129511017822418 0.213338609185785 -0.426919674289634
0.00116488509664795 0.0266393304116283 -0.407091707604027 -0.682961578951596
0.00994672692019251 0.0104599674016601 -0.843320464751066 0.0202504920624219
0.0219463830355165 0.00639786022449844 -0.248771155358879 0.633148818736653
0.0139386083359876 0.0162578132432389 0.278444195372564 0.419632144308001
-0.00159566586193002 0.00363050845021641 0.338243499468303 0.0649873501170046
0.00890463919001165 -0.00314189411517277 0.161315102132163 -0.178985458700035
-0.0189730010897617 0.00556275800271765 -0.147637663922962 0.116275006607601
-0.0102854231528507 0.00533094776571122 -0.246220705648608 -0.0751638715851992
-0.0133382708725447 -0.00510141932109459 -0.235885796804298 -0.366006113806683
-0.00412525171130563 -0.00936737248570585 0.207199071287713 -0.521260476528262
-0.0135549234076738 -0.00127471603414893 0.703772252986266 -0.0380821733304887
-0.00883290869320068 -0.0148653205675664 0.429912926110327 0.596925975981276
-0.00137989508160419 -0.0202757011326495 -0.134642636315708 0.498831497400903
0.00753436725219968 -0.0310804299147915 0.0139261941071524 0.0805718175526288
0.00258813005485366 -0.0381099283818994 0.304527274723404 -0.335413790340777
-0.0154230036259307 0.00142817991875705 -0.165140469462571 -0.77204111957944
-0.00766194057910814 0.0194963836219082 -0.835233310178247 -0.268170775977244
0.00652830539367818 0.0155756623976794 -0.488191882135904 0.522787063954875
0.000769858312958582 -0.00389872795580113 0.129593132214971 0.468936127750788
0.00259953043944725 -0.00500042815548615 0.319440552630612 0.115584208449236
-0.00975985476129194 0.00247809788699006 0.186532877517147 -0.164801487715637
-0.0208865586859755 0.0035378383076801 -0.149335107456361 0.112970490860879
-0.0148637210194326 0.00495767802735029 -0.23980322116325 -0.086497348151465
-0.0122974921422773 -0.00554107649126813 -0.21080285175806 -0.380423977396285
0.000329778449996613 -0.0123230165489181 0.256768801429317 -0.50099900061662
-0.0132901221452125 -0.00449968778242374 0.712502953306069 0.0230888585781066
-0.011302956006698 -0.0180437422449778 0.385470463452697 0.6349714775625
-0.00271999922697586 -0.0230564779540582 -0.159473356225426 0.486233724224303
0.00706495867632665 -0.0326558978417089 0.0229143962726602 0.0688024452536364
-0.00185842942230261 -0.0404781463118477 0.288224184657905 -0.360265223605214
-0.0186867156924089 0.000909791412671375 -0.2281734432244 -0.755512585169107
-0.00420518043614624 0.017328648401182 -0.846289772309422 -0.189440917695208
0.0125628732718918 0.0119843624717071 -0.433286910943139 0.563153350679851
0.00122097213070474 -0.00335553702427436 0.164632924799892 0.457220310240238
-0.00177378776560082 -0.00647247345241066 0.32599282844932 0.0986717424275719
-0.0123406692948828 0.000467891406184977 0.18163889032868 -0.167598505643143
-0.0206048794378743 0.00176342265922472 -0.154069662579294 0.108444093520312
-0.0202795423404434 0.00469484472117355 -0.232090957048528 -0.0972874055705419
-0.0110303362125938 -0.00449037434981104 -0.177794029510181 -0.393061509984768
0.00479569845983292 -0.0144603843535112 0.309586591311782 -0.473679027903858
-0.0108804597668423 -0.00754552882024347 0.717736712120836 0.0957243797932674
-0.0110301439212431 -0.0180847051897859 0.329592485792867 0.669622738914967
-0.0049145087442493 -0.0231902700814587 -0.18581664720291 0.472438210706588
0.0035109576421668 -0.0304459252854655 0.030990716511708 0.0564203275447659
-0.00802863242894925 -0.0374045940566689 0.267615499000261 -0.387588210253402
-0.0192057083726694 0.00301851182479176 -0.297466289170432 -0.729946983106783
-0.00126696376536514 0.0147760993038917 -0.850420558948969 -0.103317352352202
0.0182538844916547 0.00831282364332508 -0.367677703222152 0.597516898504801
0.0021242134402658 -0.00208878164946067 0.204967130180736 0.4417013686315
-0.00685217207940132 -0.00522544952318663 0.333034760158102 0.0816980929854637
-0.0124500502801545 -0.00183939211168124 0.174972435702679 -0.170712112281564
-0.0182945942358577 0.000181097248304645 -0.156563305356244 0.104833434857804
-0.0223437387545049 0.0050891380180052 -0.226760808069889 -0.103550111650113
-0.00850660763915202 -0.00269940612536142 -0.147382541530262 -0.402127200569081
0.0098636487053511 -0.0154977222988399 0.355912617538907 -0.445616045895913
-0.00750867200301569 -0.00948654964467761 0.713350281053065 0.15832687959164
-0.00925394919861269 -0.0158676101649478 0.276742400785334 0.694996530451684
-0.00814405856143394 -0.0196192000520295 -0.211334985114247 0.458895500308155
-0.00349744814237084 -0.0247218137451741 0.037131051391867 0.0452408606691059
-0.0136530812627241 -0.0304525274205741 0.245016998615684 -0.407984578933851
-0.0195565507891373 0.00726659804497812 -0.352246344064493 -0.70277811294584
0.00273802415175681 0.0124501960708204 -0.845955968164382 -0.0317543644181317
0.0214849272195137 0.00541298772450555 -0.307739594261546 0.621612754982539
0.00371648696323097 0.00197594198201639 0.238387018606424 0.427515911245411
-0.00933809961814823 -0.00382222283324232 0.336691550084937 0.0670324622948069
-0.0108964155645032 -0.00275815485271271 0.169991778862336 -0.173851528541219
-0.0141741994245524 -0.00115529287557846 -0.159367540354461 0.102389406305267
-0.0233577642457041 0.00535208560960201 -0.221895049246815 -0.1083855194765
-0.00623241574018285 0.000426074027156372 -0.121695696903483 -0.40567247081584
0.0132731652240847 -0.0154750462557652 0.388838524349675 -0.424730107780702
-0.00372876230182097 -0.00968810695036492 0.709037902337819 0.205556214298029
-0.00608586629699517 -0.0117196652915949 0.234691208426023 0.709931942483095
-0.0115450363560836 -0.0110529046860655 -0.228363702842417 0.446657249103861
-0.011767867773552 -0.0159509779876242 0.0391515394355682 0.0373705631647261
-0.0184191159214684 -0.0207844612988455 0.230198449038836 -0.424275942148309
-0.0158060799274997 0.0119757016386756 -0.393729443187346 -0.682885131375051
0.00475481961712192 0.0095086535659266 -0.841737500643189 0.0213708779413148
0.023150766367334 0.00280723031005497 -0.261887741101903 0.636890066718767
0.0056621849251725 0.00614876469004828 0.264137958612842 0.416471568058247
-0.00947545340541761 -0.00206009740690874 0.33908723476111 0.0584754127435317
-0.00731471366363099 -0.00406631822480096 0.165923225079175 -0.176212188927806
-0.00915749953280856 -0.000760699097691428 -0.161673372294199 0.10024628691109
-0.0222615854192572 0.00802790953471668 -0.221332337170087 -0.110314407019118
-0.00398863298783559 0.00454222614758486 -0.106197745056717 -0.406379045681328
0.0149581670405872 -0.0145295015320438 0.411317815575871 -0.41338514528763
0.000115428628188497 -0.00970477712304271 0.704117161071467 0.229363200662337
-0.00288672793278117 -0.00502397303683771 0.209613733343374 0.716472132906873
-0.0170840303057144 -0.00104285726005218 -0.241088371980628 0.439717819102784
-0.0206882351920547 -0.00411675309041877 0.0389477191564428 0.0337230318645877
-0.0208539878516834 -0.00956910844442089 0.216344131086118 -0.430558835949443
-0.0108207469601012 0.0161988156241091 -0.414894966100743 -0.669620003290079
0.00658235641717665 0.00853982544705438 -0.835546616726766 0.0461858553867461
0.0236176962140791 0.00279334126906286 -0.236620991767936 0.642515616838971
0.0092192416232877 0.00982807857947061 0.27938012639121 0.410841507350294
-0.0089920875471637 -5.6293448731602E-05 0.340215883227227 0.0543555253631245
-0.0017281454383595 -0.00457188584065898 0.163393413173623 -0.178747199975935
-0.00471396886499559 0.000190171962266051 -0.162745045803996 0.100561372254384
-0.0194099406509461 0.00948907337531418 -0.223628366175085 -0.107856969864056
-0.00266534639125736 0.0074153189083882 -0.102741249237069 -0.402353986080081
0.0147074476410966 -0.0136877561341748 0.415214500599167 -0.414631097765292
0.00295289080986533 -0.00825183175934393 0.704017256081934 0.225068390019825
0.00116801065306615 0.0033698374801395 0.209284579653016 0.715922455148196
-0.0208117769882743 0.0104879160746847 -0.24192557337056 0.441878731089484
-0.028681199391867 0.00618468997273992 0.0348196299280499 0.0339396190418669
-0.0221918067715349 0.00230793177489094 0.212006127075183 -0.430236803610285
-0.00540524516189844 0.0219368659042761 -0.417549906333299 -0.670777449853297
0.00827953855616518 0.00874571926929917 -0.837287104195502 0.0449473998686231
0.0242204888220936 0.00389474216758473 -0.232213836743992 0.640393096536518
0.0113878745379915 0.013856821697924 0.283195231578976 0.414141689051101
-0.00567501363118951 0.00222958795290453 0.340114960874709 0.0574549937727383
0.00251316998424494 -0.00441851476354422 0.163360997539214 -0.179112357262031
-0.000650878140565579 0.0030557626237661 -0.162568102810462 0.1014258094712
-0.0161423876944219 0.0125659528604526 -0.228500064518154 -0.103326895235525
-0.00130057197074852 0.0103369362088175 -0.113495934298509 -0.397836638429838
0.011798576770033 -0.0123366342107667 0.402182047536037 -0.428468084460347
0.00410369889028947 -0.00609831424807693 0.710872824599076 0.196315331286676
0.00493787832815414 0.00968564139745894 0.230751446529379 0.70556633495828
-0.0236260397452766 0.0210201452824352 -0.233925425643819 0.449454559906332
-0.0349898091165522 0.0161239873290103 0.0286692219090572 0.0386533828820586
-0.0215441790463501 0.0126989516368254 0.217020007260438 -0.422844728633456
0.00206920228021918 0.0259220005611097 -0.400622856842591 -0.684096467874366
0.00948155414253937 0.0106354324535235 -0.842991354776106 0.0143645755494932
0.0221959567674707 0.00674078921362937 -0.254199767974229 0.631500753682352
0.0137928642072774 0.0164289371932613 0.275345054111958 0.420980357926587
-0.00155998249538573 0.00346090661607235 0.337549763433981 0.0661233792292385
0.00805799848675219 -0.00383215022303219 0.164495567633837 -0.178751127440107
-0.0196461575300496 0.00639391112840174 -0.149506649238327 0.115657640182565
-0.0102787907940649 0.00518281299644117 -0.246833499892763 -0.0758720591770892
-0.0124118470761731 -0.0050679998916308 -0.233977021426736 -0.365353095551095
-0.00404078148870399 -0.00899436930737352 0.211623590144896 -0.520816538786503
-0.0130453660222309 -0.000440768226428622 0.705758476974265 -0.034807179083718
-0.00909168508871236 -0.0152912608197365 0.42613835172363 0.602884552222495
-0.00187810500517661 -0.0201556873302269 -0.138534695107416 0.500404213362733
0.00764060122144863 -0.030879135250871 0.0118431821889029 0.0812482113916654
0.00343732173826255 -0.0373716430953594 0.307391325205057 -0.333388101320731
-0.015015926872763 0.000729684864656334 -0.158950811106248 -0.773267597474511
-0.00770301551790159 0.0195922771138143 -0.834859084212137 -0.276964299732261
0.00551919326662437 0.0155788417048027 -0.494730578519515 0.521641670707671
0.00127620981735322 -0.00363184388536855 0.126017077904445 0.4726862988629
0.00278230586488144 -0.00492104834661642 0.320958167348744 0.118041063875958
-0.0102235894243215 0.00257506329447212 0.189287932383397 -0.163493217727987
-0.0216831649648914 0.00335282600635441 -0.151747102330225 0.111440589650406
-0.0162754347351935 0.0051567714958363 -0.240651391805965 -0.087069594427754
-0.0126576700483447 -0.00616459385367839 -0.207926751682929 -0.382687966175772
-0.000300271337230678 -0.0117694969440191 0.261210158494414 -0.500724458353908
-0.0126367362377991 -0.00420851396926522 0.716604958764062 0.0300895633647276
-0.0113578142718228 -0.0179092442959609 0.380767569383169 0.638808506992598
-0.00240592119190596 -0.0236368209262425 -0.164405080375929 0.485981194292151
0.00727853996356851 -0.032790422025605 0.0218241540517685 0.0691434057323544
-0.000995982051457725 -0.0408901159819376 0.291366959656807 -0.358419791414115
-0.0183087021178128 -0.000112741165657775 -0.222151482034806 -0.757107371794366
-0.00487510682905336 0.0171974816868633 -0.849269492685898 -0.195598444853652
0.0124627889828219 0.0125284903100057 -0.43963084216828 0.559638541692916
0.00124223466697134 -0.00328192517713285 0.161992488380991 0.460405144973182
-0.00252002052018249 -0.00651824505917371 0.327788664133083 0.102310694035105
-0.0132690765031067 -1.82303640826739E-05 0.183656987646745 -0.168177632910134
-0.0208022099590004 0.00209084728437227 -0.155909688637717 0.108128210412219
-0.0199246461463636 0.00488397481773678 -0.233257390425942 -0.0979276205283997
-0.0105469254425459 -0.00521479168421649 -0.173825293967216 -0.394357552656803
0.00460659152130958 -0.0143260805541776 0.314005334489793 -0.473671854861762
-0.0104049880043256 -0.00726338692152332 0.717074532796748 0.101249780686413
-0.010661228569598 -0.0188163151085352 0.324121190686388 0.672111745181834
-0.00418741039096579 -0.0241528684803374 -0.190184776527594 0.471397134701666
0.00391273471811978 -0.0310574219615904 0.0302904748670171 0.0567957068259139
-0.00828573756854303 -0.0379636127619107 0.271379411298734 -0.385909290399973
-0.0189323148258646 0.00268114484887556 -0.289038681431826 -0.733601610414517
-0.00104580554332483 0.0143910403725027 -0.850536421526129 -0.109941721121716
0.0183418290710236 0.00852665786513493 -0.373355265931458 0.595759876183215
0.00241110909930087 -0.00201347341167322 0.201898791519442 0.444135069831929
-0.00665849109203939 -0.00578441157195607 0.333617108615995 0.0849082003582232
-0.0125078143092905 -0.00256131987143443 0.178685656621699 -0.169772985082222
-0.0183790026386197 0.000375425084190594 -0.159718263207687 0.10398517496211
-0.0227962196414269 0.00438567425163222 -0.227011334384467 -0.105740352023599
-0.00862267851830913 -0.00278268400403514 -0.144851435751506 -0.402561235616836
0.00946244316575618 -0.0154471522713339 0.359968610239632 -0.444719941608578
-0.00771964298094537 -0.00976276903643058 0.713932335060435 0.166313072203351
-0.00875624804591515 -0.0164687600235632 0.272892662551489 0.698145385375973
-0.0082001410445481 -0.0185472950134464 -0.216068213223086 0.457101877276644
-0.0035049966334753 -0.0242655570066502 0.0357625531032657 0.0462725158259136
-0.0138807224731349 -0.031359864456005 0.250801408945167 -0.406637986450789
-0.0185511274239634 0.00688452879300558 -0.346379680982426 -0.70578441793076
0.00209754946711274 0.0121246019199387 -0.849113938675253 -0.0391478476518672
0.0209926778272998 0.00537850333768642 -0.313745164263696 0.619986226247785
0.00358840917913052 0.00160072003602784 0.235617418794174 0.431107559066171
-0.00871482406725607 -0.0032599999023012 0.338165711708798 0.0701528057281522
-0.0105691492339377 -0.00303690178730022 0.172557470164783 -0.172879298100962
-0.0134836871880511 -0.000979171144926647 -0.162640446090629 0.100856973363433
-0.0228106764754538 0.00570343421073575 -0.22234051420798 -0.110356008310731
-0.00553324797992416 0.000345736648805142 -0.119456358222397 -0.406170984563225
0.0134185696589759 -0.0159908629194405 0.392503882107198 -0.422498246861184
-0.00385354597384493 -0.0103859140366934 0.70718314696727 0.209674113845274
-0.00605342597070382 -0.0118643213002402 0.228812559067603 0.712045972641378
-0.0123861399395149 -0.0112710101456783 -0.232477852858437 0.445656256163123
-0.0117133010939732 -0.0155775909302204 0.0394086295240047 0.0376696129279135
-0.0185872652066393 -0.020816029814897 0.233807799815824 -0.422927327816178
-0.015174516592681 0.0110291755689453 -0.388676050667538 -0.686993610622996
0.00441075648733866 0.0104337445173686 -0.843612688844894 0.0155597940437853
0.0241491425216274 0.00356094845873423 -0.268761549983838 0.636246901808519
0.00739698594019602 0.00601914258880084 0.261154570416738 0.419659861245712
-0.0102208506460837 -0.00170561461966716 0.340666741143853 0.0608474843079478
-0.00757431184302204 -0.00498651663930623 0.168044169457991 -0.175877183934224
-0.00909880285643758 -0.00052329633851771 -0.163577322334486 0.0995326175587558
-0.0223327921600379 0.00763561272675582 -0.22158159142886 -0.1120275984574
-0.00376288036093417 0.00367492501193534 -0.103099105129524 -0.406305588526898
0.0152915939670534 -0.0145856814297786 0.414517020136877 -0.409581910096481
0.000556517933767256 -0.00910647361851039 0.705312843259392 0.234783722629988
-0.0027905396715376 -0.00499889706560555 0.205025470187219 0.719930256231635
-0.0170496072782507 -0.00123220318478926 -0.243852217847609 0.439924247849286
-0.0204527767378861 -0.00542467684777244 0.0386927781999809 0.0342172454636375
-0.0216050900420322 -0.00959142363214546 0.221870686462441 -0.428893897267099
-0.0106676490709811 0.0172320377589176 -0.411531424601569 -0.674253078591649
0.00576609339888228 0.00845096855431998 -0.838660777308929 0.0420826354605741
0.0238676068351781 0.00326270380978536 -0.242656847156365 0.643156911576616
0.00887188084512018 0.0108106585417849 0.275958506510011 0.412028741446934
-0.00951692218441036 0.000653571713987828 0.342058865219673 0.0579416313838777
-0.00271368768048643 -0.00511326673177699 0.16525348337178 -0.17734862814088
-0.00442421255199441 0.00076940320287165 -0.164756052126271 0.100349780319556
-0.0196127653368765 0.0109974052713671 -0.223789892086626 -0.110009990534213
-0.00202383582727551 0.00745008049236586 -0.100895977557282 -0.403440347838111
0.0143283921707468 -0.013364391048231 0.420831702735235 -0.410952213981693
0.00346364703809827 -0.00819641750266962 0.703737719475344 0.232125013472405
0.00115199531542808 0.00277361739177289 0.202559230716526 0.718671658669418
-0.0219859723337023 0.00935752409750271 -0.245685189936951 0.439459298230877
-0.0289486758699109 0.00569710715805174 0.0342832848105611 0.0336349339369644
-0.0223874060363929 0.00175732607074106 0.215943980622966 -0.428367895398994
-0.00487134526876183 0.0207704201455977 -0.412591131282489 -0.674860227876462
0.00850079515466408 0.00864194444358886 -0.83891020599983 0.0385548781502211
0.0239107022369855 0.00378537027520131 -0.239137052041706 0.638387043588078
0.0119724879259349 0.0139158521385269 0.279968043879857 0.416001585529875
-0.00571324296138805 0.0021817795554324 0.340605835288818 0.0601030493720648
0.00334664728004245 -0.00486702647584929 0.165158565831071 -0.178045402056379
-0.000965337828774516 0.0018972501445018 -0.16433774983923 0.101434933981522
-0.0155054175530872 0.0134606572842921 -0.228985639278342 -0.104235785535449
-0.00141010657238194 0.00974649665968167 -0.110901826252321 -0.398071627063931
0.0119342094038972 -0.0116840752300777 0.404904375088589 -0.427561598402224
0.00427617422456838 -0.00626053422555391 0.711529404195692 0.202729147482978
0.00457017805411897 0.010082010769121 0.224997807955423 0.709012501973758
-0.0249213579772078 0.0210061218319879 -0.23784540552024 0.447334379403342
-0.0353513562492114 0.0160474429996867 0.027640768543343 0.0385827664923459
-0.0214708782247204 0.0123116368844152 0.221792473403927 -0.422315952475805
0.000702964608793153 0.0258001068383084 -0.397309228798426 -0.68864059505451
0.0101533710936844 0.0108623503375198 -0.844864757799522 0.00781743318761988
0.0223672156957105 0.00660238762010695 -0.258907699706366 0.629268244437557
0.0141339821756055 0.0166082675008513 0.271531998797958 0.425003889971932
-0.0012295831831233 0.00338033276740738 0.338719346203539 0.0688785381668458
0.00786808238764724 -0.00312718330278451 0.166134875985756 -0.177549384356712
-0.0198524952025691 0.00632341631261033 -0.152184326618131 0.116091149820916
-0.0108549455706118 0.00621841277969758 -0.247975284095739 -0.0793772246361211
-0.0131824191043611 -0.00550156830781597 -0.231519337443884 -0.369796729768023
-0.00390884226315248 -0.0098048823295754 0.217599963610697 -0.521160955309146
-0.0138856570255544 -0.000963703038087111 0.70957671934032 -0.0278363395656854
-0.00804517030241957 -0.0158726934880585 0.423814693912376 0.608579895629849
-0.0009331388239811 -0.0207708660294088 -0.144840679617008 0.501038856344409
0.00831948810830745 -0.0299880868708369 0.0107095899834591 0.0813504913112205
0.00308707866726863 -0.0377135023390254 0.311641598096796 -0.331794177929491
-0.0149245695392178 0.000804318878250778 -0.153670947821826 -0.778580686805639
-0.00810784328928808 0.0190950542791055 -0.836359712733836 -0.283180445161695
0.00691814394366752 0.0160179677599495 -0.500103459271757 0.51901183514218
0.00114864765239532 -0.00367280938350427 0.122701687364722 0.476585602347384
0.00247562184898778 -0.00501981742001786 0.320896887443295 0.121515311908146
-0.011908691097593 0.00302491000592788 0.192714010658683 -0.16476024004711
-0.0214961289177674 0.00336081323928321 -0.154681388112517 0.111594665184851
-0.0157408719596607 0.00584550063701465 -0.240897941239438 -0.0899297728798971
-0.0126819672112728 -0.00640036392309267 -0.204584826227085 -0.383971672514231
0.00036324200451211 -0.0127667169772307 0.265972930034602 -0.50045083514633
-0.0132446206818344 -0.00440302572713476 0.718096152186559 0.0357542541400197
-0.0108189160551279 -0.0186622565512541 0.377105387961763 0.644101417531471
-0.00196613461688452 -0.0247575767758407 -0.170026650988747 0.486772533403576
0.00754219283476163 -0.0326801414289976 0.0208812318255917 0.0693755545179288
-0.00132765064772593 -0.0407587958358372 0.295106216275088 -0.358024915054245
-0.0183073815370327 0.000220385728398253 -0.214993219896585 -0.762693463203219
-0.00406490959628258 0.0167275151026442 -0.848879785905703 -0.204453731971406
0.0125246964686687 0.0126446245580266 -0.444373531591195 0.557571916058622
0.000911170404564446 -0.00398321283781163 0.15944356254587 0.463920033715865
-0.00299926650702282 -0.00615156166173697 0.328310189115202 0.105071534407308
-0.0133588815253724 -3.94980671431008E-05 0.187536219073368 -0.167318923270735
-0.0209606135870316 0.00170785573535962 -0.158533872109517 0.107494773775188
-0.020375873538217 0.00483655322224933 -0.23375945690333 -0.100183057914591
-0.0101408885109066 -0.0056418525425672 -0.17075766639295 -0.395114671498962
0.0050467132381338 -0.0144851400740089 0.31782609859439 -0.472405885661564
-0.010803910070018 -0.00653912701461408 0.719675454632329 0.107861166552739
-0.0105593870583894 -0.019572946489848 0.320150971622624 0.678007029451054
-0.00477217840883328 -0.0241169825387136 -0.196216674190132 0.471438871578557
0.0045985736465116 -0.0309636854255666 0.030002203220229 0.0575120219370211
-0.00765618188712124 -0.0382107937383671 0.27654518202168 -0.384516200133929
-0.0192159563808339 0.00221374470647394 -0.284171761433548 -0.737011600629032
-0.00132443652949312 0.0142459298920142 -0.852816766796812 -0.116512294544452
0.0183611720297754 0.00825056930417638 -0.379534470669384 0.594637469733968
0.00276127619802473 -0.00110851764230799 0.200399654749407 0.447472284146666
-0.00593929701343596 -0.005331062139467 0.334835618960305 0.0880777226696297
-0.0130549435648632 -0.00204650725316782 0.181158991136901 -0.169579989837523
-0.0178046863528898 -0.000112829461803972 -0.162127804591443 0.104352517962023
-0.0225659349056585 0.00483418545727741 -0.226926111643903 -0.108131362811092
-0.0080189612645864 -0.00254456032527439 -0.141525476565668 -0.404995246833204
0.00992027583365401 -0.0150377917784416 0.365069595725885 -0.445222340126366
-0.00674580242741354 -0.00946492998572649 0.714903500703089 0.172258573748954
-0.00914769997077023 -0.0165398947855649 0.266220206893991 0.703851784162406
-0.00829738569285651 -0.0192018668548199 -0.221657358402063 0.455529264614324
-0.00278308785323055 -0.0243902907164291 0.0356008211118254 0.0463810930481373
-0.0140908107437375 -0.0319058772451516 0.25431868607645 -0.405810556907749
-0.0186011023268968 0.00640412215076283 -0.343547046535522 -0.712587787277115
0.00230797656090888 0.0116506027506558 -0.853002071935164 -0.0459319318296672
0.0217656392015497 0.00568959821498032 -0.321434084375629 0.619577856674089
0.00438452412154688 0.00159861195846494 0.233311845813693 0.434632272154761
-0.00916282965337481 -0.00395947075439754 0.338700755638588 0.0730573055678114
-0.0107774353917605 -0.00332714951438752 0.174893233526659 -0.173390698486986
-0.01428291966757 -0.000873203809542354 -0.165111367087184 0.101327224500847
-0.0237083966716183 0.00551973834372312 -0.224073475627822 -0.112523324312156
-0.00578528397155552 6.48972037001682E-06 -0.117099954766014 -0.40761642343369
0.0142854995599785 -0.0154362965107067 0.398635107156887 -0.421427986506129
-0.00316230639190641 -0.0103195384759274 0.709161129552965 0.217455570008884
-0.00593581634711855 -0.0126353626123113 0.224356835531587 0.71636590269155
-0.0128999181883964 -0.0112664241252358 -0.237842604244352 0.445254028456802
-0.0116509131403389 -0.0152558553289194 0.0385970102705553 0.0395004476496945
-0.0178567168342732 -0.0216178411417285 0.238088048266137 -0.420090455259539
-0.0148744314917894 0.0110263737753127 -0.383435930719175 -0.693780182633407
0.00521579233051617 0.0101038220645629 -0.846847479954661 0.00738038269410185
0.0239166389221809 0.00365322925725387 -0.27399865852221 0.634982798141834
0.00600430098389458 0.0064036117817911 0.260184299082667 0.423152249547262
-0.00977738724907879 -0.0026548058115531 0.341653280180838 0.0639269282549398
-0.00719420497128062 -0.00413227301518536 0.171556524731717 -0.175340168408112
-0.00893445310182031 -0.00087550745777044 -0.167300542666981 0.0989445146693669
-0.0224713361757142 0.00922256189483171 -0.222823305747456 -0.114671208293926
-0.00338331117667679 0.00470951402990175 -0.100710363262484 -0.409042802156728
0.015096334744369 -0.014415923133982 0.420827015642589 -0.407229352940683
0.000799563445467992 -0.00946900264289151 0.705820987260964 0.241276711262511
-0.00309203223019984 -0.00476669617919329 0.199238255755771 0.724882411692883
-0.0174849959808797 -0.00176989133433218 -0.248136141757955 0.437931627448252
-0.0210419319511429 -0.00514184593803923 0.0370561750322326 0.0349383009128003
-0.0211278326694008 -0.00987474095050719 0.226435429636542 -0.429029111784758
-0.0105283864130113 0.0158745756282173 -0.406336020159373 -0.680398651725337
0.00750047392388465 0.00902067931025977 -0.842985174328671 0.0349039916222579
0.0249906823232078 0.00269467643873155 -0.24814649828465 0.642162235703784
0.00864690421516462 0.010415764366539 0.273524397848507 0.416719032202938
-0.00865059301845745 0.000848995336882469 0.343168245965054 0.0599172619390144
-0.00234680757633388 -0.00469258177114091 0.168773990556191 -0.177935889940884
-0.00510443280965468 0.000467141287961177 -0.167354297355596 0.0996791895093897
-0.0194940263390124 0.0107760965574227 -0.224154204021904 -0.112138300659398
-0.0016305830858582 0.00778694392866208 -0.0984816221398318 -0.405860202949587
0.0154193024136628 -0.0137713436241399 0.423888846094716 -0.408933853516506
0.00352379977228256 -0.00759887326250337 0.706157935482811 0.238784329611399
0.000752307421363301 0.00267856716862691 0.199215349968286 0.723921753310117
-0.0216413514104475 0.00939668704636831 -0.249431786300524 0.437553385401865
-0.0295310423821273 0.00634249920949532 0.0339830930883882 0.0355256417204634
-0.022555886013754 0.00234388152015331 0.221658376194739 -0.428793951732516
-0.00439890713368944 0.0207094868737402 -0.407729933865106 -0.681814680829038
0.00822935722928658 0.00840605496252349 -0.843270237223224 0.0303544450537065
0.0247514687524196 0.00446211756232431 -0.244001187204552 0.640432738588996
0.0111676063578661 0.0137275655502547 0.278183120237992 0.420589645800289
-0.00647060217601199 0.00272102954546308 0.34237132019923 0.062856764648859
0.0029849708579534 -0.00433072312571567 0.168470748942969 -0.178308863683315
-0.00133494172440355 0.00282399301794159 -0.167233744545515 0.101694792894619
-0.0171456511263008 0.0143868548720355 -0.230051039088412 -0.106306642156658
-0.00153638758732224 0.0103549714732558 -0.10844035156007 -0.400375751720629
0.0121111497475278 -0.0123605169893536 0.410917340424475 -0.423892485165139
0.0051925834605412 -0.00613595008849859 0.712443614956917 0.208332862592626
0.0043909893494276 0.00944513371827665 0.218126191597197 0.713304112082358
-0.0252493009548984 0.0204531111767079 -0.244419974206666 0.445621402241301
-0.0355954746057057 0.0152492137294992 0.0276538488986893 0.0399082610162671
-0.0220996589620501 0.0134739431866505 0.226142790017442 -0.423147604581118
0.000778862801157075 0.0254091386684609 -0.392307331359388 -0.695597835420142
0.0106745471405209 0.0100558205382208 -0.848504448220362 0.00110495152159908
0.0226289418710779 0.00675473957418703 -0.267713169062836 0.630205818758864
0.0130369233801359 0.0164093265610019 0.270557807059348 0.428576101016057
-0.00156945609588395 0.00322489403181355 0.339808847595255 0.0723732235061867
0.00767328509433464 -0.00291187192302517 0.170403980455625 -0.177858093916942
-0.0199369255696171 0.00577817951234943 -0.155119273061222 0.115849122078293
-0.0108514491084846 0.00632455233825027 -0.251398972802444 -0.0808597937636454
-0.0122286645007342 -0.00569428917690853 -0.231663083262248 -0.372588761641993
-0.00412732267521181 -0.0101911664271035 0.22191156943714 -0.522643570465537
-0.0137633847626558 -0.000394596216567237 0.713495038349708 -0.0227541993379304
-0.00836912240950338 -0.0156664344573042 0.422101667429755 0.615076981652502
-0.000646132292578113 -0.0211972731223683 -0.150019260110114 0.501350444892004
0.00798236623453192 -0.0295976507671688 0.0106067065944099 0.0822136116218284
0.0027170981194401 -0.0386409423578344 0.317961267865131 -0.330207484548582
-0.01462327030508 0.000241669013460224 -0.146510741474581 -0.785412271357506
-0.00797014794695039 0.0194816650611425 -0.838625038020652 -0.29183091079103
0.00602649935675749 0.016869520469501 -0.507699272870314 0.519448088706111
0.000850006695319052 -0.00402483611360189 0.120423833660499 0.480315050607824
0.00262595301965027 -0.00547302362322184 0.323272346941625 0.124293713426582
-0.0118112054345868 0.00276172698431459 0.196043933041525 -0.165255192579961
-0.0219497632205328 0.00378465989489164 -0.157908536406233 0.112050362697547
-0.016529201981794 0.00576619691948171 -0.24429187799002 -0.091891325403554
-0.0117205887680338 -0.00590836322134878 -0.204389085237833 -0.387054368538686
5.75914807317331E-05 -0.012034357626983 0.270495838778897 -0.50174870844377
-0.013192917904732 -0.00395443961197402 0.722420592923358 0.041117237091617
-0.0110562471223136 -0.0192106502677094 0.37470874045386 0.651422249799881
-0.00160941323391152 -0.0258037696132058 -0.174144179502062 0.488300401965055
0.00838211842383258 -0.0324284600714103 0.0205548380470464 0.0699289424119782
-0.000925951166735222 -0.0409059548352209 0.300089928752374 -0.357870143275928
-0.017852941089918 -0.000898550366451143 -0.211088221366746 -0.768685303577998
-0.00490700726327402 0.0165924386486789 -0.85283721769973 -0.211649519535729
0.0130727664330493 0.0119448525816799 -0.452823424294835 0.558979786209164
0.00128630727899782 -0.00405247347606556 0.158097776334968 0.468128769303337
-0.00247739860035365 -0.00628456470078695 0.330426352689714 0.107775269787359
-0.012500752670097 0.000318929944681798 0.191314961344112 -0.166576004587424
-0.0211836511892954 0.00183846080597259 -0.161541664164979 0.10874728984904
-0.0205876167226289 0.00526809019441651 -0.235532377173071 -0.102651228178264
-0.0105789306875789 -0.00492987027880203 -0.172352715994377 -0.399788427388853
0.00529700601705384 -0.0146045894978656 0.326194325179385 -0.473750017276273
-0.0104572546759277 -0.00663248008938338 0.723304141927122 0.116093226629359
-0.010281616740203 -0.0195899453881577 0.31674008858942 0.68534422468285
-0.00460665456669723 -0.0239026736909287 -0.201388446067428 0.472814655692636
0.00338264894506416 -0.0304963512123318 0.0291873066294221 0.0578318067852686
-0.00751288440047882 -0.038665481305138 0.282270524671886 -0.384155102885493
-0.0193179122847241 0.0024006320676097 -0.279003758365337 -0.745340026314256
-0.000887746928071022 0.0150699470350284 -0.858568596959499 -0.125678881233924
0.0185379864372766 0.00917600233087209 -0.386150014712619 0.595798681586687
0.00276281029618028 -0.00109634846154596 0.197376711573883 0.453054524688263
-0.00656138150589279 -0.0063204858976633 0.337338796658387 0.0904504306928427
-0.0135938159670724 -0.00217863526385743 0.184116874373316 -0.169846825371853
-0.018733404097993 0.000385202731763426 -0.165338067711066 0.103763621467481
-0.0235044047899778 0.00566549693436263 -0.230118163705177 -0.109593641988581
-0.00752529846128832 -0.00284636434488981 -0.139149123646386 -0.406803065741784
0.010566098169167 -0.0154263438384943 0.371225944547282 -0.443735020631697
-0.00744229314449581 -0.0089401642532352 0.720156241966141 0.178623923093753
-0.00853124197438332 -0.0172392405751252 0.263374616442373 0.710201548445731
-0.0084646436946126 -0.0199372717791533 -0.226513641378853 0.457393895653653
-0.00272069667180717 -0.0241667074707248 0.0353668457460493 0.047545543735717
-0.0139991617614536 -0.0317615673257897 0.260800354564625 -0.407183675212495
-0.0180423345975068 0.00610063931932475 -0.338054237463887 -0.71986961005439
0.00243144932518668 0.0121450122150612 -0.857021559144694 -0.0517273408284001
0.0224788027921311 0.00555337527548446 -0.32712383016668 0.623803341408627
0.00364651276152095 0.00186273162593346 0.231476556834571 0.438998894191714
-0.0092282792853248 -0.00448732597142557 0.341478495067317 0.0761221816908318
-0.0111477629905665 -0.00299240003557248 0.178981010990932 -0.174255431146518
-0.0140494032711333 -0.000780498978149754 -0.167801938428211 0.101500737300047
-0.0233458745655988 0.00666476200369606 -0.22602085678229 -0.113952802825694
-0.0050653819639427 -0.000458270713012786 -0.113791913844299 -0.411055813205894
0.0140309380696498 -0.0156446529262471 0.404631063600971 -0.421773262567164
-0.00333288915084998 -0.00994431405030734 0.712919742977414 0.226037276371499
-0.00575338762223172 -0.0133915142485047 0.220694998649752 0.723838807195426
-0.0128110503055139 -0.0124724644463263 -0.243550069964304 0.445192423987123
-0.0114652821371457 -0.0155066219050748 0.0374093385382336 0.0396544149615436
-0.017739108216575 -0.0213313845347805 0.244431292257835 -0.420271064488463
-0.0151969233646503 0.010545170271435 -0.381679569901921 -0.700207956244084
0.00402903855125366 0.00979465439678221 -0.854599979201875 0.00138362044848005
0.0235164338111449 0.00345711659839782 -0.281032542442565 0.637499035162487
0.00580711485929462 0.00609550748210771 0.25797483216481 0.427140924962919
-0.00995455775389993 -0.0020783104445488 0.344158688903292 0.0666687400005614
-0.00726076850683828 -0.00488799703752397 0.174118347142295 -0.176593152454171
-0.00973422270361253 -0.000725653791048089 -0.169812454245214 0.0998501975051643
-0.0228539716288465 0.0082281262043533 -0.223898408811939 -0.11661644060241
-0.00248101954438844 0.00446365635005937 -0.0989771734836813 -0.4111587096998
0.0159487826428204 -0.0145140280101096 0.425725792657847 -0.40821736427494
-4.21380633117661E-06 -0.00943386402641867 0.708430281513543 0.24774618688037
-0.00211657878343814 -0.00566386967427866 0.193932159612183 0.731053005204876
-0.0173879234488748 -0.00214883541056141 -0.255220276708751 0.438051676335472
-0.0211077073313702 -0.00486411728426031 0.0376172775861438 0.0353687168875173
-0.0217095948715325 -0.0101483448310097 0.232442481056318 -0.428310346432553
-0.00998999461785411 0.016579253036402 -0.402423699788181 -0.689682152459096
0.00663907258796023 0.00823726492623371 -0.849768506115873 0.0283745384161514
0.0249359506665503 0.002873083981681 -0.254862232540012 0.645292966051847
0.00895655026066126 0.0107640317909205 0.27434330921171 0.42024260998666
-0.00927566351813682 -0.000378518508850281 0.345724264180162 0.0623583878534695
-0.00221805760306024 -0.0048545867939082 0.17253240466725 -0.177802745045876
-0.0055522949855338 0.00118748479482612 -0.170849830080752 0.100257113111751
-0.0201796115251052 0.0113583350289213 -0.225146343874375 -0.114488949952202
-0.00259794513759117 0.00770738043847924 -0.0957861072657912 -0.408123085211881
0.0154892902196826 -0.0139192529294665 0.431657877131149 -0.409055918655347
0.00314603606824182 -0.00775916035988938 0.709619134369446 0.245116782686325
0.00145877485203192 0.00175791666277022 0.194091144449631 0.729409372315761
-0.0221732463579483 0.00909328976704019 -0.255467902843008 0.438808154441255
-0.0291058751677683 0.00564320724786751 0.0332596975854709 0.0352440977318291
-0.0221856908658292 0.00197816136338209 0.227242685563612 -0.429270851255357
-0.00401765981375372 0.0211064879022972 -0.405221376181139 -0.690471396572799
0.00913056355698259 0.00912604222813205 -0.850616986216818 0.0260663907079185
0.0249674294644176 0.00479047194281403 -0.252391078711605 0.640578278730885
0.0113893798788499 0.0140926663534463 0.27701290539668 0.425210970665969
-0.00665145285828218 0.00185935501689132 0.345343038550867 0.0659421530196969
0.00244707285985973 -0.00488793629134889 0.172231951290966 -0.179361511226169
-0.00137918721046006 0.00239330723648112 -0.169998948548269 0.101824861690515
-0.016675786288096 0.0147729984531891 -0.23215349968157 -0.10913232934699
-0.000679621323698954 0.0104218978823244 -0.106574698142089 -0.403798740594734
0.0127563794264445 -0.0125899136682074 0.417642371060293 -0.425228984900782
0.00533340105985385 -0.00574064198005799 0.716097262849797 0.21376622350293
0.00530360297124435 0.00913411267800199 0.214792023632782 0.719589786049608
-0.024811723044269 0.0198700964748918 -0.249485647200411 0.446080862017436
-0.0358078658054891 0.0153873525434964 0.0270061504644209 0.0410335841334541
-0.0219966481120383 0.0128773521765923 0.231536552888246 -0.421623820387865
0.000936534856611201 0.0253811413630707 -0.38688854366501 -0.702559535197862
0.0102388198830315 0.0108425657526058 -0.855141770963087 -0.00453623020401729
0.0226574255514259 0.00674056383477966 -0.272670688567231 0.632614708574073
0.0136821516460497 0.0161759505169228 0.270124615851411 0.433212653291678
-0.00203753970078785 0.00324494686675011 0.343810953813851 0.0755136979864839
0.00786095577482607 -0.00280182034055125 0.173465237287173 -0.178480091117243
-0.0209543508178401 0.00597944130290394 -0.158364690672161 0.116693856389348
-0.0112362570181421 0.00660839010730019 -0.254372719605545 -0.0834548543166857
-0.0123274878999845 -0.00589494093374905 -0.232638921904751 -0.377084731770048
-0.0041779373008938 -0.00916594137101966 0.2273031071496 -0.527586953501182
-0.0139417434086971 -0.000567224515199605 0.722810219766309 -0.0197392888980108
-0.00861342375103854 -0.016396197686583 0.421732903123439 0.62456968101243
-0.00102429252795057 -0.0216434310984099 -0.15538715457801 0.505507325199962
0.00825319796604776 -0.0299328155868725 0.008807658045493 0.0830233460542216
0.00419721449300251 -0.0382163814925693 0.322033001890349 -0.332396304339321
-0.0149275731911568 -0.000494849378720278 -0.142103892025281 -0.7928736183239
-0.00820001988523262 0.0193554806587361 -0.845581961280479 -0.29725958220895
0.00688065153942488 0.0166411957904936 -0.515966714701598 0.520115077604176
0.00190483220697364 -0.00446125084218799 0.118809948757802 0.486365313456674
0.00199353212251335 -0.00475124937794449 0.326264311275615 0.12692552127484
-0.0124403151975462 0.00229912349173217 0.199586930552167 -0.164680770507239
-0.0221771069430377 0.0037309057528319 -0.161714896403578 0.114225037107374
-0.0161013156526902 0.00668966587050071 -0.247818195689394 -0.0937981983595799
-0.0112014730773904 -0.00650024326515377 -0.204462078271392 -0.391269304642161
0.0010507838128477 -0.0125173496087316 0.277338035162562 -0.504979370778094
-0.0128932760504101 -0.00363585251442132 0.729905266146571 0.0453990142234555
-0.0102405812498351 -0.0198705341217781 0.375673941451672 0.66008353779632
-0.00249616991900454 -0.0250790808128031 -0.179861639400651 0.4906895579979
0.00892493962301694 -0.0332423612012745 0.0203571310230754 0.0711263712977906
-0.000847698899780677 -0.0422635912944841 0.307678559764173 -0.357312300570486
-0.0170914203621941 -0.000273068317994387 -0.204085174657946 -0.777000950692034
-0.00443550796651281 0.0180245473526872 -0.860845939352644 -0.219535748082642
0.0124469403953247 0.0125548249062637 -0.460403567487088 0.561587175112619
0.00132103915594986 -0.00441361225466353 0.155247448667418 0.472570834031813
-0.00254578009682763 -0.00641137859019691 0.333258415049921 0.110156535897706
-0.0144565125428656 -7.25227356856584E-05 0.19544100611095 -0.168506983713692
-0.0211014487547823 0.00224600537201635 -0.164304600200528 0.108558121362212
-0.0201307827766288 0.00566836403994716 -0.239517658502114 -0.104013664766396
-0.0102497058450818 -0.00549287790349216 -0.17077925452968 -0.403646698733472
0.00553803837128885 -0.0145014708714402 0.330636952968297 -0.475247636369979
-0.0108332671376633 -0.00690719356311183 0.730816147755123 0.119504387883212
-0.00951096640728952 -0.0209054123509513 0.315776991891521 0.693253976758485
-0.00389778568499897 -0.0253812473847262 -0.206244313886309 0.473619530743556
0.00370413899721303 -0.0299910172862495 0.0282172952472629 0.0588072087983577
-0.0076187769704226 -0.0387626890835215 0.286646098610617 -0.385169783692673
-0.0198598904510768 0.00103540100197198 -0.275748282997144 -0.754203970459307
-0.000298898476387972 0.0147582483998112 -0.86700032079626 -0.130572582435606
0.0189617410080136 0.00866393003536291 -0.393856761213303 0.599836412038041
0.00194292736469469 -0.00216157104518456 0.196081329528771 0.459184849573662
-0.0072120600471511 -0.00649618393555007 0.339511189924776 0.0930084817624579
-0.0134392761754071 -0.00169482471448715 0.188691877141462 -0.171139656172463
-0.0189478436668649 0.000121045758314392 -0.168328665763907 0.104562387580013
-0.0236443224912875 0.00623413746759995 -0.232626959958623 -0.112139599590307
-0.00751874740890828 -0.00317223217025644 -0.139958161405492 -0.411771701760048
0.0104560866090566 -0.0152988690195143 0.378459107586914 -0.446907675091639
-0.00693049286032425 -0.00915604209916257 0.728181538805579 0.18387367097966
-0.00806065854187155 -0.0178201096441538 0.261048168155652 0.716197511594388
-0.00756829752781725 -0.0204879616510967 -0.231444049661364 0.459742686771906
-0.00303524733140047 -0.0241516224892763 0.0343302921485822 0.0482499931782143
-0.0133308531377684 -0.0323218261313601 0.264906313113934 -0.407581886983387
-0.0182874393154914 0.00550606225188832 -0.335986731473579 -0.72804244245345
0.0023677513712097 0.0126475179744305 -0.865964200017381 -0.0557066147796669
0.0219432486457203 0.00614379380307232 -0.333611072047598 0.627263940539375
0.00390778483600273 0.00116468574931635 0.232374192940847 0.445623295668543
-0.0102420454993667 -0.00444074658305804 0.345451157387685 0.078066393811957
-0.0118079568534602 -0.00352182174163211 0.182219188050088 -0.174151182451061
-0.0152336932275952 -0.000855106268338158 -0.170666750366641 0.101693328131698
-0.023871554407406 0.00739997832307823 -0.227880623972517 -0.116648386756632
-0.00524707139722593 0.000443722975497796 -0.114971445735197 -0.414653321284608
0.0143158958418605 -0.0151867860489656 0.410589180287193 -0.422452558731014
-0.00340149958239806 -0.0103158810021344 0.718806797628006 0.230911034911344
-0.00576339112951696 -0.0129579961423808 0.217653269258575 0.731998760308783
-0.0132049789652485 -0.0121922225972591 -0.248709891492468 0.446483869459637
-0.0124374897839643 -0.0155081774979036 0.0374476473471138 0.0411709657963404
-0.0184139095079954 -0.0225980970964143 0.249395368426771 -0.422262342973973
-0.0151657912351943 0.010111228856563 -0.377758357397615 -0.708490678561948
0.00535751583450755 0.0103218083891493 -0.860488433634017 -0.00136518077360449
0.024121245158326 0.00370743320562863 -0.28806496267754 0.641554245938078
0.00606936978283463 0.00609853141402899 0.259371022722638 0.433120360030347
-0.0101154304287685 -0.00181874488802975 0.347592499011405 0.0685348268436207
-0.00774542292912817 -0.0046171721773703 0.178194826778416 -0.177336452846761
-0.00978068571710853 -0.000285970764543537 -0.173503171866193 0.0996831927706782
-0.0234152568168637 0.00864120214887824 -0.227100519047068 -0.118771708495596
-0.00248195579181546 0.00370190067800357 -0.0984580578839126 -0.414637500409759
0.0165016516518454 -0.014424404483906 0.434564804915758 -0.408946178259528
0.000719947748015455 -0.00939980347439744 0.715753112622936 0.253566071239886
-0.00202998156274916 -0.00568696967863584 0.191431080517797 0.738425461722781
-0.0182504388824582 -0.00236852976058674 -0.259025933885759 0.440234912660305
-0.0201246309150131 -0.00480632790841357 0.036917748523405 0.0359674269821181
-0.021187402351108 -0.0096355809708411 0.236296008851704 -0.432332493006804
-0.0107454241935982 0.0159790392586835 -0.399994912557053 -0.697527410191002
0.00701936095084236 0.00908747783970747 -0.857472322959039 0.0242609628766307
0.0255575028431942 0.00345249364916701 -0.261453407563777 0.648268962010063
0.00884643424887629 0.0100038867307007 0.275882734282443 0.427836103747834
-0.00956059888249191 0.000377089241098259 0.349004178442343 0.0650494390923053
-0.00248709957777187 -0.00534177996629237 0.176504587518703 -0.178876364501937
-0.00381350033565546 0.0016172277357584 -0.174666472468669 0.0998173361854008
-0.0209832459272494 0.0123988090395217 -0.228933498137651 -0.115950022516276
-0.00130965707586307 0.00799227279450813 -0.09389348392171 -0.412050612659898
0.0155356960847347 -0.0137352066729098 0.436900173993314 -0.409803065341887
0.00307647488170241 -0.00782918863138759 0.714891580884989 0.25134440139836
0.000808851130806566 0.000985019497858168 0.191336574763069 0.736791838023408
-0.0229241872384254 0.00849868322110115 -0.261907257476782 0.439986187186841
-0.0289505883072529 0.00564649056895214 0.0335357676736415 0.0368750670188689
-0.023081325014646 0.00206249142592092 0.232801405183162 -0.43021298552525
-0.00477485218903235 0.020072824482547 -0.404119428467465 -0.699562042855499
0.00944715252124022 0.0096797430492447 -0.857896741406995 0.0205840440417117
0.025487168171038 0.00465156901943293 -0.25878396997319 0.645695145488687
0.0113681542742209 0.013979474724824 0.278249243504715 0.429368942414454
-0.00677432709211532 0.00176956161838221 0.347507243667796 0.0683918291215453
0.00139385648060406 -0.00441317788381731 0.175750730957418 -0.180617132636611
-0.00110495287975217 0.00291921057563116 -0.173686630251432 0.102218078449287
-0.0162966385194583 0.0149420474445624 -0.234323363118735 -0.110637201596242
-0.00129363953590706 0.0100586281632059 -0.104891203924944 -0.407014856774082
0.0130145147573659 -0.0125236197048692 0.423705663838116 -0.428221798191551
0.00541036027044344 -0.00563279442685173 0.722606844291023 0.22186759768148
0.00511391099730214 0.00940506942985567 0.212357239807078 0.727498799814217
-0.0258399932363058 0.0201871320281183 -0.253394796856705 0.448596178080475
-0.0363309446706639 0.0154249556563729 0.02648598703381 0.0409385060778577
-0.022547833518305 0.0119074181300302 0.236967034057523 -0.423530925601231
0.0014545750310555 0.0258925418045207 -0.386422184343136 -0.713100046041056
0.0105148899620321 0.0111453829669798 -0.862322299369176 -0.00869300249178399
0.0236249579393262 0.00710806222066213 -0.278793440347567 0.637839634843709
0.013762845160322 0.0159235186659141 0.270448495553046 0.439273485176524
-0.00313819200349074 0.00359456191141749 0.346849815383317 0.0775982095152604
0.00759116938937803 -0.00296376251071466 0.177120748708309 -0.179406187410347
-0.0207486117083703 0.00641302399847296 -0.161661958909395 0.118754544981213
-0.0110596522976272 0.00685070211628634 -0.257303679845974 -0.0837346321462873
-0.0113729419617769 -0.00667694926110677 -0.233903976203833 -0.381200867514864
-0.00391693447395471 -0.00966095368098755 0.232592014538114 -0.532155006078807
-0.0136777015908263 -0.00012435801528613 0.731088533317295 -0.0182320428389634
-0.00899804609994462 -0.017078131136699 0.42354288475749 0.633057011381797
-0.00116790678085617 -0.021926058959824 -0.160142004975314 0.509079141090273
0.00889843383440911 -0.0296088306326805 0.00868893099235859 0.0838741187806951
0.0038934313389462 -0.0393424110031552 0.327126206799492 -0.332990365822566
-0.0147674363724078 -0.000656004295568917 -0.140346195271689 -0.803000993178382
-0.00791506054797214 0.0188624796098473 -0.853888699547595 -0.306575285562437
0.0065071789319377 0.0166661636210854 -0.525075965075608 0.526219473147773
0.00233617635060415 -0.00485166596632399 0.118114885765972 0.492092705877877
0.00218165119488903 -0.00470947744029243 0.329072437529541 0.130323046059569
-0.0120681988809789 0.00272224241064503 0.203435479076035 -0.167550157313981
-0.0225711393017125 0.00400003205106031 -0.164891056377794 0.114910471360913
-0.0165088735113385 0.00686563526224863 -0.251174600064715 -0.0958726226200916
-0.0123429621148727 -0.00619968570525237 -0.205199781929236 -0.395834224603896
0.000795222338792697 -0.0130348176194953 0.281660668490955 -0.509579936833193
-0.0131032541570744 -0.00371051958482794 0.737194146093802 0.0495043625323974
-0.0109180444412394 -0.02009550708427 0.377032722342253 0.668418173771667
-0.00243020527620957 -0.0256088806074284 -0.184793981753536 0.495564245302872
0.00861662277698676 -0.0324980711951526 0.0187072555783046 0.0727321634726947
-0.000631440887645987 -0.0421852458938467 0.313127490266161 -0.359893302371716
-0.0181374435571898 -0.000948731987854917 -0.202910763679049 -0.787436301027309
-0.00489633106510617 0.0169232790403901 -0.86948160583658 -0.224781795879325
0.0133451957905397 0.0132819745527954 -0.468953176895768 0.566914160507906
0.0017335183870393 -0.00416008729595749 0.156721527204894 0.479662945425549
-0.00351415700849634 -0.00615269598279813 0.337281934100362 0.113223912076059
-0.014158305591953 0.00102170616582648 0.199052800623157 -0.170603410576432
-0.0221243692321688 0.00158535896670886 -0.168997764748277 0.110455586001332
-0.0205625310519842 0.00575058021307806 -0.243309595097429 -0.105862584542425
-0.00984772296480737 -0.00550792421505419 -0.171082399129615 -0.408015700183604
0.00561955443846451 -0.014569990226124 0.336456454573936 -0.479613244723089
-0.0110176392679227 -0.00633679066350191 0.738698049876547 0.125175172469597
-0.010156993706079 -0.0206956887541327 0.315817095144804 0.702298893688031
-0.00427572348159856 -0.0259581328824208 -0.211806885008035 0.478331934722837
0.00445220119521618 -0.0308901687273009 0.0283554821687802 0.059895839346603
-0.00674371043219757 -0.0399418345582802 0.2923212132627 -0.387419803744027
-0.0193526601317377 0.00212752070929959 -0.275211811611413 -0.763987188052247
-0.00108997712656326 0.0149862261468952 -0.877541663736761 -0.135603944661721
0.0187741640636901 0.00906430991429211 -0.401441140770908 0.604607671203493
0.0027682002551485 -0.00206517213457993 0.197768716788342 0.465690740461258
-0.00708091075868968 -0.00589706609910997 0.344119459701846 0.0941029612476359
-0.0143885496594141 -0.0013667067380719 0.192685734487862 -0.173156711705126
-0.0193679723251467 0.000260469696960641 -0.171248528437508 0.106310843750132
-0.0237270375463047 0.00565952207902557 -0.236150775643842 -0.113830181460485
-0.00771625954371582 -0.00346706916530508 -0.13932389830511 -0.415571513363115
0.0106522735861304 -0.0165705326461246 0.385321500683799 -0.450387393124241
-0.0072452802057833 -0.00909018846047869 0.733408360283612 0.189560988795314
-0.00859207802446607 -0.0185736059956408 0.260742569938976 0.725905556455992
-0.00795358112776238 -0.020846555662409 -0.238017084116504 0.462266788137579
-0.00346644841420301 -0.0246549123093636 0.0345653022804933 0.0484941349784242
-0.0132484253510778 -0.0320763979181057 0.271042761345373 -0.411141523336495
-0.0183962021334025 0.00574997184609881 -0.335428922297951 -0.739151856081837
0.00237722554539195 0.0121338634801702 -0.876481682046985 -0.0597575203951661
0.022791071892722 0.00582015238517267 -0.340920550760756 0.631036179483201
0.0039561654079619 0.00181916390148826 0.233365523371028 0.451603466959209
-0.00932867180729804 -0.00503362649337075 0.34936499668187 0.0801029918618041
-0.010992343866413 -0.00349056263561729 0.186345995747868 -0.17612882421244
-0.0148442632256165 -0.000255676142980567 -0.174558471875916 0.103275821283032
-0.0244519861902322 0.00743464109112696 -0.231945039214784 -0.118345269670463
-0.00477144044751499 0.000150703437431348 -0.113795450649122 -0.418269832081614
0.0143601502942209 -0.0160257144362817 0.419000579716798 -0.425229505911161
-0.00318563538786907 -0.0102800207999116 0.72589362905266 0.237033758390141
-0.00549972275368105 -0.0138392542831272 0.217031901657828 0.740861341061066
-0.0130368583013975 -0.012287070527547 -0.253688167331736 0.451046523929024
-0.0117719887757513 -0.0151478595004225 0.037741866544302 0.0408610813531156
-0.0183513095606528 -0.0220698559077555 0.254071690186172 -0.425065904016144
-0.0152191098416518 0.00997623493022461 -0.37883277631121 -0.719683086719781
0.00477514826682008 0.0105206975454682 -0.872391505504631 -0.00596918931950874
0.0257199996858205 0.00422923025265819 -0.294182596776841 0.650018414867667
0.00662019748749114 0.00591271324026217 0.260717930231705 0.437930569995778
-0.0104361408852299 -0.00283495552861514 0.352490687715788 0.0705072698779524
-0.00818950344652498 -0.00463590727827989 0.181852884125711 -0.180658612693215
-0.01038343898481 -0.000300072555029956 -0.176205116067908 0.10144306850848
-0.0232716194032606 0.00923358109418875 -0.229705247858526 -0.120033068708905
-0.00268075000887329 0.00442121221420982 -0.0978538547153692 -0.419527259536492
0.0164461327356467 -0.0148113033431172 0.440033071287537 -0.413440057759084
0.000825850306598172 -0.00869989206903359 0.722930709705491 0.259257939133065
-0.00187804297176943 -0.00579633485648614 0.191064661517561 0.746125424439952
-0.0183656751598206 -0.00204286401224163 -0.26444012138565 0.442805808567888
-0.0207229587849414 -0.00474826233087527 0.0367671072440032 0.0365732378920565
-0.0217138654426009 -0.0103019450917045 0.24257237013682 -0.434135428629296
-0.010873227488081 0.0156424902834059 -0.403302184598225 -0.706734944684915
0.00683596625129681 0.00935609085693217 -0.867714647066616 0.020799170884044
0.0264654599083126 0.00315185145997473 -0.266048791003192 0.654875536895165
0.00910155874414574 0.0101488101771684 0.275784432092749 0.434175610240506
-0.00946974984084166 0.000425241878303527 0.352467334650021 0.0667782439896728
-0.00341554997505077 -0.00371852407527575 0.180327491809701 -0.181848172811153
-0.00476932547513143 0.00100220848632547 -0.177442239663041 0.10138007863349
-0.0205726513926106 0.0123725243350036 -0.232084434435077 -0.117519139859302
-0.00133494799448902 0.00774779006072953 -0.0941489157088378 -0.415803426531382
0.0160633763377138 -0.014308922968481 0.44417878845399 -0.412284083230948
0.00387603543341796 -0.00779394803513407 0.722931133892277 0.256410224159077
0.00112954250403239 0.000984221764057682 0.189907666574971 0.746245716389307
-0.0235957660500301 0.00886415720663195 -0.267508644143939 0.444036469194814
-0.0299523236040894 0.00613558507338738 0.0329855701564749 0.0371699690579268
-0.0226388974342674 0.0016119312337372 0.238451210230084 -0.43303498338131
-0.00456149019513085 0.0202140645582288 -0.403621008952719 -0.708324417090319
0.00899320843525226 0.00926454866710077 -0.868538242662012 0.017213180337452
0.0254621106476738 0.00402337007838167 -0.263299465043162 0.653529771638173
0.0119123926414806 0.0145107731009199 0.281437303690747 0.437346156099174
-0.0069979096341141 0.00247990322759949 0.352053796602721 0.0694895202698939
0.00257982572202247 -0.00380650024142952 0.179189249548229 -0.182035698478571
-0.000709445074613722 0.00329503822884474 -0.176698289064853 0.103561344149687
-0.0159390127936469 0.0161504741062004 -0.237065192350401 -0.112061908797115
-0.000332000526082123 0.0103872695056555 -0.105263196626195 -0.410455729913397
0.0127187616171413 -0.0126379187544967 0.431447689079442 -0.430266217221838
0.00513322748287113 -0.00575940243251865 0.729950085176448 0.227636018846524
0.00480051685549591 0.00934845330548116 0.212461525899224 0.73664484430884
-0.0271650162051441 0.0201870942868678 -0.257519789193033 0.45223427833791
-0.0368822021906258 0.0163873013583674 0.0260604048313762 0.0427921199506192
-0.0236179331296652 0.0122043699250871 0.242286590041509 -0.427098212429754
0.00116850841409801 0.0256074126117105 -0.385511448076965 -0.722797959064655
0.0104898548176381 0.011303399207223 -0.873427173008976 -0.012328418956113
0.0237947460114155 0.00708763637489996 -0.283398960109524 0.644718123784819
0.0135748227789002 0.0167584071661253 0.270048661336983 0.445934517591409
-0.00240465654500548 0.00308930567302382 0.350411573476157 0.0800791474698312
0.00743567198953697 -0.00223759500701558 0.18033187392556 -0.18231501831364
-0.0215981608409099 0.00619544370846337 -0.165696996730034 0.121338510246986
-0.0108362012027836 0.00787174308846336 -0.26237056743164 -0.0849545702976831
-0.0122570617834656 -0.00660203193994179 -0.237216513110296 -0.385447808552935
-0.00419000825155573 -0.0100456980168321 0.237201979178386 -0.538825743243882
-0.0141744558708654 0.0002841600980199 0.739804757040987 -0.0152267365081444
-0.00869463232469083 -0.0180031438528317 0.428693303835376 0.642680874957859
-0.000814194502773933 -0.0216696522657679 -0.163803002574313 0.515300266977088
0.00924435657840542 -0.0298698142902499 0.00806210516079985 0.0856947506328102
0.00350501608269342 -0.0398182389002084 0.334845728249325 -0.336499618790272
-0.0147226763816667 -0.0015296887775412 -0.138089847751323 -0.814115904586179
-0.00856160693772736 0.0196841887556793 -0.865063636931009 -0.312591230300705
0.00657528739199203 0.0169250055208636 -0.534063158075158 0.531168678431678
0.00246032386772252 -0.00424655704468676 0.118275561693173 0.500651323384251
0.00222595486750621 -0.00542775734171469 0.33534719948119 0.13174301080955
-0.0127777356169452 0.00247436645730365 0.208385319243655 -0.169970252304533
-0.0237253733233879 0.0037050212298887 -0.168521907952662 0.117146455329943
-0.0159160919908747 0.00704486944649836 -0.254772324716061 -0.0970572803282903
-0.0113467482843915 -0.00642822502434877 -0.207773958425723 -0.400609301647147
0.000626022670066587 -0.0135256213450504 0.286136649731904 -0.516095343949177
-0.0131894964915762 -0.00400700538077556 0.749652310988654 0.051867150202125
-0.0106441500892154 -0.0211378318136288 0.380192375815318 0.679734174611655
-0.00229734608818376 -0.0264270066459452 -0.188478611067687 0.501938777980848
0.00917068961426096 -0.0324406871071248 0.0181048388245858 0.0733377457194224
-0.000927927652567918 -0.0428034418423384 0.319289765110484 -0.363228433441046
-0.0179464063153654 -0.0022466510764874 -0.203875403382939 -0.800168013927144
-0.00534197867386229 0.0178544150587245 -0.881303043934633 -0.229976390734466
0.0139102706253152 0.0126645523696122 -0.477188854906459 0.574317046905468
0.00153812098147924 -0.00430639551719664 0.157573597331889 0.48836650266362
-0.00340233428077164 -0.00678745796016264 0.342606181494191 0.114415997212539
-0.0147854166966619 0.000340313518455281 0.203235675429175 -0.173747341767306
-0.0219361414514906 0.00210784789795127 -0.172016194740734 0.111803505209357
-0.0208873542678328 0.00715667103423352 -0.247096579780739 -0.108704458668279
-0.0103417399224838 -0.0060957336826901 -0.17286304791393 -0.413152912048251
0.00537226228243662 -0.0153452398210002 0.341674706563023 -0.486962610314717
-0.0111912373391011 -0.00675326255758152 0.750161938006934 0.128019697133195
-0.0103858779740049 -0.0214819377423012 0.318950116130535 0.711762950079599
-0.00440710503950187 -0.0255836161351186 -0.216944878411129 0.483940505640529
0.00455838700676517 -0.0307017512196453 0.0277220823828531 0.0612522604209609
-0.0067108885357508 -0.04025137505987 0.298177148486193 -0.390923140758864
-0.0190519286103921 0.00118090193452373 -0.277402324274251 -0.775584698068723
-0.00136975809257388 0.0150285515639372 -0.889190684868921 -0.139292405963249
0.0189758866286377 0.00952509296389809 -0.408661711402613 0.610787363019198
0.00286302915012849 -0.00267442998380458 0.199206313772928 0.472441749713636
-0.00769386102955861 -0.00583846275754508 0.350282600951571 0.097213171686962
-0.0139460702366851 -0.00152582925616029 0.195868709312925 -0.176555680951249
-0.0194145902439461 0.000882224944467417 -0.175275398722718 0.107773182631344
-0.0239650481986084 0.00706699300955221 -0.23916852586179 -0.115958111153076
-0.00746351675313289 -0.00340126940810065 -0.140487569012508 -0.421688229937065
0.0111322610852057 -0.0163454020573342 0.390510522593739 -0.455567511196947
-0.00753656152212521 -0.00884730616598353 0.744407040196532 0.194869822579134
-0.00848447132883993 -0.0198651705246287 0.263109034775892 0.738142559178073
-0.00844981465890104 -0.0204678257116419 -0.241729629376249 0.469097756446455
-0.00279641141269216 -0.02437777192281 0.0343358735285517 0.0500341030120646
-0.0137290972754453 -0.032579823667191 0.277240036187819 -0.414847801456782
-0.0178779080479981 0.00548813055074939 -0.337201736147268 -0.75198579600332
0.00261606026306063 0.012344324207439 -0.887405655060597 -0.0624923264435157
0.0228254711317106 0.00538016296263956 -0.347339793122444 0.641051165122505
0.00421053190783321 0.00160601187198232 0.235743319079051 0.457401719563699
-0.00996513577226933 -0.00515782106652597 0.355182863839569 0.0822079158842888
-0.0123911587292896 -0.00291408044000594 0.190190266742052 -0.180173496770357
-0.0152009921304224 -0.00018522879981614 -0.178422167020703 0.104679234216529
-0.0248928575093 0.00809839573751541 -0.235881465702763 -0.120471634621744
-0.00445587065393133 0.000194560228953139 -0.114767504195124 -0.424897376615679
0.0150721844333241 -0.0162363272418614 0.424888775893741 -0.431079522752692
-0.00322227725519168 -0.00977149953538181 0.73658766877148 0.241836234175441
-0.00563826175112541 -0.0147064165217525 0.218425955246971 0.752354314745494
-0.013191139208941 -0.0124800366279214 -0.259119915166681 0.456068468450453
-0.0116336632516665 -0.0153758153514102 0.037517628123161 0.0419140212446293
-0.018923944637187 -0.021925336187127 0.259741192261304 -0.43084138658652
-0.0153424828064302 0.0101539745021225 -0.381717301454604 -0.731124976550478
0.0050765833085726 0.0107054826017673 -0.884909139151703 -0.00631005951191394
0.0251091237444984 0.00363851585961505 -0.298301972853995 0.656306045796001
0.00672851950765647 0.00611761989083359 0.262766972567548 0.446684974103347
-0.0108968928301845 -0.00252945290720859 0.357540665972736 0.0722227583959794
-0.00766615158746813 -0.00394492116322285 0.185894345591138 -0.183837419175434
-0.00979415681528141 0.000603689416121388 -0.180781703544721 0.102951226133653
-0.0234103161143009 0.0101700671878779 -0.233718314552722 -0.121531111426946
-0.00182548705538344 0.00376937287769484 -0.0975553346853422 -0.423705719772323
0.0167535238915993 -0.0151040488997684 0.44791740674608 -0.417354727284507
0.00103863800633988 -0.00931316041989403 0.731398404237834 0.266347337565108
-0.00221132576512542 -0.00720552061843821 0.192246697188875 0.756587809164014
-0.0191978226569656 -0.00228372493196164 -0.270533639287634 0.447889851481502
-0.0211907564115032 -0.0043613543332763 0.0372922996833597 0.0375359005692883
-0.0221685395501482 -0.0103409457402161 0.246286339607753 -0.43865753187357
-0.011225349206575 0.0148504983349267 -0.40516570984782 -0.718228173829256
0.00743384996352793 0.00918337271572409 -0.880268485564511 0.0188421998118431
0.0262311570348417 0.00276550429231789 -0.27096584030333 0.664627844369497
0.00894516570358143 0.0106261472778856 0.280819547207834 0.441049874766582
-0.0101914078651834 0.000122026558463124 0.358831780207741 0.0687411058629519
-0.00258072208658104 -0.00457074672717554 0.183652248715703 -0.184364799580016
-0.00544371524373197 0.00191074559980114 -0.181182630110511 0.103075455049091
-0.0209176013663473 0.012753376255494 -0.236116200456465 -0.119871897651223
-0.00066628650479062 0.00762935539314451 -0.0932413559033282 -0.42043131179418
0.0158887429619036 -0.0141707297560605 0.452267154891041 -0.417909755855172
0.00342220680538054 -0.0079011990623117 0.73283775946524 0.26256325995651
0.00150197017951824 0.0012049908599741 0.18976216372916 0.756186001816045
-0.0240781016646328 0.00939851563652248 -0.271360897798494 0.44863323822054
-0.0302919434918769 0.00629951440960495 0.0331433883985668 0.0377938002247052
-0.023644531724201 0.0016380490443215 0.242517726782847 -0.439337174753211
-0.00429787024663196 0.0207146475485058 -0.407402999474872 -0.720796603870591
0.00989519067128598 0.00920179142042645 -0.882074101429116 0.0160285697441912
0.0261146481731804 0.00435911147996303 -0.267946804659064 0.662258971930002
0.0117038838055413 0.0146685992081533 0.283712445877373 0.44374894799099
-0.00660455033410899 0.00204782165163657 0.358082743445699 0.0710553105898771
0.0024738789310129 -0.00354387602929729 0.183104783070192 -0.184943030320046
-0.00147762355784056 0.00377745240231511 -0.179991004953924 0.105301738984
-0.0166319960680419 0.0166900871182978 -0.241250807465719 -0.11482478501525
-0.000224361021771803 0.00998025805787496 -0.105039085242476 -0.415952650670523
0.0121750828349155 -0.0129286193708359 0.43789737750603 -0.435797295613574
0.00511337683282099 -0.00572582364028001 0.740134904846214 0.232043055755704
0.00526201442086567 0.00857622970209347 0.214312365821126 0.746246077974642
-0.0269289459947275 0.0202763055376505 -0.264128617205012 0.456086913281442
-0.0375355767300028 0.0158911428643517 0.0260245425738606 0.0424907835287252
-0.0233093763077648 0.0124084256545235 0.246768992417624 -0.431083695222634
0.00115871607164796 0.0255401530985225 -0.389208567690798 -0.730947232276225
0.0106664438883568 0.0110475481469715 -0.885022262639833 -0.0144465632518145
0.0238151228924385 0.00696039354559844 -0.289426669246705 0.652704017318559
0.0143837182850345 0.0163927830097567 0.274727511327722 0.453901714975111
-0.00197933896264747 0.00328799654029397 0.356058940753443 0.0803034859312508
0.00754241888430889 -0.00244670414948864 0.184078167704953 -0.185391510075613
-0.0220255110765261 0.00650113950848156 -0.169785731086779 0.124102871683225
-0.0115018150638463 0.00799583927889897 -0.267890102921653 -0.0847106349406741
-0.0121771611902365 -0.0072441243526863 -0.242428590924173 -0.390487363315921
-0.00448732385999268 -0.010631650001998 0.238262727032241 -0.548146732922242
-0.0138505243195033 4.5792268822167E-05 0.751143431190899 -0.0172627999634473
-0.00860221484732465 -0.018232821159253 0.436754236467142 0.65120832276725
-0.000648733425071588 -0.0222318150360188 -0.165759450029728 0.524087386871104
0.00913327810858695 -0.0298133922428245 0.00739365652263514 0.0867386273116576
0.00342041333038265 -0.0402592669505825 0.339999244699043 -0.340947920034508
-0.0147493603955135 -0.00146528093338324 -0.141134926195926 -0.825860107678001
-0.00871483721217365 0.0200650128363068 -0.878617925542897 -0.314430132615077
0.00747749322054818 0.0171207094417146 -0.542158256669016 0.542227888990496
0.00177188057075577 -0.00503257406051218 0.121641785415195 0.507457087747897
0.0021759577246316 -0.00540482404326133 0.340912297367615 0.134194975232085
-0.0129748598608459 0.00349925146531451 0.211277838970155 -0.173647495138925
-0.0235149396754365 0.00380653137647809 -0.172084658928525 0.119633043632214
-0.0171536768711832 0.0075155272398251 -0.260299463982525 -0.0979633376310284
-0.0118025923130761 -0.00698606052448471 -0.212037181808106 -0.407437595533257
0.000114974808735943 -0.0133407411670199 0.291585462612062 -0.523396159164188
-0.0135331207129058 -0.00331193288279763 0.760505058963128 0.0507014464940114
-0.00995860396517972 -0.0215526027472273 0.387156504910026 0.68935008954691
-0.00261149768092616 -0.0268927522179633 -0.189800404168435 0.508753214272882
0.00890371588712658 -0.033534727001916 0.0184059590049242 0.0742839373730945
-0.00118976424132975 -0.0435752601439089 0.322686586318134 -0.36746071308889
-0.0182057595550046 -0.00250696618734141 -0.207724664412176 -0.809882643715275
-0.00500795723858333 0.0184401373912668 -0.89513407880701 -0.23275067348329
0.013741811233843 0.0130989451039235 -0.483975402047478 0.582808473885703
0.00218305953383004 -0.00486485081471058 0.160878379131398 0.496165605112727
-0.00375953759672432 -0.00658336444779588 0.348352100056922 0.116558880379911
-0.0152074270222925 0.000762409812829851 0.206793093015036 -0.176243724996839
-0.0233450495779173 0.00236649358041612 -0.176047129028477 0.114401878113918
-0.0215343611190203 0.00710580160044808 -0.25149314327631 -0.109505999352894
-0.0101344842171888 -0.00564354536462167 -0.175706070919909 -0.41904018731121
0.00594540913779824 -0.0152662761795172 0.347984910459593 -0.494637023270535
-0.0112543671016014 -0.00645002404633777 0.761958056563036 0.128670005181199
-0.0100743142018969 -0.0222714289580744 0.324325298755289 0.722614913234672
-0.004600346079202 -0.0257116887983869 -0.218094420800084 0.491736209962721
0.00481701587676258 -0.0308061327988066 0.0277519814848612 0.0618501622341255
-0.00760688881824083 -0.0412897397380569 0.303003680691303 -0.397862021061952
-0.0189476942001916 0.00129475266334043 -0.279867670980974 -0.788166546514577
-0.0010929452534676 0.0155390432477982 -0.902631800801679 -0.140946706375402
0.0197765686855364 0.00825685129628428 -0.414997591799669 0.623377809601914
0.00295312897824933 -0.00196955057795007 0.204193575980151 0.480001487719929
-0.00765209603656612 -0.00636546079495112 0.355563416327544 0.0977494425908839
-0.0145436208943131 -0.0015251016328906 0.200824081554459 -0.179934892133389
-0.020351080695968 0.00103908290761694 -0.178889643296232 0.111059719378562
-0.0240981256239351 0.00767344825573764 -0.244031483043633 -0.117549699201744
-0.00765427234747507 -0.00406780198827876 -0.143665409722677 -0.426982612823978
0.0109704137270787 -0.016441851017225 0.396925803394079 -0.462437643590062
-0.00744100041569514 -0.00909569512201188 0.755881676093962 0.197862497419883
-0.00813881540140806 -0.0199728082686026 0.267323397034064 0.748234849014758
-0.00937604464199496 -0.0215393633738671 -0.245721945867564 0.47557263675769
-0.00246283929774048 -0.025131893566266 0.0340682081326455 0.0510054356395936
-0.0138021525859347 -0.0334133887884587 0.280454159823408 -0.419021992962562
-0.0182868308563097 0.00466055207093894 -0.340802825497305 -0.760550213391539
0.00219136237957003 0.0137889894208786 -0.902710493305969 -0.064378165319117
0.0234240875861023 0.00580543624190286 -0.351078163971586 0.651009453247009
0.00465932988979064 0.00176387949484578 0.240682321993863 0.464878233020613
-0.0104464721132665 -0.00545108331762719 0.361238551626441 0.0826208478239574
-0.0127179709889453 -0.00311392555514904 0.193670257562265 -0.182906643449297
-0.0155081264936182 -0.00023835537486284 -0.182958933120131 0.107906754527277
-0.0249296165483397 0.00864369597620664 -0.240173578406282 -0.121271716771732
-0.00445491965352495 0.000116377838412256 -0.116820864086487 -0.429574596557664
0.0146033724368167 -0.0164418069302797 0.430274685065655 -0.438133613403492
-0.00294693323051762 -0.0102318577500509 0.747243989322095 0.244165669031033
-0.00548701612615563 -0.0153103017405751 0.22052611372204 0.763609395487449
-0.0137042331841691 -0.0133817425674131 -0.262980221353011 0.461695648169406
-0.0118999862280874 -0.015088092543968 0.0371525072306481 0.0434434051679637
-0.0188184963062724 -0.0223314074439752 0.263651183956837 -0.437029270065861
-0.0156173492875718 0.0103136542434987 -0.38694212117655 -0.741385967524391
0.00558959455938391 0.010503664835683 -0.89697871274707 -0.00742948287459803
0.026310260204291 0.00321673309502594 -0.303293255818029 0.666035889232242
0.0068013254723113 0.0059329767078855 0.268944313719088 0.452325908748557
-0.0111965633370686 -0.0023749344034976 0.364417195583018 0.0733540297669929
-0.00884882778257444 -0.00396380253273509 0.18929470368271 -0.187446239279867
-0.0099535908899115 0.000193475239917251 -0.1852715623206 0.10585704651228
-0.0238382497839367 0.0110323873766944 -0.238090882411795 -0.123189369193742
-0.0028906070657945 0.00398829500503833 -0.100650682483811 -0.428924291233688
0.0161115047709849 -0.0155175518020844 0.453849496348735 -0.424437398206377
0.00101110585136631 -0.00967203486988521 0.742193062927397 0.269086645754375
-0.00258380392034254 -0.00758873468958022 0.195400864458177 0.767222272454049
-0.0198632542888403 -0.00291465487397969 -0.271790905501298 0.454550459982246
-0.0213606076799586 -0.00452153137601304 0.0378954697424882 0.0383820355048326
-0.0219065635333757 -0.010640668522725 0.250597907202703 -0.446263920288665
-0.0103216961256398 0.0147751183352083 -0.41248643628416 -0.729432277642036
0.00749863164343502 0.00938985109955716 -0.895118038855059 0.0193471666234219
0.0271693269360132 0.00283518474460528 -0.274795406192212 0.674376855953481
0.00953599895614318 0.0108507731883612 0.284975946828652 0.44776972993877
-0.00980143261050952 -0.000158314239471654 0.364907382911735 0.0683458766204823
-0.00367603746046997 -0.0043388439610254 0.187719018431966 -0.188517727494273
-0.00580647306695286 0.00199046712510226 -0.184718246121934 0.106405579199429
-0.0204649881729966 0.0141978564904918 -0.23954174939816 -0.119250904584548
-0.000911800487591666 0.00769032939801489 -0.0964076962248252 -0.426278395212757
0.0159464630556357 -0.0138009674190699 0.458412716295159 -0.425619115155443
0.00387626893624052 -0.00743954880469505 0.743017235181922 0.266990538181846
0.00152600937895657 0.00107298900847643 0.193223582343678 0.765775014448745
-0.0248286240298956 0.00916490381579352 -0.275120746920719 0.455998180652378
-0.0307302633932134 0.00611191395218868 0.033648493460382 0.0391254511438369
-0.0237159192173378 0.00151397860493658 0.246415134369951 -0.445143200714759
-0.00440621899368713 0.0202308388436108 -0.414287645689534 -0.731216612679007
0.00965280638038925 0.00900801929771725 -0.895382872884809 0.0171726055480995
0.0254957510459644 0.00425685442721754 -0.273156773609345 0.672124206495824
0.0117943983975567 0.0148818564145737 0.289455697590102 0.450692004762637
-0.00731840523057003 0.00230571704139129 0.36524851621374 0.0718881883792118
0.00206481094903792 -0.00335981800700962 0.186054056252492 -0.188671251022191
-0.00151715675527115 0.00439031748598476 -0.183327927413252 0.107154239054221
-0.016887459572249 0.0168324937296626 -0.246513756391648 -0.114741477192897
-0.000433173934311834 0.0100472574865268 -0.107038313200079 -0.421318035535434
0.0125225963831828 -0.013301068549785 0.444909340392156 -0.441957802227073
0.00530157760178593 -0.00580330805845235 0.752076761464538 0.234393630089318
0.00498818907894579 0.00872707597167998 0.217038060963307 0.757276975971656
-0.0283437650796843 0.0204947875439756 -0.267596377735835 0.462013109632133
-0.0368789420294156 0.0169538718263238 0.0263730583843248 0.0437676592568912
-0.0242165617131482 0.0125215961281382 0.250602947030666 -0.436918072606867
0.00134551461502651 0.0261753069044271 -0.395814554569958 -0.744234073555979
0.0112710412364814 0.0115720639543052 -0.899746505614609 -0.0133185342353955
0.0246675147745542 0.00739992147081373 -0.295417522805796 0.661632842581137
0.014803135211453 0.0168992365054952 0.279879010667868 0.459967841400038
-0.00283553991740369 0.00379391258433385 0.362051773838326 0.0822921074758611
0.00686754116701063 -0.00285300248026774 0.187399551392951 -0.189023077917117
-0.0219729842291525 0.00756840324582047 -0.172269187512164 0.126660571245767
-0.0107325278814557 0.00925107073182433 -0.274280746326011 -0.0850827106130916
-0.012021674006753 -0.00676831770833503 -0.246836736243879 -0.39505251461326
-0.00476768583808786 -0.0108035272897121 0.242441310041981 -0.557970214719332
-0.014766692693849 0.000427046673160446 0.764518819335933 -0.0203328029402374
-0.00911137652632791 -0.0191040585032448 0.445673317584804 0.660753516429805
-0.00143098643924775 -0.0231624199772668 -0.166079227966272 0.530349574640303
0.00911146138177377 -0.0301513995053548 0.00797915954899697 0.0878762408460724
0.00349232389429874 -0.0410360554450922 0.343023088896498 -0.348004247538298
-0.0148033845208882 -0.00120150521641549 -0.143128187655895 -0.838285502629192
-0.00873877981622542 0.0205075395984303 -0.894508293967673 -0.31661723291039
0.00767372099946053 0.0172852650321315 -0.546769076685023 0.551669321124158
0.00188165386317746 -0.00480724766595661 0.125117507827303 0.515983410274709
0.00224543139192406 -0.00609323093357974 0.347045980940556 0.134804115874287
-0.0140256510052144 0.00291934682033688 0.215954203037761 -0.178686149221471
-0.0238937078433117 0.00448521461422528 -0.175872765587156 0.122788024784815
-0.0162711723272008 0.00857899458287343 -0.266498961314261 -0.0969024704615501
-0.0123529891374646 -0.00756073719897488 -0.216923540364188 -0.410201569409304
-0.000368196869832448 -0.0142063277717032 0.293391912075154 -0.533840194734179
-0.0140447351255198 -0.00324393354237471 0.773673390493793 0.0495030063094248
-0.0117691909330641 -0.022125316780603 0.396136623765527 0.69631570637174
-0.00241349186423589 -0.0273930940085911 -0.190885919653531 0.516710611303293
0.00895532616479666 -0.0332725507365684 0.0180795905720656 0.0761777437770411
-0.000684121824861877 -0.0435895664461886 0.328747645643765 -0.375283054236641
-0.0174511183685461 -0.00197242973677306 -0.21317362438397 -0.823115084899149
-0.00452056338464523 0.0180922727777044 -0.909281675083363 -0.232565105330071
0.0147477424132128 0.0130892998790931 -0.48951382411332 0.594481097924419
0.0022057041585406 -0.00482096962859798 0.165143290199706 0.503520245757839
-0.00367278847053206 -0.00706729971432048 0.355306034965931 0.116280603419761
-0.0156211338331533 0.000744681161792908 0.20980610964349 -0.180783771427874
-0.023594107034984 0.00326426675249 -0.179289173622839 0.118564966117525
-0.0214000975676454 0.00786347671632544 -0.257710060321214 -0.108635883182228
-0.0102372980366568 -0.00586222077062918 -0.181043908413104 -0.423397117458896
0.00565150946928509 -0.0162958594257121 0.351708389239633 -0.502433846036903
-0.0112230166875584 -0.00631593482604904 0.774781308061068 0.129227380499562
-0.011570453089161 -0.0228125484952167 0.332592414069763 0.733215560316014
-0.00539776276217663 -0.0265512839087071 -0.221189033985594 0.499750134069105
0.00475277084453272 -0.0311722610985111 0.0285113366625812 0.0625743734103481
-0.00770263040089441 -0.0416978918510496 0.307241060224655 -0.403165393466077
-0.0195972475570376 0.000686920815376793 -0.288911906831301 -0.796803730441195
-0.000699441463168667 0.016359328582401 -0.916526207424958 -0.139982620589396
0.0200988566380163 0.00902906919828523 -0.420266835308364 0.633754950444473
0.003099093153427 -0.00310173221956964 0.208175563704517 0.486330086356627
-0.0077116097989816 -0.00622912323850115 0.362680671860193 0.0968993639637748
-0.0162054967755588 -0.00152230831741673 0.20380754007443 -0.184383629707675
-0.0202201282509628 0.000912300495476247 -0.182559250435446 0.113947257021173
-0.0236795977530073 0.00770670395631062 -0.249995764111702 -0.11709484801458
-0.00745350996044465 -0.00399494901865821 -0.146179852926428 -0.43123821451638
0.0105807286441391 -0.0171775885730835 0.401316829167867 -0.470960272265421
-0.00782890761364499 -0.00886344870287241 0.769100554110581 0.195387387484961
-0.00858397901439762 -0.020844993200852 0.273254357480848 0.758490995018229
-0.00831687106427159 -0.0218376873677642 -0.24696892764073 0.482888016442004
-0.00271984725752111 -0.0251983606212147 0.0356385101648305 0.0521155331948597
-0.0142920043978123 -0.0343718414598447 0.284242053537375 -0.427379521072442
-0.0184916116206962 0.00499408419457845 -0.349420930648845 -0.774281304711383
0.0029545748821355 0.0130500621843892 -0.917555183933831 -0.0608676980974504
0.0243523183553623 0.00540317112604384 -0.355148151784408 0.662566279732364
0.00461821413453838 0.00148530611618401 0.247614533144768 0.469805822962086
-0.0108733997456336 -0.00506006829741929 0.367489757825508 0.0817722055558606
-0.0131971984896295 -0.00255194771093257 0.197201908484818 -0.187523533471272
-0.0162012283200899 0.000694018975483498 -0.185099114050235 0.110223548676357
-0.025065842189503 0.00940114358217256 -0.24537305076815 -0.121137691927435
-0.00496277808454788 -0.000588730086339107 -0.120368718709412 -0.436448688769153
0.0148009845181474 -0.0170750033140682 0.43641511110298 -0.447504971915339
-0.00308886216014258 -0.0102731756042811 0.758909646997764 0.245331651836437
-0.00560931921764151 -0.0156135341864197 0.22793062903712 0.773600767505268
-0.0142208649269281 -0.0132946560000945 -0.264706659145268 0.469974113719727
-0.0116993586602902 -0.0155057902588783 0.0381860190987088 0.0434449684656165
-0.0193791709597854 -0.0229851643970282 0.266322511117173 -0.443824208770583
-0.0160109444868178 0.00967215266546531 -0.395173802341166 -0.751317704250487
0.00583036644523963 0.0114759881264539 -0.912425145552295 -0.00360690181568195
0.0264652770967755 0.00332920535618887 -0.30683944036011 0.678385123736086
0.00705172950147532 0.00567867008301338 0.274494407102556 0.459137134708059
-0.0113532501414975 -0.0023152327890017 0.370657306510141 0.0715385449687751
-0.009409847221167 -0.00432278524079744 0.193338849644789 -0.191476096307218
-0.0104788616779797 0.00116671882056507 -0.187530649169555 0.108235026964279
-0.0237889328844084 0.011701352611803 -0.243252418331378 -0.12368996044531
-0.00192761019060621 0.00387983772777712 -0.103553595187185 -0.435481244743507
0.0167584653057435 -0.0159115022683675 0.460896466044647 -0.431693680291286
0.000521145468375592 -0.00926608032588839 0.757654048664131 0.269884065175984
-0.00218275752549559 -0.0077736610017631 0.201039678199806 0.779314211710128
-0.0201253782585599 -0.00251324828351106 -0.275169311715332 0.460638576562779
-0.0215314707307875 -0.0048350418403557 0.0374754287141159 0.0391008631385404
-0.0230218710038781 -0.0110616558383095 0.253381101438754 -0.452790047189466
-0.0105264633240292 0.0151684718849773 -0.420586017260857 -0.739543327335279
0.00754070581767398 0.00929482378050649 -0.907598905284074 0.0238376028746876
0.0275741043226327 0.00250922868152434 -0.278054244347749 0.687512004836532
0.00973653090123512 0.0104518735429152 0.292865901002678 0.453071962502405
-0.0106260397200035 -9.27650505159871E-05 0.371848132790486 0.0675031995316077
-0.00419067355225322 -0.00398518387329882 0.190722905072172 -0.193906990785987
-0.00635399853038934 0.00257753786734905 -0.1884795630388 0.109239917573148
-0.0201517702994497 0.0140493632584197 -0.246022594969617 -0.120883261682985
-0.000908169464577744 0.00697383752819175 -0.0994614794204889 -0.431776907285489
0.0154054293801342 -0.0149039889487383 0.465310332480695 -0.433863958654436
0.00407531070202459 -0.00822996280165353 0.756348344475579 0.267496115138698
0.00138739970423706 0.000448575093134583 0.199450443659687 0.777763208298046
-0.025174390205606 0.00967459508856502 -0.278539294586063 0.463002661625382
-0.0302639695017036 0.00698266899620618 0.0331551745444451 0.039252040760043
-0.0241066986893663 0.00185074940548733 0.249205245396634 -0.451202187651951
-0.00446388301792154 0.0207091993840551 -0.422292469981547 -0.741080092597073
0.00990647846023008 0.00938259326064797 -0.909713317941149 0.0239110778858644
0.0271811544149471 0.00414452072818343 -0.273752450066887 0.683755312410947
0.0129630636616692 0.0143734222012382 0.294599055887967 0.454869244476879
-0.00765099056459766 0.0025793171964397 0.371500868605033 0.0705266096797617
0.00260792772094918 -0.00329037845786145 0.18950160888956 -0.194814631305756
-0.00199861546646786 0.00487724552268686 -0.187043512378928 0.110759075630323
-0.0163370859952132 0.0181487212538397 -0.25163725660545 -0.113947680527974
0.000260690936751321 0.0103611411984758 -0.11054720680536 -0.426982630768989
0.0125692745814599 -0.0137693686253657 0.450926857889984 -0.450560428291135
0.00567248582122992 -0.00610808094128074 0.76282435926491 0.236043368549912
0.00505684807922006 0.00878900950759407 0.22357666733336 0.767252236511742
-0.0285543288858661 0.0208960570433661 -0.271058975168852 0.468821688748879
-0.0380501209299603 0.0172286807186917 0.0266643157070343 0.0451111862988677
-0.0248683585973461 0.0132848387157224 0.25438789191895 -0.445213676770249
0.0019673662411453 0.0257883961337262 -0.40368136419723 -0.755730564062813
0.0112150177216229 0.0119641640996299 -0.914337683354196 -0.0100376526388512
0.024698201572043 0.00698752802204649 -0.295892761001793 0.672062922117268
0.0145781609830276 0.017536365269508 0.287420785593435 0.466256781353675
-0.0023297817405764 0.00371570435813334 0.369221337301718 0.0810385089915698
0.00758231254059179 -0.00229427263151939 0.190254304701215 -0.193693546468349
-0.0220660889265062 0.00807345162452583 -0.175934603268261 0.130604542947401
-0.0106748185381241 0.00962317821428979 -0.279739514335332 -0.0839559518115132
-0.0124646229248376 -0.00693612015258378 -0.254080089008201 -0.399470883752137
-0.00521505600777644 -0.0110331661753789 0.241037587825083 -0.567018610551957
-0.0149292111775501 0.00102336599676969 0.776563860462386 -0.0252731543763641
-0.00938525395785866 -0.0196672677366926 0.45778434132945 0.665891161024142
-0.00137487579757495 -0.0225892000459986 -0.166452519477522 0.540612489294444
0.00879754417632959 -0.0309129439310288 0.00848838708099501 0.0892969981387989
0.00375476559157026 -0.0419957937177169 0.347656332510549 -0.352357753165555
-0.0149253209129248 -0.00214737197580497 -0.152075497860145 -0.853518383858398
-0.00867008243928634 0.0207538705636222 -0.91168235625627 -0.316355843851115
0.00733319184726587 0.0176961526822257 -0.552592960789533 0.564040982086735
0.00216282290562947 -0.00528164530153197 0.130572474684861 0.523950674569765
0.00182812727689689 -0.00572090592440472 0.354218572909898 0.134243457186072
-0.0142254692407026 0.0046246033230481 0.219139899524572 -0.183903166929382
-0.0250406808709741 0.00522654768821704 -0.177617705367729 0.126943067022629
-0.0169301277006585 0.00944349350621645 -0.272457261872603 -0.0962703203847995
-0.0116303139173852 -0.00690028502321102 -0.223173681409498 -0.414448185076657
-0.000116689212575806 -0.0144262140453962 0.295007254575606 -0.544811370500323
-0.0133248624128393 -0.00333293856700996 0.784855740290094 0.0432931692775268
-0.0111403957769596 -0.0223810312208957 0.406643689372377 0.705162616374614
-0.00302757072813153 -0.0272269713038374 -0.192114775002629 0.526233941870944
0.00953023110906133 -0.0330895070365134 0.0185984210612819 0.0774821893317858
-0.00126553946352098 -0.0451537569644062 0.331017034875224 -0.382350084784549
-0.0177469059918164 -0.00237030914751998 -0.219538042089253 -0.834263956615432
-0.00441415926905475 0.0187354416753247 -0.925207065163868 -0.228786522833968
0.0151543390983566 0.0139774276281907 -0.493609825645318 0.606672764606916
0.00213440123174782 -0.00522139886147302 0.172258375526236 0.509729471841135
-0.00379572320997758 -0.00697478088007139 0.362538658720579 0.114764487066481
-0.0160617568277714 0.000873159986554463 0.212958521562223 -0.185271611161886
-0.0242341641315794 0.00361193783230581 -0.181787038266191 0.121976334149341
-0.0219133642784634 0.00870983651002057 -0.263390971968868 -0.107472533210386
-0.00976071188652097 -0.00581811571565264 -0.187920715909261 -0.427691696491234
0.00517458396535519 -0.0164316857160842 0.353700150972366 -0.513556549497858
-0.0113416235396184 -0.00670276631089319 0.788040034415199 0.124287480351577
-0.011227494873819 -0.0232748317790121 0.344050995041015 0.741384268937777
-0.00531082824330605 -0.0268696057612013 -0.221697541296259 0.508059679784632
0.00484952737245777 -0.0307907871811587 0.0292286921067994 0.0642094092742006
-0.0083871907721735 -0.0421229444005973 0.310557968476432 -0.412109745309589
-0.0197971360951513 0.000669286088098436 -0.295616484746223 -0.808993326200857
-0.000628131398318656 0.0165549197444201 -0.933632406262615 -0.13544325704156
0.0208222197529462 0.00863054620489253 -0.421440090786165 0.647912987065526
0.00299223479578844 -0.00298660640639462 0.215959636327355 0.49309108319873
-0.00697472311171163 -0.00706405529797977 0.36970143055272 0.0959462165775287
-0.015824717447313 -0.000483159213724289 0.20667514955476 -0.189923069144347
-0.02101888062147 0.0021027587818219 -0.185318030490466 0.118067409217135
-0.0244490758446257 0.00892817706752554 -0.255985444849138 -0.115999039031383
-0.00731120575197207 -0.00392566882707205 -0.152117725882464 -0.438248952989962
0.0106944548526024 -0.0180894607424448 0.405339496976322 -0.483323504934986
-0.00792432280550321 -0.00880309382752161 0.783262058186144 0.196231389013814
-0.00927204923315966 -0.0212766616632442 0.283246412265284 0.767186718556879
-0.00897719456014396 -0.0217741395253399 -0.247458801195027 0.491088244220112
-0.00323866497016601 -0.0248398859925318 0.0353459651192213 0.0524264579952682
-0.0146699743560604 -0.0340340251691351 0.28589029557059 -0.435651777226485
-0.0191449245477266 0.00482311463777414 -0.359631378684259 -0.781741400637867
0.00250973593409896 0.0136330034349465 -0.932278293747435 -0.0546442947421582
0.0242032817809736 0.00549021955607026 -0.354286353545744 0.675797602846636
0.00455709256362559 0.00136689062099129 0.254417052904115 0.477429329978488
-0.0108199232409655 -0.00511399108323215 0.374921575724553 0.0810239514736537
-0.0140968218209907 -0.00215633866808868 0.198744409039901 -0.193122455172706
-0.016633234625167 0.00116608291093373 -0.189083064238143 0.114560506189068
-0.024915267951039 0.0101580247504039 -0.251705706570783 -0.119987644234951
-0.00464876037229464 -0.00013780187721446 -0.125554846556263 -0.441856226765709
0.0146463954407401 -0.0172161029350161 0.440918620984978 -0.45885775952219
-0.00277466075127334 -0.0101705799291519 0.773281195155123 0.243342195756231
-0.00652268134043028 -0.015715756398619 0.237559366988357 0.782920025030774
-0.0145134427117296 -0.0134062321352901 -0.265055273822615 0.477840258333232
-0.0115730992967342 -0.0154539529287317 0.0383768659683144 0.0441239969852399
-0.0201189530311743 -0.0230403322877318 0.268088320596973 -0.451346278059311
-0.0154751769139163 0.00992447614141682 -0.406470342480772 -0.761947096656741
0.00569400776343893 0.011091824520303 -0.927768402387086 0.00510769310237924
0.0272053494117874 0.0025958198270905 -0.304257300431442 0.692223205079288
0.00706634366163556 0.00626671686724727 0.283833724089091 0.46356059069351
-0.0123653142746939 -0.00257258556783243 0.378860706938878 0.0703744147729921
-0.00928369542603402 -0.00377746493214713 0.194735175232639 -0.195865025382877
-0.0107058049736041 0.00110136613097465 -0.190569324906769 0.1126165953886
-0.0235585601729401 0.0125076622390299 -0.249472304589258 -0.122100802846576
-0.00220354747946164 0.00363287170009659 -0.107062048752511 -0.440651526940095
0.017044419859794 -0.0162811377522805 0.465700715414167 -0.442668273217158
0.000645040593373438 -0.00996418461809704 0.770597815922583 0.269196698171288
-0.00234608538728521 -0.00839819921136341 0.209003457520968 0.789534887961265
-0.0201919819019922 -0.00255185040858718 -0.277607136444067 0.470957362788531
-0.0215699177585801 -0.0044944734547656 0.0378559036155653 0.0399469722552646
-0.0228196925312057 -0.0109593670575162 0.255597788133707 -0.460395792977625
-0.0101037505986898 0.0148576877929415 -0.430265195126818 -0.746149794944271
0.00868709755890029 0.00987666481743651 -0.920943375023265 0.032328603195186
0.027579249983624 0.00212316928723781 -0.276610723702482 0.697345718206091
0.0103587015542417 0.0110959770335533 0.300528916937331 0.458193218005274
-0.0109192248869463 -5.17096797609824E-05 0.379583353785433 0.0655694669559936
-0.0042155127551349 -0.00324493819349347 0.19279197992439 -0.19849212243393
-0.00593865587525567 0.00164504632895424 -0.192541085797402 0.113122338139194
-0.0201567275978196 0.0152323051299944 -0.251964756689445 -0.119645836446968
-0.000391458626500435 0.00738077981776289 -0.104114668845318 -0.437023760837827
0.0160876466211378 -0.0154715602564779 0.46920345737102 -0.444470385636199
0.00447307286514008 -0.00728869527646123 0.770816094948021 0.265137602950622
0.00155436347132321 0.000487770449385003 0.209093619047127 0.786899362341758
-0.0258422724819136 0.00977233885096882 -0.279788485865131 0.470716180309859
-0.0314256102862258 0.00762309826321447 0.0345075444450031 0.0401234135575632
-0.0248167986902872 0.0023663450692884 0.249697411151912 -0.460521886936981
-0.00445939779059112 0.0206234294805588 -0.433836064072106 -0.750618878138499
0.00948869228538145 0.00985654118978457 -0.923966944639316 0.0283223765735528
0.0272142411939513 0.00335027209673205 -0.273492498879831 0.6960028348754
0.012962249310448 0.0154254813027202 0.305127919604739 0.460849703256262
-0.00771537005491744 0.0025163229204607 0.378558490988657 0.0696138081095406
0.00152392485238083 -0.0035695738217141 0.19141412232476 -0.199702709800739
-0.00153799794397716 0.00522337663430678 -0.191091737680889 0.114307148250261
-0.0156291966863987 0.0186690102906109 -0.257566456054207 -0.113617530521785
0.000299855270039766 0.010445201649087 -0.114254731389169 -0.432843575896177
0.0120680106694639 -0.014029301983645 0.453934957364449 -0.461415083103802
0.00568090277885578 -0.00613638310615953 0.778625754761519 0.231992549795624
0.00569150098287709 0.00844493621012045 0.23144407090518 0.777154464967159
-0.029345617966045 0.0216806334089086 -0.270756739996207 0.478641684838848
-0.0389915225420436 0.0180151978723009 0.0261318884328678 0.0461935952675211
-0.0250536062968799 0.0131764495582914 0.255550428353543 -0.453853570087546
0.0020517038740348 0.0261515691932512 -0.4158755734382 -0.764387809640182
0.0120511527068055 0.0111768959902893 -0.927780864497417 -0.00269562209847362
0.0255793361581993 0.00634338405002523 -0.29573877517033 0.686958617101394
0.0149673193607045 0.0171278488675675 0.294666826451174 0.470883103344132
-0.00258501870298681 0.00388956055950134 0.376385653035893 0.0777989990083416
0.00716668958423775 -0.00169218703820512 0.193156252775669 -0.199632339040757
-0.0237810702573409 0.00901774952620306 -0.177187168091138 0.135111495879602
-0.0101416816817039 0.0105703744440048 -0.286113328252966 -0.0808298177234331
-0.0125718712779085 -0.00774956491212016 -0.261522201744028 -0.401570611530204
-0.0051042908697164 -0.0113363582022309 0.238196101660424 -0.580214330320181
-0.014829253288139 0.000986754130857104 0.789760650164979 -0.0358807529586535
-0.00925948385762649 -0.019771451039909 0.471581646680739 0.671238896764095
-0.00150333138747836 -0.0236449825773909 -0.161504237488748 0.550046257214824
0.00952339492742819 -0.0311172074337855 0.00796825584577858 0.0917140775564985
0.00253378511088236 -0.0428660140122865 0.349788562250387 -0.361432305977355
-0.014592348050594 -0.00252976143448649 -0.161930816407104 -0.86215239217385
-0.00868213858420863 0.0216389050259271 -0.928189183695167 -0.310257185909551
0.00786954560314076 0.0177335270863744 -0.556038439624953 0.57863878862165
0.00144378863419912 -0.0048815154079491 0.140219941965563 0.531322819126615
0.00112744126772495 -0.00579463290244821 0.362120849379982 0.132169324840422
-0.0146711007802496 0.00407286298189177 0.220718249791796 -0.189968421262356
-0.024548703210319 0.00628293478827828 -0.181127265468868 0.13140034154275
-0.0169859042298027 0.0102637254610777 -0.277626828335599 -0.093081888552215
-0.0122683912639462 -0.00747727502046951 -0.23044017723463 -0.416618271816085
-0.000871980247948906 -0.0144320620623774 0.291452900498466 -0.554996598802756
-0.0138304731897898 -0.00221314335499741 0.799137876062333 0.0344616706452976
-0.0122620182588598 -0.0231636099926016 0.421685641211358 0.711870459449264
-0.00352072764717089 -0.0280250521933478 -0.189360105416495 0.536090964598223
0.00997354710177477 -0.0343029339859074 0.019459239779426 0.0783407359346186
-0.0019036078995282 -0.0454544262989986 0.333541652752758 -0.39066429128266
-0.0185598261573625 -0.00195159998797947 -0.232142511860847 -0.843651896641458
-0.00453751140566446 0.018845650629517 -0.943717398419596 -0.222759929884756
0.0155067306169175 0.0131913236605788 -0.494779614027513 0.622444860043438
0.0020170909961169 -0.00439901455057738 0.181390698694147 0.516857367149772
-0.00395820175749238 -0.00683816322896532 0.369572995261983 0.112967365723829
-0.0171940274116061 0.00186513554795937 0.214655070199576 -0.191048267702355
-0.0232152375690202 0.00432842413887979 -0.18520849835551 0.127371536733712
-0.0213603903012634 0.00991063969966503 -0.269350688234591 -0.106154313889314
-0.0100099671190516 -0.00667573698086128 -0.193895323053954 -0.43165701233647
0.00507574901103643 -0.01721079852695 0.352888668038457 -0.525870683312333
-0.0120153893348936 -0.00594834931722826 0.802908908440708 0.118369862149513
-0.0122655942249953 -0.023850717933267 0.356614270629494 0.748528590289661
-0.00584752702276093 -0.0273553077375002 -0.219198987626398 0.5164003817469
0.00523265629008735 -0.031606266305457 0.0292281823053439 0.0651580626039205
-0.00892636829194809 -0.0428931130938196 0.310576298965604 -0.420753704661642
-0.0200249803344193 0.000469411971594802 -0.30912252397615 -0.818868208311889
-0.000152131754020846 0.0172072964508219 -0.949938626434874 -0.124718673372979
0.0210993824347601 0.00867472328259598 -0.420332904182812 0.663244943506788
0.0040708804913942 -0.00254520325142827 0.224461870561725 0.497512542818293
-0.00848798729711185 -0.00683961649229327 0.376213985023927 0.093987212033123
-0.0159431727460611 5.49327340849297E-05 0.208444641326751 -0.19572946520051
-0.0210576080301975 0.00213385973032843 -0.188691241870009 0.122753782445685
-0.024057387199007 0.0101186592902917 -0.261889288374394 -0.114219620381755
-0.00729786892177176 -0.00400707074901585 -0.159105091755378 -0.439964094882992
0.0101138297795787 -0.0177713548723337 0.405496564111652 -0.494611529451531
-0.0079114866386133 -0.00867245412522872 0.797988672318458 0.188120522337009
-0.00984584233997746 -0.0219843548644509 0.296060922071802 0.77707016369772
-0.00951578160393643 -0.0223146414111883 -0.246902437445696 0.501253675209367
-0.00235638212262606 -0.02461844926647 0.0363384392224875 0.0534121476703901
-0.0156271997189207 -0.0348804517440987 0.286888749732766 -0.444787966592721
-0.0186872692932766 0.00447237017310988 -0.371629469154451 -0.792426114246961
0.0032195550879913 0.0139822681748058 -0.947776134804617 -0.045643041069068
0.0244291593254406 0.00498938803202824 -0.35465513097399 0.691554726471086
0.00496705036378111 0.00126396863777581 0.263303885627676 0.481548052017594
-0.0116282339857357 -0.00475065273815364 0.381696339754168 0.076846501294613
-0.0141477355411024 -0.0015376422437406 0.201493531921576 -0.198980268680402
-0.0163201692138535 0.00111715175589591 -0.192301466474327 0.119006091931304
-0.0249561747206226 0.0104039685596169 -0.257621194797027 -0.117918254877112
-0.00435501624478663 -0.000692439542266996 -0.13153778448907 -0.445875868373268
0.015016882765548 -0.0178414052656417 0.44207864284368 -0.469160097010747
-0.00359737960713563 -0.00981339539668517 0.790413537827929 0.237562645588292
-0.00597092172766442 -0.016730275486145 0.248801889927477 0.792450164174031
-0.0147517569768268 -0.013440882472702 -0.264643880252937 0.488282698781192
-0.0118296658510583 -0.015281144976477 0.0396219954470992 0.0449850830395286
-0.0208138715954161 -0.0234971929227237 0.268597720577457 -0.460521730971053
-0.0150937915570993 0.0100582675701302 -0.419783702485578 -0.768956371471982
0.00637315019446422 0.0117206769267338 -0.941486068481214 0.0134980856120849
0.0271890409131264 0.00221932178685513 -0.302825130253248 0.705031835429451
0.00714682116008554 0.00626922566363924 0.292041586606598 0.468938275601177
-0.0123220649667714 -0.00269243312205079 0.386179252789512 0.0661763043739029
-0.00934809838746278 -0.00288698001115047 0.196132015597715 -0.20243788487966
-0.0116311379524341 0.00144489510756812 -0.193494613868201 0.117169185158944
-0.0235795301235627 0.0132487898120828 -0.254221121925617 -0.120365597864707
-0.00176316948000607 0.00387737712692555 -0.113065889657317 -0.445320132601996
0.0166185717067664 -0.016734155062303 0.468552626158809 -0.454436723647743
0.000705607386140311 -0.00917485825021064 0.786897848734851 0.264031451270891
-0.00252770795323415 -0.00909711695135077 0.219521129414713 0.798626126360315
-0.0208879333169769 -0.00231524102913235 -0.277826028255297 0.478585068078386
-0.0222200105913924 -0.00394733659509755 0.0385128567372366 0.0407635687510079
-0.0248161875512245 -0.010548724955045 0.254769880950547 -0.469865666505552
-0.0101327170148858 0.0156899080411654 -0.44410343031413 -0.756628786796469
0.00871064419193872 0.00957420667292106 -0.935202604909953 0.0424451884632065
0.0280223027919833 0.00188489891554687 -0.2732027233388 0.713440169396447
0.0109379747621086 0.0105352094302283 0.309970103937684 0.462487867301324
-0.011516895056061 0.000193942532962307 0.38688420912856 0.0616346708436877
-0.00455252996990831 -0.00448721949464106 0.193341415827814 -0.204913978521389
-0.0063785388785606 0.00305448321314349 -0.193822341405142 0.117290091638428
-0.0200753184016384 0.016858753698551 -0.257592979643497 -0.117986557805828
-0.000387725069377825 0.00754068237734501 -0.108801273143214 -0.442861433754686
0.0157461893929628 -0.0156774546071238 0.471903124250806 -0.457287774926957
0.00373665536539927 -0.00828108163461392 0.7865762945931 0.261185997217877
0.00106594784783706 -3.37530767477029E-05 0.220480332081545 0.795373885001162
-0.0263587393699255 0.00981259001377634 -0.278866634397119 0.480884371190284
-0.0307279769621347 0.00800248857560905 0.0347103611033395 0.0407711433249158
-0.0254107021376722 0.00241705311933306 0.248535733949605 -0.468321187971636
-0.00360207906724612 0.0209475035464256 -0.448481245118927 -0.757078913096946
0.00989728815757126 0.00987388622295113 -0.937083433094718 0.0406831370118882
0.0281940809466189 0.00334836479531841 -0.271830885574806 0.711095787826107
0.0132134999726022 0.0148321410728509 0.314945720810159 0.465815245041959
-0.00727010707831783 0.00258710387828278 0.386119702797392 0.0646388841383135
0.00211229106776641 -0.00331520883923749 0.192285666259093 -0.205666091615321
-0.000947106176304629 0.00472065192188517 -0.192092571201021 0.120078463613753
-0.0160138715371997 0.0193754719097134 -0.262630936806516 -0.111835347259967
-0.000132125288322774 0.0103349382237084 -0.120685305591086 -0.437018527763336
0.0125971524041511 -0.0139727745331781 0.458145304774685 -0.47413833607151
0.00610465420565444 -0.00624616132797077 0.794886326452518 0.228866927259021
0.00562670149877844 0.00777298499813803 0.242773382134486 0.787047886410632
-0.0295225590330432 0.0220133421183773 -0.272154563330807 0.488399150745665
-0.0381388562117144 0.0193655164887 0.0274009996307559 0.0462703601065014
-0.0259187065625522 0.0145422647119704 0.255628434408298 -0.461502673765513
0.00225843946453183 0.0261439805876609 -0.430751832710739 -0.771618967254496
0.0122543902725835 0.0116730837030703 -0.944561699098033 0.00667890568582697
0.0261902927490877 0.00571269856805352 -0.294434175974305 0.699735180555466
0.0162012180332849 0.0174876015770787 0.304279010717468 0.47467384093974
-0.00302280451242323 0.00387719249171979 0.384303579309733 0.0757984247381636
0.0070511103661909 -0.00166336599526564 0.194727968269121 -0.204987729717904
-0.023998933700464 0.00974301247830697 -0.178784679965448 0.141153414421428
-0.0101171784980789 0.0114292365567738 -0.292950237467033 -0.0769890773629664
-0.0119712442689118 -0.00685439489245881 -0.271178702971998 -0.402403415156901
-0.00614444125319454 -0.0120145939137875 0.233320727297586 -0.591398639193175
-0.0151502794123312 0.00154166388498109 0.801328785725335 -0.046828775599737
-0.0106571753698571 -0.0204051172466225 0.487517972704803 0.67566538909416
-0.00237705199478306 -0.0245425345141019 -0.157253304688157 0.559887963547296
0.00913722014526884 -0.0306691341610323 0.00950694191434431 0.0929049976406229
0.00197987625516918 -0.0435782967122652 0.350919517269792 -0.370429094355409
-0.0150735346747157 -0.00227672806148344 -0.174283868876668 -0.872138519296504
-0.00869732434953468 0.0218024426452099 -0.947041077701704 -0.302100934141499
0.00820168580782398 0.0173872194674423 -0.557319267416378 0.595527153884694
0.00139084263617154 -0.00561409524708125 0.148547888269205 0.535767969492612
0.00161199845289939 -0.00593768531324084 0.369262487564946 0.129039355450871
-0.0151211740020811 0.00554786970648513 0.221264079011195 -0.196954917497008
-0.025168575087017 0.00699228827437909 -0.182237228382716 0.136918588021147
-0.016410764077759 0.0111731158053354 -0.284358382726088 -0.0899070454840863
-0.0125802608029703 -0.00777253097170334 -0.239789537460544 -0.419592886563034
-0.0014193721853398 -0.0144025564935618 0.290514376272162 -0.567134149051388
-0.0145016912658242 -0.00205238984301424 0.811838492286129 0.0246586206630664
-0.0130843656554727 -0.0236250091171465 0.436159369204512 0.714546129841282
-0.00469667013868541 -0.0281303851280896 -0.186175285685742 0.543002839944196
0.00939413989201308 -0.0334513133367193 0.0202737368694446 0.0797441776515887
-0.0020881968103113 -0.0466633283436284 0.333348964512489 -0.398741431434768
-0.0182724845527397 -0.00313094861294655 -0.244786781336339 -0.85397247882663
-0.00446941909122778 0.0192244673977355 -0.958918768350536 -0.210835078482531
0.0158821423505956 0.0136070743286878 -0.492672232344659 0.638678725590928
0.00238383603870416 -0.00476967139292715 0.189828091747683 0.522018287703326
-0.00428413238186301 -0.00666034876618942 0.376879960048302 0.107714998238409
-0.0171290736603188 0.00224379036954045 0.2156378735625 -0.199200111885415
-0.0242111501307345 0.00462879337339621 -0.18670766622982 0.131785576724758
-0.0209579505098228 0.0109228440648038 -0.276594660590466 -0.101914689602497
-0.0106571604387961 -0.00650388156729901 -0.20322719417973 -0.434971742112276
0.00447263234668578 -0.0177601390364035 0.351226867145955 -0.53827781674442
-0.0121651262157796 -0.00591590421342571 0.815060984755199 0.108662583106121
-0.012624195631275 -0.0248547570651381 0.371121256511055 0.753587404617848
-0.00594930365322741 -0.0271036909018743 -0.216036431858175 0.527939982959272
0.00513056322853755 -0.0321348360688731 0.0305336530638071 0.0658730866377961
-0.00973082920527064 -0.042755435118861 0.308792061787415 -0.429879420494646
-0.0198570875534952 0.000306894616188991 -0.32344555453887 -0.826510631891769
3.6224862396874E-06 0.0165177336881524 -0.965496590867127 -0.114694409134096
0.0218734672397273 0.00840194190269932 -0.417780630763256 0.678685428175835
0.00300478110028318 -0.00268688101856606 0.235193937105659 0.503242742953127
-0.00862613785924283 -0.0068345238577544 0.384442184231768 0.0887505490220555
-0.0168271731759819 0.000426745068526502 0.208887726159696 -0.202135640596517
-0.0210526998105728 0.00318518645132668 -0.190042305762329 0.127672853162941
-0.0244446085743865 0.0108148260340791 -0.267447432371832 -0.111956050137614
-0.00772307602195503 -0.00327595061006527 -0.166956306188037 -0.444760434552846
0.00985856246853246 -0.0180604795495507 0.405003125387501 -0.506821081872776
-0.00860140162953068 -0.00866263730542172 0.810900702466664 0.180516735902238
-0.0103595786079413 -0.0220950181559667 0.311477313972649 0.782106105948272
-0.010468436060575 -0.0213584182280674 -0.243760450020761 0.511730569955959
-0.00224468332921361 -0.0251925811469987 0.0369618030740957 0.0538400452782976
-0.0167981688465385 -0.0348919062679442 0.285544299535601 -0.452796002815978
-0.0188059528103094 0.00480105379497115 -0.387731030349043 -0.797160717802135
0.00328789731932284 0.013922802831931 -0.961780174133047 -0.0323041747698435
0.0253003171301781 0.00411093957811503 -0.349211356825208 0.70532197842885
0.00592493253542098 0.00153509969598974 0.274241662718055 0.485077993436959
-0.0113644702143105 -0.00440210285834238 0.389699601671236 0.0722456261541132
-0.0146690601991545 -0.00180309362685304 0.20287402050737 -0.205538812917877
-0.0168110414279272 0.00252520984001482 -0.194243210970082 0.125113363748698
-0.0246288973035752 0.0116771082220516 -0.26276429289226 -0.116239714671154
-0.00438804547458111 -0.000498599032958759 -0.139923883416776 -0.448873745056628
0.0143837330770715 -0.0185258733568791 0.443489355214895 -0.482323208446976
-0.00325008951673845 -0.00981250201774501 0.806030373199521 0.230464251086403
-0.006641535530321 -0.0167387033965754 0.263991984813314 0.799618119702194
-0.0157784058058392 -0.0141483894364743 -0.261953858319687 0.497551573938682
-0.0121617039538886 -0.0150164328795761 0.0403986328793792 0.0452791757566055
-0.0218058027810144 -0.0236158447675146 0.267191706481119 -0.471395554814667
-0.0154900705995611 0.0104203012484219 -0.435612300508323 -0.77404386706507
0.00591882061870708 0.0117775038335368 -0.954383853760809 0.0284285610763331
0.0280584164628281 0.00228775841980467 -0.298169196077842 0.719937661260573
0.0078417713469344 0.0063590514162356 0.303845144784742 0.471436295055089
-0.0130893180768495 -0.00157579091145483 0.392891198195169 0.0616258746912598
-0.00956300172017416 -0.00257858470975254 0.197139944235806 -0.208264437069282
-0.0115394200731964 0.00225699656660984 -0.196150589445541 0.122782723612845
-0.0231752714858951 0.014345424659144 -0.261372917155694 -0.118182147356272
-0.00186175080115264 0.00341297711111322 -0.120411125996975 -0.450010331241627
0.0162026313982549 -0.0168536392205118 0.46934422260487 -0.467511292434747
0.00052065981443938 -0.00933114023631562 0.801120842310588 0.257924072372382
-0.00304301131579088 -0.00931837657071103 0.234407615934131 0.806451014232183
-0.0215243789410552 -0.00211724067666355 -0.273362090657273 0.488852325581813
-0.0224704919710142 -0.00347127379977756 0.0392012445872853 0.0405999721498358
-0.0245010165762217 -0.0100051135038964 0.253550034088691 -0.479609697392083
-0.0102165566838801 0.0153413966673449 -0.46085286191735 -0.75991069078801
0.00881818853753496 0.00902805318184843 -0.950729601467759 0.0561301718588038
0.028894572807313 0.00109420917400883 -0.266777924621708 0.7270224965886
0.0107086214458841 0.0106825630282977 0.320466122412926 0.464279668512855
-0.0114149225441398 0.000346351148286834 0.393905882056433 0.0576244822759095
-0.0048856920744858 -0.00347121329103614 0.194554619938529 -0.210379679541506
-0.00609427704140221 0.00387326959147083 -0.196444152678103 0.122556919838021
-0.0195052326438571 0.0174607805907419 -0.263311299658043 -0.115540084323816
7.97933695412404E-05 0.00788250304449795 -0.116691567365869 -0.445236761080568
0.0155936513988729 -0.0160772722238149 0.474204513621405 -0.470638054151207
0.0035049977039867 -0.00895345073853195 0.80130158375712 0.253993570715539
0.00108860362910059 -2.24422627579032E-05 0.232705301291263 0.80551378585657
-0.0270136946657746 0.0105032215823513 -0.276516916482711 0.490300121743523
-0.0316308461690073 0.00872788772585727 0.0360286956573191 0.0413611342445853
-0.0259580549130005 0.00252751041975262 0.247607551615506 -0.478933949009469
-0.00376951154544062 0.0204225740383359 -0.464880760095562 -0.762404469565562
0.01040193058241 0.0100413446023607 -0.951354634484562 0.0532743052603771
0.028431102501543 0.00232247346480763 -0.264727260815347 0.723658425824362
0.0146330856710158 0.0145559726384586 0.325877905741403 0.467639444302671
-0.00741865626175372 0.00296297030561684 0.393330026485469 0.0596888106300908
0.00247432867086354 -0.0031190685800527 0.193174940342238 -0.211712315932403
-0.00109436398491277 0.00607058251165428 -0.195416484495305 0.12583492642762
-0.015621504753486 0.0207620089893911 -0.269094763078323 -0.109093464407869
0.0010424199894797 0.0105382270795474 -0.128312837354725 -0.440434574390242
0.0117829487241387 -0.014870220080737 0.457468318801016 -0.487099711968373
0.00560252596046272 -0.0062416042667365 0.808336090584374 0.220295884472846
0.00561423679550175 0.00746408535975926 0.256193526036089 0.792284517081487
-0.0300899888246988 0.0233186393432814 -0.26896379010293 0.497756293455668
-0.0387918779167498 0.0198149433642343 0.0282873670856489 0.0477854016251988
-0.0256741559275094 0.0153331191194629 0.254441732142246 -0.471633365707954
0.00304822860864183 0.0259298929319131 -0.443840900546706 -0.777438143156683
0.0123047402976328 0.0117370411685835 -0.957271139476128 0.0189638194803545
0.0267460608295793 0.00563598085275821 -0.287708062087608 0.715293032863886
0.0160291318063827 0.0176436243197045 0.317499266100376 0.477405046049491
-0.0032509340011705 0.00484484033409395 0.390910959211912 0.0704618576503188
0.00773582406560906 -0.00121388740153571 0.194578102800161 -0.211923267992747
-0.0236265492784846 0.010590649658832 -0.179071685414127 0.146883142870704
-0.00938690128746614 0.0123027840213997 -0.298366690062734 -0.0721791308667864
-0.0128514581871432 -0.00682714296891941 -0.280667311301381 -0.402238129885326
-0.00699503397661259 -0.0113470127552583 0.226660896952948 -0.603216197766911
-0.0154123592532018 0.00211048608126491 0.808138106705461 -0.0613494044649859
-0.0113574279864269 -0.0208170546987445 0.506460143219379 0.672657091843703
-0.00340329461603298 -0.0242628697002273 -0.151147972255044 0.568494703133799
0.00883251116668742 -0.0317018527462026 0.0113569605059027 0.0937244227206443
0.00148072537762567 -0.0435436442978574 0.348252561491025 -0.379714548516939
-0.015054162121531 -0.00259119287868898 -0.188871814400665 -0.88077233112346
-0.00784884907419627 0.0223165639578401 -0.964093383461935 -0.291612729110265
0.0092380236665309 0.0178018688978626 -0.553597327352034 0.612417913110774
0.00170792861375165 -0.00532616233963142 0.159306219822825 0.540504230467538
0.00135898378444149 -0.00586206133563949 0.376612174779332 0.12353352373554
-0.0152095283845295 0.00525935585792597 0.221668118466852 -0.203776876092933
-0.026035515638267 0.00745992982724524 -0.183277956837088 0.142697180224386
-0.016395903662624 0.0113053056993411 -0.290981390352031 -0.0852435978488141
-0.0125524443768294 -0.00788580816345404 -0.249706831370853 -0.420105254939561
-0.00216105486287909 -0.0150765475739433 0.282549943322135 -0.58129901901734
-0.0148466692012118 -0.00196517075320465 0.822617824986846 0.0119731135136569
-0.0138782783098899 -0.0241095356746555 0.45459103422259 0.715776945032328
-0.00455557830144667 -0.0290346369639843 -0.179382046268501 0.554070560588375
0.00906382315512665 -0.0337467382891716 0.0222220119804826 0.0810990285320115
-0.0032947095456993 -0.0464121446582361 0.331691818372102 -0.410039764213734
-0.0178139354129931 -0.00298091839473339 -0.261775561100145 -0.860514927960921
-0.00394387013173893 0.0196465742806528 -0.976574883319555 -0.198908880196914
0.0158888392417171 0.01361796001143 -0.488136500370067 0.654872424888735
0.00195232973143813 -0.00490910941086819 0.201636691827518 0.525682140502194
-0.00459697802449587 -0.00696895450661726 0.384260415600646 0.104753190643272
-0.0177166551467119 0.00271560359934073 0.215486520391068 -0.206069083807363
-0.0245093489995801 0.00585283320166223 -0.188002788542623 0.136721427487014
-0.02090225649857 0.0115435808908747 -0.28262933613892 -0.0974912448569525
-0.0100290874626651 -0.0067128459437739 -0.211306348272773 -0.435226561856321
0.00385130556690019 -0.0175955763341504 0.34704730921432 -0.550944045832081
-0.0122470055919986 -0.00578334439683553 0.827407651011431 0.0954528473665388
-0.0130844758403959 -0.0252392845012482 0.38852288360465 0.756614660001142
-0.00686116698870792 -0.0278946686231027 -0.208939772822277 0.536501728316423
0.00430579222888978 -0.0314565447701716 0.0323467413237245 0.0665785683252523
-0.0107336894142592 -0.0429108644426821 0.307134041031978 -0.43975957473357
-0.0202915865381922 -0.000411296162062974 -0.34167062581825 -0.832037140416062
-0.000318305102310104 0.0174542458897983 -0.97944890712952 -0.099558706571409
0.0222426820257532 0.00807712263296493 -0.410825382421334 0.695793413881267
0.003140086568852 -0.00327830077109287 0.246602158350818 0.505621609136362
-0.0086516962287639 -0.00609815956872798 0.391273806751558 0.0834508288328486
-0.0169531666911898 0.000927788050892805 0.208494439013252 -0.209367632630504
-0.0222678297182237 0.00425455022500286 -0.191493775915563 0.133529640536592
-0.0239013155954978 0.0117236904599959 -0.273629496447449 -0.106771606776324
-0.00709380564050988 -0.00375807437916781 -0.175427199502939 -0.447108567515724
0.00935229174562737 -0.0188350852419447 0.401751720645093 -0.520891462127348
-0.00820377745372545 -0.00863282922698349 0.825443442872186 0.168489114527081
-0.0105962898768778 -0.0228874248986297 0.328450614581661 0.786701001174415
-0.0108410820945273 -0.0226028512444996 -0.238764833593432 0.519400893317637
-0.00291591497469668 -0.0253603500376346 0.037481675636247 0.0541923459527346
-0.0174822004806809 -0.0351212373595172 0.283135631976516 -0.462647006037704
-0.0190502758903756 0.00451624282685664 -0.405572806295259 -0.800344677021819
0.00419159988855891 0.0143925997933312 -0.973141473866408 -0.0172193312526983
0.0262654327997616 0.00404565889392537 -0.341336666400935 0.71962714189133
0.00515652310280744 0.00120915342047992 0.286792224743728 0.486530781095433
-0.0116184994378148 -0.00439933737881384 0.395909601820037 0.0660462939059297
-0.0145489036304762 -0.00115599122354023 0.201471346430001 -0.212992987512625
-0.0165272520716016 0.00257001608343144 -0.195525214379247 0.130404104250004
-0.0242508001510516 0.0130666698900027 -0.269397224975049 -0.111363065229224
-0.00413496424955111 -0.000508085921916943 -0.146962871742693 -0.452125241821489
0.0141419167799079 -0.0189669240213763 0.440063259712449 -0.497952261576562
-0.00380847800657564 -0.00980780678250597 0.819382932234072 0.218911840887067
-0.00719263462781838 -0.0171433494130211 0.27770142566268 0.804688851468376
-0.0159432831247273 -0.0126646444342305 -0.257021585231419 0.50656873040453
-0.0125317935647306 -0.0149538977156369 0.0411688403477449 0.0457009122406838
-0.0221476266325104 -0.0235269750043369 0.26300221705194 -0.479569174923782
-0.0149525554648212 0.0101712122972149 -0.453172029124923 -0.774667236078139
0.00640956595632285 0.0117416790970227 -0.965607117205668 0.0435436498821119
0.028859703605754 0.00171569496933158 -0.2889115000611 0.733945239550309
0.00826727893626123 0.00638779510880221 0.316087508734506 0.47125840631164
-0.0130799880419756 -0.00182301370562466 0.398775739716707 0.0547515501872996
-0.00985691268624563 -0.00212883885627421 0.196926127183037 -0.21534559819371
-0.0117161794355836 0.00253724109331267 -0.197410552162829 0.128884189372619
-0.0223186403851545 0.014890293005732 -0.267167441841954 -0.113505972382577
-0.00165331565978224 0.00351437544111788 -0.129049926097801 -0.452109032298955
0.0162297331679545 -0.0181657630909661 0.466471399497736 -0.482401123823299
0.000701754111866073 -0.0101326527078512 0.815773905529963 0.247629910461841
-0.00243511266498192 -0.0097272421759952 0.249972825630394 0.812398917081854
-0.0215585540620564 -0.00204843011207189 -0.271201447555238 0.499489699142596
-0.021963070247775 -0.00246911175753745 0.0413104527508018 0.0413133576622535
-0.0260605368547922 -0.00911384072778545 0.250014001529229 -0.488039813763675
-0.0094091182145375 0.0153756909200245 -0.479616975366265 -0.762608246410885
0.00941724925261836 0.00964812164259417 -0.959704875056766 0.072578896159441
0.0294021504328997 0.000795915515211605 -0.258353373938442 0.740789728677107
0.0111890901852585 0.0115423913462281 0.334097672813728 0.463781962239358
-0.0116112733709056 0.000869830467905099 0.400849348437157 0.0505414902946365
-0.0044664777556644 -0.00327778682911165 0.193227943434355 -0.218060949978256
-0.00612371057241978 0.00417356408307864 -0.196924093953666 0.127885151476486
-0.0194518246020467 0.0177648385378483 -0.268203091277345 -0.110249024070132
0.00014507226585557 0.00754847406678252 -0.124415742170658 -0.448958675827844
0.0154134573683204 -0.0168756764054364 0.471342887238902 -0.484535402529815
0.00335630000531086 -0.0087086025910737 0.817188213754659 0.244150800028634
0.000540646136878495 -0.000959491052006253 0.249050919185817 0.809398373262758
-0.02707535847597 0.0110773490567158 -0.27098457957238 0.499870519706294
-0.0316724392249717 0.00910766811466282 0.03716002497113 0.0422802625324
-0.0268520542215896 0.00295463588112094 0.24344594914581 -0.486943568877615
-0.00324698995220492 0.0205244738797418 -0.480670844128197 -0.764774942565296
0.0111349191760082 0.00930754476576144 -0.960861086943991 0.0700782492953477
0.0296513615286271 0.00221364682110007 -0.255547641615979 0.737064979355767
0.0146818557826309 0.014729220009397 0.336362719633462 0.466397699262558
-0.00792024474154073 0.00271831168461143 0.399213957974391 0.0536265826445883
0.00214850400729158 -0.00272552533734849 0.192057893998521 -0.219275508674593
-0.00103614388464808 0.00613464913999721 -0.197478262198217 0.130717789123056
-0.0138034696356383 0.0210785387430512 -0.274979957528741 -0.104651940421182
0.00116668090008824 0.0107731649471041 -0.135738264712124 -0.443079107802908
0.0115906325663731 -0.015375976248468 0.456340817132628 -0.502648573534505
0.005758137101889 -0.00632168779302165 0.82217113111487 0.209043044061882
0.0056835037218706 0.00740651276850842 0.273455941500013 0.797725658027919
-0.0300950450036285 0.0240091911810386 -0.264678706901185 0.507947519048356
-0.0383833091120034 0.020792072801432 0.0291771427646186 0.0477642613094644
-0.0254119417406658 0.0146427152376676 0.248991104034148 -0.479455970021324
0.00320080242304685 0.0259729709755707 -0.461985039324085 -0.779233331501876
0.012686675868527 0.0116150033165585 -0.968670711896845 0.0372114477643998
0.0266341379071279 0.00528131205785849 -0.279522280395023 0.727658023634597
0.0170937680743017 0.0176233212488044 0.328694358998247 0.478070161459331
-0.00305975018286808 0.00418376397552747 0.398240915763629 0.0646631053518648
0.00770736680124899 -0.00185726230928519 0.192953542905442 -0.218377303638689
-0.0233187126580236 0.0134240977997035 -0.162109515401071 0.167630287040744
-0.00951549370935385 0.0140195276793359 -0.306458081336544 -0.0347263961369859
-0.0152270252012604 -0.00644999304682645 -0.323862849705418 -0.368748561724317
-0.0101003575265874 -0.0155637081259189 0.160749190205351 -0.623371355476194
-0.0106113996542553 0.000421420279910437 0.7976345881221 -0.151023697813071
-0.0138965291584414 -0.0183330555129708 0.582698210984384 0.612860686689074
-0.00431448957269472 -0.0236842562298195 -0.0787820602632692 0.588475907416585
0.00644561272140807 -0.0326853087139673 0.0221191339017392 0.0939309954719294
-0.00336246325590089 -0.0429889712017042 0.300716875759806 -0.426892890557961
-0.0131546542207166 -0.00292844648582559 -0.30487515004389 -0.856653300747625
-0.00709538294563352 0.0199739051489397 -1.01098537893101 -0.159869671867758
0.00866461223696131 0.0115299580820228 -0.470528303961515 0.701253754336272
0.000800552530476045 -0.00824699910222335 0.237203457778957 0.522739323881127
0.00128404097917587 -0.00662408580081444 0.39612204051149 0.0688961689880064
-0.0141382124518037 0.00735307708163028 0.192221842307928 -0.240719688308878
-0.0259417082212897 0.0128938762318809 -0.165389882535657 0.16335344769441
-0.0157120852191093 0.0136036450345731 -0.300835885915184 -0.0491819179875526
-0.0155654217837765 -0.00799573374220857 -0.295893818942738 -0.390190942788113
-0.00495571343557719 -0.0197110379167791 0.220819426955793 -0.608054230963896
-0.0104875578629294 -0.00357719320062567 0.81785848093909 -0.0779810003142087
-0.0165054551700659 -0.020883746859777 0.53575718299472 0.659731019336048
-0.00683262613051887 -0.0282462387169063 -0.110373659428217 0.578371394515961
0.00606113294258161 -0.0350011735081689 0.0310739186468045 0.0783142602687108
-0.008786698084134 -0.0461214330593648 0.278479752287497 -0.454266775564857
-0.0169718828948643 -0.00378341856006562 -0.374790277488162 -0.82910533444518
-0.00372535264070308 0.0169639327228505 -1.01121642194349 -0.0669790054501717
0.015121472090036 0.00651038400377516 -0.39850122760242 0.730849746688464
0.000930346746448818 -0.00825192979528278 0.277397542737335 0.501738879159721
-0.00502714657377801 -0.00664610046926974 0.401588798057196 0.0471286489214709
-0.0168243932227576 0.00602189644568688 0.185659802180895 -0.242952220654074
-0.0250543025366143 0.00948082659878987 -0.171521846652076 0.159485669619698
-0.0204689940160971 0.0143802727914608 -0.293451197623048 -0.0624341747534651
-0.0130452794118279 -0.00652436916172137 -0.258490429016691 -0.408994414866486
0.00108291216947851 -0.0231879123943069 0.287673252918252 -0.583537862571654
-0.00813944782854384 -0.00765478833166478 0.833718760526286 0.00292647776953253
-0.0160397137048225 -0.0227767525920227 0.476429683796661 0.706857634510539
-0.00879183164966329 -0.0266102184875249 -0.143255007814132 0.564459389105635
0.00087126019855988 -0.0322525112176793 0.0396665248339054 0.0634973403146725
-0.015506793845212 -0.0413308028853584 0.25128751183386 -0.482231536110564
-0.0187510014733387 -0.000328488479634122 -0.449640539338066 -0.788288357644378
-0.000188171704949841 0.013601603548111 -1.00192977069614 0.0353274784121911
0.0201614778605111 0.000898119976905512 -0.315048556745576 0.760487533113221
0.0015575111332343 -0.0060140979985354 0.320570528173777 0.476896995192839
-0.00916830255204534 -0.00596520779285252 0.403911319394689 0.0261015054545774
-0.0165799823596436 0.00262533707617981 0.178685650862254 -0.244182725398903
-0.0218221647616045 0.00764451113696053 -0.175738174694596 0.155480445589193
-0.0233014498830573 0.0143931607921748 -0.287419883731603 -0.0718511441549355
-0.00973426770761258 -0.00430950118919483 -0.224571187065326 -0.424558923519189
0.00781755662252416 -0.0247954854309578 0.344932474920814 -0.559329831139075
-0.00367240235136857 -0.0107927391681838 0.83817531523808 0.0758363051892327
-0.0135794691163718 -0.0205330986454368 0.417604001990547 0.743037762882734
-0.0122164295819989 -0.0204902016526304 -0.172987115408328 0.552486917879114
-0.00545381079286416 -0.0250876587481209 0.0437634410496248 0.0504178552063462
-0.0209931992390847 -0.0317117744502805 0.223025432531459 -0.502396989509009
-0.0168004402981605 0.00471802527422201 -0.511089293586455 -0.748987600953214
0.00295930663036809 0.0104228370807395 -0.983393438281253 0.117866161251766
0.0232940403848543 -0.00358451337089571 -0.241318352454 0.777160288160568
0.00437787396635045 -0.0015390324690157 0.358307407566743 0.451406007645039
-0.011748044280842 -0.00381311960828061 0.407191204275527 0.00707434992418597
-0.0143740986797405 0.000914656948266319 0.171861926156751 -0.247100754400507
-0.0174587721044848 0.00571142555925366 -0.178730402960968 0.152992616041848
-0.0238881779478191 0.0161206686452808 -0.283206223250415 -0.0775016604574205
-0.0061678906608075 -0.000580633073177806 -0.197148339905848 -0.43404489266871
0.0126992418572719 -0.0257593866523749 0.386127281203347 -0.54043125846768
0.000448810275303755 -0.0121008241047535 0.83804138803377 0.128690726263608
-0.00979656900971141 -0.015584571931102 0.370421413786459 0.767713313121275
-0.0163229298328543 -0.010543353356354 -0.19520753217966 0.539992147588051
-0.0140250406670372 -0.012946894172418 0.0458902368197026 0.0416405801963913
-0.024879549037119 -0.0195168958957257 0.201309676046775 -0.516207919742787
-0.0128151724067853 0.00830830129567712 -0.553741636714908 -0.718066191872347
0.00557241145426143 0.00775389476644821 -0.968329546701108 0.177263283487009
0.0249393606894746 -0.00638091476800302 -0.185304114246895 0.784034258602899
0.00808826283204743 0.00341626787189913 0.384431529319645 0.430280613840573
-0.0127338772735174 -0.00108285814572122 0.408911175481191 -0.00427782170506521
-0.0107294308427885 -0.000849879596718023 0.165965077264414 -0.249048368742536
-0.0114758981008365 0.00539981929218038 -0.181067515205172 0.151475014772018
-0.0220971243969032 0.0175025731995942 -0.280483133096316 -0.0802674518484885
-0.00319445722585256 0.00353452143095414 -0.177318339619208 -0.436168009895622
0.0147108496140526 -0.0248400607441306 0.415192668198715 -0.52792986992697
0.00457404744585358 -0.0120700103673513 0.837147226410922 0.15781259169375
-0.00458759996294143 -0.0077399453396753 0.342277328609077 0.778681813920075
-0.0207559938864392 0.000726520369073121 -0.209168794898674 0.533887860451225
-0.0222679142387168 -6.65393697686864E-05 0.0460314634262794 0.0379996222941952
-0.0259923401596421 -0.00601057299096262 0.1862233483145 -0.521858531296664
-0.00731236791882465 0.0131373329691985 -0.57952216845687 -0.701251820248613
0.0077734697614146 0.00628391895138707 -0.956323390754347 0.207243845284718
0.025369731909326 -0.00752405071633989 -0.153987014454439 0.785241254914897
0.0116349533019551 0.00728507407881204 0.400934388566668 0.421461137605561
-0.0104986422341643 0.0020368041265122 0.409174918335489 -0.00942400107660656
-0.00401341122985838 -0.00242606043260545 0.16362112318393 -0.250676034159353
-0.00540830847720041 0.00519620047256082 -0.180805368257395 0.151131407014481
-0.0183789200787037 0.0200246903008865 -0.28169315211154 -0.0759258368710192
-0.000578325813605571 0.00725569500012655 -0.172178191920175 -0.433282976038897
0.0142192126127817 -0.0234418512971464 0.419061607471111 -0.531550720199036
0.00853363664268997 -0.0110784561534545 0.837577372612205 0.154144240706947
-0.000350372677250767 0.000235980737091631 0.341185335433562 0.777537717201049
-0.0239882579069272 0.0146068949800474 -0.210612865796652 0.53448752096762
-0.0299918711085318 0.0128741224509916 0.0416826284705493 0.0377639636658365
-0.0249468913894876 0.00708460578030122 0.180576527611371 -0.521521889701431
6.21352058441512E-05 0.0181442808775213 -0.583384153285462 -0.701644125651152
0.00940804372166265 0.00593493818594338 -0.95953333155334 0.204595737595387
0.0254380962313189 -0.00504920483248278 -0.150959676046366 0.781229238175616
0.0152216143630815 0.0110692788406038 0.405657387128201 0.425263079210767
-0.00761333844945883 0.0037631582374863 0.408323798428746 -0.00538322694858432
0.00257908188500061 -0.00348647130700652 0.161742434420973 -0.250507659780918
-0.0010668153128828 0.00746863527488505 -0.179598392151417 0.154026720584333
-0.0138329470004285 0.023345037684902 -0.285978683990665 -0.0693086697958792
0.000451150712425105 0.0100849454243456 -0.183166427486419 -0.425254659276706
0.0104800513893637 -0.0219937610750503 0.401013702078829 -0.546651534840364
0.0106808854702338 -0.00895516006213479 0.841123066989973 0.117553337777983
0.00569540831616273 0.00866523845245118 0.364123877136453 0.763074901773271
-0.0255856204616897 0.0274393902933025 -0.20033451075716 0.541841768218471
-0.0362660202923079 0.0258326958657226 0.0356442107362142 0.0450000700808455
-0.0239462222514101 0.0194774069263232 0.188034699630427 -0.513952967401397
0.00672959028979791 0.0225177578721014 -0.566236885804059 -0.721135487181817
0.0126595166635614 0.00723627018182462 -0.97057141405637 0.169831228208042
0.0232481741795375 -0.00209199849395973 -0.17812729696612 0.778201164010085
0.01761779847533 0.0125293867945221 0.39816044368656 0.436653950802161
-0.00205592301143097 0.00391393445321587 0.40789684965138 0.00606148662382372
0.00787174732223054 -0.0026218126846097 0.163939269319348 -0.250265750348899
-0.0230286277988152 0.0152473549905687 -0.161340926780187 0.172811776930483
-0.00764609938696036 0.0151845934462378 -0.309933712206788 -0.0277637705326839
-0.016190791619299 -0.00635084046104616 -0.332545255678353 -0.364120800288607
-0.0112294470038258 -0.0154444750078717 0.150542778990473 -0.630330734296142
-0.0110006941587567 0.000867227699526323 0.801991574644672 -0.168368967435442
-0.0143193292044466 -0.0179612617440028 0.598371051728572 0.60537271233873
-0.0048124673902968 -0.0239373728758504 -0.0681218712648928 0.594502287765843
0.00559501328267914 -0.0321730332487346 0.0241668804953285 0.0948187094411299
-0.00476624616649916 -0.0428655224893281 0.294350694866753 -0.436482027716404
-0.0132823371484925 -0.00376214516876257 -0.324329705352119 -0.857102657904724
-0.00626842552010072 0.0201922253660752 -1.02114539397238 -0.140007435954099
0.00943434384979084 0.0119678574736677 -0.460520042453564 0.714115872076893
0.000436347604053416 -0.00842026298127396 0.250616500077431 0.522945791894372
0.000895441322814336 -0.00659733424176144 0.401416139625116 0.0615274960575389
-0.014940411664807 0.0090927229506126 0.189860962036519 -0.247305448142496
-0.0250058863756616 0.0131696611960448 -0.164297277867138 0.168853460186996
-0.0151325511604508 0.0154531756360552 -0.304429241522248 -0.0404269137714875
-0.0155339173851704 -0.00712977363476954 -0.305731760300556 -0.38624952896888
-0.00558345023025458 -0.0200013624375699 0.209224258629161 -0.615000148009266
-0.0104145756066318 -0.0035277911578542 0.823256070110052 -0.0974261013726728
-0.0174389303970005 -0.0204050842200607 0.552507171764761 0.65301790576685
-0.00669685895558912 -0.0276938749873545 -0.0984528593230391 0.584083503623229
0.00518633696475115 -0.0357834528631871 0.0331949411478973 0.0791134673725972
-0.00983760623874981 -0.0460558037916041 0.272687106452786 -0.463862313474098
-0.0174514032236961 -0.00337727182241995 -0.392083441453032 -0.827607852823181
-0.00313038932163388 0.0175047826119759 -1.01825002564864 -0.0459554924615332
0.0157907551279693 0.00616821898715924 -0.386536450323286 0.745744429074416
0.00104778249703452 -0.00828701769094367 0.290887060026411 0.49962026287542
-0.00519946264846619 -0.00669628959737383 0.406065996614246 0.0390661856845597
-0.0168022856117204 0.00681009374747702 0.183502900107413 -0.248905000974513
-0.0248793196412291 0.00992012953041582 -0.170537707747219 0.165951420461966
-0.0203601706956189 0.0146861536816221 -0.297519160261061 -0.0555300629956896
-0.0133984576296945 -0.00595585058863061 -0.268810437884667 -0.406503247774395
0.000486742773073553 -0.0228219923868676 0.277804869761033 -0.596092589895475
-0.00826677434104273 -0.00718340834687069 0.838567827884296 -0.0130605646511231
-0.0170024922970476 -0.022080463760032 0.492548328978386 0.703020898588737
-0.00916002504382206 -0.0267819556660617 -0.134337473984555 0.572308906587796
0.000781451205449313 -0.032641545383393 0.0399965805257585 0.0634736519933519
-0.0163212040368009 -0.0412314980013389 0.242702829677959 -0.489088768942156
-0.0189264700630678 -0.000777975778285643 -0.468734853612256 -0.785182837520825
0.000785245599927723 0.0139681276752934 -1.00573280658151 0.0541241903751802
0.0203579644050055 0.000275732451613962 -0.302691291493408 0.773252078886767
0.00162583693955114 -0.00597637787430197 0.333410490805827 0.471134431869396
-0.00956443377001239 -0.00550178973770451 0.409413927300702 0.0172889933335399
-0.0168757803328573 0.00351726670563673 0.1753192990384 -0.250654063031117
-0.0222307458755283 0.00809956407859012 -0.174827362211965 0.161601997514422
-0.0229823028432308 0.0156597134190649 -0.291048241797885 -0.0658520787707488
-0.00992373175911411 -0.00407044345771569 -0.233015763612876 -0.423285745210217
0.00715420850350642 -0.0260248633486445 0.336780294607595 -0.571529969613431
-0.005003479864405 -0.0104409005819598 0.847359497007716 0.0578609059370376
-0.0144914768818856 -0.0207214037965289 0.434955431517837 0.741524853715575
-0.0127040410566283 -0.0208969180056111 -0.163619989754595 0.557116327554329
-0.00580834665831613 -0.0246728177361868 0.045906503637179 0.0512835538393186
-0.0220485680823708 -0.0317357868061123 0.213607257213643 -0.510317652807463
-0.0168932305110402 0.00372138822196096 -0.530171318791416 -0.744711947667014
0.00368440093928346 0.0100871350617513 -0.987770816459003 0.13881869575348
0.0232662864342375 -0.00415507200193403 -0.226022137128786 0.788874123435742
0.00428836057864218 -0.00173793036551961 0.370256976878488 0.446568787090304
-0.0126514868550579 -0.00333463489466608 0.410256563989443 -0.00209576798840224
-0.0138853978124256 0.00147438096158966 0.167917511625987 -0.253159889338986
-0.0170666574341621 0.00675498872145678 -0.177686560040277 0.159339188095244
-0.0230346742503754 0.0168559621850317 -0.286278625607904 -0.070981271853453
-0.00563684603608357 -0.000483265383688077 -0.205427089146227 -0.431188737872866
0.0114258300613622 -0.0260927733618161 0.377454686616173 -0.551853642586613
0.000129404440451676 -0.0116946610528519 0.8466413450148 0.111040475014571
-0.00973372715680357 -0.0156394902644077 0.388231438697258 0.764361724968826
-0.0168936658902121 -0.011123155434658 -0.185163558197474 0.547393846230248
-0.0135681662204363 -0.0128421786903897 0.0475423432991415 0.0415642439854864
-0.0251473474201661 -0.0193438130021511 0.193335219301746 -0.523703430059232
-0.012980469258066 0.00887835221876221 -0.572595860933887 -0.712349743847441
0.00635778993816885 0.00733314282713172 -0.970045946257016 0.199516729370898
0.0251929790195806 -0.00693809754073497 -0.171530340785029 0.795260853208166
0.0081669054573427 0.0026695406182207 0.397794204481023 0.428127093075305
-0.0131028209731928 -0.00034082442561298 0.412085294762141 -0.0134685707469602
-0.0107878034290781 -0.000428398664295955 0.162478816757581 -0.255072138717369
-0.0109698807688814 0.00602268848842531 -0.17988204835779 0.15788855496064
-0.0211263935386787 0.0186198745949005 -0.284198959587717 -0.073431419574961
-0.00265765473782466 0.00274406086551802 -0.186944787537435 -0.434465623818486
0.0145752105400191 -0.0248332613318187 0.407188353027486 -0.542815247870111
0.00490210935641844 -0.0116885045456679 0.8466796982721 0.138569638423253
-0.00511804504651165 -0.00833199441164121 0.359884065853368 0.777240035113855
-0.0202159373572543 0.00185323951313849 -0.199799404492047 0.540419076148147
-0.0218714039208612 3.23425781026442E-06 0.0464862799051686 0.0370169935898943
-0.0265793219176158 -0.00476459033618796 0.177018855533248 -0.529345498580232
-0.00663232174250443 0.0125744149478574 -0.598873689739756 -0.694945771270155
0.00794037203171271 0.00631828964382078 -0.959861668264852 0.226754336477389
0.0257119893024475 -0.00703217823210184 -0.138468683381655 0.794365558801437
0.0116774719816996 0.00671680943934059 0.413745216194095 0.416173817291968
-0.0105642046442907 0.00202720041354557 0.411701883027384 -0.017968823979227
-0.00436962130477192 -0.00243997891644956 0.159803627472568 -0.257175328359859
-0.00574579697574957 0.00580902339220507 -0.180190515240206 0.157821750259421
-0.017291832870272 0.0213332281019475 -0.286043735790174 -0.0699078165178346
-0.00037718394920917 0.00696403201479212 -0.183061635699222 -0.432558515269393
0.0135192876975644 -0.0238385427114833 0.411535941043377 -0.545501457556128
0.00848135934789322 -0.0106781793361449 0.847193365715277 0.137126232165819
0.000421687697398617 0.000798019613439151 0.359063251807423 0.774635086364563
-0.0242449460991375 0.0149273228246479 -0.200844398830688 0.541535160670473
-0.0306678603682518 0.0140569755202995 0.0432583270792087 0.0380129735411554
-0.0256663558205968 0.00849165716768977 0.172657053012049 -0.528010608076815
0.00044620164618909 0.0175847059239699 -0.600311287450601 -0.696694617913246
0.00981437250269348 0.00543634566503993 -0.961722508481623 0.225483112137178
0.0253648528725719 -0.00585394023245916 -0.136108819541488 0.790449709273838
0.0157307525409684 0.0100094432278406 0.41875680428139 0.420700640698139
-0.00727341753000531 0.00332680896360649 0.412121689089195 -0.0156497227650525
0.00198088216679525 -0.0023262163078959 0.157310483904382 -0.256583670573113
-0.000341148257455346 0.00798661598714029 -0.178501523403033 0.159851022138383
-0.0127983908793528 0.0235344230288047 -0.290037467881471 -0.062434286097756
0.00033512787936546 0.00919093221928552 -0.193443342463173 -0.425157555992037
0.0100596639331988 -0.0218517194105605 0.395018299762238 -0.560347746772722
0.0111488997447123 -0.00959443911478979 0.848394793536265 0.100756234552764
0.00564336690949677 0.00855639156979033 0.383748757625512 0.761108322674721
-0.0256107693848147 0.0277784214846446 -0.192496443529475 0.550125499540021
-0.0352096533527165 0.0268330563486827 0.0366212339986666 0.0452665908601604
-0.0236533178442202 0.0195780621829568 0.179254691415313 -0.522462963268756
0.00768777977736586 0.0215798632539006 -0.58518648941842 -0.715412454766032
0.0121882871031655 0.00701116948576152 -0.973879695646703 0.193436499433612
0.0240689408739752 -0.00217956127405253 -0.163124182448349 0.786768394569123
0.0191347045656667 0.0117745476487411 0.410689540464516 0.431985818277635
-0.00234179904006002 0.00368924368431824 0.412343526976082 -0.00225754358620417
0.0079767083161989 -0.00193011649140442 0.160021445874783 -0.255486168812785
-0.0225333301573532 0.0168562533404989 -0.158972030076588 0.178125043386756
-0.00819325494215975 0.014930027274673 -0.311671485553323 -0.0189943812200569
-0.0160656987344434 -0.00586007970929449 -0.34213893211949 -0.358260537694692
-0.0121525215806717 -0.0156070887169644 0.135595812960836 -0.635099363563979
-0.0113738937716154 0.000748307037741424 0.798967545739765 -0.186472002736563
-0.0149816682505654 -0.0188122661549666 0.614560317105191 0.592615461026663
-0.00522539695239365 -0.0236929515538961 -0.0560774719014958 0.59844316004292
0.00522556258347512 -0.0330428597304121 0.0256168182931222 0.0944793810598703
-0.00579669859018589 -0.0436733012711248 0.284708699626725 -0.444364423842729
-0.0136617936606914 -0.00389215536378636 -0.343095600365091 -0.854428012988573
-0.00610854160958796 0.0207683194192058 -1.02744048391985 -0.118447029118108
0.0101427576287955 0.0117767714604235 -0.44605540648184 0.727893676383433
0.000521194670108438 -0.0086092564994354 0.263052215345274 0.518342823082842
0.000192578646044935 -0.00660678125033626 0.404098943828681 0.0515297619062496
-0.0145120066095118 0.00937141998375519 0.185085135047312 -0.253735884016833
-0.025330575154165 0.0146585624916368 -0.163139839903817 0.17422650638811
-0.0145107077708841 0.0154311690006673 -0.306855944926099 -0.0342221726118725
-0.0154512707550381 -0.00634295311087014 -0.314340965684407 -0.380835241746497
-0.00681332813482143 -0.0199067716804241 0.197235360667452 -0.624682174507124
-0.011155049229344 -0.00314514417537695 0.824994558720663 -0.116690450230937
-0.0175510106955052 -0.0211498358048798 0.568520700935933 0.64275334473859
-0.00793841946522263 -0.0285944907146041 -0.0858609201837839 0.588623308140932
0.00438148350923071 -0.0352539973195732 0.0345500791765684 0.0793971213616718
-0.0108532799465837 -0.0453872969438069 0.263833343719063 -0.469244051144539
-0.0173665880569517 -0.00356632889047935 -0.412036228371698 -0.821030298262824
-0.00330650726767081 0.0170949577202226 -1.0227931030186 -0.0238318801773959
0.0155236500791593 0.00539898434535419 -0.371916678561322 0.758245687976405
0.00094190730841662 -0.00849244304499802 0.30303367810102 0.495827946226307
-0.00532595580881066 -0.00688898620646458 0.40780271343555 0.029333334241739
-0.0161010965076282 0.00722679496010637 0.178632787995669 -0.255497252396807
-0.0250232472497311 0.0107438642657101 -0.168006072568425 0.171145120491459
-0.0190414534590209 0.0160474291750329 -0.300717717427076 -0.0474963682677246
-0.0134272516178674 -0.00618092048752612 -0.279237100652601 -0.4014774758732
-0.000398641393922229 -0.0240186633314552 0.26617054449303 -0.605589257225958
-0.00857091272025659 -0.00703321777730337 0.841654571453321 -0.0323687668637374
-0.0177656632751457 -0.0227089198534828 0.51119102064242 0.692852495361953
-0.0100784987752967 -0.0268947682121098 -0.122422458093649 0.575802849384315
0.000453850880339166 -0.0323874236725669 0.0417984899438981 0.0631740907804418
-0.0173462150353317 -0.0406796639442252 0.233624399200917 -0.497180529382535
-0.018189655223664 -0.000365991081222199 -0.487398617004677 -0.779664889466095
0.000373390904337461 0.0140345255040461 -1.0095417232374 0.0781355374267186
0.0208025459389896 -0.000233994054871178 -0.288896553317224 0.783976635352999
0.00153518850911546 -0.00614177479778019 0.345544541175773 0.46667705694469
-0.00971927020551521 -0.00556578968642676 0.41144025300168 0.00724070700948169
-0.0166287557476023 0.00397340682401332 0.170967369997118 -0.256663539576245
-0.0214630373159896 0.00920769698835295 -0.172130227777493 0.166808732955514
-0.022075405541003 0.0161415254311684 -0.293319979665062 -0.0580736104350777
-0.00928858029537949 -0.00403371844040238 -0.242188110696079 -0.419164736327387
0.0060172345047426 -0.0252841556381355 0.325407456446622 -0.582725650854755
-0.00427979467341365 -0.00946028912507116 0.850849389796261 0.0385987304359155
-0.0152433666289761 -0.0208139137165701 0.452700076271023 0.732162931477611
-0.0137824922294712 -0.0204143930187911 -0.151815672237486 0.563846735445249
-0.00590491221640722 -0.0243182099292112 0.0463824547281961 0.0499692520821438
-0.0230289723629434 -0.0316251347361919 0.205818269070526 -0.515447733170496
-0.017197444536117 0.00454269438467847 -0.545286908010124 -0.736000605636151
0.00449703611830055 0.0101731328307865 -0.988266223815839 0.161177277812196
0.0231348324323694 -0.00427387901296502 -0.210523985453321 0.796648167934499
0.00454771275946452 -0.00213326091755236 0.381286183552907 0.439087243956714
-0.012506226846212 -0.00292755358964663 0.414582912450698 -0.0116908543991409
-0.0146331388576646 0.00232526527667875 0.16374014656413 -0.259269594586551
-0.0164992130135658 0.00716254986594632 -0.175271132729964 0.164503847960963
-0.0219659894048374 0.0171835986226041 -0.28938841370219 -0.0642065161266352
-0.00574946376737531 -0.000880034431333763 -0.216271731239256 -0.429460145975398
0.0115019898106456 -0.0261010634926 0.368398983691243 -0.562522057784296
-0.000461069105773513 -0.0125767637212847 0.853425324787205 0.0927439462019712
-0.010823169903382 -0.0156016457981852 0.405307884270858 0.759842789168097
-0.0165229613995612 -0.0107029195400932 -0.17406714578298 0.55467260794596
-0.0139240883563961 -0.0126549549903021 0.0487050065780606 0.0406940592166111
-0.026333267490061 -0.0187941106542407 0.183496564513463 -0.530539087472324
-0.0131676642551903 0.00766560693699198 -0.589973343600575 -0.700666890005143
0.006339454883609 0.00840574085583757 -0.96980407871649 0.220909475099527
0.0248505970744881 -0.00768944950449969 -0.154184391925735 0.801448501498425
0.00839179936389479 0.00305213946630736 0.409328181949583 0.420020030478971
-0.0129711453776798 0.000150021252769309 0.413359451207209 -0.0223562453777942
-0.0104642664601416 3.52595877645655E-06 0.157922059300347 -0.260810299317502
-0.0108067361244186 0.00665242063440473 -0.177915807057316 0.163413099784375
-0.0208649885292286 0.0188030047984565 -0.287101796232456 -0.0663251162686282
-0.00283468699699789 0.0030943191566743 -0.195899993605106 -0.432297882376069
0.0127450936468127 -0.0247568769478665 0.396258685516228 -0.554450603902218
0.00468868558544575 -0.0121873523630157 0.854591538024737 0.120944549380416
-0.0053037640778937 -0.00866374458738558 0.377688804625731 0.770568377118043
-0.0214515264615489 0.00246552019071786 -0.188246321172391 0.547818960926711
-0.0225367594193081 0.000661070064626607 0.0472661252360154 0.0364539910161274
-0.0268860605628809 -0.00483016790290029 0.166142478206303 -0.535133488765883
-0.00660021994881926 0.0130501743986592 -0.61706856755084 -0.684609672829276
0.00881545038454371 0.00611349975234931 -0.957048175776778 0.249361068919212
0.0256884813322099 -0.0084034684268026 -0.120722507670507 0.80099485512016
0.0126943583713144 0.0070828666357892 0.426185857986488 0.409176282031323
-0.0113771693967694 0.00212437884905999 0.414538618989901 -0.0273537999572314
-0.00438805678364364 -0.0017354832959398 0.154352544971548 -0.261530581553732
-0.00462348121947169 0.00686260217259642 -0.177931023334571 0.163716916330824
-0.0163096209201566 0.0211931491127442 -0.28838949808625 -0.0628195766097734
-0.000448421721382252 0.00714231167973152 -0.191644615317196 -0.42926251785139
0.013082970346468 -0.0235802485998073 0.401820034366556 -0.556501898132163
0.00851281898430052 -0.0112781941762805 0.853363914803925 0.117910134848308
4.78831291071784E-05 6.32186066683166E-05 0.377451225337613 0.769361228722379
-0.0243053337162284 0.0157513092917062 -0.19067080329873 0.547033700859077
-0.0293815894325086 0.0146741567779211 0.0446126085293365 0.0376446232077678
-0.0261384555879961 0.00914018934693114 0.161060810616648 -0.533428000640616
0.000727666324634228 0.0178599904562323 -0.617544670027076 -0.687179583762659
0.0104773274679264 0.00548054006346613 -0.961379668597624 0.247649420635338
0.0251530469818768 -0.00716202655833816 -0.118661934335139 0.796803255307809
0.0157849883587123 0.0105609418935291 0.429886791273284 0.410544800121133
-0.00695560598333177 0.00399343246076022 0.413956553020792 -0.0246449607387119
0.00164754665161227 -0.00208460515819792 0.153086228923738 -0.262456813345956
0.000353923747290065 0.00830655833141478 -0.175877341990839 0.165343943674462
-0.011291198189292 0.0242318211096889 -0.292251158208892 -0.0548285403744118
0.000975972751421294 0.00932667915361959 -0.201740667228148 -0.421909239760081
0.00942269501373368 -0.0218047884353227 0.381800336568416 -0.571063617755344
0.0107054285883903 -0.00994794507718454 0.855227576330483 0.0832009589108051
0.00589279609348152 0.00856017605610618 0.399695972399027 0.753945967838977
-0.0255605371462854 0.0288056651637058 -0.181303847488133 0.554688451358786
-0.0352185996259289 0.0272965135648068 0.0374340852565307 0.0447583311471402
-0.0236449272829959 0.0200981539101899 0.168545299864612 -0.525944076602893
0.00880623507085945 0.0217311875586094 -0.599342566189874 -0.704390422813007
0.0126696952630878 0.00699707269075377 -0.973767136925955 0.215510221981637
0.023972372681918 -0.00341363386804816 -0.145073313960041 0.792902258369074
0.0185428594359087 0.0123720028197659 0.423626834643822 0.425835289871448
-0.00257062555745155 0.00464783949438426 0.414274014913615 -0.0135203646390031
0.0087532545353122 -0.00206518568730035 0.154773518205371 -0.26145879707086
-0.0219392513910242 0.0173492029839063 -0.153890033618764 0.183451141717361
-0.00727289239980364 0.0154924567735666 -0.312834451995738 -0.00985961678131036
-0.0162255790928029 -0.00531150042045386 -0.349615480638547 -0.349587828705564
-0.0123214759353902 -0.0152018309479209 0.120988036512631 -0.640025486637713
-0.0109032596792432 0.00141013371133951 0.795670932413174 -0.204870075691201
-0.0159626265953546 -0.0178426129993989 0.629638106409569 0.57745174973273
-0.00613824154737369 -0.023926819572781 -0.0422410838695277 0.59821981964506
0.00475576862773426 -0.0318582195144741 0.027633820847637 0.0943667976793217
-0.0070435487993245 -0.0432203705136367 0.277996351300477 -0.450362544156216
-0.0132156888200091 -0.00371202831343943 -0.362072532368892 -0.846708224028809
-0.00616994316794528 0.0204840325228804 -1.03122848706979 -0.0945128915364052
0.00993811041623231 0.0116266760466126 -0.428900213944304 0.738715714456543
0.000252915724181591 -0.00887537093795695 0.276213417276375 0.513451324645499
0.000124721476614659 -0.00616785347880673 0.406571874522355 0.0419752632594068
-0.0135402692636936 0.00946578450589215 0.178897392784132 -0.2590752894032
-0.0247083109297111 0.0149951905781555 -0.159590288120317 0.179935881705177
-0.0135377377728943 0.0159282460356671 -0.307512648611463 -0.0239728032270813
-0.0158885091549465 -0.00593981118647504 -0.322683985092551 -0.373655436564724
-0.00712011608041908 -0.0190265146474244 0.182897762870447 -0.629461383525519
-0.0110067068086315 -0.00225173405543643 0.820783861377251 -0.134849811908402
-0.0191112306732158 -0.0208063812320612 0.582460428193847 0.629132677533365
-0.00856018740597927 -0.0275878468287321 -0.0757839737244717 0.589982884883994
0.00406804471387886 -0.0358097741445273 0.0357389590576398 0.0788387386830367
-0.0120072722859686 -0.0451511845789378 0.253693045261468 -0.474510678350052
-0.0179101361086724 -0.00387434017555366 -0.429060439628954 -0.814194333881728
-0.0030892669883006 0.0176807592227109 -1.02416814137278 -0.00175534928366858
0.0157308707272436 0.00564471271161735 -0.356137905016262 0.766338224607135
0.00085879081958915 -0.00804799585450578 0.314605977658406 0.489872593800467
-0.00596352749305148 -0.00616218703768128 0.410696072532396 0.0203694863585035
-0.015908708584035 0.00760829936854489 0.173828437123404 -0.259674285570732
-0.0242903533067185 0.0125111978935556 -0.164796951275594 0.17612309754824
-0.0180595950439067 0.0163161644167208 -0.301731803828505 -0.0396311648079463
-0.0127029391568936 -0.00552602583306816 -0.287245315291055 -0.395281939203174
-0.00156589208105505 -0.0231741901155369 0.252333177667071 -0.609681227849867
-0.00900273444546376 -0.00703122793492255 0.84147224011258 -0.0529357344350751
-0.0189739237059395 -0.0217327600650457 0.526053912435856 0.681207762829729
-0.011119166911184 -0.0265098775216561 -0.109229033487092 0.577343794695316
-0.000176315262664272 -0.0327354602721078 0.0429199989792362 0.0628231531906014
-0.0185178862854444 -0.0403121544507358 0.224030201951987 -0.500509112273419
-0.0189053922044116 -0.000210969282057109 -0.5021850223737 -0.76745553847076
0.0012720720321548 0.0140468066816857 -1.00809236189581 0.101746433877846
0.0206889164360501 -0.00108092256977668 -0.269876165542495 0.790402877065546
0.00287375340043063 -0.00663300113249748 0.356817695005029 0.457803866425113
-0.00966890226395311 -0.00471293009437211 0.412489681080567 -0.00231932251249064
-0.0166710574428739 0.00553533092009637 0.164799571850386 -0.26217623937383
-0.0210619301464318 0.0100038248400596 -0.168397312650081 0.172112668235738
-0.0209981395757102 0.0161978651825531 -0.296128188646989 -0.0501983488653433
-0.00987470535212807 -0.00371645011139248 -0.252206829617568 -0.41390793229646
0.00523958155877437 -0.0254342691137205 0.312452739837963 -0.590228199177921
-0.00502752722005101 -0.00999460850432765 0.853864940947752 0.0205736844510205
-0.0153541167540189 -0.0203313459005345 0.470498343279821 0.722697790070545
-0.014179131189854 -0.0205128966595545 -0.14045042199411 0.566900103140949
-0.00629285592434962 -0.0235742246602108 0.0480366411123182 0.0496362455379052
-0.0238108603043344 -0.0304418912927112 0.194219844925904 -0.52033654550539
-0.0169450628668646 0.00412945313243339 -0.561337308777731 -0.725615642710786
0.00415954197134434 0.0106851247826939 -0.986510839915472 0.185047217771722
0.0235701761828708 -0.00510226547673302 -0.193873747557155 0.80094424202035
0.0051026515077757 -0.00202838720805781 0.392867622839225 0.431791000097439
-0.011826523885899 -0.00267293215413772 0.413197859523018 -0.0212107012018355
-0.0139792882507764 0.00240622821094127 0.158160782570615 -0.262801062676627
-0.0166447081366695 0.00776300922222261 -0.171992932511602 0.170251783775611
-0.02119014636102 0.0180191595841553 -0.290676196130423 -0.0547331149075136
-0.00492884392700027 -2.93253841411019E-05 -0.223816564261049 -0.423919934569612
0.00991830902601006 -0.0258643751131047 0.355389741433815 -0.572236072727887
-0.000957671844605755 -0.0123514861127445 0.856657985011501 0.0726150709208313
-0.0110008735708076 -0.0152315569947811 0.424037249861381 0.747892355967141
-0.0170340516536827 -0.0104048064598047 -0.160924045986604 0.556211058499744
-0.0141255284458325 -0.0127129162480359 0.0497840178970032 0.0405345730011045
-0.0266217308999754 -0.0180621559879515 0.170655259840155 -0.532630474163217
-0.0125103101281821 0.00804701590367312 -0.60543776185525 -0.690875693354457
0.00620238124275258 0.00783056938535433 -0.966645905374016 0.245368263966227
0.0244920421294354 -0.00785337497017522 -0.136800521706032 0.804634322165923
0.00829951716029026 0.0020320789157201 0.418713063364135 0.409993930532144
-0.0133348892997566 -0.000600955500258939 0.413873090916841 -0.0333795295597548
-0.00982666388646546 0.000358192291911112 0.151363664672078 -0.264697640420891
-0.0105140839971107 0.00645586708179861 -0.174725412213616 0.167790512427851
-0.0192467754875783 0.0199422086269335 -0.288801744713214 -0.0578757455250095
-0.00223658058890078 0.00297348233218048 -0.205508964044423 -0.428375567118936
0.0124516231626646 -0.0253459887370799 0.384213588821302 -0.564772485625455
0.00474652318328916 -0.0120168797883054 0.85667435924942 0.101996482150022
-0.00652288973313882 -0.00792393953793077 0.395337470542034 0.763025455040459
-0.021434902907965 0.00287434186490677 -0.176595873936264 0.549572464095068
-0.0214531793220609 0.00202149365500731 0.0485561859768772 0.035340754537143
-0.027320114277701 -0.00406776154559832 0.1560558362493 -0.53847325109329
-0.00635753845329484 0.0124836826330377 -0.631091317705014 -0.670164055109035
0.00840179673041067 0.0061603548625509 -0.951403216908446 0.273194868571739
0.0262377129547694 -0.00897192178070083 -0.103358375250327 0.803254535151647
0.0128743754553524 0.00602185441316581 0.433583888457912 0.399700424632444
-0.0113723669155869 0.00239842223839923 0.41420006593746 -0.0380037999273255
-0.0053134545566193 -0.00175132332074663 0.148425195748511 -0.266378728373812
-0.00499417028148755 0.00745567349880381 -0.174111253158155 0.168947076952297
-0.015266499340865 0.02173514535168 -0.290135990202206 -0.0552130986821093
2.80358276750084E-05 0.0070164300668532 -0.201463803340203 -0.425425421438781
0.0117414951075259 -0.0244803499336622 0.388377075739686 -0.566653742752984
0.00850735804664602 -0.0116032452598972 0.857084508523738 0.0988859565093613
-0.00061040263212081 -0.000136507239470847 0.393865439242578 0.76193629256345
-0.0242496091101308 0.0161651481219553 -0.17983210563807 0.551136188264151
-0.0283034665421985 0.0153346829479061 0.0446110909165056 0.0376076470075095
-0.0251513353501817 0.00974132378904636 0.151312022990797 -0.536704971294192
0.00130355383079272 0.0168072129984954 -0.632769893651512 -0.673146655985591
0.0110890003303651 0.00514500399066404 -0.954301286395281 0.270943453142794
0.02538297998044 -0.00792377964946174 -0.101731604113233 0.800664844786019
0.0165949898796773 0.00885478906905113 0.439788923440133 0.402970150658515
-0.00748985476210015 0.00434329166281602 0.415068261643096 -0.0351481294683603
0.00236897910695735 -0.00254469615651445 0.148234893661138 -0.266067091161271
0.000539074905427788 0.00908739372542961 -0.173077292525659 0.170876642370129
-0.0102834136511692 0.0244084961717553 -0.293628362109262 -0.0475082074646571
0.00185329046410098 0.00965706001549087 -0.211497916423158 -0.417097305629849
0.0084887148290309 -0.0219018804968704 0.370195539657238 -0.581219008412984
0.0101875605008953 -0.00964220287592108 0.856360151592237 0.0612409058510494
0.00546819950994833 0.00780312787080483 0.416854509772096 0.745135780436062
-0.0245576979606579 0.0298316686770395 -0.169986668702002 0.557380048803292
-0.0343647023835455 0.028194037621997 0.0390000023977938 0.0443715975724245
-0.0229725494821204 0.0219044636029341 0.15817786886918 -0.529573007709439
0.00873981479565741 0.0209988854700518 -0.617796043387274 -0.691059568060232
0.0122190218995651 0.00660749680154319 -0.969073816070869 0.237686103249984
0.0244225609522877 -0.00366509184778073 -0.128590330641271 0.796097863942807
0.0195228336197582 0.0112384794283456 0.432775493882517 0.414389236333109
-0.00212319928460723 0.0046162714838295 0.415985118225559 -0.0238412279035102
0.00858348869258119 -0.00234061607672567 0.148505258119575 -0.265884888551032
-0.0212882762443651 0.0179340941851063 -0.151440700046539 0.187372890440076
-0.00558773376035579 0.015980093889729 -0.312917970237814 -0.00173495966118504
-0.0158250403711705 -0.00472246436313138 -0.357136596854376 -0.339867526941992
-0.013247536421111 -0.0133367136887948 0.106508598179898 -0.640900569162627
-0.0108710423870351 0.0020390345389277 0.788547361812223 -0.224133635822732
-0.0164706309469396 -0.0175291826953439 0.639602422045029 0.560423849788399
-0.00692335187814121 -0.0234701914843301 -0.0282743325211508 0.596215409187377
0.0039721492721708 -0.0329278110817386 0.0290952604744493 0.0939314814102683
-0.00775655684580841 -0.0421652026606043 0.267790876969509 -0.453940539168388
-0.0139715895059283 -0.00427708047008219 -0.377657688556149 -0.837633345825215
-0.00508831106921514 0.0204295445880674 -1.02931680543435 -0.0707785791823933
0.0101621310618264 0.0111449547678428 -0.412193424251365 0.745231403395376
0.000570643812384267 -0.00882127964116173 0.28720050893125 0.507776352450598
0.000793130873523539 -0.00629152741525294 0.406797396074246 0.0315695602215705
-0.0138127714821195 0.0110434445001006 0.172586080535435 -0.262936552733338
-0.0236458692670735 0.015164963515691 -0.15552724482765 0.1840159288449
-0.0123565724033399 0.0158651292751459 -0.307756805400704 -0.0162596252306563
-0.0157842068535853 -0.00582035072065334 -0.329163711011797 -0.364843620829826
-0.00826458751929996 -0.0190014931447779 0.168279086148507 -0.631908922370106
-0.0115762862921708 -0.00215470412450491 0.817349451044909 -0.153301884575159
-0.0194402703102188 -0.0207926686217513 0.594390323607682 0.614164424645418
-0.00965645641576074 -0.0276421423972785 -0.0594408545572244 0.588591844803117
0.00394297032177391 -0.0358263817550245 0.038084447299705 0.0780852199402786
-0.0128160607584773 -0.044263829024773 0.241797079915 -0.478180466997553
-0.0175893270004816 -0.00405623038661883 -0.445350302638609 -0.80051187008574
-0.00200767114696118 0.0169210038793005 -1.0205908239547 0.0259422979635449
0.0160068724435628 0.00470066813766818 -0.337277266024852 0.776553813596793
0.000708036912125621 -0.00862464944199322 0.323876472505593 0.480372627403321
-0.00570280201502246 -0.00687653424218345 0.409651866157953 0.0110948881441787
-0.0158438901994376 0.00814247402190269 0.167192722340513 -0.26458332309326
-0.0239613552153497 0.013118459073155 -0.160413983397421 0.181260219498283
-0.0176487906199686 0.0166989589950291 -0.30159954578706 -0.0316019068667616
-0.0134640053957036 -0.00531642722541953 -0.294236890721488 -0.387839787423059
-0.00180549596321251 -0.0221541583935547 0.238457574799976 -0.613927173586998
-0.00897759527911813 -0.00623204319892704 0.837364938838348 -0.0718522261709188
-0.0197631847487191 -0.0218243962719551 0.538065717761838 0.667681267871996
-0.011497735290036 -0.0265196566701183 -0.0960780195931334 0.577356753647455
0.000279135009979337 -0.0324173906590619 0.0450202466468894 0.0631809132142973
-0.0197038628917483 -0.0397666546939006 0.212908005102316 -0.502782898818173
-0.0190623346722378 -0.000656860281474127 -0.519019413895198 -0.753996869574693
0.00155101181438038 0.0137202598611743 -1.00138945752833 0.124402768878556
0.0199294372848493 -0.000944732554755488 -0.250283130696034 0.792429199631493
0.00239381725776863 -0.00673034859950365 0.366595108136691 0.44862141353284
-0.0101818909206499 -0.00463475949404641 0.411417659395269 -0.0123611010007495
-0.0161227494758264 0.0056406661115598 0.159456028154949 -0.265813428387398
-0.020347993104482 0.0109953851100174 -0.165329482335815 0.176739078069739
-0.0202755024799367 0.0167445279810808 -0.296421918989909 -0.0420439069223011
-0.0097270140051827 -0.00356012680552035 -0.260741138731982 -0.406531240218935
0.00420031721819225 -0.024519520775231 0.297259894583358 -0.595464631502259
-0.00480130166751149 -0.0097099901619144 0.851187883238035 0.000180013134123459
-0.0164355384719403 -0.0200236925785757 0.482616916530513 0.709317992663049
-0.0148387602063923 -0.0197089622801696 -0.128864778415203 0.566912992981753
-0.0067463797402387 -0.023206058042776 0.049248606101124 0.0489354967461546
-0.024304403183611 -0.0299253214842971 0.183131805527793 -0.521590338762587
-0.0170062079733017 0.00357845909695866 -0.575658033188406 -0.708678111851899
0.00458679870998681 0.0100468946782297 -0.976678273261373 0.205992253986267
0.023184654304197 -0.00672901405129791 -0.174676444402925 0.804343456891433
0.00484695567568567 -0.0024607073705524 0.401189815507317 0.421908151464616
-0.0128553487819787 -0.00207951339303719 0.412378611759674 -0.0308874247249475
-0.0139545559306953 0.00319473410748727 0.151194961927576 -0.266424367234938
-0.0161753066672453 0.00846210580858264 -0.168579583977656 0.174540471246068
-0.020179680693078 0.0183672671586881 -0.291136690561381 -0.0475804066254122
-0.00574464017855384 0.00023989618837798 -0.231662528714304 -0.417753439380311
0.00921584621402895 -0.0259801022732996 0.341149716932599 -0.580532465626959
-0.000643424927116055 -0.0116538922393019 0.853924730785743 0.053507688243968
-0.0125042064020849 -0.0148152651394352 0.439575066286548 0.736871589853629
-0.0172438019522845 -0.009563400531794 -0.149134365128848 0.557462123477952
-0.0137146541524451 -0.0117371890387795 0.0499764474967621 0.0394951300046326
-0.0273692952466392 -0.0180790612247953 0.160436369554054 -0.534121547114834
-0.0121480483912356 0.00854845139164894 -0.619155016816368 -0.67563996597139
0.00697479762227625 0.00750869548418187 -0.956345108313783 0.265390295461063
0.0243786589685829 -0.00921773792437861 -0.11824305980929 0.805542908429558
0.008033269602226 0.00211282425885265 0.425758337222673 0.398600984847531
-0.0133546897877891 0.000910907966366735 0.412379305190724 -0.0434115051868759
-0.0097802186699772 0.000743544215115641 0.1456814694818 -0.268953817289806
-0.00980995110932394 0.00694857757428872 -0.171223183869891 0.172717016134162
-0.0177966044060552 0.0199508971797815 -0.288265654373267 -0.0503296644695277
-0.00198111906238092 0.00291112842359063 -0.21468574994588 -0.420218837255456
0.011530211051652 -0.0254481190962623 0.371449203771983 -0.570867953159703
0.00430082669431623 -0.0127424394020024 0.856478881820376 0.0811041207411672
-0.00614340929595762 -0.00848629209548703 0.412648938237508 0.75027406165971
-0.0214573546400768 0.00346778545751292 -0.162903714088397 0.553339641617386
-0.0204062170961011 0.00166587712142965 0.0494960920366835 0.0360354782504961
-0.0265886061900983 -0.00242656951698458 0.145573109205266 -0.540608010830984
-0.0056284493735681 0.0119811668831762 -0.643205778720285 -0.653621086692955
0.00881045865178718 0.00576409229194194 -0.941816534304515 0.294994141566657
0.0252143880866999 -0.010218150881655 -0.0862092826407603 0.805126482388724
0.0124740198887867 0.00540655413024099 0.443332519017699 0.386953616790346
-0.0112369806698645 0.00273599657565286 0.411999389733907 -0.0493018489305831
-0.0045518985151952 -0.00148631415079932 0.142328919869613 -0.269911513794281
-0.00360688797376795 0.00769129785351772 -0.171224998186347 0.174407577046864
-0.0148185031079976 0.0223106434275338 -0.289175576352933 -0.0466957270576884
0.000398863635114273 0.00676173457624533 -0.208700938145273 -0.420043793904617
0.0108917030735671 -0.0237786470939084 0.373219519510487 -0.573737609827382
0.00760338452243603 -0.0111826060044964 0.854564230011889 0.0782617658272172
-0.000141986627171634 0.000131816141990638 0.408658708459757 0.748834697148379
-0.0243721135099851 0.016647516133932 -0.16571401931102 0.55325490499719
-0.0277163767494368 0.0165372697507132 0.0459822217347504 0.0362043152434287
-0.0251435621623905 0.0105619045852734 0.139271407365152 -0.537449337343597
0.00222930224965777 0.0165955122625817 -0.646765000319701 -0.656525225157432
0.0111037539617148 0.00543506449570387 -0.944968797789149 0.291588013689027
0.0255930155065081 -0.00792688479383141 -0.0825493628451168 0.801422788846173
0.0164980718905771 0.00871239078871046 0.448000628093049 0.390802214304167
-0.00722971051870143 0.00407968592682157 0.413294561726433 -0.0459427105277021
0.00275901113088775 -0.00241360245466374 0.14129568200187 -0.269127026087427
0.00105988637455107 0.00876955955343022 -0.16925771805477 0.175416246409331
-0.00900304937062365 0.0246993662972233 -0.293811806816701 -0.040303966738376
0.00253958851727086 0.00958654966162851 -0.219760096415636 -0.411338737499888
0.00747979656377022 -0.0219889614099351 0.354416633984132 -0.587997049233638
0.0099024689557647 -0.00977344983457962 0.855508236556129 0.0422274526299269
0.0056896475141188 0.00725413374909585 0.431340138781076 0.732642489438146
-0.0244096052396801 0.0294488901377195 -0.155390426856862 0.558517326915513
-0.0329623901285517 0.0291781817083724 0.040012428111575 0.0442863707678942
-0.02254720417068 0.0219260244587753 0.145310570956803 -0.531001290503071
0.0088813056277442 0.020656045476831 -0.631379986756343 -0.675393627577935
0.0136279591083109 0.00648918647001176 -0.961449191535816 0.259323211186895
0.024390836632248 -0.00502184864598547 -0.108895295998593 0.798570431454499
0.0195281377398334 0.0106397769647355 0.441331054007918 0.403417612526141
-0.00185094119096571 0.00493277034324057 0.414592285233499 -0.0345788561832937
0.00901414208803588 -0.00256744909085674 0.143329241388959 -0.269928657240072
-0.0211713161326163 0.0187061916117218 -0.146953282500101 0.190908772401195
-0.00564710696584967 0.016162021048741 -0.309883590685358 0.00572134108835233
-0.0156328255591099 -0.00464527492541225 -0.359443762426833 -0.329959294787516
-0.0135861572046218 -0.0128936879305267 0.0913858878349939 -0.640355986799449
-0.0110259138987061 0.00178040942095783 0.777858618724291 -0.238314850209978
-0.0172237963122249 -0.0166210242404184 0.647237970086233 0.545120046079602
-0.00800982803238473 -0.0237169420472849 -0.0167505286495665 0.592790177782263
0.00435506540999549 -0.0321723108270278 0.0313927181216602 0.0927723639991375
-0.00875201332877743 -0.0419362378349709 0.257089523023469 -0.455453598022559
-0.014242073444577 -0.00378437948819399 -0.391575490284542 -0.822331289723169
-0.00451170761442554 0.0210924498715527 -1.02405763077517 -0.0471213947676136
0.0108973893908202 0.0105093390022191 -0.393767690440752 0.751347976912666
0.00048634786878348 -0.0094127913061403 0.295535074787571 0.497237790976558
0.00090520798571443 -0.00567174288450234 0.405153106845978 0.022774855535369
-0.0124137100642036 0.0114362761587036 0.166008978730067 -0.26550454325205
-0.0230469758417119 0.016666403824048 -0.150938166016653 0.187392548216665
-0.0111370790592364 0.0164130426146247 -0.305669330099174 -0.00845305666164457
-0.0157156931855561 -0.00556751043110107 -0.333636486913324 -0.355037480579382
-0.00876574776491979 -0.0173927972367685 0.153145281390155 -0.630166875706102
-0.010527061552412 -0.00198747838982202 0.808282947877674 -0.170031308266047
-0.0201518629371977 -0.0200694028981778 0.604275496940053 0.596364950339454
-0.00966255699117169 -0.0273436790873862 -0.0482886248036157 0.585844199044139
0.00313153946518355 -0.034816412003633 0.0392076683752281 0.0773345765719407
-0.0146190821170339 -0.0440285752400748 0.231924015711847 -0.479271324367281
-0.0176788898463231 -0.00404600217809195 -0.457913095508274 -0.785477677138496
-0.00181253906416183 0.0175170867967371 -1.01495202635266 0.0461376296615617
0.0161815073858861 0.00487819897981544 -0.317984259706318 0.775940465904756
0.000383012694321288 -0.00909414143325049 0.332774204701512 0.471309974572553
-0.00571608242674574 -0.00570320377446701 0.407236065074201 0.000967443580106276
-0.0148087309729106 0.008147896865313 0.159446920863842 -0.267093600120212
-0.0231222884783366 0.0144811639206855 -0.156551367073957 0.184023717797762
-0.0166981756952689 0.0165199236754464 -0.300449357531035 -0.0232895650306618
-0.0129718904223066 -0.00502164768738335 -0.298806792478486 -0.379228420869271
-0.00246754112084585 -0.0218527280451699 0.223672953025008 -0.61663833626495
-0.00899813649009787 -0.00597671421719843 0.830906584316443 -0.0896226539782042
-0.019469168341317 -0.0213181128335646 0.548933382362391 0.650939825104584
-0.0120899223877717 -0.0257571240402333 -0.0837125680498797 0.574946135494441
-0.000140097216554331 -0.0321001102897869 0.0454180121246311 0.0608447057216284
-0.0200083369823405 -0.0392320368824816 0.200246419706407 -0.503254698897061
-0.0184093014241992 -0.000633771690046317 -0.52950665917203 -0.739060724902135
0.00184661757572938 0.0139528947576477 -0.993033434364556 0.145073121939537
0.0199641633833155 -0.00198031694069383 -0.233685369769718 0.793246672523992
0.00169251444868956 -0.00673509669268971 0.372445070917578 0.438929947515029
-0.0102926577217298 -0.00431198583933803 0.409252530548435 -0.0227364248922163
-0.0152789133883574 0.00670428654788132 0.152102828055346 -0.267602479677648
-0.0199167413065329 0.0109415911836406 -0.160820724154529 0.181232277463639
-0.0189745930104124 0.0172807679898066 -0.29453736062635 -0.0336812135037263
-0.0101167841215966 -0.00348391830644376 -0.266042454722857 -0.398362876038633
0.00333592110746743 -0.0242933790170618 0.282291070964311 -0.599892652172962
-0.00568195948698773 -0.00935004888770724 0.845091558485635 -0.0164849347655302
-0.0170146718914887 -0.0193905117905272 0.495813377424197 0.694196108909241
-0.0146772964511008 -0.0201352905666042 -0.114297202792356 0.566145206769041
-0.00688913037838031 -0.0231797382282614 0.0494549728490392 0.0480996558993182
-0.0246138344635124 -0.029250823096531 0.172848940216953 -0.520328566781094
-0.0163691535851154 0.00334026211859554 -0.586790961592468 -0.695189889156416
0.00488220696094866 0.0104999386303787 -0.966557732231631 0.227060712617086
0.022812524053753 -0.00710922714852733 -0.155987330908899 0.804310642400902
0.00388222163965735 -0.00251824275908925 0.407164408699615 0.409788226864346
-0.0124115815966617 -0.00191850920957175 0.409586469007051 -0.0413379897388771
-0.0134898557729671 0.00386979827417797 0.145145432757496 -0.269294429396952
-0.0147458797166575 0.00878796959703016 -0.164368384883789 0.178740720173069
-0.0196467595179097 0.018186222857454 -0.290158529071458 -0.0402125387546428
-0.00510901139274791 -0.000369696325713439 -0.240038897552561 -0.410265377989079
0.00806518720097527 -0.0262316042441667 0.32779903637076 -0.582936476400019
-0.000691124094150715 -0.0123224838738235 0.850302089946688 0.0353091200859769
-0.0125157887762907 -0.0148347584960948 0.450827922681444 0.722831367492353
-0.0175946811750994 -0.00955188768385397 -0.136960838615611 0.555167261355549
-0.0139249398727591 -0.0111685057033542 0.0506467599032297 0.0381255828003758
-0.0270556514909949 -0.0163433709317514 0.148008255358922 -0.534302407828452
-0.0123211337412911 0.00758157495713761 -0.628275764481502 -0.658756705791502
0.00655821503285094 0.00756774343752882 -0.943961283194218 0.285303348189724
0.0246250074110098 -0.00948871487228466 -0.098522582353065 0.801932057924403
0.00776250728450846 0.00107240191944424 0.431834410821212 0.387506168334752
-0.0131751053149692 0.00052536434667259 0.409155648417203 -0.0531463513646178
-0.00913554128285745 0.000891442658413016 0.139064256832463 -0.271347626862548
-0.00949773425199153 0.00812763622682824 -0.166743352075511 0.176891282270857
-0.0171851703330266 0.0195318451998346 -0.28770578667617 -0.0416428589113365
-0.00119114475197468 0.00318273965532465 -0.220573614385501 -0.415345122003384
0.0108806496885455 -0.0245993206248068 0.35572166523644 -0.575236471060139
0.00412235529588173 -0.0124273976775057 0.852101201269959 0.0636355113290702
-0.00693389047593022 -0.00739372671496885 0.42389510877099 0.73602932599541
-0.0214728511683253 0.00423116901521382 -0.150715933359396 0.550429124103638
-0.0214266367879041 0.00245687583800486 0.0494535512006875 0.0347803029930936
-0.0267481192296032 -0.00204453460544849 0.132527759523292 -0.539641545501902
-0.00673132769137997 0.0126194386636497 -0.651779770174628 -0.637510092906513
0.00896098084467192 0.00564524307923918 -0.929901939527403 0.311277800920051
0.0252923543424082 -0.0104157738850319 -0.0681109227209102 0.801868363285997
0.0126109383261385 0.00493642092081684 0.448881093265083 0.373986035212939
-0.0112432277648885 0.00297920916540617 0.40890894648625 -0.0581747033461051
-0.00447824910896989 -0.00188326645842651 0.135980346451861 -0.27123315034885
-0.00326368951938709 0.00786420561570399 -0.167032716199455 0.177424717670818
-0.0132231881206354 0.0218473568513141 -0.288588293532631 -0.0388092222541658
0.000768211490421165 0.00610638710773643 -0.216249237304275 -0.412522246813661
0.0103159755606137 -0.0233150564848136 0.360746103466156 -0.579432830561679
0.00792456557124062 -0.0113787376671409 0.850845918643593 0.0580915835354712
0.000237128048296738 -0.00023681565354482 0.420955501316508 0.734268067621048
-0.0238807939071958 0.0171211491878453 -0.153895942063457 0.551160143639119
-0.027758793762981 0.0168223270196194 0.0459829338005453 0.0354241006128683
-0.0249649195412185 0.0109237163655203 0.127439996308727 -0.535766356708614
0.00108390227430647 0.0161574979850295 -0.654645976972233 -0.637674823241308
0.0103487666107857 0.00440406754964593 -0.933738636817579 0.309777449745684
0.0247003265314053 -0.00876793490973955 -0.0655412295877245 0.797766182573713
0.0176583226628337 0.0080569570450262 0.4532399496812 0.377720104514441
-0.00695337185664469 0.00480279754079935 0.4099829280897 -0.0543461439468395
0.00253054905286152 -0.00175532974880551 0.135284627882131 -0.272060355425642
0.00135407093472915 0.00888977059178344 -0.164824463347169 0.178764575900009
-0.00839817132475246 0.0241710846893977 -0.292294912654347 -0.0315119001592828
0.00259826033537617 0.00968132291382317 -0.22578679423207 -0.403351045626559
0.00704841216784496 -0.0212293621231097 0.341591391715103 -0.591749266937462
0.00950273159765103 -0.0100350100669635 0.850997290383024 0.0240434042877395
0.00554192647191233 0.0073264320417103 0.44379879557648 0.719877662386178
-0.0240069493811421 0.030193701633665 -0.143386579216816 0.5564824774805
-0.0324039269253963 0.0289298909068057 0.0406121590947089 0.0438277979192861
-0.0219074129933468 0.0227634538530313 0.134520385923162 -0.530510972825483
0.00908485477296005 0.0200185731834568 -0.638025328884194 -0.658681572963849
0.0129462859499381 0.00572922871347374 -0.949845927217547 0.276011433135068
0.0239164637479098 -0.00496430282200339 -0.0923358905409559 0.797903679403428
0.0199665277031618 0.00979979351951308 0.446268025469782 0.390975103062054
-0.00241839167551707 0.00477512203504179 0.411174342000778 -0.0439159919209936
0.0088936691443072 -0.002136827035779 0.136356205220852 -0.270989762873252
-0.0197996413323372 0.0185920567689691 -0.142426939451485 0.193802683350511
-0.0039354569479499 0.0160494913741922 -0.307548782647797 0.013975435363776
-0.0159829461967677 -0.00421826582486525 -0.361955364162658 -0.319185999615917
-0.0140334242212975 -0.0130132650480796 0.0769272336946518 -0.635999059681141
-0.0107000445506137 0.00218073413052682 0.766946299835264 -0.2524553087726
-0.0172359366899281 -0.0164809396048019 0.653230520514229 0.525367815010155
-0.00773757656193598 -0.0232539104721365 -0.00572550056089762 0.586091535301184
0.00360106024321377 -0.0315559005958023 0.0335068806666661 0.0919991025639048
-0.00961007731438032 -0.0408408482094631 0.245638498894948 -0.456411323815851
-0.0134672158538942 -0.00474719340201447 -0.402287597670502 -0.808128602565181
-0.0043499201325343 0.0202534643568118 -1.01376908638305 -0.0271403877206376
0.0105850015432729 0.0102399949351216 -0.374273654985491 0.752503323730519
-1.69883136926102E-05 -0.00904235541711435 0.302849145927417 0.487963147640451
0.000332730201417684 -0.00574007053550188 0.402551014009475 0.0139080967558622
-0.0117169197215033 0.0115335201920514 0.160422956658761 -0.267506452623889
-0.0220886957397991 0.0168889906310062 -0.146886072733154 0.190763374675284
-0.0105566925143548 0.0164684031126701 -0.303323891737836 -0.000578054579794444
-0.0154642919114137 -0.00491867042369289 -0.336068409737753 -0.344325451365931
-0.00979357144866613 -0.0172036346648356 0.138218177507908 -0.629272095129116
-0.0107892015677953 -0.0015439602135474 0.797245584732172 -0.185839448640987
-0.0204463981499454 -0.0192268820817558 0.610094549297726 0.578145999548755
-0.010208082659621 -0.0275191603993837 -0.0354375346229608 0.580725969047855
0.00302243551730153 -0.0345156700842085 0.0405642586432501 0.0766703912157508
-0.0155289173417886 -0.0430285822245264 0.221586243926175 -0.480041477529814
-0.0176180511572924 -0.00357941263556696 -0.469359886344051 -0.769995266606677
-0.00133704024929308 0.0174765997566312 -1.00257974663409 0.063273918741183
0.016000666801504 0.00374148696609169 -0.300070866458841 0.777723747551948
0.000288449592190576 -0.00945262521880243 0.340487853648342 0.458972995188637
-0.00554072648429677 -0.00611956785863163 0.404714148128419 -0.00811142850965015
-0.0149772186781982 0.00879762126528983 0.153950207812244 -0.268596452705731
-0.0220246618176974 0.0147786609534798 -0.151939024507864 0.186272094824147
-0.015497063038925 0.0171024373726563 -0.298146489074789 -0.0154117642494084
-0.0120896993393649 -0.00538087184798878 -0.302992052663342 -0.369793357705878
-0.00293146452154388 -0.0217895097620076 0.205801338324438 -0.61490712410193
-0.0082639789916804 -0.00582484042901922 0.821778025386794 -0.105115574570058
-0.0201543326273871 -0.0206143610633994 0.557376835630685 0.632825929874669
-0.0121297448311257 -0.0256618764516602 -0.0705488498619022 0.570273638864677
-0.000828402413353468 -0.0312144966717793 0.0463568147340697 0.0599341811996011
-0.020403443392699 -0.0381168008157633 0.191432925922721 -0.503093987928806
-0.0189152504242246 -0.000922236080243981 -0.539474649014309 -0.721414860668138
0.00287470731065351 0.0139440889950635 -0.980332425569808 0.163730992378117
0.0196948910329268 -0.0026638225753337 -0.214882585741015 0.79299733162849
0.00180194504184313 -0.00603582522851318 0.378733422627465 0.426589907228629
-0.010375852415759 -0.00456539920439855 0.405431144820331 -0.0295623107774272
-0.0151771974845425 0.0066982303490653 0.145176447826119 -0.26905653986278
-0.019307768164481 0.0121835683556394 -0.156566249849087 0.183234338012953
-0.0180497390889511 0.0176105580917942 -0.291896797266231 -0.0263147754905139
-0.00854711289708165 -0.00321758834593192 -0.271011966848534 -0.388840782154869
0.00259483135661216 -0.0243784665967172 0.268752792606594 -0.598937430497426
-0.00530293843404683 -0.00960848179700665 0.834836908390097 -0.0346003071357701
-0.017481102392828 -0.0191541873966946 0.503198742829358 0.677787355135141
-0.0154168945897358 -0.018766599237317 -0.102771693118641 0.562421765905893
-0.0069992224210861 -0.0232133686310233 0.0504220358652011 0.0466673393044083
-0.0250610516734821 -0.0277285241652208 0.16119677380218 -0.519317394012198
-0.0165374192796628 0.00325330960731568 -0.595057598347299 -0.673753933247451
0.00476219302447323 0.0102355870680443 -0.952120210220575 0.243700981744924
0.0222807878114184 -0.00675899228595036 -0.138903994315147 0.798556160436234
0.00526111330125267 -0.00318108851596262 0.412727904051692 0.39830431294038
-0.0129873036718739 -0.00133045519105558 0.405535221485558 -0.0498054030471098
-0.0129803021759536 0.00422003034641054 0.137827009314951 -0.270877450370759
-0.014414648389866 0.00958313148587679 -0.158994176194863 0.181383832147836
-0.0181847645868584 0.0183518347620336 -0.287964718693653 -0.0326647827526038
-0.00501740422626604 -0.000116764858119578 -0.244613204948845 -0.402644859948623
0.00791132743338721 -0.0248667337723944 0.311918487654041 -0.584471651627795
-0.00142681806987271 -0.0115555610690934 0.842998398434031 0.0154613165631194
-0.0125894761645627 -0.014661766528266 0.46281994465154 0.704526696768949
-0.0179419871137514 -0.00983301629781528 -0.125085297906333 0.552938924557434
-0.0138004089592404 -0.0117016051604112 0.051365173974013 0.0381720954593187
-0.0270943381270387 -0.0159400436436406 0.138523885023633 -0.531519740667204
-0.0123144988153733 0.00722378749273902 -0.635034811904129 -0.639837352499992
0.00691719518745708 0.00699772044252153 -0.929866191910324 0.301005775898259
0.0238998893964293 -0.0101220096328805 -0.0826337890046903 0.797719584242513
0.00862776951554534 0.00100588718530922 0.435780498631046 0.37483912310784
-0.0125974716544039 0.00118565376097302 0.405576448779156 -0.0610096736882556
-0.00853378625083406 0.00128671636870911 0.132951175603591 -0.271970422163153
-0.00870413885213744 0.00801337160559737 -0.161531094816883 0.179800467789821
-0.0162188528748686 0.020026256396442 -0.285871927440826 -0.0355293327053418
-0.0016690191058066 0.00297825009741531 -0.224435533835284 -0.406228331916362
0.0102530808266033 -0.0241190105910238 0.339999855167269 -0.578365335282108
0.00373195205778411 -0.0120480949163948 0.844856058465013 0.0443862739272342
-0.00705285957428205 -0.00801121867732255 0.433468961496784 0.722184265733782
-0.0211433926743816 0.00305567306547066 -0.140822884466364 0.547448630424849
-0.0202624376102868 0.00263925817512684 0.0498218978624101 0.0337614553612039
-0.0271580932699775 -0.00161770521907711 0.121121080781708 -0.536095654518963
-0.00564885678427087 0.0115422575163802 -0.658091283760921 -0.618291260059441
0.00933225215724639 0.0046211199074526 -0.915871881686414 0.32741915987227
0.0239577991026458 -0.0114561688225108 -0.0516630018163815 0.795031008087582
0.0125303829841286 0.00446826426071587 0.452751284729608 0.362459040410777
-0.0117785592014829 0.00365093248978779 0.404023750310751 -0.0668579787010963
-0.00330826992021144 -0.000783314266441513 0.128943323667922 -0.272858378213779
-0.00327222070382288 0.0075717479521642 -0.161782704341824 0.180696655370549
-0.0119440901478685 0.0213828653492697 -0.286348587522233 -0.0316691093833466
0.00156809990373187 0.00638758174019085 -0.221760551963065 -0.404380701107579
0.00982871229915374 -0.0227717876886402 0.344515960170586 -0.580709664522736
0.00667860456397307 -0.0111255078004173 0.842898355067591 0.0411879802542717
-0.000582414959051297 9.46749330161326E-05 0.433151956196915 0.71849223805042
-0.0232068505735098 0.0174876370640556 -0.142893065847001 0.547196869974355
-0.0261219765194729 0.0165137386817456 0.0467058111281175 0.0355448509008134
-0.0242429235135284 0.0115443404451434 0.116930858811627 -0.535351146750294
0.00161529925374362 0.0150640266568841 -0.659617591866239 -0.61998614433901
0.0111164996397688 0.00468373036576051 -0.916740115685044 0.326003241301691
0.0246776014027826 -0.00961788176055385 -0.047142133780236 0.790512381581651
0.017751719822652 0.00790931177624645 0.456773729837966 0.363956670551747
-0.00737513843152954 0.00405150557479267 0.405448144748264 -0.062088834953103
0.00379444391940272 -0.00222445751850608 0.128374071295807 -0.272298283389205
0.00207379408524089 0.0092932452504851 -0.16069613227815 0.182000362602231
-0.00703770253522955 0.0237085939432717 -0.289547603206076 -0.0245963468100987
0.0034969490945166 0.00908611539305437 -0.231272181094616 -0.396179159575166
0.00661532278868974 -0.0209769189692005 0.325324660728603 -0.593408412696431
0.00955399738713157 -0.0105111118530325 0.840930311360568 0.00786131518261859
0.00553892034858709 0.00690908100081573 0.4543822731177 0.703147522288182
-0.0230792844192675 0.0312624749971947 -0.132339578735098 0.553957617976403
-0.0306808651267642 0.0298327797728675 0.0415491610609169 0.0425244065652854
-0.0213403056710871 0.0231940037697863 0.124465250479103 -0.526805705510182
0.0100062928602752 0.0196642691325707 -0.645721737192267 -0.639168831153158
0.0130042695230323 0.00581821179763925 -0.935457725073426 0.292982783146133
0.0229136508253121 -0.00527970066868019 -0.076005502304987 0.78895330918829
0.0208496054066203 0.00951183205483115 0.45059208922306 0.377840589158974
-0.00187887722965059 0.00463389144722813 0.40613828482693 -0.0518129160641747
0.00992314202603986 -0.00277183535020042 0.130042888593984 -0.272213637861919
-0.0192580011676902 0.0200152683359151 -0.136770863374298 0.19513608737579
-0.00311677809059241 0.015391175588556 -0.303183182719127 0.020760378685022
-0.0156839664950076 -0.00423790481002708 -0.362973004848521 -0.309508482728427
-0.0142171299865257 -0.0116034083525274 0.0647919397076586 -0.628531394282704
-0.010856179849551 0.00250567664356697 0.752261771342718 -0.263590570529354
-0.0174348601129526 -0.0161407104113544 0.652712514108691 0.506518109073048
-0.00829680183762488 -0.0226197510028241 0.00371572663823318 0.578345259903793
0.00372200041284371 -0.0317111018230583 0.0346356476782225 0.0902931565352466
-0.00997056946927132 -0.0402692929970804 0.238269031010976 -0.453360699927117
-0.0138202523025288 -0.00415353602198683 -0.412005706027151 -0.792818358845531
-0.00368263058759135 0.0210633082252378 -1.00376609435699 -0.00819625637570726
0.00990784777688674 0.00915302201423544 -0.359177042322672 0.749769520052348
-0.000323481027317157 -0.00920459317929882 0.309213648367091 0.476211381577288
-0.000405463247671314 -0.00582441887329493 0.397910521906915 0.00558397220966692
-0.0116018116179967 0.0119534078551887 0.153849655583125 -0.267504754009751
-0.0214460372992089 0.0173838800513536 -0.142464608758344 0.191751691165117
-0.00980311873275684 0.0153677201012431 -0.298647227032225 0.00614948899979126
-0.0154056032081956 -0.00491741972355238 -0.337386102794259 -0.334013177509153
-0.01010990400124 -0.0160255979731202 0.125616580335432 -0.62366164842389
-0.0102719635713744 -0.00102391119167204 0.782698603693842 -0.197046440801676
-0.0206440042464276 -0.0192081576405938 0.612899660052795 0.560442758651341
-0.0105469337081885 -0.0267434982454354 -0.0260795176649925 0.573434016750422
0.00267676277452964 -0.034420471706225 0.0410157854354778 0.0760066663589636
-0.015088250169011 -0.041840250037765 0.211520385933796 -0.476490692461029
-0.0178348608359156 -0.00396361263238815 -0.474705719246711 -0.753084249714423
-0.000483138783451261 0.0170798244506236 -0.990745622325342 0.0818214415146524
0.0155133176480939 0.00262756633460306 -0.284253499948716 0.771657849829576
3.65749075519849E-05 -0.00880203543129277 0.343291526126326 0.448599309424166
-0.00641595345997827 -0.00569980348870802 0.400098781537754 -0.0151095609778758
-0.0141096578255017 0.00871536954251067 0.146744561280369 -0.268375233705495
-0.0212328439187089 0.0143327887489909 -0.147563021914186 0.188575391831931
-0.0146749523684897 0.0163791648055768 -0.293946417410548 -0.0085371147445548
-0.0127652673676445 -0.00452617632847516 -0.305245576668906 -0.358317451461554
-0.00403988318001243 -0.0205117178863139 0.193506383989694 -0.611244489170583
-0.00907002488299439 -0.00497699810572183 0.808993500930347 -0.118886525546484
-0.0204657170007983 -0.0199245211764444 0.560439803188002 0.61554535932512
-0.0132201628332522 -0.025286253192593 -0.061012954578748 0.563202074488405
-0.00126696225247685 -0.030799927632941 0.0473869139884713 0.0585804459172932
-0.0209860646118983 -0.0370632430462147 0.179207745374064 -0.49855393119287
-0.0181136091493865 -0.00128721849805963 -0.544029225518254 -0.705449951863885
0.00232118274116049 0.0137981402731145 -0.965367092195069 0.178238437636433
0.0192481822808684 -0.00295665048053135 -0.198675176542283 0.78697649196558
0.00174799883584296 -0.00626946579145494 0.380639392515165 0.414735582194551
-0.010263559550582 -0.00447123010664807 0.400840124688649 -0.0370731398230581
-0.0139149242177158 0.00669084278390456 0.139048483502653 -0.26871996912366
-0.0188475681538379 0.0123107349202342 -0.152291669976588 0.185807727058389
-0.0167948378824014 0.0171078417105245 -0.288501009511791 -0.0198556961951554
-0.00871999221450667 -0.0031042768814187 -0.274262741310533 -0.380497766764549
0.00209980475876853 -0.0234304881373176 0.254487640545561 -0.597548177080496
-0.0055836432085468 -0.00928347488172076 0.826198885919269 -0.0486904748531427
-0.0182078514593859 -0.0188331209985065 0.508610225346536 0.660007690574893
-0.0155362702254208 -0.0188999697932204 -0.0927004826814003 0.555065182018524
-0.00721856094851915 -0.0227783645790595 0.0510828636688324 0.0463542283281837
-0.025780836285517 -0.0269399982470209 0.151316109956992 -0.51599336612556
-0.0162770004314753 0.00302835125775109 -0.598341859606318 -0.657523336394152
0.00483877419022273 0.0100253566544356 -0.936609358473136 0.257585510455096
0.0225534708173894 -0.00802472374337891 -0.122587361017256 0.793551931580468
0.00441561929330624 -0.00329080329072254 0.414743921758773 0.384500536591947
-0.0124615249595492 -0.00149540036677605 0.39926878630182 -0.0555082148507605
-0.0126038552878708 0.00492992472049699 0.133064467417055 -0.270808700145832
-0.0138970594589158 0.00966217645625577 -0.155619705876778 0.183794690061458
-0.0171624452940788 0.0180209156484028 -0.284182559297505 -0.0267272435168048
-0.00513590065408528 -0.000830330337281876 -0.248166037810979 -0.393048207912049
0.00738699375822309 -0.0239277449131357 0.298895244623762 -0.583907346880025
-0.00130717532242133 -0.0111510788764583 0.832673197369839 0.00355999140478637
-0.0132517331342652 -0.0133986573304896 0.467123872085706 0.687223895722102
-0.0181070379290734 -0.00858046611614027 -0.1147311691028 0.546957015336071
-0.0131656070474153 -0.0113936552114449 0.0513257821736434 0.036677211592475
-0.0274724398398463 -0.0142299954583111 0.128210951001371 -0.526274338908245
-0.0121883183493276 0.00725249843866541 -0.637858253309403 -0.619420787624871
0.0063504808618948 0.00726909166820311 -0.913432772771819 0.313240514046814
0.0231317576332033 -0.0110350009481708 -0.0685559372913191 0.790714795532754
0.00924825331519594 -8.31808067778333E-05 0.437309687405201 0.363042538025524
-0.0124053023376753 0.000851823406457555 0.399753446660916 -0.0676355556799498
-0.00786709102431829 0.000908073404231378 0.125839119876231 -0.270978995248027
-0.00894136485442342 0.00725609871157974 -0.157715828153018 0.181842081829
-0.015189915116751 0.0190539166998008 -0.282479504994945 -0.0289907632450803
-0.00110460703968598 0.00262652624315627 -0.228133573133437 -0.39797465715368
0.0102837601623616 -0.0241382236816052 0.326636896215858 -0.576964089194823
0.00323240935065476 -0.0119427655236517 0.834783547645282 0.029123400327305
-0.00726223592217113 -0.00764148725910297 0.440828405031673 0.705605441994106
-0.0206852710440975 0.0047129005872009 -0.128622353976272 0.542849292506505
-0.0194132215101702 0.00249507816844409 0.0502410308932311 0.0330440342850401
-0.0265391792102135 -0.000386775708025593 0.113711985296801 -0.529591553291933
-0.00572341487334015 0.0115085708226106 -0.660189371397703 -0.599367450552276
0.00926469027830595 0.00456998151351552 -0.89977825937312 0.338056252540168
0.0236392158101211 -0.0109845536988536 -0.0367798349168776 0.785703907789353
0.0128357874901004 0.00378046493713782 0.45253134216232 0.349546651479524
-0.0110843479284371 0.00327557891929892 0.39878933644296 -0.0732744665518726
-0.00358357618405652 -0.000544943078455457 0.123481783129067 -0.271965314514283
-0.0018972736692511 0.00773410428642686 -0.157006939490301 0.182264116472013
-0.0108624880794269 0.021683211143155 -0.28276508202405 -0.0253578282522633
0.00138220273887735 0.00678820027674672 -0.224227016812735 -0.396429319379814
0.00942704305761365 -0.0230053326855623 0.3307819340868 -0.579713250606296
0.00689056657012594 -0.0119115303355938 0.834774044181043 0.0268354283841583
-0.001386228948583 -0.000255602351932116 0.439528394046255 0.702504029186995
-0.0232652881599883 0.0175212342562335 -0.130437972813038 0.541628160427097
-0.0251777113066271 0.0171791391517202 0.0469522030261188 0.0343783452006553
-0.023493711500865 0.0121947171799988 0.107733527822367 -0.529092775606634
0.00143670587379083 0.0155126036209058 -0.661770069556309 -0.601633556908554
0.011176033264301 0.00398115307146485 -0.899298199634772 0.337613848997844
0.0238226948877308 -0.00944996597996969 -0.0336883431905342 0.784114370252822
0.0174713416137643 0.00719341370363201 0.457553178424849 0.352022218729156
-0.00687052235288436 0.00498348339665074 0.398616881390797 -0.071497731927417
0.0029083849993987 -0.00212226842550037 0.122461459257292 -0.271710319486543
0.00172658683353519 0.00928631411216916 -0.155478470661519 0.183782596306686
-0.00642861970467124 0.0231290762430052 -0.285223856681152 -0.0174852326394757
0.00351930702461678 0.00851042394614279 -0.234821021781208 -0.388447614911652
0.00622029939530875 -0.0207695087670929 0.310209193387559 -0.59352694679781
0.00918098945868203 -0.0100747683227588 0.829353014418285 -0.00888295560819607
0.00597425891571143 0.00683612618833742 0.460385367786903 0.685193800399431
-0.023233769654642 0.0299608341618422 -0.120722970947562 0.54795284152002
-0.0296011400093146 0.029144622726019 0.0414653943491888 0.0414958030712529
-0.0208579946036717 0.023675227193676 0.115439395260758 -0.521304017406224
0.00902424556717891 0.0186713268687826 -0.648791077342011 -0.621483250706563
0.0131313296539665 0.00528244981073976 -0.917425929831905 0.306518351207441
0.0229804633280126 -0.00633411877963475 -0.0607398680407518 0.782592631037173
0.0201084206873842 0.00855715202489477 0.452388853788099 0.364813503595616
-0.0018597176773923 0.00552581889504438 0.401142983052088 -0.0587454754016824
0.00918151477702974 -0.00253086458008951 0.123589464467097 -0.272225429856571
-0.0181743383685105 0.0194435296337311 -0.132419540271493 0.195554892296691
-0.00307962132818069 0.0142350950092755 -0.297957329541352 0.0257211892702038
-0.0151578391844824 -0.00447448114791438 -0.361691939907126 -0.300018873073191
-0.0141336468055296 -0.0107910383919409 0.0557089713127497 -0.62148422321142
-0.010172255182852 0.00307734181046542 0.738647957593718 -0.270614103343219
-0.0175000762704559 -0.0161426420580261 0.650076600649256 0.492212623943468
-0.00880165792563763 -0.0218487222012734 0.0116787084411921 0.571475800351875
0.00398652392073018 -0.0305173209193557 0.0352413802992998 0.089534519453311
-0.0102953615579591 -0.0390909015913581 0.227605617756366 -0.449308236019903
-0.0150886995324566 -0.00492621070933041 -0.416960636847632 -0.775921069919188
-0.00283444933684098 0.0201412042319463 -0.98977600270194 0.00625848891567098
0.0104920525651491 0.00938587478146768 -0.344237733760135 0.744849993783213
-0.000607797582177433 -0.0103499371304017 0.310521975106988 0.465502598956714
-0.000661662195803752 -0.00621560379388062 0.393936364948604 0.000462411359151741
-0.0109082307134459 0.0113372669502752 0.147528641085443 -0.266722791290265
-0.0207316946677007 0.0172793150373612 -0.137774217181089 0.191594882167404
-0.00889071125662949 0.0165547724234716 -0.295574324727902 0.0108337856608039
-0.0147423719150507 -0.00455167012009013 -0.336444236819487 -0.324949276194244
-0.0096855139473494 -0.0153087731318855 0.113811009642231 -0.614464943810936
-0.00962331917625248 -0.000715321876437422 0.769360030291667 -0.20572089516677
-0.0210734067421924 -0.0181328686581399 0.612062305117214 0.541776460037241
-0.0108683492754905 -0.0261398732124684 -0.01696274559445 0.564506448109514
0.00235810695019121 -0.0339433246158022 0.0420023583948118 0.0735329019417291
-0.0163116540330621 -0.0407573018626192 0.202807912678807 -0.472388178918259
-0.0173987055641449 -0.00366490561272091 -0.478080087417388 -0.737213117940049
-0.000694939567418391 0.0176143169036403 -0.974925226931106 0.0938965507045173
0.0149470414774364 0.00307650199264092 -0.267744516529271 0.766047247155149
0.000139913783028965 -0.00932951050040356 0.344589754491425 0.437716683385206
-0.0063571635429414 -0.005482452801037 0.39469770293208 -0.022116622376856
-0.0136364394270711 0.00978493713685779 0.14070983427411 -0.267699650407369
-0.0199368582264798 0.0157088867642928 -0.143488873425438 0.189615343090833
-0.013461114600809 0.0164743795489235 -0.290010160827222 -0.00361736180927073
-0.0118749117514336 -0.00450232764706901 -0.30584046448002 -0.349955405314194
-0.00378841423265085 -0.0198073345663285 0.183562552476881 -0.605675079073649
-0.00833588610229669 -0.00482608214975625 0.796034928952049 -0.127575270978976
-0.0202801035423326 -0.0199161040267674 0.561783070525739 0.597830112641641
-0.0129211934746011 -0.0243745474864554 -0.0537514105980547 0.557475112456149
-0.00206191868742328 -0.0306586394581012 0.0471435382649338 0.0576859511874452
-0.02087981143541 -0.0356869871619609 0.172810999938797 -0.493655951215491
-0.0186206362821126 -0.00095268771503066 -0.545797098080423 -0.687669679490578
0.00294246590848219 0.0134936962198641 -0.950784555005241 0.190291280294087
0.0189426696697665 -0.00319287177806564 -0.185794222597121 0.777630407272595
0.00218657993045062 -0.00649759370501502 0.382386515610622 0.404461118313626
-0.0100593523470115 -0.00390502080931459 0.395107903129513 -0.0429848964488641
-0.013959775239798 0.00693856977199693 0.133874680909675 -0.268293383145043
-0.0179685342896777 0.0119516774862775 -0.147576235392782 0.186321881163961
-0.0163088497439003 0.0172598701909062 -0.28479273511104 -0.0144771764346218
-0.00826440324735608 -0.00359736253168239 -0.275349205525468 -0.371115919965813
0.00179765457112161 -0.0226390609371432 0.243232182633886 -0.593347184905184
-0.00606815444055832 -0.00900242302925032 0.813229483327174 -0.0610970570140539
-0.0175523964557786 -0.0173369324528159 0.511208642021106 0.643058611827847
-0.0156607981719427 -0.0184693360285206 -0.0847670295113255 0.548423634909543
-0.00654929564966638 -0.0220716990328651 0.0500791086715983 0.0453413961576344
-0.0252904220521103 -0.0260430220078596 0.141715608376699 -0.509645306019934
-0.0166091380065654 0.00377072266273614 -0.599612519883926 -0.640049136603234
0.00528256114262123 0.00946383358950705 -0.919318073183267 0.266582251448672
0.0216555023268278 -0.00791892562357354 -0.110875444314175 0.78214919623802
0.00456799031941953 -0.00379035238806125 0.414003451823413 0.37546049042728
-0.0126104290327044 -0.00130150845394047 0.394597882040779 -0.0624216552285287
-0.0113865986127846 0.00334512619700235 0.127263769677977 -0.269388142214534
-0.0134354686600663 0.00974976858610419 -0.15022799623568 0.184464803449382
-0.0162901229250784 0.0185875759923487 -0.280207120490185 -0.0220286952530787
-0.00434947366698632 8.42498917198765E-05 -0.249346576142886 -0.383931470331658
0.00675251724349987 -0.0239091214456029 0.285321236694616 -0.581238199541358
-0.00124056636668466 -0.011253934777992 0.821663662884877 -0.0103779640957607
-0.0132519397264106 -0.0136707770572426 0.468997786765537 0.67201768065559
-0.0186643649473649 -0.0086261130498903 -0.106026185156377 0.539586987368666
-0.0121371914394274 -0.0101202846868968 0.0515251929877944 0.0365686026893318
-0.0265573162388554 -0.0140924187088129 0.119900206797799 -0.519831797020075
-0.012252489262451 0.00723815780486634 -0.637436632350593 -0.603641558685984
0.00768120170135369 0.00664761489107853 -0.895349738546458 0.321565066071633
0.0227158810360847 -0.0105068400170425 -0.0563667506026992 0.781506725756499
0.00834763609293421 0.000369615658309228 0.437953272217566 0.3514654013832
-0.0131875942684531 0.00176125658294268 0.393403075406357 -0.0739022921787886
-0.0088300514524167 0.00117603052905455 0.121289834196786 -0.270340996849143
-0.00772021359998849 0.00834375987338357 -0.152871359980832 0.183506609858664
-0.0147541546299242 0.0196681242906564 -0.277821145039403 -0.0238378815768614
-0.000711933328953662 0.00228037371525302 -0.230413910902875 -0.389525789522902
0.00954692481070398 -0.0243333089844745 0.31326231499757 -0.574679717265489
0.0033209024825686 -0.0119271626430553 0.82381333608385 0.0173054316568789
-0.00687918829325101 -0.00754020464894842 0.442329533687544 0.689023466872091
-0.0207221186140477 0.00378954702424967 -0.120824555080599 0.535060926078298
-0.0192748665659155 0.00367754942666235 0.0502170706860174 0.031850672680308
-0.0259655328325955 -0.000857800001446603 0.104510686362533 -0.524160185468321
-0.00628859678089617 0.0119796392940936 -0.657467228782698 -0.582304428991876
0.00856773358992449 0.00460079287696533 -0.880161999593027 0.348345538872752
0.0233121241617862 -0.0109914203677301 -0.0259886088786904 0.779110893229958
0.0127255175991506 0.00373240454562876 0.451277599641956 0.339119721182261
-0.0106340305572562 0.00362288659634533 0.39320440400325 -0.0791447153125772
-0.00295080585423522 -0.000729075715165508 0.117554733033919 -0.270031385327044
-0.00130929729557704 0.00850088010328516 -0.153662470870118 0.183683004193542
-0.0108335949842261 0.021061627949646 -0.278133542618207 -0.0211096433144908
0.00197937839199837 0.00622174196355274 -0.227484889649097 -0.389073998812711
0.0084369587400423 -0.0226234038063939 0.316533638926898 -0.576704870087035
0.00601845783365756 -0.0115467769226796 0.821347297633728 0.0137581012672386
-0.00111167749398746 0.000246938851374199 0.441766870083488 0.686428833402525
-0.0232776218904845 0.0178649206332964 -0.122091878047566 0.53584399679668
-0.024827314120869 0.0176773307865661 0.0472106905365682 0.0332315446472414
-0.0227465696792492 0.0121831957666646 0.0987954115429647 -0.522700408988863
0.00178232757571548 0.0144581288517074 -0.659584984360124 -0.584346293404266
0.0110656144210201 0.00424655576695003 -0.882136298187676 0.344772219760871
0.023810261329625 -0.00975316938115904 -0.0233072930147447 0.774886598695231
0.0168045403996378 0.00688254664011818 0.456546329231127 0.341019667689592
-0.00725012699747246 0.00456191769338269 0.393458949556349 -0.0762169513256534
0.0040675636753547 -0.00272397548484091 0.116712318357187 -0.271162009011813
0.00343963448463613 0.00903867379047713 -0.151157535106408 0.184576719840008
-0.0056375279003284 0.0219551772915279 -0.281537755684311 -0.013980666134394
0.0033353255433509 0.00879353662407495 -0.236031344651166 -0.380241086523528
0.0053016280142034 -0.0206152955091035 0.297840732700646 -0.589152835068789
0.00800323675864205 -0.00973096985133057 0.8209961701809 -0.0190544789373725
0.00558526423898019 0.00646330648492674 0.462481563766444 0.668770203741057
-0.0225546507457709 0.0299775044795004 -0.113037756104728 0.542111689234909
-0.0284260336149453 0.0291360550442713 0.0423122128491762 0.0408304748085778
-0.020450965029467 0.02383869074484 0.106128259327037 -0.515749680640985
0.00895829931980559 0.0184042790437179 -0.6469137693314 -0.605234517562109
0.0131472636424858 0.00483845947678385 -0.899850713793503 0.315442408819442
0.0223090218754081 -0.00665231146846921 -0.0492096558134123 0.773319880571549
0.0202762697237655 0.00757146684280988 0.452699759295507 0.352643893020559
-0.00233896115483278 0.00552212800063111 0.395291295068622 -0.0652760715398935
0.00952108914841274 -0.00290808776067591 0.117443795628825 -0.27029211904266
-0.0176710961660809 0.0191820020304963 -0.128391128532571 0.195645151288482
-0.00230967159497836 0.0143569521800446 -0.293123087199514 0.0298948567081739
-0.0145737400599056 -0.00427774365883495 -0.359790823765306 -0.291042905735736
-0.0141408423367401 -0.00991257143223651 0.0466015091068562 -0.612606920979799
-0.0089320499238701 0.00325152622158886 0.724414249557092 -0.275725640857194
-0.018106897364132 -0.0149432419961614 0.64646224386076 0.475459494285403
-0.00858598235203063 -0.02206699041174 0.0164222748600949 0.561815816780711
0.00328807720832013 -0.0301127886167993 0.0363247210320909 0.087983357904036
-0.0108750048670344 -0.0385561444119988 0.219409101227186 -0.444359142833927
-0.014657492264462 -0.00489272364732163 -0.418579008969084 -0.759671412439675
-0.00292700824557559 0.0203888111053856 -0.972396976911861 0.0154165852138857
0.0099738539939074 0.00882541591071247 -0.331119101501029 0.738489496184664
-0.000559323766993161 -0.010026903938845 0.311693193724072 0.456857789505324
-0.000243184858253262 -0.00600376638288512 0.388048647162799 -0.00488156703896093
-0.0101128502818887 0.0120022281051399 0.142954899219682 -0.265068554857985
-0.0208432699596099 0.017937696338689 -0.133222324685038 0.193188309337599
-0.00817415407806061 0.015696751441625 -0.290424471630084 0.0160779954426807
-0.0138882409887693 -0.00462864351754297 -0.335192913624833 -0.317454884190733
-0.0101838594933541 -0.014659823597699 0.105889285963396 -0.609291926795027
-0.0100810286135544 -0.000690637394530245 0.755766815908636 -0.21097430199466
-0.020936317627759 -0.0171051129188438 0.609095735877724 0.529270682169044
-0.0115076520354124 -0.0258285547016118 -0.0130052231904964 0.557413796092404
0.00242387032257219 -0.0327877780616602 0.0425578206251722 0.0730813821491131
-0.0157903687727434 -0.0395411516384772 0.195879309170916 -0.467433631403377
-0.0179881087137529 -0.00375756740696676 -0.478879714733795 -0.722331001204334
-0.000268195663268808 0.017771521941981 -0.958562645616595 0.104065301074475
0.0157858790384566 0.00299762225903402 -0.255199815283131 0.755929133796638
0.000127932398130815 -0.00884222603632099 0.344695780117425 0.42769395266378
-0.0063607987318375 -0.00570647691014313 0.390341459583862 -0.0273939201660809
-0.0136536616089825 0.00986704767426443 0.136087232873042 -0.265757946187373
-0.0200975259153426 0.0146982921100727 -0.13940666960476 0.189586058423413
-0.0127474684154275 0.0154637239379226 -0.285009311604957 0.000396739040711296
-0.011306861837223 -0.0054468067789384 -0.303269375671729 -0.342029183548952
-0.00500943822457364 -0.0197068050370658 0.172831902478338 -0.599216076694304
-0.00836471688673127 -0.00495195435885566 0.783532885490653 -0.136045240488562
-0.0207106697846902 -0.0190901337584519 0.558541527198179 0.583394142127243
-0.0131361379055061 -0.0250020471473799 -0.0461177308647916 0.546934989538577
-0.00101812325232546 -0.0296421432965229 0.0475207625489009 0.057034133245939
-0.0209588688080991 -0.0349583281480217 0.164071680850127 -0.487959941654241
-0.0190174534706813 -0.000596783105554576 -0.543793685386574 -0.671886674193512
0.00320956942409604 0.0137801089911262 -0.93324489915498 0.198835251577846
0.0192186223627297 -0.003909346064839 -0.173329668486892 0.770769377602069
0.00173346701980193 -0.00655977277526338 0.382347491900491 0.394927277066152
-0.00997175598906106 -0.00372050522602717 0.389406175506186 -0.0481955143647176
-0.0133221640511618 0.00699789552268959 0.129744867222349 -0.266792109285797
-0.0167076348729293 0.0122790943880876 -0.143319051333631 0.186547598271509
-0.0155479974298742 0.0168307249233815 -0.28039402846641 -0.0106060695295074
-0.00783545070800726 -0.00308333000565076 -0.274268771411457 -0.36305182308614
0.0018160344028864 -0.0223153767027957 0.232734061093072 -0.586244775162721
-0.00563353550613526 -0.00859755488826768 0.799365349545389 -0.0690170768343953
-0.0177686789157428 -0.0175788378661339 0.508350160993939 0.62741778112774
-0.0149823422028331 -0.0176409534209067 -0.077452988387253 0.540958118936588
-0.00648106829522452 -0.0223604283979913 0.0516006734904988 0.0439375307170968
-0.0254871375178968 -0.0260559205298668 0.137740257123372 -0.503404207043712
-0.017308284648569 0.00348565294158453 -0.59609522642215 -0.627758413773069
0.00579353666318687 0.00978646254116251 -0.902610934441635 0.273331981260732
0.0212270317769672 -0.00776212100209065 -0.101170774928562 0.773023922809756
0.00507587469315404 -0.003819714346913 0.412705352133237 0.364614824981914
-0.0124256195882797 -0.0016008353721368 0.387894493540096 -0.0668652167529964
-0.0113837514341907 0.00432746612334083 0.121686341459761 -0.268096639454625
-0.0126466093567166 0.00958634241188847 -0.146485044347592 0.18522512536387
-0.0157611662606696 0.0175448585399601 -0.275628623393164 -0.0165374199396039
-0.00399607184718171 -0.000529720170229301 -0.249514257117932 -0.374910645940017
0.00568578238649931 -0.0236357878515657 0.275721355550944 -0.576138458043325
-0.00179227615220938 -0.0105364432506877 0.808940552064525 -0.0186841469362017
-0.0133732663460224 -0.0139136617404471 0.470004216918178 0.656646798238264
-0.0177766762303079 -0.00793533524771019 -0.0989266593982492 0.532661867455094
-0.0123917212278007 -0.0105711216587062 0.0513028552439812 0.0350596743130079
-0.0268319718032979 -0.0130504684302561 0.113751778597735 -0.512728173816826
-0.0121144639618844 0.00726888969251225 -0.634222880944627 -0.589172429762511
0.00694859612651992 0.00659415909126973 -0.879642753762429 0.325551632270689
0.0228697916069668 -0.0112801774455486 -0.0481746634407478 0.770170690150509
0.00841021604755983 0.000556547097066298 0.434401494291126 0.34097236527618
-0.0124482689865831 0.0015998302441827 0.386953343312205 -0.0781419460865809
-0.00811449461941341 0.00200913223480948 0.116425679973841 -0.26840795856864
-0.00723573307763674 0.00848358903286818 -0.148658862483898 0.183340039698165
-0.0141227152887776 0.01866477903357 -0.273490420744121 -0.0193476298090225
-0.000619307578630776 0.00235222631937599 -0.232060190450943 -0.383043845058417
0.00887875039767103 -0.022971956877984 0.301965000579353 -0.570860501561352
0.00327289231888073 -0.0116989549116054 0.810697737782984 0.00872802053165727
-0.00684096123241453 -0.00732615599440181 0.443777352903191 0.671461233642193
-0.0210194100270786 0.00420424295152072 -0.112412976767955 0.528464859019885
-0.0185716808166282 0.00311489757399892 0.0502249558697331 0.0311065719101995
-0.0254713765852313 0.00056819732082649 0.0982165447575398 -0.517725060964722
-0.00610773939642521 0.0103941780842596 -0.6528165765967 -0.568137094858317
0.00921682295790969 0.00493031151829398 -0.862990747323791 0.353043256034272
0.0227374168401958 -0.0121110328267248 -0.0170513799026449 0.766086011320974
0.0128101769385777 0.00288776854268372 0.448575737146711 0.330125315927758
-0.010801467242439 0.00377519487763007 0.387360542468569 -0.0821341164648161
-0.00257835845408916 -0.00103289121043632 0.113892564782055 -0.268528938508062
-0.00140158392249635 0.00773459608570836 -0.148841897622775 0.184122933848402
-0.0102255109388184 0.0199100335238802 -0.274331389313508 -0.016192715157462
0.00192682636744324 0.00560247745554282 -0.226982647780112 -0.380827326714678
0.0087342790856147 -0.021408565142346 0.307124337076232 -0.573075708604926
0.0063934520290112 -0.0118283288404427 0.809255142521344 0.00518381855218575
-0.000608292602845978 -0.000466231512205061 0.441904112093976 0.66984489432251
-0.0217225817165523 0.0175567087354526 -0.115307112660311 0.528246250760974
-0.0233188438285584 0.0169681652038966 0.0464582624343462 0.0340764623873988
-0.0228087375202537 0.0123340801767881 0.0929937739650235 -0.515131334241453
0.001295832923059 0.0138533867122361 -0.658278812324136 -0.569573369762876
0.0108573867122016 0.00373316039647418 -0.866366472981838 0.349904269585197
0.0222445891762198 -0.010563813970186 -0.0145876359085721 0.763492288109414
0.0162047628606853 0.00580473320206061 0.454648747233892 0.331440358384266
-0.0064994513990272 0.0047769778573772 0.387166355255242 -0.0795369818481033
0.00329032778317318 -0.00276232279143887 0.113205914918433 -0.269786345620921
0.00342339027266979 0.00853903280789141 -0.146832996473489 0.185306465015237
-0.00523863636284907 0.0222777068410359 -0.276929650980048 -0.00936168625760597
0.00359115087807919 0.00760821826695079 -0.236515785341101 -0.372233581047593
0.00474191106767775 -0.0194458546409595 0.286785735596806 -0.583790652964608
0.00903934765664867 -0.0102741261327861 0.805368298417577 -0.0294080882505354
0.00562336177601743 0.0065621410677641 0.462188806254699 0.653273795199564
-0.0221920370562856 0.0299308863035123 -0.10540813002106 0.53466870040244
-0.0275282466448487 0.0292527795359995 0.0421531449164159 0.0407099681668416
-0.019507682826771 0.0234079109184118 0.10152675843556 -0.50969051831488
0.00875823560239073 0.0176913348546936 -0.644369795840169 -0.588681711436964
0.0137245705872675 0.00483283505858739 -0.882533931974387 0.320966411505189
0.0219788344541051 -0.00680161282568177 -0.0399946292049147 0.760974851386167
0.0200820164305904 0.00709641344171764 0.449554604726971 0.344505526097003
-0.00139822021505759 0.00480102617398152 0.388377026576498 -0.0691750416915293
0.00988621134193916 -0.00400772499323905 0.114516228372307 -0.268737386501953
-0.0167673819779962 0.0195754555514018 -0.125896037230851 0.19542627666888
-0.00108230464246214 0.0138390297474895 -0.288305727603871 0.032984286368123
-0.0148595586355579 -0.00395819930081165 -0.355906338443318 -0.28331037893723
-0.0139756847186884 -0.00905651394495877 0.0402733688116821 -0.604943477017849
-0.00914936322608257 0.00357157441382352 0.710956314267732 -0.273999689837512
-0.0181238890653098 -0.0143069648405704 0.641013674947571 0.462418416465243
-0.00932035098594851 -0.0214588430756459 0.0221064912659629 0.553306680607104
0.00363472576765345 -0.0299846965696878 0.0357880174612689 0.0867672138319097
-0.010822548418532 -0.0374270677603715 0.214398263987572 -0.438320529859162
-0.0140457740863255 -0.00525587272784755 -0.418048138571316 -0.745532915073132
-0.00236627191398142 0.0202475534995988 -0.958437569847114 0.0233873598256039
0.0108760824947005 0.00841609151972831 -0.319879683095331 0.732110514373867
-0.000719335824936074 -0.00997145473086505 0.310624618760751 0.445455106271629
-0.000944155513802761 -0.00609016455462664 0.383289075528045 -0.00945455074517436
-0.0101129028760619 0.0123547375449946 0.138722341363539 -0.262577078155793
-0.018739112165594 0.0178839628017452 -0.130334041770977 0.192621947222126
-0.0077926862512232 0.0148693785370932 -0.285130989753157 0.0182633596435647
-0.014405948197477 -0.00503048392685597 -0.332204662168392 -0.311167721057384
-0.00994582052098522 -0.0140136561680025 0.0987799155545641 -0.601308416017862
-0.00978134843530598 9.85247503356504E-05 0.743476197280729 -0.214985131263395
-0.0203343175210758 -0.0172972185217622 0.604195246925128 0.515088092400109
-0.0116519366590467 -0.0248775841255974 -0.00874423233408798 0.546821334332011
0.00261790949908451 -0.0335749019322655 0.0426115677002072 0.0713571839123676
-0.0161512428763579 -0.0392525094020088 0.189586575352831 -0.461932583374277
-0.0175721472400851 -0.00410786420495349 -0.477340095444777 -0.706767092316013
0.0005789723010189 0.016810744756415 -0.94375034504267 0.109171873101491
0.0151979164284599 0.00209620165242685 -0.246748365339645 0.749746681070913
-0.000372080494924381 -0.0093189788287135 0.342981106452824 0.41731706942889
-0.00653040813967752 -0.00569415155103207 0.384337585312077 -0.0297124022135291
-0.0123325055436074 0.00963432210414908 0.132130775525572 -0.262575458713441
-0.0189500211122016 0.0149768025586886 -0.135825746950674 0.190318111634239
-0.0122909018355675 0.0155774394693752 -0.280759474225244 0.004071648309759
-0.0113820308626879 -0.00419165861800128 -0.301164291101606 -0.334000842566526
-0.00430839604716106 -0.0187696445912884 0.164515782723612 -0.591634783117212
-0.00816408955676039 -0.0042119076640385 0.769567624660998 -0.141163813101679
-0.020420342909544 -0.018937450287195 0.554953352156201 0.57025443944962
-0.014038072054479 -0.0236106299209067 -0.0412562704495588 0.538260018394064
-0.000752816851980894 -0.0291486455205818 0.0476844821040452 0.0564185077775801
-0.0210240298383943 -0.0341374784608914 0.15955761201698 -0.482111404036821
-0.0181350351568508 -0.000941289972435162 -0.540761160827653 -0.656853569919849
0.00330469173498465 0.0133415546000595 -0.916077692953827 0.20054614078859
0.0189571669303815 -0.00335726483192562 -0.16648542336895 0.76099338072939
0.00156522013833538 -0.00726372812870593 0.378705794063058 0.385009581459805
-0.0100131099190005 -0.00342889285887218 0.382955608958051 -0.0505406616755111
-0.0127753960268394 0.00755515956348838 0.124958927808361 -0.264224007983106
-0.0159458227350982 0.0122453830719727 -0.140303103687507 0.18626553097564
-0.0145507974477248 0.0167757974703658 -0.2749870204303 -0.00677740978260567
-0.0078151358917255 -0.00329996118913464 -0.273413706581125 -0.355872201476017
0.00166826179857776 -0.0213991420949597 0.223873919759548 -0.580348868613202
-0.00566962213332909 -0.00797493230391183 0.787455016879587 -0.0743251727716731
-0.017281640438004 -0.0169958064255914 0.507593744961685 0.613708882215295
-0.0154795874579636 -0.0169618081533348 -0.0708000452594104 0.531889375725522
-0.00594649304017154 -0.0219407909677768 0.0502041470598478 0.0432170326418805
-0.0243982911422073 -0.0238991643729249 0.131323970361647 -0.496141334281633
-0.0164770899574637 0.00312969072107462 -0.592443508315852 -0.611964011998553
0.00611316371787599 0.0101111831090685 -0.886285966696595 0.276701891057794
0.0204718871953221 -0.00844846781805595 -0.0912081600278549 0.762552733514004
0.00465038726423529 -0.00398513218064649 0.408815161019168 0.356270444012813
-0.0130587635425415 -0.000647571625658752 0.381226942470908 -0.0700464914464618
-0.0106545874730173 0.00411800565439197 0.118592130895963 -0.26569565961009
-0.0122947664876622 0.00988098734105273 -0.143291359287902 0.184624461481906
-0.014912005586518 0.0171785319112507 -0.271710496735925 -0.0137150948214474
-0.00363919156746105 -0.000647309738881835 -0.248647761569631 -0.368695929233698
0.00607946338843656 -0.0225336231017184 0.265832766024376 -0.56956819153061
-0.0014104916087597 -0.0106468422339731 0.796021722156504 -0.0266555159177711
-0.0128125649371697 -0.0131115263116159 0.467671836212149 0.642588918254548
-0.0176483178991627 -0.00867382454949263 -0.0932606131069933 0.525123139029723
-0.0117350921489118 -0.0105487312172207 0.0511648277394944 0.0346911950663685
-0.0262286392174546 -0.0124001600181019 0.107915739807473 -0.506753466263069
-0.0122009360344666 0.00652145884251088 -0.628496637519964 -0.576049089235765
0.00756399670366674 0.00731805500128717 -0.862276654633174 0.330084382591095
0.0228466496606464 -0.0112365142618124 -0.0402768218860544 0.759146867447593
0.00822799412871694 -7.96051578215232E-05 0.432633815314001 0.331559569696389
-0.0121504483819214 0.0015361990013383 0.381460639631679 -0.0810450832670053
-0.00724647506200058 0.00130789502081803 0.11267530340103 -0.265672265772788
-0.00625372540614349 0.00767808364078636 -0.14644720719039 0.183803925112965
-0.0133428075633514 0.0182175700662823 -0.268577317503121 -0.0168082861400774
4.89038667246347E-05 0.00268742045113502 -0.231296941748661 -0.375624684647079
0.00830465795459491 -0.0224678603456415 0.292754833602336 -0.563601257040404
0.002552675724535 -0.011848919701553 0.80025430853791 0.000545583855248699
-0.00750579218775143 -0.00751197693717362 0.44069621387386 0.658015444351736
-0.0203687067192161 0.00439585284034904 -0.106603675592714 0.52064206897117
-0.0173946567246607 0.00273081243499905 0.0505815738547066 0.0312110732109444
-0.0249393147123508 -5.54820129849984E-05 0.0936587388383686 -0.509830920162705
-0.00556748968892318 0.0105783679861688 -0.648389590380641 -0.552635055699128
0.00900911494196073 0.00388101656366183 -0.846978361887363 0.353537665740729
0.0222963765390003 -0.0124861982490389 -0.0102665432109055 0.756887702745842
0.0125627871139687 0.0030153315786795 0.445445982793257 0.320500060222768
-0.0104281700903244 0.00366190061572217 0.380371715139279 -0.0861212133311249
-0.00212320067776669 -0.00146693423554992 0.109222467185854 -0.266819425849843
-0.000732285332282213 0.00813980937744265 -0.145718643698241 0.183037762573363
-0.00878019238267799 0.0202067893790327 -0.269165866266742 -0.0140446559989983
0.00201299654056708 0.00470545825646837 -0.225898660446059 -0.373562262773433
0.00852907067282153 -0.0212970714707715 0.296767688707849 -0.566931765213173
0.0060928064893537 -0.0107996682943696 0.797118337114682 -0.000827008816133531
-0.00145837365332391 -0.000287380217120228 0.440382236181222 0.655794988388047
-0.0220022468664825 0.0180349993232108 -0.109649332078811 0.521552773733025
-0.023148568381825 0.0167775408806196 0.0463741627585308 0.031930688370654
-0.021759968570559 0.0129528875448345 0.0889233372780584 -0.506823186048342
0.00159969400528242 0.0138827016921064 -0.651850561127032 -0.556024553450257
0.0110547109350913 0.00381389888828802 -0.850031374313827 0.352649026327035
0.0224572910826387 -0.0111253209040428 -0.00777375426511223 0.751823480173045
0.0168914961527338 0.0060321493056143 0.450254366641959 0.321066823237647
-0.00694348618069162 0.00447657525160181 0.380820903900594 -0.0832950946942081
0.003715140343388 -0.00312316938767865 0.108357645694253 -0.266228381707439
0.00369224384714304 0.00837218542784929 -0.143365177911409 0.185097603489321
-0.0044198618527207 0.021372369919325 -0.271977244572429 -0.00659870587304454
0.00350683098253841 0.00743499515565524 -0.235610774412037 -0.364310150851394
0.00552551805423139 -0.0186464800119922 0.277480213053887 -0.579667635906288
0.00850033597498984 -0.0107237503676374 0.793529787638744 -0.0347424689532008
0.00483616936844022 0.0065559027519982 0.459297725947872 0.639588864784944
-0.0213293203703035 0.0302181758796796 -0.0997531940073946 0.526456960973979
-0.0262648466902735 0.0284625860113565 0.0417352383881426 0.0393245145801487
-0.0188801565877924 0.0234290815592351 0.0973440803700153 -0.50015450685845
0.00920676904102711 0.0172656237923872 -0.640182930789933 -0.573979633041724
0.0127762800485288 0.00489580994519562 -0.867537342596776 0.322218077460402
0.0214139734123013 -0.00732157911272293 -0.0346896747002995 0.753084365212741
0.0194772304085371 0.00720671494908707 0.447010038024381 0.334689165674885
-0.00208892239965983 0.00575822286607098 0.382868884094511 -0.0729176075622277
0.00884900823768181 -0.003636471783272 0.109630371691715 -0.266613413206177
-0.016708589790905 0.0197173699197996 -0.122295280124504 0.194054025626696
-0.00115353920796279 0.0130967571837878 -0.282709078148664 0.0350982412708618
-0.0137967245502247 -0.00420066054569714 -0.353455514890768 -0.277975110891354
-0.0143068482929151 -0.00856992018444774 0.0376082927439437 -0.594908360999244
-0.00887592097796219 0.00280086656653639 0.698375578414088 -0.27592158979922
-0.0178212950432723 -0.0141046771724159 0.632498895997988 0.453471953290895
-0.00890335026173051 -0.0211525882725481 0.0248784433528279 0.543005198340181
0.00392742163821072 -0.0297595336694062 0.036988329416601 0.085011318202872
-0.0108806498226468 -0.0373115188481687 0.210293103043445 -0.434427542094397
-0.0136165580544771 -0.00447212779378528 -0.414344530030841 -0.732892463864669
-0.00235319467962256 0.0199538517129963 -0.944726776542837 0.0290853051363432
0.0103688616218557 0.00888679562896593 -0.310352240897615 0.722613654005861
-0.000775417610007977 -0.0094642715192953 0.309019148848436 0.4387427549201
-0.00102301123664537 -0.00548730374949401 0.377673229452501 -0.0112706073119679
-0.00991838704838112 0.0120627795633093 0.135345823495508 -0.261028946081906
-0.0183019438978995 0.017971949570975 -0.128227626413732 0.191853188998951
-0.00709577508919574 0.0148946306844415 -0.279500393521173 0.0211260655673039
-0.0135948627728177 -0.00526995210112947 -0.329151452229664 -0.303933734292651
-0.0097315309616168 -0.01315918412753 0.0933665795514223 -0.591926239684677
-0.0101401547897225 -0.000525211499912172 0.730767681766444 -0.215465570644531
-0.0207114400805052 -0.0170895499290474 0.597192680198051 0.504952516199915
-0.0115806539069859 -0.0243315456278693 -0.00545724132652741 0.539883260295801
0.00264961393060114 -0.0324385916477558 0.0426461381141996 0.0702697899073527
-0.0151437042329567 -0.0380542837671018 0.185088257518503 -0.453502826538366
-0.0178127087374041 -0.00476590528440938 -0.471571648879479 -0.694640603785033
3.21966251169564E-05 0.0165714124241279 -0.929817012423302 0.112840347067576
0.0149719096142351 0.00150860636101729 -0.238832741365627 0.738831533894317
-0.000584572258850065 -0.00865404246847783 0.341603011054462 0.410872708448273
-0.00564888381140384 -0.00508247795936496 0.377478590382704 -0.0315741034634047
-0.0127781937417257 0.010024049062234 0.129396609087505 -0.262197158564401
-0.0188224557009758 0.0149402396964742 -0.132731624501044 0.188658577788061
-0.0117473279325859 0.0152751010770719 -0.275366728918501 0.00630274058109786
-0.0109566606462581 -0.00445540004526793 -0.298815392867058 -0.329350178877111
-0.00426370813079855 -0.0172255125585658 0.15755457584251 -0.583957094497804
-0.00780893634840198 -0.00463180449944798 0.756467134962771 -0.142081029254056
-0.0202751593360563 -0.018162299453006 0.549014555744715 0.556665724318702
-0.0135897480528734 -0.0229032901270124 -0.0375841154932921 0.530059307372544
-0.000254453983426599 -0.0295545938112164 0.047833414072786 0.0557880548490223
-0.0215292185607901 -0.0332229638953482 0.157053080374868 -0.474641494772841
-0.0172379250780879 -0.000493342219618758 -0.535554823841146 -0.643993395700656
0.00330088444741903 0.0125664399563625 -0.902038863450719 0.202910041815089
0.0188263068280846 -0.0041922936427034 -0.158625705431398 0.750612940251952
0.00191604943086482 -0.00672382046338915 0.376049593712335 0.378237721996137
-0.0104179635356341 -0.00348910107716578 0.377279189923043 -0.0525267015581161
-0.0122544684900435 0.0069612005414172 0.122373143423055 -0.262287224355083
-0.0153442352489769 0.0125130620526627 -0.136638354574949 0.185685434071122
-0.0134897717836974 0.0153400600267637 -0.270209287706315 -0.00498229854241023
-0.0076775596412556 -0.00341590035018907 -0.269472934251341 -0.350515090915157
0.000816511247774646 -0.0204647017256928 0.218491039879995 -0.573261811698992
-0.00478920888990981 -0.00769421473660394 0.77470119437976 -0.0774079045831498
-0.0178758244308024 -0.0170047666164714 0.503143415349655 0.599850499752343
-0.0156485561659273 -0.0173786131668981 -0.0684774021793035 0.524040842657539
-0.00658433750057206 -0.0214958559875682 0.0496498173004926 0.0427149516865329
-0.0238786087696614 -0.0241126072989742 0.127026777496608 -0.48977601861695
-0.0167570122984535 0.00244750541917917 -0.586182350913326 -0.599010735261469
0.00562074103069166 0.00934922665672643 -0.872971321490444 0.276739029895357
0.0210347613358426 -0.00846595549552623 -0.0876762419069349 0.752407541332254
0.00449522402943127 -0.00397633108825985 0.405455055402197 0.348365536642201
-0.0121642647983919 -8.52602113381668E-05 0.376331443501922 -0.0721209950838868
-0.0104526966272783 0.00434461828941294 0.114233741873514 -0.262602839221465
-0.0109809216345298 0.00928690662788866 -0.140356454977724 0.183739630398594
-0.0144518847252239 0.0166446771519393 -0.266834369411091 -0.011148744489307
-0.00380196452132236 -0.00102456822887837 -0.244819106986787 -0.360763865400534
0.00569851386156888 -0.0222972281339563 0.260046276581717 -0.561556105085365
-0.00202539135809253 -0.010192645837328 0.784666708681758 -0.0291339546554414
-0.012866564009818 -0.0129236614895977 0.46403677285935 0.629323424978241
-0.0177094852938364 -0.00808513030239538 -0.0909937909562556 0.515745564366685
-0.0119130717981762 -0.0104384403244954 0.0509213318683279 0.0343093190681237
-0.0259699179994744 -0.0128356065415397 0.104207660330704 -0.499860583109505
-0.0118850883558445 0.00683264141410905 -0.621383214912655 -0.565380534639229
0.00744978740270606 0.00603218672767257 -0.846907994068948 0.329130940570473
0.0216805981050176 -0.0113611328783967 -0.0360991084763523 0.748149809720433
0.0085571705103717 -0.000901239804369267 0.427270229071447 0.324569061302499
-0.0118056327790536 0.00136199786581929 0.374227692624732 -0.0824995336382121
-0.00755336753621654 0.000758544919934979 0.109034433656716 -0.263023042103186
-0.00619345097443048 0.00834882264501321 -0.143061127297678 0.18248037961552
-0.0128322509462861 0.0175033564422598 -0.263751518091272 -0.0146764266097181
-0.000447606922904853 0.00203878265879928 -0.228414188804523 -0.368844521867845
0.00848204904923837 -0.0218489217800023 0.285357726493861 -0.558651393158045
0.00212301254010786 -0.0118883489343329 0.787255481899127 -0.00305683148361861
-0.00777450219615577 -0.00672107423210568 0.438152447392414 0.643762659398432
-0.0200809878143951 0.00444279739853173 -0.103255856080039 0.511144270263326
-0.0177490273650997 0.00307461775035953 0.0496471474857343 0.030122911711245
-0.0245040976139611 0.000625437132546232 0.0905877519748801 -0.502086366691389
-0.00622447301720836 0.0101289393820622 -0.642334509202344 -0.545006280053252
0.00940942071542128 0.00442824212720477 -0.83185680171363 0.35246299217175
0.0214489792452338 -0.0121631490378004 -0.00463430220899497 0.744371755567092
0.0127887270615808 0.002967569107565 0.441846582402055 0.312973308701082
-0.011030617484955 0.00393242845889363 0.375178414483495 -0.0875156393118074
-0.00212788958937426 -0.000974480109103877 0.107036976146731 -0.263885736887908
-0.000834977684651171 0.00720620806593779 -0.141711293602033 0.182904377657461
-0.00929918391902294 0.0192667204314835 -0.264812333835386 -0.0115850631754341
0.00247063920706923 0.00452572393521203 -0.224599710053171 -0.367176674514394
0.00798818788741916 -0.0210729063378018 0.289108971396985 -0.560722131466258
0.0058582003096986 -0.0114172176114522 0.785092568167405 -0.00625933074162742
-0.00136314427697671 5.17155551789418E-05 0.437383213142949 0.643737763695346
-0.0216721819083683 0.0180024630347128 -0.106323363328535 0.513280441368389
-0.0223047258928171 0.0162343687089902 0.0467416348081019 0.031718362284235
-0.0207838188463775 0.0127129627819016 0.0851435257638163 -0.500163784136948
0.00187243969301627 0.0137324086535243 -0.645389001653291 -0.542507436088432
0.0114680213669622 0.00348038165896611 -0.835797949116508 0.350287531771129
0.0220809026600996 -0.0104816710953561 -0.00364556233364191 0.739271570697341
0.0168379276260806 0.00555403870221475 0.445684420933915 0.313893865824396
-0.00715369493346713 0.00496881103043272 0.375218893292534 -0.0844016007202969
0.00376318797199651 -0.00249273902991235 0.10568408413393 -0.264064685158328
0.00332498290048237 0.00771223683819318 -0.139722630112373 0.185127064705948
-0.00390969106599897 0.0205755398929566 -0.268412052902048 -0.00459568022344164
0.00430968492168129 0.00748189995193882 -0.234380659037083 -0.357877546106738
0.00515979096136424 -0.0182517169516667 0.271444328132464 -0.570850129652453
0.00835127607492471 -0.00999578726767113 0.782981429890957 -0.0394442953987161
0.00519584909803912 0.00595012999488469 0.455054096479401 0.627478626745294
-0.0211698455090222 0.0287139891533833 -0.0953884761273379 0.516791993553312
-0.0262732917226553 0.0284334093280376 0.041443626005967 0.0386901448020401
-0.0180606446258372 0.0231232973644553 0.0931267512486895 -0.493871155885985
0.0090224999696024 0.016486452636481 -0.633555502481854 -0.562610165859148
0.0139536271842264 0.00407860919961272 -0.853039404684759 0.323085212061347
0.0211953326748285 -0.00719363224236401 -0.0300685927688229 0.74070218783414
0.0193221372709365 0.0066816863913057 0.440241010916532 0.327491805221261
-0.00233320219948206 0.00461629507899453 0.377501552261819 -0.0747155613294811
0.00913647873237999 -0.00341599114563183 0.106846321268608 -0.263366359822831
-0.0154547354100808 0.0195690606573979 -0.120591978828563 0.19256127218691
-0.00113112302958399 0.0127352312840452 -0.278196488470628 0.0369188703300933
-0.0138517160377582 -0.0040400464230714 -0.346943057764542 -0.273258918054274
-0.0136205519532505 -0.00828794743124023 0.0334572619609609 -0.587795791906858
-0.00832502534116439 0.00302624469491202 0.688676896781709 -0.273808159189022
-0.0168829851524142 -0.0135806505878851 0.624364153830643 0.443072072431236
-0.00923648322160243 -0.0208798821025581 0.0253027953799046 0.535493014434814
0.0046660707500188 -0.029046446358277 0.0360654224424409 0.0839610622315408
-0.0104979873034665 -0.0365925257053227 0.205773460535909 -0.427070107288834
-0.013793345262073 -0.00543934897811872 -0.41098324740579 -0.722476126337125
-0.00156891977843145 0.0197884427401946 -0.930878907656339 0.031495523985954
0.0102515114494145 0.00757557772091034 -0.305352336987792 0.714717421654735
-0.00164122842959545 -0.0102026831195453 0.306272866881093 0.432768828263197
-0.0007602704391763 -0.00493039612862939 0.372537403470733 -0.0134865163943741
-0.00891193452388557 0.0114595129265339 0.132022949664861 -0.257944484776356
-0.0182775101516536 0.0173471596937915 -0.126006650040814 0.190346128887612
-0.00663454188957334 0.0141263796865229 -0.274809181944514 0.0225443992031187
-0.013591794663447 -0.00474199097796899 -0.324016538872417 -0.298691724498307
-0.00934558129592575 -0.0130835876959735 0.0914686837736775 -0.585027061218624
-0.00910853535685391 -0.000717539887777689 0.718495756656366 -0.213925004312469
-0.0205906196579663 -0.0163268908678158 0.589348593070904 0.494681189539573
-0.0116822400513236 -0.0244742172711586 -0.0053045418548415 0.529533129775542
0.00290359748531155 -0.031850098085042 0.0419628943967205 0.0703510677163895
-0.0154478892570984 -0.0378283679084375 0.181491415895483 -0.447492568149494
-0.0171193268778627 -0.00467421250060089 -0.467392894582439 -0.684589263734963
0.000470229134468594 0.0170193555921292 -0.915589847382946 0.114677014867185
0.0162389065325991 0.00184479306395783 -0.233313601489658 0.730712448099363
-0.000352161278989269 -0.00949255862930256 0.338060863276301 0.403322294558133
-0.00618035298382068 -0.00447860047673287 0.373091331461552 -0.034322458960291
-0.0114563097453627 0.00915369481963382 0.126737238162787 -0.258442297738227
-0.0180046998826762 0.0149169719698143 -0.130729050331946 0.187594097711659
-0.0113528646536586 0.0150329282171857 -0.270505350600099 0.0088783822199796
-0.0113612138351457 -0.00482349109892818 -0.294874602170271 -0.322312207192004
-0.00400934251367757 -0.0169907249207274 0.154849448176725 -0.577203348246193
-0.00797434901132496 -0.00448027286500763 0.745916360383105 -0.140986957262786
-0.020198548437772 -0.0178056909437992 0.542628426138361 0.546036175569663
-0.0141046754851174 -0.0235420754181675 -0.0375190120261379 0.523169246128665
-0.000350832071756835 -0.0292001632528137 0.0470961658919521 0.0545516805585498
-0.020227191218197 -0.0326427669352273 0.154438933347127 -0.467851235824134
-0.0174388356166506 -0.00128520728395363 -0.529059024833546 -0.636606324125077
0.00374662156334628 0.0124978873544723 -0.889458278009645 0.202905523716401
0.0180976475389852 -0.00403806805459403 -0.153749899416314 0.739310702283445
0.00184571027506014 -0.00717995041273414 0.370882050855147 0.370112637111182
-0.0100773934423702 -0.00375190642073546 0.372029218341302 -0.054300290847861
-0.0114993298777826 0.00661281770307208 0.119186956514789 -0.259207960126462
-0.0153230135980392 0.012071502508996 -0.135687642080609 0.184630348095794
-0.0139392354160666 0.0157721079399862 -0.266260318407621 -0.00312653393529595
-0.00775868215802278 -0.00348571437643353 -0.266743685626263 -0.344318546791171
0.00127042597681223 -0.0199470895014852 0.211822985587878 -0.568179932599537
-0.00571269018268207 -0.00727688605846029 0.763914054453842 -0.0799125179910344
-0.0170532155907967 -0.0161244348940889 0.497764301805705 0.591278361285338
-0.015990078034813 -0.0164193318507316 -0.0652847513448119 0.514593506799153
-0.00635052409449854 -0.0207483623656055 0.0494688665294907 0.0421311831328221
-0.0241232676551895 -0.0238292420156495 0.126521752586404 -0.482711268157955
-0.0160543528494316 0.00290696573202052 -0.577622288823255 -0.590404907308194
0.00569441085547354 0.00883252079476935 -0.86035873264634 0.276145979700328
0.0212994083983617 -0.00844935014993234 -0.0845164320588136 0.744024525703774
0.00413606664486945 -0.00398623881039256 0.402161467559708 0.342184017006843
-0.0124594322677774 -0.000371538152655356 0.371539231267279 -0.0724580510166572
-0.0106551347499813 0.00411352880077341 0.112461019647717 -0.260261210635068
-0.011059090193381 0.00949450756405945 -0.137453362597322 0.183046317025152
-0.0146829062172549 0.0159067381650797 -0.261775328321332 -0.00978193542470013
-0.00356498405714383 -0.00162659740362924 -0.241926878217118 -0.356908115782736
0.0059396047175161 -0.0217120935934378 0.252910128962743 -0.554759833552122
-0.00134196894159064 -0.0104105386927933 0.772309220427737 -0.0314830744506841
-0.0126215062091814 -0.0126830194658213 0.456608036385573 0.618553472908067
-0.0190297972555548 -0.00712519986657893 -0.0875578184947495 0.508703086223921
-0.0113639996075481 -0.00981866207068743 0.051552798431372 0.0333949398563586
-0.0253403846502571 -0.0118166331973013 0.104357002347421 -0.491242690358699
-0.0126433172548144 0.00627204230336107 -0.6136085689049 -0.554001626902227
0.00749913019626204 0.00612745417607026 -0.833648140738263 0.32602253254159
0.0217117504659869 -0.0113368922492585 -0.0311213134978966 0.73982563680672
0.00812431681246296 -0.000713410697244805 0.423160292831214 0.320003675700865
-0.012221647092389 0.00179264731168996 0.370138510189152 -0.0832101364137273
-0.00592226477770535 0.0011973162948722 0.10705583978569 -0.260372739600574
-0.00591694526847054 0.00763983510425411 -0.140184768498693 0.181911236060037
-0.0119396184851882 0.0173691005882635 -0.259368576473605 -0.0129075172526335
-0.00038115267281457 0.00157299371973141 -0.226634530245407 -0.364674287933771
0.00886827527899063 -0.0215439592368627 0.279145594708633 -0.55120597759471
0.0022359438184136 -0.0111676961480111 0.775309507640421 -0.00455879183018395
-0.00691135118814999 -0.00677662339308472 0.432477766187899 0.633584459908032
-0.020828746865593 0.00433976966044547 -0.10092322444099 0.50388137775083
-0.0172886593180385 0.00179874898714312 0.0489434573617071 0.0298799569034763
-0.0232893965490452 7.1728451693689E-05 0.0901291555120136 -0.494294269327582
-0.00631574830793497 0.00988187429595068 -0.632927916585081 -0.532689676402799
0.00908170652066791 0.00388869556963409 -0.818899668416072 0.349870680375511
0.0219745303553411 -0.0121513283591993 -0.00266166434419146 0.734159399086915
0.0120842892324704 0.00270266924404612 0.436779660787456 0.307197640365018
-0.00982021187051705 0.00415533155009067 0.368778711479138 -0.0882604746218042
-0.00150979390540061 -0.00136567807980859 0.103536633591372 -0.261758546982084
-0.000471814887942593 0.00709246628677793 -0.140031479604687 0.181272606771143
-0.00875324656099544 0.0187307881082985 -0.259729708012937 -0.0110660575563464
0.0021278951727632 0.00482130542730499 -0.222311902356333 -0.361702653118125
0.00863632500895619 -0.020310965070753 0.283681209346085 -0.553144041877876
0.00546401687398209 -0.0112186704825921 0.774364392855797 -0.00795067737913467
-0.000552966625234044 0.00030002287480916 0.431278306633309 0.633127787883995
-0.0214106685771619 0.0172683048815553 -0.102641251398363 0.505690761844383
-0.0222269760633403 0.0153873193594975 0.0453409646825573 0.0312577353503453
-0.0207749893118025 0.0122380846732216 0.0850214057327557 -0.491527064927442
0.00111314891261494 0.0127623167414031 -0.636778386596283 -0.533966858733607
0.0108581023618737 0.00414983164696021 -0.8208232494012 0.349280282044748
0.0208064409231353 -0.0100723579535104 -0.00114024038412576 0.731140243003381
0.0154332842706773 0.00469541040370159 0.440797702129315 0.308570140346139
-0.00669802808254268 0.00488002923271449 0.370843376096542 -0.0846736178764943
0.00363996176679425 -0.00318459115273252 0.103714726794191 -0.260854812068971
0.00439859957577461 0.00710491693976092 -0.137450371143568 0.183709942554239
-0.00354332541335288 0.0208405008161219 -0.262677026603956 -0.00324936200403849
0.00398121563263909 0.00639155166471616 -0.231269178770011 -0.353366163473363
0.00525033283217584 -0.0174350022561601 0.265436495918183 -0.564824477010292
0.00808430459768055 -0.0096056844589624 0.76939689695024 -0.0410355555035638
0.00533887121950045 0.00662328482508767 0.450620479045959 0.614798123905302
-0.0214799820133363 0.0285366039188654 -0.0941500138077164 0.509040477752463
-0.0260335170406622 0.0278380560320243 0.0411551264128662 0.0377858148749615
-0.0173128110619448 0.0224105130096138 0.0921623732920008 -0.486427102746226
0.00821159519457435 0.0168574156953594 -0.624931038111025 -0.552754997350355
0.0136464514551079 0.00379794053849933 -0.840305122124639 0.319783453343761
0.0209552896364289 -0.00706143695913182 -0.02628386460823 0.730506123017585
0.018383459971389 0.00656724762648954 0.436995272248398 0.320859636121895
-0.00200217200124605 0.00541069556423037 0.371651747758923 -0.0759304525065088
0.00984230378996551 -0.0040443167346718 0.104273495494536 -0.260084264814486
-0.0152117756335195 0.019583378360827 -0.118631279538303 0.191333503805481
0.000215393355830562 0.0123266291860488 -0.274047324764427 0.0370319445629576
-0.0137969410068408 -0.00393515878754549 -0.342342536663205 -0.268707003125663
-0.0131720042357962 -0.00798236725280332 0.0337548260484161 -0.579574323708412
-0.00831715153727778 0.00327307147653478 0.678757784176805 -0.271389214901329
-0.0175343727137721 -0.013085016469717 0.616687840940148 0.436155356789539
-0.00968585990624507 -0.0207580210928022 0.0234830920003923 0.527839772666788
0.0039423032206083 -0.0285118937821528 0.0363662409596321 0.0836860632409991
-0.0102473988334598 -0.0365234596168123 0.20377509733953 -0.420813806847852
-0.0140974811605025 -0.00558305184490485 -0.403917139171433 -0.712894195553161
-0.00168261009025064 0.0196012104238493 -0.919142375780277 0.0310865321038832
0.0100933409451095 0.00769902888412767 -0.30136166662811 0.705194106175138
-0.00101392026306535 -0.00937419937472594 0.302303822913371 0.425928809969963
-0.00128214652699323 -0.00551896909472383 0.368072329905786 -0.0133329158705712
-0.00886901517276986 0.0107043367345055 0.130727544069291 -0.25549343149323
-0.0170287047001346 0.0171855230718268 -0.123709106596024 0.189128611841392
-0.00672254737827897 0.0140440674509735 -0.271475687167285 0.0227252046102296
-0.0134796749276741 -0.00524479176271556 -0.319742891858424 -0.294388920532573
-0.0089555575681489 -0.011515926888595 0.0898858157595242 -0.576383999251895
-0.00900321897570957 -0.000228831338783879 0.708282936423732 -0.211292334883589
-0.0194598484472178 -0.0165629870775629 0.582163412106744 0.485993005789571
-0.0121179166637259 -0.0243300344078934 -0.00607267037050716 0.522463122952265
0.0031754765554991 -0.0316852899210749 0.041089556860852 0.0689050599205211
-0.0149055898086688 -0.0369115679157108 0.181637776301552 -0.440569006475083
-0.0170887054737744 -0.00446662447352214 -0.460180628098949 -0.674856314629835
0.000345987342032266 0.0164039273330842 -0.90333421365635 0.113401070559035
0.0147288163070015 0.000982954783159337 -0.230913507112734 0.722617236149377
-0.000123010861435224 -0.00907583126219177 0.333416672537491 0.398048923166492
-0.006910962229355 -0.00504817294799708 0.3685921233388 -0.0338712611930646
-0.0112870562547499 0.00867346661965301 0.125599036059693 -0.255145781175446
-0.0180287273925675 0.0148500439147138 -0.128377634662995 0.186848713296424
-0.0107102744042698 0.0142417620805783 -0.266637402346911 0.00878201372055642
-0.0112797645452729 -0.00519332182145737 -0.290835792630984 -0.31910803727444
-0.0043043953117863 -0.0168577854032099 0.151890345915675 -0.569121675334119
-0.00836522589742988 -0.00404611893486265 0.734035110008398 -0.14130511015485
-0.0196149783759014 -0.0175630324292312 0.534987912891105 0.5389586972119
-0.0144200559312373 -0.0228627180394041 -0.0380037066573902 0.514203304703501
0.000498087950502133 -0.028642158949047 0.046274680611842 0.0539400595434399
-0.0204790457745943 -0.0329870831308906 0.153277604252471 -0.46040173909234
-0.0181974319648781 -0.00137581834983536 -0.521187260649638 -0.627627014040867
0.00320696687645896 0.0132508206333191 -0.876700525266242 0.200860210313229
0.0178620833852885 -0.0049788198556216 -0.151403294258204 0.731436574069952
0.00131774083716466 -0.00727582469135078 0.367109292828391 0.366900223460247
-0.0101869623696263 -0.00297305917931326 0.367328926940323 -0.0538429205646551
-0.0118075174088124 0.00694050232446305 0.118895227986022 -0.256555921761672
-0.0152981633673999 0.012507912751396 -0.133203298804156 0.1841896024632
-0.013489471289566 0.0143563103206791 -0.261332765619913 -0.00159899602601642
-0.00766000098056864 -0.00384092878167924 -0.262105834329791 -0.339714763869857
0.00167440876620618 -0.019434128027417 0.209315782264698 -0.558617682330149
-0.00509289861550233 -0.00723704702964432 0.754995233082457 -0.0785790763777374
-0.017198078436823 -0.0165940012684452 0.489045768802067 0.581473875435802
-0.0157789567494548 -0.0168294626585175 -0.0653326435172048 0.507607586251389
-0.00508820422025053 -0.0212846898029837 0.0491877645152106 0.0417670256127358
-0.0232713800300293 -0.0228710776531516 0.124367907827572 -0.47650486286904
-0.0171456593080305 0.00286397845076908 -0.569982932212096 -0.583400736142101
0.00643927056279957 0.00850891769062666 -0.849845814623598 0.271289645313952
0.0196502015725609 -0.00835203308602374 -0.083361896710936 0.733526111099673
0.00372787126372932 -0.00378815202201017 0.396215558908486 0.337167154894717
-0.0118350543385227 -0.000637905676952941 0.366809924781773 -0.0716317696240433
-0.00917139313044795 0.00428424087774091 0.110679739549569 -0.257606957534087
-0.0111186882847189 0.00983444020562873 -0.135975243680682 0.18193706646803
-0.0141709892155549 0.0157404528444856 -0.257520390408813 -0.00918950532030057
-0.00298828352753202 -0.00197033525013233 -0.239534193914966 -0.352209115684883
0.00628765897726402 -0.0206902833469425 0.24943214006588 -0.547252310022822
-0.00108552079525747 -0.0095404815302591 0.763116083437822 -0.0317445447065738
-0.0123534099997928 -0.0125151829542162 0.450901495475644 0.610331297648888
-0.018291472142092 -0.00730438833898565 -0.0863673955326976 0.501668588350499
-0.0106045983941223 -0.00994043314035177 0.0493778207294248 0.0332793865199984
-0.0250357202319418 -0.0121066354094569 0.103321976636512 -0.483014813482301
-0.0123784707491276 0.0057759910626676 -0.606191124935878 -0.547442589033938
0.00781558375082341 0.0057252104397549 -0.825101500980267 0.323398364272103
0.0211714186041813 -0.0113769886861846 -0.0310044767436699 0.728642626333899
0.00817925825012423 -0.000971426440484004 0.417968448841555 0.314344681860163
-0.0121835204936933 0.00226663970609121 0.365429405860667 -0.0829838580107657
-0.00687940261632792 0.00117558509965733 0.106003141413102 -0.258146654839824
-0.0056434821478001 0.00726814026605227 -0.138460857248696 0.181288070576192
-0.011693302431323 0.0158894160979527 -0.255820143639357 -0.0115839653339921
0.000426093060951948 0.00110508866416991 -0.223321785403551 -0.359710035165972
0.00921676252613295 -0.0211625151745597 0.276819400865337 -0.544693688072714
0.00283265987110244 -0.0109306117482079 0.763648962231355 -0.00523708320943902
-0.00654568461298776 -0.0066989923228033 0.42691426115776 0.624326355857872
-0.0204999099167445 0.00445197095541101 -0.0999520931941391 0.497076363020697
-0.017144475989337 0.00278054492497473 0.0484372307023267 0.0297389890603121
-0.0228682055438671 0.00097853242902642 0.0880311677157092 -0.488137063334506
-0.00597917051339037 0.00955652533700888 -0.625746979962928 -0.525933251390237
0.00953629642190435 0.0037695523510627 -0.80929576577163 0.345271102786604
0.020923584295531 -0.0122154861285524 -0.00242240295102523 0.725658895876881
0.0113929483036737 0.00195966865417021 0.430914047730113 0.30225035117573
-0.0106000100483445 0.00391352056358997 0.364589200064118 -0.0877103877952231
-0.00142074065597014 -0.0015849144795809 0.102821653380086 -0.258139240824956
0.000401153116257745 0.0078171836315586 -0.137946353755499 0.180239060041111
-0.00845902598979118 0.018896376431861 -0.256109421973773 -0.0089487279024361
0.00233579323308684 0.00459858378349451 -0.219319175766088 -0.356835540643567
0.00760822220623317 -0.0195362129940001 0.279437711451765 -0.548385158054286
0.00578866190226052 -0.0108031368342307 0.764652594909628 -0.00834470835470574
-0.00107687157979346 0.000276106914691484 0.424902181266139 0.622418964179115
-0.0218643353576716 0.0169752918915481 -0.10235282205252 0.497647269693241
-0.0211025136905933 0.0150604056361434 0.0458583122117519 0.0303611480409414
-0.0205215876954968 0.0130396142247142 0.0846533807782713 -0.485524759283339
0.00069898995421832 0.0126751668348355 -0.62831631443577 -0.527034458309849
0.0110528995779582 0.00316557925595286 -0.811952464871206 0.343246633481827
0.0213968181711085 -0.0107439667179984 -0.00107945228616238 0.720896579743899
0.0159997733638694 0.00479531682512228 0.434066776694 0.304512914616021
-0.00683837249317033 0.00514462306608609 0.365484486038251 -0.0846221664024319
0.0043960470319428 -0.00305113259641596 0.101829531786927 -0.258202501096933
0.0045658877604372 0.0075353128442289 -0.135800192392412 0.182713834823373
-0.00341384916094944 0.0196204469037127 -0.259352837227886 -0.00340589124453471
0.00409201191705877 0.00644522155599204 -0.228117533688677 -0.349279049270264
0.00553496772412587 -0.0168302859482966 0.260867383376009 -0.557576768245532
0.0082218956909525 -0.00976520628340237 0.75876348846837 -0.040752559226092
0.00490337279087156 0.00555310824341688 0.444106794743773 0.607161311467421
-0.0212486041035828 0.0288486587193208 -0.0931282665729231 0.502678942630893
-0.0254276856211762 0.0276979106830858 0.0413739010050158 0.03716252072392
-0.0171385268134919 0.022526234156812 0.0910715252827017 -0.479394961749018
0.00785821514407344 0.0157728045922455 -0.616267669437832 -0.546168825231807
0.0131372267323932 0.00424533295610369 -0.827593830322165 0.315090667002445
0.0207242844930737 -0.00691598786330336 -0.0255141550670939 0.720814566728117
0.0182483770743873 0.00628220686204404 0.432328088500471 0.316865222123785
-0.00181277184937678 0.00483406097468167 0.367074157921693 -0.0747599456327753
0.00957388852698776 -0.00402620306270481 0.102956292228397 -0.25775256758766
-0.0150124895862842 0.0188010633971755 -0.118284820343084 0.191244031056992
-0.000788391381477976 0.0121478517703106 -0.270066684164974 0.0380210736331485
-0.0133583420799625 -0.00467393998714967 -0.33798823524867 -0.267854764591875
-0.0134369214699467 -0.00720908792983236 0.0318548506575204 -0.573654454228796
-0.00809142044914255 0.00368988519926603 0.671777612213762 -0.267615372338136
-0.0169718033346571 -0.0135432202559041 0.608297205443167 0.430797819385571
-0.00955720336731632 -0.0209406702480828 0.0235783043580032 0.52028068818753
0.00450882230391351 -0.0282020151209539 0.0353990760924798 0.0825373645162743
-0.00951005696126202 -0.0351005856009351 0.203522687268964 -0.414641019854796
-0.0136886784255343 -0.00511827040043167 -0.397490109901614 -0.706007115889455
-0.00204362389636208 0.0195307307318979 -0.907859109037276 0.0277215272209485
0.0101165760907136 0.00776829875847798 -0.298414768955449 0.696824305455521
-0.00126855659323388 -0.00952342094059157 0.299034257694983 0.421552306443783
-0.000524832292767076 -0.00571661412671536 0.364076797253655 -0.0137817262013918
-0.00814545883125667 0.011348326428592 0.130180820094804 -0.253378427748679
-0.0172720205955505 0.0170170185783673 -0.122647912315569 0.188673381526914
-0.0067537912889149 0.0135077400576083 -0.26775527101931 0.0230740853296212
-0.0132110518860458 -0.00471674417236532 -0.315391862684726 -0.292852725243677
-0.00901943806256177 -0.0119057546686681 0.0878603568227879 -0.56989838610632
-0.0083111647243012 0.000272111409763917 0.701810278497107 -0.20821997684634
-0.0202846166243607 -0.0160211870642979 0.574172916474617 0.481282890346833
-0.0120772737282834 -0.0245017606935607 -0.00494284899004579 0.514693721265311
0.00397680384229532 -0.0318044840611255 0.0414171084298556 0.068946328049374
-0.0147722027965755 -0.0371036004231877 0.179885806148975 -0.434114534347184
-0.017351559504825 -0.0043721761991557 -0.45292362030467 -0.668974268854693
0.000951826760497192 0.0156961652970451 -0.891498708189096 0.110025190084784
0.0150061538638178 0.00141336869177278 -0.228427951444175 0.712515901576365
-0.000506389673425715 -0.00932360218475746 0.329061092326485 0.394153674340097
-0.00612526864335518 -0.0046175837446359 0.365220360927972 -0.0336466492324052
-0.0107291089800429 0.00907555007411043 0.124775173551917 -0.25406140427317
-0.0165966326523213 0.0145146749516349 -0.128124750367049 0.185731493211979
-0.0105976696960572 0.0134535859093487 -0.262943873804577 0.00866011819266641
-0.0109807980478596 -0.0053955764462312 -0.287330557276387 -0.317642693240649
-0.0039090725300504 -0.0159459673621754 0.150462394320593 -0.563131480595162
-0.00768047423337965 -0.00373245367136694 0.727226746605142 -0.138049343621438
-0.0192858215084998 -0.0168440188975964 0.528235408702012 0.532966171859375
-0.0141241938240424 -0.0220635027841889 -0.037049834325445 0.506948825235724
-5.2507157775716E-05 -0.0280378291887605 0.0463570702787591 0.0539950475721865
-0.0194433915677038 -0.0319816467561309 0.152143558918979 -0.453486830016441
-0.0182109238241994 -0.00116127589560973 -0.514297673871329 -0.620541657553127
0.00369391622535736 0.012651858865563 -0.867371862348418 0.197625477269488
0.017861632367836 -0.00425982893082807 -0.150419033187412 0.72273308108225
0.0021143920556603 -0.00738895868636607 0.36243693541496 0.361857114865967
-0.00985209572971544 -0.00352602268258333 0.363373800740133 -0.0548194413239225
-0.0112021135028586 0.00649372240398249 0.11644579771761 -0.254628734882373
-0.0142371600931599 0.0116860817172472 -0.132529969296749 0.182628290074708
-0.0133874744841486 0.0147020195953036 -0.258143470012654 -0.00213857908076639
-0.00708545708488405 -0.00432197277366118 -0.258888341232387 -0.337629495305226
0.00203196011208644 -0.0186796464333806 0.20762950551481 -0.551506842049006
-0.00464574803054668 -0.00750366275328769 0.745015478471666 -0.0772024766614449
-0.0167281606277938 -0.0155892578606186 0.482459078845483 0.574688872100144
-0.0164569318386752 -0.0170294693052988 -0.0668534313261468 0.500043754372058
-0.00562168457865021 -0.0204765223313042 0.0492283463115009 0.0426031188324071
-0.0227637706906644 -0.0226231909562532 0.124636685199397 -0.467820971754834
-0.0165569340404874 0.00241491697680467 -0.563358828738663 -0.576558447169895
0.00597378036809514 0.00914462555579308 -0.83839799832048 0.266269316776331
0.019542671632283 -0.00875470434034268 -0.08190103521035 0.724927647776521
0.00343972994817649 -0.00418028093035992 0.39207049373525 0.334347697965785
-0.0116889039697766 -0.000976312972482423 0.363063891443982 -0.0723740002705014
-0.0102945966103389 0.00372116961038476 0.110109738993225 -0.255197431458802
-0.0103674616634948 0.00904317171527173 -0.13503213674332 0.180605745161291
-0.0132304622008179 0.0146933885053135 -0.254145934504364 -0.00895754337317561
-0.00292643527417532 -0.00119365239720459 -0.236347191661704 -0.350245016091107
0.00637204959462289 -0.0201258630907232 0.2473810202077 -0.540348488015316
-0.00177851139313202 -0.0099883779347362 0.753115416070727 -0.0293296099783127
-0.0124309754042285 -0.0126924951679995 0.444316869765106 0.602167835403457
-0.0181390645186334 -0.00746669110328287 -0.0872421475009573 0.493002337991012
-0.0107314803426524 -0.0100584109435765 0.0491647236171818 0.033188829412016
-0.0243999419373952 -0.0119031960227226 0.103381911622763 -0.477990861837169
-0.0119584328223489 0.00577007381053635 -0.597642250059711 -0.542916334079813
0.00797022368257958 0.00666979824176318 -0.812012494599063 0.316951973477815
0.020587367123331 -0.0109157150468157 -0.0334682275617919 0.722647950253029
0.00811333218969176 -0.000834663863824202 0.412159388470599 0.310899398775995
-0.0125006328131473 0.00158678870226533 0.361727391214564 -0.0823851054240656
-0.00648343789965362 0.000926391702325408 0.104703510304401 -0.255486302939164
-0.00521111989366056 0.0071037074186494 -0.136845988385446 0.179608760745637
-0.0115919927094286 0.0161484173613085 -0.252059658940585 -0.0121968853066379
-0.000121816023282445 0.00160575189744692 -0.220230158029393 -0.355821091640632
0.00823494386987463 -0.0204399606629304 0.27333370511649 -0.53691892175411
0.00279112782727946 -0.0106354944607933 0.75631247469459 -0.0037071486141164
-0.00632227801734946 -0.00689983371950279 0.420778023838965 0.616842345500673
-0.0201318672685069 0.00479997845991171 -0.0998703649413765 0.489999860687998
-0.0163581589798731 0.00249909195974743 0.0486311520034431 0.029396740820596
-0.0228757507855212 0.000275347330007497 0.0892901123352688 -0.480327979321006
-0.00615487766741603 0.00974371510087248 -0.616086401766568 -0.522198443280084
0.0092706985461133 0.00359489943909435 -0.799928810366132 0.341461519500495
0.021578112797807 -0.0116341610073135 -0.00221160619311498 0.716068272808124
0.0115511620849183 0.00245346946574506 0.425819802681269 0.299681176354973
-0.0106901517670579 0.00332076345210489 0.36031893730929 -0.0873056654227835
-0.0013591533605657 -0.0014917140088687 0.101670658743803 -0.256607344741626
0.000199343713835062 0.00665149373736496 -0.136496007975562 0.179205315844052
-0.00832184939121375 0.0177989126783272 -0.253024572669692 -0.0101710628206782
0.00236357724245606 0.00387353601584425 -0.216395122199353 -0.354562302570248
0.00894135400330926 -0.0192268827987748 0.275614476701761 -0.540422755403502
0.00549769714612486 -0.010661954669383 0.755432381621658 -0.00774467208490308
-0.000826311590258481 -0.000840725553496801 0.417838642171728 0.61659466172121
-0.0222978234040019 0.0167049786120956 -0.102714029899136 0.490866085249617
-0.0217828605195256 0.0156184226660517 0.0458205005733324 0.0304252304099319
-0.0194659167103177 0.0124162405699705 0.0859380633404833 -0.479974255372432
0.000396112515496171 0.0121221769006209 -0.619660772126149 -0.521219776727329
0.011205426989042 0.00407952210506448 -0.802298769861902 0.33792372205733
0.0204845828105541 -0.0110598848349836 -0.00152103852643069 0.712921405301687
0.0161785022861376 0.004623500206038 0.430027349729077 0.302834628337679
-0.0072842907515301 0.00463054673604565 0.361652187021846 -0.0844012940765531
0.00474474371717095 -0.00369336028808722 0.0997175586655938 -0.255159898155713
0.00475426907986221 0.0073554599788553 -0.134182338772076 0.181545693647537
-0.00401736280250252 0.0189854275285476 -0.255235436174926 -0.00286851698561662
0.00346311708467904 0.0057276820573525 -0.224829395070564 -0.34718982886081
0.00578171883634919 -0.0166097109297052 0.258210555679923 -0.550222014900254
0.00805946592291451 -0.00926152309980166 0.751092226697981 -0.0369672675890445
0.00522665735196387 0.00524472591748642 0.436447466955279 0.600611279172954
-0.021660878649966 0.0283501435949014 -0.0941841042154869 0.494158204778721
-0.0249905497310769 0.026560696088473 0.0414047619148271 0.0368752018029357
-0.0170019454212837 0.0223248162146146 0.0921810091590922 -0.473474880554951
0.00796171908813961 0.0150248965221811 -0.608015422593888 -0.542319157159703
0.0136695618132456 0.00436990636175956 -0.819613372862929 0.310297362057465
0.0199030160545142 -0.00772396589785953 -0.0269078774092685 0.714018583795887
0.018000458826297 0.00653711831733203 0.425949784966137 0.313617877054616
-0.00214455584132014 0.00561000906135459 0.363349475570681 -0.0739404315413104
0.00989554022770732 -0.00436645229396578 0.10289493924774 -0.255352999169666
-0.0140769332087683 0.0185030975049545 -0.117535203556663 0.189338898056055
-9.58359096493548E-06 0.0118022329026624 -0.266485821068067 0.0361303626874728
-0.0129445508884723 -0.00500637545494777 -0.332750734646402 -0.265812816791871
-0.0123554064379299 -0.00666760435240203 0.0338663372986798 -0.567367632367198
-0.00753605061406893 0.00354108673540858 0.662429451974772 -0.262473421885747
-0.0161086040859148 -0.0132162218648305 0.599362557268543 0.428848113246847
-0.00989920987300963 -0.0210893825111972 0.0205565073029379 0.514264020832533
0.00424282567685284 -0.0286411050902458 0.0352919162914559 0.0826139235302789
-0.0094120040225471 -0.0341487843415599 0.204269171958129 -0.410012309900938
-0.0138489455475819 -0.0059916620966046 -0.389022227872048 -0.701760473971563
-0.00118633536721926 0.0191359016376464 -0.897385213552759 0.0223531832741178
0.00978442975288091 0.00751939974123316 -0.297698116140988 0.688872888134373
-0.0019700105045745 -0.0087753867879241 0.293359666302672 0.418390709422603
-0.000970215870011708 -0.00465317492337526 0.361166732953753 -0.0129470577642509
-0.00839708796713728 0.0107802249986298 0.129955084719493 -0.250905070025855
-0.0166817880191724 0.0167025688947346 -0.121457670646001 0.186525052818373
-0.00590743332381149 0.0129999111434842 -0.263839290799198 0.0225095202470894
-0.0123619515114079 -0.00609588549404789 -0.310969340889919 -0.290372968803726
-0.00909263025287006 -0.0109552326424518 0.0879180613699228 -0.563376616276505
-0.00848104678212019 1.49851831848834E-05 0.694442576097388 -0.203509058554369
-0.0189284770401696 -0.016299179742802 0.565083495328018 0.476383321616788
-0.0116433189515721 -0.0240360738365673 -0.00810109437373533 0.508704356867703
0.00400365003012191 -0.0316177433274782 0.0405767744234395 0.0673653317466275
-0.0136290811387978 -0.036027850270416 0.180861410105561 -0.4283466069241
-0.0177100934311213 -0.00490031908576395 -0.445357246061652 -0.662402278473505
0.000966775283765369 0.0157941574912575 -0.88510759167205 0.105243717378036
0.014393816969717 0.00187100977137067 -0.227394987977978 0.705867114822846
-0.00069637064357504 -0.00874414429254161 0.324494422519353 0.391845365920455
-0.00643000134094777 -0.0047828110473663 0.361723098963997 -0.0318066591798616
-0.0108700268775205 0.00877259095289109 0.124462254645546 -0.252197193026181
-0.016626505824738 0.0137577170535249 -0.127601600769898 0.184533734827447
-0.0103981149957388 0.0141829197081936 -0.25989019568481 0.00847500224949482
-0.0102203108259921 -0.00488875263755178 -0.282469458203951 -0.315529216416006
-0.00359811696186834 -0.0155233640133286 0.151515252578637 -0.555963078806357
-0.00779371927098481 -0.00400200193352452 0.720404442435454 -0.132586029820653
-0.0186077191700217 -0.0172233696132324 0.518569519939394 0.529278855167156
-0.0144525821062264 -0.0218166220564549 -0.0379840788186894 0.501591123292564
0.00109190572975903 -0.0279817755875895 0.0452535476478526 0.0529421834623243
-0.0194971346275852 -0.031268537428571 0.153032013480351 -0.447576575558733
-0.0186330976099692 -0.00160807421331662 -0.506586938502394 -0.616831810092821
0.00360945062443301 0.0117091125696989 -0.857259950069715 0.191438105052957
0.0176332580675476 -0.00384216140706668 -0.153100419624155 0.715087640666176
0.00177669928272566 -0.00753054116899047 0.358314268110169 0.360902149106545
-0.00965413937906107 -0.00358619747482099 0.360288113302408 -0.0532232774775509
-0.0107957122921441 0.00613813820185391 0.116402957273894 -0.252005793380642
-0.014140308827706 0.0112126020628006 -0.132212995146817 0.18159204488336
-0.0124491711602817 0.0143321642495633 -0.254405749887176 -0.00357805074219094
-0.00777766602769371 -0.00430444988575166 -0.256302847896094 -0.33526021017828
0.00215685900370484 -0.0181071064569804 0.206318160458056 -0.545085192206773
-0.00447528802053947 -0.00747422885869267 0.736514201986965 -0.0733234545139691
-0.0164223193350033 -0.0158821955045827 0.473969874018509 0.569549209330296
-0.0159951702973264 -0.0162610375283266 -0.0683607701839616 0.494445094343704
-0.00444867977906917 -0.0214030517393786 0.0486470520338333 0.0410869132742305
-0.0222824007241613 -0.0223082007232661 0.12569683841141 -0.463784596338657
-0.0162696819670869 0.00142651011911465 -0.554468184913128 -0.573606658860855
0.00609776551941062 0.00872816506088275 -0.830573466013703 0.261255944321565
0.0192199001099972 -0.00877995782910755 -0.0843591802781282 0.717863658385351
0.00384098358811223 -0.00398361987100779 0.386364303908875 0.331753520328612
-0.0118231004181042 -8.02951383783606E-05 0.358997400732366 -0.0701176216102627
-0.00851262900173255 0.00350253624399661 0.1103978850188 -0.253289785895449
-0.0101446401599594 0.00833357008614289 -0.134631945784749 0.179618457558326
-0.013627227211554 0.0145285601676888 -0.251476853084909 -0.0092464474629839
-0.00343316513514661 -0.0024978954763984 -0.232118872901226 -0.347265866928192
0.0065056914591577 -0.0195722562639111 0.245525671058135 -0.534520624643728
-0.00112928149727798 -0.00994363872164783 0.744136531733668 -0.0260786849285054
-0.0122814998889154 -0.0130097975475544 0.436898156582314 0.597425402664366
-0.018926414204639 -0.00683677102846608 -0.0871349683910288 0.487181606868198
-0.0102048298107235 -0.0104075432567889 0.0497263360140949 0.0331661382972289
-0.0238469109662121 -0.0118567541717058 0.105843972970079 -0.471134641476057
-0.0120789883590257 0.00553539747249747 -0.590559362135527 -0.538513619904452
0.00709009453794579 0.00568484935285303 -0.808604668632536 0.311432438505178
0.0209119757313054 -0.0111879761717902 -0.0352311137763795 0.713572732541885
0.00776806578651071 -0.00174372055763605 0.407463104868382 0.309947089810071
-0.011866115556386 0.00217589945957242 0.358296923631132 -0.0814199237008596
-0.00513443962305829 0.00101421935313963 0.105076313636552 -0.253261521501278
-0.00519469879027958 0.00773043536071905 -0.135877678235476 0.178307209574102
-0.0111168378711772 0.0160128176439434 -0.249377196031932 -0.0116187942203834
-0.00014698308002784 0.000772230238090441 -0.216585858529829 -0.353374347931573
0.00951146923490001 -0.019973694367202 0.272343109763872 -0.530684313124877
0.00270703762816324 -0.0111760521682202 0.748335899390961 -0.00160379708675038
-0.00671984363433744 -0.00723014104781301 0.413346826299569 0.611842695508578
-0.0206770590085812 0.00449559932919971 -0.102519827983993 0.482932472312492
-0.0164134938181764 0.00217524815693704 0.0489489073658298 0.029823185055189
-0.0218241242624486 0.000232725445431143 0.0921091451591921 -0.475618894460061
-0.00641620632053328 0.00877212079053395 -0.608351190817163 -0.519486793125826
0.00950329430770113 0.00413761466127464 -0.792761017883568 0.334718147285785
0.0209683029105685 -0.0119235447994652 -0.00786578267874912 0.709984117551969
0.0117493001509317 0.00221249129192714 0.420307006635007 0.297594232562393
-0.0104602043498879 0.00338764901739414 0.35743585539087 -0.0856453382445657
-0.000991415365310674 -0.00129623188074024 0.101726044824971 -0.252870388720991
0.00073798332549107 0.00629187323038211 -0.13593014263815 0.178560641728839
-0.00874061474643334 0.0169316182457191 -0.24847297000319 -0.0104890292907336
0.00212424846217158 0.00335570158516896 -0.212745622303724 -0.351226722910213
0.00865163516884181 -0.0186472660741778 0.274843474632701 -0.534256788718108
0.0061719033193105 -0.0103736306543922 0.745968693509266 -0.00481276404880725
-0.000955501633107335 -0.000513142434112903 0.411913019372201 0.611417630182789
-0.0226924882483369 0.0171441240790214 -0.103425901927598 0.484462855823922
-0.0205270788717503 0.0146016253604631 0.0448990733611281 0.0312533325947346
-0.0202760900670056 0.0117969078365536 0.0880097973934248 -0.471678823671026
0.000265129352525618 0.0120607462190995 -0.611427781718267 -0.519579164945387
0.0114359031032739 0.0033443111363042 -0.7946753336608 0.33164799961904
0.021081510519592 -0.0100939436021333 -0.00658264923719905 0.705621629449837
0.0155358117793902 0.00444219041227509 0.425553886017027 0.299727751370383
-0.00684480522033883 0.00441557930497201 0.357845504486472 -0.0837470938086907
0.00407262960741869 -0.00365712917398989 0.102046127795062 -0.253184771970621
0.00485840293699567 0.00710546530624049 -0.133615072008741 0.180132475049248
-0.00354678196768426 0.0183761519905541 -0.251323707985724 -0.00344541325811699
0.00413975625630466 0.00547698540826339 -0.221811211269359 -0.343300568417381
0.00552613803927654 -0.0163247550205013 0.256608876079833 -0.545052123771145
0.00728936400485106 -0.00965526637850281 0.743578248782704 -0.0346745584677138
0.00551408772523396 0.00530796998246742 0.428429003615875 0.594302544044802
-0.022864080598061 0.0288659879988726 -0.0940283547890344 0.48890657569645
-0.0242896055224774 0.0258509830850184 0.0404229979389571 0.0373207942749638
-0.0161538952935983 0.0230873631495124 0.0940015096832588 -0.466860646945098
0.00773373453897977 0.0147041703060166 -0.59818413456913 -0.537930663914682
0.0137306842046747 0.00340117223489762 -0.809922643436053 0.303217288181619
0.0202779660941967 -0.00709649467192858 -0.0287074123548435 0.706875344290774
0.0181386279446333 0.00548585173441105 0.420178951606242 0.311040604639297
-0.00140282612258211 0.00477933608297919 0.35934246463455 -0.073811789950663
0.00969867868367882 -0.0045077602428017 0.102854378784394 -0.25334325311805
-0.0149120615480646 0.0181995287597664 -0.117146737741488 0.188531161209752
8.64487903758375E-06 0.0117621272083928 -0.263784718931107 0.0349895910869503
-0.0130825458960615 -0.0052250790958656 -0.32910017298284 -0.265271778251969
-0.0123986774270693 -0.0060825323064027 0.036197580614378 -0.562006729401342
-0.00780191828290436 0.00395064560279419 0.660374298101644 -0.25675156233179
-0.0162159403320405 -0.0130819633234112 0.591307554147598 0.426889651772535
-0.00960708934687847 -0.0210340280155114 0.0176692909895279 0.509446220683499
0.00469533091949086 -0.0288132161808482 0.0345647863073151 0.081093338407276
-0.00848773697290892 -0.034178421193214 0.204129105827398 -0.404335072787238
-0.0135921098721379 -0.00585781253995735 -0.382823267772876 -0.696013269008758
-0.00173190053548481 0.0183189779562361 -0.89118980187047 0.0206172744549897
0.00989643525130408 0.0076797135024243 -0.299529969863347 0.681276686299528
-0.000826824188848621 -0.00909713866639896 0.289471971338758 0.417223408374058
-0.000939572154491692 -0.0051215039302101 0.357904951036299 -0.0121748178710283
-0.00833555712254618 0.0106010117702636 0.12987891551565 -0.248971604850159
-0.0170092595517365 0.016594915310797 -0.122191632597189 0.186460151067682
-0.00591768551232492 0.012813782013125 -0.26230642374085 0.0217418273668291
-0.012563766444057 -0.00564380699656166 -0.306832442375907 -0.290345382342893
-0.00802307387583723 -0.0105779500769148 0.0900773154034349 -0.558304115551309
-0.00873719943652303 -0.000122478920598821 0.689250355607659 -0.199268511053206
-0.0187119451225081 -0.0163359266786634 0.558586157614092 0.474307493059428
-0.0116793436438014 -0.0239888567821199 -0.0108604097749214 0.502866932216854
0.00372123616358576 -0.0312105208106593 0.0401011262001257 0.0679508426779217
-0.0130785855140003 -0.0359456960853347 0.182109466797106 -0.423417346496866
-0.0178057648484605 -0.00543178995306352 -0.438056541437324 -0.659357394475914
0.000190979860395249 0.0156391445155974 -0.876992997414207 0.0993672148965497
0.0136083699515104 0.00161675069795396 -0.230622722884161 0.698861419634805
-0.000272414882448543 -0.00959891767608065 0.321860521093061 0.390329990309874
-0.00616216449549607 -0.00464831219766019 0.358156687572839 -0.0320876659582557
-0.00997010820609352 0.0085060417072198 0.123412955600921 -0.249591295768983
-0.0164791009187231 0.0132641808114574 -0.126419590835142 0.183145867372376
-0.0103247233877662 0.0133578243757313 -0.257768421743222 0.00752063199955669
-0.010870463602001 -0.005877676437397 -0.279410923359476 -0.312881550811283
-0.00318290391548149 -0.0146484623611007 0.151264952236863 -0.550761991309357
-0.0076055971454842 -0.00364924395973225 0.715568574462656 -0.129173537560715
-0.019104279921336 -0.0171193501360823 0.512807064855236 0.525922498252247
-0.0142811258351586 -0.0218858396296597 -0.0410892828290518 0.496626289582237
0.000548866334198348 -0.0280783163743608 0.0456755215090851 0.0528494585600165
-0.0183546927251792 -0.0314544035334567 0.155564308429293 -0.442744631055481
-0.0177765716919337 -0.00231164614745389 -0.498907034617911 -0.614466556685895
0.00403477535410816 0.0120445230911935 -0.852420024129705 0.185537502727858
0.0175606616876534 -0.00334757619842763 -0.154775103992705 0.710246458428904
0.000924572767210536 -0.0076688206410084 0.353164776916529 0.35916389255989
-0.00958389574400758 -0.00287395055523964 0.359117530353078 -0.0513533251254586
-0.0102327778771688 0.00628539558840454 0.117110817035923 -0.250164725040278
-0.0139767712359253 0.0113220043140999 -0.131581714084315 0.180493274428652
-0.0132718175308902 0.0133096744427812 -0.252105789112706 -0.00381071503287733
-0.0072061312990326 -0.00471773898626471 -0.250867713106766 -0.33397255801037
0.00260972132748825 -0.0175073312597568 0.205612768080704 -0.541156884248369
-0.00437734839637866 -0.00774275059776912 0.730716666985246 -0.067599721133343
-0.0162717401146814 -0.0158559804388366 0.466448481860007 0.566258535334581
-0.0162489145314113 -0.0159284829988192 -0.0695780034727907 0.488992668997023
-0.00402035857161519 -0.0208828830868782 0.0479035494300571 0.042128097400954
-0.0219196389759567 -0.0223958406315465 0.128212109184356 -0.457308936031141
-0.0160004851347741 0.00108448943873732 -0.546859331711944 -0.570737699180964
0.00622502404404474 0.00858115910732106 -0.825777198695704 0.25463495373412
0.0198368163537938 -0.00837875580315358 -0.0888231486848706 0.711569382837183
0.00489405123154444 -0.00434475536078143 0.381124345560358 0.331050465563813
-0.0124037558772316 -0.000716079625541304 0.356847047803831 -0.0685629139524411
-0.00896904375967792 0.00343893096215513 0.109298241468584 -0.249953949709314
-0.00971019805590794 0.00846746206585819 -0.133828759576875 0.178751748878558
-0.0131970442651891 0.0147828757833711 -0.248431589167897 -0.0100357922134401
-0.00271913247318334 -0.0025518373766597 -0.228339516236454 -0.345889669117408
0.00713681755049801 -0.0197599126654756 0.245917614907767 -0.529224000864536
-0.000858794679766657 -0.00993922637218489 0.737402275482309 -0.0232465267755506
-0.0118792001610642 -0.0127917924100805 0.428614297812435 0.593060758758992
-0.0184243223360521 -0.00739663322385303 -0.0903824251533922 0.481985818970743
-0.0101783373286909 -0.00974728615080594 0.0490572227943956 0.0329324307367948
-0.0227932515268367 -0.0126114625942615 0.107939590709695 -0.467221972850538
-0.0129845537592275 0.0052539130084685 -0.580680949772672 -0.537385116044015
0.0077228190164242 0.00600670412640803 -0.801219191030089 0.303246709686755
0.0207102873672296 -0.0110591220105345 -0.0361726553461128 0.707247658765554
0.00745850363222556 -0.00113240272603314 0.402926158658112 0.309030424787638
-0.0122537622307486 0.00202842048795075 0.355585587048129 -0.0795411457626329
-0.00529769532489871 0.000931633408550857 0.10568734698668 -0.251178291303561
-0.00526898553565743 0.00692389557416523 -0.135382344594615 0.177493242242163
-0.0117803235825617 0.0157053326509128 -0.246369943044025 -0.0132480844469733
0.000353581256805979 0.000375385181518891 -0.212923054936525 -0.351249215205087
0.00973380161574488 -0.019347985529484 0.271547049621421 -0.525427430861731
0.00266541748456047 -0.0103203138190471 0.741192152716936 0.00300703262904963
-0.00633738707545921 -0.00657950225476558 0.404237748274572 0.606957197840248
-0.0202796120869548 0.00367052494857165 -0.103736665358038 0.478407499840957
-0.0156127196602447 0.00283716654832569 0.0481351797831921 0.0297766822544186
-0.0223432710119454 0.000351852990610381 0.0947654777785599 -0.469387404208424
-0.00652683900816046 0.00960631668146938 -0.600414495517958 -0.518019787165347
0.00942519931912073 0.00433868862096442 -0.787531692872215 0.327114706404233
0.0204492899571385 -0.0121659529260255 -0.0108656730503843 0.705080889432653
0.0122801934255227 0.0020148904326304 0.415981670792454 0.297297429954377
-0.0106286976840237 0.00464810783507223 0.355335415191201 -0.0844696687777123
-0.000912914705721263 -0.0018406373224843 0.102013930857481 -0.25165647573459
0.000490860989337382 0.00554209927557021 -0.135907347064507 0.177800376621261
-0.00814054827576254 0.0170538135767306 -0.246357391846241 -0.0112800366268477
0.00241486467245192 0.00308555925286629 -0.207690776860244 -0.350448590953219
0.00935633698745736 -0.0186889785069647 0.275785689627165 -0.528670061105247
0.00678462469635833 -0.0102415172064013 0.739120727406225 -0.000628094497268336
-0.000660808358131107 -0.000507246702440466 0.401742227526875 0.606918621102753
-0.0227739846612823 0.0166005143177969 -0.105728529765939 0.478428604602917
-0.0212102100778739 0.0148956409405609 0.0442834487530915 0.0306722407603066
-0.0186992451235595 0.0119126668645253 0.0909621543243505 -0.467813913142159
-8.60448122629188E-05 0.012060757291611 -0.602781901060151 -0.518897643141766
0.0107208636865286 0.00360905136122008 -0.790005448805597 0.326320336983526
0.0204352937459785 -0.0101886765039214 -0.00773469079734195 0.700977979007784
0.014979492739401 0.0038959636671711 0.421118399587034 0.299229012896428
-0.00682488249683738 0.00525435807149643 0.356145555287683 -0.0813638376983201
0.00467601033866933 -0.00341897626788083 0.100846709367967 -0.251177244977591
0.00530745103446331 0.00645567599085788 -0.133481292749533 0.17888342263266
-0.0036211539658909 0.0180159596409736 -0.2490037554163 -0.00542268917955441
0.00373662395102651 0.00553791516998309 -0.217681435848643 -0.342559673939725
0.00646709755451252 -0.015867519880544 0.25723604342879 -0.538491196462926
0.00842147892776321 -0.0097158701418527 0.735961814675022 -0.0300399798560522
0.00535802874939456 0.00498556048296646 0.421539245850696 0.590440386704103
-0.0224902949333319 0.028100840975723 -0.0982437515701235 0.482951236252408
-0.0247565688253036 0.0252609915643091 0.0409844867404736 0.0368461677069415
-0.0161900439723136 0.0217330556326341 0.0974501968241691 -0.462660086225796
0.00736945268385212 0.0148917501869635 -0.592159785682718 -0.537393005258597
0.0130721900683932 0.00409249314915039 -0.805851418194336 0.299613408621043
0.0202925916490133 -0.00696137264941658 -0.0316397693665209 0.699987977342853
0.0173223755960026 0.00513188430940062 0.416374056147299 0.311166475185495
-0.00208530148841527 0.00473119141666835 0.357802234278389 -0.0719738207416962
0.010002767000985 -0.0045343342888125 0.103053780432792 -0.251668946720581
-0.0142854429583046 0.0183711748341287 -0.116892361284633 0.187664316260189
0.000168534818522849 0.0112677800558608 -0.262694999911183 0.0342967922819853
-0.012696950969276 -0.00561417031997356 -0.32542394194613 -0.266614297601336
-0.0121788727384728 -0.00576817762774993 0.0393146628064544 -0.557146081488068
-0.0074924320953974 0.00318849235177316 0.656982518335518 -0.251226964122093
-0.0155367008399085 -0.0139734830551224 0.585435703159517 0.426350958185988
-0.00975323629826206 -0.0200932243170892 0.0124613209553904 0.504136164333369
0.00576507416267096 -0.0282361211098504 0.0336656605786608 0.0815933460967022
-0.00866787749723147 -0.034384170277492 0.207365409340604 -0.400121279678107
-0.0144273942866149 -0.00667206188282922 -0.376341561429901 -0.694798224741793
-0.0016388351785866 0.0184908454874418 -0.884533601879723 0.0150322722863915
0.00972340556780572 0.00693533285974463 -0.301941471274194 0.678213545828159
-0.000852391130348006 -0.00981325425101955 0.286612007820624 0.417255490958897
-0.000819392994896988 -0.00510157023100656 0.357139337150589 -0.00991544281038806
-0.00721671741692285 0.0105833434525498 0.129605920826292 -0.247039317174808
-0.0161477972418533 0.0159872443615869 -0.121310497440459 0.185188614712353
-0.00510577484192457 0.0122809604918292 -0.259175110703243 0.0213273886844861
-0.012938759892055 -0.00593315805208131 -0.304445464398251 -0.290554111952811
-0.00793419585438338 -0.0104415654214361 0.0934209019851796 -0.553699766141508
-0.00806826212334846 -1.19079743442913E-06 0.686017126458831 -0.192547074520609
-0.0192863211175864 -0.0158261966575635 0.551970276618693 0.47533865521123
-0.0118073146059274 -0.0234290165250236 -0.0143521199329382 0.500187255113433
0.00481246886967417 -0.0314365168360726 0.0392503694915472 0.0681281008807344
-0.0124033768425341 -0.036144631293171 0.183815436885623 -0.419578272232173
-0.0178611666857934 -0.0053895248137737 -0.431541623764536 -0.658899929381927
0.00108015140651087 0.0155768468331746 -0.872901421635947 0.0948112848217642
0.0139697324183155 0.00171036697372543 -0.233451112081421 0.693454250050911
-0.000212756848679171 -0.00956613424613008 0.317370825500127 0.391107386746181
-0.00622429552087232 -0.00463388782203498 0.356785963202689 -0.0307848735333599
-0.00987220204981413 0.00849317669061369 0.124163733775719 -0.248807045701292
-0.016124653119286 0.0137907528334688 -0.126739148220137 0.182685238528008
-0.0102394505790581 0.012891249961016 -0.254724017098667 0.00612410025376526
-0.0106111900462588 -0.00582637955601085 -0.275244240157203 -0.314011767704074
-0.00248339017308199 -0.0147142778451789 0.154880102245385 -0.546997497803488
-0.00711415225096506 -0.00393132272060789 0.711237988396427 -0.125205233517866
-0.0184856998582027 -0.0175166700005168 0.505925466571905 0.52432629486965
-0.0144627056803795 -0.0220681376929917 -0.0462621463899184 0.492422664196856
0.000755899628429755 -0.0279961602961529 0.0446694325620976 0.0530755434063021
-0.0178239580494891 -0.0313224491450492 0.158712371306952 -0.438447983950747
-0.018651084332203 -0.00237307155295319 -0.491981483315671 -0.613570133749436
0.0042041242584776 0.0117561181606102 -0.847990035540963 0.180158577087313
0.0177341204371124 -0.00350957995339175 -0.157281072157015 0.706274232066903
0.00120798797620112 -0.00742968254342947 0.349402585944063 0.359267583198236
-0.00946125157505189 -0.00235111055237584 0.355767882695025 -0.0498504351529678
-0.0107734707604203 0.00556571405715431 0.117675426888977 -0.248760548624887
-0.0140789946024171 0.0102400932575965 -0.13116348687077 0.179459194597674
-0.0125871210694398 0.0136403521977756 -0.249274160888602 -0.00472889808480339
-0.00689275046744301 -0.00487501588869005 -0.248372817676963 -0.334330122640886
0.00260897736062051 -0.0173933271118011 0.209097533792308 -0.536080411392164
-0.00443280502718183 -0.00708905146730297 0.726517603179408 -0.0628816020599199
-0.0159922218844415 -0.0163917361776664 0.460227236352027 0.565958537840158
-0.0160989127015577 -0.0157758157324616 -0.0736913639755072 0.484563903640175
-0.00409726445155716 -0.021087588500577 0.0473483246557601 0.0417398726548083
-0.0207820116906206 -0.0228219894063429 0.130652583279018 -0.454881692722805
-0.0165272801895311 0.000760185166179645 -0.54009825162424 -0.571159353388662
0.00612831250408453 0.00862749480404583 -0.822238032776627 0.249257657956868
0.0188528293091661 -0.00844252163128052 -0.0907833684527687 0.708238336927253
0.00431250163480615 -0.00514025321506332 0.377523045070209 0.331522203698623
-0.0123944942465957 -0.000453603102246982 0.355046781796587 -0.0667009218799897
-0.00848327470388158 0.0032289715284305 0.111759626973204 -0.24946666869543
-0.00981808352113559 0.00892700870813382 -0.133419544423881 0.177604771799105
-0.0139388773454883 0.0140461284162312 -0.246248971760514 -0.0113763166014187
-0.00323680376462817 -0.00180766705062958 -0.22433398229373 -0.346237269711724
0.00712835424694136 -0.0188363533135577 0.246388099047152 -0.525105600575011
-0.000780920362105425 -0.00970864082914046 0.733435784512178 -0.0168450530419304
-0.0114235529444675 -0.0127623592861795 0.421798163182347 0.591658276786027
-0.0191757075643825 -0.00725042956461129 -0.0910258438567385 0.476508158127748
-0.00943297454431612 -0.0100116408170938 0.0482059180966726 0.0340885366319037
-0.0223028661367724 -0.0116782695086971 0.111878897260031 -0.46291199913017
-0.0129058163437638 0.00567509171998205 -0.573993720383375 -0.538167678107442
0.00860784573054406 0.00584532960306329 -0.800347402189325 0.297577259091484
0.0204980937724668 -0.0108242593821954 -0.0421761767783535 0.705801425028272
0.00775361640061369 -0.00121286869629555 0.398367637590896 0.309945037663167
-0.0114743404183325 0.0019388349472475 0.354654489147091 -0.0771341958231464
-0.00520891523529383 0.000928175361498139 0.10530350803852 -0.249022360898773
-0.00491677271698433 0.00715582053586679 -0.136117864111237 0.176771589162213
-0.0110370219621688 0.0151703993520206 -0.243144127812445 -0.0140697219595717
-0.00018050018845708 0.000128216372592774 -0.21065175213428 -0.352754074012534
0.00976681449692696 -0.0191869948351885 0.2732048704721 -0.519167465052466
0.00361008989591172 -0.0104244080122142 0.735246166444073 0.00739707790960321
-0.00633997412640228 -0.00735443713377556 0.397150663292952 0.607650396913034
-0.0210534075948751 0.00440310027081791 -0.107015449055217 0.472527839341362
-0.0154970576551358 0.00185278625962018 0.0476461535431135 0.0296880677508566
-0.0212167224211408 8.87333812477718E-05 0.0971469346155462 -0.465636416285227
-0.00657820172360858 0.00893992662577289 -0.59325161223128 -0.518633081169418
0.00968736356887535 0.00405619634790841 -0.785826008802867 0.319075709755813
0.0205200268039808 -0.0124927088056459 -0.0140479376930839 0.699667316914095
0.0111491677178603 0.00215781599478014 0.411462301364147 0.298093357236117
-0.00994226089424934 0.00440200489789714 0.353803158428895 -0.082839138021508
-0.000432326904617648 -0.00224288288280525 0.103412551247313 -0.250247038834809
1.63943866922159E-05 0.00595308063500406 -0.134890187519218 0.176115716391495
-0.00768157753357216 0.016885234925708 -0.244431661813858 -0.0132250064540888
0.00234710447889429 0.00327567626594631 -0.205459745442257 -0.350410089179507
0.00947519845811093 -0.0176795393130435 0.276084512511221 -0.522246618789476
0.00574741541676104 -0.01062519401621 0.735466500062625 0.00554947426685178
0.000216113645432017 -0.00092585258514118 0.397415405625214 0.606544204863169
-0.0222681132718217 0.0164672526902606 -0.109190626697945 0.473079438244001
-0.0209211853532598 0.013939237933328 0.0448005268525598 0.0311503907719631
-0.0184801654939138 0.0109938107754882 0.0936030558676749 -0.462786957386375
0.000520989739948201 0.0122777878520773 -0.595938043278381 -0.51944398838109
0.0113281747244787 0.00321219239471119 -0.787807227468305 0.318443510431437
0.0210324096343937 -0.0102479670653216 -0.0125581132697935 0.696192821174505
0.0154401510863508 0.00464276435274383 0.41697480569472 0.299928393380689
-0.0069107929773031 0.00529840162614419 0.354124280687652 -0.078976165287332
0.00426186291230288 -0.00387795021972337 0.10253662899627 -0.250040519089823
0.00490538052497771 0.00737718592191063 -0.134132190801436 0.178393497674528
-0.00328549881106712 0.0176270922449327 -0.24650262453997 -0.00609752715663852
0.00340335146355279 0.00493021865181537 -0.214427901435587 -0.341911642464544
0.00736215483572315 -0.0159720705231487 0.258281233268838 -0.534413041977145
0.00848437297079834 -0.00948530080145843 0.732608378189616 -0.0259661267324404
0.00506881767022449 0.00573917425989458 0.414852329870233 0.590493056741662
-0.022875339719763 0.0280290690043385 -0.100452056440557 0.478113537482428
-0.0246049455314049 0.0249291277835219 0.0406555326527653 0.0375790772738782
-0.0153718659813635 0.0207834749474398 0.101011166200652 -0.459994854970002
0.00711651715176218 0.0147657561900883 -0.584855170575909 -0.53626853434993
0.0143378184885101 0.00407148400970266 -0.804074029545159 0.290057337100914
0.0203058757491161 -0.00727898455053543 -0.0352702441182804 0.696398563132092
0.0176658112437298 0.00535342968452849 0.412903303847835 0.311841332240832
-0.001954479655888 0.00535016822867835 0.356369629142468 -0.0698116776945532
0.00975206639761666 -0.00412040295895977 0.104162323584555 -0.250091085435721
-0.0145046618147202 0.0182424291263294 -0.118049282479655 0.187386262878911
-0.000150056840221499 0.0113738029788678 -0.260424386284217 0.0332314820969866
-0.0131256098271325 -0.00492906689064169 -0.322450282034783 -0.26799271028777
-0.0112274970544055 -0.00550113734777587 0.0416956413192239 -0.555402461826314
-0.00745344001556955 0.00378820331538362 0.655752188646838 -0.24639714906823
-0.0156802029106816 -0.0139010313148588 0.580909951612333 0.427471615561947
-0.00956720610348683 -0.020425327188339 0.00878218112154361 0.501267621477354
0.00529507320050236 -0.0285444897513153 0.0333033386284023 0.0810453333939545
-0.0070727329776611 -0.0347178975467058 0.209490327057793 -0.395735968167115
-0.0139577095317785 -0.0064943177077099 -0.369273081523855 -0.694558867435136
-0.00117161296197159 0.0181213395586933 -0.881828659716568 0.00728168843210983
0.00912989261531196 0.00731117600649925 -0.304879277352121 0.673366782368473
-0.00212186295074743 -0.0100847487707736 0.28172605721693 0.416481374023813
-0.00153355861134658 -0.00420285363765334 0.355029390699514 -0.0085753782124897
-0.0071216596224063 0.00977420679718726 0.131268187160952 -0.246560209334115
-0.0160073517576509 0.0161448893956572 -0.122459015772331 0.185184670096174
-0.00494060175336068 0.0118053172160542 -0.258194785393342 0.0202456072620149
-0.0121357826400501 -0.00622868051007803 -0.299239764244422 -0.291574570726382
-0.0076556485464081 -0.010785735196559 0.0970836672385088 -0.551906482219316
-0.00775616209039754 0.000393178361507257 0.684983741169757 -0.189830426190255
-0.0183722562908692 -0.015859359438429 0.545672412348859 0.474908647570081
-0.0123291160744563 -0.0236840455986913 -0.0180546927494607 0.497851798145593
0.00511574041552016 -0.0315138464027043 0.0385724075029805 0.0674139356129963
-0.0122760709378758 -0.0359815856596995 0.188002951556882 -0.41662735300347
-0.0167535863827847 -0.00536653415283849 -0.425887811633476 -0.658637293731966
0.000911109944777354 0.0157708556640709 -0.868985438414479 0.0889461518400353
0.0138477726711829 0.00200850677638408 -0.236059268591875 0.691009631275486
-0.000794781488750161 -0.00951884181349459 0.314431299184359 0.391429821145533
-0.00584339412404301 -0.00445348958124171 0.35565829943392 -0.0285623972766481
-0.00998897885042887 0.00825053822650555 0.125505648835048 -0.246326189396071
-0.0163678095475577 0.0129643080866852 -0.127274911461476 0.182134398633064
-0.0101646313150884 0.0126077996615789 -0.252568954817536 0.00526264947228611
-0.01051129338516 -0.00623085667966426 -0.271409144239295 -0.315658345368149
-0.00234229679836764 -0.0143668226681818 0.157004091164272 -0.543571130287757
-0.00670877629281532 -0.00385245553707086 0.708881523246858 -0.120535675480808
-0.0175584735469597 -0.0174586721576581 0.500413554616503 0.526070418017818
-0.0139652887499051 -0.0220280627407575 -0.0477677876356994 0.488593689564405
0.0017867761451242 -0.0276887165666097 0.044054521317765 0.0530678927888283
-0.0171290598258908 -0.0317924558810013 0.161838110478721 -0.436443218143931
-0.0187044743846012 -0.0032128511619123 -0.484469398423726 -0.613051980518863
0.00414124589753839 0.0113153137505654 -0.847028893562415 0.173389706909721
0.0171797186790862 -0.00418067244225847 -0.161635579500644 0.702557244474806
0.00124451434535629 -0.00734931925121704 0.344783947047715 0.359573459016849
-0.00940385819584115 -0.0029209410072353 0.355572405423864 -0.0474042233570239
-0.0105233010581624 0.00611366148446665 0.118766968420837 -0.247433434246289
-0.0139629360347693 0.0104167082882252 -0.131823788146747 0.179134598519565
-0.0125166424863417 0.0130368851831747 -0.248467392890475 -0.00640575249243656
-0.00683051097337354 -0.00479338699463711 -0.244682068189685 -0.334753001450891
0.002739253866522 -0.0183849276350271 0.209530047981221 -0.531366222450785
-0.00399472387394444 -0.00751805378395856 0.723690762596118 -0.0610924813960401
-0.0158641934383758 -0.0168778332831966 0.45448696973701 0.565732910081593
-0.0165182715443847 -0.0157104202017717 -0.0757090493267489 0.482189464989124
-0.00425464947141582 -0.0210140238306062 0.0471216800181863 0.041974477551367
-0.0214550455082461 -0.0223939727093778 0.134044507155158 -0.451156892457968
-0.01663418271474 0.00137097103709805 -0.534739646433946 -0.571695427369679
0.00607384136424881 0.00815617476400429 -0.820080669396315 0.242992071275284
0.0192492717904042 -0.00796500040343258 -0.095258722143727 0.705888774364225
0.00481504547784142 -0.00453986978632933 0.374322081204934 0.333366323783736
-0.0119430712184933 0.000319710195070118 0.354285948849172 -0.0649199460058106
-0.00891751492428394 0.00302170091982781 0.112132038504985 -0.248189075237453
-0.00950840841808907 0.00765276540091576 -0.1343166665813 0.177573135848541
-0.0130092245068258 0.0134890836216264 -0.243784721782256 -0.0122688833535544
-0.00326329260956907 -0.0025904080381358 -0.222677620157505 -0.346934566423579
0.00772837910487116 -0.0192387457738983 0.249401019142122 -0.521541444913119
-0.000392162762241874 -0.00989788076548242 0.731162843838167 -0.0139442568212233
-0.0116601806110364 -0.0132740641721948 0.415301276384144 0.591043038830584
-0.0195261083614662 -0.00687474217836861 -0.0958046646407888 0.474188201210863
-0.0100920899187342 -0.0106324647841814 0.0489519685679955 0.0335119700062398
-0.021946187251489 -0.0121864140524166 0.11440906716077 -0.459511070447647
-0.0124318631381619 0.00566410534038261 -0.56827253314447 -0.540128637366798
0.00788691381691586 0.00534667338382862 -0.797793247634638 0.291585835865874
0.0202871668771843 -0.0108258874523572 -0.046259690511389 0.702090046371739
0.00820481819212393 -0.00117271690475701 0.39491546600325 0.309659767369423
-0.0120720318383768 0.00243493519468694 0.353278551819089 -0.075766496598152
-0.00483510794125188 -0.000151204611990944 0.10758211527648 -0.248466105728863
-0.00385524325922082 0.00572525342264047 -0.136275270834694 0.176341780178373
-0.0113142449100589 0.0147612644709494 -0.243084750613219 -0.0148968511908184
0.000426019852740042 -9.78092790354067E-05 -0.207025887823165 -0.35384397749242
0.0107171669490167 -0.0183846654497072 0.276610415589691 -0.51695425647365
0.00346839512556074 -0.0103219862234829 0.732371396431061 0.0116991469501673
-0.00619860291071401 -0.00793895211591625 0.393183615531215 0.606854168002786
-0.0213235308081446 0.00516427739038771 -0.110063735418621 0.46993094720818
-0.0152134657204728 0.00161328313496425 0.04782389023755 0.0290913117351806
-0.0207780115832808 0.000269377412304074 0.10163838760548 -0.461671137021995
-0.00644192605968481 0.00812399686265694 -0.588400836407452 -0.520048097535392
0.00990585974697807 0.00415409259024546 -0.784788265401519 0.314290436844501
0.0202151464012675 -0.0115394259261719 -0.0176741905709665 0.698175075446906
0.0119583783238714 0.00160656903902041 0.409619723587791 0.298477661006086
-0.0102262922797528 0.00463919681337435 0.352214991193694 -0.080059635029475
0.000275906912287223 -0.00179546518108911 0.103581491441787 -0.249514439678758
0.000684308381539666 0.00537256599510388 -0.136353496538395 0.176742478185712
-0.0083515883202441 0.0162338119352793 -0.242951611686216 -0.0140908857408522
0.00220480297316413 0.00298409710815056 -0.202941906557182 -0.349028223271236
0.0101625946136769 -0.0179492149046395 0.279024756030759 -0.51892623530513
0.00630855349198182 -0.0104609870978108 0.731277987951555 0.0079917821714246
-0.000640058663658554 -0.00140643100079052 0.390570222370222 0.605706034591897
-0.0236012887550574 0.016881768334729 -0.111741855750303 0.471511072628263
-0.0210480591146709 0.0137774658323309 0.0444793422711399 0.0315116936081195
-0.0190486052960919 0.0114202322512172 0.097328563289128 -0.459816413180035
-5.00669780618738E-05 0.0114818060085085 -0.590544211433619 -0.521268571771885
0.011190914631245 0.00275837905839595 -0.78707171327963 0.31274840363874
0.0201094861678337 -0.0101555852103459 -0.0165750719453288 0.695078150514988
0.015686690344582 0.0041940856669432 0.412792089354843 0.302194201849898
-0.00635415228595037 0.00535352785854423 0.353531988434162 -0.0788737328378049
0.00491218299891946 -0.00373764325560478 0.103846537233925 -0.249034236976275
0.00453463704319579 0.00646859138201187 -0.133471965057546 0.17766931034426
-0.00347161218678382 0.0178091920689683 -0.24540045877082 -0.00817545289262763
0.00351988887309802 0.00437395256218754 -0.212316641103364 -0.342989058032667
0.00723600696911683 -0.0159618858094444 0.262036454472919 -0.530892288219159
0.00749498073821877 -0.00902503431400428 0.729442745152723 -0.0221852803307477
0.00510085031462427 0.00570861613806953 0.409334231399566 0.588354053561581
-0.0230542029716311 0.0282542664578173 -0.103353007092579 0.473457855205282
-0.024522031061852 0.025005813662635 0.0399469107933845 0.0375941951124569
-0.0158514175266773 0.0210359856635776 0.104328877356942 -0.455649919166498
0.00683851774601341 0.0147692399736965 -0.580032852051222 -0.540389048029691
0.0132702928016385 0.0046428745136749 -0.801527204078851 0.284621838076072
0.0194880913661672 -0.00683427940184103 -0.0390628506533075 0.694496126305516
0.0179329166203612 0.00508021414166394 0.409543342633297 0.311717537518382
-0.00140314346150501 0.00558941547471955 0.355580341364134 -0.0685975232160215
0.0105830001420458 -0.00408396170330001 0.105152231272615 -0.248972774202508
-0.0140949386010639 0.0172174153965062 -0.118872581192207 0.186891665353321
7.93268986527568E-05 0.0106067434615562 -0.259626505563124 0.0316473905253026
-0.013029054194249 -0.00579425087946247 -0.319862293846384 -0.268546490256671
-0.0107893322803242 -0.00513978985119856 0.0440225595706577 -0.553758595190087
-0.00701202003997127 0.00366728075863766 0.656612123805579 -0.242917778506651
-0.0149109147870589 -0.0136599085995779 0.57644721325704 0.429822832967137
-0.0106971316616238 -0.0202240973202849 0.00659866887258532 0.500157461297915
0.0060132001614998 -0.0285089010788287 0.0331779388541599 0.0815236820194306
-0.0077980766380121 -0.0346684903233991 0.212176123485027 -0.392531912300399
-0.0145802353662245 -0.00603891898344465 -0.363239671297334 -0.696779128865033
-0.00165542188400003 0.0190324136130026 -0.880765569702823 0.003100278541729
0.00953490690570285 0.00783533181070882 -0.307101777116502 0.671546650223793
-0.00136868905405886 -0.0101184847757109 0.278880448861171 0.419058654880229
-0.000883135601594726 -0.00507352424967 0.35452688595456 -0.00694505842515642
-0.00745331697671578 0.0108316256215218 0.13251833148127 -0.246489420623152
-0.0158614787838895 0.0153633381047195 -0.123160364605525 0.185481483424596
-0.00611776406058202 0.0114794990276537 -0.257238120375952 0.0176619384066791
-0.0127981472618418 -0.00605511690873493 -0.297590957202623 -0.293408990796214
-0.00668455336963198 -0.0102466636427749 0.0989755026586634 -0.548618680170312
-0.00750554371128144 0.000220256413002893 0.684456862704207 -0.183898968866451
-0.0180479424361927 -0.0166428299275664 0.540122882858637 0.477700096889254
-0.0130551464740825 -0.0229665712229377 -0.0217073890910885 0.495840302236925
0.00588920154283851 -0.0309075183399957 0.038668238624915 0.0673491706082417
-0.0118262510353973 -0.0361405305874767 0.190955622136726 -0.413643603057168
-0.0179575087238702 -0.00678023374180821 -0.419483488918028 -0.660214107925411
0.000581365623549255 0.0152566949469876 -0.868277682900624 0.0843112184007366
0.0136405836720166 0.00189273256384906 -0.242016625790794 0.690002488972743
-0.000939814531478902 -0.00968975684832047 0.310346360200991 0.392971885028009
-0.00600848840875384 -0.00445009814225871 0.356226392090583 -0.0262332487640528
-0.00992864779092187 0.00826976802223172 0.127312319087511 -0.246837677198301
-0.0165811928307682 0.0133608479477627 -0.128255327371298 0.182744458171376
-0.0102821398541121 0.0122938077283055 -0.253221814451347 0.00375422942628906
-0.0103752954973498 -0.00714391396290487 -0.270423802111169 -0.316791953099853
-0.00202711112389904 -0.0138787014956244 0.160610011292077 -0.540960712806253
-0.00709097343633674 -0.00423456675316445 0.708624522668621 -0.114466882365574
-0.0175626927674978 -0.0180285431786931 0.494416398459898 0.527793129965401
-0.0149804315845542 -0.0210398410285017 -0.0515231041239845 0.486096269048679
0.00139280166644248 -0.0284448715672821 0.0438745631681044 0.0545671835789487
-0.0173645372688809 -0.031673824062274 0.163696300986362 -0.4337700478556
-0.0187466125551188 -0.00299158075179927 -0.480180314996273 -0.616491545325831
0.0041241917848241 0.0124487230709217 -0.846015036945257 0.166330379987633
0.0176660075857101 -0.004292733481387 -0.16517512495757 0.70002052282952
0.001263028745902 -0.00806259323363235 0.343671635631168 0.359197198819293
-0.00951892961747903 -0.00251159086780005 0.355193416801108 -0.0468773757923472
-0.0100491214249545 0.0057638604362417 0.120349737740636 -0.247213267816147
-0.0138395946728908 0.0103774423882409 -0.132566424508075 0.178673766444377
-0.0122742743234908 0.013028531906667 -0.247340851321631 -0.00687275606223247
-0.00718649575895748 -0.00503482752376547 -0.241332103327007 -0.336164689664471
0.00390801983727516 -0.0169442926811438 0.213390109647424 -0.529824709068034
-0.00436602475137738 -0.00683308252292539 0.722210427626674 -0.053009260671331
-0.0150573582293041 -0.0165541219618308 0.449134743002906 0.565362124606614
-0.0170262015058682 -0.0154259338558599 -0.078364427885612 0.479097908316009
-0.00303958312678462 -0.0208942946688407 0.0467511582691034 0.0414154385052092
-0.0206995852901082 -0.0232472950483197 0.138990663023682 -0.447919306507972
-0.0172193379660135 0.00112670821956654 -0.529485341933853 -0.573459130722662
0.0066253733192181 0.00872859167342223 -0.819418276218518 0.237944554199777
0.0196092430305318 -0.00776599355655107 -0.100023795721616 0.701851846082131
0.00482874895682792 -0.00502732869023829 0.372534118206919 0.334117801869007
-0.0120752414352292 -7.23845471653755E-05 0.355244609937139 -0.0630600661486942
-0.00826611467514432 0.00275181275779868 0.114425280237877 -0.247805659108596
-0.0087095783545567 0.00799407135976725 -0.134658915709627 0.177332541087646
-0.0129640229616446 0.0131101978640143 -0.243402613817075 -0.0135700354256725
-0.003374039766166 -0.00301247374655649 -0.219277385136311 -0.347005392685307
0.00870159479557063 -0.0184836005774446 0.252469896755877 -0.517432924518426
-0.000464786293288708 -0.00946720930391439 0.728660068292153 -0.00928746254544635
-0.0108667273022178 -0.0130339715602142 0.410252361567228 0.59230546380043
-0.018888463772092 -0.00665707274115379 -0.100768267566737 0.472104343411284
-0.00899019708957691 -0.0107913057522894 0.047296941560632 0.0333868959133255
-0.0219106238343936 -0.01210159728941 0.118081674472391 -0.45791514368523
-0.0127675241092987 0.00453714784967241 -0.56218900832669 -0.542178407978316
0.00837579623952465 0.00530978704276586 -0.798312525946521 0.284980361956969
0.0203323950443908 -0.010291828675982 -0.0508480211223998 0.700582830615307
0.00819882145912275 -0.000900124498423301 0.393181395062042 0.31223638548621
-0.0120873165180804 0.00251691548036339 0.353137484411936 -0.0742109959668946
-0.00525821697156392 0.000565637653003383 0.109244729141397 -0.248530932186674
-0.00497225531136088 0.00653168375346758 -0.136836032665862 0.175811408530399
-0.01133555236987 0.0145363042647485 -0.241243525155618 -0.0166522242468834
-0.00022181852719076 0.000144662607509013 -0.204374745338261 -0.354183027113112
0.0105257528392539 -0.0186885728540354 0.277286007712448 -0.515121918581446
0.0030428415815684 -0.0110336039752493 0.731114659924732 0.0162362876276398
-0.00583156942487677 -0.00731295835126133 0.386497497957491 0.605079809321038
-0.0219807314341845 0.00434158543163789 -0.111506867084462 0.46773313064753
-0.0154938825506756 0.0010700688313825 0.0470965582861807 0.0296548011095251
-0.0206672508468521 5.89896495800024E-05 0.104170129857817 -0.461326556404882
-0.00680689987992949 0.00784804536550378 -0.582767350279993 -0.522690416280887
0.00950051468990165 0.00407119030636389 -0.785840525088693 0.308571312727494
0.0201928863052965 -0.0114330940017599 -0.0209879648275509 0.696447617460391
0.0113514195320568 0.00145356289085965 0.407777195918657 0.301504045556198
-0.0103382727026409 0.00456149757511351 0.353148893676186 -0.079084205831941
7.45667267296824E-05 -0.00254111636174017 0.105509109055536 -0.24878019114949
8.48898965936165E-05 0.00598916449700253 -0.136814369906897 0.176368270464827
-0.00806077111180115 0.0155985938906694 -0.241201337459272 -0.0154414671988837
0.00262376191944824 0.00338181800996802 -0.201759158183309 -0.351725993525269
0.0109301459822989 -0.0178827694515367 0.280963438993497 -0.517059594951972
0.00605965508476291 -0.0107405601384929 0.730062630856704 0.0126723899151892
-0.000561194489347373 -0.00121167419706066 0.384027267034165 0.605973849209591
-0.0236699528238362 0.0166747534665634 -0.114115965081288 0.467441577034582
-0.020826708835373 0.0135259866594221 0.0439084766477234 0.0311877385854051
-0.0187706235865106 0.0112983863426864 0.101322472430185 -0.458517579134669
-0.000989137618881504 0.0113983741931055 -0.584934136632097 -0.523039489610133
0.011994882179546 0.00347900738471732 -0.787163499782241 0.306448274536812
0.0203241587294743 -0.009691166705721 -0.020840263866776 0.694537197953115
0.0150227727557845 0.00329675518704744 0.411651495311462 0.30355262786102
-0.00700363748213495 0.00593289437799673 0.352933476665036 -0.0763467437283797
0.00563171991483337 -0.00477526833667047 0.104706303071642 -0.24890515120706
0.00472482586101527 0.00694167044549369 -0.134781978195983 0.177881490160193
-0.00409740506383168 0.0182900964871065 -0.244414530026792 -0.00944929401908193
0.00358625215491807 0.00486180988763627 -0.209696782959511 -0.344220440216961
0.00742950804133016 -0.0157349610580138 0.264227734562093 -0.52767549626797
0.00842500971015089 -0.00957983116648613 0.7273399660015 -0.0156089097600909
0.00545108789307885 0.00495784302503127 0.401427056082772 0.590245108181959
-0.0235520907973752 0.0280208688897705 -0.105412233641815 0.470936501830833
-0.0242612134563849 0.0239434067269678 0.0394379690066509 0.037847227755354
-0.0156183262556848 0.0208504901637034 0.106041600485157 -0.45452872709158
0.00630980155666994 0.0148443021250508 -0.572160535492313 -0.542463331006433
0.0133105864075134 0.00439257279583635 -0.802709674120508 0.280515830433292
0.0205306514620164 -0.00628993808426897 -0.0428870776717335 0.692618127939265
0.01788087577592 0.0059237515404939 0.406877660088716 0.313835722689804
-0.00232947835605069 0.00615963375764067 0.355548649440007 -0.0669450254842367
0.0101888253588371 -0.00389615736270914 0.106331293120285 -0.249399282224884
-0.0109718434480871 0.0181534637209157 -0.0891517329232178 0.200897863376172
0.00416231695687683 0.010732356705269 -0.252177639956204 0.0692756864001839
-0.0117518786698701 -0.000854604152879061 -0.355599513537681 -0.223089618925607
-0.014025976083227 0.00110674463108047 -0.0296958127754064 -0.553004805497951
-0.0125436721599582 0.00356791174236262 0.618414248099891 -0.327551906801275
-0.0199358587864093 -0.0114785337498358 0.62712013436565 0.344209549288063
-0.0126146502958542 -0.0187481265249211 0.0808428709707609 0.491216316597398
0.00150385632908633 -0.0295447377332071 0.0449424318459152 0.0756356979509272
-0.0116258958924404 -0.0336017788654085 0.151268697545384 -0.41883639719924
-0.0139718055455957 -0.00811578683376147 -0.460418804385818 -0.628419052257134
-0.00224715847359069 0.0155127663713817 -0.862315555890104 0.136728765531716
0.00493305313715563 0.00326495389475896 -0.19387122839616 0.708905617150353
-0.00713927403622804 -0.00935753022058851 0.344865375713289 0.366026195788264
-0.00209917089837868 -0.00355158545656346 0.344899731520909 -0.0643988944180054
-0.00419594472611762 0.0113395491378263 0.0888890098380732 -0.262180910070347
-0.0129380634040591 0.0159401462534425 -0.0949510729365974 0.199228298346457
-0.00138392289630112 0.0121275458390446 -0.250828252814262 0.0544578592452575
-0.0112801855314469 -0.000689752175583631 -0.337348982116865 -0.249002456080021
-0.0113972065051255 -0.00500178652901276 0.0226733051832493 -0.556581217948264
-0.0139556395406919 -0.000263240866497401 0.653525840279349 -0.275671966239964
-0.023674237314867 -0.0152203272365526 0.59764366752666 0.395911671338653
-0.0146304022572551 -0.0214931140215893 0.0535026855316272 0.490888323668511
0.000611871984803804 -0.0315432411747381 0.048555467888535 0.0623988595526012
-0.0167366916457822 -0.0344216612101105 0.127030059676811 -0.433424614948068
-0.0182407095487205 -0.00693210692190089 -0.511442449576759 -0.585236693387308
-0.000184101620701977 0.0130330878293638 -0.837690220893316 0.214726626568953
0.00811080889950526 -0.0021691917039539 -0.124762565600899 0.716207002796037
-0.0058686089413819 -0.00861241642217315 0.370683919331135 0.33561876837232
-0.00648497128981408 -0.00255205260140329 0.341903639248414 -0.0835803975887474
-0.00819414369317937 0.00963952308749396 0.084429610696926 -0.261567039443118
-0.0137692126087468 0.0141892612703202 -0.0994372810775317 0.197150898511917
-0.00598768086627487 0.0135944014260642 -0.249158910061202 0.0409757931446655
-0.00965657781383489 -0.001230238789644 -0.31272555175019 -0.276491378383187
-0.00674480255209172 -0.0101554973614294 0.0840061775244834 -0.558903467572424
-0.0133652650152944 -0.00440278676134268 0.68623148817286 -0.209616437118727
-0.0235851021214343 -0.0164494613674631 0.559524702802509 0.450312254663145
-0.017054574767959 -0.0193892151822794 0.0212128184647758 0.487403239413486
-0.00206805561835323 -0.0279095640186563 0.0522948957495777 0.0470004772436144
-0.0209288801163276 -0.0297255289435507 0.0985444086174318 -0.451020362168927
-0.0193995572421542 -0.00366948137537269 -0.562563302137552 -0.532697490642896
0.00195924406468398 0.00905127191087173 -0.801009958909471 0.29468687190057
0.0103884710249804 -0.00758503624886222 -0.0480906764166278 0.713361483485042
-0.00398306368281001 -0.00664090882747863 0.398558967376035 0.300358000297401
-0.010852091979481 -0.000177883015969011 0.338564506025537 -0.103796012301267
-0.0085974297642908 0.00766167801161244 0.0780197783761575 -0.260503288853907
-0.011603514032305 0.0101283224351015 -0.104745347475696 0.195194293670092
-0.00935318074939217 0.014767369120078 -0.244752969687677 0.0281416147674149
-0.00631990851852658 -0.000619260840937781 -0.286727220379583 -0.301130860597913
-0.00212433940766951 -0.0138930277589239 0.139424891915804 -0.552892660392069
-0.0110020873487006 -0.00911849475553066 0.708971143066488 -0.151643045797596
-0.0205373116291555 -0.0160900641508972 0.51883195096184 0.497495066989627
-0.0185833432558864 -0.013154760777773 -0.0065781754330169 0.484329978882116
-0.00627230559046301 -0.019800883389356 0.0537832092423734 0.0349637003309972
-0.0230451934344261 -0.0204813311631843 0.0696943092601611 -0.461346480954767
-0.0176425201576776 -0.00022238843129474 -0.603862324588647 -0.484116427997674
0.00355426247320531 0.00572020450148498 -0.767111078624082 0.357802105595539
0.0111738986474736 -0.0117986688442919 0.0174582108545279 0.705891431147429
-0.000865261701733628 -0.00443067770300491 0.421998517269622 0.268830247670946
-0.0118228753028698 0.00273432118308291 0.334096610150393 -0.120581284792683
-0.00675652480060866 0.00425824391988117 0.0702458013553228 -0.259986766925559
-0.00759255361553131 0.00743770856817441 -0.106890290514857 0.193379031314758
-0.00904427699873305 0.0155124999638837 -0.241995425686962 0.0210806069420312
-0.0030613821437898 0.000910097666155506 -0.266490224001274 -0.315011751126083
0.00138965375465915 -0.0164151902836786 0.17914195674186 -0.548516584475884
-0.00756266641744129 -0.0129373451148734 0.721348462107027 -0.106808996009685
-0.0158433870755835 -0.0136405846857972 0.484862761413179 0.527416150370177
-0.0196613967222072 -0.00434783791079686 -0.0282678120157667 0.478745684257744
-0.011346466046007 -0.00943900493673606 0.0530987416140498 0.026810516708419
-0.0229449377499505 -0.00951269815181896 0.0488538354575808 -0.467336980585011
-0.0128171409032536 0.00287311964717218 -0.632223889820337 -0.447644993231662
0.00469602777011391 0.00310675185293849 -0.738327621966609 0.402153016746926
0.0121122446146147 -0.013904773329133 0.0645841914546701 0.696810887917189
0.00323551170866481 -0.00132426060192097 0.439105007998284 0.244154354126292
-0.0122324733778726 0.00467945663200265 0.331677935682326 -0.13143213279265
-0.00410735655808206 0.00180392354896599 0.0659844166138569 -0.260861502778884
-0.00270737019199696 0.00550090122042061 -0.10931478437488 0.19213231244353
-0.00661633239216845 0.0164842446630275 -0.240302819531819 0.0181992230852813
0.0007785574940869 0.00345987391200637 -0.251503666510684 -0.322960679751268
0.00420749616322565 -0.0166008624834824 0.206427908246071 -0.546539112875462
-0.0043219490256104 -0.0142176328462126 0.728317141216672 -0.0823320830322643
-0.00998337132034265 -0.00843368568260176 0.464002424500476 0.54363237467288
-0.0204511288278755 0.00741736955109011 -0.0424638793318718 0.477345638884803
-0.0154219703478885 0.003631014344376 0.0515639455307456 0.0221804283268191
-0.0207764904920629 0.00198274842812444 0.0357176037541417 -0.469748690879359
-0.00695533264246715 0.00625694198471284 -0.652014489822388 -0.426457558275622
0.00652451627818457 0.000870466521823023 -0.721466189316128 0.423851128798021
0.0136360317259247 -0.0148410304924583 0.0908673339592997 0.689303155305264
0.00764180447184971 0.00102189052640348 0.450927802409058 0.229009293262687
-0.0102712421403083 0.00735950772027283 0.330873059739618 -0.134703946957702
-0.000904053036281211 -0.00120771674014738 0.0632801659305333 -0.260363754795821
0.00259482608226704 0.00416177025696312 -0.109423588809011 0.192406499391396
-0.00405666528309284 0.0169695565430326 -0.241322284567628 0.0190903559920275
0.00346388572116417 0.00609517259385413 -0.24823809286753 -0.322255228294148
0.00385495908420593 -0.0161223163219899 0.208815767192323 -0.551517689440497
-0.000414122190774732 -0.0148746124506441 0.726070288089116 -0.0849319410168003
-0.00353196702917063 -0.00237301930504353 0.462878956829876 0.543235296296954
-0.0206480330002406 0.0201905997266135 -0.0437672732413245 0.478979923245649
-0.0180003338958033 0.016471694386214 0.0492872872990016 0.0243401625806529
-0.0167733352415768 0.0129637610999356 0.031695293328508 -0.465445222851167
0.000508053853107026 0.00724345242843313 -0.65172122971311 -0.426209442788642
0.00804903939193799 0.00055427313395735 -0.723793624593386 0.420526507186898
0.0126958165711837 -0.0134024221370696 0.094004443104351 0.684383832154653
0.0106972356989363 0.00365193691121145 0.455241775701052 0.231942743237275
-0.0060505696065941 0.00737424448614756 0.332261100412946 -0.131694542491142
0.00485225165019424 -0.00462056640450651 0.0627082661385161 -0.260366528966955
0.00688315128925912 0.00403770587434514 -0.107207405778541 0.193518227570803
0.000917363776271051 0.0184956862725883 -0.242802519271526 0.0258925480448014
0.0047916482143666 0.00786526236941206 -0.255295193772284 -0.312069570880516
0.000878174636076726 -0.0134555709616521 0.188658098324817 -0.558904351857823
0.00120374442567419 -0.0141089007752289 0.720566089680041 -0.115174634080909
0.00297869397638217 0.00264370925597117 0.477607813721825 0.526544596765637
-0.0190783700037719 0.0314191525480498 -0.0345190196378247 0.482614753745706
-0.0207636696007181 0.0280854746635277 0.0450194745181373 0.0307660058092964
-0.0128589168859938 0.0215043231490055 0.037694567765562 -0.46249221840778
0.00820850398668095 0.0101158878637705 -0.642774420975039 -0.445127096320116
0.00977258248947212 0.00031319742533301 -0.743593021829852 0.398270202836447
0.0127171652129791 -0.0100225435477465 0.0698449354708862 0.686227342340684
0.0135147902266451 0.00435195217272882 0.453064893578442 0.244755613967406
-0.0023382053252306 0.00723256927402805 0.335040045734216 -0.122972403197764
0.0093948634761988 -0.00543605710098206 0.0653468337556126 -0.259929074829873
-0.0118724975825741 0.0178127969737203 -0.0903697269476901 0.201604352497999
0.00391996791359452 0.0103185029823159 -0.252043272809736 0.0682535350686296
-0.0115060969604282 -0.00129478805821301 -0.355758224445367 -0.225666579847559
-0.0134895179390076 0.00104683033974152 -0.0280750975168218 -0.554452405835429
-0.0128889644756541 0.00330540038874954 0.620979687430503 -0.326440108536755
-0.0194830864902313 -0.013121466520284 0.624680505333179 0.347930383416018
-0.0130045259436224 -0.0183369120938801 0.0772360426681209 0.492063895207601
0.00231867464254268 -0.0295585638703804 0.0451514403328703 0.0759769113080993
-0.0117299562482508 -0.0338898147311262 0.155702165215756 -0.417489557712554
-0.0143617387857426 -0.00789908919042775 -0.457499380522142 -0.632718327131776
-0.00156291588782295 0.0155063258557716 -0.866006986330772 0.131385298551951
0.00517402621213837 0.00399006009815023 -0.196216072252268 0.708899689767781
-0.00749007333627249 -0.00934540912237941 0.344638680705194 0.369318546123043
-0.00209690019359712 -0.00361124763618954 0.34641810107611 -0.0632201045347395
-0.00454133121894283 0.0119594298192305 0.0915435577612846 -0.263090208058205
-0.0135533302002553 0.01634144429873 -0.0950064686216449 0.200762194802704
-0.00153994017573939 0.0122186180149726 -0.251059989295064 0.0539181082185814
-0.011767045062264 -0.0019085462711405 -0.337681581171353 -0.252336370115936
-0.011129488913059 -0.00437866266444765 0.0257610930455022 -0.558835908468893
-0.0142575112519674 -0.000566742686857754 0.656555666934967 -0.272993341889628
-0.0230778448004506 -0.015342220900402 0.596601269176752 0.400355456862533
-0.01592847297174 -0.021900680646479 0.0505294758550836 0.490359317123887
0.000782211014941847 -0.031749275424527 0.0491978532979637 0.0622579698331744
-0.0156245860907338 -0.0352307124963152 0.1298115473607 -0.433447305825893
-0.0179840310179075 -0.0071809110097437 -0.508535369771913 -0.589457459332169
-0.000128641763241956 0.0126986308255502 -0.843260318608822 0.208224485675737
0.0084171435865943 -0.00286660326867161 -0.126817413439877 0.716738325334062
-0.00664481652740067 -0.00904345376301777 0.370385772649597 0.338998330333343
-0.00713918761466566 -0.00257197926242519 0.343212826972941 -0.0833184401116319
-0.00796678113054766 0.0101646266520535 0.0853403305455339 -0.262228754425399
-0.013851257498513 0.0134875248531236 -0.100366935407434 0.198248845620568
-0.00606519063934582 0.0131344273561562 -0.24848588553843 0.0395787558426805
-0.0100750381510381 -0.00174626879933818 -0.311846974851206 -0.279791559332417
-0.00705959926352849 -0.00959092855131398 0.0877602830164292 -0.558831469623024
-0.0126960581653741 -0.0051918614303965 0.688573446201235 -0.206960827895167
-0.0230740848389599 -0.0164743665738912 0.557044076688147 0.452379177856671
-0.0177524255695474 -0.0197158029988806 0.0179745351786184 0.487841787082686
-0.00244317704593161 -0.0286808852744609 0.0525699598184072 0.0472190692737897
-0.0200459322636314 -0.0289151622316363 0.100820423125207 -0.450622186588137
-0.0195054019511131 -0.00419280623713593 -0.561270643039875 -0.535981153700115
0.00158205286809356 0.00922614382207216 -0.806990013078074 0.291065929138068
0.00991636925485292 -0.00753304318349617 -0.0515927901700998 0.715120827123445
-0.00390582941158553 -0.00733504219978961 0.397752323162577 0.302171160494719
-0.0110095940434142 -4.14434807301982E-05 0.340276040368844 -0.102454707182539
-0.00899166493694304 0.00699970721930208 0.0795258428496112 -0.261863252728643
-0.011116550863633 0.0101612878952708 -0.105185861663283 0.196107196783349
-0.00864272344039863 0.0139801447542285 -0.245123031341603 0.0276478366006788
-0.00640400203917405 -0.000586886767538038 -0.28698085698519 -0.303783167358706
-0.00185953317966555 -0.0136898483316273 0.142667362946985 -0.554912967410289
-0.0110912856163593 -0.00996306441401806 0.710328472035392 -0.146002699732364
-0.0204006527242213 -0.0165221066070284 0.517634658466606 0.499154071969549
-0.0192773749121866 -0.0132723275156603 -0.0101519556690161 0.484441403646676
-0.00621964447299719 -0.0207751239158561 0.0533015953193504 0.0350278212321299
-0.0224918506725014 -0.0210691497785333 0.0731726816184797 -0.460295083772801
-0.01668292421525 -0.00044293621228083 -0.602528844006285 -0.4893830009358
0.00377172680230126 0.00537038524551564 -0.772415017394051 0.355766598148712
0.0117172266499792 -0.0112866881995929 0.0138721010642794 0.708858758430809
-0.000936183417647153 -0.00334306157576953 0.421234780263702 0.270698588589664
-0.0126112909478214 0.00258600486113206 0.335480938228908 -0.119199687699784
-0.0068918890029236 0.00446351628574271 0.0724340998094128 -0.261860054214166
-0.00797117673265915 0.00759619414027865 -0.108172394319739 0.193935179590891
-0.00924370678112163 0.0151684521364758 -0.241908812289011 0.0202530920713194
-0.00286996404206879 0.00132103652403246 -0.265994582808805 -0.317459953223302
0.00218504868653734 -0.0163406236850036 0.182882951742952 -0.549045947648506
-0.00710165868338665 -0.0127383444037147 0.722826437718398 -0.104161010188784
-0.0155323610740264 -0.0137013791194602 0.48386369766918 0.531680388012716
-0.0198972722996458 -0.00454396211356861 -0.0319943872541144 0.479554342962791
-0.0103287833146393 -0.00938241166836431 0.0531982409664551 0.0265084399862102
-0.0221431039751838 -0.0102156702048317 0.0531080411813554 -0.467013816377807
-0.0131528639526005 0.00364058627818531 -0.633156586044237 -0.452701135482035
0.00470516133875893 0.00264107047329729 -0.742956786221225 0.400032014681464
0.0124003020464573 -0.0139134468095056 0.0623418841703169 0.698205145584607
0.00268888243892187 -0.000632372251625817 0.437891700600542 0.246263712280497
-0.0121999455271491 0.00499586037195466 0.333723452038455 -0.129985205112652
-0.00372991009161135 0.0016449244877157 0.0674987734433967 -0.261691953926343
-0.00326615417627101 0.00558610447839803 -0.109664126172172 0.193539930337429
-0.00729333833899068 0.0157476863396412 -0.240634928665218 0.0164377484728754
0.000550090019254205 0.00295209603481172 -0.251795416321979 -0.325792420075008
0.00457591362077652 -0.0169515362459334 0.208800781301246 -0.547741520500288
-0.00358613351713003 -0.0149269038540881 0.728874839311174 -0.0792750189559978
-0.00952313663998107 -0.00946533096234801 0.461408860292785 0.547041633122513
-0.0210142744861092 0.00845476131954375 -0.044335298008791 0.477525885386332
-0.0152443506833203 0.00305790492252263 0.0517966561092672 0.0231962764439421
-0.0205892790681127 0.000994308309456849 0.0404955805954948 -0.468520595681409
-0.00662293778851458 0.00647653924303165 -0.647976814213036 -0.430077523898742
0.00618057834826299 0.00103830244894364 -0.725195678630317 0.420323023206053
0.0123239028026842 -0.0149388224772674 0.0890419654008285 0.688688133955096
0.00678440774451219 0.00163501686195819 0.451557366350095 0.23460136014206
-0.00954107008375471 0.0070572694654237 0.33176520597244 -0.134132167403592
0.000996475539168089 -0.0026417190642831 0.0648460574949353 -0.261709354826962
0.00148821111525561 0.00398859679039945 -0.109922040647326 0.193914858295455
-0.0042410577851044 0.0177636901938198 -0.240424387355261 0.0182379759545427
0.00368238522575711 0.00623022828567033 -0.246705711760843 -0.324391038347
0.00416091625386633 -0.0164723950883176 0.211124104003321 -0.550869377183
-0.000759530638819377 -0.0153912907888151 0.728252532353851 -0.0812828218951439
-0.00312463017581747 -0.00344495059897143 0.459562654576687 0.547399031804341
-0.0206680312010645 0.0209539899437507 -0.0472186806447087 0.47804410208609
-0.0186952454346108 0.0157520432767967 0.0479257562442194 0.024602811274517
-0.0169498071438946 0.0122741051216892 0.0345372599826578 -0.467085855567752
0.000382178100507686 0.00843152525197109 -0.651481889350011 -0.43063122194856
0.00795973160280826 -0.000182134113003764 -0.728186993097854 0.416774714895163
0.0136158162982582 -0.0133557262315831 0.0909317015973713 0.685869982972367
0.0110235200308096 0.00320228895597718 0.454264590798196 0.233645858808821
-0.00660064050382945 0.00718955889917107 0.332539568370819 -0.130983815562522
0.00520173820908165 -0.00506825732113757 0.0643376464841767 -0.260723927607725
0.00649230581526857 0.00408528167624135 -0.107518956802127 0.194335001492327
0.000974364759999342 0.0188532712325427 -0.242350607178308 0.0239761495321352
0.00507592240915068 0.00765344410869786 -0.255290736007919 -0.314277715760648
0.00178160002470877 -0.0133959489173682 0.193117754442946 -0.558562276506728
0.00129118843916299 -0.0137685078510563 0.721268777188472 -0.110695926722144
0.00259907120415761 0.00181202185358873 0.475242842181265 0.53030561829118
-0.0196140331039507 0.0314800135202885 -0.0380784397067379 0.482517147939588
-0.0216050662972399 0.0280976057767141 0.0450421568375612 0.0311548312273666
-0.0124928060405071 0.0217685318839757 0.0422772798619864 -0.462633719284086
0.00755417501203961 0.00991193051286081 -0.641414619052144 -0.449700983552848
0.0104649666537385 0.000140679480341162 -0.747785969852447 0.393051313798159
0.0130910521975283 -0.0105268774093615 0.0683116176094192 0.688515408816061
0.012929247469698 0.005070553837451 0.452273824034583 0.246610758248414
-0.00173281748434831 0.00731656743099881 0.335994132057826 -0.122406768975001
0.0102498987301981 -0.0055299868645063 0.0668253208777238 -0.261195963773732
-0.0105831789002152 0.0177730520992678 -0.0910532613194819 0.204294958420767
0.00463524274185411 0.0104089891746339 -0.252419734195634 0.0670292653545247
-0.0113860738303263 -0.00122030183374678 -0.355504206890628 -0.227719304424341
-0.0135911781806366 0.00137995326597049 -0.0245873590550641 -0.557290979410117
-0.0126114801618937 0.00300681917470346 0.623677435723576 -0.322596436440561
-0.0201323546244702 -0.0133080480105496 0.624526116523478 0.350559172124656
-0.013275404129059 -0.0187503655822849 0.0751791756068435 0.492786399053094
0.00357065973338042 -0.0294707617327395 0.0449450156199249 0.0763438987737529
-0.0100540174092359 -0.0341026618121073 0.158086224314794 -0.417142452733126
-0.0149639415438268 -0.00801658279390965 -0.45554514702354 -0.635455081511085
-0.00250067136192322 0.0152663342718315 -0.868819183106164 0.128281535746983
0.00491248107938229 0.00379128286344096 -0.201208618243151 0.711218248066869
-0.00759386593004292 -0.00911061596074024 0.344467235521078 0.37083707698925
-0.00158005972581683 -0.00316283839104025 0.347031323901302 -0.0636907308676546
-0.00458241864624406 0.0111169514468818 0.0921653820692495 -0.26343992612085
-0.0131574721898774 0.0165996381377082 -0.096000992846917 0.202010915789985
-0.00118283862397629 0.0123284226974975 -0.251896195140759 0.0529822232939289
-0.0117111756582956 -0.00139363710595472 -0.337731588159767 -0.254572353648073
-0.0108403143921518 -0.00429715908911095 0.0274339042130419 -0.56050275070024
-0.0142239688566357 -0.00106557201850918 0.657757242299086 -0.268667156055562
-0.0228741344035778 -0.0154826393330288 0.595984816179934 0.403738552050455
-0.0157672580534122 -0.0207940509329381 0.0483520905278935 0.492727044901644
0.00123359825385781 -0.0321831357207748 0.0494480660612092 0.0618592845736307
-0.0158645711299139 -0.0353062164884414 0.135544559047917 -0.435373076855949
-0.0189660492463028 -0.00787993480640258 -0.505677910318619 -0.595475200214913
0.000315340331631438 0.0127974488207086 -0.845630855707365 0.206009750488046
0.00881890317969518 -0.00225927981159905 -0.132526820599818 0.718754076752449
-0.00649242910231914 -0.00889082138054414 0.371417824618158 0.341913964033968
-0.00789697270108816 -0.00219488421519242 0.344856357858622 -0.0827860719924512
-0.00768964049886128 0.00943327497959549 0.0871986197779953 -0.263200225300562
-0.0141386251388529 0.0133931347322683 -0.100891012566126 0.199621532893072
-0.00578834783206819 0.0134716128875596 -0.248258516784048 0.0382401088481996
-0.0094630431523361 -0.00144642633344315 -0.312447628654976 -0.282744433540685
-0.00620112461979597 -0.010317398005532 0.0889015160334764 -0.558573958413417
-0.0132852541531909 -0.00570888703229528 0.69193596839282 -0.203102830093499
-0.0231461512704065 -0.0169927474044151 0.554835027180152 0.457401084232377
-0.017903320552943 -0.0189788028097701 0.0151412679074588 0.488544847022056
-0.00191314819124079 -0.0285261603408723 0.0520893410517254 0.0475088549593135
-0.0198179441720836 -0.0302775529327948 0.105096841541 -0.451549950786481
-0.0194753059957848 -0.00427220088829922 -0.557918073695256 -0.540635586969896
0.00203229481698419 0.00871370746026526 -0.810741118646534 0.288040660094272
0.0108016299272157 -0.00742117003773039 -0.0547628409134681 0.71789131116955
-0.00414254609068179 -0.00694245302514027 0.397718732500294 0.304214710972354
-0.0103299039272762 -0.000198430215086403 0.340920661903113 -0.102166980758697
-0.00818230229318312 0.007190408711159 0.0795275501880081 -0.262955273408588
-0.0114338252595102 0.0105793899863678 -0.105702962379173 0.197795998026556
-0.00872102428846152 0.0141105053332835 -0.244782955728472 0.0270450758811247
-0.00635666447654742 -0.000885756158630704 -0.286804814753503 -0.305132555607339
-0.00146009175171711 -0.014062195362158 0.145044214500689 -0.554058185253778
-0.0107122392208042 -0.0102063555766839 0.713420296593794 -0.145626934517569
-0.0203570463144288 -0.0163211518866818 0.515326464870372 0.502713216437455
-0.0194518721016158 -0.0135653338210441 -0.0127364134851531 0.484104869046253
-0.00631248136255093 -0.0208050398541905 0.0531460476358687 0.0353017688012778
-0.0226466355912168 -0.0212169977333055 0.0761410712970532 -0.460567540573116
-0.0173003150510315 -0.000440333698609192 -0.602327100268656 -0.492675851156676
0.0035575835965292 0.00543384238224642 -0.775108452464743 0.352369482201567
0.012296461520599 -0.0119198520556968 0.0101522255483581 0.712134662948606
-0.00113168563351097 -0.00392678819020091 0.421074166632729 0.274153641703692
-0.0118469011658408 0.00248575830092538 0.336861699743755 -0.118470427781434
-0.00598876094038185 0.00438605142268023 0.0724876144907837 -0.262378557504852
-0.00791620568594126 0.00667087882644009 -0.10901670125596 0.195974419471719
-0.00889383916719557 0.0151632883745923 -0.24225506513566 0.0187361445242415
-0.00266016879711422 0.00143471456739838 -0.265287645061461 -0.319890757639824
0.0021529694268274 -0.0164205556890058 0.184943000545438 -0.550056083998637
-0.0072271423375295 -0.012973975790626 0.726509535659005 -0.100437081871053
-0.016155873787539 -0.0144800442570983 0.480465629527764 0.533792872242493
-0.0203674781758365 -0.00393706563668144 -0.0345726907286279 0.48032866595503
-0.0108492559458202 -0.00931267886996618 0.0531890784287101 0.0269820218279198
-0.0226836530486681 -0.0111546064335116 0.0561436143603728 -0.46763767038438
-0.013028894716965 0.00283978116420075 -0.632025354228742 -0.45623516536082
0.0051849878906639 0.00306137540163079 -0.746402663888591 0.396163790112591
0.0130769400457276 -0.0138432464885553 0.0594724699855862 0.700206358966105
0.00286515452970714 -0.000789134497649332 0.439983987189818 0.248869851817396
-0.0123574990884077 0.00477285985094748 0.335313818559635 -0.129788754954016
-0.00413256166788919 0.000639017711443288 0.0686100975000217 -0.263244745306937
-0.00379476377296748 0.00527850705410913 -0.111414517178269 0.193889550810463
-0.00743906099486744 0.0160588942140552 -0.241368223138159 0.0137970053394292
0.000949804722800503 0.00316364328699661 -0.251098040711756 -0.328631830277151
0.00485943234076095 -0.0172826622028268 0.210189582814737 -0.546776154384665
-0.00375219999557054 -0.0149501447577876 0.731208772656656 -0.0758022592267898
-0.0103720213989988 -0.00905729593770274 0.459610244989722 0.55000880153387
-0.0209904660207185 0.00818359229323835 -0.0479297814698569 0.47769941923684
-0.0152752789407188 0.0032086926927799 0.0519042221898635 0.023380688043509
-0.0207531732526557 0.000379804756890273 0.0425336458802115 -0.471360738900695
-0.00662552465536822 0.00555916997975933 -0.64777299280147 -0.434638902130578
0.00610541412764824 0.000430173839907884 -0.730208802271527 0.419791890988993
0.0126739424112146 -0.0143147924791651 0.0857420008329685 0.692415214725587
0.00787764396848226 0.00183890021061272 0.451837348812074 0.236214953601186
-0.0103249626311582 0.00696695539017481 0.333527591842889 -0.133887161838479
0.000335209590258392 -0.00240375142691304 0.0663154647769162 -0.262499492062084
0.00200358447929314 0.00378261874564967 -0.11093297353684 0.194110065499795
-0.00431042099326197 0.0171658019182204 -0.242061171475004 0.0169076831598838
0.00299240371785082 0.00559067171111556 -0.246492064169445 -0.326695662064525
0.00428144988906717 -0.0162703498079562 0.214281876693455 -0.551917583400119
-0.000906370813102813 -0.0146447538995947 0.731658449097396 -0.0782936041488299
-0.00339375747468235 -0.0033645868274342 0.456756436285316 0.550046589472009
-0.0216798884632783 0.0204855091246852 -0.0513512895103863 0.478934988298131
-0.0180512098986973 0.0159034419823384 0.0483281058903523 0.024730989151373
-0.0161338532657585 0.0122645977693322 0.0382169725042441 -0.4676961051149
0.000121858207721807 0.00800570356171924 -0.651677258156029 -0.434271559729876
0.00738827750611986 -0.000887778304820905 -0.73194189354327 0.416521385933276
0.0130467131785247 -0.0129000908357412 0.0884247458345586 0.688380971625083
0.0111673094882523 0.00261831696148642 0.455432745332787 0.236613705035368
-0.00619014718148538 0.00749346128193228 0.334195645891939 -0.131221621915649
0.00464899512269414 -0.00441879705094932 0.0652165756421475 -0.262525493093653
0.00717404727761635 0.00474370531127103 -0.108527880282044 0.195144652148977
0.00078411252129175 0.0186182739776385 -0.243120430429073 0.0228817905532218
0.00462815185049729 0.00750278684197464 -0.254493762812604 -0.317565538396719
0.00219320782419704 -0.0135602586039447 0.195713283396462 -0.560501564334414
0.00129515830040522 -0.0139305392621989 0.724092362555417 -0.108054664851325
0.00238001554830885 0.00249070006370935 0.472794464905721 0.534123233573732
-0.0201694221790212 0.0320416105110575 -0.0404813001104722 0.482691569871608
-0.0211056595611471 0.0284998494556957 0.0450140759742213 0.031505535062367
-0.0126583414995138 0.0220998119418188 0.0454625508933163 -0.463789328540228
0.00746516901352147 0.00984455231339654 -0.641490142803211 -0.45323853363474
0.0105185674071383 -0.000213498297484683 -0.751933797874629 0.392366282847269
0.0125481247169745 -0.00981263368061588 0.0652985999410806 0.69290499399475
0.0134194440735448 0.00455539135475751 0.454479532354189 0.248157629783125
-0.00180012366957685 0.00699105511649977 0.337276733437231 -0.12233361099801
0.0109164882483496 -0.00581604518004955 0.0675233057390848 -0.262815403533784
-0.0112947157682449 0.0180021535041881 -0.0920326869433779 0.206079155249873
0.00408183812986062 0.0105231648650952 -0.253167269162003 0.0667111993463085
-0.0119106633635262 -0.00155900016767196 -0.357738603376062 -0.230507702760095
-0.0128379004598313 0.00126463682954571 -0.0231590398313182 -0.557511387582074
-0.0130587665165104 0.00296580152098281 0.628434078669148 -0.323750693770085
-0.0199276849624722 -0.0137634353520415 0.625285251990464 0.353720136168888
-0.0131593294797284 -0.0175017456831945 0.0737422771498142 0.495612221622451
0.00215632121672537 -0.0293223002573421 0.0445881556766179 0.0766807708924329
-0.010199357484843 -0.0348030415794356 0.160712589885352 -0.418875393131678
-0.0151231923351715 -0.00840003106269428 -0.456041906347942 -0.64127855153135
-0.00197528698617502 0.0158261707900167 -0.873443819550403 0.127558671640936
0.00481945821431417 0.00317557918584828 -0.203789266764774 0.714405907349421
-0.00777530157803679 -0.0100469501338164 0.345079586606951 0.37615378778308
-0.00190638345072461 -0.00391809545890286 0.349681403669981 -0.062871753091519
-0.00474673124638587 0.0115395389041646 0.0934251357644124 -0.264589334321616
-0.0136685888553199 0.0156549071286487 -0.0969300632410807 0.203374074874139
-0.000978107922191869 0.0122072938981861 -0.252124882589681 0.0522696937881378
-0.0122940136120289 -0.00159300556385622 -0.339194474880772 -0.257574314929706
-0.00995231809980393 -0.00485834853512597 0.0297554527260703 -0.561802079660406
-0.0136442158595428 -0.00139150406275466 0.662608942154847 -0.268431793361476
-0.0233460588293043 -0.0162062073705377 0.595717721683784 0.406655948540234
-0.0163877084383771 -0.0211038330800736 0.0455773069723083 0.493480741055886
0.00109270008027455 -0.0322957159830132 0.048503736288255 0.0629508076480293
-0.0157115337758642 -0.0360073120834083 0.136985681145777 -0.434934787511323
-0.0191468870777142 -0.0077648355043567 -0.505908637447482 -0.599396213989878
-0.000319012472323682 0.0120749731755378 -0.848815558129783 0.20345791044024
0.00837531188751119 -0.00249792972145405 -0.134791168480284 0.723308068342073
-0.00728904723656744 -0.0093098474661899 0.372656479241313 0.343775359465186
-0.00663979933776906 -0.00294061464527825 0.34717869453434 -0.0826717429648459
-0.0078152790929807 0.00994554090191528 0.0873569073819518 -0.265283240526616
-0.0135402137706986 0.0135823976787892 -0.102191918826101 0.201115023124572
-0.00574234447478962 0.0130364043668144 -0.249818908268129 0.0372174252641998
-0.0100775577816221 -0.00239045075762878 -0.311812985931786 -0.283861846605997
-0.00595631010993808 -0.0102736136221245 0.0929055293720975 -0.562374131468564
-0.0134415196991225 -0.00517475006522044 0.694936194442239 -0.201676526526178
-0.023124918588856 -0.0182719213176049 0.55640274884352 0.462585748976271
-0.0177213497434497 -0.0189816371935621 0.013624351483977 0.489676866632551
-0.00206529371597789 -0.0290441316316208 0.0519341845684709 0.0473586050388916
-0.0204514157610174 -0.0308294437779492 0.108026973850839 -0.452016805056574
-0.0194483445664031 -0.0052334434121398 -0.560390203225014 -0.545993655260424
0.00196805868666193 0.00862589250886391 -0.816109659789286 0.285322786373993
0.0112634512565599 -0.00781851619876432 -0.0578667379852898 0.721160399900401
-0.00372927580487775 -0.00723256873357229 0.400619541545116 0.308165077737742
-0.010899433979095 -0.000877938322703178 0.343587085971341 -0.102961665895703
-0.00792476904235582 0.00703739714293538 0.0805895962088277 -0.264677795558438
-0.0116241830412031 0.0106327802338649 -0.10621512369902 0.198530175243885
-0.00882963220746413 0.0141714425484419 -0.246001078808779 0.0268765855232793
-0.0066665497511981 -0.00175731974018063 -0.287149003893658 -0.307648650460937
-0.00146130646288055 -0.014211149325892 0.146509837577657 -0.556853658087661
-0.0103355842188262 -0.0103450512797716 0.717210593857198 -0.14236577945398
-0.0209455514148409 -0.0174185401181359 0.515471706330557 0.506924403000373
-0.0192868636339851 -0.0128337856185807 -0.0153486650631644 0.487210828152965
-0.0062126608344245 -0.0204767840793187 0.0539073556120804 0.0351363124916195
-0.0235574126816405 -0.0216194751480604 0.0797191442911066 -0.462975759295142
-0.0177108132153024 -0.000739224378051812 -0.602253909016136 -0.496551184812359
0.00437658017815681 0.00488577007676056 -0.781222037045161 0.351455631594768
0.0128944770563488 -0.0121568654084434 0.00856062522488673 0.715827556438086
-0.000909378196766882 -0.00406540256144922 0.422403148419406 0.275604932205591
-0.0124572426704959 0.00308901885544049 0.339369870121958 -0.118219972094564
-0.00596677163136521 0.00374383040002719 0.0741068608943564 -0.264334011710644
-0.00754041884679275 0.00764407842935456 -0.109612635153346 0.196923408576068
-0.00935890192038838 0.0149521634793411 -0.243196753938185 0.0191685489265867
-0.00286210173080249 0.00066937278748529 -0.265766024881536 -0.321826538625068
0.00222707079944314 -0.0167182675307499 0.188560837710162 -0.552422796281944
-0.00695303439318373 -0.0130915029149561 0.729981446224058 -0.0989905250126289
-0.0155319188606842 -0.0143804759254531 0.480121824409573 0.537881017015256
-0.0203994250920093 -0.00358488783132949 -0.0372510998949206 0.480721469348626
-0.0113515204733894 -0.00986653129074998 0.0532208915585129 0.0270534141138245
-0.0222553131674602 -0.0108878445556849 0.05922249239988 -0.469594479042298
-0.0133246726025243 0.0028276476074432 -0.633790973606455 -0.458480138071363
0.00528485159236058 0.00284892387771458 -0.751077593530133 0.398378059745609
0.0128626188397944 -0.0146970572181063 0.0573352619129286 0.706269330975787
0.00296158536012232 -0.00118064867344411 0.4412337732615 0.252131506432246
-0.0125944537430389 0.00517056261419771 0.336179861477549 -0.129837822010215
-0.00368839361535284 0.000265825548544558 0.0697246226945901 -0.265253143162059
-0.00296671759251991 0.00607851103356685 -0.111223907564625 0.195616551170353
-0.00728665739821452 0.0167421134674101 -0.241500167127775 0.014724744980309
0.000467274416934831 0.00316829117129349 -0.251604517772519 -0.331458350944357
0.00563934926681116 -0.0175139788199124 0.215263590157395 -0.551690616445031
-0.00358946090800286 -0.0151040840950217 0.736912494049758 -0.0733745033676682
-0.0103941785517762 -0.00949639072155417 0.458101581463401 0.555372629099141
-0.0216029284562659 0.00830231595416598 -0.0517062527901616 0.479103161438693
-0.015279137594166 0.00333238966148369 0.0514378067008467 0.0233296132499309
-0.0200917187344542 0.000925277521503457 0.0445433422362578 -0.472650500284605
-0.0070892395810819 0.00637040467239472 -0.649320488063373 -0.437779113349126
0.00576719520116161 0.000593596021067981 -0.737269284013131 0.419015729633919
0.0135637499152592 -0.01443875231516 0.0844597567409565 0.695838147017541
0.00674138955354151 0.00143790536132926 0.452795742418136 0.237373759342542
-0.00988654953349908 0.00787998777822405 0.335878394512294 -0.134115307649352
0.00114290633967883 -0.00288971084263586 0.0675159453778356 -0.26432004477805
0.00199761563784587 0.00383187440078002 -0.111413872775467 0.195774469878479
-0.00390232336001155 0.0172705815250316 -0.241601942771317 0.0158572796995075
0.0026242984464056 0.00571783596362879 -0.247317934366072 -0.329005197660956
0.00429693633256631 -0.016318893312431 0.217651718949255 -0.553544816010382
-0.000362130181756784 -0.0150393923774989 0.73269156642364 -0.0775564830055776
-0.0038702599412936 -0.00304670255632773 0.457658614071185 0.554535766007906
-0.0220463680274963 0.0213371380872743 -0.0533524225954167 0.48056818409551
-0.0194123803463299 0.0159578806560084 0.0491964278050447 0.02515833604872
-0.0164593294851076 0.0125556427449537 0.0413120788951879 -0.470105678688135
0.000218095729026807 0.0085129433977893 -0.650595153520094 -0.438670198237615
0.00791985730040136 -0.000512274445009423 -0.738360605284989 0.417091541348662
0.0134113334549595 -0.0130321972831617 0.0872030628737207 0.694027456591926
0.0110759883565574 0.00340438941153157 0.456724709143887 0.238154382998277
-0.00668978230159249 0.00774571630623883 0.337279078448505 -0.131740451860742
0.00539740949351504 -0.00425514655346555 0.0660584668136577 -0.265457198657298
0.00671008496796749 0.00410245005737476 -0.108956380822437 0.196825459196594
0.00120487518103186 0.0183011576971951 -0.244640469498488 0.0224120970875922
0.00442088583327071 0.00806250004152383 -0.254894730427895 -0.319192137460108
0.00213577146671704 -0.0139235649485978 0.198504327014179 -0.563091619800398
0.00176112943007944 -0.0144329014432437 0.728929312517026 -0.106903939964469
0.00248840845028406 0.00198126148956567 0.4727767774789 0.536133954996417
-0.0199833692620736 0.0325917154232521 -0.0449725617509434 0.484238890574538
-0.0214889699792017 0.0277510234196816 0.0444321584763164 0.0316294664123168
-0.0132642397085473 0.0208966504092122 0.0475949193975012 -0.465909993599649
0.00724981266641574 0.010394900440684 -0.644164076772801 -0.458451893723112
0.0106552085144401 -0.000162346598683446 -0.757133993811907 0.391073472335127
0.0133068186169364 -0.0103342458619672 0.0626437721894939 0.697751991319534
0.0126697334344755 0.00450626238236195 0.455324826217096 0.251937071957373
-0.00137500602528306 0.00741216928148281 0.339883095757518 -0.122154443063957
0.0104871229780053 -0.00724290829235121 0.0683936079489987 -0.264461894863217
-0.0116844325442389 0.0181645970051435 -0.0918593402091048 0.206610808272344
0.00460303694624346 0.0110606165895925 -0.254107241281272 0.0657046418260439
-0.0122355908978874 -0.00145761072045494 -0.358660117789305 -0.232028721224321
-0.0129036202507896 0.000744139090187157 -0.0236514900520479 -0.561801167142454
-0.0127323008504496 0.00241920659012837 0.631354572199422 -0.322837232476407
-0.0207945141827833 -0.0137505185966658 0.627797556831787 0.355841292539649
-0.0134241748807931 -0.0173936342632629 0.0727720428856873 0.497000075815902
0.00251214737161452 -0.0301069422905543 0.0453654975376522 0.0776460131017753
-0.0106369210798939 -0.035961731512193 0.16417091833441 -0.419747665970366
-0.0154884793179684 -0.00818988567290014 -0.454581087576914 -0.644918294483577
-0.00175828059925914 0.0150091815965543 -0.87976833933219 0.126521783358418
0.00530372392869546 0.00334535514399513 -0.20477024312366 0.720655402925058
-0.00677127375603123 -0.00927916130531837 0.345902175222423 0.377826244665178
-0.0018505231560179 -0.00384408528749813 0.351779637644993 -0.063289661377592
-0.00456851319288216 0.01163633791811 0.0944759803723636 -0.267941013064645
-0.0134847738536867 0.01630958640693 -0.0974964615302061 0.205243559035348
-0.000752045184099256 0.0126122602275061 -0.25291572695731 0.052462409004219
-0.0118206726164978 -0.00220675096743936 -0.340513913863996 -0.259632653525989
-0.00968855549840654 -0.0044430924211892 0.0311027918154904 -0.565210036878524
-0.0138116319100814 -0.00114276261348247 0.66688665449678 -0.269226035077591
-0.0231045298668081 -0.0164001335838211 0.598782505639397 0.409090966246774
-0.015891417778461 -0.0206851916626827 0.0458893683069367 0.495627211075589
0.00136417523161933 -0.0326620338752234 0.0489349149016892 0.0629902382509924
-0.0156413618483932 -0.0361124224871839 0.140346506964004 -0.438311685499763
-0.0191869318935939 -0.00805584706971938 -0.507610809201316 -0.602475670976707
0.00034334831779257 0.0127548159181867 -0.857708819333949 0.204830596915679
0.00846043226119195 -0.00259633600681954 -0.135834890110203 0.726709360553833
-0.00716300330061427 -0.00989118532112431 0.372087649008125 0.34729638355898
-0.00731166482779156 -0.00158861048369136 0.348805957886556 -0.0828799863026311
-0.00694617288154003 0.00934642449637975 0.0882795137245622 -0.266485993474428
-0.0136040058088618 0.0131076911205583 -0.102910098353222 0.203642064535689
-0.00531831139557529 0.013173911417571 -0.250475815479443 0.0383446464690115
-0.00993010664346704 -0.00181526247234606 -0.313713286496947 -0.286871037835669
-0.0058478665932487 -0.00983541702988125 0.0935113713402449 -0.564817976017988
-0.012843667663942 -0.00593685755971006 0.698878253067383 -0.201151060582427
-0.0233568649787454 -0.0186007651066396 0.556899105781784 0.465387312121839
-0.0179463853198233 -0.0192944525050107 0.0112603938772121 0.492195729124307
-0.0011525729009202 -0.029176601196292 0.0526987862403617 0.0483341479507338
-0.0196529673421301 -0.0308633278159739 0.109727806374411 -0.455277065296032
-0.0203358960478793 -0.00394347170997795 -0.562722126379007 -0.550307581673869
0.00244460912992283 0.00901006343794737 -0.819851576655971 0.286874350799403
0.0107138698538236 -0.00798958220468967 -0.0581288212460751 0.726666989946194
-0.00462137487860746 -0.0074083890519986 0.400814447710491 0.308691208760743
-0.0100258636448732 0.000651407344244096 0.344902463761695 -0.103077598408423
-0.00798622820290116 0.0066310770408198 0.0820293864769995 -0.266831106383525
-0.0115806028499669 0.0111225045642561 -0.106966164141768 0.200716115515919
-0.00864284928381108 0.0138820426512109 -0.247395771368689 0.026490912462175
-0.0071355486290084 -0.00116890577694514 -0.289811726218583 -0.310270499127685
-0.00052963348775949 -0.014570796471589 0.14902815538664 -0.560191920634635
-0.0109388409032721 -0.0103025486303283 0.721289399375284 -0.142663312920403
-0.0205792007854619 -0.0181232858440127 0.516893019772651 0.508952361206742
-0.0193995985005315 -0.0122996237917475 -0.0170740335316573 0.488286000802502
-0.00572714733016414 -0.0207521475533555 0.05404238122681 0.0359425198694971
-0.0228239243092226 -0.0221784505509525 0.0829566365891863 -0.467233340098203
-0.0181318728942256 -0.00080582637380984 -0.604994384664072 -0.500974547454644
0.00425228018700292 0.00563855684472373 -0.784587998726222 0.352672679097884
0.012437083834877 -0.0113404112793911 0.00892217521884216 0.718634653565614
-0.00137056651592209 -0.00501863791996715 0.426748361678874 0.278740104676962
-0.0120084836071915 0.00263806808407611 0.341880015051678 -0.120372805941935
-0.0066971881555766 0.00401833216561735 0.0744727627480666 -0.266659900002702
-0.00779685935036556 0.00769179089622421 -0.110408798739371 0.200041342375334
-0.00920303349842621 0.0147764217455017 -0.24375791965471 0.0178743715466886
-0.00239774207433141 0.00131605226580358 -0.267102662405663 -0.325372522621728
0.00330870794620485 -0.0171610214045963 0.190486129597531 -0.554064826484891
-0.00751514853230641 -0.0134306118712036 0.733840171090882 -0.0970578792381913
-0.015727289955371 -0.0151103556537519 0.480574655173803 0.540039861160727
-0.0204499017756548 -0.00269832882950585 -0.038749042444942 0.483819230830012
-0.0101004415445953 -0.00991204792101957 0.0543021351391405 0.0271757212892431
-0.0225864809189608 -0.0110099444260165 0.0603723857824769 -0.473124628658896
-0.0136785249318885 0.00285909943969439 -0.634905447527493 -0.464882821119676
0.00556761327770384 0.00221502551484439 -0.758562392539132 0.401830186180981
0.0136508029816706 -0.0141347459064259 0.0576753024049038 0.710177366621623
0.00321127401204473 -0.00155052500955777 0.443869906443838 0.252312645177679
-0.0124361185065836 0.00531928212393284 0.338059497144696 -0.130537908352168
-0.00427545387557444 0.000145401982503386 0.0691871879989222 -0.266767352752378
-0.00290415800611172 0.00454317260668406 -0.111804472348124 0.198112256528405
-0.00729962865091002 0.0163513277975386 -0.24286443885937 0.0138763542599835
0.000655538631007664 0.00351517833732995 -0.251562233213566 -0.333125925352115
0.0056924088883188 -0.0183357028177063 0.21680228304096 -0.554315954691888
-0.00389445027351722 -0.0150377889324573 0.739313706333552 -0.0721095493535717
-0.0100607712116603 -0.0105456524379557 0.459775945177416 0.5579044865339
-0.0219668698815253 0.00847907560391948 -0.0519093615863462 0.479563093079573
-0.0149760675982965 0.00406111267605679 0.0518618884891007 0.0239608512262971
-0.0206987757912023 0.000666578653035344 0.0468240733424157 -0.47439895454011
-0.00723177682493947 0.00558361665309432 -0.652653899125701 -0.441292848062832
0.00705486190205794 0.000110275287357374 -0.741263677958834 0.419856445079303
0.0134210030532002 -0.01478765195397 0.0846803844625801 0.70026191077174
0.00664499466747639 0.00103804589920414 0.456851848156172 0.239064309583843
-0.0105597442223689 0.00750923327299766 0.33700600900342 -0.135103344144018
-9.65734730749533E-05 -0.00344876606529579 0.067699765461878 -0.267137411230772
0.00157671881591646 0.00377737289570077 -0.112691971185852 0.197929576397349
-0.00320419711020562 0.0172225890945362 -0.243172829565753 0.0149426973270102
0.00275657734508034 0.00618203131059035 -0.248586462417532 -0.33148927460052
0.00516576245948417 -0.0157681309692976 0.219430910426369 -0.557389159012873
-0.000622559652679953 -0.0155993309445575 0.738721698839526 -0.0764880920695727
-0.00369290888450699 -0.0036906872720859 0.457394560963411 0.556957832993755
-0.0213415548340078 0.0220789783361763 -0.054263826971259 0.479667986264896
-0.019866018270668 0.0166250720614111 0.0494786896057019 0.0247889494406164
-0.0171649494739589 0.0111524228174779 0.0426690111260363 -0.47330588759131
-0.000417027783906536 0.00856304627250941 -0.653926755233832 -0.443138716308423
0.00880033192559861 -3.55522836328458E-06 -0.743768204318628 0.41761693220672
0.013047785733137 -0.0134893993682844 0.0859866385808638 0.69789449775512
0.0109018752812425 0.00384024802347395 0.461072451505812 0.239952775563676
-0.00687037685937738 0.00812618776445098 0.338355190045858 -0.132677857131126
0.0059593469469972 -0.00525023586144914 0.0672121630260163 -0.266791777461342
0.00648902727820393 0.00450673026941865 -0.109404354927503 0.199028440164564
0.000927266211649416 0.0183598326431182 -0.24573341390745 0.0211269984606788
0.00491773555614169 0.00761829249816173 -0.255534475985391 -0.321368005959182
0.00262037423383711 -0.0139718720297879 0.20026357226483 -0.564888901957947
0.00145072319751051 -0.0145235794292653 0.733204792022861 -0.104181550503382
0.0020831123963979 0.000705908851613521 0.473391698130367 0.540831585785329
-0.0200181522656674 0.0332977966850612 -0.0457336797551148 0.485315911821203
-0.0218333061999803 0.0282329703095862 0.0456507830138257 0.0313138276511224
-0.0129172026851921 0.0210101843241773 0.0498051376326249 -0.466811277160493
0.00741319985279685 0.0100557335296878 -0.645805923840996 -0.461274222812535
0.0108827336548412 -0.000253150339677185 -0.760813614174426 0.391659177319224
0.013141089967001 -0.00959459931621902 0.0617502868041626 0.700294630822872
0.0125697112211998 0.00523647476997138 0.457523283916274 0.25153273966224
-0.00228634392255064 0.00791572276494157 0.342684443187417 -0.123579780343908
0.0107256580607779 -0.00661931027350325 0.0681305646941905 -0.266364056078577
-0.0108237856970432 0.0183846510778178 -0.0922260399043077 0.208689026705404
0.00515094465020222 0.0103239018485682 -0.25499697975536 0.0676053906042142
-0.0120890889017552 -0.00111795148915084 -0.360811578197999 -0.234359936549457
-0.0135182334084868 0.00128002172632695 -0.0231641539713528 -0.564499695484528
-0.0126638167000629 0.00263386548858537 0.63615330486538 -0.326134361629079
-0.019510340100179 -0.0146160695861109 0.630045262837465 0.35890199369922
-0.0138010511553218 -0.0177366810914287 0.0710137104235263 0.499416281080818
0.00259292139960347 -0.0306515502847708 0.0451371976839288 0.0780599617491134
-0.010545651609236 -0.035535525266146 0.167907544270551 -0.421909160788173
-0.0152183173905234 -0.00866733453571067 -0.457137316503679 -0.650076620367152
-0.00197072495391831 0.0150557669427042 -0.886472362522683 0.127149229357806
0.00515037868894698 0.00311092155840156 -0.207043434893076 0.725880679984487
-0.00779276738082272 -0.00994256161943551 0.347728397519494 0.382466558265118
-0.00251673035069639 -0.00373527264662152 0.353590470993346 -0.0639311321614539
-0.00479430780572148 0.0104494170381447 0.0942154842731766 -0.270273694558027
-0.0139384224680171 0.0171825498323839 -0.0966956260313232 0.208245202919639
-0.00107751581477079 0.0116072399245632 -0.25377987299613 0.052602343703725
-0.0122487362647101 -0.00241959502053452 -0.343054514093618 -0.261314294693546
-0.00889656507191091 -0.00466988293411377 0.0314276098929828 -0.569029819434053
-0.0134189352073244 -0.00133189226997444 0.672434830352905 -0.270470322185541
-0.0236355761655331 -0.0175477832598117 0.601656922074206 0.411028037368703
-0.0167361460649714 -0.0209285359063652 0.044272289098697 0.498304503841396
0.00122664278536321 -0.0331452552463983 0.0484944558388939 0.0634176755088274
-0.0158818683545511 -0.0371972654397809 0.142323729479926 -0.439136442325412
-0.0191700543550404 -0.00794324745777294 -0.509344723451783 -0.605960794570353
-2.26155429161219E-05 0.0131265035664672 -0.861148139728074 0.204626396854367
0.00855423297443321 -0.00256676524185063 -0.137342516185764 0.734126674273406
-0.00726690393737538 -0.00955210734133021 0.377231352647302 0.350243111481896
-0.00750919236723716 -0.00216186071825407 0.351596150978809 -0.0837308182356717
-0.00751257419340823 0.00889374173470699 0.0893064752699899 -0.269684990140299
-0.0141134734086301 0.0149734741069102 -0.103204462905221 0.205642395474112
-0.00632380574286193 0.013455213886051 -0.251630174097956 0.0380498761715504
-0.0104349726357856 -0.00223535830570019 -0.3169754138804 -0.288419882228741
-0.00556240360260021 -0.0100661918167292 0.0935982535630676 -0.567174692706067
-0.012903379935285 -0.00586023962204632 0.7037197443102 -0.202461113087805
-0.0238736077653232 -0.0184345018294124 0.560716400186225 0.467993296461012
-0.0174208870928729 -0.0180917591427244 0.0128587858031806 0.49343051855027
-0.00172901743348528 -0.0287403188095841 0.0530938856197998 0.0484872262128922
-0.0200310199023544 -0.0317390768641045 0.11238706849525 -0.456634346935272
-0.01969762233046 -0.0046259227072905 -0.564420226480357 -0.555967169211505
0.00261223203792919 0.00927748162855381 -0.826273072447251 0.287132783088644
0.0108973796924865 -0.00866657714091738 -0.0588072925146039 0.730816492659339
-0.00440708257665119 -0.00761562696420622 0.405290282148936 0.311401451190395
-0.0110266342133801 -0.000402133960976301 0.348016490561346 -0.104247109606217
-0.00783136153868728 0.00685709702020131 0.0813182624816969 -0.268828711528453
-0.0121012785741769 0.011083688901138 -0.10656198172876 0.203306105029465
-0.00865203504185564 0.0143520757007194 -0.247194033377327 0.0257885430528694
-0.00719895749525942 -0.000578611313580624 -0.290522746055804 -0.314395161625905
-0.000826654921880561 -0.0148355504231464 0.150012728827744 -0.565404280362123
-0.0107523502700201 -0.0107023390409284 0.726379112938513 -0.143006848423095
-0.0206233484647437 -0.0184710432686019 0.519309677267592 0.512608090354623
-0.0192191646228301 -0.011719075197253 -0.0171851760207892 0.488564152510264
-0.00588765731100331 -0.0211652934851378 0.0543300335685546 0.0357698636887964
-0.0227677731609782 -0.0224803325228815 0.0833662371418981 -0.469872880956692
-0.0177505928733867 -0.000743127987915815 -0.607885094519896 -0.504183240715672
0.0044680646334589 0.00554434616663494 -0.790802225760277 0.355914862155966
0.0128586745019678 -0.0118031462932613 0.00840433905688581 0.724795976482231
-0.0015066093111437 -0.00426079519344801 0.429989552283359 0.280515730039195
-0.0125074428487801 0.00266675235792271 0.343823817545755 -0.121864034329781
-0.00639616660430778 0.0033857972911471 0.0747184266728694 -0.269545265655067
-0.00865649375565358 0.00778296252176602 -0.109860926555577 0.201710606137859
-0.00952414389318669 0.0147305894336317 -0.24506236420649 0.0175774273343258
-0.00327358462069817 0.000984680134503307 -0.270424822276802 -0.328345718165722
0.00296317049211708 -0.0174760443580053 0.191772947715474 -0.559822799372494
-0.00790546159230131 -0.0134153346191809 0.739273934507662 -0.0976064464562922
-0.0160488460630798 -0.0154248386121834 0.482564385333438 0.54525123212264
-0.0206865008577737 -0.00197993892739611 -0.0390012933762278 0.484765340851301
-0.0100642805056413 -0.0098018555013648 0.0546904827917886 0.0278736980850881
-0.0232636407329379 -0.0116298674684193 0.0636073689286114 -0.474630669069858
-0.0138587474380204 0.00228738743357809 -0.6374284527118 -0.468078496562151
0.00528736535990494 0.00271322636437996 -0.763417000991178 0.3993726726394
0.0133041368417119 -0.014307996763606 0.0570333396714657 0.714148105007506
0.00301819873816651 -0.000899533422272827 0.448102290580059 0.255906358556066
-0.012372643937083 0.00587723057943422 0.341892199286825 -0.133010291421284
-0.00353807701595289 -0.000599297028236093 0.0702355739541706 -0.269281601312831
-0.00214828175061927 0.00530923399434733 -0.113498941303755 0.199996458719474
-0.00694042464645012 0.0167105716850246 -0.243462702298151 0.0131009341794031
3.48673761265202E-05 0.00264734680288843 -0.254998035282696 -0.336716205151145
0.00617765896785959 -0.0182402940989068 0.218051150163451 -0.557344280284278
-0.00357655720472739 -0.0158284652019278 0.745029998987242 -0.0715321586238582
-0.00994974529768801 -0.0109001902075024 0.461062012899998 0.562763968679231
-0.021648050802046 0.0099442418576158 -0.0540385388272679 0.482618196849071
-0.0161229812625914 0.00305308253516047 0.0529750394106603 0.023608956813915
-0.0206337810127096 0.00051799065754965 0.0504140956821853 -0.476896924500973
-0.00751239890358143 0.00558246453635074 -0.657301762607666 -0.446406874723862
0.00678764500769119 0.000186353094703489 -0.747005538971462 0.420916774414433
0.0127927336017258 -0.0146320713477592 0.0843990960839417 0.705241078651193
0.00699485474456614 0.00193298348971143 0.458372407398721 0.2392425065018
-0.00950204846557058 0.0071714834760472 0.339050627170297 -0.137247963483091
0.000373521314091202 -0.00268060753125527 0.0679618394184139 -0.269676247588235
0.00278195779797669 0.00425330098492482 -0.112446121803191 0.200383984430897
-0.0043482530200023 0.0166850210366846 -0.244027364904207 0.0153774929988274
0.00241126861747902 0.00551113926320545 -0.250064110516374 -0.334475493554097
0.0050037657811569 -0.0173394899038724 0.220996265358412 -0.560797640110167
-0.000425003150035842 -0.0156693711366545 0.743643193303095 -0.0748274153033281
-0.00344772403587403 -0.00392481383838505 0.4575079070423 0.560981430680596
-0.022136715921483 0.0224532959257921 -0.0554942032147019 0.483852292431825
-0.0187120932982486 0.0164459035207721 0.049811527993142 0.0248893546381625
-0.0165340373259928 0.0117687647925896 0.0451354807800582 -0.475208647048518
-0.000638255465058758 0.00817270563296095 -0.658880363253283 -0.445423153622955
0.00856433120862227 -0.000852965023703094 -0.750872689022087 0.420369958961302
0.0138211481956784 -0.0130628241115301 0.0871895521601932 0.702419585416852
0.0113480446291802 0.00404546647418947 0.462203477331968 0.240920339736127
-0.00616039393044598 0.00816278575601876 0.341070789332431 -0.134936863528912
0.00568039069638469 -0.00616722061010031 0.0671879709478852 -0.269034881594034
0.00701486085477835 0.0049459093044083 -0.109677853293233 0.201151254019723
0.00142420682505645 0.0183345803779077 -0.246444514808599 0.0217310038027388
0.00426713052298296 0.00753992694773005 -0.257790515238177 -0.324654703928012
0.0026609915186011 -0.0139072672603261 0.202003490326795 -0.570452237407044
0.00145412624308992 -0.0147533699459997 0.736137847330166 -0.106590292220738
0.00200964538829076 0.000907236355913707 0.475915236689028 0.543498836717251
-0.0208460537762629 0.033838690317497 -0.0475363329195746 0.486877737008461
-0.0225874770404159 0.0281488224154261 0.0457002506880355 0.0316047786436304
-0.0129262996825332 0.0207867393369284 0.0515643309460589 -0.4709395412034
0.0072051179880453 0.0109455041411567 -0.649028598537489 -0.464211541980156
0.0115550731470358 -6.76623946126512E-06 -0.769369199535947 0.394679540007804
0.0132637525441892 -0.00983760505022952 0.0630268564222491 0.705661745680174
0.0129831409955012 0.00379764121155785 0.46036003224459 0.254718138819212
-0.00134092261331288 0.00765633363434199 0.344426267760889 -0.125113444837308
0.0110490088159721 -0.00696036050673818 0.0698420713084632 -0.269212249376407
-0.0112292875378967 0.0184380935534743 -0.0919789885530072 0.210607219314345
0.00535876179488946 0.0105964207665212 -0.256153721321779 0.0685011944454549
-0.0124232797650628 -0.00134006847055708 -0.364737099508242 -0.234959268570925
-0.012075416228075 0.000890763062522765 -0.0232489183448149 -0.567621293573493
-0.0128312879410776 0.00335909579035007 0.639986609333181 -0.3293160964138
-0.0202921769694842 -0.0148714875041905 0.634686146233222 0.35999441769149
-0.0138816261985293 -0.0169849793339293 0.0719559226393318 0.501660118499134
0.00260897955736537 -0.0305158150389098 0.0455788511949857 0.0787231415171446
-0.0109086900378495 -0.0357025305261733 0.169237758613944 -0.425285607469397
-0.016084362303986 -0.00865392034614827 -0.46093736780491 -0.652061696684882
-0.00215036129779093 0.0150812567610825 -0.892215490533066 0.126809513566261
0.00458841720557475 0.00338756456724307 -0.208104130695469 0.730020675391254
-0.00845020291720956 -0.0099787168558858 0.352941355284169 0.382941034972008
-0.00207032940025962 -0.00254908676647363 0.355939029672999 -0.0662694355071339
-0.00485513807403257 0.0106706779297447 0.0943782365399508 -0.271639572863448
-0.0143902570486466 0.0167053892119935 -0.0974425289413394 0.209806598737984
-0.000911624805891747 0.01309056230938 -0.255321631348496 0.0540849877810266
-0.0125470743326076 -0.00187102412480411 -0.345293483943866 -0.263924642612293
-0.00964666390126375 -0.00487864782378171 0.0308954502009665 -0.573372500258933
-0.0133895957045447 -0.00181729883807786 0.675437818528756 -0.272660215230268
-0.0232003152500699 -0.0179481054798678 0.604432826631602 0.412530337956769
-0.0166663806415283 -0.0203470919787325 0.0439328231662805 0.500807152204823
0.00161769682899854 -0.0333978733878828 0.0499364076289628 0.063862589830491
-0.0153137447641979 -0.0370486241552815 0.143328971820521 -0.442242135571087
-0.0200352952275184 -0.00788499229649587 -0.511922894929179 -0.610899395744963
0.000311989181836832 0.0120528366821683 -0.866686340973232 0.207543921092084
0.00824044469028412 -0.00270242320754375 -0.136268099309003 0.737084162105447
-0.00698344628677369 -0.00946181823455541 0.381150525826941 0.350382369102491
-0.00730966772450357 -0.00149751071756048 0.353389999161127 -0.0856054923434372
-0.00765305403239843 0.00969372028578265 0.0885865782092245 -0.273503592416685
-0.0141752144526024 0.0145633784570589 -0.102372949503417 0.208577801680517
-0.00545574031573959 0.0136005398292904 -0.253272797128467 0.0386215114957022
-0.0102324130717873 -0.00243903598825101 -0.318566043865468 -0.291045318564643
-0.0052727031211299 -0.0101561659748712 0.0942856309466102 -0.571683017211374
-0.0132801967318153 -0.00611051381031138 0.709015569983608 -0.205990721924461
-0.0235579019301774 -0.0192979897827185 0.562555569689075 0.468606506264439
-0.0190273224191493 -0.0175083987854237 0.0110311735017125 0.495352315112309
-0.00134021217983419 -0.0295121652947119 0.0527586012243953 0.0479262490197653
-0.0203975192768626 -0.0323648773783076 0.113108374178953 -0.460298507553422
-0.0201653676676472 -0.0052114833601361 -0.568901620019556 -0.558144174264057
0.00297746080393497 0.00844653197794397 -0.833224714451343 0.291123803476547
0.0113223177240809 -0.00811083162572733 -0.0590516596210551 0.737360657123319
-0.00504989708792519 -0.00723969560623038 0.408433749260928 0.313593885123804
-0.0111385724851744 0.000267249513082038 0.349750246952875 -0.105652805189081
-0.00795654250429271 0.00722750496197523 0.0819495982507731 -0.272670975753943
-0.0114850057949073 0.0108912657224517 -0.10805818007308 0.205849982919388
-0.00851525948596169 0.0141667133212091 -0.248765675688538 0.0266179745147643
-0.00715267415389933 -0.00183061314047784 -0.295196505334805 -0.315380936540465
-0.000202553020592732 -0.0149539510639024 0.148864888388614 -0.568968815687306
-0.0105660305426901 -0.0107849711737594 0.730918218142356 -0.145425944795311
-0.0211862547078384 -0.0185030679627462 0.521767078122238 0.514693166961821
-0.0195464275977046 -0.011396998950369 -0.019732771511174 0.491676442837158
-0.00559543601785726 -0.0216420098641428 0.0546362187920972 0.036095707734741
-0.023529244163459 -0.0228536642012888 0.0859501474232768 -0.471389647726638
-0.0181452219011093 -0.000709329067343143 -0.610506766311863 -0.506244371695496
0.00481750927604265 0.00515183593207405 -0.796417862722418 0.358186635799802
0.0130908102672256 -0.0119133622562921 0.0103616452246902 0.729400441923591
-0.00167580643022454 -0.00426019749565991 0.432050391395843 0.281875087409812
-0.0126360879681837 0.00291954594865889 0.346707284477301 -0.123962484681054
-0.00725275219253539 0.00253170252276468 0.0754061835249217 -0.272458887481799
-0.00759933311751548 0.00771263858163041 -0.110938434624541 0.20433058613179
-0.00864925690547245 0.0147649746883694 -0.246061097796876 0.0181361525935619
-0.00415275244330889 0.00106701487491076 -0.27222886037011 -0.329395842675115
0.0040948749484436 -0.017334483572556 0.191945653735783 -0.562418231427615
-0.00750159821152388 -0.0135518839079161 0.742119834701267 -0.0998608335037117
-0.0163576332849829 -0.0162278740162039 0.486302204471563 0.548312522793854
-0.0213061310562556 -0.0014526237343199 -0.041739323044255 0.486608748845174
-0.011175907115246 -0.0100307431471332 0.0542025760027969 0.0275232404085808
-0.0226160752864541 -0.0117667710830364 0.0640897565967809 -0.479373749010036
-0.0135261249976756 0.00237613665542533 -0.643749511841498 -0.470869289591718
0.00490853711733708 0.00211967468876469 -0.767705936778552 0.404779087332301
0.0130342805731324 -0.0144676035278856 0.0590042970079232 0.720082958075692
0.00247647150257324 -0.00165561128728333 0.450655557536277 0.25455711319323
-0.0124895303241323 0.00570345698109437 0.342543886976921 -0.135078565266905
-0.00369727909626153 -0.000234170726809372 0.0706492091762154 -0.271931451449349
-0.0032227270675429 0.00522729819345524 -0.113132819992815 0.202961992103671
-0.00782711612085298 0.0157957811773281 -0.245313988132875 0.0143216881022117
5.65021713782707E-05 0.00293301184109555 -0.256488588985601 -0.336797672390308
0.00584704789409799 -0.0180682029607662 0.217851322175924 -0.562318353369552
-0.00319073445120578 -0.0158882780397497 0.748525175715625 -0.0746245987184372
-0.0106768457315685 -0.0111276377569787 0.463486820445188 0.566432327053476
-0.0225663028288145 0.0102877042212947 -0.0547845274961895 0.483995290661268
-0.015812703943377 0.00329183300463446 0.0530539886883089 0.0231848867341934
-0.020806309334172 0.000591558930373277 0.0499283378373252 -0.481377239232534
-0.00768947096388686 0.00554155063638796 -0.66000408992519 -0.448209090090355
0.00705027946623682 0.000488676064990669 -0.752854025382839 0.42438282405341
0.0135513025040303 -0.0153835848387413 0.0857362207394527 0.70954696553712
0.00638087021573792 0.000884900767554092 0.463055283732191 0.241002040774702
-0.00956366053535436 0.00747268840102091 0.341603968897297 -0.138668777821805
0.00102650111715776 -0.0034595101901661 0.0683359920853681 -0.272294890522421
0.00222775465470668 0.0036677577689423 -0.111665244796239 0.202243501627761
-0.00404369712826383 0.0165441719552163 -0.245573835079022 0.0159895193089421
0.00324976816130691 0.00643165662136847 -0.252282186012325 -0.336206280338205
0.00641343031208907 -0.0165483762625468 0.221848099933202 -0.564352013984091
-0.000347459977232897 -0.0157169880549491 0.747784500059827 -0.0772793836837845
-0.00380767835730205 -0.0049162609887051 0.461120844357603 0.564251124229847
-0.021891503010769 0.02312893430536 -0.0565965479618663 0.485981322727688
-0.019742897255894 0.0163121656637067 0.0506321178426284 0.0243319456386365
-0.0171055325206196 0.0114003284531256 0.0460524899134309 -0.477864937914488
-0.000240511241998023 0.00828419743021989 -0.661273548084865 -0.448242584046512
0.00925928531213023 -0.000688267541810365 -0.755030227090687 0.424343604720742
0.0126801815721371 -0.0140647359091099 0.0885803488295929 0.707341334962314
0.0101489270709866 0.00310142220637641 0.46784463177261 0.241826525603147
-0.00609393901112099 0.00919986569951515 0.342669209954683 -0.137324975872347
0.00540502479958334 -0.00573628052319838 0.0668615607078153 -0.272138235064563
0.00674667335816832 0.00436475325881205 -0.109758542710255 0.202862646252764
0.00133834334575798 0.0187029360595944 -0.247367891701695 0.021503549012261
0.00429197674313393 0.00888218244904721 -0.260937018576819 -0.326836161822584
0.00288739272933251 -0.014769773840327 0.203231026069385 -0.572743943369755
0.00112799466879993 -0.0148587793392674 0.741549052875085 -0.107423418612139
0.00235548219879041 0.000773940155544252 0.475589866417027 0.54614942357064
-0.0202965010780593 0.0350319747086117 -0.0468424325759156 0.489427104862293
-0.0221217798341896 0.0281437580610769 0.0455464856971752 0.0317501995231355
-0.012755540077253 0.0209782961588792 0.0537572507602476 -0.474836727174404
0.00701165608873456 0.011142366256772 -0.654474786900899 -0.468347779152278
0.0109133910625722 -0.00073588570957582 -0.772402631834631 0.400458356560827
0.0128938639734926 -0.0098987734117997 0.0649146938619237 0.711804601938022
0.0130081969114734 0.00520756665984537 0.464932032321847 0.254985948661959
-0.00219736266228917 0.00753242085466622 0.346452093213432 -0.127883199569869
0.0105254948918477 -0.00775153610496662 0.0690197007945263 -0.271831333009855
-0.0110349901784676 0.0187775712222223 -0.0915266345434058 0.213907497718528
0.00536196404374601 0.0105040998089974 -0.257129229204163 0.0686768105224626
-0.0125085157205937 -0.0018270952210138 -0.368301921892232 -0.235023286654932
-0.0124325442366258 0.000717341409431466 -0.0257224104673635 -0.57194703677756
-0.0122322117960893 0.00219393508233047 0.643991893526567 -0.332479330081439
-0.0211954009718477 -0.0150146900528452 0.638787511410886 0.359657395677588
-0.0142356309478312 -0.0166983535613287 0.0713406047841825 0.505013593005543
0.00337396612314211 -0.0313091707420226 0.0458775239609524 0.0790287438772707
-0.0113810721410055 -0.0364759219448727 0.169190741346547 -0.426060772315594
-0.0161998659803122 -0.00924709012496851 -0.465042850997692 -0.657248083414246
-0.00211145603236958 0.0151191760688467 -0.89781283170844 0.131838802178852
0.00532277415266362 0.0033664758867128 -0.207640930740259 0.735551154874131
-0.00843636258386928 -0.00967150982519792 0.356920245541448 0.384331959636272
-0.00153295888259163 -0.00327155555094994 0.358300641102335 -0.0673483188969706
-0.00431815875120477 0.0110452630531748 0.0947447777738835 -0.275998264731712
-0.0136862466410042 0.0171582043153448 -0.0972591502272475 0.212874065501416
-0.000830538625071913 0.0120798067437159 -0.25619750084962 0.0543658093695054
-0.0123628924953997 -0.00228578620355321 -0.3493108489786 -0.263575613837747
-0.00888571712557472 -0.00490558187918038 0.0293663686392539 -0.577235016092787
-0.0135987166368879 -0.00180436014845752 0.678530596443623 -0.275949839719522
-0.0243484903595367 -0.0179785985571337 0.608099252389679 0.413880925944362
-0.0165676349319082 -0.0191458087289867 0.0442017329938074 0.502146958127862
0.00164970583718641 -0.0335961580740268 0.0505979366965544 0.0636239421420391
-0.0160058245110357 -0.037025631246527 0.146087277903114 -0.445079326503614
-0.020137415127978 -0.00831995341507986 -0.51789296870731 -0.613270189457672
0.000944761043665011 0.0130106089924567 -0.875362812761401 0.212785986971123
0.00841782073865382 -0.00279448561119259 -0.134593367762539 0.743385682598294
-0.00785395016915414 -0.00937161059167126 0.38371488626281 0.351855762663049
-0.00720536072970777 -0.00180300248327023 0.354859667303887 -0.0887253045452586
-0.00765440485310876 0.00910381156708296 0.0885519367513699 -0.274821476027846
-0.0134360320911956 0.0141847385382928 -0.103347368897578 0.210619391522371
-0.00527630028062709 0.0131357654662901 -0.252927953611041 0.0394750116645156
-0.0107637569003656 -0.00207114552571681 -0.323018532874124 -0.292356071598794
-0.00440132146831766 -0.0108233463765438 0.0927987803481904 -0.577099915554689
-0.0133062299422088 -0.00652762494428954 0.712661679538624 -0.208041365173302
-0.0238755489773528 -0.0191983044544549 0.566461020601299 0.471054727471537
-0.0188789379852783 -0.0180693262054532 0.0109780511941899 0.498742474961075
-0.00156876265565579 -0.0293072517129543 0.0534470417579162 0.0486644369844824
-0.0203279780047558 -0.0326865279198658 0.115505470628364 -0.464094068103864
-0.020709669011571 -0.00504637110107493 -0.572478987415257 -0.560924328357971
0.00261962791886253 0.00820586450927752 -0.838036349760174 0.295093134255419
0.0111993412535427 -0.00837349067334866 -0.0570488577425311 0.742469961768153
-0.00490939631676349 -0.00797798050586501 0.411496220211291 0.314538283090597
-0.0102100099875605 0.000964854916457966 0.351339854755878 -0.108554047730805
-0.008217117387768 0.00564986885016012 0.0804762135582955 -0.274680710738344
-0.0120177761408041 0.0124395211806307 -0.107234952665778 0.207547157770586
-0.00869511418710655 0.0140682472216933 -0.25025286082777 0.0268299001416199
-0.00724420353735945 -0.00130396571283616 -0.296817331985685 -0.317256775372826
-0.000194586251512802 -0.0154169371438576 0.149498572121052 -0.571145941109878
-0.0105365175851533 -0.0110859731692162 0.73464305117267 -0.146297216868835
-0.0216888866836428 -0.0189398508133032 0.525076371052932 0.51673350169317
-0.0200566713673568 -0.0104478275155767 -0.0181440248490666 0.494560167417727
-0.00608390287257766 -0.0213239366334238 0.0554515973479559 0.0358529666442745
-0.0231681736852311 -0.0230642307510673 0.0853762240633785 -0.47455682372104
-0.0184341058637499 -0.00152830411791259 -0.617474118468002 -0.510563585445188
0.00448408063355139 0.005063311933128 -0.801041230827061 0.362611061082981
0.0125801380161954 -0.0128351861114917 0.0117354757049879 0.734514395931754
-0.00141610337626499 -0.00469894669351623 0.43784288064941 0.281913887119358
-0.0126781013818045 0.00346081994664566 0.347906005598398 -0.125782134778763
-0.00691568276132599 0.00302300292188814 0.0745913650729253 -0.274252377672358
-0.00757152244818236 0.00758330641306304 -0.11067252578042 0.207080295293892
-0.00857368406645155 0.0150007919696463 -0.247975755540971 0.0183784083406133
-0.00393999335920972 0.000959228320801236 -0.277239669177542 -0.332033466801991
0.0034209607363026 -0.0178186710795437 0.192826333412784 -0.567035489616097
-0.0078117849688793 -0.0145682467449513 0.747433750195621 -0.101175103999406
-0.016983789744315 -0.0164763656283185 0.489160173515035 0.54959856436122
-0.0211843206307447 -0.00109499597901527 -0.0390551259496522 0.489509736065408
-0.0110027066015306 -0.010047122812303 0.0546572444269539 0.027896683738216
-0.0234464092918553 -0.0115730822003948 0.0642959403586388 -0.481812873558794
-0.0149330369164773 0.00257439010559793 -0.648172191017684 -0.471540317121502
0.00551360164779847 0.00216136860681419 -0.77345602473076 0.409544385276176
0.0132416218886141 -0.0144895671843582 0.0607598502347588 0.724323734736866
0.0022212192474391 -0.00103851653555001 0.455358972379034 0.254615342472959
-0.0122755386153414 0.00613398583470805 0.344559620421183 -0.137174153401961
-0.00387308106220852 -0.00106201375193628 0.0700819384660291 -0.274683823927576
-0.00227070969171665 0.00608449916434515 -0.111844688490983 0.204574870945381
-0.0069689686288054 0.0160356540472916 -0.246536628151599 0.0149918996217041
-0.000133438892218807 0.00358997810137524 -0.259896776100529 -0.339345137203935
0.00597826993639695 -0.0187044111320891 0.21923657413955 -0.563914449612546
-0.0034769102579244 -0.0162767361974386 0.754365470773074 -0.0763037273892094
-0.0110343907537839 -0.0109383566888673 0.466659966531764 0.567891642916419
-0.022424763680963 0.011192041114198 -0.0548564129248486 0.487461539165215
-0.0157632526349801 0.00318152380180105 0.053341540086339 0.0236476318348574
-0.0208056282121949 -1.28816885493182E-05 0.0504913965118372 -0.483235436561869
-0.00719070252412136 0.00619711660300712 -0.665773842238824 -0.448878891317046
0.00755381733748424 -0.000148044189670148 -0.755151562401204 0.433228338272986
0.0135683906017933 -0.0155819701432616 0.0889835351595604 0.717121599286675
0.00659167403082759 0.00108178038097409 0.466053328175939 0.242015174950498
-0.0104455402433343 0.0080901329405634 0.344513942729693 -0.141894149579774
0.000662306431716558 -0.00462209298495527 0.0674312414620613 -0.274275600793697
0.00354230194065409 0.00514923716995035 -0.111792191731254 0.204256910859169
-0.00360682248513038 0.0167927663641075 -0.246859844992773 0.0161602735447583
0.00247211993641417 0.0061620911801983 -0.255274924706948 -0.337693274266267
0.0058635501448619 -0.0171499575702743 0.222095418840495 -0.569972431529063
-0.000754179836199343 -0.0168382666793826 0.752693784493503 -0.0786220341664843
-0.00494294141996396 -0.00527983822210359 0.46422840154336 0.564306615709968
-0.0228795333163755 0.0235010709801027 -0.0567487291407184 0.488087965217431
-0.0193125663405457 0.0171205994971313 0.0511763911484152 0.0255454648490869
-0.0167805998834295 0.0110026130062272 0.0449874879176024 -0.482396479563357
-0.000800260748844448 0.00785592446801155 -0.667654543150734 -0.448888013228241
0.00817467175238938 -0.000453560798143077 -0.758595892455189 0.428867389894799
0.0140428991637076 -0.0140310108931581 0.0902285492793056 0.711998658672492
0.0107701782561124 0.00333784781608871 0.470605205801648 0.242204765993241
-0.00570547007462704 0.0089468481377771 0.344505997003003 -0.13941504977378
0.00462534627635594 -0.00674031808481632 0.0673821572846356 -0.275585455189858
0.00745074761713127 0.00499692249622224 -0.109197160868943 0.205194392779126
0.00148726738410629 0.018294653457114 -0.249260072795763 0.0222212017955069
0.00391576141320762 0.0083618740690129 -0.263012783270971 -0.328363974448381
0.00265571189079469 -0.0148846529969569 0.202279776736374 -0.578770352210165
0.00103674371784213 -0.0156427123635929 0.744676856054294 -0.108385276356787
0.00199171126948956 0.000442537532720326 0.481224619559164 0.54942023875724
-0.019788594156573 0.0359687627454899 -0.0486396408726386 0.493310980099914
-0.0222501947809137 0.0284879012712738 0.0462610574052984 0.0310939809807829
-0.0127929488960345 0.0208072450855253 0.0533185040697318 -0.477095642416871
0.00695329611114379 0.0106328385734737 -0.658217125349258 -0.470693876082952
0.0114784004562561 -9.8874313487241E-05 -0.779056928522473 0.402953115327112
0.0130205949642254 -0.00998349528954569 0.0669823867731057 0.714468834515654
0.013785833775029 0.00437184681151162 0.468363012124039 0.255677333393539
-0.00128082455852722 0.00771553520404593 0.347693543591732 -0.129791515067226
0.0104086166160001 -0.00798421328551665 0.06916367025006 -0.274545463516712
-0.0113651550745524 0.0196502964546219 -0.0907032398604926 0.216207574055301
0.00581837315010008 0.00975936124969817 -0.258091495775994 0.0707667071238662
-0.0126279361073068 -0.00190559970328126 -0.370150778352738 -0.236119371615916
-0.0119684647910659 0.00117557865892089 -0.0274039922698262 -0.574018858038671
-0.0129281927228228 0.00187887828926607 0.646031085699306 -0.336755769114959
-0.0215797021581073 -0.0147902980724426 0.643085596132983 0.357686434375155
-0.0134048136593467 -0.0169971320690168 0.073515659818464 0.506793269468098
0.00268607984213568 -0.0309339466396934 0.0475317070113806 0.079263669077857
-0.0118033946930226 -0.0365765426645153 0.169553135407128 -0.430856362262481
-0.0165016166152043 -0.00893131922511489 -0.470831173836305 -0.658916168271556
-0.00156466098654792 0.0154964396792723 -0.903693814478911 0.135150121863847
0.00466094750320237 0.00299795593084254 -0.206273976168936 0.742457097681759
-0.00928008709307022 -0.0102649946839236 0.359936179552878 0.385070145943579
-0.00155668885101406 -0.00269321473037372 0.360339622782283 -0.0708950685700105
-0.00512983653308548 0.0105942709431735 0.093719378784847 -0.278395293470556
-0.0139025013097914 0.0182302370917123 -0.0959413215520891 0.215766464809138
-0.000146774109905846 0.0118214102036366 -0.257934584258634 0.0558612812107612
-0.0122950301338381 -0.0023492693974014 -0.352123597874637 -0.264384659008891
-0.00899901760480453 -0.00487311079911782 0.0274460401979151 -0.579425123985108
-0.0137442346226276 -0.00146206417052972 0.683183011299477 -0.280954027499227
-0.0246506123824392 -0.0189227217247182 0.614013068703488 0.414899147377038
-0.0168593592151618 -0.0191911010132025 0.0454003945526882 0.505600587136058
0.00168011640795791 -0.0337614562397344 0.0513263238712927 0.0639229374379011
-0.0166937097229716 -0.0375088600176846 0.14519692140146 -0.448770766968453
-0.0203112287122337 -0.00787059297795714 -0.522656532670581 -0.615753730295244
3.36345957731733E-05 0.0124390276076641 -0.876911089693295 0.216942040466342
0.00868643085364874 -0.0029876251633484 -0.134124676396559 0.751409467874557
-0.00709819120662437 -0.00975564670118196 0.388608664559081 0.352681255356473
-0.00629114382391352 -0.00245511313969763 0.358266344841446 -0.0912672460433216
-0.00782066880458581 0.00815678834598458 0.0868094421196016 -0.27836301058364
-0.0139803956062914 0.01495437462596 -0.101684959682412 0.213185415517404
-0.00509581152488482 0.0130937373544029 -0.253652232036279 0.0406212070021412
-0.010670295418077 -0.002158017804309 -0.326522399078469 -0.293169189124844
-0.00499123717592722 -0.0108908236602371 0.0921648050604799 -0.580457653183322
-0.0132435651962288 -0.00609270223253935 0.714364986650754 -0.212075127936103
-0.02446345175965 -0.0203435624007191 0.570752427575143 0.470359697268351
-0.0186739511270436 -0.0170752209381497 0.0119300536162536 0.499597112128623
-0.00137037410753497 -0.0294764530754413 0.0550861477249896 0.0478461713403637
-0.0204530307268898 -0.0316075064191863 0.114264082442662 -0.466569403148844
-0.0206944860292668 -0.00519945673512278 -0.577547114531885 -0.562508747098038
0.00265549762385513 0.0090727226209201 -0.841816669510475 0.302031359320126
0.011270673996064 -0.00855824627349993 -0.0530853894804847 0.747994272507565
-0.00547081672151253 -0.00791787985109615 0.416336944460311 0.313908866147957
-0.0106496368668603 0.000939248859769859 0.354153273217676 -0.112371183114315
-0.00824147104238047 0.00608327111280145 0.0802769806798661 -0.277924946193492
-0.0119820895063654 0.0127144709309505 -0.106316670737644 0.210419701912732
-0.00842569040713026 0.0140413919860685 -0.251460183662456 0.0280606864265286
-0.00793847219478977 -0.000938726848110271 -0.299682944203326 -0.317501269333584
-0.00015255728439232 -0.0154435205082654 0.148822753641669 -0.577187637766057
-0.0110320323169569 -0.0116422138857878 0.738726456501698 -0.150336238171008
-0.0217778628399103 -0.0196457410018372 0.529155140148229 0.5172150472926
-0.02046391665277 -0.0100783784066131 -0.0180916264048426 0.496068657863002
-0.00636948974969719 -0.020903039488907 0.0568019295505628 0.0360491002163355
-0.0238667589960414 -0.0235447904930137 0.0864784721144722 -0.477978557770112
-0.018843515623232 -0.00112212187184432 -0.62255774306393 -0.511678095408525
0.00440662716400617 0.00495032319977723 -0.806527800165121 0.368453220309823
0.011974007619729 -0.0128246815709068 0.0150341480525566 0.739866640679592
-0.00200158726649123 -0.00441835736377441 0.4401324774576 0.280956522366325
-0.0119803966699883 0.00327735413024625 0.3499971616337 -0.12936366937248
-0.00661946612510632 0.00214655569894006 0.0738505936659012 -0.277995295230668
-0.00779217910374905 0.00862936235292962 -0.109641395171577 0.209404303437819
-0.00885252086606508 0.0151415261937314 -0.248648282976625 0.0198230937178886
-0.00358768568808487 0.00132786373955802 -0.278081253772169 -0.333153072116318
0.00396170100692365 -0.0185184129367666 0.189167362307115 -0.570612624405235
-0.00836162610358424 -0.0146735747595291 0.753178906451304 -0.104022002014074
-0.0170882096026441 -0.0164046009140776 0.494538732391853 0.552012058444619
-0.0209937569632004 -0.00046624285285584 -0.0397857715445321 0.492100361457166
-0.01047006632067 -0.00990747877744713 0.0555611785326906 0.0267769304040019
-0.0241494838454342 -0.0116168908786799 0.063486972142699 -0.486351543260402
-0.0147836673461483 0.00275836613622871 -0.653622118956438 -0.472577039676152
0.00608721483484179 0.00213377576495526 -0.775919245611198 0.415406058285438
0.013541115370908 -0.0150958696855401 0.0646442782132797 0.728443576951829
0.00223991295486816 -0.00213127924115122 0.458591859254495 0.254457994884403
-0.011953966072218 0.00688401495739895 0.345835224490318 -0.140428610888444
-0.00369550129728298 -0.00130811343692971 0.0690639558831858 -0.278065493054947
-0.00308944904191446 0.00633266724258987 -0.111545446008698 0.208164096406632
-0.0071819036296142 0.0161369060236077 -0.247258039190338 0.0159064238976474
-0.000829573826496549 0.00340205831466537 -0.262775739154052 -0.341393670132736
0.00616070350367937 -0.0187768333582061 0.217995188577983 -0.569954679735111
-0.00358905425302726 -0.0165487528032845 0.758393401438716 -0.0786472453738708
-0.0115207424373035 -0.0118551845066394 0.470232703259826 0.567945743538747
-0.0219458556558534 0.0117086506510799 -0.0538985331217211 0.489318458829723
-0.0157719957240321 0.00378477530166682 0.0542564449513483 0.023165964211518
-0.0216050706820598 -0.000356979657643938 0.0500462800505406 -0.489254530565034
-0.00798281412743655 0.00538728917417064 -0.671030386984965 -0.450954899590036
0.00735319059242501 -0.000184340463762546 -0.758901119085296 0.437231659068085
0.0140734475953157 -0.0163851150266352 0.0934507248628691 0.721141218953895
0.00692396441746012 0.00141474080724671 0.470003703712123 0.240566129094511
-0.0100887225376147 0.00815706273163025 0.345197292468267 -0.145371770590194
9.5761381666724E-06 -0.00486417979116308 0.0669727672059087 -0.277816705085061
0.00273392753620211 0.00481619934699553 -0.110267539081586 0.207334127607217
-0.00413735169633146 0.0171497381907647 -0.248029422235043 0.0166174292865637
0.00215249740492509 0.00623123139866938 -0.258976244344183 -0.338513690617611
0.00654263901318338 -0.0177807408662864 0.220644480507683 -0.57380171555637
-0.00126307038715207 -0.0164040889742819 0.757614576736637 -0.0840273145747864
-0.00545560686658668 -0.00548173422434969 0.469762002126169 0.568697043547483
-0.0221798847168216 0.0251970359079045 -0.0569360150320511 0.490393542499428
-0.0194434533890492 0.0174066507332387 0.0507197635132528 0.0247522213272327
-0.0185311496743297 0.0114890864664431 0.0464874685300415 -0.485537121841239
-0.000466595344129506 0.00805893148575545 -0.672512457568992 -0.449614973517869
0.00851437701931933 -0.000620303852563066 -0.761096112883664 0.436121709901493
0.0135641869513797 -0.0139007254870044 0.0948511350127473 0.717908738948843
0.0108752957736005 0.003811197073894 0.474520079033749 0.2415564190631
-0.00607270694662459 0.008258191790498 0.345608767200661 -0.141986836105312
0.00512777170826614 -0.00740447435736821 0.0649776223930823 -0.277817381434196
0.00705171975253191 0.00577114482100096 -0.108663649581054 0.208540623970538
0.000817265251808755 0.0179160922374943 -0.250440492308284 0.0234649847930691
0.00445027250487044 0.00813059988536157 -0.26746851223358 -0.32974854195606
0.00312492922060831 -0.0154590106811693 0.202169646326221 -0.58375409599275
0.00075859799916337 -0.0150890234514992 0.750159628791386 -0.112859574394341
0.00132928226910686 0.000473207834954581 0.484519027719746 0.55220809258303
-0.0199622783961803 0.0362548156956648 -0.0480380835144297 0.494754115481636
-0.0223882952003495 0.0290258678781923 0.0472131597371738 0.0313819808699752
-0.0132439247789759 0.0205584763408518 0.053133161753945 -0.480056784054874
0.00734323423801788 0.0101606190957251 -0.664575956335924 -0.469100089660288
0.0109607865991079 -0.00115179591363896 -0.781873606218416 0.408897427434339
0.013332642820636 -0.0103774717758974 0.069556191328807 0.719656983800136
0.0132078308201956 0.0050676869668343 0.47362758353286 0.254423726267583
-0.00152246216804858 0.00819195961676156 0.349652061300574 -0.133133464811548
0.0106965237613701 -0.00862119342470743 0.0682519435051092 -0.276821568134016
-0.0109106487693986 0.0200973663142456 -0.0894554105643009 0.219095992707692
0.0059133055122187 0.00979218824490618 -0.258849058041464 0.0717025624562839
-0.013102958952546 -0.00169974756248692 -0.374359242364047 -0.234959535298698
-0.0117265112372329 0.000853170783005841 -0.0309203216913251 -0.578198759028063
-0.0132103472901772 0.0027492277623443 0.648650084643187 -0.342010645043689
-0.0214963653932244 -0.015784198678508 0.648845333009141 0.357776116765135
-0.013961187070211 -0.0154816233659081 0.0747946257301264 0.509623378034772
0.0028414246934911 -0.0308975569527384 0.0473267804697174 0.0792705001926576
-0.0113794431650641 -0.0364358982919753 0.170331562202866 -0.434378379312663
-0.0167533768396972 -0.00930197713536707 -0.475608501758003 -0.661954870265255
-0.00117799824729924 0.0157157018857888 -0.908832556020716 0.141021989234049
0.00574086927920484 0.00287461469293663 -0.202216524314415 0.749046338818962
-0.00890852962876275 -0.0102560272140349 0.366194995980695 0.384985382229989
-0.0014007068106066 -0.00323253149987643 0.361961273383054 -0.0750382162853607
-0.00378797800815016 0.0106567049712939 0.0920664512986722 -0.281169246281903
-0.0132366158051888 0.0182386832252055 -0.0955813145266567 0.217210760547744
-0.000480153762134019 0.0119633586004812 -0.257668586155381 0.0566303487529371
-0.0124557881998574 -0.00212419034248129 -0.35489915074321 -0.264022983806465
-0.00910815437047575 -0.0049935529668416 0.0241554010292345 -0.582311928614562
-0.0141293270553032 -0.00138352000484343 0.686224069932012 -0.286815526455128
-0.0250596130260011 -0.0182870249213878 0.616280589940608 0.412970067664723
-0.0171126511670994 -0.0186753595392177 0.046403512517793 0.506416479585226
0.00188644629468909 -0.0339071280557625 0.0518847758502705 0.0635749091381704
-0.0164666730899015 -0.0384209869626987 0.144721618447623 -0.452267773435054
-0.0196655264067743 -0.00776548414874282 -0.527200214686502 -0.618113701531622
0.00111140678833547 0.0123513194856892 -0.884556498873613 0.222378688492944
0.009021309430254 -0.00386924907740924 -0.130849364419122 0.755055319032663
-0.0081058677907961 -0.0101667310981765 0.393321382113584 0.354261859262924
-0.00728629572046515 -0.00223134665590394 0.359058232584633 -0.0937821883462107
-0.00710134458657701 0.00862427826458527 0.0856116600101733 -0.281591277930649
-0.0141222839911917 0.0156784754944133 -0.100745534412678 0.215719743250959
-0.00500952172569649 0.0127314111714678 -0.255418847799664 0.0412884625489966
-0.0108048072897805 -0.00259961319881433 -0.32974282050383 -0.293124346265425
-0.00419355329927556 -0.0118319447323727 0.0887739379313517 -0.58504802549978
-0.0131255039216136 -0.00658708235473891 0.719823947081873 -0.217176835400087
-0.0257813523087018 -0.0200202899012006 0.577754650544022 0.471247027460085
-0.0180427275402197 -0.0162404623900184 0.0134884518177847 0.501394854102263
-0.00153992817124372 -0.0291053276532428 0.0558713232343724 0.0488975876339923
-0.0211956229684231 -0.0322339118614307 0.11294198520234 -0.470476396754615
-0.020979344836752 -0.004313037124917 -0.58382571640005 -0.562455038024267
0.00310681071532173 0.00934855924520305 -0.846470790853664 0.308085867021427
0.0108062194614377 -0.0092448725387258 -0.0475499697145789 0.75207266046562
-0.00548246852862414 -0.00770876934795481 0.420992596952789 0.312982129686109
-0.0105505276316197 0.00121560005395919 0.354812998298209 -0.115284795115586
-0.00749033251893172 0.00587397500662933 0.0788399619087374 -0.280572730830634
-0.0113743700225599 0.0123927118911471 -0.105522849036886 0.213359758763126
-0.00764086796754612 0.0140324077539449 -0.251635447810496 0.0290712757851646
-0.00791861653280107 -0.00114690901672601 -0.304853544130846 -0.318800499084081
-2.1381464233034E-05 -0.0159257068424136 0.147031876701379 -0.58068949678924
-0.011512612881677 -0.0113219632255172 0.743578795309369 -0.155276704995756
-0.0223715444062262 -0.0201663862314131 0.533513562704952 0.519947487275373
-0.0193658866903466 -0.00934627761892901 -0.0154209448745375 0.498304812360553
-0.00555156586139464 -0.0215175190525988 0.0562915072498053 0.0357253139877652
-0.0236369576347426 -0.0229981971974965 0.0845152722955447 -0.482173847158986
-0.0192880795289824 -0.00153588733403221 -0.627200161663182 -0.511363015996555
0.00458135179310504 0.00514999425664637 -0.808206372867011 0.375271903410496
0.0125225061836119 -0.0128965944022795 0.0196361118347633 0.746405688442267
-0.00196638823481769 -0.00500692384739638 0.445416976464421 0.280679958377938
-0.0126364632081115 0.00315863618842881 0.350203255689431 -0.131912814356163
-0.00727304813130773 0.00248761483124361 0.0723074270326503 -0.280137523543219
-0.00765365293834013 0.00930175266028073 -0.107935585827399 0.211364720766972
-0.00898349381117591 0.0144022273526814 -0.249875508897675 0.0215733595460288
-0.00383209253612617 0.000238382133370794 -0.283437536696248 -0.333931101552335
0.00427199497571978 -0.0185436069485067 0.18835603987065 -0.575403181668189
-0.00834054647142479 -0.0149375383850636 0.755877900089117 -0.110375430715263
-0.0183830922286394 -0.0170194569672584 0.498341520120126 0.550889529203682
-0.020170088293912 0.000405856674744451 -0.0390519401260857 0.49372804526632
-0.0111101041321478 -0.00941983459292968 0.0558229023569846 0.0267963433998562
-0.0240459555051992 -0.0124999247369669 0.0635218135605768 -0.488038426037405
-0.0147752451025212 0.00239868403027513 -0.658969341659791 -0.474002140753367
0.0058122516735392 0.00234880108998528 -0.779710714748463 0.422248565583417
0.013053846045147 -0.0154333991579173 0.0696933049418003 0.733999634790114
0.00228808093930763 -0.000822112015075939 0.463107299016371 0.252814756816909
-0.0115666717380747 0.00704380521841789 0.347629747342747 -0.144183563890227
-0.00389184787591293 -0.00136410105551848 0.0667705577978812 -0.280763480550728
-0.00303080244602883 0.00612057991609371 -0.110629151545306 0.209973117186363
-0.00765084979667686 0.0155831143718264 -0.248104152781518 0.0160776523779313
-0.000625394792057306 0.00411210297575061 -0.266556775045983 -0.34191649545963
0.0063247139011414 -0.0187841599684615 0.215939631141813 -0.57360853372197
-0.00402443456941643 -0.016600274849102 0.763017855612566 -0.0848559220014268
-0.0123457678221339 -0.0113373699372373 0.474908361978966 0.570292862492787
-0.0219608712616826 0.0126784916596515 -0.0540231860692909 0.491295480464908
-0.0156266182868609 0.00403598883673097 0.055455473584009 0.0228905218057553
-0.0212817950085969 -0.000228328700976368 0.0485429316021042 -0.490878333580919
-0.00850618954803582 0.00569171000353648 -0.676931499291422 -0.449330296694444
0.00740070836367911 -0.000132722604111859 -0.760514699769484 0.445506440331989
0.0131246556808938 -0.0161127538847481 0.0984555094956933 0.723534835826136
0.00685881514433491 0.000715352340275781 0.474214847691779 0.239431338196752
-0.00963659782395071 0.00849661384536037 0.346475376416603 -0.148752631310817
-0.00029904595771179 -0.00519666667547591 0.0648577169936961 -0.280384625270413
0.00311919647989963 0.00502094706846308 -0.109971789709404 0.209837716765132
-0.00336483388420005 0.0174800358344688 -0.248878000269876 0.0172693990270649
0.00240048665602707 0.00656652972228822 -0.262639359655569 -0.339866994823164
0.00531012154045784 -0.018973831242765 0.218605574620986 -0.5781264484364
-0.000946503241124273 -0.0164800318438095 0.762215072900544 -0.0874022414132304
-0.0054035035537144 -0.00481165276154881 0.474379146491457 0.569119659048804
-0.0212996578639767 0.0250970996299317 -0.0561535697326894 0.494144089398864
-0.0201186088966757 0.0169129503212308 0.0516634481745839 0.0252742449180564
-0.018355307591397 0.0105377092546269 0.0450920435121849 -0.489216652444126
-0.00165749754284582 0.00880213231322565 -0.678128388008912 -0.450659213753781
0.00805881129134001 -0.00144920684075179 -0.763334298434976 0.440940029427224
0.0132993457213377 -0.0140426498983989 0.0984293462816201 0.719311802708477
0.0103681937451354 0.00305292844718439 0.480179082699375 0.239055197890877
-0.00566047432151321 0.00890262121646384 0.347132474721875 -0.144937780968574
0.00520758116423457 -0.00739541682126902 0.064018494322439 -0.279954670292857
0.00741191723908604 0.00515412050042204 -0.10789715699179 0.210879689306263
0.00175557458727114 0.0184468618136528 -0.252789530732297 0.0245956525172098
0.00403920403605752 0.00809869345019209 -0.270867695802276 -0.329966303321669
0.00326213906000693 -0.0154900642951136 0.199742291347685 -0.58821464657413
0.000624921394247129 -0.015431102864434 0.755152570694734 -0.117572025755946
0.00078377460235474 -0.000218621640438635 0.490231725777563 0.55275909758319
-0.0196506546913795 0.0372983792142596 -0.0467410746020741 0.497210230969102
-0.0220428712163283 0.0291356825424349 0.0470336635337277 0.031866618173846
-0.0137938437810612 0.0214512303729827 0.051845268832214 -0.485104601580853
0.0073417660424124 0.0109917471166402 -0.668951239737679 -0.470086048729746
0.0111747935235592 -0.000954321300736224 -0.784496847004859 0.417889215172134
0.0129461116597567 -0.0111126810805311 0.0751148574374198 0.724677195187519
0.0125130248548041 0.00465266378513603 0.47903732017822 0.253287931240006
-0.00103605240443272 0.0084773873869203 0.350345768734031 -0.136244305463381
0.0106580616831617 -0.00884612230168087 0.0661933178337226 -0.280669604919628
-0.0109643378250852 0.0200660818878276 -0.087611591500133 0.221547504619021
0.0062404669914922 0.010015284164021 -0.259201582440618 0.0734520490708084
-0.0135207809477041 -0.00152661396906145 -0.377742619460513 -0.235141770215053
-0.0119059046471926 0.00101789477706384 -0.0353377412199683 -0.574332925206211
-0.0131504088285276 0.00262730142813541 0.6504194985284 -0.347032492783302
-0.0222559695318547 -0.0160137303505959 0.653488325261067 0.356162467242682
-0.0137016374743194 -0.0168192331777387 0.0777312519001364 0.508914100144563
0.0033514530955595 -0.031178001100097 0.0485830230401382 0.0789899354500529
-0.0115204472724485 -0.0375102901793993 0.169205414586539 -0.438239530544137
-0.0172311395558633 -0.00949807133544934 -0.480221453782967 -0.661439472078712
-0.00113821866723608 0.0165348298343082 -0.912567557570534 0.14843663079826
0.0049092007413333 0.00322237774127354 -0.197188435607336 0.754520679860618
-0.00930549647179883 -0.0108806182757981 0.368786511047107 0.386322097607159
-0.00198766544191462 -0.00319446532953816 0.363641474871832 -0.0776411360444791
-0.00442339653764304 0.00960888178732556 0.0909452119849787 -0.284297706994484
-0.0129381897372282 0.0189654934502286 -0.0923906758118853 0.219190732675805
-0.000597894562932436 0.0110165718199481 -0.258257902635798 0.0593866431973881
-0.0134123707377931 -0.00201879347020348 -0.358774295794539 -0.262830546463757
-0.00865735754925486 -0.00598446755537166 0.0204808788100129 -0.586647318805558
-0.0145391123394274 -0.00138949573794987 0.687134032111922 -0.291401930260515
-0.0261516453262108 -0.0191543538702767 0.622417076691609 0.410937867383801
-0.0167792530331044 -0.0184734761984521 0.0492764802036514 0.507075467584461
0.000644764283787161 -0.0336309025930248 0.0535855878172069 0.0635649439452116
-0.0175324825481158 -0.0380212811303731 0.143916427494299 -0.456408271200484
-0.020734182770746 -0.00826401789551959 -0.534196434807105 -0.6188131709822
0.00144816431469726 0.0125214115530652 -0.889323266026659 0.228823720004313
0.00890476226302419 -0.00321522479136343 -0.124008849414902 0.761629554782812
-0.00870312392946803 -0.00971671372538436 0.39861170345878 0.350930265398825
-0.00586540118647241 -0.000229167044282083 0.360113262368626 -0.0982971970675699
-0.00699227406898007 0.00833405361189203 0.0854904760441433 -0.284245468495883
-0.0132606752479447 0.0163713481363015 -0.0995763636956035 0.218259008414782
-0.00476387008663353 0.012873106945541 -0.255921295781333 0.0431925206610893
-0.0111584007286814 -0.00240710755060471 -0.333596928029753 -0.293522273108781
-0.00400184562728523 -0.0106416263994101 0.0854022580996445 -0.587450064854911
-0.0137063469785843 -0.00665528256846502 0.721162660383817 -0.221287628203153
-0.0258141427576566 -0.0207682270924868 0.580054553519956 0.469567584450444
-0.0186440940104495 -0.01606266601482 0.0155870843130962 0.503520775522503
-0.00189702173317586 -0.029494626395951 0.0560282859584645 0.0475881515796252
-0.0215509719495948 -0.0321475729987621 0.113289216380329 -0.472909103744185
-0.021373208844154 -0.00480108268807173 -0.590311276576191 -0.562648087417825
0.00282284901056571 0.00818156703062982 -0.848815497423057 0.313942400268146
0.0115979882849868 -0.00929795467222821 -0.0442713398099978 0.757538825725956
-0.0061743439856024 -0.00730097552145402 0.425182755275946 0.312537729070275
-0.0106521803122815 0.0012403430603932 0.355567827995346 -0.118373390454662
-0.0082098841144898 0.00535723664643988 0.0774855433065377 -0.283512913054943
-0.0112263986848705 0.0125519606077807 -0.103601611533233 0.215845844429547
-0.00807821968260023 0.0135035839475917 -0.253074383704182 0.030340497864111
-0.00823654779081104 -0.00097414478901216 -0.308674454345103 -0.318377758377077
-9.10566408954341E-05 -0.0168187850273365 0.142834627620449 -0.585969172740556
-0.0118503329397267 -0.0110395174134606 0.745791472847698 -0.161233705854879
-0.0229704469449714 -0.0195904676136782 0.538793182241588 0.517858400132343
-0.0200794892371321 -0.0091863945213428 -0.0149214747247447 0.499659398208085
-0.0065374747988165 -0.0213722335196713 0.0576301918086438 0.0348989181572819
-0.0240264973463186 -0.0226832573209414 0.0844262238697878 -0.4842871087935
-0.0192700041879101 -0.00053849838126176 -0.634433090879178 -0.511160159637765
0.00484152055410338 0.00473397767968311 -0.811411426578823 0.381951475264844
0.0124273448927318 -0.0137467976559668 0.0250341794932741 0.748885100533752
-0.00184067357983735 -0.00459432048230175 0.449165124832044 0.277438717077456
-0.0120154229397923 0.00362641080234231 0.351528329796424 -0.137310291605091
-0.00714530426054523 0.00165605395257562 0.0700458020220344 -0.283369910175784
-0.00692015462261523 0.00946867561751374 -0.107013289109975 0.214844326015362
-0.00834364349889203 0.0149850273059737 -0.250107088604307 0.0229411204925235
-0.0036249703225285 0.000625332048911377 -0.285718412678566 -0.332689162560053
0.0041101119724885 -0.0192300885656753 0.185859397054697 -0.57958159185968
-0.00828769732386902 -0.0155469056078448 0.759847397406905 -0.114547553083183
-0.0189343328897795 -0.017157157525787 0.503672395328741 0.550926318024938
-0.020584521565558 0.00109648265900938 -0.03697042013821 0.496403328589473
-0.0110938348319413 -0.00903013052872116 0.0568328865110927 0.027075345895836
-0.0245469337268038 -0.0117181235218685 0.0615541074806316 -0.491179837563089
-0.0151595897082512 0.00276682935541665 -0.664844320797708 -0.470402548040819
0.00580618393074587 0.0024432359900459 -0.778477023572963 0.430625669923934
0.013333210836914 -0.0160003926531884 0.0743943085747809 0.736669008088551
0.00251969635069984 -0.00171027556052725 0.466845463826952 0.251770354551114
-0.0119436541942468 0.00630795635862681 0.348914552995353 -0.148269809839777
-0.00424666923613328 -0.00201143068386866 0.065165337782142 -0.284346804509147
-0.00290340815808525 0.00618764694820943 -0.109334787303048 0.212846825773652
-0.00693429331078843 0.0162704239630831 -0.24920025422774 0.0178691861764644
-0.000118972089838726 0.00346375611683871 -0.270908857801865 -0.343008304202469
0.00621316896029466 -0.0200310825979662 0.212986241338124 -0.579308565545465
-0.00454604047402167 -0.0167638088340214 0.765136534089527 -0.0890064844389397
-0.0119110098157553 -0.0124506273498179 0.48080777853107 0.570600976457213
-0.0218859483326553 0.0130495396573352 -0.052105744113615 0.493145982725782
-0.0158062540758189 0.00385698044518875 0.0538673414319797 0.0223921376247843
-0.0224883596932933 -9.41939120813482E-05 0.0469329073522435 -0.492989010215824
-0.00850161621077525 0.00549648832754139 -0.682695952526832 -0.447204121815127
0.00778949991987379 -0.000350653962858835 -0.763082777278425 0.452883056282914
0.0130903060162565 -0.0159357234061429 0.103857176588893 0.727284270385772
0.00604923001012162 0.000967559347964154 0.478597475610288 0.235907263447186
-0.00983300661927143 0.00804627335659583 0.346826614782131 -0.151901665680871
0.000237802834869372 -0.00576503552061131 0.062207149723103 -0.283670248903944
0.00231553040049031 0.00484012189648837 -0.108761147418238 0.212516305014179
-0.00247611338516435 0.0167794061524917 -0.249869432546481 0.0187730330753206
0.00208480887753408 0.00639211701385516 -0.26661377496408 -0.340785995442185
0.00602468114873722 -0.0192863593124213 0.215993360365035 -0.581562926344056
-0.00159643206942888 -0.0174126735224323 0.764515843725066 -0.0918455467627358
-0.00540842642019149 -0.00556904925054268 0.478767282911603 0.570130688549407
-0.0213421314550351 0.0264239528032133 -0.0551509320306352 0.493965147033504
-0.0198694880229003 0.0173526506589805 0.0508634523652837 0.0243400150115595
-0.0175666697322976 0.0122607402998262 0.0428253763572249 -0.491930907420745
-0.000474040438299221 0.00779911322575176 -0.683956982322047 -0.448975621635646
0.0095253827636538 -0.000959800454793821 -0.765974538494428 0.44893685443175
0.0132129956561289 -0.0147192234931011 0.104150912161826 0.724263175150488
0.0111505905712675 0.00367112268145137 0.483272022318508 0.236803188266485
-0.00564817376871411 0.00885346591779104 0.347539450747594 -0.149255895147471
0.00473774611317135 -0.00797089210572228 0.0623440396067069 -0.283218457453978
0.00746575425457396 0.00497217332840301 -0.105615495997068 0.213220611307067
0.002543969328284 0.0181878489838643 -0.252723773550249 0.0248498032884408
0.00440484214521828 0.00853259148091629 -0.274487735098804 -0.329368622297159
0.00356058048182724 -0.0158482064321951 0.194474058984131 -0.59230891742367
0.000163917646970012 -0.0154244495614641 0.75736446768486 -0.123370448530223
0.000973586217066696 0.000152101551949103 0.493669828572388 0.551170787195097
-0.0188697973540012 0.0376025411192687 -0.0459490569226408 0.498680620711524
-0.0227310106920964 0.0293916285126637 0.0473677585614291 0.0316416292539377
-0.0139296148482648 0.0219173953852603 0.0502678143795062 -0.486988030752131
0.00753376191251796 0.0109170310523888 -0.675427028877966 -0.46881473883729
0.0121286286871826 -0.000970408956975328 -0.786969544702909 0.42340043667131
0.0134700742486782 -0.0103884850951289 0.080061823597784 0.726969658619146
0.0126453481632828 0.00452266149459917 0.482304337713817 0.249337236743506
-0.00100452660397038 0.00909252401274555 0.351783440380251 -0.140180685278142
0.0109656487928183 -0.00989776009894141 0.064709847487167 -0.283520696522149
-0.0103946767830609 0.0206762133508585 -0.0864774904971035 0.223427078981201
0.00681905594988476 0.00951830457275318 -0.2598187982921 0.0755505616313824
-0.0134095637903281 -0.00193807787369835 -0.382330547479225 -0.232766708268642
-0.0117815903859506 0.00082924268842275 -0.0390131291520479 -0.584306045550052
-0.0130504170609164 0.00247731471285887 0.650060750014741 -0.355185886012425
-0.0225897289998096 -0.0159672666387345 0.655712740771591 0.352761382987252
-0.0139878117972602 -0.0145461607494423 0.080112826076759 0.509251546304274
0.00222608300756889 -0.0308036153210035 0.0487532902277453 0.079109815039932
-0.0126775948911992 -0.0376593701513429 0.168106214474249 -0.440539582748327
-0.0175032664591649 -0.00904828496416963 -0.48576447014199 -0.662785000930754
-0.00107042302235559 0.0156000543769881 -0.917127323956972 0.1563744269928
0.00456767618292443 0.00283620494642662 -0.191951688546139 0.759453509770436
-0.00900042531012805 -0.0102358278390663 0.37501452260445 0.384931261936502
-0.00185742987130397 -0.00344655757255809 0.364010708861399 -0.0818135767302936
-0.00454279799865814 0.00968230209104446 0.0880017674767438 -0.287414637878854
-0.0129564129635948 0.0190559617126403 -0.0910061220427384 0.223126884610637
0.000628615439130637 0.011895220685955 -0.258418183362498 0.0608941611931274
-0.01306564300811 -0.0012770149319428 -0.364345708127492 -0.261177568558646
-0.00902754939513772 -0.00596746005322969 0.0160799212890027 -0.588369787601349
-0.0136262060419032 -0.00186184333161556 0.689014373674009 -0.296171463834391
-0.0264548345659894 -0.0189565054454053 0.625925659302232 0.407597767719297
-0.0165608419644328 -0.0172797190966187 0.0519486227661777 0.50824857628324
0.00192618339797912 -0.0340077937061155 0.052950741951629 0.0638256468245661
-0.016989742408884 -0.0378412803733292 0.141870091189575 -0.458132312550375
-0.020949615434149 -0.00876795772127657 -0.539910934572252 -0.616431118141937
0.000892878292935481 0.0125406262510176 -0.88978495179146 0.237452156951773
0.0088494906958185 -0.00308679899763522 -0.120675937835206 0.765401446295399
-0.00804224280471649 -0.0100313761552435 0.401400137270825 0.350036964454098
-0.00632086878578109 -0.00137084774165734 0.360739970761719 -0.101056992115513
-0.00701176662083859 0.00862392638362017 0.0826414426461242 -0.287561082050604
-0.0138199048155558 0.0165584222009155 -0.096545938672898 0.22072228104649
-0.00394582777009833 0.0133757986986481 -0.256620552690852 0.0454298413181567
-0.0115242092667922 -0.00169712436737719 -0.338201190747743 -0.292049460666623
-0.00497792044780868 -0.0117193304937686 0.0833532862727752 -0.591059555633165
-0.0135360607354399 -0.00708658896512067 0.723877960379714 -0.227629004200315
-0.0266705931544998 -0.0214386587307883 0.585669176696568 0.467358434223985
-0.0185975542221979 -0.0158768978941391 0.0173178746238745 0.504935493114802
-0.00215491783246775 -0.0296960254118544 0.0565678984617228 0.0477065247498391
-0.0226894773382611 -0.0325827258599942 0.111035775018757 -0.473886935784923
-0.0217891133838759 -0.0046696140934168 -0.594443383299109 -0.560238228679451
0.00293153776355691 0.00825266681993276 -0.850426336866744 0.322889532860909
0.0110198570920729 -0.00880595609752572 -0.040473360170055 0.762023104269188
-0.00601113677160565 -0.00774371632589783 0.430176676921217 0.310942260886751
-0.0107185828379542 0.000997486330531868 0.355688750859803 -0.122133508144367
-0.00884994334808999 0.0051364072275732 0.075348935394559 -0.286363484504821
-0.0112753318936173 0.0130367282549997 -0.102008272122749 0.21893503379369
-0.0077281119228067 0.0145539956072345 -0.25303918454526 0.0316812718618058
-0.00833993530054991 -0.000568189459870233 -0.311324397785655 -0.317373511550848
0.00018455457488464 -0.0168871847234962 0.140796378469674 -0.587245891616125
-0.0119296491574891 -0.0116060978814609 0.747355114724768 -0.165477799695889
-0.0237732314566054 -0.0204334676972756 0.54420083754976 0.517403395870955
-0.0195989651307122 -0.00842981952335063 -0.0121280215952628 0.501669280762912
-0.0058114745179392 -0.0214452556179958 0.0576172049480707 0.0354459996346019
-0.0247064370394221 -0.0237302727726271 0.082795126177697 -0.486678198593127
-0.0196525972039934 -0.000740185872269178 -0.638204295958419 -0.508879641535487
0.00490387110001628 0.00467798435465238 -0.81243803546791 0.391223761092023
0.0119671048301876 -0.013412328964191 0.0302389125143888 0.751535306921262
-0.00179445021286955 -0.00440568101879188 0.455395267637793 0.276177987691111
-0.0123815037856955 0.00364262289053124 0.351233385020102 -0.141363701500496
-0.00638698879364133 0.00147940802265012 0.0682278050467085 -0.286665389435747
-0.00733865851644199 0.00983506114472466 -0.106356162926246 0.216840120717881
-0.00844602874442475 0.014919761874124 -0.250327744647791 0.023884366614045
-0.00463115584897943 0.00123695830646872 -0.29099611857157 -0.334056136042395
0.0037495970570062 -0.0195576296547861 0.182784940611364 -0.584681059317382
-0.0090132679777288 -0.0147267868760184 0.760558980835893 -0.119222630467943
-0.0190082000107939 -0.0175088624199542 0.507549590478975 0.549407717720178
-0.0208627428072864 0.00124847073641692 -0.0346331850920504 0.496147674501422
-0.0110262887544376 -0.0091780777721106 0.0574313047886032 0.0264734182777664
-0.024477581753896 -0.0122231440466401 0.0597513912046662 -0.493470364489812
-0.0153065980301933 0.00283014989232793 -0.671673536069574 -0.469344564489067
0.0060885480718795 0.00162049282779988 -0.780548816025114 0.436626395076606
0.0130533644572913 -0.0163305629987024 0.0808164702265956 0.740886366849347
0.00241557234696505 -0.00192653438973386 0.47170625218262 0.249061385519487
-0.0120301820161078 0.00701353091940361 0.348375135094498 -0.151681669979359
-0.00472170728788577 -0.00234355432548444 0.0623495146990515 -0.285798324778844
-0.001654709205066 0.00675907382372993 -0.10824371215696 0.215057039026767
-0.00691059546764175 0.0167078139283628 -0.248887999453892 0.0188610531156345
-0.000190556661908654 0.00355750058757735 -0.27466726054261 -0.34210893546158
0.00637754858803514 -0.0202851051181307 0.209458904266345 -0.583669374039409
-0.00553966280208454 -0.0170259119864686 0.767337095306288 -0.0945692189425512
-0.0127565580833223 -0.0117871637475135 0.483561218762636 0.568687298187025
-0.0212494839905423 0.013752817091113 -0.0517211244601544 0.496002624532927
-0.0157959229324353 0.00356104453417263 0.0549408265337525 0.0222631814387303
-0.0226526192271808 -0.000235578203407296 0.0448279036598977 -0.495711148788597
-0.00763694713758383 0.00620821751892232 -0.686753760440259 -0.446917504665048
0.00780108765427686 -0.000425650280036416 -0.764490432848515 0.458159849883944
0.0132157861337185 -0.0168471218409117 0.108340352572937 0.729958076678151
0.0065636923599474 0.00133414160477219 0.483614376329226 0.232408000918855
-0.00954422317234246 0.00868451505130254 0.346185992399238 -0.156065458949622
0.000466058887693547 -0.00570178240149849 0.0601042046215674 -0.286059551088353
0.00389762522072325 0.00445462651222345 -0.106864249584552 0.214941827097402
-0.00268125768598508 0.0174553130322864 -0.25071345524632 0.0198598646511057
0.00286634181911476 0.0058658737043211 -0.270267708640421 -0.340960624025213
0.00567873134360627 -0.0188204844203157 0.212436130491642 -0.587492485978681
-0.00223116975449433 -0.0167796600436039 0.766989685268067 -0.0988173125665306
-0.00605704778319688 -0.00581662430740428 0.482503963201394 0.568049839797489
-0.0205121429537193 0.0266065896030463 -0.0516926662062505 0.49606453769724
-0.0192889963759756 0.0170154107351 0.0525776276771528 0.0239276039985929
-0.0182973986295959 0.0117385944451597 0.0404669012265379 -0.493676963509744
-0.00146429512565257 0.00825329057200213 -0.690490612180126 -0.44575412010069
0.00931430893502916 -0.000993299502238058 -0.766803703227748 0.457623227378586
0.0132704308899244 -0.0146711188069192 0.111085909823227 0.72735571388879
0.0107945887478878 0.00326319265251728 0.48904128477065 0.234712328874578
-0.00567890618900613 0.00841197879282817 0.34810698286551 -0.153611791117664
0.00421305145802928 -0.00902717438782314 0.0600178743239086 -0.284982955351907
0.00817752350691186 0.00520503514984711 -0.104525728928544 0.216233808976279
0.00198910467224658 0.0181053709919734 -0.254189431806947 0.0269537553789778
0.00444647652497037 0.00824311426163493 -0.278803737263592 -0.329405042981749
0.00320617029707532 -0.0164678548222128 0.192127997493333 -0.596203510576822
-0.000397379385041224 -0.0156774533179787 0.759535109236812 -0.12923924031863
0.000342406273688808 -0.000693932783673249 0.499216179479262 0.550240015493529
-0.0189146771507971 0.0385686944270182 -0.0431200905055384 0.499823547637073
-0.0221442182940464 0.0296943200854897 0.0482073041223036 0.0318191742141996
-0.0131727411736865 0.021832174073154 0.0471488578814559 -0.488989744435637
0.00760227984555515 0.0104281455738093 -0.681456959806232 -0.465598900946749
0.0115712516537119 -0.00141384171088428 -0.788526591508561 0.431500411844268
0.012870984697646 -0.0107948504827397 0.086826103769792 0.730229966382343
0.0133909482686635 0.00409410485327229 0.48751450525236 0.247939816858089
-0.000806113482761092 0.00800023098240765 0.351514829488141 -0.14448581245905
0.0101654024325434 -0.00977229125609605 0.0628423053339281 -0.285000486083583
-0.0100849999042813 0.0206163524372419 -0.0840247402486671 0.225070569813508
0.00619440679450183 0.0102126379780355 -0.260305490315728 0.078216059196692
-0.0134973242040644 -0.000887426013403085 -0.38496788361848 -0.230436561801896
-0.0114825824170561 0.000603522226915572 -0.0432357957872626 -0.584970418491912
-0.013245747598311 0.00226352078384438 0.650119275873864 -0.360104383556652
-0.0236734497197036 -0.0166104403024692 0.661691741662949 0.348063842075372
-0.0142409577470352 -0.0146974322191527 0.0832679200402475 0.51002361986359
0.00256012778936924 -0.0309634166263831 0.0502747936988589 0.0783547480059541
-0.0130650507187944 -0.0370914050547191 0.166288150584937 -0.443366347426681
-0.0172562005878623 -0.00939185340369645 -0.490525355744619 -0.660188589511462
-0.000816979916661483 0.01512688310586 -0.919316622246864 0.1624151029224
0.00515562287680988 0.00302304415602149 -0.188860073615202 0.765081344243992
-0.0100228890347736 -0.00993403556561604 0.378116664549755 0.383113924108015
-0.00108764840808529 -0.00299379861321622 0.36426227285818 -0.0849491635088297
-0.00462420535195728 0.0100840825247921 0.086563089632693 -0.2902097879686
-0.012572169950125 0.020115785137681 -0.0895996996801831 0.22485860315797
0.000219844119129478 0.011487932173802 -0.258666075029526 0.0633372851830509
-0.0132216878923206 -0.00169223771349633 -0.36625638778892 -0.261672317564099
-0.00937973424647909 -0.00562868682454562 0.0118038713151985 -0.591405000454463
-0.0145691273650262 -0.0017948658213584 0.68845604611033 -0.302680906368416
-0.0269689289513765 -0.0190553636374349 0.630575795325119 0.403969515000352
-0.0169382052512903 -0.0170482233421327 0.0536634872879589 0.509618053167893
0.00178577371184868 -0.0336372775078568 0.0536049357997784 0.0629099459605575
-0.0182330790312226 -0.0378637741886227 0.140938142701391 -0.460385532482354
-0.0209918338752937 -0.00773175608587071 -0.543215266661399 -0.614584557592929
0.00107818116467058 0.0125038888153695 -0.891113093930512 0.244340050246699
0.00844290177914186 -0.00327782484133433 -0.113463355653171 0.768486914647751
-0.00869515722152096 -0.00916322161198353 0.405168649738685 0.34881792852806
-0.00629033165544911 -0.00168479134296286 0.361305462664623 -0.105493156435916
-0.00811611973952026 0.00753165590592193 0.0804929430976884 -0.290106222904372
-0.0135568156767108 0.0162043585684366 -0.0947155717548802 0.223223194138722
-0.00452074762623591 0.0132465552937023 -0.256377872349385 0.0473940322119399
-0.0115231777760374 -0.0015890186350847 -0.341721924515911 -0.289966146484371
-0.00471900106578233 -0.0123076667921424 0.0769846464157484 -0.592335695668129
-0.0141453708555875 -0.00697194391761467 0.723553714209892 -0.233594481422946
-0.027424556711712 -0.0211565815339639 0.589157668358968 0.464774890532943
-0.0189130183420613 -0.0150832404238198 0.0202654602520084 0.505695382658322
-0.00247924756597896 -0.0299740760557694 0.057056419935551 0.0472266882480971
-0.0229952564427099 -0.0336229347375008 0.109353751504289 -0.477757162771353
-0.0217760894938026 -0.00465833217431162 -0.601351369237078 -0.558365738542254
0.00336616081424921 0.00744955246423326 -0.851467048994014 0.330119501487707
0.010577668500522 -0.00986627326101677 -0.0321488108205749 0.765332737967701
-0.00546560784642191 -0.0077451750553729 0.433151124317571 0.307591973059195
-0.0107967613037543 0.00112477219078745 0.356249532289758 -0.126057803283289
-0.00773544330464939 0.00489164629510216 0.0725427182072689 -0.288140739859119
-0.0105424046825982 0.0132909417025518 -0.0996163895863673 0.219715955036527
-0.00762217985495502 0.0137649324124129 -0.254475007152812 0.0333622461202658
-0.00787628193525881 -0.000232309678505348 -0.316274424633141 -0.316680374900739
0.000233814434376895 -0.0166839999039105 0.136243772175877 -0.592613335478176
-0.0118832333756017 -0.0122626983383308 0.746852361806202 -0.173489436551766
-0.0249491672527422 -0.0213222864956896 0.547216093752036 0.51595827240795
-0.0192103249840381 -0.00828102424406543 -0.00992430528436126 0.502355513885177
-0.00647062061731171 -0.021867488132858 0.0578942602266269 0.0346293824849137
-0.0251154983818072 -0.0238476964226576 0.0794642797090291 -0.48955724645537
-0.0197862776444488 -0.000543387119326232 -0.646036902829723 -0.50820606645465
0.00586785603306453 0.0042018801508791 -0.813187320662636 0.397046595674786
0.0121257920832978 -0.013681528648084 0.0357622905964779 0.755221950579478
-0.00241219682493107 -0.00375515195114771 0.457526476537319 0.273748381176931
-0.0118327610962472 0.00372479410977772 0.351700046080568 -0.143834396034008
-0.00697571010496724 0.00136228844252185 0.0657525641672206 -0.288094375789274
-0.00655119900828905 0.00996549584017017 -0.103274112848847 0.219954947079906
-0.00823663615299505 0.0148286887630884 -0.250285402561381 0.0244189322669947
-0.00368516392678662 0.00089312898143455 -0.295600651628433 -0.333288510603188
0.00415447177727819 -0.0198793694468536 0.17747615728057 -0.58698811924265
-0.00949462691311016 -0.0149509703005708 0.763361755710367 -0.127824136872915
-0.0198001049936571 -0.0175058765438746 0.512854597997712 0.547972669897583
-0.0204543461638033 0.0022896096318071 -0.0338120072252732 0.497347818357192
-0.0106390699364842 -0.00936027886145342 0.0580840121787 0.0266815149637439
-0.0251950805184375 -0.0119648623184593 0.0572364642518852 -0.496208998316181
-0.015334603605572 0.00298641598497527 -0.673674299793343 -0.466390347918214
0.00614039780387152 0.00107267450160242 -0.780322061308135 0.445292364651118
0.0128483232687136 -0.01647123677002 0.0869904907789189 0.741621802994606
0.00248661113486775 -0.00116943809079412 0.47591503433797 0.244391145410909
-0.0115927740758585 0.00695302753097187 0.348067806249717 -0.155232754194812
-0.00426043839646483 -0.00207930083999164 0.0598722134757236 -0.288636869829765
-0.0022064132881061 0.00658952519337655 -0.104982565801729 0.2180035949994
-0.00633420654449692 0.0158617493734065 -0.25075846794547 0.0211236778344956
-0.000774751629380279 0.00366557977607603 -0.279322605725934 -0.340783950327486
0.00658346428089713 -0.0204970976670753 0.2067302236102 -0.586528702197913
-0.00491832291160784 -0.0169127668834546 0.770134253885258 -0.10119835361749
-0.0134316344841834 -0.0118364504977839 0.489350394919979 0.566427175074776
-0.0212833458245742 0.0146902981071745 -0.0476900816338724 0.495392298135548
-0.0158257789355501 0.0044531688739332 0.0564458565691196 0.0212345229200597
-0.0221327292402569 0.000644010933616532 0.0430706051290552 -0.497951843866399
-0.00838006323931343 0.00573619478913764 -0.693321799671288 -0.442341840870964
0.00840364811887371 -0.00123601845279783 -0.760167273007731 0.467827345333451
0.012158796245667 -0.0161289491118756 0.115869378401473 0.733129007575079
0.00642432831372434 0.000903395987837758 0.48697069998785 0.229381541355338
-0.00987407372705761 0.0085724699600411 0.347507798651351 -0.161223625709576
-8.45528891107381E-05 -0.0060635603783648 0.0570001422775997 -0.288234738754301
0.00376406568769 0.00478166793666315 -0.104414995390206 0.217532162362755
-0.0029000074841401 0.0170225964967094 -0.251591065450704 0.0226892123591084
0.00244601719786239 0.00665921599504943 -0.274099992927617 -0.339224831819282
0.00529738685082321 -0.0198093461361315 0.208319172826757 -0.590770869096272
-0.00245052449169902 -0.0174225782191713 0.769020448491137 -0.103477673364578
-0.00644231304859658 -0.00577227594584587 0.487481441100572 0.567038973898942
-0.0209708821074653 0.0271554691801299 -0.0505568949525379 0.498062172952304
-0.0188842249519931 0.0183969681458089 0.0517830072118277 0.0233000503574311
-0.0188345291674587 0.0115664037237318 0.0380701164606371 -0.495360775061715
-0.00120709143294315 0.00779172916827514 -0.696959132934313 -0.442544071575179
0.00928780880358336 -0.00209610497157717 -0.765172243500491 0.465841147697282
0.0132610382782455 -0.015068911884505 0.115423911063783 0.728493044527319
0.0106167018922241 0.00305295700076593 0.492024658440276 0.231193864444893
-0.00604602151778474 0.00920155893057466 0.347314340445466 -0.158252896229168
0.00463806037458493 -0.00914575403971811 0.0571506899827716 -0.286990509694016
0.0087620954450879 0.00588995383293623 -0.102560275392809 0.217599218467762
0.00205749274102003 0.0174029309913847 -0.254450592036699 0.0286950922409079
0.00459561953136836 0.00870875688686613 -0.282341842532405 -0.328329728418248
0.00258441259405301 -0.0166361089993758 0.189865125250503 -0.59979364835497
-0.000792557530575116 -0.0156826531044922 0.759973070501138 -0.135465164815933
7.78011236346673E-05 0.000109814943601166 0.503653609284688 0.549101210643682
-0.0186238620484492 0.0394971121269383 -0.0410326432868666 0.501420449494516
-0.0218283974916563 0.0299321713774623 0.0485590709983328 0.030725891872775
-0.0135532173272376 0.0215532509136826 0.0458492343260541 -0.491593564441634
0.00703661271474801 0.0101631494029609 -0.687431539048774 -0.464584300653098
0.0111211144288828 -0.00136040150930806 -0.78720926147208 0.439969420524761
0.0133915015011418 -0.0107150576270787 0.0920696544958771 0.733143699543367
0.0126924100698425 0.00509809526171942 0.489646170435921 0.243749522667318
-0.000822578910515038 0.00852289940780225 0.351459203820581 -0.148584116769639
0.00975217925437294 -0.0101231392086392 0.0594853924621236 -0.287299929048695
-0.00965457019657551 0.021069123605564 -0.0818250236454373 0.228066913466376
0.00683633569171454 0.00930742587787611 -0.259158230306914 0.079687134576148
-0.0134923837611538 -0.00154196273463457 -0.389121564527691 -0.228110648325971
-0.0112098318963435 0.000797838289550782 -0.0494326163694852 -0.585920702812948
-0.0129677998121672 0.0024153807315225 0.646954629581953 -0.364719663100572
-0.0246857604073432 -0.0162308769935747 0.663984790075942 0.345400707703048
-0.0138048937261781 -0.0137911289713002 0.0855885695918813 0.510206608483677
0.00223777002831988 -0.0312613595135068 0.0510457646834189 0.0781060218547221
-0.0134734662674009 -0.0380026284861706 0.163826058468687 -0.445657499585182
-0.0179967192331515 -0.00932801543896782 -0.49831446000042 -0.660422731271447
-0.000716097416615571 0.0150442268711087 -0.920375839316863 0.169520823684837
0.00450393553909827 0.00258061561607293 -0.184706563471666 0.767218052573462
-0.0103252225854981 -0.00992097792573613 0.382657876298509 0.379043858883387
-0.00116690869744431 -0.00297687361467333 0.364277148204548 -0.0876808666791359
-0.00448838007975623 0.00965187277481379 0.0832406582542986 -0.29154219497711
-0.0120261538318381 0.0201091932530811 -0.0866668300467645 0.226292083069871
0.000547973267229263 0.0113040552728979 -0.259464983168993 0.064529648083856
-0.0135471619382263 -0.00159611114089262 -0.370255639223239 -0.256895942932992
-0.0087552875725817 -0.00594355344284436 0.00801640398787515 -0.593566971974502
-0.0150549328519533 -0.00200390392190444 0.68742478232961 -0.310024295147859
-0.0278413215877771 -0.0189308242278545 0.634419868408918 0.401253967240923
-0.0170760899333581 -0.0157719235432122 0.0560867790798736 0.509493058904132
0.00121299179772091 -0.0339827480274053 0.0547429315086103 0.0616635372701674
-0.0179915416854198 -0.0380382378606197 0.139445166449403 -0.462050191687823
-0.02114546505222 -0.00818602294322398 -0.550051475188304 -0.612355575202838
0.00134526238453116 0.0119427479156497 -0.891769707496215 0.253219501369322
0.00824997937972129 -0.00323486693973062 -0.108953309430089 0.773309632301975
-0.00918605431811922 -0.00876485482453443 0.411199682649498 0.345379781596747
-0.00698785138053496 -0.00172114312424155 0.360465736502907 -0.108693180934304
-0.00796465751634955 0.00749119952012997 0.0768164048996709 -0.290715728926735
-0.0132206219046965 0.0172443701379218 -0.0929805909717074 0.225013706123197
-0.00423195251707813 0.0127072130983776 -0.256513140692439 0.0483217915147834
-0.0118085210214318 -0.00171758965692042 -0.344683262953108 -0.28855936381009
-0.00442179003262411 -0.0116856874460201 0.0735364306927914 -0.595830866940343
-0.0138107884952429 -0.00712893955684077 0.722471463562068 -0.240603226699322
-0.0279986458788588 -0.0204006471055649 0.594096458071263 0.460329197657868
-0.0186165439357781 -0.0142046998359875 0.0226989644230405 0.506727178160384
-0.00259735863444013 -0.0302290051197011 0.0573897610458283 0.0471791611484887
-0.0226852991338257 -0.0324056544530821 0.106675765603274 -0.480615739630249
-0.022539167920364 -0.00506855359843706 -0.604750474150171 -0.555614642479674
0.00372339433361891 0.0080004504926371 -0.852564316139343 0.33617814984485
0.010658529610547 -0.00932206394566228 -0.0267475843875416 0.766445153929887
-0.006747431453158 -0.0074360437091399 0.437938581699693 0.306867875610934
-0.0101611797598963 0.00128247580496268 0.356130327088097 -0.129832542179411
-0.00797362436460367 0.00449401664430359 0.069463802654955 -0.290551899234573
-0.01033929550645 0.0133526586135457 -0.0976158202293828 0.223093318996981
-0.00714933560345699 0.0138593979323737 -0.254519453530512 0.0350367928557535
-0.00850896478725169 -0.00033661643011243 -0.321008095571785 -0.315133035580071
0.000226873058496016 -0.0172696911167459 0.131838374117938 -0.59431837089085
-0.0125179800607053 -0.0112379356154256 0.748754332725606 -0.178007651594074
-0.0254670113392011 -0.0204310555963084 0.553990304172544 0.511343919321758
-0.0188116535807901 -0.006862175180513 -0.00816853078018438 0.502031481351365
-0.00675112665092387 -0.0218392734797417 0.0581561044705106 0.0340594041523755
-0.0255849286866101 -0.0237722387547169 0.0768508410154117 -0.49166938518401
-0.0199213679765761 -5.52378988980459E-05 -0.64818090639681 -0.503334974676672
0.00517823591458858 0.0039629947950119 -0.809388209253022 0.403890026297584
0.0115937372148121 -0.0143667544567579 0.0424663190615329 0.755980747901969
-0.00277659357494743 -0.00441695063005212 0.461986644414255 0.271636459041833
-0.0122910980443338 0.00384879785666227 0.351526306643217 -0.147760588145171
-0.00776192204223292 0.000771651036148008 0.0627633826724178 -0.290688061253425
-0.00605286528497159 0.00937225400429618 -0.101203961788118 0.221076840951594
-0.0075589863234804 0.0144397172334628 -0.251924136625485 0.0264456836968541
-0.00369363768600812 0.0011350548132488 -0.297405776051482 -0.330803604046501
0.00323562477760472 -0.0201084794529701 0.175240248397646 -0.591321675022848
-0.00986953831120777 -0.0149736520435115 0.764759245666522 -0.132092652272086
-0.0207824266672643 -0.0171748916177099 0.517620789114089 0.547464744754592
-0.0207482037208073 0.00243628583414152 -0.0313167617856239 0.499741487300347
-0.0112399914686918 -0.00958630917502827 0.0578889886723198 0.0257461747057128
-0.025960437380553 -0.0121282835297187 0.0556774252300256 -0.496653457397148
-0.0159186899762769 0.00255590565655778 -0.68080267748458 -0.463776304777473
0.00646927892304795 0.00122486108382452 -0.779988277761271 0.451792988559015
0.0128139077669957 -0.015770305221343 0.0943092923794939 0.743113513556571
0.00193403565459269 -0.00130258580771058 0.479086340379427 0.242287818471957
-0.0116400340138389 0.00666823260330989 0.348282221761001 -0.159421736737359
-0.00479729825224037 -0.00277134627230979 0.0577579867831807 -0.289547687247085
-0.00162782663447768 0.00655353145172613 -0.103485507394445 0.219838083868128
-0.00626987078106155 0.0155939005882422 -0.250944029212503 0.0215737090933047
-0.000362203907690641 0.00394258797594962 -0.281827534865911 -0.340092238630423
0.00512402274346809 -0.0213748771505262 0.202566942223251 -0.58946169384175
-0.00581676165829453 -0.0163891946387676 0.771227129020756 -0.106104240115953
-0.0147719910072333 -0.0123740106058483 0.495851195214482 0.565439967531957
-0.0202819026124277 0.0150242336735726 -0.0470100492071898 0.497060793949792
-0.0157825089941209 0.00412599811041163 0.0556699028918429 0.0215452973870323
-0.0232345710256798 0.000847487164501278 0.0395031614556248 -0.499851387805779
-0.00886557078492311 0.00556014006823788 -0.699292359488668 -0.439299402697771
0.00795154229225151 -0.00154043089187348 -0.760289934817667 0.476536527636212
0.0130506163075898 -0.0172483616640274 0.121848534902909 0.734354254561515
0.00666952935341917 0.00109665982413574 0.489574928830031 0.226368401196572
-0.00943153088735161 0.00891649710643704 0.346611513904804 -0.163542794886811
5.55514224448508E-05 -0.00709435195716345 0.0551244811803581 -0.290062160923055
0.00315981703194036 0.00533775190449018 -0.103022048027655 0.218774865226064
-0.00264762238824167 0.0163856610803073 -0.252468243437435 0.0233138544444039
0.00291267045252902 0.00638213615899662 -0.277938458042193 -0.338419275973274
0.00489443396670596 -0.020400913571727 0.206005660573767 -0.594440779898047
-0.00361164530144079 -0.0168646827790614 0.769339818992744 -0.108016977131324
-0.00711769620501109 -0.00574413425552806 0.491506980408862 0.565886923805076
-0.0205806224859179 0.02822176187394 -0.0478592115072733 0.499057167421665
-0.0197604322969322 0.0188946327587051 0.0519622730776198 0.0229956424679463
-0.0188695955227106 0.0119630791441816 0.0363844692940941 -0.497144475737025
-0.000491439748047657 0.00797240684086598 -0.699721624688598 -0.437838579032907
0.00957516233627847 -0.00242993690097374 -0.765282539509504 0.472830749056564
0.013346020470915 -0.0153374179249608 0.122464398274853 0.72992998388676
0.0110049173885663 0.00325052674196332 0.494789739001754 0.226638701939407
-0.00534437823743077 0.00973948118471776 0.347368986957055 -0.161368406556858
0.00418212481205703 -0.00918151188522804 0.0551064263695161 -0.289209829584739
0.00945439034597982 0.00530301027221448 -0.100739990167458 0.219646245340177
0.00259241096063127 0.0178060782940472 -0.253959616041002 0.0304918979986093
0.00460210127537804 0.00814646681965107 -0.285844730169878 -0.327153818267662
0.00241123930939927 -0.0175077642522676 0.185902601705457 -0.60140472119096
-0.000851267077080217 -0.0156320217554032 0.761281483332121 -0.141323682381997
-0.00045841194903028 -0.000467397100140654 0.508409325974949 0.547280229281894
-0.0175564147818768 0.0401336021860746 -0.0381611643495491 0.502189736663548
-0.0214253714372703 0.0303429190338387 0.0486553404015342 0.0309337126210088
-0.0142980757674868 0.0222828486005829 0.043892949324832 -0.491842803480609
0.00768265896722365 0.0101011848606335 -0.691975924216069 -0.459364302125869
0.0122352699482236 -0.00204821224727579 -0.786345893955314 0.448327627419873
0.0125832494950839 -0.0115848286816594 0.096590020968722 0.734272410715692
0.0129819737912164 0.00441445975364779 0.493578545250909 0.241152518744649
-0.000537945246082425 0.00821967912659048 0.3507464170982 -0.151766008586703
0.00977072794720025 -0.0106980815000828 0.0561941520428346 -0.289307234706197
-0.00913227041248917 0.0218748788047835 -0.0801278395414011 0.229719000025434
0.00724844991171704 0.00957837092072281 -0.259237665961158 0.0814051731102617
-0.0140941642475572 -0.00104246565585505 -0.391965261748453 -0.225069065047917
-0.0119964914799915 0.000979642483930139 -0.0542466331139403 -0.587320391288475
-0.0131833813324357 0.00205707797501292 0.64613435650334 -0.370992101373878
-0.0250311411378121 -0.0164046571858531 0.666576150569558 0.339375723036459
-0.0129769054008749 -0.0138104421430311 0.0895824289557616 0.509463747172374
0.00296540603539886 -0.0316077960503008 0.0506182126156525 0.0773483665528625
-0.0139964465878715 -0.0373070268766254 0.163327898636713 -0.44811144857649
-0.0178567674244672 -0.00968457777955809 -0.501545053408793 -0.659432186346092
-0.00044301454704947 0.016257347135075 -0.921012848105704 0.177148915025213
0.00553493414957387 0.00314734368949304 -0.177291567456342 0.770794020657869
-0.00997312996750033 -0.00938104574407852 0.386044523448881 0.378330966695752
-0.000816213679494722 -0.00406919000212157 0.363986682594472 -0.0911857594901946
-0.00419063158912777 0.0092710421598276 0.0796205951936296 -0.293115128851442
-0.0125184478958001 0.019257175680741 -0.0845265135717046 0.229043961457079
0.00104235711139764 0.0110941110684492 -0.258684761068884 0.0660188338577277
-0.0133398525245045 -0.00157558364802387 -0.372450349992509 -0.256830219343296
-0.00897683716625816 -0.00576770531008133 0.00202212312469454 -0.593744371652088
-0.0151098265779198 -0.00172797123412463 0.685416293626411 -0.314515442604598
-0.0285343172886462 -0.0185100403272151 0.637147894811296 0.396552036233749
-0.0159516438469175 -0.0157485024514177 0.0596916499974957 0.508110341076169
0.000944710150681383 -0.0338283839356791 0.0550711467627614 0.0620625628620825
-0.0188140977738947 -0.0379323439345319 0.136487485572836 -0.464665670153479
-0.0223189556248345 -0.00849162977806336 -0.554019829892488 -0.609788125266209
0.001447071696593 0.011918018645826 -0.892157257059797 0.25933972839202
0.00822505992009788 -0.00367714199078355 -0.102116647216511 0.774114782889592
-0.00891207987212466 -0.00903814307713968 0.412380198788572 0.343340381115503
-0.0071628076673428 -0.00222800496173282 0.360486546710289 -0.112818228980268
-0.00788446033065767 0.00830103242199581 0.0743572833178286 -0.294615953790067
-0.0119206048825626 0.0168057162509385 -0.0915198229148353 0.226356028756414
-0.00367417518078376 0.0124399866465072 -0.255972847780059 0.0504414443005718
-0.0113631504284022 -0.000993357961804722 -0.347473750579069 -0.286254879960636
-0.00507245839937398 -0.0122004806613686 0.0692687659977144 -0.59554148105911
-0.0149240334153386 -0.00703899215894968 0.723011434249802 -0.245685188540859
-0.0288527263593105 -0.0210113813829702 0.597794815771704 0.457958551647747
-0.0179331293633577 -0.0141166108648096 0.0254008019672679 0.504890762063311
-0.00203118564417949 -0.0301668360956983 0.0575870432480626 0.0462618301268206
-0.0224706759349077 -0.0328174536887538 0.105344933415464 -0.481461018688639
-0.0223682183199147 -0.00524126687872719 -0.610069949664261 -0.551924487157692
0.00390385546314504 0.00867888125627563 -0.850815817706958 0.346109034688314
0.0106469330430834 -0.00985360385001228 -0.0220996345020222 0.769595869730278
-0.00656426212110704 -0.00727727641745683 0.44033028284408 0.301903009489918
-0.0103954856382647 0.00102370316863991 0.355179154896487 -0.133781736871642
-0.00939224659378047 0.00412776954293985 0.0676098354772347 -0.291426843293363
-0.00972695282474335 0.0141952010982043 -0.094908653727913 0.224147061236387
-0.00682388984581982 0.0141720530558946 -0.253639299620524 0.0363690611944183
-0.00844167810138098 -0.000152122090411443 -0.321059676201438 -0.312253195910589
-0.000911360865299252 -0.0175176799600437 0.125690745941756 -0.595470211872647
-0.0125443349629333 -0.0113332200061834 0.748914781652734 -0.183172823505642
-0.0262145148613546 -0.0201312742259126 0.556398985032246 0.509648874347792
-0.0194181630944435 -0.00665474716027084 -0.00475617179895093 0.502597627255443
-0.00658364904539016 -0.0217082563293181 0.0588812118330835 0.0339945948040256
-0.0258697443264597 -0.0235051394677605 0.0760749422459197 -0.493311162407682
-0.020668750903093 4.8905501721562E-05 -0.651839331812327 -0.499858970967196
0.0054039868975185 0.00362640778352886 -0.809032500666659 0.411273498647618
0.0117582676336223 -0.0138025485767121 0.0498920276222971 0.758129247629385
-0.00316657601416647 -0.00480697813702427 0.464604289801835 0.26659866953006
-0.0121455500683392 0.00386333885464074 0.350795826970967 -0.151662656886208
-0.00801228414077588 0.000474477260049412 0.0607398238035892 -0.29191471408573
-0.00568302180136888 0.00940930363488967 -0.0987227216567286 0.222906549824576
-0.00810500957281689 0.0152113053758014 -0.250460826138882 0.0278090540375281
-0.00405450579614855 0.00154002203363125 -0.301231706814676 -0.329009784427428
0.00347031435092353 -0.0204127545960887 0.169857238826156 -0.593174235103055
-0.00979586633065755 -0.0152106114124689 0.765173504102164 -0.137700984349252
-0.0207046843836802 -0.0171656117680586 0.520228802285616 0.542341700963485
-0.019915714320238 0.00331982100148143 -0.0281966091786897 0.500829026824161
-0.0110003593592092 -0.00950177125462895 0.0580626025774543 0.0249945463896084
-0.0252822310266213 -0.0116204463216636 0.0523648627503704 -0.500116869939402
-0.0156896780200782 0.003315801504519 -0.683047505469413 -0.458124765385106
0.00675929430731897 0.000964836096097581 -0.778541833640235 0.458640453004948
0.0123140821196822 -0.0157051865200857 0.0995099020874874 0.743317641734183
0.00167950967638872 -0.00140975116829979 0.48265804821833 0.238362564518369
-0.0122246981941278 0.00733937441559867 0.3462984995342 -0.162349691161351
-0.00480426656405738 -0.0031076375880532 0.0556656096401791 -0.292129707284045
-0.00101131694810718 0.00721404991045256 -0.100808320234761 0.221162879074276
-0.0064471914742225 0.015716642644995 -0.250783210058591 0.0245048637183977
-3.32523639357057E-05 0.0040838993127747 -0.286519021147629 -0.338232899331602
0.00582166544938503 -0.0208455216090935 0.198307967649481 -0.59276543689602
-0.00658047909918492 -0.0165883084602409 0.77161442642158 -0.112819632751522
-0.0146707843108731 -0.0112453146194695 0.496706859015321 0.56154903873892
-0.019755829125626 0.0151192804774173 -0.0437785120348234 0.496115152667615
-0.0152822852697313 0.00461548279174421 0.0556154074609421 0.0213373854104907
-0.023102739822653 0.00054398907003309 0.0380006984876641 -0.500973172058772
-0.00843523519556658 0.00608922835384799 -0.703618484135543 -0.434252490598823
0.00713465328550507 -0.00105575476089796 -0.759261702988272 0.481128614487689
0.0129291300375586 -0.0167323066727839 0.127830289455748 0.733425914747206
0.00666298300405974 0.00113915221462582 0.49279409068064 0.222021059150695
-0.00938068034564528 0.0081687547487227 0.345176856792224 -0.167617304292235
-0.00162258306987504 -0.00664173694602828 0.0530624794982151 -0.291507027845778
0.00505676026502706 0.00528443937138834 -0.100833094549255 0.220584629857663
-0.00245160506226635 0.016857370181947 -0.252243176411483 0.0249886707851271
0.00307486334943039 0.00656335357490465 -0.281597113009686 -0.336229356007629
0.0049204532844394 -0.0207163357178059 0.201123773257894 -0.597157958220936
-0.00297228469669489 -0.0170048054110624 0.769983435146735 -0.115014969226451
-0.0081675288265986 -0.0057060178048282 0.49566642874573 0.562876280092863
-0.0187870180566775 0.0275911813742019 -0.0464740859434753 0.498403477967519
-0.0190407006820431 0.0185409178835699 0.052253441803886 0.0226402994428273
-0.0190541059584208 0.0126286079852068 0.0331008693267691 -0.499453882330331
-0.000765479041163255 0.00839099499801544 -0.70378940750643 -0.434928179727575
0.00946528653802312 -0.00249476508001857 -0.763122083609704 0.478966342295805
0.0118043943999225 -0.0152668257990793 0.127252465352644 0.729831359579588
0.0105444078553458 0.00371075871162604 0.498326232281394 0.221718587823602
-0.0057936971470868 0.0095074472310127 0.346024936164981 -0.165069129520216
0.00397338402380737 -0.0100709804305785 0.0515038122054979 -0.290648712459648
0.00931582445672041 0.00505317466760819 -0.0982155845321656 0.222243568129519
0.00346670462769101 0.0171205589228611 -0.254441337972767 0.0314520822027388
0.00423149468229641 0.00839681709623926 -0.289926311588508 -0.326036450347337
0.00246267972456634 -0.0173845274861569 0.180188334420543 -0.604967103088413
-0.000822160531964142 -0.0159281192608984 0.761276596155562 -0.147250404783595
-0.000966351119531451 -5.0429502079858E-05 0.511559361421025 0.544559761712955
-0.0169855816226349 0.0406573622635579 -0.036871110437895 0.50173197726051
-0.0219995942894214 0.0312854727364685 0.04872442520251 0.030763401813846
-0.0139531021637176 0.0224535922292783 0.0406992437525647 -0.494478672411686
0.0069458621375616 0.00993036845389399 -0.695706401742795 -0.453794698330239
0.0123842945586029 -0.00220450443248488 -0.783622488258621 0.453085393998933
0.0124187114160617 -0.0116098345578111 0.105410258796256 0.735348577949247
0.0121659835938097 0.00426822408317257 0.49688704044282 0.23817404758489
-0.000719445442033416 0.00854176350469375 0.350185777778312 -0.156155660713518
0.00883684300677072 -0.0105347453510119 0.0541826485850041 -0.291509677296309
-0.00852760526257128 0.0219497009092444 -0.0778318590647937 0.230723293792819
0.00702338707422949 0.00876395191865636 -0.258388504363439 0.0830411886049835
-0.0133432478451858 -0.00089098451653854 -0.394274334339906 -0.222113734209045
-0.0115119917125592 0.000187477491213056 -0.0576349240074575 -0.585813986635615
-0.0133681989768546 0.00236741860261458 0.644013133881649 -0.374726896409605
-0.0260688242240781 -0.0160479858804469 0.668663159839689 0.336591739134281
-0.0129714022481358 -0.0127999925079847 0.0903137064580854 0.509605623672006
0.00242517868698801 -0.0311838986219305 0.0523677043701777 0.0774966312587431
-0.0138267632605322 -0.0376258825336842 0.160061708905954 -0.448009345536544
-0.0180272426275997 -0.00983468904464398 -0.507087444748539 -0.654686421451277
8.23989830516531E-05 0.0154901267438014 -0.920428854086052 0.185622008599164
0.00521333294205511 0.00238310264013101 -0.172320848854185 0.774183127031156
-0.010220000586632 -0.010783493294298 0.389523671982397 0.374592370228518
-0.001409118763652 -0.00306584961276397 0.363999943583747 -0.0953498319661509
-0.00488029044740024 0.00922289805723731 0.0771836649332667 -0.29541827537738
-0.0115293154280468 0.020578012128651 -0.083292865151292 0.229824256255295
0.0013650771444871 0.0114944732335023 -0.256861048613182 0.0668398446354582
-0.0141533346854963 -0.002087902281117 -0.375782479069853 -0.252839962408018
-0.00973034425083505 -0.00575476247425134 -0.00131064460765556 -0.593194923719068
-0.014973930689757 -0.00164370387909295 0.682512488121289 -0.317715745441443
-0.0292124208050511 -0.0183925133888375 0.640964310626445 0.393054018652309
-0.0167968188418845 -0.0157169252707133 0.0623118865170582 0.508030656768004
0.000900202748484612 -0.0335172976687002 0.0554109247086449 0.0605688426368345
-0.0188630891807759 -0.0391859654433351 0.13382038040517 -0.466912850448917
-0.0212976573559921 -0.00829358444496925 -0.558705068702434 -0.606047019700308
0.0013949358074064 0.0119638055387806 -0.89094684170531 0.266666642625486
0.00779175470892206 -0.00406705704559848 -0.0959090349167009 0.77481902554058
-0.00903404262820098 -0.00890788295690622 0.416599722845911 0.339738168160562
-0.00685223338602227 -0.000830550139708347 0.358652946398637 -0.116048548522364
-0.00792604769373686 0.00781927912986603 0.0711522799625457 -0.295573884754511
-0.011377522607091 0.0180543859933892 -0.0880770105170285 0.227666163959365
-0.00357361274664441 0.0121966614824604 -0.255581688531498 0.0506447133053136
-0.0114815379965686 -0.00124932200190333 -0.351488251660246 -0.283436476730989
-0.0050944197775746 -0.0118142832318095 0.064048123717557 -0.597027452809042
-0.0147936853531335 -0.0067777841924038 0.720165188357237 -0.249883426954386
-0.0293221953194064 -0.020617924966395 0.599262802550521 0.455146667510312
-0.0175093524503264 -0.0131591993743072 0.0279962661265731 0.506790866274987
-0.00248641810930325 -0.0299706979856816 0.0581292513878208 0.0461165524904728
-0.0241382424277534 -0.0325688887103235 0.103034790252858 -0.481496091160504
-0.0225081234147568 -0.00418400130094614 -0.612951677185675 -0.549240044566941
0.003496430496485 0.00791295077264035 -0.848790098045378 0.351272392895758
0.0100559913352285 -0.00931648223354425 -0.0144034444979739 0.769846473229143
-0.00750559339953351 -0.00748974896245433 0.443961704806607 0.298175063305548
-0.0105859870376215 0.000397716190776934 0.354966647288776 -0.137139809684773
-0.00835144781722687 0.0034620992719887 0.0648068383951973 -0.294717220066401
-0.00962363115392276 0.0133377545937376 -0.0940293639921095 0.225673919314558
-0.00686079665612548 0.0131025767033194 -0.2534723264756 0.0378749747403165
-0.00805055338786877 -0.000323070474493697 -0.3253573427394 -0.309767553079828
-0.000246576540153274 -0.0182732917281013 0.123749357400219 -0.597442980596985
-0.0132686321499803 -0.0114018522449849 0.748573365971433 -0.189656241188729
-0.02668425047338 -0.0202477684619471 0.558454891510365 0.504418685877867
-0.0188539928726996 -0.0065055050187974 -0.00333894969767398 0.502941563559637
-0.00606358323095848 -0.0209154147923758 0.0589953018076787 0.0332390483451007
-0.0260547078452358 -0.0230618167955761 0.0724691306037711 -0.493713937468676
-0.0204623605571962 0.00035931515514772 -0.655101891510854 -0.495730145770251
0.00588400681065425 0.00409997147756957 -0.808030194246181 0.418251314298895
0.0115155535998263 -0.014224698115718 0.0540895179170729 0.757170625136188
-0.00292158105863986 -0.00401570100396008 0.468276872430044 0.261647539963051
-0.0116657581523084 0.00439591338965902 0.349835653735912 -0.154726676709264
-0.00761190939652094 0.000196039376451108 0.0577393919927031 -0.293412897007061
-0.00537608859709543 0.0099939987630295 -0.0965574257834794 0.224494968900984
-0.00751439204925282 0.0147306340599976 -0.251908503374149 0.0291919204982394
-0.00433268306525044 0.00147132303198122 -0.305612746631203 -0.325632263802824
0.00327993350080532 -0.0207466346523147 0.164923222020114 -0.596050330620703
-0.0107496061142705 -0.0151137021134978 0.763986418899321 -0.143648064525425
-0.0212557174238335 -0.0173635824537706 0.524246052663711 0.539313754997023
-0.0193755100517551 0.00370358073552836 -0.0257644258036421 0.499352426473803
-0.0104733380725005 -0.00791862538610576 0.0579287692460916 0.0241975003847475
-0.0263436965633444 -0.0111056240885691 0.0508011749734248 -0.500615311773071
-0.0157309614809273 0.00347257568248532 -0.68700324287113 -0.454766711245678
0.00633856448111154 0.00078421694717662 -0.774026181197684 0.465879591361213
0.0122252013935784 -0.016050340905864 0.106735629857091 0.742578004526446
0.00164431349048471 -0.00174217309606649 0.483451023079753 0.233827758480518
-0.011805886001254 0.0067861667468199 0.34520536667723 -0.165668868177253
-0.00449889632430692 -0.00296834723159987 0.0517929308090495 -0.29299659264711
-0.000454530156240578 0.00677679926349712 -0.0989726216220753 0.223198844671683
-0.006439754545791 0.015947915793017 -0.250883492054616 0.0238706497027563
-0.000973602042860681 0.00347649758333096 -0.28894107117165 -0.336339817146766
0.00462267906504985 -0.0218892125782612 0.194981692660566 -0.594591582014124
-0.00709011852201919 -0.016709025673165 0.770647468638013 -0.116784612307846
-0.0155317593718748 -0.0121222226443343 0.501992777731822 0.56130127752326
-0.019510562915756 0.0156576410924689 -0.0410010491938044 0.499224754030308
-0.0151139082668655 0.00597797964029414 0.0563362731938106 0.0203896023577923
-0.0231018119328957 0.00118432371248409 0.034394947085007 -0.501735843935727
-0.00877793926993045 0.00638019462002266 -0.703754474343623 -0.4299597891487
0.00849839190228415 -0.00167138295637832 -0.757113233049693 0.487433830430805
0.0122597001426546 -0.0165693276976088 0.132844280555778 0.733610818302606
0.00647686459184858 0.000999489757539229 0.494846887414183 0.218360695556366
-0.0091390613151816 0.00909340540505122 0.344125652050728 -0.171399778925036
-0.00164163480059143 -0.00679394052056049 0.0498439261613791 -0.292549943065716
0.00534525912258392 0.00475848771297032 -0.0982294302287608 0.222056965658516
-0.00229486701551819 0.0166152320033617 -0.25138131475791 0.026732687018417
0.00280908977081175 0.00670874385534475 -0.283244936740296 -0.334423564581895
0.00532937583844866 -0.0205113824949544 0.19656030308747 -0.599683038841762
-0.00342924141944112 -0.0168348076236789 0.769918328570342 -0.121189285309639
-0.00800573025619148 -0.00584945790184896 0.498081761097757 0.56007013519913
-0.0187497127613869 0.0288383145438134 -0.0428366324182468 0.499190922505465
-0.0183323686886673 0.0191584746588278 0.0525977608364527 0.0219209981139299
-0.0191859182251269 0.0120758655832529 0.0316478872381524 -0.500028812295323
-0.00111796376254508 0.00849499398797954 -0.707712086335846 -0.431564935176642
0.00920989466686802 -0.00256979218171368 -0.758467790935385 0.484643475108666
0.0123112586307898 -0.0154338392734064 0.135514710369587 0.728595541631604
0.0104227364366358 0.00314488196158528 0.497862197319097 0.219110627304572
-0.00538364449830023 0.0097193007016371 0.345419567692841 -0.167850646956523
0.00344595523073132 -0.00936619415279947 0.049121056959879 -0.293030761723904
0.0106521993812915 0.00526103400065655 -0.0961826897687552 0.222289667520623
0.00296213523940969 0.017311103986521 -0.254426188520621 0.0337038670420917
0.0048494486447509 0.0082968977947497 -0.291372529921455 -0.323520296534266
0.00176958281137241 -0.0172909578860687 0.178103871153053 -0.605763942629669
-0.00223680745806005 -0.0154557807432922 0.759493150435269 -0.150949610524221
-0.00134405096825452 0.000483405211126126 0.515222397689564 0.540264266931396
-0.016491415047858 0.0409255690836687 -0.0356604004175834 0.502329754192395
-0.021509101627485 0.0308689164326152 0.0486643755783038 0.0296433668323856
-0.0138414634259834 0.0220771655735275 0.038442841445309 -0.4958675502593
0.00719955510398108 0.00994231052821148 -0.697684380599878 -0.450377942409714
0.0127536711330038 -0.00157415114116618 -0.782856632694559 0.45953743566915
0.0122365253418188 -0.0119476984509882 0.10965032276796 0.734494624545937
0.0134410225707151 0.00497159156734122 0.497978806340368 0.231753667731679
-0.00051020752116164 0.00827132308026299 0.348905133526336 -0.15878661895406
0.00861233807500809 -0.0116091969571636 0.0505223302507401 -0.291829442881303
-0.00873310461579218 0.0215310586915384 -0.0756194384328286 0.232057439115641
0.00764214938933814 0.00780855279503542 -0.257456138108147 0.0848554245562168
-0.0132532212355272 -0.000579541439141583 -0.396198545480178 -0.219075295398023
-0.0114775945359553 0.000724125002904813 -0.0608485001141071 -0.585701626779232
-0.0134053461111162 0.00204872365678939 0.641076609473056 -0.379695835868203
-0.0258499345415921 -0.0164079566541572 0.669296133236369 0.33162605579546
-0.0131603740124833 -0.0119289845064471 0.0926364565225789 0.507387688111725
0.00267997706602321 -0.0313940882815478 0.0521982851052945 0.0768364426974073
-0.0138369370922555 -0.0371472042322433 0.158137537656353 -0.450912371538684
-0.0173402543773066 -0.00950356030573803 -0.509966737586948 -0.652648790625744
3.71805108400625E-05 0.0150710111682519 -0.920123830855822 0.190813717040314
0.00464434194115419 0.00276877834857495 -0.166100366171661 0.774409728357237
-0.0109723969407661 -0.00910002572580627 0.39239178400442 0.372536385950402
-0.000823080251785785 -0.00348072702800741 0.362566661089221 -0.0979748493589024
-0.00512825963347605 0.00916610195931183 0.0747501300589935 -0.296963852610811
-0.0111195231873136 0.0207738319499777 -0.081072720733104 0.230929497327723
0.00141584725643821 0.0107321058391291 -0.256650637454048 0.0688316586765117
-0.0132190333699401 -0.0019611031538906 -0.378081884226884 -0.249985930155196
-0.00881943710395488 -0.00590509680421627 -0.00376678562359783 -0.593537085864024
-0.0148406657442961 -0.00205381070522567 0.683125838179759 -0.322600126007797
-0.0293526999644267 -0.0185687548142056 0.641480016956046 0.387951352898132
-0.0161519178045568 -0.0149676559911157 0.0631788784736125 0.507424728123998
0.00107780098346062 -0.0339982681632365 0.0554143279649144 0.0603444498496595
-0.0192698069380109 -0.036999489533168 0.132612072253732 -0.467422912873661
-0.0221959735064696 -0.00823182704737896 -0.561778909958897 -0.603957708321409
0.00160168408146864 0.0122542399670205 -0.886765643348544 0.272375809346231
0.00739719894468297 -0.0036600532197331 -0.090804359409382 0.778249454802436
-0.00920749302662276 -0.00862701401160909 0.418224738212071 0.336533125145385
-0.00651156824658564 -0.00184722370091275 0.358382495967649 -0.119534425637615
-0.00796135824418467 0.00682328756427175 0.0693297183531342 -0.296061203148033
-0.0107575714124558 0.0177532684346915 -0.0866091635777125 0.228951257400287
-0.00390795128820587 0.0117365342079653 -0.255021983528767 0.0534367371653387
-0.0117088937936852 -0.000962533735873702 -0.352517198350502 -0.282180173284739
-0.00528311747920773 -0.0117789335574017 0.0610005498703723 -0.598756117361879
-0.0153185858431899 -0.00646179995613727 0.71942001661915 -0.255522613654438
-0.0296343378448443 -0.0201468391881495 0.603288680675609 0.450233005102727
-0.0170407116180654 -0.01253310340874 0.0287104017354615 0.503956545639729
-0.00169664174923678 -0.0295120405932333 0.0582318140359194 0.0457927030403651
-0.0240957663741952 -0.0323425930175175 0.101042620052109 -0.482598955000558
-0.0227492449743427 -0.00410314074367498 -0.617755741105335 -0.545266811113962
0.00378963958403995 0.00763619256464385 -0.846998295518588 0.356226057577959
0.0102341657572429 -0.0104668572351841 -0.0095711884911473 0.771674217283047
-0.00752199738830326 -0.00703382675896315 0.444860396958739 0.296249810891286
-0.0103454191033555 0.000826100246801837 0.353249408889282 -0.140005187610832
-0.00897365377674352 0.00407926205662549 0.0620603848555503 -0.294676926658983
-0.00905687079237726 0.0138247733714066 -0.0911526258910798 0.227482349720449
-0.00666371366770227 0.0132135348945746 -0.25269366737974 0.0390212797006448
-0.00775439052100208 -0.000485936332465055 -0.327039239127743 -0.308689499952624
-0.000822975501997372 -0.0176948475656849 0.118738736868175 -0.598369788999741
-0.0138834767363535 -0.0116866129806233 0.748013155399173 -0.194549211750322
-0.027155195924309 -0.0195152127784127 0.561578121780678 0.501397866648869
-0.0192252248459664 -0.00614025259020517 -0.00108675222387811 0.501887468972162
-0.00629273150445434 -0.0212490691079927 0.0587915805221177 0.0320926029436369
-0.026526688436024 -0.0226792917554361 0.0702225892759407 -0.494823645664453
-0.0202807197588892 -0.000798915837519447 -0.658387195844453 -0.491529583711046
0.00532964566775202 0.00370961088703583 -0.804901900820004 0.424392956029748
0.0111931295697365 -0.0141121482092815 0.0604738651055753 0.758541851823091
-0.00312493608088221 -0.00420368224228757 0.469148405051184 0.25873741531583
-0.0118677161793577 0.00396242084612616 0.347356874526752 -0.157896190168667
-0.00853005052667378 0.00057977656269549 0.0550791939426783 -0.294213000786019
-0.00494661616494669 0.00982445039818027 -0.0942843552963814 0.225062436718886
-0.00722870771704664 0.014300872775073 -0.250843991856579 0.0308485016237332
-0.00406193770336414 0.000799970775096704 -0.306199702688155 -0.325840403455781
0.00312726357012064 -0.0207384957209729 0.162303875858977 -0.595235943067565
-0.0112765244889752 -0.0145824567820794 0.762679553069281 -0.147588042715424
-0.0222480764051275 -0.0165435282261454 0.528355356723632 0.537228377967326
-0.0191721099580042 0.00378015821806593 -0.0235694050177687 0.498953802646224
-0.010692618729527 -0.00872785650294917 0.057655794744343 0.0238257152975233
-0.0257807110146989 -0.0109611393717535 0.0484240044302628 -0.500188019563396
-0.0151898918769359 0.00297398538237527 -0.691126875166837 -0.451953139446463
0.00622057650570611 0.00060107018933326 -0.771464749096211 0.47031166321706
0.012727739027308 -0.0172153445229605 0.109943574404519 0.74301830184228
0.00234693993225829 -0.000871544078180001 0.48476568927149 0.231170652233784
-0.0110524231810529 0.00771253650027014 0.343879422663845 -0.169722544244001
-0.00492657647189928 -0.00438715027263176 0.0492828537428146 -0.293123891619972
0.000240985823182311 0.00731227316661973 -0.0974169396115672 0.224688046900082
-0.00556491503201695 0.0162106109861316 -0.250396083593814 0.0265941219916548
-0.000500551344037816 0.00430708217836803 -0.291045357009089 -0.335458303532395
0.00477229978312096 -0.0219459861563465 0.188400060773427 -0.597108394653158
-0.00674532693975677 -0.016905110906009 0.769726742238697 -0.121449549238136
-0.015391155674088 -0.0117057728500752 0.504082486214265 0.557181467197842
-0.0188772619287202 0.0154319320708414 -0.0386239540109133 0.498561532205978
-0.0152146844192105 0.00526148769589098 0.0552890106185642 0.0199967839942668
-0.0226440308083235 0.00143758631584306 0.0327361595061807 -0.501960040367929
-0.00878145408930513 0.00598715001617351 -0.706419063980161 -0.427984757958764
0.00784049869333081 -0.00183041671572754 -0.754360984424453 0.492743239914962
0.0115120985009636 -0.0167092005453 0.139191794234298 0.731666900697961
0.0061695014947311 0.00187239735341456 0.495248500676861 0.214380306654975
-0.00985126222490355 0.00939110551260813 0.34152932173173 -0.174039511394591
-0.00219284841944406 -0.00733232358780045 0.0463630025120053 -0.294181538519723
0.00525401396071323 0.00552729268280317 -0.0965567526588904 0.223756680170524
-0.00213107723151329 0.0163036799738228 -0.251890039523688 0.026885480156527
0.00246830447543599 0.00714286838889567 -0.286596926580433 -0.332632381951226
0.00450967338624381 -0.020716684606403 0.194152973816369 -0.601247616833946
-0.00413251448599078 -0.0169605425731334 0.768074525236468 -0.125042382726524
-0.00894500778430395 -0.00563730225544747 0.501317360477508 0.554981939590753
-0.0186352821735509 0.029278754702434 -0.0414576851997516 0.499415644386053
-0.0176201373531412 0.019111765929123 0.0525161894822973 0.0219121436304671
-0.0186919315211791 0.0127018661309361 0.0295596963187365 -0.499595053981722
-0.000939260811719379 0.00844059667467387 -0.707182222832914 -0.426587726246192
0.00921909955189529 -0.00287938841318258 -0.757485017301629 0.490485403935403
0.0116832855801096 -0.0151568229537394 0.139339685190024 0.72754784458535
0.0111477589882389 0.00374463829649857 0.500852213813915 0.216181271254612
-0.00620339879169735 0.00905004140385241 0.34319030707396 -0.171321075851155
0.00251576833843523 -0.00998099873758045 0.0463491485766299 -0.292600653403936
0.0104554038323644 0.00450529324572292 -0.0938253237285979 0.224499938150433
0.00296796373012239 0.0169254761804917 -0.254932206893449 0.0349925749889752
0.00481518562223745 0.00824788637732164 -0.293670277323958 -0.320447884809831
0.00191595646502582 -0.017660700392167 0.172321810342703 -0.608363486492683
-0.00255844060814039 -0.0159512436380805 0.759451437215818 -0.157080432684615
-0.0017183261868102 0.000865148108798054 0.518092614668225 0.538834562396351
-0.0154214816738536 0.0410044347698189 -0.0328965288365561 0.502826121487969
-0.0202954002935178 0.0310579880275085 0.0485820507104242 0.0291770727699418
-0.0134141205701716 0.0219141139324302 0.0345280220229336 -0.4965191048817
0.00739854065493526 0.00985680394915373 -0.700210318964469 -0.447513180310541
0.0113665055049524 -0.00272446661065911 -0.779368917449462 0.466277448208709
0.0122469758174644 -0.0118605922184023 0.114985838677231 0.733813363892625
0.0134312615621872 0.00463605776818058 0.49993539159267 0.227978613970579
0.000117521064991011 0.00824692167662697 0.347730889754802 -0.162504074521014
0.00766209928576152 -0.0114169696399856 0.0484317466867267 -0.293053559397591
-0.00781409198423755 0.0226396563207548 -0.0734701355667969 0.232585978434868
0.00780434444860527 0.00783735667209688 -0.256849917036431 0.0855430471580353
-0.013365270016538 -0.000531854528866011 -0.397617683821415 -0.216959067494158
-0.0112108144663046 0.000295569749641008 -0.0649357629763344 -0.58615042907922
-0.0136340437178361 0.00210894001577496 0.639000658835652 -0.38290629882518
-0.026858462608686 -0.0153277957315813 0.672931172558778 0.328353394872019
-0.0125931455864468 -0.012600582531397 0.0929394949750961 0.507271786050145
0.00285039965127323 -0.0312161856515806 0.0532062416135968 0.0763331007235049
-0.0143147428593117 -0.0367637807339327 0.160031776574 -0.448686830170073
-0.018429022871739 -0.00900538368373898 -0.512360058887518 -0.649429024621208
0.000632786693385675 0.0152617520190218 -0.917680935611076 0.197194125980746
0.00501689564161101 0.00304596449824537 -0.161602040292713 0.775314832242309
-0.011514516364015 -0.00874453031829286 0.394018263127591 0.369826904965361
-0.00130902967153206 -0.00383368049975163 0.362473311687092 -0.101081436434313
-0.00595934619628553 0.00866370038712467 0.0722754508364976 -0.297854006069019
-0.0110576343912072 0.0209973510932275 -0.0779127839233702 0.231199536325927
0.00156195015547568 0.0102968647894583 -0.256710201701865 0.0709002896780752
-0.0136387964938598 -0.00121714384334378 -0.378910344001981 -0.24773392978634
-0.00960458401465172 -0.0066831819462255 -0.00777347011609191 -0.593139818105645
-0.0150075792847425 -0.00123915188077625 0.679169757811634 -0.327061168939646
-0.0302660386330442 -0.018277299351521 0.643412425304206 0.383895769522189
-0.0149415505531556 -0.0147546200756112 0.06425488641105 0.506668292808541
0.000391693979721857 -0.0333010271643647 0.0558901969043777 0.0612894690678868
-0.0199434024149626 -0.0377815350179731 0.131899166094852 -0.466961698307501
-0.0226393655197944 -0.0073856479256961 -0.564817030433417 -0.602117754765091
0.0017823249371588 0.0119002875702053 -0.886547475066648 0.277529319646347
0.00740599593998978 -0.00386138405070222 -0.0851734614189251 0.776767806870256
-0.00957155528045301 -0.00885557688444129 0.42111110786712 0.333983361650468
-0.00668016299666537 -0.00176469545490841 0.357365244587187 -0.122066791538884
-0.00863511237795806 0.00718041060966388 0.0658860798048379 -0.297516163588932
-0.0114129319637453 0.0177225474860371 -0.0835182818465589 0.23076333526095
-0.00334079098205363 0.011922726733468 -0.254623251806242 0.0534177221137105
-0.0117721784256571 -0.00115763657361496 -0.355223302055551 -0.279429208270228
-0.00521944647955334 -0.0123309367843083 0.0579799745974988 -0.59609643520625
-0.0154181883286419 -0.00721151928116247 0.715813700095105 -0.259220884384994
-0.0301821647626134 -0.0200030831330286 0.604366314967285 0.446433428613296
-0.0173335075819227 -0.0134775205500189 0.0293724413695384 0.503522640238124
-0.00217288146422515 -0.0294129286349435 0.0581606612331827 0.0447195388961949
-0.0241825276937299 -0.0321182103073579 0.100227390376816 -0.484520677666242
-0.0228723986636186 -0.00439347719049195 -0.618686343215474 -0.542145811289706
0.00398272815357897 0.00802312119239551 -0.84405998327879 0.361331391638872
0.0102373652804467 -0.00961919737329251 -0.00568002959874941 0.771179915937561
-0.00603578706360736 -0.00632376582399122 0.446131906146406 0.293292589276489
-0.0100189928730784 0.000786094521065143 0.351419100910921 -0.143787781104136
-0.0099858117276441 0.0032416974630228 0.0593996779925899 -0.295172636281276
-0.00874514871545874 0.0137930285354026 -0.0889441711038451 0.227873243291302
-0.00638303909082831 0.0137157853680748 -0.252658001081619 0.0406506243521463
-0.00804827333022732 -8.9786723448532E-05 -0.330880532072181 -0.305918995960627
-0.00136795142931175 -0.017874285203073 0.115399676890691 -0.600048396900046
-0.0135832499549634 -0.0114615220852967 0.745537046797632 -0.197540373649108
-0.0275323342968945 -0.0195491077981626 0.563106895613943 0.498351551711681
-0.018877259218873 -0.00622413359776787 -0.000770231062455569 0.501619559577782
-0.00663480193767235 -0.0207543432056175 0.0588538307322889 0.0322684702858
-0.0263380951743706 -0.0224678114560645 0.0693639826309437 -0.494483380263671
-0.0207523490918421 0.00032573831309644 -0.659701246447823 -0.48856217560795
0.0059218204222389 0.00401915261917837 -0.801934484691173 0.427694588929331
0.0113256439153665 -0.0150012969413657 0.0648025191970453 0.757831520131355
-0.00299615650365566 -0.00389344487678386 0.47002286904973 0.255489533492023
-0.0121026345816626 0.00465157894794845 0.346091821772868 -0.160982193315615
-0.0089669722615021 0.000335346458988381 0.0527329510843291 -0.295277006902912
-0.0049157163549718 0.0102955859493074 -0.0918835885652201 0.226790914167809
-0.00732338534815017 0.0146978922477854 -0.250195143952066 0.0316442129357397
-0.00430428403426466 0.0023755642446131 -0.309450878630229 -0.323244491252696
0.00273084544698902 -0.0213921042589041 0.159641611680264 -0.597053228259674
-0.0112104251219682 -0.0151773616545261 0.763008639160199 -0.150627535334423
-0.0223467246498369 -0.0162393909826367 0.527517387169652 0.533605939655192
-0.0185124270714817 0.00481314342544126 -0.0238697095731566 0.498411397837006
-0.0103624728385051 -0.00845868629449469 0.05797108746344 0.0231380214819044
-0.0265299269767048 -0.0108238594717191 0.0467976158430148 -0.500861063948789
-0.0163493808936131 0.00313337095423176 -0.690937946807953 -0.445915652510177
0.00680619725467645 0.000492186913835476 -0.768570159066208 0.475335498293914
0.0119001050403417 -0.0165591518985379 0.114410610274374 0.743860155588359
0.00236469739206408 -0.00168335351418383 0.487344284981937 0.228012215343818
-0.0119223171005477 0.0075780491287001 0.342344067252676 -0.172005934553311
-0.0066351198098553 -0.00389976647738753 0.0465850112871555 -0.294403848318727
-0.000216514994619331 0.0063952754367406 -0.095055211625963 0.225251597601556
-0.00565671318936938 0.0158591345650537 -0.250162626703927 0.0273079945960162
-9.02883429898139E-05 0.00439593540444902 -0.293540829998497 -0.33205647475219
0.00444861326258905 -0.0223543231067478 0.185789630260727 -0.597171952807628
-0.00748906332361972 -0.0164597687197597 0.768360809171958 -0.128269386751141
-0.0166923974275332 -0.0109518635473192 0.506764236491165 0.554467094823611
-0.0181914417626883 0.0165492435805213 -0.0377644271157767 0.497034215013454
-0.0145005166254822 0.00542711368335502 0.0557285266064 0.0200763092741423
-0.0235973601113667 0.0012642316461803 0.0302607720978834 -0.502633045790297
-0.00872733015411687 0.00615396278439195 -0.70920997299683 -0.421298136238474
0.00818999362072767 -0.00218200668359231 -0.750401820367965 0.497532411942386
0.0114878444851349 -0.0175975096677293 0.14469969739903 0.730370210481863
0.00684775230504031 0.00165850658706368 0.497977070157197 0.210606403792692
-0.00954509642862555 0.0090961838295857 0.341456865292445 -0.176864233333286
-0.00224742198456788 -0.00709450045083437 0.0436208404086232 -0.294073018446119
0.005444973006742 0.00507968045022697 -0.0942491199087082 0.225009473437708
-0.00236349881627768 0.0161428029995655 -0.251799585619381 0.0281873754340027
0.00285124605740904 0.00617954357581827 -0.289446692324014 -0.329773448869993
0.00367732316143835 -0.0212518261019859 0.190148576578971 -0.601695336457156
-0.00475979256368033 -0.0168189691600667 0.767787201443065 -0.13004922683958
-0.00912978703848562 -0.00500307219551868 0.503040500255966 0.553144375923748
-0.0172227141182017 0.0294538163334314 -0.0398911018899104 0.497744468297449
-0.0187270808589981 0.0184939041256588 0.0534086625445366 0.0212858837071966
-0.0192995590506126 0.0126228650208 0.0274578087128898 -0.500069209166873
-0.00120394822973399 0.00820244487807809 -0.71107916695629 -0.424080798488051
0.00952803691385462 -0.00312959078048949 -0.753502401747884 0.495643095094248
0.0117754861932867 -0.0154628731946051 0.143404523185806 0.728497325739766
0.0104386742631255 0.00366838592903842 0.502944677069113 0.212530150204605
-0.00527086875612954 0.00917028595096263 0.341880350205122 -0.174693658135805
0.00273039085976135 -0.0101043704346498 0.0442266269704314 -0.294021678101945
0.0107697474487302 0.00413150645600501 -0.0924290932342467 0.225407152820881
0.00350565293512614 0.0167569605573722 -0.254376467160006 0.0355721591056293
0.00484677857210258 0.00879443979005274 -0.295543284821373 -0.318049187208599
0.001647221941985 -0.0180349121754086 0.168249755857477 -0.609004017470812
-0.00186819004213793 -0.0155583834488564 0.75791094024434 -0.161290953664728
-0.00206199701090238 0.000711326786669724 0.520733713679769 0.534018265684847
-0.0151229384088792 0.0407253050816338 -0.0334697666653902 0.502326421971668
-0.02006946997783 0.0312905525681842 0.0490651635593309 0.0284381058974846
-0.0136324115995564 0.0231427406885017 0.0342529319276083 -0.49575735619366
0.00642410161117067 0.00986886115118831 -0.70186194432774 -0.444208181333096
0.0125486878626774 -0.00239801621113605 -0.776823421424971 0.46939409965006
0.0119599365561563 -0.0116310135360854 0.118472125135213 0.733182754842574
0.0131610249527375 0.00481818076618471 0.500946131922416 0.224594704310208
-0.000614239992354687 0.00865790973366633 0.346910564388112 -0.165025302328092
0.00877468998835984 -0.0114943934270575 0.0457116439358237 -0.293663823796653
-0.00741179463460799 0.0225635893951852 -0.0713168215238138 0.233590147417165
0.00792613679042939 0.00826915161281086 -0.256459249717898 0.0868382914124011
-0.0137813459086667 -6.85015248963743E-05 -0.397616052599174 -0.214687444213099
-0.0115805575889781 8.49630246036988E-05 -0.0673226360293122 -0.584232173890741
-0.0139873693470175 0.00147810960585129 0.63740382877371 -0.385165942872843
-0.0272633677691798 -0.0153898969928182 0.671351939890102 0.324929710174884
-0.0128060059756895 -0.0119021271616505 0.0942466747497813 0.50594294042128
0.00252332833449193 -0.0313977743724711 0.0528652501813147 0.0749854049035543
-0.0142685695315511 -0.0368057149319501 0.157090652753272 -0.450540162608916
-0.0181423171097719 -0.0091691244671551 -0.51537039044645 -0.646447797450454
0.000512409338079407 0.0158752509345933 -0.914964166947442 0.201089316867143
0.00428280493287839 0.00301995005644522 -0.157786227751377 0.776973766342139
-0.010694868325897 -0.00897172852786767 0.395038993824743 0.367017411348657
-0.00171351122586605 -0.00294748963960889 0.360257096765706 -0.102662770292582
-0.00592269929528135 0.00907367061313482 0.0693095214843524 -0.298575981028806
-0.0103955048780339 0.0211451543689524 -0.0754703658514744 0.232310140831988
0.00181913544083872 0.0099426529938822 -0.256021047314795 0.0711909364146355
-0.0140730826453595 -0.000922933532485419 -0.381911123588618 -0.245567168930583
-0.00901657289874095 -0.00577060832570041 -0.0104088957166364 -0.593890024649501
-0.0160336350789522 -0.00209904913983968 0.678004680015167 -0.329518402944578
-0.0301292937920205 -0.0187508806084542 0.642622851348229 0.3823959967292
-0.0155498751570953 -0.0149819819357972 0.0661557305130757 0.504899799239294
0.000752596011651342 -0.0337735512142144 0.0559752000470288 0.0608542837907254
-0.0199310322022287 -0.0378747111929619 0.13029397969116 -0.468099138482232
-0.022304366211804 -0.00745707323958347 -0.565194323444571 -0.597452169948864
0.00195533638024777 0.0116716360540282 -0.885483529290322 0.281781460623828
0.00783154533166172 -0.00377347268676184 -0.081526802521126 0.777533134921815
-0.00960954753086557 -0.00806972426620991 0.422852256129339 0.330121002184827
-0.00753389690710851 -0.0019477820272786 0.357098437242428 -0.124098883783891
-0.00845720747512658 0.00646041305435432 0.0640004326266965 -0.297888277509877
-0.0102989108669931 0.0176875472253187 -0.081034786208217 0.232184240829969
-0.00304261231423995 0.0119983604148354 -0.254627699336553 0.0555107139105692
-0.0117602179982242 -0.000262179426363499 -0.356338326284499 -0.277770615406092
-0.00486444291452 -0.0124954158803497 0.0543058314464691 -0.598029710162193
-0.0152735276713999 -0.00665182406958349 0.717721531497198 -0.26268546524365
-0.0313105136315501 -0.0201167296297531 0.604440598102318 0.442818516933628
-0.0172334467373291 -0.0124641852012489 0.0312483757248641 0.503278701246146
-0.00229825846844333 -0.0296443157610342 0.0582159468659152 0.0439234930924548
-0.024766631366423 -0.0315110914657451 0.0975892708922787 -0.483937420498545
-0.0228974470155136 -0.00413669675708032 -0.620859573984231 -0.538589625123073
0.00362050022576995 0.0076407221124845 -0.844460191408622 0.36485464649462
0.0097922081483192 -0.0108287405990922 -0.000902451992716113 0.772654951817629
-0.00669246337077444 -0.00638481987140345 0.448093856683471 0.290117707780693
-0.0106515424892033 0.00132046125525137 0.351634211924521 -0.146211337103591
-0.00992408605773952 0.0038464417678849 0.0561567038247712 -0.297181386785444
-0.0080983676164815 0.0136564075248537 -0.0865980444290525 0.229418956691373
-0.00707375158999139 0.0129891638756193 -0.252342180304555 0.0412547993012772
-0.00831237046094752 0.000229199766671044 -0.332243654890451 -0.304989055118731
-0.00137129510589856 -0.0178862812912931 0.114213222224951 -0.598188804512671
-0.0143000518820749 -0.0113164297331445 0.744600629906654 -0.201850141525881
-0.0287073464928647 -0.0188286131730936 0.56402141449764 0.495216748805944
-0.0177899704590387 -0.0056041477229185 0.0011011614424593 0.501904728664257
-0.00641513732829299 -0.0202759106347906 0.0595070041605557 0.0318345768408422
-0.0271744366239748 -0.0223036387210751 0.0678275620506449 -0.494105662627618
-0.0208218063688162 -0.000514775667456779 -0.661920804114338 -0.485336598293655
0.00597370440091504 0.00392013554802383 -0.799997181667508 0.432686341119264
0.0103198397926282 -0.0144187510973456 0.0683563245703327 0.756192281374726
-0.00264909052171204 -0.00372521164107698 0.470850867242491 0.254219839423417
-0.0127671790369815 0.00444126974030303 0.344261233912924 -0.163722249244889
-0.00950249097560686 -9.92522207914886E-05 0.0501858892188919 -0.297069129092579
-0.00417377413894789 0.00962056711492918 -0.0907749570029758 0.227895657517424
-0.00735527654716084 0.0140653261070077 -0.250154598048525 0.0327865941305327
-0.00458839641202645 0.00179847144046886 -0.311524063382931 -0.321378584737654
0.00281537041883258 -0.0212901761414651 0.155528872387471 -0.596907952348198
-0.0117192417294442 -0.0148202110916267 0.759298629148439 -0.155958466313035
-0.0240357344592823 -0.0167017275691991 0.530622494955752 0.531449602267416
-0.018357354555986 0.00458986017258882 -0.0221576011006354 0.497302242732417
-0.0106095217025069 -0.00839002216361011 0.058531627271214 0.0233742227798519
-0.0264241304794042 -0.0108843038088633 0.0454193915248874 -0.501201809528061
-0.0163706272935225 0.00245803017769414 -0.692686588121434 -0.442955097331949
0.00696231405270945 -0.000203072272769468 -0.76550668250661 0.480640418298318
0.011225058698241 -0.0168685021172811 0.119441918468883 0.742308915071487
0.00120603674535343 -0.000521282712216306 0.487529314440814 0.225474934805079
-0.0120564533305081 0.00687804961935343 0.341458156364736 -0.174707225329634
-0.00687808041418305 -0.00447277174606944 0.0444437229768571 -0.29519391692711
0.00108231077120491 0.006980774624611 -0.0919995148074016 0.226311239736641
-0.0060854485329161 0.0156758039354674 -0.249211817864206 0.0286106280673183
3.69500292010494E-05 0.00464126942758586 -0.295007306772463 -0.329535014557896
0.00375917022570536 -0.022474930072317 0.183198873015235 -0.597370149334245
-0.00743052234324511 -0.0158824374431787 0.767636589411049 -0.130576970648746
-0.0169872975965612 -0.0112245613329394 0.507726431703927 0.551783698982069
-0.0179613435238051 0.0164589998339995 -0.0377517147022725 0.496399611756584
-0.0149387287170459 0.00584301299304482 0.0561401738134325 0.0190125428633562
-0.0234477586603793 0.00132205044389769 0.0285374790603494 -0.502620385536111
-0.00916895724847668 0.00638636712555397 -0.70935012490863 -0.418757482855848
0.00864238621559235 -0.00195300637323046 -0.746853159236041 0.500624751237819
0.0121357120023632 -0.0173141710700262 0.148356767879438 0.730401365303723
0.00649819945277885 0.00151351542253505 0.49796830900586 0.20841177477626
-0.00940184366970772 0.00932647458575194 0.338695063236118 -0.179160347841289
-0.00207474305565217 -0.00825709883825025 0.0416751370735014 -0.294480447772083
0.00612635513103799 0.00467702371072124 -0.0920118245899807 0.225573324833352
-0.0021609754589102 0.0164704237356446 -0.251991368176076 0.0294686274164477
0.00362242881179658 0.00675238884812911 -0.291083313447134 -0.329173806121153
0.00306298974527078 -0.0209988326277259 0.185238192133721 -0.602696554858274
-0.00492736954971477 -0.0160439128336281 0.765026482594836 -0.1343697473877
-0.0102295389804521 -0.00520369600462025 0.504357219143362 0.551652542550169
-0.0171289103216953 0.0292363564240259 -0.0399667497644757 0.496779831162445
-0.0180835736899096 0.0194033802464948 0.0526453219676535 0.0212238205983309
-0.0191930452672671 0.0127045181764993 0.0250205270522262 -0.50169842730747
-0.00101415945723546 0.0070978042991713 -0.713370920965994 -0.41853900958959
0.00964681061314012 -0.00344859925178564 -0.751470211619737 0.49908297342332
0.0118263405335606 -0.0151707688206958 0.146878993509059 0.726274590779948
0.0109362891981392 0.00325893305566888 0.505430409003442 0.208134741544344
-0.00559843088630455 0.00954028825346841 0.33990439672359 -0.176949102456642
0.00238595126454555 -0.0105464296730204 0.0409024073874029 -0.294107662196058
0.0113369647050444 0.0042404592772077 -0.0906738734224615 0.226441223603209
0.00343432562448089 0.0170539848510654 -0.254742136868845 0.0370120372922688
0.00522330012540349 0.00896389206323697 -0.297073640084842 -0.316722182227699
0.000980478915203873 -0.0178470023548254 0.164942426384521 -0.609148871276368
-0.00283250320319963 -0.015380565673131 0.756717750725235 -0.163540960907555
-0.0024824757920255 0.000982567847017703 0.523225413646202 0.531465770264093
-0.0144210627693292 0.0418943749598827 -0.0306572070355317 0.502417705650063
-0.0194414663410481 0.0306205951851015 0.0483231036177289 0.0282606125294697
-0.0138183222173704 0.022760938469277 0.0325267695503693 -0.496330367647099
0.00709543451734073 0.00950085227778856 -0.704337898646699 -0.439721523609974
0.0122892003416453 -0.00322798151033105 -0.77306272705253 0.474761454024602
0.0118415239421103 -0.0122115098986265 0.123392257062911 0.731949805743337
0.0134772904585505 0.00478635647807452 0.50085897563537 0.222509393904628
-0.000121445909067684 0.00852811149459136 0.345736078388851 -0.167310690560008
0.007923249978925 -0.0119705166979528 0.0432956874627979 -0.293885667705301
-0.00668250167753758 0.0221851834818085 -0.0689250351834029 0.23486594727392
0.00831408199449463 0.00729105321407242 -0.255388405714671 0.0878080426854802
-0.0135938366140705 -0.000145373333904055 -0.399520966256221 -0.211073540940398
-0.0120464657821107 -0.00016519821671054 -0.0699707518368324 -0.583412615365074
-0.0131869569843961 0.00228387162417293 0.636358989198213 -0.387299262481467
-0.0274505839914352 -0.0154502845255296 0.672221487340237 0.321699911473487
-0.0117089952690699 -0.0118217512347161 0.0953234414757092 0.504312768951307
0.00273103890248081 -0.0315986125860308 0.0536465893859815 0.0747409374116524
-0.0148224793581082 -0.037170952074945 0.155160846727325 -0.451528599303612
-0.0184972102592321 -0.00975606318449852 -0.516232029780091 -0.645444014037938
0.00112195310052761 0.0149305387025444 -0.915584032968778 0.20612238601682
0.00405065325118055 0.00359399093939316 -0.153079401824944 0.77724913614604
-0.0117337809154956 -0.00861131944433708 0.398485015178463 0.364525644108329
-0.00126522378005413 -0.00352707139494391 0.360392703015438 -0.106597742961772
-0.00534480373323478 0.00854518063265888 0.0670386074225367 -0.300075404237012
-0.00999469281996438 0.0206846511656239 -0.0750753063664534 0.233678555858169
0.00228824643933478 0.00999455834736731 -0.255167100140365 0.0720780381240716
-0.0138454778911122 -0.00146768226298425 -0.381833058376216 -0.243202828832027
-0.00928629104150795 -0.00632805564858769 -0.0148004864619184 -0.592100593603373
-0.0156501011427101 -0.0014375118179242 0.675792631268746 -0.334133276890322
-0.0310902798537536 -0.0182695066007446 0.643813603732433 0.378662606356754
-0.0150216795004294 -0.0149613956315892 0.0652679691780747 0.504196273366616
0.000430558141689282 -0.0332798860678938 0.0556980948741803 0.0596278748028537
-0.0202083053519931 -0.0374228753056819 0.128524527419568 -0.467716800382151
-0.0228929825734737 -0.00814979245148716 -0.569377372905267 -0.596741614008828
0.00219912639601759 0.0108760936275724 -0.885936300088035 0.285595272171603
0.0082590311574174 -0.00352506071561225 -0.0780933668157133 0.779196370647676
-0.0101697731380091 -0.00782193031153542 0.424588182188847 0.330172360488291
-0.00712426513265296 -0.00162038034226138 0.356704055361093 -0.126258709028279
-0.00905230483129516 0.006458262643397 0.0621570205468175 -0.299103831919742
-0.010140836751112 0.0169887436951724 -0.079965414000249 0.232084790118709
-0.00275893253983448 0.0118520016444893 -0.254235720567824 0.0556862443060743
-0.0117217511975606 -0.00099090364841916 -0.358781750321512 -0.275509842829094
-0.00547903932514018 -0.0129593670944302 0.0506879714126015 -0.597217358119212
-0.015660861470799 -0.00653855314632969 0.714350167655577 -0.266425620469414
-0.0313169805490765 -0.019760662803477 0.605022711990724 0.44148971579666
-0.0166352616555778 -0.0116770744761474 0.0319871224737517 0.502220002550102
-0.00127699623164832 -0.0298207958846752 0.0595433282636083 0.0445159708069003
-0.0249362529523019 -0.0317477231543649 0.097787554191061 -0.484644421299438
-0.0228384963087518 -0.00455052306334133 -0.621267021400329 -0.5370697242733
0.00468642217506994 0.00682652836483622 -0.839832596058467 0.370928959909566
0.0096123573776966 -0.00978482934872863 0.00150208274151143 0.771117570223062
-0.00740021514212371 -0.00705628357028901 0.449665493137241 0.287925338579816
-0.0104196885111092 0.000734399034121895 0.349681084993969 -0.14855178417038
-0.00952150327265496 0.00313118295302198 0.0537138827412739 -0.298175922531241
-0.00773907223805716 0.0141294332272305 -0.0855937634578776 0.23045593203538
-0.00632798308156401 0.0127734075585291 -0.252547416277903 0.0419283853944158
-0.0074845380024925 -0.000115987645115484 -0.333546114112741 -0.302346435306928
-0.00179121468744855 -0.018007277193275 0.10943489311584 -0.600923835885868
-0.015156825122655 -0.010475928761724 0.742891065416679 -0.204645839234485
-0.028989300027025 -0.0189431941512392 0.564949356532414 0.493064903582916
-0.0183642507966059 -0.00537694605679762 0.00263249438742581 0.501096707994753
-0.00594978177831373 -0.0203738428037853 0.0594895971598489 0.0316444154377512
-0.0269650507714731 -0.0218775996270071 0.0660164371544089 -0.495110621904057
-0.0209106429365979 -0.000241875669853422 -0.662958603583169 -0.483448044227242
0.00576279549937745 0.0036977639630097 -0.795645841560673 0.436439357643002
0.0107719598870337 -0.0149493912563252 0.0719587768645816 0.75838081924986
-0.00276926920346047 -0.00380980490232377 0.473768671712941 0.250913173464563
-0.0121059131696248 0.00477243375736475 0.343858047320712 -0.16552510633754
-0.00947931860490327 -0.000803211846489025 0.0475436272000765 -0.296409035929764
-0.00371668237564736 0.0101659705244245 -0.0879652264895064 0.229186082189287
-0.00669886464095794 0.0141863504700275 -0.250837833842541 0.0332793215554144
-0.00409501961282026 0.0021251398150073 -0.31359419005682 -0.319872695296954
0.00193824188987218 -0.0215131173872837 0.153638188685734 -0.597242970876318
-0.0118883159507159 -0.0140894451132087 0.758897464198496 -0.158965231634109
-0.0239583434450017 -0.0161993919115502 0.531620510227958 0.529182490391935
-0.0176601371045747 0.00451883343571301 -0.0202713506001805 0.497175740612278
-0.0102277862693843 -0.00846794760651508 0.0579751263394654 0.0232354836109213
-0.0262582577882404 -0.0109865258726075 0.043751679796706 -0.501020497835622
-0.0163585530135933 0.00349677333921062 -0.693536780861158 -0.441676299739045
0.00697583191176389 -0.00033266969203106 -0.763694584881608 0.485045970186803
0.0114734369522962 -0.0174978232290822 0.123018528761221 0.739896106503977
0.00187892019088421 -0.000916738795909201 0.487169351480777 0.222492125866277
-0.0118529108359478 0.00761458732771434 0.339828738010576 -0.176571610524756
-0.00784857301065437 -0.00425918130429196 0.042398992156583 -0.296437829412179
0.00136378161573304 0.00648516404732284 -0.0912876727744475 0.227783338617677
-0.00634456855257025 0.0147022728587882 -0.249717781612497 0.0285582461321415
0.000494858288910038 0.00509347050141633 -0.297121864956221 -0.329443638803844
0.00411849389323088 -0.0224266072649077 0.178720092727668 -0.599357859950841
-0.00850639536102336 -0.0165772802257065 0.765981906970391 -0.134374220023139
-0.0166080320334533 -0.0100081381488686 0.508991004166696 0.549308078647878
-0.0176349649952032 0.0173958692543877 -0.0371893056902035 0.497512623911973
-0.013938811779566 0.00575095220023508 0.0563742720267367 0.0190568729321082
-0.023305656097767 0.00190650008538203 0.0288070975808845 -0.505055669099734
-0.00948973012441861 0.00611592823151922 -0.710280803701551 -0.41655987264941
0.00828437812018655 -0.0027815751428966 -0.745006778534204 0.505703566601148
0.0116474639218571 -0.0174681416106547 0.151006207376906 0.729342370899657
0.0070117256441989 0.00165971905082583 0.501500402325635 0.205485030127014
-0.00972518434452462 0.00949738432473768 0.337479028725392 -0.181297045813264
-0.00257015732197387 -0.00732917652667471 0.0393768968519967 -0.296016998645666
0.00768439265246986 0.00388168718923306 -0.0903213259844139 0.227303818661468
-0.00167193769667 0.0158521552601106 -0.25113995643074 0.0306703723779972
0.00399906696838652 0.00702891364171835 -0.293864368991409 -0.327281878771926
0.00286816496503767 -0.0220111829002146 0.184937816018615 -0.60439385631798
-0.00520319545343572 -0.0163767925854764 0.767202201503948 -0.137095499088601
-0.0103108596216305 -0.00428515704672081 0.507121059502798 0.549936573856978
-0.016503361824522 0.0298740607351397 -0.0379924761691641 0.497789745975454
-0.0173186532157662 0.019216349510936 0.0525557313146305 0.021013667113441
-0.0188447149852741 0.0138477565522648 0.0237999540639005 -0.500252167403059
-0.00129790464226351 0.00783471392188896 -0.71363129288699 -0.417224415457494
0.0102685157717908 -0.00339939666469723 -0.749688325607829 0.50490629892731
0.0115742713447515 -0.0162029602305362 0.151285113841286 0.725804197010307
0.00948505288680968 0.00399419562647428 0.503819848141396 0.206428130137748
-0.00605117632603904 0.00974044136068746 0.339020952535325 -0.177455314461898
0.00182148238677303 -0.00993232962349925 0.0381822818145314 -0.295256798953438
0.0117103725179461 0.00364621842385312 -0.0881134161122558 0.227920158239601
0.00360477813639564 0.0165958410208981 -0.253762512235697 0.0387404466402405
0.00541411869552773 0.00884077249006367 -0.299460456464023 -0.31649779926609
0.000674292929460698 -0.0185986519068639 0.161037681187851 -0.611430840672462
-0.00298202903932689 -0.0155049426315662 0.75573762654721 -0.167522254755649
-0.00288241688280412 0.000683667338595075 0.523007371945854 0.529961101259776
-0.0141976997023653 0.041921512584462 -0.0304250341735557 0.503053803607769
-0.019857207005083 0.0319239768648299 0.0488970422835118 0.0288060013685103
-0.014036785874331 0.0229347031901975 0.0317342120092638 -0.49577176172758
0.00753483842215948 0.00936497652169283 -0.705176268580949 -0.438289329358672
0.0123497752608117 -0.00480610228115944 -0.771581070396384 0.481775864828748
0.0127040563257364 -0.0117831932228762 0.127448673722585 0.731906927901412
0.0137303809257285 0.00404237116033112 0.503015795453616 0.219715847838134
8.775986918114E-06 0.00864053402590908 0.343699567300129 -0.169588222426158
0.00724664146677405 -0.0125475337903981 0.0406379829636785 -0.295954408984605
-0.00912063750385454 0.0229012780179748 -0.0654503597832565 0.2322009534295
0.00794026659489745 0.00523777369683313 -0.25405753126104 0.0914435809667794
-0.0136624874390377 -0.00302486269539702 -0.400410906110765 -0.205166466074937
-0.00815428751449369 -0.000907132008666931 -0.0753591221766488 -0.580652838532303
-0.0118687042040503 0.00766510700591317 0.631878362012211 -0.395897274487795
-0.0298200002857488 -0.010113163597622 0.673165490297951 0.313147122131963
-0.0125256732280786 -0.0112823958381771 0.105923574588645 0.498540899087493
0.00181604458283557 -0.0312296216554312 0.0537167705609439 0.0730841970426496
-0.0156788815692997 -0.0362918592962476 0.148426051479876 -0.450204349506358
-0.020288991914076 -0.0114975704470924 -0.517084939625398 -0.633852380190529
-0.00290709969638816 0.014096060540141 -0.905547760384042 0.212433271925367
-0.000650343565819004 0.00462906282260112 -0.135515912409851 0.772659260195449
-0.0141395729850077 -0.00538331903179502 0.402099479317925 0.351984966703369
-0.00228786314826117 -0.00207923952852772 0.353360845685479 -0.110372704231759
-0.00414889382584891 0.00915538440543324 0.062372576315898 -0.297877280580732
-0.0129110639471182 0.0214689431002052 -0.0698306123380052 0.232369252139143
0.001206130271637 0.00752205155358456 -0.253730083764211 0.074729466297549
-0.0129157775374645 -0.00467337451999632 -0.384549926588372 -0.237480769263459
-0.00635391876038445 -0.0071749422946464 -0.0195988450962988 -0.590507766306869
-0.0142530206556668 0.00380153539307291 0.673075951907335 -0.341917065570764
-0.0339849338522047 -0.0131147762156973 0.645908771250245 0.369762272802573
-0.0162003794382332 -0.0138395886403542 0.0739825827749546 0.500066522426291
0.000456029925477378 -0.0328020399503936 0.0576310899204723 0.0579069657269537
-0.0201684925008533 -0.0370450978766421 0.1219685011922 -0.465994684102528
-0.0244324257134311 -0.00943213388425755 -0.568170606509875 -0.585099917453274
-0.00108801519708537 0.0116095650285867 -0.873315446965738 0.292875682519985
0.00205108561592122 -0.00182310099094269 -0.0598879068159665 0.772871628212223
-0.0119738265290321 -0.00543881819172521 0.427476086392153 0.31586750843019
-0.00752877481050395 -0.00010482437083285 0.347110696018484 -0.132274757852149
-0.00827083228590831 0.00695923271530586 0.0556729268942586 -0.297553433456946
-0.0122744038064239 0.0176068760566915 -0.0761187321118607 0.230899873116434
-0.00358248003425589 0.0101912101601188 -0.252052750630129 0.0595255855710555
-0.0107609864405253 -0.0038554275403436 -0.361976220686474 -0.269143174407669
-0.00196430184624093 -0.013275679325361 0.0457995282942674 -0.595977549484413
-0.0153121584571885 -0.000609970303854398 0.713529341691037 -0.273362352500302
-0.0344186205021136 -0.0152492861447261 0.606525096542357 0.433988906745598
-0.0173399522274967 -0.011658888694268 0.0409986488574795 0.498008962741963
-0.00253765749802175 -0.029124489158618 0.0589672374413844 0.0417722525683528
-0.0246855008805693 -0.0311314075035843 0.0896314190973997 -0.48247597203558
-0.0248883017563156 -0.00551915480655957 -0.620946554160432 -0.526149343728157
0.000723982616428139 0.00669182031031169 -0.827463724462741 0.37446641005074
0.00511594349464053 -0.00789948479437745 0.0199867117901445 0.761741061507843
-0.00857770136810873 -0.00349319027245656 0.451598245864873 0.274593707362215
-0.0112060094571085 0.00283839338801514 0.341853306199405 -0.151589156292506
-0.00917274649162686 0.00382776620558489 0.0484597847266632 -0.295591559238074
-0.0103083502756465 0.0143047230070227 -0.0801813995506935 0.228838492203684
-0.00776912631850032 0.0114542701146022 -0.249529306695612 0.0454637749315508
-0.00692226226650919 -0.00262273463655291 -0.336814078357084 -0.295494297439496
0.00299313038184101 -0.0195115128439869 0.102551488666094 -0.598922509173167
-0.0138485588063484 -0.00617306026311769 0.741437471888606 -0.214189421466572
-0.0323528234052063 -0.0147290957646362 0.569135867874579 0.485353551210161
-0.017694969510223 -0.00474699106709542 0.0093074203175398 0.495195034581586
-0.00681685614673656 -0.0209555202826211 0.0586230161772781 0.0298594788566338
-0.0270060553692084 -0.0208539221694623 0.0607545424183647 -0.491821548711198
-0.0230057036052478 -0.00130205782787353 -0.662510378326656 -0.471324265042537
0.00211585185958462 0.00376175753990658 -0.785416429880568 0.441465041578574
0.00589301463571115 -0.0123519457810692 0.0881724637022933 0.746942333265689
-0.00424873727782088 -0.000650574435288482 0.474009082804686 0.236894720453101
-0.0123086543407386 0.00628024978228359 0.336080254295472 -0.168738710176845
-0.00852485841370508 0.00040717847443651 0.0409775598659579 -0.294762911014169
-0.00572263946565318 0.00873605994454995 -0.0836296329989481 0.227285622338991
-0.00844012636275114 0.0118723830674677 -0.249391038132062 0.0359194601438429
-0.00223611141945732 -0.00055715285896294 -0.316714341339531 -0.314012400353758
0.00581714585890181 -0.0222841362623125 0.145846739171036 -0.598215928523931
-0.0112844006889185 -0.00885991695998467 0.757141850322263 -0.168026542675228
-0.0278257706665561 -0.0114041501822427 0.534695669541276 0.522340357444909
-0.0185527776403515 0.00505613146468934 -0.0138927653493686 0.494083081320028
-0.0103470805574438 -0.0080082145024773 0.0580107318109258 0.0213582606063161
-0.0264659372551483 -0.00973556407640804 0.0361943553176126 -0.498277796944045
-0.0178975408396203 0.00132347956223228 -0.69284962277998 -0.42975467913384
0.00336248728731922 -0.000494440129210236 -0.751846457289406 0.486035961572064
0.00611345503452719 -0.0141055451151251 0.138460353793771 0.729529818310463
0.000209990086030853 0.0018276432410604 0.488011037511329 0.206769506611955
-0.0116025225675253 0.00979835876655105 0.331259966064723 -0.179418561858806
-0.0060195467840295 -0.00352321868824713 0.0355771495260836 -0.294945161491203
-0.000539436409424225 0.00616741490497702 -0.0863613470875324 0.225609893478652
-0.00653083790052827 0.013251869323896 -0.248890431761532 0.0316223879620397
0.00125119465783424 0.0022608702826789 -0.302092935819216 -0.323934877148429
0.00784665087360038 -0.0225237466005409 0.173692885897851 -0.598135949355215
-0.00839201579442771 -0.0112635169090428 0.764854256365275 -0.14217056052822
-0.0208432286395103 -0.00646013771852934 0.513233660959174 0.54160193482161
-0.0185041438807108 0.0187348312401475 -0.0276373698908921 0.493098366164498
-0.0136785825543529 0.00577956535891663 0.055880839640272 0.0178043403283035
-0.0235090564101808 0.00342681076628671 0.0204035588094159 -0.49898568876153
-0.0115993270469993 0.00457139329444341 -0.708206623518979 -0.404689556393977
0.0040773744331111 -0.00319020836727895 -0.734556506947995 0.505853719555792
0.0069996107332214 -0.0138396610821329 0.16456177566536 0.718160194674379
0.00509369268261362 0.00473895076083047 0.498163038541001 0.19211636136964
-0.00998340767258735 0.0110767103672314 0.329855851699711 -0.184135962527477
-0.00239766209160767 -0.0081103979906643 0.0328866876712632 -0.294223011549083
0.00470762695084885 0.00381441912230248 -0.0859559186007062 0.225666158371808
-0.00274185405824224 0.0147861196663928 -0.250955837122599 0.0344387265659995
0.00543963556960288 0.00478381226135198 -0.296359185516622 -0.322325630576476
0.00719394027162293 -0.0211111872099115 0.176985515851952 -0.603133968210663
-0.0048993488453405 -0.0115967034061513 0.762556723763311 -0.144323923674525
-0.0136557366297994 9.75891888714379E-05 0.512892633139214 0.54125400401296
-0.0171049775296953 0.0317249879411305 -0.0302422237983917 0.495712720852266
-0.0167963297890747 0.0203177410890019 0.052117129869751 0.0196808975558778
-0.0189268111233396 0.0143822949868566 0.0166260825890574 -0.496468992012471
-0.00316414437694681 0.00645189022284454 -0.711003458735632 -0.404394551835468
0.00530279334437483 -0.0038537687853491 -0.73502728896588 0.505987076455968
0.00664899888402818 -0.0116136206048615 0.164453356414166 0.71431610108017
0.00908092454856586 0.00583915407882649 0.503515993949492 0.193063291422509
-0.00484231266347154 0.0110760414662249 0.330395952372859 -0.180840308256686
0.00173602265070027 -0.0107650396852246 0.0341452408025744 -0.293876480817456
0.00966919295287078 0.00391524509965872 -0.0840851371638373 0.226159320854737
0.00229825517971484 0.0147800415804995 -0.25320818183235 0.0415392142300724
0.00635470693779667 0.00676013488418467 -0.302966849790908 -0.311379244167141
0.0046619001844004 -0.0181195328018487 0.156293761938623 -0.611512173201126
-0.00281746372283381 -0.00982655220982003 0.752495705173444 -0.176924485490637
-0.00573817152941442 0.00544685564885471 0.528082140641689 0.521739568424857
-0.0149966816025852 0.042888291671094 -0.0206862821462024 0.497843001278527
-0.0179759324591083 0.0313298497484708 0.0488112796779701 0.0279401486085809
-0.0132933335726225 0.0225902233517294 0.0240372874448702 -0.492612814478117
0.00522056013732735 0.00794160947928017 -0.702773351352722 -0.425364620768706
0.00867313783196975 -0.00381606650708193 -0.759166325348126 0.482758925335785
0.00766281850979702 -0.00945531834496925 0.141202676685463 0.720296277636681
0.0123309131617022 0.00706568522229222 0.502640847572337 0.204790469524015
0.000429883025369076 0.00983253541121998 0.334953631206684 -0.17352406402453
0.007611451595775 -0.0123003967897845 0.0361366469082985 -0.294015908369738
-0.00936551624008586 0.0227546029202049 -0.063766825017445 0.233701322980549
0.00820463989221611 0.00476477450038801 -0.25354008930498 0.0912712346645007
-0.0138529832398511 -0.00321056253509774 -0.402558416173314 -0.204427749928784
-0.00795572521647377 -0.00116455598420401 -0.0768513328196422 -0.580774556596647
-0.0127540274875021 0.00806323926173848 0.631675700346856 -0.399459322835995
-0.0305838293895614 -0.00999588275144678 0.673761507322886 0.309931413418618
-0.0123668132772781 -0.010191200314086 0.104755297968574 0.499497879677366
0.00208750856354822 -0.0305575988191473 0.0553782469007464 0.0728478577888669
-0.0156921703446888 -0.0361162777288686 0.148351046066903 -0.451098925735449
-0.0204757112093522 -0.0121848591307684 -0.520946533615734 -0.633886033799731
-0.00263309251569066 0.0140825715280841 -0.905557689817321 0.215606853117677
-0.000536284691778958 0.00467396255175049 -0.133387172879557 0.770877761151026
-0.0137592948114744 -0.00640066422363028 0.40345103457617 0.35096769512142
-0.00227160878387372 -0.00248802526911185 0.352484338367164 -0.112513936550795
-0.0046983682432438 0.00907406628251272 0.0597869034351485 -0.298792461613662
-0.011343033039502 0.0209701408460354 -0.0684895360108323 0.232719271049236
0.00210918955194275 0.00742750250606814 -0.254558796859801 0.0763060277331665
-0.0132358202799069 -0.00417631601588655 -0.385395777882916 -0.236077301059606
-0.0060699789905043 -0.00784544394904443 -0.0207215007673328 -0.591877705382322
-0.0147713253637318 0.00380692418224579 0.673396039333923 -0.342733231842234
-0.0342881381643128 -0.0125962549962765 0.646724268462322 0.367812936892534
-0.0152554071299228 -0.0135521282250996 0.0753600116560355 0.499861385905424
0.00066951207905705 -0.0334789027431594 0.0567823866546674 0.0568945427121505
-0.021391515298634 -0.0364012743345934 0.122129711147694 -0.467275445773906
-0.0249337233906082 -0.00950238878265237 -0.57042066739104 -0.584805486728909
-0.00139837592658227 0.0103624126731087 -0.871929623162179 0.295508340199743
0.00161421415819656 -0.00199002603190354 -0.0577085644942154 0.772517887358038
-0.0122691949319913 -0.0049503417487143 0.42789153129561 0.314116292686551
-0.0068736945842364 0.000138013295155348 0.347154759135796 -0.133224826613087
-0.00841899730750607 0.00697653279429467 0.0533015711179377 -0.298574142467452
-0.0119265718750753 0.0169353391779261 -0.0734488444846707 0.231652187196456
-0.00373548566150394 0.00791178462879029 -0.251906163042398 0.0593968062591411
-0.010432750313447 -0.00393770167534864 -0.363815849720978 -0.267825774144717
-0.00203318638590747 -0.0140461668573584 0.044400145202721 -0.597803431012973
-0.0155983200496286 -0.00084761716240543 0.713948669953292 -0.276600063845919
-0.0351048383969898 -0.0143571467737965 0.609682729892667 0.430778535546997
-0.0165242065624034 -0.0113656855847467 0.0407741198712024 0.498683950103775
-0.00180817709262408 -0.0287091094685753 0.0586646998319691 0.0417528646965681
-0.025325966126765 -0.0307375555184032 0.0894118371353548 -0.481241813665475
-0.0250431762795076 -0.00624685048223596 -0.621411585233122 -0.525375105471577
0.000770716350814903 0.00697091612117578 -0.828024351871882 0.379359065101425
0.00468123765279474 -0.0083161359085292 0.021717957898224 0.761851997411858
-0.00948107762887847 -0.00376055059708423 0.452932958419928 0.273640015851657
-0.0104149754263545 0.00253319654817742 0.340244146675212 -0.154183086197965
-0.0100897954260465 0.00381242116085732 0.0461323123203835 -0.297065065297116
-0.0102388683014287 0.0139693492194117 -0.0785009767570288 0.229721217165547
-0.00692837050656152 0.0110180318874316 -0.250513207872549 0.0455832340325766
-0.00718834673254996 -0.00265365824629633 -0.340355020378117 -0.295532907832693
0.0017876287956801 -0.0188046321572821 0.101066292051554 -0.598599407122312
-0.0146507264457604 -0.00564372739868335 0.741579488204673 -0.214971274718778
-0.032838615460136 -0.0136978257292063 0.569213874466454 0.483646883071271
-0.0186624193670747 -0.00421052048536607 0.0102592618922806 0.497237561792408
-0.00651379996385416 -0.020466409842194 0.0588668001156738 0.029823139433872
-0.0274241401244845 -0.0205889194330545 0.057759819082946 -0.493412137382015
-0.0233058173313601 -0.00155353516902047 -0.663804402995884 -0.471975692754311
0.00237037222419482 0.00261678383369405 -0.784631529468982 0.444996853466264
0.00589748293176076 -0.0119950078434991 0.0905262865038429 0.748020582904605
-0.00401980359218139 0.000393807902610453 0.475297136134002 0.235563209356528
-0.0119056193191476 0.0061007860191063 0.334571021289481 -0.170344685483444
-0.00928817968759159 -0.000330020847115612 0.0404584940238605 -0.295210903009923
-0.00573367865056821 0.00896977847940561 -0.0826645263529774 0.229141482549638
-0.008223768300967 0.0120797850267554 -0.248704973848642 0.0386854240698503
-0.00219020019137743 -0.00105280775222227 -0.318347339512133 -0.312367800507696
0.00551804426351115 -0.0219029934936347 0.144505252011731 -0.599225788331673
-0.0117848256533172 -0.00903617935950522 0.758608242907604 -0.17008118600529
-0.027790493796314 -0.0114731574235679 0.536385322519569 0.520845840662776
-0.0185111275290668 0.00561029387269463 -0.0137081188155906 0.494003399727262
-0.00985200779499089 -0.008143202172621 0.0577766757650308 0.0216044551152978
-0.0266118274222218 -0.00872643457517924 0.0356487689939898 -0.498893759329474
-0.0183063971042608 0.00103467632316583 -0.69305840379694 -0.426896067261708
0.00345118182877733 -0.000285442965409957 -0.749867756769934 0.490152930488314
0.00657918705966199 -0.0140197559256228 0.140392319404636 0.729718922884131
0.000512650314322774 0.00179697337609913 0.491070578197467 0.205081060426032
-0.0120949757766106 0.00940422050625307 0.330497726857667 -0.182664339548776
-0.00683395821013048 -0.00269166528688572 0.0348518695467859 -0.294332110399426
-0.000767085844846584 0.00552058191012658 -0.0853765249487794 0.226593153896371
-0.00621455823494301 0.0127596680643091 -0.249153847291422 0.033053217036694
0.0020793719145041 0.00211892265358777 -0.302928081477988 -0.323578173243165
0.00861886111484926 -0.0228321330613915 0.172583050771965 -0.599861895505572
-0.00809256218415107 -0.010494818945573 0.76561580812426 -0.146377706012636
-0.0210760696425407 -0.00593283544576128 0.514054912715902 0.540823354799374
-0.0185993697158636 0.0182627449906364 -0.0288288508464986 0.493811536024191
-0.0131697887741191 0.00664373516550313 0.0552845514773535 0.0173827993850799
-0.0224418392154411 0.00317312268924194 0.0207007380679302 -0.500235985758692
-0.011074798573388 0.00459128626508011 -0.709743443166798 -0.403766012309889
0.00481311831756549 -0.00297875959172502 -0.73269393456789 0.511067738428019
0.00709131585513319 -0.0145528062984663 0.168342081234346 0.717494609812861
0.00604497351886572 0.00434643227791418 0.501219589616966 0.189977151273346
-0.00931547522564518 0.0112517008325318 0.328201023810194 -0.186015502958154
-0.00338316945737252 -0.00765927628151042 0.0316976741064565 -0.29418653951741
0.00480541438397489 0.00319037467003918 -0.0850189212740447 0.226905157136922
-0.00191698094861044 0.014195478724016 -0.251574591708244 0.0345370753364867
0.00428007371184772 0.00453636921081828 -0.299179084153587 -0.320362475690255
0.00794580369442813 -0.0211058005702991 0.174613859430558 -0.604938639329085
-0.00507585153150027 -0.0114666004822363 0.763199231136228 -0.148719345307077
-0.0142573788541986 0.000856518826929473 0.511951298434103 0.541654693937729
-0.0173701696064402 0.0306403840458259 -0.0298157295045228 0.496126172285806
-0.0166589889576532 0.019911636458874 0.0526277674781983 0.0206086992042812
-0.0188286442720065 0.013249670992791 0.0163867063717868 -0.49779566098533
-0.00304677980642382 0.00652493534613983 -0.71319967154488 -0.402105507747394
0.00582304301385448 -0.00433055876681036 -0.734283717677835 0.510276512000708
0.00753584777196042 -0.0132046445118936 0.167104855264507 0.715211283293173
0.00936422621447095 0.00624343111142632 0.504744831442439 0.188534093979178
-0.004480510544392 0.0114056155172542 0.329860560039886 -0.183118691512519
0.0015003936124032 -0.0103910209500984 0.0307573978718983 -0.293645520594769
0.00993016691421576 0.00364936084156552 -0.0820129478834422 0.227609737425105
0.00244061236847268 0.0140768416807656 -0.254156487954447 0.0421083477506639
0.00688335156724365 0.00670956136535951 -0.305380211552434 -0.309065537035406
0.00437912216684985 -0.0182395167050475 0.153455014006799 -0.611337621058528
-0.00271956705642562 -0.0098196273632556 0.753919120572956 -0.178481063311122
-0.0063099090942412 0.00547625930121484 0.527080413881935 0.520072160365577
-0.013485223348778 0.042764339951214 -0.0204089524950762 0.500049117505665
-0.0183846690024314 0.0320837322697709 0.0485098260428542 0.026952672113293
-0.0137157894741529 0.0244387917621838 0.0227875420538328 -0.492229190784937
0.00464887608899054 0.00764543767163362 -0.704902029457402 -0.42334014566974
0.00792864018482433 -0.00401535282534611 -0.756737812845513 0.485382754000302
0.00747194052412644 -0.00932707993538041 0.143712977851014 0.720307700380605
0.0127317899986616 0.00752898104346309 0.503995819592422 0.203735034094812
-0.00032268858132178 0.0102447295741724 0.334645928806952 -0.174995601909
0.00623459945086427 -0.0125367677010995 0.034981306946181 -0.295507984434592
-0.00866693404914797 0.0229408365549597 -0.0617108148754194 0.234684021220088
0.00837528850119409 0.00450815932704332 -0.2544780996134 0.0927831957921215
-0.0134330450289264 -0.00334852886189177 -0.405122383042063 -0.201605141874053
-0.00851696033345097 6.87620548653536E-05 -0.078312490684605 -0.581341393253703
-0.0119027555857673 0.00866611647832587 0.630324078142341 -0.400957575272795
-0.0301584358849327 -0.00979302760051227 0.675729843914312 0.309126036560691
-0.0122666467432559 -0.010842287541425 0.105319948152868 0.500037944830404
0.00234988297807409 -0.0304284698265866 0.0543849584405065 0.0717157906125622
-0.0159836095617062 -0.0354746729312582 0.148175198571292 -0.451392201958057
-0.0209876280094158 -0.0126419181277227 -0.52252198343211 -0.633504056995717
-0.00224072708796515 0.0132660306118303 -0.905026252503193 0.221485102960698
-0.00054189767039917 0.00462437588080252 -0.129431319692392 0.773347076265655
-0.013620112422907 -0.00508375718807525 0.405225077921828 0.349320521210515
-0.00162365211200538 -0.0019708962076764 0.352523661249452 -0.11451031446889
-0.00532390937717305 0.00943981218650912 0.0576766889849627 -0.300560710996541
-0.0109298313702668 0.0216370773350545 -0.0664075642797411 0.234295691829703
0.000566582967882954 0.0083252917091979 -0.252723248623129 0.0765553651802676
-0.0132139362274343 -0.00424271042281727 -0.387689130016619 -0.234812947951958
-0.00552211527383616 -0.00703429219801523 -0.0228333537333388 -0.592604924847217
-0.0149214154404496 0.00414217285265145 0.672263273565433 -0.347033284698334
-0.0344514777062157 -0.0117781382226364 0.647555855358649 0.367025548904534
-0.0145052385790519 -0.0127376884479005 0.0747885345411796 0.499120914192518
0.000352911408970481 -0.0333130251280554 0.0565414165162851 0.0578385839192149
-0.021001233454351 -0.0360686611713956 0.121601253467561 -0.468433845118765
-0.0245557298047505 -0.0105719786409501 -0.571224253704586 -0.584347655015673
-0.000811698960011369 0.0107298126712346 -0.87246628934998 0.299429361690489
0.00246178866207907 -0.00194537655925777 -0.0564746332105902 0.775190170077038
-0.0123531881482932 -0.00521729714636349 0.430534472053559 0.311730470274057
-0.00727156425326219 -0.000180854847539412 0.346853177697114 -0.135768123609213
-0.0088923205959096 0.00673747087001194 0.0516714810517746 -0.299078517976389
-0.011355448743193 0.0174907163462518 -0.0722801713385836 0.232985070761647
-0.00335498349308565 0.00878875799363349 -0.253750720696051 0.0606900902181082
-0.011548290551332 -0.00329850151099307 -0.364361126863426 -0.266661521698607
-0.00303848073976274 -0.0132940640608626 0.0411424954414381 -0.596133077332159
-0.0169468348108995 -0.000910287466635643 0.713235188343977 -0.279661550570444
-0.0355437969010945 -0.0134461606615153 0.610472284503623 0.429970510988933
-0.0167957371920122 -0.0107377530961469 0.0407650469436855 0.498637678607023
-0.00286949223963796 -0.0301437388064932 0.0596393534261069 0.0423105564232649
-0.0248488395830183 -0.0305715440792453 0.0870209505085312 -0.483012467500779
-0.0257781551918839 -0.00638205172661921 -0.625159993144288 -0.525359061890165
0.000928513512883207 0.00596591851197442 -0.82655412312353 0.38352671908788
0.0050809681477517 -0.00828262640765695 0.0248372618436753 0.763380682825073
-0.0100583069852218 -0.003103826778489 0.454532666607111 0.270798701496174
-0.0111869109025175 0.00325245927557671 0.339124723414382 -0.156241368349195
-0.0100391864941427 0.0034988305440824 0.0442155297585189 -0.298741211623772
-0.00943804957794923 0.0134000843009151 -0.0769761972774517 0.231351438050427
-0.00767942764780761 0.0109089051086662 -0.25132607217791 0.0470975948502505
-0.00653368029512221 -0.00242500416876303 -0.340772471214404 -0.294622792920857
0.00271096721791619 -0.0184690470698389 0.0990754088248756 -0.600184168361756
-0.0149003038697404 -0.00485103609400873 0.741858255650474 -0.218596000700919
-0.0333670885039676 -0.013554322267574 0.572139300898447 0.48363324742337
-0.0174955332027738 -0.00428521888833909 0.0104041673930888 0.49849186773685
-0.00656289690294149 -0.0203545696850469 0.0590899742295703 0.0289231443765692
-0.0275361571253087 -0.0204566397798749 0.0589113650746085 -0.494249899210517
-0.0238071576995484 -0.00167218045238369 -0.666248542365866 -0.468803721570093
0.00211681707245316 0.00300500655458318 -0.783780595620604 0.447520012280332
0.00580221421305926 -0.0115236110776152 0.0945680432587796 0.74883218207698
-0.00523575385208602 -0.000377299671052149 0.476908249705931 0.23368247283507
-0.0114612892644881 0.00642123390866848 0.333030393358732 -0.1733951871224
-0.00997052317258393 9.87450096802435E-05 0.0380052319895511 -0.29641043529189
-0.00495442326100958 0.00868987988471984 -0.0813578892617093 0.229516246617134
-0.00819382602431378 0.0123608146160236 -0.249542021741478 0.0375009037120943
-0.00213610670173347 -0.00124176608837959 -0.320849701012105 -0.313338369550687
0.00489011452359982 -0.0220476732110939 0.143343873749825 -0.59974662990035
-0.012420519083609 -0.00856532165228331 0.758056033844235 -0.171231812473989
-0.0282834986272387 -0.0107602204478364 0.537647785378638 0.520047321252328
-0.0185337261012104 0.00530245852921442 -0.0112487366094957 0.496370102377231
-0.0104457268292814 -0.00793838070921727 0.0583114638090302 0.0211581499406538
-0.0272963346731268 -0.00862848033250562 0.0354860268399386 -0.500290455355674
-0.0181433364957065 0.00153084953411638 -0.695489657459873 -0.426685771642812
0.002876938319172 -0.000636588791722971 -0.748577961009669 0.493962043645047
0.00634040338776642 -0.0138863401385715 0.142982760546571 0.729727480768512
5.57077220145977E-05 0.00147214796893017 0.489945225777477 0.204901974624423
-0.0117788187233914 0.0103649925115195 0.328796094179383 -0.184268873643057
-0.00734941331817703 -0.00347537511502917 0.0316700691903549 -0.296693292565287
-0.000298181133864393 0.00528290662533607 -0.0838301454289066 0.228030252246366
-0.00633082851213586 0.0134181080704924 -0.25022238055652 0.0342111153060247
0.00257011672305483 0.00177223130731367 -0.304300963130169 -0.320767269803913
0.00796836941967567 -0.0222907343432376 0.169267823548363 -0.602306234942064
-0.0087811580354855 -0.0105364050313206 0.766317514397227 -0.149039854786422
-0.0222269897854045 -0.00613869659737798 0.516990547074386 0.540229481136341
-0.0177567818039096 0.0182078288712844 -0.0273766328874318 0.493012722224335
-0.0136020215043518 0.00582478508933309 0.0553743997903448 0.0175212772079842
-0.0230360821072904 0.00250476446196254 0.0191187708827079 -0.500788451486309
-0.0117361696645344 0.00444250309172354 -0.709712978726023 -0.402473157362148
0.0044364596605434 -0.00308419054197182 -0.729479692612595 0.513106326486028
0.00626901679068876 -0.0132511788255399 0.170614986352601 0.719070460505875
0.00520108053016109 0.00509810076878428 0.499728954430913 0.18870821672205
-0.00996007209767172 0.0113855421470795 0.327615178882999 -0.188487855168096
-0.00371904735912162 -0.00693895068298148 0.0301327312053881 -0.295695139281684
0.00530766146475108 0.00312292518865822 -0.0832919201969832 0.228022810203052
-0.00252213380985034 0.0134393131606956 -0.251585498984474 0.0356714049554984
0.00466258091133909 0.0045088912752156 -0.300066118134912 -0.320939598116024
0.00699270272259548 -0.0219592436182847 0.17200735554056 -0.6066422834722
-0.0055286029954885 -0.0108837562137491 0.76428486203503 -0.15030216282259
-0.0134872459929547 0.000764166629124551 0.514259082590829 0.540223782215656
-0.0165477437118468 0.0316051676039253 -0.0303204319665274 0.497790108885812
-0.0171026900718688 0.0197444702292708 0.0531240031662887 0.0194228342313942
-0.0199125427401004 0.014293938058822 0.0151094212471411 -0.498760054827769
-0.00360939547827793 0.00670944478347331 -0.713738510288892 -0.401805094224109
0.00585755094676942 -0.00394105726216195 -0.732443118750138 0.512688643502083
0.00734737455663634 -0.0134641476218962 0.170032904069322 0.716280758438983
0.00981725587526114 0.00709359640788821 0.505737755446231 0.188772786367005
-0.00515852577827911 0.012354463331099 0.329771439249937 -0.185883468106548
0.000110214489586967 -0.0107401237891436 0.0293942894350679 -0.295518714256521
0.010214840737703 0.00309026364534444 -0.0810298607131578 0.228959239999456
0.00303819359546157 0.0151352405454686 -0.255142342006422 0.0427303572766327
0.00640378891035281 0.00711074379756323 -0.306268739062279 -0.308180647314859
0.00436672424223252 -0.0180686555190821 0.150213983712103 -0.612639099068989
-0.00266173079624507 -0.00926252736749996 0.756058708653207 -0.182629720179065
-0.00610587976171889 0.00530908168285741 0.529378858439927 0.520237943840903
-0.0137160966246232 0.0426731789950646 -0.0196182618617589 0.500072718108806
-0.0180238758218636 0.0330913435918391 0.0497049568250815 0.027759503012039
-0.01216473541844 0.023317367416653 0.0213365496120071 -0.492953260025978
0.00482598828908733 0.00791713729966089 -0.706803715053733 -0.422502574005428
0.00872815468585951 -0.00403317950138907 -0.757431496913952 0.489636292865391
0.00816179574650793 -0.00955882434475593 0.144900434998739 0.72122591973444
0.0121576135371738 0.00728948096424222 0.503046589273299 0.201677075216883
-0.000547461503401025 0.0110764592844173 0.33378197581955 -0.177551612038505
0.0059197871210633 -0.0124510875054575 0.0309938107832035 -0.295911037922419
-0.0081426138795 0.0226350191211683 -0.0600872947331207 0.236194507306425
0.00775491614616781 0.00392535496614797 -0.253326210707859 0.0929562473792351
-0.0136886029571609 -0.00407434415544684 -0.406990897182247 -0.201543915291782
-0.00851743424386319 -8.46429209631909E-05 -0.0823779778033025 -0.582116448691125
-0.012985140167968 0.00885408510861604 0.63096832609786 -0.403714742190895
-0.0308963508929752 -0.00952723122843446 0.676731984146631 0.308891246792016
-0.0115274210653221 -0.0104743069643339 0.105431229208222 0.500457269564987
0.0025833194187681 -0.0306097746321255 0.0545564927734207 0.0713443750037313
-0.0164477766810352 -0.0360926090649331 0.147930701515257 -0.451361281343919
-0.0203333290713235 -0.0128116620728109 -0.524450503317501 -0.633583833296415
-0.00229575860891213 0.0137305540999469 -0.90601149287506 0.22341700495456
-0.0011401941870402 0.00492570046818817 -0.125634067975078 0.776327040633989
-0.0140979399437014 -0.00677007607681476 0.408653326965915 0.347557929666009
-0.0025436430650363 -0.00231271356759038 0.35171090849346 -0.116494065924433
-0.0060185423325525 0.00955830758850098 0.0559610580977152 -0.301240098014107
-0.0106208648948484 0.0210286765214297 -0.064695654414841 0.234847004826389
0.00170047752384693 0.00718652194122903 -0.255088368775222 0.0778065873379666
-0.0127803212526258 -0.00446913341529497 -0.390500024146154 -0.233596272609989
-0.00604024548194719 -0.00656909728892226 -0.024049754248042 -0.591680497212449
-0.0140768369282334 0.00452861552676682 0.672419705908388 -0.348984783494415
-0.0353192164304115 -0.0122313511304415 0.648971425114463 0.366171567531549
-0.0144374710027575 -0.0128735970979608 0.0749799151794712 0.499295784622383
0.000607806199023052 -0.0340125916053968 0.0581767539350474 0.0570609015758916
-0.020899475182665 -0.0354504837604556 0.121690504503435 -0.468844868890147
-0.0254016229688252 -0.0105809897201165 -0.573778845513639 -0.584233784321749
-0.00186592360337673 0.0106065812488461 -0.872433358857013 0.302733408209268
0.0027070748057678 -0.0015844559049 -0.0513470756148121 0.775521526254297
-0.0127978406911876 -0.00465041007228571 0.431643112709006 0.31220119045305
-0.00801835577660345 -0.000532473842471612 0.346452532601454 -0.136931869795159
-0.00837633747778754 0.00718833337562468 0.0488520705113612 -0.30086078848947
-0.0111516151576146 0.0177033557307802 -0.0710166178575383 0.234233595359047
-0.00356403104407839 0.00872631961826106 -0.252695292263278 0.0610105426610276
-0.0104852907623185 -0.00424317825385309 -0.366122662072914 -0.264666335570658
-0.00191414639636115 -0.0139752874391163 0.0388031921573112 -0.599133445208325
-0.0164288061685576 -0.000699121064398924 0.714270273456091 -0.282568003391488
-0.035589051723583 -0.0135799002640435 0.613067314758385 0.427630386401636
-0.017150625576948 -0.0103890903307135 0.0413135247255676 0.499657493325503
-0.00214470481270905 -0.0287622355467321 0.0589788296303291 0.040870795622345
-0.0266970424425587 -0.0312489068547122 0.0860345455181588 -0.485058070589345
-0.0260820729526026 -0.00555040075010266 -0.627562830425419 -0.523531556895643
0.000327249876867115 0.00575555292795085 -0.827624023835106 0.38636926090768
0.00414520026057985 -0.00705027393477613 0.02733244787623 0.76564620567561
-0.00978536866964905 -0.00377240510899804 0.457121530388366 0.270097453560021
-0.0108678967224201 0.00318769245588258 0.339397588161925 -0.1577380885467
-0.00998926644480188 0.00420894604815964 0.0430277017774042 -0.298798550664671
-0.00772765114954977 0.0128709244367083 -0.0755485932092628 0.231921901351249
-0.007138747503433 0.010542190426727 -0.251348240253889 0.0470094643859062
-0.00731835771101008 -0.00267269430729193 -0.342171015405227 -0.292391626792484
0.00173798794456573 -0.0191046779073815 0.0966183161872623 -0.602316271926536
-0.0146704696520645 -0.00491992175160479 0.741661245726679 -0.221610511008502
-0.0335254771910979 -0.0133367220134995 0.57405871214321 0.482127338652044
-0.0171881338763552 -0.00390727406680946 0.0112450292839917 0.498338543940771
-0.00586469369553181 -0.0203086728916992 0.0594863940228693 0.0290388731248288
-0.0284383236915077 -0.0208313182973939 0.058085399164703 -0.495222986159021
-0.0232983287454755 -0.00227991493858934 -0.669645495428667 -0.468216638162838
0.00157939693942939 0.00234320271261784 -0.783432900277009 0.451078545208676
0.00529923950019739 -0.0118815059237098 0.0971992790736795 0.748564913965281
-0.00473276502576637 -0.000588949838027061 0.478112217617327 0.231712893912611
-0.0126828231713031 0.00624120364628419 0.332978787540482 -0.17530934418034
-0.00966682744952537 0.000555426253208105 0.0347011858746677 -0.297880826488239
-0.00419435972355686 0.00987271945294899 -0.078641254816621 0.231237429346414
-0.0085697572093177 0.0126524077983068 -0.250648103459479 0.0390772122421019
-0.00279474024073636 -0.000635301277429247 -0.323553337959604 -0.310957386109939
0.00495753115502188 -0.0220364353188411 0.140340256212604 -0.600994110494184
-0.011956986111194 -0.00793126107680656 0.759709949609268 -0.174636560424802
-0.0288566008300099 -0.00977508529713452 0.539445917484625 0.519412361611055
-0.0174331380910084 0.00670280511607063 -0.0113134237139281 0.496820166144368
-0.00926819089387941 -0.00773982229567613 0.0587368396517918 0.020514752290864
-0.0276372602858511 -0.0085538888576442 0.0346468642518276 -0.499422518952961
-0.0191347343905251 0.00204285864002376 -0.696831301985803 -0.425734108728621
0.00380066385557703 -0.00093594702263212 -0.749523617727703 0.496502200229738
0.00601884177665319 -0.0145669110787331 0.146297953682924 0.731857179884726
0.000630112049890895 0.00192317324489612 0.493414650926671 0.202471068494278
-0.0119097540993279 0.0100792804097015 0.328982340969943 -0.185228512765723
-0.00832076214933753 -0.00406067140098362 0.0290302471463677 -0.297452563463864
0.000280814214159581 0.00555848987162388 -0.0812560171857211 0.229058667481966
-0.00599639819611958 0.0124478464433058 -0.250398084533532 0.0347890965002813
0.00309561597928637 0.00156287391020135 -0.307976284455404 -0.32109174215618
0.00598551518193598 -0.022822929782897 0.168622583755839 -0.604147259874399
-0.00942551790542778 -0.0100322315667513 0.767804295631977 -0.149740124628984
-0.0221821255609308 -0.00530698774633516 0.51883271562273 0.538989924809575
-0.0171015909666406 0.0185958283164461 -0.0277064877822164 0.494406618116444
-0.013617611090932 0.00633107973332893 0.0552596808693938 0.0173739572954058
-0.0234898932063165 0.00353386133048111 0.0186904669038007 -0.50161853435627
-0.0115545604654928 0.00478892497465785 -0.713664161101284 -0.398244429764821
0.00472565300317739 -0.00306840656008872 -0.730352120601726 0.515823386284783
0.00639270286779158 -0.0143186793485186 0.173421282941061 0.721004410023998
0.00572004465552063 0.00470270685929191 0.50254909771767 0.186167865194807
-0.00908965559723508 0.0119432444007492 0.327492265050177 -0.190680260591093
-0.0044874479345157 -0.00764054968348495 0.0285994278159147 -0.296103026373785
0.0052205452218627 0.00333473556071445 -0.0817391851594276 0.22859168069889
-0.00231813715255403 0.0137611669824147 -0.252678469387258 0.0368700739416418
0.00510214924420053 0.00459614445601439 -0.302244990650411 -0.319055552202474
0.00672673335572765 -0.0215586280695802 0.170502934971687 -0.607318322431676
-0.00588504559095119 -0.00987448523966608 0.76653695432974 -0.152469851704041
-0.0145109919170346 0.000744803417077246 0.515992367793224 0.538025647446625
-0.015594668533744 0.0312627146976512 -0.0288197323625333 0.49886221201307
-0.0158194596613318 0.0191633100032782 0.0523282405763079 0.0195710856015258
-0.0197154366074267 0.014332371514601 0.0133519194683155 -0.499017573446008
-0.00303558163216437 0.00548750289489586 -0.715466888110981 -0.400058829498696
0.00561905167736659 -0.00363903975669169 -0.733506842992533 0.51662795261551
0.00683534956593396 -0.0127095229110784 0.173326193402867 0.715481225800341
0.0102371848040611 0.00660252738592471 0.508053109123801 0.186586308437053
-0.0057451795982501 0.0115943234563733 0.329650150721625 -0.188376740699473
-0.000185862773172525 -0.00971201937857692 0.0275439297621063 -0.296760554579784
0.0110243893783496 0.00243970872016612 -0.0794078508308893 0.229625161383611
0.00219221919046664 0.0138385652647545 -0.255830194055562 0.0418884827089424
0.0070100269026401 0.00602046331206791 -0.308324700305944 -0.307007974019387
0.00382593191102986 -0.0184936035795264 0.148230385520784 -0.614509434307878
-0.00267753484979897 -0.0096839713909045 0.75394971950201 -0.185725237142571
-0.006891855848543 0.00690011860480145 0.531951346053995 0.519618896918219
-0.0133095797459409 0.043473369485597 -0.0201363307144906 0.500842738704992
-0.0178552753011077 0.031742440568416 0.0477673080416411 0.026092378882025
-0.0118766645612371 0.0237299496807351 0.0224935694550712 -0.495265679026161
0.00501175272397247 0.00750929703410522 -0.70993078298535 -0.421747362302222
0.00862438601450791 -0.00446221897574923 -0.756222333922372 0.492571598553109
0.00773414546431616 -0.00794446944779062 0.149267318999795 0.721347989991296
0.0118067743729423 0.00727289180151396 0.507697764324648 0.199174045034675
0.00051012907040684 0.0105584696541818 0.33313023497891 -0.179019982354385
0.00656012311930488 -0.0129362352562633 0.0298874809151488 -0.295012931557814
-0.00696118703028046 0.0223781086070199 -0.0585665406032809 0.236919851267387
0.00731369411340202 0.00313956634239811 -0.254500160217907 0.0941747259040231
-0.0138650789213133 -0.00347827496210894 -0.407966112637974 -0.200327100457309
-0.00850080893230365 -0.000369738960371218 -0.0839684593250485 -0.582725278542949
-0.0126039122266505 0.00869193330692726 0.63135590656866 -0.405851999382045
-0.0309538122940291 -0.00869700768451844 0.679271605873346 0.306339172429059
-0.0108600829646946 -0.0112299563145994 0.105925825543811 0.502524768079135
0.00214760909696405 -0.0313996976979021 0.0542479107487858 0.0718076975276585
-0.0156717783460209 -0.0361454047042792 0.147801200419926 -0.456084783794704
-0.0211896018541873 -0.0128761698265391 -0.526561145001751 -0.632691656306185
-0.00232472922938491 0.0136949541810576 -0.906649719134358 0.22879918427769
-0.000949145157258699 0.00493689370473923 -0.125412041034263 0.779903397782691
-0.014720307043339 -0.00497429429052896 0.40996970912424 0.347273122659245
-0.0019004205459064 -0.00162533255978818 0.351078531530763 -0.119274790192741
-0.00579236460819079 0.00902638812245441 0.053220293974767 -0.302863301374892
-0.00994882120345161 0.0215576828504223 -0.0630663253714261 0.236918714644378
0.00121347399180006 0.00676684781939321 -0.254416964287825 0.0782757759179505
-0.01321428287756 -0.00359212237223404 -0.39107713631216 -0.230742166859339
-0.00614403279999574 -0.0072894409495802 -0.0271525158758473 -0.592980995198638
-0.0154200208687177 0.00510416426413009 0.674200080536656 -0.352111984002498
-0.0365101417624598 -0.0114904601860809 0.653137962168752 0.363980699456153
-0.0146969040371914 -0.013203141492931 0.0766621796283196 0.502145114633276
0.00070026381021777 -0.032881281416713 0.0575195171987066 0.0565397104215587
-0.0211259465390755 -0.0359650019804028 0.120201230385291 -0.470999460647354
-0.0254618039755695 -0.0100311615164842 -0.578017125147533 -0.583427444665833
-0.00101834472861057 0.0103821200866592 -0.872787231785621 0.306233463051294
0.00207602414493742 -0.00174832421060383 -0.0492921596534198 0.777405356297467
-0.0123601137058494 -0.00503298424140133 0.434875901093931 0.310919146750668
-0.00820631940941445 0.000857181196065354 0.346542660391546 -0.13982082566222
-0.00972200796214959 0.00718803812138298 0.047150883142283 -0.301765300403047
-0.00990875657561081 0.0176644465266067 -0.0686387999829524 0.234233512787162
-0.00377752800471961 0.00801455511376731 -0.253773547633076 0.0623220377757536
-0.0113761320626679 -0.00400261009588412 -0.368408155193319 -0.264855296886831
-0.00267186166541598 -0.0139670014630652 0.0384078165594307 -0.600917585180779
-0.0164302991184918 -0.000160587370673761 0.714211475682801 -0.283924392212532
-0.0358319757289665 -0.0128432186000657 0.614199612358188 0.427986764460397
-0.0161983714938161 -0.0107456279150269 0.041476831606299 0.50023983746553
-0.00229427654616026 -0.0300248147649169 0.0590975179914022 0.0409596263362089
-0.0259313527071678 -0.0302115085264815 0.0875300949465075 -0.48768526766078
-0.0258892703413152 -0.00597263148828854 -0.630026495674102 -0.523410018294553
0.000697075530184513 0.00600588030898014 -0.827663389049882 0.389955706737768
0.00489944425684033 -0.00777708356833436 0.0296827849460952 0.767925099859265
-0.00971467611143298 -0.00307884482471676 0.458447585392935 0.267957635547323
-0.0112201854049603 0.00335574215290361 0.339074537154187 -0.160079010256869
-0.0106845561791513 0.00411884622627552 0.0399810307596179 -0.299866599454796
-0.00855583398029517 0.0131268976501606 -0.0737541776485639 0.233896984411787
-0.00732444103966091 0.0103117038032044 -0.251962787918605 0.0483695683441414
-0.0063665290024105 -0.00279191300789402 -0.345037580989662 -0.291836316654057
0.00207194369925062 -0.0187219002236239 0.0963103087878795 -0.603271921590207
-0.0153503903676414 -0.0043697639112242 0.743690423895605 -0.222917192336814
-0.0344813551595833 -0.0117642009422885 0.576650508322538 0.48124990826817
-0.0170724960004778 -0.00423895157206207 0.0123241826705002 0.500144179512218
-0.00596935943352037 -0.019982138504251 0.0589773230283627 0.0292229843517437
-0.0280475091701848 -0.0200451419084064 0.0567411750433284 -0.497708886588423
-0.0240754568332405 -0.00207737410718566 -0.670057297260551 -0.466763016787397
0.00218706894024226 0.00244311248223616 -0.784851252494988 0.454629509727303
0.00517087285936674 -0.0125458023998793 0.101638125776657 0.749546183854761
-0.00454229886792783 -0.000382235228086024 0.480161711373186 0.230992993310355
-0.0125146025557306 0.00723181142270361 0.332777308671811 -0.17778267187451
-0.0106743740173609 -0.000349880434947091 0.0329834334193881 -0.299096555082624
-0.00500458285356499 0.00865032018736279 -0.0775629113841363 0.232391519690352
-0.00787129979912541 0.0114301145661858 -0.251366167805479 0.0392367254663822
-0.00197979115977405 -0.000722692717898538 -0.325560192644977 -0.310639643996238
0.0046992297405959 -0.0227094168802448 0.138114121363053 -0.602144552510285
-0.0125720893051583 -0.00853766406222419 0.759721267154073 -0.178527238138035
-0.0286926291191771 -0.0102860019781288 0.541342522879269 0.518122595501225
-0.0174368450019987 0.00614957719014263 -0.0117626177487302 0.497712395835261
-0.00933768653450963 -0.00809557148051899 0.0582660746848989 0.020630678630032
-0.0275697139512735 -0.00937504863951607 0.0333951011554011 -0.502108986303897
-0.0190862536403486 0.00133581713152277 -0.699303316061113 -0.424846857210983
0.0029006349633337 -0.0012755005001798 -0.749310085151963 0.5018386555892
0.00631533351788803 -0.0136042369277707 0.148939876932106 0.732573772629062
0.000613644990575839 0.00189772643830685 0.494801317718708 0.201040911588385
-0.0117428440824333 0.0108001134469591 0.329488636332084 -0.188519332343626
-0.00805877679527991 -0.00404883661798607 0.0265794529232719 -0.297841606755502
5.99867365496855E-05 0.00463047296414792 -0.0796476350397339 0.230191599598314
-0.00580501021476996 0.0131666154641939 -0.251044661298947 0.034824598241188
0.00273456559742078 0.0019315788371222 -0.30895820614788 -0.319495195581758
0.00760767805312884 -0.0232456503565151 0.165567083446955 -0.604142754939921
-0.00899411382816125 -0.00940034392041623 0.768325020304479 -0.152442894440907
-0.0221232956614242 -0.00503101951533419 0.519805521482196 0.538508516690007
-0.0168680955576421 0.0187149579092338 -0.0256864296425128 0.498380372668293
-0.0135158977231829 0.00618512685420413 0.0556792069455725 0.0173715231386347
-0.0232911161229386 0.00355934755948186 0.0181586069503626 -0.502838977739503
-0.01182145998439 0.00384952834873884 -0.717511795952914 -0.398811978500817
0.00473760101275266 -0.00410354529532215 -0.730068142365864 0.521846427113792
0.00704444630204233 -0.0145740664319084 0.175552980541536 0.721342301897289
0.00482635192879125 0.00450018325885865 0.505212628388361 0.184000697983901
-0.009505197610777 0.0113166293760673 0.327259766830339 -0.193140757553038
-0.00374272963416821 -0.00828838093067188 0.0250097096520068 -0.297101449264039
0.00621064142280131 0.00221318968606841 -0.0792442994424212 0.230239040019676
-0.00298698494698845 0.0138862553228992 -0.252418374304362 0.0365481580457964
0.00554438146150355 0.00461041111312369 -0.303833865133064 -0.31899147203223
0.00621670500521403 -0.0215133684415962 0.168563758391565 -0.610243695561522
-0.00669558782336645 -0.0101154729755897 0.767532967047738 -0.15630872297892
-0.0146506116552681 0.00121164258893199 0.51878537853554 0.539767745658945
-0.015132577149637 0.0312667460735795 -0.0295497363123119 0.499432612066328
-0.0160863040459922 0.0197671421079498 0.0524845515831434 0.0200895502071316
-0.0181121301126956 0.0144138787936222 0.0134372784323914 -0.502097738795103
-0.00403069067456282 0.00649127716284174 -0.718037461068553 -0.399204203484251
0.0055034767340326 -0.0042194564186917 -0.733029297899046 0.52278014365486
0.0071452570201692 -0.012202229544903 0.178576841521912 0.715612612631065
0.0095617366674896 0.00656275316374725 0.508631700895491 0.185103337605533
-0.00503295754548693 0.0117152627761578 0.328478968748222 -0.191074572607923
-1.9218854423516E-05 -0.0109953952388348 0.0253968391942922 -0.296919694197687
0.0117446768759932 0.00188549735328788 -0.0776156044147534 0.231186978997616
0.00297305643557008 0.0137522624612756 -0.256594660764329 0.0446927682549061
0.00755126773182519 0.00687861888225227 -0.31100531778967 -0.30664487774451
0.00407182972331982 -0.0186151598262816 0.147131158583866 -0.616012342612626
-0.00366186351219307 -0.00914011837310681 0.757803308026861 -0.186517692422729
-0.00633471030554233 0.00726855184458329 0.534333639807353 0.518216979198118
-0.0133463648207601 0.0432721868966583 -0.019122509334188 0.504023831452877
-0.0177968427556285 0.0321494532305099 0.04887808684122 0.0275454718904326
-0.0135983893161679 0.0246865877309649 0.0199521257031668 -0.496606429442761
0.00421446611287929 0.00739027283035443 -0.712045495939544 -0.419881943655826
0.00775218670422186 -0.00461226560395034 -0.758011257341302 0.497498073782037
0.00677171133362567 -0.00897532372966442 0.152306802283973 0.724406445681042
0.0119766093023544 0.00706251623200073 0.509819163845717 0.198087366775756
0.000166231950788001 0.011138149128397 0.332826931780579 -0.18305134876616
0.00498607149909491 -0.0123284878346921 0.0279797275149039 -0.297467576673514
-0.0077773257188227 0.0226649400147628 -0.0566572207944058 0.237810624697836
0.0082301480372941 0.00352616875134451 -0.254997247528273 0.0942213503784792
-0.0138405997132653 -0.00341326372317139 -0.409570698102538 -0.197265320187446
-0.00870473203879524 -0.000146213800531135 -0.0855424868440583 -0.584359293357165
-0.0126893272621724 0.00876122503037893 0.631914952834172 -0.409585653626371
-0.0317666568047176 -0.00861076811129316 0.679711531917615 0.304343066378223
-0.0112618594249194 -0.0105061376060183 0.106300332534868 0.501740130049057
0.00210532460887583 -0.0312174998899944 0.0543339962096107 0.0723733419779741
-0.0169688385607983 -0.0362674466547741 0.147810007576186 -0.456902298485671
-0.0216429112326871 -0.012293069906376 -0.531125775064824 -0.633529365620503
-0.00250360320315501 0.0131949941994053 -0.909529695297363 0.23089265571022
-0.000555697624504557 0.00519827879673882 -0.121099823404032 0.782463658675128
-0.0149534258199409 -0.00582163176934986 0.413563430648764 0.346932066044247
-0.00218834412089354 -0.00160753981685363 0.35269515457255 -0.121728398233035
-0.00598150450685595 0.00971496295029404 0.0506989938878444 -0.303795641812068
-0.0105244594448478 0.0204267125815814 -0.0616015811448466 0.23752258683648
0.00112467565605902 0.0063464087213474 -0.25482509121985 0.0792383601261874
-0.013810606665021 -0.0042875290354366 -0.393573862427272 -0.23046415808865
-0.00610786397777902 -0.00718922167562708 -0.0295067325727483 -0.594197137685332
-0.0147846160558157 0.00474794153440129 0.674893901231114 -0.354462621149605
-0.0366388570010083 -0.0111353764917169 0.656354181759676 0.363564619796966
-0.0138375094480678 -0.0130803406513995 0.0760140906282629 0.502551151161425
0.0012697932393082 -0.0337755037441752 0.0572380969373495 0.0565671478863578
-0.0218075455536785 -0.0352180606704706 0.121867609073646 -0.473545172473405
-0.0262349335074578 -0.00980567309677845 -0.580667011604442 -0.583441629653421
-0.00118445487125908 0.0104249158633187 -0.875125182940184 0.310259281787676
0.0018436960582139 -0.00200601882668868 -0.046237180228757 0.782313365799279
-0.0126035200541511 -0.00528858470857914 0.437228416567024 0.309478281278213
-0.00695216123487478 9.02211092627197E-05 0.346771491296933 -0.141881448564753
-0.0093131897683638 0.00669382196205354 0.0442247887015282 -0.302616247283902
-0.00999767531198714 0.0174131527342012 -0.0665263063143127 0.236648407554073
-0.00420347818402106 0.00797974044993831 -0.254625072904762 0.0623668874462812
-0.0104087599498057 -0.00358065464606465 -0.370850487840217 -0.264266604545609
-0.00206599279500411 -0.0140901740688531 0.0351650400157881 -0.601983646394593
-0.016385137209161 0.000196421413920804 0.716637764490172 -0.287620767397004
-0.0370316877365291 -0.0128829996961656 0.618160911997754 0.428601570636506
-0.0171334660043592 -0.0112069878032367 0.0417669207317287 0.501919454772521
-0.00204815295394079 -0.0296241763250794 0.0591414111647515 0.040997930415886
-0.0261672975930569 -0.0304564474506319 0.0868956728377181 -0.48946167260718
-0.0258757586895056 -0.00634750462061105 -0.633111731325998 -0.523822767801077
0.00118908637924837 0.00583224870259119 -0.828181474692899 0.391866362256995
0.00422322416557079 -0.00784616520336083 0.0347320631854926 0.76886234430225
-0.0101055046052396 -0.00281546572708463 0.462442494699537 0.267807032883378
-0.0112739131073884 0.00335251835747792 0.339139479279997 -0.163427731682722
-0.0117828489140097 0.00350663947769564 0.0374294266232051 -0.301737758537031
-0.00777839740542713 0.0128973196218525 -0.0718312323251126 0.235558763987638
-0.00716282617681162 0.00991687106293934 -0.253025722766314 0.0482103993340541
-0.00661209655020428 -0.00289833226366772 -0.348323537917642 -0.291192833067977
0.000601555764551245 -0.0187029935799955 0.0928311044234093 -0.605440184088511
-0.0150774883323328 -0.00401219443230106 0.746107766461824 -0.227776856453115
-0.0340896439886361 -0.0121757182182661 0.579521184604793 0.480996311437206
-0.0162681536088076 -0.00406357498618971 0.011107770224468 0.501595378304776
-0.0064420185950145 -0.0198157570463141 0.0604477869945206 0.0289182406441216
-0.0277729011785201 -0.0195857527812946 0.055543016650827 -0.498380680696418
-0.0240659043643228 -0.00225660473509285 -0.674197678841836 -0.4670270581605
0.00186381234514231 0.00253537352979669 -0.783694187894194 0.458577262442629
0.00511181052955835 -0.012117490751906 0.10281476010592 0.753980114048446
-0.0051602892454167 -0.000988108081723192 0.482988002018359 0.229517872124123
-0.0126190234677645 0.00716711810405418 0.33285629780937 -0.179792498688424
-0.010790242096004 0.00116043109724371 0.0310942682701923 -0.300664883108172
-0.00473233579507961 0.00722584761832875 -0.074585253827973 0.233328369564443
-0.00877585731953167 0.0111826414267251 -0.251903372257696 0.0403486253678477
-0.00187808925072377 -0.000758113945117827 -0.327502404791249 -0.309158993479542
0.00408701907966754 -0.02186080745017 0.137180960174448 -0.605194905124653
-0.0128690869589576 -0.00763133526816418 0.763038650463154 -0.181906397236451
-0.0291225032168093 -0.00972453706413071 0.544399094787577 0.518370271045565
-0.0164772642861332 0.00616146979626964 -0.0106966168700758 0.499932790621772
-0.00921887391735452 -0.00869552488358954 0.0573820663940241 0.0208539054811658
-0.0272377281620107 -0.00829719899747563 0.0311365644305099 -0.504229231672898
-0.019114220283264 0.00113489384866644 -0.70285930818257 -0.425717614380725
0.00262756110878842 -0.000680328403384027 -0.748626537824075 0.505062309295603
0.00592501074267296 -0.0142716927329892 0.152876367410275 0.734992200864363
0.000175254066224121 0.00234683562233248 0.496063768097782 0.199091444888089
-0.0118605289976479 0.0108024436799832 0.328740741515211 -0.190747972676172
-0.0100924045237173 -0.00384045131501434 0.025259187768088 -0.299383825702319
0.00141359882078635 0.00404347368570452 -0.0775488843464961 0.231707901322278
-0.00656665556146489 0.0124139921386039 -0.252536771358795 0.0356023051859886
0.00249023023193952 0.00119972412779385 -0.311487458148258 -0.319417893965515
0.0065618023477311 -0.0231568006277807 0.163804035660276 -0.608346735425034
-0.00978485071977123 -0.00958649788537937 0.770956158662806 -0.155867482293818
-0.0223457852340002 -0.00484473683828914 0.522470815266788 0.539159038216624
-0.0165774787806082 0.0193100326855315 -0.0260448554168199 0.499868854585961
-0.0126329994230178 0.00694619741326107 0.0550186478626402 0.0171457574628868
-0.0243181885599275 0.00446384969372796 0.0171661570558195 -0.505963584346898
-0.012415509553006 0.00443971738923494 -0.719081402901318 -0.398712606549669
0.00409180335564293 -0.00378546350453299 -0.730041509726467 0.525443682441062
0.00613641566836186 -0.0144834725340891 0.181350774404044 0.722373974275263
0.00626684664163812 0.00534417645265694 0.506253425443948 0.182296826330568
-0.0094098031467344 0.0129463430164026 0.325776984335716 -0.194328659300504
-0.0053149648473524 -0.00651616899275588 0.0228990468490306 -0.29737295752692
0.00574741786001004 0.00192378687535279 -0.0784921924877535 0.230869288349708
-0.00224125087824835 0.0133104787839892 -0.2536847834441 0.0380909568097014
0.00532705095285453 0.00423618230558654 -0.306578031297308 -0.318151536863533
0.00646243603213799 -0.0216055488775997 0.167263377263329 -0.612330891230231
-0.0065720232380328 -0.009431545815735 0.767231417283743 -0.159144150525335
-0.0146030116313491 0.00223676708877977 0.520862805184227 0.538724938921481
-0.0152115655363146 0.0309025539742701 -0.0283927120456923 0.500783772165083
-0.0162690545045944 0.0203127858655422 0.0528022725130706 0.0203056250943545
-0.0177558305811916 0.0153790521652313 0.0109928841872187 -0.501895330160332
-0.00338449872129816 0.00539924712384386 -0.722123884982424 -0.397744678997074
0.00530481132824012 -0.00498336648554578 -0.733209206092287 0.526611787132682
0.00662843861643668 -0.012429114440957 0.180985610543737 0.718215314841174
0.00977135701244268 0.00750640376276266 0.513215090478541 0.181532102842754
-0.00524030019834106 0.0127992782904892 0.328525464085963 -0.194743855463018
-0.000591074674642704 -0.0104763287204227 0.0228330393655149 -0.298759318880029
0.011144333081548 0.00225585836844723 -0.0754495459766803 0.231915392366041
0.00290514882351677 0.0136288558829386 -0.257243388521857 0.0460964044896606
0.0075320089387927 0.00621141923565756 -0.312342358914267 -0.305698732002027
0.00396043734181729 -0.0183041299580734 0.146923762900409 -0.618832546508681
-0.00317703796976556 -0.0091856891063464 0.759273671855153 -0.192177059438339
-0.00679828635867842 0.00756570138358792 0.536621442245367 0.518237509794375
-0.0123084404969565 0.0436582651820143 -0.0185996027683056 0.505101447444458
-0.0179642990320391 0.0318694145301761 0.0484522546039609 0.0270239925313931
-0.0131655155300198 0.0248796244797579 0.0200523096508183 -0.499112472398301
0.00472775066559797 0.00737559527969103 -0.714741408349134 -0.418293490018984
0.00808099819765801 -0.00514934201316977 -0.75682159839259 0.502230392581588
0.00747487912899138 -0.00944309512167719 0.157377972922765 0.724765914763449
0.0127516458951682 0.00719966323425089 0.511600349577739 0.196483074888519
-0.000893561154901457 0.0116579563527029 0.332125613078692 -0.184597125341813
0.00421888637131157 -0.0125238723255599 0.0264007825020218 -0.298752670345053
-0.006414982018768 0.0225137116705877 -0.0545656816553602 0.23976475533453
0.00783229349439286 0.00231231820208426 -0.25584456993482 0.0960271242178031
-0.0141376292810237 -0.00385371212642158 -0.413120620616651 -0.19770917380703
-0.00849263664369511 -0.00103983908997072 -0.0886630128233472 -0.586119966646496
-0.0130087993010363 0.00883892331893222 0.63347091699425 -0.41316265465218
-0.0318559318579661 -0.0081407916530958 0.685743836873269 0.302871593415513
-0.0117021902841446 -0.0103358855271267 0.108452806808932 0.503087688534627
0.00164415412563244 -0.032041401194426 0.0551620622414066 0.0710563202073911
-0.0168139195988525 -0.0355244860503917 0.146513522499457 -0.458801430581846
-0.0215803421175831 -0.0131655884075112 -0.535113757414128 -0.6331816676345
-0.00202347046401186 0.0135979202613493 -0.911814960356374 0.236883776734784
-0.00155755679034346 0.00510776713598132 -0.117633386812898 0.786614243344602
-0.0151925802695336 -0.00442471233341325 0.416656393984938 0.346903183139973
-0.00249068190892473 -0.00176382160500701 0.351983952783559 -0.124095903719926
-0.00680435937506014 0.00916269759664114 0.0483164906923058 -0.305511341095994
-0.010221461947132 0.0221819765832863 -0.0591091332287228 0.239393186195113
0.000862268349606796 0.00614052244655271 -0.256181494333607 0.0801649026267058
-0.0132848575037645 -0.00410914640933269 -0.396728306225858 -0.22859328435528
-0.00611926420101496 -0.0069574516226561 -0.0312003124915898 -0.59790715002315
-0.0152187366967669 0.00547062025440996 0.674932533028395 -0.358803142571083
-0.0366688138019507 -0.010488588712359 0.659183136414905 0.361807092923365
-0.0139817566717491 -0.0128863812093795 0.0768442723983021 0.505860261220367
0.000920359712008839 -0.0332112754530669 0.0574752093193011 0.0571423157003616
-0.0216942938141881 -0.0360573800765919 0.119638375041158 -0.476060071715822
-0.0260512282260315 -0.0116041609663532 -0.58344974937012 -0.58552735351183
-0.00110577863243425 0.0101084908047271 -0.87645940171904 0.316991515725044
0.00142028775234413 -0.00170655767966927 -0.0426519378219948 0.78481575296041
-0.0119806417562956 -0.00537772494948169 0.441449089380761 0.30868251999792
-0.00679191007002938 0.000433010818369051 0.346740613781948 -0.143899103578804
-0.0092553539557358 0.00856070974470449 0.0414563724476185 -0.304287525214845
-0.00955025223062369 0.0166335007128393 -0.065719049975175 0.238407260091521
-0.0042143405364929 0.00884379667284783 -0.25568160279556 0.0631139399334576
-0.0103438403562463 -0.00409772616638504 -0.374715169142951 -0.262993410405244
-0.00289100519645516 -0.0139595124177595 0.0331351104601291 -0.60480625596597
-0.0155424134607537 0.000611334442797833 0.718616701092128 -0.290085008217276
-0.0374470625908233 -0.012607139780868 0.621568791142497 0.426450464126512
-0.0151616589562768 -0.0108056847519545 0.0445169781307847 0.504602911916613
-0.00198942953923463 -0.0300425300175602 0.0601145605668393 0.0408206425489103
-0.0263482372114451 -0.0306549657736046 0.0862738537970024 -0.491647859939944
-0.0261822783537947 -0.00623554915984234 -0.63679220084566 -0.52348383351278
0.00104389884837657 0.00558877427212582 -0.830574013134684 0.4000666416593
0.00429459093306271 -0.00824294328742263 0.0363725576188734 0.774530152042558
-0.00886644223926252 -0.00295742497164089 0.464963701648578 0.266781651899947
-0.0114246703659231 0.00453978753934948 0.339744450156573 -0.165778657214284
-0.0121400991383154 0.00432648630347923 0.0347207730918883 -0.302732392031482
-0.0086378323596759 0.0126455024423381 -0.0698125195228927 0.236590719586386
-0.00733499003471393 0.0096603394610162 -0.254143898842564 0.0499715064896582
-0.00689907269361711 -0.0027386350954186 -0.34975198034802 -0.290212455592112
0.000708244152828105 -0.0186171947747999 0.0917376277759928 -0.610066635526739
-0.0153462445528425 -0.00359642146816955 0.746332244394856 -0.229025632145567
-0.0343978694807456 -0.0117686014073375 0.581591023902308 0.480674620520999
-0.0154913504103248 -0.00360245452089124 0.0120121754668717 0.503086060942778
-0.00535623750067674 -0.020009064231236 0.0601558543767434 0.0284496375929615
-0.0283489248619044 -0.0200044139272483 0.0556851911343526 -0.50018527155562
-0.0242889420636877 -0.00231162120098201 -0.676831540443728 -0.465179150401723
0.0019471902691735 0.00159543396596692 -0.786306604345737 0.46394921617904
0.0050503769470339 -0.012389800307737 0.106788369216173 0.755056014742439
-0.00449153492725473 -0.000458435821486105 0.485640538932026 0.227740084392579
-0.0124666377326617 0.00783095805588996 0.331995420510809 -0.18244080680757
-0.0125696369394009 0.000692842950107235 0.0274759450528272 -0.301811281225541
-0.00405708476760192 0.00818219048518461 -0.0741168797952378 0.235742194282255
-0.00832236752685851 0.0111775235833416 -0.25295664957499 0.0419936552949891
-0.00211125349845516 -0.000859065918874167 -0.329928883262956 -0.308500195786411
0.00455515232127525 -0.0223380424236434 0.134828239123752 -0.608186913801629
-0.0133259068152299 -0.00751777473867514 0.764799286907412 -0.184138917901112
-0.029799978066805 -0.00929239758927561 0.548489652261468 0.517441720545092
-0.0169642888436941 0.00698635780881677 -0.0104352703949882 0.501362592305526
-0.00904086721937381 -0.00843911876405507 0.0580698022295171 0.021037483063989
-0.027789073697714 -0.00793886741518064 0.0308589919192521 -0.507111405160917
-0.0193778268398067 0.00132188327914633 -0.706187130737571 -0.424029548417844
0.00371024124295014 -0.00167808372142509 -0.75179263370216 0.510236893046828
0.00604005859634557 -0.0142364152257912 0.156337657684265 0.737480451790973
0.000277401100225639 0.0028833696274671 0.500586140417951 0.197373831501768
-0.011401680463072 0.0104119208521435 0.328548525160616 -0.194334324163919
-0.0105114055184349 -0.00333790463918751 0.0232842960808864 -0.299997311882367
0.000493251038797262 0.00435952927749459 -0.0765880026912263 0.234206244995111
-0.00647118725389639 0.012427169803933 -0.253303538797382 0.0369843587104885
0.0028148710943091 0.00177440854462138 -0.315472187994824 -0.318336388909156
0.0064574847375542 -0.0227736150010856 0.162040242032173 -0.61109365874073
-0.0093569396183456 -0.00960637594590565 0.773073279396609 -0.159439073415762
-0.0231266541569811 -0.00441723180219526 0.525461175006862 0.539659444110557
-0.0156997315183346 0.0187748402313072 -0.0241009893320204 0.502003463440883
-0.0130489283774178 0.00629091184809091 0.0554088735262845 0.0176417466868255
-0.0238494584539535 0.00393974260781588 0.0156292921640372 -0.507575070593715
-0.0119272072870541 0.00397022881893065 -0.722426159463115 -0.396728328832758
0.00324036422544198 -0.00408832716797441 -0.731522519697789 0.531059693282342
0.0060994725387331 -0.0144307575428524 0.184515713860152 0.725338173396064
0.0055417953009527 0.0044830361326091 0.510600111662369 0.180795004331109
-0.00926608038159689 0.012830938039671 0.32579444974387 -0.198879472291273
-0.005624370299468 -0.00771030339685641 0.0215496583648563 -0.300435719639564
0.00654188204205378 0.000877552473741711 -0.0755606655622153 0.233855286146476
-0.00195279913647892 0.0129500790922936 -0.255817705446743 0.0386161403897801
0.00579817413977739 0.00420496716884839 -0.308673592795258 -0.317264107470729
0.00654192257442961 -0.021351263438549 0.164921208044143 -0.615355916978419
-0.00708425873544281 -0.0102223238081754 0.770374543192771 -0.160782016004474
-0.0150594538601694 0.00265651158938037 0.525204239371347 0.539243679392357
-0.0145401624362813 0.0313879434899075 -0.0262480505749035 0.502266972322672
-0.0161202710153934 0.0199105793419861 0.0522174925294879 0.0196381053690611
-0.0183844241187474 0.0153474307264242 0.0106029252648628 -0.505232150544486
-0.00479093262198579 0.00543584112548623 -0.726153102372516 -0.397374718425508
0.00592646043147405 -0.00476691548926701 -0.734609704218035 0.530384489736698
0.00678794322037626 -0.0122027324027929 0.184556293865081 0.722087690168789
0.00893106587287516 0.00647100339237481 0.51453786329259 0.179685459118283
-0.00519083807844441 0.0132584280427009 0.327266515621734 -0.196454723188964
-0.00122285793797922 -0.0104443550533638 0.0211013659937714 -0.300220282582686
0.0117561414229346 0.00138058318289928 -0.0732173966378178 0.233242388893368
0.00214489643814899 0.0146192793908361 -0.257809422188093 0.0465271428146016
0.00715755774131756 0.00561635488088439 -0.315613743607037 -0.305838184546582
0.00363393517430688 -0.0183380502844707 0.143021536046257 -0.623609297218003
-0.00451822667045518 -0.0086994379972187 0.761424422513853 -0.193815599758802
-0.0068708768473397 0.0078220802176084 0.539487329968192 0.518653032617143
-0.0124106058535907 0.0438367421609862 -0.019165456881531 0.507168619262371
-0.0175454000873273 0.0318725627786169 0.0486821269317866 0.0275277395058986
-0.0126964652898312 0.0256183084130771 0.0186133743827204 -0.499942740058193
0.00430829108447853 0.00681003325297423 -0.71866954951254 -0.418868690492476
0.00816697818403074 -0.00530991315619236 -0.756774972900165 0.50784774406543
0.00724118688252916 -0.00910941204738717 0.160568739622069 0.727042757883181
0.0126899436941555 0.00754942519622395 0.514311954171431 0.192816402442679
0.000377996192935166 0.0116716917636159 0.332752693274564 -0.187961365768258
0.0040317360789948 -0.0126656931352942 0.0235361604478018 -0.300091828399261
-0.0066444385403985 0.0218558393008685 -0.0517020784774663 0.241644711359503
0.00768129196450104 0.00180530999071919 -0.257200204451209 0.0974351290953008
-0.0142139352670247 -0.00305631635208557 -0.417565745355341 -0.194781677945078
-0.00824224988308178 -0.000281519040386094 -0.0929184310639606 -0.588245965675837
-0.0128331785943779 0.00938917821534927 0.63543190858401 -0.4201786152548
-0.0327481047244543 -0.00748130253635083 0.687719282626118 0.300161010783817
-0.0104749795512944 -0.0112259803570266 0.110137532037887 0.506452233071565
0.00196726605605421 -0.031971866909021 0.0557326915670395 0.0707191905475142
-0.0164568158838889 -0.0349450803206108 0.145601876500598 -0.463547123876442
-0.0215781917869972 -0.0125625507980949 -0.537284791763649 -0.634587105521669
-0.00184161453785217 0.0132513418196488 -0.914116342608228 0.242383500216536
-0.00156241157888259 0.00499089402442389 -0.112606287597894 0.791850064075315
-0.0141970165052108 -0.0052967286846263 0.419929755378411 0.346430002259869
-0.00270776905054104 -0.001485409173854 0.352718980276744 -0.127498239006783
-0.00632017296403182 0.0098732203958929 0.0444639432917994 -0.30719801809697
-0.00924968910129002 0.021314250502134 -0.0571398201781597 0.240624564077934
0.00174541617750479 0.00479459633583683 -0.257146609024547 0.0819095845028002
-0.0129094429169543 -0.00363883065373788 -0.400128490571191 -0.226980880436183
-0.00697720455364497 -0.00679696028946081 -0.0350275525163439 -0.598793754885519
-0.0155155776074815 0.00504599601256809 0.677101707877962 -0.36256717091079
-0.037934014527441 -0.00980285520102912 0.663073627177821 0.361043237146367
-0.0142100664570759 -0.0127085022107124 0.0796851636992982 0.507696870567735
0.00111817808764348 -0.0340918044970579 0.0586783261713562 0.0567286955766494
-0.0214623463230051 -0.0365612748366769 0.118998267457138 -0.478622738604586
-0.0255165439238359 -0.0105150951675932 -0.589299419789071 -0.584971582001489
-0.00137469423731862 0.00960980111851041 -0.879712448402774 0.321885898708327
0.00179827553792693 -0.00142411954026835 -0.0388970188668967 0.787536191877074
-0.0129030548270141 -0.00499895699621444 0.445195684404313 0.308595939220652
-0.0085442113900496 0.00112354851034058 0.347202450435181 -0.147760615279228
-0.00995491322565397 0.00760639115912113 0.038623808049187 -0.307187181253614
-0.009197811084128 0.0164826348258333 -0.0615858629439084 0.240260692785133
-0.00392917019862297 0.00790575035446251 -0.256357432095243 0.0650967249134347
-0.0106976495820838 -0.00362876011024825 -0.377907609019157 -0.261043168380044
-0.00314366197301023 -0.0133844438384892 0.030324875404917 -0.607997371162008
-0.0161026935494909 0.00103541563130899 0.7195765329616 -0.296998393657963
-0.0378610578952058 -0.011751759506406 0.625587888339487 0.424697327362503
-0.0152606968700999 -0.010831221437414 0.0457604755912812 0.506975050285344
-0.00159700423754565 -0.0294146412449511 0.0595260003300654 0.0409293178651257
-0.0263536725895523 -0.0296124687867125 0.0857137400963973 -0.493706235226976
-0.0266951578192472 -0.00649730659262745 -0.641881707178975 -0.523700787515375
0.00179261600873615 0.00542048942709191 -0.83261098755908 0.405230569848241
0.00427462570428764 -0.00775945633763075 0.042962321782825 0.777015078036556
-0.00979473812326883 -0.00256299637387881 0.468497774893277 0.263503359674146
-0.0112430501512262 0.00495192689938791 0.33976944213185 -0.1684938708399
-0.0120923614786962 0.00489186494281008 0.031181352451642 -0.305028151912367
-0.00696091174277535 0.012877577786315 -0.0671414234845175 0.237748389113697
-0.00790471951585599 0.00936735414283466 -0.254899829496152 0.0512908141273848
-0.00631083375423374 -0.00332157417487462 -0.354409342560929 -0.288959561735128
0.000752568540787616 -0.0192966630364558 0.0872275255004554 -0.609979239934324
-0.0160726659543597 -0.00369578737479052 0.750182588247317 -0.234656112028632
-0.0356293651239805 -0.0106742558527193 0.586018550408581 0.479240110847418
-0.0166742799776222 -0.00333926984944907 0.0138400390428964 0.506923541992993
-0.00559109901207041 -0.0199209447774985 0.0600037111445747 0.0289224815928767
-0.0281274114194027 -0.0195137122176216 0.0532451618338071 -0.504566268915955
-0.0247993144696283 -0.00130887315277208 -0.68281256870431 -0.465446355326959
0.0024877289872409 0.00171575402096811 -0.787300625312632 0.472116120982225
0.0050406787944026 -0.0119413394853276 0.111455298316783 0.758791986160159
-0.00464601948607479 7.15158496389853E-05 0.487939294797845 0.226003351449385
-0.0124923086555749 0.00868817237865101 0.332521318655283 -0.185228365454405
-0.0123405916195557 0.000695372460254943 0.0249717271597737 -0.302959169889188
-0.00361856329422447 0.00762925326540945 -0.071624712375664 0.236618342214425
-0.00787630355438705 0.0109060101934252 -0.253896663338679 0.0420095597106553
-0.00196963111579588 -0.000765825468159168 -0.332707109932258 -0.307359936223093
0.00406797877032781 -0.0225811624026147 0.131350459013452 -0.611973142972346
-0.0131960289141795 -0.00698859384635699 0.766605662368104 -0.188012847337055
-0.030207877757907 -0.00840350832426901 0.552867052682427 0.516376579842099
-0.0162600667703776 0.00649791915265658 -0.00904606857336047 0.504594921842777
-0.00863373687550925 -0.00771164991213281 0.059108669011613 0.020470701914248
-0.0274724079674906 -0.00736974005149569 0.0290725640512014 -0.509773790369238
-0.0194024065400332 0.00114935136110901 -0.711789533088339 -0.423992152699741
0.00275012440632569 -0.00149103143638056 -0.750709192408662 0.517453569964147
0.00557614926426201 -0.0149064585376645 0.16171323334683 0.740905815792521
0.000408234750510708 0.00249396836155438 0.50256061443563 0.195994537464105
-0.0114898677709443 0.0111087504869582 0.327741801807971 -0.197635387213045
-0.0105852262126395 -0.00300481883738387 0.0201337217387836 -0.301345150881522
0.00117645571798275 0.00384413438153064 -0.0731384785430532 0.236270326045179
-0.00671077481709117 0.0130415882349234 -0.25415463367109 0.0379977280624219
0.00258014000750562 0.00115033547442115 -0.316571879106117 -0.317048824956254
0.00571215141157636 -0.0237583664311183 0.159342524475219 -0.614087697005829
-0.00957051335197426 -0.00885342558427236 0.77631804630888 -0.16235314822263
-0.0231411100327586 -0.00339982033874387 0.531001171470932 0.538701703115567
-0.0161644200599514 0.0191107206050241 -0.0243767567353466 0.504696714954726
-0.0133553412571686 0.00580042048593273 0.0554581689497821 0.017253150613136
-0.0234616423747225 0.00420485187051263 0.0143748405536638 -0.511475850356782
-0.0126835428196809 0.00445741716527986 -0.728234555509395 -0.396821226152512
0.00380293585232907 -0.00397013286710418 -0.731266123475279 0.537689640343929
0.0054186432015611 -0.0147739195569682 0.188781920038135 0.727218958037648
0.00540445340857322 0.00445347996833232 0.512690280741549 0.178903605451576
-0.00857519224956849 0.0134455024077718 0.325509498090831 -0.202611137487155
-0.00718724196582184 -0.00704481583642629 0.0173783880494888 -0.300625462617601
0.00692456685525174 0.000839655973764867 -0.0732679537450614 0.235176700980958
-0.0022536231877264 0.0132061720956617 -0.256661407250709 0.0410936988193955
0.00541107602848925 0.00454565506874057 -0.311921456158237 -0.316381301244947
0.00473679681648325 -0.022037604970703 0.161550956717443 -0.619341189249059
-0.00613008815780226 -0.00978724535265461 0.772028692443855 -0.166909268568934
-0.0152114798239086 0.00156079815931062 0.527090545142214 0.539152540956218
-0.0146824977857912 0.0312977951509442 -0.025448587569268 0.50692267172106
-0.0159963821849708 0.0200099828877062 0.0520399749127331 0.0190715493023012
-0.0188442991453496 0.0161559088548332 0.00954859031451192 -0.508390215468921
-0.00421343302423643 0.00588452434818378 -0.728811532709178 -0.396209774453414
0.00649209648621933 -0.00466237034495159 -0.735068005189776 0.53656486489205
0.0068361877185535 -0.012973332933694 0.190730993502233 0.724046468250549
0.0106142058460153 0.00639047108074731 0.517370131319952 0.179122642308062
-0.00487667629416539 0.0129218514605365 0.327238088599869 -0.199444377898005
-0.00144231981620718 -0.0102557121575351 0.0170059378857709 -0.30210499208069
0.0116382435732005 0.000680976951932321 -0.0704492433280874 0.23520136883327
0.00286232188370781 0.0135439502075531 -0.259009048377321 0.0489267247620691
0.00778774436764456 0.00579950581402934 -0.318311474217913 -0.303404522570234
0.00256749073260207 -0.018328954797475 0.139651294984794 -0.624634719383905
-0.00388189887369912 -0.00838693944960786 0.761862010380154 -0.19737352716256
-0.00654710639789956 0.00810491401145145 0.544396362296383 0.518246392617063
-0.0116384856423459 0.0436978375084817 -0.0161340967917099 0.509363718243316
-0.017511779223552 0.0322539131555703 0.0491177195718054 0.0273419013712241
-0.0130993949470819 0.0249626542697998 0.0183371050025986 -0.502499071744324
0.00441405157098899 0.00721082476632936 -0.724216552592079 -0.417521326906801
0.00742870113942293 -0.00558334004554917 -0.760171766434898 0.514292760316091
0.00755620782306955 -0.00865326074157334 0.16738217842147 0.729391329453469
0.0129571866299896 0.00712603142006129 0.516240426124007 0.191811350798336
-2.19437740186148E-05 0.0113458896900561 0.331927335878161 -0.19117546504865
0.00461629585282423 -0.0119672461104656 0.0206395976256574 -0.301181661387166
-0.00514839029469014 0.0225587544912405 -0.0498673484556069 0.243162414213457
0.00818187964119027 0.0020066163930807 -0.257013723140662 0.0998330923196714
-0.0140579654714674 -0.00375015658203854 -0.419877992605364 -0.192899634590341
-0.00864891141825486 -0.000552437307025692 -0.0957616123975857 -0.589060527038376
-0.0131387050883508 0.00935419841893225 0.636222396396434 -0.423934819059118
-0.0327164910361825 -0.00717566641257232 0.692246125801073 0.296168065181208
-0.010137271869083 -0.0104481430389907 0.112849778485654 0.507309926895359
0.000792109281956308 -0.0327633924478511 0.0562865111359565 0.070966655989598
-0.0166845947452034 -0.0356078624345411 0.145064245400674 -0.465758035353618
-0.0223284999867801 -0.0126856289608219 -0.542274137894948 -0.636783856687872
-0.00206790238541118 0.0132719924969187 -0.916951577164248 0.248195906062649
-0.000882919360840805 0.00579956469387737 -0.10916373836409 0.795831914982318
-0.0150606335209413 -0.0044289286697241 0.424934595577063 0.343530685651614
-0.00244007428319978 -0.00121145450897162 0.352682230629269 -0.131324519564724
-0.00692543498668922 0.00960725460045801 0.0411953713103713 -0.309479153854798
-0.00897492517560716 0.0201099055879318 -0.0543768371230663 0.24326201797364
0.00110906169586102 0.0055013206033957 -0.258645077353878 0.0832615479662436
-0.014078056706024 -0.00320168557362742 -0.402840645826853 -0.224510014607515
-0.00695808945303492 -0.00661048716323374 -0.0390988688848725 -0.602680878481419
-0.0161182583179199 0.00601542310676586 0.680022438588839 -0.369032936184935
-0.0375176568687177 -0.00963237720567255 0.666704137525935 0.358795854042382
-0.0139119496349262 -0.0137566448553868 0.0820604098617767 0.50910571447626
0.000504587076719625 -0.0341968821228752 0.0585243849693028 0.0566018013007166
-0.0223168063261434 -0.0362707178605354 0.117515204159297 -0.481903666893923
-0.0269898411960156 -0.0100799235520078 -0.593692389603916 -0.585852576663539
0.000343250665070613 0.00923260718627214 -0.881727463402484 0.331344872705049
0.00121207233258132 -0.00132399436732532 -0.0336442748710635 0.793186786240005
-0.0130582680036725 -0.00396364691946015 0.448350981794738 0.306509658337349
-0.00736487377830309 0.000631575964569012 0.347768055138269 -0.151134521934502
-0.0110032418871351 0.00802971666140158 0.0349534389382103 -0.307372564825762
-0.00955924631501451 0.0158284725487697 -0.0606122115896346 0.241731003229659
-0.00393785503967987 0.008253444672638 -0.258055853626832 0.066249839332592
-0.0106979174866244 -0.00442429349374777 -0.380842997488526 -0.258572138357454
-0.00275189067591465 -0.0133852830889485 0.0270178208905698 -0.609959728094711
-0.0170166130436516 0.00145351275396771 0.721615899909589 -0.302459562385339
-0.0389629548178642 -0.0111290714061885 0.630118199710902 0.423408394979808
-0.0148831210475869 -0.0100108293319273 0.0470063460356488 0.509863149332989
-0.00281281596679358 -0.0298727661403333 0.0597562896376529 0.0417401208740487
-0.0265121281191692 -0.0303761857242767 0.0834630706576981 -0.497847116714503
-0.027080706010207 -0.00572472295305182 -0.647232391354302 -0.522314768115016
0.000685076380427595 0.00525016399920213 -0.833660165413792 0.411847871448577
0.00363041847672005 -0.00752300528347356 0.0476216194731641 0.779292129544091
-0.0104377685462189 -0.00251374360683172 0.471510096073716 0.262134126392088
-0.0112071476611779 0.00443848462517891 0.339844243866496 -0.171673477401184
-0.012789109820716 0.00513375547520974 0.0285557989411636 -0.306888191082978
-0.00747049049446229 0.0119567662626879 -0.0649206331236586 0.24056420270372
-0.00718570837375584 0.00958826415408526 -0.257018216374806 0.0538788532635768
-0.00661392012146103 -0.00355805299215034 -0.356674458654551 -0.28784229913461
0.000143440354986991 -0.0196489022695114 0.0859131671824394 -0.61450696255032
-0.0156606631823276 -0.00350497429863125 0.75166429487879 -0.239977843337443
-0.0354968751915353 -0.0112699613456275 0.590803115331549 0.47949354935869
-0.0165390116454398 -0.00354497613643474 0.0159013087760893 0.507668676287117
-0.00558382659711799 -0.0205665708112479 0.0604933341757172 0.0283489205643332
-0.0277807718544347 -0.0195514262654667 0.052164924212986 -0.507277394816563
-0.025082537413882 -0.00170970101890955 -0.688249648565515 -0.464568067707396
0.00265265583026715 0.00242433563259713 -0.787414828380053 0.476489186778111
0.00528427675792715 -0.0125910178051526 0.117378506664467 0.760523450196477
-0.00435480599292192 -0.000383800354211339 0.494173902376936 0.223426970540989
-0.0125940248573393 0.00882410244323103 0.33301841012731 -0.189674150689454
-0.0122058421805201 0.000616187079826382 0.0220527205902519 -0.304564451307702
-0.00353834578192039 0.00711825912804402 -0.0686543830375358 0.238625228885474
-0.00846858068406763 0.0112992593361872 -0.255193256432551 0.0448243785547952
-0.00247605126290232 -0.00110219294315261 -0.337638383776435 -0.307410628061025
0.00418702935030403 -0.0222823984517223 0.129152781103197 -0.614725818647964
-0.0133290440215954 -0.00689428522520442 0.769959829924053 -0.193060734416614
-0.0304788772586845 -0.00800955129974439 0.55888023782872 0.515659476318526
-0.0155911015276034 0.00618607033898482 -0.0058086964978753 0.507259422720853
-0.0094139800453622 -0.00803428154019672 0.0585274184347281 0.0205480086908126
-0.0273797711414205 -0.00775397484935341 0.0278794952484993 -0.513105504548109
-0.0203554765737847 0.00101307584129448 -0.715134247906076 -0.422130438612461
0.00313322184419827 -0.00189424700027488 -0.750832313128862 0.524639937858218
0.00563151736598809 -0.0151621398156577 0.167005682473826 0.741978910620577
0.000800241949279991 0.00265518944712188 0.505563220363523 0.192623484005711
-0.0113203299552761 0.0118200315533591 0.327196967528136 -0.202737853241724
-0.0100690760850281 -0.00301029308771513 0.016957712700173 -0.303607688914664
0.00140349364714021 0.00314610952165346 -0.0708551232887823 0.237696406983061
-0.00564459742933858 0.0126523176329969 -0.25628554291121 0.0406636252592538
0.0021479659934098 0.00091001444002211 -0.320952614338258 -0.315879361695912
0.00583482878119658 -0.023262942229651 0.15549296835451 -0.61827716658197
-0.0095504767050145 -0.00896108559122753 0.777035485577851 -0.166985051001733
-0.0231766264221112 -0.00294793423764088 0.536789780311802 0.540253417128659
-0.015043380107784 0.0206206708242776 -0.0210821321116154 0.507601888771861
-0.0121504307789261 0.0063136061012083 0.0553909041870464 0.0161573232407298
-0.0239076313033923 0.00498144190842973 0.0101540948418371 -0.513966753433162
-0.0128082408877316 0.0038678966301938 -0.734094662813611 -0.39509426846169
0.00407252707386316 -0.00420890412695613 -0.731126138356706 0.547558428659571
0.00602854514480619 -0.0155034983520131 0.19553169030539 0.728721156017832
0.00589705296780771 0.00505531378248099 0.516485492404249 0.17516929257275
-0.00863439506468625 0.0136831472601007 0.325577217661934 -0.205666100240258
-0.00675182565250178 -0.00628651364744674 0.0141621041569411 -0.303575282766146
0.00749182639384578 0.000945641157753694 -0.0725168739152829 0.236531503571805
-0.00242216601134237 0.0132922302668932 -0.258089235649223 0.0430319018146065
0.00595946628574515 0.00392810867443654 -0.315466761051705 -0.316279331967352
0.00538969561021037 -0.0219641488241007 0.158739720203274 -0.623367529652545
-0.00703785799372042 -0.00923595134993997 0.775873554402312 -0.171610375122963
-0.0151437516029232 0.00273721482701217 0.533090257134244 0.538589891864814
-0.013744181208329 0.0331119770572684 -0.0233180555673657 0.510066879321788
-0.0159286027689876 0.0211006060345791 0.0523537042280948 0.0193983142013853
-0.0181746683933806 0.0162144865682119 0.00867600526064173 -0.510435331613107
-0.00402108347796119 0.00622798592629574 -0.734585125692678 -0.394965952901026
0.00510288307298762 -0.00594275071832996 -0.73467357056648 0.544151001234609
0.00654672721223827 -0.0130640149661117 0.194332014331405 0.72483891776
0.0111395978174282 0.00652850065960656 0.520672296468241 0.174877844507598
-0.0046996801166742 0.0136260185251916 0.327750162186364 -0.203776570288743
-0.00198302226605849 -0.00923475661765657 0.0141159301848273 -0.302471914138966
0.0128989493576184 0.000205059367808159 -0.0681313145141614 0.236650436844666
0.00328713409236593 0.0132227694984591 -0.261699744393549 0.0503390210847156
0.00792693345042569 0.00554176688786065 -0.321680398206974 -0.303703072680162
0.00280187031026879 -0.0182632253093968 0.135768370999496 -0.630821149880848
-0.00348560072473126 -0.00833873798428474 0.764023617497938 -0.203646863900167
-0.00680492421894427 0.00904885527615596 0.55001832292202 0.518585021012971
-0.0116483872175851 0.0438943009028561 -0.0147853086508152 0.513605896406326
-0.0165295419787768 0.0326411552231257 0.04953149782488 0.02698720562025
-0.0123095882306175 0.0257057148800708 0.0153740039695766 -0.505556319784641
0.00468894855292019 0.0072435804721071 -0.729739828319792 -0.416194007714225
0.00766056642691709 -0.00567933331209766 -0.760566959361612 0.519465020220383
0.00726794176418305 -0.00954814578372692 0.170837342401201 0.732037602192222
0.0131122891949716 0.00720061598593682 0.520451049866634 0.188757215634187
0.000512081357380069 0.0120142558339488 0.332598110727096 -0.195178104252231
0.00397823406719148 -0.0127093991879805 0.0175668920701707 -0.302441879780911
-0.00557223701465245 0.0220138667203372 -0.0464016747419202 0.245219120893392
0.00657419036285463 0.00201444373073769 -0.258580338077644 0.102848508705389
-0.0146948933493026 -0.00348743758737684 -0.423377475554711 -0.190256688918255
-0.00876448824911985 -0.0005357146936306 -0.101600135564048 -0.592223787148439
-0.0125760515507796 0.00992595040629904 0.636213428217297 -0.430974712644374
-0.0335890304786224 -0.00667094300166343 0.698208167127736 0.295708785117907
-0.0103150145972498 -0.0107859368486454 0.115718894967625 0.510746380113151
0.001543242374505 -0.0319408338235573 0.0567964785945315 0.071792452391199
-0.0178328514172118 -0.0356647216660308 0.144502399025797 -0.470362955858269
-0.0228730220833107 -0.0132003018191877 -0.548957381775282 -0.635987062680291
-0.00190541844555604 0.0132748291674553 -0.922584199716278 0.258139718611668
-0.000891909205164725 0.00595461380491396 -0.103816298001327 0.799831638033194
-0.0151540101974212 -0.00412465435832199 0.430308622534345 0.3436944186749
-0.00209944249011334 -0.00153283363882803 0.352924937663917 -0.134838134811891
-0.00650188183162108 0.0102545458356774 0.0380172943463452 -0.311680140046588
-0.00867925825932148 0.0211967606208858 -0.050576819199254 0.244716791638758
0.00155991332868153 0.00487562318472981 -0.25892646652518 0.0859100651902325
-0.014314846920758 -0.00352792858839691 -0.406569854093526 -0.222959326802978
-0.0064833055957594 -0.00701085952094261 -0.0438118312533402 -0.604222120612735
-0.0158576678429218 0.00615443310484917 0.681356862867831 -0.374476439046876
-0.0379062365683754 -0.00932297509334096 0.671390978603523 0.355389267566955
-0.0132987104428015 -0.0131348241326585 0.0844108704248819 0.512022166915958
0.000628743841024286 -0.0348072620276014 0.0583504025848231 0.0561469480839168
-0.0227626401554493 -0.0364462724303438 0.115809124013409 -0.485519313355117
-0.0262946616201793 -0.010435389034659 -0.600593323798193 -0.58522847348239
-0.000812440819345811 0.0102591007671042 -0.883457130300259 0.336553345151038
0.00170427428416795 -0.0011817366047978 -0.0295188635232752 0.798545197016188
-0.013705008230446 -0.00381361338397162 0.452989078126326 0.305558792907233
-0.00813509591150552 0.00131833208612312 0.347547695948799 -0.155757845111282
-0.0109595215472992 0.00905007534908178 0.031849578366794 -0.311166773957923
-0.00901939313929457 0.0163444415277825 -0.0577126498844576 0.243622775934066
-0.00448365130185609 0.00750924529346295 -0.258540924175044 0.0689336930513637
-0.0105210299417633 -0.00310766104957297 -0.385665419199652 -0.257987082949395
-0.0029550132073081 -0.014395468265572 0.0227947319089886 -0.613540885519351
-0.0165663138643093 0.00149786211901774 0.723469312210805 -0.307368869845946
-0.0383818363044318 -0.0107154368549909 0.635833845768041 0.421598885150012
-0.0150737482026046 -0.0104815601310586 0.0499565075373808 0.511979186239643
-0.00239666023713897 -0.0295623231102881 0.059986849854341 0.0409579936294332
-0.0271700528918918 -0.0301789628803923 0.0825699956638828 -0.501623090660188
-0.0277212269873712 -0.00582825631190199 -0.652813121093051 -0.522382918831795
0.000514516662988865 0.00577782227598713 -0.836827915497176 0.42097034134939
0.00445358887186201 -0.00816975340893037 0.0532853491320248 0.784320376140318
-0.00963796537420929 -0.00290363178289785 0.476759555488762 0.260592508096681
-0.0115854164375673 0.00490772269417739 0.33950815518392 -0.176078011722183
-0.0130515496944082 0.00537235622606876 0.0247469548047935 -0.308190513534499
-0.00721137128757771 0.0117226647521353 -0.0617939957900161 0.24319502461831
-0.00772657602636408 0.00955925136793341 -0.258140773475148 0.0550377947191819
-0.00652719537414727 -0.0031600836660529 -0.360628086519467 -0.286581601241659
0.000599188412236724 -0.019037803517373 0.0820062924234699 -0.618332915333188
-0.0160250174418163 -0.00303843308486991 0.755810805163001 -0.245821269991656
-0.0360221100485098 -0.0105182704172389 0.597416963792819 0.478015547425835
-0.0158379650093986 -0.00355936145817017 0.0178217811351089 0.51149376878194
-0.00503277845934731 -0.0203429959336417 0.0605947446507314 0.0278981843789209
-0.0284794802322645 -0.0201728339878458 0.0495949413126363 -0.511200876688553
-0.0250078721225471 -0.00167271394884163 -0.693921476186929 -0.464296700436701
0.00280478817865687 0.00169835947011155 -0.789523172766413 0.485856790245292
0.00497829720244167 -0.0122936891098089 0.124232368733053 0.765021284605683
-0.00477886802403268 -0.000434781634338138 0.495570898350405 0.220071442106482
-0.0119663066784521 0.00945410486801614 0.332542347656528 -0.194726847476517
-0.0136832468916684 0.00138131144769418 0.0183165159998924 -0.307108776390671
-0.00328731396607766 0.00722561004830378 -0.0653466649927089 0.241293529055658
-0.00794566403461259 0.0109034061283023 -0.257084068259325 0.0475076836370853
-0.00218333400676343 -0.00134877393728354 -0.340847757771918 -0.304444812754185
0.0038132856435903 -0.0222826443577729 0.125502887559663 -0.619727356683074
-0.0130856044462198 -0.00719321530964855 0.772880936902054 -0.198836253557372
-0.0312001815083518 -0.00828715460178317 0.563154291133309 0.517347220568055
-0.0160564089816332 0.00714810864159477 -0.00542401284036397 0.511252321495514
-0.0091751526584446 -0.00791197493979905 0.0588093305062894 0.0201028115187913
-0.0275422486004414 -0.00709664464520455 0.0261632688925362 -0.515572080144486
-0.0202956638048414 0.00183049870839906 -0.724227805045406 -0.417754301079949
0.00274213457506126 -0.00147268058757013 -0.752394203067191 0.533132420436942
0.00453741880987256 -0.0147769434188123 0.17385823728193 0.744715260217471
0.00123120782462752 0.0027364944628869 0.508959408673795 0.190206527423198
-0.0119995444448256 0.0121432357212818 0.327837576966016 -0.20636231850431
-0.0113431299604708 -0.00316861416377855 0.0122855001961434 -0.305570237096343
0.00152413734675131 0.00339890874015256 -0.0690071743190266 0.239712017391506
-0.00670384399500588 0.0118149515768471 -0.258021871565422 0.0423204551219906
0.00339724080614367 0.00121821571843435 -0.324126080803937 -0.315668967208581
0.00560248084774967 -0.0236413069891556 0.152773393520223 -0.622252619849959
-0.0098573506396941 -0.00838734209751731 0.78100670962224 -0.174864820301386
-0.0234335716396982 -0.00222042793015906 0.54162221894892 0.538147766124374
-0.0156479034587931 0.0195292766924615 -0.0198301608260469 0.510867746607881
-0.0125434429941508 0.00730532887431884 0.0566480503038986 0.0169658781395395
-0.0237279282996977 0.00412379855964608 0.00990654333837704 -0.51751404944469
-0.0129072606803499 0.00443999781254659 -0.73943730490114 -0.391804790387953
0.00336198041452281 -0.00482206618445756 -0.73238911419815 0.553766145220795
0.00603170076570365 -0.0152249816866795 0.200545646469505 0.73222554952914
0.00610304366199512 0.00497897209581118 0.519867237470105 0.173117331029175
-0.00848215010703708 0.0144935993135871 0.325551378152913 -0.208916906347912
-0.00718889881988771 -0.00622973877411084 0.0109007896799536 -0.304868521434933
0.00684864093758761 -0.000319869457206406 -0.0689214109554759 0.238922517003254
-0.00258783687452798 0.012954568947662 -0.258976227589401 0.046617824952964
0.00618996495764246 0.0037786963805724 -0.319218443700561 -0.313785340772822
0.00552717943698289 -0.0226151063901343 0.156180969762758 -0.627330798629745
-0.00653197470510527 -0.00881508189927275 0.780042141067338 -0.1758769199936
-0.0154367275914053 0.00334055345691389 0.539768191563338 0.538043568789399
-0.013526361988447 0.0325102498585222 -0.0233071131863743 0.512922993816478
-0.0157077631462971 0.0209095116034567 0.0520554985181778 0.0199599042329464
-0.0190567441907369 0.0161190107874913 0.00493698005192161 -0.514704982274099
-0.00448668338397217 0.00594859082616063 -0.74241573784176 -0.392059700194571
0.00489243551156487 -0.0054254277878744 -0.734194223468158 0.552484415754514
0.00615514401861079 -0.0124723564434427 0.202768739086452 0.728853562926871
0.0113982336372248 0.0055790192895722 0.524129054685929 0.173421630712161
-0.00404592914202269 0.0135781258448296 0.325468107524225 -0.207553476614727
-0.00297595313686284 -0.0103304826128125 0.0106171800554575 -0.304950265108759
0.0128550383668946 -3.72174498281287E-05 -0.0671903446678569 0.240155122344876
0.00309876343132179 0.0130432911389372 -0.262381186170981 0.0537125538524616
0.00752564100907019 0.00565238272249632 -0.325597833333515 -0.302030398972608
0.00242750143241038 -0.0184416834062888 0.133621907013577 -0.633073902649991
-0.00435843009954002 -0.00785001554558269 0.768886704225502 -0.209929953249041
-0.00676685269740363 0.00916516159926118 0.554465060926741 0.518751295963407
-0.00977125611365234 0.0445778211062902 -0.011558018659082 0.516428536669014
-0.0171240896957943 0.0328792625906289 0.0495088970068157 0.0274048967501023
-0.0122488092620795 0.025879848392597 0.0123471973295184 -0.509099259353424
0.00438606085884443 0.00720216877170812 -0.733887347892009 -0.414074160595939
0.00736230367337967 -0.00610510238118195 -0.760367547432152 0.529474643194726
0.00737993360993183 -0.00965360648732223 0.177549074077438 0.734745157484642
0.013680335921148 0.00768449529654742 0.525059335480494 0.186144563633468
0.000571425396323993 0.0124080614638133 0.33163914262519 -0.198407078885035
0.00373924319538193 -0.0121683296940438 0.0135713826467191 -0.30485027189163
-0.0048355680527619 0.0220954130610089 -0.0427604296772453 0.246853834965594
0.00807492567807322 0.00191514797583209 -0.25950033521243 0.104838260637598
-0.0151727149321297 -0.00329150208470771 -0.427193298456104 -0.187450944849336
-0.00843073900579074 0.000340922253373805 -0.106084665332834 -0.594092500152627
-0.0129952788926963 0.0100801382615119 0.636679906064622 -0.438989168040368
-0.0333814693280319 -0.00595467787831185 0.702585304042815 0.291743449039339
-0.0102198815621204 -0.0104497641138614 0.120233380421204 0.514026720602709
0.00129969021851603 -0.0325561976258382 0.0567895921791249 0.0714155883475941
-0.0176256803261943 -0.036504293230696 0.141770352244549 -0.473062241435357
-0.0231486336971199 -0.0128657321322824 -0.556625399808608 -0.635723782445739
-0.00189257890798504 0.0128116778415053 -0.923103694046927 0.265307641587761
-0.00120818009159677 0.00590566851238287 -0.0989536915155408 0.806795671344298
-0.0151844227744455 -0.00381776345624097 0.435901730208893 0.34177231101885
-0.00260259121778941 -0.00151518467146052 0.353396100039473 -0.13938700525615
-0.00790580846279623 0.00966180390475479 0.0329488743702928 -0.313245124151417
-0.00770860714302892 0.0203119752889131 -0.0473827538434814 0.247190097984924
0.00126447301166658 0.0046835919682313 -0.259709938133858 0.0890667657164206
-0.0142622715337568 -0.00363215091494445 -0.410796038475308 -0.218977809669944
-0.006349492196746 -0.00667757355023447 -0.0487259633760199 -0.60687075159886
-0.0150646286607089 0.00566385989837356 0.681878527404011 -0.382748332935377
-0.0386279697102336 -0.0086348177535297 0.675877949051483 0.354267894622758
-0.0134216200299237 -0.012981507716792 0.0886806853981498 0.513301306386965
0.000737204062979986 -0.0344608800696538 0.0597616626839778 0.056635693087992
-0.0230723911590095 -0.0356724643495251 0.113465195418697 -0.489633326465522
-0.0277007342536873 -0.011433683695718 -0.607082327943784 -0.58284010861006
-0.000652677579045486 0.00874995261274238 -0.886350960408061 0.346153299831224
0.00131527663185215 -0.000534226909600982 -0.021953150659918 0.801499544015235
-0.0127946918690047 -0.00427328143464728 0.458826097043746 0.301701840843489
-0.00785935389409401 0.00109240789770792 0.347337046071369 -0.159994986093352
-0.0113135672281067 0.00881830209911337 0.0268784542942278 -0.31248034864967
-0.00909175555813654 0.0166204031435559 -0.0529874969245721 0.245661352843174
-0.00398764562628144 0.00712265611553148 -0.259718595953923 0.0710629009513984
-0.0107038098811867 -0.00456104517698722 -0.388650352470528 -0.253133808947511
-0.00394733855684044 -0.0138276972607478 0.0182149345900733 -0.617898377044775
-0.017049970642874 0.00199546528178108 0.725814344385963 -0.313943833631163
-0.0391810866833525 -0.0104540204528842 0.640411326189203 0.420069388745185
-0.0144987525804221 -0.0104400861158021 0.0522498309287631 0.515378264160636
-0.00266413364828848 -0.0303217233420628 0.0607646084115068 0.0407992610585109
-0.0268051186068479 -0.0301034066568041 0.0799786007812311 -0.503475557219298
-0.0283319502311853 -0.00594446631504244 -0.660553153773789 -0.519659928447021
0.000884308851923251 0.00496524320816359 -0.836613500321354 0.428145231719412
0.00352677474115623 -0.00816002916597046 0.0596583111738996 0.787105751112242
-0.00942385772195032 -0.00262231040079104 0.480774861475933 0.256213359853921
-0.0117922313960043 0.00557344353887943 0.33736073160792 -0.180612992881139
-0.0133905539126263 0.00569069859284669 0.0204759049527581 -0.310087904071401
-0.00699992340674663 0.0112742906507295 -0.0576480414161587 0.244285874234391
-0.0072528956061903 0.00915057424897878 -0.258524125841674 0.057777449009474
-0.00626038395218462 -0.00288697424386253 -0.365722556706167 -0.282690869648489
0.000154866351510798 -0.0191346221445078 0.0762342235769868 -0.623240917657286
-0.016015193769882 -0.00299935988640506 0.756550998386468 -0.253589328019726
-0.0367628271047969 -0.0102772580268766 0.603353723862447 0.476035597615431
-0.0153721682071676 -0.00264868327646543 0.0217949226885486 0.514439316804057
-0.00595493291834726 -0.0205202812978466 0.0612227301797868 0.0275964348187521
-0.0292630329506372 -0.0190304119645171 0.046759240381853 -0.515596259513167
-0.0258869201445935 -0.0019952760245813 -0.700778202025957 -0.45982257434971
0.00163969961426097 0.000912526909933441 -0.788444255039628 0.494666853386803
0.00454887321504702 -0.0122317786781264 0.13123947945624 0.766671176179741
-0.00476098610636226 -0.00035164655168215 0.501296701154625 0.218112379579367
-0.0122649200765003 0.00856798589455609 0.331328511473771 -0.198471859668163
-0.013701173234415 0.00207787102829144 0.0132081165440972 -0.308639987700107
-0.00373477100932827 0.00674635820702596 -0.0622375946622905 0.244042565899314
-0.00821669259640768 0.0110591864477554 -0.257967464855223 0.0488750407203698
-0.00214727166694319 -0.00179577607525526 -0.344699476065628 -0.30360424397053
0.00345922218072163 -0.0225057329274636 0.11976997977489 -0.622879342309941
-0.0142103017648025 -0.00706142306694729 0.775149536498993 -0.206048414860118
-0.0310082906255632 -0.00694568558834368 0.569528135507298 0.515545845115842
-0.0157941464483121 0.00698924914884104 -0.00219833648625029 0.513988429545792
-0.00842688018915647 -0.00790650946821304 0.0585951791677292 0.0200849538236074
-0.0274867372792646 -0.00698752909826886 0.0221296162509473 -0.520701962638746
-0.0206451495425248 0.00204059079970237 -0.72871001069851 -0.415546319030898
0.0023857731761072 -0.0021904022426274 -0.75094897291082 0.541397629697113
0.00549540617037713 -0.0149157133980912 0.179905328588899 0.746959798584525
0.00112566031696895 0.00293107035100132 0.514282159613448 0.186521855296507
-0.0114556493757824 0.0121486355870726 0.325922837246288 -0.20951830111971
-0.0113066649082963 -0.00190045447754675 0.008839727663968 -0.306197701082446
0.00142343786432081 0.00119582311066896 -0.0652998730723966 0.243044902918326
-0.00698360924717151 0.0126229505244539 -0.259047207532971 0.0452396765679329
0.00278494698971979 0.00137609463092692 -0.327776459888347 -0.312952228206836
0.00549057871730536 -0.0234484134972786 0.148805136930618 -0.626188244589841
-0.00990843083037473 -0.00872107771767483 0.784463555280936 -0.179559946407228
-0.0236790769024256 -0.00180535290522067 0.547137562397809 0.536864804687377
-0.0148857417094526 0.0197946240253691 -0.0165252963232826 0.514400279452796
-0.0127438632659912 0.00674490528966309 0.0560421560075336 0.0160798334331176
-0.0237602156274063 0.00582640102734519 0.00682897081327687 -0.520167167978768
-0.0130783505508514 0.00477723723615981 -0.745707327035134 -0.388001077233923
0.00314710990955037 -0.00506044880832949 -0.730697458293051 0.561184428139957
0.00507685135317017 -0.0148726364630081 0.207762752059283 0.733937693936927
0.00626192331138464 0.00518575158640325 0.522658680652228 0.169333256579913
-0.00878876367452574 0.0147467002001097 0.324509335021732 -0.21394707977192
-0.0082469637246862 -0.00693089454441426 0.00647804939884951 -0.30602905902325
0.00704569793732525 -0.000798762244749477 -0.0651444651993086 0.241349950588825
-0.00256379172327189 0.0133860199238731 -0.26115732448419 0.0478710670835357
0.00656117127444237 0.00376236943051844 -0.322655647223304 -0.312116661668069
0.00503052818556695 -0.0223633284560448 0.151525115563775 -0.632070133585824
-0.00680745825112244 -0.00915148691949618 0.781781079803434 -0.184012172339899
-0.015304172628279 0.00377121515341798 0.546053502535402 0.537540101316803
-0.0138203958648428 0.0325232651325529 -0.0186919975774697 0.517216318679277
-0.0150305555497598 0.0214574397667003 0.0529966340811762 0.0191727439872732
-0.0186624956842134 0.0174720456901801 0.00214586871235398 -0.517735265244233
-0.00512415077002477 0.00534936965245542 -0.748730579296621 -0.390042410031404
0.00493139319618044 -0.00639811710830998 -0.734563194862485 0.561533062060177
0.0067578935878787 -0.0131956769158324 0.208211819845775 0.72968082368262
0.0108079112326386 0.00562074037928271 0.530365750282801 0.167921130271041
-0.00350295192300394 0.0145718399236866 0.325438899254945 -0.21199981920709
-0.00210009443852464 -0.0101593826944456 0.00726061208128248 -0.306194569033174
0.0131889559599756 -0.00141942658009119 -0.0624699481155534 0.241597473639988
0.00304963619355827 0.0135461281056218 -0.263815198208178 0.0564941545490589
0.00808489900636733 0.00535639100010069 -0.330328229316346 -0.300693791650851
0.00303292794145132 -0.0184066975869153 0.127299579382009 -0.638860817660419
-0.00374131414316906 -0.00870534558228533 0.770223505846462 -0.213916219795817
-0.0066689835402017 0.00947063654559169 0.560310456036362 0.514971268106786
-0.00900284538619146 0.0441965505824224 -0.00779351942412327 0.52079002434777
-0.017691319365926 0.0334975642838924 0.0497497966383141 0.0277300092037082
-0.0118844855653136 0.0266185903538147 0.00952310978272104 -0.512324414873334
0.00396559695245113 0.00652721264593617 -0.741297434349961 -0.409613816555035
0.00802116186754212 -0.0061054472825593 -0.760896779580979 0.537320494607035
0.00663204341093036 -0.00917133592352945 0.185344767071183 0.737345973355839
0.0140654066254453 0.00679433416674878 0.528106677054234 0.180910176550435
0.00187004365203687 0.0122664786209365 0.331956743229612 -0.202802110502956
0.00277878171016915 -0.0113902046958965 0.00947362776090305 -0.305898448909579
-0.00428037366587174 0.0221992232058661 -0.0384253598180197 0.248600112898483
0.00733457153664379 0.00108271656493915 -0.259056333800212 0.108714582687675
-0.01520069511829 -0.00339260787885322 -0.429573163298476 -0.182284231708677
-0.00825679041333871 -0.000141103128391924 -0.111282068630338 -0.594877861236155
-0.0114897934117966 0.0105602306370829 0.635412558240856 -0.447018585775675
-0.0343248353574015 -0.00530557183826239 0.707956387664304 0.288046708550467
-0.00985083501822785 -0.010630669240619 0.122928187129903 0.515222566475494
0.00184256789767421 -0.0324992549543536 0.0585184686010671 0.0719587259962595
-0.0180329688558409 -0.0356641033067434 0.139634488015741 -0.476948617515604
-0.0244267536331832 -0.0125187100378182 -0.564929550689315 -0.634605345252393
-0.00165043054113094 0.0136699260677075 -0.925976365932361 0.275697974527714
-0.000820030120495596 0.00613501904448112 -0.0911787975396543 0.809297860046154
-0.0155351136423913 -0.00369081507139562 0.439662939164561 0.337707890902565
-0.00171072246318321 -0.00128294495930636 0.353101083870695 -0.143783241636743
-0.00732208501019175 0.0106927017523148 0.0283409530817717 -0.315916361327044
-0.00726801908157397 0.020089580493926 -0.0433107088164326 0.249009559910037
0.00098916903701178 0.00445295963494927 -0.260595722347265 0.0910932571659828
-0.0150556761169198 -0.00465139145380147 -0.414004857613884 -0.21607626498614
-0.00572208671183341 -0.00649408629311986 -0.0548626411262486 -0.607870459319393
-0.0155382836803221 0.00708360960630903 0.68174065054896 -0.391327609952043
-0.0390699504771339 -0.00796801454687559 0.683575088184811 0.34901602845474
-0.013097033835986 -0.0126707442039395 0.0924919470419372 0.517495431035121
0.000304832138294538 -0.0346819726329763 0.0599329669056591 0.0555736944534532
-0.0236837646297052 -0.0359080051005378 0.111697334679886 -0.493555793242532
-0.027717047904265 -0.0101827888938685 -0.615100432044954 -0.583419679979823
-0.000448497398899961 0.00868310280713003 -0.8858176618018 0.355257548890695
0.0014838002602786 -0.00138020569622217 -0.0153199208203141 0.806415695194197
-0.0135159051614959 -0.00379038281831744 0.464386137251356 0.297874498850973
-0.00751161496534872 0.00181735718134597 0.345874735057724 -0.164215383735365
-0.0115288790888548 0.00877585923400784 0.0211422799458295 -0.31419533755711
-0.00875903103180497 0.0159335883277809 -0.0486079489425309 0.24728818417018
-0.00432441568003133 0.00760237310774874 -0.260605764203405 0.074893104873893
-0.0115628522478633 -0.00337939477974279 -0.39316576660915 -0.250008278102716
-0.00375138817452446 -0.0135175942704077 0.010251478404505 -0.618835343293544
-0.0171583518480608 0.00203718820078313 0.725906341975969 -0.323516170152315
-0.0401650103058634 -0.00978607331906622 0.647306208289423 0.415055404287812
-0.0144474588451851 -0.00992859507583965 0.0573925075483069 0.516649429362038
-0.00259806171348917 -0.0299251865512268 0.0615448903533711 0.040488951543248
-0.0269190042491558 -0.0294122332700217 0.075289205078677 -0.508115717531191
-0.0286575272647035 -0.00616258078006398 -0.666490071783632 -0.517389120455175
0.000720098738822134 0.00475832340927251 -0.835067533732748 0.437908417759519
0.00390388977864489 -0.00740524626922058 0.0691238191902383 0.789499221303256
-0.0101345715367355 -0.00257536152968949 0.485764896098693 0.25367277738442
-0.0109393256729963 0.00576468387462445 0.337661739503364 -0.18594856633002
-0.0137405284492303 0.0060555416737886 0.0154065216466406 -0.312082680047447
-0.00723361186960217 0.0110544493022808 -0.0540100321487672 0.246231134778148
-0.0069288407763927 0.00901801339652636 -0.259395394405997 0.0610054866451045
-0.00666836940023275 -0.003148272452524 -0.369364703012934 -0.282037851039422
0.000114205444987582 -0.0191271628249391 0.0714167170747616 -0.624874663407119
-0.0162494036812927 -0.00282814126435151 0.757497718486767 -0.261129597663892
-0.0366069612439819 -0.00887736175991353 0.607620299815671 0.473009598299359
-0.0156069034902203 -0.00272955206184626 0.0254001911774792 0.516723550461
-0.00528235953867064 -0.0210318746974056 0.0609038601615273 0.0282871666254804
-0.0288791482575465 -0.0185673809088377 0.0422936695683255 -0.516454597310658
-0.0262344292377462 -0.00155409375379819 -0.706262254364065 -0.456750211639505
0.00219431437424234 0.00105199454896325 -0.788804413264333 0.505514796253014
0.0044270030241023 -0.0124615823595511 0.137759340149738 0.770993440309341
-0.00502345145512946 0.000456576275724943 0.50567237912016 0.21311885767694
-0.0114864079843453 0.00989721405708104 0.329529785684541 -0.203102576627973
-0.0139437156115391 0.00230191449752392 0.00870415143146865 -0.309628134868133
-0.00334436925185875 0.00650659305058244 -0.0575319839773497 0.245347052336085
-0.00850245953577127 0.0111345455750258 -0.259221045406027 0.0520801265458637
-0.00159935883095348 -0.00172063433085585 -0.348387174778862 -0.299616526455831
0.00322661040801014 -0.0240027941758055 0.115322767851693 -0.627257293242084
-0.0138330376146995 -0.00641041814219966 0.777704003479682 -0.213176144979297
-0.0315761637465869 -0.00614056462488982 0.575913922512527 0.512214026787037
-0.0150707375794655 0.00690757804745017 0.00207568940612722 0.517241662581696
-0.00876590479359997 -0.00795507715753099 0.0594557752679833 0.020525846700183
-0.0279206250496581 -0.00653479919694267 0.0177353265889152 -0.52262470256861
-0.0211005368468753 0.00270253078043186 -0.735407096337508 -0.412275037708778
0.00286340523233845 -0.00275463065365945 -0.748548364033247 0.551038057831809
0.00488000554453645 -0.0149534425439346 0.188587363794125 0.748290381629523
0.000970680052210808 0.003132496008977 0.519319160163046 0.182065995462304
-0.0108084252530698 0.0129435277248833 0.324778694934643 -0.21441292715956
-0.0123994682124664 -0.00267186545996178 0.00404609314881256 -0.308328083630511
0.00147813990571928 0.00136683788026349 -0.0602622096736856 0.24419701868345
-0.00654382854550484 0.0125565211221209 -0.259628770830101 0.0488293338307111
0.0030406024669219 0.00129624643415477 -0.332652653935718 -0.310040108001773
0.00475216774628185 -0.0241947681250571 0.142742012378873 -0.629649513609627
-0.0106431712878548 -0.00897611959102574 0.786239907466706 -0.187526112323804
-0.0238772090875674 -0.0014233637799476 0.552652018022253 0.534274003963455
-0.0145404297148657 0.0202527364281864 -0.0129040551713597 0.516557445272822
-0.0117979266383089 0.00708235025052198 0.0571938066680271 0.016955757444278
-0.0233794059826098 0.00542640416358573 0.00212308611282352 -0.52317760334675
-0.0136921571844492 0.00521611308271171 -0.751391328596437 -0.383388630462758
0.00282545904679395 -0.00581732077494805 -0.728503435394945 0.57219773480494
0.0056070654294206 -0.0153502116011956 0.217067803803948 0.735683893955517
0.00585354831674105 0.00393674173913616 0.526857472996923 0.163087181698829
-0.00812838084456682 0.0150061849686718 0.322727271093844 -0.219533113722078
-0.00876708904410172 -0.00574056237091825 0.00171371814704324 -0.307452552633362
0.00672089329827686 -0.00120065903104233 -0.0610395326849397 0.243415993655942
-0.00277936175009014 0.0133558441351081 -0.261162434914944 0.0506931204828926
0.00672732763096788 0.00357448962916482 -0.327456034953433 -0.310167788555224
0.00504395607370839 -0.0219954326966717 0.145421107328196 -0.635602431176708
-0.00702116922174484 -0.0083013796720869 0.782888638643961 -0.192026045261769
-0.0154538975123155 0.00514672274525552 0.550363544339398 0.534342677980832
-0.0129872503405575 0.0328749844869476 -0.0157273790731822 0.519288104814358
-0.0146665575116392 0.0214153249197665 0.0537770703886168 0.0198448435456833
-0.0178948316698359 0.0175868633425556 -0.00236191726603203 -0.519361145469271
-0.00528226625177035 0.00561351476211905 -0.754725369300637 -0.383330791303814
0.00536888685346642 -0.00671927358332426 -0.732697126635908 0.571455406445771
0.00593655299898364 -0.0125547460138528 0.217150949434169 0.731642900836659
0.0111534399040516 0.00609238404436598 0.531831480726078 0.162760030545442
-0.00330262148752554 0.014792950484046 0.324012272546388 -0.217111630543876
-0.00348569111534034 -0.00931749407203047 0.00206801313012524 -0.306757140244885
0.0123484913667006 -0.00232241280009628 -0.0584124897894302 0.243569573651174
0.00248198263854106 0.0130611855519612 -0.265179023376157 0.0594873836441759
0.00788831351375498 0.00509406797546122 -0.333425305555297 -0.297659955607844
0.00290119853696436 -0.0180737250586931 0.122572539784148 -0.641926157666571
-0.00397579244604647 -0.00774411394205725 0.771866399310324 -0.224147510160338
-0.00630885880337082 0.00986835671433556 0.566790210458491 0.512098382570497
-0.00997854997601793 0.0453975530611269 -0.00392062667750586 0.523768434701538
-0.0165322568906915 0.0338030829413889 0.0502147765325558 0.0275054415817054
-0.0123703649660239 0.0272901130602871 0.00549543980787241 -0.514805476011611
0.00318628887156818 0.00638342067246146 -0.747282398727832 -0.406228805115839
0.00743733938961517 -0.00738962477539744 -0.758843614691436 0.54636959536344
0.00700762901793326 -0.0092177553240537 0.192187167369969 0.738139650893189
0.0147064578057011 0.00701349424479057 0.532467247848801 0.177288124521885
0.00156490091410938 0.0127100879235981 0.32964589907309 -0.208419634716234
0.00229229810803706 -0.0118766279271179 0.00413453546579624 -0.308094733668262
-0.00389023567035724 0.0223085962631667 -0.0328744955553345 0.249879255168187
0.00796052602629846 0.000543397279241058 -0.259803380461078 0.111581690946488
-0.0153063432527342 -0.003149969188503 -0.433106444014194 -0.178001507246399
-0.00830798922247873 0.000691226673691683 -0.119326397423923 -0.594912830176053
-0.012539102621342 0.0108708562678448 0.634501494528503 -0.453794664340424
-0.034159671212525 -0.00504117750624062 0.712913234697541 0.280929551981752
-0.0103583611392646 -0.0108923726895862 0.127145989954355 0.517143489159915
0.0012572294901138 -0.0329707660077193 0.0586538968088804 0.0712338032612748
-0.0178095738764853 -0.0360334257126998 0.135150525929904 -0.480745850511077
-0.0242374751883706 -0.0130063619032811 -0.573636994330901 -0.632769655626992
-0.00183238917660554 0.0123906051784583 -0.926239290676786 0.286712517053042
-0.000459444539818691 0.00633499273636363 -0.0814558886518253 0.813949001039497
-0.0160192286842539 -0.003585568728171 0.446641509446921 0.33329451736591
-0.00246279362217459 -0.000853609083903318 0.351808643215349 -0.148805409879826
-0.00757810330541489 0.0110453582575566 0.022208603444894 -0.316703899444468
-0.00722432851862312 0.0198959674468759 -0.038872696221776 0.249572730619549
0.00139963303633116 0.00391359270167023 -0.261126665635054 0.0946512236173854
-0.01430827108603 -0.00323981786401549 -0.418849790533805 -0.210490360752145
-0.00649460166748022 -0.00638413361020962 -0.0604340677557549 -0.609322847472219
-0.015678295690414 0.00673365033329521 0.681679046214791 -0.400166862608151
-0.0385289358776463 -0.00653121376357011 0.688019130188174 0.343878434948783
-0.0129234339412526 -0.0126365148330575 0.0973247652817615 0.517288672359224
0.000112685637556912 -0.0352753292890884 0.0610322651953261 0.0557521200210332
-0.0230826990485474 -0.0356353961833384 0.106261687780693 -0.498340432889566
-0.0280834288854791 -0.00956771824216567 -0.622024595379298 -0.580252742869037
-0.000243948032676765 0.0086821500228579 -0.885982444685086 0.366920935423757
0.00210483241810924 -0.00163240422543184 -0.00467224323507423 0.809056753271483
-0.0133462759343825 -0.00302065640258744 0.467967695117758 0.294610896752674
-0.00809407180998157 0.00215566747795827 0.344435222269468 -0.17018255055957
-0.0116501486444974 0.00932966175499156 0.0172885921126929 -0.314931029225645
-0.00821146979968277 0.0158018813551845 -0.0448088442833541 0.249374380029101
-0.00427668970243153 0.00700461339861608 -0.261466815764342 0.0785939139458616
-0.0115346631603175 -0.00387249676633935 -0.396660696543769 -0.244598713611594
-0.00405776557157382 -0.0133818382460906 0.00523954521444927 -0.620872217593886
-0.0167125846368559 0.00265725337253009 0.726200124529785 -0.331156906448206
-0.0395963063107059 -0.00895329486750467 0.652228450373349 0.410840521967975
-0.0136572498358591 -0.0106417542184897 0.0611971252818773 0.519321566283818
-0.00217167088179274 -0.0304410564027967 0.0614874948989371 0.03993774455398
-0.0280219597470575 -0.0289482936840249 0.071137461996715 -0.511598505701062
-0.0289378290298865 -0.00580899155473991 -0.673912545847932 -0.512789257649192
0.000956551640350255 0.00463835728896047 -0.835049040959763 0.449240705286674
0.00322643997581315 -0.00785031389231409 0.077841600027556 0.793383040696456
-0.00974586043030492 -0.00220292523581773 0.490436264100291 0.248451986954636
-0.0107913310718324 0.00599201524005105 0.336742002995453 -0.190980274211705
-0.0141446700510131 0.00634703667453117 0.00971632298491098 -0.313211827730011
-0.00637926406736202 0.0109450993880671 -0.0503914278982021 0.248042073266915
-0.00795797703074827 0.00914773823569571 -0.260250462836497 0.0635198891490239
-0.0069283389382594 -0.00332430428002599 -0.373941410346799 -0.276166559480784
-0.000284845847821115 -0.0187731389107197 0.0655160876193214 -0.629050350795985
-0.0165136634005545 -0.00271669240454836 0.758667116500441 -0.270170917116089
-0.0373869430766995 -0.00837159180976667 0.616265994790268 0.468393828034891
-0.0145315092712939 -0.00290855846803515 0.0310342818256134 0.519371993016134
-0.00502402973405926 -0.0202831328591293 0.0615695753242784 0.0277473699468048
-0.0288077796593874 -0.0180845474122344 0.0395159256436399 -0.520441711495408
-0.0267279118208659 -0.000877893867222018 -0.714006673641391 -0.453316099273016
0.00167955951502856 -0.000178050433446539 -0.784869479547737 0.514313646004689
0.00431590896630618 -0.0120304258766273 0.14669219716408 0.771629131252681
-0.00466900632563938 -0.000184454041905013 0.508702788602469 0.207793754250674
-0.012536549043448 0.010116450339687 0.328120370225877 -0.207621563005845
-0.0139998962127718 0.00242422399774148 0.00313103698483959 -0.310742084836863
-0.00309541850031575 0.00490909170614362 -0.0535972492081617 0.246889992397665
-0.00816877997304116 0.0106382450689957 -0.259533053368747 0.0553717354168286
-0.00178256089429278 -0.00172999245821953 -0.354063944628125 -0.295313120011918
0.00307943052569215 -0.0228824254154196 0.109561388728143 -0.630397313341933
-0.0142240236611894 -0.00571666769458768 0.779263129958443 -0.222230906100307
-0.0313942048892404 -0.00538708552106601 0.581938408036504 0.508378164919175
-0.0147510813617362 0.00769833169311234 0.00799165573934473 0.518521268058214
-0.00913125901195641 -0.00765235271095804 0.059705197323219 0.0195914542162908
-0.0283183336365786 -0.00592040238450291 0.0152116576845868 -0.524907134252514
-0.0215964598717758 0.00314734191450381 -0.743422902897652 -0.406473309377029
0.00224482594577268 -0.00324549699969387 -0.747058377161636 0.560605547547727
0.00441035921537042 -0.0154498093597893 0.196265942588901 0.74922789090033
0.00112801577953991 0.00227615362702391 0.522094689138804 0.175152872432445
-0.0109280548998448 0.0129616789174956 0.322201121239303 -0.21880908526949
-0.0119010721195404 -0.0022830542818915 -0.00174414000750906 -0.308119733701284
0.00124284253385966 0.00134915230735033 -0.0561589018327768 0.246087238247611
-0.00636347245775991 0.0125718821588483 -0.261299749828319 0.0523091487114574
0.00269699229516395 0.00107545505656708 -0.337766286851713 -0.30824437695819
0.00517359102893577 -0.0237645679201429 0.137366271604436 -0.634031168751716
-0.0103840100317732 -0.00831829359443538 0.788610845102762 -0.198280202117426
-0.0239216310093464 -0.000733610968562044 0.5593743753778 0.531265327845803
-0.0139659453851395 0.0203482483253799 -0.00899650064567824 0.520508064222839
-0.0123940753659754 0.00698307824823946 0.0572610337544124 0.0166861626812979
-0.0236450070051196 0.00615829727532464 -0.002010555681948 -0.524768313584318
-0.013446736222019 0.00511636029405381 -0.759645036114695 -0.380588553212055
0.00303200113025833 -0.00571489578203845 -0.726267014967655 0.582628918862154
0.00489624395046597 -0.0157554701042749 0.224640973801066 0.735589088063766
0.00656112206356276 0.00411553706744034 0.530753663369069 0.157012892661249
-0.00698611432853089 0.0149937652568893 0.319883749822153 -0.224920674514425
-0.00931021790023588 -0.00652870628341583 -0.00361703734894594 -0.30870978121257
0.00695585063266121 -0.00144275829150703 -0.056648781306432 0.244848889846184
-0.00250852167174176 0.0137722716224539 -0.26244812335429 0.0545075233039329
0.0060116338431299 0.00320765586727026 -0.330773111981875 -0.307051386401149
0.00458411419966751 -0.0220160927914368 0.138680012129126 -0.638351749350082
-0.00755349326213398 -0.0091203409106757 0.785499979015102 -0.200575212222085
-0.0152778221352494 0.0046754834225048 0.556536204844585 0.530784623846145
-0.0130623183425381 0.0331360623213271 -0.0110367532074309 0.522498172304193
-0.0141745969803211 0.0218738234492438 0.05321472570829 0.0186511490404615
-0.0174373521972482 0.0174134335804745 -0.00768355761854103 -0.521698411618913
-0.00510600692709884 0.00604947889713402 -0.761330731979618 -0.37974700320134
0.00453432524561869 -0.00647750382909012 -0.729947261688689 0.58131942258167
0.00629101835244822 -0.0130493555422522 0.225562282547761 0.730616936223146
0.0113237480506535 0.00623961420276411 0.536472519509471 0.15724589710958
-0.00301405433190463 0.015431177892699 0.321760870720166 -0.221710403532041
-0.0032366704674389 -0.0100285539319958 -0.00368851291809468 -0.307785318187541
0.0118456002176153 -0.00279256778583863 -0.0542494806523026 0.244505660598859
0.00396123829406578 0.0127520271208677 -0.264995727723147 0.0636468081360148
0.00840522129798614 0.00491343403942144 -0.337889657734667 -0.29405780551561
0.00238176626402562 -0.0184293846998028 0.117126260187974 -0.644367670647187
-0.00369408619192646 -0.00803570548022985 0.771483240886746 -0.233774196587617
-0.00626225034488472 0.00981540736360436 0.572655648323794 0.509929938275837
-0.00839280674547461 0.0450771238587383 0.000557657842369956 0.525409179315059
-0.016550958415846 0.0342607981372596 0.0502749932447538 0.0275114226946467
-0.0116385745734491 0.0268429653983199 0.00179488827480243 -0.516767720899592
0.00374880021750749 0.00705203599670657 -0.753043277118146 -0.40082945273775
0.00628664086903326 -0.00742599951983193 -0.757457007860572 0.556825860921422
0.00708903852312016 -0.00991272557528605 0.200148123645126 0.737727275376127
0.0142640802286701 0.00668179167796799 0.535851480581758 0.171539769528219
0.00196169569062529 0.012375848322177 0.327033914440928 -0.212322464517193
0.00239677418116688 -0.0118701512239154 -0.000561304171548652 -0.308882505997179
-0.0032697088650807 0.021487724592586 -0.0282498421998112 0.250889219239562
0.00713618922647021 -0.000267937059783847 -0.259413271249732 0.114552137733386
-0.0157040897569423 -0.00243535458128417 -0.436264657304583 -0.171818996188113
-0.00797975773087361 0.000738886657300821 -0.12440196081404 -0.595063804287196
-0.0124416029471012 0.0105640362161283 0.632647141016375 -0.462716633622627
-0.0344956648765512 -0.00417477708829193 0.716780655338668 0.27303019261124
-0.00991704074470186 -0.0107386960572071 0.134023602745979 0.516929898032256
0.00133523530847562 -0.0327001806695491 0.0587544365049446 0.0702688580459189
-0.0185381892185633 -0.0358874583203388 0.131490878431786 -0.484941922733546
-0.0253233248219212 -0.013193042423754 -0.581335931441601 -0.629639384206749
-0.000796719584738689 0.0120937451279931 -0.926341458044288 0.29902037355047
-0.0014487153621047 0.00620431702546909 -0.0712161521168993 0.816969058681406
-0.0149121832563991 -0.00315254008798882 0.450664863713341 0.329013995063502
-0.0019268528217266 -0.00140801539277619 0.349460682774527 -0.153570639728585
-0.00726501594938091 0.011660565800378 0.0169209307763406 -0.317717000641856
-0.00741833208594424 0.0196755615224615 -0.0343490556506389 0.25127183670247
-5.07097505901941E-05 0.00312416634262771 -0.259832771330182 0.0991489096103628
-0.0146803631736375 -0.00285542071019232 -0.423321327207017 -0.204716107849475
-0.0065272440600333 -0.00617971705340588 -0.0662228973785193 -0.609502028647228
-0.0159592718724234 0.00756620464491454 0.679701253430956 -0.408448811586954
-0.0392963843194 -0.00578947746641842 0.694382302480421 0.335381054248406
-0.0124554007198651 -0.0124682488250626 0.101335026320361 0.518891522252909
0.000574285232856026 -0.0353443505532606 0.0614422414828848 0.0553154059448341
-0.0243168417097753 -0.0351437376837821 0.102528685540635 -0.500179492150983
-0.0290062162967511 -0.0100332956087752 -0.630006782937519 -0.575575308547062
-0.000748054424676941 0.00846374654715924 -0.885336327648692 0.376911999333234
0.0018032368502087 -0.00100598353880556 0.00543553725544336 0.811776558814731
-0.0140768739674471 -0.00255778086202637 0.473094545615362 0.288612807773415
-0.00717156940060657 0.00207323547340791 0.34192288821035 -0.175619961304109
-0.0120913369882653 0.0100351184616899 0.0102749914658982 -0.315757847787508
-0.00801628504143648 0.0151562463736361 -0.0396965002575053 0.250275946409407
-0.00419546970308436 0.00653627640234633 -0.260999856055212 0.0826534131527991
-0.0116725336300045 -0.00357581804386393 -0.400802164091166 -0.240529839310017
-0.00397257561977167 -0.0140354016830448 -0.00280675863318897 -0.621354465778044
-0.0176280147964479 0.00283911433636973 0.724513415957325 -0.340314831552289
-0.0402397838084268 -0.0082967556042232 0.659011479257357 0.407059850626649
-0.0140882925591542 -0.00993612695664169 0.0665798555742425 0.520474205887896
-0.00242167269409085 -0.0302301057085272 0.0626398128707505 0.0395691072939212
-0.0280572172011156 -0.0285904336977398 0.065650685283507 -0.515398603515797
-0.029605417182214 -0.00596589343851933 -0.6823381935136 -0.509097831530483
0.00110492575574802 0.00394084579484516 -0.832376402191986 0.461351537660326
0.00348859542749193 -0.00706743776013878 0.0845645999329345 0.793094265627482
-0.00947725609732235 -0.00184075287900107 0.494567459517881 0.242149499005656
-0.00987744431210062 0.00678638331261777 0.33384075533348 -0.195851044828325
-0.0144774431800107 0.00620757048647975 0.00382910732944069 -0.313071598901477
-0.00628854765041581 0.0104358581467145 -0.0449291465901191 0.249420056871823
-0.0074102381705236 0.00894741840648415 -0.26132557177874 0.0685720404731443
-0.00712715531480615 -0.00285931016109111 -0.378682823984157 -0.27238837664591
-7.91403325949378E-05 -0.018976340356373 0.057576058069164 -0.62872491104516
-0.0167525649854692 -0.00242133927632719 0.759519967455582 -0.278701297947951
-0.0368399295686215 -0.00777286791597092 0.622049204128266 0.464345536647056
-0.0146858840360449 -0.00269151462037759 0.035476027955341 0.521591969550571
-0.00566195470885387 -0.0206569126691708 0.0622798717176264 0.0271732266386006
-0.0296742315207453 -0.0177854232372877 0.0343077936742179 -0.523322060358362
-0.0266677705217221 -0.00103412837180481 -0.720448847189403 -0.448442823775611
0.00153923107004153 3.22952848766976E-05 -0.781103335485987 0.525073278291046
0.00331164403047486 -0.0126815908512263 0.157455120335461 0.772768637219894
-0.00390378166808247 6.36964578328049E-05 0.512264497518753 0.20131427634509
-0.0113301095722739 0.0101527465705486 0.324645517658419 -0.212750817137975
-0.0149752259732359 0.0025917764789552 -0.00271606618112108 -0.310956053457311
-0.00353901727122704 0.00508881962957354 -0.0490707302975295 0.247954608756878
-0.00836658979667856 0.0107422412760408 -0.259636649090767 0.0596774577399775
-0.00164664727855529 -0.00157655020387556 -0.358503425089858 -0.291827378009079
0.00255119610916536 -0.0230975510795896 0.104099779813774 -0.632648826552147
-0.0147133250140919 -0.0063701816779101 0.778894174647369 -0.232764143943815
-0.0316717317712543 -0.00493167752539357 0.588280652868931 0.504133663511673
-0.0149379977944251 0.00788121577451902 0.0125727333125675 0.521786719559022
-0.00934577543771499 -0.00718366998327802 0.0600410666645045 0.0191683646792492
-0.0283371049477963 -0.005106116165132 0.00787263984035859 -0.527630332883518
-0.0215958120261258 0.00240954016375087 -0.748159009403715 -0.401054848935461
0.001934288485901 -0.00427660610646849 -0.74444798478999 0.570321054181308
0.00467252285902122 -0.01513267199289 0.207198748510257 0.751132808710634
0.00116510680694602 0.00274280719731002 0.523632934958359 0.170825229745801
-0.010493291282523 0.0134785546858768 0.32058941666111 -0.223851745624447
-0.0128323968915091 -0.00221517203538688 -0.00780651423621719 -0.309047491214581
0.00191783000972567 0.000667636344745138 -0.0511769851777236 0.246201495018655
-0.00578726316587094 0.0115404513275489 -0.260597078148885 0.0554450249935134
0.00325494869943542 0.000692766014560722 -0.342075899430251 -0.302808649709149
0.00451390568769178 -0.0243621804645401 0.129721651328847 -0.637371233814666
-0.0116889409930506 -0.00789687462639583 0.785479871248056 -0.206976850331467
-0.0238471486468518 0.000151759989258066 0.566367837566978 0.528264362307799
-0.0136099915213839 0.0207381330422799 -0.00397154746264035 0.522453273027026
-0.0113286690366108 0.00734078972995691 0.0576457665976747 0.0165449259042149
-0.0233745844564839 0.0066594671458543 -0.007585143241266 -0.527101358368705
-0.0143878420260545 0.00484678271703261 -0.764400724511836 -0.372305951680258
0.00326988888371398 -0.00526212082631706 -0.721007056357107 0.593240265941147
0.0044287556071148 -0.0142159031436935 0.233487196657044 0.733089054058266
0.00683218051718116 0.00464164167782378 0.532906028658991 0.150348592952461
-0.00669794066363143 0.0154139780277727 0.316978947556919 -0.228902568132454
-0.00886078044250541 -0.00577918145826254 -0.00941163365807374 -0.307866608237299
0.00661417261399078 -0.00223391894090234 -0.0513631433177316 0.245758300287562
-0.00261814777243525 0.0132522156585722 -0.262310073117523 0.0585581616004234
0.00578918193609824 0.00336997117486398 -0.336453273849223 -0.302799208154196
0.00419050794943257 -0.0227590586825336 0.13087626626364 -0.641562116019309
-0.00806846699739908 -0.00870305328262408 0.783894063202759 -0.208585534648492
-0.0152240348337205 0.00503308833157812 0.564433436170665 0.52750633107473
-0.0111885661309376 0.033362853764137 -0.00558847612957922 0.523979622095548
-0.0142302453716494 0.0213639329176153 0.0540973713317181 0.0194518646451395
-0.0171814853263064 0.018474947372287 -0.0119934948050569 -0.52335601190731
-0.00577487204043453 0.00663709801357136 -0.76676579220406 -0.374816669127377
0.0041962656374578 -0.00737222570390446 -0.726314194253833 0.591855547110678
0.00530715910422458 -0.0133922985057406 0.233131639003762 0.73109836557627
0.01186213403692 0.00569774692719123 0.538841920980537 0.149843082019753
-0.0023000678244756 0.0153499048860761 0.319606407685972 -0.227116154554159
-0.00404607769016436 -0.00980854796701648 -0.00904068040564583 -0.307473401553383
0.012169393543212 -0.00333861864859872 -0.0489271717949524 0.246188895217509
0.0035548237296519 0.0125063974213888 -0.264875240396762 0.0675115798959544
0.00841056551550787 0.00530564216671126 -0.34166172745629 -0.290782477784102
0.00133029089506889 -0.0179662786851789 0.110261120656795 -0.650303440301461
-0.00450540266756027 -0.007931893238598 0.770679466837709 -0.241682798311684
-0.00633187098307405 0.0105714685563287 0.57911699569309 0.50559775532808
-0.00838949197294228 0.044501626841515 0.00365884844503086 0.527508970145412
-0.0151415928539525 0.0340870355319808 0.0511795889277434 0.0281026383462628
-0.0105901706225459 0.0273122316414578 -0.0041526611977436 -0.520224079429652
0.00323470832284984 0.00666947686048686 -0.760427189360423 -0.394655162693232
0.0064324712178828 -0.00817511519853439 -0.752528055112852 0.568006034217468
0.00674306523669627 -0.00947106849511495 0.208285580055448 0.739760902359318
0.0147425631024002 0.00634333815558384 0.5389532340022 0.163819136862743
0.00267832053916274 0.0131874640094433 0.324170583120784 -0.218605235244012
0.00149277564836588 -0.011860148957916 -0.00620652109511502 -0.30821728000682
-0.00317467965088235 0.0208364676428908 -0.0231042870458632 0.250659518675273
0.00679873110733154 -0.000249969319716657 -0.257071493721978 0.118260265968235
-0.0154143213432586 -0.00308906872058483 -0.438393227231837 -0.165540273525307
-0.00733021976053298 0.000802731290906905 -0.131618503177718 -0.593771934689689
-0.0120554594602697 0.0116123559058046 0.629344003397917 -0.472237871847328
-0.0342531649599223 -0.00286594213303137 0.720835110648933 0.265616263487964
-0.00872845061446892 -0.0105130267059826 0.138405134032872 0.516339796190685
0.000575034754367827 -0.0333635321390486 0.0606536272148953 0.0703248938886439
-0.0191118318691635 -0.035284374502591 0.128078290874007 -0.487732436482654
-0.0256246540071632 -0.0127056580832026 -0.58831857501113 -0.624553537050905
-0.000606740115088409 0.0117228994895548 -0.923758184271368 0.309156310940169
-0.000226815787911897 0.00592384988151611 -0.0614814437938797 0.820686215510104
-0.015496080681522 -0.00331286479152372 0.454746580873981 0.324656297414327
-0.00137073780309835 -0.000595626899226128 0.347466002279422 -0.159602309091856
-0.0087300054861203 0.0113854268732041 0.00993654582497571 -0.318394295874552
-0.00694928238867773 0.0193630462395627 -0.0281301124406839 0.251033367345185
0.000586061539297746 0.00358147351083194 -0.25972223759522 0.102335842384824
-0.0146997682848299 -0.0026427757206404 -0.426418651427466 -0.197273110466155
-0.00626280502710662 -0.00616774211669468 -0.0738669854003096 -0.60984938787237
-0.0154225638918057 0.00798867433125487 0.674702126148717 -0.416700773863272
-0.0393591528551174 -0.00527226195910447 0.699081968714467 0.329210970219606
-0.013341052519705 -0.0128880116859552 0.108382334243527 0.519744018161796
-0.000115791303639484 -0.0352681105884322 0.0627309867260833 0.0548101744861986
-0.0238439835508395 -0.0343400142015919 0.0979387484012847 -0.503826213026571
-0.0294446902210243 -0.00979162568941139 -0.638243236748367 -0.569175032476626
5.76494421438735E-05 0.00819074828451725 -0.879668363582428 0.387626101520737
0.00200034723416456 -0.00128377311695459 0.0139525678170674 0.811788970368672
-0.01378882879319 -0.00289680701342634 0.475708305509233 0.283865189437617
-0.00719797660091922 0.00211467848948753 0.340013541358269 -0.179757559510178
-0.0123072351027142 0.0093350994025125 0.00418021464116123 -0.31641692301396
-0.00772703798293213 0.01551495882839 -0.0347523768073328 0.250581251584008
-0.00410884060268153 0.00608740941048167 -0.25937653775946 0.0849818470317891
-0.0120087626602921 -0.00339400536105087 -0.404141234854521 -0.236100548054316
-0.00405376258132131 -0.0132287238477524 -0.00943435283364927 -0.62281408263328
-0.0170915958679806 0.00344585016259047 0.722226127020309 -0.349025697874277
-0.0398087055129771 -0.0068158201138103 0.663155021303358 0.397826732323081
-0.0141817168741217 -0.0104249304619047 0.0726513977531181 0.521927898357376
-0.00235281676326616 -0.0300820482113485 0.0630040728269932 0.0394561065328005
-0.0279692568863874 -0.0293643264879485 0.0606499422015663 -0.516147858390045
-0.0295461473871581 -0.00492995101571487 -0.688538040750968 -0.50238917940514
0.000665482716670305 0.00386401433231981 -0.828448693670587 0.471898094021494
0.00342684654596198 -0.00761883933032972 0.0964511753312707 0.793588846058473
-0.0100580074481347 -0.00164745787426706 0.498185733070326 0.236868919589647
-0.0111739805515704 0.00656753702242774 0.329466873806086 -0.200854413813434
-0.014745926142117 0.00687274598759743 -0.00259697019524794 -0.313043206095682
-0.0062752708156797 0.00972682066008275 -0.0390027190486968 0.24906990530241
-0.00756534033600428 0.00912841190740605 -0.260098367042451 0.0719745561244587
-0.00744731985280479 -0.00288125886204019 -0.381902408445369 -0.268748675917238
-0.000785382151030357 -0.0195745944374464 0.0519259705927651 -0.631168316738466
-0.0171049976762917 -0.0014315870582034 0.757780924054516 -0.28873659938797
-0.0375738138294029 -0.00685092643726282 0.626945014165594 0.457671262548628
-0.0139603469846747 -0.00267361684733387 0.0401560550198286 0.524117512365681
-0.00570093033583046 -0.0208255299228849 0.0616897588910491 0.0270101503631625
-0.0289518370613105 -0.0171083322947898 0.0293666616663365 -0.524466403144888
-0.0268355840313449 -0.000520522882924566 -0.726672088164762 -0.439790512333596
0.00134701900910505 0.000273333289998809 -0.779217479461244 0.535785705883099
0.00350336232930939 -0.0127565808886364 0.167180881550137 0.770007041918011
-0.00494782143859896 0.000258601569588327 0.515656816952847 0.195875731684488
-0.0109154129642791 0.0113872961533176 0.321363473576782 -0.218414931277389
-0.0150886933635662 0.00373642513863234 -0.00922934108045386 -0.310926384912939
-0.00278024400494688 0.00547130841059058 -0.0436294330334021 0.248812435824492
-0.0079692066104384 0.0117125449968364 -0.259972846316907 0.0623397089143954
-0.00145195959645166 -0.00135885123895643 -0.362794520881751 -0.287112186315025
0.00258104528385385 -0.0231067111539281 0.0952632895199459 -0.634148536401849
-0.0142067116811143 -0.00574342174903575 0.776963241709486 -0.241323131763213
-0.0311962280681918 -0.00487887431988888 0.59450611885817 0.498234995555274
-0.0136756438455534 0.00841469303884341 0.0178071023564319 0.52355603473429
-0.00849843082990588 -0.00750590449439528 0.0601878962842194 0.0190729033655413
-0.0272242243557888 -0.00489500113359755 0.00294620981662251 -0.530065125497664
-0.0221679127421863 0.00260535342061901 -0.753564063870482 -0.395591945419429
0.0020867728840875 -0.0036660525820023 -0.73810755852194 0.580676800799632
0.00419719237583744 -0.0155039545874797 0.215292307526825 0.748204087742421
0.000854132410897425 0.00241952332111727 0.528826720070787 0.163509701304467
-0.00970585786040936 0.0144975440243486 0.316485251075246 -0.228971160422495
-0.0127593683322575 -0.00212377685233288 -0.0141971301672346 -0.309108189923774
0.0015333460328062 0.000332485492015876 -0.0469154801855624 0.247605939735549
-0.00621492033992962 0.0115110144558309 -0.259979862590896 0.0595555080903569
0.00301735484681563 0.000223450624546882 -0.344769067339958 -0.297989920872393
0.00405246322359867 -0.0241392808789791 0.123946086322133 -0.64008824647495
-0.0114248437558634 -0.00835437838999652 0.787369312886364 -0.214435088042713
-0.0237542466531802 -8.65920437160255E-05 0.571800765990709 0.522204693782926
-0.0123478035488116 0.0210068763764409 0.00187708986653198 0.523463198638149
-0.0103232441393193 0.00746953471431767 0.0578001630580068 0.0164341305439039
-0.0230386544573307 0.00674104215252663 -0.0144226415004301 -0.528565610593829
-0.0148641115676484 0.00585980501883715 -0.769366737684168 -0.366465842411773
0.00205072855611927 -0.00633533414661842 -0.718590953132582 0.601380732098955
0.00509744755416748 -0.015791753369873 0.242801594088991 0.734624400439907
0.00649906648104739 0.00468133849669741 0.535103943056455 0.144543642227884
-0.00666338472838522 0.0163301876943704 0.313276688901422 -0.234312463493779
-0.00957547027993845 -0.00436553661674108 -0.0158688317461828 -0.308102005943807
0.0058311588112861 -0.00238826174507757 -0.046180425936268 0.247221318104194
-0.0020847313679649 0.012908364796425 -0.261510217386973 0.0625981395012353
0.00682023802629308 0.0028932231985162 -0.340495390847292 -0.299539198085785
0.00289905303828594 -0.0229687375134746 0.124960948866901 -0.644759683566517
-0.00753707491382906 -0.00841798482266049 0.782870809384002 -0.218820816805335
-0.0149990915804658 0.00577726768959694 0.569775623454178 0.521759773650623
-0.0107171447191114 0.0337169966677199 -0.000898702645257429 0.526176762776262
-0.0133001986038722 0.0224799591539703 0.054420603150724 0.019465397680127
-0.0164598222627989 0.0185807848055256 -0.0170711092047538 -0.526539547720814
-0.0058728917421432 0.00686537552321391 -0.771827362036781 -0.364866907094301
0.00366086003789016 -0.00769356213957282 -0.719326094559085 0.599996127006937
0.00511972842661398 -0.0134397510401753 0.243003252892376 0.728940248538093
0.0114185419730555 0.00498992823252744 0.541633025371336 0.143918167051187
-0.00174486981254048 0.0149339557026604 0.315450903730064 -0.232384171093932
-0.00442569874852875 -0.00947826079112341 -0.0157486009489878 -0.307421010770255
0.0127507407403836 -0.00389064421022886 -0.0445976315238658 0.247402748352516
0.00340804347452191 0.0130860850494048 -0.265291794781696 0.0718461793688926
0.00877280290560416 0.00448446356565479 -0.344324074101102 -0.285711724073779
0.00223500840996904 -0.0184489195923651 0.10188016546843 -0.650063555202353
-0.00431063393273236 -0.00787251603668831 0.771949770758608 -0.249582575096558
-0.00578359768893036 0.011513810181863 0.586145810718313 0.500605737605018
-0.00727606871744353 0.0453251480323417 0.0107330924701436 0.528383078500186
-0.015139821459468 0.0344140413531923 0.0512703237586611 0.0278867186273922
-0.0102177202619905 0.0274831233131261 -0.00850343939526269 -0.521556125412664
0.00313773207908441 0.00770222708771297 -0.765564445280903 -0.387286654465703
0.00627803410310444 -0.00811685881468589 -0.746746040951382 0.578447872667536
0.00615968417321105 -0.0100539472453122 0.218866615642292 0.738334235675748
0.0154483206642348 0.00639321866979928 0.540734422503778 0.158415335031446
0.00258362422822148 0.0133307133798807 0.320940830252118 -0.223266112680655
0.00158735432820138 -0.0117601653103167 -0.0127067083549893 -0.308665563990144
-0.0028441823269326 0.0206754695720894 -0.0179721365035945 0.251399204086002
0.00596060142863397 -0.000734894537033441 -0.256612714805112 0.123244008244521
-0.0157467400709579 -0.00255440992942713 -0.440898189523636 -0.1588935440627
-0.00843448692414197 0.000874354320148647 -0.138196656476781 -0.592159929457256
-0.0120181704324596 0.0114000466641391 0.623436837982091 -0.480456969196103
-0.0337952452752849 -0.00246492587623307 0.722832681465908 0.257180026401588
-0.00936258911936038 -0.0107325509795524 0.145196968713638 0.516960579441077
0.00174477845243898 -0.0337322147742261 0.0610525711355872 0.0690961701711871
-0.0185878570166818 -0.0355812944128742 0.121910245760655 -0.489543462535015
-0.0259052752003625 -0.0121385806301796 -0.596381751390885 -0.620911313802608
-0.000634893490419158 0.0113593840309432 -0.922061407828286 0.318363610027573
-0.000621034060451876 0.00693462461830343 -0.0509920031640492 0.821173800501448
-0.0164290204574461 -0.0017691631937483 0.46023003750432 0.317551728010055
-0.00181249838794569 -0.000939340579500688 0.344852141768799 -0.165220159809057
-0.00789141109886659 0.0116482345466942 0.00253055225986187 -0.317925049140385
-0.00597162715942005 0.0195120467867797 -0.0227676103826432 0.251246489073874
-7.21645989128121E-05 0.0029666199897194 -0.258529514828389 0.106416024929093
-0.0151309165724241 -0.00305922996507372 -0.42893480873234 -0.193520701718922
-0.0072451553492755 -0.00592759278938513 -0.0815937586188849 -0.607010122981106
-0.0148827637980175 0.0079031461929273 0.672621300058219 -0.425477806476918
-0.0388476535289695 -0.00517787541519627 0.702214978562025 0.321170497320855
-0.0123835888699196 -0.012928150859388 0.114125958146149 0.517591514226685
-0.000651524357622032 -0.035239009472648 0.0624316490403898 0.05430751702941
-0.0242658868389023 -0.0346713421806524 0.0923532357721168 -0.50639842596202
-0.0300214299355703 -0.00977743824872317 -0.643726408721987 -0.562840662633755
-0.000362341137351542 0.0084427772235725 -0.877436266813412 0.399379814584517
0.00125058619495387 -0.000670169559321301 0.023419805718309 0.811287030822297
-0.014123802677805 -0.00298061116761511 0.480555038736133 0.276331820865109
-0.00729853108959778 0.00233954895723089 0.335256865521869 -0.185045692655941
-0.0119727501857255 0.0106783912967803 -0.00346578256825533 -0.316555646051987
-0.00723352117748789 0.0148117299374874 -0.0277819989446028 0.25145970080109
-0.00441678482529681 0.0063139820858797 -0.259311692514676 0.0901254970813267
-0.0119945237301509 -0.00303205822046107 -0.407279596850064 -0.229270625330997
-0.00443869315607987 -0.0131356491465392 -0.016372375643224 -0.622934852622866
-0.0172479434366423 0.00314566404235499 0.718246865243606 -0.359122905207611
-0.0399283224770232 -0.00568619848669142 0.669275063156015 0.390666536863779
-0.0134168337405839 -0.0104420570088105 0.0779966982692677 0.521414336315713
-0.00250112028579059 -0.0305311097380473 0.0631700830376554 0.0382230689271471
-0.0291041590726563 -0.0273058802081704 0.0551504014592946 -0.518238515431031
-0.030601981207712 -0.00449349627221792 -0.692721944513764 -0.49615740028157
0.00118827603999665 0.00328590334445404 -0.823001845326328 0.48131991202529
0.00346720548580744 -0.00737256176998555 0.107812360455416 0.7940988957631
-0.00960091665381645 -0.00165484313514194 0.500193775180112 0.231191622039092
-0.0100995136711407 0.00673903628089062 0.326271396248979 -0.206058993481445
-0.0156896483781637 0.00706646469746593 -0.00899807503415258 -0.312331412471218
-0.0069164009028813 0.0102146362335146 -0.0337415230378188 0.250770670399868
-0.00786210666854402 0.00915516733956887 -0.25900909219418 0.0753827441036452
-0.00687013756888492 -0.00270941871559608 -0.384930071983036 -0.260841346602074
-0.000321515694034301 -0.019535770063941 0.043117749795657 -0.631500749143034
-0.0165989118719916 -0.00183371385046632 0.752878333142092 -0.298517717879466
-0.0372163465032577 -0.00595550597765866 0.631662833581367 0.450863747775701
-0.0142873209437423 -0.00266102089595302 0.0444946176146217 0.52363911637472
-0.00500853833249983 -0.0205077783943925 0.0624085308057802 0.0264498663675506
-0.028750179977986 -0.0175798151526588 0.0222528784018976 -0.527344206349211
-0.0278738055425456 -2.12840616513818E-05 -0.732073673132134 -0.435415603761248
0.00140421583907858 -0.000807571058008493 -0.771156189927547 0.546658333085458
0.00309134490552148 -0.0132482407444137 0.177245791613949 0.769062418443512
-0.00483908172179614 0.000391873507434493 0.518608771599839 0.189563871260122
-0.0104141532272842 0.0110915382422113 0.317946259085396 -0.223900979843616
-0.0152592550683977 0.00389477243264675 -0.0154635999605485 -0.310664019368312
-0.00361178888669023 0.00420557571314651 -0.037294683183418 0.249582713915805
-0.00859252290148614 0.0112886087084816 -0.258559735011392 0.0670504298468231
-0.00152721723431571 -0.00161913113280031 -0.364728781280517 -0.282241183078486
0.00243461797169037 -0.0235418372647664 0.0889642164086282 -0.636182172743483
-0.0149675740125503 -0.00485480270129896 0.774773985180888 -0.25260438614186
-0.0314267181825778 -0.00338170642153019 0.600322971496626 0.49150508727254
-0.0136580467660316 0.00778522447463777 0.0227789884006395 0.525396135419365
-0.0085659376147532 -0.00753433638986798 0.0605892305433064 0.0187099507882046
-0.0279624017824696 -0.00476630648202623 -0.00310779949028878 -0.530479920442428
-0.0218362785531517 0.0031242913263116 -0.757784143639276 -0.387007846787643
0.00135295869605289 -0.00374754658145998 -0.731587617371536 0.589413543091386
0.00380075360799826 -0.0150497603612237 0.225066332456777 0.74516558708439
0.00154215888255985 0.00231992596512603 0.529181469381116 0.155762817768647
-0.00921773761766271 0.0149636236899104 0.31154346044313 -0.234617342355804
-0.0132969581678968 -0.000895232273624534 -0.020289690346437 -0.307883782407124
0.00159005455731318 -0.000831275061316917 -0.0402635499899754 0.249007527511784
-0.00595156160608587 0.0121148577738457 -0.259391545328529 0.0631404312904657
0.00364838474749281 0.000986047368867279 -0.349273529588595 -0.292641636171986
0.00303730046105269 -0.0243929036687682 0.114408383263294 -0.639850752926383
-0.0117088149158322 -0.00781637057978394 0.784719518804381 -0.226393846244717
-0.0240942932962694 0.000777267192350106 0.578298310957429 0.516176166408775
-0.0129679344472685 0.0209366792575352 0.00752917615941724 0.525927812820052
-0.0111506945369144 0.00793076291231113 0.0582715908061357 0.0154019820029549
-0.0226653238534469 0.00761610411825479 -0.0185041460549115 -0.52991055396442
-0.0154746560061977 0.00537225331394713 -0.773978254705692 -0.357934905265661
0.00252693215827194 -0.00641059292775243 -0.709858298570338 0.612275683742181
0.00424840266468797 -0.0157037078579009 0.254142028401385 0.730629297716329
0.00734811021509634 0.00355117450283319 0.537714087395515 0.137219146213799
-0.00621890309132428 0.0156055291892176 0.309116919167493 -0.238927936720885
-0.00938636783941899 -0.00560625303694706 -0.0216032016474378 -0.306982916370248
0.00602889488994604 -0.00287470705349695 -0.0406170798142596 0.247444676927471
-0.00155503313224263 0.0135717572239007 -0.261051624183841 0.0658644330611209
0.00695702307855852 0.00307281693553975 -0.343462550925096 -0.293475238108002
0.00337872534009076 -0.0224662309998321 0.117262404408655 -0.645769779758403
-0.00836337151890252 -0.00822276238426159 0.782382975827434 -0.228272942561635
-0.0154408902338445 0.00666953419945143 0.57671160117965 0.516881922326407
-0.00982315094336714 0.0337909738130772 0.00484470807795677 0.527498837896408
-0.0130589582194221 0.0221218903009713 0.0553888297769732 0.0190023558738013
-0.0163225248914426 0.0185126273001205 -0.0243046402807675 -0.526802416503019
-0.0061284945017526 0.00689539797496696 -0.777365971461252 -0.357502698469981
0.00333005718945184 -0.00818493050236609 -0.71408070198249 0.611573747260479
0.0049432090096662 -0.0138041452240821 0.253243258429172 0.726839091028647
0.0120343249805468 0.00463911460443833 0.542945985592041 0.136964850964633
-0.00102477614284033 0.0162018217886255 0.311566321316113 -0.236847937496115
-0.00522428261173321 -0.0090529169971849 -0.0220709725122125 -0.306825878275892
0.0115120257183563 -0.00574966879902333 -0.0384323668677368 0.248414567852326
0.00404338883550334 0.0123916733283805 -0.262994803873335 0.0760674065443454
0.00863393532844755 0.00447899535933223 -0.348886328707141 -0.280572318033676
0.000750864563480882 -0.0188964821659653 0.0954277943759172 -0.651138417014425
-0.0051420635568969 -0.0080353552073041 0.767105077317301 -0.259960760952654
-0.00527000527162442 0.0111430819248543 0.588411942202106 0.494628629383895
-0.00592885981907407 0.0448504930653993 0.0162452871163727 0.529857642496641
-0.0143153770232913 0.0348331216270006 0.0515481545972651 0.0278283218826395
-0.0099534086703017 0.0274007715566631 -0.0151435674553162 -0.521376333702763
0.00296216477892917 0.00716181458874654 -0.772891037570953 -0.378492565348684
0.00525201430780095 -0.00817170064446907 -0.740035352798368 0.588943266272196
0.00611697489518378 -0.0101382585330412 0.228257127354892 0.7352757010659
0.0152286527658905 0.00629099993874003 0.542624691942447 0.150124177155351
0.00399077496718673 0.0133473813865429 0.316794822532202 -0.228208568949683
0.000971281652782293 -0.0115526208452626 -0.0187729532519874 -0.307708394102052
-0.00275574625580183 0.0203443305771056 -0.0120882115708561 0.250742005514111
0.00634565132547207 -0.00118965143582607 -0.254403887336494 0.126817708918798
-0.0161339578572563 -0.00240988919530566 -0.442151052200695 -0.15173944276146
-0.0081237110376815 0.00151945438551566 -0.144287224423406 -0.590006591575029
-0.0120175680022848 0.011061079104701 0.616587775988717 -0.489902497294496
-0.0342863478884122 -0.00168435193813942 0.727634610678817 0.249693643772934
-0.00835371834269256 -0.0111773820608243 0.149280079031147 0.515319530772172
0.00121899289864956 -0.0331822065250589 0.0620533485750657 0.0688589932140063
-0.0198052732861381 -0.0346511054684584 0.117249060589035 -0.492775611617274
-0.0267816875213449 -0.0120462668314694 -0.602146743568807 -0.613707663273935
-0.000696639709188995 0.0115598064931533 -0.916402157976025 0.332330971393299
0.000155049254405537 0.00592895655792575 -0.0409218292085438 0.821368024759947
-0.0159555875685631 -0.0019065116604178 0.463229802778844 0.311300307969708
-0.00157479852217505 -0.00127563986702649 0.339729695614583 -0.169848724214005
-0.0081775277201583 0.0117676498505842 -0.00454729312069592 -0.316691822974017
-0.00555514605113008 0.0189298387997974 -0.0165107118950084 0.251087884437212
-0.000286445837890889 0.0030448530132507 -0.255880684468408 0.10982320261502
-0.015341097926478 -0.00259673185245773 -0.430751031957214 -0.187450153936838
-0.00678841163592445 -0.00670386616687119 -0.0878205066870972 -0.606240106469096
-0.0152655403314983 0.00750344251466378 0.667083372269554 -0.434829449485163
-0.0387355198683609 -0.00362931108562499 0.70479882300728 0.311451100125208
-0.0122980389053873 -0.012868175263325 0.118154037837561 0.519027956076146
-0.000992286853429829 -0.0353398100040638 0.0635089329018051 0.0535764756660892
-0.0246665764269657 -0.0346912342356252 0.0883266657431548 -0.506881802227971
-0.0302185938758422 -0.00939550085298184 -0.64963693633492 -0.558101662320091
-0.000138543194353455 0.00749531864087432 -0.871745674134529 0.410251404809333
0.00164214220421223 -0.00113050215297165 0.0367343159979382 0.812394496857216
-0.014009137308269 -0.00208943361174964 0.483747963626772 0.270938566400435
-0.00749862925583037 0.00323824116463458 0.331581799101017 -0.190323579100726
-0.0130276791504815 0.0101595524769409 -0.0103397552008971 -0.314876014339187
-0.00821832641862504 0.0151173987984825 -0.0220336205913133 0.251488879203004
-0.00479386214404504 0.00657279823722484 -0.256825954489005 0.0923115651001177
-0.0119904392098847 -0.00288750703584197 -0.409190248851577 -0.223408177699234
-0.00404896381568494 -0.0136679870785234 -0.0224496442319043 -0.622870132335522
-0.0167923156097493 0.0032220466122286 0.715213135698322 -0.368246243046396
-0.040008865564599 -0.00529425219565406 0.670906884751919 0.384442191689491
-0.0136898979394887 -0.0104696915012198 0.0844115279382042 0.522630228712084
-0.00236330119358357 -0.0308457299901529 0.0641124828918461 0.0370317709777215
-0.0290325728683207 -0.0282034851881439 0.0507688445137336 -0.52106546232157
-0.0304555219208078 -0.00468616030475159 -0.698536372516848 -0.488957259475174
0.00041043054816833 0.00265154604946381 -0.81736657784189 0.493220533917089
0.00250876152594413 -0.00743563640808558 0.118750632927333 0.79096228038903
-0.00944051648212283 -0.00124101755644796 0.502541354183474 0.224772971962464
-0.00950896299247071 0.00695884536110701 0.322821485461113 -0.211687271827128
-0.0153393943337776 0.00810925516613727 -0.0165210904452746 -0.31146502445008
-0.00606762169667611 0.0101094157195249 -0.0269035957434155 0.250165704576951
-0.00800447260104481 0.00904585403436833 -0.257487261813073 0.0803674977085377
-0.00715366578130674 -0.00243693262963938 -0.387717625503199 -0.255190603426443
-0.0016151098935407 -0.019619590781346 0.0357496939196751 -0.631392515123901
-0.0169634126647362 -0.00142406795849594 0.750843190019854 -0.306856649077185
-0.0374763489622278 -0.00511470188938097 0.635826402294094 0.442447115359197
-0.0134444035978871 -0.00200000503198157 0.0523076707674709 0.523124351922834
-0.00572591970779938 -0.0204141647435599 0.0627486720086417 0.0258321863237589
-0.0291765455665065 -0.0166715933152467 0.0176414201752594 -0.528074411009132
-0.0281903872401616 0.00101360121194358 -0.73857537345082 -0.426534534086246
0.00121215445256531 -0.00101209737342683 -0.764378104240695 0.554710173233211
0.0034235731059898 -0.0124972127889642 0.186128775214305 0.766887975324852
-0.00470540815183404 -0.000109424869181269 0.520440695923261 0.181366704705073
-0.0106499279949417 0.0111910667564321 0.312848649072997 -0.228630442342414
-0.0156263357244018 0.00365490702970642 -0.0230593730551655 -0.30877136172231
-0.00427406399558959 0.00388406589548858 -0.0312190246286196 0.248677512562633
-0.00838529938477476 0.0109007949795255 -0.257342079612305 0.0715912587101235
-0.00199328984923289 -0.00176178647439398 -0.368142873133344 -0.274204405833803
0.00112541659576136 -0.0235193269716619 0.0796171988468106 -0.636552719486292
-0.0150413887179361 -0.00501850675720357 0.771996422926942 -0.260949073932787
-0.0311027641344678 -0.00274745779702337 0.604481270113343 0.484110047108763
-0.0128243724801545 0.00747050627118108 0.0274922025539417 0.524919635761226
-0.00804186007599346 -0.00689706082165218 0.0610544513453955 0.0179427479644257
-0.0276051028066304 -0.004271335960876 -0.00830471342806473 -0.531443305174086
-0.022488313852488 0.00359844709721125 -0.763109297290502 -0.37869653189677
0.000900148973578561 -0.00406885563204723 -0.724223587112269 0.601133113976822
0.00317070312475858 -0.0154457042663643 0.234875940792204 0.743032512523645
0.00138856168912991 0.00212576221333491 0.529695910184561 0.14915756649516
-0.00920292933601985 0.0148802568664002 0.30717574671056 -0.239193787158271
-0.0132268971118115 -0.000440596653735519 -0.0275064901234983 -0.306251827170659
-6.98494222739982E-05 -0.00136745927690258 -0.0339675993667896 0.248317627458317
-0.00586496723884508 0.0124857895551815 -0.257835458106473 0.0672072050267357
0.00370686999655689 0.000397415219675165 -0.352125631317892 -0.288950620774759
0.0031363932721667 -0.0252885326271218 0.108317138917775 -0.641967808516226
-0.0119439177083189 -0.00766937800678589 0.782357268298869 -0.234996665402664
-0.0236521354117333 0.00143472681501683 0.583961136447396 0.509856408807873
-0.0113296043658009 0.0207125481477697 0.0133759786078019 0.525024685369542
-0.0106907322114928 0.00798556350792557 0.0581925210331711 0.0157719816768793
-0.0225623655888659 0.00840140081304108 -0.0237813220768827 -0.530167637554901
-0.0149381610667139 0.00615585298700115 -0.777642789673524 -0.348731235990213
0.00226059452644438 -0.00693075718225742 -0.704130273340541 0.618910349705129
0.00428715663934188 -0.0159715060158012 0.262783655391976 0.726635913215948
0.00794806972565831 0.00374295764109797 0.537712480289013 0.129899358674173
-0.00611862345515823 0.0155995008889011 0.304896639125442 -0.242747025789533
-0.0103206108021594 -0.00398233444724318 -0.0285695210518155 -0.305281663667241
0.00545211404749939 -0.00366524000736319 -0.0342274932552124 0.24739799500927
-0.00192229252212596 0.0129912550687569 -0.258591617468934 0.0709520585116212
0.00673617747850843 0.00217156120889968 -0.346242778327051 -0.288160821634161
0.00321299080691662 -0.0234292042741382 0.109578137285318 -0.646561147291424
-0.00919661078354769 -0.00762057511588876 0.778775749446492 -0.238043948169115
-0.0140567582496321 0.00683798832978168 0.581023571759462 0.510185712930723
-0.00899948716911766 0.0340929502291708 0.0110140764089604 0.528375663286966
-0.0127041110725501 0.0221383022991629 0.0550982121684898 0.0182328615671638
-0.016966032833722 0.0190224322198791 -0.0275489175942538 -0.525586886876419
-0.0067724396923887 0.00623340664728934 -0.781279144649609 -0.348957716126212
0.00262042138541872 -0.00859955148911882 -0.705596672237561 0.618589542032411
0.00400077293834164 -0.0138817306303392 0.261543834487691 0.723045669414626
0.0121191905081788 0.00441781515245892 0.543154869908975 0.127739830383543
-0.000321608786780067 0.0160736758660663 0.306576107487846 -0.240367276416787
-0.00550264558932668 -0.00795067508477213 -0.0291106642357534 -0.304797631240705
0.0101938283085565 -0.00546638239951357 -0.0323116577156858 0.24796550883661
0.00409318787758863 0.0127114896732237 -0.261178200101639 0.0802164762331253
0.00926759386893403 0.00340618967145608 -0.351994810170684 -0.274561366261808
0.000641587138684971 -0.0190723457171091 0.0861791499381598 -0.651779041081921
-0.00434794994442463 -0.00758334120398362 0.76372329812912 -0.270740218509843
-0.00551420878751514 0.011284946178044 0.594765265146489 0.487857382453279
-0.00527150432654149 0.0450020658785221 0.0218119334196584 0.531775709893894
-0.0135719043312784 0.0343242249531011 0.0525667383699454 0.0283204596148881
-0.0100365903491052 0.0274345057478617 -0.0197043917564978 -0.522092542611425
0.00256705493439024 0.00696070588776104 -0.774377604499116 -0.371027306422238
0.00503719119519154 -0.00901640820551411 -0.732841595370152 0.597848305503906
0.00668519048497378 -0.0103648208328086 0.23792966917939 0.732276116988384
0.0156277855192751 0.00589578220365989 0.542959349132322 0.142258760167156
0.00447070709771117 0.0125387318325413 0.312080621992304 -0.231985417913296
0.000523300165940162 -0.0110413592740452 -0.0260733065845646 -0.305664850816011
-0.00260066664805373 0.0205041195096347 -0.00487466785566351 0.249053722039417
0.00585998176456322 -0.00140511466538256 -0.251947387938039 0.129884725186944
-0.0164859694190155 -0.00183521767964583 -0.44314412808152 -0.145280729089615
-0.00766135246279722 0.00118459436926202 -0.150029738203283 -0.587616862986316
-0.011866321199618 0.0113709306529564 0.612733628966161 -0.494087033218912
-0.0342541922162926 -0.00182619112476621 0.72849021040018 0.242282168537533
-0.00866718126409099 -0.0115904424557356 0.156518278472437 0.51378865256182
0.000631021485457994 -0.0338952834297666 0.0627126390186786 0.0677658452422592
-0.0195112643920534 -0.0346699935218997 0.111933261171087 -0.494110120093317
-0.0266720649548763 -0.0123709783539829 -0.608782280278436 -0.608156023683079
-0.000238171535434002 0.0105363829916738 -0.91195473753394 0.339566647122945
0.000363840051352387 0.00679554191103633 -0.0306898011070356 0.81947807062839
-0.01651668683364 -0.00173918471893361 0.467015578403189 0.30487892118184
-0.00111191079906487 -0.00137895438870319 0.33609728158296 -0.174744217019608
-0.007977068515176 0.0122492079510828 -0.0123782279948975 -0.315458101771297
-0.00590297801218556 0.0181641623063889 -0.010572951213594 0.24965187552415
0.000110539051320061 0.00272227261537381 -0.254323427022707 0.113910150693472
-0.0152286930522908 -0.00231490747196834 -0.430323658141561 -0.178602985805384
-0.00677312840088271 -0.00572534529045085 -0.0940770590710075 -0.6035208327533
-0.0150940727239133 0.00807359378073073 0.662256277490678 -0.442585600865216
-0.0389898722903753 -0.00346660351622669 0.707338137914037 0.305562097435454
-0.0120932316055289 -0.0131856305466597 0.124795476944944 0.51893838240095
-0.000598577121457281 -0.0357885887776005 0.063930391083293 0.052990283117893
-0.025154007310767 -0.0337194117261312 0.0822353022838309 -0.509423367122902
-0.0305188994274454 -0.00939626748187929 -0.654424196824753 -0.551813229077471
-7.95751462014903E-05 0.00734763057578301 -0.865828179025435 0.420580004550227
0.00226415221393708 -0.000124292543337979 0.0474051906362225 0.810492409758856
-0.0147505478697673 -0.00109626665150132 0.484990699479028 0.262921595871674
-0.00692215303591615 0.00268447450888016 0.326963747685292 -0.193988324859695
-0.0126404323283544 0.0121139043007342 -0.0176682515387542 -0.312870161462648
-0.00726299463652274 0.0144517268330878 -0.0162049446592782 0.250765922688552
-0.00416543935677282 0.00647207730937679 -0.255280893006919 0.097297115877285
-0.0119780694228573 -0.00344182491569346 -0.410514241365824 -0.216892519957435
-0.0041286836537569 -0.0136990667784958 -0.0290095707943424 -0.620250112381069
-0.0167756266710086 0.00420054218898241 0.711422463423277 -0.375585392465425
-0.0394742716061197 -0.00508025536592382 0.675076945081027 0.376516011133191
-0.013642280938829 -0.0101511159123927 0.0896910633734752 0.520881502791393
-0.00274193729105451 -0.0308862997963692 0.0640925893211743 0.0375463438901731
-0.0281634127980126 -0.0266978863678804 0.0440579246428819 -0.521638327767075
-0.031229441505018 -0.00387329058125259 -0.703279257729009 -0.482390152544855
-0.000469528340606647 0.00282598788132328 -0.808104940604546 0.502712907680695
0.00316539536171508 -0.0079659904478375 0.126494534295538 0.787440538185472
-0.0102547793377975 -0.000862873563571259 0.503777678584737 0.216192250595581
-0.00969593085262077 0.00697867665677626 0.316771217362791 -0.215577586851047
-0.014906446038375 0.00861524131842514 -0.0243007011729513 -0.309559565667696
-0.00636499093376536 0.00877807697029212 -0.0206106947687385 0.248536385506545
-0.0075521192534952 0.0093385909732044 -0.255291527370956 0.0833812833538794
-0.00683619020850343 -0.00244018595409405 -0.390369491460058 -0.248587782570132
-0.00146168529257649 -0.0199493217348751 0.0290949351977404 -0.630433915040484
-0.0173806962193995 -0.00174242949498157 0.747329208715407 -0.314652461764832
-0.0371453840483685 -0.00445568340062885 0.641874916461247 0.435115693683277
-0.0129693534738753 -0.00155365003177599 0.0582985707069689 0.524317261479965
-0.00558962487366172 -0.0203874478389412 0.0625341705161131 0.0239995165504084
-0.0298442265165055 -0.0163298977454822 0.0105371770242809 -0.527282268840338
-0.0289588857130033 0.000873538650318761 -0.739866979384535 -0.418863425877658
0.000351527271770406 -0.00145236028823073 -0.75606762411564 0.564995435505116
0.00358079970125697 -0.0129919413160152 0.19667169513938 0.764034948475421
-0.0042905535067856 0.000805424105398592 0.520596276687094 0.174056757387656
-0.00991034891560038 0.0115686131386353 0.307705981567719 -0.231305639957925
-0.0160634946353027 0.00400572226874009 -0.03029126338541 -0.306445276935959
-0.00326726487416916 0.00385377875257991 -0.0242380407152678 0.248386711088938
-0.00817700896823874 0.0108818761252637 -0.255769534095418 0.0748509549542694
-0.00153319565717914 -0.000734522759963875 -0.370068632974608 -0.269116244799985
0.000948449189841965 -0.0233602704290268 0.0722315277190707 -0.635415348994398
-0.0158130491219242 -0.00422494358999949 0.766980631999589 -0.268065327044367
-0.0313907226768442 -0.00189036844588795 0.60826816314267 0.479190730282859
-0.0120797886940014 0.00862362645415841 0.0353947816191009 0.525616206378507
-0.00827824158857384 -0.00690273084251715 0.0611895026147446 0.017934689395424
-0.0273389619750485 -0.00422718008612446 -0.0134275374428508 -0.531343140216966
-0.0228571225421021 0.00472951428817501 -0.765576333446961 -0.368081313010471
0.000211235975360987 -0.00401858047196045 -0.716815485024606 0.607326769399074
0.00241030283542938 -0.0152538400073376 0.243750507694784 0.739026885693747
0.00133796607338003 0.00210231564271762 0.530937386535463 0.141521446082185
-0.00762916035602069 0.0146875784505722 0.302445306417309 -0.242821000234166
-0.0143424529076961 0.000306903349659987 -0.0337785234778041 -0.303591141968512
0.000710180627161078 -0.000943452318307754 -0.0264940198564107 0.247119190746083
-0.00577358365475928 0.0122263231830453 -0.257161358175128 0.0721874294961063
0.0036505003988173 -0.00024866028065758 -0.354799347184341 -0.283097173139248
0.00259142780045869 -0.0251745125383566 0.0998253251074068 -0.641067274935307
-0.0123793087507004 -0.00703625409060962 0.778355084902876 -0.243423759791766
-0.0232612926259405 0.00161397437380018 0.588285744285529 0.503332991212008
-0.0112828924294611 0.0211552610988122 0.0185872459750444 0.525951099381035
-0.00987493995336052 0.00807612311160454 0.058736987076097 0.0152668270611968
-0.0217852645387997 0.00873716446645531 -0.02971563603422 -0.531272430570129
-0.01569079330415 0.00624466847541257 -0.780793082771346 -0.341383922683502
0.000625472987635104 -0.00690511243131126 -0.693376655363628 0.628767176082784
0.0033926079928982 -0.0156385894204624 0.270635047626131 0.722475156396749
0.00688838015548283 0.00324746769050312 0.538979850767906 0.121978006775604
-0.00476018681979259 0.0167281438839364 0.299223931977598 -0.248162653966196
-0.0107088658019163 -0.00484619906015442 -0.0365821209582395 -0.303056532363364
0.00547263498107437 -0.00467521564511032 -0.0279889734478638 0.246658382185111
-0.000875861343917581 0.0131846423078681 -0.257034680081844 0.0741686274964335
0.00675557004657263 0.00226208321473536 -0.34873004915944 -0.281546924339542
0.00228828511366186 -0.0236926815931657 0.100270523835015 -0.647531939863434
-0.00857019590666875 -0.00773688649786062 0.775804685072232 -0.247202458207695
-0.0143304430264673 0.00725813180174083 0.585874840879774 0.504595598400794
-0.00926667775798078 0.033716589876307 0.0171314942540021 0.528352818830441
-0.0122818424700349 0.0224664424478668 0.0553436274985084 0.0188107982939019
-0.0158387649324011 0.0182257330324531 -0.0331116320897861 -0.525930698608327
-0.00631172010244487 0.00631784984476232 -0.785082686058171 -0.341577122177603
0.00195337167843677 -0.0090803140252242 -0.69733374378398 0.628943682115492
0.00509588900319025 -0.0140032715170766 0.269294485951222 0.718726516747125
0.0126537865371813 0.00480781885827468 0.544580929075679 0.121960457013011
-0.000229311624804666 0.0157444496607373 0.300938701497356 -0.24495766371579
-0.00570286859492053 -0.00818325495016793 -0.0352537824671784 -0.302036421286217
0.0109207934327708 -0.00589301924969328 -0.0267585774162621 0.246410269903172
0.00395975664986986 0.0124580188362413 -0.259548012579412 0.084133987006217
0.00924493548608423 0.00398042132482106 -0.353275743366632 -0.269054770724487
0.000529413051527501 -0.0189768385695701 0.0781150360442327 -0.652837729697231
-0.00531896199953081 -0.00764564659462489 0.760498403933743 -0.278512968942344
-0.00457797723803765 0.0114002177547579 0.598606316929524 0.482003955228546
-0.00470628245801647 0.0447558351481866 0.0276765125930065 0.532342002168539
-0.0128486255350759 0.0348204911790893 0.0533740491683544 0.0271126353684477
-0.00958233190677502 0.0282805183084895 -0.024612508660086 -0.52264167928347
0.00277391204416931 0.0064328808189412 -0.780962693510987 -0.362112705467105
0.00453487969119352 -0.00899256116158753 -0.727935042629201 0.607505406740884
0.0055858024465293 -0.0109025528259578 0.246500824967097 0.728270046237104
0.015747527739809 0.00516114635422567 0.543222111835954 0.134326738058345
0.0047532753593111 0.013078332244481 0.308032192050505 -0.237288084480193
0.000804676132415991 -0.0110246048040251 -0.0331345444745438 -0.303560931196131
-0.0023724913032604 0.0200569623621532 0.00190102335150377 0.247838992437356
0.00616015250598815 -0.0019279594907815 -0.248187377250508 0.132255852862678
-0.0166239950633575 -0.00100034952483343 -0.442986705247656 -0.136760420446576
-0.00737867925400179 0.0016966031876184 -0.157338648966108 -0.582161900619196
-0.0118378864698964 0.0114548069410152 0.605114597896757 -0.501527573006414
-0.0332462786278753 -0.000875910080230923 0.727644652086245 0.233394480719164
-0.00905386862938764 -0.0117150076995635 0.161021033164221 0.511690585702717
0.0001539499066094 -0.0335969313153654 0.0631325084544413 0.0675002982985067
-0.0199592121209858 -0.0352008716830617 0.106954239890669 -0.495656460138709
-0.0278235951619993 -0.0118132273552446 -0.613237593690627 -0.602351603209832
-0.000406461414535233 0.0105795085350554 -0.905472065440062 0.351185105204338
0.000256705432784554 0.0063639719866593 -0.0201485634869549 0.819695290640657
-0.0156474600811603 -0.00137030541075352 0.467974854400181 0.297771085718793
-0.00184292207348843 -0.00117670078202999 0.330959810560052 -0.179190921056798
-0.00818530844369684 0.0134471650177519 -0.0210356086486596 -0.312110002874934
-0.00633072819094703 0.017684302572331 -0.00294980628594977 0.248161336501267
-0.00055230872771607 0.00240343106060264 -0.251833213280929 0.116616441364162
-0.0148821786418072 -0.00229543971830293 -0.430774935029423 -0.172405792875735
-0.00648625831762935 -0.00560550277159642 -0.0999583255615061 -0.600843960349677
-0.0154659790489294 0.00869665850736133 0.655871581561255 -0.449524177991152
-0.0390428761376189 -0.00201012031717817 0.709130161779038 0.298282004475094
-0.0116072633525603 -0.0127900222507558 0.130517670870611 0.516593827460068
-0.000491783600278858 -0.0355055735342662 0.0641756533693904 0.0523282501143534
-0.025604377704997 -0.0338341660403707 0.0764504131923848 -0.511682236442525
-0.0312173305009058 -0.00911065488618259 -0.660182080417206 -0.543985203363169
-0.00105252934243854 0.00701611435081138 -0.857118417920709 0.428857960828462
0.00136997824888707 -0.000469586048125829 0.055912779340325 0.80675006373774
-0.0141251535198983 -0.00151701351080747 0.486127751587189 0.255455387150757
-0.00664280318463961 0.0029049050326192 0.321407711680576 -0.198516042407549
-0.0124290359890414 0.0111724966469881 -0.0256178636007568 -0.309990741092627
-0.00782528363023577 0.0145242348678156 -0.00899766114421988 0.248052923301261
-0.00473650513130468 0.00643633332696044 -0.252573067611727 0.0997813056600549
-0.0116876121781779 -0.00246594973572031 -0.410599192699907 -0.209422120583942
-0.00464255643216072 -0.0136021562165279 -0.0356013619999095 -0.615834276276167
-0.0174432642646963 0.00395216361170773 0.70507094407455 -0.382636757446603
-0.0399737181942567 -0.00375984858332599 0.676674674088186 0.366871068164218
-0.012735692372003 -0.00961242783197891 0.0954709404446447 0.51942219041245
-0.00305864579521878 -0.030517207644876 0.0650016052287692 0.0357621436901042
-0.0286734917718107 -0.0267305210541556 0.0390738023226169 -0.520016461146896
-0.0310503254944453 -0.00323795525929882 -0.706965294742428 -0.473211651108715
-0.000375292800963076 0.00230008620893923 -0.801571414989576 0.510686171016208
0.00253569556238793 -0.00737208931803152 0.136801273463347 0.785897467905339
-0.0102841818246813 -0.000371017067779771 0.504405680274762 0.209053071993697
-0.00908701331979761 0.00789161271527818 0.311771421733357 -0.219314213345502
-0.0156055362466216 0.00975859335386712 -0.0313644399853511 -0.307469303107264
-0.00681076123972988 0.0092713015137307 -0.01301747964106 0.247543044601045
-0.00837895382888691 0.0078635446338271 -0.252663343533167 0.0870388702606625
-0.00698639122732482 -0.0029943114291267 -0.390759354375531 -0.240928929467394
-0.00180442382077312 -0.0197252245993193 0.023039652042286 -0.628720285571277
-0.0171415688818395 -0.000385073219675491 0.740670717739027 -0.322210959269294
-0.0369764747003564 -0.00341777620734784 0.642956493757096 0.428192323303616
-0.0125546210160758 -0.0018758643738787 0.0637197738532732 0.522582177354678
-0.00474854727944064 -0.0200964102362259 0.0634898002954447 0.0242512455185527
-0.0298960047956736 -0.0157951963332312 0.00557491979709964 -0.52945688870555
-0.0281086792577022 0.00162639233284843 -0.744882465774228 -0.410450821306322
1.22203619180791E-05 -0.000942908201356974 -0.747533765529799 0.572953537644365
0.00278272150656157 -0.0126150083070196 0.205117708853515 0.757409125956173
-0.00465809671409025 0.000161439527515026 0.520248692548385 0.166052916868447
-0.00951081088588126 0.0114306092842142 0.301267409348402 -0.234614281064967
-0.0158184503705471 0.00482917948646222 -0.0384956675027996 -0.302691206308529
-0.00365175596585031 0.00331277792243895 -0.0174632069476664 0.246723379834236
-0.00821018089914158 0.0113629508105042 -0.252976537153544 0.0790851566866956
-0.00171009275172589 -0.00198065451038666 -0.371563726490451 -0.261437037216105
0.000805007654223594 -0.0237085362362981 0.0651374692242605 -0.634792308872004
-0.0161035995706755 -0.0051008008663597 0.76343438390653 -0.277090240687866
-0.0308891050782378 -0.000813130094479784 0.612319417270254 0.471158462072051
-0.0121281839921582 0.00866837951256562 0.0401616375265843 0.524580182861169
-0.00764231821130692 -0.00689492805884856 0.0621415502524052 0.0168637467283262
-0.027139644953357 -0.00383225894836888 -0.0198652747157121 -0.530594667555255
-0.0229670296117197 0.00453429348352802 -0.769628230252305 -0.361467047763019
-0.000973165317930434 -0.00465648738978399 -0.706822761013824 0.615480245686682
0.00257774327448506 -0.0150341511846261 0.252674856422019 0.734725062275916
0.00158571854504367 0.00229345720300753 0.530255093058162 0.133599600843763
-0.00796587935816577 0.0153834774920148 0.295317658629749 -0.245596140733744
-0.0145390893395407 0.000792886557297767 -0.0414995200515531 -0.300133329748712
-0.000331869571579876 -0.0011813312515262 -0.0200338529919149 0.246105157403202
-0.00584785444749146 0.0121157593757571 -0.253521898616686 0.0754815957429572
0.00336319248550071 -0.00060764683298536 -0.356010719103356 -0.275086133512724
0.00218087120339981 -0.0253906492514656 0.0929690487573495 -0.640881183066622
-0.0119583308982861 -0.00766541010146565 0.773298561111392 -0.253423026965147
-0.0225057078635633 0.00317800479385489 0.591805432460032 0.496339736634563
-0.0102351351030518 0.0215233725542123 0.0245280402413966 0.525359114480167
-0.00987610044619757 0.00827242474762968 0.0587953163696635 0.0144181474178346
-0.0213658392933015 0.00918675876110985 -0.0356879853634568 -0.529136738044943
-0.0154541323603177 0.00681370686834199 -0.783900729116807 -0.333772921023885
0.000466274365129141 -0.00770361530600187 -0.686262606524106 0.635725194646911
0.00317555531886225 -0.0160535803758252 0.278404215041726 0.716997549696217
0.00777441072961214 0.00297024566719907 0.538316626914765 0.115172589912653
-0.00472841372717953 0.0164646272081889 0.292818002298398 -0.249722127412341
-0.0110483200946582 -0.00382298871121013 -0.0435115517376601 -0.299597657934639
0.00480243255766204 -0.00499816387693549 -0.0207956565256643 0.246014774628564
-0.00125568451908991 0.0127828589502971 -0.254735365087089 0.0793598289795442
0.00758304062900478 0.00199707364336305 -0.350096580839756 -0.275343472515666
0.00186731345595239 -0.0236108244533211 0.0943831769301491 -0.645307022956246
-0.00927611417855143 -0.00754108657397364 0.770652824324514 -0.254889656339259
-0.0134223000992262 0.00751109106857504 0.587146607418181 0.496419920428382
-0.00810183458779713 0.0336333747102542 0.0234380563052868 0.528667545635573
-0.0116455481510325 0.0229886831144499 0.0555960634208552 0.0182769370029328
-0.0153840190286981 0.0197292929921725 -0.0396200743845219 -0.525837494403001
-0.00642549525994933 0.007211545199374 -0.787204773151765 -0.33151520444503
0.00169942951531966 -0.00831262752315765 -0.690005945100905 0.635519340377264
0.00434948414407836 -0.0146553660344955 0.277769444976522 0.712624457128062
0.0135339785200968 0.004118833122876 0.542438911126368 0.11353114119396
0.000580763191618646 0.0158596171301335 0.294647694462314 -0.247988242830476
-0.00591110678251017 -0.008510678186562 -0.0430383396831903 -0.299746347890745
0.0101498764887986 -0.0061335200311593 -0.0183901529328904 0.246419368617944
0.00429952015077402 0.0120032530461302 -0.255664657195326 0.0886497191173069
0.00916663275268323 0.00321974946544073 -0.354802857259327 -0.263387183099449
-7.89352928453708E-05 -0.0193852552259106 0.0692378834713071 -0.651179880325022
-0.00604095049712691 -0.00675393644208331 0.755136665046951 -0.286204848676878
-0.00481128610478431 0.0122228187315293 0.60369510499987 0.474124368834139
-0.0043247063975326 0.0449223369121348 0.0357254867385295 0.531204389381588
-0.0126145367151446 0.0349100074414265 0.0527087108874286 0.0258596505175374
-0.00876805363906125 0.0284280980248412 -0.0314036838904804 -0.520306787353591
0.00268269658685592 0.00734050649933594 -0.781318095156145 -0.352823777184545
0.00373259175298859 -0.00940596305493577 -0.717159870109128 0.614916541554747
0.00495323217893358 -0.0106303373055919 0.254569481285206 0.722285123288863
0.016231296748636 0.00511103142088077 0.543349627403966 0.125402890181188
0.00582450370210585 0.0123049203181271 0.30207342585671 -0.24023357679788
0.000247850593167861 -0.0109810798035225 -0.040274451871115 -0.299702429735478
-0.00204946809849198 0.0190353110531484 0.00920507913541585 0.244737573710426
0.00485492484839184 -0.00295559708692022 -0.244727975901189 0.136345277385394
-0.0163778960706974 -0.000623617731688555 -0.440784645952008 -0.130213958863615
-0.00712990339535668 0.0011627610269456 -0.161391509630359 -0.577233598209321
-0.011036224051427 0.0113815906961501 0.597078330752286 -0.507008424627601
-0.0330077449406817 -0.000594670635124424 0.728848212906359 0.224440117217287
-0.00818568656578761 -0.0112581002635395 0.167125826580741 0.509741915886674
0.000528110019816433 -0.034723598280741 0.0637704069416523 0.0662859518719878
-0.0205752785266402 -0.035431640791496 0.10067542983955 -0.49662259623131
-0.0275809818741533 -0.0111612009470813 -0.618338118162091 -0.593809241677277
-0.00104044894742054 0.00975999055206936 -0.897416452035847 0.359625597605098
0.000174417615384764 0.00673079135603594 -0.00874607563632185 0.81553329229177
-0.0164138800725267 -0.000469063881120814 0.470187451161933 0.289857043973653
-0.0024307171164543 -0.00122119617397067 0.324150192505948 -0.183646958636344
-0.00824600537613437 0.0128950733034519 -0.0285943358522541 -0.308786194014963
-0.00600914623050719 0.0185382078763148 0.00358069080023363 0.245219446243148
-0.000407084698796733 0.00138201256294807 -0.247036488444499 0.120169150324385
-0.0153139351206533 -0.00170950007703764 -0.429179056780011 -0.164590693643333
-0.00711976359763138 -0.00678772220516617 -0.105881365173955 -0.595550977882866
-0.0153102611952262 0.00882788266995353 0.648418648062422 -0.456067236369153
-0.0389440016794287 -0.00232477728627558 0.708509520832612 0.289606555241362
-0.0108060492115017 -0.0130315554583862 0.134804177771929 0.515275918467597
-0.000983099607787839 -0.0359850119420725 0.0648788924488379 0.0506620783041705
-0.0253502142322825 -0.0336180957870863 0.0708678127368284 -0.510019931732
-0.0315854989903755 -0.00805765456376343 -0.662727356053272 -0.537066140286377
-0.000489540883294497 0.00669186895370467 -0.849198881809139 0.437297243748606
0.00108120649213292 -0.00106427557012726 0.0655433304800455 0.800841614505129
-0.0140734030562999 -0.00144144349272463 0.486474698943696 0.246887838877568
-0.00646707877600231 0.00313463503813005 0.314919840426644 -0.203046389291665
-0.0119139961284975 0.0123908802999935 -0.0340715051230788 -0.305625240087958
-0.00721644118069459 0.0138076009751678 -0.00111409211990091 0.245899223985144
-0.00528536507232271 0.00586739208959966 -0.248851918477249 0.103194266794926
-0.0122049687211522 -0.00235939693420402 -0.410452368458218 -0.201674463240634
-0.00488832277496835 -0.0133654277021145 -0.0416411657967676 -0.61273337184681
-0.0175749688830995 0.00501551626032999 0.69892078094444 -0.390286901722968
-0.0392429644154917 -0.00303152169416025 0.678060766366883 0.359365146504505
-0.0121846342927599 -0.00897057467834907 0.101793614143489 0.518562612348876
-0.00312557131568274 -0.030382758669778 0.0655147134529081 0.0354914631993253
-0.0290687892398628 -0.0264617403150161 0.0328032406892756 -0.521955243387644
-0.0317762388447796 -0.00281939616661266 -0.710569091280836 -0.465697869349339
-0.000194017908559017 0.0026764139147021 -0.791348168562767 0.517614488744146
0.00228359138964025 -0.0080787112111659 0.14523222899719 0.781290649989247
-0.0101554966461278 -0.00106450543614124 0.504679201601919 0.201261944779348
-0.00950759597536499 0.00705551933328977 0.304504659477352 -0.222436574072081
-0.015266392029399 0.00975377399615742 -0.0406581977125941 -0.302311007616728
-0.00728295145015651 0.00891279231669737 -0.00560660786263469 0.246062988164078
-0.00792875842993598 0.00852739829042219 -0.249689437159475 0.0905162095681362
-0.00697339680979816 -0.00238963649728725 -0.390477842884447 -0.233919526281592
-0.0024494763082201 -0.0203393455553491 0.0151836215067335 -0.624889219652897
-0.0174030127138699 0.000474500628317786 0.734857671912822 -0.330566067132528
-0.0362615299414234 -0.00277302134602671 0.644880895855175 0.421415850458427
-0.0120847278647187 -0.00173213460807639 0.0694505197096319 0.521647859764985
-0.00517639614776972 -0.0204295461120068 0.0636098187271941 0.0241397753700721
-0.0295353902077818 -0.0157974865322003 -0.000435242086368997 -0.527080551999751
-0.0286752740008038 0.00220963676724674 -0.746541956115026 -0.403276557273412
-0.000426297684357146 -0.00142785266804692 -0.738665624579664 0.579908962345859
0.00178593418241014 -0.0125964824893918 0.212839919286158 0.752081947344773
-0.00433057805334749 0.000871400065382312 0.518606434016183 0.157910799180794
-0.00865111445376487 0.0123626650160795 0.295103004706815 -0.238998346812521
-0.0160822751466345 0.00589212567895837 -0.0454248102966476 -0.298831080038934
-0.00439290185715554 0.00301341018558521 -0.0100046332502851 0.245010895190996
-0.00757915671498392 0.011236993603645 -0.248847538615801 0.082321261263469
-0.00117896992014132 -0.00129600262005478 -0.371612255896655 -0.255049578253652
1.83664233098452E-05 -0.0232566060032381 0.0586830692351036 -0.632160163039888
-0.0158282647609238 -0.0037932373791261 0.756623466906898 -0.284711471270439
-0.0303060347867795 -0.000475759395642776 0.615646884258669 0.463975032344851
-0.011872574242393 0.00876743543702671 0.0449670119508285 0.524229140697973
-0.00735556378698938 -0.00698228249628177 0.0617507869858636 0.0163056346258195
-0.0270071616388359 -0.00331236658575813 -0.0244884145922774 -0.530659074742931
-0.0231541152074668 0.00571678832084915 -0.77061818117284 -0.353005321116992
-0.00127137443253642 -0.00351759807447704 -0.697614613052818 0.621770308936044
0.00260034581281618 -0.0150457537736327 0.259157067416897 0.727051925730846
0.00195930195478309 0.00186051617294273 0.528712400876997 0.127112020987053
-0.00737355778535025 0.0146353922290428 0.287491396131671 -0.248903295212405
-0.0149102933469804 0.000978943286181895 -0.0499223222374724 -0.296979950135922
-0.000220836720534234 -0.0017836511575459 -0.0128375772387826 0.244317253092931
-0.00554634863232608 0.0121215544786139 -0.249528747686861 0.0802432157675076
0.00384574343915073 -0.000268099430672201 -0.35803287818505 -0.268111563239174
0.00118121326811204 -0.0252895476084148 0.084879343446406 -0.638448216607841
-0.013319371475365 -0.00635312637177964 0.767869054189718 -0.259407483469552
-0.0221569078150295 0.00349508030074748 0.593553150591643 0.489760850881706
-0.00987186685550625 0.021686134014397 0.0312452903749977 0.525396903068172
-0.0101561856067745 0.00789411471990563 0.0595131602058748 0.0140915962197874
-0.0217182692776674 0.00912430804922008 -0.0402327027338022 -0.526631856444384
-0.0150895109394172 0.00666688205595046 -0.78470727363258 -0.324190820704968
-0.00056419429383401 -0.00705321807126547 -0.674569266698211 0.643885750353977
0.00217783057794416 -0.01592369188291 0.2855089393955 0.710629216616796
0.00811476433282089 0.00328918193913137 0.536210906282061 0.106698882611844
-0.003092905380287 0.0166450450569968 0.286050728851471 -0.253171340686459
-0.0110262532243143 -0.00295760215926585 -0.05165366830189 -0.296385249874336
0.0040912431567752 -0.00570659691518951 -0.0134621542403792 0.245245848660057
-0.00164688465185967 0.0131518652103133 -0.250821171203779 0.0832274918291761
0.00785936349329647 0.00197980354115927 -0.350787556285999 -0.268471665441448
0.00134612808311073 -0.0241318706049954 0.0864378322633615 -0.644025513631149
-0.00933534082304627 -0.00703360980308307 0.764444475053263 -0.263290085629867
-0.0129660329008704 0.0076157274964408 0.591431929740577 0.48959987816233
-0.00683361026233703 0.0338946306428425 0.0294366659367638 0.527838650069565
-0.011854708018741 0.0225770354140115 0.0570938845451443 0.0181360414622156
-0.0154455563781169 0.0192000692285331 -0.0438582979338182 -0.52433909818698
-0.00634727145920922 0.00834920649963643 -0.788243861240431 -0.322020134037326
0.00143749826428015 -0.00899835698125837 -0.679651275331566 0.641751716310144
0.00364370583841041 -0.0148139205778639 0.28398400435014 0.706526161598273
0.0131755206237318 0.00340580136405254 0.539764407354018 0.103972270587061
0.00148058838421377 0.0153520937404951 0.288242494552401 -0.250232488291976
-0.0068620687070927 -0.0079839215273565 -0.051524477726972 -0.295309824268064
0.00939534283800121 -0.00652132183645105 -0.0108740857386719 0.243726521464796
0.00386732623395656 0.0118315771778585 -0.252402748524712 0.0925109043117641
0.00968467208305932 0.00303004227162644 -0.355954931226932 -0.256023155314489
3.617003288624E-05 -0.0191592490983121 0.0613901922571119 -0.648552875372962
-0.00638403248254333 -0.00722414708982982 0.747642111100262 -0.29433309296636
-0.00389789404072612 0.0125304840709114 0.605078772031326 0.467180884933172
-0.00318099241747346 0.0444143257450952 0.0398501118507685 0.531332549688931
-0.0120409113679409 0.0350116601541265 0.0541473683439346 0.026804056462148
-0.00857475569943752 0.0280708185248084 -0.0347912517535892 -0.519393179066971
0.00170774382898267 0.00762750177188936 -0.783488942130976 -0.344531253483914
0.00328928927944372 -0.00952928042385939 -0.706715536006583 0.620770090393662
0.00514821068542668 -0.0107548263442165 0.261160187151327 0.715791668572398
0.0153618912495583 0.00395169690789957 0.541644696048196 0.117861388100175
0.00603095381603369 0.0125959759477024 0.294939868400812 -0.242965483780268
-0.00122858454115285 -0.010526274950901 -0.0481105771237596 -0.295890923106992
-0.00572201610003046 0.017758071762761 0.000894345551924632 0.239901817074538
0.00496547158088027 -0.00696303399838036 -0.249916275857377 0.125683293926609
-0.0120232196397875 -0.00473652010311937 -0.430640536456664 -0.151616057227392
0.000886965086869758 0.00220438682668584 -0.125271093112261 -0.585365572420204
-0.0098920490823165 0.0205311025702138 0.620905851924655 -0.475445418658224
-0.039069971090719 0.00506728886675139 0.710444449063196 0.263444174260803
-0.0107789270387879 -0.0134718304955205 0.139268189508882 0.515664056634867
0.00179478043128846 -0.0335599298525896 0.0589490168907557 0.0693603237856578
-0.0172932554276344 -0.0323971835595273 0.131093926865936 -0.48952254286561
-0.0233841439275684 -0.00992010323426645 -0.579237151372377 -0.63194212856291
0.00277749626501644 0.00971356796271788 -0.918428365243949 0.302620456919384
0.00167509906419693 0.00496871200191762 -0.0520442013112284 0.806155613527214
-0.0185460079135412 -0.00149202793268567 0.447845381921045 0.308918583526652
-0.00305691614543626 0.000729504507188679 0.32780998304992 -0.163750028923409
-0.00701618880518431 0.0159812476649203 -0.0161902431024812 -0.306223313397012
-0.0112788839004476 0.0168716147502928 -0.00382431712542953 0.241032913207943
-0.000610843458156539 -0.00152656933008836 -0.251406195759413 0.108952068892415
-0.0105440004515681 -0.00442616264127907 -0.418722303419647 -0.185475362995768
0.000881685633562562 -0.0040407019209084 -0.0675961588805068 -0.599342764311381
-0.0136185349291512 0.0181820533410558 0.67036766180507 -0.421206041479209
-0.0444071056316905 0.00298124074222949 0.689925389067693 0.326405765060873
-0.0146713878023007 -0.0152070111517078 0.107312318971257 0.517713716263616
0.000500182355365153 -0.0357764563550831 0.0611648196623322 0.0546620443835674
-0.0218043083396643 -0.0316563597823619 0.101911027903088 -0.505246966396363
-0.0274533101766065 -0.00634018369238737 -0.628465364605215 -0.576005441047922
0.00311251032413993 0.00685021667615781 -0.877755570153288 0.384921550580927
0.00238682067180938 -0.00221841926234377 0.0254349219427744 0.79900826564303
-0.0166668938235011 -0.00108502432109523 0.467338360615665 0.269005939031696
-0.00790618694818902 0.00495439769063489 0.320874411198427 -0.18465349641105
-0.0120595814968203 0.0151982648586707 -0.0229670352272277 -0.302913846629394
-0.0124221073502941 0.01283578454618 -0.00916621860802565 0.241271807133633
-0.00535155367885522 0.00183821055326512 -0.252775892681339 0.0917841301423845
-0.00685846623161413 -0.00496691745419688 -0.396301643308767 -0.22142447524033
0.00307226645474212 -0.0106877902784765 -0.00530343322948959 -0.612523750579588
-0.0176427904357644 0.0131593626957619 0.717381312818713 -0.352047917395073
-0.0460960101456664 0.00164169243959261 0.654116216649963 0.39582914554843
-0.0149811698204823 -0.0120522451939935 0.0727163650431136 0.520989664336194
-0.00181114214580912 -0.0305917168295839 0.0625766739314807 0.0394529047423301
-0.0258829827602726 -0.0246775173429614 0.0653795924946518 -0.518466282803609
-0.0272072447560409 -0.00176770867189847 -0.681881096799583 -0.510375107797911
0.00370795336549409 0.00180757081120681 -0.823412562075381 0.466957157809245
0.00359004368341214 -0.00911720400619787 0.102430986666726 0.779213648522233
-0.0134101322900443 1.90682897089397E-05 0.486681635482981 0.224563248826577
-0.00969771891045357 0.00986123466820146 0.311559603677789 -0.203348186728928
-0.0144216881202848 0.0120605495214121 -0.0287739452869076 -0.300100773300364
-0.0112601262270708 0.00629772010733384 -0.0142280007084107 0.240101295349824
-0.00766376386226828 0.00546794622153931 -0.252420121170605 0.0783850511591518
-0.00198657059220602 -0.0045965406186236 -0.374930180213844 -0.253507539386449
0.00586707188398749 -0.0158802619351642 0.0529711139011012 -0.621521413894486
-0.0177362807157646 0.00860031913148708 0.750482332074082 -0.293123306404679
-0.0438987618446316 0.00108304749862227 0.619097847756751 0.455579227730774
-0.0148864601561514 -0.00427006273773604 0.0398984013152883 0.522406509579493
-0.00353552535484853 -0.020604165834053 0.0623450494084022 0.0271137219173537
-0.0264230704869957 -0.0134435383000908 0.0317146383640688 -0.527064739739139
-0.0245143068127123 0.00261855503489449 -0.721285752140693 -0.449062673046138
0.00371182625374268 -0.00207041964394352 -0.773203804107962 0.53138850736357
0.00296227823842916 -0.0132465281564693 0.173045500295943 0.755402083984166
-0.00778974512901175 0.000963949230505759 0.503316500761414 0.182497499516781
-0.00978316890319324 0.0137441353418207 0.301856180506472 -0.218786948036542
-0.0148957623328102 0.00930772819961282 -0.0333513710955334 -0.297743502361565
-0.00874742578054116 0.00142861071946225 -0.0172903940012969 0.240842809926147
-0.0068948759414097 0.00684005289929353 -0.252990297139195 0.0703318419715866
0.00422217745741089 -0.00375805866175494 -0.355652750227945 -0.273016214738341
0.00828575087495599 -0.0202111059520307 0.0951782948125631 -0.624786073650261
-0.0173058220594816 0.00576379622275253 0.769263740254302 -0.246197824613836
-0.0383940968645032 0.00287991259430215 0.585582487947122 0.495846623585213
-0.0151039890203053 0.0062088837831127 0.0186243842784103 0.522899541465159
-0.00676373200883574 -0.00709639913589598 0.0603203014629131 0.0193439488419473
-0.0236978375524994 -0.00141224891656544 0.00733962286603619 -0.529860523394489
-0.0186934631609038 0.00585251735964536 -0.747567250214197 -0.398990790139684
0.00369828087280742 -0.00472583188189982 -0.73456656744308 0.576913785366042
0.00379885349197615 -0.0168792993960562 0.218956292217227 0.733930791247177
-0.00152836167268075 0.00272717207641187 0.513243556292309 0.149778761631709
-0.00782665892494371 0.0172628546229242 0.297478702126682 -0.228588277292628
-0.0134277774643896 0.00426693091720596 -0.0380037611482915 -0.295815411726291
-0.00491553890421069 -0.00416841162265622 -0.0201466022918141 0.240922568921186
-0.00588909117263394 0.00917622908817452 -0.252328890654049 0.0685622246301782
0.00945140045976525 -0.00182555120113252 -0.341218278901769 -0.286417769427781
0.00898757318186587 -0.0205949485524805 0.12183478960865 -0.63053027897488
-0.0144547149029874 0.00326692324227397 0.777852415363516 -0.220143902530624
-0.0301340505694995 0.00684075086780472 0.563193686639276 0.522413620349996
-0.0138179020789884 0.0184205818217117 0.00263900351484544 0.522851229170542
-0.00961251677283097 0.00696555659570247 0.0583088681737888 0.01689475538553
-0.0197221815240676 0.0112839692292372 -0.0107286781549532 -0.529659766294107
-0.0117848305122211 0.0080220509399107 -0.763792931261252 -0.371143166185408
0.00359832814265811 -0.0076796318440018 -0.716024164092099 0.599075814976852
0.00335553467626297 -0.0170201029436235 0.245805063569032 0.717868153327689
0.00447869455311343 0.00363987432595499 0.521102404795069 0.132964974571902
-0.00463227229284262 0.0193667185013492 0.294393609240318 -0.233888902686342
-0.0105171365675983 -0.000267982841848251 -0.038632505659835 -0.295441874286585
0.000509988722806529 -0.00665220685841126 -0.0214643926119563 0.239736343992533
-0.00144810238105031 0.00982713204556178 -0.253044222665 0.0718600950759454
0.0133278969976423 0.000199062225248201 -0.335595949852154 -0.286468618733304
0.00888865826917767 -0.0180648066271403 0.122976673751636 -0.635143231181648
-0.0108961770864004 0.00184867483461064 0.774806587634802 -0.221323806786539
-0.021652587028526 0.0114179670346926 0.560127432662421 0.521865824427754
-0.0116271484234884 0.0311326124532253 0.000661004842482926 0.525550890063396
-0.0116012500912719 0.0218221441692533 0.0549975906005711 0.0205513252477006
-0.0131872185629102 0.0204654969804242 -0.012336583146764 -0.524577014747289
-0.00263237250064352 0.00984363934323431 -0.768253559104379 -0.369415665308067
0.00525958550849276 -0.00865523758353692 -0.720846195823503 0.600699586294418
0.00471423108594852 -0.0156488241609475 0.245580890037765 0.712943194260566
0.0095457221633034 0.00507728642377908 0.528311201543852 0.130778322237305
-0.000354681423948334 0.0179948921812776 0.296806676205636 -0.231343784443828
-0.00638269321946993 -0.00417347860843166 -0.0382525180397147 -0.293969660083031
0.00676014911590831 -0.00844250408102382 -0.019598885345876 0.23969914177643
0.00456513530670863 0.00866978844710161 -0.255664715944066 0.0805370176183971
0.0146772183856142 0.00188150505461923 -0.341010476716464 -0.274414892580997
0.00775101000349712 -0.015399460005757 0.100588998158043 -0.64141517343477
-0.00674761048563939 0.00248745994497938 0.760134002189019 -0.253530740305826
-0.0122433429047346 0.0173434473091845 0.573737564349083 0.498813864531103
-0.00887011142315496 0.0426036650573907 0.0118291487069504 0.528121418222168
-0.0137533579634779 0.0334939960914175 0.0529612807150387 0.0298307329676489
-0.0078212359512845 0.0298683023645871 -0.00430839438082341 -0.519810964213573
0.00652679552306528 0.00945501605630574 -0.760173042946105 -0.391214761603288
0.0075630628527832 -0.00957152060471788 -0.745674566821049 0.577380838981509
0.00578861752860916 -0.0125659373771857 0.220600957464486 0.719909072839502
0.0120589680494736 0.00613838124839541 0.528365791426855 0.145240495570048
0.00549464181684202 0.0149057298868532 0.303199793494185 -0.223917714548538
0.000198969488711686 -0.00630085361637543 -0.035694373990091 -0.294922370247669
-0.00616504158393192 0.0181461839914094 0.009796914409849 0.236004095441874
0.00407457073125584 -0.0062071511774441 -0.245219475575477 0.127537975473772
-0.0117376510496014 -0.00391974111663673 -0.429527136257097 -0.14487263408222
0.00120975349370227 0.00247170974872898 -0.128039445683311 -0.579526167163333
-0.00904290610951559 0.0197106251738038 0.613719735806297 -0.478494755022329
-0.0383457322151525 0.00606688376198097 0.709033269581454 0.25631997133925
-0.0109415903087893 -0.0142564894951772 0.142684346629534 0.51334575501327
0.00121364527605286 -0.0337749692177453 0.0596486539496979 0.0687879835002063
-0.017693792430741 -0.0329561233793634 0.12479533812783 -0.489761073307149
-0.0231854473138881 -0.00947442304098029 -0.584304475084695 -0.62565658248804
0.00244029677742817 0.00986119617473743 -0.9112607430577 0.310692318910729
0.00199342129872617 0.0051013753520201 -0.0436737662078611 0.803121863175178
-0.019638025861284 -0.000585417307185844 0.446268128117532 0.300574662828497
-0.00371758392243087 0.00100565162948688 0.32130759668236 -0.166010909436833
-0.00700085485680258 0.0159771186329404 -0.0269652027489132 -0.300124566579512
-0.00983965271732168 0.0160207255538506 0.00472611720144858 0.235640191293291
-0.00124391918418944 -0.00223512404367525 -0.247452807901156 0.110496192615645
-0.0108121049969257 -0.00560566967871982 -0.415896453219973 -0.17842671495434
0.000779686941187317 -0.00380201831340578 -0.0721776136141977 -0.595791747536675
-0.0144584072696994 0.0174178852336632 0.663659044372723 -0.425273145558509
-0.0440014547888486 0.00433179839880202 0.68884866474096 0.317333737000758
-0.0145507902445491 -0.0159198620418702 0.113532222216558 0.516938100342527
0.000749198397066709 -0.0350831903256078 0.061752140997041 0.05329674064085
-0.0223464528777797 -0.031984869070677 0.0945274741800698 -0.506317410052405
-0.0271671231170825 -0.00665382584888935 -0.633118505877384 -0.570447624508016
0.00315579625726027 0.00610656779020079 -0.868039649231816 0.390883622857822
0.00312912354992854 -0.00154168054945136 0.0324820344760668 0.791590240851042
-0.0168180840288365 -0.000534762601732987 0.46707173999303 0.26000315832338
-0.00780571556576458 0.00487985140382118 0.312311141071556 -0.185753055919494
-0.0115086459279963 0.01493966697836 -0.0312784167583645 -0.297671628466131
-0.0119284047394451 0.0126676418056536 -0.000644759686294312 0.236613633160066
-0.00530290948812939 0.00238068503887283 -0.248636757878361 0.0939362987381402
-0.00706472880670234 -0.00482409199427675 -0.39563968569835 -0.213898071059082
0.00257586429992678 -0.0111076168818886 -0.00973809885595504 -0.609306576918797
-0.0181086738344331 0.0135397193600481 0.709515717358233 -0.357976020927573
-0.0455541916938827 0.00202628732128598 0.655231095086811 0.388157940273824
-0.0148699940287202 -0.0118024240416942 0.0777908986267334 0.518756719397987
-0.00103142351794096 -0.0293586130090808 0.062239254523844 0.038825347325211
-0.026314689248606 -0.0234677279088151 0.0606499756857052 -0.519938799568058
-0.027269711035507 -0.00154256192585692 -0.682794372199471 -0.502789258562973
0.00352676442719828 0.00248714376772985 -0.813066660096968 0.47171220240843
0.00345761370403973 -0.00904684950964581 0.110529733126914 0.773031149680617
-0.0129231388992509 0.000132811514976853 0.485794177821738 0.216418262063848
-0.00946456960871914 0.0101744923447052 0.30321833042648 -0.205549701966789
-0.0147131726755672 0.0137327794651131 -0.0384010667849266 -0.293645911946423
-0.011470518777399 0.00728767353172474 -0.00516527359438531 0.236419016160828
-0.00817286388085525 0.00491631433778812 -0.247988993569596 0.0812979626480122
-0.00109860238078092 -0.00437275058018669 -0.374406574646128 -0.245234392659603
0.00468835676266942 -0.0164978461016186 0.0487816842314789 -0.617472314512194
-0.0189026246694039 0.00928662295545316 0.742599960089692 -0.298286371732419
-0.0432054334066979 0.00222444490884021 0.619347717079646 0.447484297990362
-0.0149830021267203 -0.00439371547278406 0.047327097925641 0.520351693887407
-0.00316439402071847 -0.0203790935078487 0.0623419594573457 0.0263545618753593
-0.0257842745735082 -0.0123754772633622 0.0266656247131537 -0.526768973002649
-0.0239456172996407 0.00302865932983955 -0.722018305693951 -0.440752194114104
0.00284674586619458 -0.00131705203826019 -0.763777104682552 0.534808891579637
0.00252543099940446 -0.0132943620669254 0.17783199137211 0.749490129931466
-0.0073778588723207 0.00131409129881126 0.500533074774118 0.174522037528458
-0.00955694106629704 0.014507618458224 0.294135254100574 -0.220361393869506
-0.0151452824001672 0.00865880817666258 -0.0437491156897736 -0.290675258482174
-0.00911949754342378 0.000574502822327915 -0.00889480378712639 0.236623952955307
-0.00725430995090461 0.00747959624778623 -0.247807250549359 0.0738850457660884
0.0038470006092404 -0.00445052932899591 -0.355824427129208 -0.266240619445943
0.00663041429936759 -0.0204376755219767 0.0890943167758301 -0.621784251249399
-0.0173410478370619 0.00573497265759229 0.763763622716465 -0.25230100142799
-0.0379425479575921 0.00409642337620377 0.586532028172996 0.48929528227945
-0.0141818741810845 0.00665466833709444 0.0242694376964298 0.521935451610567
-0.00611887415005538 -0.00671251393059148 0.0608983680461282 0.0194335360863032
-0.0245510136907416 -3.17543346125375E-05 0.00186038911480872 -0.529013924295925
-0.0193636544374141 0.00650429014531718 -0.749386107374983 -0.391716272610384
0.00247027632583111 -0.00469499901623644 -0.725300411876014 0.581451860102156
0.00226120690605347 -0.0168902577353881 0.224162872601303 0.726261823893632
-0.00145562052251849 0.00240886655257943 0.511899405316526 0.143302175181538
-0.00726314925713448 0.0182382805438505 0.288612065690951 -0.231052545424854
-0.0136980292512151 0.00529220059045152 -0.0475724773842016 -0.288742114801029
-0.00469837361932079 -0.00436883194601552 -0.0112734950467222 0.236121079770239
-0.00504995640504213 0.00899284137664258 -0.247723164856639 0.0707878581752821
0.0084632406574068 -0.00272438742869624 -0.34088669099326 -0.278181017760687
0.00859733894906586 -0.0210537005035309 0.115016519598809 -0.626515020112985
-0.0147176246728618 0.00319101543264867 0.770461344555099 -0.226650708954048
-0.0296879414670137 0.00735528753326032 0.56649366209216 0.515129807806697
-0.0137178032165174 0.0192824284590601 0.00812738809936552 0.5238870504958
-0.00846816984880117 0.00806226805906437 0.0590687851181936 0.0156663906902469
-0.0188728885974153 0.0110017379479231 -0.0147792945861258 -0.527283555618307
-0.0109104449784526 0.0088594526151779 -0.763053611143351 -0.365266203120822
0.00256807678274527 -0.00752803616359831 -0.704497206755827 0.603661218215687
0.0029086766635448 -0.017196320774446 0.249264616261268 0.711915738060244
0.00400508387693933 0.00238285620188545 0.519131334147301 0.125037339227206
-0.00401569068565459 0.0186641101475466 0.287187922360377 -0.236014991604021
-0.0109471621434128 0.000924645472120513 -0.0472272337403384 -0.288066915792547
0.000840309797894533 -0.00735287580571369 -0.0128326651710738 0.23652562756134
-0.00027741722957136 0.00965230438069949 -0.248303587135675 0.0740377147694711
0.0133391859965149 5.66830356394975E-05 -0.334735588598516 -0.278934949702726
0.00845154855868527 -0.0186717444862825 0.115748391601333 -0.631417057629614
-0.010378702014709 0.00180767610138645 0.767072580907901 -0.227953538153705
-0.0210824780635809 0.0131484648655179 0.562612570216603 0.514732655487777
-0.0110043468017917 0.0307683215927504 0.00669391524798564 0.525128462997617
-0.0116638045401187 0.0220775377976029 0.0553839167454902 0.0211780953448871
-0.0133942775614528 0.0216636066264594 -0.0171556131492648 -0.522687312843796
-0.00301375770182174 0.00909707177287346 -0.7675442595518 -0.363448502178935
0.00417922235401122 -0.00895273371153343 -0.708258493131071 0.602189344204488
0.00324650114958804 -0.0150060085238228 0.249083277142424 0.70640878424172
0.00973467303449124 0.00387028918223426 0.524143169483342 0.124666737939456
0.000932675070144325 0.0173297566047093 0.289578844266175 -0.232632575469923
-0.0063732859425378 -0.00354927739453571 -0.0473881127902316 -0.287491223107579
0.00611650214214106 -0.00904858415294492 -0.00995636886965967 0.236542780692648
0.00504292736123752 0.00930691849078401 -0.250239948991888 0.0839665586537632
0.0153502341775496 0.00125839031648541 -0.339076432342928 -0.267216183200526
0.00679715760426823 -0.0152749988205926 0.0924048455232106 -0.638524317792175
-0.00736347637993076 0.00286291762625041 0.753914126667162 -0.259702621582963
-0.0121346609707584 0.0169128573752466 0.576557549902652 0.494074956702353
-0.00804317238114649 0.0425776557169026 0.0194693161264906 0.529256945229852
-0.0125136324310532 0.0337598623806354 0.0530886994959961 0.0289698410880415
-0.00754616474664855 0.0298899505427539 -0.00886570182971634 -0.51916462445327
0.00618745200363 0.00935239433227261 -0.759887623983664 -0.383646923282705
0.00696386656413283 -0.00928868464011611 -0.734134222594668 0.582395688176282
0.00437879961530967 -0.012396763555747 0.226160914732697 0.713620328265939
0.0120181294558714 0.00505114964322961 0.524452683704296 0.134921934896809
0.00547203472828936 0.0156374163588042 0.295417310828354 -0.224953913782002
-0.000933335948885598 -0.00702672299964302 -0.044125041521675 -0.287809821559597
-0.00642011801881172 0.0174386633092097 0.0182423770604343 0.229195482731351
0.00359464302439145 -0.00716460164485659 -0.238735714235558 0.12871967122706
-0.0121145971436083 -0.00331839109169619 -0.424934228051903 -0.137261057733476
0.000221715281880572 0.00252838732057305 -0.130698306146395 -0.573058166931162
-0.00917461250097755 0.0207139796749423 0.605115568624021 -0.48228489407587
-0.0376739717586845 0.00596601789551884 0.709267805245924 0.248018152001426
-0.0107927259458291 -0.0142262770867513 0.149347190761836 0.511185324089939
0.001092307866911 -0.0344128119285055 0.0602754747541207 0.0672061613235405
-0.0170962500595002 -0.0319900517334057 0.119062486948841 -0.490221511998249
-0.0230776884333631 -0.00897098355837325 -0.587647059357144 -0.619365443138512
0.00328057664482805 0.00984092725895853 -0.901924511211518 0.316623309556729
0.00240709693525847 0.00576707133046215 -0.0335252925000381 0.7966502681017
-0.0195817365930941 0.000624534692265994 0.445686107275877 0.293127830976955
-0.00288781905920788 0.000682594741622711 0.313628647510136 -0.169366122398472
-0.00688402792998069 0.0158932750994862 -0.037260342036404 -0.29293402020081
-0.0102603766699664 0.0173932630115268 0.0135568987757 0.230040349004925
-0.00166802079986599 -0.00218108987650445 -0.241266450895587 0.112018523018695
-0.0111150471744485 -0.00408467891485931 -0.410647573625556 -0.170373271915198
0.000786612951096525 -0.0044077090253895 -0.0763187599822749 -0.590053461300214
-0.0142484454220441 0.0178503542913991 0.655544477721056 -0.43098914442862
-0.0438157230553489 0.00406390000535824 0.687044854278485 0.310831200071361
-0.0140546478055478 -0.0151352825424174 0.118533571946276 0.515252802252639
0.000309616192258333 -0.0351576365693887 0.0620021032647235 0.0525720030412408
-0.02203379189989 -0.0304618695597236 0.0921485289589407 -0.506174166389399
-0.0269444525188784 -0.00571244382978012 -0.636694099380269 -0.565527156560484
0.00274287052340867 0.00658451159575144 -0.858517972141882 0.395644833935121
0.00237859346924254 -0.00183125881746407 0.0391456418860318 0.784793186725648
-0.017376250445919 0.000138831166973663 0.464777709782536 0.252921420737857
-0.00783146199916383 0.00631211895930358 0.304522071489644 -0.187661420889942
-0.0109031910669773 0.0165154103952973 -0.0426504588128033 -0.289979457315601
-0.0125243474719296 0.0122281846682755 0.00874255308872459 0.230757962080425
-0.00575217354594746 0.00163840189182105 -0.243575153470262 0.0964317524949858
-0.00676104716716508 -0.00467656620259601 -0.392354778564564 -0.206006507425674
0.00201178320797207 -0.0101935430712516 -0.0136641282795271 -0.603063387920518
-0.0177433712093299 0.0140413093926586 0.70064616650282 -0.362934849283976
-0.0449609324319574 0.00210861683365762 0.654557777521338 0.382387007650125
-0.0147188918265635 -0.0116573041187256 0.0832527468687591 0.517363976764983
-0.00147097259611477 -0.0298765442734933 0.0631985191689421 0.0375518943415219
-0.0257820391626396 -0.0232680262540106 0.0533973012863591 -0.519166480212852
-0.0267262489784 -1.35420002843334E-05 -0.685276853583213 -0.495921122362436
0.00206009562341892 0.00189912247294263 -0.805023042424902 0.476095501356515
0.00286063991094459 -0.0080176519736433 0.118991143991022 0.766398542436759
-0.012645391171623 0.000548679590962692 0.481863838253988 0.208852196706461
-0.00871366291645111 0.00981839471088071 0.294511279545027 -0.206694693519755
-0.0142829038435056 0.0138265452357038 -0.0474590685146434 -0.287098293478581
-0.012437614392642 0.00655409622633713 0.00432881918467967 0.232001399384542
-0.00704913622262316 0.00475041581906742 -0.242949872025388 0.0833754920244982
-0.00199143910553052 -0.00521817887038037 -0.373624183056848 -0.236273615865801
0.00355368120465661 -0.0159722430706168 0.0430848606475774 -0.612762128685049
-0.0185886450619698 0.00978643619421742 0.735711195235064 -0.302892267931414
-0.0429841902982862 0.00333813762057223 0.620205778432063 0.440666097696349
-0.0138248911203648 -0.00397463648370309 0.0533429219324415 0.520823655627061
-0.0036623810697734 -0.0195457540036338 0.0621496739085107 0.0253771930818188
-0.0258656006438941 -0.0132851230922871 0.022328112260192 -0.52545618030125
-0.024215931860312 0.00420898133021345 -0.722605547269494 -0.433096598484378
0.001876694791356 -0.00139927984415236 -0.754592836174727 0.541323139766327
0.00161415429036948 -0.0139680958080374 0.183916040566402 0.741398728884697
-0.00701743700328326 0.00106554652629686 0.497826103424506 0.167997202521915
-0.00943799477302928 0.0141105119276914 0.285723822574688 -0.221818586267803
-0.0156415068490046 0.00963782454808916 -0.0519458118244458 -0.283640415145891
-0.0095098093194018 0.000872775449206384 0.000770029584127677 0.231780774332344
-0.00738075730515959 0.00802557056478429 -0.241095383651829 0.0754386743677641
0.00414445568822017 -0.00432195220139074 -0.355107968212096 -0.258409896786117
0.00676164281583252 -0.0200032166560673 0.0824690393408699 -0.616909963607632
-0.0173494728319298 0.00633244888110081 0.755108250527167 -0.25510790794031
-0.0376821886822651 0.00536234811765845 0.588306467609773 0.481433655274203
-0.0136837918491466 0.00713038718066756 0.0292480756588894 0.521087462584862
-0.0062146900995095 -0.00774520708209681 0.0611531704581424 0.0190116143913287
-0.0235697533019877 -0.000418636328926976 -0.00291307213301836 -0.527804134954957
-0.0186750956779777 0.00751802353768842 -0.748935133194474 -0.384878440322786
0.00168083188982164 -0.00475110729625966 -0.716236338876914 0.585445391636656
0.00222586034870841 -0.0165235707185937 0.229637344507331 0.717151198492258
-0.000243130196323682 0.00265000346963565 0.506646019124755 0.136992504728055
-0.00692604201839514 0.0172855961276379 0.279209117093168 -0.230930725647409
-0.0142920202776032 0.00533831306678267 -0.0552505114404796 -0.281223014294518
-0.00574357626644437 -0.00352560887892206 -0.00124696515818517 0.231430459547734
-0.00485508195791298 0.00887725494744362 -0.24169223177303 0.0724964454346124
0.00894181252426059 -0.00324861732515385 -0.340449193622218 -0.272140080184675
0.00782854120648632 -0.0206476590495447 0.110693884522346 -0.622455518388989
-0.0147607050396273 0.00407592245504008 0.763908024463453 -0.230689489953253
-0.0296659757297093 0.00807049944018553 0.567910152926354 0.507284610484759
-0.0124142471532387 0.0187240063713905 0.0160614679893881 0.522937203441933
-0.00878275354458754 0.00819222064550168 0.058951503487793 0.0171766385184467
-0.0190881871426302 0.0114858366534043 -0.018673908301368 -0.526119810870073
-0.0114160182961914 0.00955746187985337 -0.763761783809892 -0.356601502312781
0.00221356955808893 -0.00666325741037844 -0.695460125905182 0.606189579126424
0.0020920719560428 -0.0167147489375584 0.254138171644269 0.702914235216146
0.00456395367368424 0.00267019105819567 0.514755161767511 0.119051430964139
-0.00276380365747294 0.0183849194812012 0.277901869361035 -0.23571128097269
-0.0105921725076102 0.000684592453374473 -0.0568905202779125 -0.280792377095482
-0.000675296680353998 -0.00720628698845893 -0.00221461856373571 0.231774664777415
0.000408395179645672 0.00983810339745996 -0.242062024209351 0.0770072378469855
0.0136241084625186 -0.00112737711470378 -0.333499974118041 -0.272175205065225
0.00758131676883695 -0.0204711665242326 0.110100391570586 -0.62865444482025
-0.0112194255536166 0.00304887761143405 0.759800491925172 -0.232732172053669
-0.0215066170385232 0.0141089568855751 0.5644478871764 0.508446815920509
-0.0106465587758703 0.0316348132696201 0.0140364279605902 0.524887410174835
-0.00967678905534744 0.02227968723203 0.0569130566786 0.0198352835010956
-0.0127789007665468 0.0219420690693051 -0.0217098541634227 -0.521713137079619
-0.00270481130683788 0.00976294235654744 -0.768117624326468 -0.354208408132945
0.00386282089893853 -0.00890619485012821 -0.70020346262732 0.605668582806857
0.00344258987900741 -0.0155726739890224 0.254466379464794 0.6981275712769
0.00922940608124191 0.00334802435767082 0.518829513753621 0.11743410000249
0.00190451498505647 0.0173829068134099 0.281203296532624 -0.234401645915989
-0.00612145856477436 -0.00296602168876281 -0.055333448475019 -0.280638995612255
0.00495913968984336 -0.00857854834597408 -0.000140145669301216 0.232085304205378
0.00540369901539614 0.0090764839435418 -0.243744138764954 0.0865719977514775
0.0150196036618673 0.000698845167921188 -0.337439653797859 -0.260443509742675
0.00621130058617289 -0.0157968448237151 0.0866963845407862 -0.633137752753335
-0.00746263061362615 0.00288003569650391 0.746668680469222 -0.264319642626751
-0.0115942057021239 0.0174315289802023 0.577969009545655 0.487669183536324
-0.00729088688082399 0.042220453826883 0.0244122825036784 0.527755563805746
-0.0123098480157103 0.0336866534944902 0.0538723859558485 0.0294786731305844
-0.00643746884489866 0.0294639203144179 -0.0133564260661022 -0.518812541140179
0.00626356940321385 0.00880439799371295 -0.761597790814958 -0.376206146440009
0.00615838562537741 -0.00910607044053406 -0.72488907369932 0.586801785217213
0.00452185574562433 -0.0122755298660412 0.229427102564125 0.706154227046842
0.0132164092059707 0.00383370619310671 0.520379655201095 0.127975888311031
0.00594003738259667 0.0149261605666694 0.286982807458594 -0.226458018167306
-0.000920834543032605 -0.00701008639080397 -0.0541915686026746 -0.28106144159885
-0.00564324650311789 0.0174362406647543 0.0274001802038421 0.220646102560751
0.00256517005947482 -0.00781066392348895 -0.232813046403403 0.12912135274829
-0.0115907193603552 -0.00301648980857902 -0.419181102173726 -0.129497897644137
0.001365362183907 0.00210112244547438 -0.132154089600809 -0.566624319346152
-0.00930063679450632 0.0198482877092998 0.598201735901096 -0.485671847678395
-0.03773940843581 0.006257896043021 0.70730899243122 0.243165683610043
-0.0104760022098848 -0.0143063436526106 0.152320550209022 0.507341752039267
0.0004051031695628 -0.0341803379574242 0.0614238811395959 0.0666240580509153
-0.0175600148154221 -0.0320117099468171 0.115168172606792 -0.491617531369427
-0.0241786425850729 -0.0093575018715299 -0.588698167513779 -0.614438915194534
0.00282933052846754 0.00944095055336776 -0.889623311852677 0.320764648556647
0.00213101670911359 0.00600358801449997 -0.0272580026251906 0.786305587121005
-0.0186678042711613 0.000653807379431306 0.442875517362372 0.284262446202919
-0.00368167259163977 0.00054553655158195 0.304224384270493 -0.170079793759801
-0.00617466247047691 0.0160060405612703 -0.048812307220159 -0.282437767620612
-0.0090297302881542 0.0167427938612948 0.0236404072940457 0.221026789608761
-0.00257000066042749 -0.00219342791148586 -0.236114828172105 0.113007415198707
-0.0102805723825693 -0.00346430603473796 -0.408441862155391 -0.163422406553147
0.00149429089961581 -0.00402943681747866 -0.0783848929707367 -0.582932500116374
-0.0148229012097583 0.0174484224577164 0.647424595595624 -0.432007693094615
-0.0423199530693049 0.00513154495185759 0.686430462115265 0.306381479976008
-0.0136694602696864 -0.0146800354065885 0.122366694443622 0.512506067300976
0.00107023907870894 -0.0353590175343903 0.0623100610260096 0.0504119136101775
-0.0228790945166285 -0.0302233793398622 0.0865894579324027 -0.507167770014246
-0.027878596079477 -0.00530562206954884 -0.636794412985717 -0.559765431390904
0.00181272170394227 0.00654952295541332 -0.849066119335723 0.399636846932438
0.00333154839016712 -0.0025154485206774 0.0458786408980768 0.776429860648297
-0.0168278975714077 -6.52092556106265E-05 0.459046111373976 0.245145022365211
-0.00734117074185623 0.00499075195354051 0.295220240656056 -0.189102862828772
-0.0109590439603258 0.0163988432463415 -0.0532311110167585 -0.279972361151601
-0.0124822485117774 0.0128551066043968 0.0188510506891683 0.222713683223834
-0.00576114205152075 0.00217174091966514 -0.237223280748172 0.0971773952674701
-0.00691728170735976 -0.00503370615449767 -0.389090143245112 -0.197428013070491
0.00144112394232597 -0.0113695296733853 -0.0172917018305484 -0.596371172292348
-0.0175546802921968 0.015105137459881 0.695923383366013 -0.367798704693927
-0.0440404321311353 0.00312304309112273 0.654058551852314 0.37601713101709
-0.0138414925637528 -0.0122262048984339 0.0893614962670669 0.515611738807883
-0.00105459703424473 -0.0308611815038302 0.0635243219200948 0.0361345742832413
-0.0254744404557171 -0.0228314197763919 0.04910466658654 -0.51843828970795
-0.0275354129712808 -0.000772323002750191 -0.686231557060235 -0.492342104843008
0.00166099292133316 0.00215749052871842 -0.795717161159894 0.479883151783673
0.00246616120381591 -0.00868535000795762 0.12284841633837 0.757903284581235
-0.0124607162621307 0.000938153966168538 0.478005448634637 0.202125019589818
-0.0101977540938981 0.0103748910157606 0.284589988009713 -0.205981151477307
-0.0142665525136069 0.0140239773455626 -0.0586172410015237 -0.276231280609105
-0.0117484287266768 0.00740919308435534 0.0150070468140733 0.223925595016983
-0.00710216333552737 0.00532542894234206 -0.236222445227076 0.0846835548994589
-0.00212408335801693 -0.00483174013977738 -0.36802145136329 -0.229676878090877
0.00340836370679089 -0.0163686188886551 0.0400433743862986 -0.606196132778446
-0.0196380938353147 0.0107209059200597 0.728003321542622 -0.30670462668805
-0.0427462262960828 0.00303940881265768 0.619929601065743 0.434763658540881
-0.0143473201566798 -0.00487195506264949 0.0561284274865566 0.51845487943549
-0.00343934979162103 -0.0200501447560206 0.0627402620626729 0.0252527987314178
-0.0260802624131228 -0.0119787784220354 0.0161572334458514 -0.525479375176705
-0.0241220225129599 0.00451744295281 -0.724511509985951 -0.428108152422116
0.00164934023881889 -0.00129323955817319 -0.744029539729207 0.542996482105769
0.00142049208382526 -0.0135502293022619 0.188774407797486 0.732601624884902
-0.00689670426686651 0.00139276959437833 0.491710279272955 0.162264199654471
-0.00837190557205735 0.0142964042989253 0.275793314767612 -0.221369371184796
-0.0147735615962841 0.010028714364723 -0.0614307809928121 -0.27282880753388
-0.00993545845048938 0.00219639839178387 0.0115177103563033 0.22477064268464
-0.00651864464411818 0.0079653768502092 -0.235804908239149 0.0774454538798429
0.00420812680195704 -0.00459149841178568 -0.350665419672 -0.251120285362755
0.00441062262012174 -0.0202058323864029 0.0797416250135831 -0.61182066377399
-0.0184873262126377 0.00779941492586441 0.748519364968972 -0.260600123989183
-0.0365478413775558 0.00566282590992408 0.589441908877823 0.477074292995045
-0.0134831732818926 0.00681400180513507 0.0340036911789945 0.51990233515606
-0.0059679476785114 -0.0068431247671248 0.0623982853646131 0.0172321358457907
-0.0227097270018138 -0.000890987530758884 -0.00762835024729695 -0.526992607914063
-0.0188686479208972 0.0086904821662485 -0.749125706413189 -0.377773845685224
0.0014958245120549 -0.00411100322443859 -0.704716212764989 0.586860351608621
0.00113228241474532 -0.0163907024088697 0.233013894002389 0.710897575793067
-0.000964738492431057 0.00191852356071088 0.501227481728144 0.130403575759257
-0.00584164431677357 0.0177055222721001 0.27084806272138 -0.231494136649039
-0.0147452121273155 0.00673946668955342 -0.0661837137737087 -0.270600586849672
-0.00646086722011321 -0.00412785595502392 0.00877998684143784 0.223899279152182
-0.00439789700707541 0.00894599101847557 -0.23587262730753 0.0752871518973351
0.0090523168488682 -0.0038835036695571 -0.335965413956325 -0.263873600698318
0.00644316993966994 -0.0215328149163273 0.103546187730455 -0.617686637372573
-0.0162402540152176 0.00510956994897113 0.757260793726686 -0.236085388688651
-0.0289055945034712 0.00909696924093103 0.567273964535136 0.503691129526901
-0.0119099039798522 0.018463892648386 0.0201702274771713 0.522240437235218
-0.00800862245630712 0.0070848455960914 0.0598922388012806 0.0167054785312964
-0.0171704120015011 0.0122352076828945 -0.0241042816038314 -0.525933525284376
-0.0108286686119942 0.00968739916586111 -0.764028983635907 -0.350740644297622
0.00175212912627234 -0.00662248093110749 -0.685242852329995 0.606472239307993
0.00134081184173967 -0.0171707109524129 0.259640945543619 0.691622528417883
0.00447308186729643 0.00220140501675058 0.508835770530534 0.112343876916909
-0.00209793226606475 0.0186079997250661 0.268016115090362 -0.235613947055825
-0.0114208018057395 0.0011910590392587 -0.0662070330703831 -0.270436189665978
-0.00173524832793188 -0.00756434026359605 0.00799018937504978 0.224844691058593
-0.000132092773106622 0.00953796381014601 -0.23614151537266 0.077936023653427
0.013107333218723 -0.00164413304745476 -0.32947244368804 -0.264397531329883
0.00614588346972282 -0.0199546974874472 0.104202391381528 -0.622967990994571
-0.0117086315455358 0.00336125029777746 0.753706888590181 -0.237616651926335
-0.0198999600456325 0.0131594386337783 0.563898417591312 0.503325449024616
-0.00951153395513764 0.0309471465950866 0.0182815434877967 0.524737647674456
-0.0101258893596672 0.0216375510022173 0.0569136216795803 0.0206727478926572
-0.0118589649560777 0.021874186976657 -0.0271472528526026 -0.521949199188428
-0.00266270862299546 0.0104462158623856 -0.768130537317032 -0.348691170769168
0.00335550905218855 -0.00787524379437103 -0.690075869220992 0.609630412921589
0.00150791788500539 -0.01556209807831 0.25820417957944 0.690072970999917
0.00911363434554862 0.003625280807255 0.513277163410661 0.109439514966669
0.00251658803033005 0.017579029222923 0.271886220289234 -0.233217948706085
-0.00664793006184249 -0.00303062301891121 -0.0657676073582688 -0.269134265313303
0.00333403112579177 -0.0102820114679168 0.0107762526937196 0.224257421204772
0.0050748073316439 0.00884478889820614 -0.236872224049215 0.0874130948835274
0.0150980390234882 -0.000669273060190835 -0.33495075421062 -0.253650710408704
0.0046832476086783 -0.0159496409683326 0.081000171043762 -0.62819363356201
-0.00842265523696828 0.00355193128739466 0.73858068796647 -0.268477121503933
-0.0111067687935189 0.0176608329609926 0.579738806582689 0.483820463437578
-0.00669651609912198 0.0421331467196615 0.0299474196830463 0.527671519564157
-0.0114989349386918 0.0330474496820405 0.0540860644435828 0.0294363757799052
-0.00596498739104073 0.029376515353654 -0.018759876079135 -0.516918301229132
0.00615481076381256 0.00969043841010383 -0.760053528460596 -0.367622824660091
0.00548210327037498 -0.00848333725992279 -0.715375146134424 0.588375355812109
0.00352117130095875 -0.0119932306165803 0.234260245129006 0.698463132844091
0.0115969751390878 0.00380116798829044 0.513911702978487 0.121884168810555
0.00734959583262988 0.0139251264284742 0.277648787614047 -0.225593983902681
-0.00188554134724165 -0.0069549142226381 -0.0632837086971052 -0.270473545707058
-0.00471315821832148 0.0172456825871912 0.0372596333621537 0.209755582110242
0.0016340456730415 -0.00807749077746245 -0.225945985563833 0.127866003892037
-0.0117373605287029 -0.00167607741716161 -0.411631651366655 -0.12356209432842
0.001490758163669 0.00227311624816525 -0.131874619490732 -0.561219781507542
-0.00931963102868378 0.0200833745649947 0.590941226024665 -0.487486492143063
-0.036484270775487 0.00609278340703435 0.705542724526522 0.236813345891704
-0.0113924881473978 -0.0146255154999029 0.157594035212512 0.506320644412324
1.06172653924826E-06 -0.0344318204051076 0.0609871879712178 0.0653090200688166
-0.0189442965042686 -0.0324459459204111 0.110862267600534 -0.493307181221416
-0.0233302567031229 -0.00813744306316043 -0.592725929459458 -0.609317325957747
0.00204648078589707 0.00781797542589428 -0.883009955385331 0.324115599451772
0.00239644355702933 0.00607908861709239 -0.0215005625654326 0.77861966888701
-0.0183369142888083 0.00167645954223292 0.438740122615643 0.276280452055616
-0.0045557506428877 0.000563110583520987 0.293580707285267 -0.171179047410166
-0.00712373751942828 0.0169029637059288 -0.061032411450486 -0.268902497109891
-0.00991646000945385 0.0168237047470931 0.0337375081968916 0.210692857871676
-0.00282282762820764 -0.00175197177976914 -0.228353328587029 0.113204342846405
-0.0110699455141267 -0.00355409813216471 -0.401815745841186 -0.155768837225595
0.00121604760414537 -0.00408120533850971 -0.0788241992228309 -0.577650956601078
-0.0138456015787155 0.0180068472406027 0.640771361368347 -0.434937796295675
-0.0422865080649202 0.00578340842766872 0.685170126317709 0.298889283679145
-0.0132745204429018 -0.0160339884246004 0.127979936554637 0.51144963259621
0.000617761535681038 -0.0357179662940467 0.0628511488102028 0.0499420518431924
-0.0228138904335812 -0.0309573978732487 0.0802841587354718 -0.508433024234888
-0.0277293072695606 -0.00431235910953931 -0.638442903549085 -0.554573666256268
0.00174876089457272 0.00626899702848453 -0.840869502313981 0.401699767133016
0.00216366937407346 -0.00193086488127566 0.0532663584118916 0.767680750346864
-0.0167917922252502 0.00128602616140941 0.456024432476486 0.236772751046221
-0.00846370090881878 0.00464947619492645 0.28498715825163 -0.187762646762021
-0.0116354049825542 0.0162353280228991 -0.0649422872039852 -0.266640428512042
-0.0111263778419928 0.0126381837123873 0.0301657566229826 0.212680041350107
-0.0053354315043869 0.00135852864134867 -0.229569736529348 0.0964269442882046
-0.00690246947900608 -0.0044614237271425 -0.383106915894927 -0.190128201086208
0.00128955168621805 -0.0108379664140606 -0.0184636035671922 -0.591256327945552
-0.0177943611436702 0.0155258930685018 0.687290808804266 -0.37125180257999
-0.0439397296687933 0.00410808908028223 0.655598600079942 0.371604474849671
-0.0132943143017225 -0.0119764158337407 0.0940595355771353 0.51316820935985
-0.0018430654456502 -0.0302958759236013 0.063480124180921 0.0356841003411464
-0.0251204591019757 -0.0224073577151822 0.0425839140549478 -0.519159358145984
-0.0277866933634831 0.000391063902440765 -0.68812977672986 -0.485390182038504
0.00129328174147198 0.00221865222228741 -0.786225669303067 0.480334455361622
0.00269918409707733 -0.00876342843261545 0.126104447522335 0.750315834182304
-0.0124772393126706 0.000798136373360635 0.471046627605642 0.194865438270155
-0.00866788995083829 0.0101366750110299 0.274393613117154 -0.204840396075508
-0.0142615512444498 0.0140440970950952 -0.0692141534277427 -0.263164881818696
-0.0129717734062019 0.0067911470100318 0.0260405227639403 0.213575795538737
-0.00716417492027198 0.00569261063023261 -0.229138235573544 0.0842672918099398
-0.0021148271432713 -0.00578483427574952 -0.363309505061018 -0.220401644454817
0.0027540223931035 -0.0165106659241066 0.0370488955101215 -0.600917262134299
-0.0194281706390364 0.0117430567280581 0.723416449720096 -0.310419563578777
-0.0413329175148096 0.00459309998492675 0.621260268937668 0.428506290419261
-0.0132459178448566 -0.00417108056390748 0.0643910884004783 0.518752383294349
-0.00290006540503565 -0.0197738009493237 0.0638783439617516 0.0238241494889144
-0.0249754365234289 -0.0126624182919979 0.010676309818088 -0.52414492313169
-0.0228531406153688 0.00555470882738991 -0.724816697411298 -0.422828388522374
0.00104081453816082 -4.50645983616693E-05 -0.733924678301096 0.544389679937144
0.000719858726066653 -0.013083670863074 0.192522778425156 0.724558501942966
-0.0070550437613054 0.00113135545897388 0.487292296445924 0.154270284931343
-0.0076615160553529 0.0140754917953129 0.265710142685753 -0.219318263151413
-0.0155427113205373 0.0115341771123561 -0.0725546292556071 -0.260109560231938
-0.0109214166838113 0.00171838895308282 0.0224610256482917 0.214090021948949
-0.0064529717374596 0.00701197699188407 -0.229279196460232 0.0779876859465701
0.00402234193422852 -0.00550620399490963 -0.346489896452906 -0.242595890641467
0.00433442953055352 -0.0209529896172727 0.0781515294793375 -0.606619833622389
-0.0185144580524534 0.0085434867600257 0.742731168281178 -0.264956764617004
-0.0361526168776262 0.00604576604330022 0.592458344536341 0.473409510459792
-0.013153461103319 0.00681261089221387 0.0399331225967641 0.51966018459574
-0.00420522324885719 -0.00699709405800916 0.0616157536492402 0.0176634009735406
-0.022109527497597 0.000292100779285037 -0.0136190867732303 -0.526381790218993
-0.018194377238274 0.00931232018191892 -0.752035195789008 -0.37262797548809
0.00103498332886631 -0.00339065380246273 -0.696484042985221 0.58726319748423
1.96600811686286E-05 -0.0153284803128798 0.235186504223794 0.700524352949785
-0.00127515156891854 0.00122069678609902 0.495959738895627 0.123702891386828
-0.0049195391595647 0.0175248452480579 0.260785710229552 -0.228740377055654
-0.0151228435266574 0.00698524375485378 -0.0762875979534759 -0.256193242275684
-0.00782855025767315 -0.00391250490819721 0.0205232483312532 0.213679935854752
-0.00350352129136924 0.00829016375161182 -0.228543810871964 0.074998998161984
0.00986251656671932 -0.00466986634045012 -0.331945238007724 -0.256281799480398
0.00486475886735147 -0.0214670664582811 0.0995456447216779 -0.612658944847794
-0.0161717391151923 0.00571758097382486 0.749890098835532 -0.238822448494577
-0.0287418140679817 0.010036102409715 0.569105291445977 0.499477271561779
-0.011259075437746 0.0198551842137978 0.0265451342483565 0.523354847301562
-0.00735061315101692 0.0081208635877832 0.06046151612773 0.0160386613793481
-0.0172026948290113 0.0122820904851121 -0.0291267518458789 -0.522075116557282
-0.0105707864746808 0.0114967219847945 -0.764600365558287 -0.343347241166109
0.00110430994613928 -0.00488088725156918 -0.675475142409222 0.609558787985395
-0.000380974390990595 -0.0165971229723273 0.259495957971108 0.683905048765307
0.00460040728576727 0.00184545389326854 0.502467166841448 0.105971898734694
-0.000445010763007911 0.0175589242119073 0.259156179705109 -0.23301400284659
-0.0117794660829586 0.00261545965308659 -0.075683718895168 -0.255886868245425
-0.00209570151842866 -0.00721433545835234 0.0199681239735914 0.213957626946386
0.000970278960811585 0.00933562118999253 -0.22737769680105 0.0787395762511364
0.0134626888848051 -0.00299897385504779 -0.326949233635599 -0.257469383517751
0.00516971628461448 -0.0197721463476255 0.10114095213484 -0.616926332906349
-0.0115093958242085 0.00456001376785749 0.744751121201237 -0.238274983079534
-0.0199850473726898 0.0141167330742821 0.566278441389522 0.500772813158896
-0.00873835658953464 0.0304599455679149 0.025312285772789 0.524175406648089
-0.00942932254709267 0.0212848147250969 0.0581481300241895 0.0203623320847288
-0.0118277696328367 0.0216436373898539 -0.0326301131173869 -0.519659788760925
-0.00212456490073788 0.0105311556016179 -0.767969446927543 -0.340993311335716
0.00261269011925337 -0.00751029803847069 -0.680660123068892 0.610297756237841
0.000844466823292662 -0.0152440349916437 0.258601418164811 0.681116449361077
0.00966051993362438 0.00237018403705465 0.506091021786957 0.103363953056499
0.00305045441001899 0.016818621975802 0.26146942299451 -0.231133539597041
-0.0079622302260967 -0.00319746619716673 -0.0751574401741642 -0.255542615193381
0.00273729249382886 -0.00908468074317574 0.0220612461253163 0.213203545617758
0.00635341097105772 0.00824419963559419 -0.228643232824482 0.0880448355133449
0.014483242152225 -0.00143879581207009 -0.331065205588082 -0.246912423974278
0.00411298060692703 -0.0166899369343305 0.0774088577844591 -0.622360754671177
-0.00868742108410519 0.0043847052776389 0.730323959261785 -0.268590230424703
-0.0104782449999924 0.017433598739505 0.581387972700287 0.479276877110153
-0.00590019544223759 0.0417077183813906 0.0364760511242912 0.527876633196161
-0.0110865637110052 0.0336700060407542 0.0565976710073338 0.029258474126622
-0.00549089478262476 0.0290369565583917 -0.0218890022977362 -0.514907175133908
0.00608843355764322 0.0102665382913537 -0.760598353389493 -0.362281311503889
0.00476314262502216 -0.00812454524200761 -0.706577823681847 0.590888248259734
0.00313640362073504 -0.011284302491585 0.236011322267513 0.691431047625029
0.0117509585094283 0.0026409065436382 0.507123489818286 0.114339525775369
0.0079094563695578 0.0134419817403392 0.26779235030297 -0.224250407742873
-0.00242737834733829 -0.00599731019019867 -0.072543060605535 -0.256774363770722
-0.0053034195101513 0.0173985824701301 0.0479223485567691 0.194345852720933
0.000894044982601362 -0.00704732028599489 -0.216449456968632 0.124759587799596
-0.0124306093530167 -0.00150924899368258 -0.40388254580777 -0.118688376575452
0.00188194562403987 0.0020104040707747 -0.130409043255151 -0.555127644266369
-0.00841526970443644 0.0195417362098316 0.585110402264043 -0.488807618219734
-0.0371886504159092 0.00603073713937022 0.703368763314515 0.231704849895874
-0.0109934500123701 -0.0152145871180892 0.163943375141588 0.504636991426003
-0.000935342385659271 -0.03453146954706 0.0619096070213537 0.0642875182790915
-0.0193147263497763 -0.0315451359196867 0.10220418645533 -0.495585228609327
-0.0248622102636662 -0.00836243582635855 -0.595602257808215 -0.605800707569216
0.00199685956285845 0.00798121339200956 -0.873945537223618 0.325095183691787
0.0035622586794805 0.00591271931818288 -0.0173063116832384 0.769184005253832
-0.0181769956496501 0.00388110329311978 0.432149180750013 0.267625321238883
-0.00501856119689553 0.000710167474783581 0.281453690587774 -0.167250477590486
-0.0061862688182413 0.0160338234513179 -0.0720608989885911 -0.2509418420081
-0.0100133623842807 0.0164315956294662 0.0436754399934672 0.196222720059592
-0.00327800474680365 -0.00234537183546303 -0.22038393168361 0.109799543591599
-0.0106876887781476 -0.00264187381711247 -0.391812684157344 -0.149065436069973
0.000176621239263576 -0.00498827211044614 -0.0772984495793818 -0.570652561090714
-0.0139537490111837 0.018672052699042 0.634777483713022 -0.437091097438155
-0.0417902115055027 0.00520164900226984 0.6850240857837 0.295529969846028
-0.0130856771171279 -0.0153449451122035 0.134498699325324 0.508456197377584
-0.00029759995943576 -0.0357007357366792 0.0637524448493327 0.0490936307896597
-0.022850279320637 -0.0304751333347377 0.072355272766742 -0.508755606062345
-0.0273949532462847 -0.00479084524711141 -0.641436739401949 -0.551551661786007
0.0013945097259586 0.00599146319305873 -0.831644953650509 0.402995102402396
0.00269310055984835 -0.0013413362925184 0.055110605035368 0.760076539858318
-0.0158313308678004 0.00220509575895167 0.449081145329679 0.231946090425016
-0.00783171294529368 0.00528182379723866 0.273347545030076 -0.185162498858057
-0.0113060434680675 0.0166184509542158 -0.0755340907062916 -0.249029411469737
-0.0121245241463584 0.0128527648093569 0.040851292427371 0.198105123270718
-0.00580442435015296 0.00253525260684048 -0.221490966251487 0.0951014663290321
-0.00682214936619431 -0.00394469392385647 -0.375311940884358 -0.183146145801394
-0.00024747908565155 -0.0102910876952609 -0.0167002741442637 -0.584564372049404
-0.0171920695157281 0.0163231537171535 0.680932071201403 -0.37196876929707
-0.0430185457126462 0.00456980463923854 0.656118735187994 0.364670456826435
-0.0140559844627802 -0.0107261829404164 0.10046371604306 0.512029861142688
-0.000569226492869591 -0.0300560742679359 0.0636044974332617 0.0339508557590692
-0.0247170140078132 -0.0221008545176734 0.0376682502504125 -0.520518669596512
-0.0273091712860947 0.00160949979511389 -0.69053341361622 -0.480918101181455
0.00132795935380738 0.00266726088593083 -0.778556016597999 0.480669987857799
0.00148799564207716 -0.00887165443981774 0.130080323911332 0.73941151866538
-0.0122746229515585 0.00184451113906816 0.466598931318943 0.18785827972408
-0.0086306577493506 0.0106948502726005 0.263038414637208 -0.200262681173747
-0.0141967455822629 0.0148672611119985 -0.0792078629813198 -0.244995385842935
-0.0124459179709155 0.00835680502513084 0.0376141055919549 0.199219563507884
-0.00743579915268971 0.00525626486926196 -0.221603221999478 0.083176277127571
-0.00153454433379333 -0.00521839569983503 -0.356740270324078 -0.214663313560779
0.00131955705980941 -0.0159946050728605 0.0374153086802226 -0.595459355926776
-0.0202079109873521 0.0127655146252523 0.717010100522974 -0.313448613865122
-0.0408765274868726 0.0048360520705031 0.623029068447828 0.425301493218064
-0.0130733757849582 -0.00418349115627208 0.071306593679254 0.516581415458977
-0.00248123875242685 -0.0198607139763188 0.0632916247944674 0.0232886255805048
-0.0249657398396231 -0.0111726336152041 0.00394366762577863 -0.525827619282648
-0.0232401868702504 0.00733818687930495 -0.725556190172646 -0.416807539819957
0.000426085798257854 -0.000246035840849836 -0.727622104788678 0.54421153640992
0.000326635634490029 -0.0123094900644172 0.195219060810725 0.7141724781648
-0.00700882093326765 0.00160468608492767 0.479314104830869 0.149712017078759
-0.00751033229824223 0.0138862927540438 0.254960199735918 -0.215822933785978
-0.0154410891408637 0.0120657216905864 -0.0825450132804954 -0.240629011160772
-0.011734913545316 0.00247963511750018 0.0349392631240135 0.199355286900199
-0.005950761623378 0.0076041283045619 -0.220857525749275 0.0766287452902048
0.00391673254608734 -0.00642284174885089 -0.340691904314575 -0.234700542819318
0.00121066583227885 -0.020443862211597 0.0759581423997746 -0.598939715952463
-0.0186738761351826 0.00977820958245076 0.735081163525565 -0.265921847170295
-0.0352256471252459 0.00780664284740909 0.592226976590806 0.469101632628502
-0.0121847400468877 0.0076327184000269 0.0493119335253079 0.520136840590741
-0.00432762758407452 -0.00617972768132188 0.0628423285591134 0.0160671436678011
-0.0215104495471112 7.93691260621569E-05 -0.0194739797347149 -0.527046198864016
-0.0173517966154328 0.0106428046626544 -0.74996864793347 -0.367713530260535
-0.000462055202615077 -0.00227469116840192 -0.689362046405953 0.588322933244503
-0.00101583813918957 -0.0156488510834246 0.236103827910972 0.690242357535038
-0.00187152191988373 0.000915317339253739 0.487533071124384 0.119109229862185
-0.00430801996975259 0.0169244094289505 0.248649960462218 -0.223522793161296
-0.0147175058026544 0.00748668253592208 -0.0851101788158743 -0.239192430754485
-0.00795173466200146 -0.00283136430907041 0.0326408028572381 0.199101388204981
-0.00239489398035272 0.00964184620251435 -0.219175468790341 0.0735580366899687
0.00920740626608693 -0.0056757900212046 -0.326279483734147 -0.249292906019084
0.00326124247980778 -0.0214030952515116 0.0972807276260576 -0.605118808447293
-0.0169625611182409 0.00651965210638563 0.744152576276554 -0.239553276308598
-0.0278871883599509 0.0104744893844213 0.570387873492092 0.495783441398323
-0.0107101819549166 0.019133985717719 0.0357565480772679 0.523692337581315
-0.00622038575044604 0.00752838690957946 0.0613686292296447 0.0153714730907073
-0.0165670146039558 0.0127064128648825 -0.035541526067715 -0.524601456980026
-0.00928835565319857 0.0123212059081569 -0.762660658773051 -0.339031959802801
0.000207631763051708 -0.00429742348374903 -0.667958126744772 0.607707458158512
-0.00107796753991781 -0.0160659057050152 0.258967588991692 0.677310410783539
0.00433843887767975 0.00120525422684481 0.492056510888665 0.0999194161972228
-0.000185773533851467 0.0176989492906952 0.247239433944743 -0.227091350332544
-0.0124982529731025 0.00276791672508652 -0.0848225672357261 -0.237694027921244
-0.00427213955793021 -0.00630679099726355 0.033285334198402 0.199694664245963
0.00216002700951417 0.00889479128834529 -0.219419376422572 0.0776898207704377
0.0128715821269786 -0.00397847087706426 -0.320358885211942 -0.250029755217532
0.00339816473496994 -0.0199943772596419 0.0979376816652366 -0.609742776459714
-0.012387041848874 0.00587956019291684 0.739216946819101 -0.241647601657806
-0.0188063612646696 0.014315361976095 0.569169525298874 0.497100601298043
-0.00944464935528969 0.0306823036482602 0.0344040644149362 0.523815599704638
-0.00867558648002737 0.0221186139625166 0.0597264394924655 0.0191527700759649
-0.0110321058706197 0.0221275579614432 -0.0389157794006248 -0.51947188853551
-0.0020777249234669 0.0116936311785093 -0.767037202576778 -0.333852285057301
0.00193929583637927 -0.0061886291782607 -0.671747899760298 0.609781340908634
-0.000717391182156219 -0.0141802345660805 0.258790663614482 0.673654102638495
0.00870101344732006 0.000972727494244862 0.495868864831581 0.0984858404197784
0.00458920681889189 0.0163818967142797 0.250614177894951 -0.226135986761436
-0.00941720910663108 -0.00217265038901169 -0.084166472906958 -0.237173800454199
0.00150342172824469 -0.00949434050445233 0.0335089265360307 0.199914374308362
0.00663276723863346 0.00767674102635914 -0.219697172298858 0.0863391569506428
0.014232650328792 -0.00256056439216239 -0.324534432897045 -0.239564340435345
0.00309088661794201 -0.0166024617763389 0.0722612324613271 -0.614942730079276
-0.00895029903613878 0.00562748118964124 0.723801500311066 -0.269990723471691
-0.0099882790595065 0.0177471985954721 0.583186427174787 0.47709032562422
-0.00590446796425107 0.0422108792829537 0.0428036760093579 0.527977039275507
-0.0101810369936906 0.0336236797127995 0.0579596006494666 0.0280261346810964
-0.00561727728836009 0.0291832121902615 -0.0279870519548186 -0.513961307117446
0.00645424979593932 0.0106916840242286 -0.761365006952666 -0.35681674541271
0.00415392374810088 -0.00768838204293148 -0.699683343626137 0.592370298880356
0.00223079274910023 -0.0117717692558805 0.234511787330401 0.683100799694941
0.0116714614672876 0.00108559683701963 0.496835305200662 0.108544189846872
0.00881070484756222 0.0128307166120857 0.257323110507721 -0.219775208817556
-0.00269551781968021 -0.00614243297287232 -0.0825200593879507 -0.238323971351663
-0.00500231217868631 0.0168953102972576 0.0567321470901367 0.173470505336134
-0.000293323820845982 -0.0071824961763685 -0.208822399280821 0.118712367522234
-0.0118258246146344 -7.02956657898466E-06 -0.391071913355039 -0.113167306150783
0.0016981056796877 0.00214190311777701 -0.126062365249695 -0.549143143440957
-0.00922570783290945 0.0203561153598773 0.579112968968825 -0.488091221962197
-0.0365461092770688 0.00596926257596695 0.703355014286797 0.227821842813569
-0.0117602556919205 -0.0152936648608694 0.171801181061889 0.502048238131376
-0.00177679632381874 -0.034217311042774 0.0624012438422486 0.0627447850814545
-0.0197848069426902 -0.0321997587680616 0.0935687777386689 -0.497154906213358
-0.0247139061937293 -0.00929761592099728 -0.60097539497952 -0.602098094543164
0.00212071336346916 0.00761040517840163 -0.865652150714038 0.327008264671996
0.00333065671378275 0.00596238313800601 -0.0134133126657937 0.760723511448103
-0.0173454334702678 0.00479492778064851 0.423888069842828 0.260093559911685
-0.00649323020748606 0.00114266744813203 0.26743465604282 -0.162536809000179
-0.00567453793342624 0.016124345005311 -0.08318261383296 -0.226525335052887
-0.00949852609989058 0.0170488381335024 0.0538081481492408 0.174086796028967
-0.00467250629937083 -0.0021385247058257 -0.211508837057313 0.104310251618641
-0.0102605536607218 -0.00080097909389291 -0.381001701238371 -0.144812864154185
-0.000297408167952273 -0.00440303050561996 -0.073294042092783 -0.566568514677968
-0.0142648338884534 0.0200085868425657 0.628464772554617 -0.438394770571279
-0.040997336309402 0.00575852168564198 0.685565068893912 0.289751552750632
-0.013464204152964 -0.0162153015342441 0.142228861696921 0.507489996379094
-0.00125558423402522 -0.0354135945835474 0.0628004512797452 0.0474428402399732
-0.0234176705986522 -0.0301925595581236 0.0631652157515053 -0.510867176858005
-0.0268444093696964 -0.0047753286154643 -0.648071860404273 -0.545504996761043
0.000975112019420589 0.00581199741279125 -0.823448667757973 0.402483092352129
0.00272096771848692 -0.00189042518409265 0.0582093893840316 0.749273416530285
-0.0154064080968842 0.00331822398075197 0.440507468441892 0.224836965144874
-0.0082289090125104 0.00569654073003906 0.258855111230977 -0.179125495283111
-0.0107393651799217 0.0164730258409443 -0.0851958844360759 -0.222737125430068
-0.011415380614602 0.0136437305304138 0.0514482298913444 0.175653202106723
-0.00683019449811193 0.00254840610631072 -0.213194274658782 0.0897213904677704
-0.00663859107849626 -0.0043315251363031 -0.363655627404204 -0.176368702598629
0.000134420920258223 -0.0111299177296159 -0.0155521969833825 -0.579453550292572
-0.0173045233085964 0.0167547423188805 0.675670117640204 -0.374302801142555
-0.041663865861879 0.00513332039370524 0.656561348756979 0.360468539325195
-0.0132122644243538 -0.012451945710921 0.108149853346187 0.510679638342492
-0.000992400465568044 -0.0298686652225279 0.0641310470209489 0.0327607609647956
-0.0251779310085208 -0.0217282153132694 0.0267178954793634 -0.520661384326084
-0.0263403083191766 0.00182711928610708 -0.694534013020603 -0.476814272075742
0.000256971092107729 0.00353744878650865 -0.767853428215371 0.480328896311553
0.00120210334124098 -0.00767206153385982 0.130543100849002 0.730225046606285
-0.0123625578592239 0.00174451822536626 0.455948347716443 0.183219175028893
-0.00817638208085421 0.00996922947249204 0.249884254933854 -0.193450825956535
-0.0133927089600746 0.0154903721149182 -0.0878686546468064 -0.218787994221866
-0.0134322194081959 0.00906826286510937 0.0479386942348755 0.17728088590447
-0.00698669151682449 0.00568276132433983 -0.212130550366653 0.0786842064261832
-0.00233380080692122 -0.00557941891539893 -0.345781811261753 -0.207230407504808
-0.000444376805655462 -0.015728279735461 0.037584412237761 -0.586649266676437
-0.0191954754719697 0.014992461304205 0.709559024883867 -0.313441351291758
-0.0396074188065056 0.00646318313875343 0.623966699018999 0.420496355313244
-0.0124751715572744 -0.00395121511587097 0.0791976436724745 0.514544500172777
-0.0023055630772593 -0.0192010338209757 0.0640891916492984 0.0215281576402283
-0.0239485733308336 -0.0108837247395743 -0.00399896892332507 -0.525312951564819
-0.0223799582531253 0.00787630627823367 -0.729078738443877 -0.41366510723342
0.000168037629280414 0.00177284481506854 -0.719330303157272 0.541247458984139
-0.000840560217817996 -0.0116467380037963 0.192227396240497 0.703891889722335
-0.00718173418267189 0.00119481087113469 0.469062344298739 0.145785088572312
-0.0058274504194735 0.0142514185363429 0.242827895502071 -0.206431157144765
-0.0154680207100093 0.0123527229312335 -0.091299147220331 -0.216167385794404
-0.0119914504803895 0.00312791524076489 0.0460444070469586 0.178086469448002
-0.00546390548797958 0.00761069750909371 -0.211959856953902 0.0723678709388976
0.00315841124521557 -0.0073849456022429 -0.330640981652353 -0.22812806656627
0.000698750198079702 -0.0192395865559313 0.0760443897255758 -0.59176336699599
-0.0187371553716674 0.0111978626004086 0.728351917661903 -0.266660419602568
-0.0344644510539934 0.00775847205624015 0.594126067719093 0.464281809071944
-0.011240846700963 0.00669768733968922 0.0570881304338395 0.518943381045902
-0.0043288473635494 -0.00635816879269016 0.0631541520510681 0.0154650612249462
-0.0209222488315362 0.00150750220448631 -0.0283666072975678 -0.527906741768235
-0.0164585234166612 0.0113605143163586 -0.752375989119686 -0.362833024660424
-0.000272383810274156 -0.000316185271098076 -0.680252254065119 0.585146045868871
-0.0018350131447164 -0.0137306085249395 0.234681183070223 0.680896254884085
-0.00146118655251691 0.00046591289297925 0.477226086060041 0.115976818354126
-0.00346048946104953 0.016565163321353 0.237434043576313 -0.214767620298766
-0.0147603416013768 0.00808686570354105 -0.0915397395157036 -0.213035020300256
-0.00929388965378242 -0.00186054265888402 0.0448438360100378 0.177952943951786
-0.00215999936000339 0.00883442256366221 -0.209597269522522 0.0697680382576913
0.00868871007814274 -0.00694424164271817 -0.316694061459518 -0.241757286616847
0.000961839080446853 -0.0205504272368149 0.0964684412050732 -0.598548471727107
-0.0168500986020462 0.00919453835373636 0.738476792393157 -0.240652067438743
-0.0269985750808301 0.0110168243709908 0.57444357849178 0.492228213497199
-0.0094810207307403 0.0195727168258283 0.045440847834269 0.521338748784836
-0.00710823814988725 0.0073478486371903 0.0621084850533634 0.0138105628078442
-0.0159481326029423 0.0131033213502702 -0.0426853292312645 -0.524630695154765
-0.00829964742107515 0.012571827888729 -0.764005834953604 -0.332487886172679
0.000250891286574084 -0.00279111826366754 -0.659442472735278 0.609234818641213
-0.0029943266007251 -0.0147921856901308 0.257146666900194 0.6675997951618
0.00368765984173077 0.000148920672684585 0.482194224546517 0.097698923833381
0.00187768783482048 0.0166675319125896 0.236688943519597 -0.218512445354217
-0.0132015376597774 0.00417215861426877 -0.0917363502170535 -0.212161683020751
-0.00480071358311777 -0.00557119516146277 0.0445563536325411 0.178540790304536
0.00188516970047091 0.00898028529861909 -0.209066993713891 0.0734876574023921
0.0125964930501046 -0.00619489254860989 -0.311975797300132 -0.24333998999516
0.00151104922650027 -0.0197651635947317 0.0957489032348292 -0.602458798186158
-0.012043632914696 0.00684884189688722 0.73490602248923 -0.241237839360401
-0.0185811329803003 0.0153315552011446 0.573963066442017 0.494444854870123
-0.00803836677029281 0.0313403068001952 0.0425164643652269 0.524163183666336
-0.00752497895062968 0.0217966673718518 0.060805494545315 0.0176084695042716
-0.0104917949920543 0.0221609198737914 -0.0460150717172576 -0.519966089852598
-0.000975242959250442 0.0122345477110498 -0.769372540275103 -0.330419424786072
0.00124448156922195 -0.00531194275943745 -0.665613378175087 0.613150512704625
-0.00164772954999454 -0.013465891083157 0.25549347956191 0.663984773959417
0.00780470847404843 -0.000231696722202477 0.485319732986001 0.0946585911021578
0.00521733889889727 0.0148945845305189 0.238975740953951 -0.21858300950683
-0.00901232939848104 -0.000373022842019725 -0.0897935096870539 -0.212967356862511
0.00102455896191187 -0.00828679314521377 0.0451789412730114 0.178269773847772
0.00747027777974996 0.00672288267468307 -0.209654649648774 0.0828417980872038
0.0136918848434276 -0.004153233493372 -0.316408961960762 -0.233828701167793
0.000608598459117597 -0.0157282319320525 0.0722763474155215 -0.6068846928439
-0.00881430856253052 0.00733423772027756 0.71856650601509 -0.271088480837109
-0.00977974346183706 0.0187933935333461 0.586288557558558 0.473222029737032
-0.00458212943414889 0.0408458029235455 0.054512055790058 0.526548374260665
-0.00921572376725114 0.0335362172787505 0.059385376378643 0.0270469773458509
-0.00473960787300405 0.030291548314863 -0.0347566212732971 -0.514230311870814
0.00660731726190202 0.0116932166473579 -0.761703569086226 -0.350919870110024
0.00412930096699617 -0.00670508445647387 -0.690967989376648 0.592801305507095
0.00114608186641709 -0.0112428246210629 0.230496541216743 0.674599927484627
0.0105948800274614 -0.000228937896982443 0.486736620456498 0.104984889713509
0.0101682695896525 0.0111391065223996 0.246907553884586 -0.212673837135904
-0.00380936577217837 -0.00500328033201711 -0.0892377853030215 -0.213677977038958
-0.00399382009365656 0.0168026388740084 0.0600780741886577 0.142520393796739
-0.00152606434306837 -0.00573162620748286 -0.201151618420255 0.107539294137235
-0.0105474925865185 0.00196139567268127 -0.377401583920672 -0.114120897214058
0.00255594624231435 0.00185120654907179 -0.120510641973466 -0.545802336316667
-0.00877404140175409 0.0200233450925939 0.571865942670046 -0.489060468709745
-0.0360284311329156 0.00512452962069225 0.70491333136712 0.220753606998638
-0.0130193852562052 -0.0158250526387383 0.180703997382722 0.497540187253924
-0.00212167206678239 -0.0345680020683596 0.0627282363108095 0.0596582183197159
-0.020508506811528 -0.031734788667527 0.0818633187690179 -0.49857018711545
-0.0255605974270558 -0.00890919039648614 -0.607230943952251 -0.598107784285959
0.00116279426880857 0.00724122932618004 -0.858707310177861 0.32412867267851
0.0043006947522494 0.00441985696385471 -0.0135985970466922 0.749478494061519
-0.0159390727224179 0.00684221634338017 0.411830006133269 0.256510435594007
-0.00676116269292831 0.00176599743196544 0.252791535301948 -0.15118771963495
-0.00510903315641953 0.0153333235958059 -0.08736094276946 -0.191947555520494
-0.00837710495494931 0.0175675932211518 0.0587478004175624 0.144263030529583
-0.00569857574929779 -0.00105901619477635 -0.20402979201097 0.0940964355968974
-0.00944650615408903 -2.85654101973704E-05 -0.367073963539102 -0.14040517629366
-0.000451439322773407 -0.00421664700604477 -0.0671431953869774 -0.561467754365666
-0.0133111438720383 0.0201936049726631 0.62054702385134 -0.437543527107522
-0.0405908445772887 0.00561600134524382 0.686662648549406 0.282538457493668
-0.0135928636912943 -0.0168928600443514 0.153255405817128 0.503354806542105
-0.00150116303812617 -0.0358704341929669 0.0631288953893222 0.0454320147960443
-0.0245541541721803 -0.0297142551005293 0.0524204314979323 -0.510686242799801
-0.0278753109137611 -0.00351012398958804 -0.65332049274363 -0.541612581645021
0.000137367160441451 0.00677456184424275 -0.816686173028833 0.399076153531685
0.00259844151679602 -0.00228899653419497 0.056629631192771 0.737021144395299
-0.0141900707005464 0.00462038870160283 0.42815298610311 0.221710516019016
-0.00922263863847565 0.00639767113952028 0.245074842283966 -0.16548167669896
-0.00980522551609624 0.0170106870720037 -0.0891553333587164 -0.188276813025062
-0.0113698219617473 0.0142773432845187 0.0559364925276259 0.146119736037147
-0.00702879156012351 0.00283868641627849 -0.204660439349527 0.0809273859374518
-0.00778275403652307 -0.00391692282938826 -0.348164533390432 -0.170788775696642
-0.00125695813442377 -0.00917854093810794 -0.00939679094935001 -0.572643711849054
-0.0164944660515108 0.0190124645414159 0.669470527562806 -0.374883935494744
-0.041019574131699 0.00629451280813265 0.659212403242416 0.35456300221247
-0.0126613471433507 -0.0120303963668041 0.120995932234887 0.506368435681741
-0.00174719525005598 -0.0302574705721134 0.0636200035765875 0.0308541247317185
-0.024228777988328 -0.0216585844327789 0.015961671427615 -0.52033992202356
-0.0262888660100271 0.00293576638135298 -0.698165452623997 -0.471081716186095
0.0014047440529436 0.00506527450535935 -0.762838977506038 0.478918410622399
0.000872539090160525 -0.0061745475552657 0.127366013604084 0.718494364402398
-0.0114475356802637 0.00193986111086321 0.443632695343861 0.181407182585729
-0.00823717410429256 0.0107356461632441 0.236647612698359 -0.180779064120551
-0.0130757967811184 0.0169455605124271 -0.0915256217634701 -0.185051229393062
-0.0120667932119583 0.0103574086554246 0.0553708356210258 0.1468542801185
-0.00638641633981959 0.00615257433758482 -0.203501504230096 0.0699834129847095
-0.00292090461356075 -0.00629592586932961 -0.332266950304181 -0.20234096492922
-0.00168447093825748 -0.013992912594067 0.0414993823808363 -0.583016831305411
-0.0187181729365366 0.0162347305833465 0.703443260563958 -0.316161530963749
-0.0377256794135163 0.0070407925709676 0.627736355539299 0.415875382359474
-0.0115652819853543 -0.00412845560828702 0.0920308010204338 0.512255329192626
-0.00214044090600504 -0.0207430087412794 0.0643066242803826 0.0190256392712411
-0.0228759317045494 -0.0106124668203176 -0.0145825699203131 -0.52594358310598
-0.0215358039904696 0.00814488861580483 -0.732076842067206 -0.4056639062348
0.000501637746996113 0.00303262894847045 -0.711242151468467 0.538079913089158
-0.00144191933536499 -0.010525501965233 0.190139586761726 0.693763870237577
-0.00724310223828548 0.000989230457995663 0.455508370345455 0.144141832824388
-0.00571251429757243 0.0140775685141072 0.23096450145266 -0.192757239728958
-0.0145290165920141 0.0138940867799188 -0.0931031679681417 -0.181976975819526
-0.0121973710870885 0.00533755398187233 0.0541136373874275 0.148353065084578
-0.00362977399293972 0.00811948246829302 -0.202089057492679 0.0634939090338039
0.00233721538047026 -0.00773119246579468 -0.316935376020122 -0.222337890203031
-0.00180865354856641 -0.0176804870742906 0.0796088617963292 -0.584885264053584
-0.0183988364834276 0.013789625635876 0.724835799572666 -0.268821262660843
-0.0325018335092105 0.00876100637753373 0.598578958645325 0.461092993309135
-0.010536118440502 0.00669621833771967 0.0701043488083332 0.514923114001012
-0.00229381948690013 -0.00668915432781973 0.0636934361764646 0.0131979401854272
-0.0196774242277863 0.00181623638359676 -0.0382647240986335 -0.525150682750209
-0.014397427871604 0.012689102348879 -0.754991962939382 -0.357145884250987
-1.51331510787351E-05 0.00100136324441797 -0.673532943740812 0.58403471909971
-0.00268210256303465 -0.0120878414635459 0.229945714026599 0.672703984285719
-0.00182163792611105 -0.000171713768688771 0.464995196903547 0.115284469233752
-0.00199231283182803 0.0157468369173083 0.227297841942719 -0.200661337454227
-0.0142170347941619 0.0104635715302326 -0.0940858835744714 -0.180196648641103
-0.0109132628333975 -9.53242097131892E-06 0.0525304347811785 0.148051743991592
-0.00025517562544679 0.0090727962567403 -0.200022768720514 0.0603345810610683
0.00701195721868255 -0.00849371969546276 -0.304048727531497 -0.235836249927584
-0.00127336008040793 -0.0195128600566394 0.100106931558142 -0.58930222577848
-0.0158968494366335 0.010301588237687 0.730849289578954 -0.241403074157407
-0.025151845257137 0.0126667683047016 0.580862760488711 0.487951658600699
-0.00863115821406157 0.0195369151479824 0.0580739090063775 0.518183490237377
-0.00508468256433814 0.00757428698680453 0.0629160731268057 0.0117943962993157
-0.0154769119196216 0.0130338562795756 -0.052206578655884 -0.522236739783529
-0.00714359730203276 0.013871780357158 -0.767883993662188 -0.327041006763446
0.000944653432495496 -0.00103113063561677 -0.653540477789726 0.607254286596611
-0.0038027146740846 -0.0140088413849168 0.252406100570086 0.659498298082006
0.00215846396822907 -0.00069030656525132 0.468604072041535 0.0965730910231792
0.00221909972106005 0.0155100543201253 0.226231345407838 -0.204781694869417
-0.0129343455944787 0.00556492711804739 -0.0922872419103109 -0.179220484395891
-0.00559980848471783 -0.00376668956511061 0.051829908668043 0.148861582792756
0.00374797734431245 0.00817224184757898 -0.199277805078379 0.0643510381380587
0.0109042179108901 -0.00678363743863585 -0.299352562170874 -0.237209632615695
-0.000413823513839662 -0.018889921631862 0.0985918355594733 -0.593153945126162
-0.0122943754329466 0.00995332132948027 0.727141269516463 -0.239944712069719
-0.0183025702480714 0.0157005822356728 0.578466103842521 0.491353058592114
-0.006364056574182 0.0317299521714693 0.0579509572997786 0.521516412360974
-0.0070371196266934 0.0217226525051737 0.0622682979373634 0.0164516878612763
-0.00926314523867778 0.0225652193102132 -0.0542462880110545 -0.519131620153237
0.000394969191359948 0.0123514418381124 -0.768781204912038 -0.32398917221064
0.00139366368665601 -0.00281365729800188 -0.655312716832627 0.608854018323942
-0.00338280980762448 -0.012005706928006 0.250260466053808 0.656504264201935
0.00659841833894432 -0.00139188385935747 0.472469524196442 0.0941866123001608
0.00725407633603086 0.0135945687823961 0.229146646159733 -0.205381510259072
-0.00962613099903442 0.000753391757776928 -0.0923946307910499 -0.178850081851911
-0.00125854277878873 -0.0069322414177926 0.0540681652026811 0.148761206972087
0.00769188949957135 0.00617322396287562 -0.196888531790966 0.0727357277948628
0.0125506905674126 -0.00573594587689382 -0.304033664193037 -0.228744091330463
-0.00124033871250365 -0.0156819125665077 0.0733900907754064 -0.597576769094086
-0.0078502573900258 0.00809020271398213 0.710505884196584 -0.268503889702632
-0.00943288138652096 0.0178804072813301 0.591357651880666 0.471392194830842
-0.00445146094683793 0.0415711900188197 0.0679962776256283 0.524061725636003
-0.00889980010305843 0.0329972300881338 0.0619866248559866 0.0247623003334624
-0.00340948776964979 0.0301949950581411 -0.0436071128396084 -0.513315621473775
0.00789109945691503 0.0117395909999205 -0.762772337397265 -0.344469873187493
0.00375583220453079 -0.00425395127465132 -0.681034528665535 0.590227110687086
-0.000889672701490052 -0.00936315129489038 0.226602286848381 0.666606412069985
0.0087477041791106 -0.000970687769399761 0.471917546386505 0.104216406321093
0.01024772560325 0.00983435063931549 0.235501084414375 -0.198327280630041
-0.00554536088355566 -0.00367319396065387 -0.0905429406988996 -0.180519978952485
-0.00377800231383813 0.0158540596275492 0.0531845862225316 0.10514282371123
-0.00359444231519915 -0.00359752008925708 -0.197443059429049 0.0910231725262612
-0.00933418844041266 0.00221281750588104 -0.359295820564749 -0.117587549415043
0.00239930610106546 0.000717695013732104 -0.109086246258505 -0.546180868648284
-0.00894335490070271 0.0200357504634519 0.565919467060769 -0.490042735811108
-0.0366117940483552 0.00483638282912075 0.703293323604025 0.21395404699221
-0.0138023160879146 -0.0159846955966924 0.192075101081053 0.488594049365099
-0.00349779689815196 -0.0337163642429653 0.0617886202812225 0.0583462281142365
-0.0227234292838297 -0.0308725334685048 0.067150241539555 -0.495118423770277
-0.0255179018540806 -0.00806579046168304 -0.616021330438734 -0.589231006194732
0.000624851052122859 0.00687093941380217 -0.855469446562638 0.319657292132658
0.00444539479668578 0.00462170557490699 -0.0209850945033082 0.735627467670344
-0.0138796406549052 0.00761909253520633 0.395279018345466 0.255031595780585
-0.00770420790528125 0.00321693863174095 0.240733911714264 -0.13169677770396
-0.00578693755811955 0.0142827586859291 -0.0795767293030378 -0.146184570899503
-0.00837477856433391 0.0165514688990372 0.0520731259288908 0.105214917335158
-0.00696503433173985 -0.000314119543605463 -0.19947357846497 0.0783630830976089
-0.00820683498949861 5.85603462353538E-05 -0.347628375616498 -0.144088174637642
-0.000879674864579426 -0.00272727226011186 -0.0573269416132741 -0.559240514926664
-0.0124459114981349 0.0209094113427323 0.615858421455855 -0.439498337401472
-0.0395018733348207 0.00551211187601248 0.687211769940228 0.277025424483358
-0.0145482453207239 -0.0154889564106712 0.164154208046148 0.491881805465803
-0.0020076217690053 -0.0346281138670155 0.0629455726441894 0.0432301970835391
-0.0246757776689394 -0.0283053724028004 0.036399740618199 -0.506765675208781
-0.0268833224446596 -0.00248888028518128 -0.660679376526238 -0.533045709425862
0.000898629303597387 0.00681376412255678 -0.810803199520745 0.394679801109415
0.0035295013406193 -0.000712866739038141 0.0466510584843069 0.726784466029061
-0.0119741328034029 0.00575285504054847 0.412622217813668 0.222761240195929
-0.00952339134311398 0.00701889122327183 0.234737182253313 -0.145798470014058
-0.0093491340799498 0.0161142939804918 -0.0798720529555765 -0.144405740597747
-0.0111593131791943 0.0157300046418333 0.0516933168183131 0.106415681662111
-0.00648149520183941 0.00376125393754596 -0.199531787982395 0.0658123870708461
-0.00690502181078727 -0.00319644104852395 -0.330462524807738 -0.175016496471467
-0.00194936355953089 -0.00820971674949482 -5.14571246290956E-05 -0.572459330086692
-0.0157952676869519 0.0205375327049627 0.66243079449106 -0.375090208022585
-0.038968157603162 0.005468483635835 0.659141832814513 0.346022366589331
-0.0128901596753571 -0.0119865673276273 0.132198031670103 0.500401652956036
-0.000966040897851094 -0.0297061040000075 0.063579322365083 0.0282532475298569
-0.0242716940528027 -0.0208261923713224 0.0022370958069052 -0.515744058560582
-0.024361670118531 0.00396042960179985 -0.702594799357168 -0.462290714197363
0.00191972252260837 0.00668869418279039 -0.756241105351339 0.471438358270265
-0.000477122646965911 -0.00476094758240797 0.118312420210236 0.708609367134929
-0.0105358073401918 0.0034188343421184 0.428225890459986 0.18368639695904
-0.00723322205992212 0.0107276605930154 0.226544441701928 -0.15894552239327
-0.0121062884290809 0.0165821436914098 -0.0799347161466373 -0.1415515205736
-0.0122784786337328 0.0116493224589427 0.0505248731335504 0.106216421365987
-0.00623535765156612 0.00533592699186399 -0.196505940299312 0.0554067880803458
-0.00364540083897376 -0.00614707485356461 -0.313116477293949 -0.201886359976762
-0.00407804124459483 -0.012370016025166 0.0524816530247815 -0.576762057300034
-0.0177800299193009 0.0185009588556299 0.697941011480898 -0.31316573040851
-0.0364459480425617 0.00694543338974974 0.63133441450471 0.409114648025572
-0.0105903711960157 -0.00420903520487588 0.104569922404857 0.503996957980332
-0.00123512983091361 -0.0204474241541953 0.0636040612099269 0.0168537820210925
-0.0223648360683623 -0.0101356483026989 -0.0281944976968036 -0.519893992546883
-0.018942962137174 0.00908876038129884 -0.73632134635735 -0.399159053767198
0.00220178242580973 0.00491520554534444 -0.706499649200956 0.534078605297551
-0.00173666155980272 -0.00831440550500018 0.180727185475539 0.685780404849305
-0.00708340839211216 0.00144385578605595 0.441297779081444 0.14919262275307
-0.00491863821202634 0.0141937189658222 0.222369061005304 -0.171040872950539
-0.0143622854584557 0.0144673234577353 -0.0800922941177122 -0.139764219351039
-0.0123920625341064 0.00676877387198812 0.0504623331418379 0.107873007899159
-0.00292683206502346 0.00715935987376526 -0.194902605019253 0.0490088818691973
0.0011996892855713 -0.00840519373113697 -0.298596199483316 -0.220773096470468
-0.00424499131794176 -0.0153885680947625 0.0887622171436207 -0.578168930749066
-0.0164134029071925 0.0164014231463836 0.717243824146109 -0.267010746316872
-0.0303534376465013 0.00908007445828401 0.6048445644028 0.454010198423427
-0.00796760555670556 0.00670427599703439 0.0849242575398967 0.507374965993512
-0.00227178586189979 -0.00742709107603535 0.0641924635143525 0.0106312366844338
-0.0176303397638229 0.00151727700525699 -0.0501749148810592 -0.520621360581939
-0.0130282477505808 0.0125798332265749 -0.757380430269852 -0.346999842691921
0.00174857083659252 0.00334190832378724 -0.668252066264625 0.579593928524907
-0.00414886411909219 -0.0103437289563961 0.219955971848687 0.665609731099984
-0.00399428035416321 -0.000284705985155499 0.448501698082229 0.11886101589669
-0.000826701867919525 0.0149928503975358 0.219774466424656 -0.17901934517001
-0.0146378367575978 0.0119889676835586 -0.0804114462425639 -0.137916834241471
-0.0103206792298947 0.00182983182774992 0.0494707108553708 0.107628719257161
-6.17925218057399E-06 0.00739149581974347 -0.191801112617187 0.0465569263352391
0.00494053737631843 -0.00901452890315055 -0.287222668968705 -0.23371516466452
-0.00370043168871317 -0.0167541179923981 0.106534678298787 -0.583410842983178
-0.0148007913942213 0.0135352441201008 0.725556916783291 -0.240166175876707
-0.0227729405767285 0.0126282512372946 0.587347144242684 0.481684962538953
-0.00637089776832736 0.0183843841880692 0.0730073802705159 0.5110431907875
-0.00321522061078154 0.00782152825973791 0.0637566006716011 0.00984414495971624
-0.0123381905949911 0.0125623091098637 -0.062715399717335 -0.517533907207726
-0.00430517667941301 0.0133794543141266 -0.767928240548824 -0.317611376242486
0.00157042416573408 0.00098330246320785 -0.646744734769485 0.601358494292687
-0.00431631841713916 -0.010843126605546 0.242243060887423 0.653664874591591
0.000364372392528882 -0.00108430846817465 0.45415689513922 0.103073819225618
0.00367998194299128 0.0138755685532717 0.220425045109948 -0.183299800636767
-0.0135041109355457 0.00845199439297417 -0.0794844437117092 -0.137851833237562
-0.0071990956022244 -0.00185223798931783 0.0498768598591434 0.10832008883075
0.00525218673838709 0.00682980420228113 -0.189870580785887 0.0479525035968377
0.00835583947480069 -0.008116731203322 -0.28323304671466 -0.237958276454373
-0.00366108339295954 -0.0153895280975971 0.105748754077005 -0.584309323138707
-0.011216750242339 0.0122060329671876 0.723089078508032 -0.236722930838853
-0.015483761189778 0.0162500630632771 0.584881858267762 0.482913839313357
-0.00454501446180008 0.0305104296125647 0.072257386872679 0.514820469739935
-0.00529672541291397 0.0207471493055625 0.0638201928225089 0.0120547508136965
-0.0076819733102232 0.0224284551784677 -0.0635455310682259 -0.514232728439801
0.00214451980393761 0.0136513170106953 -0.772028399166061 -0.314664725758461
0.00282020956618115 -0.000838001357687993 -0.646903921952871 0.60550689524434
-0.00404977951808312 -0.00989052977642865 0.240090546407096 0.652135944060399
0.00373808004981236 -0.00260104236405794 0.456309853721984 0.100880762607025
0.00744888357122829 0.0115568984845859 0.223279896881634 -0.182544162017394
-0.00972537483419599 0.0038549783052399 -0.0789641804595959 -0.137324089096178
-0.00123724145742224 -0.00604877563433976 0.0501621868173029 0.108214570120727
0.00851409923231983 0.00403500618131485 -0.189797205223278 0.0563880545340569
0.00949761411492802 -0.00655677131916024 -0.289148832416511 -0.228125480351481
-0.00353427118294381 -0.013131683365976 0.0803846601978315 -0.590509825212657
-0.0075863205846293 0.0103332644341879 0.707671213904629 -0.263823527040168
-0.00674137635099229 0.0184221501778072 0.600724564438803 0.464440035947378
-0.00251810995553632 0.0409668111601823 0.0845820567797956 0.517676802457875
-0.00791070093412161 0.0330167485971037 0.0631399918595907 0.0216087340141798
-0.00282883711442266 0.0301576982198662 -0.0548068170404732 -0.507940024149581
0.00866007906810738 0.0113371594075678 -0.765251653726578 -0.332395167908656
0.00449176307298158 -0.0038102810231349 -0.672784528673949 0.588376834679699
-0.00191427038395481 -0.0080877765067847 0.215698243401639 0.663259430877149
0.00708326521584851 -0.00196580214233312 0.453918767446327 0.110247330087682
0.0113204258413512 0.00812722289144916 0.228273219610598 -0.17910849095189
-0.00704850577553582 -0.00146498239504435 -0.0766250322154762 -0.138474778444777
-0.00405419134241936 0.0156281586019347 0.0243663869808528 0.0645623450855378
-0.00447195013266854 -0.00129673403578548 -0.202892896075319 0.0703218443488101
-0.00670601452622045 0.00263034401977343 -0.343624589320118 -0.132035507358859
0.00232076995773133 -0.000196054789831318 -0.0986238566595942 -0.551865429366173
-0.00928203833048081 0.0200147368476481 0.560859403346852 -0.486480190899382
-0.0368420151136366 0.00514366017799132 0.701076466086101 0.205988883860122
-0.0152143125154114 -0.0138568094470678 0.203507778191106 0.472637638786427
-0.00541700148087162 -0.031405211929208 0.060057060444946 0.055545594184152
-0.0222733412855486 -0.029801869130763 0.0516996140205164 -0.485736534667868
-0.0264488000827297 -0.00755492146587877 -0.623506243986207 -0.578200397875739
-0.000229353893801923 0.00670367386717324 -0.851278071642466 0.311440243068565
0.00472929048412491 0.00325545083005323 -0.0328298846626198 0.728434394138153
-0.0100631242016328 0.0085214599238619 0.377776787826753 0.264042082620495
-0.00839432682574699 0.00536238209866463 0.238365891815487 -0.103631523448484
-0.0071197576491037 0.0139608652721354 -0.0458864875798106 -0.100112984072157
-0.00664595108883992 0.0171627377069297 0.0234341969915422 0.0637688442006089
-0.00570821245666997 0.000986974718150045 -0.202949170801719 0.0586903118226577
-0.00756395403500656 0.000145537517990436 -0.329442108733501 -0.158295297715833
-0.000647615475089687 -0.00287544178386457 -0.046043774370083 -0.566066297234142
-0.0118119832028781 0.0217055301532041 0.610146834658473 -0.43680390062211
-0.0386764954337065 0.00493338645599834 0.687142049468016 0.26819330042974
-0.0147571882406041 -0.0165166615135245 0.174282210474791 0.478185404568232
-0.00281674399773669 -0.0338063330755945 0.0608401571276853 0.0407207679279093
-0.0246402131623436 -0.0275912950733758 0.0219932617535975 -0.496258310864088
-0.0265313053404393 -0.00316075808114854 -0.666500427937653 -0.520741904920979
0.00106909064568955 0.00743258558230961 -0.809084663175918 0.388523760435964
0.00253431458276789 -0.00061243799174222 0.0337489208655767 0.71942719337468
-0.0107855041549464 0.0061881569190166 0.396378325659855 0.233227162509697
-0.0081005507306767 0.00904732047250391 0.233638350615675 -0.116680568766805
-0.0096506115058017 0.0166125939887862 -0.0466143926583295 -0.0997005102143446
-0.00944871569954181 0.0166211441166933 0.0247445908758883 0.0639921831165874
-0.006168304929661 0.00351989381073772 -0.201337908871434 0.0453988092846474
-0.00642412727198031 -0.00323442630916856 -0.310540609220652 -0.186597250533817
-0.00191573860618623 -0.00592897755728862 0.0122783295279474 -0.576614352116064
-0.0137302453813909 0.0215897536817301 0.658118021837428 -0.37246976840978
-0.0373953548896685 0.00518723601517646 0.66234550957428 0.338002791553742
-0.0127397973237252 -0.0121172770853784 0.143082324244938 0.485249986567892
-0.00156531508787317 -0.0291357603437065 0.0615104643664786 0.0253865418660345
-0.0240916884929325 -0.0205029187317515 -0.0122032214083684 -0.50577756470669
-0.0231229574868485 0.00293537536223142 -0.708779288606555 -0.450842282193321
0.00191011962575681 0.00741292788851485 -0.75383268530581 0.465156263778907
0.00055968680223761 -0.00452673739157156 0.105408399119234 0.703382994690811
-0.00874834878680346 0.00358018378820983 0.415067051522296 0.195139549031767
-0.00693062278199002 0.0112950074286754 0.228740643385926 -0.130754169284108
-0.0113184410058993 0.0175131697508957 -0.0455875955414693 -0.097909600292481
-0.0106697332409193 0.0139749711558991 0.0239158732681382 0.0633331685593441
-0.00504937725924039 0.00462044980907292 -0.197910861590574 0.0359077929799982
-0.00361767060691347 -0.00612556735247535 -0.293350817894442 -0.2114588258306
-0.00365970131665341 -0.00889061509481224 0.0629754076882081 -0.580063612479635
-0.0148402322773626 0.0201159326556325 0.693634450479152 -0.313708442962576
-0.0339038594772505 0.00632853006347247 0.632759079232217 0.398836123420012
-0.0092668434776455 -0.00511230668092703 0.116102246020022 0.490218189956381
-0.000989182095716797 -0.0205487467274806 0.0627393126757946 0.0143245046747054
-0.0210419787876036 -0.0106753407427244 -0.0416068913294868 -0.50881772398774
-0.016513816063996 0.00880647297338978 -0.739202168651605 -0.388713716762423
0.00359770822158838 0.00540819727362801 -0.704209305518666 0.52770714051565
-0.00134483925262377 -0.00583491120797893 0.165283718253724 0.683087872613336
-0.00721361825310128 0.00148944325281431 0.427809751418249 0.162329582150396
-0.00335101361446715 0.0134394624867483 0.225884885856037 -0.142636490987865
-0.0121530670234498 0.0163965912523063 -0.0443539577845583 -0.096755130936056
-0.010659415247352 0.00954466878890167 0.0251310651968085 0.0634640379993121
-0.00195180551945583 0.00488827408765841 -0.195185634330703 0.029289493773727
-0.000567863348853812 -0.00828647473206732 -0.278621402676962 -0.230208314886335
-0.00513217171879339 -0.0120665775693857 0.0991679082421503 -0.579301971756053
-0.013945779772152 0.0185367013574784 0.714259034681115 -0.265137639510223
-0.027190753428581 0.00906174788743816 0.610192663617394 0.4433840867626
-0.00719859787902223 0.00513582584687815 0.0975576364853538 0.492854805898466
-0.00102180478995158 -0.00804346234836698 0.0634056220680345 0.00695201367682557
-0.0163295808241747 0.00106582093792583 -0.0627705337071429 -0.509531004470171
-0.00961586427142661 0.0113891342571282 -0.759378327692019 -0.337866976532238
0.00504944216782285 0.00446606039634606 -0.663359628533674 0.572936022605404
-0.00319031564793692 -0.00676656715311628 0.206474271364553 0.664047346614812
-0.00413999444749226 -8.8053550838494E-05 0.436613359459372 0.1336214646584
9.83538958621542E-05 0.0131414221560945 0.223287673893697 -0.150868290512624
-0.0123145089209183 0.0145822716836061 -0.0438378736065487 -0.0976486496765893
-0.0087743593877444 0.00546024992601252 0.0255069899360984 0.0636092307183499
0.00161101888836972 0.00547055150940013 -0.191564165945698 0.0254390514691311
0.00198100837041555 -0.00964806554996012 -0.2674822040491 -0.240115818598064
-0.00465604303294112 -0.0130580788139562 0.11843710819706 -0.579577044561814
-0.0117973853778849 0.0173679004146095 0.724716791884221 -0.234319351932941
-0.0201627925547656 0.012751252788723 0.594407095347986 0.471346572766861
-0.00503875818960635 0.0177131629385733 0.087419706162912 0.495759517827965
-0.00207376389249007 0.00621300297042711 0.0637602908810246 0.0051036824944941
-0.0108604113219518 0.0108563355067304 -0.0747707823546359 -0.506359554807484
-0.00169489695492071 0.0128374931876663 -0.768827249775798 -0.308055972462683
0.00550914009975394 0.00239653225512882 -0.641095544815101 0.59661060139502
-0.00513864070070035 -0.00715300672059766 0.22965689913104 0.654055907281408
-0.00177916328991437 -0.00180642070105533 0.440881935132952 0.11592269524841
0.00406143429648397 0.0116191723474156 0.225532326644708 -0.156380530247607
-0.0123163231441252 0.0100638422033734 -0.0423196902532674 -0.0985348609490594
-0.00503568250697855 0.00100086430430395 0.0257276857414787 0.0628729130417607
0.0055125387300908 0.00318257471456529 -0.189493361891418 0.0283030832164463
0.00588270477452995 -0.00891354815749272 -0.265851326888965 -0.244117926987563
-0.00520545279335268 -0.0118569955798611 0.117205737812155 -0.582103073613727
-0.0094636086516403 0.013807939449302 0.721895374842148 -0.232223881027288
-0.0133495953373483 0.0153162136096553 0.593978065378676 0.473526090382396
-0.00366380938740043 0.029954639809268 0.0884867414912634 0.498562444593506
-0.00363671820652457 0.0200635513519453 0.0648424294401021 0.00878338377998856
-0.00559973100498677 0.0218391808392976 -0.0761540590225478 -0.50324047469603
0.00392194489753145 0.012814570629549 -0.769671158597121 -0.303950113079912
0.00577907696837528 1.36141292142191E-05 -0.642150519447275 0.600968694826543
-0.004446577814362 -0.00571245504375476 0.229478319074422 0.653458420054862
0.00160429438439429 -0.00213424384146726 0.44154116027978 0.114399532485609
0.00716437852204279 0.00900006443489346 0.226764994233916 -0.157536818635032
-0.0109450187187587 0.00578886863551012 -0.040832999177615 -0.0976901218684303
-0.00117812236765479 -0.0027303974617571 0.0247540094414247 0.0633597061786319
0.00861990775650304 0.00242671924148346 -0.189157064069427 0.0337807735258034
0.00652120382644656 -0.00753791250295478 -0.272563686612643 -0.237135643583531
-0.00461102915228675 -0.0100018689555959 0.0910506310318704 -0.585404819918691
-0.00598408730316365 0.0117484928440473 0.707425136118905 -0.25990051520285
-0.0068440490109347 0.0179634142848783 0.60862113732358 0.45516524153873
-0.00176494719839991 0.040128878360154 0.100540748916872 0.502273391512613
-0.00605462799002131 0.0317249749470783 0.0645392975720096 0.0160541869811454
-0.00169518926194515 0.0290370572222803 -0.0643986980519973 -0.499332525332804
0.0103017893688909 0.0117809283055973 -0.761736481982997 -0.326094953801397
0.00599942584791616 -0.00181651031624321 -0.669146137773064 0.582816017798029
-0.00222909610013169 -0.00492021950950033 0.204252512657072 0.665318607397311
0.00353263158103204 -0.00226289950949103 0.438407072409331 0.12392483136273
0.0104092320611409 0.00525806116372966 0.231743098100501 -0.153962459614157
-0.00748373916225912 0.00158577607529165 -0.0407079564703713 -0.098109446241
-0.0036061491989229 0.0146723229458567 -0.0283197674705406 0.0408663999795869
-0.00411449581516119 0.000639284036873963 -0.219299327631563 0.052936794164046
-0.0026264493545786 0.00262845345660701 -0.335701461164148 -0.15551203011505
0.00189594807519273 -0.00064235566597346 -0.0905663420658776 -0.565901869381949
-0.00912349131438912 0.0198617333653736 0.558822833121571 -0.483474111478755
-0.0375160225904972 0.00543573001716062 0.696190737137874 0.194368312518286
-0.0162725044027226 -0.0134376189109844 0.205430264937107 0.454022702007053
-0.00545963588817553 -0.0287852719712207 0.0577503376605251 0.0535152368972157
-0.0226500481955825 -0.026172209623191 0.040259373491199 -0.466630361429232
-0.026509661063386 -0.00669420945857099 -0.626853217076516 -0.563436983970779
-0.000569541984432183 0.00688949281430054 -0.854323748465593 0.308801600542678
0.00419610944858553 0.00299364274830544 -0.0494418196082976 0.730484004027367
-0.00714127572861116 0.0072900252679363 0.367507035718427 0.283751487392509
-0.00655783065328335 0.00819133128281557 0.250845703815576 -0.0739478406963702
-0.00753471733067213 0.0143707434443135 0.0138781952755532 -0.0722126691510372
-0.00467074016887367 0.0162437283187149 -0.0283931912991556 0.0390808490737875
-0.00521114359559722 0.00246359158824596 -0.218178525634967 0.04001530224938
-0.00520453868917326 0.000657540881854518 -0.320606958828221 -0.18163158707634
0.000144668680589736 -0.00225540920077555 -0.037171756643799 -0.578132505980429
-0.0101465092271509 0.0212755558701079 0.60637460228786 -0.433816605725953
-0.0384312899836291 0.00471866343841417 0.683532137287984 0.256168467927432
-0.0152767662085599 -0.0151013478929281 0.176590633957712 0.459884484988769
-0.00337241860245534 -0.0328337304232735 0.0580431739040273 0.0389642569245498
-0.0240310658047314 -0.0259496313758089 0.0100536488750678 -0.476659681570389
-0.0262326798078302 -0.00340129190046823 -0.668786860345264 -0.506433309941777
0.00149178160796598 0.00679767071900243 -0.815233948037424 0.383804973962681
0.00308275078147582 -0.000704544113058789 0.016519205260126 0.721903043774852
-0.00798854613674147 0.00479212484070782 0.386798112575074 0.252014085805917
-0.00622120202782845 0.0101613650213163 0.249979043794824 -0.0879236189009167
-0.0100776704993021 0.0164650750871368 0.0138338907028635 -0.0728118850116942
-0.00709308078526734 0.0161335763717441 -0.0278712948008025 0.0368284068755979
-0.00490723490967151 0.00373928985031707 -0.215622245480952 0.0269113386691531
-0.00533924401297259 -0.00250059832408097 -0.300022085242748 -0.20897856658405
-0.00141776190092054 -0.00420452614972989 0.0212943019871334 -0.587310302801819
-0.0107826210208206 0.0217132339449904 0.654114926525138 -0.370835773834842
-0.035843735991995 0.00331515180777852 0.659463099968 0.326861181559599
-0.0121585408791388 -0.0129744142092857 0.146547255824733 0.465840157684872
-0.000566143977324427 -0.0292746128019395 0.0585711839463068 0.024932224014499
-0.0230628288791648 -0.0197631150446636 -0.0216847198362213 -0.485618287599473
-0.0213784643701086 0.00193855121331941 -0.708954567204582 -0.436079370943531
0.004319295630571 0.00709840232777454 -0.759351453490241 0.460393720330555
0.00173583316230113 -0.00196866916336397 0.0904878595300837 0.708488542020697
-0.00833648055481825 0.00341938780135601 0.407696620012225 0.215717228806596
-0.00490810928439229 0.011676154534336 0.247081259972153 -0.102803857935962
-0.0101580817044302 0.0171876090888609 0.0146174441178926 -0.074580204997132
-0.00859671406863329 0.0145626066080584 -0.0261091378204679 0.0341243961754671
-0.00446305722243733 0.00359231010040778 -0.211496255161783 0.0166108935742634
-0.00496524195226518 -0.00544034915876978 -0.279986043018076 -0.233623729167171
-0.00264733687280096 -0.00556317847684185 0.0727661704577614 -0.591632703667873
-0.0104299413479001 0.0201120274750448 0.690799414505449 -0.310645801581686
-0.0311503851391494 0.00497704060242022 0.635611739353437 0.385124980906579
-0.00872320615574778 -0.00556098913429359 0.122598800421288 0.468082299896035
-0.000564773959983744 -0.0221104862421652 0.0592708934659418 0.0128781240970741
-0.0187857890948017 -0.0114676555670846 -0.0499442241967469 -0.490623794072523
-0.0149477425654727 0.00627674363877475 -0.736511972697589 -0.374079909482459
0.00681686502361053 0.0054006193872634 -0.706018456460375 0.52418254192456
0.000781695844803407 -0.00329755597694723 0.152130622447763 0.690305695086994
-0.00670733284654571 0.00174201463287391 0.423924349037978 0.179975479866777
-0.003336000186468 0.0119455959701784 0.246422155746706 -0.115751513165022
-0.0105291125770982 0.0170691160694025 0.0145624980069587 -0.0748581095726765
-0.00684420979008067 0.0116848296577121 -0.0251134794639665 0.0329410273902549
-0.0024368692509713 0.00373004770443172 -0.206968167882766 0.00976100532486572
-0.0033337234217881 -0.00745729988100154 -0.264165120864972 -0.250299532577273
-0.00390300448839674 -0.0070876979751774 0.110574024366648 -0.587615144894523
-0.00883687064791364 0.0189462498582972 0.713320950861036 -0.263333050884466
-0.0247481841991408 0.0066517929020577 0.612279284776289 0.428591781403316
-0.00593483032701494 0.00370205050972726 0.104980891424651 0.472537336457654
-0.000365917798619252 -0.00949555880591657 0.0598930039796071 0.00481105865456723
-0.0152392523742861 -0.000541186605292021 -0.0710327219026992 -0.490961764042274
-0.00734187726305752 0.00926403483027814 -0.755514530833975 -0.325307906129105
0.00816826997984353 0.00365117810111112 -0.665635837526219 0.568441054918542
-0.0008076514598253 -0.00341285667133707 0.196174080423912 0.672821031072004
-0.00566487778673131 0.00105518162622617 0.433145092123552 0.154302363742281
5.75282199580364E-05 0.0113336162279095 0.24602715746791 -0.126812100192105
-0.00972433467823856 0.0156765554131904 0.0149921460271589 -0.0765630742616044
-0.00577365562479744 0.00730999527598651 -0.024329261756051 0.03270647042038
0.000884537247639575 0.00204537948771549 -0.203468075582573 0.00566762993075043
-0.000400239016394163 -0.0078615781205162 -0.252613112105144 -0.260293650316883
-0.00519645885207743 -0.00791952317263072 0.131349960284656 -0.588077136599725
-0.00785650510003909 0.0166402240864367 0.725403084074754 -0.232697203161797
-0.0178024282206421 0.010323053552376 0.597886813730432 0.455558640028004
-0.00440751459499038 0.0154082333039086 0.0940267658663583 0.473428860475538
-0.00149206877927606 0.00355869732065329 0.0606884680337404 0.00187981160793647
-0.00929481159165294 0.0101981775623338 -0.0825239947550215 -0.489558858383868
0.000307756228521114 0.0103698558005389 -0.76514001344472 -0.296473958122698
0.0086985505470085 0.00200880636983978 -0.640953677812015 0.592240498748676
-0.00213322714902517 -0.00304463242326185 0.219952694122239 0.663654448709645
-0.00359795241605641 -0.000264900622997487 0.437676726636052 0.139171095671538
0.00258266419799242 0.00980934336871837 0.245706296954534 -0.132874768461517
-0.00937878545133318 0.0123039542370124 0.0158715482675092 -0.0773177462456957
-0.00263085770315563 0.00379066149212481 -0.0251399548014592 0.0324296476349883
0.00407091370274445 0.0012176847421724 -0.202082174653319 0.00590228474163238
0.00218271826814076 -0.00734395202629944 -0.251547063883555 -0.262739032182277
-0.00482306982408054 -0.00665325033229494 0.130060355617588 -0.585907319948474
-0.00579873461435122 0.0154445604737808 0.726811141114641 -0.228357065489077
-0.0118427977695958 0.0140876350040969 0.597775567600429 0.457802322699856
-0.00206876150490996 0.0271054667742503 0.0974240364096921 0.475151639907492
-0.00283238987752275 0.0190742040134501 0.0628898515321853 0.00383077961661743
-0.00389262657421409 0.0196304639570544 -0.0823067778183108 -0.485352375388977
0.00570383196032106 0.00995325451276634 -0.766372898675429 -0.293105199463496
0.00902576353859544 0.000242832864327256 -0.640490177297587 0.59592194008359
-0.00207580887229989 -0.00150294403290744 0.217435174481175 0.66426534039966
-0.00154662787169604 0.000925638284304925 0.43918528759961 0.138421795657936
0.00539107233787113 0.00660033013670645 0.246717182541304 -0.133333254141163
-0.00771316481879987 0.00806393746336588 0.0179007799452298 -0.0779993098177481
-0.000153838642157204 6.72032019089495E-05 -0.0236590377132098 0.0327185141733655
0.00718013824242578 -0.000945351408338337 -0.20328334929857 0.0121042951541269
0.00370479092281324 -0.00657293095158112 -0.260526205690788 -0.254381903276901
-0.00476354728474571 -0.00601934049823804 0.106941460493193 -0.589547259701437
-0.00391947550002034 0.0126855708467225 0.712790977198865 -0.2559107105749
-0.00491170695340459 0.0168292567341382 0.613997645316088 0.43705201093674
-0.000975687038968719 0.0382829887530404 0.107773323600254 0.477318774377813
-0.00523107940958312 0.030777664989621 0.0626850828078045 0.0108330160638735
-0.00063956885071711 0.0291082491332333 -0.070943863290555 -0.484779098353083
0.0107606458704851 0.0103553546426853 -0.759998780721873 -0.3134486720984
0.00813394407510092 -0.00140829158707509 -0.665035238248662 0.578426529895803
-0.00124287422480169 -0.00127615932575935 0.19324347151215 0.674610391658115
0.00153265235632165 0.000509732149284224 0.43378648473053 0.147900295460881
0.00746318713054105 0.00352009732174346 0.249959124438946 -0.13045772400587
-0.00626182347622938 0.00365753081774141 0.0194733865265205 -0.077749350283457
