TRXV5
3
4
4
9
string Extension=J
integer IsArchMeasurement=1
integer IsSpherical=1
string Generator=SPM
string GeneratorVersion=1.3.1 Dev
double ArchRadius=0.449999988079071
integer FrequencyAxisIndex=0
integer AzimuthAxisIndex=1
integer ElevationAxisIndex=2
Frequency
5 201 600000000 700000000 LIN
Azimuth
7 8 0 2.74889357189107 LIN
Elevation
7 15 -2.74889357189107 2.74889357189107 LIN
Polar H Real Part
13
Polar H Imaginary Part
14
Polar V Real Part
13
Polar V Imaginary Part
14
Polar H Magnitude (dB)
12 0xC0000002 0 1
Polar H Phase
7 0xC0000003 0 1
Polar V Magnitude (dB)
12 0xC0000002 2 3
Polar V Phase
7 0xC0000003 2 3
-0.00152730941772461 0.00687503814697266 -0.05059814453125 -0.151260375976563
-0.0181465148925781 0.0259723663330078 0.20281982421875 -0.1163330078125
-0.0185508728027344 0.0227222442626953 0.404083251953125 0.07421875
-0.0332546234130859 0.00155830383300782 0.3782958984375 0.436737060546875
-0.0407524108886719 -0.0321731567382813 -0.11151123046875 0.673583984375
0.0017242431640625 -0.0699691772460938 -0.6781005859375 0.5076904296875
0.03680419921875 0.00519561767578125 -0.67877197265625 0.0522460937500002
0.0544967651367188 0.0741043090820313 0.018524169921875 0.116905212402344
0.0639801025390625 0.0429344177246094 0.79736328125 0.1407470703125
0.0410995483398438 -0.0240974426269531 0.81890869140625 -0.4747314453125
-0.0148391723632813 -0.0398712158203125 0.077392578125 -0.761962890625
-0.0341014862060547 -0.0218601226806641 -0.4322509765625 -0.413177490234375
-0.0218982696533203 0.0124435424804687 -0.41455078125 -0.06488037109375
-0.012939453125 0.0255908966064453 -0.148330688476563 0.166122436523438
0.000708580017089844 0.0031125545501709 0.081512451171875 0.154159545898438
0.00165462493896484 0.00594186782836914 -0.0517425537109375 -0.142822265625
-0.0167655944824219 0.0253143310546875 0.201614379882813 -0.103500366210938
-0.0132236480712891 0.0233573913574219 0.3980712890625 0.096527099609375
-0.0305233001708984 0.00305366516113281 0.35400390625 0.45703125
-0.0416221618652344 -0.0310935974121094 -0.1552734375 0.67120361328125
-0.0045623779296875 -0.0661163330078125 -0.7177734375 0.4718017578125
0.0210704803466797 0.00538444519042969 -0.6820068359375 0.02508544921875
0.0388870239257813 0.0667610168457031 0.029449462890625 0.112983703613281
0.0497245788574219 0.0362205505371094 0.79620361328125 0.1007080078125
0.0269412994384766 -0.0240287780761719 0.776611328125 -0.51556396484375
-0.021209716796875 -0.0355415344238281 0.0304565429687501 -0.76068115234375
-0.0311012268066406 -0.0170040130615234 -0.452117919921875 -0.389434814453125
-0.01690673828125 0.0156373977661133 -0.421539306640625 -0.046051025390625
-0.00928878784179688 0.0266323089599609 -0.149459838867188 0.177078247070313
0.00120747089385986 -0.000136613845825195 0.0745086669921875 0.160659790039063
0.00465869903564453 0.00441360473632813 -0.0518569946289063 -0.136634826660156
-0.0108966827392578 0.0276832580566406 0.199966430664063 -0.092926025390625
-0.003570556640625 0.0257110595703125 0.3900146484375 0.117523193359375
-0.0253505706787109 0.0068511962890625 0.3265380859375 0.48040771484375
-0.0446014404296875 -0.0296211242675781 -0.20184326171875 0.66351318359375
-0.0118637084960937 -0.0681610107421875 -0.75347900390625 0.43304443359375
0.0116291046142578 0.00267887115478516 -0.67950439453125 -0.0015258789062499
0.0333137512207031 0.0592460632324219 0.0512466430664063 0.113998413085937
0.0405464172363281 0.027191162109375 0.7972412109375 0.0614013671875
0.01739501953125 -0.0245800018310547 0.73114013671875 -0.55731201171875
-0.0258960723876953 -0.0287666320800781 -0.0206298828125 -0.75469970703125
-0.0284175872802734 -0.01092529296875 -0.47113037109375 -0.357818603515625
-0.00647735595703125 0.0225563049316406 -0.4229736328125 -0.0202941894531249
-0.00223731994628906 0.0293903350830078 -0.14495849609375 0.186538696289063
0.00244355201721191 -0.00376248359680176 0.0711517333984375 0.164337158203125
0.00985050201416016 0.000420570373535156 -0.0509185791015625 -0.133941650390625
-0.00176620483398438 0.0295944213867187 0.198638916015625 -0.0838165283203125
0.00710296630859375 0.0316543579101562 0.38336181640625 0.1387939453125
-0.0207920074462891 0.0142097473144531 0.30133056640625 0.50164794921875
-0.0469970703125 -0.0257225036621094 -0.24542236328125 0.65771484375
-0.014984130859375 -0.070404052734375 -0.78564453125 0.3922119140625
0.00955581665039063 0.000446319580078125 -0.672119140625 -0.0267944335937501
0.0347480773925781 0.0547065734863281 0.0731124877929687 0.116218566894531
0.0369110107421875 0.0170783996582031 0.8028564453125 0.02239990234375
0.00732994079589844 -0.0257148742675781 0.6915283203125 -0.591552734375
-0.0296039581298828 -0.0221366882324219 -0.06292724609375 -0.7452392578125
-0.0221099853515625 -0.00364875793457031 -0.486785888671875 -0.329833984375
0.00292205810546875 0.0244560241699219 -0.421234130859375 -0.000488281249999918
0.00778579711914062 0.0281105041503906 -0.140731811523438 0.19134521484375
0.00675344467163086 -0.00760269165039063 0.0702667236328125 0.163894653320312
0.0162439346313477 -0.00497150421142578 -0.04974365234375 -0.134292602539063
0.0100650787353516 0.0301475524902344 0.198776245117188 -0.077911376953125
0.0177879333496094 0.0378341674804688 0.377197265625 0.15386962890625
-0.0170269012451172 0.0243072509765625 0.283477783203125 0.517608642578125
-0.0517807006835938 -0.0212783813476562 -0.27532958984375 0.6522216796875
-0.0192489624023437 -0.0718231201171875 -0.8045654296875 0.36602783203125
0.0142507553100586 -0.00452327728271484 -0.66314697265625 -0.03961181640625
0.0451812744140625 0.0497932434082031 0.0934219360351563 0.118705749511719
0.0372734069824219 0.0095977783203125 0.8084716796875 -0.0037841796875
-0.00191688537597656 -0.0259571075439453 0.6683349609375 -0.61309814453125
-0.0312156677246094 -0.0138759613037109 -0.0891723632812499 -0.7342529296875
-0.0124969482421875 0.00624465942382812 -0.494964599609375 -0.309417724609375
0.0148277282714844 0.0284633636474609 -0.41729736328125 0.0135192871093751
0.0195426940917969 0.0283889770507813 -0.136520385742188 0.193771362304687
0.00938701629638672 -0.0152988433837891 0.0712890625 0.1629638671875
0.0222682952880859 -0.00937652587890625 -0.0485458374023437 -0.136581420898438
0.0196571350097656 0.0295009613037109 0.198699951171875 -0.07928466796875
0.0293350219726562 0.0443305969238281 0.374725341796875 0.16143798828125
-0.0109024047851562 0.0338859558105469 0.277252197265625 0.5263671875
-0.0527153015136719 -0.0181808471679688 -0.289306640625 0.653076171875
-0.0174636840820312 -0.07427978515625 -0.81005859375 0.35479736328125
0.0256843566894531 -0.00762367248535156 -0.652099609375 -0.0452270507812499
0.0621528625488281 0.0497016906738281 0.1083984375 0.121177673339844
0.04583740234375 0.00307464599609375 0.81494140625 -0.0159912109375
-0.00268363952636719 -0.0275058746337891 0.6573486328125 -0.62188720703125
-0.0319309234619141 -0.00711822509765625 -0.097900390625 -0.73095703125
-0.00731563568115234 0.0124311447143555 -0.495849609375 -0.296356201171875
0.0256576538085938 0.0321502685546875 -0.41571044921875 0.018524169921875
0.0307788848876953 0.0250205993652344 -0.134201049804687 0.1904296875
0.0143871307373047 -0.0214824676513672 0.0760040283203125 0.157241821289063
0.0290489196777344 -0.0142974853515625 -0.0467071533203125 -0.142959594726563
0.0302600860595703 0.0278854370117187 0.201309204101563 -0.08251953125
0.0383071899414063 0.0488624572753906 0.37841796875 0.161163330078125
-0.0054931640625 0.0431900024414062 0.283660888671875 0.52838134765625
-0.0553665161132813 -0.0122184753417969 -0.280029296875 0.6595458984375
-0.0164871215820312 -0.077667236328125 -0.802001953125 0.36309814453125
0.0420989990234375 -0.0113716125488281 -0.64520263671875 -0.03814697265625
0.0828628540039063 0.0500030517578125 0.118057250976563 0.124992370605469
0.0578689575195312 -0.00255966186523437 0.8258056640625 -0.01458740234375
-0.00166702270507812 -0.0306377410888672 0.67071533203125 -0.6195068359375
-0.0313472747802734 -0.00202751159667968 -0.0904541015625 -0.73126220703125
-0.00100326538085938 0.0191669464111328 -0.49261474609375 -0.299224853515625
0.0337028503417969 0.0345115661621094 -0.41461181640625 0.014923095703125
0.0404586791992188 0.0225067138671875 -0.130767822265625 0.183624267578125
0.0201034545898438 -0.0262775421142578 0.08074951171875 0.152923583984375
0.0342121124267578 -0.0178966522216797 -0.0437774658203125 -0.1502685546875
0.0370559692382813 0.0273895263671875 0.203384399414063 -0.091033935546875
0.0451736450195313 0.0511398315429688 0.3846435546875 0.150543212890625
-0.00222015380859375 0.0480270385742188 0.301910400390625 0.521392822265625
-0.0520515441894531 -0.00861740112304687 -0.2509765625 0.6668701171875
-0.0117568969726562 -0.0799026489257813 -0.7791748046875 0.38836669921875
0.0591773986816406 -0.0146942138671875 -0.63714599609375 -0.02294921875
0.10504150390625 0.0522842407226563 0.117835998535156 0.128959655761719
0.0723037719726563 -0.0052490234375 0.8348388671875 0.005615234375
0.00378799438476563 -0.0338268280029297 0.69635009765625 -0.60296630859375
-0.0293312072753906 -0.000614166259765629 -0.06072998046875 -0.73748779296875
0.00363349914550782 0.0239963531494141 -0.478759765625 -0.311309814453125
0.0387840270996094 0.0371932983398438 -0.413116455078125 0.00296020507812506
0.0463600158691406 0.0202255249023438 -0.1295166015625 0.172775268554687
0.0254802703857422 -0.0288448333740234 0.08624267578125 0.14593505859375
-0.00134563446044922 0.0071868896484375 -0.050994873046875 -0.149688720703125
-0.0172462463378906 0.0257358551025391 0.203201293945313 -0.115982055664063
-0.0184535980224609 0.0223445892333984 0.402862548828125 0.07147216796875
-0.0331916809082031 0.00224494934082031 0.37823486328125 0.4324951171875
-0.0413627624511719 -0.0316047668457031 -0.111083984375 0.6727294921875
0.00135803222656249 -0.0688896179199219 -0.6746826171875 0.5054931640625
0.0355453491210938 0.00537109375 -0.67401123046875 0.0523071289062499
0.0546112060546875 0.0732269287109375 0.0183258056640625 0.115379333496094
0.0637283325195313 0.0425491333007813 0.79217529296875 0.13519287109375
0.0399971008300781 -0.0210380554199219 0.81365966796875 -0.47344970703125
-0.0149688720703125 -0.038055419921875 0.0764770507812499 -0.75933837890625
-0.0332984924316406 -0.0214576721191406 -0.431182861328125 -0.408294677734375
-0.0214252471923828 0.0132217407226562 -0.41400146484375 -0.0622253417968751
-0.0113029479980469 0.0266494750976563 -0.146957397460938 0.166122436523438
0.000592708587646484 0.00321555137634277 0.080841064453125 0.1558837890625
0.00105524063110352 0.00710439682006836 -0.05126953125 -0.141189575195313
-0.0161514282226563 0.0264911651611328 0.200698852539063 -0.103652954101563
-0.0129737854003906 0.0233669281005859 0.396392822265625 0.093170166015625
-0.0295677185058594 0.00359916687011718 0.3529052734375 0.454376220703125
-0.0438232421875 -0.0319862365722656 -0.15338134765625 0.6680908203125
-0.00533294677734376 -0.0666885375976563 -0.71209716796875 0.47161865234375
0.0216636657714844 0.00528526306152344 -0.67803955078125 0.0252685546874999
0.0381431579589844 0.0655670166015625 0.0290756225585937 0.1129150390625
0.0507583618164063 0.034912109375 0.79083251953125 0.09918212890625
0.0278816223144531 -0.0233440399169922 0.77105712890625 -0.51434326171875
-0.0219230651855469 -0.0351829528808594 0.0304565429687501 -0.75628662109375
-0.0311126708984375 -0.0160865783691406 -0.4512939453125 -0.385894775390625
-0.0168313980102539 0.0154781341552734 -0.42181396484375 -0.04327392578125
-0.00883102416992187 0.0283355712890625 -0.148422241210937 0.17669677734375
0.000921547412872314 0.000618278980255127 0.0742340087890625 0.159683227539062
0.00473642349243164 0.00305652618408203 -0.0509796142578125 -0.136322021484375
-0.0106678009033203 0.0277633666992188 0.200241088867188 -0.0927734375
-0.00305938720703125 0.0251426696777344 0.3880615234375 0.1151123046875
-0.0254802703857422 0.00706863403320313 0.3272705078125 0.477752685546875
-0.045989990234375 -0.0285873413085938 -0.19927978515625 0.66082763671875
-0.0124282836914062 -0.0654106140136719 -0.75091552734375 0.4305419921875
0.0121002197265625 0.00220203399658203 -0.67559814453125 -0.00183105468749989
0.0313148498535156 0.0586051940917969 0.0491409301757812 0.113166809082031
0.0395889282226563 0.0275039672851562 0.7928466796875 0.059814453125
0.0166187286376953 -0.0253219604492188 0.72674560546875 -0.55322265625
-0.026275634765625 -0.0277385711669922 -0.0213012695312501 -0.74993896484375
-0.0260601043701172 -0.0108375549316406 -0.471649169921875 -0.3551025390625
-0.0074615478515625 0.0209178924560547 -0.42095947265625 -0.0181884765625
-0.00234603881835938 0.0291061401367188 -0.14501953125 0.185897827148438
0.00245881080627441 -0.00285840034484863 0.0709991455078125 0.164932250976563
0.00981521606445313 -0.000814437866210938 -0.051849365234375 -0.133934020996094
-0.000442504882812503 0.0289382934570312 0.198165893554688 -0.0830078125
0.00630950927734375 0.0306301116943359 0.3817138671875 0.135162353515625
-0.0202445983886719 0.0131416320800781 0.301025390625 0.500457763671875
-0.0490074157714844 -0.0258560180664062 -0.24298095703125 0.65655517578125
-0.0159416198730469 -0.0671653747558594 -0.781005859375 0.393798828125
0.009735107421875 -0.0006561279296875 -0.671875 -0.0261230468750001
0.0335731506347656 0.0534019470214844 0.0724105834960938 0.114555358886719
0.0369796752929688 0.01776123046875 0.79736328125 0.0213623046875
0.00622367858886718 -0.0247230529785156 0.68780517578125 -0.58917236328125
-0.0294075012207031 -0.0217113494873047 -0.0634765625 -0.74072265625
-0.0201587677001953 -0.0025482177734375 -0.485992431640625 -0.326690673828125
0.00322532653808594 0.0260105133056641 -0.42010498046875 0.00189208984374994
0.00857734680175781 0.0275344848632813 -0.1402587890625 0.191436767578125
0.00499248504638672 -0.00801563262939453 0.0699920654296875 0.163742065429688
0.0166015625 -0.00608253479003906 -0.0501174926757813 -0.131988525390625
0.00929450988769531 0.0289459228515625 0.19854736328125 -0.0778961181640625
0.0191421508789063 0.0374183654785156 0.376678466796875 0.1512451171875
-0.0158367156982422 0.0243644714355469 0.28204345703125 0.513153076171875
-0.0533027648925781 -0.0216484069824219 -0.27166748046875 0.6513671875
-0.0197906494140625 -0.0694389343261719 -0.79925537109375 0.3658447265625
0.0135707855224609 -0.00529956817626953 -0.66107177734375 -0.0402832031249999
0.04461669921875 0.0488777160644531 0.0913467407226563 0.117469787597656
0.0373992919921875 0.0085601806640625 0.80194091796875 -0.00592041015625
-0.000720977783203123 -0.0250453948974609 0.66253662109375 -0.61016845703125
-0.0330619812011719 -0.0128154754638672 -0.0894165039062499 -0.7320556640625
-0.0123472213745117 0.00605964660644531 -0.492584228515625 -0.305633544921875
0.0152320861816406 0.0275821685791016 -0.417572021484375 0.014923095703125
0.0199165344238281 0.0268115997314453 -0.135208129882813 0.192626953125
0.00986385345458984 -0.0157260894775391 0.071319580078125 0.16357421875
0.0234813690185547 -0.0100040435791016 -0.047271728515625 -0.135360717773438
0.0206527709960938 0.0311088562011719 0.19891357421875 -0.0790252685546875
0.0290718078613281 0.0436553955078125 0.374176025390625 0.15966796875
-0.010589599609375 0.0345096588134766 0.27716064453125 0.522857666015625
-0.0541839599609375 -0.0172233581542969 -0.28302001953125 0.6495361328125
-0.0191421508789063 -0.0735397338867188 -0.8065185546875 0.35589599609375
0.0257053375244141 -0.00798797607421875 -0.650634765625 -0.0454711914062501
0.0617790222167969 0.049285888671875 0.107124328613281 0.120079040527344
0.0448684692382812 0.00354766845703125 0.81158447265625 -0.0196533203125
-0.0030059814453125 -0.0280494689941406 0.65447998046875 -0.621337890625
-0.0315189361572266 -0.00692558288574219 -0.0986328125 -0.728515625
-0.00602340698242188 0.0124397277832031 -0.4937744140625 -0.293365478515625
0.0255661010742188 0.0312156677246094 -0.41595458984375 0.02020263671875
0.0315055847167969 0.0250873565673828 -0.133056640625 0.188796997070312
0.0131778717041016 -0.0213584899902344 0.073974609375 0.15789794921875
0.029144287109375 -0.0149211883544922 -0.04559326171875 -0.14093017578125
0.0302314758300781 0.0287399291992188 0.200576782226563 -0.08184814453125
0.0378646850585938 0.0485076904296875 0.376556396484375 0.158172607421875
-0.00589752197265625 0.0424652099609375 0.282562255859375 0.525726318359375
-0.0554618835449219 -0.0129013061523437 -0.27728271484375 0.6552734375
-0.0167388916015625 -0.0761947631835938 -0.7972412109375 0.36474609375
0.0416069030761719 -0.0105361938476563 -0.64404296875 -0.0377197265625001
0.0831451416015625 0.0501327514648438 0.116096496582031 0.124984741210937
0.0574607849121094 -0.00236129760742188 0.82049560546875 -0.0145263671875
-0.00287628173828125 -0.0297908782958984 0.66656494140625 -0.61810302734375
-0.0314731597900391 -0.00268554687500001 -0.0894775390624999 -0.730224609375
-0.000501632690429686 0.0185527801513672 -0.48974609375 -0.296600341796875
0.0340251922607422 0.0339641571044922 -0.4151611328125 0.0153198242187499
0.0404548645019531 0.0221290588378906 -0.130340576171875 0.182479858398438
0.019287109375 -0.0262393951416016 0.0813140869140625 0.15277099609375
0.0335311889648438 -0.0187568664550781 -0.0429534912109375 -0.147171020507813
0.0362052917480469 0.0262260437011719 0.203292846679688 -0.0891876220703125
0.0451278686523437 0.0503196716308594 0.3834228515625 0.148040771484375
-0.00254058837890625 0.0480499267578125 0.299896240234375 0.518280029296875
-0.0531539916992188 -0.0089263916015625 -0.24932861328125 0.66522216796875
-0.0131683349609375 -0.0777130126953125 -0.77435302734375 0.3887939453125
0.0567741394042969 -0.0137977600097656 -0.63580322265625 -0.0219726562499999
0.10369873046875 0.0527267456054688 0.116226196289063 0.12713623046875
0.07086181640625 -0.00292205810546875 0.8282470703125 0.00225830078125
0.00327491760253906 -0.0327224731445313 0.69183349609375 -0.60162353515625
-0.0308246612548828 -0.000261306762695308 -0.06097412109375 -0.73419189453125
0.00335502624511719 0.0247173309326172 -0.478057861328125 -0.309539794921875
0.0379180908203125 0.0352325439453125 -0.41143798828125 0.00552368164062498
0.0475730895996094 0.0206222534179687 -0.130615234375 0.172378540039063
0.0239467620849609 -0.0301628112792969 0.0851593017578125 0.145858764648437
-0.00171375274658203 0.00669145584106445 -0.0509796142578125 -0.147476196289063
-0.0180950164794922 0.0261135101318359 0.201873779296875 -0.116531372070313
-0.0175228118896484 0.0232105255126953 0.4014892578125 0.069122314453125
-0.0341148376464844 0.00363922119140626 0.37689208984375 0.4298095703125
-0.0409393310546875 -0.033172607421875 -0.10699462890625 0.6708984375
0.00021743774414063 -0.0679130554199219 -0.67230224609375 0.50482177734375
0.0348396301269531 0.00531959533691406 -0.670654296875 0.0535278320312499
0.0534286499023437 0.0734710693359375 0.0163650512695312 0.112983703613281
0.0626564025878906 0.04241943359375 0.78790283203125 0.13580322265625
0.0396537780761719 -0.0220108032226563 0.80938720703125 -0.472412109375
-0.0150337219238281 -0.0395278930664063 0.0769042968749999 -0.757080078125
-0.0325527191162109 -0.0210437774658203 -0.42962646484375 -0.40728759765625
-0.0208492279052734 0.0128650665283203 -0.413665771484375 -0.06146240234375
-0.0107059478759766 0.0260944366455078 -0.146484375 0.166000366210938
0.000667095184326172 0.00296568870544434 0.080718994140625 0.155258178710938
0.000495433807373047 0.0060725212097168 -0.051513671875 -0.138572692871094
-0.0156230926513672 0.0271053314208984 0.201675415039063 -0.104461669921875
-0.0125350952148438 0.0230426788330078 0.396453857421875 0.092315673828125
-0.0312328338623047 0.00310707092285157 0.3529052734375 0.4505615234375
-0.0428810119628906 -0.0312538146972656 -0.1527099609375 0.6671142578125
-0.00661468505859374 -0.0673942565917969 -0.70849609375 0.46917724609375
0.0208377838134766 0.00496673583984375 -0.67510986328125 0.02606201171875
0.0386734008789063 0.06640625 0.0289993286132813 0.110649108886719
0.0495223999023438 0.034637451171875 0.78765869140625 0.0968017578125
0.0266685485839844 -0.0232143402099609 0.77069091796875 -0.51226806640625
-0.0208034515380859 -0.0339775085449219 0.0278930664062501 -0.75531005859375
-0.0307769775390625 -0.0171318054199219 -0.448974609375 -0.3824462890625
-0.0165338516235352 0.0157938003540039 -0.420257568359375 -0.0425109863281251
-0.00789451599121094 0.0290470123291016 -0.146865844726562 0.176513671875
-0.00113797187805176 0.000753879547119141 0.0733184814453125 0.160354614257813
0.00367188453674316 0.00305008888244629 -0.0513992309570312 -0.13519287109375
-0.00930976867675782 0.0294170379638672 0.20062255859375 -0.0920257568359375
-0.00357627868652344 0.0258865356445313 0.388641357421875 0.11279296875
-0.0264816284179687 0.00773811340332032 0.326629638671875 0.476104736328125
-0.0458450317382813 -0.029876708984375 -0.19921875 0.6588134765625
-0.0119590759277344 -0.06640625 -0.7464599609375 0.43048095703125
0.00985050201416016 0.00330734252929688 -0.67242431640625 -0.00250244140625
0.0316276550292969 0.0589141845703125 0.0477828979492187 0.111518859863281
0.0385475158691406 0.0267906188964844 0.7877197265625 0.05718994140625
0.0152397155761719 -0.0243930816650391 0.726318359375 -0.55364990234375
-0.0260219573974609 -0.0282459259033203 -0.0216064453125 -0.7469482421875
-0.0260066986083984 -0.0107822418212891 -0.470733642578125 -0.3531494140625
-0.00716590881347656 0.0206203460693359 -0.420654296875 -0.0176391601562501
-0.00112152099609375 0.0291709899902344 -0.146270751953125 0.185989379882813
0.00144505500793457 -0.00329089164733887 0.07012939453125 0.164505004882813
0.009246826171875 -0.00105667114257813 -0.0497817993164063 -0.133049011230469
-0.000951766967773437 0.0289096832275391 0.197967529296875 -0.08367919921875
0.00712203979492187 0.0306739807128906 0.38079833984375 0.13543701171875
-0.0213661193847656 0.0142307281494141 0.300750732421875 0.497955322265625
-0.0496330261230469 -0.0251235961914063 -0.24249267578125 0.65325927734375
-0.0160102844238281 -0.0660018920898437 -0.778076171875 0.391357421875
0.00920391082763672 -0.00069427490234375 -0.66705322265625 -0.0263671875000001
0.0345840454101563 0.0540885925292969 0.0714187622070313 0.113143920898438
0.0361061096191406 0.0179862976074219 0.79315185546875 0.01995849609375
0.00735664367675781 -0.0252456665039063 0.68505859375 -0.58782958984375
-0.0280475616455078 -0.0209083557128906 -0.06414794921875 -0.73876953125
-0.0195693969726563 -0.00151634216308594 -0.484649658203125 -0.32476806640625
0.00296592712402344 0.0247421264648438 -0.419158935546875 0.00173950195312509
0.00887870788574219 0.0279865264892578 -0.140350341796875 0.190994262695313
0.00493335723876953 -0.00939273834228516 0.070648193359375 0.164047241210938
0.0159187316894531 -0.0055389404296875 -0.0496978759765625 -0.133338928222656
0.0104160308837891 0.0304355621337891 0.197189331054688 -0.07794189453125
0.0186004638671875 0.0360908508300781 0.374664306640625 0.149139404296875
-0.0160598754882813 0.0234565734863281 0.283111572265625 0.51129150390625
-0.0533294677734375 -0.0205154418945312 -0.26898193359375 0.64776611328125
-0.020355224609375 -0.0689201354980469 -0.79632568359375 0.365478515625
0.0125970840454102 -0.00430679321289063 -0.657958984375 -0.0394897460937499
0.0432472229003906 0.0486831665039063 0.090301513671875 0.116111755371094
0.0375442504882813 0.00869369506835938 0.79705810546875 -0.00750732421875
-0.00074005126953125 -0.0259571075439453 0.6611328125 -0.6090087890625
-0.0307998657226563 -0.0128135681152344 -0.09002685546875 -0.731201171875
-0.0134611129760742 0.00493431091308594 -0.491668701171875 -0.3048095703125
0.0154647827148438 0.0279312133789063 -0.418609619140625 0.017974853515625
0.0190792083740234 0.0276412963867188 -0.136032104492188 0.192214965820312
0.00807476043701172 -0.0150794982910156 0.07098388671875 0.161544799804688
0.0229434967041016 -0.0106067657470703 -0.0482711791992188 -0.133720397949219
0.0208339691162109 0.0303535461425781 0.197616577148438 -0.076507568359375
0.0303382873535156 0.0438919067382813 0.372955322265625 0.157012939453125
-0.0104579925537109 0.0331230163574219 0.275787353515625 0.52099609375
-0.0552597045898438 -0.0167083740234375 -0.28350830078125 0.64862060546875
-0.0194473266601563 -0.0723342895507813 -0.80279541015625 0.35333251953125
0.0256137847900391 -0.00764656066894531 -0.6484375 -0.0459594726562501
0.0615425109863281 0.0484161376953125 0.107490539550781 0.119247436523437
0.0455513000488281 0.00273895263671875 0.80609130859375 -0.01812744140625
-0.00346755981445313 -0.0284500122070312 0.65167236328125 -0.618896484375
-0.0319080352783203 -0.00651168823242187 -0.09906005859375 -0.72491455078125
-0.00590324401855469 0.0139369964599609 -0.4906005859375 -0.2930908203125
0.025604248046875 0.0310153961181641 -0.415496826171875 0.021484375
0.0304946899414063 0.0233650207519531 -0.132095336914063 0.189041137695312
0.0133895874023438 -0.0222301483154297 0.0753631591796875 0.158004760742188
0.0288429260253906 -0.0145549774169922 -0.045623779296875 -0.140701293945313
0.0299396514892578 0.0293331146240234 0.200164794921875 -0.080841064453125
0.038726806640625 0.0478057861328125 0.37640380859375 0.155487060546875
-0.00690460205078125 0.0429115295410156 0.28216552734375 0.523406982421875
-0.0554084777832031 -0.0120735168457031 -0.2757568359375 0.65374755859375
-0.0185012817382812 -0.0750961303710938 -0.79473876953125 0.3631591796875
0.041473388671875 -0.0103721618652344 -0.64044189453125 -0.0380859375
0.0824203491210937 0.0494537353515625 0.114845275878906 0.123435974121094
0.0570335388183594 -0.00223922729492188 0.8155517578125 -0.017822265625
-0.00236129760742188 -0.029754638671875 0.66400146484375 -0.61639404296875
-0.0300464630126953 -0.00224113464355469 -0.0887451171874999 -0.72509765625
-0.000534057617187501 0.0191307067871094 -0.486785888671875 -0.29547119140625
0.03387451171875 0.0337772369384766 -0.411346435546875 0.0172119140625
0.0400772094726563 0.022369384765625 -0.130905151367188 0.18280029296875
0.0187435150146484 -0.0260486602783203 0.0803375244140625 0.153045654296875
0.0323905944824219 -0.0193996429443359 -0.04351806640625 -0.146560668945313
0.0375213623046875 0.0274620056152344 0.2022705078125 -0.0890350341796875
0.0447311401367188 0.0505447387695313 0.384063720703125 0.14581298828125
-0.0029754638671875 0.0477294921875 0.30145263671875 0.516204833984375
-0.0536041259765625 -0.00841522216796876 -0.24700927734375 0.6651611328125
-0.0150833129882812 -0.0773239135742188 -0.7711181640625 0.38800048828125
0.0556526184082031 -0.0153923034667969 -0.63140869140625 -0.0214233398437499
0.102767944335938 0.0529022216796875 0.114776611328125 0.126174926757813
0.0714340209960938 -0.00403594970703125 0.824951171875 0.0009765625
0.00144004821777344 -0.0321025848388672 0.6895751953125 -0.60076904296875
-0.0301952362060547 -0.000106811523437495 -0.06146240234375 -0.72967529296875
0.003509521484375 0.0226631164550781 -0.4775390625 -0.30853271484375
0.0390243530273438 0.0350303649902344 -0.4102783203125 0.00500488281249996
0.0465278625488281 0.0203208923339844 -0.131103515625 0.17266845703125
0.0246105194091797 -0.0281505584716797 0.0843658447265625 0.144744873046875
-0.000580787658691406 0.00753974914550781 -0.0505218505859375 -0.147476196289063
-0.016845703125 0.0272369384765625 0.20196533203125 -0.115631103515625
-0.0181884765625 0.021392822265625 0.401153564453125 0.069915771484375
-0.033416748046875 0.00325584411621094 0.376922607421875 0.427337646484375
-0.0413055419921875 -0.0325927734375 -0.10894775390625 0.668701171875
-0.000595092773437498 -0.0677413940429687 -0.6702880859375 0.5045166015625
0.0338859558105469 0.00529861450195313 -0.6669921875 0.0528564453125001
0.0530548095703125 0.0723648071289063 0.0164947509765625 0.111572265625
0.0623588562011719 0.0430374145507812 0.78515625 0.13775634765625
0.0397834777832031 -0.020751953125 0.80853271484375 -0.4710693359375
-0.0150413513183594 -0.0376434326171875 0.07757568359375 -0.754638671875
-0.0333614349365234 -0.0208759307861328 -0.427886962890625 -0.406951904296875
-0.020263671875 0.0115966796875 -0.41339111328125 -0.061492919921875
-0.0106487274169922 0.0257129669189453 -0.148330688476563 0.165512084960938
-0.000418186187744141 0.00305461883544922 0.0804901123046875 0.156143188476563
0.000818252563476563 0.00497341156005859 -0.05224609375 -0.141494750976563
-0.015167236328125 0.0286540985107422 0.201278686523438 -0.10223388671875
-0.01300048828125 0.0230312347412109 0.393157958984375 0.09130859375
-0.0319862365722656 0.00421524047851562 0.3526611328125 0.4517822265625
-0.0444717407226563 -0.0307807922363281 -0.15020751953125 0.66387939453125
-0.006195068359375 -0.0665168762207031 -0.708740234375 0.4686279296875
0.0205173492431641 0.00387763977050781 -0.67364501953125 0.0252075195312499
0.0373725891113281 0.0661354064941406 0.0285263061523437 0.110618591308594
0.0489044189453125 0.0344657897949219 0.7847900390625 0.099365234375
0.0275726318359375 -0.0223369598388672 0.76727294921875 -0.5115966796875
-0.0215644836425781 -0.0347366333007812 0.0303955078125001 -0.75299072265625
-0.0310115814208984 -0.0157432556152344 -0.449676513671875 -0.38397216796875
-0.0158109664916992 0.0159997940063477 -0.41912841796875 -0.04071044921875
-0.00843429565429688 0.0272617340087891 -0.147994995117188 0.176010131835938
-0.000999510288238525 0.000726997852325439 0.073822021484375 0.159927368164063
0.00367140769958496 0.00331020355224609 -0.0506820678710938 -0.135459899902344
-0.00900840759277344 0.0289421081542969 0.199676513671875 -0.0911712646484375
-0.00304603576660156 0.0249614715576172 0.38677978515625 0.11346435546875
-0.0268020629882813 0.00673103332519532 0.325714111328125 0.473724365234375
-0.0463829040527344 -0.0281829833984375 -0.19775390625 0.6591796875
-0.0128974914550781 -0.0658988952636719 -0.74432373046875 0.42913818359375
0.010096549987793 0.00335884094238281 -0.6728515625 -0.00396728515625006
0.0315017700195313 0.0575408935546875 0.0467071533203125 0.1104736328125
0.0384254455566406 0.0268898010253906 0.7864990234375 0.0582275390625
0.0149631500244141 -0.0231399536132812 0.72125244140625 -0.55096435546875
-0.0268745422363281 -0.0283184051513672 -0.0216674804687501 -0.74530029296875
-0.0262851715087891 -0.00977516174316406 -0.469573974609375 -0.3505859375
-0.00791549682617188 0.0205287933349609 -0.422393798828125 -0.0166931152343751
-0.00102043151855469 0.0291118621826172 -0.144134521484375 0.184829711914062
0.000107645988464355 -0.00167036056518555 0.070465087890625 0.16455078125
0.00862979888916016 -0.000710964202880859 -0.0507125854492187 -0.132659912109375
1.90734863281523E-06 0.03021240234375 0.198104858398438 -0.08184814453125
0.00729751586914062 0.0297565460205078 0.37994384765625 0.132781982421875
-0.0214157104492188 0.0134906768798828 0.301422119140625 0.496185302734375
-0.0504150390625 -0.0265350341796875 -0.24114990234375 0.6527099609375
-0.0179634094238281 -0.06561279296875 -0.77587890625 0.39263916015625
0.00827455520629883 -0.000548362731933594 -0.663330078125 -0.0267944335937501
0.0350303649902344 0.052581787109375 0.0695571899414063 0.112777709960938
0.0350437164306641 0.0179386138916016 0.78863525390625 0.021484375
0.00571823120117188 -0.0251235961914063 0.68560791015625 -0.58807373046875
-0.0298080444335937 -0.0203208923339844 -0.0610961914062499 -0.7374267578125
-0.0192756652832031 -0.00226974487304688 -0.483001708984375 -0.32342529296875
0.00359535217285156 0.0241050720214844 -0.418853759765625 0.001953125
0.00834083557128906 0.0275325775146484 -0.141036987304688 0.192459106445313
0.00327825546264648 -0.00853586196899414 0.0690155029296875 0.165237426757812
0.0157451629638672 -0.00452899932861328 -0.049774169921875 -0.131233215332031
0.0110092163085938 0.03057861328125 0.197738647460938 -0.07708740234375
0.0193672180175781 0.0367393493652344 0.374664306640625 0.14923095703125
-0.0163192749023438 0.0249977111816406 0.2830810546875 0.5101318359375
-0.05316162109375 -0.0209693908691406 -0.2701416015625 0.64892578125
-0.0213699340820313 -0.0682373046875 -0.79620361328125 0.3656005859375
0.0110979080200195 -0.00393009185791016 -0.65606689453125 -0.0421142578125
0.0432281494140625 0.0486564636230469 0.089019775390625 0.114112854003906
0.0361328125 0.00924301147460937 0.79522705078125 -0.00537109375
-0.000513076782226564 -0.0253124237060547 0.66107177734375 -0.60699462890625
-0.0308666229248047 -0.0129737854003906 -0.0882568359375001 -0.72930908203125
-0.0126190185546875 0.00461292266845703 -0.489471435546875 -0.302978515625
0.0157585144042969 0.0288143157958984 -0.417449951171875 0.0157470703124999
0.0201988220214844 0.0275554656982422 -0.135650634765625 0.192840576171875
0.00752830505371094 -0.0151605606079102 0.071990966796875 0.163116455078125
0.0216884613037109 -0.0101642608642578 -0.046905517578125 -0.134666442871094
0.0220718383789063 0.0308113098144531 0.197738647460938 -0.07550048828125
0.0292587280273437 0.04180908203125 0.372589111328125 0.157470703125
-0.0125617980957031 0.0337123870849609 0.275909423828125 0.519439697265625
-0.0553512573242188 -0.0172691345214844 -0.28466796875 0.64678955078125
-0.0205154418945312 -0.0718002319335938 -0.80291748046875 0.3531494140625
0.0248298645019531 -0.00663185119628906 -0.647216796875 -0.04632568359375
0.0608596801757812 0.0482826232910156 0.106109619140625 0.119010925292969
0.0453376770019531 0.00216293334960938 0.8040771484375 -0.0196533203125
-0.00447845458984375 -0.0276317596435547 0.64910888671875 -0.6181640625
-0.0312747955322266 -0.00660896301269531 -0.0980224609374999 -0.72552490234375
-0.00566387176513672 0.0124616622924805 -0.490264892578125 -0.291534423828125
0.0257053375244141 0.0316734313964844 -0.415924072265625 0.0227966308593751
0.0314197540283203 0.0246734619140625 -0.131622314453125 0.188186645507813
0.0122928619384766 -0.0206661224365234 0.0735626220703125 0.157638549804687
0.0276374816894531 -0.0141944885253906 -0.04547119140625 -0.138351440429688
0.0313606262207031 0.0296096801757813 0.199310302734375 -0.080718994140625
0.0391044616699219 0.0478706359863281 0.375701904296875 0.154998779296875
-0.007049560546875 0.04302978515625 0.282012939453125 0.52105712890625
-0.0555343627929687 -0.0127105712890625 -0.27655029296875 0.6533203125
-0.0180816650390625 -0.074859619140625 -0.79376220703125 0.35980224609375
0.0394363403320313 -0.0107650756835938 -0.63800048828125 -0.0378417968750001
0.0810928344726563 0.048553466796875 0.114181518554688 0.121315002441406
0.0559196472167969 -0.00225067138671875 0.812255859375 -0.01568603515625
-0.00230979919433594 -0.0300369262695313 0.6624755859375 -0.61395263671875
-0.0308036804199219 -0.00274276733398438 -0.0877685546875 -0.7261962890625
3.62396240234374E-05 0.0179901123046875 -0.485748291015625 -0.29376220703125
0.0345592498779297 0.0319557189941406 -0.41326904296875 0.01708984375
0.0419464111328125 0.0209541320800781 -0.130615234375 0.182205200195313
0.0180072784423828 -0.0263214111328125 0.0801544189453125 0.152572631835937
0.0323104858398438 -0.0175609588623047 -0.0431976318359375 -0.145843505859375
0.0377693176269531 0.0275688171386719 0.2025146484375 -0.0893096923828125
0.0437965393066406 0.0493507385253906 0.3829345703125 0.14556884765625
-0.00302886962890625 0.04693603515625 0.301025390625 0.5146484375
-0.0551986694335938 -0.00864028930664063 -0.24884033203125 0.66107177734375
-0.0140380859375 -0.0764617919921875 -0.76953125 0.3870849609375
0.0559616088867188 -0.0136909484863281 -0.62957763671875 -0.0231323242187499
0.103172302246094 0.0533218383789063 0.11163330078125 0.124580383300781
0.0696640014648438 -0.00286483764648438 0.8206787109375 0.00341796875
0.00146293640136719 -0.031494140625 0.6884765625 -0.5977783203125
-0.0298538208007812 -0.000711441040039066 -0.061279296875 -0.73046875
0.00380134582519532 0.0225925445556641 -0.475494384765625 -0.308349609375
0.03851318359375 0.0346031188964844 -0.411468505859375 0.00518798828124996
0.0474586486816406 0.0199737548828125 -0.131439208984375 0.171157836914063
0.0228862762451172 -0.0290279388427734 0.0840301513671875 0.146102905273438
-0.000990390777587891 0.00749588012695312 -0.0511016845703125 -0.148681640625
-0.0174045562744141 0.0274810791015625 0.20196533203125 -0.11639404296875
-0.018524169921875 0.0206451416015625 0.40087890625 0.069549560546875
-0.0335636138916016 0.00341415405273438 0.376922607421875 0.42877197265625
-0.0419921875 -0.0324325561523438 -0.10955810546875 0.6680908203125
0.000610351562500007 -0.0669288635253906 -0.67108154296875 0.50189208984375
0.0351676940917969 0.00617218017578125 -0.67041015625 0.0496215820312498
0.0531463623046875 0.0709991455078125 0.0157089233398437 0.113143920898437
0.0617752075195313 0.0417213439941406 0.7835693359375 0.1358642578125
0.0383148193359375 -0.0211296081542969 0.80926513671875 -0.4708251953125
-0.0147781372070312 -0.039794921875 0.0775146484375 -0.75531005859375
-0.0324535369873047 -0.0213871002197266 -0.426544189453125 -0.40478515625
-0.0207099914550781 0.0107765197753906 -0.414703369140625 -0.060943603515625
-0.0110225677490234 0.0260982513427734 -0.147323608398438 0.165740966796875
-0.000897645950317383 0.00411653518676758 0.0787353515625 0.155807495117188
0.000761985778808593 0.00579500198364258 -0.0497665405273438 -0.1402587890625
-0.0151634216308594 0.0280513763427734 0.200714111328125 -0.10308837890625
-0.0126018524169922 0.0218124389648438 0.396514892578125 0.08880615234375
-0.0313854217529297 0.00282669067382813 0.352630615234375 0.448272705078125
-0.043975830078125 -0.0308494567871094 -0.15380859375 0.66424560546875
-0.00692367553710937 -0.0654678344726563 -0.7086181640625 0.4666748046875
0.019317626953125 0.00767135620117188 -0.67352294921875 0.02264404296875
0.038238525390625 0.0654258728027344 0.0265884399414063 0.108482360839844
0.0479621887207031 0.0357437133789062 0.78167724609375 0.096435546875
0.0251979827880859 -0.0223159790039063 0.76654052734375 -0.511962890625
-0.0204734802246094 -0.0355873107910156 0.03070068359375 -0.75140380859375
-0.0326366424560547 -0.0174751281738281 -0.448699951171875 -0.38250732421875
-0.0152997970581055 0.0151662826538086 -0.420196533203125 -0.0401000976562499
-0.00834846496582031 0.0281009674072266 -0.148300170898437 0.177352905273438
-0.000345170497894287 0.000723838806152344 0.0731201171875 0.1595458984375
0.00350117683410645 0.00285935401916504 -0.0510635375976563 -0.136604309082031
-0.00804328918457031 0.0292205810546875 0.201126098632813 -0.0929718017578125
-0.00268173217773438 0.0249366760253906 0.388031005859375 0.111602783203125
-0.0267066955566406 0.00716781616210938 0.32574462890625 0.472686767578125
-0.0471649169921875 -0.0275344848632812 -0.200927734375 0.65655517578125
-0.0125694274902344 -0.0641365051269531 -0.7452392578125 0.4278564453125
0.0102987289428711 0.00456523895263672 -0.6744384765625 -0.00537109374999993
0.0310592651367188 0.0566673278808594 0.0442428588867187 0.109649658203125
0.0392646789550781 0.0260772705078125 0.78594970703125 0.05712890625
0.01629638671875 -0.0248584747314453 0.72406005859375 -0.54974365234375
-0.0265102386474609 -0.0270862579345703 -0.0188598632812499 -0.7459716796875
-0.0270023345947266 -0.00994682312011719 -0.469329833984375 -0.351654052734375
-0.00728416442871094 0.0187473297119141 -0.420440673828125 -0.01751708984375
0.000833511352539065 0.0283985137939453 -0.144317626953125 0.187026977539063
-0.000852584838867188 -0.00384235382080078 0.0703277587890625 0.166000366210938
0.00920963287353516 0.000429153442382813 -0.0509796142578125 -0.131095886230469
0.00148582458496094 0.0319328308105469 0.199356079101563 -0.0825653076171875
0.00653648376464844 0.0303363800048828 0.38079833984375 0.132415771484375
-0.0217685699462891 0.0138034820556641 0.29925537109375 0.496826171875
-0.0498237609863281 -0.0249862670898438 -0.2437744140625 0.65130615234375
-0.0182533264160156 -0.0661849975585938 -0.77569580078125 0.38720703125
0.0075068473815918 0.00172758102416992 -0.6646728515625 -0.0262451171875
0.0342750549316406 0.052459716796875 0.0683517456054687 0.111320495605469
0.0353050231933594 0.0164985656738281 0.789306640625 0.02203369140625
0.00406265258789062 -0.0241813659667969 0.68231201171875 -0.5850830078125
-0.0297927856445312 -0.0205345153808594 -0.06390380859375 -0.73583984375
-0.0211563110351563 -0.00193214416503906 -0.48193359375 -0.32232666015625
0.0040740966796875 0.0240974426269531 -0.419586181640625 0.00292968750000001
0.00929832458496093 0.0282459259033203 -0.141281127929688 0.191131591796875
0.00246429443359375 -0.0104513168334961 0.0682220458984375 0.165145874023438
0.0139617919921875 -0.00524616241455078 -0.0475006103515625 -0.132247924804688
0.0111732482910156 0.0301990509033203 0.19793701171875 -0.076995849609375
0.0186290740966797 0.0344467163085938 0.3751220703125 0.14813232421875
-0.0162830352783203 0.0234127044677734 0.282958984375 0.50958251953125
-0.0534820556640625 -0.021728515625 -0.272216796875 0.64703369140625
-0.02142333984375 -0.0691604614257813 -0.795654296875 0.36187744140625
0.0107326507568359 -0.00376224517822266 -0.65728759765625 -0.0411987304687501
0.0421943664550781 0.0492668151855469 0.0886917114257812 0.114891052246094
0.0363273620605469 0.00948333740234375 0.79339599609375 -0.004150390625
-0.00099372863769531 -0.0250835418701172 0.66162109375 -0.60546875
-0.0325412750244141 -0.0129547119140625 -0.08837890625 -0.72808837890625
-0.0116777420043945 0.00382518768310547 -0.490142822265625 -0.30169677734375
0.0157833099365234 0.0268230438232422 -0.41766357421875 0.01806640625
0.0196533203125 0.0270881652832031 -0.136001586914063 0.192153930664062
0.00716590881347656 -0.0144386291503906 0.07086181640625 0.164642333984375
0.0207118988037109 -0.0104885101318359 -0.0477676391601562 -0.133346557617188
0.0223255157470703 0.0307750701904297 0.198593139648438 -0.07568359375
0.0298995971679688 0.0422935485839844 0.37298583984375 0.155670166015625
-0.0104942321777344 0.0329818725585937 0.2755126953125 0.51953125
-0.0546188354492188 -0.0176048278808594 -0.28399658203125 0.6478271484375
-0.0217666625976563 -0.071197509765625 -0.80133056640625 0.3515625
0.0249214172363281 -0.00637245178222656 -0.64630126953125 -0.0484619140625001
0.0611228942871094 0.047882080078125 0.10479736328125 0.118247985839844
0.0444488525390625 0.00236892700195313 0.80120849609375 -0.017578125
-0.00442314147949219 -0.0273284912109375 0.65106201171875 -0.6173095703125
-0.0315876007080078 -0.00745582580566405 -0.0955810546875 -0.72601318359375
-0.00528144836425781 0.0121650695800781 -0.490936279296875 -0.2933349609375
0.0257472991943359 0.0306968688964844 -0.4161376953125 0.0225219726562501
0.0304069519042969 0.0231513977050781 -0.133529663085937 0.187744140625
0.0114498138427734 -0.0214576721191406 0.07440185546875 0.158248901367188
0.0283660888671875 -0.0146236419677734 -0.0441436767578125 -0.1383056640625
0.0312080383300781 0.0303821563720703 0.201141357421875 -0.0794830322265625
0.0380821228027344 0.0478858947753906 0.374908447265625 0.155731201171875
-0.008026123046875 0.0426101684570313 0.28216552734375 0.520599365234375
-0.0561065673828125 -0.0120811462402344 -0.27655029296875 0.6531982421875
-0.0189208984375 -0.0740966796875 -0.79345703125 0.35906982421875
0.0399703979492188 -0.0106697082519531 -0.63739013671875 -0.0407714843749999
0.0823135375976563 0.0486907958984375 0.111831665039062 0.121391296386719
0.05621337890625 -0.00231552124023438 0.81036376953125 -0.016357421875
-0.00378227233886719 -0.0290489196777344 0.6627197265625 -0.61279296875
-0.0299549102783203 -0.00177764892578125 -0.08709716796875 -0.7269287109375
0.00084686279296875 0.0177841186523438 -0.48626708984375 -0.293853759765625
0.0347709655761719 0.0329132080078125 -0.41339111328125 0.018798828125
0.0411643981933594 0.0207328796386719 -0.130783081054688 0.181167602539062
0.0174694061279297 -0.026214599609375 0.0786895751953125 0.153091430664063
0.0330753326416016 -0.0179195404052734 -0.04327392578125 -0.14556884765625
0.0384063720703125 0.0283927917480469 0.202682495117187 -0.08905029296875
0.0452957153320313 0.0501022338867188 0.3817138671875 0.1441650390625
-0.00286483764648437 0.0474128723144531 0.300811767578125 0.51470947265625
-0.0546875 -0.00836944580078124 -0.246826171875 0.66082763671875
-0.0158843994140625 -0.076446533203125 -0.7701416015625 0.3858642578125
0.0559883117675781 -0.0129432678222656 -0.62908935546875 -0.0235595703124999
0.102523803710938 0.051513671875 0.112709045410156 0.126182556152344
0.0706100463867188 -0.0029296875 0.81988525390625 0.00396728515625
0.001129150390625 -0.0298671722412109 0.68853759765625 -0.59637451171875
-0.0300140380859375 0.000551223754882818 -0.0608520507812501 -0.7296142578125
0.0042724609375 0.0223712921142578 -0.476470947265625 -0.308349609375
0.0404739379882813 0.0351066589355469 -0.411102294921875 0.00646972656249991
0.0470924377441406 0.0205039978027344 -0.130905151367188 0.172073364257813
0.0225505828857422 -0.0282211303710938 0.083831787109375 0.146163940429688
-0.00268983840942383 0.0074620246887207 -0.05035400390625 -0.148406982421875
-0.0156307220458984 0.0275611877441406 0.202362060546875 -0.115509033203125
-0.0179309844970703 0.0208950042724609 0.40008544921875 0.068878173828125
-0.0347957611083984 0.00277328491210938 0.3773193359375 0.429443359375
-0.0433616638183594 -0.0315399169921875 -0.11175537109375 0.66986083984375
-0.000366210937499994 -0.0671119689941406 -0.6734619140625 0.5030517578125
0.0341987609863281 0.00545310974121094 -0.6695556640625 0.0505981445312501
0.0527877807617187 0.0725326538085938 0.0144271850585938 0.111274719238281
0.0629119873046875 0.0423164367675781 0.78228759765625 0.13714599609375
0.0388565063476563 -0.0212364196777344 0.810546875 -0.47076416015625
-0.0146903991699219 -0.0381546020507813 0.0804443359375001 -0.75604248046875
-0.0321979522705078 -0.021697998046875 -0.42828369140625 -0.4071044921875
-0.0206317901611328 0.0112533569335938 -0.416168212890625 -0.060699462890625
-0.0122356414794922 0.0260524749755859 -0.149307250976562 0.166610717773438
-0.00207686424255371 0.0035395622253418 0.0799407958984375 0.157058715820313
-0.000924587249755859 0.00635099411010742 -0.0516281127929688 -0.139854431152344
-0.0145225524902344 0.0288105010986328 0.203521728515625 -0.103103637695312
-0.0139369964599609 0.0227375030517578 0.395843505859375 0.09063720703125
-0.0340309143066406 0.002716064453125 0.352447509765625 0.452606201171875
-0.0460968017578125 -0.0313224792480469 -0.152099609375 0.66705322265625
-0.00697326660156249 -0.0643424987792969 -0.712646484375 0.4681396484375
0.0191535949707031 0.00646018981933594 -0.67510986328125 0.02166748046875
0.039459228515625 0.0643348693847656 0.026153564453125 0.108299255371094
0.0491180419921875 0.0347747802734375 0.78338623046875 0.100830078125
0.0263004302978516 -0.0214481353759766 0.76904296875 -0.5113525390625
-0.0206832885742188 -0.0354461669921875 0.0318603515625 -0.7550048828125
-0.0302371978759766 -0.0171585083007812 -0.44866943359375 -0.3826904296875
-0.0157232284545898 0.0144577026367187 -0.42138671875 -0.04168701171875
-0.00780296325683593 0.0275135040283203 -0.149765014648437 0.17694091796875
-0.00117731094360352 0.00214624404907227 0.0733184814453125 0.161865234375
0.00300168991088867 0.00278592109680176 -0.0505294799804687 -0.13421630859375
-0.00790596008300781 0.0302963256835938 0.200546264648438 -0.090576171875
-0.00387001037597656 0.0246715545654297 0.387237548828125 0.11065673828125
-0.0261154174804688 0.00843048095703125 0.325408935546875 0.475067138671875
-0.0472335815429688 -0.0272789001464844 -0.200927734375 0.6585693359375
-0.0137786865234375 -0.0632362365722656 -0.7464599609375 0.42828369140625
0.00965785980224609 0.00323677062988281 -0.67181396484375 -0.00701904296875004
0.030792236328125 0.0567207336425781 0.0464859008789062 0.108757019042969
0.038238525390625 0.0268821716308594 0.7840576171875 0.058837890625
0.0152797698974609 -0.0237998962402344 0.72406005859375 -0.550048828125
-0.0251979827880859 -0.0279979705810547 -0.01629638671875 -0.74755859375
-0.0272083282470703 -0.0116462707519531 -0.4676513671875 -0.351654052734375
-0.00634384155273437 0.0198974609375 -0.42333984375 -0.01580810546875
-0.000890731811523435 0.0287380218505859 -0.146896362304687 0.186004638671875
-0.00124406814575195 -0.00344276428222656 0.06805419921875 0.166534423828125
0.00804805755615235 -0.000119209289550781 -0.0495834350585938 -0.13006591796875
0.00176048278808594 0.031219482421875 0.202392578125 -0.08148193359375
0.00575065612792969 0.0291576385498047 0.381134033203125 0.132904052734375
-0.0231075286865234 0.0131912231445313 0.29852294921875 0.498809814453125
-0.0507850646972656 -0.0250587463378906 -0.24578857421875 0.653076171875
-0.01806640625 -0.0646209716796875 -0.77978515625 0.38885498046875
0.00681018829345703 0.000657081604003906 -0.66522216796875 -0.03125
0.0337181091308594 0.0511283874511719 0.0676422119140625 0.112388610839844
0.0369415283203125 0.0175933837890625 0.78863525390625 0.0225830078125
0.00532913208007812 -0.0238094329833984 0.6849365234375 -0.58404541015625
-0.0303592681884766 -0.0196266174316406 -0.0599365234375 -0.7384033203125
-0.0198116302490234 -0.00209426879882812 -0.483642578125 -0.324310302734375
0.00531196594238281 0.0224628448486328 -0.421417236328125 0.00454711914062504
0.0100631713867187 0.02783203125 -0.14276123046875 0.191329956054688
0.00316476821899414 -0.00862884521484375 0.06817626953125 0.166183471679688
0.0146760940551758 -0.00514984130859375 -0.0487518310546875 -0.129684448242188
0.0113544464111328 0.0324363708496094 0.199432373046875 -0.0754241943359375
0.0190849304199219 0.0361442565917969 0.374267578125 0.1466064453125
-0.0173377990722656 0.0232563018798828 0.282989501953125 0.510894775390625
-0.0544776916503906 -0.0206527709960938 -0.2728271484375 0.6461181640625
-0.0227546691894531 -0.0674819946289063 -0.79705810546875 0.36224365234375
0.0121288299560547 -0.00382614135742188 -0.65576171875 -0.0441284179687499
0.0413131713867188 0.0477676391601563 0.0864715576171875 0.114906311035156
0.0374107360839844 0.00890350341796875 0.7916259765625 -0.0028076171875
-0.00121688842773437 -0.0242710113525391 0.661865234375 -0.6065673828125
-0.0306816101074219 -0.0118904113769531 -0.0864868164062499 -0.73193359375
-0.0121974945068359 0.0055999755859375 -0.48944091796875 -0.304107666015625
0.0154056549072266 0.0270252227783203 -0.41949462890625 0.01800537109375
0.0223026275634766 0.0259494781494141 -0.136474609375 0.192581176757812
0.00618267059326172 -0.0144309997558594 0.069000244140625 0.165435791015625
0.0218772888183594 -0.0100917816162109 -0.0468215942382813 -0.132835388183594
0.0223598480224609 0.0320758819580078 0.2001953125 -0.0766754150390625
0.0298881530761719 0.042816162109375 0.37152099609375 0.156219482421875
-0.0126457214355469 0.0337123870849609 0.27581787109375 0.5206298828125
-0.0559501647949219 -0.0172691345214844 -0.28564453125 0.6485595703125
-0.0230484008789063 -0.0716781616210938 -0.80426025390625 0.34906005859375
0.0245552062988281 -0.00697708129882812 -0.645751953125 -0.04949951171875
0.0606460571289063 0.0480728149414063 0.103324890136719 0.118614196777344
0.044219970703125 0.00260543823242188 0.80218505859375 -0.0174560546875
-0.00307655334472656 -0.0268745422363281 0.650390625 -0.61663818359375
-0.0320854187011719 -0.00749015808105469 -0.09490966796875 -0.726318359375
-0.00552845001220703 0.0122737884521484 -0.49200439453125 -0.292236328125
0.025543212890625 0.0297451019287109 -0.417144775390625 0.023651123046875
0.0314102172851562 0.0237598419189453 -0.13330078125 0.188796997070313
0.0120964050292969 -0.0203609466552734 0.07342529296875 0.159088134765625
0.02801513671875 -0.0149192810058594 -0.0455703735351563 -0.138153076171875
0.0329074859619141 0.0308418273925781 0.202133178710938 -0.0790557861328125
0.0396575927734375 0.0470085144042969 0.3758544921875 0.154571533203125
-0.00807952880859375 0.042938232421875 0.280792236328125 0.522216796875
-0.0570297241210938 -0.0112152099609375 -0.28021240234375 0.65350341796875
-0.0193099975585938 -0.0739593505859375 -0.795654296875 0.36029052734375
0.0394744873046875 -0.00922012329101562 -0.63677978515625 -0.04241943359375
0.0818099975585938 0.048095703125 0.111976623535156 0.121353149414063
0.0560150146484375 -0.00111770629882813 0.813232421875 -0.01318359375
-0.00252532958984375 -0.0290031433105469 0.66204833984375 -0.6134033203125
-0.0300331115722656 -0.00214004516601563 -0.08599853515625 -0.727783203125
0.000667572021484374 0.0178108215332031 -0.486907958984375 -0.294342041015625
0.0339527130126953 0.0326805114746094 -0.416412353515625 0.018829345703125
0.0413665771484375 0.0209884643554688 -0.131790161132812 0.182373046875
0.0172786712646484 -0.0255641937255859 0.078765869140625 0.15484619140625
0.0319290161132813 -0.0182952880859375 -0.0420379638671875 -0.144561767578125
0.0406990051269531 0.0284309387207031 0.2027587890625 -0.0882568359375
0.0459022521972656 0.0493316650390625 0.3829345703125 0.143646240234375
-0.00400161743164063 0.04754638671875 0.299560546875 0.51507568359375
-0.0549201965332031 -0.00677108764648437 -0.2496337890625 0.66314697265625
-0.016021728515625 -0.0752792358398438 -0.77215576171875 0.3856201171875
0.0565147399902344 -0.0126495361328125 -0.6298828125 -0.0256347656250001
0.102378845214844 0.0515670776367188 0.111396789550781 0.12347412109375
0.0702285766601563 -0.00316619873046875 0.81787109375 0.004150390625
0.001861572265625 -0.0320377349853516 0.6904296875 -0.59716796875
-0.0295753479003906 -0.00136566162109375 -0.05694580078125 -0.7333984375
0.00424575805664063 0.0214653015136719 -0.47650146484375 -0.3082275390625
0.0400772094726563 0.0350837707519531 -0.41259765625 0.00631713867187506
0.0484352111816406 0.0199623107910156 -0.132659912109375 0.17315673828125
0.0213508605957031 -0.0297794342041016 0.0821685791015625 0.146881103515625
-0.00263452529907226 0.00717306137084961 -0.0497589111328125 -0.147659301757813
-0.0143795013427734 0.0289268493652344 0.204605102539063 -0.114456176757813
-0.0175838470458984 0.0203781127929688 0.401458740234375 0.0665283203125
-0.0347995758056641 0.00302505493164062 0.378692626953125 0.431976318359375
-0.0432472229003906 -0.0312080383300781 -0.1103515625 0.6707763671875
-0.00109100341796875 -0.0654525756835938 -0.6741943359375 0.50311279296875
0.0344505310058594 0.00773239135742187 -0.67047119140625 0.0466918945312499
0.0516357421875 0.0718917846679688 0.0136260986328125 0.110748291015625
0.0626869201660156 0.0419120788574219 0.7841796875 0.139892578125
0.038787841796875 -0.0216293334960938 0.81353759765625 -0.47076416015625
-0.0152969360351563 -0.0397796630859375 0.0814208984375 -0.75982666015625
-0.03216552734375 -0.0220699310302734 -0.429168701171875 -0.410430908203125
-0.0203323364257813 0.0114574432373047 -0.417724609375 -0.0620117187499999
-0.0104198455810547 0.0252685546875 -0.149993896484375 0.167694091796875
-0.00201416015625 0.00383591651916504 0.0800323486328125 0.158187866210938
-0.000390052795410156 0.00606918334960938 -0.048919677734375 -0.141021728515625
-0.0123348236083984 0.0293140411376953 0.203689575195313 -0.104141235351563
-0.0121517181396484 0.0212783813476563 0.396820068359375 0.08941650390625
-0.0320911407470703 0.00346565246582031 0.35211181640625 0.4537353515625
-0.044403076171875 -0.0301017761230469 -0.15594482421875 0.66815185546875
-0.00826644897460937 -0.0642013549804688 -0.714111328125 0.46600341796875
0.019500732421875 0.00653076171875 -0.677001953125 0.0198974609375
0.0372772216796875 0.064422607421875 0.0245590209960938 0.10809326171875
0.0473136901855469 0.0359115600585938 0.78509521484375 0.10223388671875
0.0269985198974609 -0.0223865509033203 0.7734375 -0.51226806640625
-0.0209693908691406 -0.0338459014892578 0.0339355468749999 -0.7567138671875
-0.0304946899414062 -0.0189437866210937 -0.450897216796875 -0.383941650390625
-0.0157203674316406 0.0150442123413086 -0.423248291015625 -0.0404357910156251
-0.00744819641113281 0.0281314849853516 -0.150588989257813 0.17791748046875
-0.00243997573852539 0.00148701667785645 0.0735626220703125 0.162063598632813
0.00317478179931641 0.00420546531677246 -0.0504074096679687 -0.135093688964844
-0.00665473937988282 0.0306663513183594 0.202651977539062 -0.090728759765625
-0.00385093688964844 0.0246486663818359 0.388427734375 0.1109619140625
-0.0275306701660156 0.00658416748046875 0.327423095703125 0.475982666015625
-0.0490226745605469 -0.0272407531738281 -0.20233154296875 0.66009521484375
-0.013885498046875 -0.0635566711425781 -0.75146484375 0.42779541015625
0.00934219360351563 0.00332736968994141 -0.673583984375 -0.00756835937499997
0.0304679870605469 0.0576553344726563 0.045440673828125 0.108940124511719
0.0389060974121094 0.02606201171875 0.78704833984375 0.0604248046875
0.0149440765380859 -0.0232391357421875 0.7276611328125 -0.5521240234375
-0.0254707336425781 -0.0278472900390625 -0.0169067382812499 -0.7503662109375
-0.02618408203125 -0.0111236572265625 -0.469635009765625 -0.353271484375
-0.00638961791992188 0.0189990997314453 -0.424530029296875 -0.015655517578125
0.00026702880859375 0.0274696350097656 -0.147232055664062 0.186752319335937
-0.00155377388000488 -0.00270557403564453 0.069671630859375 0.16717529296875
0.00658845901489258 0.000357151031494141 -0.0487747192382812 -0.131721496582031
0.0019073486328125 0.0312404632568359 0.204055786132813 -0.082366943359375
0.00627708435058594 0.0298957824707031 0.381011962890625 0.13360595703125
-0.0234260559082031 0.0149707794189453 0.30047607421875 0.500213623046875
-0.051727294921875 -0.0243148803710938 -0.24627685546875 0.65484619140625
-0.0191497802734375 -0.0643310546875 -0.78173828125 0.38848876953125
0.00679826736450195 0.000917911529541016 -0.6676025390625 -0.0326538085937499
0.0320663452148438 0.0516891479492187 0.0672531127929688 0.111824035644531
0.0362014770507813 0.0175056457519531 0.7901611328125 0.02496337890625
0.00452995300292969 -0.0247116088867188 0.68890380859375 -0.58642578125
-0.0303020477294922 -0.0212802886962891 -0.0592041015625 -0.74249267578125
-0.0189056396484375 -0.00312042236328125 -0.484222412109375 -0.325531005859375
0.00405693054199219 0.0229320526123047 -0.422760009765625 0.00433349609374993
0.0108203887939453 0.0278511047363281 -0.143569946289063 0.19219970703125
0.00151729583740234 -0.0078892707824707 0.068878173828125 0.166778564453125
0.0140504837036133 -0.00463771820068359 -0.0488967895507812 -0.130683898925781
0.0119762420654297 0.0326976776123047 0.201461791992188 -0.0763702392578125
0.0194358825683594 0.0351524353027344 0.376220703125 0.148101806640625
-0.0171413421630859 0.0238304138183594 0.283233642578125 0.514617919921875
-0.0553474426269531 -0.0203056335449219 -0.27520751953125 0.6488037109375
-0.0227508544921875 -0.0667686462402344 -0.8001708984375 0.36083984375
0.0115737915039062 -0.00433540344238281 -0.6580810546875 -0.0469360351562499
0.0441360473632813 0.0476837158203125 0.0870437622070313 0.114532470703125
0.0365943908691406 0.00794219970703125 0.793701171875 -0.00201416015625
-0.00157737731933594 -0.0253334045410156 0.664306640625 -0.6094970703125
-0.03070068359375 -0.0131168365478516 -0.0855712890625 -0.73248291015625
-0.0118856430053711 0.00506210327148437 -0.491943359375 -0.3046875
0.016815185546875 0.0263690948486328 -0.42095947265625 0.0179748535156251
0.0210781097412109 0.0266799926757812 -0.139266967773438 0.193756103515625
0.00631618499755859 -0.0150442123413086 0.0712738037109375 0.166763305664063
0.0209445953369141 -0.00996017456054688 -0.0456695556640625 -0.133438110351563
0.0226974487304687 0.0317726135253906 0.201736450195313 -0.07568359375
0.0306739807128906 0.0426597595214844 0.374053955078125 0.156646728515625
-0.0117435455322266 0.0338077545166016 0.27581787109375 0.52398681640625
-0.0552711486816406 -0.0154495239257812 -0.28857421875 0.64947509765625
-0.0227737426757812 -0.0709686279296875 -0.80596923828125 0.35089111328125
0.0241146087646484 -0.00627326965332031 -0.6480712890625 -0.0512084960937499
0.0615653991699219 0.0476455688476562 0.102165222167969 0.117362976074219
0.0445671081542969 0.0029144287109375 0.8037109375 -0.015625
-0.00501060485839844 -0.026458740234375 0.65576171875 -0.6175537109375
-0.0319461822509766 -0.00713348388671875 -0.0927734375 -0.728515625
-0.00476646423339844 0.010899543762207 -0.494659423828125 -0.295013427734375
0.0263633728027344 0.0289287567138672 -0.419036865234375 0.0231933593750001
0.0323581695556641 0.0241470336914063 -0.136474609375 0.18994140625
0.01141357421875 -0.0206871032714844 0.072998046875 0.161453247070313
0.0281257629394531 -0.0140666961669922 -0.0450515747070312 -0.137504577636719
0.0334854125976563 0.0312576293945313 0.203384399414063 -0.079437255859375
0.0397186279296875 0.047454833984375 0.378082275390625 0.15472412109375
-0.00796890258789063 0.0418815612792969 0.28265380859375 0.5242919921875
-0.0568733215332031 -0.0115318298339844 -0.2803955078125 0.65478515625
-0.020660400390625 -0.072265625 -0.7998046875 0.35650634765625
0.0385551452636719 -0.0089874267578125 -0.63812255859375 -0.0444335937499999
0.08074951171875 0.0483016967773438 0.111099243164063 0.121566772460938
0.0562362670898438 -0.001953125 0.8125 -0.0118408203125
-0.0037384033203125 -0.0295524597167969 0.66644287109375 -0.614990234375
-0.0305824279785156 -0.00318717956542969 -0.0850830078124999 -0.7310791015625
0.00143814086914063 0.0165853500366211 -0.488525390625 -0.29656982421875
0.0349693298339844 0.0322303771972656 -0.4176025390625 0.0191650390625
0.0420722961425781 0.0205917358398438 -0.13360595703125 0.182998657226563
0.0154018402099609 -0.0255508422851563 0.0791778564453125 0.1553955078125
0.0313358306884766 -0.0176010131835938 -0.0425262451171875 -0.145370483398438
0.0406112670898438 0.0292739868164063 0.205245971679688 -0.087127685546875
0.0455207824707031 0.0484657287597656 0.38446044921875 0.1439208984375
-0.00398635864257812 0.0487403869628906 0.301025390625 0.517242431640625
-0.0563621520996094 -0.00719070434570312 -0.2518310546875 0.66534423828125
-0.0168304443359375 -0.0748825073242188 -0.77777099609375 0.3836669921875
0.0539321899414062 -0.011505126953125 -0.63238525390625 -0.0273437499999999
0.101646423339844 0.0517120361328125 0.110359191894531 0.123428344726563
0.0705795288085937 -0.002288818359375 0.8212890625 0.00738525390625
0.00162124633789063 -0.0314254760742188 0.693359375 -0.59942626953125
-0.0292854309082031 -0.000574111938476562 -0.05810546875 -0.73663330078125
0.00460624694824219 0.0225257873535156 -0.4774169921875 -0.31060791015625
0.0386428833007813 0.0346717834472656 -0.416595458984375 0.006256103515625
0.0469093322753906 0.0201683044433594 -0.133377075195313 0.174057006835937
0.0214977264404297 -0.0280799865722656 0.0832672119140625 0.148269653320312
-0.00284719467163086 0.00747442245483398 -0.048980712890625 -0.14886474609375
-0.0145664215087891 0.0295295715332031 0.207962036132812 -0.1148681640625
-0.0182304382324219 0.0210838317871094 0.404205322265625 0.068389892578125
-0.0355987548828125 0.00238037109375 0.3798828125 0.434722900390625
-0.0445556640625 -0.0308303833007812 -0.1143798828125 0.67535400390625
-0.00255584716796875 -0.0661659240722656 -0.68115234375 0.50506591796875
0.0334339141845703 0.00699043273925781 -0.6748046875 0.0455932617187501
0.053192138671875 0.072784423828125 0.0120162963867188 0.110359191894531
0.06146240234375 0.0417900085449219 0.7862548828125 0.14105224609375
0.0395050048828125 -0.0211753845214844 0.81927490234375 -0.47210693359375
-0.0147895812988281 -0.0401420593261719 0.085205078125 -0.76397705078125
-0.0321407318115234 -0.0215950012207031 -0.42962646484375 -0.411529541015625
-0.0204257965087891 0.0106239318847656 -0.42205810546875 -0.060546875
-0.0104408264160156 0.0258007049560547 -0.151275634765625 0.168075561523437
-0.00213193893432617 0.00387477874755859 0.0778350830078125 0.159133911132813
-0.00108575820922852 0.00553417205810547 -0.0503997802734375 -0.141525268554688
-0.0124721527099609 0.0295467376708984 0.204498291015625 -0.103302001953125
-0.0114593505859375 0.0230350494384766 0.397552490234375 0.09033203125
-0.0328769683837891 0.00401878356933593 0.355804443359375 0.45599365234375
-0.0448684692382813 -0.0292549133300781 -0.1553955078125 0.672119140625
-0.00887298583984376 -0.0638084411621094 -0.72039794921875 0.46856689453125
0.0186710357666016 0.00787544250488281 -0.68084716796875 0.0185546874999999
0.0364303588867188 0.0638923645019531 0.024810791015625 0.107627868652344
0.0481414794921875 0.0353431701660156 0.785888671875 0.10345458984375
0.0265541076660156 -0.0218257904052734 0.77777099609375 -0.512451171875
-0.0208587646484375 -0.0352630615234375 0.03619384765625 -0.76434326171875
-0.0296363830566406 -0.0184364318847656 -0.45245361328125 -0.38671875
-0.0156145095825195 0.0145225524902344 -0.425933837890625 -0.040252685546875
-0.007293701171875 0.0262279510498047 -0.1519775390625 0.178939819335938
-0.00349926948547363 0.00136899948120117 0.0730133056640625 0.164703369140625
0.00166749954223633 0.0043637752532959 -0.050079345703125 -0.135490417480469
-0.00736808776855469 0.0306797027587891 0.204208374023437 -0.092559814453125
-0.0027008056640625 0.0246601104736328 0.39056396484375 0.112060546875
-0.0282573699951172 0.006866455078125 0.32867431640625 0.47930908203125
-0.0485649108886719 -0.0279121398925781 -0.20587158203125 0.666015625
-0.0158195495605469 -0.0628890991210938 -0.75689697265625 0.42803955078125
0.00864553451538086 0.00449514389038086 -0.67767333984375 -0.00830078125000009
0.0295372009277344 0.0563583374023438 0.043487548828125 0.109092712402344
0.0399246215820313 0.0266571044921875 0.7886962890625 0.06378173828125
0.0140476226806641 -0.0223007202148438 0.73150634765625 -0.55511474609375
-0.0259037017822266 -0.0287532806396484 -0.01678466796875 -0.75421142578125
-0.0255794525146484 -0.00989913940429688 -0.472320556640625 -0.356475830078125
-0.00597000122070313 0.01910400390625 -0.427764892578125 -0.016021728515625
0.00045204162597656 0.0288906097412109 -0.147613525390625 0.187942504882813
-0.00351095199584961 -0.00433492660522461 0.0700225830078125 0.1685791015625
0.00711536407470703 -0.000168800354003906 -0.0494155883789063 -0.132278442382813
0.00255584716796875 0.0316429138183594 0.204483032226563 -0.0814208984375
0.00672149658203125 0.0284862518310547 0.382232666015625 0.13262939453125
-0.0219669342041016 0.0140743255615234 0.30078125 0.501800537109375
-0.0525398254394531 -0.0246353149414063 -0.2491455078125 0.6568603515625
-0.0196952819824219 -0.0637092590332031 -0.78741455078125 0.3902587890625
0.0071253776550293 0.00182771682739258 -0.67218017578125 -0.0332641601562501
0.0326766967773437 0.0527191162109375 0.0665740966796875 0.110488891601563
0.0360755920410156 0.0176010131835938 0.79254150390625 0.02618408203125
0.00532341003417969 -0.0246028900146484 0.6937255859375 -0.5914306640625
-0.0308036804199219 -0.0216274261474609 -0.057861328125 -0.74810791015625
-0.0209789276123047 -0.00383758544921875 -0.487457275390625 -0.32598876953125
0.00412750244140625 0.0229110717773438 -0.426239013671875 0.00427246093749993
0.00980377197265625 0.0282096862792969 -0.1451416015625 0.194366455078125
7.82012939453131E-05 -0.00885105133056641 0.069061279296875 0.168777465820313
0.0150184631347656 -0.00513458251953125 -0.0475616455078125 -0.131256103515625
0.0139522552490234 0.0336875915527344 0.20355224609375 -0.0763702392578125
0.0191841125488281 0.0356292724609375 0.37774658203125 0.14898681640625
-0.0177078247070312 0.0253925323486328 0.28533935546875 0.515899658203125
-0.0563430786132813 -0.0203323364257813 -0.27825927734375 0.654296875
-0.0224189758300781 -0.0660285949707031 -0.8065185546875 0.363037109375
0.0111455917358398 -0.00424575805664063 -0.6591796875 -0.0499877929687501
0.0412445068359375 0.047515869140625 0.0864486694335938 0.113838195800781
0.0367050170898437 0.010589599609375 0.7984619140625 -0.000549316406249999
-0.00158119201660156 -0.0257968902587891 0.66973876953125 -0.6123046875
-0.0310745239257812 -0.0126953125 -0.08575439453125 -0.73883056640625
-0.0118122100830078 0.0064544677734375 -0.494903564453125 -0.3074951171875
0.0151081085205078 0.0262088775634766 -0.42413330078125 0.019195556640625
0.0220127105712891 0.0252723693847656 -0.138702392578125 0.193130493164063
0.00521945953369141 -0.0138998031616211 0.0685272216796875 0.167037963867188
0.0204658508300781 -0.009521484375 -0.04608154296875 -0.133064270019531
0.0251903533935547 0.0330410003662109 0.203659057617188 -0.07537841796875
0.0309295654296875 0.0423049926757812 0.37664794921875 0.15521240234375
-0.0124588012695313 0.0334033966064453 0.2764892578125 0.5264892578125
-0.0574226379394531 -0.0158462524414062 -0.29150390625 0.653564453125
-0.0226478576660156 -0.0691337585449219 -0.81298828125 0.3505859375
0.0231380462646484 -0.00655937194824219 -0.65118408203125 -0.053955078125
0.0606536865234375 0.0473175048828125 0.102500915527344 0.116775512695313
0.0455665588378906 0.00294113159179687 0.80767822265625 -0.01495361328125
-0.00491714477539063 -0.0261497497558594 0.65960693359375 -0.62274169921875
-0.0318450927734375 -0.00684928894042969 -0.09381103515625 -0.736328125
-0.00477313995361328 0.0122489929199219 -0.496124267578125 -0.2960205078125
0.0266685485839844 0.0288314819335938 -0.421630859375 0.0218505859375001
0.0331058502197266 0.0247058868408203 -0.136016845703125 0.19189453125
0.010345458984375 -0.0213623046875 0.0729217529296875 0.163604736328125
0.0271015167236328 -0.015380859375 -0.0431976318359375 -0.139419555664063
0.0340747833251953 0.0317325592041016 0.205184936523438 -0.0803680419921875
0.0397491455078125 0.0466270446777344 0.379913330078125 0.155517578125
-0.00857925415039063 0.042724609375 0.285491943359375 0.527557373046875
-0.0580329895019531 -0.0109786987304688 -0.28436279296875 0.6585693359375
-0.0198898315429687 -0.072509765625 -0.80499267578125 0.36212158203125
0.0386581420898438 -0.0095977783203125 -0.642578125 -0.0453491210937499
0.080963134765625 0.04815673828125 0.110687255859375 0.121177673339844
0.0562286376953125 -0.00181961059570313 0.8162841796875 -0.01226806640625
-0.004669189453125 -0.0286216735839844 0.6712646484375 -0.61767578125
-0.0315399169921875 -0.00223159790039063 -0.0841674804687499 -0.73492431640625
0.000858306884765626 0.0180702209472656 -0.490692138671875 -0.29949951171875
0.0353126525878906 0.031524658203125 -0.420623779296875 0.01861572265625
0.0420570373535156 0.0215377807617188 -0.13446044921875 0.183609008789062
0.0145339965820313 -0.0253505706787109 0.0790252685546875 0.157196044921875
0.0315837860107422 -0.0183639526367188 -0.042724609375 -0.1463623046875
0.039886474609375 0.0298500061035156 0.207595825195313 -0.08856201171875
0.0460166931152344 0.0483055114746094 0.386566162109375 0.144256591796875
-0.00481796264648437 0.0477333068847656 0.303070068359375 0.519744873046875
-0.055389404296875 -0.00752639770507813 -0.25341796875 0.66845703125
-0.0167922973632813 -0.0736007690429688 -0.78271484375 0.38641357421875
0.0547904968261719 -0.0128173828125 -0.6353759765625 -0.03045654296875
0.102241516113281 0.0512466430664063 0.1099853515625 0.125167846679688
0.0708847045898438 -0.0034332275390625 0.8258056640625 0.00604248046875
0.00121879577636719 -0.0315341949462891 0.69793701171875 -0.6002197265625
-0.0306053161621094 0.000701904296874999 -0.05694580078125 -0.74114990234375
0.00425148010253907 0.0220451354980469 -0.479217529296875 -0.312408447265625
0.0392570495605469 0.0342483520507813 -0.419464111328125 0.00543212890625006
0.0481414794921875 0.0206642150878906 -0.13531494140625 0.173934936523438
0.0216007232666016 -0.0279979705810547 0.0808563232421875 0.150299072265625
-0.00311946868896484 0.00760173797607422 -0.0497589111328125 -0.14959716796875
-0.013702392578125 0.0293254852294922 0.210784912109375 -0.11627197265625
-0.0179557800292969 0.0217552185058594 0.40740966796875 0.068023681640625
-0.0355567932128906 0.00416946411132813 0.38336181640625 0.4376220703125
-0.0443229675292969 -0.0302047729492187 -0.1153564453125 0.6805419921875
-0.003021240234375 -0.0655403137207031 -0.6859130859375 0.50689697265625
0.0334548950195312 0.006927490234375 -0.68023681640625 0.0429687499999999
0.0520858764648438 0.0724105834960938 0.01165771484375 0.111030578613281
0.0622596740722656 0.0426254272460938 0.7918701171875 0.14312744140625
0.0382308959960938 -0.0209846496582031 0.824462890625 -0.47515869140625
-0.0154876708984375 -0.0390625 0.08563232421875 -0.77032470703125
-0.0314769744873047 -0.024169921875 -0.432586669921875 -0.416412353515625
-0.0207252502441406 0.0100250244140625 -0.42523193359375 -0.0599060058593749
-0.0107135772705078 0.0256729125976562 -0.151824951171875 0.169769287109375
-0.00319957733154297 0.00567197799682617 0.08050537109375 0.161376953125
-0.000912189483642577 0.00727605819702148 -0.0499725341796875 -0.14263916015625
-0.0118350982666016 0.0316886901855469 0.20916748046875 -0.103179931640625
-0.0114078521728516 0.0223274230957031 0.40087890625 0.090118408203125
-0.0330829620361328 0.00389480590820312 0.35888671875 0.45953369140625
-0.0475654602050781 -0.0299530029296875 -0.158447265625 0.67645263671875
-0.00978851318359375 -0.0639877319335938 -0.72430419921875 0.4739990234375
0.0181198120117188 0.00681877136230469 -0.68511962890625 0.0152587890625
0.0363273620605469 0.0650062561035156 0.023406982421875 0.108192443847656
0.0482940673828125 0.03643798828125 0.79150390625 0.10400390625
0.0265674591064453 -0.0218391418457031 0.78253173828125 -0.51849365234375
-0.0223045349121094 -0.0347995758056641 0.0372314453125 -0.76812744140625
-0.0302696228027344 -0.0185737609863281 -0.454986572265625 -0.391265869140625
-0.0155506134033203 0.0139827728271484 -0.430267333984375 -0.0408935546875001
-0.00718498229980469 0.0280895233154297 -0.153228759765625 0.180801391601563
-0.0032193660736084 0.000942468643188477 0.072052001953125 0.165130615234375
0.000549912452697754 0.00192844867706299 -0.049713134765625 -0.135513305664063
-0.00645828247070312 0.0322341918945313 0.207565307617188 -0.09326171875
-0.00323677062988281 0.0233802795410156 0.392425537109375 0.1116943359375
-0.0289802551269531 0.00773048400878906 0.331634521484375 0.48431396484375
-0.0493850708007813 -0.0275039672851563 -0.20574951171875 0.6700439453125
-0.0149040222167969 -0.0645294189453125 -0.76239013671875 0.43218994140625
0.00808811187744141 0.00376558303833008 -0.6817626953125 -0.01177978515625
0.0302162170410156 0.0570869445800781 0.0438079833984375 0.108367919921875
0.0391845703125 0.0266952514648437 0.79254150390625 0.0635986328125
0.0134773254394531 -0.0218544006347656 0.738037109375 -0.55889892578125
-0.0256233215332031 -0.0284290313720703 -0.0147094726562501 -0.76214599609375
-0.0269374847412109 -0.0106830596923828 -0.47467041015625 -0.35943603515625
-0.0056915283203125 0.0190849304199219 -0.43096923828125 -0.016143798828125
0.00153350830078125 0.0282154083251953 -0.15032958984375 0.191513061523437
-0.00298047065734863 -0.00329303741455078 0.070159912109375 0.17022705078125
0.00790691375732422 0.000174045562744141 -0.04931640625 -0.133102416992188
0.00246238708496094 0.0327548980712891 0.207000732421875 -0.0828399658203125
0.00854110717773438 0.0287113189697266 0.38726806640625 0.131378173828125
-0.0219173431396484 0.0145969390869141 0.305145263671875 0.50506591796875
-0.0515365600585938 -0.0252113342285156 -0.2520751953125 0.6636962890625
-0.0194282531738281 -0.0636405944824219 -0.7955322265625 0.39208984375
0.00668954849243164 0.000457286834716797 -0.67645263671875 -0.0367431640625001
0.031829833984375 0.0527305603027344 0.065582275390625 0.111175537109375
0.0357742309570313 0.0183753967285156 0.79986572265625 0.0262451171875
0.00465965270996094 -0.0243492126464844 0.70147705078125 -0.5941162109375
-0.0294475555419922 -0.0208206176757812 -0.0587158203125 -0.75286865234375
-0.0197257995605469 -0.00285530090332031 -0.48944091796875 -0.329864501953125
0.00426864624023438 0.0231246948242188 -0.430999755859375 0.00546264648437494
0.00962066650390625 0.0284061431884766 -0.146560668945313 0.19561767578125
0.000224113464355469 -0.00789642333984375 0.0683441162109375 0.17218017578125
0.0122299194335938 -0.00535964965820313 -0.047882080078125 -0.132133483886719
0.0137042999267578 0.0342922210693359 0.205276489257812 -0.0762939453125
0.018341064453125 0.0356636047363281 0.38079833984375 0.1505126953125
-0.0188999176025391 0.0243549346923828 0.286956787109375 0.52032470703125
-0.0559577941894531 -0.0193939208984375 -0.2794189453125 0.6585693359375
-0.0230026245117188 -0.0649528503417969 -0.81365966796875 0.364990234375
0.00984287261962891 -0.00294780731201172 -0.6650390625 -0.05133056640625
0.0419158935546875 0.0476493835449219 0.0866546630859375 0.114753723144531
0.0388641357421875 0.01007080078125 0.80377197265625 0.000427246093750001
-0.00219917297363281 -0.0262088775634766 0.674560546875 -0.61553955078125
-0.0312366485595703 -0.0124645233154297 -0.0865478515625 -0.74468994140625
-0.0122566223144531 0.00428390502929688 -0.49700927734375 -0.31024169921875
0.0163383483886719 0.0263290405273438 -0.4285888671875 0.0196533203125
0.0216732025146484 0.0277996063232422 -0.141311645507812 0.19677734375
0.00405597686767578 -0.014495849609375 0.069671630859375 0.169235229492188
0.020233154296875 -0.0106124877929688 -0.0469741821289062 -0.134933471679687
0.0253047943115234 0.0332298278808594 0.206695556640625 -0.076019287109375
0.0292472839355469 0.0431175231933594 0.3798828125 0.15655517578125
-0.0138168334960938 0.0336780548095703 0.278900146484375 0.53118896484375
-0.0585670471191406 -0.0167007446289063 -0.29412841796875 0.65716552734375
-0.0231399536132813 -0.0696067810058594 -0.82025146484375 0.35296630859375
0.0228366851806641 -0.00636482238769531 -0.655029296875 -0.0554199218750001
0.0607376098632812 0.046966552734375 0.100799560546875 0.117919921875
0.0445632934570313 0.002838134765625 0.812255859375 -0.0135498046875
-0.00469970703125 -0.0270023345947266 0.66534423828125 -0.62579345703125
-0.0318794250488281 -0.00733757019042968 -0.09478759765625 -0.74114990234375
-0.00447750091552734 0.0111055374145508 -0.500030517578125 -0.300048828125
0.0267066955566406 0.0294876098632813 -0.426910400390625 0.024078369140625
0.0322189331054688 0.0229434967041016 -0.13775634765625 0.1944580078125
0.00830078125 -0.0218486785888672 0.0731201171875 0.164657592773438
0.0263957977294922 -0.0150737762451172 -0.0420150756835937 -0.139564514160156
0.034637451171875 0.0309944152832031 0.208480834960938 -0.080169677734375
0.0401039123535156 0.0472602844238281 0.383148193359375 0.15533447265625
-0.00896072387695312 0.04278564453125 0.287017822265625 0.531341552734375
-0.0585861206054688 -0.0113983154296875 -0.28594970703125 0.66448974609375
-0.0218353271484375 -0.0713043212890625 -0.81317138671875 0.3631591796875
0.0391311645507813 -0.008544921875 -0.64801025390625 -0.0485229492187499
0.0812911987304688 0.0471343994140625 0.111274719238281 0.120765686035156
0.0562744140625 -0.00152206420898438 0.82080078125 -0.01092529296875
-0.00399208068847657 -0.0290336608886719 0.675048828125 -0.6240234375
-0.0320529937744141 -0.00183677673339844 -0.0849609374999999 -0.7425537109375
0.00130081176757813 0.0176429748535156 -0.495086669921875 -0.30010986328125
0.0355796813964844 0.0322380065917969 -0.4259033203125 0.0194091796875001
0.0425033569335938 0.0217552185058594 -0.13604736328125 0.186111450195313
0.0151939392089844 -0.0256671905517578 0.0784759521484375 0.159194946289063
0.0312442779541016 -0.017913818359375 -0.040985107421875 -0.14556884765625
0.0410079956054688 0.0297355651855469 0.210601806640625 -0.0888824462890625
0.045257568359375 0.0494918823242188 0.389923095703125 0.14501953125
-0.00574111938476563 0.0493354797363281 0.306182861328125 0.52325439453125
-0.0578727722167969 -0.00675582885742187 -0.25592041015625 0.67352294921875
-0.018035888671875 -0.0729827880859375 -0.7882080078125 0.3892822265625
0.0549850463867188 -0.0126075744628906 -0.6414794921875 -0.0316162109375001
0.101638793945313 0.052459716796875 0.109657287597656 0.125320434570313
0.0701217651367188 -0.00148773193359375 0.83087158203125 0.0084228515625
4.00543212890617E-05 -0.0310497283935547 0.7022705078125 -0.60577392578125
-0.0301933288574219 -0.000818252563476564 -0.0577392578125 -0.7470703125
0.00382423400878906 0.0231361389160156 -0.48291015625 -0.316314697265625
0.0398712158203125 0.0334014892578125 -0.422698974609375 0.00680541992187498
0.0504684448242188 0.0195884704589844 -0.138015747070313 0.17572021484375
0.0211048126220703 -0.0294227600097656 0.0829315185546875 0.15106201171875
-0.002960205078125 0.00766563415527344 -0.0495452880859375 -0.152191162109375
-0.0143203735351562 0.0300483703613281 0.21240234375 -0.117996215820313
-0.0174617767333984 0.0196323394775391 0.4100341796875 0.067352294921875
-0.0370712280273438 0.00423431396484374 0.388702392578125 0.440673828125
-0.0460662841796875 -0.0305519104003906 -0.11370849609375 0.68841552734375
-0.00204467773437501 -0.0658988952636719 -0.693115234375 0.51312255859375
0.0318717956542969 0.00738906860351563 -0.686767578125 0.0451660156249999
0.0528106689453125 0.073394775390625 0.0115890502929688 0.109916687011719
0.0631141662597656 0.0411720275878906 0.798828125 0.143310546875
0.0389633178710938 -0.0218391418457031 0.83099365234375 -0.47979736328125
-0.0157737731933594 -0.0404434204101563 0.0867309570312499 -0.7777099609375
-0.0331859588623047 -0.0229110717773437 -0.43792724609375 -0.41754150390625
-0.0201854705810547 0.0100917816162109 -0.430511474609375 -0.060089111328125
-0.0109119415283203 0.0260124206542969 -0.1541748046875 0.171630859375
-0.00342059135437012 0.00382041931152344 0.08123779296875 0.162811279296875
-0.00160503387451172 0.00656318664550781 -0.0510406494140625 -0.143463134765625
-0.0113239288330078 0.0309600830078125 0.211639404296875 -0.105865478515625
-0.0132389068603516 0.0221920013427734 0.40399169921875 0.08880615234375
-0.0345554351806641 0.00372314453125001 0.36334228515625 0.464569091796875
-0.048248291015625 -0.0304031372070313 -0.15802001953125 0.6824951171875
-0.00933837890625 -0.0625495910644531 -0.73126220703125 0.47686767578125
0.0172500610351563 0.007415771484375 -0.69091796875 0.0166625976562499
0.036529541015625 0.0659027099609375 0.023834228515625 0.107284545898438
0.0502243041992188 0.0344696044921875 0.79766845703125 0.10552978515625
0.026641845703125 -0.0221290588378906 0.78955078125 -0.5225830078125
-0.0218772888183594 -0.0346240997314453 0.0354614257812501 -0.7769775390625
-0.0321273803710937 -0.0178241729736328 -0.46014404296875 -0.392730712890625
-0.0167961120605469 0.01287841796875 -0.436126708984375 -0.04034423828125
-0.0064697265625 0.0269489288330078 -0.153518676757813 0.181655883789063
-0.00458955764770508 0.00155401229858399 0.073211669921875 0.168533325195313
0.00229907035827637 0.00319147109985352 -0.0496902465820313 -0.136825561523438
-0.00586509704589844 0.0330429077148438 0.209381103515625 -0.0943145751953125
-0.00393104553222656 0.0216045379638672 0.39642333984375 0.113616943359375
-0.0294551849365234 0.00909996032714844 0.335235595703125 0.48748779296875
-0.0496673583984375 -0.0274620056152344 -0.2083740234375 0.677490234375
-0.0167160034179687 -0.0628395080566406 -0.76971435546875 0.4368896484375
0.00923061370849609 0.00401115417480469 -0.6885986328125 -0.0136108398437501
0.0300788879394531 0.0569000244140625 0.0422134399414063 0.109657287597656
0.0392303466796875 0.0268058776855469 0.79998779296875 0.06396484375
0.0132007598876953 -0.0230045318603516 0.7432861328125 -0.56365966796875
-0.0267429351806641 -0.0287036895751953 -0.0163574218749999 -0.76922607421875
-0.026123046875 -0.0123271942138672 -0.479156494140625 -0.361358642578125
-0.00711822509765625 0.0184135437011719 -0.43603515625 -0.0139770507812499
0.00111579895019531 0.0291767120361328 -0.150848388671875 0.191757202148438
-0.00337648391723633 -0.00182962417602539 0.06939697265625 0.172088623046875
0.00504589080810547 0.000363349914550781 -0.0488662719726562 -0.13427734375
0.00353240966796875 0.0327644348144531 0.21075439453125 -0.08331298828125
0.00816726684570312 0.0303153991699219 0.39080810546875 0.133270263671875
-0.0242118835449219 0.0144500732421875 0.30828857421875 0.50994873046875
-0.0537376403808594 -0.0229034423828125 -0.25323486328125 0.66943359375
-0.0208282470703125 -0.0634956359863281 -0.8023681640625 0.39495849609375
0.00627899169921875 0.00253391265869141 -0.68035888671875 -0.03662109375
0.0327720642089844 0.0523300170898437 0.0689315795898438 0.11212158203125
0.0359611511230469 0.0178489685058594 0.80548095703125 0.02667236328125
0.00391387939453125 -0.0235538482666016 0.70355224609375 -0.60015869140625
-0.0295944213867188 -0.0207328796386719 -0.05853271484375 -0.75885009765625
-0.0203208923339844 -0.00319099426269531 -0.494354248046875 -0.33245849609375
0.00461959838867188 0.0233669281005859 -0.43756103515625 0.00704956054687503
0.0108146667480469 0.028778076171875 -0.147354125976563 0.1973876953125
0.000503063201904297 -0.0076603889465332 0.068695068359375 0.172393798828125
0.0141897201538086 -0.00516033172607422 -0.04791259765625 -0.132499694824219
0.0155143737792969 0.0355262756347656 0.208602905273438 -0.0782012939453125
0.0200080871582031 0.0362358093261719 0.383270263671875 0.1494140625
-0.0192279815673828 0.0244121551513672 0.291259765625 0.524505615234375
-0.0561599731445313 -0.0171546936035156 -0.28289794921875 0.6669921875
-0.0241470336914063 -0.066070556640625 -0.82135009765625 0.36859130859375
0.0106296539306641 -0.00203418731689453 -0.6729736328125 -0.0521240234375001
0.0408058166503906 0.0460357666015625 0.0864028930664063 0.115684509277344
0.0392532348632812 0.0104942321777344 0.80999755859375 -0.0015869140625
-0.00190925598144531 -0.0242919921875 0.678955078125 -0.62176513671875
-0.0331134796142578 -0.0122413635253906 -0.0870361328125001 -0.751953125
-0.0129251480102539 0.00398921966552735 -0.5030517578125 -0.310638427734375
0.0171089172363281 0.0258560180664062 -0.432861328125 0.02020263671875
0.0229339599609375 0.0273170471191406 -0.142120361328125 0.1978759765625
0.00290966033935547 -0.01434326171875 0.0705108642578125 0.1710205078125
0.0198898315429688 -0.00976371765136719 -0.0463485717773438 -0.135337829589844
0.0250759124755859 0.0326900482177734 0.210647583007812 -0.077301025390625
0.0306816101074219 0.0424385070800781 0.382110595703125 0.15863037109375
-0.0136623382568359 0.03448486328125 0.28375244140625 0.535797119140625
-0.0579833984375 -0.0155487060546875 -0.29437255859375 0.66412353515625
-0.0231437683105469 -0.0689048767089844 -0.82757568359375 0.3577880859375
0.0231456756591797 -0.0055999755859375 -0.661865234375 -0.05560302734375
0.0604629516601562 0.0464630126953125 0.102149963378906 0.117942810058594
0.0450630187988281 0.00229644775390625 0.81622314453125 -0.0142822265625
-0.00438690185546875 -0.0271148681640625 0.67041015625 -0.6326904296875
-0.0326900482177734 -0.00633811950683594 -0.0963134765625 -0.74884033203125
-0.00404453277587891 0.0111570358276367 -0.5048828125 -0.301239013671875
0.0262737274169922 0.0304012298583984 -0.43292236328125 0.02520751953125
0.0335311889648438 0.0257282257080078 -0.139938354492187 0.194931030273438
0.00820541381835938 -0.0207786560058594 0.0733795166015625 0.166366577148437
0.0271778106689453 -0.0142230987548828 -0.0440902709960938 -0.14056396484375
0.0367240905761719 0.03277587890625 0.210220336914063 -0.0808868408203125
0.0407295227050781 0.0471572875976563 0.385986328125 0.156585693359375
-0.00951766967773438 0.0430107116699219 0.28948974609375 0.53448486328125
-0.0588722229003906 -0.0100288391113281 -0.2884521484375 0.6710205078125
-0.0219802856445312 -0.0717620849609375 -0.81927490234375 0.3668212890625
0.0387954711914063 -0.008636474609375 -0.65252685546875 -0.0500488281250001
0.0822067260742188 0.0481796264648438 0.111289978027344 0.1224365234375
0.0580711364746094 -0.00290679931640625 0.8282470703125 -0.0107421875
-0.00474166870117187 -0.0280513763427734 0.6807861328125 -0.63055419921875
-0.0314769744873047 -0.00151252746582032 -0.08636474609375 -0.7493896484375
0.00103759765625 0.0168676376342773 -0.498291015625 -0.304229736328125
0.0355339050292969 0.0316543579101563 -0.43023681640625 0.0216979980468751
0.0439529418945312 0.0218238830566406 -0.137786865234375 0.188262939453125
0.0143814086914063 -0.0259151458740234 0.0789642333984375 0.160980224609375
0.0314445495605469 -0.0169391632080078 -0.04058837890625 -0.146942138671875
0.0424003601074219 0.0308341979980469 0.212615966796875 -0.09112548828125
0.0470390319824219 0.0484580993652344 0.39227294921875 0.144500732421875
-0.00510787963867187 0.0486831665039063 0.309051513671875 0.5281982421875
-0.0574569702148438 -0.00558090209960939 -0.25921630859375 0.67864990234375
-0.0179061889648437 -0.0744781494140625 -0.79559326171875 0.39337158203125
0.0545921325683594 -0.01165771484375 -0.64398193359375 -0.0311279296875001
0.10198974609375 0.0505828857421875 0.109756469726563 0.124847412109375
0.071807861328125 -0.0045318603515625 0.83660888671875 0.00762939453125
0.000698089599609373 -0.0319137573242188 0.70745849609375 -0.612548828125
-0.0307407379150391 -0.000965118408203127 -0.05816650390625 -0.7545166015625
0.00460433959960938 0.0213356018066406 -0.48712158203125 -0.317718505859375
0.0405044555664063 0.0342750549316406 -0.42889404296875 0.00881958007812506
0.0500450134277344 0.0195350646972656 -0.137649536132813 0.178268432617188
0.0202789306640625 -0.0288772583007813 0.0833892822265625 0.154144287109375
-0.00379037857055664 0.00842714309692383 -0.050445556640625 -0.151611328125
-0.0120124816894531 0.0306358337402344 0.21514892578125 -0.120437622070313
-0.018280029296875 0.022186279296875 0.416748046875 0.065704345703125
-0.0380859375 0.00503158569335938 0.39312744140625 0.445068359375
-0.0460166931152344 -0.0306243896484375 -0.1136474609375 0.6961669921875
-0.00376129150390625 -0.0660934448242187 -0.70013427734375 0.51983642578125
0.0332508087158203 0.00846290588378906 -0.6929931640625 0.0458984375000002
0.0521469116210938 0.0725479125976563 0.01214599609375 0.10968017578125
0.0628814697265625 0.04266357421875 0.80633544921875 0.14434814453125
0.0381698608398438 -0.0205039978027344 0.84075927734375 -0.486328125
-0.0155181884765625 -0.0402069091796875 0.0855712890625 -0.78753662109375
-0.0331592559814453 -0.0226287841796875 -0.444671630859375 -0.42181396484375
-0.0212287902832031 0.009674072265625 -0.436004638671875 -0.0585021972656249
-0.00893211364746094 0.0255546569824219 -0.15576171875 0.175079345703125
-0.00413918495178223 0.00436186790466309 0.08135986328125 0.1656494140625
-0.00210475921630859 0.00786161422729492 -0.0503997802734375 -0.143386840820313
-0.0103511810302734 0.0313129425048828 0.214599609375 -0.107894897460938
-0.0133647918701172 0.0227642059326172 0.408905029296875 0.0889892578125
-0.0349807739257813 0.00330924987792969 0.36761474609375 0.46820068359375
-0.0476493835449219 -0.0289077758789063 -0.15997314453125 0.6922607421875
-0.0101127624511719 -0.0628433227539063 -0.7396240234375 0.484130859375
0.0170879364013672 0.00741291046142578 -0.69873046875 0.0187988281249999
0.03704833984375 0.064453125 0.0232391357421875 0.108718872070313
0.0489234924316406 0.0349388122558594 0.80584716796875 0.10491943359375
0.0255203247070313 -0.0231800079345703 0.7967529296875 -0.5289306640625
-0.0213546752929688 -0.0354766845703125 0.0368652343749999 -0.78472900390625
-0.0309123992919922 -0.0185432434082031 -0.467041015625 -0.39617919921875
-0.0161056518554688 0.0134696960449219 -0.441619873046875 -0.0368957519531251
-0.00587654113769531 0.0275707244873047 -0.155990600585937 0.185592651367188
-0.00648069381713867 0.000841617584228515 0.075164794921875 0.16986083984375
0.0025184154510498 0.0034792423248291 -0.0503463745117187 -0.138107299804688
-0.00526237487792969 0.0333538055419922 0.213302612304687 -0.0953369140625
-0.00385856628417969 0.0239028930664063 0.403350830078125 0.11328125
-0.0290851593017578 0.00716972351074218 0.340606689453125 0.49346923828125
-0.0498237609863281 -0.027984619140625 -0.209716796875 0.68450927734375
-0.0169105529785156 -0.0638275146484375 -0.7772216796875 0.44293212890625
0.00710201263427734 0.00533485412597656 -0.69573974609375 -0.0112304687500001
0.0301437377929687 0.0565643310546875 0.0428619384765625 0.109237670898438
0.0391426086425781 0.0270919799804687 0.80615234375 0.06439208984375
0.0131244659423828 -0.0231113433837891 0.75 -0.571533203125
-0.0277729034423828 -0.0283336639404297 -0.01861572265625 -0.7772216796875
-0.0262794494628906 -0.0100555419921875 -0.4869384765625 -0.36517333984375
-0.006866455078125 0.0187549591064453 -0.44342041015625 -0.0107727050781249
0.00222587585449219 0.0294055938720703 -0.15289306640625 0.194747924804688
-0.00379014015197754 -0.0010993480682373 0.0702972412109375 0.1748046875
0.00682163238525391 0.000244617462158203 -0.0483474731445313 -0.134956359863281
0.0055084228515625 0.0327777862548828 0.212310791015625 -0.085174560546875
0.00642585754394531 0.0282917022705078 0.393402099609375 0.132965087890625
-0.0246486663818359 0.0158634185791016 0.313262939453125 0.51593017578125
-0.0518455505371094 -0.0242652893066406 -0.254638671875 0.67645263671875
-0.0198745727539062 -0.0643119812011719 -0.80889892578125 0.40240478515625
0.00698375701904297 0.00114250183105469 -0.68798828125 -0.0365600585937499
0.0328903198242188 0.0518646240234375 0.0671157836914063 0.111473083496094
0.0377159118652344 0.0181617736816406 0.81097412109375 0.02484130859375
0.00365066528320312 -0.0240077972412109 0.712158203125 -0.60809326171875
-0.0316143035888672 -0.0211772918701172 -0.060302734375 -0.7681884765625
-0.0204906463623047 -0.00409698486328125 -0.501708984375 -0.333831787109375
0.00514411926269531 0.021697998046875 -0.4410400390625 0.00903320312499995
0.0121135711669922 0.0291271209716797 -0.148483276367188 0.201095581054688
-0.00089883804321289 -0.00789070129394531 0.0694732666015625 0.174484252929688
0.0142049789428711 -0.00406837463378906 -0.0473175048828125 -0.134063720703125
0.0163211822509766 0.0350570678710938 0.21136474609375 -0.08056640625
0.0201225280761719 0.0356254577636719 0.38873291015625 0.149871826171875
-0.0188636779785156 0.0241146087646484 0.2967529296875 0.529388427734375
-0.0571784973144531 -0.01898193359375 -0.2845458984375 0.67254638671875
-0.0257530212402344 -0.0652885437011719 -0.83160400390625 0.37359619140625
0.00983619689941406 -0.00300216674804688 -0.67718505859375 -0.0523681640625
0.0435066223144531 0.0471000671386719 0.08642578125 0.115402221679688
0.0380210876464844 0.0104103088378906 0.81719970703125 -0.00140380859375
-0.00346946716308594 -0.0251846313476562 0.6842041015625 -0.63018798828125
-0.0335922241210938 -0.0132007598876953 -0.0885620117187501 -0.75994873046875
-0.0117912292480469 0.00486660003662109 -0.508697509765625 -0.3138427734375
0.0167560577392578 0.0267906188964844 -0.44036865234375 0.0221252441406251
0.0245590209960938 0.0270061492919922 -0.144500732421875 0.202011108398437
0.0019521713256836 -0.0150356292724609 0.071014404296875 0.174224853515625
0.021240234375 -0.0102863311767578 -0.0463714599609375 -0.136260986328125
0.0276584625244141 0.0337009429931641 0.211593627929688 -0.0794525146484375
0.0308074951171875 0.0416412353515625 0.387542724609375 0.156829833984375
-0.0149097442626953 0.0347633361816406 0.2882080078125 0.53887939453125
-0.05908203125 -0.0156745910644531 -0.29803466796875 0.67425537109375
-0.02471923828125 -0.0689964294433594 -0.83697509765625 0.3629150390625
0.0238418579101563 -0.00574493408203125 -0.66815185546875 -0.0574951171874999
0.0610542297363281 0.0461387634277344 0.102767944335938 0.118537902832031
0.0455131530761719 0.00284576416015625 0.825439453125 -0.015625
-0.00553512573242188 -0.0268707275390625 0.67486572265625 -0.6417236328125
-0.0336036682128906 -0.00644302368164063 -0.0967407226562501 -0.75653076171875
-0.00527858734130859 0.0121545791625977 -0.51202392578125 -0.3037109375
0.0279560089111328 0.0291996002197266 -0.437957763671875 0.028289794921875
0.0341854095458984 0.0235366821289063 -0.141448974609375 0.19781494140625
0.0078277587890625 -0.0209331512451172 0.0745697021484375 0.16949462890625
0.0276737213134766 -0.0146160125732422 -0.042938232421875 -0.141510009765625
0.0375289916992188 0.0330429077148438 0.214508056640625 -0.0836334228515625
0.0409889221191406 0.0464897155761719 0.3916015625 0.15576171875
-0.00952529907226563 0.0435676574707031 0.294921875 0.540985107421875
-0.0599517822265625 -0.0103988647460938 -0.2906494140625 0.67791748046875
-0.0229949951171875 -0.0707244873046875 -0.82904052734375 0.37286376953125
0.0392303466796875 -0.00997161865234375 -0.66033935546875 -0.0498046875
0.0827865600585937 0.0476226806640625 0.1123046875 0.122306823730469
0.0565567016601563 -0.00185775756835938 0.83648681640625 -0.0123291015625
-0.00452995300292969 -0.0296001434326172 0.68719482421875 -0.6395263671875
-0.0338840484619141 -0.00204849243164063 -0.09039306640625 -0.75665283203125
0.00227546691894531 0.0170145034790039 -0.506072998046875 -0.30560302734375
0.0354652404785156 0.0316047668457031 -0.435333251953125 0.02398681640625
0.0443954467773438 0.0222320556640625 -0.140121459960938 0.190872192382812
0.0134754180908203 -0.0248126983642578 0.0797119140625 0.163314819335938
0.0308208465576172 -0.0168724060058594 -0.0408935546875 -0.148147583007812
0.043792724609375 0.0302238464355469 0.216354370117187 -0.092315673828125
0.0469284057617188 0.0484733581542969 0.399505615234375 0.145355224609375
-0.00513458251953125 0.0484275817871094 0.313812255859375 0.532470703125
-0.0580673217773438 -0.00636291503906251 -0.2598876953125 0.68792724609375
-0.0182113647460938 -0.074615478515625 -0.8040771484375 0.400146484375
0.0541877746582031 -0.0125770568847656 -0.65228271484375 -0.03240966796875
0.103302001953125 0.051605224609375 0.110984802246094 0.125396728515625
0.0715484619140625 -0.00449371337890625 0.84490966796875 0.006103515625
1.71661376953153E-05 -0.031280517578125 0.71435546875 -0.621337890625
-0.0311355590820313 0.000150680541992187 -0.0603637695312501 -0.76336669921875
0.00557136535644531 0.0224857330322266 -0.493408203125 -0.319549560546875
0.0403213500976563 0.0344772338867188 -0.434478759765625 0.011383056640625
0.0502090454101562 0.0200119018554688 -0.139678955078125 0.179916381835938
0.0194377899169922 -0.0298881530761719 0.0834503173828125 0.155776977539063
-0.00464105606079102 0.00784444808959961 -0.0506134033203125 -0.153961181640625
-0.0122718811035156 0.0325756072998047 0.219451904296875 -0.123611450195313
-0.0188846588134766 0.0215301513671875 0.420562744140625 0.06390380859375
-0.0385360717773438 0.00419998168945312 0.399658203125 0.4498291015625
-0.0470008850097656 -0.0300445556640625 -0.1121826171875 0.70611572265625
-0.00397491455078125 -0.065948486328125 -0.7059326171875 0.5299072265625
0.0332145690917969 0.00760459899902344 -0.7022705078125 0.0484008789062499
0.0545806884765625 0.0730667114257813 0.0120010375976562 0.11126708984375
0.0636024475097656 0.0420341491699219 0.81524658203125 0.14129638671875
0.0384864807128906 -0.0207290649414063 0.845947265625 -0.4962158203125
-0.0150299072265625 -0.0396194458007812 0.0836181640625 -0.7955322265625
-0.0335006713867188 -0.0233955383300781 -0.451507568359375 -0.423187255859375
-0.0204181671142578 0.00880813598632813 -0.440399169921875 -0.0556640624999999
-0.00864601135253906 0.0256443023681641 -0.15753173828125 0.177734375
-0.00497007369995117 0.00478601455688477 0.0828399658203125 0.166885375976563
-0.00344991683959961 0.00860118865966797 -0.05035400390625 -0.145843505859375
-0.00922966003417969 0.0317745208740234 0.218429565429687 -0.11114501953125
-0.0143394470214844 0.0229167938232422 0.41448974609375 0.087310791015625
-0.035614013671875 0.0065460205078125 0.376739501953125 0.470916748046875
-0.0492362976074219 -0.0277214050292969 -0.15911865234375 0.702392578125
-0.0100822448730469 -0.0640716552734375 -0.74609375 0.49273681640625
0.0177764892578125 0.00675773620605469 -0.707275390625 0.0185546875
0.0379638671875 0.0649261474609375 0.0230865478515625 0.108146667480469
0.0500259399414063 0.0348358154296875 0.81427001953125 0.103271484375
0.0260982513427734 -0.0234909057617188 0.801513671875 -0.54010009765625
-0.0229644775390625 -0.0359764099121094 0.0364379882812501 -0.7945556640625
-0.0310192108154297 -0.0186614990234375 -0.47308349609375 -0.398193359375
-0.0160589218139648 0.0133962631225586 -0.4464111328125 -0.0367431640625
-0.005584716796875 0.0277748107910156 -0.157958984375 0.187637329101562
-0.00617170333862305 0.0011134147644043 0.07666015625 0.173721313476562
0.000921249389648437 0.00444698333740234 -0.051055908203125 -0.139472961425781
-0.00321388244628906 0.0344600677490234 0.215682983398438 -0.0987396240234375
-0.00311660766601562 0.0236530303955078 0.40789794921875 0.11212158203125
-0.0309104919433594 0.00766754150390624 0.34619140625 0.49530029296875
-0.0518875122070313 -0.0265579223632812 -0.20947265625 0.69464111328125
-0.0163192749023438 -0.0641517639160156 -0.78509521484375 0.45086669921875
0.00864028930664063 0.00469875335693359 -0.70355224609375 -0.00860595703125
0.0310745239257812 0.0550689697265625 0.0431289672851563 0.109237670898437
0.0412673950195313 0.0256233215332031 0.81597900390625 0.06146240234375
0.0143852233886719 -0.0229015350341797 0.75347900390625 -0.583740234375
-0.0269565582275391 -0.0292644500732422 -0.02215576171875 -0.78802490234375
-0.0266761779785156 -0.0113754272460937 -0.4951171875 -0.365142822265625
-0.0062103271484375 0.0165014266967773 -0.44842529296875 -0.00942993164062494
0.00252914428710938 0.0288219451904297 -0.15496826171875 0.198562622070312
-0.00516319274902344 -0.00186347961425781 0.07305908203125 0.177413940429687
0.00645208358764648 0.000353813171386719 -0.05072021484375 -0.136062622070313
0.00524520874023437 0.0346126556396484 0.216842651367187 -0.087677001953125
0.00876426696777344 0.0291843414306641 0.399383544921875 0.13262939453125
-0.0255985260009766 0.0158462524414063 0.321136474609375 0.520782470703125
-0.0536460876464844 -0.0244560241699219 -0.25390625 0.687255859375
-0.0221481323242188 -0.0632133483886719 -0.818359375 0.41064453125
0.0061802864074707 0.000555992126464844 -0.69818115234375 -0.0352783203124999
0.0339431762695313 0.0513496398925781 0.0671005249023438 0.112754821777344
0.0366020202636719 0.0171051025390625 0.821044921875 0.02239990234375
0.00407600402832031 -0.0234718322753906 0.71673583984375 -0.61895751953125
-0.0302524566650391 -0.0212821960449219 -0.06732177734375 -0.777587890625
-0.0206413269042969 -0.00270462036132812 -0.508880615234375 -0.335784912109375
0.00440216064453125 0.0222434997558594 -0.447235107421875 0.0118103027343749
0.0130252838134766 0.0286369323730469 -0.150726318359375 0.204757690429688
-0.00207281112670899 -0.00804471969604492 0.0707244873046875 0.178436279296875
0.0127811431884766 -0.00437164306640625 -0.0486907958984375 -0.136329650878906
0.0169143676757813 0.0360107421875 0.214630126953125 -0.083099365234375
0.0200824737548828 0.0346488952636719 0.393341064453125 0.149688720703125
-0.0185508728027344 0.0255069732666016 0.302825927734375 0.53668212890625
-0.0575141906738281 -0.0191268920898438 -0.286376953125 0.68280029296875
-0.0260429382324219 -0.0666084289550781 -0.83868408203125 0.3818359375
0.00983905792236328 -0.00349330902099609 -0.68585205078125 -0.05108642578125
0.0430793762207031 0.0462455749511719 0.0856399536132813 0.114692687988281
0.0378761291503906 0.00993728637695313 0.82562255859375 -0.00537109375
-0.00383567810058594 -0.02386474609375 0.690185546875 -0.642333984375
-0.0331344604492188 -0.0137405395507812 -0.094482421875 -0.77032470703125
-0.0110940933227539 0.00388240814208984 -0.514892578125 -0.31390380859375
0.0160980224609375 0.025634765625 -0.44384765625 0.02386474609375
0.0249443054199219 0.0259284973144531 -0.146697998046875 0.205184936523437
0.00256443023681641 -0.0143013000488281 0.071502685546875 0.176666259765625
0.0208797454833984 -0.0101165771484375 -0.0462646484375 -0.138282775878906
0.0282840728759766 0.0346126556396484 0.215835571289063 -0.08123779296875
0.0307235717773437 0.0425376892089844 0.393096923828125 0.158843994140625
-0.0136432647705078 0.0343208312988281 0.29425048828125 0.544769287109375
-0.0603141784667969 -0.0135955810546875 -0.3016357421875 0.68212890625
-0.0259475708007812 -0.069580078125 -0.8443603515625 0.37176513671875
0.0225925445556641 -0.00624275207519531 -0.6759033203125 -0.0539550781249999
0.0610427856445313 0.0463409423828125 0.1033935546875 0.118087768554688
0.0454139709472656 0.0025634765625 0.83306884765625 -0.01971435546875
-0.005828857421875 -0.0282535552978516 0.6805419921875 -0.65167236328125
-0.0332412719726563 -0.00752639770507813 -0.10296630859375 -0.7664794921875
-0.00368309020996094 0.0109319686889648 -0.5186767578125 -0.303375244140625
0.0288543701171875 0.0292644500732422 -0.442291259765625 0.0322570800781249
0.0347690582275391 0.0232467651367188 -0.142669677734375 0.201614379882813
0.00683784484863281 -0.0204944610595703 0.075958251953125 0.170944213867188
0.0268287658691406 -0.0137062072753906 -0.04364013671875 -0.141159057617188
0.0383377075195313 0.033477783203125 0.218093872070313 -0.086029052734375
0.0411567687988281 0.0469131469726563 0.39666748046875 0.15606689453125
-0.0102653503417969 0.0444374084472656 0.300048828125 0.547515869140625
-0.0604591369628906 -0.00966644287109375 -0.291259765625 0.68841552734375
-0.0234146118164063 -0.07196044921875 -0.836669921875 0.38134765625
0.0388336181640625 -0.00905990600585938 -0.66754150390625 -0.0474853515625001
0.0822601318359375 0.0473861694335938 0.112663269042969 0.122665405273437
0.05810546875 -0.00255203247070313 0.844482421875 -0.017333984375
-0.0037384033203125 -0.0287208557128906 0.69122314453125 -0.6478271484375
-0.0334014892578125 -0.00207138061523438 -0.0946655273437499 -0.76849365234375
0.000947952270507813 0.0180091857910156 -0.514373779296875 -0.305511474609375
0.0373687744140625 0.0317726135253906 -0.441497802734375 0.027740478515625
0.0450172424316406 0.0212211608886719 -0.141021728515625 0.194427490234375
0.0122547149658203 -0.0249176025390625 0.0810546875 0.16534423828125
0.0307769775390625 -0.0172157287597656 -0.0405731201171875 -0.148529052734375
0.0461959838867188 0.030975341796875 0.219757080078125 -0.0950775146484375
0.0478324890136719 0.0482673645019531 0.403350830078125 0.14404296875
-0.00543594360351563 0.0498008728027344 0.321075439453125 0.538421630859375
-0.0587577819824219 -0.00622940063476562 -0.26141357421875 0.6998291015625
-0.0213851928710937 -0.0747833251953125 -0.8128662109375 0.407470703125
0.054931640625 -0.0142135620117187 -0.6607666015625 -0.02935791015625
0.1046142578125 0.0504302978515625 0.113029479980469 0.125968933105469
0.0707855224609375 -0.00418853759765625 0.852783203125 0.0025634765625
-0.000255584716796874 -0.0317363739013672 0.72027587890625 -0.63323974609375
-0.0317230224609375 0.000505447387695317 -0.065185546875 -0.7747802734375
0.0045013427734375 0.0225830078125 -0.503326416015625 -0.3201904296875
0.0412025451660156 0.0346183776855469 -0.438629150390625 0.01312255859375
0.0509147644042969 0.0213775634765625 -0.1405029296875 0.182968139648438
0.0190963745117187 -0.0300331115722656 0.085052490234375 0.158721923828125
-0.00285243988037109 0.00893402099609375 -0.051483154296875 -0.155319213867188
-0.0101947784423828 0.0327129364013672 0.221023559570313 -0.12652587890625
-0.0185089111328125 0.0217609405517578 0.426666259765625 0.06182861328125
-0.0387763977050781 0.00508499145507813 0.411651611328125 0.452239990234375
-0.0481643676757812 -0.0303802490234375 -0.11053466796875 0.7147216796875
-0.00530242919921875 -0.0663795471191406 -0.7119140625 0.5390625
0.0344982147216797 0.00835800170898438 -0.71044921875 0.05181884765625
0.0529556274414063 0.07318115234375 0.0112075805664063 0.112136840820313
0.0650749206542969 0.0422019958496094 0.825439453125 0.13818359375
0.0384025573730469 -0.0227012634277344 0.8538818359375 -0.5074462890625
-0.0161895751953125 -0.039276123046875 0.0780029296875001 -0.8079833984375
-0.0340404510498047 -0.0243968963623047 -0.46142578125 -0.4263916015625
-0.0217723846435547 0.0103797912597656 -0.4493408203125 -0.0542907714843751
-0.00861358642578125 0.0258769989013672 -0.158981323242187 0.181243896484375
-0.0059666633605957 0.00520038604736328 0.084564208984375 0.168869018554688
-0.00319576263427734 0.00851774215698242 -0.0518646240234375 -0.14739990234375
-0.00890159606933594 0.0339946746826172 0.220245361328125 -0.1153564453125
-0.0133533477783203 0.0211715698242188 0.418792724609375 0.08428955078125
-0.0358695983886719 0.00510787963867187 0.3851318359375 0.474151611328125
-0.0493392944335938 -0.0279464721679688 -0.15557861328125 0.71307373046875
-0.0114250183105469 -0.0640449523925781 -0.75341796875 0.50457763671875
0.0175647735595703 0.00879669189453125 -0.71417236328125 0.0234374999999999
0.0382652282714844 0.0652542114257812 0.0232162475585938 0.108131408691406
0.04937744140625 0.0347938537597656 0.82415771484375 0.09942626953125
0.0232219696044922 -0.022674560546875 0.81005859375 -0.54901123046875
-0.0233383178710938 -0.03558349609375 0.0270996093749999 -0.8046875
-0.0326004028320313 -0.0182247161865234 -0.482391357421875 -0.39935302734375
-0.0176753997802734 0.0139217376708984 -0.453338623046875 -0.0321960449218749
-0.00589370727539063 0.0298919677734375 -0.158599853515625 0.193466186523438
-0.00670909881591797 0.00129270553588867 0.076568603515625 0.174484252929688
0.000662803649902344 0.00494670867919922 -0.0531463623046875 -0.14013671875
-0.0026702880859375 0.0328769683837891 0.2193603515625 -0.101776123046875
-0.00449180603027343 0.02520751953125 0.414886474609375 0.109649658203125
-0.0320339202880859 0.00858116149902343 0.355224609375 0.499481201171875
-0.0528450012207031 -0.0265121459960938 -0.2078857421875 0.70428466796875
-0.0178565979003906 -0.0640106201171875 -0.79229736328125 0.4619140625
0.0079350471496582 0.00615882873535156 -0.71392822265625 -0.00634765625
0.0310096740722656 0.0562515258789062 0.0436859130859375 0.109024047851563
0.0414161682128906 0.0257911682128906 0.82403564453125 0.0576171875
0.0141735076904297 -0.0232753753662109 0.76422119140625 -0.59405517578125
-0.0298290252685547 -0.0278339385986328 -0.0264892578125 -0.79656982421875
-0.0277481079101562 -0.0122737884521484 -0.502960205078125 -0.367523193359375
-0.00660324096679688 0.0179100036621094 -0.45513916015625 -0.00479125976562493
0.00331878662109375 0.0301322937011719 -0.157272338867187 0.203384399414063
-0.00539875030517578 -0.00269746780395508 0.0725250244140625 0.179595947265625
0.00410580635070801 0.00120759010314941 -0.0505142211914063 -0.137474060058594
0.0078125 0.0369644165039063 0.21893310546875 -0.091064453125
0.00871467590332031 0.0293331146240234 0.40576171875 0.13238525390625
-0.0260467529296875 0.0155887603759766 0.328155517578125 0.525604248046875
-0.0555763244628906 -0.0236015319824219 -0.25250244140625 0.69891357421875
-0.0244979858398437 -0.0644798278808594 -0.82879638671875 0.421142578125
0.00570392608642578 0.00121259689331055 -0.7054443359375 -0.0324707031249999
0.0322952270507813 0.0498542785644531 0.06744384765625 0.112228393554688
0.0365486145019531 0.0169105529785156 0.83062744140625 0.0191650390625
0.002532958984375 -0.0238265991210938 0.71990966796875 -0.631103515625
-0.0323162078857422 -0.0209999084472656 -0.06988525390625 -0.7864990234375
-0.021575927734375 -0.003997802734375 -0.519134521484375 -0.33673095703125
0.00530624389648438 0.0205059051513672 -0.45428466796875 0.016845703125
0.0138168334960938 0.029632568359375 -0.150588989257813 0.20904541015625
-0.00306224822998047 -0.00677680969238281 0.0730438232421875 0.180419921875
0.0121040344238281 -0.00385951995849609 -0.0482711791992187 -0.135986328125
0.0179977416992187 0.0358848571777344 0.218276977539063 -0.0839080810546875
0.0208663940429688 0.0338211059570313 0.4014892578125 0.146453857421875
-0.0186042785644531 0.0260028839111328 0.308441162109375 0.53985595703125
-0.0584716796875 -0.0181007385253906 -0.28363037109375 0.6951904296875
-0.0266151428222656 -0.066925048828125 -0.84747314453125 0.39288330078125
0.00887680053710937 -0.00270271301269531 -0.69598388671875 -0.0487060546875001
0.0446739196777344 0.0455513000488281 0.0886306762695313 0.115142822265625
0.0381698608398438 0.00869369506835938 0.83563232421875 -0.0103759765625
-0.0043792724609375 -0.0265903472900391 0.69427490234375 -0.6531982421875
-0.0338706970214844 -0.0123443603515625 -0.10076904296875 -0.78057861328125
-0.0127096176147461 0.0052490234375 -0.52545166015625 -0.314056396484375
0.0184688568115234 0.0249462127685547 -0.45220947265625 0.030670166015625
0.0253257751464844 0.0274181365966797 -0.145980834960938 0.210189819335937
0.00078105926513672 -0.0149431228637695 0.07366943359375 0.177978515625
0.0203227996826172 -0.00956535339355469 -0.0475616455078125 -0.139122009277344
0.0286140441894531 0.0352401733398438 0.219009399414063 -0.0846099853515625
0.0325965881347656 0.0419197082519531 0.399658203125 0.155364990234375
-0.0150642395019531 0.0352401733398438 0.3016357421875 0.55035400390625
-0.0616264343261719 -0.014251708984375 -0.29931640625 0.69500732421875
-0.0268478393554688 -0.0688018798828125 -0.85284423828125 0.38031005859375
0.0220775604248047 -0.00624275207519531 -0.68426513671875 -0.0516357421874999
0.0620765686035156 0.0470428466796875 0.104721069335938 0.119514465332031
0.0452499389648438 0.00077056884765625 0.84368896484375 -0.02447509765625
-0.00638961791992187 -0.0274543762207031 0.6844482421875 -0.66583251953125
-0.0353317260742188 -0.00628280639648437 -0.1102294921875 -0.77545166015625
-0.00474262237548828 0.0118074417114258 -0.52899169921875 -0.30377197265625
0.0281867980957031 0.0298309326171875 -0.448883056640625 0.037200927734375
0.036956787109375 0.025665283203125 -0.144561767578125 0.205062866210938
0.00590896606445312 -0.0200576782226563 0.0765380859375 0.17254638671875
0.0268478393554688 -0.0140647888183594 -0.0436553955078125 -0.143569946289062
0.0408248901367188 0.0330963134765625 0.22052001953125 -0.0888671875
0.0411567687988281 0.0472679138183594 0.40313720703125 0.15472412109375
-0.00946044921875 0.0453948974609375 0.309906005859375 0.550994873046875
-0.0617599487304688 -0.00860977172851563 -0.291259765625 0.69989013671875
-0.02362060546875 -0.0717697143554688 -0.8463134765625 0.39312744140625
0.0385894775390625 -0.01025390625 -0.67706298828125 -0.0457763671875001
0.0823898315429688 0.0473785400390625 0.115242004394531 0.121902465820313
0.0580520629882813 -0.00519180297851563 0.8544921875 -0.02130126953125
-0.00515937805175781 -0.0289287567138672 0.69622802734375 -0.66302490234375
-0.0342369079589844 -0.000194549560546868 -0.09954833984375 -0.7772216796875
0.00193500518798828 0.0162191390991211 -0.522369384765625 -0.306976318359375
0.0369720458984375 0.032501220703125 -0.447967529296875 0.0327453613281249
0.0461959838867188 0.0209999084472656 -0.142059326171875 0.198318481445313
0.0117511749267578 -0.0248622894287109 0.082733154296875 0.16741943359375
0.0312690734863281 -0.0173397064208984 -0.042572021484375 -0.152603149414063
0.0462188720703125 0.0309867858886719 0.22381591796875 -0.097869873046875
0.0487480163574219 0.0484619140625 0.408172607421875 0.14434814453125
-0.00521087646484375 0.0511894226074219 0.327911376953125 0.541473388671875
-0.0599937438964844 -0.00535202026367188 -0.25970458984375 0.71160888671875
-0.0205535888671875 -0.07330322265625 -0.82012939453125 0.4173583984375
0.0557594299316406 -0.0129470825195313 -0.66845703125 -0.0263671874999999
0.105354309082031 0.0509490966796875 0.113327026367188 0.12518310546875
0.0735931396484375 -0.00562286376953125 0.86444091796875 -0.00201416015625
0.000152587890625002 -0.0325489044189453 0.7227783203125 -0.6427001953125
-0.0332469940185547 0.000625610351562497 -0.0717163085937499 -0.78192138671875
0.00392532348632813 0.0203342437744141 -0.512664794921875 -0.322723388671875
0.0418815612792969 0.0345306396484375 -0.4443359375 0.0172424316406249
0.0515518188476563 0.0184860229492188 -0.143295288085937 0.188186645507813
0.0183162689208984 -0.0299186706542969 0.0867767333984375 0.158798217773438
-0.00367355346679687 0.00991630554199219 -0.053863525390625 -0.156326293945313
-0.0101261138916016 0.0326099395751953 0.223541259765625 -0.1322021484375
-0.0195980072021484 0.0219459533691406 0.431640625 0.059051513671875
-0.039642333984375 0.00562667846679687 0.42138671875 0.454315185546875
-0.0491905212402344 -0.02862548828125 -0.1044921875 0.7261962890625
-0.00396728515625 -0.0669631958007813 -0.71636962890625 0.55450439453125
0.0338478088378906 0.00945854187011719 -0.719482421875 0.05859375
0.05401611328125 0.0731582641601563 0.0111541748046875 0.110855102539063
0.0658607482910156 0.04248046875 0.8360595703125 0.133544921875
0.0387001037597656 -0.023101806640625 0.86114501953125 -0.52362060546875
-0.0178298950195312 -0.0400314331054688 0.0738525390624999 -0.8212890625
-0.0344619750976563 -0.0235271453857422 -0.470855712890625 -0.428131103515625
-0.0222415924072266 0.0107898712158203 -0.4561767578125 -0.0494079589843749
-0.00736045837402344 0.0259990692138672 -0.15850830078125 0.186752319335938
-0.00609159469604492 0.00603771209716797 0.0869293212890625 0.1712646484375
-0.00188207626342773 0.00805377960205078 -0.0533905029296875 -0.149383544921875
-0.00698471069335937 0.0333538055419922 0.222579956054688 -0.117782592773438
-0.0128688812255859 0.0224475860595703 0.428009033203125 0.083404541015625
-0.0370712280273438 0.00453567504882812 0.394622802734375 0.4781494140625
-0.0512962341308594 -0.0284233093261719 -0.15216064453125 0.72430419921875
-0.0121841430664063 -0.0637168884277344 -0.76019287109375 0.51727294921875
0.0180892944335938 0.00842666625976563 -0.7227783203125 0.0285034179687498
0.0372276306152344 0.0661659240722656 0.0246200561523438 0.109848022460938
0.0508041381835938 0.0341835021972656 0.83544921875 0.0928955078125
0.0266342163085938 -0.0229377746582031 0.81475830078125 -0.564697265625
-0.0225181579589844 -0.0351829528808594 0.02130126953125 -0.81591796875
-0.0333747863769531 -0.0190868377685547 -0.492828369140625 -0.399688720703125
-0.0165767669677734 0.0144462585449219 -0.4603271484375 -0.0256652832031249
-0.00342941284179688 0.0283565521240234 -0.160888671875 0.198440551757813
-0.00809860229492187 0.00281953811645508 0.080291748046875 0.176727294921875
0.000263214111328126 0.00613498687744141 -0.053619384765625 -0.143081665039062
-0.000442504882812503 0.0359420776367188 0.221420288085938 -0.10723876953125
-0.00314903259277344 0.0244827270507813 0.419586181640625 0.10711669921875
-0.0317611694335938 0.00930213928222656 0.365570068359375 0.503326416015625
-0.05279541015625 -0.0252914428710938 -0.20458984375 0.7171630859375
-0.0190773010253906 -0.0623245239257812 -0.7979736328125 0.47503662109375
0.00694990158081055 0.00580978393554688 -0.7222900390625 -0.00170898437500003
0.0321235656738281 0.0553512573242188 0.0448074340820313 0.108680725097656
0.0410232543945313 0.0255928039550781 0.83526611328125 0.05133056640625
0.0127830505371094 -0.0237522125244141 0.76470947265625 -0.609619140625
-0.0304679870605469 -0.0289649963378906 -0.03271484375 -0.80780029296875
-0.0272998809814453 -0.0121784210205078 -0.514984130859375 -0.3673095703125
-0.00655555725097656 0.0174026489257813 -0.461090087890625 -0.00158691406249999
0.00328636169433594 0.0296516418457031 -0.154922485351563 0.208938598632812
-0.00547361373901367 -0.000889778137207031 0.077056884765625 0.181228637695313
0.00566005706787109 0.00229692459106445 -0.05316162109375 -0.139404296875
0.00887489318847656 0.0343112945556641 0.222427368164063 -0.095123291015625
0.00828933715820313 0.0284366607666016 0.412872314453125 0.127838134765625
-0.0258235931396484 0.0174636840820313 0.33831787109375 0.52874755859375
-0.0552787780761719 -0.0232582092285156 -0.25213623046875 0.7115478515625
-0.0248603820800781 -0.0629997253417969 -0.83380126953125 0.43524169921875
0.00578212738037109 0.00307130813598633 -0.7138671875 -0.0261230468749999
0.0326919555664063 0.0507011413574219 0.0689163208007813 0.112335205078125
0.0366401672363281 0.016510009765625 0.8389892578125 0.0106201171875
0.00285911560058594 -0.0246448516845703 0.724853515625 -0.64630126953125
-0.0331554412841797 -0.020904541015625 -0.0787353515625 -0.7999267578125
-0.0213642120361328 -0.0049591064453125 -0.52728271484375 -0.336761474609375
0.00456619262695312 0.0222415924072266 -0.460723876953125 0.0224914550781249
0.0147781372070312 0.0286884307861328 -0.151260375976563 0.214645385742188
-0.00262784957885742 -0.00795888900756836 0.0746307373046875 0.181808471679688
0.0121927261352539 -0.00381278991699219 -0.0494461059570313 -0.137504577636719
0.0194206237792969 0.0359153747558594 0.221847534179688 -0.089324951171875
0.0196170806884766 0.0347957611083984 0.408721923828125 0.145233154296875
-0.0197124481201172 0.0269050598144531 0.319915771484375 0.54327392578125
-0.0596809387207031 -0.0188560485839844 -0.28302001953125 0.7059326171875
-0.0273895263671875 -0.0668106079101563 -0.85614013671875 0.4063720703125
0.0086359977722168 -0.00338411331176758 -0.70672607421875 -0.0431518554687502
0.0437545776367188 0.0466957092285156 0.0902786254882813 0.115509033203125
0.0389900207519531 0.00706863403320313 0.8460693359375 -0.01666259765625
-0.00243949890136719 -0.0249176025390625 0.695068359375 -0.66912841796875
-0.0336723327636719 -0.0115489959716797 -0.10845947265625 -0.790283203125
-0.0117607116699219 0.00459003448486328 -0.535858154296875 -0.315765380859375
0.0200214385986328 0.0273971557617188 -0.456878662109375 0.0360107421875001
0.0250339508056641 0.0278587341308594 -0.147125244140625 0.21429443359375
-0.000494003295898439 -0.014094352722168 0.07659912109375 0.181716918945313
0.0197792053222656 -0.00948524475097656 -0.0473785400390625 -0.1407470703125
0.031280517578125 0.0343818664550781 0.2232666015625 -0.0878753662109375
0.0322608947753906 0.0426979064941406 0.405303955078125 0.153076171875
-0.0144844055175781 0.0373191833496094 0.31195068359375 0.55328369140625
-0.0629501342773438 -0.0124053955078125 -0.29571533203125 0.70672607421875
-0.0287017822265625 -0.069122314453125 -0.86090087890625 0.39544677734375
0.0232295989990234 -0.00666046142578125 -0.694091796875 -0.0485839843749999
0.0628471374511719 0.04632568359375 0.105682373046875 0.118843078613281
0.0472564697265625 -0.000232696533203125 0.85345458984375 -0.032958984375
-0.00637054443359375 -0.0278415679931641 0.68609619140625 -0.6798095703125
-0.0342350006103516 -0.00551605224609375 -0.1185302734375 -0.78509521484375
-0.0043792724609375 0.0107660293579102 -0.5382080078125 -0.30316162109375
0.0291423797607422 0.0288600921630859 -0.456146240234375 0.0415344238281251
0.036834716796875 0.0234375 -0.145294189453125 0.209686279296875
0.00515937805175781 -0.0204582214355469 0.0795745849609375 0.17559814453125
0.0269107818603516 -0.0133571624755859 -0.04583740234375 -0.14544677734375
0.0416374206542969 0.0318412780761719 0.224334716796875 -0.092498779296875
0.0424041748046875 0.0462074279785156 0.41058349609375 0.15313720703125
-0.00971221923828125 0.0454063415527344 0.3201904296875 0.555572509765625
-0.0623207092285156 -0.0077056884765625 -0.2889404296875 0.7138671875
-0.025177001953125 -0.0714874267578125 -0.8536376953125 0.40521240234375
0.0392990112304687 -0.0097198486328125 -0.68499755859375 -0.0407104492187501
0.0837936401367188 0.0462188720703125 0.115371704101563 0.122077941894531
0.0582695007324219 -0.00529861450195313 0.86309814453125 -0.02984619140625
-0.00534439086914063 -0.0288257598876953 0.69927978515625 -0.677001953125
-0.0350170135498047 -0.0014801025390625 -0.109375 -0.7884521484375
0.00275802612304687 0.0177764892578125 -0.53289794921875 -0.305694580078125
0.0375938415527344 0.0312156677246094 -0.4544677734375 0.03765869140625
0.0474700927734375 0.0203361511230469 -0.142410278320313 0.202850341796875
0.0111103057861328 -0.0258808135986328 0.084564208984375 0.170745849609375
0.030670166015625 -0.0173931121826172 -0.043121337890625 -0.152114868164063
0.0484771728515625 0.0302352905273438 0.22735595703125 -0.101913452148438
0.0486335754394531 0.0481796264648438 0.41693115234375 0.139617919921875
-0.00629043579101563 0.0522804260253906 0.33831787109375 0.546966552734375
-0.0614776611328125 -0.00355911254882814 -0.25787353515625 0.72332763671875
-0.0220565795898438 -0.0733642578125 -0.82659912109375 0.43048095703125
0.0560798645019531 -0.0125236511230469 -0.6749267578125 -0.0213623046875001
0.105682373046875 0.0485000610351563 0.1163330078125 0.125762939453125
0.0733795166015625 -0.00701904296875 0.87188720703125 -0.00909423828125
-0.000240325927734376 -0.0313186645507813 0.72784423828125 -0.66082763671875
-0.0331954956054688 0.00106239318847657 -0.07916259765625 -0.7947998046875
0.00533866882324219 0.0222549438476563 -0.52264404296875 -0.3223876953125
0.0427932739257813 0.0331611633300781 -0.451171875 0.0242919921875
0.0538482666015625 0.0183982849121094 -0.14288330078125 0.192230224609375
0.0180492401123047 -0.0299072265625 0.0883636474609375 0.161651611328125
-0.0047760009765625 0.0118265151977539 -0.054473876953125 -0.157989501953125
-0.00875663757324219 0.0336704254150391 0.226364135742187 -0.136550903320312
-0.0186347961425781 0.0215778350830078 0.438262939453125 0.052947998046875
-0.0410270690917969 0.00652694702148438 0.43267822265625 0.45599365234375
-0.0503654479980469 -0.0296707153320312 -0.0958862304687499 0.739013671875
-0.00561904907226563 -0.0662498474121094 -0.72064208984375 0.57159423828125
0.0331859588623047 0.00951957702636719 -0.72808837890625 0.0675048828125002
0.0556106567382813 0.0731124877929688 0.0119857788085937 0.109901428222656
0.066375732421875 0.0416030883789063 0.8502197265625 0.1253662109375
0.0394210815429688 -0.0217475891113281 0.86444091796875 -0.53857421875
-0.0183181762695313 -0.039581298828125 0.0643310546875 -0.8316650390625
-0.0359611511230469 -0.0238113403320312 -0.482086181640625 -0.427459716796875
-0.0212726593017578 0.010894775390625 -0.462310791015625 -0.0416564941406249
-0.00795555114746094 0.0273933410644531 -0.15997314453125 0.190902709960938
-0.00614690780639648 0.00606918334960938 0.089263916015625 0.173095703125
-0.0047607421875 0.00889205932617188 -0.0539703369140625 -0.150161743164063
-0.00583648681640625 0.0334587097167969 0.225540161132813 -0.123641967773438
-0.0147800445556641 0.0225505828857422 0.433502197265625 0.076690673828125
-0.0382614135742188 0.00681686401367187 0.406158447265625 0.47918701171875
-0.0503005981445313 -0.0280799865722656 -0.14605712890625 0.73406982421875
-0.0127296447753906 -0.0641021728515625 -0.763427734375 0.536865234375
0.0185470581054688 0.00995063781738281 -0.73388671875 0.0350341796874999
0.0386924743652344 0.064971923828125 0.0241622924804688 0.109451293945312
0.050628662109375 0.0339317321777344 0.845703125 0.082763671875
0.0255165100097656 -0.0235614776611328 0.82049560546875 -0.583740234375
-0.0240669250488281 -0.0339260101318359 0.01324462890625 -0.8287353515625
-0.0326976776123047 -0.0189800262451172 -0.503021240234375 -0.40057373046875
-0.0159187316894531 0.013646125793457 -0.466522216796875 -0.02093505859375
-0.00326156616210938 0.0282955169677734 -0.15966796875 0.203521728515625
-0.0087122917175293 0.0035400390625 0.082550048828125 0.178176879882813
-0.000671386718750001 0.00699377059936523 -0.0551910400390625 -0.14404296875
-0.000106811523437499 0.0348873138427734 0.2255859375 -0.111419677734375
-0.00361824035644531 0.0257740020751953 0.42669677734375 0.101806640625
-0.0316314697265625 0.0119075775146484 0.37774658203125 0.506439208984375
-0.0530242919921875 -0.024810791015625 -0.1983642578125 0.72955322265625
-0.0207176208496094 -0.0623893737792969 -0.80419921875 0.4903564453125
0.00742053985595703 0.00618171691894531 -0.73333740234375 0.00604248046874989
0.0322151184082031 0.0567283630371094 0.0446319580078125 0.109901428222656
0.0419044494628906 0.0243644714355469 0.84661865234375 0.0418701171875
0.0126590728759766 -0.0235633850097656 0.7684326171875 -0.6268310546875
-0.0295772552490234 -0.0285377502441406 -0.04364013671875 -0.8209228515625
-0.0270404815673828 -0.0119667053222656 -0.52557373046875 -0.36614990234375
-0.00679779052734375 0.0188331604003906 -0.468597412109375 0.00643920898437502
0.00417709350585937 0.0286426544189453 -0.155960083007813 0.21136474609375
-0.00872993469238281 -0.00126028060913086 0.0796051025390625 0.184234619140625
0.00729227066040039 0.00238227844238281 -0.0542373657226563 -0.139320373535156
0.00925064086914063 0.0362663269042969 0.22479248046875 -0.099029541015625
0.00883293151855469 0.0288467407226563 0.419647216796875 0.126861572265625
-0.0261154174804687 0.0185813903808594 0.3514404296875 0.531341552734375
-0.0575790405273437 -0.0220184326171875 -0.2471923828125 0.72357177734375
-0.0250282287597656 -0.0632095336914063 -0.84033203125 0.450439453125
0.00510454177856445 0.00197410583496094 -0.72509765625 -0.02032470703125
0.0344161987304688 0.050933837890625 0.0693206787109375 0.111595153808594
0.0380020141601563 0.0161476135253906 0.85076904296875 0.000488281250000001
0.00384521484375 -0.0239887237548828 0.722412109375 -0.6627197265625
-0.0335216522216797 -0.0192432403564453 -0.0876464843750001 -0.80865478515625
-0.0216579437255859 -0.00421905517578125 -0.539459228515625 -0.33441162109375
0.00571632385253906 0.0229682922363281 -0.467987060546875 0.029083251953125
0.0155792236328125 0.0285301208496094 -0.152084350585938 0.217987060546875
-0.00495672225952148 -0.00606679916381836 0.07916259765625 0.184951782226563
0.0120630264282227 -0.00270462036132813 -0.0510940551757813 -0.140159606933594
0.0210762023925781 0.0366249084472656 0.223968505859375 -0.0929107666015625
0.0216178894042969 0.0354537963867188 0.41522216796875 0.141754150390625
-0.0210285186767578 0.0282211303710938 0.330902099609375 0.54669189453125
-0.0610618591308594 -0.017181396484375 -0.27813720703125 0.72021484375
-0.0293998718261719 -0.0652008056640625 -0.86322021484375 0.42230224609375
0.00969886779785156 -0.001739501953125 -0.71417236328125 -0.0375366210937498
0.0435333251953125 0.046661376953125 0.09130859375 0.115180969238281
0.0384788513183594 0.0077056884765625 0.856201171875 -0.02569580078125
-0.00591087341308594 -0.0244731903076172 0.69891357421875 -0.68560791015625
-0.0354118347167969 -0.0111427307128906 -0.11895751953125 -0.79925537109375
-0.0125637054443359 0.00405502319335938 -0.548248291015625 -0.31304931640625
0.0190544128417969 0.0256690979003906 -0.465179443359375 0.042755126953125
0.0284175872802734 0.0266551971435547 -0.146484375 0.217697143554688
-0.000441551208496095 -0.0140590667724609 0.0797271728515625 0.183914184570313
0.0203475952148438 -0.00827217102050781 -0.0498580932617188 -0.139801025390625
0.0330181121826172 0.0348262786865234 0.224884033203125 -0.0927581787109375
0.0330924987792969 0.0420188903808594 0.413818359375 0.150665283203125
-0.0166206359863281 0.0378570556640625 0.32366943359375 0.55853271484375
-0.0621757507324219 -0.0124473571777344 -0.293212890625 0.72052001953125
-0.0295066833496094 -0.0690460205078125 -0.86865234375 0.40966796875
0.0223064422607422 -0.0050506591796875 -0.703369140625 -0.0423583984374999
0.0626678466796875 0.0447502136230469 0.109336853027344 0.118278503417969
0.0471878051757813 -3.4332275390625E-05 0.86376953125 -0.0399169921875
-0.00665664672851563 -0.0274066925048828 0.68768310546875 -0.698486328125
-0.0357170104980469 -0.00429916381835938 -0.12786865234375 -0.7965087890625
-0.00423336029052734 0.0115652084350586 -0.54888916015625 -0.301422119140625
0.0299224853515625 0.0281772613525391 -0.463134765625 0.04949951171875
0.0382156372070313 0.0228500366210937 -0.144943237304688 0.216659545898437
0.00530624389648438 -0.0202846527099609 0.0826873779296875 0.177078247070313
0.0271377563476562 -0.0145931243896484 -0.0472412109375 -0.146377563476563
0.0432357788085938 0.033355712890625 0.228195190429688 -0.0967254638671875
0.0436897277832031 0.045989990234375 0.41790771484375 0.1488037109375
-0.00883865356445313 0.0459022521972656 0.331512451171875 0.559478759765625
-0.0635185241699219 -0.00815582275390626 -0.28594970703125 0.727294921875
-0.026641845703125 -0.0715255737304688 -0.8602294921875 0.42279052734375
0.0394020080566406 -0.00965499877929688 -0.69525146484375 -0.0343017578125
0.08544921875 0.0458602905273438 0.117012023925781 0.121513366699219
0.0595664978027344 -0.0062713623046875 0.87384033203125 -0.03912353515625
-0.00597381591796875 -0.0283546447753906 0.7001953125 -0.6934814453125
-0.0353202819824219 -0.00073623657226563 -0.1202392578125 -0.7979736328125
0.00250053405761719 0.0185394287109375 -0.543670654296875 -0.304046630859375
0.0396499633789063 0.0314178466796875 -0.46051025390625 0.043548583984375
0.0486259460449219 0.0203895568847656 -0.143173217773438 0.208282470703125
0.0111160278320313 -0.0244293212890625 0.0872955322265625 0.172332763671875
0.032135009765625 -0.0185527801513672 -0.0447845458984375 -0.153396606445313
0.05029296875 0.0303153991699219 0.230438232421875 -0.106582641601562
0.0490608215332031 0.0475959777832031 0.4248046875 0.136199951171875
-0.0061492919921875 0.0517349243164063 0.349761962890625 0.550445556640625
-0.062408447265625 -0.00389862060546876 -0.25323486328125 0.73492431640625
-0.0237350463867187 -0.0726089477539063 -0.83447265625 0.448486328125
0.055511474609375 -0.0132827758789063 -0.686767578125 -0.0169677734374999
0.107185363769531 0.048858642578125 0.117439270019531 0.124542236328125
0.0743865966796875 -0.00806427001953125 0.8851318359375 -0.01971435546875
-0.00180435180664062 -0.0318088531494141 0.72845458984375 -0.67724609375
-0.0341796875 0.00291252136230469 -0.08935546875 -0.8037109375
0.00566482543945312 0.0226211547851562 -0.532989501953125 -0.321319580078125
0.0446205139160156 0.0336265563964844 -0.45794677734375 0.0299072265625001
0.05517578125 0.0184135437011719 -0.143310546875 0.197402954101563
0.0168647766113281 -0.0295143127441406 0.09197998046875 0.163330078125
-0.00458145141601563 0.0124654769897461 -0.056427001953125 -0.160446166992188
-0.00751876831054687 0.0343971252441406 0.22833251953125 -0.143295288085938
-0.01983642578125 0.0222969055175781 0.445770263671875 0.04681396484375
-0.0422630310058594 0.0070953369140625 0.443084716796875 0.4544677734375
-0.0500526428222656 -0.0279502868652344 -0.08697509765625 0.7490234375
-0.00671005249023437 -0.066497802734375 -0.72222900390625 0.58770751953125
0.0342350006103516 0.00820541381835937 -0.73809814453125 0.0790405273437501
0.0579986572265625 0.0725784301757813 0.0139312744140625 0.11126708984375
0.0670700073242187 0.0411300659179688 0.8590087890625 0.11572265625
0.0382003784179688 -0.0228347778320313 0.86883544921875 -0.5570068359375
-0.0188407897949219 -0.0387840270996094 0.0540771484375001 -0.8466796875
-0.0355110168457031 -0.0249900817871094 -0.49737548828125 -0.42718505859375
-0.0218086242675781 0.0105133056640625 -0.468505859375 -0.0352478027343751
-0.00808525085449219 0.0260887145996094 -0.1578369140625 0.196502685546875
-0.00720596313476563 0.00764036178588867 0.0937042236328125 0.174758911132813
-0.00379657745361328 0.0108747482299805 -0.05694580078125 -0.152847290039063
-0.00449752807617188 0.0352935791015625 0.226669311523438 -0.12933349609375
-0.0125274658203125 0.0237197875976563 0.441314697265625 0.071197509765625
-0.0390472412109375 0.00742340087890624 0.418487548828125 0.480255126953125
-0.0525894165039063 -0.0266151428222656 -0.13726806640625 0.7479248046875
-0.0146408081054687 -0.0642204284667969 -0.76702880859375 0.5538330078125
0.0175819396972656 0.0105152130126953 -0.744140625 0.04742431640625
0.0405921936035156 0.0647697448730469 0.0249252319335938 0.107810974121094
0.0511360168457031 0.0336570739746094 0.85784912109375 0.07257080078125
0.0252437591552734 -0.0259780883789063 0.821533203125 -0.602783203125
-0.0257720947265625 -0.0342197418212891 0.00018310546875009 -0.83880615234375
-0.0342388153076172 -0.0195369720458984 -0.51751708984375 -0.39923095703125
-0.0144615173339844 0.0140790939331055 -0.47454833984375 -0.011688232421875
-0.00273513793945313 0.0286350250244141 -0.158737182617188 0.20770263671875
-0.00774049758911133 0.00505208969116211 0.0847930908203125 0.1810302734375
-0.00017404556274414 0.0082855224609375 -0.0560455322265625 -0.1453857421875
0.00140380859375 0.03497314453125 0.227203369140625 -0.114883422851562
-0.00365257263183594 0.024078369140625 0.43377685546875 0.097015380859375
-0.0338954925537109 0.00976181030273438 0.388397216796875 0.507720947265625
-0.0544929504394531 -0.0251235961914062 -0.19110107421875 0.743408203125
-0.0216827392578125 -0.0613899230957031 -0.807861328125 0.51177978515625
0.00738859176635742 0.00618505477905273 -0.74041748046875 0.0161132812500001
0.0322456359863281 0.0557060241699219 0.0461807250976563 0.109672546386719
0.0419845581054688 0.0260086059570313 0.857177734375 0.0289306640625
0.0117988586425781 -0.0253314971923828 0.7694091796875 -0.64532470703125
-0.0304622650146484 -0.0278739929199219 -0.0559692382812501 -0.83056640625
-0.0283546447753906 -0.0115394592285156 -0.538604736328125 -0.3624267578125
-0.00430107116699219 0.0186271667480469 -0.474945068359375 0.015594482421875
0.00532150268554687 0.0293140411376953 -0.153305053710937 0.217864990234375
-0.00812959671020508 0.00023937225341797 0.0817108154296875 0.18505859375
0.00560140609741211 0.00284957885742188 -0.0552597045898438 -0.140007019042969
0.0108871459960937 0.0364456176757813 0.228424072265625 -0.105972290039063
0.00750541687011719 0.0292301177978516 0.425262451171875 0.120086669921875
-0.0282020568847656 0.0184516906738281 0.361663818359375 0.533599853515625
-0.0583343505859375 -0.0219383239746094 -0.24005126953125 0.7381591796875
-0.027252197265625 -0.0642242431640625 -0.8447265625 0.468017578125
0.00475406646728516 0.00426292419433594 -0.737060546875 -0.01165771484375
0.0339508056640625 0.0500907897949219 0.070831298828125 0.111679077148437
0.0383491516113281 0.0142021179199219 0.85986328125 -0.0123291015625
0.00238418579101563 -0.0251865386962891 0.72320556640625 -0.68304443359375
-0.0343952178955078 -0.0204353332519531 -0.1004638671875 -0.81866455078125
-0.0207958221435547 -0.00329208374023438 -0.552032470703125 -0.32958984375
0.0056304931640625 0.0224113464355469 -0.471435546875 0.0377197265625
0.0146064758300781 0.0288619995117187 -0.151565551757813 0.22265625
-0.00655508041381836 -0.00631046295166016 0.0809783935546875 0.185714721679687
0.0117359161376953 -0.00309085845947266 -0.0536270141601563 -0.1392822265625
0.0232505798339844 0.03680419921875 0.226669311523438 -0.09814453125
0.0213432312011719 0.0367889404296875 0.42132568359375 0.136749267578125
-0.0201129913330078 0.0282135009765625 0.344390869140625 0.549652099609375
-0.0611419677734375 -0.0151710510253906 -0.2724609375 0.73382568359375
-0.0307159423828125 -0.0652847290039063 -0.8680419921875 0.43914794921875
0.00990581512451172 -0.00230503082275391 -0.7252197265625 -0.0297851562500001
0.0447731018066406 0.0455970764160156 0.0927886962890625 0.113792419433594
0.0396270751953125 0.00705718994140625 0.86468505859375 -0.036865234375
-0.00507545471191406 -0.0269451141357422 0.69537353515625 -0.7041015625
-0.0356063842773438 -0.00980758666992187 -0.13385009765625 -0.80926513671875
-0.0123577117919922 0.005157470703125 -0.560638427734375 -0.30670166015625
0.0192222595214844 0.0254192352294922 -0.469482421875 0.051666259765625
0.0284671783447266 0.0261611938476563 -0.146072387695313 0.226043701171875
-0.00118255615234375 -0.0127878189086914 0.0814361572265625 0.185073852539063
0.0205612182617188 -0.00878524780273438 -0.049957275390625 -0.14227294921875
0.0351486206054688 0.0357246398925781 0.228607177734375 -0.0973052978515625
0.0342330932617188 0.0423507690429688 0.4205322265625 0.144866943359375
-0.0153656005859375 0.0387954711914063 0.335906982421875 0.56060791015625
-0.064483642578125 -0.0112457275390625 -0.28741455078125 0.7347412109375
-0.0312461853027344 -0.0683670043945313 -0.8743896484375 0.42926025390625
0.0227413177490234 -0.00597381591796875 -0.7144775390625 -0.03363037109375
0.0641517639160156 0.0438957214355469 0.110763549804688 0.117507934570313
0.0481910705566406 -0.000820159912109375 0.87353515625 -0.0540771484375
-0.00750732421875 -0.0272254943847656 0.685302734375 -0.714111328125
-0.0364112854003906 -0.00446701049804687 -0.1414794921875 -0.80426025390625
-0.0041961669921875 0.0114459991455078 -0.561065673828125 -0.29632568359375
0.0302906036376953 0.0275688171386719 -0.468597412109375 0.05841064453125
0.0397720336914063 0.0220222473144531 -0.143325805664062 0.220504760742188
0.00341415405273438 -0.0200729370117188 0.083953857421875 0.179168701171875
0.026947021484375 -0.013946533203125 -0.049285888671875 -0.147994995117188
0.0453338623046875 0.0322647094726563 0.229736328125 -0.102264404296875
0.0434837341308594 0.0468940734863281 0.42486572265625 0.14385986328125
-0.00992584228515625 0.0469932556152344 0.34271240234375 0.5626220703125
-0.0644912719726562 -0.00661468505859376 -0.2789306640625 0.74127197265625
-0.028533935546875 -0.0713043212890625 -0.86602783203125 0.43792724609375
0.03802490234375 -0.01068115234375 -0.7049560546875 -0.0266723632812501
0.0865097045898438 0.045135498046875 0.120140075683594 0.119865417480469
0.0596961975097656 -0.00587081909179688 0.8857421875 -0.0526123046875
-0.0071563720703125 -0.0288658142089844 0.69696044921875 -0.713134765625
-0.0350494384765625 0.000333786010742188 -0.13238525390625 -0.80792236328125
0.00278472900390625 0.0181617736816406 -0.55560302734375 -0.299591064453125
0.0392646789550781 0.0316734313964844 -0.467681884765625 0.0523681640625
0.0501213073730469 0.019287109375 -0.14080810546875 0.2132568359375
0.00923728942871094 -0.0245189666748047 0.09112548828125 0.17254638671875
0.03253173828125 -0.0184326171875 -0.0457611083984375 -0.155319213867188
0.0517768859863281 0.0301780700683594 0.231399536132813 -0.111663818359375
0.0502052307128906 0.0477447509765625 0.4327392578125 0.131500244140625
-0.00481796264648437 0.0516586303710938 0.363983154296875 0.55206298828125
-0.0625419616699219 -0.00240325927734375 -0.2447509765625 0.74969482421875
-0.0241622924804687 -0.07421875 -0.8380126953125 0.46636962890625
0.055908203125 -0.0149383544921875 -0.695556640625 -0.0089111328125001
0.108360290527344 0.0467605590820313 0.118759155273437 0.1226806640625
0.074676513671875 -0.010528564453125 0.8939208984375 -0.03240966796875
-0.002960205078125 -0.0312156677246094 0.729736328125 -0.69775390625
-0.03448486328125 0.00337982177734375 -0.10406494140625 -0.81463623046875
0.00618743896484375 0.0227584838867188 -0.54449462890625 -0.315765380859375
0.0447540283203125 0.0326080322265625 -0.4659423828125 0.0379028320312501
0.0579681396484375 0.0169219970703125 -0.141876220703125 0.2005615234375
0.0149707794189453 -0.0287799835205078 0.0937957763671875 0.16522216796875
-0.00395107269287109 0.0113649368286133 -0.05902099609375 -0.160903930664063
-0.00694656372070312 0.0342578887939453 0.228057861328125 -0.149673461914062
-0.0195903778076172 0.0229892730712891 0.451141357421875 0.03955078125
-0.0424652099609375 0.00840377807617188 0.457275390625 0.451263427734375
-0.0511894226074219 -0.02813720703125 -0.07568359375 0.759521484375
-0.00851440429687499 -0.0653114318847656 -0.719482421875 0.6083984375
0.0338211059570313 0.00917625427246094 -0.74578857421875 0.0902099609374999
0.0586090087890625 0.0723114013671875 0.0140457153320313 0.110404968261719
0.0687408447265625 0.0391960144042969 0.87109375 0.1016845703125
0.0394058227539063 -0.0242347717285156 0.86737060546875 -0.580322265625
-0.0188484191894531 -0.0388679504394531 0.03924560546875 -0.8551025390625
-0.0373039245605469 -0.0237350463867188 -0.50811767578125 -0.422332763671875
-0.0208644866943359 0.0103130340576172 -0.475433349609375 -0.025543212890625
-0.00619697570800781 0.0275669097900391 -0.157333374023438 0.201736450195313
-0.00811910629272461 0.00771713256835938 0.0958709716796875 0.174591064453125
-0.00469207763671875 0.0114688873291016 -0.05853271484375 -0.15283203125
-0.00364303588867188 0.0357627868652344 0.229293823242188 -0.134521484375
-0.0144290924072266 0.0236492156982422 0.44647216796875 0.063812255859375
-0.03875732421875 0.00823974609374999 0.433197021484375 0.478759765625
-0.0539283752441406 -0.0267066955566406 -0.12493896484375 0.7587890625
-0.0150032043457031 -0.0648422241210938 -0.76416015625 0.572509765625
0.0186538696289063 0.00897026062011719 -0.7513427734375 0.06005859375
0.0401802062988281 0.0646095275878906 0.026885986328125 0.109527587890625
0.0528945922851563 0.0297470092773438 0.866455078125 0.06024169921875
0.0239238739013672 -0.0238418579101562 0.821533203125 -0.62567138671875
-0.0247287750244141 -0.0342464447021484 -0.0132446289062501 -0.85076904296875
-0.0349388122558594 -0.0191478729248047 -0.529693603515625 -0.393585205078125
-0.0163431167602539 0.0151586532592773 -0.479339599609375 -0.00213623046874998
-0.00135993957519531 0.0280227661132813 -0.158050537109375 0.213180541992188
-0.009490966796875 0.00559616088867188 0.089111328125 0.181411743164063
0.00167751312255859 0.00925636291503906 -0.059661865234375 -0.146636962890625
0.00344467163085937 0.0366897583007813 0.2275390625 -0.121292114257813
-0.00391197204589844 0.0249881744384766 0.441925048828125 0.0902099609375
-0.0320930480957031 0.012481689453125 0.404205322265625 0.506683349609375
-0.0567207336425781 -0.024169921875 -0.1781005859375 0.75537109375
-0.0238227844238281 -0.0630645751953125 -0.80694580078125 0.52935791015625
0.00659561157226563 0.00611162185668945 -0.74920654296875 0.0274658203125
0.0331916809082031 0.0561599731445313 0.0481109619140625 0.109886169433594
0.0429534912109375 0.0235977172851563 0.8651123046875 0.014892578125
0.0122871398925781 -0.0251274108886719 0.76593017578125 -0.666015625
-0.0304641723632812 -0.0252799987792969 -0.0693359375 -0.84051513671875
-0.0277729034423828 -0.0121555328369141 -0.54949951171875 -0.355682373046875
-0.00494384765625 0.0177478790283203 -0.48077392578125 0.023406982421875
0.00577926635742187 0.0301513671875 -0.152999877929688 0.22381591796875
-0.00823879241943359 0.00178241729736328 0.0869140625 0.188583374023438
0.00631809234619141 0.00307369232177734 -0.05743408203125 -0.142593383789062
0.0123443603515625 0.0365829467773438 0.228897094726563 -0.110733032226563
0.00983428955078125 0.0293388366699219 0.434722900390625 0.11370849609375
-0.0275421142578125 0.0185699462890625 0.376129150390625 0.53204345703125
-0.0574493408203125 -0.02032470703125 -0.23126220703125 0.75091552734375
-0.0277137756347656 -0.0624542236328125 -0.8466796875 0.48870849609375
0.00448942184448242 0.00210809707641602 -0.742919921875 0.00146484375000002
0.03460693359375 0.0510101318359375 0.0740737915039063 0.110618591308594
0.0399856567382813 0.0152778625488281 0.86822509765625 -0.0247802734375
0.00266647338867188 -0.0250778198242187 0.7230224609375 -0.70318603515625
-0.0357551574707031 -0.0172157287597656 -0.1180419921875 -0.82666015625
-0.0209941864013672 -0.00387954711914062 -0.5650634765625 -0.32342529296875
0.00738525390625 0.0227222442626953 -0.47760009765625 0.0479736328125
0.0163784027099609 0.0280780792236328 -0.147598266601562 0.229583740234375
-0.00616788864135742 -0.00557184219360352 0.0845489501953125 0.189697265625
0.0126705169677734 -0.00245380401611328 -0.0541534423828125 -0.141677856445313
0.0234489440917969 0.0353851318359375 0.2294921875 -0.104202270507813
0.0232925415039063 0.0359458923339844 0.430267333984375 0.130615234375
-0.0208969116210938 0.0284023284912109 0.358642578125 0.550384521484375
-0.0624885559082031 -0.0138511657714844 -0.26153564453125 0.74615478515625
-0.0346107482910156 -0.0653114318847656 -0.86920166015625 0.4588623046875
0.00766849517822266 -0.00235939025878906 -0.73370361328125 -0.0154418945312501
0.0451583862304688 0.0446929931640625 0.0953292846679688 0.112266540527344
0.0389404296875 0.00682830810546875 0.8724365234375 -0.0538330078125
-0.00600433349609375 -0.0242404937744141 0.69256591796875 -0.72418212890625
-0.0355987548828125 -0.00843048095703124 -0.14788818359375 -0.81622314453125
-0.013249397277832 0.00487709045410156 -0.57086181640625 -0.30120849609375
0.02081298828125 0.0245819091796875 -0.472900390625 0.0619812011718751
0.0299110412597656 0.0262260437011719 -0.144271850585937 0.231048583984375
-0.00176811218261719 -0.0127115249633789 0.0868377685546875 0.185577392578125
0.0206851959228516 -0.00989341735839844 -0.05224609375 -0.142913818359375
0.0369606018066406 0.0339431762695313 0.228866577148437 -0.1044921875
0.03564453125 0.0407257080078125 0.427764892578125 0.139068603515625
-0.0151710510253906 0.0391311645507812 0.349609375 0.561981201171875
-0.064117431640625 -0.0108261108398437 -0.27789306640625 0.7493896484375
-0.0325965881347656 -0.0672798156738281 -0.877685546875 0.44952392578125
0.0231418609619141 -0.00610733032226563 -0.72283935546875 -0.0219116210937499
0.0652847290039063 0.0435905456542969 0.113151550292969 0.115882873535156
0.0485801696777344 -0.00259017944335938 0.88116455078125 -0.06927490234375
-0.00707054138183594 -0.0268135070800781 0.68109130859375 -0.73681640625
-0.0361862182617188 -0.00209045410156249 -0.15789794921875 -0.81134033203125
-0.00391483306884766 0.0111246109008789 -0.57244873046875 -0.29010009765625
0.0321025848388672 0.0285205841064453 -0.472503662109375 0.0683898925781249
0.0409202575683594 0.0224876403808594 -0.14129638671875 0.227493286132813
0.00246238708496094 -0.0193195343017578 0.0892333984375 0.181137084960938
0.0270881652832031 -0.0136947631835938 -0.0504302978515625 -0.14794921875
0.0480232238769531 0.0327568054199219 0.231231689453125 -0.108688354492188
0.0445785522460938 0.0463905334472656 0.433197021484375 0.138427734375
-0.00856018066406251 0.0492973327636719 0.358489990234375 0.5621337890625
-0.0655136108398438 -0.00510406494140625 -0.26910400390625 0.75408935546875
-0.03094482421875 -0.0704193115234375 -0.8687744140625 0.45941162109375
0.0386276245117188 -0.0104408264160156 -0.71392822265625 -0.01580810546875
0.0877227783203125 0.0433883666992188 0.122177124023438 0.11962890625
0.0602684020996094 -0.00893020629882813 0.89453125 -0.0693359375
-0.00757598876953125 -0.0287647247314453 0.6943359375 -0.73175048828125
-0.0354080200195313 0.00307464599609374 -0.14990234375 -0.815673828125
0.00295066833496094 0.0172538757324219 -0.56787109375 -0.29254150390625
0.0415077209472656 0.0297126770019531 -0.471038818359375 0.0625305175781249
0.0513191223144531 0.018218994140625 -0.140853881835938 0.218551635742187
0.00869369506835937 -0.0243396759033203 0.094482421875 0.175003051757813
0.0317153930664063 -0.018280029296875 -0.048309326171875 -0.155975341796875
0.0539321899414063 0.02911376953125 0.233871459960938 -0.118255615234375
0.0541229248046875 0.0474014282226563 0.439422607421875 0.124908447265625
-0.003753662109375 0.05511474609375 0.376861572265625 0.552703857421875
-0.0631256103515625 -0.000171661376953134 -0.23358154296875 0.76324462890625
-0.027099609375 -0.0719528198242187 -0.8399658203125 0.4862060546875
0.0572662353515625 -0.014434814453125 -0.7049560546875 0.00390625000000014
0.109550476074219 0.0471878051757812 0.122337341308594 0.121757507324219
0.0742568969726563 -0.0113449096679688 0.89971923828125 -0.0472412109375
-0.00256538391113281 -0.0319080352783203 0.7242431640625 -0.71563720703125
-0.033050537109375 0.00459671020507812 -0.11767578125 -0.82403564453125
0.00631332397460937 0.0211734771728516 -0.557403564453125 -0.3104248046875
0.0465011596679688 0.0332260131835938 -0.467193603515625 0.0484924316406251
0.0584144592285156 0.0161514282226563 -0.14154052734375 0.2073974609375
0.0143947601318359 -0.0289268493652344 0.0987548828125 0.1666259765625
-0.00452518463134766 0.0138711929321289 -0.062286376953125 -0.1611328125
-0.0036163330078125 0.0337772369384766 0.228668212890625 -0.157028198242188
-0.0197315216064453 0.0233154296875 0.45635986328125 0.032501220703125
-0.0424308776855469 0.00991058349609375 0.4739990234375 0.44488525390625
-0.0523643493652344 -0.0251922607421875 -0.0607910156250001 0.77020263671875
-0.0086669921875 -0.0678863525390625 -0.71575927734375 0.6292724609375
0.0335826873779297 0.00963401794433594 -0.74993896484375 0.1043701171875
0.0581741333007812 0.0713729858398438 0.01495361328125 0.111602783203125
0.0696144104003906 0.0380783081054688 0.879638671875 0.08612060546875
0.0389900207519531 -0.0243606567382813 0.86358642578125 -0.60040283203125
-0.0209617614746094 -0.0392379760742188 0.02435302734375 -0.86505126953125
-0.0371742248535156 -0.0238685607910156 -0.521697998046875 -0.41485595703125
-0.0216999053955078 0.0100650787353516 -0.482391357421875 -0.017181396484375
-0.00464820861816406 0.0259780883789063 -0.155303955078125 0.207443237304688
-0.00816726684570313 0.00821113586425781 0.0995941162109375 0.176300048828125
-0.00358390808105469 0.0123357772827148 -0.06195068359375 -0.152938842773438
-0.002593994140625 0.035308837890625 0.230438232421875 -0.141616821289063
-0.0131378173828125 0.0231189727783203 0.453582763671875 0.054779052734375
-0.0397453308105469 0.0094451904296875 0.448577880859375 0.4730224609375
-0.0542716979980469 -0.026214599609375 -0.11126708984375 0.76995849609375
-0.0180435180664062 -0.0628433227539063 -0.76141357421875 0.59356689453125
0.0176372528076172 0.00909614562988281 -0.757080078125 0.0751953124999999
0.0425224304199219 0.0638046264648438 0.0283355712890625 0.109222412109375
0.0549697875976563 0.0312614440917969 0.87603759765625 0.04473876953125
0.0237865447998047 -0.0242996215820313 0.8145751953125 -0.64495849609375
-0.0266265869140625 -0.0328502655029297 -0.0291137695312501 -0.85784912109375
-0.0358695983886719 -0.0193214416503906 -0.542724609375 -0.388275146484375
-0.0146713256835937 0.0141162872314453 -0.4866943359375 0.00665283203125001
-0.00168418884277344 0.0279293060302734 -0.154830932617188 0.219558715820313
-0.0100173950195312 0.00601768493652344 0.093719482421875 0.182830810546875
0.00155115127563476 0.00720930099487305 -0.0614166259765625 -0.146270751953125
0.003936767578125 0.0354461669921875 0.229446411132813 -0.128860473632813
-0.00506401062011719 0.0260505676269531 0.444549560546875 0.081329345703125
-0.0341262817382813 0.0137519836425781 0.41943359375 0.50201416015625
-0.0557479858398438 -0.0237007141113281 -0.1654052734375 0.76434326171875
-0.0252189636230469 -0.0629043579101563 -0.80523681640625 0.54888916015625
0.00536012649536133 0.00615501403808594 -0.75482177734375 0.0416259765625
0.0333442687988281 0.0543098449707031 0.0506973266601563 0.109291076660156
0.0442848205566406 0.0213546752929688 0.87249755859375 0.0010986328125
0.0115432739257813 -0.0249214172363281 0.7620849609375 -0.68609619140625
-0.0323657989501953 -0.0248756408691406 -0.0879516601562499 -0.84771728515625
-0.0302543640136719 -0.0101604461669922 -0.562103271484375 -0.34967041015625
-0.00510787963867188 0.0181312561035156 -0.483428955078125 0.0359191894531249
0.00603294372558593 0.0293464660644531 -0.1514892578125 0.2283935546875
-0.00916385650634766 0.00194740295410156 0.089385986328125 0.188796997070313
0.00754833221435547 0.00370025634765625 -0.0587005615234375 -0.14154052734375
0.014434814453125 0.0353050231933594 0.22930908203125 -0.116607666015625
0.00850296020507813 0.0296287536621094 0.44097900390625 0.106536865234375
-0.0273971557617188 0.0224132537841797 0.390838623046875 0.53045654296875
-0.059539794921875 -0.0188179016113281 -0.21734619140625 0.76324462890625
-0.0301284790039063 -0.0613861083984375 -0.84637451171875 0.5096435546875
0.00374174118041992 0.00345468521118164 -0.74908447265625 0.014892578125
0.035736083984375 0.0497665405273438 0.074493408203125 0.110984802246094
0.0390090942382813 0.0141563415527344 0.875244140625 -0.04180908203125
0.00214576721191406 -0.0251865386962891 0.71435546875 -0.72479248046875
-0.035125732421875 -0.0173397064208984 -0.13519287109375 -0.8323974609375
-0.0210323333740234 -0.00381851196289062 -0.57647705078125 -0.3157958984375
0.00820350646972656 0.0222511291503906 -0.481597900390625 0.05767822265625
0.0178852081298828 0.0265979766845703 -0.145675659179688 0.236068725585937
-0.00595808029174805 -0.00394535064697266 0.090484619140625 0.188705444335938
0.0139884948730469 -0.000882148742675781 -0.057861328125 -0.140716552734375
0.0257740020751953 0.0340557098388672 0.22906494140625 -0.111709594726563
0.0233268737792969 0.0340728759765625 0.437164306640625 0.12396240234375
-0.0197029113769531 0.0296897888183594 0.372283935546875 0.54888916015625
-0.0636672973632813 -0.0138626098632812 -0.25091552734375 0.75958251953125
-0.0342826843261719 -0.0641441345214844 -0.86895751953125 0.4827880859375
0.00839614868164063 -0.00150346755981445 -0.73980712890625 -0.00463867187499989
0.0467681884765625 0.0443572998046875 0.096771240234375 0.111640930175781
0.0408515930175781 0.0030670166015625 0.87933349609375 -0.0714111328125
-0.00613784790039063 -0.0248031616210938 0.68463134765625 -0.74444580078125
-0.03656005859375 -0.0096588134765625 -0.16656494140625 -0.8221435546875
-0.0122642517089844 0.00438308715820312 -0.58349609375 -0.29278564453125
0.0214214324951172 0.0242042541503906 -0.476715087890625 0.07305908203125
0.029937744140625 0.0249233245849609 -0.141571044921875 0.23675537109375
-0.00323295593261719 -0.0116815567016602 0.0898590087890625 0.18804931640625
0.0208988189697266 -0.00848770141601562 -0.0552978515625 -0.143264770507812
0.0371437072753906 0.0338973999023438 0.230361938476562 -0.10992431640625
0.0360336303710938 0.0420913696289062 0.43817138671875 0.1322021484375
-0.0152740478515625 0.0405426025390625 0.365570068359375 0.5592041015625
-0.0647621154785156 -0.00899887084960938 -0.26617431640625 0.76190185546875
-0.0335769653320313 -0.0674858093261719 -0.878662109375 0.46942138671875
0.0209274291992188 -0.00689125061035156 -0.72882080078125 -0.00976562500000006
0.0656776428222656 0.0419044494628906 0.115921020507813 0.114479064941406
0.0478515625 -0.0047607421875 0.88616943359375 -0.08642578125
-0.00796699523925781 -0.0268001556396484 0.67144775390625 -0.75653076171875
-0.0363121032714844 -0.001861572265625 -0.17626953125 -0.8192138671875
-0.00318717956542969 0.0123739242553711 -0.58416748046875 -0.28094482421875
0.0335731506347656 0.0275440216064453 -0.4755859375 0.0783996582031251
0.0418586730957031 0.0217666625976563 -0.138397216796875 0.232406616210938
0.00200462341308594 -0.0184383392333984 0.0930328369140625 0.181381225585937
0.0262928009033203 -0.0145587921142578 -0.0521087646484375 -0.150238037109375
0.0485267639160156 0.0311927795410156 0.232391357421875 -0.11505126953125
0.0460624694824219 0.0453071594238281 0.439788818359375 0.12969970703125
-0.00864410400390625 0.0496368408203125 0.374053955078125 0.55841064453125
-0.065460205078125 -0.00387954711914062 -0.25726318359375 0.76702880859375
-0.0317001342773438 -0.0702590942382813 -0.86639404296875 0.48016357421875
0.0383491516113281 -0.0107536315917969 -0.719970703125 -0.00189208984374989
0.088165283203125 0.0414962768554688 0.124702453613281 0.117050170898437
0.0594520568847656 -0.0103607177734375 0.89678955078125 -0.08465576171875
-0.00868606567382813 -0.0294246673583984 0.6856689453125 -0.75250244140625
-0.0362968444824219 0.00293731689453125 -0.16705322265625 -0.820556640625
0.00296783447265625 0.017242431640625 -0.58038330078125 -0.28460693359375
0.0429420471191406 0.0291786193847656 -0.473968505859375 0.07354736328125
0.0516166687011719 0.0180549621582031 -0.136871337890625 0.224594116210938
0.00803375244140625 -0.0236587524414062 0.0983123779296875 0.175155639648438
0.0327224731445313 -0.0191574096679688 -0.05059814453125 -0.156768798828125
0.0552558898925781 0.0275344848632813 0.235549926757813 -0.125213623046875
0.0536079406738281 0.0460243225097656 0.446441650390625 0.11749267578125
-0.004364013671875 0.0545005798339844 0.39300537109375 0.550201416015625
-0.0652809143066406 -7.62939453126411E-06 -0.221923828125 0.77508544921875
-0.0281829833984375 -0.0725173950195313 -0.8399658203125 0.50677490234375
0.055633544921875 -0.0148811340332031 -0.70916748046875 0.0162963867187501
0.110488891601563 0.0449066162109375 0.124755859375 0.120872497558594
0.0750274658203125 -0.0125579833984375 0.90814208984375 -0.0650634765625
-0.00382804870605469 -0.0326461791992188 0.71673583984375 -0.7379150390625
-0.0343112945556641 0.00487518310546876 -0.13623046875 -0.82958984375
0.00638389587402344 0.0204906463623047 -0.56964111328125 -0.30218505859375
0.0469398498535156 0.0309295654296875 -0.47369384765625 0.0604248046875001
0.0594482421875 0.0145988464355469 -0.138885498046875 0.213348388671875
0.0141677856445313 -0.0293903350830078 0.101898193359375 0.167190551757813
-0.00311470031738281 0.0138120651245117 -0.064544677734375 -0.162078857421875
-0.00377082824707031 0.0337295532226563 0.227523803710937 -0.165496826171875
-0.0203056335449219 0.0246105194091797 0.46160888671875 0.02001953125
-0.0417594909667969 0.0124092102050781 0.48687744140625 0.4393310546875
-0.0527572631835938 -0.0253982543945313 -0.0457763671875 0.7763671875
-0.0109710693359375 -0.0673065185546875 -0.7044677734375 0.64898681640625
0.0349197387695313 0.00748825073242188 -0.7532958984375 0.1209716796875
0.06060791015625 0.071868896484375 0.0166397094726562 0.110694885253906
0.070526123046875 0.0343551635742188 0.885986328125 0.0684814453125
0.0382347106933594 -0.0250663757324219 0.8575439453125 -0.62188720703125
-0.0217819213867187 -0.038970947265625 0.00482177734375007 -0.8729248046875
-0.0384330749511719 -0.0229911804199219 -0.5361328125 -0.408172607421875
-0.0221996307373047 0.0114688873291016 -0.48663330078125 -0.00485229492187507
-0.00422096252441406 0.0277023315429687 -0.15252685546875 0.212051391601563
-0.00804901123046875 0.00970363616943359 0.104476928710937 0.175918579101563
-0.00220680236816406 0.0124216079711914 -0.064697265625 -0.153305053710938
-0.00119972229003906 0.0344333648681641 0.227981567382813 -0.149368286132813
-0.0140533447265625 0.0242481231689453 0.456878662109375 0.04364013671875
-0.0386390686035156 0.0129280090332031 0.4608154296875 0.466766357421875
-0.0556793212890625 -0.0238609313964844 -0.0954589843749999 0.77783203125
-0.0180320739746094 -0.0630226135253906 -0.754150390625 0.614501953125
0.0178737640380859 0.00988578796386719 -0.7613525390625 0.0896606445312501
0.0432281494140625 0.062408447265625 0.0297775268554688 0.107612609863281
0.0535888671875 0.0295257568359375 0.88055419921875 0.026123046875
0.0240688323974609 -0.0246315002441406 0.8050537109375 -0.66455078125
-0.0261459350585938 -0.0338954925537109 -0.0502319335937501 -0.86590576171875
-0.033538818359375 -0.0180416107177734 -0.554534912109375 -0.37774658203125
-0.0144691467285156 0.0137100219726563 -0.490081787109375 0.0181884765625001
0.000215530395507815 0.0272789001464844 -0.151275634765625 0.224746704101563
-0.00828409194946289 0.00683021545410157 0.0983734130859375 0.182144165039063
0.00183534622192383 0.00818061828613281 -0.0633697509765625 -0.145980834960938
0.00617599487304688 0.0360870361328125 0.228713989257812 -0.13543701171875
-0.00241661071777343 0.0261135101318359 0.451995849609375 0.073150634765625
-0.0329303741455078 0.0150890350341797 0.431121826171875 0.497100830078125
-0.057098388671875 -0.0211029052734375 -0.1513671875 0.77508544921875
-0.0259017944335937 -0.0614891052246094 -0.8009033203125 0.57122802734375
0.00663661956787109 0.00699281692504883 -0.76116943359375 0.0579833984375001
0.0335426330566406 0.0553703308105469 0.0524749755859375 0.106193542480469
0.0432815551757813 0.0213584899902344 0.87744140625 -0.02166748046875
0.0119152069091797 -0.0245609283447266 0.7486572265625 -0.70751953125
-0.0316085815429688 -0.0256137847900391 -0.107666015625 -0.8516845703125
-0.0292282104492188 -0.0108585357666016 -0.5753173828125 -0.34051513671875
-0.00390625 0.0187168121337891 -0.486968994140625 0.04705810546875
0.00698280334472657 0.0288257598876953 -0.1470947265625 0.234771728515625
-0.00888729095458984 0.00316333770751953 0.0951080322265625 0.188018798828125
0.00542354583740234 0.00344324111938477 -0.0620574951171875 -0.142547607421875
0.015533447265625 0.035980224609375 0.230148315429688 -0.125823974609375
0.00745391845703125 0.0297660827636719 0.44561767578125 0.096710205078125
-0.0258674621582031 0.0219326019287109 0.40582275390625 0.5247802734375
-0.06109619140625 -0.0180244445800781 -0.2015380859375 0.771728515625
-0.0323867797851563 -0.0612411499023438 -0.8399658203125 0.53302001953125
0.00411367416381836 0.00328588485717773 -0.75579833984375 0.0282592773437499
0.0363349914550781 0.0472831726074219 0.0761566162109375 0.108207702636719
0.038970947265625 0.0117034912109375 0.87908935546875 -0.0604248046875
0.000661849975585938 -0.0251865386962891 0.701416015625 -0.74273681640625
-0.035430908203125 -0.0164604187011719 -0.1553955078125 -0.83612060546875
-0.0218505859375 -0.00269317626953125 -0.5887451171875 -0.3060302734375
0.00903701782226562 0.0215492248535156 -0.485321044921875 0.0696411132812501
0.0189380645751953 0.0275344848632812 -0.142303466796875 0.239944458007813
-0.00737762451171875 -0.00412178039550781 0.0937347412109375 0.190811157226563
0.0146265029907227 -0.00168418884277344 -0.06121826171875 -0.141647338867188
0.0278968811035156 0.0348625183105469 0.230056762695313 -0.117080688476563
0.0238609313964844 0.0353546142578125 0.441925048828125 0.11474609375
-0.0202598571777344 0.0319004058837891 0.388641357421875 0.54412841796875
-0.0638465881347656 -0.0127029418945312 -0.2340087890625 0.76995849609375
-0.0369415283203125 -0.06439208984375 -0.8665771484375 0.50518798828125
0.00837182998657227 -0.00154829025268555 -0.7457275390625 0.0116577148437499
0.0460166931152344 0.043182373046875 0.0996322631835938 0.110275268554688
0.0390968322753906 0.0043487548828125 0.88299560546875 -0.08953857421875
-0.00596237182617187 -0.0252475738525391 0.6715087890625 -0.76300048828125
-0.0359077453613281 -0.00832748413085937 -0.18487548828125 -0.82415771484375
-0.01263427734375 0.0041952133178711 -0.59393310546875 -0.28167724609375
0.0223045349121094 0.0226097106933594 -0.48175048828125 0.0855102539062499
0.0311965942382813 0.0239524841308594 -0.137649536132812 0.242401123046875
-0.00309848785400391 -0.0107154846191406 0.0948028564453125 0.187713623046875
0.0208892822265625 -0.00931739807128906 -0.057464599609375 -0.144073486328125
0.0399856567382813 0.0324592590332031 0.230575561523438 -0.118179321289063
0.0368270874023438 0.0411262512207031 0.443023681640625 0.123291015625
-0.0144119262695312 0.0417556762695312 0.38037109375 0.55413818359375
-0.0663986206054688 -0.00804138183593749 -0.25128173828125 0.77203369140625
-0.0360527038574219 -0.0671195983886719 -0.87347412109375 0.491455078125
0.0211219787597656 -0.00651168823242188 -0.73590087890625 0.00469970703124993
0.0660362243652344 0.04180908203125 0.116783142089844 0.11151123046875
0.0479660034179688 -0.00451278686523438 0.891357421875 -0.1077880859375
-0.0103664398193359 -0.0274391174316406 0.659423828125 -0.77606201171875
-0.0367393493652344 -0.00135421752929687 -0.19342041015625 -0.81976318359375
-0.00263214111328125 0.0114078521728516 -0.5963134765625 -0.2705078125
0.0332508087158203 0.0272388458251953 -0.47869873046875 0.090240478515625
0.0443763732910156 0.0193824768066406 -0.134765625 0.238021850585938
0.00214576721191406 -0.0181655883789063 0.096893310546875 0.182144165039062
0.0277061462402344 -0.0150032043457031 -0.0553741455078125 -0.1495361328125
0.0492095947265625 0.0302810668945313 0.23236083984375 -0.122177124023438
0.0476799011230469 0.0446891784667969 0.4459228515625 0.12066650390625
-0.0072174072265625 0.0506401062011719 0.38824462890625 0.556732177734375
-0.0667495727539063 -0.00328826904296876 -0.241455078125 0.7791748046875
-0.0349693298339844 -0.06854248046875 -0.86383056640625 0.5023193359375
0.03826904296875 -0.0115776062011719 -0.72552490234375 0.0122680664062501
0.08868408203125 0.0404815673828125 0.126655578613281 0.114501953125
0.0590972900390625 -0.0106353759765625 0.900390625 -0.10418701171875
-0.00941276550292969 -0.0285549163818359 0.67547607421875 -0.77288818359375
-0.0356369018554688 0.00465774536132813 -0.185546875 -0.82403564453125
0.00347900390625 0.0179519653320313 -0.5909423828125 -0.27410888671875
0.04449462890625 0.0280342102050781 -0.477386474609375 0.0864868164062499
0.0534210205078125 0.0155792236328125 -0.133575439453125 0.2291259765625
0.00721359252929687 -0.0235233306884766 0.102752685546875 0.176239013671875
0.0319709777832031 -0.0197124481201172 -0.0540618896484375 -0.158187866210938
0.0574417114257812 0.0258331298828125 0.234848022460938 -0.13153076171875
0.0537071228027344 0.0459671020507812 0.45330810546875 0.106536865234375
-0.00278472900390625 0.0557098388671875 0.408447265625 0.544158935546875
-0.0648727416992188 0.00204086303710937 -0.20782470703125 0.78607177734375
-0.0308074951171875 -0.0716629028320313 -0.8353271484375 0.5299072265625
0.0549774169921875 -0.0170326232910156 -0.71527099609375 0.0296020507812499
0.111396789550781 0.0419692993164063 0.126365661621094 0.117324829101563
0.073638916015625 -0.0146713256835938 0.91094970703125 -0.0848388671875
-0.00347137451171875 -0.0315742492675781 0.703125 -0.7578125
-0.0350265502929688 0.00718879699707032 -0.155029296875 -0.8306884765625
0.00781059265136719 0.02197265625 -0.58148193359375 -0.2923583984375
0.0490150451660156 0.0294227600097656 -0.475555419921875 0.07196044921875
0.0605316162109375 0.0133476257324219 -0.136199951171875 0.218948364257812
0.0140361785888672 -0.0287990570068359 0.105712890625 0.167739868164063
-0.00255489349365234 0.0158367156982422 -0.068328857421875 -0.161819458007813
-0.002044677734375 0.0315723419189453 0.223968505859375 -0.171615600585938
-0.018707275390625 0.0251998901367188 0.464385986328125 0.007659912109375
-0.0419197082519531 0.0125579833984375 0.49932861328125 0.427886962890625
-0.0523681640625 -0.0228996276855469 -0.0257568359375 0.77947998046875
-0.0134658813476563 -0.065765380859375 -0.69342041015625 0.6690673828125
0.0344829559326172 0.00824737548828125 -0.75299072265625 0.1373291015625
0.0612602233886719 0.06884765625 0.0173873901367188 0.110633850097656
0.071990966796875 0.032501220703125 0.8905029296875 0.05047607421875
0.0371971130371094 -0.0278472900390625 0.84710693359375 -0.646240234375
-0.021148681640625 -0.0386238098144531 -0.0130615234375 -0.87646484375
-0.0402488708496094 -0.023193359375 -0.545501708984375 -0.396881103515625
-0.0219173431396484 0.0107498168945312 -0.48712158203125 0.00726318359375008
-0.0045928955078125 0.0276069641113281 -0.147720336914063 0.21734619140625
-0.00859928131103516 0.0112009048461914 0.109268188476563 0.17498779296875
-0.00162982940673828 0.0128154754638672 -0.066253662109375 -0.152420043945313
0.000270843505859371 0.0348415374755859 0.225433349609375 -0.1568603515625
-0.0132122039794922 0.0245018005371094 0.459136962890625 0.033782958984375
-0.0376014709472656 0.0133399963378906 0.47705078125 0.456939697265625
-0.0560836791992188 -0.0221405029296875 -0.0769042968750001 0.78253173828125
-0.020355224609375 -0.0623626708984375 -0.74444580078125 0.63397216796875
0.0176811218261719 0.0099945068359375 -0.76220703125 0.1063232421875
0.0435028076171875 0.0617256164550781 0.0302581787109375 0.105247497558594
0.0554428100585937 0.0271034240722656 0.88494873046875 0.00665283203125
0.02349853515625 -0.02490234375 0.7926025390625 -0.68878173828125
-0.0277576446533203 -0.0323276519775391 -0.068359375 -0.868896484375
-0.0374031066894531 -0.0171241760253906 -0.56597900390625 -0.364501953125
-0.0141706466674805 0.0141534805297852 -0.49041748046875 0.0314636230468749
0.000381469726562501 0.0279788970947266 -0.147186279296875 0.230224609375
-0.0103464126586914 0.00885677337646484 0.10272216796875 0.181365966796875
0.00298118591308594 0.0101766586303711 -0.0648956298828125 -0.147140502929688
0.00721168518066406 0.0345783233642578 0.228164672851562 -0.142562866210937
-0.00229644775390625 0.0262432098388672 0.452789306640625 0.060455322265625
-0.0324878692626953 0.0161991119384766 0.446746826171875 0.4892578125
-0.0580482482910156 -0.0199089050292969 -0.1337890625 0.78271484375
-0.0266571044921875 -0.0599479675292969 -0.78955078125 0.59246826171875
0.00636386871337891 0.00815439224243164 -0.760986328125 0.0736083984375
0.0362319946289063 0.0533714294433594 0.0537185668945313 0.105255126953125
0.0432586669921875 0.0187416076660156 0.87933349609375 -0.0406494140625
0.00995445251464844 -0.0255317687988281 0.73699951171875 -0.728271484375
-0.0321140289306641 -0.0240325927734375 -0.1278076171875 -0.8536376953125
-0.0310001373291016 -0.00894737243652344 -0.586181640625 -0.3287353515625
-0.00493240356445312 0.0177059173583984 -0.48870849609375 0.0584716796875
0.00902938842773437 0.0290718078613281 -0.142120361328125 0.239273071289063
-0.00934314727783203 0.00400352478027344 0.099029541015625 0.187332153320313
0.0069880485534668 0.00451517105102539 -0.0646514892578125 -0.142547607421875
0.0173854827880859 0.0324649810791016 0.228469848632812 -0.131072998046875
0.00913238525390625 0.0294170379638672 0.44989013671875 0.08673095703125
-0.0253219604492187 0.0238170623779297 0.4217529296875 0.519134521484375
-0.0611228942871094 -0.0156784057617187 -0.18572998046875 0.780517578125
-0.0328483581542969 -0.0599899291992188 -0.831298828125 0.5538330078125
0.00441884994506836 0.00407123565673828 -0.757080078125 0.04608154296875
0.0364227294921875 0.0467414855957031 0.079010009765625 0.104507446289063
0.0377349853515625 0.0104866027832031 0.88189697265625 -0.08184814453125
-0.000539779663085937 -0.0244979858398438 0.6890869140625 -0.7630615234375
-0.0351371765136719 -0.0146865844726563 -0.1746826171875 -0.8375244140625
-0.0218601226806641 -0.00308990478515625 -0.59912109375 -0.292724609375
0.00855064392089844 0.0229644775390625 -0.48663330078125 0.082672119140625
0.0187091827392578 0.0275077819824219 -0.137863159179688 0.24444580078125
-0.00846195220947266 -0.00214767456054687 0.099853515625 0.188522338867188
0.0150060653686523 -0.00254058837890625 -0.0638275146484375 -0.143096923828125
0.0302505493164063 0.0341777801513672 0.229110717773437 -0.126708984375
0.0237846374511719 0.0349636077880859 0.44781494140625 0.105133056640625
-0.0205841064453125 0.0342388153076172 0.40362548828125 0.535980224609375
-0.0638999938964844 -0.0110206604003906 -0.2188720703125 0.779541015625
-0.0384979248046875 -0.0625343322753906 -0.8570556640625 0.52679443359375
0.00928974151611328 -0.000601768493652344 -0.7471923828125 0.0276489257812501
0.0468215942382813 0.0429039001464844 0.100914001464844 0.105422973632812
0.0381660461425781 0.00138473510742188 0.880615234375 -0.10968017578125
-0.00761222839355469 -0.0252914428710938 0.65936279296875 -0.785888671875
-0.0370063781738281 -0.00618362426757813 -0.20452880859375 -0.825927734375
-0.0101919174194336 0.00388145446777344 -0.60235595703125 -0.27008056640625
0.0234947204589844 0.0241756439208984 -0.48077392578125 0.098876953125
0.0314388275146484 0.0226268768310547 -0.131912231445313 0.248458862304687
-0.00336647033691406 -0.0104227066040039 0.0992431640625 0.186431884765625
0.0207080841064453 -0.00893974304199219 -0.0581207275390625 -0.14422607421875
0.0420761108398438 0.0308837890625 0.229751586914063 -0.123397827148437
0.0376663208007813 0.0400657653808594 0.445892333984375 0.11334228515625
-0.0130958557128906 0.0422439575195313 0.39642333984375 0.549224853515625
-0.0665435791015625 -0.00632095336914062 -0.23455810546875 0.781494140625
-0.0375785827636719 -0.0666351318359375 -0.86676025390625 0.5145263671875
0.0213584899902344 -0.00712013244628906 -0.73834228515625 0.0204467773437501
0.0668601989746094 0.0384788513183594 0.119224548339844 0.108283996582031
0.0461349487304688 -0.00685882568359375 0.890380859375 -0.12567138671875
-0.0111637115478516 -0.0257778167724609 0.644287109375 -0.79443359375
-0.0364036560058594 0.00181198120117187 -0.21588134765625 -0.81903076171875
-0.00282192230224609 0.0117855072021484 -0.60455322265625 -0.25726318359375
0.0346736907958984 0.0263824462890625 -0.47808837890625 0.103424072265625
0.0440216064453125 0.0182876586914063 -0.130218505859375 0.241973876953125
0.000100135803222654 -0.0173263549804688 0.100494384765625 0.180770874023438
0.0261821746826172 -0.0147209167480469 -0.0579986572265625 -0.148696899414063
0.0509185791015625 0.0278358459472656 0.231491088867187 -0.128341674804687
0.0483360290527344 0.0435562133789063 0.451080322265625 0.10955810546875
-0.00632858276367188 0.0508880615234375 0.402679443359375 0.550018310546875
-0.0671653747558594 -0.000682830810546861 -0.22509765625 0.7869873046875
-0.036346435546875 -0.0677986145019531 -0.8551025390625 0.52459716796875
0.0384063720703125 -0.0128097534179688 -0.72723388671875 0.0264892578124999
0.0895614624023438 0.0384597778320313 0.128097534179688 0.111434936523438
0.05865478515625 -0.0135726928710938 0.9012451171875 -0.12432861328125
-0.0101871490478516 -0.0286502838134766 0.6595458984375 -0.79107666015625
-0.03570556640625 0.00498580932617188 -0.20623779296875 -0.8226318359375
0.00562953948974609 0.0170412063598633 -0.600830078125 -0.26080322265625
0.0440711975097656 0.0271835327148438 -0.47784423828125 0.0971374511718751
0.0546951293945312 0.013031005859375 -0.129013061523437 0.234512329101562
0.00727462768554687 -0.0226612091064453 0.106826782226563 0.173904418945313
0.0320072174072266 -0.0205554962158203 -0.0575408935546875 -0.156814575195313
0.0577354431152344 0.0241889953613281 0.232589721679688 -0.139175415039063
0.053985595703125 0.0432815551757813 0.458831787109375 0.09674072265625
-0.00033187866210938 0.0575370788574219 0.422210693359375 0.53729248046875
-0.0637054443359375 0.00442123413085939 -0.18841552734375 0.79437255859375
-0.0324020385742188 -0.0696945190429688 -0.8265380859375 0.55029296875
0.0570259094238281 -0.0167236328125 -0.7169189453125 0.0447387695312501
0.112579345703125 0.0389938354492188 0.129570007324219 0.114509582519531
0.0735244750976563 -0.0167236328125 0.90997314453125 -0.103759765625
-0.00470161437988281 -0.0312919616699219 0.68914794921875 -0.77618408203125
-0.0339031219482422 0.00751876831054688 -0.17669677734375 -0.834228515625
0.0079193115234375 0.0212841033935547 -0.59149169921875 -0.280517578125
0.0485382080078125 0.0291748046875 -0.477813720703125 0.0831298828125
0.0604934692382812 0.0103378295898437 -0.131546020507812 0.2236328125
0.0130615234375 -0.0279254913330078 0.109710693359375 0.165878295898438
-0.00183868408203125 0.0156412124633789 -0.0718536376953125 -0.161697387695313
-0.00180435180664062 0.0318489074707031 0.221694946289063 -0.177474975585938
-0.0194358825683594 0.0256633758544922 0.46435546875 -0.002838134765625
-0.0423583984375 0.0147056579589844 0.510986328125 0.416748046875
-0.0536956787109375 -0.0222892761230469 -0.00830078125000001 0.78338623046875
-0.0140304565429687 -0.064788818359375 -0.6793212890625 0.6864013671875
0.0345573425292969 0.00758171081542969 -0.75067138671875 0.154052734375
0.0628280639648438 0.0674819946289063 0.0207672119140625 0.108085632324219
0.0703277587890625 0.0322418212890625 0.89013671875 0.028076171875
0.036956787109375 -0.0271377563476563 0.83148193359375 -0.66339111328125
-0.0220603942871094 -0.0375404357910156 -0.03363037109375 -0.87744140625
-0.0382766723632813 -0.0219879150390625 -0.557464599609375 -0.383941650390625
-0.0218219757080078 0.0108776092529297 -0.489013671875 0.01910400390625
-0.00260162353515625 0.0250644683837891 -0.143096923828125 0.221267700195313
-0.006378173828125 0.0118036270141602 0.113082885742188 0.173080444335938
-0.00121879577636719 0.0140743255615234 -0.0705413818359375 -0.15167236328125
0.00105857849121093 0.03369140625 0.223434448242187 -0.162979125976563
-0.0130138397216797 0.0249519348144531 0.4615478515625 0.02264404296875
-0.0382537841796875 0.0142440795898438 0.48895263671875 0.44659423828125
-0.0571975708007813 -0.0215606689453125 -0.05780029296875 0.78466796875
-0.0208358764648437 -0.0603370666503906 -0.72943115234375 0.6510009765625
0.0175027847290039 0.00927066802978516 -0.7615966796875 0.12432861328125
0.0442733764648438 0.06072998046875 0.0326995849609375 0.104927062988281
0.0545272827148438 0.0264625549316406 0.8834228515625 -0.01251220703125
0.0225028991699219 -0.0255680084228516 0.77935791015625 -0.70452880859375
-0.0282249450683594 -0.0319042205810547 -0.0898437500000001 -0.86737060546875
-0.036712646484375 -0.01666259765625 -0.5767822265625 -0.35308837890625
-0.0148067474365234 0.0143423080444336 -0.49102783203125 0.04498291015625
0.00147247314453125 0.0272674560546875 -0.14166259765625 0.233657836914063
-0.00946807861328125 0.0102806091308594 0.104232788085938 0.17938232421875
0.00148963928222656 0.00913810729980469 -0.068603515625 -0.145431518554688
0.0096893310546875 0.0350818634033203 0.223495483398438 -0.149093627929688
-0.00362968444824219 0.0265884399414063 0.456817626953125 0.0501708984375
-0.0315036773681641 0.018890380859375 0.459228515625 0.477294921875
-0.0592498779296875 -0.0172500610351562 -0.11444091796875 0.7861328125
-0.0294227600097656 -0.0607490539550781 -0.77703857421875 0.61309814453125
0.00593996047973633 0.00820684432983399 -0.76300048828125 0.0917358398437501
0.0368881225585938 0.0527801513671875 0.0558700561523438 0.103431701660156
0.0419540405273438 0.0200042724609375 0.87823486328125 -0.06024169921875
0.00848960876464844 -0.0242748260498047 0.720703125 -0.7449951171875
-0.0321674346923828 -0.0230598449707031 -0.148193359375 -0.851318359375
-0.0298080444335938 -0.0104770660400391 -0.59588623046875 -0.313720703125
-0.00224113464355469 0.0176353454589844 -0.488372802734375 0.0720825195312501
0.00925827026367187 0.0273952484130859 -0.136077880859375 0.242431640625
-0.00897312164306641 0.0047607421875 0.102951049804688 0.18560791015625
0.00706338882446289 0.00639915466308594 -0.067291259765625 -0.141525268554688
0.0173225402832031 0.0326671600341797 0.227142333984375 -0.137451171875
0.01025390625 0.0294666290283203 0.453125 0.07452392578125
-0.0260391235351563 0.0241298675537109 0.433807373046875 0.506561279296875
-0.0623855590820313 -0.0145301818847656 -0.16558837890625 0.78741455078125
-0.0358047485351563 -0.0590934753417969 -0.81964111328125 0.57257080078125
0.00455904006958008 0.00365829467773438 -0.756591796875 0.0617065429687499
0.0373916625976563 0.0458793640136719 0.08050537109375 0.104827880859375
0.0385894775390625 0.00935745239257813 0.8768310546875 -0.10101318359375
0.000434875488281251 -0.0234260559082031 0.66949462890625 -0.77886962890625
-0.0342445373535156 -0.0133419036865234 -0.19451904296875 -0.8353271484375
-0.0209331512451172 -0.00242424011230469 -0.60601806640625 -0.2783203125
0.0088348388671875 0.0217456817626953 -0.48291015625 0.0960693359374999
0.0221900939941406 0.0257930755615234 -0.13079833984375 0.249603271484375
-0.0073552131652832 -0.000955104827880859 0.101760864257813 0.187164306640625
0.012883186340332 -0.00145244598388672 -0.0639190673828125 -0.140029907226562
0.0316925048828125 0.0324192047119141 0.22589111328125 -0.130081176757813
0.0253448486328125 0.0338973999023438 0.451416015625 0.0919189453125
-0.0198516845703125 0.0332851409912109 0.416046142578125 0.526123046875
-0.0635108947753906 -0.010009765625 -0.2003173828125 0.78668212890625
-0.0406837463378906 -0.0611991882324219 -0.84503173828125 0.54644775390625
0.00919723510742188 -0.00217342376708984 -0.74853515625 0.04388427734375
0.0468215942382813 0.0397109985351563 0.104026794433594 0.103507995605469
0.0379562377929688 0.000988006591796875 0.87939453125 -0.1292724609375
-0.00965690612792968 -0.0243034362792969 0.636474609375 -0.79827880859375
-0.0373802185058594 -0.0055389404296875 -0.224365234375 -0.821533203125
-0.0105514526367188 0.00472831726074219 -0.61041259765625 -0.2535400390625
0.0239753723144531 0.0227336883544922 -0.478668212890625 0.11065673828125
0.03448486328125 0.0211410522460938 -0.1279296875 0.250595092773438
-0.00330018997192383 -0.00854396820068359 0.102523803710938 0.18426513671875
0.0209712982177734 -0.00996780395507813 -0.061370849609375 -0.1429443359375
0.0406837463378906 0.0298652648925781 0.228561401367188 -0.130081176757813
0.0382537841796875 0.039306640625 0.44976806640625 0.102813720703125
-0.0110511779785156 0.043365478515625 0.4097900390625 0.53802490234375
-0.0661888122558594 -0.00394058227539063 -0.2156982421875 0.78875732421875
-0.0394859313964844 -0.0632247924804688 -0.85589599609375 0.53515625
0.0206069946289063 -0.00693130493164063 -0.73760986328125 0.03778076171875
0.066864013671875 0.0377693176269531 0.121070861816406 0.105545043945313
0.0455284118652344 -0.00727462768554687 0.8876953125 -0.146484375
-0.0121116638183594 -0.0253067016601563 0.62408447265625 -0.80718994140625
-0.0353202819824219 0.000919342041015623 -0.23590087890625 -0.81640625
-0.00233936309814453 0.0114002227783203 -0.61175537109375 -0.24371337890625
0.036865234375 0.0236396789550781 -0.478424072265625 0.11566162109375
0.0442619323730469 0.0160255432128906 -0.124771118164063 0.24591064453125
0.000617027282714844 -0.0161619186401367 0.106552124023438 0.180938720703125
0.0274333953857422 -0.0155448913574219 -0.0607452392578125 -0.14910888671875
0.0524826049804688 0.0256576538085938 0.229156494140625 -0.13525390625
0.049163818359375 0.0436477661132812 0.45355224609375 0.09942626953125
-0.00537490844726563 0.052276611328125 0.417816162109375 0.539794921875
-0.0668716430664063 0.00154113769531251 -0.20538330078125 0.7943115234375
-0.0378570556640625 -0.0655326843261719 -0.84381103515625 0.54559326171875
0.0376663208007813 -0.011749267578125 -0.7275390625 0.0438232421874999
0.0884323120117187 0.0357131958007813 0.130813598632813 0.108360290527344
0.0574684143066406 -0.0151710510253906 0.89947509765625 -0.14605712890625
-0.0110988616943359 -0.027130126953125 0.63897705078125 -0.80645751953125
-0.0350685119628906 0.0065765380859375 -0.22625732421875 -0.8204345703125
0.00537872314453125 0.0171527862548828 -0.60772705078125 -0.24652099609375
0.0451469421386719 0.0259780883789063 -0.475128173828125 0.111358642578125
0.054443359375 0.0116767883300781 -0.122543334960938 0.238372802734375
0.00525093078613281 -0.0215320587158203 0.110321044921875 0.172821044921875
0.0317325592041016 -0.0191364288330078 -0.058135986328125 -0.1563720703125
0.060577392578125 0.0216407775878906 0.2313232421875 -0.146133422851563
0.056976318359375 0.0434074401855469 0.4599609375 0.085662841796875
-0.00040817260742187 0.0575218200683594 0.437713623046875 0.527069091796875
-0.0649185180664063 0.00679016113281251 -0.1697998046875 0.80059814453125
-0.0344734191894531 -0.0697555541992188 -0.81402587890625 0.57159423828125
0.0549201965332031 -0.0183982849121094 -0.71588134765625 0.0618896484374999
0.111572265625 0.0365371704101563 0.129287719726563 0.110176086425781
0.0728836059570313 -0.0195693969726563 0.90948486328125 -0.1265869140625
-0.00573158264160156 -0.0324306488037109 0.6724853515625 -0.79571533203125
-0.0339679718017578 0.00763702392578125 -0.19598388671875 -0.83245849609375
0.0094757080078125 0.0219993591308594 -0.5997314453125 -0.26513671875
0.0507583618164063 0.0264930725097656 -0.47442626953125 0.0956420898437501
0.0618133544921875 0.00928497314453125 -0.1259765625 0.226043701171875
0.0118179321289063 -0.0275592803955078 0.113693237304688 0.164764404296875
-0.000273704528808593 0.01483154296875 -0.074920654296875 -0.160598754882813
0.000400543212890623 0.0315093994140625 0.217758178710938 -0.183624267578125
-0.0191688537597656 0.0261478424072266 0.463104248046875 -0.01287841796875
-0.04150390625 0.0157051086425781 0.521240234375 0.404327392578125
-0.054840087890625 -0.0208663940429687 0.0111083984375001 0.7822265625
-0.0158653259277344 -0.0638542175292969 -0.660888671875 0.6995849609375
0.0353431701660156 0.0074310302734375 -0.74676513671875 0.17022705078125
0.0633316040039063 0.0655403137207031 0.0220870971679687 0.106513977050781
0.0708236694335938 0.0293197631835938 0.88616943359375 0.0081787109375
0.0355033874511719 -0.0283393859863281 0.81463623046875 -0.68194580078125
-0.0224075317382812 -0.0366744995117188 -0.0550537109375 -0.87530517578125
-0.0395622253417969 -0.0210914611816406 -0.56536865234375 -0.3695068359375
-0.0202732086181641 0.0104656219482422 -0.4876708984375 0.032379150390625
-0.00197410583496094 0.0248031616210938 -0.1385498046875 0.22320556640625
-0.00638484954833984 0.0122890472412109 0.11602783203125 0.171051025390625
0.00112247467041016 0.0146141052246094 -0.0731048583984375 -0.150314331054688
0.00415802001953125 0.0328521728515625 0.21856689453125 -0.169403076171875
-0.0131607055664062 0.0256195068359375 0.460205078125 0.011138916015625
-0.0384788513183594 0.0174980163574219 0.497222900390625 0.435455322265625
-0.0564956665039063 -0.0200157165527344 -0.0389404296875 0.7850341796875
-0.0232734680175781 -0.0607414245605469 -0.7127685546875 0.66729736328125
0.0182037353515625 0.00897979736328125 -0.75543212890625 0.14068603515625
0.0455245971679688 0.0602912902832031 0.0337677001953125 0.103713989257812
0.0555419921875 0.0245094299316406 0.880126953125 -0.03411865234375
0.0225028991699219 -0.0255470275878906 0.76068115234375 -0.72088623046875
-0.0283527374267578 -0.0318241119384766 -0.10919189453125 -0.8653564453125
-0.0363845825195313 -0.0161514282226563 -0.58355712890625 -0.33807373046875
-0.0135040283203125 0.0141563415527344 -0.4888916015625 0.0572204589843751
0.00325584411621094 0.027069091796875 -0.136932373046875 0.237289428710938
-0.0076904296875 0.00973320007324219 0.10986328125 0.177642822265625
0.00386524200439453 0.0113468170166016 -0.0714569091796875 -0.144210815429688
0.0107002258300781 0.0345516204833984 0.220672607421875 -0.155746459960938
-0.00376129150390625 0.0261726379394531 0.458404541015625 0.039459228515625
-0.0313892364501953 0.0180149078369141 0.470428466796875 0.465667724609375
-0.0584640502929688 -0.0167884826660156 -0.0963134765625 0.7855224609375
-0.0305023193359375 -0.0576896667480469 -0.76104736328125 0.62744140625
0.00638866424560547 0.00747108459472656 -0.75726318359375 0.1092529296875
0.0350074768066406 0.0515708923339844 0.0564346313476563 0.100288391113281
0.0424270629882813 0.0172805786132813 0.87451171875 -0.076416015625
0.00895309448242188 -0.0261039733886719 0.7012939453125 -0.75689697265625
-0.0329265594482422 -0.0211811065673828 -0.16680908203125 -0.8465576171875
-0.0286178588867188 -0.0105457305908203 -0.60028076171875 -0.30010986328125
-0.00331687927246094 0.0170421600341797 -0.4859619140625 0.0841979980468749
0.00983238220214844 0.026214599609375 -0.131378173828125 0.247314453125
-0.00811243057250976 0.00690555572509766 0.10791015625 0.183303833007813
0.00878095626831055 0.00529241561889648 -0.0701904296875 -0.140129089355469
0.0203704833984375 0.0326461791992188 0.222000122070313 -0.143234252929688
0.0115852355957031 0.0288925170898438 0.4525146484375 0.06451416015625
-0.0245380401611328 0.0260295867919922 0.446868896484375 0.49652099609375
-0.0621566772460938 -0.0131607055664063 -0.14764404296875 0.78936767578125
-0.0350570678710938 -0.0574111938476563 -0.80401611328125 0.591064453125
0.00519895553588867 0.00469779968261719 -0.75311279296875 0.0784912109375001
0.0382041931152344 0.0460586547851562 0.081512451171875 0.100181579589844
0.0376853942871094 0.00835800170898438 0.87158203125 -0.119873046875
-0.000764846801757811 -0.024322509765625 0.651611328125 -0.79180908203125
-0.0354690551757813 -0.0135841369628906 -0.2132568359375 -0.8292236328125
-0.0209026336669922 -0.00230598449707031 -0.61077880859375 -0.26336669921875
0.00939178466796875 0.0187206268310547 -0.480438232421875 0.108062744140625
0.0220966339111328 0.0233135223388672 -0.126388549804688 0.252777099609375
-0.00756502151489258 0.000375270843505858 0.104461669921875 0.185958862304688
0.0151786804199219 -0.000828742980957031 -0.067169189453125 -0.139724731445313
0.0305366516113281 0.0308189392089844 0.222183227539062 -0.13726806640625
0.0245456695556641 0.0342216491699219 0.452178955078125 0.08111572265625
-0.0176715850830078 0.0334033966064453 0.427520751953125 0.5162353515625
-0.0664443969726563 -0.00825500488281251 -0.1827392578125 0.78912353515625
-0.0416603088378906 -0.0580673217773438 -0.83135986328125 0.56524658203125
0.00657081604003906 -0.00128030776977539 -0.74798583984375 0.06048583984375
0.0463600158691406 0.0387687683105469 0.103553771972656 0.101829528808594
0.0391502380371094 -0.000965118408203125 0.8765869140625 -0.14898681640625
-0.00844383239746094 -0.0235595703125 0.61944580078125 -0.810791015625
-0.0363311767578125 -0.00393295288085938 -0.2447509765625 -0.814697265625
-0.0109977722167969 0.00456714630126953 -0.614013671875 -0.2388916015625
0.023406982421875 0.0213851928710938 -0.47576904296875 0.12237548828125
0.0350208282470703 0.0205974578857422 -0.12060546875 0.25396728515625
-0.00440549850463867 -0.00785207748413086 0.10784912109375 0.18377685546875
0.0211677551269531 -0.00960159301757812 -0.0640106201171875 -0.141647338867187
0.044219970703125 0.0289688110351563 0.224609375 -0.135574340820313
0.03900146484375 0.0385704040527344 0.452178955078125 0.091094970703125
-0.0098419189453125 0.0433692932128906 0.421966552734375 0.526824951171875
-0.0663108825683594 -0.00283050537109375 -0.20037841796875 0.79351806640625
-0.0405120849609375 -0.0610885620117187 -0.84161376953125 0.554443359375
0.0208263397216797 -0.00620079040527344 -0.7353515625 0.0518798828125001
0.0674552917480469 0.0356216430664063 0.122596740722656 0.101890563964844
0.0456962585449219 -0.00830078125 0.87945556640625 -0.1669921875
-0.0123653411865234 -0.0255794525146484 0.60626220703125 -0.82257080078125
-0.03570556640625 0.00374221801757813 -0.25244140625 -0.8104248046875
-0.000653266906738281 0.0111875534057617 -0.61602783203125 -0.2279052734375
0.037017822265625 0.023712158203125 -0.472991943359375 0.1278076171875
0.0454139709472656 0.0165596008300781 -0.118804931640625 0.248687744140625
0.00103092193603516 -0.0145711898803711 0.109466552734375 0.178207397460937
0.0276870727539063 -0.0163726806640625 -0.06280517578125 -0.148147583007813
0.05279541015625 0.0229263305664063 0.225540161132813 -0.140975952148438
0.0498390197753906 0.0407905578613281 0.45465087890625 0.08917236328125
-0.00304412841796875 0.0525093078613281 0.429290771484375 0.5289306640625
-0.0671768188476563 0.00327301025390626 -0.18890380859375 0.797607421875
-0.0397148132324219 -0.0650291442871094 -0.8314208984375 0.56292724609375
0.036834716796875 -0.0138435363769531 -0.72430419921875 0.0599975585937499
0.0884780883789063 0.0338516235351563 0.130722045898438 0.1044921875
0.0564422607421875 -0.0161094665527344 0.892822265625 -0.164794921875
-0.0108318328857422 -0.0266494750976563 0.6199951171875 -0.82183837890625
-0.0343818664550781 0.00710487365722657 -0.24481201171875 -0.81414794921875
0.00514507293701172 0.0159664154052734 -0.6126708984375 -0.2322998046875
0.0446548461914063 0.0231666564941406 -0.471893310546875 0.1226806640625
0.0550193786621094 0.0101051330566406 -0.11767578125 0.240646362304687
0.00547599792480469 -0.0205764770507812 0.113754272460938 0.171096801757813
0.030731201171875 -0.0212936401367188 -0.0603485107421875 -0.15576171875
0.0610084533691406 0.0196304321289063 0.227096557617188 -0.151336669921875
0.0562553405761719 0.0408592224121094 0.461151123046875 0.07275390625
0.000930786132812503 0.0570259094238281 0.44769287109375 0.514739990234375
-0.064453125 0.00670623779296875 -0.15289306640625 0.8031005859375
-0.0360145568847656 -0.0661544799804688 -0.798828125 0.58758544921875
0.0522956848144531 -0.0188026428222656 -0.71392822265625 0.0760498046875001
0.11297607421875 0.0334320068359375 0.131240844726563 0.105918884277344
0.0724563598632813 -0.0197372436523438 0.904052734375 -0.14776611328125
-0.00732803344726563 -0.0300922393798828 0.65252685546875 -0.8074951171875
-0.0324649810791016 0.00943374633789063 -0.2154541015625 -0.82568359375
0.0101909637451172 0.02032470703125 -0.60357666015625 -0.25054931640625
0.0503311157226563 0.0261383056640625 -0.4732666015625 0.107513427734375
0.0602836608886719 0.00626373291015625 -0.120452880859375 0.229400634765625
0.0123920440673828 -0.0269641876220703 0.116790771484375 0.162307739257813
0.000756263732910157 0.0161247253417969 -0.0762939453125 -0.15753173828125
0.00152969360351563 0.0313892364501953 0.2125244140625 -0.189910888671875
-0.0175704956054688 0.0268821716308594 0.459930419921875 -0.024627685546875
-0.0391082763671875 0.0167922973632812 0.527374267578125 0.389190673828125
-0.054718017578125 -0.0198402404785156 0.0285644531249999 0.7774658203125
-0.0176353454589844 -0.0629196166992188 -0.64263916015625 0.71087646484375
0.0339145660400391 0.00719642639160156 -0.7376708984375 0.1839599609375
0.0635719299316406 0.0644989013671875 0.0227203369140625 0.104347229003906
0.0713272094726563 0.0283889770507812 0.88067626953125 -0.01165771484375
0.0336513519287109 -0.0286273956298828 0.794189453125 -0.697509765625
-0.0224037170410156 -0.0360488891601562 -0.0732421875 -0.87200927734375
-0.0397377014160156 -0.0209732055664062 -0.57147216796875 -0.3553466796875
-0.0210914611816406 0.0101470947265625 -0.48382568359375 0.0426940917968749
-0.00101661682128906 0.0248298645019531 -0.132553100585938 0.226364135742188
-0.00615406036376953 0.013427734375 0.118804931640625 0.167816162109375
0.000856399536132813 0.013371467590332 -0.075408935546875 -0.14984130859375
0.00411415100097657 0.0325107574462891 0.21435546875 -0.173660278320312
-0.0121421813964844 0.0258350372314453 0.457489013671875 9.15527343750016E-05
-0.0368614196777344 0.0166854858398438 0.5047607421875 0.418670654296875
-0.0553741455078125 -0.0181655883789063 -0.02264404296875 0.783203125
-0.0254974365234375 -0.0578765869140625 -0.6942138671875 0.6787109375
0.0181541442871094 0.00912284851074219 -0.74859619140625 0.15545654296875
0.0465850830078125 0.0585441589355469 0.0357208251953125 0.100799560546875
0.0539093017578125 0.0237350463867188 0.8724365234375 -0.0509033203125
0.021820068359375 -0.0267086029052734 0.73919677734375 -0.734619140625
-0.0291919708251953 -0.0278530120849609 -0.12921142578125 -0.8582763671875
-0.0365943908691406 -0.0161247253417969 -0.586669921875 -0.3231201171875
-0.0135507583618164 0.0144548416137695 -0.4852294921875 0.068389892578125
0.00403404235839844 0.0256328582763672 -0.13079833984375 0.239288330078125
-0.00809192657470703 0.0114316940307617 0.11346435546875 0.176116943359375
0.00341701507568359 0.0105857849121094 -0.07379150390625 -0.142257690429687
0.0114574432373047 0.0319614410400391 0.216201782226563 -0.159698486328125
-0.00237274169921875 0.0255680084228516 0.455169677734375 0.027679443359375
-0.0294895172119141 0.0182533264160156 0.477874755859375 0.451324462890625
-0.0580940246582031 -0.0155982971191406 -0.07843017578125 0.784912109375
-0.0315093994140625 -0.0562553405761719 -0.7440185546875 0.64208984375
0.00621795654296875 0.00857686996459961 -0.7503662109375 0.12408447265625
0.0361862182617188 0.0505943298339844 0.0556640625 0.09844970703125
0.0424613952636719 0.0148468017578125 0.86676025390625 -0.096435546875
0.00639152526855469 -0.0250244140625 0.68011474609375 -0.77117919921875
-0.0316848754882812 -0.0206527709960938 -0.1849365234375 -0.84039306640625
-0.0294723510742188 -0.0108909606933594 -0.6044921875 -0.28326416015625
-0.00238609313964844 0.0176105499267578 -0.481414794921875 0.096588134765625
0.0123271942138672 0.0257091522216797 -0.124267578125 0.248397827148438
-0.00780344009399414 0.00691890716552734 0.1099853515625 0.18280029296875
0.00894737243652344 0.00554180145263672 -0.0707473754882812 -0.139045715332031
0.0205707550048828 0.0305938720703125 0.218612670898437 -0.148239135742188
0.0115108489990234 0.0287818908691406 0.4521484375 0.05340576171875
-0.0243015289306641 0.0247039794921875 0.45501708984375 0.482879638671875
-0.0599517822265625 -0.0117607116699219 -0.1292724609375 0.788818359375
-0.0368156433105469 -0.0554008483886719 -0.7879638671875 0.60675048828125
0.00299549102783203 0.00533819198608398 -0.74993896484375 0.0923461914062501
0.0380744934082031 0.0434799194335938 0.0832366943359375 0.0981903076171875
0.0372390747070313 0.00691604614257813 0.8638916015625 -0.13739013671875
-0.00180435180664062 -0.0252246856689453 0.62896728515625 -0.79962158203125
-0.0361709594726563 -0.0113487243652344 -0.23089599609375 -0.81964111328125
-0.0207862854003906 -0.00247573852539063 -0.614990234375 -0.246826171875
0.0108718872070313 0.0196666717529297 -0.47589111328125 0.119537353515625
0.0234851837158203 0.0228710174560547 -0.119827270507813 0.254669189453125
-0.00626039505004883 0.00118494033813477 0.110275268554688 0.184616088867188
0.0147733688354492 -0.00138950347900391 -0.070831298828125 -0.137237548828125
0.0326309204101563 0.0275382995605469 0.218460083007813 -0.142776489257813
0.0259342193603516 0.0328769683837891 0.45025634765625 0.0703125
-0.0158596038818359 0.0345554351806641 0.438446044921875 0.50262451171875
-0.0641708374023438 -0.00627517700195311 -0.16595458984375 0.788330078125
-0.0431404113769531 -0.0571708679199219 -0.814453125 0.58221435546875
0.0078277587890625 -0.000766277313232422 -0.73992919921875 0.0751953124999999
0.0474700927734375 0.0379524230957031 0.104087829589844 0.0982666015625
0.0360069274902344 -0.000904083251953125 0.8629150390625 -0.16925048828125
-0.00966644287109375 -0.02276611328125 0.5963134765625 -0.818603515625
-0.0359840393066406 -0.00279998779296875 -0.26104736328125 -0.80615234375
-0.0106334686279297 0.00468826293945312 -0.618896484375 -0.223876953125
0.0252189636230469 0.0218505859375 -0.46929931640625 0.13330078125
0.0359230041503906 0.0178756713867188 -0.115859985351562 0.253799438476563
-0.00334310531616211 -0.00716972351074219 0.11053466796875 0.180801391601563
0.0220317840576172 -0.0109329223632813 -0.0665283203125 -0.140480041503906
0.0431861877441406 0.0258903503417969 0.219924926757813 -0.141494750976563
0.0388298034667969 0.0374412536621094 0.45062255859375 0.08050537109375
-0.0101394653320312 0.0437774658203125 0.431884765625 0.514251708984375
-0.0660514831542969 -0.000675201416015629 -0.1790771484375 0.7928466796875
-0.0413970947265625 -0.0604591369628906 -0.822509765625 0.5703125
0.0204391479492188 -0.0073699951171875 -0.73095703125 0.0671386718750001
0.067047119140625 0.0346908569335938 0.121589660644531 0.099395751953125
0.0450401306152344 -0.00931549072265625 0.8701171875 -0.18414306640625
-0.012786865234375 -0.0237636566162109 0.58380126953125 -0.83013916015625
-0.0353126525878906 0.00342941284179687 -0.27069091796875 -0.80120849609375
-0.000695228576660156 0.0112676620483398 -0.620361328125 -0.2120361328125
0.0359992980957031 0.0217208862304688 -0.467987060546875 0.139892578125
0.0455474853515625 0.0132484436035156 -0.111846923828125 0.251510620117188
0.000819206237792968 -0.0144357681274414 0.113265991210938 0.177734375
0.0269737243652344 -0.0159854888916016 -0.0648193359375 -0.146209716796875
0.0541534423828125 0.0223617553710938 0.221405029296875 -0.14678955078125
0.0498008728027344 0.0403861999511719 0.454071044921875 0.075775146484375
-0.00246810913085938 0.0523567199707031 0.4385986328125 0.5147705078125
-0.0661392211914063 0.00507354736328125 -0.170166015625 0.79766845703125
-0.0406913757324219 -0.0627555847167969 -0.8138427734375 0.57928466796875
0.0357627868652344 -0.0127029418945312 -0.718994140625 0.07440185546875
0.0886154174804688 0.031463623046875 0.1319580078125 0.0995941162109375
0.0560493469238281 -0.0171966552734375 0.8814697265625 -0.18414306640625
-0.011993408203125 -0.0264415740966797 0.59747314453125 -0.8311767578125
-0.0334053039550781 0.00908851623535156 -0.263427734375 -0.80615234375
0.00688743591308594 0.0156927108764648 -0.61419677734375 -0.21630859375
0.0467414855957031 0.0224685668945312 -0.4658203125 0.1329345703125
0.0553207397460937 0.0085296630859375 -0.112106323242188 0.242599487304687
0.00563812255859375 -0.0205516815185547 0.116928100585938 0.169876098632813
0.0309734344482422 -0.0227584838867188 -0.0638427734375 -0.154449462890625
0.0606689453125 0.0180015563964844 0.2237548828125 -0.156570434570312
0.0568008422851562 0.0405311584472656 0.46148681640625 0.06231689453125
0.0038299560546875 0.0578651428222656 0.4580078125 0.502349853515625
-0.0639152526855469 0.00877380371093751 -0.13519287109375 0.8013916015625
-0.0369949340820312 -0.0645561218261719 -0.7822265625 0.60260009765625
0.0524787902832031 -0.0187530517578125 -0.70758056640625 0.09088134765625
0.112258911132813 0.0306472778320313 0.131439208984375 0.103187561035156
0.0694351196289062 -0.0225028991699219 0.89447021484375 -0.16558837890625
-0.00816726684570312 -0.0306949615478516 0.63055419921875 -0.81744384765625
-0.0331287384033203 0.0108203887939453 -0.2325439453125 -0.8173828125
0.00983238220214844 0.0191440582275391 -0.6072998046875 -0.23577880859375
0.0508880615234375 0.023529052734375 -0.467559814453125 0.1201171875
0.0610694885253906 0.00552749633789062 -0.114913940429688 0.231475830078125
0.0108108520507813 -0.0258846282958984 0.119110107421875 0.160476684570313
0.000512123107910155 0.0155172348022461 -0.079833984375 -0.156387329101563
0.00103759765625 0.0300083160400391 0.207077026367188 -0.192626953125
-0.0177536010742187 0.0278491973876953 0.456390380859375 -0.033782958984375
-0.0385055541992188 0.0180511474609375 0.531494140625 0.37646484375
-0.0528831481933594 -0.0173988342285156 0.04412841796875 0.76947021484375
-0.0177993774414063 -0.0616531372070313 -0.6229248046875 0.71826171875
0.0335788726806641 0.00608253479003906 -0.7281494140625 0.197265625
0.065155029296875 0.0622825622558594 0.0234375 0.101600646972656
0.0696983337402344 0.0252304077148438 0.8734130859375 -0.0277099609375
0.0329456329345703 -0.0282802581787109 0.77386474609375 -0.70672607421875
-0.0226669311523438 -0.0355644226074219 -0.0909423828125001 -0.86444091796875
-0.0401115417480469 -0.0195732116699219 -0.57232666015625 -0.34210205078125
-0.0196857452392578 0.0108852386474609 -0.479339599609375 0.0533447265625
0.000312805175781248 0.0237102508544922 -0.126296997070312 0.227508544921875
-0.00646781921386719 0.0133628845214844 0.122650146484375 0.166244506835938
0.00240612030029297 0.0149021148681641 -0.077880859375 -0.146957397460938
0.0035858154296875 0.0319766998291016 0.210296630859375 -0.1776123046875
-0.0120601654052734 0.0276241302490234 0.45404052734375 -0.00872802734375
-0.0346183776855469 0.0179271697998047 0.510894775390625 0.40496826171875
-0.0550918579101563 -0.0171661376953125 -0.00646972656249999 0.777099609375
-0.0254325866699219 -0.0585670471191406 -0.6729736328125 0.690185546875
0.01788330078125 0.009918212890625 -0.73980712890625 0.16815185546875
0.0447845458984375 0.056060791015625 0.035308837890625 0.0990676879882813
0.0526084899902344 0.0219802856445313 0.863037109375 -0.06884765625
0.0202064514160156 -0.0257625579833984 0.7178955078125 -0.741455078125
-0.0290203094482422 -0.0274982452392578 -0.14501953125 -0.85015869140625
-0.0372467041015625 -0.0157356262207031 -0.59210205078125 -0.309326171875
-0.0132341384887695 0.0130300521850586 -0.481414794921875 0.079986572265625
0.00322914123535156 0.0249309539794922 -0.123565673828125 0.239181518554688
-0.00625038146972656 0.0117883682250977 0.114761352539063 0.172622680664063
0.00457000732421875 0.00936126708984375 -0.0746383666992188 -0.140083312988281
0.0109291076660156 0.0329723358154297 0.212127685546875 -0.164077758789063
-0.000680923461914064 0.0266246795654297 0.453887939453125 0.016754150390625
-0.0288257598876953 0.0194492340087891 0.48577880859375 0.43621826171875
-0.0577163696289063 -0.0149497985839844 -0.0618286132812501 0.7806396484375
-0.0341377258300781 -0.0550308227539062 -0.72412109375 0.650146484375
0.00694656372070313 0.00892162322998047 -0.741943359375 0.136474609375
0.036773681640625 0.0491714477539063 0.0554962158203125 0.096038818359375
0.0408897399902344 0.0130119323730469 0.855712890625 -0.11358642578125
0.00868415832519531 -0.0246543884277344 0.65777587890625 -0.7783203125
-0.0329036712646484 -0.0209751129150391 -0.20098876953125 -0.83026123046875
-0.02978515625 -0.0087127685546875 -0.605224609375 -0.26727294921875
-0.00240230560302734 0.0159482955932617 -0.477081298828125 0.10577392578125
0.0112018585205078 0.0252590179443359 -0.118728637695312 0.2510986328125
-0.00868463516235352 0.00792360305786133 0.114608764648437 0.17889404296875
0.00910091400146484 0.00457668304443359 -0.0724029541015625 -0.136207580566406
0.0214958190917969 0.0303516387939453 0.213714599609375 -0.153244018554688
0.0105724334716797 0.02825927734375 0.45074462890625 0.0433349609375
-0.0240058898925781 0.0266456604003906 0.461578369140625 0.4676513671875
-0.0609893798828125 -0.0109062194824219 -0.11285400390625 0.7872314453125
-0.0378570556640625 -0.05584716796875 -0.76739501953125 0.61895751953125
0.00434160232543945 0.00524997711181641 -0.73779296875 0.10638427734375
0.0386734008789063 0.0416755676269531 0.0817337036132812 0.0958175659179687
0.0359878540039063 0.00748443603515625 0.8553466796875 -0.15435791015625
-0.00235366821289063 -0.0234966278076172 0.60601806640625 -0.804931640625
-0.0356292724609375 -0.0118026733398437 -0.24853515625 -0.80987548828125
-0.0201168060302734 -0.0023040771484375 -0.6131591796875 -0.23284912109375
0.0116157531738281 0.0187320709228516 -0.470703125 0.1304931640625
0.0217552185058594 0.0208263397216797 -0.113723754882812 0.254898071289063
-0.00620126724243164 0.00212001800537109 0.112838745117188 0.1796875
0.0143985748291016 -0.00126552581787109 -0.07110595703125 -0.13543701171875
0.0337009429931641 0.0273323059082031 0.213424682617187 -0.146377563476563
0.0279006958007812 0.0321788787841797 0.45013427734375 0.06170654296875
-0.0149097442626953 0.0345458984375 0.445709228515625 0.48834228515625
-0.0638351440429688 -0.00391006469726562 -0.14544677734375 0.7880859375
-0.0439910888671875 -0.0560798645019531 -0.79541015625 0.59332275390625
0.00811862945556641 -0.000455379486083984 -0.73358154296875 0.0877685546875001
0.0463676452636719 0.03662109375 0.10479736328125 0.0943603515625
0.0358963012695313 -0.00176620483398438 0.8533935546875 -0.18310546875
-0.009613037109375 -0.0238380432128906 0.57427978515625 -0.82720947265625
-0.0352401733398438 -0.00137710571289062 -0.27801513671875 -0.7930908203125
-0.00972557067871094 0.00413990020751953 -0.61859130859375 -0.2066650390625
0.0239849090576172 0.0190010070800781 -0.46490478515625 0.14324951171875
0.0364646911621094 0.0173835754394531 -0.107574462890625 0.255096435546875
-0.00127887725830078 -0.00694990158081055 0.113113403320312 0.178604125976563
0.0216808319091797 -0.00932502746582031 -0.0668563842773438 -0.138046264648438
0.0428390502929688 0.0235061645507813 0.216033935546875 -0.145004272460937
0.038665771484375 0.0368843078613281 0.45074462890625 0.069244384765625
-0.00746917724609375 0.0436134338378906 0.43829345703125 0.50042724609375
-0.0644264221191406 0.00181961059570312 -0.16265869140625 0.79058837890625
-0.0427742004394531 -0.0581474304199219 -0.80780029296875 0.58380126953125
0.0188579559326172 -0.0076141357421875 -0.7225341796875 0.0816650390625002
0.06719970703125 0.0316009521484375 0.121963500976563 0.0945663452148438
0.0430183410644531 -0.0114860534667969 0.8597412109375 -0.20062255859375
-0.0128002166748047 -0.0226573944091797 0.56231689453125 -0.83746337890625
-0.0352363586425781 0.00570297241210938 -0.28765869140625 -0.78936767578125
-0.0019388198852539 0.0101852416992188 -0.61871337890625 -0.1968994140625
0.037200927734375 0.0201606750488281 -0.4595947265625 0.148162841796875
0.0459403991699219 0.0114822387695312 -0.105789184570312 0.250503540039063
0.000221252441406249 -0.0128498077392578 0.116104125976563 0.173599243164063
0.0272197723388672 -0.0167999267578125 -0.0658416748046875 -0.14453125
0.0537567138671875 0.0198135375976563 0.218399047851563 -0.15191650390625
0.0504684448242188 0.0390472412109375 0.453460693359375 0.067108154296875
-0.00162506103515625 0.0513839721679688 0.447784423828125 0.500579833984375
-0.0653343200683594 0.00543212890624999 -0.15093994140625 0.79644775390625
-0.0419845581054687 -0.0602607727050781 -0.79425048828125 0.59478759765625
0.0362930297851562 -0.0135421752929687 -0.71148681640625 0.0885009765625001
0.0881576538085938 0.0298233032226563 0.131805419921875 0.095611572265625
0.0531196594238281 -0.0192489624023437 0.87030029296875 -0.20098876953125
-0.0126533508300781 -0.02606201171875 0.57586669921875 -0.83502197265625
-0.0329914093017578 0.00930595397949219 -0.27886962890625 -0.794677734375
0.00743007659912109 0.0148544311523438 -0.61297607421875 -0.20068359375
0.0466537475585937 0.0216178894042969 -0.46038818359375 0.14434814453125
0.0550422668457031 0.00601959228515625 -0.1060791015625 0.243026733398438
0.005889892578125 -0.0200214385986328 0.118820190429687 0.166397094726563
0.0309600830078125 -0.0220870971679688 -0.0646209716796875 -0.1512451171875
0.0606918334960938 0.015106201171875 0.218795776367187 -0.160720825195312
0.0574417114257812 0.0392112731933594 0.458251953125 0.05059814453125
0.0043182373046875 0.055938720703125 0.4664306640625 0.48883056640625
-0.0630836486816406 0.00925064086914064 -0.11798095703125 0.79791259765625
-0.0389251708984375 -0.0640983581542969 -0.76220703125 0.61474609375
0.052764892578125 -0.0193557739257813 -0.7000732421875 0.1048583984375
0.111953735351563 0.0274581909179688 0.132637023925781 0.0980300903320313
0.0679664611816406 -0.0234909057617188 0.88311767578125 -0.18310546875
-0.0088043212890625 -0.0287876129150391 0.6060791015625 -0.82354736328125
-0.0325412750244141 0.0132675170898437 -0.24945068359375 -0.80596923828125
0.0123291015625 0.0194587707519531 -0.607421875 -0.21917724609375
0.0507278442382813 0.0202980041503906 -0.45904541015625 0.1282958984375
0.0611381530761719 0.00274658203125 -0.108474731445313 0.232040405273438
0.0124111175537109 -0.0252265930175781 0.122711181640625 0.159393310546875
0.000865936279296877 0.0157289505004883 -0.079742431640625 -0.15496826171875
0.00239753723144531 0.0290946960449219 0.2015380859375 -0.195999145507813
-0.0168342590332031 0.0285415649414062 0.449920654296875 -0.044525146484375
-0.0377540588378906 0.0190315246582031 0.534149169921875 0.35919189453125
-0.0521774291992188 -0.0167083740234375 0.0582275390625001 0.76141357421875
-0.0196304321289063 -0.0591201782226562 -0.603515625 0.72113037109375
0.0342197418212891 0.00611114501953125 -0.7169189453125 0.20880126953125
0.0635871887207031 0.0599746704101563 0.0235519409179687 0.100440979003906
0.0691947937011719 0.0240135192871094 0.8597412109375 -0.04608154296875
0.0315418243408203 -0.0275325775146484 0.7513427734375 -0.71429443359375
-0.0229167938232422 -0.0341281890869141 -0.106201171875 -0.85247802734375
-0.0392723083496094 -0.019195556640625 -0.5748291015625 -0.3262939453125
-0.0195465087890625 0.0100059509277344 -0.472991943359375 0.06341552734375
-0.000720977783203127 0.0238456726074219 -0.12200927734375 0.22784423828125
-0.00484466552734375 0.0144004821777344 0.122634887695313 0.161468505859375
0.00340366363525391 0.0138235092163086 -0.0791473388671875 -0.144546508789062
0.00472068786621093 0.0305061340332031 0.203872680664063 -0.180435180664063
-0.0117435455322266 0.0258769989013672 0.449615478515625 -0.017669677734375
-0.0355720520019531 0.0167694091796875 0.5137939453125 0.38873291015625
-0.0548362731933594 -0.0150604248046875 0.00976562499999995 0.76953125
-0.0260200500488281 -0.0555458068847656 -0.65362548828125 0.6942138671875
0.0176601409912109 0.00916671752929688 -0.72918701171875 0.18096923828125
0.0467185974121094 0.0535850524902344 0.0363693237304687 0.0961074829101562
0.0530967712402344 0.0203971862792969 0.85260009765625 -0.082275390625
0.0186672210693359 -0.0269317626953125 0.696533203125 -0.74798583984375
-0.0279026031494141 -0.0267066955566406 -0.15985107421875 -0.83868408203125
-0.0360260009765625 -0.01507568359375 -0.5908203125 -0.29193115234375
-0.0128984451293945 0.0116748809814453 -0.474273681640625 0.089385986328125
0.00499343872070312 0.0258808135986328 -0.1187744140625 0.238525390625
-0.00664520263671875 0.0135793685913086 0.117996215820312 0.16937255859375
0.00569438934326172 0.0102243423461914 -0.076171875 -0.139869689941406
0.0122299194335937 0.0305042266845703 0.205184936523438 -0.168594360351563
-0.00224685668945313 0.0271129608154297 0.449432373046875 0.0069580078125
-0.0296058654785156 0.0221958160400391 0.48944091796875 0.42291259765625
-0.0568771362304688 -0.013641357421875 -0.0443115234375 0.773193359375
-0.03424072265625 -0.0509376525878906 -0.703369140625 0.65777587890625
0.00587844848632812 0.00825309753417969 -0.73284912109375 0.1488037109375
0.0371322631835938 0.0485458374023438 0.0578231811523437 0.0939865112304688
0.0418243408203125 0.0144424438476563 0.84417724609375 -0.1285400390625
0.00511550903320313 -0.0231246948242188 0.63543701171875 -0.780029296875
-0.0321273803710937 -0.0186500549316406 -0.216552734375 -0.81756591796875
-0.029541015625 -0.00856590270996093 -0.60516357421875 -0.25341796875
-0.0034027099609375 0.0173206329345703 -0.468902587890625 0.116546630859375
0.0147113800048828 0.0247554779052734 -0.112503051757812 0.250839233398438
-0.00722551345825195 0.00709915161132812 0.117507934570312 0.1767578125
0.0104608535766602 0.00558662414550781 -0.0744781494140625 -0.13409423828125
0.0209217071533203 0.0287227630615234 0.208221435546875 -0.156112670898437
0.0123062133789063 0.0275611877441406 0.44744873046875 0.032623291015625
-0.0220718383789063 0.0261802673339844 0.466064453125 0.4560546875
-0.0593185424804687 -0.00897979736328126 -0.0963134765625001 0.77899169921875
-0.0386123657226563 -0.052581787109375 -0.74835205078125 0.6260986328125
0.00287342071533203 0.00459909439086914 -0.73065185546875 0.11907958984375
0.03875732421875 0.0415458679199219 0.083404541015625 0.0931243896484375
0.0355911254882813 0.00600433349609375 0.83892822265625 -0.16864013671875
-0.00368118286132812 -0.0235671997070313 0.58575439453125 -0.810791015625
-0.0343303680419922 -0.0100650787353516 -0.2606201171875 -0.7979736328125
-0.0214557647705078 -0.00115013122558594 -0.61468505859375 -0.2181396484375
0.0101051330566406 0.0184001922607422 -0.463134765625 0.138885498046875
0.0236110687255859 0.0200767517089844 -0.10614013671875 0.254959106445313
-0.00578403472900391 0.00156354904174805 0.11505126953125 0.17718505859375
0.0154151916503906 -0.00315570831298828 -0.0705032348632813 -0.136039733886719
0.0300941467285156 0.0259056091308594 0.210693359375 -0.151336669921875
0.0262775421142578 0.0311069488525391 0.4442138671875 0.05029296875
-0.0131149291992188 0.0353279113769531 0.451385498046875 0.475921630859375
-0.061981201171875 -0.00385665893554687 -0.13128662109375 0.7813720703125
-0.0449142456054687 -0.0528106689453125 -0.778564453125 0.6015625
0.00648355484008789 0.00102901458740234 -0.7225341796875 0.0997924804687499
0.0476150512695313 0.0363349914550781 0.104057312011719 0.0900497436523437
0.0360755920410156 -0.00408935546875 0.83935546875 -0.19818115234375
-0.0117664337158203 -0.0223484039306641 0.5517578125 -0.82659912109375
-0.0359992980957031 7.62939453125036E-05 -0.29034423828125 -0.78057861328125
-0.0103664398193359 0.00509071350097656 -0.6151123046875 -0.19378662109375
0.0249099731445312 0.0172653198242188 -0.457305908203125 0.15411376953125
0.0349292755126953 0.0160388946533203 -0.10198974609375 0.256912231445313
-0.00326251983642578 -0.00545024871826172 0.116012573242187 0.175918579101562
0.0224571228027344 -0.0105304718017578 -0.068084716796875 -0.136642456054688
0.0440483093261719 0.0235328674316406 0.212600708007812 -0.149139404296875
0.0396804809570313 0.0353851318359375 0.44732666015625 0.059722900390625
-0.00650405883789063 0.0439949035644531 0.445465087890625 0.48675537109375
-0.0633049011230469 0.00147628784179689 -0.1483154296875 0.78631591796875
-0.0439529418945313 -0.0556297302246094 -0.7869873046875 0.59100341796875
0.0196094512939453 -0.00743675231933594 -0.71337890625 0.0939941406249999
0.0650634765625 0.0307083129882813 0.120536804199219 0.09124755859375
0.0414352416992188 -0.0122413635253906 0.8443603515625 -0.21270751953125
-0.0136165618896484 -0.0227432250976562 0.538818359375 -0.83795166015625
-0.0334148406982422 0.00490760803222657 -0.29864501953125 -0.7763671875
-0.000851631164550781 0.0100879669189453 -0.61553955078125 -0.18402099609375
0.0374374389648438 0.0188865661621094 -0.45263671875 0.157318115234375
0.045318603515625 0.0100936889648438 -0.099884033203125 0.25103759765625
0.000965118408203123 -0.0136804580688477 0.117904663085938 0.16998291015625
0.0270576477050781 -0.0175609588623047 -0.0683135986328125 -0.142227172851563
0.0526046752929688 0.0174293518066406 0.21337890625 -0.15374755859375
0.0500030517578125 0.0379409790039063 0.449676513671875 0.056365966796875
0.000110626220703124 0.0519943237304688 0.453125 0.487640380859375
-0.0634231567382813 0.00735855102539061 -0.1356201171875 0.79034423828125
-0.0433464050292969 -0.0584640502929688 -0.7769775390625 0.60015869140625
0.0342292785644531 -0.0134983062744141 -0.70184326171875 0.0984497070312501
0.0875930786132813 0.0271148681640625 0.130714416503906 0.0919418334960937
0.0524253845214844 -0.0193252563476563 0.855712890625 -0.213134765625
-0.0145721435546875 -0.0245494842529297 0.55206298828125 -0.83758544921875
-0.0326671600341797 0.00971603393554688 -0.29132080078125 -0.78106689453125
0.00714778900146485 0.014042854309082 -0.612548828125 -0.18621826171875
0.0452766418457031 0.0185089111328125 -0.4532470703125 0.1524658203125
0.0556755065917969 0.0049591064453125 -0.100296020507813 0.244400024414063
0.00521278381347656 -0.0201454162597656 0.1214599609375 0.163070678710937
0.0297508239746094 -0.0216255187988281 -0.0667572021484375 -0.150482177734375
0.0594902038574219 0.0145835876464844 0.213592529296875 -0.164077758789063
0.0569839477539062 0.0371627807617187 0.453887939453125 0.040496826171875
0.0059967041015625 0.0579681396484375 0.470489501953125 0.474639892578125
-0.0617942810058594 0.0106582641601563 -0.1021728515625 0.79339599609375
-0.0395698547363281 -0.0615692138671875 -0.74200439453125 0.62176513671875
0.0511016845703125 -0.0207939147949219 -0.69036865234375 0.1160888671875
0.110198974609375 0.025390625 0.130271911621094 0.0949172973632813
0.0654792785644531 -0.0230751037597656 0.86846923828125 -0.19696044921875
-0.00916099548339844 -0.0284500122070313 0.58526611328125 -0.82647705078125
-0.0309734344482422 0.0108718872070313 -0.2613525390625 -0.79510498046875
0.0111579895019531 0.0172433853149414 -0.6060791015625 -0.2060546875
0.0513076782226562 0.02081298828125 -0.454833984375 0.1376953125
0.06146240234375 0.00251388549804688 -0.103622436523438 0.233184814453125
0.0102806091308594 -0.0250320434570313 0.1240234375 0.15447998046875
0.00335407257080078 0.0143032073974609 -0.081451416015625 -0.152023315429688
0.00346565246582031 0.0281295776367188 0.195220947265625 -0.1988525390625
-0.0161724090576172 0.0286445617675781 0.4442138671875 -0.051666259765625
-0.0363388061523437 0.0196189880371094 0.53363037109375 0.34429931640625
-0.052886962890625 -0.0147552490234375 0.0712280273437501 0.75042724609375
-0.0200271606445313 -0.0580596923828125 -0.58154296875 0.7218017578125
0.0337371826171875 0.00656318664550781 -0.70440673828125 0.21624755859375
0.0642547607421875 0.0578498840332031 0.0246810913085937 0.0981369018554688
0.0682373046875 0.0220527648925781 0.8482666015625 -0.0594482421875
0.0315322875976563 -0.0288925170898438 0.73175048828125 -0.71563720703125
-0.023345947265625 -0.0329627990722656 -0.12054443359375 -0.841552734375
-0.0389366149902344 -0.0194015502929687 -0.57232666015625 -0.31353759765625
-0.0188064575195313 0.00990486145019532 -0.466888427734375 0.0711059570312499
-7.43865966796874E-05 0.0224609375 -0.116607666015625 0.227691650390625
-0.003509521484375 0.015192985534668 0.123809814453125 0.159408569335938
0.0035085678100586 0.0143661499023438 -0.078948974609375 -0.142044067382813
0.00540351867675781 0.0286693572998047 0.197540283203125 -0.18292236328125
-0.0117149353027344 0.0266704559326172 0.441741943359375 -0.024871826171875
-0.0327072143554688 0.0186538696289062 0.514556884765625 0.37603759765625
-0.0540809631347656 -0.0144004821777344 0.0224609374999999 0.76171875
-0.0260963439941406 -0.0523757934570313 -0.6351318359375 0.6951904296875
0.0190887451171875 0.01031494140625 -0.7161865234375 0.18994140625
0.0465354919433594 0.0531883239746094 0.0365219116210938 0.0946273803710937
0.0518302917480469 0.0182991027832031 0.8382568359375 -0.096923828125
0.0185966491699219 -0.0261611938476563 0.67578125 -0.75103759765625
-0.0277385711669922 -0.0269050598144531 -0.172607421875 -0.82568359375
-0.0358772277832031 -0.0144462585449219 -0.58984375 -0.280517578125
-0.0117826461791992 0.0114984512329102 -0.467498779296875 0.0947875976562501
0.00533294677734375 0.0235443115234375 -0.111419677734375 0.238571166992188
-0.00582599639892578 0.0124197006225586 0.119186401367188 0.166427612304688
0.00616168975830078 0.010899543762207 -0.077056884765625 -0.136505126953125
0.0116558074951172 0.0286579132080078 0.201126098632813 -0.171615600585938
-4.57763671875017E-05 0.0273399353027344 0.444366455078125 0.001312255859375
-0.0265941619873047 0.0205955505371094 0.489898681640625 0.410797119140625
-0.0558547973632813 -0.0129203796386719 -0.0331420898437501 0.76513671875
-0.0343818664550781 -0.050811767578125 -0.68695068359375 0.66259765625
0.00664138793945313 0.00955486297607422 -0.72100830078125 0.15765380859375
0.0369644165039063 0.0480003356933594 0.0567398071289063 0.0911636352539063
0.0403633117675781 0.0139045715332031 0.8297119140625 -0.13897705078125
0.00504493713378906 -0.0238609313964844 0.615234375 -0.78179931640625
-0.0319690704345703 -0.0177764892578125 -0.22576904296875 -0.80322265625
-0.0300636291503906 -0.00934219360351563 -0.60333251953125 -0.23858642578125
-0.00157833099365234 0.0140304565429688 -0.4603271484375 0.124114990234375
0.0139255523681641 0.0231113433837891 -0.1075439453125 0.248992919921875
-0.00581932067871094 0.00939273834228515 0.117599487304687 0.172531127929688
0.010981559753418 0.00389575958251953 -0.0742721557617188 -0.132270812988281
0.0227432250976563 0.0277900695800781 0.203323364257813 -0.159942626953125
0.0114345550537109 0.0278568267822266 0.442596435546875 0.024871826171875
-0.0205593109130859 0.027679443359375 0.4688720703125 0.442413330078125
-0.0587692260742188 -0.00728225708007814 -0.0829467773437499 0.77197265625
-0.0396270751953125 -0.0510406494140625 -0.72906494140625 0.6307373046875
0.00402116775512695 0.00551652908325195 -0.71893310546875 0.12896728515625
0.0380935668945312 0.0404510498046875 0.0816650390625 0.0890350341796875
0.03411865234375 0.00477027893066406 0.82513427734375 -0.17816162109375
-0.0037689208984375 -0.0219211578369141 0.565185546875 -0.807861328125
-0.0338115692138672 -0.00912857055664063 -0.27166748046875 -0.783447265625
-0.0192985534667969 -0.00130653381347656 -0.6114501953125 -0.20404052734375
0.0101652145385742 0.0168542861938477 -0.452911376953125 0.14483642578125
0.0237808227539063 0.0208663940429688 -0.1024169921875 0.25439453125
-0.00495433807373047 0.00331640243530273 0.115020751953125 0.175048828125
0.0143442153930664 -0.00372219085693359 -0.0710983276367188 -0.133087158203125
0.0347938537597656 0.0248699188232422 0.205215454101563 -0.152069091796875
0.0252151489257813 0.0309047698974609 0.442596435546875 0.042877197265625
-0.0135402679443359 0.0338516235351563 0.453857421875 0.46295166015625
-0.0634727478027344 -0.00144577026367187 -0.116455078125 0.77471923828125
-0.0438346862792969 -0.0488853454589844 -0.7572021484375 0.60723876953125
0.00768184661865234 -0.000253200531005859 -0.7122802734375 0.10992431640625
0.0452842712402344 0.0337257385253906 0.102706909179687 0.0871658325195312
0.0322360992431641 -0.00313949584960937 0.823486328125 -0.20721435546875
-0.0119686126708984 -0.0215854644775391 0.53082275390625 -0.82489013671875
-0.0331020355224609 0.000545501708984377 -0.298583984375 -0.767578125
-0.00983333587646484 0.00332069396972656 -0.61236572265625 -0.1795654296875
0.0248813629150391 0.0168228149414063 -0.44854736328125 0.157562255859375
0.0364456176757812 0.014739990234375 -0.0969696044921875 0.25604248046875
-0.00362682342529297 -0.00596809387207031 0.117202758789062 0.172607421875
0.0208358764648438 -0.00932693481445313 -0.0698471069335937 -0.135101318359375
0.0436782836914062 0.0219192504882812 0.207931518554688 -0.150344848632813
0.0386009216308594 0.0346832275390625 0.442474365234375 0.050140380859375
-0.00601959228515625 0.0439529418945312 0.448638916015625 0.4749755859375
-0.0630836486816406 0.00288009643554687 -0.1322021484375 0.77801513671875
-0.0443115234375 -0.0541877746582031 -0.7662353515625 0.59759521484375
0.0195903778076172 -0.00577545166015625 -0.70257568359375 0.102783203125
0.0654411315917969 0.0297698974609375 0.12127685546875 0.0873336791992188
0.0404205322265625 -0.0119781494140625 0.830810546875 -0.2227783203125
-0.0136909484863281 -0.0212001800537109 0.51910400390625 -0.835205078125
-0.0325984954833984 0.00623321533203124 -0.3101806640625 -0.76153564453125
-1.23977661132816E-05 0.00959205627441406 -0.61212158203125 -0.17169189453125
0.0362815856933594 0.0166587829589844 -0.445953369140625 0.165557861328125
0.0446891784667969 0.0092010498046875 -0.0953826904296875 0.2503662109375
0.00136184692382812 -0.0133323669433594 0.118362426757812 0.166961669921875
0.0259513854980469 -0.0179271697998047 -0.0690460205078125 -0.14105224609375
0.053680419921875 0.0166397094726563 0.2076416015625 -0.158050537109375
0.0490379333496094 0.0366401672363281 0.444610595703125 0.047821044921875
0.00159454345703125 0.0512847900390625 0.4560546875 0.474639892578125
-0.0630722045898437 0.00836944580078126 -0.1207275390625 0.78399658203125
-0.0424995422363281 -0.055084228515625 -0.75634765625 0.60601806640625
0.0341587066650391 -0.0126228332519531 -0.6923828125 0.106689453125
0.0861282348632813 0.0263748168945313 0.130073547363281 0.0887069702148438
0.0508956909179687 -0.0206756591796875 0.84039306640625 -0.22576904296875
-0.0137596130371094 -0.0248851776123047 0.53143310546875 -0.83624267578125
-0.0317230224609375 0.0115184783935547 -0.30133056640625 -0.76800537109375
0.0069580078125 0.0135307312011719 -0.60882568359375 -0.17340087890625
0.0465621948242187 0.0168266296386719 -0.444854736328125 0.158447265625
0.0537338256835937 0.00350189208984375 -0.0959320068359375 0.24261474609375
0.00610542297363281 -0.0189533233642578 0.123672485351563 0.16021728515625
0.0299415588378906 -0.0228557586669922 -0.0666961669921875 -0.14703369140625
0.0599479675292969 0.0119667053222656 0.208541870117188 -0.167739868164063
0.0568389892578125 0.0365562438964844 0.44976806640625 0.0333251953125
0.00601577758789063 0.0566444396972656 0.472564697265625 0.46002197265625
-0.0619430541992188 0.0117988586425781 -0.0865478515625001 0.78466796875
-0.0397682189941406 -0.0580825805664063 -0.7239990234375 0.6268310546875
0.0504341125488281 -0.0205764770507813 -0.6810302734375 0.122314453125
0.108207702636719 0.0244064331054687 0.12939453125 0.090362548828125
0.0651283264160156 -0.0255165100097656 0.8516845703125 -0.20697021484375
-0.010101318359375 -0.0274868011474609 0.56402587890625 -0.82525634765625
-0.0306529998779297 0.0124988555908203 -0.27349853515625 -0.78216552734375
0.0103225708007813 0.0177688598632813 -0.60302734375 -0.1923828125
0.0508460998535156 0.0193634033203125 -0.446533203125 0.1422119140625
0.0597076416015625 0.000370025634765625 -0.0990447998046875 0.231857299804688
0.0101680755615234 -0.0240211486816406 0.122955322265625 0.151351928710938
0.00407123565673828 0.015955924987793 -0.0819549560546875 -0.14990234375
0.00356483459472656 0.0282649993896484 0.190322875976563 -0.198577880859375
-0.0162925720214844 0.0283489227294922 0.4385986328125 -0.05706787109375
-0.0352973937988281 0.0192222595214844 0.53289794921875 0.334075927734375
-0.051422119140625 -0.0151710510253906 0.0798950195312501 0.74127197265625
-0.0214080810546875 -0.0561332702636719 -0.564697265625 0.721435546875
0.0336494445800781 0.00621795654296875 -0.69219970703125 0.22198486328125
0.0623207092285156 0.0548896789550781 0.025054931640625 0.0951461791992188
0.0668487548828125 0.020751953125 0.8350830078125 -0.0689697265625
0.030242919921875 -0.02801513671875 0.71038818359375 -0.71600341796875
-0.0225048065185547 -0.0317420959472656 -0.13018798828125 -0.82965087890625
-0.0391349792480469 -0.0186805725097656 -0.57000732421875 -0.30145263671875
-0.020355224609375 0.0104007720947266 -0.45892333984375 0.0782470703125001
0.00119972229003906 0.0204524993896484 -0.110763549804688 0.226516723632813
-0.00221061706542969 0.0150661468505859 0.124908447265625 0.155227661132812
0.00375747680664062 0.0147876739501953 -0.0799179077148438 -0.140007019042969
0.00719642639160156 0.0282573699951172 0.195144653320313 -0.185897827148438
-0.0114078521728516 0.0262794494628906 0.438323974609375 -0.03173828125
-0.0310115814208984 0.0198497772216797 0.51409912109375 0.364105224609375
-0.0528602600097656 -0.0145225524902344 0.03106689453125 0.75048828125
-0.0284194946289063 -0.0511207580566406 -0.61737060546875 0.697021484375
0.0182876586914062 0.00937461853027344 -0.70452880859375 0.193115234375
0.0460357666015625 0.0515251159667969 0.0366744995117187 0.091949462890625
0.0499839782714844 0.0177650451660156 0.82550048828125 -0.10675048828125
0.0166969299316406 -0.0256881713867188 0.6561279296875 -0.74835205078125
-0.0266246795654297 -0.0263481140136719 -0.1812744140625 -0.8131103515625
-0.0356521606445312 -0.0144386291503906 -0.58526611328125 -0.26690673828125
-0.012202262878418 0.0126419067382813 -0.4580078125 0.099639892578125
0.00576591491699218 0.0221614837646484 -0.107528686523437 0.237503051757813
-0.00565624237060547 0.0123844146728516 0.119491577148438 0.163009643554688
0.00659847259521484 0.0104694366455078 -0.0774459838867187 -0.13592529296875
0.0124568939208984 0.0277423858642578 0.195175170898438 -0.171279907226563
-0.000396728515625002 0.0256996154785156 0.436370849609375 -0.006011962890625
-0.0267047882080078 0.0220718383789063 0.49151611328125 0.39508056640625
-0.0556106567382813 -0.0116348266601563 -0.0216674804687501 0.75732421875
-0.0338478088378906 -0.0482292175292969 -0.66619873046875 0.6612548828125
0.00712776184082031 0.00920581817626953 -0.70947265625 0.16455078125
0.0370330810546875 0.0458412170410156 0.057342529296875 0.0876007080078125
0.0395011901855469 0.0121612548828125 0.81573486328125 -0.14910888671875
0.00468826293945313 -0.0235939025878906 0.596435546875 -0.779541015625
-0.0297355651855469 -0.0167369842529297 -0.23455810546875 -0.7908935546875
-0.0296096801757812 -0.00838661193847656 -0.59832763671875 -0.22589111328125
-0.00195503234863281 0.0139932632446289 -0.450286865234375 0.128814697265625
0.0123577117919922 0.0208568572998047 -0.1026611328125 0.24755859375
-0.00523281097412109 0.0093698501586914 0.118179321289062 0.169631958007813
0.0122280120849609 0.00504493713378906 -0.0734481811523438 -0.131011962890625
0.0229358673095703 0.0247287750244141 0.198410034179688 -0.161056518554688
0.0119705200195313 0.0282135009765625 0.435577392578125 0.01806640625
-0.0194644927978516 0.0255241394042969 0.468414306640625 0.42938232421875
-0.0584526062011719 -0.00631332397460936 -0.0737915039062499 0.76300048828125
-0.0403480529785156 -0.0485572814941406 -0.71124267578125 0.632568359375
0.00347089767456055 0.00560188293457031 -0.7069091796875 0.1365966796875
0.0378494262695313 0.0394706726074219 0.0810317993164063 0.08648681640625
0.0330219268798828 0.00371551513671875 0.81207275390625 -0.18902587890625
-0.00432586669921875 -0.0213336944580078 0.5462646484375 -0.8060302734375
-0.0339794158935547 -0.00805091857910156 -0.27880859375 -0.7705078125
-0.0205593109130859 -0.00120925903320312 -0.60546875 -0.19427490234375
0.0113992691040039 0.0144643783569336 -0.44671630859375 0.1505126953125
0.0227642059326172 0.0177536010742188 -0.0962066650390625 0.25274658203125
-0.00442647933959961 0.00272083282470703 0.1170654296875 0.171432495117188
0.0172739028930664 -0.00337028503417969 -0.0716018676757812 -0.130928039550781
0.0325984954833984 0.0229701995849609 0.199951171875 -0.15478515625
0.0255508422851563 0.0307178497314453 0.436065673828125 0.03497314453125
-0.0120582580566406 0.0333175659179688 0.454345703125 0.44866943359375
-0.0597457885742188 -0.00179672241210938 -0.1046142578125 0.7647705078125
-0.0435867309570313 -0.0483169555664063 -0.74078369140625 0.60980224609375
0.00579738616943359 -2.57492065429688E-05 -0.700927734375 0.11749267578125
0.0457267761230469 0.0330390930175781 0.102210998535156 0.084686279296875
0.0325260162353516 -0.004180908203125 0.81103515625 -0.2152099609375
-0.011688232421875 -0.0195560455322266 0.51385498046875 -0.8214111328125
-0.0328788757324219 -0.000476837158203127 -0.305908203125 -0.75408935546875
-0.00935649871826172 0.00436210632324219 -0.60870361328125 -0.1693115234375
0.0250473022460938 0.0150737762451172 -0.440338134765625 0.163482666015625
0.0349063873291016 0.0136699676513672 -0.09234619140625 0.2535400390625
-0.00220823287963867 -0.00443696975708008 0.117538452148438 0.170440673828125
0.0221061706542969 -0.0115146636962891 -0.0695343017578125 -0.133445739746094
0.04302978515625 0.0197982788085938 0.201507568359375 -0.155654907226563
0.0391197204589844 0.0343284606933594 0.43731689453125 0.044921875
-0.00394439697265625 0.04296875 0.448089599609375 0.46087646484375
-0.0618324279785156 0.00426864624023439 -0.1207275390625 0.7720947265625
-0.045166015625 -0.0516624450683594 -0.74920654296875 0.6004638671875
0.0181808471679688 -0.00648117065429688 -0.691650390625 0.11004638671875
0.0634269714355469 0.0272789001464844 0.119117736816406 0.0836410522460938
0.038818359375 -0.013092041015625 0.8138427734375 -0.2325439453125
-0.0149631500244141 -0.0216159820556641 0.50054931640625 -0.83038330078125
-0.0315647125244141 0.005828857421875 -0.3148193359375 -0.74810791015625
-0.00139617919921875 0.00857782363891602 -0.60772705078125 -0.15875244140625
0.0361251831054687 0.0162925720214844 -0.4356689453125 0.168853759765625
0.0450286865234375 0.00782012939453125 -0.091094970703125 0.248779296875
0.00134849548339844 -0.0118598937988281 0.120101928710938 0.163864135742188
0.0272197723388672 -0.018341064453125 -0.0683135986328125 -0.138908386230469
0.0516433715820313 0.0156707763671875 0.203659057617188 -0.159515380859375
0.0494384765625 0.0353507995605469 0.44091796875 0.0390625
0.0028228759765625 0.0506134033203125 0.456634521484375 0.4605712890625
-0.0617218017578125 0.00919342041015625 -0.10906982421875 0.7762451171875
-0.0436668395996094 -0.0545082092285156 -0.736572265625 0.60675048828125
0.0344409942626953 -0.0134735107421875 -0.68255615234375 0.114013671875
0.0851058959960938 0.0241012573242188 0.127944946289063 0.0856781005859375
0.0482139587402344 -0.0202217102050781 0.82598876953125 -0.23175048828125
-0.0145225524902344 -0.02410888671875 0.5133056640625 -0.83099365234375
-0.0309772491455078 0.0106716156005859 -0.30828857421875 -0.75445556640625
0.00733852386474609 0.0132694244384766 -0.60443115234375 -0.16229248046875
0.0448417663574219 0.0160903930664063 -0.436676025390625 0.16387939453125
0.0531578063964844 0.001434326171875 -0.09124755859375 0.240936279296875
0.0056610107421875 -0.017277717590332 0.1234130859375 0.156646728515625
0.0298671722412109 -0.0230484008789063 -0.066925048828125 -0.145355224609375
0.0581092834472656 0.011260986328125 0.2034912109375 -0.169754028320313
0.0561599731445312 0.0365333557128906 0.4425048828125 0.02557373046875
0.00807571411132812 0.0552520751953125 0.473846435546875 0.447265625
-0.0605697631835938 0.0122032165527344 -0.0738525390624999 0.7774658203125
-0.0397872924804688 -0.0566139221191406 -0.7041015625 0.628173828125
0.0493392944335938 -0.0206222534179688 -0.67022705078125 0.12957763671875
0.107528686523438 0.0213088989257813 0.127952575683594 0.0876312255859375
0.0632438659667969 -0.0254707336425781 0.83837890625 -0.21661376953125
-0.0102481842041016 -0.0275707244873047 0.546142578125 -0.82159423828125
-0.028961181640625 0.0121288299560547 -0.280517578125 -0.7677001953125
0.0102939605712891 0.0163640975952148 -0.5960693359375 -0.1822509765625
0.0502090454101563 0.0169792175292969 -0.4385986328125 0.1494140625
0.0588035583496094 -0.00180435180664063 -0.0943756103515625 0.231369018554688
0.00965309143066406 -0.0239181518554688 0.12408447265625 0.1484375
0.00360298156738281 0.0144195556640625 -0.0821685791015625 -0.147933959960938
0.00342559814453125 0.0262184143066406 0.185958862304688 -0.199356079101563
-0.0153446197509766 0.0283031463623047 0.429962158203125 -0.062713623046875
-0.0348854064941406 0.0209178924560547 0.529296875 0.323089599609375
-0.0514450073242188 -0.0149192810058594 0.08837890625 0.72894287109375
-0.0224685668945312 -0.0544776916503906 -0.55133056640625 0.716796875
0.0339374542236328 0.00602340698242188 -0.680419921875 0.2239990234375
0.0613632202148437 0.0559959411621094 0.0245437622070312 0.0934600830078125
0.0649147033691406 0.0202293395996094 0.8226318359375 -0.07537841796875
0.0298023223876953 -0.0283908843994141 0.6951904296875 -0.71270751953125
-0.021636962890625 -0.0313186645507812 -0.13763427734375 -0.817626953125
-0.0405693054199219 -0.0183601379394531 -0.56689453125 -0.28985595703125
-0.0199165344238281 0.0090484619140625 -0.45257568359375 0.081634521484375
0.00137710571289062 0.0212020874023437 -0.108596801757813 0.224594116210937
-0.0022134780883789 0.0149717330932617 0.125152587890625 0.153076171875
0.00518989562988281 0.013249397277832 -0.0792388916015625 -0.138198852539063
0.00658988952636719 0.0267429351806641 0.18927001953125 -0.186187744140625
-0.0109405517578125 0.0279712677001953 0.431427001953125 -0.036468505859375
-0.0313701629638672 0.0201930999755859 0.511993408203125 0.35345458984375
-0.0529823303222656 -0.0135765075683594 0.0382690429687501 0.73919677734375
-0.0271148681640625 -0.0508918762207031 -0.60009765625 0.69384765625
0.0184860229492188 0.0108489990234375 -0.69268798828125 0.19927978515625
0.0454139709472656 0.0508232116699219 0.035064697265625 0.0900650024414063
0.0497474670410156 0.0151138305664063 0.8128662109375 -0.11199951171875
0.0178070068359375 -0.0258674621582031 0.6375732421875 -0.74560546875
-0.0264568328857422 -0.0244331359863281 -0.1884765625 -0.8006591796875
-0.0355186462402344 -0.0138931274414062 -0.58123779296875 -0.255615234375
-0.0120162963867187 0.0104951858520508 -0.450531005859375 0.10845947265625
0.00435638427734375 0.0225105285644531 -0.104232788085938 0.23712158203125
-0.004669189453125 0.0131263732910156 0.119003295898438 0.161026000976563
0.00727176666259766 0.00965785980224609 -0.0779190063476563 -0.132781982421875
0.0115489959716797 0.0277690887451172 0.189895629882813 -0.17315673828125
0.000972747802734377 0.0264892578125 0.431610107421875 -0.010894775390625
-0.0263652801513672 0.0192947387695312 0.489715576171875 0.3856201171875
-0.0546913146972656 -0.00965118408203125 -0.0135498046875001 0.745849609375
-0.0347175598144531 -0.0482559204101563 -0.65228271484375 0.66070556640625
0.00741767883300781 0.00911140441894531 -0.69793701171875 0.16729736328125
0.0349502563476563 0.0442047119140625 0.057952880859375 0.0860214233398438
0.0369644165039063 0.011566162109375 0.80108642578125 -0.1553955078125
0.00493240356445312 -0.0226078033447266 0.58306884765625 -0.77618408203125
-0.0306663513183594 -0.0171661376953125 -0.24078369140625 -0.77984619140625
-0.027984619140625 -0.00796699523925782 -0.59149169921875 -0.21771240234375
-0.000558853149414062 0.0130891799926758 -0.44525146484375 0.13323974609375
0.0139350891113281 0.0225505828857422 -0.0986480712890625 0.247451782226563
-0.00617218017578125 0.00877904891967773 0.119049072265625 0.166961669921875
0.0105953216552734 0.00346469879150391 -0.0746383666992188 -0.130935668945313
0.0219039916992188 0.0259857177734375 0.194442749023438 -0.16082763671875
0.0101509094238281 0.0272502899169922 0.43133544921875 0.013397216796875
-0.0173206329345703 0.0266571044921875 0.46746826171875 0.41705322265625
-0.0575447082519531 -0.00682830810546876 -0.06298828125 0.75518798828125
-0.0398368835449219 -0.04669189453125 -0.69659423828125 0.63006591796875
0.00429821014404297 0.00568008422851563 -0.69580078125 0.13720703125
0.0377578735351563 0.0392951965332031 0.079254150390625 0.0852432250976562
0.0322151184082031 0.00377082824707031 0.79742431640625 -0.19268798828125
-0.0045928955078125 -0.0223007202148438 0.5316162109375 -0.79986572265625
-0.0323677062988281 -0.00835800170898438 -0.28265380859375 -0.7579345703125
-0.0186557769775391 -0.00181961059570313 -0.5997314453125 -0.185302734375
0.0109090805053711 0.0151138305664063 -0.43792724609375 0.156494140625
0.0220394134521484 0.0170917510986328 -0.092010498046875 0.250244140625
-0.00428080558776855 0.00230669975280762 0.117935180664062 0.16790771484375
0.0173206329345703 -0.00359630584716797 -0.0710983276367188 -0.128578186035156
0.0326881408691406 0.02197265625 0.195556640625 -0.155960083007813
0.0257644653320312 0.0309066772460938 0.429962158203125 0.02825927734375
-0.0106773376464844 0.0351352691650391 0.4520263671875 0.43756103515625
-0.059112548828125 -0.000698089599609378 -0.09405517578125 0.7572021484375
-0.0433158874511719 -0.0465087890625 -0.7232666015625 0.6099853515625
0.00695610046386719 -9.34600830078125E-05 -0.69073486328125 0.1190185546875
0.0459556579589844 0.0331268310546875 0.100273132324219 0.0824203491210937
0.0339698791503906 -0.00275039672851563 0.7950439453125 -0.22021484375
-0.0107936859130859 -0.0206489562988281 0.4974365234375 -0.8140869140625
-0.0327129364013672 0.00150108337402344 -0.31121826171875 -0.7396240234375
-0.00977039337158203 0.0028076171875 -0.60113525390625 -0.15997314453125
0.0245513916015625 0.0152435302734375 -0.431121826171875 0.167877197265625
0.0336093902587891 0.0112857818603516 -0.087890625 0.249588012695313
-0.0019073486328125 -0.00553417205810547 0.1192626953125 0.166030883789063
0.0223808288574219 -0.0100650787353516 -0.067840576171875 -0.130928039550781
0.0432891845703125 0.0192070007324219 0.19842529296875 -0.155426025390625
0.0371017456054688 0.0346221923828125 0.431884765625 0.038970947265625
-0.00435256958007812 0.0422439575195313 0.4471435546875 0.44927978515625
-0.060943603515625 0.0046844482421875 -0.1099853515625 0.762939453125
-0.0447273254394531 -0.0479965209960938 -0.73406982421875 0.60040283203125
0.0167417526245117 -0.00597763061523437 -0.68035888671875 0.11376953125
0.0625 0.026580810546875 0.116889953613281 0.080902099609375
0.0381431579589844 -0.0128250122070313 0.79974365234375 -0.237060546875
-0.0151405334472656 -0.0206642150878906 0.48541259765625 -0.82373046875
-0.031097412109375 0.00651550292968751 -0.322021484375 -0.7353515625
0.000322818756103516 0.0080866813659668 -0.60162353515625 -0.1507568359375
0.0359573364257813 0.014678955078125 -0.42901611328125 0.17120361328125
0.0434150695800781 0.00651931762695313 -0.086639404296875 0.246475219726563
0.000814437866210938 -0.0101613998413086 0.119583129882813 0.162109375
0.0273590087890625 -0.0176200866699219 -0.0680084228515625 -0.136528015136719
0.0513763427734375 0.0143051147460937 0.199417114257813 -0.15960693359375
0.0507659912109375 0.035552978515625 0.434600830078125 0.034393310546875
0.0028839111328125 0.0504112243652344 0.456512451171875 0.4503173828125
-0.06097412109375 0.00916671752929688 -0.0995483398437501 0.76751708984375
-0.0424842834472656 -0.0514297485351563 -0.7222900390625 0.60784912109375
0.0337715148925781 -0.0139694213867187 -0.67193603515625 0.11822509765625
0.0834579467773438 0.0222091674804688 0.126335144042969 0.0826873779296875
0.0483360290527344 -0.0195541381835937 0.81060791015625 -0.2371826171875
-0.012847900390625 -0.0230140686035156 0.49737548828125 -0.82562255859375
-0.0297012329101563 0.0116233825683594 -0.31317138671875 -0.73980712890625
0.00638580322265625 0.0131893157958984 -0.59747314453125 -0.153564453125
0.0442008972167969 0.0161094665527344 -0.4283447265625 0.167694091796875
0.0524024963378906 0.00099945068359375 -0.08807373046875 0.23968505859375
0.00568580627441406 -0.0182476043701172 0.12396240234375 0.154739379882812
0.0290660858154297 -0.0239372253417969 -0.067138671875 -0.14434814453125
0.0568046569824219 0.0103836059570313 0.199813842773437 -0.170303344726563
0.0560951232910156 0.034454345703125 0.438751220703125 0.019927978515625
0.00726318359375 0.0552787780761719 0.472625732421875 0.435272216796875
-0.0591354370117188 0.012176513671875 -0.0673828124999999 0.76690673828125
-0.0393562316894531 -0.0540618896484375 -0.689697265625 0.62750244140625
0.0492172241210937 -0.02130126953125 -0.657958984375 0.134033203125
0.104988098144531 0.0209274291992188 0.127609252929688 0.084625244140625
0.0618934631347656 -0.0249443054199219 0.82489013671875 -0.2203369140625
-0.0107173919677734 -0.0246181488037109 0.52911376953125 -0.81524658203125
-0.0280494689941406 0.0135326385498047 -0.2864990234375 -0.7554931640625
0.00932979583740234 0.01580810546875 -0.5924072265625 -0.1727294921875
0.0494308471679688 0.0155029296875 -0.42913818359375 0.152801513671875
0.0603294372558594 -0.00362014770507813 -0.0918121337890625 0.2291259765625
0.00959014892578125 -0.0229701995849609 0.123687744140625 0.14739990234375
0.00376701354980469 0.0140657424926758 -0.0814056396484375 -0.14569091796875
0.00276565551757813 0.0263671875 0.181854248046875 -0.199432373046875
-0.0151901245117187 0.0277748107910156 0.425445556640625 -0.0655517578125
-0.0332794189453125 0.0197830200195312 0.525634765625 0.31414794921875
-0.0501976013183594 -0.0138053894042969 0.092041015625 0.71881103515625
-0.0204696655273437 -0.0534706115722656 -0.5377197265625 0.7108154296875
0.0336341857910156 0.0057830810546875 -0.66986083984375 0.22650146484375
0.0628204345703125 0.0532569885253906 0.0231170654296875 0.0911102294921875
0.0645103454589844 0.020172119140625 0.80950927734375 -0.08001708984375
0.0286865234375 -0.0270233154296875 0.6796875 -0.7076416015625
-0.0216236114501953 -0.0317821502685547 -0.14141845703125 -0.8082275390625
-0.0393829345703125 -0.0189704895019531 -0.561187744140625 -0.28143310546875
-0.0193367004394531 0.00828933715820313 -0.444580078125 0.085723876953125
0.000492095947265624 0.0201339721679688 -0.104629516601562 0.223251342773438
-0.00213909149169922 0.014556884765625 0.123504638671875 0.150588989257813
0.00597286224365234 0.0126943588256836 -0.0792236328125 -0.1373291015625
0.00621223449707032 0.0274200439453125 0.183425903320313 -0.184707641601563
-0.00869560241699219 0.0270061492919922 0.424896240234375 -0.0401611328125
-0.0309295654296875 0.0193920135498047 0.506622314453125 0.343536376953125
-0.052093505859375 -0.0132102966308594 0.04608154296875 0.7298583984375
-0.0273551940917969 -0.0477142333984375 -0.587646484375 0.6871337890625
0.0192108154296875 0.0102386474609375 -0.68060302734375 0.19842529296875
0.0454826354980469 0.0495872497558594 0.0338287353515625 0.0886154174804688
0.0499000549316406 0.0175704956054688 0.79864501953125 -0.116455078125
0.0161705017089844 -0.0250015258789063 0.62603759765625 -0.7384033203125
-0.0258331298828125 -0.0240821838378906 -0.1920166015625 -0.79022216796875
-0.0350017547607422 -0.0140323638916016 -0.57452392578125 -0.24810791015625
-0.0120220184326172 0.0104255676269531 -0.444671630859375 0.110382080078125
0.005157470703125 0.0205650329589844 -0.10101318359375 0.2344970703125
-0.00273990631103516 0.014012336730957 0.118728637695313 0.1585693359375
0.00873565673828125 0.00814151763916016 -0.074920654296875 -0.13201904296875
0.0126285552978516 0.0270252227783203 0.187835693359375 -0.173919677734375
-0.00101852416992188 0.0269107818603516 0.426788330078125 -0.015716552734375
-0.0240802764892578 0.021453857421875 0.485748291015625 0.37493896484375
-0.0539703369140625 -0.0101585388183594 -0.00720214843750006 0.7357177734375
-0.0344886779785156 -0.046417236328125 -0.63787841796875 0.6566162109375
0.00712013244628906 0.00893688201904297 -0.6851806640625 0.16937255859375
0.0339164733886719 0.0431900024414063 0.0561752319335938 0.0850067138671875
0.0368843078613281 0.00955581665039063 0.78790283203125 -0.15576171875
0.00259590148925781 -0.0217552185058594 0.565185546875 -0.7667236328125
-0.0294284820556641 -0.0153675079345703 -0.24505615234375 -0.76751708984375
-0.0284748077392578 -0.00874710083007812 -0.58880615234375 -0.20880126953125
-0.00216102600097656 0.0133886337280273 -0.437530517578125 0.13525390625
0.0138797760009766 0.0193214416503906 -0.095458984375 0.24261474609375
-0.00406932830810547 0.00969409942626953 0.11798095703125 0.16400146484375
0.0113935470581055 0.00275039672851563 -0.0736465454101562 -0.127922058105469
0.0212383270263672 0.0253448486328125 0.19049072265625 -0.1640625
0.0110225677490234 0.0270175933837891 0.424591064453125 0.009490966796875
-0.0181751251220703 0.0273246765136719 0.464019775390625 0.40728759765625
-0.0561752319335938 -0.0053253173828125 -0.05462646484375 0.74462890625
-0.0402374267578125 -0.0446662902832031 -0.6820068359375 0.6265869140625
0.00356340408325195 0.00611257553100586 -0.68646240234375 0.14208984375
0.0373001098632813 0.0378913879394531 0.0770263671875 0.081390380859375
0.0322322845458984 0.00299835205078125 0.78460693359375 -0.194580078125
-0.00524520874023438 -0.0204582214355469 0.51824951171875 -0.793212890625
-0.0316162109375 -0.00878334045410156 -0.28497314453125 -0.7451171875
-0.0199642181396484 -0.00235557556152344 -0.5946044921875 -0.17791748046875
0.0113544464111328 0.0149831771850586 -0.430877685546875 0.15533447265625
0.0246562957763672 0.0167140960693359 -0.089447021484375 0.247451782226563
-0.00416135787963867 0.00365018844604492 0.11761474609375 0.16619873046875
0.0169849395751953 -0.00261592864990234 -0.0711517333984375 -0.128562927246094
0.0320816040039063 0.0210456848144531 0.192230224609375 -0.156951904296875
0.0261402130126953 0.0305461883544922 0.424560546875 0.024658203125
-0.0103607177734375 0.0346431732177734 0.45147705078125 0.42864990234375
-0.0583953857421875 0.000553131103515636 -0.08966064453125 0.748046875
-0.0435142517089844 -0.0453224182128906 -0.70819091796875 0.60406494140625
0.00598335266113281 0.00126409530639648 -0.6805419921875 0.1229248046875
0.0446662902832031 0.030303955078125 0.0991439819335938 0.0785140991210938
0.0305805206298828 -0.00607872009277344 0.783447265625 -0.2213134765625
-0.0108070373535156 -0.0195655822753906 0.48388671875 -0.806396484375
-0.0323925018310547 0.000671386718750005 -0.3126220703125 -0.72796630859375
-0.0120410919189453 0.00176525115966797 -0.59515380859375 -0.154052734375
0.0240764617919922 0.0136547088623047 -0.42535400390625 0.168060302734375
0.0328655242919922 0.0114688873291016 -0.084259033203125 0.248519897460937
-0.00214672088623047 -0.00443410873413086 0.117401123046875 0.164108276367188
0.0229015350341797 -0.0126628875732422 -0.0699615478515625 -0.130043029785156
0.0422439575195312 0.0169448852539062 0.194869995117188 -0.154129028320313
0.0384788513183594 0.0333175659179688 0.4246826171875 0.03314208984375
-0.00439834594726562 0.0425682067871094 0.446075439453125 0.4404296875
-0.0597381591796875 0.00464248657226564 -0.1033935546875 0.7529296875
-0.0437545776367187 -0.0470390319824219 -0.71917724609375 0.5960693359375
0.0188369750976563 -0.00577354431152344 -0.66943359375 0.1158447265625
0.0610580444335938 0.0252571105957031 0.114585876464844 0.0785064697265625
0.0367507934570313 -0.0125770568847656 0.7847900390625 -0.2369384765625
-0.0137367248535156 -0.0203895568847656 0.47216796875 -0.81549072265625
-0.0304183959960938 0.00792121887207031 -0.32244873046875 -0.72381591796875
0.000485897064208984 0.00868368148803711 -0.596435546875 -0.1424560546875
0.0358352661132813 0.0144615173339844 -0.42041015625 0.173675537109375
0.0425758361816406 0.00494384765625 -0.0843505859375 0.245162963867188
0.00244140625 -0.0108795166015625 0.11956787109375 0.158721923828125
0.0268173217773438 -0.0177822113037109 -0.0677947998046875 -0.135513305664062
0.0509605407714844 0.0141181945800781 0.196243286132813 -0.159698486328125
0.0487098693847656 0.0343551635742187 0.42950439453125 0.030517578125
0.00362396240234375 0.0500030517578125 0.453765869140625 0.440521240234375
-0.0598030090332031 0.00990676879882812 -0.09185791015625 0.756591796875
-0.0427513122558594 -0.0500221252441406 -0.707763671875 0.60345458984375
0.0330696105957031 -0.0122528076171875 -0.66015625 0.12109375
0.0816726684570313 0.02099609375 0.123970031738281 0.0789260864257813
0.0461044311523438 -0.01983642578125 0.797607421875 -0.23919677734375
-0.0135936737060547 -0.0222568511962891 0.48480224609375 -0.81585693359375
-0.0294284820556641 0.0116081237792969 -0.31536865234375 -0.72686767578125
0.00693416595458984 0.0119600296020508 -0.59185791015625 -0.1468505859375
0.0448570251464844 0.0145301818847656 -0.4208984375 0.168670654296875
0.0508041381835938 -0.00028228759765625 -0.08453369140625 0.236907958984375
0.00629234313964844 -0.017512321472168 0.123306274414063 0.1533203125
0.02886962890625 -0.0236034393310547 -0.0664215087890625 -0.142654418945313
0.0568313598632813 0.0099639892578125 0.196380615234375 -0.1705322265625
0.0551528930664062 0.0354537963867187 0.432647705078125 0.0164794921875
0.00946044921874999 0.0536537170410156 0.467559814453125 0.427001953125
-0.0591239929199219 0.0121955871582031 -0.0595703125 0.75787353515625
-0.0399856567382813 -0.0518798828125 -0.67578125 0.6246337890625
0.0480880737304688 -0.0212135314941406 -0.64788818359375 0.1351318359375
0.103950500488281 0.0187149047851563 0.124504089355469 0.0822372436523437
0.0598411560058594 -0.0253868103027344 0.80938720703125 -0.2232666015625
-0.0102367401123047 -0.0247821807861328 0.513671875 -0.807373046875
-0.0269565582275391 0.0130252838134766 -0.288818359375 -0.74169921875
0.010624885559082 0.0152492523193359 -0.58575439453125 -0.164794921875
0.0482330322265625 0.0144157409667969 -0.424041748046875 0.154205322265625
0.0565185546875 -0.00411605834960938 -0.089263916015625 0.227294921875
0.0104141235351563 -0.0233287811279297 0.123992919921875 0.144744873046875
0.00467014312744141 0.0141983032226563 -0.0797119140625 -0.143280029296875
0.00276947021484375 0.0258960723876953 0.1790771484375 -0.198974609375
-0.0163402557373047 0.0279312133789063 0.418853759765625 -0.066070556640625
-0.0317535400390625 0.0212650299072266 0.521240234375 0.305816650390625
-0.04803466796875 -0.0133323669433594 0.09490966796875 0.708984375
-0.021270751953125 -0.0514183044433594 -0.52734375 0.70404052734375
0.0332813262939453 0.00618934631347656 -0.6590576171875 0.22564697265625
0.0610427856445313 0.0525970458984375 0.0227127075195313 0.08966064453125
0.0607948303222656 0.0184364318847656 0.797607421875 -0.08245849609375
0.0271587371826172 -0.0259456634521484 0.66668701171875 -0.700927734375
-0.0200996398925781 -0.0299835205078125 -0.144775390625 -0.7962646484375
-0.0385856628417969 -0.0195121765136719 -0.554962158203125 -0.275634765625
-0.0189342498779297 0.00957870483398437 -0.43939208984375 0.0850830078125
0.00249862670898437 0.0200824737548828 -0.102279663085937 0.219314575195313
9.63211059570325E-05 0.0152931213378906 0.1241455078125 0.150863647460937
0.00752544403076172 0.0122976303100586 -0.0785980224609375 -0.136199951171875
0.00619697570800781 0.0258522033691406 0.180755615234375 -0.185943603515625
-0.00944709777832031 0.026763916015625 0.42010498046875 -0.0430908203125
-0.0298309326171875 0.0188446044921875 0.50238037109375 0.33551025390625
-0.0504951477050781 -0.0120697021484375 0.0477294921875 0.71881103515625
-0.0265998840332031 -0.0475311279296875 -0.5770263671875 0.67987060546875
0.0177116394042969 0.00932884216308594 -0.67047119140625 0.198974609375
0.04290771484375 0.0482101440429688 0.0337677001953125 0.08544921875
0.0474739074707031 0.0165061950683594 0.785400390625 -0.11737060546875
0.0164909362792969 -0.0234355926513672 0.61309814453125 -0.73291015625
-0.0258388519287109 -0.0250530242919922 -0.19384765625 -0.7781982421875
-0.0350284576416016 -0.0145397186279297 -0.568115234375 -0.2425537109375
-0.0119304656982422 0.0104246139526367 -0.439056396484375 0.109619140625
0.00444221496582031 0.0211925506591797 -0.0983734130859375 0.231277465820313
-0.00393581390380859 0.0133380889892578 0.11871337890625 0.1551513671875
0.00862503051757813 0.00873327255249023 -0.075469970703125 -0.130989074707031
0.0131130218505859 0.0269088745117188 0.183380126953125 -0.172836303710938
2.2888183593751E-05 0.0272140502929688 0.420135498046875 -0.017822265625
-0.0237655639648437 0.0214939117431641 0.48138427734375 0.36859130859375
-0.0539817810058594 -0.00916290283203126 -0.00463867187499996 0.72760009765625
-0.0333786010742188 -0.0439720153808594 -0.62762451171875 0.64794921875
0.00730800628662109 0.00887584686279297 -0.676025390625 0.16827392578125
0.0336227416992188 0.0418701171875 0.0522689819335938 0.0826873779296875
0.035308837890625 0.0113067626953125 0.7762451171875 -0.1588134765625
0.004180908203125 -0.0212345123291016 0.55511474609375 -0.75946044921875
-0.0302410125732422 -0.0165290832519531 -0.24700927734375 -0.75689697265625
-0.0285224914550781 -0.00757217407226562 -0.57977294921875 -0.203125
-0.000771522521972656 0.0110311508178711 -0.43170166015625 0.136383056640625
0.0143985748291016 0.0192947387695313 -0.092041015625 0.240402221679688
-0.00371265411376953 0.00828123092651367 0.117111206054688 0.162109375
0.013580322265625 0.00372028350830078 -0.0716705322265625 -0.127525329589844
0.02117919921875 0.0239658355712891 0.18841552734375 -0.162307739257812
0.01300048828125 0.0264759063720703 0.41961669921875 0.0062255859375
-0.0174808502197266 0.0272331237792969 0.4610595703125 0.397430419921875
-0.0552215576171875 -0.00550079345703126 -0.0526733398437501 0.7362060546875
-0.0390052795410156 -0.0423431396484375 -0.66937255859375 0.62158203125
0.00535440444946289 0.00659036636352539 -0.67578125 0.14239501953125
0.0338897705078125 0.0354957580566406 0.0753860473632813 0.0788497924804688
0.0306034088134766 0.0036468505859375 0.7718505859375 -0.19708251953125
-0.00526618957519531 -0.0190563201904297 0.50677490234375 -0.7847900390625
-0.0315208435058594 -0.00893020629882812 -0.2860107421875 -0.73394775390625
-0.0198879241943359 -0.00290298461914062 -0.5858154296875 -0.17193603515625
0.0105648040771484 0.0128755569458008 -0.423248291015625 0.15789794921875
0.0227928161621094 0.0148067474365234 -0.086456298828125 0.245681762695313
-0.00388908386230469 0.00381565093994141 0.118026733398438 0.165237426757813
0.0173635482788086 -0.00427913665771484 -0.070159912109375 -0.125862121582031
0.0318889617919922 0.0215644836425781 0.19024658203125 -0.155349731445313
0.0264797210693359 0.0318431854248047 0.419677734375 0.0220947265625
-0.0101737976074219 0.0344409942626953 0.44757080078125 0.41876220703125
-0.0575103759765625 -0.000160217285156238 -0.0836181640625 0.73974609375
-0.04364013671875 -0.0428848266601563 -0.69586181640625 0.60003662109375
0.0061497688293457 0.00236749649047852 -0.6702880859375 0.12353515625
0.043365478515625 0.0299224853515625 0.0958633422851563 0.0781478881835938
0.0295867919921875 -0.00493240356445313 0.7681884765625 -0.22369384765625
-0.0115165710449219 -0.0190525054931641 0.47479248046875 -0.79803466796875
-0.0306568145751953 0.00183296203613281 -0.31427001953125 -0.71697998046875
-0.00902462005615234 0.00174331665039063 -0.58807373046875 -0.14581298828125
0.0239295959472656 0.0130138397216797 -0.41973876953125 0.169769287109375
0.0341262817382813 0.00950050354003906 -0.083282470703125 0.246917724609375
-0.00124406814575195 -0.00422477722167969 0.115936279296875 0.162384033203125
0.0219917297363281 -0.0120868682861328 -0.068084716796875 -0.12890625
0.0414962768554688 0.017730712890625 0.190811157226563 -0.156051635742187
0.03857421875 0.0321159362792969 0.41961669921875 0.031036376953125
-0.00234603881835938 0.0421791076660156 0.44171142578125 0.431732177734375
-0.059478759765625 0.00514984130859376 -0.097412109375 0.74481201171875
-0.0436744689941406 -0.0454483032226562 -0.7061767578125 0.5916748046875
0.0173244476318359 -0.00600147247314453 -0.66302490234375 0.11676025390625
0.0602264404296875 0.0251541137695313 0.112091064453125 0.0766372680664063
0.0354347229003906 -0.0132789611816406 0.77374267578125 -0.2388916015625
-0.0133800506591797 -0.0191860198974609 0.46209716796875 -0.806640625
-0.0291061401367188 0.0072479248046875 -0.32366943359375 -0.713134765625
-0.000688076019287109 0.00725221633911133 -0.58941650390625 -0.13751220703125
0.0356674194335938 0.0120429992675781 -0.4149169921875 0.174591064453125
0.0432205200195313 0.00445938110351563 -0.0824127197265625 0.242233276367188
0.00121212005615234 -0.0110664367675781 0.119949340820313 0.15765380859375
0.0266284942626953 -0.01824951171875 -0.067291259765625 -0.133537292480469
0.0498542785644531 0.0136489868164062 0.1923828125 -0.159698486328125
0.0476112365722656 0.0348587036132813 0.4232177734375 0.02740478515625
0.00347137451171875 0.0494155883789063 0.449859619140625 0.430755615234375
-0.059478759765625 0.00934982299804688 -0.0882568359375 0.74639892578125
-0.0432853698730469 -0.0481033325195313 -0.6947021484375 0.599609375
0.0318241119384766 -0.013763427734375 -0.65252685546875 0.1201171875
0.0806884765625 0.0202789306640625 0.122245788574219 0.0769195556640625
0.0445518493652344 -0.0200729370117188 0.78375244140625 -0.23876953125
-0.0144462585449219 -0.021270751953125 0.47503662109375 -0.809326171875
-0.0277805328369141 0.0124912261962891 -0.31610107421875 -0.71710205078125
0.00603771209716797 0.0113248825073242 -0.5867919921875 -0.14068603515625
0.0433883666992188 0.012481689453125 -0.4141845703125 0.1693115234375
0.0503730773925781 -0.00107955932617188 -0.082183837890625 0.234161376953125
0.00576972961425781 -0.0177841186523438 0.12200927734375 0.151535034179688
0.0292644500732422 -0.0250282287597656 -0.0654144287109375 -0.142242431640625
0.0549125671386719 0.007568359375 0.190750122070313 -0.169631958007813
0.0539016723632812 0.03369140625 0.4267578125 0.01220703125
0.00947952270507812 0.0530967712402344 0.465606689453125 0.41766357421875
-0.0575675964355469 0.0123519897460938 -0.05462646484375 0.74755859375
-0.0390396118164062 -0.0506019592285156 -0.663330078125 0.61834716796875
0.0467376708984375 -0.0206871032714844 -0.64013671875 0.1357421875
0.100875854492188 0.0178298950195313 0.120773315429688 0.0802536010742188
0.05767822265625 -0.0243186950683594 0.79559326171875 -0.22406005859375
-0.00977516174316407 -0.0250053405761719 0.5048828125 -0.80010986328125
-0.0266704559326172 0.0133934020996094 -0.2896728515625 -0.73077392578125
0.0107860565185547 0.01416015625 -0.5792236328125 -0.1597900390625
0.0483055114746094 0.0143051147460937 -0.41656494140625 0.155548095703125
0.056396484375 -0.00487518310546875 -0.0862579345703125 0.223861694335938
0.0099334716796875 -0.0233058929443359 0.123733520507813 0.14306640625
0.00634002685546875 0.0132246017456055 -0.0799713134765625 -0.14306640625
0.00450325012207031 0.0251941680908203 0.17596435546875 -0.196853637695313
-0.0136699676513672 0.0287914276123047 0.414520263671875 -0.066162109375
-0.0314826965332031 0.0207843780517578 0.515655517578125 0.299530029296875
-0.0483474731445313 -0.0137100219726562 0.0946044921875001 0.70166015625
-0.0203208923339844 -0.0490989685058594 -0.52069091796875 0.69769287109375
0.0329742431640625 0.00452423095703125 -0.6507568359375 0.22210693359375
0.0601043701171875 0.05108642578125 0.0207977294921875 0.08709716796875
0.0604095458984375 0.0183372497558594 0.78765869140625 -0.08184814453125
0.0259666442871094 -0.0271778106689453 0.65771484375 -0.69384765625
-0.0209980010986328 -0.0313072204589844 -0.145751953125 -0.78509521484375
-0.0387153625488281 -0.0175437927246094 -0.5506591796875 -0.27081298828125
-0.0183086395263672 0.00852394104003906 -0.434600830078125 0.086517333984375
0.000503540039062499 0.018280029296875 -0.100479125976563 0.21826171875
-0.00130176544189453 0.015380859375 0.122756958007813 0.149017333984375
0.00694084167480469 0.0135784149169922 -0.0770797729492187 -0.135475158691406
0.00569915771484375 0.0252933502197266 0.178024291992188 -0.184555053710937
-0.00921058654785156 0.0279865264892578 0.415252685546875 -0.043182373046875
-0.0276565551757813 0.0188941955566406 0.4969482421875 0.330413818359375
-0.0495033264160156 -0.0124740600585937 0.0493164062500001 0.71051025390625
-0.0269393920898437 -0.0445480346679688 -0.57073974609375 0.6734619140625
0.0182552337646484 0.00851058959960937 -0.663818359375 0.1968994140625
0.0431900024414063 0.0466423034667969 0.0318450927734375 0.0841064453125
0.0455551147460938 0.0159912109375 0.77520751953125 -0.11785888671875
0.0153999328613281 -0.0238742828369141 0.6029052734375 -0.7236328125
-0.0247821807861328 -0.0231800079345703 -0.1943359375 -0.7681884765625
-0.0355491638183594 -0.0139884948730469 -0.5621337890625 -0.237274169921875
-0.0120706558227539 0.00960063934326172 -0.433197021484375 0.11126708984375
0.00461006164550781 0.0194683074951172 -0.09796142578125 0.229644775390625
-0.00301265716552734 0.0120143890380859 0.11834716796875 0.155517578125
0.00809860229492188 0.00857114791870117 -0.073822021484375 -0.128860473632812
0.0127010345458984 0.0245170593261719 0.179885864257812 -0.172775268554687
0.000703811645507813 0.0271015167236328 0.414337158203125 -0.01837158203125
-0.0221672058105469 0.0208168029785156 0.478057861328125 0.36297607421875
-0.0516777038574219 -0.00910186767578126 -0.00146484375 0.71783447265625
-0.0335426330566406 -0.0426406860351562 -0.62066650390625 0.64324951171875
0.00760173797607422 0.00912952423095703 -0.66851806640625 0.16827392578125
0.0344810485839844 0.0409126281738281 0.0514373779296875 0.0808868408203125
0.0345516204833984 0.0101470947265625 0.765869140625 -0.15557861328125
0.00414466857910156 -0.0195560455322266 0.54705810546875 -0.7503662109375
-0.0273532867431641 -0.015625 -0.24554443359375 -0.74798583984375
-0.0281620025634766 -0.00819206237792969 -0.5753173828125 -0.1983642578125
-0.00212955474853516 0.0114068984985352 -0.425933837890625 0.135284423828125
0.0142555236816406 0.0179691314697266 -0.0922088623046875 0.239898681640625
-0.00320339202880859 0.00938034057617188 0.115280151367188 0.161087036132813
0.012578010559082 0.00389575958251953 -0.0723648071289062 -0.125137329101563
0.021697998046875 0.0234127044677734 0.185333251953125 -0.16162109375
0.0129432678222656 0.0285739898681641 0.4132080078125 0.004486083984375
-0.0166835784912109 0.0264797210693359 0.4561767578125 0.39324951171875
-0.0544395446777344 -0.00605392456054687 -0.0499267578125001 0.72735595703125
-0.0388908386230469 -0.0404624938964844 -0.66082763671875 0.61285400390625
0.00420665740966797 0.00769424438476563 -0.66827392578125 0.1395263671875
0.0349140167236328 0.0348033905029297 0.07647705078125 0.0776519775390625
0.0297431945800781 0.00355720520019531 0.76177978515625 -0.19189453125
-0.00593757629394531 -0.0199108123779297 0.49749755859375 -0.7747802734375
-0.0305519104003906 -0.00703048706054687 -0.2840576171875 -0.72698974609375
-0.0202980041503906 -0.00307655334472656 -0.5802001953125 -0.16534423828125
0.0107212066650391 0.0133638381958008 -0.418121337890625 0.15631103515625
0.0216655731201172 0.0145969390869141 -0.0857696533203125 0.242446899414063
-0.00320911407470703 0.00485610961914063 0.1170654296875 0.163101196289063
0.0162220001220703 -0.0048828125 -0.0688247680664063 -0.124969482421875
0.0299606323242188 0.0205211639404297 0.187545776367188 -0.155029296875
0.0246505737304688 0.0302639007568359 0.413543701171875 0.021514892578125
-0.00887107849121094 0.0349178314208984 0.44268798828125 0.413116455078125
-0.0564041137695313 -0.000438690185546864 -0.08074951171875 0.7315673828125
-0.0427894592285156 -0.0415840148925781 -0.6875 0.59417724609375
0.00580692291259766 0.00162267684936523 -0.66180419921875 0.12298583984375
0.0421524047851563 0.0284767150878906 0.0954360961914063 0.0766525268554688
0.0293045043945313 -0.00420570373535156 0.7579345703125 -0.2197265625
-0.0123262405395508 -0.0172033309936523 0.4674072265625 -0.7890625
-0.0302810668945313 0.000354766845703131 -0.31060791015625 -0.70770263671875
-0.00819778442382813 0.00268745422363281 -0.5816650390625 -0.14251708984375
0.0238742828369141 0.0129432678222656 -0.4117431640625 0.169586181640625
0.0328273773193359 0.00927925109863281 -0.0808258056640625 0.244674682617187
-0.00012660026550293 -0.00329852104187012 0.116653442382813 0.1624755859375
0.0218658447265625 -0.0127830505371094 -0.0665130615234375 -0.128280639648437
0.0399360656738281 0.0169601440429688 0.18841552734375 -0.154891967773438
0.0383834838867188 0.0329093933105469 0.416015625 0.02923583984375
-0.00251007080078125 0.0411872863769531 0.43792724609375 0.42486572265625
-0.0582923889160156 0.00439834594726562 -0.0958251953125 0.73675537109375
-0.0434913635253906 -0.0447311401367188 -0.69781494140625 0.5849609375
0.0171470642089844 -0.00616264343261719 -0.65234375 0.1162109375
0.0584030151367188 0.0240097045898438 0.110504150390625 0.0749969482421875
0.0348834991455078 -0.0125846862792969 0.76202392578125 -0.23675537109375
-0.0138015747070313 -0.0189304351806641 0.45416259765625 -0.7979736328125
-0.0296916961669922 0.00670433044433594 -0.321533203125 -0.70355224609375
-0.000420093536376952 0.00775766372680664 -0.5821533203125 -0.13433837890625
0.0336971282958984 0.011505126953125 -0.408843994140625 0.17303466796875
0.0419120788574219 0.00362014770507813 -0.0793609619140625 0.239364624023438
0.00270462036132813 -0.00893974304199219 0.118392944335938 0.155624389648438
0.0250625610351563 -0.0192928314208984 -0.0660018920898438 -0.133338928222656
0.049713134765625 0.0116920471191406 0.189285278320313 -0.159393310546875
0.0486068725585938 0.0344924926757813 0.4178466796875 0.02569580078125
0.00498580932617187 0.0489501953125 0.445465087890625 0.42608642578125
-0.0581016540527344 0.00984573364257813 -0.0861206054687499 0.73968505859375
-0.0413284301757813 -0.0466499328613281 -0.68701171875 0.59356689453125
0.0319805145263672 -0.0123004913330078 -0.64300537109375 0.11907958984375
0.0785751342773438 0.0200576782226563 0.119354248046875 0.0756072998046875
0.0443763732910156 -0.0206413269042969 0.77374267578125 -0.2386474609375
-0.0138912200927734 -0.019805908203125 0.46551513671875 -0.799072265625
-0.0280952453613281 0.0107822418212891 -0.315185546875 -0.7069091796875
0.00658893585205078 0.0113763809204102 -0.5784912109375 -0.1373291015625
0.042724609375 0.0124015808105469 -0.408172607421875 0.168975830078125
0.0503654479980469 -0.00147247314453125 -0.081085205078125 0.231674194335938
0.00586128234863281 -0.016204833984375 0.120590209960938 0.150634765625
0.0284423828125 -0.0238437652587891 -0.0635757446289063 -0.140068054199219
0.0557136535644531 0.00809097290039063 0.189529418945313 -0.169281005859375
0.0548286437988281 0.0341873168945312 0.421630859375 0.01019287109375
0.0104484558105469 0.052703857421875 0.4603271484375 0.41119384765625
-0.0566215515136719 0.0128288269042969 -0.0520019531249999 0.74078369140625
-0.038482666015625 -0.0491065979003906 -0.655029296875 0.61151123046875
0.0474929809570313 -0.0189743041992188 -0.63128662109375 0.1331787109375
0.0986099243164063 0.0177993774414063 0.118972778320313 0.0781784057617188
0.057342529296875 -0.0259284973144531 0.785400390625 -0.22210693359375
-0.00884056091308594 -0.0239105224609375 0.49725341796875 -0.7901611328125
-0.0260238647460938 0.0132961273193359 -0.2891845703125 -0.72100830078125
0.010319709777832 0.015538215637207 -0.57403564453125 -0.15496826171875
0.0479049682617188 0.0144767761230469 -0.410003662109375 0.155731201171875
0.0559844970703125 -0.00585174560546875 -0.0843505859375 0.2220458984375
0.00938796997070313 -0.0210609436035156 0.122039794921875 0.142669677734375
0.0037078857421875 0.0116195678710938 -0.0781707763671875 -0.143844604492188
0.00243568420410156 0.0235748291015625 0.171920776367188 -0.1981201171875
-0.0137710571289063 0.0277862548828125 0.4083251953125 -0.067413330078125
-0.0296211242675781 0.0203571319580078 0.512176513671875 0.297210693359375
-0.0474205017089844 -0.0144615173339844 0.09564208984375 0.69439697265625
-0.0195960998535156 -0.0498733520507813 -0.51611328125 0.68890380859375
0.0328083038330078 0.00651931762695313 -0.643310546875 0.2196044921875
0.0589714050292969 0.0512733459472656 0.019927978515625 0.0859222412109375
0.0592613220214844 0.0194053649902344 0.77703857421875 -0.07977294921875
0.0261783599853516 -0.0260448455810547 0.64947509765625 -0.68505859375
-0.0206336975097656 -0.0287799835205078 -0.14373779296875 -0.779052734375
-0.038818359375 -0.0181427001953125 -0.545379638671875 -0.268341064453125
-0.0194530487060547 0.00733566284179688 -0.42913818359375 0.088287353515625
0.000579833984375 0.0169105529785156 -0.0996551513671875 0.2161865234375
-0.000738143920898437 0.0156421661376953 0.12188720703125 0.14874267578125
0.00719642639160156 0.0111446380615234 -0.077728271484375 -0.1343994140625
0.00584602355957032 0.0259151458740234 0.17559814453125 -0.181976318359375
-0.00896453857421875 0.0282878875732422 0.41168212890625 -0.044342041015625
-0.0276069641113281 0.0187778472900391 0.493133544921875 0.3275146484375
-0.0495643615722656 -0.0124473571777344 0.05029296875 0.70404052734375
-0.0264930725097656 -0.0442466735839844 -0.56121826171875 0.6685791015625
0.0191841125488281 0.0101032257080078 -0.65631103515625 0.19427490234375
0.0419273376464844 0.0461502075195313 0.0295562744140625 0.0811386108398438
0.0440902709960938 0.01690673828125 0.76611328125 -0.1173095703125
0.0154361724853516 -0.022857666015625 0.5966796875 -0.7149658203125
-0.0249710083007812 -0.02490234375 -0.19268798828125 -0.759765625
-0.0353813171386719 -0.0152130126953125 -0.558807373046875 -0.234619140625
-0.0124483108520508 0.00976753234863281 -0.4268798828125 0.110137939453125
0.00510978698730469 0.0188655853271484 -0.0968475341796875 0.227325439453125
-0.00294971466064453 0.0133018493652344 0.11724853515625 0.154983520507813
0.00887107849121094 0.00800991058349609 -0.076019287109375 -0.128440856933594
0.0117244720458984 0.0258903503417969 0.1800537109375 -0.170181274414063
0.000726699829101565 0.0274524688720703 0.411376953125 -0.01849365234375
-0.0230369567871094 0.0204982757568359 0.471649169921875 0.357330322265625
-0.0500946044921875 -0.00814056396484374 -0.00091552734375 0.7120361328125
-0.0326995849609375 -0.0414161682128906 -0.61053466796875 0.6365966796875
0.00832366943359375 0.0106744766235352 -0.6619873046875 0.16375732421875
0.0335197448730469 0.0406494140625 0.050750732421875 0.080078125
0.0340785980224609 0.00905418395996094 0.75518798828125 -0.15521240234375
0.00366401672363281 -0.0188980102539063 0.5408935546875 -0.74249267578125
-0.0290966033935547 -0.0157299041748047 -0.24468994140625 -0.73956298828125
-0.0293807983398438 -0.0100212097167969 -0.56768798828125 -0.19818115234375
-0.00264739990234375 0.0111961364746094 -0.421539306640625 0.135040283203125
0.0125026702880859 0.0185203552246094 -0.0902099609375 0.236190795898438
-0.00472354888916016 0.00955867767333984 0.1143798828125 0.1595458984375
0.0106277465820313 0.00299549102783203 -0.0712890625 -0.125244140625
0.0198802947998047 0.0233402252197266 0.183013916015625 -0.160064697265625
0.0124015808105469 0.0274391174316406 0.410736083984375 0.004486083984375
-0.0142059326171875 0.0264205932617187 0.454437255859375 0.3885498046875
-0.0542144775390625 -0.0041961669921875 -0.0498046875000001 0.7178955078125
-0.0378837585449219 -0.0396194458007813 -0.65496826171875 0.608154296875
0.00347995758056641 0.0065913200378418 -0.66070556640625 0.13885498046875
0.0334873199462891 0.0341739654541016 0.072418212890625 0.0774383544921875
0.0290622711181641 0.00280952453613281 0.75115966796875 -0.19207763671875
-0.00481605529785156 -0.0183620452880859 0.49359130859375 -0.767333984375
-0.0292644500732422 -0.00712013244628906 -0.28387451171875 -0.7188720703125
-0.0194225311279297 -0.00335693359375 -0.5748291015625 -0.16448974609375
0.00908374786376953 0.0140180587768555 -0.414276123046875 0.154632568359375
0.0212421417236328 0.0131683349609375 -0.084625244140625 0.242095947265625
-0.00237226486206055 0.00428962707519531 0.114273071289063 0.163192749023438
0.0169801712036133 -0.00399494171142578 -0.0670089721679687 -0.125312805175781
0.0313682556152344 0.0194797515869141 0.184341430664063 -0.154815673828125
0.0266590118408203 0.0301475524902344 0.409515380859375 0.01959228515625
-0.0076141357421875 0.0331211090087891 0.43798828125 0.409088134765625
-0.0579986572265625 -0.000526428222656257 -0.080810546875 0.72418212890625
-0.042572021484375 -0.0410614013671875 -0.68096923828125 0.58935546875
0.00794553756713867 0.00201177597045898 -0.65496826171875 0.11834716796875
0.0408248901367188 0.0284080505371094 0.0931777954101563 0.0752182006835938
0.02685546875 -0.00404930114746094 0.74908447265625 -0.21832275390625
-0.011077880859375 -0.0183238983154297 0.46112060546875 -0.77978515625
-0.0298061370849609 0.000337600708007808 -0.3092041015625 -0.70208740234375
-0.00775861740112305 0.00189208984375 -0.578125 -0.139404296875
0.0225410461425781 0.0104579925537109 -0.407440185546875 0.170318603515625
0.0323009490966797 0.00772285461425781 -0.0816650390625 0.242996215820313
-0.000925421714782715 -0.00161409378051758 0.114288330078125 0.161346435546875
0.0209503173828125 -0.0119686126708984 -0.0650177001953125 -0.126182556152344
0.0392990112304688 0.0160560607910156 0.18572998046875 -0.153152465820313
0.0365104675292969 0.0321388244628906 0.410064697265625 0.02850341796875
-0.00146865844726563 0.0411262512207031 0.43194580078125 0.41949462890625
-0.0571708679199219 0.00394439697265626 -0.0965576171875 0.73046875
-0.0429000854492188 -0.0421371459960938 -0.68963623046875 0.581298828125
0.0183048248291016 -0.0050201416015625 -0.6458740234375 0.1124267578125
0.0580863952636719 0.024993896484375 0.107124328613281 0.0746994018554688
0.0339622497558594 -0.0114555358886719 0.75323486328125 -0.2313232421875
-0.0144672393798828 -0.01812744140625 0.4495849609375 -0.79144287109375
-0.0269985198974609 0.00727272033691407 -0.3167724609375 -0.6951904296875
-0.0019984245300293 0.00592565536499023 -0.57586669921875 -0.13214111328125
0.0341281890869141 0.0116844177246094 -0.4044189453125 0.173126220703125
0.0419960021972656 0.00341033935546875 -0.0784912109375 0.23773193359375
0.00276851654052735 -0.0108642578125 0.116897583007813 0.154876708984375
0.0265102386474609 -0.0189189910888672 -0.0643310546875 -0.132530212402344
0.0499305725097656 0.0118255615234375 0.187026977539063 -0.158676147460938
0.0487709045410156 0.0344772338867188 0.414031982421875 0.024871826171875
0.00492477416992187 0.0470962524414063 0.4405517578125 0.420379638671875
-0.0584030151367187 0.00990676879882814 -0.0841674804687501 0.7333984375
-0.0409584045410156 -0.0455284118652344 -0.6796875 0.58795166015625
0.0311470031738281 -0.0119495391845703 -0.63897705078125 0.11553955078125
0.0774688720703125 0.0198287963867187 0.117729187011719 0.0751266479492188
0.0427742004394531 -0.0193138122558594 0.762939453125 -0.234130859375
-0.0141716003417969 -0.0203437805175781 0.46075439453125 -0.7894287109375
-0.0266475677490234 0.0123519897460938 -0.3125 -0.70068359375
0.00611114501953125 0.0108394622802734 -0.57354736328125 -0.1351318359375
0.0415191650390625 0.0116500854492188 -0.405517578125 0.167999267578125
0.0510711669921875 -0.00120162963867188 -0.081695556640625 0.229843139648438
0.00532341003417969 -0.0166130065917969 0.120559692382813 0.150238037109375
0.0280628204345703 -0.0232410430908203 -0.063873291015625 -0.139762878417969
0.0535163879394531 0.00673675537109375 0.18743896484375 -0.167999267578125
0.0545997619628906 0.0341033935546875 0.4183349609375 0.010101318359375
0.00921630859375 0.0529251098632813 0.457977294921875 0.407470703125
-0.0563316345214844 0.0143051147460938 -0.0535888671875 0.73406982421875
-0.0371284484863281 -0.0470619201660156 -0.648193359375 0.60638427734375
0.0465431213378906 -0.0191383361816406 -0.62469482421875 0.13037109375
0.098480224609375 0.0163040161132813 0.116371154785156 0.0764389038085938
0.0546913146972656 -0.0238533020019531 0.775390625 -0.21820068359375
-0.0102958679199219 -0.0241298675537109 0.4918212890625 -0.781982421875
-0.0252590179443359 0.0133781433105469 -0.28607177734375 -0.71337890625
0.00969314575195313 0.0144128799438477 -0.56817626953125 -0.15386962890625
0.0465469360351563 0.0142631530761719 -0.407318115234375 0.15435791015625
0.0545272827148438 -0.00586700439453125 -0.083984375 0.220932006835937
0.0100345611572266 -0.0219173431396484 0.120651245117188 0.14068603515625
0.00699138641357422 0.0115509033203125 -0.0766754150390625 -0.143173217773438
0.00319480895996094 0.0240325927734375 0.171783447265625 -0.19586181640625
-0.0138874053955078 0.0290203094482422 0.40576171875 -0.06561279296875
-0.0299339294433594 0.0208721160888672 0.5067138671875 0.2947998046875
-0.0471420288085938 -0.0140953063964844 0.0904541015625001 0.687255859375
-0.0200462341308594 -0.0488853454589844 -0.51165771484375 0.6820068359375
0.0308628082275391 0.00653076171875 -0.639892578125 0.21575927734375
0.057342529296875 0.0503921508789063 0.0195770263671875 0.0852127075195312
0.0579795837402344 0.0187797546386719 0.768310546875 -0.07745361328125
0.025787353515625 -0.0255393981933594 0.646484375 -0.67926025390625
-0.0192794799804688 -0.0298233032226562 -0.142333984375 -0.7724609375
-0.0384292602539063 -0.0194435119628906 -0.541839599609375 -0.264984130859375
-0.0198230743408203 0.00747871398925781 -0.426055908203125 0.08697509765625
0.00112819671630859 0.0157699584960938 -0.1004638671875 0.214462280273438
-0.000857353210449219 0.0137834548950195 0.120071411132812 0.147125244140625
0.00748634338378906 0.01177978515625 -0.074981689453125 -0.135276794433594
0.0054779052734375 0.0249404907226563 0.17462158203125 -0.18182373046875
-0.00885009765625 0.02691650390625 0.406463623046875 -0.0430908203125
-0.0266246795654297 0.0201511383056641 0.488128662109375 0.32275390625
-0.0481300354003906 -0.0128898620605469 0.0479736328125 0.6982421875
-0.0252418518066406 -0.0436058044433594 -0.56085205078125 0.6595458984375
0.0187797546386719 0.00930213928222656 -0.65032958984375 0.19049072265625
0.042236328125 0.04547119140625 0.0295791625976563 0.0807571411132813
0.0430374145507812 0.0163459777832031 0.75848388671875 -0.112548828125
0.0148410797119141 -0.0221805572509766 0.5936279296875 -0.707763671875
-0.0243949890136719 -0.0219631195068359 -0.18988037109375 -0.7540283203125
-0.0344333648681641 -0.0158672332763672 -0.552398681640625 -0.233154296875
-0.0121965408325195 0.00882816314697266 -0.423797607421875 0.110198974609375
0.0048980712890625 0.0177707672119141 -0.0968170166015625 0.22454833984375
-0.00214672088623047 0.0122880935668945 0.115890502929688 0.153549194335938
0.00835084915161133 0.00792169570922852 -0.0723190307617188 -0.128204345703125
0.0115280151367187 0.0241470336914062 0.179428100585938 -0.169113159179688
0.000238418579101565 0.0263805389404297 0.4063720703125 -0.0184326171875
-0.0217456817626953 0.0213413238525391 0.4688720703125 0.355224609375
-0.0508232116699219 -0.00999832153320312 -0.00317382812500004 0.70587158203125
-0.0325736999511719 -0.0401992797851563 -0.60809326171875 0.63079833984375
0.00617218017578125 0.0103721618652344 -0.6561279296875 0.16070556640625
0.031646728515625 0.039825439453125 0.0484237670898438 0.0795669555664063
0.0326919555664063 0.0098724365234375 0.7493896484375 -0.15191650390625
0.00293540954589844 -0.0201740264892578 0.5382080078125 -0.73699951171875
-0.0277576446533203 -0.0157470703125 -0.2415771484375 -0.7335205078125
-0.0273475646972656 -0.00922966003417969 -0.562042236328125 -0.19525146484375
-0.00199604034423828 0.0105724334716797 -0.418670654296875 0.13385009765625
0.0127544403076172 0.0170936584472656 -0.090240478515625 0.23492431640625
-0.00251483917236328 0.00935268402099609 0.115570068359375 0.158798217773438
0.0121364593505859 0.00154209136962891 -0.0693130493164062 -0.12554931640625
0.0213832855224609 0.02142333984375 0.1817626953125 -0.15936279296875
0.0123195648193359 0.0288124084472656 0.406494140625 0.0037841796875
-0.0155067443847656 0.0249118804931641 0.44696044921875 0.38482666015625
-0.0541534423828125 -0.00571060180664063 -0.05120849609375 0.71295166015625
-0.0385398864746094 -0.0391311645507813 -0.65093994140625 0.60125732421875
0.00512313842773438 0.0065302848815918 -0.65545654296875 0.13568115234375
0.0329360961914063 0.0324916839599609 0.0718154907226563 0.076873779296875
0.0274181365966797 0.00407791137695313 0.746337890625 -0.18780517578125
-0.00595283508300781 -0.0180397033691406 0.49163818359375 -0.76123046875
-0.0307197570800781 -0.00773429870605469 -0.28094482421875 -0.71295166015625
-0.0204963684082031 -0.00481605529785156 -0.5692138671875 -0.1624755859375
0.0092010498046875 0.011326789855957 -0.41009521484375 0.15411376953125
0.0215091705322266 0.0121841430664062 -0.0840911865234375 0.238906860351562
-0.00134754180908203 0.00455236434936523 0.114776611328125 0.16265869140625
0.0163488388061523 -0.00461387634277344 -0.0672149658203125 -0.125396728515625
0.0306377410888672 0.0198154449462891 0.1837158203125 -0.152801513671875
0.025482177734375 0.0308189392089844 0.4061279296875 0.02032470703125
-0.00733757019042969 0.0321025848388672 0.43438720703125 0.405914306640625
-0.0569190979003906 -0.00140762329101563 -0.082763671875 0.7169189453125
-0.0423431396484375 -0.0402679443359375 -0.676513671875 0.5791015625
0.00894927978515625 0.000812530517578125 -0.649658203125 0.1158447265625
0.0400543212890625 0.0277481079101563 0.091064453125 0.0745468139648438
0.0269374847412109 -0.0036163330078125 0.74017333984375 -0.21490478515625
-0.0126619338989258 -0.0160074234008789 0.4599609375 -0.77362060546875
-0.0287895202636719 0.000913619995117187 -0.30792236328125 -0.69610595703125
-0.0100297927856445 0.000739097595214845 -0.57147216796875 -0.14166259765625
0.0231533050537109 0.0123119354248047 -0.40618896484375 0.1683349609375
0.0310554504394531 0.00761222839355469 -0.081024169921875 0.240066528320313
-0.00169551372528076 -0.0018608570098877 0.114730834960937 0.160629272460938
0.0215702056884766 -0.0117073059082031 -0.0636444091796875 -0.12713623046875
0.0406532287597656 0.0168838500976563 0.184799194335937 -0.153228759765625
0.03839111328125 0.0325698852539063 0.40869140625 0.029022216796875
-0.000457763671875 0.0412483215332031 0.4300537109375 0.4189453125
-0.0574417114257813 0.0045318603515625 -0.09625244140625 0.7244873046875
-0.0418968200683594 -0.0426521301269531 -0.68646240234375 0.57366943359375
0.0191192626953125 -0.00458335876464844 -0.64263916015625 0.10772705078125
0.0568199157714844 0.0223655700683594 0.105178833007812 0.073089599609375
0.0328140258789063 -0.0114269256591797 0.7462158203125 -0.22918701171875
-0.0141792297363281 -0.0179309844970703 0.446533203125 -0.7835693359375
-0.0279579162597656 0.00742340087890626 -0.31500244140625 -0.6910400390625
-1.81198120117194E-05 0.00708770751953125 -0.57232666015625 -0.13128662109375
0.0336036682128906 0.0114192962646484 -0.4019775390625 0.172210693359375
0.0415229797363281 0.00230026245117188 -0.080413818359375 0.236572265625
0.00181865692138672 -0.010859489440918 0.115951538085938 0.155487060546875
0.0268459320068359 -0.0198078155517578 -0.0632095336914063 -0.13250732421875
0.0484580993652344 0.0123291015625 0.185897827148438 -0.157257080078125
0.0479469299316406 0.0344924926757813 0.41119384765625 0.025054931640625
0.00493240356445313 0.047607421875 0.436676025390625 0.416473388671875
-0.0575447082519531 0.00806808471679686 -0.08599853515625 0.7261962890625
-0.040771484375 -0.0439987182617188 -0.67681884765625 0.5821533203125
0.0314788818359375 -0.0112113952636719 -0.63250732421875 0.1136474609375
0.0761260986328125 0.0185546875 0.114997863769531 0.0745086669921875
0.0415420532226562 -0.0185470581054688 0.757080078125 -0.2298583984375
-0.0132560729980469 -0.01959228515625 0.458984375 -0.78277587890625
-0.0267925262451172 0.0111484527587891 -0.30938720703125 -0.69305419921875
0.00580883026123047 0.00984287261962891 -0.57025146484375 -0.1339111328125
0.041107177734375 0.0116615295410156 -0.401275634765625 0.166473388671875
0.0481185913085938 -0.0031280517578125 -0.0800323486328125 0.228652954101563
0.0071725845336914 -0.0163164138793945 0.11944580078125 0.150131225585938
0.0284843444824219 -0.0249080657958984 -0.0621414184570313 -0.138168334960938
0.0545082092285156 0.00796890258789063 0.185348510742188 -0.16729736328125
0.0532417297363281 0.0337028503417969 0.41351318359375 0.01190185546875
0.0106124877929688 0.0518074035644531 0.452606201171875 0.403839111328125
-0.0545387268066406 0.0119667053222656 -0.053955078125 0.7276611328125
-0.0377349853515625 -0.0474929809570313 -0.64459228515625 0.5987548828125
0.0460281372070312 -0.0189018249511719 -0.62054443359375 0.1279296875
0.0961074829101563 0.0180206298828125 0.113853454589844 0.07666015625
0.0541152954101563 -0.0257415771484375 0.76788330078125 -0.21405029296875
-0.00904655456542969 -0.0231342315673828 0.488037109375 -0.77459716796875
-0.0246028900146484 0.0130329132080078 -0.284423828125 -0.7086181640625
0.00873470306396484 0.0148887634277344 -0.561431884765625 -0.152374267578125
0.0439605712890625 0.0117950439453125 -0.40423583984375 0.152740478515625
0.0534858703613281 -0.00652313232421875 -0.0836334228515625 0.218658447265625
0.0102348327636719 -0.0214195251464844 0.119613647460938 0.141571044921875
0.00606346130371094 0.0111188888549805 -0.0756988525390625 -0.1422119140625
0.00315284729003906 0.0243854522705078 0.170913696289063 -0.194808959960938
-0.0132331848144531 0.0302333831787109 0.403472900390625 -0.064697265625
-0.0282382965087891 0.0194892883300781 0.505401611328125 0.293701171875
-0.0463371276855469 -0.0127639770507812 0.091064453125 0.682861328125
-0.0182151794433594 -0.0478553771972656 -0.510498046875 0.67828369140625
0.0333232879638672 0.007568359375 -0.637451171875 0.21044921875
0.0567741394042969 0.0490188598632813 0.0164642333984375 0.08416748046875
0.0561180114746094 0.0178565979003906 0.76177978515625 -0.07470703125
0.027191162109375 -0.0234870910644531 0.64337158203125 -0.67266845703125
-0.0191440582275391 -0.0285911560058594 -0.13848876953125 -0.769775390625
-0.0389060974121094 -0.0192298889160156 -0.53631591796875 -0.266693115234375
-0.0194168090820313 0.00664520263671875 -0.42205810546875 0.085784912109375
0.000403404235839845 0.0154104232788086 -0.100387573242187 0.212966918945313
-0.000288963317871093 0.014185905456543 0.12005615234375 0.147750854492188
0.00724887847900391 0.010127067565918 -0.072998046875 -0.135238647460938
0.00441551208496093 0.0262794494628906 0.174957275390625 -0.183242797851563
-0.00874137878417969 0.0269699096679688 0.406463623046875 -0.040191650390625
-0.0259990692138672 0.0185928344726563 0.48468017578125 0.320465087890625
-0.0487480163574219 -0.0134239196777344 0.0430908203125 0.6937255859375
-0.0248222351074219 -0.0423431396484375 -0.56024169921875 0.65447998046875
0.0184268951416016 0.0105781555175781 -0.64581298828125 0.18499755859375
0.0404586791992187 0.0443801879882813 0.0272445678710938 0.079986572265625
0.0436477661132813 0.0155067443847656 0.75274658203125 -0.109375
0.0143451690673828 -0.0190143585205078 0.59478759765625 -0.69842529296875
-0.0226173400878906 -0.0249061584472656 -0.18743896484375 -0.75146484375
-0.0354804992675781 -0.0145530700683594 -0.5489501953125 -0.23260498046875
-0.0131235122680664 0.00967693328857422 -0.4229736328125 0.107391357421875
0.00456428527832031 0.0173730850219727 -0.0955352783203125 0.223175048828125
-0.00266170501708984 0.013585090637207 0.115127563476563 0.1552734375
0.00813055038452148 0.00598382949829102 -0.0704193115234375 -0.131378173828125
0.0125007629394531 0.0247802734375 0.178497314453125 -0.16888427734375
0.00197982788085937 0.02716064453125 0.40643310546875 -0.01690673828125
-0.0221729278564453 0.020477294921875 0.465179443359375 0.35400390625
-0.0510292053222656 -0.01080322265625 -0.00604248046875001 0.7042236328125
-0.0326309204101563 -0.0387382507324219 -0.6060791015625 0.6224365234375
0.00777244567871094 0.00905990600585938 -0.65423583984375 0.1553955078125
0.0330848693847656 0.0383987426757813 0.0465469360351563 0.0767745971679688
0.0319499969482422 0.0103759765625 0.7410888671875 -0.14617919921875
0.00376129150390625 -0.0187282562255859 0.53826904296875 -0.7291259765625
-0.0269393920898437 -0.0168628692626953 -0.23602294921875 -0.72955322265625
-0.0295639038085938 -0.00983238220214844 -0.55975341796875 -0.196075439453125
-0.00245952606201172 0.00974082946777344 -0.415740966796875 0.1331787109375
0.0110340118408203 0.0150918960571289 -0.090423583984375 0.23114013671875
-0.00330829620361328 0.00899124145507813 0.113845825195313 0.15966796875
0.0130186080932617 0.00167465209960938 -0.0685577392578125 -0.126502990722656
0.0177726745605469 0.0214347839355469 0.18072509765625 -0.159393310546875
0.0117034912109375 0.0288276672363281 0.405517578125 0.005950927734375
-0.0154685974121094 0.0246429443359375 0.44451904296875 0.383819580078125
-0.0522918701171875 -0.00556564331054688 -0.052001953125 0.70928955078125
-0.0374832153320313 -0.0393638610839844 -0.64898681640625 0.5946044921875
0.00502920150756836 0.00662899017333984 -0.6529541015625 0.131103515625
0.0324153900146484 0.0340499877929688 0.0679168701171875 0.0753250122070313
0.0267524719238281 0.00266838073730469 0.73980712890625 -0.18499755859375
-0.00455284118652344 -0.0175495147705078 0.48974609375 -0.753662109375
-0.0272960662841797 -0.0092620849609375 -0.2781982421875 -0.70904541015625
-0.0187244415283203 -0.00433731079101562 -0.5657958984375 -0.1634521484375
0.00850391387939453 0.0111284255981445 -0.409088134765625 0.1524658203125
0.0209217071533203 0.0131359100341797 -0.0853118896484375 0.2374267578125
-0.00190353393554687 0.00454616546630859 0.113067626953125 0.16180419921875
0.0168008804321289 -0.006072998046875 -0.0647964477539063 -0.126571655273437
0.0299873352050781 0.0197067260742188 0.182174682617188 -0.151657104492188
0.0259799957275391 0.0301666259765625 0.404083251953125 0.02081298828125
-0.00745773315429688 0.0347652435302734 0.43157958984375 0.402679443359375
-0.0556449890136719 -0.000301361083984363 -0.083251953125 0.71307373046875
-0.04229736328125 -0.04058837890625 -0.67645263671875 0.576904296875
0.00771999359130859 0.000901699066162109 -0.645751953125 0.11090087890625
0.0400428771972656 0.0269813537597656 0.0900039672851563 0.0737075805664063
0.0266170501708984 -0.0035247802734375 0.7379150390625 -0.21087646484375
-0.0108423233032227 -0.0163631439208984 0.4581298828125 -0.76708984375
-0.0274124145507813 0.00109481811523437 -0.3031005859375 -0.69268798828125
-0.00982952117919922 0.000271797180175783 -0.56890869140625 -0.13995361328125
0.0216770172119141 0.0121784210205078 -0.402008056640625 0.165069580078125
0.0310153961181641 0.00716209411621094 -0.081695556640625 0.238357543945312
-0.000653743743896484 -0.00374484062194824 0.114730834960938 0.161163330078125
0.0213260650634766 -0.0123710632324219 -0.0622329711914062 -0.127876281738281
0.0380477905273438 0.0176811218261719 0.185791015625 -0.151779174804688
0.0367355346679688 0.0326004028320313 0.404449462890625 0.028564453125
-0.00127792358398437 0.0415077209472656 0.425537109375 0.416778564453125
-0.05706787109375 0.00522613525390625 -0.097412109375 0.72039794921875
-0.0415306091308594 -0.04083251953125 -0.68408203125 0.56683349609375
0.0167093276977539 -0.00443935394287109 -0.6363525390625 0.10516357421875
0.0549812316894531 0.0228424072265625 0.104232788085938 0.0733566284179688
0.0318927764892578 -0.0122966766357422 0.74151611328125 -0.22430419921875
-0.0142917633056641 -0.0176315307617188 0.4464111328125 -0.77545166015625
-0.0278816223144531 0.00565147399902344 -0.31268310546875 -0.68731689453125
-0.000722408294677734 0.00575542449951172 -0.5689697265625 -0.129150390625
0.0318470001220703 0.0113430023193359 -0.39910888671875 0.170745849609375
0.0404129028320313 0.00283432006835938 -0.079986572265625 0.234481811523438
0.00352191925048828 -0.0104913711547852 0.11480712890625 0.156097412109375
0.0264930725097656 -0.0186481475830078 -0.0630722045898437 -0.132652282714844
0.0481147766113281 0.0116806030273438 0.186508178710938 -0.156295776367188
0.0480155944824219 0.0344314575195313 0.407989501953125 0.025360107421875
0.00551986694335938 0.0471611022949219 0.433441162109375 0.416046142578125
-0.0574836730957031 0.00875473022460938 -0.0879516601562501 0.72198486328125
-0.0394744873046875 -0.0428123474121094 -0.67218017578125 0.573486328125
0.0321025848388672 -0.0113792419433594 -0.62969970703125 0.11041259765625
0.0746688842773438 0.0194854736328125 0.112754821777344 0.0736083984375
0.0414161682128906 -0.017852783203125 0.7510986328125 -0.22479248046875
-0.0139923095703125 -0.0193881988525391 0.45831298828125 -0.77587890625
-0.0261993408203125 0.0112667083740234 -0.30560302734375 -0.69171142578125
0.00554752349853516 0.0103168487548828 -0.5655517578125 -0.13458251953125
0.0399894714355469 0.0106239318847656 -0.399810791015625 0.164947509765625
0.0488739013671875 -0.00186538696289063 -0.0810089111328125 0.226760864257813
0.00672721862792968 -0.0152568817138672 0.118606567382813 0.150177001953125
0.0283775329589844 -0.0243167877197266 -0.0601577758789063 -0.138595581054688
0.0531044006347656 0.006591796875 0.186737060546875 -0.166961669921875
0.0542221069335938 0.0348472595214844 0.410858154296875 0.012451171875
0.0105552673339844 0.0522956848144531 0.44927978515625 0.402374267578125
-0.0537681579589844 0.0126266479492188 -0.0568847656249999 0.722412109375
-0.0365028381347656 -0.0463409423828125 -0.6448974609375 0.59234619140625
0.0465049743652344 -0.0177230834960938 -0.61712646484375 0.1243896484375
0.09423828125 0.017059326171875 0.11151123046875 0.076263427734375
0.0536842346191406 -0.0232505798339844 0.76361083984375 -0.2091064453125
-0.00989913940429688 -0.0234527587890625 0.48779296875 -0.76812744140625
-0.0244064331054688 0.0120868682861328 -0.28094482421875 -0.70440673828125
0.00818729400634766 0.0143527984619141 -0.559814453125 -0.153045654296875
0.0446739196777344 0.0121955871582031 -0.401458740234375 0.1497802734375
0.0552711486816406 -0.00570297241210938 -0.084564208984375 0.216629028320313
0.0110626220703125 -0.0198917388916016 0.118331909179687 0.141143798828125
0.0064849853515625 0.0123376846313477 -0.0761260986328125 -0.142578125
0.0014190673828125 0.0233058929443359 0.170257568359375 -0.193496704101563
-0.0130100250244141 0.0308704376220703 0.4031982421875 -0.06256103515625
-0.0279598236083984 0.0199356079101562 0.500274658203125 0.294189453125
-0.0461692810058594 -0.0134048461914062 0.08575439453125 0.68145751953125
-0.0206108093261719 -0.0461235046386719 -0.51287841796875 0.67156982421875
0.0320701599121094 0.00646018981933594 -0.6348876953125 0.2032470703125
0.0548133850097656 0.0489654541015625 0.015899658203125 0.0830001831054688
0.0555534362792969 0.0187835693359375 0.75872802734375 -0.069091796875
0.0268802642822266 -0.0245151519775391 0.64483642578125 -0.6671142578125
-0.0195484161376953 -0.0307846069335938 -0.13623046875 -0.766845703125
-0.0377769470214844 -0.0177841186523437 -0.53387451171875 -0.265899658203125
-0.0187320709228516 0.00581169128417969 -0.4234619140625 0.0839233398437499
0.000190734863281251 0.0158967971801758 -0.100433349609375 0.210647583007813
-0.00016498565673828 0.0142498016357422 0.118026733398437 0.147354125976563
0.00672435760498047 0.00975131988525391 -0.072418212890625 -0.135002136230469
0.00420951843261719 0.0235977172851563 0.173965454101563 -0.1815185546875
-0.00891876220703125 0.0282535552978516 0.404022216796875 -0.039642333984375
-0.0263175964355469 0.0188350677490234 0.481658935546875 0.3231201171875
-0.0489120483398437 -0.0120887756347656 0.04095458984375 0.6920166015625
-0.024749755859375 -0.0412673950195312 -0.5625 0.648681640625
0.0174465179443359 0.00991153717041016 -0.64666748046875 0.180419921875
0.0393142700195313 0.0450820922851562 0.0270309448242188 0.0800323486328125
0.0408706665039063 0.0160179138183594 0.7501220703125 -0.1038818359375
0.0124530792236328 -0.0203990936279297 0.593994140625 -0.6968994140625
-0.0227432250976563 -0.0236034393310547 -0.18402099609375 -0.7503662109375
-0.0350303649902344 -0.0159854888916016 -0.54620361328125 -0.232940673828125
-0.0128345489501953 0.00728225708007813 -0.420257568359375 0.1068115234375
0.00303745269775391 0.0167942047119141 -0.0978546142578125 0.223159790039062
-0.000869750976562501 0.0112028121948242 0.114944458007813 0.155059814453125
0.0089874267578125 0.00701236724853516 -0.0718536376953125 -0.130203247070312
0.0118293762207031 0.0224952697753906 0.179428100585938 -0.169570922851563
0.00174903869628906 0.0275325775146484 0.40374755859375 -0.0159912109375
-0.0205135345458984 0.0208721160888672 0.461334228515625 0.354217529296875
-0.0500335693359375 -0.00934219360351562 -0.00946044921874999 0.6982421875
-0.030426025390625 -0.0384140014648438 -0.60797119140625 0.61865234375
0.00795555114746094 0.00933074951171875 -0.6519775390625 0.15020751953125
0.0298194885253906 0.0380935668945312 0.0449981689453125 0.0761260986328125
0.0324916839599609 0.0106201171875 0.74041748046875 -0.14080810546875
0.00234413146972656 -0.019805908203125 0.54022216796875 -0.7230224609375
-0.0256671905517578 -0.0162792205810547 -0.23248291015625 -0.7274169921875
-0.02825927734375 -0.00954818725585937 -0.555633544921875 -0.197418212890625
-0.00256252288818359 0.00954246520996094 -0.413726806640625 0.13232421875
0.0127811431884766 0.015345573425293 -0.0911102294921875 0.23193359375
-0.00236988067626953 0.0082545280456543 0.113327026367188 0.161346435546875
0.0128574371337891 0.00166130065917969 -0.0670166015625 -0.127220153808594
0.019287109375 0.0228939056396484 0.181106567382813 -0.1583251953125
0.0125694274902344 0.0289936065673828 0.402069091796875 0.0072021484375
-0.0140876770019531 0.0246067047119141 0.440826416015625 0.385467529296875
-0.0530014038085938 -0.00772094726562499 -0.0565185546875 0.70562744140625
-0.0366249084472656 -0.0386161804199219 -0.6505126953125 0.58880615234375
0.00403404235839844 0.00683927536010742 -0.65203857421875 0.1248779296875
0.0306987762451172 0.0326099395751953 0.0665359497070313 0.0742263793945313
0.0262851715087891 0.00411605834960938 0.737060546875 -0.17864990234375
-0.00580310821533203 -0.0163908004760742 0.49163818359375 -0.748291015625
-0.0275897979736328 -0.00790596008300781 -0.27301025390625 -0.7061767578125
-0.0205326080322266 -0.0041961669921875 -0.56365966796875 -0.16278076171875
0.00807094573974609 0.00955867767333984 -0.407470703125 0.15130615234375
0.0216445922851563 0.0127639770507812 -0.0864410400390625 0.237091064453125
-0.00249528884887695 0.0039520263671875 0.112945556640625 0.164398193359375
0.0167779922485352 -0.00623226165771484 -0.0645599365234375 -0.127090454101563
0.0299568176269531 0.0201873779296875 0.18218994140625 -0.153060913085938
0.0253963470458984 0.0321979522705078 0.40277099609375 0.023651123046875
-0.00539970397949218 0.0314044952392578 0.428070068359375 0.404693603515625
-0.0553245544433594 -0.000804901123046882 -0.08709716796875 0.711181640625
-0.04046630859375 -0.0391387939453125 -0.67681884765625 0.56988525390625
0.00655794143676758 0.000239849090576172 -0.646728515625 0.1070556640625
0.0392341613769531 0.0277137756347656 0.0872421264648438 0.0739822387695313
0.0241355895996094 -0.00240898132324219 0.735107421875 -0.20330810546875
-0.0115556716918945 -0.016357421875 0.46099853515625 -0.76220703125
-0.0275173187255859 0.00178718566894531 -0.30078125 -0.69158935546875
-0.010920524597168 0.00020122528076172 -0.5662841796875 -0.14154052734375
0.0222454071044922 0.00998497009277344 -0.401458740234375 0.16363525390625
0.0314216613769531 0.00795364379882813 -0.08197021484375 0.237472534179688
0.000993490219116211 -0.0025780200958252 0.113479614257813 0.161529541015625
0.0213756561279297 -0.0134716033935547 -0.06109619140625 -0.128334045410156
0.0388145446777344 0.0166435241699219 0.184661865234375 -0.151290893554688
0.0385551452636719 0.0336570739746094 0.40478515625 0.029571533203125
-0.000537872314453121 0.0400772094726562 0.42333984375 0.41632080078125
-0.0580177307128906 0.00339508056640625 -0.10040283203125 0.71685791015625
-0.0410537719726562 -0.04058837890625 -0.68292236328125 0.56268310546875
0.0182380676269531 -0.00487136840820312 -0.63690185546875 0.10003662109375
0.05572509765625 0.0223541259765625 0.102317810058594 0.07244873046875
0.0318584442138672 -0.0107765197753906 0.7386474609375 -0.2193603515625
-0.0147819519042969 -0.0176811218261719 0.446533203125 -0.77117919921875
-0.0262069702148438 0.00658035278320313 -0.30755615234375 -0.68695068359375
-0.00194644927978516 0.00599861145019531 -0.5670166015625 -0.13201904296875
0.0319194793701172 0.0108432769775391 -0.398651123046875 0.166534423828125
0.03955078125 0.0029144287109375 -0.0809326171875 0.23406982421875
0.00365734100341797 -0.00935173034667969 0.114639282226562 0.15618896484375
0.0255718231201172 -0.0179290771484375 -0.0600509643554688 -0.132568359375
0.0482673645019531 0.0123634338378906 0.186141967773438 -0.156341552734375
0.0479202270507813 0.0347442626953125 0.4052734375 0.026947021484375
0.00637435913085938 0.0481834411621094 0.43011474609375 0.4151611328125
-0.05657958984375 0.00861358642578124 -0.09149169921875 0.71905517578125
-0.0402908325195313 -0.0433616638183594 -0.67413330078125 0.570068359375
0.0331935882568359 -0.0105381011962891 -0.62847900390625 0.1043701171875
0.0735244750976563 0.0195999145507813 0.1107177734375 0.0724945068359375
0.0401039123535156 -0.0187530517578125 0.748291015625 -0.2196044921875
-0.0136566162109375 -0.0187225341796875 0.45977783203125 -0.77069091796875
-0.0259265899658203 0.0100021362304687 -0.3011474609375 -0.689208984375
0.00404167175292969 0.0103292465209961 -0.56256103515625 -0.1357421875
0.04071044921875 0.0116310119628906 -0.3985595703125 0.16357421875
0.0483360290527344 -0.00222015380859375 -0.08197021484375 0.226486206054688
0.00709629058837891 -0.0157289505004883 0.117355346679688 0.151504516601563
0.0281124114990234 -0.0251579284667969 -0.0588760375976562 -0.139114379882813
0.0532112121582031 0.00788497924804688 0.186843872070313 -0.165634155273438
0.0543365478515625 0.0344696044921875 0.41192626953125 0.0130615234375
0.0103836059570312 0.051971435546875 0.44659423828125 0.402740478515625
-0.0547943115234375 0.0131797790527344 -0.05810546875 0.7200927734375
-0.0369300842285156 -0.044769287109375 -0.643798828125 0.58697509765625
0.0465011596679688 -0.0171852111816406 -0.6160888671875 0.11993408203125
0.0936737060546875 0.0174179077148438 0.109268188476563 0.0751190185546875
0.0529975891113281 -0.0217704772949219 0.7608642578125 -0.20343017578125
-0.00911903381347656 -0.0224475860595703 0.4896240234375 -0.76116943359375
-0.0240383148193359 0.0109729766845703 -0.27825927734375 -0.705078125
0.00830078125 0.0135765075683594 -0.558441162109375 -0.15362548828125
0.0436744689941406 0.0123939514160156 -0.40203857421875 0.149444580078125
0.052825927734375 -0.00754547119140625 -0.0860748291015625 0.216537475585938
0.00989723205566406 -0.0216026306152344 0.118087768554687 0.142745971679688
0.00706005096435547 0.00983715057373047 -0.0746002197265625 -0.144561767578125
0.00232696533203125 0.0232906341552734 0.17108154296875 -0.19427490234375
-0.0118083953857422 0.0308628082275391 0.403594970703125 -0.061370849609375
-0.0282096862792969 0.0188407897949219 0.498992919921875 0.294281005859375
-0.0456924438476562 -0.0145759582519531 0.08349609375 0.6817626953125
-0.0186576843261719 -0.0467147827148438 -0.51593017578125 0.66986083984375
0.0325794219970703 0.0066986083984375 -0.63592529296875 0.2008056640625
0.055084228515625 0.0477676391601563 0.0139541625976563 0.0834732055664063
0.0542488098144531 0.0199928283691406 0.7569580078125 -0.06634521484375
0.0287399291992188 -0.0241298675537109 0.6484375 -0.6644287109375
-0.0181350708007813 -0.0299243927001953 -0.1337890625 -0.7652587890625
-0.0383071899414063 -0.0189666748046875 -0.53350830078125 -0.266632080078125
-0.0200061798095703 0.00528717041015625 -0.4217529296875 0.0821533203124999
-0.000342369079589845 0.016413688659668 -0.101455688476563 0.211212158203125
-0.00108718872070313 0.0137729644775391 0.117416381835938 0.149826049804688
0.00627517700195313 0.00950527191162109 -0.0723495483398438 -0.136199951171875
0.00502586364746094 0.0263137817382813 0.175689697265625 -0.179702758789062
-0.00753593444824219 0.0285739898681641 0.40496826171875 -0.037139892578125
-0.0269412994384766 0.01953125 0.48193359375 0.3245849609375
-0.0482559204101563 -0.0138893127441406 0.03900146484375 0.6904296875
-0.0251731872558594 -0.0404396057128906 -0.5640869140625 0.644287109375
0.0174694061279297 0.0105295181274414 -0.6456298828125 0.1754150390625
0.0382614135742188 0.0434074401855469 0.0247573852539062 0.07818603515625
0.0414619445800781 0.0180130004882813 0.7476806640625 -0.10101318359375
0.0144195556640625 -0.0206928253173828 0.59722900390625 -0.692138671875
-0.0202236175537109 -0.0234470367431641 -0.179443359375 -0.74871826171875
-0.0356254577636719 -0.0161666870117188 -0.547119140625 -0.234893798828125
-0.0138006210327148 0.00751781463623047 -0.42138671875 0.105224609375
0.00445556640625 0.0163383483886719 -0.0984954833984375 0.222091674804688
-0.000660896301269532 0.0127811431884766 0.114974975585938 0.156005859375
0.00850915908813477 0.00455713272094727 -0.0683441162109375 -0.1317138671875
0.0121898651123047 0.0253715515136719 0.17791748046875 -0.168502807617188
-0.000226974487304686 0.0276336669921875 0.402923583984375 -0.013763427734375
-0.0197906494140625 0.0208396911621094 0.461151123046875 0.354034423828125
-0.0510101318359375 -0.0105094909667969 -0.01123046875 0.69976806640625
-0.0319862365722656 -0.0379104614257813 -0.61126708984375 0.61505126953125
0.00869178771972656 0.00866413116455078 -0.6541748046875 0.1444091796875
0.0293693542480469 0.0395774841308594 0.0455093383789063 0.0753936767578125
0.0311546325683594 0.0113868713378906 0.739990234375 -0.13720703125
0.00228118896484375 -0.019927978515625 0.54168701171875 -0.72003173828125
-0.0244007110595703 -0.0160293579101563 -0.2303466796875 -0.7274169921875
-0.0275344848632813 -0.0107173919677734 -0.557159423828125 -0.19775390625
-0.00261306762695313 0.00817012786865235 -0.415191650390625 0.130279541015625
0.0112524032592773 0.0159196853637695 -0.09307861328125 0.23193359375
-0.00174236297607422 0.00894069671630859 0.113494873046875 0.163238525390625
0.0130777359008789 0.00208759307861328 -0.065643310546875 -0.128150939941406
0.0204639434814453 0.0229225158691406 0.181625366210938 -0.157928466796875
0.0146198272705078 0.0292091369628906 0.403045654296875 0.00909423828125
-0.0135841369628906 0.0257167816162109 0.440673828125 0.385650634765625
-0.0529022216796875 -0.008331298828125 -0.05902099609375 0.70654296875
-0.0364608764648438 -0.0370445251464844 -0.65093994140625 0.5875244140625
0.00565433502197266 0.00563812255859375 -0.652587890625 0.12152099609375
0.0308208465576172 0.0318603515625 0.06573486328125 0.0736083984375
0.0254993438720703 0.00311470031738281 0.7340087890625 -0.1734619140625
-0.00583457946777344 -0.0180931091308594 0.49566650390625 -0.7437744140625
-0.0289077758789063 -0.00795745849609375 -0.27117919921875 -0.7073974609375
-0.0197315216064453 -0.00487709045410156 -0.5625 -0.166259765625
0.00749778747558594 0.0105142593383789 -0.407073974609375 0.1510009765625
0.0202732086181641 0.0118885040283203 -0.0885009765625 0.237472534179687
-0.000914573669433594 0.00353717803955078 0.111053466796875 0.164657592773438
0.015960693359375 -0.00583648681640625 -0.061920166015625 -0.12841796875
0.0285415649414063 0.0198040008544922 0.183380126953125 -0.151718139648438
0.0278759002685547 0.0290813446044922 0.40142822265625 0.024383544921875
-0.00793647766113281 0.0320110321044922 0.425628662109375 0.404541015625
-0.0548973083496094 -0.00101852416992188 -0.09039306640625 0.70941162109375
-0.0403709411621094 -0.0374603271484375 -0.678955078125 0.5665283203125
0.0069127082824707 0.00344085693359375 -0.64593505859375 0.1026611328125
0.0378036499023438 0.0274620056152344 0.0864105224609375 0.0728836059570313
0.0252227783203125 -0.00205230712890625 0.73468017578125 -0.2000732421875
-0.0105991363525391 -0.0173225402832031 0.46417236328125 -0.75799560546875
-0.0272579193115234 -0.000246047973632809 -0.2982177734375 -0.69146728515625
-0.010716438293457 0.00207614898681641 -0.5638427734375 -0.14312744140625
0.0222969055175781 0.0123729705810547 -0.40264892578125 0.16241455078125
0.0307483673095703 0.00651168823242188 -0.0843658447265625 0.236434936523437
0.0013127326965332 -0.00257182121276855 0.114212036132813 0.163665771484375
0.0205726623535156 -0.0130367279052734 -0.0604705810546875 -0.127693176269531
0.0383682250976563 0.0177345275878906 0.184951782226563 -0.151229858398438
0.0381927490234375 0.0342521667480469 0.402801513671875 0.031829833984375
0.000141143798828124 0.0396385192871094 0.420745849609375 0.417236328125
-0.057220458984375 0.00315093994140624 -0.10662841796875 0.71551513671875
-0.0409126281738281 -0.0400962829589844 -0.68548583984375 0.55828857421875
0.0176830291748047 -0.004852294921875 -0.63592529296875 0.09619140625
0.0547294616699219 0.0234298706054688 0.100082397460938 0.0733566284179688
0.0289268493652344 -0.0113639831542969 0.73779296875 -0.215576171875
-0.0140151977539063 -0.0165472030639648 0.45111083984375 -0.76715087890625
-0.0265483856201172 0.00567436218261718 -0.30523681640625 -0.6859130859375
-0.00200366973876953 0.00521278381347656 -0.564453125 -0.13427734375
0.0317859649658203 0.0105209350585938 -0.398956298828125 0.16558837890625
0.0393333435058594 0.00162124633789063 -0.0809326171875 0.231597900390625
0.0040130615234375 -0.0110988616943359 0.114151000976563 0.157806396484375
0.0258579254150391 -0.0188312530517578 -0.0594406127929688 -0.133567810058594
0.0481605529785156 0.0123634338378906 0.187698364257813 -0.155960083007813
0.0475044250488281 0.0356636047363281 0.406982421875 0.0294189453125
0.00693893432617187 0.0464515686035156 0.42742919921875 0.416961669921875
-0.0576896667480469 0.00823974609375001 -0.09295654296875 0.71917724609375
-0.0397605895996094 -0.0413398742675781 -0.67510986328125 0.5660400390625
0.0318584442138672 -0.0104866027832031 -0.62646484375 0.100830078125
0.0725021362304688 0.019866943359375 0.108680725097656 0.0739974975585938
0.0399360656738281 -0.0171089172363281 0.7486572265625 -0.2147216796875
-0.0138816833496094 -0.0195121765136719 0.4615478515625 -0.767822265625
-0.0254783630371094 0.0112724304199219 -0.29913330078125 -0.6904296875
0.00543975830078125 0.0103950500488281 -0.56231689453125 -0.136260986328125
0.0405349731445312 0.0107345581054688 -0.399871826171875 0.16265869140625
0.0481758117675781 -0.00246047973632813 -0.0832061767578125 0.22601318359375
0.00834274291992188 -0.0157537460327148 0.116485595703125 0.151046752929688
0.0280494689941406 -0.0245075225830078 -0.0574493408203125 -0.140213012695313
0.0522537231445312 0.00818634033203125 0.186248779296875 -0.165878295898438
0.0550155639648437 0.0358505249023438 0.410400390625 0.01422119140625
0.0108146667480469 0.0522880554199219 0.444183349609375 0.403533935546875
-0.0550765991210938 0.0127487182617188 -0.06207275390625 0.720458984375
-0.0347557067871094 -0.0444679260253906 -0.64678955078125 0.586181640625
0.0470314025878906 -0.0181884765625 -0.61724853515625 0.11370849609375
0.0924606323242188 0.0169448852539063 0.109001159667969 0.0758132934570313
0.0522689819335938 -0.021636962890625 0.7586669921875 -0.19903564453125
-0.0111122131347656 -0.0232658386230469 0.49041748046875 -0.758544921875
-0.0232925415039063 0.0132827758789063 -0.2755126953125 -0.70379638671875
0.00702667236328125 0.0143604278564453 -0.558258056640625 -0.15484619140625
0.0435867309570313 0.0121116638183594 -0.401275634765625 0.147979736328125
0.0512161254882813 -0.00572967529296875 -0.086822509765625 0.216033935546875
0.0107612609863281 -0.0205097198486328 0.115707397460938 0.144073486328125
0.00753021240234375 0.0108175277709961 -0.0736846923828125 -0.14556884765625
0.00136375427246094 0.0237503051757813 0.172897338867187 -0.193634033203125
-0.0111675262451172 0.0300159454345703 0.403411865234375 -0.06146240234375
-0.0283050537109375 0.0185298919677734 0.498382568359375 0.29730224609375
-0.0473251342773438 -0.0138702392578125 0.08056640625 0.68310546875
-0.0181350708007813 -0.0464706420898438 -0.52081298828125 0.666748046875
0.0320568084716797 0.00678443908691406 -0.63885498046875 0.1968994140625
0.0532188415527344 0.0471839904785156 0.0107040405273437 0.0822525024414063
0.0550460815429688 0.0210609436035156 0.75823974609375 -0.06072998046875
0.0267810821533203 -0.0220851898193359 0.650634765625 -0.65960693359375
-0.0163803100585937 -0.0300502777099609 -0.12908935546875 -0.76593017578125
-0.0385932922363281 -0.0187454223632813 -0.531951904296875 -0.268585205078125
-0.0198040008544922 0.00575065612792969 -0.422271728515625 0.0827636718749999
-0.00133132934570312 0.0163536071777344 -0.10357666015625 0.2108154296875
0.000467300415039061 0.0130300521850586 0.117080688476563 0.151611328125
0.00730419158935547 0.00965213775634766 -0.0712051391601562 -0.137893676757813
0.00554656982421875 0.0257835388183594 0.174880981445313 -0.180007934570313
-0.00658607482910156 0.0285491943359375 0.404693603515625 -0.036041259765625
-0.0252285003662109 0.0195770263671875 0.477996826171875 0.32470703125
-0.0483055114746094 -0.0125694274902344 0.03521728515625 0.690673828125
-0.0247421264648437 -0.0392875671386719 -0.56781005859375 0.64227294921875
0.0186309814453125 0.0107841491699219 -0.64752197265625 0.17169189453125
0.03759765625 0.0439186096191406 0.0230712890625 0.0774917602539063
0.0389213562011719 0.0169677734375 0.7471923828125 -0.09710693359375
0.0148830413818359 -0.020172119140625 0.60284423828125 -0.68865966796875
-0.0213184356689453 -0.0233535766601563 -0.17840576171875 -0.7513427734375
-0.0352973937988281 -0.0149650573730469 -0.545318603515625 -0.236724853515625
-0.0159893035888672 0.00679683685302734 -0.420928955078125 0.104156494140625
0.00333786010742187 0.0184555053710937 -0.100341796875 0.2218017578125
1.62124633789072E-05 0.012385368347168 0.113662719726563 0.157424926757813
0.00945758819580078 0.00661945343017578 -0.06756591796875 -0.133773803710938
0.011383056640625 0.0244960784912109 0.178863525390625 -0.167877197265625
0.00243759155273437 0.0289859771728516 0.405426025390625 -0.01422119140625
-0.0204067230224609 0.0202522277832031 0.45849609375 0.355743408203125
-0.0504226684570313 -0.010498046875 -0.01580810546875 0.69927978515625
-0.0310401916503906 -0.0383796691894531 -0.6160888671875 0.61328125
0.00761508941650391 0.00916385650634766 -0.65362548828125 0.14312744140625
0.0305061340332031 0.0378074645996094 0.0416259765625 0.0774307250976563
0.0286006927490234 0.0112686157226563 0.7392578125 -0.13531494140625
0.00322151184082031 -0.01898193359375 0.545654296875 -0.71820068359375
-0.0251007080078125 -0.0162792205810547 -0.229248046875 -0.730712890625
-0.0291271209716797 -0.0102024078369141 -0.556610107421875 -0.200286865234375
-0.00433731079101562 0.00933837890625 -0.4158935546875 0.1287841796875
0.0106334686279297 0.0149908065795898 -0.09429931640625 0.231658935546875
-0.00221633911132812 0.0112171173095703 0.113235473632813 0.164321899414063
0.0126857757568359 -0.000266075134277344 -0.0656661987304687 -0.128211975097656
0.0183906555175781 0.0217971801757813 0.182113647460938 -0.157516479492188
0.01397705078125 0.0290565490722656 0.404815673828125 0.009552001953125
-0.0136966705322266 0.0241222381591797 0.43792724609375 0.38531494140625
-0.0542411804199219 -0.0062255859375 -0.06158447265625 0.70697021484375
-0.0363273620605469 -0.036773681640625 -0.6575927734375 0.5845947265625
0.00480222702026367 0.00658798217773438 -0.6522216796875 0.11676025390625
0.0294113159179688 0.0336322784423828 0.0652694702148438 0.0750808715820313
0.0255870819091797 0.0056915283203125 0.73590087890625 -0.16986083984375
-0.00498390197753906 -0.017420768737793 0.49755859375 -0.74237060546875
-0.0272865295410156 -0.00880622863769531 -0.26995849609375 -0.7093505859375
-0.0211620330810547 -0.00568199157714843 -0.5623779296875 -0.16619873046875
0.00869846343994141 0.00993633270263672 -0.408477783203125 0.149169921875
0.0197372436523438 0.0117530822753906 -0.088714599609375 0.238113403320313
-0.00114345550537109 0.00547218322753906 0.111343383789062 0.164932250976563
0.0174169540405273 -0.00652885437011719 -0.061676025390625 -0.128959655761719
0.0282974243164062 0.0194911956787109 0.1844482421875 -0.152496337890625
0.0264682769775391 0.0324039459228516 0.40130615234375 0.02752685546875
-0.00659751892089844 0.0326595306396484 0.4256591796875 0.40692138671875
-0.0550727844238281 -0.00204849243164063 -0.09490966796875 0.7120361328125
-0.0408058166503906 -0.0377120971679688 -0.681396484375 0.56378173828125
0.0087890625 0.00168991088867187 -0.64666748046875 0.0985107421875001
0.03631591796875 0.0269355773925781 0.0828781127929688 0.0725631713867188
0.0251026153564453 -0.00199508666992188 0.73333740234375 -0.1949462890625
-0.0115861892700195 -0.015625 0.4669189453125 -0.75579833984375
-0.0281486511230469 -0.000885009765624994 -0.29522705078125 -0.6927490234375
-0.00980281829833984 0.000972747802734375 -0.56475830078125 -0.1456298828125
0.0188369750976563 0.0110588073730469 -0.40240478515625 0.161773681640625
0.0302391052246094 0.00693702697753906 -0.08416748046875 0.238174438476563
0.00173854827880859 -0.00298547744750977 0.112808227539063 0.165634155273438
0.0217761993408203 -0.01409912109375 -0.0596542358398438 -0.13043212890625
0.0388832092285156 0.016265869140625 0.185821533203125 -0.150283813476563
0.0386505126953125 0.0339241027832031 0.4034423828125 0.03485107421875
-0.000530242919921872 0.0411186218261719 0.420440673828125 0.419708251953125
-0.0575637817382812 0.00335311889648438 -0.10870361328125 0.71783447265625
-0.04095458984375 -0.0388755798339844 -0.689697265625 0.55633544921875
0.0179653167724609 -0.00489616394042969 -0.63751220703125 0.0922851562500001
0.0527076721191406 0.0224990844726563 0.0977935791015625 0.0731887817382813
0.0290374755859375 -0.00971794128417969 0.7384033203125 -0.21002197265625
-0.0131645202636719 -0.0175952911376953 0.45306396484375 -0.7650146484375
-0.0270309448242188 0.00477027893066406 -0.30450439453125 -0.6878662109375
-0.00229930877685547 0.00542211532592773 -0.56488037109375 -0.13592529296875
0.0309734344482422 0.00972938537597656 -0.399993896484375 0.165496826171875
0.0376358032226562 0.0018157958984375 -0.08258056640625 0.233673095703125
0.00256729125976563 -0.00936698913574219 0.11346435546875 0.158599853515625
0.0253944396972656 -0.02105712890625 -0.0565872192382813 -0.1357421875
0.0481491088867188 0.0127296447753906 0.187088012695313 -0.155776977539063
0.048828125 0.0352897644042969 0.40728759765625 0.029876708984375
0.00651931762695313 0.0479278564453125 0.427764892578125 0.419403076171875
-0.056884765625 0.00752639770507812 -0.0987548828125 0.7203369140625
-0.0382766723632813 -0.0412788391113281 -0.68035888671875 0.56500244140625
0.0316028594970703 -0.0111846923828125 -0.6282958984375 0.0971679687499999
0.072845458984375 0.0191726684570313 0.106971740722656 0.0738601684570313
0.0394248962402344 -0.0170516967773438 0.74725341796875 -0.21148681640625
-0.0115528106689453 -0.0185585021972656 0.46514892578125 -0.76605224609375
-0.0247325897216797 0.0109329223632812 -0.297607421875 -0.69146728515625
0.00469779968261719 0.00924777984619141 -0.561309814453125 -0.137939453125
0.0391616821289063 0.0109901428222656 -0.399993896484375 0.159912109375
0.0474700927734375 -0.00336456298828125 -0.0839385986328125 0.225814819335938
0.00724411010742188 -0.0159196853637695 0.118026733398438 0.152511596679688
0.0293312072753906 -0.0257587432861328 -0.057403564453125 -0.142837524414063
0.0527191162109375 0.00883865356445313 0.188156127929688 -0.16522216796875
0.0536041259765625 0.035888671875 0.40997314453125 0.015777587890625
0.01171875 0.0517120361328125 0.443511962890625 0.4052734375
-0.0545463562011719 0.0112342834472656 -0.0673217773437499 0.72161865234375
-0.0354118347167969 -0.0454902648925781 -0.64837646484375 0.5823974609375
0.0455970764160156 -0.0167083740234375 -0.61724853515625 0.11187744140625
0.091949462890625 0.0178756713867188 0.106414794921875 0.0760955810546875
0.0514488220214844 -0.0203475952148438 0.75823974609375 -0.1944580078125
-0.00712394714355469 -0.0198459625244141 0.4957275390625 -0.75714111328125
-0.0239791870117188 0.0102367401123047 -0.271728515625 -0.70660400390625
0.00636959075927734 0.0131645202636719 -0.557373046875 -0.156494140625
0.0432395935058594 0.010009765625 -0.4019775390625 0.14654541015625
0.0518035888671875 -0.00606536865234375 -0.0875396728515625 0.215164184570313
0.0118598937988281 -0.0198307037353516 0.117401123046875 0.145477294921875
0.00666141510009766 0.0100440979003906 -0.0720062255859375 -0.147003173828125
0.00216865539550781 0.0244846343994141 0.173782348632813 -0.194656372070313
-0.0113925933837891 0.0300350189208984 0.405975341796875 -0.058807373046875
-0.0274715423583984 0.0194873809814453 0.499481201171875 0.29937744140625
-0.0472373962402344 -0.0147819519042969 0.0761108398437501 0.6834716796875
-0.0177536010742187 -0.0443878173828125 -0.52447509765625 0.66876220703125
0.0328350067138672 0.00670623779296875 -0.64093017578125 0.19561767578125
0.0532455444335938 0.0483970642089844 0.0124130249023438 0.0822219848632812
0.0547599792480469 0.0211410522460938 0.75958251953125 -0.0572509765625
0.0255165100097656 -0.0227642059326172 0.65472412109375 -0.65863037109375
-0.0175247192382813 -0.0296630859375 -0.12811279296875 -0.76934814453125
-0.0386772155761719 -0.0201835632324219 -0.5341796875 -0.272216796875
-0.0224094390869141 0.00561714172363282 -0.426055908203125 0.080963134765625
-0.00175189971923828 0.0150213241577148 -0.104293823242187 0.21270751953125
0.0011749267578125 0.0134410858154297 0.116073608398438 0.152175903320313
0.00623512268066406 0.00934505462646485 -0.0708465576171875 -0.139389038085938
0.00401878356933594 0.0256423950195313 0.178115844726562 -0.180023193359375
-0.00582122802734375 0.0284309387207031 0.40679931640625 -0.036163330078125
-0.0244331359863281 0.0177764892578125 0.479888916015625 0.327423095703125
-0.0483627319335938 -0.0136260986328125 0.03021240234375 0.694580078125
-0.0237007141113281 -0.0400924682617187 -0.5728759765625 0.6424560546875
0.0181045532226563 0.0102348327636719 -0.65289306640625 0.16888427734375
0.0366325378417969 0.0447463989257813 0.02203369140625 0.0787277221679688
0.040557861328125 0.0173149108886719 0.750244140625 -0.09259033203125
0.0140724182128906 -0.0196247100830078 0.604736328125 -0.68994140625
-0.0228843688964844 -0.0244808197021484 -0.1759033203125 -0.75335693359375
-0.0358200073242188 -0.01690673828125 -0.54693603515625 -0.239349365234375
-0.0149250030517578 0.00812244415283203 -0.422882080078125 0.10308837890625
0.00390720367431641 0.0154581069946289 -0.102249145507812 0.222457885742188
0.000112533569335938 0.0121841430664062 0.113754272460937 0.159332275390625
0.00993728637695312 0.00492763519287109 -0.0682144165039063 -0.134323120117188
0.0109500885009766 0.0245609283447266 0.18048095703125 -0.168075561523438
0.00238990783691406 0.0276927947998047 0.40521240234375 -0.0115966796875
-0.0182685852050781 0.0197811126708984 0.4595947265625 0.359588623046875
-0.05133056640625 -0.0113754272460938 -0.0196533203125 0.700439453125
-0.0307083129882813 -0.0366401672363281 -0.618408203125 0.61102294921875
0.0077214241027832 0.00871801376342773 -0.656494140625 0.1402587890625
0.0295448303222656 0.0399017333984375 0.0423583984375 0.07568359375
0.0285835266113281 0.0127143859863281 0.7435302734375 -0.130126953125
0.00287818908691406 -0.0186939239501953 0.54888916015625 -0.71771240234375
-0.0262489318847656 -0.0169715881347656 -0.2276611328125 -0.73126220703125
-0.0280990600585938 -0.0106658935546875 -0.55853271484375 -0.202117919921875
-0.00427865982055664 0.00740432739257813 -0.41888427734375 0.130645751953125
0.0122261047363281 0.0132074356079102 -0.094482421875 0.23260498046875
-0.00144004821777344 0.00988006591796875 0.1121826171875 0.167205810546875
0.0128078460693359 0.0004425048828125 -0.0659408569335938 -0.131538391113281
0.0191364288330078 0.0239143371582031 0.184097290039063 -0.1588134765625
0.0136070251464844 0.0309925079345703 0.40460205078125 0.013214111328125
-0.0132293701171875 0.0253562927246094 0.4398193359375 0.389801025390625
-0.0530319213867188 -0.00692367553710939 -0.06707763671875 0.70989990234375
-0.0364418029785156 -0.0367469787597656 -0.66192626953125 0.58367919921875
0.00453472137451172 0.00624990463256836 -0.65594482421875 0.11358642578125
0.0291786193847656 0.0332889556884766 0.0628433227539063 0.0748519897460938
0.0250587463378906 0.00498390197753906 0.73736572265625 -0.16650390625
-0.00550365447998047 -0.0158376693725586 0.50213623046875 -0.7427978515625
-0.0279407501220703 -0.00986671447753906 -0.26568603515625 -0.7117919921875
-0.0196704864501953 -0.00491142272949219 -0.5635986328125 -0.1697998046875
0.0082406997680664 0.0103683471679688 -0.409912109375 0.14947509765625
0.0192108154296875 0.0112571716308594 -0.0901641845703125 0.237518310546875
0.000483751296997071 0.00434446334838867 0.111419677734375 0.166946411132812
0.0182571411132813 -0.00647163391113281 -0.0613021850585938 -0.129158020019531
0.0301113128662109 0.0201282501220703 0.186019897460938 -0.15264892578125
0.0291061401367188 0.0322475433349609 0.4031982421875 0.028839111328125
-0.00725364685058594 0.0323581695556641 0.4248046875 0.408203125
-0.05670166015625 -0.00158309936523437 -0.0996093749999999 0.71331787109375
-0.0399093627929687 -0.0361061096191406 -0.686767578125 0.5625
0.00750923156738281 0.00237369537353516 -0.6497802734375 0.0961914062500001
0.0371856689453125 0.0269012451171875 0.0846939086914062 0.07476806640625
0.0253868103027344 -0.00227546691894531 0.7359619140625 -0.19384765625
-0.0122461318969727 -0.0161380767822266 0.47021484375 -0.75726318359375
-0.0272350311279297 -0.000152587890624999 -0.2930908203125 -0.696044921875
-0.0121421813964844 0.000645637512207033 -0.56787109375 -0.147705078125
0.0194683074951172 0.0104694366455078 -0.405303955078125 0.162017822265625
0.029815673828125 0.00693321228027344 -0.086181640625 0.23828125
0.00112271308898926 -0.00215291976928711 0.11309814453125 0.166152954101563
0.0212669372558594 -0.0120258331298828 -0.0575103759765625 -0.132949829101562
0.0386772155761719 0.0181655883789063 0.1881103515625 -0.150772094726563
0.0391387939453125 0.0359954833984375 0.406494140625 0.0355224609375
0.000873565673828122 0.0395889282226563 0.4210205078125 0.420928955078125
-0.0569190979003906 0.00262832641601562 -0.11279296875 0.71710205078125
-0.0409355163574219 -0.0389480590820313 -0.69378662109375 0.55328369140625
0.0187950134277344 -0.00407600402832031 -0.64129638671875 0.0895996093750001
0.05230712890625 0.0230331420898438 0.098358154296875 0.0728225708007812
0.0306453704833984 -0.0107212066650391 0.74127197265625 -0.2071533203125
-0.0128288269042969 -0.0162677764892578 0.4610595703125 -0.76544189453125
-0.0253944396972656 0.00509452819824219 -0.30316162109375 -0.69158935546875
-0.00292015075683594 0.00555086135864258 -0.5667724609375 -0.1370849609375
0.031524658203125 0.00987815856933594 -0.401702880859375 0.166107177734375
0.03863525390625 0.0003662109375 -0.085540771484375 0.2333984375
0.00400018692016602 -0.00872039794921875 0.113739013671875 0.162017822265625
0.0261459350585937 -0.0189323425292969 -0.05743408203125 -0.136466979980469
0.0475387573242188 0.0131378173828125 0.188400268554688 -0.15631103515625
0.0491905212402344 0.0355606079101563 0.40789794921875 0.03216552734375
0.006622314453125 0.0479888916015625 0.427337646484375 0.419921875
-0.0569572448730469 0.0073699951171875 -0.101806640625 0.7227783203125
-0.03875732421875 -0.0404777526855469 -0.6859130859375 0.56402587890625
0.0330238342285156 -0.0102157592773438 -0.6317138671875 0.0946044921874999
0.07220458984375 0.0196075439453125 0.106964111328125 0.0751953125
0.0382308959960938 -0.0166587829589844 0.74908447265625 -0.208251953125
-0.0132064819335938 -0.0187416076660156 0.46923828125 -0.7666015625
-0.0255470275878906 0.00923538208007812 -0.29766845703125 -0.6962890625
0.00472831726074219 0.00948047637939453 -0.56341552734375 -0.14031982421875
0.0387535095214844 0.010345458984375 -0.4024658203125 0.161651611328125
0.0458564758300781 -0.00400161743164063 -0.085357666015625 0.226287841796875
0.00909614562988282 -0.0149469375610352 0.117172241210938 0.1551513671875
0.0282421112060547 -0.0256805419921875 -0.056610107421875 -0.143585205078125
0.0516281127929688 0.00762557983398438 0.189651489257812 -0.166168212890625
0.0556106567382812 0.0359764099121094 0.410858154296875 0.01702880859375
0.0122756958007813 0.0529403686523437 0.44305419921875 0.4083251953125
-0.0559272766113281 0.0122032165527344 -0.06951904296875 0.72314453125
-0.035308837890625 -0.0449295043945312 -0.653564453125 0.5833740234375
0.0470237731933594 -0.0167617797851563 -0.62115478515625 0.10906982421875
0.0909500122070313 0.0185928344726563 0.105766296386719 0.07550048828125
0.0530281066894531 -0.0198173522949219 0.7623291015625 -0.19134521484375
-0.00982284545898437 -0.0219631195068359 0.4993896484375 -0.75830078125
-0.023101806640625 0.0117168426513672 -0.27288818359375 -0.70831298828125
0.00800228118896484 0.0126094818115234 -0.558837890625 -0.15966796875
0.0426483154296875 0.0113182067871094 -0.405242919921875 0.1455078125
0.0524826049804687 -0.00690841674804687 -0.0894317626953125 0.217437744140625
0.0106582641601563 -0.0210952758789062 0.117630004882813 0.1463623046875
0.00540065765380859 0.00944137573242188 -0.0714569091796875 -0.149826049804687
0.00211524963378906 0.0241889953613281 0.174835205078125 -0.195343017578125
-0.0112533569335938 0.0293712615966797 0.408966064453125 -0.058349609375
-0.0262069702148438 0.0190258026123047 0.503936767578125 0.298431396484375
-0.046905517578125 -0.0157890319824219 0.0750122070312501 0.6883544921875
-0.0181655883789063 -0.0449180603027344 -0.5301513671875 0.66986083984375
0.0332260131835938 0.00682640075683594 -0.64862060546875 0.1927490234375
0.0529251098632813 0.048583984375 0.0099639892578125 0.0819854736328125
0.0542449951171875 0.0211296081542969 0.76300048828125 -0.05499267578125
0.026397705078125 -0.0229454040527344 0.66143798828125 -0.6611328125
-0.0178985595703125 -0.0316085815429688 -0.1268310546875 -0.77392578125
-0.0395965576171875 -0.0203590393066406 -0.535858154296875 -0.275604248046875
-0.0222225189208984 0.00553512573242187 -0.428314208984375 0.080413818359375
-0.00205516815185547 0.0141992568969727 -0.107467651367187 0.213333129882813
0.000780105590820313 0.0138950347900391 0.117568969726563 0.154632568359375
0.00781631469726563 0.00991630554199219 -0.0687408447265625 -0.1416015625
0.00439834594726562 0.0248737335205078 0.178558349609375 -0.183334350585937
-0.00600433349609375 0.0292263031005859 0.409027099609375 -0.035003662109375
-0.0244808197021484 0.0175342559814453 0.482757568359375 0.32916259765625
-0.0491142272949219 -0.0143470764160156 0.0280761718749999 0.69769287109375
-0.0226287841796875 -0.0396995544433594 -0.58001708984375 0.6439208984375
0.0181961059570313 0.00997161865234375 -0.65863037109375 0.1676025390625
0.0383071899414063 0.0444374084472656 0.02203369140625 0.0789871215820313
0.0392951965332031 0.0174560546875 0.75384521484375 -0.0902099609375
0.0151386260986328 -0.020355224609375 0.61029052734375 -0.6903076171875
-0.0220966339111328 -0.0260467529296875 -0.17559814453125 -0.75927734375
-0.0360298156738281 -0.0172233581542969 -0.548492431640625 -0.243743896484375
-0.0158824920654297 0.00650215148925781 -0.42620849609375 0.103424072265625
0.00248622894287109 0.0150842666625977 -0.103591918945312 0.22412109375
-0.0009765625 0.0125408172607422 0.114181518554688 0.161483764648438
0.00856113433837891 0.00542926788330078 -0.0676803588867188 -0.135543823242187
0.00982284545898438 0.0240745544433594 0.181060791015625 -0.170700073242188
0.00378990173339844 0.0293331146240234 0.408660888671875 -0.0096435546875
-0.0200119018554688 0.0191307067871094 0.4615478515625 0.361602783203125
-0.0513496398925781 -0.0125732421875 -0.0240478515624999 0.70794677734375
-0.0302543640136719 -0.0370826721191406 -0.6265869140625 0.61279296875
0.00846195220947266 0.00941276550292969 -0.66168212890625 0.13702392578125
0.0286483764648438 0.0389022827148438 0.03997802734375 0.0757904052734375
0.0295772552490234 0.0126247406005859 0.7442626953125 -0.12860107421875
0.00267410278320313 -0.0197830200195313 0.55517578125 -0.71923828125
-0.0255985260009766 -0.0175952911376953 -0.22625732421875 -0.73779296875
-0.0288181304931641 -0.0104846954345703 -0.559417724609375 -0.20477294921875
-0.00435400009155274 0.00836992263793945 -0.420745849609375 0.128662109375
0.0107078552246094 0.0149431228637695 -0.0967864990234375 0.233963012695313
-1.04904174804694E-05 0.0101966857910156 0.113739013671875 0.166702270507812
0.0125560760498047 -0.00108909606933594 -0.0625762939453125 -0.132469177246094
0.0187015533447266 0.0237445831298828 0.186126708984375 -0.158950805664063
0.0141353607177734 0.0295314788818359 0.405548095703125 0.0133056640625
-0.0139389038085938 0.0253524780273438 0.439849853515625 0.393402099609375
-0.0543174743652344 -0.00828552246093749 -0.07049560546875 0.71197509765625
-0.0360832214355469 -0.0359687805175781 -0.668212890625 0.5853271484375
0.00575494766235351 0.0063633918762207 -0.66046142578125 0.1121826171875
0.0289688110351563 0.03271484375 0.0623397827148438 0.0759811401367188
0.0241489410400391 0.00475311279296875 0.741943359375 -0.1624755859375
-0.0048055648803711 -0.0163555145263672 0.50775146484375 -0.7445068359375
-0.0270004272460938 -0.00978660583496094 -0.2669677734375 -0.71490478515625
-0.0223121643066406 -0.00443840026855469 -0.5667724609375 -0.1719970703125
0.00749301910400391 0.00887393951416016 -0.41290283203125 0.148834228515625
0.0204010009765625 0.0121288299560547 -0.090789794921875 0.239425659179688
0.000577449798583984 0.00498056411743164 0.112350463867188 0.1702880859375
0.0192184448242188 -0.00635528564453125 -0.0602645874023438 -0.13201904296875
0.0288734436035156 0.0211505889892578 0.188430786132813 -0.1522216796875
0.0280342102050781 0.0314617156982422 0.405731201171875 0.029205322265625
-0.00801658630371094 0.0334930419921875 0.4261474609375 0.4127197265625
-0.0556411743164063 -0.000488281250000008 -0.1015625 0.71685791015625
-0.0396156311035156 -0.036102294921875 -0.69244384765625 0.5633544921875
0.00868940353393555 0.00292587280273438 -0.65338134765625 0.0944824218749999
0.0362663269042969 0.0260353088378906 0.0813369750976563 0.0750198364257813
0.0236759185791016 -0.00226020812988281 0.739990234375 -0.190673828125
-0.0127334594726563 -0.0144433975219727 0.4759521484375 -0.7596435546875
-0.0274200439453125 -0.00106430053710937 -0.29315185546875 -0.70037841796875
-0.0120916366577148 0.000996589660644529 -0.5706787109375 -0.14892578125
0.0201015472412109 0.0106239318847656 -0.407806396484375 0.162078857421875
0.0295810699462891 0.00671577453613281 -0.0876312255859375 0.238433837890625
0.00146520137786865 -0.00210487842559814 0.113021850585938 0.168975830078125
0.0207233428955078 -0.0135669708251953 -0.05816650390625 -0.134437561035156
0.0393486022949219 0.0171279907226563 0.189712524414063 -0.15252685546875
0.0391426086425781 0.0358963012695313 0.40765380859375 0.038055419921875
0.000511169433593753 0.0409202575683594 0.42169189453125 0.426513671875
-0.0589103698730469 0.002899169921875 -0.1153564453125 0.722900390625
-0.0400581359863281 -0.0375022888183594 -0.702392578125 0.5560302734375
0.0187149047851563 -0.00405311584472656 -0.645751953125 0.0865478515625001
0.0528755187988281 0.0229949951171875 0.0969467163085938 0.072723388671875
0.029754638671875 -0.008453369140625 0.74249267578125 -0.20538330078125
-0.0137138366699219 -0.0177440643310547 0.46307373046875 -0.7686767578125
-0.0265674591064453 0.00557708740234374 -0.30303955078125 -0.69476318359375
-0.00188302993774414 0.00571441650390625 -0.5704345703125 -0.13970947265625
0.0288162231445313 0.0105857849121094 -0.40374755859375 0.166748046875
0.0395011901855469 0.000980377197265625 -0.08575439453125 0.234588623046875
0.00447368621826172 -0.00994110107421875 0.113357543945312 0.163803100585938
0.0262355804443359 -0.0200271606445313 -0.0568389892578125 -0.138580322265625
0.0476264953613281 0.0130500793457031 0.190353393554688 -0.157272338867188
0.0496482849121094 0.0364646911621094 0.410858154296875 0.033599853515625
0.00740814208984375 0.0480995178222656 0.4287109375 0.424835205078125
-0.0589408874511719 0.00733566284179688 -0.1048583984375 0.72711181640625
-0.0393524169921875 -0.040252685546875 -0.691650390625 0.56536865234375
0.0327415466308594 -0.0107555389404297 -0.63494873046875 0.0921020507812499
0.071441650390625 0.0200119018554687 0.10565185546875 0.0752029418945313
0.0384101867675781 -0.0166816711425781 0.75341796875 -0.20806884765625
-0.0139961242675781 -0.0180072784423828 0.47491455078125 -0.76800537109375
-0.0252838134765625 0.00917434692382813 -0.298095703125 -0.698974609375
0.00362014770507812 0.0101137161254883 -0.56658935546875 -0.14306640625
0.0377044677734375 0.0108375549316406 -0.40576171875 0.160064697265625
0.047027587890625 -0.00355911254882813 -0.08709716796875 0.227951049804688
0.00827217102050781 -0.0160322189331055 0.117401123046875 0.156875610351563
0.0280799865722656 -0.0259571075439453 -0.0552520751953125 -0.145050048828125
0.0529594421386719 0.00874710083007813 0.191070556640625 -0.167434692382812
0.0550498962402344 0.0366477966308594 0.41400146484375 0.01763916015625
0.0128974914550781 0.0506172180175781 0.444366455078125 0.412261962890625
-0.0561943054199219 0.00995254516601563 -0.0715942382812501 0.7276611328125
-0.0346755981445313 -0.0432090759277344 -0.66015625 0.58447265625
0.0467529296875 -0.0174331665039063 -0.6253662109375 0.10687255859375
0.0914077758789063 0.0195541381835938 0.104698181152344 0.07666015625
0.0512161254882813 -0.0200424194335938 0.76361083984375 -0.18817138671875
-0.0101222991943359 -0.0212421417236328 0.50543212890625 -0.75860595703125
-0.0236377716064453 0.0101032257080078 -0.27197265625 -0.71343994140625
0.00689983367919922 0.0127983093261719 -0.560577392578125 -0.1605224609375
0.0429153442382812 0.0112800598144531 -0.407196044921875 0.147216796875
0.050811767578125 -0.00704574584960938 -0.091796875 0.217971801757813
0.0125446319580078 -0.0205974578857422 0.119003295898437 0.149185180664063
0.00614643096923828 0.0107870101928711 -0.074432373046875 -0.151641845703125
0.00214576721191406 0.0234375 0.176773071289063 -0.198211669921875
-0.0106678009033203 0.0315341949462891 0.411773681640625 -0.0594482421875
-0.0269317626953125 0.0185165405273437 0.506072998046875 0.30426025390625
-0.0472488403320313 -0.0157470703125 0.07440185546875 0.69317626953125
-0.0172119140625 -0.04559326171875 -0.53460693359375 0.6746826171875
0.0336151123046875 0.00819587707519531 -0.65411376953125 0.19268798828125
0.0527191162109375 0.0490188598632813 0.00885772705078126 0.0814132690429688
0.0531768798828125 0.02203369140625 0.76544189453125 -0.05096435546875
0.0264911651611328 -0.0250873565673828 0.67022705078125 -0.661376953125
-0.0178661346435547 -0.0304851531982422 -0.12823486328125 -0.78094482421875
-0.039703369140625 -0.0222930908203125 -0.5391845703125 -0.2760009765625
-0.0228042602539063 0.00592041015624999 -0.4305419921875 0.082000732421875
-0.00184726715087891 0.013493537902832 -0.107818603515625 0.214370727539063
0.00274276733398438 0.0138702392578125 0.118026733398438 0.156539916992188
0.00708484649658203 0.00864458084106445 -0.067169189453125 -0.144927978515625
0.00440025329589844 0.0258941650390625 0.178695678710938 -0.184036254882813
-0.00374221801757813 0.0289745330810547 0.412872314453125 -0.0343017578125
-0.0244731903076172 0.01837158203125 0.4849853515625 0.332275390625
-0.049560546875 -0.0131759643554687 0.0267333984375 0.70556640625
-0.024993896484375 -0.0390586853027344 -0.5853271484375 0.64996337890625
0.0192604064941406 0.0114498138427734 -0.662109375 0.16754150390625
0.03594970703125 0.04339599609375 0.0199127197265625 0.079498291015625
0.0398368835449219 0.0183334350585938 0.7574462890625 -0.0897216796875
0.0138893127441406 -0.0198783874511719 0.61468505859375 -0.6932373046875
-0.021942138671875 -0.0257225036621094 -0.177001953125 -0.762939453125
-0.0362701416015625 -0.0176925659179687 -0.55413818359375 -0.245391845703125
-0.016596794128418 0.00592422485351562 -0.42938232421875 0.102325439453125
0.00377845764160156 0.0158157348632813 -0.104660034179688 0.226089477539062
-0.000638008117675781 0.0119037628173828 0.1136474609375 0.165206909179688
0.009368896484375 0.00223159790039063 -0.0662078857421875 -0.137939453125
0.0101833343505859 0.0251941680908203 0.183578491210938 -0.171249389648438
0.00490760803222656 0.0292587280273437 0.413238525390625 -0.01092529296875
-0.0187454223632813 0.0183067321777344 0.46533203125 0.36492919921875
-0.0509147644042969 -0.0116996765136719 -0.0234375000000001 0.71240234375
-0.0305671691894531 -0.0373649597167969 -0.6324462890625 0.614990234375
0.00971031188964844 0.0100021362304688 -0.66796875 0.13690185546875
0.0281219482421875 0.038726806640625 0.0393829345703125 0.0776519775390625
0.0256385803222656 0.0128803253173828 0.7515869140625 -0.126953125
0.00347900390625 -0.0165815353393555 0.55841064453125 -0.7227783203125
-0.0247020721435547 -0.0172939300537109 -0.2279052734375 -0.74188232421875
-0.0302505493164062 -0.00988388061523438 -0.56390380859375 -0.2061767578125
-0.00563907623291015 0.0109329223632813 -0.4246826171875 0.126556396484375
0.0113029479980469 0.0132951736450195 -0.096435546875 0.236770629882813
-0.00016021728515625 0.0107612609863281 0.112945556640625 0.172317504882813
0.0124092102050781 -0.000101089477539063 -0.0638046264648438 -0.135940551757813
0.0197868347167969 0.0243415832519531 0.187545776367188 -0.15924072265625
0.0167636871337891 0.0302677154541016 0.41162109375 0.012115478515625
-0.0125617980957031 0.0239048004150391 0.445587158203125 0.395172119140625
-0.0537223815917969 -0.00897216796875 -0.0721435546874999 0.7208251953125
-0.0356330871582031 -0.0355644226074219 -0.67425537109375 0.589111328125
0.00527048110961914 0.00588655471801758 -0.66802978515625 0.10986328125
0.0286445617675781 0.0340366363525391 0.0618896484375 0.076141357421875
0.0232200622558594 0.00640487670898438 0.74591064453125 -0.162109375
-0.00527477264404297 -0.0162448883056641 0.512939453125 -0.74639892578125
-0.0273952484130859 -0.00984764099121094 -0.26751708984375 -0.72381591796875
-0.0219478607177734 -0.00615310668945312 -0.57110595703125 -0.1708984375
0.00636577606201172 0.00909709930419922 -0.416717529296875 0.151214599609375
0.0192584991455078 0.0117759704589844 -0.092498779296875 0.24017333984375
0.000420570373535156 0.00495719909667969 0.112442016601563 0.173446655273437
0.0183963775634766 -0.00815391540527344 -0.0592193603515625 -0.133384704589844
0.0296249389648438 0.0211544036865234 0.189697265625 -0.154876708984375
0.030487060546875 0.0312480926513672 0.4107666015625 0.029296875
-0.00412750244140625 0.0314884185791016 0.428680419921875 0.415313720703125
-0.0575599670410156 -0.00236511230468751 -0.10284423828125 0.72216796875
-0.0390777587890625 -0.0358238220214844 -0.69970703125 0.5660400390625
0.00726032257080078 0.00246906280517578 -0.6602783203125 0.08984375
0.0365142822265625 0.02587890625 0.080047607421875 0.074951171875
0.0235729217529297 -0.00111198425292969 0.7432861328125 -0.1864013671875
-0.0103425979614258 -0.0154914855957031 0.48077392578125 -0.7640380859375
-0.0287609100341797 -0.00131416320800781 -0.29718017578125 -0.70587158203125
-0.0112314224243164 0.000834465026855467 -0.57440185546875 -0.1500244140625
0.019744873046875 0.0106658935546875 -0.41082763671875 0.162384033203125
0.0299243927001953 0.00736236572265625 -0.0872650146484375 0.240219116210937
0.00290775299072266 -0.00337624549865723 0.112518310546875 0.170654296875
0.0226974487304688 -0.0136337280273438 -0.0593185424804688 -0.136756896972656
0.0375480651855469 0.0189208984375 0.190902709960938 -0.155303955078125
0.04168701171875 0.0344200134277344 0.412078857421875 0.037322998046875
0.00171279907226562 0.0414466857910156 0.424102783203125 0.428314208984375
-0.0595283508300781 0.00342941284179686 -0.1190185546875 0.72882080078125
-0.0411796569824219 -0.038482666015625 -0.7078857421875 0.55938720703125
0.0186119079589844 -0.00407600402832031 -0.65142822265625 0.0852661132812499
0.0525970458984375 0.0237693786621094 0.096221923828125 0.07421875
0.0290050506591797 -0.00812149047851562 0.74786376953125 -0.20556640625
-0.0143308639526367 -0.0163383483886719 0.46881103515625 -0.77484130859375
-0.0266380310058594 0.00521469116210938 -0.304931640625 -0.7012939453125
-0.00343513488769531 0.00486564636230469 -0.57452392578125 -0.1402587890625
0.0313129425048828 0.00975608825683594 -0.408843994140625 0.16839599609375
0.0394210815429688 0.00061798095703125 -0.087188720703125 0.236831665039063
0.00483226776123047 -0.0100212097167969 0.115036010742187 0.165786743164062
0.0262165069580078 -0.0214157104492187 -0.0572967529296875 -0.140975952148437
0.0470314025878906 0.0133590698242187 0.192581176757813 -0.158798217773438
0.0516815185546875 0.0380783081054688 0.415130615234375 0.034149169921875
0.00738525390625 0.04754638671875 0.43182373046875 0.429412841796875
-0.0587234497070313 0.00816345214843751 -0.10858154296875 0.73468017578125
-0.036956787109375 -0.0415115356445313 -0.69610595703125 0.56927490234375
0.0329418182373047 -0.0114059448242188 -0.64080810546875 0.08953857421875
0.0709991455078125 0.02130126953125 0.104164123535156 0.0757522583007813
0.0388870239257813 -0.0163536071777344 0.7581787109375 -0.20587158203125
-0.0139350891113281 -0.0185680389404297 0.47955322265625 -0.771728515625
-0.0252513885498047 0.00934600830078124 -0.299560546875 -0.705078125
0.00394153594970703 0.00997638702392578 -0.57177734375 -0.14385986328125
0.0385360717773438 0.00982284545898438 -0.408905029296875 0.1607666015625
0.0464057922363281 -0.00499725341796875 -0.0894012451171875 0.23046875
0.00853347778320312 -0.0170927047729492 0.120635986328125 0.159149169921875
0.0280723571777344 -0.02545166015625 -0.056060791015625 -0.145599365234375
0.0529670715332031 0.00917816162109375 0.192138671875 -0.1690673828125
0.0567550659179687 0.0372352600097656 0.41741943359375 0.0206298828125
0.0142364501953125 0.0520057678222656 0.448150634765625 0.41619873046875
-0.0570602416992188 0.0114250183105469 -0.0761718749999999 0.734130859375
-0.0349388122558594 -0.0428657531738281 -0.6680908203125 0.5882568359375
0.0475234985351563 -0.0161895751953125 -0.6297607421875 0.1058349609375
0.090484619140625 0.020263671875 0.104629516601562 0.0789337158203125
0.0510139465332031 -0.0206832885742188 0.76910400390625 -0.1883544921875
-0.00903511047363281 -0.0210895538330078 0.50982666015625 -0.76348876953125
-0.0236091613769531 0.0100002288818359 -0.27325439453125 -0.7200927734375
0.00761127471923828 0.0145959854125977 -0.5667724609375 -0.162841796875
0.0419731140136719 0.0113067626953125 -0.410186767578125 0.14910888671875
0.0516319274902344 -0.00807952880859375 -0.0937347412109375 0.219802856445313
0.0123310089111328 -0.0209941864013672 0.11895751953125 0.151885986328125
0.00655269622802734 0.00960254669189453 -0.0723724365234375 -0.153121948242188
0.00143241882324219 0.0257244110107422 0.178466796875 -0.199691772460938
-0.0104579925537109 0.0325431823730469 0.41680908203125 -0.05865478515625
-0.0259056091308594 0.0192508697509766 0.511016845703125 0.306732177734375
-0.0464057922363281 -0.0165290832519531 0.075927734375 0.70196533203125
-0.0167770385742188 -0.0434150695800781 -0.54180908203125 0.6802978515625
0.0339450836181641 0.00701904296875 -0.66058349609375 0.19134521484375
0.0522117614746094 0.0486640930175781 0.00716400146484376 0.08160400390625
0.0517768859863281 0.0235633850097656 0.77105712890625 -0.05224609375
0.0259742736816406 -0.0212726593017578 0.67376708984375 -0.66827392578125
-0.0167903900146484 -0.0330371856689453 -0.126953125 -0.7882080078125
-0.0409622192382813 -0.0197181701660156 -0.54425048828125 -0.277740478515625
-0.0220451354980469 0.00416183471679687 -0.435546875 0.08160400390625
-0.00208663940429688 0.0144386291503906 -0.10968017578125 0.217361450195313
0.00183868408203125 0.0128288269042969 0.1197509765625 0.157989501953125
0.00746870040893555 0.00875663757324219 -0.070037841796875 -0.145828247070313
0.00349044799804687 0.0257511138916016 0.181549072265625 -0.185623168945313
-0.00442123413085938 0.0301322937011719 0.415008544921875 -0.03509521484375
-0.02264404296875 0.0181598663330078 0.49072265625 0.335235595703125
-0.0486297607421875 -0.0138969421386719 0.0277099609375 0.71044921875
-0.0234909057617188 -0.0394287109375 -0.59033203125 0.65423583984375
0.0209922790527344 0.0111637115478516 -0.66961669921875 0.16558837890625
0.0368995666503906 0.0445365905761719 0.0190048217773438 0.0808639526367188
0.0394706726074219 0.0196037292480469 0.76348876953125 -0.0902099609375
0.0124492645263672 -0.0208263397216797 0.62091064453125 -0.7003173828125
-0.0212745666503906 -0.0257949829101563 -0.17755126953125 -0.77069091796875
-0.0365829467773438 -0.0167884826660156 -0.558929443359375 -0.24542236328125
-0.0178394317626953 0.00562095642089844 -0.432830810546875 0.105255126953125
0.00160121917724609 0.0146217346191406 -0.106048583984375 0.227249145507813
0.000207901000976563 0.0137395858764648 0.114730834960938 0.165786743164063
0.00884819030761719 0.0049591064453125 -0.0663604736328125 -0.140541076660156
0.0115985870361328 0.0248279571533203 0.184402465820313 -0.175277709960938
0.00555992126464844 0.0313987731933594 0.41644287109375 -0.010406494140625
-0.0176143646240234 0.0194053649902344 0.467803955078125 0.367095947265625
-0.0512962341308594 -0.0107269287109375 -0.0234985351562499 0.72100830078125
-0.03070068359375 -0.0366973876953125 -0.63702392578125 0.62237548828125
0.00873565673828125 0.0101413726806641 -0.67620849609375 0.13555908203125
0.0262298583984375 0.0382156372070313 0.039459228515625 0.0777206420898438
0.0299434661865234 0.0136661529541016 0.7540283203125 -0.12750244140625
0.00229454040527344 -0.0182666778564453 0.56500244140625 -0.72857666015625
-0.0261459350585937 -0.0191535949707031 -0.2301025390625 -0.74725341796875
-0.0300369262695313 -0.0119056701660156 -0.56964111328125 -0.207763671875
-0.00594806671142578 0.00823020935058594 -0.42803955078125 0.130950927734375
0.0102853775024414 0.0137500762939453 -0.100387573242188 0.23834228515625
0.000113487243652344 0.0106668472290039 0.11572265625 0.17303466796875
0.0152206420898438 -0.000433921813964844 -0.0637359619140625 -0.137054443359375
0.0200557708740234 0.0230216979980469 0.188400268554687 -0.161529541015625
0.0163764953613281 0.0309257507324219 0.4140625 0.015045166015625
-0.0123100280761719 0.0249824523925781 0.44659423828125 0.3980712890625
-0.0549774169921875 -0.00935363769531251 -0.07525634765625 0.725830078125
-0.0358848571777344 -0.0352249145507813 -0.6800537109375 0.59466552734375
0.0049138069152832 0.00686931610107422 -0.673828125 0.10980224609375
0.0291042327880859 0.0337886810302734 0.0605316162109375 0.07598876953125
0.0233306884765625 0.00654029846191406 0.752685546875 -0.163818359375
-0.00622463226318359 -0.0168437957763672 0.51800537109375 -0.75732421875
-0.0265846252441406 -0.00960731506347656 -0.2708740234375 -0.72802734375
-0.0229969024658203 -0.00551033020019531 -0.575439453125 -0.17333984375
0.00746440887451172 0.0106077194213867 -0.42034912109375 0.15057373046875
0.0190086364746094 0.0110015869140625 -0.094146728515625 0.24346923828125
0.000243663787841797 0.00603151321411133 0.11456298828125 0.174758911132813
0.0169839859008789 -0.00583171844482422 -0.061187744140625 -0.137596130371094
0.0296001434326172 0.0234642028808594 0.191482543945313 -0.157974243164063
0.0293388366699219 0.0324630737304687 0.41375732421875 0.0289306640625
-0.00313186645507813 0.0311012268066406 0.4339599609375 0.419036865234375
-0.0563697814941406 -0.00374984741210938 -0.1051025390625 0.7313232421875
-0.0400276184082031 -0.0365562438964844 -0.7066650390625 0.57232666015625
0.00819301605224609 0.00278520584106445 -0.66650390625 0.0908813476562501
0.0384330749511719 0.02734375 0.0807571411132813 0.07501220703125
0.0226116180419922 0.00175094604492188 0.75225830078125 -0.1920166015625
-0.0128412246704102 -0.0160436630249023 0.48419189453125 -0.769775390625
-0.0268726348876953 -0.00156211853027344 -0.29681396484375 -0.7119140625
-0.0123777389526367 0.000409126281738281 -0.58074951171875 -0.1510009765625
0.0197982788085938 0.0104827880859375 -0.41497802734375 0.1649169921875
0.0291423797607422 0.00565528869628906 -0.08892822265625 0.242828369140625
0.00212621688842773 -0.00329518318176269 0.116592407226563 0.173095703125
0.0217552185058594 -0.0150966644287109 -0.0585784912109375 -0.138710021972656
0.0399894714355469 0.0180587768554688 0.193496704101563 -0.156143188476562
0.0421371459960938 0.0352897644042969 0.416229248046875 0.03814697265625
0.00160980224609375 0.0403785705566406 0.429046630859375 0.431640625
-0.0594863891601562 0.00249099731445312 -0.119140625 0.7366943359375
-0.0412330627441406 -0.0380210876464844 -0.71649169921875 0.5650634765625
0.0206661224365234 -0.003509521484375 -0.65704345703125 0.0843505859374999
0.0528450012207031 0.0232009887695312 0.0957260131835938 0.0748748779296875
0.0281524658203125 -0.0104751586914063 0.7562255859375 -0.20623779296875
-0.0147476196289063 -0.0156040191650391 0.472900390625 -0.779541015625
-0.0257511138916016 0.0042266845703125 -0.30841064453125 -0.7060546875
-0.00340175628662109 0.00579595565795898 -0.5794677734375 -0.1387939453125
0.0314140319824219 0.00977897644042969 -0.41162109375 0.16986083984375
0.0386505126953125 0.0006561279296875 -0.089630126953125 0.239898681640625
0.00453662872314453 -0.0102910995483398 0.117111206054688 0.167800903320313
0.0260848999023438 -0.0213794708251953 -0.0565032958984375 -0.144088745117188
0.04815673828125 0.0138320922851563 0.194122314453125 -0.161773681640625
0.0518035888671875 0.0369186401367188 0.417755126953125 0.034423828125
0.00789260864257813 0.0474510192871094 0.43524169921875 0.433074951171875
-0.0597991943359375 0.00838851928710939 -0.10980224609375 0.7410888671875
-0.0393829345703125 -0.0391464233398438 -0.70599365234375 0.5738525390625
0.0334644317626953 -0.0109767913818359 -0.646484375 0.0905761718750001
0.0713424682617188 0.0202407836914063 0.10406494140625 0.0759048461914063
0.0385208129882813 -0.0146102905273438 0.76483154296875 -0.20550537109375
-0.0140705108642578 -0.0190029144287109 0.48162841796875 -0.7806396484375
-0.0251998901367187 0.00932502746582031 -0.3028564453125 -0.71075439453125
0.0032501220703125 0.00994491577148438 -0.57635498046875 -0.1431884765625
0.0384025573730469 0.0110206604003906 -0.412689208984375 0.164306640625
0.0472145080566406 -0.00586318969726562 -0.08953857421875 0.232147216796875
0.00956344604492188 -0.0164041519165039 0.121932983398438 0.16082763671875
0.0292549133300781 -0.0265598297119141 -0.0545806884765625 -0.149276733398438
0.0545120239257813 0.00787734985351563 0.194869995117188 -0.171295166015625
0.0590591430664063 0.0353775024414063 0.422088623046875 0.020172119140625
0.01446533203125 0.0525627136230469 0.4537353515625 0.419586181640625
-0.0578956604003906 0.0109786987304687 -0.0761108398437501 0.74139404296875
-0.0353851318359375 -0.0425796508789063 -0.67352294921875 0.59381103515625
0.0474929809570313 -0.0170860290527344 -0.63623046875 0.10589599609375
0.0912933349609375 0.0190505981445313 0.103721618652344 0.0807418823242188
0.0511856079101563 -0.0191154479980469 0.77520751953125 -0.1876220703125
-0.0108604431152344 -0.0209274291992188 0.51214599609375 -0.76910400390625
-0.0240573883056641 0.0111026763916016 -0.2744140625 -0.7249755859375
0.00648212432861328 0.0130443572998047 -0.57012939453125 -0.16229248046875
0.0426368713378906 0.0120887756347656 -0.413604736328125 0.149169921875
0.0511741638183594 -0.01055908203125 -0.094451904296875 0.22216796875
0.0124759674072266 -0.0212173461914063 0.121597290039063 0.1529541015625
0.00738620758056641 0.00954055786132813 -0.073760986328125 -0.155960083007813
0.00217819213867188 0.0251598358154297 0.1807861328125 -0.202789306640625
-0.00838851928710938 0.0329399108886719 0.421600341796875 -0.061676025390625
-0.0261039733886719 0.0189933776855469 0.5155029296875 0.3065185546875
-0.0495033264160156 -0.0165901184082031 0.0750122070312499 0.7098388671875
-0.0172653198242188 -0.0447425842285156 -0.54541015625 0.6893310546875
0.0349178314208984 0.00776481628417969 -0.6676025390625 0.1943359375
0.0542068481445313 0.0496063232421875 0.00685882568359376 0.0819778442382812
0.0530357360839844 0.0227737426757812 0.7791748046875 -0.05340576171875
0.0270118713378906 -0.0208683013916016 0.679931640625 -0.677001953125
-0.0161323547363281 -0.0334434509277344 -0.12939453125 -0.79656982421875
-0.0412330627441406 -0.0221786499023437 -0.551300048828125 -0.278594970703125
-0.0248298645019531 0.00518608093261718 -0.44183349609375 0.08349609375
-0.000720977783203124 0.0141334533691406 -0.1116943359375 0.21893310546875
0.00330638885498047 0.0138320922851563 0.121932983398438 0.161758422851563
0.00735378265380859 0.00812435150146484 -0.0699310302734375 -0.1478271484375
0.00488853454589844 0.0276203155517578 0.18280029296875 -0.1885986328125
-0.00304985046386719 0.0287055969238281 0.42138671875 -0.0380859375
-0.0225944519042969 0.0179214477539062 0.495452880859375 0.336639404296875
-0.0502395629882812 -0.0149383544921875 0.029541015625 0.71929931640625
-0.0241432189941406 -0.0393524169921875 -0.59625244140625 0.66094970703125
0.0191707611083984 0.0115203857421875 -0.6793212890625 0.16864013671875
0.0362205505371094 0.0449447631835938 0.0182342529296875 0.0797882080078125
0.0386848449707031 0.0188560485839844 0.77093505859375 -0.08990478515625
0.0145111083984375 -0.0208110809326172 0.6260986328125 -0.70745849609375
-0.0214405059814453 -0.0281505584716797 -0.180908203125 -0.77996826171875
-0.0382957458496094 -0.0171966552734375 -0.56390380859375 -0.2467041015625
-0.0159826278686523 0.00736427307128907 -0.4388427734375 0.10748291015625
7.5340270996094E-05 0.0150985717773437 -0.10797119140625 0.229995727539063
0.000806808471679689 0.011906623840332 0.117431640625 0.168121337890625
0.00898170471191406 0.00390338897705078 -0.0667572021484375 -0.141769409179688
0.0112075805664063 0.0259132385253906 0.187637329101563 -0.176788330078125
0.00578498840332032 0.0309181213378906 0.420501708984375 -0.011993408203125
-0.0169830322265625 0.0189456939697266 0.474761962890625 0.370269775390625
-0.0517463684082031 -0.0124282836914062 -0.0227050781249999 0.72760009765625
-0.0313835144042969 -0.0356903076171875 -0.6456298828125 0.63067626953125
0.00854206085205078 0.0104589462280273 -0.681884765625 0.13812255859375
0.0264892578125 0.0388755798339844 0.0379180908203125 0.0770950317382813
0.0281963348388672 0.0144844055175781 0.76287841796875 -0.1278076171875
0.00367069244384766 -0.0168685913085938 0.56890869140625 -0.74017333984375
-0.0274124145507813 -0.0183429718017578 -0.23297119140625 -0.75830078125
-0.0304222106933594 -0.0110492706298828 -0.5760498046875 -0.20751953125
-0.00619029998779297 0.00885200500488281 -0.433013916015625 0.13531494140625
0.00956535339355469 0.0133333206176758 -0.101409912109375 0.242172241210938
0.000316619873046874 0.00988483428955078 0.116256713867188 0.174758911132813
0.0128946304321289 -0.000392913818359375 -0.0634689331054688 -0.1390380859375
0.0203895568847656 0.0255603790283203 0.189987182617188 -0.16455078125
0.0165252685546875 0.029296875 0.420257568359375 0.012451171875
-0.010284423828125 0.0245304107666016 0.4541015625 0.40155029296875
-0.0554008483886719 -0.00882720947265625 -0.0745849609374999 0.7349853515625
-0.03570556640625 -0.0335769653320313 -0.686767578125 0.602294921875
0.00615167617797852 0.00722074508666992 -0.68231201171875 0.110107421875
0.0279388427734375 0.0335979461669922 0.0614013671875 0.0753555297851563
0.0235366821289063 0.00864982604980469 0.7593994140625 -0.1663818359375
-0.00567436218261719 -0.0177745819091797 0.52197265625 -0.76361083984375
-0.0280532836914062 -0.0103378295898437 -0.27447509765625 -0.733642578125
-0.0231399536132813 -0.00590324401855469 -0.58465576171875 -0.1748046875
0.00685310363769531 0.0103244781494141 -0.42608642578125 0.157684326171875
0.0197467803955078 0.0105705261230469 -0.0952606201171875 0.246536254882812
0.000571727752685547 0.00461769104003906 0.117782592773437 0.177459716796875
0.0184688568115234 -0.0077056884765625 -0.0611801147460937 -0.138526916503906
0.0305061340332031 0.0216274261474609 0.1917724609375 -0.159072875976563
0.0294151306152344 0.0320758819580078 0.4202880859375 0.0284423828125
-0.00489234924316406 0.0322151184082031 0.43695068359375 0.423431396484375
-0.0584716796875 -0.00252532958984375 -0.1051025390625 0.74005126953125
-0.0394096374511719 -0.036376953125 -0.71435546875 0.58026123046875
0.00670194625854492 0.00160789489746094 -0.67431640625 0.0935668945312499
0.0351276397705078 0.0282249450683594 0.0811080932617188 0.0746231079101562
0.0238418579101563 0.000522613525390625 0.7578125 -0.19317626953125
-0.012822151184082 -0.0134286880493164 0.48760986328125 -0.778076171875
-0.0286827087402344 -0.00242042541503906 -0.30303955078125 -0.71942138671875
-0.0124130249023438 0.000824928283691408 -0.58587646484375 -0.1494140625
0.0191669464111328 0.00999641418457031 -0.419647216796875 0.16748046875
0.0292758941650391 0.0047760009765625 -0.091339111328125 0.24676513671875
0.00230646133422852 -0.00306773185729981 0.118301391601563 0.176498413085938
0.0222492218017578 -0.0163173675537109 -0.056884765625 -0.141372680664063
0.0402069091796875 0.0179557800292969 0.193923950195313 -0.158462524414063
0.0439872741699219 0.0364570617675781 0.421112060546875 0.036956787109375
0.00275421142578125 0.0399513244628906 0.43414306640625 0.43597412109375
-0.0599212646484375 0.00283050537109376 -0.12054443359375 0.7457275390625
-0.0402603149414063 -0.0364913940429687 -0.7230224609375 0.57269287109375
0.0215263366699219 -0.00440597534179688 -0.6656494140625 0.0863037109375001
0.0522041320800781 0.0237960815429688 0.0970077514648438 0.0755462646484375
0.0284309387207031 -0.00754165649414063 0.76287841796875 -0.20855712890625
-0.0146379470825195 -0.0160055160522461 0.4755859375 -0.78948974609375
-0.0275745391845703 0.00464630126953125 -0.3126220703125 -0.71429443359375
-0.0042414665222168 0.00499773025512695 -0.58551025390625 -0.14044189453125
0.0291252136230469 0.0106391906738281 -0.418182373046875 0.173919677734375
0.0383186340332031 0.0009307861328125 -0.089752197265625 0.243240356445312
0.00509548187255859 -0.00894451141357422 0.120101928710937 0.170516967773437
0.0264530181884766 -0.0216770172119141 -0.0565185546875 -0.145233154296875
0.0480537414550781 0.0127830505371094 0.196701049804688 -0.164093017578125
0.0543708801269531 0.0373153686523438 0.423919677734375 0.033935546875
0.0085906982421875 0.0491104125976563 0.44061279296875 0.43585205078125
-0.0602645874023438 0.00886535644531251 -0.10845947265625 0.74920654296875
-0.040008544921875 -0.0383682250976563 -0.71270751953125 0.5802001953125
0.0338973999023438 -0.0111541748046875 -0.65478515625 0.08917236328125
0.0714645385742188 0.0203781127929688 0.105392456054688 0.0764007568359375
0.0385627746582031 -0.0159797668457031 0.770263671875 -0.2080078125
-0.0141181945800781 -0.0177211761474609 0.4857177734375 -0.79010009765625
-0.0258808135986328 0.00885772705078124 -0.30828857421875 -0.71881103515625
0.00318050384521484 0.0101709365844727 -0.5836181640625 -0.14190673828125
0.0396728515625 0.0105552673339844 -0.41644287109375 0.166839599609375
0.0469741821289063 -0.00441360473632812 -0.09100341796875 0.23663330078125
0.00920677185058594 -0.0162572860717773 0.123001098632813 0.164093017578125
0.0286273956298828 -0.0257987976074219 -0.054412841796875 -0.1519775390625
0.0548744201660156 0.008636474609375 0.1968994140625 -0.173599243164063
0.0587501525878906 0.0362663269042969 0.427520751953125 0.020111083984375
0.0139312744140625 0.0531234741210938 0.45782470703125 0.422119140625
-0.0579299926757813 0.0122032165527344 -0.0766601562499999 0.753662109375
-0.0357894897460938 -0.0417709350585938 -0.6793212890625 0.6009521484375
0.0489044189453125 -0.0172157287597656 -0.6444091796875 0.10595703125
0.09210205078125 0.0190353393554688 0.103591918945313 0.0791244506835938
0.0510635375976563 -0.0196304321289063 0.78271484375 -0.1905517578125
-0.0112457275390625 -0.0203380584716797 0.5174560546875 -0.780517578125
-0.0247592926025391 0.0107574462890625 -0.28045654296875 -0.73211669921875
0.00661659240722656 0.0146150588989258 -0.57757568359375 -0.1630859375
0.0441932678222656 0.0118942260742187 -0.420318603515625 0.152679443359375
0.0534095764160156 -0.0086669921875 -0.094696044921875 0.22552490234375
0.0138263702392578 -0.0205841064453125 0.122604370117187 0.155349731445312
0.005126953125 0.0104351043701172 -0.074310302734375 -0.157638549804688
0.00190353393554688 0.0248737335205078 0.181411743164063 -0.205673217773438
-0.00843048095703125 0.0323715209960938 0.426666259765625 -0.0638427734375
-0.0262279510498047 0.0186080932617188 0.5238037109375 0.3076171875
-0.0489006042480469 -0.016510009765625 0.0803222656250001 0.7169189453125
-0.0195808410644531 -0.0441856384277344 -0.5484619140625 0.69775390625
0.0350818634033203 0.00764656066894531 -0.67535400390625 0.1998291015625
0.0540695190429688 0.0494422912597656 0.00476837158203126 0.0826873779296875
0.052947998046875 0.0228424072265625 0.7861328125 -0.05462646484375
0.0257053375244141 -0.0202732086181641 0.68365478515625 -0.6871337890625
-0.0186576843261719 -0.0341072082519531 -0.13531494140625 -0.80596923828125
-0.0433082580566406 -0.0220527648925781 -0.5576171875 -0.28125
-0.0242862701416016 0.00533294677734375 -0.445587158203125 0.088165283203125
-0.00258731842041016 0.0144443511962891 -0.11248779296875 0.222518920898438
0.00271511077880859 0.0133161544799805 0.1234130859375 0.162857055664062
0.0075225830078125 0.00733137130737305 -0.07177734375 -0.151275634765625
0.00580406188964844 0.0275783538818359 0.184295654296875 -0.191375732421875
-0.00411415100097656 0.0296649932861328 0.42535400390625 -0.0394287109375
-0.022491455078125 0.0188121795654297 0.50189208984375 0.338165283203125
-0.0521774291992188 -0.0141868591308594 0.02960205078125 0.7265625
-0.0248985290527344 -0.0394783020019531 -0.6005859375 0.6744384765625
0.0201663970947266 0.01177978515625 -0.6842041015625 0.1739501953125
0.0359306335449219 0.0439338684082031 0.0174942016601563 0.0790176391601563
0.0375442504882813 0.020050048828125 0.7777099609375 -0.09344482421875
0.0125656127929688 -0.0208358764648438 0.6307373046875 -0.71832275390625
-0.0218582153320313 -0.02667236328125 -0.187255859375 -0.787841796875
-0.0383071899414063 -0.0169029235839844 -0.57171630859375 -0.24755859375
-0.0172872543334961 0.00744438171386719 -0.443939208984375 0.11126708984375
0.000985145568847655 0.0159463882446289 -0.10845947265625 0.235137939453125
0.000507354736328124 0.0132074356079102 0.12054443359375 0.170166015625
0.010584831237793 0.00529766082763672 -0.0697021484375 -0.146255493164063
0.0109806060791016 0.0267047882080078 0.188720703125 -0.180435180664063
0.0060272216796875 0.02935791015625 0.426422119140625 -0.013641357421875
-0.0167179107666016 0.0176467895507813 0.48193359375 0.370880126953125
-0.0536651611328125 -0.0120811462402344 -0.02325439453125 0.73687744140625
-0.0312728881835937 -0.0353660583496094 -0.64990234375 0.640869140625
0.00917339324951172 0.008636474609375 -0.69000244140625 0.13922119140625
0.0255355834960938 0.039459228515625 0.0360031127929688 0.0778274536132813
0.0294322967529297 0.0159740447998047 0.77032470703125 -0.1328125
0.00280952453613281 -0.0184192657470703 0.57342529296875 -0.74835205078125
-0.0266761779785156 -0.0183792114257812 -0.24072265625 -0.7655029296875
-0.0318603515625 -0.0114345550537109 -0.58544921875 -0.2078857421875
-0.00713539123535156 0.00949382781982422 -0.43878173828125 0.138885498046875
0.00967025756835938 0.0146503448486328 -0.0999908447265625 0.24407958984375
0.000411033630371094 0.00988578796386719 0.120468139648438 0.175765991210938
0.011937141418457 0.00108814239501953 -0.0664291381835937 -0.13970947265625
0.0192146301269531 0.0246143341064453 0.192657470703125 -0.167526245117188
0.0191802978515625 0.0305004119873047 0.423858642578125 0.010498046875
-0.0116844177246094 0.0226593017578125 0.45928955078125 0.403594970703125
-0.0569572448730469 -0.00760269165039062 -0.07318115234375 0.743896484375
-0.0370063781738281 -0.0351486206054688 -0.69293212890625 0.61212158203125
0.00650310516357422 0.0061798095703125 -0.6859130859375 0.114013671875
0.0268020629882812 0.0347499847412109 0.0612869262695313 0.075836181640625
0.0233917236328125 0.00879096984863281 0.76556396484375 -0.16912841796875
-0.00685691833496094 -0.0178756713867188 0.52301025390625 -0.775634765625
-0.0281085968017578 -0.0109157562255859 -0.282958984375 -0.7425537109375
-0.0239067077636719 -0.00525665283203125 -0.59112548828125 -0.17181396484375
0.00568675994873047 0.0111770629882813 -0.42999267578125 0.16058349609375
0.0194511413574219 0.0113048553466797 -0.095855712890625 0.251113891601563
0.00139474868774414 0.00424027442932129 0.120346069335938 0.178573608398438
0.018096923828125 -0.00822830200195313 -0.0605926513671875 -0.140327453613281
0.0299930572509766 0.0205154418945313 0.195770263671875 -0.163742065429688
0.0315952301025391 0.0327663421630859 0.425323486328125 0.02777099609375
-0.00344085693359375 0.0324783325195313 0.445770263671875 0.42584228515625
-0.0585250854492188 -0.00276565551757812 -0.10528564453125 0.7506103515625
-0.0410537719726562 -0.0341262817382813 -0.72021484375 0.5908203125
0.00707483291625977 0.000577449798583984 -0.6820068359375 0.095458984375
0.0340538024902344 0.0278778076171875 0.0814208984375 0.0765914916992188
0.0217533111572266 -0.00102806091308594 0.764404296875 -0.19659423828125
-0.0139675140380859 -0.0151538848876953 0.4913330078125 -0.7891845703125
-0.0278186798095703 -0.00192832946777344 -0.31097412109375 -0.72576904296875
-0.0123138427734375 0.00108051300048828 -0.5960693359375 -0.1485595703125
0.0196609497070313 0.00947761535644531 -0.42291259765625 0.1748046875
0.0291690826416016 0.00438117980957031 -0.0916900634765625 0.24969482421875
0.00450992584228516 -0.00264549255371094 0.121871948242187 0.178268432617187
0.0225276947021484 -0.0164070129394531 -0.05853271484375 -0.14306640625
0.0414886474609375 0.0181922912597656 0.1976318359375 -0.16094970703125
0.0447578430175781 0.0365943908691406 0.425872802734375 0.03558349609375
0.00334930419921875 0.0395278930664063 0.441162109375 0.43896484375
-0.0609703063964844 0.00387954711914064 -0.11907958984375 0.75567626953125
-0.0413284301757812 -0.0372352600097656 -0.7294921875 0.5821533203125
0.0203914642333984 -0.00334358215332031 -0.67254638671875 0.0897216796874999
0.052581787109375 0.0232887268066406 0.0945968627929688 0.076019287109375
0.0293483734130859 -0.00873374938964844 0.7686767578125 -0.2127685546875
-0.0157976150512695 -0.0151777267456055 0.4776611328125 -0.80010986328125
-0.0280838012695313 0.00526237487792969 -0.32012939453125 -0.72027587890625
-0.00344181060791016 0.00581741333007812 -0.59368896484375 -0.13897705078125
0.0313358306884766 0.0103092193603516 -0.4208984375 0.17755126953125
0.0387077331542969 -9.1552734375E-05 -0.0915985107421875 0.24664306640625
0.00577640533447266 -0.0103216171264648 0.1229248046875 0.173171997070313
0.0260410308837891 -0.02288818359375 -0.0581207275390625 -0.148117065429688
0.049560546875 0.0140800476074219 0.1988525390625 -0.166976928710938
0.0550346374511719 0.037689208984375 0.428985595703125 0.03204345703125
0.0108985900878906 0.0496711730957031 0.447784423828125 0.4385986328125
-0.0613517761230469 0.00915145874023437 -0.10711669921875 0.7615966796875
-0.0401268005371094 -0.0389366149902344 -0.717529296875 0.59136962890625
0.033721923828125 -0.0109405517578125 -0.66363525390625 0.0924072265624999
0.071380615234375 0.021087646484375 0.104354858398437 0.0772781372070312
0.0395622253417969 -0.0157394409179688 0.779052734375 -0.21405029296875
-0.0154209136962891 -0.0188426971435547 0.489013671875 -0.7998046875
-0.0252418518066406 0.009185791015625 -0.3140869140625 -0.7247314453125
0.00367546081542969 0.00925636291503906 -0.5921630859375 -0.14239501953125
0.039520263671875 0.0100631713867188 -0.421173095703125 0.1724853515625
0.0475120544433594 -0.00385284423828125 -0.09100341796875 0.239059448242187
0.00951290130615234 -0.0165843963623047 0.124542236328125 0.165695190429688
0.0284004211425781 -0.0284538269042969 -0.055419921875 -0.154403686523438
0.0558013916015625 0.00859451293945313 0.198410034179688 -0.177398681640625
0.0609359741210938 0.0357398986816406 0.433074951171875 0.017913818359375
0.0140724182128906 0.0537261962890625 0.464813232421875 0.424957275390625
-0.0584754943847656 0.0124092102050781 -0.0748291015625001 0.7633056640625
-0.0355911254882813 -0.0420722961425781 -0.68511962890625 0.611083984375
0.0483360290527344 -0.0181159973144531 -0.6513671875 0.1092529296875
0.0917434692382813 0.0202255249023438 0.103683471679688 0.0790023803710938
0.0505142211914063 -0.0190696716308594 0.78961181640625 -0.19732666015625
-0.0121078491210938 -0.0216083526611328 0.51947021484375 -0.7889404296875
-0.0244541168212891 0.0112361907958984 -0.286376953125 -0.73809814453125
0.00594711303710938 0.0148906707763672 -0.58740234375 -0.15997314453125
0.0419120788574219 0.0127029418945312 -0.422149658203125 0.15716552734375
0.0528068542480469 -0.00911712646484375 -0.096221923828125 0.227996826171875
0.0132808685302734 -0.0209789276123047 0.125991821289063 0.157211303710938
0.00674295425415039 0.00759792327880859 -0.0754547119140625 -0.161270141601563
0.00225067138671875 0.02655029296875 0.182693481445313 -0.209030151367188
-0.00772285461425781 0.0321407318115234 0.429779052734375 -0.066558837890625
-0.0268726348876953 0.0168018341064453 0.532928466796875 0.3082275390625
-0.0503005981445313 -0.0155487060546875 0.08380126953125 0.7252197265625
-0.0175666809082031 -0.0444183349609375 -0.55352783203125 0.7120361328125
0.0368385314941406 0.00641250610351563 -0.68218994140625 0.20391845703125
0.0534095764160156 0.0493888854980469 0.005615234375 0.0836410522460938
0.0544052124023438 0.0245742797851563 0.7926025390625 -0.0616455078125
0.0259666442871094 -0.0214939117431641 0.6875 -0.699462890625
-0.01849365234375 -0.0340404510498047 -0.14312744140625 -0.81280517578125
-0.0439414978027344 -0.0207672119140625 -0.5673828125 -0.28045654296875
-0.0256023406982422 0.00621414184570313 -0.4500732421875 0.0926513671875
-0.00490951538085937 0.013981819152832 -0.111831665039063 0.22552490234375
0.00366783142089844 0.0141067504882813 0.127853393554688 0.166290283203125
0.00700187683105469 0.00846433639526367 -0.0742645263671875 -0.154006958007812
0.00594139099121094 0.0268268585205078 0.185791015625 -0.197372436523438
-0.00124168395996094 0.0310993194580078 0.43255615234375 -0.044708251953125
-0.0222053527832031 0.0166950225830078 0.515533447265625 0.338470458984375
-0.0518989562988281 -0.0156936645507813 0.03515625 0.7353515625
-0.0259361267089844 -0.0390853881835938 -0.6038818359375 0.68609619140625
0.020843505859375 0.0111198425292969 -0.69171142578125 0.1785888671875
0.0350112915039063 0.0450210571289063 0.0172958374023438 0.08056640625
0.0380783081054688 0.02069091796875 0.78448486328125 -0.09808349609375
0.0140190124511719 -0.0205821990966797 0.6336669921875 -0.73126220703125
-0.0239181518554688 -0.0260047912597656 -0.19354248046875 -0.7969970703125
-0.0411148071289063 -0.0175857543945313 -0.57965087890625 -0.24365234375
-0.0183811187744141 0.00838661193847656 -0.44866943359375 0.11767578125
0.000799179077148439 0.0175857543945313 -0.107528686523438 0.238037109375
0.0017242431640625 0.0124006271362305 0.123947143554688 0.173019409179688
0.0111627578735352 0.00502586364746094 -0.070281982421875 -0.148574829101563
0.0140800476074219 0.0271949768066406 0.1895751953125 -0.1824951171875
0.00787734985351562 0.0309505462646484 0.432647705078125 -0.016693115234375
-0.0159473419189453 0.0183258056640625 0.491058349609375 0.3712158203125
-0.054534912109375 -0.0116729736328125 -0.0181884765625 0.74591064453125
-0.0316200256347656 -0.0344161987304687 -0.65545654296875 0.65350341796875
0.00921249389648438 0.0109968185424805 -0.698974609375 0.14678955078125
0.0263748168945313 0.0381278991699219 0.035552978515625 0.0786590576171875
0.0271701812744141 0.0153102874755859 0.777099609375 -0.13946533203125
0.00101280212402344 -0.018524169921875 0.57427978515625 -0.76190185546875
-0.0264606475830078 -0.0188579559326172 -0.24835205078125 -0.7724609375
-0.0329456329345703 -0.0109977722167969 -0.59307861328125 -0.2049560546875
-0.00561952590942383 0.00827455520629883 -0.440216064453125 0.144927978515625
0.00905323028564453 0.0139455795288086 -0.101791381835938 0.24896240234375
-0.00132274627685547 0.0094451904296875 0.123306274414063 0.178878784179688
0.0116176605224609 -0.00169086456298828 -0.066619873046875 -0.145706176757813
0.0190925598144531 0.0253124237060547 0.193832397460937 -0.173248291015625
0.0196056365966797 0.0292034149169922 0.4302978515625 0.007476806640625
-0.0100727081298828 0.0256710052490234 0.46929931640625 0.40606689453125
-0.0578460693359375 -0.00906753540039061 -0.0683593749999999 0.7568359375
-0.037017822265625 -0.0335426330566406 -0.6962890625 0.6236572265625
0.0079193115234375 0.00632333755493164 -0.69427490234375 0.11859130859375
0.0273761749267578 0.0337276458740234 0.0614166259765625 0.0768203735351563
0.0240917205810547 0.00915718078613281 0.77337646484375 -0.17584228515625
-0.00845623016357422 -0.016810417175293 0.5247802734375 -0.78857421875
-0.0295982360839844 -0.00996971130371094 -0.29058837890625 -0.7484130859375
-0.0238475799560547 -0.006317138671875 -0.59832763671875 -0.170166015625
0.00615310668945313 0.0108051300048828 -0.4322509765625 0.166778564453125
0.0173320770263672 0.0104990005493164 -0.0936737060546875 0.254745483398437
0.00261282920837402 0.00325202941894531 0.123092651367188 0.1806640625
0.0180759429931641 -0.0100574493408203 -0.06201171875 -0.144363403320312
0.0304069519042969 0.0229110717773438 0.196029663085938 -0.165283203125
0.0341014862060547 0.0320358276367188 0.429290771484375 0.024444580078125
-0.002899169921875 0.0328311920166016 0.453948974609375 0.428802490234375
-0.0610733032226563 -0.00225830078125 -0.1016845703125 0.75933837890625
-0.0422439575195312 -0.0330696105957031 -0.726318359375 0.60430908203125
0.00896835327148438 0.000220298767089844 -0.68878173828125 0.0994262695312501
0.0339851379394531 0.0282611846923828 0.0808334350585938 0.075408935546875
0.0226097106933594 0.000812530517578125 0.772216796875 -0.20263671875
-0.0138378143310547 -0.015782356262207 0.49188232421875 -0.80206298828125
-0.0300178527832031 -0.00226974487304688 -0.3184814453125 -0.7325439453125
-0.0126810073852539 0.000100135803222655 -0.60125732421875 -0.143798828125
0.0182685852050781 0.0106468200683594 -0.42816162109375 0.17852783203125
0.0308895111083984 0.00635337829589844 -0.0916900634765625 0.255508422851563
0.00351595878601074 -0.00337767601013184 0.12451171875 0.178726196289062
0.0218467712402344 -0.0166187286376953 -0.0610198974609375 -0.146804809570313
0.04241943359375 0.0181465148925781 0.199310302734375 -0.165451049804688
0.0468978881835938 0.0347671508789063 0.43243408203125 0.03204345703125
0.00414657592773437 0.0408248901367187 0.449432373046875 0.440399169921875
-0.0618782043457031 0.00406265258789062 -0.11651611328125 0.76727294921875
-0.0423011779785156 -0.0363388061523437 -0.734130859375 0.59381103515625
0.0198497772216797 -0.00465774536132813 -0.68109130859375 0.0939331054687501
0.0518951416015625 0.0228271484375 0.0960540771484375 0.0747604370117188
0.0297374725341797 -0.00788116455078125 0.774658203125 -0.2177734375
-0.0158443450927734 -0.0152721405029297 0.47564697265625 -0.8114013671875
-0.0271072387695312 0.00448036193847657 -0.33038330078125 -0.72552490234375
-0.00382900238037109 0.00490713119506836 -0.60430908203125 -0.1356201171875
0.0301971435546875 0.0113677978515625 -0.425384521484375 0.18402099609375
0.038482666015625 -0.000579833984375 -0.0897216796875 0.250091552734375
0.00637149810791016 -0.0103206634521484 0.125 0.173980712890625
0.0264091491699219 -0.0226631164550781 -0.0586395263671875 -0.150405883789063
0.0496864318847656 0.0136222839355469 0.200088500976563 -0.170516967773438
0.0557098388671875 0.0368270874023438 0.434722900390625 0.030059814453125
0.0100746154785156 0.0481491088867187 0.45782470703125 0.439422607421875
-0.0620269775390625 0.00859451293945313 -0.10406494140625 0.7703857421875
-0.0395469665527344 -0.0379104614257813 -0.72320556640625 0.6024169921875
0.0339946746826172 -0.0113353729248047 -0.67041015625 0.0986938476562499
0.0716094970703125 0.0207443237304688 0.105804443359375 0.0775222778320313
0.038909912109375 -0.014190673828125 0.78411865234375 -0.2210693359375
-0.0164642333984375 -0.0182056427001953 0.48687744140625 -0.81146240234375
-0.0267753601074219 0.008880615234375 -0.32379150390625 -0.73175048828125
0.00323772430419922 0.0103044509887695 -0.5986328125 -0.13726806640625
0.0388107299804687 0.00948333740234375 -0.42596435546875 0.178253173828125
0.0479507446289063 -0.00542831420898438 -0.092681884765625 0.242752075195312
0.010411262512207 -0.0163717269897461 0.127914428710938 0.167816162109375
0.0288772583007813 -0.0293807983398438 -0.056884765625 -0.157974243164063
0.0558204650878906 0.00831985473632813 0.200454711914063 -0.182281494140625
0.0607986450195313 0.0356178283691406 0.43804931640625 0.014801025390625
0.0166130065917969 0.052276611328125 0.47259521484375 0.42596435546875
-0.0589103698730469 0.0135498046875 -0.0707397460937499 0.77044677734375
-0.0362586975097656 -0.041473388671875 -0.688232421875 0.6229248046875
0.0495147705078125 -0.0191917419433594 -0.6563720703125 0.113525390625
0.0923309326171875 0.0185699462890625 0.103286743164063 0.0808258056640625
0.0529594421386719 -0.0192985534667969 0.79656982421875 -0.20220947265625
-0.0119304656982422 -0.020263671875 0.52264404296875 -0.80364990234375
-0.0243396759033203 0.0111446380615234 -0.296875 -0.7479248046875
0.00536632537841797 0.0141153335571289 -0.5950927734375 -0.157958984375
0.0431861877441406 0.0133819580078125 -0.42681884765625 0.16162109375
0.0513572692871094 -0.0101776123046875 -0.09710693359375 0.232421875
0.0144233703613281 -0.0224475860595703 0.129074096679688 0.158706665039063
0.00675392150878906 0.00905132293701172 -0.077117919921875 -0.163864135742188
0.00286483764648437 0.0265331268310547 0.18133544921875 -0.216262817382813
-0.00640296936035157 0.0343532562255859 0.435516357421875 -0.07415771484375
-0.0245933532714844 0.017242431640625 0.54327392578125 0.30645751953125
-0.0506515502929687 -0.0163154602050781 0.09197998046875 0.7340087890625
-0.0184326171875 -0.0431785583496094 -0.55389404296875 0.72430419921875
0.0355148315429688 0.00530242919921875 -0.68701171875 0.21307373046875
0.0536537170410156 0.0495872497558594 0.00322723388671875 0.0836410522460938
0.0535736083984375 0.023681640625 0.79937744140625 -0.06573486328125
0.0252304077148438 -0.0216255187988281 0.6893310546875 -0.7125244140625
-0.0188026428222656 -0.033477783203125 -0.151123046875 -0.82000732421875
-0.0443115234375 -0.0220184326171875 -0.5765380859375 -0.27581787109375
-0.0251674652099609 0.00638771057128906 -0.4547119140625 0.09893798828125
-0.00410652160644531 0.0150012969970703 -0.112640380859375 0.229934692382813
0.00361347198486328 0.0135660171508789 0.130966186523438 0.167800903320313
0.00757122039794922 0.0088958740234375 -0.0759124755859375 -0.154708862304688
0.00516891479492187 0.0272140502929688 0.186981201171875 -0.201141357421875
-0.00131988525390625 0.0313587188720703 0.43817138671875 -0.04852294921875
-0.0200881958007813 0.0177116394042969 0.522491455078125 0.336273193359375
-0.0531272888183594 -0.0137977600097656 0.0419921875 0.745361328125
-0.0257568359375 -0.0371513366699219 -0.605224609375 0.6964111328125
0.0195884704589844 0.00850486755371094 -0.69940185546875 0.1861572265625
0.0360450744628906 0.0456123352050781 0.0161209106445313 0.0808868408203125
0.0382003784179688 0.0221023559570313 0.791015625 -0.1055908203125
0.0138759613037109 -0.0193214416503906 0.63433837890625 -0.74310302734375
-0.0238628387451172 -0.0257644653320313 -0.2027587890625 -0.801513671875
-0.0400810241699219 -0.0173606872558594 -0.591064453125 -0.24102783203125
-0.018218994140625 0.00687599182128906 -0.45361328125 0.122711181640625
-0.000291824340820312 0.0149765014648437 -0.108261108398437 0.242950439453125
0.00288009643554688 0.0109081268310547 0.1265869140625 0.173660278320313
0.0114383697509766 0.00385570526123047 -0.0734100341796875 -0.15069580078125
0.0128955841064453 0.0274486541748047 0.189163208007813 -0.189559936523438
0.00824928283691406 0.0296306610107422 0.436676025390625 -0.02166748046875
-0.015228271484375 0.0181312561035156 0.49737548828125 0.371368408203125
-0.0559310913085937 -0.0110130310058594 -0.01080322265625 0.75457763671875
-0.0321788787841797 -0.0336170196533203 -0.6558837890625 0.66705322265625
0.00929069519042969 0.0106019973754883 -0.702392578125 0.15478515625
0.0260047912597656 0.0398330688476563 0.0353546142578125 0.0803909301757813
0.0282115936279297 0.0157680511474609 0.78302001953125 -0.146484375
0.00233173370361328 -0.0167074203491211 0.573486328125 -0.774169921875
-0.0272235870361328 -0.0195217132568359 -0.25885009765625 -0.77581787109375
-0.0345268249511719 -0.0123214721679688 -0.6014404296875 -0.20184326171875
-0.00837230682373047 0.0107927322387695 -0.44635009765625 0.150238037109375
0.00897121429443359 0.016484260559082 -0.101577758789062 0.253952026367187
0.00154972076416016 0.0104074478149414 0.12725830078125 0.178756713867188
0.013641357421875 -0.00243282318115234 -0.0679473876953125 -0.1474609375
0.0215950012207031 0.0247707366943359 0.194122314453125 -0.177017211914062
0.0197048187255859 0.0294742584228516 0.436126708984375 0.002532958984375
-0.0118370056152344 0.0240402221679688 0.4774169921875 0.406341552734375
-0.0589370727539063 -0.00697708129882811 -0.0618896484374999 0.7628173828125
-0.0363540649414063 -0.0328750610351563 -0.69940185546875 0.63763427734375
0.00762367248535156 0.00463724136352539 -0.70477294921875 0.12640380859375
0.02740478515625 0.0343971252441406 0.0616531372070313 0.0780868530273438
0.0237846374511719 0.00831794738769531 0.7784423828125 -0.1822509765625
-0.00778865814208985 -0.0165586471557617 0.52142333984375 -0.799560546875
-0.029876708984375 -0.0112247467041016 -0.30224609375 -0.75457763671875
-0.0241260528564453 -0.00498199462890624 -0.60931396484375 -0.1636962890625
0.00612926483154297 0.00995254516601563 -0.436279296875 0.17144775390625
0.0173635482788086 0.0107917785644531 -0.0945892333984375 0.25933837890625
0.00272393226623535 0.00364780426025391 0.12567138671875 0.18206787109375
0.0180072784423828 -0.00889968872070313 -0.06512451171875 -0.146011352539063
0.0321388244628906 0.0211906433105469 0.198257446289063 -0.172882080078125
0.0341835021972656 0.0323638916015625 0.436920166015625 0.022186279296875
-0.0030975341796875 0.0309848785400391 0.462677001953125 0.42901611328125
-0.0637588500976563 -0.000495910644531246 -0.0972290039062499 0.76971435546875
-0.0431594848632813 -0.031036376953125 -0.7276611328125 0.61529541015625
0.00833559036254883 0.000262737274169922 -0.6949462890625 0.10687255859375
0.0357666015625 0.0273590087890625 0.0798797607421875 0.0769577026367188
0.0210227966308594 0.000244140625 0.77642822265625 -0.210693359375
-0.014653205871582 -0.0152730941772461 0.48968505859375 -0.81512451171875
-0.0294361114501953 -0.00105285644531251 -0.32977294921875 -0.73614501953125
-0.0131473541259766 0.000720977783203123 -0.60906982421875 -0.138427734375
0.0182437896728516 0.011199951171875 -0.431640625 0.182403564453125
0.0291728973388672 0.00479507446289063 -0.092132568359375 0.25885009765625
0.00235819816589355 -0.00322389602661133 0.128936767578125 0.181350708007812
0.0227260589599609 -0.0169563293457031 -0.0616455078125 -0.14794921875
0.04229736328125 0.0184059143066406 0.199020385742187 -0.171661376953125
0.0469856262207031 0.0349845886230469 0.438201904296875 0.028717041015625
0.00579452514648438 0.0410041809082031 0.45733642578125 0.440948486328125
-0.0610275268554688 0.00368499755859375 -0.1116943359375 0.77801513671875
-0.0425605773925781 -0.0339241027832031 -0.7366943359375 0.6080322265625
0.0200538635253906 -0.00496864318847656 -0.68804931640625 0.0997314453125
0.0522308349609375 0.0242691040039063 0.0986785888671875 0.0767898559570313
0.0289096832275391 -0.00699996948242188 0.7803955078125 -0.22760009765625
-0.0175333023071289 -0.0150833129882813 0.4735107421875 -0.82586669921875
-0.0274639129638672 0.006500244140625 -0.3426513671875 -0.73291015625
-0.00395107269287109 0.00548934936523437 -0.6107177734375 -0.12994384765625
0.0297870635986328 0.00964927673339844 -0.429229736328125 0.190460205078125
0.0380592346191406 -0.000438690185546875 -0.0875396728515625 0.254791259765625
0.00562381744384766 -0.0105361938476563 0.129364013671875 0.176803588867188
0.0260429382324219 -0.0235424041748047 -0.0601654052734375 -0.152297973632813
0.0508689880371094 0.0125198364257813 0.200225830078125 -0.174850463867188
0.0559234619140625 0.03692626953125 0.440277099609375 0.024810791015625
0.0125732421875 0.0482711791992188 0.465606689453125 0.441619873046875
-0.0622673034667969 0.0103416442871094 -0.0989990234375 0.781982421875
-0.0405769348144531 -0.0373611450195313 -0.72491455078125 0.61492919921875
0.0334892272949219 -0.0128631591796875 -0.6773681640625 0.1031494140625
0.0719528198242188 0.0197372436523438 0.106788635253906 0.0771713256835937
0.0392608642578125 -0.014739990234375 0.7904052734375 -0.22906494140625
-0.0161342620849609 -0.0173196792602539 0.48699951171875 -0.82745361328125
-0.0262832641601563 0.00946044921874999 -0.33416748046875 -0.7349853515625
0.00281333923339844 0.0104885101318359 -0.608642578125 -0.13323974609375
0.0395011901855469 0.0118789672851563 -0.427978515625 0.184661865234375
0.0471115112304688 -0.00534820556640625 -0.0912628173828125 0.246856689453125
0.00996971130371094 -0.0177574157714844 0.132858276367188 0.168670654296875
0.0273208618164062 -0.0289554595947266 -0.05950927734375 -0.159027099609375
0.0556907653808594 0.00823974609375 0.199539184570313 -0.18682861328125
0.0651092529296875 0.0340728759765625 0.442718505859375 0.009918212890625
0.0168037414550781 0.0533409118652344 0.484283447265625 0.427825927734375
-0.0618553161621094 0.0129966735839844 -0.06365966796875 0.78271484375
-0.0359878540039063 -0.0403823852539063 -0.691650390625 0.63690185546875
0.0493621826171875 -0.0198860168457031 -0.66595458984375 0.12054443359375
0.0934524536132812 0.0177459716796875 0.1053466796875 0.0790557861328125
0.0508766174316406 -0.0194549560546875 0.80194091796875 -0.21185302734375
-0.0122547149658203 -0.019012451171875 0.51910400390625 -0.8167724609375
-0.0244922637939453 0.0106315612792969 -0.30712890625 -0.7506103515625
0.00794219970703125 0.0149641036987305 -0.60137939453125 -0.1536865234375
0.0426673889160156 0.0116043090820312 -0.43170166015625 0.170166015625
0.0518798828125 -0.0106620788574219 -0.095245361328125 0.23736572265625
0.0136222839355469 -0.0228214263916016 0.132232666015625 0.160263061523438
0.006072998046875 0.00850009918212891 -0.0795440673828125 -0.16558837890625
0.003692626953125 0.0272502899169922 0.181777954101563 -0.219757080078125
-0.00690269470214844 0.0338935852050781 0.44049072265625 -0.079803466796875
-0.0239715576171875 0.0185756683349609 0.551513671875 0.2989501953125
-0.0511550903320313 -0.0165939331054688 0.10247802734375 0.7401123046875
-0.0203742980957031 -0.04205322265625 -0.54962158203125 0.739501953125
0.0354194641113281 0.00615692138671875 -0.69305419921875 0.22283935546875
0.0543479919433594 0.0497817993164062 0.00392913818359375 0.084320068359375
0.0534858703613281 0.0242691040039063 0.80694580078125 -0.07562255859375
0.0254478454589844 -0.0220756530761719 0.6875 -0.728271484375
-0.0196914672851562 -0.0338764190673828 -0.16241455078125 -0.82781982421875
-0.0452613830566406 -0.0208473205566406 -0.585693359375 -0.27166748046875
-0.0261154174804687 0.00572013854980469 -0.459197998046875 0.105987548828125
-0.00424861907958984 0.0157251358032227 -0.10968017578125 0.235061645507812
0.00275039672851562 0.0127239227294922 0.134292602539063 0.167236328125
0.0074772834777832 0.00765705108642578 -0.0776824951171875 -0.156494140625
0.00731849670410156 0.0281944274902344 0.186019897460938 -0.207000732421875
-0.00104331970214843 0.0304660797119141 0.441925048828125 -0.05364990234375
-0.0199012756347656 0.0178947448730469 0.52984619140625 0.334075927734375
-0.0537147521972656 -0.0130691528320313 0.0499267578125 0.75494384765625
-0.0267677307128906 -0.03839111328125 -0.60296630859375 0.715087890625
0.022308349609375 0.00942420959472656 -0.706298828125 0.1968994140625
0.0362777709960937 0.0446548461914062 0.0157318115234375 0.0820465087890625
0.0377235412597656 0.0206756591796875 0.797119140625 -0.115966796875
0.0133762359619141 -0.0187702178955078 0.63006591796875 -0.75909423828125
-0.0231533050537109 -0.0272426605224609 -0.21636962890625 -0.80950927734375
-0.0427589416503906 -0.0165786743164063 -0.6004638671875 -0.23529052734375
-0.0183219909667969 0.00899505615234375 -0.455780029296875 0.13043212890625
0.000382423400878907 0.0158748626708984 -0.107421875 0.246353149414063
0.00286769866943359 0.0109891891479492 0.130294799804688 0.175155639648438
0.00982093811035156 0.00226688385009766 -0.0749053955078125 -0.152252197265625
0.0114154815673828 0.0267353057861328 0.18975830078125 -0.19287109375
0.00906562805175781 0.0304107666015625 0.442413330078125 -0.027862548828125
-0.0157241821289062 0.0185813903808594 0.50823974609375 0.36834716796875
-0.0575408935546875 -0.00951385498046875 -0.00439453125 0.76531982421875
-0.0335578918457031 -0.0329303741455078 -0.656005859375 0.681884765625
0.00955295562744141 0.010828971862793 -0.71142578125 0.1640625
0.0251502990722656 0.0420646667480469 0.0361328125 0.0789642333984375
0.0286121368408203 0.0161037445068359 0.789306640625 -0.15374755859375
0.000280380249023436 -0.0167198181152344 0.5699462890625 -0.7896728515625
-0.0290279388427734 -0.0199012756347656 -0.27227783203125 -0.78131103515625
-0.034210205078125 -0.0108089447021484 -0.61126708984375 -0.1937255859375
-0.00701332092285156 0.0105142593383789 -0.4482421875 0.15606689453125
0.00889873504638672 0.0155735015869141 -0.0992889404296875 0.257675170898438
0.000823974609375 0.00991916656494141 0.13153076171875 0.180435180664063
0.0146007537841797 -0.00281715393066406 -0.0713653564453125 -0.148880004882812
0.0204048156738281 0.0252494812011719 0.1949462890625 -0.181564331054688
0.0208454132080078 0.0297870635986328 0.4410400390625 -0.002685546875
-0.00749015808105469 0.0231800079345703 0.4884033203125 0.403167724609375
-0.0591888427734375 -0.00687408447265624 -0.0534667968749999 0.77642822265625
-0.0383186340332031 -0.0309066772460937 -0.70123291015625 0.65338134765625
0.00621175765991211 0.00580263137817383 -0.71112060546875 0.1365966796875
0.0288543701171875 0.0342140197753906 0.061279296875 0.078033447265625
0.0217609405517578 0.0105800628662109 0.7835693359375 -0.192138671875
-0.00809478759765625 -0.0152359008789063 0.5179443359375 -0.815185546875
-0.0294589996337891 -0.0100288391113281 -0.31280517578125 -0.75823974609375
-0.0246429443359375 -0.00522613525390625 -0.61761474609375 -0.157470703125
0.00574970245361328 0.00968647003173828 -0.44061279296875 0.180206298828125
0.0175189971923828 0.0109348297119141 -0.093048095703125 0.262237548828125
0.00225114822387695 0.0031285285949707 0.131088256835938 0.1832275390625
0.0166482925415039 -0.00947666168212891 -0.06787109375 -0.148391723632813
0.0318450927734375 0.0219841003417969 0.197235107421875 -0.177841186523437
0.03570556640625 0.0326614379882813 0.441253662109375 0.015533447265625
-0.000930786132812499 0.0311756134033203 0.47314453125 0.424896240234375
-0.0626411437988281 -0.00136566162109376 -0.086669921875 0.7838134765625
-0.0432281494140625 -0.0313529968261719 -0.72918701171875 0.63128662109375
0.00840139389038086 0.00237607955932617 -0.70361328125 0.1153564453125
0.0354652404785156 0.02728271484375 0.08123779296875 0.0758743286132812
0.0210380554199219 0.00114631652832031 0.7818603515625 -0.2218017578125
-0.0160074234008789 -0.0135498046875 0.48175048828125 -0.8287353515625
-0.0290603637695312 -0.00156021118164063 -0.34356689453125 -0.74029541015625
-0.0136337280273437 0.00204849243164063 -0.61859130859375 -0.13079833984375
0.0195560455322266 0.0108566284179688 -0.43505859375 0.194793701171875
0.0289211273193359 0.00388336181640625 -0.0880279541015625 0.26214599609375
0.00405025482177734 -0.00259733200073242 0.132156372070313 0.182525634765625
0.0211410522460938 -0.0172882080078125 -0.064117431640625 -0.150833129882812
0.0421371459960938 0.0188522338867188 0.198684692382813 -0.174835205078125
0.0486831665039063 0.0354576110839844 0.442657470703125 0.023712158203125
0.00601577758789063 0.0403251647949219 0.46783447265625 0.441192626953125
-0.0635871887207031 0.00643157958984374 -0.10198974609375 0.78857421875
-0.0416717529296875 -0.033294677734375 -0.738525390625 0.62261962890625
0.0207252502441406 -0.006622314453125 -0.69561767578125 0.10797119140625
0.0515975952148438 0.0236778259277344 0.0987396240234375 0.0770797729492188
0.0292205810546875 -0.00885200500488281 0.78466796875 -0.2373046875
-0.0178871154785156 -0.0148181915283203 0.4696044921875 -0.839599609375
-0.0287685394287109 0.00560188293457031 -0.35479736328125 -0.7352294921875
-0.0049748420715332 0.00622701644897461 -0.61846923828125 -0.123046875
0.0300769805908203 0.01055908203125 -0.430450439453125 0.198760986328125
0.0381889343261719 -0.00244140625 -0.086944580078125 0.259475708007813
0.00486087799072266 -0.010624885559082 0.133255004882813 0.17755126953125
0.0258712768554688 -0.0244293212890625 -0.062835693359375 -0.15509033203125
0.0517120361328125 0.012939453125 0.201095581054688 -0.181320190429688
0.0587806701660156 0.0363006591796875 0.44561767578125 0.01861572265625
0.013641357421875 0.0489158630371094 0.477386474609375 0.439849853515625
-0.0641517639160156 0.01202392578125 -0.0921630859375 0.7921142578125
-0.0411148071289062 -0.0357475280761719 -0.7254638671875 0.63299560546875
0.0346469879150391 -0.0131626129150391 -0.6827392578125 0.11334228515625
0.073089599609375 0.0196151733398438 0.106796264648437 0.0770111083984375
0.0383071899414062 -0.0150680541992187 0.7952880859375 -0.2391357421875
-0.0171308517456055 -0.0156574249267578 0.4810791015625 -0.83929443359375
-0.0273113250732422 0.0102329254150391 -0.34796142578125 -0.73822021484375
0.00280666351318359 0.0104503631591797 -0.616455078125 -0.12847900390625
0.0390090942382813 0.0110244750976563 -0.430999755859375 0.19256591796875
0.0475196838378906 -0.0068206787109375 -0.0892791748046875 0.251800537109375
0.00997161865234375 -0.0186958312988281 0.137557983398438 0.170013427734375
0.0274391174316406 -0.0300445556640625 -0.0613250732421875 -0.162155151367188
0.0589752197265625 0.0082550048828125 0.200820922851563 -0.191726684570312
0.0648384094238281 0.0362129211425781 0.449737548828125 0.0029296875
0.0174713134765625 0.0523834228515625 0.49371337890625 0.42437744140625
-0.0618858337402344 0.0164146423339844 -0.05584716796875 0.79278564453125
-0.0370140075683594 -0.0395927429199219 -0.6915283203125 0.6524658203125
0.0500030517578125 -0.0187110900878906 -0.672607421875 0.12939453125
0.0940704345703125 0.0177383422851563 0.105941772460938 0.0798721313476563
0.0509872436523438 -0.0195503234863281 0.8055419921875 -0.2213134765625
-0.0130786895751953 -0.0196895599365234 0.5133056640625 -0.82904052734375
-0.0250225067138672 0.0117359161376953 -0.3209228515625 -0.7547607421875
0.00617504119873047 0.014582633972168 -0.6109619140625 -0.14739990234375
0.0445671081542969 0.01239013671875 -0.43365478515625 0.178070068359375
0.0525550842285156 -0.0105171203613281 -0.0952606201171875 0.240707397460938
0.0140743255615234 -0.0230026245117188 0.13543701171875 0.161376953125
0.00654220581054687 0.00858640670776367 -0.0836334228515625 -0.165863037109375
0.00485038757324219 0.0289325714111328 0.179977416992188 -0.225601196289063
-0.00413322448730468 0.0334949493408203 0.44305419921875 -0.08740234375
-0.0238742828369141 0.0180377960205078 0.5606689453125 0.295623779296875
-0.0528297424316406 -0.0148849487304687 0.1138916015625 0.7476806640625
-0.0196151733398437 -0.04083251953125 -0.54547119140625 0.7559814453125
0.0362319946289063 0.0058441162109375 -0.69830322265625 0.2333984375
0.0546035766601563 0.04833984375 0.00290679931640625 0.085784912109375
0.0538101196289063 0.0245018005371094 0.812744140625 -0.08758544921875
0.0255374908447266 -0.0222969055175781 0.68414306640625 -0.7451171875
-0.0199775695800781 -0.0354804992675781 -0.1763916015625 -0.83258056640625
-0.0467071533203125 -0.0206527709960938 -0.594970703125 -0.2672119140625
-0.0273494720458984 0.00720787048339843 -0.461517333984375 0.1136474609375
-0.00507831573486328 0.0143566131591797 -0.109100341796875 0.239120483398438
0.00441932678222656 0.0124492645263672 0.13897705078125 0.166824340820313
0.0071721076965332 0.00841951370239258 -0.0821990966796875 -0.157958984375
0.00670814514160156 0.0287513732910156 0.18511962890625 -0.210189819335937
0.00153541564941407 0.0301856994628906 0.444366455078125 -0.063873291015625
-0.0212078094482422 0.0173015594482422 0.542755126953125 0.327117919921875
-0.0556526184082031 -0.0127067565917969 0.0625000000000001 0.76068115234375
-0.0257072448730469 -0.0360145568847656 -0.59991455078125 0.7301025390625
0.0219135284423828 0.00833892822265625 -0.712646484375 0.20556640625
0.0354576110839844 0.0449142456054688 0.0164260864257812 0.0817718505859375
0.0380210876464844 0.0221099853515625 0.8028564453125 -0.125732421875
0.0121536254882812 -0.0195865631103516 0.62677001953125 -0.77557373046875
-0.0249748229980469 -0.0279712677001953 -0.23004150390625 -0.81341552734375
-0.0408172607421875 -0.0184745788574219 -0.607177734375 -0.23101806640625
-0.0200748443603516 0.00798988342285156 -0.45916748046875 0.138427734375
0.00105667114257813 0.0176715850830078 -0.104934692382813 0.252090454101563
0.00212383270263672 0.0112066268920898 0.1358642578125 0.176223754882813
0.00887680053710938 0.00253200531005859 -0.077423095703125 -0.154098510742188
0.0146923065185547 0.0280647277832031 0.189208984375 -0.199264526367188
0.00896453857421875 0.0302371978759766 0.44549560546875 -0.034088134765625
-0.0162334442138672 0.0188751220703125 0.51837158203125 0.364776611328125
-0.0586318969726563 -0.0108299255371094 0.00726318359374999 0.77337646484375
-0.0337886810302734 -0.032379150390625 -0.65216064453125 0.69671630859375
0.00955009460449219 0.0095672607421875 -0.7161865234375 0.1744384765625
0.0277137756347656 0.0389366149902344 0.0377273559570312 0.0799484252929688
0.0296554565429688 0.0162506103515625 0.7923583984375 -0.16619873046875
0.000728607177734376 -0.0172529220581055 0.563232421875 -0.8037109375
-0.0282001495361328 -0.0190887451171875 -0.2855224609375 -0.7850341796875
-0.0351905822753906 -0.0109138488769531 -0.6181640625 -0.18817138671875
-0.00797462463378906 0.00951385498046875 -0.4501953125 0.168121337890625
0.00936031341552735 0.0139455795288086 -0.097686767578125 0.260879516601563
0.000486373901367188 0.00854587554931641 0.133560180664063 0.180328369140625
0.0128669738769531 -0.00169086456298828 -0.0728607177734375 -0.150527954101563
0.0224475860595703 0.0250167846679688 0.194107055664062 -0.1865234375
0.0216827392578125 0.0300540924072266 0.44659423828125 -0.008758544921875
-0.00624465942382812 0.0230140686035156 0.49755859375 0.400360107421875
-0.0607223510742187 -0.00497817993164063 -0.04296875 0.78472900390625
-0.0369300842285156 -0.0301856994628906 -0.70025634765625 0.6690673828125
0.00558805465698242 0.00605440139770508 -0.71612548828125 0.14459228515625
0.0266437530517578 0.0336341857910156 0.062225341796875 0.0771636962890625
0.0224380493164062 0.00887680053710937 0.78741455078125 -0.20721435546875
-0.00943756103515625 -0.0148477554321289 0.509521484375 -0.8309326171875
-0.0303211212158203 -0.00901985168457031 -0.32916259765625 -0.7630615234375
-0.0256538391113281 -0.00559043884277344 -0.62481689453125 -0.14813232421875
0.00530529022216797 0.00933456420898438 -0.44342041015625 0.1890869140625
0.0168972015380859 0.0124797821044922 -0.090179443359375 0.266357421875
0.00225734710693359 0.00440120697021484 0.135971069335938 0.184188842773438
0.0175237655639648 -0.00937938690185547 -0.0693511962890625 -0.150253295898437
0.0338916778564453 0.0222396850585937 0.197830200195313 -0.1805419921875
0.0371589660644531 0.0312004089355469 0.44696044921875 0.00775146484375
0.00058937072753906 0.0319843292236328 0.481842041015625 0.4234619140625
-0.0633087158203125 0.00111007690429687 -0.0784301757812499 0.79119873046875
-0.0428314208984375 -0.0297393798828125 -0.7283935546875 0.64776611328125
0.00838184356689453 0.000226020812988281 -0.7083740234375 0.12603759765625
0.0338592529296875 0.0285549163818359 0.0810470581054687 0.0761642456054688
0.0225887298583984 0.00229072570800781 0.78387451171875 -0.23529052734375
-0.0146360397338867 -0.0128965377807617 0.474853515625 -0.84503173828125
-0.0290679931640625 0.00045204162597656 -0.357666015625 -0.74261474609375
-0.0137872695922852 0.00209140777587891 -0.62591552734375 -0.12445068359375
0.018402099609375 0.0120830535888672 -0.435546875 0.20037841796875
0.0288944244384766 0.003936767578125 -0.0858154296875 0.26812744140625
0.00394511222839355 -0.00325536727905273 0.136795043945313 0.181869506835938
0.02215576171875 -0.0178928375244141 -0.0662841796875 -0.150726318359375
0.0441017150878906 0.0185546875 0.198562622070313 -0.18115234375
0.0486640930175781 0.0327339172363281 0.44775390625 0.01654052734375
0.006500244140625 0.0391006469726563 0.478515625 0.43719482421875
-0.0656929016113281 0.00770187377929688 -0.0942993164062501 0.7978515625
-0.0418701171875 -0.0323867797851563 -0.73663330078125 0.63958740234375
0.0214252471923828 -0.00722694396972656 -0.70172119140625 0.1175537109375
0.0516395568847656 0.0231742858886719 0.0989227294921875 0.0760574340820312
0.0303287506103516 -0.00669288635253906 0.78741455078125 -0.24993896484375
-0.0190849304199219 -0.0135059356689453 0.4613037109375 -0.85137939453125
-0.0290489196777344 0.00485420227050781 -0.3685302734375 -0.73516845703125
-0.00524806976318359 0.00582265853881836 -0.625244140625 -0.1136474609375
0.0303153991699219 0.0102424621582031 -0.432861328125 0.207794189453125
0.0373802185058594 -0.00130462646484375 -0.0851898193359375 0.26361083984375
0.00569438934326172 -0.0116367340087891 0.137466430664063 0.177352905273438
0.025421142578125 -0.0245380401611328 -0.0648040771484375 -0.156845092773438
0.0531234741210938 0.0129051208496094 0.200927734375 -0.18572998046875
0.06011962890625 0.0346221923828125 0.45111083984375 0.0135498046875
0.0145378112792969 0.0475120544433594 0.486907958984375 0.434783935546875
-0.0644302368164063 0.0129280090332031 -0.0815429687499999 0.80316162109375
-0.0408172607421875 -0.0350532531738281 -0.72515869140625 0.648193359375
0.0340824127197266 -0.0130329132080078 -0.6900634765625 0.1221923828125
0.0727920532226563 0.01849365234375 0.108879089355469 0.0775909423828125
0.0378189086914063 -0.0146713256835938 0.7987060546875 -0.249755859375
-0.0176372528076172 -0.0161190032958984 0.47247314453125 -0.85528564453125
-0.0263538360595703 0.009521484375 -0.36029052734375 -0.741455078125
0.00365924835205078 0.00988388061523438 -0.6220703125 -0.117919921875
0.0393333435058594 0.0102310180664063 -0.4324951171875 0.20135498046875
0.0466651916503906 -0.00812530517578125 -0.0877227783203125 0.25634765625
0.00954627990722656 -0.0184574127197266 0.140823364257813 0.17022705078125
0.026611328125 -0.0307426452636719 -0.0648040771484375 -0.164031982421875
0.0583152770996094 0.00585556030273438 0.200363159179687 -0.19696044921875
0.0674858093261719 0.0346527099609375 0.45379638671875 -0.002349853515625
0.0211524963378906 0.0527191162109375 0.502197265625 0.42181396484375
-0.0632743835449219 0.0170211791992188 -0.0443115234375 0.801025390625
-0.0383567810058594 -0.0376052856445313 -0.68829345703125 0.66851806640625
0.050018310546875 -0.0205230712890625 -0.67694091796875 0.13836669921875
0.0939407348632812 0.0171661376953125 0.105667114257813 0.078338623046875
0.0518455505371094 -0.0204849243164063 0.808837890625 -0.2337646484375
-0.012481689453125 -0.0181865692138672 0.5050048828125 -0.8441162109375
-0.0271968841552734 0.0121021270751953 -0.3348388671875 -0.75555419921875
0.00694751739501953 0.0160150527954102 -0.61688232421875 -0.13812255859375
0.0432090759277344 0.0128364562988281 -0.437957763671875 0.1839599609375
0.0517387390136719 -0.0121116638183594 -0.092010498046875 0.245498657226563
0.0138721466064453 -0.0225086212158203 0.140701293945312 0.161514282226563
0.00668954849243164 0.00789928436279297 -0.08642578125 -0.169937133789063
0.00402069091796875 0.0275230407714844 0.178466796875 -0.23211669921875
-0.00449752807617187 0.0333080291748047 0.444580078125 -0.09527587890625
-0.0228061676025391 0.0173912048339844 0.5679931640625 0.28826904296875
-0.0538558959960938 -0.0133209228515625 0.1243896484375 0.7518310546875
-0.0207290649414063 -0.0423431396484375 -0.53814697265625 0.76776123046875
0.0378303527832031 0.00451278686523437 -0.70001220703125 0.2457275390625
0.0535087585449219 0.0496292114257813 0.00443267822265626 0.0867156982421875
0.0554008483886719 0.0243949890136719 0.8162841796875 -0.0986328125
0.0241661071777344 -0.0223865509033203 0.6767578125 -0.75994873046875
-0.0213203430175781 -0.0344219207763672 -0.1907958984375 -0.836669921875
-0.0488090515136719 -0.0191993713378906 -0.60443115234375 -0.25640869140625
-0.0278549194335938 0.00719451904296874 -0.464996337890625 0.123016357421875
-0.00412940979003906 0.0169782638549805 -0.108306884765625 0.242965698242188
0.00376129150390625 0.0114583969116211 0.143020629882813 0.167221069335938
0.00664186477661133 0.00678777694702148 -0.0844573974609375 -0.160171508789063
0.00769424438476563 0.0287456512451172 0.183837890625 -0.217819213867188
0.00126838684082031 0.0323333740234375 0.449798583984375 -0.070159912109375
-0.0219821929931641 0.0168972015380859 0.548828125 0.322509765625
-0.0560035705566406 -0.0122146606445313 0.07391357421875 0.766845703125
-0.0273399353027344 -0.0362892150878906 -0.592529296875 0.74371337890625
0.0220355987548828 0.00916481018066406 -0.71343994140625 0.21868896484375
0.0368003845214844 0.0450401306152344 0.0175094604492187 0.0813980102539063
0.0383644104003906 0.0221099853515625 0.80450439453125 -0.135986328125
0.0106544494628906 -0.0204524993896484 0.61767578125 -0.7900390625
-0.0256729125976562 -0.0278644561767578 -0.24169921875 -0.816650390625
-0.0440521240234375 -0.0161170959472656 -0.61700439453125 -0.22064208984375
-0.0194969177246094 0.0106849670410156 -0.458709716796875 0.14801025390625
-0.000779151916503907 0.017268180847168 -0.102188110351562 0.254196166992188
0.002838134765625 0.0139122009277344 0.140045166015625 0.172561645507813
0.00865554809570313 0.0014185905456543 -0.0826873779296875 -0.153701782226563
0.0123214721679688 0.0268459320068359 0.187911987304688 -0.204818725585937
0.0107975006103516 0.0300083160400391 0.449066162109375 -0.04229736328125
-0.0152359008789062 0.0186538696289063 0.528228759765625 0.35858154296875
-0.05810546875 -0.0101547241210938 0.0183105468750001 0.778076171875
-0.0337886810302734 -0.0303630828857422 -0.64666748046875 0.71380615234375
0.009002685546875 0.0101356506347656 -0.71826171875 0.18487548828125
0.0275192260742188 0.0408554077148438 0.0377578735351563 0.07952880859375
0.0287227630615234 0.0163192749023438 0.7943115234375 -0.17779541015625
8.4877014160156E-05 -0.0145797729492188 0.55682373046875 -0.81884765625
-0.0291519165039063 -0.0200405120849609 -0.2979736328125 -0.78662109375
-0.0363121032714844 -0.0104942321777344 -0.6270751953125 -0.1783447265625
-0.00780868530273437 0.010777473449707 -0.45294189453125 0.17559814453125
0.00652408599853516 0.0142784118652344 -0.094451904296875 0.264434814453125
0.00220680236816406 0.00835847854614258 0.138427734375 0.181533813476562
0.0136728286743164 -0.00503921508789063 -0.0783233642578125 -0.152999877929688
0.0238037109375 0.0243034362792969 0.192855834960938 -0.194122314453125
0.0240955352783203 0.0291976928710938 0.450775146484375 -0.01751708984375
-0.00575637817382812 0.0224151611328125 0.508148193359375 0.39508056640625
-0.0622138977050781 -0.0041046142578125 -0.032470703125 0.7930908203125
-0.0391159057617187 -0.0294418334960938 -0.6942138671875 0.6844482421875
0.00651311874389648 0.00509405136108398 -0.71942138671875 0.15631103515625
0.0277519226074219 0.0329647064208984 0.0624847412109375 0.0762557983398438
0.0237483978271484 0.00813674926757813 0.78912353515625 -0.21875
-0.00992298126220703 -0.0153446197509766 0.50286865234375 -0.84442138671875
-0.0303401947021484 -0.00806808471679688 -0.3419189453125 -0.76312255859375
-0.0252742767333984 -0.00347900390625 -0.63214111328125 -0.14300537109375
0.00555992126464844 0.0117950439453125 -0.44293212890625 0.200225830078125
0.0176200866699219 0.0108261108398437 -0.0864410400390625 0.271728515625
0.00186395645141602 0.00529098510742188 0.140960693359375 0.1837158203125
0.0154714584350586 -0.00967311859130859 -0.0723419189453125 -0.150909423828125
0.0350608825683594 0.0224323272705078 0.195663452148438 -0.187210083007813
0.0366859436035156 0.0303382873535156 0.44976806640625 0.0015869140625
0.00155448913574219 0.031585693359375 0.49365234375 0.42022705078125
-0.0640945434570313 0.00339889526367188 -0.06915283203125 0.799560546875
-0.0447616577148437 -0.0294265747070313 -0.722412109375 0.663818359375
0.0086064338684082 -0.000210762023925781 -0.712890625 0.13751220703125
0.0357627868652344 0.0266342163085938 0.0838470458984375 0.0756301879882813
0.0203380584716797 0.00113296508789063 0.78472900390625 -0.24609375
-0.0171318054199219 -0.01239013671875 0.46612548828125 -0.85748291015625
-0.0319328308105469 -0.00151252746582031 -0.37030029296875 -0.7431640625
-0.0137443542480469 5.72204589843722E-05 -0.6329345703125 -0.11505126953125
0.0185070037841797 0.00954627990722656 -0.437225341796875 0.213165283203125
0.0282688140869141 0.00390434265136719 -0.08392333984375 0.270797729492188
0.0063323974609375 -0.00470876693725586 0.1400146484375 0.182449340820313
0.0219459533691406 -0.0196952819824219 -0.0699310302734375 -0.153167724609375
0.0445137023925781 0.0165214538574219 0.199493408203125 -0.185317993164063
0.050048828125 0.0320930480957031 0.4541015625 0.010528564453125
0.00856399536132813 0.0377197265625 0.489959716796875 0.434417724609375
-0.0662422180175781 0.00914764404296875 -0.08416748046875 0.80841064453125
-0.0435943603515625 -0.0303840637207031 -0.73138427734375 0.65673828125
0.0201225280761719 -0.00680923461914063 -0.70318603515625 0.12908935546875
0.0531845092773438 0.02276611328125 0.101722717285156 0.0752487182617188
0.0286865234375 -0.00615692138671875 0.78759765625 -0.263671875
-0.0195560455322266 -0.0120735168457031 0.45135498046875 -0.86541748046875
-0.0290813446044922 0.00547599792480469 -0.382568359375 -0.7349853515625
-0.00350856781005859 0.00514125823974609 -0.6329345703125 -0.10577392578125
0.0304851531982422 0.0100231170654297 -0.432342529296875 0.216217041015625
0.0388679504394531 -0.00220489501953125 -0.08306884765625 0.267044067382813
0.00616836547851563 -0.0125627517700195 0.142593383789063 0.17584228515625
0.0236454010009766 -0.0263595581054688 -0.0675506591796875 -0.158096313476563
0.0530509948730469 0.0122261047363281 0.200210571289063 -0.191116333007813
0.0616683959960938 0.0337448120117188 0.454681396484375 0.006439208984375
0.0154838562011719 0.0462875366210937 0.4964599609375 0.433807373046875
-0.0659828186035156 0.0149116516113281 -0.0712280273437499 0.8109130859375
-0.0418548583984375 -0.0332603454589844 -0.7188720703125 0.66607666015625
0.0339851379394531 -0.0151443481445313 -0.69158935546875 0.13427734375
0.07275390625 0.0167160034179688 0.107711791992188 0.0768356323242188
0.0383148193359375 -0.0142021179199219 0.7969970703125 -0.26483154296875
-0.0178203582763672 -0.0159416198730469 0.46240234375 -0.868896484375
-0.027008056640625 0.0114669799804688 -0.3760986328125 -0.74078369140625
0.00342369079589844 0.0118989944458008 -0.630126953125 -0.10784912109375
0.0399017333984375 0.0100555419921875 -0.43280029296875 0.209808349609375
0.0468177795410156 -0.00909805297851562 -0.0839691162109375 0.258956909179688
0.0100803375244141 -0.0190486907958984 0.144683837890625 0.168746948242188
0.0266914367675781 -0.0328121185302734 -0.067413330078125 -0.165115356445312
0.0591812133789063 0.00711822509765625 0.19891357421875 -0.20263671875
0.0678062438964844 0.0337791442871094 0.458251953125 -0.011810302734375
0.0218696594238281 0.052764892578125 0.513824462890625 0.41741943359375
-0.0634689331054688 0.0198326110839844 -0.0345458984374999 0.81048583984375
-0.0392189025878906 -0.0363044738769531 -0.68450927734375 0.6844482421875
0.0507240295410156 -0.0209579467773438 -0.67987060546875 0.14984130859375
0.09527587890625 0.01519775390625 0.106903076171875 0.0790328979492187
0.0513916015625 -0.0190811157226563 0.81134033203125 -0.24627685546875
-0.0150051116943359 -0.0177955627441406 0.494873046875 -0.857666015625
-0.0257129669189453 0.0112419128417969 -0.3477783203125 -0.75811767578125
0.00644302368164062 0.0158290863037109 -0.6253662109375 -0.1282958984375
0.0429649353027344 0.0111236572265625 -0.43804931640625 0.194671630859375
0.0518455505371094 -0.0136070251464844 -0.0898590087890625 0.250091552734375
0.0132999420166016 -0.0241012573242188 0.1441650390625 0.160568237304688
0.00694370269775391 0.00892257690429688 -0.0908203125 -0.168609619140625
0.00434494018554688 0.0280265808105469 0.175674438476563 -0.237686157226563
-0.00248336791992187 0.0333805084228516 0.4468994140625 -0.1060791015625
-0.0234584808349609 0.018157958984375 0.577392578125 0.28009033203125
-0.054656982421875 -0.0121879577636719 0.138427734375 0.75518798828125
-0.0201263427734375 -0.0387916564941406 -0.52783203125 0.7840576171875
0.0371131896972656 0.003692626953125 -0.70135498046875 0.25848388671875
0.0554275512695313 0.0479736328125 0.00446319580078125 0.08538818359375
0.0560302734375 0.0235481262207031 0.8175048828125 -0.1114501953125
0.0238761901855469 -0.0209541320800781 0.66778564453125 -0.7750244140625
-0.0228958129882813 -0.0351009368896484 -0.20758056640625 -0.83734130859375
-0.048980712890625 -0.0178985595703125 -0.61285400390625 -0.24835205078125
-0.0283927917480469 0.00874519348144531 -0.46630859375 0.131256103515625
-0.00594520568847656 0.016230583190918 -0.1043701171875 0.246475219726563
0.00498485565185547 0.0117511749267578 0.147308349609375 0.1651611328125
0.00686216354370117 0.00575590133666992 -0.0874176025390625 -0.160568237304688
0.00666999816894531 0.0284347534179688 0.179656982421875 -0.221160888671875
0.00281715393066407 0.0317325592041016 0.4483642578125 -0.076904296875
-0.0206756591796875 0.0161647796630859 0.56005859375 0.313507080078125
-0.0562019348144531 -0.0122222900390625 0.0866088867187501 0.77099609375
-0.0268173217773437 -0.0349216461181641 -0.58441162109375 0.760009765625
0.0214805603027344 0.00866317749023438 -0.71527099609375 0.23052978515625
0.0377998352050781 0.0452156066894531 0.0164794921875 0.0839309692382813
0.038818359375 0.020172119140625 0.8048095703125 -0.1514892578125
0.00990104675292969 -0.0187854766845703 0.60772705078125 -0.8037109375
-0.0288715362548828 -0.0276432037353516 -0.258056640625 -0.81622314453125
-0.0445213317871094 -0.0147361755371094 -0.622802734375 -0.210205078125
-0.0210552215576172 0.00870513916015625 -0.460693359375 0.156768798828125
-1.43051147460924E-05 0.0157556533813477 -0.099853515625 0.2576904296875
0.00329875946044922 0.0115432739257813 0.143890380859375 0.173110961914063
0.0103321075439453 0.00178432464599609 -0.0846405029296875 -0.154388427734375
0.0142765045166016 0.0292644500732422 0.187393188476563 -0.21014404296875
0.0125865936279297 0.0282745361328125 0.453399658203125 -0.05072021484375
-0.0140895843505859 0.0173149108886719 0.53680419921875 0.35113525390625
-0.0591697692871094 -0.00719833374023438 0.0316162109375 0.7857666015625
-0.0347099304199219 -0.0299797058105469 -0.63897705078125 0.72967529296875
0.0109891891479492 0.0102634429931641 -0.72039794921875 0.1986083984375
0.0275306701660156 0.0384292602539063 0.0380935668945313 0.0792617797851563
0.0282611846923828 0.0167808532714844 0.79266357421875 -0.19293212890625
-0.00174140930175781 -0.0146026611328125 0.54498291015625 -0.831298828125
-0.0292034149169922 -0.0160179138183594 -0.31549072265625 -0.7869873046875
-0.0369110107421875 -0.00974655151367188 -0.63262939453125 -0.168212890625
-0.00848197937011719 0.00967979431152344 -0.4512939453125 0.186676025390625
0.00675296783447266 0.0138397216796875 -0.0893707275390625 0.270172119140625
0.000527858734130859 0.0076298713684082 0.145156860351563 0.1800537109375
0.0123329162597656 -0.00392341613769531 -0.08050537109375 -0.151168823242187
0.0250682830810547 0.0249443054199219 0.189544677734375 -0.198699951171875
0.0252265930175781 0.0276870727539063 0.453704833984375 -0.02447509765625
-0.00644493103027344 0.0219135284423828 0.516937255859375 0.3895263671875
-0.0624122619628906 -0.00184249877929686 -0.0198974609374999 0.7972412109375
-0.040069580078125 -0.0272026062011719 -0.685791015625 0.7017822265625
0.0046381950378418 0.00585699081420898 -0.72216796875 0.16717529296875
0.0276470184326172 0.0326633453369141 0.06182861328125 0.0764923095703125
0.0233917236328125 0.00936508178710938 0.7884521484375 -0.2318115234375
-0.0110683441162109 -0.0136632919311523 0.48919677734375 -0.85467529296875
-0.0321464538574219 -0.0101375579833984 -0.35675048828125 -0.7589111328125
-0.0250320434570313 -0.00365447998046875 -0.63873291015625 -0.12823486328125
0.00546169281005859 0.0106067657470703 -0.44110107421875 0.207794189453125
0.0176162719726563 0.0106239318847656 -0.08453369140625 0.274002075195313
0.00208163261413574 0.00259828567504883 0.146514892578125 0.182235717773438
0.0181293487548828 -0.0111732482910156 -0.0777130126953125 -0.1536865234375
0.0359764099121094 0.0208358764648438 0.194976806640625 -0.192230224609375
0.0395011901855469 0.0289344787597656 0.454345703125 -0.006683349609375
0.00146484375 0.0308265686035156 0.503021240234375 0.41259765625
-0.0655441284179688 0.00497055053710939 -0.0547485351562501 0.80511474609375
-0.0435523986816406 -0.0270538330078125 -0.71368408203125 0.681396484375
0.00864553451538086 0.000825881958007813 -0.71533203125 0.14874267578125
0.0350894927978516 0.0256900787353516 0.0839385986328125 0.0747833251953125
0.0224151611328125 0.00154495239257813 0.78387451171875 -0.2608642578125
-0.0175361633300781 -0.0111446380615234 0.45281982421875 -0.8685302734375
-0.0300064086914063 0.000623703002929684 -0.387451171875 -0.7386474609375
-0.0132322311401367 0.00191593170166016 -0.63726806640625 -0.1033935546875
0.0180950164794922 0.0100898742675781 -0.433380126953125 0.220245361328125
0.0286769866943359 0.00527572631835938 -0.0792999267578125 0.275527954101563
0.00376367568969727 -0.00462722778320313 0.14642333984375 0.18212890625
0.0205898284912109 -0.0198116302490234 -0.073333740234375 -0.152572631835938
0.0438995361328125 0.0171051025390625 0.19580078125 -0.190261840820313
0.05242919921875 0.0317153930664063 0.456787109375 0.0015869140625
0.00865936279296875 0.0385704040527344 0.49786376953125 0.4271240234375
-0.0657081604003906 0.0105628967285156 -0.0678710937500001 0.81512451171875
-0.0423049926757812 -0.0292701721191406 -0.72564697265625 0.671142578125
0.0200214385986328 -0.00681495666503906 -0.70501708984375 0.1405029296875
0.0521888732910156 0.0209121704101563 0.100227355957031 0.0750503540039063
0.0288505554199219 -0.00617599487304688 0.78662109375 -0.27740478515625
-0.0188846588134766 -0.0117015838623047 0.43670654296875 -0.87835693359375
-0.0289230346679688 0.00646591186523438 -0.39898681640625 -0.7333984375
-0.00422382354736328 0.00651121139526367 -0.63720703125 -0.0923461914062499
0.0312995910644531 0.00950431823730469 -0.42938232421875 0.225341796875
0.0371131896972656 -0.00226974487304687 -0.0786895751953125 0.272323608398438
0.00705242156982422 -0.0123414993286133 0.147232055664063 0.17620849609375
0.0252017974853516 -0.0265350341796875 -0.07177734375 -0.158706665039063
0.0536537170410156 0.0112457275390625 0.197647094726563 -0.196685791015625
0.0624847412109375 0.0330810546875 0.45684814453125 -0.00201416015625
0.0159378051757813 0.0468368530273438 0.508941650390625 0.425384521484375
-0.06597900390625 0.0161018371582031 -0.05743408203125 0.81878662109375
-0.042877197265625 -0.0328445434570313 -0.71136474609375 0.681396484375
0.0342197418212891 -0.0158290863037109 -0.69451904296875 0.14605712890625
0.0728073120117188 0.0160369873046875 0.108840942382813 0.07427978515625
0.0381965637207031 -0.015594482421875 0.797119140625 -0.2781982421875
-0.0184783935546875 -0.0141181945800781 0.44781494140625 -0.879638671875
-0.0270538330078125 0.0112094879150391 -0.3895263671875 -0.7392578125
0.00242424011230469 0.0121402740478516 -0.6363525390625 -0.0963134765624999
0.0392189025878906 0.00936508178710938 -0.43133544921875 0.22015380859375
0.0458831787109375 -0.009246826171875 -0.0825347900390625 0.263473510742188
0.0106773376464844 -0.0194873809814453 0.14910888671875 0.167510986328125
0.0273838043212891 -0.0308322906494141 -0.0699005126953125 -0.166610717773438
0.0590286254882813 0.00513839721679688 0.195816040039063 -0.208206176757813
0.0684280395507813 0.0312614440917969 0.460601806640625 -0.01837158203125
0.0225181579589844 0.0499229431152344 0.525421142578125 0.41033935546875
-0.0639724731445313 0.0208320617675781 -0.0202636718749999 0.8184814453125
-0.0376472473144531 -0.0366592407226563 -0.67803955078125 0.7003173828125
0.0499534606933594 -0.0218391418457031 -0.68115234375 0.1614990234375
0.0942916870117188 0.0148696899414063 0.108322143554688 0.076812744140625
0.0510063171386719 -0.0210037231445313 0.80987548828125 -0.2603759765625
-0.015437126159668 -0.0175704956054687 0.4835205078125 -0.87054443359375
-0.0263023376464844 0.012664794921875 -0.36407470703125 -0.75439453125
0.00560379028320313 0.0141162872314453 -0.631103515625 -0.1171875
0.0442276000976563 0.0101737976074219 -0.435882568359375 0.202850341796875
0.0526237487792969 -0.0138435363769531 -0.086578369140625 0.254669189453125
0.0124988555908203 -0.0267162322998047 0.148544311523438 0.160430908203125
0.00579166412353516 0.00839042663574219 -0.0944671630859375 -0.168563842773438
0.00647354125976562 0.0272026062011719 0.170745849609375 -0.241622924804688
-0.00240898132324219 0.0333061218261719 0.445587158203125 -0.114410400390625
-0.0235347747802734 0.0172595977783203 0.5819091796875 0.26812744140625
-0.0549163818359375 -0.0118980407714844 0.1524658203125 0.757568359375
-0.0213851928710938 -0.0386276245117188 -0.5181884765625 0.79522705078125
0.0383071899414063 0.00494766235351563 -0.69921875 0.27069091796875
0.0547676086425781 0.0472869873046875 0.00373840332031251 0.0861358642578125
0.0552558898925781 0.0250473022460938 0.81585693359375 -0.1275634765625
0.0232448577880859 -0.0222187042236328 0.65386962890625 -0.787353515625
-0.0228157043457031 -0.0340862274169922 -0.22210693359375 -0.83551025390625
-0.05023193359375 -0.0186691284179687 -0.61834716796875 -0.23687744140625
-0.0293006896972656 0.00942802429199219 -0.4642333984375 0.143524169921875
-0.00491142272949219 0.0163965225219727 -0.101089477539062 0.249908447265625
0.00479602813720703 0.0102243423461914 0.150222778320313 0.164535522460938
0.00668954849243164 0.00632667541503906 -0.0913848876953125 -0.160736083984375
0.00759315490722656 0.029510498046875 0.176834106445313 -0.227783203125
0.00370025634765625 0.0308837890625 0.4505615234375 -0.08685302734375
-0.0188236236572266 0.0155544281005859 0.564697265625 0.30364990234375
-0.0575637817382813 -0.01019287109375 0.09930419921875 0.77276611328125
-0.0280055999755859 -0.0333957672119141 -0.5750732421875 0.771484375
0.0213260650634766 0.00913047790527344 -0.711181640625 0.24334716796875
0.0384101867675781 0.0440864562988281 0.0164108276367188 0.0830917358398438
0.0400581359863281 0.0220565795898438 0.8038330078125 -0.16448974609375
0.0112056732177734 -0.0176315307617188 0.59381103515625 -0.8177490234375
-0.0259227752685547 -0.0279331207275391 -0.2745361328125 -0.81207275390625
-0.0447616577148438 -0.0151634216308594 -0.62945556640625 -0.201171875
-0.0214748382568359 0.0107345581054688 -0.45941162109375 0.169769287109375
-0.000927925109863283 0.0170192718505859 -0.09539794921875 0.261978149414063
0.00158882141113281 0.0108604431152344 0.146652221679688 0.172195434570313
0.00933742523193359 0.00286483764648437 -0.0858612060546875 -0.156463623046875
0.0160884857177734 0.0272293090820313 0.1829833984375 -0.2154541015625
0.0148067474365234 0.0274829864501953 0.453826904296875 -0.058563232421875
-0.0143909454345703 0.017608642578125 0.544952392578125 0.34259033203125
-0.0608558654785156 -0.00424575805664063 0.0441284179687499 0.7894287109375
-0.0341930389404297 -0.0302810668945313 -0.6282958984375 0.74139404296875
0.00993251800537109 0.00837039947509765 -0.71917724609375 0.21160888671875
0.0280609130859375 0.0393333435058594 0.0380706787109375 0.0799179077148438
0.0282173156738281 0.0164394378662109 0.79205322265625 -0.2064208984375
-0.00183677673339844 -0.0140819549560547 0.53106689453125 -0.84344482421875
-0.0307044982910156 -0.0168476104736328 -0.3270263671875 -0.78253173828125
-0.037322998046875 -0.0105857849121094 -0.63739013671875 -0.154052734375
-0.00808811187744141 0.0114517211914063 -0.449554443359375 0.19512939453125
0.00621128082275391 0.0164957046508789 -0.086181640625 0.271774291992188
0.00375270843505859 0.00817441940307617 0.1483154296875 0.179840087890625
0.0100669860839844 -0.00535869598388672 -0.0829925537109375 -0.151290893554688
0.0253734588623047 0.0244655609130859 0.188308715820313 -0.203231811523437
0.0260467529296875 0.0268630981445312 0.455108642578125 -0.03448486328125
-0.00768470764160156 0.0208740234375 0.524871826171875 0.379638671875
-0.0644187927246094 -0.00162506103515625 -0.00640869140625006 0.80169677734375
-0.0394935607910156 -0.0264816284179687 -0.67626953125 0.71630859375
0.00691843032836914 0.0058283805847168 -0.72015380859375 0.1815185546875
0.0282268524169922 0.0323238372802734 0.063507080078125 0.0763702392578125
0.0217990875244141 0.0106372833251953 0.78521728515625 -0.245849609375
-0.010493278503418 -0.0120353698730469 0.47406005859375 -0.867431640625
-0.0317020416259766 -0.00876808166503906 -0.3720703125 -0.75531005859375
-0.0276718139648437 -0.00481605529785157 -0.64202880859375 -0.11785888671875
0.00448322296142578 0.0120487213134766 -0.4403076171875 0.21746826171875
0.0165834426879883 0.0102720260620117 -0.080902099609375 0.277725219726563
0.00192725658416748 0.00173270702362061 0.150131225585938 0.180740356445313
0.0155906677246094 -0.0114145278930664 -0.0783233642578125 -0.15283203125
0.0359840393066406 0.0218162536621094 0.190689086914063 -0.196701049804688
0.0395736694335938 0.0298004150390625 0.45526123046875 -0.015777587890625
0.00220680236816406 0.0302944183349609 0.511260986328125 0.403228759765625
-0.0663642883300781 0.00574493408203125 -0.0408935546875001 0.81048583984375
-0.0444183349609375 -0.0267486572265625 -0.7056884765625 0.6951904296875
0.00731372833251953 0.000203132629394531 -0.71405029296875 0.16119384765625
0.0346794128417969 0.0268020629882813 0.0833358764648437 0.07464599609375
0.0219898223876953 0.00272560119628906 0.780029296875 -0.27374267578125
-0.0179214477539063 -0.0108966827392578 0.43792724609375 -0.878173828125
-0.0303230285644531 8.20159912109348E-05 -0.40093994140625 -0.7332763671875
-0.0140628814697266 0.00164127349853516 -0.6409912109375 -0.0905761718750001
0.0176639556884766 0.00967979431152344 -0.429351806640625 0.22955322265625
0.0277061462402344 0.00391578674316406 -0.075347900390625 0.277587890625
0.00419092178344727 -0.00448036193847656 0.151077270507813 0.178756713867188
0.0207290649414063 -0.0201606750488281 -0.0755157470703125 -0.15460205078125
0.0459823608398437 0.0163192749023438 0.193099975585937 -0.1966552734375
0.0523338317871094 0.029022216796875 0.45703125 -0.0072021484375
0.0102577209472656 0.0377426147460938 0.506805419921875 0.420257568359375
-0.0671005249023438 0.0124588012695313 -0.0543823242187499 0.82122802734375
-0.044403076171875 -0.0274505615234375 -0.71624755859375 0.68914794921875
0.0191669464111328 -0.00659561157226563 -0.70538330078125 0.15289306640625
0.0520820617675781 0.0193672180175781 0.100837707519531 0.0737533569335938
0.0281562805175781 -0.00725936889648437 0.78472900390625 -0.2911376953125
-0.0204048156738281 -0.0106258392333984 0.42303466796875 -0.88592529296875
-0.0298137664794922 0.00749206542968751 -0.41192626953125 -0.72625732421875
-0.0052037239074707 0.00669384002685547 -0.64019775390625 -0.0787353515624999
0.0313301086425781 0.00875282287597656 -0.42803955078125 0.235687255859375
0.0374984741210938 -0.00279998779296875 -0.0738067626953125 0.274169921875
0.00427150726318359 -0.0131912231445313 0.151397705078125 0.174041748046875
0.0230865478515625 -0.0272102355957031 -0.0738067626953125 -0.160400390625
0.0547294616699219 0.00926971435546875 0.194503784179687 -0.201583862304687
0.0636367797851563 0.0312461853027344 0.4593505859375 -0.011199951171875
0.0185050964355469 0.0453414916992188 0.51690673828125 0.418670654296875
-0.0658226013183594 0.0191459655761719 -0.0415649414062501 0.8226318359375
-0.0430068969726563 -0.0311355590820313 -0.70245361328125 0.6968994140625
0.0329990386962891 -0.0158367156982422 -0.69482421875 0.15838623046875
0.0732574462890625 0.0149688720703125 0.109481811523438 0.0737457275390625
0.0380935668945313 -0.0150184631347656 0.79345703125 -0.29180908203125
-0.0193195343017578 -0.0130405426025391 0.43524169921875 -0.89007568359375
-0.0270442962646484 0.0130767822265625 -0.40435791015625 -0.73150634765625
0.00318431854248047 0.0112791061401367 -0.63909912109375 -0.0831298828125
0.0393295288085938 0.00879669189453125 -0.428802490234375 0.22918701171875
0.04498291015625 -0.010009765625 -0.077056884765625 0.26568603515625
0.00887680053710938 -0.0200786590576172 0.153732299804688 0.16558837890625
0.0257682800292969 -0.0328521728515625 -0.0718536376953125 -0.167205810546875
0.0595283508300781 0.0034942626953125 0.193649291992188 -0.213531494140625
0.0702056884765625 0.0294303894042969 0.46258544921875 -0.027191162109375
0.0241737365722656 0.0493736267089844 0.534332275390625 0.402587890625
-0.062835693359375 0.0220069885253906 -0.00500488281250003 0.82049560546875
-0.0391845703125 -0.0351409912109375 -0.66473388671875 0.71270751953125
0.0490798950195312 -0.0242424011230469 -0.68218994140625 0.173095703125
0.0929412841796875 0.0133438110351562 0.108818054199219 0.0764007568359375
0.0506744384765625 -0.0209236145019531 0.80621337890625 -0.27374267578125
-0.0161333084106445 -0.0172147750854492 0.46881103515625 -0.8822021484375
-0.0252952575683594 0.0144710540771484 -0.3800048828125 -0.7501220703125
0.00572013854980469 0.01483154296875 -0.6343994140625 -0.10528564453125
0.043914794921875 0.0120964050292969 -0.43341064453125 0.214599609375
0.0505943298339844 -0.0145492553710938 -0.083282470703125 0.256607055664063
0.0125598907470703 -0.024871826171875 0.15277099609375 0.157150268554688
0.0061187744140625 0.00894737243652344 -0.097137451171875 -0.168289184570313
0.00684165954589844 0.0274906158447266 0.16705322265625 -0.246826171875
-0.000165939331054687 0.0325107574462891 0.44586181640625 -0.12445068359375
-0.0226173400878906 0.0167732238769531 0.5887451171875 0.2567138671875
-0.0564308166503906 -0.010467529296875 0.16583251953125 0.75439453125
-0.0202751159667969 -0.0368118286132813 -0.505615234375 0.80474853515625
0.0372657775878906 0.0019989013671875 -0.69415283203125 0.28216552734375
0.0558242797851563 0.0465660095214844 0.00444793701171875 0.0862197875976563
0.0563774108886719 0.0233993530273438 0.81280517578125 -0.138427734375
0.0234966278076172 -0.0216789245605469 0.63958740234375 -0.79931640625
-0.0236015319824219 -0.0337963104248047 -0.237548828125 -0.83062744140625
-0.0505142211914063 -0.0152053833007813 -0.62310791015625 -0.22625732421875
-0.0282573699951172 0.0100116729736328 -0.462493896484375 0.1512451171875
-0.00576496124267578 0.0162992477416992 -0.0973358154296875 0.25335693359375
0.00464725494384766 0.0121679306030273 0.154632568359375 0.161148071289063
0.00515508651733398 0.00749635696411133 -0.0953369140625 -0.161270141601563
0.0114307403564453 0.0290107727050781 0.171676635742188 -0.231674194335938
0.00465011596679687 0.0300846099853516 0.449310302734375 -0.094512939453125
-0.0191745758056641 0.0157489776611328 0.56878662109375 0.294189453125
-0.0576210021972656 -0.00954818725585937 0.1146240234375 0.77313232421875
-0.0275039672851563 -0.0315132141113281 -0.55902099609375 0.78436279296875
0.0208644866943359 0.00821113586425781 -0.70654296875 0.2557373046875
0.0362281799316406 0.0440559387207031 0.0153427124023438 0.0834121704101563
0.0398674011230469 0.0205726623535156 0.79840087890625 -0.1776123046875
0.0101556777954102 -0.0171833038330078 0.58026123046875 -0.82574462890625
-0.0279502868652344 -0.0266876220703125 -0.2906494140625 -0.807861328125
-0.0454483032226563 -0.0136337280273437 -0.633544921875 -0.1873779296875
-0.0217399597167969 0.0107841491699219 -0.4559326171875 0.1783447265625
-0.000391006469726561 0.0185565948486328 -0.0903167724609375 0.266510009765625
0.00341796875 0.0114421844482422 0.1522216796875 0.168411254882813
0.00922584533691406 0.00135421752929688 -0.0904541015625 -0.154266357421875
0.0166721343994141 0.0267906188964844 0.178817749023438 -0.217742919921875
0.01409912109375 0.0256481170654297 0.453216552734375 -0.067962646484375
-0.0130681991577148 0.0173101425170898 0.550445556640625 0.333099365234375
-0.062255859375 -0.00518035888671875 0.0585937499999999 0.7890625
-0.0360946655273438 -0.0271186828613281 -0.61541748046875 0.75469970703125
0.00969982147216797 0.0101766586303711 -0.71697998046875 0.22430419921875
0.0286369323730469 0.0374870300292969 0.0401535034179688 0.0796279907226562
0.0290260314941406 0.0165081024169922 0.78717041015625 -0.22064208984375
-0.00192070007324219 -0.013819694519043 0.515625 -0.85321044921875
-0.0313262939453125 -0.0161952972412109 -0.34417724609375 -0.77752685546875
-0.0356521606445313 -0.00782012939453124 -0.64093017578125 -0.1435546875
-0.0104455947875977 0.0114221572875977 -0.445404052734375 0.20635986328125
0.00772666931152344 0.0161457061767578 -0.08197021484375 0.275054931640625
0.0022282600402832 0.00695514678955078 0.152908325195313 0.176727294921875
0.012293815612793 -0.00397491455078125 -0.08624267578125 -0.153610229492188
0.026275634765625 0.0239448547363281 0.183761596679688 -0.207794189453125
0.0270538330078125 0.0257053375244141 0.454925537109375 -0.04248046875
-0.005401611328125 0.0213680267333984 0.534027099609375 0.37005615234375
-0.0642738342285156 0.00141143798828126 0.00579833984375003 0.804931640625
-0.0400924682617188 -0.0245819091796875 -0.66552734375 0.729248046875
0.00625896453857422 0.0057978630065918 -0.71771240234375 0.19232177734375
0.0284881591796875 0.0337581634521484 0.0636825561523438 0.0771636962890625
0.0226268768310547 0.00977897644042969 0.78271484375 -0.259033203125
-0.0125799179077148 -0.00905227661132813 0.45745849609375 -0.87548828125
-0.0317020416259766 -0.00875854492187501 -0.38714599609375 -0.746337890625
-0.0279903411865234 -0.0027313232421875 -0.645263671875 -0.10693359375
0.00519180297851562 0.0110311508178711 -0.435638427734375 0.225250244140625
0.017486572265625 0.0110492706298828 -0.0753326416015625 0.28070068359375
0.00440454483032227 0.000554561614990234 0.15435791015625 0.17889404296875
0.015106201171875 -0.0116081237792969 -0.08135986328125 -0.152236938476563
0.0365638732910156 0.0191535949707031 0.188980102539063 -0.2030029296875
0.0418167114257813 0.0283050537109375 0.45819091796875 -0.025238037109375
0.00447654724121093 0.0283164978027344 0.520233154296875 0.3961181640625
-0.0658683776855469 0.00840759277343749 -0.0255737304687501 0.81494140625
-0.0449256896972656 -0.0237579345703125 -0.69354248046875 0.7088623046875
0.0088043212890625 0.00175380706787109 -0.71173095703125 0.17340087890625
0.0358314514160156 0.0258522033691406 0.0847930908203125 0.0727081298828125
0.0232219696044922 0.00111579895019531 0.774658203125 -0.28570556640625
-0.0177536010742188 -0.00905609130859375 0.4229736328125 -0.8876953125
-0.0317134857177734 0.000837326049804684 -0.41552734375 -0.7261962890625
-0.0176372528076172 0.00196456909179688 -0.64453125 -0.078125
0.0178604125976563 0.0117263793945313 -0.429290771484375 0.2391357421875
0.0278949737548828 0.00341224670410156 -0.0718994140625 0.280288696289063
0.00257444381713867 -0.00481939315795898 0.154586791992188 0.177581787109375
0.0186767578125 -0.0206565856933594 -0.07916259765625 -0.154876708984375
0.0468788146972656 0.0165252685546875 0.1890869140625 -0.200759887695313
0.0551033020019531 0.0287208557128906 0.45751953125 -0.016876220703125
0.0106849670410156 0.0368003845214844 0.5152587890625 0.4119873046875
-0.0669021606445313 0.0132026672363281 -0.0390625000000001 0.82257080078125
-0.0450019836425781 -0.0263252258300781 -0.70391845703125 0.7001953125
0.0200481414794922 -0.00693893432617188 -0.701904296875 0.16387939453125
0.052093505859375 0.0197868347167969 0.101089477539063 0.0717239379882813
0.02813720703125 -0.00677680969238281 0.77777099609375 -0.30194091796875
-0.0203533172607422 -0.0102806091308594 0.4075927734375 -0.89324951171875
-0.0289363861083984 0.00763702392578124 -0.42547607421875 -0.719482421875
-0.00514507293701172 0.00698232650756836 -0.64312744140625 -0.0679321289062499
0.0306282043457031 0.00844764709472656 -0.423492431640625 0.242218017578125
0.0371360778808594 -0.00350570678710937 -0.0709228515625 0.2769775390625
0.00638580322265625 -0.0128068923950195 0.155609130859375 0.171768188476563
0.0221424102783203 -0.0276145935058594 -0.077606201171875 -0.158889770507813
0.0546760559082031 0.00951766967773438 0.1915283203125 -0.205596923828125
0.0639457702636719 0.02923583984375 0.45965576171875 -0.021728515625
0.018798828125 0.0445747375488281 0.523712158203125 0.40972900390625
-0.0655059814453125 0.01947021484375 -0.0289916992187499 0.82696533203125
-0.0425834655761719 -0.0284614562988281 -0.68994140625 0.70941162109375
0.03350830078125 -0.0167331695556641 -0.69244384765625 0.16925048828125
0.0727462768554688 0.0144577026367188 0.10992431640625 0.0718002319335938
0.0367355346679688 -0.0158920288085938 0.787353515625 -0.302490234375
-0.0196743011474609 -0.0132102966308594 0.418701171875 -0.896484375
-0.0279483795166016 0.0122222900390625 -0.4200439453125 -0.72369384765625
0.0028076171875 0.0109481811523438 -0.640625 -0.0733642578124999
0.0380744934082031 0.00875091552734375 -0.425140380859375 0.238250732421875
0.0452651977539063 -0.0113639831542969 -0.07196044921875 0.268463134765625
0.00872230529785156 -0.0208206176757813 0.15655517578125 0.163070678710938
0.0247764587402344 -0.0327243804931641 -0.075836181640625 -0.16705322265625
0.0600776672363281 0.00188446044921875 0.189651489257813 -0.217437744140625
0.0715713500976563 0.0275497436523438 0.462432861328125 -0.0361328125
0.0252685546875 0.0490303039550781 0.5411376953125 0.392852783203125
-0.0639457702636719 0.0238533020019531 0.00939941406249998 0.82281494140625
-0.0388679504394531 -0.032684326171875 -0.65496826171875 0.7269287109375
0.0494155883789063 -0.0233993530273438 -0.67877197265625 0.184326171875
0.0938720703125 0.0118331909179688 0.109451293945312 0.0745086669921875
0.0500946044921875 -0.0214462280273438 0.80096435546875 -0.28704833984375
-0.0168094635009766 -0.0151691436767578 0.451904296875 -0.8892822265625
-0.0256271362304688 0.0136222839355469 -0.3944091796875 -0.743896484375
0.00679492950439453 0.0160884857177734 -0.63568115234375 -0.09375
0.0429763793945313 0.0108528137207031 -0.430999755859375 0.22369384765625
0.049774169921875 -0.0165023803710938 -0.07977294921875 0.259475708007813
0.0125904083251953 -0.0267696380615234 0.155197143554688 0.155120849609375
0.00658988952636719 0.00945091247558594 -0.101577758789063 -0.167282104492188
0.00778770446777343 0.0292377471923828 0.162582397460938 -0.249038696289062
0.000999450683593749 0.0308380126953125 0.442840576171875 -0.132110595703125
-0.0210285186767578 0.0166549682617188 0.5916748046875 0.24542236328125
-0.0559234619140625 -0.00867843627929688 0.17864990234375 0.7528076171875
-0.0203704833984375 -0.0365524291992188 -0.48974609375 0.81256103515625
0.0388145446777344 0.0009307861328125 -0.6890869140625 0.29473876953125
0.0570297241210938 0.0451889038085938 0.00556182861328126 0.085693359375
0.0571022033691406 0.0238151550292969 0.8082275390625 -0.15216064453125
0.0220184326171875 -0.0215702056884766 0.6236572265625 -0.80792236328125
-0.0254058837890625 -0.0339508056640625 -0.251953125 -0.82818603515625
-0.0509147644042969 -0.0165023803710937 -0.6243896484375 -0.2120361328125
-0.0296440124511719 0.0106353759765625 -0.4600830078125 0.160736083984375
-0.004913330078125 0.0159664154052734 -0.092681884765625 0.254638671875
0.00521278381347656 0.0105867385864258 0.156539916992188 0.158157348632813
0.00775146484375 0.00604581832885742 -0.09832763671875 -0.158340454101563
0.0103054046630859 0.0293922424316406 0.16748046875 -0.234786987304688
0.00612831115722656 0.0285797119140625 0.44708251953125 -0.10430908203125
-0.0182342529296875 0.0144062042236328 0.5743408203125 0.28228759765625
-0.0581092834472656 -0.00717926025390624 0.1279296875 0.77093505859375
-0.0277385711669922 -0.0294475555419922 -0.54449462890625 0.7921142578125
0.0207977294921875 0.00648117065429688 -0.70489501953125 0.26898193359375
0.0388526916503906 0.0424537658691406 0.0168380737304688 0.0811843872070313
0.0409317016601563 0.0198516845703125 0.7933349609375 -0.19024658203125
0.00938987731933594 -0.0180606842041016 0.564208984375 -0.835693359375
-0.0283050537109375 -0.0254058837890625 -0.3028564453125 -0.80059814453125
-0.0460853576660156 -0.0128402709960938 -0.63629150390625 -0.174560546875
-0.0200290679931641 0.0121593475341797 -0.452545166015625 0.18756103515625
-0.00097179412841797 0.0173187255859375 -0.0873260498046875 0.267166137695313
0.00270462036132813 0.0104150772094727 0.155853271484375 0.167144775390625
0.00926017761230469 0.00378894805908203 -0.093048095703125 -0.153213500976563
0.0180091857910156 0.0278759002685547 0.17486572265625 -0.2236328125
0.0158748626708984 0.0264511108398438 0.449737548828125 -0.07635498046875
-0.0134334564208984 0.0146369934082031 0.5556640625 0.32110595703125
-0.0602073669433594 -0.00430679321289062 0.07232666015625 0.78778076171875
-0.0350494384765625 -0.02569580078125 -0.60247802734375 0.7659912109375
0.00955009460449219 0.00847339630126953 -0.70904541015625 0.23626708984375
0.0268783569335938 0.0386695861816406 0.0392837524414063 0.0794601440429688
0.0283298492431641 0.0159149169921875 0.7818603515625 -0.231689453125
-0.00290298461914062 -0.0125188827514648 0.4979248046875 -0.857666015625
-0.0321922302246094 -0.0172786712646484 -0.3555908203125 -0.76953125
-0.0386123657226563 -0.00737380981445312 -0.64202880859375 -0.13214111328125
-0.00964069366455078 0.0119085311889648 -0.441192626953125 0.213653564453125
0.00645637512207031 0.0155649185180664 -0.0783233642578125 0.277069091796875
0.0026402473449707 0.00821590423583985 0.1541748046875 0.174560546875
0.0109758377075195 -0.00394058227539063 -0.0892486572265625 -0.1514892578125
0.0255794525146484 0.0238475799560547 0.180328369140625 -0.211441040039062
0.0268497467041016 0.0245380401611328 0.45233154296875 -0.053253173828125
-0.00499916076660156 0.0190677642822266 0.5374755859375 0.359710693359375
-0.0620765686035156 0.00244140625000001 0.01995849609375 0.80487060546875
-0.0400314331054688 -0.0225868225097656 -0.65228271484375 0.7391357421875
0.00660848617553711 0.0051116943359375 -0.71099853515625 0.20611572265625
0.0283126831054688 0.0311851501464844 0.0646514892578125 0.0747451782226563
0.0235710144042969 0.00954627990722656 0.77410888671875 -0.271240234375
-0.0119342803955078 -0.0102872848510742 0.442626953125 -0.87890625
-0.0310077667236328 -0.00740623474121094 -0.398681640625 -0.74102783203125
-0.0259437561035156 -0.0020294189453125 -0.64410400390625 -0.0928955078124999
0.00380420684814453 0.0112285614013672 -0.429168701171875 0.234649658203125
0.0163955688476563 0.0105772018432617 -0.070892333984375 0.283416748046875
0.0025629997253418 0.00177860260009766 0.156982421875 0.17449951171875
0.0154495239257813 -0.0118837356567383 -0.084808349609375 -0.151565551757813
0.0359039306640625 0.019134521484375 0.183670043945312 -0.204452514648438
0.0420875549316406 0.0244827270507813 0.456939697265625 -0.033233642578125
0.00559425354003906 0.0278816223144531 0.52435302734375 0.3843994140625
-0.0675239562988281 0.00893402099609376 -0.0145263671875001 0.81561279296875
-0.0430374145507813 -0.0221633911132812 -0.67987060546875 0.71942138671875
0.00895595550537109 -0.000682830810546875 -0.7091064453125 0.18438720703125
0.0345020294189453 0.0250740051269531 0.0849761962890625 0.0731582641601563
0.0225143432617188 0.00229835510253906 0.76849365234375 -0.29669189453125
-0.0177574157714844 -0.00780868530273437 0.40655517578125 -0.89141845703125
-0.0309219360351563 0.00136375427246094 -0.4281005859375 -0.71710205078125
-0.0148992538452148 0.00283718109130859 -0.6427001953125 -0.06646728515625
0.0182476043701172 0.0101757049560547 -0.423095703125 0.24639892578125
0.0290393829345703 0.00303077697753906 -0.06744384765625 0.283538818359375
0.00333356857299805 -0.00573539733886719 0.157211303710938 0.173873901367188
0.0192718505859375 -0.0208816528320313 -0.081085205078125 -0.154464721679688
0.0462150573730469 0.014251708984375 0.186737060546875 -0.204421997070312
0.0552406311035156 0.02630615234375 0.45703125 -0.024749755859375
0.011932373046875 0.0360794067382813 0.52178955078125 0.401458740234375
-0.0672111511230469 0.0157127380371094 -0.027099609375 0.82257080078125
-0.0446662902832031 -0.0244865417480469 -0.692138671875 0.712158203125
0.0195522308349609 -0.0077667236328125 -0.70068359375 0.17718505859375
0.0523796081542969 0.0191116333007813 0.100341796875 0.0708084106445313
0.0271472930908203 -0.00712394714355469 0.76934814453125 -0.31451416015625
-0.0196781158447266 -0.00917434692382813 0.3885498046875 -0.8980712890625
-0.02899169921875 0.00706291198730469 -0.43841552734375 -0.71014404296875
-0.00645256042480469 0.00752162933349609 -0.64324951171875 -0.0561523437500001
0.0298748016357422 0.00924301147460938 -0.419036865234375 0.253753662109375
0.0368804931640625 -0.00306320190429688 -0.066436767578125 0.278793334960938
0.00601577758789062 -0.0126190185546875 0.156906127929688 0.1685791015625
0.0216884613037109 -0.0277118682861328 -0.0812225341796875 -0.15887451171875
0.055938720703125 0.00691604614257813 0.185989379882813 -0.211227416992188
0.0648574829101563 0.0270309448242187 0.460174560546875 -0.02996826171875
0.0192794799804687 0.0427017211914063 0.530364990234375 0.3984375
-0.066375732421875 0.0211982727050781 -0.0136718750000001 0.82733154296875
-0.0423355102539062 -0.0265998840332031 -0.67584228515625 0.7208251953125
0.0323314666748047 -0.0167598724365234 -0.68768310546875 0.1812744140625
0.0723495483398438 0.0138092041015625 0.110305786132813 0.0708541870117188
0.036407470703125 -0.0154380798339844 0.77862548828125 -0.31561279296875
-0.0204010009765625 -0.0106658935546875 0.40069580078125 -0.900634765625
-0.0277729034423828 0.0134773254394531 -0.4317626953125 -0.71502685546875
0.00131511688232422 0.0121526718139648 -0.63916015625 -0.0594482421874999
0.0387611389160156 0.00907516479492188 -0.41961669921875 0.2464599609375
0.0443077087402344 -0.0107460021972656 -0.0679473876953125 0.27032470703125
0.00891685485839843 -0.0199985504150391 0.16064453125 0.160491943359375
0.0242023468017578 -0.0349407196044922 -0.0789337158203125 -0.1668701171875
0.0607528686523438 0.00200271606445313 0.185455322265625 -0.220748901367188
0.0713729858398438 0.0263900756835938 0.46160888671875 -0.044189453125
0.0253677368164063 0.0476531982421875 0.546600341796875 0.382110595703125
-0.0635910034179688 0.0259666442871094 0.022705078125 0.82293701171875
-0.0380210876464844 -0.0322494506835937 -0.63958740234375 0.73797607421875
0.0477066040039063 -0.0243949890136719 -0.674560546875 0.19720458984375
0.0934829711914063 0.00981903076171875 0.108245849609375 0.0729522705078125
0.0498046875 -0.0220298767089844 0.79150390625 -0.29998779296875
-0.0162334442138672 -0.0149784088134766 0.43524169921875 -0.8939208984375
-0.0255794525146484 0.0151252746582031 -0.40740966796875 -0.73468017578125
0.00681114196777344 0.0156173706054688 -0.63555908203125 -0.0806884765624999
0.0417137145996094 0.008331298828125 -0.425506591796875 0.2327880859375
0.049072265625 -0.0167961120605469 -0.0756988525390625 0.261611938476563
0.0123767852783203 -0.0257511138916016 0.158660888671875 0.15301513671875
0.00623941421508789 0.00671291351318359 -0.1029052734375 -0.165603637695313
0.00844764709472656 0.0279865264892578 0.156982421875 -0.251327514648438
0.00346183776855469 0.0304050445556641 0.4383544921875 -0.13836669921875
-0.0212249755859375 0.0156784057617188 0.593994140625 0.23388671875
-0.0569114685058594 -0.00797271728515625 0.192138671875 0.7459716796875
-0.0208358764648437 -0.0354080200195313 -0.47607421875 0.81719970703125
0.0363883972167969 0.0015411376953125 -0.68048095703125 0.3040771484375
0.0552749633789063 0.04449462890625 0.004547119140625 0.0872802734375
0.0550918579101563 0.0228805541992188 0.80072021484375 -0.1630859375
0.02197265625 -0.0201530456542969 0.60833740234375 -0.8153076171875
-0.0244579315185547 -0.0328636169433594 -0.26373291015625 -0.81683349609375
-0.0509376525878906 -0.0159873962402344 -0.626708984375 -0.1995849609375
-0.0310401916503906 0.0111141204833984 -0.454437255859375 0.16766357421875
-0.00351524353027344 0.0174713134765625 -0.0895843505859375 0.256454467773438
0.00633907318115234 0.00988006591796875 0.160980224609375 0.155609130859375
0.00798702239990234 0.00674152374267578 -0.0997467041015625 -0.158126831054688
0.0109634399414063 0.0294837951660156 0.16455078125 -0.23822021484375
0.00583839416503906 0.0299148559570313 0.441802978515625 -0.112701416015625
-0.0185527801513672 0.0144577026367188 0.57586669921875 0.2724609375
-0.0592117309570313 -0.00537490844726562 0.13983154296875 0.766357421875
-0.0271587371826172 -0.0291900634765625 -0.5306396484375 0.79949951171875
0.023345947265625 0.0081787109375 -0.69622802734375 0.277099609375
0.0378761291503906 0.0407981872558594 0.0179977416992187 0.0823211669921875
0.0399665832519531 0.0204505920410156 0.78497314453125 -0.20074462890625
0.00819683074951172 -0.014653205871582 0.54669189453125 -0.83831787109375
-0.0284557342529297 -0.0249862670898438 -0.31451416015625 -0.79296875
-0.0470390319824219 -0.0126075744628906 -0.6365966796875 -0.16180419921875
-0.0215358734130859 0.0130596160888672 -0.44866943359375 0.1934814453125
0.000854492187499998 0.0177974700927734 -0.0820465087890625 0.267852783203125
0.00414943695068359 0.0102872848510742 0.157424926757813 0.164077758789063
0.00902748107910156 0.00248336791992188 -0.09857177734375 -0.152511596679687
0.0175628662109375 0.0269489288330078 0.1688232421875 -0.226104736328125
0.0151214599609375 0.0253772735595703 0.44757080078125 -0.0860595703125
-0.0132169723510742 0.0150175094604492 0.5589599609375 0.3131103515625
-0.0612525939941406 -0.000186920166015624 0.08416748046875 0.78509521484375
-0.0343112945556641 -0.0231781005859375 -0.5872802734375 0.7708740234375
0.00958251953125 0.00758743286132812 -0.702392578125 0.2462158203125
0.0294075012207031 0.0383110046386719 0.0402679443359375 0.0777053833007812
0.0275382995605469 0.0154857635498047 0.77276611328125 -0.24151611328125
-0.00357532501220703 -0.0118494033813477 0.47943115234375 -0.86346435546875
-0.0318698883056641 -0.016571044921875 -0.36798095703125 -0.7603759765625
-0.0384483337402344 -0.00634765625 -0.64093017578125 -0.11920166015625
-0.00881290435791016 0.0124139785766602 -0.436676025390625 0.22064208984375
0.00648975372314453 0.0142984390258789 -0.0742340087890625 0.27825927734375
0.00306987762451172 0.00682687759399414 0.159515380859375 0.169921875
0.0129280090332031 -0.00484943389892578 -0.0914306640625 -0.150650024414063
0.0246410369873047 0.0242443084716797 0.175155639648437 -0.214675903320312
0.0285682678222656 0.0237674713134766 0.45343017578125 -0.059600830078125
-0.00423049926757812 0.0183029174804688 0.539215087890625 0.348663330078125
-0.0623016357421875 0.00401687622070312 0.0346069335937499 0.802734375
-0.03857421875 -0.0219573974609375 -0.6358642578125 0.74737548828125
0.00741720199584961 0.00466585159301758 -0.7078857421875 0.2164306640625
0.0287742614746094 0.0299644470214844 0.06268310546875 0.0731582641601563
0.0237789154052734 0.0102977752685547 0.763671875 -0.27960205078125
-0.0118608474731445 -0.00832366943359375 0.42578125 -0.8829345703125
-0.0311298370361328 -0.00618362426757813 -0.41082763671875 -0.7294921875
-0.0281181335449219 -0.00247955322265626 -0.64324951171875 -0.0812988281249999
0.00441932678222656 0.0119771957397461 -0.426788330078125 0.242462158203125
0.0160770416259766 0.0110254287719727 -0.06671142578125 0.282562255859375
0.00317001342773437 0.00231170654296875 0.1597900390625 0.171310424804688
0.0150012969970703 -0.012080192565918 -0.0877227783203125 -0.150726318359375
0.036285400390625 0.0187339782714844 0.18060302734375 -0.209503173828125
0.0432205200195313 0.0252571105957031 0.45513916015625 -0.04083251953125
0.00351333618164063 0.0258197784423828 0.528350830078125 0.375701904296875
-0.0644111633300781 0.0116462707519531 0.00158691406249992 0.8135986328125
-0.0442466735839844 -0.0204277038574219 -0.6654052734375 0.72894287109375
0.0061492919921875 -0.000579833984375 -0.70208740234375 0.19476318359375
0.0359039306640625 0.024688720703125 0.083770751953125 0.0707168579101563
0.0229434967041016 0.00243377685546875 0.7584228515625 -0.30755615234375
-0.0177173614501953 -0.00501251220703125 0.3896484375 -0.894775390625
-0.0318527221679688 0.00244903564453124 -0.4368896484375 -0.70794677734375
-0.0160961151123047 0.00423622131347657 -0.64288330078125 -0.0546264648437499
0.0199127197265625 0.00894737243652344 -0.416717529296875 0.255462646484375
0.02728271484375 0.00273323059082031 -0.061065673828125 0.28216552734375
0.00296449661254883 -0.00502634048461914 0.158935546875 0.169219970703125
0.0167922973632813 -0.0202655792236328 -0.08203125 -0.1524658203125
0.047149658203125 0.0135345458984375 0.182281494140625 -0.209075927734375
0.0542030334472656 0.0253219604492188 0.4552001953125 -0.032470703125
0.0125064849853516 0.0346546173095703 0.52545166015625 0.389373779296875
-0.0671882629394531 0.0178260803222656 -0.01214599609375 0.82403564453125
-0.0440711975097656 -0.021331787109375 -0.67889404296875 0.72235107421875
0.018402099609375 -0.009185791015625 -0.69354248046875 0.1878662109375
0.0518074035644531 0.0172576904296875 0.100189208984375 0.0683746337890625
0.028411865234375 -0.00562286376953125 0.7603759765625 -0.3248291015625
-0.0208587646484375 -0.00727081298828125 0.37225341796875 -0.89996337890625
-0.0288734436035156 0.00987434387207032 -0.4488525390625 -0.6990966796875
-0.00603818893432617 0.00734233856201172 -0.64013671875 -0.0434570312500001
0.0299415588378906 0.00827598571777344 -0.41387939453125 0.25885009765625
0.0358619689941406 -0.00393295288085938 -0.0618438720703125 0.278671264648438
0.00334262847900391 -0.0133466720581055 0.161895751953125 0.164566040039063
0.0209827423095703 -0.0278701782226562 -0.0827178955078125 -0.158538818359375
0.0556678771972656 0.007171630859375 0.18231201171875 -0.214263916015625
0.0658149719238281 0.0255355834960938 0.459197998046875 -0.037750244140625
0.0206489562988281 0.042144775390625 0.534271240234375 0.38873291015625
-0.0647201538085937 0.0232963562011719 0.00122070312500004 0.82666015625
-0.0421867370605469 -0.0249099731445313 -0.6610107421875 0.73004150390625
0.0324382781982422 -0.0179367065429688 -0.68310546875 0.19195556640625
0.0712432861328125 0.01202392578125 0.109962463378906 0.0682830810546875
0.0357284545898438 -0.0156211853027344 0.77056884765625 -0.3250732421875
-0.0203037261962891 -0.00929641723632813 0.383056640625 -0.9029541015625
-0.0270271301269531 0.0134181976318359 -0.44183349609375 -0.70452880859375
0.00271701812744141 0.0115022659301758 -0.63714599609375 -0.0471801757812499
0.0393524169921875 0.00818252563476563 -0.414794921875 0.2520751953125
0.0439491271972656 -0.0119285583496094 -0.0638580322265625 0.272018432617188
0.00762748718261719 -0.0206279754638672 0.163467407226563 0.157394409179688
0.0241470336914062 -0.0321121215820313 -0.0814361572265625 -0.166259765625
0.0603370666503906 0.0013885498046875 0.181381225585938 -0.225494384765625
0.071990966796875 0.02447509765625 0.4581298828125 -0.053253173828125
0.0266036987304688 0.0462875366210938 0.55035400390625 0.37225341796875
-0.0620002746582031 0.0267753601074219 0.0375366210937501 0.8203125
-0.0391883850097656 -0.0291595458984375 -0.62469482421875 0.7462158203125
0.0459136962890625 -0.0268096923828125 -0.66912841796875 0.20697021484375
0.09222412109375 0.00945281982421875 0.10858154296875 0.0706863403320313
0.0491790771484375 -0.0209846496582031 0.78411865234375 -0.31103515625
-0.0159950256347656 -0.0128755569458008 0.4183349609375 -0.89703369140625
-0.0259342193603516 0.0140800476074219 -0.4166259765625 -0.723388671875
0.00719642639160156 0.0170478820800781 -0.6346435546875 -0.07037353515625
0.0431175231933594 0.0081634521484375 -0.420562744140625 0.23876953125
0.048095703125 -0.0157241821289063 -0.0715484619140625 0.261566162109375
0.0092620849609375 -0.02703857421875 0.16131591796875 0.149688720703125
0.00616216659545898 0.0079493522644043 -0.105697631835937 -0.165939331054688
0.00962638854980469 0.0275077819824219 0.150955200195313 -0.254898071289063
0.00165367126464844 0.0301342010498047 0.434814453125 -0.145416259765625
-0.0212631225585938 0.0134792327880859 0.5926513671875 0.22430419921875
-0.0572586059570312 -0.00701904296875001 0.20062255859375 0.74029541015625
-0.0205268859863281 -0.0338020324707031 -0.458740234375 0.8214111328125
0.0352859497070313 0.00066375732421875 -0.67364501953125 0.31304931640625
0.0554733276367187 0.0433425903320312 0.00425720214843751 0.0869064331054687
0.0553092956542969 0.0214347839355469 0.79217529296875 -0.17376708984375
0.0219573974609375 -0.0202732086181641 0.5894775390625 -0.81884765625
-0.0257530212402344 -0.0315284729003906 -0.27777099609375 -0.81060791015625
-0.0523796081542969 -0.0135345458984375 -0.62548828125 -0.18994140625
-0.0279884338378906 0.01385498046875 -0.447479248046875 0.17584228515625
-0.00539779663085937 0.0173768997192383 -0.085357666015625 0.258071899414062
0.00520229339599609 0.0101652145385742 0.161605834960938 0.151596069335938
0.00549697875976563 0.007354736328125 -0.103546142578125 -0.156936645507813
0.0122909545898438 0.0292987823486328 0.158935546875 -0.240142822265625
0.0077056884765625 0.0280246734619141 0.439300537109375 -0.1199951171875
-0.0190200805664063 0.0138969421386719 0.57672119140625 0.26202392578125
-0.0589942932128906 -0.0047454833984375 0.15020751953125 0.75921630859375
-0.0282745361328125 -0.0279312133789062 -0.51629638671875 0.80279541015625
0.0217666625976563 0.0063934326171875 -0.68914794921875 0.28448486328125
0.0379295349121094 0.0407752990722656 0.018341064453125 0.0814437866210938
0.04034423828125 0.0204124450683594 0.77777099609375 -0.21026611328125
0.00926971435546875 -0.0150327682495117 0.52972412109375 -0.8419189453125
-0.0309944152832031 -0.0250053405761719 -0.3265380859375 -0.781982421875
-0.0454826354980469 -0.0104942321777344 -0.63299560546875 -0.151611328125
-0.0219650268554688 0.0131244659423828 -0.44183349609375 0.201080322265625
-0.000347137451171877 0.0194282531738281 -0.0791015625 0.269241333007813
0.00371837615966797 0.00900650024414063 0.159835815429688 0.159820556640625
0.00836658477783203 0.000990867614746094 -0.0987396240234375 -0.151992797851563
0.0183734893798828 0.0265464782714844 0.16693115234375 -0.228012084960937
0.0166645050048828 0.0243320465087891 0.4453125 -0.090911865234375
-0.0118446350097656 0.0132551193237305 0.559173583984375 0.2998046875
-0.060211181640625 -0.00127792358398437 0.09844970703125 0.7796630859375
-0.0348854064941406 -0.0214023590087891 -0.57122802734375 0.775390625
0.0111303329467773 0.00753307342529297 -0.69696044921875 0.25384521484375
0.0279464721679688 0.0356597900390625 0.0384979248046875 0.0779495239257813
0.0288257598876953 0.0166339874267578 0.76275634765625 -0.24810791015625
-0.00194358825683594 -0.0117588043212891 0.46435546875 -0.86395263671875
-0.0328922271728516 -0.0154399871826172 -0.3768310546875 -0.7493896484375
-0.0394020080566406 -0.00553512573242187 -0.63739013671875 -0.1070556640625
-0.00943946838378906 0.0116720199584961 -0.43084716796875 0.226348876953125
0.006927490234375 0.015772819519043 -0.0691375732421875 0.278717041015625
0.00211048126220703 0.00680828094482422 0.158767700195313 0.166702270507813
0.0104255676269531 -0.00511264801025391 -0.0936431884765625 -0.148666381835937
0.0274295806884766 0.0230503082275391 0.170562744140625 -0.215484619140625
0.028778076171875 0.0222568511962891 0.44744873046875 -0.06597900390625
-0.00525665283203125 0.0190391540527344 0.5439453125 0.33892822265625
-0.0641517639160156 0.00468063354492186 0.0463256835937499 0.79852294921875
-0.0401611328125 -0.0194473266601562 -0.62103271484375 0.75347900390625
0.00693082809448242 0.00450801849365234 -0.70196533203125 0.22552490234375
0.0278511047363281 0.0306377410888672 0.0634841918945313 0.0719680786132813
0.0222454071044922 0.0113868713378906 0.75604248046875 -0.2880859375
-0.0101966857910156 -0.00848674774169922 0.40771484375 -0.883056640625
-0.0324020385742188 -0.00481414794921875 -0.42156982421875 -0.71990966796875
-0.0277900695800781 -0.00116539001464844 -0.64007568359375 -0.06976318359375
0.00434780120849609 0.0106468200683594 -0.419219970703125 0.249969482421875
0.0163946151733398 0.0113048553466797 -0.061737060546875 0.284088134765625
0.0033714771270752 0.00173163414001465 0.161270141601563 0.168563842773438
0.0154714584350586 -0.0129804611206055 -0.0904998779296875 -0.150588989257812
0.0387611389160156 0.0179405212402344 0.175155639648437 -0.210342407226562
0.0424041748046875 0.0225067138671875 0.450592041015625 -0.0496826171875
0.00520896911621094 0.0242385864257813 0.531707763671875 0.364349365234375
-0.0642013549804687 0.0138015747070312 0.01507568359375 0.8109130859375
-0.0428352355957031 -0.017547607421875 -0.65203857421875 0.7344970703125
0.00898075103759766 -0.00142574310302734 -0.69580078125 0.205078125
0.0343303680419922 0.0244407653808594 0.0845947265625 0.0694046020507812
0.0220317840576172 0.00223922729492188 0.7479248046875 -0.31634521484375
-0.0185127258300781 -0.00515174865722657 0.373046875 -0.89306640625
-0.0319671630859375 0.00253677368164062 -0.44525146484375 -0.697998046875
-0.016963005065918 0.00417137145996094 -0.638671875 -0.0435791015624999
0.0193233489990234 0.0103797912597656 -0.408843994140625 0.2611083984375
0.0258331298828125 0.00441932678222656 -0.056671142578125 0.284515380859375
0.00154972076416016 -0.00600433349609375 0.162429809570313 0.167816162109375
0.0174007415771484 -0.0209007263183594 -0.0852813720703125 -0.151397705078125
0.0476951599121094 0.0129737854003906 0.177444458007812 -0.210342407226563
0.0556297302246094 0.0223159790039063 0.45355224609375 -0.041290283203125
0.0123615264892578 0.0327377319335938 0.52716064453125 0.38006591796875
-0.0652351379394531 0.01959228515625 0.00170898437500004 0.8193359375
-0.0443191528320312 -0.0206222534179688 -0.6627197265625 0.72845458984375
0.0191535949707031 -0.00951385498046875 -0.68670654296875 0.19677734375
0.0523834228515625 0.01837158203125 0.09942626953125 0.068634033203125
0.0265693664550781 -0.0074005126953125 0.749755859375 -0.33203125
-0.0213375091552734 -0.00567054748535157 0.35772705078125 -0.8994140625
-0.0295848846435547 0.0100612640380859 -0.45751953125 -0.6875
-0.00542020797729492 0.00648069381713867 -0.6365966796875 -0.03179931640625
0.0288219451904297 0.00827980041503906 -0.407562255859375 0.264495849609375
0.0347499847412109 -0.00464630126953125 -0.0573883056640625 0.27801513671875
0.00472736358642578 -0.0142841339111328 0.162933349609375 0.161422729492188
0.0207061767578125 -0.0286521911621094 -0.0843963623046875 -0.156814575195313
0.0559921264648438 0.00650787353515625 0.178558349609375 -0.2154541015625
0.0658912658691406 0.0229454040527344 0.45513916015625 -0.045257568359375
0.0197715759277344 0.0401458740234375 0.53790283203125 0.380035400390625
-0.0642280578613281 0.0261077880859375 0.01373291015625 0.82177734375
-0.0425758361816406 -0.0236244201660156 -0.64599609375 0.7342529296875
0.0316486358642578 -0.0186958312988281 -0.674560546875 0.2005615234375
0.071014404296875 0.0127182006835937 0.1082763671875 0.0672531127929688
0.03631591796875 -0.0158004760742188 0.75836181640625 -0.3341064453125
-0.0199851989746094 -0.00805854797363282 0.3670654296875 -0.9033203125
-0.0269412994384766 0.0142631530761719 -0.45086669921875 -0.6943359375
0.00197887420654297 0.0120973587036133 -0.63458251953125 -0.0372924804687499
0.0387115478515625 0.00797653198242188 -0.407928466796875 0.25848388671875
0.0425491333007813 -0.0114212036132813 -0.0598602294921875 0.271408081054688
0.00775909423828125 -0.0213470458984375 0.164337158203125 0.153472900390625
0.0216236114501953 -0.0340671539306641 -0.0842132568359375 -0.165679931640625
0.0601768493652344 -0.000232696533203125 0.17620849609375 -0.226699829101563
0.0719985961914063 0.0216140747070313 0.45635986328125 -0.06268310546875
0.0262985229492188 0.0442695617675781 0.55279541015625 0.360443115234375
-0.0617752075195313 0.0300140380859375 0.0494384765625 0.8153076171875
-0.0394248962402344 -0.0279273986816406 -0.61102294921875 0.75042724609375
0.0470848083496094 -0.0269699096679687 -0.66314697265625 0.21221923828125
0.0919189453125 0.007904052734375 0.107345581054688 0.0696029663085938
0.0487174987792969 -0.0220222473144531 0.7728271484375 -0.31768798828125
-0.0161924362182617 -0.0114374160766602 0.4027099609375 -0.89666748046875
-0.0265750885009766 0.0157051086425781 -0.42620849609375 -0.71331787109375
0.00724220275878906 0.0163125991821289 -0.63226318359375 -0.05706787109375
0.0425033569335937 0.00854110717773438 -0.41357421875 0.2440185546875
0.0472030639648438 -0.0164413452148438 -0.068084716796875 0.2623291015625
0.0102405548095703 -0.0265712738037109 0.16357421875 0.1463623046875
0.0043635368347168 0.00809288024902344 -0.10797119140625 -0.161895751953125
0.00942420959472656 0.02880859375 0.146728515625 -0.255630493164063
0.00388336181640625 0.0287570953369141 0.429351806640625 -0.15057373046875
-0.0205650329589844 0.0151863098144531 0.591064453125 0.215087890625
-0.0564689636230469 -0.00529098510742187 0.20819091796875 0.7357177734375
-0.0215663909912109 -0.033660888671875 -0.44354248046875 0.82147216796875
0.0373306274414063 0.000988006591796875 -0.66510009765625 0.3184814453125
0.0550880432128906 0.0424461364746094 0.00605010986328125 0.0867843627929688
0.0559768676757812 0.0216941833496094 0.78350830078125 -0.17974853515625
0.0207767486572266 -0.0181560516357422 0.57318115234375 -0.8177490234375
-0.0263385772705078 -0.0304622650146484 -0.284423828125 -0.80145263671875
-0.0498580932617188 -0.0137825012207031 -0.62457275390625 -0.1800537109375
-0.0291538238525391 0.0143661499023438 -0.4434814453125 0.179901123046875
-0.00589370727539062 0.0182571411132813 -0.0809173583984375 0.257339477539063
0.00542831420898438 0.00863885879516601 0.162109375 0.14935302734375
0.00690889358520508 0.00606966018676758 -0.104248046875 -0.15447998046875
0.0134258270263672 0.0292549133300781 0.153900146484375 -0.242401123046875
0.00722122192382812 0.0260105133056641 0.435028076171875 -0.124725341796875
-0.0176486968994141 0.0128536224365234 0.5770263671875 0.2523193359375
-0.0594291687011719 -0.00242614746093751 0.1590576171875 0.7567138671875
-0.0269088745117187 -0.0261363983154297 -0.50146484375 0.80511474609375
0.0228424072265625 0.004730224609375 -0.6812744140625 0.2928466796875
0.0382881164550781 0.0412330627441406 0.019317626953125 0.081390380859375
0.0396652221679688 0.02069091796875 0.76812744140625 -0.21685791015625
0.00847434997558594 -0.0144176483154297 0.51593017578125 -0.84326171875
-0.0306301116943359 -0.0226402282714844 -0.33489990234375 -0.773681640625
-0.0478553771972656 -0.0105819702148438 -0.63140869140625 -0.1416015625
-0.0208148956298828 0.0150470733642578 -0.43609619140625 0.205780029296875
-0.000461578369140626 0.0193996429443359 -0.07440185546875 0.268661499023438
0.00368118286132813 0.00929450988769531 0.161178588867188 0.156204223632813
0.0088348388671875 0.000452041625976563 -0.0998077392578125 -0.151870727539063
0.0199909210205078 0.0270137786865234 0.160888671875 -0.228744506835938
0.0177135467529297 0.0231513977050781 0.440093994140625 -0.09918212890625
-0.0124835968017578 0.013676643371582 0.55877685546875 0.291259765625
-0.06005859375 -0.000640869140624994 0.10595703125 0.775634765625
-0.03253173828125 -0.0220127105712891 -0.55694580078125 0.77783203125
0.0105485916137695 0.0075836181640625 -0.68890380859375 0.260986328125
0.0276603698730469 0.0362319946289063 0.0392227172851563 0.0761489868164063
0.0288543701171875 0.0180931091308594 0.75335693359375 -0.2564697265625
-0.00388526916503906 -0.0116300582885742 0.4503173828125 -0.86102294921875
-0.0325145721435547 -0.015594482421875 -0.38604736328125 -0.739013671875
-0.0399017333984375 -0.00490951538085937 -0.63665771484375 -0.0957641601562501
-0.00931358337402344 0.0133552551269531 -0.42510986328125 0.23260498046875
0.00680160522460938 0.0153293609619141 -0.0653076171875 0.27655029296875
0.00403404235839844 0.00518178939819336 0.161788940429688 0.162567138671875
0.0102300643920898 -0.00583744049072266 -0.095001220703125 -0.149429321289063
0.02752685546875 0.0234756469726563 0.1656494140625 -0.21881103515625
0.0295276641845703 0.0215568542480469 0.443145751953125 -0.072662353515625
-0.00598716735839844 0.0179100036621094 0.542236328125 0.330169677734375
-0.0619049072265625 0.00661087036132812 0.0577392578124999 0.7938232421875
-0.0391273498535156 -0.0179824829101562 -0.607666015625 0.75701904296875
0.00825786590576172 0.00496006011962891 -0.693359375 0.2315673828125
0.0293197631835938 0.0312843322753906 0.0637359619140625 0.0721282958984375
0.0235309600830078 0.0115280151367187 0.74273681640625 -0.29376220703125
-0.0114850997924805 -0.00574111938476562 0.394775390625 -0.88079833984375
-0.0336055755615234 -0.00542831420898438 -0.42657470703125 -0.7083740234375
-0.0285377502441406 -0.00222396850585937 -0.63604736328125 -0.0585937499999999
0.00433921813964844 0.0125017166137695 -0.41351318359375 0.253173828125
0.0151615142822266 0.010624885559082 -0.058197021484375 0.283447265625
0.00283932685852051 -0.000752687454223633 0.163009643554688 0.166015625
0.0145959854125977 -0.0132570266723633 -0.091766357421875 -0.148193359375
0.0377120971679688 0.018280029296875 0.171600341796875 -0.212783813476563
0.0431861877441406 0.0222434997558594 0.44647216796875 -0.053466796875
0.00417709350585937 0.0249443054199219 0.533843994140625 0.3568115234375
-0.0645561218261719 0.0139083862304688 0.0236816406249999 0.80572509765625
-0.0438423156738281 -0.0169830322265625 -0.63995361328125 0.7386474609375
0.00722408294677734 -0.00235366821289063 -0.6881103515625 0.21051025390625
0.0325279235839844 0.0237045288085937 0.0832138061523438 0.0683135986328125
0.0210933685302734 0.00502967834472656 0.73870849609375 -0.32269287109375
-0.0193138122558594 -0.00484657287597656 0.35791015625 -0.88916015625
-0.0316638946533203 0.00411415100097656 -0.45184326171875 -0.686279296875
-0.0168695449829102 0.00365734100341797 -0.63433837890625 -0.032470703125
0.0169429779052734 0.0100746154785156 -0.4029541015625 0.26434326171875
0.0266036987304688 0.00438308715820313 -0.053436279296875 0.2838134765625
0.00340175628662109 -0.0062403678894043 0.165756225585938 0.164566040039063
0.0163173675537109 -0.0206356048583984 -0.0876312255859375 -0.151382446289063
0.0473594665527344 0.0119819641113281 0.17431640625 -0.213119506835937
0.05535888671875 0.0213088989257813 0.449737548828125 -0.047760009765625
0.0115070343017578 0.0308933258056641 0.530242919921875 0.3717041015625
-0.0656585693359375 0.0220489501953125 0.011474609375 0.815673828125
-0.0424652099609375 -0.0177383422851563 -0.64666748046875 0.73297119140625
0.0185451507568359 -0.0101509094238281 -0.6815185546875 0.200927734375
0.0515365600585938 0.0171432495117188 0.100883483886719 0.067291259765625
0.0258522033691406 -0.00683975219726563 0.7391357421875 -0.33905029296875
-0.0215854644775391 -0.00519752502441407 0.341064453125 -0.8948974609375
-0.0290565490722656 0.00945472717285156 -0.461181640625 -0.6783447265625
-0.00622987747192383 0.00771999359130859 -0.6324462890625 -0.0228271484375001
0.0293636322021484 0.00849342346191406 -0.398529052734375 0.26910400390625
0.0350799560546875 -0.004058837890625 -0.052642822265625 0.279861450195313
0.00486183166503906 -0.0135173797607422 0.165664672851563 0.159225463867188
0.0201587677001953 -0.0289993286132813 -0.0878753662109375 -0.156402587890625
0.0553855895996094 0.00563430786132813 0.17462158203125 -0.219528198242188
0.0658721923828125 0.0218963623046875 0.452362060546875 -0.052398681640625
0.0206260681152344 0.03887939453125 0.53973388671875 0.37054443359375
-0.0652008056640625 0.0271110534667969 0.0250244140625 0.81634521484375
-0.0409202575683594 -0.0217971801757813 -0.63232421875 0.7373046875
0.0319423675537109 -0.0182209014892578 -0.66876220703125 0.20477294921875
0.0695533752441406 0.0106735229492188 0.106674194335938 0.0656890869140625
0.0351638793945313 -0.0148773193359375 0.74774169921875 -0.339111328125
-0.0202102661132813 -0.00741004943847656 0.352294921875 -0.89849853515625
-0.0272083282470703 0.0149650573730469 -0.4556884765625 -0.68353271484375
0.00279617309570313 0.0109634399414063 -0.6309814453125 -0.0270385742187501
0.03814697265625 0.00782012939453125 -0.4027099609375 0.26361083984375
0.0418167114257813 -0.0111236572265625 -0.0565185546875 0.272384643554688
0.00696754455566406 -0.0214920043945313 0.1654052734375 0.150543212890625
0.0213470458984375 -0.0335578918457031 -0.085693359375 -0.163070678710938
0.0600852966308594 -0.000820159912109375 0.172576904296875 -0.2301025390625
0.0726699829101563 0.0215682983398438 0.453826904296875 -0.0687255859375
0.0275115966796875 0.0430946350097656 0.55511474609375 0.35284423828125
-0.0615005493164062 0.0317955017089844 0.06036376953125 0.812255859375
-0.0384025573730469 -0.0252799987792969 -0.594482421875 0.7542724609375
0.044036865234375 -0.0266761779785156 -0.65423583984375 0.219482421875
0.090240478515625 0.00670623779296875 0.107002258300781 0.0685348510742188
0.0476760864257813 -0.0222587585449219 0.7623291015625 -0.32452392578125
-0.0153865814208984 -0.0112466812133789 0.38726806640625 -0.89483642578125
-0.0253925323486328 0.0173320770263672 -0.43353271484375 -0.7037353515625
0.00597286224365234 0.0151996612548828 -0.62738037109375 -0.0484619140624999
0.0431747436523438 0.00823974609375 -0.40863037109375 0.2474365234375
0.0452041625976563 -0.0146255493164062 -0.0649871826171875 0.261932373046875
0.00860023498535156 -0.026336669921875 0.164779663085938 0.14300537109375
0.00502490997314453 0.00733757019042969 -0.110626220703125 -0.161239624023438
0.0110244750976563 0.0278282165527344 0.14190673828125 -0.256607055664063
0.00389289855957031 0.0273513793945313 0.423858642578125 -0.155487060546875
-0.0212650299072266 0.0154590606689453 0.5897216796875 0.20465087890625
-0.0551910400390625 -0.00369644165039062 0.21490478515625 0.72686767578125
-0.0213298797607422 -0.0289554595947266 -0.4317626953125 0.82073974609375
0.0366668701171875 0.00028228759765625 -0.65582275390625 0.32257080078125
0.0556640625 0.0399169921875 0.00524902343750001 0.085113525390625
0.0551414489746094 0.0212173461914063 0.7730712890625 -0.18475341796875
0.0196666717529297 -0.0185928344726563 0.56097412109375 -0.81658935546875
-0.0257205963134766 -0.0311946868896484 -0.28997802734375 -0.79119873046875
-0.0518264770507813 -0.0119438171386719 -0.619384765625 -0.1697998046875
-0.0288925170898438 0.0139446258544922 -0.4365234375 0.186431884765625
-0.00634956359863281 0.0185356140136719 -0.0784454345703125 0.25738525390625
0.00523471832275391 0.0101470947265625 0.164382934570313 0.146102905273438
0.00555706024169922 0.00592422485351563 -0.105682373046875 -0.153274536132813
0.0136928558349609 0.0289821624755859 0.149002075195313 -0.241180419921875
0.00878143310546875 0.0252685546875 0.430328369140625 -0.13153076171875
-0.0166149139404297 0.0113964080810547 0.57354736328125 0.240966796875
-0.0578041076660156 -0.00247955322265624 0.16680908203125 0.7476806640625
-0.0264739990234375 -0.0231437683105469 -0.48760986328125 0.802978515625
0.0219841003417969 0.00582695007324219 -0.67169189453125 0.29754638671875
0.0376129150390625 0.0386314392089844 0.0177841186523438 0.08050537109375
0.0390472412109375 0.0188560485839844 0.757568359375 -0.221923828125
0.00842189788818359 -0.0137834548950195 0.5015869140625 -0.83941650390625
-0.0293407440185547 -0.0242671966552734 -0.34136962890625 -0.76300048828125
-0.04779052734375 -0.0104827880859375 -0.6263427734375 -0.1329345703125
-0.0212192535400391 0.0136260986328125 -0.429840087890625 0.20892333984375
-0.000669479370117188 0.0186767578125 -0.0714569091796875 0.268768310546875
0.00462675094604492 0.00771236419677734 0.1630859375 0.153823852539063
0.00829601287841797 0.00183629989624023 -0.100372314453125 -0.150558471679688
0.020263671875 0.0258140563964844 0.157272338867187 -0.231170654296875
0.0179977416992188 0.0216178894042969 0.435699462890625 -0.104827880859375
-0.0119848251342773 0.0115032196044922 0.557708740234375 0.282379150390625
-0.0599250793457031 0.00156402587890625 0.11309814453125 0.7713623046875
-0.0327033996582031 -0.0181198120117188 -0.54522705078125 0.77862548828125
0.0108346939086914 0.00668430328369141 -0.68096923828125 0.2674560546875
0.0272407531738281 0.0335235595703125 0.036895751953125 0.0744247436523438
0.0283641815185547 0.0156440734863281 0.74365234375 -0.2615966796875
-0.00238227844238281 -0.00934791564941406 0.43585205078125 -0.85888671875
-0.0317420959472656 -0.0145187377929688 -0.3907470703125 -0.72808837890625
-0.0390968322753906 -0.00509262084960938 -0.6318359375 -0.0898437500000002
-0.0070953369140625 0.0136594772338867 -0.416839599609375 0.2347412109375
0.00807476043701172 0.0163650512695313 -0.0639190673828125 0.276901245117188
0.00327301025390625 0.00531196594238281 0.16259765625 0.159378051757813
0.00979900360107422 -0.00717544555664063 -0.0977020263671875 -0.147506713867188
0.0273151397705078 0.0224132537841797 0.161865234375 -0.2188720703125
0.0296077728271484 0.0200958251953125 0.441070556640625 -0.078338623046875
-0.00425052642822266 0.0171213150024414 0.542327880859375 0.320892333984375
-0.0632247924804687 0.00717163085937501 0.0647583007812501 0.78839111328125
-0.0388755798339844 -0.0161399841308594 -0.59765625 0.75775146484375
0.00615072250366211 0.00315713882446289 -0.68505859375 0.235595703125
0.0270881652832031 0.0291118621826172 0.0622329711914063 0.0710220336914063
0.021881103515625 0.0106410980224609 0.73370361328125 -0.298583984375
-0.0117721557617188 -0.00606441497802734 0.38262939453125 -0.87548828125
-0.0329113006591797 -0.00356864929199218 -0.429443359375 -0.6973876953125
-0.0276279449462891 0.000204086303710935 -0.630615234375 -0.0517578125
0.00602436065673828 0.0128498077392578 -0.40765380859375 0.257293701171875
0.0160274505615234 0.0107870101928711 -0.05548095703125 0.28192138671875
0.00183653831481934 0.000734806060791016 0.163665771484375 0.161178588867188
0.0124120712280273 -0.0100488662719727 -0.0935821533203125 -0.147003173828125
0.0372428894042969 0.0163688659667969 0.165191650390625 -0.21417236328125
0.0440101623535156 0.0209312438964844 0.44256591796875 -0.06109619140625
0.00536537170410156 0.02288818359375 0.533355712890625 0.34747314453125
-0.0639991760253906 0.0151100158691406 0.03424072265625 0.79974365234375
-0.0412483215332031 -0.0147514343261719 -0.62469482421875 0.74005126953125
0.00758218765258789 -0.00127744674682617 -0.681396484375 0.21649169921875
0.0333728790283203 0.0222110748291016 0.0836181640625 0.0665054321289063
0.0203475952148438 0.00444984436035156 0.72796630859375 -0.326416015625
-0.0173482894897461 -0.0015401840209961 0.34344482421875 -0.88568115234375
-0.0302238464355469 0.00476837158203125 -0.45458984375 -0.675537109375
-0.0169925689697266 0.00362300872802734 -0.626708984375 -0.0244140625
0.0179176330566406 0.009429931640625 -0.3978271484375 0.268585205078125
0.0260639190673828 0.00506210327148437 -0.04937744140625 0.2833251953125
0.00240993499755859 -0.00583982467651367 0.1654052734375 0.162033081054688
0.0162105560302734 -0.0201377868652344 -0.0896759033203125 -0.14892578125
0.0489006042480469 0.0116004943847656 0.169921875 -0.213470458984375
0.0547752380371094 0.0194931030273437 0.446075439453125 -0.051910400390625
0.0127067565917969 0.0313472747802734 0.52923583984375 0.363861083984375
-0.065673828125 0.0221748352050781 0.02044677734375 0.8095703125
-0.0417022705078125 -0.0172386169433594 -0.63470458984375 0.7335205078125
0.0185642242431641 -0.00931739807128906 -0.67327880859375 0.2066650390625
0.0499649047851563 0.0163383483886719 0.0990142822265625 0.0668563842773438
0.0263195037841797 -0.00468635559082031 0.72760009765625 -0.3409423828125
-0.0209503173828125 -0.00243949890136719 0.327880859375 -0.8909912109375
-0.0280990600585938 0.0104560852050781 -0.4658203125 -0.66455078125
-0.00723361968994141 0.0074310302734375 -0.62725830078125 -0.0153808593749999
0.0288848876953125 0.00734329223632813 -0.39447021484375 0.27325439453125
0.0346336364746094 -0.00463294982910156 -0.0499420166015625 0.27972412109375
0.00451946258544922 -0.0142536163330078 0.164871215820313 0.157333374023438
0.0183143615722656 -0.0275459289550781 -0.088470458984375 -0.15460205078125
0.05499267578125 0.004669189453125 0.1693115234375 -0.218612670898438
0.0649604797363281 0.0203971862792969 0.448516845703125 -0.057464599609375
0.0188827514648437 0.0378227233886719 0.539794921875 0.361297607421875
-0.0638771057128906 0.0280647277832031 0.0332031249999999 0.8143310546875
-0.0406074523925781 -0.0207328796386719 -0.62109375 0.739501953125
0.0303077697753906 -0.0183029174804688 -0.6612548828125 0.21112060546875
0.0696449279785156 0.0101051330566406 0.10693359375 0.064849853515625
0.0345706939697266 -0.0155715942382813 0.7369384765625 -0.3448486328125
-0.0201148986816406 -0.00540924072265625 0.33880615234375 -0.8953857421875
-0.0276069641113281 0.0138473510742188 -0.4609375 -0.67340087890625
0.00229263305664063 0.0120077133178711 -0.624755859375 -0.01910400390625
0.0383567810058594 0.00779342651367188 -0.395416259765625 0.2667236328125
0.0416259765625 -0.0111770629882813 -0.0543212890625 0.27154541015625
0.00664710998535156 -0.0207767486572266 0.16680908203125 0.147491455078125
0.0189075469970703 -0.0343818664550781 -0.087982177734375 -0.163314819335938
0.0594139099121094 -0.00268173217773437 0.167709350585937 -0.23065185546875
0.0720901489257813 0.0190582275390625 0.4481201171875 -0.073455810546875
0.0279312133789063 0.042755126953125 0.55224609375 0.34381103515625
-0.06060791015625 0.0330085754394531 0.0705566406250001 0.8070068359375
-0.0379142761230469 -0.0243034362792969 -0.58465576171875 0.7552490234375
0.0444145202636719 -0.0277481079101563 -0.64617919921875 0.22406005859375
0.0894393920898438 0.00594329833984375 0.106246948242188 0.0680389404296875
0.0464859008789062 -0.02069091796875 0.75238037109375 -0.32806396484375
-0.0170564651489258 -0.0097341537475586 0.3719482421875 -0.8885498046875
-0.0244464874267578 0.0156879425048828 -0.4383544921875 -0.6917724609375
0.00565624237060547 0.0154457092285156 -0.62371826171875 -0.0401611328125001
0.0421524047851562 0.00860595703125 -0.401458740234375 0.251434326171875
0.04486083984375 -0.0152473449707031 -0.06231689453125 0.2613525390625
0.00951004028320313 -0.0269832611083984 0.164276123046875 0.140274047851563
0.00464582443237305 0.00810909271240234 -0.110763549804687 -0.160125732421875
0.0112648010253906 0.0262279510498047 0.138671875 -0.255294799804688
0.00261306762695313 0.0276088714599609 0.420654296875 -0.158966064453125
-0.0212631225585938 0.0124950408935547 0.5843505859375 0.19915771484375
-0.0559425354003906 -0.00317764282226563 0.21966552734375 0.7188720703125
-0.0205059051513672 -0.0296783447265625 -0.4217529296875 0.81744384765625
0.0359382629394531 -0.00066375732421875 -0.6484375 0.32598876953125
0.0531005859375 0.0398902893066406 0.00471496582031251 0.0854263305664063
0.0542831420898438 0.0216255187988281 0.76373291015625 -0.18878173828125
0.0199356079101563 -0.0165367126464844 0.55059814453125 -0.8138427734375
-0.0269927978515625 -0.0300121307373047 -0.29608154296875 -0.78021240234375
-0.0517654418945313 -0.0124320983886719 -0.615966796875 -0.16314697265625
-0.0293006896972656 0.0154705047607422 -0.431060791015625 0.188720703125
-0.00526618957519531 0.0191822052001953 -0.0764007568359375 0.257919311523438
0.00497150421142578 0.00890064239501953 0.162139892578125 0.14276123046875
0.00544834136962891 0.00545167922973633 -0.106491088867188 -0.154205322265625
0.0142002105712891 0.0265712738037109 0.14593505859375 -0.242019653320313
0.00847434997558594 0.0238571166992187 0.424652099609375 -0.134674072265625
-0.0173654556274414 0.0102624893188477 0.57318115234375 0.23455810546875
-0.0577163696289063 -0.000495910644531261 0.17205810546875 0.74139404296875
-0.0263195037841797 -0.0231437683105469 -0.4786376953125 0.802490234375
0.0200004577636719 0.00537300109863281 -0.664794921875 0.30029296875
0.0366897583007813 0.038543701171875 0.0182037353515625 0.0815582275390625
0.0396766662597656 0.0196075439453125 0.7491455078125 -0.22552490234375
0.00760746002197266 -0.0129508972167969 0.48760986328125 -0.8353271484375
-0.0320243835449219 -0.0226974487304687 -0.34686279296875 -0.75244140625
-0.0481986999511719 -0.00705337524414062 -0.62371826171875 -0.1265869140625
-0.0222091674804688 0.0146579742431641 -0.423431396484375 0.214324951171875
-0.00121116638183594 0.0191860198974609 -0.0692901611328125 0.2679443359375
0.00411272048950195 0.00820302963256836 0.162353515625 0.1502685546875
0.00750207901000977 0.00224971771240234 -0.10125732421875 -0.146835327148438
0.0191326141357422 0.0268707275390625 0.153228759765625 -0.229568481445313
0.0178928375244141 0.0212421417236328 0.430877685546875 -0.107208251953125
-0.0121488571166992 0.0107746124267578 0.555206298828125 0.276641845703125
-0.0587310791015625 0.00333404541015624 0.11993408203125 0.7626953125
-0.0330410003662109 -0.0177555084228516 -0.5335693359375 0.7779541015625
0.00879001617431641 0.00552177429199219 -0.67474365234375 0.27020263671875
0.0281848907470703 0.0342540740966797 0.0379562377929688 0.0740127563476562
0.0274448394775391 0.0173816680908203 0.7340087890625 -0.262939453125
-0.00301551818847656 -0.00872182846069336 0.42449951171875 -0.8548583984375
-0.0324192047119141 -0.0140552520751953 -0.39453125 -0.720703125
-0.0390472412109375 -0.00334548950195312 -0.62530517578125 -0.0814819335937499
-0.00795936584472656 0.0145845413208008 -0.412567138671875 0.237579345703125
0.00750160217285157 0.0176296234130859 -0.0579376220703125 0.277587890625
0.00311660766601563 0.00494194030761719 0.164016723632812 0.157058715820313
0.011082649230957 -0.00423526763916016 -0.0964813232421875 -0.145355224609375
0.0289459228515625 0.0213871002197266 0.158447265625 -0.221054077148438
0.0299301147460938 0.0205860137939453 0.435516357421875 -0.08050537109375
-0.00327205657958984 0.0159378051757813 0.540374755859375 0.313995361328125
-0.0632247924804688 0.00810623168945313 0.0715332031249999 0.78387451171875
-0.0373077392578125 -0.0162353515625 -0.58099365234375 0.7568359375
0.00456428527832031 0.00361013412475586 -0.6768798828125 0.24005126953125
0.0280609130859375 0.0285587310791016 0.0628280639648438 0.0700798034667969
0.0225410461425781 0.012603759765625 0.722900390625 -0.30218505859375
-0.0120725631713867 -0.00461196899414062 0.37054443359375 -0.86932373046875
-0.0308380126953125 -0.00344085693359375 -0.43310546875 -0.68609619140625
-0.0295352935791016 -1.71661376953157E-05 -0.627197265625 -0.0462036132812499
0.00374412536621094 0.012725830078125 -0.39996337890625 0.260498046875
0.0155725479125977 0.0110416412353516 -0.052032470703125 0.2822265625
0.0023643970489502 -0.000120162963867187 0.164321899414062 0.158493041992187
0.0126285552978516 -0.0117597579956055 -0.0943603515625 -0.146636962890625
0.0380134582519531 0.016937255859375 0.163360595703125 -0.21502685546875
0.0412826538085938 0.0171775817871094 0.43927001953125 -0.064208984375
0.0047760009765625 0.0207538604736328 0.5299072265625 0.339111328125
-0.0641365051269531 0.0172042846679687 0.0417480468749999 0.79541015625
-0.041473388671875 -0.0120964050292969 -0.61224365234375 0.7413330078125
0.00843906402587891 -0.00264549255371094 -0.67333984375 0.21942138671875
0.0344295501708984 0.0222148895263672 0.0817489624023438 0.0668258666992188
0.0208969116210938 0.00400543212890625 0.7186279296875 -0.3267822265625
-0.0174541473388672 -0.000462532043457028 0.3321533203125 -0.8778076171875
-0.0322265625 0.00316238403320313 -0.458251953125 -0.66534423828125
-0.0153703689575195 0.00438404083251953 -0.6224365234375 -0.0186767578125
0.0182723999023438 0.0118446350097656 -0.39013671875 0.271728515625
0.0248756408691406 0.00528907775878906 -0.0477294921875 0.282562255859375
0.00299787521362305 -0.00717878341674805 0.166351318359375 0.158294677734375
0.0166702270507813 -0.0199756622314453 -0.091064453125 -0.148330688476563
0.0479545593261719 0.0108642578125 0.165298461914062 -0.213455200195313
0.0553932189941406 0.0179290771484375 0.443939208984375 -0.05712890625
0.0122241973876953 0.0295448303222656 0.529083251953125 0.355255126953125
-0.0637550354003906 0.023712158203125 0.028564453125 0.80621337890625
-0.0415687561035156 -0.0144996643066406 -0.62078857421875 0.732666015625
0.0174722671508789 -0.00954914093017578 -0.66412353515625 0.20904541015625
0.0493583679199219 0.0154075622558594 0.0978622436523438 0.0639495849609375
0.0265007019042969 -0.0058746337890625 0.71875 -0.3426513671875
-0.0188922882080078 -0.00386810302734375 0.31866455078125 -0.88677978515625
-0.0284328460693359 0.0111217498779297 -0.467041015625 -0.65460205078125
-0.00707054138183594 0.00753021240234375 -0.62005615234375 -0.00793457031249998
0.028350830078125 0.00859642028808594 -0.387176513671875 0.27496337890625
0.0348396301269531 -0.00464630126953125 -0.0475006103515625 0.276824951171875
0.00297927856445313 -0.0146417617797852 0.166152954101563 0.152755737304688
0.0179252624511719 -0.0269527435302734 -0.090179443359375 -0.152908325195313
0.0534858703613281 0.00466537475585938 0.165420532226563 -0.219314575195313
0.0655479431152344 0.0188980102539063 0.44451904296875 -0.060943603515625
0.0200386047363281 0.0355148315429688 0.5367431640625 0.35125732421875
-0.0631332397460938 0.02911376953125 0.0418701171875 0.80743408203125
-0.0392074584960937 -0.0183563232421875 -0.607666015625 0.7406005859375
0.0303802490234375 -0.0195255279541016 -0.65338134765625 0.2132568359375
0.0691795349121094 0.009796142578125 0.106208801269531 0.0635147094726563
0.0355949401855469 -0.0141525268554688 0.72662353515625 -0.3468017578125
-0.0194587707519531 -0.00487899780273438 0.3291015625 -0.8875732421875
-0.0263404846191406 0.0154304504394531 -0.46331787109375 -0.66229248046875
0.00166797637939453 0.0123987197875977 -0.61834716796875 -0.0119018554687501
0.0369873046875 0.00742340087890625 -0.389404296875 0.268829345703125
0.0395965576171875 -0.0121726989746094 -0.0513916015625 0.270263671875
0.0062408447265625 -0.0210342407226562 0.16693115234375 0.144760131835938
0.0185794830322266 -0.0337696075439453 -0.0886688232421875 -0.16033935546875
0.0579757690429688 -0.00220108032226562 0.16534423828125 -0.23150634765625
0.0705642700195313 0.0172958374023438 0.444091796875 -0.0782470703125
0.0262641906738281 0.0413589477539063 0.5504150390625 0.334869384765625
-0.0598526000976562 0.03277587890625 0.0769653320312499 0.8028564453125
-0.0369186401367187 -0.0228614807128906 -0.5706787109375 0.75091552734375
0.0439872741699219 -0.0276565551757813 -0.6405029296875 0.2283935546875
0.0872421264648438 0.0054779052734375 0.104171752929687 0.065338134765625
0.0454025268554688 -0.0215415954589844 0.74090576171875 -0.3284912109375
-0.015538215637207 -0.009857177734375 0.36083984375 -0.883056640625
-0.0241641998291016 0.0173454284667969 -0.438720703125 -0.67913818359375
0.0058603286743164 0.0159921646118164 -0.6180419921875 -0.0343017578125
0.0425682067871094 0.00945663452148438 -0.39556884765625 0.2535400390625
0.0443191528320313 -0.0164260864257813 -0.058807373046875 0.262039184570313
0.00902366638183594 -0.0269870758056641 0.166122436523438 0.136322021484375
0.00533008575439453 0.00816822052001953 -0.11175537109375 -0.15875244140625
0.0110511779785156 0.0262203216552734 0.135955810546875 -0.255233764648438
0.00307083129882812 0.0253715515136719 0.414459228515625 -0.160797119140625
-0.0208644866943359 0.0115242004394531 0.58203125 0.19232177734375
-0.0552825927734375 -0.00147628784179688 0.22406005859375 0.713623046875
-0.0196952819824219 -0.0286426544189453 -0.41351318359375 0.81610107421875
0.0338840484619141 -0.0007476806640625 -0.6395263671875 0.3260498046875
0.0535163879394531 0.0386848449707031 0.0047760009765625 0.0850830078125
0.0554008483886719 0.020751953125 0.755126953125 -0.19122314453125
0.0214767456054687 -0.0168495178222656 0.53790283203125 -0.8077392578125
-0.0259037017822266 -0.0284385681152344 -0.2974853515625 -0.77081298828125
-0.0527992248535156 -0.0102462768554688 -0.610107421875 -0.15545654296875
-0.0297279357910156 0.0155429840087891 -0.427215576171875 0.19049072265625
-0.00538444519042969 0.0190753936767578 -0.0735626220703125 0.255645751953125
0.00510692596435547 0.00777769088745117 0.164535522460938 0.1395263671875
0.00516891479492188 0.00685977935791016 -0.108551025390625 -0.152023315429688
0.0142726898193359 0.0269527435302734 0.143173217773438 -0.242538452148438
0.0100803375244141 0.0231895446777344 0.423004150390625 -0.136016845703125
-0.0178642272949219 0.00999259948730469 0.56817626953125 0.2288818359375
-0.0564804077148438 0.000251770019531238 0.17413330078125 0.73583984375
-0.0252265930175781 -0.0225658416748047 -0.4688720703125 0.79705810546875
0.0200881958007812 0.00390052795410156 -0.65625 0.30157470703125
0.0367965698242187 0.0368003845214844 0.0163803100585938 0.0789794921875
0.0390472412109375 0.021209716796875 0.739013671875 -0.22650146484375
0.00786685943603516 -0.010767936706543 0.47918701171875 -0.83184814453125
-0.0310745239257812 -0.0220184326171875 -0.34417724609375 -0.74749755859375
-0.0478172302246094 -0.00623321533203125 -0.6173095703125 -0.11968994140625
-0.0207080841064453 0.0143947601318359 -0.421051025390625 0.215179443359375
-0.00116539001464844 0.0194377899169922 -0.067901611328125 0.266159057617187
0.00303363800048828 0.00785732269287109 0.1611328125 0.1497802734375
0.0089406967163086 0.000855445861816406 -0.104248046875 -0.147018432617187
0.0221118927001953 0.0246734619140625 0.15008544921875 -0.228790283203125
0.0172157287597656 0.0176563262939453 0.42730712890625 -0.110321044921875
-0.0117931365966797 0.010467529296875 0.5537109375 0.269073486328125
-0.0592002868652344 0.00524139404296875 0.12530517578125 0.7578125
-0.0323600769042969 -0.0158672332763672 -0.52471923828125 0.77557373046875
0.0100946426391602 0.00706672668457031 -0.66387939453125 0.2713623046875
0.0275974273681641 0.0343475341796875 0.0377197265625 0.0747222900390625
0.0286445617675781 0.0186061859130859 0.72454833984375 -0.26312255859375
-0.00336933135986328 -0.00719833374023438 0.414306640625 -0.8486328125
-0.0324344635009766 -0.0134468078613281 -0.396484375 -0.7093505859375
-0.0398063659667969 -0.00389480590820312 -0.6199951171875 -0.076904296875
-0.0087575912475586 0.0139427185058594 -0.405242919921875 0.239715576171875
0.00717926025390625 0.0176334381103516 -0.056793212890625 0.27471923828125
0.00135445594787598 0.00433993339538574 0.162933349609375 0.155517578125
0.0110549926757813 -0.00609493255615234 -0.099029541015625 -0.1448974609375
0.0283012390136719 0.0206756591796875 0.155181884765625 -0.2208251953125
0.028717041015625 0.0178623199462891 0.43096923828125 -0.085296630859375
-0.00547409057617187 0.0137004852294922 0.5386962890625 0.30810546875
-0.0612106323242188 0.0107078552246094 0.0780029296875001 0.77777099609375
-0.0358352661132813 -0.0144500732421875 -0.57354736328125 0.75775146484375
0.00491857528686523 0.00263786315917969 -0.66925048828125 0.24188232421875
0.0276679992675781 0.0285129547119141 0.061553955078125 0.0709228515625
0.0225543975830078 0.0104255676269531 0.71343994140625 -0.30206298828125
-0.0117044448852539 -0.00366115570068359 0.35980224609375 -0.86383056640625
-0.0316715240478516 -0.00272369384765624 -0.4332275390625 -0.67822265625
-0.0280227661132813 0.0015106201171875 -0.6201171875 -0.0383300781250001
0.00401878356933594 0.0136508941650391 -0.39447021484375 0.261077880859375
0.0160856246948242 0.0134315490722656 -0.0501708984375 0.280029296875
0.00182688236236572 0.000575542449951172 0.164657592773437 0.155471801757812
0.0124645233154297 -0.012725830078125 -0.093658447265625 -0.144607543945313
0.0389060974121094 0.0165481567382813 0.159957885742187 -0.215713500976563
0.0435104370117188 0.0169486999511719 0.435333251953125 -0.0675048828125
0.00359153747558594 0.0218124389648438 0.529144287109375 0.33489990234375
-0.0638847351074219 0.018524169921875 0.04681396484375 0.79071044921875
-0.040863037109375 -0.0130958557128906 -0.603271484375 0.73858642578125
0.00584125518798828 -0.00138521194458008 -0.66680908203125 0.22161865234375
0.033355712890625 0.0219135284423828 0.0806961059570313 0.0664520263671875
0.0212497711181641 0.00374221801757813 0.70758056640625 -0.3277587890625
-0.0178852081298828 -0.00194740295410156 0.32342529296875 -0.8719482421875
-0.0318717956542969 0.00364303588867187 -0.45867919921875 -0.65240478515625
-0.0165014266967773 0.00518226623535156 -0.61614990234375 -0.0131225585937501
0.0182571411132813 0.0103893280029297 -0.385467529296875 0.272216796875
0.0257110595703125 0.00522041320800781 -0.04473876953125 0.280899047851563
0.00141477584838867 -0.00622415542602539 0.164993286132813 0.155364990234375
0.0161056518554688 -0.0212554931640625 -0.0908355712890625 -0.147842407226563
0.0469779968261719 0.00997161865234375 0.163162231445313 -0.21551513671875
0.0546798706054688 0.01629638671875 0.43768310546875 -0.06121826171875
0.0116825103759766 0.0280704498291016 0.525909423828125 0.34930419921875
-0.0631866455078125 0.0244216918945312 0.03375244140625 0.7999267578125
-0.0408363342285156 -0.0145378112792969 -0.61273193359375 0.72991943359375
0.0175409317016602 -0.00929069519042969 -0.6590576171875 0.21337890625
0.049530029296875 0.0138130187988281 0.0974197387695313 0.0632553100585938
0.0249977111816406 -0.00477218627929688 0.707275390625 -0.34429931640625
-0.0190296173095703 -0.000797271728515621 0.30841064453125 -0.877685546875
-0.0291690826416016 0.0107707977294922 -0.46966552734375 -0.64630126953125
-0.00643205642700195 0.00820302963256836 -0.61297607421875 -0.00250244140624993
0.0299167633056641 0.00913047790527344 -0.381866455078125 0.276763916015625
0.0318813323974609 -0.00384712219238281 -0.0458831787109375 0.2777099609375
0.00408172607421875 -0.0142068862915039 0.165542602539063 0.149490356445313
0.0175914764404297 -0.0269489288330078 -0.0892181396484375 -0.1514892578125
0.05517578125 0.00361251831054688 0.162002563476563 -0.220626831054688
0.0639381408691406 0.0176239013671875 0.439117431640625 -0.064422607421875
0.0192184448242187 0.0354118347167969 0.53607177734375 0.347869873046875
-0.0604667663574219 0.0304069519042969 0.04705810546875 0.80126953125
-0.0381965637207031 -0.0172653198242187 -0.59820556640625 0.73779296875
0.0289459228515625 -0.0201835632324219 -0.64678955078125 0.21697998046875
0.0672950744628906 0.00855636596679688 0.105758666992188 0.063140869140625
0.0333442687988281 -0.014007568359375 0.716064453125 -0.3466796875
-0.0188922882080078 -0.00403976440429688 0.31903076171875 -0.8829345703125
-0.0264396667480469 0.0156269073486328 -0.463623046875 -0.65203857421875
0.00133323669433594 0.0120649337768555 -0.61407470703125 -0.00762939453124998
0.0373001098632812 0.00627517700195312 -0.383392333984375 0.269775390625
0.0405082702636719 -0.0100669860839844 -0.0505828857421875 0.269241333007813
0.00575828552246094 -0.0219783782958984 0.166015625 0.142471313476563
0.0200767517089844 -0.0332813262939453 -0.0889739990234375 -0.16119384765625
0.0585098266601563 -0.00294113159179688 0.1602783203125 -0.230178833007813
0.070068359375 0.0161285400390625 0.44012451171875 -0.081634521484375
0.0262451171875 0.039031982421875 0.549468994140625 0.32794189453125
-0.0587310791015625 0.0341911315917969 0.0831298828125001 0.794189453125
-0.0352592468261719 -0.0214881896972656 -0.56146240234375 0.7508544921875
0.0430641174316406 -0.0287017822265625 -0.63140869140625 0.2293701171875
0.0864944458007812 0.0037841796875 0.105186462402344 0.0653915405273438
0.0466346740722656 -0.0212936401367188 0.73052978515625 -0.33056640625
-0.0147943496704102 -0.00555896759033203 0.35272216796875 -0.875
-0.0247669219970703 0.0178432464599609 -0.441162109375 -0.6722412109375
0.005279541015625 0.0148992538452148 -0.611572265625 -0.0288085937500001
0.0414810180664062 0.00803756713867188 -0.389862060546875 0.255706787109375
0.0452690124511719 -0.015167236328125 -0.05731201171875 0.26068115234375
0.00825309753417969 -0.0265445709228516 0.164199829101563 0.132980346679688
0.00597429275512695 0.00807523727416992 -0.112838745117187 -0.157394409179687
0.0120868682861328 0.0263957977294922 0.131576538085938 -0.255264282226563
0.00365066528320313 0.0247840881347656 0.412017822265625 -0.164642333984375
-0.0214920043945313 0.0111198425292969 0.57867431640625 0.18853759765625
-0.0540237426757812 0.000534057617187494 0.2265625 0.7099609375
-0.0203666687011719 -0.0278148651123047 -0.40582275390625 0.80865478515625
0.0344200134277344 -0.00177192687988281 -0.63525390625 0.32525634765625
0.052154541015625 0.0379486083984375 0.00477600097656251 0.08343505859375
0.0534210205078125 0.0208587646484375 0.7464599609375 -0.19244384765625
0.0202751159667969 -0.0147743225097656 0.53118896484375 -0.8028564453125
-0.0271205902099609 -0.0284271240234375 -0.299560546875 -0.76641845703125
-0.05157470703125 -0.00942230224609374 -0.60595703125 -0.1519775390625
-0.0289745330810547 0.0150547027587891 -0.42144775390625 0.190216064453125
-0.00605583190917969 0.0201492309570313 -0.0735015869140625 0.254592895507813
0.0052485466003418 0.00716590881347656 0.163497924804687 0.139892578125
0.00620031356811523 0.00651884078979492 -0.107345581054688 -0.150405883789063
0.0148696899414062 0.0274429321289063 0.13934326171875 -0.241683959960938
0.00850677490234375 0.0216274261474609 0.41668701171875 -0.139862060546875
-0.0196704864501953 0.00836563110351562 0.5643310546875 0.22503662109375
-0.0577964782714844 0.00204849243164062 0.177734375 0.7305908203125
-0.0246658325195313 -0.0207614898681641 -0.46051025390625 0.794921875
0.0189189910888672 0.00426483154296875 -0.649169921875 0.30023193359375
0.0357017517089844 0.038055419921875 0.0181503295898438 0.079833984375
0.0384368896484375 0.0206527709960938 0.73236083984375 -0.22686767578125
0.0086507797241211 -0.0113992691040039 0.4722900390625 -0.82196044921875
-0.0285987854003906 -0.0215969085693359 -0.3477783203125 -0.7364501953125
-0.0481185913085938 -0.00847244262695313 -0.61285400390625 -0.1141357421875
-0.0218086242675781 0.0156993865966797 -0.416015625 0.216796875
-0.00144004821777344 0.0205879211425781 -0.0658111572265625 0.267822265625
0.00492095947265625 0.00644063949584961 0.162200927734375 0.147567749023438
0.00726556777954102 0.00328397750854492 -0.103790283203125 -0.145339965820313
0.0204925537109375 0.0250892639160156 0.1468505859375 -0.230072021484375
0.0171871185302734 0.0198554992675781 0.422210693359375 -0.1107177734375
-0.0118560791015625 0.00955390930175781 0.5477294921875 0.26556396484375
-0.0596580505371094 0.00565719604492187 0.12701416015625 0.75274658203125
-0.0310192108154297 -0.0163002014160156 -0.51708984375 0.77215576171875
0.00812339782714844 0.00608968734741211 -0.658935546875 0.27081298828125
0.0253772735595703 0.0337333679199219 0.0375747680664063 0.0742340087890625
0.0286598205566406 0.016845703125 0.71600341796875 -0.2646484375
-0.00376319885253906 -0.00457859039306641 0.40814208984375 -0.84283447265625
-0.0338191986083984 -0.0135383605957031 -0.39581298828125 -0.7034912109375
-0.0385971069335938 -0.00321197509765626 -0.6175537109375 -0.07171630859375
-0.00908756256103516 0.0157718658447266 -0.4010009765625 0.240631103515625
0.00819778442382813 0.0176982879638672 -0.05621337890625 0.274627685546875
0.00169658660888672 0.00555658340454102 0.162200927734375 0.15264892578125
0.00982761383056641 -0.00475215911865234 -0.099090576171875 -0.14385986328125
0.0294742584228516 0.0209236145019531 0.152877807617188 -0.218292236328125
0.0286426544189453 0.015533447265625 0.42645263671875 -0.088348388671875
-0.00543117523193359 0.0131645202636719 0.5335693359375 0.302642822265625
-0.0615386962890625 0.0123710632324219 0.08148193359375 0.772216796875
-0.0362358093261719 -0.0123786926269531 -0.5648193359375 0.753173828125
0.00554275512695313 0.0020146369934082 -0.6630859375 0.2430419921875
0.0250892639160156 0.0283908843994141 0.0604209899902344 0.0693550109863281
0.022186279296875 0.0113391876220703 0.704833984375 -0.30133056640625
-0.00827407836914062 -0.00232076644897461 0.3544921875 -0.85736083984375
-0.0321826934814453 -0.00255012512207031 -0.4320068359375 -0.6708984375
-0.0278778076171875 0.000368118286132811 -0.61627197265625 -0.0341186523437501
0.00481986999511719 0.0151090621948242 -0.390106201171875 0.26123046875
0.0164575576782227 0.0116262435913086 -0.048675537109375 0.279647827148438
0.00267386436462402 -0.00058436393737793 0.162628173828125 0.154220581054688
0.0133495330810547 -0.0128316879272461 -0.095184326171875 -0.145065307617188
0.0391960144042969 0.0151481628417969 0.1572265625 -0.21435546875
0.0420684814453125 0.0166511535644531 0.432403564453125 -0.07135009765625
0.00289344787597656 0.0199337005615234 0.525238037109375 0.327880859375
-0.0636558532714844 0.0189208984375 0.0502319335937501 0.78326416015625
-0.0394859313964844 -0.010955810546875 -0.59765625 0.7347412109375
0.00588321685791016 -0.00259590148925781 -0.66021728515625 0.22198486328125
0.0338172912597656 0.020751953125 0.08056640625 0.06597900390625
0.0200595855712891 0.00377273559570312 0.69818115234375 -0.3265380859375
-0.0158987045288086 -0.000120162963867186 0.31744384765625 -0.86480712890625
-0.0318660736083984 0.00372886657714844 -0.45654296875 -0.645751953125
-0.0183639526367187 0.00454139709472657 -0.611083984375 -0.01043701171875
0.0174236297607422 0.0105085372924805 -0.38287353515625 0.270904541015625
0.0251941680908203 0.00494956970214844 -0.042572021484375 0.280288696289063
0.00285863876342773 -0.00624275207519531 0.16461181640625 0.153533935546875
0.0147380828857422 -0.0201015472412109 -0.0912017822265625 -0.146697998046875
0.0488128662109375 0.0091400146484375 0.159820556640625 -0.214340209960938
0.0542335510253906 0.0170478820800781 0.435150146484375 -0.063385009765625
0.0103893280029297 0.0275497436523438 0.52484130859375 0.34417724609375
-0.0620956420898438 0.0256805419921875 0.038818359375 0.7945556640625
-0.0388679504394531 -0.0149421691894531 -0.60443115234375 0.72900390625
0.0148096084594727 -0.00897598266601563 -0.6527099609375 0.21417236328125
0.0486640930175781 0.0152511596679688 0.0955352783203125 0.0626373291015625
0.0248699188232422 -0.00439643859863281 0.699951171875 -0.34136962890625
-0.0188255310058594 -0.000459671020507811 0.30181884765625 -0.87158203125
-0.0269393920898438 0.00937843322753907 -0.468505859375 -0.637451171875
-0.00655698776245117 0.00809907913208008 -0.609375 -0.000244140624999962
0.0275554656982422 0.009185791015625 -0.377349853515625 0.2762451171875
0.0319499969482422 -0.00275039672851563 -0.045257568359375 0.276382446289063
0.00377082824707031 -0.0140218734741211 0.165435791015625 0.148406982421875
0.0171546936035156 -0.0276775360107422 -0.0909271240234375 -0.150054931640625
0.0539970397949219 0.00311660766601563 0.16021728515625 -0.219879150390625
0.0648880004882813 0.0157318115234375 0.43597412109375 -0.066986083984375
0.0191783905029297 0.033538818359375 0.533447265625 0.342803955078125
-0.0611572265625 0.0313987731933594 0.05072021484375 0.79620361328125
-0.0376319885253906 -0.0169601440429688 -0.5897216796875 0.73590087890625
0.0287971496582031 -0.0198783874511719 -0.6424560546875 0.21624755859375
0.0660285949707031 0.00756072998046875 0.1036376953125 0.0628280639648438
0.0342845916748047 -0.0137386322021484 0.70758056640625 -0.3446044921875
-0.0176601409912109 -0.00139617919921875 0.31231689453125 -0.87493896484375
-0.0269737243652344 0.0136947631835938 -0.4630126953125 -0.642822265625
0.00116252899169922 0.0107154846191406 -0.60894775390625 -0.00396728515624997
0.0364913940429688 0.00784683227539063 -0.379608154296875 0.26971435546875
0.039520263671875 -0.0110435485839844 -0.04791259765625 0.268402099609375
0.00532150268554688 -0.0217361450195313 0.167022705078125 0.139251708984375
0.0190830230712891 -0.032501220703125 -0.088653564453125 -0.157333374023438
0.0585212707519531 -0.00381088256835938 0.158447265625 -0.230911254882813
0.0694313049316406 0.015167236328125 0.434906005859375 -0.083648681640625
0.025787353515625 0.0370826721191406 0.5479736328125 0.32330322265625
-0.0586624145507813 0.0347213745117188 0.0860595703125001 0.78851318359375
-0.0344181060791016 -0.0203819274902344 -0.55419921875 0.74786376953125
0.0411529541015625 -0.0277481079101562 -0.6275634765625 0.2301025390625
0.0847320556640625 0.00373077392578125 0.103187561035156 0.0649642944335938
0.0446281433105469 -0.0218849182128906 0.72467041015625 -0.3306884765625
-0.0159692764282227 -0.00639533996582031 0.34515380859375 -0.87103271484375
-0.0238723754882812 0.0163555145263672 -0.440673828125 -0.66461181640625
0.00627803802490234 0.0175437927246094 -0.607421875 -0.0252685546874999
0.0395278930664062 0.0095977783203125 -0.38714599609375 0.255340576171875
0.0443954467773438 -0.0161514282226563 -0.0540008544921875 0.260498046875
0.00728225708007813 -0.0288009643554688 0.163711547851563 0.133697509765625
0.00541210174560547 0.00683069229125977 -0.112350463867188 -0.155654907226562
0.0116786956787109 0.0262699127197266 0.130996704101563 -0.252227783203125
0.00393295288085937 0.0231418609619141 0.40582275390625 -0.16400146484375
-0.0227069854736328 0.0111522674560547 0.57330322265625 0.1849365234375
-0.0555915832519531 0.00124740600585938 0.2266845703125 0.7020263671875
-0.0173110961914062 -0.0261135101318359 -0.4007568359375 0.80767822265625
0.0336799621582031 -0.0009765625 -0.630126953125 0.32342529296875
0.0514488220214844 0.0381240844726563 0.00360870361328126 0.0833587646484375
0.053375244140625 0.0209159851074219 0.74053955078125 -0.19024658203125
0.0208549499511719 -0.0146408081054687 0.52423095703125 -0.79803466796875
-0.0276679992675781 -0.0283889770507813 -0.30023193359375 -0.7576904296875
-0.0524787902832031 -0.00955963134765625 -0.6019287109375 -0.14923095703125
-0.0277919769287109 0.0167980194091797 -0.420562744140625 0.19329833984375
-0.00441360473632812 0.0195331573486328 -0.07275390625 0.254898071289063
0.00451040267944336 0.00750064849853516 0.16229248046875 0.136428833007813
0.00582790374755859 0.0046844482421875 -0.107696533203125 -0.149642944335938
0.0151405334472656 0.0255336761474609 0.138519287109375 -0.24102783203125
0.00727653503417969 0.0211544036865234 0.414306640625 -0.14166259765625
-0.0194091796875 0.00811958312988281 0.5616455078125 0.22064208984375
-0.0563774108886719 0.00328826904296875 0.1805419921875 0.7266845703125
-0.0220108032226563 -0.0195236206054688 -0.45782470703125 0.79132080078125
0.0198554992675781 0.00316429138183594 -0.646240234375 0.2999267578125
0.0351943969726562 0.0356712341308594 0.0163726806640625 0.0793991088867187
0.0388298034667969 0.0205917358398438 0.72406005859375 -0.2261962890625
0.00853681564331055 -0.00825023651123047 0.46551513671875 -0.8184814453125
-0.0309696197509766 -0.0222015380859375 -0.34844970703125 -0.73040771484375
-0.0484161376953125 -0.00594329833984376 -0.61004638671875 -0.11285400390625
-0.0202159881591797 0.0149860382080078 -0.4107666015625 0.2164306640625
0.000823974609374999 0.0202388763427734 -0.0640106201171875 0.2662353515625
0.00264739990234375 0.00914573669433594 0.160552978515625 0.146163940429688
0.00628519058227539 0.00100326538085938 -0.10400390625 -0.146331787109375
0.0221500396728516 0.0250625610351563 0.14373779296875 -0.229446411132813
0.0168743133544922 0.0176162719726562 0.41851806640625 -0.1136474609375
-0.0123462677001953 0.00843238830566406 0.543182373046875 0.26043701171875
-0.0568313598632812 0.00774765014648438 0.12982177734375 0.74896240234375
-0.0290775299072266 -0.0142822265625 -0.51165771484375 0.7696533203125
0.0085916519165039 0.00376176834106445 -0.65557861328125 0.27105712890625
0.0268039703369141 0.0333957672119141 0.0370254516601562 0.075042724609375
0.0280323028564453 0.0174026489257813 0.70947265625 -0.26287841796875
-0.00210046768188477 -0.00294733047485352 0.40313720703125 -0.83514404296875
-0.032318115234375 -0.012603759765625 -0.39495849609375 -0.69635009765625
-0.0387687683105469 -0.00353622436523438 -0.610107421875 -0.0685424804687501
-0.00746631622314453 0.0152511596679688 -0.397857666015625 0.241546630859375
0.00680160522460937 0.0171175003051758 -0.054473876953125 0.273971557617188
0.00154590606689453 0.00304222106933594 0.160934448242188 0.151504516601563
0.00883197784423828 -0.00460910797119141 -0.100067138671875 -0.144058227539063
0.0287094116210937 0.0197677612304688 0.151153564453125 -0.219451904296875
0.0285129547119141 0.015716552734375 0.424041748046875 -0.089447021484375
-0.00570774078369141 0.0131587982177734 0.531280517578125 0.299896240234375
-0.0598182678222656 0.0131340026855469 0.0822753906250001 0.767578125
-0.0334625244140625 -0.0118675231933594 -0.5609130859375 0.75006103515625
0.00552558898925781 0.00240230560302734 -0.659912109375 0.24078369140625
0.0259246826171875 0.0272674560546875 0.05963134765625 0.069549560546875
0.023040771484375 0.0117664337158203 0.6988525390625 -0.30084228515625
-0.00954055786132813 -0.00168132781982422 0.34814453125 -0.85009765625
-0.0332927703857422 -0.00326538085937499 -0.43218994140625 -0.66461181640625
-0.0296173095703125 0.00166511535644531 -0.6116943359375 -0.0310058593750001
0.00461387634277344 0.0123758316040039 -0.385284423828125 0.259735107421875
0.0168170928955078 0.0109491348266602 -0.0480499267578125 0.27880859375
0.00340032577514648 0.000472545623779297 0.163742065429688 0.153091430664063
0.0118169784545898 -0.0135307312011719 -0.0972137451171875 -0.144424438476562
0.03851318359375 0.0153541564941406 0.156448364257813 -0.213912963867188
0.040802001953125 0.0138282775878906 0.42803955078125 -0.072906494140625
0.00307655334472656 0.0185394287109375 0.522430419921875 0.326019287109375
-0.0636520385742187 0.0194625854492188 0.0513916015625001 0.77899169921875
-0.0366134643554688 -0.0102310180664063 -0.59088134765625 0.73211669921875
0.00581264495849609 -0.0017552375793457 -0.65435791015625 0.2213134765625
0.0320091247558594 0.0191173553466797 0.0801239013671875 0.0652008056640625
0.0196151733398438 0.00497817993164063 0.69305419921875 -0.3243408203125
-0.016636848449707 0.00146102905273438 0.31109619140625 -0.859130859375
-0.0290203094482422 0.00346946716308594 -0.4581298828125 -0.6419677734375
-0.0168142318725586 0.00521469116210938 -0.6068115234375 -0.00634765624999988
0.0168991088867188 0.0115728378295898 -0.3778076171875 0.274139404296875
0.0255222320556641 0.00647735595703125 -0.0440216064453125 0.278106689453125
0.00195169448852539 -0.00687313079833984 0.165542602539063 0.153289794921875
0.0153465270996094 -0.0211563110351563 -0.093475341796875 -0.147445678710937
0.047515869140625 0.00939559936523437 0.157028198242188 -0.214767456054688
0.0526084899902344 0.0158576965332031 0.433929443359375 -0.06378173828125
0.0109748840332031 0.027252197265625 0.519775390625 0.340301513671875
-0.0622520446777344 0.0259666442871094 0.04180908203125 0.79052734375
-0.0385284423828125 -0.0128860473632812 -0.5980224609375 0.724853515625
0.0159320831298828 -0.00954341888427735 -0.64654541015625 0.21337890625
0.0470237731933594 0.0148963928222656 0.0947494506835938 0.0621795654296875
0.0258445739746094 -0.004119873046875 0.69256591796875 -0.34033203125
-0.0171623229980469 0.000400543212890624 0.29754638671875 -0.86505126953125
-0.0273323059082031 0.0125522613525391 -0.46807861328125 -0.6326904296875
-0.00658702850341797 0.00880908966064453 -0.60302734375 0.0028686523437501
0.0290927886962891 0.00840377807617187 -0.375 0.27587890625
0.0317420959472656 -0.00333786010742187 -0.0432891845703125 0.27435302734375
0.00208473205566406 -0.0160188674926758 0.164337158203125 0.147567749023438
0.017181396484375 -0.0280227661132812 -0.0911865234375 -0.150466918945313
0.0534896850585937 0.002685546875 0.158157348632813 -0.220596313476563
0.0641708374023438 0.0155792236328125 0.433441162109375 -0.068695068359375
0.0174064636230469 0.0335140228271484 0.530303955078125 0.338104248046875
-0.0603828430175781 0.0326576232910156 0.0535278320312501 0.79156494140625
-0.03680419921875 -0.0154151916503906 -0.5838623046875 0.733642578125
0.0281486511230469 -0.0203495025634766 -0.63409423828125 0.21563720703125
0.0648269653320313 0.00704574584960937 0.103233337402344 0.0617599487304687
0.0328903198242187 -0.0138988494873047 0.70318603515625 -0.34283447265625
-0.0176277160644531 -0.00284004211425782 0.30828857421875 -0.8695068359375
-0.0245704650878906 0.0155220031738281 -0.462158203125 -0.63812255859375
0.000569343566894531 0.0117645263671875 -0.602783203125 -0.0010986328125001
0.0364875793457031 0.008026123046875 -0.375335693359375 0.272674560546875
0.038848876953125 -0.0104217529296875 -0.0466156005859375 0.2681884765625
0.00483512878417969 -0.0214748382568359 0.166091918945313 0.1397705078125
0.0184249877929688 -0.0337905883789063 -0.090576171875 -0.159011840820313
0.0577735900878906 -0.004791259765625 0.155685424804687 -0.2279052734375
0.0693397521972656 0.0139083862304688 0.43304443359375 -0.08404541015625
0.0254325866699219 0.0367774963378906 0.544464111328125 0.319305419921875
-0.057708740234375 0.0360794067382813 0.08843994140625 0.7847900390625
-0.0333881378173828 -0.0190486907958984 -0.54595947265625 0.74505615234375
0.0409011840820313 -0.028350830078125 -0.621337890625 0.2286376953125
0.08489990234375 0.00524139404296875 0.101692199707031 0.0634613037109375
0.045440673828125 -0.0200233459472656 0.7158203125 -0.32684326171875
-0.013946533203125 -0.00544261932373047 0.34063720703125 -0.86395263671875
-0.0242023468017578 0.0177440643310547 -0.43994140625 -0.6578369140625
0.00660896301269531 0.0146474838256836 -0.60198974609375 -0.0216674804687499
0.0411834716796875 0.00801467895507813 -0.383026123046875 0.25555419921875
0.0437355041503906 -0.0163383483886719 -0.0542755126953125 0.260238647460938
0.007080078125 -0.0279293060302734 0.163177490234375 0.132064819335938
0.00580358505249024 0.0068511962890625 -0.111831665039062 -0.156585693359375
0.0128574371337891 0.0257415771484375 0.127685546875 -0.25347900390625
0.00281143188476563 0.0238323211669922 0.405059814453125 -0.16448974609375
-0.0216388702392578 0.00872802734375 0.5712890625 0.18701171875
-0.0543746948242188 0.00179290771484375 0.227294921875 0.70025634765625
-0.0159969329833984 -0.0242214202880859 -0.39837646484375 0.80316162109375
0.0346317291259766 -0.002410888671875 -0.62774658203125 0.32122802734375
0.0523605346679688 0.0382843017578125 0.00282287597656251 0.0835647583007813
0.0522003173828125 0.0220260620117188 0.735107421875 -0.188720703125
0.0206089019775391 -0.0129165649414063 0.5213623046875 -0.79266357421875
-0.0284557342529297 -0.0292034149169922 -0.2998046875 -0.75396728515625
-0.0518608093261719 -0.00940704345703126 -0.59906005859375 -0.1494140625
-0.0280418395996094 0.0163497924804687 -0.415740966796875 0.192718505859375
-0.00557327270507812 0.0204753875732422 -0.0707550048828125 0.256805419921875
0.00493240356445313 0.00970077514648438 0.161819458007813 0.137664794921875
0.0055537223815918 0.00634956359863281 -0.108322143554687 -0.149658203125
0.0136089324951172 0.0246906280517578 0.136215209960937 -0.240890502929688
0.00929069519042969 0.0189075469970703 0.409637451171875 -0.139892578125
-0.0209102630615234 0.00779151916503906 0.558563232421875 0.219268798828125
-0.0557403564453125 0.00293731689453125 0.18072509765625 0.724609375
-0.0235328674316406 -0.0181808471679688 -0.45562744140625 0.7877197265625
0.0182037353515625 0.00307273864746094 -0.64093017578125 0.29864501953125
0.0336875915527344 0.0366783142089844 0.0163955688476563 0.0801620483398438
0.0386734008789062 0.0213127136230469 0.7198486328125 -0.22479248046875
0.0084686279296875 -0.00722408294677734 0.46197509765625 -0.81439208984375
-0.0307788848876953 -0.0214157104492188 -0.34527587890625 -0.72625732421875
-0.0482864379882813 -0.00783920288085937 -0.60479736328125 -0.10943603515625
-0.0199604034423828 0.0159492492675781 -0.40802001953125 0.216796875
0.000200271606445312 0.0218582153320313 -0.0655975341796875 0.26617431640625
0.00213861465454102 0.00867557525634766 0.160430908203125 0.144119262695312
0.00671720504760742 0.00325155258178711 -0.104812622070313 -0.145736694335938
0.0216293334960938 0.0244483947753906 0.144744873046875 -0.227630615234375
0.0163745880126953 0.0173578262329102 0.4180908203125 -0.111846923828125
-0.0135164260864258 0.00844478607177734 0.54339599609375 0.260650634765625
-0.0585823059082031 0.00782012939453125 0.1278076171875 0.7451171875
-0.0291061401367188 -0.0125179290771484 -0.5101318359375 0.76708984375
0.00903129577636719 0.004974365234375 -0.65069580078125 0.26788330078125
0.0257339477539062 0.03204345703125 0.0343780517578125 0.0749969482421875
0.0284538269042969 0.0175914764404297 0.70501708984375 -0.26068115234375
-0.00228142738342285 -0.00419712066650391 0.3990478515625 -0.831787109375
-0.0326023101806641 -0.0128421783447266 -0.3951416015625 -0.69293212890625
-0.0404891967773437 -0.000942230224609378 -0.607421875 -0.0662841796874999
-0.00819969177246094 0.0160026550292969 -0.3944091796875 0.24090576171875
0.00796699523925781 0.0194969177246094 -0.055999755859375 0.273284912109375
0.00278520584106445 0.00460243225097656 0.162277221679688 0.149429321289063
0.0104150772094727 -0.00504684448242188 -0.101272583007812 -0.14337158203125
0.0288753509521484 0.0193519592285156 0.150711059570312 -0.219329833984375
0.0267696380615234 0.0162696838378906 0.42376708984375 -0.090057373046875
-0.00750064849853515 0.0114107131958008 0.52880859375 0.29901123046875
-0.0613555908203125 0.0131454467773437 0.08233642578125 0.767333984375
-0.0322608947753906 -0.0111465454101563 -0.55780029296875 0.7476806640625
0.00401735305786133 0.00367617607116699 -0.6575927734375 0.24029541015625
0.0254135131835938 0.0269184112548828 0.0566520690917969 0.0698013305664063
0.0221805572509766 0.0117359161376953 0.69476318359375 -0.29742431640625
-0.0102033615112305 0.000254631042480469 0.346923828125 -0.844482421875
-0.0320816040039063 -0.00260353088378906 -0.431884765625 -0.66046142578125
-0.0296382904052734 0.000648498535156256 -0.60638427734375 -0.0301513671874999
0.00467300415039062 0.0134086608886719 -0.38507080078125 0.261322021484375
0.0156707763671875 0.0133199691772461 -0.0473785400390625 0.278823852539063
0.00160562992095947 -0.00108695030212402 0.163742065429688 0.152481079101563
0.0115146636962891 -0.0120964050292969 -0.0952606201171875 -0.143402099609375
0.0394248962402344 0.0143966674804687 0.152023315429687 -0.215225219726562
0.0392189025878906 0.0148735046386719 0.426544189453125 -0.07061767578125
0.000806808471679688 0.0211219787597656 0.51837158203125 0.32440185546875
-0.0628890991210938 0.0214729309082031 0.0533447265625 0.77911376953125
-0.0368003845214844 -0.00978469848632813 -0.58538818359375 0.7293701171875
0.0066375732421875 -0.00326108932495117 -0.65301513671875 0.21942138671875
0.0318622589111328 0.0200557708740234 0.0789260864257813 0.0645675659179688
0.0210590362548828 0.00566482543945312 0.68853759765625 -0.32147216796875
-0.0163307189941406 0.00267696380615235 0.31121826171875 -0.85357666015625
-0.0308189392089844 0.00545883178710938 -0.45526123046875 -0.63629150390625
-0.0175065994262695 0.005462646484375 -0.6038818359375 -0.00659179687500009
0.0162572860717773 0.0105295181274414 -0.3779296875 0.273681640625
0.0265846252441406 0.00655174255371094 -0.041351318359375 0.280548095703125
0.00108528137207031 -0.00818681716918945 0.164321899414063 0.152740478515625
0.014495849609375 -0.0206813812255859 -0.091552734375 -0.147293090820313
0.0458602905273437 0.00951385498046875 0.154373168945313 -0.213592529296875
0.0519638061523438 0.014312744140625 0.4281005859375 -0.06463623046875
0.00916099548339844 0.0258197784423828 0.51898193359375 0.33892822265625
-0.0617637634277344 0.0277633666992188 0.0419311523437501 0.7899169921875
-0.0360946655273438 -0.0117988586425781 -0.5965576171875 0.72265625
0.0157575607299805 -0.00992965698242187 -0.64544677734375 0.21087646484375
0.047332763671875 0.0145492553710938 0.093841552734375 0.0627899169921875
0.0250015258789063 -0.00572013854980469 0.6885986328125 -0.33697509765625
-0.0170259475708008 0.00247001647949219 0.29583740234375 -0.859130859375
-0.0277080535888672 0.0124759674072266 -0.466796875 -0.628662109375
-0.00784492492675781 0.00859689712524414 -0.59979248046875 0.00476074218750009
0.0269260406494141 0.0104541778564453 -0.372711181640625 0.277679443359375
0.0329875946044922 -0.00163078308105469 -0.042327880859375 0.275863647460938
0.00312614440917969 -0.0143928527832031 0.164199829101563 0.145416259765625
0.0170574188232422 -0.0279254913330078 -0.090911865234375 -0.151351928710938
0.0542678833007813 0.00181961059570313 0.156600952148438 -0.218643188476563
0.0604972839355469 0.0153656005859375 0.430328369140625 -0.06903076171875
0.0187091827392578 0.033172607421875 0.527191162109375 0.33612060546875
-0.0602188110351563 0.03302001953125 0.0546264648437501 0.788818359375
-0.0352745056152344 -0.0137557983398437 -0.58087158203125 0.7298583984375
0.0273113250732422 -0.0200061798095703 -0.63262939453125 0.2135009765625
0.0651092529296875 0.00693893432617187 0.101539611816406 0.0615615844726563
0.0326423645019531 -0.0124263763427734 0.6973876953125 -0.3392333984375
-0.0174016952514648 -0.000745773315429689 0.30426025390625 -0.8624267578125
-0.0265522003173828 0.0162143707275391 -0.46142578125 -0.63427734375
0.000322341918945314 0.0115442276000977 -0.5994873046875 -0.000732421874999974
0.0374374389648438 0.00846099853515625 -0.373992919921875 0.270111083984375
0.0393753051757813 -0.00947189331054688 -0.0459747314453125 0.267654418945313
0.00423812866210938 -0.0216541290283203 0.165420532226563 0.137969970703125
0.0188045501708984 -0.0342655181884766 -0.0903778076171875 -0.159957885742187
0.0584869384765625 -0.0043792724609375 0.15484619140625 -0.228988647460938
0.0687675476074219 0.0132026672363281 0.43115234375 -0.084808349609375
0.0226974487304688 0.0372848510742188 0.54034423828125 0.3167724609375
-0.0572853088378906 0.0356521606445313 0.08905029296875 0.7802734375
-0.0307369232177734 -0.0176887512207031 -0.54547119140625 0.7413330078125
0.04046630859375 -0.0289192199707031 -0.6173095703125 0.22528076171875
0.0823440551757812 0.0030975341796875 0.100929260253906 0.0648193359375
0.0460433959960938 -0.0194282531738281 0.711181640625 -0.32476806640625
-0.0124378204345703 -0.00371360778808594 0.3377685546875 -0.85736083984375
-0.0243396759033203 0.0186805725097656 -0.439453125 -0.65362548828125
0.0040740966796875 0.0163373947143555 -0.597412109375 -0.0218505859375001
0.04144287109375 0.00809478759765625 -0.3779296875 0.2568359375
0.0440483093261719 -0.015411376953125 -0.054718017578125 0.25958251953125
0.00853538513183594 -0.0272293090820313 0.16363525390625 0.130767822265625
0.00411844253540039 0.00729084014892578 -0.113510131835938 -0.157379150390625
0.0131664276123047 0.0259075164794922 0.127059936523438 -0.253631591796875
0.00259590148925781 0.0214881896972656 0.402008056640625 -0.164581298828125
-0.0219554901123047 0.00960159301757813 0.5689697265625 0.1827392578125
-0.0545883178710938 0.000900268554687511 0.22552490234375 0.7003173828125
-0.0160560607910156 -0.023895263671875 -0.39703369140625 0.8001708984375
0.0329399108886719 -0.00166511535644531 -0.625 0.32293701171875
0.0502853393554688 0.0377883911132813 0.00292968750000001 0.0839385986328125
0.0525703430175781 0.0213546752929688 0.72943115234375 -0.18634033203125
0.0212135314941406 -0.0111904144287109 0.52117919921875 -0.78662109375
-0.0295639038085938 -0.028594970703125 -0.29840087890625 -0.75299072265625
-0.0523338317871094 -0.0082550048828125 -0.596923828125 -0.14617919921875
-0.0274562835693359 0.0175304412841797 -0.413970947265625 0.192626953125
-0.00446319580078125 0.0205764770507812 -0.072509765625 0.256683349609375
0.00395059585571289 0.00668096542358399 0.161163330078125 0.136703491210938
0.00507545471191406 0.00614690780639648 -0.10888671875 -0.14910888671875
0.0161895751953125 0.0257797241210938 0.134201049804688 -0.240570068359375
0.00858116149902344 0.0197238922119141 0.4107666015625 -0.13995361328125
-0.0204429626464844 0.00832176208496094 0.5552978515625 0.218597412109375
-0.0564537048339844 0.00426101684570311 0.1810302734375 0.7232666015625
-0.0213432312011719 -0.0184497833251953 -0.45452880859375 0.7847900390625
0.0178775787353516 0.00354576110839844 -0.6409912109375 0.29486083984375
0.0329818725585938 0.0353279113769531 0.01397705078125 0.07855224609375
0.0381507873535156 0.0223312377929688 0.71630859375 -0.2197265625
0.00875234603881836 -0.0051727294921875 0.46185302734375 -0.80926513671875
-0.0300445556640625 -0.0198497772216797 -0.34375 -0.725341796875
-0.0478439331054688 -0.00594711303710938 -0.60418701171875 -0.1092529296875
-0.0202121734619141 0.0157833099365234 -0.40814208984375 0.2159423828125
0.000751495361328124 0.0219230651855469 -0.0635528564453125 0.26654052734375
0.00122690200805664 0.00676345825195313 0.16009521484375 0.144638061523438
0.00763034820556641 0.000732421875 -0.104965209960938 -0.147354125976562
0.021087646484375 0.0228176116943359 0.140823364257812 -0.228164672851563
0.0174283981323242 0.0166006088256836 0.41607666015625 -0.114471435546875
-0.015380859375 0.00741004943847656 0.542327880859375 0.258880615234375
-0.0575828552246094 0.00822830200195313 0.128173828125 0.74652099609375
-0.0270004272460938 -0.0118179321289062 -0.5064697265625 0.7659912109375
0.00730609893798828 0.003204345703125 -0.6505126953125 0.26641845703125
0.0246181488037109 0.0323619842529297 0.0321502685546875 0.0741348266601563
0.0262432098388672 0.0188179016113281 0.70098876953125 -0.256591796875
-0.00167679786682129 -0.00292515754699707 0.39947509765625 -0.82568359375
-0.0340690612792969 -0.0116024017333984 -0.39300537109375 -0.68890380859375
-0.039398193359375 -0.00423431396484375 -0.605712890625 -0.0684814453125
-0.00927925109863281 0.0160322189331055 -0.394012451171875 0.242523193359375
0.00821304321289063 0.0190811157226563 -0.0542449951171875 0.2742919921875
0.00288319587707519 0.00302577018737793 0.162551879882812 0.149993896484375
0.0099029541015625 -0.00379371643066406 -0.099090576171875 -0.142745971679688
0.0285243988037109 0.0197887420654297 0.14764404296875 -0.218551635742188
0.0278835296630859 0.0137367248535156 0.420379638671875 -0.08941650390625
-0.00772380828857422 0.011805534362793 0.528594970703125 0.298004150390625
-0.059661865234375 0.0139312744140625 0.0841064453125001 0.76495361328125
-0.0324363708496094 -0.00926399230957032 -0.55487060546875 0.7445068359375
0.00334835052490234 0.00153589248657227 -0.65380859375 0.239013671875
0.0252799987792969 0.0278415679931641 0.0573654174804687 0.0689659118652344
0.0221843719482422 0.0135250091552734 0.6925048828125 -0.29315185546875
-0.00961971282958984 0.00122833251953125 0.3446044921875 -0.841064453125
-0.0324592590332031 -0.00240135192871094 -0.429931640625 -0.6575927734375
-0.0290260314941406 0.00267791748046876 -0.604248046875 -0.0326538085937499
0.00458812713623047 0.0137414932250977 -0.382293701171875 0.26080322265625
0.0158777236938477 0.0144052505493164 -0.04779052734375 0.279144287109375
0.00121021270751953 -0.00116419792175293 0.16357421875 0.151962280273437
0.0125865936279297 -0.0126953125 -0.0952911376953125 -0.143783569335938
0.0391769409179688 0.0151634216308594 0.1533203125 -0.213775634765625
0.0400390625 0.0148811340332031 0.423736572265625 -0.07281494140625
-0.000505447387695311 0.01873779296875 0.517120361328125 0.3232421875
-0.0592384338378906 0.0220298767089844 0.0520629882812501 0.77691650390625
-0.0372047424316406 -0.0084381103515625 -0.5858154296875 0.72662353515625
0.00570297241210938 -0.00366878509521484 -0.64971923828125 0.2166748046875
0.0302658081054688 0.0201797485351563 0.0784149169921875 0.064453125
0.0194129943847656 0.0057830810546875 0.6849365234375 -0.3173828125
-0.015380859375 0.00345802307128906 0.31060791015625 -0.8486328125
-0.0302848815917969 0.007171630859375 -0.45477294921875 -0.6343994140625
-0.0185279846191406 0.00601577758789063 -0.60205078125 -0.00628662109374999
0.0165596008300781 0.0113668441772461 -0.3731689453125 0.27215576171875
0.0251998901367188 0.00712013244628906 -0.0427703857421875 0.279052734375
0.00254726409912109 -0.0074462890625 0.163101196289063 0.1494140625
0.0146865844726562 -0.0215377807617187 -0.0913543701171875 -0.145965576171875
0.0456733703613281 0.0081939697265625 0.156143188476562 -0.213546752929687
0.0511970520019531 0.013275146484375 0.42724609375 -0.064910888671875
0.00893211364746094 0.0253677368164063 0.516357421875 0.339447021484375
-0.0610008239746094 0.0275230407714844 0.0416870117187501 0.78619384765625
-0.0358085632324219 -0.00986099243164063 -0.59417724609375 0.72021484375
0.0139198303222656 -0.0117511749267578 -0.6422119140625 0.21026611328125
0.0458831787109375 0.0138092041015625 0.0935897827148438 0.0626373291015625
0.0254840850830078 -0.00363540649414063 0.68505859375 -0.3333740234375
-0.0149450302124023 0.00214385986328125 0.29302978515625 -0.85498046875
-0.0283756256103516 0.0125083923339844 -0.46392822265625 -0.62506103515625
-0.00746631622314453 0.00912857055664063 -0.599609375 0.00341796875000004
0.0280838012695313 0.0094146728515625 -0.372528076171875 0.27642822265625
0.0321331024169922 -0.003021240234375 -0.043365478515625 0.27520751953125
0.00176429748535156 -0.01611328125 0.165390014648438 0.146026611328125
0.0175762176513672 -0.0278224945068359 -0.0915374755859375 -0.151107788085938
0.0529937744140625 0.00186920166015625 0.154754638671875 -0.218902587890625
0.061004638671875 0.0134468078613281 0.4293212890625 -0.0687255859375
0.0172176361083984 0.0326709747314453 0.5244140625 0.336273193359375
-0.058868408203125 0.0335884094238281 0.05426025390625 0.78851318359375
-0.0345821380615234 -0.0128269195556641 -0.5791015625 0.72711181640625
0.0272922515869141 -0.0200099945068359 -0.630859375 0.2108154296875
0.064361572265625 0.008087158203125 0.100257873535156 0.0625076293945313
0.0340728759765625 -0.0124130249023438 0.6934814453125 -0.33587646484375
-0.0154533386230469 0.000635147094726566 0.3048095703125 -0.85809326171875
-0.0266265869140625 0.0169677734375 -0.46038818359375 -0.6328125
0.000234603881835936 0.0111150741577148 -0.5963134765625 -0.000976562500000056
0.0354576110839844 0.00774002075195312 -0.37213134765625 0.270111083984375
0.0400276184082031 -0.00904083251953125 -0.0464935302734375 0.267684936523438
0.00445365905761719 -0.0221061706542969 0.16436767578125 0.137237548828125
0.0181331634521484 -0.0320625305175781 -0.0894012451171875 -0.158203125
0.0572662353515625 -0.00418472290039063 0.15399169921875 -0.228469848632812
0.0667915344238281 0.01263427734375 0.42816162109375 -0.08551025390625
0.0235595703125 0.0358848571777344 0.539764404296875 0.316925048828125
-0.0560836791992187 0.03680419921875 0.0883789062500001 0.78253173828125
-0.0312385559082031 -0.0175800323486328 -0.54205322265625 0.7381591796875
0.0403099060058594 -0.0276336669921875 -0.61737060546875 0.2244873046875
0.0816574096679688 0.00391387939453125 0.0991897583007813 0.0637893676757813
0.0449028015136719 -0.0174369812011719 0.70721435546875 -0.3192138671875
-0.0128889083862305 -0.00467109680175781 0.33770751953125 -0.8533935546875
-0.0245990753173828 0.0185527801513672 -0.43505859375 -0.651123046875
0.00451946258544922 0.0162086486816406 -0.5960693359375 -0.0206909179687501
0.0405769348144531 0.00934982299804688 -0.37762451171875 0.25628662109375
0.0435256958007813 -0.0141639709472656 -0.053741455078125 0.261444091796875
0.00730705261230469 -0.0279655456542969 0.161849975585938 0.129714965820313
0.00536584854125976 0.00695657730102539 -0.1131591796875 -0.158111572265625
0.0145111083984375 0.0249977111816406 0.127426147460938 -0.255172729492188
0.00268745422363281 0.0203227996826172 0.402008056640625 -0.166259765625
-0.0227298736572266 0.00889015197753907 0.5684814453125 0.18365478515625
-0.0544548034667969 0.00239944458007814 0.2252197265625 0.7003173828125
-0.0160198211669922 -0.0232944488525391 -0.400634765625 0.799072265625
0.0332050323486328 -0.00300025939941406 -0.62451171875 0.317626953125
0.0489387512207031 0.0383644104003906 0.00206756591796876 0.0848007202148437
0.0537376403808594 0.0216293334960938 0.73040771484375 -0.18389892578125
0.0205650329589844 -0.0106830596923828 0.517578125 -0.7841796875
-0.0281715393066406 -0.0277156829833984 -0.29913330078125 -0.75079345703125
-0.0532493591308594 -0.0102462768554688 -0.59375 -0.14801025390625
-0.0277519226074219 0.0179519653320313 -0.414276123046875 0.194854736328125
-0.00457572937011719 0.0214748382568359 -0.07177734375 0.256393432617187
0.00332450866699219 0.00716257095336914 0.160934448242187 0.136734008789063
0.00691366195678711 0.0063786506652832 -0.107894897460937 -0.151031494140625
0.0161724090576172 0.0229053497314453 0.1336669921875 -0.240127563476562
0.00707530975341797 0.0172595977783203 0.40887451171875 -0.13995361328125
-0.0221328735351563 0.00615882873535157 0.554840087890625 0.21832275390625
-0.054229736328125 0.00524902343749999 0.1802978515625 0.72344970703125
-0.0214653015136719 -0.0163745880126953 -0.45416259765625 0.7860107421875
0.0193061828613281 0.00396728515625 -0.63946533203125 0.293701171875
0.0322837829589844 0.0361671447753906 0.0145721435546875 0.07818603515625
0.0371360778808594 0.020263671875 0.713623046875 -0.216796875
0.00993537902832031 -0.00707149505615234 0.4627685546875 -0.80609130859375
-0.0302295684814453 -0.0215873718261719 -0.344482421875 -0.72412109375
-0.0500030517578125 -0.00605392456054688 -0.5999755859375 -0.109375
-0.0190582275390625 0.0165367126464844 -0.407073974609375 0.219268798828125
-0.000272750854492186 0.02294921875 -0.065704345703125 0.26788330078125
0.00309467315673828 0.0059971809387207 0.159500122070313 0.1448974609375
0.00538063049316406 0.0010223388671875 -0.104278564453125 -0.147186279296875
0.0217304229736328 0.0243663787841797 0.141357421875 -0.22723388671875
0.0169858932495117 0.0168647766113281 0.414642333984375 -0.11407470703125
-0.016057014465332 0.00741195678710937 0.539764404296875 0.261474609375
-0.0558280944824219 0.00933456420898438 0.12890625 0.74407958984375
-0.0271644592285156 -0.0113792419433594 -0.50921630859375 0.76104736328125
0.00732946395874023 0.00529336929321289 -0.646484375 0.26409912109375
0.0240879058837891 0.0307807922363281 0.0329513549804688 0.0758209228515625
0.02703857421875 0.0189208984375 0.6998291015625 -0.25299072265625
0.000184297561645508 -0.00285649299621582 0.3978271484375 -0.82080078125
-0.0329666137695313 -0.0114669799804687 -0.392822265625 -0.68768310546875
-0.0416946411132812 -0.00228118896484374 -0.60296630859375 -0.0655517578125
-0.00979328155517578 0.0158519744873047 -0.39459228515625 0.2413330078125
0.00718307495117187 0.0189552307128906 -0.05572509765625 0.273147583007813
0.00224828720092773 0.00362253189086914 0.16204833984375 0.1500244140625
0.0089406967163086 -0.00486087799072266 -0.0995941162109375 -0.143325805664063
0.0294666290283203 0.0208911895751953 0.14837646484375 -0.220184326171875
0.0273857116699219 0.0138587951660156 0.420318603515625 -0.089080810546875
-0.00894069671630859 0.0103235244750977 0.525848388671875 0.29736328125
-0.0603561401367188 0.01507568359375 0.08160400390625 0.76422119140625
-0.0304889678955078 -0.0114250183105469 -0.5552978515625 0.74310302734375
0.00442886352539063 0.00279903411865234 -0.6529541015625 0.2354736328125
0.0243721008300781 0.0255336761474609 0.0581588745117187 0.0703964233398437
0.0223922729492188 0.0145473480224609 0.68780517578125 -0.2926025390625
-0.00820064544677734 0.0019073486328125 0.3438720703125 -0.83770751953125
-0.0328598022460938 -0.00188255310058594 -0.43017578125 -0.6591796875
-0.0289897918701172 0.00238800048828126 -0.60113525390625 -0.0306396484374999
0.00472068786621094 0.0146627426147461 -0.382659912109375 0.26239013671875
0.0180702209472656 0.0138053894042969 -0.04656982421875 0.279769897460938
0.00104939937591553 -0.00187921524047852 0.164871215820313 0.150863647460938
0.0117921829223633 -0.0142173767089844 -0.09661865234375 -0.143814086914062
0.0396842956542969 0.01617431640625 0.15081787109375 -0.214202880859375
0.039459228515625 0.0138359069824219 0.42327880859375 -0.07080078125
-0.000757217407226564 0.0168657302856445 0.51702880859375 0.32049560546875
-0.0595016479492188 0.0213584899902344 0.05133056640625 0.77557373046875
-0.0363082885742188 -0.00683212280273438 -0.583984375 0.72637939453125
0.00596237182617188 -0.00279140472412109 -0.64764404296875 0.2181396484375
0.0309619903564453 0.0203876495361328 0.0766830444335938 0.0645370483398438
0.0220069885253906 0.00631332397460937 0.68316650390625 -0.3160400390625
-0.0127735137939453 0.00553798675537109 0.30999755859375 -0.84613037109375
-0.0312995910644531 0.00758743286132813 -0.45330810546875 -0.63433837890625
-0.0180950164794922 0.00531768798828125 -0.599365234375 -0.00659179687500007
0.0166559219360352 0.0111579895019531 -0.372222900390625 0.272216796875
0.0241355895996094 0.00664138793945312 -0.0433502197265625 0.280685424804688
0.000949859619140626 -0.00946140289306641 0.16290283203125 0.15057373046875
0.0151138305664063 -0.0218944549560547 -0.0934906005859375 -0.147689819335938
0.0477294921875 0.008758544921875 0.153305053710938 -0.21270751953125
0.051422119140625 0.0146713256835937 0.425811767578125 -0.063873291015625
0.00760078430175781 0.0237026214599609 0.514678955078125 0.33831787109375
-0.0601463317871094 0.0291252136230469 0.04241943359375 0.78778076171875
-0.0347938537597656 -0.00867462158203124 -0.5938720703125 0.719970703125
0.0136489868164062 -0.0112876892089844 -0.64312744140625 0.20721435546875
0.0441436767578125 0.0154953002929688 0.0932693481445313 0.063262939453125
0.0255756378173828 -0.0036163330078125 0.68377685546875 -0.32891845703125
-0.0167026519775391 0.00281047821044922 0.2957763671875 -0.85089111328125
-0.0289554595947266 0.0121517181396484 -0.4642333984375 -0.6258544921875
-0.00814294815063476 0.00869607925415039 -0.59686279296875 0.00305175781250006
0.0293121337890625 0.00786209106445313 -0.37127685546875 0.2757568359375
0.0337085723876953 -0.0016937255859375 -0.0415496826171875 0.276077270507813
0.00217151641845703 -0.0149869918823242 0.162933349609375 0.1456298828125
0.0168285369873047 -0.0272846221923828 -0.0913543701171875 -0.151702880859375
0.0538368225097656 0.000732421875 0.153671264648438 -0.217971801757813
0.0612983703613281 0.0133171081542969 0.428375244140625 -0.069427490234375
0.0151939392089844 0.0327072143554688 0.52459716796875 0.336273193359375
-0.05889892578125 0.0350379943847656 0.05401611328125 0.78765869140625
-0.032806396484375 -0.0120296478271484 -0.579833984375 0.7252197265625
0.0267772674560547 -0.0208301544189453 -0.6302490234375 0.21209716796875
0.0628509521484375 0.00732803344726562 0.0997314453125 0.0622940063476563
0.0334625244140625 -0.0114402770996094 0.69134521484375 -0.3304443359375
-0.015629768371582 0.000820159912109374 0.30413818359375 -0.85614013671875
-0.027374267578125 0.0163822174072266 -0.4576416015625 -0.6307373046875
-0.00101280212402344 0.0128278732299805 -0.5958251953125 -0.000915527343749888
0.0367050170898437 0.009002685546875 -0.37213134765625 0.2711181640625
0.0392608642578125 -0.00868606567382813 -0.0468292236328125 0.26947021484375
0.00341224670410156 -0.0226211547851563 0.16363525390625 0.138473510742188
0.0172195434570313 -0.0340118408203125 -0.0897369384765625 -0.157196044921875
0.0574607849121094 -0.00436019897460937 0.1533203125 -0.229583740234375
0.0661392211914063 0.012420654296875 0.427459716796875 -0.083831787109375
0.0204658508300781 0.0356979370117188 0.53857421875 0.317962646484375
-0.0571823120117188 0.0383033752441406 0.089599609375 0.78106689453125
-0.0299549102783203 -0.0164775848388672 -0.54058837890625 0.7388916015625
0.0406341552734375 -0.0286521911621094 -0.616943359375 0.22479248046875
0.080108642578125 0.00351715087890625 0.0995635986328125 0.0631484985351563
0.0446052551269531 -0.0178794860839844 0.70526123046875 -0.31793212890625
-0.011967658996582 -0.0020284652709961 0.33892822265625 -0.84979248046875
-0.0261039733886719 0.0175800323486328 -0.4364013671875 -0.65045166015625
0.00445175170898438 0.0184860229492188 -0.5946044921875 -0.01983642578125
0.0392341613769531 0.00923919677734375 -0.378692626953125 0.2557373046875
0.0437889099121094 -0.0136528015136719 -0.054229736328125 0.259506225585938
0.00664138793945313 -0.0266571044921875 0.16156005859375 0.13006591796875
0.00527524948120117 0.00556039810180664 -0.113922119140625 -0.158126831054687
0.0129909515380859 0.0234813690185547 0.127166748046875 -0.2525634765625
0.00290298461914063 0.0218677520751953 0.404052734375 -0.164581298828125
-0.0240859985351562 0.00885581970214844 0.5677490234375 0.185546875
-0.0543174743652344 0.00383377075195312 0.22412109375 0.70330810546875
-0.0153732299804688 -0.0215282440185547 -0.40167236328125 0.80169677734375
0.0323505401611328 -0.00357818603515625 -0.6253662109375 0.3162841796875
0.0493621826171875 0.0374259948730469 0.0010528564453125 0.0831527709960938
0.0535507202148437 0.0225982666015625 0.72821044921875 -0.17999267578125
0.0219650268554687 -0.00971031188964844 0.5191650390625 -0.781982421875
-0.0261039733886719 -0.0271015167236328 -0.2965087890625 -0.75189208984375
-0.0530929565429687 -0.00884246826171874 -0.59466552734375 -0.146728515625
-0.02728271484375 0.0184268951416016 -0.415374755859375 0.193603515625
-0.00526046752929688 0.0228347778320313 -0.07421875 0.257553100585938
0.00439691543579102 0.00710821151733398 0.16131591796875 0.136947631835938
0.00607013702392578 0.00503063201904297 -0.108718872070313 -0.151519775390625
0.0154323577880859 0.0254745483398438 0.135467529296875 -0.239608764648438
0.0080413818359375 0.0177707672119141 0.409881591796875 -0.14007568359375
-0.0215702056884766 0.00732231140136719 0.55438232421875 0.22052001953125
-0.0535392761230469 0.00549316406250001 0.177490234375 0.7259521484375
-0.0209178924560547 -0.0145759582519531 -0.45654296875 0.786376953125
0.017033576965332 0.00304508209228516 -0.640625 0.29278564453125
0.0319633483886719 0.0353469848632813 0.0124435424804688 0.0805740356445313
0.0370445251464844 0.0228233337402344 0.71405029296875 -0.21575927734375
0.00961112976074219 -0.00522518157958984 0.462646484375 -0.8056640625
-0.0315895080566406 -0.0201625823974609 -0.34417724609375 -0.72296142578125
-0.0485801696777344 -0.006378173828125 -0.6009521484375 -0.108154296875
-0.0210704803466797 0.0170917510986328 -0.4071044921875 0.21759033203125
-0.000598907470703124 0.0214290618896484 -0.064605712890625 0.268035888671875
0.00173044204711914 0.00692415237426758 0.160003662109375 0.1451416015625
0.00739669799804687 0.00125503540039062 -0.104690551757813 -0.147689819335938
0.0209293365478516 0.0197982788085938 0.140838623046875 -0.230453491210937
0.015040397644043 0.0150699615478516 0.414642333984375 -0.1151123046875
-0.0160579681396484 0.00757980346679688 0.539459228515625 0.260528564453125
-0.0575065612792969 0.0105018615722656 0.1278076171875 0.74749755859375
-0.0254840850830078 -0.0109748840332031 -0.5106201171875 0.762939453125
0.0077815055847168 0.0043025016784668 -0.651611328125 0.26617431640625
0.0236282348632813 0.0328445434570313 0.03314208984375 0.0750732421875
0.0268669128417969 0.0189762115478516 0.697021484375 -0.25262451171875
0.000330567359924317 -0.00151216983795166 0.399658203125 -0.8209228515625
-0.0336360931396484 -0.0111351013183594 -0.39166259765625 -0.68890380859375
-0.0413551330566406 -0.00300216674804688 -0.60137939453125 -0.06610107421875
-0.00829696655273438 0.0161342620849609 -0.394287109375 0.240509033203125
0.008880615234375 0.01922607421875 -0.0540771484375 0.2764892578125
0.00251102447509766 0.00445175170898437 0.161422729492188 0.150177001953125
0.00953292846679688 -0.00599098205566406 -0.10205078125 -0.143630981445312
0.0284671783447266 0.0195121765136719 0.146820068359375 -0.220809936523438
0.0268096923828125 0.0130290985107422 0.419189453125 -0.089263916015625
-0.00827217102050781 0.00922203063964844 0.525848388671875 0.29974365234375
-0.05755615234375 0.0155105590820313 0.0830078125 0.7669677734375
-0.0298061370849609 -0.00731849670410156 -0.55609130859375 0.7454833984375
0.0029289722442627 -0.000916004180908203 -0.65472412109375 0.2349853515625
0.0232696533203125 0.0257053375244141 0.0568504333496094 0.0700912475585938
0.0197029113769531 0.0114650726318359 0.689697265625 -0.28656005859375
-0.00910186767578125 0.00214290618896484 0.34576416015625 -0.83795166015625
-0.0330314636230469 -0.00337600708007812 -0.42779541015625 -0.6561279296875
-0.0294513702392578 0.00127029418945313 -0.60205078125 -0.0318603515625
0.00403118133544922 0.0145788192749023 -0.381622314453125 0.260009765625
0.0173768997192383 0.0116748809814453 -0.04852294921875 0.279678344726563
0.000624775886535644 -0.0017096996307373 0.161712646484375 0.150955200195313
0.011322021484375 -0.0124492645263672 -0.0982818603515625 -0.143280029296875
0.0382347106933594 0.0136451721191406 0.151336669921875 -0.214218139648437
0.0386123657226563 0.0136947631835938 0.424560546875 -0.07275390625
-0.000999450683593749 0.0165977478027344 0.517486572265625 0.32391357421875
-0.0605545043945313 0.0229263305664062 0.05279541015625 0.77777099609375
-0.0340995788574219 -0.00726890563964843 -0.58563232421875 0.72601318359375
0.00510311126708984 -0.00275564193725586 -0.64990234375 0.21636962890625
0.0294952392578125 0.0185337066650391 0.0770263671875 0.0648574829101563
0.0214462280273438 0.0068206787109375 0.682373046875 -0.3121337890625
-0.0135822296142578 0.00415897369384766 0.31072998046875 -0.84381103515625
-0.0314655303955078 0.00595664978027344 -0.45257568359375 -0.63427734375
-0.0180454254150391 0.00487709045410156 -0.5972900390625 -0.0072021484374999
0.0180854797363281 0.0120525360107422 -0.370574951171875 0.27130126953125
0.0252323150634766 0.00621795654296875 -0.0433197021484375 0.27947998046875
-0.000312328338623046 -0.00795364379882813 0.163436889648438 0.1505126953125
0.0143203735351563 -0.0209712982177734 -0.091522216796875 -0.1488037109375
0.047088623046875 0.00687789916992188 0.155136108398438 -0.2147216796875
0.0498733520507813 0.0144805908203125 0.42633056640625 -0.0650634765625
0.00746726989746094 0.0240554809570313 0.516387939453125 0.34014892578125
-0.0607414245605469 0.0278091430664063 0.041259765625 0.7886962890625
-0.0343742370605469 -0.00955772399902343 -0.5933837890625 0.71673583984375
0.0128459930419922 -0.0110492706298828 -0.6414794921875 0.20709228515625
0.0442733764648438 0.0148468017578125 0.0932388305664063 0.0640106201171875
0.0249824523925781 -0.00229644775390625 0.68231201171875 -0.32763671875
-0.0155849456787109 0.003753662109375 0.2955322265625 -0.85015869140625
-0.0293331146240234 0.0127696990966797 -0.46441650390625 -0.62481689453125
-0.00836658477783203 0.00994110107421875 -0.59521484375 0.00250244140625013
0.0284347534179687 0.00888252258300781 -0.37042236328125 0.2774658203125
0.0324916839599609 -0.00129890441894531 -0.0440216064453125 0.276504516601563
0.000204086303710937 -0.0154953002929687 0.163894653320313 0.144882202148438
0.0162849426269531 -0.0282573699951172 -0.0919647216796875 -0.151870727539063
0.0545120239257813 0.00180435180664063 0.154632568359375 -0.219558715820313
0.0601043701171875 0.0126304626464844 0.428955078125 -0.07000732421875
0.0152626037597656 0.0312156677246094 0.52325439453125 0.3360595703125
-0.0578422546386719 0.0353927612304688 0.0546264648437499 0.78887939453125
-0.0327434539794922 -0.0113544464111328 -0.58197021484375 0.72711181640625
0.0266323089599609 -0.0200061798095703 -0.6304931640625 0.20904541015625
0.0616111755371094 0.00870513916015625 0.099151611328125 0.0624771118164063
0.0323028564453125 -0.0112056732177734 0.6915283203125 -0.330078125
-0.0153818130493164 0.00283145904541016 0.30718994140625 -0.85382080078125
-0.0264987945556641 0.0174484252929687 -0.459228515625 -0.6285400390625
0.000744819641113281 0.011937141418457 -0.5955810546875 -0.000976562499999903
0.0367698669433594 0.008575439453125 -0.371856689453125 0.271209716796875
0.0390434265136719 -0.00824356079101563 -0.048187255859375 0.269180297851563
0.00337409973144531 -0.0221004486083984 0.16339111328125 0.1375732421875
0.0183029174804688 -0.0333938598632813 -0.089813232421875 -0.159149169921875
0.0580558776855469 -0.00626373291015625 0.152374267578125 -0.231201171875
0.0667953491210938 0.0125923156738281 0.429412841796875 -0.085601806640625
0.0213088989257813 0.0342350006103516 0.538116455078125 0.317138671875
-0.0543975830078125 0.0380477905273437 0.09124755859375 0.78350830078125
-0.0275821685791016 -0.0148181915283203 -0.54327392578125 0.7384033203125
0.0395698547363281 -0.0282211303710938 -0.61883544921875 0.2222900390625
0.0814132690429687 0.0037384033203125 0.0970077514648438 0.0659255981445313
0.0448036193847656 -0.0181846618652344 0.70538330078125 -0.31414794921875
-0.0109663009643555 -0.00231647491455078 0.33984375 -0.8477783203125
-0.0243549346923828 0.0183677673339844 -0.43548583984375 -0.650634765625
0.00511741638183594 0.0178737640380859 -0.59417724609375 -0.02166748046875
0.0415840148925781 0.00928115844726563 -0.377471923828125 0.256866455078125
0.0438423156738281 -0.0144386291503906 -0.0549163818359375 0.261337280273438
0.0061187744140625 -0.0277900695800781 0.162109375 0.130142211914063
0.00406932830810547 0.00486564636230469 -0.112762451171875 -0.158401489257813
0.0116729736328125 0.0239696502685547 0.126296997070313 -0.255157470703125
0.00220680236816406 0.0196113586425781 0.402618408203125 -0.166290283203125
-0.0261974334716797 0.00769233703613281 0.568115234375 0.1845703125
-0.0526466369628906 0.00262832641601562 0.225830078125 0.70458984375
-0.0133609771728516 -0.0211505889892578 -0.40252685546875 0.802978515625
0.0324134826660156 -0.00230026245117188 -0.62713623046875 0.31640625
0.0471725463867188 0.0368194580078125 0.000411987304687506 0.083831787109375
0.0519027709960938 0.0246925354003906 0.72821044921875 -0.1785888671875
0.0219974517822266 -0.0111713409423828 0.52435302734375 -0.7813720703125
-0.0292835235595703 -0.026092529296875 -0.2974853515625 -0.75299072265625
-0.0525970458984375 -0.00899887084960937 -0.59521484375 -0.14739990234375
-0.0278549194335938 0.0175056457519531 -0.4150390625 0.19476318359375
-0.00438308715820312 0.0227985382080078 -0.0726318359375 0.259506225585937
0.00176477432250977 0.00531911849975586 0.160186767578125 0.136810302734375
0.00487852096557617 0.00483942031860352 -0.112762451171875 -0.151641845703125
0.0159244537353516 0.0243396759033203 0.133529663085938 -0.24249267578125
0.00575923919677734 0.0175056457519531 0.40936279296875 -0.141448974609375
-0.0236663818359375 0.00527191162109375 0.553802490234375 0.222076416015625
-0.0539817810058594 0.00583648681640625 0.1806640625 0.7274169921875
-0.0170431137084961 -0.0145196914672852 -0.45751953125 0.7874755859375
0.0170660018920898 0.00381278991699219 -0.6434326171875 0.291748046875
0.0321617126464844 0.0356369018554688 0.0137557983398438 0.0808868408203125
0.036834716796875 0.0218086242675781 0.71478271484375 -0.2132568359375
0.0110883712768555 -0.00374031066894531 0.46392822265625 -0.80377197265625
-0.0326709747314453 -0.0188941955566406 -0.343994140625 -0.72454833984375
-0.0483055114746094 -0.00582504272460937 -0.60211181640625 -0.111328125
-0.0201473236083984 0.0178298950195312 -0.40777587890625 0.217193603515625
-0.00119590759277344 0.0212211608886719 -0.066192626953125 0.271255493164063
0.000867843627929688 0.00669765472412109 0.158981323242188 0.144790649414063
0.00636386871337891 0.00163984298706055 -0.105560302734375 -0.147216796875
0.0214824676513672 0.0219879150390625 0.140838623046875 -0.230880737304688
0.0146045684814453 0.0158653259277344 0.414886474609375 -0.115875244140625
-0.0176181793212891 0.00610733032226562 0.53997802734375 0.2633056640625
-0.0556144714355469 0.0115318298339844 0.1290283203125 0.75115966796875
-0.0239200592041016 -0.0100555419921875 -0.51068115234375 0.76593017578125
0.00730323791503906 0.00405073165893555 -0.65435791015625 0.263427734375
0.0224628448486328 0.0316658020019531 0.0310897827148438 0.0738754272460938
0.0282974243164063 0.0191230773925781 0.701904296875 -0.2476806640625
0.0012127161026001 -0.00126540660858154 0.39996337890625 -0.82012939453125
-0.0334873199462891 -0.0116233825683594 -0.3909912109375 -0.689208984375
-0.0413169860839844 -0.0013580322265625 -0.6026611328125 -0.07000732421875
-0.00791645050048828 0.0167427062988281 -0.395355224609375 0.24322509765625
0.00789642333984375 0.0196495056152344 -0.05438232421875 0.277664184570313
-0.000332117080688477 0.00263571739196777 0.162750244140625 0.1517333984375
0.00941371917724609 -0.0062713623046875 -0.100509643554687 -0.146255493164063
0.0295524597167969 0.0192775726318359 0.146987915039063 -0.221786499023438
0.0255622863769531 0.0146350860595703 0.421112060546875 -0.088836669921875
-0.0100336074829102 0.0101232528686523 0.525970458984375 0.301544189453125
-0.0576171875 0.0166473388671875 0.0819091796875 0.7708740234375
-0.0282802581787109 -0.00590324401855468 -0.55706787109375 0.745361328125
0.00176239013671875 0.00338625907897949 -0.656005859375 0.23406982421875
0.0220069885253906 0.0265235900878906 0.0556793212890625 0.070892333984375
0.0233039855957031 0.0130176544189453 0.69134521484375 -0.28753662109375
-0.00694417953491211 0.00159597396850586 0.345458984375 -0.83465576171875
-0.0342292785644531 -0.00187873840332031 -0.429443359375 -0.65838623046875
-0.0291481018066406 0.00263786315917968 -0.6024169921875 -0.0313110351562501
0.00351715087890625 0.0141916275024414 -0.38214111328125 0.261749267578125
0.0163984298706055 0.0132007598876953 -0.0487060546875 0.2813720703125
-0.000283479690551758 -0.00248312950134277 0.163818359375 0.1514892578125
0.0125017166137695 -0.0133285522460938 -0.0973663330078125 -0.147216796875
0.0390892028808594 0.0155448913574219 0.153915405273438 -0.215072631835938
0.0369796752929688 0.0109367370605469 0.42352294921875 -0.07379150390625
-0.00210666656494141 0.017333984375 0.51849365234375 0.32537841796875
-0.0599708557128906 0.0230484008789063 0.0512695312500001 0.78302001953125
-0.0332088470458984 -0.00552940368652343 -0.58868408203125 0.7283935546875
0.00211000442504883 -0.00513219833374024 -0.65191650390625 0.21429443359375
0.0282535552978516 0.0206069946289063 0.0757675170898438 0.0682144165039063
0.0195331573486328 0.00472068786621094 0.683349609375 -0.3089599609375
-0.0125036239624023 0.00594139099121094 0.3123779296875 -0.84344482421875
-0.0316352844238281 0.00859260559082031 -0.4534912109375 -0.63751220703125
-0.0198478698730469 0.00654411315917969 -0.59765625 -0.00805664062500007
0.0183067321777344 0.0118446350097656 -0.373199462890625 0.27435302734375
0.0244579315185547 0.00605583190917969 -0.0445556640625 0.281524658203125
0.000123023986816407 -0.00800418853759766 0.162857055664063 0.151641845703125
0.0137062072753906 -0.0206413269042969 -0.0938720703125 -0.148208618164063
0.046295166015625 0.0086822509765625 0.153793334960938 -0.214141845703125
0.0502815246582031 0.0141143798828125 0.427520751953125 -0.0660400390625
0.00658607482910156 0.0246524810791016 0.515716552734375 0.341156005859375
-0.0577354431152344 0.0291748046875 0.0408935546875001 0.79144287109375
-0.0326156616210938 -0.00840950012207031 -0.59686279296875 0.72149658203125
0.0140752792358398 -0.0107460021972656 -0.6436767578125 0.2039794921875
0.0441551208496094 0.0142288208007812 0.090667724609375 0.06280517578125
0.0251827239990234 -0.00269317626953125 0.68463134765625 -0.32696533203125
-0.0151128768920898 0.0040130615234375 0.29827880859375 -0.85028076171875
-0.0296974182128906 0.0132579803466797 -0.46441650390625 -0.62646484375
-0.00813388824462891 0.00937557220458985 -0.59765625 0.00231933593750009
0.0284900665283203 0.0102519989013672 -0.370880126953125 0.2772216796875
0.0335826873779297 -0.000978469848632812 -0.0440826416015625 0.278640747070313
0.00102996826171875 -0.0161781311035156 0.16351318359375 0.145675659179687
0.01702880859375 -0.0282382965087891 -0.093048095703125 -0.153793334960938
0.0545654296875 0.00139236450195313 0.156097412109375 -0.21978759765625
0.0598678588867188 0.0128211975097656 0.43048095703125 -0.069061279296875
0.0134658813476563 0.0296726226806641 0.523834228515625 0.3397216796875
-0.0577583312988281 0.0362586975097656 0.05316162109375 0.79364013671875
-0.0306224822998047 -0.0115623474121094 -0.58221435546875 0.7269287109375
0.0251808166503906 -0.0211086273193359 -0.633544921875 0.20855712890625
0.061614990234375 0.00786590576171875 0.0981597900390625 0.0639266967773437
0.0339622497558594 -0.00996971130371094 0.693359375 -0.3255615234375
-0.0140800476074219 0.00333976745605469 0.30645751953125 -0.85260009765625
-0.0270271301269531 0.0174541473388672 -0.460205078125 -0.6328125
-0.00032806396484375 0.013671875 -0.59588623046875 -0.00256347656250004
0.0366058349609375 0.00819778442382813 -0.372100830078125 0.27197265625
0.0388870239257813 -0.00846099853515625 -0.0469512939453125 0.27197265625
0.00370597839355469 -0.0234851837158203 0.16363525390625 0.138153076171875
0.0183734893798828 -0.0343513488769531 -0.0912933349609375 -0.159835815429687
0.0580711364746094 -0.00670623779296875 0.153533935546875 -0.231369018554688
0.0659370422363281 0.0115432739257813 0.430572509765625 -0.088226318359375
0.0216598510742188 0.0356712341308594 0.538787841796875 0.31890869140625
-0.0542106628417969 0.0399360656738281 0.08966064453125 0.7862548828125
-0.0273418426513672 -0.0158023834228516 -0.545654296875 0.7398681640625
0.0397529602050781 -0.0293121337890625 -0.61944580078125 0.22198486328125
0.0807342529296875 0.0053863525390625 0.0979156494140625 0.0676040649414063
0.0435142517089844 -0.016815185546875 0.705810546875 -0.3104248046875
-0.0110769271850586 -0.00227165222167969 0.3397216796875 -0.8468017578125
-0.0250072479248047 0.0199508666992188 -0.43756103515625 -0.64971923828125
0.00457668304443359 0.0175046920776367 -0.5950927734375 -0.02154541015625
0.0415840148925781 0.0095062255859375 -0.37774658203125 0.25640869140625
0.04449462890625 -0.0150604248046875 -0.053680419921875 0.2640380859375
0.00620460510253906 -0.0273590087890625 0.161224365234375 0.132232666015625
0.00648021697998047 0.00553369522094727 -0.115478515625 -0.160720825195312
0.0122413635253906 0.0214023590087891 0.126190185546875 -0.2567138671875
0.000743865966796876 0.0198955535888672 0.403045654296875 -0.167327880859375
-0.02606201171875 0.00707244873046876 0.57080078125 0.1883544921875
-0.0530052185058594 0.00367355346679688 0.224853515625 0.7083740234375
-0.0118541717529297 -0.02093505859375 -0.4046630859375 0.80694580078125
0.0307846069335937 -0.00164222717285156 -0.63043212890625 0.317626953125
0.0466346740722656 0.0391769409179688 0.000396728515624994 0.084869384765625
0.0532035827636719 0.0234603881835938 0.731201171875 -0.17822265625
0.0233573913574219 -0.00967025756835938 0.5252685546875 -0.78338623046875
-0.0288257598876953 -0.0268592834472656 -0.2977294921875 -0.75640869140625
-0.0533599853515625 -0.00705337524414063 -0.59765625 -0.1483154296875
-0.0278816223144531 0.0186996459960938 -0.41741943359375 0.19622802734375
-0.00486564636230469 0.0218772888183594 -0.0732421875 0.261825561523438
0.00160360336303711 0.00603294372558594 0.160232543945313 0.138259887695313
0.00620079040527344 0.00419378280639648 -0.111495971679688 -0.152725219726563
0.0160961151123047 0.0241107940673828 0.134933471679687 -0.241928100585938
0.00523185729980469 0.0160627365112305 0.411163330078125 -0.141632080078125
-0.0237197875976563 0.00611686706542969 0.556396484375 0.22412109375
-0.05419921875 0.00697708129882812 0.1800537109375 0.73046875
-0.0174036026000977 -0.0139789581298828 -0.4576416015625 0.79193115234375
0.0157060623168945 0.00315093994140625 -0.6461181640625 0.29229736328125
0.0298786163330078 0.0349292755126953 0.0127716064453125 0.08056640625
0.038970947265625 0.023406982421875 0.715087890625 -0.2109375
0.0105953216552734 -0.00474262237548828 0.4652099609375 -0.80426025390625
-0.0317363739013672 -0.0185813903808594 -0.3448486328125 -0.72747802734375
-0.0498428344726563 -0.00469589233398437 -0.60296630859375 -0.1116943359375
-0.0198497772216797 0.0191173553466797 -0.4095458984375 0.22027587890625
0.0013427734375 0.0213851928710938 -0.066131591796875 0.27264404296875
0.000985145568847656 0.00580358505249023 0.1617431640625 0.145965576171875
0.00676679611206055 0.000750064849853516 -0.10614013671875 -0.15008544921875
0.0207881927490234 0.0221538543701172 0.140579223632813 -0.23138427734375
0.0138101577758789 0.0151596069335937 0.41796875 -0.115631103515625
-0.0185585021972656 0.00656318664550782 0.542236328125 0.26446533203125
-0.0557212829589844 0.0115852355957031 0.12738037109375 0.7552490234375
-0.0223751068115234 -0.00858688354492187 -0.5125732421875 0.7691650390625
0.00601530075073242 0.00364923477172852 -0.65496826171875 0.2613525390625
0.0219936370849609 0.0320854187011719 0.0335311889648437 0.075714111328125
0.0269699096679687 0.0187911987304687 0.70172119140625 -0.2464599609375
-0.000514477491378784 0.000369876623153686 0.40362548828125 -0.82135009765625
-0.033477783203125 -0.00993156433105469 -0.39190673828125 -0.6920166015625
-0.0415878295898438 -0.00235366821289062 -0.60595703125 -0.06884765625
-0.00751876831054687 0.0161809921264648 -0.396240234375 0.244293212890625
0.00886154174804688 0.0203628540039063 -0.056915283203125 0.280303955078125
-0.000512957572937012 0.00127482414245605 0.16241455078125 0.1505126953125
0.00866842269897461 -0.00523519515991211 -0.102340698242187 -0.147216796875
0.0302543640136719 0.0190792083740234 0.147857666015625 -0.221649169921875
0.0252666473388672 0.0135688781738281 0.422576904296875 -0.090118408203125
-0.0112934112548828 0.0092620849609375 0.527587890625 0.30218505859375
-0.0585594177246094 0.0190773010253906 0.0838623046875 0.7747802734375
-0.0272312164306641 -0.00684165954589844 -0.562255859375 0.7498779296875
0.00237083435058594 0.000873804092407226 -0.65728759765625 0.23468017578125
0.0223503112792969 0.0245704650878906 0.0560493469238281 0.0697059631347656
0.0224571228027344 0.0139980316162109 0.69384765625 -0.2845458984375
-0.00589990615844727 0.00416421890258789 0.3505859375 -0.838623046875
-0.0332450866699219 -0.00113296508789063 -0.43011474609375 -0.6593017578125
-0.0301589965820313 0.00384330749511719 -0.60498046875 -0.0311889648437499
0.00443458557128906 0.0151500701904297 -0.38482666015625 0.26397705078125
0.016047477722168 0.0132598876953125 -0.049163818359375 0.283416748046875
-0.000186443328857422 -0.0028688907623291 0.163711547851563 0.151763916015625
0.0118741989135742 -0.0127992630004883 -0.0982208251953125 -0.146987915039063
0.0384445190429687 0.0134162902832031 0.154006958007813 -0.215835571289063
0.0383262634277344 0.014251708984375 0.4259033203125 -0.07275390625
-0.00339221954345703 0.0153837203979492 0.5186767578125 0.3277587890625
-0.0599365234375 0.0236854553222656 0.0523681640625 0.7886962890625
-0.0321865081787109 -0.00330543518066406 -0.59173583984375 0.73138427734375
0.00363540649414062 -0.00421857833862305 -0.65533447265625 0.213623046875
0.0295696258544922 0.0197162628173828 0.0758743286132813 0.0663070678710938
0.0206813812255859 0.0074005126953125 0.685302734375 -0.30987548828125
-0.01239013671875 0.00556182861328125 0.31341552734375 -0.84576416015625
-0.0308303833007813 0.00954437255859375 -0.45452880859375 -0.6373291015625
-0.0191249847412109 0.00777053833007813 -0.599853515625 -0.00787353515625
0.0181827545166016 0.0111732482910156 -0.376251220703125 0.274993896484375
0.0262947082519531 0.007415771484375 -0.042816162109375 0.28497314453125
-0.000415802001953124 -0.00894451141357422 0.165435791015625 0.151077270507813
0.0141105651855469 -0.021484375 -0.0935211181640625 -0.1480712890625
0.04766845703125 0.006988525390625 0.154525756835938 -0.216415405273438
0.0503082275390625 0.0140953063964844 0.42877197265625 -0.065399169921875
0.006378173828125 0.0251026153564453 0.515838623046875 0.3443603515625
-0.0592994689941406 0.0308952331542969 0.04150390625 0.797119140625
-0.0315036773681641 -0.00767898559570313 -0.6004638671875 0.7232666015625
0.0121126174926758 -0.0111122131347656 -0.6461181640625 0.20556640625
0.0443077087402344 0.014739990234375 0.0904159545898438 0.0653762817382813
0.0261096954345703 -0.00278663635253906 0.68841552734375 -0.32513427734375
-0.0141124725341797 0.00501632690429687 0.2984619140625 -0.8526611328125
-0.0299854278564453 0.0139656066894531 -0.46453857421875 -0.62786865234375
-0.00854396820068359 0.00920772552490235 -0.59808349609375 0.0042724609375
0.0295696258544922 0.0106697082519531 -0.37274169921875 0.27978515625
0.0319538116455078 -0.00103569030761719 -0.044677734375 0.281341552734375
0.00139713287353516 -0.0157756805419922 0.165359497070313 0.145645141601563
0.0154666900634766 -0.0292034149169922 -0.0934295654296875 -0.155288696289063
0.0543136596679687 0.00205230712890625 0.15545654296875 -0.222030639648438
0.0589675903320313 0.0138130187988281 0.429931640625 -0.0693359375
0.0130939483642578 0.0313053131103516 0.527008056640625 0.341949462890625
-0.0576667785644531 0.0360450744628906 0.05438232421875 0.79779052734375
-0.0298080444335938 -0.0100593566894531 -0.58428955078125 0.730712890625
0.0253887176513672 -0.0199298858642578 -0.6348876953125 0.2083740234375
0.060394287109375 0.00830841064453125 0.098876953125 0.0637969970703125
0.0331687927246094 -0.0104446411132813 0.6961669921875 -0.32611083984375
-0.0133876800537109 0.0030059814453125 0.30914306640625 -0.85455322265625
-0.0280265808105469 0.0191497802734375 -0.46136474609375 -0.63446044921875
-0.00100994110107422 0.0139989852905273 -0.59857177734375 -0.00164794921875002
0.0369949340820313 0.00830078125 -0.375152587890625 0.27386474609375
0.03973388671875 -0.00838851928710938 -0.046844482421875 0.274002075195313
0.00216865539550781 -0.02264404296875 0.163986206054688 0.138946533203125
0.0165500640869141 -0.0341606140136719 -0.092010498046875 -0.161895751953125
0.058441162109375 -0.00555801391601563 0.153427124023438 -0.232742309570313
0.0661087036132812 0.012786865234375 0.431243896484375 -0.087188720703125
0.0201759338378906 0.035369873046875 0.540802001953125 0.322357177734375
-0.0546951293945312 0.0395622253417969 0.0894775390625 0.790771484375
-0.0273723602294922 -0.0139350891113281 -0.547119140625 0.74365234375
0.0382614135742188 -0.0281448364257812 -0.62335205078125 0.220703125
0.0798110961914063 0.004150390625 0.0980453491210938 0.0664901733398438
0.0450515747070313 -0.0161247253417969 0.70751953125 -0.30914306640625
-0.00946521759033203 8.96453857421877E-05 0.3408203125 -0.85064697265625
-0.0269832611083984 0.0203666687011719 -0.43817138671875 -0.6527099609375
0.00441265106201172 0.0173768997192383 -0.59625244140625 -0.0222778320312499
0.0425376892089844 0.0101051330566406 -0.382293701171875 0.258209228515625
0.0442276000976563 -0.0128974914550781 -0.0558319091796875 0.266525268554688
0.00627517700195313 -0.0273151397705078 0.1622314453125 0.131942749023438
0.0047755241394043 0.00544643402099609 -0.115951538085938 -0.161026000976563
0.0124568939208984 0.0229263305664063 0.127960205078125 -0.258255004882813
0.00193977355957031 0.0191249847412109 0.40594482421875 -0.16943359375
-0.0272388458251953 0.00723075866699218 0.57366943359375 0.18817138671875
-0.0529136657714844 0.00520324707031251 0.2276611328125 0.71356201171875
-0.0116462707519531 -0.0217761993408203 -0.407470703125 0.81268310546875
0.0297756195068359 -0.00200843811035156 -0.63629150390625 0.31842041015625
0.0465431213378906 0.0362930297851563 -0.000114440917968744 0.0845870971679688
0.0524177551269531 0.0229110717773438 0.7322998046875 -0.1749267578125
0.0233249664306641 -0.00991249084472656 0.52655029296875 -0.78515625
-0.0284519195556641 -0.0251598358154297 -0.29931640625 -0.76025390625
-0.0551376342773438 -0.00838470458984374 -0.60052490234375 -0.1492919921875
-0.027557373046875 0.0188007354736328 -0.419891357421875 0.19854736328125
-0.00393486022949219 0.0227851867675781 -0.074005126953125 0.264007568359375
0.00168228149414063 0.00468921661376953 0.16290283203125 0.139755249023438
0.00581789016723633 0.0024867057800293 -0.112335205078125 -0.154678344726563
0.0161323547363281 0.0230522155761719 0.134384155273438 -0.24603271484375
0.00435733795166016 0.0167055130004883 0.4114990234375 -0.142578125
-0.0259647369384766 0.00499153137207031 0.560699462890625 0.224639892578125
-0.0529670715332031 0.00743103027343751 0.18310546875 0.73809814453125
-0.0171480178833008 -0.0124568939208984 -0.4632568359375 0.7972412109375
0.0171384811401367 0.000484466552734375 -0.65216064453125 0.29345703125
0.0298805236816406 0.0362586975097656 0.01043701171875 0.0801010131835938
0.0388603210449219 0.023956298828125 0.71856689453125 -0.20989990234375
0.0116090774536133 -0.00379657745361328 0.46990966796875 -0.806396484375
-0.0305919647216797 -0.0197467803955078 -0.3465576171875 -0.7310791015625
-0.0506134033203125 -0.00477218627929687 -0.60565185546875 -0.11181640625
-0.0191841125488281 0.0190029144287109 -0.4110107421875 0.220855712890625
6.48498535156272E-05 0.0217151641845703 -0.0677337646484375 0.275741577148438
0.000413417816162109 0.00504636764526367 0.161727905273438 0.147216796875
0.00851011276245117 -0.000772953033447266 -0.108108520507812 -0.150375366210938
0.0226688385009766 0.0213241577148437 0.141845703125 -0.231842041015625
0.0142040252685547 0.0140476226806641 0.41845703125 -0.116729736328125
-0.0212345123291016 0.00624275207519531 0.545440673828125 0.264129638671875
-0.0557632446289063 0.0134620666503906 0.13043212890625 0.75921630859375
-0.0230140686035156 -0.00928497314453125 -0.51708984375 0.7735595703125
0.00600147247314453 0.00397872924804687 -0.6610107421875 0.26422119140625
0.0209999084472656 0.0307846069335938 0.0333099365234375 0.0748214721679688
0.0271034240722656 0.0202674865722656 0.70404052734375 -0.2464599609375
0.00253486633300781 0.00134825706481934 0.40545654296875 -0.8260498046875
-0.0337104797363281 -0.009033203125 -0.396240234375 -0.696533203125
-0.0403060913085938 -0.000572204589843755 -0.60699462890625 -0.0703125
-0.00769233703613281 0.0179710388183594 -0.39697265625 0.24945068359375
0.0103530883789063 0.0188045501708984 -0.056640625 0.28173828125
-7.34329223632812E-05 0.00195705890655518 0.1624755859375 0.15191650390625
0.00885105133056641 -0.00578594207763672 -0.105056762695312 -0.146408081054687
0.0317459106445313 0.0171394348144531 0.149810791015625 -0.221847534179688
0.0240612030029297 0.0126857757568359 0.42327880859375 -0.092987060546875
-0.0124101638793945 0.00844860076904297 0.531097412109375 0.305633544921875
-0.0572090148925781 0.0187568664550781 0.08380126953125 0.77935791015625
-0.0269508361816406 -0.0076141357421875 -0.564453125 0.75494384765625
0.00147390365600586 0.00241780281066895 -0.66375732421875 0.23602294921875
0.0219898223876953 0.0276012420654297 0.0547866821289063 0.0705718994140625
0.0239353179931641 0.0145816802978516 0.69586181640625 -0.28369140625
-0.00497770309448242 0.00526809692382813 0.35076904296875 -0.8419189453125
-0.0336952209472656 0.00027656555175781 -0.43280029296875 -0.66546630859375
-0.0311832427978516 0.00231170654296875 -0.6080322265625 -0.033447265625
0.00564670562744141 0.0158958435058594 -0.3861083984375 0.266876220703125
0.0169038772583008 0.0139970779418945 -0.048126220703125 0.286865234375
-0.00111007690429688 -0.00125300884246826 0.16339111328125 0.153823852539063
0.00990676879882813 -0.0143489837646484 -0.0989837646484375 -0.147430419921875
0.0389938354492188 0.0129318237304688 0.15350341796875 -0.217727661132813
0.0376663208007813 0.012939453125 0.427520751953125 -0.07330322265625
-0.0026702880859375 0.0159702301025391 0.520721435546875 0.33184814453125
-0.0577964782714844 0.0251274108886719 0.0542602539062501 0.7916259765625
-0.0295486450195312 -0.0020599365234375 -0.5938720703125 0.7379150390625
0.00152802467346191 -0.00282740592956543 -0.65814208984375 0.2154541015625
0.0279769897460937 0.0199966430664062 0.0750656127929688 0.0661773681640625
0.0203781127929688 0.00615310668945313 0.6890869140625 -0.30828857421875
-0.0121641159057617 0.00759983062744141 0.31842041015625 -0.84844970703125
-0.0340175628662109 0.00751495361328125 -0.4580078125 -0.6392822265625
-0.0213737487792969 0.00576400756835938 -0.60345458984375 -0.00756835937499996
0.0177154541015625 0.0124454498291016 -0.376617431640625 0.278900146484375
0.0283756256103516 0.00678062438964844 -0.044403076171875 0.28668212890625
-0.000157356262207031 -0.00972843170166015 0.165313720703125 0.152420043945313
0.0122604370117188 -0.0219383239746094 -0.094451904296875 -0.150863647460937
0.0478973388671875 0.00550460815429687 0.154998779296875 -0.21624755859375
0.0500030517578125 0.0113639831542969 0.431396484375 -0.066650390625
0.00269889831542969 0.0240383148193359 0.5213623046875 0.34564208984375
-0.0580978393554688 0.0309333801269531 0.04351806640625 0.803955078125
-0.0293483734130859 -0.00678062438964844 -0.60223388671875 0.7279052734375
0.0123004913330078 -0.0120677947998047 -0.6500244140625 0.20562744140625
0.0429344177246094 0.0138664245605469 0.09088134765625 0.0640029907226563
0.0261459350585938 -0.00173187255859375 0.689697265625 -0.32373046875
-0.0114517211914063 0.00696563720703125 0.30047607421875 -0.8563232421875
-0.0285282135009766 0.0144443511962891 -0.4681396484375 -0.6307373046875
-0.00908470153808594 0.0108709335327148 -0.60198974609375 0.00372314453124998
0.0292873382568359 0.0104656219482422 -0.374542236328125 0.28179931640625
0.03375244140625 -0.00120925903320312 -0.044525146484375 0.283843994140625
0.000890731811523436 -0.0162858963012695 0.164718627929688 0.148056030273438
0.0154666900634766 -0.0290050506591797 -0.0928497314453125 -0.157073974609375
0.0540809631347656 -0.000606536865234375 0.154922485351563 -0.223373413085937
0.0585365295410156 0.013214111328125 0.433013916015625 -0.069976806640625
0.0125961303710938 0.0319614410400391 0.529998779296875 0.34381103515625
-0.0580978393554687 0.0371551513671875 0.0553588867187501 0.80364990234375
-0.0288925170898438 -0.00976371765136718 -0.58685302734375 0.73583984375
0.0246753692626953 -0.0207386016845703 -0.63885498046875 0.20855712890625
0.0597763061523438 0.00738906860351563 0.0994644165039062 0.0648345947265625
0.0342426300048828 -0.0110187530517578 0.69866943359375 -0.324951171875
-0.0134038925170898 0.00399112701416016 0.311279296875 -0.8580322265625
-0.027984619140625 0.0183391571044922 -0.46282958984375 -0.63787841796875
-0.00191688537597656 0.0141735076904297 -0.60015869140625 -0.00219726562499992
0.037139892578125 0.0096282958984375 -0.37579345703125 0.275238037109375
0.0405158996582031 -0.00945663452148438 -0.047943115234375 0.277908325195313
0.00217056274414063 -0.0233802795410156 0.165573120117188 0.1390380859375
0.0175266265869141 -0.0344257354736328 -0.0943450927734375 -0.16412353515625
0.057281494140625 -0.00690078735351563 0.153945922851563 -0.233627319335938
0.0650291442871094 0.0115928649902344 0.43267822265625 -0.086151123046875
0.0200996398925781 0.0363616943359375 0.545166015625 0.32403564453125
-0.0540657043457031 0.0410537719726562 0.09088134765625 0.79705810546875
-0.0262718200683594 -0.0145854949951172 -0.5517578125 0.7474365234375
0.0376014709472656 -0.028533935546875 -0.62579345703125 0.22198486328125
0.0784454345703125 0.00408172607421875 0.0975189208984375 0.0666656494140625
0.0451812744140625 -0.0172157287597656 0.71185302734375 -0.31085205078125
-0.00926685333251953 -0.00131988525390625 0.345703125 -0.852783203125
-0.0257587432861328 0.0212173461914063 -0.4417724609375 -0.656494140625
0.00327873229980469 0.0179195404052734 -0.59930419921875 -0.0226440429687499
0.0410652160644531 0.0101470947265625 -0.38323974609375 0.261810302734375
0.0438346862792969 -0.0141525268554688 -0.0562591552734375 0.268875122070312
0.00356864929199219 -0.0277519226074219 0.163070678710938 0.1324462890625
0.00483083724975586 0.00567007064819336 -0.117935180664063 -0.163604736328125
0.0132808685302734 0.022552490234375 0.126968383789063 -0.260894775390625
0.000244140624999999 0.0186939239501953 0.408447265625 -0.17095947265625
-0.0286941528320312 0.00751304626464844 0.576416015625 0.18927001953125
-0.0531005859375 0.00500106811523438 0.22955322265625 0.72161865234375
-0.00882148742675781 -0.0202598571777344 -0.4107666015625 0.8204345703125
0.0285491943359375 -0.00420379638671875 -0.63848876953125 0.32080078125
0.0469856262207031 0.0382652282714844 -0.00151824951171875 0.0864486694335938
0.0532379150390625 0.0263404846191406 0.73895263671875 -0.17529296875
0.0239887237548828 -0.00705718994140625 0.5308837890625 -0.7901611328125
-0.0295677185058594 -0.0263423919677734 -0.30340576171875 -0.7666015625
-0.0557708740234375 -0.00701141357421875 -0.6043701171875 -0.15155029296875
-0.0278682708740234 0.0181121826171875 -0.4222412109375 0.200775146484375
-0.00322151184082031 0.0215053558349609 -0.0748443603515625 0.26824951171875
0.00045013427734375 0.00541877746582031 0.163482666015625 0.139816284179688
0.0063023567199707 0.00333786010742188 -0.1142578125 -0.156906127929688
0.0149345397949219 0.0225811004638672 0.13433837890625 -0.246917724609375
0.00306415557861328 0.0167770385742188 0.41644287109375 -0.14483642578125
-0.0259456634521484 0.00458717346191407 0.56390380859375 0.225341796875
-0.0542449951171875 0.00891494750976562 0.1837158203125 0.74560546875
-0.0147523880004883 -0.013300895690918 -0.46441650390625 0.80584716796875
0.0157833099365234 0.00349903106689453 -0.65704345703125 0.29559326171875
0.03033447265625 0.0343780517578125 0.0113525390625 0.0822219848632813
0.0402450561523438 0.0237960815429688 0.7237548828125 -0.21099853515625
0.0138053894042969 -0.00313568115234375 0.47247314453125 -0.81134033203125
-0.0338211059570313 -0.019134521484375 -0.35211181640625 -0.73663330078125
-0.0502166748046875 -0.00269699096679687 -0.609619140625 -0.1112060546875
-0.0197963714599609 0.0184402465820313 -0.415863037109375 0.224761962890625
0.000385284423828127 0.0234375 -0.06610107421875 0.278411865234375
-0.000520229339599609 0.00449705123901367 0.162094116210938 0.1473388671875
0.00683736801147461 -0.000947475433349609 -0.110244750976563 -0.153640747070313
0.0230998992919922 0.0202445983886719 0.142822265625 -0.236129760742188
0.0125856399536133 0.0139045715332031 0.421844482421875 -0.1185302734375
-0.0204792022705078 0.0059661865234375 0.54974365234375 0.269195556640625
-0.0555915832519531 0.0128936767578125 0.13232421875 0.76849365234375
-0.0227947235107422 -0.0076141357421875 -0.5206298828125 0.7791748046875
0.00513553619384766 0.00283002853393555 -0.6654052734375 0.263427734375
0.0211391448974609 0.0323295593261719 0.0317001342773438 0.076385498046875
0.0288333892822266 0.0211753845214844 0.708251953125 -0.246826171875
0.00240850448608398 0.00161314010620117 0.40899658203125 -0.8311767578125
-0.0357284545898438 -0.0098724365234375 -0.40130615234375 -0.69952392578125
-0.0425262451171875 -0.000473022460937508 -0.61199951171875 -0.0683593749999999
-0.00819873809814453 0.0170660018920898 -0.404083251953125 0.250762939453125
0.0101795196533203 0.0213356018066406 -0.057830810546875 0.285736083984375
-0.00111520290374756 -4.92334365844727E-05 0.164962768554688 0.152191162109375
0.00652551651000977 -0.00853204727172852 -0.106353759765625 -0.149337768554687
0.0294342041015625 0.0171852111816406 0.148757934570312 -0.22601318359375
0.0222873687744141 0.0119857788085938 0.427215576171875 -0.09259033203125
-0.0126371383666992 0.0106267929077148 0.53643798828125 0.30731201171875
-0.0584259033203125 0.0194511413574219 0.08843994140625 0.78875732421875
-0.0244979858398438 -0.00618934631347656 -0.568359375 0.76104736328125
-0.00166642665863037 0.000239014625549317 -0.6671142578125 0.23504638671875
0.0207462310791016 0.0252666473388672 0.0557632446289063 0.0717239379882813
0.0224170684814453 0.0154991149902344 0.69891357421875 -0.2841796875
-0.00479316711425781 0.00586175918579102 0.353759765625 -0.84698486328125
-0.0350246429443359 -0.00146102905273438 -0.43804931640625 -0.667236328125
-0.0315933227539063 0.00404167175292968 -0.6124267578125 -0.0311889648437501
0.00610733032226563 0.0154972076416016 -0.389862060546875 0.27227783203125
0.0175380706787109 0.0145015716552734 -0.048248291015625 0.290191650390625
-0.000802040100097656 -0.00287127494812012 0.167068481445313 0.153594970703125
0.0108528137207031 -0.015594482421875 -0.1009521484375 -0.150527954101562
0.0386085510253906 0.0125846862792969 0.154937744140625 -0.218215942382813
0.0366897583007813 0.0133056640625 0.432830810546875 -0.0750732421875
-0.00309371948242188 0.0171518325805664 0.52740478515625 0.33648681640625
-0.0582466125488281 0.0265769958496094 0.0540771484375001 0.8001708984375
-0.0292720794677734 -0.00245857238769531 -0.59765625 0.7423095703125
0.00277376174926758 -0.00441980361938476 -0.66351318359375 0.21466064453125
0.0265274047851563 0.0192508697509766 0.0735626220703125 0.0675125122070313
0.0235786437988281 0.00777435302734375 0.6953125 -0.310546875
-0.010767936706543 0.00697517395019531 0.3182373046875 -0.85430908203125
-0.0337104797363281 0.00804901123046875 -0.46173095703125 -0.64349365234375
-0.0191421508789063 0.00528907775878906 -0.6083984375 -0.0053710937500001
0.0176372528076172 0.0127735137939453 -0.37969970703125 0.2801513671875
0.0277557373046875 0.00840187072753906 -0.04278564453125 0.291015625
-0.00205707550048828 -0.00894355773925781 0.166900634765625 0.154022216796875
0.0128650665283203 -0.0223026275634766 -0.0977020263671875 -0.153350830078125
0.0489654541015625 0.00603103637695313 0.157150268554687 -0.220687866210938
0.0494117736816406 0.0122909545898438 0.434967041015625 -0.06805419921875
0.00382232666015625 0.0248985290527344 0.52642822265625 0.35101318359375
-0.0589027404785156 0.0330123901367188 0.04541015625 0.81005859375
-0.0300769805908203 -0.00684356689453125 -0.60675048828125 0.73583984375
0.0106515884399414 -0.0115261077880859 -0.655029296875 0.20526123046875
0.0436058044433594 0.0123367309570313 0.0908584594726563 0.0650711059570313
0.0256500244140625 -0.0026397705078125 0.69384765625 -0.32562255859375
-0.0126953125 0.00624847412109375 0.30401611328125 -0.8594970703125
-0.0311508178710938 0.0162601470947266 -0.4716796875 -0.6361083984375
-0.00893974304199219 0.0115528106689453 -0.60589599609375 0.00439453124999988
0.0293598175048828 0.0110893249511719 -0.377044677734375 0.286712646484375
0.0345783233642578 -0.00201416015625 -0.043548583984375 0.28680419921875
-0.000400543212890626 -0.0171365737915039 0.164413452148438 0.14886474609375
0.0154590606689453 -0.029266357421875 -0.095550537109375 -0.158905029296875
0.0544509887695313 0.000377655029296875 0.156570434570313 -0.225723266601563
0.0592308044433594 0.0124168395996094 0.436798095703125 -0.072784423828125
0.0117053985595703 0.0304660797119141 0.534423828125 0.346710205078125
-0.0578269958496094 0.0388984680175781 0.0574951171875 0.81219482421875
-0.0278720855712891 -0.00966644287109375 -0.59149169921875 0.74176025390625
0.0236644744873047 -0.0216846466064453 -0.64373779296875 0.20947265625
0.0598983764648438 0.00830459594726563 0.0994186401367188 0.0659713745117187
0.0334110260009766 -0.00929832458496094 0.70208740234375 -0.32550048828125
-0.011174201965332 0.00461959838867188 0.31365966796875 -0.86328125
-0.0276126861572266 0.0198860168457031 -0.46807861328125 -0.6419677734375
-0.00226020812988281 0.0150175094604492 -0.60565185546875 -0.00122070312500005
0.0378227233886719 0.008514404296875 -0.378662109375 0.279296875
0.0403976440429687 -0.00778961181640625 -0.04803466796875 0.28155517578125
0.00148391723632813 -0.0234222412109375 0.166717529296875 0.140411376953125
0.0171051025390625 -0.0352783203125 -0.0947113037109375 -0.165115356445313
0.058349609375 -0.00640106201171875 0.154434204101563 -0.236236572265625
0.0638923645019531 0.0121994018554687 0.437103271484375 -0.088775634765625
0.019134521484375 0.03570556640625 0.549102783203125 0.326507568359375
-0.0545234680175781 0.0422630310058594 0.09564208984375 0.804443359375
-0.0239391326904297 -0.0135898590087891 -0.55523681640625 0.753662109375
0.0364761352539063 -0.0285110473632812 -0.631103515625 0.22174072265625
0.0792007446289063 0.00518798828125 0.0972213745117187 0.0670700073242188
0.0458717346191406 -0.0174446105957031 0.7158203125 -0.3106689453125
-0.00802755355834961 -0.000269412994384765 0.3470458984375 -0.85748291015625
-0.0260448455810547 0.02093505859375 -0.44512939453125 -0.6588134765625
0.00322341918945312 0.0185203552246094 -0.6031494140625 -0.02117919921875
0.04315185546875 0.0108489990234375 -0.38531494140625 0.265411376953125
0.04364013671875 -0.013824462890625 -0.055511474609375 0.274093627929687
0.004119873046875 -0.0274066925048828 0.163406372070313 0.133819580078125
0.00492763519287109 0.00543403625488281 -0.119903564453125 -0.164459228515625
0.0131645202636719 0.0220966339111328 0.126571655273437 -0.264175415039063
0.000495910644531248 0.0185222625732422 0.4117431640625 -0.173370361328125
-0.0298519134521484 0.00845527648925781 0.58331298828125 0.189208984375
-0.0515632629394531 0.00603103637695313 0.23663330078125 0.7301025390625
-0.00793647766113281 -0.0198631286621094 -0.411376953125 0.83160400390625
0.0301761627197266 -0.00203323364257813 -0.64666748046875 0.324951171875
0.0466537475585938 0.0372390747070313 -0.00165557861328124 0.0863800048828125
0.0527267456054688 0.0233421325683594 0.74285888671875 -0.1771240234375
0.0256938934326172 -0.00580787658691406 0.53497314453125 -0.7982177734375
-0.0299415588378906 -0.0267601013183594 -0.3077392578125 -0.77166748046875
-0.0568008422851563 -0.00589370727539063 -0.612060546875 -0.15155029296875
-0.028839111328125 0.0171699523925781 -0.4248046875 0.203704833984375
-0.00209617614746094 0.0214672088623047 -0.0738372802734375 0.270858764648438
0.000769853591918946 0.00418782234191895 0.1654052734375 0.141067504882813
0.00545072555541992 0.00297069549560547 -0.11572265625 -0.157485961914063
0.0172653198242188 0.0234241485595703 0.132339477539063 -0.24969482421875
0.0046234130859375 0.016636848449707 0.419219970703125 -0.148681640625
-0.0267486572265625 0.00527763366699218 0.57073974609375 0.2274169921875
-0.0541725158691406 0.00857162475585938 0.18792724609375 0.751708984375
-0.0152549743652344 -0.0145626068115234 -0.46575927734375 0.81402587890625
0.0161342620849609 0.00213432312011719 -0.66192626953125 0.30023193359375
0.0317459106445313 0.0362472534179688 0.0106582641601562 0.0832595825195312
0.0401420593261719 0.0249595642089844 0.72900390625 -0.2130126953125
0.0138044357299805 -0.000613212585449219 0.4744873046875 -0.8182373046875
-0.0337753295898438 -0.0177097320556641 -0.3548583984375 -0.741455078125
-0.0522918701171875 -0.00494766235351564 -0.616455078125 -0.1116943359375
-0.0208072662353516 0.0193080902099609 -0.417694091796875 0.229156494140625
0.00123977661132813 0.0237541198730469 -0.0662841796875 0.282867431640625
-0.0002593994140625 0.00489425659179688 0.166397094726563 0.147781372070313
0.00611305236816406 -0.00105810165405273 -0.113632202148438 -0.153594970703125
0.022430419921875 0.0211982727050781 0.142913818359375 -0.238174438476562
0.0127544403076172 0.0128107070922852 0.424713134765625 -0.120452880859375
-0.0224971771240234 0.00510215759277343 0.553192138671875 0.269775390625
-0.05584716796875 0.0141181945800781 0.13671875 0.77447509765625
-0.0189743041992187 -0.00723648071289062 -0.5245361328125 0.7928466796875
0.00448846817016602 0.00333595275878906 -0.6697998046875 0.2708740234375
0.0218105316162109 0.0311832427978516 0.0320587158203125 0.0768203735351563
0.0287799835205078 0.0204219818115234 0.71478271484375 -0.24981689453125
0.00334358215332031 0.00103569030761719 0.41070556640625 -0.83795166015625
-0.0355148315429687 -0.00823974609375 -0.4036865234375 -0.70574951171875
-0.0432891845703125 0.00111770629882813 -0.61773681640625 -0.0678710937499999
-0.00784969329833985 0.0174570083618164 -0.402923583984375 0.254730224609375
0.0105457305908203 0.0206737518310547 -0.055267333984375 0.289093017578125
-0.000641107559204101 0.00310134887695313 0.165878295898438 0.153839111328125
0.00923347473144531 -0.00651931762695313 -0.10638427734375 -0.150787353515625
0.0302276611328125 0.0181045532226563 0.149490356445313 -0.228302001953125
0.0247650146484375 0.0108318328857422 0.430908203125 -0.096099853515625
-0.0139188766479492 0.00995540618896485 0.541015625 0.30926513671875
-0.0570869445800781 0.0206069946289063 0.08966064453125 0.7965087890625
-0.0259342193603516 -0.0049896240234375 -0.57171630859375 0.769287109375
0.000293374061584473 0.00131452083587646 -0.671630859375 0.24005126953125
0.0198707580566406 0.0272331237792969 0.0541305541992188 0.072174072265625
0.0237407684326172 0.0148658752441406 0.70379638671875 -0.28778076171875
-0.00455379486083984 0.00518083572387695 0.35614013671875 -0.85467529296875
-0.0340900421142578 0.000923156738281253 -0.44366455078125 -0.6727294921875
-0.0332241058349609 0.00401496887207031 -0.61798095703125 -0.0299072265624999
0.00542259216308594 0.0157260894775391 -0.391998291015625 0.27392578125
0.0187206268310547 0.0152797698974609 -0.0489501953125 0.295623779296875
-0.00069427490234375 -0.00159025192260742 0.16693115234375 0.15521240234375
0.0108489990234375 -0.0152120590209961 -0.103118896484375 -0.151458740234375
0.0407333374023438 0.0115585327148438 0.152359008789063 -0.223602294921875
0.0375900268554688 0.0117111206054688 0.435699462890625 -0.07708740234375
-0.00508975982666016 0.0165910720825195 0.532379150390625 0.336181640625
-0.0568008422851563 0.0275001525878906 0.0585937499999999 0.80865478515625
-0.0284996032714844 -0.00331878662109375 -0.60015869140625 0.75433349609375
0.00243902206420898 -0.00410866737365723 -0.669921875 0.21917724609375
0.0259265899658203 0.0196094512939453 0.0757827758789063 0.0695114135742188
0.0219058990478516 0.00719642639160156 0.6986083984375 -0.3114013671875
-0.010223388671875 0.00829696655273438 0.3192138671875 -0.86029052734375
-0.0321502685546875 0.0100307464599609 -0.46868896484375 -0.64971923828125
-0.0186328887939453 0.00781631469726563 -0.61505126953125 -0.00360107421874991
0.0187721252441406 0.0122489929199219 -0.384185791015625 0.28704833984375
0.0280532836914063 0.00638580322265625 -0.0438232421875 0.293975830078125
-0.00332164764404297 -0.00986003875732422 0.167755126953125 0.154510498046875
0.0132274627685547 -0.0234012603759766 -0.099761962890625 -0.154067993164062
0.048187255859375 0.0068359375 0.15606689453125 -0.222564697265625
0.0488548278808594 0.0124969482421875 0.439117431640625 -0.070037841796875
0.00321769714355469 0.0245513916015625 0.53167724609375 0.3524169921875
-0.05841064453125 0.0344429016113281 0.048583984375 0.8189697265625
-0.0275382995605469 -0.00657272338867188 -0.60919189453125 0.744384765625
0.0113048553466797 -0.0114459991455078 -0.65985107421875 0.20849609375
0.0416183471679688 0.0127944946289062 0.0915985107421875 0.0663070678710938
0.0263538360595703 -0.000905990600585938 0.698974609375 -0.32763671875
-0.01177978515625 0.00667095184326172 0.3046875 -0.87005615234375
-0.0291805267333984 0.0166950225830078 -0.47760009765625 -0.638671875
-0.00949954986572266 0.0117101669311523 -0.61163330078125 0.00677490234374988
0.0298728942871094 0.0101890563964844 -0.3800048828125 0.28936767578125
0.03497314453125 -0.00126457214355469 -0.04351806640625 0.291290283203125
-0.000306129455566405 -0.0166845321655273 0.167953491210938 0.148941040039063
0.0143928527832031 -0.0306663513183594 -0.09686279296875 -0.1597900390625
0.0542144775390625 -0.00046539306640625 0.156845092773437 -0.229537963867187
0.0599899291992187 0.0117378234863281 0.44000244140625 -0.073760986328125
0.0112838745117188 0.0315761566162109 0.539794921875 0.347412109375
-0.0569877624511719 0.0404319763183594 0.0627441406249999 0.82025146484375
-0.0272769927978516 -0.00883293151855469 -0.59429931640625 0.752197265625
0.0228710174560547 -0.0215263366699219 -0.65069580078125 0.2108154296875
0.0595588684082031 0.00686264038085938 0.0994110107421875 0.0665435791015625
0.0344276428222656 -0.0101604461669922 0.7083740234375 -0.3302001953125
-0.0122842788696289 0.00503158569335937 0.313232421875 -0.86907958984375
-0.0293159484863281 0.0208473205566406 -0.47662353515625 -0.6458740234375
-0.000834465026855468 0.0155277252197266 -0.61199951171875 0.00115966796875002
0.0382041931152344 0.0101203918457031 -0.38226318359375 0.285186767578125
0.0415420532226563 -0.00918960571289063 -0.047027587890625 0.283966064453125
0.000513076782226563 -0.0234298706054688 0.168060302734375 0.141464233398437
0.0148735046386719 -0.0367279052734375 -0.09619140625 -0.165924072265625
0.0579872131347656 -0.0059661865234375 0.154708862304687 -0.23931884765625
0.0652503967285156 0.0105018615722656 0.439697265625 -0.092193603515625
0.0167274475097656 0.0365219116210938 0.5572509765625 0.327911376953125
-0.0545692443847656 0.0429458618164062 0.0992431640625 0.81256103515625
-0.0236797332763672 -0.0133552551269531 -0.55615234375 0.76544189453125
0.0366477966308594 -0.03033447265625 -0.63580322265625 0.2266845703125
0.0781097412109375 0.0045928955078125 0.0985946655273438 0.0682220458984375
0.0478019714355469 -0.0171051025390625 0.7205810546875 -0.3131103515625
-0.00603532791137695 -0.000807762145996093 0.3482666015625 -0.86474609375
-0.0276050567626953 0.0222568511962891 -0.4512939453125 -0.6632080078125
0.00318145751953125 0.0200080871582031 -0.609375 -0.02020263671875
0.0427780151367188 0.00988006591796875 -0.388275146484375 0.269134521484375
0.0455513000488281 -0.0134391784667969 -0.0542144775390625 0.275070190429687
0.00279045104980469 -0.0280952453613281 0.164443969726562 0.134689331054688
0.00332880020141602 0.00365447998046875 -0.12347412109375 -0.166885375976563
0.0134563446044922 0.0216655731201172 0.126861572265625 -0.266891479492188
-4.19616699218752E-05 0.0186710357666016 0.414886474609375 -0.177154541015625
-0.0308189392089844 0.00828933715820313 0.58917236328125 0.1881103515625
-0.05224609375 0.00745773315429688 0.24212646484375 0.736083984375
-0.00856781005859375 -0.0201225280761719 -0.40997314453125 0.83935546875
0.0285758972167969 -0.00355148315429688 -0.6495361328125 0.33111572265625
0.04681396484375 0.0377388000488281 -0.00215911865234375 0.0874862670898438
0.055633544921875 0.0242118835449219 0.75 -0.1815185546875
0.0263843536376953 -0.00703620910644531 0.53619384765625 -0.8056640625
-0.0300674438476563 -0.0250930786132812 -0.31500244140625 -0.77783203125
-0.0571136474609375 -0.00542068481445311 -0.6173095703125 -0.1500244140625
-0.0280532836914063 0.0190372467041016 -0.42718505859375 0.210662841796875
-0.00349617004394531 0.0224227905273438 -0.0738677978515625 0.2767333984375
-0.00035715103149414 0.00525188446044922 0.167068481445313 0.140792846679688
0.00414037704467773 0.00536012649536133 -0.117340087890625 -0.159347534179688
0.0153045654296875 0.0221214294433594 0.1351318359375 -0.253524780273437
0.00321006774902344 0.0159530639648438 0.421142578125 -0.152923583984375
-0.0295143127441406 0.00658798217773438 0.5755615234375 0.2279052734375
-0.0536003112792969 0.00863647460937501 0.1932373046875 0.7606201171875
-0.0134754180908203 -0.0134849548339844 -0.46588134765625 0.82598876953125
0.0152339935302734 0.00260829925537109 -0.6663818359375 0.30584716796875
0.0291290283203125 0.0367584228515625 0.010833740234375 0.0830764770507813
0.0393486022949219 0.0252342224121094 0.73492431640625 -0.21624755859375
0.0154800415039062 -0.00264072418212891 0.47509765625 -0.826904296875
-0.0340023040771484 -0.0171051025390625 -0.36322021484375 -0.74578857421875
-0.0528297424316406 -0.00374603271484374 -0.62335205078125 -0.11041259765625
-0.0202960968017578 0.0195732116699219 -0.421417236328125 0.234954833984375
0.00260353088378906 0.0239696502685547 -0.0640869140625 0.2867431640625
-0.00163793563842773 0.00463771820068359 0.166778564453125 0.1483154296875
0.00559139251708984 -0.00117921829223633 -0.116134643554688 -0.155563354492188
0.0224285125732422 0.0197257995605469 0.141937255859375 -0.242019653320312
0.0115518569946289 0.0136489868164063 0.428253173828125 -0.126220703125
-0.0212078094482422 0.00537300109863281 0.561126708984375 0.26910400390625
-0.0559196472167969 0.01519775390625 0.14227294921875 0.782958984375
-0.0196113586425781 -0.00698471069335938 -0.52410888671875 0.8017578125
0.00358963012695312 0.0037078857421875 -0.67529296875 0.2744140625
0.0201473236083984 0.0316085815429688 0.032867431640625 0.0783920288085938
0.029815673828125 0.0202388763427734 0.7216796875 -0.2545166015625
0.00329518318176269 0.00284814834594727 0.4110107421875 -0.84613037109375
-0.0342884063720703 -0.00785255432128907 -0.4114990234375 -0.70794677734375
-0.0426406860351563 0.000984191894531249 -0.62554931640625 -0.0660400390625
-0.00900077819824218 0.017730712890625 -0.407318115234375 0.259490966796875
0.0101413726806641 0.0208473205566406 -0.054046630859375 0.29296875
-0.00110375881195068 0.00211882591247559 0.167449951171875 0.154754638671875
0.00863456726074219 -0.00753450393676758 -0.111053466796875 -0.152435302734375
0.0300731658935547 0.0172157287597656 0.148788452148438 -0.231979370117187
0.0243148803710938 0.0110340118408203 0.4324951171875 -0.0986328125
-0.0155792236328125 0.00989532470703125 0.5494384765625 0.31103515625
-0.0560379028320313 0.0212326049804687 0.09649658203125 0.80657958984375
-0.02398681640625 -0.00377655029296875 -0.573974609375 0.782958984375
0.000413566827774048 0.000256985425949097 -0.6793212890625 0.24359130859375
0.0215110778808594 0.0263099670410156 0.0560379028320313 0.0726852416992188
0.0245399475097656 0.0142822265625 0.70697021484375 -0.29083251953125
-0.00398015975952149 0.00695133209228516 0.35382080078125 -0.86260986328125
-0.0348091125488281 0.00226783752441406 -0.45147705078125 -0.67791748046875
-0.0336341857910156 0.00401687622070312 -0.62445068359375 -0.028076171875
0.00491619110107422 0.0162782669067383 -0.39300537109375 0.281158447265625
0.0187397003173828 0.0141525268554687 -0.04693603515625 0.299285888671875
-0.00398397445678711 -0.0017859935760498 0.168899536132813 0.15496826171875
0.0104131698608398 -0.0156440734863281 -0.105667114257813 -0.155059814453125
0.0403556823730469 0.0106773376464844 0.153289794921875 -0.226181030273438
0.0374946594238281 0.0114250183105469 0.437957763671875 -0.0809326171875
-0.00635719299316406 0.0183486938476563 0.53857421875 0.33837890625
-0.0586891174316406 0.0293312072753906 0.0650634765625 0.8175048828125
-0.0288333892822266 -0.00302696228027344 -0.603515625 0.76446533203125
0.00133180618286133 -0.00338983535766602 -0.67572021484375 0.2216796875
0.0278053283691406 0.0192928314208984 0.0774078369140625 0.069427490234375
0.0211219787597656 0.00769996643066406 0.7022705078125 -0.31829833984375
-0.00887966156005859 0.00782012939453125 0.31866455078125 -0.87249755859375
-0.0355720520019531 0.0105056762695312 -0.4759521484375 -0.65179443359375
-0.0209617614746094 0.00923538208007813 -0.61981201171875 -0.000915527343749967
0.0193424224853516 0.0137672424316406 -0.384368896484375 0.290618896484375
0.0274543762207031 0.00789451599121094 -0.041046142578125 0.29888916015625
-0.00353145599365235 -0.00919628143310547 0.171600341796875 0.154830932617188
0.0114498138427734 -0.0239143371582031 -0.1014404296875 -0.156707763671875
0.0494842529296875 0.0070343017578125 0.158340454101563 -0.226333618164063
0.0503120422363281 0.012603759765625 0.44189453125 -0.0728759765625
0.00361824035644531 0.0250205993652344 0.537139892578125 0.353179931640625
-0.0581474304199219 0.0354652404785156 0.05230712890625 0.82928466796875
-0.0266036987304688 -0.00489425659179687 -0.6121826171875 0.75762939453125
0.0101690292358398 -0.0128345489501953 -0.66748046875 0.21539306640625
0.0426406860351563 0.0137863159179688 0.0930633544921875 0.0676651000976563
0.0267906188964844 -3.4332275390625E-05 0.70458984375 -0.33355712890625
-0.0101737976074219 0.00798797607421875 0.30126953125 -0.87615966796875
-0.0303573608398438 0.0172481536865234 -0.4864501953125 -0.6439208984375
-0.0100622177124023 0.0121831893920898 -0.6180419921875 0.00799560546875007
0.0306053161621094 0.0108547210693359 -0.383270263671875 0.294952392578125
0.0352325439453125 -0.00186538696289063 -0.041473388671875 0.295135498046875
-0.00118255615234375 -0.0169382095336914 0.169479370117188 0.1492919921875
0.0134696960449219 -0.0307159423828125 -0.09869384765625 -0.161270141601563
0.0558433532714844 -0.0014801025390625 0.158309936523438 -0.230972290039063
0.0590476989746094 0.0130348205566406 0.444488525390625 -0.077178955078125
0.0105762481689453 0.0328083038330078 0.547882080078125 0.35235595703125
-0.0566024780273438 0.0415000915527344 0.0682373046875 0.82958984375
-0.0270156860351563 -0.00970649719238281 -0.5980224609375 0.76190185546875
0.0237388610839844 -0.0216655731201172 -0.655517578125 0.21661376953125
0.059722900390625 0.00899887084960938 0.0992279052734375 0.0668563842773438
0.0343284606933594 -0.0100364685058594 0.7122802734375 -0.33416748046875
-0.0104560852050781 0.00455856323242188 0.3140869140625 -0.8792724609375
-0.0290203094482422 0.0221538543701172 -0.481201171875 -0.6494140625
-0.00206756591796875 0.0154390335083008 -0.615966796875 0.00427246093749997
0.0382843017578125 0.00942230224609375 -0.384063720703125 0.289581298828125
0.0418014526367188 -0.00880050659179687 -0.045806884765625 0.287322998046875
-1.52587890624997E-05 -0.0239620208740234 0.17041015625 0.14251708984375
0.0155258178710938 -0.0380935668945313 -0.098846435546875 -0.167510986328125
0.0587501525878906 -0.00809097290039062 0.155609130859375 -0.24261474609375
0.0656013488769531 0.0109939575195313 0.44366455078125 -0.096282958984375
0.0174140930175781 0.0364151000976563 0.562255859375 0.32977294921875
-0.0539512634277344 0.0442352294921875 0.1031494140625 0.82110595703125
-0.0220699310302734 -0.0147132873535156 -0.5579833984375 0.775390625
0.0366134643554688 -0.0290565490722656 -0.6416015625 0.23016357421875
0.0784454345703125 0.00511932373046875 0.0987396240234375 0.0684051513671875
0.0468406677246094 -0.0163421630859375 0.727294921875 -0.3165283203125
-0.0066380500793457 0.000651836395263671 0.3470458984375 -0.87359619140625
-0.0270748138427734 0.0231838226318359 -0.4608154296875 -0.66778564453125
0.00265884399414062 0.0198307037353516 -0.61553955078125 -0.0169067382812501
0.0436515808105469 0.00928497314453125 -0.392303466796875 0.273468017578125
0.0450820922851562 -0.0146141052246094 -0.0544586181640625 0.280364990234375
0.00279426574707031 -0.028472900390625 0.168258666992188 0.135711669921875
0.00405120849609375 0.00450468063354492 -0.125747680664063 -0.167388916015625
0.0131874084472656 0.0212173461914063 0.126510620117188 -0.272445678710938
-0.000576019287109373 0.0193538665771484 0.417236328125 -0.182952880859375
-0.0320186614990234 0.00650215148925781 0.5977783203125 0.18804931640625
-0.0533180236816406 0.00883865356445313 0.2506103515625 0.74481201171875
-0.00683021545410156 -0.02142333984375 -0.4073486328125 0.8543701171875
0.0288429260253906 -0.00534820556640625 -0.65509033203125 0.33880615234375
0.0466117858886719 0.0388679504394531 -0.00215911865234374 0.0896072387695312
0.0556526184082031 0.0259284973144531 0.75579833984375 -0.1844482421875
0.0274028778076172 -0.00688362121582031 0.536865234375 -0.8172607421875
-0.0310726165771484 -0.0243644714355469 -0.32501220703125 -0.7835693359375
-0.0589256286621094 -0.00491714477539063 -0.62554931640625 -0.14556884765625
-0.0276508331298828 0.0189495086669922 -0.43341064453125 0.2147216796875
-0.002685546875 0.0242347717285156 -0.0711517333984375 0.280517578125
-0.000890254974365234 0.00626564025878906 0.169342041015625 0.143356323242188
0.00347256660461426 0.00274467468261719 -0.122238159179687 -0.161087036132813
0.01605224609375 0.0222225189208984 0.134231567382813 -0.257919311523438
0.00300121307373047 0.0155324935913086 0.42596435546875 -0.15869140625
-0.027923583984375 0.00506019592285156 0.58477783203125 0.2281494140625
-0.0545082092285156 0.0118446350097656 0.20245361328125 0.7677001953125
-0.0125761032104492 -0.0118188858032227 -0.4658203125 0.8382568359375
0.0147638320922852 0.00175094604492188 -0.67340087890625 0.31195068359375
0.0303306579589844 0.0358848571777344 0.0113983154296875 0.0837326049804687
0.0410270690917969 0.0243797302246094 0.7396240234375 -0.22210693359375
0.0147809982299805 -0.00158977508544922 0.4735107421875 -0.8372802734375
-0.0341110229492188 -0.018463134765625 -0.37200927734375 -0.75323486328125
-0.0530242919921875 -0.00312423706054687 -0.63165283203125 -0.1075439453125
-0.0211677551269531 0.0175361633300781 -0.42388916015625 0.239471435546875
0.00195121765136719 0.0230655670166016 -0.0634765625 0.291015625
-0.00191354751586914 0.00614452362060547 0.168975830078125 0.1484375
0.00607681274414062 -0.00328731536865234 -0.117401123046875 -0.158615112304688
0.0226802825927734 0.0205211639404297 0.142547607421875 -0.246322631835938
0.0123586654663086 0.0125865936279297 0.432586669921875 -0.129974365234375
-0.0230236053466797 0.00582122802734375 0.56951904296875 0.269287109375
-0.0541496276855469 0.0155410766601562 0.150634765625 0.79156494140625
-0.0181350708007813 -0.00752449035644532 -0.522705078125 0.81707763671875
0.00263571739196777 0.00254487991333008 -0.6802978515625 0.2816162109375
0.0225906372070313 0.0322132110595703 0.0319671630859375 0.079071044921875
0.0278358459472656 0.0231742858886719 0.72607421875 -0.2596435546875
0.00406217575073242 0.00366497039794922 0.4085693359375 -0.8551025390625
-0.0355644226074219 -0.00804901123046875 -0.42156982421875 -0.715576171875
-0.0438995361328125 0.00189971923828125 -0.63067626953125 -0.0628662109375001
-0.00933361053466797 0.0167531967163086 -0.40814208984375 0.265533447265625
0.0112571716308594 0.0214691162109375 -0.05279541015625 0.299224853515625
-0.00231337547302246 -9.39369201660153E-05 0.170486450195313 0.155410766601563
0.00812196731567383 -0.00672245025634766 -0.115158081054688 -0.154281616210938
0.0322494506835938 0.0169486999511719 0.149948120117188 -0.235061645507813
0.0235862731933594 0.0109424591064453 0.43896484375 -0.10247802734375
-0.016387939453125 0.00968647003173828 0.556915283203125 0.309844970703125
-0.0564727783203125 0.0225791931152344 0.10235595703125 0.8167724609375
-0.0226802825927734 -0.00269889831542969 -0.57379150390625 0.795654296875
-0.000446975231170654 0.000479042530059814 -0.68487548828125 0.25311279296875
0.0196952819824219 0.0276966094970703 0.0563278198242187 0.0722732543945313
0.0250091552734375 0.0158653259277344 0.71466064453125 -0.29608154296875
-0.00361156463623047 0.00567245483398438 0.353515625 -0.869873046875
-0.0349159240722656 0.00151443481445313 -0.46173095703125 -0.6790771484375
-0.0329647064208984 0.00478553771972656 -0.62921142578125 -0.0234375
0.00441837310791016 0.0162572860717773 -0.395965576171875 0.2890625
0.0192298889160156 0.0128936767578125 -0.044647216796875 0.303558349609375
-0.0049891471862793 -0.00301027297973633 0.17156982421875 0.155670166015625
0.0115814208984375 -0.0179729461669922 -0.108322143554688 -0.154266357421875
0.0394935607910156 0.01104736328125 0.154022216796875 -0.231124877929687
0.0382728576660156 0.0115776062011719 0.44036865234375 -0.08587646484375
-0.00684928894042969 0.0185279846191406 0.54815673828125 0.337646484375
-0.0589141845703125 0.0308036804199219 0.07086181640625 0.82965087890625
-0.0269432067871094 -0.00201988220214844 -0.60345458984375 0.77825927734375
-0.000364303588867188 -0.00442218780517578 -0.6802978515625 0.227783203125
0.0265865325927734 0.0175189971923828 0.0765609741210938 0.07000732421875
0.0227622985839844 0.007232666015625 0.70782470703125 -0.32269287109375
-0.00858020782470703 0.00803995132446289 0.3162841796875 -0.88006591796875
-0.0332450866699219 0.0116615295410156 -0.48541259765625 -0.6533203125
-0.0206222534179688 0.00976371765136718 -0.62646484375 0.00341796874999988
0.0194187164306641 0.0130252838134766 -0.386199951171875 0.299072265625
0.0301475524902344 0.00730705261230469 -0.0379638671875 0.304901123046875
-0.0039825439453125 -0.0109930038452148 0.173980712890625 0.155624389648438
0.0098419189453125 -0.02496337890625 -0.103607177734375 -0.157684326171875
0.0495376586914063 0.00563430786132813 0.156219482421875 -0.231002807617188
0.0485496520996094 0.010894775390625 0.44635009765625 -0.076690673828125
0.00203895568847656 0.0254344940185547 0.545928955078125 0.35498046875
-0.057342529296875 0.03759765625 0.060302734375 0.83892822265625
-0.0253047943115234 -0.00469970703125 -0.61407470703125 0.76953125
0.0105361938476563 -0.0132932662963867 -0.67132568359375 0.22076416015625
0.0422439575195313 0.0133094787597656 0.09307861328125 0.06756591796875
0.0268840789794922 5.7220458984375E-05 0.70794677734375 -0.33782958984375
-0.0113725662231445 0.00830841064453125 0.30145263671875 -0.8851318359375
-0.0304069519042969 0.0174579620361328 -0.4971923828125 -0.6451416015625
-0.0107860565185547 0.013087272644043 -0.6234130859375 0.0147094726562501
0.0320529937744141 0.0101757049560547 -0.3846435546875 0.3021240234375
0.0347633361816406 -0.00251007080078125 -0.03955078125 0.2998046875
-0.00380706787109375 -0.0166959762573242 0.171783447265625 0.149154663085938
0.0129375457763672 -0.0312538146972656 -0.10284423828125 -0.161956787109375
0.0555000305175781 -0.00222015380859375 0.157058715820313 -0.235992431640625
0.0592803955078125 0.0111274719238281 0.44830322265625 -0.082305908203125
0.0113811492919922 0.0326519012451172 0.556182861328125 0.351654052734375
-0.0556411743164063 0.0416755676269531 0.07659912109375 0.839111328125
-0.0245609283447266 -0.00977516174316406 -0.59808349609375 0.77569580078125
0.0225124359130859 -0.0221214294433594 -0.66082763671875 0.223876953125
0.0596885681152344 0.00835037231445313 0.100799560546875 0.0676422119140625
0.0355491638183594 -0.0100517272949219 0.7169189453125 -0.34027099609375
-0.00982952117919922 0.00573348999023437 0.31256103515625 -0.8883056640625
-0.0290641784667969 0.0218925476074219 -0.491943359375 -0.65118408203125
-0.0013580322265625 0.0181026458740234 -0.62286376953125 0.00720214843750002
0.0397682189941406 0.00922775268554688 -0.38836669921875 0.2965087890625
0.0422401428222656 -0.00962448120117188 -0.0435791015625 0.292816162109375
-0.00108718872070312 -0.0233020782470703 0.17218017578125 0.142257690429688
0.0147209167480469 -0.0374412536621094 -0.101882934570312 -0.169464111328125
0.0587997436523437 -0.00812530517578125 0.156173706054688 -0.2459716796875
0.0646591186523438 0.00983428955078125 0.44970703125 -0.09954833984375
0.0174217224121094 0.0371818542480469 0.57049560546875 0.3304443359375
-0.0522499084472656 0.0457305908203125 0.11175537109375 0.830810546875
-0.0219917297363281 -0.0134029388427734 -0.5576171875 0.78912353515625
0.0349407196044922 -0.0310707092285156 -0.64483642578125 0.23687744140625
0.0789794921875 0.00557708740234375 0.0995864868164063 0.0700531005859375
0.0467262268066406 -0.0156478881835938 0.733154296875 -0.3248291015625
-0.00656700134277344 0.000431537628173828 0.3446044921875 -0.88214111328125
-0.0270652770996094 0.0250587463378906 -0.4693603515625 -0.66925048828125
0.00215530395507813 0.0199851989746094 -0.62286376953125 -0.0128784179687501
0.0438766479492188 0.0100975036621094 -0.3931884765625 0.2802734375
0.0458946228027344 -0.0141563415527344 -0.051605224609375 0.285736083984375
0.000349044799804691 -0.0290946960449219 0.169769287109375 0.13531494140625
0.0030670166015625 0.00303411483764648 -0.128921508789063 -0.169845581054688
0.01409912109375 0.0202617645263672 0.124313354492188 -0.278579711914063
-0.000799179077148436 0.0181007385253906 0.41998291015625 -0.18927001953125
-0.0333957672119141 0.00823020935058594 0.60614013671875 0.18359375
-0.0524368286132813 0.00781631469726563 0.26251220703125 0.75140380859375
-0.00617599487304688 -0.0192470550537109 -0.4014892578125 0.86865234375
0.02764892578125 -0.00396347045898438 -0.65911865234375 0.34820556640625
0.0471954345703125 0.0380821228027344 -0.00107574462890625 0.0909881591796875
0.0558586120605469 0.0245895385742188 0.76214599609375 -0.19171142578125
0.0274887084960938 -0.00553321838378906 0.53521728515625 -0.83013916015625
-0.0315532684326172 -0.0244274139404297 -0.33551025390625 -0.78790283203125
-0.0593032836914063 -0.00467300415039062 -0.63323974609375 -0.1424560546875
-0.0287818908691406 0.0210933685302734 -0.43328857421875 0.22357177734375
-0.00206756591796875 0.02398681640625 -0.06793212890625 0.2838134765625
-0.00138282775878906 0.00498437881469727 0.172836303710938 0.1416015625
7.27176666259768E-05 0.00239658355712891 -0.122787475585937 -0.161819458007813
0.0168266296386719 0.0220489501953125 0.13177490234375 -0.261184692382813
0.00250339508056641 0.0152206420898438 0.42816162109375 -0.16217041015625
-0.0307064056396484 0.00526809692382812 0.5914306640625 0.22393798828125
-0.0536918640136719 0.0115547180175781 0.21484375 0.77630615234375
-0.00970840454101563 -0.0146589279174805 -0.45928955078125 0.85394287109375
0.014617919921875 0.00161647796630859 -0.67724609375 0.32257080078125
0.0301246643066406 0.0352210998535156 0.011260986328125 0.0866470336914063
0.041168212890625 0.0243568420410156 0.74554443359375 -0.228271484375
0.0161848068237305 -0.000950813293457031 0.47357177734375 -0.8504638671875
-0.0347862243652344 -0.0154361724853516 -0.3846435546875 -0.758056640625
-0.0531234741210937 -0.000869750976562501 -0.63671875 -0.10137939453125
-0.0214443206787109 0.0209522247314453 -0.426055908203125 0.24908447265625
0.00279998779296875 0.0222549438476563 -0.06146240234375 0.295135498046875
-0.00340747833251953 0.00477695465087891 0.17034912109375 0.147705078125
0.00512981414794922 -0.00308799743652344 -0.1197509765625 -0.157577514648438
0.0229473114013672 0.0190792083740234 0.139114379882813 -0.250808715820313
0.0129098892211914 0.0114336013793945 0.434967041015625 -0.135711669921875
-0.0250053405761719 0.00642585754394531 0.5791015625 0.2674560546875
-0.0561027526855469 0.0174446105957031 0.15972900390625 0.80096435546875
-0.0167875289916992 -0.00647544860839844 -0.51898193359375 0.831298828125
0.00245857238769531 0.00336861610412598 -0.6856689453125 0.29278564453125
0.0203361511230469 0.0322399139404297 0.0318603515625 0.079803466796875
0.0291099548339844 0.0226421356201172 0.7305908203125 -0.26800537109375
0.00543451309204101 0.00373506546020508 0.40460205078125 -0.86822509765625
-0.0369987487792969 -0.0071563720703125 -0.4307861328125 -0.7159423828125
-0.0462455749511719 0.00298690795898437 -0.6385498046875 -0.0589599609375
-0.00906753540039063 0.0192604064941406 -0.410430908203125 0.275054931640625
0.0102405548095703 0.0207099914550781 -0.050750732421875 0.3031005859375
-0.00472879409790039 0.0028071403503418 0.174285888671875 0.1553955078125
0.00660228729248047 -0.0089120864868164 -0.115829467773437 -0.1572265625
0.0309829711914063 0.0161819458007813 0.14739990234375 -0.23968505859375
0.0227813720703125 0.0112476348876953 0.439605712890625 -0.110198974609375
-0.017003059387207 0.0113401412963867 0.5643310546875 0.3089599609375
-0.0573272705078125 0.0225982666015625 0.1109619140625 0.823974609375
-0.0231704711914063 -0.00353050231933594 -0.5716552734375 0.81109619140625
-0.000878751277923584 -0.00102430582046509 -0.689208984375 0.25823974609375
0.0177211761474609 0.0259952545166016 0.05902099609375 0.0748062133789063
0.0242977142333984 0.0153694152832031 0.71832275390625 -0.3055419921875
-0.00141429901123047 0.00594854354858398 0.3497314453125 -0.88470458984375
-0.0357780456542969 0.00265884399414063 -0.47283935546875 -0.68280029296875
-0.0342655181884766 0.00605392456054687 -0.6373291015625 -0.0162963867187499
0.00338840484619141 0.0172348022460938 -0.398162841796875 0.2957763671875
0.018768310546875 0.0149803161621094 -0.04034423828125 0.307464599609375
-0.00470638275146484 -0.00206470489501953 0.17486572265625 0.156509399414063
0.00864982604980469 -0.0158290863037109 -0.111251831054688 -0.1571044921875
0.0388832092285156 0.0111045837402344 0.150527954101563 -0.234268188476563
0.0378227233886719 0.0120162963867187 0.445343017578125 -0.09051513671875
-0.00843620300292969 0.0168352127075195 0.55731201171875 0.3388671875
-0.0579299926757812 0.030426025390625 0.0819702148437501 0.839111328125
-0.0253868103027344 -0.00281333923339843 -0.6026611328125 0.79217529296875
-0.00119781494140625 -0.00518608093261719 -0.68646240234375 0.23675537109375
0.0258865356445312 0.0186138153076172 0.0781936645507813 0.0695114135742188
0.0230216979980469 0.006439208984375 0.71051025390625 -0.3309326171875
-0.00778675079345703 0.00994682312011719 0.31317138671875 -0.88775634765625
-0.0355415344238281 0.012359619140625 -0.49951171875 -0.65704345703125
-0.0200214385986328 0.0092010498046875 -0.63299560546875 0.0104980468750001
0.0203857421875 0.0132217407226562 -0.387786865234375 0.30767822265625
0.0276584625244141 0.00887870788574219 -0.03643798828125 0.30865478515625
-0.00431442260742187 -0.00953769683837891 0.175979614257813 0.155899047851563
0.0103950500488281 -0.0247097015380859 -0.1065673828125 -0.15972900390625
0.0484580993652344 0.00304794311523438 0.156890869140625 -0.235488891601563
0.0502204895019531 0.0111427307128906 0.4515380859375 -0.084625244140625
0.00170707702636719 0.0271224975585937 0.557037353515625 0.35504150390625
-0.0568656921386719 0.037841796875 0.07049560546875 0.85009765625
-0.0265636444091797 -0.00408554077148438 -0.61004638671875 0.7838134765625
0.00836563110351563 -0.012965202331543 -0.6761474609375 0.22802734375
0.0414543151855469 0.0124435424804688 0.0932693481445312 0.0683822631835938
0.0267467498779297 -0.00195121765136719 0.71142578125 -0.345458984375
-0.0090627670288086 0.00908470153808594 0.296875 -0.89532470703125
-0.0300388336181641 0.0203514099121094 -0.50726318359375 -0.64642333984375
-0.00958633422851563 0.0139646530151367 -0.63177490234375 0.02093505859375
0.0308589935302734 0.0107307434082031 -0.385345458984375 0.310272216796875
0.0357284545898438 -0.00122833251953125 -0.03717041015625 0.3045654296875
-0.00417232513427734 -0.0174369812011719 0.17584228515625 0.15093994140625
0.0135974884033203 -0.0326290130615234 -0.1053466796875 -0.165283203125
0.0556297302246094 -0.00362014770507812 0.157424926757813 -0.241134643554688
0.0593681335449219 0.0108528137207031 0.45166015625 -0.087890625
0.0101318359375 0.0321998596191406 0.565673828125 0.3507080078125
-0.0568122863769531 0.0432281494140625 0.08404541015625 0.849609375
-0.0246505737304688 -0.008514404296875 -0.5955810546875 0.78948974609375
0.0218620300292969 -0.0224399566650391 -0.66607666015625 0.23138427734375
0.05902099609375 0.00731277465820313 0.102096557617188 0.067047119140625
0.0361747741699219 -0.0103950500488281 0.72210693359375 -0.34808349609375
-0.00925064086914063 0.00604438781738281 0.30548095703125 -0.9007568359375
-0.0279140472412109 0.0238094329833984 -0.5037841796875 -0.65179443359375
-0.00137519836425781 0.0178108215332031 -0.62994384765625 0.0154418945312501
0.0397529602050781 0.009368896484375 -0.38653564453125 0.30474853515625
0.04296875 -0.009735107421875 -0.0426025390625 0.296783447265625
-0.00160789489746094 -0.0236415863037109 0.174606323242188 0.1429443359375
0.0123519897460938 -0.0381889343261719 -0.103469848632813 -0.172607421875
0.0579681396484375 -0.0103836059570313 0.155563354492188 -0.250015258789063
0.0655670166015625 0.00932693481445312 0.453704833984375 -0.103515625
0.0152435302734375 0.0380973815917969 0.57958984375 0.32891845703125
-0.0525665283203125 0.0475807189941406 0.12139892578125 0.84014892578125
-0.0196876525878906 -0.0134429931640625 -0.55499267578125 0.802734375
0.0349311828613281 -0.0314426422119141 -0.64984130859375 0.2454833984375
0.0778579711914063 0.003173828125 0.101325988769531 0.0706100463867188
0.0491943359375 -0.0159149169921875 0.73583984375 -0.33123779296875
-0.00576066970825195 0.00125932693481445 0.3419189453125 -0.89483642578125
-0.0277671813964844 0.0252399444580078 -0.479248046875 -0.67156982421875
0.00386428833007812 0.0210666656494141 -0.6300048828125 -0.00848388671874993
0.0429306030273438 0.0104522705078125 -0.394927978515625 0.28753662109375
0.0467376708984375 -0.015777587890625 -0.04974365234375 0.289337158203125
0.000209808349609373 -0.0300369262695313 0.172988891601563 0.136138916015625
0.00222945213317871 0.0043635368347168 -0.134918212890625 -0.170578002929688
0.0141010284423828 0.0200729370117188 0.1221923828125 -0.282562255859375
-0.00179290771484375 0.0179119110107422 0.422760009765625 -0.19769287109375
-0.0338497161865234 0.00932121276855469 0.61358642578125 0.1793212890625
-0.0541000366210938 0.00989532470703124 0.27325439453125 0.75665283203125
-0.00465965270996094 -0.0208587646484375 -0.39727783203125 0.88201904296875
0.0278186798095703 -0.00539970397949219 -0.66162109375 0.359375
0.0486984252929688 0.0373687744140625 -0.0012359619140625 0.0908966064453125
0.0568084716796875 0.026031494140625 0.76531982421875 -0.201416015625
0.0294437408447266 -0.00570869445800781 0.53021240234375 -0.84259033203125
-0.0319480895996094 -0.0227775573730469 -0.3482666015625 -0.79095458984375
-0.0607795715332031 -0.00152206420898437 -0.642333984375 -0.13616943359375
-0.029144287109375 0.0219020843505859 -0.435272216796875 0.232330322265625
-0.0015106201171875 0.0241203308105469 -0.0662841796875 0.290130615234375
-0.00303363800048828 0.00446081161499023 0.175323486328125 0.140655517578125
0.00288653373718262 0.00251531600952148 -0.127243041992187 -0.162979125976563
0.0173912048339844 0.0203285217285156 0.129745483398437 -0.267913818359375
0.00242900848388672 0.0135335922241211 0.429962158203125 -0.171539306640625
-0.0319557189941406 0.00715446472167969 0.59942626953125 0.2216796875
-0.0537071228027344 0.0124320983886719 0.22625732421875 0.78497314453125
-0.0110616683959961 -0.0131559371948242 -0.45703125 0.8687744140625
0.0118465423583984 0.000782966613769531 -0.67999267578125 0.33349609375
0.031646728515625 0.0361404418945312 0.0126495361328125 0.085693359375
0.0415687561035156 0.0250320434570313 0.75 -0.23699951171875
0.0183010101318359 0.0001068115234375 0.4677734375 -0.86480712890625
-0.033416748046875 -0.0149421691894531 -0.3951416015625 -0.76165771484375
-0.0558357238769531 -0.001556396484375 -0.6461181640625 -0.095703125
-0.0196399688720703 0.0199604034423828 -0.427734375 0.257293701171875
0.00465965270996094 0.0244083404541016 -0.057952880859375 0.301544189453125
-0.00346517562866211 0.00557613372802734 0.176361083984375 0.149169921875
0.00265622138977051 -0.00197553634643555 -0.122756958007813 -0.158782958984375
0.0225772857666016 0.0181617736816406 0.138320922851563 -0.25372314453125
0.0131759643554688 0.0117340087890625 0.437652587890625 -0.140899658203125
-0.0253086090087891 0.00741386413574219 0.587646484375 0.265380859375
-0.0536956787109375 0.0197601318359375 0.1724853515625 0.80841064453125
-0.0174379348754883 -0.00679683685302734 -0.5157470703125 0.84735107421875
0.00199103355407715 0.00310540199279785 -0.68890380859375 0.3018798828125
0.0195636749267578 0.0319290161132813 0.0332717895507812 0.0811386108398438
0.0301170349121094 0.0224037170410156 0.73291015625 -0.27557373046875
0.00543117523193359 0.00372314453125 0.40155029296875 -0.8792724609375
-0.0368499755859375 -0.00665664672851562 -0.4451904296875 -0.71929931640625
-0.0456390380859375 0.00278854370117187 -0.64556884765625 -0.0506591796874999
-0.00730514526367187 0.0187854766845703 -0.410308837890625 0.2816162109375
0.0118064880371094 0.0204372406005859 -0.046966552734375 0.3072509765625
-0.00267267227172852 0.00177717208862305 0.17779541015625 0.154510498046875
0.00510740280151367 -0.00875377655029297 -0.121139526367188 -0.156951904296875
0.0318050384521484 0.0134105682373047 0.145858764648438 -0.244094848632813
0.0223712921142578 0.00936508178710938 0.4454345703125 -0.117218017578125
-0.0184993743896484 0.0117454528808594 0.5751953125 0.30810546875
-0.0561714172363281 0.0242156982421875 0.125732421875 0.831298828125
-0.0209522247314453 -0.00368118286132812 -0.5675048828125 0.82763671875
-0.00200557708740234 -0.000159978866577148 -0.69293212890625 0.27154541015625
0.0198726654052734 0.0267677307128906 0.0581130981445313 0.0746612548828125
0.0254077911376953 0.0152626037597656 0.72052001953125 -0.31463623046875
-0.00104475021362305 0.00763750076293945 0.3424072265625 -0.895751953125
-0.0356483459472656 0.002685546875 -0.4866943359375 -0.6826171875
-0.0348396301269531 0.00693321228027343 -0.64349365234375 -0.0105590820312499
0.00536632537841797 0.01580810546875 -0.397308349609375 0.302154541015625
0.0188961029052734 0.0142612457275391 -0.0372314453125 0.3125
-0.00565958023071289 -0.00250101089477539 0.177932739257813 0.156356811523437
0.00794410705566406 -0.0176982879638672 -0.114532470703125 -0.156890869140625
0.041656494140625 0.0102806091308594 0.151840209960937 -0.239166259765625
0.0365142822265625 0.0110282897949219 0.448394775390625 -0.09747314453125
-0.00847053527832031 0.0186977386474609 0.56683349609375 0.3369140625
-0.0580215454101563 0.0318489074707031 0.0954589843750001 0.84832763671875
-0.0242633819580078 -0.00172805786132812 -0.5999755859375 0.80828857421875
-0.00162076950073242 -0.00529193878173828 -0.689453125 0.248291015625
0.0251197814941406 0.0179500579833984 0.079803466796875 0.0705184936523438
0.0236358642578125 0.00672149658203125 0.71612548828125 -0.34027099609375
-0.00735282897949219 0.0105609893798828 0.3057861328125 -0.90234375
-0.0330448150634766 0.0148468017578125 -0.51116943359375 -0.6568603515625
-0.0227508544921875 0.0114192962646484 -0.64013671875 0.0145263671874999
0.0194091796875 0.0127067565917969 -0.38848876953125 0.318115234375
0.0292758941650391 0.00616836547851563 -0.033782958984375 0.313140869140625
-0.00512981414794922 -0.0103969573974609 0.178543090820313 0.15478515625
0.00944900512695312 -0.0247325897216797 -0.111099243164063 -0.159454345703125
0.0496368408203125 0.00466537475585938 0.1553955078125 -0.239349365234375
0.0507240295410156 0.0113258361816406 0.45452880859375 -0.088653564453125
0.000875473022460936 0.0264034271240234 0.56707763671875 0.3525390625
-0.0567245483398438 0.0386543273925781 0.083984375 0.8587646484375
-0.0257301330566406 -0.00577545166015625 -0.60711669921875 0.8004150390625
0.0083160400390625 -0.0138282775878906 -0.6812744140625 0.23858642578125
0.0410346984863281 0.0132217407226563 0.09625244140625 0.06768798828125
0.0274791717529297 -0.00111770629882813 0.71649169921875 -0.35858154296875
-0.0106592178344727 0.0112504959106445 0.2891845703125 -0.90753173828125
-0.0315895080566406 0.0220565795898438 -0.52252197265625 -0.645751953125
-0.00950431823730469 0.0138559341430664 -0.63775634765625 0.0296020507812499
0.0310020446777344 0.00872611999511719 -0.384613037109375 0.320281982421875
0.0368499755859375 -0.0028839111328125 -0.0341796875 0.307525634765625
-0.00389957427978516 -0.0175027847290039 0.179031372070313 0.14874267578125
0.010833740234375 -0.0326442718505859 -0.108108520507812 -0.16546630859375
0.0553245544433594 -0.00384140014648437 0.1552734375 -0.244903564453125
0.0604171752929688 0.0104751586914062 0.456939697265625 -0.09490966796875
0.00962829589843751 0.0344352722167969 0.57489013671875 0.3494873046875
-0.0550041198730469 0.0472869873046875 0.0989990234375001 0.85858154296875
-0.0234508514404297 -0.00868225097656249 -0.5924072265625 0.80706787109375
0.0202045440673828 -0.0229511260986328 -0.66943359375 0.24102783203125
0.0597496032714844 0.00624847412109375 0.103630065917969 0.067962646484375
0.0357742309570312 -0.0110816955566406 0.72357177734375 -0.35760498046875
-0.00861215591430664 0.0060272216796875 0.30126953125 -0.910888671875
-0.0277233123779297 0.0247325897216797 -0.5142822265625 -0.65228271484375
-0.00149726867675781 0.0179557800292969 -0.63525390625 0.0225219726562499
0.0400466918945313 0.00896835327148438 -0.387969970703125 0.31494140625
0.0433464050292969 -0.0111770629882813 -0.03753662109375 0.301483154296875
-0.00254249572753906 -0.0254535675048828 0.178192138671875 0.141891479492188
0.0119705200195312 -0.0382499694824219 -0.106521606445313 -0.173919677734375
0.0587005615234375 -0.0116729736328125 0.1536865234375 -0.2574462890625
0.0657424926757813 0.00883865356445313 0.455291748046875 -0.11053466796875
0.0174789428710938 0.03765869140625 0.59124755859375 0.3260498046875
-0.05084228515625 0.0487098693847656 0.1358642578125 0.84918212890625
-0.0189323425292969 -0.0144214630126953 -0.5491943359375 0.81787109375
0.0334281921386719 -0.0321464538574219 -0.6536865234375 0.25421142578125
0.078887939453125 0.00266265869140625 0.100868225097656 0.0692291259765625
0.0471458435058594 -0.0164146423339844 0.73876953125 -0.3433837890625
-0.00585269927978516 0.00244569778442383 0.3355712890625 -0.90655517578125
-0.0246543884277344 0.0272903442382813 -0.493408203125 -0.67431640625
0.00409889221191406 0.02197265625 -0.6375732421875 0.000976562499999984
0.04449462890625 0.0096588134765625 -0.394805908203125 0.298858642578125
0.0468177795410156 -0.0159378051757812 -0.047454833984375 0.29290771484375
-0.00150489807128906 -0.0293655395507813 0.175918579101563 0.135696411132813
0.00109505653381348 0.00267577171325684 -0.137741088867188 -0.170272827148437
0.0127754211425781 0.0202274322509766 0.117950439453125 -0.286712646484375
-0.00230979919433594 0.0181312561035156 0.42535400390625 -0.204620361328125
-0.034210205078125 0.0100479125976563 0.624755859375 0.17364501953125
-0.0520782470703125 0.0125389099121094 0.28826904296875 0.7623291015625
-0.00473594665527344 -0.021514892578125 -0.3865966796875 0.89617919921875
0.0272655487060547 -0.00468254089355469 -0.66290283203125 0.37030029296875
0.0469779968261719 0.03753662109375 0.000526428222656248 0.0928573608398438
0.0571212768554688 0.0258750915527344 0.768310546875 -0.21099853515625
0.0305690765380859 -0.00604629516601563 0.52777099609375 -0.856201171875
-0.0325698852539063 -0.0232448577880859 -0.3585205078125 -0.7935791015625
-0.0613555908203125 -0.00148010253906249 -0.65093994140625 -0.128662109375
-0.0289516448974609 0.0227108001708984 -0.43695068359375 0.239471435546875
-0.00224113464355469 0.0236606597900391 -0.063629150390625 0.29302978515625
-0.00357770919799805 0.00480794906616211 0.178558349609375 0.140274047851563
0.00245285034179688 0.00194215774536133 -0.13336181640625 -0.162506103515625
0.0168571472167969 0.0201301574707031 0.126693725585938 -0.270401000976563
0.00335884094238281 0.0151119232177734 0.43280029296875 -0.179931640625
-0.0324897766113281 0.00648307800292969 0.6107177734375 0.214599609375
-0.0528144836425781 0.0134544372558594 0.239013671875 0.7911376953125
-0.00863838195800781 -0.013458251953125 -0.4482421875 0.88623046875
0.0113592147827148 0.000659942626953125 -0.6812744140625 0.34552001953125
0.0302639007568359 0.0349674224853516 0.0147705078125 0.0861587524414063
0.0417442321777344 0.0256996154785156 0.75244140625 -0.24884033203125
0.0179252624511719 -0.000707626342773438 0.46405029296875 -0.87762451171875
-0.0365371704101562 -0.0135345458984375 -0.4102783203125 -0.760498046875
-0.0569076538085937 0.000850677490234378 -0.654052734375 -0.0878906249999999
-0.0209541320800781 0.0214881896972656 -0.4273681640625 0.268035888671875
0.00238227844238281 0.0252304077148438 -0.05487060546875 0.304107666015625
-0.00261688232421875 0.00531291961669922 0.180038452148438 0.147628784179688
0.00194597244262695 -0.00256514549255371 -0.127334594726563 -0.159011840820312
0.0220890045166016 0.0177249908447266 0.136550903320313 -0.258560180664062
0.011810302734375 0.0115108489990234 0.44012451171875 -0.1494140625
-0.026611328125 0.00795745849609375 0.59637451171875 0.25970458984375
-0.0539474487304687 0.0196685791015625 0.1865234375 0.8160400390625
-0.014338493347168 -0.00717926025390625 -0.50762939453125 0.86279296875
0.00146722793579102 0.00407099723815918 -0.69293212890625 0.313232421875
0.0179462432861328 0.0315322875976563 0.0348434448242188 0.0801162719726563
0.0311965942382812 0.0218582153320313 0.73638916015625 -0.28619384765625
0.00671911239624023 0.00488471984863281 0.392822265625 -0.89056396484375
-0.0373649597167969 -0.00348663330078126 -0.46002197265625 -0.7191162109375
-0.0463218688964844 0.00332641601562501 -0.6529541015625 -0.0415649414062501
-0.00867080688476563 0.0206966400146484 -0.409881591796875 0.294036865234375
0.0126533508300781 0.0204925537109375 -0.042388916015625 0.311614990234375
-0.00386548042297363 0.00204968452453613 0.181228637695313 0.156600952148438
0.00399303436279297 -0.00884628295898438 -0.123138427734375 -0.155746459960938
0.0313243865966797 0.0152740478515625 0.144439697265625 -0.24884033203125
0.0226421356201172 0.010345458984375 0.44775390625 -0.123687744140625
-0.0186882019042969 0.0124740600585938 0.58636474609375 0.302978515625
-0.0564994812011719 0.0266799926757813 0.13916015625 0.84027099609375
-0.0200405120849609 -0.00409698486328125 -0.55999755859375 0.84405517578125
-0.00542879104614258 0.000247955322265626 -0.6971435546875 0.28155517578125
0.0193977355957031 0.0240077972412109 0.0596694946289062 0.0750732421875
0.0247535705566406 0.0143470764160156 0.724853515625 -0.32513427734375
-0.000663757324218751 0.00884532928466797 0.33575439453125 -0.9051513671875
-0.0365447998046875 0.00547409057617187 -0.49920654296875 -0.68212890625
-0.0333328247070313 0.00647926330566406 -0.650390625 -0.00207519531250011
0.00574111938476563 0.0162239074707031 -0.397613525390625 0.315216064453125
0.0215053558349609 0.0150890350341797 -0.033447265625 0.31683349609375
-0.00528097152709961 -0.00318050384521484 0.181365966796875 0.1533203125
0.00551605224609375 -0.0183200836181641 -0.116622924804688 -0.157806396484375
0.040130615234375 0.0107154846191406 0.148330688476563 -0.242828369140625
0.0369491577148438 0.0107917785644531 0.45330810546875 -0.104583740234375
-0.0100421905517578 0.0175018310546875 0.57672119140625 0.33428955078125
-0.0561447143554687 0.0341682434082031 0.10748291015625 0.854248046875
-0.023101806640625 -0.00155448913574218 -0.59033203125 0.82440185546875
-0.00375127792358398 -0.00661468505859375 -0.69049072265625 0.25836181640625
0.0249614715576172 0.0189208984375 0.0809402465820313 0.070587158203125
0.0249710083007813 0.00854873657226563 0.716552734375 -0.35064697265625
-0.00756359100341797 0.0106687545776367 0.2974853515625 -0.91217041015625
-0.032440185546875 0.0150775909423828 -0.5245361328125 -0.6556396484375
-0.0221996307373047 0.0113811492919922 -0.644287109375 0.0245971679687499
0.0191307067871094 0.0116519927978516 -0.386871337890625 0.32635498046875
0.0309734344482422 0.00592422485351563 -0.029815673828125 0.316436767578125
-0.00556230545043945 -0.0078272819519043 0.182968139648438 0.154251098632813
0.00853347778320312 -0.0259761810302734 -0.115493774414062 -0.161636352539063
0.0491943359375 0.0020294189453125 0.15362548828125 -0.24383544921875
0.0513076782226562 0.0107536315917969 0.45745849609375 -0.097015380859375
0.00186347961425781 0.0270500183105469 0.57708740234375 0.349609375
-0.0561180114746094 0.0418663024902344 0.0986938476562501 0.86627197265625
-0.0240879058837891 -0.00466156005859374 -0.60107421875 0.816650390625
0.00634098052978516 -0.0143337249755859 -0.683349609375 0.2469482421875
0.0410308837890625 0.0110435485839844 0.0964431762695313 0.0672683715820313
0.0283222198486328 -0.000932693481445313 0.71807861328125 -0.36712646484375
-0.00791645050048828 0.00991249084472656 0.27923583984375 -0.91748046875
-0.0305061340332031 0.0219039916992188 -0.5341796875 -0.6451416015625
-0.0109453201293945 0.0158233642578125 -0.64178466796875 0.0380859375000001
0.0325660705566406 0.0103225708007813 -0.383880615234375 0.330078125
0.037384033203125 -0.00319671630859375 -0.030242919921875 0.312774658203125
-0.00476646423339844 -0.0157546997070313 0.181777954101563 0.148910522460938
0.0109634399414062 -0.03338623046875 -0.111129760742188 -0.1656494140625
0.0557746887207031 -0.00504302978515625 0.152984619140625 -0.249954223632813
0.0599021911621094 0.00963211059570313 0.46051025390625 -0.101593017578125
0.00970077514648437 0.0339488983154297 0.5875244140625 0.3460693359375
-0.0541725158691406 0.0485038757324219 0.1119384765625 0.8660888671875
-0.0223731994628906 -0.00884628295898438 -0.58489990234375 0.822509765625
0.0197544097900391 -0.0236968994140625 -0.6728515625 0.25115966796875
0.0594367980957031 0.00592041015625 0.105621337890625 0.0666732788085938
0.0354385375976562 -0.010009765625 0.7255859375 -0.36944580078125
-0.00786018371582031 0.00758600234985352 0.29229736328125 -0.92034912109375
-0.0278091430664063 0.0269584655761719 -0.52996826171875 -0.6512451171875
-0.00131797790527344 0.0182132720947266 -0.64111328125 0.0316162109375001
0.0402412414550781 0.00827789306640625 -0.3865966796875 0.32275390625
0.0431404113769531 -0.0108680725097656 -0.034149169921875 0.305450439453125
-0.00470542907714844 -0.0244598388671875 0.180999755859375 0.141952514648438
0.0109672546386719 -0.0389938354492188 -0.110855102539063 -0.174636840820313
0.0590171813964844 -0.0137214660644531 0.15045166015625 -0.2607421875
0.0656509399414063 0.00705337524414063 0.45947265625 -0.120330810546875
0.0181465148925781 0.0376853942871094 0.60296630859375 0.3212890625
-0.0495796203613281 0.0498161315917969 0.150390625 0.85601806640625
-0.0194129943847656 -0.013092041015625 -0.54449462890625 0.8336181640625
0.0332889556884766 -0.0338249206542969 -0.6575927734375 0.264404296875
0.0785064697265625 0.0015869140625 0.102287292480469 0.0687103271484375
0.0473709106445313 -0.0169677734375 0.74005126953125 -0.352783203125
-0.00345349311828613 0.00247311592102051 0.3248291015625 -0.91900634765625
-0.0258998870849609 0.0284786224365234 -0.50482177734375 -0.67144775390625
0.00467300415039063 0.0223026275634766 -0.64117431640625 0.00866699218749996
0.0468368530273438 0.00856781005859375 -0.3961181640625 0.309051513671875
0.0475807189941406 -0.0154304504394531 -0.043426513671875 0.297332763671875
-0.00155830383300782 -0.0310688018798828 0.178726196289063 0.134307861328125
-0.000370025634765625 0.00364279747009277 -0.141693115234375 -0.170059204101563
0.0136032104492188 0.0194435119628906 0.11407470703125 -0.291717529296875
-0.00291061401367187 0.0191421508789063 0.423492431640625 -0.214019775390625
-0.0353279113769531 0.00951766967773438 0.6312255859375 0.163818359375
-0.05133056640625 0.0114707946777344 0.3045654296875 0.7646484375
-0.004669189453125 -0.0206699371337891 -0.375244140625 0.90887451171875
0.0250949859619141 -0.00565528869628906 -0.661376953125 0.38214111328125
0.04730224609375 0.0353775024414063 0.000602722167968761 0.0936813354492188
0.058990478515625 0.0248870849609375 0.77056884765625 -0.221923828125
0.0306110382080078 -0.0060272216796875 0.51580810546875 -0.87017822265625
-0.0331058502197266 -0.0230045318603516 -0.37603759765625 -0.7933349609375
-0.062286376953125 -0.000400543212890625 -0.65606689453125 -0.11834716796875
-0.0276870727539063 0.0227184295654297 -0.435577392578125 0.250823974609375
0.00137901306152344 0.0244789123535156 -0.05877685546875 0.29949951171875
-0.00393295288085938 0.00589132308959961 0.18182373046875 0.137908935546875
0.000571012496948242 0.000977575778961182 -0.13739013671875 -0.163589477539062
0.0145130157470703 0.0197887420654297 0.122650146484375 -0.276931762695313
0.00137615203857422 0.0159721374511719 0.432525634765625 -0.185943603515625
-0.0335063934326172 0.00668716430664062 0.61920166015625 0.2073974609375
-0.0526046752929688 0.0130653381347656 0.25390625 0.79437255859375
-0.00844001770019531 -0.0133504867553711 -0.4349365234375 0.8997802734375
0.0101213455200195 0.00180912017822266 -0.68170166015625 0.357177734375
0.0292987823486328 0.0351295471191406 0.0136032104492188 0.0884323120117188
0.0439224243164062 0.0246124267578125 0.75445556640625 -0.25872802734375
0.0181522369384766 0.000255584716796875 0.45159912109375 -0.88555908203125
-0.0363197326660156 -0.0132675170898438 -0.42657470703125 -0.7587890625
-0.0568809509277344 0.00140380859375 -0.659912109375 -0.07720947265625
-0.0202960968017578 0.0218162536621094 -0.42626953125 0.276824951171875
0.00535392761230469 0.0255870819091797 -0.049346923828125 0.30865478515625
-0.00554180145263672 0.00482654571533203 0.181900024414063 0.14471435546875
0.000993490219116211 -0.00168514251708984 -0.133026123046875 -0.158126831054687
0.0226593017578125 0.0183486938476563 0.1348876953125 -0.264938354492188
0.0115184783935547 0.0108842849731445 0.440460205078125 -0.158599853515625
-0.0266532897949219 0.00819778442382813 0.6051025390625 0.25140380859375
-0.0536766052246094 0.0213279724121094 0.2047119140625 0.82110595703125
-0.011815071105957 -0.00727558135986328 -0.4991455078125 0.878662109375
0.0004425048828125 0.00290608406066894 -0.6920166015625 0.3260498046875
0.0184478759765625 0.0301742553710937 0.0365753173828125 0.0810470581054687
0.0314502716064453 0.0207576751708984 0.7384033203125 -0.29791259765625
0.00760030746459961 0.00428581237792969 0.3814697265625 -0.9053955078125
-0.0365371704101563 -0.00310134887695313 -0.47137451171875 -0.71923828125
-0.0477485656738281 0.00532531738281249 -0.65771484375 -0.0302734375
-0.00870323181152344 0.0184555053710938 -0.40869140625 0.30450439453125
0.0135898590087891 0.0225429534912109 -0.03857421875 0.316162109375
-0.00564813613891602 0.0026087760925293 0.183731079101562 0.152145385742187
0.0036468505859375 -0.00991153717041016 -0.128341674804688 -0.156097412109375
0.0303382873535156 0.0133705139160156 0.140594482421875 -0.253875732421875
0.0212211608886719 0.00941658020019531 0.4490966796875 -0.13018798828125
-0.0198860168457031 0.0120258331298828 0.59466552734375 0.29681396484375
-0.0538253784179687 0.0276451110839844 0.15484619140625 0.84637451171875
-0.0184326171875 -0.00232124328613281 -0.5501708984375 0.8585205078125
-0.00475168228149414 0.000788688659667968 -0.697998046875 0.29290771484375
0.0198593139648438 0.0250072479248047 0.0620880126953125 0.0741653442382813
0.0258274078369141 0.0156230926513672 0.72430419921875 -0.33673095703125
0.000680923461914062 0.0079646110534668 0.322021484375 -0.9161376953125
-0.0359992980957031 0.00670242309570313 -0.5140380859375 -0.678466796875
-0.0357589721679687 0.00996017456054688 -0.65411376953125 0.01025390625
0.00630855560302734 0.0163125991821289 -0.39581298828125 0.3240966796875
0.0210475921630859 0.0136547088623047 -0.028076171875 0.3206787109375
-0.00606679916381836 -0.00300216674804688 0.1859130859375 0.155166625976563
0.00596046447753906 -0.0189361572265625 -0.122039794921875 -0.156295776367187
0.0400428771972656 0.00830078125 0.1463623046875 -0.248031616210938
0.0371131896972656 0.00835418701171875 0.45416259765625 -0.11041259765625
-0.00824928283691407 0.0178127288818359 0.587158203125 0.32666015625
-0.0554580688476562 0.0366973876953125 0.1258544921875 0.86126708984375
-0.0225276947021484 -0.000978469848632816 -0.58056640625 0.8404541015625
-0.00521373748779297 -0.00526523590087891 -0.69378662109375 0.27081298828125
0.0244007110595703 0.0174045562744141 0.0813064575195313 0.0703506469726563
0.0241336822509766 0.00922393798828125 0.71527099609375 -0.36175537109375
-0.00588893890380859 0.0125694274902344 0.28656005859375 -0.9207763671875
-0.03436279296875 0.0167560577392578 -0.53717041015625 -0.65264892578125
-0.0227260589599609 0.0110340118408203 -0.6514892578125 0.0354614257812499
0.0212593078613281 0.0124568939208984 -0.3837890625 0.33575439453125
0.031494140625 0.00519943237304688 -0.023101806640625 0.319488525390625
-0.0071568489074707 -0.0079808235168457 0.186187744140625 0.151702880859375
0.00722312927246094 -0.0261898040771484 -0.11767578125 -0.160720825195313
0.0488967895507813 0.00054168701171875 0.150466918945313 -0.248336791992188
0.0508193969726563 0.00899505615234375 0.45758056640625 -0.105072021484375
-0.000171661376953124 0.0273265838623047 0.58837890625 0.3431396484375
-0.055511474609375 0.0432205200195313 0.11248779296875 0.8739013671875
-0.0230445861816406 -0.00489997863769531 -0.59112548828125 0.8333740234375
0.00836753845214844 -0.0150375366210938 -0.68426513671875 0.26043701171875
0.0408248901367187 0.0113334655761719 0.0978775024414063 0.0663375854492187
0.0288600921630859 -0.00098419189453125 0.71661376953125 -0.37933349609375
-0.0074319839477539 0.0112524032592773 0.2681884765625 -0.92657470703125
-0.0299606323242188 0.0235633850097656 -0.54833984375 -0.64129638671875
-0.0105600357055664 0.0143671035766602 -0.64569091796875 0.0480346679687499
0.0328483581542969 0.00945854187011719 -0.3822021484375 0.338653564453125
0.0370292663574219 -0.00312423706054687 -0.02423095703125 0.317657470703125
-0.00727939605712891 -0.016749382019043 0.184310913085938 0.148284912109375
0.00939178466796875 -0.0347785949707031 -0.114883422851563 -0.167404174804688
0.0559577941894531 -0.005401611328125 0.149398803710938 -0.255569458007813
0.0606460571289062 0.00776290893554687 0.461822509765625 -0.10968017578125
0.00920867919921875 0.0351982116699219 0.59881591796875 0.3389892578125
-0.0525474548339844 0.0508575439453125 0.12921142578125 0.87103271484375
-0.0219020843505859 -0.00864219665527344 -0.5750732421875 0.83734130859375
0.0180683135986328 -0.0246219635009766 -0.674072265625 0.26190185546875
0.0590629577636719 0.0038299560546875 0.106224060058594 0.0649032592773438
0.03717041015625 -0.0105476379394531 0.72381591796875 -0.38128662109375
-0.00675296783447266 0.00757646560668945 0.28021240234375 -0.93310546875
-0.0263004302978516 0.0288257598876953 -0.54400634765625 -0.645751953125
-0.000787734985351561 0.0197505950927734 -0.64642333984375 0.041748046875
0.0407562255859375 0.00719451904296875 -0.384613037109375 0.333984375
0.0435142517089844 -0.0125236511230469 -0.028533935546875 0.309539794921875
-0.00484848022460938 -0.0240440368652344 0.185623168945313 0.13916015625
0.00918579101562501 -0.0386390686035156 -0.115203857421875 -0.174407958984375
0.0584182739257812 -0.0131950378417969 0.146621704101562 -0.267013549804687
0.0665779113769531 0.00707626342773438 0.460174560546875 -0.12847900390625
0.0164718627929688 0.0380897521972656 0.61077880859375 0.31756591796875
-0.0491600036621094 0.052459716796875 0.1669921875 0.8629150390625
-0.0195217132568359 -0.0122852325439453 -0.53460693359375 0.84661865234375
0.0310211181640625 -0.0342559814453125 -0.65655517578125 0.27557373046875
0.0795745849609375 -0.00032806396484375 0.106002807617187 0.0665130615234375
0.048919677734375 -0.0196342468261719 0.73944091796875 -0.36456298828125
-0.00442647933959961 0.00194931030273437 0.31494140625 -0.92901611328125
-0.0276889801025391 0.030975341796875 -0.5189208984375 -0.6685791015625
0.00362777709960938 0.0238895416259766 -0.64605712890625 0.0200805664062501
0.0462150573730469 0.00793838500976563 -0.392608642578125 0.317413330078125
0.0468025207519531 -0.0171585083007812 -0.038055419921875 0.301055908203125
-0.00337982177734375 -0.0288257598876953 0.1817626953125 0.132186889648438
-0.000197887420654296 0.00415325164794922 -0.146697998046875 -0.16888427734375
0.0135555267333984 0.0195636749267578 0.109222412109375 -0.2952880859375
-0.00160789489746094 0.0189647674560547 0.421661376953125 -0.22393798828125
-0.0373458862304688 0.0110740661621094 0.63983154296875 0.15692138671875
-0.0509796142578125 0.0129966735839844 0.3199462890625 0.7626953125
-0.00464630126953125 -0.0215797424316406 -0.36199951171875 0.9227294921875
0.0248394012451172 -0.00639533996582031 -0.65789794921875 0.3956298828125
0.047637939453125 0.0359725952148438 0.00153350830078126 0.0927352905273438
0.0605392456054688 0.0244598388671875 0.77264404296875 -0.2347412109375
0.0309619903564453 -0.00551223754882812 0.50537109375 -0.8809814453125
-0.0328235626220703 -0.0208148956298828 -0.3927001953125 -0.7916259765625
-0.0625762939453125 0.000724792480468764 -0.66265869140625 -0.1112060546875
-0.028289794921875 0.0231437683105469 -0.432891845703125 0.26171875
0.000305175781249997 0.0239067077636719 -0.054168701171875 0.301666259765625
-0.00448513031005859 0.0041351318359375 0.184951782226563 0.13641357421875
0.000756025314331054 0.00185799598693848 -0.143356323242188 -0.161117553710938
0.0161075592041016 0.0201320648193359 0.121307373046875 -0.28070068359375
0.00275516510009766 0.0150880813598633 0.432403564453125 -0.19500732421875
-0.0339012145996094 0.00905036926269532 0.62518310546875 0.1976318359375
-0.0519371032714844 0.0165824890136719 0.2723388671875 0.79364013671875
-0.00622272491455078 -0.0138921737670898 -0.421142578125 0.91278076171875
0.00923824310302734 0.000600814819335938 -0.67730712890625 0.3719482421875
0.0281105041503906 0.0346126556396484 0.0144805908203125 0.08868408203125
0.0451889038085938 0.0240249633789063 0.75323486328125 -0.27215576171875
0.0217819213867188 -0.00079345703125 0.43975830078125 -0.900390625
-0.0350341796875 -0.00994300842285157 -0.44110107421875 -0.75653076171875
-0.0572738647460938 0.00339889526367188 -0.66607666015625 -0.0670776367187499
-0.0197029113769531 0.0225391387939453 -0.424346923828125 0.285736083984375
0.00386810302734375 0.0261116027832031 -0.0421142578125 0.312744140625
-0.007110595703125 0.00495290756225586 0.184921264648438 0.143753051757813
0.00107884407043457 -0.00344586372375488 -0.135513305664062 -0.157119750976563
0.02325439453125 0.0166130065917969 0.128280639648437 -0.267425537109375
0.0110578536987305 0.00916099548339844 0.440399169921875 -0.168975830078125
-0.027801513671875 0.00958442687988281 0.61517333984375 0.24664306640625
-0.053436279296875 0.0215950012207031 0.2203369140625 0.822998046875
-0.0135593414306641 -0.00523185729980469 -0.48382568359375 0.89385986328125
-0.0015418529510498 0.00365567207336426 -0.6912841796875 0.33978271484375
0.0183029174804688 0.0297298431396484 0.0359954833984375 0.0817718505859375
0.0312976837158203 0.0213356018066406 0.7366943359375 -0.30755615234375
0.00856208801269531 0.00419378280639648 0.37078857421875 -0.913330078125
-0.0362014770507813 -0.000205993652343757 -0.48968505859375 -0.713134765625
-0.0486297607421875 0.00799942016601562 -0.66229248046875 -0.0192260742187501
-0.00745010375976562 0.0199222564697266 -0.405975341796875 0.314361572265625
0.0133132934570313 0.0204963684082031 -0.030517578125 0.318389892578125
-0.00583076477050781 0.00420808792114258 0.189498901367188 0.151687622070312
0.00233936309814453 -0.0102291107177734 -0.131439208984375 -0.156295776367187
0.0309886932373047 0.0132789611816406 0.13641357421875 -0.259872436523437
0.0241622924804687 0.0091094970703125 0.448486328125 -0.139739990234375
-0.0190715789794922 0.0130805969238281 0.604248046875 0.28900146484375
-0.0532722473144531 0.0279731750488281 0.1719970703125 0.84967041015625
-0.0187168121337891 -0.00449371337890625 -0.53570556640625 0.8740234375
-0.00452136993408203 0.00260829925537109 -0.69482421875 0.307373046875
0.0179595947265625 0.0247039794921875 0.0634307861328125 0.0751266479492188
0.0267333984375 0.0160007476806641 0.7232666015625 -0.3486328125
0.00129556655883789 0.00821447372436523 0.31060791015625 -0.925537109375
-0.0357551574707031 0.00830841064453126 -0.527587890625 -0.67413330078125
-0.0362167358398438 0.0123672485351562 -0.66015625 0.0229492187500001
0.0063467025756836 0.0175571441650391 -0.391357421875 0.33209228515625
0.0218677520751953 0.014312744140625 -0.022674560546875 0.323028564453125
-0.00756072998046875 -0.00261116027832031 0.188018798828125 0.152252197265625
0.00391292572021484 -0.0174789428710937 -0.127349853515625 -0.154861450195313
0.0415191650390625 0.00730133056640625 0.142257690429688 -0.252975463867188
0.03533935546875 0.00836181640625 0.45404052734375 -0.120269775390625
-0.00835609436035156 0.0210285186767578 0.59674072265625 0.31878662109375
-0.0554542541503906 0.0371589660644531 0.14227294921875 0.86761474609375
-0.0220584869384766 -0.00205612182617187 -0.57110595703125 0.85723876953125
-0.00556135177612305 -0.003448486328125 -0.6922607421875 0.28369140625
0.0236091613769531 0.0193023681640625 0.0836639404296875 0.0686569213867188
0.0237712860107422 0.00789642333984375 0.7147216796875 -0.37542724609375
-0.00431156158447266 0.0116672515869141 0.2720947265625 -0.93115234375
-0.0337295532226562 0.0181751251220703 -0.55108642578125 -0.64556884765625
-0.0216350555419922 0.0130405426025391 -0.65289306640625 0.0482177734375001
0.0193996429443359 0.0131645202636719 -0.38018798828125 0.34619140625
0.0317497253417969 0.00421333312988281 -0.018402099609375 0.324981689453125
-0.00863742828369141 -0.009552001953125 0.1895751953125 0.151626586914063
0.00622749328613281 -0.0275382995605469 -0.122421264648438 -0.160446166992187
0.0487442016601563 -0.000274658203125 0.147369384765625 -0.253448486328125
0.0511970520019531 0.00912094116210938 0.459503173828125 -0.11358642578125
-0.000726699829101565 0.0271759033203125 0.59759521484375 0.33563232421875
-0.0537109375 0.0435523986816406 0.13116455078125 0.876953125
-0.0229415893554688 -0.00423622131347657 -0.57855224609375 0.848876953125
0.00370597839355469 -0.0135002136230469 -0.6832275390625 0.2720947265625
0.0398330688476563 0.0104179382324219 0.100204467773438 0.0648422241210938
0.0286636352539063 -0.00174140930175781 0.71295166015625 -0.39178466796875
-0.00652027130126953 0.0107879638671875 0.2567138671875 -0.93572998046875
-0.0301513671875 0.0241050720214844 -0.5626220703125 -0.63262939453125
-0.0121707916259766 0.0157928466796875 -0.64923095703125 0.05816650390625
0.0316905975341797 0.00811576843261719 -0.377471923828125 0.349212646484375
0.0366439819335938 -0.00513458251953125 -0.019866943359375 0.320159912109375
-0.00848484039306641 -0.0151767730712891 0.187362670898438 0.144989013671875
0.00785636901855468 -0.034393310546875 -0.119552612304687 -0.165481567382813
0.0557708740234375 -0.00740814208984375 0.146759033203125 -0.259735107421875
0.0606803894042969 0.007659912109375 0.46282958984375 -0.11846923828125
0.0105037689208984 0.0339336395263672 0.60955810546875 0.33306884765625
-0.0516090393066406 0.0500717163085937 0.147705078125 0.8765869140625
-0.0206699371337891 -0.00799179077148437 -0.5614013671875 0.85302734375
0.0171375274658203 -0.0243015289306641 -0.67120361328125 0.27667236328125
0.0580520629882813 0.00359725952148438 0.106521606445313 0.0634918212890625
0.036590576171875 -0.0112457275390625 0.72149658203125 -0.39202880859375
-0.00477695465087891 0.00744390487670898 0.263916015625 -0.94110107421875
-0.0265407562255859 0.0291385650634766 -0.5567626953125 -0.63848876953125
-0.00159835815429687 0.0193500518798828 -0.64892578125 0.0542602539062499
0.0419692993164063 0.00719451904296875 -0.3812255859375 0.343841552734375
0.0439262390136719 -0.0122184753417969 -0.02398681640625 0.31182861328125
-0.00690650939941406 -0.0240249633789063 0.187088012695313 0.137222290039063
0.00821304321289062 -0.0394363403320313 -0.118072509765625 -0.17462158203125
0.0580902099609375 -0.0151405334472656 0.143905639648438 -0.270187377929688
0.0654563903808594 0.00565338134765625 0.462799072265625 -0.137359619140625
0.0160408020019531 0.0372543334960938 0.621337890625 0.30804443359375
-0.0481491088867188 0.0517539978027344 0.18365478515625 0.86444091796875
-0.0180568695068359 -0.0131740570068359 -0.52301025390625 0.86346435546875
0.0310306549072266 -0.0346565246582031 -0.6568603515625 0.28802490234375
0.0791549682617188 9.1552734375E-05 0.105606079101563 0.0661163330078125
0.0483169555664063 -0.0202178955078125 0.73968505859375 -0.3756103515625
-0.0018155574798584 0.00229716300964355 0.30181884765625 -0.938232421875
-0.0244255065917969 0.0298919677734375 -0.5362548828125 -0.66278076171875
0.00507736206054687 0.0230998992919922 -0.650146484375 0.0326538085937499
0.0466079711914063 0.00756072998046875 -0.389923095703125 0.328460693359375
0.0478363037109375 -0.0197219848632813 -0.0328369140625 0.304107666015625
-0.00528335571289062 -0.0293312072753906 0.1844482421875 0.13018798828125
0.000672817230224609 0.0034024715423584 -0.150787353515625 -0.166717529296875
0.0122642517089844 0.0176792144775391 0.104583740234375 -0.299530029296875
-0.00309371948242188 0.0184440612792969 0.4180908203125 -0.23236083984375
-0.0379867553710938 0.0122947692871094 0.64398193359375 0.14471435546875
-0.0497779846191406 0.0144157409667969 0.3369140625 0.7623291015625
-0.00365638732910156 -0.0212020874023438 -0.34393310546875 0.93304443359375
0.0236968994140625 -0.00710296630859375 -0.65338134765625 0.40850830078125
0.0482521057128906 0.0355224609375 0.00355529785156251 0.0928268432617188
0.0616111755371094 0.0211868286132813 0.7703857421875 -0.2484130859375
0.0321006774902344 -0.00671195983886719 0.49005126953125 -0.891357421875
-0.0334148406982422 -0.0200023651123047 -0.407958984375 -0.78582763671875
-0.0614280700683594 0.00233840942382813 -0.66571044921875 -0.0955200195312499
-0.0279388427734375 0.0238265991210938 -0.431304931640625 0.27239990234375
-0.000381469726562498 0.02532958984375 -0.049041748046875 0.305633544921875
-0.00420522689819336 0.00538921356201172 0.1856689453125 0.134201049804688
5.29289245605468E-05 0.00263047218322754 -0.1453857421875 -0.160324096679688
0.0155811309814453 0.0190658569335938 0.113555908203125 -0.284698486328125
0.00142288208007813 0.0144672393798828 0.42889404296875 -0.206085205078125
-0.0334968566894531 0.0100135803222656 0.63525390625 0.18890380859375
-0.0517425537109375 0.0174179077148437 0.2901611328125 0.79156494140625
-0.00719738006591797 -0.0141916275024414 -0.40765380859375 0.92474365234375
0.00770282745361328 -0.000315189361572266 -0.67327880859375 0.3837890625
0.0297641754150391 0.0340175628662109 0.01629638671875 0.0876541137695313
0.0441818237304688 0.0235748291015625 0.75140380859375 -0.28369140625
0.0211181640625 0.00177764892578125 0.42523193359375 -0.90728759765625
-0.0350971221923828 -0.0105056762695312 -0.45587158203125 -0.75128173828125
-0.0571823120117188 0.004241943359375 -0.66876220703125 -0.0529174804687499
-0.0184040069580078 0.0232105255126953 -0.42034912109375 0.29669189453125
0.00598907470703125 0.0246124267578125 -0.038726806640625 0.315093994140625
-0.00458860397338867 0.00605201721191406 0.187881469726563 0.13958740234375
-0.000958800315856933 -0.0013662576675415 -0.1407470703125 -0.1551513671875
0.0228519439697266 0.0159473419189453 0.123825073242188 -0.272048950195313
0.0116691589355469 0.0126447677612305 0.438720703125 -0.17388916015625
-0.0274906158447266 0.00980567932128906 0.62103271484375 0.2362060546875
-0.0508460998535156 0.0217971801757813 0.2369384765625 0.82318115234375
-0.0136642456054688 -0.00574684143066406 -0.4676513671875 0.9041748046875
-0.00256156921386719 0.00319933891296387 -0.68707275390625 0.35137939453125
0.0177860260009766 0.0298538208007813 0.0386123657226563 0.0801544189453125
0.0337295532226563 0.0197544097900391 0.73211669921875 -0.32147216796875
0.00993156433105469 0.00562667846679688 0.35675048828125 -0.92138671875
-0.0367240905761719 0.000293731689453124 -0.50152587890625 -0.705078125
-0.04815673828125 0.00787734985351562 -0.66552734375 -0.00610351562499992
-0.00724601745605469 0.0204410552978516 -0.401611328125 0.322113037109375
0.0140228271484375 0.0205192565917969 -0.025421142578125 0.321197509765625
-0.00778865814208984 0.00218677520751953 0.191131591796875 0.147857666015625
0.000936508178710938 -0.00897312164306641 -0.134796142578125 -0.154251098632813
0.0312767028808594 0.0116481781005859 0.133071899414063 -0.26177978515625
0.0223751068115234 0.00905036926269531 0.44671630859375 -0.148468017578125
-0.0208454132080078 0.0149345397949219 0.61260986328125 0.2806396484375
-0.0511665344238281 0.0286979675292969 0.18975830078125 0.850830078125
-0.0167627334594727 -0.0037069320678711 -0.52154541015625 0.88580322265625
-0.00828790664672852 0.00246047973632812 -0.69134521484375 0.31951904296875
0.0180091857910156 0.0247173309326172 0.0645523071289062 0.0732192993164063
0.0281352996826172 0.0157642364501953 0.7169189453125 -0.3592529296875
0.00223636627197266 0.00838661193847656 0.29718017578125 -0.93341064453125
-0.0373573303222656 0.00872039794921874 -0.53924560546875 -0.667724609375
-0.0355911254882812 0.0113029479980469 -0.6605224609375 0.0325927734375
0.00798416137695313 0.0168066024780273 -0.38519287109375 0.342864990234375
0.0220699310302734 0.0133552551269531 -0.01751708984375 0.325103759765625
-0.00800752639770508 -0.00289297103881836 0.191253662109375 0.148468017578125
0.00319290161132813 -0.0194015502929688 -0.12982177734375 -0.155258178710937
0.0403671264648438 0.0046844482421875 0.138092041015625 -0.256195068359375
0.0371208190917969 0.0080718994140625 0.454437255859375 -0.131011962890625
-0.010498046875 0.0205936431884766 0.60638427734375 0.31158447265625
-0.0513153076171875 0.0389595031738281 0.15899658203125 0.86773681640625
-0.0214176177978516 0.00130081176757812 -0.55694580078125 0.866943359375
-0.00657463073730469 -0.00695705413818359 -0.69000244140625 0.29541015625
0.0231342315673828 0.0167675018310547 0.0851058959960938 0.0678176879882813
0.0251502990722656 0.00775909423828125 0.70953369140625 -0.386474609375
-0.00519657135009766 0.0119857788085937 0.25592041015625 -0.93707275390625
-0.0332164764404297 0.0195903778076172 -0.5657958984375 -0.63604736328125
-0.0223217010498047 0.0150566101074219 -0.65435791015625 0.0621337890625001
0.0221195220947266 0.0131435394287109 -0.3741455078125 0.35430908203125
0.0330219268798828 0.00433540344238281 -0.0108642578125 0.324859619140625
-0.00731325149536133 -0.00833988189697266 0.193359375 0.147537231445313
0.00355911254882812 -0.0270633697509766 -0.124343872070312 -0.157501220703125
0.0484199523925781 -0.00174713134765625 0.142059326171875 -0.257675170898438
0.0486106872558594 0.00751113891601562 0.459259033203125 -0.121551513671875
0.000801086425781251 0.0280685424804687 0.6068115234375 0.32757568359375
-0.0516891479492188 0.0442924499511719 0.14910888671875 0.8780517578125
-0.022216796875 -0.00275802612304687 -0.56500244140625 0.86151123046875
0.00283908843994141 -0.0146570205688477 -0.6807861328125 0.28338623046875
0.0390625 0.008758544921875 0.101242065429687 0.0631332397460937
0.0296707153320313 -0.00275611877441406 0.70855712890625 -0.4033203125
-0.00655937194824219 0.00969123840332031 0.24017333984375 -0.941162109375
-0.0279331207275391 0.0273590087890625 -0.57598876953125 -0.62451171875
-0.00919151306152344 0.0176506042480469 -0.64996337890625 0.0724487304687499
0.0337905883789063 0.00901985168457031 -0.37237548828125 0.359222412109375
0.0391464233398438 -0.00559234619140625 -0.012481689453125 0.321319580078125
-0.008087158203125 -0.015294075012207 0.190963745117188 0.142791748046875
0.00443077087402344 -0.0348415374755859 -0.123687744140625 -0.165176391601562
0.0557403564453125 -0.00838851928710938 0.142044067382812 -0.263473510742188
0.0602684020996094 0.0059661865234375 0.462127685546875 -0.127288818359375
0.00913047790527344 0.0348072052001953 0.61572265625 0.322021484375
-0.0495643615722656 0.0516090393066406 0.16387939453125 0.877685546875
-0.0206642150878906 -0.00760650634765624 -0.5478515625 0.8642578125
0.0151901245117187 -0.0249919891357422 -0.66912841796875 0.2862548828125
0.0581283569335937 0.00272369384765625 0.108497619628906 0.0624542236328125
0.0364723205566406 -0.0124778747558594 0.718505859375 -0.40625
-0.00470256805419922 0.0079035758972168 0.2491455078125 -0.9473876953125
-0.0256004333496094 0.0304756164550781 -0.57177734375 -0.6309814453125
-0.000383377075195312 0.0194454193115234 -0.650634765625 0.0668945312499999
0.0420951843261719 0.0060882568359375 -0.376007080078125 0.351593017578125
0.0432624816894531 -0.013946533203125 -0.0177001953125 0.31536865234375
-0.00789451599121094 -0.0227947235107422 0.1895751953125 0.135452270507813
0.00616455078125 -0.0391159057617188 -0.123199462890625 -0.17388916015625
0.0569076538085937 -0.0157699584960938 0.13958740234375 -0.276077270507813
0.0669708251953125 0.00538253784179688 0.460418701171875 -0.145965576171875
0.0179061889648438 0.0396537780761719 0.6314697265625 0.2999267578125
-0.0459518432617187 0.05413818359375 0.20068359375 0.8646240234375
-0.0175628662109375 -0.0126667022705078 -0.50506591796875 0.8746337890625
0.0280189514160156 -0.0355224609375 -0.65338134765625 0.30010986328125
0.0768203735351563 -0.00273895263671875 0.107742309570312 0.06536865234375
0.0489158630371094 -0.0203742980957031 0.73486328125 -0.38873291015625
-0.00263690948486328 0.00255608558654785 0.28692626953125 -0.94464111328125
-0.0236644744873047 0.0309066772460938 -0.549560546875 -0.6551513671875
0.00598716735839844 0.0237770080566406 -0.65234375 0.0434570312500001
0.0468559265136719 0.00897216796875 -0.384613037109375 0.3380126953125
0.0461997985839844 -0.0196990966796875 -0.02801513671875 0.307708740234375
-0.00567436218261719 -0.0293598175048828 0.186721801757813 0.12908935546875
-0.00205063819885254 0.00232625007629394 -0.153793334960938 -0.165618896484375
0.0126552581787109 0.0188331604003906 0.098236083984375 -0.302459716796875
-0.00384140014648438 0.0179958343505859 0.415313720703125 -0.2415771484375
-0.0385208129882813 0.0136528015136719 0.64715576171875 0.13427734375
-0.0490760803222656 0.0145912170410156 0.3538818359375 0.75799560546875
-0.00261497497558594 -0.0225429534912109 -0.3250732421875 0.94012451171875
0.0230064392089844 -0.00758743286132813 -0.64886474609375 0.4195556640625
0.0466461181640625 0.03387451171875 0.00579833984375001 0.0942764282226562
0.0616111755371094 0.0213088989257813 0.76422119140625 -0.25775146484375
0.0338573455810547 -0.0070037841796875 0.47808837890625 -0.90228271484375
-0.0331611633300781 -0.0174121856689453 -0.42181396484375 -0.78125
-0.0619697570800781 0.00537490844726564 -0.66943359375 -0.0832519531249999
-0.0277843475341797 0.0244197845458984 -0.424652099609375 0.28033447265625
0.00136566162109375 0.0259552001953125 -0.04095458984375 0.30670166015625
-0.00572299957275391 0.0062713623046875 0.189544677734375 0.130401611328125
-0.000698328018188477 0.00232529640197754 -0.14886474609375 -0.156509399414062
0.0165290832519531 0.01983642578125 0.10906982421875 -0.288909912109375
-0.000771522521972657 0.0145063400268555 0.42791748046875 -0.214935302734375
-0.0345439910888672 0.00956916809082032 0.6375732421875 0.17706298828125
-0.0500450134277344 0.0170478820800781 0.30792236328125 0.7916259765625
-0.00785160064697266 -0.0143966674804687 -0.389892578125 0.9324951171875
0.00821256637573242 -0.000170707702636719 -0.66668701171875 0.39447021484375
0.028564453125 0.0329933166503906 0.01849365234375 0.0871047973632813
0.0444908142089844 0.022125244140625 0.74603271484375 -0.296875
0.0207176208496094 0.000238418579101563 0.41033935546875 -0.9149169921875
-0.0365028381347656 -0.0097503662109375 -0.47027587890625 -0.74127197265625
-0.0581436157226563 0.00784301757812501 -0.670166015625 -0.0402832031250001
-0.0186901092529297 0.0235462188720703 -0.413604736328125 0.304107666015625
0.00604248046875 0.0247516632080078 -0.03076171875 0.317657470703125
-0.00679302215576172 0.0068812370300293 0.190139770507813 0.137252807617188
-0.00138759613037109 -0.00547695159912109 -0.145065307617188 -0.154571533203125
0.0222530364990234 0.0149936676025391 0.118423461914063 -0.275909423828125
0.0104284286499023 0.0120182037353516 0.43798828125 -0.18438720703125
-0.0290508270263672 0.00974655151367187 0.62860107421875 0.22552490234375
-0.0511322021484375 0.0251502990722656 0.253662109375 0.821044921875
-0.0115337371826172 -0.00613689422607422 -0.44976806640625 0.9139404296875
-0.00340437889099121 0.00388598442077637 -0.68121337890625 0.36187744140625
0.0181617736816406 0.0287303924560547 0.0398178100585938 0.0781173706054688
0.0328502655029297 0.0199241638183594 0.7266845703125 -0.3353271484375
0.0105295181274414 0.00563335418701172 0.34222412109375 -0.9266357421875
-0.0370635986328125 0.000892639160156251 -0.51708984375 -0.69854736328125
-0.0480461120605469 0.00893402099609376 -0.6654052734375 0.00579833984374991
-0.00668144226074218 0.0207710266113281 -0.394378662109375 0.331390380859375
0.0141677856445313 0.0207729339599609 -0.02105712890625 0.3232421875
-0.00857162475585938 0.00213432312011719 0.192901611328125 0.14483642578125
0.00167369842529297 -0.0109615325927734 -0.138168334960938 -0.1519775390625
0.0309772491455078 0.0128116607666016 0.127716064453125 -0.26531982421875
0.0215644836425781 0.00744438171386719 0.44671630859375 -0.156097412109375
-0.0191669464111328 0.0130977630615234 0.6182861328125 0.27099609375
-0.04998779296875 0.0305328369140625 0.20953369140625 0.849853515625
-0.0168743133544922 -0.00279808044433594 -0.50421142578125 0.8970947265625
-0.00909900665283203 0.00255393981933594 -0.68914794921875 0.32891845703125
0.0176563262939453 0.0240859985351563 0.0651321411132813 0.07147216796875
0.0268707275390625 0.0159072875976563 0.71331787109375 -0.37139892578125
0.00377559661865234 0.00920391082763672 0.27960205078125 -0.939697265625
-0.035980224609375 0.0102386474609375 -0.55474853515625 -0.65594482421875
-0.0368728637695313 0.012725830078125 -0.66015625 0.04583740234375
0.00729942321777344 0.0160236358642578 -0.379119873046875 0.350006103515625
0.0234870910644531 0.0137786865234375 -0.01092529296875 0.326416015625
-0.00893878936767578 -0.00175762176513672 0.193801879882813 0.147232055664063
0.00217247009277344 -0.0183467864990234 -0.13360595703125 -0.152999877929688
0.0401344299316406 0.0058135986328125 0.133956909179688 -0.260467529296875
0.0366020202636719 0.0068359375 0.451263427734375 -0.138916015625
-0.0104236602783203 0.0209770202636719 0.613525390625 0.3021240234375
-0.0511932373046875 0.0400581359863281 0.1768798828125 0.86737060546875
-0.0196056365966797 -0.00206756591796875 -0.53985595703125 0.88177490234375
-0.00799465179443359 -0.00446033477783203 -0.68402099609375 0.30792236328125
0.0236434936523438 0.0156421661376953 0.0853958129882813 0.0662078857421875
0.0250949859619141 0.00753974914550781 0.70294189453125 -0.39697265625
-0.00269317626953125 0.012176513671875 0.24114990234375 -0.94384765625
-0.0317344665527344 0.0217189788818359 -0.57708740234375 -0.6253662109375
-0.0219039916992188 0.015411376953125 -0.6539306640625 0.0735473632812499
0.021881103515625 0.0116519927978516 -0.3671875 0.3636474609375
0.0328540802001953 0.00318145751953125 -0.00640869140625003 0.32623291015625
-0.0101995468139648 -0.00792217254638672 0.194183349609375 0.143600463867188
0.0023651123046875 -0.0254459381103516 -0.129928588867188 -0.157608032226563
0.04656982421875 -0.0009613037109375 0.1383056640625 -0.261566162109375
0.0489006042480469 0.006134033203125 0.45867919921875 -0.131134033203125
0.000133514404296872 0.0291996002197266 0.6136474609375 0.31689453125
-0.0500984191894531 0.047393798828125 0.1676025390625 0.878662109375
-0.0207500457763672 -0.00312042236328125 -0.54693603515625 0.87408447265625
0.00152492523193359 -0.014521598815918 -0.67767333984375 0.2950439453125
0.03851318359375 0.00980758666992188 0.103096008300781 0.0606842041015625
0.0278873443603516 -0.00342750549316406 0.703125 -0.4150390625
-0.00627231597900391 0.011164665222168 0.22515869140625 -0.94580078125
-0.028289794921875 0.0258655548095703 -0.5888671875 -0.615478515625
-0.00958442687988281 0.0176067352294922 -0.6512451171875 0.0844726562499999
0.0338001251220703 0.00842666625976563 -0.365966796875 0.36700439453125
0.0382347106933594 -0.00468826293945313 -0.00714111328125002 0.3243408203125
-0.0108871459960938 -0.0164985656738281 0.193389892578125 0.140304565429688
0.00370216369628907 -0.0333175659179688 -0.128555297851563 -0.161956787109375
0.0531158447265625 -0.00824356079101563 0.137176513671875 -0.266677856445313
0.0598793029785156 0.00615310668945313 0.461273193359375 -0.137115478515625
0.01019287109375 0.0352325439453125 0.62530517578125 0.3125
-0.0483665466308594 0.0530967712402344 0.18353271484375 0.87744140625
-0.0202693939208984 -0.00696563720703125 -0.52978515625 0.87615966796875
0.0137557983398437 -0.0249729156494141 -0.66583251953125 0.2977294921875
0.0557022094726563 0.00271224975585938 0.109260559082031 0.0606307983398437
0.0370101928710938 -0.0125389099121094 0.71209716796875 -0.41717529296875
-0.00467872619628906 0.00818872451782226 0.233154296875 -0.95098876953125
-0.0255680084228516 0.0312595367431641 -0.5826416015625 -0.620849609375
0.000640869140624998 0.0210418701171875 -0.64996337890625 0.0807495117187501
0.0421981811523438 0.00555038452148438 -0.368194580078125 0.362060546875
0.0431137084960938 -0.014984130859375 -0.01220703125 0.31658935546875
-0.00865364074707031 -0.0227985382080078 0.19195556640625 0.132461547851563
0.003875732421875 -0.0397109985351563 -0.126632690429688 -0.172683715820312
0.0563735961914062 -0.0181541442871094 0.132843017578125 -0.279891967773438
0.0664138793945313 0.00268173217773438 0.458404541015625 -0.154998779296875
0.0174903869628906 0.0386390686035156 0.63861083984375 0.2889404296875
-0.0443534851074219 0.0550041198730469 0.2208251953125 0.86419677734375
-0.0157327651977539 -0.0140199661254883 -0.4891357421875 0.8836669921875
0.0267772674560547 -0.0345840454101563 -0.64959716796875 0.31024169921875
0.07513427734375 -0.00324249267578125 0.108169555664062 0.06341552734375
0.0495109558105469 -0.0211257934570313 0.72705078125 -0.400390625
-0.00199830532073975 0.00191318988800049 0.27215576171875 -0.94970703125
-0.0229759216308594 0.0338306427001953 -0.55975341796875 -0.64459228515625
0.00457000732421875 0.0238933563232422 -0.65301513671875 0.0555419921874999
0.0462875366210937 0.00665664672851563 -0.378265380859375 0.34771728515625
0.0469932556152344 -0.0200119018554687 -0.02197265625 0.31097412109375
-0.00767707824707031 -0.0287094116210938 0.189056396484375 0.1258544921875
-0.00162220001220703 0.00473117828369141 -0.156906127929688 -0.16253662109375
0.0127277374267578 0.0179653167724609 0.092803955078125 -0.304351806640625
-0.00313186645507813 0.018035888671875 0.409210205078125 -0.248687744140625
-0.0375518798828125 0.0148963928222656 0.649658203125 0.1221923828125
-0.0467720031738281 0.0168037414550781 0.3690185546875 0.75018310546875
-0.00142669677734375 -0.0226917266845703 -0.30712890625 0.9454345703125
0.0195426940917969 -0.006103515625 -0.639404296875 0.4293212890625
0.0459098815917969 0.03204345703125 0.00829315185546875 0.0934829711914063
0.0622024536132813 0.0204658508300781 0.75982666015625 -0.2730712890625
0.0338077545166016 -0.00763511657714844 0.45867919921875 -0.90966796875
-0.0323123931884766 -0.0176792144775391 -0.434814453125 -0.771240234375
-0.0629653930664063 0.00683212280273438 -0.67041015625 -0.07098388671875
-0.0280342102050781 0.0232276916503906 -0.41796875 0.289031982421875
0.000663757324218751 0.0234470367431641 -0.036041259765625 0.30718994140625
-0.0055994987487793 0.00686120986938476 0.191055297851563 0.127090454101563
-0.000830888748168946 0.0012279748916626 -0.150970458984375 -0.1539306640625
0.0159988403320313 0.0180931091308594 0.10321044921875 -0.292083740234375
0.00181388854980469 0.0148200988769531 0.42193603515625 -0.223114013671875
-0.0367584228515625 0.0101432800292969 0.64263916015625 0.16619873046875
-0.0489349365234375 0.0186882019042969 0.32177734375 0.7823486328125
-0.00699424743652344 -0.0154228210449219 -0.37030029296875 0.9384765625
0.0065302848815918 0.000886440277099609 -0.65960693359375 0.40496826171875
0.0277957916259766 0.0319271087646484 0.0197296142578125 0.086181640625
0.0446052551269531 0.0219650268554688 0.741455078125 -0.3096923828125
0.0221595764160156 -0.000833511352539063 0.39276123046875 -0.921875
-0.0353584289550781 -0.00861358642578124 -0.48602294921875 -0.7308349609375
-0.0576972961425781 0.00894927978515624 -0.67047119140625 -0.02899169921875
-0.0187454223632812 0.0237522125244141 -0.406402587890625 0.31427001953125
0.00713348388671875 0.022674560546875 -0.026763916015625 0.3175048828125
-0.00596523284912109 0.00624990463256836 0.191390991210938 0.134613037109375
-0.00291776657104492 -0.00310397148132324 -0.148696899414063 -0.151748657226562
0.0233821868896484 0.0151729583740234 0.112579345703125 -0.277252197265625
0.00830173492431641 0.00946426391601563 0.432037353515625 -0.194061279296875
-0.0301609039306641 0.0115013122558594 0.63092041015625 0.2119140625
-0.0492820739746094 0.0253753662109375 0.2708740234375 0.8160400390625
-0.0124683380126953 -0.00605010986328125 -0.43292236328125 0.92205810546875
-0.00422024726867676 0.00183653831481934 -0.67242431640625 0.37567138671875
0.0174236297607422 0.0295295715332031 0.0420761108398437 0.0781021118164062
0.0347023010253906 0.0199146270751953 0.7196044921875 -0.34710693359375
0.00981330871582031 0.00483417510986328 0.32293701171875 -0.9310302734375
-0.0366859436035156 0.00145339965820313 -0.52685546875 -0.6845703125
-0.04888916015625 0.00944137573242187 -0.667724609375 0.0205688476562501
-0.00827789306640625 0.0210189819335938 -0.38543701171875 0.34100341796875
0.0162944793701172 0.0201358795166016 -0.012908935546875 0.324127197265625
-0.007354736328125 0.00357246398925781 0.194122314453125 0.141021728515625
-0.00193119049072266 -0.00984001159667969 -0.138763427734375 -0.14892578125
0.0285968780517578 0.0115318298339844 0.1219482421875 -0.269744873046875
0.0217437744140625 0.00728225708007813 0.44268798828125 -0.164215087890625
-0.0211811065673828 0.0156288146972656 0.62744140625 0.26025390625
-0.04864501953125 0.0340385437011719 0.225341796875 0.844970703125
-0.0142335891723633 -0.00299835205078125 -0.484375 0.90533447265625
-0.00940227508544922 0.00159645080566406 -0.68060302734375 0.34039306640625
0.0179653167724609 0.0244159698486328 0.0668067932128906 0.0699806213378906
0.0286159515380859 0.0134487152099609 0.70526123046875 -0.3841552734375
0.00418472290039063 0.00931167602539063 0.26336669921875 -0.9403076171875
-0.033782958984375 0.0115261077880859 -0.56549072265625 -0.642822265625
-0.0348472595214844 0.0144462585449219 -0.65924072265625 0.05859375
0.00885677337646484 0.0175380706787109 -0.371063232421875 0.35980224609375
0.0222873687744141 0.0127468109130859 -0.00494384765625002 0.328399658203125
-0.00986957550048828 -0.00158500671386719 0.196136474609375 0.143020629882813
0.00184440612792969 -0.0194683074951172 -0.135818481445312 -0.15435791015625
0.03955078125 0.004486083984375 0.127853393554688 -0.263702392578125
0.0361900329589844 0.0057830810546875 0.4495849609375 -0.14581298828125
-0.010955810546875 0.0212650299072266 0.617919921875 0.289794921875
-0.0506553649902344 0.0411949157714844 0.1954345703125 0.8619384765625
-0.0214939117431641 -0.00107002258300781 -0.520751953125 0.89031982421875
-0.00843191146850586 -0.00466108322143555 -0.67779541015625 0.31890869140625
0.0231170654296875 0.0147686004638672 0.0874481201171875 0.063568115234375
0.0253772735595703 0.00601005554199219 0.696044921875 -0.4085693359375
-0.00213432312011719 0.0128774642944336 0.22564697265625 -0.94573974609375
-0.0306968688964844 0.0205860137939453 -0.589599609375 -0.61669921875
-0.0219650268554687 0.0152435302734375 -0.65167236328125 0.0870361328125001
0.0231952667236328 0.00950241088867188 -0.35906982421875 0.37158203125
0.0309333801269531 0.00352287292480469 0.000518798828125037 0.327606201171875
-0.0115585327148438 -0.00688648223876953 0.1982421875 0.141693115234375
0.00124359130859375 -0.0268688201904297 -0.134368896484375 -0.153640747070313
0.0458183288574219 -0.003082275390625 0.131668090820313 -0.263015747070313
0.0491943359375 0.00487136840820313 0.45635986328125 -0.139801025390625
-5.72204589843751E-05 0.02886962890625 0.6214599609375 0.30474853515625
-0.0486221313476563 0.0480804443359375 0.186767578125 0.8760986328125
-0.0203189849853516 -0.00463676452636719 -0.530517578125 0.88433837890625
0.000205993652343751 -0.013798713684082 -0.6715087890625 0.3055419921875
0.0373573303222656 0.00763320922851563 0.102447509765625 0.0586471557617188
0.0286140441894531 -0.00248908996582031 0.69464111328125 -0.42462158203125
-0.0029153823852539 0.0101757049560547 0.207275390625 -0.94781494140625
-0.0269985198974609 0.0290317535400391 -0.5994873046875 -0.60430908203125
-0.0108356475830078 0.0161876678466797 -0.6485595703125 0.09893798828125
0.0336723327636719 0.00688934326171875 -0.357086181640625 0.3746337890625
0.0395317077636719 -0.00577545166015625 -0.00128173828124997 0.323822021484375
-0.00992584228515625 -0.0161647796630859 0.193557739257813 0.13812255859375
0.000726699829101561 -0.0331439971923828 -0.12969970703125 -0.160552978515625
0.0532379150390625 -0.0112152099609375 0.131057739257813 -0.271072387695313
0.0582122802734375 0.00453567504882813 0.457855224609375 -0.14599609375
0.0102386474609375 0.0346317291259766 0.63226318359375 0.30157470703125
-0.0461158752441406 0.0527763366699219 0.20050048828125 0.8741455078125
-0.0188636779785156 -0.0069427490234375 -0.51190185546875 0.88330078125
0.0125923156738281 -0.0230751037597656 -0.65936279296875 0.3076171875
0.0557174682617188 0.00074005126953125 0.110610961914063 0.059326171875
0.0367240905761719 -0.012725830078125 0.70245361328125 -0.42767333984375
-0.00248622894287109 0.00769186019897461 0.21923828125 -0.951904296875
-0.0237560272216797 0.0331001281738281 -0.59423828125 -0.60858154296875
0.000537872314453127 0.0201606750488281 -0.64788818359375 0.09295654296875
0.0413780212402344 0.00533294677734375 -0.35955810546875 0.368682861328125
0.0436477661132813 -0.01666259765625 -0.00650024414062502 0.31787109375
-0.0105152130126953 -0.0216598510742188 0.193862915039062 0.128494262695313
0.00406265258789063 -0.0391807556152344 -0.131027221679687 -0.1702880859375
0.0559768676757813 -0.0189628601074219 0.12786865234375 -0.28192138671875
0.0656318664550781 0.000652313232421875 0.45611572265625 -0.16375732421875
0.0192909240722656 0.0380592346191406 0.6422119140625 0.2774658203125
-0.0426445007324219 0.0569839477539063 0.2373046875 0.85675048828125
-0.0170164108276367 -0.0123739242553711 -0.4705810546875 0.892822265625
0.0245780944824219 -0.0340938568115234 -0.64178466796875 0.3214111328125
0.0745315551757813 -0.00330352783203125 0.109054565429688 0.0608062744140625
0.050750732421875 -0.0219001770019531 0.7196044921875 -0.412353515625
-0.000666856765747071 0.00405335426330566 0.25335693359375 -0.95245361328125
-0.0214920043945312 0.034210205078125 -0.572021484375 -0.63348388671875
0.00564193725585937 0.0244865417480469 -0.64959716796875 0.070068359375
0.0471839904785156 0.00527191162109375 -0.36981201171875 0.35498046875
0.0459671020507813 -0.0214042663574219 -0.015411376953125 0.310638427734375
-0.00902938842773438 -0.0277881622314453 0.1907958984375 0.124267578125
-0.00307440757751465 0.00412106513977051 -0.1611328125 -0.159622192382812
0.0115137100219727 0.0172357559204102 0.086639404296875 -0.30499267578125
-0.00460052490234375 0.0183658599853516 0.402069091796875 -0.2545166015625
-0.0375480651855469 0.0139007568359375 0.64947509765625 0.11016845703125
-0.04541015625 0.0171852111816406 0.38446044921875 0.74273681640625
-0.00220108032226562 -0.0240535736083984 -0.28570556640625 0.94769287109375
0.0190391540527344 -0.00757408142089844 -0.6297607421875 0.438720703125
0.0452919006347656 0.0311012268066406 0.00714111328125 0.0927047729492187
0.0624198913574219 0.019866943359375 0.75238037109375 -0.2841796875
0.0358352661132813 -0.00757980346679687 0.445068359375 -0.910400390625
-0.0328216552734375 -0.0145854949951172 -0.4482421875 -0.7596435546875
-0.0618743896484375 0.00793457031250001 -0.6693115234375 -0.0594482421874999
-0.0275478363037109 0.0273399353027344 -0.410247802734375 0.2969970703125
0.00236129760742188 0.0254650115966797 -0.02996826171875 0.308502197265625
-0.00742340087890625 0.00622177124023438 0.191986083984375 0.123504638671875
-0.00392222404479981 0.00170540809631348 -0.157211303710937 -0.152297973632813
0.0141324996948242 0.0166416168212891 0.096466064453125 -0.29168701171875
0.000741004943847657 0.0151481628417969 0.415740966796875 -0.2279052734375
-0.0360336303710937 0.0117759704589844 0.642578125 0.1558837890625
-0.0466384887695313 0.0202140808105469 0.33917236328125 0.7767333984375
-0.00653743743896485 -0.0146799087524414 -0.35150146484375 0.94140625
0.00537633895874023 0.00169897079467773 -0.648193359375 0.41693115234375
0.0286483764648438 0.030029296875 0.0206527709960938 0.0835342407226563
0.0474967956542969 0.0188484191894531 0.7327880859375 -0.3179931640625
0.0247402191162109 -0.000841140747070313 0.37701416015625 -0.92327880859375
-0.0341548919677734 -0.00877571105957032 -0.4947509765625 -0.72210693359375
-0.0580520629882813 0.00879669189453125 -0.67041015625 -0.0153198242187501
-0.0184993743896484 0.025421142578125 -0.397613525390625 0.321441650390625
0.00753402709960938 0.0234489440917969 -0.0189208984375 0.31719970703125
-0.00796318054199219 0.00707387924194336 0.19464111328125 0.131195068359375
-0.00412249565124512 -0.00317645072937012 -0.152206420898438 -0.149307250976562
0.0222301483154297 0.0136604309082031 0.10699462890625 -0.280044555664063
0.00885200500488281 0.01025390625 0.42926025390625 -0.1988525390625
-0.0297889709472656 0.0124988555908203 0.63385009765625 0.20220947265625
-0.0464515686035156 0.024566650390625 0.2879638671875 0.80926513671875
-0.0108194351196289 -0.00570011138916016 -0.4149169921875 0.92547607421875
-0.00607538223266602 0.0049290657043457 -0.6641845703125 0.3839111328125
0.0184574127197266 0.0259857177734375 0.0412139892578125 0.076324462890625
0.0347232818603516 0.0183849334716797 0.714111328125 -0.3531494140625
0.0133905410766602 0.00568866729736328 0.30841064453125 -0.93194580078125
-0.0363883972167969 0.00238418579101563 -0.53851318359375 -0.676025390625
-0.0481109619140625 0.0121421813964844 -0.6650390625 0.0307006835937499
-0.00661659240722657 0.0197372436523438 -0.378997802734375 0.34381103515625
0.0154056549072266 0.0194835662841797 -0.00738525390625002 0.323577880859375
-0.0102529525756836 0.00425243377685547 0.196258544921875 0.137435913085938
-0.000603675842285156 -0.00912570953369141 -0.144256591796875 -0.148361206054687
0.0291805267333984 0.0112838745117187 0.116104125976562 -0.27117919921875
0.0219383239746094 0.00586128234863281 0.43829345703125 -0.175445556640625
-0.0212326049804687 0.0157604217529297 0.62786865234375 0.24786376953125
-0.0480690002441406 0.0326766967773438 0.24041748046875 0.83917236328125
-0.0171012878417969 -0.00220394134521484 -0.46728515625 0.912109375
-0.010045051574707 0.00360298156738281 -0.671875 0.35076904296875
0.0162563323974609 0.0238990783691406 0.0656661987304688 0.0677680969238281
0.0284004211425781 0.0129566192626953 0.69622802734375 -0.3924560546875
0.00617408752441406 0.00995063781738281 0.2459716796875 -0.9400634765625
-0.0327339172363281 0.0126991271972656 -0.57635498046875 -0.6334228515625
-0.0351352691650391 0.0146408081054687 -0.65643310546875 0.0718994140625001
0.00719642639160156 0.0165624618530273 -0.35992431640625 0.36444091796875
0.0243377685546875 0.0114688873291016 0.00241088867187504 0.325927734375
-0.0113229751586914 -0.000644683837890623 0.1982421875 0.139984130859375
-0.000789642333984377 -0.0182247161865234 -0.1392822265625 -0.15008544921875
0.0387420654296875 0.0042877197265625 0.122314453125 -0.26678466796875
0.0352287292480469 0.00497817993164062 0.44586181640625 -0.154541015625
-0.0105133056640625 0.0230426788330078 0.6241455078125 0.2801513671875
-0.0454330444335938 0.0414085388183594 0.21295166015625 0.86016845703125
-0.0185070037841797 -0.00136756896972657 -0.5018310546875 0.89569091796875
-0.011683464050293 -0.00440788269042969 -0.67193603515625 0.32720947265625
0.0210151672363281 0.0166778564453125 0.0866012573242188 0.0607070922851563
0.0255184173583984 0.00577735900878906 0.6832275390625 -0.416259765625
-0.000123977661132813 0.0118799209594727 0.20880126953125 -0.945068359375
-0.0293598175048828 0.0230255126953125 -0.59722900390625 -0.6016845703125
-0.0210056304931641 0.0171966552734375 -0.64794921875 0.0976562499999999
0.0217533111572266 0.0117206573486328 -0.350921630859375 0.37628173828125
0.0329360961914063 0.000934600830078125 0.00769042968750002 0.326080322265625
-0.012385368347168 -0.00707149505615234 0.197341918945313 0.138961791992188
-0.000284194946289064 -0.0267524719238281 -0.135467529296875 -0.152359008789063
0.0467758178710937 -0.0019378662109375 0.126541137695313 -0.265777587890625
0.0477180480957031 0.003662109375 0.451507568359375 -0.14959716796875
0.000556945800781251 0.0286350250244141 0.625244140625 0.29486083984375
-0.0463981628417969 0.0490570068359375 0.20330810546875 0.8677978515625
-0.0200328826904297 -0.00333404541015625 -0.511962890625 0.88909912109375
-0.00229167938232422 -0.0125341415405273 -0.6634521484375 0.3150634765625
0.0356979370117188 0.00646591186523438 0.10406494140625 0.057861328125
0.0306816101074219 -0.00327110290527344 0.6846923828125 -0.43255615234375
-0.00232028961181641 0.0104970932006836 0.191162109375 -0.94891357421875
-0.0250034332275391 0.0284099578857422 -0.6077880859375 -0.58856201171875
-0.0102195739746094 0.0190582275390625 -0.64453125 0.11016845703125
0.0341167449951172 0.00636100769042969 -0.3477783203125 0.38037109375
0.0364418029785156 -0.0081634521484375 0.00634765624999999 0.32440185546875
-0.0126152038574219 -0.0141334533691406 0.195343017578125 0.13275146484375
1.90734863281236E-05 -0.0333251953125 -0.133132934570313 -0.159957885742188
0.0516891479492188 -0.0132980346679688 0.126861572265625 -0.272811889648438
0.0595436096191406 0.00274276733398438 0.453460693359375 -0.15374755859375
0.011444091796875 0.0355644226074219 0.63616943359375 0.29107666015625
-0.0443801879882812 0.0549392700195313 0.2188720703125 0.86651611328125
-0.0179939270019531 -0.006866455078125 -0.494384765625 0.89068603515625
0.0105342864990234 -0.0236454010009766 -0.65130615234375 0.31597900390625
0.0541305541992188 -0.00091552734375 0.111427307128906 0.0566024780273438
0.0365028381347656 -0.0146026611328125 0.69183349609375 -0.4373779296875
-0.00276422500610352 0.00829172134399414 0.2021484375 -0.9537353515625
-0.0221538543701172 0.0330886840820312 -0.6031494140625 -0.59661865234375
0.000917434692382813 0.0212135314941406 -0.644287109375 0.10308837890625
0.0416259765625 0.003448486328125 -0.351318359375 0.37554931640625
0.0445709228515625 -0.0167503356933594 0.000122070312500017 0.317413330078125
-0.0117530822753906 -0.0221042633056641 0.1951904296875 0.126541137695312
0.0017242431640625 -0.0390777587890625 -0.13311767578125 -0.166732788085937
0.0532073974609375 -0.0173263549804688 0.122161865234375 -0.28497314453125
0.0640487670898438 0.00072479248046875 0.45074462890625 -0.17218017578125
0.0177841186523438 0.0384025573730469 0.64971923828125 0.26605224609375
-0.0408706665039063 0.056884765625 0.2547607421875 0.8521728515625
-0.0164422988891602 -0.0127315521240234 -0.4517822265625 0.8984375
0.0233001708984375 -0.0355377197265625 -0.6368408203125 0.32989501953125
0.0734405517578125 -0.00641632080078125 0.110687255859375 0.05877685546875
0.0501785278320313 -0.0219764709472656 0.711181640625 -0.42071533203125
0.00136423110961914 0.00474739074707031 0.23724365234375 -0.95355224609375
-0.0214576721191406 0.0333347320556641 -0.5806884765625 -0.620361328125
0.00649833679199219 0.0255336761474609 -0.646240234375 0.0826416015625001
0.0464744567871094 0.00308990478515625 -0.361541748046875 0.36065673828125
0.046478271484375 -0.0208320617675781 -0.010467529296875 0.31024169921875
-0.0100307464599609 -0.0278129577636719 0.190948486328125 0.120285034179687
-0.0057830810546875 0.00553035736083984 -0.1629638671875 -0.1568603515625
0.0117588043212891 0.0173740386962891 0.081512451171875 -0.305633544921875
-0.00473976135253906 0.0181369781494141 0.39923095703125 -0.2615966796875
-0.0384902954101563 0.0166969299316406 0.650634765625 0.099609375
-0.0471878051757813 0.0165557861328125 0.395751953125 0.73236083984375
-0.00104522705078125 -0.0240116119384766 -0.26934814453125 0.9500732421875
0.0186576843261719 -0.00680351257324219 -0.62225341796875 0.44677734375
0.0448455810546875 0.0288581848144531 0.01068115234375 0.0904083251953125
0.0626907348632812 0.01837158203125 0.742431640625 -0.292236328125
0.0351676940917969 -0.00838470458984375 0.42987060546875 -0.91119384765625
-0.0328159332275391 -0.0143928527832031 -0.458984375 -0.747314453125
-0.0621376037597656 0.00934600830078126 -0.66790771484375 -0.0461425781249999
-0.0253467559814453 0.0261554718017578 -0.40484619140625 0.30047607421875
0.001953125 0.0234260559082031 -0.02313232421875 0.3082275390625
-0.00753545761108398 0.00648355484008789 0.193496704101563 0.119400024414063
-0.00467348098754883 0.00132465362548828 -0.157333374023438 -0.1497802734375
0.0148487091064453 0.018341064453125 0.092041015625 -0.293243408203125
3.62396240234375E-05 0.0140705108642578 0.410186767578125 -0.23419189453125
-0.0355796813964844 0.0139846801757813 0.6424560546875 0.14251708984375
-0.0470008850097656 0.0203018188476563 0.34991455078125 0.7664794921875
-0.00466537475585938 -0.0139951705932617 -0.33221435546875 0.94219970703125
0.00402140617370605 0.00155782699584961 -0.6416015625 0.42236328125
0.0262928009033203 0.0301456451416016 0.0213623046875 0.083831787109375
0.0467529296875 0.0202293395996094 0.7213134765625 -0.32586669921875
0.0229358673095703 -0.000661849975585938 0.36199951171875 -0.92498779296875
-0.0346622467041016 -0.00607490539550782 -0.5040283203125 -0.71051025390625
-0.0577468872070313 0.0103034973144531 -0.66448974609375 -0.00518798828124995
-0.0182933807373047 0.0250530242919922 -0.39031982421875 0.327178955078125
0.0083770751953125 0.022247314453125 -0.0142822265625 0.316497802734375
-0.00886249542236328 0.00779056549072266 0.193206787109375 0.127731323242188
-0.00480318069458008 -0.00288105010986328 -0.154266357421875 -0.146896362304687
0.0202980041503906 0.0145187377929688 0.1019287109375 -0.281341552734375
0.00751113891601563 0.00934219360351563 0.421875 -0.206695556640625
-0.0293807983398438 0.0144519805908203 0.63800048828125 0.1922607421875
-0.0466461181640625 0.0264053344726562 0.3011474609375 0.80096435546875
-0.0109539031982422 -0.00796031951904297 -0.3927001953125 0.9273681640625
-0.00568866729736328 0.00257349014282227 -0.654541015625 0.388916015625
0.0153064727783203 0.0284957885742188 0.04425048828125 0.075531005859375
0.0341434478759766 0.0185661315917969 0.7022705078125 -0.36248779296875
0.0137348175048828 0.00549983978271484 0.29144287109375 -0.93341064453125
-0.0343456268310547 0.00317573547363281 -0.5482177734375 -0.663330078125
-0.0482711791992188 0.0135574340820313 -0.65802001953125 0.04290771484375
-0.0062103271484375 0.0205955505371094 -0.369964599609375 0.351104736328125
0.0166549682617188 0.0179290771484375 -0.00067138671875003 0.323455810546875
-0.0105600357055664 0.00350284576416015 0.195755004882813 0.133834838867187
-0.00324630737304687 -0.0102052688598633 -0.145751953125 -0.144638061523438
0.0289421081542969 0.00896453857421875 0.111770629882812 -0.271697998046875
0.0202426910400391 0.00637054443359375 0.433197021484375 -0.179595947265625
-0.0215778350830078 0.0171279907226563 0.6298828125 0.2386474609375
-0.0459175109863281 0.0343780517578125 0.2568359375 0.831298828125
-0.0132484436035156 -0.00312519073486328 -0.4495849609375 0.91357421875
-0.0131683349609375 0.00414848327636719 -0.663330078125 0.3582763671875
0.0137786865234375 0.0219230651855469 0.0658645629882813 0.0670127868652344
0.0273246765136719 0.0114116668701172 0.68548583984375 -0.399169921875
0.00478935241699219 0.00939083099365234 0.2305908203125 -0.939208984375
-0.0328540802001953 0.0149726867675781 -0.58203125 -0.61907958984375
-0.0345172882080078 0.0155200958251953 -0.65106201171875 0.0838012695312499
0.00770092010498047 0.0167207717895508 -0.352996826171875 0.369049072265625
0.0229892730712891 0.0110511779785156 0.00836181640624998 0.32647705078125
-0.0113315582275391 5.72204589843958E-06 0.198333740234375 0.135772705078125
-0.00273323059082031 -0.0172948837280273 -0.141021728515625 -0.145309448242188
0.0385894775390625 0.00436782836914063 0.117034912109375 -0.266250610351563
0.0356903076171875 0.00461578369140625 0.44171142578125 -0.16229248046875
-0.0100536346435547 0.0228061676025391 0.62628173828125 0.26605224609375
-0.0453987121582031 0.043792724609375 0.22723388671875 0.8497314453125
-0.0185775756835938 -0.00018119812011719 -0.48321533203125 0.89892578125
-0.0110569000244141 -0.002960205078125 -0.6640625 0.33477783203125
0.0200080871582031 0.0146160125732422 0.0865097045898438 0.058685302734375
0.0270919799804688 0.00533294677734375 0.676513671875 -0.4244384765625
0.000284194946289063 0.0120601654052734 0.1912841796875 -0.9427490234375
-0.0294570922851563 0.0228958129882813 -0.60577392578125 -0.58709716796875
-0.0222759246826172 0.0180206298828125 -0.6417236328125 0.11016845703125
0.0221881866455078 0.00899314880371094 -0.341827392578125 0.38031005859375
0.0338668823242188 0.0008392333984375 0.013427734375 0.325927734375
-0.012629508972168 -0.00846672058105469 0.1976318359375 0.134796142578125
-0.00243759155273438 -0.024444580078125 -0.138565063476563 -0.150955200195313
0.0454521179199219 -0.00489044189453125 0.121139526367188 -0.268447875976563
0.0480308532714844 0.00189208984375 0.4476318359375 -0.1553955078125
8.96453857421881E-05 0.0289096832275391 0.62841796875 0.2835693359375
-0.043792724609375 0.0469131469726563 0.2183837890625 0.86212158203125
-0.0192985534667969 -0.00339508056640625 -0.4932861328125 0.89324951171875
-0.00265979766845703 -0.011448860168457 -0.65667724609375 0.324462890625
0.0342140197753906 0.00718116760253906 0.102210998535156 0.0557098388671875
0.0302257537841797 -0.0054473876953125 0.6754150390625 -0.44207763671875
-0.000658035278320313 0.0100717544555664 0.176513671875 -0.94488525390625
-0.0249538421630859 0.0301322937011719 -0.61529541015625 -0.577392578125
-0.00842857360839844 0.0199680328369141 -0.6407470703125 0.12078857421875
0.0324440002441406 0.00612258911132813 -0.338226318359375 0.387664794921875
0.0376167297363281 -0.0079345703125 0.011566162109375 0.3221435546875
-0.0122747421264648 -0.0152816772460938 0.197265625 0.129379272460938
-0.00227737426757813 -0.0317611694335938 -0.134735107421875 -0.157424926757813
0.0500030517578125 -0.0134429931640625 0.120925903320313 -0.274337768554687
0.057403564453125 0.00269317626953125 0.449676513671875 -0.1611328125
0.0104866027832031 0.0362358093261719 0.639892578125 0.27880859375
-0.0412330627441406 0.0548171997070312 0.23297119140625 0.85980224609375
-0.0179061889648438 -0.00674247741699219 -0.47674560546875 0.8919677734375
0.00793075561523438 -0.0226650238037109 -0.6439208984375 0.325439453125
0.0526199340820313 -0.001007080078125 0.111808776855469 0.05291748046875
0.0368766784667969 -0.0153312683105469 0.6829833984375 -0.444580078125
-0.00220870971679688 0.00750446319580078 0.186767578125 -0.95001220703125
-0.0212459564208984 0.0327606201171875 -0.6083984375 -0.5830078125
0.001495361328125 0.0215816497802734 -0.63800048828125 0.11407470703125
0.0410537719726563 0.0030364990234375 -0.341644287109375 0.37933349609375
0.0427474975585938 -0.0166244506835938 0.005767822265625 0.316375732421875
-0.0117511749267578 -0.0206432342529297 0.19500732421875 0.122207641601563
-0.00128173828125 -0.0389328002929687 -0.137176513671875 -0.16571044921875
0.0527992248535156 -0.0195426940917969 0.116119384765625 -0.28759765625
0.0637054443359375 -0.0011749267578125 0.44622802734375 -0.17938232421875
0.0179405212402344 0.0385017395019531 0.65203857421875 0.25482177734375
-0.0385398864746094 0.0570564270019531 0.2701416015625 0.84375
-0.0152101516723633 -0.0131940841674805 -0.4339599609375 0.8992919921875
0.0212993621826172 -0.0320148468017578 -0.62713623046875 0.33648681640625
0.0730972290039063 -0.0060272216796875 0.108451843261719 0.0559768676757813
0.0472564697265625 -0.0231399536132812 0.69952392578125 -0.42974853515625
0.00195789337158203 0.00359511375427246 0.2222900390625 -0.9508056640625
-0.020477294921875 0.0355033874511719 -0.58709716796875 -0.6075439453125
0.00711822509765625 0.0252666473388672 -0.64013671875 0.0933227539062499
0.0464591979980469 0.00513076782226563 -0.353515625 0.367340087890625
0.04559326171875 -0.024078369140625 -0.00418090820312501 0.30938720703125
-0.0122051239013672 -0.0264930725097656 0.19097900390625 0.116867065429688
-0.0044403076171875 0.00402259826660156 -0.1646728515625 -0.153213500976563
0.0115623474121094 0.015589714050293 0.074188232421875 -0.30731201171875
-0.00472736358642578 0.0175323486328125 0.392333984375 -0.267425537109375
-0.0379219055175781 0.015594482421875 0.64801025390625 0.09039306640625
-0.044219970703125 0.0199089050292969 0.405517578125 0.722900390625
-0.000556945800781248 -0.0231952667236328 -0.25347900390625 0.9466552734375
0.016815185546875 -0.00602912902832031 -0.61041259765625 0.451904296875
0.0410385131835938 0.0288238525390625 0.0101089477539062 0.0892410278320313
0.0621719360351562 0.0167465209960938 0.73370361328125 -0.30010986328125
0.0363883972167969 -0.00873565673828125 0.41162109375 -0.9117431640625
-0.0320949554443359 -0.0139408111572266 -0.4661865234375 -0.73681640625
-0.0620574951171875 0.0112876892089844 -0.663330078125 -0.0328979492187499
-0.0250434875488281 0.0274314880371094 -0.395355224609375 0.3082275390625
0.00297355651855469 0.0243740081787109 -0.017730712890625 0.308349609375
-0.00803899765014648 0.0081634521484375 0.192825317382813 0.11810302734375
-0.00450277328491211 0.00222158432006836 -0.159988403320313 -0.147781372070313
0.0147876739501953 0.0180644989013672 0.08544921875 -0.29248046875
-0.00056934356689453 0.0145034790039063 0.404144287109375 -0.2403564453125
-0.0370063781738281 0.0126533508300781 0.6414794921875 0.13482666015625
-0.0437545776367188 0.0207328796386719 0.362548828125 0.7564697265625
-0.00548839569091797 -0.0141420364379883 -0.3140869140625 0.9407958984375
0.0042414665222168 0.00165128707885742 -0.63153076171875 0.42730712890625
0.0257759094238281 0.0293655395507813 0.0213699340820313 0.0839385986328125
0.0466270446777344 0.0178413391113281 0.71185302734375 -0.33367919921875
0.0260334014892578 -0.00111007690429688 0.34344482421875 -0.9246826171875
-0.0333347320556641 -0.00551605224609375 -0.51153564453125 -0.69818115234375
-0.0546493530273438 0.0118293762207031 -0.661376953125 0.00750732421874995
-0.0181751251220703 0.0251827239990234 -0.3818359375 0.33184814453125
0.00707244873046875 0.0219593048095703 -0.010162353515625 0.3153076171875
-0.00954914093017578 0.00836181640625 0.192642211914063 0.125381469726563
-0.00544071197509766 -0.0033421516418457 -0.154312133789063 -0.14202880859375
0.0200538635253906 0.0144176483154297 0.094451904296875 -0.280563354492188
0.0080718994140625 0.00954055786132813 0.41656494140625 -0.211822509765625
-0.0295276641845703 0.01446533203125 0.63592529296875 0.1807861328125
-0.0447959899902344 0.0277519226074219 0.314453125 0.7894287109375
-0.00945186614990234 -0.00817298889160156 -0.37548828125 0.927001953125
-0.00796699523925781 0.00496912002563476 -0.64544677734375 0.3951416015625
0.0153312683105469 0.0269622802734375 0.0440292358398437 0.0758819580078125
0.0356979370117188 0.0182952880859375 0.69024658203125 -0.36981201171875
0.0154438018798828 0.00658988952636719 0.2763671875 -0.92987060546875
-0.0329837799072266 0.00443267822265625 -0.5531005859375 -0.6483154296875
-0.0475540161132813 0.0160446166992187 -0.65350341796875 0.0533447265625
-0.00505638122558594 0.0204563140869141 -0.360931396484375 0.35400390625
0.0167522430419922 0.0170192718505859 0.00485229492187497 0.3236083984375
-0.0116147994995117 0.00415325164794922 0.1978759765625 0.131027221679688
-0.00283956527709961 -0.00863742828369141 -0.14892578125 -0.141708374023438
0.0300159454345703 0.00748252868652344 0.105133056640625 -0.272308349609375
0.0205287933349609 0.00709152221679687 0.4268798828125 -0.18695068359375
-0.0227031707763672 0.0173110961914063 0.62933349609375 0.2257080078125
-0.0449028015136719 0.0331192016601563 0.268310546875 0.822998046875
-0.0136775970458984 -0.00199031829833984 -0.43145751953125 0.91265869140625
-0.012049674987793 0.00379562377929688 -0.654052734375 0.36346435546875
0.0138912200927734 0.0203990936279297 0.0677032470703125 0.0646858215332031
0.0294685363769531 0.0115795135498047 0.676025390625 -0.40521240234375
0.00664520263671875 0.0105476379394531 0.2174072265625 -0.936767578125
-0.0314235687255859 0.0145549774169922 -0.59014892578125 -0.60546875
-0.0336971282958984 0.0174388885498047 -0.64483642578125 0.0929565429687499
0.00825691223144531 0.016545295715332 -0.345001220703125 0.374267578125
0.0245647430419922 0.00981521606445313 0.013580322265625 0.3258056640625
-0.0110273361206055 -0.000109672546386719 0.199203491210938 0.1312255859375
-0.00271892547607422 -0.0172529220581055 -0.144439697265625 -0.144088745117188
0.0368766784667969 0.00278854370117188 0.113555908203125 -0.26953125
0.0332679748535156 0.00499153137207031 0.436981201171875 -0.1676025390625
-0.00932502746582031 0.0232429504394531 0.62823486328125 0.257080078125
-0.0442848205566406 0.042449951171875 0.2420654296875 0.8453369140625
-0.0153017044067383 0.000358581542968748 -0.4647216796875 0.900146484375
-0.0131731033325195 -0.00130271911621094 -0.65216064453125 0.34100341796875
0.0191211700439453 0.0141334533691406 0.0888824462890625 0.0569534301757813
0.0246734619140625 0.00276565551757813 0.66461181640625 -0.42926025390625
0.000447273254394531 0.0127363204956055 0.17706298828125 -0.93707275390625
-0.0257396697998047 0.0225048065185547 -0.61114501953125 -0.575439453125
-0.0199604034423828 0.0182037353515625 -0.63763427734375 0.1177978515625
0.0228233337402344 0.00896263122558594 -0.33203125 0.386260986328125
0.0322799682617188 0.00135612487792969 0.01776123046875 0.32427978515625
-0.0121679306030273 -0.00673580169677734 0.199447631835937 0.13262939453125
-0.00350189208984375 -0.0246810913085938 -0.1405029296875 -0.147476196289063
0.0436248779296875 -0.00475692749023438 0.115814208984375 -0.269088745117188
0.046478271484375 0.00261688232421875 0.442291259765625 -0.162261962890625
0.00107955932617188 0.0310535430908203 0.6302490234375 0.27313232421875
-0.043243408203125 0.0494613647460937 0.232177734375 0.85479736328125
-0.0171289443969727 -0.00333786010742187 -0.4749755859375 0.8941650390625
-0.00422000885009766 -0.0124721527099609 -0.6466064453125 0.33013916015625
0.0334739685058594 0.00613975524902344 0.102615356445313 0.0532302856445313
0.0289573669433594 -0.00499343872070313 0.6639404296875 -0.44775390625
-0.000415802001953126 0.010441780090332 0.16156005859375 -0.93927001953125
-0.0244808197021484 0.0296306610107422 -0.62054443359375 -0.56134033203125
-0.00981330871582031 0.0191078186035156 -0.6331787109375 0.1304931640625
0.0327033996582031 0.0042266845703125 -0.3289794921875 0.3878173828125
0.0384712219238281 -0.00907516479492187 0.017364501953125 0.320281982421875
-0.0141706466674805 -0.0129013061523438 0.19775390625 0.127792358398438
-0.00301551818847656 -0.0316200256347656 -0.13800048828125 -0.15423583984375
0.0501060485839844 -0.0133132934570313 0.115615844726563 -0.274307250976563
0.0557708740234375 0.000576019287109375 0.44317626953125 -0.167694091796875
0.00998687744140625 0.036468505859375 0.64093017578125 0.26837158203125
-0.0403022766113281 0.0555229187011719 0.24761962890625 0.852294921875
-0.0167980194091797 -0.00868415832519531 -0.45794677734375 0.89447021484375
0.00738525390625 -0.0215587615966797 -0.63360595703125 0.3302001953125
0.0518341064453125 -0.00181961059570313 0.111396789550781 0.0521087646484375
0.0356941223144531 -0.0160942077636719 0.67083740234375 -0.449951171875
-3.09944152832036E-05 0.00699901580810547 0.16949462890625 -0.9443359375
-0.0198917388916016 0.0346412658691406 -0.61578369140625 -0.56890869140625
0.000373840332031249 0.0215778350830078 -0.631591796875 0.12457275390625
0.0411605834960938 0.00217056274414063 -0.333892822265625 0.382781982421875
0.0418853759765625 -0.0171241760253906 0.01129150390625 0.31451416015625
-0.0131092071533203 -0.0198688507080078 0.195693969726563 0.120361328125
-0.00199127197265625 -0.0374717712402344 -0.1385498046875 -0.162994384765625
0.0523796081542969 -0.0212554931640625 0.109954833984375 -0.288330078125
0.0625839233398438 -0.00166702270507813 0.4417724609375 -0.186920166015625
0.0179939270019531 0.0383682250976563 0.6507568359375 0.24212646484375
-0.0361595153808594 0.0574531555175781 0.28350830078125 0.83197021484375
-0.0146141052246094 -0.0113048553466797 -0.4166259765625 0.90057373046875
0.0187911987304687 -0.0326137542724609 -0.61767578125 0.3416748046875
0.0710678100585938 -0.00653839111328125 0.1092529296875 0.0537567138671875
0.0476226806640625 -0.0245780944824219 0.68914794921875 -0.4349365234375
0.00258374214172363 0.00122523307800293 0.209228515625 -0.9476318359375
-0.01837158203125 0.0357170104980469 -0.594482421875 -0.59442138671875
0.00669288635253906 0.0245189666748047 -0.63525390625 0.10186767578125
0.0465888977050781 0.004241943359375 -0.345367431640625 0.3687744140625
0.0453605651855469 -0.0234718322753906 0.00143432617187499 0.307464599609375
-0.0108451843261719 -0.0269260406494141 0.190689086914063 0.113479614257812
-0.00652313232421875 0.00538539886474609 -0.16802978515625 -0.14990234375
0.0106716156005859 0.016301155090332 0.067962646484375 -0.30523681640625
-0.00526046752929687 0.0182762145996094 0.38397216796875 -0.268768310546875
-0.0395126342773438 0.0175743103027344 0.6466064453125 0.081787109375
-0.0447120666503906 0.0187797546386719 0.41534423828125 0.71075439453125
0.000814437866210936 -0.0233802795410156 -0.23553466796875 0.94207763671875
0.0156021118164063 -0.0066680908203125 -0.59906005859375 0.455810546875
0.0430717468261719 0.0274276733398438 0.0107650756835938 0.0893478393554688
0.0604209899902344 0.014404296875 0.7235107421875 -0.3035888671875
0.0369110107421875 -0.00880813598632813 0.39764404296875 -0.90936279296875
-0.0307350158691406 -0.0130119323730469 -0.47406005859375 -0.72418212890625
-0.061798095703125 0.0123062133789062 -0.65771484375 -0.0257568359374999
-0.0248050689697266 0.0266265869140625 -0.386322021484375 0.311187744140625
0.00294876098632812 0.0230083465576172 -0.01397705078125 0.3045654296875
-0.0082406997680664 0.00758504867553711 0.190994262695313 0.114654541015625
-0.0066065788269043 0.00371122360229492 -0.160507202148438 -0.14385986328125
0.0135660171508789 0.0161285400390625 0.079864501953125 -0.292083740234375
-0.00111198425292969 0.0146160125732422 0.396636962890625 -0.244171142578125
-0.0357780456542969 0.0140113830566406 0.6407470703125 0.12408447265625
-0.0437355041503906 0.0215835571289062 0.370849609375 0.74896240234375
-0.00448036193847656 -0.0155515670776367 -0.29736328125 0.93719482421875
0.00276732444763184 0.00314259529113769 -0.618896484375 0.4305419921875
0.0247669219970703 0.0275020599365234 0.022735595703125 0.0808944702148438
0.0467185974121094 0.0182342529296875 0.70318603515625 -0.3389892578125
0.0248737335205078 -0.00266075134277344 0.3299560546875 -0.9202880859375
-0.0317096710205078 -0.00605201721191407 -0.5181884765625 -0.68463134765625
-0.056640625 0.0132942199707031 -0.65472412109375 0.0164794921875
-0.0183849334716797 0.0241813659667969 -0.371826171875 0.335784912109375
0.00975418090820313 0.0229225158691406 -0.0030517578125 0.315826416015625
-0.0107517242431641 0.00800895690917969 0.193679809570313 0.123321533203125
-0.00769710540771484 -0.00199985504150391 -0.156600952148437 -0.139968872070313
0.0211315155029297 0.013702392578125 0.089996337890625 -0.280975341796875
0.00778579711914062 0.00878095626831055 0.408203125 -0.21923828125
-0.0298786163330078 0.0160884857177734 0.63671875 0.17144775390625
-0.0429115295410156 0.0261878967285156 0.32391357421875 0.78314208984375
-0.00937843322753906 -0.00673103332519531 -0.3585205078125 0.92669677734375
-0.00857686996459961 0.00553703308105469 -0.6357421875 0.39892578125
0.0139083862304688 0.0249710083007813 0.0451126098632813 0.072998046875
0.0354461669921875 0.017791748046875 0.68194580078125 -0.37579345703125
0.0147085189819336 0.005035400390625 0.2611083984375 -0.92572021484375
-0.0322227478027344 0.00541305541992188 -0.55938720703125 -0.6351318359375
-0.0469245910644531 0.0153427124023438 -0.64794921875 0.0622558593749999
-0.00397682189941406 0.0221195220947266 -0.352783203125 0.357635498046875
0.0176048278808594 0.0179367065429688 0.00994873046875003 0.320068359375
-0.0114612579345703 0.00567245483398437 0.196914672851562 0.12799072265625
-0.00508451461791992 -0.00711774826049805 -0.150680541992188 -0.139511108398438
0.0274868011474609 0.00799942016601563 0.099365234375 -0.271469116210938
0.0186367034912109 0.00731849670410156 0.42132568359375 -0.192291259765625
-0.0211219787597656 0.0175151824951172 0.6314697265625 0.21661376953125
-0.0420570373535156 0.0333747863769531 0.2808837890625 0.813232421875
-0.0125865936279297 -0.00318717956542969 -0.41253662109375 0.91156005859375
-0.0133190155029297 0.00537109375 -0.64410400390625 0.369140625
0.0120754241943359 0.0210533142089844 0.0672721862792969 0.0642738342285156
0.0277271270751953 0.0106925964355469 0.66351318359375 -0.409423828125
0.00726985931396484 0.00882148742675781 0.20074462890625 -0.92938232421875
-0.0301952362060547 0.0167732238769531 -0.59051513671875 -0.5926513671875
-0.0349445343017578 0.0190372467041016 -0.6405029296875 0.10247802734375
0.00864887237548828 0.0152559280395508 -0.334686279296875 0.376068115234375
0.0243988037109375 0.0105361938476563 0.01861572265625 0.32275390625
-0.0134496688842773 0.00109386444091797 0.198715209960938 0.13043212890625
-0.00647449493408203 -0.016057014465332 -0.148040771484375 -0.13995361328125
0.0361862182617188 0.00070953369140625 0.106460571289062 -0.268325805664063
0.0335979461669922 0.00424003601074219 0.42852783203125 -0.17535400390625
-0.00880622863769531 0.0229568481445313 0.62841796875 0.247314453125
-0.0430946350097656 0.0437431335449219 0.25067138671875 0.829833984375
-0.0161504745483398 -0.000453948974609374 -0.44976806640625 0.8992919921875
-0.0143442153930664 -0.00187397003173828 -0.64422607421875 0.34649658203125
0.0165557861328125 0.0150938034057617 0.0873565673828125 0.0556640625
0.0247173309326172 0.00356292724609375 0.652587890625 -0.43389892578125
0.00388908386230469 0.0115671157836914 0.16534423828125 -0.9322509765625
-0.0266532897949219 0.0252456665039063 -0.61309814453125 -0.560546875
-0.0213909149169922 0.0181903839111328 -0.6307373046875 0.126708984375
0.0212688446044922 0.00928497314453125 -0.32476806640625 0.387603759765625
0.0321121215820313 -1.71661376953125E-05 0.021636962890625 0.322052001953125
-0.0146570205688477 -0.00456619262695312 0.19891357421875 0.128265380859375
-0.0065460205078125 -0.0228385925292969 -0.142059326171875 -0.146392822265625
0.0435256958007812 -0.0049896240234375 0.110931396484375 -0.270401000976563
0.0455169677734375 0.00109100341796875 0.434173583984375 -0.16754150390625
0.000497817993164065 0.0285930633544922 0.63018798828125 0.26239013671875
-0.041656494140625 0.0502090454101563 0.243896484375 0.8421630859375
-0.0167675018310547 -0.00368785858154297 -0.45721435546875 0.8897705078125
-0.00575637817382813 -0.0112056732177734 -0.63677978515625 0.3348388671875
0.0331668853759766 0.00521278381347656 0.10235595703125 0.0508346557617188
0.0286655426025391 -0.00609016418457031 0.6497802734375 -0.44921875
-0.000412940979003905 0.010981559753418 0.147705078125 -0.9327392578125
-0.0238780975341797 0.0304908752441406 -0.6220703125 -0.54962158203125
-0.00934219360351563 0.0190715789794922 -0.62579345703125 0.13665771484375
0.0335063934326172 0.00463104248046875 -0.32110595703125 0.3912353515625
0.0381698608398438 -0.008941650390625 0.02130126953125 0.319671630859375
-0.0133943557739258 -0.0123691558837891 0.197265625 0.12469482421875
-0.00359153747558594 -0.0313682556152344 -0.139938354492188 -0.151519775390625
0.0486030578613281 -0.0138931274414063 0.110931396484375 -0.27557373046875
0.0550346374511719 0.0010528564453125 0.438629150390625 -0.17218017578125
0.00948524475097656 0.034912109375 0.641357421875 0.25421142578125
-0.0387115478515625 0.0544662475585938 0.2581787109375 0.84130859375
-0.015869140625 -0.00659084320068359 -0.44110107421875 0.8931884765625
0.00636672973632813 -0.0216770172119141 -0.62554931640625 0.3341064453125
0.0493659973144531 -0.000919342041015625 0.109832763671875 0.0491409301757813
0.0352439880371094 -0.0164909362792969 0.660400390625 -0.45233154296875
0.000543594360351563 0.00689125061035156 0.15814208984375 -0.9376220703125
-0.0185451507568359 0.0344142913818359 -0.61614990234375 -0.55401611328125
0.000690460205078126 0.0218505859375 -0.62493896484375 0.13421630859375
0.0411758422851563 0.0022735595703125 -0.323699951171875 0.38525390625
0.0414695739746094 -0.0185546875 0.016082763671875 0.312713623046875
-0.013946533203125 -0.0190353393554688 0.195556640625 0.117156982421875
-0.00263786315917968 -0.0351295471191406 -0.139419555664063 -0.159561157226563
0.051300048828125 -0.0210151672363281 0.106170654296875 -0.28759765625
0.0618515014648437 -0.0023956298828125 0.43359375 -0.1910400390625
0.0188713073730469 0.0386390686035156 0.65240478515625 0.2301025390625
-0.0361747741699219 0.0590133666992188 0.2957763671875 0.82366943359375
-0.0126047134399414 -0.0124053955078125 -0.3990478515625 0.8963623046875
0.0178890228271484 -0.0333251953125 -0.60906982421875 0.3466796875
0.0683135986328125 -0.00811386108398438 0.10821533203125 0.0513916015625
0.0467681884765625 -0.024932861328125 0.6759033203125 -0.4388427734375
0.00303888320922852 0.00252056121826172 0.19366455078125 -0.94287109375
-0.0164966583251953 0.0346546173095703 -0.5980224609375 -0.580322265625
0.0072479248046875 0.0264549255371094 -0.62957763671875 0.11236572265625
0.0466957092285156 0.00189590454101563 -0.335693359375 0.371978759765625
0.0436744689941406 -0.0245552062988281 0.00653076171875 0.306243896484375
-0.0128421783447266 -0.0248146057128906 0.192291259765625 0.111083984375
-0.00713491439819336 0.00531244277954102 -0.167800903320312 -0.146484375
0.0104160308837891 0.0173444747924805 0.06341552734375 -0.304046630859375
-0.00712680816650391 0.0173931121826172 0.37677001953125 -0.272796630859375
-0.0378150939941406 0.0171890258789063 0.6414794921875 0.0726318359375
-0.0423469543457031 0.0189170837402344 0.421630859375 0.698486328125
-0.00141334533691406 -0.0238285064697266 -0.22216796875 0.93536376953125
0.0157089233398437 -0.00549221038818359 -0.58856201171875 0.45697021484375
0.0404319763183594 0.0278739929199219 0.0116348266601562 0.0869979858398437
0.0607032775878906 0.0140457153320312 0.7132568359375 -0.30645751953125
0.0366897583007813 -0.00922012329101563 0.382568359375 -0.9033203125
-0.0310878753662109 -0.0110645294189453 -0.477294921875 -0.7122802734375
-0.0599632263183594 0.0147056579589844 -0.65167236328125 -0.0167236328125
-0.0239772796630859 0.0277462005615234 -0.37872314453125 0.313507080078125
0.00354957580566406 0.022705078125 -0.01055908203125 0.30194091796875
-0.00893020629882813 0.00739669799804687 0.192153930664063 0.112701416015625
-0.00681638717651367 0.00307369232177734 -0.16217041015625 -0.1412353515625
0.0148391723632812 0.0161714553833008 0.076141357421875 -0.29193115234375
-0.00199031829833984 0.0130500793457031 0.388671875 -0.247406005859375
-0.0356864929199219 0.013641357421875 0.63897705078125 0.1136474609375
-0.0423126220703125 0.0208511352539063 0.37762451171875 0.73236083984375
-0.00461578369140625 -0.0144596099853516 -0.28399658203125 0.93218994140625
-0.000118255615234375 0.00361776351928711 -0.61114501953125 0.43359375
0.0216445922851563 0.0289192199707031 0.0221023559570312 0.0797958374023438
0.0466995239257812 0.0161857604980469 0.69317626953125 -0.34075927734375
0.0269222259521484 -0.00335311889648438 0.3203125 -0.9141845703125
-0.0333938598632813 -0.00350189208984375 -0.5211181640625 -0.67279052734375
-0.0554008483886719 0.01446533203125 -0.650390625 0.0240478515625
-0.0156822204589844 0.0270061492919922 -0.365386962890625 0.336517333984375
0.00921058654785156 0.0230140686035156 0.00149536132812499 0.31207275390625
-0.0110282897949219 0.00754356384277344 0.193008422851563 0.11907958984375
-0.00732612609863281 -0.00330638885498047 -0.155654907226563 -0.136337280273438
0.0189266204833984 0.0137062072753906 0.087066650390625 -0.28253173828125
0.00499439239501953 0.0079498291015625 0.404754638671875 -0.219757080078125
-0.0309524536132813 0.0152435302734375 0.6319580078125 0.163330078125
-0.0424308776855469 0.0272254943847656 0.33154296875 0.76904296875
-0.00882339477539063 -0.007354736328125 -0.34478759765625 0.91973876953125
-0.0106086730957031 0.00843620300292968 -0.62457275390625 0.40155029296875
0.0121898651123047 0.0247001647949219 0.0422897338867187 0.0712966918945313
0.0349617004394531 0.0147285461425781 0.6693115234375 -0.37554931640625
0.0148229598999023 0.00334548950195313 0.24859619140625 -0.91912841796875
-0.0317344665527344 0.0052947998046875 -0.56085205078125 -0.62078857421875
-0.0458412170410156 0.0151519775390625 -0.640869140625 0.0690917968750001
-0.00489234924316406 0.0202121734619141 -0.344757080078125 0.360565185546875
0.0166845321655273 0.0146751403808594 0.0125732421875 0.3170166015625
-0.0115499496459961 0.00405406951904297 0.194976806640625 0.127532958984375
-0.00804328918457031 -0.00683832168579101 -0.15252685546875 -0.136093139648438
0.0271568298339844 0.00879287719726563 0.0957183837890625 -0.269866943359375
0.0181865692138672 0.00489044189453125 0.416015625 -0.193817138671875
-0.0218963623046875 0.0163536071777344 0.628662109375 0.20770263671875
-0.0410652160644531 0.0354537963867187 0.2889404296875 0.8021240234375
-0.0134057998657227 -0.00269699096679687 -0.3984375 0.909423828125
-0.0156145095825195 0.0073995590209961 -0.633056640625 0.37274169921875
0.0110816955566406 0.0209159851074219 0.0654563903808594 0.0588188171386719
0.0274028778076172 0.0113677978515625 0.65484619140625 -0.411865234375
0.00954151153564453 0.00808525085449219 0.18975830078125 -0.92547607421875
-0.0295314788818359 0.0156040191650391 -0.59283447265625 -0.57952880859375
-0.0340423583984375 0.0170650482177734 -0.629150390625 0.10833740234375
0.00715255737304687 0.0153541564941406 -0.32952880859375 0.3782958984375
0.0235881805419922 0.00864219665527344 0.021484375 0.3194580078125
-0.0126047134399414 0.00122642517089844 0.197860717773438 0.12591552734375
-0.00677776336669922 -0.0143918991088867 -0.147491455078125 -0.139144897460938
0.0361518859863281 0.0007781982421875 0.101760864257812 -0.267929077148438
0.0305576324462891 0.00208854675292969 0.426055908203125 -0.175262451171875
-0.0115375518798828 0.0237979888916016 0.626953125 0.23577880859375
-0.0409393310546875 0.0428924560546875 0.262451171875 0.82098388671875
-0.0154523849487305 -0.0024881362915039 -0.4307861328125 0.8955078125
-0.0133934020996094 -0.000321388244628908 -0.635009765625 0.34674072265625
0.0157680511474609 0.0126419067382812 0.0854415893554687 0.0524063110351562
0.0266151428222656 0.00380325317382813 0.64300537109375 -0.43603515625
0.00595760345458984 0.010772705078125 0.1556396484375 -0.921142578125
-0.0272483825683594 0.0247554779052734 -0.61273193359375 -0.54949951171875
-0.0192985534667969 0.0182323455810547 -0.62164306640625 0.1334228515625
0.020904541015625 0.00722694396972656 -0.317474365234375 0.386260986328125
0.0310802459716797 -0.00111007690429688 0.025421142578125 0.31903076171875
-0.013300895690918 -0.00350284576416015 0.198562622070313 0.125686645507813
-0.00564002990722656 -0.0219993591308594 -0.142745971679687 -0.143783569335938
0.0418281555175781 -0.00622940063476563 0.106292724609375 -0.268478393554688
0.0458183288574219 0.001556396484375 0.4310302734375 -0.17108154296875
-0.000469207763671877 0.0282459259033203 0.63067626953125 0.2506103515625
-0.0387153625488281 0.0499839782714844 0.255859375 0.8333740234375
-0.0168476104736328 -0.00293731689453125 -0.44134521484375 0.88677978515625
-0.00626850128173828 -0.00911521911621094 -0.6280517578125 0.33685302734375
0.0292015075683594 0.00468635559082031 0.101028442382813 0.0485610961914063
0.0306949615478516 -0.00802803039550781 0.6392822265625 -0.45367431640625
0.00133323669433594 0.00986385345458984 0.1361083984375 -0.92706298828125
-0.0201663970947266 0.03076171875 -0.62255859375 -0.53594970703125
-0.00817489624023438 0.02056884765625 -0.6158447265625 0.14501953125
0.0342159271240234 0.0030517578125 -0.311981201171875 0.39227294921875
0.0372161865234375 -0.0108108520507813 0.024993896484375 0.315399169921875
-0.0168857574462891 -0.0118780136108398 0.19622802734375 0.122451782226563
-0.00607681274414063 -0.0302600860595703 -0.141632080078125 -0.148468017578125
0.0474777221679687 -0.0142898559570313 0.107376098632813 -0.276016235351563
0.0533561706542969 -0.000331878662109375 0.43359375 -0.17498779296875
0.009613037109375 0.0338726043701172 0.63763427734375 0.2462158203125
-0.035614013671875 0.0544319152832031 0.2684326171875 0.8310546875
-0.0143985748291016 -0.00752353668212891 -0.42462158203125 0.88800048828125
0.004150390625 -0.01971435546875 -0.61834716796875 0.33770751953125
0.0475044250488281 -0.00243759155273438 0.108322143554688 0.0462188720703125
0.0344562530517578 -0.0162162780761719 0.6495361328125 -0.454833984375
0.000939369201660157 0.00688552856445313 0.14697265625 -0.93206787109375
-0.0180797576904297 0.0333003997802734 -0.616943359375 -0.54364013671875
0.00167655944824219 0.0211048126220703 -0.618896484375 0.13909912109375
0.0398101806640625 0.00231552124023438 -0.315185546875 0.387359619140625
0.0407600402832031 -0.0190010070800781 0.01971435546875 0.309661865234375
-0.0138702392578125 -0.0196437835693359 0.194747924804688 0.115219116210938
-0.00430679321289063 -0.0354995727539063 -0.141250610351563 -0.15673828125
0.04766845703125 -0.0207366943359375 0.10101318359375 -0.2862548828125
0.060577392578125 -0.00421524047851563 0.427581787109375 -0.19500732421875
0.0179405212402344 0.0382957458496094 0.6494140625 0.2213134765625
-0.0330123901367188 0.05792236328125 0.3038330078125 0.81219482421875
-0.0137252807617188 -0.012537956237793 -0.38531494140625 0.8924560546875
0.0163345336914063 -0.0323486328125 -0.6002197265625 0.3492431640625
0.0668678283691406 -0.00831222534179688 0.107856750488281 0.0502700805664063
0.0464134216308594 -0.02508544921875 0.66485595703125 -0.44158935546875
0.00276303291320801 0.00191736221313477 0.1820068359375 -0.93450927734375
-0.0162353515625 0.0375709533691406 -0.60040283203125 -0.56707763671875
0.00768852233886719 0.0248355865478516 -0.62213134765625 0.117431640625
0.0447425842285156 0.00246429443359375 -0.326995849609375 0.373687744140625
0.0437889099121094 -0.0252532958984375 0.00964355468749998 0.304168701171875
-0.0140228271484375 -0.0230197906494141 0.190887451171875 0.109130859375
-0.00806951522827148 0.00661277770996094 -0.169845581054688 -0.14459228515625
0.0107746124267578 0.0162010192871094 0.06005859375 -0.30133056640625
-0.00732040405273438 0.0186824798583984 0.373291015625 -0.27532958984375
-0.0387153625488281 0.0182151794433594 0.638427734375 0.0634765625
-0.0393333435058594 0.019073486328125 0.42431640625 0.68939208984375
-0.00063133239746094 -0.0235481262207031 -0.20947265625 0.929443359375
0.0136203765869141 -0.00377273559570313 -0.5794677734375 0.4560546875
0.0393218994140625 0.0277442932128906 0.010467529296875 0.0843124389648438
0.0608940124511719 0.0131912231445313 0.70343017578125 -0.31170654296875
0.0369606018066406 -0.0109596252441406 0.3734130859375 -0.89898681640625
-0.0299396514892578 -0.0119419097900391 -0.4805908203125 -0.69952392578125
-0.0598831176757813 0.0142631530761719 -0.646728515625 -0.0120849609375
-0.0233020782470703 0.0273246765136719 -0.3719482421875 0.315338134765625
0.00412559509277344 0.0224590301513672 -0.006683349609375 0.301910400390625
-0.0107049942016602 0.00961875915527344 0.189910888671875 0.1097412109375
-0.00855398178100586 0.004486083984375 -0.163330078125 -0.138153076171875
0.0144805908203125 0.0168848037719727 0.069427490234375 -0.289642333984375
-0.00271797180175781 0.0133066177368164 0.38421630859375 -0.248992919921875
-0.0365257263183594 0.0156326293945313 0.6331787109375 0.108642578125
-0.0405044555664063 0.0217628479003906 0.38555908203125 0.72564697265625
-0.0034646987915039 -0.0139627456665039 -0.2691650390625 0.92694091796875
-0.000514030456542968 0.00427341461181641 -0.60107421875 0.43341064453125
0.0212516784667969 0.0293617248535156 0.0233383178710937 0.0766143798828125
0.0454902648925781 0.0152626037597656 0.68280029296875 -0.3438720703125
0.0261898040771484 -0.00215530395507813 0.30792236328125 -0.9073486328125
-0.0318965911865234 -0.00346565246582032 -0.52191162109375 -0.65985107421875
-0.0541458129882813 0.0155220031738281 -0.64373779296875 0.0303955078125001
-0.0162391662597656 0.0234241485595703 -0.355438232421875 0.338134765625
0.00828742980957031 0.0198116302490234 0.00250244140624999 0.309173583984375
-0.0107688903808594 0.0100917816162109 0.19140625 0.115829467773438
-0.00883674621582031 -0.00149250030517578 -0.15618896484375 -0.135299682617188
0.0173149108886719 0.014500617980957 0.08172607421875 -0.278793334960938
0.00597095489501953 0.00851678848266602 0.397857666015625 -0.223114013671875
-0.029144287109375 0.0147495269775391 0.6287841796875 0.15521240234375
-0.0395278930664062 0.0259513854980469 0.3355712890625 0.7603759765625
-0.006988525390625 -0.00741672515869141 -0.33154296875 0.9151611328125
-0.0104246139526367 0.00844764709472656 -0.61651611328125 0.40399169921875
0.0113964080810547 0.0263786315917969 0.0418777465820313 0.0680999755859375
0.0348281860351563 0.0144176483154297 0.66070556640625 -0.378173828125
0.0168609619140625 0.00252628326416016 0.23834228515625 -0.9117431640625
-0.0298328399658203 0.00633049011230469 -0.561279296875 -0.61151123046875
-0.0448837280273438 0.0161895751953125 -0.63458251953125 0.075439453125
-0.00403785705566406 0.021575927734375 -0.33673095703125 0.3599853515625
0.0183448791503906 0.0158901214599609 0.015655517578125 0.315582275390625
-0.0138998031616211 0.00646686553955078 0.195037841796875 0.1234130859375
-0.00766420364379883 -0.00534296035766602 -0.151580810546875 -0.1336669921875
0.0252132415771484 0.00886154174804688 0.0923004150390625 -0.2716064453125
0.0172939300537109 0.00652408599853516 0.41064453125 -0.196441650390625
-0.0227413177490234 0.0173397064208984 0.625732421875 0.20068359375
-0.04180908203125 0.0347824096679688 0.2978515625 0.79071044921875
-0.0109844207763672 -0.00343132019042969 -0.383544921875 0.90301513671875
-0.0150575637817383 0.00698089599609375 -0.62506103515625 0.37115478515625
0.0101108551025391 0.0206584930419922 0.0655136108398438 0.0591773986816406
0.0285263061523438 0.01031494140625 0.642578125 -0.4151611328125
0.00919246673583984 0.00718593597412109 0.18267822265625 -0.9161376953125
-0.027252197265625 0.0164165496826172 -0.59393310546875 -0.57000732421875
-0.0325450897216797 0.0178508758544922 -0.62286376953125 0.1129150390625
0.00876140594482422 0.0148801803588867 -0.3193359375 0.3768310546875
0.0230426788330078 0.00870132446289063 0.0255126953125 0.3173828125
-0.0142803192138672 0.00179481506347656 0.195144653320313 0.12237548828125
-0.00774192810058594 -0.014988899230957 -0.146591186523438 -0.137191772460937
0.0344257354736328 0.00162696838378906 0.0980987548828125 -0.266494750976563
0.0312824249267578 0.00305366516113281 0.417938232421875 -0.17962646484375
-0.0108070373535156 0.0237350463867188 0.62542724609375 0.22723388671875
-0.0409355163574219 0.0425910949707031 0.27105712890625 0.8106689453125
-0.0138978958129883 -0.00109004974365234 -0.41839599609375 0.88897705078125
-0.0155096054077148 0.0015726089477539 -0.62628173828125 0.349853515625
0.0137529373168945 0.0134849548339844 0.0849685668945313 0.0508041381835938
0.0243358612060547 0.00135993957519531 0.63360595703125 -0.436279296875
0.00341033935546875 0.00886344909667969 0.14404296875 -0.91632080078125
-0.0243568420410156 0.0249729156494141 -0.61151123046875 -0.53656005859375
-0.0190162658691406 0.0209197998046875 -0.61590576171875 0.13812255859375
0.0222625732421875 0.00893592834472656 -0.30633544921875 0.3875732421875
0.0295028686523438 -0.00203704833984375 0.028961181640625 0.316864013671875
-0.0144214630126953 -0.00447273254394532 0.197509765625 0.122344970703125
-0.00670051574707031 -0.0225143432617187 -0.143951416015625 -0.1409912109375
0.0423965454101563 -0.00496673583984375 0.102264404296875 -0.26861572265625
0.0428695678710938 0.00167083740234375 0.42596435546875 -0.173248291015625
-0.000396728515625002 0.03045654296875 0.62701416015625 0.24365234375
-0.0381622314453125 0.0490379333496094 0.26025390625 0.82159423828125
-0.0152111053466797 -0.00391197204589844 -0.42938232421875 0.8812255859375
-0.00543117523193359 -0.0070343017578125 -0.621337890625 0.33837890625
0.0293922424316406 0.00605964660644531 0.0990066528320313 0.0463104248046875
0.0283756256103516 -0.00692367553710938 0.63006591796875 -0.45281982421875
0.00201797485351563 0.00884342193603515 0.126708984375 -0.91986083984375
-0.0192718505859375 0.0298366546630859 -0.6212158203125 -0.52581787109375
-0.00855255126953125 0.0207195281982422 -0.611328125 0.1490478515625
0.0316638946533203 0.00480079650878906 -0.30523681640625 0.389068603515625
0.0364227294921875 -0.0116043090820313 0.027984619140625 0.3143310546875
-0.0160655975341797 -0.0106039047241211 0.194656372070312 0.119216918945312
-0.00516891479492188 -0.0281562805175781 -0.141708374023438 -0.146209716796875
0.045562744140625 -0.0133209228515625 0.100753784179688 -0.27410888671875
0.0540504455566406 0.000335693359375 0.42803955078125 -0.180267333984375
0.0111312866210937 0.0343990325927734 0.6368408203125 0.2391357421875
-0.0344390869140625 0.0542716979980469 0.2764892578125 0.81787109375
-0.0157155990600586 -0.00693893432617188 -0.41400146484375 0.88275146484375
0.00266265869140625 -0.0192642211914062 -0.60784912109375 0.33831787109375
0.0461082458496094 -0.00152206420898438 0.107589721679688 0.0435104370117187
0.0343704223632813 -0.0170726776123047 0.63885498046875 -0.45343017578125
0.00335502624511719 0.00532341003417969 0.13690185546875 -0.92523193359375
-0.0167503356933594 0.0339527130126953 -0.6162109375 -0.53192138671875
0.00165748596191406 0.0223827362060547 -0.610107421875 0.14508056640625
0.0407257080078125 0.0005340576171875 -0.30902099609375 0.38568115234375
0.0405464172363281 -0.0200042724609375 0.02410888671875 0.30712890625
-0.0150060653686523 -0.0175409317016602 0.193344116210938 0.1129150390625
-0.00554847717285156 -0.032806396484375 -0.141616821289063 -0.1568603515625
0.04705810546875 -0.0221443176269531 0.0968017578125 -0.285980224609375
0.0591850280761719 -0.0029144287109375 0.42388916015625 -0.1966552734375
0.0172500610351563 0.0379638671875 0.647216796875 0.21307373046875
-0.0315818786621094 0.0571784973144531 0.3095703125 0.80010986328125
-0.0125112533569336 -0.0135364532470703 -0.37109375 0.88751220703125
0.0155792236328125 -0.0292453765869141 -0.59161376953125 0.3502197265625
0.06494140625 -0.00735855102539063 0.105972290039062 0.0486526489257812
0.0455245971679688 -0.0264320373535156 0.6568603515625 -0.44268798828125
0.00471210479736328 0.000476837158203125 0.17193603515625 -0.926513671875
-0.0149803161621094 0.0360183715820313 -0.5966796875 -0.55596923828125
0.00678634643554687 0.0258636474609375 -0.611328125 0.12353515625
0.0441627502441406 0.001708984375 -0.319976806640625 0.372955322265625
0.0416717529296875 -0.0264854431152344 0.01275634765625 0.30291748046875
-0.0137119293212891 -0.0238037109375 0.18902587890625 0.105911254882813
-0.00833415985107422 0.00728702545166016 -0.169876098632813 -0.142822265625
0.00814533233642578 0.0156307220458984 0.0557861328125 -0.29931640625
-0.00692176818847656 0.0175838470458984 0.3641357421875 -0.275177001953125
-0.0390777587890625 0.0185966491699219 0.63421630859375 0.0594482421875
-0.0401077270507813 0.0191459655761719 0.42779541015625 0.6805419921875
-0.000106811523437501 -0.0242290496826172 -0.19830322265625 0.92144775390625
0.0120010375976562 -0.00291061401367188 -0.57257080078125 0.45611572265625
0.0376129150390625 0.0285835266113281 0.0105972290039062 0.0845718383789063
0.0601768493652344 0.0120353698730469 0.69537353515625 -0.3116455078125
0.0368194580078125 -0.0111236572265625 0.3638916015625 -0.8912353515625
-0.0297698974609375 -0.009307861328125 -0.48065185546875 -0.68902587890625
-0.0586814880371094 0.0156745910644531 -0.63983154296875 -0.0045776367187499
-0.0237331390380859 0.0271759033203125 -0.364288330078125 0.31396484375
0.00546455383300781 0.021728515625 -0.00302124023437499 0.2991943359375
-0.0108728408813477 0.00990676879882813 0.189117431640625 0.107635498046875
-0.00893115997314453 0.0057830810546875 -0.161911010742188 -0.135772705078125
0.0113916397094727 0.0148468017578125 0.06732177734375 -0.2884521484375
-0.00368499755859375 0.0140094757080078 0.38116455078125 -0.249755859375
-0.03643798828125 0.0137786865234375 0.62786865234375 0.1014404296875
-0.0402450561523438 0.0207901000976563 0.38739013671875 0.71405029296875
-0.00208091735839844 -0.0145683288574219 -0.2591552734375 0.91961669921875
-0.00116825103759766 0.00546932220458984 -0.59478759765625 0.43206787109375
0.0204982757568359 0.0270500183105469 0.0216751098632812 0.0778045654296875
0.045135498046875 0.0152549743652344 0.671142578125 -0.3441162109375
0.0278892517089844 -0.00446319580078125 0.29779052734375 -0.90185546875
-0.0299625396728516 -0.00233268737792969 -0.521484375 -0.65032958984375
-0.0544700622558594 0.01715087890625 -0.6361083984375 0.03338623046875
-0.0152740478515625 0.0247173309326172 -0.3497314453125 0.336517333984375
0.0101337432861328 0.0205650329589844 0.00622558593749999 0.307342529296875
-0.0116701126098633 0.00928211212158203 0.1895751953125 0.115402221679688
-0.00896549224853516 0.000594139099121095 -0.159683227539063 -0.132598876953125
0.0183296203613281 0.0130195617675781 0.07763671875 -0.278305053710938
0.00559139251708984 0.0109729766845703 0.392913818359375 -0.22454833984375
-0.0303936004638672 0.0154743194580078 0.62542724609375 0.15008544921875
-0.0401382446289063 0.0266799926757813 0.3427734375 0.75213623046875
-0.00681734085083008 -0.00729513168334961 -0.32000732421875 0.90716552734375
-0.0121011734008789 0.00833988189697266 -0.60675048828125 0.4029541015625
0.0101413726806641 0.0262527465820312 0.0420150756835938 0.0661430358886719
0.0336837768554688 0.0129489898681641 0.65069580078125 -0.37872314453125
0.0169219970703125 0.00192451477050781 0.2303466796875 -0.903564453125
-0.0303535461425781 0.00719070434570313 -0.56243896484375 -0.60125732421875
-0.0450859069824219 0.01885986328125 -0.62579345703125 0.0783081054687501
-0.00421333312988281 0.0206108093261719 -0.330413818359375 0.35736083984375
0.0169391632080078 0.0147800445556641 0.019256591796875 0.31268310546875
-0.0145101547241211 0.00690460205078125 0.193374633789063 0.120071411132812
-0.00795173645019531 -0.00583362579345703 -0.151275634765625 -0.130661010742188
0.0269565582275391 0.00790023803710938 0.0885467529296875 -0.269119262695312
0.0167436599731445 0.00548171997070313 0.405303955078125 -0.1983642578125
-0.0211467742919922 0.0174541473388672 0.6231689453125 0.19476318359375
-0.0398406982421875 0.03448486328125 0.30084228515625 0.7828369140625
-0.0100889205932617 -0.00526332855224609 -0.37359619140625 0.89764404296875
-0.0160923004150391 0.00730419158935547 -0.6175537109375 0.37152099609375
0.0102500915527344 0.0197238922119141 0.0647125244140625 0.0578231811523437
0.0265979766845703 0.00841140747070313 0.6334228515625 -0.4112548828125
0.0113735198974609 0.00677967071533203 0.1729736328125 -0.908447265625
-0.0271415710449219 0.0173282623291016 -0.5914306640625 -0.5599365234375
-0.03106689453125 0.018585205078125 -0.61737060546875 0.11749267578125
0.00967121124267578 0.0153236389160156 -0.314849853515625 0.37677001953125
0.0246181488037109 0.00677871704101563 0.026580810546875 0.31341552734375
-0.0140304565429688 0.00218391418457031 0.194793701171875 0.121444702148438
-0.00841331481933594 -0.0148286819458008 -0.147659301757813 -0.134765625
0.0334186553955078 0.00128173828125 0.095245361328125 -0.266525268554688
0.0293369293212891 0.00375747680664063 0.4124755859375 -0.181304931640625
-0.0123214721679687 0.0242900848388672 0.6217041015625 0.223388671875
-0.0382652282714844 0.0417213439941406 0.27655029296875 0.80279541015625
-0.0133132934570313 0.000824928283691406 -0.406982421875 0.88360595703125
-0.0157747268676758 0.00173473358154297 -0.6187744140625 0.34869384765625
0.0129814147949219 0.0137014389038086 0.083404541015625 0.049957275390625
0.025787353515625 0.00012969970703125 0.62359619140625 -0.434814453125
0.00604820251464844 0.00889492034912109 0.13702392578125 -0.9078369140625
-0.0237655639648437 0.0245475769042969 -0.6114501953125 -0.527587890625
-0.0210227966308594 0.0204696655273437 -0.60772705078125 0.14166259765625
0.0213985443115234 0.007904052734375 -0.301910400390625 0.386993408203125
0.031707763671875 -0.00157356262207031 0.03265380859375 0.314422607421875
-0.0168733596801758 -0.00233173370361328 0.195037841796875 0.120574951171875
-0.00664138793945313 -0.0216770172119141 -0.14483642578125 -0.139022827148437
0.0402679443359375 -0.00497055053710938 0.0970611572265625 -0.267791748046875
0.0425910949707031 -0.0001373291015625 0.418548583984375 -0.175384521484375
-0.000883102416992185 0.0297069549560547 0.62567138671875 0.23809814453125
-0.0375289916992188 0.0487823486328125 0.26654052734375 0.81353759765625
-0.0153942108154297 -0.0033416748046875 -0.4171142578125 0.87646484375
-0.00734186172485352 -0.00618124008178711 -0.61199951171875 0.33746337890625
0.0261669158935547 0.00619125366210938 0.0972900390625 0.0438690185546875
0.0274124145507813 -0.00684356689453125 0.6219482421875 -0.4503173828125
0.00225639343261719 0.00845479965209961 0.121826171875 -0.9088134765625
-0.0197830200195313 0.0305957794189453 -0.61932373046875 -0.514404296875
-0.00760078430175782 0.0211143493652344 -0.60260009765625 0.152587890625
0.0310955047607422 0.00161552429199219 -0.297332763671875 0.390777587890625
0.03546142578125 -0.0123634338378906 0.03143310546875 0.3111572265625
-0.0168342590332031 -0.00875091552734375 0.195419311523438 0.115921020507813
-0.00728416442871093 -0.0277576446533203 -0.142868041992188 -0.145248413085938
0.045135498046875 -0.0147323608398438 0.097869873046875 -0.272811889648438
0.05224609375 -0.0010223388671875 0.42401123046875 -0.18212890625
0.010040283203125 0.0351638793945312 0.63568115234375 0.23187255859375
-0.0326614379882812 0.0531730651855469 0.2828369140625 0.8092041015625
-0.0133447647094727 -0.00785255432128906 -0.40179443359375 0.8778076171875
0.00197982788085937 -0.0179214477539063 -0.6011962890625 0.33734130859375
0.0441246032714844 -0.00123977661132813 0.105072021484375 0.0427017211914063
0.0339260101318359 -0.0172576904296875 0.629150390625 -0.4537353515625
0.00264501571655273 0.00455951690673828 0.13055419921875 -0.9161376953125
-0.0157604217529297 0.0341548919677734 -0.61541748046875 -0.52056884765625
0.00250625610351563 0.0228157043457031 -0.602783203125 0.1475830078125
0.0402603149414063 0.00106048583984375 -0.302764892578125 0.384368896484375
0.0401878356933594 -0.0208015441894531 0.02520751953125 0.305694580078125
-0.0160064697265625 -0.0161342620849609 0.191452026367188 0.110809326171875
-0.00681877136230469 -0.0322818756103516 -0.142364501953125 -0.15264892578125
0.0464935302734375 -0.0199432373046875 0.093170166015625 -0.284576416015625
0.0566177368164063 -0.00378036499023438 0.417724609375 -0.200347900390625
0.0182838439941406 0.038116455078125 0.6436767578125 0.2061767578125
-0.0290870666503906 0.0568046569824219 0.31719970703125 0.7930908203125
-0.0124731063842773 -0.0120038986206055 -0.36151123046875 0.87957763671875
0.0140495300292969 -0.0276355743408203 -0.58673095703125 0.35101318359375
0.0619888305664062 -0.00856781005859375 0.104484558105469 0.0450363159179688
0.0446968078613281 -0.0271224975585938 0.64764404296875 -0.4404296875
0.00451231002807617 -0.000454425811767578 0.1640625 -0.9154052734375
-0.0134105682373047 0.0339374542236328 -0.5955810546875 -0.5460205078125
0.007049560546875 0.0253849029541016 -0.6053466796875 0.126220703125
0.0436859130859375 0.001312255859375 -0.312896728515625 0.3697509765625
0.042572021484375 -0.025238037109375 0.015106201171875 0.299896240234375
-0.0152683258056641 -0.022216796875 0.18988037109375 0.105209350585938
-0.0095052719116211 0.00698089599609375 -0.168655395507812 -0.140151977539062
0.00749111175537109 0.0168838500976563 0.053436279296875 -0.2987060546875
-0.00807476043701172 0.0169868469238281 0.35986328125 -0.276275634765625
-0.0383148193359375 0.0184898376464844 0.630126953125 0.0540771484375
-0.0384368896484375 0.0189476013183594 0.43115234375 0.67047119140625
0.000438690185546875 -0.0229358673095703 -0.19403076171875 0.91424560546875
0.0103187561035156 -0.00145149230957031 -0.56585693359375 0.45477294921875
0.0365257263183594 0.0273933410644531 0.00935363769531251 0.0813751220703125
0.0588493347167969 0.0107955932617187 0.68756103515625 -0.312255859375
0.0378875732421875 -0.0124893188476562 0.35736083984375 -0.886962890625
-0.027740478515625 -0.0106773376464844 -0.48004150390625 -0.68243408203125
-0.0583648681640625 0.0162506103515625 -0.63348388671875 -0.00366210937499993
-0.0223598480224609 0.0282325744628906 -0.35858154296875 0.315185546875
0.00480461120605469 0.0188159942626953 -0.00274658203125002 0.29736328125
-0.0105209350585938 0.00996494293212891 0.188125610351563 0.105712890625
-0.0105323791503906 0.00505256652832031 -0.1632080078125 -0.1343994140625
0.011408805847168 0.0161046981811523 0.064361572265625 -0.2869873046875
-0.00270366668701172 0.014592170715332 0.374603271484375 -0.251495361328125
-0.0368843078613281 0.0153923034667969 0.62689208984375 0.09906005859375
-0.0387649536132813 0.0196914672851563 0.39068603515625 0.70550537109375
-0.00273799896240234 -0.0143566131591797 -0.25225830078125 0.9102783203125
-0.000707149505615235 0.00571012496948242 -0.58758544921875 0.43194580078125
0.0174617767333984 0.0286540985107422 0.0212936401367187 0.0739974975585938
0.0454139709472656 0.0146598815917969 0.66546630859375 -0.34307861328125
0.0262908935546875 -0.00520706176757813 0.29150390625 -0.89410400390625
-0.0304412841796875 -0.00203514099121093 -0.52117919921875 -0.64227294921875
-0.0522651672363281 0.0160179138183594 -0.6307373046875 0.0385742187499999
-0.0168113708496094 0.0247039794921875 -0.34405517578125 0.33740234375
0.0101585388183594 0.0193672180175781 0.00692749023437501 0.304290771484375
-0.0136795043945312 0.0109043121337891 0.189865112304688 0.11199951171875
-0.00942420959472656 0.000186920166015624 -0.157852172851563 -0.130569458007813
0.0182609558105469 0.0151348114013672 0.076141357421875 -0.275283813476563
0.00487518310546875 0.00898361206054688 0.38751220703125 -0.2236328125
-0.0304450988769531 0.0156974792480469 0.62353515625 0.14569091796875
-0.0393943786621094 0.0266036987304687 0.34527587890625 0.74322509765625
-0.00509500503540039 -0.00846290588378906 -0.310302734375 0.90313720703125
-0.0108966827392578 0.00979995727539063 -0.6038818359375 0.401123046875
0.00760650634765625 0.0249176025390625 0.0427970886230469 0.0661773681640625
0.0326690673828125 0.0118598937988281 0.643798828125 -0.37725830078125
0.0180473327636719 0.00130081176757813 0.2266845703125 -0.89837646484375
-0.0282440185546875 0.00831413269042968 -0.55718994140625 -0.5953369140625
-0.0430259704589844 0.0179252624511719 -0.6219482421875 0.0824584960937499
-0.00405311584472656 0.0188331604003906 -0.323760986328125 0.357757568359375
0.016169548034668 0.0145912170410156 0.019378662109375 0.309844970703125
-0.0138177871704102 0.00715160369873047 0.19097900390625 0.118194580078125
-0.0100326538085938 -0.00344371795654297 -0.151473999023438 -0.130691528320312
0.02520751953125 0.00891304016113281 0.085662841796875 -0.2677001953125
0.0155353546142578 0.00625228881835937 0.400054931640625 -0.20220947265625
-0.0221157073974609 0.0171089172363281 0.62158203125 0.18841552734375
-0.0383682250976563 0.0339431762695313 0.3048095703125 0.7733154296875
-0.00900936126708984 -0.00457096099853516 -0.3658447265625 0.89105224609375
-0.0173225402832031 0.00829315185546875 -0.61114501953125 0.37164306640625
0.00799751281738281 0.0201034545898438 0.0629234313964844 0.0556488037109375
0.026947021484375 0.00746345520019531 0.627685546875 -0.41064453125
0.0106306076049805 0.00713825225830078 0.16888427734375 -0.9000244140625
-0.0264358520507813 0.0162925720214844 -0.59088134765625 -0.54974365234375
-0.0317344665527344 0.0191001892089844 -0.61102294921875 0.1197509765625
0.00783824920654297 0.0133657455444336 -0.30841064453125 0.374847412109375
0.02325439453125 0.00571441650390625 0.028106689453125 0.31243896484375
-0.0154104232788086 0.00302696228027344 0.1927490234375 0.1201171875
-0.00983238220214844 -0.0128755569458008 -0.148605346679688 -0.1353759765625
0.0318641662597656 0.00278854370117188 0.0916900634765625 -0.264404296875
0.0293045043945312 0.00238800048828125 0.40887451171875 -0.18389892578125
-0.0118904113769531 0.0241489410400391 0.6207275390625 0.2164306640625
-0.037139892578125 0.0418777465820313 0.2802734375 0.79437255859375
-0.0137042999267578 6.19888305664068E-05 -0.397705078125 0.87652587890625
-0.0165719985961914 0.00307464599609375 -0.61090087890625 0.3489990234375
0.0131797790527344 0.0146818161010742 0.0819931030273438 0.0506210327148438
0.0257854461669922 0.000867843627929687 0.61688232421875 -0.43280029296875
0.00645160675048828 0.00944614410400391 0.13262939453125 -0.9010009765625
-0.0214481353759766 0.0248985290527344 -0.6097412109375 -0.51910400390625
-0.0187892913818359 0.0209636688232422 -0.60052490234375 0.1436767578125
0.0213279724121094 0.00665283203125 -0.295654296875 0.385223388671875
0.0308437347412109 -0.00391769409179688 0.034881591796875 0.310943603515625
-0.0170497894287109 -0.00278949737548828 0.194076538085938 0.118606567382813
-0.00701332092285156 -0.0199069976806641 -0.14434814453125 -0.138504028320313
0.0398101806640625 -0.00433731079101563 0.0966644287109375 -0.265731811523438
0.04058837890625 0.0014190673828125 0.416015625 -0.175933837890625
-0.00184059143066406 0.0287742614746094 0.6229248046875 0.2320556640625
-0.0358238220214844 0.0464897155761719 0.27142333984375 0.8050537109375
-0.0151596069335938 -0.00517177581787109 -0.40869140625 0.87225341796875
-0.00915431976318359 -0.00523853302001953 -0.60516357421875 0.33807373046875
0.0261554718017578 0.0072174072265625 0.098175048828125 0.043182373046875
0.0268383026123047 -0.00915718078613281 0.6156005859375 -0.44757080078125
0.00351572036743164 0.00832557678222656 0.1151123046875 -0.9036865234375
-0.0200958251953125 0.0297374725341797 -0.615966796875 -0.50689697265625
-0.00772285461425781 0.0205821990966797 -0.5963134765625 0.15557861328125
0.0311698913574219 0.00284385681152344 -0.290557861328125 0.387664794921875
0.0358734130859375 -0.0121841430664063 0.03314208984375 0.310028076171875
-0.0148296356201172 -0.00868511199951172 0.193466186523438 0.115814208984375
-0.00748443603515625 -0.0268383026123047 -0.141632080078125 -0.144119262695313
0.0450973510742188 -0.0136489868164063 0.095001220703125 -0.272872924804688
0.0514640808105469 -0.000919342041015625 0.4178466796875 -0.18206787109375
0.0100898742675781 0.0355262756347656 0.63409423828125 0.22552490234375
-0.0322990417480469 0.053558349609375 0.2850341796875 0.79986572265625
-0.0123081207275391 -0.00752353668212891 -0.39263916015625 0.87054443359375
0.00251007080078125 -0.0170717239379883 -0.59588623046875 0.33770751953125
0.0428733825683594 -0.0011749267578125 0.104118347167969 0.04217529296875
0.0333690643310547 -0.017578125 0.6226806640625 -0.450439453125
0.00394392013549805 0.00439310073852539 0.125 -0.90875244140625
-0.0159187316894531 0.0333271026611328 -0.6126708984375 -0.51373291015625
0.00288009643554687 0.0233516693115234 -0.5968017578125 0.1507568359375
0.0392799377441406 0.00067901611328125 -0.297332763671875 0.38421630859375
0.0394058227539063 -0.0215492248535156 0.027557373046875 0.3016357421875
-0.0167245864868164 -0.0150356292724609 0.190521240234375 0.108963012695313
-0.00767326354980468 -0.0312786102294922 -0.142333984375 -0.151901245117188
0.0454826354980469 -0.0204429626464844 0.091064453125 -0.283294677734375
0.0568656921386719 -0.00302886962890625 0.41265869140625 -0.201141357421875
0.0184898376464844 0.0374183654785156 0.64117431640625 0.2003173828125
-0.02947998046875 0.0557212829589844 0.31988525390625 0.7845458984375
-0.011347770690918 -0.0132999420166016 -0.354736328125 0.87493896484375
0.0122623443603516 -0.0271644592285156 -0.5787353515625 0.34930419921875
0.060028076171875 -0.00726318359375 0.102821350097656 0.0447235107421875
0.0432815551757813 -0.0254974365234375 0.63946533203125 -0.439697265625
0.00590229034423828 -4.62532043457031E-05 0.1573486328125 -0.9093017578125
-0.0132408142089844 0.0358924865722656 -0.59326171875 -0.5386962890625
0.00763130187988281 0.0268077850341797 -0.599609375 0.13031005859375
0.0433158874511719 0.00164794921875 -0.30621337890625 0.3712158203125
0.0407562255859375 -0.0270004272460937 0.016876220703125 0.297576904296875
-0.0148944854736328 -0.0212726593017578 0.186798095703125 0.102874755859375
-0.00971317291259765 0.00903511047363281 -0.167724609375 -0.13946533203125
0.00865840911865234 0.0151758193969727 0.0511474609375 -0.29742431640625
-0.0081338882446289 0.0167064666748047 0.3565673828125 -0.27703857421875
-0.0385589599609375 0.0189666748046875 0.62542724609375 0.0513916015625
-0.0390510559082031 0.0189094543457031 0.43267822265625 0.66546630859375
0.00123786926269531 -0.0240421295166016 -0.18695068359375 0.907470703125
0.0118484497070313 -0.000771522521972656 -0.561553955078125 0.452728271484375
0.0333442687988281 0.0271034240722656 0.00814819335937501 0.0800323486328125
0.0592079162597656 0.0113067626953125 0.67877197265625 -0.30987548828125
0.0379180908203125 -0.0123138427734375 0.351806640625 -0.87884521484375
-0.0272579193115234 -0.00920295715332032 -0.4796142578125 -0.67596435546875
-0.0574417114257813 0.0159950256347656 -0.62744140625 6.10351562500559E-05
-0.0213737487792969 0.0286273956298828 -0.3544921875 0.314788818359375
0.00587081909179688 0.0193557739257813 -0.00106811523437502 0.29547119140625
-0.0108108520507812 0.0101804733276367 0.186309814453125 0.104873657226563
-0.0095834732055664 0.00623321533203125 -0.16314697265625 -0.133224487304688
0.0118131637573242 0.0162935256958008 0.063629150390625 -0.283721923828125
-0.00455951690673828 0.0139608383178711 0.3702392578125 -0.251312255859375
-0.0367584228515625 0.0162544250488281 0.6219482421875 0.0931396484375
-0.0397682189941406 0.0203742980957031 0.39263916015625 0.699462890625
-0.00215244293212891 -0.0139427185058594 -0.24713134765625 0.9044189453125
-0.00330209732055664 0.00673389434814453 -0.58367919921875 0.4281005859375
0.0172061920166016 0.0285472869873047 0.0194549560546875 0.0753631591796875
0.0436668395996094 0.0127296447753906 0.65899658203125 -0.34161376953125
0.0273971557617188 -0.00420761108398438 0.28741455078125 -0.88885498046875
-0.0280666351318359 -0.00240707397460938 -0.5189208984375 -0.63323974609375
-0.0519485473632812 0.0169525146484375 -0.62384033203125 0.0408935546875
-0.0140266418457031 0.0236892700195312 -0.337921142578125 0.335479736328125
0.010319709777832 0.0175285339355469 0.00994873046875 0.3035888671875
-0.011469841003418 0.010441780090332 0.188919067382813 0.1123046875
-0.0110454559326172 0.000990867614746094 -0.157196044921875 -0.131744384765625
0.0172939300537109 0.0132007598876953 0.0739593505859375 -0.274505615234375
0.0049281120300293 0.00791406631469727 0.385833740234375 -0.2235107421875
-0.0306129455566406 0.0162811279296875 0.62249755859375 0.14208984375
-0.037689208984375 0.0268592834472656 0.3472900390625 0.7364501953125
-0.00480031967163086 -0.00657749176025391 -0.30743408203125 0.89874267578125
-0.0125837326049805 0.00931167602539063 -0.59906005859375 0.39935302734375
0.00812721252441406 0.0270366668701172 0.0403709411621094 0.0645408630371094
0.0328292846679688 0.0112380981445312 0.635986328125 -0.3729248046875
0.0190811157226563 0.00256538391113281 0.2203369140625 -0.8902587890625
-0.0287513732910156 0.00693321228027344 -0.5560302734375 -0.58660888671875
-0.044158935546875 0.0180892944335938 -0.61749267578125 0.0844116210937499
-0.00420761108398438 0.0190277099609375 -0.320159912109375 0.355926513671875
0.0155811309814453 0.012476921081543 0.020843505859375 0.308868408203125
-0.0148677825927734 0.00837039947509765 0.190231323242188 0.116928100585937
-0.0113630294799805 -0.00348854064941406 -0.152557373046875 -0.128829956054688
0.0257530212402344 0.00851249694824219 0.0838775634765625 -0.267120361328125
0.014246940612793 0.00583362579345703 0.395477294921875 -0.2003173828125
-0.0224761962890625 0.0193405151367188 0.617919921875 0.1832275390625
-0.0387191772460937 0.033203125 0.3074951171875 0.7684326171875
-0.00870227813720703 -0.00281000137329102 -0.3570556640625 0.88433837890625
-0.0173120498657227 0.0105085372924805 -0.60589599609375 0.37066650390625
0.0068817138671875 0.0205879211425781 0.0629730224609375 0.0553474426269531
0.0260086059570313 0.00727462768554688 0.61871337890625 -0.408203125
0.0125885009765625 0.00507354736328125 0.1612548828125 -0.89410400390625
-0.0246028900146484 0.0160255432128906 -0.58953857421875 -0.544677734375
-0.0324153900146484 0.0201740264892578 -0.60516357421875 0.1214599609375
0.00713729858398437 0.0134191513061523 -0.302093505859375 0.37237548828125
0.0229835510253906 0.00711822509765625 0.028656005859375 0.310546875
-0.0155401229858398 0.00228595733642578 0.193496704101563 0.1171875
-0.00942134857177735 -0.0128641128540039 -0.147018432617188 -0.13128662109375
0.0316371917724609 0.00107574462890625 0.0895843505859375 -0.26129150390625
0.0267581939697266 0.00223159790039062 0.405120849609375 -0.18524169921875
-0.0120353698730469 0.0240917205810547 0.617431640625 0.21435546875
-0.03558349609375 0.0424728393554688 0.28240966796875 0.7860107421875
-0.0113372802734375 -0.000368118286132811 -0.39080810546875 0.8719482421875
-0.0160675048828125 0.00559806823730469 -0.60699462890625 0.3470458984375
0.00884819030761719 0.0159473419189453 0.0791778564453125 0.0459518432617188
0.0241565704345703 0.000783920288085937 0.60968017578125 -0.4300537109375
0.00552272796630859 0.00620603561401367 0.12841796875 -0.893798828125
-0.0218448638916016 0.0256175994873047 -0.60491943359375 -0.51531982421875
-0.0190029144287109 0.0219821929931641 -0.59722900390625 0.1461181640625
0.0206451416015625 0.00740242004394531 -0.29052734375 0.384521484375
0.0315074920654297 -0.00350570678710937 0.03607177734375 0.310089111328125
-0.0170879364013672 -0.00198936462402344 0.193634033203125 0.119003295898438
-0.00872230529785156 -0.0199699401855469 -0.14385986328125 -0.137100219726563
0.0386390686035156 -0.00533294677734375 0.0937042236328125 -0.264450073242187
0.0399360656738281 -7.2479248046875E-05 0.41259765625 -0.177154541015625
-0.0023651123046875 0.0291595458984375 0.62115478515625 0.22735595703125
-0.0348014831542969 0.0473480224609375 0.27459716796875 0.796875
-0.0130205154418945 -0.00452423095703125 -0.402099609375 0.8638916015625
-0.00992965698242188 -0.00408077239990234 -0.60260009765625 0.33819580078125
0.0247154235839844 0.00662994384765625 0.0944747924804688 0.0420761108398438
0.0272426605224609 -0.0104446411132813 0.60797119140625 -0.44635009765625
0.00457906723022461 0.00793123245239258 0.11328125 -0.89788818359375
-0.0158138275146484 0.0293807983398438 -0.61322021484375 -0.50079345703125
-0.00781631469726563 0.0210189819335938 -0.5908203125 0.15618896484375
0.0315570831298828 0.003997802734375 -0.285919189453125 0.387969970703125
0.0345115661621094 -0.0125007629394531 0.0345458984375 0.306610107421875
-0.0176372528076172 -0.00817871093749999 0.190780639648438 0.114669799804688
-0.0084075927734375 -0.0271472930908203 -0.142669677734375 -0.143524169921875
0.0443344116210938 -0.0130500793457031 0.093048095703125 -0.270751953125
0.0508270263671875 -0.00034332275390625 0.41387939453125 -0.183197021484375
0.00984573364257813 0.0348415374755859 0.630615234375 0.22265625
-0.0313644409179687 0.0533485412597656 0.2886962890625 0.79351806640625
-0.0125837326049805 -0.00833415985107422 -0.38763427734375 0.86285400390625
0.00153446197509766 -0.0153980255126953 -0.59027099609375 0.33538818359375
0.0412139892578125 -0.000152587890625 0.102005004882813 0.0420074462890625
0.0322704315185547 -0.0178203582763672 0.61456298828125 -0.44805908203125
0.00232696533203125 0.00348401069641113 0.12347412109375 -0.90032958984375
-0.0147552490234375 0.0338478088378906 -0.60919189453125 -0.50634765625
0.00279045104980469 0.0230503082275391 -0.5916748046875 0.15106201171875
0.039093017578125 -0.00081634521484375 -0.292236328125 0.38140869140625
0.0390815734863281 -0.0216522216796875 0.027435302734375 0.300872802734375
-0.0169458389282227 -0.0148830413818359 0.189987182617188 0.108306884765625
-0.00960731506347656 -0.0306587219238281 -0.1434326171875 -0.151168823242188
0.0439529418945313 -0.0203361511230469 0.089263916015625 -0.2821044921875
0.0542678833007812 -0.00349044799804687 0.409393310546875 -0.2020263671875
0.0158271789550781 0.0364723205566406 0.6409912109375 0.19622802734375
-0.0277175903320313 0.0543022155761719 0.32012939453125 0.775634765625
-0.0105524063110352 -0.0130081176757812 -0.34832763671875 0.86968994140625
0.0127353668212891 -0.0260276794433594 -0.574951171875 0.3482666015625
0.0585594177246094 -0.00665283203125 0.102096557617188 0.0430145263671875
0.0432929992675781 -0.0263786315917969 0.63397216796875 -0.43463134765625
0.0054316520690918 -0.000778675079345703 0.15643310546875 -0.90350341796875
-0.0131340026855469 0.0362930297851563 -0.59185791015625 -0.53173828125
0.00761604309082031 0.0265541076660156 -0.59588623046875 0.13134765625
0.0435104370117188 0.00045013427734375 -0.30328369140625 0.36907958984375
0.038970947265625 -0.026336669921875 0.017730712890625 0.296356201171875
-0.0157852172851562 -0.0218048095703125 0.1864013671875 0.10272216796875
-0.0106058120727539 0.0079488754272461 -0.16796875 -0.13812255859375
0.00781059265136719 0.0169668197631836 0.04913330078125 -0.296234130859375
-0.00976753234863281 0.0183486938476563 0.3544921875 -0.274932861328125
-0.0392227172851563 0.0187606811523438 0.6236572265625 0.04791259765625
-0.0386161804199219 0.0176353454589844 0.430908203125 0.6585693359375
0.00143814086914063 -0.0237293243408203 -0.18304443359375 0.9017333984375
0.0112791061401367 -0.000138282775878906 -0.557098388671875 0.44793701171875
0.0320758819580078 0.0275821685791016 0.00809478759765625 0.0799179077148438
0.0596961975097656 0.0103759765625 0.67449951171875 -0.30792236328125
0.0377044677734375 -0.0127677917480469 0.348388671875 -0.874755859375
-0.0257968902587891 -0.00961494445800781 -0.47747802734375 -0.6693115234375
-0.058197021484375 0.0167007446289063 -0.62518310546875 0.00189208984374996
-0.0216388702392578 0.0261096954345703 -0.349517822265625 0.311859130859375
0.00417900085449219 0.0191192626953125 0.00100708007812502 0.292633056640625
-0.0129280090332031 0.0121736526489258 0.185348510742188 0.105270385742188
-0.0119609832763672 0.00672817230224609 -0.162002563476563 -0.1318359375
0.0108547210693359 0.0169210433959961 0.060821533203125 -0.285400390625
-0.00531673431396484 0.0137434005737305 0.3677978515625 -0.250396728515625
-0.0364112854003906 0.0173683166503906 0.62109375 0.0904541015625
-0.0377120971679687 0.0195198059082031 0.39202880859375 0.69244384765625
-0.00119209289550781 -0.0150127410888672 -0.24176025390625 0.9012451171875
-0.00182580947875976 0.0075230598449707 -0.578125 0.4273681640625
0.0158367156982422 0.0300025939941406 0.0200042724609375 0.0725326538085938
0.0442314147949219 0.014068603515625 0.65472412109375 -0.33831787109375
0.0285892486572266 -0.00591659545898438 0.28436279296875 -0.88214111328125
-0.0282039642333984 -0.00184249877929688 -0.51763916015625 -0.62835693359375
-0.0523834228515625 0.0182456970214844 -0.620849609375 0.0421752929687501
-0.0136470794677734 0.0244712829589844 -0.3353271484375 0.33404541015625
0.0104446411132813 0.0184421539306641 0.00964355468750001 0.302520751953125
-0.0124711990356445 0.0101299285888672 0.18560791015625 0.11260986328125
-0.0114822387695313 0.00246334075927734 -0.156509399414062 -0.127685546875
0.0163640975952148 0.0135469436645508 0.0711517333984375 -0.27520751953125
0.00321388244628906 0.00927162170410156 0.382232666015625 -0.226043701171875
-0.0326690673828125 0.0156898498535156 0.617919921875 0.1378173828125
-0.036956787109375 0.0270118713378906 0.348876953125 0.72930908203125
-0.00585556030273438 -0.00728988647460937 -0.3013916015625 0.8907470703125
-0.0143318176269531 0.012272834777832 -0.5946044921875 0.396728515625
0.00621223449707031 0.0266036987304688 0.0395240783691406 0.0633544921875
0.0339984893798828 0.0109176635742188 0.63189697265625 -0.3736572265625
0.0173177719116211 0.00131511688232422 0.21856689453125 -0.88433837890625
-0.0269775390625 0.00597763061523438 -0.55487060546875 -0.581787109375
-0.0434226989746094 0.0201911926269531 -0.60968017578125 0.08380126953125
-0.00364303588867188 0.0198841094970703 -0.315826416015625 0.3551025390625
0.0162677764892578 0.0104904174804688 0.023162841796875 0.30517578125
-0.0150918960571289 0.00741386413574218 0.190093994140625 0.117477416992187
-0.0107841491699219 -0.00325202941894531 -0.152816772460937 -0.125930786132813
0.0245189666748047 0.00839424133300781 0.082183837890625 -0.26611328125
0.0145416259765625 0.00595760345458984 0.39337158203125 -0.200164794921875
-0.021514892578125 0.0174922943115234 0.61651611328125 0.1805419921875
-0.0354385375976562 0.0329246520996094 0.310546875 0.76141357421875
-0.00742578506469727 -0.00325870513916016 -0.353515625 0.8770751953125
-0.0183830261230469 0.0105953216552734 -0.60479736328125 0.36798095703125
0.00490760803222656 0.0220546722412109 0.0608940124511719 0.0544204711914063
0.0275611877441406 0.00611495971679687 0.61517333984375 -0.4049072265625
0.0123395919799805 0.00497913360595703 0.16259765625 -0.8892822265625
-0.0238456726074219 0.0153102874755859 -0.5841064453125 -0.5384521484375
-0.0321540832519531 0.0210247039794922 -0.599853515625 0.1212158203125
0.00880241394042969 0.012333869934082 -0.298980712890625 0.371551513671875
0.0225563049316406 0.00701141357421875 0.0308837890625 0.30889892578125
-0.0165367126464844 0.00490379333496093 0.191680908203125 0.117034912109375
-0.0116806030273438 -0.0101242065429687 -0.147506713867188 -0.130477905273438
0.0324802398681641 0.00236320495605469 0.0875091552734375 -0.262344360351563
0.0276527404785156 0.00224685668945313 0.402374267578125 -0.184417724609375
-0.0117378234863281 0.0228004455566406 0.614501953125 0.2098388671875
-0.0354995727539063 0.0408515930175781 0.2850341796875 0.7808837890625
-0.0102701187133789 -0.00226879119873047 -0.3861083984375 0.86456298828125
-0.0174427032470703 0.00543689727783203 -0.60406494140625 0.34564208984375
0.00912570953369141 0.0145273208618164 0.0792236328125 0.0466156005859375
0.0240631103515625 -0.000177383422851563 0.6048583984375 -0.42840576171875
0.00678157806396484 0.00797510147094727 0.125732421875 -0.88751220703125
-0.0198078155517578 0.0233936309814453 -0.6041259765625 -0.50750732421875
-0.0180492401123047 0.0205459594726562 -0.59075927734375 0.14697265625
0.0217514038085938 0.007781982421875 -0.286712646484375 0.38116455078125
0.0299911499023438 -0.00304985046386719 0.03814697265625 0.30780029296875
-0.0186824798583984 -0.000774383544921878 0.192855834960938 0.117874145507813
-0.0114631652832031 -0.0186214447021484 -0.143508911132812 -0.1361083984375
0.0386123657226563 -0.00455474853515625 0.0922698974609375 -0.264175415039063
0.0395927429199219 0.000499725341796875 0.40802001953125 -0.17767333984375
-0.0012359619140625 0.0287895202636719 0.6190185546875 0.22412109375
-0.0329437255859375 0.0472183227539062 0.2750244140625 0.7906494140625
-0.0129060745239258 -0.00370693206787109 -0.397216796875 0.85931396484375
-0.0101785659790039 -0.00278377532958985 -0.599365234375 0.3341064453125
0.0230236053466797 0.0080413818359375 0.0942535400390625 0.0415725708007813
0.0259532928466797 -0.00838470458984375 0.60260009765625 -0.442626953125
0.00485610961914063 0.00600099563598633 0.1103515625 -0.88848876953125
-0.0166893005371094 0.0289173126220703 -0.61181640625 -0.49530029296875
-0.00800704956054688 0.0224132537841797 -0.5849609375 0.15667724609375
0.0325069427490234 0.00199699401855469 -0.282958984375 0.384246826171875
0.0340175628662109 -0.0138912200927734 0.034637451171875 0.3052978515625
-0.0184974670410156 -0.00799560546875 0.189971923828125 0.115203857421875
-0.00836563110351563 -0.0238971710205078 -0.143157958984375 -0.141815185546875
0.0437049865722656 -0.0122756958007813 0.0917205810546875 -0.269683837890625
0.0499839782714844 -0.00107192993164063 0.411834716796875 -0.18426513671875
0.00897026062011718 0.0345687866210937 0.62774658203125 0.2181396484375
-0.0306510925292969 0.0516586303710937 0.2908935546875 0.78765869140625
-0.0104894638061523 -0.00876712799072265 -0.382080078125 0.86004638671875
0.000886917114257813 -0.0137977600097656 -0.58734130859375 0.333984375
0.039337158203125 0.00172805786132813 0.100425720214844 0.0390701293945312
0.0325279235839844 -0.0185375213623047 0.6112060546875 -0.446044921875
0.00494670867919922 0.00393009185791016 0.1190185546875 -0.89678955078125
-0.0127182006835937 0.0332927703857422 -0.6085205078125 -0.50238037109375
0.00255203247070313 0.0236587524414063 -0.58660888671875 0.15350341796875
0.0401268005371094 0.00058746337890625 -0.28826904296875 0.38092041015625
0.0380935668945313 -0.0222015380859375 0.02880859375 0.3009033203125
-0.0184383392333984 -0.0144863128662109 0.189010620117188 0.107681274414063
-0.00871086120605469 -0.0297203063964844 -0.143280029296875 -0.151260375976563
0.0433731079101563 -0.0195770263671875 0.08709716796875 -0.2830810546875
0.0550079345703125 -0.00360870361328125 0.406463623046875 -0.2012939453125
0.0160293579101563 0.0376663208007812 0.63775634765625 0.1923828125
-0.0257911682128906 0.0542564392089844 0.322998046875 0.76995849609375
-0.00807476043701172 -0.0131359100341797 -0.343017578125 0.86297607421875
0.0117034912109375 -0.0257339477539063 -0.56964111328125 0.3463134765625
0.0591392517089844 -0.00548934936523438 0.0999984741210938 0.0425643920898438
0.0424079895019531 -0.0275764465332031 0.62744140625 -0.43145751953125
0.00500154495239258 -0.00135421752929687 0.15411376953125 -0.89788818359375
-0.0110244750976563 0.0352439880371094 -0.5908203125 -0.5260009765625
0.00879859924316406 0.0271377563476563 -0.59033203125 0.13226318359375
0.0431632995605469 -0.000698089599609375 -0.29998779296875 0.3677978515625
0.0393867492675781 -0.0276336669921875 0.0189208984375 0.29449462890625
-0.0176887512207031 -0.0204811096191406 0.184982299804688 0.103225708007812
-0.0109214782714844 0.0107831954956055 -0.168075561523438 -0.13604736328125
0.00715255737304688 0.0181026458740234 0.048797607421875 -0.295684814453125
-0.0102615356445313 0.0172805786132813 0.352081298828125 -0.27569580078125
-0.0406570434570312 0.018798828125 0.62078857421875 0.0472412109375
-0.0366859436035156 0.0161094665527344 0.43231201171875 0.6541748046875
0.00395393371582032 -0.0244045257568359 -0.18096923828125 0.89404296875
0.0105266571044922 0.00219249725341797 -0.554351806640625 0.44561767578125
0.0305023193359375 0.0299587249755859 0.0078277587890625 0.0788497924804688
0.058197021484375 0.0102462768554688 0.67047119140625 -0.30517578125
0.0377044677734375 -0.0128860473632813 0.344482421875 -0.8690185546875
-0.0266990661621094 -0.0102882385253906 -0.47454833984375 -0.665283203125
-0.0559654235839844 0.0172157287597656 -0.6202392578125 0.00256347656249999
-0.0228328704833984 0.0273227691650391 -0.3465576171875 0.31072998046875
0.00341033935546875 0.0182685852050781 0.00128173828124997 0.2921142578125
-0.0134153366088867 0.0115385055541992 0.1837158203125 0.1041259765625
-0.0108613967895508 0.00936412811279297 -0.161636352539063 -0.129287719726562
0.009552001953125 0.017155647277832 0.06011962890625 -0.284027099609375
-0.00461292266845703 0.0140190124511719 0.365966796875 -0.250030517578125
-0.0368309020996094 0.0162811279296875 0.6187744140625 0.08905029296875
-0.0370864868164063 0.0207786560058594 0.392333984375 0.68890380859375
-0.00119876861572266 -0.0157899856567383 -0.23760986328125 0.89373779296875
-0.00421237945556641 0.0085763931274414 -0.57659912109375 0.42486572265625
0.01397705078125 0.0299129486083984 0.0178756713867188 0.0711517333984375
0.0425682067871094 0.0128135681152344 0.650146484375 -0.337158203125
0.0290851593017578 -0.00684547424316406 0.281982421875 -0.8778076171875
-0.0278110504150391 -0.00297737121582031 -0.515380859375 -0.623779296875
-0.0524063110351562 0.01861572265625 -0.61627197265625 0.0410766601562501
-0.0134983062744141 0.0238933563232422 -0.3328857421875 0.332183837890625
0.0103387832641602 0.0174522399902344 0.010650634765625 0.30157470703125
-0.0142555236816406 0.0118827819824219 0.185699462890625 0.112167358398437
-0.0109977722167969 0.00389480590820312 -0.157806396484375 -0.129135131835938
0.0167551040649414 0.013127326965332 0.070281982421875 -0.271697998046875
0.00246524810791016 0.0101737976074219 0.379241943359375 -0.22662353515625
-0.0322265625 0.0149364471435547 0.6168212890625 0.135498046875
-0.035400390625 0.0267181396484375 0.3489990234375 0.72509765625
-0.00361299514770508 -0.00818109512329102 -0.29901123046875 0.88714599609375
-0.0124454498291016 0.0135536193847656 -0.59002685546875 0.39434814453125
0.00439071655273438 0.0269298553466797 0.0363082885742187 0.061431884765625
0.0307598114013672 0.0097808837890625 0.6280517578125 -0.36962890625
0.0188388824462891 0.000743865966796875 0.2183837890625 -0.87896728515625
-0.0275840759277344 0.00849533081054687 -0.55255126953125 -0.577880859375
-0.0436058044433594 0.0204658508300781 -0.6085205078125 0.08428955078125
-0.00176048278808594 0.0195808410644531 -0.311859130859375 0.353668212890625
0.0163173675537109 0.0120792388916016 0.022857666015625 0.305633544921875
-0.0158224105834961 0.00803375244140625 0.187881469726563 0.117691040039063
-0.0110855102539063 -0.000287055969238283 -0.150634765625 -0.127914428710938
0.0235691070556641 0.0105781555175781 0.0796051025390625 -0.265640258789063
0.0131902694702148 0.00695610046386719 0.39288330078125 -0.200042724609375
-0.0229301452636719 0.0198936462402344 0.61492919921875 0.17974853515625
-0.03515625 0.0315704345703125 0.30963134765625 0.757568359375
-0.00725746154785156 -0.00540876388549805 -0.3497314453125 0.8759765625
-0.0189704895019531 0.0124015808105469 -0.60113525390625 0.366455078125
0.00117683410644531 0.0211162567138672 0.0602340698242188 0.0532722473144531
0.0261421203613281 0.00699996948242187 0.6123046875 -0.40277099609375
0.0112485885620117 0.00340843200683594 0.160400390625 -0.88299560546875
-0.0246715545654297 0.0144634246826172 -0.5831298828125 -0.53460693359375
-0.0318393707275391 0.0205020904541016 -0.59698486328125 0.12261962890625
0.00834465026855469 0.0135660171508789 -0.2952880859375 0.370208740234375
0.0239124298095703 0.0045318603515625 0.03204345703125 0.30706787109375
-0.0166702270507812 0.00482368469238281 0.190933227539062 0.117874145507812
-0.0104255676269531 -0.011418342590332 -0.148941040039063 -0.1300048828125
0.0313835144042969 0.00255203247070313 0.086578369140625 -0.262069702148438
0.0271472930908203 0.00313758850097656 0.401519775390625 -0.1834716796875
-0.0114955902099609 0.0243568420410156 0.61663818359375 0.206787109375
-0.0346260070800781 0.0393142700195313 0.2838134765625 0.77471923828125
-0.0109987258911133 -0.00311946868896484 -0.38232421875 0.86126708984375
-0.0182170867919922 0.00625419616699219 -0.60015869140625 0.34423828125
0.00853729248046875 0.0165128707885742 0.07879638671875 0.0456161499023438
0.0222339630126953 -0.000535964965820313 0.59991455078125 -0.422607421875
0.00699758529663086 0.00576400756835937 0.1265869140625 -0.88287353515625
-0.0206089019775391 0.0242767333984375 -0.5987548828125 -0.50421142578125
-0.0182476043701172 0.0206565856933594 -0.58612060546875 0.1468505859375
0.0210857391357422 0.00726509094238281 -0.284454345703125 0.378997802734375
0.0290966033935547 -0.00491905212402344 0.03619384765625 0.30712890625
-0.0187511444091797 -0.00127410888671875 0.191009521484375 0.119537353515625
-0.0106220245361328 -0.0171728134155273 -0.14324951171875 -0.135208129882813
0.0386581420898438 -0.003326416015625 0.0896148681640625 -0.264328002929688
0.0387458801269531 0.00119781494140625 0.40789794921875 -0.178009033203125
-0.00125694274902344 0.0291233062744141 0.6156005859375 0.2216796875
-0.0332908630371094 0.0466880798339844 0.27557373046875 0.78631591796875
-0.0112485885620117 -0.00485515594482422 -0.39373779296875 0.8529052734375
-0.0101413726806641 -0.00187969207763672 -0.5966796875 0.33245849609375
0.0220756530761719 0.00826644897460937 0.09197998046875 0.04022216796875
0.0264320373535156 -0.00956916809082031 0.59942626953125 -0.43865966796875
0.00545454025268555 0.00459194183349609 0.10870361328125 -0.88458251953125
-0.0164546966552734 0.0294628143310547 -0.61004638671875 -0.49072265625
-0.00541114807128906 0.0235424041748047 -0.58251953125 0.15655517578125
0.0303840637207031 0.00202369689941406 -0.281646728515625 0.38189697265625
0.0335121154785156 -0.0128345489501953 0.035430908203125 0.30377197265625
-0.0187721252441406 -0.00739669799804687 0.189605712890625 0.114059448242188
-0.00983619689941407 -0.0243644714355469 -0.14190673828125 -0.142074584960937
0.0423049926757813 -0.0121917724609375 0.090423583984375 -0.26971435546875
0.0495033264160156 -0.00136947631835938 0.40838623046875 -0.183074951171875
0.00869369506835938 0.0340061187744141 0.6260986328125 0.2154541015625
-0.0294990539550781 0.0521163940429688 0.29193115234375 0.78179931640625
-0.0113544464111328 -0.00779533386230469 -0.37860107421875 0.85455322265625
-0.00140857696533203 -0.0124187469482422 -0.58441162109375 0.33087158203125
0.0386505126953125 0.00110244750976562 0.100738525390625 0.0394821166992187
0.0324344635009766 -0.0193157196044922 0.60736083984375 -0.441650390625
0.00423383712768555 0.0019075870513916 0.1204833984375 -0.89056396484375
-0.01214599609375 0.0325298309326172 -0.60357666015625 -0.49822998046875
0.00382041931152343 0.0243396759033203 -0.5816650390625 0.15179443359375
0.039093017578125 0.000354766845703125 -0.286468505859375 0.377960205078125
0.0386466979980469 -0.0218582153320313 0.02960205078125 0.298828125
-0.0181865692138672 -0.0141944885253906 0.187973022460937 0.108062744140625
-0.00983428955078125 -0.0293350219726563 -0.143264770507813 -0.152099609375
0.0439338684082031 -0.01971435546875 0.0855560302734375 -0.280502319335938
0.0535354614257813 -0.00360870361328125 0.403961181640625 -0.202178955078125
0.0155715942382813 0.0363883972167969 0.636962890625 0.191650390625
-0.0265731811523437 0.0546875 0.32476806640625 0.76336669921875
-0.00921535491943359 -0.0133218765258789 -0.34063720703125 0.8582763671875
0.0118370056152344 -0.0221920013427734 -0.56915283203125 0.34442138671875
0.05615234375 -0.00473403930664063 0.0983734130859375 0.0435104370117188
0.0414352416992188 -0.0270462036132813 0.6243896484375 -0.4295654296875
0.00633478164672852 -0.00248861312866211 0.1514892578125 -0.89459228515625
-0.0120887756347656 0.0359649658203125 -0.5853271484375 -0.52252197265625
0.00826454162597656 0.0286083221435547 -0.587646484375 0.13153076171875
0.04437255859375 -2.6702880859375E-05 -0.2965087890625 0.3651123046875
0.0390205383300781 -0.0273590087890625 0.019989013671875 0.29241943359375
-0.0157585144042969 -0.0195827484130859 0.184173583984375 0.103713989257813
-0.0118227005004883 0.00997447967529297 -0.168228149414063 -0.137496948242187
0.00615024566650391 0.0170326232910156 0.04644775390625 -0.295013427734375
-0.0100212097167969 0.0173177719116211 0.34808349609375 -0.27496337890625
-0.0391883850097656 0.0185623168945312 0.61993408203125 0.0447998046875
-0.0362625122070312 0.0171127319335938 0.4327392578125 0.65106201171875
0.00281906127929687 -0.0253238677978516 -0.17767333984375 0.8914794921875
0.00876379013061523 0.00336503982543945 -0.553436279296875 0.444610595703125
0.0298042297363281 0.029449462890625 0.00624847412109376 0.0783004760742188
0.0563201904296875 0.00792694091796875 0.669189453125 -0.302734375
0.0396080017089844 -0.014862060546875 0.34466552734375 -0.864990234375
-0.0246810913085938 -0.0107917785644531 -0.474609375 -0.6590576171875
-0.0567512512207031 0.0185813903808594 -0.61810302734375 0.00183105468749993
-0.0216655731201172 0.0263004302978516 -0.34417724609375 0.3082275390625
0.00438880920410156 0.0192642211914062 0.000671386718749972 0.2921142578125
-0.0133161544799805 0.0115976333618164 0.181869506835937 0.104660034179687
-0.0124721527099609 0.00780963897705078 -0.162368774414063 -0.132614135742188
0.009124755859375 0.0197334289550781 0.057159423828125 -0.283782958984375
-0.00542831420898437 0.0132284164428711 0.36273193359375 -0.25018310546875
-0.0374565124511719 0.0163497924804688 0.61798095703125 0.0877685546875
-0.0364189147949219 0.0180397033691406 0.39068603515625 0.685546875
0.00140380859375 -0.0172214508056641 -0.235107421875 0.89007568359375
-0.00370883941650391 0.0103483200073242 -0.57562255859375 0.42291259765625
0.0137233734130859 0.0304050445556641 0.01641845703125 0.0710525512695313
0.0428352355957031 0.0113754272460937 0.6441650390625 -0.33349609375
0.0287017822265625 -0.00742912292480469 0.2816162109375 -0.87371826171875
-0.0267066955566406 -0.00282478332519531 -0.5128173828125 -0.61895751953125
-0.0512771606445312 0.0173263549804688 -0.6136474609375 0.042724609375
-0.0161228179931641 0.0253009796142578 -0.329620361328125 0.33203125
0.00870418548583985 0.0160837173461914 0.010406494140625 0.298980712890625
-0.0136651992797852 0.0119428634643555 0.183670043945313 0.111541748046875
-0.0124578475952148 0.00338840484619141 -0.157119750976562 -0.128997802734375
0.0166244506835938 0.0159130096435547 0.0690460205078125 -0.273117065429688
0.00147342681884766 0.0103034973144531 0.37823486328125 -0.22454833984375
-0.0319404602050781 0.0148239135742188 0.61590576171875 0.13409423828125
-0.0353736877441406 0.0245437622070312 0.3494873046875 0.72210693359375
-0.00301027297973633 -0.00832557678222656 -0.293701171875 0.88165283203125
-0.0142288208007812 0.0141077041625977 -0.58868408203125 0.3916015625
0.00393295288085938 0.0282058715820313 0.0375595092773438 0.0612754821777344
0.0305252075195313 0.0100650787353516 0.62554931640625 -0.36676025390625
0.0194873809814453 -0.00132560729980469 0.21875 -0.8760986328125
-0.0254383087158203 0.00723838806152343 -0.5513916015625 -0.5733642578125
-0.04229736328125 0.0203399658203125 -0.60308837890625 0.084716796875
-0.00101947784423828 0.0170412063598633 -0.3114013671875 0.3515625
0.0161476135253906 0.0118331909179688 0.021942138671875 0.305084228515625
-0.0168571472167969 0.0100011825561523 0.188232421875 0.117050170898438
-0.0117378234863281 -0.00214004516601562 -0.154159545898437 -0.127899169921875
0.0233535766601563 0.00804519653320313 0.079681396484375 -0.265335083007812
0.0123977661132813 0.00690364837646484 0.391265869140625 -0.20135498046875
-0.0242214202880859 0.0195503234863281 0.61328125 0.17852783203125
-0.0352554321289063 0.0319137573242188 0.31201171875 0.7530517578125
-0.00709867477416992 -0.00400638580322266 -0.3468017578125 0.8707275390625
-0.0182151794433594 0.0126686096191406 -0.60015869140625 0.36419677734375
0.00251579284667969 0.0225925445556641 0.0582160949707031 0.0531005859375
0.0254344940185547 0.00591087341308594 0.6090087890625 -0.398681640625
0.0122261047363281 0.00356006622314453 0.16082763671875 -0.88079833984375
-0.0231704711914063 0.0156040191650391 -0.58111572265625 -0.53076171875
-0.0303993225097656 0.0210933685302734 -0.59234619140625 0.1219482421875
0.0084228515625 0.0128440856933594 -0.29400634765625 0.367767333984375
0.02410888671875 0.00506019592285156 0.032745361328125 0.3062744140625
-0.018157958984375 0.00639533996582031 0.189117431640625 0.117813110351562
-0.0101194381713867 -0.0086517333984375 -0.146621704101562 -0.130630493164063
0.0313472747802734 0.00310897827148438 0.0862579345703125 -0.262435913085938
0.0266494750976562 0.002166748046875 0.399322509765625 -0.183013916015625
-0.0143890380859375 0.0246238708496094 0.6126708984375 0.2073974609375
-0.0343780517578125 0.0386924743652344 0.2874755859375 0.77197265625
-0.0112514495849609 -0.00173759460449219 -0.38043212890625 0.8575439453125
-0.0183792114257813 0.00915718078613281 -0.60015869140625 0.3409423828125
0.00735569000244141 0.0171270370483398 0.0761566162109375 0.0448455810546875
0.0231685638427734 -0.00185394287109375 0.6002197265625 -0.41925048828125
0.00783872604370117 0.00534534454345703 0.1265869140625 -0.8814697265625
-0.0177822113037109 0.0239906311035156 -0.59869384765625 -0.50164794921875
-0.0186824798583984 0.0220451354980469 -0.584716796875 0.1468505859375
0.0202789306640625 0.00632476806640625 -0.281707763671875 0.379150390625
0.030120849609375 -0.00406646728515625 0.037689208984375 0.3055419921875
-0.0189476013183594 0.000471115112304687 0.189468383789063 0.117919921875
-0.0105447769165039 -0.0156726837158203 -0.143890380859375 -0.135223388671875
0.0384101867675781 -0.0038909912109375 0.088623046875 -0.263626098632813
0.0395622253417969 0.00054168701171875 0.405975341796875 -0.178436279296875
-0.00143051147460938 0.0306682586669922 0.61834716796875 0.2200927734375
-0.0313301086425781 0.0463180541992188 0.27911376953125 0.78399658203125
-0.0104703903198242 -0.00512313842773438 -0.39129638671875 0.849853515625
-0.0102968215942383 -0.00105094909667969 -0.5936279296875 0.33154296875
0.0222225189208984 0.00908851623535156 0.090545654296875 0.04046630859375
0.0266628265380859 -0.00943565368652344 0.59844970703125 -0.43603515625
0.00506305694580078 0.00518560409545898 0.10906982421875 -0.8817138671875
-0.0150737762451172 0.0293159484863281 -0.6060791015625 -0.4881591796875
-0.00671958923339844 0.0222759246826172 -0.57891845703125 0.15838623046875
0.0289497375488281 0.00208473205566406 -0.27752685546875 0.3826904296875
0.0342369079589844 -0.0138530731201172 0.036712646484375 0.30242919921875
-0.019287109375 -0.00637435913085938 0.188491821289063 0.116973876953125
-0.00961875915527344 -0.0225658416748047 -0.142257690429688 -0.142959594726563
0.041778564453125 -0.0120697021484375 0.088470458984375 -0.270065307617188
0.0472526550292969 -0.000865936279296875 0.408294677734375 -0.184326171875
0.00815010070800781 0.0345802307128906 0.62518310546875 0.21441650390625
-0.0290298461914062 0.0510520935058594 0.293212890625 0.77801513671875
-0.0101833343505859 -0.00878143310546875 -0.37548828125 0.851806640625
-0.000116348266601563 -0.0117053985595703 -0.58062744140625 0.33087158203125
0.0378379821777344 0.00093841552734375 0.0975265502929688 0.0384674072265625
0.031951904296875 -0.0187625885009766 0.60546875 -0.439453125
0.00496339797973633 0.00206708908081055 0.1204833984375 -0.8876953125
-0.0117149353027344 0.032379150390625 -0.602294921875 -0.49603271484375
0.00302314758300781 0.0242137908935547 -0.580322265625 0.1512451171875
0.0389022827148438 -0.001220703125 -0.28326416015625 0.3780517578125
0.0365333557128906 -0.0227622985839844 0.029571533203125 0.296844482421875
-0.0181999206542969 -0.0118999481201172 0.186141967773438 0.107894897460938
-0.00958633422851563 -0.0270900726318359 -0.14385986328125 -0.15093994140625
0.042449951171875 -0.0184516906738281 0.084991455078125 -0.280563354492188
0.0534400939941406 -0.00328445434570313 0.4029541015625 -0.20208740234375
0.01617431640625 0.0373611450195313 0.63531494140625 0.1883544921875
-0.0246391296386719 0.0541572570800781 0.32470703125 0.759521484375
-0.00890159606933594 -0.0139484405517578 -0.33709716796875 0.854736328125
0.0118064880371094 -0.0229816436767578 -0.56787109375 0.34344482421875
0.0552482604980469 -0.00399398803710938 0.09747314453125 0.0418014526367188
0.0406455993652344 -0.0282478332519531 0.6229248046875 -0.42755126953125
0.00659894943237305 -0.00287580490112305 0.15203857421875 -0.88836669921875
-0.0095062255859375 0.0348072052001953 -0.583740234375 -0.51947021484375
0.009765625 0.0276718139648437 -0.58465576171875 0.13287353515625
0.0442543029785156 -0.00067901611328125 -0.29547119140625 0.36505126953125
0.0389404296875 -0.02899169921875 0.020111083984375 0.293060302734375
-0.0185184478759766 -0.0180244445800781 0.182601928710938 0.104568481445312
-0.0122299194335938 0.0133886337280273 -0.168258666992188 -0.137664794921875
0.00557708740234375 0.0182838439941406 0.0445556640625 -0.295684814453125
-0.0101222991943359 0.0186061859130859 0.349365234375 -0.27459716796875
-0.0408668518066406 0.019561767578125 0.61968994140625 0.04486083984375
-0.0368614196777344 0.0172996520996094 0.4334716796875 0.64886474609375
0.00298118591308594 -0.0224647521972656 -0.17706298828125 0.8902587890625
0.00774097442626953 0.00437450408935547 -0.5526123046875 0.443878173828125
0.0286750793457031 0.0293292999267578 0.00568389892578126 0.0786056518554688
0.0548057556152344 0.00877761840820313 0.66632080078125 -0.3004150390625
0.0383491516113281 -0.0137481689453125 0.3443603515625 -0.86322021484375
-0.0241909027099609 -0.0107975006103516 -0.47393798828125 -0.6588134765625
-0.0564994812011719 0.0181312561035156 -0.61712646484375 0.00225830078124992
-0.0217533111572266 0.0263023376464844 -0.342376708984375 0.306884765625
0.00265884399414063 0.0178089141845703 0.00250244140624999 0.291656494140625
-0.0138511657714844 0.0125083923339844 0.18231201171875 0.105224609375
-0.0117330551147461 0.0119228363037109 -0.162643432617188 -0.130279541015625
0.00957584381103516 0.016693115234375 0.05755615234375 -0.28485107421875
-0.00662899017333984 0.0153160095214844 0.364715576171875 -0.252105712890625
-0.0394210815429688 0.0184593200683594 0.61798095703125 0.087890625
-0.0359764099121094 0.0179557800292969 0.39471435546875 0.68511962890625
0.00151348114013672 -0.0171089172363281 -0.235107421875 0.88671875
-0.00435924530029297 0.0122900009155273 -0.5732421875 0.42083740234375
0.0107841491699219 0.0317783355712891 0.0166168212890625 0.0706863403320313
0.0424957275390625 0.00900650024414063 0.6451416015625 -0.3310546875
0.0284004211425781 -0.00816917419433594 0.28167724609375 -0.870849609375
-0.0248432159423828 -0.00165748596191406 -0.5120849609375 -0.6199951171875
-0.0508041381835937 0.0194091796875 -0.613525390625 0.04296875
-0.0140323638916016 0.0229625701904297 -0.32861328125 0.331756591796875
0.00798892974853516 0.0137243270874023 0.011627197265625 0.299713134765625
-0.0154838562011719 0.0121059417724609 0.18218994140625 0.110244750976563
-0.0136346817016602 0.00356960296630859 -0.158935546875 -0.13006591796875
0.0159730911254883 0.0146055221557617 0.06903076171875 -0.2734375
0.00234603881835938 0.0105733871459961 0.375762939453125 -0.22412109375
-0.0320091247558594 0.0179691314697266 0.61541748046875 0.13348388671875
-0.0360298156738281 0.0252151489257813 0.3531494140625 0.71905517578125
-0.00214767456054687 -0.0075078010559082 -0.29339599609375 0.8802490234375
-0.0134153366088867 0.0142040252685547 -0.58892822265625 0.3931884765625
0.0027313232421875 0.0272579193115234 0.0354385375976563 0.0617561340332031
0.0299663543701172 0.00973320007324219 0.62396240234375 -0.365234375
0.0179061889648438 -0.00256729125976563 0.21875 -0.875244140625
-0.0248699188232422 0.00496864318847657 -0.55096435546875 -0.571533203125
-0.0419921875 0.0201797485351563 -0.6002197265625 0.0828857421874999
-0.00490760803222656 0.0194034576416016 -0.306884765625 0.350921630859375
0.0160036087036133 0.0124540328979492 0.024322509765625 0.30364990234375
-0.015899658203125 0.0103673934936523 0.18804931640625 0.116348266601563
-0.0119466781616211 0.000112533569335935 -0.15234375 -0.12884521484375
0.0226345062255859 0.00860595703125 0.078155517578125 -0.265167236328125
0.011357307434082 0.00636005401611328 0.390533447265625 -0.200897216796875
-0.0234737396240234 0.0197772979736328 0.61419677734375 0.1773681640625
-0.0342140197753906 0.0303802490234375 0.31341552734375 0.75103759765625
-0.00433874130249023 -0.00461530685424805 -0.346923828125 0.86761474609375
-0.0169544219970703 0.0137529373168945 -0.5982666015625 0.362060546875
0.00139617919921875 0.0220870971679688 0.0569419860839844 0.0510978698730469
0.0241813659667969 0.00510787963867188 0.60791015625 -0.3973388671875
0.0130329132080078 0.00247573852539063 0.15972900390625 -0.87591552734375
-0.0235309600830078 0.0165843963623047 -0.58013916015625 -0.52880859375
-0.029541015625 0.0220165252685547 -0.5931396484375 0.1231689453125
0.00777244567871094 0.0147361755371094 -0.292144775390625 0.36895751953125
0.0223407745361328 0.00414276123046875 0.033843994140625 0.305877685546875
-0.0186958312988281 0.00698280334472656 0.187850952148438 0.116683959960938
-0.0123262405395508 -0.00701904296875 -0.147171020507813 -0.1298828125
0.0304241180419922 0.00438499450683594 0.0850982666015625 -0.262039184570313
0.0260524749755859 0.00419807434082031 0.398712158203125 -0.18359375
-0.013702392578125 0.0245380401611328 0.611572265625 0.20513916015625
-0.0319786071777344 0.0380477905273438 0.2886962890625 0.77105712890625
-0.010685920715332 -0.00152683258056641 -0.37872314453125 0.85552978515625
-0.0193157196044922 0.00850296020507813 -0.59912109375 0.33953857421875
0.007080078125 0.0153017044067383 0.0753250122070313 0.0435943603515625
0.0220222473144531 -0.00140190124511719 0.59686279296875 -0.41815185546875
0.00807523727416992 0.00445318222045898 0.125244140625 -0.87603759765625
-0.0182247161865234 0.0226726531982422 -0.59893798828125 -0.49896240234375
-0.0170192718505859 0.0219783782958984 -0.58251953125 0.1463623046875
0.0199165344238281 0.00634384155273438 -0.280914306640625 0.377197265625
0.0294036865234375 -0.00664138793945312 0.036834716796875 0.305084228515625
-0.0186195373535156 -0.000116348266601564 0.189071655273438 0.117950439453125
-0.0115175247192383 -0.0158052444458008 -0.143508911132813 -0.13531494140625
0.0384597778320313 -0.0031890869140625 0.0883026123046875 -0.265090942382813
0.0384063720703125 0.00242996215820313 0.405975341796875 -0.177734375
-0.00262069702148437 0.0297470092773437 0.617431640625 0.2191162109375
-0.0297584533691406 0.0453071594238281 0.28009033203125 0.7799072265625
-0.00862646102905273 -0.00446033477783203 -0.38909912109375 0.8468017578125
-0.010411262512207 0.00107288360595703 -0.59356689453125 0.3289794921875
0.01885986328125 0.0100975036621094 0.0909576416015625 0.0419692993164063
0.0241737365722656 -0.0105667114257813 0.59356689453125 -0.43463134765625
0.00588893890380859 0.0033116340637207 0.10882568359375 -0.87896728515625
-0.0139560699462891 0.0281505584716797 -0.60577392578125 -0.48809814453125
-0.00693130493164063 0.0231266021728516 -0.57843017578125 0.15643310546875
0.0298824310302734 0.00186920166015625 -0.2781982421875 0.381866455078125
0.0337314605712891 -0.0152244567871094 0.0361328125 0.303558349609375
-0.0197372436523438 -0.00671005249023438 0.188522338867188 0.114334106445313
-0.0107440948486328 -0.0219497680664063 -0.142501831054687 -0.139495849609375
0.0425987243652344 -0.0122299194335938 0.0895233154296875 -0.270584106445313
0.0489540100097656 -0.000812530517578125 0.40875244140625 -0.18511962890625
0.00811767578125 0.03509521484375 0.62744140625 0.2139892578125
-0.028045654296875 0.0498542785644531 0.2930908203125 0.77587890625
-0.0100154876708984 -0.00910758972167969 -0.37371826171875 0.84857177734375
-0.000680923461914062 -0.0101842880249023 -0.58282470703125 0.33013916015625
0.0355110168457031 0.0020294189453125 0.0969467163085938 0.0382537841796875
0.0312824249267578 -0.0194911956787109 0.60540771484375 -0.43780517578125
0.00370955467224121 0.000849246978759766 0.1182861328125 -0.88409423828125
-0.0111942291259766 0.0333404541015625 -0.60028076171875 -0.49371337890625
0.00349998474121094 0.0241317749023437 -0.579345703125 0.15185546875
0.0377998352050781 -0.000461578369140625 -0.283111572265625 0.376922607421875
0.03680419921875 -0.0229873657226563 0.029083251953125 0.297393798828125
-0.0197601318359375 -0.0123996734619141 0.186233520507813 0.109283447265625
-0.0108909606933594 -0.0272140502929687 -0.14422607421875 -0.15081787109375
0.0431594848632813 -0.0173225402832031 0.0831451416015625 -0.280364990234375
0.05364990234375 -0.00281524658203125 0.40411376953125 -0.202911376953125
0.0147933959960937 0.0380935668945313 0.6361083984375 0.187744140625
-0.0246505737304687 0.0525093078613281 0.32647705078125 0.7596435546875
-0.00655174255371094 -0.0143041610717773 -0.335693359375 0.85107421875
0.0105953216552734 -0.0210742950439453 -0.566162109375 0.34124755859375
0.0548248291015625 -0.00321578979492188 0.0952529907226563 0.0426406860351563
0.04193115234375 -0.0284652709960938 0.621826171875 -0.42352294921875
0.00759601593017578 -0.00445652008056641 0.1513671875 -0.885009765625
-0.00852203369140625 0.0350456237792969 -0.58123779296875 -0.518798828125
0.00992012023925781 0.0269870758056641 -0.5833740234375 0.1331787109375
0.0432395935058594 -0.000675201416015625 -0.2933349609375 0.36358642578125
0.0390396118164062 -0.0283546447753906 0.02020263671875 0.2911376953125
-0.0172319412231445 -0.0156002044677734 0.181716918945313 0.10455322265625
-0.0121526718139648 0.0111255645751953 -0.170425415039063 -0.13641357421875
0.00610733032226562 0.0171451568603516 0.045196533203125 -0.2945556640625
-0.0103902816772461 0.0173797607421875 0.34844970703125 -0.274810791015625
-0.0416908264160156 0.0196723937988281 0.62054443359375 0.04388427734375
-0.0348968505859375 0.0173091888427734 0.4345703125 0.64727783203125
0.00390815734863281 -0.0251789093017578 -0.17388916015625 0.88787841796875
0.00818729400634765 0.00482654571533203 -0.553375244140625 0.4439697265625
0.0277309417724609 0.0302600860595703 0.00363922119140624 0.0782470703125
0.0555801391601563 0.01025390625 0.6663818359375 -0.2989501953125
0.0400009155273438 -0.015777587890625 0.3436279296875 -0.8619384765625
-0.0240440368652344 -0.0108470916748047 -0.472900390625 -0.65728759765625
-0.0545578002929688 0.018218994140625 -0.61444091796875 0.00360107421875001
-0.021636962890625 0.02606201171875 -0.344268798828125 0.308502197265625
0.00286674499511719 0.0180168151855469 0.00152587890624997 0.293182373046875
-0.0159511566162109 0.0133476257324219 0.180374145507813 0.10662841796875
-0.0144510269165039 0.0113315582275391 -0.162506103515625 -0.131759643554688
0.00998687744140625 0.0186309814453125 0.057861328125 -0.284210205078125
-0.007476806640625 0.0147991180419922 0.36395263671875 -0.251800537109375
-0.0384635925292969 0.0175514221191406 0.62054443359375 0.08453369140625
-0.0365791320800781 0.0173873901367187 0.3968505859375 0.68243408203125
0.00194740295410156 -0.0173244476318359 -0.2327880859375 0.88653564453125
-0.00393009185791016 0.0137863159179688 -0.57501220703125 0.42071533203125
0.0129146575927734 0.0306797027587891 0.0146408081054687 0.0695228576660156
0.0404586791992187 0.010986328125 0.645751953125 -0.33099365234375
0.030303955078125 -0.00731658935546875 0.28338623046875 -0.86865234375
-0.0259151458740234 -0.00314521789550781 -0.51263427734375 -0.61956787109375
-0.0514678955078125 0.0209312438964844 -0.6124267578125 0.0415039062500001
-0.0145511627197266 0.0231285095214844 -0.32745361328125 0.331207275390625
0.00929069519042969 0.0150041580200195 0.011932373046875 0.2979736328125
-0.0156421661376953 0.0151243209838867 0.182235717773438 0.111328125
-0.0131168365478516 0.00573921203613281 -0.158462524414063 -0.129196166992187
0.0154409408569336 0.0142431259155273 0.067413330078125 -0.273361206054688
-0.000631332397460938 0.0106906890869141 0.377197265625 -0.22265625
-0.0315322875976563 0.0175209045410156 0.61614990234375 0.1329345703125
-0.0337791442871094 0.0251197814941406 0.35394287109375 0.71826171875
-0.00197410583496094 -0.00973129272460938 -0.294921875 0.87603759765625
-0.0147380828857422 0.0163335800170898 -0.58953857421875 0.3912353515625
0.00190353393554687 0.0284690856933594 0.0347824096679688 0.061737060546875
0.0313739776611328 0.00893402099609375 0.6236572265625 -0.36376953125
0.0205783843994141 -0.00163459777832031 0.21624755859375 -0.8729248046875
-0.0230960845947266 0.00686264038085937 -0.54815673828125 -0.5699462890625
-0.0418014526367188 0.0208091735839844 -0.6007080078125 0.08392333984375
-0.0025787353515625 0.0182838439941406 -0.3070068359375 0.3515625
0.015864372253418 0.0107707977294922 0.023284912109375 0.3046875
-0.0174531936645508 0.011932373046875 0.186309814453125 0.1177978515625
-0.012364387512207 0.00129890441894531 -0.15350341796875 -0.128067016601562
0.0221443176269531 0.0109825134277344 0.07891845703125 -0.265884399414063
0.0120964050292969 0.00696277618408203 0.390869140625 -0.20037841796875
-0.0236434936523438 0.0202865600585938 0.615234375 0.17449951171875
-0.0340309143066406 0.0295448303222656 0.3140869140625 0.7506103515625
-0.00351071357727051 -0.00366091728210449 -0.34515380859375 0.86474609375
-0.0182418823242188 0.0152168273925781 -0.60003662109375 0.36175537109375
-0.000164031982421875 0.0252628326416016 0.0570640563964844 0.0514984130859375
0.0242519378662109 0.00512123107910156 0.6080322265625 -0.39569091796875
0.0135364532470703 0.0012969970703125 0.1614990234375 -0.87554931640625
-0.02099609375 0.0137443542480469 -0.57989501953125 -0.5286865234375
-0.0304756164550781 0.0228691101074219 -0.591552734375 0.12164306640625
0.00723648071289063 0.011439323425293 -0.2913818359375 0.368682861328125
0.0234622955322266 0.0029144287109375 0.03314208984375 0.3074951171875
-0.0174636840820313 0.00836658477783203 0.188461303710938 0.118606567382812
-0.0113649368286133 -0.00769329071044922 -0.148956298828125 -0.132186889648437
0.0304241180419922 0.00218582153320313 0.08575439453125 -0.263015747070313
0.0240211486816406 0.00384902954101563 0.399169921875 -0.185516357421875
-0.0137462615966797 0.0244655609130859 0.6158447265625 0.20465087890625
-0.031341552734375 0.0387001037597656 0.2901611328125 0.76995849609375
-0.00856733322143555 -0.00327634811401367 -0.37652587890625 0.85443115234375
-0.0185985565185547 0.009368896484375 -0.59857177734375 0.34124755859375
0.00498771667480469 0.01898193359375 0.0746307373046875 0.0434188842773437
0.0208988189697266 0.000400543212890625 0.5975341796875 -0.41729736328125
0.00799846649169922 0.00430965423583984 0.12677001953125 -0.8775634765625
-0.0173282623291016 0.0225582122802734 -0.59576416015625 -0.49835205078125
-0.0186138153076172 0.0224227905273438 -0.58099365234375 0.1466064453125
0.0197410583496094 0.006866455078125 -0.279022216796875 0.376495361328125
0.0278453826904297 -0.0066680908203125 0.03692626953125 0.305206298828125
-0.0197982788085938 0.00274276733398438 0.189056396484375 0.119064331054687
-0.011958122253418 -0.0147533416748047 -0.145004272460938 -0.135162353515625
0.0368843078613281 -0.00296401977539063 0.0897216796875 -0.265762329101562
0.0377006530761719 0.002105712890625 0.4063720703125 -0.180145263671875
-0.00238800048828125 0.0298538208007813 0.6182861328125 0.21868896484375
-0.0295562744140625 0.0455245971679688 0.2806396484375 0.778076171875
-0.00941753387451172 -0.00651836395263672 -0.38720703125 0.84521484375
-0.0108985900878906 0.00066566467285156 -0.593505859375 0.32916259765625
0.0196533203125 0.0106258392333984 0.0881805419921875 0.039947509765625
0.0242366790771484 -0.0103492736816406 0.59503173828125 -0.43359375
0.00605297088623047 0.00178050994873047 0.10870361328125 -0.87738037109375
-0.0142478942871094 0.0276966094970703 -0.60552978515625 -0.48583984375
-0.00715065002441406 0.0242042541503906 -0.5782470703125 0.15643310546875
0.0302410125732422 0.00105094909667969 -0.27655029296875 0.380584716796875
0.0328922271728516 -0.0149936676025391 0.037384033203125 0.304168701171875
-0.0210494995117187 -0.00539207458496094 0.188125610351563 0.11578369140625
-0.0106239318847656 -0.0209560394287109 -0.143569946289062 -0.142227172851563
0.0418167114257813 -0.00989913940429688 0.088714599609375 -0.271926879882813
0.0474052429199219 -0.000354766845703125 0.406707763671875 -0.185028076171875
0.00720596313476563 0.0364189147949219 0.627197265625 0.21197509765625
-0.0277519226074219 0.05096435546875 0.29705810546875 0.77484130859375
-0.00956439971923828 -0.00978851318359375 -0.37274169921875 0.84686279296875
-0.000422000885009766 -0.00848722457885742 -0.5823974609375 0.32843017578125
0.03564453125 0.00447845458984375 0.0950927734375 0.03839111328125
0.0305461883544922 -0.01898193359375 0.60400390625 -0.43426513671875
0.00527524948120117 -1.71661376953125E-05 0.11932373046875 -0.88226318359375
-0.010894775390625 0.0315132141113281 -0.60137939453125 -0.49298095703125
0.00366783142089844 0.0238552093505859 -0.57843017578125 0.15216064453125
0.0389518737792969 -0.00244140625 -0.281524658203125 0.3758544921875
0.0359573364257813 -0.0231208801269531 0.030303955078125 0.2984619140625
-0.0195598602294922 -0.0108909606933594 0.18475341796875 0.110275268554688
-0.0103511810302734 -0.0255603790283203 -0.144683837890625 -0.151580810546875
0.0423240661621094 -0.0161933898925781 0.083343505859375 -0.281143188476563
0.0518569946289063 -0.00229644775390625 0.40252685546875 -0.20428466796875
0.0150146484375 0.0372695922851563 0.63629150390625 0.18572998046875
-0.0237312316894531 0.0519485473632812 0.32794189453125 0.7554931640625
-0.00725555419921875 -0.0140504837036133 -0.33447265625 0.84942626953125
0.0116939544677734 -0.0193672180175781 -0.56689453125 0.337890625
0.0545768737792969 -0.00130081176757813 0.0941543579101563 0.0416259765625
0.0402259826660156 -0.0278701782226562 0.61968994140625 -0.4228515625
0.007293701171875 -0.00570201873779297 0.15203857421875 -0.88360595703125
-0.00881004333496094 0.0344257354736328 -0.58416748046875 -0.51800537109375
0.00897598266601563 0.0281944274902344 -0.58233642578125 0.1300048828125
0.0432052612304688 -2.288818359375E-05 -0.292816162109375 0.365875244140625
0.0373382568359375 -0.0291481018066406 0.02032470703125 0.293426513671875
-0.0198307037353516 -0.0163669586181641 0.183059692382813 0.105194091796875
-0.0131864547729492 0.0136575698852539 -0.17169189453125 -0.138626098632813
0.00765800476074219 0.0195560455322266 0.045623779296875 -0.29498291015625
-0.0135860443115234 0.0186634063720703 0.349639892578125 -0.27716064453125
-0.0408668518066406 0.0207061767578125 0.62225341796875 0.04351806640625
-0.0359992980957031 0.0152664184570312 0.436767578125 0.64813232421875
0.00404930114746094 -0.0262203216552734 -0.17529296875 0.88629150390625
0.00751686096191406 0.00570058822631836 -0.5543212890625 0.4423828125
0.0285968780517578 0.0321693420410156 0.0034637451171875 0.0781784057617187
0.0552024841308594 0.00949859619140625 0.667236328125 -0.29876708984375
0.0386962890625 -0.0168533325195313 0.34521484375 -0.8623046875
-0.0233116149902344 -0.0115203857421875 -0.47210693359375 -0.65863037109375
-0.0567626953125 0.0186233520507812 -0.616455078125 0.000854492187500087
-0.0228443145751953 0.0249519348144531 -0.341217041015625 0.30841064453125
0.00345134735107422 0.0159378051757813 0.000518798828125014 0.291839599609375
-0.0153112411499023 0.0148420333862305 0.180389404296875 0.106857299804688
-0.0132551193237305 0.0124702453613281 -0.16351318359375 -0.132293701171875
0.00923347473144532 0.0196247100830078 0.057586669921875 -0.286285400390625
-0.00787830352783203 0.01617431640625 0.363677978515625 -0.252655029296875
-0.040130615234375 0.0179786682128906 0.61981201171875 0.0863037109375
-0.03448486328125 0.01947021484375 0.39886474609375 0.6842041015625
0.00308799743652344 -0.0176582336425781 -0.2333984375 0.8856201171875
-0.00481700897216797 0.0146007537841797 -0.57598876953125 0.419921875
0.0121994018554687 0.0319900512695313 0.013946533203125 0.0698814392089844
0.0402259826660156 0.0108375549316406 0.64642333984375 -0.32989501953125
0.0291156768798828 -0.00979804992675781 0.2835693359375 -0.87054443359375
-0.0253200531005859 -0.00235176086425781 -0.5130615234375 -0.61859130859375
-0.0501289367675781 0.0192108154296875 -0.61181640625 0.0428466796875
-0.0155143737792969 0.0213813781738281 -0.327392578125 0.329864501953125
0.00835895538330078 0.015350341796875 0.010345458984375 0.300506591796875
-0.015228271484375 0.0150909423828125 0.18243408203125 0.113662719726563
-0.0148277282714844 0.00573253631591797 -0.159835815429687 -0.13153076171875
0.0159177780151367 0.0148200988769531 0.0675811767578125 -0.27337646484375
0.000823974609374999 0.0101909637451172 0.37811279296875 -0.22625732421875
-0.0334377288818359 0.0184841156005859 0.61859130859375 0.1339111328125
-0.0349617004394531 0.0234661102294922 0.35589599609375 0.7183837890625
2.86102294921965E-06 -0.0111637115478516 -0.2908935546875 0.87725830078125
-0.013463020324707 0.0163726806640625 -0.5888671875 0.39111328125
-0.00171852111816407 0.0303554534912109 0.0327682495117188 0.0601654052734375
0.0291900634765625 0.00843238830566406 0.6231689453125 -0.36322021484375
0.0205364227294922 -0.00413322448730469 0.219482421875 -0.8717041015625
-0.0241069793701172 0.00634384155273437 -0.5498046875 -0.57244873046875
-0.0418853759765625 0.0217819213867188 -0.60150146484375 0.0859374999999999
-0.00428199768066406 0.0182876586914063 -0.307830810546875 0.351806640625
0.0167970657348633 0.00961494445800781 0.023101806640625 0.304779052734375
-0.0168657302856445 0.0129623413085938 0.185333251953125 0.11810302734375
-0.013850212097168 0.00238418579101563 -0.152130126953125 -0.128097534179688
0.023223876953125 0.00991249084472656 0.0770721435546875 -0.2684326171875
0.0114059448242188 0.00660896301269531 0.3900146484375 -0.20135498046875
-0.0252132415771484 0.0195236206054687 0.61944580078125 0.17559814453125
-0.0338516235351563 0.0304603576660156 0.31622314453125 0.7508544921875
-0.00359106063842773 -0.00667476654052734 -0.34637451171875 0.864990234375
-0.0191287994384766 0.0172328948974609 -0.59954833984375 0.36163330078125
-0.00093841552734375 0.0237483978271484 0.0547981262207031 0.0508651733398438
0.0233173370361328 0.00550079345703125 0.60931396484375 -0.3941650390625
0.0136547088623047 0.000753402709960937 0.16253662109375 -0.8765869140625
-0.0208702087402344 0.0134296417236328 -0.5784912109375 -0.52972412109375
-0.0291843414306641 0.0228500366210938 -0.592529296875 0.1209716796875
0.00786685943603516 0.0120611190795898 -0.2930908203125 0.367462158203125
0.0219402313232422 0.00324630737304688 0.03204345703125 0.3060302734375
-0.0192794799804688 0.00743675231933594 0.187149047851563 0.11962890625
-0.0129470825195313 -0.0076751708984375 -0.149581909179688 -0.133529663085937
0.0300121307373047 0.00485610961914063 0.0838775634765625 -0.26641845703125
0.0261001586914063 0.00310516357421875 0.39984130859375 -0.184417724609375
-0.0137481689453125 0.0259361267089844 0.61614990234375 0.20465087890625
-0.030487060546875 0.0392494201660156 0.29248046875 0.7694091796875
-0.00691604614257812 -0.00350141525268555 -0.37799072265625 0.8529052734375
-0.0188159942626953 0.0106067657470703 -0.60235595703125 0.337890625
0.00357627868652344 0.016911506652832 0.0752105712890625 0.04449462890625
0.0201053619384766 -0.00154304504394531 0.59771728515625 -0.4161376953125
0.00757884979248047 0.00336980819702148 0.12628173828125 -0.87628173828125
-0.0171623229980469 0.0230083465576172 -0.59747314453125 -0.49749755859375
-0.0171909332275391 0.0233783721923828 -0.58154296875 0.14605712890625
0.0198383331298828 0.00548553466796875 -0.28070068359375 0.377685546875
0.0291519165039062 -0.00728416442871094 0.036407470703125 0.3067626953125
-0.0199642181396484 0.00204849243164062 0.189285278320313 0.118453979492188
-0.0117244720458984 -0.0132503509521484 -0.145248413085938 -0.138092041015625
0.037322998046875 -0.00338363647460937 0.0884857177734375 -0.265228271484375
0.0374031066894531 0.00195693969726563 0.406036376953125 -0.180877685546875
-0.002899169921875 0.0320682525634766 0.62115478515625 0.21759033203125
-0.0299072265625 0.0448837280273438 0.28369140625 0.7794189453125
-0.00789880752563477 -0.00664234161376953 -0.386474609375 0.84576416015625
-0.0117759704589844 0.00227069854736328 -0.595703125 0.3271484375
0.0191707611083984 0.0116329193115234 0.0872268676757813 0.04156494140625
0.0230388641357422 -0.0115852355957031 0.59698486328125 -0.43255615234375
0.00574350357055664 0.00243186950683594 0.11199951171875 -0.87750244140625
-0.0137901306152344 0.02850341796875 -0.60467529296875 -0.48699951171875
-0.00631332397460937 0.0240020751953125 -0.57647705078125 0.15899658203125
0.0312919616699219 0.00123023986816406 -0.27783203125 0.381988525390625
0.0325565338134766 -0.0163021087646484 0.036285400390625 0.303497314453125
-0.0204029083251953 -0.00299263000488281 0.187774658203125 0.116500854492188
-0.0111236572265625 -0.0193614959716797 -0.143173217773437 -0.143295288085938
0.0420417785644531 -0.0116767883300781 0.088470458984375 -0.272903442382812
0.0474815368652344 -3.4332275390625E-05 0.40924072265625 -0.186798095703125
0.00754928588867188 0.0359420776367188 0.6295166015625 0.21038818359375
-0.0272407531738281 0.0504531860351562 0.2991943359375 0.77532958984375
-0.00752639770507813 -0.00977802276611328 -0.37506103515625 0.8465576171875
0.000771045684814452 -0.00799369812011719 -0.5845947265625 0.3267822265625
0.0348415374755859 0.00499153137207031 0.0948410034179687 0.0390472412109375
0.0312328338623047 -0.0197029113769531 0.6053466796875 -0.434814453125
0.0040583610534668 -0.000729799270629883 0.12042236328125 -0.88494873046875
-0.0102787017822266 0.0316944122314453 -0.59918212890625 -0.492919921875
0.0040283203125 0.0256690979003906 -0.5789794921875 0.15252685546875
0.037933349609375 -0.00096893310546875 -0.2823486328125 0.377197265625
0.0360488891601563 -0.0243759155273437 0.030242919921875 0.300140380859375
-0.0204086303710938 -0.00996208190917969 0.185089111328125 0.111221313476563
-0.0107402801513672 -0.0260143280029297 -0.144424438476563 -0.150909423828125
0.0418167114257813 -0.0170783996582031 0.083526611328125 -0.284210205078125
0.05169677734375 -0.00173187255859375 0.40338134765625 -0.203460693359375
0.0145683288574219 0.0395431518554688 0.63873291015625 0.18634033203125
-0.0241432189941406 0.0537490844726563 0.33074951171875 0.75738525390625
-0.00710296630859375 -0.0156326293945313 -0.3341064453125 0.84735107421875
0.0117321014404297 -0.0180778503417969 -0.5694580078125 0.33984375
0.053985595703125 -0.00191497802734375 0.0935745239257813 0.041778564453125
0.0409965515136719 -0.0289535522460938 0.62109375 -0.4212646484375
0.00698328018188477 -0.00613832473754883 0.1556396484375 -0.8848876953125
-0.00876808166503906 0.0338058471679688 -0.5830078125 -0.515869140625
0.00882148742675781 0.0279788970947266 -0.58270263671875 0.132080078125
0.0421257019042969 -0.00054931640625 -0.293609619140625 0.365509033203125
0.0377273559570312 -0.0299758911132812 0.022064208984375 0.295379638671875
-0.0199470520019531 -0.0153579711914062 0.182815551757812 0.10577392578125
-0.0129938125610352 0.0147771835327148 -0.171051025390625 -0.139312744140625
0.0060272216796875 0.0202140808105469 0.044097900390625 -0.2991943359375
-0.0127468109130859 0.0185756683349609 0.34881591796875 -0.276641845703125
-0.0425643920898437 0.0209693908691406 0.6256103515625 0.0411376953125
-0.0339164733886719 0.0138912200927734 0.44110107421875 0.6483154296875
0.00643539428710938 -0.0245113372802734 -0.174560546875 0.88958740234375
0.00782537460327148 0.00766420364379883 -0.555908203125 0.44549560546875
0.0267372131347656 0.0319118499755859 0.0026092529296875 0.0764389038085938
0.0547409057617188 0.00858688354492188 0.66748046875 -0.298828125
0.04022216796875 -0.0165557861328125 0.3468017578125 -0.86407470703125
-0.0221786499023438 -0.0119094848632813 -0.47430419921875 -0.66046142578125
-0.0555152893066406 0.0194320678710938 -0.6180419921875 0.00122070312500011
-0.0222015380859375 0.0245819091796875 -0.341949462890625 0.309814453125
0.002838134765625 0.0171394348144531 0.00253295898437502 0.293182373046875
-0.0147781372070313 0.0157051086425781 0.182861328125 0.109649658203125
-0.0126638412475586 0.0141429901123047 -0.166183471679688 -0.13299560546875
0.00998306274414062 0.0184688568115234 0.056182861328125 -0.285675048828125
-0.00895118713378906 0.0166864395141602 0.364410400390625 -0.253570556640625
-0.0399932861328125 0.0194282531738281 0.62408447265625 0.0843505859375
-0.0356941223144531 0.0180435180664063 0.40277099609375 0.684326171875
0.00218677520751953 -0.0173501968383789 -0.23101806640625 0.8856201171875
-0.004150390625 0.0165300369262695 -0.5792236328125 0.4224853515625
0.00910568237304688 0.0320014953613281 0.0124130249023437 0.0680122375488281
0.0409393310546875 0.009613037109375 0.646240234375 -0.3277587890625
0.0285282135009766 -0.00969886779785156 0.2838134765625 -0.87200927734375
-0.0242176055908203 -0.00429344177246094 -0.514404296875 -0.6201171875
-0.0496788024902344 0.01995849609375 -0.61553955078125 0.0421752929687499
-0.0144920349121094 0.0232925415039063 -0.32611083984375 0.330780029296875
0.00784969329833984 0.0142917633056641 0.0120849609375 0.299530029296875
-0.0155763626098633 0.0138359069824219 0.182373046875 0.113723754882812
-0.0133762359619141 0.00784969329833984 -0.16015625 -0.131393432617188
0.0163660049438477 0.0150432586669922 0.0674285888671875 -0.276107788085938
0.00125312805175781 0.0114040374755859 0.378326416015625 -0.22698974609375
-0.0352630615234375 0.0184288024902344 0.62249755859375 0.13360595703125
-0.0357513427734375 0.0224647521972656 0.35858154296875 0.720947265625
-0.00113868713378906 -0.00983619689941406 -0.29058837890625 0.880859375
-0.0137214660644531 0.0199165344238281 -0.5931396484375 0.389892578125
0.00225639343261718 0.0289840698242188 0.0313186645507812 0.06170654296875
0.0306301116943359 0.00766181945800781 0.6236572265625 -0.3631591796875
0.0214576721191406 -0.00488662719726563 0.21820068359375 -0.87408447265625
-0.0229835510253906 0.00520133972167969 -0.54998779296875 -0.5723876953125
-0.0422782897949219 0.0234870910644531 -0.60302734375 0.085693359375
-0.00283241271972656 0.016606330871582 -0.306488037109375 0.351654052734375
0.0153408050537109 0.00924205780029297 0.02410888671875 0.30548095703125
-0.0167932510375977 0.0132312774658203 0.185165405273438 0.120346069335938
-0.0139551162719727 0.00187397003173828 -0.153823852539062 -0.129684448242188
0.0238132476806641 0.0112018585205078 0.077392578125 -0.269134521484375
0.00995731353759766 0.00800323486328125 0.392608642578125 -0.20361328125
-0.0260562896728516 0.0208702087402344 0.6209716796875 0.17547607421875
-0.0323734283447266 0.0297832489013672 0.31768798828125 0.7498779296875
-0.00319623947143555 -0.0062718391418457 -0.3431396484375 0.8680419921875
-0.0177516937255859 0.0185966491699219 -0.60211181640625 0.363037109375
-0.0011138916015625 0.0268421173095703 0.054443359375 0.0515708923339844
0.0241680145263672 0.00282859802246094 0.6087646484375 -0.39434814453125
0.0136222839355469 -0.000455856323242188 0.16168212890625 -0.87908935546875
-0.0212631225585938 0.0136184692382812 -0.58111572265625 -0.5323486328125
-0.0308322906494141 0.0214805603027344 -0.59375 0.121826171875
0.00813770294189453 0.0119867324829102 -0.293365478515625 0.3682861328125
0.0216598510742187 0.00182151794433594 0.03350830078125 0.3074951171875
-0.0201244354248047 0.00794792175292969 0.189071655273438 0.121475219726562
-0.0129594802856445 -0.00583553314208984 -0.150863647460938 -0.132980346679687
0.0307331085205078 0.00382041931152344 0.0829315185546875 -0.267181396484375
0.0239753723144531 0.00343132019042969 0.397735595703125 -0.185028076171875
-0.0145206451416016 0.0255603790283203 0.62127685546875 0.203125
-0.0313034057617188 0.0375442504882812 0.29473876953125 0.76910400390625
-0.00769424438476562 -0.00432777404785156 -0.37750244140625 0.8548583984375
-0.0189571380615234 0.0114784240722656 -0.603271484375 0.3399658203125
0.00211906433105469 0.0196475982666016 0.0728988647460938 0.0439071655273438
0.0198936462402344 -0.00185394287109375 0.60064697265625 -0.4156494140625
0.0093984603881836 0.00168132781982422 0.1270751953125 -0.87744140625
-0.0164165496826172 0.0223236083984375 -0.599853515625 -0.49993896484375
-0.0165939331054687 0.0242118835449219 -0.5848388671875 0.14715576171875
0.0201568603515625 0.00533866882324219 -0.280242919921875 0.376922607421875
0.0282955169677734 -0.00597953796386719 0.0379638671875 0.308319091796875
-0.0219326019287109 0.00242424011230468 0.189437866210938 0.121505737304688
-0.0121393203735352 -0.0123538970947266 -0.147003173828125 -0.138580322265625
0.0380058288574219 -0.00259017944335938 0.087432861328125 -0.267684936523438
0.0366783142089844 0.00312042236328125 0.40771484375 -0.18096923828125
-0.002197265625 0.0319099426269531 0.62506103515625 0.218017578125
-0.0291976928710937 0.0453414916992188 0.2857666015625 0.78057861328125
-0.00703907012939453 -0.00645256042480469 -0.38739013671875 0.8486328125
-0.0100727081298828 0.00358963012695313 -0.5970458984375 0.32867431640625
0.0176334381103516 0.0127639770507813 0.085418701171875 0.0399703979492188
0.0224475860595703 -0.0114402770996094 0.59991455078125 -0.432861328125
0.00490999221801758 0.000736713409423828 0.1116943359375 -0.87945556640625
-0.0120029449462891 0.0265026092529297 -0.60595703125 -0.48828125
-0.00498199462890625 0.0247459411621094 -0.57952880859375 0.157958984375
0.0301551818847656 0.00127220153808594 -0.27728271484375 0.38287353515625
0.0323638916015625 -0.0151290893554688 0.0362548828125 0.304962158203125
-0.0201435089111328 -0.00339126586914062 0.18798828125 0.118362426757813
-0.0124073028564453 -0.0195579528808594 -0.14495849609375 -0.144912719726563
0.0434188842773438 -0.0103797912597656 0.0866241455078125 -0.273208618164063
0.0462989807128906 0.000522613525390625 0.409759521484375 -0.18914794921875
0.00616836547851562 0.03717041015625 0.634521484375 0.21099853515625
-0.0264434814453125 0.0505218505859375 0.30023193359375 0.77685546875
-0.00699901580810547 -0.011347770690918 -0.37158203125 0.84796142578125
-0.000812053680419922 -0.00751161575317383 -0.587890625 0.32855224609375
0.0351200103759766 0.00625228881835937 0.0940475463867188 0.0393905639648438
0.0298652648925781 -0.0207004547119141 0.60540771484375 -0.43310546875
0.00510883331298828 -0.00128936767578125 0.12164306640625 -0.8837890625
-0.00856590270996094 0.0318260192871094 -0.60211181640625 -0.49334716796875
0.0045166015625 0.0262336730957031 -0.57818603515625 0.15179443359375
0.0385818481445313 -0.0011138916015625 -0.282073974609375 0.37744140625
0.0358772277832031 -0.0255050659179688 0.02996826171875 0.30035400390625
-0.0214443206787109 -0.00876426696777343 0.186782836914063 0.11273193359375
-0.0108470916748047 -0.0253200531005859 -0.145126342773438 -0.152557373046875
0.042755126953125 -0.0166893005371094 0.08367919921875 -0.284576416015625
0.05279541015625 -0.00121307373046875 0.403594970703125 -0.206085205078125
0.0130653381347656 0.0387191772460938 0.64105224609375 0.18353271484375
-0.0226249694824219 0.0526695251464844 0.33355712890625 0.7568359375
-0.00568771362304687 -0.0167140960693359 -0.33441162109375 0.8505859375
0.0109424591064453 -0.0164175033569336 -0.56976318359375 0.34185791015625
0.0518150329589844 -0.000438690185546875 0.0926055908203125 0.041900634765625
0.0409660339355469 -0.0302238464355469 0.62286376953125 -0.4219970703125
0.00602388381958008 -0.00671005249023438 0.1549072265625 -0.887939453125
-0.00746917724609375 0.0335636138916016 -0.58465576171875 -0.51739501953125
0.0093231201171875 0.0279560089111328 -0.583740234375 0.13250732421875
0.0426025390625 -0.000919342041015625 -0.2928466796875 0.3658447265625
0.0374526977539063 -0.0317649841308594 0.021881103515625 0.2945556640625
-0.0198993682861328 -0.0156421661376953 0.184280395507813 0.10797119140625
-0.0130825042724609 0.0158061981201172 -0.172012329101563 -0.141006469726563
0.00478935241699219 0.0200252532958984 0.043426513671875 -0.299102783203125
-0.0126686096191406 0.0199317932128906 0.350982666015625 -0.281982421875
-0.0412178039550781 0.0218544006347656 0.62750244140625 0.0396728515625
-0.034423828125 0.0150775909423828 0.4453125 0.64825439453125
0.00623321533203125 -0.0252552032470703 -0.1728515625 0.89227294921875
0.00727462768554688 0.00892448425292969 -0.558319091796875 0.445587158203125
0.0246944427490234 0.0329074859619141 -0.000358581542968752 0.0759124755859375
0.0543289184570313 0.00731658935546875 0.67108154296875 -0.29669189453125
0.0400161743164063 -0.0169448852539063 0.3472900390625 -0.8653564453125
-0.0219554901123047 -0.0116710662841797 -0.47528076171875 -0.66180419921875
-0.0546646118164062 0.0179405212402344 -0.61956787109375 0.000488281249999927
-0.0224952697753906 0.0265331268310547 -0.34222412109375 0.310699462890625
0.00292015075683594 0.0165462493896484 0.00360107421874998 0.296295166015625
-0.0166940689086914 0.0168333053588867 0.179931640625 0.108963012695313
-0.0142192840576172 0.0138359069824219 -0.165908813476562 -0.133071899414063
0.0109214782714844 0.0202617645263672 0.05645751953125 -0.288177490234375
-0.0085439682006836 0.0161972045898438 0.364410400390625 -0.256591796875
-0.0390815734863281 0.0195159912109375 0.626953125 0.082275390625
-0.0345706939697266 0.0180606842041016 0.40618896484375 0.6845703125
0.00356006622314453 -0.0169973373413086 -0.231201171875 0.89013671875
-0.00526618957519531 0.0176601409912109 -0.57879638671875 0.42388916015625
0.00886344909667969 0.0331153869628906 0.01263427734375 0.0682525634765625
0.0402030944824219 0.0093536376953125 0.6485595703125 -0.32891845703125
0.0298538208007813 -0.0109920501708984 0.2847900390625 -0.873046875
-0.0222568511962891 -0.00377082824707031 -0.51483154296875 -0.6207275390625
-0.0507125854492188 0.0229873657226563 -0.61376953125 0.0425415039062499
-0.0154170989990234 0.0223503112792969 -0.326873779296875 0.331634521484375
0.00709342956542969 0.0129480361938477 0.012054443359375 0.3031005859375
-0.0174264907836914 0.0159873962402344 0.184951782226563 0.116561889648438
-0.0119895935058594 0.00884056091308594 -0.161911010742187 -0.12982177734375
0.0165119171142578 0.0165195465087891 0.0662994384765625 -0.280227661132813
-0.00111484527587891 0.0111360549926758 0.379791259765625 -0.229644775390625
-0.0353813171386719 0.0193519592285156 0.62420654296875 0.12908935546875
-0.0331592559814453 0.0228919982910156 0.363525390625 0.7193603515625
-2.47955322265638E-05 -0.012242317199707 -0.29083251953125 0.88055419921875
-0.0160541534423828 0.0211505889892578 -0.59381103515625 0.39398193359375
-0.00104904174804688 0.0314521789550781 0.0303726196289063 0.060150146484375
0.0286235809326172 0.00803756713867188 0.62762451171875 -0.3619384765625
0.0198459625244141 -0.005218505859375 0.2197265625 -0.87701416015625
-0.0223941802978516 0.00406455993652344 -0.55316162109375 -0.57342529296875
-0.0419654846191406 0.0226936340332031 -0.604736328125 0.0867309570312501
-0.00286293029785156 0.016815185546875 -0.309417724609375 0.3548583984375
0.0145196914672852 0.0101699829101563 0.02435302734375 0.30682373046875
-0.0191097259521484 0.0145988464355469 0.18756103515625 0.122360229492188
-0.0130348205566406 0.00291538238525391 -0.156326293945313 -0.13104248046875
0.0225448608398438 0.0107364654541016 0.07855224609375 -0.270858764648438
0.010258674621582 0.00822734832763672 0.393280029296875 -0.20458984375
-0.0259933471679687 0.0227718353271484 0.625244140625 0.17242431640625
-0.0326061248779297 0.0294971466064453 0.32421875 0.754638671875
-0.00436258316040039 -0.00628757476806641 -0.343017578125 0.8704833984375
-0.0188941955566406 0.0196189880371094 -0.6048583984375 0.36279296875
-0.00204277038574219 0.0264797210693359 0.0529975891113281 0.0510368347167969
0.0227069854736328 0.00452423095703125 0.6107177734375 -0.396728515625
0.0132369995117187 -0.000858306884765625 0.16265869140625 -0.88250732421875
-0.0210781097412109 0.0136356353759766 -0.58404541015625 -0.53192138671875
-0.0293331146240234 0.0245647430419922 -0.59613037109375 0.124267578125
0.00721836090087891 0.0108356475830078 -0.29083251953125 0.370269775390625
0.0221900939941406 0.0019378662109375 0.032623291015625 0.309967041015625
-0.0197486877441406 0.0101070404052734 0.18865966796875 0.122222900390625
-0.0119972229003906 -0.00411701202392578 -0.15264892578125 -0.131851196289063
0.0316867828369141 0.00338554382324219 0.0848846435546875 -0.2666015625
0.022430419921875 0.0063323974609375 0.402008056640625 -0.19110107421875
-0.0154438018798828 0.0271625518798828 0.62493896484375 0.20208740234375
-0.0304832458496094 0.0389518737792969 0.299072265625 0.7716064453125
-0.00675106048583984 -0.0043787956237793 -0.37713623046875 0.85894775390625
-0.0173168182373047 0.0142860412597656 -0.60504150390625 0.34136962890625
0.00441169738769531 0.0211772918701172 0.072845458984375 0.044891357421875
0.0187282562255859 -0.00300025939941406 0.6005859375 -0.4161376953125
0.00854921340942383 0.00200033187866211 0.1273193359375 -0.88134765625
-0.0167350769042969 0.021514892578125 -0.600830078125 -0.50152587890625
-0.0169563293457031 0.0257282257080078 -0.58441162109375 0.14599609375
0.0226497650146484 0.00479698181152344 -0.278350830078125 0.37872314453125
0.0270843505859375 -0.00611686706542969 0.037872314453125 0.3084716796875
-0.0217494964599609 0.00435447692871094 0.190032958984375 0.122848510742187
-0.0128583908081055 -0.0115032196044922 -0.14654541015625 -0.139190673828125
0.0392646789550781 -0.00358963012695313 0.088226318359375 -0.2708740234375
0.0363349914550781 0.00331497192382813 0.408203125 -0.182708740234375
-0.00359344482421875 0.0336627960205078 0.629150390625 0.2149658203125
-0.0303421020507813 0.0446128845214844 0.289794921875 0.78289794921875
-0.00611019134521485 -0.00711441040039063 -0.38897705078125 0.8526611328125
-0.0109691619873047 0.00467491149902344 -0.59930419921875 0.33013916015625
0.0173835754394531 0.0127849578857422 0.084625244140625 0.04010009765625
0.0229415893554688 -0.0113162994384766 0.6002197265625 -0.43231201171875
0.00531911849975586 0.000766277313232422 0.11273193359375 -0.88385009765625
-0.0124130249023438 0.0273551940917969 -0.60943603515625 -0.4881591796875
-0.00459098815917969 0.0243339538574219 -0.579833984375 0.15838623046875
0.0311183929443359 0.00134468078613281 -0.277679443359375 0.383209228515625
0.0325736999511719 -0.0172100067138672 0.038116455078125 0.306854248046875
-0.0224380493164063 -0.00152587890625 0.18865966796875 0.118209838867188
-0.0120658874511719 -0.0182723999023438 -0.146942138671875 -0.1455078125
0.0429191589355469 -0.00945663452148438 0.0862579345703125 -0.275421142578125
0.0463943481445313 0.000576019287109375 0.412017822265625 -0.190185546875
0.00571823120117188 0.0377197265625 0.6390380859375 0.20849609375
-0.0258712768554688 0.0496177673339844 0.30670166015625 0.77764892578125
-0.00749683380126953 -0.0118789672851562 -0.37188720703125 0.85198974609375
0.000226974487304688 -0.00641012191772461 -0.58856201171875 0.33026123046875
0.0346717834472656 0.00635147094726562 0.0923309326171875 0.0394668579101563
0.0287227630615234 -0.0197048187255859 0.60797119140625 -0.43426513671875
0.0049290657043457 -0.00222301483154297 0.1214599609375 -0.88873291015625
-0.00916099548339844 0.0304813385009766 -0.6046142578125 -0.49420166015625
0.00505256652832031 0.0265674591064453 -0.58135986328125 0.153076171875
0.0392532348632812 -0.0016326904296875 -0.2813720703125 0.378997802734375
0.035308837890625 -0.0252914428710938 0.031646728515625 0.302581787109375
-0.02154541015625 -0.00747871398925781 0.18804931640625 0.113632202148438
-0.0104961395263672 -0.0235195159912109 -0.145721435546875 -0.15411376953125
0.0434684753417969 -0.017913818359375 0.08154296875 -0.28643798828125
0.0514411926269531 -0.00255203247070312 0.4063720703125 -0.20953369140625
0.0130729675292969 0.0408706665039063 0.6451416015625 0.18017578125
-0.0222854614257813 0.0515594482421875 0.33697509765625 0.757080078125
-0.00523948669433594 -0.0156106948852539 -0.333984375 0.85418701171875
0.0109081268310547 -0.015873908996582 -0.57318115234375 0.34197998046875
0.0519638061523437 0.00202178955078125 0.0928878784179688 0.04296875
0.0383148193359375 -0.028839111328125 0.62274169921875 -0.422607421875
0.00625991821289062 -0.0077815055847168 0.15533447265625 -0.89013671875
-0.00750923156738282 0.0315628051757813 -0.58709716796875 -0.51971435546875
0.0112838745117188 0.0291347503662109 -0.58831787109375 0.1343994140625
0.0438461303710938 -0.00159072875976563 -0.29412841796875 0.367431640625
0.0381317138671875 -0.0306510925292969 0.02374267578125 0.29736328125
-0.0197601318359375 -0.0140495300292969 0.183685302734375 0.108932495117187
-0.0135383605957031 0.0164623260498047 -0.174636840820312 -0.141036987304688
0.00601768493652344 0.0202751159667969 0.04217529296875 -0.302459716796875
-0.0129432678222656 0.0196552276611328 0.352630615234375 -0.282470703125
-0.0449256896972656 0.0230064392089844 0.6319580078125 0.03729248046875
-0.0332050323486328 0.0150661468505859 0.450927734375 0.6492919921875
0.00844764709472656 -0.0268344879150391 -0.17034912109375 0.89544677734375
0.00838565826416016 0.00966644287109375 -0.560455322265625 0.449981689453125
0.0255775451660156 0.0344562530517578 0.000328063964843759 0.0773544311523437
0.0532569885253906 0.00854110717773438 0.67230224609375 -0.29888916015625
0.0404739379882812 -0.0187606811523438 0.346435546875 -0.87164306640625
-0.0212497711181641 -0.0119876861572266 -0.48065185546875 -0.664306640625
-0.0551681518554687 0.0206375122070313 -0.62164306640625 0.00366210937499997
-0.0221843719482422 0.0266456604003906 -0.343017578125 0.312103271484375
0.00253200531005859 0.0156040191650391 0.00305175781250003 0.297210693359375
-0.0172052383422852 0.0164766311645508 0.183059692382812 0.109146118164063
-0.0124378204345703 0.0141458511352539 -0.167236328125 -0.1337890625
0.0102863311767578 0.0193138122558594 0.05419921875 -0.29071044921875
-0.00962448120117188 0.0169792175292969 0.36712646484375 -0.25897216796875
-0.0433082580566406 0.020111083984375 0.63287353515625 0.0810546875
-0.0338611602783203 0.0166034698486328 0.4119873046875 0.68524169921875
0.00561141967773438 -0.0184249877929688 -0.2301025390625 0.89422607421875
-0.0047454833984375 0.0196056365966797 -0.580322265625 0.42718505859375
0.00692176818847656 0.0332221984863281 0.0101547241210937 0.0692710876464844
0.0388374328613281 0.00981521606445313 0.65057373046875 -0.32879638671875
0.0318927764892578 -0.0136890411376953 0.2823486328125 -0.8778076171875
-0.0229930877685547 -0.00366020202636719 -0.5191650390625 -0.6207275390625
-0.0499382019042969 0.0207176208496094 -0.61810302734375 0.044677734375
-0.01519775390625 0.02392578125 -0.3275146484375 0.33502197265625
0.00711441040039062 0.0124597549438477 0.013458251953125 0.30535888671875
-0.0171699523925781 0.0174264907836914 0.18402099609375 0.115402221679688
-0.0143537521362305 0.0107316970825195 -0.163543701171875 -0.131576538085937
0.014739990234375 0.0138521194458008 0.065338134765625 -0.281341552734375
-3.81469726562571E-06 0.0125188827514648 0.381011962890625 -0.23272705078125
-0.0354690551757813 0.0209770202636719 0.6312255859375 0.12786865234375
-0.0333003997802734 0.0228557586669922 0.36810302734375 0.72271728515625
-0.00125598907470703 -0.0117683410644531 -0.2900390625 0.88531494140625
-0.0144786834716797 0.020751953125 -0.59600830078125 0.397705078125
-0.00165939331054688 0.0318851470947266 0.0295295715332031 0.0604400634765625
0.0271892547607422 0.00737953186035156 0.62884521484375 -0.36444091796875
0.0212535858154297 -0.00447273254394531 0.21722412109375 -0.88128662109375
-0.0236301422119141 0.00395011901855469 -0.557861328125 -0.5743408203125
-0.0405654907226563 0.0224037170410156 -0.60809326171875 0.0888061523437501
-0.00463676452636719 0.0169191360473633 -0.307098388671875 0.355926513671875
0.0134544372558594 0.00881290435791016 0.0262451171875 0.31036376953125
-0.0189971923828125 0.0138130187988281 0.187286376953125 0.121566772460937
-0.0125389099121094 0.00418472290039063 -0.15740966796875 -0.130508422851562
0.0234813690185547 0.00996017456054688 0.0750885009765625 -0.27288818359375
0.00961399078369141 0.00830936431884766 0.394500732421875 -0.20745849609375
-0.0265350341796875 0.0229644775390625 0.6298828125 0.17242431640625
-0.0310821533203125 0.0289192199707031 0.328369140625 0.75482177734375
-0.00235891342163086 -0.00761938095092774 -0.34033203125 0.87451171875
-0.0187091827392578 0.0191078186035156 -0.6072998046875 0.36651611328125
-0.00174331665039063 0.0268344879150391 0.0519218444824219 0.0507087707519531
0.0231208801269531 0.00355148315429688 0.6129150390625 -0.3966064453125
0.0134716033935547 -0.0023345947265625 0.1607666015625 -0.8856201171875
-0.0196533203125 0.0136337280273437 -0.58892822265625 -0.5328369140625
-0.0294189453125 0.0249595642089844 -0.59576416015625 0.12548828125
0.00739955902099609 0.011235237121582 -0.291229248046875 0.37255859375
0.0204048156738281 0.00254440307617188 0.0350341796875 0.310546875
-0.0218048095703125 0.0100650787353516 0.190399169921875 0.122650146484375
-0.0121374130249023 -0.00423049926757813 -0.152313232421875 -0.132308959960938
0.0319538116455078 0.0037994384765625 0.082305908203125 -0.26971435546875
0.0236625671386719 0.0066070556640625 0.404541015625 -0.189971923828125
-0.0143699645996094 0.0269966125488281 0.62982177734375 0.20111083984375
-0.0295677185058594 0.0383567810058594 0.3052978515625 0.7733154296875
-0.00361824035644531 -0.00596761703491211 -0.37628173828125 0.86102294921875
-0.0177402496337891 0.013824462890625 -0.60882568359375 0.3426513671875
0.0022430419921875 0.0206508636474609 0.0710983276367188 0.0441131591796875
0.0191650390625 -0.00288200378417969 0.6026611328125 -0.41815185546875
0.00885200500488281 0.00132846832275391 0.1263427734375 -0.88433837890625
-0.0152702331542969 0.0218582153320313 -0.6051025390625 -0.50189208984375
-0.0158939361572266 0.0246906280517578 -0.58642578125 0.15020751953125
0.0196704864501953 0.00563240051269531 -0.27825927734375 0.382537841796875
0.0258426666259766 -0.00709342956542969 0.040283203125 0.311248779296875
-0.0225238800048828 0.00580978393554688 0.191162109375 0.122833251953125
-0.0120344161987305 -0.010462760925293 -0.148406982421875 -0.1405029296875
0.0387535095214844 -0.0040435791015625 0.086761474609375 -0.270416259765625
0.0362319946289063 0.00286483764648438 0.410797119140625 -0.186248779296875
-0.00424003601074219 0.0330924987792969 0.63348388671875 0.2130126953125
-0.0286941528320312 0.0441856384277344 0.296875 0.78521728515625
-0.00625228881835938 -0.00885200500488281 -0.386962890625 0.85662841796875
-0.00934123992919922 0.00488471984863281 -0.6029052734375 0.333251953125
0.0165643692016602 0.0140666961669922 0.0846710205078125 0.038604736328125
0.0221958160400391 -0.0107231140136719 0.6036376953125 -0.4344482421875
0.00600957870483399 -0.000375270843505859 0.10845947265625 -0.88739013671875
-0.0126285552978516 0.0260810852050781 -0.6126708984375 -0.488525390625
-0.00404739379882813 0.0247611999511719 -0.58233642578125 0.16119384765625
0.0306377410888672 0.000759124755859375 -0.27587890625 0.385986328125
0.0326805114746094 -0.0173625946044922 0.03875732421875 0.3092041015625
-0.0212841033935547 -0.000917434692382811 0.191055297851563 0.119766235351563
-0.0124216079711914 -0.0173320770263672 -0.147781372070313 -0.1466064453125
0.0435676574707031 -0.0110816955566406 0.086273193359375 -0.278335571289063
0.0459976196289063 0.0006561279296875 0.412841796875 -0.192535400390625
0.007110595703125 0.0377311706542969 0.64300537109375 0.20806884765625
-0.0257225036621094 0.0493240356445313 0.31097412109375 0.780517578125
-0.00536918640136719 -0.0118274688720703 -0.37078857421875 0.85626220703125
-0.000254154205322266 -0.00579214096069336 -0.59130859375 0.33203125
0.0332508087158203 0.00684738159179687 0.0914459228515625 0.0389404296875
0.0293750762939453 -0.0215587615966797 0.60992431640625 -0.4366455078125
0.00469017028808594 -0.00285148620605469 0.1204833984375 -0.89044189453125
-0.00864219665527344 0.0306892395019531 -0.60906982421875 -0.4954833984375
0.00542068481445312 0.0255889892578125 -0.58270263671875 0.15570068359375
0.0384445190429688 -0.00280380249023437 -0.283111572265625 0.381072998046875
0.0351276397705078 -0.0266380310058594 0.031829833984375 0.304412841796875
-0.0207195281982422 -0.00765419006347656 0.188995361328125 0.114517211914063
-0.0104236602783203 -0.0232143402099609 -0.148422241210938 -0.1556396484375
0.0440826416015625 -0.0165367126464844 0.08056640625 -0.290283203125
0.0528411865234375 -0.00224685668945313 0.407928466796875 -0.21282958984375
0.0143585205078125 0.0410194396972656 0.651123046875 0.18023681640625
-0.0227432250976563 0.0524101257324219 0.34454345703125 0.7601318359375
-0.00414752960205078 -0.0166501998901367 -0.33221435546875 0.857177734375
0.0121860504150391 -0.0153293609619141 -0.57464599609375 0.34381103515625
0.0530052185058594 0.00148391723632813 0.09185791015625 0.0421600341796875
0.03948974609375 -0.0289115905761719 0.62750244140625 -0.42333984375
0.00638151168823242 -0.00860166549682617 0.154541015625 -0.89404296875
-0.00761032104492188 0.032806396484375 -0.5906982421875 -0.51947021484375
0.0119495391845703 0.0296993255615234 -0.587158203125 0.13323974609375
0.04315185546875 -0.00172805786132812 -0.295562744140625 0.369598388671875
0.0377159118652344 -0.030059814453125 0.024017333984375 0.29962158203125
-0.0209789276123047 -0.0119743347167969 0.185699462890625 0.109039306640625
-0.0131168365478516 0.017822265625 -0.175628662109375 -0.141494750976562
0.00660324096679687 0.0205211639404297 0.03955078125 -0.3052978515625
-0.0123558044433594 0.0223064422607422 0.353607177734375 -0.286895751953125
-0.0448226928710938 0.0234107971191406 0.6383056640625 0.034423828125
-0.0348129272460938 0.0150394439697266 0.45672607421875 0.65252685546875
0.00842857360839844 -0.0261592864990234 -0.1690673828125 0.900634765625
0.00980472564697266 0.0105018615722656 -0.5634765625 0.4554443359375
0.0233001708984375 0.0350818634033203 -0.000602722167968756 0.07763671875
0.054443359375 0.00786972045898438 0.6737060546875 -0.3021240234375
0.0408287048339844 -0.0199394226074219 0.3458251953125 -0.8753662109375
-0.0210094451904297 -0.0139141082763672 -0.484375 -0.66424560546875
-0.0551185607910156 0.0221214294433594 -0.62554931640625 0.00708007812499987
-0.0227489471435547 0.0258102416992188 -0.342193603515625 0.31463623046875
0.00128364562988281 0.0138053894042969 0.00445556640624998 0.29840087890625
-0.0172443389892578 0.0192337036132812 0.182708740234375 0.111160278320313
-0.0125608444213867 0.0174026489257813 -0.170166015625 -0.13525390625
0.0103034973144531 0.0203723907470703 0.05242919921875 -0.294342041015625
-0.00925445556640625 0.0163078308105469 0.368927001953125 -0.261199951171875
-0.0412788391113281 0.0222053527832031 0.63665771484375 0.0772705078125
-0.0344791412353516 0.0164222717285156 0.41790771484375 0.688232421875
0.00536155700683594 -0.019866943359375 -0.22491455078125 0.89886474609375
-0.00515937805175781 0.0204029083251953 -0.58477783203125 0.4295654296875
0.00824928283691406 0.0341472625732422 0.0101699829101563 0.0682716369628906
0.0402450561523437 0.0106925964355469 0.65277099609375 -0.33282470703125
0.0301723480224609 -0.0137310028076172 0.2816162109375 -0.88458251953125
-0.0218925476074219 -0.00412940979003906 -0.52337646484375 -0.6253662109375
-0.0497474670410156 0.0235939025878906 -0.6217041015625 0.0462036132812499
-0.016845703125 0.023223876953125 -0.327056884765625 0.33685302734375
0.00731086730957031 0.0131521224975586 0.0157470703125 0.307159423828125
-0.0177249908447266 0.0190811157226562 0.185379028320312 0.116409301757813
-0.0134143829345703 0.00979995727539063 -0.165069580078125 -0.131362915039063
0.0175819396972656 0.0166015625 0.063262939453125 -0.282806396484375
-0.00155258178710937 0.0122041702270508 0.3836669921875 -0.23614501953125
-0.0350112915039062 0.0193729400634766 0.63543701171875 0.1248779296875
-0.0320892333984375 0.0212764739990234 0.37457275390625 0.724853515625
0.000411033630371094 -0.0129756927490234 -0.28570556640625 0.88897705078125
-0.0133857727050781 0.0218582153320313 -0.59857177734375 0.3992919921875
-0.00351333618164063 0.0328273773193359 0.0293655395507813 0.0598678588867188
0.0281715393066406 0.00836944580078125 0.630615234375 -0.365966796875
0.0205154418945313 -0.00637245178222656 0.21734619140625 -0.885986328125
-0.0225925445556641 0.00476264953613282 -0.56317138671875 -0.57659912109375
-0.0400123596191406 0.0245399475097656 -0.60894775390625 0.0925903320312499
-0.00391006469726563 0.0176048278808594 -0.30767822265625 0.3577880859375
0.0140600204467773 0.009002685546875 0.02703857421875 0.310943603515625
-0.0201168060302734 0.0161228179931641 0.189361572265625 0.121292114257813
-0.0142908096313477 0.00410652160644532 -0.159011840820313 -0.131103515625
0.0241622924804688 0.0117931365966797 0.0759735107421875 -0.27532958984375
0.00982856750488281 0.00879669189453125 0.39654541015625 -0.2115478515625
-0.027435302734375 0.023406982421875 0.6348876953125 0.1697998046875
-0.0311470031738281 0.0285015106201172 0.3338623046875 0.757568359375
-0.00108242034912109 -0.00916767120361328 -0.33929443359375 0.87908935546875
-0.018707275390625 0.0209426879882813 -0.60748291015625 0.3707275390625
-0.00210952758789063 0.0297603607177734 0.051605224609375 0.0513153076171875
0.0215091705322266 0.00309944152832031 0.6134033203125 -0.400390625
0.0149879455566406 -0.00371742248535156 0.162353515625 -0.8885498046875
-0.0193004608154297 0.0132541656494141 -0.5909423828125 -0.53216552734375
-0.028900146484375 0.0249691009521484 -0.5987548828125 0.12945556640625
0.0079793930053711 0.0122079849243164 -0.2918701171875 0.374603271484375
0.0215053558349609 0.000425338745117187 0.037353515625 0.312286376953125
-0.020416259765625 0.0124187469482422 0.191574096679688 0.123199462890625
-0.0127811431884766 -0.00215435028076172 -0.154647827148438 -0.135330200195312
0.0335254669189453 0.00396156311035156 0.081939697265625 -0.273101806640625
0.0231761932373047 0.00705909729003906 0.40594482421875 -0.19537353515625
-0.0171699523925781 0.0281143188476562 0.635986328125 0.19769287109375
-0.0299110412597656 0.0370979309082031 0.31158447265625 0.77740478515625
-0.00412273406982422 -0.00592851638793945 -0.37237548828125 0.864990234375
-0.0190830230712891 0.0150489807128906 -0.610595703125 0.34765625
0.000730514526367188 0.0218429565429688 0.0702896118164063 0.0449905395507813
0.0195350646972656 -0.0016326904296875 0.6044921875 -0.42279052734375
0.00810003280639648 0.000688552856445312 0.12371826171875 -0.888427734375
-0.0155754089355469 0.0216560363769531 -0.6094970703125 -0.50103759765625
-0.0151901245117188 0.0251197814941406 -0.5880126953125 0.1527099609375
0.0195674896240234 0.00537872314453125 -0.279876708984375 0.38525390625
0.0269508361816406 -0.0107402801513672 0.040435791015625 0.31396484375
-0.0214443206787109 0.00640296936035156 0.193572998046875 0.123748779296875
-0.0134372711181641 -0.00911140441894531 -0.151931762695313 -0.139724731445312
0.0392494201660156 -0.0023956298828125 0.084686279296875 -0.273193359375
0.0372276306152344 0.0035247802734375 0.413299560546875 -0.189453125
-0.00367355346679687 0.0347347259521484 0.6395263671875 0.21051025390625
-0.029022216796875 0.0452613830566406 0.30157470703125 0.78558349609375
-0.00487041473388672 -0.00908946990966797 -0.38519287109375 0.86077880859375
-0.0104179382324219 0.00571346282958985 -0.60498046875 0.33685302734375
0.0171537399291992 0.0153446197509766 0.0843887329101562 0.040374755859375
0.0209407806396484 -0.0124740600585938 0.6021728515625 -0.4364013671875
0.0053706169128418 -0.0018773078918457 0.1087646484375 -0.8896484375
-0.0107688903808594 0.0264568328857422 -0.6185302734375 -0.4910888671875
-0.00388908386230469 0.0252456665039063 -0.583740234375 0.16424560546875
0.0301990509033203 -5.7220458984375E-06 -0.277374267578125 0.38958740234375
0.0302200317382812 -0.0178089141845703 0.040802001953125 0.30963134765625
-0.0229892730712891 0.000432968139648441 0.191268920898438 0.121337890625
-0.0122232437133789 -0.016880989074707 -0.150482177734375 -0.147567749023438
0.0435676574707031 -0.0103683471679688 0.084228515625 -0.280853271484375
0.0474357604980469 0.00193023681640625 0.416259765625 -0.196380615234375
0.00655364990234375 0.0399665832519531 0.64971923828125 0.2044677734375
-0.0237579345703125 0.0497779846191406 0.31640625 0.78265380859375
-0.00476360321044922 -0.0122165679931641 -0.3692626953125 0.859130859375
0.000294208526611329 -0.00468826293945313 -0.5931396484375 0.336181640625
0.0338611602783203 0.00777626037597656 0.09228515625 0.03912353515625
0.0276222229003906 -0.0216331481933594 0.611083984375 -0.43878173828125
0.00478076934814453 -0.00359582901000977 0.1177978515625 -0.89569091796875
-0.00786018371582031 0.0309600830078125 -0.61444091796875 -0.49456787109375
0.00525474548339844 0.0268726348876953 -0.584716796875 0.15966796875
0.038055419921875 -0.00239944458007813 -0.281585693359375 0.38568115234375
0.0351181030273437 -0.0256233215332031 0.034515380859375 0.305572509765625
-0.0211238861083984 -0.00519752502441406 0.189926147460938 0.1153564453125
-0.0108795166015625 -0.0224037170410156 -0.151611328125 -0.155609130859375
0.043609619140625 -0.0187530517578125 0.079376220703125 -0.293060302734375
0.0528984069824219 -0.0003509521484375 0.41064453125 -0.21600341796875
0.0141258239746094 0.0430107116699219 0.656005859375 0.17584228515625
-0.0216293334960938 0.0511894226074219 0.3485107421875 0.76153564453125
-0.00328254699707031 -0.0180473327636719 -0.33099365234375 0.86212158203125
0.0123691558837891 -0.0140132904052734 -0.57757568359375 0.349365234375
0.0531234741210938 0.00147628784179688 0.0909271240234375 0.0413970947265625
0.0392189025878906 -0.0303726196289063 0.62640380859375 -0.42742919921875
0.00611352920532227 -0.00847291946411133 0.15216064453125 -0.90020751953125
-0.00534248352050782 0.0322723388671875 -0.595947265625 -0.5201416015625
0.0128459930419922 0.0307331085205078 -0.589111328125 0.13897705078125
0.042755126953125 -0.00201797485351562 -0.29449462890625 0.3717041015625
0.0345249176025391 -0.0312633514404297 0.0250244140625 0.3006591796875
-0.0200767517089844 -0.0123996734619141 0.186676025390625 0.109344482421875
-0.0138416290283203 0.0183944702148438 -0.176498413085938 -0.142669677734375
0.00620460510253907 0.0201759338378906 0.037017822265625 -0.30657958984375
-0.0135459899902344 0.0222797393798828 0.354583740234375 -0.29229736328125
-0.0447921752929688 0.0242805480957031 0.64190673828125 0.03045654296875
-0.0337486267089844 0.0144882202148437 0.4654541015625 0.65106201171875
0.00887298583984375 -0.0281810760498047 -0.16259765625 0.90606689453125
0.0105066299438477 0.0123920440673828 -0.564208984375 0.4583740234375
0.0236778259277344 0.0346431732177734 -0.0017547607421875 0.0784378051757813
0.0536231994628906 0.00716781616210938 0.67767333984375 -0.30499267578125
0.0412979125976563 -0.0205039978027344 0.343994140625 -0.88201904296875
-0.0201587677001953 -0.0143241882324219 -0.48980712890625 -0.66680908203125
-0.0549278259277344 0.0232582092285156 -0.6290283203125 0.00976562500000012
-0.0221099853515625 0.0262603759765625 -0.343597412109375 0.31781005859375
0.000420570373535156 0.0138759613037109 0.00555419921875002 0.301971435546875
-0.0170650482177734 0.0179271697998047 0.186752319335938 0.113006591796875
-0.0140762329101562 0.0182762145996094 -0.1746826171875 -0.13494873046875
0.010467529296875 0.0192298889160156 0.05084228515625 -0.295379638671875
-0.00966644287109375 0.0186023712158203 0.370758056640625 -0.26666259765625
-0.0427360534667969 0.0222930908203125 0.6435546875 0.0732421875
-0.0329322814941406 0.0168094635009766 0.4273681640625 0.6883544921875
0.00473213195800781 -0.0209922790527344 -0.22186279296875 0.903564453125
-0.00515174865722656 0.0217533111572266 -0.58447265625 0.4349365234375
0.00777435302734375 0.0361137390136719 0.00804519653320313 0.0692672729492188
0.038238525390625 0.00778961181640625 0.65557861328125 -0.33758544921875
0.0300426483154297 -0.0141849517822266 0.27996826171875 -0.89044189453125
-0.0214900970458984 -0.00531768798828125 -0.5323486328125 -0.62445068359375
-0.0501365661621094 0.02362060546875 -0.6220703125 0.0497436523437501
-0.0168361663818359 0.0216350555419922 -0.326141357421875 0.338592529296875
0.0064401626586914 0.0122337341308594 0.017578125 0.3087158203125
-0.0185966491699219 0.019073486328125 0.187545776367188 0.11810302734375
-0.0134572982788086 0.0124034881591797 -0.168304443359375 -0.132659912109375
0.016413688659668 0.0165185928344727 0.063262939453125 -0.286346435546875
-0.00143051147460937 0.0153064727783203 0.384307861328125 -0.237945556640625
-0.0365447998046875 0.0217247009277344 0.640625 0.1221923828125
-0.0316410064697266 0.0224056243896484 0.3818359375 0.72296142578125
0.00266742706298828 -0.0131254196166992 -0.283935546875 0.89752197265625
-0.0142803192138672 0.0227203369140625 -0.6009521484375 0.40692138671875
-0.00138282775878906 0.0334377288818359 0.0277366638183594 0.0607337951660156
0.0277137756347656 0.00837898254394531 0.634765625 -0.36822509765625
0.0221691131591797 -0.00543594360351563 0.2152099609375 -0.89251708984375
-0.0218219757080078 0.00430107116699219 -0.566650390625 -0.57684326171875
-0.0405311584472656 0.0260162353515625 -0.61297607421875 0.09320068359375
-0.00506782531738281 0.0177993774414063 -0.308135986328125 0.35986328125
0.0149545669555664 0.00805568695068359 0.028533935546875 0.31243896484375
-0.0198612213134766 0.0167827606201172 0.191558837890625 0.122573852539062
-0.0138750076293945 0.00624656677246094 -0.162261962890625 -0.131118774414063
0.0253810882568359 0.0108680725097656 0.0740966796875 -0.278289794921875
0.0108194351196289 0.0102453231811523 0.39837646484375 -0.214080810546875
-0.0272312164306641 0.0236759185791016 0.64190673828125 0.16473388671875
-0.0294914245605469 0.0296115875244141 0.3428955078125 0.75677490234375
-0.00133991241455078 -0.00993919372558594 -0.33575439453125 0.88330078125
-0.0177192687988281 0.0213508605957031 -0.61181640625 0.3759765625
-0.00380706787109375 0.0281486511230469 0.0516242980957031 0.0506820678710938
0.0218086242675781 0.00375556945800781 0.61578369140625 -0.40155029296875
0.0140514373779297 -0.00378036499023438 0.15753173828125 -0.894287109375
-0.0201091766357422 0.0131149291992188 -0.59857177734375 -0.5328369140625
-0.0283355712890625 0.0252838134765625 -0.6029052734375 0.13226318359375
0.00757122039794922 0.01190185546875 -0.2890625 0.37744140625
0.02093505859375 0.000148773193359375 0.038238525390625 0.315765380859375
-0.0202732086181641 0.0149173736572266 0.193618774414063 0.123748779296875
-0.0121908187866211 -0.00192546844482422 -0.155441284179688 -0.136367797851563
0.03216552734375 0.00406837463378906 0.079864501953125 -0.274398803710938
0.0242290496826172 0.00696372985839844 0.408233642578125 -0.1981201171875
-0.0162868499755859 0.0295562744140625 0.64312744140625 0.1947021484375
-0.0284614562988281 0.0384178161621094 0.3187255859375 0.77734375
-0.00324869155883789 -0.00802183151245117 -0.37115478515625 0.8702392578125
-0.0174789428710937 0.016291618347168 -0.611328125 0.35137939453125
0.00249862670898438 0.0226726531982422 0.0688705444335938 0.0428695678710938
0.0176773071289063 -0.00207328796386719 0.6070556640625 -0.426513671875
0.00935649871826172 0.000583648681640625 0.12255859375 -0.89508056640625
-0.0153846740722656 0.020843505859375 -0.6153564453125 -0.501953125
-0.013946533203125 0.0253181457519531 -0.59307861328125 0.15789794921875
0.0204849243164063 0.00471878051757813 -0.2781982421875 0.387939453125
0.0267601013183594 -0.0108165740966797 0.04193115234375 0.315277099609375
-0.0221805572509766 0.00849533081054687 0.194778442382813 0.124237060546875
-0.0131378173828125 -0.00707340240478516 -0.153060913085937 -0.140350341796875
0.040496826171875 -0.00410079956054688 0.0841217041015625 -0.2764892578125
0.0360870361328125 0.00385665893554688 0.414215087890625 -0.1943359375
-0.00494766235351563 0.0358314514160156 0.6446533203125 0.20880126953125
-0.0269966125488281 0.0458183288574219 0.3104248046875 0.7857666015625
-0.00494956970214844 -0.0107183456420898 -0.3818359375 0.86480712890625
-0.0105991363525391 0.0069427490234375 -0.60797119140625 0.34185791015625
0.0169506072998047 0.0162448883056641 0.0837173461914062 0.0399551391601562
0.0202541351318359 -0.0128421783447266 0.60546875 -0.44189453125
0.0055994987487793 -0.00177431106567383 0.10498046875 -0.89703369140625
-0.0116043090820313 0.0268936157226562 -0.62286376953125 -0.48822021484375
-0.00369834899902344 0.0258312225341797 -0.5872802734375 0.1697998046875
0.0301856994628906 -0.000589370727539063 -0.27618408203125 0.390960693359375
0.0313777923583984 -0.0189628601074219 0.043365478515625 0.313201904296875
-0.0210380554199219 0.000545501708984376 0.193984985351563 0.121902465820313
-0.0120439529418945 -0.0163774490356445 -0.152618408203125 -0.148666381835938
0.0454788208007812 -0.009979248046875 0.084564208984375 -0.28448486328125
0.0472335815429688 0.00180816650390625 0.41650390625 -0.201080322265625
0.00683975219726563 0.0405082702636719 0.65484619140625 0.20013427734375
-0.0249214172363281 0.0497016906738281 0.3255615234375 0.78094482421875
-0.00399494171142578 -0.0143709182739258 -0.36553955078125 0.86517333984375
0.00173258781433105 -0.0036005973815918 -0.59747314453125 0.33953857421875
0.0337104797363281 0.00802993774414063 0.091796875 0.0392227172851563
0.0274143218994141 -0.020965576171875 0.6129150390625 -0.442626953125
0.00488424301147461 -0.00370454788208008 0.11376953125 -0.903076171875
-0.00844001770019531 0.0294723510742188 -0.6209716796875 -0.49383544921875
0.00718116760253906 0.0267734527587891 -0.58758544921875 0.16302490234375
0.0389785766601563 -0.00336837768554688 -0.2823486328125 0.38751220703125
0.0335369110107422 -0.0271453857421875 0.036285400390625 0.307891845703125
-0.0223655700683594 -0.00555610656738282 0.192092895507813 0.116500854492188
-0.0114078521728516 -0.0210037231445313 -0.154159545898438 -0.157089233398437
0.0446128845214844 -0.0189094543457031 0.07757568359375 -0.29583740234375
0.0516128540039063 -0.000553131103515625 0.409881591796875 -0.219879150390625
0.013671875 0.0409355163574219 0.6632080078125 0.1727294921875
-0.019317626953125 0.0510787963867188 0.357177734375 0.7623291015625
-0.00275039672851562 -0.0200366973876953 -0.3280029296875 0.865966796875
0.0135030746459961 -0.0139236450195313 -0.5789794921875 0.351318359375
0.0529899597167969 0.00291824340820313 0.0910873413085938 0.0412445068359375
0.0379104614257813 -0.0290985107421875 0.629638671875 -0.4317626953125
0.00617885589599609 -0.00939083099365234 0.14776611328125 -0.90472412109375
-0.00684547424316406 0.0326614379882812 -0.60186767578125 -0.5189208984375
0.0123214721679687 0.0298843383789063 -0.59246826171875 0.142578125
0.0426483154296875 -0.00210189819335937 -0.295196533203125 0.37567138671875
0.0361328125 -0.0326805114746094 0.02630615234375 0.304931640625
-0.0200061798095703 -0.0115451812744141 0.189483642578125 0.111190795898437
-0.0128536224365234 0.0192661285400391 -0.181289672851563 -0.14111328125
0.00782966613769531 0.0216560363769531 0.03387451171875 -0.31103515625
-0.0133705139160156 0.0221443176269531 0.35406494140625 -0.29656982421875
-0.0448760986328125 0.0267333984375 0.6478271484375 0.02545166015625
-0.0336322784423828 0.0132026672363281 0.4722900390625 0.652099609375
0.00819587707519531 -0.0284652709960937 -0.15692138671875 0.9105224609375
0.0101509094238281 0.0122346878051758 -0.561798095703125 0.46868896484375
0.0251846313476563 0.0359268188476563 -0.0028228759765625 0.0777053833007813
0.0519638061523438 0.0067596435546875 0.67889404296875 -0.30810546875
0.0405349731445313 -0.0225944519042969 0.33917236328125 -0.88775634765625
-0.0209083557128906 -0.0138511657714844 -0.49810791015625 -0.66741943359375
-0.0535736083984375 0.0222282409667969 -0.6339111328125 0.0126342773437501
-0.0238780975341797 0.0253105163574219 -0.341339111328125 0.321258544921875
0.00164604187011719 0.013641357421875 0.00927734374999999 0.30389404296875
-0.0166225433349609 0.0207118988037109 0.187149047851563 0.111282348632813
-0.0138893127441406 0.0180892944335937 -0.176071166992188 -0.134902954101562
0.0118465423583984 0.0197124481201172 0.0477294921875 -0.29730224609375
-0.00977325439453125 0.0193595886230469 0.36956787109375 -0.270843505859375
-0.0437736511230469 0.0231399536132813 0.64825439453125 0.07000732421875
-0.0327091217041016 0.0162715911865234 0.43511962890625 0.68841552734375
0.00560760498046875 -0.0209770202636719 -0.21539306640625 0.91192626953125
-0.00211143493652344 0.0213603973388672 -0.58642578125 0.44036865234375
0.00738906860351563 0.0366134643554687 0.00901794433593749 0.0705947875976563
0.0380020141601563 0.0087432861328125 0.657470703125 -0.3397216796875
0.0299510955810547 -0.0144062042236328 0.2763671875 -0.89544677734375
-0.0214252471923828 -0.00508499145507813 -0.5391845703125 -0.6260986328125
-0.0501518249511719 0.0228843688964844 -0.626953125 0.05535888671875
-0.0161151885986328 0.0221748352050781 -0.326751708984375 0.343505859375
0.00586032867431641 0.0123767852783203 0.018402099609375 0.3115234375
-0.0184040069580078 0.0210037231445313 0.190292358398438 0.118606567382813
-0.0122385025024414 0.013484001159668 -0.167922973632813 -0.13238525390625
0.0181846618652344 0.0173130035400391 0.060638427734375 -0.28839111328125
0.000250816345214842 0.0143423080444336 0.383392333984375 -0.24420166015625
-0.0353317260742188 0.0242729187011719 0.647216796875 0.11737060546875
-0.0312252044677734 0.0210838317871094 0.3912353515625 0.72650146484375
0.00176811218261719 -0.0148429870605469 -0.27862548828125 0.90228271484375
-0.0121994018554688 0.0250568389892578 -0.60186767578125 0.4105224609375
-0.002899169921875 0.0356330871582031 0.0278167724609375 0.0592842102050781
0.0273361206054687 0.00694656372070312 0.63568115234375 -0.37530517578125
0.0215415954589844 -0.0090484619140625 0.21044921875 -0.89703369140625
-0.0203266143798828 0.00342369079589843 -0.57659912109375 -0.57525634765625
-0.0394859313964844 0.0256690979003906 -0.6168212890625 0.0975952148437501
-0.00677490234375 0.0186519622802734 -0.3052978515625 0.36578369140625
0.0137805938720703 0.00745010375976563 0.03240966796875 0.314300537109375
-0.0208930969238281 0.0195407867431641 0.193206787109375 0.123260498046875
-0.014185905456543 0.00791072845458984 -0.164154052734375 -0.1312255859375
0.0248279571533203 0.0125999450683594 0.0712432861328125 -0.280899047851563
0.0107583999633789 0.0106439590454102 0.400848388671875 -0.21954345703125
-0.0286636352539063 0.0265083312988281 0.64764404296875 0.16119384765625
-0.0306262969970703 0.0294055938720703 0.35211181640625 0.76019287109375
0.000342369079589844 -0.0109186172485352 -0.33221435546875 0.88995361328125
-0.0186634063720703 0.0225791931152344 -0.61236572265625 0.38262939453125
-0.00489997863769531 0.02978515625 0.0511398315429687 0.0502777099609375
0.021148681640625 0.00366401672363281 0.61737060546875 -0.40863037109375
0.0123281478881836 -0.00331497192382813 0.1533203125 -0.90093994140625
-0.0180511474609375 0.0134315490722656 -0.6031494140625 -0.53271484375
-0.0288219451904297 0.0245151519775391 -0.60455322265625 0.136474609375
0.00695323944091797 0.0104913711547852 -0.290496826171875 0.382781982421875
0.019256591796875 -0.000806808471679688 0.04022216796875 0.31756591796875
-0.0216922760009766 0.0149517059326172 0.19580078125 0.124862670898437
-0.0136890411376953 -0.000741958618164062 -0.160995483398438 -0.136444091796875
0.0336589813232422 0.00415802001953125 0.07818603515625 -0.279266357421875
0.0234775543212891 0.00750923156738281 0.408966064453125 -0.204986572265625
-0.0168418884277344 0.0325717926025391 0.6475830078125 0.18988037109375
-0.02899169921875 0.0367889404296875 0.3258056640625 0.77978515625
-0.00272703170776367 -0.00745153427124023 -0.364990234375 0.8770751953125
-0.016840934753418 0.0161237716674805 -0.613037109375 0.35723876953125
0.00260543823242188 0.0246028900146484 0.0711288452148438 0.0440826416015625
0.0178337097167969 -0.00191879272460938 0.60772705078125 -0.43292236328125
0.00757503509521484 -0.000570297241210938 0.11676025390625 -0.8997802734375
-0.0147266387939453 0.020294189453125 -0.62213134765625 -0.49896240234375
-0.0125617980957031 0.0253734588623047 -0.59637451171875 0.16241455078125
0.0202255249023437 0.00461578369140625 -0.27935791015625 0.393524169921875
0.0264835357666016 -0.00952529907226563 0.045440673828125 0.3165283203125
-0.0227108001708984 0.0100765228271484 0.195907592773437 0.12335205078125
-0.011906623840332 -0.00996017456054688 -0.156143188476563 -0.141189575195313
0.0398712158203125 -0.00322723388671875 0.0818634033203125 -0.280532836914063
0.0378074645996094 0.00392532348632812 0.41632080078125 -0.1986083984375
-0.00463485717773438 0.0363845825195313 0.65191650390625 0.20294189453125
-0.0282211303710937 0.0443496704101563 0.31890869140625 0.7879638671875
-0.00340366363525391 -0.0116195678710938 -0.3765869140625 0.87188720703125
-0.00904941558837891 0.00876808166503906 -0.6083984375 0.3475341796875
0.0144109725952148 0.0172500610351563 0.0841522216796875 0.0390396118164062
0.0209751129150391 -0.0126018524169922 0.6046142578125 -0.4447021484375
0.0073089599609375 -0.000845432281494141 0.0986328125000001 -0.902099609375
-0.0104198455810547 0.0245151519775391 -0.630859375 -0.48785400390625
-0.00067901611328125 0.0260372161865234 -0.5892333984375 0.17327880859375
0.0300025939941406 0.000293731689453125 -0.274871826171875 0.397613525390625
0.0303173065185547 -0.0184288024902344 0.044891357421875 0.31561279296875
-0.0226001739501953 0.0027313232421875 0.196304321289062 0.120620727539063
-0.0124044418334961 -0.0154151916503906 -0.154510498046875 -0.148818969726563
0.043487548828125 -0.0121307373046875 0.080780029296875 -0.28704833984375
0.0478401184082031 0.002227783203125 0.418365478515625 -0.205902099609375
0.00612258911132813 0.0414657592773438 0.66064453125 0.19598388671875
-0.0236587524414063 0.0502128601074219 0.3330078125 0.78387451171875
-0.00373649597167969 -0.0140190124511719 -0.36163330078125 0.87164306640625
0.0016319751739502 -0.00256681442260742 -0.59716796875 0.34613037109375
0.0329990386962891 0.00789260864257813 0.0915374755859375 0.03857421875
0.0263423919677734 -0.0220584869384766 0.61431884765625 -0.44879150390625
0.00401926040649414 -0.00486135482788086 0.110595703125 -0.90625
-0.00706863403320313 0.0292549133300781 -0.62677001953125 -0.49432373046875
0.00721168518066407 0.0277690887451172 -0.59039306640625 0.1685791015625
0.0381927490234375 -0.00419998168945313 -0.280426025390625 0.39227294921875
0.0337333679199219 -0.0271568298339844 0.039031982421875 0.3114013671875
-0.0222339630126953 -0.00372886657714843 0.195663452148437 0.117233276367188
-0.0112953186035156 -0.0206794738769531 -0.15557861328125 -0.156707763671875
0.044708251953125 -0.0193061828613281 0.07659912109375 -0.299957275390625
0.0532798767089844 -0.00159454345703125 0.41265869140625 -0.225738525390625
0.0155601501464844 0.0429534912109375 0.6678466796875 0.1689453125
-0.0190467834472656 0.0509490966796875 0.3660888671875 0.76300048828125
-0.00195503234863281 -0.0203914642333984 -0.32403564453125 0.873046875
0.0128631591796875 -0.014704704284668 -0.58148193359375 0.3580322265625
0.0511932373046875 0.00408172607421875 0.0901718139648438 0.041229248046875
0.0382041931152344 -0.0300483703613281 0.63037109375 -0.4339599609375
0.00543975830078125 -0.0093536376953125 0.1444091796875 -0.91119384765625
-0.00722694396972656 0.0327606201171875 -0.6070556640625 -0.517578125
0.0139560699462891 0.0305004119873047 -0.5946044921875 0.146728515625
0.0440559387207031 -0.00287628173828125 -0.29193115234375 0.377655029296875
0.0344524383544922 -0.0316104888916016 0.029296875 0.30419921875
-0.0214366912841797 -0.00888252258300781 0.191360473632813 0.112472534179688
-0.0128746032714844 0.0212650299072266 -0.184127807617188 -0.142242431640625
0.00835609436035156 0.021209716796875 0.030914306640625 -0.31268310546875
-0.0132999420166016 0.0238876342773438 0.354522705078125 -0.303466796875
-0.0458259582519531 0.0281448364257813 0.6519775390625 0.01702880859375
-0.0334796905517578 0.0145416259765625 0.4833984375 0.65081787109375
0.00954055786132813 -0.030853271484375 -0.1500244140625 0.91656494140625
0.00927639007568359 0.0139713287353516 -0.5640869140625 0.47296142578125
0.0235404968261719 0.0370597839355469 -0.003387451171875 0.0780105590820312
0.0527801513671875 0.00589370727539063 0.68072509765625 -0.31512451171875
0.0412406921386719 -0.0230216979980469 0.33673095703125 -0.894775390625
-0.0202484130859375 -0.014434814453125 -0.505859375 -0.66766357421875
-0.0531349182128906 0.0230026245117187 -0.636474609375 0.0167236328125
-0.0216541290283203 0.0258941650390625 -0.34228515625 0.324920654296875
0.000440597534179688 0.0139551162719727 0.011322021484375 0.305999755859375
-0.0165939331054688 0.0226879119873047 0.1904296875 0.112686157226563
-0.0120697021484375 0.0181961059570312 -0.178115844726562 -0.135101318359375
0.0119705200195313 0.0198707580566406 0.046661376953125 -0.302032470703125
-0.0089263916015625 0.0202846527099609 0.371734619140625 -0.277984619140625
-0.0427970886230469 0.0242691040039062 0.65380859375 0.061767578125
-0.0329456329345703 0.0158462524414062 0.4454345703125 0.68768310546875
0.00667953491210937 -0.0222949981689453 -0.2117919921875 0.914794921875
-0.00128936767578125 0.0220870971679688 -0.58538818359375 0.44976806640625
0.00833892822265625 0.037506103515625 0.00830841064453125 0.070831298828125
0.0376052856445313 0.007568359375 0.65643310546875 -0.3472900390625
0.0304164886474609 -0.0152034759521484 0.27386474609375 -0.9033203125
-0.0227489471435547 -0.00682640075683593 -0.54541015625 -0.62225341796875
-0.0482292175292969 0.0247154235839844 -0.6298828125 0.05908203125
-0.0149707794189453 0.0218276977539063 -0.325592041015625 0.34735107421875
0.00561237335205078 0.0117835998535156 0.021484375 0.314849853515625
-0.0191402435302734 0.0226097106933594 0.192123413085938 0.118942260742188
-0.015080451965332 0.0127201080322266 -0.172149658203125 -0.13330078125
0.0189075469970703 0.0171947479248047 0.056884765625 -0.29119873046875
-0.00051593780517578 0.0143241882324219 0.38531494140625 -0.25048828125
-0.0369834899902344 0.0253028869628906 0.65191650390625 0.11212158203125
-0.0312767028808594 0.0217628479003906 0.4000244140625 0.72369384765625
0.00266551971435547 -0.0151357650756836 -0.2708740234375 0.9066162109375
-0.0126228332519531 0.0264453887939453 -0.60247802734375 0.41790771484375
-0.00384902954101563 0.0354843139648437 0.0293006896972656 0.0608940124511719
0.0255813598632813 0.00752639770507813 0.63739013671875 -0.38018798828125
0.0212821960449219 -0.00773048400878906 0.20758056640625 -0.90386962890625
-0.0208473205566406 0.00397872924804687 -0.58148193359375 -0.573974609375
-0.0392913818359375 0.0246086120605469 -0.6195068359375 0.1051025390625
-0.00402450561523437 0.0185680389404297 -0.305816650390625 0.369293212890625
0.012476921081543 0.00806140899658203 0.034942626953125 0.318572998046875
-0.0201740264892578 0.020660400390625 0.195541381835938 0.124526977539062
-0.0140485763549805 0.00830173492431641 -0.167495727539062 -0.132781982421875
0.0249156951904297 0.0101242065429688 0.06817626953125 -0.28485107421875
0.011021614074707 0.0103416442871094 0.40008544921875 -0.22589111328125
-0.0280342102050781 0.0264110565185547 0.653564453125 0.155517578125
-0.0300312042236328 0.0286064147949219 0.36114501953125 0.7596435546875
0.000893592834472657 -0.0106029510498047 -0.325439453125 0.8970947265625
-0.0170269012451172 0.0224819183349609 -0.61334228515625 0.3865966796875
-0.00348472595214843 0.0324459075927734 0.0499000549316406 0.0506935119628906
0.0189418792724609 0.00322723388671875 0.61767578125 -0.41522216796875
0.013066291809082 -0.00448989868164063 0.147705078125 -0.90478515625
-0.0175609588623047 0.0123834609985352 -0.61181640625 -0.53033447265625
-0.0274085998535156 0.0266990661621094 -0.60650634765625 0.141845703125
0.00806522369384766 0.00999927520751953 -0.289276123046875 0.3865966796875
0.0199604034423828 -0.00040435791015625 0.04345703125 0.320068359375
-0.0224189758300781 0.0153293609619141 0.197906494140625 0.12481689453125
-0.0129194259643555 9.53674316406265E-05 -0.16058349609375 -0.135986328125
0.0328044891357422 0.00330162048339844 0.07501220703125 -0.279998779296875
0.0266990661621094 0.00695037841796875 0.411163330078125 -0.20965576171875
-0.0159263610839844 0.0308914184570313 0.65338134765625 0.18414306640625
-0.0265083312988281 0.0373344421386719 0.3375244140625 0.781005859375
-0.00274467468261719 -0.00867319107055664 -0.36090087890625 0.88543701171875
-0.0165290832519531 0.0178394317626953 -0.61541748046875 0.365478515625
0.000295639038085936 0.0247554779052734 0.0684738159179688 0.0428924560546875
0.0176296234130859 -0.0027008056640625 0.60931396484375 -0.4371337890625
0.00836896896362305 -0.00129222869873047 0.11248779296875 -0.90478515625
-0.0142230987548828 0.0206985473632812 -0.6279296875 -0.4967041015625
-0.0122413635253906 0.0256099700927734 -0.59674072265625 0.16607666015625
0.0203094482421875 0.00419235229492188 -0.277252197265625 0.397430419921875
0.0254764556884766 -0.00955963134765625 0.049560546875 0.319061279296875
-0.0231304168701172 0.0105457305908203 0.199432373046875 0.12603759765625
-0.0123481750488281 -0.00716876983642578 -0.158523559570312 -0.141845703125
0.0418777465820313 -0.00298690795898438 0.079620361328125 -0.2825927734375
0.0383186340332031 0.00331497192382813 0.41644287109375 -0.2041015625
-0.00316238403320312 0.0372428894042969 0.65936279296875 0.1986083984375
-0.0253982543945313 0.0437240600585937 0.32965087890625 0.7880859375
-0.00318527221679688 -0.0130796432495117 -0.37158203125 0.8785400390625
-0.0096273422241211 0.00893306732177734 -0.60870361328125 0.35321044921875
0.0159521102905273 0.0170297622680664 0.0837249755859375 0.0388641357421875
0.0210151672363281 -0.0128936767578125 0.60565185546875 -0.452880859375
0.00662803649902344 -0.00343704223632813 0.0953979492187499 -0.90850830078125
-0.0107173919677734 0.0260124206542969 -0.6375732421875 -0.4835205078125
-0.00171661376953125 0.0265884399414063 -0.59088134765625 0.177490234375
0.0309276580810547 -0.00205230712890625 -0.273223876953125 0.40020751953125
0.0295963287353516 -0.0198383331298828 0.046630859375 0.3173828125
-0.0234928131103516 0.00362968444824219 0.198638916015625 0.12322998046875
-0.0115690231323242 -0.0158195495605469 -0.156661987304688 -0.149551391601563
0.0445137023925781 -0.0118217468261719 0.0792236328125 -0.289886474609375
0.0488510131835938 0.00161361694335938 0.421661376953125 -0.21136474609375
0.00815963745117187 0.0425071716308594 0.66796875 0.1907958984375
-0.0213699340820312 0.0496063232421875 0.3441162109375 0.78485107421875
-0.00237178802490234 -0.0156335830688477 -0.3564453125 0.87933349609375
0.000641226768493652 -0.00195682048797607 -0.59771728515625 0.3531494140625
0.0334434509277344 0.00958442687988281 0.0904159545898438 0.0379791259765625
0.0260200500488281 -0.0216846466064453 0.61553955078125 -0.454833984375
0.00425910949707031 -0.00580120086669922 0.10577392578125 -0.91168212890625
-0.00751113891601562 0.0298213958740234 -0.6318359375 -0.49139404296875
0.008392333984375 0.0280876159667969 -0.59063720703125 0.17327880859375
0.0388336181640625 -0.00422286987304688 -0.2789306640625 0.397308349609375
0.0324859619140625 -0.0288257598876953 0.041412353515625 0.312652587890625
-0.0219650268554688 -0.00182151794433593 0.1978759765625 0.117141723632813
-0.0110626220703125 -0.0200443267822266 -0.159515380859375 -0.158065795898438
0.0457725524902344 -0.0181159973144531 0.072906494140625 -0.30181884765625
0.0518531799316406 -0.00128173828125 0.413482666015625 -0.230743408203125
0.0149421691894531 0.0452651977539062 0.677734375 0.162841796875
-0.0196800231933594 0.0530471801757813 0.3782958984375 0.763427734375
-0.000997543334960938 -0.0202579498291016 -0.31683349609375 0.88043212890625
0.0122032165527344 -0.0126829147338867 -0.5809326171875 0.3646240234375
0.0522804260253906 0.0041351318359375 0.0888900756835938 0.0418930053710938
0.0369071960449219 -0.0301284790039063 0.6331787109375 -0.442626953125
0.00657272338867188 -0.0109739303588867 0.14031982421875 -0.9158935546875
-0.00452041625976563 0.0311183929443359 -0.616455078125 -0.5164794921875
0.0149307250976563 0.0310821533203125 -0.59613037109375 0.1512451171875
0.0432243347167969 -0.0034027099609375 -0.290924072265625 0.38519287109375
0.0346088409423828 -0.0339794158935547 0.031951904296875 0.308135986328125
-0.020416259765625 -0.00877952575683593 0.193801879882813 0.113067626953125
-0.0115737915039063 0.0215930938720703 -0.187789916992188 -0.1419677734375
0.00862503051757812 0.0203189849853516 0.028228759765625 -0.314483642578125
-0.011871337890625 0.0248031616210937 0.35284423828125 -0.30755615234375
-0.0448417663574219 0.0285453796386719 0.65557861328125 0.0111083984375
-0.0331783294677734 0.0147743225097656 0.49310302734375 0.6466064453125
0.0087127685546875 -0.0305824279785156 -0.141357421875 0.9207763671875
0.0126438140869141 0.0142526626586914 -0.5643310546875 0.4801025390625
0.0240669250488281 0.0374412536621094 -0.00408172607421875 0.0795745849609375
0.0533599853515625 0.00585174560546875 0.681396484375 -0.32244873046875
0.0413780212402344 -0.0237350463867188 0.332275390625 -0.90118408203125
-0.020599365234375 -0.0144634246826172 -0.51446533203125 -0.66595458984375
-0.0531272888183594 0.0247573852539063 -0.6390380859375 0.02325439453125
-0.021942138671875 0.0264492034912109 -0.342071533203125 0.328460693359375
0.000890731811523436 0.0146579742431641 0.0135498046875 0.30877685546875
-0.0151767730712891 0.0249862670898438 0.193191528320313 0.112442016601563
-0.0124912261962891 0.0206069946289062 -0.180694580078125 -0.134414672851563
0.0136013031005859 0.0201511383056641 0.0423583984375 -0.30438232421875
-0.00884056091308594 0.0202445983886719 0.371368408203125 -0.281280517578125
-0.0419807434082031 0.0244102478027344 0.6571044921875 0.0535888671875
-0.0316562652587891 0.0175266265869141 0.45562744140625 0.68609619140625
0.0074462890625 -0.0232162475585938 -0.201171875 0.92144775390625
-0.00180625915527344 0.0223598480224609 -0.5845947265625 0.4566650390625
0.0055694580078125 0.038604736328125 0.00844573974609374 0.0689353942871094
0.0365447998046875 0.00747299194335937 0.6583251953125 -0.35186767578125
0.0319919586181641 -0.0160198211669922 0.26751708984375 -0.90802001953125
-0.0217609405517578 -0.00679588317871094 -0.55474853515625 -0.62078857421875
-0.0487022399902344 0.0257148742675781 -0.63177490234375 0.0652465820312499
-0.0150108337402344 0.0231094360351563 -0.323883056640625 0.354034423828125
0.00710582733154297 0.0115737915039063 0.025177001953125 0.31646728515625
-0.0170269012451172 0.0244884490966797 0.195205688476563 0.116226196289063
-0.0143947601318359 0.0139427185058594 -0.175140380859375 -0.13153076171875
0.0194568634033203 0.0147190093994141 0.05389404296875 -0.29400634765625
-0.000244140625 0.0173101425170898 0.387176513671875 -0.25396728515625
-0.0354461669921875 0.0256271362304688 0.658447265625 0.1051025390625
-0.0306739807128906 0.0221080780029297 0.41229248046875 0.72412109375
0.00441837310791015 -0.0149354934692383 -0.262939453125 0.9122314453125
-0.0123805999755859 0.0273361206054688 -0.60107421875 0.4246826171875
-0.00415992736816406 0.0345878601074219 0.0266838073730469 0.0615196228027344
0.0257377624511719 0.0084686279296875 0.636474609375 -0.38671875
0.021026611328125 -0.0101509094238281 0.1995849609375 -0.90814208984375
-0.0201320648193359 0.00252342224121094 -0.59063720703125 -0.571044921875
-0.03863525390625 0.0258750915527344 -0.6219482421875 0.10772705078125
-0.00466251373291016 0.0167407989501953 -0.30340576171875 0.37457275390625
0.0108461380004883 0.00745773315429687 0.0379638671875 0.318511962890625
-0.0200099945068359 0.0218505859375 0.198211669921875 0.124008178710937
-0.0149765014648438 0.00904273986816406 -0.168853759765625 -0.13238525390625
0.0269412994384766 0.00969505310058594 0.06585693359375 -0.286285400390625
0.0133352279663086 0.00931072235107422 0.4019775390625 -0.23162841796875
-0.0271167755126953 0.0290565490722656 0.659423828125 0.1480712890625
-0.02911376953125 0.0282726287841797 0.373779296875 0.75933837890625
0.00205612182617187 -0.0136165618896484 -0.31854248046875 0.9046630859375
-0.0169143676757813 0.0256061553955078 -0.61151123046875 0.39422607421875
-0.00494384765625 0.0321331024169922 0.0498695373535156 0.0496025085449219
0.0190467834472656 0.00307464599609375 0.6163330078125 -0.421630859375
0.0143222808837891 -0.00531673431396484 0.14324951171875 -0.91015625
-0.018035888671875 0.0105648040771484 -0.6182861328125 -0.5286865234375
-0.0260829925537109 0.0271568298339844 -0.607177734375 0.148193359375
0.00786590576171875 0.0107975006103516 -0.286468505859375 0.391510009765625
0.0201950073242188 -0.00216293334960938 0.047882080078125 0.3218994140625
-0.0205402374267578 0.0184249877929687 0.200790405273438 0.124481201171875
-0.0130577087402344 -0.00128459930419922 -0.164657592773438 -0.136077880859375
0.0351753234863281 0.00283050537109375 0.0738525390625 -0.282928466796875
0.0258617401123047 0.00706291198730469 0.412811279296875 -0.215667724609375
-0.0134735107421875 0.0334377288818359 0.65911865234375 0.17877197265625
-0.0269966125488281 0.0373191833496094 0.347412109375 0.77838134765625
-0.00201225280761719 -0.00994300842285156 -0.35382080078125 0.8900146484375
-0.0163631439208984 0.0202159881591797 -0.61395263671875 0.3692626953125
0.00271797180175781 0.0257854461669922 0.0675468444824219 0.0444602966308594
0.0164155960083008 -0.00380611419677734 0.6075439453125 -0.44189453125
0.00920677185058594 -0.00385761260986328 0.1075439453125 -0.91021728515625
-0.0136089324951172 0.0202503204345703 -0.635498046875 -0.4942626953125
-0.0130462646484375 0.0270271301269531 -0.59576416015625 0.174072265625
0.0187606811523438 0.00273323059082031 -0.275726318359375 0.402496337890625
0.0255794525146484 -0.0106525421142578 0.0535888671875 0.322296142578125
-0.0220260620117188 0.0117816925048828 0.20037841796875 0.126632690429688
-0.0129232406616211 -0.00790691375732422 -0.16143798828125 -0.141311645507813
0.0413894653320313 -0.00461578369140625 0.075775146484375 -0.285797119140625
0.0397529602050781 0.00376129150390625 0.41766357421875 -0.20928955078125
-0.00292587280273437 0.0398025512695313 0.66552734375 0.1912841796875
-0.0250015258789062 0.0421714782714844 0.3388671875 0.7899169921875
-0.001434326171875 -0.0136165618896484 -0.36676025390625 0.8834228515625
-0.00834560394287109 0.009918212890625 -0.60791015625 0.35870361328125
0.0152425765991211 0.0173101425170898 0.0833587646484375 0.0380935668945313
0.0226383209228516 -0.0127182006835938 0.6055908203125 -0.4578857421875
0.00467157363891602 -0.00391435623168945 0.0882568359375001 -0.9139404296875
-0.00960922241210938 0.0252761840820313 -0.64324951171875 -0.480712890625
-0.00163650512695312 0.0266151428222656 -0.59283447265625 0.1824951171875
0.0298786163330078 -0.00250244140625 -0.271484375 0.405792236328125
0.0308399200439453 -0.0205726623535156 0.053375244140625 0.318511962890625
-0.0225944519042969 0.00553512573242188 0.201461791992188 0.122177124023437
-0.012333869934082 -0.0138101577758789 -0.160919189453125 -0.148178100585938
0.0449714660644531 -0.0124931335449219 0.075927734375 -0.2933349609375
0.0483741760253906 0.00101089477539063 0.420654296875 -0.217620849609375
0.00870132446289063 0.0423355102539063 0.675537109375 0.18212890625
-0.0218048095703125 0.0498085021972656 0.3515625 0.78289794921875
-0.00172042846679687 -0.0177574157714844 -0.34918212890625 0.884765625
0.0016554594039917 -0.00215351581573486 -0.59814453125 0.360107421875
0.0321617126464844 0.0105686187744141 0.0906448364257813 0.0379257202148438
0.0248470306396484 -0.0215644836425781 0.61566162109375 -0.46124267578125
0.00380802154541016 -0.00670671463012695 0.0980224609375001 -0.9171142578125
-0.00651359558105469 0.0298557281494141 -0.640625 -0.4862060546875
0.0100822448730469 0.0271167755126953 -0.59381103515625 0.17950439453125
0.0386810302734375 -0.00489425659179688 -0.2769775390625 0.402008056640625
0.03204345703125 -0.0292110443115234 0.0440673828125 0.3154296875
-0.0220432281494141 -0.000988006591796871 0.199417114257813 0.116806030273438
-0.0120677947998047 -0.0197563171386719 -0.162429809570313 -0.158584594726563
0.0467376708984375 -0.0187797546386719 0.069488525390625 -0.304443359375
0.0526924133300781 -0.00176620483398438 0.414642333984375 -0.2381591796875
0.0172691345214844 0.0458717346191406 0.68218994140625 0.1571044921875
-0.01763916015625 0.0525627136230469 0.38677978515625 0.76214599609375
-0.001495361328125 -0.0223426818847656 -0.30987548828125 0.88507080078125
0.0128211975097656 -0.0132217407226563 -0.57916259765625 0.37200927734375
0.0520286560058594 0.004791259765625 0.0902328491210938 0.0416030883789063
0.0360069274902344 -0.0307273864746094 0.63177490234375 -0.4481201171875
0.00556755065917969 -0.0128707885742188 0.1307373046875 -0.92083740234375
-0.00487327575683594 0.0303153991699219 -0.62286376953125 -0.51348876953125
0.0143070220947266 0.0311717987060547 -0.6005859375 0.15771484375
0.0425910949707031 -0.00506973266601563 -0.29071044921875 0.38848876953125
0.0336875915527344 -0.0330619812011719 0.0357666015625 0.310699462890625
-0.0207405090332031 -0.00873947143554687 0.196029663085938 0.111831665039063
-0.0118408203125 0.0223007202148437 -0.19036865234375 -0.140365600585938
0.0107097625732422 0.0204925537109375 0.025421142578125 -0.3182373046875
-0.0127429962158203 0.0256309509277344 0.352386474609375 -0.311737060546875
-0.0454521179199219 0.0311088562011719 0.65863037109375 0.00177001953125
-0.0316410064697266 0.0149440765380859 0.5013427734375 0.6439208984375
0.0101375579833984 -0.0312156677246094 -0.131591796875 0.92498779296875
0.0110902786254883 0.0156307220458984 -0.55841064453125 0.48577880859375
0.024871826171875 0.0379676818847656 -0.00469970703125 0.0792160034179688
0.0536384582519531 0.003814697265625 0.68145751953125 -0.32568359375
0.0413169860839844 -0.0254631042480469 0.32366943359375 -0.90594482421875
-0.0204486846923828 -0.0153827667236328 -0.5238037109375 -0.66357421875
-0.0524177551269531 0.0247917175292969 -0.640380859375 0.0277709960937501
-0.0210189819335937 0.0265522003173828 -0.338165283203125 0.3331298828125
0.000298500061035155 0.0128536224365234 0.017486572265625 0.309539794921875
-0.0158195495605469 0.0260868072509766 0.194976806640625 0.11187744140625
-0.0124626159667969 0.0211277008056641 -0.184982299804688 -0.132858276367188
0.0141181945800781 0.0197544097900391 0.03857421875 -0.3072509765625
-0.00696945190429688 0.0217685699462891 0.369964599609375 -0.28643798828125
-0.0435523986816406 0.0260581970214844 0.6607666015625 0.047607421875
-0.0321521759033203 0.0157432556152344 0.46441650390625 0.68133544921875
0.00890541076660156 -0.0244941711425781 -0.19219970703125 0.92437744140625
0.000135421752929685 0.0255870819091797 -0.5826416015625 0.46282958984375
0.00795364379882812 0.0399742126464844 0.00880813598632812 0.0700759887695313
0.0377235412597656 0.00801467895507813 0.6588134765625 -0.358642578125
0.0298671722412109 -0.0186843872070313 0.2615966796875 -0.91485595703125
-0.0199527740478516 -0.00743865966796875 -0.5628662109375 -0.6207275390625
-0.0491065979003906 0.02587890625 -0.63494873046875 0.0706787109374999
-0.0163936614990234 0.0229568481445313 -0.323333740234375 0.357025146484375
0.00489044189453125 0.0124654769897461 0.028656005859375 0.317291259765625
-0.0185775756835938 0.0256576538085938 0.196640014648438 0.1181640625
-0.0132789611816406 0.016179084777832 -0.177749633789063 -0.130035400390625
0.0198497772216797 0.0152759552001953 0.051513671875 -0.295806884765625
-0.00111961364746094 0.0149526596069336 0.387237548828125 -0.26202392578125
-0.0342979431152344 0.0271892547607422 0.66168212890625 0.09820556640625
-0.0291252136230469 0.0224285125732422 0.42108154296875 0.72027587890625
0.00568008422851563 -0.0167655944824219 -0.25433349609375 0.91748046875
-0.0109691619873047 0.0270843505859375 -0.5997314453125 0.43328857421875
-0.0037994384765625 0.0362663269042969 0.0273475646972656 0.060821533203125
0.0254268646240234 0.00628471374511719 0.63385009765625 -0.39105224609375
0.0221462249755859 -0.00885772705078125 0.1907958984375 -0.91412353515625
-0.0215568542480469 0.00379753112792969 -0.5980224609375 -0.5672607421875
-0.040069580078125 0.0253028869628906 -0.621826171875 0.11602783203125
-0.00425434112548828 0.017359733581543 -0.301605224609375 0.37738037109375
0.011962890625 0.0061187744140625 0.040130615234375 0.3223876953125
-0.0189590454101563 0.0212345123291016 0.199615478515625 0.124588012695312
-0.014134407043457 0.00895500183105469 -0.171493530273438 -0.131683349609375
0.0277023315429688 0.00860786437988281 0.063232421875 -0.290435791015625
0.0131778717041016 0.0103034973144531 0.401092529296875 -0.2366943359375
-0.0273017883300781 0.0281238555908203 0.66357421875 0.13885498046875
-0.0268096923828125 0.0303516387939453 0.38470458984375 0.7568359375
0.00172328948974609 -0.0134658813476563 -0.30963134765625 0.91015625
-0.0133781433105469 0.0268344879150391 -0.61334228515625 0.40032958984375
-0.00533294677734375 0.0350074768066406 0.0489425659179687 0.052734375
0.0204257965087891 0.00324630737304688 0.61590576171875 -0.4244384765625
0.0141353607177734 -0.00569820404052734 0.13330078125 -0.91632080078125
-0.0190029144287109 0.00921630859375 -0.62725830078125 -0.5233154296875
-0.0251922607421875 0.0279445648193359 -0.6090087890625 0.1544189453125
0.00691699981689453 0.01165771484375 -0.283172607421875 0.39593505859375
0.0184993743896484 -0.00146675109863281 0.052093505859375 0.3218994140625
-0.0188179016113281 0.0191173553466797 0.203887939453125 0.123748779296875
-0.0132350921630859 0.00204658508300781 -0.166458129882813 -0.135711669921875
0.0347023010253906 0.00233650207519531 0.06982421875 -0.28741455078125
0.0265445709228516 0.00639533996582031 0.412811279296875 -0.218994140625
-0.015289306640625 0.0324897766113281 0.66595458984375 0.1708984375
-0.0263748168945312 0.0379409790039063 0.3590087890625 0.77752685546875
0.000215530395507813 -0.0110311508178711 -0.344970703125 0.89813232421875
-0.0146636962890625 0.0197772979736328 -0.611328125 0.37847900390625
0.000129699707031249 0.0256404876708984 0.0677566528320313 0.0433502197265625
0.016566276550293 -0.003814697265625 0.6070556640625 -0.4486083984375
0.00896835327148438 -0.00232410430908203 0.0975341796875001 -0.9130859375
-0.0131683349609375 0.0199394226074219 -0.6439208984375 -0.489990234375
-0.0131931304931641 0.0281944274902344 -0.5977783203125 0.1810302734375
0.0195960998535156 0.004058837890625 -0.26934814453125 0.403717041015625
0.0257167816162109 -0.0120563507080078 0.0565185546875 0.3238525390625
-0.0228614807128906 0.0138740539550781 0.205184936523438 0.125946044921875
-0.0129804611206055 -0.00593090057373047 -0.162857055664062 -0.141326904296875
0.0419044494628906 -0.00542068481445313 0.073974609375 -0.287933349609375
0.0379600524902344 0.00290298461914062 0.419891357421875 -0.2181396484375
-0.0021820068359375 0.0394020080566406 0.67156982421875 0.1826171875
-0.0246505737304687 0.0433197021484375 0.3515625 0.78662109375
-0.000543594360351562 -0.0129833221435547 -0.35736083984375 0.8878173828125
-0.00784111022949219 0.0106296539306641 -0.60711669921875 0.3653564453125
0.0153408050537109 0.0190486907958984 0.0827255249023438 0.0372848510742188
0.0194931030273437 -0.0119590759277344 0.60333251953125 -0.46435546875
0.00569677352905274 -0.00434541702270508 0.0792236328125 -0.9173583984375
-0.010040283203125 0.0249061584472656 -0.65191650390625 -0.4754638671875
-0.000665664672851565 0.0265045166015625 -0.592529296875 0.19195556640625
0.028228759765625 -0.00228500366210938 -0.2672119140625 0.41021728515625
0.0271453857421875 -0.0207977294921875 0.056976318359375 0.318450927734375
-0.0208148956298828 0.00618934631347656 0.203933715820313 0.12078857421875
-0.0127296447753906 -0.013310432434082 -0.162933349609375 -0.149261474609375
0.0461883544921875 -0.0138587951660156 0.07232666015625 -0.2952880859375
0.0492286682128906 0.000823974609375 0.421295166015625 -0.224884033203125
0.00836563110351562 0.0431327819824219 0.67828369140625 0.1748046875
-0.0215988159179687 0.0486488342285156 0.36346435546875 0.78216552734375
-0.00162887573242188 -0.0180568695068359 -0.34100341796875 0.88836669921875
0.00238728523254395 -0.00119638442993164 -0.5965576171875 0.365478515625
0.0328788757324219 0.0117950439453125 0.0901718139648437 0.0372161865234375
0.0257072448730469 -0.0224723815917969 0.6131591796875 -0.46661376953125
0.00478219985961914 -0.00761079788208008 0.09039306640625 -0.919921875
-0.00586700439453125 0.0292167663574219 -0.64715576171875 -0.4833984375
0.0108184814453125 0.0274658203125 -0.59326171875 0.186767578125
0.0388450622558594 -0.00625991821289063 -0.27484130859375 0.4072265625
0.0320796966552734 -0.0295238494873047 0.04931640625 0.3160400390625
-0.0216102600097656 -0.000621795654296872 0.20281982421875 0.117034912109375
-0.0106487274169922 -0.0208530426025391 -0.163223266601562 -0.157272338867188
0.0457687377929688 -0.0207176208496094 0.066619873046875 -0.310211181640625
0.0541610717773438 -0.00127029418945313 0.413177490234375 -0.245330810546875
0.0170402526855469 0.0465240478515625 0.6868896484375 0.1480712890625
-0.0169754028320312 0.0515365600585938 0.39715576171875 0.7603759765625
-0.00043296813964844 -0.0240383148193359 -0.30230712890625 0.8885498046875
0.0158958435058594 -0.0130414962768555 -0.57769775390625 0.3792724609375
0.05242919921875 0.00349807739257813 0.0886383056640625 0.040191650390625
0.0368423461914063 -0.0299263000488281 0.6298828125 -0.45343017578125
0.0050811767578125 -0.0110759735107422 0.124267578125 -0.92578125
-0.00506210327148438 0.0313091278076172 -0.62933349609375 -0.50921630859375
0.0178546905517578 0.0306491851806641 -0.598876953125 0.165771484375
0.0432624816894531 -0.00569534301757813 -0.287384033203125 0.3944091796875
0.0318164825439453 -0.0347461700439453 0.037445068359375 0.312408447265625
-0.019866943359375 -0.0076141357421875 0.198989868164063 0.1121826171875
-0.00980186462402344 0.0241355895996094 -0.19390869140625 -0.140411376953125
0.00897216796875 0.0201683044433594 0.0218505859375 -0.319122314453125
-0.0117378234863281 0.0251312255859375 0.34979248046875 -0.319366455078125
-0.0448951721191406 0.0319175720214844 0.66131591796875 -0.00665283203125
-0.0320816040039063 0.0140876770019531 0.514404296875 0.63934326171875
0.0103721618652344 -0.0346145629882813 -0.12298583984375 0.92657470703125
0.0134191513061523 0.0164480209350586 -0.55572509765625 0.4937744140625
0.0249137878417969 0.0393867492675781 -0.001617431640625 0.0803909301757813
0.0513267517089844 0.00419235229492188 0.6788330078125 -0.3341064453125
0.0401229858398438 -0.026397705078125 0.31707763671875 -0.913330078125
-0.02044677734375 -0.0159339904785156 -0.531005859375 -0.65985107421875
-0.0509719848632813 0.0261039733886719 -0.64385986328125 0.0364379882812499
-0.0229816436767578 0.0247821807861328 -0.3367919921875 0.338287353515625
-0.000313758850097655 0.0141620635986328 0.021636962890625 0.310821533203125
-0.0160694122314453 0.0270919799804688 0.196731567382813 0.111190795898438
-0.0108299255371094 0.022003173828125 -0.184539794921875 -0.133209228515625
0.0144424438476563 0.0184974670410156 0.034454345703125 -0.30963134765625
-0.007568359375 0.0204582214355469 0.3673095703125 -0.292999267578125
-0.0424957275390625 0.0278244018554688 0.6630859375 0.03753662109375
-0.0307884216308594 0.0165843963623047 0.47393798828125 0.6766357421875
0.00863265991210938 -0.0264511108398438 -0.181396484375 0.92913818359375
0.00123405456542969 0.0239543914794922 -0.57879638671875 0.46990966796875
0.006683349609375 0.0424423217773438 0.00939178466796874 0.07086181640625
0.0364608764648438 0.0061187744140625 0.65692138671875 -0.36566162109375
0.0314979553222656 -0.0170936584472656 0.25213623046875 -0.91876220703125
-0.0218353271484375 -0.00779533386230469 -0.5689697265625 -0.61517333984375
-0.0465126037597656 0.0266304016113281 -0.63458251953125 0.0780029296875001
-0.0149669647216797 0.0227794647216797 -0.318634033203125 0.360870361328125
0.00789260864257813 0.0119733810424805 0.03204345703125 0.3172607421875
-0.0164947509765625 0.0257854461669922 0.197097778320312 0.119186401367188
-0.0116157531738281 0.0168008804321289 -0.179885864257813 -0.132064819335937
0.0205879211425781 0.0147457122802734 0.046844482421875 -0.29779052734375
0.00052165985107422 0.0142879486083984 0.385589599609375 -0.26788330078125
-0.0371551513671875 0.0273017883300781 0.66668701171875 0.0882568359375
-0.0292892456054687 0.0220756530761719 0.435791015625 0.71978759765625
0.0058135986328125 -0.0181884765625 -0.24542236328125 0.9217529296875
-0.0101432800292969 0.0285930633544922 -0.59783935546875 0.439697265625
-0.00293731689453125 0.0382156372070313 0.0276565551757813 0.0621452331542969
0.0269069671630859 0.007293701171875 0.6337890625 -0.39837646484375
0.0221042633056641 -0.0110321044921875 0.18438720703125 -0.91937255859375
-0.0207462310791016 0.00100326538085938 -0.60699462890625 -0.56390380859375
-0.0364952087402344 0.0268592834472656 -0.6214599609375 0.1220703125
-0.00362777709960937 0.0173788070678711 -0.29656982421875 0.382598876953125
0.0117225646972656 0.00875186920166016 0.044586181640625 0.323455810546875
-0.0171833038330078 0.0252437591552734 0.204010009765625 0.121231079101563
-0.0135040283203125 0.009246826171875 -0.17340087890625 -0.130706787109375
0.0283317565917969 0.0100536346435547 0.05963134765625 -0.290435791015625
0.0136566162109375 0.00944137573242188 0.4002685546875 -0.2431640625
-0.0244827270507812 0.0298671722412109 0.6700439453125 0.13104248046875
-0.0284385681152344 0.028350830078125 0.39385986328125 0.7518310546875
0.00240421295166016 -0.0145235061645508 -0.30010986328125 0.91278076171875
-0.0142173767089844 0.0252513885498047 -0.61016845703125 0.40826416015625
-0.00407791137695312 0.0352668762207031 0.0502891540527344 0.0505943298339844
0.0186424255371094 0.00358390808105469 0.613037109375 -0.43280029296875
0.0132846832275391 -0.00773525238037109 0.1258544921875 -0.9215087890625
-0.0173826217651367 0.0112791061401367 -0.63470458984375 -0.51513671875
-0.0257167816162109 0.0271720886230469 -0.609619140625 0.16143798828125
0.00800228118896484 0.00938892364501953 -0.2802734375 0.39959716796875
0.0189895629882812 -0.00244522094726563 0.05426025390625 0.324188232421875
-0.0175151824951172 0.0208759307861328 0.204635620117188 0.123062133789063
-0.0124750137329102 0.00203990936279297 -0.17144775390625 -0.134078979492188
0.0358161926269531 0.00040435791015625 0.0670166015625 -0.289398193359375
0.0262851715087891 0.00730514526367187 0.409210205078125 -0.229095458984375
-0.0135078430175781 0.0329685211181641 0.6707763671875 0.16058349609375
-0.0257186889648438 0.0381736755371094 0.36993408203125 0.77301025390625
0.00010395050048828 -0.011805534362793 -0.3359375 0.90185546875
-0.0151157379150391 0.0205516815185547 -0.610107421875 0.38592529296875
-7.24792480468727E-05 0.0264835357666016 0.0672149658203125 0.0429420471191406
0.01495361328125 -0.00447654724121094 0.6036376953125 -0.454833984375
0.00816154479980469 -0.00339365005493164 0.0877685546874999 -0.9166259765625
-0.0124340057373047 0.0195789337158203 -0.6519775390625 -0.48345947265625
-0.0127315521240234 0.0263004302978516 -0.5966796875 0.18597412109375
0.0184993743896484 0.00193214416503906 -0.267425537109375 0.411651611328125
0.0247631072998047 -0.00953865051269531 0.060516357421875 0.324554443359375
-0.0204296112060547 0.0126132965087891 0.206222534179688 0.12371826171875
-0.0128774642944336 -0.00499439239501953 -0.165969848632813 -0.14093017578125
0.0435638427734375 -0.00551605224609375 0.07025146484375 -0.290252685546875
0.0404739379882813 0.00263595581054688 0.41754150390625 -0.223480224609375
-0.000701904296874997 0.0391845703125 0.67462158203125 0.1746826171875
-0.0231285095214844 0.0445098876953125 0.360107421875 0.78582763671875
-0.00213718414306641 -0.0157155990600586 -0.3485107421875 0.89349365234375
-0.00902462005615234 0.00946521759033203 -0.6041259765625 0.37200927734375
0.016845703125 0.0204753875732422 0.0814895629882812 0.0381622314453125
0.0183353424072266 -0.0115509033203125 0.601318359375 -0.469482421875
0.00444459915161133 -0.00521087646484375 0.07257080078125 -0.91851806640625
-0.00913238525390625 0.0236797332763672 -0.65985107421875 -0.46942138671875
-2.47955322265624E-05 0.0255622863769531 -0.59222412109375 0.19757080078125
0.0306224822998047 -0.00331878662109375 -0.26568603515625 0.413818359375
0.0284862518310547 -0.0227069854736328 0.058929443359375 0.322357177734375
-0.0224380493164063 0.00724220275878906 0.205474853515625 0.119537353515625
-0.012944221496582 -0.0132303237915039 -0.1654052734375 -0.149261474609375
0.0445098876953125 -0.0133743286132813 0.069366455078125 -0.2987060546875
0.049285888671875 2.6702880859375E-05 0.420379638671875 -0.231689453125
0.00971603393554687 0.0454254150390625 0.68377685546875 0.1650390625
-0.0185813903808594 0.0496177673339844 0.37554931640625 0.77691650390625
-0.00168037414550781 -0.0195236206054688 -0.33233642578125 0.8941650390625
0.00462007522583008 -0.00102567672729492 -0.59393310546875 0.3729248046875
0.0336971282958984 0.0122222900390625 0.0902252197265625 0.036712646484375
0.0239315032958984 -0.0235519409179688 0.61053466796875 -0.472900390625
0.0042414665222168 -0.00821447372436523 0.081787109375 -0.92547607421875
-0.00630950927734375 0.0291347503662109 -0.65435791015625 -0.47589111328125
0.0118122100830078 0.0269927978515625 -0.59356689453125 0.19305419921875
0.0380973815917969 -0.00585174560546875 -0.27069091796875 0.40972900390625
0.0314846038818359 -0.0301361083984375 0.05224609375 0.316925048828125
-0.0205669403076172 0.00145530700683594 0.205413818359375 0.115341186523438
-0.0116920471191406 -0.0189399719238281 -0.167999267578125 -0.156585693359375
0.046234130859375 -0.020904541015625 0.062957763671875 -0.3094482421875
0.0537376403808594 -0.00386428833007813 0.412841796875 -0.25048828125
0.0164985656738281 0.0466766357421875 0.6910400390625 0.139404296875
-0.0145149230957031 0.0530052185058594 0.40631103515625 0.75640869140625
-3.05175781249997E-05 -0.0244846343994141 -0.2928466796875 0.8936767578125
0.0144634246826172 -0.0129451751708984 -0.57623291015625 0.38580322265625
0.0519065856933594 0.005889892578125 0.0907211303710938 0.0399169921875
0.0364570617675781 -0.0315437316894531 0.62872314453125 -0.4593505859375
0.00505256652832031 -0.0118255615234375 0.11517333984375 -0.927734375
-0.00421333312988282 0.0304660797119141 -0.6363525390625 -0.5037841796875
0.01812744140625 0.0304374694824219 -0.59967041015625 0.1702880859375
0.0420265197753906 -0.005584716796875 -0.2843017578125 0.399322509765625
0.0318450927734375 -0.0347785949707031 0.04193115234375 0.31317138671875
-0.0222339630126953 -0.00430488586425781 0.201812744140625 0.10992431640625
-0.0101070404052734 0.0243206024169922 -0.195541381835938 -0.136962890625
0.0112438201904297 0.0192222595214844 0.015838623046875 -0.3214111328125
-0.0114841461181641 0.0248184204101563 0.3463134765625 -0.324737548828125
-0.0445213317871094 0.0325927734375 0.6636962890625 -0.014404296875
-0.0307655334472656 0.0149021148681641 0.51995849609375 0.6343994140625
0.0102443695068359 -0.0343208312988281 -0.1104736328125 0.92779541015625
0.0145835876464844 0.0161943435668945 -0.55059814453125 0.500457763671875
0.0253219604492188 0.0404891967773438 -0.00445556640625001 0.0802078247070313
0.0517387390136719 0.00452041625976562 0.67608642578125 -0.33978271484375
0.0407295227050781 -0.0264091491699219 0.3094482421875 -0.91748046875
-0.0212631225585938 -0.0158958435058594 -0.54022216796875 -0.65533447265625
-0.0500373840332031 0.0265884399414063 -0.64337158203125 0.0439453125000001
-0.023223876953125 0.0265922546386719 -0.333984375 0.34423828125
0.000187873840332032 0.0135030746459961 0.0244140625 0.3126220703125
-0.0147209167480469 0.0291252136230469 0.198135375976563 0.10986328125
-0.0114002227783203 0.0239849090576172 -0.188751220703125 -0.131240844726563
0.0141868591308594 0.0185222625732422 0.030487060546875 -0.30963134765625
-0.00781059265136719 0.0201587677001953 0.364044189453125 -0.299835205078125
-0.0404090881347656 0.0298576354980469 0.66619873046875 0.03021240234375
-0.0303840637207031 0.0172901153564453 0.48675537109375 0.67144775390625
0.00848770141601562 -0.0256690979003906 -0.1717529296875 0.93109130859375
0.00119781494140625 0.0252037048339844 -0.57440185546875 0.4774169921875
0.00658798217773438 0.0414886474609375 0.00797271728515625 0.0694198608398438
0.0360069274902344 0.00719451904296875 0.65496826171875 -0.36993408203125
0.0295295715332031 -0.0201301574707031 0.242919921875 -0.92205810546875
-0.0211734771728516 -0.00678062438964844 -0.5767822265625 -0.609130859375
-0.0464706420898438 0.0271224975585938 -0.63519287109375 0.085205078125
-0.0152645111083984 0.0227832794189453 -0.31744384765625 0.366180419921875
0.00516700744628906 0.012730598449707 0.036224365234375 0.318206787109375
-0.0161647796630859 0.0282821655273438 0.200088500976563 0.116104125976562
-0.0125465393066406 0.0192203521728516 -0.18304443359375 -0.130035400390625
0.0220050811767578 0.0131206512451172 0.04302978515625 -0.30023193359375
0.000823974609375001 0.0155830383300781 0.3812255859375 -0.273284912109375
-0.0360870361328125 0.0278663635253906 0.67242431640625 0.079345703125
-0.0285053253173828 0.0224189758300781 0.4427490234375 0.71319580078125
0.00681877136230469 -0.0201606750488281 -0.235107421875 0.92340087890625
-0.00873947143554688 0.0276985168457031 -0.590576171875 0.44525146484375
-0.003143310546875 0.0387725830078125 0.0271873474121094 0.0615577697753906
0.0247440338134766 0.00795364379882813 0.63116455078125 -0.4041748046875
0.0216617584228516 -0.0124015808105469 0.17413330078125 -0.92059326171875
-0.0204925537109375 0.00120925903320312 -0.61285400390625 -0.55792236328125
-0.0373573303222656 0.0264930725097656 -0.62188720703125 0.12994384765625
-0.00370693206787109 0.0165376663208008 -0.294769287109375 0.385406494140625
0.0111532211303711 0.00578975677490234 0.050079345703125 0.32379150390625
-0.0173778533935547 0.0253639221191406 0.204727172851563 0.120834350585938
-0.012608528137207 0.0114498138427734 -0.177032470703125 -0.1290283203125
0.0280818939208984 0.00829505920410156 0.0545654296875 -0.293609619140625
0.0122337341308594 0.0109052658081055 0.3990478515625 -0.249847412109375
-0.0253028869628906 0.0296497344970703 0.6724853515625 0.1226806640625
-0.0271549224853516 0.0277900695800781 0.4031982421875 0.74658203125
0.00212478637695312 -0.0154399871826172 -0.28997802734375 0.91851806640625
-0.0131816864013672 0.0271053314208984 -0.605224609375 0.41668701171875
-0.005584716796875 0.0346775054931641 0.0485763549804687 0.0500259399414063
0.0192718505859375 0.00225639343261719 0.6114501953125 -0.43756103515625
0.0140666961669922 -0.00842475891113281 0.11578369140625 -0.9205322265625
-0.0173511505126953 0.0107278823852539 -0.64117431640625 -0.51153564453125
-0.0253162384033203 0.0272388458251953 -0.607666015625 0.16851806640625
0.00773715972900391 0.0107440948486328 -0.277099609375 0.403076171875
0.0169057846069336 -0.00258731842041016 0.058380126953125 0.3267822265625
-0.0193309783935547 0.0211677551269531 0.20880126953125 0.123275756835938
-0.01300048828125 0.00319480895996094 -0.173797607421875 -0.132553100585938
0.0365104675292969 0.00023651123046875 0.06280517578125 -0.2908935546875
0.0273246765136719 0.00555610656738281 0.40814208984375 -0.233734130859375
-0.0131416320800781 0.0352096557617188 0.67388916015625 0.15496826171875
-0.0242042541503906 0.037567138671875 0.3797607421875 0.76995849609375
-0.00051593780517578 -0.0143680572509766 -0.3245849609375 0.9058837890625
-0.0145378112792969 0.0208263397216797 -0.6070556640625 0.39251708984375
0.0019989013671875 0.0279998779296875 0.0680198669433594 0.0427742004394531
0.0145654678344727 -0.0032806396484375 0.6007080078125 -0.45892333984375
0.00786256790161133 -0.0044102668762207 0.0805664062499999 -0.92041015625
-0.0127944946289063 0.0185470581054687 -0.6593017578125 -0.47894287109375
-0.0113010406494141 0.0275382995605469 -0.59747314453125 0.19378662109375
0.0209159851074219 0.00181770324707031 -0.263916015625 0.412933349609375
0.0229530334472656 -0.0124320983886719 0.0640869140625 0.32513427734375
-0.0208988189697266 0.0164051055908203 0.21002197265625 0.125167846679688
-0.013035774230957 -0.00492954254150391 -0.169692993164062 -0.139480590820313
0.0419807434082031 -0.00669097900390625 0.0670166015625 -0.292877197265625
0.0393028259277344 0.00257110595703125 0.41766357421875 -0.2301025390625
-0.000598907470703126 0.0405349731445313 0.6807861328125 0.16619873046875
-0.0214691162109375 0.0442237854003906 0.37152099609375 0.779052734375
-8.39233398437515E-05 -0.0160894393920898 -0.339111328125 0.89892578125
-0.00557708740234375 0.0107402801513672 -0.60296630859375 0.3807373046875
0.0150089263916016 0.0191421508789063 0.0810470581054688 0.03656005859375
0.0190296173095703 -0.0137939453125 0.5968017578125 -0.47528076171875
0.00534677505493164 -0.00494289398193359 0.06195068359375 -0.91998291015625
-0.00885963439941406 0.0250205993652344 -0.66534423828125 -0.46405029296875
0.00111198425292969 0.0258007049560547 -0.5914306640625 0.20623779296875
0.0288333892822266 -0.00338172912597656 -0.261016845703125 0.418212890625
0.0283985137939453 -0.02215576171875 0.06256103515625 0.322296142578125
-0.0222606658935547 0.00958442687988281 0.2086181640625 0.119338989257813
-0.0113496780395508 -0.011631965637207 -0.168136596679688 -0.148086547851563
0.046966552734375 -0.015777587890625 0.065216064453125 -0.30145263671875
0.0511360168457031 0.000202178955078125 0.417755126953125 -0.236419677734375
0.0121231079101563 0.0439872741699219 0.68731689453125 0.15679931640625
-0.0196151733398438 0.0487174987792969 0.38671875 0.77447509765625
-0.000457763671874999 -0.0198936462402344 -0.32159423828125 0.898681640625
0.00429677963256836 0.000158309936523438 -0.59100341796875 0.3797607421875
0.0336589813232422 0.0118541717529297 0.0897750854492188 0.0361099243164063
0.0248012542724609 -0.0228862762451172 0.6070556640625 -0.4798583984375
0.00321483612060547 -0.0082240104675293 0.0728759765624999 -0.9263916015625
-0.00555610656738281 0.0279541015625 -0.6607666015625 -0.47003173828125
0.0124988555908203 0.0277309417724609 -0.59246826171875 0.199951171875
0.0380210876464844 -0.00795745849609375 -0.266204833984375 0.4150390625
0.0307769775390625 -0.0302333831787109 0.05609130859375 0.31793212890625
-0.0198478698730469 0.00187873840332031 0.206954956054688 0.113845825195312
-0.011322021484375 -0.0188140869140625 -0.169113159179687 -0.156936645507813
0.047088623046875 -0.021392822265625 0.058837890625 -0.313568115234375
0.0545501708984375 -0.00462722778320313 0.410797119140625 -0.26055908203125
0.0188407897949219 0.0458412170410156 0.69488525390625 0.131103515625
-0.014434814453125 0.051849365234375 0.4168701171875 0.75347900390625
-0.000543594360351561 -0.0245742797851563 -0.28106689453125 0.89801025390625
0.0154142379760742 -0.010986328125 -0.57342529296875 0.3924560546875
0.0532608032226563 0.00442123413085938 0.0895767211914063 0.0395431518554688
0.0354042053222656 -0.0328636169433594 0.62530517578125 -0.46746826171875
0.0047922134399414 -0.0138492584228516 0.107421875 -0.93072509765625
-0.00184822082519531 0.0306129455566406 -0.6427001953125 -0.49932861328125
0.0189094543457031 0.0297813415527344 -0.59930419921875 0.178466796875
0.0422019958496094 -0.00538253784179688 -0.27960205078125 0.40380859375
0.0304183959960938 -0.0352287292480469 0.04534912109375 0.313812255859375
-0.0199813842773438 -0.00462722778320312 0.204635620117188 0.109420776367188
-0.00990104675292969 0.0257549285888672 -0.197952270507813 -0.13616943359375
0.0111732482910156 0.018341064453125 0.01226806640625 -0.322174072265625
-0.0114459991455078 0.0255088806152344 0.344818115234375 -0.331329345703125
-0.0427932739257813 0.0340728759765625 0.66583251953125 -0.0230712890625
-0.0300331115722656 0.0144329071044922 0.53125 0.62548828125
0.0118141174316406 -0.036865234375 -0.10064697265625 0.92962646484375
0.0150346755981445 0.0161933898925781 -0.54522705078125 0.506927490234375
0.0243339538574219 0.0409202575683594 -0.0040435791015625 0.0807266235351562
0.0501441955566406 0.00352096557617188 0.67572021484375 -0.34527587890625
0.0403327941894531 -0.0274276733398437 0.29876708984375 -0.92120361328125
-0.0204143524169922 -0.016998291015625 -0.5469970703125 -0.65032958984375
-0.0490150451660156 0.0279655456542969 -0.6448974609375 0.0498046875000001
-0.0218372344970703 0.0276908874511719 -0.3287353515625 0.347442626953125
-0.000135421752929689 0.0131254196166992 0.02911376953125 0.312896728515625
-0.0151195526123047 0.0299072265625 0.201568603515625 0.110122680664063
-0.0111083984375 0.0232143402099609 -0.191848754882813 -0.128646850585938
0.015477180480957 0.0162210464477539 0.02508544921875 -0.3116455078125
-0.00774383544921875 0.0215702056884766 0.363006591796875 -0.306121826171875
-0.0402984619140625 0.0320816040039063 0.66796875 0.0201416015625
-0.0308303833007813 0.0175819396972656 0.4937744140625 0.666015625
0.00841903686523438 -0.0284004211425781 -0.1614990234375 0.9306640625
0.00197792053222656 0.0245780944824219 -0.57135009765625 0.484130859375
0.00728988647460937 0.0435066223144531 0.00762176513671875 0.0712203979492188
0.0342617034912109 0.00628852844238281 0.65057373046875 -0.377197265625
0.0301342010498047 -0.0189704895019531 0.2353515625 -0.92376708984375
-0.0217685699462891 -0.0098419189453125 -0.584716796875 -0.60577392578125
-0.0452384948730469 0.0283164978027344 -0.633544921875 0.09149169921875
-0.0144786834716797 0.0239944458007813 -0.311004638671875 0.37042236328125
0.00427341461181641 0.0122976303100586 0.040435791015625 0.320343017578125
-0.0146961212158203 0.0294418334960937 0.202316284179688 0.116256713867188
-0.0128211975097656 0.0185298919677734 -0.185043334960937 -0.126235961914063
0.0202293395996094 0.0116539001464844 0.0390625 -0.301025390625
0.00196743011474609 0.0163021087646484 0.37890625 -0.280670166015625
-0.0364494323730469 0.0289459228515625 0.671875 0.06939697265625
-0.0263214111328125 0.0206146240234375 0.4530029296875 0.708251953125
0.00477409362792969 -0.0206489562988281 -0.22381591796875 0.92730712890625
-0.00690460205078125 0.0289268493652344 -0.58856201171875 0.45306396484375
-0.00185775756835938 0.03985595703125 0.0263900756835937 0.060577392578125
0.0259590148925781 0.00537300109863281 0.627685546875 -0.4102783203125
0.0216598510742188 -0.0137386322021484 0.16461181640625 -0.92291259765625
-0.021759033203125 0.000905990600585941 -0.6201171875 -0.5491943359375
-0.0340538024902344 0.0286750793457031 -0.6202392578125 0.13818359375
-0.00316810607910156 0.0168724060058594 -0.289337158203125 0.390960693359375
0.0117597579956055 0.00495719909667969 0.0521240234375 0.323638916015625
-0.0179939270019531 0.0269584655761719 0.20648193359375 0.119461059570313
-0.0136270523071289 0.0108003616333008 -0.178436279296875 -0.128021240234375
0.0297012329101563 0.00797080993652344 0.052398681640625 -0.294830322265625
0.0131349563598633 0.0104618072509766 0.39599609375 -0.257171630859375
-0.02490234375 0.0322513580322266 0.67572021484375 0.11474609375
-0.0270881652832031 0.0290260314941406 0.4136962890625 0.74365234375
0.00187492370605469 -0.0175600051879883 -0.279296875 0.9188232421875
-0.011444091796875 0.0279712677001953 -0.6005859375 0.4222412109375
-0.00410842895507812 0.035858154296875 0.0489311218261719 0.0495338439941406
0.0179309844970703 0.00384521484375 0.60919189453125 -0.444091796875
0.0125303268432617 -0.00858688354492187 0.1058349609375 -0.9268798828125
-0.0164813995361328 0.00975704193115234 -0.64715576171875 -0.5035400390625
-0.0237789154052734 0.0274295806884766 -0.60821533203125 0.1744384765625
0.0090780258178711 0.00908851623535156 -0.27069091796875 0.406005859375
0.0175447463989258 -0.00237464904785156 0.06280517578125 0.326751708984375
-0.0188179016113281 0.0234222412109375 0.210235595703125 0.121475219726563
-0.0129661560058594 0.00375652313232422 -0.174774169921875 -0.133453369140625
0.0361557006835938 7.62939453125E-06 0.05908203125 -0.29229736328125
0.0260200500488281 0.00513076782226563 0.406036376953125 -0.2392578125
-0.0115890502929688 0.0356330871582031 0.67730712890625 0.143310546875
-0.0240211486816406 0.0367393493652344 0.38897705078125 0.76300048828125
8.01086425781249E-05 -0.0166311264038086 -0.31463623046875 0.90606689453125
-0.0136394500732422 0.0215167999267578 -0.6036376953125 0.3983154296875
0.000240325927734375 0.0277519226074219 0.0674018859863281 0.0421409606933594
0.0148477554321289 -0.00284004211425781 0.59710693359375 -0.46636962890625
0.00772380828857422 -0.00478458404541016 0.0708007812500001 -0.92047119140625
-0.0124111175537109 0.0196628570556641 -0.66436767578125 -0.47222900390625
-0.00854110717773438 0.0278530120849609 -0.5924072265625 0.2003173828125
0.019012451171875 0.00271987915039062 -0.260284423828125 0.41680908203125
0.0234260559082031 -0.0131416320800781 0.06866455078125 0.324432373046875
-0.0215682983398437 0.0181713104248047 0.213165283203125 0.119964599609375
-0.012883186340332 -0.00481700897216797 -0.171340942382813 -0.138320922851562
0.0421409606933594 -0.00760650634765625 0.06280517578125 -0.296539306640625
0.0405311584472656 0.00183486938476563 0.414520263671875 -0.23455810546875
0.000362396240234378 0.0415420532226563 0.68328857421875 0.1588134765625
-0.019073486328125 0.0433464050292969 0.38311767578125 0.7755126953125
-0.000975608825683594 -0.0169506072998047 -0.32720947265625 0.90179443359375
-0.00378608703613281 0.0100746154785156 -0.59765625 0.38629150390625
0.016143798828125 0.0193080902099609 0.0812759399414063 0.0356369018554688
0.01763916015625 -0.01422119140625 0.594482421875 -0.4822998046875
0.00460481643676758 -0.00508975982666016 0.0529174804687499 -0.92205810546875
-0.00903511047363282 0.0231437683105469 -0.6707763671875 -0.45538330078125
0.00155830383300781 0.0280818939208984 -0.5888671875 0.21197509765625
0.0302791595458984 -0.00361442565917969 -0.25537109375 0.4212646484375
0.0266513824462891 -0.0234909057617188 0.0662841796875 0.32269287109375
-0.0200824737548828 0.0110454559326172 0.210540771484375 0.1185302734375
-0.0123357772827148 -0.0112075805664062 -0.17083740234375 -0.145721435546875
0.0459403991699219 -0.0169715881347656 0.06134033203125 -0.303466796875
0.0508956909179687 -0.00054168701171875 0.416259765625 -0.242919921875
0.0129127502441406 0.0447463989257813 0.6910400390625 0.1480712890625
-0.0163917541503906 0.0486106872558594 0.3975830078125 0.7686767578125
-0.000690460205078124 -0.0211830139160156 -0.31292724609375 0.9007568359375
0.00412750244140625 -0.000768899917602539 -0.5875244140625 0.38507080078125
0.0340118408203125 0.0118408203125 0.0892410278320313 0.0367660522460938
0.0238571166992187 -0.0232143402099609 0.6029052734375 -0.48394775390625
0.00240087509155273 -0.00870275497436523 0.06402587890625 -0.92767333984375
-0.00400733947753906 0.0290355682373047 -0.667724609375 -0.4615478515625
0.0127849578857422 0.0274620056152344 -0.59014892578125 0.205810546875
0.0383720397949219 -0.00792694091796875 -0.261871337890625 0.417388916015625
0.0294876098632813 -0.0309562683105469 0.06036376953125 0.318328857421875
-0.0195293426513672 0.00359344482421875 0.209487915039063 0.1123046875
-0.0120840072631836 -0.0175285339355469 -0.17333984375 -0.153732299804688
0.0465660095214844 -0.0231285095214844 0.05401611328125 -0.315277099609375
0.0548973083496094 -0.00391387939453125 0.408172607421875 -0.263916015625
0.0203895568847656 0.0465583801269531 0.697265625 0.11944580078125
-0.0135688781738281 0.0509452819824219 0.4285888671875 0.74627685546875
0.000839233398437503 -0.0273513793945313 -0.271240234375 0.9000244140625
0.017059326171875 -0.0114603042602539 -0.5692138671875 0.39715576171875
0.0523719787597656 0.00510406494140625 0.089202880859375 0.0387954711914063
0.0352325439453125 -0.0323410034179688 0.6204833984375 -0.47088623046875
0.00424766540527344 -0.0142240524291992 0.10028076171875 -0.9337158203125
-0.00354766845703125 0.0302677154541016 -0.64935302734375 -0.49005126953125
0.0197200775146484 0.0294761657714844 -0.59552001953125 0.18359375
0.0423583984375 -0.0069580078125 -0.274871826171875 0.407684326171875
0.0302505493164062 -0.0358390808105469 0.0506591796875 0.3148193359375
-0.0194549560546875 -0.00286483764648437 0.20550537109375 0.107025146484375
-0.00840950012207031 0.0251922607421875 -0.20025634765625 -0.133819580078125
0.0126075744628906 0.0198574066162109 0.00881958007812501 -0.32269287109375
-0.00991249084472656 0.0253753662109375 0.3409423828125 -0.337554931640625
-0.0430412292480469 0.0355072021484375 0.66656494140625 -0.03326416015625
-0.0291385650634766 0.0131244659423828 0.53875732421875 0.61944580078125
0.01025390625 -0.0373458862304687 -0.0911254882812501 0.92828369140625
0.0163612365722656 0.0164728164672852 -0.542083740234375 0.512115478515625
0.0260467529296875 0.0393218994140625 -0.00422668457031249 0.0795440673828125
0.0508308410644531 0.00247955322265625 0.67156982421875 -0.35296630859375
0.0401802062988281 -0.0280265808105469 0.29266357421875 -0.9228515625
-0.0199947357177734 -0.0171279907226562 -0.5545654296875 -0.64471435546875
-0.0493698120117187 0.0284423828125 -0.6441650390625 0.0570068359374999
-0.02044677734375 0.0268325805664063 -0.325103759765625 0.34991455078125
1.23977661132814E-05 0.0137443542480469 0.03216552734375 0.31414794921875
-0.0135784149169922 0.0321235656738281 0.202590942382812 0.10797119140625
-0.0100822448730469 0.0233821868896484 -0.19244384765625 -0.12841796875
0.0155582427978516 0.0175514221191406 0.022705078125 -0.313690185546875
-0.00778388977050782 0.0212078094482422 0.3599853515625 -0.310699462890625
-0.0399093627929687 0.0317573547363281 0.6693115234375 0.0103759765625
-0.0274410247802734 0.0167503356933594 0.50347900390625 0.65966796875
0.0099029541015625 -0.0271701812744141 -0.1524658203125 0.93572998046875
0.00192070007324219 0.025848388671875 -0.56396484375 0.4888916015625
0.00902175903320313 0.0414237976074219 0.006134033203125 0.0716705322265625
0.0367012023925781 0.00683975219726563 0.6488037109375 -0.38226318359375
0.0316886901855469 -0.0219688415527344 0.2255859375 -0.92547607421875
-0.0210819244384766 -0.00916481018066406 -0.59063720703125 -0.5994873046875
-0.0448722839355469 0.0290451049804687 -0.63458251953125 0.0971069335937499
-0.0154170989990234 0.0249748229980469 -0.30926513671875 0.373199462890625
0.00374031066894531 0.0132503509521484 0.043914794921875 0.319061279296875
-0.0143375396728516 0.0307388305664063 0.20465087890625 0.113861083984375
-0.0112934112548828 0.0171213150024414 -0.188629150390625 -0.123672485351562
0.0220108032226563 0.0154228210449219 0.035858154296875 -0.3033447265625
0.00291919708251953 0.015172004699707 0.376861572265625 -0.28564453125
-0.0341987609863281 0.0309238433837891 0.6715087890625 0.06201171875
-0.0275020599365234 0.0222663879394531 0.4635009765625 0.6998291015625
0.00733184814453125 -0.0223598480224609 -0.21490478515625 0.92706298828125
-0.00698661804199219 0.0303630828857422 -0.58367919921875 0.45953369140625
-0.00338363647460937 0.0393829345703125 0.0254936218261719 0.060638427734375
0.0244674682617188 0.00793075561523438 0.62255859375 -0.415771484375
0.0220623016357422 -0.0140933990478516 0.1568603515625 -0.92578125
-0.0203742980957031 0.000314712524414061 -0.6263427734375 -0.5455322265625
-0.0331707000732422 0.0279731750488281 -0.6201171875 0.14453125
-0.00279903411865234 0.0172386169433594 -0.285614013671875 0.39349365234375
0.0112028121948242 0.00524711608886719 0.05712890625 0.324554443359375
-0.0165634155273438 0.0286426544189453 0.20880126953125 0.117645263671875
-0.0112142562866211 0.0114707946777344 -0.182022094726563 -0.125823974609375
0.0279998779296875 0.00589942932128906 0.047576904296875 -0.296539306640625
0.0153312683105469 0.0108575820922852 0.393890380859375 -0.261505126953125
-0.0235919952392578 0.0329780578613281 0.6788330078125 0.10565185546875
-0.0260562896728516 0.0291843414306641 0.426025390625 0.73681640625
0.00299263000488281 -0.0190753936767578 -0.2703857421875 0.920654296875
-0.0101127624511719 0.0271244049072266 -0.5955810546875 0.4268798828125
-0.00420761108398437 0.036468505859375 0.0478477478027344 0.0502586364746094
0.0191059112548828 0.00153541564941406 0.604248046875 -0.44830322265625
0.0136585235595703 -0.010345458984375 0.0982666015625001 -0.9251708984375
-0.0174684524536133 0.00917625427246093 -0.652099609375 -0.4971923828125
-0.0222663879394531 0.0280227661132813 -0.60546875 0.18109130859375
0.00915908813476562 0.00933265686035156 -0.268829345703125 0.409515380859375
0.0188674926757813 -0.00359916687011719 0.067626953125 0.324951171875
-0.0184898376464844 0.0255107879638672 0.210739135742188 0.120468139648438
-0.0127096176147461 0.00354957580566406 -0.176010131835938 -0.129104614257812
0.0368995666503906 -0.0018463134765625 0.05523681640625 -0.293121337890625
0.0278739929199219 0.00478172302246094 0.4073486328125 -0.244598388671875
-0.0110549926757813 0.0370941162109375 0.6805419921875 0.1341552734375
-0.0222625732421875 0.0372581481933594 0.40045166015625 0.7584228515625
0.000418663024902345 -0.016758918762207 -0.306640625 0.90948486328125
-0.0112094879150391 0.0209846496582031 -0.5966796875 0.40289306640625
0.00131797790527344 0.0298671722412109 0.0671119689941406 0.0408210754394531
0.0141963958740234 -0.00293827056884766 0.59124755859375 -0.47161865234375
0.00672626495361328 -0.00422286987304688 0.0623779296875 -0.9202880859375
-0.0119953155517578 0.0169591903686523 -0.66778564453125 -0.463623046875
-0.00875663757324219 0.0268974304199219 -0.5926513671875 0.20623779296875
0.0197238922119141 0.00240135192871094 -0.256866455078125 0.419464111328125
0.0229301452636719 -0.0121345520019531 0.072906494140625 0.324859619140625
-0.0198040008544922 0.0199623107910156 0.212997436523438 0.121994018554688
-0.0120973587036133 -0.00403213500976562 -0.17333984375 -0.136489868164063
0.0425834655761719 -0.009368896484375 0.06036376953125 -0.297393798828125
0.041015625 -0.000667572021484375 0.41339111328125 -0.240692138671875
0.00200271606445312 0.0409660339355469 0.68499755859375 0.1488037109375
-0.0190544128417969 0.0438079833984375 0.39141845703125 0.768310546875
0.000108718872070312 -0.0194187164306641 -0.31683349609375 0.90380859375
-0.00320529937744141 0.0105915069580078 -0.59454345703125 0.38958740234375
0.0155677795410156 0.0208377838134766 0.0810012817382812 0.0360488891601563
0.017181396484375 -0.014155387878418 0.59136962890625 -0.4876708984375
0.00526857376098633 -0.00763177871704102 0.04522705078125 -0.91998291015625
-0.00672721862792969 0.0238552093505859 -0.67340087890625 -0.44915771484375
0.00324440002441406 0.0247554779052734 -0.58770751953125 0.2161865234375
0.0299186706542969 -0.00611114501953125 -0.2510986328125 0.425445556640625
0.0277156829833984 -0.0228652954101563 0.071197509765625 0.323089599609375
-0.0205593109130859 0.0117893218994141 0.214157104492188 0.116790771484375
-0.0124683380126953 -0.0113515853881836 -0.17340087890625 -0.1439208984375
0.0457267761230469 -0.0175323486328125 0.058868408203125 -0.3035888671875
0.0503807067871094 -0.00262451171875 0.4139404296875 -0.24981689453125
0.0138893127441406 0.0452880859375 0.695556640625 0.13995361328125
-0.0159072875976563 0.0485610961914063 0.40618896484375 0.7628173828125
4.76837158203142E-05 -0.0230846405029297 -0.30352783203125 0.90240478515625
0.00616598129272461 -0.000872135162353516 -0.58282470703125 0.3914794921875
0.0347385406494141 0.0115928649902344 0.0890426635742188 0.0358123779296875
0.0229892730712891 -0.0228595733642578 0.59930419921875 -0.49066162109375
0.00319957733154297 -0.00952816009521484 0.0533447265625001 -0.92889404296875
-0.00381088256835938 0.0271492004394531 -0.6712646484375 -0.455322265625
0.0131587982177734 0.0269832611083984 -0.587646484375 0.2138671875
0.0375442504882812 -0.00762557983398437 -0.257568359375 0.4207763671875
0.0288295745849609 -0.0306034088134766 0.064208984375 0.318603515625
-0.0198497772216797 0.00509452819824219 0.21240234375 0.112579345703125
-0.0107870101928711 -0.0166053771972656 -0.176193237304688 -0.155471801757812
0.0460968017578125 -0.0238533020019531 0.050445556640625 -0.31658935546875
0.0562095642089844 -0.00415420532226563 0.404815673828125 -0.270599365234375
0.0214309692382813 0.0460739135742188 0.70098876953125 0.11114501953125
-0.0122642517089844 0.0509147644042969 0.4376220703125 0.7398681640625
0.00087928771972656 -0.0268898010253906 -0.2625732421875 0.90045166015625
0.0168485641479492 -0.0135393142700195 -0.56378173828125 0.40325927734375
0.0541572570800781 0.005615234375 0.0887908935546875 0.0374298095703125
0.0328941345214844 -0.0330467224121094 0.61785888671875 -0.47882080078125
0.00417900085449219 -0.0135364532470703 0.08984375 -0.93377685546875
-0.00303840637207031 0.0297412872314453 -0.653564453125 -0.48321533203125
0.0216484069824219 0.0281581878662109 -0.59661865234375 0.19171142578125
0.0425987243652344 -0.00847244262695313 -0.272216796875 0.409027099609375
0.030517578125 -0.0352325439453125 0.054168701171875 0.314910888671875
-0.0192108154296875 -0.00294113159179687 0.207870483398438 0.1063232421875
-0.00764656066894531 0.0266208648681641 -0.20147705078125 -0.132705688476562
0.0125598907470703 0.0186405181884766 0.00305175781249997 -0.322845458984375
-0.0112953186035156 0.0254535675048828 0.33587646484375 -0.3421630859375
-0.0406570434570312 0.0361328125 0.6650390625 -0.04095458984375
-0.0294227600097656 0.0134849548339844 0.54559326171875 0.61065673828125
0.0101127624511719 -0.0379180908203125 -0.0802612304687501 0.92645263671875
0.0173273086547852 0.0164327621459961 -0.533111572265625 0.516632080078125
0.0263786315917969 0.040435791015625 -0.00371551513671875 0.0791168212890625
0.0515022277832031 0.00257110595703125 0.66802978515625 -0.35748291015625
0.0384330749511719 -0.0304641723632813 0.2847900390625 -0.92578125
-0.0197677612304687 -0.0181789398193359 -0.55816650390625 -0.63739013671875
-0.0487060546875 0.0276451110839844 -0.64129638671875 0.0633544921874999
-0.0225028991699219 0.0275287628173828 -0.32318115234375 0.35345458984375
-0.000337600708007813 0.0147943496704102 0.036163330078125 0.314453125
-0.0123786926269531 0.0316238403320313 0.203994750976562 0.107025146484375
-0.00940513610839844 0.025787353515625 -0.195144653320313 -0.12646484375
0.0153141021728516 0.0171966552734375 0.01763916015625 -0.312591552734375
-0.004364013671875 0.0210170745849609 0.35687255859375 -0.315673828125
-0.03955078125 0.0338172912597656 0.67083740234375 0.001220703125
-0.0274333953857422 0.0169029235839844 0.51129150390625 0.6529541015625
0.00881767272949219 -0.0313625335693359 -0.14056396484375 0.93231201171875
0.00422477722167969 0.0246829986572266 -0.557952880859375 0.49365234375
0.00732421875 0.04248046875 0.00772857666015625 0.0714035034179688
0.0382041931152344 0.00691604614257813 0.642578125 -0.387939453125
0.0284347534179687 -0.0216617584228516 0.21630859375 -0.92657470703125
-0.0221614837646484 -0.00880813598632813 -0.59490966796875 -0.59124755859375
-0.0424385070800781 0.0285987854003906 -0.63330078125 0.10565185546875
-0.0121631622314453 0.0233821868896484 -0.30352783203125 0.37567138671875
0.00346183776855469 0.0100994110107422 0.047607421875 0.320343017578125
-0.0125236511230469 0.0311546325683594 0.2061767578125 0.1138916015625
-0.00921630859375 0.0197162628173828 -0.188873291015625 -0.123977661132812
0.0208835601806641 0.0118503570556641 0.03118896484375 -0.30206298828125
0.00218868255615234 0.0149326324462891 0.37591552734375 -0.28961181640625
-0.0328769683837891 0.0326766967773438 0.674072265625 0.05450439453125
-0.0260772705078125 0.0226554870605469 0.47222900390625 0.6905517578125
0.00793075561523438 -0.0226993560791016 -0.2022705078125 0.92742919921875
-0.00580024719238281 0.0312328338623047 -0.5772705078125 0.46551513671875
-0.00124740600585938 0.0402755737304687 0.0255851745605469 0.058868408203125
0.0256099700927734 0.00629425048828125 0.6204833984375 -0.421630859375
0.0206031799316406 -0.0150585174560547 0.150146484375 -0.92584228515625
-0.0191516876220703 -0.000307083129882814 -0.6298828125 -0.53668212890625
-0.0342788696289063 0.0298538208007812 -0.6171875 0.150390625
-0.00262451171875 0.0179328918457031 -0.2835693359375 0.395599365234375
0.0121860504150391 0.00661182403564453 0.061187744140625 0.322021484375
-0.0156707763671875 0.0289363861083984 0.210052490234375 0.117156982421875
-0.0135421752929688 0.0145692825317383 -0.1837158203125 -0.126739501953125
0.0298252105712891 0.0054473876953125 0.04290771484375 -0.297637939453125
0.0148963928222656 0.0094156265258789 0.3917236328125 -0.267364501953125
-0.0218887329101563 0.0327510833740234 0.6796875 0.09765625
-0.024566650390625 0.0288810729980469 0.43341064453125 0.7305908203125
0.00344657897949219 -0.018646240234375 -0.260986328125 0.921142578125
-0.0107498168945312 0.0293083190917969 -0.59027099609375 0.4326171875
-0.00309371948242187 0.0375900268554688 0.0470085144042969 0.0486984252929688
0.0169849395751953 0.00302696228027344 0.59881591796875 -0.4541015625
0.0129632949829102 -0.00915813446044922 0.08978271484375 -0.924560546875
-0.0156126022338867 0.00779342651367188 -0.65643310546875 -0.48931884765625
-0.0231170654296875 0.0289287567138672 -0.60186767578125 0.1890869140625
0.00697708129882813 0.0102367401123047 -0.26275634765625 0.41229248046875
0.0155134201049805 -0.00285148620605469 0.069915771484375 0.326934814453125
-0.0155105590820312 0.0254650115966797 0.212936401367188 0.118621826171875
-0.0121631622314453 0.00374603271484375 -0.180221557617188 -0.127700805664063
0.0351982116699219 -0.00384140014648438 0.0528564453125 -0.295806884765625
0.0298900604248047 0.00454521179199219 0.402801513671875 -0.25164794921875
-0.00876235961914062 0.037872314453125 0.68170166015625 0.12713623046875
-0.0224075317382812 0.0363273620605469 0.40985107421875 0.75335693359375
0.00256729125976563 -0.0184402465820313 -0.29522705078125 0.91217041015625
-0.0115432739257813 0.0216903686523438 -0.59228515625 0.40838623046875
0.00245857238769531 0.0308475494384766 0.0652618408203125 0.0415840148925781
0.0131959915161133 -0.00390911102294922 0.58758544921875 -0.47552490234375
0.00895786285400391 -0.00730228424072266 0.05352783203125 -0.91998291015625
-0.0119438171386719 0.0170450210571289 -0.67132568359375 -0.4554443359375
-0.00791549682617187 0.0260238647460938 -0.59051513671875 0.21295166015625
0.0184345245361328 0.002685546875 -0.250762939453125 0.421142578125
0.0219631195068359 -0.0130367279052734 0.075897216796875 0.326629638671875
-0.0182685852050781 0.0193080902099609 0.213973999023437 0.11859130859375
-0.012171745300293 -0.00423812866210937 -0.176437377929688 -0.13555908203125
0.0428276062011719 -0.00886917114257813 0.055419921875 -0.29815673828125
0.0397682189941406 -0.000782012939453125 0.411041259765625 -0.247406005859375
0.00350189208984375 0.0412254333496094 0.687255859375 0.1378173828125
-0.0182380676269531 0.0424957275390625 0.40087890625 0.76068115234375
-0.00156784057617188 -0.0201091766357422 -0.30780029296875 0.90313720703125
-0.00403118133544922 0.0110454559326172 -0.58953857421875 0.39501953125
0.0151443481445313 0.0218048095703125 0.0810699462890625 0.0346450805664062
0.0174951553344727 -0.0129251480102539 0.5855712890625 -0.49237060546875
0.00390958786010742 -0.00638866424560547 0.0355834960937501 -0.9212646484375
-0.00686264038085937 0.0224628448486328 -0.6785888671875 -0.44232177734375
0.00465965270996094 0.0262565612792969 -0.5836181640625 0.22314453125
0.0306110382080078 -0.0053558349609375 -0.24407958984375 0.42767333984375
0.0260810852050781 -0.0220050811767578 0.076202392578125 0.32318115234375
-0.0191211700439453 0.012054443359375 0.215087890625 0.114654541015625
-0.0133752822875977 -0.010838508605957 -0.175506591796875 -0.1424560546875
0.0456008911132813 -0.01885986328125 0.0540771484375 -0.30609130859375
0.0513267517089844 -0.00328826904296875 0.40869140625 -0.2567138671875
0.015106201171875 0.0454216003417969 0.69757080078125 0.1298828125
-0.0142631530761719 0.0479202270507812 0.41583251953125 0.75433349609375
-4.57763671874997E-05 -0.0237865447998047 -0.29241943359375 0.90179443359375
0.0062565803527832 -0.000112533569335938 -0.5789794921875 0.39556884765625
0.0340290069580078 0.0124721527099609 0.0888442993164063 0.0343017578125
0.0234508514404297 -0.0243453979492188 0.5950927734375 -0.4942626953125
0.00358009338378906 -0.00903987884521485 0.0448608398437501 -0.92889404296875
-0.00333786010742187 0.0268287658691406 -0.67364501953125 -0.44744873046875
0.0154571533203125 0.026763916015625 -0.58453369140625 0.22003173828125
0.0377006530761719 -0.00789642333984375 -0.252716064453125 0.424346923828125
0.02801513671875 -0.0307292938232422 0.068115234375 0.319122314453125
-0.0185470581054687 0.00588035583496094 0.214126586914063 0.111190795898438
-0.0101242065429688 -0.0161256790161133 -0.178543090820312 -0.15167236328125
0.0452232360839844 -0.0252799987792969 0.04693603515625 -0.318817138671875
0.0554313659667969 -0.00508499145507813 0.40069580078125 -0.275604248046875
0.0230560302734375 0.0463333129882813 0.70196533203125 0.10205078125
-0.0104446411132813 0.0507240295410156 0.446533203125 0.73236083984375
0.000865936279296876 -0.0287036895751953 -0.24859619140625 0.90167236328125
0.0183658599853516 -0.0118560791015625 -0.560638427734375 0.406768798828125
0.0536766052246094 0.00598907470703125 0.08685302734375 0.0383834838867188
0.0337142944335938 -0.0345115661621094 0.61273193359375 -0.48284912109375
0.00473499298095703 -0.013880729675293 0.0816650390624999 -0.93084716796875
-0.000833511352539063 0.0288333892822266 -0.65716552734375 -0.47564697265625
0.0208702087402344 0.0282688140869141 -0.59197998046875 0.19915771484375
0.0435714721679688 -0.00873947143554688 -0.26641845703125 0.4130859375
0.0292930603027344 -0.0360946655273438 0.058258056640625 0.313262939453125
-0.0183181762695313 -0.00193405151367188 0.210113525390625 0.103378295898437
-0.00805091857910156 0.0266532897949219 -0.2037353515625 -0.131301879882813
0.0124053955078125 0.0186328887939453 0.000549316406250023 -0.3233642578125
-0.0098724365234375 0.0265522003173828 0.33221435546875 -0.345794677734375
-0.0404090881347656 0.0367660522460938 0.6661376953125 -0.0499267578125
-0.0279979705810547 0.0135498046875 0.55340576171875 0.60272216796875
0.0101547241210938 -0.0408515930175781 -0.0684814453125001 0.92510986328125
0.0171127319335938 0.0175466537475586 -0.528472900390625 0.519866943359375
0.0264244079589844 0.0408592224121094 -0.00486755371093749 0.0810012817382813
0.0504722595214844 0.00331497192382813 0.66436767578125 -0.36077880859375
0.0393562316894531 -0.0302963256835938 0.275390625 -0.92596435546875
-0.0204505920410156 -0.0181083679199219 -0.56500244140625 -0.6309814453125
-0.0462799072265625 0.0285682678222656 -0.6409912109375 0.0690917968750001
-0.0197734832763672 0.0264167785644531 -0.31842041015625 0.357208251953125
-0.000355720520019532 0.0143184661865234 0.040283203125 0.314849853515625
-0.0109596252441406 0.0327529907226563 0.204605102539063 0.105499267578125
-0.0087127685546875 0.0242767333984375 -0.196365356445313 -0.125396728515625
0.0153579711914063 0.0149250030517578 0.01434326171875 -0.314544677734375
-0.00617599487304688 0.0216159820556641 0.352569580078125 -0.321746826171875
-0.0375175476074219 0.0339813232421875 0.66937255859375 -0.0069580078125
-0.0269050598144531 0.0165824890136719 0.51861572265625 0.6424560546875
0.00999832153320312 -0.0302028656005859 -0.1317138671875 0.930419921875
0.00608253479003906 0.0262336730957031 -0.552459716796875 0.496826171875
0.00913238525390625 0.04400634765625 0.0065765380859375 0.0713043212890625
0.0342426300048828 0.00525474548339844 0.63995361328125 -0.39312744140625
0.0301666259765625 -0.0215377807617188 0.2088623046875 -0.92706298828125
-0.0209999084472656 -0.00916862487792969 -0.599853515625 -0.58380126953125
-0.0416908264160156 0.0292282104492188 -0.62939453125 0.1104736328125
-0.0146503448486328 0.0238723754882813 -0.30023193359375 0.37860107421875
0.00403213500976562 0.010869026184082 0.050628662109375 0.31988525390625
-0.0113353729248047 0.0323524475097656 0.208389282226562 0.112045288085937
-0.0114898681640625 0.0203056335449219 -0.190155029296875 -0.123245239257813
0.0224437713623047 0.0127143859863281 0.02838134765625 -0.30377197265625
0.00223350524902344 0.0154056549072266 0.371795654296875 -0.2950439453125
-0.0298633575439453 0.0321254730224609 0.67486572265625 0.04541015625
-0.0237827301025391 0.0223541259765625 0.477783203125 0.685791015625
0.00663375854492188 -0.0230922698974609 -0.192626953125 0.92742919921875
-0.00456428527832032 0.0297660827636719 -0.5718994140625 0.467041015625
-0.00180816650390625 0.0425338745117188 0.0259742736816406 0.0613822937011719
0.0239906311035156 0.0055999755859375 0.613525390625 -0.4256591796875
0.0210933685302734 -0.0160198211669922 0.1409912109375 -0.9254150390625
-0.0192966461181641 2.36307954437656E-18 -0.63385009765625 -0.52825927734375
-0.03277587890625 0.0277805328369141 -0.61614990234375 0.15447998046875
-0.00300693511962891 0.0163345336914063 -0.27728271484375 0.39984130859375
0.0105056762695313 0.00610828399658203 0.06292724609375 0.3245849609375
-0.013275146484375 0.0286655426025391 0.210830688476562 0.115646362304687
-0.0100650787353516 0.014744758605957 -0.18572998046875 -0.121795654296875
0.0297107696533203 0.00520515441894531 0.041259765625 -0.29736328125
0.0154666900634766 0.00886344909667969 0.3878173828125 -0.270751953125
-0.0213489532470703 0.0336666107177734 0.68060302734375 0.09014892578125
-0.0239982604980469 0.0273094177246094 0.44061279296875 0.7218017578125
0.00419235229492188 -0.0209274291992188 -0.24871826171875 0.92034912109375
-0.0102443695068359 0.0278453826904297 -0.584716796875 0.43731689453125
-0.0041961669921875 0.0376014709472656 0.0477409362792969 0.0490989685058594
0.0171775817871094 0.00128269195556641 0.59674072265625 -0.4581298828125
0.0137472152709961 -0.00982666015625 0.08087158203125 -0.9237060546875
-0.0170173645019531 0.00828361511230469 -0.659423828125 -0.48388671875
-0.0215644836425781 0.0274982452392578 -0.599365234375 0.19366455078125
0.0080108642578125 0.00976276397705078 -0.25750732421875 0.415313720703125
0.0166711807250977 -0.0019989013671875 0.072845458984375 0.3253173828125
-0.0156593322753906 0.0258102416992187 0.216384887695313 0.117721557617188
-0.011744499206543 0.00508499145507813 -0.180587768554688 -0.125732421875
0.0358924865722656 -0.00187301635742188 0.048431396484375 -0.296356201171875
0.0282249450683594 0.00168037414550781 0.3990478515625 -0.25640869140625
-0.00692367553710938 0.0369911193847656 0.6827392578125 0.1182861328125
-0.0208702087402344 0.0371437072753906 0.41845703125 0.7447509765625
0.00159645080566406 -0.0174407958984375 -0.28466796875 0.90924072265625
-0.0100135803222656 0.0208930969238281 -0.58795166015625 0.4139404296875
0.00305938720703125 0.0305519104003906 0.0654106140136719 0.0402450561523438
0.0132303237915039 -0.00292682647705078 0.58184814453125 -0.47869873046875
0.00812387466430664 -0.00797700881958008 0.0467529296875 -0.91986083984375
-0.0121440887451172 0.0168113708496094 -0.6756591796875 -0.4486083984375
-0.00771331787109375 0.0275592803955078 -0.58612060546875 0.2183837890625
0.0208911895751953 2.288818359375E-05 -0.243804931640625 0.423980712890625
0.0226879119873047 -0.0129623413085938 0.07904052734375 0.32476806640625
-0.0168380737304687 0.0182723999023438 0.217254638671875 0.116378784179688
-0.012202262878418 -0.00148868560791016 -0.177810668945313 -0.134933471679687
0.0424079895019531 -0.0109024047851562 0.052459716796875 -0.299560546875
0.0410614013671875 -0.000701904296875 0.406158447265625 -0.252899169921875
0.00413894653320313 0.04119873046875 0.68670654296875 0.13055419921875
-0.017852783203125 0.0412559509277344 0.4102783203125 0.7550048828125
0.000354766845703127 -0.0222816467285156 -0.29766845703125 0.9024658203125
-0.00204658508300781 0.0112152099609375 -0.583740234375 0.401611328125
0.0170993804931641 0.0215091705322266 0.081024169921875 0.0352325439453125
0.0163116455078125 -0.0131015777587891 0.5799560546875 -0.49554443359375
0.004730224609375 -0.00668764114379883 0.0294189453125001 -0.9205322265625
-0.0058746337890625 0.0221633911132813 -0.68115234375 -0.43170166015625
0.00592422485351563 0.0250263214111328 -0.58013916015625 0.228759765625
0.0290012359619141 -0.00635337829589844 -0.241058349609375 0.429351806640625
0.0263786315917969 -0.02191162109375 0.07843017578125 0.322662353515625
-0.0196609497070313 0.0132617950439453 0.217041015625 0.114212036132813
-0.0118932723999023 -0.00983428955078125 -0.177032470703125 -0.14117431640625
0.0446891784667969 -0.019500732421875 0.050689697265625 -0.307373046875
0.0506057739257812 -0.002960205078125 0.40606689453125 -0.260467529296875
0.0160903930664063 0.0463371276855469 0.69671630859375 0.120361328125
-0.0127143859863281 0.0474281311035156 0.4248046875 0.748291015625
-0.0010528564453125 -0.0243053436279297 -0.2838134765625 0.903076171875
0.00607156753540039 -0.00101280212402344 -0.571044921875 0.40020751953125
0.0335121154785156 0.0132656097412109 0.0879287719726563 0.0339508056640625
0.0222797393798828 -0.02301025390625 0.5894775390625 -0.4986572265625
0.00322055816650391 -0.00973987579345703 0.03924560546875 -0.9263916015625
-0.0032958984375 0.0265102386474609 -0.6771240234375 -0.4410400390625
0.0160617828369141 0.026123046875 -0.5826416015625 0.22418212890625
0.0367088317871094 -0.00931549072265625 -0.247894287109375 0.4268798828125
0.0269222259521484 -0.0312290191650391 0.072052001953125 0.318511962890625
-0.0179767608642578 0.00677490234375 0.214004516601563 0.108367919921875
-0.0111598968505859 -0.0158720016479492 -0.178695678710938 -0.15106201171875
0.0458564758300781 -0.0259170532226563 0.04388427734375 -0.31787109375
0.0563774108886719 -0.00617599487304688 0.398468017578125 -0.281158447265625
0.0241966247558594 0.0461463928222656 0.70208740234375 0.09271240234375
-0.00904083251953124 0.0493736267089844 0.45733642578125 0.725341796875
-0.000230789184570315 -0.0304317474365234 -0.239990234375 0.9017333984375
0.0174922943115234 -0.0122499465942383 -0.5531005859375 0.41082763671875
0.0527534484863281 0.00405502319335938 0.0879745483398438 0.0374908447265625
0.0325222015380859 -0.0333251953125 0.60723876953125 -0.4879150390625
0.00335884094238281 -0.0146141052246094 0.07305908203125 -0.9300537109375
-0.00194168090820313 0.0286960601806641 -0.66107177734375 -0.468017578125
0.0219097137451172 0.0286331176757812 -0.5889892578125 0.20416259765625
0.0426521301269531 -0.0101661682128906 -0.262176513671875 0.41448974609375
0.0285911560058594 -0.03570556640625 0.060821533203125 0.31439208984375
-0.0179481506347656 -0.000244140625000002 0.210983276367188 0.1041259765625
-0.00731468200683594 0.0280609130859375 -0.2064208984375 -0.129714965820313
0.0122137069702148 0.016636848449707 -0.00534057617187502 -0.324005126953125
-0.00876617431640625 0.0243282318115234 0.328887939453125 -0.350067138671875
-0.038665771484375 0.0380630493164063 0.663330078125 -0.05877685546875
-0.0284652709960938 0.0135650634765625 0.55975341796875 0.5926513671875
0.0111923217773438 -0.0414695739746094 -0.0605468749999999 0.92193603515625
0.0186042785644531 0.0159416198730469 -0.522064208984375 0.523162841796875
0.0256881713867188 0.0414276123046875 -0.003814697265625 0.0802078247070313
0.0512466430664062 0.00114822387695313 0.65863037109375 -0.36590576171875
0.0373497009277344 -0.0308036804199219 0.26641845703125 -0.926025390625
-0.0201511383056641 -0.0173377990722656 -0.56781005859375 -0.6246337890625
-0.0458030700683594 0.0294075012207031 -0.63763427734375 0.0748291015625
-0.0196628570556641 0.0280075073242188 -0.3148193359375 0.357452392578125
-0.000912666320800781 0.0134057998657227 0.0426025390625 0.314239501953125
-0.00925064086914063 0.0321941375732422 0.205856323242188 0.103347778320313
-0.00800514221191407 0.0256900787353516 -0.196884155273438 -0.122940063476562
0.0166072845458984 0.0149354934692383 0.010955810546875 -0.31414794921875
-0.00412559509277344 0.0202236175537109 0.34918212890625 -0.325347900390625
-0.0371665954589844 0.0343437194824219 0.6656494140625 -0.01220703125
-0.0263233184814453 0.0177974700927734 0.52362060546875 0.6363525390625
0.0100593566894531 -0.0333442687988281 -0.12030029296875 0.927490234375
0.00539207458496094 0.0264568328857422 -0.546539306640625 0.500640869140625
0.00871658325195312 0.0432548522949219 0.0074005126953125 0.0717697143554687
0.0346412658691406 0.00616836547851562 0.63385009765625 -0.395263671875
0.0298843383789063 -0.0231513977050781 0.19976806640625 -0.9266357421875
-0.0208530426025391 -0.00977706909179688 -0.60552978515625 -0.5767822265625
-0.04083251953125 0.0286979675292969 -0.62774658203125 0.114990234375
-0.0141429901123047 0.0232830047607422 -0.296295166015625 0.37969970703125
0.00339221954345703 0.0101566314697266 0.05401611328125 0.321441650390625
-0.0103225708007813 0.0343723297119141 0.208343505859375 0.11090087890625
-0.00983428955078125 0.0207309722900391 -0.192718505859375 -0.121353149414062
0.0214462280273438 0.0111637115478516 0.0242919921875 -0.30511474609375
0.00414371490478516 0.014683723449707 0.367401123046875 -0.29888916015625
-0.0307445526123047 0.0336761474609375 0.67364501953125 0.03631591796875
-0.0234298706054688 0.0197734832763672 0.4849853515625 0.6766357421875
0.00790023803710938 -0.0248451232910156 -0.18377685546875 0.92401123046875
-0.00332069396972656 0.0301990509033203 -0.56707763671875 0.47149658203125
-0.00265884399414063 0.0428733825683594 0.0248947143554688 0.0595245361328125
0.0227851867675781 0.00453758239746094 0.61041259765625 -0.42840576171875
0.0201492309570312 -0.0165023803710938 0.133056640625 -0.9227294921875
-0.0195026397705078 -0.00109672546386718 -0.63800048828125 -0.52044677734375
-0.0326099395751953 0.0286693572998047 -0.6138916015625 0.15960693359375
-0.00356292724609375 0.0149288177490234 -0.27191162109375 0.399688720703125
0.0104436874389648 0.00502681732177734 0.067474365234375 0.322784423828125
-0.0117778778076172 0.0314006805419922 0.212493896484375 0.113632202148438
-0.0103025436401367 0.0152454376220703 -0.185882568359375 -0.12109375
0.0276145935058594 0.00357246398925781 0.037078857421875 -0.298248291015625
0.0132513046264648 0.00912189483642578 0.385284423828125 -0.275543212890625
-0.018402099609375 0.0343379974365234 0.679443359375 0.0814208984375
-0.0220756530761719 0.0254497528076172 0.4488525390625 0.71392822265625
0.00398063659667969 -0.021759033203125 -0.24169921875 0.91839599609375
-0.0106010437011719 0.0276603698730469 -0.57855224609375 0.44024658203125
-0.00399017333984375 0.0373344421386719 0.0464668273925781 0.0489463806152344
0.017003059387207 0.00333023071289063 0.5888671875 -0.4620361328125
0.0121221542358398 -0.0110645294189453 0.0746459960937501 -0.92120361328125
-0.0155696868896484 0.00825595855712891 -0.66265869140625 -0.475830078125
-0.0187225341796875 0.0272655487060547 -0.59710693359375 0.19891357421875
0.00764703750610351 0.00799369812011719 -0.25177001953125 0.41619873046875
0.0176963806152344 -0.00416183471679687 0.07867431640625 0.324188232421875
-0.0144748687744141 0.0258560180664063 0.216964721679687 0.11566162109375
-0.0112285614013672 0.00648307800292969 -0.182205200195313 -0.124725341796875
0.0364036560058594 -0.00379562377929687 0.04541015625 -0.29608154296875
0.0285854339599609 0.00368881225585938 0.39697265625 -0.259674072265625
-0.00683975219726563 0.0364875793457031 0.680419921875 0.111328125
-0.0184440612792969 0.0357322692871094 0.42315673828125 0.73590087890625
0.00219154357910156 -0.0201148986816406 -0.27532958984375 0.91064453125
-0.00962638854980469 0.0213718414306641 -0.58319091796875 0.41748046875
0.00289535522460938 0.0302314758300781 0.0657882690429688 0.0409698486328125
0.0131502151489258 -0.00272369384765625 0.57586669921875 -0.4830322265625
0.00775337219238281 -0.00935935974121094 0.03875732421875 -0.91754150390625
-0.0111684799194336 0.0165777206420898 -0.67681884765625 -0.43951416015625
-0.00587844848632812 0.0272655487060547 -0.58343505859375 0.22259521484375
0.0187587738037109 0.000532150268554688 -0.239959716796875 0.4259033203125
0.0223636627197266 -0.0137844085693359 0.08270263671875 0.324310302734375
-0.0171470642089844 0.0199146270751953 0.2171630859375 0.114608764648437
-0.0106391906738281 -0.00144863128662109 -0.179672241210938 -0.131301879882812
0.0413284301757813 -0.0131797790527344 0.0491943359375 -0.3009033203125
0.0412406921386719 -0.000820159912109375 0.404449462890625 -0.2591552734375
0.00598907470703125 0.04156494140625 0.6875 0.12213134765625
-0.0149726867675781 0.0418128967285156 0.4171142578125 0.7476806640625
-0.00023841857910156 -0.0225143432617188 -0.28924560546875 0.90185546875
-0.00236415863037109 0.0110502243041992 -0.5770263671875 0.40216064453125
0.0168628692626953 0.0213356018066406 0.0805282592773438 0.0346145629882813
0.0154933929443359 -0.0140810012817383 0.574462890625 -0.49639892578125
0.00361442565917969 -0.00734376907348633 0.020751953125 -0.91802978515625
-0.00695037841796875 0.0220184326171875 -0.68328857421875 -0.425537109375
0.00640487670898438 0.0267581939697266 -0.57757568359375 0.23199462890625
0.0294265747070313 -0.00605201721191406 -0.237762451171875 0.430694580078125
0.0243206024169922 -0.0227489471435547 0.081634521484375 0.32177734375
-0.0171136856079102 0.01470947265625 0.217453002929688 0.11285400390625
-0.0121564865112305 -0.00885105133056641 -0.177963256835938 -0.140853881835938
0.0458908081054687 -0.0209007263183594 0.047149658203125 -0.308074951171875
0.050506591796875 -0.00512313842773438 0.404052734375 -0.266326904296875
0.0175819396972656 0.0448989868164063 0.69744873046875 0.11309814453125
-0.0117912292480469 0.0469894409179688 0.43084716796875 0.74090576171875
-0.00138473510742187 -0.0262928009033203 -0.2740478515625 0.90008544921875
0.00704669952392578 -0.000726222991943359 -0.5657958984375 0.404296875
0.0337238311767578 0.0120372772216797 0.0872955322265625 0.0340728759765625
0.0213127136230469 -0.0231590270996094 0.5848388671875 -0.501220703125
0.00263118743896484 -0.00991249084472656 0.0290527343749999 -0.92291259765625
-0.00192642211914063 0.026580810546875 -0.67901611328125 -0.431396484375
0.0165424346923828 0.0250606536865234 -0.57769775390625 0.23052978515625
0.0369644165039063 -0.0102920532226563 -0.243408203125 0.4281005859375
0.0274314880371094 -0.0313873291015625 0.07574462890625 0.3172607421875
-0.0160694122314453 0.00678825378417969 0.2161865234375 0.107025146484375
-0.0109920501708984 -0.0152139663696289 -0.180740356445312 -0.148590087890625
0.044921875 -0.02734375 0.037811279296875 -0.31982421875
0.0560569763183594 -0.00708770751953125 0.395111083984375 -0.28460693359375
0.0256767272949219 0.04595947265625 0.7020263671875 0.0833740234375
-0.00935745239257812 0.0487556457519531 0.4620361328125 0.71630859375
0.000188827514648437 -0.0316448211669922 -0.2330322265625 0.89874267578125
0.0187606811523437 -0.0131454467773437 -0.547332763671875 0.4139404296875
0.0525360107421875 0.0059051513671875 0.08758544921875 0.0364761352539063
0.0321521759033203 -0.0347785949707031 0.6019287109375 -0.49053955078125
0.00327110290527344 -0.0154304504394531 0.0645751953124999 -0.928466796875
-0.00135993957519531 0.0267620086669922 -0.6639404296875 -0.4598388671875
0.0233173370361328 0.0271530151367188 -0.58709716796875 0.20867919921875
0.0416984558105469 -0.0095672607421875 -0.256683349609375 0.416412353515625
0.0277900695800781 -0.0375022888183594 0.065643310546875 0.313812255859375
-0.0172481536865234 0.000431060791015623 0.2137451171875 0.103240966796875
-0.00700950622558594 0.0285434722900391 -0.206100463867187 -0.12664794921875
0.012843132019043 0.0169286727905273 -0.00894165039062497 -0.323638916015625
-0.00795173645019531 0.0251598358154297 0.32366943359375 -0.350677490234375
-0.0384063720703125 0.0385704040527344 0.659423828125 -0.06298828125
-0.0266742706298828 0.0137214660644531 0.5638427734375 0.58551025390625
0.0117340087890625 -0.0423393249511719 -0.05499267578125 0.91778564453125
0.020111083984375 0.0164356231689453 -0.515899658203125 0.5244140625
0.0256195068359375 0.0395889282226563 -0.00346374511718749 0.0808258056640625
0.04840087890625 0.00126266479492188 0.65509033203125 -0.368896484375
0.0383453369140625 -0.0328598022460938 0.25872802734375 -0.923828125
-0.0203762054443359 -0.0184898376464844 -0.57220458984375 -0.6195068359375
-0.0456199645996094 0.02862548828125 -0.6357421875 0.080322265625
-0.0203762054443359 0.0272655487060547 -0.311004638671875 0.359710693359375
-0.000977516174316405 0.0144424438476563 0.04571533203125 0.31243896484375
-0.00937843322753906 0.0347404479980469 0.20819091796875 0.102127075195313
-0.00762939453125 0.0256710052490234 -0.200057983398438 -0.121475219726563
0.0156936645507813 0.014068603515625 0.00677490234375001 -0.31390380859375
-0.00551223754882812 0.0208015441894531 0.34442138671875 -0.32733154296875
-0.0353240966796875 0.0355453491210937 0.66741943359375 -0.0206298828125
-0.0264091491699219 0.0159511566162109 0.5289306640625 0.627197265625
0.0105609893798828 -0.0326881408691406 -0.1119384765625 0.92181396484375
0.0084228515625 0.0262851715087891 -0.54022216796875 0.50341796875
0.0087432861328125 0.0426521301269531 0.005767822265625 0.070892333984375
0.0352096557617188 0.00499343872070313 0.62945556640625 -0.3985595703125
0.0306491851806641 -0.0240497589111328 0.19281005859375 -0.92449951171875
-0.0212936401367187 -0.00937080383300781 -0.605712890625 -0.57122802734375
-0.0391731262207031 0.0287971496582031 -0.6260986328125 0.11968994140625
-0.0126571655273438 0.0218772888183594 -0.290313720703125 0.38238525390625
0.00606441497802734 0.0107583999633789 0.05731201171875 0.319854736328125
-0.00982666015625 0.032867431640625 0.20947265625 0.108642578125
-0.00834846496582031 0.0206642150878906 -0.19384765625 -0.119369506835937
0.0212898254394531 0.00963020324707031 0.02191162109375 -0.30322265625
0.00382232666015625 0.0140314102172852 0.36474609375 -0.302764892578125
-0.0279464721679688 0.0341663360595703 0.6719970703125 0.02825927734375
-0.0241622924804687 0.0180644989013672 0.490478515625 0.67034912109375
0.00681114196777343 -0.0260410308837891 -0.1741943359375 0.9185791015625
-0.00187301635742188 0.0297966003417969 -0.558258056640625 0.47344970703125
-6.86645507812533E-05 0.0412483215332031 0.02557373046875 0.0590476989746094
0.0234336853027344 0.0050811767578125 0.6046142578125 -0.4315185546875
0.0204219818115234 -0.0166168212890625 0.12603759765625 -0.91973876953125
-0.0187397003173828 -0.000110626220703127 -0.63995361328125 -0.5162353515625
-0.0305347442626953 0.0290241241455078 -0.609375 0.166259765625
-0.00297451019287109 0.0156316757202148 -0.268798828125 0.400634765625
0.0100221633911133 0.0055999755859375 0.0692138671875 0.3232421875
-0.0125293731689453 0.0301437377929688 0.214187622070313 0.113235473632813
-0.0109100341796875 0.015594482421875 -0.187042236328125 -0.12066650390625
0.0287017822265625 0.0037994384765625 0.034912109375 -0.29876708984375
0.0157155990600586 0.00755214691162109 0.38372802734375 -0.28106689453125
-0.0187320709228516 0.0340824127197266 0.67706298828125 0.0732421875
-0.0182838439941406 0.0243358612060547 0.45281982421875 0.70562744140625
0.0029296875 -0.0236759185791016 -0.23284912109375 0.915283203125
-0.00742340087890625 0.0285415649414063 -0.57537841796875 0.4417724609375
-0.00241470336914063 0.0386161804199219 0.0463371276855469 0.0484695434570312
0.0165281295776367 0.00167274475097656 0.5869140625 -0.46209716796875
0.0124034881591797 -0.0128116607666016 0.0673828125000001 -0.91912841796875
-0.015559196472168 0.00900363922119141 -0.6666259765625 -0.4686279296875
-0.0194473266601563 0.0278396606445313 -0.5927734375 0.20123291015625
0.00800609588623047 0.00812196731567383 -0.24920654296875 0.417144775390625
0.0150833129882813 -0.00429153442382813 0.0821533203125 0.323638916015625
-0.0128078460693359 0.0275554656982422 0.216476440429688 0.11322021484375
-0.01080322265625 0.00667095184326172 -0.183212280273438 -0.124603271484375
0.0360488891601563 -0.00402450561523438 0.042205810546875 -0.298980712890625
0.0298957824707031 0.00281143188476563 0.394287109375 -0.263580322265625
-0.00667190551757812 0.0371360778808594 0.68365478515625 0.1016845703125
-0.0166645050048828 0.0346736907958984 0.42950439453125 0.729248046875
0.000423431396484377 -0.0204677581787109 -0.2679443359375 0.90771484375
-0.00995254516601562 0.0221729278564453 -0.575927734375 0.4190673828125
0.00286293029785156 0.0308666229248047 0.06622314453125 0.0400657653808594
0.0128021240234375 -0.00408363342285156 0.5750732421875 -0.4859619140625
0.00757122039794922 -0.00900745391845703 0.03179931640625 -0.9158935546875
-0.0134658813476562 0.0165023803710938 -0.679931640625 -0.43463134765625
-0.00625991821289062 0.0264472961425781 -0.5791015625 0.2274169921875
0.0200862884521484 -6.103515625E-05 -0.2359619140625 0.42803955078125
0.0217456817626953 -0.0142040252685547 0.086181640625 0.321807861328125
-0.0148677825927734 0.0211277008056641 0.2205810546875 0.11474609375
-0.0127544403076172 -0.00221824645996094 -0.181381225585937 -0.13165283203125
0.041351318359375 -0.0124053955078125 0.045623779296875 -0.30010986328125
0.0407218933105469 -0.001495361328125 0.402191162109375 -0.263427734375
0.00724029541015625 0.0419769287109375 0.68890380859375 0.11572265625
-0.0158958435058594 0.039306640625 0.42218017578125 0.73760986328125
0.000865936279296875 -0.0242500305175781 -0.2796630859375 0.8975830078125
-0.00101947784423828 0.00956535339355469 -0.57354736328125 0.40618896484375
0.0173377990722656 0.0231437683105469 0.0788650512695313 0.0332489013671875
0.0163383483886719 -0.0138635635375977 0.5703125 -0.50054931640625
0.00452852249145508 -0.00830459594726563 0.0119018554687499 -0.9127197265625
-0.00554847717285156 0.0211715698242188 -0.68450927734375 -0.4173583984375
0.00669288635253906 0.0245628356933594 -0.5723876953125 0.23614501953125
0.0285434722900391 -0.00522994995117188 -0.231414794921875 0.432159423828125
0.02520751953125 -0.0235252380371094 0.084320068359375 0.32098388671875
-0.0169010162353516 0.0140104293823242 0.220230102539062 0.11187744140625
-0.011479377746582 -0.00806903839111328 -0.180496215820313 -0.1402587890625
0.0440177917480469 -0.0218887329101563 0.044281005859375 -0.30828857421875
0.0507354736328125 -0.00597000122070313 0.40106201171875 -0.271575927734375
0.0193862915039063 0.0443649291992188 0.69622802734375 0.10516357421875
-0.0106163024902344 0.0464210510253906 0.4364013671875 0.73382568359375
-0.00107574462890625 -0.027679443359375 -0.26519775390625 0.898193359375
0.00696754455566406 -0.000904083251953125 -0.559814453125 0.404205322265625
0.0331077575683594 0.0140171051025391 0.0877227783203125 0.033477783203125
0.0213088989257813 -0.0227851867675781 0.57989501953125 -0.50299072265625
0.00197124481201172 -0.0106725692749023 0.0238037109374999 -0.92022705078125
-0.0034027099609375 0.0253105163574219 -0.6796875 -0.4241943359375
0.0184593200683594 0.0237159729003906 -0.574951171875 0.2325439453125
0.0365486145019531 -0.0100326538085938 -0.239105224609375 0.42962646484375
0.0262813568115234 -0.0314254760742188 0.0791015625 0.31842041015625
-0.0153598785400391 0.00776481628417969 0.218414306640625 0.10577392578125
-0.0119342803955078 -0.0135955810546875 -0.183197021484375 -0.148223876953125
0.0450782775878906 -0.0273361206054688 0.03436279296875 -0.320098876953125
0.0571136474609375 -0.0100746154785156 0.390472412109375 -0.290008544921875
0.0267295837402344 0.0463676452636719 0.7001953125 0.076171875
-0.00589370727539063 0.0490570068359375 0.46771240234375 0.70941162109375
-6.29425048828133E-05 -0.0336360931396484 -0.22454833984375 0.89617919921875
0.0184898376464844 -0.0134696960449219 -0.542633056640625 0.4158935546875
0.0531387329101563 0.0055694580078125 0.08624267578125 0.0359725952148438
0.0313644409179688 -0.0326175689697266 0.5965576171875 -0.4913330078125
0.00289726257324219 -0.014923095703125 0.0580444335937501 -0.92791748046875
-0.000890731811523437 0.0267524719238281 -0.6646728515625 -0.452880859375
0.0231647491455078 0.0260295867919922 -0.58184814453125 0.21270751953125
0.0416336059570313 -0.0093536376953125 -0.253570556640625 0.417816162109375
0.0277862548828125 -0.0358314514160156 0.067169189453125 0.314239501953125
-0.0159702301025391 0.00217914581298829 0.214447021484375 0.100814819335938
-0.00555419921875 0.0281963348388672 -0.207748413085938 -0.124847412109375
0.0125637054443359 0.0161800384521484 -0.010772705078125 -0.321441650390625
-0.00834846496582031 0.0250663757324219 0.319915771484375 -0.354766845703125
-0.0359878540039063 0.040008544921875 0.65728759765625 -0.06927490234375
-0.0255393981933594 0.011749267578125 0.56744384765625 0.576904296875
0.00921630859375 -0.0443077087402344 -0.0458374023437501 0.91546630859375
0.0197811126708984 0.0153179168701172 -0.5096435546875 0.524078369140625
0.0260581970214844 0.0424346923828125 -0.00487518310546875 0.0802536010742188
0.04827880859375 0.00160598754882813 0.65252685546875 -0.36968994140625
0.0376853942871094 -0.0335350036621094 0.2537841796875 -0.9228515625
-0.0211982727050781 -0.0188102722167969 -0.57135009765625 -0.6119384765625
-0.0432510375976563 0.0290908813476562 -0.63336181640625 0.0839233398437501
-0.0194015502929687 0.0266590118408203 -0.308380126953125 0.360321044921875
-0.00101757049560547 0.0147418975830078 0.04815673828125 0.311859130859375
-0.00777626037597657 0.03436279296875 0.20855712890625 0.101028442382812
-0.00707626342773438 0.0272159576416016 -0.199600219726562 -0.12005615234375
0.0167655944824219 0.0140714645385742 0.00540161132812499 -0.3138427734375
-0.00501251220703125 0.0194606781005859 0.341339111328125 -0.33245849609375
-0.0348663330078125 0.0350208282470703 0.66473388671875 -0.025390625
-0.0239276885986328 0.0159473419189453 0.5323486328125 0.62188720703125
0.00845718383789063 -0.0338459014892578 -0.10540771484375 0.91815185546875
0.00870132446289063 0.0248394012451172 -0.53369140625 0.50506591796875
0.00896072387695313 0.0444221496582031 0.0076446533203125 0.0710525512695313
0.0353584289550781 0.00697708129882813 0.62677001953125 -0.39996337890625
0.0296039581298828 -0.0250034332275391 0.18853759765625 -0.92340087890625
-0.0214176177978516 -0.0106906890869141 -0.6075439453125 -0.565185546875
-0.0387001037597656 0.0276718139648438 -0.62261962890625 0.12445068359375
-0.0126113891601563 0.0230827331542969 -0.28851318359375 0.381988525390625
0.00513648986816406 0.0117568969726562 0.061614990234375 0.317657470703125
-0.009613037109375 0.0341644287109375 0.212677001953125 0.10919189453125
-0.00909423828125 0.0210533142089844 -0.192367553710938 -0.118515014648438
0.0231246948242188 0.00919342041015625 0.01953125 -0.303924560546875
0.00474739074707031 0.0155477523803711 0.36077880859375 -0.30572509765625
-0.0285148620605469 0.0335464477539063 0.6712646484375 0.02349853515625
-0.0227260589599609 0.0192108154296875 0.49310302734375 0.6622314453125
0.00797843933105469 -0.0283966064453125 -0.16571044921875 0.92047119140625
-0.000753402709960934 0.0297603607177734 -0.554290771484375 0.47491455078125
-0.00189971923828125 0.0425186157226562 0.0267295837402344 0.0611228942871094
0.0212478637695313 0.00725746154785156 0.6011962890625 -0.43359375
0.02154541015625 -0.0170078277587891 0.1217041015625 -0.91943359375
-0.0196971893310547 -0.00146484375 -0.641357421875 -0.5089111328125
-0.0285053253173828 0.0292415618896484 -0.6048583984375 0.169189453125
-0.00463199615478515 0.0169477462768555 -0.265655517578125 0.39996337890625
0.0107412338256836 0.00481510162353516 0.07232666015625 0.321868896484375
-0.0112495422363281 0.0335350036621094 0.214996337890625 0.111572265625
-0.00946521759033204 0.0171489715576172 -0.188064575195313 -0.119277954101562
0.0286026000976563 0.00241661071777344 0.03155517578125 -0.2984619140625
0.015751838684082 0.00842094421386719 0.379608154296875 -0.283172607421875
-0.0161266326904297 0.0326728820800781 0.67840576171875 0.06719970703125
-0.019073486328125 0.0252056121826172 0.4583740234375 0.6995849609375
0.0030364990234375 -0.0247097015380859 -0.224853515625 0.9136962890625
-0.00713157653808594 0.0280876159667969 -0.5687255859375 0.443359375
-0.00342178344726563 0.0398635864257813 0.0457687377929687 0.0477981567382813
0.0145978927612305 0.00244331359863281 0.58294677734375 -0.4649658203125
0.0129117965698242 -0.0113124847412109 0.060546875 -0.9130859375
-0.0146207809448242 0.00748443603515625 -0.6641845703125 -0.4620361328125
-0.0156002044677734 0.0292987823486328 -0.5914306640625 0.20648193359375
0.00870132446289063 0.00772714614868164 -0.243499755859375 0.41790771484375
0.0145721435546875 -0.0041351318359375 0.082611083984375 0.32366943359375
-0.012939453125 0.0279331207275391 0.219223022460938 0.112930297851563
-0.0100812911987305 0.00736808776855469 -0.183029174804688 -0.123947143554687
0.0347175598144531 -0.00564956665039063 0.03924560546875 -0.297637939453125
0.0295448303222656 0.002227783203125 0.39105224609375 -0.268402099609375
-0.00484085083007813 0.0372352600097656 0.68133544921875 0.09600830078125
-0.0174217224121094 0.0337944030761719 0.4349365234375 0.72076416015625
0.000112533569335938 -0.0209236145019531 -0.261474609375 0.90350341796875
-0.00743293762207031 0.0219306945800781 -0.5723876953125 0.42059326171875
0.00114631652832031 0.0324230194091797 0.0642509460449219 0.0402297973632813
0.0115833282470703 -0.0027923583984375 0.570068359375 -0.48724365234375
0.00771236419677734 -0.00780773162841797 0.025634765625 -0.91302490234375
-0.0104856491088867 0.0166559219360352 -0.67962646484375 -0.428466796875
-0.00366973876953125 0.0267295837402344 -0.57623291015625 0.23028564453125
0.0194110870361328 -0.00162124633789062 -0.230682373046875 0.42767333984375
0.0207729339599609 -0.0137672424316406 0.088226318359375 0.3216552734375
-0.0146675109863281 0.0230903625488281 0.219497680664063 0.1129150390625
-0.0112400054931641 -0.000803947448730467 -0.1805419921875 -0.128799438476563
0.0412483215332031 -0.0137786865234375 0.04168701171875 -0.30108642578125
0.0408210754394531 -0.00246429443359375 0.39715576171875 -0.26434326171875
0.007720947265625 0.0405845642089844 0.68743896484375 0.10772705078125
-0.0131912231445313 0.0384941101074219 0.42694091796875 0.733154296875
-0.000558853149414064 -0.0248661041259766 -0.272705078125 0.89569091796875
0.000337600708007811 0.0106105804443359 -0.56903076171875 0.40972900390625
0.0171890258789063 0.0221080780029297 0.0806045532226563 0.0338897705078125
0.0147476196289063 -0.0133590698242188 0.5657958984375 -0.50018310546875
0.00378704071044922 -0.0108146667480469 0.00952148437500007 -0.9112548828125
-0.00521087646484375 0.0208816528320313 -0.6839599609375 -0.413818359375
0.00628471374511719 0.0238723754882813 -0.56939697265625 0.242919921875
0.0297355651855469 -0.00734710693359375 -0.228179931640625 0.431182861328125
0.0235538482666016 -0.0242710113525391 0.08709716796875 0.319976806640625
-0.0167264938354492 0.0158596038818359 0.220977783203125 0.108642578125
-0.0118179321289063 -0.00819301605224609 -0.181396484375 -0.136825561523438
0.0442619323730469 -0.0222892761230469 0.04095458984375 -0.309173583984375
0.0507316589355469 -0.00591278076171875 0.396575927734375 -0.273406982421875
0.0190849304199219 0.0435333251953125 0.69622802734375 0.09991455078125
-0.00945663452148438 0.0443115234375 0.44036865234375 0.7265625
-0.00171852111816406 -0.0291175842285156 -0.25836181640625 0.89642333984375
0.00772762298583984 -0.000506401062011719 -0.556549072265625 0.40704345703125
0.0343742370605469 0.0149650573730469 0.085906982421875 0.0327606201171875
0.0204906463623047 -0.0228176116943359 0.5745849609375 -0.50408935546875
0.00165748596191406 -0.0105228424072266 0.0191040039062499 -0.91632080078125
-0.00277328491210938 0.0251808166503906 -0.68096923828125 -0.41943359375
0.0189495086669922 0.0235462188720703 -0.5709228515625 0.23651123046875
0.0366668701171875 -0.0108375549316406 -0.234100341796875 0.42926025390625
0.0255107879638672 -0.0313434600830078 0.08148193359375 0.31732177734375
-0.0149936676025391 0.00827312469482422 0.219329833984375 0.1043701171875
-0.0111465454101563 -0.0141916275024414 -0.183700561523438 -0.145660400390625
0.0456962585449219 -0.027435302734375 0.031768798828125 -0.319915771484375
0.0559043884277344 -0.0104103088378906 0.38818359375 -0.294036865234375
0.0258026123046875 0.0437850952148438 0.6990966796875 0.0706787109375
-0.00571823120117187 0.0463371276855469 0.4703369140625 0.701416015625
3.62396240234408E-05 -0.0333938598632813 -0.21795654296875 0.892578125
0.0176029205322266 -0.0125370025634766 -0.53778076171875 0.419036865234375
0.0532951354980469 0.00699615478515625 0.0861129760742188 0.0362396240234375
0.0311183929443359 -0.0336761474609375 0.5936279296875 -0.4927978515625
0.00191307067871094 -0.015620231628418 0.0523681640625001 -0.92425537109375
-0.000730514526367184 0.0267429351806641 -0.6654052734375 -0.4456787109375
0.0238742828369141 0.0260944366455078 -0.5787353515625 0.21484375
0.0410232543945313 -0.0108184814453125 -0.250213623046875 0.420074462890625
0.0270767211914063 -0.0358734130859375 0.070831298828125 0.313232421875
-0.0141496658325195 0.00107383728027344 0.216552734375 0.100082397460938
-0.00533485412597656 0.0308284759521484 -0.207809448242188 -0.124557495117187
0.0129175186157227 0.0171098709106445 -0.01397705078125 -0.322509765625
-0.00865936279296875 0.0242938995361328 0.3175048828125 -0.35784912109375
-0.034332275390625 0.0393524169921875 0.65570068359375 -0.07525634765625
-0.0237407684326172 0.0120525360107422 0.56903076171875 0.5709228515625
0.0114974975585938 -0.0445747375488281 -0.0411987304687501 0.9107666015625
0.0216083526611328 0.0153331756591797 -0.504913330078125 0.524627685546875
0.0265846252441406 0.0423126220703125 -0.00393676757812499 0.0805130004882812
0.0486793518066406 0.00143051147460938 0.6483154296875 -0.371826171875
0.0375938415527344 -0.03570556640625 0.24847412109375 -0.91998291015625
-0.0204925537109375 -0.0193405151367188 -0.57598876953125 -0.6075439453125
-0.0423393249511719 0.0285301208496094 -0.63104248046875 0.08758544921875
-0.0192127227783203 0.0263080596923828 -0.303619384765625 0.36053466796875
-0.00203990936279297 0.0136575698852539 0.05078125 0.312164306640625
-0.00635528564453125 0.03466796875 0.209991455078125 0.100677490234375
-0.00487518310546875 0.0266609191894531 -0.200607299804688 -0.118133544921875
0.015960693359375 0.0133733749389648 0.00103759765625 -0.31243896484375
-0.00369071960449219 0.0187644958496094 0.338897705078125 -0.3341064453125
-0.0319328308105469 0.0358657836914063 0.6632080078125 -0.0308837890625
-0.0231189727783203 0.0146160125732422 0.535888671875 0.61407470703125
0.00942230224609375 -0.0363273620605469 -0.10015869140625 0.91668701171875
0.0086669921875 0.0263881683349609 -0.530303955078125 0.503875732421875
0.00983047485351563 0.0450477600097656 0.0046844482421875 0.0722885131835938
0.0333786010742187 0.00526237487792969 0.6239013671875 -0.40264892578125
0.0286922454833984 -0.0262546539306641 0.1834716796875 -0.92144775390625
-0.0208473205566406 -0.0103836059570313 -0.60943603515625 -0.560546875
-0.0388107299804688 0.0293159484863281 -0.61932373046875 0.12713623046875
-0.0131111145019531 0.0217227935791016 -0.28594970703125 0.382293701171875
0.00482368469238281 0.0109691619873047 0.06329345703125 0.31817626953125
-0.00695419311523437 0.0355758666992188 0.212814331054688 0.104690551757813
-0.00867462158203125 0.0239582061767578 -0.194076538085938 -0.11614990234375
0.0216178894042969 0.00935745239257813 0.01556396484375 -0.3043212890625
0.00448703765869141 0.0132579803466797 0.35675048828125 -0.308837890625
-0.0276908874511719 0.0332431793212891 0.67071533203125 0.017822265625
-0.02069091796875 0.0190200805664062 0.49847412109375 0.654541015625
0.00714492797851563 -0.0297260284423828 -0.16259765625 0.91455078125
-0.000211715698242187 0.029571533203125 -0.549163818359375 0.473785400390625
-0.0013580322265625 0.0434761047363281 0.0233230590820313 0.0601959228515625
0.0228195190429688 0.00490188598632813 0.59930419921875 -0.4320068359375
0.0187835693359375 -0.0170974731445313 0.115966796875 -0.9158935546875
-0.0186710357666016 -0.00159454345703125 -0.64154052734375 -0.50494384765625
-0.0300006866455078 0.0288619995117188 -0.60296630859375 0.1705322265625
-0.00200080871582031 0.0161581039428711 -0.2615966796875 0.40155029296875
0.011469841003418 0.00472068786621094 0.07623291015625 0.320892333984375
-0.0100746154785156 0.0337944030761719 0.216537475585938 0.110992431640625
-0.00943660736083984 0.0162982940673828 -0.18963623046875 -0.11676025390625
0.0284366607666016 0.00240135192871094 0.02874755859375 -0.299468994140625
0.0160064697265625 0.006744384765625 0.376861572265625 -0.28594970703125
-0.0153770446777344 0.03546142578125 0.6768798828125 0.06097412109375
-0.0188255310058594 0.0253219604492187 0.46282958984375 0.69293212890625
0.00342750549316406 -0.0256443023681641 -0.21783447265625 0.9091796875
-0.00539588928222656 0.0283222198486328 -0.56512451171875 0.4443359375
-0.00119400024414063 0.03973388671875 0.0469093322753906 0.0485572814941406
0.0156106948852539 0.001678466796875 0.5777587890625 -0.46466064453125
0.0123729705810547 -0.0129375457763672 0.0577392578124999 -0.9134521484375
-0.0146551132202148 0.00710678100585938 -0.66436767578125 -0.4564208984375
-0.0164737701416016 0.0271816253662109 -0.5858154296875 0.21026611328125
0.00852108001708984 0.00879383087158203 -0.2415771484375 0.419219970703125
0.0153894424438477 -0.00386333465576172 0.085906982421875 0.32342529296875
-0.0105838775634766 0.0294952392578125 0.22076416015625 0.110687255859375
-0.00943374633789063 0.00776290893554688 -0.183944702148438 -0.122665405273437
0.0379295349121094 -0.00459671020507813 0.0367431640625 -0.29766845703125
0.0287857055664063 0.00171279907226563 0.387359619140625 -0.272369384765625
-0.00324630737304688 0.0372352600097656 0.6807861328125 0.08905029296875
-0.0144424438476562 0.0338401794433594 0.4378662109375 0.715576171875
0.00125312805175781 -0.0243682861328125 -0.2535400390625 0.90142822265625
-0.00705337524414063 0.0219650268554687 -0.566650390625 0.4219970703125
0.00355720520019532 0.0327186584472656 0.0644645690917969 0.0383682250976562
0.0126895904541016 -0.00377273559570313 0.56683349609375 -0.48736572265625
0.00713634490966797 -0.008880615234375 0.02294921875 -0.90985107421875
-0.0102291107177734 0.0151548385620117 -0.67840576171875 -0.42230224609375
-0.00325202941894531 0.0258350372314453 -0.57275390625 0.233642578125
0.0185146331787109 -0.000135421752929688 -0.227386474609375 0.428924560546875
0.0211067199707031 -0.0130462646484375 0.09063720703125 0.3204345703125
-0.0134658813476562 0.0227279663085938 0.221099853515625 0.111480712890625
-0.0109052658081055 -0.000444412231445313 -0.180831909179687 -0.128921508789063
0.0405387878417969 -0.0157699584960937 0.038726806640625 -0.3021240234375
0.0409622192382813 -0.00304412841796875 0.39544677734375 -0.26910400390625
0.00939559936523437 0.0410499572753906 0.68780517578125 0.10205078125
-0.0125160217285156 0.0388412475585938 0.4324951171875 0.72576904296875
-0.000656127929687502 -0.0260696411132813 -0.26702880859375 0.89459228515625
-0.00115871429443359 0.0112104415893555 -0.56494140625 0.40850830078125
0.0166988372802734 0.0228824615478516 0.0786209106445313 0.0326156616210938
0.0143289566040039 -0.0122203826904297 0.56072998046875 -0.50164794921875
0.00316524505615234 -0.00939273834228515 0.00354003906249992 -0.90948486328125
-0.00726127624511718 0.0213546752929687 -0.68359375 -0.4066162109375
0.00741958618164062 0.0233840942382813 -0.56689453125 0.24609375
0.0294780731201172 -0.00670051574707031 -0.224090576171875 0.432891845703125
0.0236778259277344 -0.0238227844238281 0.0887451171875 0.3192138671875
-0.0144138336181641 0.0171957015991211 0.222244262695313 0.108734130859375
-0.0110626220703125 -0.00773048400878906 -0.181869506835938 -0.136825561523438
0.0436744689941406 -0.0221748352050781 0.037628173828125 -0.309234619140625
0.0507850646972656 -0.0069732666015625 0.39398193359375 -0.27667236328125
0.0206871032714844 0.0435371398925781 0.69451904296875 0.09173583984375
-0.00860977172851563 0.0434455871582031 0.4443359375 0.71826171875
-0.00127601623535157 -0.0304183959960938 -0.2520751953125 0.89288330078125
0.00730514526367188 -0.00142621994018555 -0.551177978515625 0.406494140625
0.0339832305908203 0.0136318206787109 0.0860977172851563 0.0324630737304688
0.0202369689941406 -0.0224933624267578 0.572021484375 -0.5052490234375
0.00194263458251953 -0.0114936828613281 0.01422119140625 -0.91522216796875
-0.00153160095214844 0.0249576568603516 -0.6805419921875 -0.41259765625
0.0190410614013672 0.0245399475097656 -0.56793212890625 0.24041748046875
0.0360870361328125 -0.0105056762695313 -0.231292724609375 0.43182373046875
0.026458740234375 -0.0321407318115234 0.083404541015625 0.316192626953125
-0.0144720077514648 0.0089864730834961 0.220611572265625 0.102630615234375
-0.0109586715698242 -0.0145673751831055 -0.185653686523438 -0.145309448242188
0.0447769165039063 -0.0282516479492188 0.02996826171875 -0.321197509765625
0.0567054748535156 -0.0100517272949219 0.384246826171875 -0.2972412109375
0.0280952453613281 0.0444984436035156 0.69854736328125 0.0626220703125
-0.00613784790039062 0.0466499328613281 0.475830078125 0.69439697265625
-0.000682830810546875 -0.0352935791015625 -0.21240234375 0.88995361328125
0.0187797546386719 -0.0138607025146484 -0.53460693359375 0.4176025390625
0.0540962219238281 0.00677490234375 0.0849227905273438 0.0355300903320313
0.0315170288085938 -0.033538818359375 0.58984375 -0.49627685546875
0.00265598297119141 -0.0153102874755859 0.04705810546875 -0.9219970703125
0.000516891479492189 0.0279197692871094 -0.666015625 -0.44158935546875
0.0244140625 0.0254325866699219 -0.5767822265625 0.219482421875
0.0417823791503906 -0.0113945007324219 -0.245025634765625 0.418548583984375
0.02734375 -0.0367546081542969 0.073944091796875 0.3134765625
-0.0134487152099609 0.00336074829101563 0.2164306640625 0.09942626953125
-0.00429153442382812 0.0296421051025391 -0.209609985351562 -0.123321533203125
0.0119733810424805 0.0141878128051758 -0.016448974609375 -0.3228759765625
-0.0073699951171875 0.0247058868408203 0.31414794921875 -0.358734130859375
-0.0347366333007813 0.0380439758300781 0.655517578125 -0.07733154296875
-0.0243949890136719 0.00952339172363281 0.5714111328125 0.5643310546875
0.0118446350097656 -0.0445632934570313 -0.03692626953125 0.907958984375
0.0221977233886719 0.0162010192871094 -0.501434326171875 0.526947021484375
0.0270042419433594 0.0430183410644531 -0.0050048828125 0.0810089111328125
0.0482368469238281 0.00046539306640625 0.64581298828125 -0.373291015625
0.0371360778808594 -0.0354499816894531 0.24517822265625 -0.91949462890625
-0.0196514129638672 -0.0187587738037109 -0.5767822265625 -0.6026611328125
-0.0423088073730469 0.0295028686523438 -0.6304931640625 0.0895996093749999
-0.0195674896240234 0.0266170501708984 -0.30108642578125 0.36328125
-0.00169754028320313 0.0142631530761719 0.05328369140625 0.31341552734375
-0.00463104248046875 0.0357093811035156 0.210662841796875 0.099609375
-0.00372505187988281 0.0281658172607422 -0.202362060546875 -0.118362426757813
0.0166139602661133 0.0125446319580078 0.000640869140625013 -0.312103271484375
-0.00262832641601562 0.0191841125488281 0.335357666015625 -0.336578369140625
-0.0320491790771484 0.0350017547607422 0.66265869140625 -0.0364990234375
-0.0240936279296875 0.0138645172119141 0.5384521484375 0.6060791015625
0.0079345703125 -0.0389785766601563 -0.0972900390625 0.91400146484375
0.0103588104248047 0.0256023406982422 -0.527679443359375 0.50347900390625
0.00983810424804687 0.0445022583007813 0.00492858886718749 0.0711212158203125
0.0326194763183594 0.00539016723632813 0.62091064453125 -0.40277099609375
0.0274620056152344 -0.0265007019042969 0.18023681640625 -0.91851806640625
-0.0216255187988281 -0.0109653472900391 -0.6107177734375 -0.55377197265625
-0.0370330810546875 0.0290641784667969 -0.61895751953125 0.12896728515625
-0.0124397277832031 0.0212993621826172 -0.2818603515625 0.38507080078125
0.00255870819091797 0.0115833282470703 0.065673828125 0.318023681640625
-0.00580978393554688 0.0364837646484375 0.212554931640625 0.105300903320313
-0.00798225402832031 0.0238590240478516 -0.196182250976563 -0.11639404296875
0.0215911865234375 0.009979248046875 0.013824462890625 -0.305267333984375
0.00508785247802734 0.012608528137207 0.35595703125 -0.31048583984375
-0.0242576599121094 0.0345687866210937 0.668701171875 0.01092529296875
-0.021026611328125 0.0164089202880859 0.49884033203125 0.647705078125
0.00673484802246094 -0.0308036804199219 -0.1572265625 0.90985107421875
-0.000446319580078128 0.0298652648925781 -0.54608154296875 0.475311279296875
-0.00107192993164063 0.0443496704101563 0.0234794616699219 0.059783935546875
0.0223350524902344 0.00514411926269531 0.59521484375 -0.435791015625
0.0184249877929688 -0.0193099975585938 0.11395263671875 -0.9151611328125
-0.0182704925537109 -0.00246810913085937 -0.642333984375 -0.5006103515625
-0.0295734405517578 0.0283393859863281 -0.6019287109375 0.17315673828125
-0.00359058380126953 0.0158777236938477 -0.2589111328125 0.402587890625
0.00954437255859375 0.00390911102294922 0.0765380859375 0.32159423828125
-0.0111331939697266 0.0327796936035156 0.217529296875 0.109466552734375
-0.00883865356445313 0.0177669525146484 -0.189743041992188 -0.117935180664063
0.0281696319580078 0.001129150390625 0.02496337890625 -0.300628662109375
0.0161314010620117 0.00720500946044922 0.374420166015625 -0.286895751953125
-0.0145359039306641 0.0342330932617188 0.67718505859375 0.057373046875
-0.0173988342285156 0.0242500305175781 0.465087890625 0.685791015625
0.0049591064453125 -0.0260219573974609 -0.21331787109375 0.90850830078125
-0.00573539733886719 0.0260162353515625 -0.560760498046875 0.445892333984375
-0.00252532958984375 0.0403022766113281 0.0438423156738281 0.0483551025390625
0.0151968002319336 0.0028228759765625 0.57586669921875 -0.465087890625
0.0114898681640625 -0.0132083892822266 0.0554809570312499 -0.9129638671875
-0.0156307220458984 0.00810813903808594 -0.66680908203125 -0.45318603515625
-0.0161323547363281 0.0281486511230469 -0.58331298828125 0.21185302734375
0.00824832916259766 0.00760078430175781 -0.239105224609375 0.421356201171875
0.0157356262207031 -0.00413036346435547 0.086761474609375 0.3232421875
-0.0100250244140625 0.0289249420166016 0.220001220703125 0.111312866210937
-0.00878334045410156 0.00940322875976562 -0.184783935546875 -0.120773315429687
0.0350551605224609 -0.00704574584960938 0.033660888671875 -0.298553466796875
0.0286312103271484 0.00243186950683594 0.387237548828125 -0.275146484375
-0.00283050537109375 0.0373420715332031 0.6810302734375 0.08331298828125
-0.0151004791259766 0.0317363739013672 0.4432373046875 0.7108154296875
0.000776290893554687 -0.0248203277587891 -0.25189208984375 0.90081787109375
-0.00687789916992188 0.0209617614746094 -0.56256103515625 0.42120361328125
0.00150680541992188 0.0320529937744141 0.0629348754882813 0.0397491455078125
0.00960540771484375 -0.00293445587158203 0.56231689453125 -0.48785400390625
0.0072174072265625 -0.00890350341796875 0.01959228515625 -0.90777587890625
-0.00880908966064453 0.0150041580200195 -0.67803955078125 -0.41766357421875
-0.00125503540039062 0.0260772705078125 -0.57110595703125 0.23553466796875
0.0192203521728516 -0.000135421752929688 -0.226165771484375 0.427825927734375
0.0202007293701172 -0.0153484344482422 0.092529296875 0.32183837890625
-0.0116138458251953 0.0226898193359375 0.223587036132813 0.111068725585938
-0.0108547210693359 0.00118541717529297 -0.181808471679688 -0.12799072265625
0.0413475036621094 -0.0147056579589844 0.037811279296875 -0.30218505859375
0.0400276184082031 -0.00275802612304688 0.393463134765625 -0.27154541015625
0.0105781555175781 0.0406074523925781 0.68743896484375 0.0970458984375
-0.0102806091308594 0.0389862060546875 0.43505859375 0.7208251953125
-0.000177383422851563 -0.0277462005615234 -0.261962890625 0.8927001953125
0.000452041625976562 0.0100326538085938 -0.5592041015625 0.409515380859375
0.0167827606201172 0.0239944458007813 0.07891845703125 0.0331878662109375
0.0151872634887695 -0.0123777389526367 0.55999755859375 -0.50274658203125
0.00252437591552734 -0.0104494094848633 0.00256347656250003 -0.9072265625
-0.00500297546386719 0.0201816558837891 -0.68328857421875 -0.4033203125
0.00875663757324219 0.0231170654296875 -0.56329345703125 0.2454833984375
0.0290908813476563 -0.00781059265136719 -0.22198486328125 0.436065673828125
0.0245265960693359 -0.0229835510253906 0.090606689453125 0.319549560546875
-0.0122251510620117 0.0169553756713867 0.222457885742187 0.10748291015625
-0.0102949142456055 -0.00594997406005859 -0.18304443359375 -0.135345458984375
0.0429458618164063 -0.0225791931152344 0.0350341796875 -0.3096923828125
0.0512313842773438 -0.00778961181640625 0.39117431640625 -0.27978515625
0.0213661193847656 0.0431709289550781 0.69439697265625 0.08984375
-0.00872421264648437 0.0421028137207031 0.44842529296875 0.71405029296875
-0.00173759460449219 -0.0312385559082031 -0.2467041015625 0.889404296875
0.00903415679931641 -0.00107765197753906 -0.547271728515625 0.406829833984375
0.0339794158935547 0.0133857727050781 0.0858383178710937 0.0324554443359375
0.0203609466552734 -0.0230884552001953 0.568359375 -0.50677490234375
0.00147438049316406 -0.0113563537597656 0.0097045898437501 -0.9127197265625
-0.00106430053710937 0.0246219635009766 -0.68115234375 -0.407470703125
0.0198154449462891 0.0224475860595703 -0.56475830078125 0.24249267578125
0.0361671447753906 -0.0113449096679688 -0.22943115234375 0.431549072265625
0.0267314910888672 -0.0312976837158203 0.08587646484375 0.316131591796875
-0.0131568908691406 0.00984573364257812 0.221572875976563 0.103561401367188
-0.0106954574584961 -0.0139760971069336 -0.186004638671875 -0.145706176757813
0.0429458618164063 -0.0293235778808594 0.026763916015625 -0.3223876953125
0.0553817749023438 -0.0115203857421875 0.3818359375 -0.30047607421875
0.0308494567871094 0.0442886352539063 0.6961669921875 0.05950927734375
-0.00383758544921875 0.0443572998046875 0.4761962890625 0.688720703125
-0.000541687011718747 -0.0361404418945313 -0.2086181640625 0.88714599609375
0.0186901092529297 -0.0132369995117187 -0.530364990234375 0.419342041015625
0.0524826049804688 0.00685882568359375 0.0851821899414063 0.035186767578125
0.0298271179199219 -0.0315532684326172 0.58770751953125 -0.49517822265625
0.00164508819580078 -0.017115592956543 0.0466308593749999 -0.91851806640625
0.000301361083984377 0.0265235900878906 -0.66534423828125 -0.43701171875
0.0268840789794922 0.0255470275878906 -0.573486328125 0.22076416015625
0.0412063598632813 -0.0117340087890625 -0.241790771484375 0.420867919921875
0.02764892578125 -0.0369148254394531 0.074737548828125 0.31256103515625
-0.0130739212036133 0.00348663330078125 0.219024658203125 0.097930908203125
-0.0035400390625 0.0312347412109375 -0.209091186523438 -0.121185302734375
0.0124397277832031 0.0146417617797852 -0.017425537109375 -0.32354736328125
-0.00826454162597656 0.0236968994140625 0.311553955078125 -0.362396240234375
-0.0326309204101562 0.0400199890136719 0.65484619140625 -0.0828857421875
-0.0233001708984375 0.0103263854980469 0.5748291015625 0.55828857421875
0.0101661682128906 -0.0471725463867188 -0.0340576171875 0.90380859375
0.024200439453125 0.0173454284667969 -0.498504638671875 0.5267333984375
0.02685546875 0.0426445007324219 -0.0048980712890625 0.080352783203125
0.0472793579101563 0.00103759765625 0.64453125 -0.37445068359375
0.035980224609375 -0.0361785888671875 0.241943359375 -0.92083740234375
-0.0200023651123047 -0.0200634002685547 -0.579833984375 -0.60015869140625
-0.0424880981445313 0.027740478515625 -0.6279296875 0.0917968749999999
-0.0198497772216797 0.0275173187255859 -0.30096435546875 0.363037109375
-0.000463485717773438 0.0143356323242187 0.05670166015625 0.312744140625
-0.00450706481933594 0.0350532531738281 0.212371826171875 0.100936889648438
-0.00516700744628906 0.0318984985351563 -0.201141357421875 -0.1185302734375
0.0164098739624023 0.0133247375488281 -0.00436401367187499 -0.313018798828125
-0.00479888916015625 0.0178451538085938 0.33441162109375 -0.33843994140625
-0.0306777954101563 0.0366592407226563 0.662841796875 -0.03851318359375
-0.0224933624267578 0.0131778717041016 0.5396728515625 0.60089111328125
0.00879287719726563 -0.0378456115722656 -0.0924072265625001 0.91217041015625
0.0108795166015625 0.0256214141845703 -0.523284912109375 0.507110595703125
0.0100555419921875 0.0461044311523438 0.00649261474609375 0.071197509765625
0.0326080322265625 0.00559616088867187 0.6175537109375 -0.404052734375
0.0284843444824219 -0.0263786315917969 0.177001953125 -0.91876220703125
-0.0201358795166016 -0.0111103057861328 -0.61322021484375 -0.55133056640625
-0.037078857421875 0.0284194946289063 -0.61761474609375 0.134765625
-0.0126953125 0.0229549407958984 -0.279083251953125 0.38580322265625
0.00374984741210938 0.0103120803833008 0.066925048828125 0.319580078125
-0.00566864013671875 0.0356483459472656 0.215957641601563 0.10528564453125
-0.00606155395507813 0.0240535736083984 -0.195526123046875 -0.115463256835938
0.0220050811767578 0.0079803466796875 0.012115478515625 -0.30462646484375
0.00380611419677734 0.0121946334838867 0.35369873046875 -0.311614990234375
-0.0237503051757813 0.035308837890625 0.67047119140625 0.00677490234375
-0.0204086303710938 0.0170173645019531 0.5025634765625 0.6436767578125
0.00492477416992187 -0.02978515625 -0.1552734375 0.90960693359375
0.00127410888671875 0.0274200439453125 -0.542755126953125 0.476898193359375
-0.000282287597656249 0.0433502197265625 0.0223922729492187 0.0607109069824219
0.0208740234375 0.00600051879882813 0.5936279296875 -0.43695068359375
0.0189609527587891 -0.0199813842773437 0.10968017578125 -0.9154052734375
-0.02020263671875 -0.0037841796875 -0.64483642578125 -0.4979248046875
-0.0275020599365234 0.0293388366699219 -0.60162353515625 0.17572021484375
-0.00289058685302734 0.0149450302124023 -0.255401611328125 0.404693603515625
0.0111465454101563 0.00571632385253906 0.078765869140625 0.321807861328125
-0.0089263916015625 0.0328693389892578 0.218978881835938 0.108718872070313
-0.00807571411132813 0.0197544097900391 -0.188949584960938 -0.1158447265625
0.0282154083251953 0.00122451782226563 0.02386474609375 -0.300201416015625
0.0156221389770508 0.00472927093505859 0.37408447265625 -0.29254150390625
-0.0134449005126953 0.0341987609863281 0.67633056640625 0.05322265625
-0.0174636840820313 0.0235328674316406 0.46795654296875 0.68194580078125
0.00366783142089843 -0.0275936126708984 -0.21051025390625 0.90460205078125
-0.00431632995605469 0.0264854431152344 -0.557708740234375 0.444915771484375
-0.002685546875 0.0411415100097656 0.0440177917480469 0.0480422973632812
0.0152692794799805 0.00330638885498047 0.573974609375 -0.46881103515625
0.0127124786376953 -0.0127201080322266 0.05078125 -0.9102783203125
-0.0136175155639648 0.0068655014038086 -0.66754150390625 -0.4501953125
-0.0155124664306641 0.0269126892089844 -0.5811767578125 0.21490478515625
0.00908851623535156 0.00764179229736328 -0.235992431640625 0.41986083984375
0.0157089233398438 -0.00413608551025391 0.09033203125 0.323028564453125
-0.00818252563476562 0.02984619140625 0.222808837890625 0.109420776367188
-0.00853919982910156 0.00907135009765625 -0.186050415039063 -0.121475219726562
0.036102294921875 -0.006744384765625 0.033355712890625 -0.2991943359375
0.0276412963867188 -0.00067901611328125 0.384307861328125 -0.276031494140625
-0.000865936279296873 0.0368194580078125 0.67999267578125 0.07794189453125
-0.0138702392578125 0.0315628051757813 0.44537353515625 0.70587158203125
0.0012054443359375 -0.0251407623291016 -0.24639892578125 0.897705078125
-0.00600624084472656 0.0202808380126953 -0.56097412109375 0.423583984375
0.00417709350585937 0.0324172973632813 0.0623703002929688 0.0397987365722656
0.0115537643432617 -0.00230121612548828 0.560546875 -0.487884521484375
0.00641727447509766 -0.00900936126708984 0.01605224609375 -0.90618896484375
-0.0114345550537109 0.0141153335571289 -0.6817626953125 -0.41546630859375
-0.0019683837890625 0.0256462097167969 -0.56695556640625 0.2388916015625
0.0196552276611328 -0.0001373291015625 -0.22186279296875 0.430023193359375
0.0201740264892578 -0.0150203704833984 0.095977783203125 0.322052001953125
-0.0108280181884766 0.0233135223388672 0.224578857421875 0.109481811523437
-0.0101995468139648 0.00206184387207031 -0.183212280273438 -0.126861572265625
0.0402183532714844 -0.0162467956542969 0.03521728515625 -0.3028564453125
0.0413436889648438 -0.004852294921875 0.39129638671875 -0.27398681640625
0.0114364624023437 0.0394515991210937 0.68890380859375 0.09307861328125
-0.0104446411132813 0.0374755859375 0.43682861328125 0.714599609375
-0.000635147094726563 -0.0288448333740234 -0.256591796875 0.88934326171875
0.00198936462402344 0.00996017456054688 -0.557891845703125 0.40948486328125
0.0171451568603516 0.0248432159423828 0.0772781372070313 0.0337753295898438
0.0136594772338867 -0.0133190155029297 0.557281494140625 -0.50360107421875
0.00299644470214844 -0.0102415084838867 0.000610351562499943 -0.9052734375
-0.00512123107910156 0.0200119018554688 -0.6842041015625 -0.3984375
0.00990104675292968 0.024169921875 -0.56329345703125 0.24896240234375
0.0286617279052734 -0.00684738159179688 -0.218536376953125 0.435089111328125
0.0230941772460938 -0.0239906311035156 0.093963623046875 0.320831298828125
-0.0121183395385742 0.0162878036499023 0.223373413085938 0.106643676757813
-0.0111856460571289 -0.00712871551513672 -0.1849365234375 -0.13555908203125
0.0434722900390625 -0.0234642028808594 0.031829833984375 -0.31048583984375
0.0504531860351563 -0.0088653564453125 0.390228271484375 -0.282623291015625
0.0223426818847656 0.0427093505859375 0.6947021484375 0.08209228515625
-0.00646209716796875 0.0408172607421875 0.45294189453125 0.7083740234375
-0.00200462341308594 -0.0323295593261719 -0.2425537109375 0.8875732421875
0.00883102416992188 -0.00169086456298828 -0.545379638671875 0.409637451171875
0.0341796875 0.0156211853027344 0.0855789184570313 0.032562255859375
0.0203208923339844 -0.02313232421875 0.56463623046875 -0.50726318359375
0.001739501953125 -0.0133142471313477 0.00750732421875003 -0.912109375
-0.000839233398437501 0.0238914489746094 -0.68170166015625 -0.4058837890625
0.0201702117919922 0.0224781036376953 -0.56365966796875 0.2451171875
0.0365142822265625 -0.0097198486328125 -0.2252197265625 0.430755615234375
0.025299072265625 -0.0320968627929688 0.088897705078125 0.3162841796875
-0.0115337371826172 0.00912284851074219 0.223464965820313 0.102828979492188
-0.0103654861450195 -0.0126399993896484 -0.187408447265625 -0.144622802734375
0.0433769226074219 -0.0295639038085938 0.02294921875 -0.322967529296875
0.053619384765625 -0.0122604370117187 0.379547119140625 -0.30059814453125
0.0307579040527344 0.0449600219726563 0.6973876953125 0.0528564453125
-0.00366973876953125 0.0430107116699219 0.48089599609375 0.68463134765625
-0.000656127929687503 -0.0368423461914063 -0.20391845703125 0.885498046875
0.0194263458251953 -0.0138645172119141 -0.526824951171875 0.41998291015625
0.0536231994628906 0.00658798217773438 0.0842437744140625 0.0352783203125
0.0301799774169922 -0.0323524475097656 0.58685302734375 -0.4981689453125
0.00148200988769531 -0.0176162719726563 0.0432739257812499 -0.91766357421875
0.0014190673828125 0.027374267578125 -0.66552734375 -0.4345703125
0.0256671905517578 0.0238895416259766 -0.572265625 0.2215576171875
0.0415115356445313 -0.00968551635742188 -0.239349365234375 0.419952392578125
0.0273971557617188 -0.0365638732910156 0.077972412109375 0.31207275390625
-0.0124082565307617 0.00393772125244141 0.219284057617188 0.0985260009765625
-0.00261497497558594 0.0312938690185547 -0.211441040039063 -0.121551513671875
0.011749267578125 0.0149755477905273 -0.02032470703125 -0.324493408203125
-0.00722312927246094 0.0245227813720703 0.309967041015625 -0.365081787109375
-0.0321426391601563 0.0395393371582031 0.6536865234375 -0.08819580078125
-0.0222988128662109 0.00901603698730469 0.5770263671875 0.552978515625
0.0108604431152344 -0.0476799011230469 -0.0297241210937501 0.90191650390625
0.0221691131591797 0.0152759552001953 -0.4969482421875 0.528411865234375
0.0276985168457031 0.0449066162109375 -0.00527191162109374 0.0807113647460938
0.0457229614257813 0.00238418579101563 0.64288330078125 -0.37554931640625
0.0350837707519531 -0.03546142578125 0.23846435546875 -0.91949462890625
-0.0193996429443359 -0.0202865600585938 -0.57989501953125 -0.59783935546875
-0.0404701232910156 0.0295753479003906 -0.62799072265625 0.0949096679687499
-0.0191383361816406 0.0268592834472656 -0.298553466796875 0.3663330078125
-0.000317573547363282 0.0142850875854492 0.057159423828125 0.3131103515625
-0.00234603881835938 0.0364227294921875 0.214492797851563 0.0990142822265625
-0.00324821472167969 0.0292758941650391 -0.202850341796875 -0.11773681640625
0.0155172348022461 0.0121212005615234 -0.005126953125 -0.314697265625
-0.00408744812011719 0.0179862976074219 0.33282470703125 -0.340118408203125
-0.0294113159179687 0.035186767578125 0.6632080078125 -0.0433349609375
-0.0218372344970703 0.0124244689941406 0.545654296875 0.59637451171875
0.00874710083007813 -0.0391426086425781 -0.0888671874999999 0.90911865234375
0.0102806091308594 0.0243854522705078 -0.519805908203125 0.50677490234375
0.00978851318359375 0.0462532043457031 0.00431823730468749 0.07110595703125
0.0343360900878906 0.00684356689453125 0.6182861328125 -0.4044189453125
0.0269870758056641 -0.0259456634521484 0.17364501953125 -0.91986083984375
-0.0210342407226562 -0.0123100280761719 -0.61517333984375 -0.54986572265625
-0.0361671447753906 0.0286331176757813 -0.61676025390625 0.13470458984375
-0.0116386413574219 0.0226116180419922 -0.2794189453125 0.38653564453125
0.00306510925292969 0.0115365982055664 0.069061279296875 0.31964111328125
-0.00556182861328125 0.0372581481933594 0.214736938476562 0.10540771484375
-0.00527000427246094 0.0237636566162109 -0.197677612304687 -0.11480712890625
0.0214290618896484 0.00792503356933594 0.00952148437500003 -0.306884765625
0.00372886657714844 0.0137701034545898 0.35308837890625 -0.31414794921875
-0.0226669311523438 0.0340232849121094 0.6705322265625 0.00396728515625
-0.0188922882080078 0.0156116485595703 0.50567626953125 0.63726806640625
0.00556755065917969 -0.0330581665039063 -0.1497802734375 0.90936279296875
0.00271224975585938 0.0297584533691406 -0.5408935546875 0.4761962890625
-0.000751495361328122 0.0447769165039062 0.0224838256835938 0.0622749328613281
0.0219612121582031 0.00595283508300781 0.5916748046875 -0.43768310546875
0.0183353424072266 -0.0194473266601563 0.10760498046875 -0.913330078125
-0.0188179016113281 -0.00196456909179687 -0.64483642578125 -0.49420166015625
-0.0271244049072266 0.0291175842285156 -0.60003662109375 0.177978515625
-0.00280570983886719 0.0148630142211914 -0.255126953125 0.4051513671875
0.00986480712890625 0.00409507751464844 0.081787109375 0.321746826171875
-0.00644111633300781 0.0346889495849609 0.221267700195313 0.110580444335938
-0.00697898864746094 0.0190658569335938 -0.1905517578125 -0.115493774414063
0.028045654296875 0.000970840454101563 0.02178955078125 -0.300140380859375
0.0157060623168945 0.00512123107910156 0.3699951171875 -0.293792724609375
-0.0127964019775391 0.034759521484375 0.678955078125 0.0477294921875
-0.0170364379882812 0.0220928192138672 0.47259521484375 0.6771240234375
0.0018768310546875 -0.0298004150390625 -0.20501708984375 0.90325927734375
-0.00553321838378906 0.0270786285400391 -0.555908203125 0.447509765625
-0.00152206420898437 0.0412788391113281 0.0441017150878906 0.0483589172363281
0.0143623352050781 0.00373935699462891 0.57281494140625 -0.46868896484375
0.0110607147216797 -0.0139360427856445 0.0491333007812501 -0.9105224609375
-0.0149946212768555 0.00640392303466797 -0.66864013671875 -0.44635009765625
-0.0155735015869141 0.0276527404785156 -0.58154296875 0.21697998046875
0.00749874114990234 0.00768280029296875 -0.233734130859375 0.4228515625
0.016108512878418 -0.00396060943603516 0.09259033203125 0.322418212890625
-0.00687599182128906 0.0311298370361328 0.224639892578125 0.110641479492188
-0.0107173919677734 0.00961875915527344 -0.186721801757813 -0.118576049804687
0.0362014770507813 -0.00708770751953125 0.0321044921875 -0.301177978515625
0.02862548828125 0.000396728515625 0.382354736328125 -0.280517578125
-0.00142288208007813 0.0357246398925781 0.68157958984375 0.07537841796875
-0.0130195617675781 0.0298919677734375 0.4478759765625 0.6993408203125
0.000354766845703128 -0.0270709991455078 -0.24005126953125 0.89569091796875
-0.00585174560546875 0.0201988220214844 -0.55926513671875 0.42333984375
0.004364013671875 0.0333480834960937 0.0642967224121094 0.0414695739746094
0.00958156585693359 -0.00282573699951172 0.560577392578125 -0.490631103515625
0.00543975830078125 -0.0106706619262695 0.014404296875 -0.9041748046875
-0.0109415054321289 0.0148992538452148 -0.681884765625 -0.41058349609375
-0.00205039978027344 0.0253524780273438 -0.5660400390625 0.24005126953125
0.0180416107177734 -0.000188827514648438 -0.221832275390625 0.43145751953125
0.0203456878662109 -0.0138416290283203 0.098114013671875 0.322784423828125
-0.00950813293457031 0.0247669219970703 0.225570678710938 0.110260009765625
-0.0101356506347656 0.00215435028076172 -0.1849365234375 -0.127548217773438
0.0411491394042969 -0.015167236328125 0.032928466796875 -0.3028564453125
0.0410499572753906 -0.00500106811523438 0.38775634765625 -0.278167724609375
0.0125236511230469 0.0399551391601563 0.68914794921875 0.0865478515625
-0.0104751586914062 0.0359458923339844 0.44183349609375 0.71026611328125
-0.00141716003417969 -0.0294704437255859 -0.2550048828125 0.88824462890625
0.00106143951416016 0.00860738754272461 -0.556060791015625 0.409942626953125
0.0175209045410156 0.0240345001220703 0.0779342651367188 0.035064697265625
0.0136251449584961 -0.0123996734619141 0.55633544921875 -0.505584716796875
0.00330162048339844 -0.0109109878540039 -0.00238037109375003 -0.9041748046875
-0.0049591064453125 0.0206298828125 -0.6856689453125 -0.39727783203125
0.0101833343505859 0.0224838256835938 -0.5626220703125 0.2498779296875
0.0279541015625 -0.00745773315429688 -0.217132568359375 0.43707275390625
0.0237216949462891 -0.0245037078857422 0.096435546875 0.321563720703125
-0.0112228393554688 0.0166330337524414 0.225341796875 0.107376098632812
-0.0105323791503906 -0.00579261779785156 -0.18487548828125 -0.134765625
0.0428962707519531 -0.0251045227050781 0.030517578125 -0.311676025390625
0.0506095886230469 -0.00843048095703125 0.3900146484375 -0.28515625
0.0243644714355469 0.0411872863769531 0.69439697265625 0.0787353515625
-0.00851058959960938 0.0403861999511719 0.45556640625 0.702880859375
-0.00104141235351563 -0.0340728759765625 -0.24017333984375 0.8870849609375
0.00939369201660156 -0.0018768310546875 -0.543548583984375 0.41009521484375
0.0345439910888672 0.0149421691894531 0.0848464965820313 0.0331192016601563
0.0190868377685547 -0.0230522155761719 0.5643310546875 -0.5081787109375
0.00148487091064453 -0.0115509033203125 0.00341796875000008 -0.91302490234375
-0.00122642517089844 0.0233325958251953 -0.681640625 -0.404052734375
0.0210514068603516 0.0226554870605469 -0.562164306640625 0.246826171875
0.0365982055664063 -0.0109176635742188 -0.22381591796875 0.434417724609375
0.0250225067138672 -0.0323066711425781 0.09014892578125 0.316802978515625
-0.011317253112793 0.0097951889038086 0.223831176757813 0.101287841796875
-0.0106439590454102 -0.0122394561767578 -0.188186645507812 -0.144500732421875
0.04150390625 -0.0301170349121094 0.02276611328125 -0.322662353515625
0.0546531677246094 -0.0118942260742187 0.376800537109375 -0.305755615234375
0.0305061340332031 0.0431251525878906 0.6962890625 0.0496826171875
-0.00236892700195313 0.0429496765136719 0.4853515625 0.67803955078125
-0.00220108032226563 -0.0375518798828125 -0.2003173828125 0.88427734375
0.0193996429443359 -0.0131397247314453 -0.526641845703125 0.41741943359375
0.0544853210449219 0.00671005249023438 0.0834503173828125 0.034698486328125
0.0285491943359375 -0.0327205657958984 0.584228515625 -0.4991455078125
0.0015716552734375 -0.0186805725097656 0.0406494140625 -0.91864013671875
0.000873565673828125 0.0260391235351563 -0.66656494140625 -0.4310302734375
0.0280246734619141 0.0248985290527344 -0.5721435546875 0.22491455078125
0.0410041809082031 -0.0111045837402344 -0.239227294921875 0.42193603515625
0.0247154235839844 -0.0364837646484375 0.07965087890625 0.3134765625
-0.0107526779174805 0.00313949584960937 0.220138549804688 0.0959320068359375
-0.00212287902832031 0.0307216644287109 -0.211578369140625 -0.120468139648437
0.01226806640625 0.0131216049194336 -0.022979736328125 -0.325531005859375
-0.00799179077148438 0.0227718353271484 0.307769775390625 -0.367431640625
-0.0298995971679687 0.0390090942382813 0.65460205078125 -0.09271240234375
-0.0213832855224609 0.00842857360839843 0.579833984375 0.5511474609375
0.0104408264160156 -0.0497970581054688 -0.0252685546875 0.9013671875
0.0247230529785156 0.0161113739013672 -0.493743896484375 0.529571533203125
0.0274505615234375 0.0434303283691406 -0.00615692138671874 0.0804443359375
0.0469017028808594 0.00140380859375 0.64190673828125 -0.376953125
0.0348854064941406 -0.0373458862304688 0.2376708984375 -0.9207763671875
-0.0189666748046875 -0.0212421417236328 -0.58026123046875 -0.59783935546875
-0.0399093627929688 0.0274276733398438 -0.629150390625 0.0961303710937499
-0.0201148986816406 0.0261821746826172 -0.297943115234375 0.36572265625
-0.00167560577392578 0.0144596099853516 0.059417724609375 0.312744140625
-0.00199699401855469 0.0350513458251953 0.21484375 0.098663330078125
-0.00260162353515625 0.0301151275634766 -0.204727172851563 -0.116607666015625
0.0154628753662109 0.0105972290039063 -0.00750732421874997 -0.315887451171875
-0.00351524353027344 0.0197944641113281 0.330657958984375 -0.3428955078125
-0.0280113220214844 0.0355911254882813 0.66265869140625 -0.04888916015625
-0.0212364196777344 0.0106525421142578 0.54705810546875 0.59368896484375
0.00733184814453125 -0.0407600402832031 -0.0855712890625 0.90869140625
0.0102081298828125 0.0244102478027344 -0.518310546875 0.508758544921875
0.0100173950195312 0.0468597412109375 0.0053558349609375 0.0710830688476563
0.0313396453857422 0.00638389587402344 0.61700439453125 -0.40716552734375
0.0267887115478516 -0.0282821655273438 0.17169189453125 -0.92242431640625
-0.0196609497070312 -0.0129890441894531 -0.6160888671875 -0.54730224609375
-0.035247802734375 0.0282363891601563 -0.61480712890625 0.13824462890625
-0.0110645294189453 0.0232715606689453 -0.27716064453125 0.388641357421875
0.00345516204833984 0.0110454559326172 0.071014404296875 0.319580078125
-0.00363540649414063 0.0359077453613281 0.21722412109375 0.103988647460938
-0.00683403015136719 0.0250034332275391 -0.198379516601563 -0.114898681640625
0.0220775604248047 0.00571823120117187 0.00717163085937498 -0.30657958984375
0.00456428527832031 0.0128259658813477 0.3505859375 -0.3179931640625
-0.0215187072753906 0.0330677032470703 0.67413330078125 -0.0010986328125
-0.0187568664550781 0.0149250030517578 0.51123046875 0.63623046875
0.00457572937011719 -0.0341358184814453 -0.1453857421875 0.9078369140625
0.00150680541992188 0.029052734375 -0.5394287109375 0.478790283203125
-0.000476837158203127 0.0451393127441406 0.0230178833007812 0.061859130859375
0.0217838287353516 0.00614166259765625 0.59088134765625 -0.4393310546875
0.0186176300048828 -0.0204524993896484 0.10418701171875 -0.9141845703125
-0.0192089080810547 -0.00396347045898438 -0.64666748046875 -0.49163818359375
-0.0258255004882812 0.0276679992675781 -0.59881591796875 0.17950439453125
-0.00227928161621094 0.0155878067016602 -0.253997802734375 0.40673828125
0.00894355773925781 0.00449657440185547 0.08416748046875 0.322418212890625
-0.00361061096191407 0.0334968566894531 0.221527099609375 0.108779907226563
-0.0070343017578125 0.0200004577636719 -0.191787719726563 -0.116653442382812
0.0293502807617188 -6.866455078125E-05 0.01953125 -0.302398681640625
0.0144472122192383 0.00428390502929688 0.370391845703125 -0.29827880859375
-0.0128288269042969 0.0334548950195313 0.6781005859375 0.04150390625
-0.0160923004150391 0.0214023590087891 0.47601318359375 0.6748046875
0.00347328186035156 -0.0292816162109375 -0.203369140625 0.90472412109375
-0.00347137451171875 0.0266189575195313 -0.5535888671875 0.447509765625
-0.000469207763671875 0.0410842895507813 0.0434417724609375 0.0487327575683594
0.0143499374389648 0.00356388092041016 0.57098388671875 -0.47015380859375
0.0108118057250977 -0.0149574279785156 0.0463867187500001 -0.91168212890625
-0.014068603515625 0.00581741333007812 -0.67041015625 -0.44342041015625
-0.0141944885253906 0.0273551940917969 -0.5794677734375 0.21978759765625
0.00806856155395508 0.00810527801513672 -0.232818603515625 0.4248046875
0.0149383544921875 -0.00249958038330078 0.09466552734375 0.324859619140625
-0.00676155090332031 0.0302314758300781 0.225982666015625 0.109359741210938
-0.00894832611083984 0.0100612640380859 -0.188949584960937 -0.1199951171875
0.0346298217773438 -0.00699234008789063 0.030487060546875 -0.302764892578125
0.0279445648193359 -0.000469207763671875 0.38238525390625 -0.282470703125
0.00138473510742188 0.035736083984375 0.68438720703125 0.0704345703125
-0.0122203826904297 0.0280857086181641 0.451171875 0.6976318359375
0.000225067138671876 -0.0299110412597656 -0.2376708984375 0.89471435546875
-0.00551033020019531 0.0210170745849609 -0.557342529296875 0.422332763671875
0.00271987915039063 0.0332126617431641 0.0622367858886719 0.0413246154785156
0.0105743408203125 -0.00294017791748047 0.559326171875 -0.491790771484375
0.00485038757324219 -0.0102100372314453 0.0120849609375001 -0.90576171875
-0.00993919372558594 0.0141391754150391 -0.6820068359375 -0.4080810546875
-0.00132369995117187 0.0239944458007812 -0.56707763671875 0.24169921875
0.0179290771484375 -0.0010986328125 -0.219970703125 0.430694580078125
0.0200138092041016 -0.0141944885253906 0.099884033203125 0.32293701171875
-0.00899124145507813 0.0246238708496094 0.227066040039063 0.109237670898438
-0.00894260406494141 0.00269508361816406 -0.1859130859375 -0.127410888671875
0.0408477783203125 -0.0167427062988281 0.031646728515625 -0.3052978515625
0.0407447814941406 -0.00534820556640625 0.3875732421875 -0.280364990234375
0.0132980346679688 0.0389251708984375 0.68841552734375 0.08306884765625
-0.0100135803222656 0.0352439880371094 0.44342041015625 0.70733642578125
-0.00201034545898438 -0.0311622619628906 -0.25250244140625 0.88897705078125
0.00144290924072266 0.00955486297607422 -0.554931640625 0.411834716796875
0.0183601379394531 0.0247669219970703 0.0764236450195313 0.035430908203125
0.0128870010375977 -0.0121135711669922 0.554595947265625 -0.50653076171875
0.00207614898681641 -0.01153564453125 -0.00628662109375003 -0.9051513671875
-0.00511360168457031 0.0195980072021484 -0.68768310546875 -0.3939208984375
0.0118904113769531 0.0227508544921875 -0.55950927734375 0.2537841796875
0.0287857055664062 -0.00789260864257813 -0.215057373046875 0.438629150390625
0.0239143371582031 -0.0242500305175781 0.097991943359375 0.3206787109375
-0.0101518630981445 0.0173768997192383 0.228118896484375 0.105819702148437
-0.0102863311767578 -0.00473785400390625 -0.185684204101563 -0.135452270507813
0.0427513122558594 -0.0230789184570313 0.0286865234375 -0.31170654296875
0.0492439270019531 -0.008575439453125 0.38677978515625 -0.2882080078125
0.0245285034179688 0.0423660278320313 0.69683837890625 0.0736083984375
-0.00543975830078125 0.040435791015625 0.45794677734375 0.70086669921875
-0.00297355651855469 -0.0343608856201172 -0.23681640625 0.88641357421875
0.0096578598022461 -0.00140190124511719 -0.543426513671875 0.40948486328125
0.0352745056152344 0.0152359008789063 0.0844573974609375 0.0329818725585938
0.0196514129638672 -0.022369384765625 0.5635986328125 -0.5123291015625
0.000205039978027343 -0.0126962661743164 0.00390624999999994 -0.9107666015625
-0.000539779663085939 0.0236454010009766 -0.68341064453125 -0.4007568359375
0.0216026306152344 0.0221729278564453 -0.562255859375 0.249298095703125
0.0362167358398438 -0.012420654296875 -0.22216796875 0.434783935546875
0.0251674652099609 -0.0322132110595703 0.09271240234375 0.316497802734375
-0.0101289749145508 0.0107650756835937 0.224990844726563 0.101974487304687
-0.00979423522949219 -0.0110158920288086 -0.189208984375 -0.144729614257813
0.0411300659179688 -0.03045654296875 0.021240234375 -0.3240966796875
0.0546684265136719 -0.0123329162597656 0.3765869140625 -0.30841064453125
0.0326728820800781 0.0424156188964844 0.69769287109375 0.04498291015625
-0.00213241577148437 0.0419197082519531 0.486572265625 0.67578125
-0.00250625610351563 -0.0395393371582031 -0.1981201171875 0.8829345703125
0.0203609466552734 -0.0135040283203125 -0.523193359375 0.420135498046875
0.0528106689453125 0.00691986083984375 0.0853042602539063 0.035736083984375
0.0295448303222656 -0.0315513610839844 0.583251953125 -0.49932861328125
0.00113296508789063 -0.0180397033691406 0.0377807617187501 -0.91973876953125
0.000926971435546875 0.0247974395751953 -0.66876220703125 -0.4290771484375
0.0290966033935547 0.0250186920166016 -0.5714111328125 0.224853515625
0.0427055358886719 -0.0117607116699219 -0.23773193359375 0.424530029296875
0.0275306701660156 -0.0364799499511719 0.082550048828125 0.314483642578125
-0.0101995468139648 0.003997802734375 0.2216796875 0.096527099609375
-0.00176620483398438 0.0320873260498047 -0.213668823242188 -0.121109008789062
0.0121917724609375 0.0132150650024414 -0.024566650390625 -0.326934814453125
-0.00773429870605469 0.0240974426269531 0.3065185546875 -0.37078857421875
-0.029541015625 0.0392265319824219 0.6566162109375 -0.0955810546875
-0.0220298767089844 0.00675010681152344 0.58349609375 0.548583984375
0.00884246826171875 -0.0501747131347656 -0.0237426757812501 0.9002685546875
0.0237007141113281 0.0154056549072266 -0.49139404296875 0.531494140625
0.0279541015625 0.0457611083984375 -0.0066680908203125 0.0821151733398438
0.0465774536132813 0.001434326171875 0.64129638671875 -0.38055419921875
0.0357208251953125 -0.0373573303222656 0.2354736328125 -0.92352294921875
-0.0203170776367188 -0.0207901000976562 -0.5858154296875 -0.5943603515625
-0.0401573181152344 0.0273475646972656 -0.63018798828125 0.0982666015624999
-0.0185279846191406 0.0260810852050781 -0.29571533203125 0.36895751953125
-0.000903129577636718 0.0131912231445313 0.062530517578125 0.3148193359375
-0.000892639160156251 0.0371284484863281 0.21649169921875 0.0974273681640625
-0.00307273864746093 0.0316963195800781 -0.205291748046875 -0.115264892578125
0.0163803100585938 0.0120649337768555 -0.010345458984375 -0.31561279296875
-0.00449562072753906 0.0187091827392578 0.329925537109375 -0.34552001953125
-0.0282077789306641 0.0351181030273438 0.66619873046875 -0.05133056640625
-0.0191535949707031 0.0104770660400391 0.5528564453125 0.58953857421875
0.00865936279296874 -0.0428352355957031 -0.08453369140625 0.9080810546875
0.0118446350097656 0.0251941680908203 -0.51898193359375 0.5087890625
0.0101356506347656 0.0459060668945313 0.00307464599609375 0.0726394653320313
0.0318260192871094 0.00568008422851563 0.61724853515625 -0.40972900390625
0.0276088714599609 -0.0286445617675781 0.16961669921875 -0.9239501953125
-0.0200977325439453 -0.0136871337890625 -0.61810302734375 -0.54547119140625
-0.0337734222412109 0.0292282104492188 -0.619384765625 0.1402587890625
-0.0117435455322266 0.02178955078125 -0.276458740234375 0.389312744140625
0.0037393569946289 0.0110712051391602 0.07293701171875 0.32080078125
-0.00117111206054687 0.0379219055175781 0.219100952148438 0.105117797851563
-0.00312995910644531 0.02606201171875 -0.198562622070313 -0.113479614257813
0.0216903686523438 0.00621604919433594 0.00512695312499999 -0.30853271484375
0.00270366668701172 0.0117063522338867 0.349761962890625 -0.3203125
-0.0209426879882813 0.0331954956054688 0.673583984375 -0.00518798828125
-0.0166311264038086 0.0131387710571289 0.5145263671875 0.63330078125
0.00540542602539062 -0.036956787109375 -0.14501953125 0.90972900390625
0.00189781188964844 0.0271034240722656 -0.537567138671875 0.477508544921875
-0.000427246093750003 0.0456008911132813 0.0223503112792969 0.0628395080566406
0.0204105377197266 0.00577735900878906 0.59014892578125 -0.44073486328125
0.0180892944335937 -0.0207023620605469 0.1011962890625 -0.91668701171875
-0.0171632766723633 -0.00317192077636719 -0.64874267578125 -0.49029541015625
-0.0245208740234375 0.0286312103271484 -0.59808349609375 0.18310546875
-0.00236225128173828 0.0153703689575195 -0.252777099609375 0.409576416015625
0.0109663009643555 0.00318431854248047 0.08612060546875 0.323486328125
-0.0041961669921875 0.0354537963867188 0.223220825195313 0.108352661132813
-0.0060882568359375 0.0201816558837891 -0.194320678710937 -0.115203857421875
0.0272769927978516 0.000667572021484375 0.018798828125 -0.303924560546875
0.0158901214599609 0.00500583648681641 0.3709716796875 -0.300567626953125
-0.00963211059570312 0.0339813232421875 0.68121337890625 0.03900146484375
-0.0169639587402344 0.0197772979736328 0.4801025390625 0.67041015625
0.00210762023925781 -0.0305709838867187 -0.198974609375 0.9041748046875
-0.0030670166015625 0.0274257659912109 -0.5518798828125 0.450592041015625
-0.0022125244140625 0.04248046875 0.0441055297851562 0.050140380859375
0.0143871307373047 0.00407314300537109 0.57061767578125 -0.47119140625
0.0116586685180664 -0.0149831771850586 0.0455322265625 -0.91326904296875
-0.0141935348510742 0.0051727294921875 -0.67254638671875 -0.44122314453125
-0.0119857788085938 0.0257339477539063 -0.58062744140625 0.22021484375
0.00873374938964844 0.00831317901611328 -0.229736328125 0.42620849609375
0.0155811309814453 -0.00506877899169922 0.097991943359375 0.32562255859375
-0.005950927734375 0.0312747955322266 0.226318359375 0.110427856445313
-0.00616168975830078 0.01055908203125 -0.190444946289062 -0.119049072265625
0.0349388122558594 -0.00969123840332031 0.025665283203125 -0.302276611328125
0.0285377502441406 -0.00211334228515625 0.38079833984375 -0.28704833984375
0.00258636474609375 0.03607177734375 0.684814453125 0.0675048828125
-0.0128803253173828 0.0268669128417969 0.45697021484375 0.69427490234375
-0.000637054443359375 -0.0289745330810547 -0.236083984375 0.89642333984375
-0.00535392761230469 0.0203838348388672 -0.5570068359375 0.425994873046875
0.00362396240234375 0.0351753234863281 0.0626907348632812 0.0401611328125
0.010004997253418 -0.00247478485107422 0.55792236328125 -0.49468994140625
0.00500011444091797 -0.0131216049194336 0.00891113281249999 -0.90716552734375
-0.00951290130615235 0.0145711898803711 -0.6851806640625 -0.40576171875
-0.000247955322265627 0.0244350433349609 -0.566650390625 0.246337890625
0.0187053680419922 -0.00214767456054687 -0.217987060546875 0.434661865234375
0.0196037292480469 -0.01458740234375 0.101898193359375 0.32421875
-0.0077362060546875 0.0246334075927734 0.22991943359375 0.109848022460938
-0.00836563110351563 0.00369596481323242 -0.1873779296875 -0.1275634765625
0.038909912109375 -0.0162734985351563 0.02886962890625 -0.30792236328125
0.040283203125 -0.00455856323242188 0.386383056640625 -0.28436279296875
0.0139999389648437 0.0400543212890625 0.69134521484375 0.07879638671875
-0.00862884521484375 0.0335369110107422 0.449462890625 0.70556640625
-0.00150871276855469 -0.0320053100585938 -0.24853515625 0.890869140625
0.00279521942138672 0.0100345611572266 -0.552886962890625 0.41229248046875
0.0172977447509766 0.0254306793212891 0.0763168334960938 0.0338287353515625
0.0132465362548828 -0.0109500885009766 0.554779052734375 -0.507232666015625
0.001129150390625 -0.0115652084350586 -0.00793457031250008 -0.90667724609375
-0.00348472595214844 0.0187969207763672 -0.68798828125 -0.393310546875
0.0117130279541016 0.0232734680175781 -0.56005859375 0.25433349609375
0.0289096832275391 -0.00822639465332031 -0.21441650390625 0.439849853515625
0.02288818359375 -0.0249767303466797 0.101806640625 0.323699951171875
-0.00829505920410156 0.0179672241210938 0.22918701171875 0.1065673828125
-0.00886154174804688 -0.00461387634277344 -0.186492919921875 -0.13592529296875
0.0417442321777344 -0.0245246887207031 0.02728271484375 -0.31512451171875
0.0498886108398438 -0.0103225708007813 0.386322021484375 -0.2918701171875
0.0250091552734375 0.0418319702148438 0.69964599609375 0.06964111328125
-0.00630950927734375 0.0384330749511719 0.4627685546875 0.69805908203125
-0.00431442260742187 -0.0362052917480469 -0.23236083984375 0.8857421875
0.0103073120117188 -0.00213527679443359 -0.541046142578125 0.41168212890625
0.0341072082519531 0.0159626007080078 0.0842437744140625 0.0328292846679687
0.0192165374755859 -0.0235500335693359 0.563720703125 -0.5115966796875
0.00035572052001953 -0.0124435424804688 -0.000183105468750009 -0.91363525390625
-0.000213623046875001 0.0232429504394531 -0.6845703125 -0.39776611328125
0.0227088928222656 0.0215549468994141 -0.560302734375 0.250640869140625
0.0364570617675781 -0.0121383666992187 -0.220550537109375 0.438079833984375
0.0244655609130859 -0.0321788787841797 0.0948486328125 0.31884765625
-0.00842666625976562 0.0113964080810547 0.228042602539063 0.100906372070313
-0.00887393951416015 -0.0103273391723633 -0.191574096679687 -0.144668579101563
0.0410804748535156 -0.0303192138671875 0.018798828125 -0.325408935546875
0.05316162109375 -0.0139694213867188 0.374969482421875 -0.31292724609375
0.0337295532226563 0.0418739318847656 0.70147705078125 0.04046630859375
-0.000598907470703122 0.0417289733886719 0.49078369140625 0.672119140625
-0.00432968139648438 -0.0418319702148438 -0.1944580078125 0.884033203125
0.0206050872802734 -0.0140132904052734 -0.5245361328125 0.421600341796875
0.052978515625 0.00785064697265625 0.0847854614257813 0.0367050170898438
0.0282726287841797 -0.033538818359375 0.58160400390625 -0.5018310546875
0.000459671020507813 -0.0182056427001953 0.0354614257812501 -0.92108154296875
0.00273704528808594 0.0252609252929688 -0.66943359375 -0.4281005859375
0.0283908843994141 0.0232505798339844 -0.57025146484375 0.231689453125
0.0409317016601563 -0.0108604431152344 -0.236541748046875 0.427825927734375
0.0262413024902344 -0.0354881286621094 0.085052490234375 0.314697265625
-0.00923633575439453 0.00603485107421875 0.223281860351563 0.0963134765625
0.000579833984374999 0.0326118469238281 -0.21600341796875 -0.119873046875
0.0128030776977539 0.0122814178466797 -0.02789306640625 -0.32757568359375
-0.00774383544921875 0.0215435028076172 0.30499267578125 -0.3739013671875
-0.0283432006835938 0.0379714965820313 0.656982421875 -0.10150146484375
-0.0204105377197266 0.00680732727050781 0.58740234375 0.54278564453125
0.0094757080078125 -0.0521774291992188 -0.0178833007812501 0.90185546875
0.0259513854980469 0.0138702392578125 -0.493865966796875 0.531829833984375
0.0279998779296875 0.0453414916992187 -0.00765991210937499 0.08221435546875
0.0461807250976563 0.00279617309570313 0.64361572265625 -0.3837890625
0.0341796875 -0.0382919311523438 0.2349853515625 -0.92938232421875
-0.0190238952636719 -0.0221920013427734 -0.58831787109375 -0.5936279296875
-0.0392494201660156 0.0283584594726562 -0.6304931640625 0.10272216796875
-0.0182762145996094 0.0264301300048828 -0.2982177734375 0.370391845703125
6.19888305664057E-05 0.0141201019287109 0.0653076171875 0.31549072265625
-0.000297546386718748 0.0384788513183594 0.218841552734375 0.098480224609375
-0.00295448303222656 0.032012939453125 -0.207733154296875 -0.116470336914063
0.0153894424438477 0.0104455947875977 -0.011962890625 -0.316131591796875
-0.00360107421875 0.0177726745605469 0.327423095703125 -0.35260009765625
-0.0252704620361328 0.0328655242919922 0.66583251953125 -0.05755615234375
-0.02081298828125 0.00945854187011719 0.55523681640625 0.5875244140625
0.00777053833007812 -0.0432090759277344 -0.0794677734375 0.909912109375
0.0144920349121094 0.0237293243408203 -0.5172119140625 0.508148193359375
0.0101470947265625 0.0475997924804688 0.00296783447265625 0.0734634399414063
0.0328502655029297 0.00760078430175781 0.6173095703125 -0.412353515625
0.0274105072021484 -0.0290012359619141 0.1673583984375 -0.92596435546875
-0.0203056335449219 -0.0145549774169922 -0.62060546875 -0.54351806640625
-0.0320148468017578 0.0272560119628906 -0.6182861328125 0.14312744140625
-0.0124092102050781 0.0230178833007813 -0.274322509765625 0.392425537109375
0.00397968292236328 0.0104732513427734 0.0750732421875 0.323028564453125
-0.0011138916015625 0.0382308959960938 0.220062255859375 0.103515625
-0.00330734252929688 0.0263309478759766 -0.201461791992188 -0.115447998046875
0.0213661193847656 0.00544357299804688 0.00302124023437497 -0.31005859375
0.0037078857421875 0.00941658020019531 0.348907470703125 -0.32470703125
-0.0226001739501953 0.0343799591064453 0.67413330078125 -0.0096435546875
-0.017369270324707 0.013519287109375 0.5179443359375 0.63153076171875
0.00347709655761719 -0.0350475311279297 -0.1414794921875 0.91033935546875
0.00354576110839844 0.0274887084960938 -0.537628173828125 0.482391357421875
-0.0013275146484375 0.0468254089355469 0.0220909118652344 0.060943603515625
0.0207328796386719 0.00719642639160156 0.5914306640625 -0.44439697265625
0.0189743041992188 -0.0219154357910156 0.10089111328125 -0.920166015625
-0.0183143615722656 -0.00311851501464844 -0.6534423828125 -0.48809814453125
-0.0223846435546875 0.0284595489501953 -0.60015869140625 0.1876220703125
-0.00267601013183594 0.0142393112182617 -0.25042724609375 0.4114990234375
0.0104694366455078 0.00548267364501953 0.08868408203125 0.32421875
-0.0033721923828125 0.0365028381347656 0.224838256835937 0.108078002929687
-0.00432586669921875 0.020233154296875 -0.194259643554688 -0.116592407226563
0.0271358489990234 -0.00119209289550781 0.016510009765625 -0.305572509765625
0.0164508819580078 0.00463581085205078 0.368316650390625 -0.303253173828125
-0.0103206634521484 0.0335712432861328 0.6826171875 0.03466796875
-0.0172176361083984 0.01983642578125 0.48480224609375 0.669921875
0.0023193359375 -0.0328311920166016 -0.19439697265625 0.90545654296875
-0.00392341613769531 0.0273056030273438 -0.55072021484375 0.44964599609375
-0.0009765625 0.0431480407714844 0.0420341491699219 0.0498313903808594
0.0139999389648438 0.00529003143310547 0.5733642578125 -0.47564697265625
0.0111465454101562 -0.0144786834716797 0.0404052734375 -0.91656494140625
-0.0150976181030273 0.004974365234375 -0.67401123046875 -0.44085693359375
-0.0128002166748047 0.0273971557617188 -0.5802001953125 0.2239990234375
0.00779342651367187 0.00661373138427734 -0.228179931640625 0.427520751953125
0.0154800415039063 -0.00565338134765625 0.100250244140625 0.325408935546875
-0.0029296875 0.0317592620849609 0.2291259765625 0.108108520507813
-0.00738525390625 0.0111656188964844 -0.191009521484375 -0.119354248046875
0.0355644226074219 -0.00914764404296875 0.02593994140625 -0.3018798828125
0.0278396606445312 -0.00274467468261719 0.381103515625 -0.287872314453125
0.00157546997070313 0.0357933044433594 0.68798828125 0.06182861328125
-0.0113201141357422 0.0255756378173828 0.45977783203125 0.69342041015625
-0.00162315368652344 -0.0309906005859375 -0.2342529296875 0.897705078125
-0.00522232055664062 0.0185470581054688 -0.555419921875 0.426788330078125
0.00469398498535157 0.0349903106689453 0.06329345703125 0.0414848327636719
0.0111169815063477 -0.00264072418212891 0.55828857421875 -0.49627685546875
0.00545310974121094 -0.010859489440918 0.00482177734375001 -0.90972900390625
-0.0081033706665039 0.0129299163818359 -0.6868896484375 -0.4068603515625
0.000976562500000002 0.0246067047119141 -0.56695556640625 0.2498779296875
0.0198802947998047 -0.00362205505371094 -0.21612548828125 0.43719482421875
0.0197486877441406 -0.0142307281494141 0.10345458984375 0.324951171875
-0.00745582580566406 0.0249691009521484 0.230926513671875 0.1083984375
-0.00754785537719726 0.00326251983642578 -0.19110107421875 -0.128036499023438
0.0392227172851563 -0.0162925720214844 0.025543212890625 -0.307403564453125
0.0405731201171875 -0.006988525390625 0.3870849609375 -0.28662109375
0.0137901306152344 0.038238525390625 0.69464111328125 0.0753173828125
-0.008819580078125 0.0329437255859375 0.4537353515625 0.7022705078125
-0.00322914123535157 -0.0310096740722656 -0.24560546875 0.88946533203125
0.000814437866210938 0.00928592681884766 -0.552398681640625 0.413360595703125
0.0189895629882813 0.0254421234130859 0.0775833129882813 0.0336685180664063
0.0131635665893555 -0.0122547149658203 0.55462646484375 -0.509368896484375
0.00217342376708984 -0.0106401443481445 -0.00860595703124995 -0.90826416015625
-0.00291061401367188 0.0194950103759766 -0.6927490234375 -0.39251708984375
0.01434326171875 0.0205173492431641 -0.560546875 0.25726318359375
0.0282421112060547 -0.00744247436523438 -0.212677001953125 0.4439697265625
0.0249557495117188 -0.0239982604980469 0.1031494140625 0.323089599609375
-0.007904052734375 0.0189628601074219 0.23114013671875 0.105499267578125
-0.00987529754638672 -0.00341224670410156 -0.189956665039063 -0.135116577148438
0.0421676635742188 -0.0246200561523438 0.024322509765625 -0.317230224609375
0.0489425659179688 -0.0111732482910156 0.385162353515625 -0.295562744140625
0.0262184143066406 0.0408821105957031 0.70111083984375 0.06634521484375
-0.00460433959960937 0.0380020141601563 0.46728515625 0.6964111328125
-0.00421142578125 -0.0366592407226563 -0.2301025390625 0.88922119140625
0.010554313659668 -0.00197792053222656 -0.54022216796875 0.4136962890625
0.0349750518798828 0.0175914764404297 0.0839767456054688 0.0325775146484375
0.0191192626953125 -0.0227699279785156 0.5638427734375 -0.514892578125
0.000252723693847655 -0.0131826400756836 -0.00256347656250009 -0.9156494140625
-0.000720977783203125 0.0238246917724609 -0.68731689453125 -0.3973388671875
0.0227584838867188 0.0210285186767578 -0.561126708984375 0.255126953125
0.0362091064453125 -0.0112571716308594 -0.218414306640625 0.439910888671875
0.024322509765625 -0.0332298278808594 0.098297119140625 0.3211669921875
-0.00803661346435547 0.0117082595825195 0.229873657226563 0.100234985351562
-0.0101251602172852 -0.00929164886474609 -0.191787719726562 -0.145889282226563
0.0414619445800781 -0.0325813293457031 0.016693115234375 -0.328887939453125
0.0542335510253906 -0.0150871276855469 0.374481201171875 -0.315155029296875
0.0326347351074219 0.0422439575195313 0.7022705078125 0.037353515625
0.000560760498046876 0.0399169921875 0.49578857421875 0.66986083984375
-0.00271224975585938 -0.0407180786132813 -0.19140625 0.886474609375
0.0210800170898438 -0.0148639678955078 -0.524139404296875 0.423583984375
0.0544624328613281 0.007659912109375 0.0841293334960938 0.0352096557617188
0.0280475616455078 -0.0326213836669922 0.581787109375 -0.50396728515625
-0.000234603881835939 -0.018463134765625 0.0326538085937501 -0.92437744140625
0.00270462036132813 0.0256538391113281 -0.6734619140625 -0.42510986328125
0.0285587310791016 0.0228748321533203 -0.57440185546875 0.23492431640625
0.0419578552246094 -0.0131416320800781 -0.23577880859375 0.42987060546875
0.0271492004394531 -0.0361824035644531 0.08721923828125 0.316650390625
-0.00866508483886719 0.00518560409545898 0.225616455078125 0.0961761474609375
-0.000591278076171873 0.0341529846191406 -0.217269897460938 -0.120437622070313
0.0116415023803711 0.0135869979858398 -0.028656005859375 -0.32958984375
-0.00900650024414063 0.023223876953125 0.30419921875 -0.3780517578125
-0.0287055969238281 0.0392227172851563 0.66064453125 -0.1064453125
-0.0201702117919922 0.0057525634765625 0.59320068359375 0.5408935546875
0.00802230834960937 -0.0527572631835938 -0.0174560546875 0.90325927734375
0.0262279510498047 0.014862060546875 -0.491302490234375 0.53375244140625
0.0281143188476563 0.0466537475585937 -0.00697326660156251 0.0824050903320312
0.0456275939941406 0.00473785400390625 0.6446533203125 -0.38641357421875
0.0357131958007813 -0.0389900207519531 0.2313232421875 -0.9324951171875
-0.0196590423583984 -0.0214309692382812 -0.59393310546875 -0.59307861328125
-0.0403518676757812 0.027618408203125 -0.63409423828125 0.10467529296875
-0.0187816619873047 0.0266761779785156 -0.2952880859375 0.373870849609375
-0.00108623504638672 0.0128021240234375 0.066497802734375 0.3189697265625
-0.000202178955078128 0.0378799438476563 0.219863891601562 0.0982208251953125
0.000152587890624997 0.0317401885986328 -0.208755493164063 -0.115402221679687
0.0142374038696289 0.0111284255981445 -0.014892578125 -0.319732666015625
-0.00533294677734375 0.0177192687988281 0.326507568359375 -0.35443115234375
-0.026275634765625 0.0350208282470703 0.66986083984375 -0.06109619140625
-0.0208721160888672 0.00827407836914062 0.559326171875 0.586181640625
0.00726318359375 -0.0440483093261719 -0.07391357421875 0.9127197265625
0.0142364501953125 0.0243091583251953 -0.5147705078125 0.514556884765625
0.0115089416503906 0.0486869812011719 0.00462341308593751 0.0729827880859375
0.0323448181152344 0.00675010681152344 0.61822509765625 -0.4146728515625
0.0252342224121094 -0.0289459228515625 0.16705322265625 -0.93048095703125
-0.0211887359619141 -0.0129222869873047 -0.625732421875 -0.5440673828125
-0.0332508087158203 0.0279712677001953 -0.6214599609375 0.14630126953125
-0.0107364654541016 0.0220661163330078 -0.274932861328125 0.39642333984375
0.00380611419677734 0.0100927352905273 0.079071044921875 0.32373046875
0.00106048583984375 0.0383567810058594 0.223678588867188 0.103775024414063
-0.00258827209472656 0.0272712707519531 -0.204208374023438 -0.11541748046875
0.0217761993408203 0.00451087951660156 0.002105712890625 -0.311187744140625
0.00388717651367187 0.0104455947875977 0.3492431640625 -0.330108642578125
-0.0194816589355469 0.0321121215820313 0.67791748046875 -0.014404296875
-0.0195541381835938 0.0126857757568359 0.52362060546875 0.628173828125
0.00416183471679687 -0.0356254577636719 -0.13726806640625 0.91192626953125
0.00209617614746094 0.0281143188476563 -0.536834716796875 0.485076904296875
0.000671386718750004 0.0469474792480469 0.02081298828125 0.0615196228027344
0.0205631256103516 0.0076904296875 0.5921630859375 -0.44683837890625
0.0153388977050781 -0.0202159881591797 0.09820556640625 -0.9241943359375
-0.0185775756835938 -0.00317955017089843 -0.65570068359375 -0.48712158203125
-0.0251522064208984 0.0259647369384766 -0.60260009765625 0.19012451171875
-0.00303936004638672 0.0154151916503906 -0.249847412109375 0.41510009765625
0.0104961395263672 0.00325584411621094 0.092132568359375 0.326873779296875
-0.00067329406738281 0.0349788665771484 0.228042602539063 0.108169555664063
-0.00393104553222656 0.0207614898681641 -0.197250366210938 -0.116317749023437
0.0285873413085938 -0.00125885009765625 0.013885498046875 -0.30645751953125
0.0149345397949219 0.00455665588378906 0.366607666015625 -0.30792236328125
-0.0093994140625 0.0343151092529297 0.688232421875 0.03009033203125
-0.01470947265625 0.0171823501586914 0.4892578125 0.666748046875
0.00147628784179687 -0.0352439880371094 -0.19244384765625 0.9078369140625
-0.00223541259765625 0.0260238647460938 -0.55194091796875 0.454498291015625
-0.000862121582031253 0.0428390502929688 0.0437660217285156 0.0505752563476563
0.0138168334960938 0.00517940521240234 0.57061767578125 -0.479248046875
0.0107812881469727 -0.0161323547363281 0.03912353515625 -0.920166015625
-0.0158586502075195 0.00537109375 -0.67864990234375 -0.4378662109375
-0.0122222900390625 0.0255298614501953 -0.5850830078125 0.225341796875
0.00773096084594727 0.00835943222045899 -0.2296142578125 0.430145263671875
0.0149221420288086 -0.00382137298583984 0.102630615234375 0.328704833984375
-0.00285148620605469 0.0322895050048828 0.231216430664063 0.109130859375
-0.00620841979980469 0.013545036315918 -0.192733764648437 -0.119400024414063
0.0343208312988281 -0.00961494445800781 0.02142333984375 -0.30548095703125
0.0281009674072266 -0.000993728637695313 0.382293701171875 -0.294342041015625
0.00370025634765625 0.0352516174316406 0.6923828125 0.05712890625
-0.0111103057861328 0.0240116119384766 0.4637451171875 0.692138671875
-0.00185203552246094 -0.0326099395751953 -0.22747802734375 0.8990478515625
-0.00330924987792969 0.0186405181884766 -0.556610107421875 0.430450439453125
0.00396347045898438 0.0360298156738281 0.0621070861816406 0.0405769348144531
0.00867891311645508 -0.000733852386474609 0.5592041015625 -0.500518798828125
0.00397205352783203 -0.0127639770507813 0.00488281249999998 -0.91217041015625
-0.00836181640625 0.0130996704101563 -0.69073486328125 -0.404541015625
0.00206756591796875 0.0248222351074219 -0.56927490234375 0.2520751953125
0.01959228515625 8.392333984375E-05 -0.21514892578125 0.440643310546875
0.0215587615966797 -0.0145244598388672 0.10858154296875 0.32745361328125
-0.00531005859375 0.0255699157714844 0.233734130859375 0.108306884765625
-0.00796651840209961 0.00553226470947265 -0.190475463867188 -0.126739501953125
0.0401992797851563 -0.0178298950195313 0.025390625 -0.309173583984375
0.039703369140625 -0.00755691528320313 0.386077880859375 -0.29058837890625
0.0149002075195313 0.0388450622558594 0.69891357421875 0.07073974609375
-0.00961685180664063 0.0325946807861328 0.46051025390625 0.7008056640625
-0.00353240966796875 -0.0342140197753906 -0.24298095703125 0.89373779296875
0.00146293640136719 0.00941848754882812 -0.554443359375 0.417266845703125
0.0187397003173828 0.0267887115478516 0.074615478515625 0.033477783203125
0.0131340026855469 -0.0114192962646484 0.55450439453125 -0.514434814453125
0.000784873962402343 -0.0122289657592773 -0.0132446289062501 -0.9127197265625
-0.00227737426757813 0.0190277099609375 -0.69476318359375 -0.3887939453125
0.0130329132080078 0.0221576690673828 -0.56011962890625 0.262939453125
0.0281181335449219 -0.0100955963134766 -0.20977783203125 0.445068359375
0.0233078002929688 -0.02471923828125 0.10736083984375 0.325286865234375
-0.00677871704101563 0.0188255310058594 0.235565185546875 0.105239868164062
-0.00779247283935547 -0.00283908843994141 -0.191375732421875 -0.135452270507812
0.04254150390625 -0.0255470275878906 0.022674560546875 -0.319091796875
0.0488929748535156 -0.0109329223632813 0.386505126953125 -0.299713134765625
0.0273246765136719 0.0411376953125 0.7044677734375 0.0611572265625
-0.0037994384765625 0.03729248046875 0.47210693359375 0.69415283203125
-0.00522613525390625 -0.0377998352050781 -0.22906494140625 0.89288330078125
0.0111484527587891 -0.00179386138916016 -0.54193115234375 0.415740966796875
0.0360298156738281 0.0174217224121094 0.08331298828125 0.034210205078125
0.0190467834472656 -0.0218982696533203 0.5634765625 -0.51593017578125
-0.00126361846923828 -0.0137510299682617 -0.00628662109374995 -0.91796875
0.0013885498046875 0.0228767395019531 -0.692138671875 -0.3956298828125
0.0243663787841797 0.021270751953125 -0.56390380859375 0.2579345703125
0.0358047485351563 -0.0119094848632813 -0.216766357421875 0.44268798828125
0.025421142578125 -0.0327396392822266 0.101776123046875 0.32183837890625
-0.00866317749023438 0.0114994049072266 0.232696533203125 0.100738525390625
-0.00939559936523437 -0.00814247131347656 -0.194625854492187 -0.144622802734375
0.0414505004882813 -0.0320587158203125 0.01495361328125 -0.331268310546875
0.0531158447265625 -0.0151329040527344 0.375518798828125 -0.3199462890625
0.0349044799804688 0.0415573120117188 0.70635986328125 0.03173828125
-0.000904083251953124 0.0393905639648438 0.4991455078125 0.667724609375
-0.00392532348632812 -0.0422554016113281 -0.18963623046875 0.8880615234375
0.0209922790527344 -0.0134544372558594 -0.52197265625 0.425872802734375
0.0552330017089844 0.00849151611328125 0.0841064453125 0.0366668701171875
0.0290412902832031 -0.0328521728515625 0.584228515625 -0.50885009765625
0.00113868713378906 -0.0183887481689453 0.02850341796875 -0.92767333984375
0.00216484069824219 0.0257682800292969 -0.67681884765625 -0.423583984375
0.0296840667724609 0.0235042572021484 -0.5731201171875 0.2384033203125
0.0407829284667969 -0.0123062133789063 -0.23162841796875 0.431976318359375
0.024658203125 -0.0376968383789063 0.09027099609375 0.319122314453125
-0.00859308242797852 0.00539827346801758 0.228958129882813 0.095550537109375
0.00147628784179687 0.033111572265625 -0.218643188476562 -0.120101928710938
0.0116777420043945 0.012415885925293 -0.0330810546875 -0.330474853515625
-0.00850105285644531 0.0230197906494141 0.301116943359375 -0.38330078125
-0.02740478515625 0.039215087890625 0.66241455078125 -0.1119384765625
-0.0209445953369141 0.00455665588378907 0.59942626953125 0.5364990234375
0.00735855102539062 -0.0535354614257813 -0.0120849609375001 0.90704345703125
0.0272941589355469 0.0134334564208984 -0.491241455078125 0.538665771484375
0.0292205810546875 0.0475540161132813 -0.0071868896484375 0.0833358764648437
0.0452842712402344 0.00177383422851563 0.645263671875 -0.39202880859375
0.0329055786132813 -0.0393486022949219 0.22698974609375 -0.9349365234375
-0.019927978515625 -0.0218296051025391 -0.59912109375 -0.5911865234375
-0.0369987487792969 0.0283355712890625 -0.6356201171875 0.1090087890625
-0.0188694000244141 0.0274028778076172 -0.29461669921875 0.377044677734375
-0.000820159912109374 0.0129232406616211 0.069854736328125 0.319793701171875
0.00143051147460937 0.0379562377929688 0.221969604492188 0.0989532470703125
0.00155830383300781 0.0327415466308594 -0.211715698242187 -0.115264892578125
0.0141487121582031 0.0130977630615234 -0.016845703125 -0.3197021484375
-0.00339508056640625 0.01849365234375 0.325103759765625 -0.360107421875
-0.0255622863769531 0.0349178314208984 0.670166015625 -0.06793212890625
-0.0197277069091797 0.00731658935546875 0.56549072265625 0.58160400390625
0.0056915283203125 -0.0467033386230469 -0.0694580078124999 0.9166259765625
0.0144405364990234 0.0247173309326172 -0.516632080078125 0.518035888671875
0.0116081237792969 0.0499801635742187 0.00368499755859374 0.0747222900390625
0.0315933227539063 0.00703239440917969 0.61865234375 -0.4193115234375
0.0237941741943359 -0.0295372009277344 0.16162109375 -0.93585205078125
-0.0196514129638672 -0.0147190093994141 -0.63275146484375 -0.54254150390625
-0.033599853515625 0.0280323028564453 -0.6239013671875 0.150146484375
-0.0132179260253906 0.0224857330322266 -0.2730712890625 0.39947509765625
0.00334072113037109 0.0110321044921875 0.08258056640625 0.325958251953125
0.00189971923828125 0.0378150939941406 0.22479248046875 0.103546142578125
-0.00176811218261719 0.0280590057373047 -0.204193115234375 -0.11346435546875
0.0214939117431641 0.00531578063964844 -0.00253295898437503 -0.312103271484375
0.0035390853881836 0.0111093521118164 0.348541259765625 -0.3333740234375
-0.0209064483642578 0.0326633453369141 0.681396484375 -0.0191650390625
-0.0180149078369141 0.0109348297119141 0.5289306640625 0.62542724609375
0.00319671630859375 -0.0388526916503906 -0.132080078125 0.91314697265625
0.00326156616210938 0.0280933380126953 -0.536468505859375 0.48919677734375
0.000522613525390624 0.0471115112304688 0.0217742919921875 0.0631217956542969
0.0210037231445312 0.00740623474121094 0.59295654296875 -0.451904296875
0.0166721343994141 -0.022552490234375 0.0947875976562501 -0.92657470703125
-0.0180759429931641 -0.003021240234375 -0.66082763671875 -0.48712158203125
-0.0239543914794922 0.0277233123779297 -0.6031494140625 0.19427490234375
-0.00235748291015625 0.0163383483886719 -0.248321533203125 0.4189453125
0.0100727081298828 0.00336933135986328 0.094635009765625 0.328155517578125
-5.7220458984373E-05 0.0362739562988281 0.22955322265625 0.109710693359375
-0.00457000732421875 0.0221939086914063 -0.199630737304688 -0.115798950195313
0.0258960723876953 -0.00090789794921875 0.011871337890625 -0.3077392578125
0.0155544281005859 0.00400829315185547 0.366607666015625 -0.31243896484375
-0.0094451904296875 0.0337028503417969 0.6910400390625 0.02593994140625
-0.0133380889892578 0.0168933868408203 0.49530029296875 0.6632080078125
-0.000385284423828122 -0.0345134735107422 -0.189208984375 0.9122314453125
-0.00204277038574219 0.0257778167724609 -0.551788330078125 0.457977294921875
0.000522613525390623 0.0439262390136719 0.0447845458984375 0.0506248474121094
0.0137968063354492 0.00386142730712891 0.57366943359375 -0.4810791015625
0.0102386474609375 -0.0156288146972656 0.0358276367187501 -0.92279052734375
-0.0139923095703125 0.00452232360839844 -0.68414306640625 -0.43560791015625
-0.0114879608154297 0.02655029296875 -0.58306884765625 0.2322998046875
0.00925636291503906 0.00699043273925781 -0.22735595703125 0.434967041015625
0.0143108367919922 -0.00504970550537109 0.10406494140625 0.32916259765625
-0.00185585021972656 0.0317592620849609 0.232666015625 0.108551025390625
-0.00480556488037109 0.0128507614135742 -0.195404052734375 -0.121231079101563
0.033935546875 -0.0101413726806641 0.01904296875 -0.3079833984375
0.0277996063232422 -0.00293350219726563 0.377838134765625 -0.298004150390625
0.00366401672363281 0.0343132019042969 0.69488525390625 0.0535888671875
-0.0110416412353516 0.0255241394042969 0.4737548828125 0.69110107421875
-0.00347709655761719 -0.0343074798583984 -0.22509765625 0.904052734375
-0.00476646423339843 0.0192680358886719 -0.55596923828125 0.432769775390625
0.00473403930664063 0.0361366271972656 0.0635986328125 0.04071044921875
0.0112400054931641 -0.00138282775878906 0.558563232421875 -0.503936767578125
0.00393581390380859 -0.0130243301391602 -0.000793457031250044 -0.9183349609375
-0.00712680816650391 0.0117740631103516 -0.6943359375 -0.4013671875
0.00147819519042969 0.0234870910644531 -0.56976318359375 0.25506591796875
0.0201263427734375 -0.00104713439941406 -0.213226318359375 0.44390869140625
0.0202159881591797 -0.0158557891845703 0.111541748046875 0.32965087890625
-0.00508308410644531 0.02459716796875 0.236373901367188 0.108245849609375
-0.00754499435424805 0.00585222244262695 -0.193450927734375 -0.12713623046875
0.0389442443847656 -0.0175018310546875 0.0211181640625 -0.31207275390625
0.0394821166992188 -0.00763320922851562 0.385284423828125 -0.2960205078125
0.0149650573730469 0.0366096496582031 0.702392578125 0.0643310546875
-0.00768852233886719 0.0309391021728516 0.465576171875 0.69866943359375
-0.00534820556640625 -0.0349521636962891 -0.24017333984375 0.8970947265625
0.00227069854736328 0.00919437408447266 -0.553558349609375 0.4195556640625
0.0194625854492187 0.0270805358886719 0.0765151977539063 0.0343170166015625
0.0136375427246094 -0.0106420516967773 0.555389404296875 -0.5189208984375
0.00110340118408203 -0.012751579284668 -0.0180053710937501 -0.91668701171875
-0.00372314453125 0.0188846588134766 -0.7001953125 -0.38616943359375
0.0138301849365234 0.0201148986816406 -0.5614013671875 0.26678466796875
0.0279026031494141 -0.00829696655273438 -0.210235595703125 0.447357177734375
0.0230045318603516 -0.0257701873779297 0.111175537109375 0.326385498046875
-0.00686454772949219 0.018951416015625 0.236801147460938 0.106277465820313
-0.00705289840698242 -0.00226497650146484 -0.194244384765625 -0.135513305664062
0.0413627624511719 -0.0271339416503906 0.018890380859375 -0.320770263671875
0.0488929748535156 -0.0126800537109375 0.384918212890625 -0.3035888671875
0.027557373046875 0.0400886535644531 0.7076416015625 0.055908203125
-0.00340652465820312 0.0366287231445313 0.47796630859375 0.69207763671875
-0.0063629150390625 -0.0392074584960938 -0.2247314453125 0.8948974609375
0.0113449096679687 -0.00227642059326172 -0.54241943359375 0.4200439453125
0.0367851257324219 0.0174217224121094 0.0843658447265625 0.0324859619140625
0.0183162689208984 -0.0217971801757813 0.56463623046875 -0.52337646484375
-0.000265121459960936 -0.0133085250854492 -0.00952148437500006 -0.9229736328125
0.00123023986816406 0.0224494934082031 -0.69805908203125 -0.392822265625
0.0246410369873047 0.0219211578369141 -0.5633544921875 0.261474609375
0.0361824035644531 -0.0124435424804688 -0.214752197265625 0.447357177734375
0.0243759155273438 -0.033294677734375 0.104095458984375 0.322998046875
-0.00679588317871094 0.0125617980957031 0.234237670898438 0.100006103515625
-0.00845718383789062 -0.00910282135009766 -0.197158813476563 -0.145416259765625
0.0416946411132813 -0.0319595336914063 0.009918212890625 -0.332275390625
0.0529022216796875 -0.0159988403320313 0.372283935546875 -0.324249267578125
0.0346336364746094 0.0413780212402344 0.70916748046875 0.02490234375
-0.000633239746093746 0.0379219055175781 0.50579833984375 0.66668701171875
-0.0058135986328125 -0.0438690185546875 -0.18682861328125 0.89105224609375
0.0215034484863281 -0.0147228240966797 -0.522979736328125 0.42889404296875
0.0560493469238281 0.00868988037109375 0.0837554931640625 0.0356292724609375
0.0283355712890625 -0.0336074829101563 0.5836181640625 -0.510498046875
-0.000116348266601561 -0.0188446044921875 0.0260009765625001 -0.9320068359375
0.00258445739746094 0.0245704650878906 -0.68280029296875 -0.421630859375
0.0315818786621094 0.0230541229248047 -0.57330322265625 0.2410888671875
0.0415573120117188 -0.0129928588867188 -0.23150634765625 0.4376220703125
0.0260238647460938 -0.0383033752441406 0.09356689453125 0.31976318359375
-0.0075526237487793 0.00505685806274414 0.230575561523438 0.09539794921875
0.00347900390625 0.0336074829101563 -0.2225341796875 -0.119552612304688
0.0115423202514648 0.012725830078125 -0.035430908203125 -0.332550048828125
-0.00885200500488281 0.0230350494384766 0.299713134765625 -0.385986328125
-0.0276107788085937 0.03997802734375 0.66552734375 -0.1182861328125
-0.0196971893310547 0.00419235229492188 0.60565185546875 0.5350341796875
0.00654983520507813 -0.0538520812988281 -0.00476074218749997 0.9085693359375
0.0269203186035156 0.0135326385498047 -0.490631103515625 0.5433349609375
0.0310516357421875 0.0472984313964844 -0.00666046142578124 0.0841751098632813
0.0456275939941406 0.0036163330078125 0.6466064453125 -0.3966064453125
0.0338821411132813 -0.0406303405761719 0.22308349609375 -0.9410400390625
-0.0199813842773437 -0.0219326019287109 -0.6044921875 -0.59100341796875
-0.0370407104492187 0.0286598205566406 -0.6378173828125 0.11322021484375
-0.0184974670410156 0.0281486511230469 -0.294586181640625 0.382659912109375
-0.000521659851074218 0.0124673843383789 0.072967529296875 0.32147216796875
0.004241943359375 0.0392417907714844 0.224990844726563 0.0983123779296875
0.00269699096679687 0.0326290130615234 -0.213973999023437 -0.1151123046875
0.015477180480957 0.0107021331787109 -0.0189208984375 -0.32318115234375
-0.00617599487304688 0.0180168151855469 0.32427978515625 -0.36602783203125
-0.0247268676757812 0.0354194641113281 0.67266845703125 -0.07305908203125
-0.0188713073730469 0.00616073608398437 0.57373046875 0.57806396484375
0.0052642822265625 -0.0461158752441406 -0.0645751953125 0.9188232421875
0.014007568359375 0.0239925384521484 -0.515625 0.521728515625
0.0123100280761719 0.0513572692871094 0.00358581542968751 0.074249267578125
0.0314521789550781 0.00789451599121094 0.61907958984375 -0.42474365234375
0.0252704620361328 -0.0294589996337891 0.15673828125 -0.94085693359375
-0.0204544067382813 -0.0137672424316406 -0.63873291015625 -0.54144287109375
-0.0332584381103516 0.0282688140869141 -0.62408447265625 0.15252685546875
-0.0117702484130859 0.0225353240966797 -0.270538330078125 0.40277099609375
0.00298500061035156 0.00914955139160156 0.08416748046875 0.32720947265625
0.00209426879882813 0.0394210815429688 0.227752685546875 0.1031494140625
-0.00147438049316406 0.0278835296630859 -0.206619262695313 -0.11279296875
0.020355224609375 0.00571060180664063 -0.00360107421875001 -0.316558837890625
0.00368595123291016 0.011042594909668 0.345947265625 -0.33984375
-0.0176544189453125 0.0327091217041016 0.68585205078125 -0.024658203125
-0.0184268951416016 0.0105724334716797 0.5372314453125 0.6236572265625
0.00294876098632812 -0.0400505065917969 -0.127197265625 0.9173583984375
0.00386810302734375 0.0274200439453125 -0.53570556640625 0.49322509765625
0.00269699096679688 0.0479011535644531 0.0219459533691406 0.0648956298828125
0.0212287902832031 0.00805473327636719 0.59222412109375 -0.45635986328125
0.0154685974121094 -0.0223617553710938 0.0883789062499999 -0.93310546875
-0.0171852111816406 -0.00549125671386719 -0.66754150390625 -0.4844970703125
-0.0233840942382813 0.0279178619384766 -0.60565185546875 0.1986083984375
-0.00251483917236328 0.0156650543212891 -0.2474365234375 0.42132568359375
0.00988197326660156 0.00267791748046875 0.09942626953125 0.33062744140625
0.00122451782226562 0.0354804992675781 0.234222412109375 0.10821533203125
-0.00343704223632812 0.0215530395507812 -0.20037841796875 -0.115707397460938
0.0262355804443359 -0.00245094299316406 0.00805664062499997 -0.309783935546875
0.0134248733520508 0.00367927551269531 0.36651611328125 -0.31817626953125
-0.00728416442871094 0.0323200225830078 0.6923828125 0.0203857421875
-0.0131101608276367 0.0162210464477539 0.50128173828125 0.6632080078125
-2.67028808593739E-05 -0.0362777709960938 -0.1842041015625 0.91510009765625
-0.00300025939941406 0.0257759094238281 -0.552215576171875 0.459869384765625
0.00165939331054688 0.0439872741699219 0.0445289611816406 0.0512886047363281
0.0157785415649414 0.00509929656982422 0.5723876953125 -0.48724365234375
0.00895023345947266 -0.0167179107666016 0.03057861328125 -0.92755126953125
-0.0147666931152344 0.00300884246826172 -0.68927001953125 -0.43353271484375
-0.0113639831542969 0.0243587493896484 -0.5859375 0.23590087890625
0.00811624526977539 0.00670719146728516 -0.223388671875 0.438751220703125
0.0165023803710938 -0.00500106811523438 0.11029052734375 0.330841064453125
-0.00145149230957031 0.0326194763183594 0.236724853515625 0.107315063476562
-0.006103515625 0.0138072967529297 -0.196563720703125 -0.119613647460937
0.0338001251220703 -0.0108356475830078 0.014556884765625 -0.3101806640625
0.0269107818603516 -0.00248336791992188 0.380401611328125 -0.303009033203125
0.00457954406738281 0.0348243713378906 0.70037841796875 0.04730224609375
-0.0120887756347656 0.0250511169433594 0.4786376953125 0.6878662109375
-0.00490379333496094 -0.0342597961425781 -0.2232666015625 0.90606689453125
-0.00370407104492188 0.0182952880859375 -0.557098388671875 0.4376220703125
0.00613784790039062 0.0363693237304687 0.0627632141113281 0.0407447814941406
0.00937461853027344 -0.000571250915527344 0.55865478515625 -0.508758544921875
0.00343894958496094 -0.0115575790405273 -0.00555419921875005 -0.919921875
-0.00849151611328125 0.0125904083251953 -0.699951171875 -0.39776611328125
0.00350570678710938 0.0233211517333984 -0.5679931640625 0.26080322265625
0.0188007354736328 -0.00232124328613281 -0.21075439453125 0.44915771484375
0.019927978515625 -0.0160503387451172 0.11651611328125 0.329925537109375
-0.00381660461425781 0.0252838134765625 0.238739013671875 0.108749389648438
-0.00603342056274414 0.00568008422851563 -0.19488525390625 -0.127548217773438
0.0389328002929688 -0.0171890258789063 0.019927978515625 -0.31341552734375
0.0392646789550781 -0.00836181640625 0.3846435546875 -0.301422119140625
0.0172958374023438 0.0375938415527344 0.7054443359375 0.059814453125
-0.00644683837890625 0.0310878753662109 0.47283935546875 0.6962890625
-0.0073699951171875 -0.0350437164306641 -0.2354736328125 0.8995361328125
0.00209331512451172 0.00976085662841797 -0.55267333984375 0.42291259765625
0.0198974609375 0.0266494750976563 0.076416015625 0.0350189208984375
0.0136404037475586 -0.0111513137817383 0.5565185546875 -0.52398681640625
0.000167846679687501 -0.0124692916870117 -0.02142333984375 -0.9217529296875
-0.00238037109375 0.0190620422363281 -0.706298828125 -0.38519287109375
0.0149097442626953 0.0194492340087891 -0.562255859375 0.2706298828125
0.0281162261962891 -0.00815391540527344 -0.206085205078125 0.4547119140625
0.0227680206298828 -0.0255031585693359 0.11444091796875 0.32806396484375
-0.00564002990722656 0.0195655822753906 0.240020751953125 0.1041259765625
-0.0081486701965332 -0.00219869613647461 -0.197418212890625 -0.135467529296875
0.0415000915527344 -0.0271987915039062 0.0157470703125 -0.3231201171875
0.0492172241210938 -0.0117263793945313 0.384674072265625 -0.30902099609375
0.0281944274902344 0.0398521423339844 0.71124267578125 0.048583984375
-0.00271987915039062 0.0363731384277344 0.48431396484375 0.69036865234375
-0.00679397583007813 -0.0391426086425781 -0.21942138671875 0.8975830078125
0.0103998184204102 -0.00327396392822266 -0.54058837890625 0.422454833984375
0.0373878479003906 0.017913818359375 0.0853271484375 0.0328903198242188
0.0186538696289063 -0.0214653015136719 0.5648193359375 -0.5286865234375
-0.0016937255859375 -0.0146894454956055 -0.0141601562500001 -0.927734375
0.0014495849609375 0.0215950012207031 -0.70233154296875 -0.38909912109375
0.02569580078125 0.0197658538818359 -0.56414794921875 0.2664794921875
0.0354766845703125 -0.0133705139160156 -0.21380615234375 0.451324462890625
0.0241470336914063 -0.0342636108398437 0.108001708984375 0.325286865234375
-0.00531482696533203 0.0118913650512695 0.23748779296875 0.099639892578125
-0.0088653564453125 -0.00804615020751953 -0.20037841796875 -0.143203735351563
0.0415229797363281 -0.0330772399902344 0.00726318359375001 -0.335174560546875
0.0535125732421875 -0.0159721374511719 0.370330810546875 -0.32952880859375
0.0369873046875 0.0386161804199219 0.712646484375 0.02008056640625
0.000488281250000001 0.038726806640625 0.5150146484375 0.66314697265625
-0.00604629516601562 -0.0447006225585938 -0.18133544921875 0.89483642578125
0.0213279724121094 -0.0138816833496094 -0.524383544921875 0.43170166015625
0.0571365356445312 0.00912094116210938 0.0837326049804688 0.0376129150390625
0.0292205810546875 -0.0325469970703125 0.583740234375 -0.5181884765625
-0.00146293640136719 -0.0191555023193359 0.01983642578125 -0.933349609375
0.00366401672363281 0.0250015258789062 -0.68536376953125 -0.42071533203125
0.03265380859375 0.0214252471923828 -0.5743408203125 0.24609375
0.0412788391113281 -0.0126113891601563 -0.230010986328125 0.440521240234375
0.0254440307617188 -0.0383071899414063 0.097137451171875 0.3203125
-0.00691127777099609 0.00651788711547852 0.233001708984375 0.0934906005859375
0.00443267822265625 0.0346584320068359 -0.2244873046875 -0.118392944335937
0.0112743377685547 0.0111637115478516 -0.039642333984375 -0.33306884765625
-0.00987625122070313 0.0228996276855469 0.29840087890625 -0.39263916015625
-0.0268669128417969 0.0401840209960938 0.669921875 -0.1275634765625
-0.0207462310791016 0.00431442260742187 0.6131591796875 0.53155517578125
0.00487899780273438 -0.0572357177734375 0.00036621093749996 0.91357421875
0.0286540985107422 0.0132331848144531 -0.488494873046875 0.5487060546875
0.0309906005859375 0.0464401245117188 -0.00701904296874999 0.0845794677734375
0.0469017028808594 0.0030517578125 0.646728515625 -0.4031982421875
0.0332412719726563 -0.0397491455078125 0.21697998046875 -0.947998046875
-0.0198650360107422 -0.0224609375 -0.61083984375 -0.59051513671875
-0.0365638732910156 0.0264625549316406 -0.6412353515625 0.11767578125
-0.0184230804443359 0.0272846221923828 -0.2930908203125 0.387115478515625
0.000169754028320313 0.0123739242553711 0.0770263671875 0.324981689453125
0.00435638427734375 0.0390815734863281 0.228118896484375 0.09576416015625
0.00363540649414062 0.0350933074951172 -0.216140747070313 -0.113555908203125
0.0160865783691406 0.00902843475341797 -0.02325439453125 -0.32421875
-0.00411033630371094 0.0184803009033203 0.321533203125 -0.3695068359375
-0.024017333984375 0.0343189239501953 0.67889404296875 -0.080322265625
-0.0192070007324219 0.00530052185058594 0.58221435546875 0.57537841796875
0.00359725952148438 -0.0497665405273437 -0.0577392578124999 0.922119140625
0.0142116546630859 0.0229511260986328 -0.513580322265625 0.52630615234375
0.0143852233886719 0.0501861572265625 0.0039825439453125 0.075164794921875
0.0326366424560547 0.00702285766601563 0.62115478515625 -0.43109130859375
0.0253963470458984 -0.0313854217529297 0.15228271484375 -0.94573974609375
-0.0207252502441406 -0.0130386352539063 -0.64599609375 -0.53851318359375
-0.0306777954101563 0.0287818908691406 -0.626708984375 0.1585693359375
-0.0131816864013672 0.0236911773681641 -0.2701416015625 0.409271240234375
0.00381565093994141 0.0104217529296875 0.089935302734375 0.330352783203125
0.00290298461914062 0.0373153686523438 0.230056762695312 0.101776123046875
0.00162124633789063 0.0290107727050781 -0.208831787109375 -0.11260986328125
0.0210933685302734 0.00286674499511719 -0.00738525390625001 -0.3182373046875
0.00234127044677735 0.0116233825683594 0.343292236328125 -0.343994140625
-0.0183525085449219 0.0313873291015625 0.6883544921875 -0.032958984375
-0.0166597366333008 0.0111665725708008 0.545166015625 0.6217041015625
0.00327682495117188 -0.0401611328125 -0.12115478515625 0.92034912109375
0.00299644470214844 0.0271186828613281 -0.53369140625 0.49615478515625
0.00286483764648438 0.04949951171875 0.022674560546875 0.0644760131835937
0.0210647583007813 0.010223388671875 0.59332275390625 -0.462646484375
0.0173625946044922 -0.0210819244384766 0.0849609374999999 -0.93865966796875
-0.0173788070678711 -0.00416374206542968 -0.672119140625 -0.480712890625
-0.0220546722412109 0.0282993316650391 -0.60601806640625 0.202880859375
-0.00258731842041016 0.0150222778320313 -0.24322509765625 0.4278564453125
0.0103549957275391 0.00325489044189453 0.101806640625 0.3326416015625
0.00147819519042969 0.0343818664550781 0.235809326171875 0.106491088867187
-0.00214767456054688 0.0227508544921875 -0.2022705078125 -0.114028930664063
0.0254459381103516 -0.00240516662597656 0.00683593750000002 -0.314208984375
0.0150794982910156 0.00236320495605469 0.36810302734375 -0.32183837890625
-0.00525474548339844 0.0321598052978516 0.69879150390625 0.01348876953125
-0.0130243301391602 0.0166988372802734 0.5108642578125 0.66265869140625
-0.00133132934570312 -0.0362548828125 -0.1781005859375 0.91876220703125
-0.000165939331054687 0.0245094299316406 -0.550445556640625 0.466522216796875
0.0011749267578125 0.0444183349609375 0.0443191528320313 0.05072021484375
0.0153913497924805 0.00388908386230469 0.57073974609375 -0.491943359375
0.0102615356445313 -0.0177364349365234 0.0263671875 -0.93084716796875
-0.0131807327270508 0.00402450561523438 -0.6951904296875 -0.431640625
-0.0101108551025391 0.0257244110107422 -0.58843994140625 0.24163818359375
0.0086369514465332 0.00587892532348633 -0.22332763671875 0.44427490234375
0.0163908004760742 -0.00560855865478516 0.113983154296875 0.332489013671875
0.000123977661132814 0.0320892333984375 0.240402221679687 0.10772705078125
-0.00446891784667969 0.0136871337890625 -0.200439453125 -0.119888305664063
0.0344085693359375 -0.00955009460449219 0.013153076171875 -0.31170654296875
0.0266895294189453 -0.00206184387207031 0.379852294921875 -0.3084716796875
0.00616264343261719 0.0345611572265625 0.703857421875 0.04022216796875
-0.0107765197753906 0.0245475769042969 0.48779296875 0.68426513671875
-0.00620269775390625 -0.035003662109375 -0.21551513671875 0.91436767578125
-0.00385093688964844 0.0197906494140625 -0.555877685546875 0.44207763671875
0.00634765625 0.0376129150390625 0.0629959106445313 0.0415306091308594
0.0111637115478516 -0.00215721130371094 0.559356689453125 -0.513824462890625
0.00523757934570313 -0.0131950378417969 -0.0126342773437499 -0.92523193359375
-0.0071258544921875 0.0123176574707031 -0.70623779296875 -0.3941650390625
0.00423431396484375 0.0212650299072266 -0.57159423828125 0.265625
0.0197429656982422 -0.00139617919921875 -0.207855224609375 0.454437255859375
0.0183944702148438 -0.0165863037109375 0.11907958984375 0.332183837890625
-0.00393104553222656 0.0271415710449219 0.242019653320313 0.106277465820313
-0.00522470474243164 0.0070648193359375 -0.197219848632812 -0.126419067382813
0.0392646789550781 -0.0198173522949219 0.01580810546875 -0.31689453125
0.0399589538574219 -0.00872421264648438 0.386444091796875 -0.307586669921875
0.0177536010742187 0.0366897583007813 0.70953369140625 0.0537109375
-0.00661468505859375 0.0290412902832031 0.48175048828125 0.6947021484375
-0.00669479370117187 -0.0371894836425781 -0.23089599609375 0.9063720703125
0.00217199325561523 0.00819730758666992 -0.554168701171875 0.4271240234375
0.0212478637695312 0.0284366607666016 0.075958251953125 0.035308837890625
0.0143299102783203 -0.0112400054931641 0.55419921875 -0.529693603515625
-0.000536918640136719 -0.0128612518310547 -0.0277099609375001 -0.92376708984375
-0.00230216979980469 0.0184593200683594 -0.71087646484375 -0.37939453125
0.0151939392089844 0.01953125 -0.56427001953125 0.2783203125
0.0289516448974609 -0.00955390930175781 -0.203704833984375 0.4588623046875
0.0229740142822266 -0.0246658325195313 0.119293212890625 0.32940673828125
-0.00367355346679688 0.0200004577636719 0.242752075195313 0.103179931640625
-0.00532388687133789 -0.00171852111816406 -0.198822021484375 -0.13525390625
0.0408744812011719 -0.0274620056152344 0.01214599609375 -0.325042724609375
0.0479240417480469 -0.0130729675292969 0.38116455078125 -0.315704345703125
0.0298233032226563 0.039215087890625 0.71575927734375 0.040771484375
-0.00322341918945313 0.0341701507568359 0.49334716796875 0.68829345703125
-0.00851821899414063 -0.0402908325195313 -0.214599609375 0.9014892578125
0.0105018615722656 -0.00287055969238281 -0.54339599609375 0.426727294921875
0.0382156372070312 0.01806640625 0.0846710205078125 0.0337905883789063
0.0187892913818359 -0.0208835601806641 0.56414794921875 -0.53515625
-0.000936508178710937 -0.0144710540771484 -0.0198974609374999 -0.93182373046875
0.00117301940917969 0.0227394104003906 -0.70733642578125 -0.3873291015625
0.0269832611083984 0.0193023681640625 -0.565185546875 0.27374267578125
0.0359992980957031 -0.0131874084472656 -0.2103271484375 0.456085205078125
0.0239982604980469 -0.0344333648681641 0.111846923828125 0.3275146484375
-0.00436878204345703 0.0119924545288086 0.241500854492188 0.098968505859375
-0.00733566284179688 -0.0082097053527832 -0.201889038085938 -0.143997192382812
0.0399360656738281 -0.034515380859375 0.00228881835937499 -0.336456298828125
0.0533790588378906 -0.0143890380859375 0.372467041015625 -0.334625244140625
0.0363845825195313 0.0400886535644531 0.71612548828125 0.0130615234375
0.001739501953125 0.0380592346191406 0.52020263671875 0.66278076171875
-0.00758743286132812 -0.0453376770019531 -0.17706298828125 0.8992919921875
0.0210685729980469 -0.0138816833496094 -0.5238037109375 0.43609619140625
0.0576210021972656 0.00936508178710937 0.08477783203125 0.0357818603515625
0.0290164947509766 -0.0322132110595703 0.583740234375 -0.524658203125
-3.62396240234364E-05 -0.0206089019775391 0.0153198242187501 -0.940673828125
0.00442886352539063 0.0234966278076172 -0.69354248046875 -0.41668701171875
0.0329151153564453 0.0219554901123047 -0.57745361328125 0.2513427734375
0.0415153503417969 -0.0141143798828125 -0.225982666015625 0.44610595703125
0.02606201171875 -0.0384445190429688 0.102996826171875 0.32366943359375
-0.00458049774169922 0.00614356994628906 0.23809814453125 0.0937042236328125
0.00579833984375 0.037109375 -0.227127075195313 -0.116790771484375
0.0113401412963867 0.0119895935058594 -0.04302978515625 -0.33526611328125
-0.00935173034667969 0.0223674774169922 0.2974853515625 -0.397735595703125
-0.0251388549804687 0.0399093627929688 0.67010498046875 -0.13446044921875
-0.0193004608154297 0.00305938720703125 0.6201171875 0.52618408203125
0.00345230102539062 -0.0580635070800781 0.00848388671875007 0.91644287109375
0.028778076171875 0.0121383666992188 -0.48565673828125 0.5540771484375
0.0326499938964844 0.0480613708496094 -0.006103515625 0.0852737426757813
0.0469627380371094 0.00107192993164063 0.6478271484375 -0.4091796875
0.0326881408691406 -0.0409660339355469 0.213134765625 -0.95355224609375
-0.0205268859863281 -0.0224399566650391 -0.62091064453125 -0.58819580078125
-0.0360450744628906 0.0285263061523438 -0.6446533203125 0.12493896484375
-0.01849365234375 0.0269145965576172 -0.29119873046875 0.3912353515625
0.00048828125 0.0132913589477539 0.081878662109375 0.32568359375
0.00762939453125 0.0379295349121094 0.230636596679688 0.09552001953125
0.00450515747070313 0.0330467224121094 -0.21942138671875 -0.113784790039062
0.0157985687255859 0.00937271118164063 -0.027587890625 -0.326812744140625
-0.00368499755859375 0.0186710357666016 0.32232666015625 -0.375274658203125
-0.0237998962402344 0.0364952087402344 0.68121337890625 -0.0916748046875
-0.0203723907470703 0.00351715087890625 0.59002685546875 0.57171630859375
0.00318908691406249 -0.0475540161132813 -0.04937744140625 0.92681884765625
0.0141811370849609 0.0222568511962891 -0.5107421875 0.531463623046875
0.0147323608398437 0.0508918762207031 0.00386810302734376 0.076202392578125
0.0312252044677734 0.00796127319335938 0.6197509765625 -0.43646240234375
0.0247592926025391 -0.0312767028808594 0.14495849609375 -0.9515380859375
-0.0201683044433594 -0.0138511657714844 -0.65093994140625 -0.53741455078125
-0.0312290191650391 0.0291023254394531 -0.6280517578125 0.16729736328125
-0.0122184753417969 0.0231246948242187 -0.26751708984375 0.412811279296875
0.00381946563720703 0.00898551940917969 0.095123291015625 0.33160400390625
0.00532150268554688 0.0392875671386719 0.234130859375 0.101898193359375
0.0012664794921875 0.0295772552490234 -0.211318969726563 -0.112472534179687
0.0213966369628906 0.00575065612792969 -0.0120849609375 -0.320281982421875
0.00267410278320312 0.0108871459960938 0.344970703125 -0.35076904296875
-0.0171604156494141 0.0338935852050781 0.69342041015625 -0.040283203125
-0.0171880722045898 0.00877952575683594 0.55230712890625 0.61663818359375
0.00111007690429687 -0.0419082641601562 -0.11474609375 0.92584228515625
0.00310516357421875 0.0277328491210938 -0.53289794921875 0.502532958984375
0.0041351318359375 0.0497627258300781 0.0232925415039062 0.06414794921875
0.0203018188476563 0.00780296325683594 0.5919189453125 -0.469970703125
0.0151348114013672 -0.0236949920654297 0.0760498046875001 -0.9432373046875
-0.0161848068237305 -0.00588321685791016 -0.68133544921875 -0.4791259765625
-0.0209922790527344 0.0276527404785156 -0.6082763671875 0.210693359375
-0.00212764739990235 0.0149412155151367 -0.241058349609375 0.43194580078125
0.01141357421875 0.00321865081787109 0.106597900390625 0.3336181640625
0.00390625 0.0368385314941406 0.238204956054687 0.106613159179687
-0.00163078308105469 0.0244789123535156 -0.2056884765625 -0.11322021484375
0.0274143218994141 -0.00317955017089844 0.00198364257812501 -0.3135986328125
0.0150947570800781 0.00278282165527344 0.3658447265625 -0.32843017578125
-0.00747108459472657 0.0322837829589844 0.703125 0.00244140625
-0.0151748657226563 0.0161533355712891 0.51788330078125 0.65716552734375
-0.00334548950195312 -0.0381355285644531 -0.17236328125 0.92364501953125
0.000307083129882815 0.0258560180664062 -0.549835205078125 0.473297119140625
0.00365066528320312 0.0465660095214844 0.0451622009277344 0.0518226623535156
0.0159683227539063 0.00458335876464844 0.57098388671875 -0.501708984375
0.00847816467285156 -0.0168399810791016 0.0181884765624999 -0.93621826171875
-0.0136699676513672 0.00382614135742188 -0.7037353515625 -0.42791748046875
-0.00710678100585937 0.0252857208251953 -0.58734130859375 0.24884033203125
0.00753307342529297 0.00538158416748047 -0.21844482421875 0.44903564453125
0.0169200897216797 -0.00591564178466797 0.118408203125 0.334381103515625
0.00230979919433594 0.0337162017822266 0.242538452148438 0.106277465820313
-0.00268745422363281 0.0158967971801758 -0.203384399414062 -0.119369506835938
0.0338478088378906 -0.0118827819824219 0.00848388671875 -0.314910888671875
0.0261058807373047 -0.00307083129882813 0.38092041015625 -0.316070556640625
0.00616645812988281 0.0344066619873047 0.7076416015625 0.031982421875
-0.00955772399902344 0.0220890045166016 0.4952392578125 0.68414306640625
-0.00534820556640625 -0.0345668792724609 -0.2088623046875 0.91632080078125
-0.00492668151855469 0.0192375183105469 -0.55487060546875 0.44879150390625
0.0065155029296875 0.0381660461425781 0.0639305114746094 0.0426597595214844
0.0114326477050781 -0.00192356109619141 0.557281494140625 -0.522369384765625
0.00384902954101562 -0.0123825073242188 -0.0174560546875001 -0.93121337890625
-0.00624942779541016 0.0125398635864258 -0.71392822265625 -0.39019775390625
0.00411224365234375 0.0205059051513672 -0.57135009765625 0.27392578125
0.0192298889160156 -0.00278663635253906 -0.20416259765625 0.457550048828125
0.0197315216064453 -0.016387939453125 0.12530517578125 0.3336181640625
-0.000900268554687501 0.0248336791992188 0.245712280273438 0.105148315429688
-0.00544452667236328 0.00653505325317383 -0.2008056640625 -0.126846313476562
0.0375137329101563 -0.0209922790527344 0.01361083984375 -0.31915283203125
0.0402145385742187 -0.00804901123046875 0.3841552734375 -0.31365966796875
0.0186347961425781 0.0360946655273437 0.71435546875 0.044677734375
-0.00655174255371094 0.0280323028564453 0.489013671875 0.6939697265625
-0.00750350952148437 -0.0370025634765625 -0.22314453125 0.9085693359375
0.00265359878540039 0.00866413116455078 -0.551788330078125 0.43408203125
0.0209121704101562 0.0274009704589844 0.0783920288085938 0.0354232788085938
0.0144929885864258 -0.00999355316162109 0.555908203125 -0.536529541015625
9.53674316406032E-07 -0.0130987167358398 -0.03521728515625 -0.93017578125
-0.0026397705078125 0.0169429779052734 -0.716796875 -0.37579345703125
0.01666259765625 0.0180530548095703 -0.56414794921875 0.28350830078125
0.0283946990966797 -0.00954818725585938 -0.200836181640625 0.46307373046875
0.0227642059326172 -0.0260391235351563 0.12493896484375 0.33050537109375
-0.002410888671875 0.0198707580566406 0.246139526367188 0.103302001953125
-0.00550222396850586 -0.00136280059814453 -0.202392578125 -0.13323974609375
0.0403213500976563 -0.0281105041503906 0.00915527343749999 -0.32806396484375
0.0480728149414063 -0.0135841369628906 0.382232666015625 -0.322021484375
0.0300788879394531 0.0374794006347656 0.720458984375 0.033447265625
-0.00217437744140625 0.0332832336425781 0.50213623046875 0.68505859375
-0.00917816162109375 -0.0415496826171875 -0.208251953125 0.907958984375
0.0102319717407227 -0.00251007080078125 -0.5399169921875 0.43310546875
0.0389404296875 0.019317626953125 0.0856246948242188 0.0333251953125
0.0189895629882813 -0.0215358734130859 0.5625 -0.5416259765625
-0.00163555145263672 -0.0146017074584961 -0.0288696289062499 -0.9365234375
0.00248527526855469 0.0213451385498047 -0.71466064453125 -0.38134765625
0.0266780853271484 0.0188179016113281 -0.56683349609375 0.27984619140625
0.0367698669433594 -0.0137901306152344 -0.207763671875 0.461944580078125
0.0241794586181641 -0.0349998474121094 0.1160888671875 0.328399658203125
-0.00382804870605469 0.0121831893920898 0.244491577148438 0.0974578857421875
-0.00710535049438477 -0.00670766830444336 -0.206802368164062 -0.144561767578125
0.0394248962402344 -0.0346755981445313 -0.000793457031250012 -0.339813232421875
0.0523757934570313 -0.0157546997070313 0.369293212890625 -0.34356689453125
0.0390968322753906 0.0405349731445313 0.72039794921875 0.00372314453125
0.0014801025390625 0.0360336303710938 0.5291748046875 0.65765380859375
-0.0100059509277344 -0.0463218688964844 -0.16973876953125 0.90313720703125
0.0207424163818359 -0.0145282745361328 -0.522705078125 0.443817138671875
0.0589332580566406 0.00791168212890625 0.0853424072265625 0.035736083984375
0.0284042358398438 -0.0324535369873047 0.58160400390625 -0.5302734375
-0.00120735168457031 -0.0191192626953125 0.01007080078125 -0.9453125
0.00493431091308594 0.0241241455078125 -0.701171875 -0.41326904296875
0.0348052978515625 0.0201778411865234 -0.577392578125 0.2578125
0.0418968200683594 -0.0140228271484375 -0.224090576171875 0.451324462890625
0.0260353088378906 -0.0395622253417969 0.1058349609375 0.324127197265625
-0.00465106964111328 0.00498676300048828 0.239944458007813 0.0922088623046875
0.005889892578125 0.0359916687011719 -0.2308349609375 -0.11572265625
0.0105276107788086 0.011052131652832 -0.04925537109375 -0.336700439453125
-0.00940895080566406 0.02325439453125 0.293914794921875 -0.404571533203125
-0.0254631042480469 0.0399208068847656 0.669189453125 -0.14373779296875
-0.0190048217773437 0.00225067138671875 0.629150390625 0.52227783203125
0.00374221801757812 -0.0592765808105469 0.0153198242187501 0.91827392578125
0.0276985168457031 0.0125694274902344 -0.481842041015625 0.5621337890625
0.033050537109375 0.0482597351074219 -0.00550079345703124 0.0869216918945313
0.0475540161132812 0.00279998779296875 0.64617919921875 -0.41680908203125
0.0327110290527344 -0.0418281555175781 0.2025146484375 -0.96002197265625
-0.0202655792236328 -0.023345947265625 -0.626708984375 -0.5850830078125
-0.035247802734375 0.0294151306152344 -0.646484375 0.1334228515625
-0.0185661315917969 0.0272560119628906 -0.2884521484375 0.3985595703125
-0.000781059265136719 0.0126533508300781 0.085845947265625 0.326934814453125
0.0076751708984375 0.0388641357421875 0.233627319335938 0.0942535400390625
0.0045928955078125 0.0341472625732422 -0.221023559570313 -0.112030029296875
0.0153331756591797 0.00890827178955078 -0.029327392578125 -0.328643798828125
-0.00499725341796875 0.0171337127685547 0.317657470703125 -0.38238525390625
-0.0215187072753906 0.0346317291259766 0.6829833984375 -0.09881591796875
-0.0189113616943359 0.003997802734375 0.59893798828125 0.56500244140625
0.00243377685546875 -0.0508384704589844 -0.04302978515625 0.93133544921875
0.0153675079345703 0.0229396820068359 -0.507171630859375 0.53924560546875
0.0153732299804688 0.0521430969238281 0.0045013427734375 0.0766754150390625
0.0325279235839844 0.00879096984863281 0.6182861328125 -0.4451904296875
0.0237236022949219 -0.0322856903076172 0.13714599609375 -0.95758056640625
-0.0202522277832031 -0.0142097473144531 -0.659912109375 -0.53460693359375
-0.0298137664794922 0.0284767150878906 -0.63189697265625 0.17291259765625
-0.0116348266601563 0.0232048034667969 -0.265472412109375 0.41876220703125
0.00344944000244141 0.00935077667236328 0.09912109375 0.332672119140625
0.0064239501953125 0.0382499694824219 0.238037109375 0.100616455078125
0.00234603881835937 0.0294456481933594 -0.214859008789063 -0.111236572265625
0.0205287933349609 0.00384712219238281 -0.01629638671875 -0.32232666015625
0.00114727020263672 0.0119733810424805 0.34130859375 -0.356719970703125
-0.0145225524902344 0.0317401885986328 0.69537353515625 -0.0513916015625
-0.0176963806152344 0.00925636291503907 0.56085205078125 0.61376953125
-0.000228881835937497 -0.0407638549804688 -0.1055908203125 0.9305419921875
0.00437355041503907 0.0274410247802734 -0.531158447265625 0.5118408203125
0.00459671020507813 0.0514030456542969 0.0249862670898437 0.0646018981933594
0.0211200714111328 0.00760078430175781 0.59228515625 -0.47784423828125
0.0144748687744141 -0.02313232421875 0.0677490234375001 -0.94952392578125
-0.0167131423950195 -0.00522136688232422 -0.6885986328125 -0.47625732421875
-0.0214080810546875 0.0268154144287109 -0.60931396484375 0.21673583984375
-0.00133037567138672 0.0151739120483398 -0.23760986328125 0.43939208984375
0.0106849670410156 0.00367164611816406 0.11309814453125 0.33514404296875
0.00419998168945312 0.0368995666503906 0.242523193359375 0.104415893554688
0.000698089599609376 0.0256557464599609 -0.208755493164063 -0.111648559570312
0.0251941680908203 -0.00294685363769531 -0.00192260742187503 -0.316741943359375
0.0120887756347656 0.00364589691162109 0.362945556640625 -0.335479736328125
-0.00519371032714844 0.0322513580322266 0.70648193359375 -0.00689697265625
-0.0133476257324219 0.0146856307983398 0.530029296875 0.65008544921875
-0.0031585693359375 -0.0372200012207031 -0.16204833984375 0.92864990234375
-0.00223541259765625 0.0256462097167969 -0.547210693359375 0.48046875
0.00435256958007812 0.0468597412109375 0.0455284118652344 0.051422119140625
0.0146312713623047 0.00481319427490234 0.5706787109375 -0.50677490234375
0.00696945190429688 -0.0178356170654297 0.00646972656250007 -0.94305419921875
-0.0140933990478516 0.00369358062744141 -0.70947265625 -0.42181396484375
-0.00935173034667969 0.0249252319335938 -0.588134765625 0.25616455078125
0.00799798965454102 0.00791501998901367 -0.214996337890625 0.453887939453125
0.0131711959838867 -0.00583839416503906 0.12359619140625 0.3355712890625
0.00244903564453125 0.0318660736083984 0.246490478515625 0.105377197265625
-0.00154590606689453 0.0141372680664063 -0.205520629882813 -0.117294311523438
0.0342769622802734 -0.0123023986816406 0.00494384765625001 -0.317230224609375
0.0267543792724609 -0.00438308715820312 0.37841796875 -0.321929931640625
0.00701141357421875 0.033721923828125 0.71246337890625 0.02398681640625
-0.00804328918457031 0.0226249694824219 0.505859375 0.67962646484375
-0.0066070556640625 -0.0360107421875 -0.202392578125 0.921630859375
-0.00403213500976562 0.0192794799804688 -0.553741455078125 0.454864501953125
0.00809860229492187 0.0384292602539063 0.0634994506835938 0.0432205200195313
0.0101699829101562 -3.814697265625E-05 0.557464599609375 -0.52838134765625
0.00211906433105469 -0.0136728286743164 -0.0274658203124999 -0.934814453125
-0.00695991516113281 0.012237548828125 -0.7208251953125 -0.3863525390625
0.00528907775878906 0.0214672088623047 -0.57257080078125 0.2801513671875
0.0188579559326172 -0.00353050231933594 -0.2005615234375 0.463775634765625
0.0196475982666016 -0.0169658660888672 0.1298828125 0.334625244140625
-8.77380371093779E-05 0.0279045104980469 0.250747680664063 0.104171752929688
-0.00394248962402344 0.00671720504760742 -0.204574584960938 -0.125518798828125
0.0386161804199219 -0.0207672119140625 0.00857543945312502 -0.32275390625
0.0394210815429688 -0.0081329345703125 0.3834228515625 -0.318939208984375
0.0204277038574219 0.0360908508300781 0.72015380859375 0.03558349609375
-0.00629425048828125 0.0281658172607422 0.498046875 0.6898193359375
-0.0092010498046875 -0.0383110046386719 -0.21551513671875 0.9136962890625
0.00195884704589844 0.00913333892822266 -0.55010986328125 0.440826416015625
0.0222911834716797 0.0289821624755859 0.0785598754882813 0.034912109375
0.0150260925292969 -0.0108232498168945 0.552001953125 -0.543701171875
-0.000445365905761718 -0.013676643371582 -0.04510498046875 -0.93487548828125
-0.00162315368652344 0.0168008804321289 -0.724365234375 -0.37042236328125
0.0178260803222656 0.018707275390625 -0.56488037109375 0.29095458984375
0.0293388366699219 -0.0093231201171875 -0.1949462890625 0.4691162109375
0.0230464935302734 -0.0264816284179688 0.129791259765625 0.33258056640625
-0.00104904174804687 0.0192794799804687 0.249038696289062 0.101760864257813
-0.00500965118408203 -0.000424385070800782 -0.205810546875 -0.1337890625
0.0392074584960938 -0.0278358459472656 0.00460815429687497 -0.33074951171875
0.0475997924804688 -0.0132255554199219 0.379974365234375 -0.328338623046875
0.0308074951171875 0.0378608703613281 0.72381591796875 0.02471923828125
-0.001800537109375 0.0333976745605469 0.511962890625 0.681640625
-0.0101394653320312 -0.0421638488769531 -0.20281982421875 0.9124755859375
0.0107831954956055 -0.00358200073242188 -0.53839111328125 0.4385986328125
0.0398788452148438 0.0185050964355469 0.085479736328125 0.0328140258789063
0.0184078216552734 -0.0208606719970703 0.561492919921875 -0.549468994140625
-0.00292778015136719 -0.0146865844726563 -0.0375366210937501 -0.9405517578125
0.00229072570800781 0.0220909118652344 -0.7225341796875 -0.3779296875
0.0284461975097656 0.0185337066650391 -0.5657958984375 0.2867431640625
0.036468505859375 -0.0146942138671875 -0.20196533203125 0.467132568359375
0.0237236022949219 -0.0352134704589844 0.122528076171875 0.329376220703125
-0.00189495086669922 0.0123519897460938 0.247543334960937 0.09576416015625
-0.00590229034423828 -0.00708389282226563 -0.209197998046875 -0.143844604492187
0.0387001037597656 -0.0358505249023438 -0.00451660156250003 -0.34161376953125
0.0517616271972656 -0.0169143676757813 0.36578369140625 -0.347564697265625
0.0386734008789063 0.0377578735351563 0.7249755859375 -0.00421142578125
0.00131416320800781 0.0341587066650391 0.538818359375 0.656005859375
-0.00971221923828125 -0.0462226867675781 -0.15948486328125 0.90740966796875
0.0222797393798828 -0.016204833984375 -0.51959228515625 0.448089599609375
0.0582427978515625 0.00876998901367188 0.0866546630859375 0.0374298095703125
0.0279827117919922 -0.032806396484375 0.5797119140625 -0.5396728515625
-0.00318527221679688 -0.0207328796386719 0.00146484375000006 -0.94927978515625
0.00472831726074219 0.0240058898925781 -0.7091064453125 -0.40911865234375
0.03533935546875 0.0196571350097656 -0.5760498046875 0.26544189453125
0.0424041748046875 -0.0138778686523438 -0.221160888671875 0.456878662109375
0.0243797302246094 -0.04010009765625 0.111175537109375 0.325592041015625
-0.00311613082885742 0.00628089904785156 0.243667602539063 0.0897979736328125
0.00849533081054688 0.0355606079101563 -0.233749389648437 -0.11383056640625
0.0106735229492188 0.0114116668701172 -0.054840087890625 -0.33740234375
-0.00926399230957031 0.0236682891845703 0.2884521484375 -0.41192626953125
-0.0240020751953125 0.0387306213378906 0.67578125 -0.15411376953125
-0.0206642150878906 0.001495361328125 0.637451171875 0.51239013671875
0.00114059448242188 -0.05804443359375 0.0263671875000001 0.92132568359375
0.0287418365478516 0.0118541717529297 -0.478271484375 0.567626953125
0.0346221923828125 0.0483627319335938 -0.00629425048828124 0.0871124267578125
0.0470199584960938 0.002777099609375 0.64471435546875 -0.42620849609375
0.0303306579589844 -0.0428886413574219 0.1949462890625 -0.96588134765625
-0.0217647552490234 -0.0240592956542969 -0.63824462890625 -0.57965087890625
-0.0338497161865234 0.0291900634765625 -0.64764404296875 0.140869140625
-0.0173377990722656 0.0284614562988281 -0.284088134765625 0.40301513671875
-0.000619888305664064 0.0130205154418945 0.091705322265625 0.328216552734375
0.0100746154785156 0.0377082824707031 0.23870849609375 0.0924224853515625
0.00533103942871094 0.0341129302978516 -0.2257080078125 -0.1104736328125
0.0161342620849609 0.009307861328125 -0.037811279296875 -0.327850341796875
-0.00540733337402343 0.0194625854492188 0.31365966796875 -0.391021728515625
-0.0213127136230469 0.0361824035644531 0.686279296875 -0.1097412109375
-0.0183124542236328 0.00451469421386719 0.60772705078125 0.559814453125
0.000789642333984378 -0.0517158508300781 -0.0321044921875 0.93389892578125
0.0152168273925781 0.0217952728271484 -0.504119873046875 0.546783447265625
0.0159454345703125 0.0521202087402344 0.00530242919921875 0.0766372680664063
0.0337638854980469 0.00764274597167969 0.615478515625 -0.45330810546875
0.0230484008789063 -0.0334854125976563 0.12652587890625 -0.9610595703125
-0.0212078094482422 -0.0156192779541016 -0.67071533203125 -0.52825927734375
-0.0285453796386719 0.0279541015625 -0.630859375 0.18218994140625
-0.0112094879150391 0.02362060546875 -0.2620849609375 0.42333984375
0.00464534759521484 0.00971794128417969 0.10516357421875 0.333648681640625
0.00854110717773438 0.0398178100585938 0.240951538085938 0.0981903076171875
0.00313377380371094 0.0301685333251953 -0.2181396484375 -0.107345581054687
0.0211105346679688 0.00353431701660156 -0.020751953125 -0.322540283203125
0.00263118743896484 0.0109281539916992 0.338653564453125 -0.3636474609375
-0.0164031982421875 0.0326290130615234 0.6973876953125 -0.06011962890625
-0.0162544250488281 0.00736236572265625 0.573486328125 0.607421875
-0.00307083129882812 -0.0436515808105469 -0.09405517578125 0.93487548828125
0.00489425659179688 0.0263214111328125 -0.5289306640625 0.51678466796875
0.0041656494140625 0.0508804321289063 0.0232772827148438 0.0636024475097656
0.0216312408447266 0.00868797302246094 0.58831787109375 -0.4853515625
0.0146217346191406 -0.0250244140625 0.0613403320312499 -0.953857421875
-0.0181446075439453 -0.00506019592285156 -0.6978759765625 -0.4676513671875
-0.0186290740966797 0.0273323059082031 -0.60980224609375 0.2275390625
-0.00215435028076172 0.0168676376342773 -0.233551025390625 0.443450927734375
0.0117559432983398 0.00264263153076172 0.118377685546875 0.33551025390625
0.0066986083984375 0.0375213623046875 0.247177124023438 0.102813720703125
0.00237274169921875 0.02374267578125 -0.212020874023438 -0.109786987304688
0.0260200500488281 -0.00374984741210938 -0.00720214843750002 -0.31817626953125
0.0144577026367188 0.00372886657714844 0.36181640625 -0.34295654296875
-0.00361061096191406 0.0317440032958984 0.709228515625 -0.01409912109375
-0.013636589050293 0.0141878128051758 0.53729248046875 0.6456298828125
-0.0056610107421875 -0.0398483276367188 -0.15362548828125 0.9332275390625
5.72204589843777E-05 0.027130126953125 -0.545257568359375 0.484893798828125
0.00496673583984374 0.0466079711914063 0.0447654724121094 0.0531768798828125
0.0158586502075195 0.00514125823974609 0.56683349609375 -0.51611328125
0.00634384155273438 -0.0179710388183594 -0.000488281250000085 -0.94561767578125
-0.0126266479492188 0.00466251373291016 -0.71820068359375 -0.41510009765625
-0.00826835632324219 0.0235195159912109 -0.58636474609375 0.26385498046875
0.00903034210205078 0.00794029235839844 -0.21240234375 0.459014892578125
0.014805793762207 -0.00550651550292969 0.13055419921875 0.336395263671875
0.00320053100585937 0.0318641662597656 0.250885009765625 0.102935791015625
-0.000982284545898438 0.0161027908325195 -0.207977294921875 -0.115447998046875
0.0320854187011719 -0.0130157470703125 0.00146484375000002 -0.31884765625
0.0255718231201172 -0.00310516357421875 0.373199462890625 -0.32940673828125
0.00633049011230469 0.0335483551025391 0.7154541015625 0.0125732421875
-0.00855636596679688 0.0211524963378906 0.5162353515625 0.67413330078125
-0.00815582275390625 -0.0364151000976563 -0.19561767578125 0.9256591796875
-0.00368118286132812 0.0192508697509766 -0.549896240234375 0.4598388671875
0.00823974609375 0.0372886657714844 0.0649490356445313 0.0411529541015625
0.0118722915649414 -0.00054168701171875 0.55218505859375 -0.53668212890625
0.000929832458496092 -0.0130405426025391 -0.03765869140625 -0.9381103515625
-0.00709724426269531 0.0108222961425781 -0.72808837890625 -0.38018798828125
0.00590133666992187 0.0226593017578125 -0.570068359375 0.28802490234375
0.0178451538085938 -0.00353622436523437 -0.194732666015625 0.46893310546875
0.01947021484375 -0.0184574127197266 0.13677978515625 0.334625244140625
0.00238037109375 0.0266799926757813 0.252365112304687 0.102401733398437
-0.00325632095336914 0.00713205337524414 -0.207168579101563 -0.124374389648438
0.0378799438476563 -0.0210914611816406 0.00360107421874999 -0.323486328125
0.0387649536132813 -0.00902938842773437 0.379547119140625 -0.32720947265625
0.0206642150878906 0.0355110168457031 0.72344970703125 0.027099609375
-0.00545883178710938 0.0277462005615234 0.5076904296875 0.68389892578125
-0.0110282897949219 -0.0399627685546875 -0.20587158203125 0.92059326171875
0.00264644622802734 0.00728130340576172 -0.547698974609375 0.448486328125
0.0224056243896484 0.0276966094970703 0.0783767700195313 0.033966064453125
0.013484001159668 -0.0112905502319336 0.551177978515625 -0.5516357421875
-0.000608444213867188 -0.0128602981567383 -0.0554199218749999 -0.93670654296875
-0.00191879272460937 0.0160121917724609 -0.73419189453125 -0.3638916015625
0.0178012847900391 0.0186138153076172 -0.56329345703125 0.29815673828125
0.0288848876953125 -0.0109920501708984 -0.19073486328125 0.474517822265625
0.0205326080322266 -0.0275516510009766 0.135101318359375 0.332550048828125
-0.000593185424804688 0.0196151733398438 0.252655029296875 0.0998077392578125
-0.00460910797119141 -4.29153442382809E-05 -0.208633422851563 -0.132980346679688
0.0403785705566406 -0.0297737121582031 0.000793457031250027 -0.332611083984375
0.0484504699707031 -0.0137290954589844 0.37750244140625 -0.335418701171875
0.0327682495117188 0.0374908447265625 0.72735595703125 0.01458740234375
-0.00153160095214844 0.0322895050048828 0.51983642578125 0.67626953125
-0.0123214721679688 -0.0421295166015625 -0.19049072265625 0.91705322265625
0.0112495422363281 -0.00408172607421875 -0.536407470703125 0.445526123046875
0.0400352478027344 0.0184898376464844 0.0872955322265625 0.0324630737304688
0.0190486907958984 -0.0216827392578125 0.5584716796875 -0.556793212890625
-0.00271701812744141 -0.0145111083984375 -0.04730224609375 -0.9443359375
0.00365066528320313 0.0208015441894531 -0.72808837890625 -0.37115478515625
0.0294399261474609 0.0176067352294922 -0.565185546875 0.29486083984375
0.0372505187988281 -0.0147590637207031 -0.1973876953125 0.47271728515625
0.0234870910644531 -0.0356941223144531 0.12884521484375 0.330474853515625
-0.00180816650390625 0.0127315521240234 0.2525634765625 0.0931243896484375
-0.00562620162963867 -0.00586795806884765 -0.213424682617188 -0.141921997070312
0.0380630493164063 -0.0353240966796875 -0.010009765625 -0.34521484375
0.0525550842285156 -0.0174407958984375 0.364227294921875 -0.3551025390625
0.0398178100585938 0.0381011962890625 0.727294921875 -0.0157470703125
0.00203323364257812 0.0355682373046875 0.5477294921875 0.64788818359375
-0.0115089416503906 -0.0469131469726563 -0.1522216796875 0.91168212890625
0.022003173828125 -0.0162754058837891 -0.5164794921875 0.4554443359375
0.0603446960449219 0.00911712646484375 0.0872726440429688 0.0356521606445313
0.0289840698242188 -0.0321140289306641 0.57916259765625 -0.5460205078125
-0.00231552124023437 -0.0209312438964844 -0.00988769531249997 -0.95404052734375
0.00528526306152344 0.0220947265625 -0.7137451171875 -0.4014892578125
0.0366287231445313 0.0181961059570313 -0.57891845703125 0.2725830078125
0.0417747497558594 -0.0152091979980469 -0.21478271484375 0.464202880859375
0.0239295959472656 -0.0418167114257812 0.117767333984375 0.328338623046875
-0.00230598449707031 0.00701713562011719 0.246841430664063 0.08978271484375
0.00942611694335937 0.0375442504882813 -0.237640380859375 -0.1123046875
0.0107946395874023 0.0111560821533203 -0.0595703125 -0.339813232421875
-0.0103092193603516 0.0257225036621094 0.283416748046875 -0.41668701171875
-0.0222282409667969 0.0398712158203125 0.6732177734375 -0.16552734375
-0.0192356109619141 0.000837326049804691 0.64630126953125 0.50445556640625
0.000278472900390627 -0.059906005859375 0.03564453125 0.92425537109375
0.0291690826416016 0.0118865966796875 -0.4725341796875 0.5740966796875
0.0359230041503906 0.0481910705566406 -0.00415802001953126 0.0867156982421875
0.0457229614257812 0.00307083129882813 0.64227294921875 -0.43328857421875
0.0293617248535156 -0.0412750244140625 0.1851806640625 -0.97174072265625
-0.0209369659423828 -0.0237903594970703 -0.64678955078125 -0.57470703125
-0.0336761474609375 0.0285911560058594 -0.648681640625 0.1492919921875
-0.0182247161865234 0.0286235809326172 -0.28082275390625 0.41070556640625
-0.000824928283691408 0.0128421783447266 0.098602294921875 0.328887939453125
0.0113105773925781 0.0383682250976563 0.240753173828125 0.0911407470703125
0.00777626037597657 0.0338382720947266 -0.2281494140625 -0.106964111328125
0.0145721435546875 0.00803565979003906 -0.042266845703125 -0.329864501953125
-0.00452613830566406 0.0198898315429687 0.310943603515625 -0.39617919921875
-0.020965576171875 0.0354957580566406 0.68572998046875 -0.1197509765625
-0.0198192596435547 0.00200843811035156 0.61767578125 0.5513916015625
-0.000408172607421876 -0.0525588989257813 -0.0208129882812501 0.93560791015625
0.0182285308837891 0.0219364166259766 -0.500244140625 0.555511474609375
0.0172233581542969 0.0510940551757813 0.00609588623046876 0.0782546997070313
0.0334014892578125 0.00715065002441406 0.61358642578125 -0.4610595703125
0.0223236083984375 -0.0342178344726563 0.11962890625 -0.968505859375
-0.0214347839355469 -0.0156917572021484 -0.67901611328125 -0.520263671875
-0.0291309356689453 0.0285835266113281 -0.63214111328125 0.19268798828125
-0.0115032196044922 0.0228672027587891 -0.257293701171875 0.43212890625
0.00531530380249023 0.00846576690673828 0.110748291015625 0.33447265625
0.009368896484375 0.039581298828125 0.244857788085938 0.0959320068359375
0.00449752807617188 0.0295944213867187 -0.22137451171875 -0.106521606445313
0.0200691223144531 0.00479507446289063 -0.025970458984375 -0.324310302734375
0.00248908996582031 0.0109643936157227 0.336517333984375 -0.3702392578125
-0.0146026611328125 0.0335502624511719 0.700439453125 -0.069091796875
-0.0151643753051758 0.00645065307617187 0.58050537109375 0.59942626953125
-0.00414276123046875 -0.0435066223144531 -0.0863647460937501 0.9393310546875
0.00589752197265625 0.0270233154296875 -0.523681640625 0.5240478515625
0.00596237182617188 0.0518379211425781 0.0254058837890625 0.0642356872558594
0.0205039978027344 0.00783157348632813 0.585205078125 -0.49224853515625
0.0128364562988281 -0.0242900848388672 0.0487060546875 -0.9559326171875
-0.0154790878295898 -0.00609016418457031 -0.705322265625 -0.46063232421875
-0.0196914672851563 0.0277042388916016 -0.60870361328125 0.2349853515625
-0.00141620635986328 0.0159473419189453 -0.2301025390625 0.44744873046875
0.00996208190917969 0.00130271911621094 0.12506103515625 0.33575439453125
0.00817489624023438 0.0380439758300781 0.249221801757813 0.100311279296875
0.0028533935546875 0.0245990753173828 -0.21380615234375 -0.109298706054688
0.0262775421142578 -0.00404930114746094 -0.011077880859375 -0.32049560546875
0.012944221496582 0.00382423400878906 0.3612060546875 -0.348541259765625
-0.00436210632324218 0.0309791564941406 0.71026611328125 -0.0260009765625
-0.0137519836425781 0.0127706527709961 0.5484619140625 0.6417236328125
-0.00698089599609375 -0.0405807495117188 -0.14520263671875 0.93670654296875
-0.000328063964843751 0.0254383087158203 -0.540130615234375 0.49267578125
0.00744247436523437 0.0466346740722656 0.0462379455566406 0.0518951416015625
0.015350341796875 0.00515651702880859 0.56317138671875 -0.52301025390625
0.00664997100830078 -0.0169668197631836 -0.0111083984375001 -0.94927978515625
-0.0125713348388672 0.00362110137939453 -0.72515869140625 -0.40771484375
-0.00695610046386719 0.0239048004150391 -0.58642578125 0.27081298828125
0.00867891311645508 0.0059046745300293 -0.205841064453125 0.464599609375
0.0142688751220703 -0.00587558746337891 0.135833740234375 0.33697509765625
0.00525665283203125 0.0335502624511719 0.253890991210938 0.100555419921875
-0.00121307373046875 0.0162277221679687 -0.2117919921875 -0.114395141601563
0.0316009521484375 -0.0123538970947266 -0.002899169921875 -0.32208251953125
0.0250682830810547 -0.00432777404785156 0.371734619140625 -0.3359375
0.0101680755615234 0.0329380035400391 0.71673583984375 0.0030517578125
-0.00929641723632813 0.0213432312011719 0.525634765625 0.66796875
-0.0112686157226563 -0.0354881286621094 -0.1842041015625 0.93212890625
-0.00449562072753906 0.0194873809814453 -0.54693603515625 0.46771240234375
0.0099334716796875 0.0379638671875 0.0648117065429688 0.0408287048339844
0.0089263916015625 0.00160980224609375 0.550018310546875 -0.542205810546875
0.00225353240966797 -0.0140542984008789 -0.04864501953125 -0.94354248046875
-0.00708198547363281 0.0115776062011719 -0.73492431640625 -0.37298583984375
0.008575439453125 0.0212249755859375 -0.56787109375 0.29803466796875
0.0173091888427734 -0.00258827209472656 -0.190185546875 0.47344970703125
0.0192966461181641 -0.0192127227783203 0.14105224609375 0.335052490234375
0.00228309631347657 0.027435302734375 0.257308959960938 0.0997161865234375
-0.00371170043945313 0.00869083404541016 -0.21075439453125 -0.12060546875
0.0368156433105469 -0.0214958190917969 -0.000946044921874992 -0.32574462890625
0.0378570556640625 -0.0105018615722656 0.379241943359375 -0.333251953125
0.0216140747070313 0.0360450744628906 0.72607421875 0.015869140625
-0.004730224609375 0.0262317657470703 0.5169677734375 0.679931640625
-0.0106353759765625 -0.0396652221679688 -0.19561767578125 0.9241943359375
0.00217533111572266 0.00817203521728516 -0.54437255859375 0.45428466796875
0.0249977111816406 0.0288105010986328 0.0792465209960938 0.0333938598632813
0.0136728286743164 -0.0110063552856445 0.544525146484375 -0.56170654296875
-0.00234889984130859 -0.0132064819335938 -0.0650024414062501 -0.93890380859375
-0.00160026550292969 0.0155916213989258 -0.73760986328125 -0.35650634765625
0.0196723937988281 0.0177974700927734 -0.562103271484375 0.307464599609375
0.0280513763427734 -0.0112895965576172 -0.184356689453125 0.47833251953125
0.0214939117431641 -0.0280361175537109 0.14215087890625 0.33331298828125
0.000776290893554688 0.0208892822265625 0.256805419921875 0.095977783203125
-0.0035700798034668 0.000955581665039063 -0.211441040039062 -0.130355834960938
0.0394744873046875 -0.0300331115722656 -0.00512695312500002 -0.334808349609375
0.0478248596191406 -0.0149383544921875 0.375152587890625 -0.343719482421875
0.0332374572753906 0.035888671875 0.73101806640625 0.005615234375
-0.00148773193359375 0.0311622619628906 0.5321044921875 0.67279052734375
-0.0140495300292969 -0.0425910949707031 -0.1834716796875 0.9200439453125
0.0118789672851563 -0.0038909912109375 -0.53375244140625 0.453155517578125
0.0411911010742188 0.0169830322265625 0.0881729125976563 0.0305709838867188
0.0186977386474609 -0.0218696594238281 0.55340576171875 -0.56622314453125
-0.00343036651611328 -0.01446533203125 -0.0561523437499999 -0.9451904296875
0.0040283203125 0.0214157104492187 -0.73480224609375 -0.363037109375
0.0290107727050781 0.016632080078125 -0.56396484375 0.30377197265625
0.0361061096191406 -0.0154685974121094 -0.19183349609375 0.477447509765625
0.0233268737792969 -0.0359382629394531 0.135498046875 0.3302001953125
-0.000391006469726562 0.0127897262573242 0.255813598632813 0.091796875
-0.00450277328491211 -0.00652027130126953 -0.216049194335937 -0.140625
0.0378913879394531 -0.0356292724609375 -0.016448974609375 -0.345428466796875
0.0512199401855469 -0.0166473388671875 0.360382080078125 -0.36285400390625
0.042022705078125 0.0377693176269531 0.7294921875 -0.02679443359375
0.00285148620605469 0.0331344604492188 0.55828857421875 0.6422119140625
-0.0133323669433594 -0.04595947265625 -0.14190673828125 0.91656494140625
0.0222721099853516 -0.0162525177001953 -0.51434326171875 0.4625244140625
0.0601310729980469 0.00797653198242188 0.0871353149414063 0.0343093872070313
0.02838134765625 -0.0333003997802734 0.57562255859375 -0.55584716796875
-0.00252723693847656 -0.018646240234375 -0.02117919921875 -0.9571533203125
0.00527191162109375 0.0228061676025391 -0.72210693359375 -0.39373779296875
0.0373954772949219 0.0162925720214844 -0.57574462890625 0.28106689453125
0.0414009094238281 -0.0159721374511719 -0.20733642578125 0.467864990234375
0.0241012573242187 -0.0430259704589844 0.123870849609375 0.327178955078125
-0.00185108184814453 0.00570917129516601 0.2490234375 0.087188720703125
0.0106620788574219 0.0371246337890625 -0.238433837890625 -0.10870361328125
0.0101337432861328 0.0117692947387695 -0.06591796875 -0.339691162109375
-0.00966072082519531 0.0254955291748047 0.27960205078125 -0.422637939453125
-0.0217819213867187 0.0397872924804688 0.67315673828125 -0.1759033203125
-0.0208606719970703 -0.000558853149414064 0.65362548828125 0.49493408203125
-0.00121307373046875 -0.0596809387207031 0.05023193359375 0.92401123046875
0.0297927856445312 0.0114250183105469 -0.4671630859375 0.58026123046875
0.0357933044433594 0.0479927062988281 -0.0037689208984375 0.0879898071289063
0.0478897094726562 0.00107955932617187 0.63824462890625 -0.442138671875
0.0297164916992188 -0.0432701110839844 0.17156982421875 -0.97784423828125
-0.0197792053222656 -0.0238437652587891 -0.65582275390625 -0.566650390625
-0.0318660736083984 0.0282230377197266 -0.64794921875 0.1593017578125
-0.0169525146484375 0.0298614501953125 -0.275054931640625 0.413848876953125
-0.000901222229003905 0.0134057998657227 0.104644775390625 0.327423095703125
0.0131950378417969 0.0391998291015625 0.242843627929688 0.088714599609375
0.00981521606445313 0.0356636047363281 -0.2313232421875 -0.105239868164063
0.0146217346191406 0.00980377197265625 -0.0478515625 -0.33026123046875
-0.00584793090820313 0.0189285278320313 0.30517578125 -0.40228271484375
-0.0194816589355469 0.036224365234375 0.6849365234375 -0.13055419921875
-0.0187816619873047 0.00136184692382812 0.6258544921875 0.5447998046875
-0.002410888671875 -0.0527992248535156 -0.00823974609374997 0.93768310546875
0.0163745880126953 0.0208816528320313 -0.493804931640625 0.559967041015625
0.0166511535644531 0.0526390075683594 0.00805664062499999 0.0779571533203125
0.0319614410400391 0.00665855407714844 0.6087646484375 -0.47113037109375
0.0209751129150391 -0.0331630706787109 0.1041259765625 -0.972900390625
-0.0207118988037109 -0.0158596038818359 -0.68585205078125 -0.512939453125
-0.0282478332519531 0.0274028778076172 -0.63128662109375 0.20166015625
-0.0105648040771484 0.0245304107666016 -0.2529296875 0.436431884765625
0.00463581085205078 0.00898075103759766 0.1177978515625 0.33526611328125
0.010833740234375 0.0396957397460937 0.247116088867188 0.093048095703125
0.00641441345214844 0.0302963256835938 -0.223052978515625 -0.1036376953125
0.0202445983886719 0.00401878356933594 -0.031097412109375 -0.323699951171875
0.000174522399902345 0.0121803283691406 0.332733154296875 -0.37701416015625
-0.0134563446044922 0.0328445434570313 0.6990966796875 -0.0841064453125
-0.0149641036987305 0.00731945037841797 0.5914306640625 0.591552734375
-0.00464630126953125 -0.0446853637695313 -0.07318115234375 0.94091796875
0.00536918640136719 0.0265712738037109 -0.516998291015625 0.53082275390625
0.00892257690429688 0.0517654418945313 0.0248985290527344 0.0655059814453125
0.0215263366699219 0.00767707824707031 0.5804443359375 -0.5020751953125
0.0143413543701172 -0.0229282379150391 0.0361328125 -0.95782470703125
-0.0172529220581055 -0.00461387634277344 -0.71307373046875 -0.452880859375
-0.0175857543945313 0.0257148742675781 -0.607177734375 0.2440185546875
-0.00171947479248047 0.0156984329223633 -0.222686767578125 0.4542236328125
0.00970172882080078 0.00135707855224609 0.1298828125 0.3360595703125
0.0101699829101562 0.03814697265625 0.252944946289063 0.097442626953125
0.002716064453125 0.0244159698486328 -0.21795654296875 -0.10699462890625
0.0251941680908203 -0.00403976440429688 -0.0169677734375 -0.321533203125
0.0141754150390625 0.00401210784912109 0.35394287109375 -0.356536865234375
-0.00248336791992188 0.0309257507324219 0.71197509765625 -0.0379638671875
-0.0134391784667969 0.0119752883911133 0.55682373046875 0.6326904296875
-0.00793838500976562 -0.040985107421875 -0.130859375 0.94024658203125
-0.000581741333007813 0.0253047943115234 -0.536346435546875 0.5013427734375
0.00631332397460937 0.0482940673828125 0.04510498046875 0.0521163940429687
0.0160970687866211 0.00504398345947266 0.55926513671875 -0.53173828125
0.00514602661132812 -0.0182476043701172 -0.0243530273437499 -0.95135498046875
-0.0138111114501953 0.00334930419921875 -0.73065185546875 -0.39971923828125
-0.00609397888183594 0.0244712829589844 -0.583740234375 0.28265380859375
0.00841665267944336 0.00586748123168945 -0.199676513671875 0.468841552734375
0.0149965286254883 -0.00650787353515625 0.142791748046875 0.336456298828125
0.00823783874511719 0.0326614379882813 0.255966186523438 0.0971832275390625
-4.19616699218755E-05 0.01605224609375 -0.214813232421875 -0.112655639648438
0.0309371948242188 -0.0130958557128906 -0.00946044921874999 -0.322845458984375
0.0265159606933594 -0.00506210327148438 0.36614990234375 -0.343231201171875
0.008056640625 0.0317134857177734 0.72021484375 -0.00921630859375
-0.00776863098144531 0.0193367004394531 0.53631591796875 0.6605224609375
-0.0114288330078125 -0.0391616821289062 -0.17315673828125 0.93402099609375
-0.00356292724609375 0.0199737548828125 -0.543426513671875 0.476104736328125
0.0101280212402344 0.0401611328125 0.0660934448242188 0.0403366088867188
0.0105400085449219 0.000736236572265625 0.54266357421875 -0.552276611328125
0.00111579895019531 -0.0139541625976563 -0.0601806640625 -0.9417724609375
-0.00768184661865234 0.0106906890869141 -0.7401123046875 -0.36181640625
0.00707054138183594 0.0210418701171875 -0.56683349609375 0.3060302734375
0.0197238922119141 -0.00306320190429688 -0.182586669921875 0.47906494140625
0.0198421478271484 -0.018798828125 0.148834228515625 0.335479736328125
0.00440788269042969 0.0268192291259766 0.259796142578125 0.09698486328125
-0.00169181823730469 0.00823116302490234 -0.212905883789063 -0.119979858398437
0.0364875793457031 -0.0224342346191406 -0.00674438476562499 -0.326873779296875
0.036346435546875 -0.0103721618652344 0.374603271484375 -0.340240478515625
0.0226860046386719 0.0336227416992188 0.72735595703125 0.001708984375
-0.00362968444824219 0.0263099670410156 0.528076171875 0.6712646484375
-0.0139503479003906 -0.0394935607910156 -0.185791015625 0.9281005859375
0.00197553634643555 0.00769996643066406 -0.539886474609375 0.461822509765625
0.0251502990722656 0.0279350280761719 0.07977294921875 0.033721923828125
0.0128192901611328 -0.010096549987793 0.53802490234375 -0.5679931640625
-0.00198554992675781 -0.0132980346679688 -0.07696533203125 -0.94085693359375
-0.000942230224609374 0.0153865814208984 -0.74615478515625 -0.34576416015625
0.01953125 0.0171566009521484 -0.558807373046875 0.314422607421875
0.0287399291992187 -0.011199951171875 -0.178436279296875 0.484344482421875
0.0220165252685547 -0.0290393829345703 0.147796630859375 0.33123779296875
0.00102615356445312 0.0197486877441406 0.260025024414063 0.0929412841796875
-0.00255107879638672 0.000795364379882812 -0.215194702148438 -0.12811279296875
0.0382766723632813 -0.0311660766601563 -0.011932373046875 -0.336212158203125
0.0476570129394531 -0.0142059326171875 0.37060546875 -0.3507080078125
0.0340766906738281 0.0356483459472656 0.7320556640625 -0.00787353515625
-0.000734329223632809 0.0299949645996094 0.54248046875 0.66259765625
-0.0144119262695312 -0.0432014465332031 -0.1717529296875 0.92242431640625
0.0113420486450195 -0.00296783447265625 -0.528564453125 0.4586181640625
0.0420494079589844 0.017547607421875 0.0879364013671875 0.0312271118164063
0.0178432464599609 -0.0218563079833984 0.548583984375 -0.57293701171875
-0.00450611114501953 -0.0148172378540039 -0.0695190429687501 -0.948486328125
0.003570556640625 0.0199699401855469 -0.74066162109375 -0.35321044921875
0.0301532745361328 0.0144405364990234 -0.559844970703125 0.312469482421875
0.0367355346679688 -0.0152702331542969 -0.185302734375 0.481109619140625
0.0223731994628906 -0.0371589660644531 0.141845703125 0.329376220703125
0.00139236450195312 0.0135574340820313 0.258468627929688 0.088226318359375
-0.00381278991699219 -0.00563812255859375 -0.220367431640625 -0.137359619140625
0.0365562438964844 -0.0383758544921875 -0.02349853515625 -0.3468017578125
0.0504837036132813 -0.0182456970214844 0.354888916015625 -0.368988037109375
0.0415382385253906 0.0353927612304688 0.729736328125 -0.03546142578125
0.00400352478027344 0.0323276519775391 0.56927490234375 0.633544921875
-0.0160102844238281 -0.049163818359375 -0.1290283203125 0.9176025390625
0.0206966400146484 -0.0172615051269531 -0.509490966796875 0.467926025390625
0.0604782104492187 0.00644683837890625 0.0878448486328125 0.0336761474609375
0.0274009704589844 -0.0339813232421875 0.568603515625 -0.56402587890625
-0.00251960754394531 -0.0211582183837891 -0.0325317382812501 -0.95794677734375
0.00609016418457031 0.0220584869384766 -0.72967529296875 -0.38568115234375
0.0373954772949219 0.0173721313476563 -0.5732421875 0.2900390625
0.0422248840332031 -0.0161628723144531 -0.20233154296875 0.473419189453125
0.0233192443847656 -0.0415191650390625 0.129638671875 0.326904296875
-0.00111722946166992 0.00659322738647461 0.2529296875 0.083648681640625
0.0124168395996094 0.0378074645996094 -0.242996215820313 -0.1068115234375
0.0105438232421875 0.010584831237793 -0.07147216796875 -0.337982177734375
-0.0084991455078125 0.0256290435791016 0.27374267578125 -0.427825927734375
-0.0208320617675781 0.0409469604492188 0.6695556640625 -0.187255859375
-0.0203533172607422 -0.00234603881835937 0.66180419921875 0.48333740234375
-0.00323104858398437 -0.0604095458984375 0.0618896484375 0.92138671875
0.0309200286865234 0.0100879669189453 -0.45904541015625 0.58660888671875
0.0372734069824219 0.0476799011230469 -0.00318908691406249 0.0881118774414063
0.0462150573730469 0.000518798828125 0.63104248046875 -0.45123291015625
0.0270462036132813 -0.0430908203125 0.15948486328125 -0.9794921875
-0.0208282470703125 -0.0257854461669922 -0.6649169921875 -0.55853271484375
-0.0314674377441406 0.0281600952148437 -0.6475830078125 0.16815185546875
-0.0174770355224609 0.0307865142822266 -0.269378662109375 0.419281005859375
-0.00162887573242187 0.0122137069702148 0.109344482421875 0.32720947265625
0.0140647888183594 0.0389022827148438 0.244918823242188 0.0849609375
0.0109729766845703 0.0347881317138672 -0.2315673828125 -0.101593017578125
0.0138874053955078 0.00971221923828125 -0.053192138671875 -0.330810546875
-0.00597000122070313 0.0212993621826172 0.299652099609375 -0.407196044921875
-0.0196285247802734 0.0348320007324219 0.68499755859375 -0.14215087890625
-0.0181045532226563 0.00130653381347656 0.63177490234375 0.53289794921875
-0.00332260131835938 -0.0513153076171875 0.00360107421874995 0.93475341796875
0.0176105499267578 0.0204524993896484 -0.48712158203125 0.5667724609375
0.0204010009765625 0.0524063110351563 0.0075225830078125 0.0783157348632813
0.0331897735595703 0.00643348693847656 0.60284423828125 -0.479248046875
0.0201053619384766 -0.0342445373535156 0.09210205078125 -0.97430419921875
-0.022369384765625 -0.0157794952392578 -0.6944580078125 -0.50341796875
-0.0263900756835937 0.0285663604736328 -0.629150390625 0.20928955078125
-0.0102005004882813 0.0241127014160156 -0.243682861328125 0.441864013671875
0.00404071807861328 0.00928115844726563 0.123321533203125 0.334869384765625
0.012847900390625 0.0395393371582031 0.249053955078125 0.091156005859375
0.00786972045898437 0.0318126678466797 -0.226119995117188 -0.100799560546875
0.0186710357666016 0.00432586669921875 -0.0364990234375 -0.326080322265625
0.00174045562744141 0.0106735229492188 0.325927734375 -0.384765625
-0.0116233825683594 0.0319175720214844 0.69921875 -0.0928955078125
-0.0166463851928711 0.00368213653564453 0.5986328125 0.5816650390625
-0.00632095336914063 -0.0436744689941406 -0.06048583984375 0.9375
0.00507736206054688 0.02630615234375 -0.51171875 0.5357666015625
0.00791931152343751 0.0525131225585938 0.0260429382324219 0.0648994445800781
0.0226879119873047 0.00746345520019531 0.57366943359375 -0.50994873046875
0.0117912292480469 -0.0252017974853516 0.02294921875 -0.96331787109375
-0.0184955596923828 -0.00668716430664063 -0.7186279296875 -0.44195556640625
-0.0164070129394531 0.0270481109619141 -0.60400390625 0.2537841796875
-0.00195217132568359 0.0154352188110352 -0.21478271484375 0.45867919921875
0.0102386474609375 0.00124168395996094 0.13763427734375 0.333953857421875
0.0108985900878906 0.0367660522460938 0.255081176757813 0.0952301025390625
0.0044097900390625 0.0249137878417969 -0.220230102539062 -0.10400390625
0.0250492095947266 -0.00363731384277344 -0.0223388671875 -0.321014404296875
0.0134353637695313 0.00421619415283203 0.349456787109375 -0.36279296875
-0.00218772888183594 0.0306320190429688 0.71484375 -0.04901123046875
-0.0128993988037109 0.0114889144897461 0.56707763671875 0.62506103515625
-0.0102996826171875 -0.0401611328125 -0.12042236328125 0.9395751953125
-0.000337600708007811 0.025634765625 -0.52801513671875 0.50689697265625
0.00601577758789063 0.04705810546875 0.0466461181640625 0.050537109375
0.0159015655517578 0.0050201416015625 0.551055908203125 -0.539154052734375
0.00650596618652344 -0.0186576843261719 -0.0352172851562499 -0.95263671875
-0.0122871398925781 0.00318527221679688 -0.73663330078125 -0.39129638671875
-0.00579833984375 0.0233039855957031 -0.58026123046875 0.289794921875
0.00902175903320313 0.00606346130371094 -0.19024658203125 0.47283935546875
0.0140237808227539 -0.00715923309326172 0.14886474609375 0.33441162109375
0.0100269317626953 0.0338554382324219 0.260772705078125 0.0944061279296875
0.00176906585693359 0.0163946151733398 -0.216949462890625 -0.109817504882813
0.0316715240478516 -0.0129604339599609 -0.015869140625 -0.321868896484375
0.0260276794433594 -0.0037841796875 0.363128662109375 -0.3485107421875
0.0111541748046875 0.0322608947753906 0.72003173828125 -0.0198974609375
-0.00804901123046875 0.0183906555175781 0.544677734375 0.65155029296875
-0.0140266418457031 -0.03753662109375 -0.1588134765625 0.9342041015625
-0.00407600402832031 0.0195579528808594 -0.536773681640625 0.48187255859375
0.0112457275390625 0.0387802124023438 0.0653305053710938 0.0425529479980469
0.0116777420043945 -0.00135326385498047 0.536773681640625 -0.560943603515625
0.000844955444335937 -0.0122919082641602 -0.0731201171875001 -0.9429931640625
-0.00626945495605469 0.0101966857910156 -0.7454833984375 -0.35369873046875
0.00890159606933594 0.0195388793945313 -0.56182861328125 0.313507080078125
0.018951416015625 -0.00360870361328125 -0.17633056640625 0.481201171875
0.0187511444091797 -0.0189743041992188 0.154510498046875 0.332794189453125
0.00600051879882813 0.0264835357666016 0.262802124023438 0.09375
0.00121450424194336 0.00841283798217773 -0.217117309570312 -0.115997314453125
0.0353927612304688 -0.0225067138671875 -0.012786865234375 -0.327301025390625
0.0381088256835938 -0.00976943969726562 0.367919921875 -0.34722900390625
0.0233383178710938 0.033203125 0.72674560546875 -0.01007080078125
-0.00374221801757812 0.0243892669677734 0.5380859375 0.66314697265625
-0.0157394409179688 -0.0391349792480469 -0.17181396484375 0.92730712890625
0.00292682647705078 0.00948333740234375 -0.533233642578125 0.4659423828125
0.0250415802001953 0.0283527374267578 0.0798568725585938 0.0322952270507813
0.0136833190917969 -0.0113058090209961 0.53106689453125 -0.5743408203125
-0.00176620483398438 -0.0124092102050781 -0.0887451171875 -0.94134521484375
0.000258445739746094 0.0151910781860352 -0.749267578125 -0.33770751953125
0.0200309753417969 0.0160999298095703 -0.555755615234375 0.324676513671875
0.0274391174316406 -0.0118999481201172 -0.169097900390625 0.4871826171875
0.0210838317871094 -0.029205322265625 0.154632568359375 0.33209228515625
0.00386238098144531 0.02008056640625 0.263748168945312 0.0906829833984375
-0.00235271453857422 0.000611782073974609 -0.217391967773438 -0.125900268554688
0.0371971130371094 -0.0304641723632813 -0.0167236328125 -0.3377685546875
0.0471611022949219 -0.014984130859375 0.36419677734375 -0.35687255859375
0.0347938537597656 0.0344810485839844 0.7337646484375 -0.019775390625
-0.000173568725585938 0.0298309326171875 0.54986572265625 0.6529541015625
-0.0160331726074219 -0.0433845520019531 -0.16033935546875 0.92462158203125
0.0111408233642578 -0.00330257415771484 -0.52178955078125 0.465423583984375
0.0426750183105469 0.0177841186523438 0.0878524780273438 0.0300216674804688
0.0184822082519531 -0.0226268768310547 0.54071044921875 -0.57965087890625
-0.00425529479980469 -0.0148048400878906 -0.0810546874999999 -0.94781494140625
0.00444984436035156 0.01983642578125 -0.74566650390625 -0.34490966796875
0.0304088592529297 0.0143833160400391 -0.55706787109375 0.31903076171875
0.0365028381347656 -0.0162467956542969 -0.1767578125 0.487152099609375
0.0213356018066406 -0.0375556945800781 0.14776611328125 0.32940673828125
0.00200176239013672 0.0128602981567383 0.261642456054688 0.083953857421875
-0.00383567810058594 -0.00563478469848633 -0.223281860351563 -0.134933471679688
0.0359535217285156 -0.0360488891601563 -0.027069091796875 -0.3480224609375
0.0504684448242187 -0.0186309814453125 0.35052490234375 -0.37451171875
0.043731689453125 0.0343704223632813 0.73046875 -0.05010986328125
0.00521087646484375 0.0315914154052734 0.57757568359375 0.6229248046875
-0.0153388977050781 -0.0475845336914063 -0.11822509765625 0.91961669921875
0.0214385986328125 -0.0166168212890625 -0.50299072265625 0.47467041015625
0.0614852905273438 0.00727081298828125 0.0892257690429688 0.031402587890625
0.0259132385253906 -0.0347747802734375 0.5601806640625 -0.57147216796875
-0.00452232360839844 -0.0196304321289063 -0.0460205078125 -0.9583740234375
0.00615882873535156 0.0216026306152344 -0.732666015625 -0.3748779296875
0.0377540588378906 0.015777587890625 -0.569580078125 0.30108642578125
0.0410614013671875 -0.017578125 -0.195892333984375 0.476470947265625
0.0215339660644531 -0.0424041748046875 0.1351318359375 0.325408935546875
0.000689506530761719 0.00703763961791992 0.257232666015625 0.0799713134765625
0.0140419006347656 0.0366363525390625 -0.244781494140625 -0.102706909179687
0.0106163024902344 0.0119132995605469 -0.078826904296875 -0.337982177734375
-0.00971412658691406 0.0279769897460938 0.266387939453125 -0.43218994140625
-0.0188941955566406 0.0390243530273438 0.66619873046875 -0.1995849609375
-0.0196456909179688 -0.00174522399902344 0.66754150390625 0.47235107421875
-0.00515365600585937 -0.0603828430175781 0.0758056640625001 0.91680908203125
0.0290927886962891 0.0102195739746094 -0.449951171875 0.59185791015625
0.03814697265625 0.0479888916015625 -0.00128173828125 0.0885696411132813
0.0470809936523437 0.000438690185546875 0.6248779296875 -0.45849609375
0.0276603698730469 -0.0442466735839844 0.1458740234375 -0.980712890625
-0.0216102600097656 -0.0238876342773438 -0.67156982421875 -0.54742431640625
-0.0312862396240234 0.0287723541259766 -0.64483642578125 0.177490234375
-0.0157909393310547 0.0306930541992188 -0.2623291015625 0.424530029296875
-0.00050640106201172 0.0113162994384766 0.117523193359375 0.326141357421875
0.0161399841308594 0.0389747619628906 0.24774169921875 0.0821380615234375
0.0122947692871094 0.0367393493652344 -0.235137939453125 -0.09906005859375
0.0126094818115234 0.0105123519897461 -0.05902099609375 -0.332061767578125
-0.00608062744140625 0.0217857360839844 0.293670654296875 -0.412017822265625
-0.017913818359375 0.0344905853271484 0.68115234375 -0.156005859375
-0.0197162628173828 0.000783920288085936 0.637939453125 0.5211181640625
-0.00631332397460938 -0.0505790710449219 0.0184326171874999 0.93267822265625
0.0189743041992188 0.0195522308349609 -0.477783203125 0.572265625
0.022216796875 0.0528678894042969 0.00820159912109375 0.0791854858398438
0.033966064453125 0.006561279296875 0.59466552734375 -0.48583984375
0.0190601348876953 -0.0344219207763672 0.0780639648437501 -0.97076416015625
-0.0209541320800781 -0.0164012908935547 -0.70013427734375 -0.49346923828125
-0.0266647338867188 0.0279560089111328 -0.6259765625 0.21856689453125
-0.00985145568847656 0.0259189605712891 -0.23785400390625 0.443756103515625
0.00402212142944336 0.00851345062255859 0.130126953125 0.33270263671875
0.0143508911132813 0.0385932922363281 0.252395629882813 0.086639404296875
0.00809860229492187 0.0313034057617188 -0.228256225585938 -0.0975341796875
0.0200977325439453 0.00322341918945313 -0.042083740234375 -0.325775146484375
0.00222301483154297 0.0121822357177734 0.320068359375 -0.3892822265625
-0.0118217468261719 0.0318584442138672 0.69549560546875 -0.10546875
-0.0141897201538086 0.00362777709960938 0.60504150390625 0.5709228515625
-0.00669479370117188 -0.0461654663085938 -0.0484619140625001 0.9359130859375
0.00795745849609375 0.0261611938476563 -0.50152587890625 0.54327392578125
0.00946044921875 0.0525360107421875 0.0251884460449219 0.0666122436523437
0.0231952667236328 0.00941848754882813 0.566650390625 -0.5166015625
0.0114803314208984 -0.0247650146484375 0.0115356445312499 -0.9609375
-0.0187168121337891 -0.00586891174316406 -0.72576904296875 -0.43243408203125
-0.0164375305175781 0.0254878997802734 -0.600830078125 0.261474609375
0.000131607055664064 0.0166492462158203 -0.208648681640625 0.461700439453125
0.0102996826171875 0.00348091125488281 0.14544677734375 0.334228515625
0.0131149291992188 0.0353927612304688 0.257659912109375 0.0925750732421875
0.00678443908691406 0.0254554748535156 -0.222488403320313 -0.100296020507813
0.0246009826660156 -0.00421524047851563 -0.028594970703125 -0.319854736328125
0.0136899948120117 0.00424861907958984 0.343536376953125 -0.36920166015625
-0.00128173828125 0.0299491882324219 0.712158203125 -0.05987548828125
-0.0130195617675781 0.0106115341186523 0.5760498046875 0.6136474609375
-0.0106430053710937 -0.0399856567382813 -0.10748291015625 0.9378662109375
0.00100898742675781 0.0255622863769531 -0.521820068359375 0.512603759765625
0.00938415527343749 0.0470962524414063 0.04815673828125 0.0510177612304687
0.0149564743041992 0.00583648681640625 0.541900634765625 -0.544158935546875
0.005035400390625 -0.0185832977294922 -0.0491943359375 -0.949462890625
-0.0126543045043945 0.00241851806640625 -0.7401123046875 -0.3760986328125
-0.00341796875 0.0213851928710937 -0.576416015625 0.298828125
0.00942516326904297 0.00600337982177734 -0.18353271484375 0.476470947265625
0.012730598449707 -0.00818061828613281 0.155242919921875 0.333709716796875
0.0105648040771484 0.0335102081298828 0.26226806640625 0.091461181640625
0.00154495239257813 0.0178356170654297 -0.21868896484375 -0.10662841796875
0.031524658203125 -0.0132217407226563 -0.02081298828125 -0.322418212890625
0.0253009796142578 -0.0036163330078125 0.35882568359375 -0.35552978515625
0.0112266540527344 0.0302238464355469 0.71917724609375 -0.03326416015625
-0.00737571716308594 0.0178279876708984 0.55316162109375 0.6405029296875
-0.0150566101074219 -0.037322998046875 -0.146240234375 0.93414306640625
-0.00280570983886719 0.0194454193115234 -0.530059814453125 0.4866943359375
0.011138916015625 0.0391120910644531 0.0664749145507813 0.0392951965332031
0.0120220184326172 -0.00139522552490234 0.52984619140625 -0.5662841796875
0.00103569030761719 -0.0125675201416016 -0.0859374999999999 -0.93890380859375
-0.00519180297851562 0.00879573822021485 -0.75018310546875 -0.34136962890625
0.00902366638183594 0.0183563232421875 -0.558502197265625 0.323089599609375
0.0200080871582031 -0.00355911254882813 -0.168548583984375 0.4854736328125
0.0174217224121094 -0.0188770294189453 0.161163330078125 0.331390380859375
0.00707054138183594 0.0270195007324219 0.2659912109375 0.091094970703125
-0.00119352340698242 0.00857162475585938 -0.217498779296875 -0.114395141601562
0.0347461700439453 -0.0218086242675781 -0.019195556640625 -0.32818603515625
0.036346435546875 -0.0104179382324219 0.3631591796875 -0.3555908203125
0.0241012573242188 0.0321216583251953 0.727294921875 -0.02166748046875
-0.00427436828613281 0.0233936309814453 0.54833984375 0.65155029296875
-0.0168266296386719 -0.0388298034667969 -0.15960693359375 0.928466796875
0.00270748138427734 0.00903511047363281 -0.526641845703125 0.471893310546875
0.0266132354736328 0.0279998779296875 0.0804214477539063 0.0329208374023438
0.0138263702392578 -0.0115480422973633 0.523681640625 -0.5828857421875
-0.00289535522460938 -0.0131874084472656 -0.1033935546875 -0.937744140625
0.000239372253417967 0.015589714050293 -0.753662109375 -0.32550048828125
0.0211448669433594 0.0159149169921875 -0.5491943359375 0.332550048828125
0.0293560028076172 -0.0130023956298828 -0.162811279296875 0.488250732421875
0.0202064514160156 -0.0309410095214844 0.160980224609375 0.330352783203125
0.00440788269042969 0.0200481414794922 0.266250610351563 0.0872039794921875
-0.00144505500793457 0.00247001647949219 -0.220428466796875 -0.122360229492188
0.0373039245605469 -0.0308685302734375 -0.023193359375 -0.335693359375
0.0461654663085938 -0.0150833129882812 0.359100341796875 -0.36297607421875
0.0363388061523438 0.0331230163574219 0.73040771484375 -0.032470703125
0.00129127502441406 0.0280323028564453 0.5592041015625 0.64227294921875
-0.017364501953125 -0.0428123474121094 -0.146240234375 0.92462158203125
0.0113515853881836 -0.00402355194091797 -0.514984130859375 0.470367431640625
0.0429344177246094 0.0167236328125 0.0876617431640625 0.0290985107421875
0.0178279876708984 -0.0229911804199219 0.53271484375 -0.58563232421875
-0.00426578521728516 -0.0140800476074219 -0.0938720703125 -0.9444580078125
0.00460052490234375 0.0191059112548828 -0.75018310546875 -0.332763671875
0.0312900543212891 0.0121555328369141 -0.55218505859375 0.3284912109375
0.036407470703125 -0.0178031921386719 -0.170013427734375 0.48797607421875
0.0216941833496094 -0.0368309020996094 0.1553955078125 0.326751708984375
0.00283336639404297 0.0129489898681641 0.263320922851563 0.080902099609375
-0.00352907180786133 -0.00476264953613281 -0.2257080078125 -0.130447387695312
0.0364837646484375 -0.0370559692382813 -0.034576416015625 -0.347198486328125
0.0506477355957031 -0.0189971923828125 0.343902587890625 -0.382080078125
0.0437774658203125 0.0336570739746094 0.7276611328125 -0.0625
0.00367355346679687 0.0306339263916016 0.5853271484375 0.61236572265625
-0.0177078247070312 -0.0487327575683594 -0.10565185546875 0.91741943359375
0.0212535858154297 -0.0172672271728516 -0.495880126953125 0.479522705078125
0.0619773864746094 0.005645751953125 0.0876617431640625 0.0325088500976563
0.0261516571044922 -0.0335845947265625 0.55316162109375 -0.5762939453125
-0.003692626953125 -0.0205039978027344 -0.0598754882812499 -0.95660400390625
0.00713539123535156 0.0205135345458984 -0.7386474609375 -0.3646240234375
0.03924560546875 0.0152091979980469 -0.564453125 0.30889892578125
0.0418586730957031 -0.0179824829101563 -0.185943603515625 0.480255126953125
0.02020263671875 -0.0419082641601563 0.14227294921875 0.3238525390625
0.00255155563354492 0.00586271286010742 0.260299682617188 0.076446533203125
0.0161399841308594 0.0361709594726562 -0.2449951171875 -0.0998687744140625
0.0103082656860352 0.0114297866821289 -0.084930419921875 -0.335052490234375
-0.00962448120117188 0.0275096893310547 0.25811767578125 -0.43634033203125
-0.019378662109375 0.0398139953613281 0.66156005859375 -0.20758056640625
-0.0204734802246094 -0.00284957885742188 0.67169189453125 0.45928955078125
-0.00544357299804688 -0.0597114562988281 0.0872192382812499 0.91192626953125
0.029815673828125 0.0101890563964844 -0.44012451171875 0.5965576171875
0.0393943786621094 0.04742431640625 -0.00104522705078124 0.087890625
0.0479278564453125 0.0008392333984375 0.617431640625 -0.46527099609375
0.0255584716796875 -0.0433006286621094 0.13330078125 -0.98052978515625
-0.0211715698242188 -0.0244903564453125 -0.6776123046875 -0.5367431640625
-0.0314807891845703 0.0282688140869141 -0.64007568359375 0.18597412109375
-0.0159263610839844 0.0294685363769531 -0.254547119140625 0.426971435546875
-0.000324249267578124 0.0115013122558594 0.1219482421875 0.32415771484375
0.0161819458007813 0.0387458801269531 0.250320434570313 0.0778656005859375
0.0129661560058594 0.0357742309570313 -0.236572265625 -0.0965118408203125
0.0121040344238281 0.00977420806884766 -0.0645751953125 -0.328857421875
-0.00503158569335938 0.0204868316650391 0.28546142578125 -0.417694091796875
-0.0177497863769531 0.0351715087890625 0.67779541015625 -0.16546630859375
-0.0181293487548828 -0.00122451782226563 0.64501953125 0.50848388671875
-0.00598907470703125 -0.0531005859375 0.0297851562500001 0.9287109375
0.01788330078125 0.0215702056884766 -0.4683837890625 0.57568359375
0.0216217041015625 0.0528831481933594 0.0102767944335938 0.0795822143554688
0.0346298217773438 0.00691986083984375 0.586669921875 -0.49066162109375
0.0193119049072266 -0.0339508056640625 0.0635986328125001 -0.9722900390625
-0.0206680297851563 -0.015106201171875 -0.70599365234375 -0.48358154296875
-0.0237312316894531 0.0276069641113281 -0.62066650390625 0.22589111328125
-0.00892448425292969 0.0248336791992187 -0.231689453125 0.44598388671875
0.00311660766601563 0.00918960571289063 0.13507080078125 0.32904052734375
0.0173187255859375 0.0380821228027344 0.253250122070313 0.0838775634765625
0.0103530883789062 0.0314235687255859 -0.228317260742187 -0.09588623046875
0.0185089111328125 0.00237083435058594 -0.04742431640625 -0.32257080078125
0.00133419036865234 0.011052131652832 0.312469482421875 -0.394439697265625
-0.0122489929199219 0.0314064025878906 0.695068359375 -0.11859130859375
-0.0161848068237305 0.00475406646728516 0.61273193359375 0.55889892578125
-0.00960922241210937 -0.0441207885742187 -0.0350952148437499 0.93231201171875
0.00715446472167969 0.0261383056640625 -0.493682861328125 0.54547119140625
0.0108375549316406 0.0520820617675781 0.0276641845703125 0.0630455017089844
0.0225830078125 0.00836563110351563 0.5567626953125 -0.52081298828125
0.0128383636474609 -0.0240287780761719 -0.000793457031249985 -0.95904541015625
-0.0173978805541992 -0.00631999969482422 -0.7286376953125 -0.41937255859375
-0.0162010192871094 0.0260887145996094 -0.5941162109375 0.268798828125
0.000893592834472658 0.0166234970092773 -0.20013427734375 0.465118408203125
0.00920677185058594 0.00189590454101562 0.14935302734375 0.329254150390625
0.0133323669433594 0.0360488891601563 0.260879516601563 0.0875396728515625
0.00720024108886719 0.0256595611572266 -0.224761962890625 -0.098052978515625
0.0243968963623047 -0.00362014770507813 -0.033355712890625 -0.320037841796875
0.0125741958618164 0.00327682495117188 0.338623046875 -0.3743896484375
3.24249267578118E-05 0.0296382904052734 0.70745849609375 -0.07421875
-0.0129880905151367 0.00865077972412109 0.5830078125 0.60205078125
-0.0119514465332031 -0.0384902954101563 -0.09246826171875 0.93511962890625
-6.48498535156229E-05 0.0242805480957031 -0.51385498046875 0.51739501953125
0.00832748413085938 0.0472526550292969 0.0492630004882813 0.0517082214355469
0.0162181854248047 0.00538158416748047 0.535247802734375 -0.550750732421875
0.0054168701171875 -0.0186977386474609 -0.0616455078125 -0.9476318359375
-0.0129232406616211 0.00346946716308594 -0.74676513671875 -0.36907958984375
-0.0041656494140625 0.0217781066894531 -0.57098388671875 0.30828857421875
0.00925254821777344 0.00521945953369141 -0.176116943359375 0.478240966796875
0.0135669708251953 -0.00821018218994141 0.162200927734375 0.328460693359375
0.0127849578857422 0.0330410003662109 0.26251220703125 0.0865325927734375
0.00503063201904297 0.0163726806640625 -0.220901489257813 -0.102996826171875
0.0301570892333984 -0.0134429931640625 -0.0257568359375 -0.320709228515625
0.0264129638671875 -0.00618362426757812 0.351104736328125 -0.361053466796875
0.0111656188964844 0.0289955139160156 0.7159423828125 -0.0426025390625
-0.00730037689208984 0.0164241790771484 0.5601806640625 0.6287841796875
-0.016204833984375 -0.0373802185058594 -0.13226318359375 0.93133544921875
-0.00177192687988281 0.0199241638183594 -0.522369384765625 0.490692138671875
0.0136680603027344 0.0380744934082031 0.0662193298339844 0.0386772155761719
0.011652946472168 -0.000681877136230469 0.52001953125 -0.5731201171875
-0.00193500518798828 -0.0141057968139648 -0.09710693359375 -0.9378662109375
-0.00680637359619141 0.00936317443847656 -0.7525634765625 -0.330322265625
0.00903701782226563 0.0177421569824219 -0.55218505859375 0.329345703125
0.0200519561767578 -0.00515937805175781 -0.15887451171875 0.485565185546875
0.0171604156494141 -0.0187492370605469 0.169281005859375 0.327789306640625
0.00642204284667969 0.0276737213134766 0.267425537109375 0.085357666015625
0.000653266906738282 0.00969409942626953 -0.220077514648438 -0.110305786132813
0.0344791412353516 -0.0215415954589844 -0.0252685546875 -0.32745361328125
0.0376243591308594 -0.0106010437011719 0.356292724609375 -0.360198974609375
0.0245838165283203 0.0306911468505859 0.7257080078125 -0.0330810546875
-0.00480079650878906 0.0230484008789063 0.554443359375 0.640380859375
-0.0170135498046875 -0.0390396118164063 -0.1484375 0.92694091796875
0.00258302688598633 0.00874185562133789 -0.518890380859375 0.476898193359375
0.0254592895507813 0.0266437530517578 0.079437255859375 0.0312423706054688
0.0125951766967773 -0.0103073120117187 0.51422119140625 -0.58624267578125
-0.00327396392822266 -0.0128707885742187 -0.113525390625 -0.93475341796875
-0.000862121582031251 0.0144643783569336 -0.75665283203125 -0.31317138671875
0.0221118927001953 0.0129280090332031 -0.542083740234375 0.3399658203125
0.0295467376708984 -0.0116844177246094 -0.152557373046875 0.4920654296875
0.0171604156494141 -0.0288562774658203 0.1651611328125 0.326751708984375
0.00532341003417969 0.0192527770996094 0.2672119140625 0.0821075439453125
-0.001068115234375 0.00210893154144287 -0.221969604492187 -0.119338989257813
0.0363578796386719 -0.031768798828125 -0.027984619140625 -0.336273193359375
0.0454940795898438 -0.0153884887695313 0.353179931640625 -0.368621826171875
0.0364227294921875 0.0319175720214844 0.72833251953125 -0.04522705078125
0.000598907470703128 0.0273838043212891 0.56842041015625 0.63128662109375
-0.0189628601074219 -0.0416755676269531 -0.13299560546875 0.9202880859375
0.0112285614013672 -0.00490188598632812 -0.5064697265625 0.47540283203125
0.0431175231933594 0.0168380737304688 0.0888671875 0.0276870727539063
0.0174293518066406 -0.0224742889404297 0.522705078125 -0.59161376953125
-0.00495529174804687 -0.0144243240356445 -0.10662841796875 -0.94049072265625
0.00596046447753906 0.0177249908447266 -0.75347900390625 -0.322021484375
0.0313568115234375 0.0117015838623047 -0.54412841796875 0.337127685546875
0.03546142578125 -0.0171394348144531 -0.159393310546875 0.490264892578125
0.0205078125 -0.037872314453125 0.159912109375 0.323577880859375
0.00438976287841797 0.0122737884521484 0.266189575195313 0.0763397216796875
-0.00242018699645996 -0.00403237342834473 -0.227691650390625 -0.12847900390625
0.03436279296875 -0.0362396240234375 -0.039581298828125 -0.345550537109375
0.0480270385742188 -0.0189552307128906 0.336395263671875 -0.386688232421875
0.0453338623046875 0.0327224731445313 0.72650146484375 -0.0751953125
0.00591468811035156 0.0283870697021484 0.5919189453125 0.60064697265625
-0.0185432434082031 -0.0471115112304688 -0.0934448242187499 0.91375732421875
0.0210208892822266 -0.0172863006591797 -0.487518310546875 0.482391357421875
0.0618171691894531 0.00504302978515625 0.0883865356445313 0.0305404663085938
0.0244884490966797 -0.0344333648681641 0.54339599609375 -0.58251953125
-0.00410652160644531 -0.0186347961425781 -0.0692138671874999 -0.95574951171875
0.00693511962890625 0.0201129913330078 -0.741943359375 -0.3526611328125
0.0393791198730469 0.014373779296875 -0.558441162109375 0.317840576171875
0.0405311584472656 -0.0182571411132813 -0.17974853515625 0.482330322265625
0.0209846496582031 -0.0428962707519531 0.1488037109375 0.32177734375
0.002838134765625 0.0061345100402832 0.260330200195313 0.0721588134765625
0.0169258117675781 0.0361671447753906 -0.247604370117188 -0.0955657958984375
0.0102729797363281 0.0125236511230469 -0.08941650390625 -0.333526611328125
-0.00855255126953125 0.0283432006835937 0.250335693359375 -0.43963623046875
-0.0177192687988281 0.0386848449707031 0.6553955078125 -0.22015380859375
-0.0204010009765625 -0.003509521484375 0.673828125 0.4473876953125
-0.007781982421875 -0.0599555969238281 0.10076904296875 0.9061279296875
0.0306510925292969 0.00843048095703125 -0.43255615234375 0.59686279296875
0.0409278869628906 0.0469627380371094 -0.000442504882812496 0.08941650390625
0.0474777221679688 -0.0014190673828125 0.6077880859375 -0.46990966796875
0.0249519348144531 -0.0440406799316406 0.12164306640625 -0.9775390625
-0.0223236083984375 -0.0242271423339844 -0.6812744140625 -0.5252685546875
-0.0288791656494141 0.0280971527099609 -0.635986328125 0.19390869140625
-0.0140018463134766 0.0294113159179687 -0.24755859375 0.43017578125
-0.000256538391113282 0.0120964050292969 0.12860107421875 0.322296142578125
0.0186347961425781 0.0377159118652344 0.25146484375 0.0747222900390625
0.0146369934082031 0.0359725952148438 -0.238052368164063 -0.0914764404296875
0.0130271911621094 0.00941848754882813 -0.069610595703125 -0.326568603515625
-0.00550460815429688 0.0205001831054688 0.27825927734375 -0.421783447265625
-0.0155963897705078 0.0335216522216797 0.6715087890625 -0.17498779296875
-0.0202503204345703 -0.00236892700195313 0.64837646484375 0.49749755859375
-0.00842666625976562 -0.05047607421875 0.0422363281249999 0.9222412109375
0.0188980102539063 0.0198421478271484 -0.45831298828125 0.57733154296875
0.0223197937011719 0.0510635375976563 0.0093231201171875 0.0782318115234375
0.0337657928466797 0.00595283508300781 0.57781982421875 -0.4971923828125
0.0171298980712891 -0.0325927734375 0.05328369140625 -0.96832275390625
-0.0222320556640625 -0.0146484375 -0.71038818359375 -0.47265625
-0.0234489440917969 0.0274295806884766 -0.61590576171875 0.23553466796875
-0.008758544921875 0.0235767364501953 -0.222442626953125 0.447845458984375
0.00400161743164063 0.00814342498779297 0.142242431640625 0.32635498046875
0.0183982849121094 0.0368232727050781 0.254119873046875 0.079833984375
0.0111198425292969 0.0308513641357422 -0.231521606445313 -0.0933074951171876
0.0175991058349609 0.00355911254882813 -0.05267333984375 -0.321990966796875
0.00247669219970703 0.0118303298950195 0.305419921875 -0.3973388671875
-0.00954627990722656 0.0300731658935547 0.689453125 -0.12811279296875
-0.0152359008789063 0.00243759155273437 0.61669921875 0.5455322265625
-0.0111007690429688 -0.0432968139648437 -0.02130126953125 0.92864990234375
0.00759506225585938 0.0256996154785156 -0.48516845703125 0.54913330078125
0.0124359130859375 0.0515403747558594 0.02752685546875 0.0651893615722656
0.0220203399658203 0.00748634338378906 0.548095703125 -0.52484130859375
0.00897407531738281 -0.0250473022460938 -0.01544189453125 -0.9537353515625
-0.0181713104248047 -0.00615501403808594 -0.72991943359375 -0.409423828125
-0.0155658721923828 0.0245342254638672 -0.58941650390625 0.27410888671875
-0.000797271728515625 0.0164632797241211 -0.19256591796875 0.4644775390625
0.00915431976318359 0.00108909606933594 0.155517578125 0.32733154296875
0.0142974853515625 0.0358085632324219 0.26092529296875 0.083587646484375
0.00968170166015625 0.0266704559326172 -0.225067138671875 -0.0951995849609375
0.0240631103515625 -0.00442123413085938 -0.038543701171875 -0.318817138671875
0.0123863220214844 0.00421619415283203 0.32952880859375 -0.37890625
-0.000387191772460938 0.0279979705810547 0.7044677734375 -0.08502197265625
-0.0130538940429687 0.00826168060302734 0.5882568359375 0.59033203125
-0.0142974853515625 -0.0392646789550781 -0.08197021484375 0.9322509765625
0.00126457214355469 0.0255699157714844 -0.504913330078125 0.51959228515625
0.00946044921875 0.0476570129394531 0.047576904296875 0.0497970581054687
0.0161705017089844 0.00534152984619141 0.52471923828125 -0.5531005859375
0.00387763977050781 -0.0178794860839844 -0.0719604492187501 -0.94189453125
-0.0126094818115234 0.00193691253662109 -0.74615478515625 -0.3543701171875
-0.00270652770996094 0.0219268798828125 -0.5638427734375 0.3134765625
0.0103168487548828 0.00517463684082031 -0.169189453125 0.479339599609375
0.0144729614257813 -0.00880336761474609 0.1671142578125 0.3284912109375
0.0136280059814453 0.0325775146484375 0.26531982421875 0.0839385986328125
0.00492286682128906 0.0168704986572266 -0.221832275390625 -0.0992889404296875
0.0294170379638672 -0.0137825012207031 -0.02947998046875 -0.321136474609375
0.0256252288818359 -0.00392723083496094 0.345184326171875 -0.366485595703125
0.0139446258544922 0.0305423736572266 0.7130126953125 -0.055908203125
-0.0083160400390625 0.0149021148681641 0.56768798828125 0.6185302734375
-0.0171737670898438 -0.0364608764648437 -0.122802734375 0.9278564453125
-0.00257682800292969 0.0203914642333984 -0.5135498046875 0.49603271484375
0.0133056640625 0.0383720397949219 0.0666007995605469 0.0372695922851563
0.0123329162597656 0.000273704528808594 0.51153564453125 -0.57470703125
0.000666618347167969 -0.0138168334960938 -0.10736083984375 -0.932373046875
-0.00583219528198242 0.0086369514465332 -0.7535400390625 -0.31915283203125
0.0101919174194336 0.0160713195800781 -0.546295166015625 0.336700439453125
0.0197124481201172 -0.00480461120605469 -0.152099609375 0.48590087890625
0.0163497924804688 -0.0198688507080078 0.17242431640625 0.324462890625
0.0089874267578125 0.0265884399414063 0.270217895507813 0.08209228515625
0.00255393981933594 0.00931739807128906 -0.222198486328125 -0.106964111328125
0.0338611602783203 -0.0240192413330078 -0.0289306640625 -0.32415771484375
0.0369720458984375 -0.01141357421875 0.349517822265625 -0.36419677734375
0.0263957977294922 0.0304050445556641 0.720458984375 -0.04437255859375
-0.00415611267089844 0.0209426879882813 0.56072998046875 0.62677001953125
-0.019256591796875 -0.0387001037597656 -0.13458251953125 0.92236328125
0.00304031372070313 0.00885963439941406 -0.51104736328125 0.481719970703125
0.0271015167236328 0.0269966125488281 0.0807342529296875 0.0305328369140625
0.0132551193237305 -0.0112552642822266 0.50628662109375 -0.58929443359375
-0.00444221496582031 -0.0125055313110352 -0.1253662109375 -0.9267578125
0.00170326232910156 0.0140781402587891 -0.75714111328125 -0.3038330078125
0.0216865539550781 0.0132122039794922 -0.535858154296875 0.344451904296875
0.0285892486572266 -0.0129299163818359 -0.14495849609375 0.4935302734375
0.0180683135986328 -0.0299415588378906 0.173370361328125 0.32366943359375
0.00712966918945312 0.0206375122070312 0.269073486328125 0.0785064697265625
-0.000467896461486816 0.00203561782836914 -0.2247314453125 -0.116607666015625
0.0356483459472656 -0.0307426452636719 -0.034454345703125 -0.3336181640625
0.0449409484863281 -0.0158004760742188 0.34637451171875 -0.373199462890625
0.0372467041015625 0.031097412109375 0.72406005859375 -0.05572509765625
0.0010223388671875 0.0254707336425781 0.57183837890625 0.61785888671875
-0.0203285217285156 -0.0412979125976563 -0.12152099609375 0.91961669921875
0.0105648040771484 -0.00470161437988281 -0.50006103515625 0.478057861328125
0.0441970825195313 0.0162734985351563 0.0874099731445313 0.02685546875
0.0173377990722656 -0.0220909118652344 0.512451171875 -0.59332275390625
-0.00479507446289063 -0.0151872634887695 -0.11859130859375 -0.93707275390625
0.00562477111816406 0.0178165435791016 -0.7540283203125 -0.31072998046875
0.0330295562744141 0.0106086730957031 -0.538909912109375 0.34246826171875
0.0359268188476563 -0.0176124572753906 -0.1531982421875 0.4912109375
0.0185813903808594 -0.0374183654785156 0.165130615234375 0.320343017578125
0.00562191009521484 0.0121917724609375 0.267486572265625 0.07476806640625
-0.00111150741577148 -0.00295472145080566 -0.2298583984375 -0.124649047851563
0.0341072082519531 -0.0375022888183594 -0.045745849609375 -0.345489501953125
0.0493354797363281 -0.0198631286621094 0.32940673828125 -0.3914794921875
0.0438919067382813 0.0311355590820313 0.72198486328125 -0.08465576171875
0.00409126281738281 0.0282459259033203 0.595947265625 0.58935546875
-0.0196342468261719 -0.0464859008789063 -0.0808715820312499 0.91162109375
0.0203685760498047 -0.0179805755615234 -0.47991943359375 0.486480712890625
0.0617256164550781 0.004058837890625 0.0888748168945313 0.029937744140625
0.0243110656738281 -0.0347709655761719 0.5335693359375 -0.5859375
-0.00545120239257812 -0.0192317962646484 -0.0810546874999999 -0.94915771484375
0.00953292846679687 0.0202465057373047 -0.74212646484375 -0.3424072265625
0.0394058227539063 0.0118484497070312 -0.552734375 0.32427978515625
0.0405769348144531 -0.0185890197753906 -0.169769287109375 0.482818603515625
0.0197486877441406 -0.0440139770507812 0.152740478515625 0.317840576171875
0.00338840484619141 0.00669240951538086 0.262435913085938 0.0688018798828125
0.0179367065429688 0.0360183715820313 -0.248275756835938 -0.0922698974609376
0.00956058502197266 0.0125617980957031 -0.093963623046875 -0.329986572265625
-0.00749397277832031 0.0270271301269531 0.243011474609375 -0.441253662109375
-0.0170783996582031 0.0394515991210938 0.646240234375 -0.22796630859375
-0.0213546752929688 -0.00484275817871093 0.67620849609375 0.43353271484375
-0.00859832763671876 -0.0584716796875 0.10888671875 0.899169921875
0.0301532745361328 0.00892829895019531 -0.42095947265625 0.596923828125
0.0402679443359375 0.0451889038085937 -0.000869750976562493 0.0897445678710937
0.0463790893554688 -0.00020599365234375 0.59857177734375 -0.47418212890625
0.0241050720214844 -0.0444068908691406 0.10888671875 -0.9736328125
-0.0224838256835937 -0.0237846374511719 -0.6844482421875 -0.5140380859375
-0.0285015106201172 0.0278835296630859 -0.62890625 0.201904296875
-0.0145187377929688 0.0305805206298828 -0.240478515625 0.432891845703125
-0.000794410705566408 0.0120468139648438 0.132476806640625 0.319122314453125
0.0196266174316406 0.0364799499511719 0.252548217773438 0.0717620849609375
0.0161170959472656 0.0360527038574219 -0.238189697265625 -0.0896148681640625
0.0132226943969727 0.00937652587890625 -0.074737548828125 -0.32476806640625
-0.00394630432128906 0.0206737518310547 0.272216796875 -0.42156982421875
-0.0138206481933594 0.0327205657958984 0.66644287109375 -0.18487548828125
-0.0195255279541016 -0.00219154357910156 0.6513671875 0.4847412109375
-0.0096282958984375 -0.0525054931640625 0.051025390625 0.91668701171875
0.0188121795654297 0.0207595825195313 -0.44976806640625 0.5799560546875
0.0243453979492188 0.0516700744628906 0.00917053222656251 0.0777664184570313
0.0343208312988281 0.00540924072265625 0.57025146484375 -0.4993896484375
0.0169506072998047 -0.0347652435302734 0.0432739257812501 -0.9639892578125
-0.0217189788818359 -0.0156822204589844 -0.7100830078125 -0.45867919921875
-0.0239067077636719 0.0264682769775391 -0.61151123046875 0.24188232421875
-0.00720787048339843 0.0252323150634766 -0.215118408203125 0.4503173828125
0.00269889831542969 0.0077967643737793 0.146728515625 0.3232421875
0.0189399719238281 0.0372352600097656 0.255767822265625 0.0774993896484375
0.0138263702392578 0.0307865142822266 -0.231338500976562 -0.0882720947265625
0.0185680389404297 0.00323867797851563 -0.05657958984375 -0.319122314453125
0.00182628631591797 0.011204719543457 0.300384521484375 -0.4005126953125
-0.00988197326660156 0.029754638671875 0.68408203125 -0.1375732421875
-0.0167436599731445 0.00227832794189453 0.62017822265625 0.5338134765625
-0.0122451782226562 -0.0425758361816406 -0.0113525390625 0.92236328125
0.00692939758300781 0.0248889923095703 -0.475250244140625 0.550140380859375
0.0133056640625 0.0533370971679687 0.0285186767578125 0.0645980834960938
0.0234813690185547 0.00855827331542969 0.5413818359375 -0.52862548828125
0.0102710723876953 -0.0248985290527344 -0.02508544921875 -0.947509765625
-0.0187110900878906 -0.00612449645996094 -0.73052978515625 -0.40020751953125
-0.0132999420166016 0.0239505767822266 -0.5830078125 0.28265380859375
0.000199317932128905 0.0162477493286133 -0.184539794921875 0.465545654296875
0.00861978530883789 0.00132226943969727 0.16070556640625 0.324951171875
0.0171356201171875 0.0357284545898438 0.262847900390625 0.0793914794921875
0.009033203125 0.0242919921875 -0.22509765625 -0.0919647216796875
0.0238780975341797 -0.00435638427734375 -0.0445556640625 -0.315521240234375
0.0124855041503906 0.00372886657714844 0.322723388671875 -0.382659912109375
0.00107002258300781 0.0283527374267578 0.698486328125 -0.09222412109375
-0.0123004913330078 0.00609588623046875 0.59051513671875 0.57562255859375
-0.0142784118652344 -0.0389175415039063 -0.0703735351562501 0.92608642578125
0.00160980224609375 0.0256404876708984 -0.49658203125 0.519866943359375
0.0103912353515625 0.0466995239257813 0.0484085083007813 0.0501670837402344
0.0158243179321289 0.00474739074707031 0.515869140625 -0.558380126953125
0.00449752807617187 -0.0175933837890625 -0.0833740234375 -0.93365478515625
-0.0133571624755859 0.000760078430175782 -0.74658203125 -0.34393310546875
-0.00329017639160156 0.0201244354248047 -0.558563232421875 0.3189697265625
0.00890064239501953 0.00564289093017578 -0.160186767578125 0.479644775390625
0.0123119354248047 -0.00914096832275391 0.172393798828125 0.323486328125
0.01361083984375 0.0319900512695313 0.265213012695313 0.0799102783203125
0.00536346435546875 0.0179843902587891 -0.22491455078125 -0.0966949462890625
0.0287876129150391 -0.0145072937011719 -0.03607177734375 -0.318634033203125
0.0236339569091797 -0.00395774841308594 0.338104248046875 -0.3695068359375
0.0134468078613281 0.0286407470703125 0.7078857421875 -0.06622314453125
-0.00643157958984375 0.0148448944091797 0.57086181640625 0.60418701171875
-0.0163249969482422 -0.0350551605224609 -0.1094970703125 0.92266845703125
-0.00148391723632812 0.0196342468261719 -0.505126953125 0.497283935546875
0.0148353576660156 0.03887939453125 0.0650596618652344 0.0384063720703125
0.0120716094970703 0.000409126281738281 0.50128173828125 -0.5767822265625
-0.000333786010742188 -0.0130653381347656 -0.11798095703125 -0.9246826171875
-0.00609540939331055 0.00747537612915039 -0.753662109375 -0.3067626953125
0.0103073120117188 0.0166025161743164 -0.53912353515625 0.34228515625
0.0205726623535156 -0.00396347045898438 -0.143463134765625 0.48663330078125
0.0159358978271484 -0.0197296142578125 0.17840576171875 0.32177734375
0.0103416442871094 0.0260238647460938 0.268402099609375 0.0782470703125
0.00333118438720703 0.010737419128418 -0.223663330078125 -0.104400634765625
0.0326747894287109 -0.0230827331542969 -0.034393310546875 -0.32330322265625
0.0363197326660156 -0.0110282897949219 0.344818115234375 -0.368988037109375
0.0259685516357422 0.02923583984375 0.7171630859375 -0.0555419921875
-0.0039215087890625 0.0203132629394531 0.5631103515625 0.61651611328125
-0.0210227966308594 -0.0377922058105469 -0.125 0.91656494140625
0.00192737579345703 0.00999546051025391 -0.50347900390625 0.485809326171875
0.0279712677001953 0.0267620086669922 0.0796356201171875 0.029510498046875
0.0132322311401367 -0.0102691650390625 0.4959716796875 -0.5938720703125
-0.00495147705078125 -0.0117835998535156 -0.135009765625 -0.920166015625
0.00158977508544922 0.0128183364868164 -0.75726318359375 -0.29095458984375
0.0222988128662109 0.0114040374755859 -0.52899169921875 0.351837158203125
0.0277576446533203 -0.0127143859863281 -0.13751220703125 0.4920654296875
0.0177459716796875 -0.0301265716552734 0.17633056640625 0.319610595703125
0.00810050964355469 0.0192108154296875 0.269760131835938 0.0743865966796875
0.000273227691650391 0.00309658050537109 -0.22637939453125 -0.112030029296875
0.0345401763916016 -0.0314884185791016 -0.03985595703125 -0.332061767578125
0.0454444885253906 -0.0162467956542969 0.337677001953125 -0.376251220703125
0.03753662109375 0.0296401977539063 0.7197265625 -0.06658935546875
0.00156784057617187 0.0246562957763672 0.5771484375 0.60614013671875
-0.0213508605957031 -0.0413436889648437 -0.11065673828125 0.913818359375
0.0105571746826172 -0.00274276733398438 -0.491668701171875 0.480010986328125
0.043792724609375 0.015869140625 0.0880889892578125 0.026580810546875
0.0157089233398438 -0.0218639373779297 0.5042724609375 -0.5970458984375
-0.00554180145263672 -0.0138969421386719 -0.1297607421875 -0.9300537109375
0.00700473785400391 0.0173006057739258 -0.7530517578125 -0.29791259765625
0.0326213836669922 0.00914382934570313 -0.530914306640625 0.347137451171875
0.0357170104980469 -0.0179824829101563 -0.14501953125 0.491790771484375
0.017547607421875 -0.0374755859375 0.170501708984375 0.316864013671875
0.00635337829589844 0.011713981628418 0.267578125 0.069671630859375
-0.00116324424743652 -0.00402379035949707 -0.231292724609375 -0.1217041015625
0.0332489013671875 -0.0363426208496094 -0.052337646484375 -0.343475341796875
0.0475845336914062 -0.0202674865722656 0.322235107421875 -0.393829345703125
0.0461502075195313 0.0299644470214844 0.71551513671875 -0.0966796875
0.00591468811035156 0.0262565612792969 0.6007080078125 0.57659912109375
-0.0208969116210937 -0.0459136962890625 -0.072265625 0.90380859375
0.0197582244873047 -0.0180530548095703 -0.47137451171875 0.488128662109375
0.0630378723144531 0.0042572021484375 0.0868072509765625 0.0286788940429688
0.0245170593261719 -0.0345535278320313 0.5240478515625 -0.58795166015625
-0.00570487976074219 -0.0187339782714844 -0.093017578125 -0.94329833984375
0.00786399841308593 0.0191478729248047 -0.7431640625 -0.3310546875
0.0399589538574219 0.0106468200683594 -0.544830322265625 0.326507568359375
0.0406303405761719 -0.0194740295410156 -0.162689208984375 0.48431396484375
0.0184860229492187 -0.042633056640625 0.158355712890625 0.31500244140625
0.00468587875366211 0.00484085083007813 0.262771606445313 0.0654296875
0.0183143615722656 0.0359725952148438 -0.247695922851562 -0.0890350341796875
0.00995826721191406 0.0123920440673828 -0.098175048828125 -0.3262939453125
-0.00674057006835937 0.0282917022705078 0.236663818359375 -0.443328857421875
-0.0148773193359375 0.0373687744140625 0.642822265625 -0.2349853515625
-0.0219936370849609 -0.00591659545898438 0.67449951171875 0.42242431640625
-0.0111618041992187 -0.0585670471191406 0.11834716796875 0.89227294921875
0.0304756164550781 0.00792694091796875 -0.41314697265625 0.59808349609375
0.0414505004882813 0.0442543029785156 0.000495910644531261 0.0895614624023438
0.0464591979980469 -0.00105667114257813 0.58990478515625 -0.47625732421875
0.0240859985351563 -0.0429725646972656 0.0975341796874999 -0.967041015625
-0.0219955444335938 -0.0245895385742187 -0.68768310546875 -0.50531005859375
-0.02777099609375 0.0271701812744141 -0.6246337890625 0.20849609375
-0.0131969451904297 0.0302867889404297 -0.23388671875 0.4326171875
-0.000501632690429688 0.0115289688110352 0.137176513671875 0.31524658203125
0.02069091796875 0.0363502502441406 0.25152587890625 0.0695648193359375
0.0173778533935547 0.0340366363525391 -0.239898681640625 -0.0849761962890625
0.0125560760498047 0.00892829895019531 -0.077545166015625 -0.321746826171875
-0.0034027099609375 0.02294921875 0.2650146484375 -0.42388916015625
-0.0137748718261719 0.0326423645019531 0.6600341796875 -0.1934814453125
-0.019775390625 -0.00231170654296875 0.65142822265625 0.47003173828125
-0.0109901428222656 -0.0502395629882813 0.0614013671875 0.9097900390625
0.0194110870361328 0.0193214416503906 -0.44140625 0.57928466796875
0.0249977111816406 0.0507583618164063 0.010406494140625 0.0783004760742188
0.0339927673339844 0.00501441955566406 0.559722900390625 -0.502227783203125
0.0151348114013672 -0.0326004028320313 0.0311889648437499 -0.9549560546875
-0.0217704772949219 -0.0154151916503906 -0.71282958984375 -0.4490966796875
-0.0225791931152344 0.0265941619873047 -0.60345458984375 0.24700927734375
-0.00739669799804687 0.0244617462158203 -0.20843505859375 0.45111083984375
0.00188875198364258 0.00728702545166016 0.1497802734375 0.3204345703125
0.0201873779296875 0.0364570617675781 0.257125854492188 0.0735931396484375
0.0126438140869141 0.0295181274414063 -0.231918334960938 -0.08489990234375
0.0190048217773438 0.00372123718261719 -0.0623779296875 -0.31524658203125
0.00250053405761719 0.0115108489990234 0.29278564453125 -0.4027099609375
-0.00800704956054688 0.0269241333007813 0.67864990234375 -0.14532470703125
-0.0156145095825195 0.000496864318847659 0.62164306640625 0.52032470703125
-0.0130462646484375 -0.0421638488769531 -0.00189208984375005 0.9146728515625
0.006927490234375 0.0255527496337891 -0.466064453125 0.5518798828125
0.0133094787597656 0.0509834289550781 0.0267524719238281 0.0637397766113281
0.0216484069824219 0.00662612915039063 0.531158447265625 -0.53106689453125
0.00831794738769531 -0.025421142578125 -0.0349121093749999 -0.94219970703125
-0.0191116333007813 -0.00716400146484375 -0.7340087890625 -0.387451171875
-0.0124588012695313 0.0243778228759766 -0.57745361328125 0.28802490234375
0.000830650329589843 0.0162210464477539 -0.178619384765625 0.465484619140625
0.0102605819702148 0.000861167907714844 0.163909912109375 0.321807861328125
0.0181121826171875 0.0357894897460938 0.26300048828125 0.076385498046875
0.0127391815185547 0.0248641967773438 -0.225234985351563 -0.0894622802734375
0.0227565765380859 -0.00376510620117187 -0.047576904296875 -0.314849853515625
0.0133523941040039 0.00460720062255859 0.316650390625 -0.384674072265625
0.00267791748046875 0.0274181365966797 0.69256591796875 -0.1029052734375
-0.0128450393676758 0.00696945190429687 0.5931396484375 0.56573486328125
-0.0154609680175781 -0.0383987426757813 -0.0611572265624999 0.91961669921875
0.000804901123046877 0.02587890625 -0.48651123046875 0.523162841796875
0.0110549926757813 0.0460319519042969 0.0474624633789063 0.0496482849121094
0.0155391693115234 0.00339698791503906 0.508636474609375 -0.558502197265625
0.00327873229980469 -0.0174093246459961 -0.0914306640624999 -0.9287109375
-0.0132122039794922 0.00108718872070312 -0.74676513671875 -0.33306884765625
-0.00170516967773438 0.0208034515380859 -0.55078125 0.32403564453125
0.008270263671875 0.00528526306152344 -0.15191650390625 0.4794921875
0.0127058029174805 -0.00795269012451172 0.176422119140625 0.321563720703125
0.0158176422119141 0.0312786102294922 0.267196655273438 0.076507568359375
0.00665378570556641 0.0174369812011719 -0.223663330078125 -0.0940399169921875
0.0302581787109375 -0.0140094757080078 -0.040557861328125 -0.31414794921875
0.0256824493408203 -0.00404739379882813 0.330169677734375 -0.37237548828125
0.0137901306152344 0.0267581939697266 0.70172119140625 -0.07513427734375
-0.00650787353515625 0.0126733779907227 0.5731201171875 0.59210205078125
-0.0191383361816406 -0.0349693298339844 -0.09967041015625 0.91845703125
-0.00252914428710937 0.0185565948486328 -0.4970703125 0.499176025390625
0.0156288146972656 0.0391311645507812 0.0640106201171875 0.0378761291503906
0.0105600357055664 -0.000978469848632813 0.490478515625 -0.57867431640625
-0.00078582763671875 -0.0136470794677734 -0.126953125 -0.91802978515625
-0.006317138671875 0.00895500183105469 -0.7535400390625 -0.29803466796875
0.0101385116577148 0.0147247314453125 -0.531097412109375 0.346282958984375
0.0188865661621094 -0.00536155700683594 -0.135284423828125 0.485870361328125
0.0146923065185547 -0.0203418731689453 0.18280029296875 0.3179931640625
0.0113868713378906 0.0259456634521484 0.269638061523437 0.0742950439453125
0.00456142425537109 0.00982666015625 -0.223175048828125 -0.10284423828125
0.0331764221191406 -0.0219154357910156 -0.03765869140625 -0.321624755859375
0.037078857421875 -0.0108757019042969 0.33746337890625 -0.3709716796875
0.0270748138427734 0.0263614654541016 0.71075439453125 -0.06463623046875
-0.00480270385742187 0.0191097259521484 0.56646728515625 0.60369873046875
-0.0213661193847656 -0.0375823974609375 -0.11517333984375 0.91162109375
0.00326108932495117 0.00836992263793945 -0.49560546875 0.483673095703125
0.02862548828125 0.0262355804443359 0.0788726806640625 0.0288543701171875
0.0127086639404297 -0.0102415084838867 0.487060546875 -0.591064453125
-0.00393581390380859 -0.0113039016723633 -0.14447021484375 -0.91583251953125
0.00153160095214844 0.013066291809082 -0.7548828125 -0.2801513671875
0.0237464904785156 0.0108547210693359 -0.52191162109375 0.35614013671875
0.0278949737548828 -0.0126171112060547 -0.13037109375 0.491363525390625
0.0162372589111328 -0.028656005859375 0.180694580078125 0.31671142578125
0.00960159301757813 0.0189952850341797 0.270767211914063 0.07086181640625
0.0022125244140625 0.0029149055480957 -0.226364135742188 -0.109375
0.0335540771484375 -0.0315876007080078 -0.0445556640625 -0.32989501953125
0.0446510314941406 -0.0164413452148438 0.331695556640625 -0.380645751953125
0.0374488830566406 0.0285911560058594 0.7139892578125 -0.0762939453125
0.000766754150390623 0.0238437652587891 0.57891845703125 0.5953369140625
-0.0222587585449219 -0.0396308898925781 -0.0990600585937499 0.90716552734375
0.0103979110717773 -0.00333118438720703 -0.48406982421875 0.481903076171875
0.0440177917480469 0.014678955078125 0.0869369506835938 0.0260391235351563
0.0169677734375 -0.0219650268554688 0.4947509765625 -0.5986328125
-0.00655841827392578 -0.0137624740600586 -0.13580322265625 -0.92254638671875
0.00638198852539062 0.0167789459228516 -0.7496337890625 -0.28900146484375
0.0326118469238281 0.00885963439941406 -0.52392578125 0.352508544921875
0.0356178283691406 -0.0181007385253906 -0.137359619140625 0.491363525390625
0.0174751281738281 -0.0380821228027344 0.17437744140625 0.314849853515625
0.00759124755859375 0.0118675231933594 0.268524169921875 0.0660400390625
-0.000518798828125 -0.00368404388427734 -0.231597900390625 -0.118515014648437
0.0319900512695313 -0.0364913940429688 -0.05621337890625 -0.340667724609375
0.0481452941894531 -0.0205917358398438 0.315399169921875 -0.397613525390625
0.0453453063964844 0.0282440185546875 0.71087646484375 -0.10504150390625
0.00450325012207031 0.0253887176513672 0.60272216796875 0.5660400390625
-0.0210189819335938 -0.0457382202148438 -0.0610961914062499 0.89862060546875
0.0203227996826172 -0.0172653198242188 -0.46356201171875 0.489013671875
0.0631637573242188 0.00392913818359375 0.0872726440429687 0.0289154052734375
0.0233936309814453 -0.0336494445800781 0.513916015625 -0.5888671875
-0.00494194030761719 -0.0181865692138672 -0.10186767578125 -0.9371337890625
0.00894546508789062 0.0196666717529297 -0.74114990234375 -0.32037353515625
0.0413589477539063 0.0097808837890625 -0.537384033203125 0.3331298828125
0.0395965576171875 -0.0188140869140625 -0.154388427734375 0.482757568359375
0.0171661376953125 -0.0437660217285156 0.162017822265625 0.311279296875
0.00556659698486328 0.00446987152099609 0.263626098632813 0.062347412109375
0.0190944671630859 0.0348243713378906 -0.248046875 -0.08587646484375
0.0100517272949219 0.0116701126098633 -0.101593017578125 -0.323333740234375
-0.00640678405761718 0.0289096832275391 0.229339599609375 -0.442596435546875
-0.014251708984375 0.0372161865234375 0.6348876953125 -0.242919921875
-0.0220623016357422 -0.00630950927734375 0.67279052734375 0.410400390625
-0.0119476318359375 -0.0577926635742187 0.1236572265625 0.8826904296875
0.0288887023925781 0.00785255432128906 -0.405029296875 0.59735107421875
0.0405616760253906 0.0439491271972656 0.0020904541015625 0.08819580078125
0.0446205139160156 -0.00140380859375 0.580810546875 -0.4776611328125
0.0225677490234375 -0.0433998107910156 0.08953857421875 -0.96142578125
-0.0217132568359375 -0.0248641967773438 -0.68426513671875 -0.492919921875
-0.0266189575195312 0.0246391296386719 -0.61749267578125 0.21197509765625
-0.0117263793945313 0.0287017822265625 -0.226165771484375 0.430572509765625
-0.00106620788574219 0.0115470886230469 0.140167236328125 0.3123779296875
0.0216064453125 0.0353355407714844 0.252349853515625 0.065582275390625
0.0195159912109375 0.0354461669921875 -0.238998413085938 -0.0816497802734376
0.0131711959838867 0.00869369506835938 -0.082427978515625 -0.317413330078125
-0.00383186340332031 0.0225563049316406 0.257476806640625 -0.426422119140625
-0.0137710571289063 0.0313568115234375 0.6527099609375 -0.20037841796875
-0.0198554992675781 -0.00317955017089844 0.65203857421875 0.46051025390625
-0.0127601623535156 -0.0496635437011719 0.0657958984374999 0.899658203125
0.0201683044433594 0.0198287963867188 -0.43255615234375 0.57867431640625
0.0258903503417969 0.048980712890625 0.0121307373046875 0.0771865844726563
0.0335044860839844 0.00435829162597656 0.553924560546875 -0.501922607421875
0.0163631439208984 -0.0336723327636719 0.02435302734375 -0.9517822265625
-0.0225200653076172 -0.0149898529052734 -0.7098388671875 -0.439208984375
-0.0212574005126953 0.0260944366455078 -0.5975341796875 0.25201416015625
-0.00657272338867188 0.0255794525146484 -0.20068359375 0.44891357421875
0.0032658576965332 0.00806808471679688 0.154632568359375 0.315582275390625
0.0207939147949219 0.0353584289550781 0.256973266601563 0.0723114013671875
0.0154800415039062 0.0296382904052734 -0.230545043945312 -0.0830841064453125
0.0161781311035156 0.00431346893310547 -0.066162109375 -0.314697265625
0.00347423553466797 0.0128278732299805 0.283935546875 -0.403472900390625
-0.00697898864746094 0.0289268493652344 0.67059326171875 -0.15350341796875
-0.0174760818481445 0.00173091888427734 0.6231689453125 0.51025390625
-0.0128860473632812 -0.0412254333496094 0.0060424804687501 0.90472412109375
0.00834465026855469 0.0248508453369141 -0.4598388671875 0.55133056640625
0.0141372680664063 0.0491600036621094 0.0302009582519531 0.064239501953125
0.0226554870605469 0.0074920654296875 0.52288818359375 -0.528961181640625
0.00665092468261719 -0.0242652893066406 -0.0430908203125 -0.93402099609375
-0.0173654556274414 -0.00535774230957031 -0.72998046875 -0.37591552734375
-0.0115470886230469 0.0242481231689453 -0.5694580078125 0.29193115234375
0.001007080078125 0.015080451965332 -0.1715087890625 0.46429443359375
0.00871086120605469 0.000871658325195313 0.168426513671875 0.31744384765625
0.0203361511230469 0.0349521636962891 0.26214599609375 0.0727996826171875
0.0120429992675781 0.0261058807373047 -0.226318359375 -0.0862884521484375
0.0220279693603516 -0.00341033935546875 -0.050506591796875 -0.311553955078125
0.0139484405517578 0.00347232818603516 0.31036376953125 -0.385589599609375
0.00232315063476562 0.0271205902099609 0.68798828125 -0.110595703125
-0.0148944854736328 0.00456619262695312 0.593994140625 0.55267333984375
-0.0184898376464844 -0.036529541015625 -0.05224609375 0.9119873046875
0.00279808044433594 0.0248699188232422 -0.4798583984375 0.52191162109375
0.0127449035644531 0.0450096130371094 0.0481376647949219 0.0485649108886719
0.014678955078125 0.00530052185058594 0.498809814453125 -0.55743408203125
0.0030670166015625 -0.0157346725463867 -0.1005859375 -0.919921875
-0.01251220703125 0.000847816467285154 -0.74432373046875 -0.323974609375
-0.00124931335449219 0.0188770294189453 -0.543792724609375 0.3267822265625
0.0115346908569336 0.00515842437744141 -0.146453857421875 0.47607421875
0.0120563507080078 -0.00873279571533203 0.181121826171875 0.31689453125
0.0165157318115234 0.0302886962890625 0.267471313476563 0.0739898681640625
0.00705337524414062 0.0175619125366211 -0.224319458007812 -0.0914154052734375
0.0280990600585938 -0.0133457183837891 -0.0445556640625 -0.31378173828125
0.0246181488037109 -0.00472640991210938 0.323883056640625 -0.37396240234375
0.0151138305664062 0.0255565643310547 0.698974609375 -0.083251953125
-0.00796222686767578 0.0120677947998047 0.5738525390625 0.5819091796875
-0.0206928253173828 -0.0346240997314453 -0.0934448242187501 0.90838623046875
-0.00138092041015625 0.0194931030273438 -0.4881591796875 0.498870849609375
0.0157012939453125 0.037689208984375 0.0672531127929687 0.0377616882324219
0.0100440979003906 0.000658988952636719 0.483642578125 -0.57568359375
-0.000930786132812499 -0.0133790969848633 -0.13238525390625 -0.91033935546875
-0.00538158416748047 0.00834035873413086 -0.74786376953125 -0.28863525390625
0.0100679397583008 0.013972282409668 -0.52423095703125 0.346771240234375
0.019500732421875 -0.00423049926757813 -0.129364013671875 0.48577880859375
0.0142326354980469 -0.0203685760498047 0.186798095703125 0.31439208984375
0.0143356323242188 0.0269527435302734 0.269882202148437 0.0700836181640625
0.00525856018066406 0.0104494094848633 -0.22515869140625 -0.0984954833984375
0.029876708984375 -0.0219402313232422 -0.04345703125 -0.320037841796875
0.0366172790527344 -0.0110092163085938 0.3306884765625 -0.37420654296875
0.0272636413574219 0.0268535614013672 0.7032470703125 -0.07391357421875
-0.00307559967041016 0.0164594650268555 0.56719970703125 0.593505859375
-0.02288818359375 -0.0362548828125 -0.10565185546875 0.9041748046875
0.00186014175415039 0.00849771499633789 -0.48626708984375 0.482940673828125
0.0282573699951172 0.0268726348876953 0.0788650512695313 0.0275726318359375
0.0116100311279297 -0.00913619995117188 0.47845458984375 -0.5916748046875
-0.00517463684082031 -0.0109491348266602 -0.15185546875 -0.90740966796875
0.00098896026611328 0.0138359069824219 -0.7510986328125 -0.27203369140625
0.0223503112792969 0.0100765228271484 -0.513519287109375 0.35693359375
0.0265426635742187 -0.0139141082763672 -0.1236572265625 0.490203857421875
0.0154972076416016 -0.0298862457275391 0.186309814453125 0.310882568359375
0.0106468200683594 0.0191936492919922 0.270156860351563 0.0681915283203125
0.00245857238769531 0.00207400321960449 -0.226852416992188 -0.107833862304687
0.0332183837890625 -0.0300025939941406 -0.048553466796875 -0.326812744140625
0.0440444946289063 -0.0176925659179688 0.3243408203125 -0.383026123046875
0.0377120971679688 0.027435302734375 0.70721435546875 -0.08416748046875
0.000528335571289061 0.0231647491455078 0.5791015625 0.58343505859375
-0.0237236022949219 -0.0399703979492188 -0.0933837890625 0.89971923828125
0.0109443664550781 -0.00389957427978516 -0.4755859375 0.480438232421875
0.04473876953125 0.0143470764160156 0.0862503051757812 0.02520751953125
0.0154781341552734 -0.0212364196777344 0.4871826171875 -0.5968017578125
-0.0063619613647461 -0.0138750076293945 -0.1431884765625 -0.9140625
0.00664043426513672 0.0166692733764648 -0.7484130859375 -0.27960205078125
0.0339450836181641 0.00816917419433594 -0.516754150390625 0.3570556640625
0.0353660583496094 -0.0188674926757813 -0.130157470703125 0.49029541015625
0.016326904296875 -0.0375785827636719 0.1793212890625 0.310821533203125
0.00784873962402344 0.0120954513549805 0.270156860351563 0.062896728515625
0.000341176986694336 -0.00367522239685059 -0.233078002929688 -0.114456176757813
0.0316352844238281 -0.035919189453125 -0.060272216796875 -0.33624267578125
0.0475311279296875 -0.0196075439453125 0.308074951171875 -0.398651123046875
0.0453605651855469 0.0284004211425781 0.70208740234375 -0.11212158203125
0.00493621826171875 0.0232868194580078 0.602294921875 0.55108642578125
-0.0222358703613281 -0.0440521240234375 -0.053466796875 0.8929443359375
0.0198345184326172 -0.0168094635009766 -0.457275390625 0.48809814453125
0.0621566772460938 0.0028076171875 0.0869674682617188 0.0279159545898437
0.0222492218017578 -0.0339565277099609 0.50543212890625 -0.58892822265625
-0.00684547424316406 -0.0192966461181641 -0.1097412109375 -0.927734375
0.00934028625488281 0.0186309814453125 -0.73773193359375 -0.31072998046875
0.0404853820800781 0.00751113891601563 -0.529449462890625 0.335906982421875
0.0387191772460938 -0.0188941955566406 -0.147125244140625 0.481719970703125
0.0165824890136719 -0.0433731079101563 0.166656494140625 0.30816650390625
0.00670003890991211 0.00403594970703125 0.263870239257812 0.0571441650390625
0.0205841064453125 0.0353355407714844 -0.249038696289062 -0.0832214355468751
0.0104141235351563 0.0122404098510742 -0.10418701171875 -0.3197021484375
-0.00592803955078125 0.0280685424804687 0.222137451171875 -0.442047119140625
-0.0129585266113281 0.0358352661132813 0.62725830078125 -0.245849609375
-0.0212364196777344 -0.0065460205078125 0.67132568359375 0.399169921875
-0.0123367309570313 -0.0572433471679688 0.12896728515625 0.873046875
0.0296611785888672 0.00846481323242188 -0.3973388671875 0.59381103515625
0.0425987243652344 0.0436172485351563 0.00232696533203126 0.0881423950195313
0.0470199584960937 -0.00200653076171875 0.5726318359375 -0.47796630859375
0.0216598510742188 -0.0437431335449219 0.08074951171875 -0.954345703125
-0.0236415863037109 -0.0252532958984375 -0.6842041015625 -0.484375
-0.0262241363525391 0.0263423919677734 -0.6107177734375 0.2171630859375
-0.0123653411865234 0.0308341979980469 -0.2203369140625 0.430755615234375
-0.00174617767333984 0.0106420516967773 0.1441650390625 0.30950927734375
0.0226249694824219 0.0348033905029297 0.251861572265625 0.0634918212890625
0.0208206176757813 0.0335330963134766 -0.238357543945313 -0.0803680419921875
0.0139474868774414 0.00886154174804688 -0.086151123046875 -0.315338134765625
-0.00218582153320312 0.0216789245605469 0.249908447265625 -0.427215576171875
-0.0130939483642578 0.0318794250488281 0.6439208984375 -0.2039794921875
-0.0192623138427734 -0.00399208068847656 0.64801025390625 0.4481201171875
-0.0141868591308594 -0.0479774475097656 0.0729980468749999 0.8917236328125
0.0187797546386719 0.0189800262451172 -0.42535400390625 0.57537841796875
0.0256462097167969 0.0492172241210938 0.011566162109375 0.0769500732421875
0.0322036743164063 0.00615310668945313 0.543670654296875 -0.5025634765625
0.0152435302734375 -0.0328712463378906 0.016357421875 -0.94146728515625
-0.0217838287353516 -0.0165958404541016 -0.70751953125 -0.42889404296875
-0.0201072692871094 0.0240287780761719 -0.5902099609375 0.25445556640625
-0.00751495361328125 0.0238246917724609 -0.1951904296875 0.448333740234375
0.00191783905029297 0.00918292999267578 0.157196044921875 0.31317138671875
0.0225353240966797 0.0342388153076172 0.257003784179688 0.067230224609375
0.0167980194091797 0.0305843353271484 -0.23150634765625 -0.078033447265625
0.0177841186523438 0.00332069396972656 -0.068817138671875 -0.31060791015625
0.00399112701416016 0.0123367309570313 0.279571533203125 -0.404937744140625
-0.00621986389160156 0.0277729034423828 0.66412353515625 -0.15911865234375
-0.0176734924316406 -0.00183868408203125 0.62017822265625 0.498779296875
-0.0157737731933594 -0.0417823791503906 0.01190185546875 0.89813232421875
0.00880622863769531 0.0249481201171875 -0.45147705078125 0.548614501953125
0.0141334533691406 0.0500717163085937 0.0283241271972656 0.0630607604980469
0.0205268859863281 0.00699424743652344 0.515899658203125 -0.529754638671875
0.00647354125976562 -0.0249195098876953 -0.0478515625 -0.92608642578125
-0.0192317962646484 -0.0066986083984375 -0.72760009765625 -0.366943359375
-0.0113029479980469 0.022735595703125 -0.56365966796875 0.29473876953125
0.00189876556396484 0.0163278579711914 -0.1650390625 0.4627685546875
0.00824260711669922 -0.000524044036865234 0.172332763671875 0.313446044921875
0.0199680328369141 0.0338459014892578 0.26312255859375 0.070098876953125
0.0127735137939453 0.0247840881347656 -0.2261962890625 -0.082672119140625
0.0220355987548828 -0.00422859191894531 -0.0550537109375 -0.308624267578125
0.0130519866943359 0.00429725646972656 0.30279541015625 -0.387664794921875
0.00173568725585938 0.0260334014892578 0.68115234375 -0.1182861328125
-0.0130929946899414 0.00475502014160156 0.59307861328125 0.54315185546875
-0.0178909301757813 -0.0362701416015625 -0.0451049804687501 0.90386962890625
0.00226783752441406 0.0257225036621094 -0.470855712890625 0.5206298828125
0.0127639770507813 0.0457229614257813 0.0483436584472656 0.0477294921875
0.0156040191650391 0.00557231903076172 0.489776611328125 -0.5572509765625
0.00247669219970703 -0.0173225402832031 -0.104248046875 -0.91314697265625
-0.0123996734619141 0.00111484527587891 -0.74005126953125 -0.31549072265625
-0.00171470642089844 0.0190277099609375 -0.53558349609375 0.32855224609375
0.0103635787963867 0.00514030456542969 -0.14154052734375 0.47503662109375
0.0110950469970703 -0.00825119018554688 0.1822509765625 0.31195068359375
0.0171871185302734 0.0290126800537109 0.26629638671875 0.069854736328125
0.00965309143066406 0.0182514190673828 -0.2236328125 -0.088623046875
0.0287456512451172 -0.0133190155029297 -0.0474853515625 -0.310882568359375
0.0245132446289063 -0.00465965270996094 0.31951904296875 -0.37652587890625
0.0157833099365234 0.0246257781982422 0.69140625 -0.08892822265625
-0.00989055633544922 0.0113945007324219 0.57421875 0.57098388671875
-0.0201492309570313 -0.0326919555664063 -0.0850830078125001 0.9019775390625
0.000320434570312499 0.0214157104492188 -0.481597900390625 0.496551513671875
0.0152740478515625 0.0373954772949219 0.0651702880859375 0.036529541015625
0.0101423263549805 -0.000441551208496094 0.47528076171875 -0.576904296875
-0.00233936309814453 -0.0128202438354492 -0.13824462890625 -0.90045166015625
-0.00534582138061523 0.007293701171875 -0.74456787109375 -0.28045654296875
0.0107898712158203 0.0132961273193359 -0.516387939453125 0.35321044921875
0.0197620391845703 -0.00454521179199219 -0.1224365234375 0.483917236328125
0.0151138305664063 -0.0185337066650391 0.18951416015625 0.31158447265625
0.0145664215087891 0.0243320465087891 0.27099609375 0.06787109375
0.00608730316162109 0.0111923217773437 -0.223907470703125 -0.0960540771484375
0.0321273803710938 -0.0215530395507813 -0.04425048828125 -0.3165283203125
0.0363922119140625 -0.0116462707519531 0.323150634765625 -0.375732421875
0.0264148712158203 0.0259418487548828 0.69921875 -0.0791015625
-0.00329017639160156 0.0168046951293945 0.5684814453125 0.5816650390625
-0.0233497619628906 -0.0347518920898438 -0.0983886718749999 0.8973388671875
0.00315952301025391 0.00905036926269531 -0.481201171875 0.4832763671875
0.0282154083251953 0.0258369445800781 0.0790328979492188 0.02734375
0.0117816925048828 -0.00952243804931641 0.4688720703125 -0.5888671875
-0.00521373748779297 -0.0112466812133789 -0.155029296875 -0.89837646484375
0.000720024108886718 0.0114974975585938 -0.748046875 -0.26361083984375
0.0220718383789063 0.00917816162109375 -0.50823974609375 0.360260009765625
0.0272235870361328 -0.014495849609375 -0.117523193359375 0.4873046875
0.015838623046875 -0.0279827117919922 0.188873291015625 0.30841064453125
0.0111618041992188 0.0179119110107422 0.271087646484375 0.0642852783203125
0.00380659103393555 0.00351643562316895 -0.227005004882813 -0.104415893554687
0.0319385528564453 -0.0304088592529297 -0.05267333984375 -0.324462890625
0.0433464050292969 -0.0160636901855469 0.319091796875 -0.3843994140625
0.0378837585449219 0.0265464782714844 0.7015380859375 -0.09222412109375
0.000602722167968748 0.0207614898681641 0.57989501953125 0.5704345703125
-0.023956298828125 -0.03887939453125 -0.08489990234375 0.8912353515625
0.0110559463500977 -0.00346660614013672 -0.46905517578125 0.480804443359375
0.0441665649414063 0.0145111083984375 0.08538818359375 0.0239334106445312
0.0153923034667969 -0.0203857421875 0.47607421875 -0.59527587890625
-0.00697803497314453 -0.0130100250244141 -0.1494140625 -0.90679931640625
0.00666999816894531 0.0159168243408203 -0.7421875 -0.27197265625
0.0329513549804688 0.006256103515625 -0.510345458984375 0.358001708984375
0.0344657897949219 -0.0188026428222656 -0.123565673828125 0.486541748046875
0.0163841247558594 -0.0379638671875 0.18109130859375 0.306793212890625
0.00908088684082031 0.0106410980224609 0.269073486328125 0.058868408203125
0.000821352005004883 -0.00247478485107422 -0.233108520507813 -0.112258911132812
0.031951904296875 -0.0364303588867188 -0.06341552734375 -0.334747314453125
0.0473594665527344 -0.020111083984375 0.301849365234375 -0.39990234375
0.0451431274414063 0.0261383056640625 0.6954345703125 -0.119384765625
0.00458908081054687 0.0232486724853516 0.60040283203125 0.54156494140625
-0.0231246948242188 -0.0427398681640625 -0.04693603515625 0.8817138671875
0.0194759368896484 -0.0166835784912109 -0.449859619140625 0.487274169921875
0.0616531372070313 0.00262451171875 0.0864028930664063 0.0269546508789063
0.0235080718994141 -0.0324153900146484 0.4970703125 -0.58905029296875
-0.00629615783691406 -0.0188255310058594 -0.11407470703125 -0.92169189453125
0.00927162170410156 0.0171365737915039 -0.7352294921875 -0.3018798828125
0.0400733947753906 0.00769424438476563 -0.52520751953125 0.339111328125
0.0385208129882813 -0.0194778442382813 -0.141571044921875 0.47979736328125
0.014923095703125 -0.0425682067871094 0.169647216796875 0.3040771484375
0.0078883171081543 0.00395011901855469 0.26470947265625 0.05572509765625
0.0219135284423828 0.0345726013183594 -0.247238159179687 -0.081085205078125
0.00903129577636719 0.0126590728759766 -0.10626220703125 -0.317352294921875
-0.00602149963378907 0.0289115905761719 0.217132568359375 -0.44122314453125
-0.0146503448486328 0.0346336364746094 0.618896484375 -0.25201416015625
-0.0220184326171875 -0.0070343017578125 0.66827392578125 0.38909912109375
-0.0134391784667969 -0.0560035705566406 0.13214111328125 0.8642578125
0.0296955108642578 0.00797843933105469 -0.39031982421875 0.58935546875
0.0420112609863281 0.0418510437011719 0.00296020507812501 0.0867462158203125
0.0460739135742188 -0.00133132934570313 0.56658935546875 -0.4781494140625
0.0211448669433594 -0.0425949096679688 0.0749511718749999 -0.94708251953125
-0.0227909088134766 -0.0248641967773438 -0.68121337890625 -0.47491455078125
-0.0255413055419922 0.0249595642089844 -0.60528564453125 0.21954345703125
-0.0133399963378906 0.0298290252685547 -0.2154541015625 0.429595947265625
-0.00203609466552735 0.0113182067871094 0.145782470703125 0.3056640625
0.0244121551513672 0.0343532562255859 0.252182006835938 0.060546875
0.0211887359619141 0.0330448150634766 -0.238662719726563 -0.0787048339843751
0.0134687423706055 0.00998687744140625 -0.088531494140625 -0.311798095703125
-0.000175476074218749 0.0223178863525391 0.246490478515625 -0.427581787109375
-0.0116500854492187 0.0312824249267578 0.63836669921875 -0.20947265625
-0.0211143493652344 -0.00584602355957031 0.64605712890625 0.4404296875
-0.0139503479003906 -0.0469703674316406 0.0781250000000001 0.88201904296875
0.0201034545898438 0.0194129943847656 -0.4183349609375 0.5732421875
0.0245285034179688 0.0484390258789063 0.012481689453125 0.077392578125
0.0324306488037109 0.00490951538085937 0.536102294921875 -0.501007080078125
0.0138397216796875 -0.0322895050048828 0.00903320312499994 -0.93585205078125
-0.0211296081542969 -0.0163898468017578 -0.7069091796875 -0.42144775390625
-0.0212554931640625 0.0245780944824219 -0.583984375 0.25775146484375
-0.0058746337890625 0.0232791900634766 -0.190216064453125 0.44622802734375
0.00282382965087891 0.00847434997558594 0.159637451171875 0.31011962890625
0.0235481262207031 0.0348873138427734 0.256607055664063 0.0651397705078125
0.0176868438720703 0.0285301208496094 -0.232391357421875 -0.0771484374999999
0.0188064575195313 0.005279541015625 -0.070159912109375 -0.3094482421875
0.00481891632080078 0.0134344100952148 0.273834228515625 -0.406524658203125
-0.00671958923339844 0.0267581939697266 0.65704345703125 -0.16302490234375
-0.0172967910766602 -0.00261878967285156 0.6158447265625 0.4892578125
-0.0155792236328125 -0.039703369140625 0.0177001953125 0.89068603515625
0.00843048095703125 0.0258102416992188 -0.44525146484375 0.5469970703125
0.015167236328125 0.0503044128417969 0.0283393859863281 0.0642318725585938
0.0199661254882813 0.00673294067382812 0.507476806640625 -0.52911376953125
0.00726318359375 -0.0241222381591797 -0.0536499023437501 -0.91888427734375
-0.0188198089599609 -0.00678443908691407 -0.72222900390625 -0.35986328125
-0.012481689453125 0.0232582092285156 -0.55682373046875 0.298126220703125
0.00143146514892578 0.0147552490234375 -0.160888671875 0.4610595703125
0.00716781616210938 -0.000674247741699219 0.173675537109375 0.309295654296875
0.0199146270751953 0.0332012176513672 0.26220703125 0.0683746337890625
0.0135440826416016 0.024444580078125 -0.224868774414063 -0.080535888671875
0.0232105255126953 -0.00295066833496094 -0.057220458984375 -0.3072509765625
0.0132913589477539 0.00495433807373047 0.298980712890625 -0.388946533203125
0.00257682800292969 0.0245323181152344 0.67352294921875 -0.123046875
-0.0135593414306641 0.00364208221435547 0.59100341796875 0.5333251953125
-0.0183143615722656 -0.0356597900390625 -0.0400390625000001 0.89404296875
0.00271224975585938 0.0245742797851563 -0.465911865234375 0.518829345703125
0.0134696960449219 0.0454597473144531 0.0480613708496094 0.0488243103027344
0.0141181945800781 0.00576591491699219 0.482208251953125 -0.555816650390625
0.00273227691650391 -0.0168094635009766 -0.11041259765625 -0.905517578125
-0.0117502212524414 0.001678466796875 -0.73883056640625 -0.30548095703125
-0.000939369201660158 0.0171966552734375 -0.5313720703125 0.330596923828125
0.00963973999023438 0.00403881072998047 -0.135284423828125 0.473846435546875
0.0105915069580078 -0.00778865814208984 0.1856689453125 0.30712890625
0.0194683074951172 0.0292301177978516 0.265823364257813 0.06689453125
0.0113162994384766 0.0169382095336914 -0.2244873046875 -0.086212158203125
0.0283184051513672 -0.0115623474121094 -0.050994873046875 -0.310302734375
0.0250282287597656 -0.00415611267089844 0.3131103515625 -0.37701416015625
0.0143833160400391 0.022979736328125 0.68218994140625 -0.09515380859375
-0.00860691070556641 0.0120735168457031 0.5723876953125 0.5604248046875
-0.0217247009277344 -0.0334815979003906 -0.08056640625 0.8956298828125
-0.00101280212402344 0.0187568664550781 -0.474029541015625 0.496551513671875
0.0159568786621094 0.037841796875 0.065704345703125 0.0352134704589844
0.00982093811035156 -0.00034332275390625 0.4654541015625 -0.575439453125
-0.00321483612060547 -0.0112113952636719 -0.1439208984375 -0.8927001953125
-0.00464487075805664 0.00790643692016602 -0.7418212890625 -0.27178955078125
0.0112695693969727 0.0128288269042969 -0.5101318359375 0.353179931640625
0.0198497772216797 -0.00583076477050781 -0.118011474609375 0.480438232421875
0.0123634338378906 -0.0198097229003906 0.19073486328125 0.306915283203125
0.0150814056396484 0.0237159729003906 0.2705078125 0.064697265625
0.00701808929443359 0.0103054046630859 -0.223800659179687 -0.094024658203125
0.0315685272216797 -0.0223007202148438 -0.049346923828125 -0.314361572265625
0.0351085662841797 -0.0112209320068359 0.319427490234375 -0.375946044921875
0.0265407562255859 0.0244140625 0.69158935546875 -0.08526611328125
-0.00434112548828125 0.0157871246337891 0.566650390625 0.57220458984375
-0.0232582092285156 -0.0343093872070312 -0.0942382812500001 0.8878173828125
0.00301933288574219 0.00884914398193359 -0.474700927734375 0.48046875
0.0283298492431641 0.0255603790283203 0.0785598754882813 0.0273513793945312
0.011016845703125 -0.010350227355957 0.46240234375 -0.58905029296875
-0.00529861450195313 -0.0107965469360352 -0.160888671875 -0.8912353515625
0.00161170959472656 0.0116853713989258 -0.7423095703125 -0.25634765625
0.0222110748291016 0.00864028930664063 -0.4996337890625 0.36090087890625
0.0271644592285156 -0.0138130187988281 -0.11322021484375 0.486419677734375
0.0140972137451172 -0.0297641754150391 0.191741943359375 0.304168701171875
0.0120315551757813 0.0163040161132813 0.26953125 0.061920166015625
0.0047154426574707 0.00307798385620117 -0.227493286132813 -0.101852416992187
0.0324192047119141 -0.0297374725341797 -0.054107666015625 -0.321563720703125
0.04278564453125 -0.0163421630859375 0.312835693359375 -0.382843017578125
0.0369186401367188 0.0255165100097656 0.6923828125 -0.09637451171875
0.000606536865234376 0.0202579498291016 0.57733154296875 0.559814453125
-0.0240058898925781 -0.0366973876953125 -0.080322265625 0.88134765625
0.0103425979614258 -0.00308609008789063 -0.464111328125 0.4779052734375
0.04449462890625 0.0139312744140625 0.0854873657226563 0.0233230590820313
0.0153884887695312 -0.0198612213134766 0.47052001953125 -0.5941162109375
-0.00705242156982422 -0.0130691528320313 -0.1527099609375 -0.896728515625
0.00660133361816406 0.0145273208618164 -0.7392578125 -0.26202392578125
0.0329170227050781 0.0057830810546875 -0.501983642578125 0.35882568359375
0.0339889526367188 -0.0193347930908203 -0.11822509765625 0.48443603515625
0.0142097473144531 -0.0377922058105469 0.18426513671875 0.3031005859375
0.0103273391723633 0.0104579925537109 0.2677001953125 0.056610107421875
0.00320649147033691 -0.00274991989135742 -0.233261108398438 -0.108749389648437
0.0311203002929688 -0.0362510681152344 -0.067108154296875 -0.332000732421875
0.0468826293945313 -0.0197257995605469 0.295379638671875 -0.39990234375
0.0448455810546875 0.0255393981933594 0.69012451171875 -0.12567138671875
0.00498580932617187 0.0223178863525391 0.59869384765625 0.53076171875
-0.0245323181152344 -0.041778564453125 -0.04248046875 0.87493896484375
0.0199069976806641 -0.0159492492675781 -0.4434814453125 0.48516845703125
0.0614891052246094 0.00146484375 0.0862579345703125 0.0274429321289063
0.022369384765625 -0.0331745147705078 0.48956298828125 -0.5869140625
-0.00563621520996094 -0.017730712890625 -0.1195068359375 -0.91363525390625
0.0092926025390625 0.0155181884765625 -0.73248291015625 -0.293701171875
0.0409660339355469 0.00648117065429688 -0.51605224609375 0.341217041015625
0.03814697265625 -0.0202598571777344 -0.136962890625 0.478118896484375
0.0139007568359375 -0.0415267944335938 0.172271728515625 0.30078125
0.00904083251953125 0.00550174713134766 0.263839721679688 0.0519561767578125
0.0231151580810547 0.0336513519287109 -0.246368408203125 -0.0774688720703125
0.0108432769775391 0.0125017166137695 -0.10919189453125 -0.313507080078125
-0.006256103515625 0.0296573638916016 0.21337890625 -0.440216064453125
-0.0142040252685547 0.0337924957275391 0.612060546875 -0.2550048828125
-0.0236244201660156 -0.00752639770507813 0.66461181640625 0.3814697265625
-0.0125923156738281 -0.056121826171875 0.13531494140625 0.8564453125
0.0297355651855469 0.008056640625 -0.385009765625 0.58660888671875
0.0422821044921875 0.042266845703125 0.00292205810546876 0.0861968994140625
0.0447578430175781 -0.00151443481445313 0.558837890625 -0.4754638671875
0.019683837890625 -0.0429496765136719 0.0703124999999999 -0.93939208984375
-0.0235519409179687 -0.0232353210449219 -0.67864990234375 -0.4686279296875
-0.0247287750244141 0.0237369537353516 -0.5992431640625 0.22198486328125
-0.0126113891601563 0.0292644500732422 -0.21112060546875 0.42840576171875
-0.00261688232421875 0.011723518371582 0.147979736328125 0.302459716796875
0.0252761840820313 0.0343875885009766 0.25189208984375 0.0588226318359375
0.0221138000488281 0.0331745147705078 -0.236404418945313 -0.0753021240234375
0.0132818222045898 0.0109262466430664 -0.090911865234375 -0.30877685546875
-0.00126075744628906 0.0212955474853516 0.2415771484375 -0.424591064453125
-0.0119781494140625 0.0308818817138672 0.631591796875 -0.2125244140625
-0.0211257934570313 -0.00388908386230469 0.64141845703125 0.43017578125
-0.0154991149902344 -0.0471229553222656 0.0820922851562499 0.87408447265625
0.0180225372314453 0.0188751220703125 -0.41094970703125 0.57049560546875
0.0260696411132813 0.0495529174804688 0.0127792358398437 0.0759201049804688
0.031585693359375 0.00538063049316406 0.52825927734375 -0.49676513671875
0.0134258270263672 -0.0337924957275391 0.00714111328125008 -0.92572021484375
-0.0207881927490234 -0.0163822174072266 -0.70172119140625 -0.4139404296875
-0.0194168090820313 0.0231704711914063 -0.578369140625 0.26043701171875
-0.00798225402832031 0.0225620269775391 -0.186126708984375 0.443756103515625
0.00107479095458984 0.00830650329589844 0.162506103515625 0.30596923828125
0.0244712829589844 0.0338954925537109 0.25506591796875 0.063690185546875
0.0185222625732422 0.0289440155029297 -0.229766845703125 -0.0773468017578125
0.0187397003173828 0.00399589538574219 -0.071990966796875 -0.305511474609375
0.00363254547119141 0.0126705169677734 0.2672119140625 -0.4053955078125
-0.00718879699707031 0.0254173278808594 0.65057373046875 -0.1658935546875
-0.0168724060058594 -0.00188255310058594 0.6153564453125 0.47802734375
-0.0165061950683594 -0.0404090881347656 0.01751708984375 0.88092041015625
0.0087432861328125 0.0238132476806641 -0.43670654296875 0.544189453125
0.0170135498046875 0.0500373840332031 0.0287094116210937 0.0624198913574219
0.0221939086914063 0.0078582763671875 0.5023193359375 -0.526824951171875
0.00773811340332031 -0.0239315032958984 -0.0570068359374999 -0.912353515625
-0.0176239013671875 -0.00646781921386719 -0.720947265625 -0.351318359375
-0.0120944976806641 0.0206108093261719 -0.549346923828125 0.299072265625
0.00179481506347656 0.0148258209228516 -0.156097412109375 0.458526611328125
0.007415771484375 0.00108432769775391 0.175750732421875 0.306884765625
0.0215854644775391 0.0315589904785156 0.262451171875 0.065582275390625
0.016021728515625 0.0239295959472656 -0.225433349609375 -0.07830810546875
0.0240325927734375 -0.00232124328613281 -0.06048583984375 -0.303985595703125
0.0134000778198242 0.00473499298095703 0.292236328125 -0.387969970703125
0.0027923583984375 0.023529052734375 0.66680908203125 -0.1280517578125
-0.0150880813598633 0.00323200225830078 0.5867919921875 0.52398681640625
-0.0193576812744141 -0.0351295471191406 -0.0376586914062501 0.88763427734375
0.000488281250000002 0.0246677398681641 -0.461700439453125 0.5169677734375
0.0134849548339844 0.0452919006347656 0.0480384826660156 0.0477561950683594
0.0149288177490234 0.00501060485839844 0.476226806640625 -0.55194091796875
0.000844955444335938 -0.0159206390380859 -0.11175537109375 -0.89788818359375
-0.0119657516479492 0.000441551208496092 -0.73077392578125 -0.3018798828125
-0.000745773315429687 0.0178794860839844 -0.5235595703125 0.3310546875
0.0106401443481445 0.00469303131103516 -0.12994384765625 0.471099853515625
0.0100975036621094 -0.00836658477783203 0.186920166015625 0.3043212890625
0.0188694000244141 0.0276718139648438 0.266815185546875 0.063873291015625
0.0117778778076172 0.0156135559082031 -0.224746704101563 -0.0830230712890625
0.0286083221435547 -0.0136871337890625 -0.051910400390625 -0.30609130859375
0.0249614715576172 -0.00405311584472656 0.306121826171875 -0.37567138671875
0.014984130859375 0.0231838226318359 0.67864990234375 -0.099365234375
-0.00840950012207031 0.010101318359375 0.56787109375 0.55108642578125
-0.0205917358398438 -0.0312614440917969 -0.0772705078125 0.8856201171875
-0.000656127929687501 0.019989013671875 -0.469573974609375 0.49322509765625
0.0173377990722656 0.0358085632324219 0.0644683837890625 0.0347518920898438
0.0102100372314453 0.00161170959472656 0.46246337890625 -0.5714111328125
-0.00316429138183594 -0.0126361846923828 -0.14501953125 -0.8873291015625
-0.00543785095214844 0.00564432144165039 -0.73724365234375 -0.26641845703125
0.0117292404174805 0.0122175216674805 -0.502288818359375 0.353118896484375
0.0181541442871094 -0.00541877746582031 -0.11273193359375 0.478485107421875
0.0115280151367188 -0.0189380645751953 0.193634033203125 0.30322265625
0.0166339874267578 0.0230808258056641 0.268112182617188 0.0627899169921875
0.00827503204345703 0.00977134704589844 -0.22314453125 -0.0909423828125
0.0316200256347656 -0.0207252502441406 -0.051666259765625 -0.31243896484375
0.0354881286621094 -0.010833740234375 0.313995361328125 -0.3760986328125
0.0270614624023437 0.0242977142333984 0.685302734375 -0.09197998046875
-0.00522136688232422 0.0164279937744141 0.56524658203125 0.5626220703125
-0.0256252288818359 -0.0329952239990234 -0.0897216796875 0.8800048828125
0.00425481796264648 0.00841236114501953 -0.4683837890625 0.479339599609375
0.0284461975097656 0.0260753631591797 0.0780563354492188 0.0267562866210938
0.0118207931518555 -0.00966548919677734 0.4573974609375 -0.5849609375
-0.00525093078613281 -0.0109615325927734 -0.1634521484375 -0.8817138671875
0.000979423522949218 0.0103836059570313 -0.73712158203125 -0.25054931640625
0.02252197265625 0.0081634521484375 -0.4964599609375 0.363677978515625
0.026458740234375 -0.0129051208496094 -0.10687255859375 0.483367919921875
0.0150966644287109 -0.0283718109130859 0.193878173828125 0.30206298828125
0.0133771896362305 0.0174407958984375 0.270217895507813 0.059722900390625
0.00640344619750977 0.00370073318481445 -0.22674560546875 -0.100143432617187
0.0325107574462891 -0.0288944244384766 -0.056884765625 -0.31964111328125
0.0422401428222656 -0.0168190002441406 0.307220458984375 -0.3843994140625
0.0373497009277344 0.0241127014160156 0.6865234375 -0.1002197265625
-0.000724792480468749 0.0190372467041016 0.574462890625 0.553466796875
-0.0251083374023437 -0.0370445251464844 -0.07476806640625 0.8770751953125
0.0108242034912109 -0.00300407409667969 -0.45806884765625 0.475677490234375
0.0449790954589844 0.0140380859375 0.0848541259765625 0.024322509765625
0.0143890380859375 -0.0199394226074219 0.46466064453125 -0.59063720703125
-0.00719165802001953 -0.0125417709350586 -0.1568603515625 -0.89019775390625
0.00686550140380859 0.0146522521972656 -0.7364501953125 -0.25592041015625
0.0325832366943359 0.00417518615722656 -0.496795654296875 0.3594970703125
0.0326099395751953 -0.0205326080322266 -0.113525390625 0.48333740234375
0.0144691467285156 -0.0369453430175781 0.18634033203125 0.2994384765625
0.0118017196655273 0.0102376937866211 0.267715454101563 0.0548248291015625
0.00297260284423828 -0.00272679328918457 -0.23284912109375 -0.107711791992187
0.0304279327392578 -0.0351333618164063 -0.070648193359375 -0.329345703125
0.0460014343261719 -0.0198020935058594 0.290863037109375 -0.398529052734375
0.0443305969238281 0.0242080688476563 0.68231201171875 -0.12939453125
0.00355339050292969 0.0210075378417969 0.5972900390625 0.52203369140625
-0.0242080688476563 -0.0412635803222656 -0.03753662109375 0.866943359375
0.0202293395996094 -0.0166587829589844 -0.438873291015625 0.48309326171875
0.0620918273925781 0.0015411376953125 0.0839767456054687 0.0262680053710937
0.0233860015869141 -0.0328178405761719 0.4844970703125 -0.58270263671875
-0.00734424591064453 -0.0155057907104492 -0.12353515625 -0.90313720703125
0.00749397277832031 0.0153398513793945 -0.7274169921875 -0.28851318359375
0.0381393432617188 0.00632476806640625 -0.510406494140625 0.340362548828125
0.0380935668945313 -0.0203056335449219 -0.13201904296875 0.47540283203125
0.0145912170410156 -0.0413169860839844 0.1728515625 0.2984619140625
0.00918865203857422 0.00429534912109375 0.261978149414063 0.0503082275390625
0.0250625610351563 0.0346145629882813 -0.247390747070313 -0.0763092041015625
0.00977706909179688 0.0120849609375 -0.110321044921875 -0.311553955078125
-0.00445556640625 0.0296096801757813 0.209228515625 -0.440032958984375
-0.0119037628173828 0.0321502685546875 0.604736328125 -0.2572021484375
-0.0233058929443359 -0.00798797607421875 0.66107177734375 0.37646484375
-0.015350341796875 -0.0539779663085938 0.13848876953125 0.84918212890625
0.0290184020996094 0.00782394409179687 -0.38055419921875 0.5811767578125
0.0411186218261719 0.0429649353027344 0.0017852783203125 0.0866241455078125
0.0427589416503906 -0.00229644775390625 0.5545654296875 -0.472503662109375
0.0190963745117187 -0.0413475036621094 0.0675048828125 -0.932373046875
-0.0230731964111328 -0.0245208740234375 -0.67401123046875 -0.462890625
-0.0250301361083984 0.0232200622558594 -0.59454345703125 0.22222900390625
-0.0117263793945312 0.0285568237304688 -0.2071533203125 0.427154541015625
-0.00289344787597656 0.0116863250732422 0.150421142578125 0.30029296875
0.0271530151367188 0.0333786010742188 0.250152587890625 0.0555267333984375
0.0225086212158203 0.0333175659179688 -0.236785888671875 -0.0736541748046875
0.0128192901611328 0.0105819702148438 -0.0919189453125 -0.305511474609375
-0.00343894958496094 0.0223522186279297 0.237823486328125 -0.4244384765625
-0.0117835998535156 0.0301094055175781 0.62554931640625 -0.21514892578125
-0.0215187072753906 -0.005035400390625 0.6390380859375 0.42474365234375
-0.0162925720214844 -0.046539306640625 0.08050537109375 0.866943359375
0.0195522308349609 0.0200920104980469 -0.40850830078125 0.56671142578125
0.0258216857910156 0.0479774475097656 0.0109024047851562 0.0770797729492188
0.0328140258789063 0.00605201721191406 0.525909423828125 -0.49505615234375
0.0121612548828125 -0.0327205657958984 0.0050659179687499 -0.92156982421875
-0.0212726593017578 -0.0162544250488281 -0.69915771484375 -0.408447265625
-0.0217170715332031 0.0231437683105469 -0.57366943359375 0.2593994140625
-0.00721931457519531 0.0242652893066406 -0.18316650390625 0.44244384765625
0.000106334686279297 0.00720643997192383 0.1640625 0.304046630859375
0.0255298614501953 0.0339698791503906 0.254531860351563 0.0632476806640625
0.0202426910400391 0.0291557312011719 -0.22943115234375 -0.0735015869140625
0.0184612274169922 0.00494384765625 -0.07281494140625 -0.301849365234375
0.00492382049560547 0.0150671005249023 0.263946533203125 -0.40283203125
-0.00602340698242188 0.0239639282226563 0.6455078125 -0.17071533203125
-0.0189361572265625 -0.00258636474609375 0.610595703125 0.47247314453125
-0.0149917602539063 -0.0395965576171875 0.02056884765625 0.87420654296875
0.00872230529785156 0.0241470336914063 -0.433502197265625 0.539947509765625
0.016876220703125 0.0502204895019531 0.028045654296875 0.0635948181152344
0.0224380493164063 0.00648880004882813 0.495697021484375 -0.522369384765625
0.00631141662597657 -0.02264404296875 -0.0583496093749999 -0.904296875
-0.0179271697998047 -0.00809288024902344 -0.71575927734375 -0.34912109375
-0.0122451782226563 0.0201053619384766 -0.545654296875 0.298919677734375
0.00142097473144531 0.0142326354980469 -0.152252197265625 0.455963134765625
0.00652122497558594 0.00145626068115234 0.178253173828125 0.3035888671875
0.0229454040527344 0.0304050445556641 0.259368896484375 0.0650482177734375
0.0172824859619141 0.024658203125 -0.224273681640625 -0.076171875
0.0230026245117188 -0.00356864929199219 -0.0616455078125 -0.3026123046875
0.0152215957641602 0.00376319885253906 0.288421630859375 -0.386383056640625
0.00218963623046875 0.0217666625976563 0.660888671875 -0.13006591796875
-0.0142202377319336 0.00310230255126953 0.584228515625 0.51678466796875
-0.0199813842773438 -0.0362091064453125 -0.03509521484375 0.87890625
0.00229644775390625 0.0251712799072266 -0.454681396484375 0.513580322265625
0.0129852294921875 0.0451202392578125 0.0474281311035156 0.0479965209960937
0.0158348083496094 0.00577163696289063 0.4716796875 -0.5484619140625
0.0012664794921875 -0.0166416168212891 -0.11474609375 -0.8900146484375
-0.0121011734008789 -0.000183105468750002 -0.72625732421875 -0.2960205078125
-0.000548362731933592 0.0162210464477539 -0.52099609375 0.330535888671875
0.00947952270507813 0.00533962249755859 -0.127166748046875 0.467437744140625
0.0104160308837891 -0.00801563262939453 0.189239501953125 0.30181884765625
0.0199089050292969 0.0261192321777344 0.265640258789063 0.0626220703125
0.011749267578125 0.0167989730834961 -0.221694946289062 -0.082183837890625
0.0273590087890625 -0.0122966766357422 -0.055084228515625 -0.30328369140625
0.0241928100585938 -0.00288772583007813 0.300933837890625 -0.377227783203125
0.0164642333984375 0.0214653015136719 0.67181396484375 -0.10333251953125
-0.00879478454589844 0.00997447967529297 0.56689453125 0.54168701171875
-0.0232086181640625 -0.0328617095947266 -0.07501220703125 0.877685546875
-0.000478744506835938 0.0179252624511719 -0.46533203125 0.48956298828125
0.0164146423339844 0.0364875793457031 0.0635261535644531 0.0339469909667969
0.0102167129516602 -7.34329223632812E-05 0.457763671875 -0.56707763671875
-0.00332927703857422 -0.0108127593994141 -0.1458740234375 -0.87890625
-0.00683975219726562 0.00745964050292969 -0.73046875 -0.2625732421875
0.0117254257202148 0.0106630325317383 -0.498931884765625 0.3529052734375
0.0184993743896484 -0.00485801696777344 -0.110748291015625 0.47601318359375
0.0130538940429688 -0.0211582183837891 0.195068359375 0.300537109375
0.0179977416992188 0.0226287841796875 0.269882202148438 0.0598297119140625
0.00846672058105469 0.0108976364135742 -0.223220825195313 -0.090118408203125
0.0319671630859375 -0.0205211639404297 -0.05438232421875 -0.310821533203125
0.0348320007324219 -0.0115699768066406 0.308502197265625 -0.37530517578125
0.0264816284179688 0.0229816436767578 0.67816162109375 -0.09130859375
-0.00525665283203125 0.0151100158691406 0.56060791015625 0.554351806640625
-0.0242710113525391 -0.0327224731445313 -0.0880126953124999 0.87408447265625
0.00360488891601562 0.00827169418334961 -0.464935302734375 0.4754638671875
0.0305690765380859 0.0242977142333984 0.0768661499023438 0.0261306762695312
0.0118160247802734 -0.00822353363037109 0.45025634765625 -0.5809326171875
-0.00503826141357422 -0.00973224639892578 -0.16326904296875 -0.87451171875
0.000691413879394531 0.0106954574584961 -0.733154296875 -0.24481201171875
0.0222396850585938 0.00698089599609375 -0.49029541015625 0.362548828125
0.0263710021972656 -0.0130195617675781 -0.103851318359375 0.481170654296875
0.0142707824707031 -0.0278549194335937 0.194976806640625 0.298980712890625
0.014378547668457 0.0168323516845703 0.269424438476563 0.0582733154296875
0.00625705718994141 0.00243186950683594 -0.22576904296875 -0.0983123779296875
0.0320606231689453 -0.0292892456054688 -0.05865478515625 -0.31689453125
0.0433578491210938 -0.0152549743652344 0.302886962890625 -0.38177490234375
0.0367012023925781 0.0238571166992188 0.68060302734375 -0.103515625
-0.0015716552734375 0.0185337066650391 0.5718994140625 0.54534912109375
-0.02618408203125 -0.0359611511230469 -0.07403564453125 0.86932373046875
0.0116615295410156 -0.00263118743896484 -0.4534912109375 0.471771240234375
0.0447311401367188 0.0135841369628906 0.08441162109375 0.0238876342773438
0.0150032043457031 -0.0201225280761719 0.45953369140625 -0.58709716796875
-0.00812530517578125 -0.0117998123168945 -0.15679931640625 -0.8829345703125
0.00603961944580078 0.0148706436157227 -0.73101806640625 -0.25103759765625
0.0333042144775391 0.00380897521972656 -0.49176025390625 0.3597412109375
0.0334434509277344 -0.0198078155517578 -0.1102294921875 0.479217529296875
0.0150718688964844 -0.0356559753417969 0.189453125 0.29644775390625
0.0116109848022461 0.0098419189453125 0.267547607421875 0.052154541015625
0.00396418571472168 -0.00248003005981445 -0.231124877929688 -0.10546875
0.0311145782470703 -0.0345821380615234 -0.072540283203125 -0.328033447265625
0.0444526672363281 -0.0189704895019531 0.283721923828125 -0.398345947265625
0.0443916320800781 0.02410888671875 0.675537109375 -0.13385009765625
0.0033111572265625 0.0210437774658203 0.59271240234375 0.51458740234375
-0.0254135131835938 -0.0408821105957031 -0.0382690429687501 0.85882568359375
0.0199432373046875 -0.0166110992431641 -0.43426513671875 0.479583740234375
0.060943603515625 0.00200271606445313 0.08514404296875 0.0260696411132813
0.0213432312011719 -0.0315685272216797 0.477783203125 -0.57965087890625
-0.00880241394042969 -0.0163488388061523 -0.1243896484375 -0.8970947265625
0.00908851623535156 0.0164375305175781 -0.72198486328125 -0.283203125
0.0389328002929688 0.00490570068359375 -0.505340576171875 0.341400146484375
0.0382118225097656 -0.0198478698730469 -0.127838134765625 0.47344970703125
0.0149879455566406 -0.0407943725585938 0.17547607421875 0.2940673828125
0.0105810165405273 0.00361537933349609 0.262969970703125 0.0467681884765625
0.0251636505126953 0.0327033996582031 -0.24566650390625 -0.0746917724609375
0.010218620300293 0.0131187438964844 -0.1097412109375 -0.308135986328125
-0.00569343566894531 0.0288753509521484 0.205413818359375 -0.43817138671875
-0.0119686126708984 0.0326004028320313 0.60198974609375 -0.25799560546875
-0.0233211517333984 -0.00813484191894532 0.6551513671875 0.36956787109375
-0.0153656005859375 -0.0534782409667969 0.13763427734375 0.842529296875
0.0304756164550781 0.00699043273925781 -0.377685546875 0.578125
0.0438346862792969 0.0414199829101563 0.00298309326171876 0.0875930786132812
0.0439491271972656 -0.00078582763671875 0.550445556640625 -0.46978759765625
0.0202255249023437 -0.0409202575683594 0.0660400390624999 -0.92938232421875
-0.0237693786621094 -0.0249176025390625 -0.67095947265625 -0.4576416015625
-0.0241146087646484 0.022796630859375 -0.59112548828125 0.22381591796875
-0.0123558044433594 0.0289840698242188 -0.204071044921875 0.424652099609375
-0.00243759155273438 0.0120096206665039 0.1513671875 0.29736328125
0.026885986328125 0.0319995880126953 0.250625610351563 0.05609130859375
0.0227832794189453 0.0325927734375 -0.237442016601563 -0.0740966796875
0.0134706497192383 0.0107088088989258 -0.09149169921875 -0.30322265625
-0.00180435180664063 0.0220680236816406 0.234771728515625 -0.423736572265625
-0.012176513671875 0.0281887054443359 0.61865234375 -0.216796875
-0.0222015380859375 -0.00624275207519531 0.632568359375 0.41925048828125
-0.0138702392578125 -0.0457649230957031 0.08026123046875 0.86053466796875
0.0198593139648438 0.0190811157226563 -0.405487060546875 0.561248779296875
0.0261154174804688 0.0468406677246094 0.01190185546875 0.0753707885742188
0.0321941375732422 0.00597190856933594 0.520751953125 -0.492156982421875
0.0132846832275391 -0.0316848754882813 0.00402832031250004 -0.9161376953125
-0.0220203399658203 -0.0175342559814453 -0.6962890625 -0.4041748046875
-0.0202980041503906 0.0230903625488281 -0.569091796875 0.25897216796875
-0.00693321228027344 0.0230388641357422 -0.180267333984375 0.440673828125
0.00096750259399414 0.00752067565917969 0.1654052734375 0.30133056640625
0.0263881683349609 0.0322475433349609 0.25518798828125 0.059814453125
0.0196895599365234 0.0282917022705078 -0.230712890625 -0.0739593505859375
0.0178375244140625 0.00517654418945313 -0.074676513671875 -0.300384521484375
0.00495529174804688 0.0140018463134766 0.260986328125 -0.404571533203125
-0.00582313537597656 0.0239009857177734 0.6412353515625 -0.17144775390625
-0.0181484222412109 -0.00280952453613281 0.60650634765625 0.46728515625
-0.0163383483886719 -0.0389213562011719 0.02130126953125 0.8671875
0.00872230529785156 0.0252666473388672 -0.432373046875 0.537384033203125
0.0166549682617188 0.0463447570800781 0.0280647277832031 0.0625190734863281
0.0199775695800781 0.00842666625976563 0.492706298828125 -0.51873779296875
0.00549697875976563 -0.0222988128662109 -0.0593261718750001 -0.8988037109375
-0.0184078216552734 -0.00811576843261719 -0.71282958984375 -0.3450927734375
-0.0108642578125 0.0194759368896484 -0.542633056640625 0.299346923828125
0.00150394439697266 0.0137672424316406 -0.150146484375 0.454620361328125
0.00592660903930664 0.00182151794433594 0.17974853515625 0.3009033203125
0.0245304107666016 0.0294246673583984 0.260025024414063 0.0641021728515625
0.0165672302246094 0.0240974426269531 -0.224655151367188 -0.0758056640624999
0.0232429504394531 -0.00375556945800781 -0.062347412109375 -0.2999267578125
0.0144577026367187 0.004974365234375 0.28631591796875 -0.3875732421875
0.0021514892578125 0.0220222473144531 0.657470703125 -0.13153076171875
-0.0144853591918945 0.00276756286621094 0.58197021484375 0.51092529296875
-0.0194892883300781 -0.0331764221191406 -0.0364990234375 0.8743896484375
0.00247764587402344 0.0249233245849609 -0.4521484375 0.510223388671875
0.0136032104492187 0.0451583862304687 0.0475387573242187 0.0472373962402344
0.0143442153930664 0.00623416900634766 0.46942138671875 -0.545318603515625
0.00191497802734375 -0.0166215896606445 -0.1163330078125 -0.88507080078125
-0.0131807327270508 -0.000484466552734372 -0.72430419921875 -0.292236328125
-0.00133705139160156 0.0166072845458984 -0.51654052734375 0.3309326171875
0.0100383758544922 0.00649929046630859 -0.12335205078125 0.466400146484375
0.00914764404296875 -0.00729751586914063 0.189788818359375 0.300537109375
0.0213851928710938 0.0269222259521484 0.26556396484375 0.0616455078125
0.0127677917480469 0.0160923004150391 -0.222000122070313 -0.0814971923828125
0.0283031463623047 -0.0122356414794922 -0.055877685546875 -0.302398681640625
0.0250568389892578 -0.00616455078125 0.30035400390625 -0.376251220703125
0.0140800476074219 0.0217170715332031 0.6685791015625 -0.10546875
-0.0105972290039062 0.00921821594238282 0.56353759765625 0.536376953125
-0.0224742889404297 -0.0291690826416016 -0.0750122070312501 0.8726806640625
-0.000463485717773437 0.0192451477050781 -0.463287353515625 0.486328125
0.018157958984375 0.0365409851074219 0.0637779235839844 0.0337791442871094
0.0104055404663086 0.000670433044433594 0.4522705078125 -0.565185546875
-0.00363922119140625 -0.0102300643920898 -0.1473388671875 -0.8753662109375
-0.00441646575927734 0.00590372085571289 -0.72705078125 -0.2581787109375
0.0120334625244141 0.0106420516967773 -0.494415283203125 0.35064697265625
0.0175819396972656 -0.00539207458496094 -0.107757568359375 0.474365234375
0.0125322341918945 -0.0169010162353516 0.1966552734375 0.29718017578125
0.0182991027832031 0.0226364135742187 0.268051147460938 0.06060791015625
0.00858688354492188 0.0106716156005859 -0.222579956054688 -0.0890350341796875
0.0316905975341797 -0.0206584930419922 -0.053955078125 -0.308441162109375
0.0352325439453125 -0.0116844177246094 0.305328369140625 -0.375579833984375
0.0265941619873047 0.0216274261474609 0.6741943359375 -0.0946044921875
-0.00575828552246094 0.0129499435424805 0.558502197265625 0.54962158203125
-0.0259971618652344 -0.0320167541503906 -0.0879516601562499 0.8670654296875
0.00398683547973633 0.00860881805419922 -0.46087646484375 0.473785400390625
0.0292682647705078 0.025146484375 0.077239990234375 0.0270919799804688
0.011164665222168 -0.00773429870605469 0.44793701171875 -0.5775146484375
-0.00614643096923828 -0.0103864669799805 -0.162109375 -0.8721923828125
0.000528335571289062 0.0107107162475586 -0.72869873046875 -0.2427978515625
0.0232868194580078 0.00633621215820313 -0.488311767578125 0.36334228515625
0.0261497497558594 -0.0138092041015625 -0.101776123046875 0.477508544921875
0.0127696990966797 -0.0276508331298828 0.195281982421875 0.296478271484375
0.0152759552001953 0.0157871246337891 0.26934814453125 0.05645751953125
0.0075836181640625 0.00285434722900391 -0.224960327148437 -0.095977783203125
0.0328311920166016 -0.0297183990478516 -0.060516357421875 -0.3155517578125
0.0426750183105469 -0.0157585144042969 0.2996826171875 -0.382171630859375
0.0365333557128906 0.0233192443847656 0.67706298828125 -0.10736083984375
-0.00188255310058594 0.0184421539306641 0.56805419921875 0.5389404296875
-0.0258636474609375 -0.0347194671630859 -0.0732421875000001 0.86376953125
0.0110263824462891 -0.00334262847900391 -0.450469970703125 0.468719482421875
0.044769287109375 0.0121879577636719 0.083709716796875 0.0232467651367188
0.0147228240966797 -0.0197391510009766 0.455322265625 -0.58172607421875
-0.00745296478271485 -0.0119113922119141 -0.1561279296875 -0.87890625
0.00539970397949219 0.0134134292602539 -0.726318359375 -0.24951171875
0.0317802429199219 0.00319290161132813 -0.4884033203125 0.357513427734375
0.0326862335205078 -0.0187339782714844 -0.107879638671875 0.4786376953125
0.0135231018066406 -0.0354423522949219 0.189788818359375 0.2943115234375
0.0127639770507813 0.00859451293945313 0.266159057617188 0.051544189453125
0.00545406341552734 -0.00329303741455078 -0.23272705078125 -0.104721069335938
0.0297508239746094 -0.0354385375976562 -0.07342529296875 -0.325408935546875
0.0451698303222656 -0.0197372436523438 0.280426025390625 -0.3978271484375
0.0441513061523438 0.0223007202148438 0.67144775390625 -0.13409423828125
0.00255584716796875 0.02008056640625 0.5892333984375 0.50811767578125
-0.0257415771484375 -0.0404014587402344 -0.0366821289062499 0.8544921875
0.0203037261962891 -0.0160274505615234 -0.431427001953125 0.47601318359375
0.0616493225097656 0.0017242431640625 0.0836029052734375 0.02752685546875
0.0210304260253906 -0.0308780670166016 0.47515869140625 -0.577392578125
-0.00833415985107422 -0.0155401229858398 -0.12188720703125 -0.89239501953125
0.00849246978759766 0.0159425735473633 -0.71783447265625 -0.28057861328125
0.0392570495605469 0.00284576416015625 -0.50146484375 0.34027099609375
0.038238525390625 -0.0199050903320313 -0.123748779296875 0.47174072265625
0.0132522583007813 -0.0399818420410156 0.1763916015625 0.293426513671875
0.00963020324707031 0.00291633605957031 0.262985229492187 0.047332763671875
0.0255184173583984 0.0327224731445313 -0.245895385742187 -0.0746002197265625
0.0111837387084961 0.0129756927490234 -0.110076904296875 -0.306610107421875
-0.00335311889648437 0.0296134948730469 0.203155517578125 -0.438018798828125
-0.0125751495361328 0.0316867828369141 0.5970458984375 -0.25677490234375
-0.0237522125244141 -0.00817298889160156 0.65185546875 0.3662109375
-0.0146255493164062 -0.052642822265625 0.13421630859375 0.83624267578125
0.0296764373779297 0.00732803344726563 -0.3760986328125 0.57574462890625
0.0422935485839844 0.0411376953125 0.00270080566406251 0.0869598388671875
0.0439605712890625 -1.52587890625E-05 0.5460205078125 -0.46612548828125
0.0191078186035156 -0.0400276184082031 0.0648803710937499 -0.9232177734375
-0.0225772857666016 -0.0255451202392578 -0.6688232421875 -0.45587158203125
-0.0233650207519531 0.0224990844726562 -0.587890625 0.224365234375
-0.0121688842773437 0.0287742614746094 -0.20196533203125 0.423431396484375
-0.00329399108886719 0.0125150680541992 0.153411865234375 0.295806884765625
0.0276470184326172 0.0322360992431641 0.250656127929688 0.05517578125
0.0256996154785156 0.0320472717285156 -0.236251831054688 -0.0727386474609375
0.0132246017456055 0.0103845596313477 -0.09185791015625 -0.303436279296875
-9.53674316406242E-05 0.0220432281494141 0.23193359375 -0.423614501953125
-0.0120277404785156 0.0274639129638672 0.615966796875 -0.21795654296875
-0.0232944488525391 -0.00723457336425782 0.62939453125 0.41455078125
-0.0154266357421875 -0.0450325012207031 0.0816650390625 0.8526611328125
0.0189857482910156 0.0195369720458984 -0.402587890625 0.558563232421875
0.0282440185546875 0.0459709167480469 0.0114288330078125 0.0759658813476563
0.0322284698486328 0.00551033020019531 0.519500732421875 -0.490203857421875
0.0123748779296875 -0.0305137634277344 0.00402832031249999 -0.9117431640625
-0.0221900939941406 -0.0160865783691406 -0.6915283203125 -0.4012451171875
-0.0190811157226563 0.0235557556152344 -0.5673828125 0.25958251953125
-0.00661659240722656 0.0232124328613281 -0.17730712890625 0.4393310546875
0.00128078460693359 0.00942134857177734 0.16607666015625 0.299224853515625
0.0268650054931641 0.0319461822509766 0.253585815429688 0.05950927734375
0.0211811065673828 0.029266357421875 -0.2301025390625 -0.07305908203125
0.017791748046875 0.00466156005859375 -0.074981689453125 -0.2989501953125
0.00614547729492188 0.0140419006347656 0.258514404296875 -0.403228759765625
-0.00689888000488282 0.0251312255859375 0.6370849609375 -0.17401123046875
-0.0195941925048828 -0.00352287292480469 0.60260009765625 0.46417236328125
-0.0172119140625 -0.0380935668945313 0.0191040039062499 0.8607177734375
0.00820350646972656 0.0247383117675781 -0.4298095703125 0.532928466796875
0.0157394409179688 0.048492431640625 0.0281143188476563 0.0628128051757813
0.0206966400146484 0.00876998901367188 0.490936279296875 -0.516021728515625
0.00491142272949219 -0.0212612152099609 -0.0584716796875 -0.89569091796875
-0.0180320739746094 -0.00776863098144531 -0.70867919921875 -0.34234619140625
-0.0110263824462891 0.0195751190185547 -0.538848876953125 0.29779052734375
-0.000182151794433595 0.0150222778320313 -0.147552490234375 0.45233154296875
0.00571155548095703 0.000712394714355469 0.180694580078125 0.300384521484375
0.0230655670166016 0.0307693481445313 0.26123046875 0.0616455078125
0.0182991027832031 0.0226707458496094 -0.224349975585938 -0.0755767822265625
0.0226783752441406 -0.00205802917480469 -0.062896728515625 -0.2999267578125
0.0135536193847656 0.00463676452636719 0.28192138671875 -0.386444091796875
0.00195693969726562 0.0217247009277344 0.65325927734375 -0.13433837890625
-0.0161933898925781 0.00290966033935547 0.5762939453125 0.50592041015625
-0.0193824768066406 -0.0317554473876953 -0.0360107421875 0.86846923828125
0.00292778015136719 0.0248584747314453 -0.44964599609375 0.503753662109375
0.0143661499023438 0.04345703125 0.0470237731933594 0.0477447509765625
0.0142765045166016 0.00654029846191406 0.46527099609375 -0.54248046875
0.000213623046875001 -0.0143165588378906 -0.1143798828125 -0.880615234375
-0.0128564834594727 -0.00125980377197266 -0.71978759765625 -0.2904052734375
-0.000981330871582032 0.0158576965332031 -0.512908935546875 0.3311767578125
0.00967979431152344 0.00556850433349609 -0.119720458984375 0.467315673828125
0.00882339477539063 -0.00751686096191406 0.190185546875 0.2974853515625
0.0223445892333984 0.0273590087890625 0.265411376953125 0.0613861083984375
0.0123319625854492 0.0166072845458984 -0.221282958984375 -0.0822296142578124
0.0268001556396484 -0.0133399963378906 -0.055328369140625 -0.3031005859375
0.0246772766113281 -0.00348854064941406 0.29730224609375 -0.376953125
0.0140132904052734 0.0211238861083984 0.6640625 -0.10650634765625
-0.0115880966186523 0.00993156433105469 0.55889892578125 0.531890869140625
-0.0236129760742188 -0.0297393798828125 -0.07171630859375 0.8677978515625
-0.000936508178710939 0.0203971862792969 -0.458892822265625 0.482879638671875
0.0169601440429687 0.0367317199707031 0.0642585754394531 0.0345001220703125
0.00892353057861328 0.00124454498291016 0.451934814453125 -0.560516357421875
-0.00396156311035156 -0.0101661682128906 -0.1480712890625 -0.87152099609375
-0.00498867034912109 0.00530624389648437 -0.72442626953125 -0.25634765625
0.0116729736328125 0.0111913681030273 -0.491729736328125 0.351593017578125
0.0178852081298828 -0.0070037841796875 -0.10626220703125 0.4722900390625
0.0123996734619141 -0.018310546875 0.1986083984375 0.29656982421875
0.0189037322998047 0.0217094421386719 0.268798828125 0.05792236328125
0.012394905090332 0.0105428695678711 -0.222274780273438 -0.0887298583984375
0.0312671661376953 -0.0212211608886719 -0.054962158203125 -0.30615234375
0.0355873107910156 -0.0107841491699219 0.302398681640625 -0.374542236328125
0.0245246887207031 0.0206222534179688 0.6680908203125 -0.0960693359375
-0.00567913055419922 0.0135593414306641 0.556182861328125 0.544830322265625
-0.0245151519775391 -0.0322170257568359 -0.087646484375 0.86285400390625
0.00347518920898437 0.00902366638183594 -0.458526611328125 0.4697265625
0.0289192199707031 0.0253276824951172 0.0756759643554688 0.0272293090820312
0.0104913711547852 -0.00767993927001953 0.44549560546875 -0.57421875
-0.00640392303466797 -0.00961494445800781 -0.161376953125 -0.86541748046875
0.000188827514648437 0.0102329254150391 -0.7255859375 -0.24151611328125
0.0222606658935547 0.00537872314453125 -0.48223876953125 0.3612060546875
0.0254993438720703 -0.0135421752929688 -0.10064697265625 0.475311279296875
0.0125694274902344 -0.0281867980957031 0.19708251953125 0.2943115234375
0.0155820846557617 0.0166196823120117 0.26824951171875 0.0560455322265625
0.00799274444580078 0.00397062301635742 -0.225799560546875 -0.0958251953125
0.0320491790771484 -0.0288372039794922 -0.061676025390625 -0.314788818359375
0.0431671142578125 -0.0152397155761719 0.29644775390625 -0.382965087890625
0.0363616943359375 0.0219345092773438 0.67254638671875 -0.10809326171875
-0.00196647644042969 0.0182037353515625 0.5625 0.53399658203125
-0.0258808135986328 -0.0339031219482422 -0.0736694335937501 0.857421875
0.0105504989624023 -0.00362682342529297 -0.449188232421875 0.464630126953125
0.044158935546875 0.012664794921875 0.0828475952148438 0.0232925415039063
0.0137920379638672 -0.0187644958496094 0.4537353515625 -0.58074951171875
-0.00797653198242188 -0.0109663009643555 -0.155029296875 -0.8731689453125
0.00600051879882813 0.0136022567749023 -0.72320556640625 -0.245849609375
0.0321521759033203 0.00258445739746094 -0.48541259765625 0.357025146484375
0.0320529937744141 -0.0193138122558594 -0.105712890625 0.477020263671875
0.0128135681152344 -0.035491943359375 0.189910888671875 0.292388916015625
0.0134525299072266 0.00849246978759766 0.266708374023438 0.05035400390625
0.00588846206665039 -0.00232934951782227 -0.231369018554688 -0.102783203125
0.0308742523193359 -0.0350227355957031 -0.073272705078125 -0.32342529296875
0.0451316833496094 -0.0204658508300781 0.27801513671875 -0.397552490234375
0.0442047119140625 0.0223236083984375 0.66705322265625 -0.13555908203125
0.00284957885742188 0.0194797515869141 0.5850830078125 0.50677490234375
-0.0258064270019531 -0.0397529602050781 -0.0375976562499999 0.84954833984375
0.0191631317138672 -0.0145359039306641 -0.427825927734375 0.473052978515625
0.0613784790039062 0.000637054443359375 0.0831756591796875 0.0268173217773437
0.0208263397216797 -0.0301761627197266 0.4736328125 -0.57330322265625
-0.00691795349121094 -0.0156421661376953 -0.12274169921875 -0.885986328125
0.00810432434082031 0.0138320922851563 -0.7147216796875 -0.27801513671875
0.0393867492675781 0.00234603881835938 -0.4996337890625 0.3399658203125
0.0376853942871094 -0.0212287902832031 -0.12347412109375 0.47003173828125
0.013427734375 -0.0398712158203125 0.177093505859375 0.291595458984375
0.0106191635131836 0.00319957733154297 0.261856079101563 0.0456695556640625
0.0274982452392578 0.0315475463867188 -0.245269775390625 -0.075653076171875
0.0104074478149414 0.0125818252563477 -0.110992431640625 -0.305450439453125
-0.00459098815917969 0.0300502777099609 0.202423095703125 -0.437774658203125
-0.0136909484863281 0.0313873291015625 0.59466552734375 -0.2584228515625
-0.0245265960693359 -0.00731658935546875 0.6455078125 0.36492919921875
-0.0154685974121094 -0.0525283813476563 0.13214111328125 0.833740234375
0.0297279357910156 0.00803375244140625 -0.37628173828125 0.5718994140625
0.0429267883300781 0.040313720703125 0.00293731689453126 0.0856781005859375
0.0435523986816406 -0.000713348388671875 0.5439453125 -0.46240234375
0.0192337036132813 -0.0399894714355469 0.06719970703125 -0.91888427734375
-0.0226764678955078 -0.0256576538085938 -0.666259765625 -0.45501708984375
-0.0247936248779297 0.0222854614257813 -0.585693359375 0.22186279296875
-0.0110034942626953 0.0289211273193359 -0.201080322265625 0.42132568359375
-0.00390911102294922 0.0125503540039063 0.153900146484375 0.293670654296875
0.0280838012695313 0.0312175750732422 0.250289916992188 0.0542755126953125
0.0253391265869141 0.0313644409179688 -0.236785888671875 -0.0719757080078125
0.0135574340820313 0.0110740661621094 -0.094146728515625 -0.301055908203125
-0.00174903869628906 0.0235824584960938 0.2294921875 -0.423065185546875
-0.0119972229003906 0.0272369384765625 0.61383056640625 -0.2193603515625
-0.0232467651367188 -0.00677680969238281 0.625244140625 0.4127197265625
-0.0164108276367187 -0.04443359375 0.0784912109374999 0.85028076171875
0.0197582244873047 0.0174655914306641 -0.40362548828125 0.554229736328125
0.0273513793945312 0.0468025207519531 0.0125503540039063 0.0763320922851563
0.0306587219238281 0.00745010375976563 0.516448974609375 -0.4879150390625
0.0131988525390625 -0.0286273956298828 0.00408935546875 -0.90924072265625
-0.0220203399658203 -0.0161514282226563 -0.68914794921875 -0.40191650390625
-0.0199546813964844 0.0217857360839844 -0.56610107421875 0.25927734375
-0.00761222839355469 0.0237770080566406 -0.175537109375 0.43896484375
0.000596046447753906 0.00960636138916016 0.16680908203125 0.299224853515625
0.0280055999755859 0.0300464630126953 0.254241943359375 0.059539794921875
0.022369384765625 0.0276679992675781 -0.229583740234375 -0.072723388671875
0.0174894332885742 0.00579452514648437 -0.076263427734375 -0.298095703125
0.00384235382080078 0.0141658782958984 0.256103515625 -0.40325927734375
-0.00664329528808594 0.0232067108154297 0.634521484375 -0.17388916015625
-0.0196914672851563 -0.00386619567871094 0.59765625 0.459228515625
-0.0175437927246094 -0.0370292663574219 0.0172119140625 0.8572998046875
0.00895881652832031 0.0250434875488281 -0.428070068359375 0.530120849609375
0.0167045593261719 0.0466499328613281 0.0289955139160156 0.0632247924804687
0.0200176239013672 0.00857734680175781 0.4893798828125 -0.512115478515625
0.00483131408691406 -0.020721435546875 -0.05706787109375 -0.8927001953125
-0.0182342529296875 -0.00877952575683594 -0.70263671875 -0.3424072265625
-0.0122489929199219 0.0186424255371094 -0.535736083984375 0.299346923828125
0.00119590759277344 0.0145483016967773 -0.147430419921875 0.449188232421875
0.00486230850219727 0.00214242935180664 0.182769775390625 0.298492431640625
0.0249881744384766 0.0279979705810547 0.260101318359375 0.061004638671875
0.0188827514648438 0.0244884490966797 -0.22393798828125 -0.0753326416015625
0.0223979949951172 -0.00312423706054688 -0.062957763671875 -0.297454833984375
0.0135307312011719 0.00400543212890625 0.2816162109375 -0.38763427734375
0.00229072570800781 0.0204982757568359 0.64959716796875 -0.1339111328125
-0.0168876647949219 0.00138378143310547 0.57427978515625 0.50201416015625
-0.0200176239013672 -0.0320415496826172 -0.0367431640624999 0.86456298828125
0.00148773193359375 0.0258808135986328 -0.4481201171875 0.500152587890625
0.0149688720703125 0.0443992614746094 0.0467567443847656 0.0485420227050781
0.0152368545532227 0.00584316253662109 0.4649658203125 -0.538299560546875
0.00149726867675781 -0.0137042999267578 -0.11224365234375 -0.87786865234375
-0.013707160949707 -0.00146293640136718 -0.7149658203125 -0.29034423828125
0.000123977661132814 0.0143032073974609 -0.51019287109375 0.330841064453125
0.00874423980712891 0.0066828727722168 -0.122100830078125 0.463836669921875
0.00864362716674805 -0.00805950164794922 0.192230224609375 0.296142578125
0.0229358673095703 0.0267505645751953 0.264373779296875 0.0603485107421875
0.0143775939941406 0.0179443359375 -0.221694946289062 -0.080596923828125
0.0280933380126953 -0.0131111145019531 -0.056243896484375 -0.299591064453125
0.0251274108886719 -0.00408363342285156 0.29443359375 -0.37567138671875
0.0148410797119141 0.0208034515380859 0.66070556640625 -0.1075439453125
-0.0120420455932617 0.0079498291015625 0.554107666015625 0.530792236328125
-0.0240688323974609 -0.0299911499023438 -0.07598876953125 0.86083984375
7.62939453124989E-06 0.0206031799316406 -0.458526611328125 0.479644775390625
0.0186805725097656 0.0358657836914063 0.0630989074707031 0.0352096557617187
0.0110683441162109 0.0029754638671875 0.449615478515625 -0.558258056640625
-0.00302791595458984 -0.00931930541992188 -0.1455078125 -0.8665771484375
-0.00438213348388672 0.00612592697143555 -0.71990966796875 -0.255615234375
0.0112676620483398 0.00913238525390625 -0.491485595703125 0.349853515625
0.0178756713867188 -0.00617599487304688 -0.105255126953125 0.470794677734375
0.0119638442993164 -0.017399787902832 0.19866943359375 0.295013427734375
0.0187721252441406 0.0207653045654297 0.268325805664063 0.0590057373046875
0.0121536254882812 0.0100069046020508 -0.2227783203125 -0.087493896484375
0.0312614440917969 -0.0214729309082031 -0.0574951171875 -0.304595947265625
0.0345935821533203 -0.0109920501708984 0.300628662109375 -0.375030517578125
0.0258102416992188 0.0203266143798828 0.6673583984375 -0.0987548828125
-0.00640583038330078 0.0133180618286133 0.549835205078125 0.54046630859375
-0.0254096984863281 -0.0311164855957031 -0.08843994140625 0.85943603515625
0.00372505187988281 0.00988674163818359 -0.45721435546875 0.466217041015625
0.0299320220947266 0.0247020721435547 0.0751724243164063 0.0269546508789063
0.0122432708740234 -0.00752067565917969 0.44482421875 -0.570556640625
-0.00629997253417969 -0.00770664215087891 -0.1612548828125 -0.86322021484375
0.000762939453124999 0.0110902786254883 -0.72100830078125 -0.2388916015625
0.0233554840087891 0.00375175476074219 -0.48175048828125 0.359771728515625
0.0247364044189453 -0.0142307281494141 -0.09771728515625 0.474090576171875
0.0122947692871094 -0.0265541076660156 0.198455810546875 0.294189453125
0.0171442031860352 0.0153617858886719 0.269180297851563 0.0553741455078125
0.00955772399902344 0.00262355804443359 -0.226181030273438 -0.096160888671875
0.0321884155273438 -0.0299148559570313 -0.062347412109375 -0.3134765625
0.0426216125488281 -0.0158004760742188 0.295074462890625 -0.38177490234375
0.0357475280761719 0.0215797424316406 0.670654296875 -0.10626220703125
-0.00204944610595703 0.016627311706543 0.560302734375 0.531707763671875
-0.0265731811523437 -0.0332603454589844 -0.07635498046875 0.8519287109375
0.0115442276000977 -0.00193595886230469 -0.44775390625 0.4630126953125
0.045135498046875 0.0126609802246094 0.0826416015625 0.02349853515625
0.0139389038085938 -0.0189857482910156 0.45355224609375 -0.57708740234375
-0.00810432434082031 -0.0107564926147461 -0.15423583984375 -0.87091064453125
0.00502490997314453 0.0120735168457031 -0.72003173828125 -0.246826171875
0.0318889617919922 0.00203514099121094 -0.483367919921875 0.356658935546875
0.0325031280517578 -0.0194015502929688 -0.103851318359375 0.474639892578125
0.0131454467773437 -0.0337638854980469 0.190643310546875 0.290557861328125
0.0144643783569336 0.00891590118408203 0.265884399414063 0.0493316650390625
0.00652313232421875 -0.00241565704345703 -0.2318115234375 -0.102432250976562
0.0300331115722656 -0.0339202880859375 -0.074188232421875 -0.32281494140625
0.0450553894042969 -0.0191116333007813 0.278411865234375 -0.395782470703125
0.0437278747558594 0.0224494934082031 0.664306640625 -0.134521484375
0.00206565856933594 0.0182762145996094 0.5830078125 0.50408935546875
-0.0249786376953125 -0.0388450622558594 -0.0388183593750001 0.84552001953125
0.019134521484375 -0.0151786804199219 -0.42877197265625 0.469451904296875
0.0609169006347656 0.0014495849609375 0.083740234375 0.0270462036132813
0.0214996337890625 -0.0311603546142578 0.47369384765625 -0.57080078125
-0.00764942169189453 -0.0142402648925781 -0.12274169921875 -0.8843994140625
0.0086965560913086 0.015620231628418 -0.7122802734375 -0.278564453125
0.0395393371582031 0.00284576416015625 -0.49786376953125 0.339630126953125
0.0363731384277344 -0.0202560424804688 -0.121429443359375 0.46893310546875
0.0129203796386719 -0.0392417907714844 0.180267333984375 0.2880859375
0.0115575790405273 0.00160121917724609 0.260269165039063 0.0458221435546875
0.0263786315917969 0.0325469970703125 -0.245330810546875 -0.0744476318359375
0.0104742050170898 0.0125589370727539 -0.11309814453125 -0.304901123046875
-0.00363540649414063 0.0283946990966797 0.2020263671875 -0.437255859375
-0.0136165618896484 0.0315666198730469 0.59375 -0.2579345703125
-0.0256500244140625 -0.00860977172851563 0.64459228515625 0.3629150390625
-0.0145645141601563 -0.05145263671875 0.132568359375 0.83209228515625
0.0298290252685547 0.00880050659179688 -0.37603759765625 0.569580078125
0.0407447814941406 0.0406761169433594 0.00258636474609375 0.085662841796875
0.0445671081542969 0.000675201416015625 0.54461669921875 -0.461517333984375
0.0177383422851562 -0.0384254455566406 0.0670776367187499 -0.91900634765625
-0.0226211547851562 -0.0243568420410156 -0.6629638671875 -0.45391845703125
-0.0240631103515625 0.0212078094482422 -0.58551025390625 0.22198486328125
-0.0121212005615234 0.0292835235595703 -0.201202392578125 0.42041015625
-0.00353240966796875 0.0117816925048828 0.15496826171875 0.2935791015625
0.0280189514160156 0.0291099548339844 0.2509765625 0.0544586181640625
0.0261116027832031 0.0309944152832031 -0.235809326171875 -0.07061767578125
0.013789176940918 0.0109930038452148 -0.0927734375 -0.300384521484375
-0.00114250183105469 0.0214195251464844 0.230010986328125 -0.423309326171875
-0.0125865936279297 0.0259799957275391 0.6114501953125 -0.21966552734375
-0.0250911712646484 -0.00780487060546875 0.62237548828125 0.41131591796875
-0.0161247253417969 -0.0428352355957031 0.0764160156249999 0.8477783203125
0.0212268829345703 0.0179405212402344 -0.40240478515625 0.553009033203125
0.0274009704589844 0.0459518432617188 0.00981903076171876 0.0747833251953125
0.0314483642578125 0.00669097900390625 0.517730712890625 -0.484771728515625
0.0129032135009766 -0.0295047760009766 0.00744628906250001 -0.906494140625
-0.022308349609375 -0.0162200927734375 -0.68719482421875 -0.40020751953125
-0.0200862884521484 0.0201988220214844 -0.56585693359375 0.260986328125
-0.00537681579589844 0.0226211547851563 -0.175628662109375 0.43707275390625
0.00107479095458984 0.00955963134765625 0.168548583984375 0.29595947265625
0.028411865234375 0.0305900573730469 0.2545166015625 0.0587005615234375
0.0225944519042969 0.0269374847412109 -0.22906494140625 -0.072113037109375
0.0181236267089844 0.00382423400878906 -0.07647705078125 -0.2979736328125
0.00440311431884766 0.0132055282592773 0.256683349609375 -0.40313720703125
-0.00705337524414063 0.0221805572509766 0.63128662109375 -0.175537109375
-0.0207691192626953 -0.00417900085449219 0.5970458984375 0.4583740234375
-0.0173873901367187 -0.03704833984375 0.0146484374999999 0.85565185546875
0.00816917419433594 0.023529052734375 -0.43194580078125 0.525604248046875
0.0157699584960938 0.0477142333984375 0.0274696350097656 0.0634727478027344
0.0210094451904297 0.010284423828125 0.4888916015625 -0.509521484375
0.00434303283691406 -0.0209102630615234 -0.05792236328125 -0.89154052734375
-0.0179786682128906 -0.0083160400390625 -0.70355224609375 -0.3433837890625
-0.0108413696289062 0.0179119110107422 -0.536468505859375 0.29736328125
0.000301361083984375 0.0143804550170898 -0.1458740234375 0.45172119140625
0.00505447387695313 0.00302791595458984 0.183074951171875 0.298095703125
0.0249519348144531 0.0282440185546875 0.260757446289063 0.061981201171875
0.020263671875 0.02288818359375 -0.223495483398438 -0.075347900390625
0.0213775634765625 -0.00277328491210938 -0.0633544921875 -0.299102783203125
0.0138921737670898 0.00380992889404297 0.28021240234375 -0.3878173828125
0.000978469848632812 0.0199184417724609 0.6483154296875 -0.13336181640625
-0.0171127319335938 0.00300979614257813 0.57080078125 0.50042724609375
-0.0196208953857422 -0.0310401916503906 -0.0378417968749999 0.8626708984375
0.0016632080078125 0.0269622802734375 -0.4498291015625 0.49981689453125
0.0138435363769531 0.0430259704589844 0.0470619201660156 0.0478057861328125
0.015233039855957 0.00857639312744141 0.4659423828125 -0.53692626953125
6.19888305664076E-05 -0.0141496658325195 -0.1112060546875 -0.87432861328125
-0.0127544403076172 -0.00132560729980468 -0.71356201171875 -0.28936767578125
-0.00118827819824219 0.0137462615966797 -0.51092529296875 0.32928466796875
0.00998973846435547 0.00530529022216797 -0.120452880859375 0.461578369140625
0.00766515731811523 -0.00644207000732422 0.19403076171875 0.297393798828125
0.0240116119384766 0.0251064300537109 0.264144897460938 0.0604705810546875
0.0147895812988281 0.0162448883056641 -0.223922729492188 -0.08056640625
0.0269222259521484 -0.0123977661132813 -0.058319091796875 -0.29876708984375
0.02490234375 -0.0052490234375 0.293304443359375 -0.376556396484375
0.0126495361328125 0.0202541351318359 0.65777587890625 -0.10791015625
-0.011962890625 0.00797080993652344 0.5523681640625 0.529327392578125
-0.0241146087646484 -0.0283527374267578 -0.0775146484375001 0.86138916015625
-0.000986099243164063 0.0200462341308594 -0.459869384765625 0.4781494140625
0.0182456970214844 0.0357513427734375 0.0643043518066406 0.0357322692871094
0.00989341735839844 0.00353336334228516 0.45220947265625 -0.55755615234375
-0.00415515899658203 -0.0090484619140625 -0.1422119140625 -0.86419677734375
-0.00699377059936523 0.00525474548339844 -0.7196044921875 -0.254150390625
0.0124235153198242 0.00870704650878906 -0.490203857421875 0.35028076171875
0.0175342559814453 -0.00660610198974609 -0.105377197265625 0.470550537109375
0.0120697021484375 -0.0181617736816406 0.19989013671875 0.293701171875
0.0193405151367187 0.0205955505371094 0.268402099609375 0.0584869384765625
0.0113906860351563 0.00957775115966797 -0.224197387695313 -0.086669921875
0.0310916900634766 -0.0215663909912109 -0.056121826171875 -0.304962158203125
0.0345859527587891 -0.0116977691650391 0.297637939453125 -0.373779296875
0.0254459381103516 0.0218963623046875 0.66485595703125 -0.09844970703125
-0.00785636901855469 0.0125093460083008 0.547515869140625 0.540435791015625
-0.0241584777832031 -0.0291538238525391 -0.09173583984375 0.85369873046875
0.00432538986206055 0.00874948501586914 -0.4588623046875 0.4647216796875
0.0302505493164063 0.024871826171875 0.0759048461914063 0.0279388427734375
0.0114479064941406 -0.00755977630615234 0.446533203125 -0.5699462890625
-0.00631332397460937 -0.00900650024414063 -0.15850830078125 -0.86236572265625
-2.9563903808594E-05 0.0105133056640625 -0.72125244140625 -0.2384033203125
0.02252197265625 0.00517845153808594 -0.481781005859375 0.359283447265625
0.0254669189453125 -0.0142192840576172 -0.095916748046875 0.474334716796875
0.0110530853271484 -0.026123046875 0.20001220703125 0.290435791015625
0.0171432495117188 0.0136899948120117 0.2686767578125 0.053497314453125
0.00889396667480469 0.0026702880859375 -0.226715087890625 -0.09515380859375
0.0318069458007813 -0.0287666320800781 -0.062896728515625 -0.313079833984375
0.0423393249511719 -0.0152778625488281 0.293701171875 -0.382537841796875
0.0361824035644531 0.0209312438964844 0.6671142578125 -0.10858154296875
-0.003570556640625 0.0166587829589844 0.557281494140625 0.530853271484375
-0.0256843566894531 -0.0328617095947266 -0.07745361328125 0.85028076171875
0.0114097595214844 -0.001617431640625 -0.448150634765625 0.460174560546875
0.0455474853515625 0.0127906799316406 0.0829391479492188 0.0237960815429687
0.0144786834716797 -0.0185871124267578 0.453125 -0.573486328125
-0.0075225830078125 -0.010380744934082 -0.1519775390625 -0.86944580078125
0.00588798522949219 0.0121316909790039 -0.7183837890625 -0.246337890625
0.0306110382080078 0.00110626220703125 -0.482269287109375 0.357574462890625
0.0320854187011719 -0.018829345703125 -0.102264404296875 0.47479248046875
0.0123882293701172 -0.0338077545166016 0.1922607421875 0.28997802734375
0.0148372650146484 0.00783824920654297 0.2666015625 0.049713134765625
0.00642251968383789 -0.00225830078125 -0.2327880859375 -0.102325439453125
0.0312767028808594 -0.0351791381835938 -0.074859619140625 -0.324188232421875
0.0453643798828125 -0.0193748474121094 0.275634765625 -0.395111083984375
0.04364013671875 0.022003173828125 0.66180419921875 -0.13726806640625
0.000611305236816405 0.0174446105957031 0.57958984375 0.4989013671875
-0.0245895385742188 -0.0379219055175781 -0.0388183593749999 0.84228515625
0.0197372436523438 -0.0149402618408203 -0.43060302734375 0.466156005859375
0.0614852905273438 0.0017242431640625 0.0815582275390625 0.0256195068359375
0.0223522186279297 -0.0311775207519531 0.47161865234375 -0.56585693359375
-0.00800609588623047 -0.0137834548950195 -0.11865234375 -0.88348388671875
0.00831127166748047 0.0124111175537109 -0.70880126953125 -0.2757568359375
0.0393638610839844 0.003997802734375 -0.49578857421875 0.339630126953125
0.0372886657714844 -0.0192146301269531 -0.12066650390625 0.467926025390625
0.012298583984375 -0.0385360717773438 0.180511474609375 0.28851318359375
0.0140352249145508 0.00064849853515625 0.26318359375 0.04437255859375
0.0298099517822266 0.0318889617919922 -0.245315551757813 -0.0729522705078125
0.0109405517578125 0.0139856338500977 -0.1134033203125 -0.3056640625
-0.00320816040039062 0.0292339324951172 0.19927978515625 -0.438201904296875
-0.0131950378417969 0.0317726135253906 0.591064453125 -0.2601318359375
-0.0262889862060547 -0.00924873352050781 0.642333984375 0.3621826171875
-0.0160026550292969 -0.0525016784667969 0.1292724609375 0.831787109375
0.0304584503173828 0.00718116760253906 -0.37744140625 0.5673828125
0.0427131652832031 0.0409164428710938 0.00222015380859375 0.0855789184570312
0.0439262390136719 0.000675201416015625 0.5460205078125 -0.459136962890625
0.0191574096679688 -0.0386543273925781 0.0696411132812499 -0.917236328125
-0.0242595672607422 -0.0257816314697266 -0.6640625 -0.4539794921875
-0.024871826171875 0.0202465057373047 -0.585205078125 0.22125244140625
-0.0117893218994141 0.0287857055664063 -0.198760986328125 0.42230224609375
-0.00420570373535156 0.0130996704101563 0.155792236328125 0.294219970703125
0.0288639068603516 0.030426025390625 0.251190185546875 0.0533294677734375
0.0272579193115234 0.0315189361572266 -0.237777709960938 -0.0721588134765625
0.0129947662353516 0.0108709335327148 -0.09326171875 -0.301177978515625
-0.00187873840332031 0.0217170715332031 0.227264404296875 -0.423431396484375
-0.0125541687011719 0.0258960723876953 0.61175537109375 -0.22015380859375
-0.0244827270507812 -0.00738143920898438 0.621826171875 0.41070556640625
-0.0166358947753906 -0.0434188842773438 0.0742797851562501 0.84808349609375
0.0194606781005859 0.0199909210205078 -0.405181884765625 0.55084228515625
0.0268363952636719 0.0466690063476563 0.0113067626953125 0.075164794921875
0.03167724609375 0.00743675231933594 0.516082763671875 -0.48272705078125
0.0127410888671875 -0.0290126800537109 0.00689697265624999 -0.90625
-0.0218658447265625 -0.0179157257080078 -0.68621826171875 -0.39935302734375
-0.0197887420654297 0.0212268829345703 -0.56494140625 0.2584228515625
-0.00631904602050781 0.0232315063476563 -0.174774169921875 0.437591552734375
-0.000141143798828125 0.00996208190917969 0.1697998046875 0.297332763671875
0.0289688110351563 0.0304794311523438 0.25537109375 0.0593719482421875
0.0233440399169922 0.0283584594726562 -0.2310791015625 -0.0710296630859375
0.0175437927246094 0.00323390960693359 -0.078125 -0.29791259765625
0.00476932525634766 0.0131969451904297 0.254638671875 -0.404296875
-0.00765800476074219 0.0228767395019531 0.63043212890625 -0.1734619140625
-0.0220699310302734 -0.00560569763183594 0.59539794921875 0.457763671875
-0.0183982849121094 -0.0358543395996094 0.01177978515625 0.85516357421875
0.00901603698730469 0.0241317749023437 -0.430755615234375 0.52490234375
0.0167198181152344 0.0465660095214844 0.0258712768554688 0.0624313354492188
0.0209541320800781 0.0100116729736328 0.48760986328125 -0.5096435546875
0.0042724609375 -0.0191078186035156 -0.0537109374999999 -0.8896484375
-0.0184726715087891 -0.00950431823730469 -0.70257568359375 -0.3404541015625
-0.0112724304199219 0.0171480178833008 -0.536712646484375 0.298004150390625
0.00143623352050781 0.0154857635498047 -0.145111083984375 0.450927734375
0.0049433708190918 0.00271177291870117 0.18426513671875 0.29803466796875
0.0262508392333984 0.0295009613037109 0.262054443359375 0.0611419677734375
0.0202388763427734 0.0227127075195312 -0.224822998046875 -0.0754852294921875
0.0230121612548828 -0.00297737121582031 -0.064117431640625 -0.29815673828125
0.014195442199707 0.00443935394287109 0.279083251953125 -0.38848876953125
0.00155258178710938 0.0190792083740234 0.6466064453125 -0.13446044921875
-0.0167884826660156 0.000690460205078122 0.570068359375 0.50177001953125
-0.0206222534179688 -0.0301170349121094 -0.04193115234375 0.86199951171875
0.00268745422363281 0.0254497528076172 -0.45013427734375 0.497528076171875
0.0151481628417969 0.0448646545410156 0.0455284118652344 0.047454833984375
0.0152730941772461 0.00783729553222656 0.465576171875 -0.53668212890625
9.63211059570297E-05 -0.0136003494262695 -0.1087646484375 -0.87567138671875
-0.0131826400756836 -0.0015096664428711 -0.714111328125 -0.28900146484375
-0.00129413604736328 0.0138330459594727 -0.510955810546875 0.3311767578125
0.00991535186767578 0.00469493865966797 -0.1197509765625 0.4639892578125
0.00883865356445312 -0.00445556640625 0.194305419921875 0.295684814453125
0.0236282348632813 0.0254707336425781 0.26556396484375 0.0601959228515625
0.0168600082397461 0.0168704986572266 -0.222900390625 -0.080047607421875
0.0294017791748047 -0.0123138427734375 -0.056549072265625 -0.29925537109375
0.0247955322265625 -0.00392913818359375 0.293212890625 -0.377777099609375
0.0131893157958984 0.0190544128417969 0.658203125 -0.10931396484375
-0.0109710693359375 0.00785541534423828 0.5509033203125 0.5281982421875
-0.0237960815429688 -0.0283832550048828 -0.0785522460937501 0.86029052734375
-0.000877380371093749 0.0197105407714844 -0.459625244140625 0.47552490234375
0.017730712890625 0.0358390808105469 0.061676025390625 0.0363731384277344
0.0112075805664063 0.00208473205566406 0.45123291015625 -0.55389404296875
-0.0030364990234375 -0.00890350341796875 -0.14288330078125 -0.86590576171875
-0.00635862350463867 0.00672435760498047 -0.71942138671875 -0.25408935546875
0.0115480422973633 0.00797557830810547 -0.490936279296875 0.350921630859375
0.0176277160644531 -0.00564193725585938 -0.10284423828125 0.4700927734375
0.0119638442993164 -0.0164060592651367 0.20172119140625 0.293243408203125
0.019927978515625 0.0194377899169922 0.269561767578125 0.0582275390625
0.0133056640625 0.0102348327636719 -0.223129272460938 -0.0877685546875
0.0325126647949219 -0.0217113494873047 -0.056915283203125 -0.304901123046875
0.0345821380615234 -0.0113315582275391 0.297454833984375 -0.376007080078125
0.0251255035400391 0.0203113555908203 0.6640625 -0.0985107421875
-0.00858497619628906 0.0121822357177734 0.545257568359375 0.5386962890625
-0.0263271331787109 -0.0285453796386719 -0.09375 0.85369873046875
0.00454521179199219 0.0103797912597656 -0.459716796875 0.463134765625
0.0303115844726562 0.025634765625 0.0758209228515625 0.0276412963867188
0.0112161636352539 -0.00808620452880859 0.44677734375 -0.567626953125
-0.00738334655761719 -0.00889205932617188 -0.15655517578125 -0.86236572265625
-0.000851631164550781 0.00943374633789063 -0.71990966796875 -0.23809814453125
0.0220108032226563 0.00323677062988281 -0.480255126953125 0.358917236328125
0.0245628356933594 -0.0138168334960938 -0.09466552734375 0.47491455078125
0.0121326446533203 -0.0254993438720703 0.20013427734375 0.29266357421875
0.0171689987182617 0.0145225524902344 0.269775390625 0.0538177490234375
0.0094442367553711 0.00314998626708984 -0.226791381835937 -0.0960235595703125
0.0326461791992187 -0.0289897918701172 -0.06390380859375 -0.313690185546875
0.0427665710449219 -0.0150337219238281 0.291656494140625 -0.383544921875
0.0352439880371094 0.0214996337890625 0.66705322265625 -0.110595703125
-0.0025634765625 0.0176792144775391 0.555938720703125 0.527130126953125
-0.0261287689208984 -0.0319976806640625 -0.0805664062500001 0.849609375
0.0104923248291016 -0.00191307067871094 -0.44964599609375 0.45941162109375
0.0443191528320313 0.0123291015625 0.0823211669921875 0.023529052734375
0.0145092010498047 -0.0183639526367188 0.45379638671875 -0.5718994140625
-0.00797843933105469 -0.00885105133056641 -0.15045166015625 -0.86932373046875
0.00457668304443359 0.0118474960327148 -0.717529296875 -0.24737548828125
0.032073974609375 0.0006256103515625 -0.4833984375 0.357269287109375
0.0318012237548828 -0.018951416015625 -0.1024169921875 0.4752197265625
0.0132980346679688 -0.0341739654541016 0.194244384765625 0.2899169921875
0.0153818130493164 0.00758838653564453 0.26763916015625 0.049957275390625
0.00806856155395508 -0.0025787353515625 -0.232315063476563 -0.103927612304687
0.0310020446777344 -0.0340385437011719 -0.075836181640625 -0.3223876953125
0.0459518432617188 -0.0178985595703125 0.273193359375 -0.399017333984375
0.0428848266601563 0.0211410522460938 0.66162109375 -0.1373291015625
0.00128555297851563 0.0185451507568359 0.57568359375 0.5001220703125
-0.0255050659179687 -0.0373458862304688 -0.042724609375 0.84051513671875
0.0195236206054688 -0.0151729583740234 -0.431396484375 0.465179443359375
0.0623626708984375 0.00150299072265625 0.081787109375 0.0251998901367188
0.0207481384277344 -0.0292129516601563 0.4736328125 -0.56494140625
-0.00726985931396484 -0.0139856338500977 -0.11737060546875 -0.8853759765625
0.00794124603271485 0.0139923095703125 -0.7098388671875 -0.27764892578125
0.0379714965820312 0.00123214721679688 -0.49664306640625 0.3409423828125
0.0374641418457031 -0.018798828125 -0.119140625 0.4686279296875
0.0131149291992187 -0.0383148193359375 0.1826171875 0.287567138671875
0.013218879699707 0.000840187072753906 0.263580322265625 0.0447845458984375
0.0292377471923828 0.0305728912353516 -0.247817993164063 -0.0742797851562499
0.0111074447631836 0.0132284164428711 -0.113311767578125 -0.30584716796875
-0.00366973876953125 0.0300350189208984 0.19903564453125 -0.439666748046875
-0.0129585266113281 0.0309314727783203 0.5916748046875 -0.26031494140625
-0.0271472930908203 -0.00942230224609375 0.64154052734375 0.36309814453125
-0.0152969360351562 -0.0504951477050781 0.1268310546875 0.83056640625
0.0300617218017578 0.00786972045898438 -0.3792724609375 0.567626953125
0.0441818237304688 0.0397758483886719 0.000839233398437502 0.0856552124023438
0.0434417724609375 0.0009613037109375 0.54736328125 -0.457916259765625
0.0186996459960938 -0.0379295349121094 0.0708618164062501 -0.91973876953125
-0.0234699249267578 -0.0261554718017578 -0.6644287109375 -0.45513916015625
-0.0242233276367188 0.0211448669433594 -0.58697509765625 0.2227783203125
-0.0123310089111328 0.0286407470703125 -0.1982421875 0.423431396484375
-0.00500392913818359 0.0139856338500977 0.15777587890625 0.2930908203125
0.0301761627197266 0.0292472839355469 0.251693725585938 0.054351806640625
0.0280323028564453 0.0295829772949219 -0.237152099609375 -0.0702362060546875
0.0145168304443359 0.0110206604003906 -0.0950927734375 -0.301300048828125
0.00014495849609375 0.0232219696044922 0.228302001953125 -0.42535400390625
-0.0116710662841797 0.0263957977294922 0.6112060546875 -0.2230224609375
-0.0258369445800781 -0.008209228515625 0.6229248046875 0.408935546875
-0.0163192749023438 -0.0420112609863281 0.0721435546874999 0.8486328125
0.0187854766845703 0.0191001892089844 -0.406219482421875 0.5509033203125
0.0274543762207031 0.046234130859375 0.0114669799804687 0.0764617919921875
0.030548095703125 0.00643157958984375 0.518829345703125 -0.48394775390625
0.0115432739257813 -0.0284881591796875 0.00805664062500003 -0.9066162109375
-0.0229549407958984 -0.0180416107177734 -0.6866455078125 -0.4017333984375
-0.0197200775146484 0.0199451446533203 -0.5660400390625 0.26080322265625
-0.00620079040527344 0.0235595703125 -0.174346923828125 0.440277099609375
-0.00076770782470703 0.0108547210693359 0.1715087890625 0.2969970703125
0.0294551849365234 0.029693603515625 0.255950927734375 0.0604095458984375
0.0242881774902344 0.0263500213623047 -0.23193359375 -0.0720977783203125
0.0177936553955078 0.00657463073730469 -0.077117919921875 -0.29937744140625
0.00458335876464844 0.0129842758178711 0.253662109375 -0.40533447265625
-0.00667381286621094 0.0218772888183594 0.6314697265625 -0.17645263671875
-0.0210800170898438 -0.00556564331054688 0.59326171875 0.45751953125
-0.01898193359375 -0.0364418029785156 0.0118408203125 0.8563232421875
0.00829696655273437 0.0248775482177734 -0.43231201171875 0.524322509765625
0.0169830322265625 0.0485038757324219 0.0273971557617188 0.0631675720214844
0.0206298828125 0.00916290283203125 0.4910888671875 -0.508514404296875
0.00400352478027344 -0.0197944641113281 -0.0537109375000001 -0.89208984375
-0.0191497802734375 -0.00864791870117188 -0.70428466796875 -0.34259033203125
-0.0111684799194336 0.0172967910766602 -0.53717041015625 0.29864501953125
0.0013580322265625 0.0146045684814453 -0.14373779296875 0.4532470703125
0.00328230857849121 0.00341320037841797 0.18524169921875 0.2978515625
0.0273056030273438 0.0284042358398438 0.262542724609375 0.06097412109375
0.0208473205566406 0.0215053558349609 -0.226150512695313 -0.0759124755859375
0.0223236083984375 -0.00146865844726562 -0.0650634765625 -0.298248291015625
0.0145101547241211 0.00463485717773438 0.278167724609375 -0.38922119140625
0.00158882141113281 0.0192070007324219 0.646728515625 -0.13519287109375
-0.0186386108398438 0.00119972229003906 0.569091796875 0.499755859375
-0.0214309692382813 -0.0299034118652344 -0.0437622070312501 0.86260986328125
0.00251007080078125 0.0249366760253906 -0.451812744140625 0.498138427734375
0.0152015686035156 0.0428314208984375 0.0458984375 0.0478057861328125
0.0143585205078125 0.00809478759765625 0.467376708984375 -0.53558349609375
0.000631332397460938 -0.0135898590087891 -0.10894775390625 -0.87738037109375
-0.0129127502441406 -0.00107002258300781 -0.71405029296875 -0.28961181640625
-0.000639915466308593 0.0126800537109375 -0.5096435546875 0.33074951171875
0.00859975814819336 0.00579166412353516 -0.1197509765625 0.465087890625
0.00887775421142578 -0.00588035583496094 0.1962890625 0.295318603515625
0.0250720977783203 0.0248870849609375 0.266632080078125 0.0595245361328125
0.0165004730224609 0.0168094635009766 -0.223419189453125 -0.0811309814453125
0.0270919799804688 -0.0114002227783203 -0.058990478515625 -0.299652099609375
0.0251312255859375 -0.00404739379882813 0.292938232421875 -0.378997802734375
0.0129261016845703 0.019439697265625 0.6573486328125 -0.10845947265625
-0.0127592086791992 0.00786113739013672 0.550201416015625 0.526702880859375
-0.0245189666748047 -0.0288791656494141 -0.08172607421875 0.85894775390625
-0.000574111938476561 0.0211524963378906 -0.462158203125 0.474578857421875
0.0181388854980469 0.0363883972167969 0.0631294250488281 0.0353622436523438
0.0109319686889648 0.00289726257324219 0.45391845703125 -0.553436279296875
-0.00287151336669922 -0.00908088684082031 -0.1422119140625 -0.86700439453125
-0.00679111480712891 0.00448894500732422 -0.718505859375 -0.25653076171875
0.0108604431152344 0.00727176666259766 -0.490631103515625 0.353363037109375
0.017181396484375 -0.00553226470947266 -0.102386474609375 0.473175048828125
0.00975227355957032 -0.0172615051269531 0.202972412109375 0.294189453125
0.0219612121582031 0.0206470489501953 0.270675659179688 0.057037353515625
0.0136814117431641 0.0101432800292969 -0.225082397460938 -0.0878448486328125
0.0314960479736328 -0.0218257904052734 -0.05767822265625 -0.3060302734375
0.0349617004394531 -0.01031494140625 0.297821044921875 -0.377899169921875
0.0242996215820313 0.0194339752197266 0.6650390625 -0.10028076171875
-0.00834846496582031 0.0120525360107422 0.544921875 0.538818359375
-0.026611328125 -0.0285263061523438 -0.09600830078125 0.85467529296875
0.00440025329589844 0.0102806091308594 -0.461761474609375 0.46148681640625
0.0304622650146484 0.0243320465087891 0.0754776000976562 0.027740478515625
0.0119457244873047 -0.00663471221923828 0.4478759765625 -0.56756591796875
-0.00719308853149414 -0.00762557983398438 -0.15625 -0.8612060546875
-0.000194072723388671 0.00805997848510742 -0.71966552734375 -0.24041748046875
0.0224876403808594 0.00412368774414063 -0.480499267578125 0.359527587890625
0.0248947143554688 -0.0142478942871094 -0.09503173828125 0.476226806640625
0.0112018585205078 -0.0249671936035156 0.2032470703125 0.293121337890625
0.0185928344726563 0.0136280059814453 0.27130126953125 0.05316162109375
0.0109434127807617 0.00361442565917969 -0.22711181640625 -0.0960693359375
0.0320148468017578 -0.0292129516601563 -0.06414794921875 -0.31402587890625
0.0437278747558594 -0.0155181884765625 0.292083740234375 -0.38470458984375
0.0354270935058594 0.0213470458984375 0.666015625 -0.11114501953125
-0.00385665893554687 0.0168371200561523 0.553985595703125 0.52874755859375
-0.0266704559326172 -0.0315189361572266 -0.0811767578125 0.8487548828125
0.0107450485229492 -0.00162315368652344 -0.45159912109375 0.458526611328125
0.0450172424316406 0.0132026672363281 0.0830307006835938 0.02374267578125
0.0139446258544922 -0.0176143646240234 0.45538330078125 -0.57086181640625
-0.00834941864013672 -0.00935649871826172 -0.14874267578125 -0.8712158203125
0.00440788269042969 0.0113973617553711 -0.71661376953125 -0.24737548828125
0.0323925018310547 0.000875473022460938 -0.48468017578125 0.35723876953125
0.0329017639160156 -0.01904296875 -0.100738525390625 0.475311279296875
0.0127830505371094 -0.0343208312988281 0.19775390625 0.288848876953125
0.0162839889526367 0.00645828247070312 0.268508911132813 0.0492095947265625
0.00998973846435547 -0.00312900543212891 -0.2332763671875 -0.103927612304688
0.0310268402099609 -0.0335140228271484 -0.07647705078125 -0.3223876953125
0.0464096069335938 -0.0188674926757812 0.274200439453125 -0.39996337890625
0.0429267883300781 0.0211410522460938 0.66009521484375 -0.1383056640625
2.6702880859376E-05 0.018646240234375 0.576416015625 0.50006103515625
-0.0261421203613281 -0.0370063781738281 -0.0461425781250001 0.841552734375
0.0190792083740234 -0.01458740234375 -0.431671142578125 0.46453857421875
0.0621681213378906 0.00135040283203125 0.0827407836914063 0.026275634765625
0.0211849212646484 -0.0304203033447266 0.47479248046875 -0.564453125
-0.00742912292480469 -0.0127696990966797 -0.1175537109375 -0.8848876953125
0.00833415985107422 0.0138874053955078 -0.70989990234375 -0.2783203125
0.0392189025878906 0.00119781494140625 -0.4964599609375 0.3409423828125
0.0372657775878906 -0.0192756652832031 -0.11785888671875 0.470306396484375
0.011505126953125 -0.038116455078125 0.1845703125 0.289581298828125
0.0142765045166016 0.00058746337890625 0.2647705078125 0.0452117919921875
0.0308380126953125 0.0296154022216797 -0.249465942382812 -0.074188232421875
0.0103111267089844 0.0127010345458984 -0.113983154296875 -0.305877685546875
-0.00353050231933594 0.0297603607177734 0.199127197265625 -0.44012451171875
-0.0144462585449219 0.0295658111572266 0.591552734375 -0.26239013671875
-0.0273094177246094 -0.00955200195312499 0.6431884765625 0.3619384765625
-0.0155830383300781 -0.0502967834472656 0.1259765625 0.8326416015625
0.0307254791259766 0.00718498229980469 -0.380126953125 0.56939697265625
0.0430526733398437 0.0402412414550781 0.00142669677734375 0.0866622924804688
0.0432586669921875 0.00219345092773438 0.546630859375 -0.45758056640625
0.0182533264160156 -0.0370292663574219 0.07110595703125 -0.92144775390625
-0.0242137908935547 -0.0258369445800781 -0.66632080078125 -0.45526123046875
-0.0247631072998047 0.0193576812744141 -0.58941650390625 0.2249755859375
-0.0112628936767578 0.0293331146240234 -0.19921875 0.424896240234375
-0.00308895111083984 0.0138778686523438 0.15966796875 0.29302978515625
0.0306282043457031 0.0277614593505859 0.252120971679688 0.0538330078125
0.0286159515380859 0.02972412109375 -0.239028930664063 -0.0720977783203124
0.0124673843383789 0.0109176635742188 -0.09619140625 -0.30218505859375
-0.000478744506835938 0.0229091644287109 0.226654052734375 -0.426544189453125
-0.0126857757568359 0.0263423919677734 0.6123046875 -0.2225341796875
-0.0270805358886719 -0.00742530822753906 0.62060546875 0.4097900390625
-0.0172157287597656 -0.0428886413574219 0.0716552734374999 0.84918212890625
0.0190582275390625 0.0185298919677734 -0.40484619140625 0.551788330078125
0.0266609191894531 0.0453071594238281 0.0109100341796875 0.0765228271484375
0.0318164825439453 0.00798225402832031 0.520416259765625 -0.48223876953125
0.0117034912109375 -0.0277824401855469 0.00964355468749999 -0.90972900390625
-0.0224990844726563 -0.0176486968994141 -0.689208984375 -0.40325927734375
-0.0201873779296875 0.0186843872070313 -0.5684814453125 0.2611083984375
-0.00624656677246094 0.0238819122314453 -0.173126220703125 0.44146728515625
-0.000441551208496095 0.00971317291259766 0.173004150390625 0.297119140625
0.0302772521972656 0.0296058654785156 0.257156372070313 0.059417724609375
0.0254001617431641 0.0274429321289062 -0.232025146484375 -0.072967529296875
0.0177879333496094 0.00550460815429688 -0.0794677734375 -0.300140380859375
0.00599384307861328 0.0133953094482422 0.2535400390625 -0.408843994140625
-0.008514404296875 0.0208206176757813 0.630615234375 -0.17962646484375
-0.0224952697753906 -0.005523681640625 0.593017578125 0.45819091796875
-0.0186805725097656 -0.0332565307617188 0.00982666015625002 0.85791015625
0.00902938842773437 0.0254497528076172 -0.433746337890625 0.524871826171875
0.0181083679199219 0.046051025390625 0.0256843566894531 0.0612258911132812
0.0201835632324219 0.00925827026367188 0.4930419921875 -0.505950927734375
0.00650596618652344 -0.0187129974365234 -0.05255126953125 -0.8944091796875
-0.0201320648193359 -0.00832748413085938 -0.70440673828125 -0.34222412109375
-0.0112600326538086 0.0170316696166992 -0.539703369140625 0.299957275390625
-0.000799179077148438 0.0159225463867188 -0.144134521484375 0.454437255859375
0.0048527717590332 0.00400733947753906 0.189605712890625 0.29815673828125
0.0283699035644531 0.0293369293212891 0.263442993164063 0.0601806640625
0.0217666625976563 0.0214672088623047 -0.2283935546875 -0.077423095703125
0.0236110687255859 -0.00301933288574219 -0.06634521484375 -0.29998779296875
0.0136356353759766 0.00482559204101563 0.278350830078125 -0.393951416015625
0.000318527221679686 0.0199012756347656 0.64727783203125 -0.13739013671875
-0.0179309844970703 0.00192070007324219 0.56884765625 0.5006103515625
-0.022308349609375 -0.0301856994628906 -0.0441284179687501 0.86297607421875
0.00250244140625 0.0260963439941406 -0.453765869140625 0.498565673828125
0.0154991149902344 0.0431976318359375 0.0463638305664063 0.0479850769042969
0.0153121948242188 0.00852394104003906 0.468994140625 -0.5347900390625
0.00128364562988281 -0.0121374130249023 -0.10711669921875 -0.8797607421875
-0.0143775939941406 -0.0018768310546875 -0.7149658203125 -0.29132080078125
-0.00193500518798828 0.0129384994506836 -0.51025390625 0.333953857421875
0.00812673568725586 0.00642728805541992 -0.118621826171875 0.46539306640625
0.00784015655517578 -0.00595617294311523 0.198638916015625 0.29443359375
0.0252246856689453 0.0237255096435547 0.268341064453125 0.0606842041015625
0.0180320739746094 0.0172843933105469 -0.225570678710937 -0.08013916015625
0.027496337890625 -0.0123634338378906 -0.060089111328125 -0.303253173828125
0.0247211456298828 -0.00584220886230469 0.293212890625 -0.38092041015625
0.0128097534179688 0.0197811126708984 0.65863037109375 -0.11029052734375
-0.0146865844726563 0.00529861450195313 0.552215576171875 0.527862548828125
-0.0246601104736328 -0.0269584655761719 -0.0814819335937501 0.8612060546875
-0.00106048583984375 0.0206394195556641 -0.46563720703125 0.474761962890625
0.0168914794921875 0.0363311767578125 0.0611419677734375 0.0370445251464844
0.00924301147460937 0.004150390625 0.45458984375 -0.552032470703125
-0.0033259391784668 -0.00737667083740234 -0.14178466796875 -0.86932373046875
-0.00709676742553711 0.0038304328918457 -0.71990966796875 -0.2567138671875
0.0118379592895508 0.00658512115478516 -0.4912109375 0.353607177734375
0.0176486968994141 -0.00565338134765625 -0.10308837890625 0.472320556640625
0.0109720230102539 -0.0154962539672852 0.20513916015625 0.294708251953125
0.0229625701904297 0.0196514129638672 0.272384643554688 0.0574493408203125
0.0135469436645508 0.00875377655029297 -0.225143432617187 -0.088104248046875
0.0300521850585938 -0.0224475860595703 -0.059844970703125 -0.30682373046875
0.0355873107910156 -0.0100936889648438 0.2972412109375 -0.3787841796875
0.0250949859619141 0.0200347900390625 0.66583251953125 -0.10089111328125
-0.00941753387451172 0.0124349594116211 0.5458984375 0.5396728515625
-0.0274181365966797 -0.0283851623535156 -0.0965576171874999 0.85589599609375
0.00319480895996094 0.011260986328125 -0.463287353515625 0.4613037109375
0.0293483734130859 0.0242290496826172 0.07476806640625 0.0270919799804688
0.0118312835693359 -0.00712394714355469 0.448974609375 -0.567138671875
-0.00621271133422852 -0.00684928894042969 -0.1566162109375 -0.86553955078125
-0.000909328460693359 0.00857448577880859 -0.72076416015625 -0.24127197265625
0.021484375 0.00279808044433594 -0.482513427734375 0.36279296875
0.0260982513427734 -0.0136642456054688 -0.09326171875 0.478363037109375
0.0125579833984375 -0.0253219604492188 0.205352783203125 0.292816162109375
0.0181064605712891 0.0127964019775391 0.272918701171875 0.0535736083984375
0.0120353698730469 0.0037384033203125 -0.229537963867188 -0.0962066650390625
0.0327014923095703 -0.0302600860595703 -0.065643310546875 -0.314178466796875
0.0431709289550781 -0.0159873962402344 0.289581298828125 -0.386322021484375
0.0350818634033203 0.0209999084472656 0.66815185546875 -0.1119384765625
-0.00417709350585938 0.0161638259887695 0.556640625 0.52978515625
-0.0271320343017578 -0.0308418273925781 -0.0842285156250001 0.8519287109375
0.0107612609863281 -0.00169181823730469 -0.454803466796875 0.458038330078125
0.0454826354980469 0.0127029418945313 0.0829238891601563 0.0244903564453125
0.0151023864746094 -0.0180263519287109 0.45758056640625 -0.57269287109375
-0.00883579254150391 -0.00850868225097656 -0.1490478515625 -0.87506103515625
0.00433921813964844 0.0108499526977539 -0.71826171875 -0.2496337890625
0.0314540863037109 0.000652313232421875 -0.4835205078125 0.3590087890625
0.0327110290527344 -0.0183010101318359 -0.099578857421875 0.477569580078125
0.0125541687011719 -0.0343914031982422 0.19903564453125 0.2894287109375
0.0164585113525391 0.00659942626953125 0.269912719726563 0.0488739013671875
0.00943660736083984 -0.00280666351318359 -0.235321044921875 -0.103103637695312
0.0309486389160156 -0.0341358184814453 -0.079132080078125 -0.324005126953125
0.0464248657226563 -0.0175399780273438 0.272552490234375 -0.40020751953125
0.0417861938476562 0.0209083557128906 0.66192626953125 -0.13690185546875
-0.000402450561523439 0.016387939453125 0.57659912109375 0.5003662109375
-0.026611328125 -0.036346435546875 -0.0453491210937499 0.84228515625
0.0211544036865234 -0.0142059326171875 -0.435638427734375 0.4658203125
0.06195068359375 0.00233840942382813 0.0821914672851563 0.0256729125976562
0.0225772857666016 -0.0291080474853516 0.4761962890625 -0.5653076171875
-0.00707340240478516 -0.0130243301391602 -0.116455078125 -0.88787841796875
0.00680351257324219 0.0136165618896484 -0.712646484375 -0.27972412109375
0.0387420654296875 0.0019073486328125 -0.49786376953125 0.341064453125
0.0386085510253906 -0.0205307006835938 -0.11566162109375 0.47174072265625
0.01251220703125 -0.0377311706542969 0.186767578125 0.289093017578125
0.0151424407958984 -7.2479248046875E-05 0.265823364257813 0.04376220703125
0.0320701599121094 0.0308094024658203 -0.252044677734375 -0.07403564453125
0.0118284225463867 0.0143375396728516 -0.11517333984375 -0.30810546875
-0.00354576110839844 0.0296535491943359 0.197906494140625 -0.4461669921875
-0.0138092041015625 0.0298099517822266 0.59307861328125 -0.26611328125
-0.0279312133789063 -0.00944328308105469 0.64453125 0.36090087890625
-0.0165863037109375 -0.0499420166015625 0.12432861328125 0.83551025390625
0.0311222076416016 0.00867462158203125 -0.3836669921875 0.57037353515625
0.0443115234375 0.0405349731445313 0.000251770019531262 0.0866241455078125
0.0431900024414063 0.00111007690429688 0.55145263671875 -0.46044921875
0.0195770263671875 -0.0370674133300781 0.072021484375 -0.92718505859375
-0.0249462127685547 -0.0274276733398437 -0.670654296875 -0.45721435546875
-0.0255928039550781 0.0196495056152344 -0.5914306640625 0.22833251953125
-0.011871337890625 0.0304508209228516 -0.1981201171875 0.427764892578125
-0.00444316864013672 0.0136566162109375 0.1619873046875 0.29425048828125
0.0321159362792969 0.0280494689941406 0.255111694335938 0.0547943115234375
0.0287551879882813 0.0295524597167969 -0.240371704101563 -0.0720062255859375
0.0141916275024414 0.0108146667480469 -0.09649658203125 -0.303253173828125
-8.01086425781275E-05 0.0235748291015625 0.22564697265625 -0.43115234375
-0.0136127471923828 0.0247783660888672 0.6142578125 -0.22589111328125
-0.027862548828125 -0.00691604614257812 0.62091064453125 0.41217041015625
-0.0175666809082031 -0.0413780212402344 0.0706176757812499 0.85272216796875
0.0189418792724609 0.0202674865722656 -0.4097900390625 0.553680419921875
0.0278282165527344 0.0468215942382813 0.00988006591796876 0.0756378173828125
0.0312671661376953 0.00793647766113281 0.52093505859375 -0.481414794921875
0.0124969482421875 -0.0270404815673828 0.00860595703124999 -0.9130859375
-0.0236473083496094 -0.0179634094238281 -0.69012451171875 -0.405029296875
-0.0204887390136719 0.0187187194824219 -0.568359375 0.26397705078125
-0.00580787658691406 0.0239276885986328 -0.173065185546875 0.44232177734375
6.4849853515625E-05 0.0105009078979492 0.176666259765625 0.29754638671875
0.0315589904785156 0.0289554595947266 0.258087158203125 0.060333251953125
0.0255622863769531 0.027496337890625 -0.23590087890625 -0.0725250244140625
0.0173349380493164 0.00511932373046875 -0.08099365234375 -0.3016357421875
0.00531578063964844 0.0127077102661133 0.252960205078125 -0.411712646484375
-0.00825119018554687 0.0209465026855469 0.6346435546875 -0.18145751953125
-0.0233707427978516 -0.00391197204589844 0.595947265625 0.45953369140625
-0.0172595977783203 -0.0342350006103516 0.00994873046874997 0.859130859375
0.00934791564941406 0.027099609375 -0.437957763671875 0.5260009765625
0.0161933898925781 0.0480079650878906 0.0254554748535156 0.0627593994140625
0.0222835540771484 0.00989532470703125 0.495635986328125 -0.5101318359375
0.00493621826171875 -0.0188655853271484 -0.05377197265625 -0.89642333984375
-0.0200920104980469 -0.00955772399902344 -0.70867919921875 -0.344482421875
-0.011225700378418 0.0171270370483398 -0.54046630859375 0.302734375
0.00163364410400391 0.0158176422119141 -0.143798828125 0.45477294921875
0.00586175918579102 0.00385141372680664 0.19000244140625 0.29791259765625
0.0285072326660156 0.0258960723876953 0.265487670898438 0.0612335205078125
0.0225734710693359 0.0225296020507812 -0.230270385742187 -0.076324462890625
0.0239276885986328 -0.00307083129882813 -0.0673828125 -0.301116943359375
0.0124149322509766 0.00353527069091797 0.277679443359375 -0.396026611328125
0.000839233398437501 0.0195140838623047 0.65118408203125 -0.140869140625
-0.0187759399414063 -0.000957489013671879 0.5714111328125 0.50341796875
-0.0208320617675781 -0.0287418365478516 -0.04498291015625 0.86566162109375
0.00363349914550781 0.0259799957275391 -0.4576416015625 0.4991455078125
0.0155105590820313 0.044281005859375 0.0463447570800781 0.0489006042480469
0.015864372253418 0.00825405120849609 0.473236083984375 -0.536651611328125
0.000132560729980468 -0.0107002258300781 -0.10821533203125 -0.8851318359375
-0.0135478973388672 -0.000720977783203124 -0.71978759765625 -0.2928466796875
-0.00201988220214844 0.0116758346557617 -0.5147705078125 0.33526611328125
0.00839757919311523 0.00619316101074219 -0.116607666015625 0.469757080078125
0.00838470458984375 -0.00596952438354492 0.201019287109375 0.296661376953125
0.0262393951416016 0.0236225128173828 0.269989013671875 0.0604705810546875
0.0164785385131836 0.0150604248046875 -0.227752685546875 -0.0817108154296875
0.0270252227783203 -0.0126361846923828 -0.059478759765625 -0.302886962890625
0.0254096984863281 -0.00390243530273438 0.29351806640625 -0.38519287109375
0.0142269134521484 0.0185089111328125 0.66156005859375 -0.11346435546875
-0.0143795013427734 0.00660991668701172 0.5509033203125 0.5294189453125
-0.0235862731933594 -0.0268096923828125 -0.0838012695312501 0.8629150390625
-0.000774383544921873 0.0222129821777344 -0.46630859375 0.476287841796875
0.0183181762695312 0.0374031066894531 0.063934326171875 0.0348930358886719
0.011265754699707 0.00344657897949219 0.45855712890625 -0.55499267578125
-0.00428628921508789 -0.00751209259033203 -0.14117431640625 -0.872802734375
-0.00649070739746094 0.00492525100708008 -0.72283935546875 -0.25836181640625
0.0117597579956055 0.00674057006835938 -0.494232177734375 0.35394287109375
0.0168123245239258 -0.00528526306152344 -0.099945068359375 0.476348876953125
0.0100469589233398 -0.016169548034668 0.208526611328125 0.293670654296875
0.0226383209228516 0.0179862976074219 0.273162841796875 0.0584564208984375
0.015202522277832 0.00918769836425781 -0.228256225585938 -0.08892822265625
0.0323085784912109 -0.02105712890625 -0.060791015625 -0.30877685546875
0.0349960327148438 -0.0106449127197266 0.2969970703125 -0.3822021484375
0.0250644683837891 0.0210590362548828 0.66680908203125 -0.10223388671875
-0.00929832458496094 0.0119571685791016 0.54534912109375 0.539276123046875
-0.0263919830322266 -0.0272159576416016 -0.0989379882812499 0.859130859375
0.00431728363037109 0.0103120803833008 -0.4652099609375 0.46295166015625
0.0311088562011719 0.0253086090087891 0.0757827758789063 0.0278167724609375
0.0110082626342773 -0.00559329986572266 0.4525146484375 -0.56817626953125
-0.0072941780090332 -0.00660371780395508 -0.1572265625 -0.86810302734375
-0.000523567199707031 0.00897979736328125 -0.72332763671875 -0.24176025390625
0.0225925445556641 0.00209236145019531 -0.48388671875 0.36541748046875
0.0261974334716797 -0.0136680603027344 -0.09344482421875 0.479248046875
0.0118083953857422 -0.0243930816650391 0.209320068359375 0.2911376953125
0.0199851989746094 0.0133132934570313 0.27398681640625 0.052276611328125
0.0127973556518555 0.00262069702148438 -0.230972290039063 -0.0974273681640625
0.0328960418701172 -0.0292091369628906 -0.067626953125 -0.3160400390625
0.0440025329589844 -0.0162010192871094 0.290283203125 -0.3902587890625
0.0357170104980469 0.0212478637695313 0.6705322265625 -0.1141357421875
-0.00480461120605469 0.0179386138916016 0.557373046875 0.529144287109375
-0.0260944366455078 -0.0308265686035156 -0.0852050781249999 0.8546142578125
0.0108108520507812 -0.00186061859130859 -0.45660400390625 0.45989990234375
0.0457077026367188 0.0121040344238281 0.0818405151367188 0.0242385864257813
0.0154504776000977 -0.016453742980957 0.458984375 -0.57470703125
-0.00702667236328125 -0.00795936584472656 -0.1502685546875 -0.87811279296875
0.00402164459228516 0.0121870040893555 -0.72174072265625 -0.249755859375
0.0321846008300781 -0.000507354736328125 -0.48626708984375 0.361297607421875
0.0326671600341797 -0.0181884765625 -0.0997314453125 0.48126220703125
0.0119895935058594 -0.0326576232910156 0.20172119140625 0.289459228515625
0.0171947479248047 0.00638294219970703 0.2723388671875 0.0482330322265625
0.010380744934082 -0.00335311889648438 -0.23797607421875 -0.1033935546875
0.0315494537353516 -0.0347309112548828 -0.0791015625 -0.3260498046875
0.0465469360351563 -0.0189247131347656 0.272430419921875 -0.40460205078125
0.04296875 0.0217514038085938 0.6629638671875 -0.1416015625
-0.000176429748535156 0.0175409317016602 0.57769775390625 0.50286865234375
-0.0257644653320312 -0.0353050231933594 -0.0477294921875 0.84527587890625
0.0197029113769531 -0.0156745910644531 -0.436859130859375 0.46697998046875
0.0630989074707031 0.0018157958984375 0.0825958251953125 0.026519775390625
0.0225124359130859 -0.0293674468994141 0.47760009765625 -0.5667724609375
-0.00665092468261719 -0.0128889083862305 -0.1171875 -0.8931884765625
0.00674533843994141 0.0130538940429688 -0.71514892578125 -0.27996826171875
0.0383644104003906 0.000553131103515625 -0.50048828125 0.3443603515625
0.0379409790039063 -0.0193519592285156 -0.116607666015625 0.4749755859375
0.0135726928710938 -0.0381851196289063 0.188720703125 0.289764404296875
0.0159807205200195 0.000110626220703125 0.2677001953125 0.0433197021484375
0.0323486328125 0.0302600860595703 -0.252853393554688 -0.0734405517578125
0.0118627548217773 0.0131464004516602 -0.117767333984375 -0.308868408203125
-0.00201606750488281 0.0312080383300781 0.197540283203125 -0.44964599609375
-0.0133438110351562 0.0307655334472656 0.59625244140625 -0.26983642578125
-0.0291976928710937 -0.00984954833984376 0.6461181640625 0.3636474609375
-0.0167465209960938 -0.0506401062011719 0.1253662109375 0.8388671875
0.0306606292724609 0.00830459594726563 -0.38409423828125 0.57293701171875
0.0445442199707031 0.0403556823730469 0.00150299072265624 0.0870895385742188
0.0436630249023438 0.00196456909179688 0.553375244140625 -0.46270751953125
0.0190811157226563 -0.0367965698242188 0.07177734375 -0.929931640625
-0.0258827209472656 -0.0263671875 -0.6728515625 -0.45751953125
-0.0257949829101562 0.0193653106689453 -0.59423828125 0.2294921875
-0.0114803314208984 0.0307407379150391 -0.19927978515625 0.430694580078125
-0.0050058364868164 0.0151729583740234 0.165283203125 0.295013427734375
0.0323314666748047 0.0281715393066406 0.256729125976563 0.053955078125
0.0298252105712891 0.0298824310302734 -0.242416381835937 -0.07080078125
0.0139923095703125 0.0108842849731445 -0.098358154296875 -0.306427001953125
0.000339508056640626 0.0228519439697266 0.2269287109375 -0.433929443359375
-0.0136470794677734 0.0261116027832031 0.6168212890625 -0.22772216796875
-0.0278701782226562 -0.00873374938964844 0.624755859375 0.41131591796875
-0.0166168212890625 -0.0412178039550781 0.07080078125 0.85797119140625
0.0201530456542969 0.0201702117919922 -0.41302490234375 0.556976318359375
0.027374267578125 0.0461807250976563 0.01007080078125 0.0771636962890625
0.0311870574951172 0.00834465026855469 0.52410888671875 -0.486602783203125
0.0131092071533203 -0.0279712677001953 0.00830078125000009 -0.917724609375
-0.0240421295166016 -0.0180206298828125 -0.69586181640625 -0.40655517578125
-0.0207004547119141 0.0183258056640625 -0.5716552734375 0.26593017578125
-0.00728416442871094 0.0250205993652344 -0.17169189453125 0.44610595703125
-0.00134849548339844 0.0118255615234375 0.17779541015625 0.29815673828125
0.0316047668457031 0.0280132293701172 0.26190185546875 0.059783935546875
0.0269832611083984 0.0271320343017578 -0.236740112304688 -0.0733489990234375
0.018402099609375 0.00530242919921875 -0.082000732421875 -0.3033447265625
0.00533103942871094 0.0146169662475586 0.253509521484375 -0.41632080078125
-0.00797080993652344 0.0207653045654297 0.63446044921875 -0.18475341796875
-0.0246601104736328 -0.00430870056152344 0.5958251953125 0.45965576171875
-0.0193557739257812 -0.0354270935058594 0.00921630859375006 0.86376953125
0.00908470153808593 0.0268058776855469 -0.438385009765625 0.53057861328125
0.0170173645019531 0.0469932556152344 0.0269088745117188 0.0627899169921875
0.0208263397216797 0.0102443695068359 0.496734619140625 -0.5115966796875
0.0059814453125 -0.0187244415283203 -0.05419921875 -0.90081787109375
-0.0201892852783203 -0.00999641418457031 -0.7120361328125 -0.34490966796875
-0.0126352310180664 0.0156946182250977 -0.542694091796875 0.305145263671875
0.000677108764648437 0.0155878067016602 -0.141143798828125 0.4603271484375
0.00338411331176758 0.00477457046508789 0.193084716796875 0.2996826171875
0.0283031463623047 0.0284461975097656 0.267547607421875 0.0609283447265625
0.0226287841796875 0.0224838256835938 -0.231536865234375 -0.074493408203125
0.0227813720703125 -0.00312232971191406 -0.069244384765625 -0.301239013671875
0.0134868621826172 0.00463676452636719 0.27783203125 -0.40087890625
0.00171470642089844 0.0190029144287109 0.6522216796875 -0.1434326171875
-0.0204524993896484 0.000761032104492186 0.570556640625 0.5029296875
-0.0212192535400391 -0.0286941528320313 -0.046630859375 0.8712158203125
0.00297927856445313 0.0263023376464844 -0.4600830078125 0.502044677734375
0.0147628784179687 0.0431251525878906 0.0454025268554688 0.0486106872558594
0.0144424438476563 0.00895118713378906 0.47393798828125 -0.540679931640625
0.000853538513183593 -0.0118837356567383 -0.1119384765625 -0.89007568359375
-0.01495361328125 -0.000992774963378908 -0.722900390625 -0.29254150390625
-0.00215816497802734 0.012547492980957 -0.515594482421875 0.338409423828125
0.0087738037109375 0.0064702033996582 -0.1153564453125 0.472320556640625
0.00822353363037109 -0.00478029251098633 0.204864501953125 0.296722412109375
0.0277500152587891 0.0230827331542969 0.2728271484375 0.0591278076171875
0.0191478729248047 0.0153884887695313 -0.228897094726563 -0.0799407958984375
0.0284633636474609 -0.0130882263183594 -0.061859130859375 -0.3055419921875
0.0255603790283203 -0.00442314147949219 0.292083740234375 -0.387481689453125
0.0114383697509766 0.0189933776855469 0.66314697265625 -0.11614990234375
-0.0147533416748047 0.00648021697998047 0.552978515625 0.529876708984375
-0.0244636535644531 -0.0265445709228516 -0.0863037109375001 0.86767578125
-0.00170326232910156 0.0204181671142578 -0.469329833984375 0.478057861328125
0.0189247131347656 0.0361289978027344 0.062225341796875 0.0361213684082031
0.0108280181884766 0.00466537475585937 0.46014404296875 -0.55841064453125
-0.00409269332885742 -0.00677824020385742 -0.143310546875 -0.877197265625
-0.00736761093139648 0.00537586212158203 -0.72760009765625 -0.25762939453125
0.00930309295654297 0.00655555725097656 -0.495635986328125 0.360015869140625
0.0173168182373047 -0.00570583343505859 -0.0979309082031249 0.477935791015625
0.0113840103149414 -0.015446662902832 0.21044921875 0.295257568359375
0.0227565765380859 0.0185413360595703 0.2760009765625 0.055999755859375
0.0166254043579102 0.00966167449951172 -0.22930908203125 -0.0883026123046875
0.0314388275146484 -0.0218029022216797 -0.062652587890625 -0.311553955078125
0.0346794128417969 -0.0105113983154297 0.29669189453125 -0.3858642578125
0.0239276885986328 0.0196247100830078 0.6689453125 -0.1077880859375
-0.00983524322509766 0.0120868682861328 0.547332763671875 0.542022705078125
-0.0271663665771484 -0.0265026092529297 -0.0989379882812501 0.8638916015625
0.00384998321533203 0.011570930480957 -0.469573974609375 0.46630859375
0.0311183929443359 0.0248622894287109 0.0750198364257813 0.028076171875
0.011810302734375 -0.00597858428955078 0.4544677734375 -0.57025146484375
-0.00632905960083008 -0.00574302673339844 -0.15850830078125 -0.873779296875
-0.00237703323364258 0.00857210159301758 -0.7276611328125 -0.24053955078125
0.0214805603027344 0.0020751953125 -0.485137939453125 0.37030029296875
0.0260162353515625 -0.0128192901611328 -0.09173583984375 0.4827880859375
0.0119800567626953 -0.0254135131835938 0.211639404296875 0.291656494140625
0.0209636688232422 0.012542724609375 0.276565551757812 0.053436279296875
0.0132083892822266 0.00219535827636719 -0.232513427734375 -0.0962982177734375
0.0317630767822266 -0.029388427734375 -0.0699462890625 -0.3184814453125
0.04327392578125 -0.0151748657226563 0.291168212890625 -0.393798828125
0.0355491638183594 0.0209388732910156 0.671875 -0.11590576171875
-0.00495529174804688 0.015864372253418 0.558502197265625 0.531097412109375
-0.0276851654052734 -0.0303382873535156 -0.0871582031250001 0.85870361328125
0.0115413665771484 -0.00124740600585938 -0.45703125 0.461395263671875
0.0461807250976562 0.0129356384277344 0.0828933715820313 0.0238265991210938
0.0150299072265625 -0.0170917510986328 0.46209716796875 -0.57763671875
-0.0078434944152832 -0.00771188735961914 -0.15118408203125 -0.88262939453125
0.00436878204345703 0.0115108489990234 -0.724853515625 -0.24957275390625
0.031524658203125 -0.000957489013671875 -0.48675537109375 0.366119384765625
0.0326690673828125 -0.0180320739746094 -0.0969848632812501 0.4827880859375
0.0124549865722656 -0.033447265625 0.20318603515625 0.29058837890625
0.0183658599853516 0.00498771667480469 0.273590087890625 0.047393798828125
0.0107545852661133 -0.00248050689697266 -0.239273071289063 -0.103515625
0.0304470062255859 -0.0349006652832031 -0.0819091796875 -0.327239990234375
0.0472373962402344 -0.0196647644042969 0.27166748046875 -0.40521240234375
0.0440635681152344 0.0209579467773438 0.66650390625 -0.1461181640625
-0.00103950500488281 0.0179367065429688 0.57928466796875 0.50189208984375
-0.0264854431152344 -0.0358848571777344 -0.0482788085937501 0.84918212890625
0.0205821990966797 -0.0149707794189453 -0.438873291015625 0.46807861328125
0.0631027221679688 0.001953125 0.0826568603515625 0.0259246826171875
0.0221328735351562 -0.0288372039794922 0.480712890625 -0.56988525390625
-0.006561279296875 -0.0124168395996094 -0.11749267578125 -0.8951416015625
0.00729846954345703 0.0129823684692383 -0.71893310546875 -0.27947998046875
0.0402450561523438 -0.000423431396484375 -0.5006103515625 0.347198486328125
0.0372695922851563 -0.0178413391113281 -0.115478515625 0.477447509765625
0.0123138427734375 -0.0372848510742188 0.1923828125 0.28955078125
0.0157375335693359 -0.00126934051513672 0.26849365234375 0.04473876953125
0.0332679748535156 0.0304603576660156 -0.256423950195313 -0.0730133056640624
0.0120315551757813 0.0132932662963867 -0.120025634765625 -0.31060791015625
-0.00360870361328125 0.0301666259765625 0.195098876953125 -0.45318603515625
-0.0139999389648438 0.0304031372070312 0.5968017578125 -0.273193359375
-0.0297451019287109 -0.0102214813232422 0.65118408203125 0.36260986328125
-0.0174903869628906 -0.0494728088378906 0.1270751953125 0.84588623046875
0.0319042205810547 0.00860404968261719 -0.385986328125 0.57763671875
0.043731689453125 0.0400962829589844 0.000907897949218763 0.0885162353515625
0.0443801879882812 0.001708984375 0.5567626953125 -0.46429443359375
0.01934814453125 -0.037078857421875 0.0708007812500001 -0.9346923828125
-0.0265560150146484 -0.0266609191894531 -0.6781005859375 -0.4598388671875
-0.0264644622802734 0.0205974578857422 -0.59588623046875 0.23394775390625
-0.0122222900390625 0.0305767059326172 -0.197418212890625 0.434356689453125
-0.00428485870361328 0.0150356292724609 0.1690673828125 0.29510498046875
0.0324172973632813 0.0283241271972656 0.258682250976563 0.0541839599609375
0.031585693359375 0.0287227630615234 -0.245758056640625 -0.07110595703125
0.0144662857055664 0.0119953155517578 -0.1015625 -0.306976318359375
-0.00112533569335938 0.0232715606689453 0.224029541015625 -0.44061279296875
-0.0134830474853516 0.0252933502197266 0.61529541015625 -0.234130859375
-0.0287361145019531 -0.00850677490234375 0.6298828125 0.4119873046875
-0.01678466796875 -0.0409698486328125 0.0723876953125 0.86236572265625
0.0202484130859375 0.0201034545898438 -0.412750244140625 0.5611572265625
0.0272140502929687 0.0461883544921875 0.00986480712890626 0.07891845703125
0.0318717956542969 0.00886726379394531 0.527984619140625 -0.490203857421875
0.0118236541748047 -0.0267658233642578 0.0050659179687499 -0.92376708984375
-0.0257034301757813 -0.0196151733398437 -0.69970703125 -0.4036865234375
-0.0211372375488281 0.0181140899658203 -0.57452392578125 0.2705078125
-0.0076904296875 0.024169921875 -0.17218017578125 0.44989013671875
-0.000908851623535157 0.0109663009643555 0.182159423828125 0.298004150390625
0.0328903198242188 0.0276813507080078 0.263870239257813 0.059295654296875
0.0281867980957031 0.02679443359375 -0.241012573242188 -0.07354736328125
0.0183658599853516 0.00492095947265625 -0.08526611328125 -0.30499267578125
0.0052490234375 0.0156183242797852 0.251800537109375 -0.42022705078125
-0.00751113891601562 0.0213871002197266 0.6383056640625 -0.187744140625
-0.0244636535644531 -0.0048980712890625 0.60137939453125 0.46087646484375
-0.0195159912109375 -0.0335597991943359 0.01141357421875 0.86920166015625
0.00955772399902344 0.0263156890869141 -0.440277099609375 0.5335693359375
0.0180397033691406 0.0475654602050781 0.0265884399414063 0.0646171569824219
0.0216350555419922 0.0109443664550781 0.499725341796875 -0.514556884765625
0.00570487976074219 -0.0181522369384766 -0.0570678710937499 -0.908203125
-0.0207462310791016 -0.00928497314453124 -0.716796875 -0.34375
-0.0128936767578125 0.0161218643188477 -0.545867919921875 0.309661865234375
0.000115394592285158 0.0160789489746094 -0.140472412109375 0.4647216796875
0.00563716888427734 0.00530147552490234 0.196624755859375 0.29937744140625
0.0294837951660156 0.0268974304199219 0.2706298828125 0.059906005859375
0.0245761871337891 0.0230731964111328 -0.234222412109375 -0.0743560791015625
0.0239276885986328 -0.00409126281738281 -0.070404052734375 -0.305267333984375
0.0147762298583984 0.00458812713623047 0.2779541015625 -0.40447998046875
-0.000179290771484375 0.0192451477050781 0.65643310546875 -0.14715576171875
-0.0202388763427734 0.000705718994140623 0.576416015625 0.504638671875
-0.0211315155029297 -0.0280017852783203 -0.04693603515625 0.87579345703125
0.00275993347167968 0.0278301239013672 -0.462615966796875 0.505889892578125
0.014373779296875 0.0423240661621094 0.0456047058105469 0.04901123046875
0.0154867172241211 0.00851821899414062 0.47314453125 -0.5426025390625
0.000319480895996093 -0.0117149353027344 -0.1114501953125 -0.89459228515625
-0.0149021148681641 -0.00182914733886718 -0.7274169921875 -0.29168701171875
-0.0016937255859375 0.0110950469970703 -0.517913818359375 0.343841552734375
0.00920486450195313 0.00544071197509766 -0.11468505859375 0.476898193359375
0.00804376602172852 -0.0043492317199707 0.208892822265625 0.2967529296875
0.0275020599365234 0.0234394073486328 0.273147583007813 0.0603179931640625
0.02069091796875 0.0155296325683594 -0.231597900390625 -0.0810546875
0.02783203125 -0.0129642486572266 -0.06573486328125 -0.3070068359375
0.0251350402832031 -0.00354385375976562 0.291717529296875 -0.39263916015625
0.0120983123779297 0.0178279876708984 0.66522216796875 -0.11920166015625
-0.014918327331543 0.00617694854736328 0.557952880859375 0.5316162109375
-0.02490234375 -0.0242137908935547 -0.08599853515625 0.873046875
6.48498535156245E-05 0.0216541290283203 -0.472991943359375 0.48193359375
0.0189208984375 0.0357208251953125 0.0626869201660156 0.0376510620117187
0.0104904174804688 0.00433731079101563 0.4615478515625 -0.5634765625
-0.00354814529418945 -0.00725841522216797 -0.14691162109375 -0.88128662109375
-0.00753593444824219 0.00455808639526367 -0.73223876953125 -0.25775146484375
0.0120401382446289 0.005950927734375 -0.496856689453125 0.362274169921875
0.0176525115966797 -0.00438690185546875 -0.096893310546875 0.48236083984375
0.0110130310058594 -0.015233039855957 0.21575927734375 0.294586181640625
0.0231742858886719 0.0177822113037109 0.276992797851563 0.05706787109375
0.0171594619750977 0.00943756103515625 -0.231719970703125 -0.088348388671875
0.0315456390380859 -0.0215530395507812 -0.06561279296875 -0.311859130859375
0.0353736877441406 -0.0103683471679688 0.296234130859375 -0.39105224609375
0.024017333984375 0.0192146301269531 0.6737060546875 -0.1103515625
-0.0105657577514648 0.011958122253418 0.553131103515625 0.54412841796875
-0.0262851715087891 -0.0265979766845703 -0.1005859375 0.86834716796875
0.00377750396728515 0.0124502182006836 -0.472015380859375 0.469390869140625
0.0307960510253906 0.0249271392822266 0.076812744140625 0.0279922485351563
0.0125827789306641 -0.00614738464355469 0.45599365234375 -0.576171875
-0.00659608840942383 -0.00689411163330078 -0.16021728515625 -0.879638671875
-0.00112009048461914 0.00870084762573242 -0.7340087890625 -0.24017333984375
0.0212841033935547 0.00173377990722656 -0.486328125 0.3740234375
0.0261383056640625 -0.0141429901123047 -0.08941650390625 0.487457275390625
0.0110759735107422 -0.0245151519775391 0.215606689453125 0.29376220703125
0.0209236145019531 0.0120487213134766 0.279281616210938 0.0522003173828125
0.0138740539550781 0.00271511077880859 -0.236236572265625 -0.0955352783203124
0.0326251983642578 -0.0304718017578125 -0.0718994140625 -0.321563720703125
0.0441856384277344 -0.0152587890625 0.289520263671875 -0.396575927734375
0.0359458923339844 0.0202903747558594 0.67449951171875 -0.12042236328125
-0.00535202026367188 0.0155344009399414 0.56146240234375 0.53192138671875
-0.0268974304199219 -0.0300559997558594 -0.08544921875 0.86383056640625
0.0110387802124023 -0.00168037414550781 -0.4608154296875 0.4642333984375
0.0457839965820313 0.0131988525390625 0.0822601318359375 0.0247879028320312
0.0148200988769531 -0.0171689987182617 0.462890625 -0.58197021484375
-0.00806045532226563 -0.0065317153930664 -0.154052734375 -0.88775634765625
0.0038909912109375 0.011509895324707 -0.730712890625 -0.24945068359375
0.0312995910644531 -0.0010986328125 -0.488433837890625 0.370147705078125
0.033416748046875 -0.0183582305908203 -0.09503173828125 0.4862060546875
0.0127964019775391 -0.0325775146484375 0.20855712890625 0.29150390625
0.018768310546875 0.00459671020507813 0.277191162109375 0.0473480224609375
0.0119075775146484 -0.00341320037841797 -0.242141723632813 -0.102615356445312
0.0303268432617187 -0.0353317260742188 -0.085418701171875 -0.32879638671875
0.04644775390625 -0.0183448791503906 0.27117919921875 -0.409332275390625
0.0426254272460938 0.0207633972167969 0.66900634765625 -0.14727783203125
-0.00122642517089844 0.0173454284667969 0.5838623046875 0.50225830078125
-0.0260200500488281 -0.0353660583496094 -0.0477294921875001 0.85321044921875
0.0201663970947266 -0.0149059295654297 -0.44140625 0.472930908203125
0.0630607604980469 0.00250244140625 0.0818710327148437 0.0263900756835937
0.0223197937011719 -0.0282669067382813 0.483642578125 -0.572998046875
-0.0072317123413086 -0.0125589370727539 -0.12127685546875 -0.9019775390625
0.00675201416015625 0.0132379531860352 -0.72393798828125 -0.27850341796875
0.0388450622558594 -0.000560760498046875 -0.50439453125 0.3514404296875
0.0383529663085938 -0.01947021484375 -0.112060546875 0.48101806640625
0.0109443664550781 -0.0367927551269531 0.195281982421875 0.289825439453125
0.0166110992431641 -0.00114154815673828 0.272720336914063 0.04241943359375
0.0341701507568359 0.0293426513671875 -0.258056640625 -0.0717926025390625
0.0114994049072266 0.0138750076293945 -0.123382568359375 -0.312896728515625
-0.00308036804199218 0.0311183929443359 0.1923828125 -0.45947265625
-0.0147476196289062 0.0301856994628906 0.5985107421875 -0.279296875
-0.0300540924072266 -0.0104732513427734 0.65325927734375 0.36212158203125
-0.0177421569824219 -0.0490837097167969 0.13232421875 0.849853515625
0.0316333770751953 0.00698471069335937 -0.3875732421875 0.5830078125
0.0439109802246094 0.0406455993652344 0.00093841552734376 0.0885086059570313
0.0446128845214844 0.00150680541992188 0.558258056640625 -0.469268798828125
0.0190315246582031 -0.0371322631835937 0.0668945312499999 -0.94171142578125
-0.0261440277099609 -0.0280723571777344 -0.68572998046875 -0.45806884765625
-0.02557373046875 0.0193042755126953 -0.600341796875 0.23773193359375
-0.0128936767578125 0.0318145751953125 -0.195648193359375 0.438323974609375
-0.00419902801513672 0.0159082412719727 0.172698974609375 0.29644775390625
0.0345382690429688 0.0278453826904297 0.26275634765625 0.0526580810546875
0.0323104858398438 0.0284709930419922 -0.248855590820312 -0.0714263916015625
0.0149679183959961 0.0115242004394531 -0.105438232421875 -0.30859375
0.000284194946289061 0.02374267578125 0.22222900390625 -0.4429931640625
-0.0151081085205078 0.0258903503417969 0.61962890625 -0.23699951171875
-0.0280780792236328 -0.00797080993652343 0.63427734375 0.41143798828125
-0.0180168151855469 -0.0407676696777344 0.0760498046875001 0.8681640625
0.0206222534179688 0.0199470520019531 -0.41705322265625 0.56402587890625
0.0288810729980469 0.0465965270996094 0.0114212036132812 0.0788650512695313
0.0319328308105469 0.00883102416992188 0.529205322265625 -0.4954833984375
0.0123634338378906 -0.0262279510498047 0.00427246093749998 -0.9306640625
-0.0259284973144531 -0.0192203521728516 -0.70770263671875 -0.4039306640625
-0.0218391418457031 0.0192852020263672 -0.5771484375 0.2762451171875
-0.00667381286621094 0.026031494140625 -0.169219970703125 0.45452880859375
-0.000871658325195312 0.0121774673461914 0.18505859375 0.300262451171875
0.0326042175292969 0.0285511016845703 0.26641845703125 0.0570068359375
0.0286540985107422 0.0268383026123047 -0.241973876953125 -0.0704498291015625
0.0194320678710938 0.00403976440429688 -0.08795166015625 -0.306671142578125
0.00560283660888672 0.0146369934082031 0.251373291015625 -0.425445556640625
-0.00835037231445312 0.0214805603027344 0.63934326171875 -0.19354248046875
-0.0257091522216797 -0.00530815124511718 0.60418701171875 0.4591064453125
-0.0195674896240234 -0.0332317352294922 0.01300048828125 0.87469482421875
0.009063720703125 0.0280990600585938 -0.4439697265625 0.538543701171875
0.0178337097167969 0.0469818115234375 0.0257072448730469 0.0645561218261719
0.0216350555419922 0.0118350982666016 0.501312255859375 -0.521240234375
0.00684738159179688 -0.0194683074951172 -0.0618286132812501 -0.91436767578125
-0.0221786499023438 -0.00922775268554687 -0.72442626953125 -0.344970703125
-0.0132608413696289 0.0169687271118164 -0.54742431640625 0.3145751953125
0.00123977661132813 0.0161714553833008 -0.139739990234375 0.46697998046875
0.00416183471679688 0.00465297698974609 0.2020263671875 0.29901123046875
0.0311527252197266 0.0269870758056641 0.272918701171875 0.05950927734375
0.0259838104248047 0.0211715698242188 -0.236343383789063 -0.0740966796875
0.0233154296875 -0.00450897216796875 -0.074005126953125 -0.3060302734375
0.0152111053466797 0.00390911102294922 0.274993896484375 -0.40887451171875
-3.4332275390623E-05 0.0193634033203125 0.6585693359375 -0.15264892578125
-0.0212268829345703 -0.000364303588867183 0.5797119140625 0.5050048828125
-0.0227489471435547 -0.0268344879150391 -0.0456542968749999 0.88226318359375
0.00188255310058594 0.0265293121337891 -0.46343994140625 0.51239013671875
0.0161933898925781 0.0438728332519531 0.0451774597167969 0.0490341186523438
0.0158109664916992 0.00893402099609375 0.477020263671875 -0.5478515625
-0.000128746032714844 -0.0116691589355469 -0.1158447265625 -0.89959716796875
-0.0159473419189453 -0.00183773040771484 -0.7362060546875 -0.2906494140625
-0.00150966644287109 0.0119647979736328 -0.520660400390625 0.346649169921875
0.00926494598388672 0.00594520568847656 -0.111968994140625 0.48052978515625
0.00722455978393555 -0.00408840179443359 0.21221923828125 0.298187255859375
0.0288295745849609 0.0217666625976563 0.276824951171875 0.0584564208984375
0.019134521484375 0.014312744140625 -0.234619140625 -0.079681396484375
0.0267772674560547 -0.0127601623535156 -0.06903076171875 -0.307647705078125
0.0252647399902344 -0.0034637451171875 0.289642333984375 -0.397186279296875
0.0118045806884766 0.0186233520507812 0.6710205078125 -0.125
-0.0154695510864258 0.00720596313476562 0.5623779296875 0.53253173828125
-0.0264873504638672 -0.0256385803222656 -0.0836181640625 0.88079833984375
0.000228881835937501 0.022216796875 -0.47314453125 0.48748779296875
0.01904296875 0.0352287292480469 0.0614814758300781 0.0366363525390625
0.0109748840332031 0.00490379333496094 0.4608154296875 -0.5672607421875
-0.00346899032592774 -0.00640773773193359 -0.1512451171875 -0.88836669921875
-0.00722599029541016 0.00390338897705078 -0.7384033203125 -0.2542724609375
0.010014533996582 0.00627899169921875 -0.49688720703125 0.37017822265625
0.0171422958374023 -0.00579643249511719 -0.093017578125 0.486907958984375
0.0106353759765625 -0.0149850845336914 0.21759033203125 0.295196533203125
0.0242996215820313 0.0174884796142578 0.281585693359375 0.055206298828125
0.0187091827392578 0.00826454162597656 -0.235260009765625 -0.0884246826171875
0.0320320129394531 -0.0219001770019531 -0.069427490234375 -0.315826416015625
0.0352516174316406 -0.01031494140625 0.295440673828125 -0.395904541015625
0.0241909027099609 0.0190887451171875 0.67584228515625 -0.11297607421875
-0.0114727020263672 0.0130939483642578 0.5556640625 0.54229736328125
-0.0273799896240234 -0.0260257720947266 -0.0964355468750001 0.8756103515625
0.00322341918945313 0.0110816955566406 -0.473876953125 0.472076416015625
0.0300521850585938 0.0250301361083984 0.0756759643554688 0.027435302734375
0.0103893280029297 -0.00607681274414063 0.45654296875 -0.58001708984375
-0.00648736953735352 -0.00538539886474609 -0.1649169921875 -0.88525390625
-0.00144529342651367 0.00867795944213867 -0.73931884765625 -0.2398681640625
0.0216846466064453 0.00093841552734375 -0.488433837890625 0.37823486328125
0.0259647369384766 -0.0123748779296875 -0.0851440429687499 0.49090576171875
0.0107231140136719 -0.0244846343994141 0.21905517578125 0.291656494140625
0.0223236083984375 0.0113983154296875 0.28265380859375 0.050872802734375
0.0150747299194336 0.00276470184326172 -0.238037109375 -0.095306396484375
0.0330810546875 -0.0299339294433594 -0.076507568359375 -0.322265625
0.0436668395996094 -0.0164070129394531 0.288543701171875 -0.40216064453125
0.0352668762207031 0.0206108093261719 0.677978515625 -0.12481689453125
-0.00508499145507812 0.0161714553833008 0.56689453125 0.53289794921875
-0.0270404815673828 -0.0287971496582031 -0.08331298828125 0.869384765625
0.0122566223144531 -0.000505447387695313 -0.462554931640625 0.468902587890625
0.0469627380371094 0.01324462890625 0.082550048828125 0.0234603881835938
0.0153102874755859 -0.017669677734375 0.4649658203125 -0.5858154296875
-0.00804853439331055 -0.00700759887695313 -0.159423828125 -0.89324951171875
0.00528049468994141 0.0114526748657227 -0.7364501953125 -0.24700927734375
0.0311260223388672 -0.00164222717285156 -0.490203857421875 0.375335693359375
0.0322284698486328 -0.0184726715087891 -0.0911865234375 0.491058349609375
0.0121440887451172 -0.0327301025390625 0.211883544921875 0.291717529296875
0.0193061828613281 0.00450325012207031 0.278717041015625 0.0461273193359375
0.0119991302490234 -0.00400733947753906 -0.245407104492188 -0.104156494140625
0.0297164916992188 -0.0357513427734375 -0.089080810546875 -0.331085205078125
0.0468406677246094 -0.0190811157226563 0.268951416015625 -0.416290283203125
0.0427665710449219 0.0195655822753906 0.6734619140625 -0.15380859375
-0.00149154663085937 0.0170183181762695 0.58856201171875 0.50372314453125
-0.0274772644042969 -0.0352058410644531 -0.0447998046875 0.86102294921875
0.020782470703125 -0.0137271881103516 -0.444488525390625 0.477691650390625
0.0620651245117187 0.000804901123046875 0.0826416015625 0.02728271484375
0.0228672027587891 -0.0283622741699219 0.48388671875 -0.57958984375
-0.0069570541381836 -0.0122470855712891 -0.125732421875 -0.90679931640625
0.00796318054199219 0.0135116577148438 -0.72796630859375 -0.27880859375
0.0391387939453125 -0.00158309936523437 -0.504058837890625 0.3575439453125
0.0376739501953125 -0.0186729431152344 -0.10919189453125 0.48541259765625
0.0120773315429688 -0.03607177734375 0.200286865234375 0.2889404296875
0.0171432495117187 -0.00233936309814453 0.276779174804688 0.041412353515625
0.0342807769775391 0.0291652679443359 -0.26123046875 -0.0703125
0.0121040344238281 0.0129766464233398 -0.126678466796875 -0.31396484375
-0.00159835815429688 0.0298881530761719 0.188232421875 -0.4632568359375
-0.0151023864746094 0.0289115905761719 0.5999755859375 -0.286376953125
-0.0307693481445313 -0.0100498199462891 0.65826416015625 0.35992431640625
-0.0186729431152344 -0.0480537414550781 0.137451171875 0.85528564453125
0.0325641632080078 0.00862503051757813 -0.387451171875 0.58917236328125
0.0449676513671875 0.0404205322265625 0.000526428222656246 0.0887908935546875
0.0451889038085938 0.00238418579101563 0.56085205078125 -0.474090576171875
0.0184173583984375 -0.0362358093261719 0.0633544921875 -0.94891357421875
-0.0266571044921875 -0.0271453857421875 -0.69305419921875 -0.4593505859375
-0.0257987976074219 0.0188140869140625 -0.60174560546875 0.24432373046875
-0.0122108459472656 0.0309829711914063 -0.1939697265625 0.444091796875
-0.00464630126953125 0.0163240432739258 0.17626953125 0.296112060546875
0.0347366333007813 0.0268669128417969 0.26495361328125 0.0521240234375
0.0339031219482422 0.0281982421875 -0.252853393554687 -0.0695037841796875
0.0149049758911133 0.0111894607543945 -0.107269287109375 -0.310791015625
0.000150680541992186 0.0243167877197266 0.219635009765625 -0.449432373046875
-0.0146503448486328 0.0263042449951172 0.6212158203125 -0.24365234375
-0.0300731658935547 -0.00872421264648437 0.63916015625 0.40948486328125
-0.0174560546875 -0.0395584106445313 0.08056640625 0.87115478515625
0.0216712951660156 0.0211524963378906 -0.41571044921875 0.57208251953125
0.0277175903320312 0.0460090637207031 0.00981903076171876 0.0806198120117188
0.0327262878417969 0.00840950012207031 0.529052734375 -0.4996337890625
0.0127220153808594 -0.0269412994384766 -0.00219726562500006 -0.9366455078125
-0.0265483856201172 -0.0184898376464844 -0.71484375 -0.401611328125
-0.0216388702392578 0.0187168121337891 -0.57891845703125 0.28173828125
-0.00669479370117188 0.0255622863769531 -0.1669921875 0.45819091796875
-0.0014801025390625 0.0118141174316406 0.190155029296875 0.30035400390625
0.0351219177246094 0.0265350341796875 0.269287109375 0.0571746826171875
0.0301628112792969 0.0250205993652344 -0.245407104492188 -0.0698394775390625
0.0179920196533203 0.00453948974609375 -0.091461181640625 -0.30926513671875
0.00550937652587891 0.0146923065185547 0.249237060546875 -0.431793212890625
-0.00884437561035156 0.0208206176757813 0.642822265625 -0.2003173828125
-0.0249195098876953 -0.00461769104003906 0.61419677734375 0.459228515625
-0.0193653106689453 -0.0325450897216797 0.018310546875 0.8829345703125
0.00989341735839844 0.0279445648193359 -0.441650390625 0.54541015625
0.0177536010742188 0.0480613708496094 0.0266990661621094 0.0651435852050781
0.0220890045166016 0.01129150390625 0.499908447265625 -0.526031494140625
0.00500583648681641 -0.0173501968383789 -0.0656127929687499 -0.91925048828125
-0.0218257904052734 -0.00989913940429688 -0.7332763671875 -0.3388671875
-0.0133857727050781 0.0163040161132813 -0.55059814453125 0.320343017578125
-0.000844955444335938 0.0165014266967773 -0.1357421875 0.470977783203125
0.00403690338134766 0.00505161285400391 0.2061767578125 0.29925537109375
0.0315570831298828 0.0267543792724609 0.2757568359375 0.0577392578125
0.0259284973144531 0.0229415893554687 -0.2392578125 -0.07281494140625
0.0223445892333984 -0.00305557250976563 -0.076171875 -0.3084716796875
0.0138492584228516 0.00390434265136719 0.273193359375 -0.414306640625
-0.000606536865234375 0.0180206298828125 0.66180419921875 -0.15716552734375
-0.022247314453125 0.00146102905273438 0.58587646484375 0.50433349609375
-0.0232715606689453 -0.0254039764404297 -0.0395507812499999 0.88720703125
0.00324630737304688 0.0268974304199219 -0.46435546875 0.515533447265625
0.0150985717773438 0.0437583923339844 0.0468254089355469 0.0498008728027344
0.0161914825439453 0.00949764251708984 0.476531982421875 -0.55279541015625
0.00011920928955078 -0.011235237121582 -0.123046875 -0.90594482421875
-0.015289306640625 -0.00178813934326172 -0.74346923828125 -0.288330078125
-0.00285911560058594 0.0111570358276367 -0.5196533203125 0.354888916015625
0.00841856002807617 0.0069727897644043 -0.10833740234375 0.48419189453125
0.00799083709716797 -0.00475358963012695 0.217254638671875 0.2977294921875
0.0300540924072266 0.0219993591308594 0.281524658203125 0.05706787109375
0.021209716796875 0.0149593353271484 -0.237380981445312 -0.0785675048828125
0.0277805328369141 -0.0138893127441406 -0.072052001953125 -0.31005859375
0.0244503021240234 -0.00472259521484375 0.289764404296875 -0.403900146484375
0.0125789642333984 0.0174007415771484 0.67279052734375 -0.1285400390625
-0.0164394378662109 0.00537395477294922 0.56756591796875 0.5318603515625
-0.0258655548095703 -0.0231742858886719 -0.0787353515625 0.88592529296875
0.000135421752929687 0.0222454071044922 -0.474945068359375 0.492950439453125
0.0179977416992188 0.03704833984375 0.062255859375 0.0354499816894531
0.0111541748046875 0.00324249267578125 0.462158203125 -0.57269287109375
-0.00303554534912109 -0.00507259368896484 -0.15771484375 -0.89373779296875
-0.00894737243652344 0.00407695770263672 -0.744140625 -0.2509765625
0.00995922088623047 0.00579833984375 -0.498779296875 0.375
0.0186786651611328 -0.00460052490234375 -0.0887451171875 0.4912109375
0.0105934143066406 -0.0141363143920898 0.224456787109375 0.29345703125
0.0248908996582031 0.0170822143554688 0.28289794921875 0.054901123046875
0.0176334381103516 0.00772857666015625 -0.23822021484375 -0.0866546630859375
0.0309925079345703 -0.0220451354980469 -0.07305908203125 -0.316650390625
0.0360450744628906 -0.0102882385253906 0.2913818359375 -0.399932861328125
0.0241489410400391 0.0185680389404297 0.68206787109375 -0.11962890625
-0.0116729736328125 0.0110998153686523 0.56524658203125 0.54217529296875
-0.0275249481201172 -0.0252914428710938 -0.09454345703125 0.8804931640625
0.00459575653076172 0.0122566223144531 -0.473907470703125 0.479248046875
0.0315990447998047 0.0257110595703125 0.0759735107421875 0.0288925170898437
0.0120677947998047 -0.00646877288818359 0.4569091796875 -0.58770751953125
-0.00688409805297852 -0.00491762161254883 -0.1722412109375 -0.89190673828125
-0.00104475021362305 0.00787639617919922 -0.74578857421875 -0.23602294921875
0.0205268859863281 0.000432968139648437 -0.48736572265625 0.38507080078125
0.0273761749267578 -0.0139102935791016 -0.08233642578125 0.49554443359375
0.0102024078369141 -0.0231704711914063 0.224151611328125 0.29254150390625
0.0226116180419922 0.0115985870361328 0.284637451171875 0.050262451171875
0.014979362487793 0.00201416015625 -0.241531372070313 -0.0948638916015625
0.0322914123535156 -0.0303153991699219 -0.080047607421875 -0.324951171875
0.0437698364257813 -0.01617431640625 0.28619384765625 -0.409149169921875
0.0353622436523438 0.0209503173828125 0.68267822265625 -0.1295166015625
-0.0061492919921875 0.0156383514404297 0.57427978515625 0.53302001953125
-0.0288066864013672 -0.0289554595947266 -0.0797119140625 0.87591552734375
0.0112686157226563 -0.0006561279296875 -0.46356201171875 0.475341796875
0.04644775390625 0.0124435424804687 0.0824432373046875 0.023712158203125
0.0154876708984375 -0.01678466796875 0.464599609375 -0.59228515625
-0.00751018524169922 -0.00734233856201172 -0.1668701171875 -0.897705078125
0.00379276275634766 0.0118274688720703 -0.74334716796875 -0.24371337890625
0.0317726135253906 -0.00263214111328125 -0.49169921875 0.38177490234375
0.0326385498046875 -0.0186767578125 -0.0880432128906249 0.494964599609375
0.0118808746337891 -0.0315608978271484 0.216400146484375 0.290557861328125
0.0198516845703125 0.00387763977050781 0.283172607421875 0.045074462890625
0.0123262405395508 -0.00348854064941406 -0.24761962890625 -0.103729248046875
0.0305061340332031 -0.0361709594726563 -0.094146728515625 -0.334930419921875
0.0471763610839844 -0.0194435119628906 0.267578125 -0.420745849609375
0.0437164306640625 0.0202178955078125 0.67486572265625 -0.15887451171875
-0.001556396484375 0.0180797576904297 0.59405517578125 0.50152587890625
-0.0272960662841797 -0.0336418151855469 -0.0426635742187501 0.86688232421875
0.0213165283203125 -0.0147056579589844 -0.444427490234375 0.481842041015625
0.0634803771972656 0.000797271728515625 0.0830230712890625 0.0272064208984375
0.0217952728271484 -0.0298500061035156 0.48638916015625 -0.5859375
-0.00613212585449219 -0.0126066207885742 -0.134765625 -0.910888671875
0.00690460205078125 0.013763427734375 -0.73565673828125 -0.27716064453125
0.0393486022949219 -0.00217819213867188 -0.503936767578125 0.3634033203125
0.0382804870605469 -0.0194473266601563 -0.1072998046875 0.489227294921875
0.0137901306152344 -0.0377349853515625 0.204345703125 0.2899169921875
0.0188159942626953 -0.00298881530761719 0.278366088867187 0.040985107421875
0.035858154296875 0.0289154052734375 -0.2655029296875 -0.0694427490234375
0.0110092163085938 0.0123319625854492 -0.13214111328125 -0.314544677734375
-0.00282478332519531 0.0308170318603516 0.1846923828125 -0.47003173828125
-0.0158500671386719 0.0306053161621094 0.60089111328125 -0.29351806640625
-0.0314521789550781 -0.00942039489746094 0.66522216796875 0.35595703125
-0.0180435180664062 -0.0492477416992188 0.14410400390625 0.85906982421875
0.0328559875488281 0.00923919677734375 -0.3857421875 0.59405517578125
0.0452346801757812 0.0400733947753906 0.00109100341796875 0.0916595458984375
0.0450668334960938 0.00132369995117188 0.560150146484375 -0.483245849609375
0.0196418762207031 -0.0378761291503906 0.05401611328125 -0.95654296875
-0.0279979705810547 -0.0281467437744141 -0.7021484375 -0.455810546875
-0.0263214111328125 0.0196208953857422 -0.60516357421875 0.2520751953125
-0.0112972259521484 0.0319881439208984 -0.19122314453125 0.449188232421875
-0.00308799743652344 0.016209602355957 0.180450439453125 0.29559326171875
0.03558349609375 0.02593994140625 0.26800537109375 0.051544189453125
0.0346794128417969 0.02789306640625 -0.2562255859375 -0.0670318603515625
0.0144014358520508 0.0111465454101563 -0.111785888671875 -0.311676025390625
-0.000326156616210937 0.0244331359863281 0.216766357421875 -0.456390380859375
-0.0145797729492188 0.0255718231201172 0.6226806640625 -0.2528076171875
-0.030181884765625 -0.00899505615234374 0.644287109375 0.4075927734375
-0.0189590454101563 -0.0398216247558594 0.0873413085937501 0.8798828125
0.0220069885253906 0.0206813812255859 -0.414794921875 0.5787353515625
0.0292892456054688 0.04693603515625 0.0104217529296875 0.0798568725585938
0.0333671569824219 0.00855636596679688 0.52984619140625 -0.50738525390625
0.012969970703125 -0.0270462036132812 -0.0104370117187501 -0.94384765625
-0.0261344909667969 -0.0184574127197266 -0.72314453125 -0.39996337890625
-0.0218791961669922 0.0158901214599609 -0.58056640625 0.28955078125
-0.00588035583496094 0.0262603759765625 -0.163299560546875 0.464324951171875
-0.001190185546875 0.0141420364379883 0.19525146484375 0.30047607421875
0.0354347229003906 0.0265159606933594 0.273605346679688 0.0552825927734375
0.0310115814208984 0.0259456634521484 -0.24871826171875 -0.0685272216796875
0.0187282562255859 0.00389671325683594 -0.095001220703125 -0.309967041015625
0.00532817840576172 0.014007568359375 0.246826171875 -0.43780517578125
-0.009429931640625 0.0200977325439453 0.64410400390625 -0.20782470703125
-0.0263919830322266 -0.00505256652832031 0.6177978515625 0.4569091796875
-0.0202808380126953 -0.0318756103515625 0.0238647460937499 0.88592529296875
0.0100116729736328 0.0278396606445313 -0.44287109375 0.5521240234375
0.0189056396484375 0.0471115112304688 0.02606201171875 0.0648345947265625
0.0220966339111328 0.0115013122558594 0.501373291015625 -0.5338134765625
0.00527000427246093 -0.0188083648681641 -0.0736083984375 -0.92718505859375
-0.0229301452636719 -0.00993728637695313 -0.738037109375 -0.33697509765625
-0.0137739181518555 0.0166873931884766 -0.551361083984375 0.3292236328125
0.000478744506835936 0.016357421875 -0.13128662109375 0.477783203125
0.00473308563232422 0.00584983825683594 0.21087646484375 0.299163818359375
0.0321674346923828 0.0247840881347656 0.280014038085938 0.056976318359375
0.0278739929199219 0.0211963653564453 -0.241943359375 -0.0723114013671875
0.0227184295654297 -0.00393486022949219 -0.081298828125 -0.31170654296875
0.0147829055786133 0.00425815582275391 0.270660400390625 -0.42193603515625
-0.000137329101562499 0.0189170837402344 0.66497802734375 -0.166259765625
-0.0213356018066406 -0.000169754028320313 0.59417724609375 0.50335693359375
-0.0228557586669922 -0.0261402130126953 -0.03369140625 0.89410400390625
0.00298690795898438 0.0279464721679688 -0.46417236328125 0.5228271484375
0.0167312622070312 0.0443954467773438 0.0459632873535156 0.0488014221191406
0.0157098770141602 0.00965976715087891 0.47698974609375 -0.561187744140625
0.000633239746093751 -0.0112934112548828 -0.13067626953125 -0.9129638671875
-0.0165863037109375 -0.00252532958984375 -0.74969482421875 -0.28399658203125
-0.00196170806884765 0.0114889144897461 -0.520660400390625 0.362762451171875
0.00897884368896484 0.00612354278564453 -0.1026611328125 0.4888916015625
0.00783967971801758 -0.00350189208984375 0.222747802734375 0.296661376953125
0.0301399230957031 0.0216484069824219 0.283172607421875 0.055206298828125
0.0220184326171875 0.0157184600830078 -0.240234375 -0.0783843994140625
0.028900146484375 -0.0122337341308594 -0.076019287109375 -0.312103271484375
0.0248832702636719 -0.00441169738769531 0.287506103515625 -0.409881591796875
0.0126419067382813 0.0181636810302734 0.6754150390625 -0.1378173828125
-0.0164031982421875 0.00611686706542969 0.57489013671875 0.5302734375
-0.0268173217773438 -0.0238285064697266 -0.0755615234374999 0.892578125
0.000663757324218751 0.0225009918212891 -0.47540283203125 0.49981689453125
0.0201606750488281 0.0364341735839844 0.0623397827148438 0.0365638732910156
0.0100669860839844 0.00477027893066406 0.46075439453125 -0.58001708984375
-0.00343132019042969 -0.00612640380859375 -0.1654052734375 -0.89910888671875
-0.00883769989013672 0.00380039215087891 -0.75213623046875 -0.2469482421875
0.0101566314697266 0.00537109375 -0.49969482421875 0.3824462890625
0.0185031890869141 -0.00438499450683594 -0.0865478515625 0.494171142578125
0.00968265533447266 -0.0147638320922852 0.22955322265625 0.2947998046875
0.0269546508789063 0.0161609649658203 0.2882080078125 0.052520751953125
0.0193748474121094 0.00883102416992188 -0.24200439453125 -0.0857543945312501
0.0311927795410156 -0.0226116180419922 -0.076904296875 -0.318939208984375
0.0367355346679688 -0.0117912292480469 0.291717529296875 -0.408294677734375
0.0237693786621094 0.0184917449951172 0.6824951171875 -0.12744140625
-0.0116672515869141 0.0124835968017578 0.571044921875 0.54144287109375
-0.0278263092041016 -0.0242881774902344 -0.0897216796875001 0.88824462890625
0.00565624237060547 0.012547492980957 -0.475433349609375 0.48577880859375
0.0325069427490234 0.0250644683837891 0.0760955810546875 0.0270843505859375
0.0115451812744141 -0.00551319122314453 0.45672607421875 -0.5947265625
-0.00743722915649414 -0.00496006011962891 -0.181640625 -0.89569091796875
-0.00185251235961914 0.00855398178100586 -0.75396728515625 -0.23211669921875
0.0210170745849609 0.000284194946289063 -0.488739013671875 0.3931884765625
0.0262279510498047 -0.0141754150390625 -0.07659912109375 0.50054931640625
0.0118789672851563 -0.0253810882568359 0.22943115234375 0.29150390625
0.0235881805419922 0.0105514526367187 0.289642333984375 0.047393798828125
0.0155763626098633 0.00231742858886719 -0.245315551757813 -0.0931243896484375
0.0314731597900391 -0.0308151245117188 -0.084320068359375 -0.326629638671875
0.0434455871582031 -0.016754150390625 0.2840576171875 -0.41534423828125
0.035858154296875 0.0192298889160156 0.68487548828125 -0.1378173828125
-0.00555324554443359 0.0163383483886719 0.5809326171875 0.53350830078125
-0.0289382934570313 -0.0278148651123047 -0.0758666992187499 0.883056640625
0.0121259689331055 -0.000690460205078125 -0.46514892578125 0.481231689453125
0.0466194152832031 0.0129318237304688 0.0838394165039063 0.0245590209960937
0.0145778656005859 -0.0165128707885742 0.46337890625 -0.599609375
-0.00731945037841797 -0.00701141357421875 -0.17303466796875 -0.9039306640625
0.00257968902587891 0.0113143920898438 -0.75164794921875 -0.2384033203125
0.03155517578125 -0.002777099609375 -0.49114990234375 0.388397216796875
0.0336093902587891 -0.0193386077880859 -0.083526611328125 0.499420166015625
0.0115699768066406 -0.0326690673828125 0.22149658203125 0.28961181640625
0.0204963684082031 0.00338363647460938 0.285614013671875 0.041717529296875
0.0143852233886719 -0.003204345703125 -0.252288818359375 -0.101425170898437
0.0299224853515625 -0.0363044738769531 -0.097991943359375 -0.336822509765625
0.0468063354492188 -0.0199966430664062 0.263824462890625 -0.427459716796875
0.0444564819335938 0.0192680358886719 0.677978515625 -0.16705322265625
-0.00153064727783203 0.0174837112426758 0.60101318359375 0.501220703125
-0.0272083282470703 -0.0336894989013672 -0.0364990234374999 0.873291015625
0.0201930999755859 -0.0134830474853516 -0.44464111328125 0.49017333984375
0.06341552734375 0.000423431396484375 0.082244873046875 0.027252197265625
0.0220527648925781 -0.0291233062744141 0.48345947265625 -0.5931396484375
-0.00795364379882813 -0.0117759704589844 -0.1416015625 -0.91754150390625
0.00664806365966797 0.0124845504760742 -0.74420166015625 -0.2723388671875
0.03912353515625 -0.00287246704101563 -0.505584716796875 0.37164306640625
0.0383033752441406 -0.0201454162597656 -0.100677490234375 0.493804931640625
0.0121726989746094 -0.0374336242675781 0.2095947265625 0.290069580078125
0.0186977386474609 -0.00298690795898438 0.281890869140625 0.038360595703125
0.0374565124511719 0.0275230407714844 -0.268661499023438 -0.0673217773437501
0.0106534957885742 0.0139312744140625 -0.136016845703125 -0.31689453125
-0.00191879272460938 0.0312519073486328 0.1820068359375 -0.475067138671875
-0.0151042938232422 0.0308895111083984 0.600830078125 -0.3021240234375
-0.0331020355224609 -0.00992965698242187 0.67266845703125 0.35418701171875
-0.0187530517578125 -0.0478973388671875 0.15069580078125 0.864013671875
0.0335559844970703 0.00829696655273438 -0.38330078125 0.60162353515625
0.0450820922851563 0.0403861999511719 0.00186920166015624 0.0920867919921875
0.0459861755371094 0.00223922729492188 0.55975341796875 -0.48992919921875
0.0189361572265625 -0.0379142761230469 0.0468139648437499 -0.96337890625
-0.0288543701171875 -0.0285587310791016 -0.71142578125 -0.45361328125
-0.0277976989746094 0.0194835662841797 -0.60626220703125 0.26080322265625
-0.0108299255371094 0.0318069458007813 -0.186920166015625 0.4539794921875
-0.00516510009765625 0.0176677703857422 0.186004638671875 0.296356201171875
0.036346435546875 0.0256080627441406 0.270309448242188 0.0480804443359375
0.0363235473632813 0.0279769897460937 -0.258773803710938 -0.06536865234375
0.0133419036865234 0.0110540390014648 -0.117095947265625 -0.31341552734375
3.62396240234385E-05 0.0247764587402344 0.21173095703125 -0.46240234375
-0.0143871307373047 0.0249443054199219 0.62261962890625 -0.2620849609375
-0.0322456359863281 -0.00716590881347656 0.65325927734375 0.404541015625
-0.0190086364746094 -0.03961181640625 0.0946655273437501 0.88214111328125
0.0223751068115234 0.0213279724121094 -0.4111328125 0.58502197265625
0.0299034118652344 0.0471382141113281 0.00945281982421874 0.0811233520507813
0.0327281951904297 0.00983238220214844 0.527862548828125 -0.51397705078125
0.0116863250732422 -0.0272922515869141 -0.018798828125 -0.95123291015625
-0.0276565551757812 -0.0188407897949219 -0.7330322265625 -0.39642333984375
-0.0233955383300781 0.0188140869140625 -0.58111572265625 0.29779052734375
-0.00615119934082031 0.0255279541015625 -0.16009521484375 0.468841552734375
-0.000329017639160157 0.0141324996948242 0.200439453125 0.298614501953125
0.0353889465332031 0.0261993408203125 0.276412963867188 0.0528106689453125
0.03125 0.0253582000732422 -0.251296997070313 -0.0667572021484375
0.0177516937255859 0.0052642822265625 -0.101043701171875 -0.31182861328125
0.00535202026367188 0.0139198303222656 0.241729736328125 -0.443145751953125
-0.00764083862304687 0.0209598541259766 0.64642333984375 -0.21612548828125
-0.0279216766357422 -0.00443840026855468 0.626953125 0.4544677734375
-0.0198516845703125 -0.0316371917724609 0.0305786132812501 0.89422607421875
0.0104141235351562 0.0273990631103516 -0.44097900390625 0.55938720703125
0.0183219909667969 0.0480880737304687 0.0259819030761719 0.0673713684082031
0.0221023559570313 0.0119857788085938 0.498260498046875 -0.54095458984375
0.00597000122070312 -0.0174427032470703 -0.0831909179687501 -0.93341064453125
-0.0231742858886719 -0.00899124145507812 -0.74774169921875 -0.3321533203125
-0.0132436752319336 0.0153713226318359 -0.55181884765625 0.337432861328125
0.000608444213867188 0.016871452331543 -0.1280517578125 0.481658935546875
0.00437068939208984 0.00568628311157227 0.216552734375 0.29901123046875
0.0333061218261719 0.0237064361572266 0.28167724609375 0.05462646484375
0.0272293090820313 0.0201015472412109 -0.246566772460938 -0.0703277587890625
0.0229339599609375 -0.00387001037597656 -0.087005615234375 -0.312530517578125
0.0143499374389648 0.00370979309082031 0.267669677734375 -0.428619384765625
0.000200271606445313 0.017329216003418 0.6668701171875 -0.17449951171875
-0.0238113403320312 -0.000774383544921879 0.6009521484375 0.50048828125
-0.0229721069335938 -0.0262584686279297 -0.0274658203125 0.9014892578125
0.00398826599121094 0.0270824432373047 -0.46258544921875 0.53173828125
0.01593017578125 0.0441207885742188 0.045654296875 0.05023193359375
0.015772819519043 0.00937271118164062 0.47357177734375 -0.56768798828125
0.000182151794433594 -0.00987815856933594 -0.1409912109375 -0.9158935546875
-0.0177993774414063 -0.00148582458496094 -0.7569580078125 -0.2794189453125
-0.00245857238769531 0.011418342590332 -0.522308349609375 0.36944580078125
0.0100574493408203 0.00707340240478516 -0.099578857421875 0.494171142578125
0.008056640625 -0.00280475616455078 0.227996826171875 0.295501708984375
0.0304470062255859 0.0216655731201172 0.286895751953125 0.0537109375
0.0237998962402344 0.0148162841796875 -0.244979858398438 -0.075714111328125
0.028350830078125 -0.0143280029296875 -0.08148193359375 -0.31512451171875
0.0252628326416016 -0.00504112243652344 0.282867431640625 -0.417816162109375
0.0117473602294922 0.016810417175293 0.67633056640625 -0.14642333984375
-0.0164346694946289 0.00703811645507813 0.5830078125 0.52783203125
-0.0268115997314453 -0.0218639373779297 -0.06689453125 0.89996337890625
0.00140762329101563 0.0238132476806641 -0.4747314453125 0.507568359375
0.0208854675292969 0.0366706848144531 0.0631790161132813 0.0373764038085938
0.0107021331787109 0.00412940979003906 0.45989990234375 -0.5875244140625
-0.00320339202880859 -0.00588035583496094 -0.17218017578125 -0.90380859375
-0.00980377197265625 0.00385665893554687 -0.759521484375 -0.2412109375
0.00918674468994141 0.00564002990722656 -0.49920654296875 0.3917236328125
0.0191841125488281 -0.00515365600585938 -0.0800781249999999 0.499664306640625
0.0106716156005859 -0.014495849609375 0.234649658203125 0.293975830078125
0.0277233123779297 0.0155467987060547 0.290069580078125 0.049713134765625
0.0195178985595703 0.00851058959960938 -0.245101928710938 -0.0841522216796875
0.0317745208740234 -0.0229663848876953 -0.081298828125 -0.321319580078125
0.0351428985595703 -0.0127906799316406 0.28680419921875 -0.41400146484375
0.0244998931884766 0.0194358825683594 0.6856689453125 -0.13623046875
-0.0114059448242187 0.0119991302490234 0.57733154296875 0.53955078125
-0.0276050567626953 -0.0240993499755859 -0.08392333984375 0.89422607421875
0.00472736358642578 0.0126028060913086 -0.474517822265625 0.494964599609375
0.0322608947753906 0.0251064300537109 0.076080322265625 0.0278549194335938
0.0116376876831055 -0.00485324859619141 0.45343017578125 -0.602783203125
-0.00656795501708985 -0.00476408004760742 -0.18988037109375 -0.90118408203125
-0.00241756439208984 0.00945949554443359 -0.760986328125 -0.2265625
0.0204429626464844 0.000179290771484375 -0.48651123046875 0.4000244140625
0.0263652801513672 -0.01300048828125 -0.071807861328125 0.50396728515625
0.0121917724609375 -0.0236377716064453 0.234161376953125 0.290985107421875
0.0247592926025391 0.00903701782226563 0.291656494140625 0.04498291015625
0.0174016952514648 0.00170707702636719 -0.248123168945313 -0.091156005859375
0.0316982269287109 -0.0314483642578125 -0.089599609375 -0.328216552734375
0.0438690185546875 -0.0167388916015625 0.280670166015625 -0.42059326171875
0.0366668701171875 0.0196571350097656 0.68817138671875 -0.14666748046875
-0.00684070587158203 0.0154829025268555 0.589599609375 0.52984619140625
-0.0288429260253906 -0.0262470245361328 -0.0692138671875001 0.88909912109375
0.0128850936889648 0.000542640686035156 -0.46368408203125 0.487884521484375
0.0477294921875 0.0128097534179688 0.0832366943359375 0.0235519409179688
0.0157594680786133 -0.0173482894897461 0.462158203125 -0.60845947265625
-0.00783681869506836 -0.00592470169067383 -0.1837158203125 -0.90875244140625
0.00285434722900391 0.0119495391845703 -0.75689697265625 -0.23431396484375
0.0310325622558594 -0.00299835205078125 -0.489837646484375 0.39703369140625
0.0334835052490234 -0.0187053680419922 -0.0780029296875 0.503265380859375
0.0108871459960937 -0.0327720642089844 0.227294921875 0.289581298828125
0.0216121673583984 0.00211143493652344 0.289215087890625 0.039825439453125
0.0147933959960937 -0.00366401672363281 -0.256362915039062 -0.0989685058593749
0.0299034118652344 -0.0363121032714844 -0.10357666015625 -0.33648681640625
0.0481109619140625 -0.0202674865722656 0.26025390625 -0.43353271484375
0.0443992614746094 0.0198402404785156 0.6806640625 -0.17529296875
-0.000967025756835937 0.0173625946044922 0.60943603515625 0.49755859375
-0.0281314849853516 -0.0332431793212891 -0.0302734375 0.8797607421875
0.0216236114501953 -0.0141754150390625 -0.44464111328125 0.49505615234375
0.0640029907226563 0.00052642822265625 0.0832672119140625 0.0261001586914063
0.023101806640625 -0.0289669036865234 0.483154296875 -0.60076904296875
-0.00639152526855469 -0.0100879669189453 -0.14923095703125 -0.92431640625
0.00635528564453125 0.0122547149658203 -0.752197265625 -0.265625
0.0390357971191406 -0.00346755981445312 -0.505584716796875 0.37890625
0.0384788513183594 -0.0194015502929688 -0.0970458984375001 0.499542236328125
0.010955810546875 -0.0366706848144531 0.2139892578125 0.2874755859375
0.0197658538818359 -0.00484466552734375 0.284820556640625 0.035400390625
0.038330078125 0.0270576477050781 -0.271621704101562 -0.06396484375
0.0112571716308594 0.0143260955810547 -0.141845703125 -0.317413330078125
-0.00177192687988281 0.0315265655517578 0.17547607421875 -0.4803466796875
-0.0149745941162109 0.0302219390869141 0.60064697265625 -0.31243896484375
-0.0336990356445313 -0.00987815856933594 0.677490234375 0.34747314453125
-0.0181846618652344 -0.0478973388671875 0.160888671875 0.86798095703125
0.0335540771484375 0.00785064697265625 -0.3770751953125 0.60699462890625
0.0461311340332031 0.039337158203125 0.00118255615234376 0.093475341796875
0.04498291015625 0.00224685668945313 0.556304931640625 -0.49810791015625
0.0186500549316406 -0.0374794006347656 0.0361938476562501 -0.97235107421875
-0.0303173065185547 -0.0273380279541016 -0.7188720703125 -0.44671630859375
-0.0273036956787109 0.0190696716308594 -0.60833740234375 0.26947021484375
-0.0115890502929687 0.0332088470458984 -0.181976318359375 0.4581298828125
-0.00472068786621094 0.0179042816162109 0.19171142578125 0.293853759765625
0.0385818481445313 0.0237388610839844 0.27349853515625 0.0460662841796875
0.0369186401367187 0.0269851684570312 -0.2598876953125 -0.0634307861328124
0.0150814056396484 0.011479377746582 -0.121978759765625 -0.315277099609375
-0.00125885009765625 0.0241222381591797 0.20458984375 -0.469451904296875
-0.0147209167480469 0.0260677337646484 0.62371826171875 -0.27142333984375
-0.0325279235839844 -0.00758934020996093 0.65899658203125 0.39666748046875
-0.0182380676269531 -0.0381546020507813 0.10430908203125 0.88787841796875
0.0233631134033203 0.0214004516601563 -0.4083251953125 0.59088134765625
0.0294532775878906 0.0479698181152344 0.0107879638671875 0.0822906494140625
0.0330867767333984 0.00947380065917969 0.526153564453125 -0.521881103515625
0.0112171173095703 -0.0272178649902344 -0.0303955078125 -0.95635986328125
-0.0280170440673828 -0.0181636810302734 -0.7401123046875 -0.3885498046875
-0.02252197265625 0.0200138092041016 -0.5821533203125 0.3074951171875
-0.00669479370117188 0.0265674591064453 -0.154632568359375 0.4735107421875
-0.00192928314208984 0.0146427154541016 0.204437255859375 0.29669189453125
0.0379981994628906 0.0249595642089844 0.279190063476563 0.0512847900390625
0.0332012176513672 0.0252323150634766 -0.25482177734375 -0.0636749267578126
0.0174293518066406 0.00583744049072266 -0.105712890625 -0.31341552734375
0.00512313842773438 0.0141067504882813 0.236083984375 -0.449737548828125
-0.00953292846679688 0.0210533142089844 0.646240234375 -0.22607421875
-0.0275592803955078 -0.00428199768066406 0.63372802734375 0.44921875
-0.0201416015625 -0.0296249389648438 0.03948974609375 0.8992919921875
0.0109767913818359 0.0281887054443359 -0.437255859375 0.567626953125
0.0191802978515625 0.0488395690917969 0.0247344970703125 0.0654487609863281
0.0216102600097656 0.0126571655273438 0.49658203125 -0.54864501953125
0.0056304931640625 -0.0170907974243164 -0.09283447265625 -0.9378662109375
-0.02392578125 -0.00810623168945313 -0.7574462890625 -0.32525634765625
-0.0134201049804688 0.0161533355712891 -0.550750732421875 0.346527099609375
0.00155830383300781 0.0179080963134766 -0.121337890625 0.486663818359375
0.00404787063598633 0.00700139999389649 0.21966552734375 0.296417236328125
0.0329494476318359 0.0237941741943359 0.285980224609375 0.05072021484375
0.0294609069824219 0.0202007293701172 -0.249130249023437 -0.066162109375
0.0228195190429688 -0.00274848937988281 -0.092803955078125 -0.312835693359375
0.0143842697143555 0.00484180450439453 0.26300048828125 -0.43463134765625
0.000368118286132811 0.018035888671875 0.6673583984375 -0.183349609375
-0.0230674743652344 0.00016975402832031 0.60986328125 0.4952392578125
-0.0232715606689453 -0.0245037078857422 -0.0194091796874999 0.90496826171875
0.00395774841308594 0.0281333923339844 -0.46148681640625 0.539031982421875
0.0175247192382812 0.0444145202636719 0.0474433898925781 0.0504531860351563
0.0155115127563477 0.0105476379394531 0.47149658203125 -0.57440185546875
0.00027751922607422 -0.0104274749755859 -0.15203857421875 -0.9205322265625
-0.0173158645629883 -0.00191593170166016 -0.7666015625 -0.2725830078125
-0.00206375122070313 0.0107336044311523 -0.51898193359375 0.377777099609375
0.00961399078369141 0.00621986389160156 -0.093719482421875 0.49688720703125
0.00715398788452148 -0.00398492813110351 0.23370361328125 0.29461669921875
0.0320396423339844 0.0198802947998047 0.290130615234375 0.05023193359375
0.0246257781982422 0.0139312744140625 -0.247528076171875 -0.0743408203125
0.0275173187255859 -0.0143165588378906 -0.086181640625 -0.317474365234375
0.0255126953125 -0.00478744506835938 0.278289794921875 -0.42333984375
0.0125598907470703 0.0176658630371094 0.68170166015625 -0.15679931640625
-0.0171327590942383 0.00577926635742187 0.5927734375 0.52294921875
-0.0266189575195313 -0.0215015411376953 -0.0599365234375 0.905517578125
0.00169563293457031 0.0252666473388672 -0.47442626953125 0.51434326171875
0.0200614929199219 0.036346435546875 0.0634269714355469 0.0360832214355469
0.0122489929199219 0.00492477416992188 0.45477294921875 -0.59527587890625
-0.00233554840087891 -0.00578880310058594 -0.18505859375 -0.90875244140625
-0.011143684387207 0.0056304931640625 -0.76904296875 -0.23492431640625
0.00908470153808594 0.00454044342041016 -0.496551513671875 0.397491455078125
0.0178012847900391 -0.00638389587402344 -0.073760986328125 0.504241943359375
0.0108976364135742 -0.0138235092163086 0.239776611328125 0.290740966796875
0.0291690826416016 0.0139122009277344 0.29254150390625 0.046356201171875
0.021820068359375 0.0079193115234375 -0.2486572265625 -0.0815887451171874
0.0302696228027344 -0.0233592987060547 -0.087493896484375 -0.3226318359375
0.0350990295410156 -0.0110912322998047 0.283660888671875 -0.42236328125
0.0244884490966797 0.0176506042480469 0.68597412109375 -0.14520263671875
-0.0114879608154297 0.0112743377685547 0.5860595703125 0.5384521484375
-0.0287361145019531 -0.0238094329833984 -0.0761718749999999 0.90087890625
0.00579929351806641 0.0128192901611328 -0.471832275390625 0.50146484375
0.0323410034179688 0.0250148773193359 0.0770111083984375 0.027862548828125
0.0118856430053711 -0.00517177581787109 0.45001220703125 -0.6097412109375
-0.00631523132324219 -0.00456953048706055 -0.1993408203125 -0.9053955078125
-0.00314426422119141 0.00836706161499023 -0.7684326171875 -0.21942138671875
0.0196895599365234 -0.000621795654296875 -0.4849853515625 0.408203125
0.0260124206542969 -0.0141162872314453 -0.06585693359375 0.506744384765625
0.0111274719238281 -0.0249271392822266 0.239227294921875 0.287933349609375
0.0244159698486328 0.0100059509277344 0.294677734375 0.041290283203125
0.0184097290039063 0.00122451782226562 -0.25421142578125 -0.08953857421875
0.0312767028808594 -0.0316009521484375 -0.094970703125 -0.329254150390625
0.0428657531738281 -0.0168800354003906 0.276031494140625 -0.42718505859375
0.0357170104980469 0.0195159912109375 0.69036865234375 -0.15606689453125
-0.00783824920654297 0.0160322189331055 0.59710693359375 0.52667236328125
-0.0292835235595703 -0.0266304016113281 -0.0616455078125001 0.89447021484375
0.0125131607055664 0.000139236450195313 -0.46142578125 0.49627685546875
0.0482673645019531 0.0117759704589844 0.0828399658203125 0.022674560546875
0.014399528503418 -0.0165214538574219 0.457275390625 -0.616943359375
-0.00751924514770508 -0.00620222091674805 -0.19329833984375 -0.9124755859375
0.00369930267333984 0.0125522613525391 -0.764892578125 -0.2264404296875
0.0313606262207031 -0.00438308715820313 -0.48785400390625 0.405853271484375
0.0339813232421875 -0.0191917419433594 -0.0714111328125 0.507843017578125
0.0103130340576172 -0.0320053100585938 0.233673095703125 0.28765869140625
0.0219821929931641 0.00182342529296875 0.29205322265625 0.036834716796875
0.0145912170410156 -0.00544834136962891 -0.259902954101563 -0.0956268310546876
0.027740478515625 -0.0373077392578125 -0.108856201171875 -0.336639404296875
0.0468254089355469 -0.0212936401367187 0.25408935546875 -0.4404296875
0.0460014343261719 0.0194625854492188 0.6817626953125 -0.183837890625
-0.00119876861572266 0.0169095993041992 0.61749267578125 0.49456787109375
-0.0280532836914062 -0.0328273773193359 -0.0238037109375 0.88525390625
0.0219745635986328 -0.0139198303222656 -0.4420166015625 0.50244140625
0.0652542114257813 -0.000644683837890625 0.084716796875 0.02581787109375
0.0218410491943359 -0.02996826171875 0.48016357421875 -0.60882568359375
-0.00746917724609375 -0.0111780166625977 -0.15869140625 -0.92877197265625
0.00580310821533203 0.0128374099731445 -0.75860595703125 -0.25885009765625
0.0390548706054688 -0.004852294921875 -0.50274658203125 0.387725830078125
0.0397262573242188 -0.0220947265625 -0.08935546875 0.50177001953125
0.0105323791503906 -0.0375328063964844 0.219512939453125 0.2855224609375
0.0192451477050781 -0.00578498840332031 0.28802490234375 0.0325927734375
0.0395431518554688 0.0273284912109375 -0.275253295898438 -0.0595855712890625
0.0111236572265625 0.0136213302612305 -0.148223876953125 -0.317047119140625
-0.00239181518554687 0.0321712493896484 0.168212890625 -0.486419677734375
-0.0144939422607422 0.0306053161621094 0.596923828125 -0.3231201171875
-0.0342731475830078 -0.00869178771972656 0.68560791015625 0.341064453125
-0.0196876525878906 -0.0475692749023438 0.17059326171875 0.8682861328125
0.0346565246582031 0.00696372985839844 -0.373779296875 0.6158447265625
0.0472564697265625 0.0399017333984375 0.00260925292968751 0.0933151245117188
0.0456886291503906 0.000270843505859375 0.553558349609375 -0.505889892578125
0.0179862976074219 -0.0380630493164063 0.02410888671875 -0.9749755859375
-0.0309848785400391 -0.02630615234375 -0.728271484375 -0.4390869140625
-0.0268821716308594 0.0203495025634766 -0.6065673828125 0.27813720703125
-0.0105991363525391 0.0327796936035156 -0.177581787109375 0.46319580078125
-0.00496864318847656 0.0192337036132813 0.196746826171875 0.290557861328125
0.0387687683105469 0.0249252319335937 0.27752685546875 0.04119873046875
0.0378570556640625 0.0269966125488281 -0.264205932617188 -0.0601348876953125
0.0146884918212891 0.0112695693969727 -0.127960205078125 -0.3145751953125
0.000690460205078124 0.025482177734375 0.20013427734375 -0.4735107421875
-0.0137939453125 0.0258693695068359 0.6209716796875 -0.28167724609375
-0.0325050354003906 -0.00763130187988281 0.66571044921875 0.39251708984375
-0.0192642211914063 -0.0377845764160156 0.11480712890625 0.8905029296875
0.0211811065673828 0.020416259765625 -0.4044189453125 0.5999755859375
0.0313873291015625 0.0459365844726563 0.01165771484375 0.0825119018554688
0.0336151123046875 0.00860977172851563 0.521148681640625 -0.52935791015625
0.0120201110839844 -0.0264854431152344 -0.0420532226562501 -0.958984375
-0.0294666290283203 -0.0174388885498047 -0.74981689453125 -0.38226318359375
-0.0232524871826172 0.0194320678710937 -0.58050537109375 0.3173828125
-0.00555610656738281 0.0268039703369141 -0.1480712890625 0.477783203125
-0.00138092041015625 0.0148735046386719 0.21197509765625 0.29522705078125
0.0376663208007812 0.0225143432617187 0.28076171875 0.048492431640625
0.0340576171875 0.0244197845458984 -0.257858276367188 -0.0604400634765625
0.018524169921875 0.00494956970214844 -0.11151123046875 -0.3133544921875
0.00431537628173828 0.0135231018066406 0.23150634765625 -0.458404541015625
-0.00850868225097656 0.0211982727050781 0.64508056640625 -0.23468017578125
-0.0286674499511719 -0.00446319580078125 0.6409912109375 0.44281005859375
-0.0206127166748047 -0.0296878814697266 0.0491943359374999 0.90234375
0.01239013671875 0.0287723541259766 -0.43267822265625 0.5740966796875
0.0199737548828125 0.0483779907226562 0.0278129577636719 0.0657577514648438
0.0232410430908203 0.0123157501220703 0.491851806640625 -0.555328369140625
0.00527572631835937 -0.0174236297607422 -0.10748291015625 -0.9403076171875
-0.0242862701416016 -0.00902557373046875 -0.76446533203125 -0.31634521484375
-0.0143938064575195 0.0159521102905273 -0.548126220703125 0.354248046875
0.00176525115966797 0.017542839050293 -0.11346435546875 0.48944091796875
0.00504970550537109 0.00738430023193359 0.227783203125 0.294281005859375
0.0361709594726563 0.02239990234375 0.286956787109375 0.047332763671875
0.0297164916992188 0.0188217163085938 -0.251708984375 -0.0652465820312499
0.0231952667236328 -0.00387954711914063 -0.0972900390625 -0.314453125
0.0142860412597656 0.00294589996337891 0.2559814453125 -0.44110107421875
-0.000511169433593751 0.017308235168457 0.667236328125 -0.19384765625
-0.0236225128173828 0.000679016113281255 0.6158447265625 0.4903564453125
-0.0237903594970703 -0.0240154266357422 -0.00585937499999993 0.9114990234375
0.00575637817382813 0.0291538238525391 -0.455322265625 0.54638671875
0.0167694091796875 0.0445594787597656 0.0465888977050781 0.0512046813964844
0.0166654586791992 0.00935649871826172 0.46484375 -0.5833740234375
-0.000467300415039061 -0.0109319686889648 -0.16351318359375 -0.92547607421875
-0.0183792114257813 -0.000606536865234374 -0.77142333984375 -0.2628173828125
-0.00357341766357422 0.0101232528686523 -0.515960693359375 0.3868408203125
0.0106410980224609 0.00689125061035156 -0.086944580078125 0.500244140625
0.00634098052978516 -0.00274181365966797 0.238739013671875 0.29107666015625
0.0335025787353516 0.0184860229492188 0.2923583984375 0.04669189453125
0.025482177734375 0.0134048461914063 -0.250289916992188 -0.0703887939453125
0.0270805358886719 -0.0142822265625 -0.091552734375 -0.317474365234375
0.0240287780761719 -0.00543403625488281 0.272796630859375 -0.4306640625
0.0121002197265625 0.0179653167724609 0.6822509765625 -0.16571044921875
-0.0180778503417969 0.00728416442871094 0.599853515625 0.51959228515625
-0.0264816284179687 -0.0222892761230469 -0.0491943359375001 0.91278076171875
0.00110435485839844 0.0238418579101563 -0.468536376953125 0.52166748046875
0.0202827453613281 0.0373039245605469 0.0644569396972656 0.0359306335449219
0.0108308792114258 0.00506687164306641 0.45123291015625 -0.60260009765625
-0.00360298156738281 -0.00501632690429687 -0.1976318359375 -0.9090576171875
-0.0105524063110352 0.00615119934082031 -0.77484130859375 -0.22686767578125
0.00933265686035156 0.00486087799072266 -0.494384765625 0.407470703125
0.0187950134277344 -0.00617790222167969 -0.067108154296875 0.50677490234375
0.0096282958984375 -0.0150232315063477 0.2459716796875 0.287139892578125
0.0288276672363281 0.0139293670654297 0.29705810546875 0.04266357421875
0.0221500396728516 0.00721359252929688 -0.253692626953125 -0.079132080078125
0.0299854278564453 -0.0237102508544922 -0.093353271484375 -0.322235107421875
0.0351486206054688 -0.0118942260742188 0.277252197265625 -0.427398681640625
0.0256385803222656 0.0188541412353516 0.68927001953125 -0.15576171875
-0.0122661590576172 0.0113449096679687 0.59564208984375 0.53155517578125
-0.0282649993896484 -0.0226306915283203 -0.06353759765625 0.90533447265625
0.00538253784179688 0.0136241912841797 -0.468963623046875 0.50799560546875
0.0326175689697266 0.0238800048828125 0.077911376953125 0.0264739990234375
0.0112714767456055 -0.00412940979003906 0.44525146484375 -0.61785888671875
-0.00686168670654297 -0.00456666946411133 -0.21307373046875 -0.90643310546875
-0.00276947021484375 0.00884914398193359 -0.77392578125 -0.21185302734375
0.0213794708251953 -0.000856399536132813 -0.480499267578125 0.415496826171875
0.0259761810302734 -0.0141105651855469 -0.059478759765625 0.509246826171875
0.0109043121337891 -0.0239448547363281 0.245574951171875 0.286285400390625
0.0255088806152344 0.00709152221679687 0.298248291015625 0.038543701171875
0.0186061859130859 0.000772476196289063 -0.256927490234375 -0.087310791015625
0.0299015045166016 -0.0316448211669922 -0.100860595703125 -0.330047607421875
0.0428962707519531 -0.0179710388183594 0.2701416015625 -0.433685302734375
0.03607177734375 0.0182456970214844 0.68914794921875 -0.1668701171875
-0.00783729553222656 0.0155620574951172 0.6051025390625 0.52056884765625
-0.0293064117431641 -0.0254783630371094 -0.0502319335937499 0.8995361328125
0.0121688842773438 0.000634193420410156 -0.4571533203125 0.503814697265625
0.0478553771972656 0.0116004943847656 0.0837860107421875 0.0233230590820313
0.0144424438476563 -0.0169906616210938 0.45208740234375 -0.62457275390625
-0.00798511505126953 -0.00577831268310547 -0.20672607421875 -0.91412353515625
0.00336837768554687 0.0115556716918945 -0.77197265625 -0.2176513671875
0.0310211181640625 -0.00405311584472656 -0.484771728515625 0.41461181640625
0.0334987640380859 -0.0196189880371094 -0.062896728515625 0.51080322265625
0.0111160278320313 -0.0328006744384766 0.238800048828125 0.283660888671875
0.0232467651367187 0.00069427490234375 0.295654296875 0.033050537109375
0.0151958465576172 -0.00579738616943359 -0.263168334960938 -0.0928955078125
0.0286445617675781 -0.0368690490722656 -0.11505126953125 -0.337158203125
0.0472640991210938 -0.0220985412597656 0.25018310546875 -0.447265625
0.0440444946289063 0.0178337097167969 0.68084716796875 -0.196044921875
-0.00342273712158203 0.0166854858398438 0.62432861328125 0.4886474609375
-0.0287399291992188 -0.0324687957763672 -0.0123291015625 0.88714599609375
0.0219783782958984 -0.0140781402587891 -0.438507080078125 0.51007080078125
0.0640869140625 -3.814697265625E-06 0.083831787109375 0.024505615234375
0.0212383270263672 -0.0288810729980469 0.47247314453125 -0.61761474609375
-0.00779628753662109 -0.0110902786254883 -0.1719970703125 -0.92767333984375
0.00676441192626953 0.0131006240844727 -0.76519775390625 -0.2493896484375
0.038909912109375 -0.0046539306640625 -0.501251220703125 0.396942138671875
0.038421630859375 -0.0206527709960937 -0.082427978515625 0.505615234375
0.0101814270019531 -0.0375633239746094 0.225799560546875 0.283538818359375
0.0195999145507813 -0.00548553466796875 0.290985107421875 0.02740478515625
0.0396461486816406 0.0258979797363281 -0.276229858398438 -0.055877685546875
0.0112590789794922 0.0140857696533203 -0.15447998046875 -0.31634521484375
-0.00206756591796875 0.0320911407470703 0.1605224609375 -0.490997314453125
-0.0136547088623047 0.0311203002929688 0.59307861328125 -0.3326416015625
-0.0342121124267578 -0.00861740112304687 0.69036865234375 0.3316650390625
-0.0200004577636719 -0.0464897155761719 0.18634033203125 0.869384765625
0.0357131958007812 0.00772857666015625 -0.3658447265625 0.6229248046875
0.0475082397460938 0.0389404296875 0.0032806396484375 0.0944671630859375
0.0460624694824219 0.000946044921875 0.54766845703125 -0.51470947265625
0.0173797607421875 -0.0377883911132813 0.0106201171875 -0.9786376953125
-0.0321922302246094 -0.0260963439941406 -0.7371826171875 -0.43109130859375
-0.0272789001464844 0.0199661254882812 -0.60467529296875 0.2886962890625
-0.0105552673339844 0.0336532592773438 -0.169586181640625 0.467529296875
-0.00436210632324219 0.0189247131347656 0.202056884765625 0.289215087890625
0.0391044616699219 0.02191162109375 0.27734375 0.038299560546875
0.0384483337402344 0.0257911682128906 -0.267303466796875 -0.0561676025390625
0.0132350921630859 0.0117959976196289 -0.133331298828125 -0.31427001953125
0.000169754028320312 0.0248355865478516 0.19195556640625 -0.479339599609375
-0.0140209197998047 0.025299072265625 0.6165771484375 -0.29339599609375
-0.0339069366455078 -0.00651741027832031 0.67254638671875 0.3828125
-0.0199661254882813 -0.0369338989257812 0.124755859375 0.89239501953125
0.0240974426269531 0.0203628540039063 -0.39642333984375 0.605712890625
0.0312690734863281 0.0459976196289063 0.0120315551757813 0.0831069946289062
0.0335121154785156 0.00765228271484375 0.51666259765625 -0.5384521484375
0.0110588073730469 -0.0267906188964844 -0.0544433593749999 -0.96160888671875
-0.029205322265625 -0.0167026519775391 -0.7559814453125 -0.3721923828125
-0.0220394134521484 0.0188980102539063 -0.5770263671875 0.32635498046875
-0.00484848022460938 0.0272293090820313 -0.141387939453125 0.480743408203125
-0.000768661499023437 0.0148859024047852 0.21636962890625 0.29180908203125
0.0374755859375 0.0224723815917969 0.282745361328125 0.04376220703125
0.0348110198974609 0.0219364166259766 -0.259674072265625 -0.0558624267578125
0.0171165466308594 0.00471591949462891 -0.116485595703125 -0.31329345703125
0.00491428375244141 0.0143699645996094 0.223175048828125 -0.4625244140625
-0.00888252258300781 0.0207443237304688 0.64453125 -0.245849609375
-0.0292873382568359 -0.00526237487792968 0.647216796875 0.43389892578125
-0.0211143493652344 -0.0300407409667969 0.0620117187499999 0.90264892578125
0.0120010375976563 0.0279407501220703 -0.42529296875 0.5811767578125
0.0199775695800781 0.0482940673828125 0.02874755859375 0.0674629211425781
0.0226497650146484 0.0125560760498047 0.48541259765625 -0.56304931640625
0.00455284118652344 -0.0186767578125 -0.12060546875 -0.940673828125
-0.0240707397460937 -0.00836181640625 -0.76898193359375 -0.30657958984375
-0.0138406753540039 0.0144224166870117 -0.5440673828125 0.3643798828125
0.00169563293457031 0.0171651840209961 -0.107635498046875 0.49334716796875
0.0040888786315918 0.00669622421264649 0.232025146484375 0.29034423828125
0.0354537963867188 0.0219459533691406 0.290679931640625 0.04248046875
0.0316791534423828 0.0183448791503906 -0.254409790039063 -0.0623016357421875
0.0215167999267578 -0.00357818603515625 -0.103668212890625 -0.31298828125
0.0135507583618164 0.00410556793212891 0.2484130859375 -0.447174072265625
-6.10351562500016E-05 0.01654052734375 0.6654052734375 -0.20562744140625
-0.0247974395751953 0.000625610351562495 0.62371826171875 0.4830322265625
-0.0239810943603516 -0.0227603912353516 0.00225830078125006 0.911865234375
0.00621604919433594 0.0298061370849609 -0.45050048828125 0.5546875
0.0188713073730469 0.0445899963378906 0.0472030639648438 0.0495223999023438
0.0171346664428711 0.0115766525268555 0.4599609375 -0.5911865234375
-0.000313758850097656 -0.00990200042724609 -0.17724609375 -0.92315673828125
-0.0186939239501953 -0.000205993652343752 -0.777099609375 -0.25341796875
-0.00293445587158203 0.0110321044921875 -0.511474609375 0.39642333984375
0.0102558135986328 0.00664520263671875 -0.078887939453125 0.5029296875
0.00781393051147461 -0.00250673294067383 0.2451171875 0.287139892578125
0.0337791442871094 0.0178127288818359 0.295379638671875 0.042327880859375
0.0257339477539063 0.0132369995117188 -0.2542724609375 -0.0683441162109375
0.0271968841552734 -0.0133953094482422 -0.09765625 -0.315948486328125
0.0241489410400391 -0.00488471984863281 0.265777587890625 -0.4351806640625
0.0111503601074219 0.0166301727294922 0.67822265625 -0.17730712890625
-0.0186481475830078 0.00685501098632813 0.6077880859375 0.51123046875
-0.0280513763427734 -0.0200023651123047 -0.03759765625 0.912353515625
0.00172233581542969 0.023773193359375 -0.462158203125 0.529510498046875
0.0211296081542969 0.0370635986328125 0.0634613037109375 0.0366172790527344
0.0112476348876953 0.00597858428955078 0.4449462890625 -0.61016845703125
-0.0040895938873291 -0.00412535667419434 -0.20977783203125 -0.90911865234375
-0.0109930038452148 0.00488567352294922 -0.7784423828125 -0.2154541015625
0.00976371765136719 0.00377655029296875 -0.48760986328125 0.415008544921875
0.0184707641601563 -0.00533485412597656 -0.0587463378906249 0.50921630859375
0.00915241241455078 -0.0143947601318359 0.251708984375 0.283843994140625
0.02972412109375 0.0130901336669922 0.299346923828125 0.038360595703125
0.0219821929931641 0.00605392456054687 -0.255020141601563 -0.0761260986328126
0.0303783416748047 -0.0235061645507813 -0.098663330078125 -0.321746826171875
0.0348453521728516 -0.0124645233154297 0.271697998046875 -0.434783935546875
0.0254936218261719 0.0165424346923828 0.6864013671875 -0.16802978515625
-0.0131292343139648 0.0121641159057617 0.602783203125 0.524169921875
-0.0292835235595703 -0.0206050872802734 -0.05352783203125 0.90875244140625
0.00693416595458984 0.0135717391967773 -0.464202880859375 0.51513671875
0.0336360931396484 0.0244579315185547 0.0772476196289063 0.02581787109375
0.0123348236083984 -0.00477027893066406 0.438232421875 -0.62469482421875
-0.00724554061889649 -0.00403738021850586 -0.22589111328125 -0.90545654296875
-0.00244617462158203 0.00910568237304688 -0.77978515625 -0.19952392578125
0.0201930999755859 -0.002838134765625 -0.47625732421875 0.426116943359375
0.0266227722167969 -0.0137519836425781 -0.050994873046875 0.513214111328125
0.0107231140136719 -0.0238380432128906 0.25177001953125 0.2828369140625
0.0258731842041016 0.00694084167480469 0.29986572265625 0.033782958984375
0.0194587707519531 0.000314712524414063 -0.259719848632813 -0.082855224609375
0.0298709869384766 -0.0321426391601563 -0.109039306640625 -0.3294677734375
0.0430831909179687 -0.0177345275878906 0.261962890625 -0.440643310546875
0.0359268188476562 0.016876220703125 0.6883544921875 -0.1785888671875
-0.00794410705566406 0.0162534713745117 0.61273193359375 0.51165771484375
-0.0292224884033203 -0.0251178741455078 -0.0405883789062499 0.9019775390625
0.0129899978637695 0.000630378723144531 -0.45184326171875 0.511474609375
0.0484504699707031 0.0112419128417969 0.0838088989257813 0.0215606689453125
0.0145053863525391 -0.0173254013061523 0.44561767578125 -0.63134765625
-0.00845432281494141 -0.00528478622436523 -0.21990966796875 -0.91387939453125
0.00248908996582031 0.0113058090209961 -0.7760009765625 -0.2064208984375
0.0307388305664063 -0.00642585754394531 -0.47857666015625 0.422576904296875
0.0326786041259766 -0.0206775665283203 -0.055755615234375 0.51165771484375
0.0101051330566406 -0.0326938629150391 0.244720458984375 0.280242919921875
0.0231380462646484 0.000410079956054688 0.29718017578125 0.029266357421875
0.0160751342773437 -0.00649166107177734 -0.266632080078125 -0.0908203125
0.0273857116699219 -0.0368461608886719 -0.122802734375 -0.33831787109375
0.0466499328613281 -0.0221710205078125 0.241485595703125 -0.45233154296875
0.0447158813476563 0.0171012878417969 0.6798095703125 -0.2056884765625
-0.00249099731445312 0.0168981552124023 0.63409423828125 0.47979736328125
-0.0291748046875 -0.0309200286865234 -0.00189208984374995 0.89068603515625
0.0218696594238281 -0.0137424468994141 -0.43182373046875 0.517425537109375
0.0654487609863281 -0.0016326904296875 0.0843734741210938 0.0240478515625
0.0209541320800781 -0.0296421051025391 0.4677734375 -0.62408447265625
-0.00765609741210938 -0.0104246139526367 -0.185791015625 -0.93084716796875
0.00658798217773438 0.0135717391967773 -0.77008056640625 -0.2398681640625
0.0379753112792969 -0.0054779052734375 -0.49591064453125 0.403900146484375
0.0379486083984375 -0.0219764709472656 -0.075927734375 0.508514404296875
0.0102882385253906 -0.0374069213867188 0.23223876953125 0.2811279296875
0.0203399658203125 -0.00631141662597656 0.29241943359375 0.023468017578125
0.0425338745117188 0.0247650146484375 -0.27899169921875 -0.0511779785156249
0.0112800598144531 0.0149469375610352 -0.15960693359375 -0.313232421875
-0.000799179077148437 0.0325202941894531 0.152557373046875 -0.49456787109375
-0.0144100189208984 0.0312595367431641 0.58843994140625 -0.34173583984375
-0.0353050231933594 -0.007904052734375 0.6959228515625 0.3221435546875
-0.021728515625 -0.0454864501953125 0.194580078125 0.868408203125
0.0349273681640625 0.00644683837890625 -0.35882568359375 0.62738037109375
0.0471343994140625 0.038177490234375 0.00400543212890626 0.0950164794921875
0.0466461181640625 0.000614166259765625 0.5419921875 -0.519561767578125
0.0170135498046875 -0.0392341613769531 -0.00164794921875008 -0.97918701171875
-0.0323085784912109 -0.0254878997802734 -0.74322509765625 -0.41888427734375
-0.0269069671630859 0.0207366943359375 -0.600341796875 0.29779052734375
-0.00910758972167969 0.0345306396484375 -0.162841796875 0.468475341796875
-0.00493621826171875 0.0192317962646484 0.20623779296875 0.28570556640625
0.0394515991210938 0.021331787109375 0.279312133789063 0.0336761474609375
0.0405845642089844 0.02386474609375 -0.269378662109375 -0.05145263671875
0.0143070220947266 0.0121231079101562 -0.139556884765625 -0.312255859375
0.000928878784179686 0.0246238708496094 0.182525634765625 -0.4832763671875
-0.0129222869873047 0.0254573822021484 0.6123046875 -0.3011474609375
-0.0322341918945313 -0.00674057006835938 0.67681884765625 0.37408447265625
-0.0204505920410156 -0.0356330871582031 0.137939453125 0.88916015625
0.0244235992431641 0.0200977325439453 -0.3887939453125 0.61163330078125
0.0327949523925781 0.0451622009277344 0.0134353637695313 0.0842514038085938
0.0340976715087891 0.00868606567382812 0.510040283203125 -0.544219970703125
0.0100555419921875 -0.0272636413574219 -0.06744384765625 -0.96246337890625
-0.0312843322753906 -0.0160388946533203 -0.76214599609375 -0.3612060546875
-0.0228347778320312 0.0191154479980469 -0.57073974609375 0.33538818359375
-0.00469017028808594 0.0281581878662109 -0.133514404296875 0.48248291015625
-0.000310897827148438 0.0154294967651367 0.22198486328125 0.28839111328125
0.0388755798339844 0.0224876403808594 0.284698486328125 0.038970947265625
0.0355033874511719 0.0216865539550781 -0.263214111328125 -0.051666259765625
0.0172576904296875 0.00439262390136719 -0.122955322265625 -0.311553955078125
0.00510120391845703 0.0154256820678711 0.214447021484375 -0.46722412109375
-0.00843620300292969 0.0218582153320313 0.6395263671875 -0.25677490234375
-0.0289897918701172 -0.00369644165039063 0.6527099609375 0.4263916015625
-0.0213813781738281 -0.02862548828125 0.0731201171875 0.90411376953125
0.0131397247314453 0.0296840667724609 -0.41943359375 0.58721923828125
0.0205879211425781 0.0477790832519531 0.0289039611816406 0.0675239562988281
0.0224781036376953 0.0118427276611328 0.4776611328125 -0.56842041015625
0.00401878356933594 -0.0180721282958984 -0.13226318359375 -0.939453125
-0.0261631011962891 -0.00858879089355469 -0.775390625 -0.2958984375
-0.0133113861083984 0.0169496536254883 -0.539642333984375 0.37139892578125
0.00288772583007813 0.0174579620361328 -0.0995483398437499 0.49505615234375
0.00504732131958008 0.00758790969848633 0.23870849609375 0.28619384765625
0.0369377136230469 0.019866943359375 0.291656494140625 0.03857421875
0.0323371887207031 0.0178947448730469 -0.256866455078125 -0.0576629638671875
0.0223426818847656 -0.00341796875 -0.109039306640625 -0.313201904296875
0.0138492584228516 0.0041351318359375 0.24114990234375 -0.451263427734375
-0.000216484069824219 0.0170249938964844 0.66162109375 -0.21697998046875
-0.0241909027099609 0.000112533569335941 0.6312255859375 0.47442626953125
-0.0237560272216797 -0.0233974456787109 0.0140991210937501 0.91400146484375
0.0065765380859375 0.0302619934082031 -0.443450927734375 0.557861328125
0.01885986328125 0.0445098876953125 0.047454833984375 0.0496902465820313
0.0167055130004883 0.0104351043701172 0.4525146484375 -0.5946044921875
-0.000965118408203126 -0.00946426391601562 -0.1905517578125 -0.92120361328125
-0.0194110870361328 0.000200271606445316 -0.78179931640625 -0.24053955078125
-0.00338172912597656 0.010685920715332 -0.50628662109375 0.404327392578125
0.00998687744140625 0.00569343566894531 -0.069915771484375 0.506011962890625
0.00726699829101563 -0.00221681594848633 0.249420166015625 0.283172607421875
0.0347118377685547 0.0172824859619141 0.296630859375 0.038238525390625
0.0270519256591797 0.0121746063232422 -0.255401611328125 -0.0637054443359375
0.0271377563476563 -0.0135059356689453 -0.10418701171875 -0.315399169921875
0.0243415832519531 -0.00437355041503906 0.257598876953125 -0.44085693359375
0.0121355056762695 0.0165729522705078 0.6768798828125 -0.18682861328125
-0.0183811187744141 0.00653457641601562 0.61334228515625 0.50299072265625
-0.0276203155517578 -0.0180778503417969 -0.0263671875000001 0.91314697265625
0.00264549255371094 0.0248260498046875 -0.4556884765625 0.53509521484375
0.0225067138671875 0.0370903015136719 0.0644645690917969 0.0359458923339844
0.0119428634643555 0.00550937652587891 0.434814453125 -0.61651611328125
-0.00439190864562988 -0.00411033630371094 -0.22344970703125 -0.9058837890625
-0.00996685028076172 0.00552272796630859 -0.78314208984375 -0.2039794921875
0.00794172286987305 0.00392389297485351 -0.48388671875 0.422943115234375
0.0167999267578125 -0.00334262847900391 -0.0501708984375 0.50897216796875
0.00938320159912109 -0.0128192901611328 0.256744384765625 0.280899047851563
0.0300807952880859 0.0128459930419922 0.300872802734375 0.034454345703125
0.0233268737792969 0.00610160827636719 -0.258392333984375 -0.070556640625
0.0293655395507813 -0.0234088897705078 -0.104736328125 -0.32086181640625
0.0336437225341797 -0.0139007568359375 0.26220703125 -0.439056396484375
0.0251312255859375 0.0170364379882813 0.683837890625 -0.17633056640625
-0.0142955780029297 0.0112457275390625 0.6083984375 0.5155029296875
-0.0284004211425781 -0.0215816497802734 -0.04248046875 0.9091796875
0.00662040710449219 0.0135774612426758 -0.4560546875 0.519317626953125
0.0338268280029297 0.0238628387451172 0.0770416259765625 0.0259552001953125
0.0109338760375977 -0.00391101837158203 0.4302978515625 -0.63153076171875
-0.0070347785949707 -0.0032649040222168 -0.239990234375 -0.9014892578125
-0.00336933135986328 0.00963497161865234 -0.78057861328125 -0.189453125
0.0202541351318359 -0.00200080871582031 -0.47003173828125 0.434478759765625
0.0257663726806641 -0.0134372711181641 -0.0413818359375 0.512939453125
0.0100021362304688 -0.0230522155761719 0.25701904296875 0.277389526367188
0.0268421173095703 0.00579452514648438 0.301422119140625 0.030517578125
0.020172119140625 -0.0010986328125 -0.260971069335938 -0.0792388916015624
0.0294151306152344 -0.0323028564453125 -0.113037109375 -0.327484130859375
0.0432243347167969 -0.0191917419433594 0.255889892578125 -0.44476318359375
0.0368118286132812 0.0163154602050781 0.6854248046875 -0.1893310546875
-0.00755786895751953 0.0158491134643555 0.6182861328125 0.50457763671875
-0.0286483764648438 -0.0240402221679688 -0.028564453125 0.903564453125
0.0129814147949219 0.00132274627685547 -0.446319580078125 0.515655517578125
0.0485458374023438 0.0107002258300781 0.0847930908203125 0.0221633911132812
0.0149250030517578 -0.016657829284668 0.4376220703125 -0.6370849609375
-0.00763607025146484 -0.00494670867919922 -0.23248291015625 -0.91253662109375
0.00304317474365234 0.0116891860961914 -0.7789306640625 -0.19580078125
0.0301380157470703 -0.00609207153320312 -0.472991943359375 0.430908203125
0.03253173828125 -0.0206241607666016 -0.0467529296875 0.514404296875
0.01007080078125 -0.0326652526855469 0.249099731445313 0.276153564453125
0.0224494934082031 -0.00187492370605469 0.299285888671875 0.02423095703125
0.0177555084228516 -0.00617790222167969 -0.268890380859375 -0.08551025390625
0.0266151428222656 -0.0376853942871094 -0.12957763671875 -0.33551025390625
0.0469512939453125 -0.0219535827636719 0.23358154296875 -0.4564208984375
0.0451507568359375 0.0178146362304688 0.67620849609375 -0.2166748046875
-0.00272655487060547 0.0164985656738281 0.6392822265625 0.471435546875
-0.028167724609375 -0.0297012329101562 0.0088500976562499 0.89215087890625
0.022491455078125 -0.0146865844726563 -0.42535400390625 0.52386474609375
0.064666748046875 -0.00299453735351562 0.0834274291992188 0.0234146118164063
0.0214996337890625 -0.0286197662353516 0.45758056640625 -0.63006591796875
-0.00802421569824219 -0.0102424621582031 -0.19842529296875 -0.9288330078125
0.00619125366210938 0.0131139755249023 -0.77459716796875 -0.22918701171875
0.0379447937011719 -0.0070037841796875 -0.4891357421875 0.413421630859375
0.0385513305664062 -0.0214691162109375 -0.06536865234375 0.51141357421875
0.00964736938476563 -0.0370941162109375 0.236099243164062 0.275527954101563
0.0211544036865234 -0.00884437561035156 0.293487548828125 0.01947021484375
0.0426559448242187 0.0228004455566406 -0.279464721679687 -0.0466003417968751
0.0120439529418945 0.0147762298583984 -0.164947509765625 -0.31103515625
-0.00049018859863281 0.0323982238769531 0.142333984375 -0.49615478515625
-0.0147380828857422 0.0298194885253906 0.5809326171875 -0.350341796875
-0.0373458862304688 -0.00749588012695313 0.6971435546875 0.311767578125
-0.0208053588867188 -0.0455055236816406 0.20269775390625 0.86376953125
0.0350418090820313 0.00668716430664063 -0.349365234375 0.63006591796875
0.0477218627929687 0.0371742248535156 0.004913330078125 0.0953598022460938
0.0458793640136719 0.000522613525390625 0.533233642578125 -0.52569580078125
0.0165634155273438 -0.0374488830566406 -0.0159301757812501 -0.97576904296875
-0.034149169921875 -0.0254859924316406 -0.74755859375 -0.4063720703125
-0.0265445709228516 0.0197944641113281 -0.59466552734375 0.3060302734375
-0.00934791564941406 0.0344047546386719 -0.15557861328125 0.47149658203125
-0.0033111572265625 0.020477294921875 0.211517333984375 0.28155517578125
0.0401611328125 0.0205001831054688 0.280242919921875 0.030853271484375
0.0406837463378906 0.0230178833007813 -0.269256591796875 -0.046112060546875
0.0140256881713867 0.0108308792114258 -0.144927978515625 -0.311859130859375
-0.000471115112304685 0.0255947113037109 0.17431640625 -0.48553466796875
-0.0147304534912109 0.0265865325927734 0.60699462890625 -0.31005859375
-0.0329971313476563 -0.00596046447753907 0.67913818359375 0.365478515625
-0.0195083618164062 -0.0361709594726563 0.14752197265625 0.8853759765625
0.024322509765625 0.0188694000244141 -0.37994384765625 0.61590576171875
0.0321540832519531 0.0432586669921875 0.0129547119140625 0.084075927734375
0.0346126556396484 0.00967979431152344 0.500823974609375 -0.550262451171875
0.00985336303710938 -0.0258541107177734 -0.0802612304687501 -0.95916748046875
-0.0308723449707031 -0.0170021057128906 -0.76617431640625 -0.35064697265625
-0.0226287841796875 0.0191192626953125 -0.5662841796875 0.34271240234375
-0.00366783142089843 0.0285873413085938 -0.12542724609375 0.4840087890625
0.000159263610839844 0.0162906646728516 0.224273681640625 0.282958984375
0.038818359375 0.020416259765625 0.286407470703125 0.035064697265625
0.0360832214355469 0.0204315185546875 -0.264083862304688 -0.0485687255859375
0.0188770294189453 0.00540733337402344 -0.12799072265625 -0.3104248046875
0.00414371490478516 0.0140571594238281 0.206573486328125 -0.4700927734375
-0.00885009765625 0.0204925537109375 0.6343994140625 -0.2642822265625
-0.0295639038085938 -0.00299072265625 0.6561279296875 0.41656494140625
-0.0221157073974609 -0.0270977020263672 0.0838012695312499 0.8997802734375
0.0133342742919922 0.0278778076171875 -0.4112548828125 0.59149169921875
0.0208816528320313 0.0472297668457031 0.028076171875 0.06890869140625
0.0238571166992187 0.0125236511230469 0.47052001953125 -0.57489013671875
0.00503063201904297 -0.0156259536743164 -0.14422607421875 -0.93585205078125
-0.0267772674560547 -0.00646781921386719 -0.77667236328125 -0.28570556640625
-0.0151596069335938 0.0156536102294922 -0.53302001953125 0.380340576171875
0.00257110595703125 0.017791748046875 -0.09197998046875 0.494384765625
0.00265169143676758 0.0074610710144043 0.240631103515625 0.2825927734375
0.0366477966308594 0.0197181701660156 0.2928466796875 0.03607177734375
0.0335807800292969 0.0174522399902344 -0.258941650390625 -0.0545196533203125
0.0215969085693359 -0.00351333618164062 -0.1148681640625 -0.3115234375
0.0139989852905273 0.00418376922607422 0.2333984375 -0.45501708984375
-8.01086425781238E-05 0.0183315277099609 0.6561279296875 -0.22674560546875
-0.0246238708496094 0.000864028930664059 0.63385009765625 0.4644775390625
-0.0228672027587891 -0.0211238861083984 0.02593994140625 0.9111328125
0.00732803344726563 0.0290355682373047 -0.43389892578125 0.56329345703125
0.018890380859375 0.0434684753417969 0.0478439331054688 0.0515174865722656
0.0164022445678711 0.0105991363525391 0.44317626953125 -0.600830078125
-0.000646591186523437 -0.00891017913818359 -0.2020263671875 -0.91583251953125
-0.0177288055419922 9.15527343749991E-05 -0.7821044921875 -0.22845458984375
-0.00433158874511719 0.0117225646972656 -0.500885009765625 0.411163330078125
0.00901508331298828 0.00691699981689453 -0.062713623046875 0.5050048828125
0.00704765319824219 -0.002471923828125 0.254592895507813 0.279052734375
0.0349807739257813 0.0167598724365234 0.29876708984375 0.03387451171875
0.0278034210205078 0.0109272003173828 -0.25738525390625 -0.0600128173828125
0.0257987976074219 -0.0133876800537109 -0.110565185546875 -0.311920166015625
0.0245780944824219 -0.00439262390136719 0.250457763671875 -0.44415283203125
0.0120916366577148 0.0159769058227539 0.67120361328125 -0.19873046875
-0.0188865661621094 0.00609397888183594 0.61822509765625 0.493896484375
-0.0266246795654297 -0.0177440643310547 -0.0139770507812501 0.91180419921875
0.00341796875 0.0246982574462891 -0.448272705078125 0.540069580078125
0.0215377807617188 0.0356903076171875 0.0652999877929688 0.0365447998046875
0.0113048553466797 0.00716209411621094 0.427734375 -0.619384765625
-0.00408506393432617 -0.00328183174133301 -0.23663330078125 -0.9029541015625
-0.0117244720458984 0.00702667236328125 -0.783203125 -0.1937255859375
0.00777435302734375 0.00311088562011719 -0.47607421875 0.4302978515625
0.0180473327636719 -0.00552940368652344 -0.04180908203125 0.50933837890625
0.00895214080810547 -0.0131292343139648 0.260604858398437 0.275070190429687
0.0299091339111328 0.0114421844482422 0.300567626953125 0.029571533203125
0.0240325927734375 0.00427627563476563 -0.258804321289062 -0.067718505859375
0.0289955139160156 -0.0235671997070313 -0.110748291015625 -0.31878662109375
0.0331363677978516 -0.0137271881103516 0.2548828125 -0.442901611328125
0.0243282318115234 0.0170917510986328 0.6800537109375 -0.1875
-0.0137882232666016 0.0117998123168945 0.61444091796875 0.50537109375
-0.0287246704101562 -0.0199356079101563 -0.0293579101562499 0.908203125
0.00686359405517578 0.0131654739379883 -0.449310302734375 0.52532958984375
0.0335788726806641 0.0230331420898438 0.0773239135742187 0.0258331298828125
0.0105257034301758 -0.00468826293945313 0.42041015625 -0.63555908203125
-0.00758171081542969 -0.00288677215576172 -0.250244140625 -0.8978271484375
-0.00453853607177735 0.00918292999267578 -0.783935546875 -0.1766357421875
0.0201377868652344 -0.00213050842285156 -0.4639892578125 0.440765380859375
0.0250492095947266 -0.0148582458496094 -0.035308837890625 0.512237548828125
0.00889968872070312 -0.0227909088134766 0.2606201171875 0.272796630859375
0.0272254943847656 0.00533866882324219 0.30072021484375 0.024810791015625
0.0209236145019531 -0.00172805786132812 -0.264144897460938 -0.0751190185546875
0.0283775329589844 -0.0331020355224609 -0.12060546875 -0.32635498046875
0.0426445007324219 -0.0190048217773438 0.246429443359375 -0.44940185546875
0.0363006591796875 0.016357421875 0.68035888671875 -0.1983642578125
-0.00800704956054688 0.0157012939453125 0.62335205078125 0.49493408203125
-0.0292320251464844 -0.0230140686035156 -0.0166015625 0.90301513671875
0.0134105682373047 0.00041961669921875 -0.4388427734375 0.521331787109375
0.0485267639160156 0.00997543334960938 0.0843734741210938 0.0204086303710938
0.0152683258056641 -0.0161724090576172 0.42852783203125 -0.64111328125
-0.00822830200195313 -0.00414419174194336 -0.243896484375 -0.90728759765625
0.00231647491455078 0.0123443603515625 -0.78094482421875 -0.184326171875
0.0300216674804688 -0.00707054138183594 -0.465484619140625 0.435577392578125
0.0327568054199219 -0.0209712982177734 -0.040252685546875 0.514617919921875
0.00961685180664062 -0.03131103515625 0.253631591796875 0.271377563476563
0.0233345031738281 -0.00191879272460938 0.299346923828125 0.019622802734375
0.0165166854858398 -0.00651741027832031 -0.270614624023438 -0.0816192626953126
0.0264968872070313 -0.0372886657714844 -0.135589599609375 -0.332305908203125
0.0469436645507813 -0.0221595764160156 0.2254638671875 -0.459564208984375
0.0450096130371094 0.015472412109375 0.67340087890625 -0.22705078125
-0.00264739990234375 0.0169486999511719 0.64337158203125 0.4637451171875
-0.0295448303222656 -0.02813720703125 0.0227050781250001 0.88897705078125
0.0217037200927734 -0.0144863128662109 -0.4188232421875 0.526519775390625
0.0655975341796875 -0.00227737426757813 0.0837249755859375 0.0223236083984375
0.0211391448974609 -0.0301074981689453 0.4505615234375 -0.63494873046875
-0.00834178924560547 -0.0104551315307617 -0.209716796875 -0.92376708984375
0.00642871856689453 0.013275146484375 -0.77587890625 -0.2169189453125
0.0383071899414063 -0.00719070434570312 -0.4830322265625 0.420379638671875
0.0372772216796875 -0.0221595764160156 -0.059295654296875 0.510833740234375
0.0081329345703125 -0.0373153686523437 0.240890502929687 0.27227783203125
0.0203208923339844 -0.00811767578125 0.294891357421875 0.01544189453125
0.0421409606933594 0.021942138671875 -0.280364990234375 -0.043548583984375
0.0111589431762695 0.0152187347412109 -0.17108154296875 -0.30828857421875
-0.000276565551757816 0.0331687927246094 0.132080078125 -0.49835205078125
-0.0142707824707031 0.0305633544921875 0.573486328125 -0.35723876953125
-0.0363006591796875 -0.00785827636718751 0.69873046875 0.302978515625
-0.02081298828125 -0.0447196960449219 0.21307373046875 0.8594970703125
0.0354766845703125 0.00583267211914063 -0.3409423828125 0.6336669921875
0.0485420227050781 0.0370941162109375 0.0060272216796875 0.0955581665039062
0.0468940734863281 0.000408172607421875 0.524383544921875 -0.529937744140625
0.0167655944824219 -0.0372962951660156 -0.0278930664062501 -0.97314453125
-0.0347805023193359 -0.0237865447998047 -0.75213623046875 -0.39727783203125
-0.0265388488769531 0.0219230651855469 -0.5894775390625 0.31512451171875
-0.00764083862304688 0.0334339141845703 -0.1480712890625 0.470977783203125
-0.00399589538574219 0.0212574005126953 0.214035034179688 0.27740478515625
0.0405235290527344 0.0173912048339844 0.280609130859375 0.0261383056640625
0.040191650390625 0.0222549438476562 -0.271713256835938 -0.043243408203125
0.0145025253295898 0.011444091796875 -0.150115966796875 -0.307525634765625
0.000385284423828123 0.0252017974853516 0.166107177734375 -0.48760986328125
-0.0151844024658203 0.0246944427490234 0.5992431640625 -0.3189697265625
-0.0336265563964844 -0.00565528869628906 0.68353271484375 0.3526611328125
-0.0209732055664062 -0.0356712341308594 0.15948486328125 0.8809814453125
0.0248241424560547 0.0200710296630859 -0.37078857421875 0.61700439453125
0.0335655212402344 0.0439453125 0.0140838623046875 0.084075927734375
0.0344409942626953 0.00894355773925781 0.491943359375 -0.55279541015625
0.010650634765625 -0.0259323120117188 -0.0935058593749999 -0.95440673828125
-0.03155517578125 -0.0153827667236328 -0.768798828125 -0.33782958984375
-0.0225296020507813 0.0188179016113281 -0.56103515625 0.35101318359375
-0.0042724609375 0.0280838012695312 -0.118499755859375 0.485565185546875
0.000395774841308593 0.0146722793579102 0.2296142578125 0.2791748046875
0.0411796569824219 0.0191268920898437 0.286041259765625 0.030914306640625
0.0372123718261719 0.01971435546875 -0.264205932617188 -0.044647216796875
0.0182285308837891 0.00573348999023438 -0.133392333984375 -0.30657958984375
0.00571250915527344 0.014984130859375 0.1964111328125 -0.470703125
-0.00901603698730469 0.0196266174316406 0.6260986328125 -0.2740478515625
-0.0307483673095703 -0.00252342224121093 0.66009521484375 0.4072265625
-0.0212669372558594 -0.0261173248291016 0.09283447265625 0.89544677734375
0.0141010284423828 0.0266685485839844 -0.40301513671875 0.59417724609375
0.0223884582519531 0.0474281311035156 0.03070068359375 0.0684700012207031
0.0240631103515625 0.0122013092041016 0.4599609375 -0.5770263671875
0.00471973419189453 -0.0169153213500977 -0.15667724609375 -0.930908203125
-0.0264091491699219 -0.00703048706054687 -0.77801513671875 -0.2745361328125
-0.0141305923461914 0.0160379409790039 -0.52728271484375 0.386871337890625
0.00327396392822266 0.0166702270507813 -0.0834350585937499 0.496551513671875
0.00481891632080078 0.00884532928466797 0.24676513671875 0.27728271484375
0.0370941162109375 0.0183830261230469 0.291656494140625 0.031005859375
0.0326747894287109 0.0162506103515625 -0.25848388671875 -0.0491485595703126
0.0213432312011719 -0.0036773681640625 -0.119903564453125 -0.30816650390625
0.0143184661865234 0.00443744659423828 0.22515869140625 -0.45849609375
-0.000164985656738281 0.0172090530395508 0.65228271484375 -0.23419189453125
-0.0255126953125 0.000850677490234374 0.63726806640625 0.45526123046875
-0.0231723785400391 -0.0199317932128906 0.0376586914062499 0.90765380859375
0.00734710693359375 0.0296821594238281 -0.4276123046875 0.568115234375
0.0206565856933594 0.0423431396484375 0.0480537414550781 0.0495414733886719
0.0163021087646484 0.0103168487548828 0.43328857421875 -0.6043701171875
-0.00128793716430664 -0.00809383392333984 -0.21331787109375 -0.9117431640625
-0.0195941925048828 0.000131607055664064 -0.78564453125 -0.2191162109375
-0.00331306457519531 0.00908565521240234 -0.49249267578125 0.417510986328125
0.0111064910888672 0.00586605072021484 -0.054718017578125 0.50469970703125
0.00808334350585938 -0.000960350036621094 0.2574462890625 0.273696899414063
0.0347442626953125 0.0148677825927734 0.298614501953125 0.02911376953125
0.0278186798095703 0.00978279113769531 -0.258819580078125 -0.0556945800781249
0.0270538330078125 -0.0148506164550781 -0.11492919921875 -0.311248779296875
0.0226459503173828 -0.00538253784179688 0.24072265625 -0.4481201171875
0.0124330520629883 0.0157756805419922 0.6658935546875 -0.21002197265625
-0.0214405059814453 0.0076904296875 0.6229248046875 0.4837646484375
-0.0272064208984375 -0.0175762176513672 -0.00549316406249999 0.9083251953125
0.00360870361328125 0.0245113372802734 -0.4417724609375 0.542449951171875
0.0230026245117188 0.0354995727539063 0.064605712890625 0.0364456176757812
0.0120153427124023 0.00618076324462891 0.41754150390625 -0.624267578125
-0.0040278434753418 -0.00317573547363281 -0.24755859375 -0.89520263671875
-0.0120334625244141 0.00644397735595703 -0.78411865234375 -0.18170166015625
0.00964450836181641 0.00286960601806641 -0.468170166015625 0.43621826171875
0.0194835662841797 -0.00534629821777344 -0.034454345703125 0.5074462890625
0.00796031951904297 -0.0138015747070313 0.263900756835938 0.269195556640625
0.0300617218017578 0.01104736328125 0.302215576171875 0.024200439453125
0.0237388610839844 0.00320053100585938 -0.260040283203125 -0.063507080078125
0.0282974243164063 -0.0231990814208984 -0.1158447265625 -0.316986083984375
0.0349178314208984 -0.0126399993896484 0.246063232421875 -0.445892333984375
0.0247631072998047 0.0154151916503906 0.674072265625 -0.19720458984375
-0.0142631530761719 0.0113601684570313 0.61810302734375 0.4971923828125
-0.0280590057373047 -0.0192661285400391 -0.019287109375 0.90625
0.00657081604003906 0.0140228271484375 -0.441650390625 0.5299072265625
0.033660888671875 0.0231285095214844 0.0773544311523438 0.0243988037109375
0.0115880966186523 -0.00442409515380859 0.412109375 -0.63720703125
-0.00675868988037109 -0.00199317932128906 -0.26312255859375 -0.89263916015625
-0.00397109985351562 0.00942802429199219 -0.7821044921875 -0.16571044921875
0.0192470550537109 -0.00175857543945313 -0.455108642578125 0.445343017578125
0.0251255035400391 -0.0153064727783203 -0.0250244140625 0.511322021484375
0.00926589965820313 -0.0230236053466797 0.264801025390625 0.266616821289063
0.0279598236083984 0.00343704223632813 0.30169677734375 0.01959228515625
0.0219516754150391 -0.00154495239257813 -0.264480590820313 -0.0713653564453125
0.0272464752197266 -0.0319175720214844 -0.126312255859375 -0.32379150390625
0.0418357849121094 -0.0192413330078125 0.237884521484375 -0.450958251953125
0.0365676879882813 0.0153732299804688 0.67608642578125 -0.2081298828125
-0.0088653564453125 0.0166397094726563 0.62872314453125 0.4852294921875
-0.0294017791748047 -0.0217742919921875 -0.00646972656250002 0.898681640625
0.0141534805297852 -0.000420570373535156 -0.4310302734375 0.5247802734375
0.0487937927246094 0.00940322875976563 0.0833358764648438 0.0199737548828125
0.0141668319702148 -0.0160913467407227 0.41815185546875 -0.644287109375
-0.00776052474975586 -0.00415611267089844 -0.25701904296875 -0.90069580078125
0.00197792053222656 0.0112838745117187 -0.78033447265625 -0.17413330078125
0.0293407440185547 -0.00760650634765625 -0.458984375 0.44232177734375
0.0316257476806641 -0.0201454162597656 -0.03143310546875 0.51251220703125
0.00858306884765625 -0.0304546356201172 0.257339477539063 0.266616821289063
0.0241718292236328 -0.00329780578613281 0.29998779296875 0.015167236328125
0.0172176361083984 -0.00782489776611328 -0.273147583007813 -0.0782012939453125
0.02691650390625 -0.03729248046875 -0.141265869140625 -0.330413818359375
0.0448417663574219 -0.0234642028808594 0.2164306640625 -0.461029052734375
0.0457191467285156 0.0149612426757813 0.66619873046875 -0.23699951171875
-0.00343990325927734 0.0174474716186523 0.6473388671875 0.4520263671875
-0.0292549133300781 -0.0290050506591797 0.0330810546875 0.88592529296875
0.0208053588867188 -0.0159397125244141 -0.4112548828125 0.53009033203125
0.0636863708496094 -0.00373458862304688 0.0837631225585938 0.0227584838867188
0.0209274291992188 -0.0292644500732422 0.44085693359375 -0.6378173828125
-0.0072622299194336 -0.0098876953125 -0.2220458984375 -0.9202880859375
0.00611305236816406 0.0125770568847656 -0.77752685546875 -0.2071533203125
0.0374794006347656 -0.00659942626953125 -0.475433349609375 0.42449951171875
0.037750244140625 -0.0226898193359375 -0.05096435546875 0.510467529296875
0.00848388671875 -0.0361976623535156 0.245681762695312 0.26666259765625
0.0194511413574219 -0.00968742370605469 0.29486083984375 0.01068115234375
0.0432929992675781 0.0204200744628906 -0.281051635742188 -0.03900146484375
0.0107765197753906 0.0140209197998047 -0.17535400390625 -0.3050537109375
-0.000499725341796877 0.0330677032470703 0.124969482421875 -0.496856689453125
-0.0139636993408203 0.0289363861083984 0.56512451171875 -0.3646240234375
-0.0367317199707031 -0.00683975219726562 0.6983642578125 0.29290771484375
-0.0206871032714844 -0.0451278686523438 0.2215576171875 0.8511962890625
0.0354270935058594 0.00452041625976563 -0.33306884765625 0.63348388671875
0.048614501953125 0.0358467102050781 0.00768280029296874 0.0952072143554688
0.0465469360351563 -0.000911712646484375 0.516937255859375 -0.534332275390625
0.0149803161621094 -0.0374946594238281 -0.0399169921875 -0.967529296875
-0.0349178314208984 -0.0227565765380859 -0.75390625 -0.38665771484375
-0.0266971588134766 0.02142333984375 -0.58343505859375 0.3209228515625
-0.00736045837402344 0.0340232849121094 -0.141510009765625 0.471832275390625
-0.00315284729003906 0.0208320617675781 0.217636108398438 0.272048950195313
0.0412673950195313 0.01788330078125 0.280914306640625 0.0230712890625
0.0413589477539063 0.0202102661132813 -0.271865844726563 -0.0397186279296875
0.0141201019287109 0.0113430023193359 -0.155609130859375 -0.303619384765625
0.00235748291015625 0.0263919830322266 0.1578369140625 -0.488433837890625
-0.0139045715332031 0.0253410339355469 0.59356689453125 -0.32611083984375
-0.0351238250732422 -0.00510787963867187 0.683349609375 0.342529296875
-0.0201168060302734 -0.0343093872070313 0.1673583984375 0.875732421875
0.0249137878417969 0.0181522369384766 -0.36346435546875 0.6217041015625
0.0323562622070313 0.0438041687011719 0.015533447265625 0.0843963623046875
0.0340137481689453 0.00793075561523438 0.48529052734375 -0.55682373046875
0.00944328308105469 -0.0263652801513672 -0.1048583984375 -0.95098876953125
-0.0319499969482422 -0.0147304534912109 -0.77056884765625 -0.327392578125
-0.0232830047607422 0.0190963745117188 -0.554046630859375 0.35577392578125
-0.00287246704101562 0.0276241302490234 -0.111724853515625 0.484619140625
-0.000670433044433592 0.0158777236938477 0.232070922851563 0.274307250976563
0.04083251953125 0.0190773010253906 0.28680419921875 0.027679443359375
0.0368690490722656 0.0186614990234375 -0.265106201171875 -0.0414276123046875
0.0175065994262695 0.00484561920166016 -0.138092041015625 -0.3033447265625
0.00377750396728516 0.0154399871826172 0.18902587890625 -0.4736328125
-0.00968360900878906 0.0208759307861328 0.62054443359375 -0.28326416015625
-0.0306835174560547 -0.00372123718261719 0.6617431640625 0.39630126953125
-0.0203342437744141 -0.0253410339355469 0.1038818359375 0.8905029296875
0.0154190063476563 0.0257740020751953 -0.39337158203125 0.59454345703125
0.0235176086425781 0.04632568359375 0.0302314758300781 0.068115234375
0.0244998931884766 0.0122089385986328 0.45208740234375 -0.58026123046875
0.00428390502929687 -0.0155248641967773 -0.1673583984375 -0.92578125
-0.0274505615234375 -0.00622367858886719 -0.77947998046875 -0.2630615234375
-0.0139684677124023 0.0163040161132813 -0.519622802734375 0.392974853515625
0.00306797027587891 0.0173187255859375 -0.07550048828125 0.494903564453125
0.00522279739379883 0.00816822052001953 0.2484130859375 0.27197265625
0.0373039245605469 0.0179252624511719 0.29388427734375 0.02734375
0.0334587097167969 0.0147247314453125 -0.260787963867188 -0.0462799072265625
0.0202713012695313 -0.00357627868652344 -0.12591552734375 -0.30548095703125
0.0135612487792969 0.00401115417480469 0.216217041015625 -0.46075439453125
-0.00112724304199219 0.0160970687866211 0.643798828125 -0.24163818359375
-0.0257072448730469 0.000104904174804693 0.639892578125 0.44573974609375
-0.0237083435058594 -0.0202217102050781 0.0455322265625 0.90399169921875
0.00823402404785156 0.0285625457763672 -0.418701171875 0.569580078125
0.019561767578125 0.0431022644042969 0.0481948852539063 0.0497817993164062
0.0169000625610352 0.00964736938476562 0.42633056640625 -0.607666015625
-0.000790596008300781 -0.00900459289550781 -0.22332763671875 -0.9039306640625
-0.0196514129638672 0.000864028930664058 -0.78271484375 -0.20770263671875
-0.00411605834960938 0.00970554351806641 -0.484344482421875 0.422393798828125
0.0108814239501953 0.00609970092773438 -0.0462646484375 0.502716064453125
0.0071415901184082 -0.00124311447143555 0.259628295898438 0.268157958984375
0.0356063842773438 0.0141525268554687 0.297821044921875 0.025177001953125
0.0284175872802734 0.00968170166015625 -0.258285522460937 -0.0521087646484375
0.0250892639160156 -0.0132694244384766 -0.1202392578125 -0.309295654296875
0.0232429504394531 -0.00555419921875 0.23406982421875 -0.45013427734375
0.011052131652832 0.0153646469116211 0.65997314453125 -0.2177734375
-0.0200595855712891 0.00737571716308593 0.625732421875 0.47491455078125
-0.0263290405273437 -0.0162162780761719 0.00585937500000009 0.906005859375
0.00374031066894531 0.0243320465087891 -0.4327392578125 0.545074462890625
0.0228996276855469 0.0353622436523438 0.0639724731445313 0.0343971252441406
0.0114803314208984 0.00571250915527344 0.40777587890625 -0.6256103515625
-0.00360345840454101 -0.00324821472167969 -0.25738525390625 -0.89019775390625
-0.01153564453125 0.00670242309570313 -0.782470703125 -0.17132568359375
0.00748205184936523 0.00359010696411133 -0.46026611328125 0.4407958984375
0.0178909301757813 -0.00550270080566406 -0.027923583984375 0.506683349609375
0.00824451446533203 -0.0123233795166016 0.267059326171875 0.26483154296875
0.0302314758300781 0.00945854187011719 0.30291748046875 0.019561767578125
0.0250778198242187 0.00324821472167969 -0.26043701171875 -0.0599822998046875
0.0276985168457031 -0.0235805511474609 -0.121978759765625 -0.3133544921875
0.0332908630371094 -0.0133781433105469 0.239105224609375 -0.447357177734375
0.0244674682617187 0.0157508850097656 0.668701171875 -0.206298828125
-0.0143356323242188 0.011566162109375 0.62103271484375 0.48583984375
-0.0280590057373047 -0.0184211730957031 -0.00958251953125008 0.9022216796875
0.00754451751708984 0.0126419067382813 -0.434173583984375 0.531494140625
0.0341148376464844 0.0222358703613281 0.0768203735351563 0.0243988037109375
0.0116796493530273 -0.00400447845458984 0.402099609375 -0.63958740234375
-0.00662374496459961 -0.00263881683349609 -0.27252197265625 -0.885986328125
-0.00427722930908203 0.00999259948730469 -0.78125 -0.15533447265625
0.0185604095458984 -0.00330924987792969 -0.448486328125 0.45050048828125
0.0254173278808594 -0.0147514343261719 -0.01812744140625 0.510040283203125
0.00975418090820313 -0.0220890045166016 0.265899658203125 0.263015747070313
0.0266399383544922 0.00262832641601563 0.30255126953125 0.017303466796875
0.0214481353759766 -0.00284194946289063 -0.266738891601563 -0.0672760009765625
0.0281047821044922 -0.03216552734375 -0.131591796875 -0.32000732421875
0.0416679382324219 -0.0185279846191406 0.2301025390625 -0.452484130859375
0.0358505249023438 0.0147171020507813 0.66839599609375 -0.21630859375
-0.00820350646972656 0.0147161483764648 0.62945556640625 0.4761962890625
-0.0296058654785156 -0.0208072662353516 0.00262451171874992 0.89569091796875
0.0133638381958008 0.000135421752929688 -0.424713134765625 0.526611328125
0.0479316711425781 0.0095062255859375 0.0835342407226563 0.0192794799804688
0.0136985778808594 -0.016392707824707 0.41046142578125 -0.64581298828125
-0.00811004638671875 -0.00408220291137695 -0.26593017578125 -0.8941650390625
0.00289058685302734 0.0115470886230469 -0.7794189453125 -0.16400146484375
0.0293846130371094 -0.00751686096191406 -0.45013427734375 0.44708251953125
0.03173828125 -0.0216903686523438 -0.0242919921875 0.511688232421875
0.00868034362792969 -0.0308589935302734 0.260452270507813 0.261703491210938
0.0233383178710938 -0.0046539306640625 0.299072265625 0.0107421875
0.0180072784423828 -0.00851631164550781 -0.27301025390625 -0.0735321044921875
0.0251312255859375 -0.037506103515625 -0.146331787109375 -0.326080322265625
0.0447807312011719 -0.0226058959960938 0.207855224609375 -0.4644775390625
0.0446586608886719 0.0141868591308594 0.65911865234375 -0.244140625
-0.00347423553466797 0.0161123275756836 0.64825439453125 0.443115234375
-0.0293483734130859 -0.0281124114990234 0.04083251953125 0.882080078125
0.0215301513671875 -0.0150775909423828 -0.40203857421875 0.53057861328125
0.0631599426269531 -0.00449752807617188 0.0843429565429688 0.0213165283203125
0.0201854705810547 -0.02960205078125 0.43133544921875 -0.6407470703125
-0.00770378112792969 -0.00992012023925781 -0.23223876953125 -0.9119873046875
0.00544643402099609 0.012939453125 -0.77642822265625 -0.1973876953125
0.0377616882324219 -0.00785446166992188 -0.466644287109375 0.429534912109375
0.0379104614257813 -0.0230064392089844 -0.042266845703125 0.50946044921875
0.007965087890625 -0.0349941253662109 0.247039794921875 0.261550903320313
0.0203380584716797 -0.0110435485839844 0.294525146484375 0.0069580078125
0.0444145202636719 0.0203323364257813 -0.28131103515625 -0.03607177734375
0.0121917724609375 0.0144166946411133 -0.17926025390625 -0.30108642578125
0.000751495361328123 0.0332832336425781 0.11578369140625 -0.49627685546875
-0.0136604309082031 0.0298480987548828 0.5587158203125 -0.369598388671875
-0.0378761291503906 -0.00693511962890626 0.69708251953125 0.28228759765625
-0.0218696594238281 -0.04339599609375 0.22998046875 0.84478759765625
0.0356521606445313 0.00518035888671875 -0.32391357421875 0.6326904296875
0.0483932495117188 0.0341072082519531 0.00839996337890626 0.095947265625
0.0464363098144531 -0.000186920166015625 0.5086669921875 -0.535858154296875
0.0154876708984375 -0.0360374450683594 -0.05047607421875 -0.96343994140625
-0.0350704193115234 -0.0233821868896484 -0.7548828125 -0.37518310546875
-0.0256443023681641 0.0202980041503906 -0.57586669921875 0.32757568359375
-0.00623703002929688 0.0340385437011719 -0.13360595703125 0.4697265625
-0.00279617309570313 0.0213775634765625 0.2193603515625 0.26666259765625
0.0414695739746094 0.0169715881347656 0.280029296875 0.0189666748046875
0.0428466796875 0.0193710327148438 -0.2718505859375 -0.035858154296875
0.0140514373779297 0.0118494033813477 -0.15997314453125 -0.300872802734375
0.00161933898925781 0.0248489379882813 0.148651123046875 -0.4879150390625
-0.0144081115722656 0.0249767303466797 0.5859375 -0.33282470703125
-0.0354118347167969 -0.00496673583984374 0.68133544921875 0.33447265625
-0.0203266143798828 -0.0338668823242188 0.175537109375 0.868408203125
0.0250797271728516 0.0174045562744141 -0.3538818359375 0.61932373046875
0.0333976745605469 0.0424308776855469 0.0163040161132813 0.0831985473632813
0.0350399017333984 0.00728988647460937 0.474639892578125 -0.556976318359375
0.0105266571044922 -0.0250053405761719 -0.11468505859375 -0.9439697265625
-0.0336360931396484 -0.0145244598388672 -0.76898193359375 -0.3165283203125
-0.0228176116943359 0.0197639465332031 -0.546234130859375 0.361846923828125
-0.00370597839355469 0.0279941558837891 -0.1072998046875 0.48443603515625
-0.000509262084960937 0.0172815322875977 0.235137939453125 0.26873779296875
0.0410919189453125 0.0171852111816406 0.286346435546875 0.024200439453125
0.0385551452636719 0.0182723999023438 -0.26507568359375 -0.0385894775390625
0.0177383422851563 0.00528526306152344 -0.1427001953125 -0.30096435546875
0.00439548492431641 0.0161714553833008 0.181976318359375 -0.47381591796875
-0.00972366333007812 0.0204505920410156 0.61138916015625 -0.28759765625
-0.0309562683105469 -0.00238990783691407 0.66192626953125 0.38671875
-0.0220813751220703 -0.0256156921386719 0.11224365234375 0.88568115234375
0.0147228240966797 0.0273323059082031 -0.38543701171875 0.5960693359375
0.0236778259277344 0.0455474853515625 0.0310554504394531 0.0680007934570313
0.0238037109375 0.0110149383544922 0.44354248046875 -0.58282470703125
0.00420570373535156 -0.0159893035888672 -0.17669677734375 -0.917724609375
-0.0277347564697266 -0.00611495971679688 -0.77874755859375 -0.25140380859375
-0.014312744140625 0.0164384841918945 -0.51202392578125 0.39605712890625
0.00340652465820312 0.0177478790283203 -0.0694580078125 0.4925537109375
0.00376129150390625 0.00991916656494141 0.249740600585938 0.266998291015625
0.0383033752441406 0.0159378051757813 0.293060302734375 0.02423095703125
0.0345096588134766 0.0129852294921875 -0.259933471679687 -0.04217529296875
0.0209789276123047 -0.00331878662109375 -0.129669189453125 -0.302764892578125
0.0123004913330078 0.00510597229003906 0.208648681640625 -0.459686279296875
-0.00163650512695313 0.015812873840332 0.6390380859375 -0.2506103515625
-0.0259170532226563 0.000740051269531246 0.64044189453125 0.4349365234375
-0.0238914489746094 -0.0199947357177734 0.0538940429687501 0.8985595703125
0.00804901123046875 0.0289726257324219 -0.40875244140625 0.56964111328125
0.0210418701171875 0.0426902770996094 0.0485916137695312 0.0499343872070312
0.0170135498046875 0.0101308822631836 0.4169921875 -0.6060791015625
-0.000211715698242188 -0.00816869735717773 -0.233642578125 -0.89788818359375
-0.0198345184326172 0.00107383728027344 -0.78240966796875 -0.19586181640625
-0.00442123413085938 0.0103034973144531 -0.477020263671875 0.426849365234375
0.0097808837890625 0.00724601745605469 -0.040374755859375 0.500091552734375
0.00764894485473633 0.000274181365966797 0.264205932617188 0.262924194335938
0.0357398986816406 0.0123176574707031 0.29779052734375 0.020751953125
0.0299739837646484 0.0086517333984375 -0.258636474609375 -0.0492401123046875
0.0255107879638672 -0.0147743225097656 -0.124267578125 -0.305084228515625
0.0225887298583984 -0.00479316711425781 0.224456787109375 -0.44964599609375
0.0102424621582031 0.0144863128662109 0.6529541015625 -0.2236328125
-0.0204200744628906 0.00722885131835938 0.626220703125 0.46551513671875
-0.0278472900390625 -0.0155525207519531 0.01373291015625 0.9000244140625
0.00483894348144531 0.0248622894287109 -0.42578125 0.547882080078125
0.0227508544921875 0.0354232788085938 0.0631141662597656 0.0339508056640625
0.0116424560546875 0.00678634643554688 0.4000244140625 -0.6256103515625
-0.00452089309692383 -0.00216770172119141 -0.26483154296875 -0.88092041015625
-0.0119218826293945 0.00622272491455078 -0.78082275390625 -0.15936279296875
0.0067906379699707 0.00219917297363281 -0.4525146484375 0.443389892578125
0.0184383392333984 -0.00540542602539063 -0.0192871093750001 0.50555419921875
0.00932121276855469 -0.0126028060913086 0.26995849609375 0.2584228515625
0.0311698913574219 0.00771331787109375 0.301177978515625 0.017425537109375
0.0258026123046875 0.00269508361816406 -0.2611083984375 -0.0568389892578125
0.0270309448242188 -0.0238170623779297 -0.125335693359375 -0.310089111328125
0.0328826904296875 -0.0127754211425781 0.22967529296875 -0.44805908203125
0.0242424011230469 0.0148220062255859 0.661376953125 -0.21405029296875
-0.0148763656616211 0.0117397308349609 0.621826171875 0.47607421875
-0.0288352966308594 -0.0177497863769531 0.000366210937500029 0.89764404296875
0.00810432434082031 0.0125608444213867 -0.427154541015625 0.533355712890625
0.0345687866210938 0.0206127166748047 0.0773696899414063 0.0226898193359375
0.0114784240722656 -0.00322055816650391 0.3924560546875 -0.6392822265625
-0.00717067718505859 -0.0023040771484375 -0.27996826171875 -0.87744140625
-0.00515460968017578 0.00934791564941406 -0.77789306640625 -0.14532470703125
0.0185909271240234 -0.00372314453125 -0.441650390625 0.45330810546875
0.0246295928955078 -0.0150928497314453 -0.010589599609375 0.505767822265625
0.00856208801269531 -0.0215091705322266 0.26995849609375 0.25640869140625
0.0265064239501953 0.00153350830078125 0.30181884765625 0.0125732421875
0.0218334197998047 -0.003509521484375 -0.266891479492188 -0.0638427734375001
0.0275135040283203 -0.0318698883056641 -0.135650634765625 -0.317901611328125
0.0405044555664063 -0.01947021484375 0.222412109375 -0.452301025390625
0.0361709594726563 0.0143585205078125 0.66265869140625 -0.22412109375
-0.00854969024658203 0.0148277282714844 0.63140869140625 0.466552734375
-0.0286884307861328 -0.020050048828125 0.0117187500000001 0.8902587890625
0.013641357421875 0.000582695007324219 -0.416778564453125 0.527801513671875
0.04833984375 0.00831985473632813 0.0838088989257812 0.01837158203125
0.0136356353759766 -0.0162458419799805 0.4002685546875 -0.6461181640625
-0.009002685546875 -0.00293827056884766 -0.27301025390625 -0.88653564453125
0.00229835510253906 0.0125274658203125 -0.77734375 -0.15447998046875
0.0286865234375 -0.00824737548828125 -0.442962646484375 0.450927734375
0.0311012268066406 -0.0219402313232422 -0.016326904296875 0.50762939453125
0.00801277160644532 -0.0302925109863281 0.262054443359375 0.256011962890625
0.0235614776611328 -0.00498390197753906 0.298980712890625 0.0069580078125
0.0196151733398437 -0.00885391235351563 -0.273529052734375 -0.0694732666015625
0.0257186889648438 -0.0364341735839844 -0.1507568359375 -0.3231201171875
0.0441017150878906 -0.0216140747070313 0.1995849609375 -0.4638671875
0.0442276000976563 0.0137252807617188 0.6517333984375 -0.25189208984375
-0.00460910797119141 0.0163040161132813 0.648681640625 0.431884765625
-0.0292205810546875 -0.0280952453613281 0.0496826171875 0.8773193359375
0.0222892761230469 -0.0144615173339844 -0.394989013671875 0.53265380859375
0.0647735595703125 -0.00542831420898438 0.0836181640625 0.02093505859375
0.0196990966796875 -0.0286350250244141 0.421875 -0.6405029296875
-0.0077662467956543 -0.0080718994140625 -0.2420654296875 -0.9053955078125
0.0061187744140625 0.0138187408447266 -0.77349853515625 -0.185546875
0.0373878479003906 -0.0092010498046875 -0.45855712890625 0.433868408203125
0.0369911193847656 -0.0220565795898438 -0.036224365234375 0.50677490234375
0.00820159912109375 -0.0344390869140625 0.249710083007813 0.25640869140625
0.020355224609375 -0.0125465393066406 0.293243408203125 0.00360107421875
0.0443153381347656 0.0181121826171875 -0.2806396484375 -0.03143310546875
0.0120277404785156 0.0155620574951172 -0.182769775390625 -0.29595947265625
0.000543594360351564 0.0333156585693359 0.108001708984375 -0.496368408203125
-0.0136966705322266 0.0294113159179688 0.550018310546875 -0.37347412109375
-0.0374984741210938 -0.00543594360351562 0.6947021484375 0.27520751953125
-0.0219650268554688 -0.0404853820800781 0.2371826171875 0.8367919921875
0.0352325439453125 0.00400161743164062 -0.31634521484375 0.630615234375
0.0485076904296875 0.03436279296875 0.00994873046875001 0.095916748046875
0.0463600158691406 -0.000637054443359375 0.501373291015625 -0.536651611328125
0.0142250061035156 -0.0363578796386719 -0.0599365234375001 -0.957275390625
-0.0347576141357422 -0.0227146148681641 -0.75469970703125 -0.36260986328125
-0.0258121490478516 0.0201969146728516 -0.56854248046875 0.33074951171875
-0.00769996643066406 0.0335140228271484 -0.12725830078125 0.469635009765625
-0.00307083129882813 0.0211181640625 0.221221923828125 0.262405395507813
0.0405921936035156 0.0149497985839844 0.278854370117188 0.0174560546875
0.0431556701660156 0.0178985595703125 -0.270462036132812 -0.0307464599609375
0.0149717330932617 0.0115861892700195 -0.162994384765625 -0.295745849609375
0.000993728637695315 0.0268020629882813 0.141448974609375 -0.486785888671875
-0.0142116546630859 0.0254192352294922 0.57598876953125 -0.33587646484375
-0.0354499816894531 -0.0047760009765625 0.679931640625 0.32611083984375
-0.0194206237792969 -0.0327339172363281 0.1827392578125 0.8607177734375
0.0252037048339844 0.016143798828125 -0.34710693359375 0.61737060546875
0.0326004028320313 0.0420989990234375 0.0162887573242188 0.082916259765625
0.0344352722167969 0.00657463073730469 0.4678955078125 -0.55706787109375
0.0103340148925781 -0.0244121551513672 -0.12542724609375 -0.93505859375
-0.0328102111816406 -0.0124931335449219 -0.7696533203125 -0.3057861328125
-0.0212364196777344 0.0193042755126953 -0.539581298828125 0.365814208984375
-0.00302886962890625 0.0277442932128906 -0.0982666015625 0.48162841796875
0.00136756896972656 0.0180263519287109 0.236007690429688 0.264572143554688
0.0410575866699219 0.016265869140625 0.285980224609375 0.02099609375
0.0384674072265625 0.015716552734375 -0.265625 -0.0330963134765625
0.0181503295898438 0.00505638122558594 -0.147308349609375 -0.297576904296875
0.00621604919433594 0.0159215927124023 0.173583984375 -0.472320556640625
-0.0107288360595703 0.0196857452392578 0.604736328125 -0.2958984375
-0.0309791564941406 -0.00187873840332032 0.6590576171875 0.3779296875
-0.0215358734130859 -0.0236015319824219 0.118896484375 0.8782958984375
0.0151824951171875 0.0258808135986328 -0.377197265625 0.59539794921875
0.0224037170410156 0.0460319519042969 0.0309677124023438 0.0681495666503906
0.0250091552734375 0.0121612548828125 0.435302734375 -0.58050537109375
0.00534248352050781 -0.0148420333862305 -0.1859130859375 -0.9100341796875
-0.0274028778076172 -0.00522041320800781 -0.7752685546875 -0.2430419921875
-0.0133638381958008 0.0158882141113281 -0.50250244140625 0.401641845703125
0.00265121459960937 0.0187129974365234 -0.062713623046875 0.49041748046875
0.0043487548828125 0.00895786285400391 0.251113891601563 0.261795043945313
0.0380325317382813 0.0158882141113281 0.292144775390625 0.020721435546875
0.0338497161865234 0.0119476318359375 -0.259490966796875 -0.0389556884765625
0.0209484100341797 -0.00298690795898438 -0.132904052734375 -0.298309326171875
0.0131196975708008 0.00535774230957031 0.19842529296875 -0.460235595703125
-0.00106143951416016 0.0163002014160156 0.62847900390625 -0.25677490234375
-0.0267238616943359 0.00211715698242188 0.6380615234375 0.427490234375
-0.0252113342285156 -0.0183238983154297 0.0645751953124999 0.890869140625
0.00945281982421875 0.0277748107910156 -0.40283203125 0.569580078125
0.0202178955078125 0.0427398681640625 0.0491218566894531 0.0482521057128906
0.0173444747924805 0.0111064910888672 0.40777587890625 -0.60626220703125
0.00108718872070312 -0.00641059875488281 -0.23992919921875 -0.88995361328125
-0.0213108062744141 0.000680923461914064 -0.77886962890625 -0.18890380859375
-0.00401496887207031 0.010319709777832 -0.4703369140625 0.4296875
0.0110950469970703 0.00775051116943359 -0.0330810546875 0.496917724609375
0.00626373291015625 -0.000827312469482422 0.265060424804688 0.258346557617188
0.035400390625 0.011444091796875 0.29730224609375 0.016998291015625
0.0297183990478516 0.00757598876953125 -0.260208129882813 -0.045989990234375
0.026092529296875 -0.0132484436035156 -0.129486083984375 -0.30352783203125
0.0232219696044922 -0.00597190856933594 0.21630859375 -0.45074462890625
0.0110321044921875 0.0148296356201172 0.6453857421875 -0.22943115234375
-0.0216827392578125 0.00763511657714844 0.627685546875 0.4544677734375
-0.0263538360595703 -0.0147857666015625 0.0211181640625001 0.8939208984375
0.00544357299804687 0.0238914489746094 -0.41741943359375 0.54718017578125
0.0220623016357422 0.0338115692138672 0.0643424987792969 0.0348968505859375
0.0121612548828125 0.00594711303710938 0.3914794921875 -0.62420654296875
-0.00502395629882812 -0.00148439407348633 -0.27288818359375 -0.87274169921875
-0.0118894577026367 0.00579547882080078 -0.77655029296875 -0.1517333984375
0.00847339630126953 0.00212621688842773 -0.44549560546875 0.44525146484375
0.0183963775634766 -0.005096435546875 -0.013702392578125 0.501495361328125
0.0085296630859375 -0.0114679336547852 0.270675659179688 0.253829956054688
0.0315017700195313 0.00520896911621094 0.300933837890625 0.01348876953125
0.0265960693359375 0.000642776489257813 -0.261932373046875 -0.0528411865234375
0.0262813568115234 -0.0233898162841797 -0.129791259765625 -0.307220458984375
0.0327720642089844 -0.013336181640625 0.2222900390625 -0.447418212890625
0.0237464904785156 0.012939453125 0.654296875 -0.22021484375
-0.0154399871826172 0.0125150680541992 0.62066650390625 0.46630859375
-0.028411865234375 -0.0171375274658203 0.00701904296875008 0.89013671875
0.00758647918701172 0.0126104354858398 -0.417266845703125 0.53216552734375
0.0351238250732422 0.0215015411376953 0.0773162841796875 0.022857666015625
0.0120611190795898 -0.00430488586425781 0.38482666015625 -0.63885498046875
-0.00620794296264648 -0.000892162322998048 -0.28564453125 -0.86962890625
-0.00458621978759766 0.0100955963134766 -0.773681640625 -0.13653564453125
0.0179901123046875 -0.00483131408691406 -0.431915283203125 0.454864501953125
0.0246353149414063 -0.0151615142822266 -0.00491333007812502 0.504241943359375
0.00861930847167969 -0.021728515625 0.27099609375 0.251815795898438
0.0272312164306641 0.00075531005859375 0.300506591796875 0.00921630859375
0.0217132568359375 -0.00493240356445313 -0.267059326171875 -0.06085205078125
0.0274295806884766 -0.0318889617919922 -0.14117431640625 -0.3128662109375
0.0402870178222656 -0.0192909240722656 0.21331787109375 -0.4522705078125
0.0345382690429688 0.0138759613037109 0.65557861328125 -0.2320556640625
-0.00952339172363282 0.0146656036376953 0.63165283203125 0.455810546875
-0.0290069580078125 -0.0203361511230469 0.01800537109375 0.88525390625
0.0142822265625 -0.000963211059570312 -0.409515380859375 0.52813720703125
0.0479087829589844 0.00780105590820313 0.08245849609375 0.0182571411132813
0.0142183303833008 -0.0152406692504883 0.390380859375 -0.64447021484375
-0.00855064392089844 -0.00225448608398438 -0.28057861328125 -0.877197265625
0.00225162506103516 0.0119686126708984 -0.7725830078125 -0.14471435546875
0.0286178588867188 -0.00883674621582031 -0.433502197265625 0.452178955078125
0.0307941436767578 -0.0210113525390625 -0.011138916015625 0.505401611328125
0.00805282592773437 -0.0298995971679688 0.26416015625 0.250152587890625
0.0236110687255859 -0.00571632385253906 0.29827880859375 0.003936767578125
0.01806640625 -0.00961875915527344 -0.27532958984375 -0.0652618408203124
0.0241012573242187 -0.0377998352050781 -0.154693603515625 -0.319183349609375
0.04461669921875 -0.0223312377929688 0.191680908203125 -0.463134765625
0.0436515808105469 0.0129852294921875 0.64617919921875 -0.2572021484375
-0.00503063201904297 0.0150794982910156 0.64837646484375 0.423095703125
-0.0294704437255859 -0.0270709991455078 0.0567626953125 0.86981201171875
0.0209293365478516 -0.0161399841308594 -0.3885498046875 0.531646728515625
0.063995361328125 -0.005950927734375 0.082794189453125 0.0215835571289063
0.0202426910400391 -0.0302505493164062 0.414306640625 -0.640625
-0.00782251358032226 -0.00739049911499023 -0.2501220703125 -0.89727783203125
0.00592231750488281 0.0131845474243164 -0.76898193359375 -0.178466796875
0.0363006591796875 -0.00911331176757813 -0.451416015625 0.4354248046875
0.0356330871582031 -0.0226020812988281 -0.02886962890625 0.504150390625
0.00764846801757813 -0.0339393615722656 0.25103759765625 0.250808715820313
0.0192298889160156 -0.0114078521728516 0.29345703125 -0.000457763671875001
0.0453872680664063 0.0176429748535156 -0.279220581054688 -0.0281524658203126
0.011967658996582 0.0153341293334961 -0.185272216796875 -0.29241943359375
0.000778198242187499 0.0335292816162109 0.102203369140625 -0.4931640625
-0.0132808685302734 0.0293254852294922 0.5406494140625 -0.377349853515625
-0.0372505187988281 -0.00590133666992187 0.69134521484375 0.265869140625
-0.019989013671875 -0.0416488647460938 0.24017333984375 0.82904052734375
0.034423828125 0.00287246704101562 -0.30975341796875 0.62860107421875
0.0470733642578125 0.033447265625 0.0107345581054687 0.0954971313476563
0.045684814453125 -0.0004425048828125 0.490966796875 -0.536041259765625
0.0139198303222656 -0.0363731384277344 -0.0667724609375001 -0.94708251953125
-0.0357704162597656 -0.0208816528320313 -0.75048828125 -0.35406494140625
-0.0254383087158203 0.0211906433105469 -0.561279296875 0.334808349609375
-0.00582504272460937 0.03338623046875 -0.122344970703125 0.468292236328125
-0.00317573547363281 0.0216274261474609 0.22247314453125 0.258987426757813
0.0407295227050781 0.0136566162109375 0.278915405273438 0.0138702392578125
0.04327392578125 0.0173606872558594 -0.270950317382813 -0.02960205078125
0.0130023956298828 0.0116329193115234 -0.16632080078125 -0.29364013671875
0.00153732299804688 0.0259647369384766 0.134033203125 -0.48394775390625
-0.0141677856445313 0.0244922637939453 0.56976318359375 -0.3389892578125
-0.0363655090332031 -0.0053863525390625 0.6778564453125 0.31732177734375
-0.0196743011474609 -0.0331859588623047 0.18853759765625 0.85321044921875
0.0257587432861328 0.0167160034179688 -0.33880615234375 0.615478515625
0.0329666137695313 0.0407180786132813 0.017120361328125 0.0818405151367188
0.034423828125 0.00683784484863281 0.457763671875 -0.5556640625
0.00951385498046875 -0.0253429412841797 -0.1298828125 -0.92779541015625
-0.0330600738525391 -0.0125617980957031 -0.76409912109375 -0.2987060546875
-0.0218944549560547 0.0188674926757813 -0.534088134765625 0.367095947265625
-0.00245094299316406 0.0266685485839844 -0.093109130859375 0.479522705078125
-0.000480651855468751 0.0172653198242188 0.236557006835938 0.260177612304688
0.0413665771484375 0.0145034790039063 0.283935546875 0.0186767578125
0.0380630493164062 0.0147056579589844 -0.263565063476563 -0.0319061279296875
0.0178852081298828 0.00634384155273437 -0.1490478515625 -0.29327392578125
0.00581264495849609 0.0158843994140625 0.16607666015625 -0.47015380859375
-0.0102596282958984 0.0206375122070312 0.59637451171875 -0.2978515625
-0.03173828125 -0.00203323364257812 0.65716552734375 0.369873046875
-0.0219078063964844 -0.0244636535644531 0.1236572265625 0.8701171875
0.0153923034667969 0.0261173248291016 -0.370849609375 0.59417724609375
0.0224418640136719 0.0431251525878906 0.0318412780761719 0.0671348571777344
0.0232410430908203 0.0107173919677734 0.4285888671875 -0.57867431640625
0.00259304046630859 -0.016139030456543 -0.19061279296875 -0.90350341796875
-0.0279941558837891 -0.00505256652832032 -0.771240234375 -0.234619140625
-0.0144453048706055 0.0158214569091797 -0.496185302734375 0.40203857421875
0.00429344177246094 0.0176620483398438 -0.058746337890625 0.48699951171875
0.00464820861816406 0.0107793807983398 0.253219604492188 0.257720947265625
0.0385894775390625 0.0137977600097656 0.291351318359375 0.01727294921875
0.0349178314208984 0.0109405517578125 -0.25970458984375 -0.0358123779296875
0.0204658508300781 -0.00329399108886719 -0.1370849609375 -0.29547119140625
0.0125970840454102 0.00552082061767578 0.1922607421875 -0.45977783203125
-0.00182819366455078 0.0159997940063477 0.62109375 -0.26080322265625
-0.0263500213623047 0.00350379943847656 0.6390380859375 0.41839599609375
-0.0230560302734375 -0.0175247192382813 0.0692138671875 0.88507080078125
0.00761032104492188 0.0272197723388672 -0.39593505859375 0.5660400390625
0.0204048156738281 0.0413703918457031 0.0491294860839844 0.0490646362304688
0.0175647735595703 0.00984668731689453 0.4002685546875 -0.6024169921875
-0.00177669525146484 -0.00702619552612305 -0.2479248046875 -0.88104248046875
-0.0198650360107422 0.00213050842285156 -0.77496337890625 -0.18023681640625
-0.00485897064208985 0.00955867767333984 -0.462310791015625 0.42999267578125
0.0114583969116211 0.00611209869384766 -0.028778076171875 0.49383544921875
0.00668764114379883 -0.000548362731933594 0.26470947265625 0.252685546875
0.0354995727539063 0.0110931396484375 0.296630859375 0.0164794921875
0.030059814453125 0.00663375854492187 -0.258621215820313 -0.0427398681640625
0.0247383117675781 -0.0139522552490234 -0.13043212890625 -0.29998779296875
0.0221347808837891 -0.0052032470703125 0.208953857421875 -0.44976806640625
0.0103158950805664 0.0144901275634766 0.6365966796875 -0.23406982421875
-0.0207920074462891 0.00685882568359375 0.624755859375 0.44671630859375
-0.0253086090087891 -0.0140514373779297 0.0274047851562499 0.8876953125
0.00410270690917969 0.0244712829589844 -0.408843994140625 0.545166015625
0.0222148895263672 0.0333690643310547 0.0636177062988281 0.0345077514648438
0.0122146606445313 0.00684356689453125 0.38372802734375 -0.62298583984375
-0.00430011749267578 -0.00236940383911133 -0.27874755859375 -0.86370849609375
-0.0121698379516602 0.00731086730957031 -0.77294921875 -0.14459228515625
0.00714731216430664 0.00155925750732422 -0.436676025390625 0.447235107421875
0.0183296203613281 -0.00649642944335938 -0.00927734375000001 0.497711181640625
0.00834751129150391 -0.0115394592285156 0.27142333984375 0.249160766601562
0.0310211181640625 0.00451278686523438 0.2987060546875 0.010986328125
0.0259933471679688 0.00159454345703125 -0.26104736328125 -0.0498809814453125
0.0264434814453125 -0.0240211486816406 -0.132965087890625 -0.303955078125
0.0328407287597656 -0.0131797790527344 0.214599609375 -0.44769287109375
0.0226001739501953 0.0141963958740234 0.64666748046875 -0.2265625
-0.0146665573120117 0.0119314193725586 0.61932373046875 0.4580078125
-0.0279293060302734 -0.0150203704833984 0.0134277343749999 0.88494873046875
0.00876808166503906 0.0138940811157227 -0.41119384765625 0.531890869140625
0.0338287353515625 0.0213699340820313 0.0758438110351563 0.0234527587890625
0.0116691589355469 -0.00442981719970703 0.37786865234375 -0.63519287109375
-0.00683832168579102 -0.0013742446899414 -0.29144287109375 -0.8614501953125
-0.00388240814208984 0.00946617126464844 -0.77056884765625 -0.1279296875
0.0171270370483398 -0.00507068634033203 -0.423553466796875 0.45672607421875
0.0245075225830078 -0.0159435272216797 0.00140380859374996 0.50146484375
0.0088958740234375 -0.0214996337890625 0.272140502929688 0.246627807617188
0.0277118682861328 0.000261306762695313 0.300445556640625 0.0059814453125
0.0226688385009766 -0.00502586364746094 -0.266082763671875 -0.05780029296875
0.0269145965576172 -0.0312156677246094 -0.142913818359375 -0.309326171875
0.0402259826660156 -0.0195274353027344 0.206268310546875 -0.45147705078125
0.0353507995605469 0.0135040283203125 0.64837646484375 -0.237060546875
-0.00961494445800781 0.0153446197509766 0.6285400390625 0.44775390625
-0.0295429229736328 -0.0193920135498047 0.0260009765624999 0.87860107421875
0.0137195587158203 -6.29425048828125E-05 -0.4019775390625 0.526214599609375
0.04736328125 0.0067138671875 0.0825347900390625 0.017822265625
0.0141448974609375 -0.0154180526733398 0.3843994140625 -0.64337158203125
-0.00797176361083984 -0.00190353393554687 -0.28607177734375 -0.86932373046875
0.00111961364746094 0.0132875442504883 -0.76824951171875 -0.13775634765625
0.0274734497070312 -0.00913238525390625 -0.426605224609375 0.453125
0.0313701629638672 -0.0220546722412109 -0.00506591796875005 0.501129150390625
0.00792312622070313 -0.0301570892333984 0.264999389648438 0.245330810546875
0.0234394073486328 -0.00693893432617188 0.29656982421875 -0.0001220703125
0.0193557739257813 -0.0105781555175781 -0.274002075195313 -0.06292724609375
0.0247879028320313 -0.0364265441894531 -0.159027099609375 -0.314971923828125
0.0441131591796875 -0.0229644775390625 0.184417724609375 -0.461700439453125
0.0427284240722656 0.0119552612304688 0.636474609375 -0.262451171875
-0.00468826293945313 0.0145549774169922 0.64862060546875 0.41400146484375
-0.0293083190917969 -0.0251255035400391 0.0624389648437499 0.8634033203125
0.0222759246826172 -0.0149765014648438 -0.381103515625 0.530853271484375
0.0625 -0.00670242309570312 0.0828399658203125 0.0209503173828125
0.019805908203125 -0.0292606353759766 0.405029296875 -0.63787841796875
-0.00823497772216797 -0.00780391693115234 -0.25628662109375 -0.88861083984375
0.00539779663085937 0.0133914947509766 -0.76708984375 -0.169189453125
0.0357513427734375 -0.00949478149414063 -0.44329833984375 0.435699462890625
0.03594970703125 -0.021942138671875 -0.0234375 0.49847412109375
0.00675582885742188 -0.0360260009765625 0.252716064453125 0.246200561523437
0.0195541381835938 -0.0132617950439453 0.291778564453125 -0.00396728515625
0.0449752807617188 0.0157241821289063 -0.278579711914063 -0.027008056640625
0.0120868682861328 0.014775276184082 -0.186279296875 -0.289520263671875
0.000411987304687499 0.0326251983642578 0.0955810546874999 -0.490814208984375
-0.0142402648925781 0.0294628143310547 0.53167724609375 -0.3782958984375
-0.0383338928222656 -0.0064697265625 0.68853759765625 0.2607421875
-0.0211334228515625 -0.0417938232421875 0.24371337890625 0.82110595703125
0.0343856811523438 0.00177383422851563 -0.3013916015625 0.625732421875
0.0474586486816406 0.0329627990722656 0.0102310180664063 0.0948104858398438
0.0459480285644531 -0.00178909301757813 0.48565673828125 -0.534423828125
0.0136222839355469 -0.0352745056152344 -0.0745239257812501 -0.94268798828125
-0.0359840393066406 -0.0205612182617188 -0.74835205078125 -0.3465576171875
-0.0264644622802734 0.0212669372558594 -0.55389404296875 0.336273193359375
-0.00615119934082031 0.0345325469970703 -0.118408203125 0.464599609375
-0.00324630737304688 0.0217094421386719 0.222946166992188 0.25433349609375
0.0415115356445313 0.0130538940429688 0.277130126953125 0.0121917724609375
0.0431365966796875 0.0162544250488281 -0.270736694335938 -0.027801513671875
0.0139827728271484 0.0104665756225586 -0.168212890625 -0.289398193359375
0.00251388549804687 0.0253143310546875 0.128265380859375 -0.482696533203125
-0.0149574279785156 0.0240020751953125 0.561309814453125 -0.341278076171875
-0.035308837890625 -0.00529861450195312 0.67266845703125 0.31011962890625
-0.0202617645263672 -0.0319633483886719 0.19024658203125 0.845703125
0.0252895355224609 0.0160427093505859 -0.33489990234375 0.61199951171875
0.0322608947753906 0.039825439453125 0.018280029296875 0.083038330078125
0.0340480804443359 0.00590896606445313 0.45318603515625 -0.553466796875
0.00844573974609375 -0.0251045227050781 -0.13543701171875 -0.92041015625
-0.0340595245361328 -0.0121574401855469 -0.76123046875 -0.28973388671875
-0.0223903656005859 0.0193977355957031 -0.52423095703125 0.36932373046875
-0.00322532653808593 0.0273246765136719 -0.0884094238281251 0.47625732421875
0.000427246093749998 0.0175037384033203 0.237945556640625 0.255523681640625
0.0410118103027344 0.0128936767578125 0.282989501953125 0.01629638671875
0.0380401611328125 0.0132675170898438 -0.262741088867188 -0.02960205078125
0.0171165466308594 0.00453090667724609 -0.151824951171875 -0.2911376953125
0.00530624389648438 0.0163955688476563 0.158294677734375 -0.46923828125
-0.0102882385253906 0.0188579559326172 0.5888671875 -0.3006591796875
-0.0322608947753906 -0.00226020812988281 0.6549072265625 0.36273193359375
-0.0204849243164062 -0.0230522155761719 0.1297607421875 0.8642578125
0.0151729583740234 0.0256538391113281 -0.36572265625 0.5897216796875
0.023193359375 0.0437355041503906 0.0313339233398438 0.0674896240234375
0.0234260559082031 0.0115413665771484 0.42144775390625 -0.57794189453125
0.00278949737548828 -0.0145292282104492 -0.19671630859375 -0.893798828125
-0.0278778076171875 -0.00467681884765625 -0.767578125 -0.2279052734375
-0.0148420333862305 0.0157470703125 -0.488433837890625 0.402099609375
0.0046234130859375 0.0176105499267578 -0.0533447265625 0.4840087890625
0.00483798980712891 0.0102615356445313 0.25372314453125 0.252487182617188
0.0380058288574219 0.0125694274902344 0.289459228515625 0.016143798828125
0.0353012084960938 0.00996017456054688 -0.25927734375 -0.0341644287109375
0.0202674865722656 -0.00323867797851562 -0.139404296875 -0.2919921875
0.0127067565917969 0.00482177734375 0.18682861328125 -0.45806884765625
-0.00295448303222656 0.0158424377441406 0.61419677734375 -0.2635498046875
-0.0271759033203125 0.0018310546875 0.6356201171875 0.41162109375
-0.0218448638916016 -0.0173988342285156 0.071533203125 0.87921142578125
0.00860595703125 0.0267791748046875 -0.386962890625 0.565185546875
0.0200996398925781 0.0402069091796875 0.0496177673339844 0.0492744445800781
0.0175762176513672 0.00963973999023438 0.39312744140625 -0.6015625
-0.00133657455444336 -0.00723695755004883 -0.25018310546875 -0.8736572265625
-0.0199337005615234 0.00272941589355469 -0.76873779296875 -0.17327880859375
-0.00465011596679687 0.00922203063964844 -0.45587158203125 0.43115234375
0.010279655456543 0.00619888305664063 -0.024078369140625 0.48992919921875
0.00707387924194336 9.44137573242188E-05 0.2645263671875 0.249160766601563
0.0350418090820312 0.00962066650390625 0.295379638671875 0.012908935546875
0.0296249389648437 0.00510787963867188 -0.258712768554688 -0.0397338867187501
0.0237541198730469 -0.0135555267333984 -0.1346435546875 -0.295989990234375
0.0224361419677734 -0.00480842590332031 0.203033447265625 -0.44805908203125
0.0102567672729492 0.0142183303833008 0.6292724609375 -0.238525390625
-0.0199546813964844 0.00609397888183594 0.62139892578125 0.43939208984375
-0.0260734558105469 -0.0139541625976562 0.0337524414062501 0.8819580078125
0.00471878051757813 0.0242538452148438 -0.404632568359375 0.54229736328125
0.0229034423828125 0.0325908660888672 0.0632209777832031 0.0332374572753906
0.0136499404907227 0.00593185424804688 0.37774658203125 -0.6192626953125
-0.00430536270141602 -0.00153374671936035 -0.2818603515625 -0.8560791015625
-0.0119848251342773 0.00735664367675781 -0.76513671875 -0.13909912109375
0.00722503662109375 0.00179243087768555 -0.430419921875 0.44793701171875
0.0164308547973633 -0.00568294525146484 -0.00357055664062499 0.493011474609375
0.00774097442626953 -0.0115776062011719 0.27203369140625 0.245330810546875
0.031707763671875 0.00491905212402344 0.297271728515625 0.00836181640625
0.0261554718017578 -0.000255584716796875 -0.26104736328125 -0.0479583740234375
0.0256843566894531 -0.0230503082275391 -0.135467529296875 -0.299835205078125
0.0317173004150391 -0.0133018493652344 0.207244873046875 -0.446197509765625
0.0230598449707031 0.0128765106201172 0.63909912109375 -0.22967529296875
-0.0145549774169922 0.0107316970825195 0.61822509765625 0.4505615234375
-0.0273418426513672 -0.0160045623779297 0.0176391601562501 0.8773193359375
0.00841426849365234 0.0127458572387695 -0.405303955078125 0.52978515625
0.033905029296875 0.0208568572998047 0.0750808715820313 0.0225372314453125
0.0120563507080078 -0.00406551361083984 0.37164306640625 -0.63275146484375
-0.00598669052124024 -0.00067567825317383 -0.2958984375 -0.85186767578125
-0.00559902191162109 0.00985431671142578 -0.76483154296875 -0.1221923828125
0.0165510177612305 -0.00499153137207031 -0.417694091796875 0.456390380859375
0.02398681640625 -0.0153121948242187 0.00354003906250005 0.495513916015625
0.0082244873046875 -0.0215854644775391 0.273040771484375 0.2421875
0.0268783569335938 -0.000804901123046875 0.29803466796875 0.00347900390625
0.0229282379150391 -0.00747299194335937 -0.266067504882813 -0.054443359375
0.0253467559814453 -0.0302505493164063 -0.14630126953125 -0.30609130859375
0.0390815734863281 -0.0193290710449219 0.199676513671875 -0.450408935546875
0.0337867736816406 0.0129375457763672 0.63970947265625 -0.23956298828125
-0.00983142852783203 0.0153284072875977 0.625 0.43951416015625
-0.0279102325439453 -0.0190486907958984 0.0299072265625 0.871337890625
0.0136318206787109 -0.000391006469726562 -0.39593505859375 0.524810791015625
0.0467796325683594 0.007415771484375 0.0818252563476563 0.01824951171875
0.0138444900512695 -0.0166101455688477 0.37744140625 -0.6390380859375
-0.00830841064453125 -0.00208902359008789 -0.28826904296875 -0.8609619140625
0.00159358978271484 0.0128803253173828 -0.764404296875 -0.1309814453125
0.0264968872070313 -0.00905799865722656 -0.41943359375 0.4532470703125
0.0302104949951172 -0.0223522186279297 -0.00146484375000002 0.49859619140625
0.00765228271484375 -0.0289859771728516 0.265228271484375 0.241012573242188
0.0233058929443359 -0.00833511352539063 0.295074462890625 -0.0018310546875
0.0198974609375 -0.0110988616943359 -0.27362060546875 -0.0596771240234375
0.0232696533203125 -0.0357704162597656 -0.1614990234375 -0.311676025390625
0.0426979064941406 -0.0228271484375 0.17864990234375 -0.459808349609375
0.0431365966796875 0.0121345520019531 0.62689208984375 -0.2666015625
-0.00580215454101563 0.0154609680175781 0.64422607421875 0.4053955078125
-0.0281276702880859 -0.0251636505126953 0.0663452148437499 0.8575439453125
0.0211715698242188 -0.0150375366210938 -0.374603271484375 0.527313232421875
0.0617485046386719 -0.00769424438476562 0.0816650390625 0.0195693969726562
0.0193881988525391 -0.0282630920410156 0.3988037109375 -0.6376953125
-0.00851249694824219 -0.0076289176940918 -0.25830078125 -0.88104248046875
0.00475502014160156 0.0135126113891602 -0.761962890625 -0.1614990234375
0.0358543395996094 -0.00968170166015625 -0.4365234375 0.43792724609375
0.0354957580566406 -0.0235595703125 -0.018035888671875 0.495574951171875
0.00811767578125 -0.0345230102539063 0.251907348632813 0.242721557617188
0.0190963745117188 -0.0148639678955078 0.2908935546875 -0.0057373046875
0.0450820922851563 0.0141677856445313 -0.2769775390625 -0.0249176025390626
0.0117721557617188 0.0142536163330078 -0.187835693359375 -0.28521728515625
0.001129150390625 0.0336437225341797 0.091583251953125 -0.487396240234375
-0.0140151977539063 0.0295200347900391 0.526153564453125 -0.379180908203125
-0.0381736755371094 -0.0057525634765625 0.68438720703125 0.25250244140625
-0.0214881896972656 -0.0397109985351563 0.245361328125 0.81512451171875
0.0340137481689453 0.00169563293457031 -0.29693603515625 0.6219482421875
0.0466384887695312 0.03179931640625 0.0111770629882813 0.0943222045898437
0.04510498046875 -0.001373291015625 0.480316162109375 -0.532012939453125
0.0148887634277344 -0.0351943969726563 -0.0767822265624999 -0.9326171875
-0.0365257263183594 -0.0208091735839844 -0.7432861328125 -0.34033203125
-0.0262413024902344 0.0208892822265625 -0.5474853515625 0.33746337890625
-0.00582122802734375 0.0336189270019531 -0.114349365234375 0.461883544921875
-0.00269126892089844 0.0214595794677734 0.222763061523438 0.25103759765625
0.040313720703125 0.0116004943847656 0.276596069335938 0.011383056640625
0.0428924560546875 0.0149078369140625 -0.269424438476563 -0.02532958984375
0.0148286819458008 0.011962890625 -0.169158935546875 -0.28631591796875
0.00159263610839844 0.0264110565185547 0.1212158203125 -0.480072021484375
-0.0138969421386719 0.0240230560302734 0.5535888671875 -0.342620849609375
-0.0359840393066406 -0.00497055053710938 0.66986083984375 0.30291748046875
-0.0199775695800781 -0.0322437286376953 0.19342041015625 0.83819580078125
0.0244350433349609 0.0154228210449219 -0.32867431640625 0.60638427734375
0.0335121154785156 0.0397186279296875 0.0178756713867188 0.082855224609375
0.0360221862792969 0.00703048706054688 0.445281982421875 -0.55218505859375
0.00832939147949219 -0.0239849090576172 -0.14080810546875 -0.9134521484375
-0.0333042144775391 -0.0122585296630859 -0.75640869140625 -0.28338623046875
-0.0217037200927734 0.0185317993164062 -0.51983642578125 0.369049072265625
-0.000934600830078123 0.0275135040283203 -0.08575439453125 0.472900390625
0.00127410888671875 0.0182647705078125 0.238372802734375 0.252288818359375
0.0406570434570313 0.0132560729980469 0.282562255859375 0.015380859375
0.0400505065917969 0.0127906799316406 -0.262344360351563 -0.027099609375
0.0185585021972656 0.00552940368652344 -0.15283203125 -0.28826904296875
0.00498580932617188 0.0159120559692383 0.154632568359375 -0.46685791015625
-0.0101356506347656 0.0205650329589844 0.58209228515625 -0.30316162109375
-0.0325031280517578 -0.00150489807128906 0.65130615234375 0.35723876953125
-0.0204200744628906 -0.0232677459716797 0.1309814453125 0.85736083984375
0.0145778656005859 0.0253448486328125 -0.3602294921875 0.58673095703125
0.0229682922363281 0.0428581237792969 0.0323944091796875 0.0666847229003906
0.0248355865478516 0.0110893249511719 0.41595458984375 -0.57464599609375
0.00203323364257812 -0.0134763717651367 -0.1982421875 -0.88580322265625
-0.0277061462402344 -0.00475120544433594 -0.76080322265625 -0.22119140625
-0.0142450332641602 0.0147619247436523 -0.483154296875 0.40277099609375
0.00298118591308594 0.0164728164672852 -0.049072265625 0.4796142578125
0.00530529022216797 0.0111312866210938 0.25274658203125 0.249908447265625
0.0376968383789062 0.0105514526367187 0.28778076171875 0.014068603515625
0.0356597900390625 0.0087890625 -0.258407592773438 -0.0337066650390625
0.0209732055664063 -0.00272750854492187 -0.141571044921875 -0.2899169921875
0.0133676528930664 0.00519657135009766 0.180938720703125 -0.45635986328125
-0.00270366668701172 0.0152921676635742 0.6065673828125 -0.2650146484375
-0.0279045104980469 0.0016326904296875 0.6326904296875 0.4029541015625
-0.0224723815917969 -0.0172691345214844 0.07672119140625 0.87158203125
0.00923919677734375 0.0266551971435547 -0.384552001953125 0.56182861328125
0.0195884704589844 0.0390777587890625 0.0510826110839844 0.0478477478027344
0.0192604064941406 0.00981903076171875 0.3890380859375 -0.59906005859375
-0.000281810760498046 -0.00677061080932617 -0.2545166015625 -0.8636474609375
-0.0208187103271484 0.00269126892089843 -0.76470947265625 -0.16754150390625
-0.00446796417236328 0.00958824157714844 -0.44952392578125 0.429656982421875
0.0109720230102539 0.00564289093017578 -0.022308349609375 0.48626708984375
0.00749778747558594 0.000559806823730469 0.264373779296875 0.244720458984375
0.03515625 0.00754165649414063 0.2930908203125 0.011444091796875
0.0305862426757813 0.00416755676269531 -0.2567138671875 -0.0391082763671875
0.0242500305175781 -0.0126476287841797 -0.13531494140625 -0.292236328125
0.0229587554931641 -0.00506210327148438 0.19842529296875 -0.4459228515625
0.00952529907226563 0.0139369964599609 0.623291015625 -0.2412109375
-0.0218963623046875 0.00609970092773437 0.6175537109375 0.43414306640625
-0.0252780914306641 -0.0133533477783203 0.0350341796875001 0.87396240234375
0.00416946411132813 0.0227546691894531 -0.3973388671875 0.537200927734375
0.0224113464355469 0.0330219268798828 0.0635337829589844 0.03350830078125
0.0132350921630859 0.00598430633544922 0.37188720703125 -0.616455078125
-0.00475692749023438 -0.00161266326904297 -0.282470703125 -0.84796142578125
-0.0118570327758789 0.00736236572265625 -0.76348876953125 -0.132568359375
0.00613927841186523 0.00142002105712891 -0.422821044921875 0.447784423828125
0.0173892974853516 -0.00601673126220703 3.05175781249793E-05 0.488433837890625
0.00889968872070313 -0.0118436813354492 0.271957397460938 0.240142822265625
0.0298633575439453 0.00358963012695313 0.296356201171875 0.006591796875
0.0256500244140625 -0.00197029113769531 -0.26068115234375 -0.0460205078125
0.0259742736816406 -0.0233097076416016 -0.13818359375 -0.296844482421875
0.0320186614990234 -0.0138835906982422 0.201873779296875 -0.4449462890625
0.0220355987548828 0.0130119323730469 0.63214111328125 -0.2313232421875
-0.015599250793457 0.0118980407714844 0.61572265625 0.44512939453125
-0.0275344848632813 -0.0138778686523438 0.0208740234375001 0.87158203125
0.00753307342529297 0.0118951797485352 -0.399658203125 0.526580810546875
0.0328693389892578 0.0208358764648438 0.075042724609375 0.0225753784179688
0.0125942230224609 -0.00328922271728516 0.365966796875 -0.62957763671875
-0.0070037841796875 -0.000957489013671874 -0.2999267578125 -0.84417724609375
-0.00518512725830078 0.00982952117919922 -0.7598876953125 -0.1171875
0.0166654586791992 -0.00566768646240234 -0.41168212890625 0.454864501953125
0.0236301422119141 -0.0147743225097656 0.00793457031250005 0.49273681640625
0.00897789001464844 -0.0207328796386719 0.271759033203125 0.23712158203125
0.0278053283691406 -0.00150680541992188 0.2967529296875 0.000244140625
0.0222187042236328 -0.00752449035644531 -0.265975952148438 -0.0525054931640625
0.0266170501708984 -0.0309619903564453 -0.14837646484375 -0.30352783203125
0.0394210815429688 -0.019134521484375 0.194183349609375 -0.44830322265625
0.0338115692138672 0.0127334594726562 0.6324462890625 -0.24249267578125
-0.0103521347045898 0.015629768371582 0.62347412109375 0.43365478515625
-0.0278949737548828 -0.0184459686279297 0.0333251953125 0.86419677734375
0.0137796401977539 -0.000674247741699219 -0.39117431640625 0.5220947265625
0.0459518432617188 0.0068817138671875 0.0811920166015625 0.017669677734375
0.0146484375 -0.0152521133422852 0.37139892578125 -0.63702392578125
-0.00722122192382813 -0.00264787673950195 -0.2908935546875 -0.8526611328125
0.00174045562744141 0.0125293731689453 -0.75927734375 -0.126220703125
0.0263595581054688 -0.00935935974121094 -0.41400146484375 0.45135498046875
0.0296916961669922 -0.0211982727050781 0.00271606445312501 0.492919921875
0.00776100158691406 -0.0280952453613281 0.264877319335938 0.236923217773438
0.0226154327392578 -0.00800132751464844 0.2938232421875 -0.00439453125
0.0187950134277344 -0.0121097564697266 -0.27325439453125 -0.0578155517578125
0.0231208801269531 -0.0355606079101563 -0.164215087890625 -0.307861328125
0.0425148010253906 -0.0223884582519531 0.171295166015625 -0.45941162109375
0.041595458984375 0.0121726989746094 0.62237548828125 -0.270263671875
-0.00527095794677735 0.0158958435058594 0.639892578125 0.398681640625
-0.0283184051513672 -0.0237045288085938 0.07073974609375 0.84857177734375
0.0209980010986328 -0.0160751342773438 -0.371795654296875 0.525299072265625
0.0601081848144531 -0.00676345825195313 0.08099365234375 0.019989013671875
0.02008056640625 -0.0289897918701172 0.3934326171875 -0.63262939453125
-0.00705385208129883 -0.00689697265625 -0.260986328125 -0.871826171875
0.00546169281005859 0.0136070251464844 -0.75762939453125 -0.15740966796875
0.0340671539306641 -0.0106868743896484 -0.43048095703125 0.437347412109375
0.0353355407714844 -0.0245895385742187 -0.014862060546875 0.49188232421875
0.00826835632324219 -0.0325832366943359 0.25103759765625 0.238204956054687
0.019866943359375 -0.0146484375 0.288909912109375 -0.007781982421875
0.0441322326660156 0.0128593444824219 -0.277236938476563 -0.0233917236328125
0.0120849609375 0.0146169662475586 -0.189971923828125 -0.282806396484375
0.00157546997070312 0.0335788726806641 0.085845947265625 -0.4844970703125
-0.0133399963378906 0.02813720703125 0.52069091796875 -0.379638671875
-0.0376205444335938 -0.00539016723632813 0.6783447265625 0.24853515625
-0.0200462341308594 -0.0399589538574219 0.24493408203125 0.80780029296875
0.0331745147705078 0.00240516662597656 -0.2939453125 0.61822509765625
0.0461845397949219 0.031280517578125 0.0108261108398437 0.0938186645507813
0.0446586608886719 -0.00162887573242188 0.4752197265625 -0.52740478515625
0.0133094787597656 -0.0346641540527344 -0.0797729492187501 -0.92523193359375
-0.0356941223144531 -0.0193214416503906 -0.7398681640625 -0.3355712890625
-0.02545166015625 0.0200386047363281 -0.5435791015625 0.336181640625
-0.0051727294921875 0.0334644317626953 -0.11102294921875 0.459075927734375
-0.00251960754394531 0.0215015411376953 0.222732543945313 0.2474365234375
0.041229248046875 0.0110282897949219 0.274581909179688 0.010101318359375
0.0424613952636719 0.0131568908691406 -0.267532348632813 -0.0247802734375
0.014068603515625 0.0118083953857422 -0.17059326171875 -0.282623291015625
0.00256729125976563 0.0255107879638672 0.117706298828125 -0.477264404296875
-0.0156478881835938 0.0229873657226562 0.54595947265625 -0.34283447265625
-0.03570556640625 -0.004486083984375 0.66455078125 0.2996826171875
-0.0190238952636719 -0.0298042297363281 0.1925048828125 0.8326416015625
0.0236606597900391 0.0152244567871094 -0.32562255859375 0.60479736328125
0.0311431884765625 0.0395011901855469 0.01922607421875 0.082275390625
0.0347976684570313 0.006988525390625 0.44091796875 -0.546783447265625
0.00877571105957031 -0.0236663818359375 -0.14166259765625 -0.906005859375
-0.0335350036621094 -0.0110054016113281 -0.75299072265625 -0.27960205078125
-0.0220870971679688 0.0186519622802734 -0.514923095703125 0.370391845703125
-0.00189971923828125 0.0268039703369141 -0.083526611328125 0.470123291015625
0.000814437866210937 0.0190372467041016 0.236923217773438 0.249679565429688
0.0421943664550781 0.0125236511230469 0.279922485351563 0.0134429931640625
0.0390815734863281 0.0117454528808594 -0.2625732421875 -0.0265350341796875
0.0176982879638672 0.00461769104003906 -0.15521240234375 -0.283905029296875
0.00736427307128906 0.0153799057006836 0.1483154296875 -0.465728759765625
-0.0117530822753906 0.0188999176025391 0.57537841796875 -0.3046875
-0.0323905944824219 -0.00290489196777344 0.646484375 0.3511962890625
-0.0198497772216797 -0.0233497619628906 0.12982177734375 0.8505859375
0.0142784118652344 0.0255508422851563 -0.3548583984375 0.58306884765625
0.0208854675292969 0.0436820983886719 0.0329246520996094 0.0657958984375
0.02398681640625 0.0115623474121094 0.41192626953125 -0.5697021484375
0.00282382965087891 -0.0125961303710938 -0.2005615234375 -0.879638671875
-0.0278472900390625 -0.00255012512207031 -0.75897216796875 -0.2166748046875
-0.0137758255004883 0.0148706436157227 -0.4793701171875 0.399810791015625
0.00384330749511719 0.0160036087036133 -0.04736328125 0.476654052734375
0.00595569610595703 0.0116539001464844 0.252456665039063 0.245376586914063
0.0383224487304688 0.00945663452148438 0.28704833984375 0.013153076171875
0.0355072021484375 0.00732803344726563 -0.2574462890625 -0.031463623046875
0.0209426879882813 -0.00481033325195313 -0.144500732421875 -0.287322998046875
0.0118885040283203 0.00601100921630859 0.176361083984375 -0.45159912109375
-0.0032501220703125 0.0138435363769531 0.60198974609375 -0.26739501953125
-0.0275325775146484 0.00199127197265625 0.62908935546875 0.398681640625
-0.02203369140625 -0.0169200897216797 0.07684326171875 0.86505126953125
0.00817108154296875 0.0265541076660156 -0.380859375 0.55743408203125
0.0206756591796875 0.0396919250488281 0.0491447448730469 0.0488700866699219
0.0177803039550781 0.00898361206054688 0.38525390625 -0.5950927734375
-0.000190258026123047 -0.00696325302124023 -0.254638671875 -0.85955810546875
-0.0216751098632813 0.00401496887207031 -0.7607421875 -0.16363525390625
-0.00368118286132813 0.00892543792724609 -0.445281982421875 0.428436279296875
0.00994586944580078 0.00606441497802734 -0.01898193359375 0.485565185546875
0.00756120681762695 -0.000336647033691406 0.266189575195313 0.240859985351563
0.03533935546875 0.0073699951171875 0.292266845703125 0.0096435546875
0.0294876098632812 0.00348854064941406 -0.257522583007813 -0.0388031005859375
0.0235366821289063 -0.0145149230957031 -0.1383056640625 -0.289031982421875
0.02130126953125 -0.00446891784667969 0.19293212890625 -0.444854736328125
0.00921058654785156 0.0121345520019531 0.6185302734375 -0.2432861328125
-0.0220184326171875 0.00576210021972657 0.61474609375 0.4263916015625
-0.023956298828125 -0.0134677886962891 0.0369873046875 0.86737060546875
0.00491905212402344 0.0231170654296875 -0.394439697265625 0.53631591796875
0.0228748321533203 0.0308818817138672 0.0635528564453125 0.03411865234375
0.012242317199707 0.00471019744873047 0.3695068359375 -0.61199951171875
-0.00365972518920898 -0.00158333778381348 -0.28466796875 -0.84259033203125
-0.0127487182617188 0.00832939147949219 -0.7584228515625 -0.128662109375
0.00578594207763672 0.00121927261352539 -0.418304443359375 0.446441650390625
0.0165615081787109 -0.00673961639404297 0.00152587890624997 0.4866943359375
0.00895595550537109 -0.010228157043457 0.271224975585938 0.2373046875
0.0317192077636719 0.00285911560058594 0.29547119140625 0.005035400390625
0.0267086029052734 -0.00265884399414062 -0.259536743164063 -0.044647216796875
0.0264377593994141 -0.0226802825927734 -0.13916015625 -0.293182373046875
0.0320644378662109 -0.0135784149169922 0.197967529296875 -0.44140625
0.0221195220947266 0.0128154754638672 0.62628173828125 -0.2314453125
-0.0168781280517578 0.0108232498168945 0.611572265625 0.43756103515625
-0.0251903533935547 -0.0141677856445312 0.020751953125 0.86444091796875
0.00853061676025391 0.0129327774047852 -0.39727783203125 0.523834228515625
0.0327911376953125 0.020538330078125 0.0733566284179688 0.0216751098632812
0.0124502182006836 -0.00547027587890625 0.35992431640625 -0.62548828125
-0.00703001022338867 -0.000825881958007813 -0.2991943359375 -0.83673095703125
-0.00505352020263672 0.0104084014892578 -0.755615234375 -0.1153564453125
0.0167379379272461 -0.00613212585449219 -0.407012939453125 0.453887939453125
0.0237388610839844 -0.0135917663574219 0.010498046875 0.489410400390625
0.00850105285644531 -0.0198802947998047 0.270263671875 0.234542846679688
0.0268440246582031 -0.00294685363769531 0.294830322265625 -0.001007080078125
0.0236454010009766 -0.00803565979003906 -0.264358520507813 -0.0507659912109375
0.0261211395263672 -0.0309848785400391 -0.150238037109375 -0.300018310546875
0.0396499633789063 -0.0194587707519531 0.189910888671875 -0.446014404296875
0.0329494476318359 0.0117206573486328 0.62603759765625 -0.243896484375
-0.0107460021972656 0.0142421722412109 0.61968994140625 0.42724609375
-0.0270671844482422 -0.0186786651611328 0.03472900390625 0.8590087890625
0.013575553894043 -0.000684738159179688 -0.387237548828125 0.518829345703125
0.0462188720703125 0.00680923461914063 0.081024169921875 0.01806640625
0.0135946273803711 -0.0154581069946289 0.36737060546875 -0.63214111328125
-0.00786638259887695 -0.00140571594238281 -0.2926025390625 -0.8453369140625
0.000410079956054686 0.0126352310180664 -0.754638671875 -0.1219482421875
0.0266036987304688 -0.00941658020019531 -0.410491943359375 0.449493408203125
0.0297279357910156 -0.0214996337890625 0.005828857421875 0.49041748046875
0.00768852233886719 -0.0289878845214844 0.264617919921875 0.233673095703125
0.0222377777099609 -0.00995254516601563 0.291961669921875 -0.0059814453125
0.0201320648193359 -0.0138511657714844 -0.27252197265625 -0.056549072265625
0.0233116149902344 -0.0357475280761719 -0.1661376953125 -0.304412841796875
0.0423927307128906 -0.0229873657226562 0.168548583984375 -0.45440673828125
0.0410346984863281 0.0110969543457031 0.61663818359375 -0.2684326171875
-0.00522327423095703 0.0153160095214844 0.63641357421875 0.39520263671875
-0.0267257690429688 -0.0250186920166016 0.0716552734375001 0.84393310546875
0.0197181701660156 -0.0150814056396484 -0.3685302734375 0.52117919921875
0.0599632263183594 -0.00692367553710938 0.0802001953125 0.0192108154296875
0.0200653076171875 -0.0283889770507813 0.3892822265625 -0.62823486328125
-0.00811338424682617 -0.00636720657348633 -0.26129150390625 -0.8660888671875
0.00540256500244141 0.0126209259033203 -0.75201416015625 -0.15301513671875
0.034210205078125 -0.0105800628662109 -0.425018310546875 0.437103271484375
0.0360183715820312 -0.0232048034667969 -0.01348876953125 0.487335205078125
0.00788307189941407 -0.0335712432861328 0.251373291015625 0.235809326171875
0.0196666717529297 -0.0155658721923828 0.287506103515625 -0.00933837890625
0.0449256896972656 0.0118293762207031 -0.276397705078125 -0.0215911865234375
0.0120172500610352 0.0137577056884766 -0.19049072265625 -0.280181884765625
0.00152778625488281 0.0329647064208984 0.08282470703125 -0.483642578125
-0.0150794982910156 0.0272598266601562 0.513946533203125 -0.378204345703125
-0.0383720397949219 -0.00620269775390625 0.67510986328125 0.2467041015625
-0.0193939208984375 -0.0404434204101562 0.24298095703125 0.80267333984375
0.0330581665039063 0.000988006591796875 -0.2921142578125 0.6121826171875
0.0451812744140625 0.0309371948242188 0.0118484497070313 0.0931243896484375
0.0452842712402344 -0.00226974487304687 0.47149658203125 -0.524627685546875
0.0126323699951172 -0.0340538024902344 -0.08074951171875 -0.92022705078125
-0.0364608764648438 -0.0192756652832031 -0.73480224609375 -0.331787109375
-0.0262889862060547 0.0206813812255859 -0.539459228515625 0.336273193359375
-0.00535011291503907 0.0329360961914063 -0.10894775390625 0.456024169921875
-0.00252723693847657 0.0222434997558594 0.222137451171875 0.244979858398438
0.041412353515625 0.0103302001953125 0.272979736328125 0.0095367431640625
0.042724609375 0.0119132995605469 -0.26751708984375 -0.0239105224609375
0.0141592025756836 0.0113773345947266 -0.17218017578125 -0.281494140625
0.00246620178222656 0.0251255035400391 0.11407470703125 -0.47491455078125
-0.0153789520263672 0.0234718322753906 0.54315185546875 -0.343841552734375
-0.0363082885742188 -0.00353622436523438 0.66119384765625 0.29888916015625
-0.0192413330078125 -0.0307846069335938 0.19195556640625 0.82684326171875
0.0239982604980469 0.0153350830078125 -0.3211669921875 0.59967041015625
0.0309181213378906 0.037445068359375 0.0188140869140625 0.081695556640625
0.0338287353515625 0.00595283508300781 0.440826416015625 -0.5438232421875
0.00840187072753906 -0.0235080718994141 -0.141845703125 -0.89990234375
-0.0332088470458984 -0.0111865997314453 -0.74774169921875 -0.2747802734375
-0.0227184295654297 0.0178508758544922 -0.5096435546875 0.369903564453125
-0.00145912170410156 0.0262336730957031 -0.081878662109375 0.467681884765625
0.00124549865722656 0.0187301635742188 0.237258911132813 0.247161865234375
0.0414657592773438 0.0108604431152344 0.279449462890625 0.0132598876953125
0.0386848449707031 0.00945281982421875 -0.261993408203125 -0.0265045166015625
0.0177688598632812 0.00522041320800781 -0.155487060546875 -0.281707763671875
0.00630760192871094 0.0156593322753906 0.14520263671875 -0.46258544921875
-0.0110645294189453 0.0173044204711914 0.57098388671875 -0.30352783203125
-0.0325679779052734 -0.00198745727539062 0.6424560546875 0.34844970703125
-0.0200271606445312 -0.0235786437988281 0.13348388671875 0.8447265625
0.0133781433105469 0.0247421264648438 -0.35418701171875 0.5777587890625
0.02191162109375 0.0418777465820313 0.0322608947753906 0.0658035278320313
0.0231761932373047 0.011077880859375 0.408203125 -0.5648193359375
0.00405979156494141 -0.0141534805297852 -0.20050048828125 -0.87481689453125
-0.0275859832763672 -0.00341796875 -0.754638671875 -0.21466064453125
-0.014195442199707 0.0144939422607422 -0.4752197265625 0.400726318359375
0.00397014617919922 0.0167922973632813 -0.046173095703125 0.474945068359375
0.00586795806884766 0.00971221923828125 0.252548217773438 0.2435302734375
0.0390739440917969 0.00944900512695313 0.28656005859375 0.012725830078125
0.0341262817382813 0.0069427490234375 -0.256927490234375 -0.030609130859375
0.0205039978027344 -0.00304603576660156 -0.143157958984375 -0.283538818359375
0.0134143829345703 0.00506877899169922 0.17132568359375 -0.450714111328125
-0.00268840789794922 0.0154247283935547 0.59454345703125 -0.26641845703125
-0.0289649963378906 0.00181388854980469 0.6251220703125 0.39691162109375
-0.0220375061035156 -0.0167198181152344 0.0762329101562499 0.8597412109375
0.00760269165039063 0.0262565612792969 -0.3785400390625 0.554534912109375
0.0200653076171875 0.0387802124023437 0.0489730834960937 0.0476188659667969
0.0173511505126953 0.00954341888427734 0.38177490234375 -0.58929443359375
-0.000294208526611328 -0.0059351921081543 -0.254150390625 -0.85186767578125
-0.0208625793457031 0.00423049926757813 -0.7552490234375 -0.15985107421875
-0.00465488433837891 0.00948429107666016 -0.4403076171875 0.42645263671875
0.0103168487548828 0.00647163391113281 -0.015594482421875 0.48065185546875
0.00784111022949219 -0.000149250030517578 0.26458740234375 0.239410400390625
0.0355072021484375 0.00643539428710938 0.290618896484375 0.009185791015625
0.0297012329101563 0.00150108337402344 -0.257675170898438 -0.0364227294921875
0.0229225158691406 -0.0136890411376953 -0.139251708984375 -0.286834716796875
0.0230255126953125 -0.00555801391601563 0.1885986328125 -0.44219970703125
0.0085906982421875 0.0133371353149414 0.61248779296875 -0.24322509765625
-0.0219211578369141 0.00672340393066406 0.6112060546875 0.422607421875
-0.0246562957763672 -0.0121269226074219 0.0390014648437499 0.86175537109375
0.00565528869628906 0.0227737426757813 -0.391448974609375 0.533416748046875
0.0222110748291016 0.0319404602050781 0.0625114440917969 0.0327911376953125
0.0131311416625977 0.00553035736083984 0.36474609375 -0.60797119140625
-0.00424051284790039 -0.00156021118164062 -0.28387451171875 -0.8355712890625
-0.0112686157226563 0.00720882415771485 -0.7530517578125 -0.1268310546875
0.00635766983032227 0.00229644775390625 -0.41485595703125 0.44415283203125
0.0173931121826172 -0.00513076782226563 0.00280761718750004 0.482635498046875
0.0077972412109375 -0.010859489440918 0.270645141601563 0.2340087890625
0.0299301147460937 0.00131607055664062 0.295654296875 0.003936767578125
0.0251045227050781 -0.00383377075195313 -0.260589599609375 -0.04345703125
0.0254058837890625 -0.0228443145751953 -0.141265869140625 -0.291748046875
0.0319709777832031 -0.0120029449462891 0.1947021484375 -0.44061279296875
0.0200290679931641 0.0126075744628906 0.621337890625 -0.23284912109375
-0.0165376663208008 0.0118017196655273 0.60955810546875 0.43634033203125
-0.0257072448730469 -0.0136013031005859 0.0226440429687501 0.8607177734375
0.00776863098144531 0.0124454498291016 -0.394805908203125 0.51824951171875
0.0322284698486328 0.0195159912109375 0.0739822387695313 0.0222549438476563
0.012324333190918 -0.00557136535644531 0.35809326171875 -0.6220703125
-0.00581502914428711 0.000361919403076172 -0.29888916015625 -0.83160400390625
-0.00560569763183594 0.0107574462890625 -0.75140380859375 -0.1136474609375
0.0164794921875 -0.00555610656738281 -0.403594970703125 0.451934814453125
0.0237865447998047 -0.0151824951171875 0.01202392578125 0.4862060546875
0.00886344909667969 -0.0197982788085938 0.270919799804688 0.231689453125
0.0267829895019531 -0.00365257263183594 0.2945556640625 -0.00091552734375
0.0221176147460938 -0.00813102722167969 -0.265304565429688 -0.0495147705078125
0.0251026153564453 -0.0308265686035156 -0.1507568359375 -0.29742431640625
0.03961181640625 -0.0185623168945313 0.185943603515625 -0.444122314453125
0.0325222015380859 0.0115242004394531 0.62109375 -0.24432373046875
-0.0116205215454102 0.0141410827636719 0.616455078125 0.423583984375
-0.0268402099609375 -0.0176181793212891 0.0349731445312499 0.85284423828125
0.0126352310180664 -0.000273704528808594 -0.38531494140625 0.51446533203125
0.0459403991699219 0.00556564331054688 0.0799102783203125 0.0173568725585938
0.0142793655395508 -0.0149860382080078 0.36468505859375 -0.6287841796875
-0.00759172439575195 -0.00220394134521484 -0.29168701171875 -0.8409423828125
0.00169849395751953 0.012660026550293 -0.7490234375 -0.1195068359375
0.0260162353515625 -0.0108757019042969 -0.405670166015625 0.448822021484375
0.0300521850585938 -0.0211162567138672 0.00747680664062502 0.486968994140625
0.00817298889160156 -0.0277080535888672 0.262985229492188 0.230331420898438
0.0230598449707031 -0.00946426391601563 0.29144287109375 -0.00653076171875
0.0192108154296875 -0.0130271911621094 -0.272018432617188 -0.0553436279296875
0.0228462219238281 -0.0353927612304688 -0.165496826171875 -0.30133056640625
0.042205810546875 -0.0221366882324219 0.1639404296875 -0.45416259765625
0.0411949157714844 0.0110015869140625 0.61102294921875 -0.2696533203125
-0.00608921051025391 0.0154190063476563 0.63214111328125 0.3902587890625
-0.0273170471191406 -0.0233745574951172 0.0708007812499999 0.8389892578125
0.0198936462402344 -0.0153026580810547 -0.364044189453125 0.517181396484375
0.0596122741699219 -0.00713729858398438 0.0794830322265625 0.0199508666992188
0.0196914672851563 -0.0277557373046875 0.38629150390625 -0.6234130859375
-0.00812911987304688 -0.00683116912841797 -0.26177978515625 -0.857421875
0.00540065765380859 0.0131292343139648 -0.74774169921875 -0.15252685546875
0.0337886810302734 -0.0105457305908203 -0.4222412109375 0.434417724609375
0.0353317260742188 -0.0235214233398438 -0.0113525390625 0.484344482421875
0.00753211975097657 -0.0321941375732422 0.252059936523438 0.23150634765625
0.0188846588134766 -0.0165042877197266 0.286468505859375 -0.00994873046875
0.0441360473632813 0.0106697082519531 -0.276321411132813 -0.0210723876953125
0.0105361938476563 0.0133171081542969 -0.190582275390625 -0.27935791015625
0.00116539001464844 0.0331497192382813 0.0800170898437499 -0.48150634765625
-0.0152091979980469 0.0278129577636719 0.510162353515625 -0.378570556640625
-0.0383949279785156 -0.00500488281249999 0.66973876953125 0.2451171875
-0.0193557739257813 -0.0393524169921875 0.24114990234375 0.79852294921875
0.0322227478027344 0.00148963928222656 -0.29302978515625 0.60870361328125
0.0448455810546875 0.0306167602539062 0.011505126953125 0.0933303833007812
0.0464973449707031 -0.002471923828125 0.470001220703125 -0.51983642578125
0.0139293670654297 -0.033599853515625 -0.0811767578125 -0.91357421875
-0.0361709594726562 -0.0190887451171875 -0.7308349609375 -0.329345703125
-0.0258617401123047 0.0194282531738281 -0.536865234375 0.3358154296875
-0.00563621520996093 0.0331001281738281 -0.1080322265625 0.454803466796875
-0.00203132629394531 0.0221652984619141 0.221221923828125 0.243118286132813
0.0406913757324219 0.00908279418945312 0.274444580078125 0.0086517333984375
0.0426826477050781 0.00979232788085937 -0.266876220703125 -0.0224609375
0.0134296417236328 0.0111360549926758 -0.172454833984375 -0.280364990234375
0.00149917602539062 0.0248641967773437 0.11126708984375 -0.47357177734375
-0.0160465240478516 0.0236930847167969 0.536865234375 -0.342742919921875
-0.0368232727050781 -0.0032806396484375 0.658203125 0.2958984375
-0.0196151733398438 -0.0300407409667969 0.1900634765625 0.8223876953125
0.0237903594970703 0.0149955749511719 -0.32208251953125 0.595947265625
0.030120849609375 0.037933349609375 0.0195846557617188 0.0822830200195313
0.0333766937255859 0.00524520874023438 0.438140869140625 -0.540252685546875
0.00802230834960938 -0.0235595703125 -0.14141845703125 -0.8944091796875
-0.0345306396484375 -0.0120372772216797 -0.74371337890625 -0.27398681640625
-0.0228843688964844 0.0188026428222656 -0.50799560546875 0.36566162109375
-0.00146484375 0.0263290405273438 -0.078460693359375 0.465423583984375
0.00168228149414062 0.0184593200683594 0.23602294921875 0.2442626953125
0.0397567749023438 0.00931549072265625 0.279464721679688 0.0131988525390625
0.0387039184570313 0.0100860595703125 -0.26116943359375 -0.0247344970703125
0.0169391632080078 0.00534248352050781 -0.157333374023438 -0.280868530273438
0.00525665283203125 0.0158224105834961 0.14202880859375 -0.459808349609375
-0.0116767883300781 0.0186786651611328 0.56732177734375 -0.30230712890625
-0.0331878662109375 -0.00178337097167969 0.6385498046875 0.34722900390625
-0.019439697265625 -0.0222930908203125 0.13067626953125 0.841064453125
0.0140895843505859 0.0236930847167969 -0.35150146484375 0.57415771484375
0.021514892578125 0.0411605834960938 0.0327377319335937 0.0656013488769531
0.0242118835449219 0.00963401794433594 0.40606689453125 -0.56268310546875
0.00333213806152344 -0.0138559341430664 -0.1981201171875 -0.86932373046875
-0.0282020568847656 -0.0037078857421875 -0.749267578125 -0.213623046875
-0.0142297744750977 0.0140953063964844 -0.470733642578125 0.398406982421875
0.00439071655273437 0.0179100036621094 -0.04547119140625 0.472412109375
0.00566291809082031 0.0110273361206055 0.25140380859375 0.241775512695313
0.0378532409667969 0.00888442993164063 0.28570556640625 0.0115966796875
0.0340824127197266 0.00553703308105469 -0.257415771484375 -0.030242919921875
0.0194244384765625 -0.00474739074707031 -0.144622802734375 -0.281494140625
0.0130214691162109 0.0051727294921875 0.169219970703125 -0.450164794921875
-0.00351142883300781 0.0134344100952148 0.59014892578125 -0.26580810546875
-0.0289726257324219 0.00142097473144531 0.6204833984375 0.392333984375
-0.0214729309082031 -0.0159683227539063 0.0759887695312501 0.8543701171875
0.00796699523925781 0.0261020660400391 -0.376251220703125 0.55029296875
0.0189895629882812 0.0387954711914063 0.049591064453125 0.0482444763183594
0.0186309814453125 0.00891876220703125 0.37982177734375 -0.5870361328125
-0.000585556030273438 -0.00710058212280273 -0.253662109375 -0.8463134765625
-0.0209598541259766 0.00331878662109375 -0.75152587890625 -0.15997314453125
-0.00487661361694336 0.00803184509277344 -0.43939208984375 0.426513671875
0.0110187530517578 0.00616455078125 -0.017425537109375 0.47760009765625
0.00803422927856445 0.000665664672851563 0.262924194335938 0.2369384765625
0.0345916748046875 0.00537490844726563 0.290130615234375 0.0089111328125
0.0304050445556641 0.000890731811523438 -0.256744384765625 -0.0356903076171875
0.0241374969482422 -0.0134983062744141 -0.140167236328125 -0.285797119140625
0.0219326019287109 -0.00553131103515625 0.186859130859375 -0.43994140625
0.00783634185791016 0.0126018524169922 0.60687255859375 -0.24462890625
-0.0228958129882813 0.00669670104980468 0.60638427734375 0.42132568359375
-0.0232887268066406 -0.0130405426025391 0.0374755859375 0.85821533203125
0.00522041320800781 0.0231361389160156 -0.3907470703125 0.52947998046875
0.0214385986328125 0.0308666229248047 0.0634498596191406 0.0336837768554688
0.0129127502441406 0.00458049774169922 0.36395263671875 -0.60430908203125
-0.00462436676025391 -0.00186443328857422 -0.28387451171875 -0.8330078125
-0.0129680633544922 0.00766944885253907 -0.74755859375 -0.12646484375
0.0054168701171875 0.00167131423950195 -0.412628173828125 0.442840576171875
0.0167770385742188 -0.00539302825927734 0.00500488281249999 0.4796142578125
0.00864124298095703 -0.00998592376708984 0.269424438476563 0.232147216796875
0.0297203063964844 0.000745773315429688 0.2935791015625 0.003173828125
0.0267868041992188 -0.00388336181640625 -0.25921630859375 -0.0423583984374999
0.0255298614501953 -0.0231475830078125 -0.1417236328125 -0.290985107421875
0.0310840606689453 -0.0122394561767578 0.191162109375 -0.43780517578125
0.0197067260742187 0.0128612518310547 0.61700439453125 -0.23333740234375
-0.0169687271118164 0.0107831954956055 0.60247802734375 0.433837890625
-0.0257930755615234 -0.013458251953125 0.021240234375 0.85546875
0.00779438018798828 0.0120315551757813 -0.391693115234375 0.51507568359375
0.0324440002441406 0.0191841125488281 0.07421875 0.0223007202148438
0.0131683349609375 -0.00472450256347656 0.35699462890625 -0.617919921875
-0.00601339340209961 -0.0002593994140625 -0.2967529296875 -0.82763671875
-0.00507545471191406 0.00948429107666016 -0.7462158203125 -0.1102294921875
0.0161113739013672 -0.00542449951171875 -0.40020751953125 0.44989013671875
0.0236072540283203 -0.0149078369140625 0.0123291015625 0.483154296875
0.00865554809570313 -0.0196189880371094 0.270462036132813 0.229095458984375
0.0268497467041016 -0.005340576171875 0.293182373046875 -0.001617431640625
0.0229549407958984 -0.00966262817382812 -0.265213012695313 -0.0493621826171875
0.0248737335205078 -0.0298290252685547 -0.1522216796875 -0.295684814453125
0.0381889343261719 -0.0188522338867188 0.182830810546875 -0.441558837890625
0.0321121215820312 0.0110988616943359 0.61663818359375 -0.24334716796875
-0.0116157531738281 0.013575553894043 0.611572265625 0.42083740234375
-0.0264129638671875 -0.01751708984375 0.03350830078125 0.84881591796875
0.0138940811157227 -0.000474929809570313 -0.38330078125 0.510528564453125
0.0443916320800781 0.00654983520507813 0.0801467895507813 0.0172348022460938
0.0141057968139648 -0.0162029266357422 0.36395263671875 -0.62445068359375
-0.00796985626220703 -0.00113582611083984 -0.2899169921875 -0.83697509765625
0.000784873962402343 0.0130319595336914 -0.74609375 -0.119140625
0.0255928039550781 -0.01104736328125 -0.4031982421875 0.44647216796875
0.0302066802978516 -0.0214405059814453 0.00839233398437505 0.48333740234375
0.0079193115234375 -0.0278873443603516 0.262115478515625 0.228622436523437
0.0225563049316406 -0.0109024047851562 0.290771484375 -0.00750732421875
0.0191020965576172 -0.0139808654785156 -0.272354125976563 -0.0534515380859375
0.0222549438476563 -0.0358963012695312 -0.1669921875 -0.299591064453125
0.0419197082519531 -0.0213546752929688 0.16241455078125 -0.45062255859375
0.039947509765625 0.0103378295898438 0.60577392578125 -0.2694091796875
-0.0061187744140625 0.0143308639526367 0.62847900390625 0.3880615234375
-0.0272998809814453 -0.0232620239257813 0.0697021484375001 0.83355712890625
0.0201301574707031 -0.0149021148681641 -0.3634033203125 0.5137939453125
0.0600738525390625 -0.0066375732421875 0.0809478759765625 0.019775390625
0.0199775695800781 -0.028472900390625 0.38427734375 -0.618408203125
-0.00738763809204101 -0.00661611557006836 -0.2615966796875 -0.85516357421875
0.00521945953369141 0.0118770599365234 -0.74267578125 -0.15032958984375
0.0326023101806641 -0.0118789672851562 -0.419036865234375 0.43255615234375
0.0362358093261719 -0.0225563049316406 -0.00994873046874995 0.481536865234375
0.00781631469726563 -0.0334053039550781 0.2503662109375 0.230789184570312
0.0191612243652344 -0.0169258117675781 0.286590576171875 -0.010498046875
0.0439796447753906 0.0100593566894531 -0.276626586914063 -0.0214996337890625
0.0108346939086914 0.0135164260864258 -0.191726684570313 -0.277877807617188
0.000976562499999998 0.0323982238769531 0.077850341796875 -0.478790283203125
-0.0157127380371094 0.0282535552978516 0.506622314453125 -0.3765869140625
-0.0390968322753906 -0.00549697875976563 0.665771484375 0.2449951171875
-0.0186538696289062 -0.0392837524414063 0.23944091796875 0.7969970703125
0.031768798828125 0.00191116333007813 -0.29205322265625 0.6043701171875
0.0442886352539063 0.0293540954589844 0.0115814208984375 0.0930099487304688
0.0449943542480469 -0.002532958984375 0.46832275390625 -0.518341064453125
0.0140247344970703 -0.0342006683349609 -0.0792236328124999 -0.910400390625
-0.0358924865722656 -0.018890380859375 -0.72845458984375 -0.33074951171875
-0.0262928009033203 0.0191879272460937 -0.533935546875 0.33380126953125
-0.00591468811035156 0.0340194702148438 -0.107391357421875 0.452606201171875
-0.00107955932617187 0.0215415954589844 0.219924926757813 0.242080688476563
0.0409774780273438 0.008514404296875 0.2734375 0.0095672607421875
0.0430831909179688 0.0090789794921875 -0.267837524414063 -0.0226593017578125
0.0129432678222656 0.0111265182495117 -0.172897338867187 -0.279754638671875
0.00289154052734375 0.0264930725097656 0.108917236328125 -0.472198486328125
-0.0156974792480469 0.0233001708984375 0.533905029296875 -0.34283447265625
-0.0370750427246094 -0.00474929809570313 0.65277099609375 0.29400634765625
-0.0176887512207031 -0.0309410095214844 0.1873779296875 0.82183837890625
0.0238933563232422 0.0149955749511719 -0.321533203125 0.59259033203125
0.0303573608398438 0.0383033752441406 0.0190887451171875 0.0823898315429687
0.0348491668701172 0.00622749328613281 0.436798095703125 -0.53839111328125
0.00855445861816406 -0.0231819152832031 -0.14007568359375 -0.89141845703125
-0.03302001953125 -0.0107631683349609 -0.739501953125 -0.27215576171875
-0.0226764678955078 0.0177001953125 -0.5057373046875 0.364654541015625
-0.00188064575195313 0.0257072448730469 -0.078643798828125 0.46319580078125
0.00106048583984375 0.0184955596923828 0.235488891601563 0.242843627929688
0.0412216186523438 0.009185791015625 0.279647827148438 0.0125579833984375
0.0388755798339844 0.00973129272460938 -0.2615966796875 -0.0244140625
0.0162515640258789 0.00533771514892578 -0.157211303710937 -0.280075073242187
0.00521945953369141 0.0156459808349609 0.141693115234375 -0.4583740234375
-0.0123538970947266 0.0184726715087891 0.563232421875 -0.30242919921875
-0.0324554443359375 -0.00148010253906251 0.63458251953125 0.345947265625
-0.0195674896240234 -0.0214920043945312 0.12835693359375 0.8367919921875
0.0137214660644531 0.0227413177490234 -0.35162353515625 0.572021484375
0.0207366943359375 0.04132080078125 0.0319252014160156 0.0648117065429688
0.0246410369873047 0.00969314575195313 0.406158447265625 -0.55914306640625
0.00423049926757813 -0.0131959915161133 -0.19964599609375 -0.86724853515625
-0.0276699066162109 -0.00274276733398437 -0.74615478515625 -0.21337890625
-0.0145835876464844 0.015559196472168 -0.4691162109375 0.398834228515625
0.00369167327880859 0.0160579681396484 -0.045623779296875 0.4716796875
0.00559425354003906 0.0103006362915039 0.250778198242188 0.239517211914063
0.0373420715332031 0.00661087036132812 0.28564453125 0.0113525390625
0.0345859527587891 0.0056304931640625 -0.257568359375 -0.0296630859375
0.0209922790527344 -0.00374603271484375 -0.144989013671875 -0.281982421875
0.0127124786376953 0.00596237182617188 0.168304443359375 -0.4481201171875
-0.00474929809570312 0.0149669647216797 0.58880615234375 -0.26556396484375
-0.0300216674804688 0.000701904296875006 0.61724853515625 0.39166259765625
-0.0207424163818359 -0.0163059234619141 0.07427978515625 0.85137939453125
0.00861167907714844 0.0254421234130859 -0.3759765625 0.54681396484375
0.0175819396972656 0.0379104614257813 0.0484466552734375 0.0481147766113281
0.0173845291137695 0.00867748260498047 0.37811279296875 -0.5838623046875
-0.000258922576904297 -0.00548553466796875 -0.25244140625 -0.84454345703125
-0.0219211578369141 0.00361442565917969 -0.75030517578125 -0.16094970703125
-0.00609111785888672 0.00887775421142578 -0.43707275390625 0.424346923828125
0.0104484558105469 0.00560951232910156 -0.015716552734375 0.47503662109375
0.00764322280883789 0.00102138519287109 0.262130737304688 0.2353515625
0.0343990325927734 0.00383949279785156 0.289337158203125 0.0081787109375
0.0299644470214844 0.00151634216308594 -0.258087158203125 -0.0364837646484375
0.0238132476806641 -0.0131568908691406 -0.140167236328125 -0.284393310546875
0.0207042694091797 -0.00495338439941406 0.184967041015625 -0.4403076171875
0.00773048400878906 0.0127048492431641 0.60565185546875 -0.24322509765625
-0.0236682891845703 0.00600051879882812 0.6046142578125 0.4202880859375
-0.0231208801269531 -0.013031005859375 0.03314208984375 0.85479736328125
0.00465774536132812 0.0225963592529297 -0.38958740234375 0.527130126953125
0.0221614837646484 0.0302886962890625 0.0627593994140625 0.0330047607421875
0.0125131607055664 0.00457000732421875 0.36358642578125 -0.60040283203125
-0.00411224365234375 -0.000207662582397461 -0.2803955078125 -0.828857421875
-0.0126094818115234 0.00830650329589844 -0.7459716796875 -0.124755859375
0.00535678863525391 0.00110435485839844 -0.41015625 0.440155029296875
0.0166110992431641 -0.00581645965576172 0.00338745117187496 0.478668212890625
0.00902080535888672 -0.0105552673339844 0.26806640625 0.229782104492188
0.0307216644287109 9.918212890625E-05 0.29254150390625 0.003387451171875
0.0268154144287109 -0.00539970397949219 -0.259414672851562 -0.0423583984375
0.0251903533935547 -0.0231304168701172 -0.142608642578125 -0.288330078125
0.0322132110595703 -0.0119705200195313 0.188690185546875 -0.43646240234375
0.0202426910400391 0.0116863250732422 0.61395263671875 -0.2327880859375
-0.0176048278808594 0.0104026794433594 0.59930419921875 0.4302978515625
-0.025665283203125 -0.0136508941650391 0.0203857421874999 0.85174560546875
0.00772190093994141 0.0118379592895508 -0.391510009765625 0.5115966796875
0.0327529907226563 0.0196475982666016 0.0734634399414062 0.0221481323242188
0.0127248764038086 -0.00450229644775391 0.35626220703125 -0.61468505859375
-0.0058746337890625 0.000484466552734375 -0.29559326171875 -0.824951171875
-0.0059051513671875 0.0104084014892578 -0.74395751953125 -0.11138916015625
0.0160837173461914 -0.00592041015625 -0.398223876953125 0.448150634765625
0.0237770080566406 -0.0151748657226563 0.01324462890625 0.47998046875
0.00988197326660156 -0.0202369689941406 0.268798828125 0.227783203125
0.0263252258300781 -0.00533485412597656 0.2930908203125 -0.001739501953125
0.0222740173339844 -0.0107917785644531 -0.265548706054688 -0.0484619140625
0.0249500274658203 -0.0312538146972656 -0.152496337890625 -0.29327392578125
0.0385169982910156 -0.0182647705078125 0.17962646484375 -0.44024658203125
0.0311508178710938 0.0125160217285156 0.61456298828125 -0.244873046875
-0.0122652053833008 0.0137624740600586 0.608154296875 0.420654296875
-0.0254192352294922 -0.0177383422851563 0.03070068359375 0.8453369140625
0.0137357711791992 6.67572021484375E-05 -0.38323974609375 0.50701904296875
0.0448684692382813 0.00637054443359375 0.079742431640625 0.0182647705078125
0.0144548416137695 -0.0155248641967773 0.36328125 -0.62103271484375
-0.00722360610961914 -0.00186967849731445 -0.2884521484375 -0.83428955078125
0.000546455383300782 0.0123128890991211 -0.74267578125 -0.11932373046875
0.0251140594482422 -0.0104904174804688 -0.40252685546875 0.444854736328125
0.0286941528320313 -0.0212726593017578 0.00875854492187502 0.48150634765625
0.00828170776367187 -0.0277786254882813 0.261505126953125 0.22735595703125
0.021881103515625 -0.0118732452392578 0.290679931640625 -0.00689697265625
0.0191230773925781 -0.0152149200439453 -0.272705078125 -0.054473876953125
0.022613525390625 -0.0355377197265625 -0.16748046875 -0.297760009765625
0.0426101684570313 -0.0217514038085938 0.158477783203125 -0.4490966796875
0.0389747619628906 0.0108642578125 0.6011962890625 -0.26763916015625
-0.00723457336425781 0.0143442153930664 0.62603759765625 0.38739013671875
-0.0265369415283203 -0.0230464935302734 0.0662841796874999 0.83123779296875
0.0203456878662109 -0.0145206451416016 -0.364044189453125 0.51080322265625
0.058837890625 -0.00724411010742188 0.0796585083007813 0.0197219848632813
0.0192718505859375 -0.0271930694580078 0.384033203125 -0.61639404296875
-0.00715732574462891 -0.00650215148925781 -0.25909423828125 -0.851806640625
0.00421714782714844 0.0133199691772461 -0.73956298828125 -0.1497802734375
0.033294677734375 -0.0120792388916016 -0.41815185546875 0.4302978515625
0.0355720520019531 -0.0228385925292969 -0.008941650390625 0.481231689453125
0.00794792175292969 -0.0325031280517578 0.250198364257813 0.22802734375
0.0183753967285156 -0.0159206390380859 0.2857666015625 -0.01043701171875
0.04412841796875 0.00838851928710938 -0.277267456054688 -0.0208892822265625
0.0115718841552734 0.0131168365478516 -0.192337036132813 -0.276748657226563
0.00107574462890625 0.0330314636230469 0.0772705078125 -0.477569580078125
-0.0165596008300781 0.0263290405273438 0.50518798828125 -0.376617431640625
-0.0398788452148438 -0.00564956665039063 0.66461181640625 0.245849609375
-0.0174484252929687 -0.0393867492675781 0.23541259765625 0.7962646484375
0.0323486328125 0.00229835510253906 -0.29351806640625 0.60150146484375
0.0431861877441406 0.0310020446777344 0.0116119384765625 0.0921707153320313
0.0456619262695312 -0.00306320190429687 0.4688720703125 -0.5146484375
0.0137882232666016 -0.0337123870849609 -0.07757568359375 -0.9093017578125
-0.0360565185546875 -0.0184822082519531 -0.725341796875 -0.32916259765625
-0.0268917083740234 0.0189132690429688 -0.533538818359375 0.333221435546875
-0.00510978698730469 0.0324993133544922 -0.108428955078125 0.451629638671875
-0.00108909606933594 0.0228023529052734 0.221588134765625 0.241455078125
0.0401878356933594 0.00746536254882813 0.27423095703125 0.008819580078125
0.0426254272460937 0.0104598999023438 -0.268417358398438 -0.02349853515625
0.0122671127319336 0.0110855102539063 -0.174087524414063 -0.277450561523438
0.00152969360351562 0.0270175933837891 0.107269287109375 -0.471435546875
-0.0160942077636719 0.0225276947021484 0.533477783203125 -0.34136962890625
-0.0368003845214844 -0.00421524047851563 0.65081787109375 0.2947998046875
-0.0173435211181641 -0.0298881530761719 0.1851806640625 0.8204345703125
0.0230045318603516 0.0145168304443359 -0.3243408203125 0.58990478515625
0.0296745300292969 0.0379180908203125 0.0197525024414063 0.0809478759765625
0.0333061218261719 0.00470352172851563 0.43670654296875 -0.534820556640625
0.00809478759765625 -0.0222415924072266 -0.1395263671875 -0.88958740234375
-0.0337619781494141 -0.0112342834472656 -0.74041748046875 -0.274169921875
-0.0227890014648438 0.0178337097167969 -0.505523681640625 0.36376953125
-0.00189971923828125 0.0262165069580078 -0.0782470703125 0.4622802734375
0.00132369995117187 0.0181961059570313 0.23394775390625 0.242218017578125
0.0405502319335938 0.00735092163085937 0.279647827148438 0.01318359375
0.0386848449707031 0.00748825073242188 -0.262466430664063 -0.0239105224609376
0.016362190246582 0.00486946105957031 -0.157135009765625 -0.27874755859375
0.00491809844970703 0.0158519744873047 0.141143798828125 -0.4581298828125
-0.0143318176269531 0.0179691314697266 0.56231689453125 -0.302001953125
-0.0340557098388672 -0.00211715698242187 0.63409423828125 0.34552001953125
-0.0187854766845703 -0.0222377777099609 0.1251220703125 0.83782958984375
0.0144157409667969 0.0254955291748047 -0.3525390625 0.5699462890625
0.0217208862304687 0.0411643981933594 0.0325927734375 0.065643310546875
0.0242805480957031 0.0085601806640625 0.4066162109375 -0.5582275390625
0.00342559814453125 -0.0134572982788086 -0.1973876953125 -0.86517333984375
-0.0287189483642578 -0.003448486328125 -0.74676513671875 -0.2137451171875
-0.0151214599609375 0.0147066116333008 -0.470489501953125 0.3956298828125
0.00465202331542969 0.0164775848388672 -0.0447998046875 0.469146728515625
0.00678348541259766 0.0114421844482422 0.2508544921875 0.237838745117188
0.0378990173339844 0.00748825073242187 0.285980224609375 0.01263427734375
0.0345115661621094 0.00449752807617188 -0.2589111328125 -0.0295257568359375
0.0190582275390625 -0.00406646728515625 -0.145233154296875 -0.281005859375
0.0132102966308594 0.00512981414794922 0.165130615234375 -0.44708251953125
-0.00455188751220703 0.014134407043457 0.58807373046875 -0.2659912109375
-0.0291061401367187 0.00169944763183594 0.6148681640625 0.3916015625
-0.0201396942138672 -0.016387939453125 0.0723876953124999 0.85015869140625
0.00754928588867188 0.0255985260009766 -0.377532958984375 0.54364013671875
0.0187721252441406 0.0384559631347656 0.0490150451660156 0.0479736328125
0.0176887512207031 0.00755691528320313 0.37994384765625 -0.58062744140625
0.000689029693603516 -0.00640773773193359 -0.25091552734375 -0.84283447265625
-0.0218219757080078 0.00321388244628906 -0.745361328125 -0.16168212890625
-0.00551080703735351 0.00798225402832031 -0.43572998046875 0.42333984375
0.0100641250610352 0.00644874572753906 -0.015289306640625 0.47540283203125
0.0075535774230957 0.00115776062011719 0.260787963867188 0.234420776367188
0.0341606140136719 0.00433731079101563 0.29107666015625 0.009033203125
0.0291996002197266 -0.0009613037109375 -0.258468627929688 -0.0355682373046876
0.0238323211669922 -0.0143852233886719 -0.14111328125 -0.284454345703125
0.0218315124511719 -0.00429725646972656 0.182220458984375 -0.436920166015625
0.00678443908691406 0.0121612548828125 0.60369873046875 -0.24273681640625
-0.0235996246337891 0.00645065307617188 0.60223388671875 0.42047119140625
-0.0224380493164063 -0.0121040344238281 0.03167724609375 0.8548583984375
0.00551986694335937 0.0241260528564453 -0.3922119140625 0.5233154296875
0.0202484130859375 0.0324535369873047 0.06268310546875 0.0326156616210938
0.0125150680541992 0.00504875183105469 0.36260986328125 -0.599365234375
-0.00317597389221191 -0.00207257270812988 -0.2801513671875 -0.82806396484375
-0.013239860534668 0.00791168212890625 -0.74359130859375 -0.12677001953125
0.00580263137817383 0.00072479248046875 -0.41241455078125 0.439178466796875
0.0164079666137695 -0.00692462921142578 0.00512695312500001 0.47784423828125
0.00997638702392578 -0.0103435516357422 0.268539428710938 0.229217529296875
0.0303821563720703 -0.000293731689453125 0.29302978515625 0.003662109375
0.0265769958496094 -0.00467681884765625 -0.259963989257813 -0.041748046875
0.0242805480957031 -0.0224685668945313 -0.14337158203125 -0.28656005859375
0.0309734344482422 -0.012542724609375 0.187469482421875 -0.434326171875
0.0184249877929688 0.0128231048583984 0.61090087890625 -0.23211669921875
-0.017913818359375 0.0105819702148438 0.59759521484375 0.42999267578125
-0.0236854553222656 -0.0140380859375 0.01666259765625 0.849853515625
0.00731658935546875 0.0136165618896484 -0.39276123046875 0.510833740234375
0.0314064025878906 0.0197410583496094 0.0731277465820313 0.0229110717773438
0.0127124786376953 -0.00591468811035156 0.3575439453125 -0.61175537109375
-0.0071721076965332 -0.000142574310302734 -0.29583740234375 -0.82379150390625
-0.00514793395996094 0.0105524063110352 -0.74114990234375 -0.11358642578125
0.0146093368530273 -0.00568389892578125 -0.399200439453125 0.444610595703125
0.0238037109375 -0.0150604248046875 0.01422119140625 0.480682373046875
0.00959205627441406 -0.0202560424804688 0.268310546875 0.226638793945312
0.0263824462890625 -0.00592422485351563 0.292510986328125 -0.001861572265625
0.0218925476074219 -0.0114822387695313 -0.264999389648438 -0.0490570068359375
0.0249233245849609 -0.0297908782958984 -0.153350830078125 -0.293182373046875
0.0380401611328125 -0.0179328918457031 0.17852783203125 -0.440216064453125
0.0311412811279297 0.0109825134277344 0.61004638671875 -0.24310302734375
-0.0131187438964844 0.0134258270263672 0.60626220703125 0.419189453125
-0.0254898071289062 -0.0169296264648438 0.0294189453124999 0.8427734375
0.0122585296630859 -0.00048065185546875 -0.38385009765625 0.504669189453125
0.0446281433105469 0.00696182250976563 0.079437255859375 0.0176773071289063
0.0144624710083008 -0.0159549713134766 0.3641357421875 -0.6187744140625
-0.00745820999145508 -0.00168848037719726 -0.28759765625 -0.831787109375
0.000508308410644532 0.0124263763427734 -0.7415771484375 -0.1209716796875
0.0247554779052734 -0.0111045837402344 -0.400970458984375 0.442169189453125
0.0297794342041016 -0.0212669372558594 0.00753784179687505 0.48016357421875
0.00784111022949219 -0.0278606414794922 0.261550903320313 0.225296020507812
0.0214557647705078 -0.012847900390625 0.291168212890625 -0.006927490234375
0.0189399719238281 -0.0164546966552734 -0.2716064453125 -0.0531158447265625
0.0226669311523438 -0.0355453491210938 -0.16796875 -0.298126220703125
0.0425643920898438 -0.0208816528320313 0.158966064453125 -0.4473876953125
0.0401496887207031 0.0111808776855469 0.60064697265625 -0.2694091796875
-0.00745582580566407 0.0134916305541992 0.6209716796875 0.389404296875
-0.0259361267089844 -0.0233917236328125 0.0640869140625 0.8294677734375
0.0197181701660156 -0.0151100158691406 -0.366363525390625 0.508026123046875
0.05902099609375 -0.0054473876953125 0.0790863037109375 0.0198287963867188
0.0185832977294922 -0.0276546478271484 0.3853759765625 -0.61431884765625
-0.00699853897094726 -0.00654077529907226 -0.2542724609375 -0.85076904296875
0.00449085235595703 0.0130186080932617 -0.73919677734375 -0.15130615234375
0.0331020355224609 -0.0108718872070313 -0.4169921875 0.429107666015625
0.0348548889160156 -0.0223369598388672 -0.010498046875 0.47784423828125
0.00855636596679688 -0.0328330993652344 0.249221801757813 0.227752685546875
0.0194644927978516 -0.0178165435791016 0.28558349609375 -0.012176513671875
0.043365478515625 0.00793075561523438 -0.278335571289063 -0.0212860107421875
0.0112123489379883 0.0139245986938477 -0.19329833984375 -0.277114868164063
0.00178146362304687 0.0328598022460938 0.0750732421874999 -0.47650146484375
-0.0158977508544922 0.0274314880371094 0.505157470703125 -0.376861572265625
-0.0398025512695312 -0.00630569458007813 0.6627197265625 0.2459716796875
-0.0181465148925781 -0.0389289855957031 0.23345947265625 0.798095703125
0.031219482421875 0.00170326232910156 -0.2950439453125 0.60089111328125
0.0430221557617188 0.0306472778320313 0.0119705200195313 0.0930862426757813
0.0451164245605469 -0.00472259521484375 0.46929931640625 -0.51318359375
0.0139427185058594 -0.0331993103027344 -0.0772094726562501 -0.90704345703125
-0.036590576171875 -0.0189056396484375 -0.724609375 -0.33135986328125
-0.0259647369384766 0.0190601348876953 -0.533233642578125 0.3310546875
-0.00527572631835937 0.0317974090576172 -0.108184814453125 0.45184326171875
-0.00146865844726562 0.0219764709472656 0.219192504882812 0.2413330078125
0.0405693054199219 0.00628662109375 0.274978637695313 0.009674072265625
0.04205322265625 0.0082550048828125 -0.269683837890625 -0.022430419921875
0.0124711990356445 0.0102787017822266 -0.17431640625 -0.278564453125
0.0020599365234375 0.0250167846679687 0.1064453125 -0.471710205078125
-0.0173301696777344 0.0231304168701172 0.532867431640625 -0.3404541015625
-0.0374565124511719 -0.00445556640625 0.65185546875 0.2958984375
-0.0169677734375 -0.0302104949951172 0.1824951171875 0.819091796875
0.0222549438476563 0.0141887664794922 -0.322998046875 0.5877685546875
0.02899169921875 0.0370254516601563 0.0196304321289062 0.0817794799804687
0.0336894989013672 0.00399589538574219 0.437103271484375 -0.533050537109375
0.00883293151855469 -0.0225276947021484 -0.136474609375 -0.88897705078125
-0.0330410003662109 -0.0106658935546875 -0.73974609375 -0.27630615234375
-0.0226631164550781 0.0175437927246094 -0.50640869140625 0.36480712890625
-0.000711441040039061 0.0257854461669922 -0.079376220703125 0.46136474609375
0.00152778625488281 0.0189380645751953 0.234909057617188 0.241256713867188
0.0405693054199219 0.0073394775390625 0.281524658203125 0.012969970703125
0.0369796752929688 0.00731658935546875 -0.262741088867188 -0.0249176025390625
0.0166244506835938 0.00477886199951172 -0.158950805664063 -0.278533935546875
0.00585842132568359 0.0155038833618164 0.1387939453125 -0.458160400390625
-0.0125293731689453 0.0176315307617188 0.56195068359375 -0.300750732421875
-0.0338554382324219 -0.0023193359375 0.63189697265625 0.34698486328125
-0.0185165405273437 -0.0220470428466797 0.12213134765625 0.838134765625
0.0133075714111328 0.0237579345703125 -0.3541259765625 0.56591796875
0.0197639465332031 0.0411186218261719 0.0336265563964844 0.0652389526367188
0.0234775543212891 0.00922584533691406 0.408294677734375 -0.556427001953125
0.00376510620117187 -0.0138387680053711 -0.195068359375 -0.8646240234375
-0.0285835266113281 -0.00260734558105468 -0.74530029296875 -0.2149658203125
-0.0156354904174805 0.0138025283813477 -0.4697265625 0.39471435546875
0.00330734252929688 0.0164823532104492 -0.0443115234375 0.46820068359375
0.00633621215820313 0.0107936859130859 0.250946044921875 0.238510131835938
0.0367240905761719 0.00687789916992188 0.28814697265625 0.012054443359375
0.0338878631591797 0.0027313232421875 -0.2591552734375 -0.0301055908203125
0.0195102691650391 -0.00407981872558594 -0.14691162109375 -0.281524658203125
0.0133790969848633 0.00436973571777344 0.1641845703125 -0.447174072265625
-0.00520420074462891 0.013920783996582 0.58660888671875 -0.26611328125
-0.0300235748291016 0.00132179260253906 0.61260986328125 0.39276123046875
-0.0195503234863281 -0.0159530639648438 0.0688476562499999 0.85247802734375
0.00803947448730469 0.0259914398193359 -0.378204345703125 0.543121337890625
0.0179901123046875 0.0387649536132813 0.0489158630371094 0.048919677734375
0.0171470642089844 0.00780200958251953 0.38153076171875 -0.58001708984375
-0.000592708587646484 -0.00547075271606445 -0.24847412109375 -0.84259033203125
-0.020751953125 0.00379562377929688 -0.74652099609375 -0.16253662109375
-0.00632143020629883 0.00835227966308594 -0.43670654296875 0.422393798828125
0.0102567672729492 0.00683021545410156 -0.016143798828125 0.47467041015625
0.00902938842773438 0.00184822082519531 0.262603759765625 0.233932495117188
0.035400390625 0.00272750854492188 0.291839599609375 0.009368896484375
0.0291194915771484 -0.0003814697265625 -0.258499145507813 -0.0354156494140625
0.0219516754150391 -0.0140647888183594 -0.1419677734375 -0.2828369140625
0.0217609405517578 -0.00527763366699219 0.181365966796875 -0.438232421875
0.0063934326171875 0.0118370056152344 0.6026611328125 -0.24224853515625
-0.0237197875976563 0.00646591186523437 0.59942626953125 0.42083740234375
-0.0219211578369141 -0.0114288330078125 0.02880859375 0.85400390625
0.00496101379394531 0.0230388641357422 -0.392486572265625 0.521942138671875
0.0207176208496094 0.0319747924804688 0.06256103515625 0.0324516296386719
0.0122690200805664 0.00480365753173828 0.365234375 -0.59710693359375
-0.00374126434326172 -0.000937700271606446 -0.27783203125 -0.82818603515625
-0.0132894515991211 0.00822257995605469 -0.7449951171875 -0.1275634765625
0.00496482849121094 0.000108718872070313 -0.410186767578125 0.438446044921875
0.0178050994873047 -0.00505638122558594 0.00457763671874996 0.47711181640625
0.00938606262207031 -0.00983715057373047 0.268157958984375 0.22998046875
0.0300121307373047 -0.00165557861328125 0.29364013671875 0.003662109375
0.0256614685058594 -0.00679588317871094 -0.261337280273437 -0.041290283203125
0.0251178741455078 -0.0229129791259766 -0.144378662109375 -0.288665771484375
0.0314273834228516 -0.0118541717529297 0.185577392578125 -0.436126708984375
0.0189304351806641 0.0126495361328125 0.61029052734375 -0.2322998046875
-0.0191459655761719 0.0105857849121094 0.59649658203125 0.43316650390625
-0.0252265930175781 -0.0135822296142578 0.01434326171875 0.8502197265625
0.00811100006103516 0.0124950408935547 -0.394805908203125 0.5076904296875
0.0311012268066406 0.0196266174316406 0.073974609375 0.0225067138671875
0.0119266510009766 -0.00598812103271484 0.3585205078125 -0.61212158203125
-0.00599050521850586 -0.000102043151855469 -0.292724609375 -0.8245849609375
-0.00624847412109375 0.0108156204223633 -0.7408447265625 -0.1138916015625
0.015101432800293 -0.00630092620849609 -0.398681640625 0.446624755859375
0.023468017578125 -0.0143775939941406 0.012115478515625 0.479034423828125
0.00848579406738281 -0.0205135345458984 0.267776489257813 0.227035522460938
0.0268192291259766 -0.0061492919921875 0.29486083984375 -0.001556396484375
0.0222415924072266 -0.0116119384765625 -0.266876220703125 -0.0486602783203125
0.0249443054199219 -0.0301856994628906 -0.153778076171875 -0.29241943359375
0.0386466979980469 -0.0180091857910156 0.177703857421875 -0.43853759765625
0.0306072235107422 0.0115604400634766 0.61016845703125 -0.24395751953125
-0.0131320953369141 0.0140743255615234 0.6036376953125 0.42034912109375
-0.0254230499267578 -0.0170211791992187 0.0263671874999999 0.8428955078125
0.0138530731201172 5.340576171875E-05 -0.385406494140625 0.50274658203125
0.0444793701171875 0.0067138671875 0.0796127319335938 0.0180892944335938
0.0141563415527344 -0.0163555145263672 0.3646240234375 -0.61676025390625
-0.00673961639404297 -0.00114202499389648 -0.28466796875 -0.83319091796875
-0.000169754028320313 0.0128326416015625 -0.740966796875 -0.12078857421875
0.0239391326904297 -0.0110034942626953 -0.400665283203125 0.44268798828125
0.0296611785888672 -0.0215187072753906 0.00732421874999999 0.4808349609375
0.00871849060058594 -0.0274486541748047 0.262222290039063 0.225616455078125
0.0221595764160156 -0.0130481719970703 0.29193115234375 -0.00665283203125
0.0183734893798828 -0.0170841217041016 -0.274810791015625 -0.0546875000000001
0.0208797454833984 -0.0350112915039063 -0.169036865234375 -0.297637939453125
0.0419654846191406 -0.0208015441894531 0.1575927734375 -0.4482421875
0.0390777587890625 0.0113563537597656 0.59832763671875 -0.2677001953125
-0.00875473022460938 0.0143547058105469 0.62017822265625 0.388671875
-0.0257778167724609 -0.0225315093994141 0.06256103515625 0.8282470703125
0.0208644866943359 -0.0155258178710937 -0.365753173828125 0.505584716796875
0.0591506958007813 -0.00667572021484375 0.0799179077148438 0.020599365234375
0.0185756683349609 -0.0283679962158203 0.3865966796875 -0.613037109375
-0.00720310211181641 -0.00610685348510742 -0.2548828125 -0.85113525390625
0.00496387481689453 0.0133304595947266 -0.737548828125 -0.1522216796875
0.0318164825439453 -0.0115852355957031 -0.416961669921875 0.429840087890625
0.035491943359375 -0.0224609375 -0.010711669921875 0.478485107421875
0.00854682922363281 -0.0326461791992188 0.248870849609375 0.2266845703125
0.0178909301757813 -0.0194606781005859 0.287506103515625 -0.01141357421875
0.0441780090332031 0.00763320922851563 -0.28045654296875 -0.0212707519531249
0.0109987258911133 0.0138616561889648 -0.193984985351562 -0.27716064453125
0.00113868713378906 0.0336380004882813 0.0753173828125 -0.477691650390625
-0.0176582336425781 0.0274925231933594 0.505615234375 -0.3759765625
-0.0411262512207031 -0.00632476806640626 0.663818359375 0.24908447265625
-0.0182838439941406 -0.0387039184570313 0.23187255859375 0.79888916015625
0.0310745239257813 0.00158119201660156 -0.29638671875 0.60113525390625
0.0424652099609375 0.0301322937011719 0.0120315551757812 0.0928573608398438
0.0449752807617188 -0.00415802001953125 0.471893310546875 -0.51348876953125
0.0142631530761719 -0.0331554412841797 -0.0755615234374999 -0.9111328125
-0.0367546081542969 -0.0189132690429688 -0.72607421875 -0.33154296875
-0.0275764465332031 0.0181694030761719 -0.535736083984375 0.33056640625
-0.00527572631835938 0.0320701599121094 -0.108856201171875 0.45257568359375
-0.00169754028320312 0.0232143402099609 0.22088623046875 0.241958618164063
0.0399856567382813 0.00574111938476563 0.275833129882813 0.010498046875
0.0419807434082031 0.00748825073242188 -0.270126342773438 -0.022491455078125
0.0128889083862305 0.0105161666870117 -0.177261352539062 -0.278762817382813
0.00246429443359375 0.0259895324707031 0.105682373046875 -0.4720458984375
-0.0173053741455078 0.0232830047607422 0.532135009765625 -0.341827392578125
-0.0385818481445312 -0.00572967529296875 0.64971923828125 0.2978515625
-0.0168914794921875 -0.0298309326171875 0.1806640625 0.821533203125
0.0229816436767578 0.0147495269775391 -0.326171875 0.58740234375
0.02838134765625 0.0387191772460938 0.0196914672851563 0.0820541381835938
0.0339488983154297 0.00411033630371094 0.440093994140625 -0.53424072265625
0.00868797302246094 -0.023101806640625 -0.13531494140625 -0.8914794921875
-0.0343132019042969 -0.00994873046874999 -0.73895263671875 -0.27618408203125
-0.0224666595458984 0.0164623260498047 -0.506500244140625 0.363250732421875
-0.00081062316894531 0.0264663696289063 -0.079071044921875 0.4627685546875
0.00131797790527344 0.0185585021972656 0.234695434570312 0.243377685546875
0.0408058166503906 0.00730514526367188 0.28216552734375 0.013519287109375
0.0384254455566406 0.00658798217773438 -0.264968872070312 -0.0252532958984375
0.0164041519165039 0.00425338745117188 -0.16015625 -0.28009033203125
0.00476360321044922 0.0165214538574219 0.138671875 -0.458740234375
-0.0143356323242187 0.0183143615722656 0.561676025390625 -0.30303955078125
-0.0355262756347656 -0.00258255004882812 0.63287353515625 0.34716796875
-0.0173168182373047 -0.0222759246826172 0.12103271484375 0.8394775390625
0.0134735107421875 0.0237083435058594 -0.35491943359375 0.56610107421875
0.0191383361816406 0.0405235290527344 0.0324859619140625 0.0661544799804688
0.0232982635498047 0.00914764404296875 0.41107177734375 -0.556427001953125
0.003570556640625 -0.0122232437133789 -0.1953125 -0.86627197265625
-0.0276470184326172 -0.00293731689453126 -0.74578857421875 -0.21600341796875
-0.0155019760131836 0.0136690139770508 -0.472259521484375 0.396148681640625
0.00456619262695312 0.0171527862548828 -0.0449829101562499 0.4693603515625
0.00594425201416016 0.010249137878418 0.250106811523438 0.238983154296875
0.0370979309082031 0.00471115112304688 0.2886962890625 0.0115966796875
0.0347671508789063 0.00290870666503906 -0.260818481445312 -0.03082275390625
0.0198936462402344 -0.0028839111328125 -0.146942138671875 -0.28125
0.0130271911621094 0.00557422637939453 0.164093017578125 -0.44793701171875
-0.00550460815429687 0.0152807235717773 0.58660888671875 -0.266357421875
-0.0295486450195312 0.000867843627929687 0.61419677734375 0.3941650390625
-0.0193538665771484 -0.0163974761962891 0.06573486328125 0.85101318359375
0.00675582885742187 0.0261573791503906 -0.38067626953125 0.540802001953125
0.0165290832519531 0.0382499694824219 0.0492362976074219 0.0485191345214844
0.0172653198242188 0.0081939697265625 0.3836669921875 -0.57958984375
0.000335693359375 -0.00649642944335938 -0.246826171875 -0.8447265625
-0.02154541015625 0.00367164611816406 -0.749267578125 -0.16265869140625
-0.00656890869140625 0.00732803344726563 -0.43780517578125 0.421722412109375
0.0112133026123047 0.00541782379150391 -0.015167236328125 0.47479248046875
0.0079493522644043 0.0010986328125 0.262466430664063 0.23388671875
0.0339336395263672 0.00239372253417969 0.293060302734375 0.00921630859375
0.0292778015136719 -0.00202751159667969 -0.260482788085938 -0.036407470703125
0.0224647521972656 -0.0137042999267578 -0.1436767578125 -0.284393310546875
0.0212001800537109 -0.00496673583984375 0.180633544921875 -0.43841552734375
0.0060577392578125 0.0120267868041992 0.60345458984375 -0.242431640625
-0.0250682830810547 0.00724029541015625 0.59930419921875 0.42205810546875
-0.0219554901123047 -0.0120277404785156 0.027587890625 0.85369873046875
0.00453567504882813 0.0231113433837891 -0.3936767578125 0.52032470703125
0.0198879241943359 0.0314407348632813 0.0631523132324219 0.0332908630371094
0.0119476318359375 0.00359153747558594 0.3671875 -0.59686279296875
-0.00357627868652344 -0.000757455825805665 -0.277587890625 -0.8310546875
-0.0124921798706055 0.0087890625 -0.7449951171875 -0.12969970703125
0.00450849533081055 0.000459671020507813 -0.411529541015625 0.438446044921875
0.0175189971923828 -0.0050201416015625 0.00405883789062502 0.477813720703125
0.00910663604736328 -0.0112447738647461 0.268966674804688 0.22918701171875
0.0314216613769531 -0.00285148620605469 0.295867919921875 0.00311279296875
0.0255775451660156 -0.00636482238769531 -0.263565063476563 -0.0432891845703125
0.0250949859619141 -0.0230350494384766 -0.145660400390625 -0.289276123046875
0.0317115783691406 -0.0120410919189453 0.1861572265625 -0.43682861328125
0.0176143646240234 0.0124473571777344 0.610107421875 -0.23175048828125
-0.0183582305908203 0.0107479095458984 0.59454345703125 0.43353271484375
-0.0233058929443359 -0.013763427734375 0.0130615234375001 0.85125732421875
0.00831127166748047 0.0128564834594727 -0.39654541015625 0.5089111328125
0.0309352874755859 0.0205135345458984 0.0747146606445313 0.022796630859375
0.0120153427124023 -0.00556755065917969 0.35980224609375 -0.61090087890625
-0.00642108917236328 -0.000165939331054687 -0.2908935546875 -0.8258056640625
-0.00577259063720703 0.0107288360595703 -0.74151611328125 -0.11529541015625
0.0145158767700195 -0.00687980651855469 -0.399322509765625 0.4464111328125
0.0236930847167969 -0.0159168243408203 0.012939453125 0.479248046875
0.00965690612792969 -0.019683837890625 0.269058227539063 0.226318359375
0.0254955291748047 -0.00795364379882812 0.296295166015625 -0.001617431640625
0.022247314453125 -0.0123767852783203 -0.268112182617188 -0.048858642578125
0.0251026153564453 -0.0312671661376953 -0.15557861328125 -0.292816162109375
0.0393142700195313 -0.0177497863769531 0.177215576171875 -0.439849853515625
0.0303249359130859 0.0124034881591797 0.61126708984375 -0.24285888671875
-0.0137577056884766 0.0134992599487305 0.60345458984375 0.42218017578125
-0.0251522064208984 -0.0174312591552734 0.0241699218749999 0.84442138671875
0.0133228302001953 -0.000933647155761719 -0.388336181640625 0.503448486328125
0.0442581176757813 0.0066680908203125 0.08026123046875 0.01776123046875
0.0138473510742188 -0.0163946151733398 0.36883544921875 -0.61761474609375
-0.00766229629516602 -0.00101280212402344 -0.28466796875 -0.8350830078125
0.000347137451171875 0.0128231048583984 -0.7418212890625 -0.12396240234375
0.0242424011230469 -0.0111980438232422 -0.400848388671875 0.443695068359375
0.0302829742431641 -0.0209674835205078 0.007598876953125 0.481170654296875
0.00944328308105469 -0.0280933380126953 0.262130737304688 0.225997924804687
0.0221939086914063 -0.0134735107421875 0.293304443359375 -0.007415771484375
0.0185985565185547 -0.0167579650878906 -0.275650024414063 -0.0527343750000001
0.0220947265625 -0.0359306335449219 -0.170745849609375 -0.298095703125
0.0420417785644531 -0.0212631225585938 0.1558837890625 -0.44805908203125
0.0383415222167969 0.0111083984375 0.59967041015625 -0.26953125
-0.0081787109375 0.0149049758911133 0.6185302734375 0.3890380859375
-0.0249309539794922 -0.0235958099365234 0.0597534179687499 0.8302001953125
0.0205879211425781 -0.0153255462646484 -0.369110107421875 0.504852294921875
0.0586624145507812 -0.00645828247070312 0.0801239013671875 0.0204849243164063
0.0194015502929688 -0.0301704406738281 0.3883056640625 -0.612548828125
-0.00705623626708984 -0.0060725212097168 -0.25341796875 -0.8529052734375
0.00365066528320312 0.0143461227416992 -0.73980712890625 -0.154052734375
0.0320053100585937 -0.0129070281982422 -0.41839599609375 0.4285888671875
0.0350131988525391 -0.0224475860595703 -0.0107421875 0.479095458984375
0.00864601135253907 -0.0332622528076172 0.250289916992188 0.226760864257813
0.0191516876220703 -0.0195560455322266 0.288543701171875 -0.010498046875
0.0438194274902344 0.00608062744140625 -0.28076171875 -0.0213623046875001
0.00974273681640625 0.0140352249145508 -0.195907592773437 -0.278411865234375
0.001129150390625 0.0326938629150391 0.07403564453125 -0.48077392578125
-0.01763916015625 0.0275516510009766 0.506744384765625 -0.377593994140625
-0.0411872863769531 -0.00668334960937501 0.66448974609375 0.24884033203125
-0.0178604125976563 -0.0393600463867188 0.23138427734375 0.80169677734375
0.0315799713134766 0.00152015686035156 -0.30126953125 0.60198974609375
0.0417900085449219 0.0310707092285156 0.0127487182617187 0.0932388305664063
0.0451126098632813 -0.00498199462890625 0.476898193359375 -0.512420654296875
0.014312744140625 -0.0326194763183594 -0.0721435546875 -0.91455078125
-0.0370597839355469 -0.0186347961425781 -0.7283935546875 -0.33502197265625
-0.0272865295410156 0.0179939270019531 -0.53692626953125 0.3331298828125
-0.0066375732421875 0.0327091217041016 -0.110260009765625 0.45355224609375
-0.00169563293457031 0.0225372314453125 0.222030639648437 0.241165161132813
0.040557861328125 0.005706787109375 0.277877807617188 0.0096282958984375
0.0427627563476563 0.00689315795898437 -0.272918701171875 -0.0235137939453125
0.0127620697021484 0.010737419128418 -0.177566528320312 -0.280517578125
0.000461578369140624 0.0248546600341797 0.105010986328125 -0.474884033203125
-0.0188312530517578 0.0219631195068359 0.535369873046875 -0.342803955078125
-0.0395774841308594 -0.00453567504882813 0.65167236328125 0.30010986328125
-0.0169849395751953 -0.0305805206298828 0.177978515625 0.82489013671875
0.0226707458496094 0.0147609710693359 -0.3299560546875 0.58984375
0.0276222229003906 0.0374946594238281 0.0208358764648438 0.0820083618164062
0.033905029296875 0.00400543212890625 0.44244384765625 -0.533782958984375
0.00868606567382812 -0.0221309661865234 -0.13543701171875 -0.89373779296875
-0.0346088409423828 -0.0116081237792969 -0.7427978515625 -0.27972412109375
-0.0232372283935547 0.0174465179443359 -0.5081787109375 0.36566162109375
-0.00191307067871094 0.0264320373535156 -0.081207275390625 0.46429443359375
0.00222015380859375 0.01959228515625 0.235107421875 0.243743896484375
0.0402450561523437 0.00669097900390625 0.2841796875 0.013641357421875
0.0372810363769531 0.00534820556640625 -0.26812744140625 -0.02545166015625
0.0156545639038086 0.00369167327880859 -0.16070556640625 -0.280792236328125
0.00530242919921875 0.0160140991210938 0.13720703125 -0.459136962890625
-0.0142478942871094 0.0186080932617188 0.56158447265625 -0.303558349609375
-0.0356597900390625 -0.00293350219726562 0.63189697265625 0.35089111328125
-0.0182323455810547 -0.0216255187988281 0.119140625 0.8421630859375
0.0143356323242188 0.0244541168212891 -0.36004638671875 0.56707763671875
0.019317626953125 0.0404167175292969 0.0342330932617187 0.06689453125
0.0244846343994141 0.00727462768554688 0.414306640625 -0.554901123046875
0.00348091125488281 -0.0135812759399414 -0.19366455078125 -0.8695068359375
-0.0282802581787109 -0.00287055969238281 -0.74664306640625 -0.218017578125
-0.0156021118164063 0.0132455825805664 -0.47381591796875 0.39703369140625
0.00455093383789063 0.0179195404052734 -0.04681396484375 0.471343994140625
0.00480842590332031 0.0112142562866211 0.25201416015625 0.239944458007813
0.0387649536132813 0.00521087646484375 0.29052734375 0.012542724609375
0.0335845947265625 0.00256919860839844 -0.263427734375 -0.0308685302734375
0.0192222595214844 -0.0050048828125 -0.149505615234375 -0.282562255859375
0.0118398666381836 0.00558185577392578 0.164276123046875 -0.4481201171875
-0.00661849975585937 0.0148696899414063 0.58758544921875 -0.26708984375
-0.0311050415039063 0.000747680664062507 0.614013671875 0.39495849609375
-0.0192718505859375 -0.0159721374511719 0.0650634765625001 0.85595703125
0.00779914855957031 0.0264320373535156 -0.382720947265625 0.542388916015625
0.0169181823730469 0.0378532409667969 0.0503616333007813 0.0484161376953125
0.0170001983642578 0.00779438018798828 0.3875732421875 -0.58001708984375
-0.000378131866455078 -0.00665569305419922 -0.2459716796875 -0.849365234375
-0.0214939117431641 0.00334358215332031 -0.74945068359375 -0.16741943359375
-0.00657844543457031 0.00741767883300781 -0.4393310546875 0.424041748046875
0.0109138488769531 0.005706787109375 -0.016143798828125 0.478240966796875
0.00912189483642578 0.001739501953125 0.2630615234375 0.234725952148438
0.03424072265625 0.00175094604492187 0.295501708984375 0.009674072265625
0.0291843414306641 -0.00297355651855469 -0.263442993164063 -0.0366668701171875
0.0227489471435547 -0.0146903991699219 -0.145904541015625 -0.285552978515625
0.0216293334960938 -0.003997802734375 0.18194580078125 -0.439300537109375
0.006134033203125 0.0125083923339844 0.60382080078125 -0.24310302734375
-0.0255928039550781 0.00613212585449219 0.60198974609375 0.42529296875
-0.0213832855224609 -0.0123329162597656 0.0249023437500001 0.85870361328125
0.00431442260742187 0.0231227874755859 -0.39703369140625 0.52069091796875
0.0204086303710937 0.0321292877197266 0.063812255859375 0.0341835021972656
0.0117406845092773 0.00343704223632812 0.369140625 -0.59747314453125
-0.00396108627319336 -0.00139331817626953 -0.27691650390625 -0.83453369140625
-0.01226806640625 0.00765323638916016 -0.7489013671875 -0.13067626953125
0.00384306907653809 9.29832458496094E-06 -0.413116455078125 0.439788818359375
0.0165338516235352 -0.00515270233154297 0.00219726562500005 0.478851318359375
0.00922775268554688 -0.0101518630981445 0.270538330078125 0.230575561523437
0.0301036834716797 -0.00290489196777344 0.29815673828125 0.004180908203125
0.0245800018310547 -0.00839424133300781 -0.266403198242188 -0.0433349609375
0.0255374908447266 -0.0237236022949219 -0.14776611328125 -0.289215087890625
0.0319614410400391 -0.0121345520019531 0.184967041015625 -0.438934326171875
0.017364501953125 0.0121469497680664 0.61297607421875 -0.23297119140625
-0.0203895568847656 0.0105361938476563 0.59625244140625 0.435791015625
-0.0230045318603516 -0.0132217407226563 0.00921630859375002 0.85491943359375
0.00768947601318359 0.0127706527709961 -0.40020751953125 0.507171630859375
0.0312767028808594 0.0194931030273438 0.0741424560546875 0.0225830078125
0.0123367309570313 -0.00577545166015625 0.3634033203125 -0.6114501953125
-0.00606584548950195 0.000112056732177734 -0.29132080078125 -0.82861328125
-0.00654125213623047 0.0113229751586914 -0.74615478515625 -0.115234375
0.0143089294433594 -0.00695037841796875 -0.40142822265625 0.447052001953125
0.02325439453125 -0.0138778686523437 0.01287841796875 0.48028564453125
0.00971412658691406 -0.0200405120849609 0.270645141601563 0.226898193359375
0.0265674591064453 -0.00896835327148438 0.29840087890625 -0.001068115234375
0.0216484069824219 -0.0135250091552734 -0.271133422851562 -0.0483245849609375
0.0248050689697266 -0.0308570861816406 -0.1566162109375 -0.294769287109375
0.0395965576171875 -0.0183753967285156 0.176239013671875 -0.441680908203125
0.0299053192138672 0.0109424591064453 0.61181640625 -0.2447509765625
-0.0138797760009766 0.0139665603637695 0.60394287109375 0.4246826171875
-0.0251579284667969 -0.0177516937255859 0.0211791992187501 0.8486328125
0.0143566131591797 -0.000270843505859375 -0.391510009765625 0.501739501953125
0.0442008972167969 0.00659942626953125 0.080108642578125 0.0184707641601563
0.0137748718261719 -0.0165300369262695 0.37109375 -0.61846923828125
-0.00754165649414063 -0.00123071670532227 -0.2825927734375 -0.83831787109375
0.000382423400878908 0.0131196975708008 -0.74383544921875 -0.12554931640625
0.024017333984375 -0.0115547180175781 -0.4036865234375 0.4449462890625
0.0301475524902344 -0.0206737518310547 0.00793457031250004 0.483306884765625
0.00903511047363281 -0.0275001525878906 0.262710571289063 0.226425170898438
0.0215053558349609 -0.0152359008789062 0.295013427734375 -0.0076904296875
0.0183162689208984 -0.0179729461669922 -0.277191162109375 -0.0548858642578125
0.0226898193359375 -0.0363082885742188 -0.172149658203125 -0.2984619140625
0.0426788330078125 -0.0216789245605469 0.15606689453125 -0.449920654296875
0.0386810302734375 0.0113029479980469 0.6024169921875 -0.26953125
-0.00897026062011719 0.0139284133911133 0.62066650390625 0.39202880859375
-0.0251789093017578 -0.0226097106933594 0.0576171874999999 0.833984375
0.0196151733398438 -0.0148983001708984 -0.370849609375 0.50634765625
0.0582542419433594 -0.00617599487304688 0.079833984375 0.019683837890625
0.0192070007324219 -0.0293674468994141 0.39056396484375 -0.61492919921875
-0.00769901275634766 -0.00622081756591797 -0.25347900390625 -0.85723876953125
0.00353527069091797 0.0139255523681641 -0.74249267578125 -0.15582275390625
0.0324382781982422 -0.0126876831054688 -0.42059326171875 0.430267333984375
0.036224365234375 -0.0232582092285156 -0.010406494140625 0.481475830078125
0.00897026062011719 -0.0332794189453125 0.250686645507813 0.227828979492188
0.0182304382324219 -0.0207881927490234 0.289947509765625 -0.01068115234375
0.0433845520019531 0.00540542602539062 -0.284393310546875 -0.021484375
0.0100650787353516 0.0139598846435547 -0.198867797851563 -0.279586791992188
0.00108146667480468 0.033111572265625 0.072662353515625 -0.482940673828125
-0.0178985595703125 0.0272655487060547 0.5087890625 -0.381988525390625
-0.0417709350585938 -0.00583267211914062 0.66754150390625 0.2493896484375
-0.0162124633789062 -0.0404243469238281 0.23358154296875 0.806884765625
0.0312519073486328 0.00141143798828125 -0.30322265625 0.603759765625
0.0417594909667969 0.0306549072265625 0.0113677978515625 0.0931549072265625
0.0448379516601563 -0.00597000122070313 0.478363037109375 -0.515899658203125
0.0139293670654297 -0.0341167449951172 -0.0724487304687501 -0.91778564453125
-0.0366477966308594 -0.0188560485839844 -0.73272705078125 -0.3349609375
-0.0274925231933594 0.019561767578125 -0.5419921875 0.334564208984375
-0.00568199157714844 0.0329647064208984 -0.110382080078125 0.455841064453125
-0.00177192687988281 0.0229988098144531 0.222900390625 0.243148803710937
0.0396766662597656 0.00484848022460938 0.280303955078125 0.009307861328125
0.0421257019042969 0.0057373046875 -0.274856567382813 -0.022979736328125
0.0121469497680664 0.010594367980957 -0.179656982421875 -0.280715942382813
0.00211715698242187 0.0262908935546875 0.103973388671875 -0.475738525390625
-0.0185985565185547 0.0222454071044922 0.53594970703125 -0.345977783203125
-0.0398750305175781 -0.00516128540039063 0.65411376953125 0.30126953125
-0.0159320831298828 -0.0298728942871094 0.18133544921875 0.83001708984375
0.0229511260986328 0.0157871246337891 -0.33197021484375 0.59161376953125
0.0276985168457031 0.0379104614257813 0.0202255249023438 0.0816421508789063
0.0331764221191406 0.00348663330078125 0.4454345703125 -0.535400390625
0.0090789794921875 -0.0237197875976563 -0.13629150390625 -0.89752197265625
-0.0347404479980469 -0.0108222961425781 -0.74554443359375 -0.28106689453125
-0.0245418548583984 0.0171470642089844 -0.511871337890625 0.367950439453125
-0.00143241882324219 0.0272846221923828 -0.08026123046875 0.467559814453125
0.00191497802734375 0.0199260711669922 0.238357543945312 0.244888305664062
0.0399818420410156 0.00441741943359375 0.28607177734375 0.013153076171875
0.0378494262695312 0.00391387939453125 -0.270660400390625 -0.0254974365234376
0.014826774597168 0.00433158874511719 -0.16387939453125 -0.281402587890625
0.00492572784423828 0.0154390335083008 0.134735107421875 -0.462677001953125
-0.0151605606079102 0.0173311233520508 0.56207275390625 -0.306640625
-0.0362205505371094 -0.00379562377929687 0.63604736328125 0.35235595703125
-0.015655517578125 -0.0214920043945313 0.11767578125 0.84527587890625
0.0133819580078125 0.0251617431640625 -0.36163330078125 0.56683349609375
0.0174026489257812 0.0403213500976563 0.0340690612792969 0.0660552978515625
0.0226783752441406 0.00926399230957031 0.414794921875 -0.5560302734375
0.00297451019287109 -0.0123786926269531 -0.19537353515625 -0.87347412109375
-0.0289134979248047 -0.00201225280761719 -0.7523193359375 -0.21942138671875
-0.0156469345092773 0.0127811431884766 -0.475860595703125 0.397552490234375
0.00392436981201172 0.0169038772583008 -0.045745849609375 0.4752197265625
0.00600051879882813 0.0115280151367188 0.253555297851563 0.24078369140625
0.0381660461425781 0.00308990478515625 0.2923583984375 0.01190185546875
0.0329952239990234 0.00253868103027344 -0.2647705078125 -0.0298004150390625
0.0192470550537109 -0.00401687622070313 -0.15118408203125 -0.285003662109375
0.0126800537109375 0.00516891479492187 0.163909912109375 -0.452117919921875
-0.00659084320068359 0.0147762298583984 0.5894775390625 -0.26806640625
-0.0310096740722656 0.00163841247558594 0.61669921875 0.39996337890625
-0.0183906555175781 -0.0161323547363281 0.06512451171875 0.859375
0.00733757019042969 0.025634765625 -0.387786865234375 0.544525146484375
0.01702880859375 0.0376739501953125 0.0497817993164062 0.0478973388671875
0.0171442031860352 0.00724315643310547 0.38958740234375 -0.58123779296875
-0.000891208648681641 -0.00549602508544922 -0.2476806640625 -0.84991455078125
-0.0225486755371094 0.00386428833007813 -0.75311279296875 -0.1669921875
-0.00625705718994141 0.00692176818847656 -0.441619873046875 0.427337646484375
0.0109062194824219 0.00561904907226563 -0.01495361328125 0.478546142578125
0.00827980041503906 0.00171613693237305 0.265670776367188 0.23480224609375
0.0347099304199219 0.00154495239257813 0.29754638671875 0.009002685546875
0.0293979644775391 -0.00311470031738281 -0.26611328125 -0.03472900390625
0.0225067138671875 -0.0144901275634766 -0.14752197265625 -0.28662109375
0.0224037170410156 -0.00331687927246094 0.1790771484375 -0.442352294921875
0.00571727752685547 0.0127048492431641 0.605712890625 -0.2452392578125
-0.0255241394042969 0.006011962890625 0.6014404296875 0.4261474609375
-0.0205593109130859 -0.0129737854003906 0.0221557617187499 0.8638916015625
0.00496292114257812 0.0228271484375 -0.40167236328125 0.52117919921875
0.0194053649902344 0.0315933227539063 0.0644683837890625 0.0352554321289063
0.0113601684570313 0.00325298309326172 0.3731689453125 -0.60064697265625
-0.00416445732116699 0.000221967697143554 -0.27838134765625 -0.83843994140625
-0.0141115188598633 0.00828838348388672 -0.75140380859375 -0.1326904296875
0.00399661064147949 -0.00159573554992676 -0.4146728515625 0.441162109375
0.0185585021972656 -0.00545120239257812 0.00241088867187497 0.48284912109375
0.00926589965820313 -0.00974845886230469 0.27154541015625 0.231155395507813
0.0297069549560547 -0.00588226318359375 0.30072021484375 0.003204345703125
0.0251426696777344 -0.0082244873046875 -0.267974853515625 -0.0416259765625
0.0243549346923828 -0.0239677429199219 -0.148895263671875 -0.29034423828125
0.0323925018310547 -0.012176513671875 0.183563232421875 -0.4393310546875
0.0176372528076172 0.0123424530029297 0.6143798828125 -0.2349853515625
-0.020355224609375 0.0106067657470703 0.598876953125 0.43841552734375
-0.0223865509033203 -0.0136947631835938 0.00897216796874994 0.85992431640625
0.00847911834716797 0.0129451751708984 -0.401458740234375 0.509521484375
0.0309524536132813 0.0202274322509766 0.0748367309570313 0.0235214233398438
0.0117788314819336 -0.00676155090332031 0.3668212890625 -0.6148681640625
-0.00663042068481445 0.00132513046264649 -0.29345703125 -0.83306884765625
-0.00714588165283203 0.0120439529418945 -0.74981689453125 -0.11798095703125
0.0142669677734375 -0.00787544250488281 -0.40374755859375 0.449981689453125
0.0240039825439453 -0.01470947265625 0.013031005859375 0.48370361328125
0.0101280212402344 -0.019561767578125 0.272064208984375 0.228836059570313
0.0251998901367188 -0.0100002288818359 0.30059814453125 -0.0029296875
0.0220260620117188 -0.0129489898681641 -0.272979736328125 -0.0485687255859375
0.0249614715576172 -0.0316848754882813 -0.159637451171875 -0.296234130859375
0.0398178100585938 -0.0169334411621094 0.17645263671875 -0.44207763671875
0.0296611785888672 0.0118007659912109 0.61328125 -0.24688720703125
-0.0153083801269531 0.0138826370239258 0.6063232421875 0.42657470703125
-0.0244903564453125 -0.0176582336425781 0.02081298828125 0.854248046875
0.0131025314331055 -0.000775337219238281 -0.394012451171875 0.502685546875
0.044525146484375 0.00640487670898438 0.0815887451171875 0.018310546875
0.0132541656494141 -0.0177402496337891 0.3743896484375 -0.6217041015625
-0.00763654708862305 -0.00118494033813477 -0.28631591796875 -0.842041015625
6.67572021484508E-06 0.0130729675292969 -0.7486572265625 -0.126953125
0.0234470367431641 -0.0117263793945313 -0.40545654296875 0.447357177734375
0.0310420989990234 -0.0212345123291016 0.00854492187500006 0.48553466796875
0.00925445556640625 -0.0291156768798828 0.264907836914063 0.226821899414063
0.0210895538330078 -0.0161056518554688 0.297027587890625 -0.00750732421875
0.0184440612792969 -0.0192699432373047 -0.281463623046875 -0.053741455078125
0.0221405029296875 -0.036712646484375 -0.174957275390625 -0.299652099609375
0.0426216125488281 -0.0208206176757813 0.155120849609375 -0.45220947265625
0.0387191772460938 0.0101890563964844 0.60260009765625 -0.271728515625
-0.00933742523193359 0.0144500732421875 0.623779296875 0.39410400390625
-0.0249271392822266 -0.022918701171875 0.05621337890625 0.8367919921875
0.02117919921875 -0.0147495269775391 -0.37591552734375 0.5064697265625
0.0581855773925781 -0.00568771362304687 0.08062744140625 0.0204315185546875
0.0193138122558594 -0.0296287536621094 0.39202880859375 -0.618408203125
-0.00740480422973633 -0.00533819198608399 -0.2559814453125 -0.86041259765625
0.00366687774658203 0.0138568878173828 -0.745361328125 -0.15594482421875
0.0316944122314453 -0.0128822326660156 -0.421356201171875 0.43231201171875
0.0365753173828125 -0.0227165222167969 -0.00970458984374997 0.482177734375
0.00854682922363281 -0.0317516326904297 0.2515869140625 0.22882080078125
0.017669677734375 -0.0204811096191406 0.292205810546875 -0.011871337890625
0.0433540344238281 0.00516891479492188 -0.2872314453125 -0.020233154296875
0.0090646743774414 0.0139007568359375 -0.20135498046875 -0.281829833984375
0.00112342834472656 0.0336170196533203 0.0704345703125 -0.486175537109375
-0.018798828125 0.0275669097900391 0.510345458984375 -0.386016845703125
-0.0418624877929687 -0.00676345825195313 0.67181396484375 0.25091552734375
-0.0165023803710938 -0.0411109924316406 0.23309326171875 0.810791015625
0.0316791534423828 0.00209236145019531 -0.30523681640625 0.6083984375
0.0416221618652344 0.0304145812988281 0.0139541625976563 0.0938796997070313
0.0443229675292969 -0.0064544677734375 0.482757568359375 -0.516937255859375
0.0132617950439453 -0.0330104827880859 -0.0745239257812501 -0.9228515625
-0.0376167297363281 -0.0180015563964844 -0.73712158203125 -0.33831787109375
-0.0275173187255859 0.0177707672119141 -0.543121337890625 0.336944580078125
-0.00579261779785156 0.0334529876708984 -0.110565185546875 0.459991455078125
-0.00126075744628906 0.0234642028808594 0.224685668945313 0.243988037109375
0.0406417846679688 0.00349807739257813 0.28387451171875 0.009918212890625
0.0415573120117187 0.0045318603515625 -0.278106689453125 -0.0211639404296875
0.0131940841674805 0.010716438293457 -0.182708740234375 -0.283111572265625
0.00147628784179687 0.02606201171875 0.10174560546875 -0.47930908203125
-0.0198974609375 0.0224666595458984 0.53704833984375 -0.3505859375
-0.0397720336914063 -0.00571060180664063 0.65740966796875 0.3016357421875
-0.0152797698974609 -0.0307502746582031 0.18060302734375 0.83563232421875
0.0223026275634766 0.0160388946533203 -0.33416748046875 0.59429931640625
0.027374267578125 0.0378875732421875 0.0215911865234375 0.08197021484375
0.0326919555664063 0.00185966491699219 0.449249267578125 -0.53765869140625
0.00938034057617187 -0.0228939056396484 -0.13787841796875 -0.90338134765625
-0.0347652435302734 -0.0106067657470703 -0.7510986328125 -0.28155517578125
-0.0244216918945312 0.0166282653808594 -0.515411376953125 0.370513916015625
-0.00146484375 0.0273704528808594 -0.07977294921875 0.46966552734375
0.00236701965332031 0.0198726654052734 0.23907470703125 0.244827270507812
0.0399856567382812 0.00382614135742187 0.289093017578125 0.012969970703125
0.0379409790039063 0.00384521484375 -0.2730712890625 -0.02423095703125
0.0152578353881836 0.00428581237792969 -0.166534423828125 -0.28387451171875
0.00488853454589844 0.01629638671875 0.13446044921875 -0.466552734375
-0.0147075653076172 0.0184593200683594 0.56744384765625 -0.30902099609375
-0.0369071960449219 -0.00301742553710937 0.63970947265625 0.353759765625
-0.0167560577392578 -0.0222320556640625 0.11907958984375 0.85394287109375
0.0135326385498047 0.0240440368652344 -0.3646240234375 0.572265625
0.0178680419921875 0.0414161682128906 0.0339698791503906 0.0662765502929688
0.0235023498535156 0.00690269470214844 0.41888427734375 -0.561767578125
0.00338172912597656 -0.0136213302612305 -0.197021484375 -0.87884521484375
-0.0301113128662109 -0.0020294189453125 -0.756591796875 -0.21990966796875
-0.0166378021240234 0.0120010375976563 -0.476806640625 0.403106689453125
0.00513648986816406 0.0174551010131836 -0.045135498046875 0.477386474609375
0.00694084167480469 0.0104303359985352 0.255386352539063 0.24090576171875
0.0376434326171875 0.00185394287109375 0.296234130859375 0.012969970703125
0.034149169921875 0.00087738037109375 -0.26922607421875 -0.0298004150390625
0.0187320709228516 -0.0040740966796875 -0.154266357421875 -0.285919189453125
0.0126028060913086 0.006256103515625 0.16082763671875 -0.454925537109375
-0.007415771484375 0.0147571563720703 0.59112548828125 -0.2724609375
-0.0318508148193359 0.00116539001464844 0.6214599609375 0.40087890625
-0.0185070037841797 -0.0172920227050781 0.0656738281250001 0.865478515625
0.00763320922851563 0.026336669921875 -0.388458251953125 0.54632568359375
0.017303466796875 0.0384178161621094 0.051300048828125 0.0489845275878906
0.0170354843139648 0.00616073608398438 0.39117431640625 -0.5848388671875
-0.000926017761230469 -0.00530004501342773 -0.25091552734375 -0.85589599609375
-0.0227127075195313 0.00384712219238281 -0.76025390625 -0.167236328125
-0.00691509246826172 0.006134033203125 -0.443939208984375 0.42901611328125
0.0108909606933594 0.00506877899169922 -0.0157470703125 0.4832763671875
0.0090494155883789 0.00136566162109375 0.267135620117188 0.236328125
0.0347747802734375 0.000215530395507812 0.300506591796875 0.007781982421875
0.0286674499511719 -0.00331497192382813 -0.2691650390625 -0.0340728759765625
0.0219573974609375 -0.014434814453125 -0.149658203125 -0.287994384765625
0.0227413177490234 -0.004669189453125 0.180084228515625 -0.446044921875
0.00548648834228516 0.0123119354248047 0.60601806640625 -0.24859619140625
-0.0269832611083984 0.00529289245605468 0.60650634765625 0.4293212890625
-0.0212783813476563 -0.0132389068603516 0.0239257812500001 0.869384765625
0.00430679321289063 0.0237808227539063 -0.4031982421875 0.525726318359375
0.0193443298339844 0.0301704406738281 0.0646553039550781 0.0340728759765625
0.0120611190795898 0.002227783203125 0.37548828125 -0.60467529296875
-0.00464487075805664 -0.000893115997314453 -0.2816162109375 -0.84222412109375
-0.0140285491943359 0.00915241241455078 -0.75634765625 -0.130859375
0.00404524803161621 -0.00120735168457031 -0.4183349609375 0.44708251953125
0.0178623199462891 -0.00564384460449219 0.005889892578125 0.4844970703125
0.00965118408203125 -0.0102262496948242 0.274078369140625 0.230987548828125
0.0302658081054688 -0.00460624694824219 0.3038330078125 0.0013427734375
0.0248928070068359 -0.00933837890625 -0.272048950195313 -0.0416717529296875
0.0246829986572266 -0.0237712860107422 -0.152557373046875 -0.29180908203125
0.0321331024169922 -0.0120582580566406 0.18438720703125 -0.443511962890625
0.0176677703857422 0.0125274658203125 0.616943359375 -0.2386474609375
-0.0210723876953125 0.0113391876220703 0.6024169921875 0.43994140625
-0.0226421356201172 -0.0145130157470703 0.00903320312500004 0.86602783203125
0.00802898406982422 0.0118608474731445 -0.40496826171875 0.511474609375
0.0311813354492187 0.0202293395996094 0.0759124755859375 0.02301025390625
0.011195182800293 -0.00646686553955078 0.36962890625 -0.61956787109375
-0.00768184661865234 -1.90734863281265E-06 -0.2974853515625 -0.83819580078125
-0.00643157958984375 0.0112762451171875 -0.75494384765625 -0.11761474609375
0.014582633972168 -0.00835227966308594 -0.405609130859375 0.454742431640625
0.0251026153564453 -0.0154514312744141 0.0152587890625 0.48681640625
0.00992012023925781 -0.0203304290771484 0.27447509765625 0.228042602539063
0.0254268646240234 -0.0109977722167969 0.303802490234375 -0.003265380859375
0.0215873718261719 -0.0143184661865234 -0.27630615234375 -0.047637939453125
0.0247287750244141 -0.0318470001220703 -0.16278076171875 -0.296417236328125
0.0399703979492188 -0.0175437927246094 0.174652099609375 -0.445465087890625
0.0296459197998047 0.0121498107910156 0.6165771484375 -0.24981689453125
-0.0153255462646484 0.0135412216186523 0.60833740234375 0.42987060546875
-0.0245189666748047 -0.0177707672119141 0.0211181640625 0.8583984375
0.0135469436645508 -0.000406265258789063 -0.39630126953125 0.506744384765625
0.0440711975097656 0.0068206787109375 0.0818328857421875 0.0176315307617188
0.0126628875732422 -0.0176506042480469 0.375 -0.62615966796875
-0.00739479064941406 -0.000928401947021485 -0.28924560546875 -0.84771728515625
-4.29153442382814E-05 0.0129556655883789 -0.752685546875 -0.12493896484375
0.0235958099365234 -0.0131607055664062 -0.40802001953125 0.450653076171875
0.0305137634277344 -0.0217437744140625 0.010162353515625 0.48858642578125
0.00956535339355469 -0.0286598205566406 0.267410278320313 0.226898193359375
0.0205516815185547 -0.0162429809570313 0.300079345703125 -0.008514404296875
0.0190143585205078 -0.0202178955078125 -0.284454345703125 -0.052581787109375
0.0225868225097656 -0.0360260009765625 -0.177734375 -0.3021240234375
0.0436019897460937 -0.0215911865234375 0.154205322265625 -0.454345703125
0.0381927490234375 0.0109138488769531 0.60504150390625 -0.275146484375
-0.0107002258300781 0.0137348175048828 0.62530517578125 0.3963623046875
-0.0250091552734375 -0.0238456726074219 0.056884765625 0.8443603515625
0.02044677734375 -0.0148334503173828 -0.3773193359375 0.50921630859375
0.0585594177246094 -0.00562667846679688 0.0817108154296875 0.0203399658203125
0.0196418762207031 -0.0306587219238281 0.39447021484375 -0.6207275390625
-0.00684404373168945 -0.00604486465454101 -0.25634765625 -0.8668212890625
0.00345134735107422 0.0142965316772461 -0.751220703125 -0.15655517578125
0.0316638946533203 -0.0138626098632813 -0.424560546875 0.435699462890625
0.03680419921875 -0.0234107971191406 -0.00741577148437498 0.486297607421875
0.00875282287597657 -0.0335769653320313 0.254196166992188 0.228485107421875
0.0178661346435547 -0.0229320526123047 0.295440673828125 -0.012481689453125
0.0431137084960938 0.00458908081054688 -0.290496826171875 -0.019683837890625
0.00959396362304688 0.0153341293334961 -0.205108642578125 -0.28326416015625
0.000593185424804687 0.0341644287109375 0.066680908203125 -0.4888916015625
-0.0189037322998047 0.0278892517089844 0.51007080078125 -0.39013671875
-0.0428237915039063 -0.00646209716796875 0.67681884765625 0.25177001953125
-0.0168037414550781 -0.040985107421875 0.236083984375 0.817626953125
0.0310630798339844 0.00153541564941406 -0.30645751953125 0.61077880859375
0.0411796569824219 0.0304412841796875 0.0135345458984375 0.0938796997070313
0.0444412231445313 -0.00713729858398438 0.483489990234375 -0.52301025390625
0.014373779296875 -0.0345649719238281 -0.0782470703124999 -0.93096923828125
-0.0385704040527344 -0.0186843872070312 -0.74468994140625 -0.3388671875
-0.0285472869873047 0.0171051025390625 -0.546051025390625 0.34161376953125
-0.00514411926269531 0.0331878662109375 -0.10943603515625 0.46337890625
-0.00100898742675781 0.0249214172363281 0.226394653320312 0.24517822265625
0.0402946472167969 0.0025482177734375 0.28656005859375 0.01019287109375
0.041961669921875 0.0045318603515625 -0.281707763671875 -0.021697998046875
0.0117549896240234 0.0113868713378906 -0.187286376953125 -0.284515380859375
0.00140380859375 0.0261917114257813 0.098846435546875 -0.48333740234375
-0.0198268890380859 0.0228500366210938 0.53887939453125 -0.354339599609375
-0.041534423828125 -0.00517654418945313 0.66259765625 0.30328369140625
-0.0156917572021484 -0.0316963195800781 0.183837890625 0.8411865234375
0.0220375061035156 0.0148963928222656 -0.33642578125 0.59820556640625
0.0280723571777344 0.0381126403808594 0.02215576171875 0.0823211669921875
0.0333671569824219 0.00226974487304688 0.45166015625 -0.543609619140625
0.0087738037109375 -0.0228805541992187 -0.1417236328125 -0.90985107421875
-0.0349216461181641 -0.01092529296875 -0.75714111328125 -0.28228759765625
-0.0249977111816406 0.0165824890136719 -0.5169677734375 0.374237060546875
-0.00161552429199219 0.02685546875 -0.079193115234375 0.4749755859375
0.0036773681640625 0.0204086303710938 0.242141723632812 0.245590209960937
0.0408515930175781 0.00225448608398438 0.293426513671875 0.01336669921875
0.036773681640625 0.00291824340820313 -0.276748657226563 -0.0236358642578125
0.0167055130004883 0.00386524200439453 -0.17010498046875 -0.284393310546875
0.00521087646484375 0.015594482421875 0.132232666015625 -0.4708251953125
-0.0155029296875 0.0177936553955078 0.56707763671875 -0.31414794921875
-0.037261962890625 -0.00339126586914063 0.644775390625 0.3553466796875
-0.0161647796630859 -0.0226573944091797 0.1209716796875 0.85760498046875
0.0133171081542969 0.0252056121826172 -0.366943359375 0.57806396484375
0.0175323486328125 0.0413131713867188 0.0354652404785156 0.0667991638183594
0.0230808258056641 0.00656509399414063 0.419189453125 -0.5660400390625
0.00292778015136719 -0.0131282806396484 -0.20111083984375 -0.883056640625
-0.0303478240966797 -0.00207710266113282 -0.7642822265625 -0.2197265625
-0.0171117782592773 0.0118961334228516 -0.48016357421875 0.4085693359375
0.00494670867919922 0.0172958374023438 -0.0430908203125 0.481048583984375
0.00706291198730469 0.0118074417114258 0.258392333984375 0.242355346679688
0.0374717712402344 0.00215911865234375 0.30023193359375 0.010772705078125
0.0332679748535156 0.0002899169921875 -0.2728271484375 -0.0289459228515625
0.0177936553955078 -0.003570556640625 -0.1578369140625 -0.287628173828125
0.0132102966308594 0.00551033020019531 0.15802001953125 -0.458709716796875
-0.00797557830810547 0.0149936676025391 0.5936279296875 -0.2767333984375
-0.0323009490966797 -0.000110626220703127 0.6248779296875 0.40277099609375
-0.0186634063720703 -0.0173263549804688 0.06640625 0.8724365234375
0.007720947265625 0.0258808135986328 -0.391387939453125 0.5509033203125
0.0165328979492188 0.0384178161621094 0.0521621704101563 0.0478553771972656
0.0168800354003906 0.00633525848388672 0.39361572265625 -0.590576171875
-0.000334739685058594 -0.00502300262451172 -0.2535400390625 -0.86370849609375
-0.0225830078125 0.00397300720214844 -0.76690673828125 -0.16546630859375
-0.00742578506469727 0.00631046295166016 -0.44635009765625 0.435455322265625
0.010828971862793 0.00613784790039063 -0.01287841796875 0.485748291015625
0.00974178314208984 0.000590324401855469 0.270645141601563 0.2366943359375
0.0341453552246094 -0.00156021118164063 0.3040771484375 0.0078125
0.0288143157958984 -0.00383186340332031 -0.273147583007813 -0.0346527099609375
0.0231552124023438 -0.0150661468505859 -0.154052734375 -0.290679931640625
0.0221099853515625 -0.003448486328125 0.17730712890625 -0.45050048828125
0.00442314147949219 0.0124502182006836 0.6112060546875 -0.25244140625
-0.0264720916748047 0.00541305541992187 0.61175537109375 0.43023681640625
-0.0208683013916016 -0.0125541687011719 0.02362060546875 0.875244140625
0.00425338745117188 0.023712158203125 -0.405426025390625 0.52972412109375
0.0191917419433594 0.0316505432128906 0.0661277770996094 0.0335960388183594
0.0117034912109375 0.00286674499511719 0.378662109375 -0.6094970703125
-0.00447559356689453 -0.000517845153808594 -0.2869873046875 -0.848876953125
-0.0144729614257813 0.00897407531738281 -0.763427734375 -0.13037109375
0.0037071704864502 -0.00193119049072266 -0.420501708984375 0.4493408203125
0.0184192657470703 -0.00561332702636719 0.00765991210937499 0.48931884765625
0.0106410980224609 -0.0110969543457031 0.276840209960938 0.231948852539063
0.0293979644775391 -0.00520896911621094 0.306427001953125 0.00030517578125
0.0248069763183594 -0.00970458984375 -0.275421142578125 -0.040740966796875
0.0241260528564453 -0.0241203308105469 -0.156463623046875 -0.293792724609375
0.0319461822509766 -0.0120105743408203 0.18218994140625 -0.446746826171875
0.0179500579833984 0.0127887725830078 0.6202392578125 -0.24334716796875
-0.0214443206787109 0.0102672576904297 0.6077880859375 0.44232177734375
-0.0227069854736328 -0.0139560699462891 0.00939941406249993 0.87322998046875
0.00758934020996094 0.0124845504760742 -0.40863037109375 0.5152587890625
0.0316295623779297 0.0198879241943359 0.0767135620117188 0.0225830078125
0.0110492706298828 -0.00745868682861328 0.37042236328125 -0.6236572265625
-0.00668859481811523 0.000859737396240234 -0.30218505859375 -0.84478759765625
-0.00643825531005859 0.0108861923217773 -0.76068115234375 -0.11669921875
0.013737678527832 -0.00829029083251953 -0.40570068359375 0.458709716796875
0.0252037048339844 -0.0154838562011719 0.01629638671875 0.490936279296875
0.00995254516601563 -0.0208225250244141 0.27685546875 0.228530883789063
0.0250778198242188 -0.0116500854492187 0.307281494140625 -0.00457763671875
0.0210342407226563 -0.0154037475585938 -0.280715942382813 -0.047393798828125
0.0244064331054688 -0.0320816040039063 -0.16546630859375 -0.29779052734375
0.0401229858398437 -0.0184326171875 0.174346923828125 -0.449005126953125
0.0294342041015625 0.0125274658203125 0.6195068359375 -0.25439453125
-0.0162343978881836 0.0133934020996094 0.61419677734375 0.4305419921875
-0.0243988037109375 -0.0183124542236328 0.021240234375 0.86376953125
0.0139322280883789 -0.00105381011962891 -0.39990234375 0.50994873046875
0.0449142456054688 0.006256103515625 0.0834121704101563 0.0170745849609375
0.0133647918701172 -0.0188789367675781 0.37750244140625 -0.63104248046875
-0.0080108642578125 -0.00146865844726563 -0.293212890625 -0.85296630859375
-0.000680923461914062 0.0133399963378906 -0.759765625 -0.12518310546875
0.0232276916503906 -0.0135536193847656 -0.407989501953125 0.4547119140625
0.0311222076416016 -0.0220241546630859 0.011505126953125 0.49249267578125
0.00983047485351563 -0.0292282104492188 0.270538330078125 0.227508544921875
0.0207366943359375 -0.0181617736816406 0.303924560546875 -0.0098876953125
0.0186443328857422 -0.0199680328369141 -0.287322998046875 -0.0519714355468751
0.0216293334960938 -0.0364532470703125 -0.1812744140625 -0.303131103515625
0.0433273315429688 -0.0212249755859375 0.152618408203125 -0.45758056640625
0.0394821166992188 0.0107421875 0.60821533203125 -0.279052734375
-0.010676383972168 0.014735221862793 0.6298828125 0.39862060546875
-0.0241031646728516 -0.0244770050048828 0.05694580078125 0.8489990234375
0.0203704833984375 -0.0152320861816406 -0.37994384765625 0.513336181640625
0.058441162109375 -0.00613784790039063 0.0821456909179688 0.0190048217773438
0.0189933776855469 -0.0304889678955078 0.3984375 -0.62567138671875
-0.00805187225341797 -0.00560426712036133 -0.2630615234375 -0.87164306640625
0.00285816192626953 0.0144214630126953 -0.75775146484375 -0.156005859375
0.0326423645019531 -0.0143985748291016 -0.42578125 0.440093994140625
0.0367355346679688 -0.0239982604980469 -0.00695800781249998 0.489532470703125
0.00871849060058594 -0.0342254638671875 0.258163452148438 0.228851318359375
0.0176601409912109 -0.0230865478515625 0.298797607421875 -0.013458251953125
0.0432701110839844 0.00366973876953125 -0.294525146484375 -0.017791748046875
0.00941753387451172 0.0143585205078125 -0.20941162109375 -0.28424072265625
0.000976562500000001 0.0354156494140625 0.063018798828125 -0.494781494140625
-0.0201187133789063 0.0290946960449219 0.51129150390625 -0.395233154296875
-0.0433082580566406 -0.00653839111328124 0.68212890625 0.24993896484375
-0.0173492431640625 -0.0415763854980469 0.2421875 0.82452392578125
0.0305366516113281 0.00102996826171875 -0.3055419921875 0.61767578125
0.04217529296875 0.0303955078125 0.0155258178710938 0.0932464599609375
0.0451164245605469 -0.0070037841796875 0.48809814453125 -0.5286865234375
0.0135841369628906 -0.0338783264160156 -0.08184814453125 -0.9361572265625
-0.0393714904785156 -0.0180244445800781 -0.7535400390625 -0.33807373046875
-0.0285434722900391 0.017669677734375 -0.550445556640625 0.348480224609375
-0.00532913208007812 0.0335750579833984 -0.10791015625 0.468963623046875
-0.000806808471679689 0.0234947204589844 0.231063842773437 0.2451171875
0.0399589538574219 0.00160598754882813 0.291107177734375 0.007659912109375
0.0424156188964844 0.00318527221679687 -0.286651611328125 -0.019775390625
0.0107440948486328 0.0112218856811523 -0.189605712890625 -0.28533935546875
0.00217437744140625 0.0259284973144531 0.097625732421875 -0.48748779296875
-0.0194568634033203 0.0228328704833984 0.541168212890625 -0.361083984375
-0.04217529296875 -0.00577163696289063 0.67071533203125 0.30108642578125
-0.0151939392089844 -0.0322532653808594 0.18817138671875 0.8482666015625
0.0222663879394531 0.0147609710693359 -0.33685302734375 0.60455322265625
0.0282020568847656 0.0391998291015625 0.0221939086914063 0.0826187133789063
0.0329914093017578 0.00189018249511719 0.4541015625 -0.5494384765625
0.00943374633789062 -0.0243721008300781 -0.14605712890625 -0.9166259765625
-0.0366592407226562 -0.010772705078125 -0.7657470703125 -0.280517578125
-0.0244178771972656 0.0174980163574219 -0.520965576171875 0.381134033203125
-0.00123405456542969 0.027740478515625 -0.077362060546875 0.478912353515625
0.00249099731445313 0.0198192596435547 0.246353149414063 0.245742797851563
0.0409469604492188 0.00160980224609375 0.297821044921875 0.010528564453125
0.0386772155761719 0.00232696533203125 -0.279617309570313 -0.022125244140625
0.0153875350952148 0.00456333160400391 -0.173919677734375 -0.28704833984375
0.00507354736328125 0.016148567199707 0.12945556640625 -0.475799560546875
-0.0160427093505859 0.0183849334716797 0.5701904296875 -0.31854248046875
-0.0385932922363281 -0.00396728515625 0.651611328125 0.3546142578125
-0.0171566009521484 -0.0230083465576172 0.12628173828125 0.86517333984375
0.0123882293701172 0.0245838165283203 -0.36834716796875 0.580810546875
0.0174407958984375 0.0415687561035156 0.0371742248535156 0.0660476684570313
0.0231475830078125 0.00611114501953125 0.4228515625 -0.5723876953125
0.00384807586669922 -0.0140495300292969 -0.2060546875 -0.88983154296875
-0.0317592620849609 -0.00181198120117187 -0.77093505859375 -0.21746826171875
-0.0172834396362305 0.0124492645263672 -0.483367919921875 0.413360595703125
0.00465583801269531 0.0167636871337891 -0.042083740234375 0.485595703125
0.00682926177978516 0.010960578918457 0.262451171875 0.242355346679687
0.0369377136230469 0.00147247314453125 0.303070068359375 0.009002685546875
0.034393310546875 -0.0009918212890625 -0.277267456054687 -0.0261383056640625
0.018402099609375 -0.00428199768066406 -0.16229248046875 -0.289337158203125
0.0129795074462891 0.00549983978271484 0.15789794921875 -0.46405029296875
-0.00845813751220703 0.0150051116943359 0.59832763671875 -0.28302001953125
-0.0328254699707031 0.000101089477539068 0.63092041015625 0.4024658203125
-0.0181655883789063 -0.0175991058349609 0.068603515625 0.8792724609375
0.00743675231933594 0.0265426635742187 -0.3929443359375 0.556121826171875
0.0162887573242188 0.0383415222167969 0.0527839660644531 0.04730224609375
0.0164728164672852 0.00591754913330078 0.3956298828125 -0.59796142578125
-0.00203657150268555 -0.00578737258911133 -0.261474609375 -0.8681640625
-0.0236148834228516 0.00341224670410156 -0.77264404296875 -0.1641845703125
-0.00790548324584961 0.00559091567993164 -0.44744873046875 0.4398193359375
0.0119781494140625 0.00632381439208984 -0.0115966796875 0.4908447265625
0.00985145568847656 0.000754356384277344 0.273208618164063 0.236785888671875
0.0347747802734375 -0.00295829772949219 0.308563232421875 0.005096435546875
0.0287609100341797 -0.00450897216796875 -0.27679443359375 -0.0330657958984375
0.0223159790039063 -0.0137557983398438 -0.156890869140625 -0.292327880859375
0.0229091644287109 -0.00573158264160156 0.17437744140625 -0.45391845703125
0.00408554077148438 0.012578010559082 0.61328125 -0.25738525390625
-0.0275726318359375 0.00635910034179688 0.6180419921875 0.43109130859375
-0.0216426849365234 -0.0135879516601562 0.0270385742187501 0.88458251953125
0.00410842895507812 0.0241298675537109 -0.40740966796875 0.5330810546875
0.0205039978027344 0.0318794250488281 0.0666236877441406 0.03240966796875
0.0112094879150391 0.00193309783935547 0.37811279296875 -0.61712646484375
-0.00276970863342285 -0.000364303588867187 -0.29156494140625 -0.85247802734375
-0.014124870300293 0.00892448425292969 -0.76959228515625 -0.12921142578125
0.00424003601074219 -0.00167393684387207 -0.42169189453125 0.4580078125
0.0191230773925781 -0.0063629150390625 0.010528564453125 0.492919921875
0.009979248046875 -0.0113582611083984 0.281005859375 0.232192993164063
0.0302505493164062 -0.00689888000488281 0.310516357421875 0.000976562499999999
0.02447509765625 -0.0112037658691406 -0.278945922851563 -0.0386810302734376
0.0244197845458984 -0.0253944396972656 -0.16033935546875 -0.2950439453125
0.0338134765625 -0.0126800537109375 0.180389404296875 -0.451446533203125
0.0171794891357422 0.0123729705810547 0.6219482421875 -0.24835205078125
-0.0216636657714844 0.0114059448242187 0.612548828125 0.4429931640625
-0.0228443145751953 -0.0146236419677734 0.01177978515625 0.8785400390625
0.00806903839111328 0.0122194290161133 -0.410980224609375 0.52081298828125
0.0317230224609375 0.0202560424804688 0.0781631469726563 0.0223770141601563
0.0112323760986328 -0.00685214996337891 0.37200927734375 -0.63055419921875
-0.00659847259521484 0.0017552375793457 -0.30755615234375 -0.84918212890625
-0.00674343109130859 0.0114650726318359 -0.767578125 -0.11297607421875
0.013178825378418 -0.00918769836425781 -0.40740966796875 0.463348388671875
0.0249614715576172 -0.0154838562011719 0.021240234375 0.494384765625
0.0107479095458984 -0.0207996368408203 0.280746459960938 0.228652954101563
0.0258255004882813 -0.0118656158447266 0.31005859375 -0.006195068359375
0.0210685729980469 -0.0161952972412109 -0.2835693359375 -0.045623779296875
0.0238990783691406 -0.0312309265136719 -0.170013427734375 -0.299652099609375
0.04083251953125 -0.0184440612792969 0.17279052734375 -0.45306396484375
0.0305099487304687 0.0114803314208984 0.6229248046875 -0.259765625
-0.0164098739624023 0.0137062072753906 0.621337890625 0.43280029296875
-0.0241680145263672 -0.0184154510498047 0.0240478515624999 0.8721923828125
0.0133838653564453 -0.00113868713378906 -0.402740478515625 0.516021728515625
0.044677734375 0.00697708129882812 0.0834503173828125 0.01580810546875
0.0132293701171875 -0.0178642272949219 0.378173828125 -0.63812255859375
-0.0072178840637207 -0.000906467437744142 -0.299560546875 -0.86004638671875
-0.000607490539550781 0.0134496688842773 -0.7657470703125 -0.12152099609375
0.0234737396240234 -0.0133838653564453 -0.410919189453125 0.461578369140625
0.0317535400390625 -0.0229072570800781 0.01336669921875 0.4957275390625
0.0100116729736328 -0.0294170379638672 0.273147583007813 0.226959228515625
0.0205059051513672 -0.0187435150146484 0.307220458984375 -0.011260986328125
0.0178756713867187 -0.0215702056884766 -0.2918701171875 -0.051483154296875
0.0207328796386719 -0.0363082885742188 -0.186370849609375 -0.30462646484375
0.044464111328125 -0.0226097106933594 0.149871826171875 -0.462554931640625
0.0396041870117188 0.0108146667480469 0.61224365234375 -0.284912109375
-0.0113019943237305 0.0141582489013672 0.63726806640625 0.39703369140625
-0.0234642028808594 -0.0245018005371094 0.060302734375 0.85662841796875
0.0210914611816406 -0.0155200958251953 -0.381866455078125 0.517669677734375
0.0600242614746094 -0.00749588012695313 0.0833511352539063 0.0189895629882813
0.0180606842041016 -0.0321178436279297 0.39923095703125 -0.6337890625
-0.00732183456420898 -0.00565195083618164 -0.26556396484375 -0.87677001953125
0.00350189208984375 0.0146274566650391 -0.76312255859375 -0.15386962890625
0.0306682586669922 -0.0145263671875 -0.426483154296875 0.446746826171875
0.0374526977539063 -0.0244636535644531 -0.00311279296874995 0.494171142578125
0.0100784301757812 -0.0349006652832031 0.258895874023437 0.230010986328125
0.0164508819580078 -0.0242996215820313 0.302764892578125 -0.01702880859375
0.0430793762207031 0.002197265625 -0.299285888671875 -0.0156860351562501
0.00880527496337891 0.0145673751831055 -0.215911865234375 -0.2843017578125
0.00139999389648438 0.0352134704589844 0.058990478515625 -0.500030517578125
-0.0196704864501953 0.0288372039794922 0.51324462890625 -0.40338134765625
-0.04486083984375 -0.00654983520507812 0.691650390625 0.24859619140625
-0.0169715881347656 -0.0420722961425781 0.2489013671875 0.830322265625
0.0319709777832031 0.00178337097167969 -0.305908203125 0.6241455078125
0.0420913696289063 0.0305595397949219 0.0158920288085938 0.0944366455078125
0.0443229675292969 -0.00858688354492188 0.488861083984375 -0.536468505859375
0.0133171081542969 -0.0343341827392578 -0.0891113281249999 -0.94476318359375
-0.0396537780761719 -0.0181350708007812 -0.760009765625 -0.3377685546875
-0.0294322967529297 0.0178241729736328 -0.554412841796875 0.35491943359375
-0.00448036193847656 0.0338668823242187 -0.10662841796875 0.474273681640625
-0.000616073608398435 0.0239467620849609 0.233978271484375 0.2457275390625
0.0400352478027344 0.000469207763671875 0.294586181640625 0.00604248046875
0.0417633056640625 0.00223922729492188 -0.290252685546875 -0.01727294921875
0.0109682083129883 0.0108957290649414 -0.195404052734375 -0.28619384765625
0.00247764587402344 0.0271530151367188 0.093170166015625 -0.4930419921875
-0.0203495025634766 0.0243034362792969 0.5408935546875 -0.36700439453125
-0.0431175231933594 -0.00582885742187501 0.67889404296875 0.30023193359375
-0.0151290893554688 -0.0323944091796875 0.19366455078125 0.853515625
0.0222835540771484 0.0148639678955078 -0.3370361328125 0.61199951171875
0.0283126831054688 0.0375289916992188 0.0232391357421875 0.0818557739257813
0.0337371826171875 0.00128555297851562 0.453948974609375 -0.556396484375
0.00956153869628906 -0.0237445831298828 -0.15301513671875 -0.92041015625
-0.0366554260253906 -0.0109672546386719 -0.77423095703125 -0.2774658203125
-0.0253143310546875 0.0152053833007812 -0.5233154296875 0.387786865234375
-0.000984191894531253 0.0267581939697266 -0.074798583984375 0.4842529296875
0.00379371643066406 0.0200710296630859 0.249664306640625 0.24615478515625
0.0397796630859375 0.00106430053710938 0.301666259765625 0.007598876953125
0.0380821228027344 0.00151824951171875 -0.283905029296875 -0.0196228027343749
0.015437126159668 0.00350379943847656 -0.18109130859375 -0.28759765625
0.00623703002929688 0.0162534713745117 0.124847412109375 -0.480621337890625
-0.0173377990722656 0.0192527770996094 0.57183837890625 -0.32647705078125
-0.0389785766601562 -0.002105712890625 0.6588134765625 0.3544921875
-0.0166072845458984 -0.0231742858886719 0.13201904296875 0.87298583984375
0.01348876953125 0.0251998901367187 -0.36859130859375 0.58984375
0.0181083679199219 0.0416336059570312 0.0378494262695312 0.0656661987304688
0.022705078125 0.00540351867675781 0.42279052734375 -0.579833984375
0.00348854064941406 -0.0131282806396484 -0.21356201171875 -0.8990478515625
-0.0309238433837891 -0.00244712829589843 -0.7803955078125 -0.21551513671875
-0.0174884796142578 0.0121021270751953 -0.483154296875 0.420928955078125
0.00575637817382813 0.016571044921875 -0.038818359375 0.488616943359375
0.00777339935302734 0.0106563568115234 0.266876220703125 0.242568969726563
0.0377845764160156 -0.000667572021484375 0.30731201171875 0.006591796875
0.0345211029052734 -0.00132179260253906 -0.2796630859375 -0.0248870849609375
0.0178909301757813 -0.00467491149902344 -0.166839599609375 -0.288848876953125
0.0133762359619141 0.00600242614746094 0.154083251953125 -0.4698486328125
-0.00796985626220703 0.0147590637207031 0.5994873046875 -0.291015625
-0.0347366333007813 0.000413894653320314 0.6397705078125 0.4010009765625
-0.0179347991943359 -0.0177230834960938 0.0767211914062499 0.88623046875
0.0085296630859375 0.0268135070800781 -0.39398193359375 0.56195068359375
0.0170974731445312 0.0387763977050781 0.0544662475585937 0.0477180480957031
0.0164375305175781 0.00469684600830078 0.3958740234375 -0.60430908203125
-0.000400543212890625 -0.0055842399597168 -0.26971435546875 -0.87530517578125
-0.0236186981201172 0.005401611328125 -0.78094482421875 -0.16119384765625
-0.00762557983398438 0.0055394172668457 -0.449005126953125 0.447296142578125
0.0118169784545898 0.00498485565185547 -0.00775146484374996 0.495147705078125
0.00924110412597656 0.00179195404052734 0.27996826171875 0.236404418945313
0.0345039367675781 -0.00448989868164063 0.312591552734375 0.00341796875
0.0277633666992188 -0.00646209716796875 -0.28033447265625 -0.0311279296874999
0.0217666625976563 -0.0155315399169922 -0.162506103515625 -0.29132080078125
0.02313232421875 -0.00475692749023438 0.171417236328125 -0.460357666015625
0.00567722320556641 0.013636589050293 0.616455078125 -0.265380859375
-0.0279693603515625 0.00506782531738281 0.624267578125 0.43212890625
-0.0199489593505859 -0.0145149230957031 0.0319824218750001 0.89154052734375
0.0050811767578125 0.0234870910644531 -0.410919189453125 0.53900146484375
0.0206317901611328 0.0325946807861328 0.0686187744140625 0.0324058532714844
0.0109186172485352 0.00215816497802734 0.37890625 -0.624755859375
-0.00307059288024902 0.000663280487060547 -0.29974365234375 -0.85858154296875
-0.0150728225708008 0.00912094116210937 -0.77618408203125 -0.125
0.00192117691040039 -0.00185799598693848 -0.42242431640625 0.46185302734375
0.0191688537597656 -0.00738334655761719 0.0127258300781251 0.498138427734375
0.0109710693359375 -0.0106544494628906 0.28631591796875 0.231475830078125
0.0283374786376953 -0.00797843933105469 0.314422607421875 -0.002899169921875
0.0243415832519531 -0.0122947692871094 -0.282745361328125 -0.0369873046875
0.0233573913574219 -0.0243282318115234 -0.165313720703125 -0.2957763671875
0.0326156616210938 -0.0121994018554688 0.177642822265625 -0.456878662109375
0.01861572265625 0.0120029449462891 0.623779296875 -0.2545166015625
-0.0235099792480469 0.0103893280029297 0.620849609375 0.44317626953125
-0.0230751037597656 -0.0142707824707031 0.01531982421875 0.88812255859375
0.00819110870361328 0.0133056640625 -0.411956787109375 0.52581787109375
0.0315322875976563 0.0200214385986328 0.078704833984375 0.0216903686523437
0.0112686157226563 -0.00752639770507813 0.3724365234375 -0.63897705078125
-0.00625133514404297 0.00123071670532227 -0.314208984375 -0.8541259765625
-0.00707244873046875 0.0123577117919922 -0.77496337890625 -0.10986328125
0.0140008926391602 -0.00867557525634766 -0.408447265625 0.470947265625
0.0247802734375 -0.0163154602050781 0.024017333984375 0.500274658203125
0.0107059478759766 -0.0228958129882813 0.284515380859375 0.227874755859375
0.0258140563964844 -0.0134620666503906 0.314910888671875 -0.010589599609375
0.0210361480712891 -0.0167884826660156 -0.288421630859375 -0.043701171875
0.0241432189941406 -0.0324287414550781 -0.17498779296875 -0.30084228515625
0.0408973693847656 -0.0187644958496094 0.168609619140625 -0.45953369140625
0.0302925109863281 0.0114116668701172 0.625 -0.26617431640625
-0.0170383453369141 0.0141220092773438 0.62762451171875 0.4324951171875
-0.0234813690185547 -0.01837158203125 0.02923583984375 0.88104248046875
0.0142784118652344 -0.000590324401855469 -0.40252685546875 0.520416259765625
0.044830322265625 0.00600433349609375 0.0850830078125 0.0159835815429688
0.0118637084960938 -0.0192813873291016 0.37884521484375 -0.64703369140625
-0.0083770751953125 -0.000563144683837892 -0.30712890625 -0.86566162109375
-0.000571250915527343 0.0138874053955078 -0.77423095703125 -0.117431640625
0.0235805511474609 -0.0142097473144531 -0.41058349609375 0.467926025390625
0.0327796936035156 -0.0232086181640625 0.0191650390625 0.50018310546875
0.00957679748535156 -0.0299720764160156 0.277603149414063 0.227767944335938
0.0199089050292969 -0.0200462341308594 0.3109130859375 -0.01470947265625
0.0177879333496094 -0.0219058990478516 -0.29693603515625 -0.0489501953124999
0.0206260681152344 -0.0378074645996094 -0.1907958984375 -0.305023193359375
0.0447235107421875 -0.0228691101074219 0.146575927734375 -0.467620849609375
0.0390243530273438 0.0104408264160156 0.6131591796875 -0.29302978515625
-0.0110931396484375 0.0146903991699219 0.6439208984375 0.3983154296875
-0.0259265899658203 -0.0246372222900391 0.0650024414062501 0.86395263671875
0.0220241546630859 -0.0162372589111328 -0.3846435546875 0.524505615234375
0.0591583251953125 -0.00745773315429687 0.0845870971679688 0.0174026489257813
0.0174064636230469 -0.0319805145263672 0.40118408203125 -0.64154052734375
-0.0079345703125 -0.00574541091918945 -0.2750244140625 -0.88330078125
0.00361919403076172 0.0149402618408203 -0.7725830078125 -0.1505126953125
0.0313796997070313 -0.0150508880615234 -0.428314208984375 0.453521728515625
0.0380706787109375 -0.0239334106445313 -0.000885009765625048 0.49884033203125
0.00904464721679688 -0.0353546142578125 0.265365600585938 0.228683471679687
0.0156135559082031 -0.0250282287597656 0.305206298828125 -0.018524169921875
0.0430030822753906 0.00121307373046875 -0.30352783203125 -0.011993408203125
0.0084524154663086 0.0151586532592773 -0.22174072265625 -0.285736083984375
0.00124740600585938 0.0353469848632812 0.054351806640625 -0.502655029296875
-0.0194053649902344 0.0291595458984375 0.51165771484375 -0.412567138671875
-0.0449104309082031 -0.00674819946289063 0.69873046875 0.24517822265625
-0.0171546936035156 -0.0429725646972656 0.2574462890625 0.8359375
0.0317420959472656 0.00135612487792969 -0.3035888671875 0.63153076171875
0.0422134399414063 0.0299491882324219 0.0172805786132813 0.0935134887695313
0.0443572998046875 -0.00986099243164062 0.489105224609375 -0.54510498046875
0.0134677886962891 -0.0349674224853516 -0.0974121093749999 -0.9510498046875
-0.0399208068847656 -0.0180015563964844 -0.77166748046875 -0.33447265625
-0.029296875 0.0177745819091797 -0.555938720703125 0.363006591796875
-0.00422286987304688 0.0340366363525391 -0.1025390625 0.47979736328125
-0.000560760498046873 0.0244235992431641 0.239120483398438 0.245285034179688
0.040435791015625 -0.000507354736328125 0.297821044921875 0.002685546875
0.040771484375 0.00218963623046875 -0.29400634765625 -0.015472412109375
0.0110206604003906 0.0107755661010742 -0.201568603515625 -0.28729248046875
0.00248908996582031 0.0275421142578125 0.087860107421875 -0.497802734375
-0.0207347869873047 0.0239238739013672 0.542633056640625 -0.377288818359375
-0.0448226928710938 -0.00547790527343749 0.68597412109375 0.29736328125
-0.0154895782470703 -0.0328598022460938 0.20367431640625 0.86181640625
0.0225734710693359 0.0154075622558594 -0.33587646484375 0.6173095703125
0.0273208618164063 0.0379867553710938 0.025115966796875 0.081878662109375
0.0328578948974609 -0.00028228759765625 0.455810546875 -0.56304931640625
0.009674072265625 -0.0238456726074219 -0.1617431640625 -0.92938232421875
-0.03759765625 -0.0101165771484375 -0.78607177734375 -0.2740478515625
-0.0260467529296875 0.0166072845458984 -0.52581787109375 0.396514892578125
-0.000150680541992186 0.0275497436523438 -0.0697021484375 0.4893798828125
0.00361824035644531 0.0200595855712891 0.254592895507813 0.245956420898437
0.040802001953125 -0.000125885009765625 0.30535888671875 0.00665283203125
0.0371513366699219 0.00117874145507813 -0.28863525390625 -0.01751708984375
0.0148162841796875 0.00434780120849609 -0.185211181640625 -0.2886962890625
0.0048828125 0.0159749984741211 0.12066650390625 -0.485137939453125
-0.0164318084716797 0.0198802947998047 0.57391357421875 -0.33642578125
-0.0408668518066406 -0.00315475463867188 0.6669921875 0.3507080078125
-0.0164585113525391 -0.0242061614990234 0.13787841796875 0.8798828125
0.0135097503662109 0.0245113372802734 -0.36639404296875 0.5968017578125
0.0181732177734375 0.0416984558105469 0.0377273559570313 0.065948486328125
0.0216789245605469 0.00566482543945313 0.42254638671875 -0.5880126953125
0.00344371795654297 -0.0136280059814453 -0.22314453125 -0.90350341796875
-0.0309772491455078 -0.00114250183105469 -0.787109375 -0.2109375
-0.0183868408203125 0.0119094848632812 -0.48431396484375 0.4302978515625
0.0059814453125 0.015934944152832 -0.0328369140625 0.494537353515625
0.00868320465087891 0.00998592376708984 0.271286010742187 0.241409301757812
0.0386161804199219 -0.00140762329101563 0.311309814453125 0.00384521484375
0.0336742401123047 -0.00224113464355469 -0.284454345703125 -0.0223999023437501
0.0184421539306641 -0.00501823425292969 -0.172149658203125 -0.29156494140625
0.0126533508300781 0.00588417053222656 0.14959716796875 -0.474822998046875
-0.00854682922363281 0.0154886245727539 0.60064697265625 -0.297607421875
-0.0350589752197266 0.000839233398437507 0.646484375 0.39971923828125
-0.017547607421875 -0.0173778533935547 0.08111572265625 0.895263671875
0.00776481628417969 0.0267601013183594 -0.3936767578125 0.56842041015625
0.016510009765625 0.0391769409179687 0.0551567077636719 0.0470542907714844
0.0151157379150391 0.00596714019775391 0.3953857421875 -0.6123046875
-0.000903606414794922 -0.00503301620483398 -0.2789306640625 -0.88018798828125
-0.0245075225830078 0.00446891784667969 -0.78985595703125 -0.15570068359375
-0.00845956802368164 0.00486278533935547 -0.44940185546875 0.454864501953125
0.0122146606445313 0.0055694580078125 -0.00244140624999999 0.5001220703125
0.011042594909668 0.00046539306640625 0.283935546875 0.235931396484375
0.0338897705078125 -0.004547119140625 0.315643310546875 0.000518798828125
0.028228759765625 -0.00673484802246094 -0.284149169921875 -0.0272216796875
0.020904541015625 -0.0152130126953125 -0.167938232421875 -0.29296875
0.0227947235107422 -0.00435829162597656 0.1673583984375 -0.46417236328125
0.00444507598876953 0.0130167007446289 0.6190185546875 -0.2713623046875
-0.0278968811035156 0.00604820251464844 0.6324462890625 0.42840576171875
-0.0212535858154297 -0.0129337310791016 0.03900146484375 0.8978271484375
0.0050506591796875 0.0251731872558594 -0.40869140625 0.547515869140625
0.0210494995117188 0.0324802398681641 0.0695228576660156 0.0314102172851563
0.00964736938476563 0.001312255859375 0.37762451171875 -0.63189697265625
-0.00449371337890625 5.50302995606522E-19 -0.3096923828125 -0.86376953125
-0.0149936676025391 0.00908470153808594 -0.78564453125 -0.12054443359375
0.00280308723449707 -0.00223827362060547 -0.42108154296875 0.47283935546875
0.0198879241943359 -0.00674629211425781 0.019317626953125 0.501068115234375
0.0122346878051758 -0.0115346908569336 0.29046630859375 0.2313232421875
0.0298004150390625 -0.00881576538085938 0.31951904296875 -0.005279541015625
0.0246353149414063 -0.0115680694580078 -0.28765869140625 -0.034454345703125
0.0236167907714844 -0.0248165130615234 -0.170654296875 -0.297882080078125
0.0327720642089844 -0.0129108428955078 0.1732177734375 -0.4615478515625
0.0175228118896484 0.0122623443603516 0.62646484375 -0.26239013671875
-0.0237388610839844 0.0108718872070312 0.62762451171875 0.44140625
-0.0227127075195313 -0.0152721405029297 0.0234374999999999 0.89434814453125
0.00848960876464844 0.0132598876953125 -0.411956787109375 0.53277587890625
0.0313663482666016 0.0185127258300781 0.0797653198242187 0.019805908203125
0.01031494140625 -0.00794792175292969 0.37158203125 -0.6484375
-0.00669622421264648 0.000628948211669922 -0.32635498046875 -0.86016845703125
-0.00647830963134765 0.0125751495361328 -0.78228759765625 -0.10394287109375
0.0131130218505859 -0.00968837738037109 -0.407196044921875 0.478240966796875
0.0258216857910156 -0.0165767669677734 0.029541015625 0.50347900390625
0.0113945007324219 -0.0219593048095703 0.289825439453125 0.227203369140625
0.0249004364013672 -0.0155029296875 0.318450927734375 -0.01263427734375
0.0206489562988281 -0.0170860290527344 -0.29254150390625 -0.0410766601562499
0.0240821838378906 -0.0321788787841797 -0.18084716796875 -0.301025390625
0.041015625 -0.0192298889160156 0.16558837890625 -0.46551513671875
0.0298671722412109 0.0123157501220703 0.62738037109375 -0.27349853515625
-0.0178546905517578 0.0139198303222656 0.6368408203125 0.43072509765625
-0.0243396759033203 -0.0185489654541016 0.034423828125 0.88763427734375
0.0145368576049805 -0.000871658325195312 -0.40289306640625 0.527862548828125
0.045684814453125 0.00534439086914063 0.0864410400390625 0.0150299072265625
0.0117435455322266 -0.019378662109375 0.376220703125 -0.65447998046875
-0.00795555114746094 -0.000615119934082032 -0.317626953125 -0.86883544921875
-0.00053119659423828 0.0148200988769531 -0.78143310546875 -0.113525390625
0.0231742858886719 -0.0154800415039063 -0.410308837890625 0.4755859375
0.0324974060058594 -0.0239467620849609 0.023651123046875 0.504608154296875
0.00976181030273438 -0.0303325653076172 0.282470703125 0.226104736328125
0.0199184417724609 -0.0209503173828125 0.31512451171875 -0.017822265625
0.0164833068847656 -0.0234012603759766 -0.301361083984375 -0.0457763671875001
0.0195808410644531 -0.0381507873535156 -0.197784423828125 -0.305023193359375
0.0449104309082031 -0.0224685668945312 0.142974853515625 -0.47149658203125
0.0396003723144531 0.00977325439453125 0.61395263671875 -0.300048828125
-0.0123672485351563 0.0154714584350586 0.652099609375 0.39581298828125
-0.0247859954833984 -0.0244731903076172 0.0707397460937501 0.8721923828125
0.0213603973388672 -0.0158309936523438 -0.3834228515625 0.531768798828125
0.060394287109375 -0.0078887939453125 0.0856094360351562 0.0167236328125
0.0167007446289063 -0.0332660675048828 0.39923095703125 -0.65032958984375
-0.00742197036743164 -0.00527000427246094 -0.28564453125 -0.88812255859375
0.00300979614257812 0.0141105651855469 -0.77984619140625 -0.14447021484375
0.0311088562011719 -0.0161037445068359 -0.426605224609375 0.46148681640625
0.0387725830078125 -0.026397705078125 0.00469970703124996 0.5020751953125
0.00901031494140625 -0.0360450744628906 0.269699096679688 0.228988647460938
0.0156745910644531 -0.0260982513427734 0.309295654296875 -0.02166748046875
0.042510986328125 0.00160598754882813 -0.3067626953125 -0.00885009765624999
0.00846099853515625 0.0146570205688477 -0.2275390625 -0.2850341796875
0.00164794921875 0.0360755920410156 0.04840087890625 -0.509307861328125
-0.0200786590576172 0.0291519165039063 0.51068115234375 -0.42071533203125
-0.0463218688964844 -0.00577163696289063 0.706298828125 0.240966796875
-0.0173492431640625 -0.0438804626464844 0.26666259765625 0.83935546875
0.0323772430419922 0.000890731811523438 -0.3009033203125 0.63873291015625
0.0425910949707031 0.0303878784179687 0.0182571411132813 0.0938568115234375
0.0440826416015625 -0.00997543334960938 0.488037109375 -0.55328369140625
0.0139884948730469 -0.035186767578125 -0.10565185546875 -0.9576416015625
-0.0404548645019531 -0.0177421569824219 -0.7802734375 -0.32977294921875
-0.0294456481933594 0.0173110961914062 -0.555938720703125 0.3719482421875
-0.00409317016601562 0.0342121124267578 -0.097625732421875 0.483917236328125
0.00121688842773438 0.0239810943603516 0.244476318359375 0.245468139648437
0.0410194396972656 -0.0025787353515625 0.303192138671875 -0.0006103515625
0.0400199890136719 0.00086212158203125 -0.297515869140625 -0.0117187500000001
0.0106325149536133 0.0120334625244141 -0.207427978515625 -0.286895751953125
0.0027313232421875 0.0274066925048828 0.08148193359375 -0.502197265625
-0.0212821960449219 0.0242538452148438 0.5416259765625 -0.38543701171875
-0.0456123352050781 -0.00416946411132813 0.6934814453125 0.2926025390625
-0.0161037445068359 -0.0327510833740234 0.21258544921875 0.86590576171875
0.0230655670166016 0.0153560638427734 -0.3328857421875 0.6248779296875
0.0277290344238281 0.0380439758300781 0.0252532958984375 0.0815811157226562
0.0317745208740234 -0.00140953063964844 0.4532470703125 -0.5726318359375
0.00829124450683594 -0.0230655670166016 -0.17193603515625 -0.93524169921875
-0.0379104614257813 -0.00931167602539063 -0.793701171875 -0.26953125
-0.0251083374023438 0.0162487030029297 -0.5242919921875 0.405548095703125
-0.000158309936523435 0.0273418426513672 -0.06640625 0.493682861328125
0.00450515747070313 0.0200328826904297 0.25927734375 0.245452880859375
0.0406455993652344 -0.00199508666992188 0.30999755859375 0.003082275390625
0.0373687744140625 0.00113677978515625 -0.29266357421875 -0.0137634277343749
0.0143718719482422 0.00407505035400391 -0.190673828125 -0.28851318359375
0.00524234771728516 0.0167875289916992 0.1151123046875 -0.491302490234375
-0.0172748565673828 0.0185050964355469 0.57452392578125 -0.34393310546875
-0.0398445129394531 -0.0028533935546875 0.67535400390625 0.34771728515625
-0.0168170928955078 -0.0241851806640625 0.14801025390625 0.88739013671875
0.0136375427246094 0.0254344940185547 -0.366455078125 0.603759765625
0.018951416015625 0.0413436889648438 0.0400238037109375 0.065277099609375
0.0217304229736328 0.003692626953125 0.4219970703125 -0.59625244140625
0.0030364990234375 -0.0128812789916992 -0.23529052734375 -0.906494140625
-0.03155517578125 -0.000883102416992193 -0.798828125 -0.2049560546875
-0.0182399749755859 0.0119247436523437 -0.48529052734375 0.43743896484375
0.00567817687988281 0.0165719985961914 -0.02886962890625 0.50067138671875
0.00886821746826172 0.0113391876220703 0.277053833007813 0.240966796875
0.0380935668945313 -0.00304794311523438 0.316253662109375 0.000213623046875
0.0325660705566406 -0.00294113159179688 -0.28900146484375 -0.01885986328125
0.0177459716796875 -0.00489997863769531 -0.178619384765625 -0.2918701171875
0.0128335952758789 0.00604057312011719 0.14501953125 -0.479736328125
-0.00800418853759766 0.0162935256958008 0.6025390625 -0.307373046875
-0.0366935729980469 0.00215530395507812 0.65625 0.39739990234375
-0.0183143615722656 -0.0180377960205078 0.08935546875 0.9002685546875
0.00830650329589844 0.0270481109619141 -0.39324951171875 0.577392578125
0.0176429748535156 0.0385208129882813 0.0574722290039063 0.0465621948242188
0.0149612426757812 0.00492477416992187 0.3924560546875 -0.620361328125
-0.00167465209960938 -0.00553464889526367 -0.2889404296875 -0.8836669921875
-0.0250377655029297 0.00578689575195313 -0.79742431640625 -0.14886474609375
-0.00900173187255859 0.00574874877929687 -0.448638916015625 0.463470458984375
0.0130424499511719 0.00516223907470703 0.00375366210937503 0.5047607421875
0.0105781555175781 2.00271606445313E-05 0.2886962890625 0.234954833984375
0.0342788696289063 -0.00598335266113281 0.319793701171875 -0.00347900390625
0.0277290344238281 -0.00721359252929688 -0.2886962890625 -0.02471923828125
0.0205116271972656 -0.0156421661376953 -0.17401123046875 -0.293701171875
0.0233268737792969 -0.00465202331542969 0.163330078125 -0.46923828125
0.0040130615234375 0.0126638412475586 0.6192626953125 -0.2803955078125
-0.0289554595947266 0.00630760192871094 0.6419677734375 0.42755126953125
-0.0208816528320313 -0.0137844085693359 0.04754638671875 0.90478515625
0.00539016723632813 0.0237197875976563 -0.408172607421875 0.5540771484375
0.0202064514160156 0.0315437316894531 0.0696601867675781 0.0299911499023438
0.0095529556274414 0.00147914886474609 0.37579345703125 -0.64129638671875
-0.00459718704223633 5.81741333007818E-05 -0.3192138671875 -0.86846923828125
-0.0157079696655273 0.0100240707397461 -0.7945556640625 -0.1134033203125
0.00126171112060547 -0.00192809104919434 -0.420684814453125 0.48028564453125
0.0194358825683594 -0.00777626037597656 0.0262451171875 0.50677490234375
0.0106935501098633 -0.0127077102661133 0.29583740234375 0.230010986328125
0.0289783477783203 -0.0107955932617187 0.322784423828125 -0.009490966796875
0.0232677459716797 -0.0126571655273438 -0.291961669921875 -0.03179931640625
0.0227928161621094 -0.0247249603271484 -0.176849365234375 -0.29852294921875
0.0335407257080078 -0.0129947662353516 0.168701171875 -0.466094970703125
0.0173864364624023 0.01226806640625 0.62860107421875 -0.2738037109375
-0.024169921875 0.0105533599853516 0.63702392578125 0.44122314453125
-0.02349853515625 -0.0156440734863281 0.0304565429687501 0.90191650390625
0.0097808837890625 0.0127840042114258 -0.4112548828125 0.540740966796875
0.0322132110595703 0.0199909210205078 0.080596923828125 0.0185775756835938
0.00986576080322266 -0.00822925567626953 0.36785888671875 -0.65643310546875
-0.00612449645996094 0.00150918960571289 -0.3375244140625 -0.86309814453125
-0.00700759887695312 0.0120773315429688 -0.7901611328125 -0.0971679687499999
0.0124130249023438 -0.0101480484008789 -0.406951904296875 0.48773193359375
0.0264873504638672 -0.0179615020751953 0.036834716796875 0.507720947265625
0.0107002258300781 -0.0226669311523438 0.29541015625 0.22515869140625
0.0233497619628906 -0.0151920318603516 0.322479248046875 -0.015594482421875
0.0197792053222656 -0.0186214447021484 -0.29742431640625 -0.0372314453125
0.0232143402099609 -0.0339221954345703 -0.18646240234375 -0.301910400390625
0.0407867431640625 -0.0200767517089844 0.160614013671875 -0.470001220703125
0.0307464599609375 0.0107822418212891 0.62762451171875 -0.28253173828125
-0.0178928375244141 0.0147285461425781 0.64520263671875 0.427734375
-0.0242996215820312 -0.0184841156005859 0.04229736328125 0.8951416015625
0.0141496658325195 -0.000898361206054688 -0.4033203125 0.534698486328125
0.0458793640136719 0.00543975830078125 0.08673095703125 0.0131759643554688
0.0108470916748047 -0.0202255249023438 0.37469482421875 -0.66363525390625
-0.00861406326293945 -0.000422000885009767 -0.32830810546875 -0.87200927734375
-0.000476837158203126 0.0148038864135742 -0.789306640625 -0.10650634765625
0.0233001708984375 -0.0155048370361328 -0.408233642578125 0.484649658203125
0.0332126617431641 -0.0242595672607422 0.029541015625 0.50787353515625
0.0099334716796875 -0.0308761596679687 0.287353515625 0.22509765625
0.0190753936767578 -0.0227527618408203 0.31884765625 -0.021728515625
0.0162067413330078 -0.0231399536132813 -0.304901123046875 -0.04278564453125
0.0196304321289063 -0.0390396118164063 -0.20367431640625 -0.305999755859375
0.045013427734375 -0.0233497619628906 0.138336181640625 -0.47698974609375
0.0395164489746094 0.0100288391113281 0.6162109375 -0.30780029296875
-0.0127096176147461 0.0150861740112305 0.66064453125 0.39404296875
-0.0250015258789063 -0.0252914428710937 0.0799560546875 0.8790283203125
0.0214023590087891 -0.0158100128173828 -0.38140869140625 0.537841796875
0.0608863830566406 -0.00824737548828125 0.0859222412109375 0.0161056518554688
0.0167102813720703 -0.0330543518066406 0.397216796875 -0.65899658203125
-0.0084071159362793 -0.00621891021728516 -0.29559326171875 -0.89154052734375
0.00415706634521484 0.0146217346191406 -0.786865234375 -0.13958740234375
0.031768798828125 -0.0163135528564453 -0.428070068359375 0.46881103515625
0.0393180847167969 -0.0265274047851563 0.00988769531249997 0.508026123046875
0.00830841064453125 -0.036773681640625 0.274337768554688 0.2266845703125
0.0148563385009766 -0.0278949737548828 0.313568115234375 -0.026214599609375
0.0426979064941406 0.000263214111328125 -0.31011962890625 -0.00390624999999997
0.00796222686767578 0.0155391693115234 -0.233978271484375 -0.28411865234375
0.00272750854492188 0.0353927612304688 0.040374755859375 -0.5126953125
-0.0203323364257812 0.0302925109863281 0.508941650390625 -0.431884765625
-0.0471420288085938 -0.00500869750976563 0.71533203125 0.232421875
-0.0174560546875 -0.0439376831054688 0.27880859375 0.84307861328125
0.0336189270019531 0.000928878784179687 -0.29541015625 0.6473388671875
0.0434761047363281 0.0301628112792969 0.0205307006835938 0.094085693359375
0.0429267883300781 -0.010986328125 0.48419189453125 -0.56201171875
0.0126762390136719 -0.036346435546875 -0.11846923828125 -0.963623046875
-0.0415153503417969 -0.0165138244628906 -0.790771484375 -0.32147216796875
-0.0303421020507813 0.0183429718017578 -0.556488037109375 0.381591796875
-0.00340461730957031 0.0342750549316406 -0.091705322265625 0.490386962890625
0.00101280212402344 0.0243988037109375 0.249359130859375 0.243865966796875
0.0402374267578125 -0.00326156616210938 0.3056640625 -0.00543212890625
0.0409049987792969 0.000576019287109375 -0.3011474609375 -0.00723266601562498
0.00980854034423828 0.0118684768676758 -0.214111328125 -0.28656005859375
0.00284957885742188 0.0266513824462891 0.072998046875 -0.5087890625
-0.0217323303222656 0.0254478454589844 0.53887939453125 -0.39715576171875
-0.0464019775390625 -0.00417709350585937 0.70233154296875 0.28448486328125
-0.0172767639160156 -0.0340614318847656 0.2237548828125 0.8695068359375
0.0231571197509766 0.0153369903564453 -0.328857421875 0.63299560546875
0.0282249450683594 0.0378875732421875 0.0272445678710938 0.0804672241210938
0.0306205749511719 -0.000804901123046875 0.448486328125 -0.58331298828125
0.00777435302734375 -0.0234756469726563 -0.18499755859375 -0.939453125
-0.0388717651367188 -0.00811767578125 -0.803955078125 -0.2603759765625
-0.0264606475830078 0.0160160064697266 -0.523529052734375 0.415374755859375
0.000150680541992185 0.0277519226074219 -0.0594482421875 0.499542236328125
0.00487136840820313 0.0201511383056641 0.266342163085938 0.245132446289062
0.0409584045410156 -0.0030364990234375 0.313873291015625 -0.001983642578125
0.0368499755859375 -1.52587890625E-05 -0.2962646484375 -0.00912475585937503
0.0141077041625977 0.00468063354492188 -0.1981201171875 -0.28839111328125
0.00619316101074219 0.0176906585693359 0.1085205078125 -0.495574951171875
-0.0185680389404297 0.0199050903320313 0.57293701171875 -0.35577392578125
-0.0419464111328125 -0.00238037109375 0.68414306640625 0.34136962890625
-0.0172481536865234 -0.0239906311035156 0.160400390625 0.890380859375
0.0138435363769531 0.0260486602783203 -0.3599853515625 0.61151123046875
0.0184669494628906 0.0406761169433594 0.0404853820800781 0.0640983581542969
0.0225639343261719 0.00507164001464844 0.4168701171875 -0.607177734375
0.00392436981201172 -0.0116205215454102 -0.24688720703125 -0.9111328125
-0.0320205688476563 -0.00121879577636718 -0.8056640625 -0.19476318359375
-0.0180988311767578 0.0133190155029297 -0.484161376953125 0.447509765625
0.00560951232910156 0.0170688629150391 -0.0233154296875 0.50408935546875
0.00905132293701172 0.0116024017333984 0.281341552734375 0.23895263671875
0.0370635986328125 -0.00445556640625 0.3203125 -0.0040283203125
0.0327320098876953 -0.00376319885253906 -0.29254150390625 -0.0148010253906251
0.0169315338134766 -0.00388813018798828 -0.185546875 -0.290985107421875
0.0127639770507813 0.00460243225097656 0.137603759765625 -0.48553466796875
-0.00823116302490234 0.0153369903564453 0.6015625 -0.31756591796875
-0.0368766784667969 0.00189590454101562 0.66619873046875 0.39178466796875
-0.0186195373535156 -0.0178642272949219 0.1005859375 0.90716552734375
0.00942611694335937 0.0273113250732422 -0.38909912109375 0.58331298828125
0.0180816650390625 0.0385627746582031 0.0564308166503906 0.0442352294921875
0.0139179229736328 0.00491905212402344 0.38751220703125 -0.63275146484375
-0.00201845169067383 -0.00533103942871094 -0.30328369140625 -0.88665771484375
-0.025726318359375 0.00669288635253907 -0.8052978515625 -0.13916015625
-0.00916862487792969 0.00632572174072266 -0.44403076171875 0.474273681640625
0.0134744644165039 0.00531959533691406 0.01153564453125 0.509185791015625
0.0114994049072266 0.000520706176757813 0.29571533203125 0.23272705078125
0.0345401763916016 -0.00794410705566406 0.324737548828125 -0.009033203125
0.0278759002685547 -0.0086212158203125 -0.292999267578125 -0.021270751953125
0.0208930969238281 -0.0159873962402344 -0.180694580078125 -0.2933349609375
0.0237941741943359 -0.00492668151855469 0.15753173828125 -0.476776123046875
0.00390529632568359 0.0131149291992187 0.61883544921875 -0.29229736328125
-0.0309963226318359 0.00739288330078124 0.65179443359375 0.42266845703125
-0.0217170715332031 -0.0133209228515625 0.05706787109375 0.91314697265625
0.00632858276367187 0.0239715576171875 -0.40478515625 0.56231689453125
0.0209541320800781 0.0312137603759766 0.0713577270507813 0.0290603637695313
0.0098886489868164 0.000621795654296875 0.37103271484375 -0.6513671875
-0.00399541854858398 0.000900030136108398 -0.333740234375 -0.8704833984375
-0.0154142379760742 0.0102367401123047 -0.80169677734375 -0.10205078125
0.00258946418762207 -0.00295615196228027 -0.417510986328125 0.48858642578125
0.0203227996826172 -0.00817298889160156 0.0321044921875 0.50921630859375
0.0110998153686523 -0.0122833251953125 0.30181884765625 0.226318359375
0.0288486480712891 -0.0119380950927734 0.326019287109375 -0.014434814453125
0.0229949951171875 -0.0136966705322266 -0.295135498046875 -0.0270690917968751
0.0234012603759766 -0.0259780883789063 -0.182952880859375 -0.297088623046875
0.0345497131347656 -0.0141582489013672 0.163909912109375 -0.4737548828125
0.0176963806152344 0.0122833251953125 0.62908935546875 -0.282958984375
-0.0242729187011719 0.0102787017822266 0.647216796875 0.43487548828125
-0.0233669281005859 -0.0150146484375 0.0401611328125001 0.9102783203125
0.00920486450195312 0.0129661560058594 -0.40838623046875 0.548858642578125
0.0322895050048828 0.0192584991455078 0.0814132690429688 0.0171585083007813
0.00883197784423828 -0.00893783569335938 0.3638916015625 -0.66473388671875
-0.007232666015625 0.00288200378417969 -0.349609375 -0.86627197265625
-0.00814247131347656 0.0130224227905273 -0.7987060546875 -0.0887451171874999
0.0116519927978516 -0.0107479095458984 -0.4029541015625 0.49713134765625
0.0262260437011719 -0.0179824829101563 0.04425048828125 0.510528564453125
0.010223388671875 -0.0234394073486328 0.300537109375 0.22271728515625
0.0236244201660156 -0.0162830352783203 0.3251953125 -0.02117919921875
0.0192413330078125 -0.018951416015625 -0.302093505859375 -0.033477783203125
0.0226497650146484 -0.0334491729736328 -0.1942138671875 -0.30133056640625
0.0419540405273438 -0.0203132629394531 0.155181884765625 -0.475799560546875
0.030181884765625 0.0108871459960938 0.6282958984375 -0.29327392578125
-0.0184535980224609 0.0146503448486328 0.65447998046875 0.42279052734375
-0.0249195098876953 -0.0181655883789063 0.0528564453125 0.902587890625
0.0145587921142578 -0.000975608825683594 -0.399810791015625 0.542510986328125
0.0463218688964844 0.00460052490234375 0.0882949829101563 0.0110549926757813
0.00975990295410156 -0.0197410583496094 0.36962890625 -0.67279052734375
-0.00773477554321289 3.09944152832042E-05 -0.341552734375 -0.8751220703125
0.00017547607421875 0.0147504806518555 -0.79656982421875 -0.0974121093749998
0.022705078125 -0.0165920257568359 -0.4052734375 0.493011474609375
0.0333156585693359 -0.0250625610351562 0.03717041015625 0.512237548828125
0.00903701782226563 -0.0324440002441406 0.29364013671875 0.222900390625
0.0177192687988281 -0.0233173370361328 0.3214111328125 -0.02752685546875
0.0162696838378906 -0.0242748260498047 -0.3092041015625 -0.037872314453125
0.0193939208984375 -0.0380439758300781 -0.21044921875 -0.3046875
0.0462493896484375 -0.02392578125 0.13116455078125 -0.48138427734375
0.0400810241699219 0.00913238525390625 0.61505126953125 -0.32012939453125
-0.0129070281982422 0.0144109725952148 0.67041015625 0.38763427734375
-0.0267963409423828 -0.0258808135986328 0.0899658203125001 0.88525390625
0.0208110809326172 -0.0168399810791016 -0.37835693359375 0.54376220703125
0.0608978271484375 -0.00934600830078125 0.0866928100585938 0.0137710571289063
0.0150966644287109 -0.0339450836181641 0.3936767578125 -0.66839599609375
-0.00863838195800781 -0.00521183013916016 -0.3114013671875 -0.89697265625
0.004150390625 0.0161333084106445 -0.79522705078125 -0.13128662109375
0.0307044982910156 -0.0183811187744141 -0.42425537109375 0.4776611328125
0.0394401550292969 -0.0283966064453125 0.01806640625 0.510894775390625
0.00818252563476562 -0.0384101867675781 0.279769897460938 0.224029541015625
0.0142173767089844 -0.0293769836425781 0.315643310546875 -0.031890869140625
0.0422439575195313 -0.00107955932617188 -0.314300537109375 0.000488281249999935
0.00805950164794922 0.0158920288085938 -0.241485595703125 -0.280670166015625
0.00286102294921875 0.0363082885742188 0.03216552734375 -0.5164794921875
-0.0202465057373047 0.030517578125 0.503814697265625 -0.44219970703125
-0.0485954284667969 -0.00466156005859374 0.721435546875 0.22259521484375
-0.0178909301757813 -0.0438308715820313 0.29266357421875 0.844970703125
0.0323715209960938 -0.000432968139648438 -0.2882080078125 0.65386962890625
0.042999267578125 0.0293006896972656 0.0207138061523437 0.0931320190429688
0.0424690246582031 -0.0119171142578125 0.48077392578125 -0.57293701171875
0.0124359130859375 -0.0355796813964844 -0.1339111328125 -0.96636962890625
-0.042327880859375 -0.0158920288085937 -0.801513671875 -0.3123779296875
-0.0299148559570313 0.0176753997802734 -0.55377197265625 0.392578125
-0.00165557861328125 0.0349864959716797 -0.08624267578125 0.495635986328125
0.00135421752929688 0.0246334075927734 0.2548828125 0.240936279296875
0.0395240783691406 -0.00368118286132813 0.309417724609375 -0.010498046875
0.042236328125 -0.00190353393554687 -0.30572509765625 -0.00192260742187503
0.0106525421142578 0.0127143859863281 -0.223114013671875 -0.285369873046875
0.00237083435058594 0.0288352966308594 0.065155029296875 -0.51190185546875
-0.0226650238037109 0.0241298675537109 0.5355224609375 -0.40850830078125
-0.0471572875976562 -0.00293731689453126 0.7099609375 0.27569580078125
-0.0171184539794922 -0.0338459014892578 0.2349853515625 0.87176513671875
0.0244350433349609 0.0150833129882812 -0.3221435546875 0.64044189453125
0.0292282104492188 0.0367851257324219 0.0289230346679688 0.0801010131835938
0.0311603546142578 -0.00123786926269531 0.44598388671875 -0.59307861328125
0.00728034973144531 -0.0242290496826172 -0.19964599609375 -0.94134521484375
-0.0379371643066406 -0.00777816772460937 -0.8116455078125 -0.25054931640625
-0.0261936187744141 0.0163822174072266 -0.5216064453125 0.42620849609375
0.00175094604492188 0.0269985198974609 -0.053009033203125 0.505035400390625
0.0051422119140625 0.0195121765136719 0.271392822265625 0.240997314453125
0.0406265258789063 -0.00466156005859375 0.317230224609375 -0.0079345703125
0.0384368896484375 -0.00173568725585938 -0.299713134765625 -0.00473022460937502
0.0144443511962891 0.00533199310302734 -0.205841064453125 -0.2860107421875
0.00602817535400391 0.016535758972168 0.10003662109375 -0.501312255859375
-0.0168972015380859 0.0200767517089844 0.56976318359375 -0.36639404296875
-0.0423202514648438 -0.00214767456054688 0.692138671875 0.33355712890625
-0.0170021057128906 -0.0242843627929687 0.17138671875 0.89447021484375
0.0142345428466797 0.0251750946044922 -0.355712890625 0.61773681640625
0.0196495056152344 0.0419273376464844 0.0424003601074219 0.0635948181152344
0.021087646484375 0.00403404235839844 0.41131591796875 -0.61541748046875
0.00162220001220703 -0.0130100250244141 -0.26275634765625 -0.91265869140625
-0.0323143005371094 0.000217437744140621 -0.8133544921875 -0.18731689453125
-0.0176410675048828 0.0119495391845703 -0.4814453125 0.456573486328125
0.00733470916748047 0.016021728515625 -0.013763427734375 0.507415771484375
0.00915050506591797 0.0103816986083984 0.28924560546875 0.23431396484375
0.0385017395019531 -0.00434494018554688 0.324005126953125 -0.009735107421875
0.0319900512695313 -0.00435638427734375 -0.294769287109375 -0.010650634765625
0.0170068740844727 -0.0048675537109375 -0.191619873046875 -0.28973388671875
0.0126800537109375 0.00565052032470703 0.130096435546875 -0.489990234375
-0.00938510894775391 0.0161008834838867 0.59796142578125 -0.32958984375
-0.0395584106445312 0.0021209716796875 0.674560546875 0.38470458984375
-0.0200176239013672 -0.0182018280029297 0.11334228515625 0.91217041015625
0.00912666320800782 0.0272121429443359 -0.3839111328125 0.59259033203125
0.0175132751464844 0.0396041870117188 0.05841064453125 0.043670654296875
0.0132741928100586 0.00436687469482422 0.38177490234375 -0.6402587890625
-0.00226640701293945 -0.00534963607788086 -0.3179931640625 -0.88763427734375
-0.0239734649658203 0.00695419311523437 -0.81304931640625 -0.1279296875
-0.00895214080810547 0.00651836395263672 -0.4405517578125 0.48358154296875
0.0142621994018555 0.00424098968505859 0.018890380859375 0.511749267578125
0.012019157409668 0.000181198120117188 0.300262451171875 0.228668212890625
0.0329685211181641 -0.00780487060546875 0.327667236328125 -0.01483154296875
0.0284214019775391 -0.00839614868164063 -0.2960205078125 -0.016326904296875
0.0204296112060547 -0.0168247222900391 -0.1878662109375 -0.292999267578125
0.0228786468505859 -0.00599098205566406 0.1490478515625 -0.48095703125
0.00419044494628906 0.0134639739990234 0.61761474609375 -0.30169677734375
-0.0318355560302734 0.00816535949707032 0.66064453125 0.4154052734375
-0.0213298797607422 -0.0137882232666016 0.06903076171875 0.91680908203125
0.00582122802734375 0.0243759155273438 -0.399169921875 0.569091796875
0.0207157135009766 0.0310325622558594 0.0720596313476563 0.0267486572265625
0.00934982299804688 0.000199317932128906 0.363525390625 -0.659423828125
-0.00422811508178711 0.00141716003417969 -0.34832763671875 -0.86944580078125
-0.0147790908813477 0.0117359161376953 -0.808349609375 -0.0927734374999998
0.00187778472900391 -0.00365090370178223 -0.41058349609375 0.498748779296875
0.0191421508789062 -0.00963211059570312 0.040802001953125 0.512115478515625
0.0102195739746094 -0.0137710571289063 0.306915283203125 0.22161865234375
0.0282783508300781 -0.0135593414306641 0.330291748046875 -0.021148681640625
0.0237445831298828 -0.0141696929931641 -0.298553466796875 -0.0213317871093751
0.0225505828857422 -0.0261402130126953 -0.19061279296875 -0.294769287109375
0.0340099334716797 -0.0137081146240234 0.15423583984375 -0.476806640625
0.0169200897216797 0.0114755630493164 0.627197265625 -0.2947998046875
-0.0248641967773438 0.0126552581787109 0.655517578125 0.42889404296875
-0.0238914489746094 -0.0150966644287109 0.052734375 0.91436767578125
0.00995540618896484 0.0123958587646484 -0.404510498046875 0.556671142578125
0.03338623046875 0.0189895629882813 0.0831985473632813 0.01580810546875
0.00832748413085938 -0.0087590217590332 0.35693359375 -0.67462158203125
-0.00671768188476562 0.00197601318359375 -0.3643798828125 -0.86444091796875
-0.00742721557617188 0.0126943588256836 -0.80316162109375 -0.0753173828125001
0.0115394592285156 -0.0115118026733398 -0.397674560546875 0.505157470703125
0.0260066986083984 -0.0190067291259766 0.0523681640625 0.513671875
0.00995063781738281 -0.0235519409179688 0.30682373046875 0.219482421875
0.0231952667236328 -0.0185222625732422 0.329315185546875 -0.027923583984375
0.0196762084960938 -0.0191593170166016 -0.30474853515625 -0.028839111328125
0.0217933654785156 -0.0340938568115234 -0.20135498046875 -0.298736572265625
0.0425643920898437 -0.0209426879882812 0.146575927734375 -0.47998046875
0.0307998657226563 0.0106143951416016 0.627197265625 -0.3038330078125
-0.0194969177246094 0.0154838562011719 0.663818359375 0.4161376953125
-0.0244941711425781 -0.0191707611083984 0.0662231445312499 0.90557861328125
0.0147523880004883 -0.00121593475341797 -0.395599365234375 0.55010986328125
0.0462646484375 0.004241943359375 0.0886688232421875 0.00988006591796875
0.00961685180664062 -0.0208339691162109 0.36279296875 -0.682861328125
-0.00786447525024414 -0.000167369842529298 -0.35723876953125 -0.875
-0.000380516052246094 0.0145053863525391 -0.8037109375 -0.0863647460937501
0.0222892761230469 -0.0172882080078125 -0.399749755859375 0.50299072265625
0.0325431823730469 -0.0266056060791016 0.04730224609375 0.514556884765625
0.00854682922363282 -0.0333690643310547 0.2987060546875 0.21923828125
0.0179347991943359 -0.0241241455078125 0.324676513671875 -0.03363037109375
0.0149707794189453 -0.0246067047119141 -0.313201904296875 -0.032684326171875
0.0188331604003906 -0.0393142700195313 -0.218353271484375 -0.302825927734375
0.0459060668945313 -0.0244178771972656 0.1240234375 -0.485870361328125
0.0404090881347656 0.00869369506835938 0.612548828125 -0.329833984375
-0.0133323669433594 0.0150957107543945 0.6787109375 0.3797607421875
-0.0260162353515625 -0.0245075225830078 0.10223388671875 0.887939453125
0.0205879211425781 -0.0169410705566406 -0.37579345703125 0.552398681640625
0.061309814453125 -0.00946426391601563 0.0877532958984375 0.0118179321289062
0.0142135620117187 -0.0338020324707031 0.38323974609375 -0.679443359375
-0.00937747955322265 -0.00532817840576172 -0.32452392578125 -0.896240234375
0.00387954711914062 0.0157928466796875 -0.80230712890625 -0.12017822265625
0.0305671691894531 -0.0185680389404297 -0.418975830078125 0.4879150390625
0.0390129089355469 -0.0291023254394531 0.026397705078125 0.51507568359375
0.00767898559570312 -0.0368766784667969 0.28472900390625 0.221954345703125
0.0143909454345703 -0.0295562744140625 0.319488525390625 -0.03729248046875
0.0428657531738281 -0.0023193359375 -0.317047119140625 0.00704956054687505
0.00835609436035156 0.0161190032958984 -0.24896240234375 -0.279159545898438
0.00322723388671875 0.0371665954589844 0.019866943359375 -0.518035888671875
-0.0198307037353516 0.0311126708984375 0.49420166015625 -0.452880859375
-0.0487861633300781 -0.00399017333984374 0.727294921875 0.2108154296875
-0.0187225341796875 -0.0439910888671875 0.306640625 0.8438720703125
0.0321254730224609 -0.0003509521484375 -0.28057861328125 0.660888671875
0.04248046875 0.0283241271972656 0.0221633911132813 0.0928421020507813
0.0423545837402344 -0.0123634338378906 0.4725341796875 -0.58258056640625
0.0123634338378906 -0.0356674194335938 -0.15203857421875 -0.96771240234375
-0.0433082580566406 -0.0151405334472656 -0.81024169921875 -0.30084228515625
-0.0309715270996094 0.0191936492919922 -0.551361083984375 0.404296875
-0.00174331665039062 0.0348892211914063 -0.076873779296875 0.498504638671875
0.00159835815429687 0.0239791870117188 0.260040283203125 0.23809814453125
0.0394248962402344 -0.00626754760742187 0.312744140625 -0.015869140625
0.0406265258789063 -0.00152969360351563 -0.308319091796875 0.00393676757812507
0.00985431671142578 0.0122709274291992 -0.228866577148437 -0.281112670898438
0.00490570068359375 0.0291805267333984 0.054718017578125 -0.5140380859375
-0.020904541015625 0.0266628265380859 0.5281982421875 -0.41796875
-0.0479888916015625 -0.00311279296875001 0.71673583984375 0.26593017578125
-0.0167274475097656 -0.0344181060791016 0.251220703125 0.8729248046875
0.0240230560302734 0.0141754150390625 -0.31304931640625 0.64788818359375
0.0284271240234375 0.0378379821777344 0.0306396484375 0.0800628662109375
0.0303840637207031 -0.00309181213378906 0.43743896484375 -0.6016845703125
0.00767898559570313 -0.0237064361572266 -0.2139892578125 -0.941650390625
-0.0391654968261719 -0.00687789916992187 -0.82061767578125 -0.2391357421875
-0.0263900756835938 0.0162734985351562 -0.51556396484375 0.4378662109375
0.00145912170410156 0.0274753570556641 -0.043670654296875 0.50726318359375
0.00500679016113281 0.0200996398925781 0.277267456054688 0.236724853515625
0.0385208129882812 -0.00526809692382813 0.319061279296875 -0.013946533203125
0.0366325378417969 -0.00219345092773438 -0.30255126953125 0.00103759765625002
0.0131130218505859 0.00475311279296875 -0.212249755859375 -0.285491943359375
0.00633907318115234 0.0172271728515625 0.0906982421875 -0.504547119140625
-0.0178813934326172 0.0199050903320313 0.56414794921875 -0.3779296875
-0.0440788269042969 -0.000564575195312506 0.69964599609375 0.32318115234375
-0.0167484283447266 -0.0246047973632812 0.1876220703125 0.8963623046875
0.0157585144042969 0.0246696472167969 -0.34765625 0.625
0.0190582275390625 0.0414962768554688 0.0434494018554688 0.0620155334472656
0.0195407867431641 0.00444984436035156 0.4022216796875 -0.6246337890625
0.00223159790039062 -0.0130558013916016 -0.277099609375 -0.910888671875
-0.0321559906005859 0.00145912170410156 -0.82000732421875 -0.17425537109375
-0.0182094573974609 0.0126094818115234 -0.47412109375 0.467742919921875
0.00786209106445313 0.0163965225219727 -0.00363159179687495 0.5107421875
0.00953483581542969 0.0098114013671875 0.294464111328125 0.23114013671875
0.0366363525390625 -0.00720596313476563 0.325592041015625 -0.015869140625
0.0316314697265625 -0.00527381896972656 -0.298736572265625 -0.004180908203125
0.0177879333496094 -0.00464248657226563 -0.199005126953125 -0.287689208984375
0.0139036178588867 0.005126953125 0.120208740234375 -0.494537353515625
-0.00916385650634766 0.0156269073486328 0.59417724609375 -0.3399658203125
-0.0387916564941406 0.00271224975585938 0.68328857421875 0.37469482421875
-0.0195293426513672 -0.0182781219482422 0.12908935546875 0.91302490234375
0.00990867614746094 0.0273361206054688 -0.37640380859375 0.59912109375
0.0182914733886719 0.0388641357421875 0.0595283508300781 0.0428237915039062
0.0137701034545898 0.00399494171142578 0.37420654296875 -0.64935302734375
-0.00132369995117187 -0.00402283668518066 -0.332763671875 -0.8851318359375
-0.0244560241699219 0.00717735290527344 -0.81805419921875 -0.117431640625
-0.009490966796875 0.00411224365234375 -0.435150146484375 0.49359130859375
0.014399528503418 0.00351333618164063 0.02880859375 0.5137939453125
0.0120353698730469 -0.000690460205078125 0.3055419921875 0.225128173828125
0.0326976776123047 -0.00949668884277344 0.330291748046875 -0.020477294921875
0.0258293151855469 -0.00978660583496094 -0.299713134765625 -0.010711669921875
0.0201358795166016 -0.0155735015869141 -0.19439697265625 -0.289886474609375
0.0228176116943359 -0.00576019287109375 0.140472412109375 -0.482666015625
0.00399684906005859 0.0134906768798828 0.61279296875 -0.31634521484375
-0.0325946807861328 0.00776863098144532 0.66851806640625 0.40673828125
-0.0211086273193359 -0.0141372680664062 0.0820922851562499 0.91851806640625
0.00620460510253906 0.0244197845458984 -0.3944091796875 0.57794189453125
0.0215396881103516 0.0315380096435547 0.07208251953125 0.0257034301757813
0.00833797454833985 0.000827789306640625 0.3538818359375 -0.66729736328125
-0.00415253639221191 0.00112485885620117 -0.363525390625 -0.8677978515625
-0.0159378051757813 0.0116147994995117 -0.81268310546875 -0.0794677734374998
0.00132274627685547 -0.00356340408325195 -0.405609130859375 0.508880615234375
0.0207195281982422 -0.00962448120117188 0.0488891601562499 0.514190673828125
0.011871337890625 -0.0140829086303711 0.312652587890625 0.21856689453125
0.0277099609375 -0.0132637023925781 0.33203125 -0.027587890625
0.0231971740722656 -0.0145912170410156 -0.302337646484375 -0.015625
0.0210189819335937 -0.0254344940185547 -0.197265625 -0.293121337890625
0.0333614349365234 -0.0147552490234375 0.14605712890625 -0.482666015625
0.0170907974243164 0.0119533538818359 0.62347412109375 -0.30670166015625
-0.0259265899658203 0.0126724243164063 0.664794921875 0.42034912109375
-0.0236492156982422 -0.0142936706542969 0.066650390625 0.91778564453125
0.0102729797363281 0.0130729675292969 -0.397735595703125 0.562042236328125
0.0325164794921875 0.0174388885498047 0.0833816528320313 0.0139846801757813
0.00730323791503906 -0.00924968719482422 0.34759521484375 -0.68328857421875
-0.00634670257568359 0.00258541107177734 -0.37841796875 -0.8614501953125
-0.00681304931640625 0.0135746002197266 -0.80950927734375 -0.06402587890625
0.0114212036132812 -0.0120878219604492 -0.39190673828125 0.51495361328125
0.0255813598632813 -0.0200843811035156 0.0606689453125 0.516204833984375
0.0100860595703125 -0.0237293243408203 0.31146240234375 0.214599609375
0.0223407745361328 -0.0188426971435547 0.331268310546875 -0.034393310546875
0.0194225311279297 -0.0202007293701172 -0.307830810546875 -0.022735595703125
0.0213718414306641 -0.0337371826171875 -0.208160400390625 -0.297515869140625
0.0418472290039063 -0.0218391418457031 0.137481689453125 -0.484619140625
0.0306797027587891 0.010040283203125 0.6220703125 -0.31744384765625
-0.0190811157226563 0.0166378021240234 0.67474365234375 0.407470703125
-0.0247097015380859 -0.0179729461669922 0.078369140625 0.90863037109375
0.0149965286254883 -0.00186634063720703 -0.389251708984375 0.555999755859375
0.0459060668945313 0.00333404541015625 0.0891647338867188 0.00731658935546875
0.00912666320800781 -0.0201587677001953 0.352783203125 -0.69244384765625
-0.00808620452880859 0.000926494598388671 -0.3719482421875 -0.87255859375
0.000348091125488281 0.0150356292724609 -0.80865478515625 -0.0723876953124999
0.0210094451904297 -0.0180606842041016 -0.393096923828125 0.51116943359375
0.0324954986572266 -0.0279407501220703 0.0545654296875 0.516876220703125
0.0080413818359375 -0.03289794921875 0.30364990234375 0.214935302734375
0.0162601470947266 -0.0245628356933594 0.326690673828125 -0.040283203125
0.0149097442626953 -0.0257148742675781 -0.316162109375 -0.02655029296875
0.0179023742675781 -0.0389213562011719 -0.225311279296875 -0.299041748046875
0.0463676452636719 -0.0257606506347656 0.11456298828125 -0.491546630859375
0.0398902893066406 0.0077667236328125 0.6090087890625 -0.3416748046875
-0.0129156112670898 0.0162687301635742 0.6866455078125 0.37225341796875
-0.0269222259521484 -0.0249366760253906 0.115966796875 0.89093017578125
0.0224227905273438 -0.0179214477539063 -0.369964599609375 0.5589599609375
0.0612144470214844 -0.0113182067871094 0.0882949829101563 0.00997161865234375
0.0134906768798828 -0.0341339111328125 0.3765869140625 -0.6878662109375
-0.00870132446289062 -0.00418853759765625 -0.3394775390625 -0.8946533203125
0.00399208068847656 0.0158977508544922 -0.8056640625 -0.106201171875
0.0304470062255859 -0.0210037231445313 -0.41241455078125 0.497772216796875
0.0386199951171875 -0.0299301147460938 0.036773681640625 0.51544189453125
0.00782012939453125 -0.0382499694824219 0.29083251953125 0.217193603515625
0.0125560760498047 -0.0315208435058594 0.32025146484375 -0.043609619140625
0.0431404113769531 -0.00299453735351562 -0.31915283203125 0.0134277343749999
0.00839614868164062 0.0167379379272461 -0.255020141601563 -0.274093627929688
0.00414276123046875 0.0373153686523438 0.0112304687500001 -0.519989013671875
-0.0188770294189453 0.0315418243408203 0.488037109375 -0.462432861328125
-0.0492477416992188 -0.0037078857421875 0.732177734375 0.20068359375
-0.0201187133789063 -0.0449676513671875 0.3206787109375 0.83935546875
0.0331535339355469 -0.0015716552734375 -0.27105712890625 0.66314697265625
0.0431709289550781 0.0286140441894531 0.0238723754882813 0.0912322998046875
0.0406417846679688 -0.0134811401367187 0.46417236328125 -0.5906982421875
0.0113525390625 -0.0358467102050781 -0.167236328125 -0.96588134765625
-0.0429916381835937 -0.0142631530761719 -0.8170166015625 -0.288818359375
-0.0308704376220703 0.0183925628662109 -0.5447998046875 0.415008544921875
-0.000778198242187502 0.0343055725097656 -0.068603515625 0.50128173828125
0.00307655334472656 0.0244426727294922 0.2655029296875 0.233383178710938
0.038787841796875 -0.00689697265625 0.31365966796875 -0.02197265625
0.0404815673828125 -0.0027008056640625 -0.310455322265625 0.010589599609375
0.0104198455810547 0.0136013031005859 -0.23590087890625 -0.277725219726563
0.004852294921875 0.0295162200927734 0.0433349609375 -0.516693115234375
-0.0217189788818359 0.0266056060791016 0.52130126953125 -0.427490234375
-0.048248291015625 -0.00227737426757812 0.7215576171875 0.2550048828125
-0.0174980163574219 -0.0338573455810547 0.26690673828125 0.87115478515625
0.0252246856689453 0.0137348175048828 -0.30328369140625 0.65264892578125
0.0286979675292969 0.0375747680664063 0.03057861328125 0.078216552734375
0.0296287536621094 -0.00232124328613281 0.4305419921875 -0.60943603515625
0.00827598571777344 -0.0240688323974609 -0.23199462890625 -0.94000244140625
-0.0393104553222656 -0.00545501708984375 -0.8238525390625 -0.22552490234375
-0.0273761749267578 0.0171794891357422 -0.509765625 0.447296142578125
0.00234031677246094 0.0264854431152344 -0.0343017578125 0.509918212890625
0.0057830810546875 0.0198421478271484 0.281005859375 0.23260498046875
0.0396232604980469 -0.00713729858398438 0.321258544921875 -0.0201416015625
0.0358505249023438 -0.00391006469726563 -0.304656982421875 0.00723266601562506
0.0141620635986328 0.00514888763427734 -0.218780517578125 -0.279876708984375
0.00790500640869141 0.017146110534668 0.080841064453125 -0.505828857421875
-0.0173072814941406 0.0203876495361328 0.5567626953125 -0.387237548828125
-0.0446052551269531 -0.000373840332031253 0.705810546875 0.3138427734375
-0.0170421600341797 -0.0252933502197266 0.20135498046875 0.893310546875
0.0160408020019531 0.0244083404541016 -0.33831787109375 0.630859375
0.0184745788574219 0.0417327880859375 0.0445594787597656 0.0600662231445313
0.0190658569335938 0.00290489196777344 0.394775390625 -0.63189697265625
0.00261783599853515 -0.0129556655883789 -0.2938232421875 -0.90753173828125
-0.0332489013671875 0.00212860107421875 -0.8245849609375 -0.15869140625
-0.0189895629882813 0.0119380950927734 -0.46661376953125 0.478302001953125
0.00787639617919922 0.0158367156982422 0.00415039062500003 0.51361083984375
0.00977993011474609 0.00933551788330078 0.299102783203125 0.226715087890625
0.0367507934570313 -0.00846481323242188 0.327362060546875 -0.02252197265625
0.0321826934814453 -0.00626373291015625 -0.2999267578125 0.00234985351562495
0.0171260833740234 -0.00344371795654297 -0.20648193359375 -0.2833251953125
0.0146942138671875 0.00631809234619141 0.11187744140625 -0.496978759765625
-0.00937080383300781 0.0162343978881836 0.58819580078125 -0.353271484375
-0.0388031005859375 0.00332641601562499 0.6893310546875 0.3642578125
-0.0186271667480469 -0.0179042816162109 0.1431884765625 0.91217041015625
0.0110321044921875 0.0272216796875 -0.36669921875 0.60626220703125
0.018951416015625 0.03839111328125 0.0605239868164063 0.03948974609375
0.0125532150268555 0.00282955169677734 0.3624267578125 -0.65594482421875
-0.00246119499206543 -0.0043487548828125 -0.34906005859375 -0.8797607421875
-0.0240383148193359 0.00823783874511719 -0.8228759765625 -0.10302734375
-0.00961780548095703 0.00397396087646484 -0.42706298828125 0.501556396484375
0.01422119140625 0.00302600860595703 0.037872314453125 0.514984130859375
0.0118370056152344 -0.00139141082763672 0.311676025390625 0.21954345703125
0.0328426361083984 -0.0104999542236328 0.33184814453125 -0.026824951171875
0.0265331268310547 -0.00983047485351563 -0.30023193359375 -0.00421142578124995
0.0204582214355469 -0.0160007476806641 -0.201202392578125 -0.286590576171875
0.0233287811279297 -0.00593757629394531 0.130828857421875 -0.488861083984375
0.00320816040039062 0.0127878189086914 0.60821533203125 -0.32623291015625
-0.0326786041259766 0.00898170471191407 0.677734375 0.396240234375
-0.0226650238037109 -0.0139808654785156 0.0964355468750001 0.92095947265625
0.00721549987792969 0.0232391357421875 -0.3863525390625 0.5828857421875
0.0222053527832031 0.0306491851806641 0.073211669921875 0.0235671997070313
0.00795793533325195 0.000339984893798828 0.34478759765625 -0.67510986328125
-0.00407743453979492 0.00265097618103027 -0.37939453125 -0.8603515625
-0.0152692794799805 0.0118637084960938 -0.81475830078125 -0.0659179687500002
0.000964164733886719 -0.00429701805114746 -0.396759033203125 0.516754150390625
0.0197410583496094 -0.0108833312988281 0.06134033203125 0.51312255859375
0.0116548538208008 -0.0153799057006836 0.31732177734375 0.212921142578125
0.0270042419433594 -0.0151615142822266 0.33306884765625 -0.0338134765625
0.0215988159179688 -0.0148525238037109 -0.303863525390625 -0.010223388671875
0.0216388702392578 -0.0259552001953125 -0.204925537109375 -0.289642333984375
0.0338935852050781 -0.0155754089355469 0.137359619140625 -0.485015869140625
0.0180225372314453 0.0103359222412109 0.6181640625 -0.3177490234375
-0.0258197784423828 0.0129566192626953 0.6719970703125 0.40966796875
-0.0235214233398438 -0.0139751434326172 0.08203125 0.9189453125
0.00977325439453125 0.0123386383056641 -0.3902587890625 0.56951904296875
0.0332469940185547 0.0175628662109375 0.083892822265625 0.00982666015625
0.00657272338867188 -0.00875473022460938 0.33599853515625 -0.68975830078125
-0.00647354125976563 0.00345325469970703 -0.39385986328125 -0.857421875
-0.00718212127685547 0.0134944915771484 -0.81085205078125 -0.0506591796874999
0.0114269256591797 -0.0123281478881836 -0.381439208984375 0.523712158203125
0.0264682769775391 -0.0203323364257813 0.070648193359375 0.514312744140625
0.00982284545898437 -0.0252704620361328 0.317352294921875 0.208770751953125
0.0209522247314453 -0.0206184387207031 0.331756591796875 -0.040679931640625
0.017913818359375 -0.0207633972167969 -0.309295654296875 -0.0155029296875
0.0206451416015625 -0.0343647003173828 -0.215423583984375 -0.292755126953125
0.0412826538085938 -0.0219879150390625 0.12835693359375 -0.487548828125
0.0306320190429688 0.00925254821777344 0.61712646484375 -0.327392578125
-0.0192642211914063 0.0158233642578125 0.6796875 0.396728515625
-0.0263919830322266 -0.0181961059570313 0.0936889648437501 0.90985107421875
0.0150299072265625 -0.00254058837890625 -0.38104248046875 0.5635986328125
0.0463600158691406 0.0023040771484375 0.0880126953125 0.00511932373046875
0.00803756713867188 -0.0211772918701172 0.34295654296875 -0.69879150390625
-0.00812053680419922 0.0019540786743164 -0.38763427734375 -0.86572265625
0.000599861145019532 0.0157222747802734 -0.80950927734375 -0.06121826171875
0.0212497711181641 -0.0189342498779297 -0.3848876953125 0.521392822265625
0.0322303771972656 -0.0281963348388672 0.066162109375 0.51654052734375
0.00763511657714844 -0.0335655212402344 0.30908203125 0.208892822265625
0.0157279968261719 -0.0260162353515625 0.327880859375 -0.046844482421875
0.0143318176269531 -0.0249118804931641 -0.3177490234375 -0.01983642578125
0.0180854797363281 -0.03887939453125 -0.23272705078125 -0.295257568359375
0.0454559326171875 -0.026123046875 0.10491943359375 -0.494140625
0.0406303405761719 0.00699615478515625 0.602783203125 -0.3541259765625
-0.013981819152832 0.0162143707275391 0.6934814453125 0.35833740234375
-0.0267486572265625 -0.0245037078857422 0.13092041015625 0.89111328125
0.0218849182128906 -0.0183124542236328 -0.3604736328125 0.56719970703125
0.0604133605957031 -0.0126152038574219 0.087738037109375 0.006866455078125
0.0126781463623047 -0.0339374542236328 0.36492919921875 -0.6953125
-0.00778961181640625 -0.0044865608215332 -0.35577392578125 -0.89044189453125
0.0050210952758789 0.0154743194580078 -0.8104248046875 -0.0932617187500001
0.0298175811767578 -0.0206089019775391 -0.405731201171875 0.506072998046875
0.0404586791992188 -0.0306663513183594 0.04632568359375 0.51708984375
0.006988525390625 -0.0392341613769531 0.295440673828125 0.21246337890625
0.0112819671630859 -0.0313034057617188 0.32135009765625 -0.050201416015625
0.0419540405273438 -0.00461196899414062 -0.319793701171875 0.019561767578125
0.00721359252929688 0.0176677703857422 -0.261428833007813 -0.268295288085938
0.00522994995117188 0.0364875793457031 -0.000823974609375021 -0.519622802734375
-0.0203647613525391 0.0307235717773437 0.47998046875 -0.47125244140625
-0.0499000549316406 -0.00189208984375 0.73455810546875 0.18701171875
-0.0203208923339844 -0.0445022583007813 0.33489990234375 0.8350830078125
0.0323162078857422 -0.00155258178710938 -0.260498046875 0.668212890625
0.0431861877441406 0.0272979736328125 0.02581787109375 0.0904693603515625
0.0391349792480469 -0.0139427185058594 0.4547119140625 -0.59747314453125
0.0112800598144531 -0.0363006591796875 -0.1793212890625 -0.962158203125
-0.0424995422363281 -0.0130500793457031 -0.82037353515625 -0.27392578125
-0.0309333801269531 0.0183525085449219 -0.53765869140625 0.424713134765625
0.000415802001953127 0.0331401824951172 -0.0579528808593749 0.502838134765625
0.00214195251464844 0.0241928100585937 0.2706298828125 0.228424072265625
0.0377388000488281 -0.00884246826171875 0.3154296875 -0.02886962890625
0.0409507751464844 -0.00326919555664063 -0.31036376953125 0.0171203613281249
0.0108013153076172 0.013758659362793 -0.243316650390625 -0.271743774414063
0.00375556945800781 0.0290794372558594 0.0333251953125 -0.51556396484375
-0.0220470428466797 0.0265064239501953 0.512451171875 -0.4364013671875
-0.0478401184082031 -0.000846862792968744 0.7257080078125 0.2410888671875
-0.0176544189453125 -0.0346393585205078 0.281494140625 0.865234375
0.0243320465087891 0.0140419006347656 -0.2928466796875 0.6572265625
0.0287437438964844 0.0364265441894531 0.032257080078125 0.0775985717773438
0.0290241241455078 -0.00446701049804688 0.41876220703125 -0.6153564453125
0.00685691833496094 -0.0243549346923828 -0.24658203125 -0.93182373046875
-0.0396652221679688 -0.00461578369140624 -0.82940673828125 -0.2120361328125
-0.026885986328125 0.0167522430419922 -0.500213623046875 0.45562744140625
0.00277137756347656 0.0265464782714844 -0.025634765625 0.510162353515625
0.00614356994628906 0.0194854736328125 0.2860107421875 0.22698974609375
0.0395050048828125 -0.00830841064453125 0.32122802734375 -0.02642822265625
0.0357627868652344 -0.00360107421875 -0.304840087890625 0.01385498046875
0.0132999420166016 0.00530338287353516 -0.225601196289062 -0.275787353515625
0.0082244873046875 0.0174379348754883 0.0697021484375 -0.50909423828125
-0.0172576904296875 0.0207881927490234 0.54913330078125 -0.397491455078125
-0.0439186096191406 0.000793457031250008 0.70855712890625 0.30059814453125
-0.0178623199462891 -0.0247459411621094 0.2156982421875 0.8900146484375
0.0164928436279297 0.0254917144775391 -0.32879638671875 0.63409423828125
0.0199928283691406 0.0401344299316406 0.0451011657714844 0.0578384399414062
0.019561767578125 0.00262260437011719 0.384033203125 -0.63726806640625
0.00261878967285156 -0.013056755065918 -0.3096923828125 -0.90045166015625
-0.033355712890625 0.00270652770996094 -0.8270263671875 -0.14483642578125
-0.0205097198486328 0.0118560791015625 -0.4580078125 0.4853515625
0.00838184356689453 0.0165700912475586 0.014434814453125 0.513275146484375
0.0102291107177734 0.00925159454345703 0.30419921875 0.220489501953125
0.0359878540039063 -0.009765625 0.3272705078125 -0.029449462890625
0.0307254791259766 -0.0062713623046875 -0.301605224609375 0.00845336914062499
0.016789436340332 -0.00350475311279297 -0.212142944335938 -0.279342651367187
0.0141477584838867 0.00552082061767578 0.1011962890625 -0.4986572265625
-0.00908184051513672 0.015467643737793 0.5809326171875 -0.360595703125
-0.0383529663085938 0.00452804565429688 0.69482421875 0.35205078125
-0.0190753936767578 -0.0185222625732422 0.15728759765625 0.91009521484375
0.0106887817382812 0.0274715423583984 -0.3577880859375 0.6114501953125
0.0174102783203125 0.0381088256835937 0.061004638671875 0.0390892028808594
0.0125112533569336 0.00281715393066406 0.3524169921875 -0.66278076171875
-0.00183606147766113 -0.0042872428894043 -0.36285400390625 -0.8734130859375
-0.0243721008300781 0.00866699218750001 -0.82421875 -0.08819580078125
-0.0105314254760742 0.00492382049560547 -0.41778564453125 0.50933837890625
0.0152931213378906 0.00344753265380859 0.0482177734374999 0.51416015625
0.0114650726318359 -0.00142192840576172 0.315887451171875 0.212493896484375
0.0312519073486328 -0.0117282867431641 0.332305908203125 -0.034088134765625
0.0262660980224609 -0.0102195739746094 -0.301727294921875 0.00357055664062502
0.0186309814453125 -0.0156612396240234 -0.207977294921875 -0.28155517578125
0.0239620208740234 -0.00681304931640625 0.118743896484375 -0.489501953125
0.00415897369384766 0.0136508941650391 0.60162353515625 -0.3370361328125
-0.0320186614990234 0.00862693786621094 0.682861328125 0.3853759765625
-0.0219459533691406 -0.0128707885742188 0.11468505859375 0.91864013671875
0.007110595703125 0.0237846374511719 -0.376953125 0.58905029296875
0.0202255249023438 0.0305900573730469 0.0740203857421875 0.0223159790039063
0.00757789611816406 0.00177860260009766 0.33245849609375 -0.6810302734375
-0.0051422119140625 0.00275993347167969 -0.39337158203125 -0.85394287109375
-0.0146427154541016 0.0120868682861328 -0.81494140625 -0.0522460937500001
-0.000397682189941406 -0.00490951538085938 -0.386871337890625 0.523284912109375
0.0201835632324219 -0.0111656188964844 0.06988525390625 0.512481689453125
0.00966072082519531 -0.0145511627197266 0.32073974609375 0.207183837890625
0.0263996124267578 -0.0170993804931641 0.33392333984375 -0.0416259765625
0.0218715667724609 -0.0151023864746094 -0.3060302734375 -0.00317382812499994
0.0207080841064453 -0.0254669189453125 -0.211334228515625 -0.284576416015625
0.0327320098876953 -0.0161762237548828 0.127288818359375 -0.48736572265625
0.0171127319335938 0.0115890502929687 0.61181640625 -0.329345703125
-0.0261077880859375 0.0136051177978516 0.67633056640625 0.39813232421875
-0.0227241516113281 -0.0144863128662109 0.0956420898437501 0.91748046875
0.0112361907958984 0.0116443634033203 -0.381103515625 0.57373046875
0.0323944091796875 0.0169830322265625 0.084228515625 0.00800323486328125
0.00609970092773438 -0.00861167907714844 0.3226318359375 -0.69482421875
-0.007415771484375 0.00325632095336914 -0.40887451171875 -0.8494873046875
-0.00586032867431641 0.0139093399047852 -0.8095703125 -0.0371704101562499
0.0107946395874023 -0.0128850936889648 -0.373382568359375 0.52978515625
0.0265922546386719 -0.0214672088623047 0.08074951171875 0.513031005859375
0.00882530212402344 -0.0248813629150391 0.321533203125 0.203521728515625
0.020599365234375 -0.021759033203125 0.33306884765625 -0.04803466796875
0.0176048278808594 -0.0209503173828125 -0.311431884765625 -0.00949096679687502
0.0201606750488281 -0.0335235595703125 -0.222198486328125 -0.287933349609375
0.0419883728027344 -0.0232810974121094 0.118377685546875 -0.488922119140625
0.0307331085205078 0.00853729248046875 0.6102294921875 -0.33709716796875
-0.0193214416503906 0.0165634155273438 0.68603515625 0.386474609375
-0.0259151458740234 -0.0176162719726562 0.10845947265625 0.9071044921875
0.0141010284423828 -0.00246334075927734 -0.37298583984375 0.56854248046875
0.0459213256835937 0.001251220703125 0.0883255004882812 0.003082275390625
0.00658416748046875 -0.0209197998046875 0.32855224609375 -0.70477294921875
-0.00808906555175781 0.00192403793334961 -0.40240478515625 -0.85931396484375
0.00048542022705078 0.0150279998779297 -0.80975341796875 -0.0458984374999999
0.0204582214355469 -0.0198307037353516 -0.37579345703125 0.52532958984375
0.0320777893066406 -0.0290374755859375 0.07464599609375 0.514678955078125
0.00765228271484375 -0.033935546875 0.312835693359375 0.20294189453125
0.0140628814697266 -0.0262813568115234 0.328582763671875 -0.053680419921875
0.0121555328369141 -0.0257225036621094 -0.319244384765625 -0.0126953124999999
0.0165214538574219 -0.0389938354492188 -0.23895263671875 -0.290740966796875
0.0447769165039062 -0.0268363952636719 0.095245361328125 -0.494171142578125
0.0398330688476563 0.00641250610351563 0.5936279296875 -0.36444091796875
-0.013697624206543 0.0168304443359375 0.69793701171875 0.34661865234375
-0.0268383026123047 -0.024932861328125 0.146240234375 0.88702392578125
0.0211048126220703 -0.0175342559814453 -0.35205078125 0.56829833984375
0.0600852966308594 -0.0127716064453125 0.0873031616210938 0.00614166259765625
0.0115222930908203 -0.0349712371826172 0.35260009765625 -0.70062255859375
-0.00746536254882813 -0.00312328338623047 -0.36993408203125 -0.88323974609375
0.00502490997314453 0.016789436340332 -0.81134033203125 -0.0791015624999998
0.0297031402587891 -0.0218982696533203 -0.395721435546875 0.512542724609375
0.0387115478515625 -0.032318115234375 0.0551757812499999 0.515106201171875
0.00609207153320312 -0.0389595031738281 0.298583984375 0.2059326171875
0.0103187561035156 -0.0314960479736328 0.322052001953125 -0.057098388671875
0.0411300659179688 -0.00438308715820313 -0.31884765625 0.02593994140625
0.00902366638183594 0.0184230804443359 -0.266448974609375 -0.261932373046875
0.00579452514648437 0.0370063781738281 -0.010833740234375 -0.517547607421875
-0.0194644927978516 0.0318870544433594 0.466766357421875 -0.4796142578125
-0.0501251220703125 -0.00173187255859375 0.7320556640625 0.17364501953125
-0.0216560363769531 -0.0435562133789063 0.3486328125 0.827392578125
0.03271484375 -0.0015869140625 -0.2496337890625 0.66900634765625
0.0424308776855469 0.0260162353515625 0.026519775390625 0.087799072265625
0.0388755798339844 -0.014678955078125 0.44390869140625 -0.60272216796875
0.0105743408203125 -0.0354537963867188 -0.19708251953125 -0.954833984375
-0.0424003601074219 -0.0127525329589844 -0.82208251953125 -0.2598876953125
-0.0306777954101563 0.0194950103759766 -0.528900146484375 0.4342041015625
0.000463485717773437 0.0338592529296875 -0.0487060546875 0.50189208984375
0.00407028198242188 0.0240726470947266 0.273651123046875 0.22320556640625
0.03802490234375 -0.00835800170898438 0.314361572265625 -0.035797119140625
0.0394134521484375 -0.00372314453125 -0.310150146484375 0.0225219726562499
0.0109119415283203 0.0137710571289063 -0.24725341796875 -0.26690673828125
0.0054779052734375 0.0292072296142578 0.0242004394531249 -0.515167236328125
-0.0207366943359375 0.0274200439453125 0.502471923828125 -0.44329833984375
-0.0494117736816406 0.000720977783203125 0.7255859375 0.2291259765625
-0.0182247161865234 -0.0342655181884766 0.29180908203125 0.856689453125
0.0247344970703125 0.0123558044433594 -0.28363037109375 0.65850830078125
0.0299472808837891 0.0349254608154297 0.0326614379882813 0.0746536254882813
0.0288982391357422 -0.00374221801757813 0.40728759765625 -0.6217041015625
0.00649261474609375 -0.0233516693115234 -0.26318359375 -0.9259033203125
-0.0394439697265625 -0.00428009033203125 -0.83013916015625 -0.1953125
-0.0265731811523437 0.0170135498046875 -0.49310302734375 0.4642333984375
0.00514411926269532 0.0266265869140625 -0.014495849609375 0.509521484375
0.00625801086425781 0.0187282562255859 0.291595458984375 0.22198486328125
0.0380096435546875 -0.00987625122070313 0.322540283203125 -0.03350830078125
0.0355148315429688 -0.00414276123046875 -0.305389404296875 0.019775390625
0.0143365859985352 0.00624465942382813 -0.230575561523438 -0.270797729492187
0.00840377807617187 0.0188617706298828 0.0599365234375 -0.50689697265625
-0.0168285369873047 0.0214462280273438 0.53912353515625 -0.40460205078125
-0.0447425842285156 0.00157165527343749 0.71051025390625 0.2877197265625
-0.0176353454589844 -0.0242652893066406 0.23193359375 0.8824462890625
0.0164299011230469 0.0239410400390625 -0.3193359375 0.6376953125
0.0202980041503906 0.040435791015625 0.0462112426757813 0.0557937622070313
0.0180587768554688 0.00278854370117188 0.371337890625 -0.640869140625
0.00334072113037109 -0.0120916366577148 -0.32232666015625 -0.8929443359375
-0.0320796966552734 0.00367164611816406 -0.82745361328125 -0.130615234375
-0.0201377868652344 0.0116939544677734 -0.447174072265625 0.492584228515625
0.00837993621826172 0.0150051116943359 0.02294921875 0.50982666015625
0.010223388671875 0.00927352905273437 0.307525634765625 0.21441650390625
0.0352592468261719 -0.010223388671875 0.32745361328125 -0.03558349609375
0.0320243835449219 -0.00695419311523438 -0.301300048828125 0.01422119140625
0.0169095993041992 -0.00420665740966797 -0.21771240234375 -0.274063110351563
0.0152473449707031 0.00560951232910156 0.0904846191406249 -0.49676513671875
-0.00893688201904297 0.016972541809082 0.572021484375 -0.371826171875
-0.0396957397460937 0.00487136840820313 0.697021484375 0.339599609375
-0.0187454223632813 -0.0184783935546875 0.17181396484375 0.9046630859375
0.0110645294189453 0.0255985260009766 -0.34942626953125 0.6131591796875
0.018798828125 0.0364990234375 0.0615005493164063 0.0354766845703125
0.0110397338867188 0.00329875946044922 0.33929443359375 -0.66552734375
-0.00182557106018066 -0.00334358215332031 -0.37615966796875 -0.86236572265625
-0.0247688293457031 0.00852394104003906 -0.82281494140625 -0.0739746093749999
-0.00967788696289062 0.0038299560546875 -0.408203125 0.516204833984375
0.0148115158081055 0.00206851959228516 0.056915283203125 0.51080322265625
0.0110788345336914 -0.00131988525390625 0.31951904296875 0.206695556640625
0.0306968688964844 -0.0131816864013672 0.332305908203125 -0.0413818359375
0.0255756378173828 -0.0103797912597656 -0.300872802734375 0.008758544921875
0.0196247100830078 -0.0152263641357422 -0.21270751953125 -0.277114868164063
0.023529052734375 -0.00699996948242187 0.108551025390625 -0.490692138671875
0.00418949127197266 0.0119800567626953 0.59228515625 -0.34466552734375
-0.0320529937744141 0.0102958679199219 0.6845703125 0.3741455078125
-0.0214900970458984 -0.0124664306640625 0.12786865234375 0.9139404296875
0.00889778137207031 0.0249652862548828 -0.3653564453125 0.593017578125
0.0217761993408203 0.0293369293212891 0.073638916015625 0.0189361572265625
0.00670814514160156 0.00117111206054688 0.32086181640625 -0.68475341796875
-0.00453948974609375 0.00252199172973633 -0.40338134765625 -0.844482421875
-0.0144948959350586 0.0126123428344727 -0.81317138671875 -0.0382080078125
-0.000455856323242188 -0.00546741485595703 -0.377227783203125 0.52996826171875
0.0199604034423828 -0.0111484527587891 0.0796203613281249 0.5120849609375
0.0117645263671875 -0.0147790908813477 0.32476806640625 0.199951171875
0.0261020660400391 -0.0170555114746094 0.333343505859375 -0.047149658203125
0.0206851959228516 -0.0155448913574219 -0.306121826171875 0.00201416015625002
0.0209007263183594 -0.0249423980712891 -0.217086791992187 -0.280563354492188
0.0341224670410156 -0.0165882110595703 0.11676025390625 -0.486968994140625
0.0184879302978516 0.0106353759765625 0.601806640625 -0.33782958984375
-0.0266494750976563 0.0135173797607422 0.68218994140625 0.3857421875
-0.0238265991210938 -0.014801025390625 0.111328125 0.91070556640625
0.0111865997314453 0.0125131607055664 -0.37255859375 0.57757568359375
0.0324134826660156 0.0168476104736328 0.0831756591796875 0.0055999755859375
0.00486516952514648 -0.00859880447387695 0.313232421875 -0.6995849609375
-0.00658702850341797 0.00475263595581055 -0.4210205078125 -0.8380126953125
-0.00563144683837891 0.0138921737670898 -0.80877685546875 -0.022216796875
0.0101394653320312 -0.0143451690673828 -0.36163330078125 0.5355224609375
0.0265522003173828 -0.0229949951171875 0.0899353027343751 0.50994873046875
0.00889205932617188 -0.0255565643310547 0.324432373046875 0.19580078125
0.0192604064941406 -0.0211658477783203 0.330780029296875 -0.05364990234375
0.016204833984375 -0.0210151672363281 -0.31207275390625 -0.00320434570312498
0.0194206237792969 -0.0333614349365234 -0.227569580078125 -0.283416748046875
0.0409889221191406 -0.0237693786621094 0.109039306640625 -0.488983154296875
0.0302658081054688 0.00810050964355469 0.60052490234375 -0.3485107421875
-0.0194625854492188 0.0162143707275391 0.6884765625 0.37274169921875
-0.0256996154785156 -0.0178260803222656 0.1212158203125 0.9034423828125
0.0152730941772461 -0.00256538391113281 -0.36334228515625 0.570556640625
0.0450439453125 0.000606536865234375 0.0876922607421875 0.000335693359375
0.00647735595703125 -0.0194816589355469 0.3177490234375 -0.7066650390625
-0.00751447677612305 0.00222539901733398 -0.41412353515625 -0.84881591796875
0.00195598602294922 0.0149822235107422 -0.8089599609375 -0.031005859375
0.0184555053710938 -0.0204944610595703 -0.365234375 0.531951904296875
0.03167724609375 -0.0295066833496094 0.084259033203125 0.51165771484375
0.00571441650390625 -0.0341815948486328 0.316558837890625 0.196746826171875
0.0127143859863281 -0.0276298522949219 0.326934814453125 -0.061187744140625
0.0136890411376953 -0.0251655578613281 -0.32025146484375 -0.00686645507812498
0.0164794921875 -0.0384140014648438 -0.2447509765625 -0.284912109375
0.0450172424316406 -0.0278968811035156 0.0855712890625 -0.494873046875
0.0396041870117188 0.00513458251953125 0.58648681640625 -0.37408447265625
-0.0138111114501953 0.0173702239990234 0.70098876953125 0.33465576171875
-0.0270919799804687 -0.0227851867675781 0.15716552734375 0.8834228515625
0.0210857391357422 -0.0190868377685547 -0.3426513671875 0.57275390625
0.0596847534179687 -0.0136299133300781 0.0861358642578125 0.00301361083984375
0.00960540771484375 -0.0350399017333984 0.3409423828125 -0.70550537109375
-0.00784444808959961 -0.0023198127746582 -0.38287353515625 -0.874267578125
0.00579643249511719 0.0165624618530273 -0.80902099609375 -0.0670166015624999
0.0270824432373047 -0.0217227935791016 -0.384796142578125 0.5184326171875
0.0392684936523438 -0.0335922241210938 0.06439208984375 0.513671875
0.00403213500976563 -0.0393600463867188 0.30242919921875 0.200347900390625
0.00916671752929687 -0.0324974060058594 0.320281982421875 -0.06390380859375
0.0416069030761719 -0.00577545166015625 -0.318389892578125 0.0328369140625
0.00955390930175781 0.0188350677490234 -0.271270751953125 -0.256027221679687
0.00737762451171875 0.0373001098632813 -0.020721435546875 -0.51336669921875
-0.0190162658691406 0.0319919586181641 0.455535888671875 -0.4832763671875
-0.0510902404785156 -0.0002899169921875 0.73193359375 0.16204833984375
-0.0217132568359375 -0.0435676574707031 0.35791015625 0.81787109375
0.0318012237548828 -0.00321197509765625 -0.238037109375 0.66656494140625
0.042327880859375 0.0260276794433594 0.0277633666992188 0.085906982421875
0.0376663208007813 -0.0151329040527344 0.43182373046875 -0.6065673828125
0.0106239318847656 -0.0347747802734375 -0.2115478515625 -0.94622802734375
-0.04254150390625 -0.0111122131347656 -0.8214111328125 -0.24188232421875
-0.0302715301513672 0.0181884765625 -0.51715087890625 0.44122314453125
0.00147247314453125 0.0327281951904297 -0.03997802734375 0.501068115234375
0.00319862365722656 0.0238170623779297 0.277008056640625 0.217041015625
0.0358924865722656 -0.0104255676269531 0.3135986328125 -0.0411376953125
0.0388832092285156 -0.0045166015625 -0.31024169921875 0.0295715332031249
0.0109596252441406 0.0142850875854492 -0.252517700195313 -0.2601318359375
0.00690269470214844 0.0293560028076172 0.0123291015625 -0.512725830078125
-0.0209197998046875 0.0268688201904297 0.49066162109375 -0.4512939453125
-0.0492019653320313 0.00123977661132813 0.72589111328125 0.21649169921875
-0.0192966461181641 -0.0338497161865234 0.305908203125 0.84857177734375
0.0254650115966797 0.0130290985107422 -0.2725830078125 0.65667724609375
0.0289382934570312 0.0350379943847656 0.03387451171875 0.0733261108398438
0.0267505645751953 -0.0026397705078125 0.39544677734375 -0.6246337890625
0.00583648681640625 -0.0228080749511719 -0.274658203125 -0.9158935546875
-0.03936767578125 -0.0036468505859375 -0.8292236328125 -0.1812744140625
-0.027679443359375 0.0166015625 -0.481170654296875 0.468658447265625
0.00506401062011719 0.0257434844970703 -0.00491333007812504 0.507080078125
0.00713729858398437 0.0183620452880859 0.292327880859375 0.215087890625
0.0365676879882813 -0.0100593566894531 0.32122802734375 -0.03887939453125
0.0359039306640625 -0.00586700439453125 -0.30438232421875 0.0263061523437501
0.0148944854736328 0.00692462921142578 -0.2353515625 -0.264389038085938
0.00804328918457031 0.017608642578125 0.049896240234375 -0.50604248046875
-0.0165634155273438 0.0210151672363281 0.529205322265625 -0.41351318359375
-0.0452537536621094 0.00164794921875001 0.71124267578125 0.2762451171875
-0.0186939239501953 -0.0243396759033203 0.2410888671875 0.87493896484375
0.0177898406982422 0.0236606597900391 -0.30621337890625 0.63702392578125
0.0204582214355469 0.0392951965332031 0.0460128784179688 0.0540695190429688
0.0169744491577148 0.00326442718505859 0.35882568359375 -0.642333984375
0.00224208831787109 -0.0124111175537109 -0.3341064453125 -0.8817138671875
-0.0313968658447266 0.00335311889648438 -0.8253173828125 -0.1160888671875
-0.0199604034423828 0.0128517150878906 -0.436981201171875 0.4976806640625
0.00967216491699219 0.0142488479614258 0.033355712890625 0.507354736328125
0.0101184844970703 0.00852108001708984 0.30926513671875 0.207855224609375
0.0338821411132813 -0.0110702514648438 0.326934814453125 -0.041717529296875
0.0304126739501953 -0.00718116760253906 -0.301910400390625 0.020843505859375
0.0160846710205078 -0.00278949737548828 -0.221771240234375 -0.267776489257812
0.015507698059082 0.00569438934326172 0.08062744140625 -0.496185302734375
-0.00903129577636719 0.0154018402099609 0.560791015625 -0.37823486328125
-0.0399246215820313 0.00702285766601562 0.699462890625 0.3270263671875
-0.0187931060791016 -0.0174274444580078 0.18353271484375 0.89776611328125
0.0120182037353516 0.0261440277099609 -0.33770751953125 0.6136474609375
0.0182876586914062 0.0375556945800781 0.0609626770019531 0.0339088439941406
0.0108909606933594 0.00315093994140625 0.32757568359375 -0.66595458984375
-0.000903606414794922 -0.00403904914855957 -0.38800048828125 -0.85028076171875
-0.0241565704345703 0.0101661682128906 -0.81890869140625 -0.06072998046875
-0.0107460021972656 0.00425243377685547 -0.396759033203125 0.51947021484375
0.0150833129882813 0.00171089172363281 0.0659484863281251 0.507843017578125
0.0116500854492187 -0.00294589996337891 0.321319580078125 0.200103759765625
0.0297107696533203 -0.0146064758300781 0.32958984375 -0.047760009765625
0.0261192321777344 -0.0111351013183594 -0.3018798828125 0.0142822265625
0.0191192626953125 -0.0149421691894531 -0.218475341796875 -0.271270751953125
0.0236015319824219 -0.00656700134277344 0.101348876953125 -0.489410400390625
0.00411796569824219 0.0127172470092773 0.58282470703125 -0.355224609375
-0.0328617095947266 0.0113925933837891 0.68804931640625 0.36004638671875
-0.0212898254394531 -0.0126190185546875 0.14129638671875 0.90826416015625
0.00906753540039062 0.0234165191650391 -0.35614013671875 0.5941162109375
0.0225124359130859 0.0283832550048828 0.0732421875 0.0166702270507813
0.00552606582641602 0.00063323974609375 0.30963134765625 -0.68438720703125
-0.0037837028503418 0.00375986099243164 -0.41644287109375 -0.83319091796875
-0.0136985778808594 0.0128192901611328 -0.8092041015625 -0.0245361328125
-0.000956535339355469 -0.00492000579833984 -0.366302490234375 0.531951904296875
0.0206489562988281 -0.0114345550537109 0.08837890625 0.506011962890625
0.0110702514648437 -0.0162572860717773 0.3272705078125 0.19281005859375
0.0239200592041016 -0.0179557800292969 0.332244873046875 -0.05419921875
0.0205478668212891 -0.0166702270507813 -0.305511474609375 0.00906372070312498
0.0205059051513672 -0.0244770050048828 -0.221221923828125 -0.274856567382813
0.0331058502197266 -0.0167903900146484 0.107177734375 -0.485260009765625
0.0165824890136719 0.0100069046020508 0.59381103515625 -0.34661865234375
-0.0259952545166016 0.0151157379150391 0.68402099609375 0.37396240234375
-0.0229167938232422 -0.0135822296142578 0.1220703125 0.90576171875
0.0113191604614258 0.0114164352416992 -0.362060546875 0.5797119140625
0.0326309204101563 0.0144634246826172 0.0816802978515625 0.00377655029296875
0.00496625900268555 -0.00842094421386719 0.298828125 -0.6988525390625
-0.0057063102722168 0.00451469421386719 -0.43048095703125 -0.826904296875
-0.00552177429199219 0.0147333145141602 -0.80584716796875 -0.00909423828125011
0.00888347625732422 -0.0137052536010742 -0.351287841796875 0.5380859375
0.0256900787353516 -0.0228900909423828 0.099395751953125 0.505828857421875
0.00869560241699219 -0.0258197784423828 0.325469970703125 0.18914794921875
0.0182476043701172 -0.0223655700683594 0.329864501953125 -0.061065673828125
0.0169010162353516 -0.0214900970458984 -0.310760498046875 0.00250244140624999
0.0194530487060547 -0.033721923828125 -0.232406616210938 -0.276275634765625
0.0408134460449219 -0.0240135192871094 0.09869384765625 -0.48736572265625
0.0303668975830078 0.00729179382324219 0.5916748046875 -0.35595703125
-0.019683837890625 0.0172157287597656 0.6898193359375 0.35980224609375
-0.0251808166503906 -0.0171871185302734 0.13427734375 0.89666748046875
0.0156049728393555 -0.00334644317626953 -0.35382080078125 0.57208251953125
0.0450096130371094 -0.00022125244140625 0.0866928100585937 -0.001922607421875
0.0048065185546875 -0.0196380615234375 0.3055419921875 -0.7086181640625
-0.00712299346923828 0.00252866744995117 -0.42559814453125 -0.83758544921875
0.00164985656738281 0.0160131454467773 -0.80450439453125 -0.0187377929687501
0.0180301666259766 -0.0201053619384766 -0.352691650390625 0.534881591796875
0.0313053131103516 -0.0313148498535156 0.092864990234375 0.50787353515625
0.00563430786132812 -0.0344867706298828 0.31890869140625 0.18896484375
0.0119438171386719 -0.0273990631103516 0.325439453125 -0.066162109375
0.0118503570556641 -0.0254535675048828 -0.319549560546875 -0.000152587890624933
0.0163078308105469 -0.0381965637207031 -0.24871826171875 -0.278366088867188
0.04473876953125 -0.0282096862792969 0.0762939453125 -0.492645263671875
0.0395698547363281 0.0044708251953125 0.57501220703125 -0.38055419921875
-0.01507568359375 0.0183448791503906 0.70159912109375 0.322265625
-0.0267925262451172 -0.0234584808349609 0.16973876953125 0.87615966796875
0.0209159851074219 -0.0188865661621094 -0.3331298828125 0.57403564453125
0.058624267578125 -0.0160255432128906 0.0854263305664063 0.000114440917968749
0.00971603393554688 -0.0337982177734375 0.327392578125 -0.70416259765625
-0.00788688659667969 -0.00286102294921875 -0.39337158203125 -0.8614501953125
0.00601291656494141 0.0162105560302734 -0.80584716796875 -0.05181884765625
0.0266799926757812 -0.0224514007568359 -0.374359130859375 0.523681640625
0.0379562377929688 -0.0328788757324219 0.0743103027343749 0.508148193359375
0.00403976440429687 -0.0391120910644531 0.30474853515625 0.19342041015625
0.00774002075195313 -0.0329055786132813 0.318817138671875 -0.07000732421875
0.0411834716796875 -0.00533294677734375 -0.316070556640625 0.038421630859375
0.00993728637695312 0.0187397003173828 -0.273834228515625 -0.249313354492187
0.00746536254882813 0.0379180908203125 -0.028656005859375 -0.50823974609375
-0.0189170837402344 0.0317916870117188 0.4434814453125 -0.4859619140625
-0.0509681701660156 0.00108718872070313 0.7275390625 0.14886474609375
-0.0213050842285156 -0.042633056640625 0.36761474609375 0.80621337890625
0.0324192047119141 -0.00359535217285156 -0.22796630859375 0.66546630859375
0.0419540405273438 0.0251655578613281 0.0278854370117187 0.0839462280273438
0.0357513427734375 -0.0143241882324219 0.41943359375 -0.60784912109375
0.00950241088867188 -0.0350151062011719 -0.221435546875 -0.934814453125
-0.0419158935546875 -0.0105247497558594 -0.8206787109375 -0.22979736328125
-0.0307254791259766 0.0189533233642578 -0.508148193359375 0.444000244140625
0.00230598449707031 0.0318222045898438 -0.03143310546875 0.498443603515625
0.00344276428222656 0.0228748321533203 0.278656005859375 0.211471557617187
0.0352630615234375 -0.0109901428222656 0.310821533203125 -0.047149658203125
0.0392608642578125 -0.00487518310546875 -0.308013916015625 0.0347290039062499
0.0122861862182617 0.0150461196899414 -0.255218505859375 -0.25457763671875
0.00665473937988281 0.0295600891113281 0.003631591796875 -0.507049560546875
-0.0202999114990234 0.0266628265380859 0.478363037109375 -0.455047607421875
-0.0498847961425781 0.00123977661132812 0.72381591796875 0.20440673828125
-0.0184364318847656 -0.03338623046875 0.3154296875 0.83819580078125
0.0260009765625 0.0125026702880859 -0.26251220703125 0.6566162109375
0.0278663635253906 0.0355796813964844 0.0344696044921875 0.07122802734375
0.0254268646240234 -0.00450897216796875 0.38299560546875 -0.62371826171875
0.00560569763183594 -0.0234203338623047 -0.2841796875 -0.9036865234375
-0.0386886596679688 -0.00292968750000001 -0.82525634765625 -0.16876220703125
-0.0269260406494141 0.0174026489257813 -0.4703369140625 0.474945068359375
0.00476837158203125 0.0252532958984375 0.00283813476562504 0.50360107421875
0.007110595703125 0.0185146331787109 0.29486083984375 0.207977294921875
0.0358047485351563 -0.0112190246582031 0.318939208984375 -0.044189453125
0.0354042053222656 -0.0054168701171875 -0.30340576171875 0.03125
0.0146408081054688 0.00649738311767578 -0.238433837890625 -0.258087158203125
0.00920867919921875 0.0182476043701172 0.040191650390625 -0.50152587890625
-0.0163593292236328 0.0215702056884766 0.516571044921875 -0.41668701171875
-0.0451087951660156 0.00434112548828125 0.708740234375 0.26226806640625
-0.0181179046630859 -0.0242023468017578 0.25299072265625 0.86651611328125
0.0182113647460938 0.0227851867675781 -0.29644775390625 0.6357421875
0.0196762084960937 0.0392303466796875 0.0459213256835937 0.0531501770019531
0.0166349411010742 0.00274085998535156 0.3487548828125 -0.64306640625
0.000725746154785156 -0.0113162994384766 -0.34417724609375 -0.86798095703125
-0.0309505462646484 0.00449371337890625 -0.82049560546875 -0.103759765625
-0.0205001831054688 0.0122394561767578 -0.426910400390625 0.50140380859375
0.00911426544189453 0.0135583877563477 0.04083251953125 0.50341796875
0.0107574462890625 0.00801658630371094 0.3104248046875 0.20166015625
0.0323486328125 -0.0129165649414063 0.324859619140625 -0.0482177734375
0.0302314758300781 -0.00797462463378906 -0.29974365234375 0.025543212890625
0.0170173645019531 -0.00266742706298828 -0.226425170898438 -0.262542724609375
0.0157222747802734 0.00566291809082031 0.070465087890625 -0.493927001953125
-0.00889015197753906 0.0160951614379883 0.55078125 -0.38287353515625
-0.0403251647949219 0.00688934326171875 0.69744873046875 0.315185546875
-0.0194053649902344 -0.0168437957763672 0.19635009765625 0.8885498046875
0.0122432708740234 0.0255584716796875 -0.325927734375 0.61279296875
0.0191688537597656 0.0362930297851563 0.0606346130371094 0.0312118530273438
0.0110158920288086 0.00419998168945313 0.3143310546875 -0.66650390625
-0.00221586227416992 -0.00331735610961914 -0.39776611328125 -0.83831787109375
-0.0234756469726563 0.0108795166015625 -0.8150634765625 -0.0478515624999999
-0.0111246109008789 0.00506877899169922 -0.3851318359375 0.52130126953125
0.014887809753418 0.00167369842529297 0.074951171875 0.50244140625
0.0108966827392578 -0.00249958038330078 0.322509765625 0.193634033203125
0.0286693572998047 -0.0155982971191406 0.328826904296875 -0.053619384765625
0.025421142578125 -0.0118789672851563 -0.301300048828125 0.021484375
0.0193386077880859 -0.0146141052246094 -0.223098754882813 -0.265289306640625
0.0239677429199219 -0.00628471374511719 0.091827392578125 -0.485992431640625
0.00401210784912109 0.0118541717529297 0.57086181640625 -0.3603515625
-0.0326633453369141 0.010711669921875 0.68536376953125 0.34857177734375
-0.0212574005126953 -0.0131492614746094 0.15069580078125 0.898681640625
0.00906562805175781 0.0223274230957031 -0.346923828125 0.59320068359375
0.0216865539550781 0.0292453765869141 0.072174072265625 0.0148544311523438
0.00525951385498047 0.00133085250854492 0.29705810546875 -0.68475341796875
-0.00316309928894043 0.00352597236633301 -0.42486572265625 -0.81951904296875
-0.0137138366699219 0.0135211944580078 -0.8045654296875 -0.0121459960937499
-0.000680446624755859 -0.00516033172607422 -0.354766845703125 0.533599853515625
0.0207233428955078 -0.0123519897460938 0.096405029296875 0.50042724609375
0.0110111236572266 -0.0159416198730469 0.327911376953125 0.185546875
0.0236244201660156 -0.0175132751464844 0.328704833984375 -0.060089111328125
0.0203227996826172 -0.0163955688476563 -0.30419921875 0.0147705078124999
0.0200881958007813 -0.0250377655029297 -0.22552490234375 -0.26812744140625
0.0332317352294922 -0.01708984375 0.0980224609375 -0.48529052734375
0.0156574249267578 0.00963020324707031 0.58099365234375 -0.3515625
-0.0265121459960938 0.0147457122802734 0.68194580078125 0.36053466796875
-0.0232887268066406 -0.0132255554199219 0.1341552734375 0.89813232421875
0.0114517211914063 0.0111255645751953 -0.3511962890625 0.57940673828125
0.0321083068847656 0.0144977569580078 0.0815505981445313 0.00167083740234375
0.00422859191894531 -0.00777912139892578 0.28607177734375 -0.697998046875
-0.00482416152954102 0.00511693954467773 -0.43963623046875 -0.812744140625
-0.00561046600341797 0.0142927169799805 -0.79901123046875 0.0021972656249999
0.0083160400390625 -0.0142879486083984 -0.34027099609375 0.539794921875
0.0255603790283203 -0.0237712860107422 0.10650634765625 0.49969482421875
0.00742340087890625 -0.0257453918457031 0.32708740234375 0.1826171875
0.0177116394042969 -0.0227470397949219 0.3270263671875 -0.0667724609375
0.0160503387451172 -0.02191162109375 -0.309478759765625 0.00854492187499998
0.0188694000244141 -0.033172607421875 -0.2362060546875 -0.270004272460938
0.0417289733886719 -0.0241546630859375 0.08917236328125 -0.485382080078125
0.0304546356201172 0.0070953369140625 0.5810546875 -0.36175537109375
-0.0196666717529297 0.018035888671875 0.6898193359375 0.34625244140625
-0.0248584747314453 -0.0163497924804688 0.14385986328125 0.88836669921875
0.0150089263916016 -0.00387287139892578 -0.34515380859375 0.5726318359375
0.0440101623535156 -0.000640869140625 0.0850296020507813 -0.00371551513671875
0.00434684753417969 -0.0198783874511719 0.2918701171875 -0.70697021484375
-0.00619029998779297 0.00238752365112305 -0.43365478515625 -0.8238525390625
0.00197505950927735 0.0152778625488281 -0.80010986328125 -0.00622558593750004
0.017974853515625 -0.0208549499511719 -0.342193603515625 0.537567138671875
0.0309219360351563 -0.0314674377441406 0.10150146484375 0.503265380859375
0.00556755065917969 -0.0350837707519531 0.319366455078125 0.1826171875
0.0111312866210938 -0.0285091400146484 0.322723388671875 -0.072509765625
0.0114154815673828 -0.0255413055419922 -0.318023681640625 0.00567626953124999
0.0152359008789063 -0.03729248046875 -0.253341674804688 -0.271682739257813
0.0446624755859375 -0.0284652709960938 0.067138671875 -0.48931884765625
0.0387039184570312 0.0044097900390625 0.5638427734375 -0.3856201171875
-0.0146722793579102 0.0170116424560547 0.7000732421875 0.31085205078125
-0.0257091522216797 -0.0227546691894531 0.17950439453125 0.86724853515625
0.0205879211425781 -0.0198993682861328 -0.3248291015625 0.57366943359375
0.058197021484375 -0.01556396484375 0.0842056274414063 -0.00191497802734375
0.00750732421875 -0.0335292816162109 0.3143310546875 -0.70526123046875
-0.00752162933349609 -0.00290536880493164 -0.40325927734375 -0.8482666015625
0.00738620758056641 0.0163421630859375 -0.80078125 -0.04071044921875
0.0260753631591797 -0.0238475799560547 -0.363006591796875 0.52569580078125
0.0371360778808594 -0.034393310546875 0.082000732421875 0.50445556640625
0.00312423706054688 -0.0398941040039063 0.30621337890625 0.187652587890625
0.00654983520507813 -0.0327262878417969 0.31585693359375 -0.07568359375
0.0403366088867188 -0.00588226318359375 -0.313446044921875 0.0429382324218751
0.0108013153076172 0.0197410583496094 -0.276626586914063 -0.242050170898438
0.00885772705078125 0.0369415283203125 -0.038177490234375 -0.50372314453125
-0.01812744140625 0.031982421875 0.431396484375 -0.486785888671875
-0.05078125 0.00159072875976563 0.7215576171875 0.13958740234375
-0.0222663879394531 -0.0423393249511719 0.37542724609375 0.79437255859375
0.0322055816650391 -0.00381851196289063 -0.21820068359375 0.66143798828125
0.0412101745605469 0.0251197814941406 0.027557373046875 0.0817031860351563
0.0351715087890625 -0.0148582458496094 0.40850830078125 -0.60736083984375
0.00917625427246094 -0.0346012115478516 -0.23175048828125 -0.9224853515625
-0.042633056640625 -0.00865936279296875 -0.81573486328125 -0.216552734375
-0.0307426452636719 0.0183696746826172 -0.497833251953125 0.44805908203125
0.00270843505859375 0.0320777893066406 -0.023468017578125 0.49505615234375
0.00326919555664063 0.0238418579101563 0.279022216796875 0.205032348632813
0.0343055725097656 -0.0123786926269531 0.308990478515625 -0.05169677734375
0.038787841796875 -0.00504302978515625 -0.305389404296875 0.039947509765625
0.0131301879882813 0.0160770416259766 -0.258132934570313 -0.247467041015625
0.00758743286132813 0.0281715393066406 -0.00421142578125003 -0.50323486328125
-0.0213470458984375 0.0271282196044922 0.467071533203125 -0.456573486328125
-0.04925537109375 0.00260543823242187 0.71771240234375 0.19305419921875
-0.0188884735107422 -0.0326919555664063 0.322265625 0.8270263671875
0.0250949859619141 0.0121917724609375 -0.25189208984375 0.651123046875
0.0289783477783203 0.0340633392333984 0.0340652465820312 0.0688438415527344
0.0243034362792969 -0.00375175476074219 0.37109375 -0.6234130859375
0.0058135986328125 -0.0225658416748047 -0.294189453125 -0.88983154296875
-0.0385589599609375 -0.00176239013671875 -0.819091796875 -0.156005859375
-0.0260295867919922 0.0174064636230469 -0.4615478515625 0.47711181640625
0.00561141967773438 0.0242843627929687 0.00930786132812505 0.498138427734375
0.0079202651977539 0.017085075378418 0.29620361328125 0.202880859375
0.0350742340087891 -0.0131244659423828 0.31573486328125 -0.04913330078125
0.0346164703369141 -0.00541114807128906 -0.300537109375 0.037689208984375
0.0145683288574219 0.00715732574462891 -0.2418212890625 -0.251937866210938
0.0106143951416016 0.016718864440918 0.0318603515625 -0.496551513671875
-0.0169639587402344 0.0221729278564453 0.50372314453125 -0.4210205078125
-0.0453910827636719 0.00357818603515626 0.7056884765625 0.2513427734375
-0.0186119079589844 -0.0239315032958984 0.25994873046875 0.8564453125
0.0179367065429687 0.0224819183349609 -0.28662109375 0.63226318359375
0.0204124450683594 0.03814697265625 0.0458717346191406 0.0501136779785156
0.0153131484985352 0.00351333618164063 0.3360595703125 -0.64166259765625
0.00256252288818359 -0.010833740234375 -0.35113525390625 -0.85479736328125
-0.0309276580810547 0.00538825988769531 -0.81585693359375 -0.0921020507812499
-0.0207080841064453 0.0111637115478516 -0.41522216796875 0.503753662109375
0.00981426239013672 0.0126943588256836 0.049285888671875 0.496673583984375
0.00956058502197266 0.00829029083251953 0.312530517578125 0.195343017578125
0.0324192047119141 -0.0135612487792969 0.322540283203125 -0.0523681640625
0.0293025970458984 -0.00930976867675781 -0.29736328125 0.03076171875
0.0165414810180664 -0.00237274169921875 -0.229507446289063 -0.256057739257813
0.0146608352661133 0.00527286529541016 0.062347412109375 -0.490936279296875
-0.0103693008422852 0.0166110992431641 0.537384033203125 -0.388336181640625
-0.0391273498535156 0.00734329223632813 0.6949462890625 0.30322265625
-0.0187282562255859 -0.0175189971923828 0.2042236328125 0.87701416015625
0.0120525360107422 0.0241947174072266 -0.3172607421875 0.61004638671875
0.0186805725097656 0.0359039306640625 0.0597114562988281 0.0301589965820313
0.00903797149658203 0.00404071807861328 0.3052978515625 -0.6640625
-0.00144624710083008 -0.00238990783691406 -0.4022216796875 -0.823974609375
-0.0226802825927734 0.00982475280761719 -0.80865478515625 -0.0358886718749999
-0.0105924606323242 0.00405979156494141 -0.373931884765625 0.52325439453125
0.0139894485473633 -0.000626564025878906 0.0823974609375 0.496551513671875
0.0116233825683594 -0.00281143188476563 0.323516845703125 0.186370849609375
0.0274620056152344 -0.0157012939453125 0.326171875 -0.0574951171875
0.0243377685546875 -0.0113487243652344 -0.298919677734375 0.024871826171875
0.0184898376464844 -0.0136299133300781 -0.224700927734375 -0.259841918945312
0.0242385864257813 -0.00736808776855469 0.082672119140625 -0.48394775390625
0.003143310546875 0.0118131637573242 0.561431884765625 -0.36376953125
-0.0332202911376953 0.0119857788085937 0.683349609375 0.3369140625
-0.0206222534179688 -0.0127830505371094 0.1600341796875 0.8895263671875
0.00951766967773438 0.0232162475585937 -0.33758544921875 0.5914306640625
0.0222816467285156 0.0281524658203125 0.0718994140625 0.0125045776367188
0.0052638053894043 0.00197839736938477 0.28485107421875 -0.68194580078125
-0.00360345840454102 0.00354123115539551 -0.43231201171875 -0.80499267578125
-0.0130290985107422 0.0128974914550781 -0.7974853515625 -0.00213623046874992
-0.0021204948425293 -0.00586652755737305 -0.345245361328125 0.5333251953125
0.0204219818115234 -0.0132904052734375 0.102752685546875 0.49359130859375
0.0090932846069336 -0.0163154602050781 0.32928466796875 0.18023681640625
0.0223503112792969 -0.0187397003173828 0.326690673828125 -0.06451416015625
0.0198898315429688 -0.0166721343994141 -0.30242919921875 0.019866943359375
0.0197105407714844 -0.0242919921875 -0.228546142578125 -0.262451171875
0.0337371826171875 -0.0178279876708984 0.089447021484375 -0.48065185546875
0.0170354843139648 0.0108413696289063 0.572509765625 -0.35614013671875
-0.0267162322998047 0.0156288146972656 0.68060302734375 0.3485107421875
-0.0228729248046875 -0.0125885009765625 0.145263671875 0.8887939453125
0.0111961364746094 0.0110883712768555 -0.3443603515625 0.578125
0.0316009521484375 0.0147361755371094 0.0800247192382813 -0.000244140624999999
0.00320911407470703 -0.00724220275878906 0.27471923828125 -0.69366455078125
-0.00488471984863281 0.00497293472290039 -0.44622802734375 -0.7978515625
-0.00493812561035156 0.0147304534912109 -0.79248046875 0.0133666992187499
0.00718975067138672 -0.0136327743530273 -0.329132080078125 0.539276123046875
0.0251750946044922 -0.0241432189941406 0.113922119140625 0.494781494140625
0.00696563720703125 -0.0260562896728516 0.327178955078125 0.176055908203125
0.0155677795410156 -0.0234947204589844 0.324371337890625 -0.072418212890625
0.0158977508544922 -0.0213584899902344 -0.307769775390625 0.014923095703125
0.0187397003173828 -0.0325355529785156 -0.2392578125 -0.264083862304687
0.0407447814941406 -0.0251197814941406 0.08154296875 -0.4810791015625
0.0294036865234375 0.00617408752441406 0.56866455078125 -0.36572265625
-0.0198001861572266 0.0187969207763672 0.687744140625 0.33612060546875
-0.0255775451660156 -0.0164871215820312 0.154052734375 0.8780517578125
0.0153751373291016 -0.00435256958007812 -0.3350830078125 0.569091796875
0.0439109802246094 -0.001312255859375 0.0840835571289063 -0.00635528564453125
0.00396537780761719 -0.0193614959716797 0.28155517578125 -0.7047119140625
-0.00647974014282227 0.00295209884643555 -0.44122314453125 -0.8106689453125
0.00238609313964844 0.0155982971191406 -0.7935791015625 0.00366210937500002
0.0168914794921875 -0.0211982727050781 -0.33135986328125 0.5369873046875
0.0312232971191406 -0.0319499969482422 0.10748291015625 0.496368408203125
0.00452041625976563 -0.0357704162597656 0.3193359375 0.17584228515625
0.00977706909179687 -0.0280895233154297 0.3199462890625 -0.07763671875
0.0107154846191406 -0.0255794525146484 -0.3165283203125 0.0109558105468749
0.0147705078125 -0.0369949340820312 -0.255813598632813 -0.263626098632812
0.0448036193847656 -0.0283012390136719 0.0587158203125 -0.485931396484375
0.0395050048828125 0.0038604736328125 0.55303955078125 -0.389923095703125
-0.0139274597167969 0.0179996490478516 0.69744873046875 0.30023193359375
-0.0261421203613281 -0.0224189758300781 0.18817138671875 0.859375
0.0203056335449219 -0.0201530456542969 -0.3162841796875 0.57171630859375
0.0571022033691406 -0.0160179138183594 0.0831756591796875 -0.00348663330078125
0.00687980651855469 -0.0321979522705078 0.30120849609375 -0.70172119140625
-0.00703239440917969 -0.00185012817382813 -0.40966796875 -0.8363037109375
0.00705432891845703 0.0147113800048828 -0.79498291015625 -0.0280151367187498
0.0241432189941406 -0.0240230560302734 -0.3536376953125 0.524505615234375
0.036376953125 -0.035308837890625 0.0902099609375 0.496978759765625
0.00206756591796875 -0.0394515991210937 0.306427001953125 0.1802978515625
0.00473785400390625 -0.0333652496337891 0.31317138671875 -0.081024169921875
0.0390586853027344 -0.00682449340820312 -0.310455322265625 0.0478820800781251
0.0117282867431641 0.0201511383056641 -0.278091430664063 -0.2357177734375
0.00986099243164063 0.0369186401367187 -0.04486083984375 -0.499114990234375
-0.0187225341796875 0.0316028594970703 0.41986083984375 -0.48699951171875
-0.0509490966796875 0.0020599365234375 0.71600341796875 0.13067626953125
-0.0217170715332031 -0.0426406860351563 0.3785400390625 0.78240966796875
0.0318584442138672 -0.00408363342285156 -0.210205078125 0.65594482421875
0.0404319763183594 0.0236968994140625 0.027923583984375 0.0798110961914063
0.0341434478759766 -0.0145149230957031 0.39630126953125 -0.60479736328125
0.00977897644042968 -0.0335369110107422 -0.2364501953125 -0.90997314453125
-0.0426445007324219 -0.00817489624023437 -0.8092041015625 -0.20556640625
-0.0305118560791016 0.0187034606933594 -0.486968994140625 0.450836181640625
0.00301551818847656 0.0306758880615234 -0.01824951171875 0.48944091796875
0.00376129150390625 0.0229339599609375 0.279510498046875 0.199447631835938
0.0334243774414063 -0.0130481719970703 0.306915283203125 -0.0562744140625
0.0381355285644531 -0.00696182250976562 -0.3038330078125 0.0445556640625
0.0134191513061523 0.0158138275146484 -0.259857177734375 -0.241378784179687
0.008636474609375 0.02899169921875 -0.0111083984375 -0.49822998046875
-0.0204563140869141 0.0274009704589844 0.455841064453125 -0.45831298828125
-0.0488204956054687 0.0031280517578125 0.7108154296875 0.1826171875
-0.0186576843261719 -0.0326633453369141 0.32666015625 0.815185546875
0.0251178741455078 0.0117301940917969 -0.24310302734375 0.6473388671875
0.0276508331298828 0.0331878662109375 0.0328559875488281 0.06817626953125
0.0237236022949219 -0.00340843200683594 0.36065673828125 -0.61895751953125
0.00603294372558594 -0.0221996307373047 -0.298828125 -0.8778076171875
-0.0379829406738281 -0.00136184692382813 -0.813232421875 -0.14434814453125
-0.0269355773925781 0.0167655944824219 -0.44970703125 0.476531982421875
0.00515365600585938 0.0245246887207031 0.017669677734375 0.49395751953125
0.00711536407470703 0.0164060592651367 0.29620361328125 0.196502685546875
0.0338459014892578 -0.0134544372558594 0.3134765625 -0.053497314453125
0.0342750549316406 -0.00632667541503906 -0.298736572265625 0.0407714843749999
0.0151939392089844 0.00796699523925781 -0.243423461914063 -0.24493408203125
0.0103225708007813 0.016901969909668 0.0244140625 -0.490386962890625
-0.0172100067138672 0.0211296081542969 0.4921875 -0.42254638671875
-0.0453758239746094 0.0042572021484375 0.7001953125 0.2415771484375
-0.0179042816162109 -0.0245342254638672 0.2669677734375 0.84466552734375
0.0179233551025391 0.0218372344970703 -0.279296875 0.6292724609375
0.0202980041503906 0.0384025573730469 0.0444297790527344 0.0480537414550781
0.0142326354980469 0.00288677215576172 0.32647705078125 -0.638916015625
0.00172996520996094 -0.0105867385864258 -0.35601806640625 -0.84295654296875
-0.0303306579589844 0.00621795654296875 -0.807373046875 -0.0802001953124999
-0.0194873809814453 0.0130634307861328 -0.40631103515625 0.50213623046875
0.0102977752685547 0.0120658874511719 0.055511474609375 0.49322509765625
0.0108327865600586 0.00701141357421875 0.310791015625 0.1884765625
0.0301933288574219 -0.0151348114013672 0.3204345703125 -0.058197021484375
0.0300254821777344 -0.00830459594726562 -0.2947998046875 0.03619384765625
0.0173606872558594 -0.00193119049072266 -0.231353759765625 -0.250885009765625
0.0162353515625 0.005218505859375 0.056488037109375 -0.48455810546875
-0.0097646713256836 0.0174179077148438 0.5269775390625 -0.388427734375
-0.0392990112304688 0.008453369140625 0.690673828125 0.2930908203125
-0.0185604095458984 -0.0170497894287109 0.2110595703125 0.8670654296875
0.0135860443115234 0.0247459411621094 -0.30877685546875 0.606201171875
0.0183563232421875 0.0352630615234375 0.0588645935058594 0.0288047790527344
0.00868606567382813 0.00531196594238281 0.2945556640625 -0.658935546875
-0.000559329986572266 -0.00282049179077148 -0.4066162109375 -0.81097412109375
-0.0229835510253906 0.0113868713378906 -0.79962158203125 -0.0261230468749999
-0.0126676559448242 0.00434494018554687 -0.36456298828125 0.52203369140625
0.014948844909668 -0.00061798095703125 0.087799072265625 0.49200439453125
0.0108413696289063 -0.00330066680908203 0.3232421875 0.18011474609375
0.0270042419433594 -0.0175285339355469 0.32293701171875 -0.06298828125
0.0243377685546875 -0.0121593475341797 -0.295623779296875 0.03021240234375
0.0201072692871094 -0.0139007568359375 -0.2269287109375 -0.252761840820312
0.0242538452148438 -0.00763130187988281 0.075286865234375 -0.477447509765625
0.00298595428466797 0.0121335983276367 0.5496826171875 -0.36651611328125
-0.0331344604492188 0.0121078491210937 0.67950439453125 0.32623291015625
-0.0207099914550781 -0.0124683380126953 0.1685791015625 0.87921142578125
0.0105686187744141 0.0218544006347656 -0.32891845703125 0.58831787109375
0.0215244293212891 0.0283393859863281 0.06988525390625 0.0112113952636719
0.0041806697845459 0.00310373306274414 0.27679443359375 -0.6768798828125
-0.00252032279968262 0.00419116020202637 -0.43536376953125 -0.7928466796875
-0.0128211975097656 0.0140275955200195 -0.78997802734375 0.00738525390624995
-0.00209903717041016 -0.00609588623046875 -0.33380126953125 0.534698486328125
0.0192012786865234 -0.0142631530761719 0.108673095703125 0.4886474609375
0.00984764099121094 -0.015873908996582 0.327850341796875 0.1727294921875
0.0204563140869141 -0.0194530487060547 0.324066162109375 -0.0694580078125
0.0200309753417969 -0.0166053771972656 -0.29833984375 0.024810791015625
0.0203208923339844 -0.0247230529785156 -0.2303466796875 -0.255203247070312
0.0338230133056641 -0.0175151824951172 0.0821533203125 -0.47576904296875
0.0165739059448242 0.00944900512695313 0.561553955078125 -0.358978271484375
-0.0260734558105469 0.0167598724365234 0.67706298828125 0.33917236328125
-0.0224342346191406 -0.0129356384277344 0.15045166015625 0.8800048828125
0.0118560791015625 0.010772705078125 -0.33392333984375 0.5740966796875
0.0317325592041016 0.0143718719482422 0.0787124633789063 -0.00124359130859375
0.00290012359619141 -0.0073094367980957 0.2657470703125 -0.69158935546875
-0.00463199615478516 0.00493955612182617 -0.44976806640625 -0.78582763671875
-0.0036153793334961 0.0158824920654297 -0.78326416015625 0.0227050781250001
0.00686931610107422 -0.0140409469604492 -0.3187255859375 0.5390625
0.0243797302246094 -0.0249366760253906 0.117767333984375 0.48846435546875
0.00758743286132812 -0.0263786315917969 0.326171875 0.168975830078125
0.015716552734375 -0.0241222381591797 0.32159423828125 -0.07647705078125
0.0155372619628906 -0.0216083526611328 -0.30511474609375 0.018768310546875
0.0184402465820313 -0.0333442687988281 -0.24114990234375 -0.257705688476563
0.0405387878417969 -0.0250930786132813 0.07421875 -0.477142333984375
0.0288314819335938 0.00693702697753906 0.557891845703125 -0.3690185546875
-0.0192623138427734 0.0193061828613281 0.68341064453125 0.3258056640625
-0.0244941711425781 -0.0154800415039063 0.162353515625 0.8704833984375
0.0162572860717773 -0.00455188751220703 -0.32916259765625 0.5670166015625
0.0434684753417969 -0.00119781494140625 0.0815658569335938 -0.0079345703125
0.00281906127929687 -0.0180225372314453 0.2705078125 -0.70062255859375
-0.00548124313354492 0.0037384033203125 -0.44464111328125 -0.796875
0.00284671783447266 0.0157222747802734 -0.78387451171875 0.0125732421874999
0.0159854888916016 -0.0215320587158203 -0.321685791015625 0.536163330078125
0.0300807952880859 -0.0317840576171875 0.114532470703125 0.489776611328125
0.00339889526367187 -0.0345668792724609 0.318572998046875 0.16986083984375
0.00904083251953125 -0.0282020568847656 0.31671142578125 -0.081634521484375
0.0111351013183594 -0.0263347625732422 -0.313690185546875 0.0160217285156249
0.0150032043457031 -0.0370101928710938 -0.25738525390625 -0.2574462890625
0.0440292358398437 -0.0291175842285156 0.049835205078125 -0.47930908203125
0.0382957458496094 0.00380325317382812 0.542022705078125 -0.391876220703125
-0.0141105651855469 0.0180339813232422 0.693603515625 0.28955078125
-0.0259361267089844 -0.0222129821777344 0.195556640625 0.8489990234375
0.0200023651123047 -0.020965576171875 -0.3082275390625 0.56787109375
0.0560455322265625 -0.0169105529785156 0.0814590454101563 -0.0047454833984375
0.0067596435546875 -0.0313491821289063 0.29248046875 -0.69781494140625
-0.00654411315917969 -0.00205516815185547 -0.414794921875 -0.82269287109375
0.00658035278320312 0.0160417556762695 -0.7867431640625 -0.0197143554687499
0.0238609313964844 -0.023895263671875 -0.34173583984375 0.523193359375
0.0356330871582031 -0.0355033874511719 0.094512939453125 0.491424560546875
0.00272750854492187 -0.039459228515625 0.306854248046875 0.17529296875
0.00326919555664062 -0.0328197479248047 0.30987548828125 -0.08392333984375
0.038970947265625 -0.0071258544921875 -0.30810546875 0.05157470703125
0.0117683410644531 0.0205268859863281 -0.2784423828125 -0.229888916015625
0.0109481811523437 0.0362815856933594 -0.04937744140625 -0.4925537109375
-0.0190353393554688 0.0315933227539063 0.40960693359375 -0.4854736328125
-0.0501251220703125 0.00371170043945312 0.7076416015625 0.12200927734375
-0.0215644836425781 -0.0418548583984375 0.38043212890625 0.77081298828125
0.0316696166992188 -0.00410079956054688 -0.2039794921875 0.6495361328125
0.0401535034179688 0.0239295959472656 0.0269927978515625 0.0779647827148438
0.0329647064208984 -0.0140914916992188 0.38616943359375 -0.60003662109375
0.0094146728515625 -0.0333347320556641 -0.242919921875 -0.89703369140625
-0.0411224365234375 -0.00748062133789063 -0.80291748046875 -0.19647216796875
-0.0299873352050781 0.0185356140136719 -0.47686767578125 0.450439453125
0.00359344482421875 0.0300083160400391 -0.01165771484375 0.484588623046875
0.00457954406738281 0.0222129821777344 0.278152465820313 0.193878173828125
0.0327644348144531 -0.0138950347900391 0.304229736328125 -0.059539794921875
0.0382499694824219 -0.0062713623046875 -0.300811767578125 0.0487060546874999
0.0135564804077148 0.0157709121704102 -0.26025390625 -0.23480224609375
0.00941848754882812 0.0287361145019531 -0.018402099609375 -0.4913330078125
-0.0199356079101562 0.027099609375 0.4451904296875 -0.4569091796875
-0.0495147705078125 0.00381088256835938 0.70538330078125 0.175537109375
-0.0188217163085938 -0.0325965881347656 0.3319091796875 0.802734375
0.0250511169433594 0.0107746124267578 -0.2371826171875 0.63983154296875
0.0274868011474609 0.0334205627441406 0.0328750610351563 0.0653343200683594
0.02264404296875 -0.00368690490722656 0.352783203125 -0.617431640625
0.00605583190917969 -0.0213413238525391 -0.3037109375 -0.865478515625
-0.0368270874023437 -0.00062179565429687 -0.80706787109375 -0.13458251953125
-0.0259590148925781 0.0167427062988281 -0.44000244140625 0.4779052734375
0.006072998046875 0.0226860046386719 0.022125244140625 0.488677978515625
0.00805187225341797 0.0168323516845703 0.295257568359375 0.1912841796875
0.0319480895996094 -0.0137691497802734 0.31048583984375 -0.057403564453125
0.0346221923828125 -0.00709342956542969 -0.29510498046875 0.0450439453125
0.0149679183959961 0.00864982604980469 -0.243392944335938 -0.240249633789063
0.0105609893798828 0.0173435211181641 0.018035888671875 -0.4864501953125
-0.0167598724365234 0.0214080810546875 0.483612060546875 -0.4215087890625
-0.0448493957519531 0.00616836547851562 0.69384765625 0.23358154296875
-0.0179862976074219 -0.0232505798339844 0.26971435546875 0.8349609375
0.0184516906738281 0.0213165283203125 -0.27056884765625 0.6224365234375
0.0198631286621094 0.0376243591308594 0.0442085266113281 0.0471000671386719
0.0147590637207031 0.00363540649414062 0.31719970703125 -0.6329345703125
0.00230693817138672 -0.00980567932128906 -0.35870361328125 -0.82928466796875
-0.0295257568359375 0.00666427612304687 -0.80010986328125 -0.07293701171875
-0.0199146270751953 0.0118541717529297 -0.396484375 0.500152587890625
0.00989055633544922 0.0124301910400391 0.060638427734375 0.487548828125
0.0100622177124023 0.00654029846191406 0.31146240234375 0.18304443359375
0.0297794342041016 -0.0146522521972656 0.3162841796875 -0.06134033203125
0.0296039581298828 -0.00857734680175781 -0.29229736328125 0.038909912109375
0.0172214508056641 -0.00186252593994141 -0.231781005859375 -0.243820190429688
0.0159120559692383 0.00503063201904297 0.048797607421875 -0.478546142578125
-0.00946903228759765 0.0167551040649414 0.518463134765625 -0.389556884765625
-0.0394973754882813 0.00886917114257812 0.68359375 0.28411865234375
-0.0184745788574219 -0.0170021057128906 0.21588134765625 0.8575439453125
0.0129146575927734 0.0233516693115234 -0.30242919921875 0.601806640625
0.0178699493408203 0.0350456237792969 0.0576057434082031 0.0261383056640625
0.00805187225341797 0.005340576171875 0.2850341796875 -0.657470703125
-0.000249862670898437 -0.00237464904785156 -0.4093017578125 -0.79888916015625
-0.0216026306152344 0.0110702514648437 -0.79132080078125 -0.01849365234375
-0.011652946472168 0.00460338592529297 -0.3541259765625 0.520294189453125
0.014094352722168 -0.000885963439941406 0.09149169921875 0.48419189453125
0.0106916427612305 -0.00393009185791016 0.3211669921875 0.17529296875
0.0257453918457031 -0.0160179138183594 0.319915771484375 -0.066558837890625
0.0242195129394531 -0.0125770568847656 -0.292266845703125 0.0330505371093751
0.0194606781005859 -0.0136947631835937 -0.22784423828125 -0.247390747070312
0.0244617462158203 -0.00786399841308594 0.068939208984375 -0.473846435546875
0.00257301330566406 0.0124979019165039 0.538848876953125 -0.368377685546875
-0.0319690704345703 0.0131587982177734 0.67437744140625 0.31719970703125
-0.0202560424804688 -0.0117263793945313 0.173095703125 0.86810302734375
0.0103244781494141 0.0202140808105469 -0.321533203125 0.58245849609375
0.0213832855224609 0.0275669097900391 0.0672798156738281 0.00960540771484375
0.0036618709564209 0.00292897224426269 0.265625 -0.672119140625
-0.00267934799194336 0.00349760055541992 -0.43603515625 -0.7801513671875
-0.0126075744628906 0.0144281387329102 -0.78131103515625 0.0152587890625
-0.00247478485107422 -0.0053558349609375 -0.3245849609375 0.53253173828125
0.0193500518798828 -0.0141258239746094 0.112640380859375 0.482208251953125
0.0087432861328125 -0.0158481597900391 0.32733154296875 0.16766357421875
0.0202579498291016 -0.0197601318359375 0.320159912109375 -0.073150634765625
0.0196266174316406 -0.0168628692626953 -0.2957763671875 0.02716064453125
0.0199451446533203 -0.0235939025878906 -0.231521606445312 -0.249526977539063
0.0326290130615234 -0.0172214508056641 0.075927734375 -0.47100830078125
0.0156106948852539 0.00959396362304688 0.549530029296875 -0.35943603515625
-0.0266036987304687 0.0162239074707031 0.6727294921875 0.330078125
-0.0225582122802734 -0.0123157501220703 0.15631103515625 0.86871337890625
0.0123872756958008 0.0085296630859375 -0.32708740234375 0.5689697265625
0.0307445526123047 0.0143089294433594 0.0761642456054687 -0.0028533935546875
0.00193023681640625 -0.00600290298461914 0.25604248046875 -0.685302734375
-0.00481367111206055 0.00553274154663086 -0.4488525390625 -0.77325439453125
-0.00416183471679688 0.0153980255126953 -0.7747802734375 0.0289916992187498
0.00611400604248047 -0.0137920379638672 -0.30963134765625 0.534881591796875
0.0242710113525391 -0.0244579315185547 0.1226806640625 0.48126220703125
0.00665664672851563 -0.0264396667480469 0.325714111328125 0.164459228515625
0.0137577056884766 -0.0233936309814453 0.317657470703125 -0.0806884765625
0.0149078369140625 -0.0220298767089844 -0.3021240234375 0.0225524902343749
0.0195159912109375 -0.0322856903076172 -0.242385864257812 -0.2510986328125
0.0404434204101563 -0.0257835388183594 0.0677490234375 -0.471435546875
0.0279369354248047 0.00592422485351562 0.5484619140625 -0.36907958984375
-0.0194797515869141 0.0194129943847656 0.67840576171875 0.3173828125
-0.0242729187011719 -0.0155353546142578 0.16644287109375 0.85992431640625
0.0160093307495117 -0.00506401062011719 -0.3221435546875 0.56304931640625
0.0429496765136719 -0.00139999389648438 0.08050537109375 -0.0087127685546875
0.00272655487060547 -0.0173320770263672 0.2606201171875 -0.69439697265625
-0.00587844848632812 0.00403308868408203 -0.445556640625 -0.78460693359375
0.00251483917236328 0.0152559280395508 -0.77423095703125 0.0199584960937499
0.0148277282714844 -0.0209312438964844 -0.313079833984375 0.5322265625
0.0295143127441406 -0.0330867767333984 0.1182861328125 0.48284912109375
0.00377655029296875 -0.0339145660400391 0.318206787109375 0.164886474609375
0.0079345703125 -0.0283107757568359 0.313507080078125 -0.084381103515625
0.0105915069580078 -0.0260009765625 -0.310546875 0.019744873046875
0.015960693359375 -0.0363616943359375 -0.2578125 -0.251663208007813
0.0441360473632812 -0.0301322937011719 0.04486083984375 -0.474365234375
0.037872314453125 0.002593994140625 0.530487060546875 -0.39263916015625
-0.0139560699462891 0.0181484222412109 0.68768310546875 0.2816162109375
-0.0262241363525391 -0.02166748046875 0.19891357421875 0.838623046875
0.0202255249023438 -0.0206642150878906 -0.3006591796875 0.5643310546875
0.0553474426269531 -0.0171623229980469 0.0788726806640625 -0.00608062744140625
0.00557518005371094 -0.0309906005859375 0.28125 -0.69189453125
-0.00656652450561523 -0.00146675109863281 -0.416259765625 -0.80841064453125
0.00676155090332031 0.015477180480957 -0.77984619140625 -0.0138549804687499
0.02288818359375 -0.0236434936523438 -0.333831787109375 0.522064208984375
0.0347900390625 -0.0356903076171875 0.09954833984375 0.485626220703125
0.00147247314453125 -0.0382843017578125 0.30450439453125 0.17034912109375
0.0029449462890625 -0.0336360931396484 0.306640625 -0.088043212890625
0.0393142700195313 -0.00777816772460938 -0.304931640625 0.0548095703125
0.0128917694091797 0.0201988220214844 -0.278472900390625 -0.22412109375
0.0102272033691406 0.0352745056152344 -0.05511474609375 -0.484375
-0.0183181762695313 0.0319538116455078 0.400115966796875 -0.481353759765625
-0.0506324768066406 0.00471115112304687 0.6998291015625 0.1163330078125
-0.021453857421875 -0.0424041748046875 0.381591796875 0.760498046875
0.0317401885986328 -0.00479888916015625 -0.1983642578125 0.64373779296875
0.0394020080566406 0.0243072509765625 0.0274887084960938 0.0761947631835938
0.0321445465087891 -0.0137386322021484 0.37908935546875 -0.596923828125
0.00907325744628906 -0.0328712463378906 -0.24591064453125 -0.88665771484375
-0.0409660339355469 -0.00770950317382813 -0.79461669921875 -0.18621826171875
-0.0301761627197266 0.0182323455810547 -0.4676513671875 0.449737548828125
0.0042724609375 0.0290699005126953 -0.00686645507812496 0.479217529296875
0.00458145141601562 0.0218429565429688 0.278778076171875 0.189590454101563
0.0316581726074219 -0.0143280029296875 0.29986572265625 -0.061981201171875
0.0375404357910156 -0.00702667236328125 -0.29779052734375 0.051239013671875
0.0140800476074219 0.0157442092895508 -0.259979248046875 -0.229568481445312
0.00961685180664063 0.0283184051513672 -0.0218505859375 -0.485137939453125
-0.0203914642333984 0.0272140502929688 0.436676025390625 -0.455474853515625
-0.0486602783203125 0.00547409057617188 0.69732666015625 0.16900634765625
-0.0188770294189453 -0.0326366424560547 0.33209228515625 0.79290771484375
0.0252723693847656 0.0101585388183594 -0.2303466796875 0.63275146484375
0.0270099639892578 0.0325679779052734 0.0324783325195313 0.063873291015625
0.0218162536621094 -0.00262451171875 0.343994140625 -0.610595703125
0.00565719604492188 -0.0212059020996094 -0.30316162109375 -0.852783203125
-0.035675048828125 -0.000373840332031257 -0.79803466796875 -0.1265869140625
-0.0275955200195312 0.0171985626220703 -0.43170166015625 0.475830078125
0.00711250305175781 0.0214767456054688 0.026092529296875 0.482940673828125
0.00802230834960938 0.0159444808959961 0.29388427734375 0.185882568359375
0.0316867828369141 -0.0137882232666016 0.30810546875 -0.060089111328125
0.0338821411132813 -0.00726127624511719 -0.29248046875 0.0476074218750001
0.0164422988891602 0.00773429870605469 -0.244659423828125 -0.234832763671875
0.0112075805664063 0.0166587829589844 0.01336669921875 -0.4788818359375
-0.0176849365234375 0.0213203430175781 0.4737548828125 -0.42138671875
-0.0438461303710938 0.0063323974609375 0.6871337890625 0.22637939453125
-0.017669677734375 -0.0231189727783203 0.2735595703125 0.82403564453125
0.0175189971923828 0.019805908203125 -0.26666259765625 0.61578369140625
0.01953125 0.0373878479003906 0.0429954528808594 0.0457077026367188
0.013671875 0.00463485717773438 0.3099365234375 -0.6285400390625
0.00257587432861328 -0.00958919525146484 -0.36016845703125 -0.81494140625
-0.0291042327880859 0.00636863708496094 -0.7911376953125 -0.0650024414062499
-0.020263671875 0.0123920440673828 -0.388397216796875 0.499359130859375
0.00968551635742188 0.0113687515258789 0.0621337890625 0.480377197265625
0.0106010437011719 0.00669670104980469 0.308990478515625 0.177642822265625
0.0290508270263672 -0.0138339996337891 0.312469482421875 -0.064361572265625
0.0294551849365234 -0.00834846496582031 -0.290008544921875 0.04193115234375
0.0183677673339844 -0.00201606750488281 -0.232147216796875 -0.238189697265625
0.0161943435668945 0.00373458862304687 0.04315185546875 -0.474945068359375
-0.0100746154785156 0.0167102813720703 0.506805419921875 -0.387939453125
-0.0392990112304688 0.00842666625976562 0.67718505859375 0.27679443359375
-0.0182304382324219 -0.0167770385742187 0.21832275390625 0.84625244140625
0.0128078460693359 0.0236339569091797 -0.29669189453125 0.59564208984375
0.0183448791503906 0.0346794128417969 0.0563201904296875 0.0251121520996094
0.00821638107299805 0.005859375 0.277587890625 -0.650146484375
7.27176666259754E-06 -0.0015188455581665 -0.409912109375 -0.7864990234375
-0.0208473205566406 0.011566162109375 -0.78314208984375 -0.0126953125
-0.0124683380126953 0.00432777404785156 -0.347381591796875 0.517730712890625
0.0143671035766602 -0.00131607055664062 0.0951843261718749 0.4779052734375
0.0111007690429688 -0.00477313995361328 0.31976318359375 0.16986083984375
0.0244407653808594 -0.0185642242431641 0.31671142578125 -0.0697021484375
0.0244865417480469 -0.0124607086181641 -0.29071044921875 0.037200927734375
0.0194149017333984 -0.0135154724121094 -0.227783203125 -0.24212646484375
0.0246181488037109 -0.00766563415527344 0.063751220703125 -0.468414306640625
0.00269222259521484 0.0121669769287109 0.530303955078125 -0.3673095703125
-0.0321235656738281 0.0134296417236328 0.6688232421875 0.31011962890625
-0.0201930999755859 -0.0115451812744141 0.17694091796875 0.8572998046875
0.0102348327636719 0.0199756622314453 -0.31585693359375 0.57806396484375
0.0209312438964844 0.0271949768066406 0.0668411254882813 0.00777053833007813
0.0031590461730957 0.00394272804260254 0.2591552734375 -0.667724609375
-0.00160408020019531 0.00435376167297363 -0.434814453125 -0.7666015625
-0.0115861892700195 0.0146646499633789 -0.7716064453125 0.0205688476562499
-0.00336122512817383 -0.00536727905273438 -0.31805419921875 0.52728271484375
0.0188217163085938 -0.0140209197998047 0.1160888671875 0.47503662109375
0.00866413116455078 -0.0159168243408203 0.325164794921875 0.161895751953125
0.0190544128417969 -0.0207710266113281 0.316986083984375 -0.075836181640625
0.0193138122558594 -0.0166378021240234 -0.293914794921875 0.031463623046875
0.0209579467773437 -0.0235271453857422 -0.231552124023437 -0.244415283203125
0.0329818725585938 -0.0186691284179688 0.0694580078125 -0.466522216796875
0.015650749206543 0.00962924957275391 0.5418701171875 -0.359619140625
-0.0252895355224609 0.0169124603271484 0.66595458984375 0.3226318359375
-0.0214195251464844 -0.0118122100830078 0.15814208984375 0.858642578125
0.0115890502929688 0.00901031494140625 -0.32269287109375 0.565185546875
0.0305080413818359 0.0140876770019531 0.0743026733398437 -0.0045166015625
0.00173616409301758 -0.00448369979858398 0.2481689453125 -0.67919921875
-0.00346231460571289 0.00640726089477539 -0.450439453125 -0.7598876953125
-0.00330829620361328 0.0152826309204102 -0.7662353515625 0.0344848632812501
0.00598621368408203 -0.0137357711791992 -0.303466796875 0.532379150390625
0.02386474609375 -0.0261497497558594 0.125885009765625 0.475250244140625
0.006927490234375 -0.0262928009033203 0.3236083984375 0.159759521484375
0.0126762390136719 -0.0237674713134766 0.314239501953125 -0.082855224609375
0.0152263641357422 -0.0214405059814453 -0.2999267578125 0.0263366699218751
0.0196323394775391 -0.0315990447998047 -0.242279052734375 -0.245468139648437
0.0403251647949219 -0.0256919860839844 0.0617980957031251 -0.466217041015625
0.0280418395996094 0.00584030151367188 0.53826904296875 -0.368255615234375
-0.0193996429443359 0.0192966461181641 0.67193603515625 0.308837890625
-0.0234260559082031 -0.0156898498535156 0.1693115234375 0.85015869140625
0.0150012969970703 -0.00519943237304688 -0.315673828125 0.55841064453125
0.0412979125976563 -0.0015869140625 0.077667236328125 -0.01031494140625
0.00254058837890625 -0.0162630081176758 0.2542724609375 -0.6888427734375
-0.00580835342407227 0.00449371337890625 -0.44525146484375 -0.77313232421875
0.00328350067138672 0.0154094696044922 -0.76678466796875 0.024658203125
0.0145492553710938 -0.0213661193847656 -0.305206298828125 0.529052734375
0.0286273956298828 -0.0336399078369141 0.120635986328125 0.476593017578125
0.00362777709960937 -0.0337333679199219 0.316009521484375 0.160003662109375
0.00676345825195312 -0.0280361175537109 0.309783935546875 -0.08770751953125
0.0105361938476562 -0.0254802703857422 -0.307098388671875 0.02288818359375
0.0157203674316406 -0.0354804992675781 -0.258438110351563 -0.24652099609375
0.0444793701171875 -0.0293426513671875 0.0399169921875 -0.468841552734375
0.0373687744140625 0.00301742553710938 0.5223388671875 -0.391571044921875
-0.0142917633056641 0.0183696746826172 0.68011474609375 0.27471923828125
-0.0244388580322266 -0.0213775634765625 0.2020263671875 0.82855224609375
0.0194301605224609 -0.0212020874023438 -0.29669189453125 0.558135986328125
0.0544471740722656 -0.0167579650878906 0.0770111083984375 -0.00807952880859375
0.00588226318359375 -0.0297431945800781 0.274658203125 -0.686767578125
-0.00678634643554688 -0.000913143157958983 -0.4168701171875 -0.797119140625
0.007720947265625 0.0154514312744141 -0.770263671875 -0.00665283203125007
0.0220279693603516 -0.023345947265625 -0.32464599609375 0.517730712890625
0.0341796875 -0.0358009338378906 0.101593017578125 0.4793701171875
0.000728607177734379 -0.0389251708984375 0.302581787109375 0.163970947265625
0.00276756286621093 -0.0322608947753906 0.303436279296875 -0.089752197265625
0.0390777587890625 -0.0074615478515625 -0.30267333984375 0.05621337890625
0.0131492614746094 0.0200996398925781 -0.27734375 -0.21966552734375
0.0111427307128906 0.0360069274902344 -0.058013916015625 -0.479156494140625
-0.0186519622802734 0.0312633514404297 0.3935546875 -0.478546142578125
-0.0497779846191406 0.00482940673828124 0.6939697265625 0.1146240234375
-0.0216255187988281 -0.041595458984375 0.3790283203125 0.75225830078125
0.029815673828125 -0.00506782531738281 -0.19586181640625 0.636474609375
0.0390625 0.0231170654296875 0.0257644653320313 0.0742263793945313
0.0308246612548828 -0.0131111145019531 0.37432861328125 -0.5889892578125
0.00969123840332031 -0.0318126678466797 -0.2457275390625 -0.87420654296875
-0.0402984619140625 -0.00754165649414062 -0.78778076171875 -0.181396484375
-0.0303230285644531 0.0182418823242187 -0.462890625 0.44683837890625
0.00416755676269531 0.0292530059814453 -0.00485229492187498 0.475006103515625
0.00428581237792969 0.0218124389648438 0.276901245117188 0.185440063476562
0.0306415557861328 -0.0143260955810547 0.298004150390625 -0.063568115234375
0.0372772216796875 -0.00609970092773438 -0.294464111328125 0.053955078125
0.015416145324707 0.0165548324584961 -0.259872436523437 -0.2254638671875
0.00957870483398438 0.0285854339599609 -0.025421142578125 -0.478515625
-0.0203895568847656 0.0271205902099609 0.42889404296875 -0.450286865234375
-0.0477752685546875 0.00558853149414062 0.68988037109375 0.16546630859375
-0.0180435180664063 -0.0318603515625 0.3321533203125 0.7852783203125
0.0248432159423828 0.0101089477539063 -0.22735595703125 0.6260986328125
0.0269927978515625 0.0331935882568359 0.0318450927734375 0.0618095397949219
0.0208148956298828 -0.00226020812988281 0.33892822265625 -0.603515625
0.0062408447265625 -0.0200595855712891 -0.302978515625 -0.84033203125
-0.035980224609375 4.40616116685969E-18 -0.7911376953125 -0.12322998046875
-0.0266456604003906 0.0164222717285156 -0.4244384765625 0.47314453125
0.00666999816894531 0.0219573974609375 0.027801513671875 0.478515625
0.0081930160522461 0.0165290832519531 0.292266845703125 0.182525634765625
0.0302276611328125 -0.0139732360839844 0.30621337890625 -0.06121826171875
0.0333175659179688 -0.00694465637207031 -0.29010009765625 0.049407958984375
0.0169124603271484 0.00832080841064453 -0.243194580078125 -0.229278564453125
0.0122900009155273 0.016448974609375 0.010162353515625 -0.47479248046875
-0.0175838470458984 0.0219821929931641 0.467071533203125 -0.4166259765625
-0.0443992614746094 0.00651168823242187 0.6807861328125 0.2203369140625
-0.0170860290527344 -0.0232276916503906 0.270263671875 0.8134765625
0.0177593231201172 0.0201187133789062 -0.2623291015625 0.61138916015625
0.0188102722167969 0.0371170043945313 0.0425567626953125 0.0433197021484375
0.0126256942749023 0.00493240356445313 0.3060302734375 -0.62335205078125
0.00280380249023438 -0.00924968719482422 -0.357421875 -0.80572509765625
-0.0286884307861328 0.0068511962890625 -0.7822265625 -0.0612792968750001
-0.0206165313720703 0.0120658874511719 -0.3819580078125 0.496826171875
0.0102319717407227 0.0106611251831055 0.065032958984375 0.476715087890625
0.0103855133056641 0.00712108612060547 0.3072509765625 0.174224853515625
0.0284633636474609 -0.0150146484375 0.311004638671875 -0.065582275390625
0.0288200378417969 -0.00927162170410156 -0.28704833984375 0.044342041015625
0.0194530487060547 -0.00120162963867188 -0.23175048828125 -0.234405517578125
0.0174083709716797 0.00385570526123047 0.039825439453125 -0.46868896484375
-0.0101327896118164 0.0168466567993164 0.500762939453125 -0.386505126953125
-0.03887939453125 0.00994491577148438 0.670654296875 0.272705078125
-0.017730712890625 -0.0171871185302734 0.21795654296875 0.8355712890625
0.0131072998046875 0.0228366851806641 -0.2916259765625 0.59027099609375
0.0173931121826172 0.0350723266601563 0.0551986694335938 0.024169921875
0.0071721076965332 0.00589990615844727 0.2730712890625 -0.64227294921875
0.00100612640380859 -0.00168848037719727 -0.40606689453125 -0.77398681640625
-0.0212421417236328 0.0117816925048828 -0.7755126953125 -0.00891113281250002
-0.013218879699707 0.00444984436035156 -0.341766357421875 0.514373779296875
0.0147619247436523 -0.00212287902832031 0.09765625 0.472442626953125
0.0106077194213867 -0.00420951843261719 0.31829833984375 0.165008544921875
0.0243988037109375 -0.0165596008300781 0.313751220703125 -0.070587158203125
0.0246315002441406 -0.0128822326660156 -0.28741455078125 0.03936767578125
0.0207252502441406 -0.0139369964599609 -0.2276611328125 -0.237380981445312
0.0257701873779297 -0.00909805297851563 0.06158447265625 -0.46343994140625
0.00140285491943359 0.0128393173217773 0.52239990234375 -0.364593505859375
-0.0319404602050781 0.0139083862304687 0.66265869140625 0.30523681640625
-0.0194416046142578 -0.0111942291259766 0.17572021484375 0.848876953125
0.0106525421142578 0.0193195343017578 -0.31298828125 0.57171630859375
0.0195846557617187 0.0273914337158203 0.0655975341796875 0.00796127319335938
0.00279808044433594 0.00407695770263672 0.25543212890625 -0.658447265625
-0.00261926651000977 0.00454521179199219 -0.433349609375 -0.7576904296875
-0.0113010406494141 0.0147886276245117 -0.7645263671875 0.02349853515625
-0.00359535217285156 -0.00461006164550781 -0.311981201171875 0.52557373046875
0.0189247131347656 -0.0148906707763672 0.118194580078125 0.469635009765625
0.0088510513305664 -0.0161409378051758 0.322967529296875 0.15875244140625
0.0184726715087891 -0.0193862915039063 0.313018798828125 -0.07745361328125
0.0193157196044922 -0.0166244506835938 -0.290985107421875 0.033538818359375
0.0208778381347656 -0.0230503082275391 -0.23162841796875 -0.240859985351563
0.0334873199462891 -0.0187492370605469 0.066253662109375 -0.460418701171875
0.015070915222168 0.00934219360351563 0.532562255859375 -0.3577880859375
-0.026641845703125 0.0170745849609375 0.659423828125 0.316162109375
-0.0216865539550781 -0.0134258270263672 0.15985107421875 0.84979248046875
0.0118122100830078 0.00883388519287109 -0.319061279296875 0.559112548828125
0.0299396514892578 0.0133991241455078 0.0728607177734375 -0.00482177734375
0.00131607055664063 -0.00478124618530273 0.24310302734375 -0.67236328125
-0.00399351119995117 0.00604581832885742 -0.44757080078125 -0.75067138671875
-0.002471923828125 0.0154485702514648 -0.75909423828125 0.0375366210937501
0.00402927398681641 -0.0151052474975586 -0.295928955078125 0.529052734375
0.0237598419189453 -0.0255031585693359 0.127410888671875 0.468963623046875
0.00657844543457031 -0.0254840850830078 0.321197509765625 0.15570068359375
0.0120887756347656 -0.0233592987060547 0.31121826171875 -0.083251953125
0.0147132873535156 -0.0212936401367188 -0.29705810546875 0.028350830078125
0.0191783905029297 -0.0321369171142578 -0.241836547851562 -0.240982055664063
0.0405960083007813 -0.0261306762695312 0.057586669921875 -0.459564208984375
0.0276908874511719 0.00574684143066406 0.53155517578125 -0.3668212890625
-0.0189495086669922 0.0192470550537109 0.66485595703125 0.30523681640625
-0.02325439453125 -0.0157890319824219 0.16888427734375 0.84112548828125
0.0150384902954102 -0.00510978698730469 -0.3111572265625 0.553131103515625
0.0410919189453125 -0.00181961059570313 0.0762252807617188 -0.0111846923828125
0.00182247161865234 -0.0153036117553711 0.24761962890625 -0.68109130859375
-0.00516700744628906 0.00417613983154297 -0.4420166015625 -0.762451171875
0.00382232666015625 0.0151119232177734 -0.758056640625 0.0277709960937499
0.0131607055664063 -0.0212383270263672 -0.2987060546875 0.52435302734375
0.0281887054443359 -0.0333919525146484 0.122711181640625 0.47149658203125
0.00318527221679687 -0.0339183807373047 0.31414794921875 0.15594482421875
0.00569343566894531 -0.0278358459472656 0.306854248046875 -0.08935546875
0.0101337432861328 -0.0260124206542969 -0.30462646484375 0.024993896484375
0.0160903930664062 -0.0360832214355469 -0.25799560546875 -0.2412109375
0.0432777404785156 -0.0285873413085938 0.036285400390625 -0.464874267578125
0.0362663269042969 0.0024871826171875 0.513397216796875 -0.3890380859375
-0.0136508941650391 0.0192584991455078 0.67431640625 0.26947021484375
-0.0244331359863281 -0.0214748382568359 0.2021484375 0.81951904296875
0.0201892852783203 -0.0201606750488281 -0.293243408203125 0.552886962890625
0.0539665222167969 -0.0162086486816406 0.0751876831054688 -0.00827789306640625
0.00536346435546875 -0.0295581817626953 0.26788330078125 -0.68023681640625
-0.00614309310913086 -0.000500202178955079 -0.41461181640625 -0.78546142578125
0.00844764709472656 0.0160722732543945 -0.760986328125 -0.0042724609374999
0.0219573974609375 -0.0239200592041016 -0.319000244140625 0.514129638671875
0.0335960388183594 -0.0359687805175781 0.1036376953125 0.474945068359375
0.000682830810546875 -0.0381355285644531 0.30096435546875 0.159912109375
0.0015716552734375 -0.0325393676757813 0.299774169921875 -0.091461181640625
0.0369949340820312 -0.00824356079101563 -0.299652099609375 0.05889892578125
0.0145092010498047 0.0195446014404297 -0.276168823242188 -0.215606689453125
0.0119400024414063 0.0349044799804688 -0.060028076171875 -0.47442626953125
-0.0185623168945313 0.0307579040527344 0.386505126953125 -0.474456787109375
-0.0494346618652344 0.00487899780273438 0.68572998046875 0.11114501953125
-0.0210762023925781 -0.0409088134765625 0.375732421875 0.74383544921875
0.0304946899414063 -0.00559043884277344 -0.19366455078125 0.6304931640625
0.0384407043457031 0.0242424011230469 0.0239791870117188 0.07305908203125
0.0300540924072266 -0.0118370056152344 0.3687744140625 -0.58447265625
0.0098724365234375 -0.0317516326904297 -0.2421875 -0.86260986328125
-0.0387763977050781 -0.007354736328125 -0.78265380859375 -0.17669677734375
-0.0303020477294922 0.0181617736816406 -0.456146240234375 0.443756103515625
0.004058837890625 0.0278511047363281 -0.00210571289062498 0.47015380859375
0.00457191467285156 0.0215339660644531 0.27490234375 0.183578491210938
0.0299396514892578 -0.0143928527832031 0.295623779296875 -0.064422607421875
0.0367507934570313 -0.00683212280273438 -0.29241943359375 0.054779052734375
0.0156497955322266 0.0162019729614258 -0.259323120117187 -0.22149658203125
0.0102615356445313 0.0276985168457031 -0.0277099609375 -0.472930908203125
-0.0196437835693359 0.0269203186035156 0.42205810546875 -0.448486328125
-0.0483627319335938 0.00571823120117188 0.68145751953125 0.162841796875
-0.0177822113037109 -0.0319957733154297 0.32952880859375 0.77630615234375
0.0251255035400391 0.00944900512695313 -0.22552490234375 0.620361328125
0.0256938934326172 0.0331287384033203 0.0305442810058594 0.0613327026367187
0.0204601287841797 -0.0014190673828125 0.3343505859375 -0.59808349609375
0.0066375732421875 -0.0198001861572266 -0.302001953125 -0.830322265625
-0.0352821350097656 0.000831604003906243 -0.78302001953125 -0.11907958984375
-0.0267066955566406 0.0165500640869141 -0.418182373046875 0.470458984375
0.00642204284667969 0.0212993621826172 0.031524658203125 0.474517822265625
0.00785350799560547 0.0161399841308594 0.291015625 0.180023193359375
0.02960205078125 -0.0145092010498047 0.303253173828125 -0.063629150390625
0.0337104797363281 -0.00681495666503906 -0.28753662109375 0.05126953125
0.0170660018920898 0.00782299041748047 -0.243011474609375 -0.22552490234375
0.0116004943847656 0.0162715911865234 0.00778198242187497 -0.46942138671875
-0.0172481536865234 0.0216541290283203 0.460662841796875 -0.414337158203125
-0.0439643859863281 0.00702667236328124 0.67376708984375 0.21710205078125
-0.0177154541015625 -0.0232658386230469 0.2706298828125 0.804931640625
0.0190353393554688 0.0196056365966797 -0.2607421875 0.6053466796875
0.0184402465820312 0.0376472473144531 0.0411911010742188 0.0425300598144531
0.0130691528320313 0.00574111938476563 0.30059814453125 -0.6162109375
0.00306892395019531 -0.00960636138916016 -0.3558349609375 -0.795654296875
-0.0277194976806641 0.00699806213378906 -0.77618408203125 -0.0600585937500001
-0.0201072692871094 0.0122890472412109 -0.3760986328125 0.492706298828125
0.00980377197265625 0.0101919174194336 0.066741943359375 0.4705810546875
0.0105419158935547 0.00643348693847656 0.30517578125 0.17193603515625
0.0271625518798828 -0.0145111083984375 0.30810546875 -0.0675048828125
0.0291252136230469 -0.00893020629882813 -0.285369873046875 0.04620361328125
0.0196323394775391 -0.0016632080078125 -0.231063842773437 -0.2298583984375
0.0173301696777344 0.00423622131347656 0.037200927734375 -0.463043212890625
-0.0104770660400391 0.01739501953125 0.49444580078125 -0.382965087890625
-0.0389900207519531 0.0102081298828125 0.66461181640625 0.26910400390625
-0.0168275833129883 -0.0164632797241211 0.21551513671875 0.829833984375
0.0135173797607422 0.0218429565429687 -0.2900390625 0.583984375
0.0171279907226562 0.0349140167236328 0.0536231994628906 0.0231552124023438
0.00751399993896484 0.00671148300170898 0.2679443359375 -0.635498046875
0.000411927700042725 -0.000518828630447388 -0.40277099609375 -0.76715087890625
-0.020111083984375 0.0119819641113281 -0.7657470703125 -0.00756835937499998
-0.0126972198486328 0.00453853607177734 -0.3359375 0.510101318359375
0.0142488479614258 -0.00288963317871094 0.099365234375 0.468505859375
0.0106544494628906 -0.00392055511474609 0.3157958984375 0.162933349609375
0.0230674743652344 -0.0174827575683594 0.311737060546875 -0.072662353515625
0.0243492126464844 -0.0123805999755859 -0.28521728515625 0.040924072265625
0.02130126953125 -0.0134868621826172 -0.226470947265625 -0.23370361328125
0.0253009796142578 -0.00890922546386719 0.0567626953125 -0.458404541015625
0.00157737731933594 0.0127801895141602 0.513946533203125 -0.361083984375
-0.0320415496826172 0.0143680572509766 0.6546630859375 0.30059814453125
-0.0196495056152344 -0.0110282897949219 0.1763916015625 0.842529296875
0.00993728637695313 0.0192489624023438 -0.30804443359375 0.56500244140625
0.0205192565917969 0.0268211364746094 0.0643386840820313 0.00627517700195313
0.00340080261230469 0.0055084228515625 0.25006103515625 -0.6534423828125
-0.000982284545898438 0.00528144836425781 -0.4283447265625 -0.74822998046875
-0.0109348297119141 0.0149555206298828 -0.7550048828125 0.0253906249999999
-0.00409507751464844 -0.00495338439941406 -0.307220458984375 0.519012451171875
0.0188064575195313 -0.015228271484375 0.1180419921875 0.46478271484375
0.0086212158203125 -0.0159330368041992 0.320220947265625 0.1561279296875
0.01849365234375 -0.0197486877441406 0.310821533203125 -0.0797119140625
0.0190200805664063 -0.0173873901367188 -0.288421630859375 0.0356140136718751
0.0211639404296875 -0.0227317810058594 -0.230438232421875 -0.236068725585937
0.0329399108886719 -0.0190010070800781 0.063140869140625 -0.45538330078125
0.0149507522583008 0.0090789794921875 0.52569580078125 -0.353912353515625
-0.0254611968994141 0.0172996520996094 0.6533203125 0.31341552734375
-0.0213661193847656 -0.0118465423583984 0.16143798828125 0.8428955078125
0.0121555328369141 0.00800514221191406 -0.314971923828125 0.553558349609375
0.0297470092773438 0.0129795074462891 0.071441650390625 -0.00510406494140625
0.00179481506347656 -0.0039665699005127 0.2396240234375 -0.666015625
-0.00306320190429687 0.00621175765991211 -0.44207763671875 -0.74224853515625
-0.00356006622314453 0.0152435302734375 -0.7489013671875 0.0388793945312501
0.00422382354736328 -0.0144119262695313 -0.29193115234375 0.52410888671875
0.0229072570800781 -0.0248794555664063 0.12823486328125 0.464111328125
0.00633049011230469 -0.0244865417480469 0.3194580078125 0.15264892578125
0.0109348297119141 -0.0241870880126953 0.308624267578125 -0.085723876953125
0.0145301818847656 -0.0211219787597656 -0.29400634765625 0.0299682617187501
0.0192642211914063 -0.0305538177490234 -0.240676879882813 -0.237579345703125
0.0401954650878906 -0.0259971618652344 0.05517578125 -0.4559326171875
0.0267848968505859 0.00639152526855469 0.52313232421875 -0.3643798828125
-0.0195465087890625 0.0193119049072266 0.658447265625 0.29974365234375
-0.0225563049316406 -0.0155410766601562 0.16827392578125 0.83251953125
0.0147514343261719 -0.00588130950927734 -0.3095703125 0.54766845703125
0.0403327941894531 -0.00151824951171875 0.074432373046875 -0.0111160278320313
0.00113391876220703 -0.0148096084594727 0.2449951171875 -0.67486572265625
-0.00533437728881836 0.00473451614379883 -0.43695068359375 -0.7532958984375
0.00406455993652344 0.015070915222168 -0.7496337890625 0.03070068359375
0.0126972198486328 -0.0211315155029297 -0.29473876953125 0.5216064453125
0.0279693603515625 -0.0330162048339844 0.123260498046875 0.46600341796875
0.00261306762695312 -0.0335731506347656 0.311431884765625 0.152984619140625
0.00598335266113281 -0.0285129547119141 0.30401611328125 -0.0906982421875
0.0107440948486328 -0.0260944366455078 -0.302001953125 0.028106689453125
0.0160865783691406 -0.0353889465332031 -0.256988525390625 -0.236801147460938
0.0430831909179688 -0.0292129516601562 0.034088134765625 -0.457733154296875
0.0360527038574219 0.00303268432617187 0.50714111328125 -0.386749267578125
-0.0136814117431641 0.0179634094238281 0.66583251953125 0.26654052734375
-0.0245494842529297 -0.0216884613037109 0.20068359375 0.81121826171875
0.0189018249511719 -0.0208625793457031 -0.2906494140625 0.546966552734375
0.0523529052734375 -0.0163803100585938 0.0729598999023438 -0.0077972412109375
0.00456619262695313 -0.0280952453613281 0.2650146484375 -0.67340087890625
-0.00525283813476563 0.000147819519042968 -0.41070556640625 -0.77789306640625
0.00832653045654297 0.0154552459716797 -0.75299072265625 -0.00274658203124989
0.0219974517822266 -0.0236682891845703 -0.31378173828125 0.50982666015625
0.03369140625 -0.0367698669433594 0.10498046875 0.467864990234375
6.10351562500009E-05 -0.0379180908203125 0.2994384765625 0.157379150390625
0.00124168395996093 -0.0315761566162109 0.2969970703125 -0.0921630859375
0.0379447937011719 -0.0081024169921875 -0.296875 0.059967041015625
0.0141353607177734 0.0198402404785156 -0.274429321289063 -0.212753295898438
0.0117149353027344 0.0341396331787109 -0.06146240234375 -0.468292236328125
-0.0183296203613281 0.0310230255126953 0.38055419921875 -0.47003173828125
-0.0491561889648438 0.00532913208007812 0.6793212890625 0.1107177734375
-0.0201606750488281 -0.0415534973144531 0.3729248046875 0.73779296875
0.0302276611328125 -0.00521278381347656 -0.1937255859375 0.6239013671875
0.0368766784667969 0.0242729187011719 0.0235671997070313 0.071746826171875
0.0291099548339844 -0.0115642547607422 0.36480712890625 -0.57891845703125
0.0101585388183594 -0.0314579010009766 -0.24066162109375 -0.855712890625
-0.0388412475585937 -0.00621795654296875 -0.77471923828125 -0.17474365234375
-0.0304622650146484 0.0179691314697266 -0.45111083984375 0.4412841796875
0.00388336181640625 0.0278720855712891 -0.00115966796875003 0.466949462890625
0.0037384033203125 0.0215282440185547 0.272872924804688 0.180526733398438
0.0294246673583984 -0.0141105651855469 0.293853759765625 -0.06640625
0.03680419921875 -0.00643157958984375 -0.2904052734375 0.055694580078125
0.0159664154052734 0.0167016983032227 -0.257461547851563 -0.218002319335938
0.0104808807373047 0.0272216796875 -0.028564453125 -0.467926025390625
-0.0202121734619141 0.0277671813964844 0.417236328125 -0.443695068359375
-0.0473060607910156 0.00595474243164062 0.67669677734375 0.16192626953125
-0.0170078277587891 -0.0320205688476563 0.32525634765625 0.76873779296875
0.0246696472167969 0.00873184204101563 -0.225830078125 0.614013671875
0.0252933502197266 0.0332355499267578 0.0286140441894531 0.0595436096191406
0.0202693939208984 -0.000682830810546875 0.3299560546875 -0.5924072265625
0.00699424743652344 -0.0199871063232422 -0.29815673828125 -0.8236083984375
-0.0343780517578125 8.39233398437506E-05 -0.7763671875 -0.1187744140625
-0.0266208648681641 0.0169506072998047 -0.414215087890625 0.467132568359375
0.00631141662597657 0.0205726623535156 0.03155517578125 0.469573974609375
0.00740814208984375 0.0158967971801758 0.289093017578125 0.17730712890625
0.0285758972167969 -0.0145244598388672 0.3011474609375 -0.064910888671875
0.0329399108886719 -0.00770187377929688 -0.285003662109375 0.05255126953125
0.0180606842041016 0.00896072387695313 -0.241928100585938 -0.223388671875
0.0127344131469727 0.0159006118774414 0.00601196289062499 -0.464569091796875
-0.0178470611572266 0.0217800140380859 0.455352783203125 -0.409698486328125
-0.0436210632324219 0.00740432739257812 0.66693115234375 0.217529296875
-0.0169353485107422 -0.0223007202148438 0.26568603515625 0.79888916015625
0.0177574157714844 0.0193881988525391 -0.25885009765625 0.5970458984375
0.0184402465820313 0.0378494262695313 0.0397491455078125 0.0420188903808594
0.0122518539428711 0.00616931915283203 0.296875 -0.60968017578125
0.00294589996337891 -0.00879287719726563 -0.35113525390625 -0.7896728515625
-0.0283527374267578 0.00724029541015625 -0.767822265625 -0.0565795898437501
-0.0206871032714844 0.0115909576416016 -0.371490478515625 0.489288330078125
0.00929450988769531 0.00967025756835938 0.06671142578125 0.467681884765625
0.0104742050170898 0.00641250610351563 0.303497314453125 0.169036865234375
0.0256557464599609 -0.0150928497314453 0.3065185546875 -0.068939208984375
0.0296535491943359 -0.00908470153808594 -0.282806396484375 0.04644775390625
0.0206127166748047 -0.00101661682128906 -0.230926513671875 -0.227508544921875
0.0172624588012695 0.00384140014648438 0.035247802734375 -0.45904541015625
-0.0101242065429688 0.0171384811401367 0.487152099609375 -0.38018798828125
-0.0381965637207031 0.0104179382324219 0.65875244140625 0.26641845703125
-0.0171585083007812 -0.0167179107666016 0.2138671875 0.82275390625
0.0125865936279297 0.022064208984375 -0.2896728515625 0.57965087890625
0.0174007415771484 0.0344333648681641 0.0518951416015625 0.0221748352050781
0.00606536865234375 0.00719785690307617 0.26605224609375 -0.6300048828125
0.00102925300598145 -0.00113856792449951 -0.39825439453125 -0.7587890625
-0.0196609497070313 0.0125350952148437 -0.75860595703125 -0.00671386718749989
-0.0131168365478516 0.00386810302734375 -0.331878662109375 0.506439208984375
0.01446533203125 -0.00273323059082031 0.0987548828125 0.463348388671875
0.00980758666992188 -0.00393199920654297 0.312713623046875 0.160003662109375
0.0230388641357422 -0.0178413391113281 0.30908203125 -0.0728759765625
0.0237712860107422 -0.0126895904541016 -0.2828369140625 0.0413818359375
0.0205612182617188 -0.0126380920410156 -0.226287841796875 -0.229934692382812
0.0254611968994141 -0.00808334350585938 0.054962158203125 -0.452911376953125
0.00177669525146485 0.0127296447753906 0.509674072265625 -0.35858154296875
-0.032318115234375 0.0144405364990234 0.64898681640625 0.300048828125
-0.0186424255371094 -0.0112342834472656 0.1739501953125 0.8349609375
0.0100479125976563 0.0184192657470703 -0.3079833984375 0.5596923828125
0.0196342468261719 0.0268630981445313 0.0615425109863281 0.00658035278320313
0.00196695327758789 0.00531864166259766 0.248291015625 -0.6461181640625
-0.000362396240234375 0.00517463684082031 -0.42486572265625 -0.74102783203125
-0.0103349685668945 0.0150413513183594 -0.7484130859375 0.0249633789062499
-0.00457763671875 -0.00464725494384766 -0.302581787109375 0.51568603515625
0.0187263488769531 -0.0155448913574219 0.119293212890625 0.459869384765625
0.00856304168701172 -0.0164327621459961 0.31787109375 0.153778076171875
0.0160427093505859 -0.0201854705810547 0.30914306640625 -0.0799560546875
0.0202007293701172 -0.017822265625 -0.28643798828125 0.03619384765625
0.0211944580078125 -0.0227317810058594 -0.229583740234375 -0.232421875
0.0335636138916016 -0.0183582305908203 0.06170654296875 -0.449310302734375
0.0143613815307617 0.00955104827880859 0.51995849609375 -0.352447509765625
-0.02545166015625 0.0174827575683594 0.64654541015625 0.3115234375
-0.0199356079101563 -0.0122871398925781 0.158203125 0.834716796875
0.0117626190185547 0.00766754150390625 -0.314117431640625 0.5479736328125
0.0291824340820313 0.0142269134521484 0.0689163208007813 -0.00628662109375
0.00197625160217285 -0.00281453132629395 0.23724365234375 -0.658935546875
-0.00299406051635742 0.00631380081176758 -0.4390869140625 -0.733642578125
-0.00232219696044922 0.0153446197509766 -0.7432861328125 0.0386352539062501
0.00444316864013672 -0.0139894485473633 -0.2879638671875 0.52001953125
0.0223159790039063 -0.0270175933837891 0.1287841796875 0.458831787109375
0.00547027587890625 -0.0257148742675781 0.3167724609375 0.150146484375
0.0106067657470703 -0.0247249603271484 0.30621337890625 -0.0872802734375
0.0149669647216797 -0.0218257904052734 -0.291412353515625 0.03094482421875
0.0202293395996094 -0.0316810607910156 -0.240020751953125 -0.2337646484375
0.0402450561523438 -0.0258598327636719 0.05419921875 -0.450958251953125
0.0264110565185547 0.00709342956542969 0.51727294921875 -0.362030029296875
-0.0190486907958984 0.0195693969726562 0.65313720703125 0.29974365234375
-0.0220985412597656 -0.0152301788330078 0.16693115234375 0.825439453125
0.0149574279785156 -0.00622367858886719 -0.30712890625 0.542938232421875
0.0403785705566406 -0.00081634521484375 0.0726852416992188 -0.011444091796875
0.00216388702392578 -0.0142698287963867 0.24151611328125 -0.66766357421875
-0.00406885147094727 0.00475978851318359 -0.43414306640625 -0.7484130859375
0.00476741790771484 0.0154266357421875 -0.74267578125 0.0289306640625001
0.0129165649414063 -0.0205707550048828 -0.291015625 0.517181396484375
0.0278072357177734 -0.0339031219482422 0.123931884765625 0.46197509765625
0.00189208984375 -0.0331897735595703 0.309600830078125 0.150421142578125
0.00534629821777344 -0.027679443359375 0.301483154296875 -0.0914306640625
0.0106449127197266 -0.0256214141845703 -0.300048828125 0.0282897949218749
0.0164146423339844 -0.0352287292480469 -0.256500244140625 -0.233551025390625
0.0431365966796875 -0.0295791625976563 0.031585693359375 -0.453155517578125
0.0364036560058594 0.00376129150390625 0.50213623046875 -0.3822021484375
-0.0139808654785156 0.0191898345947266 0.66143798828125 0.26519775390625
-0.0240936279296875 -0.0216426849365234 0.2001953125 0.80535888671875
0.0193195343017578 -0.0202312469482422 -0.2886962890625 0.542236328125
0.052093505859375 -0.0161170959472656 0.0717544555664063 -0.008453369140625
0.00440216064453125 -0.0273532867431641 0.26104736328125 -0.6663818359375
-0.0047454833984375 -5.14984130859384E-05 -0.40625 -0.77044677734375
0.00889968872070313 0.0145902633666992 -0.74591064453125 -0.00170898437500014
0.0209369659423828 -0.0236129760742188 -0.31011962890625 0.5057373046875
0.0337944030761719 -0.0362586975097656 0.1048583984375 0.46270751953125
7.24792480468779E-05 -0.0368804931640625 0.296478271484375 0.15521240234375
0.000123977661132812 -0.0314884185791016 0.29473876953125 -0.0933837890625
0.03765869140625 -0.00819015502929688 -0.29541015625 0.0598754882812501
0.0147285461425781 0.0205097198486328 -0.273712158203125 -0.21044921875
0.0125808715820312 0.0341892242431641 -0.060272216796875 -0.463287353515625
-0.0184402465820312 0.0312023162841797 0.378662109375 -0.466644287109375
-0.0493583679199219 0.005645751953125 0.6719970703125 0.11090087890625
-0.0201873779296875 -0.0410041809082031 0.36993408203125 0.73187255859375
0.0287227630615234 -0.00550460815429688 -0.19415283203125 0.6182861328125
0.0361709594726563 0.0245170593261719 0.021942138671875 0.0708999633789063
0.0280647277832031 -0.0102806091308594 0.3638916015625 -0.57147216796875
0.0102634429931641 -0.0311756134033203 -0.23773193359375 -0.85028076171875
-0.0383377075195313 -0.00599670410156249 -0.767578125 -0.17279052734375
-0.0308876037597656 0.0171737670898437 -0.44708251953125 0.437957763671875
0.00325393676757812 0.0271377563476563 -0.00137329101562498 0.462738037109375
0.00460624694824219 0.0217723846435547 0.271133422851562 0.179061889648437
0.0288562774658203 -0.0144290924072266 0.292724609375 -0.06634521484375
0.03668212890625 -0.00756454467773438 -0.28936767578125 0.056915283203125
0.0161581039428711 0.015681266784668 -0.256362915039063 -0.216049194335938
0.0114498138427734 0.0261859893798828 -0.02978515625 -0.463409423828125
-0.0203285217285156 0.0275173187255859 0.412139892578125 -0.43939208984375
-0.0474777221679688 0.0063323974609375 0.670654296875 0.162353515625
-0.0170764923095703 -0.0323677062988281 0.32183837890625 0.766845703125
0.024200439453125 0.00903701782226563 -0.22698974609375 0.60943603515625
0.0252323150634766 0.0335578918457031 0.0275917053222656 0.0591850280761719
0.0193939208984375 -0.000474929809570312 0.329833984375 -0.5872802734375
0.00695037841796875 -0.0189266204833984 -0.292236328125 -0.816162109375
-0.0345821380615234 0.000602722167968756 -0.77044677734375 -0.1158447265625
-0.0273780822753906 0.0159912109375 -0.411712646484375 0.462738037109375
0.00657463073730469 0.019378662109375 0.032440185546875 0.466217041015625
0.00745391845703125 0.016545295715332 0.28790283203125 0.1759033203125
0.0285968780517578 -0.0149364471435547 0.300262451171875 -0.064208984375
0.0329399108886719 -0.007293701171875 -0.2825927734375 0.0521240234375
0.0187015533447266 0.00768661499023438 -0.2408447265625 -0.219573974609375
0.0131721496582031 0.0151138305664063 0.00500488281249997 -0.4610595703125
-0.0180244445800781 0.0222034454345703 0.449462890625 -0.4058837890625
-0.0428199768066406 0.00862884521484375 0.66229248046875 0.2176513671875
-0.0150909423828125 -0.0231056213378906 0.26373291015625 0.79541015625
0.0177669525146484 0.0190010070800781 -0.2606201171875 0.59307861328125
0.0176277160644531 0.0363922119140625 0.0387153625488281 0.0404853820800781
0.0111665725708008 0.00696659088134766 0.2974853515625 -0.6043701171875
0.00452136993408203 -0.0080561637878418 -0.346923828125 -0.78277587890625
-0.027252197265625 0.00788688659667969 -0.762451171875 -0.0583496093749999
-0.0208549499511719 0.0109691619873047 -0.36968994140625 0.48541259765625
0.00957870483398438 0.00855159759521484 0.066009521484375 0.462982177734375
0.00998878479003906 0.00571632385253906 0.30084228515625 0.166900634765625
0.0256843566894531 -0.015655517578125 0.303863525390625 -0.0689697265625
0.0289707183837891 -0.00925636291503906 -0.280441284179688 0.0477294921875001
0.0199813842773438 -0.00137710571289063 -0.22930908203125 -0.22454833984375
0.0177574157714844 0.00297927856445313 0.03460693359375 -0.455230712890625
-0.0103979110717773 0.0171337127685547 0.48291015625 -0.37615966796875
-0.0382919311523438 0.0105056762695312 0.6514892578125 0.2666015625
-0.0151729583740234 -0.015721321105957 0.211181640625 0.81719970703125
0.0120258331298828 0.0213298797607422 -0.2896728515625 0.57275390625
0.0159015655517578 0.0350341796875 0.0509109497070313 0.0222702026367188
0.006866455078125 0.00778388977050781 0.26605224609375 -0.622314453125
0.00101357698440552 -0.000928103923797608 -0.39471435546875 -0.75201416015625
-0.0193767547607422 0.0120811462402344 -0.75341796875 -0.00726318359375
-0.013432502746582 0.00509262084960937 -0.329681396484375 0.502777099609375
0.0139589309692383 -0.00226402282714844 0.097991943359375 0.46051025390625
0.00969028472900391 -0.00396728515625 0.31201171875 0.15936279296875
0.0219821929931641 -0.0176410675048828 0.30828857421875 -0.073699951171875
0.0239810943603516 -0.0124111175537109 -0.280899047851563 0.043212890625
0.0222587585449219 -0.0130748748779297 -0.226394653320313 -0.228408813476563
0.0255832672119141 -0.00907707214355469 0.054779052734375 -0.4490966796875
0.00119209289550781 0.0135936737060547 0.504974365234375 -0.354461669921875
-0.0323886871337891 0.0145683288574219 0.6436767578125 0.2974853515625
-0.0173883438110352 -0.0110912322998047 0.17156982421875 0.82977294921875
0.00878334045410156 0.0182571411132813 -0.3089599609375 0.555328369140625
0.0190620422363281 0.0269680023193359 0.0607452392578125 0.00564193725585938
0.00280237197875977 0.00595951080322266 0.24615478515625 -0.6397705078125
-0.000355720520019532 0.00551128387451172 -0.42083740234375 -0.7354736328125
-0.00977802276611328 0.0152769088745117 -0.74334716796875 0.0241088867187499
-0.00384759902954102 -0.00557804107666016 -0.300384521484375 0.51165771484375
0.0192184448242188 -0.0155239105224609 0.118133544921875 0.45648193359375
0.0088653564453125 -0.0160808563232422 0.316650390625 0.152313232421875
0.0157623291015625 -0.0201492309570312 0.30706787109375 -0.0804443359375
0.0192012786865234 -0.0168838500976563 -0.284210205078125 0.037109375
0.02142333984375 -0.0228977203369141 -0.228759765625 -0.2294921875
0.0326633453369141 -0.0188770294189453 0.060028076171875 -0.446075439453125
0.0138587951660156 0.00937175750732422 0.51666259765625 -0.347381591796875
-0.0259170532226563 0.0181827545166016 0.64056396484375 0.31048583984375
-0.0199432373046875 -0.0125713348388672 0.15423583984375 0.83038330078125
0.0113372802734375 0.00768756866455078 -0.3143310546875 0.54248046875
0.0277881622314453 0.0139102935791016 0.067962646484375 -0.00603866577148437
0.00152397155761719 -0.00221657752990723 0.23724365234375 -0.65423583984375
-0.00215721130371094 0.00727272033691406 -0.43377685546875 -0.72906494140625
-0.00138664245605469 0.0157871246337891 -0.7359619140625 0.0382080078125
0.00352287292480469 -0.0146808624267578 -0.286376953125 0.514801025390625
0.0221729278564453 -0.0254154205322266 0.12799072265625 0.45458984375
0.00573158264160156 -0.0251083374023438 0.31488037109375 0.14739990234375
0.0100631713867188 -0.0229835510253906 0.30450439453125 -0.085601806640625
0.014556884765625 -0.0217227935791016 -0.290771484375 0.031341552734375
0.0201740264892578 -0.0316410064697266 -0.239151000976562 -0.230804443359375
0.0402183532714844 -0.0266227722167969 0.0526123046875 -0.446624755859375
0.0256137847900391 0.00726509094238281 0.51300048828125 -0.357269287109375
-0.0185337066650391 0.0192947387695313 0.64556884765625 0.29754638671875
-0.0217533111572266 -0.0156822204589844 0.16461181640625 0.8212890625
0.0138740539550781 -0.00621509552001953 -0.309722900390625 0.537017822265625
0.0400505065917969 -0.00106430053710938 0.0707473754882812 -0.0116348266601562
0.00164127349853516 -0.0130891799926758 0.24176025390625 -0.660888671875
-0.00390195846557617 0.00483417510986328 -0.42962646484375 -0.74090576171875
0.00417232513427734 0.0157413482666016 -0.7379150390625 0.0289306640625001
0.0125102996826172 -0.0208988189697266 -0.28857421875 0.51312255859375
0.0276699066162109 -0.0340385437011719 0.12469482421875 0.456787109375
0.0019989013671875 -0.0328369140625 0.307403564453125 0.149200439453125
0.00473976135253907 -0.0275230407714844 0.299957275390625 -0.090484619140625
0.010284423828125 -0.0251350402832031 -0.29779052734375 0.029754638671875
0.0171585083007813 -0.0348110198974609 -0.254989624023438 -0.230545043945312
0.0443077087402344 -0.0304374694824219 0.031158447265625 -0.449371337890625
0.0345993041992188 0.00396156311035156 0.49822998046875 -0.3792724609375
-0.0124320983886719 0.0194759368896484 0.65557861328125 0.2650146484375
-0.0224151611328125 -0.0213985443115234 0.1954345703125 0.79986572265625
0.0180015563964844 -0.0212631225585938 -0.289794921875 0.537078857421875
0.0516242980957031 -0.0151748657226563 0.070709228515625 -0.008819580078125
0.00480270385742188 -0.0269298553466797 0.26019287109375 -0.66094970703125
-0.00470685958862305 0.000385761260986327 -0.40240478515625 -0.76416015625
0.00866222381591797 0.0154047012329102 -0.740478515625 -0.00225830078124985
0.0209064483642578 -0.0232601165771484 -0.308746337890625 0.50262451171875
0.0331268310546875 -0.0360488891601563 0.10467529296875 0.459625244140625
0.000442504882812501 -0.037628173828125 0.295135498046875 0.154022216796875
0.00013923645019531 -0.031768798828125 0.292999267578125 -0.093292236328125
0.0382652282714844 -0.00807952880859375 -0.294830322265625 0.060791015625
0.0156269073486328 0.0201206207275391 -0.272872924804688 -0.208267211914062
0.0126972198486328 0.0337104797363281 -0.060943603515625 -0.460205078125
-0.0183563232421875 0.0314998626708984 0.375762939453125 -0.46160888671875
-0.0495376586914062 0.00550460815429687 0.66693115234375 0.11322021484375
-0.0197677612304688 -0.0412826538085938 0.3653564453125 0.73052978515625
0.0298824310302734 -0.00588798522949219 -0.197509765625 0.6136474609375
0.0361137390136719 0.0249481201171875 0.0205001831054687 0.0704345703125
0.028350830078125 -0.00957489013671875 0.3641357421875 -0.5677490234375
0.0102901458740234 -0.0311756134033203 -0.2320556640625 -0.843994140625
-0.0372238159179687 -0.00632858276367188 -0.7625732421875 -0.17291259765625
-0.0310993194580078 0.018798828125 -0.447296142578125 0.43499755859375
0.00394439697265625 0.0275154113769531 -0.000396728515625029 0.46002197265625
0.00357437133789062 0.0219211578369141 0.269500732421875 0.178192138671875
0.02783203125 -0.0143413543701172 0.29083251953125 -0.065093994140625
0.0371170043945312 -0.008453369140625 -0.287567138671875 0.05731201171875
0.0160112380981445 0.0162973403930664 -0.2559814453125 -0.214202880859375
0.0119743347167969 0.0259571075439453 -0.029632568359375 -0.460662841796875
-0.0214786529541016 0.02838134765625 0.410552978515625 -0.4344482421875
-0.0467758178710937 0.00700759887695313 0.6636962890625 0.1634521484375
-0.0162010192871094 -0.0317955017089844 0.31744384765625 0.76129150390625
0.0240459442138672 0.00948905944824219 -0.22845458984375 0.60546875
0.0238475799560547 0.0347900390625 0.02679443359375 0.0590286254882813
0.0195465087890625 0.00131988525390625 0.3287353515625 -0.58074951171875
0.00752449035644531 -0.0184917449951172 -0.28900146484375 -0.8111572265625
-0.0328788757324219 0.00189971923828126 -0.76544189453125 -0.11944580078125
-0.0276737213134766 0.0161666870117187 -0.40899658203125 0.460845947265625
0.00675201416015625 0.0198554992675781 0.03082275390625 0.46319580078125
0.00838470458984375 0.0167913436889648 0.28533935546875 0.174346923828125
0.0281600952148438 -0.0134105682373047 0.29901123046875 -0.064544677734375
0.0328865051269531 -0.00876808166503906 -0.283416748046875 0.0523681640625
0.0189285278320313 0.00993728637695313 -0.24041748046875 -0.220062255859375
0.012324333190918 0.0156478881835937 0.00509643554687502 -0.457763671875
-0.0176715850830078 0.0222206115722656 0.44866943359375 -0.40155029296875
-0.0429954528808594 0.00890731811523437 0.65631103515625 0.21966552734375
-0.0158061981201172 -0.0226078033447266 0.25897216796875 0.7906494140625
0.016815185546875 0.019287109375 -0.26153564453125 0.5877685546875
0.0170326232910156 0.0378799438476563 0.0369453430175781 0.0411872863769531
0.0117359161376953 0.00666713714599609 0.29730224609375 -0.597900390625
0.00490570068359375 -0.00859832763671875 -0.341552734375 -0.7783203125
-0.0268573760986328 0.00679206848144531 -0.75689697265625 -0.05670166015625
-0.0206489562988281 0.0117378234863281 -0.368438720703125 0.48223876953125
0.00985908508300781 0.00944805145263672 0.06744384765625 0.460845947265625
0.00824785232543945 0.00650501251220703 0.30023193359375 0.166351318359375
0.0253620147705078 -0.0157337188720703 0.3038330078125 -0.06854248046875
0.0288124084472656 -0.00895500183105469 -0.27960205078125 0.0475616455078125
0.0216808319091797 -0.00114059448242188 -0.229141235351563 -0.223480224609375
0.0171422958374023 0.00345611572265625 0.03424072265625 -0.451934814453125
-0.0100069046020508 0.0175142288208008 0.479644775390625 -0.37127685546875
-0.0389633178710937 0.0118904113769531 0.64813232421875 0.268798828125
-0.015446662902832 -0.0169296264648438 0.20892333984375 0.81341552734375
0.0120296478271484 0.0208263397216797 -0.290771484375 0.5687255859375
0.0156192779541016 0.0341587066650391 0.0494041442871094 0.0219078063964844
0.00632476806640625 0.00832605361938477 0.266845703125 -0.6181640625
0.00106489658355713 -0.00108307600021362 -0.3878173828125 -0.75091552734375
-0.0186004638671875 0.0117607116699219 -0.74835205078125 -0.0090332031249999
-0.0141000747680664 0.00479984283447266 -0.32861328125 0.4996337890625
0.0131950378417969 -0.00298404693603516 0.097747802734375 0.457427978515625
0.00991058349609375 -0.00375747680664063 0.30889892578125 0.157623291015625
0.0215053558349609 -0.0178165435791016 0.30670166015625 -0.0748291015625
0.0235633850097656 -0.0125865936279297 -0.27996826171875 0.043548583984375
0.0215702056884766 -0.0123653411865234 -0.224380493164062 -0.226531982421875
0.0257358551025391 -0.00942420959472656 0.052581787109375 -0.4473876953125
8.77380371093737E-05 0.0143032073974609 0.50311279296875 -0.351165771484375
-0.0309219360351563 0.0153274536132812 0.63916015625 0.2998046875
-0.0175457000732422 -0.0119152069091797 0.16790771484375 0.8253173828125
0.00989341735839844 0.0183601379394531 -0.3095703125 0.55010986328125
0.0191383361816406 0.0272064208984375 0.0584220886230469 0.0062408447265625
0.00299692153930664 0.00690364837646484 0.24774169921875 -0.6351318359375
-0.000452995300292969 0.0063633918762207 -0.41357421875 -0.73406982421875
-0.00963020324707031 0.0139217376708984 -0.737548828125 0.0230712890625001
-0.00461006164550781 -0.00492763519287109 -0.299102783203125 0.508636474609375
0.0186672210693359 -0.0155696868896484 0.119110107421875 0.454315185546875
0.00772857666015625 -0.0159626007080078 0.31536865234375 0.150115966796875
0.0146465301513672 -0.0203990936279297 0.30615234375 -0.08013916015625
0.0191898345947266 -0.0172939300537109 -0.28302001953125 0.036590576171875
0.0216312408447266 -0.0222663879394531 -0.22869873046875 -0.228134155273437
0.0343761444091797 -0.0182285308837891 0.060211181640625 -0.44305419921875
0.0132198333740234 0.0113019943237305 0.513031005859375 -0.3447265625
-0.0255928039550781 0.0186614990234375 0.635498046875 0.31201171875
-0.0193443298339844 -0.0122013092041016 0.151611328125 0.8251953125
0.011815071105957 0.00666713714599609 -0.316314697265625 0.538604736328125
0.0271892547607422 0.0136394500732422 0.0663261413574219 -0.00662612915039062
0.000971078872680664 -0.00231742858886719 0.2371826171875 -0.64752197265625
-0.00201940536499023 0.00685214996337891 -0.4283447265625 -0.7261962890625
-0.00263118743896484 0.0157575607299805 -0.7340087890625 0.0358276367187499
0.00266265869140625 -0.0126266479492188 -0.284942626953125 0.5126953125
0.0233535766601562 -0.0274105072021484 0.127410888671875 0.453094482421875
0.00564765930175781 -0.024169921875 0.313507080078125 0.14776611328125
0.00988006591796875 -0.02386474609375 0.30352783203125 -0.085906982421875
0.0145721435546875 -0.0212764739990234 -0.2896728515625 0.031585693359375
0.0205554962158203 -0.0312652587890625 -0.238754272460938 -0.229232788085938
0.0408592224121094 -0.0266036987304688 0.05206298828125 -0.442352294921875
0.0262947082519531 0.00740432739257813 0.510711669921875 -0.3533935546875
-0.0176410675048828 0.0204677581787109 0.64129638671875 0.2989501953125
-0.0199565887451172 -0.0156536102294922 0.159423828125 0.81884765625
0.0130929946899414 -0.00654029846191406 -0.310699462890625 0.532806396484375
0.0395584106445313 -0.000701904296875 0.0698204040527344 -0.0113296508789062
0.00225257873535156 -0.0121736526489258 0.24346923828125 -0.65606689453125
-0.00286054611206055 0.00488424301147461 -0.42266845703125 -0.739013671875
0.00511074066162109 0.0156211853027344 -0.73382568359375 0.0278930664062501
0.0116672515869141 -0.0201053619384766 -0.287322998046875 0.5087890625
0.0271091461181641 -0.0334415435791016 0.122100830078125 0.454315185546875
0.00138473510742187 -0.032012939453125 0.30487060546875 0.1483154296875
0.0041656494140625 -0.0270900726318359 0.2984619140625 -0.09173583984375
0.0104427337646484 -0.0246677398681641 -0.2958984375 0.029266357421875
0.0178604125976563 -0.03533935546875 -0.254364013671875 -0.229660034179688
0.0443267822265625 -0.0302810668945313 0.029998779296875 -0.446624755859375
0.0347785949707031 0.00327301025390625 0.49468994140625 -0.373931884765625
-0.0133800506591797 0.0198154449462891 0.6505126953125 0.26470947265625
-0.0232028961181641 -0.0208415985107422 0.1912841796875 0.7962646484375
0.0177402496337891 -0.0208339691162109 -0.291473388671875 0.534332275390625
0.0515556335449219 -0.0155296325683594 0.0677871704101563 -0.00818252563476563
0.00484466552734375 -0.0258674621582031 0.263427734375 -0.65521240234375
-0.00289511680603027 -0.000541448593139648 -0.39630126953125 -0.76104736328125
0.00919342041015625 0.0153589248657227 -0.73602294921875 -0.00500488281250001
0.0190296173095703 -0.0233020782470703 -0.306427001953125 0.498565673828125
0.0332794189453125 -0.0369949340820313 0.103363037109375 0.45703125
0.000106811523437497 -0.0368995666503906 0.292510986328125 0.152313232421875
-0.00140190124511719 -0.0312042236328125 0.292266845703125 -0.093475341796875
0.0381278991699219 -0.0078125 -0.29351806640625 0.0611572265625
0.0161552429199219 0.0207290649414063 -0.271713256835938 -0.20745849609375
0.0131473541259766 0.0333061218261719 -0.06048583984375 -0.458038330078125
-0.0193157196044922 0.0317459106445313 0.375030517578125 -0.458709716796875
-0.0491981506347656 0.00566864013671876 0.66412353515625 0.11578369140625
-0.0182571411132813 -0.0407829284667969 0.36016845703125 0.7296142578125
0.0295982360839844 -0.00491714477539063 -0.2005615234375 0.610595703125
0.0352935791015625 0.0249252319335937 0.0193710327148438 0.0700225830078125
0.0278530120849609 -0.009490966796875 0.36370849609375 -0.5635986328125
0.0105915069580078 -0.0299320220947266 -0.227294921875 -0.8409423828125
-0.0361747741699219 -0.00579071044921875 -0.758056640625 -0.1746826171875
-0.0313167572021484 0.0184211730957031 -0.445037841796875 0.430877685546875
0.00424003601074219 0.0269222259521484 -0.000762939453124968 0.458038330078125
0.00437736511230469 0.0215396881103516 0.268173217773438 0.177230834960937
0.0277557373046875 -0.0143394470214844 0.29107666015625 -0.065460205078125
0.037322998046875 -0.00677108764648438 -0.286041259765625 0.057342529296875
0.0170669555664063 0.0162544250488281 -0.253952026367188 -0.212173461914062
0.0118675231933594 0.0258636474609375 -0.03009033203125 -0.458343505859375
-0.0209827423095703 0.0274486541748047 0.40985107421875 -0.430755615234375
-0.0466461181640625 0.00677490234375 0.66168212890625 0.16680908203125
-0.0160312652587891 -0.0323696136474609 0.31353759765625 0.7601318359375
0.0236110687255859 0.00856399536132813 -0.2305908203125 0.6002197265625
0.0247783660888672 0.034820556640625 0.0256767272949219 0.0574607849121094
0.0193939208984375 0.00128555297851563 0.330810546875 -0.576904296875
0.00695610046386719 -0.0184478759765625 -0.28240966796875 -0.80914306640625
-0.0329132080078125 0.000913619995117191 -0.7618408203125 -0.1204833984375
-0.0285682678222656 0.0163154602050781 -0.4093017578125 0.457366943359375
0.00594520568847656 0.0193595886230469 0.02935791015625 0.46270751953125
0.00765037536621094 0.016850471496582 0.28448486328125 0.174591064453125
0.0271987915039062 -0.0141372680664063 0.298370361328125 -0.064483642578125
0.0329303741455078 -0.00773048400878906 -0.2823486328125 0.0533447265625
0.0187702178955078 0.00834465026855469 -0.2386474609375 -0.21697998046875
0.0137166976928711 0.0153112411499023 0.00570678710937497 -0.454345703125
-0.018310546875 0.0231513977050781 0.4456787109375 -0.396331787109375
-0.0437583923339844 0.00787353515624999 0.65179443359375 0.22174072265625
-0.0144805908203125 -0.0226154327392578 0.2547607421875 0.790771484375
0.0167102813720703 0.0186767578125 -0.26373291015625 0.5841064453125
0.01617431640625 0.0378570556640625 0.0359764099121094 0.0407829284667969
0.0107870101928711 0.00901985168457031 0.29833984375 -0.5947265625
0.00449514389038086 -0.00787591934204102 -0.33514404296875 -0.7774658203125
-0.026611328125 0.00750541687011718 -0.7535400390625 -0.0605468750000002
-0.0219516754150391 0.0117435455322266 -0.36761474609375 0.47991943359375
0.00934600830078125 0.00917911529541016 0.06591796875 0.459747314453125
0.00980854034423828 0.00596427917480469 0.298980712890625 0.1661376953125
0.0244197845458984 -0.015045166015625 0.303375244140625 -0.068084716796875
0.0284938812255859 -0.0108013153076172 -0.279769897460938 0.048309326171875
0.0212764739990234 -0.0009918212890625 -0.22723388671875 -0.221969604492188
0.0174798965454102 0.00290012359619141 0.03424072265625 -0.44854736328125
-0.0112495422363281 0.0179653167724609 0.4793701171875 -0.367950439453125
-0.0375709533691406 0.0116729736328125 0.6435546875 0.2703857421875
-0.0159006118774414 -0.0169467926025391 0.2034912109375 0.81170654296875
0.0119094848632813 0.0219612121582031 -0.2930908203125 0.56439208984375
0.0153961181640625 0.0350799560546875 0.048065185546875 0.0216026306152344
0.00698947906494141 0.00896739959716797 0.2667236328125 -0.6156005859375
0.00237584114074707 7.55786895751953E-05 -0.38323974609375 -0.74560546875
-0.0183353424072266 0.0123577117919922 -0.7452392578125 -0.0117187500000002
-0.0135660171508789 0.00444793701171875 -0.326934814453125 0.49749755859375
0.0139026641845703 -0.00346469879150391 0.096954345703125 0.456634521484375
0.0101861953735352 -0.00399684906005859 0.30938720703125 0.157440185546875
0.019866943359375 -0.0172004699707031 0.305633544921875 -0.07373046875
0.0237770080566406 -0.0126190185546875 -0.280029296875 0.042999267578125
0.022552490234375 -0.0122451782226562 -0.224761962890625 -0.2252197265625
0.0258216857910156 -0.00774002075195312 0.054443359375 -0.443328857421875
0.00148773193359375 0.0145978927612305 0.50048828125 -0.34735107421875
-0.0314426422119141 0.0155792236328125 0.6353759765625 0.30194091796875
-0.0171623229980469 -0.0111885070800781 0.16339111328125 0.82470703125
0.00870132446289062 0.0174627304077148 -0.311492919921875 0.547637939453125
0.0191974639892578 0.0279541015625 0.0586891174316406 0.0054168701171875
0.00194168090820313 0.00802040100097656 0.2490234375 -0.62994384765625
-0.000318527221679687 0.00633859634399414 -0.4091796875 -0.73162841796875
-0.00964069366455078 0.0143890380859375 -0.7353515625 0.0206909179687499
-0.00493335723876953 -0.00483369827270508 -0.2994384765625 0.5057373046875
0.0176296234130859 -0.0159416198730469 0.117156982421875 0.452728271484375
0.00802230834960938 -0.0156641006469727 0.313446044921875 0.150177001953125
0.0144424438476563 -0.0202465057373047 0.3062744140625 -0.080108642578125
0.0185966491699219 -0.0168666839599609 -0.2828369140625 0.037445068359375
0.0225486755371094 -0.0230579376220703 -0.227584838867188 -0.227371215820313
0.0340385437011719 -0.0183448791503906 0.06097412109375 -0.44171142578125
0.0140562057495117 0.0109376907348633 0.511749267578125 -0.33929443359375
-0.0243568420410156 0.0184783935546875 0.63262939453125 0.31475830078125
-0.0187282562255859 -0.0124568939208984 0.14581298828125 0.82470703125
0.0108003616333008 0.00692558288574219 -0.318817138671875 0.53564453125
0.0276889801025391 0.0141868591308594 0.0650787353515625 -0.00741958618164062
0.000949382781982422 -0.00112783908843994 0.2396240234375 -0.64361572265625
-0.0012812614440918 0.00762081146240234 -0.4232177734375 -0.72528076171875
-0.00232219696044922 0.0155763626098633 -0.73016357421875 0.0339355468749999
0.00281620025634766 -0.0127172470092773 -0.28546142578125 0.510284423828125
0.0223369598388672 -0.0256633758544922 0.1259765625 0.450103759765625
0.00504302978515625 -0.0244979858398437 0.312652587890625 0.14691162109375
0.00950813293457031 -0.0234947204589844 0.302520751953125 -0.086181640625
0.0149364471435547 -0.0215740203857422 -0.288238525390625 0.03204345703125
0.02081298828125 -0.0312118530273438 -0.238616943359375 -0.228240966796875
0.0410232543945313 -0.0261993408203125 0.0521240234375 -0.4403076171875
0.0264244079589844 0.00808334350585938 0.510101318359375 -0.349151611328125
-0.0185813903808594 0.0198898315429687 0.63861083984375 0.302978515625
-0.0203208923339844 -0.01605224609375 0.156494140625 0.815185546875
0.0138740539550781 -0.00589370727539063 -0.311798095703125 0.52972412109375
0.0382194519042969 -0.00032806396484375 0.0683250427246094 -0.0110206604003906
0.00168132781982422 -0.0115528106689453 0.2427978515625 -0.652587890625
-0.00257730484008789 0.00533437728881836 -0.416748046875 -0.73712158203125
0.005157470703125 0.0153617858886719 -0.7298583984375 0.0249633789062499
0.0114479064941406 -0.0200786590576172 -0.287322998046875 0.506500244140625
0.0272159576416016 -0.0346183776855469 0.122039794921875 0.4532470703125
0.00186538696289063 -0.0327777862548828 0.304168701171875 0.147796630859375
0.00388526916503906 -0.0271186828613281 0.298736572265625 -0.091217041015625
0.0111541748046875 -0.0251960754394531 -0.295654296875 0.028778076171875
0.0177650451660156 -0.0357208251953125 -0.25360107421875 -0.227584838867187
0.0442466735839844 -0.0303268432617188 0.0306396484375 -0.441680908203125
0.0348129272460937 0.004302978515625 0.494171142578125 -0.369964599609375
-0.0132579803466797 0.0194511413574219 0.64666748046875 0.26812744140625
-0.0218124389648437 -0.02197265625 0.188720703125 0.7969970703125
0.0179290771484375 -0.0217227935791016 -0.2935791015625 0.531005859375
0.0508804321289062 -0.0147666931152344 0.0666084289550781 -0.00854873657226563
0.00533294677734375 -0.0249423980712891 0.262939453125 -0.65008544921875
-0.00367498397827148 0.000454425811767578 -0.391357421875 -0.75982666015625
0.00908851623535156 0.0152444839477539 -0.73248291015625 -0.00689697265625001
0.0194320678710938 -0.0227432250976563 -0.306854248046875 0.496185302734375
0.0324440002441406 -0.0375709533691406 0.10321044921875 0.4552001953125
0.000595092773437502 -0.0364532470703125 0.291595458984375 0.15252685546875
-0.000125885009765624 -0.0306377410888672 0.291259765625 -0.09271240234375
0.037322998046875 -0.00913619995117188 -0.29498291015625 0.060943603515625
0.0176467895507813 0.0206489562988281 -0.27178955078125 -0.206924438476563
0.0138683319091797 0.0334568023681641 -0.0599365234375 -0.456390380859375
-0.0196609497070313 0.0324630737304688 0.3763427734375 -0.4549560546875
-0.0486831665039063 0.00675201416015626 0.662353515625 0.1181640625
-0.0185775756835938 -0.0412063598632813 0.3570556640625 0.73138427734375
0.029388427734375 -0.00578117370605469 -0.203125 0.60955810546875
0.0350894927978516 0.0257568359375 0.0181198120117188 0.0693473815917969
0.0267753601074219 -0.00789451599121094 0.3665771484375 -0.559906005859375
0.0111865997314453 -0.0302677154541016 -0.2213134765625 -0.84136962890625
-0.0364990234375 -0.00595855712890626 -0.756103515625 -0.1778564453125
-0.0316390991210938 0.0183982849121094 -0.444366455078125 0.430908203125
0.00329780578613281 0.0258731842041016 -0.00234985351562498 0.460357666015625
0.003631591796875 0.0221538543701172 0.267684936523438 0.177444458007812
0.0266609191894531 -0.0148181915283203 0.29205322265625 -0.065093994140625
0.0367965698242188 -0.00739288330078125 -0.287567138671875 0.057159423828125
0.0189094543457031 0.0162506103515625 -0.254653930664062 -0.212173461914062
0.0115108489990234 0.0262584686279297 -0.028167724609375 -0.45745849609375
-0.0218582153320313 0.0280094146728516 0.4097900390625 -0.428466796875
-0.0470008850097656 0.00669860839843749 0.659912109375 0.16937255859375
-0.0153388977050781 -0.0323772430419922 0.3095703125 0.7615966796875
0.0231838226318359 0.00889205932617188 -0.23504638671875 0.5994873046875
0.0232086181640625 0.0344944000244141 0.0244865417480469 0.0577621459960938
0.0183086395263672 0.00227928161621094 0.332763671875 -0.5740966796875
0.00852394104003906 -0.017578125 -0.27801513671875 -0.8096923828125
-0.0323047637939453 0.00118827819824219 -0.759521484375 -0.12274169921875
-0.0278148651123047 0.0158309936523438 -0.40960693359375 0.456024169921875
0.00604629516601562 0.0188865661621094 0.030792236328125 0.461669921875
0.00806808471679687 0.0163097381591797 0.283721923828125 0.1749267578125
0.0265941619873047 -0.0144176483154297 0.298553466796875 -0.06427001953125
0.0332908630371094 -0.00765419006347656 -0.2821044921875 0.05322265625
0.0203609466552734 0.008941650390625 -0.239608764648437 -0.218170166015625
0.0135717391967773 0.0143976211547852 0.00524902343749999 -0.452362060546875
-0.0188274383544922 0.0235919952392578 0.448211669921875 -0.39630126953125
-0.0419807434082031 0.00902938842773438 0.65142822265625 0.2239990234375
-0.0150375366210937 -0.0239086151123047 0.25225830078125 0.7894287109375
0.0153560638427734 0.0186710357666016 -0.26788330078125 0.58306884765625
0.0163688659667969 0.0380630493164063 0.0340538024902344 0.04150390625
0.0111770629882813 0.00876617431640625 0.30035400390625 -0.591064453125
0.0047764778137207 -0.00767230987548828 -0.33197021484375 -0.7769775390625
-0.0265693664550781 0.00815010070800781 -0.7529296875 -0.0629272460937499
-0.0222949981689453 0.0110721588134766 -0.36773681640625 0.477783203125
0.00894737243652344 0.00827598571777344 0.06500244140625 0.458740234375
0.0105514526367188 0.00641250610351563 0.29827880859375 0.16595458984375
0.0243949890136719 -0.0149822235107422 0.30426025390625 -0.068389892578125
0.0293369293212891 -0.0099945068359375 -0.279312133789063 0.048553466796875
0.0224876403808594 -0.00113296508789063 -0.228546142578125 -0.221832275390625
0.0183830261230469 0.00250434875488281 0.034088134765625 -0.446624755859375
-0.0104465484619141 0.0191879272460938 0.479522705078125 -0.364593505859375
-0.0387611389160156 0.0109939575195312 0.6414794921875 0.27301025390625
-0.0139322280883789 -0.0165548324584961 0.2005615234375 0.81365966796875
0.0115432739257813 0.0217609405517578 -0.29736328125 0.563232421875
0.01568603515625 0.0352134704589844 0.0472831726074219 0.0218849182128906
0.00650405883789062 0.0101041793823242 0.2694091796875 -0.6114501953125
0.0029454231262207 0.000551939010620117 -0.3778076171875 -0.74725341796875
-0.0183506011962891 0.0110378265380859 -0.744384765625 -0.0135498046875001
-0.0140857696533203 0.00413227081298828 -0.33056640625 0.4957275390625
0.0143165588378906 -0.00376701354980469 0.095611572265625 0.4554443359375
0.00974273681640625 -0.00397205352783203 0.30889892578125 0.15789794921875
0.0200405120849609 -0.0167102813720703 0.30596923828125 -0.0736083984375
0.0242633819580078 -0.0131759643554687 -0.280303955078125 0.0430145263671875
0.0228080749511719 -0.0125370025634766 -0.223403930664062 -0.224258422851562
0.0262908935546875 -0.00868606567382813 0.05462646484375 -0.4415283203125
-3.33786010742188E-05 0.0151081085205078 0.50067138671875 -0.344146728515625
-0.0311012268066406 0.0154914855957031 0.6322021484375 0.3045654296875
-0.0172224044799805 -0.0127992630004883 0.15924072265625 0.8250732421875
0.00930404663085938 0.0174093246459961 -0.3165283203125 0.544189453125
0.0171966552734375 0.0277881622314453 0.0569343566894531 0.00544357299804688
0.00224018096923828 0.00844001770019531 0.2520751953125 -0.62725830078125
0.0006866455078125 0.00637054443359375 -0.4033203125 -0.7298583984375
-0.00916862487792969 0.0145158767700195 -0.73333740234375 0.0172729492187501
-0.00518655776977539 -0.00435781478881836 -0.3016357421875 0.504852294921875
0.0182456970214844 -0.0160484313964844 0.115570068359375 0.4517822265625
0.007965087890625 -0.015080451965332 0.312530517578125 0.150634765625
0.0142593383789062 -0.0198421478271484 0.306365966796875 -0.0802001953125
0.0195159912109375 -0.0183677673339844 -0.282318115234375 0.037689208984375
0.0234813690185547 -0.02252197265625 -0.2271728515625 -0.227279663085938
0.0350761413574219 -0.0194911956787109 0.0609130859375 -0.4375
0.0130748748779297 0.0114240646362305 0.512664794921875 -0.337799072265625
-0.0251026153564453 0.0190448760986328 0.62860107421875 0.3170166015625
-0.0187149047851563 -0.0129299163818359 0.142822265625 0.82476806640625
0.0102167129516602 0.00738811492919922 -0.32086181640625 0.5323486328125
0.0276336669921875 0.0149116516113281 0.0633926391601563 -0.00572586059570313
0.00186777114868164 -0.000841975212097168 0.24072265625 -0.6419677734375
-0.00120830535888672 0.00722980499267578 -0.41754150390625 -0.726806640625
-0.00153064727783203 0.0157594680786133 -0.72906494140625 0.0299072265625
0.00223731994628906 -0.0129880905151367 -0.28631591796875 0.50830078125
0.0225677490234375 -0.0269546508789063 0.12420654296875 0.45098876953125
0.005706787109375 -0.0254497528076172 0.311370849609375 0.1461181640625
0.00850677490234375 -0.0226688385009766 0.30328369140625 -0.086944580078125
0.0154533386230469 -0.0224056243896484 -0.2889404296875 0.03173828125
0.0222644805908203 -0.0319404602050781 -0.238800048828125 -0.2281494140625
0.0415000915527344 -0.0267524719238281 0.053070068359375 -0.438446044921875
0.0262660980224609 0.00787162780761719 0.509307861328125 -0.345794677734375
-0.0193424224853516 0.0204315185546875 0.63470458984375 0.30389404296875
-0.0199451446533203 -0.0166130065917969 0.1533203125 0.8175048828125
0.0131845474243164 -0.00642967224121094 -0.31591796875 0.5274658203125
0.0388755798339844 0.000457763671875 0.0667572021484375 -0.0106430053710938
0.00179958343505859 -0.0118169784545898 0.2449951171875 -0.64959716796875
-0.00237512588500977 0.0052485466003418 -0.41552734375 -0.7376708984375
0.00516700744628906 0.0154857635498047 -0.72845458984375 0.02130126953125
0.0110130310058594 -0.0193881988525391 -0.288909912109375 0.505340576171875
0.0269050598144531 -0.0341072082519531 0.120819091796875 0.4515380859375
0.00180244445800782 -0.032867431640625 0.303924560546875 0.1485595703125
0.00374031066894532 -0.0270767211914062 0.2987060546875 -0.090362548828125
0.0114383697509766 -0.0252399444580078 -0.296173095703125 0.029541015625
0.0187263488769531 -0.0352439880371094 -0.252227783203125 -0.228256225585937
0.0449714660644531 -0.0297966003417969 0.03118896484375 -0.4405517578125
0.0349826812744141 0.005157470703125 0.49530029296875 -0.367462158203125
-0.0135440826416016 0.0202007293701172 0.64398193359375 0.27117919921875
-0.0219001770019531 -0.0217456817626953 0.1834716796875 0.796142578125
0.0175647735595703 -0.0216732025146484 -0.296630859375 0.528350830078125
0.0504035949707031 -0.0135650634765625 0.0659713745117188 -0.00815963745117188
0.00571823120117188 -0.0246524810791016 0.26513671875 -0.64892578125
-0.00254034996032715 0.000924110412597657 -0.3848876953125 -0.76123046875
0.0102767944335938 0.0151376724243164 -0.73211669921875 -0.01092529296875
0.0189399719238281 -0.0227108001708984 -0.30767822265625 0.494110107421875
0.0327301025390625 -0.0372772216796875 0.102020263671875 0.455841064453125
0.000553131103515621 -0.0372848510742187 0.29150390625 0.1522216796875
-0.00139617919921875 -0.0305099487304687 0.291595458984375 -0.0928955078125
0.037506103515625 -0.00904083251953125 -0.2935791015625 0.060791015625
0.0177173614501953 0.0202159881591797 -0.272079467773438 -0.207122802734375
0.0146217346191406 0.0333614349365234 -0.06103515625 -0.45709228515625
-0.0199337005615234 0.0338230133056641 0.3759765625 -0.4537353515625
-0.0495452880859375 0.00580978393554688 0.662109375 0.12274169921875
-0.0179595947265625 -0.0420608520507813 0.35455322265625 0.73382568359375
0.0282268524169922 -0.00536346435546875 -0.20843505859375 0.6083984375
0.0345058441162109 0.0276031494140625 0.016571044921875 0.0701637268066406
0.0284099578857422 -0.00747299194335937 0.368927001953125 -0.5570068359375
0.0110454559326172 -0.0296268463134766 -0.21844482421875 -0.84014892578125
-0.0350589752197266 -0.00631523132324218 -0.7557373046875 -0.18121337890625
-0.0326709747314453 0.0183277130126953 -0.44769287109375 0.43048095703125
0.00416946411132813 0.0263633728027344 -0.00262451171874997 0.459686279296875
0.00401878356933594 0.0212020874023437 0.267913818359375 0.177825927734375
0.02734375 -0.0138034820556641 0.29345703125 -0.0654296875
0.0375442504882813 -0.00905609130859375 -0.28765869140625 0.057037353515625
0.0191211700439453 0.0157070159912109 -0.253875732421875 -0.213516235351562
0.0125579833984375 0.0253047943115234 -0.02874755859375 -0.456146240234375
-0.0213642120361328 0.0279808044433594 0.410003662109375 -0.426422119140625
-0.0473709106445313 0.00693893432617187 0.6591796875 0.173828125
-0.0155296325683594 -0.0324897766113281 0.30645751953125 0.7645263671875
0.021759033203125 0.00890731811523437 -0.23779296875 0.5982666015625
0.0227813720703125 0.0352706909179688 0.0230369567871094 0.0579719543457031
0.0181503295898438 0.00405120849609375 0.33551025390625 -0.5721435546875
0.00869369506835938 -0.0187358856201172 -0.27301025390625 -0.80938720703125
-0.0317192077636719 0.0012969970703125 -0.75921630859375 -0.1240234375
-0.0291652679443359 0.0167560577392578 -0.4112548828125 0.45556640625
0.00513839721679688 0.0187091827392578 0.02850341796875 0.461212158203125
0.00797271728515625 0.0159721374511719 0.283660888671875 0.1746826171875
0.0266399383544922 -0.0142936706542969 0.29949951171875 -0.0635986328125
0.0334682464599609 -0.00906944274902344 -0.282989501953125 0.052886962890625
0.0216960906982422 0.00803947448730469 -0.238311767578125 -0.217742919921875
0.0137786865234375 0.0142145156860352 0.00390625000000003 -0.453521728515625
-0.0178031921386719 0.0237808227539062 0.448211669921875 -0.395111083984375
-0.043426513671875 0.00890350341796875 0.64862060546875 0.228515625
-0.0147647857666016 -0.0236129760742188 0.24871826171875 0.792724609375
0.0167942047119141 0.0182914733886719 -0.27337646484375 0.58062744140625
0.0150299072265625 0.0398025512695313 0.0336074829101563 0.0407562255859375
0.0117244720458984 0.00968360900878906 0.30474853515625 -0.58917236328125
0.00514984130859375 -0.00678491592407227 -0.3282470703125 -0.77734375
-0.0255641937255859 0.00779914855957032 -0.752197265625 -0.06561279296875
-0.0213832855224609 0.0116004943847656 -0.369476318359375 0.47772216796875
0.00964546203613281 0.0088653564453125 0.064208984375 0.459381103515625
0.0103816986083984 0.00584983825683594 0.299072265625 0.16705322265625
0.0235137939453125 -0.0153961181640625 0.30462646484375 -0.06787109375
0.0294361114501953 -0.0102291107177734 -0.2802734375 0.0480804443359375
0.0230197906494141 -0.00245857238769531 -0.228164672851563 -0.221939086914063
0.0189876556396484 0.00240707397460938 0.03424072265625 -0.446533203125
-0.0118751525878906 0.0187835693359375 0.480743408203125 -0.363861083984375
-0.0390205383300781 0.0113716125488281 0.6392822265625 0.27716064453125
-0.0149421691894531 -0.0174493789672852 0.19482421875 0.81463623046875
0.0104598999023438 0.0211563110351563 -0.300079345703125 0.56060791015625
0.014892578125 0.0360336303710938 0.0459022521972656 0.0212745666503906
0.00557136535644531 0.0101633071899414 0.2725830078125 -0.6104736328125
0.00320291519165039 0.000887155532836914 -0.37469482421875 -0.74761962890625
-0.0170555114746094 0.0125732421875 -0.74249267578125 -0.0150756835937502
-0.014491081237793 0.00402355194091797 -0.33123779296875 0.493988037109375
0.0138883590698242 -0.00400924682617187 0.095977783203125 0.45733642578125
0.0104789733886719 -0.00346088409423828 0.309051513671875 0.1575927734375
0.0188694000244141 -0.0164833068847656 0.308563232421875 -0.074005126953125
0.0249195098876953 -0.0134048461914062 -0.280410766601563 0.043212890625
0.0241165161132813 -0.0135326385498047 -0.224868774414063 -0.223281860351563
0.0272312164306641 -0.00906944274902344 0.05389404296875 -0.44061279296875
-7.91549682617202E-05 0.0148935317993164 0.502716064453125 -0.341827392578125
-0.0310039520263672 0.0146827697753906 0.63116455078125 0.3087158203125
-0.0163602828979492 -0.0131168365478516 0.15521240234375 0.82684326171875
0.007904052734375 0.0182533264160156 -0.3193359375 0.5445556640625
0.0177059173583984 0.0295448303222656 0.0556526184082031 0.00502777099609375
0.00116252899169922 0.00830078125 0.25341796875 -0.6260986328125
0.0015711784362793 0.0068659782409668 -0.3997802734375 -0.73455810546875
-0.00797080993652344 0.0144224166870117 -0.73431396484375 0.0160522460937501
-0.00635814666748047 -0.00395584106445312 -0.302520751953125 0.50396728515625
0.0188045501708984 -0.0162544250488281 0.1146240234375 0.4534912109375
0.00813484191894531 -0.0152130126953125 0.313812255859375 0.1510009765625
0.0146846771240234 -0.0216865539550781 0.306671142578125 -0.078948974609375
0.0206832885742188 -0.0179843902587891 -0.284271240234375 0.036712646484375
0.0239505767822266 -0.0230579376220703 -0.228424072265625 -0.226898193359375
0.0346050262451172 -0.0194683074951172 0.0618896484375 -0.437896728515625
0.0124034881591797 0.0110588073730469 0.51318359375 -0.3348388671875
-0.0262241363525391 0.0196704864501953 0.626708984375 0.3203125
-0.0171432495117187 -0.0136499404907227 0.1385498046875 0.8267822265625
0.0110187530517578 0.00704097747802734 -0.324371337890625 0.53228759765625
0.027374267578125 0.0154323577880859 0.0619888305664062 -0.00662612915039062
0.000958144664764404 0.000657379627227783 0.2459716796875 -0.64013671875
-0.000380516052246093 0.00808954238891602 -0.41351318359375 -0.726806640625
-0.000544548034667968 0.0156116485595703 -0.72943115234375 0.0263061523437501
0.00157260894775391 -0.0128421783447266 -0.287078857421875 0.5057373046875
0.0229701995849609 -0.0266323089599609 0.124237060546875 0.451019287109375
0.0055694580078125 -0.0250530242919922 0.31195068359375 0.14739990234375
0.00805091857910156 -0.0235919952392578 0.3046875 -0.086578369140625
0.0157051086425781 -0.0220756530761719 -0.289276123046875 0.031890869140625
0.0215587615966797 -0.0310573577880859 -0.238113403320313 -0.226760864257812
0.0410728454589844 -0.026641845703125 0.053436279296875 -0.43634033203125
0.0253715515136719 0.00844573974609375 0.511627197265625 -0.343536376953125
-0.0187664031982422 0.021270751953125 0.63427734375 0.3077392578125
-0.0198879241943359 -0.0167407989501953 0.1483154296875 0.8187255859375
0.0131397247314453 -0.00702762603759766 -0.319122314453125 0.52557373046875
0.0379562377929688 0.00081634521484375 0.066802978515625 -0.0105247497558594
0.00196170806884766 -0.0112943649291992 0.2476806640625 -0.646484375
-0.00276565551757812 0.00662994384765625 -0.41162109375 -0.74066162109375
0.00609493255615234 0.0157470703125 -0.72784423828125 0.0189819335937501
0.0112781524658203 -0.0194549560546875 -0.290496826171875 0.5035400390625
0.0277290344238281 -0.0345363616943359 0.118743896484375 0.453094482421875
0.0014190673828125 -0.0323467254638672 0.30303955078125 0.14892578125
0.00309562683105469 -0.0272998809814453 0.299560546875 -0.090576171875
0.0107440948486328 -0.0265998840332031 -0.29693603515625 0.029541015625
0.0192813873291016 -0.0350799560546875 -0.253173828125 -0.227081298828125
0.045989990234375 -0.0307235717773438 0.03302001953125 -0.439849853515625
0.0343189239501953 0.00485038757324219 0.49468994140625 -0.364532470703125
-0.0131797790527344 0.0207023620605469 0.64251708984375 0.27520751953125
-0.0208854675292969 -0.021240234375 0.1810302734375 0.80059814453125
0.0174942016601563 -0.0212554931640625 -0.3017578125 0.52801513671875
0.0495567321777344 -0.013916015625 0.0644760131835938 -0.00792312622070313
0.00583267211914063 -0.0236358642578125 0.2691650390625 -0.6475830078125
-0.00132393836975098 0.000373363494873047 -0.38299560546875 -0.76318359375
0.010249137878418 0.0147953033447266 -0.73211669921875 -0.0121459960937501
0.0183925628662109 -0.0228729248046875 -0.309722900390625 0.493927001953125
0.0328407287597656 -0.0374946594238281 0.102447509765625 0.45574951171875
0.000972747802734372 -0.0362205505371094 0.29132080078125 0.151336669921875
-0.00194740295410156 -0.03125 0.292510986328125 -0.092864990234375
0.0382652282714844 -0.009429931640625 -0.29461669921875 0.061737060546875
0.0185737609863281 0.0210838317871094 -0.273681640625 -0.207717895507813
0.0144176483154297 0.0326137542724609 -0.059600830078125 -0.456878662109375
-0.0203742980957031 0.0330371856689453 0.376495361328125 -0.451995849609375
-0.0491790771484375 0.00630187988281249 0.66339111328125 0.1268310546875
-0.0166511535644531 -0.0427093505859375 0.35345458984375 0.73785400390625
0.0285224914550781 -0.00487327575683594 -0.21258544921875 0.60711669921875
0.0345287322998047 0.0285224914550781 0.0157623291015625 0.0709686279296875
0.0268115997314453 -0.00642585754394531 0.372589111328125 -0.55609130859375
0.0126857757568359 -0.0287723541259766 -0.2138671875 -0.84283447265625
-0.0357856750488281 -0.00678634643554687 -0.75750732421875 -0.18328857421875
-0.0332202911376953 0.0185737609863281 -0.448577880859375 0.4296875
0.00274658203125 0.0257587432861328 -0.00366210937499998 0.460357666015625
0.00431251525878906 0.0223979949951172 0.269210815429688 0.179229736328125
0.0262622833251953 -0.0140304565429687 0.29449462890625 -0.0654296875
0.0372657775878906 -0.0075836181640625 -0.288299560546875 0.05755615234375
0.0194110870361328 0.0163516998291016 -0.25653076171875 -0.21221923828125
0.0123271942138672 0.0262489318847656 -0.03033447265625 -0.4564208984375
-0.0213050842285156 0.0293827056884766 0.41143798828125 -0.42413330078125
-0.0476036071777344 0.00691604614257812 0.66094970703125 0.17791748046875
-0.0150222778320313 -0.0333137512207031 0.303955078125 0.76763916015625
0.0217990875244141 0.00893211364746094 -0.24298095703125 0.59918212890625
0.0224952697753906 0.0361862182617188 0.0220756530761719 0.0580635070800781
0.0193023681640625 0.00349998474121094 0.33856201171875 -0.57147216796875
0.0095062255859375 -0.0178947448730469 -0.27142333984375 -0.811767578125
-0.0311985015869141 0.00101089477539063 -0.75994873046875 -0.12677001953125
-0.0297660827636719 0.0173397064208984 -0.4124755859375 0.45513916015625
0.00617408752441406 0.0189685821533203 0.02880859375 0.462677001953125
0.00739383697509766 0.017207145690918 0.28533935546875 0.174774169921875
0.0266017913818359 -0.0154514312744141 0.301300048828125 -0.06500244140625
0.0345726013183594 -0.00826644897460938 -0.283203125 0.055755615234375
0.0216312408447266 0.00801467895507813 -0.23974609375 -0.21881103515625
0.0141286849975586 0.0150575637817383 0.00692749023437498 -0.451934814453125
-0.0192337036132812 0.0235576629638672 0.449676513671875 -0.392486572265625
-0.0439834594726562 0.00892639160156251 0.64984130859375 0.231689453125
-0.0143756866455078 -0.0235080718994141 0.2469482421875 0.79541015625
0.0145759582519531 0.0188140869140625 -0.2769775390625 0.58038330078125
0.01507568359375 0.0406074523925781 0.0318412780761719 0.0406074523925781
0.010249137878418 0.0108957290649414 0.30657958984375 -0.58709716796875
0.00578784942626953 -0.00618696212768555 -0.3243408203125 -0.779296875
-0.0254802703857422 0.00804328918457031 -0.75274658203125 -0.0676269531249999
-0.0231227874755859 0.0127391815185547 -0.37158203125 0.477142333984375
0.00966167449951172 0.00883102416992188 0.064361572265625 0.4605712890625
0.00960254669189453 0.00738143920898438 0.2998046875 0.16729736328125
0.0234756469726562 -0.0159702301025391 0.30718994140625 -0.068511962890625
0.0312423706054687 -0.01025390625 -0.280258178710938 0.04937744140625
0.0232448577880859 -0.00184440612792969 -0.228347778320312 -0.221649169921875
0.0195999145507813 0.00307846069335938 0.036163330078125 -0.445220947265625
-0.0112953186035156 0.019439697265625 0.482818603515625 -0.362091064453125
-0.0379371643066406 0.0114822387695312 0.64202880859375 0.28009033203125
-0.0140914916992188 -0.0177249908447266 0.1939697265625 0.8179931640625
0.0109214782714844 0.0208377838134766 -0.30517578125 0.5614013671875
0.0143280029296875 0.036468505859375 0.0441513061523438 0.0209922790527344
0.00636863708496094 0.0126829147338867 0.275146484375 -0.60980224609375
0.00241208076477051 0.000417470932006836 -0.3719482421875 -0.75238037109375
-0.0180587768554688 0.0130157470703125 -0.74432373046875 -0.0183105468750001
-0.0150289535522461 0.00476360321044922 -0.332366943359375 0.4945068359375
0.0144424438476563 -0.00437355041503906 0.09539794921875 0.458404541015625
0.0111474990844727 -0.003387451171875 0.308929443359375 0.15814208984375
0.019073486328125 -0.0168209075927734 0.30810546875 -0.0732421875
0.025177001953125 -0.0145053863525391 -0.281585693359375 0.043853759765625
0.0247764587402344 -0.0132656097412109 -0.2249755859375 -0.2242431640625
0.0257625579833984 -0.00944709777832031 0.05426025390625 -0.440185546875
0.000761985778808594 0.0147991180419922 0.50360107421875 -0.340850830078125
-0.0320339202880859 0.0166034698486328 0.63153076171875 0.31195068359375
-0.0160160064697266 -0.0130987167358398 0.15289306640625 0.82989501953125
0.00725746154785156 0.0186367034912109 -0.323516845703125 0.54376220703125
0.0174713134765625 0.0293197631835938 0.0550765991210938 0.0060272216796875
0.00337982177734375 0.00910663604736328 0.2579345703125 -0.6263427734375
0.00189733505249024 0.00700044631958008 -0.3975830078125 -0.7366943359375
-0.00726985931396484 0.0145120620727539 -0.73492431640625 0.0133666992187499
-0.00596141815185547 -0.00458526611328125 -0.30511474609375 0.5045166015625
0.0179615020751953 -0.0171642303466797 0.11572265625 0.4537353515625
0.00776004791259766 -0.0158271789550781 0.3138427734375 0.15130615234375
0.0132198333740234 -0.0191383361816406 0.308868408203125 -0.079620361328125
0.0203742980957031 -0.0183048248291016 -0.2852783203125 0.0380859375
0.0248565673828125 -0.0233974456787109 -0.227767944335938 -0.2266845703125
0.0343799591064453 -0.019378662109375 0.061920166015625 -0.437408447265625
0.014042854309082 0.0125112533569336 0.515411376953125 -0.332855224609375
-0.0248279571533203 0.0187835693359375 0.62933349609375 0.324951171875
-0.0178604125976562 -0.0134544372558594 0.13836669921875 0.83074951171875
0.0101909637451172 0.00685882568359375 -0.32958984375 0.532440185546875
0.0278682708740234 0.0164566040039062 0.0609550476074219 -0.0060577392578125
0.00161218643188477 0.00112450122833252 0.2474365234375 -0.64013671875
-3.33786010742179E-06 0.00824642181396484 -0.41180419921875 -0.73052978515625
-0.000876426696777345 0.0151567459106445 -0.72991943359375 0.0251464843750001
0.00219631195068359 -0.0122690200805664 -0.289093017578125 0.50830078125
0.0228538513183594 -0.0273704528808594 0.12353515625 0.452789306640625
0.00512313842773438 -0.0246524810791016 0.3115234375 0.1483154296875
0.00779342651367187 -0.0235633850097656 0.305572509765625 -0.086395263671875
0.015960693359375 -0.0222759246826172 -0.290435791015625 0.03240966796875
0.0224380493164063 -0.0318660736083984 -0.239013671875 -0.2271728515625
0.0425148010253906 -0.0268974304199219 0.054473876953125 -0.43768310546875
0.0259780883789063 0.00944328308105469 0.513427734375 -0.341796875
-0.0191707611083984 0.0207977294921875 0.6331787109375 0.31292724609375
-0.0197639465332031 -0.0172958374023438 0.1466064453125 0.8226318359375
0.0140457153320313 -0.00592899322509766 -0.32330322265625 0.52813720703125
0.0384559631347656 0.0013275146484375 0.0648078918457031 -0.0104637145996094
0.0020599365234375 -0.00978946685791016 0.25152587890625 -0.6484375
-0.00202560424804687 0.00615549087524414 -0.40789794921875 -0.74249267578125
0.00614643096923828 0.0158367156982422 -0.72998046875 0.0158081054687499
0.0108966827392578 -0.0194759368896484 -0.291839599609375 0.504791259765625
0.0273151397705078 -0.0341968536376953 0.11932373046875 0.453643798828125
0.00201797485351562 -0.0321979522705078 0.305145263671875 0.148773193359375
0.00333976745605469 -0.0272274017333984 0.30078125 -0.0914306640625
0.0111961364746094 -0.0267410278320313 -0.298309326171875 0.0306091308593751
0.0188407897949219 -0.0358085632324219 -0.255111694335937 -0.227584838867188
0.0467948913574219 -0.0318984985351563 0.03338623046875 -0.440155029296875
0.0343837738037109 0.00631332397460938 0.496734619140625 -0.36395263671875
-0.0134410858154297 0.0200881958007813 0.64501953125 0.2777099609375
-0.0207939147949219 -0.0225067138671875 0.1776123046875 0.8035888671875
0.0185070037841797 -0.0222568511962891 -0.306396484375 0.529144287109375
0.0505294799804688 -0.0124320983886719 0.0633277893066406 -0.00742721557617188
0.00612831115722656 -0.0238742828369141 0.27081298828125 -0.6470947265625
-0.00186574459075928 0.000169515609741211 -0.380126953125 -0.76416015625
0.0100011825561523 0.0152950286865234 -0.734619140625 -0.0156250000000001
0.0196399688720703 -0.0222244262695313 -0.310699462890625 0.49365234375
0.0328941345214844 -0.03851318359375 0.09979248046875 0.45562744140625
-0.000270843505859376 -0.0368270874023438 0.29083251953125 0.153594970703125
-0.00159645080566406 -0.0298900604248047 0.294708251953125 -0.094696044921875
