TRXV5
3
4
4
9
string Extension=J
integer IsArchMeasurement=1
integer IsSpherical=1
string Generator=SPM
string GeneratorVersion=1.3.1 Dev
double ArchRadius=0.449999988079071
integer FrequencyAxisIndex=0
integer AzimuthAxisIndex=1
integer ElevationAxisIndex=2
Frequency
5 201 900000000 1000000000 LIN
Azimuth
7 8 0 2.74889357189107 LIN
Elevation
7 15 -2.74889357189107 2.74889357189107 LIN
Polar H Real Part
13
Polar H Imaginary Part
14
Polar V Real Part
13
Polar V Imaginary Part
14
Polar H Magnitude (dB)
12 0xC0000002 0 1
Polar H Phase
7 0xC0000003 0 1
Polar V Magnitude (dB)
12 0xC0000002 2 3
Polar V Phase
7 0xC0000003 2 3
-0.0184187758029603 -0.00584252634362195 -0.112786728040748 0.0848822677864829
-0.0291468657092921 -0.0324074219033747 -0.0964780622900181 -0.172379139644088
-0.00507898016877725 -0.0473886166313686 0.0523855193126628 -0.433723528123428
0.0204167105395982 -0.0428178305123902 0.504697174380568 -0.232648382892342
0.0375661687604885 -0.00311470747282491 0.610239404367568 0.44280356469721
-0.0171052572885695 0.0360152853460676 -0.0294990022831374 0.814518397219194
-0.0364251685599059 -0.013351902837427 -0.452845314876874 0.369751211380943
-0.0196273704119313 -0.0376710074321327 -0.0248060261530269 0.0785813960706514
-0.0125395853955001 -0.00506402857112468 0.494140896354576 -0.259297374112634
-0.0152202067192549 0.0263401480019231 0.245484813579466 -0.838020610670977
0.0130715656165382 0.0162479637705548 -0.577127448190801 -0.621847811558177
-0.00339122151246696 -0.0351787385521921 -0.648767250697062 0.212588533616885
-0.00977635540333049 -0.0448529734560426 -0.14073026147644 0.473747425051049
-0.020783326365366 -0.0395868041029859 0.138695915753498 0.234741554462732
-0.0361214690547979 -0.0040536262661561 0.166230543067334 -0.0889015604158337
-0.0192082531231288 -0.00598120766123706 -0.104713267745283 0.0851796058987203
-0.0272938021433318 -0.0282079141124858 -0.0870838827763477 -0.175857653865996
-0.000415016535395128 -0.0435553633368914 0.0692349612985708 -0.426998366528281
0.0216840490527178 -0.0421074704553778 0.512691022799566 -0.197359176179659
0.0346798259984939 -0.00354458494068589 0.580241911241879 0.486589103107681
-0.0193500789004341 0.0325510160197937 -0.0780289742600472 0.818987649074624
-0.0331857612235607 -0.0144181881765324 -0.473989342384501 0.355468948169462
-0.0158672981725507 -0.0357441547717405 -0.0288379498957603 0.076407723052231
-0.00974450514281835 -0.00412305053352361 0.477917693760156 -0.27278700620452
-0.015094448971823 0.0237318855870282 0.194050965603445 -0.836407032947535
0.00864143426171076 0.0110157615594599 -0.610308771311308 -0.578086525927314
-0.00751461073791095 -0.0362294019918897 -0.637782283096693 0.250569961539335
-0.00988887404590128 -0.0402346177550485 -0.122386395001708 0.479756395694675
-0.0215835966161687 -0.0336163217815585 0.147639972756285 0.230191867425161
-0.0378170799082076 -0.00390458180353858 0.17314729300002 -0.0890375833015229
-0.0188218713120269 -0.0042572319883366 -0.100327291745664 0.0847811666944745
-0.0254498092883509 -0.0198498725353797 -0.0791618054522433 -0.177762534822764
0.0020704185227725 -0.0349487089850752 0.0839354631371463 -0.420449729799163
0.0197658704332361 -0.0393254890524044 0.519288617966245 -0.166103929216008
0.0304063494735304 -0.00638601578499317 0.548403885376277 0.522615647652689
-0.0194338072316558 0.0261148874051464 -0.131070496350641 0.823887461913988
-0.0280310746897742 -0.0155916621385126 -0.494942085874936 0.341427934104045
-0.0106904411388735 -0.0334915427487459 -0.0301391665416428 0.0734747854393739
-0.00504292987592708 -0.00332020076851168 0.46498199767277 -0.286467794740343
-0.0130547080644113 0.0185220799809239 0.14656812558618 -0.835836762447682
0.00301157528531476 0.0044951588895709 -0.643978435319433 -0.53540926518473
-0.0133131858108784 -0.0329064599462313 -0.625948470676359 0.286373373050429
-0.0109071458844217 -0.0299749452819386 -0.101013206217561 0.484432701531114
-0.0209531997772262 -0.0228365378192999 0.157500642816092 0.225673244496003
-0.0368533743950671 0.00039927900891581 0.179627937097433 -0.0897351981177458
-0.0159717704373219 -0.000823222187476058 -0.0980543177087585 0.0845735191483035
-0.02416818649174 -0.00780515621433551 -0.0755896897039348 -0.177853953568895
0.00230713633401437 -0.0217761384268782 0.0978159997335138 -0.414580073944243
0.0146563871035621 -0.0340971690024355 0.524739367230523 -0.142450683952722
0.0258103178455886 -0.012698203775789 0.51722831722666 0.554007529012271
-0.0165193861884689 0.0182447693392313 -0.171270062437224 0.823297970959086
-0.0207435981180144 -0.0157306493862917 -0.510124593915106 0.329409859222674
-0.00461764323369946 -0.03130191482934 -0.0295076845745841 0.0719272672922931
0.00187892244960294 -0.00280508601102735 0.452463074762244 -0.297079853638055
-0.0106582007926658 0.0114934082673419 0.108077183464605 -0.833172331662651
-0.00392576312000764 -0.00272409540140779 -0.665423657330986 -0.502897943473915
-0.0189355276176503 -0.0278939380073083 -0.613524483782676 0.311345969792626
-0.0119311242646361 -0.0167779943626381 -0.0846815091643927 0.487694549663569
-0.019756213294105 -0.0100255648727138 0.164549420204915 0.22145834420728
-0.0331036637587052 0.00425537735945972 0.179560278644503 -0.0920940693853621
-0.0125482531741204 0.00447255457191433 -0.0991984087847798 0.0829847448890002
-0.0213035062896175 0.00370031332100017 -0.0752942795356539 -0.17698212069392
-8.41490544751947E-06 -0.00810170675491168 0.104987813162267 -0.410733259640167
0.00766779261689272 -0.0292441346900012 0.52792583990791 -0.127332106018737
0.0207981625790618 -0.0188932556222809 0.499804530936522 0.568539489151716
-0.0118651416403839 0.0110139972706201 -0.197630913452644 0.821363884362979
-0.014150557769108 -0.0146377738099213 -0.518636640888633 0.324332873411276
0.000487986938465496 -0.0276704597954769 -0.0255454551475679 0.0706749800076995
0.00785196058689206 -0.00391607921137417 0.448765849506615 -0.305316274910386
-0.00688681648941593 0.00285721577630525 0.083155319772733 -0.83260566163809
-0.0100400917683034 -0.00909143977838459 -0.681474334787288 -0.480995057962761
-0.0256680096894928 -0.0204168081219218 -0.603345226485161 0.328294804459989
-0.0123693265591077 -0.00209701842985401 -0.0724124747131897 0.487967906910214
-0.0179010460437941 0.00334556710850122 0.167287647884696 0.21877665010486
-0.0275747010583015 0.0103095446794412 0.177665665069191 -0.0944476542854513
-0.00722624534645185 0.00865110634387365 -0.103684516052449 0.0790643857298134
-0.0200794266056203 0.0151313518144622 -0.0790657859358529 -0.174867315955528
-0.00354480256139966 0.00561694004812845 0.108774054611118 -0.411200606775437
0.000148774596757843 -0.0231898258513321 0.530805988726475 -0.125438946331565
0.0176165039123227 -0.0242485782580959 0.495795014004696 0.570232599776433
-0.00662388048263145 0.005038663144491 -0.20702590084771 0.821956855342997
-0.0082626475107234 -0.0130201560604233 -0.517883346436315 0.321554980705068
0.00449797287891617 -0.0260126769554499 -0.0214643097331819 0.0715976250646587
0.0131862795472679 -0.00402494198068084 0.448976861189886 -0.309323208406964
-0.00198070338368735 -0.00405344587285679 0.0762074998219126 -0.833283478921296
-0.0154892234192679 -0.0135503608513487 -0.684522739483969 -0.478240591629961
-0.0308538605546574 -0.0119574505229868 -0.597913708388911 0.326168157809787
-0.0141740451175395 0.0114377676531431 -0.0682917646158005 0.486211312239167
-0.0146180571527291 0.0140153382034452 0.165961376352566 0.218783401139336
-0.0204898678155289 0.0163387093625892 0.171482084159047 -0.0964489728455987
-0.00233899267747788 0.0133855676791899 -0.109428973495445 0.076056215496379
-0.0172086021743651 0.0233985803557608 -0.0852548300269065 -0.172347722182726
-0.00754541930685304 0.016556520704184 0.10679650749326 -0.411583344578703
-0.00543450126957317 -0.0167749982053265 0.53294775896456 -0.137912645830246
0.0151275417874298 -0.0286886966256498 0.506216487731506 0.555866355142894
-0.00161380487684208 0.00101734976525329 -0.192960691938378 0.82147316891796
-0.00475287463798651 -0.0122487490379224 -0.509302808218986 0.326250138546896
0.00505982073594698 -0.0237725519654479 -0.0148645112455134 0.0729711260449484
0.0178774366835154 -0.00397447282935181 0.456683537522074 -0.308739796421208
0.0032612835633974 -0.00944267288677534 0.0874433844255612 -0.837356632957516
-0.0169938820914709 -0.0165937755330342 -0.678636599126149 -0.493628962517968
-0.034751528827688 -0.00492566076861929 -0.600819231928953 0.312860169013294
-0.0172313612998113 0.0216255352654102 -0.0696834135917131 0.483778791197094
-0.0132031778711047 0.0225454366277929 0.161326212309731 0.221344841091086
-0.0135058982856479 0.0210174542759923 0.163008498203713 -0.0978008491369467
0.00292163440180327 0.0165835928843643 -0.117685067141598 0.0736443777756583
-0.0163784397204798 0.0273788534569395 -0.0953420995151577 -0.170404133481209
-0.0105310768311266 0.0227274750510065 0.0956551464673871 -0.417419638613211
-0.00989750921944503 -0.0113325204173666 0.53332415946091 -0.16430738104918
0.0152110226693418 -0.0298150292504173 0.531253380495855 0.528528668818807
0.0022816280618276 -0.00108745484833827 -0.15672364925001 0.820710697642475
-0.00369895325188355 -0.0110574732334271 -0.493908319181426 0.33528806243144
0.00427930189678824 -0.0233771379332887 -0.0098673108518831 0.075094316135737
0.0201839628524594 -0.00280112486898349 0.470815934851177 -0.301350354225059
0.0084789970939907 -0.011026716918621 0.119045785358412 -0.843541142691766
-0.0161275301389658 -0.0188895020761529 -0.659605017515892 -0.526024151393583
-0.038547382353543 -0.000216016191876153 -0.606174541323919 0.286594596428056
-0.0205801540702744 0.027588349736218 -0.0813218007881986 0.481329693439923
-0.0126361099872352 0.0276607754109421 0.154442506661557 0.224983125273873
-0.00901804847656952 0.0252438220129617 0.15295964230224 -0.0993459343022855
-0.018139676372883 -0.00588084158440579 -0.113201565601079 0.0838208442370767
-0.0291737520282329 -0.0322459422425943 -0.0969363669511629 -0.172972740179391
-0.00528640867458743 -0.047149080662746 0.0510319594291359 -0.431202983508054
0.0198631698308028 -0.0420931232387029 0.503927034476565 -0.231690961630963
0.0375181073843734 -0.00303720534364437 0.609699716201451 0.44093043254135
-0.0172280208030206 0.0365197511851191 -0.0307473141016852 0.812806141987378
-0.0370512255113872 -0.0124529092875518 -0.450742002518948 0.368040754523935
-0.0201559002761991 -0.037312498611053 -0.0246664640936408 0.077695931064806
-0.0124752627979091 -0.00547708532624905 0.493846064022833 -0.257989958606285
-0.0146416697605885 0.0258494594344801 0.243707779638845 -0.835281619402505
0.0133023427193635 0.0162820107374342 -0.574474689666372 -0.619179261195591
-0.00350283031288249 -0.0353165651150208 -0.64601855495792 0.213489202178751
-0.00968393783583352 -0.0454888061515558 -0.138124178721496 0.472666700767758
-0.0211754192009002 -0.0387291264034934 0.139294059181722 0.233747417400624
-0.0357505830211358 -0.00266381567523724 0.166692316409604 -0.0885959392936963
-0.0194752344068169 -0.00577444357418382 -0.105341012074931 0.0851225925821056
-0.0276483303803636 -0.027260227481252 -0.0867208602690028 -0.176041782291828
-0.00043082029882923 -0.0430238423656175 0.067476564875224 -0.426087577951599
0.0219595818327328 -0.0414968624610378 0.510926205408123 -0.197891233881158
0.034476302644051 -0.00389312602735772 0.579061332977506 0.485583855904077
-0.0194304704387314 0.0327594728202689 -0.079258686155723 0.817799709950161
-0.0338409548399278 -0.0145642354293975 -0.472727017300862 0.354104901465238
-0.0158401983754451 -0.0362473748173827 -0.0289944526163105 0.075954322201137
-0.00939776059181209 -0.00502630708383413 0.476070809768256 -0.272601393344909
-0.015011294744222 0.0235511034928056 0.192901915374296 -0.835168399989598
0.00843380780138856 0.0113294124473678 -0.610002544492855 -0.576741568207268
-0.00702623719338642 -0.0357922628793905 -0.636606392458645 0.252255570457419
-0.0096810309222267 -0.0402840401074118 -0.120359160423415 0.4773769979531
-0.022172482537673 -0.0330084910015193 0.148463101052015 0.229579020053292
-0.0383338485987617 -0.00215621822890768 0.173989428135986 -0.0881485725871817
-0.0183388980439173 -0.00419615677694422 -0.100395984432095 0.083459147845372
-0.0252706388731352 -0.0197759046658078 -0.0807747204686602 -0.177389467600949
0.00169596394313064 -0.0340722438769755 0.081821520737852 -0.419348269048117
0.0191876735033395 -0.039076230234086 0.516657143169966 -0.166170271755037
0.0295217979672864 -0.00686922376477887 0.547640882793103 0.522850368926384
-0.0191497685600048 0.0266688359905386 -0.131668869992906 0.819277933019752
-0.028890709524596 -0.0155487478436848 -0.493869029286739 0.340477393255159
-0.010999477184213 -0.0335229666680819 -0.0303924848592569 0.0733962818762004
-0.00484232002552418 -0.00415740502163394 0.462425795140673 -0.284515984366658
-0.0125700723379185 0.0181782868421333 0.147992097568053 -0.833088326188703
0.00292563057481053 0.00439584731172976 -0.642065346848667 -0.535144994561574
-0.0121164201143091 -0.0325767568300924 -0.623742227024421 0.28700437366812
-0.0104219004753158 -0.0301854238001902 -0.101127727291634 0.483915973183513
-0.0221520035105797 -0.0229817553115104 0.157641687198319 0.225604536737478
-0.0365966584610646 0.000834500209562576 0.17855184470335 -0.089474608801369
-0.0160303298170876 -0.00101010911919636 -0.0979286912803954 0.0839931573276419
-0.0231700933458627 -0.00797385206621399 -0.0761916410813949 -0.176976181932608
0.00201077586987201 -0.0218611032622827 0.0948454634945101 -0.413184296649834
0.0143990163329412 -0.0333867070969719 0.520814495273733 -0.141163336834943
0.024977498723188 -0.0124316414212259 0.515622696490787 0.552720782727444
-0.0164086220294392 0.0185141070308531 -0.170191183438789 0.821528836973944
-0.0213211134808856 -0.0151258139688691 -0.50845127390549 0.327855597009329
-0.00566739101710224 -0.0305502710734504 -0.0298157137605339 0.0715675544699128
0.00110126515212961 -0.00401041811848782 0.45077394377768 -0.296209995087797
-0.010289981897327 0.00980984516221197 0.107181018606042 -0.829893882662335
-0.00349518000682337 -0.00272444980914882 -0.665404915991142 -0.503355821581634
-0.0184471093595678 -0.0269415060835191 -0.611219084874376 0.311552384709567
-0.0116312205887364 -0.0166364549819543 -0.0850643694807981 0.486186642584919
-0.0204945731855762 -0.00957166120140416 0.164640751894517 0.221453635801588
-0.0327299233505381 0.00548935367147061 0.180061301901425 -0.0912119710609482
-0.0120883594489271 0.00370330341038331 -0.0998598690314515 0.0814680459632001
-0.0214645382181573 0.00428470065170196 -0.0765615584379776 -0.176641290179239
-0.000416933313382706 -0.00730248544415714 0.10437535301967 -0.40940250573053
0.00770407207812633 -0.0282012526659305 0.525997523708637 -0.124757997107576
0.0200707449740483 -0.0183848647489525 0.498664315381953 0.568669657623133
-0.0120395975313658 0.0113894681598623 -0.198739567524108 0.820619357655085
-0.0139805299563185 -0.0143906792403514 -0.515814765805283 0.321998377189776
-0.000222690048068625 -0.0284948172212486 -0.0270496152789753 0.0712311846939024
0.00807773323734806 -0.00373311540465461 0.446459724046907 -0.306076430640315
-0.00587025991758026 0.0035351425223636 0.0806821792469574 -0.830743158281859
-0.0097971748492282 -0.0086173200280997 -0.680778350237847 -0.480681410734394
-0.0253812114750882 -0.0198003781294835 -0.602963111041693 0.326617809190713
-0.0123785775585568 -0.002172381298492 -0.0707397048761588 0.486565788344563
-0.0184635616384653 0.00320254926973856 0.167787822384652 0.219088958042774
-0.0278093382231311 0.01095293990839 0.177501451565556 -0.0938664991078975
-0.00683186236458469 0.00872311583955199 -0.103624779258194 0.0783634582829432
-0.0198640157862262 0.015394255946901 -0.0788146404356807 -0.173908865394617
-0.00417228495027639 0.00590278347961477 0.107355138742196 -0.40906550202066
4.16332929528336E-05 -0.0219272087668205 0.530061537769783 -0.124899282175161
0.0170424712644823 -0.0238633660082452 0.493838744120805 0.568282744233653
-0.00622084607589685 0.00549754232212988 -0.205512328480821 0.819071908413093
-0.00871832775524209 -0.0131387263003902 -0.515876101660251 0.318611812357161
0.0032071039416015 -0.0257410605564768 -0.0212706639377716 0.0714084275043557
0.0140207150964009 -0.00439140289352341 0.446178333599537 -0.308997522521137
-0.0014347761797037 -0.00392827526955061 0.0749863173623003 -0.832031134743439
-0.0149248713955541 -0.0133762944126856 -0.685122890964276 -0.475909351912455
-0.0306822948489781 -0.0114389716944487 -0.597319152080485 0.325416314834783
-0.0140538674709065 0.0114459398037271 -0.0655643416057839 0.485354720037165
-0.015371257745877 0.0145584617580466 0.166960300240334 0.219212629905782
-0.020504688122183 0.0162586609936328 0.172056301197986 -0.0955302272775261
-0.00204476103042858 0.0133061712011175 -0.11016048244998 0.0755991350733567
-0.018237713975658 0.0242034966058173 -0.0860982852328453 -0.172163975029617
-0.00768813212551782 0.0163011055344021 0.104791620168498 -0.411107592201447
-0.00622005451377055 -0.0159701727015855 0.534061782620001 -0.137086440291635
0.0151561760871733 -0.0283952784879431 0.504230233509203 0.554592383657306
-0.00217082013908406 0.00120927589936265 -0.190029364793832 0.818042636326427
-0.00435868571155399 -0.0116062491236899 -0.50764329943927 0.323724975623905
0.00465972990757409 -0.0231968490716859 -0.0158107351425802 0.0726076388627665
0.0173757032992823 -0.00440687035746254 0.455722744618914 -0.308217738123766
0.00329435893189578 -0.009016922179589 0.0867368637090625 -0.835468280660797
-0.016483741684304 -0.0164229998097536 -0.67639649256914 -0.493762825794108
-0.0356771322201977 -0.00453411357454647 -0.598779924589013 0.312808299097836
-0.0172883261391877 0.022200479138308 -0.0676486510434266 0.483384320509433
-0.0142436086476604 0.0231754596758995 0.16278016856024 0.221007084736212
-0.0137871617288417 0.0211775232048315 0.163027367363856 -0.0976903056997378
0.00257686489613862 0.0165748686847467 -0.117217224295962 0.0744017971844635
-0.0156455935218395 0.0281004174603389 -0.0945401731601437 -0.169413591885022
-0.0101766554500033 0.0230087733351086 0.0950568522088617 -0.415624052115684
-0.00950632264913589 -0.010736875037482 0.532403024528579 -0.163360969164875
0.014914484030804 -0.0300768599972159 0.529194638302354 0.526444168108944
0.00231855461356719 -0.000219172390497471 -0.155813028863942 0.818609038085979
-0.00364541577612805 -0.0107297116954645 -0.491694726650712 0.334147784633585
0.00336641560465136 -0.0234615544092304 -0.0108263402519526 0.0750408248689922
0.01983070898464 -0.00349281649060623 0.468701274232564 -0.300554709009642
0.00857395706953319 -0.0111306431283423 0.117874622004907 -0.840821662379122
-0.0158419035660856 -0.0179812551991579 -0.659966468333423 -0.524168642665899
-0.0381153473503958 0.000426275079572814 -0.60502597467552 0.285398921778185
-0.0208854095720482 0.0279711704544353 -0.0791358556836992 0.479451495946325
-0.0138098907288387 0.027438299391738 0.154029840517325 0.225258977392254
-0.00858225482268985 0.0253709524670935 0.152895740414842 -0.0989080417741724
-0.018642967125341 -0.0053121043736165 -0.113306037598495 0.0839823069035828
-0.0286202439679117 -0.0313998995151574 -0.0965718128156776 -0.17400801729631
-0.00465644549661824 -0.0466867034883282 0.049614795881834 -0.430704596323859
0.0200010854265895 -0.0416729188808969 0.500027539081422 -0.229325718844044
0.0382723519928308 -0.00252078957265287 0.607681062929625 0.442027489252566
-0.0163740253804221 0.0362836343962103 -0.0299814146111163 0.80957989747016
-0.0371820983797108 -0.0126727682554802 -0.450001669323999 0.366023285494864
-0.0204600729400281 -0.037512841471242 -0.0255915976122117 0.0788099220735882
-0.0124731722701186 -0.00615741683351419 0.49216466853322 -0.259504089715678
-0.0145580886176651 0.0261837337139705 0.244540613639015 -0.834148906745579
0.0132863475583302 0.0161597314162007 -0.574591271402015 -0.619413405690108
-0.0033269317728342 -0.0340361494627524 -0.646205002605034 0.213181593692282
-0.00949811872215007 -0.0455145869409864 -0.139223979415068 0.47209792564118
-0.0223192069212632 -0.0389797055739941 0.139279219553392 0.234997642081071
-0.0358023765373353 -0.00186666450553969 0.167307782279435 -0.0868370908786807
-0.0189133573885753 -0.00538870098416951 -0.106000673569992 0.0838212231818049
-0.0276515695284343 -0.0272416048774051 -0.0896407345102696 -0.175626460122594
-0.000820209777832552 -0.0425562483910109 0.0659258863343322 -0.425628399934619
0.0216612368470255 -0.0412947587479807 0.509718535284342 -0.196343484957543
0.0336261809828962 -0.00387918569713635 0.576133418649353 0.484458154953417
-0.0188779403036632 0.0329381025847308 -0.0790238951029491 0.814761773014201
-0.0338745560755866 -0.0141516318623371 -0.472007258581653 0.351865192689607
-0.0168035767036783 -0.0354398318816726 -0.0292716785953083 0.0756940891397863
-0.0099232923115157 -0.00520225333648805 0.475728911867528 -0.271536069880006
-0.0147832998795232 0.0232388228250437 0.19335817002677 -0.832709883562513
0.00929593805247688 0.0116153717047377 -0.609327994594797 -0.57600588417597
-0.00737592556580862 -0.0355563011254678 -0.633841757457405 0.251061248210912
-0.0101510806214618 -0.0410368718777959 -0.119841335957398 0.478593107152696
-0.022610390207595 -0.0321162517142498 0.150185829364268 0.22971251248366
-0.0375613684878285 -0.0011068348304678 0.174047042938859 -0.0879321005869753
-0.0184373370589439 -0.00413902369788984 -0.100093669913263 0.0831545225114709
-0.0251290541171257 -0.019397729628109 -0.0806160782723094 -0.177778322569209
0.00187081236261666 -0.0337379529697696 0.0800276987464447 -0.418117248258231
0.0191808610360828 -0.038443263562636 0.515124744884133 -0.165201881322111
0.0295698148376032 -0.006828339041835 0.545079643120098 0.522025519720022
-0.0188085043186774 0.0266103887568833 -0.13025900827313 0.819319822174393
-0.0284584365913983 -0.0151655988715067 -0.492153081338561 0.339265159351683
-0.0119711080908034 -0.0336331610134106 -0.0303321535858355 0.0722825051087401
-0.00476442720956528 -0.00481498916333712 0.461327699018746 -0.285499903521077
-0.0127666998936872 0.0183960385816944 0.144262603936945 -0.829788865966183
0.00362418866051931 0.00486157515174153 -0.64086124428382 -0.53248616829755
-0.0121051955954441 -0.0322092333659504 -0.62299098181255 0.285906981047502
-0.0101108540466501 -0.0300177178160298 -0.101000717759897 0.482614062353241
-0.0220588371306409 -0.0224294592331476 0.15905440554723 0.224037848904443
-0.0369528468886818 0.00149024248906261 0.178236992784218 -0.0882076700212019
-0.0157842344091768 0.000120084231368648 -0.0978009320469433 0.0825247382550574
-0.023076403975764 -0.00798251821438757 -0.0770839588061991 -0.17786427612173
0.00280116630993882 -0.0212795022847721 0.0942256543868685 -0.412203637913734
0.0139816431142087 -0.0339963568187743 0.519623158800016 -0.140422627729556
0.0245138184355248 -0.0122283179932929 0.514973411100145 0.550960740924038
-0.016073474336304 0.0191944774944881 -0.17132329852237 0.819866869180449
-0.0208944072009629 -0.0147531333617387 -0.50652809518129 0.327710845794266
-0.00611574871661542 -0.030527114847999 -0.0301596450851164 0.0717352079103023
0.00137228409596379 -0.00512995726776303 0.448053168357107 -0.295494361836603
-0.00975972516020557 0.0110505429149456 0.108394978719216 -0.825909162605462
-0.003758853299761 -0.00206721953181424 -0.665911338959396 -0.500581179973313
-0.0189762548206137 -0.0268052286126905 -0.609641234376617 0.311606078014412
-0.0116127504111567 -0.0166502864447564 -0.0830099536422941 0.486125566460397
-0.0210627725467908 -0.00928239142014712 0.165115081000826 0.221905611894584
-0.0333258825181212 0.00611637458256018 0.179597784679097 -0.0903342988769679
-0.0123711242069309 0.00436691983143479 -0.099031090294086 0.0806005668217829
-0.0208860661591356 0.00437765067624174 -0.0772276069487465 -0.176006217597924
-0.000181860249452591 -0.00683637387363079 0.102075612347413 -0.408080021633669
0.00682997886302217 -0.0279476360645766 0.524088463300134 -0.125863834567005
0.0203679901381425 -0.0178449577479551 0.496225938473577 0.567860329217138
-0.0113971731870582 0.0114477323018895 -0.19807553009858 0.818626407686808
-0.0145882383154391 -0.0132868539072504 -0.514803337660592 0.319722847567955
-0.000906384532525937 -0.0272917878140393 -0.0263875797813082 0.0707727656831007
0.00775749411833668 -0.00469374067617378 0.445190367645788 -0.305404052017411
-0.00613473711060968 0.00296381237580821 0.0804170032239312 -0.82818486024603
-0.00946387173315485 -0.00840050048137357 -0.679321957093748 -0.479644416088915
-0.0255931670866076 -0.0198052648304878 -0.600704270556342 0.32804862805855
-0.0125417009306292 -0.00183884151479397 -0.0713076593233566 0.486175272477601
-0.0183305045702036 0.00299113897929209 0.168362416755983 0.219424146872667
-0.027842358360861 0.0110015167856575 0.176605423114701 -0.0925527245197217
-0.00754184750041389 0.00932895884213411 -0.103860108570435 0.0774671551950332
-0.0194623106922135 0.0153328863485766 -0.080313413179921 -0.174186728863338
-0.00298038812147674 0.00684635640484004 0.105216965858859 -0.408243132547556
-0.000432356041881298 -0.0224127906568988 0.527169036045189 -0.1239705331204
0.0166839769400286 -0.0245268884877052 0.492721626263367 0.568298974806906
-0.00583494918611902 0.00520296336036814 -0.206180596404728 0.81636406012388
-0.0084343082791432 -0.0131079119503537 -0.514570426688198 0.317583601972552
0.00306583782503912 -0.0255195096029514 -0.0221054227010264 0.0709406172835338
0.0125546055495461 -0.00490507408029076 0.445071043437082 -0.307234968572192
-0.000644743005446171 -0.00432763609588788 0.0738431966797359 -0.830347186853643
-0.0147131722715079 -0.0124519370489738 -0.684721731571533 -0.475367868800219
-0.0300999642798851 -0.0117596268557387 -0.594536339033299 0.325365812585959
-0.0150656079374786 0.0112812150190228 -0.0653957831599386 0.484954480853179
-0.0163633351007041 0.0148358922860334 0.166718115323812 0.219495107004978
-0.0203968358980326 0.0170431424632969 0.171005680375714 -0.0944026055143524
-0.00240438958402718 0.0134479352649255 -0.110373274835086 0.0756767454646428
-0.0180805234975562 0.0237431395856255 -0.0863621786144618 -0.172250868116977
-0.00765025073464611 0.017140041373123 0.102855202523979 -0.409295319554048
-0.00678126751858711 -0.0165206940556199 0.531269035567786 -0.135054062078396
0.0143643548466204 -0.0285169793532755 0.503166905495911 0.553947720825046
-0.00111886796471338 0.00146492510325921 -0.191346267674749 0.81704906423884
-0.00468913149624109 -0.0112420514511818 -0.506582395898068 0.322398996159985
0.00393097359373472 -0.0242092306624798 -0.016017557613013 0.0726659267405101
0.0168546870848849 -0.00486814325585597 0.454204983971691 -0.306527998864139
0.00340100820544231 -0.00930099323110864 0.0864470099249877 -0.834640797140074
-0.0165868277290818 -0.0163663201522288 -0.676084876817773 -0.491484625549777
-0.0350411836917113 -0.00396077623828425 -0.596236128465539 0.3146740686212
-0.0169451773443985 0.0218793616556557 -0.0668782826533535 0.482684399242136
-0.0142296151880062 0.0233406003433702 0.163070815479775 0.221337784777407
-0.0139508503210284 0.0221254395763594 0.162261361166654 -0.0969107821177051
0.00298823894366622 0.0165476287822877 -0.118189308862296 0.0730315738663237
-0.016282737320629 0.0279920670774722 -0.0953500914416018 -0.169898306270989
-0.0105054420332514 0.0232966887575588 0.0939226234777195 -0.415353491735346
-0.0100886053442292 -0.0110158647107459 0.531006356622157 -0.16197929323147
0.0148437561465999 -0.0303658332191884 0.528293521358785 0.526282623556193
0.00225469369353155 2.20981025309871E-05 -0.156280281073209 0.816824565236742
-0.00348424834484627 -0.0108695347476272 -0.490619976246232 0.332742493721711
0.00313340102267778 -0.0228380326823882 -0.0102999575178631 0.0744339697244584
0.0189137199815956 -0.00392365589598121 0.467778800245693 -0.298900690943045
0.00870452806274717 -0.0115023645811355 0.116603610052482 -0.840367563224203
-0.0154205639739054 -0.0173147762496866 -0.658147747029046 -0.523122127118428
-0.0380144004611291 0.000868722089015343 -0.604765677957302 0.287137913952551
-0.0211891104057174 0.0280925826172346 -0.0780278100034286 0.478247747458444
-0.0140925118798154 0.0275632720050219 0.154941927089932 0.224872265231922
-0.00794093697887044 0.0260681239232561 0.153638302126212 -0.098143437675231
-0.0182231442072843 -0.00522633665238624 -0.113100974247658 0.082848848891169
-0.028367923074271 -0.0309906147406262 -0.0975728903072027 -0.173788442505653
-0.00515971771893296 -0.046173735151717 0.0498592664650915 -0.42993033375955
0.0201658729482214 -0.041614009605544 0.499041107255114 -0.229584452178072
0.0377276023472644 -0.00297488032396314 0.606798276388282 0.441922343743186
-0.0165349115639952 0.0372093283211337 -0.02917855093764 0.807336383761638
-0.0376421734713216 -0.0121643064906927 -0.448818114187176 0.36477014347937
-0.021743225881647 -0.0375691726361054 -0.0257841996251439 0.0776318668508897
-0.0118616659913119 -0.00753152722950862 0.491134646778528 -0.257231122155121
-0.0142038298482241 0.0255806112869484 0.243100288496411 -0.832819271825971
0.0131500497614159 0.016686025725865 -0.573759469743872 -0.618860852305668
-0.00306941265805681 -0.0335405976073973 -0.644553790923532 0.212202989895066
-0.0102568509169552 -0.0456082239891268 -0.138406681953667 0.471882888337609
-0.0226989499496972 -0.0382127168550849 0.139385983596107 0.234322529486683
-0.0362002156551026 -0.00121827536157225 0.167395494587609 -0.0854699422969931
-0.0190410874294347 -0.00534223266340114 -0.106082090712569 0.0831628767634473
-0.0270430923160754 -0.0268362102613111 -0.0888824121887192 -0.176638516744184
-0.000645644593792778 -0.0421903816087794 0.0648262580524238 -0.424278972501208
0.0217605859075157 -0.041436918114518 0.508340574047232 -0.193845940268816
0.0340149917330869 -0.00351998906081762 0.574727885487806 0.483180940192259
-0.0190548040854484 0.0327521338785545 -0.0792895058073381 0.814130917072011
-0.0344734368932862 -0.0139334972478976 -0.473208710400599 0.34976736885736
-0.0178268522300342 -0.0357903998422478 -0.0293850949314493 0.0746550435903588
-0.00973114238639026 -0.00657380963867757 0.473626745382771 -0.27121024588346
-0.0144753542154324 0.022596156767115 0.193878411497419 -0.832413441081033
0.00887260906163647 0.0119058111130103 -0.607518553323635 -0.574896397297487
-0.00799230428186046 -0.035378441047806 -0.635696001202459 0.251905744280513
-0.00940010078038513 -0.0399631766744051 -0.119739567954302 0.477700724012766
-0.0233461601012736 -0.0322055641554597 0.149651415891192 0.230730848852345
-0.0378578281903654 -0.000688947742369006 0.174220901784854 -0.0861016544322333
-0.0183361787187203 -0.00461818214314782 -0.100552046327505 0.0823655962043719
-0.0252390478506162 -0.0186536952811906 -0.0812213689294021 -0.177800436279578
0.00229876069112769 -0.0337584014697115 0.079141311506156 -0.41864257601366
0.0193482348960703 -0.0380533917023564 0.513816742509439 -0.163026777798162
0.028903585088672 -0.00732576060559112 0.542978203821121 0.521440723339192
-0.0182872235238415 0.0270614868331997 -0.130501745316526 0.817037167189482
-0.0284296770118644 -0.0146706744505417 -0.491004260846925 0.336387010482924
-0.0127637127257098 -0.032634206663592 -0.0306065828891105 0.0731760994627094
-0.00527428182894224 -0.00525266211992857 0.458893324663567 -0.284469307659349
-0.0122490177562006 0.0169881742956024 0.147207806310389 -0.829439758470758
0.00331483272709654 0.00575468786655607 -0.640476679951272 -0.534612918849159
-0.0127127966645719 -0.03241470716803 -0.622038347925435 0.287540861873056
-0.0108491592519046 -0.0305254976218824 -0.100012819380034 0.483279682339209
-0.0229961532449667 -0.021687436622033 0.158857209072796 0.2258520656743
-0.0369450107560237 0.00259468402471837 0.179270975580526 -0.0878197852798003
-0.0161181510302389 -0.000514062132396851 -0.0983810649410125 0.081519718313577
-0.0229889476972996 -0.00715662584904575 -0.0777399376419939 -0.177039706156726
0.00192794934788139 -0.0205459151739706 0.0923931988597627 -0.411270872616298
0.0146622109514672 -0.0328580918731083 0.519136372369311 -0.138037890901743
0.025094787802166 -0.0127366994762409 0.513431141689192 0.551507237857843
-0.0158793857751083 0.0193107208640253 -0.173050315344236 0.817066350732037
-0.0217916714977849 -0.0149844681406627 -0.506377474668426 0.32501687378808
-0.00690913294533559 -0.030669925421971 -0.0301238481927058 0.0713799126363441
0.00150622011628644 -0.00536774927811085 0.447853371286951 -0.29435021075061
-0.00978363447046834 0.0102230002091761 0.107684793783797 -0.82704473565054
-0.00304994546300443 -0.0020416105617787 -0.664629804735459 -0.501435503980208
-0.019333332108217 -0.0271070085801117 -0.608628245719176 0.310963157607846
-0.0116436528969447 -0.0171018823243488 -0.0831893120787807 0.485060574920998
-0.0211686413036549 -0.00900410380347921 0.165241773897536 0.221601527562708
-0.0337400073712633 0.00716590885481585 0.180405244837046 -0.0893351341631659
-0.0120731989617099 0.00368126243302565 -0.099239216795816 0.0799357232838857
-0.0212323904767092 0.00464262815231671 -0.0782816215512961 -0.176189119284215
0.000347904528709534 -0.00706116296853648 0.101269110346059 -0.407957515189461
0.00748946241210319 -0.0280937337146029 0.52376530019366 -0.124153653071508
0.0202761747835405 -0.0185090381522353 0.494774671279363 0.56542919660423
-0.0117320511957994 0.0121848973065716 -0.198266331024146 0.817472217924309
-0.0148866938479531 -0.0138893589555325 -0.514253599304485 0.317456612425347
-0.00184784548758503 -0.0280045746102139 -0.0272684597122613 0.0705099248618418
0.00774196088405905 -0.00540053028738005 0.444546540274151 -0.304103449118787
-0.00590261710116842 0.00215857782584383 0.0832412355484563 -0.828231497049289
-0.00959414730580225 -0.00759795028804729 -0.678922036100738 -0.47941932505188
-0.0253232092428691 -0.0195783775893585 -0.600703134732689 0.325457958477915
-0.0127691546870831 -0.00256701055565313 -0.0699508833699796 0.485103154262768
-0.0192224760471537 0.0035659404832845 0.1687394431908 0.219807308999702
-0.0281033665098411 0.0120546012245579 0.17770978833956 -0.0920859764399825
-0.00742761563212026 0.00930431657990881 -0.10410188934437 0.077170961093367
-0.0194812800101095 0.0162022079695762 -0.0801558777082303 -0.17442017278049
-0.00354288297760528 0.00692278651401918 0.104103414205831 -0.407550091927025
-2.4729868339078E-05 -0.0216417887621871 0.526562919306559 -0.122067704883802
0.0168349724251176 -0.0244229299777276 0.490910870221278 0.567949996542166
-0.00616597994609197 0.00551456395019115 -0.206194499072681 0.813386761427427
-0.00877884896923113 -0.0126625080754354 -0.514034432751598 0.31613068405462
0.00188090778923891 -0.0251205967233134 -0.0216471114483985 0.0706688651999538
0.0131226172512852 -0.00528993025196323 0.443794072000562 -0.305984428364409
-0.000735875935982101 -0.0043594627733679 0.0757246696069093 -0.829679871593613
-0.0143820930572064 -0.0122364577655377 -0.683648089678044 -0.474686286982455
-0.0304112960862731 -0.0108313235151329 -0.595307059806606 0.325885693875218
-0.0137916648749108 0.0114164280038923 -0.0651278612953644 0.484740357094096
-0.0167152864469237 0.0155184761063491 0.167687833088771 0.21913541117662
-0.020904934295735 0.0175930430173655 0.172100103158126 -0.0944081062334364
-0.00196463808319959 0.0139111649820451 -0.110832906065944 0.0739194977888532
-0.0174965091591155 0.0240356859035483 -0.0871419752176223 -0.171980001346171
-0.00698064375228073 0.0177712012243483 0.102068586246369 -0.408123397950528
-0.00681150611396553 -0.0158167189085968 0.527888141517651 -0.134067738174117
0.0149811660952131 -0.0285474027452886 0.502345748663805 0.554476461658964
-0.00134669649124132 0.00182434843193297 -0.193006748858694 0.815892933519453
-0.00449908897038281 -0.0110009075267802 -0.505626665617301 0.322254888621233
0.00300727480119527 -0.0239084133180383 -0.0155868196920052 0.0718547288570121
0.0172872116252825 -0.00538409635513771 0.451262078646488 -0.307014774431162
0.00385941263002355 -0.00935404248579965 0.0857865461864322 -0.832634298109374
-0.0159316099909889 -0.0157459102158998 -0.675581615480964 -0.490780712023813
-0.0348004746905587 -0.00466022153898137 -0.596428318607506 0.312971474751443
-0.0166913872260732 0.0214430121462505 -0.0665850685524738 0.481493961907949
-0.0144089709556182 0.0237205543480938 0.162730227366308 0.221617979932616
-0.0134145770536572 0.0222526512572757 0.163846811889081 -0.0961585521393289
0.0030848320324224 0.0167692035189737 -0.118093942444121 0.0721380110130297
-0.01481014873493 0.0284866912167643 -0.096148416874639 -0.170012138230247
-0.00938907662098373 0.0239279708140833 0.0924422886927963 -0.413651287012368
-0.00993594809155829 -0.0103608340106551 0.529087506387568 -0.161360255169532
0.0146174644114762 -0.0299967560433509 0.525242747258732 0.52725583542148
0.00310857847096446 -0.000402749837243123 -0.158034563940036 0.814111212238216
-0.0037504023966741 -0.0100630274260445 -0.489453172375451 0.332314416781738
0.00262648203270582 -0.0226918894850252 -0.0111615312662053 0.0748429018427275
0.0189356025057354 -0.00432142680244953 0.466017731760933 -0.298128975652665
0.00831261158351392 -0.0116308584599758 0.119043098992842 -0.838118196103123
-0.0157447025074417 -0.0178703950640025 -0.656200464702804 -0.523108472917867
-0.037803732493605 0.000478753875993082 -0.603669998002103 0.285587398346662
-0.0214086769781662 0.0281086929150948 -0.0787703970176273 0.478144846031995
-0.0143409166107416 0.0285863004903253 0.155584239720224 0.225430061516072
-0.00780115581466536 0.0271755603655011 0.153317661123366 -0.0971770939079298
-0.0185288800561449 -0.00523507324330626 -0.11368222495423 0.0831896737554028
-0.0285416753016071 -0.030727496565995 -0.098595319716926 -0.174033091094548
-0.00454530906392946 -0.0455876988395184 0.0477179190476991 -0.430624254751036
0.0196857227824161 -0.0413406108604949 0.500547772293973 -0.22739757805851
0.0371227013901433 -0.00252600372581033 0.605286193020769 0.442134723527758
-0.0162315568382221 0.0365249292382693 -0.0324862861702713 0.808922401751902
-0.0372542110591633 -0.0125663177840727 -0.450697238161264 0.362940392673647
-0.0230351938174069 -0.0371951315694029 -0.0257244427050136 0.0781574069561225
-0.0121455422286935 -0.00732663547164857 0.489759089072021 -0.255415889339618
-0.0140544551751001 0.024809069867163 0.245237392788511 -0.831780544310614
0.014416477194268 0.0177851523878763 -0.573288129547804 -0.619194767776441
-0.00342838945869654 -0.0342277553917089 -0.643745853101444 0.211749084932127
-0.0101973111618533 -0.0456824091897921 -0.138073088604914 0.471736933899535
-0.0230483830292948 -0.0376819871911306 0.140595466826771 0.235646649565527
-0.0361507758047797 -0.000702858767131026 0.16827844499161 -0.0848516070677597
-0.0199655389057162 -0.00575395428682845 -0.106220215274963 0.0829612161939753
-0.0271178324431421 -0.0271489422390576 -0.0895312328710201 -0.176844013992886
8.20313572434412E-07 -0.0414008011121131 0.0653870853839692 -0.423806245009303
0.0210531739434672 -0.0404280093349275 0.507545501663191 -0.193122707543185
0.0341710252134666 -0.00373745024106919 0.572498398658053 0.485714146646073
-0.0191006667525097 0.0328530060192045 -0.0797212942857398 0.812396287677115
-0.0342446302888516 -0.0140531275409026 -0.471866324641102 0.348495535728834
-0.0189516493000304 -0.0355737325766122 -0.0294863493840841 0.0754350509703346
-0.00912694981651153 -0.00638338935783209 0.472468384323944 -0.270475175873729
-0.0145697450079623 0.0230510162822054 0.193699461924966 -0.831624299105385
0.00945361898786026 0.0125565123479369 -0.606851726681357 -0.576019610417525
-0.00774954202274629 -0.0348490718786091 -0.634412243954455 0.250873876707983
-0.00948488921737291 -0.0406225067331689 -0.119327800057511 0.478020041582701
-0.0238685534165251 -0.0316285025419212 0.149828350510095 0.230942573465139
-0.0380389274539973 0.000320021023905232 0.174883645771614 -0.0857676947593774
-0.0186241538045494 -0.00288474096910461 -0.100845963379159 0.0822587999901593
-0.0249756944129577 -0.0183207498651264 -0.0822386866514372 -0.177566714378949
0.002617792370689 -0.0327933393580913 0.0793514389071779 -0.416884110673688
0.0191266669141395 -0.0376600109146268 0.514834388931009 -0.161358422550655
0.0292693202321951 -0.00638304898446298 0.542680098710455 0.523293206872486
-0.018847040937355 0.0272036216538799 -0.133509475355961 0.816713427987024
-0.0289056374326256 -0.0144185307249524 -0.491916713197942 0.335006067689748
-0.0132754901190721 -0.0322416000085349 -0.031125033718639 0.073105361371227
-0.00529283947327748 -0.00595672643576182 0.461050686902315 -0.283116738690568
-0.0117431848267635 0.0177802873190555 0.14587157986545 -0.830645845579162
0.00316825713196397 0.005689529971311 -0.639441469998015 -0.534795210728598
-0.0124342736378228 -0.0332079320300666 -0.622811959934336 0.28562592221531
-0.0102887872491447 -0.0302512606565345 -0.0981474193347028 0.482509772964082
-0.0233188364583908 -0.021644557942176 0.160092828317519 0.22582745235923
-0.0369440930028545 0.00290956445971582 0.179639135821592 -0.0866600815653576
-0.0161675914096177 -0.000379879812676902 -0.0991532288025006 0.0813409749417155
-0.0230489248789729 -0.00712907051297835 -0.077545772037693 -0.177434819635061
0.00279509073188933 -0.0197497328670634 0.0927355587330455 -0.411339487013474
0.0138001347877306 -0.0331866950759892 0.518616023706873 -0.136725159624011
0.0247027562866825 -0.0120556454626701 0.511614406034872 0.5512979617795
-0.0158084580019514 0.0189458437583993 -0.173600307519369 0.817651189529113
-0.0213082157670195 -0.0147701517578917 -0.506296431306796 0.324063758351734
-0.00735618099419045 -0.0303574676322241 -0.0309467152479925 0.0714511139612638
0.000613945763624849 -0.00584522834481028 0.448151187247598 -0.293380752846625
-0.00968898116516149 0.00991686130247205 0.10857505717324 -0.827966018741217
-0.00326505353834059 -0.00101811170586542 -0.663312033423664 -0.501141110876878
-0.0188252729488242 -0.0272339377494575 -0.609430214291902 0.310733241930536
-0.0107896209625785 -0.0169738155805008 -0.0827744529487167 0.48613923992106
-0.0223115318401822 -0.00883699887810682 0.16539794752558 0.222980286946408
-0.0332961990723795 0.00674605016639953 0.180581066378326 -0.0886414835560623
-0.0121095037741089 0.00407439836289839 -0.100346213459477 0.0786130557589768
-0.0210548095402681 0.00442082546296407 -0.077902554179703 -0.176514087905536
0.000194542221658381 -0.00611954605467884 0.101166532086664 -0.407505514608955
0.00734008688895969 -0.0279324964099328 0.522339517734581 -0.121869374401293
0.0200544913611624 -0.0184433185345648 0.493444468201183 0.566454716303531
-0.011987308749204 0.0120915564052234 -0.199211925616808 0.815378289100168
-0.0142518857316736 -0.0136457546840025 -0.51393821676427 0.317253757794788
-0.00252538468992273 -0.0273043729451979 -0.0268361359618533 0.0708520896719398
0.00732323974696029 -0.00654169207210584 0.443754363444513 -0.303639638984338
-0.00510036892658149 0.00281592595454098 0.0824818555345572 -0.828645154353075
-0.00949199199378189 -0.00740287144522129 -0.677679074985257 -0.48106797296824
-0.0246079657424886 -0.0193748667780987 -0.600398129900206 0.32690635273697
-0.0128705926687316 -0.00275264803954979 -0.070474311880566 0.486559979427074
-0.0196230584825218 0.00384138016500941 0.169086904674086 0.220544296599979
-0.0274783989417404 0.012650751401307 0.178519927105144 -0.0908474530634081
-0.00760210858867334 0.00872221619271399 -0.104288019405348 0.0768163719646843
-0.0198067670200738 0.0159609057968972 -0.0813852722534945 -0.174816553143027
-0.00301460280852417 0.00671333966967312 0.103907431661504 -0.405887004761914
-0.000227443765901999 -0.0215315460562877 0.526594938961982 -0.121245500279948
0.016832465202714 -0.0242015244763692 0.489886829444602 0.568135828205417
-0.00629830333421733 0.0057255351414882 -0.207308408003303 0.813721297385951
-0.00922673432844953 -0.0124751335235917 -0.513485442747543 0.315794582352808
0.00162958273623497 -0.0250690432753754 -0.0228200620482129 0.0711069524489441
0.0134142909095456 -0.0068268972630479 0.443522745624911 -0.305425843181984
-0.000448100401844564 -0.00443868284344605 0.0760756491137738 -0.828776460396413
-0.0140785625791357 -0.0119634518130672 -0.683442995588802 -0.47615345343471
-0.0306119501706097 -0.0106668790803779 -0.596201132765644 0.325652459052982
-0.014354043625597 0.0112503980778511 -0.0645191448509484 0.484105729864352
-0.0172987056742742 0.0157656989545631 0.168097154704379 0.220085532010436
-0.0204120037375826 0.0185813750394971 0.17275688653035 -0.0932420009169924
-0.00209428559256899 0.0137796526099359 -0.110511176402743 0.0738005793481396
-0.017674279085273 0.0244194207968385 -0.0876246669051138 -0.172524014540393
-0.00652015991571056 0.0178317064968303 0.101482400628893 -0.409332911388036
-0.00637737616289187 -0.0158712879706339 0.529350722785113 -0.133294802067207
0.0148990978637255 -0.0285689889868487 0.498919906281175 0.554860474188393
-0.00125091177725812 0.0022008757507066 -0.19251752502385 0.815428278445665
-0.00508655440277279 -0.0110167073280452 -0.505135856848937 0.320241895697053
0.00323773758066589 -0.0237139855866328 -0.016267608406895 0.0719278695567343
0.0167690831719419 -0.00574680826601844 0.451485752600972 -0.305310598091313
0.0039001297669413 -0.0092951028341909 0.0891661497922973 -0.83221340328877
-0.0161417572454731 -0.014867350219876 -0.675805683646453 -0.492315958994857
-0.0347797096803877 -0.00413975609114338 -0.596648659651906 0.312432838503322
-0.0172172214678693 0.0210960614123327 -0.0672113039248015 0.481325401315913
-0.0152323265984437 0.0245936430961694 0.162997558348504 0.221605371493934
-0.0132998014573454 0.0231888992282526 0.164334718899345 -0.0956562433616055
0.00237738848842935 0.0165953023445168 -0.118559326405406 0.0721436374859561
-0.0155543986630534 0.0279675205219945 -0.0969146794954033 -0.169001897559902
-0.00951175599687169 0.0246295778693385 0.0912157407651196 -0.413998285773635
-0.00988346178124784 -0.0100642108269313 0.52817518076801 -0.159267448011101
0.0138104784943302 -0.0299625086820352 0.523892714576059 0.527551775125781
0.00255606122951508 0.000854806478741667 -0.159507183984086 0.814343089936474
-0.0038955986635389 -0.0100217986741573 -0.490428469511961 0.33059931840628
0.00155722088607791 -0.0228955285004705 -0.0111484985556658 0.0741785517792857
0.0189061678891348 -0.00553944768353182 0.466261655545629 -0.297527874679259
0.00947811457335767 -0.0112527399922046 0.120159600104621 -0.837634443471031
-0.0150075985485039 -0.0172225198729347 -0.657655380245868 -0.523727144381696
-0.0387814279706195 0.00031659599543404 -0.604234326236973 0.285829763963152
-0.0209166840444675 0.0274199865482556 -0.0781381961490713 0.477292367817261
-0.0153987802289924 0.0294662330899476 0.155585135633365 0.226274493202808
-0.00848432439171447 0.0273913624761328 0.155125752398778 -0.0969500993723628
-0.0183510008832602 -0.00494376883272979 -0.114436345909649 0.0821297966951017
-0.0284748213426124 -0.0307827252021639 -0.0983107737194519 -0.174360450357496
-0.00465322975278578 -0.0457164345954103 0.0475895301038024 -0.430082574924002
0.0202769836119753 -0.0415397766293985 0.499540238461233 -0.227472097457506
0.037135899595984 -0.00322361145017908 0.604647846786003 0.442609582352133
-0.016292754393755 0.0372730641375511 -0.0334471946861316 0.806981941991817
-0.0379058427105524 -0.0125089280839707 -0.450071685494747 0.362299823323088
-0.0225714401529965 -0.0374451721370679 -0.0260190973833383 0.0780036351873706
-0.0127145889561221 -0.00853898738020206 0.489869611095258 -0.255308990631847
-0.0133261392079596 0.0254161254362132 0.246480500655539 -0.833179555742754
0.014549368041028 0.017563945132339 -0.572251727638924 -0.622174741644155
-0.00310992081645178 -0.0338261588332677 -0.645298527304859 0.211887510098525
-0.0100768673832024 -0.0461970195218266 -0.138400362360229 0.472664051936125
-0.0237543123905542 -0.0377415790539606 0.14102408606163 0.2360929087369
-0.0353060175008444 0.00101678419005965 0.169390368938925 -0.085509549881171
-0.0196773812445231 -0.00507265437778661 -0.106946686144791 0.0818810841329286
-0.0277483515748907 -0.0267011322463278 -0.0891124491622973 -0.177647980993946
-0.0002641065820563 -0.0416689931074566 0.0637235032750878 -0.424798177764917
0.0211624796128433 -0.0404073205041703 0.508078296000171 -0.192352743397385
0.0339776776304761 -0.00301390834488823 0.571375693581468 0.487145874422729
-0.0186278665877819 0.0337390177294891 -0.0811987823177069 0.812841168113259
-0.0349790060181814 -0.0133851084000872 -0.473758607472115 0.348607365189391
-0.0190133889235162 -0.0358818062311188 -0.0300104260721972 0.07540219990946
-0.0101776909040809 -0.00759058001964443 0.473605346168643 -0.269866500599149
-0.0136201652185432 0.022762482299207 0.196357619692935 -0.83176806659418
0.00948900431373965 0.0122849575055996 -0.608329860795232 -0.578067354082935
-0.00672524994333729 -0.0348968290759516 -0.63612747393172 0.249820416292299
-0.00943272492468865 -0.0409516781408716 -0.120028644270223 0.478682550373231
-0.0244055737456218 -0.0316064734466503 0.150308197141585 0.23239732950673
-0.0379068083496561 0.000787008200432022 0.175253100833215 -0.0851238982941474
-0.0188709937396446 -0.00323140578404479 -0.101642427491251 0.08165532831375
-0.0249978228907597 -0.0185441936143792 -0.0819101341391112 -0.178763832915118
0.00265451083418429 -0.0326687604908876 0.0785066556617295 -0.416794579190058
0.0193927674479978 -0.0376327922731004 0.513453357460354 -0.16005015104196
0.029333627075435 -0.00737677550099376 0.54117947674549 0.524772427534562
-0.0185229092499099 0.0273846262014154 -0.135557975210361 0.815465252292846
-0.0296496464826874 -0.0145479050810204 -0.493301571674617 0.335043221124278
-0.0140289772728836 -0.0334849211330507 -0.0313965835445606 0.0725566374775212
-0.0053855124727286 -0.0065119098464694 0.460184900630061 -0.281815030579588
-0.0118326170720421 0.0170476543501733 0.148109946556888 -0.83253135222043
0.00403039605537325 0.00569672430789911 -0.640542888312644 -0.53636299980114
-0.0129201804494594 -0.0325481882884921 -0.624588195553493 0.284383558601809
-0.0107278423319653 -0.0306139844057889 -0.100096006344605 0.483934035125267
-0.0248663280379327 -0.0211855469551242 0.159838118397111 0.227046293640966
-0.0366777519567691 0.00324900967959542 0.180687491446929 -0.0858291213323694
-0.01617620901065 -0.000183313841457595 -0.0989419638420295 0.081274279789488
-0.0236753513726844 -0.00746773701122087 -0.078760888378867 -0.178098126184991
0.00282138152411049 -0.0198478214476549 0.0917739346472031 -0.41063686310319
0.0143994805592815 -0.0329326640507968 0.518782997143129 -0.135440035633516
0.0247572766526653 -0.0121803630564514 0.510035460307445 0.554127379713681
-0.0158223246292967 0.0191676914384305 -0.175054071421821 0.818632166157144
-0.0221525522934886 -0.0147712979030048 -0.50720415213925 0.323657581247604
-0.00784344482478861 -0.0293957782581758 -0.0310097360517259 0.071394858944277
0.000603607470792454 -0.0072464788411183 0.4484947802354 -0.29344617500683
-0.00917859356902793 0.00970952021636909 0.110205519306896 -0.828011804297927
-0.00296441863890753 -0.000930941314609933 -0.663547901028391 -0.502821654187305
-0.0191728023652598 -0.0271076086430469 -0.610780207015069 0.309124246396106
-0.0112056864505719 -0.0173532671489957 -0.0824309056169319 0.486389099966788
-0.0233727644721298 -0.00857752741286661 0.166611494758836 0.223821065253154
-0.0328966793160386 0.00806985655715008 0.182073963371692 -0.0882787831754873
-0.0125113138224631 0.00384788258898132 -0.100350551124409 0.0790095549919659
-0.0211050719965854 0.00497582045330464 -0.0788814883992488 -0.177200111882649
0.00043481988214159 -0.00567292689477581 0.098412109479353 -0.406170864720213
0.00766925819149229 -0.027232180275034 0.524231060476019 -0.121600051884757
0.0199414572443017 -0.0186720440961642 0.492041236380578 0.569287351926672
-0.0112504056141558 0.0117576532707397 -0.200882432277987 0.815517966665287
-0.0144705964635059 -0.0138531163058351 -0.514245368615788 0.315655756487155
-0.00294489164352104 -0.0277373419202477 -0.0276726452214787 0.0704501874029678
0.00715171374059745 -0.00691405427978786 0.444816571792055 -0.302855358890485
-0.00553324679090941 0.00186797370783188 0.0841866123193471 -0.82718350324568
-0.00877184211547166 -0.0071965277309666 -0.677352088050563 -0.482060783997968
-0.0249701828107083 -0.0188841414740156 -0.599018054549127 0.325174223484684
-0.0125829833244416 -0.00305754099250611 -0.0695697104545589 0.486128016400969
-0.0205466939389005 0.00456768944213461 0.169149978432651 0.221229991141571
-0.0273620831828069 0.0134347221994246 0.179255423149076 -0.0908379210753785
-0.00739160614266791 0.00921761023883095 -0.104576849804084 0.0758725059806456
-0.0192845549047342 0.0162557602638937 -0.0820061317022582 -0.174694520680211
-0.00318399519475749 0.00734623571070228 0.102322315771238 -0.407186125478504
-0.000260906167800798 -0.0212475524050419 0.527303450253333 -0.118253473912985
0.0169138908148258 -0.0242583852411312 0.489908107645887 0.570517658251124
-0.00631812013719223 0.00570304131656566 -0.210230130773264 0.814009739385064
-0.00888148213000274 -0.0126941035688634 -0.514196906209511 0.313917525064173
0.000959143065101749 -0.0249255445173617 -0.0228064082513907 0.0711227571114236
0.012843459110074 -0.00716713914748181 0.443417247551556 -0.305121026715303
-0.00105531511275966 -0.00425219066633063 0.0781628180573508 -0.829809555083775
-0.0139188132950495 -0.0121535167832285 -0.682759901093933 -0.477739969283693
-0.0308195700455182 -0.0109202262623184 -0.597182220124959 0.325439213194373
-0.014100202716626 0.0107067314888364 -0.0645952858620671 0.485620518007875
-0.0175649013244835 0.0163017018139905 0.168740384546829 0.220115870511518
-0.0204287452857997 0.0182258548931567 0.173534735240164 -0.0930119142950071
-0.00238499845264191 0.0135095367389693 -0.111758333256814 0.0732413158076141
-0.0170662213845168 0.0245911007699384 -0.0880623930823118 -0.172818267779525
-0.00679589266666071 0.0184176873307295 0.100963136542668 -0.408463856988007
-0.00625467208042468 -0.0153127150221625 0.529068869607896 -0.132002196466293
0.0145527969235802 -0.0288238797911205 0.49742305434714 0.556669456480932
-0.00106592638973377 0.00237792835729585 -0.194682648507948 0.815502588601753
-0.00485799159823372 -0.0107850830289887 -0.505525459157274 0.318758342506327
0.00166531958087036 -0.023093809645942 -0.016655060925318 0.0727507006507992
0.0169472310354345 -0.00678636841187407 0.452006385974967 -0.305497946140658
0.00465470425140294 -0.00950321563793076 0.0897025852115491 -0.832473808465191
-0.0157609902239808 -0.0150915465426849 -0.676179475045328 -0.494039062851327
-0.0352219214235579 -0.00362262873100705 -0.597586956480398 0.313286762389221
-0.0174078056336797 0.0210458377842239 -0.0671945351777281 0.482823305169172
-0.0157304614736568 0.0247796869898338 0.164645613957729 0.222223110784119
-0.0132757875946003 0.0244144755608985 0.16510640394001 -0.0955447269507792
0.00248814941739577 0.0165177509241907 -0.119228574224007 0.0706812873921131
-0.0153230195893397 0.0284863844052539 -0.0978055915081752 -0.171081074112247
-0.0098754886829911 0.0245557213936158 0.0905214059393378 -0.412998600304965
-0.0100822355604402 -0.00993252983367915 0.530321496582901 -0.158353123045573
0.0141401252068446 -0.0297556643220932 0.522956896510512 0.529504672863453
0.00296408945844685 0.00037355277223307 -0.159974814620442 0.814549588782346
-0.00387135185506432 -0.00968665942502562 -0.488884945860144 0.328974577458822
0.00122006728368151 -0.0222662603546466 -0.0117182861831904 0.0743450857664178
0.0185284404401784 -0.00614029645896978 0.465317304185035 -0.29778258540808
0.00939410769668055 -0.0113419543865903 0.12154814220118 -0.838006267006882
-0.0146831130441864 -0.0169586775344778 -0.657720638960386 -0.52632141888298
-0.0376788302654912 0.000377269971305376 -0.605801713901954 0.284320975551918
-0.0213141063365106 0.0273911744766689 -0.0784262917681307 0.477598528031614
-0.0157081217365202 0.0290405443007514 0.155511514057118 0.226850125984744
-0.00815731514485151 0.0281780634680297 0.155772795240167 -0.0959309145082117
-0.0189095305885462 -0.00505072825237829 -0.115317361791111 0.0821097957122957
-0.0280789632161759 -0.0310324023874341 -0.100349639577398 -0.175764332147094
-0.00476201924169675 -0.0455693592047427 0.0464647822232489 -0.429491377248624
0.0195596510721491 -0.0413569773432467 0.50002361266565 -0.226478983049117
0.0369892878942829 -0.00191882821189645 0.604477455554631 0.4446390667603
-0.0162058967709028 0.0376020871837574 -0.0358501319466626 0.808317601760919
-0.0384180316637357 -0.0122635087036802 -0.453004886352758 0.360666433716418
-0.023542267847431 -0.0366417378975374 -0.0266722660164271 0.07770237990481
-0.0134517491961777 -0.00941115899696638 0.49172465634164 -0.255224855832904
-0.0137942044296471 0.0253420983968941 0.246930286768855 -0.833530534564782
0.0153684973281007 0.018550283290128 -0.573629658271283 -0.623723296968815
-0.00365251623369702 -0.0335472434795166 -0.648694338116858 0.210920175305265
-0.0101467900800606 -0.0460779479592433 -0.13749791069942 0.473939683455352
-0.0249434622875861 -0.0372301837178189 0.141658353716222 0.237912993781438
-0.0357157374134243 0.000765972733750496 0.169867436321643 -0.083643630753936
-0.0200472107374043 -0.00539268373325544 -0.108052332258554 0.0819910875272755
-0.0272518884127711 -0.0263268415248617 -0.0900901140221011 -0.178353808034471
0.000565425531863906 -0.0406917458064873 0.0623057090282542 -0.425209448471433
0.0211919628448144 -0.04073419247432 0.507782082367672 -0.190271701525758
0.0339675496944184 -0.0033828902351128 0.572201371176401 0.487419473198459
-0.0187737840833173 0.0342954484127638 -0.0841327707442577 0.81574662028324
-0.0355795376571838 -0.0132381579550233 -0.474873623390225 0.347502787494098
-0.019870989210595 -0.0352301896252221 -0.0305956301484446 0.074590515387386
-0.0107467065918875 -0.00897895854700339 0.475043005020786 -0.269232095497771
-0.0136960966156806 0.0229364477601089 0.195314131370693 -0.834131210576024
0.0105366870103545 0.0131691090510779 -0.606822457315086 -0.581703910543535
-0.00702474843277802 -0.0346203776321602 -0.63833420870269 0.250991014762813
-0.00993529281246748 -0.0410890914886012 -0.119902289861506 0.480407693780317
-0.0258170499034781 -0.0311743667965046 0.151616141048634 0.23269834140041
-0.0380435068963914 0.00121621728705459 0.17736444769968 -0.0840459307604961
-0.0187346624200488 -0.00386830447840346 -0.101825998055504 0.0812567176159493
-0.0252208010316904 -0.0179849001006659 -0.0835652777501674 -0.179955576809554
0.00343773468532048 -0.0325024384111033 0.0777446401494372 -0.418548242876484
0.0189864867054627 -0.0378667927706684 0.51559961424803 -0.157601506747214
0.0289661022500702 -0.00644315613838507 0.541271821576727 0.526327628911554
-0.0180626795986079 0.0279698547895619 -0.138068687281734 0.817641535262253
-0.0296424477047965 -0.0147679078995455 -0.494975319612432 0.3335356896867
-0.0147096300754184 -0.0325289215273841 -0.0313440857711147 0.0724992183755145
-0.00561882564940704 -0.00668296578191263 0.461043761873208 -0.281727551659938
-0.0119036999582396 0.0169768576874185 0.151027492818873 -0.831697478037912
0.00413821037414444 0.00657094194238212 -0.641187761636744 -0.537474577410317
-0.0130300853796569 -0.0318559717924945 -0.624558071278324 0.284801150660824
-0.0100223529471587 -0.0309462516023914 -0.0972652181877651 0.484249106783057
-0.0245668002783126 -0.0201517971969701 0.160325285058382 0.22730392385147
-0.0370801307991684 0.00449872821043987 0.181562797140396 -0.0850396052495861
-0.0161225290944099 -0.000451914797639555 -0.100045729250221 0.0805293959671529
-0.0225314490025922 -0.00703072670093173 -0.0791616213983398 -0.179531660839188
0.0033006008948947 -0.0198401247068672 0.091581501546284 -0.411679003276455
0.0135770734571382 -0.0324792381048343 0.520631948130452 -0.135578804606255
0.0240949792844688 -0.0122585953224638 0.512318285500837 0.556233142788925
-0.0155731446288505 0.0195924831172575 -0.177719788117966 0.81717521684441
-0.0218753082052155 -0.0150877203372755 -0.509460080882776 0.32108817552244
-0.00865838521568416 -0.0301699147824237 -0.0303445065130161 0.0716157576761859
0.000491792779915602 -0.00706774908463481 0.449137458195656 -0.293749465903955
-0.00920545528241275 0.00983496911717682 0.110513649794975 -0.8291783421104
-0.00245404827638464 -0.00145575821131902 -0.665713300202968 -0.504640546387328
-0.0191388308937357 -0.0270511075121421 -0.613732650527879 0.310451183099588
-0.0116138803300773 -0.0179615829627166 -0.0829736226140921 0.487961389416441
-0.0238294729782749 -0.00807908207969831 0.166622080537896 0.225438910416011
-0.0333103947709886 0.00862901559936282 0.182612072819356 -0.0872703132825891
-0.0125626624477428 0.00438966279930196 -0.101451187552931 0.0779322437118901
-0.0207454046020151 0.0047618345844509 -0.0786485209526958 -0.178738102627021
0.00118950367258268 -0.0058853668882596 0.100285828823945 -0.406260398878658
0.00712843348246066 -0.0273208222173759 0.525929188330563 -0.11982624252548
0.0193439746905683 -0.0180458590321784 0.491951778970456 0.572566364109724
-0.01031854759864 0.0120643207537516 -0.203339996252883 0.817874229126892
-0.0153421401075502 -0.0141806912952886 -0.51608168835689 0.315078392940517
-0.0034181168978362 -0.0269729309274071 -0.0276097915857122 0.0710197362514002
0.00754915068952393 -0.00648281189754805 0.443711235682714 -0.303471787178868
-0.00539921068186042 0.00209261247581929 0.0872401367156388 -0.829511335078377
-0.00885144597791078 -0.00628085605485473 -0.680518153691525 -0.48316528634141
-0.0248120154726707 -0.0192737568044385 -0.603008205570412 0.325176605102818
-0.0134204835118018 -0.0036513551580188 -0.0704798178780715 0.487376596007655
-0.0212503491827807 0.00507112371382784 0.169435502730126 0.222060982322238
-0.0280284684521276 0.0137816501975042 0.18032895973321 -0.0902431461061934
-0.00785166211096756 0.00958373610384182 -0.106054386445841 0.0757149519239857
-0.0189677072837633 0.0164810174271403 -0.082559868028433 -0.175973289860775
-0.00265007681455143 0.00824163896145876 0.102209157617559 -0.407310421411102
-0.000211404959066774 -0.021508738197765 0.528282561457634 -0.117946865092518
0.0163888995559196 -0.0242504506773723 0.488826462359054 0.572958435270835
-0.00615301362494369 0.00634027411448083 -0.213283083152252 0.817844330328706
-0.00864425218638714 -0.012469993847864 -0.516667061097953 0.312815085336345
-9.85975219554751E-05 -0.0238834951896359 -0.0220933115506836 0.0708774009234008
0.0118610639035866 -0.00737144804613719 0.444795732502454 -0.305739673086381
-0.000796401476361969 -0.00565649931607937 0.0777434261020375 -0.829882169107777
-0.0133392553381962 -0.0112673032499707 -0.683194042492007 -0.478373258070724
-0.0303702296543478 -0.0102013271571901 -0.59796348003842 0.324958383446271
-0.0143254567158296 0.0112477347648837 -0.0644289293533455 0.487278927053953
-0.0180874458530445 0.0175735886481711 0.168854832603553 0.2211762449723
-0.0202642664423363 0.019233794360711 0.175000460565566 -0.0927213685270717
-0.00250462069809168 0.0138947357761543 -0.112784552387333 0.0723983379069379
-0.0181593195035221 0.0244917534625666 -0.0894997055027173 -0.173783308855129
-0.00642507103886375 0.0189027023225737 0.100386211036258 -0.407831631113848
-0.00650855868838375 -0.0148292460030786 0.531615855455533 -0.129739807431003
0.0144143425637831 -0.0284426330683278 0.497825047766905 0.558990165840243
-0.00107359886103483 0.00239003974004396 -0.196719330038562 0.817708311887247
-0.00515499153120291 -0.0105017092805147 -0.507262714300417 0.318105546575192
0.00120316453432897 -0.0228917771554225 -0.0166197778941637 0.0720474789015829
0.016390030486225 -0.00688939174218564 0.455214078308804 -0.304242868119101
0.00452193052747111 -0.0106407149951472 0.0907031709746276 -0.835386500207157
-0.015224356087459 -0.0150498720341705 -0.677263045963148 -0.495101360432929
-0.0353187827597271 -0.0036668034107324 -0.599986985363101 0.312724726180584
-0.0180051242004719 0.0215543333534198 -0.0668008917526099 0.482829807507387
-0.0159833104555374 0.0253713299200585 0.165429031722171 0.223824691046564
-0.0131650262177121 0.024663434923326 0.166201208439851 -0.0946953985890264
0.00243513582761937 0.0167077762612227 -0.120581516542053 0.0706360579373351
-0.015511860542255 0.0283204451768621 -0.0978508394119883 -0.171306160527735
-0.00916240141622814 0.0256239920071682 0.0910780138799652 -0.413967179315339
-0.0100781063621184 -0.0107044128931932 0.531746792327091 -0.157616736136032
0.0140205637564306 -0.030615487127974 0.523451472321311 0.532189672322544
0.00258941740176103 0.0012636257896995 -0.162157039909036 0.815949031933851
-0.00434045411324434 -0.00929262514121457 -0.492983554265005 0.328725583522155
0.000310095041447131 -0.0221504252000123 -0.0121605613326735 0.075149414824035
0.0178227260343685 -0.00606953628329256 0.465994571206512 -0.296569337152762
0.0097959292914332 -0.0117873148070397 0.122664720419576 -0.838729688180727
-0.0139924904141342 -0.0167217886614032 -0.657914189698005 -0.527131349395754
-0.0378231001869828 0.000700199615060293 -0.608134625374438 0.286318160880581
-0.0219888752461464 0.0271762765229463 -0.0788101094948247 0.480057428437637
-0.0160909421965397 0.0300571135559943 0.157162086590014 0.228230141073579
-0.00752346670292436 0.028607188181986 0.155964201107169 -0.0959984625673878
-0.0190188306849006 -0.0050987211344028 -0.11589684623557 0.0811125666111529
-0.0285891373943276 -0.0303691632226778 -0.100908105279661 -0.177111196885433
-0.00435641178789899 -0.0448132142045908 0.0453876986369685 -0.432444162252092
0.0202474928215272 -0.0416450550672401 0.503023294726497 -0.226178902355701
0.0367710751560758 -0.00263102433923764 0.605528903673611 0.447808865902513
-0.0157904245860361 0.0378328964312606 -0.0357158641298018 0.811040564256504
-0.0384118489225628 -0.012696728339986 -0.454448944677238 0.362455392724678
-0.0243311530765039 -0.0368439870165448 -0.0269915637989196 0.0775901458370252
-0.0134629661107117 -0.00997609156672504 0.491957698238335 -0.254886982303908
-0.0132758610269372 0.0253385058936594 0.248205249662873 -0.837028946612646
0.014759592509587 0.0183972416224064 -0.576547756588947 -0.62682352371337
-0.00345040779295484 -0.033573901032943 -0.65115390701472 0.210964694859516
-0.00991852638002143 -0.0464133975661559 -0.139203188960478 0.475306226215819
-0.0247922011277807 -0.0370828750467529 0.142000138488734 0.238955339363906
-0.0362768568250593 0.00190149507314438 0.171086199801481 -0.0834955799018315
-0.0194805461583235 -0.00542961701948505 -0.107975277936782 0.0805539177081817
-0.0273545556810151 -0.0266830965136113 -0.091109979377806 -0.180173132479792
0.000259596539988214 -0.041267711762626 0.0621078625847438 -0.426145815033725
0.0211853852665091 -0.0407985130686849 0.511623333759533 -0.19009242768009
0.0342056503163592 -0.00308430058576764 0.57367994917742 0.490998943493288
-0.0185285836141493 0.0340900840775946 -0.0862136181867549 0.815450000427169
-0.035078786592762 -0.013454627972235 -0.475851169150714 0.346534201927161
-0.0196936142443355 -0.0348044655658466 -0.0307069021805984 0.0753667903312615
-0.0105800223521461 -0.00890787589229736 0.475424153622125 -0.270528162106839
-0.0138770307791551 0.0222202905025539 0.199239543373431 -0.838035984468452
0.0105071543184185 0.0137004774982686 -0.609604813543652 -0.583537680838338
-0.00742115608367007 -0.0349940931529152 -0.639895078652433 0.250000079790225
-0.0100443227539395 -0.0420273518305089 -0.120785301440999 0.482761935257189
-0.0261999238488177 -0.0305902466445499 0.15317195478104 0.234412466566937
-0.037564564847285 0.00212025278250686 0.177883019873561 -0.0843782687699585
-0.0190735054364711 -0.00362221614720026 -0.103265292673746 0.0803319674507377
-0.0255666543073014 -0.01816379171951 -0.0841262046165574 -0.180777486878134
0.00247284595404961 -0.0320334784956751 0.0779998068278881 -0.418262421762606
0.0198128320412986 -0.0377194520001515 0.517330850137256 -0.158636722137446
0.0295291943965788 -0.00679547848454919 0.540406794482777 0.529464090296578
-0.0176530766782213 0.0273637561456739 -0.139058616118845 0.819638776087727
-0.0294453763956678 -0.0147733654862837 -0.495870653983766 0.333784981167681
-0.0157281955621848 -0.0325962304844625 -0.032371505341034 0.0732381074810446
-0.0062859255967816 -0.00792349362944497 0.462863368278045 -0.282248512658412
-0.0118105103211021 0.0166445173630894 0.150856780539409 -0.836020895258167
0.00485606002508226 0.00637128936635751 -0.642803657457011 -0.540963155654026
-0.0122592516686443 -0.0324804467935257 -0.629669359677144 0.285150045621484
-0.0106201563693553 -0.0313346488807638 -0.0999981811063052 0.486757340338423
-0.0254573111526941 -0.0205352867796298 0.162487685477979 0.229664019888491
-0.0367791164758725 0.00479026777498068 0.182394312461748 -0.0849752327799616
-0.0160882150149393 -9.22852144163333E-05 -0.10168171973864 0.0799153833958824
-0.0234278267993104 -0.00685130030695153 -0.0800242533253562 -0.179827664164955
0.00298814265016325 -0.0195794852571418 0.0910777427760244 -0.411065855791208
0.0141227661572846 -0.0324231298211083 0.522317916097562 -0.132965977729327
0.0242377663761268 -0.011994851679557 0.511736251092121 0.55941639556386
-0.0150892031364839 0.0189827953513609 -0.179903851985967 0.819413172291134
-0.0218626212599907 -0.0140126475017126 -0.510874893199074 0.321565989815067
-0.00918086342267399 -0.0303269960864548 -0.0312745764387576 0.0714368230763374
3.81330675679977E-05 -0.00813551718921184 0.451002014706625 -0.293609712451952
-0.00852986397659813 0.00969694323730735 0.111036764960448 -0.83154376613815
-0.00172880845961707 -0.000301908471849102 -0.667954447318307 -0.507836935747285
-0.0188522311830952 -0.0267554480029764 -0.616499957569639 0.311274721846147
-0.0119528426796269 -0.017150317100473 -0.0838190831889189 0.490501589615966
-0.0240571667594926 -0.00726544999135251 0.168886407410447 0.226345144000901
-0.0334329984190121 0.00931141999840763 0.184507588470844 -0.0874735680284597
-0.0123580992907195 0.00468899243040773 -0.102066994306192 0.078179978885255
-0.0214204229168819 0.00535620343504767 -0.0788920677099252 -0.178428337273551
0.000925541678904448 -0.00572894136540554 0.0982764928194049 -0.407387444328924
0.00771458012734467 -0.0272625463294485 0.524882496044219 -0.117581133113311
0.0199932415720748 -0.0182996203393039 0.49305773188362 0.575914063438307
-0.0108666196143344 0.0127819522577505 -0.206466849996753 0.818559254217734
-0.0144630124301352 -0.0138068816383138 -0.518850208248542 0.314599132587238
-0.00402517500323554 -0.0268256293469723 -0.0283006883487983 0.0706617720033766
0.00606442476785361 -0.00721435496635807 0.445912132950734 -0.302974580051357
-0.00443372336724235 0.00215501002530274 0.0869463711938964 -0.833484680643276
-0.0080144905877731 -0.00637175105063331 -0.682405447979169 -0.48677488160226
-0.0253140661332175 -0.0186258463914362 -0.605795189168928 0.326187938700989
-0.0122714735900832 -0.00377120563403404 -0.0702401594267951 0.490216212770182
-0.022204406926806 0.00571328063973799 0.171435167033084 0.223923146703478
-0.027570006957835 0.0147935012219438 0.181616232261386 -0.0899054848171119
-0.0076354766957797 0.00947859237507613 -0.106713134428758 0.0748495691338542
-0.0197087283586009 0.01684776078027 -0.0828195537338022 -0.177197855393412
-0.00286402699521795 0.0083167891948298 0.102798902320819 -0.407175643208159
-0.000824654762938992 -0.0211099949498982 0.530467077353754 -0.117443713210388
0.0164892180336218 -0.0242651885677402 0.488800632920357 0.575575027803254
-0.00576444531929423 0.00622577560910032 -0.214410825099387 0.817489426562841
-0.00894694866160949 -0.0121550621491864 -0.517949491643628 0.311808040118898
-0.000676976255755642 -0.0237741001901824 -0.0231626535410634 0.0710705391531717
0.0119129317883926 -0.00782749556473225 0.446571324025558 -0.305769829990256
0.000326618246217159 -0.00535632424313443 0.0802199248595407 -0.834148951009795
-0.0132997179994336 -0.0114082424393048 -0.684423737471321 -0.48063570824028
-0.0302402367643955 -0.0107996107453566 -0.600647175304241 0.327453040370492
-0.0144645844168488 0.0106272115740485 -0.065570106307246 0.488758099708752
-0.0183263051126391 0.0172753738727185 0.17035366483355 0.223200958170932
-0.0204083831543927 0.0203705381724868 0.176286070071705 -0.0927303865124176
-0.00259832245637096 0.0136680241301342 -0.113096269430521 0.0717859421072395
-0.0176791646179357 0.0243182077473277 -0.0900099943262337 -0.173978369716303
-0.00625458730387742 0.0187256232829484 0.100326463878593 -0.408080318342143
-0.0067712621967523 -0.0154480362800514 0.533551527134711 -0.129057781013302
0.0148836253004621 -0.0282399754555756 0.498372859202815 0.56273348338099
-0.000105711589291568 0.00280519077518285 -0.19797471327162 0.819046525509272
-0.00540922294089837 -0.0104985985083994 -0.508922637067838 0.318678496734686
0.000544372515290657 -0.0225674353651533 -0.0175529561874131 0.0734124154480431
0.0163543411127687 -0.00811839722359944 0.454736173755184 -0.303918358333079
0.00582916188923945 -0.0101374182111923 0.0909288940699686 -0.839528778454369
-0.0154955178680547 -0.0147485203393027 -0.678969502120607 -0.498577681865866
-0.03505956468549 -0.00315510899667063 -0.603077898231408 0.312126804431528
-0.0177656352675686 0.0209097840357308 -0.0680798744697319 0.485966165579212
-0.0175050572931845 0.0257363827046454 0.166202377540202 0.22522788622369
-0.0140269622834002 0.0247667180489542 0.16693031779016 -0.0940861954427492
0.00244806610164239 0.0168403507791997 -0.120843258287287 0.0699361939127583
-0.015972041706002 0.0290196682222292 -0.0985341315208443 -0.172597268685753
-0.00932993157795871 0.0256306434939361 0.0902726100738766 -0.414614098032457
-0.0104018536843625 -0.0104383758818862 0.532710919220713 -0.154627315661083
0.0145823372751034 -0.0297128882160447 0.526228500887218 0.535940712680973
0.00315872034295583 0.00106083646057493 -0.162951677637958 0.819167833889709
-0.00390730765764804 -0.00916074113859303 -0.493489553140717 0.327910538741466
-0.000421050444045319 -0.0218647661262805 -0.0121424379133003 0.0751990597996506
0.0179469788002182 -0.00653933789320037 0.467022166012952 -0.297625152562603
0.00977150312827981 -0.0127476180750233 0.121946041955663 -0.842132393264595
-0.0139534243534126 -0.0161747740856966 -0.659631715222607 -0.529608574280792
-0.0386301138582869 0.000902752579393911 -0.608829768082386 0.287362388266438
-0.0215958709908328 0.0276308091988785 -0.0785296697728277 0.481663917958185
-0.0170626504087631 0.030800718731551 0.157855583093699 0.2300035964771
-0.00863471968884991 0.0290909977229305 0.157686823044457 -0.0959730675851488
-0.0184653646861462 -0.00484031412507704 -0.11686009133182 0.0796444009304713
-0.0287846407146288 -0.030883624230674 -0.102159890712389 -0.178337656724732
-0.0038666361906572 -0.0448826158855075 0.0448455408543682 -0.433985078572683
0.0195443423698513 -0.0408069613670877 0.503989227417874 -0.225820820584741
0.0369576056552263 -0.00153270108348477 0.60726789188897 0.451383315905041
-0.0154994984793104 0.0389347884987763 -0.0375880765894292 0.815096612104021
-0.0386519265645381 -0.012218500289397 -0.455689196537534 0.363584271508314
-0.0247865706207591 -0.0370061582640363 -0.0273560356914707 0.0788461773891559
-0.0135915773252526 -0.0107250335347862 0.49298750959633 -0.255588115473887
-0.0132237931965579 0.0248057751414291 0.250948239220997 -0.8405105574867
0.0159305310599148 0.018873059091158 -0.577133257000932 -0.6313128557094
-0.00361357360782423 -0.0337291084866144 -0.655047105044547 0.212456100965465
-0.00947517809741999 -0.0477250347771482 -0.139050752163019 0.477796639820215
-0.0262271637881932 -0.0359816479048225 0.143536455301861 0.240755778935829
-0.0360126758614152 0.00239157690163172 0.172345966601439 -0.08354522358188
-0.0200171399926535 -0.00497990192178647 -0.109073958757032 0.0816888081730662
-0.0281231700405858 -0.0268377272427445 -0.092518912357732 -0.181403115644255
0.00020293884599395 -0.0406176929669503 0.0619935658847481 -0.42656723485675
0.0213956660250569 -0.0406853951051906 0.513989105654644 -0.190347899337537
0.0337724231593205 -0.00291372705004019 0.573905894612715 0.494582261124165
-0.0180934845813186 0.0348957519357535 -0.0885186324180256 0.820534218044771
-0.035113316540015 -0.0128983940819536 -0.479366155102588 0.347488449105368
-0.0209113326023681 -0.0355465458960664 -0.0311113750612014 0.075316677771082
-0.0112415831888131 -0.00899647107119727 0.477518606747169 -0.270098929094887
-0.0131663408049131 0.0216532234540257 0.200495422742718 -0.840931892199607
0.010792161720939 0.0139261403457685 -0.613002781309131 -0.585869837284007
-0.0070472160029187 -0.0350800243018741 -0.643417965776791 0.25018850638359
-0.00982613023575487 -0.0419811470630521 -0.121300596221726 0.485054921393626
-0.0263723108532866 -0.030171001111086 0.153322921597633 0.236235554692553
-0.0371205542695264 0.00308771015202962 0.179595833641915 -0.083582511384866
-0.0188933173718913 -0.00320047140895575 -0.103699913518642 0.0806780979621841
-0.0254866462403789 -0.0179592093415612 -0.0853944821013167 -0.182373008640193
0.00271185462912015 -0.0319432399194766 0.0766681350201979 -0.419366697814025
0.0197351256023647 -0.0375014735218731 0.519904467489404 -0.157965146487642
0.0296458670421005 -0.00637964835072681 0.543951645305979 0.532328070940379
-0.0181357167301207 0.0282605547551545 -0.140936263755754 0.823488970622967
-0.0297165713658046 -0.0145353346836084 -0.499905600528464 0.33364702101256
-0.0159541013388786 -0.0325239914935668 -0.0328648151461423 0.0737644877818844
-0.00554849696496639 -0.00857537244140798 0.463460129764849 -0.283561386108586
-0.0114204445006578 0.0168032170261232 0.153515608877703 -0.839163735838637
0.00518530556447202 0.00622233746454782 -0.646059516510194 -0.544414185471576
-0.013278412170903 -0.031797047006299 -0.631426957896225 0.286804438658426
-0.0099755803378738 -0.0320347997841218 -0.0996077194041617 0.489879838665928
-0.026785339863303 -0.0198154985401654 0.163256608214159 0.231876373276925
-0.0369902246758069 0.00582260935465621 0.18459401787444 -0.0849704175499097
-0.0160453271772032 -0.000444516593372363 -0.10223900598482 0.0799620540322276
-0.0231423027073017 -0.00678649887241726 -0.080865105209231 -0.181619182927582
0.00353138101370356 -0.0191061400462165 0.089574322361314 -0.413609665378271
0.0145157599035788 -0.0329506428299307 0.524934208949122 -0.132668040937541
0.024447912007536 -0.012562469197028 0.513135563388604 0.563002741034452
-0.0146571149143611 0.0202853501238305 -0.180784535211625 0.823456746350901
-0.0226975847451065 -0.0142794083959116 -0.512854730003618 0.32197126668109
-0.00952715561346986 -0.0295979011991241 -0.0318299432713051 0.0717930715697528
-0.000382196401908733 -0.00782057063468304 0.453695330399844 -0.294656122920314
-0.00883675190322243 0.0098828996889042 0.112994747393366 -0.835827203591426
-0.00109614462072129 -0.000131752628270618 -0.670069335651644 -0.510835636544985
-0.018939442539336 -0.0263748961130371 -0.619820293479638 0.311538982806204
-0.0114157866518357 -0.0180408194192761 -0.0828611554805396 0.491991068643757
-0.0250041217258093 -0.00645084213729669 0.169768514783622 0.228707256794241
-0.033662595024488 0.00969456389123208 0.185374906823143 -0.0870591104435235
-0.0124295424393818 0.00481696836886293 -0.103407180909127 0.0769512966328845
-0.0209868865755645 0.00562057689571358 -0.0811389719458966 -0.180105311537534
0.00117931642118868 -0.0050642371964129 0.0983524446997742 -0.409930476191796
0.00804783481610923 -0.0269942874979925 0.528618614176164 -0.1169822185357
0.0197486712221481 -0.0185501980503669 0.49408657490399 0.578310169373338
-0.0106931318436145 0.0122924441258197 -0.208413007295791 0.824531879873389
-0.0151837490278648 -0.0137009535684379 -0.521481707200805 0.314426951684621
-0.00503242600106507 -0.02642799851318 -0.0283591655646791 0.0712428784732437
0.00566863244403631 -0.00887526170640807 0.447443214479664 -0.303933530772145
-0.00390098714887011 0.00126781828869658 0.0876949266602178 -0.835914038214137
-0.00758125829706435 -0.00664066623190408 -0.685492228886642 -0.490113071490528
-0.0247687375096066 -0.0189545630827297 -0.608784824082798 0.329613704851619
-0.0131774940418437 -0.00320587992791342 -0.0700411131069067 0.49135145118184
-0.0223066965134021 0.00582400746945161 0.172300322144584 0.225823559355916
-0.0270709048855372 0.0153457931717794 0.182319596905945 -0.0900714058688517
-0.00800298661920776 0.00986811276006682 -0.107496409347029 0.0757198077962908
-0.0197269643152074 0.0161307984825374 -0.0844650999808099 -0.178431677950025
-0.00269129051482773 0.00839612917460755 0.102949828705341 -0.406853364683455
-0.000505749517610602 -0.021496846472207 0.532858849313966 -0.116275348168653
0.0166617756277194 -0.0245324005240347 0.490384236743935 0.58020845787707
-0.00465949083073946 0.00671074428460709 -0.214872216119406 0.821119805286051
-0.00904364394034988 -0.0121594053214814 -0.518848921446521 0.312286291683461
-0.00154354592508543 -0.024122342648403 -0.0230649657973001 0.0714080713677956
0.0113677806299836 -0.00836413212064338 0.447294940768446 -0.306780463751383
0.000156421858593943 -0.00542445176437429 0.0811419175452632 -0.838187455445656
-0.0125557818691609 -0.0113134583476855 -0.688945370877921 -0.484577159835959
-0.0310509387804321 -0.0105121474198313 -0.60510671195096 0.327552792926944
-0.0143245881273056 0.0101002169774533 -0.0658460550178445 0.490781392197945
-0.0199381042441625 0.0180554638501393 0.17190806957985 0.225532668968933
-0.0206671967479471 0.0213954037764839 0.176939328461125 -0.0920744644760348
-0.00286669621134513 0.0141564928569744 -0.114017617451978 0.0722051542547667
-0.0180736585743482 0.0253275283138981 -0.0898404984416733 -0.176119750387635
-0.00630787576169631 0.0190284897016235 0.100452929346462 -0.409375046017563
-0.00655733760958644 -0.0149726604997736 0.534701483818766 -0.128316557936863
0.0145321845707721 -0.0281735854083224 0.500748542615967 0.566614485884052
6.30770586845155E-05 0.00265580191458731 -0.201022725482986 0.821732823196819
-0.00500019551739616 -0.0103674871052188 -0.511687432029941 0.317831558472064
-0.000367518882238902 -0.0218308272191604 -0.0174978528614786 0.0733935249729672
0.0163208288588075 -0.00794543488559694 0.45678127694994 -0.305485534043988
0.00538608969938659 -0.0105797456720364 0.09073007703827 -0.841829011985399
-0.014180147338013 -0.0147591015094233 -0.681265845342382 -0.500938672431731
-0.0354920412986385 -0.00349466417652551 -0.606231150993508 0.314900333058696
-0.0183531611666985 0.0208813551777192 -0.0675905213425726 0.489317722532522
-0.0177347098238972 0.0265247839286376 0.166040267759079 0.227541151637616
-0.0137691686303475 0.0255064318996209 0.168930949298394 -0.093214653209692
0.00207016464114911 0.017329462072162 -0.122246495399243 0.0688543009504516
-0.015730885839239 0.0288815925134233 -0.0990636166552981 -0.173839535270737
-0.00930668992397817 0.0260298959534395 0.0902422768794161 -0.414135711212838
-0.0103748465513446 -0.00954936140424907 0.53630658104849 -0.15450449241602
0.0139918183608258 -0.0307544662896128 0.525557563813798 0.539837853084445
0.00307586961326255 0.00150820177229014 -0.164689039024423 0.822135357797436
-0.00397541952471317 -0.00908308264924568 -0.496870461620287 0.329089023222322
-0.000624386317690576 -0.0211265442702079 -0.0124718191230779 0.0753950163853356
0.0177420758285992 -0.00669349637171603 0.469507763551391 -0.29755895227215
0.0104595933406637 -0.0130062410924473 0.124982288642626 -0.84714803790386
-0.0135833829286612 -0.016131974249516 -0.661856151650936 -0.534358689908453
-0.0383233342454459 0.000815442976758396 -0.612555394377343 0.28564590297406
-0.0223871574193198 0.0272017073044166 -0.0801706460750718 0.483740415855481
-0.0169736880726853 0.0308311452409566 0.159586434939317 0.231438054956942
-0.00808077752188928 0.0302158326863741 0.159390710168007 -0.0948015427775721
-0.0184820902132312 -0.00486495844332511 -0.117896020937653 0.0814279337125012
-0.0290016440567764 -0.0305534643836168 -0.102683587464081 -0.180227911251004
-0.00399764329233347 -0.0453074919404785 0.0436576240487023 -0.435390009634796
0.0199654509205633 -0.041465533246973 0.506921491471932 -0.226386428251089
0.0369179396621206 -0.00221363659366837 0.610113611545129 0.454007000422255
-0.0156350699229692 0.0391175745869631 -0.0391051128044238 0.820121300182831
-0.039423993244404 -0.0112578787009992 -0.458902408366855 0.363606620086335
-0.0259317484094664 -0.0366586173859761 -0.0275687423799311 0.0786526164367015
-0.0143204646811008 -0.0111553964542217 0.498001695249792 -0.2573339533637
-0.0133464401233807 0.0247112192720224 0.252479150983096 -0.845727851379341
0.015380053222855 0.0195467917018435 -0.580578181231234 -0.63316619560226
-0.00310905416944073 -0.0338856865305523 -0.659059344737504 0.213758071715407
-0.00975506931873219 -0.047344209135344 -0.139167277516343 0.481025464905605
-0.026564716502097 -0.0365156203200652 0.145248051448013 0.242610837634253
-0.035833302157513 0.00309604558305492 0.174072454875785 -0.0837916762945401
-0.0201707285719185 -0.00493107072696881 -0.110158431255583 0.0809527491644345
-0.0277458150712378 -0.0267581413642262 -0.0934345222767138 -0.182945471095139
0.0004726087673164 -0.04090497549952 0.0609850020898512 -0.429670860732182
0.0216385061663276 -0.0409507421328318 0.51704451936282 -0.190088829436282
0.0339390988079429 -0.00332558580838133 0.578952699397582 0.498780774351516
-0.0174390846925743 0.0353804270513597 -0.0889812035108901 0.824943715002098
-0.0355723514049222 -0.0136890628415149 -0.480430590879929 0.348307548991845
-0.0217760928547821 -0.0341738488620257 -0.0312283919464779 0.0763089781692051
-0.0115260055702776 -0.00985244760623919 0.480227778525757 -0.271517631565712
-0.0133411941774952 0.0225191280722143 0.201755345445407 -0.846450602424786
0.0111993461102863 0.0136714632680205 -0.616554391885201 -0.589663412988222
-0.00731691424484185 -0.0346253958067809 -0.649038434259376 0.252613404789948
-0.00975785339297952 -0.042517264219724 -0.120811507607732 0.487043407306479
-0.0271822442902053 -0.0293772213107621 0.155041042309763 0.238387407341086
-0.0382582788533769 0.0038259577832687 0.181146315431882 -0.0835868073334341
-0.019726208832029 -0.00338793300106652 -0.104816617346432 0.0816336091947949
-0.0257328850735989 -0.0183559045531632 -0.0857947440687899 -0.184435451827621
0.0035777509864552 -0.0317321331297127 0.0754924302272603 -0.421993004561227
0.0195299572491784 -0.0376889091594235 0.521844398149193 -0.156742189314893
0.0293236209034757 -0.00711571062714338 0.546329448072007 0.537715585939811
-0.0178210029253846 0.0284233598337448 -0.14191017472995 0.828232209399884
-0.0303404537954649 -0.0142780008590572 -0.500958447709861 0.336534007814626
-0.0167464041346832 -0.0319039387877556 -0.0323084819297166 0.0730579287545748
-0.00626386519108979 -0.00936079804807603 0.466059959056997 -0.284503576709625
-0.0111007936672386 0.0160847386514351 0.15371451407319 -0.845186853987878
0.00583400129566711 0.0069530449516142 -0.651355540603238 -0.54629317530609
-0.0130696838017351 -0.0327191908222033 -0.636144300737489 0.288062184124556
-0.0108968350236063 -0.0317481599217841 -0.101287042058848 0.493221081047565
-0.0270163020113903 -0.019541114310883 0.16463549627537 0.233011736905241
-0.0367161204005061 0.00672664421779621 0.186287463742215 -0.0852007458508672
-0.0163621015955423 0.000753567366266439 -0.103419657871564 0.0796911165469305
-0.0235558951184916 -0.00663339860691834 -0.082197008162905 -0.183402279354758
0.00422580613452059 -0.0195130839252813 0.0901054631119502 -0.415149583354884
0.0142785223055788 -0.0324005228914385 0.527100520574205 -0.130800649217906
0.0238827401335472 -0.0117343188834018 0.516153222263804 0.565482955998561
-0.0154853923650315 0.0202877773111149 -0.181653025643812 0.827148362056759
-0.0226020060569317 -0.014542881879514 -0.517738990798877 0.32362853104448
-0.0108451370767827 -0.0287475101569785 -0.0321691207060786 0.0726331910054383
-0.000976734466904489 -0.00880449279379051 0.454351657292809 -0.295152930581078
-0.0074984418275453 0.00849863587133333 0.114765196240883 -0.8416128751982
-0.00187673534387565 -0.000760716622741693 -0.674385323379235 -0.514678757451026
-0.0191729558963299 -0.0267307408164926 -0.623416495403845 0.315382817624145
-0.0113288840834234 -0.0187426526898985 -0.0828798853720641 0.495280270682155
-0.0257597298378557 -0.0062237334146234 0.171638277187491 0.229999104969234
-0.0331970236353014 0.0111614679870198 0.187226619185646 -0.0870706335310516
-0.0125517136455231 0.00494911537855862 -0.104259005600913 0.0772203284651765
-0.0212181922223086 0.0057065728944513 -0.081290135882733 -0.181758359768794
0.00190111280258101 -0.00505284054709266 0.0962553930883822 -0.410189661580739
0.00725648667594109 -0.027499711147998 0.53179702565551 -0.117232986713565
0.0201937009332812 -0.018393768054226 0.496962007046339 0.582921370106689
-0.0103629130071138 0.0132741342502662 -0.209347742075893 0.826550663327781
-0.0158071413216764 -0.0137435225559448 -0.524867466840774 0.316436249546802
-0.00470120695612314 -0.0265353352373198 -0.0285660095931355 0.0716190519561772
0.00534448808062025 -0.00896565645452133 0.451083334484563 -0.304776103441687
-0.00486117125244125 0.00123552885884362 0.0877142938633985 -0.841238976984632
-0.00774137601454871 -0.00593977473314592 -0.689058468699783 -0.49027610709572
-0.0255943090247246 -0.0189216131487261 -0.613142759065037 0.330731383331831
-0.0135635291853319 -0.0037643194655922 -0.0696678053129347 0.496126332868028
-0.0229117247496535 0.00677560688887127 0.174338620246017 0.228085044652913
-0.0275456075561978 0.0159809378642908 0.184542973562292 -0.0900097333838574
-0.00787317065775236 0.00962512313120538 -0.108835231358634 0.0741968810518054
-0.0197347710516046 0.0171206640959687 -0.0851503790854748 -0.179482153542887
-0.00228012844311547 0.00851193932631316 0.101998815830245 -0.409814031018201
-0.000691884456326602 -0.0210222810320619 0.535550462359034 -0.115028375871164
0.0169180904879949 -0.0250854886069916 0.491776577002275 0.5846362567471
-0.00490857041809582 0.0071156064828564 -0.217163814063264 0.826520292295406
-0.00869366647715267 -0.0119130952682796 -0.523967966078824 0.314898545837969
-0.00178803204750047 -0.0236471753014034 -0.023361922132004 0.0718634340418093
0.0108261087226971 -0.00916941912192396 0.45001054863618 -0.308102131064848
-0.00040754414271503 -0.00566707164287054 0.0794355260535049 -0.842448883816148
-0.0122826284877719 -0.0111164459585679 -0.693318520474119 -0.488373161711031
-0.0309876308393677 -0.0107765306514028 -0.608218229591457 0.330758981151859
-0.0151285627767693 0.0103054645371717 -0.06429580048809 0.494239368382507
-0.0193864162918664 0.0180352638341547 0.173413923528206 0.226033533664268
-0.0205457152649716 0.0220849713479753 0.179113081956399 -0.0919936449517745
-0.00251546190579371 0.0135718125857027 -0.114975597452993 0.0716742462574638
-0.0181807102313175 0.0251901604436383 -0.0915453039483829 -0.176962666210103
-0.00608586237970871 0.0192784729987838 0.0989178405391916 -0.411656991767167
-0.00712787190908799 -0.0153833040871301 0.53986261535709 -0.127688365854111
0.0149064630265246 -0.0287314727598206 0.503297483465855 0.572689292773253
8.5084726743314E-05 0.00324570330189948 -0.201786191527909 0.826238039428945
-0.00523394829458163 -0.0106323250725365 -0.514498537028406 0.318965817539348
-0.000251403107367574 -0.0217489661548362 -0.0179271293110614 0.0730097540086265
0.0147244844014476 -0.00848557103921358 0.459483652757168 -0.30615093730886
0.00543972014864746 -0.0104795423001196 0.0925006794603283 -0.846868095710106
-0.014994675976568 -0.0147251407059426 -0.687233841082018 -0.503763351759061
-0.0353132546691035 -0.00379808441122992 -0.60942938193843 0.315942954657416
-0.0179535935454973 0.0212671850801565 -0.066853493892388 0.491895567669952
-0.0185788640470282 0.027107893908006 0.168700080556533 0.229134013869392
-0.0131492183694072 0.0263794543824091 0.170046035725556 -0.0942192593726735
0.00278010926768084 0.0172010718300011 -0.123312963183188 0.0693504216665872
-0.015948996873794 0.0295330365508495 -0.100347934158104 -0.174281744473103
-0.00906176350151361 0.0260821026842302 0.089653650009426 -0.417313160481475
-0.0102648329572864 -0.00959619819557464 0.540355126475081 -0.154674867358016
0.0144217657674136 -0.0303716091227496 0.53057362752945 0.542097412686062
0.00403296335656877 0.00210366833157196 -0.166735622844803 0.826776829642168
-0.00399787986569208 -0.00901734616951752 -0.499805906445588 0.330143218598212
-0.00099808971680787 -0.0212205844417433 -0.0128213148549044 0.0758192194848678
0.0174049773028838 -0.00785999906197926 0.470985233303795 -0.298706783359191
0.0101428797716927 -0.0134366089929241 0.125212156901127 -0.851212515328937
-0.0136330595436037 -0.0161940054969598 -0.667605938972471 -0.537480725797306
-0.0377402243953716 0.00111453067402531 -0.616471603272908 0.289553863808095
-0.0225785209539091 0.027235120545807 -0.0791886762449199 0.486495794856725
-0.0180028249692481 0.0323885387065119 0.161272171930354 0.232478414603321
-0.00715991449380337 0.0303660825246531 0.160385299026997 -0.0953639925525422
-0.0181178667764698 0.00794286581712569 -0.0463488714217704 0.13673860037273
-0.0411686008019519 -0.00770611995934088 -0.192064177262296 -0.083882494244373
-0.0308740989460653 -0.0360405692547899 -0.223656741107315 -0.378435511137765
-0.00748203967130894 -0.0477673976261446 0.276747041021221 -0.488916342109154
0.027970919386364 -0.026672293480427 0.759167181176872 -0.00137820580535036
0.0137633401990139 0.0372768010872264 0.459322134945018 0.680059514501628
-0.0346526981163407 0.0139784141280933 -0.152672222961894 0.572475990418302
-0.0430888355303718 -0.0137000495726625 0.0253774465663939 0.0798339853395405
-0.0180146175670685 -0.004399715283471 0.244674803806553 -0.506490348382629
0.000880934000390583 0.0254281237445759 -0.303665033399466 -0.840193704562697
0.0176264474635268 0.00610705306090372 -0.850084183735993 -0.157314537012165
-0.0230464834526736 -0.0198501732007211 -0.402482110345536 0.574015376822451
-0.0344986862149301 -0.0277862890287747 0.183830977602315 0.469592507265103
-0.0400742802851212 -0.0118331540641093 0.270424487588432 0.10303894157914
-0.0249368068975907 0.0239314239117502 0.091895191625287 -0.178211037929891
-0.019277357989799 0.00833002065382718 -0.0402679328672138 0.131705144387014
-0.0378331431284467 -0.00530568819781604 -0.185999683952696 -0.0908246019670995
-0.0247525044980554 -0.0359361231176088 -0.206322339317358 -0.383368948139397
-0.00613417907367101 -0.0474847819562492 0.304629135412478 -0.46390532622408
0.0250357505666378 -0.0249293279101926 0.759094222519612 0.0533708057040595
0.00966867876517166 0.0365009593704709 0.424229709214476 0.716764220006084
-0.0330730681566197 0.0113682601973843 -0.180095415374806 0.575901226804035
-0.0389855109626075 -0.0141011193482074 0.020877316955013 0.0800165574246361
-0.0152816354030336 -0.00527539129263639 0.222360629662538 -0.507607266727165
-9.32049088322902E-05 0.0238638738420327 -0.34527666447873 -0.809688275525786
0.011375528265547 0.00521229110273841 -0.851522354143727 -0.101493083159219
-0.0263158091011158 -0.0177296959730828 -0.369799734651236 0.599289166137671
-0.0307009592063711 -0.0231304413658318 0.204598922693617 0.464765142309118
-0.0368755544684411 -0.00647365164124088 0.27596763203246 0.093356975375398
-0.0263502493283406 0.0259918750309677 0.0971076196853967 -0.183657475033477
-0.0173986820505792 0.00885968874221919 -0.0367427682739492 0.128542535674613
-0.0312255440181571 0.000345064679953977 -0.181022029522427 -0.0951946767039676
-0.0172984637022296 -0.029658275756471 -0.189489327198627 -0.386521380231656
-0.00600427250732793 -0.0434210342285292 0.329448095919339 -0.442221698560345
0.0196565153405795 -0.0259259463123202 0.756344264780498 0.105150520080233
0.00558037086719162 0.0309480295333666 0.382544736344064 0.74969140356094
-0.0291741055796345 0.00738689648267016 -0.20338600352501 0.575511590741516
-0.0320879056752809 -0.0154762084809965 0.0176760473289841 0.0785378340835813
-0.0105170052841045 -0.00768738787265253 0.203421426005673 -0.511251109322312
-0.0025713260101997 0.018151314658506 -0.383939421460013 -0.777646899033451
0.00198142525960361 0.00384714504418868 -0.851343736963532 -0.0442005462226249
-0.029259221888475 -0.0115653083860319 -0.338274217020429 0.621567388016463
-0.0240398963927387 -0.0146978479800198 0.224020173683833 0.454780108372932
-0.0303366506661757 0.00242824217915763 0.280142676387149 0.0837605710486636
-0.023538322016466 0.0278484138423075 0.100232322815591 -0.187659202374718
-0.0137846374758418 0.0103294796338937 -0.0358231362571034 0.127557708652589
-0.0236006325969218 0.00765601649467506 -0.177051328707125 -0.0976692776151209
-0.0101377812762365 -0.0197801993530106 -0.173282093565597 -0.387830066816909
-0.00639306260116584 -0.0372772438507457 0.350444840461035 -0.424132628178586
0.0127771406571446 -0.0267617881809042 0.749490025947227 0.147685624567384
0.00359404403542657 0.0231887390206346 0.349260303389793 0.772858980603623
-0.0225412157769197 0.0029135956764527 -0.223483046333888 0.575068630760589
-0.0262654552304684 -0.0167121114008878 0.0175955076154635 0.0766517255544942
-0.00569864620170835 -0.0111855047517744 0.187014628237244 -0.512585851305657
-0.00493841579045842 0.0108480240437782 -0.414464527821221 -0.752409810214368
-0.00717529154685219 0.00283405040335643 -0.850868751642584 -0.0042941745460442
-0.0306966721393266 -0.003426675943935 -0.311620695168627 0.632802117121953
-0.0167643523929338 -0.00254338844101917 0.240199376404664 0.446226779101785
-0.0211865995044359 0.0117444648633254 0.282764587775524 0.0766243013686577
-0.0180880078350387 0.0285180398333313 0.0986983720042059 -0.190501781790628
-0.00814124932071267 0.0114822428524577 -0.0377768657903437 0.124622551186173
-0.0149375111005721 0.0175068614566124 -0.175058655429203 -0.0955692663072305
-0.0028465962834908 -0.0072632807374399 -0.163096982881761 -0.389364631939679
-0.00921544055452102 -0.0287873870184454 0.361201965893638 -0.414367321301226
0.00590287554969459 -0.0288823831295648 0.74360181985105 0.171273729859415
0.00260267909990306 0.0145755734569217 0.326169310690283 0.790636624143285
-0.0165417605265555 -0.00064448574961045 -0.233327640039283 0.574155937999463
-0.0200277146547099 -0.0168139883487255 0.0198605323791317 0.0748236182361304
-0.000665236419677074 -0.0144712058341371 0.179029034458762 -0.516830264875633
-0.00622984429836489 0.00263931040809686 -0.434643885111027 -0.736762385321207
-0.0165052372252654 0.000672051947030416 -0.85028083117723 0.023105026747323
-0.0307712954768764 0.00649474472567173 -0.295573812051179 0.639951047958719
-0.00811880702024759 0.0109049100851457 0.24837493213186 0.439260725398272
-0.0110913044091015 0.0214136256014877 0.283458191900838 0.0725433456785322
-0.00965928800013433 0.0299119586697926 0.0954533100641898 -0.190258983523058
-0.00103803197044791 0.0135211020656662 -0.0422603572324836 0.124852318641472
-0.00712497199891381 0.0254423967214661 -0.176399911270173 -0.0917545858644871
0.00200062879039038 0.00540736045882692 -0.158565492838733 -0.389636911097592
-0.012185959542922 -0.0198007021893453 0.36655201020494 -0.413930895090388
-0.000283002846454088 -0.0322050154300482 0.742213840163348 0.173992773207118
0.00350834810373759 0.00723571534428594 0.319231420235388 0.792213442954113
-0.0103749381900006 -0.00285144503486765 -0.234165173006513 0.572620189924564
-0.015449415894926 -0.0168828354122732 0.023813618477379 0.0721709331634372
0.00424335044048363 -0.0177865272296295 0.176810475520261 -0.519928319535732
-0.00702778407154359 -0.00684464630525899 -0.440577114081611 -0.733162042371917
-0.0236737032794567 0.00120223503728243 -0.850066007971158 0.0295823816443039
-0.0308813071155894 0.0167080880608664 -0.290471791624177 0.63634452047068
-0.000956992364246217 0.0233433248288182 0.25252686525844 0.433423192865375
-0.000787694518828737 0.029087233453486 0.282663174440055 0.0729099539965274
-0.000212962620964792 0.0292969202733536 0.0888879411714762 -0.188482272289307
0.00518821306631072 0.0144855970743205 -0.0491025993925052 0.126374595423716
-0.00138078551030277 0.0299625769970039 -0.180121534174018 -0.0866685997528823
0.0048095607078981 0.0165852940492555 -0.162068483087498 -0.390318048456052
-0.0131494479072958 -0.0114314673402326 0.362066468617139 -0.42544809046907
-0.00383975816982883 -0.0344704179332907 0.741677289559125 0.157801498649143
0.00550132244524884 0.000911801528810187 0.333257140924625 0.784570273100475
-0.00663511134746899 -0.00316420050954435 -0.22503369213287 0.572372534254445
-0.0131773615192333 -0.016556085610082 0.0295093390218471 0.0691095858685121
0.00745093027672624 -0.0202870818885155 0.184116753913476 -0.522683644124936
-0.00561650240713422 -0.0137312320765882 -0.433230507574366 -0.742993093809245
-0.0267169213960529 -0.00103735632111771 -0.854155587411009 0.0106700438851449
-0.0300206517851014 0.0248301760101873 -0.299733797748693 0.627214313262902
0.00319448463014339 0.034120439266743 0.248398269345956 0.433201522534475
0.00623968665906038 0.0357590352737519 0.279563499224614 0.0774029230138011
0.00872968694635734 0.0290771670729409 0.0800324855768878 -0.184855074628526
0.0108598792405204 0.0139769087319352 -0.057017202287229 0.12869551902182
0.0027730934477959 0.0326034471174846 -0.185323265868413 -0.0786887488833799
0.00581423620850779 0.0239766954873171 -0.172228044108964 -0.388644716023506
-0.014011748938093 -0.00536601375739736 0.345444824189437 -0.448217586218477
-0.00559186336816384 -0.0352416299829505 0.746698566855383 0.118818388508217
0.00765917371908309 -0.00271505758362998 0.361566014879543 0.763664866191896
-0.00513873272155699 -0.00342432501289374 -0.206434075345479 0.569970934223915
-0.0139207821361454 -0.0153329776771688 0.0352354070822163 0.0686267947221694
0.00996104969358878 -0.0208873624088997 0.197650464978824 -0.524151445003039
-0.00319059021259875 -0.018804973088342 -0.412734793369783 -0.767247256617366
-0.027774478368846 -0.00324123448091575 -0.859260947897157 -0.026385218708157
-0.0294859950566943 0.0308899717647617 -0.321982109786766 0.609066089283256
0.00289766845993611 0.0427799693298125 0.237921622911183 0.436897284811707
0.00983346179932605 0.0391745422610759 0.275340531177169 0.0863151074889613
0.0152310821626751 0.0292100019170541 0.0705705972276365 -0.179695837664965
-0.0189973056643461 0.00823578530239357 -0.0470537969360834 0.137148052687292
-0.0416526322509689 -0.00693574313233318 -0.195141222952625 -0.0829140500404717
-0.0307293626468804 -0.0369405099553311 -0.22663860893364 -0.380607942402425
-0.00783796529229844 -0.0475595905912746 0.277689362113994 -0.49172533477698
0.0283539887074071 -0.0266410729670011 0.764814732708925 -0.00255071331754834
0.0135259395485037 0.038317931217965 0.465907421550368 0.685604266653102
-0.0350211340223441 0.015210133237801 -0.153394880651229 0.577774977958689
-0.0437086118225935 -0.0136951491631994 0.0259088875508546 0.080220219640799
-0.0186261234308823 -0.00513024193767918 0.244292111309812 -0.508814204544818
0.000747580972244751 0.0255982703253508 -0.307899377288969 -0.845290462325887
0.0187003673147298 0.00664457273580639 -0.856825389204658 -0.156784671041355
-0.0226821441562339 -0.0190965614275757 -0.405379371629833 0.577736105106945
-0.0339624091477681 -0.0276747238873928 0.188033662845496 0.473399090940849
-0.0408847209341116 -0.0105683257986072 0.272558623075139 0.102504141717933
-0.0238887476954385 0.0254299125699306 0.093185174058266 -0.179504800229627
-0.019155962859567 0.00786749523626536 -0.0414126668044476 0.133149604928112
-0.0378035077887522 -0.00430062997271876 -0.188945970019808 -0.0908879192077212
-0.0247209003341253 -0.036371983520525 -0.208855935635606 -0.385011704961044
-0.00654114925804636 -0.0484352872525337 0.306778429820996 -0.46778435350553
0.025203183995141 -0.0249796984575853 0.766843711552251 0.0522102341035352
0.01028517583062 0.0367367587823436 0.428562217451554 0.719626535073547
-0.0329892903275365 0.0117778680670845 -0.180836308757318 0.578984173567994
-0.0386829062457719 -0.0136722947105685 0.0205665011795726 0.0810188798529223
-0.0165338477524006 -0.00550375250242643 0.222841655516216 -0.511097140404396
-0.000812677998963597 0.0236294670245756 -0.349878531028618 -0.814649972159632
0.0111853221825713 0.00521810689998817 -0.859588285115876 -0.100109474167306
-0.0260468384997622 -0.0178321553532177 -0.371629164426737 0.604687108325202
-0.0303443122503378 -0.024007796155034 0.20637850530548 0.467878905820425
-0.0369676118861983 -0.00510507238782453 0.278883076338947 0.0929570660530932
-0.0263265100978115 0.0276500273350575 0.098559483128028 -0.185403860723628
-0.0175523165950947 0.00935569793410816 -0.0368221781761334 0.12857562018388
-0.031766434786526 0.000842474638205189 -0.18268416762435 -0.0957572401741257
-0.0165598628182459 -0.0302352508465052 -0.191238925865444 -0.386434976782943
-0.00548317489845905 -0.0442453923474298 0.33095048688982 -0.445048231330478
0.0198618891088417 -0.0254996589357261 0.763785224732101 0.105690204425901
0.00586030299384884 0.0311959170515666 0.387279216297501 0.75335034407163
-0.0290551989234874 0.00743162645309627 -0.20452790766637 0.580639938985876
-0.033596054634437 -0.0148232848665333 0.0183689357440911 0.0792011804730156
-0.0112205540101198 -0.00798322544689016 0.204653865994469 -0.514369219723493
-0.00242149052323873 0.0181516704971525 -0.388448867375448 -0.78330051416745
0.00289675450752332 0.0034797517058818 -0.859978574018548 -0.0440593978126861
-0.0287942802473856 -0.0123070570699306 -0.339127318188321 0.627646708766392
-0.0246350664266688 -0.0139916762540836 0.226811390337274 0.458473060833016
-0.030391006634075 0.00269575194931623 0.28330654739197 0.0837552611443296
-0.0233403594305458 0.0287183634404012 0.101782568088193 -0.189024274285299
-0.0136232050375041 0.0105157439479594 -0.035771372651771 0.12649242835572
-0.0231543684418601 0.00836270555537731 -0.179194249732297 -0.0980575209513771
-0.00953248236496587 -0.0198606149667503 -0.175185066498478 -0.388663003558246
-0.00705266246380663 -0.0375853876173138 0.352307322536888 -0.428584638001813
0.0130784550421949 -0.0270445556214025 0.757568810936914 0.147749490170962
0.00449430161103591 0.0231845445955297 0.353895051812871 0.780096211983669
-0.0221672984158454 0.00404072896042593 -0.223788050516536 0.580185496256171
-0.0263205992750952 -0.0162912317926427 0.0173697873576047 0.0775566289569655
-0.00573965502678491 -0.0110046126098582 0.18567445578218 -0.517227531941129
-0.00496147423120661 0.01033853897524 -0.41804944376583 -0.755913220351436
-0.00704030320843875 0.00239609179728746 -0.858091679399552 -0.00176488591365053
-0.0306993793836046 -0.00328213002463344 -0.313171438840852 0.640651266149482
-0.0165908119767172 -0.00214433057281315 0.241721018891276 0.449488636728622
-0.0211221558358431 0.0124840786169852 0.285340557342362 0.0773892136685842
-0.0173491760556228 0.0301398485179647 0.100272981157075 -0.192247658606479
-0.0080966363895039 0.0124505778594641 -0.0369678792054263 0.125405093350924
-0.0145635428410321 0.0178039379593443 -0.177135608592517 -0.0965738604750525
-0.00287047798106604 -0.00752536371748854 -0.16513101046442 -0.391705346056793
-0.0097974725382785 -0.0286960568594691 0.36575637091173 -0.416538264020491
0.00636139415374814 -0.0296725683080115 0.750765213634163 0.171550051483465
0.00360420279380459 0.014704083600586 0.332296958346704 0.794234584639068
-0.0163412713210661 -8.66861416069405E-05 -0.237026165238872 0.578613175734196
-0.0203857039748263 -0.0165077411356614 0.0201676005302236 0.0758061904074955
-0.000900268503420723 -0.0153402669233542 0.177370206782436 -0.520625852671984
-0.00642139357486485 0.00206058883347116 -0.441075894909318 -0.741095531639041
-0.0159162070619437 0.00186434983930203 -0.856503989703947 0.02438419849583
-0.0312184471619325 0.00728382903574707 -0.292747466907696 0.648152839612169
-0.00865020495856637 0.0103005945647703 0.252777677580614 0.441914010447855
-0.0105530779133594 0.0215684134777245 0.286916712508889 0.0724708407686838
-0.00918520419759668 0.0302038457545419 0.0965361096669627 -0.192545011934574
-0.00171028248347945 0.0135847198023614 -0.0433740769313033 0.126386860222184
-0.00726533047678176 0.0257409785904531 -0.178515014549775 -0.0921347865914296
0.00227810033642507 0.00593995120143624 -0.161073633228202 -0.392209166833927
-0.0120574434462035 -0.020229186928321 0.368548095078646 -0.417747532277648
-0.000891304502078058 -0.0330271200914039 0.749090455057574 0.176072118353135
0.00410703774093432 0.00630056726600198 0.324966859113188 0.799494187442963
-0.0103347051012315 -0.00265196880692445 -0.235655482709979 0.576025452557079
-0.0154126054091654 -0.0171839123960311 0.0246596872397146 0.0723810427178191
0.00339516084120912 -0.0182185926309158 0.176381874223291 -0.52432917654764
-0.00747343494497698 -0.00715624103916415 -0.44697577583488 -0.738967995176847
-0.0230540321295269 0.000574629266227249 -0.856908708637915 0.0303518382313834
-0.030450841729037 0.0172954395481362 -0.291501905478489 0.643631696069973
-0.000936433673655989 0.0232465483102846 0.256490570089455 0.436976694827201
-0.000399794869900651 0.0304405520760089 0.285444207349232 0.0731713669935233
0.000121878494983669 0.0305871399552332 0.0896392322692711 -0.191132461916932
0.00579772527897966 0.0145112674528646 -0.050442961268552 0.127612510439944
-0.000693001165417596 0.0311426269072208 -0.181699089839535 -0.0867370300028924
0.00481662980727591 0.0168705786244056 -0.164292642036555 -0.390947947860724
-0.0131533167270591 -0.0113619054799434 0.363327301791459 -0.430906208691535
-0.00426278745451477 -0.0350596604855377 0.747009759721559 0.157250861228833
0.00632149679580388 0.000558968973239064 0.337337146242541 0.789722760876542
-0.00635346217816499 -0.00402305916662643 -0.223732491666432 0.575506147936529
-0.0135913009700924 -0.0160887430473741 0.029951823013503 0.0701947816377706
0.00743487385459999 -0.0203570040448547 0.183984176393947 -0.52794691978976
-0.0064974677939682 -0.0145933411514188 -0.439375722123858 -0.749210794374861
-0.0268971331239855 -0.000832017010021509 -0.862335773535117 0.0134086299046748
-0.0297941087416288 0.025068927400006 -0.301824028112653 0.633262491366104
0.00309294557160466 0.0346611876384464 0.251287580987244 0.436196438232229
0.00663601559697617 0.0366097109713991 0.282753641573208 0.0778449023947646
0.00933827161339075 0.0294672454227947 0.0809545259127017 -0.186973919606481
0.0113257847540416 0.013830615940976 -0.0566596725574254 0.12967777831747
0.00306995864315131 0.0326251774137862 -0.187548180273297 -0.079685622542044
0.00646855339258492 0.023385977152268 -0.174865327193917 -0.390594886844144
-0.0133979833564706 -0.004963769905893 0.348318197777463 -0.451394895443294
-0.00581904548443805 -0.0356357524434517 0.75315732827261 0.119243568436209
0.00777069035860045 -0.00289203593260135 0.364869675822089 0.767988587685276
-0.00483521757852473 -0.0032256247250142 -0.206444057726795 0.575548568278386
-0.0131210976371294 -0.0147500009206929 0.0354865798407483 0.0696842794224088
0.00952064774123662 -0.0208664698092307 0.200234643512009 -0.529291187562935
-0.00318654481484327 -0.0188858364217318 -0.415325498163553 -0.77347723478198
-0.0272170006142775 -0.00327567321602694 -0.866193749510839 -0.0243423655079107
-0.0298011436738942 0.0311810952595911 -0.323019745939004 0.614705821991148
0.00262837767755805 0.0427105732573021 0.240023470632276 0.440653408744035
0.00973406738920998 0.0402427668078241 0.278646956412773 0.0857349177940433
0.0157536611656933 0.0294953223650016 0.072210990604701 -0.18108299112464
-0.0178819783774269 0.00903816935926118 -0.0473630848480138 0.138818235084569
-0.0420903499470754 -0.00704099916933831 -0.198650542175571 -0.0830511405878527
-0.0311213841655892 -0.0372532964417075 -0.232138254450724 -0.381960779113043
-0.00820481739070074 -0.0482738106021353 0.278210163425863 -0.496537264426457
0.0292101952728878 -0.0267673593925885 0.771052885215925 -0.0027371279302062
0.0143854461519022 0.0382276855866217 0.470873732036185 0.690253815608993
-0.0355058162183281 0.0154634865251756 -0.152537798849639 0.583769790849616
-0.0436467770852756 -0.0123639500105089 0.0263430585327473 0.0807815609648734
-0.0196002889122146 -0.00556574031850731 0.244201066759121 -0.514705113150705
0.00108102192904453 0.0249714666112463 -0.313374483928213 -0.851497099317028
0.0188688022103182 0.00643753494245278 -0.864975475799823 -0.155410383623784
-0.023073350346301 -0.0200904929942289 -0.407231364932663 0.58688775890356
-0.0348035189416644 -0.0288820644901782 0.191809836135305 0.478431901746646
-0.0407912291902504 -0.0097726635813919 0.277638046455677 0.102718556159239
-0.0231422824320295 0.0263251439184197 0.0936077657812082 -0.182381009393769
-0.0196947540643195 0.00870544511154992 -0.041450756009563 0.134018861727864
-0.0386302430781453 -0.00472375981363535 -0.192072621927314 -0.0908733839214462
-0.0249478793181607 -0.0365944780831209 -0.213604785158913 -0.386356850892386
-0.00638622989158411 -0.0477955981548924 0.309143562213799 -0.472647679263976
0.0255967084337541 -0.0253975867776335 0.773580597298475 0.0527755839965254
0.0098485363819065 0.0363529323773971 0.433566274486483 0.725224662423368
-0.0336615860473383 0.0117040778732208 -0.179325394138067 0.585583810730813
-0.0396299595111349 -0.0133943177100104 0.020420081677705 0.0812301714130227
-0.0162988608428514 -0.00591946146441631 0.222925645061468 -0.517248019458254
-0.000617967869656368 0.0235406390431539 -0.357548591195859 -0.820376841757268
0.012343169955656 0.00529878378504248 -0.867440276155742 -0.0979560416195128
-0.0260134918376426 -0.0174436668243247 -0.373793340143968 0.611518778506918
-0.0316277508876281 -0.0242500080103003 0.211761274157145 0.471844803904997
-0.0377246408714342 -0.00409604821966291 0.28303118016599 0.0930133974322126
-0.0247388789515686 0.0279441348958937 0.099138321092372 -0.187222119643602
-0.0181257335666274 0.00957057560426487 -0.0376046475514144 0.130715921572599
-0.0314329683309051 0.000968087778557779 -0.185622577637885 -0.0963886523611866
-0.0169910621435514 -0.0303826790438751 -0.195837832147481 -0.389076926233505
-0.00632768469934103 -0.0445228082887992 0.334090011873618 -0.4498941491945
0.0203436683254247 -0.0250627373090376 0.769750406803988 0.104785689116535
0.00643403726694765 0.0310487726796721 0.392289473024356 0.759880931535137
-0.0281516177689724 0.00821327553491247 -0.204061837934471 0.584681915229497
-0.033739948207017 -0.0141558100881581 0.0184683240515154 0.0801709816216789
-0.012396651423585 -0.00729369393737784 0.202085520518169 -0.517665751473749
-0.00260442176819653 0.0178488682470859 -0.395701311261646 -0.790188158715041
0.00341603963762405 0.00393399321365557 -0.868437059749437 -0.0411358696131101
-0.0294041667869973 -0.0125199687149461 -0.340397285254162 0.634488956111727
-0.0252161662362679 -0.0147436961467186 0.230649892866909 0.461982468499193
-0.0301386981976481 0.00400098371215599 0.286709860905244 0.0825727004589935
-0.0218355681897754 0.0290809930622435 0.102597960835397 -0.191757957819979
-0.0133728085691113 0.0108023714072324 -0.0359189723310459 0.127899933256577
-0.0236263322406539 0.00891402964819536 -0.18159355822135 -0.0977513104191874
-0.00903339149141787 -0.019791725424521 -0.179432644277379 -0.391422378143379
-0.00677919683625824 -0.0374522957411525 0.354642032150162 -0.430925350222033
0.0129697013014051 -0.0269097470651198 0.763785509579192 0.145774097909956
0.00401730598354597 0.0236299041756925 0.358911363140062 0.78589310949151
-0.0226893611254371 0.00347502345881519 -0.224221890694275 0.584563400699635
-0.0270161037625928 -0.0147383126802979 0.018480194234924 0.0782113067390554
-0.00652369864881658 -0.0112141297739587 0.186738609212652 -0.520982352223626
-0.00514969422505563 0.00962306073749957 -0.426237924766269 -0.763426866095745
-0.00669645082403589 0.00242961051240847 -0.864746846201963 0.00113479545165988
-0.0312000708374582 -0.00361850387624855 -0.314768017817465 0.646934268931275
-0.0165425796349361 -0.00283550144898624 0.247233358245657 0.452352977616657
-0.0209694877700697 0.013777721074342 0.289911951499672 0.0763655378840872
-0.0172812353174831 0.0303693795109935 0.1017041919216 -0.194378524456319
-0.00740386362631583 0.0123920467574919 -0.0385309962068843 0.126282455159062
-0.0153374102453544 0.0180168703689196 -0.179944287298363 -0.0964311288245062
-0.00291008074407329 -0.0074426464175372 -0.169586242193675 -0.393285468603055
-0.00906544578832871 -0.0289921982901942 0.367941072445656 -0.421811187177275
0.0060400920984046 -0.0294646042488438 0.758595113432734 0.171042130014004
0.00361281452937804 0.01476618661024 0.33625326469084 0.800046999158628
-0.0160903771229965 -2.77171810279704E-05 -0.235695266119137 0.583069646001047
-0.0204023793129517 -0.0159147315511379 0.0206739620663492 0.0757321258704972
-0.00180596770304123 -0.0148880750436537 0.176077387829211 -0.525272474600521
-0.0065791017303168 0.00164003157446791 -0.447184105796793 -0.747715770224949
-0.0157184420363547 0.00137485258445376 -0.864694422377249 0.0273552362112292
-0.031412184856978 0.0067840049967808 -0.295095274842819 0.654108592421998
-0.00895222624857631 0.0106152379328445 0.257206400963468 0.445016475650997
-0.0100848024257179 0.0235781378392593 0.291083365161333 0.0724292536818985
-0.00805774476565095 0.0298259288188096 0.0971670820202671 -0.193949069053173
-0.00106538398054415 0.0135819587456309 -0.0434904710666329 0.127130143337458
-0.00685591749817941 0.0258766630155224 -0.180709237673995 -0.0926903565506542
0.00225038608154458 0.00546175948549845 -0.164358806345957 -0.392753824187393
-0.0122590174529982 -0.0200826072733082 0.372438420083688 -0.421435308613696
-0.000491319278495654 -0.0321819250573914 0.755340708619077 0.175573431690474
0.00466567845124903 0.00685616839152861 0.33007375494723 0.80499979618031
-0.010103613036371 -0.00257825418317891 -0.235380703455993 0.581578558310623
-0.0162431991526898 -0.0161422106135799 0.0245755831837995 0.0725290229881413
0.0026585482041455 -0.0190946502660554 0.174393213135597 -0.526695706451654
-0.0067527848036959 -0.00764048046729247 -0.454605759128084 -0.745036314626178
-0.0235302658168331 0.000454440856356063 -0.864556669274586 0.0342927122284642
-0.0308010883260174 0.017378687123034 -0.291180451250238 0.652487840852869
-0.00129357675086758 0.0231304233945192 0.260417977125658 0.439879039159336
0.000437665780674342 0.0311996108831466 0.288146131957103 0.0730128603479896
0.00106751071989647 0.0310595042859592 0.0904769143190238 -0.19295430695266
0.00545351557667162 0.0142679545849012 -0.0502501976851102 0.128461486989184
-0.000940615683750852 0.0319459453807118 -0.184356004629588 -0.0855585307667079
0.00587642526065207 0.016962032383598 -0.166695574204807 -0.392147396174168
-0.0134307567387909 -0.0114297192131293 0.367667621429894 -0.43313828462942
-0.00510989501381752 -0.0350189374707871 0.755732806249298 0.156706932427381
0.00613818244310854 0.000520230755569152 0.34320355596782 0.796056406315679
-0.00625047783270625 -0.00349481640995415 -0.224098296145176 0.581288376477741
-0.0132162810144188 -0.0152991940602827 0.0308171683341702 0.0713551351294115
0.00632408799686826 -0.0205572218396731 0.184148940597468 -0.532319093643976
-0.00697843751523362 -0.0151529129755668 -0.446790278843245 -0.754720644546588
-0.0270313581196809 -0.00091280535590069 -0.869815856595142 0.0162580045969645
-0.0309027322157099 0.0255229241241003 -0.30076938579899 0.641173678732189
0.00267097720668765 0.034750282031931 0.255867748821887 0.438568309156403
0.00735544290178478 0.0374032430238901 0.287124163352532 0.0778205613749167
0.0102955524969273 0.0304070054005489 0.0807109274478823 -0.189339461169925
0.0112141890272025 0.0144710970505082 -0.0581590437161782 0.130571940189153
0.00293320646750385 0.0332095182899469 -0.189978519713944 -0.0794873114843824
0.00715797301100113 0.0242965739058251 -0.177601761240472 -0.390791719416292
-0.0139429474314109 -0.00467346384496435 0.350511751557759 -0.45648626560634
-0.00635254981303772 -0.0355189462066312 0.759621777028275 0.118457879942023
0.00879485471269243 -0.00297458825476842 0.371934534450381 0.774081639787983
-0.00515392834998316 -0.00357473330402722 -0.206264630522272 0.582375127991533
-0.0143906290598881 -0.0142346851813212 0.0359848650250888 0.0701233713660438
0.0083789651928886 -0.0207262998559352 0.198798876323111 -0.532866098447978
-0.00371540910384032 -0.0197528554327348 -0.423428668400071 -0.77816829244241
-0.0274314566851397 -0.00366625910550971 -0.874051704148261 -0.0224252501700249
-0.030223371718564 0.0315831378024147 -0.324988891449955 0.622675198383634
0.00296988075078885 0.0438843456974669 0.245481384069593 0.443244163439614
0.0103656009810495 0.0415979991646519 0.282504918795941 0.0857995593284922
0.0173165381013091 0.0293276180057431 0.0720704958882083 -0.183195974270919
-0.0180786888956824 0.00911299488735422 -0.0477528970861535 0.139436500116728
-0.0424486752080243 -0.00646021531783876 -0.201537820902337 -0.082071507335521
-0.031298860713324 -0.0368011948461805 -0.235668744470662 -0.382830673669399
-0.00849158882386743 -0.0482098777204652 0.278876301595978 -0.501596537349083
0.0290073673013912 -0.027019945472686 0.779638977496719 -0.00726816722022581
0.0154170899152313 0.0379481295083875 0.477885661750228 0.694711431188046
-0.0353380537442132 0.0156401823782727 -0.151122048163422 0.588880836704391
-0.0445639148867869 -0.0118317260720553 0.0258765049988597 0.0822639570493638
-0.0206997625153819 -0.00465366365566427 0.243595719218678 -0.520299501200553
0.00137805590721657 0.0252752596009037 -0.322217852035578 -0.856565342020623
0.0194775731644937 0.00597816017164543 -0.874038338532024 -0.151914955544565
-0.0228072214066663 -0.0192827829946319 -0.407630259330673 0.595840074958004
-0.0362888207746949 -0.028321308137482 0.196996621671717 0.481088286390423
-0.0416304190975927 -0.00888522535624677 0.28136579856989 0.102896755186472
-0.0232175240896114 0.0273631365185039 0.0943486671972915 -0.184892803686299
-0.0192449572756717 0.00909064772974869 -0.0416518850520156 0.13515956806997
-0.0388785661231627 -0.00391198436924656 -0.194407375572822 -0.0907371014614791
-0.0248862456752216 -0.0363481073808736 -0.218028133786494 -0.386400050337507
-0.00642213669852791 -0.048555732877209 0.309330034264962 -0.478703209714198
0.0259514508902035 -0.0258030197220252 0.780648365533481 0.0500159997594246
0.0111025289286126 0.0368403543327283 0.442352764229852 0.730733409699483
-0.0340490814278312 0.0125546420488314 -0.181238268773151 0.591098467759513
-0.0400296584821036 -0.0123340168576148 0.0207007564010469 0.0812700858183271
-0.0177006150336945 -0.00560943739172363 0.221710119987113 -0.522330317344188
-0.000464567247315393 0.0231385095152751 -0.363935696800739 -0.826425722277213
0.0122664519260244 0.00551906936725245 -0.87415408589041 -0.0944155096132395
-0.0268406173455931 -0.0172024899460221 -0.375644575148962 0.6194538878439
-0.0320899067780277 -0.0245574243240312 0.216782743490287 0.474118311034479
-0.0383625635513324 -0.00330791386579549 0.287266289257909 0.0925011030149917
-0.0247330422306202 0.0294244465093608 0.10011501094236 -0.189780656215033
-0.0181088447226407 0.0096163557391826 -0.0379067623234407 0.13173464342422
-0.0324960101852495 0.0016619246598762 -0.188650657719139 -0.0957885966074356
-0.0168525405179404 -0.0300264321198362 -0.1989574726983 -0.389370012186913
-0.00653148647883448 -0.0446096081802262 0.336532169612224 -0.454780845493582
0.0201695721323476 -0.0259900548468237 0.777461749582864 0.100935064655689
0.00717147173114245 0.0312860273179454 0.401001317262999 0.764497916127338
-0.0297849772211309 0.00843170701899694 -0.204848026001411 0.591338253695694
-0.0334200849717006 -0.0140972947830192 0.0194420922605415 0.0809895698851794
-0.0132264274390864 -0.00763246892877841 0.202605522093561 -0.522392175107139
-0.00311583578089004 0.0175237877498735 -0.401667626860308 -0.793673633781696
0.00344225271072522 0.00380030559622639 -0.875864202615763 -0.0356865806260042
-0.0298610920181207 -0.0121764487327963 -0.339698511283232 0.641780098755263
-0.0256123791213986 -0.014761043616274 0.235940717789244 0.46430581713928
-0.0307471503550005 0.00453833587469829 0.29100990869795 0.0825766350784306
-0.0217608385735766 0.0301823540196112 0.102852764343329 -0.193848298941414
-0.0141100122285814 0.0113764733309927 -0.0368237173221031 0.129062667481927
-0.0233805577279159 0.00922426582527564 -0.18443722206481 -0.0975451884855088
-0.00933474218270629 -0.0201981582100197 -0.184230405914787 -0.391761574819197
-0.00691039818642552 -0.0377061605328222 0.356795667308842 -0.437008211105775
0.0127287015756198 -0.0263238257963593 0.770800677501695 0.145551492027832
0.005183131907859 0.0237486703750051 0.365762287339397 0.791866768909242
-0.0229517294470088 0.00416855952720048 -0.223181852469426 0.591664425074641
-0.026876645323218 -0.014923289277945 0.0183425565139689 0.0794879054013059
-0.00833080949769576 -0.0116340249987489 0.185852766082283 -0.525928041438518
-0.00488779377828556 0.0093556303989725 -0.433683413721279 -0.768200967570393
-0.00666454165584042 0.00177535285206395 -0.87449634555059 0.0068705190779994
-0.0313632434483489 -0.00326830077271578 -0.312471155273139 0.655031809320521
-0.0173448413268043 -0.00233473134782765 0.252266259076166 0.456604809537298
-0.0211660026417379 0.0143039441257825 0.294288621042632 0.0751930251956666
-0.0164481400902941 0.0311702897445528 0.102030467510809 -0.19665933820786
-0.00778180209501258 0.0130880256193472 -0.0385802456935089 0.128226789376787
-0.0149930084378496 0.0174891894772283 -0.183003122440718 -0.0953623612084079
-0.00204905134192193 -0.00740527654902694 -0.171708460344919 -0.392777010284653
-0.00907684577806725 -0.0297091140419353 0.370509239891351 -0.426292335415001
0.00530982348270312 -0.0298869507189842 0.767177806854152 0.170839439573069
0.00393372943007343 0.0148944311745726 0.344048707789994 0.805722781103206
-0.0169171079454843 0.000349545849023948 -0.234087888874859 0.589777928862726
-0.0206156262293297 -0.0157948935183113 0.0207488071335274 0.076537882781541
-0.00222157181312139 -0.0157380915019521 0.175232333370174 -0.530106620321258
-0.00744231673444569 0.00133528351733285 -0.455114333869874 -0.752790593293485
-0.0154341948245996 0.00136510934800313 -0.872340686571731 0.0325473984270538
-0.0310373928157933 0.00771895642014747 -0.29440786004114 0.662813588684378
-0.00893041085438682 0.0105176202650864 0.262515192951806 0.446781916181969
-0.00978373257166081 0.0245985821837763 0.295242361536983 0.0718485743054527
-0.00799075427978947 0.0313063247757766 0.0975542165964045 -0.196747969293551
-0.000741585339440772 0.0140600816408098 -0.0441240346408653 0.128517357857769
-0.00684406997803466 0.0264125642848268 -0.184306584922992 -0.0929514596332453
0.00286676774450929 0.00601855889879012 -0.166865445943755 -0.392595084317494
-0.0122832127912139 -0.0204795543939134 0.373774072821407 -0.426985979265214
-0.00111604571184217 -0.0325291443476537 0.763850648223466 0.172573375600916
0.00529088439368476 0.00645359520014606 0.336285180967009 0.811232577651374
-0.0107283366887484 -0.0021997027736378 -0.23537059940289 0.586410499300591
-0.0160519109891099 -0.0150599916416836 0.0255209138104059 0.0734518188177729
0.00223674819732004 -0.0182341868832051 0.174635914615795 -0.53270538409018
-0.00775072707248708 -0.00868870263994287 -0.461847172857591 -0.747489229660959
-0.0232291912338434 0.000463706134307722 -0.872547230327815 0.0395367663164514
-0.0306490271933507 0.0169199356910156 -0.289578545811651 0.65868249849574
-0.00108403995699629 0.0239779329471715 0.266008894875427 0.443438615134346
0.000250427150349747 0.0321361757584352 0.292801542687546 0.0715504581890928
0.00226310465545 0.0311933905972112 0.0906599486204785 -0.195070204159921
0.0060897986272017 0.0143325603098313 -0.0507235026865042 0.129250838594523
-0.000617713464553991 0.0322418447899067 -0.187318598306344 -0.0868954289048459
0.00578938669498518 0.0168884274675051 -0.170682014251475 -0.392697962150659
-0.0142367804158403 -0.0119070010438093 0.371137347523307 -0.439434137651709
-0.00481192091716993 -0.0351233269279096 0.764962496575798 0.15709803917367
0.0066237724192893 0.000195395108830231 0.351231407373996 0.80179009327127
-0.00666529073901422 -0.00372131389356191 -0.224150668643154 0.585404397948468
-0.0135828102150955 -0.0146130362116021 0.0309977730148659 0.0717816182535241
0.00615656153733413 -0.0207400387109017 0.182244048729722 -0.536423201585718
-0.00705181555210286 -0.0151852483217582 -0.454254520460082 -0.758183967714163
-0.026274588527958 -0.00134553578824738 -0.877729415845388 0.0213430766528118
-0.029917184730315 0.0261459405945614 -0.300779343804544 0.647599145594056
0.00316294302515477 0.0354952158231932 0.261067113733325 0.441381840097788
0.00729404181252574 0.0383409272579461 0.290349812739513 0.0768528151426136
0.0112443561140627 0.030603637158954 0.0821309787604024 -0.191246363339099
0.0119924450371993 0.0141763569300819 -0.0580022869505923 0.131539975034694
0.00379366973679804 0.033858393529201 -0.193001315193521 -0.0792408085595455
0.00751479528082504 0.025164847395731 -0.180243344199644 -0.391377642965883
-0.0141953477259531 -0.00485974895368358 0.35222638401323 -0.462103768059388
-0.00644922611981297 -0.0365095041688948 0.767501245007573 0.116879800661556
0.00919287115849643 -0.00329961437573635 0.379782359765372 0.779330819770469
-0.00533005132401826 -0.0034620727925244 -0.205955023310693 0.588012895325715
-0.0143359441426788 -0.0138303201027032 0.0371764883583268 0.0705026721672299
0.00835920362453296 -0.0210531934904414 0.197978201519546 -0.538760821682399
-0.00387891130420781 -0.0208313154267175 -0.430698796667715 -0.783289304112025
-0.0269996806234857 -0.00352480091572851 -0.882288698889906 -0.0175772085865752
-0.0299458510586354 0.0323494863262592 -0.323875967996912 0.630414604450551
0.0030344861883878 0.0427572307212147 0.248880466964738 0.445741562182577
0.0109244634711143 0.0419005085234414 0.286646095506967 0.0844726938829282
0.0173338508047571 0.0302191689012501 0.0727418900557424 -0.185780347655116
-0.0178911227724467 0.00903081867230457 -0.0470308922395907 0.141143108735823
-0.042510242093975 -0.00599633206318494 -0.204287414264983 -0.0819853961958337
-0.031335806431486 -0.0370320233003554 -0.241295004387756 -0.382692761147835
-0.00934807857007147 -0.0490155884919507 0.279161547948368 -0.508600521845072
0.0291373860876369 -0.0274940856976989 0.788270589121846 -0.0116251805655773
0.0161127971189363 0.0388656081470179 0.48802149970105 0.698229659273194
-0.0357116734222773 0.0156200828973752 -0.149826035542904 0.594635654297395
-0.0446753995003905 -0.0106655871833459 0.0271710857777963 0.0822056348310853
-0.0213769700114939 -0.00467248946858581 0.242614687971081 -0.525589034310779
0.0011957270412568 0.0250624422934226 -0.329669792572246 -0.863695105113734
0.0197468677534604 0.0056833040155396 -0.88504301823757 -0.146821079495835
-0.0233386810605073 -0.018839244003192 -0.406780682481302 0.603094619073527
-0.0365904728700147 -0.0288278938755779 0.201599919534934 0.483544004796089
-0.0411917246540645 -0.00801837111943311 0.286157287723375 0.100864376246028
-0.0224318759342413 0.0279286867610907 0.09498654071851 -0.187443779476671
-0.0201335786780141 0.00910103516630597 -0.0411491179011116 0.137215132359091
-0.0390828000192185 -0.00301922090717701 -0.198554197354861 -0.0897727044353558
-0.0249757974354533 -0.0365836719999468 -0.222119715814788 -0.387496123657711
-0.0071512204328619 -0.0488342710700043 0.308412811308832 -0.483000735298227
0.0263476678973816 -0.0262994873354017 0.78902245710089 0.0448721267707712
0.0114221454899048 0.0373101088239497 0.448516134117139 0.733725705739609
-0.0340035686123159 0.013130667466548 -0.177606328553711 0.597573955434255
-0.0407845504063471 -0.0115214485781201 0.0221838363327158 0.0824477616194817
-0.0182973134277079 -0.00558731044126101 0.219593197781828 -0.526278600364363
-0.000340241319392341 0.0222794092439739 -0.372263524946506 -0.831737552862184
0.012833726016497 0.00555905835588936 -0.885130077042319 -0.0889362915484694
-0.0265792463167374 -0.017655809407219 -0.373394797536105 0.629609745930231
-0.0327210398611118 -0.0244908398697766 0.221936862941439 0.477945185080786
-0.0379336486987701 -0.00244796947886632 0.291790538653284 0.0904569449089851
-0.0236422266969502 0.0295623749436361 0.0998964804690858 -0.193130787252959
-0.0174032602458595 0.0107655609932916 -0.0375343241419423 0.132386984615321
-0.0318758595656811 0.00231366984589857 -0.191769272392669 -0.0953342658939946
-0.0163553935927603 -0.0305656373881242 -0.204468503966946 -0.390756174841291
-0.00696152326330645 -0.0452441689423607 0.336608515382961 -0.460385804877032
0.0207853914694969 -0.0258572362043486 0.786252203601674 0.0968104695305145
0.00767500911782242 0.0317346318842782 0.40839920887881 0.769818378791834
-0.0291606186186342 0.00910353023181814 -0.202665472980722 0.597648744299713
-0.0348129565492213 -0.0128511069432472 0.0190310301565449 0.0809665754741473
-0.0144572979951129 -0.00771801062578316 0.199525420047695 -0.529511647917043
-0.00258412530764469 0.0172530123121608 -0.409895623473293 -0.799004535381506
0.00447724896124391 0.00341511970324476 -0.884744743792875 -0.0304971949538409
-0.0300588247877622 -0.0110913702495845 -0.339051456638715 0.651746366716406
-0.0259266246074961 -0.0151102886067101 0.242909266996163 0.467857872698696
-0.030800038891656 0.00582474299000289 0.29504872215271 0.0804371158437212
-0.0211869001312236 0.0310695856072136 0.102940159119109 -0.196684374020921
-0.0134176012800234 0.0116303774325647 -0.0367503638120441 0.130326710194775
-0.0238422272394417 0.00971469377269388 -0.187724049114449 -0.0973013907785228
-0.00866453168727974 -0.0212812575716061 -0.190052633167922 -0.392894901335962
-0.00754681425839405 -0.0380948387174048 0.357102670942051 -0.442317338345731
0.0123224891005723 -0.0277690405982733 0.780755514103259 0.141909420580023
0.00641763949628879 0.023487242101813 0.374404609416563 0.795149337632271
-0.0233767879693969 0.00418611044260522 -0.223181568335049 0.597731604646681
-0.0274777386442664 -0.0137784545928113 0.0191621854411602 0.0794114465256022
-0.00854276510574787 -0.011242662688695 0.182853120542834 -0.529981894166963
-0.00520783120974321 0.00946135079668235 -0.44238903366189 -0.772273225554413
-0.0060973741104405 0.0024930420349931 -0.881249452221569 0.0104392397763341
-0.0313499543584673 -0.00296479883498135 -0.310959838342085 0.663189962268476
-0.0177100055664109 -0.00321947674254273 0.257284126377688 0.456942116994035
-0.0208040857849739 0.0153372212823557 0.298077402327951 0.0746254059245733
-0.0150896523913966 0.0315883499556932 0.101661269306339 -0.199357017596581
-0.00764667137095208 0.0126136324687747 -0.0387461988159809 0.128900278061586
-0.0143121441795624 0.0186060658238879 -0.186762980983387 -0.0965887516720319
-0.00186869359691278 -0.00713718278046998 -0.178565445934394 -0.393990781812705
-0.00978523598358453 -0.0297133276534819 0.372079279453043 -0.431596453243727
0.00506012552278525 -0.0302029938704318 0.774615309004814 0.167648431909937
0.00477684927087914 0.0146213521460484 0.352380690025075 0.813094668969183
-0.017041620734295 0.000558135039129545 -0.234168516315934 0.596225415712942
-0.0210616527100396 -0.0150819887606876 0.021735765734713 0.0764869671563074
-0.00332617000864789 -0.0149085030774375 0.174098297805153 -0.535857434780362
-0.00747401105682465 0.00078075416848063 -0.463985781414631 -0.754248551729598
-0.0153881407296647 0.00155279984613501 -0.881401202015088 0.0401870854795901
-0.0312978518093913 0.00785587682249741 -0.291566954839719 0.670257519406148
-0.0089422166736301 0.0107090878940853 0.268542226404291 0.44997085056024
-0.00980985153563482 0.0253439773588715 0.299186027531537 0.070285933337827
-0.00670863733955788 0.0327110390367426 0.0971847730293957 -0.199339131922428
-0.000592749375995399 0.0138153797385638 -0.0442028418936669 0.12898352431044
-0.00599823174208932 0.0269441865466551 -0.186947360685626 -0.0915049810472147
0.00321325773910586 0.00573829164295067 -0.172477051865621 -0.394884510570222
-0.0129643432907988 -0.0198489547239063 0.376327575311554 -0.43261056134599
-0.000891632350107178 -0.0329397883883456 0.773549355864943 0.170307647123144
0.00578938065281013 0.00629489970383517 0.347822658528842 0.81574612689158
-0.0105090856167444 -0.00220384647085348 -0.233141900904087 0.593636112334896
-0.0159293519782721 -0.0147081851019232 0.025761900877863 0.0741285915049735
0.00102707640887437 -0.019143407360248 0.17233650529955 -0.538421947206776
-0.00755707215814109 -0.00822435421563524 -0.470386551959966 -0.754151311057859
-0.022812832447604 0.000497578982927471 -0.881129206030526 0.0453052568223329
-0.0311788063963105 0.0177993719292492 -0.288858569206908 0.666343478910946
-0.0010378854272301 0.0237531449352141 0.270576281882506 0.44680192524033
0.000777627865278031 0.0332602959060514 0.297698204357317 0.0694178245992246
0.00350135690279317 0.0312747806559304 0.0901344228088564 -0.197737577143827
0.0056366014321675 0.0147474302911023 -0.0510938756266354 0.130630573684123
-0.000285234467448436 0.0321482807308873 -0.191001983946899 -0.0859714254617464
0.00681665443601575 0.0170618063068305 -0.17375343968689 -0.394643860620538
-0.0148629961282059 -0.0117052334142972 0.370087486694682 -0.444811025501136
-0.00513853981455047 -0.0356075646960025 0.774162977574404 0.152327097909523
0.00704353649994048 0.000320201364594255 0.357921670452399 0.806042918187393
-0.00646463305472487 -0.00343017751139634 -0.223154182111228 0.594346298885113
-0.0137830122490717 -0.0142909830358036 0.031926968175883 0.0709361342410724
0.00515770748278136 -0.0201519239389715 0.179500667908654 -0.541836900098135
-0.00743265901499157 -0.0153447978190402 -0.463181445200542 -0.762096673217453
-0.0273904207670121 -0.00121016076043288 -0.887017214847258 0.0270810017510803
-0.0304488122191847 0.0270306003787305 -0.299540372776982 0.657054039801424
0.00327974094349972 0.0356251310620026 0.267339064099412 0.44502923479813
0.00812823638428775 0.0395476590546641 0.294499999937945 0.0742811202953975
0.0122678363667832 0.0306823461356947 0.0814230747991639 -0.193592580921413
0.0118846195398244 0.0144860355028719 -0.0585423746764862 0.133645927799755
0.00364433025479534 0.0339653847866964 -0.19644374485132 -0.0773418786144789
0.00754200442520277 0.0246445161506579 -0.185809807768674 -0.393053523597648
-0.0146749880115221 -0.00470453712199078 0.354353916633325 -0.468206817320484
-0.00720671575051004 -0.0358535456641948 0.776839959583343 0.113151066688777
0.00930090131506865 -0.00354219117767826 0.387595550069766 0.78538248277058
-0.00464895471360376 -0.00294681271657522 -0.204145194517772 0.592658470920384
-0.0144451098987333 -0.0132226242255414 0.0373659083061807 0.0707661180801817
0.00760237796324133 -0.0216426071256593 0.195716101895558 -0.544395472050593
-0.00510340773925597 -0.0212793722322507 -0.440149157685757 -0.786857499638206
-0.0264615178939232 -0.0036565928015634 -0.889881526444051 -0.0129636836673431
-0.029893344100821 0.0330930543172323 -0.322787013565748 0.639514310763451
0.00314899349281805 0.0438464124360191 0.254456183810688 0.447871480013401
0.0115450696269537 0.0431544265914689 0.29025635928533 0.0835264285671505
0.0184023692539233 0.0305865946876179 0.0725552414524919 -0.187993248300368
-0.0188672959592542 0.00948796915526316 -0.0471948976439623 0.143216937250852
-0.0432234837920174 -0.00542787230028156 -0.208741428260259 -0.0806754742004088
-0.0321358447595528 -0.036674547684806 -0.248233274079591 -0.382812260856857
-0.00984130456077973 -0.0490330603505603 0.278596322880967 -0.5147997389944
0.0292383815121384 -0.0280415558417747 0.794657187479916 -0.0193929490181112
0.0170065098173857 0.0390127333365876 0.499511816988572 0.699057442703318
-0.0358012408691078 0.0168140699277931 -0.145704791050814 0.601100403025098
-0.0455931246120566 -0.00981896004225255 0.0283240953816469 0.0830028692507767
-0.0220403079892714 -0.00463605364539365 0.238763226717534 -0.531807567158184
0.0015653133567548 0.0247236038409019 -0.339528005942405 -0.868501411566783
0.0203928574102303 0.00601149260930904 -0.89388923479525 -0.139671879145454
-0.0243381992850101 -0.0197048954617633 -0.407427518208039 0.613725296502118
-0.0379143282579162 -0.0293015897242838 0.208454379969197 0.48556521289612
-0.0422348376524225 -0.00668289389030256 0.290925414470594 0.0994108760785173
-0.0204567536292857 0.0286047997467608 0.0944349278773722 -0.190251240229389
-0.0189900005789506 0.0099735620372184 -0.040884526026813 0.138039072104971
-0.0394813828584897 -0.00200410395112359 -0.202641204825222 -0.0895011419578109
-0.0253109028587316 -0.0367953425365227 -0.228454318313629 -0.388070729613087
-0.008300106400184 -0.0486422706739235 0.309175004715536 -0.490127551801906
0.0263936301535519 -0.0267157425531327 0.797211044189788 0.0374695167892562
0.0126894083709284 0.0376506127816394 0.460769453997942 0.736567310663337
-0.034576711895074 0.0138362075125259 -0.173631571881921 0.603706232982815
-0.0411725460003497 -0.0103083807533501 0.0229719173068426 0.0835722884143077
-0.0194128849775369 -0.00511759266292806 0.217167257804657 -0.532465249946346
-0.00115119823406312 0.0231138283073076 -0.382735795308911 -0.83486724130968
0.014259992610532 0.00440421087030532 -0.895460940667781 -0.082451332333557
-0.0272111481326895 -0.0175899684861024 -0.370600888357838 0.638544114155195
-0.0332650657402681 -0.0239355197037018 0.229151073226801 0.478900188344955
-0.0382594941811231 -0.000909965627160142 0.296361715575779 0.0889569506319348
-0.0235188200448237 0.0314593255885549 0.100928030979684 -0.194602501095848
-0.0172200371829659 0.0105598259132028 -0.0368685363748461 0.133730636656677
-0.0321726513914992 0.00257704839816153 -0.195846992875306 -0.0941305570912028
-0.016832707105224 -0.0309121999671401 -0.209205502773971 -0.392708191936638
-0.00759531277265332 -0.0455431625174303 0.336861649284845 -0.467886593229973
0.0199205194618353 -0.0263609507177362 0.795079752256501 0.0916780721394064
0.00862991846863682 0.0318181807672633 0.417513705761568 0.77205175378281
-0.0293598794618343 0.00931393873789209 -0.20059366919231 0.604056075072008
-0.0352058209127231 -0.0117487741778991 0.0209580470631449 0.0812111944425139
-0.0140743934162863 -0.0079255403231691 0.196267275566332 -0.536311000565945
-0.0028880043485494 0.0173526449911138 -0.422360608070864 -0.803862938525224
0.00453678477972649 0.00326605447104659 -0.895049579665825 -0.0246519327082039
-0.0307836870737739 -0.0105453087802402 -0.335264503813314 0.660782159798154
-0.0266245691377362 -0.0150689535910841 0.2502787676849 0.469223439691611
-0.0304571103434074 0.00787562642390275 0.300413026915635 0.0791590692272219
-0.0203458241155685 0.0322789221789227 0.102383709513505 -0.199661811556596
-0.0131141531338658 0.0117888654461846 -0.0359511155127306 0.13159053689927
-0.024053090242996 0.0112944905844007 -0.19134700698097 -0.0964118947689539
-0.00864296068605422 -0.0204345155766108 -0.192978479758968 -0.394058086494158
-0.008794292097164 -0.0385159379335066 0.358521198494068 -0.449073536081214
0.0133065865223561 -0.0277163465695209 0.789858973816258 0.138007940543913
0.00574808868031229 0.0238696828476739 0.38584647883508 0.800209212219349
-0.0237556795274335 0.00461618558795848 -0.219455195362533 0.604659848831401
-0.0284541295862233 -0.013424004921395 0.0197285539025923 0.0799162271650757
-0.00994194390004994 -0.0108653943761997 0.179497366679046 -0.537906782265514
-0.00541045808109504 0.00912791767720891 -0.454181373112801 -0.775360573254102
-0.00637107427885727 0.00148065564915722 -0.890369986456135 0.0175339903707307
-0.0319032342874066 -0.00216249281353179 -0.308539065777763 0.6733303967488
-0.0180447909816964 -0.00269578122258225 0.265382371125858 0.460525446220276
-0.020646537861875 0.017265514691034 0.302038970582793 0.0730291015257109
-0.0135985697114763 0.0326074787668457 0.102096238607276 -0.202730396583228
-0.00782845353054425 0.0128583858030814 -0.0386336701264268 0.130695446110133
-0.0145227093320411 0.0190641966591659 -0.189176333140644 -0.0947332945837242
-0.00231819726957546 -0.00743462520726001 -0.181953354855414 -0.39542808986153
-0.0107070738355789 -0.0300641322497393 0.372098691374922 -0.439409304704096
0.00480254621611003 -0.029737764349466 0.785374201028832 0.161786682097893
0.00580522613687423 0.0152325389283105 0.363251853461276 0.815065081129531
-0.0172448581906247 0.000494006578706675 -0.23149328006104 0.601631588219792
-0.0213802344631204 -0.014286193188882 0.0222380215611154 0.0773698168755815
-0.00359433936074933 -0.0152411169822159 0.17095580266354 -0.540432988927922
-0.00701874125257228 0.000110757885681597 -0.475863059307304 -0.758852215565955
-0.0156490133515196 0.00134191214002432 -0.889687791689028 0.0485585696683875
-0.0316693213144876 0.00770739303939249 -0.289209496322433 0.680672433561767
-0.00931434012408664 0.011067013094497 0.275970841260792 0.452478384289985
-0.0090243652215791 0.0264881801303293 0.303660913379611 0.0671042111158845
-0.00579034970484136 0.0326119128457777 0.097413521760377 -0.202336804711104
-0.000847859043367663 0.0148061838378547 -0.0441711628286908 0.130875576962676
-0.00623747480663306 0.0277714905484012 -0.190388976253067 -0.0905864567863772
0.00356444057401743 0.00569726932517703 -0.178149038716881 -0.395231605813721
-0.0130921356130734 -0.0208086189534847 0.377388519367145 -0.439623516212394
-0.00118816047784639 -0.033313850362454 0.781903664744292 0.165074837856162
0.00554641659972074 0.00611466389945142 0.355421666972762 0.8200607159035
-0.0111830172831445 -0.00168504041570141 -0.230912480529058 0.601556059142418
-0.0167318836252884 -0.0141379739814388 0.0255115700641735 0.0746918512348852
0.000642420991905736 -0.0182424844085131 0.168372912114002 -0.543906246540163
-0.00848237247935346 -0.00871105773993836 -0.482787363167373 -0.755716682021723
-0.0226645661641163 0.000780566283152026 -0.888252462528073 0.0537188786821687
-0.0303806723832004 0.019895186534166 -0.284696199449106 0.677049456984826
-0.00175045678616534 0.0247949427719954 0.279349545570359 0.446278267944241
0.00102856375462318 0.0343766862648752 0.301551440081643 0.0675071250897435
0.0038429358715031 0.0321551783859351 0.0906669152110104 -0.201160087354265
0.00667515404773638 0.0152897703993933 -0.0507414371033783 0.132031447228174
0.000566439377430361 0.0331026272252876 -0.194206617263982 -0.0844347302546676
0.00670072949179391 0.0169702708941974 -0.178904551618499 -0.394555153194529
-0.0146043549809621 -0.0116433500575742 0.372458603490905 -0.452333551933448
-0.00572638226904966 -0.0356601675968845 0.782122649418039 0.148326379406817
0.00733803739501424 -0.000370816698046136 0.369371095175615 0.811773541416931
-0.00669934467200128 -0.00320012540622959 -0.220785573766562 0.600527175935423
-0.0139984268263016 -0.0139825439394695 0.0325402085279227 0.0720563413452806
0.00426500799164138 -0.0202758257738946 0.176707304316931 -0.548118983603345
-0.00747599759807062 -0.0162963640650497 -0.474320616910787 -0.765308217455692
-0.0262417746493774 -0.000942556351741272 -0.893116017819492 0.035132106722151
-0.0301355619977634 0.02799659719419 -0.295491504077439 0.667465326056426
0.00301750328951285 0.0358054608687951 0.275522468038705 0.446926375324134
0.00843207386998104 0.0400438038840473 0.299468438763042 0.0727056441439727
0.0136747237897032 0.0311230794697166 0.0812479824453881 -0.196184353011129
0.0123292860507867 0.0146231171327951 -0.0584314691550971 0.134687530775206
0.00511413980001473 0.0348710597660967 -0.199281016459751 -0.0763358552196136
0.00869321167601926 0.024527534324227 -0.190568878580904 -0.393996829771438
-0.0142157309790273 -0.00422245759437567 0.354045133329718 -0.475218994861353
-0.00726224179771467 -0.0365978877941557 0.784929231472236 0.107044759828539
0.00980246044639336 -0.00386432078395374 0.397868342420287 0.788366200101704
-0.00499090184879999 -0.00309280140972946 -0.200458798098836 0.598467032104047
-0.0138807910837856 -0.0120670395158786 0.0385711748256272 0.0704909700604584
0.00636268055617958 -0.0213288654021666 0.191917241920909 -0.548310776595711
-0.00501877577083995 -0.0215864344409167 -0.452233791563756 -0.790710324153137
-0.0272535928710694 -0.0034728288195893 -0.899641014300369 -0.00468688712712678
-0.0298298553236267 0.0337161135685491 -0.320844407695432 0.649965285784401
0.00283169214751166 0.0441707424212143 0.262216620432531 0.45027079603278
0.0127045270321117 0.0444003769972464 0.295006084911547 0.0814894520804994
0.0201280491120093 0.0308472283011549 0.0721823879719074 -0.190101539558334
-0.0179448253223724 0.00964718208546891 -0.0461307754646399 0.143912692512455
-0.0427833076403515 -0.00472022066125802 -0.21254831865839 -0.0790409850851617
-0.0320378847581498 -0.0366972648726189 -0.254637689969426 -0.381984843356526
-0.0106563530992115 -0.049165667842368 0.276800809522773 -0.519723789438267
0.028736559662805 -0.0278539034115472 0.80274141445749 -0.0282035910333932
0.0178054845199851 0.0387930132303868 0.508987438493875 0.700639940249362
-0.0362033977071883 0.0174694041923405 -0.141909031086037 0.606816080570844
-0.0459542128015622 -0.00890377055288605 0.0288481833113636 0.0835356124140845
-0.0232518638078412 -0.00408050465152171 0.23447557311568 -0.537763810284518
0.000944079563559505 0.0253693863462468 -0.352192320468038 -0.871541130295287
0.0211696687701176 0.00475389957283576 -0.904721979414643 -0.132300732132322
-0.0244737376009561 -0.0186093681079133 -0.401998083402538 0.624709829483396
-0.0383444043780523 -0.0283299740165457 0.216795042158265 0.487676191223333
-0.0415557061818049 -0.00596517191071504 0.294280231230187 0.097338353092341
-0.020426919330843 0.0298058073075641 0.0941724889020272 -0.192515650277972
-0.0196846753669923 0.0104563446217263 -0.0406510439704384 0.139680185127084
-0.039546951339116 -0.00227519497717215 -0.205265217113377 -0.0881107630012785
-0.0257585728514575 -0.037269155814576 -0.235314529069572 -0.387292930352081
-0.00831982671717047 -0.0492318552014309 0.307620013269402 -0.496779446423375
0.0258905786361928 -0.0270773258038052 0.804310733992308 0.0300600650095119
0.0131128951713209 0.0373877945769722 0.470362094229395 0.737934327400244
-0.0345336844446834 0.0138721790553256 -0.168337186301376 0.609807822967692
-0.0412221005954263 -0.0101240447984405 0.0242316193657346 0.083004464238493
-0.0201946868208594 -0.00487442663195039 0.21316727203053 -0.538713909340517
-0.000587172772248991 0.022309295235424 -0.396189041860293 -0.838991870295208
0.0142362245063844 0.00457115021654807 -0.903028407997116 -0.0720785085032437
-0.0272722597690632 -0.0167743827894469 -0.367242326377447 0.650063664229112
-0.0343497950645941 -0.0245872912441783 0.237142461519147 0.481360076346678
-0.0381512114684258 -8.83189480778562E-05 0.300319364165566 0.0865217871710589
-0.0219801795102694 0.0317199012557813 0.0995543312606975 -0.198166714231671
-0.0177743581216416 0.010699133101301 -0.0360359512224484 0.135324010026094
-0.0330431909511227 0.0036813814898719 -0.199710074958936 -0.0928351160105559
-0.0177251141075902 -0.0307664914909253 -0.215686195806138 -0.38996933607385
-0.00806290685132912 -0.0452670069734135 0.335047757281586 -0.473078524798906
0.0197746688820942 -0.0267490841431863 0.803753324625195 0.0844981611166187
0.00945585485660251 0.0313388928434803 0.431098304378936 0.775001695288981
-0.0298541799357419 0.00999301492317055 -0.195110920418887 0.608995342881015
-0.03486333802556 -0.010873071211423 0.0212884696336721 0.0820468572090086
-0.0161105100441683 -0.0073571796814715 0.191954356609104 -0.540302334736429
-0.00336237345149991 0.0167187740610657 -0.43518666770539 -0.804814078135651
0.0043290819383065 0.00280525620808975 -0.900830998106486 -0.0142295124979106
-0.0307275987663319 -0.0112241883954538 -0.331026795019488 0.671996422798539
-0.0271857951959275 -0.0149035484376348 0.256580143429008 0.470587992997834
-0.0307817514214015 0.00843486027162979 0.304317289996948 0.0757759520080512
-0.0189229853140611 0.0324879683665555 0.102371013233525 -0.202903940683905
-0.0131529293872916 0.0122469878469997 -0.0347268385734772 0.133233676288418
-0.0230921266558589 0.0112429769087216 -0.195089369148383 -0.0950893477883876
-0.00861352415817602 -0.0205988035561038 -0.199610327877763 -0.393117073939766
-0.00889040651511369 -0.0390971414293304 0.356993150709501 -0.455849226488392
0.012651885456411 -0.0282695802547946 0.798614943786904 0.130065015502977
0.00761389464623457 0.0236945661292159 0.397009207761799 0.801810665338819
-0.0234850067918108 0.00538734490637434 -0.2154915231698 0.609956950335484
-0.0278288161359193 -0.0125483663161094 0.0210415291284304 0.0797785287922562
-0.00997315460953812 -0.0110917404670373 0.174709094588131 -0.542935664372106
-0.00616109418675193 0.00952688464365496 -0.466122049763821 -0.774537011075764
-0.00608612559874821 0.0020671406591994 -0.898483816663052 0.0276242600528393
-0.0322521633131206 -0.00229261937395929 -0.304968247952047 0.684295433609188
-0.0181545276234471 -0.0027370467425515 0.272341906363126 0.46022000266422
-0.0207903526736754 0.0180109258303284 0.307469508764464 0.068657944243208
-0.0125740344151595 0.0333523664854474 0.101338368375407 -0.204792470326102
-0.00738291019668181 0.013674916045044 -0.037625408642673 0.130902749122106
-0.0138264863142029 0.0197106060926965 -0.19308572093994 -0.0932014670796506
-0.00165359430421517 -0.00736903933732804 -0.189050625138465 -0.39403630932305
-0.0107144492024011 -0.029250672474011 0.371075799640968 -0.446632221700018
0.00492380925290428 -0.0303142262378212 0.793656303620078 0.155843605217088
0.0064035744353802 0.015361200770167 0.374332923381576 0.818522436338455
-0.01719078836638 0.000531149852370585 -0.226048579955929 0.611170042802165
-0.0215381651867299 -0.0132808988749711 0.0229275318359587 0.0776282206631913
-0.00452597570156162 -0.0156400785891854 0.165737746375539 -0.548086821116522
-0.00743483126098344 -8.30683163347348E-06 -0.487580059819021 -0.759399444737108
-0.0150447157004533 0.0016318476518491 -0.896112891268098 0.0578608334021698
-0.0309810462516499 0.00842604092912965 -0.283977223083582 0.690698489969093
-0.00898620867569931 0.0108449286301971 0.285190226288019 0.451371307761915
-0.00893229631307717 0.0264619951555311 0.308124564036545 0.0639946749062917
-0.00408751080329745 0.0329129038588333 0.0961013394448292 -0.206012551056363
-0.000559947779115363 0.0144232801655972 -0.0432134086676219 0.13166248068461
-0.00541870135667693 0.0276431984684202 -0.194610121175201 -0.0893894891719994
0.00352118195253004 0.00549989678821329 -0.182067666567537 -0.394851656608423
-0.0136139593106303 -0.0201942537400592 0.377240195622965 -0.447131819891476
-0.00146458346748189 -0.0340606129414002 0.79145980100562 0.16007717493653
0.00629350458817641 0.00650509135206447 0.368154130416624 0.823410073602662
-0.0109765286222081 -0.00265353599012511 -0.226346700719627 0.607572559980901
-0.0167389106587456 -0.0131021261897558 0.0275640159408072 0.0745859971946419
0.000381650384854708 -0.0181328647940916 0.164039760327363 -0.548687300784836
-0.00922502608966278 -0.00900607423009433 -0.495101380658211 -0.756323592241367
-0.0233099815404333 0.000685877436794411 -0.897298262774261 0.0640313152992734
-0.0306486231512567 0.0188916875731154 -0.280829226247362 0.686322931322026
-0.0013325880090552 0.0246925080576378 0.286358567406082 0.448457706001225
0.00130877504822481 0.0347507332351072 0.305921784911809 0.0646195545376393
0.00544265853704891 0.0320851737382853 0.0885466647213863 -0.202642012849629
0.00641255696884304 0.014985430692047 -0.0508232594561024 0.132607328379251
0.000595088951790876 0.0333780638951908 -0.196655612911333 -0.0826281223746174
0.00693170848816133 0.0171804070283009 -0.184514760857411 -0.394428841829401
-0.0152951896610187 -0.011007580324116 0.369822023746606 -0.460245698756914
-0.00581763979427303 -0.03579139806293 0.791763060890755 0.140186133038965
0.00796052154607524 -0.00062830758239066 0.380772965805529 0.813819960326458
-0.0066026032933978 -0.00306116396227609 -0.216059951903714 0.607367530010828
-0.0141628677603679 -0.0129464886528813 0.0339496762534224 0.0725249237577678
0.00404997330466148 -0.0208462769453834 0.171573943197422 -0.553630104368223
-0.00894054591153182 -0.0168416241303296 -0.486614650703956 -0.765767572546079
-0.0269931612085264 -0.00152463211983763 -0.90059543359905 0.045568116610199
-0.0295011763088691 0.0276404574286689 -0.290457768505409 0.675671956522956
0.00319921036711481 0.035618899408139 0.283931895301046 0.447295193135379
0.00961546115143145 0.0417211901623869 0.303531740072559 0.0706384178627711
0.014624023374556 0.0312405265545206 0.080276996278109 -0.198729172573259
0.0127358695472985 0.0146437006002493 -0.0586226588858397 0.135875682350007
0.00456895109678911 0.0355083744786217 -0.203050837642848 -0.0745626482968824
0.00878887637705295 0.0250108011438264 -0.196712370783199 -0.392950197496524
-0.0151050524775279 -0.0044345281458047 0.354039181550789 -0.48333266820492
-0.00771778346845334 -0.0365976975821912 0.792969491991584 0.100533488511698
0.00970356617946416 -0.00389694321463956 0.41012689638558 0.791586689194527
-0.00510954232301029 -0.00287428357425542 -0.195777803963037 0.606807022552829
-0.014275876049755 -0.0121577318888309 0.0399226087467995 0.0712183547045895
0.00597594508829642 -0.0216554703736913 0.186835041075017 -0.554370348811109
-0.00544498813656519 -0.0216148762910523 -0.461949503164487 -0.79252568282342
-0.0265990949256352 -0.00354733954886841 -0.908330127128394 0.00464159043737053
-0.0299272600797982 0.0340266986813252 -0.315434823917182 0.657718543199885
0.00338582450962944 0.0440404021710525 0.269669850733432 0.450632989646156
0.0137029224495884 0.0455671116955779 0.298736466085112 0.0785733815140577
0.0209794540638698 0.0309878725339184 0.0713198736258603 -0.192882840680427
-0.0186652472492226 0.0105523737514036 -0.0457298229311911 0.146118033397116
-0.043338833608209 -0.00414917279206486 -0.215826952476015 -0.0769254255427452
-0.0328430868795408 -0.0365777265758316 -0.260196731726229 -0.379422024508508
-0.0117593014556567 -0.0489954770989085 0.273103101090755 -0.527286260236955
0.0293210959826871 -0.0291512577279872 0.808499637309855 -0.0362763350958589
0.0184899120935066 0.0389354368394631 0.521207914577162 0.700609522874986
-0.0365494132601318 0.0179836181780696 -0.135496997306553 0.612537304771059
-0.0457794639229218 -0.00709654541185441 0.0303765441639339 0.0835017210266216
-0.0244190961569512 -0.00391272649860381 0.230638493413221 -0.54201769045329
0.00151917485429252 0.0240857568660938 -0.36587100325244 -0.874666059058711
0.0216150085329308 0.00510429608633015 -0.910741342519205 -0.12270844613384
-0.0243906227144613 -0.0190777370941488 -0.398746068479989 0.633568188152793
-0.0387779502516549 -0.0279561004353634 0.224529925341344 0.488978471719566
-0.0421309761044744 -0.00436499997684212 0.299195983434882 0.0935598673485219
-0.019210328311431 0.0305284906155382 0.0940568171489165 -0.195239703474309
-0.019152645647006 0.0106527362770753 -0.0391223892970108 0.140979007185886
-0.0391029918762344 -0.000640672754667058 -0.209641350727204 -0.0852275945012436
-0.0265784047695806 -0.0365988874819162 -0.242726115115789 -0.384130983274308
-0.0093922555308391 -0.0492574369179866 0.304834207680272 -0.504302295356345
0.0261826365906945 -0.027848554744297 0.813941925474422 0.0227203525900503
0.0134222473342746 0.0371927043337 0.483810442581785 0.738175349195039
-0.0342887764796296 0.0146012968909365 -0.163625147361215 0.61478211985899
-0.0414179819230896 -0.00855096351065055 0.0241211780479563 0.0835365949012353
-0.0209578107006849 -0.00479659805279509 0.207980548704926 -0.544976143059762
-0.000824794431118745 0.0222375614619428 -0.40905966411671 -0.839548952111567
0.0145852648812899 0.00411826482138454 -0.91060472274523 -0.0614769178466993
-0.0280473702732416 -0.0173983401323403 -0.36317954386853 0.659481669050197
-0.0351557052583539 -0.0246394937386019 0.244857817967521 0.482173032498722
-0.03822587803146 0.00181049542177646 0.304521827883603 0.082722761912646
-0.0209055705787862 0.0323488609757965 0.0983662917450091 -0.200799522218716
-0.0175219446920834 0.011259250522125 -0.0365969599245936 0.137163609851948
-0.0321256085680133 0.00401875138731576 -0.204030632486995 -0.0903193541276035
-0.0176831364309207 -0.0308020426967645 -0.222129192623273 -0.389116160950099
-0.00836944193955701 -0.0456018123691951 0.333573899529114 -0.481515889273862
0.0199638901268975 -0.0274077781258996 0.810972947557903 0.0756586834205134
0.0108424533544714 0.0314882594868574 0.442262067467515 0.775675379383839
-0.0300333496093714 0.0103927061363969 -0.190239480523318 0.617204810210348
-0.0353526238209929 -0.0102340195510953 0.0218380144582766 0.0817854659745949
-0.0163369482744242 -0.00678614973080992 0.187605716025631 -0.545911023745867
-0.00288454970871886 0.0165149542686825 -0.447195220734094 -0.80548186450268
0.0047808464774566 0.00280213798901562 -0.909683465847708 -0.00414640106056541
-0.0304777750096859 -0.0104355156857754 -0.326120818982649 0.680880530544758
-0.0276834630035869 -0.0152503449591768 0.26565449456613 0.470059693543299
-0.0302874502694508 0.0097211470250046 0.308590214694769 0.0723459591834056
-0.0177791145096706 0.0342219084380886 0.100838158845854 -0.205522918650581
-0.0131612604801815 0.0122902106108301 -0.0347076385999364 0.134452746467284
-0.0229296503012325 0.0118561326294256 -0.198328395625304 -0.0926400418139663
-0.00887666842464114 -0.0214301067782937 -0.205164903027199 -0.390888613599273
-0.00936576330067646 -0.0392508916294411 0.356065986058081 -0.463788185434335
0.0125500005661319 -0.0291702770829196 0.8079136952553 0.121294937688488
0.00762007522566558 0.0239388342583088 0.409549040868159 0.803553430457137
-0.0240974537855883 0.00492888172858657 -0.211685642025605 0.616847572997442
-0.0280474418761372 -0.0113741209010017 0.0219849695267398 0.0811401818345236
-0.0113602927040037 -0.0111115161458611 0.169766531026345 -0.548600536938087
-0.00597771148523046 0.00870559064938248 -0.477343700590772 -0.777458601260525
-0.00530267093334277 0.00178103119209555 -0.903935874866699 0.0406953077791638
-0.032438682567951 -0.00185561086600161 -0.296251928183634 0.692015014785379
-0.0193760127463051 -0.00279298938775836 0.281923974781083 0.461613665549859
-0.0197994694809846 0.018907841416879 0.311717727149605 0.0650261377411044
-0.0119437355038596 0.0345736042546073 0.100300634369372 -0.208516814084302
-0.00687901528355607 0.0136606409789561 -0.0371240515545131 0.133004468618877
-0.0140396046981733 0.0203714476120378 -0.196965266278306 -0.0919114985106431
-0.00151362847725173 -0.00818696577016026 -0.193851943020695 -0.393897977215457
-0.0120986885424819 -0.0301760141821349 0.370856216328669 -0.452089282296918
0.00484535616286417 -0.0312941320360101 0.802759018424536 0.147036175713481
0.00591722058583015 0.0144333932470784 0.387359587170588 0.820264379629702
-0.017239870139977 0.000967879971620886 -0.22182900956806 0.614777817199476
-0.0217869523365663 -0.0125184809547499 0.0233095856652683 0.0774234942445961
-0.00603835431644217 -0.0152615879848558 0.158572133054015 -0.551794065538956
-0.00776072242345085 -0.000640328881511998 -0.49873846393873 -0.761877666298599
-0.0146257982223611 0.00142850397147315 -0.901486064409071 0.0680964089998593
-0.0320532384968825 0.00910198331893407 -0.277939688134615 0.699872018651046
-0.00923426689747956 0.0113142498484716 0.292328077007355 0.452488030014866
-0.00782294174952378 0.0280440333087866 0.311642673373603 0.0609961130490222
-0.00358022779444865 0.0337113661901601 0.0949943268791802 -0.208919879234966
-3.2620641510456E-05 0.0145458812142973 -0.0427922840761864 0.132754361312412
-0.00535346602817004 0.0289190980392564 -0.197408759753177 -0.0875741651734963
0.00429116658625543 0.00526064536749724 -0.188188324067971 -0.394600034289458
-0.0138111654702285 -0.0199741791591799 0.375792540012946 -0.452743403386602
-0.00163894190273995 -0.0335193799317978 0.800050070003718 0.150421565689304
0.00691202414271801 0.00622057102984772 0.378691727494358 0.826341236648262
-0.0109788429246763 -0.00209083596872825 -0.223274275472708 0.613894784820347
-0.016510012195532 -0.0133358862025428 0.0283736720643672 0.0747319880437876
-0.00123745876703791 -0.018557561595259 0.158520268535698 -0.554730757700838
-0.0083625226094168 -0.00998446761696068 -0.508166218866069 -0.755522076059212
-0.0220718316041925 0.000403577091703741 -0.902553677116412 0.0735661965036013
-0.0303626798739748 0.0197516383210942 -0.275672971253356 0.695273312440561
-0.00180209800443275 0.024811787406098 0.294825918376928 0.448285981525341
0.00298629573735432 0.035568747954868 0.310269201978683 0.0619579102559729
0.00666609746686174 0.0324931023904271 0.0881802402957581 -0.205789536995587
0.00714105987281998 0.0148447095821834 -0.0498800671440339 0.134593677158542
0.00152644183026074 0.0337857747818154 -0.2004441788749 -0.0813092770517351
0.00769829185905315 0.0173683099812082 -0.190698282929809 -0.393707271601642
-0.0158055517980182 -0.0113621123234789 0.370437219494388 -0.468163263416836
-0.00657254331663741 -0.0360796865376265 0.798125367915229 0.132346117547931
0.00889219829256261 -0.000623304826466928 0.394012426937806 0.815310156933281
-0.00715030318815974 -0.0031151954958441 -0.211694704202651 0.613722658015295
-0.0141795416978693 -0.0129672506365544 0.0347905742475498 0.0720450754606818
0.00307974477469463 -0.0203562720888268 0.165901457881865 -0.557600572091503
-0.0094292508918838 -0.0175085994394532 -0.498902341081312 -0.766848533518072
-0.0265466910472541 -0.00105896552085471 -0.908094648359205 0.0555412400604186
-0.0303126758107608 0.0286624142494326 -0.284562434643179 0.68547006343423
0.00373937583312426 0.0368697347702572 0.28958917775033 0.446172154671962
0.010837600655148 0.0425197714571763 0.30664180785971 0.0669270460879416
0.0154087892216012 0.0317482311738491 0.0790625486318535 -0.201646712451921
0.0130065561570148 0.0147825079687867 -0.0573632778222582 0.137395415475418
0.00590982708989569 0.0359809726038682 -0.20620348574874 -0.0723273872449814
0.0100475586498518 0.0246144997189481 -0.200241797045978 -0.391969008129555
-0.0151597036616197 -0.0037108886819735 0.350942195772547 -0.489746014935525
-0.00843368172986585 -0.037341554232636 0.79971639463843 0.0917976995568224
0.0107867403032677 -0.00482834080395019 0.423697690604135 0.791164398110883
-0.0057590724153451 -0.00312173175880939 -0.191021277802072 0.613042142300325
-0.0143498700717985 -0.0110932353970852 0.0406292137597604 0.0704529495112223
0.00499209098550757 -0.0211344564083954 0.18110619043281 -0.561111121616417
-0.00631908469338048 -0.0224825412487757 -0.477397062406633 -0.791577938181176
-0.027626651606434 -0.002805223618011 -0.915509303007697 0.0150106368347652
-0.0297232915234636 0.0348116014882647 -0.309661756265836 0.668151857764787
0.0036041228411644 0.0451078324470258 0.277987681550589 0.451212245532958
0.014711268108478 0.0461985824899779 0.302789526937531 0.0753470201804684
0.0227205423847457 0.0311799133278776 0.0700843311866605 -0.195559341372056
-0.0177276271872796 0.0107275235001246 -0.0449184189550364 0.146357312734257
-0.0441527065845027 -0.0029222396107878 -0.218863918833247 -0.074822909006703
-0.0332011955218411 -0.0370199084585696 -0.267223673463885 -0.375878586793634
-0.0112757024711032 -0.0493995023420778 0.267445502808005 -0.535851680101972
0.0284633851706485 -0.0298802333501587 0.814831321565695 -0.0478536547343376
0.0203677880559429 0.0386004471899164 0.533029678842503 0.695913280048699
-0.0371137619404109 0.0189200361388374 -0.129740397192841 0.617310436397874
-0.0463455253828569 -0.00658804593178305 0.031121515636022 0.0840565093957614
-0.0253795994780637 -0.00361913408468566 0.224969192444399 -0.548413991136815
0.001589296427945 0.0241830020486021 -0.378143381174446 -0.875162730647669
0.0222063377370928 0.00435092761914821 -0.920948249986604 -0.11283245618877
-0.0246484740040475 -0.0185179805083198 -0.39330393339482 0.643157062124597
-0.0398930492718217 -0.0280522043461465 0.232354938035847 0.489868076796432
-0.0422039858761806 -0.0032113636831869 0.302508053943931 0.090860938383427
-0.0180272460264166 0.0313147881688187 0.0924891400615413 -0.198533900256592
-0.0194450692804471 0.0110571938894683 -0.0386331572850811 0.142184201114566
-0.0391744681997725 -0.000185643592689006 -0.212464365205258 -0.0826799948740391
-0.0266978785616085 -0.0368238158222483 -0.247742749919831 -0.382016172308509
-0.0109010435693778 -0.0495700144119314 0.301776956943028 -0.511585836097143
0.0259959696570586 -0.0281995277303113 0.818032184346528 0.0110340459743415
0.0150784309440311 0.0367222095248344 0.496682872486439 0.736007284411524
-0.0346359286201127 0.0147291128718578 -0.159309057081085 0.619876489191427
-0.0417155942684388 -0.00778423243242172 0.0260090512007704 0.0835115274076567
-0.0213850808440558 -0.00449710317010939 0.20166568657331 -0.548350739868073
-6.50020208910369E-05 0.0219954211067223 -0.421563705662987 -0.840642565296239
0.0149734059792581 0.00327443621125487 -0.917830647364207 -0.050972336571652
-0.0286665254526516 -0.01642090418555 -0.356618695500477 0.670988533985606
-0.0354302472894759 -0.0243438217659963 0.252951995185935 0.480690994026344
-0.0380128170084849 0.00276734256437195 0.30932213720734 0.0791603358253406
-0.0190234533576109 0.0332320753629781 0.0976271639169577 -0.203542277247813
-0.0173341649448192 0.0121437851375995 -0.0339802380638491 0.137781557699636
-0.0323981935114524 0.00483908517071296 -0.206792467653243 -0.0881470581778346
-0.0178334491817263 -0.031535480137874 -0.228975121604594 -0.388179664027606
-0.00968728075770537 -0.0456580726017635 0.330930204365482 -0.4885375991087
0.0196777304279809 -0.0281372264959895 0.818806677030394 0.0673380408153263
0.0110698986576774 0.0314926020010187 0.454039928479772 0.775649881242002
-0.0300887371431609 0.0107950820967672 -0.183590429445231 0.622329536795091
-0.0356209759811924 -0.00974230308427266 0.0233224868785586 0.0823551575582683
-0.0173041732043418 -0.00725127097697303 0.180911192314456 -0.550655207836789
-0.00288682097934164 0.0166533611297019 -0.462435638693193 -0.804621454179506
0.00573832155741445 0.00293878820918884 -0.913791210409135 0.00709081150885129
-0.0311534320864377 -0.010355283503343 -0.320058876964819 0.690398732940024
-0.0287461334407675 -0.0147531814656078 0.274163507303792 0.470747537978268
-0.0301959052304929 0.0104111138520587 0.31270491050181 0.0684915068042762
-0.0170320880301488 0.0343454322326441 0.100029282283656 -0.207356730557637
-0.0127294568434758 0.0128482279226095 -0.0337887440149123 0.13532566157597
-0.0232332004592554 0.0126373444536306 -0.201936577318849 -0.0899246147254898
-0.00965908660667077 -0.0210462079158853 -0.211299873500386 -0.390948982804123
-0.00993178255677986 -0.0388150770193023 0.354363340620438 -0.4701709213925
0.011962014117956 -0.028353538635858 0.81448275924521 0.110958519219687
0.00794337560875767 0.0232856220385368 0.420040733734442 0.802982997355438
-0.0237201733451358 0.00525706727595909 -0.203534644819848 0.623049637662067
-0.0285669583480544 -0.0112446600561127 0.0221636457301599 0.0810008137553692
-0.0122976416467724 -0.0109497304816585 0.165042700924385 -0.551704139599758
-0.00638106757125404 0.00858678791173637 -0.49180578549365 -0.775134973674024
-0.00528419559793926 0.00185787897272692 -0.909657921383052 0.0519635836747207
-0.0325438771738567 -0.00117119712684848 -0.290823386532215 0.702074588923326
-0.0191119767036975 -0.00296064129521324 0.289292243542312 0.459402548516091
-0.0192640867714386 0.0199574186004664 0.315420210644657 0.0602770861087284
-0.0103759411504513 0.0343264574285852 0.0990345988651566 -0.210704612868901
-0.00651124423859405 0.0141827574074078 -0.0356250121714009 0.133689037405346
-0.0129894174210661 0.0208320674586665 -0.199432218513733 -0.0898866888134746
-0.000809595094335246 -0.00832508071605211 -0.19931418178354 -0.3924108867707
-0.0124054354273622 -0.0294037943146457 0.36837804423703 -0.460202963634255
0.00440756956698209 -0.0314129623521477 0.810830605894233 0.137803987519711
0.00707216091772113 0.0141567693615872 0.398682982574503 0.821476740041596
-0.0169576182730392 0.0016530141710665 -0.216814105413609 0.622284517007035
-0.0216354475520271 -0.0118855411707403 0.0249684683633325 0.0779433965168148
-0.00648401064628205 -0.014594100630376 0.153680974527556 -0.554930193983468
-0.00863414036098868 0.000227904569902293 -0.514279450178844 -0.758855607983657
-0.0145793888400583 0.00145349971187498 -0.906798906689434 0.0795945741766664
-0.0322629031710313 0.0101940843884514 -0.270195085323624 0.708288013824091
-0.00935123656568471 0.0114243657868402 0.299797524961747 0.451732783079605
-0.00770082684422523 0.0292725576078017 0.316048357722092 0.0569869364234177
-0.00151735722232361 0.0345855142255921 0.0937285748588652 -0.211172691744017
-3.1120179842374E-05 0.0149418444158241 -0.041779398499547 0.13369608259712
-0.00445978343749223 0.0283800851784348 -0.20012826061627 -0.0848166848302861
0.00416937909597058 0.00553549201056553 -0.194640164731298 -0.39227676926308
-0.0145060927135069 -0.0197839206763342 0.373769796207249 -0.462507542385688
-0.00231064120036265 -0.0340972971875847 0.807531644606427 0.142141920099268
0.00730929320614426 0.00554821573750909 0.39166050156256 0.825138459939306
-0.0115690160085243 -0.00146503352545109 -0.217466935085744 0.620617537669325
-0.0167688265517598 -0.0120226519455084 0.0291591557872658 0.0743833557488323
-0.0014728646030421 -0.0186793925081708 0.150778737677579 -0.558714375028776
-0.0098649649087411 -0.0100266304461793 -0.519389839856553 -0.754252540749176
-0.0225075596430768 0.00120956977749832 -0.907540957004167 0.0872208092947424
-0.030751566634368 0.0201622637235478 -0.266066464705823 0.704751467975136
-0.000751446700085028 0.024290733826823 0.303905829523346 0.447580757019057
0.00367269745756939 0.0364942738998114 0.313426378002063 0.0574087763816843
0.00727779678125874 0.0334258532664091 0.0868045709123983 -0.209685589582066
0.00746025461704357 0.0149868475549884 -0.0488360919738979 0.135809419249532
0.00275289233996731 0.0343743390663105 -0.203950435659739 -0.079123888770256
0.00831629107524014 0.0168361235426462 -0.19600571614093 -0.394167817480268
-0.0162709422022814 -0.0107551766021201 0.366517650034288 -0.474361873446182
-0.00667231942524998 -0.0365600938668997 0.806266981846724 0.121427187907549
0.00885711911164128 -0.00108887949611248 0.40643420503442 0.815643863906044
-0.00677094435197813 -0.00353370434179624 -0.205567613506581 0.620152997303587
-0.0142294880484625 -0.0116992066761484 0.0352121561024888 0.0716282076407056
0.00184315606205082 -0.0206321366801588 0.159371171640947 -0.562682894377084
-0.00831521965405298 -0.0173685785614119 -0.512046615292757 -0.765510883512203
-0.0266543191348564 -0.000851561959235143 -0.913411541618496 0.0670955222727933
-0.030325941684765 0.0298972953262832 -0.278512092644933 0.694701972072709
0.00403001772139872 0.0359307521977978 0.300002495187251 0.446443003432513
0.0117780559980217 0.0423563675928779 0.311128827231583 0.0632880118410149
0.0167262602320033 0.0314017006988043 0.0771339499200127 -0.203804164814128
0.0129769331571248 0.0145198438068081 -0.0568256798215888 0.138050615015374
0.00736795426878795 0.0360867809642465 -0.209683283259781 -0.0695232358792664
0.0103950514192222 0.0247554636728986 -0.206900798567464 -0.390331513597631
-0.0163262510517278 -0.00399879967468338 0.349147959636507 -0.496878713432481
-0.00868725966819722 -0.0370070916078766 0.808658953986563 0.0823232570389022
0.0108135992447014 -0.00432620278148454 0.434168091464656 0.790912850799695
-0.00539548370979872 -0.00292290253960478 -0.186165717725194 0.619037043567204
-0.0138538366074986 -0.0106156740018467 0.0416112070567106 0.0713941684533899
0.00436607615219785 -0.0208283677824518 0.174653424538731 -0.565953918921496
-0.00707665103840379 -0.0230192763886224 -0.489531950577501 -0.792126773150014
-0.0271399225641909 -0.00325394863364137 -0.921194798109866 0.0257172636124442
-0.0298519302688406 0.0351882730240802 -0.303415353230013 0.676342369772524
0.00466610170353219 0.0450095173532261 0.286505916515517 0.451672447727877
0.0156059249666815 0.0466975523815022 0.306690598010527 0.0714240916017075
0.0242291860315035 0.0310611097722232 0.068111270357693 -0.197385228894159
-0.0177538948245163 0.0115648298585904 -0.0425618437462991 0.147906039110104
-0.0434083965506389 -0.00200013465652796 -0.221764654040251 -0.0706261375343328
-0.034004837804047 -0.0369471493566695 -0.274406574224049 -0.37294964468986
-0.0134064397555496 -0.0495687951528339 0.263869055471289 -0.54035999262138
0.0284379430971543 -0.0302380062617384 0.816985169789744 -0.059394988888326
0.0214015351255103 0.0378627435282116 0.544530193173823 0.692811243205586
-0.0365737056074514 0.0194241547702864 -0.121462401721776 0.621288089733851
-0.0474312272016602 -0.00531690015911876 0.0329287269432625 0.0834793890769515
-0.026760586641259 -0.0032302494150831 0.218275338098047 -0.554556998070366
0.00172787003811992 0.0239047958521105 -0.394061215587869 -0.874996080545964
0.0226473067412961 0.00377747024676621 -0.926551897941533 -0.100177559006135
-0.0248669517012858 -0.0180217942006186 -0.385645227080125 0.651461791917494
-0.0407422244852802 -0.0277368953382614 0.243473714852619 0.489000830860507
-0.0414744066539141 -0.00229052585569473 0.30658304733531 0.0858526609723534
-0.0165154104649626 0.0316283038974777 0.0906428618129372 -0.200298230366108
-0.0191392920881831 0.0119381492191965 -0.0370829261913068 0.142852019525463
-0.0394457495065409 5.01610722719097E-05 -0.216199098792748 -0.0807310877274539
-0.0275212131309197 -0.0370476907258765 -0.254701174992421 -0.378702954915014
-0.0103404048849085 -0.0494442679740617 0.297297985181804 -0.517026337529341
0.0254151621487301 -0.0285139186768763 0.823111458889325 -0.000336960910940812
0.0162720183482268 0.0370895186647308 0.508720194742274 0.732563876660323
-0.0345694046960601 0.0161528645173584 -0.15003962086777 0.625009871747613
-0.0420040477489979 -0.00687480392521462 0.0273996222381515 0.0831559909758262
-0.022954911408049 -0.00376788191009718 0.194950521966798 -0.554801684596236
-0.000745990137194025 0.0217977399677706 -0.435990080924592 -0.837544145129744
0.0149629690402591 0.00311855422736622 -0.922619931180665 -0.0408679222852232
-0.0290641375217508 -0.0162400142713784 -0.348698711163115 0.678222218330909
-0.0366547742345015 -0.0241696277447694 0.262531780517071 0.479188948361945
-0.0375034814087397 0.0038774299728038 0.312815351926699 0.0745886865423659
-0.017637717783949 0.0341150952414573 0.0956033223364022 -0.206578584230208
-0.0169483670561018 0.0120588331508635 -0.0331592404147721 0.138347436345968
-0.0321710188215261 0.00533952510627223 -0.209751933642811 -0.086105231985079
-0.0182625555404461 -0.0313471949693373 -0.235641860763798 -0.384261718848515
-0.0105158050066803 -0.0459217082136671 0.32602258090057 -0.49560352534589
0.0195909241243902 -0.0281284709916208 0.822203313754823 0.0514465256252566
0.0123077975176936 0.0312860144754239 0.469453474458357 0.77168947667747
-0.0303959249960228 0.0118737811647225 -0.176710154646993 0.629133533323289
-0.0355686838697739 -0.00823775384631134 0.0234722364838572 0.082353874112861
-0.0181371218281632 -0.00652191068914926 0.173155625233952 -0.554513072709458
-0.00332811111232775 0.0166964185944763 -0.473518758117537 -0.801228216996691
0.00538524333191067 0.00294457971669279 -0.917623921531234 0.0223146168589801
-0.0311685396840336 -0.00966409166530227 -0.311901512273296 0.699521342316575
-0.0289954410397948 -0.0149209727450227 0.282722921405355 0.468090067765885
-0.0295756989786046 0.0117756082185831 0.316582298255545 0.0622051639963592
-0.0155884619064451 0.035029865761191 0.097707558987161 -0.210851387961161
-0.0135817138319939 0.0129191881268015 -0.0332401165985549 0.135627073058662
-0.0226601118351868 0.0128240555372702 -0.205286123137169 -0.0877649213012546
-0.00889565375980522 -0.0208932962668204 -0.217479271109495 -0.388462112589393
-0.0111926894826793 -0.0388547685420747 0.350949236220215 -0.476280780416391
0.011530844364406 -0.0290796174780991 0.81970546632633 0.0998426883825706
0.00924931625950691 0.0237336484594321 0.43451335081026 0.801574148118973
-0.0239608232501581 0.00602364305938404 -0.197499956499994 0.629723543724515
-0.0285175636656897 -0.0100879183976381 0.0245064790803256 0.0807892235826903
-0.0132071705225055 -0.0104192319933685 0.156024702095609 -0.556070798582
-0.00646387894172692 0.00778490356646863 -0.505155801222367 -0.771366431777135
-0.0046939040604714 0.00131990882376223 -0.913869178295389 0.0640099079879511
-0.032984674388087 -0.000241947597613701 -0.280102997395747 0.709765313608114
-0.019591001093807 -0.00203735746966648 0.298708910815614 0.460072907150856
-0.0190267760743839 0.0212873108269254 0.318942128600868 0.0568928214220976
-0.0098451640104929 0.0362114113899417 0.0963771152271216 -0.214516870619593
-0.00623015137644216 0.0142234331801556 -0.0357760168360554 0.13439246103292
-0.0130803932636155 0.0214457281817297 -0.203132951371888 -0.0862145024026212
-0.000985985056630746 -0.00881146073957116 -0.205055621109943 -0.389483009729123
-0.0131466828928216 -0.0293780606588462 0.365122368059323 -0.467081439724151
0.00358724643302201 -0.0315722619063696 0.818479339870217 0.128987704213043
0.00730090023476866 0.0142736067156447 0.413727876104154 0.819977630121083
-0.0173345106476916 0.00148125740307227 -0.208931724563221 0.627072946577647
-0.0212943388098827 -0.0109132827863843 0.0259179735491997 0.0772380781258857
-0.00699070913523524 -0.0146347577000238 0.1453964887028 -0.560038605127087
-0.00883713705277695 -0.000768117368640717 -0.526012914197328 -0.752930183939043
-0.0148024907323034 0.00136976030233764 -0.910498714319506 0.0939253544772568
-0.0320127597597312 0.00982062269006081 -0.261140078075754 0.715500567238462
-0.00979194669679874 0.011410467066457 0.309157039399472 0.449814338722756
-0.00683510105797002 0.0300260774376304 0.318837303631976 0.0510235712033659
-0.00147669943615551 0.0344291739633403 0.0918221934353631 -0.213538175902753
0.00052882787787262 0.0151453929735281 -0.0403679378456393 0.134670619679623
-0.00383397229634977 0.0288253177794923 -0.203931747312915 -0.0822156463960928
0.00497227608586431 0.00490132632026613 -0.199851160505577 -0.39138095035666
-0.0151684858103947 -0.0190916543020613 0.371166607302686 -0.469122411431727
-0.00277753504017915 -0.0341197876777804 0.814677506835417 0.132504002682816
0.00791454095274475 0.00564099474788434 0.405782085680058 0.824070018023848
-0.0112226939942401 -0.00231306369288566 -0.210771364955598 0.626653017957619
-0.0170241257500586 -0.0115482630516728 0.0311232121788514 0.0744595918332769
-0.00219299733076196 -0.0180798113121662 0.144143380220571 -0.561840352176168
-0.00943292092345931 -0.00921040278257989 -0.533019771600203 -0.751679393148794
-0.0227254988219312 0.000786361879054412 -0.910117447230917 0.0998407649823308
-0.0302962337363463 0.0213893940626108 -0.257394078339756 0.711862824197189
-0.00124722194974149 0.0242699913730062 0.310809337279272 0.444987445702885
0.00455144401190159 0.0378867084751968 0.317813545950506 0.0523665848820588
0.00887280756169672 0.0331405102393997 0.083874007375066 -0.211205876434663
0.00767855746596099 0.0152032730438798 -0.0475147340408601 0.136960664780432
0.00354777739396932 0.034829716056148 -0.207196582893698 -0.0754100338005865
0.00886168792869403 0.0168729789038707 -0.202023044912053 -0.39003240226696
-0.0165309204928462 -0.0101864783529031 0.365366943149473 -0.481514420624867
-0.00779439774483243 -0.0360427552074248 0.812174149749175 0.112853888884979
0.00952974544614182 -0.00164338829482844 0.417941717708943 0.813419355188986
-0.00764182355373693 -0.00286680071903332 -0.19784099593763 0.623780277175781
-0.0142450599264336 -0.0111838442828085 0.0362436857705005 0.0720044798408517
0.000594570166565844 -0.0201915579832305 0.152904755414308 -0.566859510499561
-0.00936166087189647 -0.0176005396635792 -0.525982610219719 -0.761093982380941
-0.0265431977621672 -0.00088981472907846 -0.917320177923409 0.0793855949139141
-0.029179689730172 0.0298763548561676 -0.267497429857097 0.702195947617765
0.00418465802292227 0.0360472788222395 0.306137033851259 0.444157445925096
0.0130877542502553 0.0435232403984301 0.314042047461419 0.0584517221705904
0.0179287203590269 0.0314565382298928 0.0753543398338117 -0.205901898296866
0.0139861771154992 0.0144272711840108 -0.055358568839001 0.140506838003786
0.00780446528926489 0.0367935079278693 -0.212477397084701 -0.0664704165798308
0.0106315312966839 0.0243528695247346 -0.214151078438816 -0.388072424274814
-0.0159387008265791 -0.00317831860914345 0.345466666622336 -0.505286854707478
-0.0091935576964362 -0.0373427578997225 0.81442756355398 0.0720512356844357
0.0110129240093177 -0.00549973779874149 0.447966099312782 0.78756619493527
-0.00485818216643768 -0.00286197257422809 -0.177448173673945 0.623464420439442
-0.0143323072934173 -0.0101532326381765 0.0425220760949284 0.0707069736218801
0.00348450940761522 -0.0211857484273275 0.167353376408271 -0.569096630203338
-0.00770010233831278 -0.0229262095628192 -0.503571063951457 -0.788517407697105
-0.0274434901276894 -0.00282253220173974 -0.926732028094551 0.0399935625975371
-0.0288322454759546 0.0360610899464422 -0.29498536656716 0.686589212662861
0.00437577273123341 0.0449944625934957 0.294124901089506 0.447555692855974
0.0162805254266072 0.0465356073321913 0.309983405082893 0.0675620714516898
0.0253747212849828 0.030835969944001 0.0662241133409821 -0.199632758150736
-0.0170408922183224 0.0121564329408582 -0.0412002712335156 0.149250197989588
-0.0433389133705071 -0.00117551086743811 -0.224166283675637 -0.0678039461058688
-0.0351804855436268 -0.0366936304079449 -0.280234867064795 -0.368250099718431
-0.013935514371848 -0.0488216192380455 0.257184186812993 -0.546166940427508
0.0282448549756182 -0.0307057667080997 0.818284783112474 -0.072329264909008
0.0216575481283093 0.037442811028624 0.555960343352782 0.685836978136115
-0.0361753955748738 0.0205594154977538 -0.113577180636487 0.624353095896297
-0.0465346844960381 -0.00464036704607932 0.0336001016227147 0.0823948806981247
-0.0263305015114525 -0.0028478348094627 0.209585717832407 -0.557967274868261
0.00155268816494638 0.023403276121407 -0.407810639274467 -0.869435514998049
0.0229606715310454 0.00327316237905024 -0.930749127903839 -0.087266999782
-0.025776196097691 -0.0181293757606927 -0.377594865304415 0.660593479876111
-0.0414477328122128 -0.0278538467780232 0.249341086411336 0.4846303630188
-0.0414855111800598 -0.000669559221361363 0.310461911329518 0.080970576406045
-0.0149029852538145 0.0327572179551521 0.0882011225076614 -0.202966366906345
-0.018592417760083 0.0119288888925443 -0.0350720639318056 0.143366518264015
-0.0389756372985908 0.00130370777163573 -0.21830623624649 -0.0760820758303292
-0.0273760133804582 -0.0366312748328403 -0.260563992698275 -0.3738998495778
-0.0120303507835655 -0.0490295818871885 0.290667693811447 -0.523228104912942
0.0250625244796728 -0.0296975035679484 0.825626628682375 -0.0116518588538372
0.0178072582669043 0.0359838634704267 0.51949820102018 0.728697764349825
-0.0336730427575548 0.0160935174194423 -0.142347011613327 0.628201020499996
-0.0425345815440451 -0.0048805789915803 0.0291973123953812 0.0835716724457777
-0.0235565699058177 -0.00330875772071461 0.185912436852387 -0.556895091156589
-0.000343708448303139 0.0211255393383111 -0.449725339394698 -0.832791494135788
0.0154596020911581 0.00268952555765169 -0.927722644804799 -0.0237961308545859
-0.0285904910198281 -0.0157927941870072 -0.338852414730016 0.685871614397663
-0.0374276269208636 -0.0241458675062622 0.270639679406256 0.478582651701737
-0.0372509710647766 0.00494635034694284 0.31498819948631 0.0701789770248857
-0.0167199028373884 0.0343623273133274 0.0931839726586888 -0.208271844761963
-0.0171776088487665 0.0126939726686399 -0.0326165496340829 0.139555682930737
-0.0316699803226218 0.00589624818774792 -0.21290496901096 -0.0822393494337896
-0.0183574187280099 -0.0312402093194017 -0.241401401089861 -0.38020521959849
-0.0105097551198006 -0.0454721469493559 0.322094047650446 -0.502018552209573
0.0191735823888606 -0.0284680657519095 0.827168667263781 0.0424991968623171
0.0129284477952388 0.0312682772801991 0.48046144754541 0.768338111677762
-0.0306317810009856 0.0120849702193074 -0.168699380916733 0.632043128719816
-0.0360591211273565 -0.00720817243704786 0.0257172660164401 0.0824809808932635
-0.018834017239635 -0.00548211506657051 0.165715252526168 -0.560407087880188
-0.00300387539735675 0.015918917493959 -0.48738586683815 -0.797831097676283
0.0064332388095314 0.00217927753439318 -0.920699035358599 0.0327780208098527
-0.0317120245819247 -0.00937266842984909 -0.300931836530607 0.70740256884885
-0.0297018172294775 -0.0141536215764652 0.290524875767814 0.466136652311327
-0.0290225623103277 0.0129657029773076 0.318783369903932 0.058740619587042
-0.0141020147390675 0.0359289680730242 0.0956086976479466 -0.21249419686783
-0.0118764840634122 0.0135986002985292 -0.0316445133753907 0.13626959245476
-0.0219189053281037 0.0132989115167424 -0.208018074254135 -0.0846200040596044
-0.00967059779145792 -0.0211994104707786 -0.222568073835107 -0.384509749692645
-0.0115972079049104 -0.0383469294351461 0.346971458433857 -0.483521338083923
0.0111923624446422 -0.0296296686651134 0.825087137506671 0.0878293293577176
0.0097577812554249 0.0228331602077466 0.447256623406921 0.796633122459653
-0.0237287427816211 0.00719361086733314 -0.190272085728339 0.631494260498375
-0.0280189468877014 -0.00907199519455456 0.0253161141507868 0.0810030478413015
-0.0130725272498787 -0.0098905810124022 0.147838926365059 -0.558827130217347
-0.00632345586477692 0.00779795594911181 -0.517792623280831 -0.76578126724714
-0.0048107767052928 0.00189965994496549 -0.916194370143459 0.0786888344185347
-0.0331504772636961 -0.000641137510255126 -0.27146300351049 0.718564207227178
-0.0200787959740147 -0.00215286312406435 0.306823242013761 0.455967303341242
-0.0182916966791809 0.0221268256600295 0.322286323973579 0.0505347971428644
-0.00832711240364468 0.0356273366707074 0.0942550497386078 -0.216257055758652
-0.00621771935773257 0.0143420546461239 -0.0338218813703919 0.135434265646963
-0.0124078682178598 0.0218787886099697 -0.205768637962841 -0.0828384215985121
-0.00162622236515467 -0.00812286269416541 -0.211041688335562 -0.38572820141939
-0.0135469597803628 -0.0290826393140808 0.362033636411077 -0.47504751944356
0.00316642889654583 -0.0316041458121859 0.822423903131444 0.116581181719645
0.00771747014116757 0.0138933287126331 0.4258443873118 0.816428061799348
-0.0176368012189284 0.00213886193915597 -0.200558725203986 0.63185053541679
-0.021438790984548 -0.0105776756846117 0.0273706841379363 0.0770569259145995
-0.00770864152868459 -0.0139087673337335 0.138647438502071 -0.562905714458355
-0.00979025108871185 -0.00154725464927862 -0.539929374652905 -0.748341748701678
-0.0142858002661177 0.0014861206303653 -0.913186443840595 0.107150906762387
-0.0318123322317502 0.0112307972097357 -0.252083390341323 0.723246495101237
-0.0102182961833432 0.0114178296017539 0.316330261421927 0.445532725673483
-0.00570202597929919 0.0306167027471286 0.321793244517032 0.0476135002557541
0.000519981383244056 0.0347774343938704 0.0888982784155537 -0.216084988539893
0.000894124213133842 0.0150501216801916 -0.0396749881577932 0.134812376488194
-0.00263045597810085 0.0297122775173858 -0.206016919153045 -0.0782809298278764
0.00476331199465597 0.00482232796423113 -0.205712515785102 -0.386231561310451
-0.0157132410775623 -0.0197472806907602 0.366184688873029 -0.475164658320469
-0.00340466111273084 -0.0348057104231901 0.819425911844333 0.11973499693374
0.00782172192645724 0.00455848686762798 0.418855481692622 0.819718723260656
-0.0115781474218482 -0.00162693295921301 -0.201803983618829 0.631322519233543
-0.0172165233165749 -0.0103619833374137 0.0312533329017059 0.0742178834174851
-0.00280836536128665 -0.01820668781615 0.13564320555567 -0.5657849509913
-0.0107831188948846 -0.0105748108505276 -0.546390308681967 -0.745719863939308
-0.02209887932532 0.0016463720510007 -0.912295968544284 0.11314374470759
-0.0298824411072639 0.0214465924042392 -0.246724463317667 0.719091499174706
-0.000848203731317332 0.0244034702734937 0.319291590411223 0.442916714487507
0.00571565232779825 0.037973472581575 0.318959509181787 0.0474539932742914
0.0103504209133248 0.0334742218322571 0.0815960062407347 -0.211952314636689
0.00821707169278819 0.0149948087093077 -0.0463758037856902 0.136820026345977
0.00402398733085382 0.0342417666296384 -0.209234900743326 -0.0715843670535248
0.00912811464086321 0.0166114636036906 -0.20809889406874 -0.387333940852853
-0.0165418858807295 -0.0103146467823441 0.360709681712208 -0.489135529093574
-0.00835887817739438 -0.0364023486564454 0.81906464004022 0.100509213198156
0.00966643147728153 -0.00226442261791474 0.432762783971955 0.808614298553003
-0.00766178317334499 -0.0023592208759804 -0.189692048391353 0.629294375249269
-0.0139950650936213 -0.0104854181977339 0.0369412537255568 0.0714793684399147
0.000510772931956314 -0.0205492515529185 0.144016170720175 -0.569820218419488
-0.0108492183276539 -0.0171632482906551 -0.538393571600732 -0.753462063592399
-0.0266358128450524 0.000362660995663823 -0.918165022843056 0.0948346700871145
-0.0286778486136989 0.0306685066624535 -0.259199318470324 0.708004220365721
0.00498055798451938 0.0361236552572072 0.315342600561066 0.440637230365361
0.014514818932998 0.0440152008968407 0.316935468980385 0.0531132129714653
0.0195161788249644 0.0321412090126501 0.0728066462141995 -0.207271645277765
0.0144063990742287 0.014367341762006 -0.0539524821872984 0.139758026700175
0.00854348060237563 0.0363436534379991 -0.214607135129069 -0.063106193240329
0.0108886132606997 0.0240325233050527 -0.218837396308692 -0.384357005995082
-0.0160881774859885 -0.00325256020237642 0.339283588656614 -0.510313576432528
-0.00936465449240649 -0.0369046628964579 0.818922380613995 0.0589507163921641
0.0119174077607933 -0.00625716825979842 0.460576782114265 0.784954397517229
-0.00576391785250893 -0.00261490986192636 -0.169434648425445 0.62844584260974
-0.0142005585482171 -0.00920484662206246 0.0438817398487114 0.0706174677709362
0.00216111550478689 -0.0208574212098854 0.159644361502879 -0.572968892202271
-0.00797142918268313 -0.0231369093183019 -0.51798227020777 -0.782810554844549
-0.0267662416761721 -0.00234994267844886 -0.927098790976563 0.0534709242880076
-0.0286599686443994 0.0369166599380807 -0.285834332546078 0.692143899487312
0.00533782127990403 0.0449525099789038 0.301896196143054 0.446590740480757
0.018075244048673 0.0474606648487901 0.312938713061901 0.0630928847629498
0.0262678710263481 0.0305140723010775 0.0630428280615526 -0.201659272542266
-0.0167814048810991 0.0122571102157696 -0.039399987056575 0.149054175657326
-0.0435660484404557 -0.000517547238101655 -0.227244236436531 -0.064297707956297
-0.0348453700518794 -0.0351433212507183 -0.285419868853142 -0.362555694737251
-0.0152834623887542 -0.0484112619285519 0.250713347776013 -0.550589267160654
0.0275993415368552 -0.031702885465366 0.820383285598888 -0.0831526740274047
0.0228658347952703 0.0362837276252563 0.568831973863771 0.678620546953267
-0.0361107007977738 0.020630968696116 -0.105921617998696 0.627809160972358
-0.0469911381395186 -0.00330232466706265 0.0345319198213697 0.082448398758932
-0.0278697081781197 -0.00158121002532558 0.20235601073693 -0.560348610406675
0.00127877802415384 0.0229463517674837 -0.420650295691276 -0.864498051578629
0.0231863847573338 0.00233758474725228 -0.935878259756612 -0.0737529474761287
-0.0258977780088192 -0.0172947974913804 -0.368350634566984 0.669529333732523
-0.0422850924422885 -0.0272233702019905 0.258701942326231 0.483485283286915
-0.0405359461155673 -3.24770465956574E-05 0.311863546459091 0.0763628377570523
-0.0135277582985025 0.0327824051351303 0.0847760797694786 -0.203501661113246
-0.0179858557929982 0.0123330106381651 -0.0338815677951117 0.144068199152911
-0.0385840554819199 0.00209859749633654 -0.22122102690986 -0.07258336839724
-0.0280434927617542 -0.0359148967942039 -0.266463499394143 -0.370091137831809
-0.0131905036348214 -0.0491908589638268 0.284311682958531 -0.528766252135467
0.0248990492841051 -0.0295023008581202 0.826542861351197 -0.0240132629345421
0.0180758649990601 0.0354476104289476 0.531349990807713 0.719035255235127
-0.0339872985786908 0.0176488946224533 -0.132821796066887 0.630956796256293
-0.0420323499126174 -0.00448031848537015 0.029865348867387 0.0830896874563602
-0.0238769880724949 -0.00212551175301987 0.178387977875429 -0.5602160040899
-5.0089768151235E-05 0.0213956940266176 -0.464386298293389 -0.826730077125087
0.0163757275719227 0.00194256932616979 -0.929004882580932 -0.0124546204350346
-0.0293523643223924 -0.0147338745810073 -0.328710149204113 0.695435167957854
-0.0377272086411965 -0.0229984274212859 0.278313011441993 0.472817111590018
-0.0364882011193101 0.0062811513216215 0.317381295445545 0.0651782513042681
-0.0152498673167331 0.0349269445530047 0.0908270470156323 -0.20981417529523
-0.0160348799585857 0.0130464765375679 -0.0304326535005391 0.139591224308612
-0.0316214392440831 0.00679895316526364 -0.215033526891048 -0.078570578548113
-0.0188766379460965 -0.0310190804463796 -0.24619523981144 -0.375774200288015
-0.0126195629002437 -0.0452194177814005 0.316257465026677 -0.505848859848504
0.0185381556004737 -0.0292760146766025 0.829565856618439 0.0298780302045036
0.0137009508674941 0.0311559682576346 0.49220888249503 0.761139312502733
-0.0296403055987843 0.0120653168620789 -0.160902566526628 0.633759044856432
-0.0353687455083217 -0.00581839467566874 0.0268280616274554 0.0824554618159176
-0.0190158595371264 -0.00558927811695972 0.156008972834826 -0.560587759541827
-0.00330617563259213 0.0157543758227182 -0.49919944951594 -0.790968937680745
0.00630675048641501 0.00152641619216575 -0.923967496694587 0.0483657211581809
-0.0319577073778592 -0.00865196631061198 -0.292278690782307 0.712676593266875
-0.0307826668196011 -0.0142024928485595 0.299520162533019 0.463323556421243
-0.0294417570489198 0.0145058241766202 0.321335121143487 0.0534442423929738
-0.0129267943796921 0.0359920697967112 0.0929895363557497 -0.215282179259646
-0.0120579370442806 0.0133455674294793 -0.0299511951837241 0.135974728882995
-0.0215815175444148 0.0136915950499252 -0.210984081704838 -0.0806296569669735
-0.00993934520935494 -0.0216946287302815 -0.227628886242358 -0.378117750793517
-0.0127572534690169 -0.0378675761406381 0.340244115906 -0.489096731610329
0.0104981983449504 -0.0297656081529375 0.828248970329406 0.0776935986163081
0.0106478229199283 0.0223469972896463 0.458967509120655 0.789108569700672
-0.0241303717690668 0.00650901547560685 -0.179575735468224 0.634919251059999
-0.0288437489857113 -0.00859731841114354 0.0259272936022466 0.0799753185935962
-0.0137756855747858 -0.00903193927801709 0.139875428915021 -0.561064304885322
-0.00645565927344676 0.00787594259879386 -0.529474783706641 -0.758716099176137
-0.0034707770427118 0.00107332605962122 -0.915969913081983 0.0914421588972368
-0.0324153316874472 0.000709342989382477 -0.260715646407054 0.723107790000112
-0.0210580516032479 -0.00207032124634534 0.314096674557246 0.452162289602035
-0.0170151210844914 0.023026642682558 0.32382589033173 0.0460941366564239
-0.00614690016958524 0.036066703123612 0.0905409863512709 -0.217679388591494
-0.00586934509286161 0.0143808567135294 -0.0331072115351791 0.135492092415912
-0.0118693757330013 0.0222305120582919 -0.207702578642515 -0.0794873709589174
-0.00105086094786939 -0.0088496080403274 -0.215840384557102 -0.382307779262744
-0.0141149773603108 -0.0282281193205777 0.355028705740219 -0.480891662306931
0.00265227879695244 -0.0316278467263573 0.824475115883317 0.103546463415318
0.00893528413094608 0.0132787441902279 0.438253602096269 0.811830694347455
-0.0174811993720173 0.00192373921534144 -0.192908419527101 0.633236008764094
-0.0219214317682781 -0.00988006882666113 0.0277472053249631 0.0768606765914883
-0.00869676892995526 -0.0139419706065906 0.130525893010698 -0.564566353789506
-0.00961256827290693 -0.000946639964309944 -0.550562464353129 -0.742092238384724
-0.0142199286861944 0.00171350494345662 -0.914059162868699 0.121521024951225
-0.0318229060061507 0.0112499810226829 -0.239783084327858 0.72873300434295
-0.00974138918334139 0.0110261383276202 0.325318116437936 0.442873772435651
-0.00451464327038894 0.0318561930084251 0.323176275669337 0.0424318493832053
0.0022381626997864 0.0352271416414396 0.0857795444008743 -0.217582447596022
0.000519446884396439 0.0152535288095685 -0.0383324720964288 0.135641246032415
-0.00231913435404173 0.0299232688677079 -0.208280799499144 -0.0752516746130084
0.00545927740757057 0.00516618127653145 -0.210324514492891 -0.382196409901956
-0.0160404969888928 -0.0181727637879439 0.361491289075381 -0.481753517944717
-0.00416211264403957 -0.0340955081069883 0.821745913768262 0.107264573225452
0.00885684159887408 0.00411727642889702 0.432037670339548 0.815023703576972
-0.0116035270110097 -0.0013339015452081 -0.1926179367529 0.632837514292671
-0.0165155386432231 -0.00994069219678938 0.0324751033391642 0.0737034050676184
-0.00413082920822501 -0.0176468493312971 0.126061264815924 -0.566897624153023
-0.0109117852897926 -0.0101411535026162 -0.55800624798612 -0.737268988184004
-0.0215903890009238 0.00153565417866038 -0.911796688273426 0.126919576557911
-0.0296739652624968 0.0223688565465807 -0.237360376993226 0.723878864113725
-0.00107254445140271 0.0244453029010284 0.327309429477373 0.437543648351792
0.00716309314136898 0.0389871334050843 0.321572555077886 0.043084376176522
0.0119548871908102 0.033410733655684 0.0795127879955901 -0.215023210506585
0.00865401787404043 0.0149839327210667 -0.0451656391501445 0.137679016538948
0.00476729622610655 0.0350141303110725 -0.211728404900804 -0.0690165787135521
0.0099780436151564 0.015834979993089 -0.212070171205423 -0.38411867931816
-0.0166936100899943 -0.00938531327962536 0.353442912051801 -0.494652513766381
-0.00911972392583166 -0.0364429131558749 0.821768669032988 0.0895143015917008
0.0097433722186935 -0.00228070791559593 0.444634078533117 0.806186489503535
-0.00729192496180303 -0.00320334538189005 -0.182066149150558 0.631081753331648
-0.0147080295108682 -0.00975513271456819 0.038384017362934 0.0702783767970723
-0.000659417250696227 -0.0206052678688258 0.136721428860407 -0.5713572167429
-0.0115046237314721 -0.0172710242613543 -0.548538908064517 -0.747687972802393
-0.0263151854662085 -0.000346329370752796 -0.918924344985705 0.10921406975133
-0.0283325016051431 0.0308631541598997 -0.248679042073923 0.715039320765832
0.00462427910326517 0.0363672279319075 0.322620060633892 0.436226007891577
0.0150278783622522 0.0448828515463024 0.319247063293621 0.0479604095591361
0.021260252599962 0.0308304811143838 0.0702424551780685 -0.209538558733324
0.0139360146328498 0.0136910549704824 -0.0534441917892796 0.140840480253372
0.00916251699187223 0.0362841058066821 -0.215898206515627 -0.0605941569030207
0.0116725965627843 0.0239771951738071 -0.223215633725183 -0.37944823295832
-0.016307894113559 -0.00282452724815653 0.332577109964584 -0.517033575082712
-0.0101580690711266 -0.0370890560698548 0.820324782070003 0.0477411514985564
0.0118772868170549 -0.00661553992182561 0.472836173059758 0.779267221067407
-0.00583873084245318 -0.00236519247682512 -0.159916944415263 0.629472515970112
-0.0140068324247842 -0.00841627410361534 0.0446534271407597 0.0697486483537113
0.00161753892908655 -0.0200786251131122 0.151969010788899 -0.574431374965291
-0.00852919783148375 -0.023527351593486 -0.528691636832427 -0.776254351760894
-0.0263586953352958 -0.0023089544249014 -0.928731690422594 0.0667459474995582
-0.0272307389621398 0.0373529588644768 -0.275356500366336 0.698494658940535
0.00536865575364292 0.0452334794894956 0.310177722954606 0.441434481694501
0.0191091529486351 0.0480081912251942 0.314970047952978 0.0580742734114702
0.0275799294607715 0.0294462829451645 0.061156273243321 -0.201958081191546
-0.0165144348071104 0.0116300947462148 -0.0380272022021426 0.149182805913535
-0.0429933760450935 0.000878895454431806 -0.228542943727578 -0.0591879647163265
-0.0351932984617673 -0.0354758256133158 -0.290574715641293 -0.35683828222682
-0.0159792630681206 -0.0483633941760553 0.24420587772071 -0.553393203115935
0.0277436571303222 -0.0317666579825138 0.819084278781487 -0.0965638737707077
0.0235610630067985 0.0357682928055301 0.577158446583385 0.669114784017293
-0.0350278617784109 0.0211243613691624 -0.094807984682092 0.627949005382191
-0.0470909061550661 -0.00200441450955917 0.0356464134475009 0.0820784619430145
-0.0280858110172078 -0.00110005383711605 0.193362600716752 -0.560836615502759
0.000587238029481976 0.023670932865827 -0.433526014285477 -0.857878546013727
0.0236350230037355 0.00262934187868838 -0.934576553691645 -0.0585534024507746
-0.0261139301736143 -0.0165901034228311 -0.356818216895785 0.673840582404099
-0.043268361163541 -0.026851341191398 0.26612658519768 0.478592584050533
-0.0403260014596709 0.00166411297598602 0.314054314981401 0.0705617026782485
-0.0116401482434227 0.0325390300493709 0.0826344265553977 -0.204735325066994
-0.0175490511282691 0.0134321073464852 -0.032122314945201 0.143646965467079
-0.0389517607748181 0.00302439023484772 -0.222692389947555 -0.0690594000930883
-0.028473886215916 -0.0360056299880571 -0.27108672361721 -0.365194534219705
-0.0140803608108139 -0.0487371217632395 0.277318945058697 -0.532163099164674
0.0244536427116435 -0.030205759906947 0.826403315617371 -0.0355861091371687
0.0195944545400947 0.0348236219440336 0.541602530678633 0.71254003465501
-0.0336200970020707 0.0175262563202329 -0.126086264388273 0.632391407995202
-0.0417307122218078 -0.0031930221943775 0.0304662094398155 0.0825600489846586
-0.0244487499240856 -0.00233250178793583 0.169595185567951 -0.561697938420636
-0.000660308101989127 0.0210344244886834 -0.475313165303958 -0.82200288052048
0.0164290318289371 0.00131828021047481 -0.929478897183826 0.00304784591639155
-0.0291088211310839 -0.0147334626704833 -0.318553499434818 0.700664709661974
-0.0385185549111113 -0.022465563352563 0.286649607919754 0.469454469081033
-0.0368931425643076 0.00756614449278897 0.319626853104179 0.0596135184259766
-0.0140868346143797 0.0342252069392623 0.0877981653890974 -0.211510892817242
-0.0149965169238139 0.0130692130006858 -0.0288677784988364 0.139187346358575
-0.0309268166859668 0.00717506652636077 -0.216624851180766 -0.0746850854529951
-0.0194975619886813 -0.0310090586723469 -0.25111122488216 -0.370581904831915
-0.0128868511766546 -0.0447236834773227 0.311308213074092 -0.512590280666121
0.0182643005255214 -0.0286785123362583 0.830079936134891 0.018476807854128
0.0146180035221796 0.0293904134641349 0.503247593200377 0.753542779842849
-0.0300211326445281 0.0127096045572416 -0.151701870613605 0.636453673136855
-0.0352780533230662 -0.00468294105758136 0.0276593631799325 0.0807993955756498
-0.0202213155071164 -0.0041795824252724 0.149691433369825 -0.561954182125114
-0.00345116708746196 0.0155500446523064 -0.511973574154896 -0.783558815498992
0.00645341812861491 0.00191394073992313 -0.924580297559515 0.0624555904006225
-0.0312438076481123 -0.00798844775610863 -0.279150205889524 0.716651476049024
-0.0303721220672926 -0.0131193098759195 0.306477017452177 0.456835068836728
-0.0276768170629627 0.014761499300051 0.323008330115804 0.0481677921185811
-0.010308433411606 0.0362598785584879 0.0900560067480717 -0.216659950525974
-0.0110024503552503 0.0133934932576885 -0.0290590276881147 0.136470086565113
-0.0215446789397924 0.014154004859445 -0.211835114521632 -0.0773349955596152
-0.0100871408488678 -0.0210089386223937 -0.231960491210801 -0.374478435414429
-0.0130870386806977 -0.0371169019746199 0.333287416291898 -0.494707089032235
0.0104069093435332 -0.0303882733451801 0.830403803237324 0.0639529584822545
0.0102235035106092 0.021450311639285 0.470546669974331 0.785660919017797
-0.0242378141240685 0.00773509992690238 -0.171087286897947 0.636985839182914
-0.0286119699708436 -0.00723822514704801 0.0267004696380316 0.0794004741648786
-0.0153037993909912 -0.00876171904977644 0.132256925532156 -0.561337135711096
-0.00693654785318625 0.00816489740485736 -0.540067919182328 -0.751865467929213
-0.0042269664302881 0.00196976507802835 -0.916205595632131 0.106125494587011
-0.0322872283396096 0.00175420284003408 -0.248273252798566 0.726973710548192
-0.0213601509380869 -0.00252833977619205 0.322247549951974 0.445982125732101
-0.0164066660220033 0.0239858812471834 0.324670349158277 0.0414624141240888
-0.00465822791200687 0.035288268013771 0.0884073145098498 -0.218960821891884
-0.00518854772991896 0.0150082536577224 -0.0316171182389744 0.135586997818438
-0.0109589483594244 0.022513979339147 -0.20981613820141 -0.076143835964257
-0.00145371002332783 -0.00900946214387889 -0.220384021658263 -0.377621107650987
-0.0149201743326092 -0.0283088606516336 0.350306517338769 -0.4857297140331
0.00233856043670644 -0.0317402126216765 0.827910966292933 0.0901860063933193
0.00888457573493762 0.0128050151854771 0.450823532273525 0.805230859133905
-0.0169302304957426 0.00196294966680851 -0.183071485353143 0.638314959938669
-0.0216710599963806 -0.00865263737683385 0.028644367139403 0.075884640551407
-0.00961608166552604 -0.0131666997736059 0.120961915339081 -0.565084108868942
-0.00998697019993702 -0.00192486139974084 -0.562657323920882 -0.731425599813042
-0.0131890664362206 0.00145913353000096 -0.909506650358672 0.133985979458192
-0.0317255792362838 0.0123830439097006 -0.227392229381468 0.73326195226077
-0.0102820474840732 0.0112136982658828 0.332750764804941 0.437494237245479
-0.00374649175885167 0.0321438780803036 0.325101235560362 0.036643039867416
0.00298779025789817 0.0345434295831596 0.0837300085930498 -0.218613673224415
0.00167424780597355 0.0154456953435628 -0.036760847650839 0.135810282099421
-0.00148940856361782 0.0301037104025416 -0.209680295575322 -0.0722715512194837
0.00592243498140108 0.00451298822301839 -0.214539533274192 -0.37791548564165
-0.0160801646933972 -0.0179392796761629 0.356258770297079 -0.486126781712367
-0.00484215764008309 -0.0343953220242348 0.825627114708287 0.0946480093725417
0.00931226669208549 0.00332559913816818 0.442552111248485 0.809351394122288
-0.0109328415598077 -0.000908597973985587 -0.183201302550147 0.635337200527456
-0.0168958503926512 -0.00932011016856199 0.0334554488335117 0.0731250444224095
-0.00426094430057405 -0.0173663676940356 0.118598840257363 -0.568081600800275
-0.0112052015901088 -0.00987636119704364 -0.568701133251019 -0.728344086258403
-0.0220448183966243 0.00133854943010348 -0.910146809450177 0.14110214686701
-0.0294372075864792 0.0225325318488707 -0.22360620762071 0.728264905418361
-0.000853625085892776 0.0251117810974479 0.335584027468397 0.433607517130119
0.00768098219564512 0.0389082414326099 0.322757636594776 0.0376156359294818
0.0136862249857651 0.0327649287434528 0.0756723312784538 -0.215408849480712
0.0082794098708937 0.0154174897935457 -0.0436940359235738 0.137492739713775
0.00556905353725173 0.0347497643174105 -0.21245363464208 -0.0642816887775113
0.00991359932894683 0.0157666610928088 -0.216603193860988 -0.378104136024134
-0.0175436655604185 -0.00906131940866618 0.349222101838103 -0.500190284125402
-0.00956215200969765 -0.0362934227392381 0.824355139703076 0.077366743086313
0.00984341531429523 -0.00317784151552281 0.454886573473351 0.797579314046698
-0.00695402868408366 -0.00251543551457961 -0.172313845730946 0.634819503585677
-0.0141094095016967 -0.00879011078822576 0.0395770502485179 0.0702969008891512
-0.000654606222719121 -0.019465859297565 0.127486936873317 -0.571777067425195
-0.0120066109023278 -0.0181410242850485 -0.560700531638931 -0.739774492408599
-0.0261568375051218 6.35959565782121E-05 -0.917484391207355 0.122451504955474
-0.0278840470665363 0.0324430031867436 -0.235959629548453 0.719223184101625
0.00467287789718131 0.0359245209898824 0.330435468752104 0.432401580950898
0.0171941109467218 0.0450160255775287 0.319662409614693 0.0429915893877177
0.021920986279782 0.0304992348247618 0.067356205430768 -0.209547874024587
0.0146994462970599 0.0137741919927163 -0.0512253923343292 0.141368255786931
0.00998687463944145 0.0362528775099729 -0.218420966520572 -0.0571524242082403
0.0118490476264505 0.0231250580672948 -0.227443179361099 -0.374993793194459
-0.0165934921761196 -0.00232379094680087 0.328416823908237 -0.522898339923264
-0.0112899961116247 -0.0370374676908352 0.822576252069648 0.034910748779158
0.0121174220816054 -0.00740050656681624 0.485861711835131 0.771230234184488
-0.00535856903755935 -0.0027588078464188 -0.151909193157512 0.630998319720198
-0.0142949188159288 -0.00808752532889298 0.0452154917511239 0.0687366055230444
0.000924314108310184 -0.0199469065641757 0.143100706538494 -0.574642550615989
-0.00951544318184584 -0.0229590561295502 -0.540978482861381 -0.767650155275609
-0.0266713497998004 -0.00237166112094653 -0.926796620315367 0.0813844936887096
-0.0273353743962415 0.0378537428193799 -0.26240897803775 0.702886210918969
0.00574798243592979 0.0454185742983183 0.317251331210431 0.43627847827359
0.0207331958348933 0.0476660624164087 0.317137832342751 0.0528750292749474
0.029053668647619 0.0298982641299366 0.058737689114632 -0.203053869613484
-0.0158635284947317 0.0133683255338339 -0.0363475675909436 0.149636509953005
-0.0423323292151733 0.00109804726974244 -0.229625474123113 -0.0560222847560571
-0.0360797820579925 -0.0348926344376838 -0.294900574195164 -0.350588291537091
-0.0169749160750266 -0.0476117254117325 0.236515962594276 -0.556180822851105
0.027236665308306 -0.0324635137955479 0.816208113710729 -0.108039816267676
0.024848588727911 0.0350476612676717 0.585079591380291 0.661796940447569
-0.0342471660733213 0.0214150106138418 -0.0885627879164878 0.626981997677638
-0.0465688001171004 -0.000817281187955288 0.0366821953428017 0.0811440098883127
-0.0288761893595171 -0.000675636963142847 0.186313636750189 -0.562173278612356
0.0015353711213859 0.0233266596404606 -0.443968373618908 -0.850181591339983
0.0234255956231361 0.00191465609821836 -0.935386847948596 -0.0441172856516925
-0.0261927048122025 -0.0160758687553369 -0.347778637516637 0.679659084174697
-0.0433038275713074 -0.0253610466722723 0.271689301296302 0.473524605356512
-0.0401299316182714 0.0031509402810329 0.315235079591989 0.0656075717924456
-0.0104935554313218 0.0327924101168017 0.0805892914689778 -0.205450574216658
-0.0166657545825763 0.0131532559304205 -0.0308340247087116 0.143733399127037
-0.0377570147848294 0.00384151118080203 -0.224106362265889 -0.0647554462930545
-0.0293733371194259 -0.0359793775912367 -0.274781455701605 -0.358526114360396
-0.0151997685266471 -0.0480811677742524 0.271636662984676 -0.536370523922983
0.0234674594937355 -0.030581878855072 0.826056403210466 -0.0492631055598592
0.0201932073254492 0.0340942607739813 0.552704085736291 0.701984077344066
-0.0334674074318534 0.0181985099453961 -0.115998734104966 0.631990053097106
-0.0411964916701361 -0.00147108315027572 0.0313619170995103 0.0818937945861707
-0.025729854332478 -0.00169002555010768 0.162503637507814 -0.560450445717042
-0.000837165437160193 0.0200039391482152 -0.4855308439532 -0.810716896010524
0.016807980953946 0.00138737228490816 -0.929895407331686 0.0176634116309067
-0.0297000364956196 -0.0140865635813726 -0.30705378995558 0.703038384961685
-0.038466648191723 -0.0225816285427776 0.293233985762637 0.463476861602012
-0.0356856072514416 0.00836792182100538 0.320317201824157 0.0543735311770542
-0.0120859947397674 0.0350528010549759 0.0860551261123515 -0.211586569735405
-0.0155579071828607 0.0133804274989493 -0.0277383824202886 0.138738142599358
-0.0301196548785497 0.00822610351040307 -0.218195647400327 -0.0704247940524858
-0.0192322686376398 -0.0310858501057634 -0.254890392168576 -0.364596588384783
-0.0140717441669251 -0.0450638516403126 0.303581996066208 -0.515506690406629
0.0175653476522918 -0.0298839056500813 0.830094099421778 0.00691330823479425
0.0147196874311648 0.0285954190328296 0.512456976370566 0.746706842621454
-0.0294241906037842 0.013221913132944 -0.143480097018539 0.636411270339431
-0.0353164127707559 -0.00386996354944772 0.0286936466608148 0.0808088359279672
-0.0204801327568859 -0.00403116533221399 0.141435836720386 -0.561639853947473
-0.0038585309816204 0.0159531500697427 -0.522571617141634 -0.772781411241395
0.0065431384287087 0.00119644334045309 -0.91928519254524 0.0739272351556681
-0.031461760951749 -0.00825985342708148 -0.269751069351912 0.720370290803441
-0.0314240145941403 -0.0126620840455154 0.313910748653794 0.451903683519914
-0.0269120373785359 0.0166367271412084 0.324891632269438 0.0433982384525322
-0.00940321377624598 0.0352929378773018 0.0869584573217295 -0.217484521126634
-0.0110377584493306 0.0142849683644833 -0.0271788469576404 0.136196741359769
-0.0207833132690845 0.0147029993451686 -0.21287589905941 -0.0735940031947104
-0.0099982059228761 -0.0213709365891763 -0.236798577753315 -0.36915911429888
-0.0142510869514373 -0.0369981613402701 0.327786436940667 -0.499908972346091
0.0102233803621332 -0.0296006918293253 0.831026013787047 0.0536357343078484
0.01131404184287 0.0202872062116296 0.482453084671241 0.7765005160349
-0.0243462018480019 0.00722153633859786 -0.163499781134654 0.637657870808858
-0.0279341213095364 -0.00675010122165378 0.0271478862749819 0.078476526448978
-0.0153718547918368 -0.00823883078737456 0.123893676476572 -0.561600427343324
-0.00693304105608025 0.00767672987790214 -0.549807488394243 -0.742478331300429
-0.00423470010809385 0.00113987772126938 -0.913497558816431 0.118198577441193
-0.0321679901463015 0.00221139337751769 -0.239192157376383 0.7284923197821
-0.0220657653669325 -0.000800806070714331 0.328210345874229 0.440459864223847
-0.0158228881497727 0.0251471664703715 0.325854112046945 0.0364019157468839
-0.00383347914970014 0.0362451813140553 0.0849196628566465 -0.220391072324089
-0.00496590814079326 0.014795774505898 -0.0299720923785804 0.134444372413702
-0.0105068171730091 0.022890208046441 -0.210819996548751 -0.0728346667744184
-0.00125801349682159 -0.00876259625318428 -0.224441998629359 -0.371507345814917
-0.0154543677502771 -0.0276523051079981 0.343841859340684 -0.49092604833496
0.00177972567164291 -0.0316614058623342 0.827376391148777 0.0796634240841981
0.00944943079623148 0.0117491157306458 0.459563276789929 0.796704859693931
-0.017828620505816 0.00285470011603529 -0.174234622119529 0.63811082213231
-0.0218894666012881 -0.00794388031052907 0.0295289584968973 0.0760528950032807
-0.00980999892989677 -0.0126234042987038 0.113046232711463 -0.56554928225788
-0.0107688207462479 -0.0011537790774686 -0.572083604706165 -0.724029717668539
-0.0131140139141532 0.0021347393007768 -0.90720583498031 0.145817488174275
-0.0311604830514476 0.0131392996134683 -0.217915850388996 0.735636511793963
-0.0110518660744567 0.0113280033042112 0.339002284827971 0.432456605651904
-0.00211174125513622 0.032567393880385 0.325060034164989 0.0322186261883905
0.00481257308890506 0.0344898279936309 0.0795388830233628 -0.219720258848572
0.00203759799645183 0.0153235036068881 -0.0348185051721863 0.136045035316054
-0.00100591693284676 0.029759321869366 -0.211864297730621 -0.0679440922030045
0.0058473281472805 0.00449261681974074 -0.218531592012687 -0.37389572471053
-0.0168782793725682 -0.0177895835779057 0.349612557575336 -0.491766889676021
-0.00494511776299385 -0.0339790402976878 0.825213864520956 0.0857296936323582
0.00939462643024375 0.00278349413604186 0.453996275875681 0.798893699925338
-0.0116587357396058 -0.000440483651291564 -0.174697319537823 0.635619631048498
-0.016818685989274 -0.00916000135155907 0.0344297608790413 0.0730089498358236
-0.00511305173021526 -0.0158166843166536 0.110293718106816 -0.566751661129807
-0.012436406444758 -0.0104575301231465 -0.576680228359285 -0.717920937040983
-0.0209821922140853 0.00224304382573634 -0.907378813318524 0.152694382318206
-0.0282118294841047 0.0230162212170593 -0.213643137642793 0.729243879454151
-0.000910226987513404 0.0241712771353501 0.34078169548545 0.426340110503549
0.00927508259128789 0.0395129114330576 0.323817540735231 0.0318596930538619
0.0147019213446569 0.0319851416375492 0.0726947322208881 -0.215575655024865
0.00905038196534677 0.0143586070950202 -0.0424528309209941 0.137885673610568
0.00629863623028773 0.0340201414261466 -0.21365547914504 -0.0608033468204723
0.0099697062435406 0.0154074016998371 -0.22120456769795 -0.373641954000196
-0.0174480616261725 -0.0081654588246236 0.341604520495746 -0.505167482762886
-0.0096784229006326 -0.0360121576467387 0.823644230088663 0.0636207923884909
0.010290222648693 -0.00388037651217498 0.467703949801615 0.788488928233565
-0.00753568078843919 -0.00267641903877763 -0.162565451549202 0.633871871656079
-0.0141306774789508 -0.00867235899504435 0.0403503589950928 0.0694884324342897
-0.0016021445819783 -0.0191611626269712 0.119554293669065 -0.572629046210747
-0.0122540674470439 -0.01703657476208 -0.569337170999288 -0.727905852376931
-0.0260400913898313 0.000109089758960665 -0.917330067578183 0.134085524655755
-0.0270810005034781 0.0322388147686574 -0.225373755048649 0.721110547133928
0.00551301185135193 0.036481185287638 0.336541276805812 0.425232480985475
0.0175670607737299 0.0442108232695941 0.321656257009006 0.0371523570147662
0.023753925271867 0.0298997081570908 0.0645378887079997 -0.211150618419841
0.0150333496097214 0.0134775652106242 -0.0501494932408722 0.14162625187971
0.0115513517099772 0.0353585360090482 -0.218588484701029 -0.0530813548572452
0.0130392746768827 0.0231059326020631 -0.231294848274453 -0.36860383403723
-0.0159515585596802 -0.00145873516768011 0.321347733955353 -0.526904662958012
-0.011921988463766 -0.0366153032874779 0.821478678998774 0.0238586639483562
0.0120226550465358 -0.00783396334107962 0.495059561313166 0.762839218954361
-0.00564020707292761 -0.00235697470270508 -0.142545712900284 0.632240549292282
-0.0135423517252372 -0.00749749679738498 0.0462148630484327 0.0684802324952344
0.000277042521670792 -0.0191845327904589 0.133400971017402 -0.575678104785714
-0.0106627308820486 -0.0230906341453239 -0.550029013048737 -0.758136637149706
-0.0263091608629784 -0.00242743581365482 -0.926371368187632 0.094941906490919
-0.0262150510979672 0.0383883951602989 -0.253095309871715 0.70689778163757
0.0065457756090404 0.0453336067773723 0.323310500772498 0.430877829397654
0.0221839379382456 0.048252812602656 0.316917569190151 0.0474593188496343
0.0298749635215107 0.0281360089992798 0.0557961732374678 -0.204077686100675
-0.0157171294615198 0.012977475724388 -0.0343818907705194 0.148748531331382
-0.0422008570431271 0.00254785119259385 -0.230711352780479 -0.0513859059080456
-0.0363693595309047 -0.0341329209479164 -0.296952437714718 -0.343463545105004
-0.0174710038269238 -0.0467893124590149 0.229298045834742 -0.556656498979816
0.0259769306131949 -0.0321241840756091 0.812040178316558 -0.117562921473573
0.0252366724270582 0.0345756285379585 0.591274398232373 0.651649430068901
-0.0346845542530053 0.0221128486210381 -0.0805974297955916 0.624981743787218
-0.046515749903338 -0.000121011016596071 0.0378116609324578 0.0805285605055097
-0.0292522961833887 0.00030147699714056 0.176527282091213 -0.562238103879104
0.00130998548444606 0.0226952521740792 -0.45371470085374 -0.842373320862166
0.0248726894082373 0.0010814017119714 -0.932621272073377 -0.0317707760863743
-0.0262129711621633 -0.0155650960123456 -0.33653502767896 0.683018888831782
-0.0434304076645036 -0.0250492249093486 0.278724927069682 0.468662400109132
-0.0385852223912721 0.00409851427959395 0.316480997855791 0.0609254938480489
-0.00898498958975894 0.0327264614674833 0.0778371130504663 -0.206055570747477
-0.0170478330948328 0.0134841622954217 -0.0286632788362492 0.143464682546832
-0.0372812513188108 0.00454978345914086 -0.22552934838967 -0.0605045439266883
-0.0285763803820796 -0.0354225655830967 -0.278181264686523 -0.351727123345454
-0.0156815375004524 -0.0470706214793682 0.265740822299183 -0.536107421128419
0.0232276174999704 -0.0309737585608147 0.822493505147218 -0.060381976941194
0.0208653713044925 0.0329247844282046 0.55916863422533 0.693582741798754
-0.0328334654498214 0.0181807453408548 -0.107520700197712 0.630256558683951
-0.0412417122932744 -0.00148704262510705 0.0321514230008499 0.0814424005965181
-0.0256409623329106 -0.000244122876546837 0.153718399212393 -0.560148080149923
-0.000590762036976594 0.0207248798999143 -0.495027583006843 -0.803901561697427
0.0168879094771561 0.000264027743067486 -0.925753231601405 0.0289565782042505
-0.0289793139524414 -0.0133144075529962 -0.296340646645206 0.704876297525165
-0.039074912481925 -0.0215764911623818 0.300057922307869 0.459351700281715
-0.034365575950268 0.00903536143384219 0.320852559436483 0.0500048464076178
-0.0103326685398197 0.0346921612388553 0.0820706620993087 -0.212990328129378
-0.0151645370346837 0.0137252498713939 -0.0266086622836275 0.13886586524632
-0.0301467045937539 0.0086852819510941 -0.218268976097178 -0.0669717805739633
-0.0200517783114621 -0.030101855524847 -0.258318415173469 -0.359316618937271
-0.0144776460095954 -0.0439671660885842 0.296161784539443 -0.518503571050473
0.0174285544101895 -0.0298676581290104 0.828010069406749 -0.00414984279378599
0.0151334023400087 0.0282236195797803 0.518920978745472 0.73694499351619
-0.0294120678069083 0.0140908164030745 -0.135891372506955 0.635362304026894
-0.0352219430008425 -0.00339556607546575 0.0290274170819835 0.0803806084421742
-0.0214469822151411 -0.00344432600376666 0.133167715114576 -0.561398995439151
-0.00387061894315898 0.0153542446259392 -0.530645639755471 -0.763454000361906
0.00701416937005989 0.0013870335567658 -0.916982890081021 0.0865129203639628
-0.0310639669212647 -0.00749658806695995 -0.256298131743946 0.723046596527696
-0.0320260006518948 -0.0128529761189308 0.320465892497118 0.446489365231943
-0.0254416372031532 0.0166880154557792 0.323972611279763 0.0389581872676534
-0.00806405197614874 0.035684788676109 0.0847619534538207 -0.217909307737257
-0.011047306503566 0.01426674866373 -0.0254656519161513 0.136084575947675
-0.0208472810085381 0.0154518510359771 -0.214631617575254 -0.0701484706432614
-0.0102619627859398 -0.0215070554639121 -0.239042487361251 -0.362331360624365
-0.0140865431833396 -0.03641094237085 0.322272309842196 -0.501997461561091
0.00934268150068953 -0.0304510851962978 0.827693684201449 0.0415025485536008
0.0119518002279764 0.0200564757240569 0.490911400457939 0.766971664045327
-0.0230268085198285 0.00741045410510781 -0.154649760431296 0.636207288197655
-0.0276121008365212 -0.00570281311122576 0.0285218460978122 0.0778965283763253
-0.0157073888836435 -0.00757712691515993 0.115262017198811 -0.560260381816233
-0.00733801326750377 0.00775825866705643 -0.557430423851046 -0.732782254191489
-0.00341110467074129 0.00152749111934525 -0.909820056001527 0.129631971822595
-0.0324813638109971 0.00175810053687889 -0.228930816625082 0.732606041718029
-0.0220388497136979 -0.000940675478977457 0.33394349705579 0.436630761045396
-0.014216240787574 0.0253113608416189 0.32579535011309 0.0303845124401919
-0.00231498207096909 0.0353926443879419 0.0824822550026658 -0.221047563327978
-0.00427158808528359 0.0149340908089351 -0.0287614686520909 0.134303556742112
-0.00934736893785458 0.0226608205620835 -0.212297025727136 -0.0689445331480694
-0.000898088598486518 -0.00962223469232915 -0.228610847338219 -0.365935235744506
-0.0156865962851904 -0.0268588204786277 0.337967991291774 -0.493478851564374
0.00136087788498663 -0.031941492636505 0.826554928111777 0.0675411109706428
0.00944544005895594 0.0107987295680643 0.468102321832727 0.787069794876527
-0.0169450517846063 0.00305261200918521 -0.165347681477011 0.637779643545495
-0.0210788758613414 -0.00710232768346706 0.030187362319924 0.0753682604709381
-0.0104464626987808 -0.0128272450047074 0.106334854711135 -0.563431983645367
-0.0109050492076702 -0.00184086375053305 -0.578451730274385 -0.712659920167007
-0.0134435892395123 0.00215745245439675 -0.903263238290491 0.157799962840369
-0.0308353121212725 0.0131010030471927 -0.204771785025884 0.735408928055152
-0.0101455427972068 0.0120585197914466 0.344227126165302 0.426235384781051
-0.00167691163453088 0.0332548185588141 0.325505970532559 0.026411478482961
0.00571319994129309 0.0340975001640671 0.0773769691972875 -0.219551271532765
0.00215219061039458 0.0151571920264316 -0.0345663772443513 0.135266695789428
0.000197043098669747 0.0292472253201715 -0.212679674218609 -0.0641767174607214
0.00624524810719686 0.00343763447705612 -0.221684205909166 -0.367134124198398
-0.0168992742230521 -0.0168400513683671 0.343899626731308 -0.496696991184724
-0.00597023833755429 -0.0333347987765303 0.824805816578997 0.0723706774201308
0.00919662258467251 0.00232459145762839 0.461232970004404 0.790839639686586
-0.011294418814052 -0.000503166904703374 -0.166358355241352 0.635968588495044
-0.0159525651288994 -0.00807671250097188 0.0347018669605723 0.072058524396463
-0.00577471004429593 -0.0157259649526294 0.103399893573554 -0.565566231953669
-0.012959605824252 -0.0103848812775452 -0.585639482764505 -0.707891919341554
-0.0208770015937605 0.00150816032209295 -0.90245286770996 0.164611883973995
-0.0287603185245557 0.023967973891973 -0.20203106994473 0.731899411048635
-0.000738203405480104 0.0246932255130864 0.346166370165221 0.42209292925254
0.010803728118023 0.0392578569867012 0.323910403944177 0.0274407533005297
0.0149480600990612 0.0310588390922134 0.0703392972157575 -0.215837944227965
0.00938726810529279 0.0146096488569912 -0.0408665105543883 0.137301252136245
0.00735018324960343 0.034092094058788 -0.214398206417445 -0.0577722956280919
0.010695091615861 0.0157696499753497 -0.223428598008474 -0.367832534919594
-0.0172250000615364 -0.00761671583574286 0.334235057764688 -0.507521168179506
-0.0100890323943836 -0.0355359372750909 0.821082861513663 0.0547780535929577
0.0095086577858831 -0.00487460166945296 0.475844426393882 0.780056630256193
-0.00775626937249392 -0.00317110207693824 -0.156431847849521 0.633346286006572
-0.0130825497366139 -0.00780351560547679 0.040132714824377 0.068391641953997
-0.00260054209163581 -0.0181697856587008 0.110749717495979 -0.569874783877039
-0.0129811904332931 -0.0179006963283014 -0.576450748054808 -0.718661489101132
-0.0253855948780102 0.000919681162421825 -0.909756153934646 0.147922521336352
-0.0272649453893324 0.0319913252981565 -0.213405248362203 0.723020404662032
0.00561034044371973 0.0355832368833199 0.341552354643161 0.420719723118573
0.01937879523041 0.0449632513599649 0.321547047001528 0.0322878854666224
0.0248465093054226 0.029282276708404 0.0613514054369966 -0.210895513374606
0.0153868891778527 0.0128612438779242 -0.0486576006901579 0.141828671202054
0.0115928483059127 0.0356120496975809 -0.219080305563184 -0.049626612712833
0.0128304259505904 0.022765130277348 -0.234551313267605 -0.365249702187955
-0.0165104305327264 -0.000834846309347173 0.314401537833861 -0.530163106842408
-0.0123896789173164 -0.0367106383741397 0.819113880088438 0.0119011779842739
0.0118960754935577 -0.00861305990102526 0.502248913361545 0.753585514925947
-0.00594675851093811 -0.00189020784789402 -0.134113776361603 0.631665388068693
-0.0135010805400612 -0.00646887519436145 0.0470937443882577 0.0672586238671919
2.21673838014629E-05 -0.0191037654421005 0.127741704068851 -0.574213174765204
-0.0111087663100151 -0.0229823786205424 -0.557981662492821 -0.749215509204489
-0.0262048375150144 -0.00152541167758105 -0.921643115469113 0.106593236822745
-0.0257571387149756 0.038871857455261 -0.241152265392321 0.708141083687212
0.00624661863460398 0.0453752039760737 0.329821490365486 0.425573455586088
0.0237406074150443 0.0477079819776579 0.317851427289504 0.0423717675456914
0.031383741344017 0.0273697430239731 0.0530981768587283 -0.203558358930215
-0.0148023807380583 0.0130244126965597 -0.03304843093938 0.148154529697922
-0.0419214822777411 0.00295968294216327 -0.231564370481284 -0.0488821402457871
-0.0358938829956526 -0.0337346679011419 -0.300406433738783 -0.337545318582118
-0.0180250506986619 -0.0459887768417952 0.222188961257754 -0.558758597934855
0.025724910721052 -0.0325393337490577 0.806789456004729 -0.129747666646401
0.0259070325339025 0.0331740951468477 0.598133798777758 0.640426914356836
-0.0344000569206852 0.0225540095350494 -0.0740944456724414 0.622672304614413
-0.0452930939689635 0.00074671520670522 0.0378429885855261 0.0791538973358401
-0.0291957456706229 0.000965261122525147 0.168467348364282 -0.560994831105435
0.000731513668859853 0.0224905707422585 -0.462303381512829 -0.832557879722832
0.0242645871567004 0.000646055926401004 -0.928904098379727 -0.0196159569017766
-0.0267108867754605 -0.0155024187041536 -0.327742215322119 0.684332204610061
-0.0451751132255479 -0.0244887828369506 0.284550573129025 0.461494022198679
-0.038009873882534 0.00429805023562768 0.316402301135989 0.0561304711202875
-0.00709935671404593 0.0328454283880313 0.0756236959334719 -0.207082422042685
-0.0159770046858824 0.0138561239905051 -0.0272908057306304 0.142721304916947
-0.0373856923754786 0.00441852857300159 -0.225259283363899 -0.0573751518183509
-0.0286286797367094 -0.0348051801727072 -0.280524573057459 -0.346573191580968
-0.016390678458893 -0.0469692775928717 0.258608864749024 -0.53849193357404
0.0229203488457785 -0.031022662156163 0.817318736382602 -0.0696130251401837
0.0210007609954153 0.0324810803437495 0.564823303983801 0.684036761865362
-0.0329914175008855 0.0186998941821683 -0.101052309206509 0.628900391944929
-0.0409307381509589 -0.000474207401701318 0.0327800207491533 0.0799727635577192
-0.0262564740684873 -9.9030689544876E-05 0.146092112932048 -0.558583797016975
-0.000770551486566812 0.02006678861689 -0.502913698610586 -0.793385145169677
0.0166902673148372 0.000889374558500262 -0.920626639030224 0.0403844931305972
-0.0291828265893248 -0.0129768931913224 -0.285689019457955 0.706772918942277
-0.0398429103634607 -0.0205570725333782 0.304737751355035 0.451779258376626
-0.0331278252781996 0.0100493263231513 0.320924153299668 0.0447530667693069
-0.00845236199782016 0.0353446590125502 0.0804507978737335 -0.213504778138583
-0.0144328665080095 0.0141620478317197 -0.0249069417919768 0.137643039194816
-0.0294186848213863 0.00862306445854182 -0.220221853102594 -0.0638446880029642
-0.0201969638617443 -0.0305655092415338 -0.260501391712201 -0.352115578601631
-0.0153246315336745 -0.0429019976522048 0.289252267971726 -0.520611759144391
0.0161798740208153 -0.0296646127510787 0.822375191385827 -0.0165676419212228
0.0157584465636692 0.0278399859480794 0.527895115513005 0.727119534794384
-0.0295828691595397 0.013643802386383 -0.125825303538881 0.632746674437914
-0.0337789001464271 -0.00262373276091454 0.0301344219501114 0.0799201173644563
-0.0214828435538844 -0.00271600352010455 0.124830089685117 -0.559669951355019
-0.00433348575288809 0.0149196700088134 -0.537113616532541 -0.754348085271541
0.00692832252754686 0.000106807321860764 -0.910565029866402 0.0994682883628798
-0.0317733413593209 -0.00658990672213698 -0.248037371630307 0.723786997752988
-0.0324416174258771 -0.0122353457560857 0.323724447666735 0.439773350992547
-0.0253518742022434 0.0175864736447125 0.323806665621978 0.034083637372019
-0.00639247509484513 0.0350961980149429 0.0815720957238701 -0.217350506265054
-0.0107137496679283 0.0143683804364981 -0.0249740670447253 0.135165280648702
-0.0195575239041039 0.0155537080159611 -0.214243439963379 -0.0657834949214352
-0.00999075074587759 -0.0213962025040526 -0.241609462766121 -0.357432508045644
-0.0148411280463011 -0.0350631016694272 0.315122375128154 -0.503165227726265
0.00937779329697444 -0.0297662302680233 0.82582542734722 0.030636197610051
0.0118266499927897 0.0198052753399894 0.496848136126146 0.758440065842533
-0.0238859308633823 0.00790502469059562 -0.147641718126918 0.637825607428312
-0.0270612449578481 -0.00489699093795332 0.0289338712418001 0.0771006007099642
-0.0161616098389317 -0.00704608009938769 0.108552969718448 -0.55895682481331
-0.0078312241925956 0.00755119844208012 -0.565096111083905 -0.721741926979
-0.00345696646026202 0.00141501834768794 -0.900703421503078 0.140099090093681
-0.0320683216579711 0.00340769300651654 -0.218000150024687 0.732225693065867
-0.0216992434653664 -0.000679543831577738 0.339148385750139 0.428704441156541
-0.0133150410666841 0.0255416609273552 0.325655274846595 0.0261890422924885
-0.00164779771223644 0.0353306592414988 0.0804700778962225 -0.220394606315864
-0.00457340064767099 0.0150029134962085 -0.0283354892914573 0.134105839946178
-0.0088422040232776 0.0225901420407891 -0.212226205644546 -0.0649749966298756
-0.00139903686741344 -0.00892154422352493 -0.229898691748599 -0.358587741513685
-0.0161681090416839 -0.0266952983608888 0.330739888336305 -0.49641878160077
0.000489940468676906 -0.0320250394059864 0.823142914689963 0.0574286870043145
0.00984288271519936 0.0104690327452158 0.476241516672989 0.778699560944692
-0.0172904384050261 0.00262994395497507 -0.157396531444033 0.636322993948779
-0.0206622431360174 -0.00633052314386522 0.0309229302186156 0.0752234883730251
-0.0105147201391666 -0.0114563322850285 0.0975221458791011 -0.561025440595935
-0.0113690606051857 -0.00116629046517128 -0.5853424417035 -0.701698947336595
-0.0127633806681317 0.00164669857892715 -0.897079043593203 0.167872950534474
-0.0299501518474787 0.0138494344474874 -0.195041917859206 0.738003658761999
-0.0103972986535323 0.0123557101689174 0.347936672947992 0.419676612001655
2.38207899126361E-07 0.0330640472902917 0.324730664055004 0.0216766918123207
0.0077435926620596 0.033257540052146 0.0749260369492439 -0.219673488235373
0.00239883271905655 0.0152006257094544 -0.032696717884685 0.134899332777328
0.000570340344375143 0.0288910392791887 -0.21229350568393 -0.0603556131434392
0.00619371930601042 0.00353152340712271 -0.224151145953508 -0.362917772339599
-0.0167525133741721 -0.0157968837035071 0.337645655260412 -0.497821043588953
-0.00588358986195175 -0.0340672038976742 0.823280964117774 0.0609420942359362
0.00916553857837223 0.00155638852478385 0.469445429890974 0.782176010304029
-0.0115403499838978 -0.000449507223306767 -0.157417135134934 0.634974643074588
-0.0154654433587618 -0.00707727394862176 0.0355068755373381 0.0710202312619023
-0.00644756814046384 -0.0152441900066447 0.0956745855489671 -0.563112131494778
-0.0137661062292684 -0.009381545393195 -0.590307754886159 -0.698230898546556
-0.020762408753129 0.00211149118190412 -0.895894554326498 0.175509114337156
-0.02781487486582 0.0238759543446672 -0.191740810697561 0.732599812553278
-0.000447272266479788 0.0245909569752443 0.350520064124312 0.413719083077141
0.011738216157219 0.0395417051489604 0.323320303143678 0.0221107069588094
0.0168871982224144 0.0311057560767629 0.0679139260603669 -0.216642497306602
0.00937214814829447 0.0146011609410971 -0.0401010826313198 0.136893951518849
0.00826791689386323 0.0340503103380277 -0.214412142743402 -0.0546740520322629
0.0106844907614002 0.0147513706459298 -0.226317326742846 -0.362430533316066
-0.0173689014692416 -0.00702449306787338 0.329320456630971 -0.510520813666579
-0.0105773557767382 -0.0357685755736376 0.820812399510871 0.0433471719602841
0.00934219219949855 -0.00517338403389537 0.48272365008878 0.771719675421208
-0.00781124204307033 -0.00267014582955173 -0.146678952345233 0.63274368423175
-0.0134298389910416 -0.00762925311768041 0.0408699787470535 0.0677824332504128
-0.00254796116460867 -0.0181734292056632 0.1033689864097 -0.568971654442415
-0.0134035597048348 -0.0173406135675712 -0.583824749450662 -0.70894404127792
-0.0250134327098217 0.000660835236137858 -0.904534767434369 0.156500902535036
-0.0258236736302235 0.0323236950225735 -0.20326186170581 0.722835298356357
0.00568187991523873 0.0361906439330673 0.345816289242051 0.413424510952115
0.020282037797045 0.0453799538024054 0.321165935975947 0.0285139633663983
0.0251924350304524 0.0285802996782621 0.0596543483310906 -0.210150076573287
0.0152228583163343 0.0129061168673266 -0.0481141589569992 0.140864441853244
0.0118861155361391 0.0347858723456538 -0.218978746763292 -0.0450624074364355
0.0130806970293085 0.022017941244115 -0.2370930562996 -0.359353771751095
-0.0167222784022841 0.000130246722690946 0.308039269320014 -0.531436880671962
-0.0124452947806869 -0.0364301118312622 0.817114836868964 0.00126034456138366
0.012198628933302 -0.0089894698134405 0.510297540274093 0.743945273984894
-0.00572756672279994 -0.00233733043017753 -0.127016505452686 0.630624917397742
-0.0132846871679469 -0.00635759722915059 0.046519243380666 0.0654199645601855
-0.000911604584188921 -0.0178933867934486 0.118960958585917 -0.571879127275161
-0.0110257418563834 -0.0228211739669545 -0.563662589425546 -0.737878432409988
-0.0257530037605839 -0.0016361807054622 -0.917300877353138 0.117810675261719
-0.0251699396582341 0.0390243394438283 -0.230714892176858 0.708645299611667
0.00728885190165523 0.0450428107849849 0.332736352189198 0.419711231943354
0.0246260575859459 0.0482382128421671 0.317825537788528 0.0383914911468485
0.0324283222348437 0.0270294402215046 0.0514955404194873 -0.203725675458481
-0.0146715340658683 0.0131087209017751 -0.031893562763281 0.146864340249693
-0.041098210060139 0.00306474962379589 -0.230307897158785 -0.0447606810547727
-0.0363507462543155 -0.0335159630673884 -0.301108417850516 -0.331230348391932
-0.0183971797599681 -0.0446338444714467 0.216761562578337 -0.558613376555705
0.0255156591703318 -0.033160173399906 0.802461243043487 -0.136562737705336
0.0257754164753175 0.0322017364946654 0.601840109769348 0.630469987752427
-0.0342002655838629 0.0227979689265091 -0.066321076140121 0.619765114736625
-0.0445404315919614 0.00144657427326523 0.0381400816814313 0.0787562218683963
-0.0289841583213492 0.00246972268399443 0.162910459724098 -0.558984531100838
0.000816757277433607 0.0219231397999947 -0.469981080820551 -0.82136530883407
0.0241265191726194 0.00017182434920953 -0.926560929400079 -0.00936947415715327
-0.0268009288364227 -0.015510998024115 -0.316653667322818 0.686386140060776
-0.044635574538267 -0.02429006214941 0.288895641180179 0.455882550321487
-0.0367981929851842 0.00589785411667661 0.315832971661816 0.0518179859577546
-0.00649087327214204 0.0325630802832752 0.0728494681500885 -0.206763371064905
-0.0148745871865099 0.0140163726593775 -0.026194839086708 0.141458548420012
-0.0362909292135227 0.00497898366483526 -0.225595266310945 -0.0536301521442737
-0.0294393084660601 -0.0334933477251877 -0.281365663065089 -0.339344043581051
-0.0170372399232366 -0.0454288956415489 0.252906857413978 -0.539026423174171
0.0219720743724211 -0.0308346159903074 0.814746830002455 -0.0791066863576339
0.0209412581333114 0.0310705896039709 0.568913888200068 0.673806240061175
-0.0331424138647693 0.0193075045019005 -0.0935015556645681 0.627423140911
-0.0400144526578933 0.000144321756300052 0.0325889421804359 0.0791552203535851
-0.0268437864674231 0.00104913195088138 0.138951597046379 -0.556824003589846
-0.00143365754248935 0.0198432328471052 -0.506898777352897 -0.782844968673559
0.0174915939334694 3.66910262527276E-05 -0.917082516733497 0.0506604444470056
-0.0297089395536421 -0.0129608553080576 -0.278117618328245 0.70781051366108
-0.0401743504415623 -0.0201202641374122 0.307766054752706 0.446196763452948
-0.0328300398110305 0.0107220302606741 0.320653772613022 0.0410510062970838
-0.00781216149135583 0.0346951672065106 0.0777981628704855 -0.212126168551754
-0.0140974623782306 0.0137236610308715 -0.024770012971611 0.137077083936293
-0.0287416414883013 0.00893765642033055 -0.2200383205686 -0.0604244815251059
-0.020395999234932 -0.0300333482110947 -0.261381187390822 -0.34680353261997
-0.0152768524073623 -0.0423693212141661 0.285954685754553 -0.52000587270776
0.0168696716337898 -0.0302487410718604 0.821275851241322 -0.0229159016450139
0.0163716277399425 0.0264205397485029 0.534110905482888 0.717340502419042
-0.0287767721978797 0.0135489105940123 -0.121032704208096 0.631615157935366
-0.0335834778670402 -0.00182629236249964 0.0304265405344372 0.0784170751154791
-0.0222824182545342 -0.00213440914944486 0.120208369062648 -0.555141489548589
-0.00474443576565176 0.0147603330950786 -0.543227217432533 -0.744864515341131
0.00741132758557511 0.000360872356232493 -0.906101269880869 0.107578378442961
-0.0318062287498108 -0.00592654883145541 -0.238828544172777 0.723672771160005
-0.0320830858285744 -0.0119280228268547 0.328604789439535 0.435186122538606
-0.0234179146000162 0.0178503871691365 0.324111386183536 0.0292992887198934
-0.00491881954258369 0.0351857875933085 0.0797881596318552 -0.217394449774009
-0.0100479483882562 0.0145635071333135 -0.0240052316438371 0.134196189293079
-0.0193516904344752 0.0153397605764997 -0.214434838241706 -0.0629649191479509
-0.00958500269108367 -0.0211247444227108 -0.243051831813989 -0.352436903491427
-0.0156805062292294 -0.0350576372497393 0.310000354401624 -0.505977341185775
0.00821486311536607 -0.0301158339269312 0.822624827376208 0.021486544856568
0.012426037319514 0.0188257750356351 0.50238514590248 0.74978797772255
-0.023206240950008 0.00807861930277745 -0.138408184433808 0.633153146770606
-0.0262975641065734 -0.00397430211581787 0.0296025440655077 0.0761265663725515
-0.016541273411494 -0.00653306625204001 0.101166036146759 -0.555926981068268
-0.00807116455349402 0.00729949007458858 -0.570463526272547 -0.710558770457594
-0.00317009847715287 0.00101417531535963 -0.898065817118809 0.150408188411702
-0.0316285384665037 0.00328930202068655 -0.206070495507724 0.732623779244673
-0.0218864952668392 -0.000738989153053329 0.342895386281794 0.423011264791999
-0.012483185988961 0.0263301524849029 0.325683300423845 0.0215661480919946
0.00016899514111144 0.0340230256626532 0.0770873101933906 -0.21922705005213
-0.00422586857509833 0.0150338675911393 -0.0271700319303437 0.133605955640208
-0.00835498933386742 0.0222224246150014 -0.212239326635567 -0.0620368419958928
-0.00151895729485361 -0.00924924595094889 -0.230499403976042 -0.355553646938257
-0.0160473691697373 -0.0260180857228832 0.326826762269119 -0.496845682052318
0.000605487689010246 -0.0316926238282933 0.823342725564746 0.04845832071563
0.0106463206142821 0.0100400389517421 0.484400909934749 0.768214466851636
-0.0174302357722127 0.00344311680551797 -0.150692051064459 0.633682590945127
-0.0205473526494498 -0.00701764424742693 0.0312732323881046 0.0738524473857375
-0.0116707190238107 -0.0104426255823133 0.0930488908347518 -0.558287461277461
-0.0116511297688009 -0.000955332189837312 -0.589565000146216 -0.690798606289984
-0.0132855816195777 0.00182959647124987 -0.890039367613785 0.177116447680006
-0.0308523285656894 0.013950598959933 -0.186490157273851 0.735938693388145
-0.0108594388109262 0.0125734104687917 0.352542738467642 0.414783640799571
0.00031936780609264 0.0334382224681964 0.32517354292934 0.0179904108923469
0.00913798377468399 0.03239490198084 0.0717267915115255 -0.219838886149664
0.00234488540145113 0.0152715023896907 -0.0324396157427067 0.133985221012973
0.000879122972183644 0.028954314855977 -0.21200348388997 -0.0579400828526833
0.00627502672457529 0.00317375172518559 -0.224229489390546 -0.357284462735643
-0.0173018604887232 -0.0153887619157436 0.332105254627806 -0.500463160638686
-0.00671682323846544 -0.0335592883086997 0.820160162420707 0.0513067833311773
0.00950275557131689 0.00102962098998999 0.476677073145863 0.775299979821009
-0.0118096925109316 -0.000528048394708765 -0.151797320833714 0.632798346813928
-0.0152383294018433 -0.00673247075957379 0.0354906060160585 0.0704285366604303
-0.00703745064808714 -0.0144626608158587 0.0899672847758593 -0.55995808878639
-0.0139297572891439 -0.00957073085731499 -0.594607763642315 -0.688143846350994
-0.0205073468878232 0.00245594400720556 -0.890411516196586 0.184712663770563
-0.027400021238299 0.0238194143564564 -0.181533288260041 0.731815851551551
-0.000265057074408777 0.024751163446392 0.353983037058305 0.409542393938694
0.0127068497729922 0.0394523422915676 0.322512247205219 0.0184220398424308
0.0175122525105039 0.0302907093945026 0.0655137461059852 -0.215985968983119
0.0098441378768841 0.0145378046752591 -0.0391210970447098 0.135677744821341
0.00842340893878748 0.033376947865391 -0.214533366427307 -0.050687951718947
0.0108212648043405 0.014001117602834 -0.227989269178848 -0.357303626695871
-0.0176399771497618 -0.00660811176442543 0.323112218767675 -0.513819791469067
-0.0108989376335343 -0.0351732774364771 0.81707865430364 0.0361088599058507
0.00992056216541713 -0.00582666669797587 0.489836697012115 0.762317953337163
-0.0078063275013279 -0.00207997126941006 -0.140283098564296 0.630530998621499
-0.0127484144800911 -0.00721446038958035 0.0409096279892069 0.0668655939395704
-0.00315503402821669 -0.0174182879953596 0.098020025291219 -0.565873783611586
-0.0146528752997947 -0.0175061964620892 -0.588182331304514 -0.700779490194922
-0.0241910504691245 0.000685411424696625 -0.898837687222545 0.164642105086558
-0.0256316109488872 0.0332702649124831 -0.193867245438606 0.72172773074152
0.00546671122185795 0.0353647943816876 0.348972354342594 0.408408033095829
0.021219343817134 0.0442053724872419 0.321040405287347 0.0239429671952778
0.0258767226073611 0.0267618833920931 0.0571781698454825 -0.210087045260716
0.0150955594167231 0.0127905057178364 -0.0466067507332375 0.139815578021854
0.0129017679011437 0.0349800503005037 -0.218835099426695 -0.0420204655278314
0.0130756320590087 0.0218292770527486 -0.238298223771243 -0.353758228781302
-0.0166805028209532 -0.000296037602109554 0.300541863646984 -0.533937901481235
-0.0129217081639794 -0.0357263122687868 0.811446671140759 -0.00799535743990819
0.0119047145417992 -0.00973932671244979 0.515372355936995 0.735361191662698
-0.00571659166626487 -0.0024497209340459 -0.120147606335742 0.628254536978984
-0.0125165758781971 -0.00568193305758801 0.0472492539453632 0.0659673546215008
-0.00196059562671153 -0.0173761956211406 0.113939092736707 -0.570149680806379
-0.0118054499356825 -0.0226434062383359 -0.568415248209587 -0.728684127706736
-0.0257735986198891 -0.00191863774855885 -0.911005299121072 0.127568218485107
-0.0245509535884946 0.0389743753127151 -0.222354537680142 0.709468988929187
0.00689063454522389 0.0447793496921377 0.3373001190528 0.412932297596789
0.0261630623198344 0.0473261511417788 0.317074337167559 0.0334383688897344
0.0331202316827708 0.025867036567914 0.048792746124422 -0.202441547605508
-0.0136467887224316 0.013415646674633 -0.0309325851185135 0.145966521806178
-0.040518341969066 0.00341152252927493 -0.229695549648033 -0.0409948321424407
-0.0365866048888912 -0.0330448306775557 -0.302868154625057 -0.326484430378017
-0.0187686888235956 -0.0440132530860918 0.211314940205103 -0.560043583564802
0.0246349236180149 -0.0328482314713116 0.796096870374087 -0.143410789931936
0.0262725704933419 0.03181005209225 0.604216465832338 0.621086560630215
-0.0337356730997678 0.0232100738255338 -0.0598634696666056 0.618263845003462
-0.0442232271880215 0.0027950803961599 0.038578112131502 0.077761142704285
-0.0307203437932472 0.00243157174721089 0.156607516877962 -0.555561013637578
0.000286736817122784 0.0216524448685526 -0.474963333313271 -0.812633882138036
0.0247644197794842 -0.000237564020512671 -0.92012060369831 -0.00096615701264744
-0.0261264872593089 -0.0147368147669113 -0.307451878637763 0.687037749717077
-0.0457507853909808 -0.0227293645475793 0.291011784397913 0.450672566177373
-0.0363591044146703 0.00654656655705975 0.314818252621819 0.0481497669591397
-0.00460181293322884 0.0319037116441438 0.0723106999298991 -0.205823837713524
-0.0150922074404464 0.0135294048566987 -0.0263782552123444 0.140418605548515
-0.0362670816434727 0.00503118782517542 -0.225254059650594 -0.0504933336084289
-0.0291807977402977 -0.0340086295638594 -0.281357818779274 -0.333695004021283
-0.0169945129100409 -0.0448526087143985 0.246568547613039 -0.538558960045179
0.0217921298628886 -0.031550058731497 0.808619278497938 -0.0858851204094413
0.0218976555399225 0.0303182672376633 0.572484882461588 0.665302966348132
-0.0323576121335184 0.0186605428368928 -0.08833465636552 0.624303068273372
-0.0394290757397142 0.00115624268175106 0.0335468299662045 0.0778729506547997
-0.0269268988684449 0.00124082696934818 0.133644734465201 -0.552273060472324
-0.00170760178152943 0.019200666464994 -0.514401464576552 -0.774274732912237
0.0168185200566606 4.62746427166288E-05 -0.910118973402987 0.0571118965767674
-0.0298263563861824 -0.0126269494616862 -0.266578834084639 0.707286466453645
-0.0410451222979745 -0.0197929638132359 0.311768065759563 0.4410396635154
-0.0316050777401376 0.0117402584268709 0.31907684225689 0.0365947655558114
-0.00522008532840305 0.0342224399927387 0.0749950200505394 -0.212613627537216
-0.013937329546549 0.0139313675029504 -0.0229185957263352 0.136073565514152
-0.0283555304847376 0.00972434458159457 -0.218954778244649 -0.0579378077153695
-0.0198648898727586 -0.0294017984565338 -0.262218460061597 -0.341967275610676
-0.015675297315204 -0.0412166986269024 0.27948216780142 -0.520799969839424
0.016065084923623 -0.0297736821638943 0.816694721561165 -0.0321252625830211
0.0164273219248311 0.0260836359656241 0.536277052126753 0.708712217735072
-0.0288549087089049 0.0146300105960331 -0.113484694160375 0.628069554410431
-0.0330333068154625 -0.00129431043919176 0.0305288535756173 0.0775252718666801
-0.02215374537933 -0.00152552826831958 0.112794748742317 -0.553048186855509
-0.00467555069601421 0.0148282658545495 -0.547074334078749 -0.735454888777508
0.00775477175059653 -0.000212532593660376 -0.899343094023855 0.114672912422844
-0.0313208787338075 -0.00536352155883714 -0.228485352599561 0.72376896397449
-0.0328670629231383 -0.0113572215829746 0.330948963816367 0.42814214200899
-0.0232147544553554 0.0189601977310163 0.32260111315228 0.0259750667907285
-0.0037336357628263 0.0344192206066338 0.0776334266086304 -0.216980724694787
-0.00977943865473991 0.0142237923937119 -0.0230583582200259 0.133629584279659
-0.0186588420259088 0.0154745347091769 -0.214896448645979 -0.0602755897414671
-0.0105847267518381 -0.0210563840592257 -0.244829626336687 -0.346126571617285
-0.0154023558621906 -0.0337946580513473 0.303962078350528 -0.505992174670686
0.00773484614815694 -0.0303209323523767 0.818608105248575 0.0144298636483492
0.012004277759682 0.0186894470608106 0.506648924932933 0.740304584851488
-0.0237690026898723 0.00806590183076558 -0.133110243224707 0.630919267985015
-0.0260017962002315 -0.00336517766724261 0.0289653686776774 0.0757373077474316
-0.0167695014835687 -0.00557617898872171 0.0964805532497 -0.552338242115526
-0.0095993252523453 0.00760171538523614 -0.573587697432243 -0.702150225923609
-0.00251209706318158 0.00049588971802635 -0.890921018350599 0.15805208001776
-0.0309105340875368 0.00352681763461419 -0.197879100129601 0.729878663063576
-0.0218302640150566 -0.000512981625983181 0.346378296220093 0.417646727592625
-0.0114919581159874 0.0262637235809965 0.324162980940479 0.0182821883196488
0.00172750991792009 0.0338594579626871 0.0743897045291507 -0.219361851690227
-0.00364909493022044 0.0146963487211003 -0.0264802426405444 0.132483061457174
-0.00791200862514769 0.0223025136449714 -0.212198122579391 -0.0589581517737193
-0.00156965107715856 -0.00935769558783976 -0.231879936783606 -0.350717586539184
-0.0164872294310782 -0.0248906780032736 0.320832841085441 -0.498718709345378
0.000334883177332247 -0.031795871090695 0.816081435467558 0.0394188469755232
0.0103444518609335 0.00933655818430584 0.487621264552492 0.759124900509046
-0.0175839576139382 0.00318465919495026 -0.144262893787764 0.631896095210794
-0.0200931087721629 -0.00576267463998367 0.0320136016107394 0.0729898711111679
-0.0121830981169295 -0.00980136103914866 0.0853111777273426 -0.556056260730234
-0.0119578744178386 -0.00136572965637883 -0.591821695711972 -0.680995604347235
-0.0125365891698903 0.00174679411885777 -0.88626775965422 0.187006102978072
-0.0293239860987261 0.013758153689885 -0.177601654956673 0.735855758203663
-0.0108835347198486 0.0119828446212998 0.355375744641382 0.407660135356176
0.00192144121213086 0.0331352404298551 0.323711996250126 0.0133467552055684
0.00933332735149073 0.0318389763761848 0.0699448833486092 -0.218942082329888
0.00315443289563033 0.0145821657820592 -0.0314193267322625 0.131940819570322
0.00154716653570732 0.0289140014266053 -0.211936287031058 -0.0551507271811791
0.00625576971382148 0.00312925607985162 -0.226523248762744 -0.352307939127544
-0.0171928629545186 -0.0151738734342886 0.324812981676248 -0.502341375044737
-0.00658235519176123 -0.0338905437818199 0.816129510985221 0.0449345035603637
0.00921072625854565 0.000383369169464898 0.481546859035307 0.765415641080135
-0.0116913020522833 -0.000485025720412889 -0.14463074960675 0.630201419633013
-0.0153568565504984 -0.00627520589657971 0.0355311995598949 0.0704417583846779
-0.00768563811963423 -0.0135605703217187 0.0837195309845218 -0.556574765133676
-0.01410194580375 -0.00943975645546635 -0.597661473119152 -0.679639340037066
-0.0199440949322524 0.00184082638292878 -0.883626073592037 0.191350904060133
-0.0270649769970611 0.0248624857491781 -0.172714380667507 0.730266405188656
-0.00122666327828911 0.024115966108483 0.357212760160719 0.402172090154166
0.0135920502176281 0.0398089121599394 0.322105617875874 0.0143457369294413
0.0188372012183136 0.0290623059582431 0.0622615859201611 -0.215098450982348
0.00973952036861891 0.0139575512508763 -0.0386962981239409 0.135683376795757
0.00844367136030639 0.033654524188159 -0.214306933260301 -0.0484330753930268
0.0113428347341229 0.0140209958607615 -0.228449115340784 -0.351814688647001
-0.0170876551998585 -0.00606809507845015 0.318127405401002 -0.513153381138966
-0.0119179016302844 -0.034880503339245 0.812334534858954 0.0236267280328638
0.00941549751716423 -0.00622326541867519 0.493403453020365 0.75264220365687
-0.00722426586122709 -0.00208888863057172 -0.133248137148459 0.627052528943842
-0.0125734477726478 -0.00690275346682296 0.0415775048260955 0.0668253098438817
-0.00343315764315288 -0.0158850463470877 0.0907838236377216 -0.561260394868104
-0.0141270747061743 -0.017258331052447 -0.591989308951513 -0.690293307059188
-0.0238362457223456 0.000607310087237911 -0.892417052859653 0.173488149429778
-0.025266808306335 0.0334102998630853 -0.185768533327249 0.721354897994488
0.0056268801611845 0.0356309446394699 0.351541024236653 0.401120150434301
0.0220772938383113 0.0445010771654413 0.319539358373751 0.0206347064673208
0.0272694101083424 0.0260759265446646 0.0552222192691148 -0.209435102658758
0.0152924938055743 0.0123649415430521 -0.0461366781197808 0.139410670757796
0.0134068430082348 0.0342415381961946 -0.218437972512318 -0.039789433029754
0.0137509357037933 0.0216828035967596 -0.238721253744663 -0.349146185574036
-0.0165827255834605 0.000671547387971169 0.295566938984781 -0.532883568041338
-0.0133720084191009 -0.0359791558513045 0.809293585522082 -0.0163496927992833
0.0114059044008236 -0.0104540295465725 0.519486330365992 0.72527108783032
-0.00611036761754797 -0.00212327446598953 -0.114327600254054 0.624711627768804
-0.0127882312195114 -0.00469624704004641 0.0475041438013142 0.0645190818029927
-0.0018078090064859 -0.0177428422538995 0.107392014095153 -0.566714985504048
-0.0125553144299734 -0.0219284548716988 -0.572465680021555 -0.719243110546684
-0.0254189107906286 -0.00142189806844225 -0.904052090813932 0.13412001913057
-0.0239769935482705 0.0390396594710665 -0.213830849782559 0.707789088922089
0.00709029992580826 0.0443346145509712 0.340034000864402 0.408569562070426
0.0260799994130137 0.0469531099969012 0.316226510294724 0.0308156404951962
0.0335761643900269 0.0242385671546655 0.0470312221550116 -0.201960844914661
-0.0137484976411356 0.0133011983466816 -0.0299117229751946 0.144895203601174
-0.0395177836399646 0.00361354672885409 -0.2295770470748 -0.0388923058836699
-0.0364454707344775 -0.0321413053916371 -0.300474760581933 -0.319922426356138
-0.0190649749886259 -0.0432961333368746 0.205486313706879 -0.559082787076964
0.0246821989576129 -0.0333442756017672 0.792257319789623 -0.148166354540011
0.0258033906353804 0.030380477719942 0.606321396250663 0.612184366681525
-0.0334683676776275 0.0237620553157085 -0.057051895250723 0.613798276663109
-0.043040404737617 0.00328566179629948 0.0384779269354168 0.0770883903541298
-0.0301804411188831 0.00331529690049605 0.152442752520359 -0.552453665688125
0.000343525026483864 0.0219629606984476 -0.478701486530371 -0.802582491745285
0.0242044455416462 5.26641865172747E-05 -0.915056890940603 0.00708559080481257
-0.0261642841287143 -0.0135801166628436 -0.301030506542403 0.685814104230903
-0.0449669216201294 -0.0229816047246704 0.293793124591258 0.44541888970334
-0.0341653513043171 0.00704860214225326 0.314026513304944 0.044056412669586
-0.00358523801784146 0.0315494353356457 0.0700892774967781 -0.205630645516227
-0.0148208576336462 0.0141009722891439 -0.0252682734471979 0.139861225654471
-0.0359279216830558 0.00622019592273826 -0.224119519236703 -0.0480694849526298
-0.0297167243434183 -0.0336557622191634 -0.282193594461812 -0.328716969920118
-0.017060393034597 -0.0443653272865658 0.241041233475262 -0.538763025599924
0.0213519492842233 -0.0315187083598353 0.803098834781953 -0.0913142819273706
0.0214633121208981 0.0292865236540835 0.574375154778028 0.656968712773023
-0.0324016981491636 0.0197236062501256 -0.0834176810581133 0.619573730461176
-0.0389957929762397 0.00184360934701428 0.0344047304863702 0.0775807459555576
-0.026595692841576 0.00234838623401359 0.127968964322792 -0.549483499199325
-0.00198593129261563 0.0200707378962861 -0.515404872456282 -0.763583216368578
0.0171707725592792 -0.0004115110534041 -0.904609348970641 0.0661654343427201
-0.0297614287139569 -0.0119786685616077 -0.260143635901637 0.707005272557866
-0.0416197329354256 -0.0189921661115653 0.313978565898355 0.436105208959402
-0.030614551165565 0.0121250483865133 0.319117512415257 0.0331324903806675
-0.00531576189288167 0.0334201542223924 0.0742810716136749 -0.211618232553396
-0.0133558432353727 0.014264654882641 -0.0231623360295142 0.135690674924664
-0.0283601853980183 0.00963213586032525 -0.218326557208111 -0.0539115324721945
-0.0204307807015115 -0.0300003699278898 -0.262673512084024 -0.336265558261346
-0.015725965267121 -0.040323402535408 0.274267328671338 -0.52102175882706
0.0155827655741532 -0.0302239106773955 0.811216076154552 -0.0388333296332954
0.0167310799545129 0.0252743960665258 0.537917935962314 0.698813626559616
-0.0286427577357054 0.0143401493517136 -0.108805078516243 0.625310313685322
-0.0323625506720061 -0.000535298177706747 0.030776722097379 0.0771591317946999
-0.0221878700524629 -0.000747548588234726 0.109002133598758 -0.549880524678277
-0.00503218287492201 0.0145735000336658 -0.550099149431473 -0.725329206219225
0.00749984324657533 -0.000579838593560013 -0.894168994617969 0.122452925275863
-0.0310756059291913 -0.00527557627826375 -0.22148526469002 0.720545464640338
-0.0330628895214973 -0.010997848504648 0.333720665098037 0.422947090722043
-0.0222412274834299 0.0181779494356809 0.321527706229314 0.0226094329186993
-0.00166924769443835 0.0341313014807278 0.0751845748366905 -0.216394453871373
-0.00897628582162395 0.0144479837714642 -0.0237137379962443 0.132614394081524
-0.0175450308226004 0.0154617482584584 -0.213924093257585 -0.0573368548567391
-0.0103116159649244 -0.020583033722245 -0.24288636252805 -0.340357102933014
-0.0154971755822644 -0.0337597889261499 0.299448530656566 -0.507063135511358
0.00796280642446253 -0.0296918073685541 0.814907201606465 0.00637194393899398
0.0124744335454013 0.0170054087045217 0.51018587207192 0.731660764746204
-0.0230907560588587 0.00849998246452329 -0.127680541576306 0.626803026139531
-0.0256204906642838 -0.00301195807903583 0.0296799913598449 0.0748120961773755
-0.0174067454504915 -0.00480084628930172 0.091324147718444 -0.547552635282759
-0.00885061392698726 0.00797123082225967 -0.5754229498572 -0.692876936054879
-0.00213083028536084 0.000365848062607692 -0.884515917185637 0.164378108776782
-0.0308679535472579 0.00363287884727936 -0.190061333675905 0.728663786107143
-0.0226380907542076 -0.000345931701789891 0.348036621083298 0.412324897172081
-0.0104683726583045 0.0266443955229607 0.323409738538207 0.0145643052105694
0.00286227965454109 0.0333315787875872 0.072640159627312 -0.218667481610947
-0.00345990211080392 0.0140618515280168 -0.0253170253906157 0.131118260539709
-0.00774662134335814 0.022157572342668 -0.211109636621066 -0.056150235392023
-0.00104915365989191 -0.00970165439889929 -0.231385176576818 -0.345454769298877
-0.0165465144684242 -0.024332741632382 0.316388363841363 -0.500456169623529
-0.000252380378829333 -0.031381859182186 0.813803260942328 0.0332793493335126
0.0104886364575562 0.00849667225006106 0.491209548100052 0.750754528563384
-0.0177778262686966 0.00378887231200236 -0.138821393209361 0.628615800478147
-0.0198775025391308 -0.00520150077368884 0.0317341235628749 0.0727976062495206
-0.0117836374206349 -0.00896383493678959 0.0812572537405333 -0.551076167131796
-0.0124645227037813 -0.0015507873958147 -0.593602929391644 -0.673514477703983
-0.0122617146749244 0.00125301441361909 -0.877756368136389 0.191982890446815
-0.0289542934953809 0.0150772585207478 -0.167330491432313 0.732295424272679
-0.010887546869874 0.0123976969740033 0.357675910957241 0.402077051509706
0.0022773967138787 0.0329192541024011 0.322676225139754 0.0107655904009594
0.0105060003020665 0.031184825946862 0.0677971400379408 -0.217717044485765
0.00356376368500659 0.014789118323318 -0.0310896879494303 0.13229735729285
0.00193302058907427 0.0287006183308868 -0.212014334282981 -0.0517691555760971
0.00623313523483449 0.00280260334137549 -0.226536293255222 -0.345839036016893
-0.0168307142526274 -0.0148130949706231 0.320152360200493 -0.501830878844946
-0.00735078710592701 -0.0331950443960456 0.812290374160035 0.0369816131384672
0.00926019206342925 0.000117801259664993 0.484888079672745 0.756361526840052
-0.0114908739488819 -0.000367373728187025 -0.138701396640234 0.627250345014403
-0.014418649103886 -0.0054100849692349 0.0357830095070438 0.0689615052047525
-0.00775221412511301 -0.0137214203418283 0.0798271934243691 -0.552436199882111
-0.0148325069934444 -0.00930460130281244 -0.600468175814365 -0.669239933331472
-0.0195836280938723 0.00166002050113237 -0.877772500648415 0.197485909554901
-0.0267730365519904 0.0254331989228594 -0.164531954986036 0.728849191434525
-0.00105796734368863 0.0246955413061202 0.359105082888724 0.398855062228148
0.0146352455502565 0.0391419548141334 0.321125223576499 0.0115285170877022
0.0196234940880341 0.0280793345370968 0.0614078360317219 -0.213767574292234
0.00974052934839411 0.0138842351169469 -0.0382830536075913 0.135021231547776
0.00925446828940199 0.0334201122406084 -0.213291789465253 -0.045889912209494
0.0115883363356329 0.0142664758772539 -0.227357041043519 -0.346896802042249
-0.0166706559866525 -0.00518020488533457 0.312153358827332 -0.513331261159455
-0.0115504924487618 -0.0350683125473533 0.80859526358141 0.0188871421725895
0.00896618405985018 -0.00642364510121755 0.497413679983932 0.744770358201446
-0.00804805569315798 -0.00198948870168136 -0.128223749272841 0.624986962284709
-0.0119632919489096 -0.005796983245175 0.0414903753030616 0.0655754985596488
-0.00389065861513822 -0.0160932180767673 0.0865960946291614 -0.55649391948298
-0.0153903919472781 -0.0163051564548869 -0.593367051932621 -0.679314548274783
-0.0240175250560598 0.000636448322748204 -0.885164002898917 0.181727333611592
-0.0245929912866512 0.0329817273788832 -0.178130057727499 0.719193923050839
0.00568443179031168 0.0352837578836671 0.354827267578138 0.396315053898592
0.0236649082559057 0.0437913490330802 0.318724644279423 0.0176049680702007
0.0272315144660253 0.025718249078269 0.0532295301209761 -0.207447350583984
0.015815019863417 0.012381799796978 -0.0459973762176813 0.138357721755867
0.0133526787001695 0.0340281922599453 -0.217434091668008 -0.0369739339179214
0.0139123339108128 0.0212635508109067 -0.239537712043907 -0.345094907723906
-0.0160266029033948 0.00131397499338617 0.291527892237627 -0.534012690024998
-0.0138110611628184 -0.0356435131248835 0.803525821054971 -0.0238554110685502
0.0116587298845408 -0.0109757686289593 0.523961735459003 0.717083119046872
-0.00547819846079591 -0.00195932110854195 -0.107753586716715 0.622221662085421
-0.0121343170709749 -0.00538107049290253 0.0479339271920754 0.0643261591414329
-0.00154351798478725 -0.0163409670013606 0.102088065829096 -0.56159556467087
-0.0132873904319847 -0.0219689305263205 -0.573238390599582 -0.709132758588808
-0.0243409159846964 -0.00185621611851869 -0.899066636923949 0.141258584750273
-0.0234551626002397 0.0392664120785107 -0.205339870659027 0.706221729807602
0.00717557862036955 0.0440381295060482 0.342911712694311 0.40280693003123
0.0278534005677521 0.0467369931692039 0.314498012596697 0.0283066364896697
0.0344679206588851 0.0237208233096378 0.0448950921528815 -0.200816625492148
-0.0131315051710714 0.0133773077928327 -0.0297666381596509 0.144896754026263
-0.0394224122725782 0.00387403144161902 -0.228966435319524 -0.0363430104146708
-0.0360004440002754 -0.0322028908814237 -0.299138802819012 -0.314852394445503
-0.0187448915845101 -0.0427657862848935 0.202015599966275 -0.55597911425033
0.0245174140461985 -0.033422954996988 0.785371710036288 -0.155360568131292
0.0266312762455721 0.0293562498140215 0.604526736377343 0.604394379367454
-0.0339944195087704 0.0230514437698192 -0.0514219470246369 0.609420704566974
-0.0430203635670258 0.00371284517287208 0.038880838045203 0.0759246052215762
-0.0295171363690315 0.00391708434323986 0.146558700244259 -0.54679890564231
-0.000336463484532937 0.0217284720704337 -0.479457552802081 -0.796770964157431
0.0246817920006091 -0.00129214822556775 -0.910339162335025 0.0106334902361448
-0.0258594202887678 -0.013755531271757 -0.293597562172949 0.683492796948105
-0.0453650939440946 -0.022000956396819 0.296765834442551 0.441063874385403
-0.0336045533968172 0.00681021085655999 0.313575778292982 0.0430161905845547
-0.00245302503551512 0.0307522976497686 0.069241495882825 -0.204375900936702
-0.0142133750243143 0.0138504708996291 -0.0250715369934006 0.138582887219571
-0.0355844228483035 0.00540774967443885 -0.223743019687695 -0.0456818752451748
-0.0293897847198913 -0.0329095193095496 -0.280674871507477 -0.323870217805524
-0.0171148747595752 -0.0432928384930114 0.237770605190993 -0.53750735525255
0.0211789521443755 -0.0315322291142768 0.797301892139872 -0.0970044104261817
0.0212623309893181 0.028871828862976 0.575057862642749 0.648060845804362
-0.0313622677169376 0.0196054526169973 -0.0784138609364973 0.616870951418542
-0.0383571858125596 0.00275114821936637 0.0335913537314417 0.0772744346113338
-0.0264713993140488 0.0022375681303149 0.124245868283443 -0.547369137789676
-0.00186501345780808 0.019546379223387 -0.516953324505966 -0.757609933517955
0.0177741820697898 -0.00013531852626977 -0.900619378045099 0.070849721018937
-0.0291697495453672 -0.0110242322543716 -0.252653884082297 0.703789751484636
-0.040866742539074 -0.0187574666285382 0.315666241511367 0.430399633624064
-0.0297724565405359 0.0122254507137628 0.317989728609377 0.0295712323052352
-0.00390375074025202 0.0324825075565285 0.0723100723517731 -0.210743076832606
-0.0126813282298298 0.0142878130276527 -0.0228854963790126 0.133731459785424
-0.0274542076319085 0.00999699089034759 -0.21812514385497 -0.0521110446103052
-0.0199219638650989 -0.029489544423519 -0.261501362775758 -0.331243774598705
-0.0155840237966044 -0.0398480069647012 0.270930404315449 -0.518809310677296
0.0153521885000231 -0.0298155637625603 0.807366398191007 -0.0437200059067614
0.0164584580224598 0.0238721289893153 0.539903622285097 0.692181976256083
-0.0274965539118189 0.0145437974948399 -0.102742236930254 0.622201391238109
-0.0326922192402444 -0.000257257386719298 0.0305388680683055 0.0755421559018802
-0.0228856395370844 -0.000476635012568283 0.103820219341249 -0.544785232153418
-0.00533229574895598 0.0148585827600308 -0.551579550863172 -0.716163116150506
0.00763009384773465 -0.000283913543207882 -0.886965314359039 0.128543889819215
-0.0304828492363643 -0.00453777069413074 -0.213847927066832 0.71828239502946
-0.03339772615665 -0.0105658258434557 0.334644682512406 0.418212171239934
-0.0216562383682711 0.0183485545376454 0.320114727220131 0.0198460428988396
-0.00112743963637996 0.0327336745330108 0.0738431005780126 -0.215191930925855
-0.00925471435390672 0.0143788233595588 -0.0225387960609019 0.131838099400221
-0.0175720921901107 0.0154327194712792 -0.213996605411017 -0.0546022808601265
-0.00986338884707616 -0.0211617078382377 -0.24378052799666 -0.336431094891141
-0.0149302515923532 -0.0326781846354401 0.29822579944347 -0.505879804243261
0.00706764721889367 -0.0303853315116245 0.811202307562887 0.000354246696928734
0.0126472364548748 0.0168834208124918 0.511737318268076 0.723924828125012
-0.0232544953110585 0.00880216423232622 -0.124984776176027 0.624705258197548
-0.0245892538446102 -0.002059248738191 0.0303637432746484 0.0747625790631892
-0.0181156170068936 -0.00401784037161284 0.087154815526536 -0.544396531910289
-0.00904436238410346 0.00763817392966598 -0.577315683224483 -0.685282333988008
-0.00328262627667119 0.000339425207171666 -0.87911627391739 0.169676080890653
-0.0307985039881822 0.00477655176205027 -0.183830904883601 0.727115880235359
-0.0227724069090839 5.07667101960554E-05 0.348404057190137 0.407356728422235
-0.00958939035316275 0.0269849225938779 0.321068394536929 0.0116266069822282
0.00358228538422675 0.0315464967573707 0.0723709848498257 -0.218116776675094
-0.00329275987631274 0.0145293762913813 -0.0256264958328551 0.130929895488666
-0.00684526603111464 0.0224362873455763 -0.210876846241099 -0.0537966074036459
-0.00127714271438434 -0.00933497438558599 -0.231357589921071 -0.341099997733318
-0.0162546711315385 -0.0237817310985425 0.310112144310801 -0.500378077427683
-0.000417874340723589 -0.0315174880893589 0.809223956451297 0.0269806766566753
0.00965122635321505 0.00773578689553801 0.494481734850283 0.743051401425343
-0.0168471839986437 0.0032461364667564 -0.135151647520492 0.625796165957777
-0.0187264277814914 -0.00450032069185518 0.0319765629766658 0.0721908394507354
-0.012568291072728 -0.00824085148309063 0.0770252492789521 -0.546711366285571
-0.0133145883719086 -0.000702901881604826 -0.59456024123255 -0.664526690966195
-0.0124367404945416 0.00155952626843802 -0.871350549805338 0.198155063280726
-0.0295089413289093 0.0151652683739409 -0.162351656419336 0.731833800961819
-0.0118785942153894 0.0124620320034996 0.357477518690597 0.397770195696135
0.00387261727001258 0.0338238112560171 0.321019341050476 0.00754094473932402
0.0112685775031784 0.0307772037235556 0.0672602761059044 -0.216468693060863
0.00336875943361358 0.0147959821969541 -0.0306041068711554 0.131824910198479
0.00250313981920221 0.0288656342610573 -0.210622393556705 -0.049353705219749
0.00637597512984652 0.00327044765702349 -0.225824673331752 -0.344505237619768
-0.0163234756936789 -0.0135758110928525 0.316080030730745 -0.503183488520261
-0.007763736553238 -0.0330338086069254 0.808455725246993 0.0314302391496945
0.00822038894670011 -0.000778125654154579 0.486898644439994 0.747566711775758
-0.0120682505145362 -0.000216003820528183 -0.134961903172888 0.624604140002585
-0.0141294346795454 -0.00618773946636082 0.0357985148004681 0.068812666912453
-0.00778214471182965 -0.0125997167966966 0.0750622964454205 -0.549193689571442
-0.0154917438180992 -0.00994228294869304 -0.599793525198285 -0.661615309552585
-0.0191675950915934 0.00118893242117677 -0.870938554843873 0.203664114432119
-0.0263152547330461 0.0243049593192564 -0.159202207537866 0.724574613156363
-0.00106899988474961 0.0244317809639504 0.360659126591359 0.391234230733569
0.0154063766206035 0.0390977411116642 0.319267133503191 0.00852902279931867
0.0198562040262771 0.0273612544626495 0.060213172179665 -0.213058771624101
0.0100246206385077 0.0132842313034111 -0.03780024083369 0.133601956284375
0.0100401921750529 0.031910951987479 -0.212145831906839 -0.0429954052349488
0.0111353076371539 0.0138236474170893 -0.227704895119097 -0.343690771556236
-0.0168612321175135 -0.00486831554544152 0.308166412390717 -0.512652141549995
-0.0121688994773813 -0.0350679931378894 0.804796427243831 0.0138077303172815
0.00972074083843577 -0.00740562505845978 0.500028306507499 0.735880401148723
-0.00794590134106937 -0.00240557579815689 -0.123571564356574 0.620907608362907
-0.0116426729685231 -0.00609431700683531 0.0405235530660601 0.065751972193144
-0.00407875379748679 -0.0155892051555801 0.0834365963409473 -0.553138250607399
-0.0161156710910176 -0.0168395038045343 -0.593161724896065 -0.672121199766109
-0.0236882227340263 0.000534061630668575 -0.881137687011053 0.18803235476029
-0.0234163200209349 0.0339498322856128 -0.171414700475464 0.717559601489276
0.00576848810603321 0.0353305485371056 0.3546488186529 0.391075904054469
0.023729987936672 0.0432471728214246 0.317283936891923 0.0138194200328698
0.0275718300250217 0.024653235096198 0.0519937146871642 -0.207646082718744
0.0162222019323043 0.011948786610551 -0.0451243561251897 0.137028718099803
0.0130189384843011 0.0341373508979588 -0.217030891229627 -0.0353017126664241
0.0138620522588952 0.0210233317529815 -0.23876401517607 -0.340823551516561
-0.0157619806081852 0.00137379873156206 0.285767530586337 -0.534223273419618
-0.0141399804392999 -0.0358015210607782 0.799627623806956 -0.0295069162533766
0.0112438956742477 -0.0107678713188762 0.524680682293655 0.70781903465641
-0.00628421144406604 -0.00234423385480335 -0.102270624086981 0.618476648731253
-0.0119046449520167 -0.00430951274168178 0.047157491348027 0.0634450688210922
-0.00239828225014337 -0.0159540201701342 0.0980809269340441 -0.557503714855883
-0.0134388065717619 -0.0219716462200344 -0.575308908967183 -0.702173654897262
-0.0247605409034845 -0.00100486850890965 -0.893792623846953 0.147803604016441
-0.0227721562727446 0.0389850416301283 -0.199298424740524 0.70434906503909
0.0071481548393135 0.0442203501748547 0.343598289809263 0.39870295979631
0.0285540515922642 0.0459863368946259 0.314634368582562 0.0244700391182776
0.0349526687295179 0.0222448944563303 0.043886819112089 -0.19940388216146
-0.0178271053818844 0.0061969361783803 -0.087023310770272 0.118839606774823
-0.0363317963800689 -0.0133365097798627 -0.19252659239104 -0.127345910032824
-0.018971993677764 -0.0447852574559355 -0.138325594122603 -0.411916858276073
-0.000856176778352676 -0.0450779857995231 0.417925332629783 -0.423595219342723
0.0288434266181155 -0.0202708585316647 0.773448547637877 0.196534754879025
0.00927727201091955 0.0355793087266625 0.287650795761629 0.801604159578584
-0.0395166341197308 0.00633450659657035 -0.30712488944205 0.529314460489447
-0.0402788955434972 -0.014286058508617 0.00266528845288291 0.0846296354772155
-0.0314695997089961 -0.0120599942837955 0.363237546201734 -0.429128864346995
-0.0166464096893133 0.0207574357730756 -0.0966564663574887 -0.922569495415733
0.0171045582345182 0.0179787867724417 -0.816874149829946 -0.373426298933214
-0.0121992092179784 -0.0151263262598654 -0.556095925712914 0.491432702879706
-0.0248980188206755 -0.0377368642521009 0.0794518960091044 0.517248881431642
-0.0286912473017803 -0.00986915618319863 0.264877582036119 0.163778483432003
-0.012735353702174 0.0231474910585668 0.147108932451239 -0.156870759143589
-0.0189999961665893 0.00562944056136351 -0.0805387825919335 0.11538252581105
-0.0337964269070369 -0.0107438845234593 -0.183534175290216 -0.133874862488136
-0.0130087366347995 -0.0437318218196281 -0.116735160643415 -0.411233530185324
0.00151771608416753 -0.044414701019037 0.443257667690429 -0.391986585700068
0.0255014660737634 -0.0200976332823466 0.760937882723697 0.252761533762028
0.00471624734949434 0.0324904217062288 0.24168379660949 0.82735272677086
-0.0372640061052468 0.00357360978593651 -0.33406659868377 0.522020641118378
-0.034720694449722 -0.0137301334201515 -0.00213589047885771 0.0829508349700465
-0.0279360625010412 -0.011493425157189 0.340175881024016 -0.436786181419972
-0.0170503192803569 0.0187819126478464 -0.148939255911075 -0.902331393634404
0.0106180388523762 0.0158516739438305 -0.833515395172522 -0.316764173771085
-0.0153794523608687 -0.0153412651410729 -0.528132157863906 0.525960344681129
-0.0219428341487562 -0.0330853067979971 0.101350667602506 0.517048891178468
-0.0266412064730787 -0.00342788101406496 0.274933852120579 0.156404206862919
-0.0148647983946852 0.0248672481374484 0.153950055464118 -0.160609978452631
-0.0178491572613345 0.00673004005305697 -0.075907724262453 0.111958939810653
-0.0282320418502162 -0.00364660126015388 -0.174894904230327 -0.137857427471593
-0.00573505685205295 -0.0347680161656384 -0.0947960488943615 -0.410471102305444
0.00147557505754631 -0.0401063964905231 0.466632397984661 -0.362461610047951
0.0198000101658131 -0.0217124621557422 0.744807298365834 0.305713100000253
0.00254133285446994 0.0262513662454568 0.190079148615629 0.850084088188058
-0.0324253164428577 0.0011468019408234 -0.359489638414838 0.516985862778985
-0.0288530811427349 -0.0129236608574038 -0.00430921585675529 0.0815960338398731
-0.0213683139167579 -0.0123947429196965 0.322919210942687 -0.444527953938267
-0.0177911846104074 0.013569009920194 -0.192262470408742 -0.88222151661629
0.0023247570670621 0.0126625601435652 -0.844917082375876 -0.2605601709358
-0.018937144532213 -0.0106005122593091 -0.499207900002376 0.555288730204229
-0.0185864744956437 -0.0226895069952709 0.123426096176028 0.514492855955367
-0.0221256639355021 0.00696868392645039 0.28096823841161 0.147826732060035
-0.0135159684578866 0.0262662231484731 0.15742328648 -0.164529244541273
-0.014583429932655 0.00863075859669194 -0.0760310174882137 0.109250315023678
-0.021990709364059 0.00663420278498927 -0.169377753186274 -0.139363320260033
-0.000958186597607982 -0.0244237754266145 -0.0755488823676077 -0.409442101651973
-0.0014931951456108 -0.0346333457802237 0.484508256002199 -0.338629820208982
0.0129012395630326 -0.0264796267365993 0.728608177694508 0.34755725246604
0.00216930725547245 0.0179132740172556 0.151986615858946 0.868518195867954
-0.0258078853951869 -0.00155844811721733 -0.377130471555516 0.512078765287049
-0.0212499219832099 -0.0125617754647543 -0.00418995178170497 0.0795944749330378
-0.0162624061224639 -0.0132672191234465 0.306218816843762 -0.45130759371101
-0.0177121792931936 0.00572054111867249 -0.231222673731986 -0.863148554532366
-0.00583999502967378 0.00897122176105367 -0.85498195443614 -0.219253271600217
-0.0225008378470452 -0.00150209443337729 -0.473390383788157 0.576678600617922
-0.0126496448504351 -0.00913681423120212 0.140287370065613 0.511409074664738
-0.013908178934567 0.017801196291697 0.285208264332449 0.143070761699075
-0.0077096029426793 0.027431897145838 0.155637426476517 -0.166330605302053
-0.00905192920964177 0.0117567367833194 -0.0770431653285459 0.105823071331414
-0.0153591197013736 0.0172028730421569 -0.167142945691618 -0.138000062950396
0.00224321625402043 -0.00926793591652475 -0.0626079084072124 -0.408211879666302
-0.00633421621850332 -0.0268370581303178 0.496830549639458 -0.325470033514965
0.00657119145071621 -0.0310864602720024 0.718075764214547 0.370785923186154
0.00410241906201111 0.00859365588481106 0.125909650793171 0.876773590613957
-0.0172542677123192 -0.00368672266059192 -0.388320130375729 0.506981990625145
-0.0142892401199365 -0.0119677850707989 -0.00226492953875011 0.0777630253600511
-0.0103138270107799 -0.0158917287590225 0.298424802184648 -0.456983402386629
-0.0177362300673761 -0.0033307424261921 -0.255109707329437 -0.853729879592571
-0.0149911861847713 0.00581643432235176 -0.861246773424227 -0.192178436227554
-0.0242964090835521 0.00810250356600784 -0.455643180453986 0.589106412036915
-0.00598642587773252 0.00727350656995663 0.152188912382996 0.504808071853931
-0.00515993145472667 0.0285620771582606 0.286830858120771 0.139022987584692
0.000578212858026898 0.029072816798417 0.150448421685273 -0.16811374751044
-0.00364770294023839 0.0151409942442034 -0.0829281947103542 0.104291192197675
-0.010042856373695 0.0267829070514902 -0.167984293625404 -0.134396982612452
0.00327712997359205 0.00447362703053656 -0.0556156185141915 -0.408879984452756
-0.0110553013390583 -0.0187074994932353 0.50219645501521 -0.327389783184169
0.000947733835267397 -0.0351382918871516 0.714058228839285 0.373564228986847
0.00709214638970683 0.000557810780238987 0.118738212845882 0.88072775339943
-0.0111487161839155 -0.00564733290370466 -0.387818981497242 0.505531693437659
-0.010004093487328 -0.0109099291811298 0.00327161656346017 0.0771766952259004
-0.00383880578789663 -0.0171989174932425 0.299239662141118 -0.459174159659141
-0.0166692525826562 -0.0113092183863346 -0.262346687151096 -0.85106960246896
-0.0214160356224488 0.00402802291762822 -0.863351338203667 -0.18805176994022
-0.0268073223069485 0.0175287708562131 -0.451722527879747 0.585470451251327
-0.00211063022984483 0.0222349639010317 0.156654547066057 0.502380967052016
0.00418889901267848 0.0385275625671872 0.284397775322124 0.139929922185935
0.00891290317996496 0.0288675448474891 0.14284513186677 -0.167831229988326
0.00274323718003026 0.0175559493015029 -0.0907940469689487 0.102686630862188
-0.00551713039471345 0.0334050231767275 -0.172101118558305 -0.130242819991867
0.00336652002965085 0.0167438951411872 -0.0567126780514689 -0.410299242216748
-0.0149118740432559 -0.0110776545345459 0.500750957941508 -0.338953926050116
-0.00249463035884292 -0.038378192959986 0.717427185613984 0.356845843738058
0.00941492849675753 -0.0052600244768063 0.134342981785136 0.871920588790841
-0.00701710853673036 -0.0047371329611912 -0.377214283591876 0.506917098839251
-0.0072880662324296 -0.00951967628271018 0.0101062355577175 0.0764301946168112
0.000187260582442568 -0.0184832564720868 0.307569413169131 -0.460630616053247
-0.0143441275040434 -0.0181919008567052 -0.252325869291869 -0.859976486418212
-0.0255868656094718 0.000895437185636568 -0.864270128033166 -0.20624395666925
-0.028211052598238 0.0268031256913644 -0.460272768329911 0.57257606824108
-0.000731596220352335 0.0356900279067585 0.153080591752182 0.499479703073285
0.0100589912294216 0.0460879581443369 0.279122495834355 0.14445382857389
0.017162522476927 0.0301323506448886 0.13287133865729 -0.164690097341925
0.00916746654443532 0.0181052389236135 -0.0992456694059266 0.102210685196989
-0.00280478107837627 0.0363384644925341 -0.179334778559149 -0.124264323387348
0.0024185655146569 0.0245754168615331 -0.0669862036586253 -0.412532185446148
-0.0169868137397384 -0.0041908210145834 0.490608750256832 -0.368326636194614
-0.00395178028916431 -0.0396354677962995 0.731445188526743 0.316750311407114
0.0127781511687841 -0.00786552369775816 0.166492298978091 0.857920136213041
-0.0045355892988638 -0.00422671507228574 -0.356685582776948 0.514082765669564
-0.00798296184202921 -0.00866356584289854 0.0155047538592426 0.0769314571263055
0.00231621899251425 -0.0177775840300399 0.320728978589255 -0.457827168236217
-0.0103072326757176 -0.0220526632211239 -0.22232417602983 -0.877931144329718
-0.0250724393607369 -0.00139655545231161 -0.860097175196461 -0.24641326677402
-0.0297814234416155 0.0325708233378211 -0.477876038973445 0.548346360954802
-0.00262401709613978 0.0435727254242702 0.138349058696286 0.501714619596873
0.0138080634461908 0.0508010035573834 0.272256938348912 0.152577482141596
0.0239923646477261 0.0305859223799873 0.122986139381873 -0.160132451074553
-0.017077820874819 0.00618813463433183 -0.0862094971915577 0.117360091375504
-0.0360490075303004 -0.0124065003973073 -0.192560910321522 -0.126602279481
-0.0183647238319395 -0.0448442128426972 -0.138581307779206 -0.408528927749888
-0.00069347538345166 -0.0440939131426083 0.415467114746063 -0.425004037523819
0.0281228240994182 -0.0199613546477656 0.77032762301773 0.191665613376585
0.0090004714179414 0.0342326002779411 0.290510858883352 0.794753813285451
-0.0403297964297719 0.00732945433469781 -0.301798810773035 0.528189094571584
-0.040030862666878 -0.0131309900752583 0.00288603921177001 0.0836700839482501
-0.0315241654500151 -0.0113280862306914 0.35765306358402 -0.426569248319871
-0.0158715714671205 0.0207407657367156 -0.100316872170322 -0.917667540638247
0.017347983661846 0.0176840453254168 -0.816808638726316 -0.36859617110484
-0.0120874328033361 -0.0162316846500279 -0.550096984363528 0.490120705366365
-0.0255645557629652 -0.0372613149489221 0.0819575404521692 0.514857581418939
-0.0273532687965433 -0.00876038871227134 0.26592728296792 0.163295773860416
-0.0111933921178854 0.0237434225590788 0.14665623495212 -0.155786517661254
-0.018528949077271 0.00611775469666259 -0.0797319623031885 0.114827970881563
-0.0335008260027505 -0.010460308609905 -0.183785697441986 -0.13182303781678
-0.0131411472799518 -0.0432479398223317 -0.117060609398716 -0.409595574663751
0.000761849006659344 -0.0436377203872369 0.441008509915122 -0.391675717842927
0.0251476093065903 -0.0203998133105585 0.757424585691074 0.249016412513776
0.00500243066883121 0.0314927669174742 0.241998073959891 0.821981713986695
-0.036952958004197 0.00410556505589837 -0.330980428897443 0.522505154629925
-0.0353513658426782 -0.012755847326998 -0.00200496949143094 0.0827641767796619
-0.028080521189463 -0.0107329820820615 0.335446269356561 -0.435245031362339
-0.0170835253204316 0.0185216893876224 -0.150814483800487 -0.897313298607052
0.0112265452206569 0.0155822884104538 -0.830183229731513 -0.311120647211789
-0.014991982297098 -0.0144907537567197 -0.522625618600992 0.527993868727593
-0.0227531741666982 -0.0326517810425824 0.104423724345901 0.514161511815844
-0.0258841441499845 -0.00250029886390412 0.275136523283522 0.15411893657332
-0.0133925913834776 0.0251612380195338 0.152868197488855 -0.160366397289232
-0.0175338135645226 0.00660888827493029 -0.0758426727004264 0.111617281028207
-0.0275138405577062 -0.00281844725432512 -0.17556274361496 -0.136538202800726
-0.006141942160945 -0.0351787417664796 -0.096138312386872 -0.407887358256901
0.000734984220302446 -0.039971696360628 0.462217862223408 -0.363073931778105
0.0198001119226643 -0.0225390773923231 0.743933730358986 0.300240870558515
0.00304982581371486 0.0248560690229291 0.192890940931388 0.844732700497549
-0.0321087266814944 0.00116321940534456 -0.354963875281337 0.515248012161012
-0.0290687736480865 -0.0125453938984831 -0.0048799422882769 0.0813330304517199
-0.0238471227534265 -0.012177203330068 0.317949618619894 -0.442618800413516
-0.0180782433955843 0.0136077418566068 -0.19722385966505 -0.87689320963581
0.00329938007447957 0.0119274868246456 -0.843758165855861 -0.254983220263785
-0.0188996296170664 -0.0103330413270761 -0.492985918710691 0.557785128200554
-0.0189511406291419 -0.0223954167689345 0.12607455334104 0.511318501012233
-0.0210059585287183 0.00687278500822965 0.280832553327013 0.14640350284255
-0.0113891554572468 0.0265213510784381 0.154952689347951 -0.163824245791412
-0.0148609919444461 0.0091965777026485 -0.0748503123972946 0.108944931692653
-0.0216314970784326 0.00702946860618062 -0.168663412628527 -0.13684119029342
-0.000803470977856363 -0.0237857919790392 -0.0759428643559164 -0.406162951566273
-0.00183205700288561 -0.0341316972898885 0.482994559885943 -0.338892649057059
0.0120109041502167 -0.0266159184092609 0.728168394196871 0.343461161052484
0.0020521454971805 0.0168483427807545 0.154266293336881 0.862260956979276
-0.0253674225313944 -0.00217653461766128 -0.373534115488039 0.510566668404928
-0.0208660909666833 -0.012712023504205 -0.00493646706031687 0.0792632302550522
-0.0167036374150632 -0.0131955525909841 0.301958435236789 -0.449114719247434
-0.0187998830403556 0.00594522357388533 -0.231810557929091 -0.856801549785037
-0.00503413701540804 0.00931404511837592 -0.852378575443451 -0.215288668031063
-0.0222413696449226 -0.00230927046924455 -0.469219901275981 0.575504872093838
-0.0133688799472638 -0.00891709346990896 0.143483250425289 0.506656666788739
-0.0136741979713305 0.017772067025535 0.285622405538428 0.140368380299159
-0.00676091682501761 0.0271016134366737 0.154164819943458 -0.167889937765666
-0.00915191041602085 0.0118544810964579 -0.0771490892150852 0.105666169922159
-0.0157073526518498 0.0165592110246522 -0.167600359318897 -0.136005139662541
0.00241759899470264 -0.0105546748970735 -0.064396612360839 -0.405240992261933
-0.00580119306486187 -0.0268395786865637 0.495655408450083 -0.325697889700751
0.00623933911495 -0.0308392802205275 0.715685080875017 0.365650467959895
0.00361945929514463 0.00788207460259577 0.128926346166735 0.871254325599831
-0.0173570058562634 -0.00375324094671203 -0.385274905253433 0.505739222117703
-0.0145908102662089 -0.0110516339006114 -0.00184363722932702 0.0775535108858534
-0.0105192123410807 -0.0152448626242838 0.295655232551074 -0.454510513556579
-0.018678676605962 -0.00360468651337875 -0.25681238754842 -0.847353386213933
-0.0145078830770552 0.00638759997895033 -0.857986266355892 -0.18819814999667
-0.0242279436677369 0.00810692458592852 -0.450576801127472 0.586459871181887
-0.00741876952554711 0.0067838590403687 0.155267259445906 0.50249525192778
-0.00432697014060862 0.0291552456214897 0.286719768447509 0.137126904147616
0.00143092481157141 0.0281653549940223 0.150009985203887 -0.167643594944686
-0.00317294805506275 0.014859490667286 -0.0829145641981373 0.102772858551344
-0.00984295900676124 0.0268099162987891 -0.168119642180337 -0.133626462104439
0.00430219158036469 0.00462374817061219 -0.0560803640220854 -0.405676168118115
-0.011026263542618 -0.0183989195616576 0.500811961468672 -0.327122490811186
0.00066501497530936 -0.0350499177108975 0.712280443320346 0.369009752058977
0.00675133064644271 0.00064782480684137 0.120853107136521 0.873925243740511
-0.0106024364620682 -0.00549536350380314 -0.384209084458963 0.504118431165787
-0.0101994652046806 -0.0107046484051368 0.00342651238305472 0.0761310831793308
-0.00431969492202882 -0.017582242805043 0.29553367830682 -0.458319110619494
-0.0170415974626208 -0.0112354932834088 -0.264505053369325 -0.847494519053577
-0.0210436756426145 0.00379618414221494 -0.860479083383522 -0.183766564284959
-0.0258259722376161 0.0181149187489817 -0.447485082078143 0.58424380746525
-0.00269700012151953 0.0213657911557155 0.158392208137413 0.499733939205856
0.00433306800913497 0.0394801164329351 0.284394623577737 0.137405137461897
0.0091751559182027 0.0286849107716749 0.142015946913523 -0.16706124103197
0.00356734517367075 0.0175632562263122 -0.0898696217849672 0.102143287832357
-0.00584585301384836 0.0337613937749396 -0.172371359433034 -0.128467727835973
0.00361458321766952 0.0161997941440487 -0.0565838253894219 -0.408048282701537
-0.0146410635400186 -0.0102796080859181 0.498720959785877 -0.341150522175021
-0.00264601124840633 -0.0383675210800979 0.716255736304306 0.351975474187001
0.00968241284256465 -0.00589767081098417 0.135970277922579 0.868720474738157
-0.00732460563760771 -0.0054172116729433 -0.372095158528362 0.508024281113365
-0.00759241647453317 -0.0091831105220509 0.00922596299865948 0.0756278215275883
-0.000108697594934438 -0.0172703439184264 0.303507531685579 -0.459969147801806
-0.0146290578127078 -0.0183640874802419 -0.254747774167949 -0.854851862923364
-0.025437161350557 0.000913890556517846 -0.861294721641746 -0.201975543344907
-0.027774217260285 0.0271574680465191 -0.454537805822956 0.572203215677847
-0.000532073659961739 0.0346482942937599 0.154476092183736 0.498209083288226
0.0110885081389957 0.0459014481729279 0.280068416600623 0.143121682635653
0.0186102759299192 0.029438874850875 0.131825701346219 -0.164067342280941
0.00908991672410324 0.0183277743105841 -0.0983330985219567 0.101537592118489
-0.00178801776578473 0.0357280336090606 -0.180676913561711 -0.123288578919467
0.00250501767654772 0.023681356113785 -0.0670180890130575 -0.408211723308097
-0.0169275871759607 -0.00393353349141947 0.487489313222472 -0.368715089784013
-0.00437098038527652 -0.0395366383356315 0.730553858005858 0.312190881991431
0.012651373281853 -0.00856561904884026 0.169172585029721 0.854151930131591
-0.00484469683393454 -0.00441060614358539 -0.353024472750798 0.513230496110432
-0.00839999331320953 -0.00876544772844227 0.0161488815195651 0.0764775440732758
0.00238800663578406 -0.0177595527140199 0.318549650130463 -0.455225528084783
-0.0103485701296914 -0.0220780126305402 -0.22600936329792 -0.873638734152958
-0.0253352731440001 -0.00165577375870824 -0.857419289979223 -0.242046868565315
-0.0297634761838764 0.0323744297629241 -0.473199631835618 0.549149388583016
-0.00217699547438092 0.0437187791887891 0.141622060277282 0.497505446018044
0.0138433123831014 0.0494527049763494 0.272665646306102 0.150333915448265
0.0242770760572279 0.0297915217841723 0.122528343563135 -0.159721833582924
-0.017426882917767 0.00588531405389385 -0.0867375046102376 0.116983780228151
-0.0360328072818773 -0.0125504645506534 -0.192435478174553 -0.124408965208699
-0.0190151932278891 -0.0447431816436046 -0.13900631641334 -0.405566498863617
-0.00125510423149727 -0.0439156557685233 0.413418081933895 -0.423448231937404
0.0282916733378921 -0.020701775965313 0.768925295197674 0.188119963665228
0.00967258620555344 0.0337556276961903 0.29188035721185 0.792493518485039
-0.0398051826688057 0.00737268194359748 -0.301993436529037 0.52696681281649
-0.0397075918751776 -0.0128728863558934 0.00231077395641642 0.0839017820654593
-0.0321584901596376 -0.0108491398688609 0.354443787191421 -0.427049796624789
-0.0157573027337508 0.0211258809520539 -0.103574914431549 -0.915663692822348
0.0180429042985541 0.0176733530800649 -0.815706849354079 -0.364585205039598
-0.0120649934353296 -0.015012517723923 -0.546893363247469 0.493852463777735
-0.0260069090542723 -0.0368370171404234 0.0835976918844944 0.512168652522163
-0.0272422531056674 -0.00877956453201299 0.266398064381556 0.160537565036889
-0.0109923827206728 0.0233964966661754 0.146214123387209 -0.155846633901909
-0.0180979491317362 0.0061006015705967 -0.0798336309179253 0.114821646731779
-0.0328716954024456 -0.00972312305454384 -0.184066168637836 -0.13160483202234
-0.0118302530937374 -0.0432698887504424 -0.116744217210847 -0.405473089251469
0.000978663999696434 -0.0436624489614919 0.438483451950588 -0.391808387767041
0.0247719172120794 -0.020411509200082 0.758512800482466 0.24526757134816
0.00531428895009582 0.0309121747376834 0.246418406106365 0.817949578467823
-0.0371425526379271 0.00431743480575272 -0.32804275056638 0.521808789344038
-0.0344398323025516 -0.0128829089914272 -0.00229027865319308 0.0823516059187442
-0.0286695628749131 -0.0104152868680739 0.333815898900544 -0.433337452638266
-0.018224389743213 0.0183725457524149 -0.153471561863341 -0.893836210795574
0.0116911745187089 0.0154251928468079 -0.828794151529736 -0.30662984737143
-0.014766431347199 -0.0145219388613041 -0.518149613038107 0.528098317052915
-0.0236427127083522 -0.0322802748178071 0.10481335759935 0.511064484015482
-0.0256330986688793 -0.00220370349871122 0.274129541256052 0.152322574806659
-0.0121670693015452 0.0249988970435687 0.151998895153289 -0.159831529363243
-0.017303126340115 0.00695120699139284 -0.0758373217320697 0.110247818402441
-0.0284976168890221 -0.00308115972190267 -0.175637897806442 -0.135019677295898
-0.00619668860950076 -0.0358857356619479 -0.0966655559262959 -0.404804281969581
0.00109840135737998 -0.0400725887237636 0.462491581150934 -0.363721792134967
0.0191689593071787 -0.0225544473539085 0.743338007895865 0.296158135872229
0.00288708437171837 0.0247824794353507 0.197015364999675 0.843643630630885
-0.0318023875337569 0.00154713649635712 -0.353409276934069 0.515307271092429
-0.0283286906859079 -0.0122089334987116 -0.00330286762792366 0.0803044902854654
-0.0234467898964231 -0.0112252510993645 0.315289334428878 -0.441006233300647
-0.0185628053759298 0.0127115561056854 -0.199606359574718 -0.872967435659208
0.0038799839942707 0.0115937419602905 -0.843307051688887 -0.251887486627543
-0.0196418211677788 -0.010086446343366 -0.488819365608787 0.558577558340821
-0.0190057903066265 -0.0217560642637907 0.128669458146181 0.509017376912813
-0.0205023742114025 0.00712910300045568 0.281854266516227 0.144553671349457
-0.0105519226200705 0.0258555957644273 0.154702152194085 -0.164130280852687
-0.01376711329476 0.00885920929094755 -0.0750963470381679 0.107471412251524
-0.0215524304597194 0.0065069434790885 -0.170214598156401 -0.136125952795828
-0.000970695339854653 -0.0238617844597405 -0.0758125710499317 -0.403761988970164
-0.00184626471337816 -0.0336880124532781 0.481272916942696 -0.339763963586094
0.0126334939397696 -0.0259349079369923 0.727030785117588 0.337855861720734
0.0027897094577717 0.0160245839416083 0.158513874426292 0.859406751631665
-0.0248681640699541 -0.00168316999625259 -0.372290560735918 0.510565646049086
-0.0210605767761595 -0.0114861417845648 -0.00501305731539291 0.0786557297012977
-0.0166894557676988 -0.0125331258610118 0.300386096911831 -0.447679776392009
-0.0187870662018821 0.00527915444049202 -0.234027029083389 -0.854947998182268
-0.00525428255982421 0.00864305610308508 -0.851309537607743 -0.210135649578262
-0.0217636385807951 -0.0015372401497347 -0.465041350294028 0.576551900158961
-0.0141447695118145 -0.00843311239153164 0.145003063856373 0.504278864487214
-0.0123701708574721 0.0182230810120497 0.285676206511661 0.139178601086447
-0.005760925965823 0.0275680821876212 0.153570151663667 -0.166403167640879
-0.00844788140598483 0.0122080715196697 -0.0764115288737978 0.104769774009204
-0.0158537457870719 0.016783103858546 -0.166859469972869 -0.135009214764098
0.00226453395893114 -0.0100221010540153 -0.0627385506834062 -0.402575672490408
-0.00609171524822486 -0.0259117503398083 0.494179504313191 -0.327492336597464
0.00583024486669777 -0.0306988166289449 0.716147084930962 0.362028920895554
0.00418061770264019 0.00724707705297227 0.133620671264319 0.869273670552113
-0.0172213147838195 -0.00344092440117087 -0.380842405673759 0.505323051145735
-0.0149577461216135 -0.0110334739385884 -0.00138838144553124 0.0771853826242912
-0.0111379733181513 -0.0150877437711022 0.292119427364844 -0.452807625601928
-0.0184159846403687 -0.00323311264844065 -0.260292097646245 -0.844173156858783
-0.0142626522419243 0.00607828434756871 -0.856570614156862 -0.185568335504982
-0.0242673150300059 0.00873336117268237 -0.446688395268709 0.588978171025621
-0.00764198924331004 0.00704363245950392 0.158576742063202 0.500528043113117
-0.00307966571053374 0.0289934806783371 0.286776617592706 0.135877614024342
0.00136259033684689 0.0274108791503087 0.148933442177607 -0.167325085222938
-0.00304358194496317 0.0143510878959849 -0.0829895067348978 0.102742766890391
-0.00971047815515132 0.0263272889346333 -0.168525864891047 -0.131536948123212
0.00370666694485818 0.0041536426863455 -0.055222639335753 -0.403848705526812
-0.0107902913042939 -0.0178987177085153 0.499302317454105 -0.327689118283239
0.00124910589027097 -0.0349622060964601 0.711243493996401 0.365327492545426
0.00659266372903799 -0.000107811108043265 0.124684601161883 0.871479414763613
-0.0112609156413987 -0.00507772162166619 -0.381076779468951 0.504214586925377
-0.00952035449095921 -0.00968771216639013 0.00332251756433672 0.0756603490128556
-0.00512810689058667 -0.0168698654756429 0.292548836693457 -0.454413996654912
-0.0177803178715058 -0.0111202469924936 -0.266582378051623 -0.84269021088018
-0.0203287707098281 0.00346816770754334 -0.857062202375945 -0.178542468353336
-0.0264457718983176 0.0185105308779458 -0.444150804018671 0.585357931394311
-0.00279593547923537 0.0216481388438258 0.160413611393028 0.498045198076409
0.00513295661035319 0.0386567110168821 0.284851565689757 0.13602909329705
0.0107467156279393 0.0280045685168467 0.141071662702074 -0.166162416187436
0.00393769512028591 0.0170859066549505 -0.0904418332274868 0.100866616420274
-0.00501763922532385 0.0333611000048811 -0.1726614261268 -0.127371888590448
0.00348730104961308 0.0160505050632458 -0.0568862793980825 -0.404464317935977
-0.0150441850390192 -0.0103899057259991 0.496193808700343 -0.342049206270283
-0.00310531124249769 -0.0382450479356615 0.715243159268011 0.348056777434333
0.00970787964785235 -0.00590220534769209 0.140446560016222 0.865858334841197
-0.00747043934827802 -0.00545854244439095 -0.369420087558809 0.50695001001573
-0.00731641765009006 -0.00933376970097648 0.00917509419529967 0.0756589827950602
-0.000492874542890971 -0.0170571648503444 0.300788619807605 -0.456938713399712
-0.0154690682185155 -0.0184348216962325 -0.256850614521705 -0.84919220887869
-0.0248111119283763 0.000532749549752479 -0.858535307504304 -0.197768226341717
-0.0275562744676789 0.0274164076676584 -0.450172238604175 0.573601143427076
-0.000322336189821134 0.0348632176033096 0.156437697035029 0.495294938890088
0.0114165963434491 0.0455102798633399 0.280251630082267 0.14054352926392
0.0190466979235046 0.0281618579734818 0.131192494537028 -0.163483140982423
0.00933401972148787 0.017736221485374 -0.0984382861035352 0.101217398232069
-0.00219390882970084 0.036549582776336 -0.180790836513906 -0.12104821183871
0.00293646122634227 0.0238368651087767 -0.0680628184058056 -0.405844884716611
-0.0167187820019957 -0.00343340502418423 0.485490313394045 -0.367544649577249
-0.00446790299830815 -0.0392898733215395 0.729250642272817 0.308017489691094
0.0124042679197822 -0.00897901925361392 0.173145111749878 0.851113598884212
-0.00511407990523413 -0.00418113074266539 -0.350965582190668 0.512910604228296
-0.00802542758044493 -0.00759750967651024 0.0151464268157222 0.076236052895293
0.00163208195295077 -0.0168625627420525 0.314929926983631 -0.454459928397194
-0.0112973133103764 -0.0224146325797518 -0.228144194091335 -0.870126181751784
-0.0254393035684646 -0.00144863395552354 -0.855630923253171 -0.237922229298226
-0.0291887163759084 0.0328109225578856 -0.469697414598913 0.549890177252734
-0.00272167377077018 0.0430609724743003 0.142900090146978 0.494732633806134
0.014654352579253 0.0498113485454827 0.273137518577392 0.148750556212803
0.0250087339558514 0.0289311135170896 0.121391370283137 -0.160016248233359
-0.0169607310095267 0.00570785042759962 -0.086627397347106 0.116067439797617
-0.0352985542049568 -0.0128225591166105 -0.192925389223618 -0.123226885379811
-0.0192396941520605 -0.0446989394206025 -0.139523873011931 -0.402500626707397
-0.000219311378674521 -0.0424495846486968 0.413137594053182 -0.425875221613422
0.0280179945669584 -0.0205739349256599 0.769702198209889 0.186457344924222
0.0094352730531011 0.0334476014753568 0.294677566975931 0.788986614890093
-0.0395612368352757 0.00723627504485237 -0.299304943879576 0.525043037118788
-0.0392157721250199 -0.0126481113440731 0.00311824261120261 0.0833336060355204
-0.0325884247402733 -0.00955366851091433 0.351507728179282 -0.425411166806609
-0.0166870485433777 0.0208669931468928 -0.105637590312825 -0.911545254368911
0.0172293966216091 0.0171959687627478 -0.814630357583528 -0.360021009264989
-0.0117143302424201 -0.014343941349792 -0.542122310078551 0.495243258954486
-0.0266249930498891 -0.0362139459983919 0.085843204735088 0.511222766244199
-0.0265854286732148 -0.0078552128679306 0.266766951826286 0.159501523293306
-0.00937795340532008 0.0233365780648477 0.145766874597972 -0.154950857507968
-0.0179129084143475 0.00579669538614251 -0.0799871641150043 0.113118598719763
-0.0330807056460409 -0.00923197200626327 -0.184520940385819 -0.130132866797976
-0.012995010916069 -0.0429106606864922 -0.118913439918448 -0.402713472753557
0.000588371771775456 -0.0424908454825671 0.438099580140303 -0.393951765120155
0.0252088801461808 -0.0206534220339006 0.757907522831032 0.241590793448683
0.00512574466253846 0.0300808530859038 0.248168334679173 0.816795222269926
-0.0370792812801276 0.00487103616614848 -0.325501817836076 0.520482400441541
-0.0343575474271888 -0.0121929744831306 -0.00148883407528789 0.0822089305489973
-0.0290480569654803 -0.0101231256353785 0.330905602830851 -0.433251212903603
-0.018458072813913 0.0184551359929303 -0.155645144765457 -0.889951243091972
0.0114272797577859 0.0151305314585276 -0.828877911460808 -0.304552760624241
-0.0157956840129241 -0.0146462017581947 -0.515092207335257 0.530198031001193
-0.0242023844476008 -0.0318704291830385 0.108582691398565 0.510622090979161
-0.0251696920408559 -0.00180914217380793 0.275654312591447 0.150510062854507
-0.0117343484956673 0.0246304769250826 0.152047342340827 -0.159714782802415
-0.0167325494840009 0.00704917034180099 -0.0758893876320399 0.109367743979086
-0.0271723363307289 -0.00283944493732104 -0.176195178525365 -0.133738336367713
-0.0057133611794238 -0.035429029172336 -0.0962717804962589 -0.401843746953092
0.000311728732926421 -0.0392221473908293 0.462769435456182 -0.36392069810707
0.019094726524362 -0.0227548275432811 0.741329723593218 0.292218012746438
0.00328730720783628 0.0243716291177636 0.199019624365613 0.83956742797549
-0.0319865068875698 0.00216291754831243 -0.351515772758599 0.514802181325361
-0.0278487740016789 -0.0114560553968289 -0.00416763249719315 0.079999921335588
-0.0235587264485172 -0.0105657540849843 0.313701048027964 -0.440161843253839
-0.0189138480159967 0.013130640245453 -0.200562187317885 -0.870441973790207
0.00340816425287948 0.0115066017757977 -0.841668275430111 -0.248365158115852
-0.0188613413009358 -0.00948415228000683 -0.485591459649724 0.559699017477854
-0.0199912920988583 -0.0220210893781601 0.130921976345416 0.507944242977527
-0.0198782236988987 0.00763451468727607 0.281488822300238 0.14265251242001
-0.00949819332709608 0.0256180155004219 0.154122309612455 -0.162960281404874
-0.0140484573252539 0.00917441221885828 -0.0747310522167043 0.107629176607891
-0.0214218825331194 0.00666648533495444 -0.170816773293285 -0.13557476800986
-0.000314811449704109 -0.02423310964045 -0.0758650925087578 -0.401833391132145
-0.00176964446884043 -0.033253260883454 0.479761911230465 -0.342763143802153
0.0122598356408147 -0.0258911414040892 0.726074861895256 0.335564790225753
0.00278763220531684 0.0155834838599995 0.161453800317604 0.856726647961658
-0.025099773844118 -0.00184963042374301 -0.368174328567843 0.509729792187102
-0.0212873067229207 -0.0112005815812904 -0.00449077961627817 0.0790953180297064
-0.0165849792610222 -0.011992754888334 0.2986763840787 -0.447671105971946
-0.0196407339147893 0.00545541820373374 -0.23703938140549 -0.851361324294464
-0.00579777491217108 0.00811041661666871 -0.848544457125855 -0.207904389567881
-0.0218761833978273 -0.00192405299540962 -0.46167098177214 0.577961689866333
-0.0137102383252274 -0.00835584196178398 0.147160483960375 0.503441326407559
-0.0117459544640565 0.0187513300097339 0.285941884009433 0.137056141478155
-0.00437230489630649 0.0265090418010555 0.153215193392199 -0.166247318248257
-0.00820204686407012 0.0120748882524236 -0.0770734356098551 0.10442088645361
-0.0154721793026581 0.016962021660883 -0.168184643626489 -0.133998303209438
0.00240432111426441 -0.00936354552226956 -0.0638659744574399 -0.400884878339267
-0.00618344555689485 -0.0255604639073522 0.491265821934032 -0.329286814407606
0.0057558093609088 -0.0309192098811757 0.715987227251137 0.35945283784231
0.00415209309483271 0.00720053079650556 0.135294893294046 0.865885032971331
-0.0182304375774328 -0.00360348657265313 -0.379392973835773 0.505035295439804
-0.0147902639735239 -0.0105716234352177 -0.00162383564149769 0.0768149711167073
-0.0110405005313751 -0.0143107079241078 0.289169393016845 -0.453083212378853
-0.0190593529580308 -0.00290683881300328 -0.262374890167542 -0.841593221202485
-0.0140442161971123 0.00626409162546996 -0.852985115780324 -0.1799173840319
-0.024686830540006 0.00930202861342415 -0.44451359129291 0.591274289401199
-0.00770831850513734 0.00708311782412682 0.158075372335801 0.500262503458586
-0.00255559234809184 0.029240554827634 0.287043242943227 0.134027405709742
0.00312959712264189 0.0271698238098413 0.148870965514433 -0.16745888853313
-0.00271861287415911 0.0147059661578063 -0.0826977167410719 0.101795831148942
-0.00956096995089889 0.0260666409278179 -0.169235619415515 -0.131262309373513
0.0039926662106897 0.00405580661962514 -0.0553955564835623 -0.401645187746406
-0.0108677940232201 -0.0176026581042058 0.497624998387997 -0.329426248165709
0.000264916364897378 -0.0352521454687173 0.711065882066942 0.363587848463414
0.00685671892692872 -0.000501005248353644 0.125706876064319 0.867987610418622
-0.0111165445264682 -0.00522903766554589 -0.378416883753479 0.504722794555403
-0.0090262029337982 -0.00941633510902445 0.00306987420618868 0.075258481723196
-0.00471940762937154 -0.0158409364231991 0.288653149089066 -0.455039171995091
-0.0179875521705068 -0.0111108591095066 -0.269961106920275 -0.839983597524793
-0.0205869182681927 0.0030822643184373 -0.858328063493189 -0.175601350040753
-0.0262737646851335 0.0183821153003253 -0.440163228162759 0.587321408665493
-0.00355016152353567 0.0221552671935342 0.163316396728687 0.495006320233889
0.00556905082949394 0.038246591457409 0.284758282977944 0.135345098646405
0.0109913000464039 0.0277438979368556 0.140442919889846 -0.165219226333221
0.00399186427639532 0.0170120716975162 -0.0904958971141976 0.100762026576526
-0.00538500914526469 0.0333945032159051 -0.173215005422023 -0.126900851062785
0.00390579515752786 0.015943233291404 -0.0566766528828651 -0.403820295629139
-0.0149881530579368 -0.00953033026546434 0.496281507299055 -0.343271664644298
-0.00290661125183148 -0.0383209336756146 0.717816603395023 0.34318054204657
0.0094721860167291 -0.00687644909661401 0.142542095772251 0.861831033902558
-0.00783954130075123 -0.00466085660167113 -0.368649830469072 0.507315950501147
-0.00693207164584159 -0.00856141904241826 0.00950321574560111 0.0750084748226185
-0.000537886411857402 -0.0173045689855683 0.297426021680564 -0.455933501876921
-0.0158400754608621 -0.0181652355614678 -0.259615911978291 -0.847369601906341
-0.0243758332514918 0.000963431054192616 -0.85738589304487 -0.195141851591751
-0.027566144699722 0.0280517481832289 -0.446677657748959 0.575068472368936
-0.000729510346214848 0.0348414373820951 0.159895624294012 0.492862514925828
0.0115949179803244 0.045699547111896 0.280280299755922 0.139057783754808
0.0195128939339639 0.027480690287586 0.131060491141454 -0.162772853475153
0.00990933226575139 0.0180964291224927 -0.0983108295071949 0.10035647247343
-0.00145099617480267 0.0361330426622219 -0.180211018531746 -0.120326439507495
0.00292268079652501 0.023937082036512 -0.0676025692007766 -0.403496631307577
-0.0166116155853169 -0.00267145232317815 0.483924958821944 -0.370646147960653
-0.00430072821088531 -0.0391981157345439 0.729898778974511 0.306523719527367
0.0125956270854301 -0.00909035066255619 0.178554412759945 0.849451890714674
-0.00561813615806296 -0.00400468226352484 -0.348288254920615 0.510619662730155
-0.0081541123081996 -0.00794968985630821 0.0155855191891995 0.0763753064951998
0.00120103984892192 -0.0170367223051093 0.313132564850583 -0.453312805893483
-0.0122588769267074 -0.0223972173880407 -0.229960630421533 -0.865832249137797
-0.0252915403687837 -0.00275367004805543 -0.854236952118232 -0.234109455159749
-0.0294788793728292 0.0333671207986269 -0.466101040607369 0.552662355955377
-0.00314551609235264 0.043664885956113 0.14562915258468 0.49480239256953
0.0157581967805968 0.0501206098504566 0.273530203343797 0.147607990171539
0.0261522367041105 0.0284739269848631 0.121694820867019 -0.15915024768147
-0.0168185881301849 0.00631276656375183 -0.0866778665970441 0.115193631627872
-0.0356245604507734 -0.0124504213355658 -0.194080929125566 -0.123331126378711
-0.0193830809946398 -0.0442792078595664 -0.139458912242904 -0.401654312915492
-0.00150995846124521 -0.0422642148869118 0.411880730177969 -0.425867753518801
0.0278096374355996 -0.021058714135062 0.767254343540194 0.182634760046405
0.00958025279040352 0.0320439772202529 0.297265640088835 0.787278196282939
-0.0402728942941384 0.00763544271421586 -0.297817346807113 0.525916385694121
-0.0386670449471031 -0.0117610551827066 0.00306331690877238 0.0830393849928028
-0.0320847172175682 -0.00998367582754366 0.349971664035731 -0.423955140441444
-0.0168823347766931 0.0204960988465758 -0.108682235745095 -0.911554627202983
0.017561342201772 0.0164995906170527 -0.816195578602329 -0.35909719505101
-0.0116035043251625 -0.0148080100203691 -0.540897249619183 0.496979802025335
-0.0279815374529095 -0.036500389295189 0.0895887611687058 0.511502565503523
-0.0266589382567695 -0.00753911883600209 0.267617387999725 0.15869652035223
-0.00881486096261684 0.0228490533791538 0.145607650772135 -0.155534573566966
-0.0175377899341002 0.00568987791282352 -0.0805263365372186 0.112779794647462
-0.0328703204505066 -0.0097854472454764 -0.185009458693598 -0.128878560034985
-0.0125352288334782 -0.0432904534590619 -0.117857379607263 -0.402431677221075
0.000851487884717198 -0.0429169166399672 0.437356840166849 -0.396410383975252
0.0247316554119366 -0.0210296210930784 0.758410413092772 0.239533991377941
0.00538926153362049 0.0297128675131803 0.252155831727867 0.814372925884345
-0.0380751725531806 0.00491274804772149 -0.323248118711854 0.521818917910106
-0.0345459959690421 -0.0120936885125656 -0.00174594983255317 0.0819059159252693
-0.0291717946924159 -0.00903179183137118 0.329155760505191 -0.433207133548608
-0.0181099797262969 0.0184427728616565 -0.158324191559852 -0.888879786181087
0.0125785162157216 0.0145314746454246 -0.828894678056482 -0.302545521537516
-0.0156406613047445 -0.0140058031663115 -0.514013579580774 0.532095344190356
-0.02496761361734 -0.0315069804247628 0.110511989457755 0.509732236344192
-0.0237779598090844 -0.00193604720284659 0.276282691693844 0.150056737590805
-0.0105061394011642 0.0241126259520627 0.151429814837234 -0.159624998506071
-0.0166281052763794 0.00744520996329764 -0.0766105328819063 0.109847502962252
-0.0274266977309708 -0.00267705653014413 -0.176603307879976 -0.132872252008522
-0.0059792995242407 -0.0357029280816802 -0.0958754794121556 -0.401967688109367
0.000844358646975859 -0.0390432911484239 0.461511504982464 -0.365343251565131
0.019168703325815 -0.0226742011752529 0.742949897613986 0.291972342159768
0.00322160304151898 0.024078931163092 0.200083311940352 0.839786454704205
-0.0326669581575717 0.00140901820342115 -0.350138926929103 0.514997198624495
-0.0279068151254054 -0.0118160538022176 -0.00434246494712779 0.080300352052838
-0.0234215855688101 -0.00974936380590199 0.311397546482949 -0.440765161408356
-0.0189319984605349 0.0126364476541827 -0.203090686730522 -0.869003302406289
0.00405177656129055 0.0110421403383828 -0.84294252638127 -0.246805572930476
-0.0186876587068273 -0.00929409328395798 -0.484355121659577 0.55876994595536
-0.0202427274610767 -0.0219335500811832 0.133034274322149 0.507221886141866
-0.0189064135751659 0.00802840611263025 0.283140011531412 0.141085502249544
-0.00966888817792793 0.0254378819751277 0.154318823948039 -0.163012312959453
-0.0132932433924959 0.00957124275872829 -0.075451841833731 0.106525017320997
-0.0214606986073775 0.00657692634703484 -0.171075934540617 -0.133868303275604
-0.000390070014287846 -0.0238958417208593 -0.0764902815234628 -0.400510329294623
-0.00203919117968518 -0.0327921952165776 0.478579579601735 -0.343934068917268
0.0126419334685586 -0.0263578112140199 0.72661229542426 0.333652156905366
0.00265757743751912 0.0149350272715601 0.161649283323649 0.855087451010072
-0.0253673637272117 -0.00120381214344767 -0.367550816856099 0.510313184215342
-0.0206212301875277 -0.0108951840692416 -0.00432516054309574 0.0781067584665628
-0.0174870953224731 -0.0121344054454535 0.295855455880072 -0.445606113521641
-0.0196360398313405 0.00503919136243824 -0.239297121716784 -0.848765572943059
-0.00531948099538802 0.00873198730949248 -0.851755461917118 -0.205166365223297
-0.0217105149838668 -0.001202226820998 -0.458374979485956 0.580231181292751
-0.0139323687949469 -0.00795358071649572 0.150012628218272 0.502936026198473
-0.0106360645507319 0.01848878367844 0.287306066155787 0.136153612035124
-0.00475322140289436 0.0261800849025318 0.153508946388897 -0.16578756222769
-0.00816203294756749 0.0124046299471694 -0.0773556575755789 0.103319192878839
-0.0148395717223144 0.0166055521184348 -0.168506213109494 -0.133646208355294
0.00248107935703384 -0.0101801174552012 -0.0626925021315855 -0.399314330322312
-0.00634695856894107 -0.0250528386305837 0.492143116600796 -0.330806784054031
0.00555620013019768 -0.0306387556834435 0.716313427583282 0.355705433737301
0.00369184302762079 0.00640828433646315 0.137115199256286 0.86520568855364
-0.0183405184100624 -0.00284570596476246 -0.378312317580961 0.504498613874992
-0.0138719023699221 -0.0106420610747469 -0.00174916335618239 0.0768526920592402
-0.0114877021205408 -0.0137017789275193 0.288216401932527 -0.451798665183542
-0.0196664196552557 -0.00301837888137703 -0.264118127676647 -0.840930462001063
-0.014125137477136 0.00514332556710588 -0.855430379833262 -0.178779480171491
-0.0241855664986708 0.00902185115130357 -0.441803883140513 0.592583542499333
-0.0083174801472595 0.00760434674538961 0.161768527907674 0.498401888040215
-0.00216891147778541 0.0295811340246506 0.288162580631512 0.133235299655619
0.00324229524771 0.0269932815188483 0.148924705006662 -0.166736368667673
-0.00191581016328748 0.0148353426565687 -0.0827421294546511 0.101218641895038
-0.00958160218710448 0.0267789539085011 -0.169120539268389 -0.130863070732664
0.00425534911778344 0.00356455679490146 -0.0547376722933968 -0.400501296829216
-0.011104207390806 -0.0168277925342547 0.498259228326973 -0.330809613549263
-2.69328311034833E-06 -0.0352100944676626 0.712622659913621 0.359748629605372
0.00629086333864977 -0.00150601215014803 0.130238195681237 0.86673652078288
-0.0118326962119021 -0.00487933057388729 -0.377413961355769 0.504599617006042
-0.00910423701867418 -0.00933601016979288 0.0032346264911694 0.0752392846386364
-0.00562025266518028 -0.0151949277929881 0.287668561617277 -0.454203983303383
-0.0181747447510014 -0.0115845251693962 -0.271687663728927 -0.837844809782855
-0.0203394299801122 0.00298118749030404 -0.858399807742266 -0.173680362168557
-0.0256886122650722 0.0187061661059927 -0.436486962873517 0.589368471018668
-0.00338454312373719 0.0225933804355259 0.165265486628471 0.493731420026858
0.00660039057382267 0.038953624541771 0.285737299095153 0.132972177389674
0.0126154108801573 0.0275291800227834 0.140510020121708 -0.165842303766566
0.00418212299534304 0.0166572233431687 -0.0901991891277523 0.100219263607827
-0.00510417469038208 0.0331155273722678 -0.174235466406444 -0.125346361693692
0.00417266430493956 0.0157805500063984 -0.0568343414412926 -0.402505456347256
-0.0148217310935034 -0.00900607509260645 0.496013965030406 -0.345308438822914
-0.00325815025600742 -0.0389473503099605 0.717962360098586 0.342620759958859
0.00922129732363776 -0.0071938405331953 0.145072590109772 0.86000041596671
-0.00728812966979176 -0.00484839886741022 -0.366736103914258 0.50842219571055
-0.00749702833875156 -0.00820048774439868 0.0088795514115502 0.0751658372416927
-0.000642060293188564 -0.0163143731808453 0.29723438396109 -0.455148775657503
-0.0164769401139446 -0.0183783714982025 -0.261629585891356 -0.845650726499821
-0.0245199204311516 0.000391429274825911 -0.858769409186607 -0.191544622711225
-0.0272007579084187 0.0275451422408207 -0.443830710823261 0.577646330649843
-0.00161132497810691 0.0348529281481678 0.161298582919936 0.493253519532118
0.0134912127901921 0.0462485794747573 0.280515438586063 0.138658179400849
0.0203568507256319 0.0268936825439531 0.130943180104682 -0.162517036302773
0.00972029542163268 0.018150202200325 -0.0989311169891891 0.100254532359989
-0.00165694308217176 0.0361671213705161 -0.180606780014203 -0.120124035967825
0.00303364709147964 0.0231643680902105 -0.0676660619091867 -0.403764123355081
-0.0167506252340077 -0.00285293414196868 0.484844437417759 -0.373474384433523
-0.00470006870942939 -0.0396971011166184 0.729116980542431 0.302605984167
0.0125563788677712 -0.00941352233665087 0.178550381441793 0.845323482780527
-0.0059988978322485 -0.00399406933923519 -0.346670310381493 0.510963746593953
-0.0066883732329857 -0.00735769563787212 0.015288008032842 0.0760814084718038
0.00147285866380856 -0.0166226320630916 0.312839211810576 -0.454043265896127
-0.01281964598595 -0.0223149250163386 -0.231469261975499 -0.865784549170463
-0.0249607109921567 -0.00192863878472739 -0.85461766266853 -0.233468366211415
-0.0288771760075782 0.0335827216869992 -0.46463800953434 0.55443277636899
-0.00291873270867772 0.0441112623207819 0.147400037492406 0.493676091475477
0.0161406913075876 0.0501836582869075 0.274404823610998 0.146530351364202
0.026944671023491 0.0280800490271016 0.121354184796306 -0.15972843021045
-0.0164152691057817 0.00604461409571478 -0.0868391045018103 0.11526497458445
-0.0360801547374999 -0.0121960146527469 -0.194206846170824 -0.121567102649393
-0.0191146501320992 -0.0440865608383014 -0.139348235227568 -0.399208850337464
-0.000721235274224999 -0.041602158272252 0.412193200570194 -0.428556798397272
0.0280684099657706 -0.0211358590927093 0.769096704963991 0.179960963993367
0.00894112011717666 0.0322427869054828 0.299507094481272 0.7860068838414
-0.0401941020407771 0.007923340513905 -0.296348629614124 0.526884698792826
-0.0388315413936246 -0.0122259045809898 0.00387747868979728 0.0832673494653816
-0.0328522843628894 -0.00899697825415752 0.34942586145161 -0.425106765842106
-0.0183913220771125 0.0208351610015632 -0.111386911312396 -0.909425027565956
0.0183820000880864 0.0165846910572889 -0.81607785958697 -0.356122520033751
-0.0121757941363083 -0.0148886290829195 -0.538162818224554 0.501998601264702
-0.0280706904137872 -0.0362633894495986 0.0894857643489725 0.510510975015909
-0.0258882159531127 -0.00728519574397506 0.269029259813056 0.158023029893086
-0.00738181746882685 0.0225006573526267 0.145769406830109 -0.155035985176175
-0.0175600341375076 0.00617399952393111 -0.0801573342535646 0.111981612349015
-0.0320928505285699 -0.00893856973782867 -0.185547078375215 -0.128486938390868
-0.0128923340333984 -0.0429069418750969 -0.117792163963454 -0.401357436982063
0.000979008855410937 -0.0417897074516638 0.437112685759515 -0.397497374414298
0.0242040528873778 -0.0212674099482921 0.758956113322726 0.23583284828306
0.00571373513483542 0.0298341314586168 0.256265968444649 0.813396666990653
-0.0381795606848549 0.00549508201339075 -0.323637126540621 0.521585935808558
-0.03397961391112 -0.0117930440760868 -0.00208485503845949 0.0818407664412709
-0.0298745534345647 -0.00843750081763487 0.328831232333625 -0.433153652657492
-0.0189487119497336 0.0186669057942287 -0.163088558638765 -0.889199797059861
0.0123982432708256 0.0145679995409312 -0.831877714370532 -0.299112770044971
-0.0149238083379923 -0.0143886975426001 -0.511209656865311 0.535184715089253
-0.0241617224383258 -0.031413326468361 0.113308081777158 0.508588951205438
-0.0235812482753123 -0.00145390145487926 0.276656874388478 0.149312413483965
-0.00886861697075399 0.024163817502558 0.151254629040884 -0.160572951300892
-0.016949049265321 0.00714204336085532 -0.0767172934505325 0.109262994223137
-0.0278138196985954 -0.00245512685468349 -0.17802450808191 -0.132550762190463
-0.00569428050155058 -0.0360835117837072 -0.0969228230172862 -0.40065028120401
0.000613750828367747 -0.03848364413229 0.46235024357144 -0.368550493700276
0.0185881002469138 -0.0230915662680971 0.744559075250208 0.290619071807446
0.00320584006920872 0.0228316673306842 0.205904833033253 0.837481517368963
-0.032607720851567 0.00187487163192843 -0.348392826911776 0.515933560971792
-0.0274401997145577 -0.0108025196579408 -0.00415938995787454 0.0808683788915114
-0.0239231090180842 -0.00982037456400993 0.309978940984314 -0.44055361810244
-0.0193120951329156 0.0132963930131305 -0.206978535151037 -0.86808653097471
0.00431198705598541 0.011622280528954 -0.844194479166065 -0.244552649094444
-0.0189566252919809 -0.00910379069086543 -0.481839299642021 0.563691995335616
-0.020729281299321 -0.0222612778724239 0.135674680711403 0.506668622529352
-0.0179192226922899 0.00810780858264681 0.284120349634758 0.140959354869598
-0.00720861917792254 0.0255901991087625 0.154850391651527 -0.163037371843969
-0.0131633636814 0.00984502853676151 -0.0756911679807343 0.106146671070263
-0.0215954666294523 0.00662314352033438 -0.171846713698516 -0.133293492970668
-0.000198843120445819 -0.0243485329387685 -0.0770707820942749 -0.39925359841267
-0.00177256453344352 -0.0327305786746798 0.480009684407375 -0.345499944342921
0.0121544757076745 -0.0264018884706373 0.728089508451571 0.330029772824934
0.00255718767225086 0.0150366428905293 0.165959574212264 0.85470966853662
-0.0258248528575812 -0.00116710712908335 -0.366812413966802 0.509897675137588
-0.0203881182806422 -0.01073011420679 -0.00454347040209603 0.0783587783208818
-0.017557464490939 -0.0113751583574928 0.294972878476335 -0.444251156296729
-0.0201596462175447 0.00552788269386007 -0.241808962414569 -0.848975797773151
-0.00503168549603924 0.00846029597348131 -0.850771124528408 -0.20230866981595
-0.0216629639103007 -0.000678919052275169 -0.455585802023697 0.583199388652987
-0.0148030613302763 -0.00780554571378456 0.151813050733893 0.502718629754595
-0.0107082442847877 0.0190497754297422 0.287783695276441 0.1342328585219
-0.00305634505032513 0.0256861954898843 0.1529435328693 -0.166160022194906
-0.00847974427846916 0.0116850901979856 -0.0784657812379689 0.103050357316814
-0.0151908216938919 0.0170830953327212 -0.169271777586221 -0.13350688919527
0.00296418311604312 -0.0108626565709435 -0.0631748525619702 -0.399258439474492
-0.00515852629285652 -0.0252700421443171 0.492086735468143 -0.333161915187004
0.00545760235616958 -0.0312152769024915 0.717323639733178 0.353790649036032
0.0036946917814483 0.00643241104208169 0.140458641169309 0.864378841781486
-0.018368247278391 -0.00303975960600834 -0.376663491369844 0.506379039893497
-0.013510376323002 -0.00982192882089835 -0.0014757434751747 0.076500977109254
-0.0111812288063521 -0.0133952996380608 0.286747088545696 -0.451056456428465
-0.0200361305276656 -0.00309639018922946 -0.266360398541091 -0.839149992993694
-0.0137087459250573 0.00557132602580438 -0.855680722651746 -0.174812139355218
-0.0244371540669426 0.00943794581951561 -0.438802942518029 0.594047945182451
-0.00849329996774447 0.00766563324592309 0.164816924522137 0.497631535041314
-0.00115081807783943 0.0298319318674882 0.289499978813389 0.132031691786479
0.00400992538178497 0.026169392182667 0.148363189960907 -0.166818990143726
-0.00237923275440015 0.0143981352398478 -0.0836349392313665 0.100598053098228
-0.00863124081956389 0.0269696857339886 -0.170424242844379 -0.129878316222545
0.004644564405011 0.0040792865099818 -0.0550028251651867 -0.399996432278088
-0.0108689564245042 -0.0173947223550038 0.497711659849063 -0.332898146072574
-7.12499620477251E-05 -0.035457713846749 0.71618243407089 0.356876907635413
0.00658722377309679 -0.00151100361493923 0.134668301429376 0.867393470665665
-0.0122779376382226 -0.00462061838090573 -0.374959918048728 0.505753414698936
-0.00930199849071979 -0.00911819429225427 0.00321865559663278 0.0756519979537869
-0.00523904926433904 -0.0151825374885823 0.286981102839745 -0.454160448452538
-0.0188773790422712 -0.0108781819026428 -0.27503303850032 -0.836993391713359
-0.0201082280315614 0.00357195686290073 -0.858359874815347 -0.170477095841971
-0.0254596718974663 0.0192647990604973 -0.433371551149001 0.592549800821249
-0.00368534028884666 0.0220117754397148 0.167697112312267 0.495591449093802
0.00704604035798975 0.0389285016757501 0.287644278534715 0.133096989208726
0.0130515154725673 0.0262590095124672 0.140689171054829 -0.165611014911031
0.00395395881079118 0.0167892033780826 -0.0909989889149514 0.0994193467406475
-0.00439920095754628 0.0334594935364438 -0.174039351047722 -0.124892987077266
0.00439329310825053 0.0157703497944553 -0.0563080449370042 -0.402012305718004
-0.0143291365033988 -0.00920821827348977 0.495531775866424 -0.347554510334312
-0.00333759741360086 -0.0387764292688347 0.718194162439464 0.340711499246169
0.00901392677983462 -0.00761259292950396 0.149137033125073 0.861331153449798
-0.00716587212310717 -0.00430062086831215 -0.364666487652785 0.506962443155898
-0.00675004214962994 -0.00805596641998386 0.00958955649307877 0.0755183136020602
-0.000588112056746064 -0.0160746334097286 0.29432743564745 -0.454770374412895
-0.015478394196468 -0.0184263928721575 -0.26428094641625 -0.845868302152558
-0.0242416275043817 0.000642140832125649 -0.85961712585476 -0.188458124701616
-0.0273186186865381 0.0279280370233829 -0.442155832260551 0.580504467236007
-0.000982736854643149 0.0352478256468087 0.163786124429596 0.491765453814479
0.0137592605571606 0.0460215478858231 0.281932014612047 0.137646703663925
0.0208094626375934 0.0266240901868361 0.130664146325105 -0.162801303420698
0.00985734185982231 0.0181118037892106 -0.0988239670537902 0.099531287189044
-0.00138363164393295 0.0363628031229524 -0.181478074625697 -0.119443183498024
0.00373262964645729 0.0230777749508853 -0.0667468736912949 -0.403519825379763
-0.0161900175205988 -0.00270291854752228 0.483783937203513 -0.375948028847744
-0.00517771336041931 -0.0397314709456626 0.730824879673585 0.301301203189528
0.0127007096591095 -0.0106462891880277 0.183089114201475 0.844673725028994
-0.00594337932672374 -0.00403419005700464 -0.345216498232096 0.513291155664965
-0.00724116885130939 -0.00754459499919231 0.0153395407526348 0.0758970877936614
0.00113182089547535 -0.0161034801787187 0.31024314792874 -0.452502459821211
-0.0132697031776788 -0.0219087362882437 -0.236169429614533 -0.865020153831062
-0.0242378695387161 -0.00212239204322794 -0.857501387805696 -0.227959608597149
-0.0284859634828964 0.0338761564283303 -0.460616437573844 0.555010086116992
-0.00325977344906566 0.0444006342967067 0.149217220849813 0.493269853215958
0.0167927925153419 0.0504312471611575 0.275394143127914 0.14630853314019
0.0267476325841605 0.0261219393032919 0.121061120670386 -0.159220624211056
-0.0162569864589099 0.00600788583823933 -0.0861839794305674 0.11509673992491
-0.0357671270010733 -0.012052895731408 -0.195878019146722 -0.121385479831936
-0.0196842424451682 -0.0446475211634226 -0.141335246422544 -0.399186263868417
-0.000832392627433599 -0.0414694148097616 0.410700359365718 -0.42922452917393
0.0278977881919432 -0.0215070606539723 0.771370478492975 0.177651541715928
0.0099404116138398 0.0314125296810425 0.302644167338401 0.785428542919268
-0.0404983072886517 0.00828199630580426 -0.29437509065948 0.52822248371159
-0.0390714654300655 -0.0118103621324122 0.00361427358737621 0.0827592245053404
-0.033101580916335 -0.00831715340755479 0.347696328108313 -0.425146026515013
-0.0178676393609625 0.0211623901748952 -0.115433198932826 -0.910467055604251
0.0182387331461483 0.0164620004689426 -0.819205001279701 -0.35312396341389
-0.0125213355621329 -0.0142738102849546 -0.535365258124598 0.50388012853368
-0.0287350566571443 -0.0357934717044822 0.0937990360328206 0.510951126288769
-0.0254479910496809 -0.00714886479526696 0.270824678595451 0.156658648248961
-0.00662631621621857 0.0225910927585472 0.146436727773128 -0.155783950685398
-0.0173098857850038 0.00628576557533084 -0.0803251801425565 0.111664765623525
-0.0326059540151872 -0.00849836345285938 -0.187121001433812 -0.127599288408213
-0.0126279914250783 -0.0431266633179731 -0.118885588047832 -0.398232599881599
0.00081545967813848 -0.0418731076217966 0.436320247103626 -0.400300113877806
0.0243971751248884 -0.0215416609163639 0.759917576923637 0.234158563260313
0.00566554031640693 0.0288954413114102 0.258399659796308 0.812887008754034
-0.0379274064779034 0.00508172495178204 -0.321455218649748 0.523751300303499
-0.0344745119452292 -0.0106058838576186 -0.00199509761840719 0.0820801918449191
-0.0298278687110781 -0.00840841814626591 0.327000214960727 -0.431549155379636
-0.0192448728172933 0.0182661539796999 -0.166957462658125 -0.89096563780552
0.0123340401560978 0.0134537614822285 -0.832192646719223 -0.294794251254959
-0.0152967602908628 -0.0132595171034547 -0.508178830330744 0.538648813180832
-0.0254167674697387 -0.0319531127579518 0.116739038590571 0.50924311154668
-0.0229722199808825 -0.000735288747677497 0.278734429484243 0.147577578517756
-0.00843882778795967 0.0234633404563816 0.15087930269935 -0.159648985591269
-0.0158979087233839 0.00773541167235073 -0.0765761317810834 0.108671491560533
-0.027732938905415 -0.00203796673735333 -0.178329189789615 -0.131782769402276
-0.00594471636508735 -0.036050326098967 -0.097395039493319 -0.399115277023244
0.000687725574614906 -0.0380215926953757 0.461756379095809 -0.370332705091121
0.0188234195445248 -0.0229011485457882 0.746427501245231 0.285084237971855
0.00251792630579069 0.022499403808408 0.208563898646023 0.838889841112138
-0.0323428377727331 0.00282347843094405 -0.34743118574671 0.518658680705418
-0.0270488771668482 -0.0110505777424748 -0.0041795848776903 0.0806363288103971
-0.0240597312902257 -0.00919110568662116 0.308180237196468 -0.441479355758742
-0.0191376162931339 0.0129055908275457 -0.209567177642179 -0.868904271276285
0.00496894132251126 0.0109064399020269 -0.845133073719215 -0.241562395696465
-0.0190813019550276 -0.00924432433406636 -0.478983058648215 0.566656872667878
-0.0203562006706296 -0.0211598361459489 0.138561288961465 0.507020954658831
-0.0180089488527003 0.00780580941722715 0.2848926365477 0.139282795952437
-0.00701824035151224 0.0245470998004378 0.154332129210122 -0.163516063160401
-0.0128643902556685 0.00894444967353574 -0.0756357063565807 0.105244987078736
-0.021111631910257 0.00682935218547377 -0.172594176996359 -0.132635554135781
0.000156422632304443 -0.0246199734440637 -0.0769819181913879 -0.398519649639792
-0.00173072334292848 -0.0322362998415367 0.480039627320679 -0.347912426551169
0.0118551912083184 -0.026718917878621 0.731058299768807 0.328460261074707
0.00292776284956212 0.0141465774026204 0.169628927105568 0.8547143128746
-0.0258531362200445 -0.000776076549891242 -0.364870395372443 0.513887291630996
-0.0194352783305917 -0.0106275770021804 -0.00394407262576876 0.078411561569951
-0.0183357740256856 -0.0113357060968324 0.292956979003882 -0.445181873063046
-0.0204647644757108 0.00517923632171245 -0.24597740745689 -0.848452710342579
-0.00457245189414745 0.00821632329029454 -0.852184286363822 -0.19841434836874
-0.0217066899615561 5.30363457945087E-05 -0.454594496061765 0.588784578461525
-0.0145865808693117 -0.00779711165747309 0.155786650467417 0.502518053557494
-0.0100822731588218 0.0193842016327545 0.289587239720111 0.134299391134559
-0.00267136793038768 0.0253649551116335 0.153111203194259 -0.165676430962427
-0.00778121607507408 0.0122476428801192 -0.0781331170759368 0.102540088118605
-0.0147658840994221 0.0174946955541653 -0.170291122841664 -0.132383450528598
0.00259860868064572 -0.010603562450299 -0.0636006041167243 -0.39927147383768
-0.00631363540325244 -0.0249379320802274 0.492859284831913 -0.337106740769444
0.00508964795443428 -0.031600327998753 0.721237657926335 0.351768837113491
0.00375380775638238 0.00553520577224468 0.144799838206676 0.86315980898125
-0.0181828240996274 -0.00274956731434823 -0.374359630162184 0.508104938138887
-0.0136047693104323 -0.0093911794546967 -0.00213152365143728 0.0770202024319514
-0.0116791444923272 -0.0128501263440934 0.285495234118209 -0.452586120000748
-0.0205345110744609 -0.00285766151091172 -0.271888059968524 -0.839028029460401
-0.0130650805269825 0.00535253062251345 -0.857231152236517 -0.171682053447573
-0.0246786938256611 0.00906989737461577 -0.435390800705449 0.599798153890893
-0.00880475224926223 0.00792615678327885 0.167302152313856 0.498203383100851
-0.000682880285425401 0.0291190940295154 0.290354293091889 0.130661286820352
0.00501754983096131 0.0256716961707091 0.147983256806601 -0.166874103198545
-0.000910499650767021 0.0152105580983078 -0.0844766389724767 0.100471007823745
-0.00913864605576162 0.0271267980763071 -0.171269147172389 -0.12883526724806
0.00328481251448153 0.00347803412389921 -0.0555375791712724 -0.3995750462351
-0.0105657995011438 -0.0163764672848665 0.498896683815131 -0.337154570719375
-0.000258789168019428 -0.0356671771787644 0.717475295026753 0.35428605329477
0.00658543049848114 -0.00250368286523078 0.138464792614182 0.866977437678538
-0.0122008014300856 -0.00413466469567561 -0.375277107384957 0.508335722718146
-0.00902321364425758 -0.00893722848200417 0.00347130220228343 0.0755318262557369
-0.00591830928192151 -0.0147925966026215 0.285043741391556 -0.452677323268842
-0.0194380332829149 -0.011360145968837 -0.27843981643351 -0.836507572623672
-0.0202005934648857 0.00274816503186062 -0.861140061072686 -0.167900669321954
-0.025123676488336 0.0192431330890561 -0.43141959752479 0.594304870356464
-0.00387643957726446 0.0222142455385947 0.17201374638408 0.495396653088405
0.00821759660610267 0.0398471559086057 0.288375845168748 0.131361352355189
0.013360448138882 0.0259362036018866 0.140806947305392 -0.166298775901427
0.00489782462936485 0.0167453142933766 -0.0911104696962343 0.0991882586138341
-0.00426567036553877 0.0336784338397384 -0.174448532820165 -0.124127271842591
0.00472329407379955 0.0160482863040905 -0.0577751056882312 -0.401646697413039
-0.0145207920895242 -0.00861471375053553 0.495472352668955 -0.351679559676373
-0.0038173155558378 -0.0387335367631722 0.721889292579925 0.337827539868832
0.00934451394557746 -0.00771195347988814 0.153359322207991 0.861488776029298
-0.00798116497591434 -0.00413704746588735 -0.363107079634915 0.509905485840796
-0.00615928397364056 -0.0085149627544872 0.00931239320809637 0.075854127992222
-0.00130454710554927 -0.0162821511859629 0.293582542398762 -0.456217897982498
-0.0167198768125165 -0.018048839795276 -0.267350271680671 -0.845911074106126
-0.0235892426391401 0.000453635760323378 -0.863908459363042 -0.184569044581996
-0.027355926057862 0.0276504143046425 -0.438197907981707 0.583226140235229
-0.00179067867558085 0.0354244100779071 0.167244192304722 0.492054297164742
0.0144662064185352 0.0467460844200946 0.283924553118823 0.136862323671082
0.0212722960504659 0.0259317669741918 0.131623612687759 -0.162483265399785
0.00996719221507801 0.017639527364039 -0.0994465185769812 0.0991327200586314
-0.00112321357890347 0.0354692966960317 -0.182039438212599 -0.118662572124578
0.00448066072387139 0.0227483879160868 -0.0680896762781168 -0.403931723014072
-0.0157970156520532 -0.00187411071764527 0.484856721442783 -0.378714516635121
-0.00542489560184539 -0.0396854421663708 0.734241288260163 0.296511720602492
0.0119152166608687 -0.0105850556944032 0.185904804000199 0.846297583964833
-0.00626970471429244 -0.00369094098241205 -0.343901405565568 0.515762234350337
-0.00687700437764414 -0.00671912181022074 0.0157232450863666 0.0759626580246209
0.00140480041424147 -0.0156919774433078 0.307884869800073 -0.45399092792635
-0.0128703787606602 -0.0226738616899038 -0.240372946042594 -0.864783214358864
-0.0246780441875536 -0.00243515969951155 -0.857958354145567 -0.226839347475177
-0.029235444079855 0.0338744241437472 -0.459428474760654 0.558994214499437
-0.0039118519692877 0.0441196766556554 0.152571198434116 0.493407318188356
0.0185723551956625 0.0503846313736068 0.276229489329824 0.145092028133171
0.027758312348261 0.0263145542172858 0.120713533774172 -0.159055278548986
-0.0159856122798201 0.00627107046589067 -0.0872264973292616 0.114924962811848
-0.0362522979716215 -0.0120044719682243 -0.196894435333358 -0.12098510438985
-0.0190586550261987 -0.0449397370239464 -0.142506176171385 -0.39953549234949
-0.00125380550217665 -0.0415393821164806 0.409600731026462 -0.434901153569627
0.0276905417859304 -0.0219848221650162 0.773181927253078 0.173108704355453
0.0100266456334595 0.0311274057390417 0.308525294171223 0.78458409326687
-0.0410082776823893 0.00823235215746216 -0.292448614357408 0.529898443138777
-0.0384837408321551 -0.0113086865620845 0.00477745107736244 0.0831849353263743
-0.032792511706292 -0.00739128435502466 0.345539211961614 -0.427456880980785
-0.0181321206415594 0.0206034877227684 -0.120169243861179 -0.912429382286024
0.0189797342930553 0.0162806073213225 -0.822629509592727 -0.348376274633146
-0.0117393361123272 -0.0142452286913939 -0.533651930742071 0.509155981976337
-0.0281785158445937 -0.0362207243618554 0.0981885160350792 0.509862399946619
-0.0250449472248749 -0.00720835824887845 0.272553033957369 0.154505696763182
-0.00609040516287987 0.0222902076569357 0.145725938034237 -0.157153672305443
-0.0165302707069096 0.00637888234361932 -0.0804360499217008 0.111204336773576
-0.0327311597956332 -0.00838805773484622 -0.188284743897546 -0.127010452961635
-0.0125859903015418 -0.0431456802710781 -0.121456893212113 -0.39945246517758
0.000235917806389012 -0.0415838544388936 0.43834403464682 -0.403443816542455
0.0239413608089666 -0.0219694158868572 0.763398386188337 0.229530045243773
0.00568685175118194 0.0285348684154059 0.2630271877234 0.811195585203035
-0.0383326677972097 0.00558950983214256 -0.318363407978732 0.525591269765909
-0.0340503361354615 -0.00989395020062273 -0.00098150340807462 0.0820888273124794
-0.029699114951439 -0.00753505116509875 0.324607272947182 -0.433774329767722
-0.0197826780401969 0.0184167015889824 -0.171342035539262 -0.891284920803754
0.0129731949524911 0.0136061732807099 -0.834297219745445 -0.290979087379991
-0.0159345109429298 -0.013492732376158 -0.505651877821956 0.543223651576973
-0.0257471700075836 -0.0308801954086581 0.119808043546333 0.510391874415961
-0.0225149881257245 -0.000805400147240534 0.281718378699173 0.146330724600993
-0.00776235090128428 0.0232927364341094 0.15080323505053 -0.160765911829244
-0.0158388540852161 0.00722221992387914 -0.0766894677753626 0.108532209518924
-0.0275334398814473 -0.00162278730425893 -0.180067306530272 -0.130244513415402
-0.00520474131754343 -0.0362089321945508 -0.097923254083919 -0.399545110905928
0.00117669802242066 -0.0375365192474118 0.461777922981532 -0.375620683921255
0.0182265528599904 -0.0238315097761335 0.749482047277401 0.281546168118654
0.00346799566530825 0.0222589207078261 0.214125763915588 0.837394815073298
-0.0331973636450451 0.00266561543882633 -0.344410096197972 0.520065233763956
-0.027236374252161 -0.0109336627611514 -0.00367551413677061 0.0804960442567484
-0.0249892604449244 -0.00804018032382161 0.307510516090477 -0.441583622271045
-0.0208824260754655 0.013697724852877 -0.214751962366229 -0.866944564301701
0.0049263182849004 0.0107228674514612 -0.84879546462466 -0.236772221100989
-0.0183282027949458 -0.00833876289788921 -0.475605745872191 0.571765006094338
-0.0215366724136635 -0.0217403006368821 0.142590663574412 0.506269640700551
-0.018192357837465 0.00865469343916915 0.287861705805166 0.137629552464968
-0.00705381322102387 0.0235197876913981 0.154647558265791 -0.164602530189669
-0.0128317913557188 0.00936372173960422 -0.0752641300449071 0.105082387998135
-0.0210309794245135 0.00727604431250949 -0.173829775545417 -0.132009210216556
-9.72000027476333E-05 -0.0246954348983072 -0.0783735108814152 -0.398256325697511
-0.00125076399821977 -0.0316935924317446 0.480252207804587 -0.351847775615562
0.011471330538723 -0.0266573635490878 0.734417630400551 0.324449756142904
0.00314174360978339 0.0139245626440397 0.173815706649555 0.855088746625888
-0.0263443074399592 -0.000481516951345259 -0.363106685861258 0.514106609282584
-0.019339864019212 -0.00973132001184767 -0.00424785539658453 0.0786062265329733
-0.0179667437503961 -0.0111308820213829 0.292292968952486 -0.446317692304515
-0.0208007332223169 0.00530917313152071 -0.249348271296171 -0.850176762065734
-0.00492987988406988 0.00738189847160696 -0.855864051860844 -0.19500295134882
-0.0220526742724182 -0.00128785000119762 -0.449580187106078 0.59062935565696
-0.0151584633050031 -0.00882578119149006 0.159064484414449 0.50283380914983
-0.00955129858324031 0.019261854678301 0.292041301471475 0.132066694470646
-0.00187499990301237 0.0244377727288963 0.152347744699009 -0.165754445090026
-0.00746879407043986 0.0118022676810675 -0.078752393000329 0.101842001079578
-0.0146320403715673 0.0170874155501569 -0.171489412757081 -0.130391941766102
0.00353731990263156 -0.0102339784914739 -0.0643883880575349 -0.39874398090162
-0.00569418920755644 -0.0243884451660845 0.493190029763627 -0.339717696934057
0.00523660068472081 -0.0315837876760068 0.726381288768272 0.349083376333307
0.00396879802859333 0.00511727838369437 0.150758490878747 0.862853700842348
-0.0184740373751259 -0.00261896109868511 -0.373552840581237 0.51068905530628
-0.0132572596465691 -0.00972468145756049 -0.00203465245220182 0.077495612687673
-0.0117833313715544 -0.0124953707572608 0.28359083503737 -0.453671223387533
-0.0205140553364037 -0.0027765214279632 -0.276469789181244 -0.839235358760842
-0.0130286901766498 0.00433001865875608 -0.861290247433885 -0.168639264323009
-0.0243808295971419 0.0089132398682645 -0.431748280398055 0.603141509004098
-0.00960152188078516 0.0079969475345065 0.171424189692207 0.497733647280547
0.000176977617509697 0.0298852274094754 0.292511483384122 0.130815802111773
0.00592590436194991 0.0259295392115533 0.148222849760583 -0.167019096378897
-0.00178711484209634 0.0146659426329775 -0.0844580489050818 0.0997890877667981
-0.00905655560447369 0.0267684064760091 -0.172441987103368 -0.128044559737359
0.00487751045585236 0.0026000677597715 -0.0572071013508654 -0.399724039050382
-0.0101033520325723 -0.0166803620744825 0.499070895844135 -0.34024857702249
-0.000776758800680615 -0.0362403392155749 0.720820912280918 0.350054270189334
0.00608413749382085 -0.00263572606556184 0.142944697429506 0.867491388239494
-0.0120444171366204 -0.00390392152536019 -0.371704381903346 0.510111156627164
-0.00837750125863455 -0.00888452274038637 0.00377694597309269 0.075460912423276
-0.00586424370072191 -0.0146090447296927 0.281699515354647 -0.45506314348598
-0.0199337133112862 -0.0111970609976487 -0.282512882869724 -0.837528826393793
-0.0203375822064196 0.00180422594757429 -0.864060283603119 -0.162887658993866
-0.0258891001604201 0.0195893719384291 -0.427630790835892 0.599598815098345
-0.00382133469959597 0.0224750102417748 0.175148388998629 0.49434919640751
0.00872602954328774 0.0395240291327673 0.289666768170799 0.130543768421306
0.0137055992870093 0.0258417404033917 0.140456081120958 -0.166747297764963
0.0048376951623217 0.0162673811193161 -0.0919995697599478 0.0988750835098467
-0.00452661969782534 0.0335520372248567 -0.177192920021177 -0.123334671610344
0.00515907649339882 0.0148340472106834 -0.0584809472157939 -0.401463686927632
-0.0146127633478873 -0.00762680547126317 0.49659691482139 -0.356316075825926
-0.00437510516745759 -0.0394735605787532 0.72588255051228 0.332054597685215
0.00897733837674394 -0.00895744660806516 0.157851017338528 0.86035355806764
-0.00830341728982881 -0.0039312626488676 -0.361056162516097 0.514403065032095
-0.00586163219996113 -0.00755740405507712 0.00929934779424516 0.0755261710696886
-0.00131635905604642 -0.0155408106721892 0.290866814972279 -0.458691457266333
-0.0172305832806374 -0.0174937054239026 -0.271422344285732 -0.843637915027683
-0.0234854993651176 -0.000123567879734058 -0.863571583967591 -0.180575418255877
-0.0274755586595543 0.0288714588046473 -0.436977165058301 0.587217830169708
-0.00164260787518596 0.0356954868399276 0.170510943349554 0.492157404509289
0.0154529383094306 0.0461333056934804 0.2856577675671 0.135561411061647
0.0221522642886873 0.0256643680239554 0.13150522020507 -0.163531518551033
0.0114933717069611 0.0171065711106909 -0.1004388014606 0.0992147849301462
-0.000973190724127507 0.0360652904915519 -0.183393745383619 -0.117834201965408
0.00418904488046975 0.0230196528341576 -0.0682743655816689 -0.403384305528067
-0.0159152820131318 -0.00154257198809861 0.484687677482567 -0.381467181872397
-0.00545760164200506 -0.040576331933423 0.73717563191927 0.294409336983556
0.0120104394722641 -0.0108351121041495 0.189682948372837 0.845132307372112
-0.00587734604088833 -0.00273484870281085 -0.340873011979344 0.517974930955056
-0.00735963991368786 -0.00736797746240074 0.0158530597875769 0.0760466221318841
0.000339992516733252 -0.0153846228057046 0.305764092309349 -0.454222677276215
-0.0139421619260208 -0.0217248446724486 -0.244456733582531 -0.865491489387171
-0.0237957314521756 -0.00263508300516136 -0.861518992960642 -0.221212787051479
-0.0283652889618334 0.0340437708971231 -0.454482174458942 0.563782067349867
-0.00376375209226693 0.0447728996092848 0.156517426908756 0.493531124394402
0.019007559629093 0.0497460892066252 0.278507086578284 0.143984170000642
0.0284600113161249 0.0252245124532267 0.121115614976323 -0.159447386996228
-0.0156961388019261 0.00524936035887582 -0.0870221760196747 0.114599901279521
-0.0360876944693263 -0.0105989697691932 -0.197924209381932 -0.11906545263857
-0.0189113569206517 -0.0447602640286782 -0.144222741361879 -0.398644419955565
-0.000936154013550745 -0.0411929605310951 0.410133573945627 -0.437936851184094
0.027103418665535 -0.0227082918359319 0.776283578253548 0.169199167664679
0.0103523179111115 0.0307917227448112 0.31487354492968 0.784290793461113
-0.04082753261531 0.00859429943470239 -0.290951522807965 0.533116099494714
-0.0383880300040443 -0.011273468046967 0.0037385670652202 0.0827746262417666
-0.0339537065464089 -0.00795879429150522 0.34363932439284 -0.429255521008087
-0.0180806331665103 0.0210428840634521 -0.126305093311719 -0.911587047250643
0.0192156707259261 0.0149032581761412 -0.826872496823454 -0.345622141088424
-0.0121256793149577 -0.0138894134386893 -0.531799025034004 0.513824578367878
-0.0286442305420381 -0.0351610034366857 0.100638263544049 0.512061725467255
-0.024333503249883 -0.00662170319060887 0.274620135867964 0.153754219853236
-0.00542166855913644 0.021491883667572 0.146081561356623 -0.157213672894179
-0.0166375194807322 0.00633702642381234 -0.0810387475496982 0.111498147171056
-0.0330196425854244 -0.00840186760991105 -0.18991198011365 -0.126366546988971
-0.0124907154193055 -0.0433878105107137 -0.12121374254744 -0.398616896808453
0.000622018709525088 -0.0407107059531824 0.437719629004629 -0.407958533611207
0.0233786719751098 -0.0218888346343291 0.767776039804483 0.225212212691478
0.00652686411836804 0.0281247570756886 0.268171155726014 0.81300233296107
-0.0386106651842382 0.00589230982428045 -0.316727812286251 0.527414454023066
-0.0339351760473228 -0.010542977295275 -0.00114879006627123 0.0828591907493076
-0.030738245346876 -0.00710757863759517 0.321915373067478 -0.436732026197395
-0.0204185595727601 0.0183431456965432 -0.175023180755048 -0.891674545262479
0.0132157692058621 0.0128578458329912 -0.840691337866738 -0.287190474549939
-0.0155379171930911 -0.013506387524677 -0.503115221568948 0.548494456814169
-0.0259476693249015 -0.0314781916116953 0.123916524339527 0.509793320286949
-0.022407021640833 -0.000523365778579036 0.283858495502615 0.144926689139317
-0.00760667050260056 0.022420397065645 0.151282085866099 -0.161178797211836
-0.0156738183463873 0.00718275053024776 -0.0775821022358133 0.108089232719179
-0.0277777632355809 -0.00169534538009723 -0.181632280343891 -0.129846032294237
-0.00601821093154587 -0.0363573385992161 -0.099870271431493 -0.399142378990108
0.000721279863250436 -0.0377085509750472 0.461348174977253 -0.378562302885238
0.0183765272390381 -0.0236224592984667 0.754242370861403 0.278991065395679
0.0033731921908883 0.0218610422625567 0.220557935957676 0.839109247752891
-0.0325168135417452 0.00310978425450293 -0.343189032111658 0.521831211771511
-0.0269921377719185 -0.00997008757585493 -0.00322913564493027 0.0805992611056463
-0.0250205812256886 -0.00837000279325823 0.304259093593796 -0.443843790043844
-0.0205905809501602 0.0133793703098217 -0.221348931063531 -0.869409954014831
0.00501503384377396 0.0104641092530813 -0.850613799235576 -0.233781773905385
-0.019039279273308 -0.00834647048098836 -0.472476618383687 0.57544413379715
-0.0215620823468551 -0.0215120296723864 0.146721552937569 0.506903590071325
-0.0162015445458278 0.00911571814464664 0.289819365583844 0.136420262077558
-0.00581071761431733 0.0236931418395769 0.153895425370731 -0.165261946132689
-0.0122092522980216 0.00964923984283772 -0.0763986096904368 0.10538171253109
-0.0214260677353845 0.00685061281275681 -0.175719696553459 -0.131695732230922
0.000113472914421397 -0.0244821129383483 -0.0784772476176026 -0.39833881278842
-0.00141918487253454 -0.0313445929504779 0.481145135287929 -0.356213557360788
0.0112225803133222 -0.0274516049092464 0.738119924727145 0.321150631690962
0.00221352463930421 0.0135882926468692 0.180081256952808 0.855279010757975
-0.0262408702738313 -0.000364358769579772 -0.361448808144803 0.51712461989856
-0.0196590879982193 -0.00983886337053535 -0.00407064200350294 0.0790101787690986
-0.0181852036735367 -0.0101822532554197 0.29037910212532 -0.449178395775578
-0.0215859298842106 0.00593092203144958 -0.256930910239771 -0.850757737151114
-0.00427717885586651 0.00796326478641208 -0.85937292009236 -0.19036529072296
-0.0220088825369593 0.000145293821705007 -0.448741470902781 0.597013757377773
-0.0159580707790097 -0.00663574124234867 0.164054398834054 0.503183190452396
-0.00829913694273339 0.0199814938871841 0.294637791614424 0.130858879889741
-0.00124732467810306 0.0242499209042709 0.153651972142883 -0.167996613090062
-0.00775351316140409 0.0116864770620375 -0.0796977295059367 0.102121517543275
-0.0150726990533699 0.0176123746960944 -0.173847098823874 -0.130094095574216
0.00335387339332299 -0.0110082479689091 -0.0651107573610722 -0.398364835687689
-0.00590171044183176 -0.0239380295526647 0.493382373979162 -0.343969309841698
0.0045132359649338 -0.032132993353991 0.730345666382992 0.344430352272318
0.00348002793586371 0.00475824191419874 0.157922797563724 0.866659713648992
-0.018986795428848 -0.00237891352763813 -0.370361505131804 0.513872391982876
-0.0133589054323764 -0.00943012745063633 -0.000665994368910524 0.0775795298580726
-0.0115485855848823 -0.011817083651354 0.280620438586396 -0.454695340319531
-0.02115388918936 -0.00243866388125631 -0.28222624404702 -0.838515678852716
-0.0126253454621766 0.00443051342496627 -0.866156938450735 -0.163097492564604
-0.0241424478511876 0.0100937893962003 -0.428846768778177 0.608299060795706
-0.00951343535992104 0.00775038530357485 0.177106594072653 0.499471659294969
0.000521860492972002 0.0298728627556615 0.294628165496294 0.12773889913647
0.00629958668676817 0.0246634131804827 0.147594582285207 -0.168625381645893
-0.00118806754166973 0.0146353234907564 -0.0850349682087511 0.100417762165216
-0.00892013940465648 0.0263012131435699 -0.173656166611018 -0.126958168958326
0.00478127413455394 0.00288341935883243 -0.058124415699636 -0.399622775293766
-0.0104387412113104 -0.0156874887906344 0.498230307559547 -0.345488838539622
-0.00098919151949666 -0.0359867155710114 0.72565090770193 0.345918791176743
0.00551286599044974 -0.00331323843337243 0.147989557589413 0.867317949404227
-0.0123197332361926 -0.0034043001318541 -0.369999186571269 0.514325236453928
-0.00826137568481142 -0.00835155663684311 0.00351716794826281 0.0754231934608866
-0.00527501656598544 -0.0139903158410984 0.279600774118447 -0.457542742456931
-0.0202674965975649 -0.0102529928024215 -0.28804293893777 -0.837759323528359
-0.0195966601370538 0.00234041207444229 -0.865962823682607 -0.15646890306207
-0.0259172825962289 0.0204373932364247 -0.425059629154364 0.60507870158983
-0.0041140437232695 0.0228360765694779 0.179110600838577 0.494507682975809
0.0100612419457343 0.0399257110443567 0.292280194877047 0.128977212669058
0.0146931817217734 0.0246196204582458 0.140362487978812 -0.166620560011614
0.00508200330580991 0.0161609440466676 -0.0925580639624202 0.0990279451618318
-0.00422586738358264 0.0343374997412159 -0.178498217150825 -0.122648991618872
0.00509558684848297 0.015486921836331 -0.0589487679502159 -0.403106652428687
-0.0141824664997961 -0.00797130396782636 0.495752969291556 -0.358168588562362
-0.00487621679308874 -0.0392828314166749 0.729053669374695 0.327768089649327
0.00859306291735858 -0.00899668424698465 0.16251030551382 0.86212735667812
-0.00810994431694626 -0.00372198394575901 -0.358543927990206 0.515408850022239
-0.00614267323011938 -0.00798984702919499 0.00994132122780834 0.0758573846495346
-0.00169575752273576 -0.0151700552140019 0.288973341469187 -0.458904868139326
-0.0178136017788089 -0.0175864297525728 -0.27796380372063 -0.844612619425813
-0.0237438413717409 -6.78676841678501E-05 -0.868962011277631 -0.176691973535536
-0.0269825499433164 0.0285881031552942 -0.433139723101612 0.59243014195021
-0.00220009497767316 0.0356265098049333 0.175002446241843 0.493390583921712
0.015910618447547 0.0466692215153785 0.288068620603959 0.133880179773378
0.022807649046223 0.0246323575442147 0.13118397885879 -0.164293313559713
0.0107176952289159 0.0169904645165147 -0.101172931207283 0.0992168793913034
-0.000389783190711847 0.0363765515410975 -0.185646408649771 -0.117224317004288
0.00429479771559673 0.0229488988243628 -0.0683776851974331 -0.403634464879552
-0.0157627673147967 -0.00137203422885326 0.483882305381195 -0.387521718181634
-0.00638135191103194 -0.0400658669870903 0.741316087239876 0.289491599497346
0.0117537957293405 -0.0117180238965695 0.197142990646797 0.846090061667372
-0.00674994438243131 -0.00329634935398196 -0.337290066457266 0.519898684274997
-0.0066371549490476 -0.00655182606536216 0.0159339291247404 0.0757771440807472
0.00156651904669583 -0.0150740822963104 0.30447134849347 -0.456955020694258
-0.0144083834590648 -0.0225047909338811 -0.2510020342462 -0.866027748797422
-0.0241489095782327 -0.00233130559995371 -0.863890459981114 -0.217718297496741
-0.0283052981925883 0.0345647583607921 -0.450439597556506 0.568916803850842
-0.00345643220791441 0.0446800605659623 0.159502056301743 0.495096104545355
0.0194242272482461 0.0496193843285801 0.280662305960474 0.142258303456787
0.0288298113721822 0.0253340266240973 0.121849957110535 -0.159371417606041
-0.0155890914352706 0.00641760568310097 -0.0873971767337244 0.115476858236053
-0.0358380974907127 -0.0105025864329997 -0.200154357648053 -0.118666055224035
-0.0190159788572801 -0.0448572716204986 -0.14625378878606 -0.398124232136137
-0.00113087247586372 -0.0404147927249564 0.408413058811117 -0.443414848339242
0.0263850646838307 -0.022671001689109 0.780754552976059 0.163129627776982
0.0100344428486345 0.0297663688046497 0.319051140549645 0.783988276018118
-0.0410971705440839 0.00956123406164283 -0.287181677190142 0.535917104804678
-0.0381716305152208 -0.0106814701931768 0.00455281425236378 0.083478096912695
-0.0341333726142357 -0.00643541723784099 0.342403116951108 -0.431409821888698
-0.0192668538321929 0.0212390897963626 -0.132869877732711 -0.912704166264122
0.0196175112497157 0.0150650613086982 -0.831338020766929 -0.340583073099628
-0.0124167986576359 -0.0141242574618032 -0.529768663259832 0.520630292956333
-0.0298734811180986 -0.0359944474452455 0.104840932541451 0.511812620662386
-0.0236216422726992 -0.00635099476665796 0.277244948790778 0.152553727448028
-0.00406389025457861 0.0210256667047969 0.14570426706788 -0.158152831481244
-0.0160862376022185 0.00533693817269761 -0.0815335240843653 0.111569670819478
-0.032760874482501 -0.00722755552338985 -0.191765125164088 -0.125098736961747
-0.0127280833852641 -0.0444533839636722 -0.123533954054059 -0.398837623391581
0.00111920279372907 -0.0406311749625752 0.437434133883807 -0.412431187083949
0.0238115670429244 -0.0228297877169515 0.771172114788656 0.220007360323235
0.00639363356960019 0.0264174675647534 0.27411877084122 0.813444457250106
-0.0389034271001391 0.00669570224032217 -0.313833394480991 0.531588364964398
-0.0330307020023563 -0.00986064543575528 -0.000336487459638026 0.0820699995766897
-0.0305443474819518 -0.0063437751977955 0.319057307612687 -0.438451408355421
-0.0199859396859223 0.0190974959302259 -0.183619983647897 -0.892372249021848
0.0135654513020239 0.0131707672955858 -0.843791796974837 -0.281806712719033
-0.0155015149881939 -0.0134262017705818 -0.499916969496865 0.554227568750115
-0.026933307280198 -0.0313195860421538 0.128176525600341 0.511551463424258
-0.0224403718192244 -0.000263403280457986 0.285965983743772 0.144445884986428
-0.00676146982100206 0.0224815594790362 0.152251862330728 -0.162629373919889
-0.0156684418996769 0.00676344105577073 -0.0771174549910763 0.108680280172629
-0.0270850129538255 -0.000981782715926045 -0.182659480860342 -0.130324213147644
-0.00576723908512454 -0.0368246329283684 -0.100998171712966 -0.399614656403143
0.000843573095390828 -0.0370130837241876 0.46123134731875 -0.383890103902693
0.0176817980063824 -0.0246179713706701 0.757505195323947 0.272493950819469
0.00323295585581775 0.0218155748957778 0.225681488504828 0.837695507771168
-0.0338963427152834 0.00321518007040767 -0.339300200759565 0.525421822361227
-0.0273920601980215 -0.00969998662264859 -0.00357955346455335 0.0803782410946175
-0.024585550625005 -0.00762730762234205 0.302892278527688 -0.447159496785085
-0.0211466975381824 0.0142245965404039 -0.226799549746783 -0.869819353773417
0.00503176886189078 0.00993529507858463 -0.858525616025337 -0.226137104248362
-0.0190832372219604 -0.0077776399449841 -0.470418513877856 0.581630320494654
-0.0223730482354823 -0.0209891982684277 0.150791384843703 0.506301178022122
-0.0164729192184676 0.00877623010844713 0.292534099408412 0.135239220778351
-0.00457725666528861 0.0236525539809242 0.154622368898391 -0.165209933428454
-0.0127225166267269 0.00854937188237498 -0.0767191479759683 0.105446005343866
-0.0212546874170545 0.00781510317663297 -0.176966212772929 -0.130758943843799
0.00024467361930804 -0.0260795755163101 -0.0812979539399345 -0.399062647437152
-0.00150101262833863 -0.0316995840669493 0.479785094606325 -0.360661823365394
0.0106092918204492 -0.0276326998602587 0.74352902518782 0.315641057143819
0.0020237257322016 0.013039518082788 0.187502163649952 0.856669981726842
-0.0262135551844311 -0.000460266151266287 -0.357272155075902 0.521830669969727
-0.0191568774925619 -0.00963374081708477 -0.00433096440171759 0.0789995126279702
-0.0183761340867619 -0.0089570730798362 0.286812437651847 -0.450687764705511
-0.020992684306133 0.00614734432982837 -0.264784031706358 -0.850673507630159
-0.00336105190035343 0.00778094168664932 -0.864525292678346 -0.185110079171184
-0.0219760269780485 0.000395785365914267 -0.443208490439232 0.601983546661622
-0.016189235505983 -0.00712518199800546 0.167553087401382 0.502585346395023
-0.00747102854410738 0.0190131988895932 0.295242987199852 0.128990542430442
-0.000567235767053866 0.0237083590191286 0.152476915569226 -0.168939854543746
-0.00778826732365395 0.0113752300612387 -0.0803262865721759 0.102337167350778
-0.0148092545193426 0.0174009813997561 -0.174550810460143 -0.129785828263786
0.00365232543616551 -0.0113407747246677 -0.0685074100057041 -0.398836113603976
-0.00590557503134689 -0.0238715636308667 0.492684465017467 -0.349794404406897
0.00370390509234708 -0.0325105129028508 0.734232841620253 0.338773801442102
0.00337080507087108 0.00418560811630697 0.163362353368801 0.865209551275048
-0.0192959082744271 -0.0016361308001469 -0.366913398448571 0.517794903003218
-0.0128454104133803 -0.00902490857943357 -0.000866634205948284 0.077337405700347
-0.0116505786928827 -0.0123222381369119 0.278920486684788 -0.457578026017979
-0.0215682647786584 -0.00196243797610094 -0.287123810784673 -0.839014862956982
-0.0132049527337713 0.00449677211309675 -0.869373051967606 -0.156168315459043
-0.0237057554747847 0.0107447911749715 -0.425478264628413 0.61206788592226
-0.00940358983815814 0.0083843543071487 0.181334957883735 0.498838792800922
0.00106804262652502 0.0304663943680419 0.29675621457241 0.126343531313052
0.00692592965581216 0.0236222919958951 0.148157848367302 -0.16902899665316
-0.00088672527483123 0.0137550819647713 -0.0853463802443148 0.100532476473669
-0.0087939484937568 0.0271508441127523 -0.175315519065577 -0.126726665132614
0.00562797351946668 0.00315201024414268 -0.0604997451593545 -0.400448136500328
-0.0102813760059789 -0.0156193699636882 0.499113928735816 -0.351750813933086
-0.00141592299432851 -0.0355663529771281 0.731245527537464 0.342102229108451
0.00574261156346423 -0.00397164577399033 0.15704961897101 0.868362094608983
-0.0130962309568813 -0.00344991596871008 -0.36744885642343 0.517394531046317
-0.00791810003588617 -0.00857110196129061 0.00409635475837537 0.0764102132433511
-0.00566632297491794 -0.0139964262830949 0.27896684412945 -0.459152612669566
-0.021319017460331 -0.0113717964129892 -0.296350307941615 -0.838501961166925
-0.0197229708120696 0.002334256293088 -0.872179936396802 -0.151354500817894
-0.024697604595418 0.0203324594054313 -0.420748408026124 0.60978979384664
-0.0044842944097805 0.0227217646502323 0.183287631727969 0.495016114863877
0.0105935269435453 0.0389164702166166 0.294874279656971 0.12670527284283
0.0151662593329434 0.0245261634364663 0.140445196656158 -0.168076944032164
0.00597144887044778 0.0157667127093277 -0.0928498336554717 0.0990112023285455
-0.00385570485682673 0.0336708218947719 -0.180151378802838 -0.121915083185972
0.00547545196832537 0.0146731522497225 -0.0622812579244041 -0.402034224772081
-0.0141969537252142 -0.00740012809294495 0.498057618522466 -0.364526069243355
-0.00577457004648166 -0.0393585639750752 0.733819070470862 0.324248858374567
0.00879772877291134 -0.00904874517159736 0.170408491255659 0.861993504199142
-0.00841946045162763 -0.0036403008429389 -0.355537194532016 0.519805699351548
-0.00645175848148863 -0.0075528735181379 0.0109154301977785 0.0758740996178988
-0.00184406329558653 -0.0148918359089146 0.287096059073884 -0.461012668365289
-0.0189607310284968 -0.0177982975072744 -0.285319592988385 -0.844903172722129
-0.0238267921806957 -0.00018794077098987 -0.873712142124006 -0.171463572392468
-0.0264146193596348 0.0296890190123798 -0.427971428023886 0.597598712411309
-0.00167865325122175 0.0366334685604015 0.179110272180866 0.492874008967671
0.0175205503550876 0.045171789692211 0.290272585833792 0.13304278093826
0.0232725024816444 0.0246268296839825 0.131320472163239 -0.165213910529718
0.0109302024126217 0.0166437148692002 -0.101981644781923 0.0985624223862074
-0.000606549226260442 0.0366780003543036 -0.18707808383732 -0.116355308635455
0.00473344494892842 0.0217387688297484 -0.0712660368981647 -0.403156264902564
-0.0153525088987805 -0.00140827501815488 0.482283145553881 -0.393135537188554
-0.00658683459015672 -0.041071308603055 0.744383559027765 0.284069408565412
0.0116018748104735 -0.0123546116745021 0.203548136412885 0.846357901541411
-0.00732951241389014 -0.00287091254777905 -0.336289604866273 0.525726557971867
-0.00662504409366819 -0.00621294869891587 0.016445592265144 0.076631619203324
0.000751963636989837 -0.0147017501899611 0.301753779962424 -0.457947707422665
-0.0147116871484114 -0.0222393629530967 -0.257040121411411 -0.86637846068001
-0.0243739193606177 -0.00277513978850477 -0.871090777754847 -0.211974056786259
-0.0283689644079737 0.0345073735012647 -0.448966615022423 0.575325513349439
-0.00329137377159801 0.0447024835074049 0.165046486138824 0.493902857620041
0.020658811121738 0.0496656248505154 0.283279275900095 0.140597471387986
0.0294943011720837 0.0242977665551321 0.121412109705224 -0.160755593858007
-0.0150929369153305 0.00609813366060517 -0.0875729973500563 0.115412706596804
-0.0363418911281234 -0.00997185320803353 -0.201734286383992 -0.117580325217843
-0.0197746605553569 -0.0451053327677514 -0.148622479995121 -0.396403875402582
-0.00146344930469898 -0.0406903807522102 0.407424812892569 -0.448629744793239
0.0266429749814271 -0.0225413476758578 0.783678994038684 0.156406883198636
0.0103961094323146 0.029591771006623 0.328257859833629 0.782521374566642
-0.0409305710418001 0.0101011645549644 -0.282699731549851 0.540753754880507
-0.0388070816398435 -0.0103744434327279 0.00485170122400235 0.0837591580708105
-0.0341016378119896 -0.00590071566921037 0.339434393110732 -0.434841034276527
-0.0189582202392239 0.0218190292161078 -0.143646726814522 -0.915031175782248
0.0196299205702785 0.0147537306851327 -0.837625663696999 -0.334768034843915
-0.0122777347072708 -0.0139671663744798 -0.525423743105195 0.528438153237799
-0.0306363213866188 -0.0352467581638467 0.110329282489967 0.512452417005098
-0.0235255597087608 -0.00578184684343349 0.279878700037241 0.149992801676442
-0.00361136749379767 0.020639835257445 0.145616155040316 -0.159324261202241
-0.0168473164339904 0.00631143714470052 -0.0808188992357231 0.112369449493405
-0.0334561290596548 -0.00679279495396454 -0.19319246234661 -0.123499607383611
-0.0131665297891876 -0.0433905774175749 -0.126563136855425 -0.399017500769987
0.000629018960119328 -0.0403722281162163 0.434888813330698 -0.418336507111321
0.0232779402802963 -0.0236625942998193 0.775941045166993 0.212292332089755
0.00649009645908162 0.0267835758109183 0.282776986099618 0.811190391407225
-0.0391862160336083 0.00723670017514373 -0.311407773912184 0.534831571323329
-0.0332157912408985 -0.00998452776190357 -0.00028104582943675 0.0818107114272657
-0.0315258553630532 -0.0061519226069027 0.317714665643058 -0.442249710128377
-0.0201068259303922 0.0202723800050411 -0.191112655890766 -0.893753929814264
0.0136810124976934 0.0120695869315133 -0.850486316476871 -0.276190868631262
-0.015945995280417 -0.0130713458932008 -0.495678564700974 0.562674663195816
-0.027859107709203 -0.0308411372630667 0.13478755814233 0.510943317619351
-0.0213084711502258 0.000506864446319383 0.288707619997817 0.141026524553008
-0.00522636098441305 0.021352284462039 0.151221666156353 -0.163391847848312
-0.0147091473033167 0.00750161192722491 -0.0770529169102635 0.108664903877181
-0.0276335467714567 -0.000440675858130866 -0.185492651837126 -0.127903975690142
-0.00612885495348962 -0.0365853429306026 -0.104074484386225 -0.399420492674715
0.000733333742028042 -0.0371808701793308 0.459418263752572 -0.388741104748928
0.0174813932883161 -0.0250562546464626 0.762650604188651 0.266267077610093
0.00361873511979065 0.0209553501738432 0.233920170170195 0.837382699200565
-0.0340678719014782 0.0044374638675429 -0.33412598889865 0.53082376485749
-0.0270871383249865 -0.00956215869089653 -0.00262058228651101 0.0806173983929471
-0.0253583469485657 -0.00708453765679491 0.300015844359131 -0.448135592382666
-0.021068186234853 0.0144049440663725 -0.235895465667786 -0.870022297370488
0.00558899325808219 0.00929540809444179 -0.861139415248722 -0.218996761037102
-0.018953533430091 -0.00787728789570855 -0.464949501377408 0.590182731163991
-0.0227478180187691 -0.0210769805955269 0.155985773862885 0.50760111737679
-0.0156836982225937 0.00874155279619588 0.29381884748706 0.132574648992167
-0.00402998469360992 0.023445196554665 0.153417974462083 -0.167971166748048
-0.0116274728695083 0.00940822685089063 -0.0774446600939755 0.105791333679272
-0.0206577182474436 0.00768809758289096 -0.179010189636449 -0.129501903627476
-8.72999048882185E-05 -0.0264482402958542 -0.082865186835834 -0.399111030386586
-0.00137234625107506 -0.0320824613385376 0.480824971590059 -0.366279134135568
0.0103873019696629 -0.0280481454176002 0.749188056489544 0.308334335749007
0.00257452986431437 0.0123606624094597 0.193921355616204 0.855078767618332
-0.0263890353460212 0.000850198902991196 -0.353211968905545 0.525554232968019
-0.0199929378217801 -0.00888634108400697 -0.00307236884295225 0.0791255381854969
-0.0187587884055223 -0.00871645809762095 0.283818051527818 -0.454751342597458
-0.0221260267255566 0.00660731669679697 -0.272988027193946 -0.850327197384837
-0.00355090031087319 0.00694234424799896 -0.869522361356345 -0.176679195192152
-0.0223954536501163 -6.12245983658069E-05 -0.438926716999269 0.607965408074307
-0.0165746856661639 -0.0066935187416461 0.175245064692077 0.502924261219361
-0.00736503141584805 0.0194710249679075 0.2985366370408 0.12683410433931
0.000519210523655122 0.0231696067991479 0.152343531578933 -0.170006717099624
-0.00673407027053223 0.0118634515248464 -0.0805332176675702 0.102265236418045
-0.014621895930227 0.0182257184016041 -0.176939338634194 -0.128224444921943
0.00358733451568285 -0.0118828581529737 -0.0691415313616351 -0.399577123709281
-0.00609942055995912 -0.0238724801369585 0.492603840388729 -0.356774365321385
0.00361064188659185 -0.0324773324275284 0.739504103751897 0.334531416555365
0.00304341197805349 0.00435397994235673 0.172115640735815 0.86704159173068
-0.0194445318592818 -0.00168564365321083 -0.363376923807815 0.522571033836857
-0.0133134364224957 -0.00882170416354269 -0.000625187279028721 0.0779150581118624
-0.0126483074597314 -0.0117690057858959 0.275881336794689 -0.459548678235313
-0.0225729079883476 -0.00205545641603187 -0.295848587951905 -0.838485795230085
-0.0123931332822111 0.00480221121468965 -0.873442999102362 -0.150321334038757
-0.0235421739926043 0.0107737414516063 -0.419861835478393 0.620041306069372
-0.0106310948927971 0.00818459643855275 0.186011144999075 0.49883844548131
0.00208849825705714 0.0303405084419637 0.299521219915422 0.124498646154373
0.00683812044668364 0.0240561361478593 0.147458239623711 -0.170518536678343
-0.00062234712695022 0.0141733399132293 -0.0855164257747671 0.100761553168682
-0.00803430693090229 0.0272238009003769 -0.178420902292505 -0.125642224160889
0.00576475764172036 0.0026311624019484 -0.0616894274001381 -0.401038357047289
-0.00987622600594863 -0.0147360411266133 0.499325289390423 -0.357065918559703
-0.00227560659021025 -0.0366843361459365 0.734841672231578 0.337061018768572
0.00598893742568211 -0.00426363959521936 0.164703909544051 0.869129901545791
-0.0129695395537809 -0.00325384230602169 -0.364176926346448 0.521021546040726
-0.00863093417917228 -0.0083877188563233 0.00410985283898969 0.0764357214893431
-0.00656632635635708 -0.013663028193788 0.275467544900135 -0.461478430648015
-0.0214696592487513 -0.0106283571257361 -0.30285076467456 -0.837499660910832
-0.0194891743217648 0.00210836423864041 -0.874323688116788 -0.14345580973414
-0.0250381366910893 0.0212559981378658 -0.416450965639407 0.615621924673973
-0.00416637320565086 0.0235715259675718 0.188656184301955 0.494506200622676
0.0114290380653313 0.0392474240125036 0.297300614434003 0.124980779527898
0.0157061119378367 0.0231594235728406 0.140382132808921 -0.168192957868987
0.00536400401890738 0.0157988849556018 -0.0932373322331371 0.0993574773745723
-0.00321593451561638 0.0338492600181101 -0.181702060964943 -0.120978761540776
0.00584872067075076 0.0144989295011074 -0.062787408425358 -0.401629583590083
-0.0138274140083585 -0.00749277127374648 0.496356706533523 -0.371126781330427
-0.00614896417188859 -0.0396393778450025 0.741057966701266 0.319418195279379
0.00853432992428098 -0.0104087550962349 0.179417631905229 0.86168454203817
-0.00827589135189103 -0.00337298364597036 -0.351810819945787 0.522314963779489
-0.00610977308609452 -0.00788264481040672 0.00998664415511157 0.0754486940226512
-0.00224617842038459 -0.0146902282456636 0.283710506859497 -0.464074446641923
-0.0188271116039401 -0.0173224661976376 -0.292342806589676 -0.847363318077972
-0.0237705634275363 -0.000382530976152845 -0.876828472284434 -0.163773414148727
-0.0265770648598557 0.0298412161652735 -0.423676476155785 0.604985937278792
-0.00232331968484448 0.036744562233999 0.184614210094923 0.493033282846436
0.017916298398343 0.0459637248328637 0.292492710854758 0.130127719873745
0.0242511178089535 0.0236013576941851 0.130931372338632 -0.166301580489704
0.0115807496402822 0.0164050878288041 -0.102457577503195 0.0993220977463913
0.000280493618582868 0.0365507873790774 -0.189821034192311 -0.115069031909414
0.00533168065390548 0.0218503287072894 -0.0736817537409482 -0.406003384491078
-0.0155484720955864 -0.000694638640253414 0.48277684047518 -0.397579355421625
-0.00726474022902509 -0.0405779868908985 0.750398661068416 0.277940519172877
0.0112720864513077 -0.0127622080512936 0.211185242737592 0.845320900633068
-0.00712379386591309 -0.0029218712889198 -0.331346542677724 0.527187538306884
-0.00641119752544415 -0.00600977087305265 0.0170200327606824 0.0766464078459818
0.000408906995728884 -0.014348781429399 0.299981227413479 -0.46172888316708
-0.0150183858158662 -0.021824801208884 -0.265373454820358 -0.866329936721646
-0.0241736051871077 -0.00331649863998537 -0.875238883960955 -0.203611615887269
-0.0280650054755272 0.0358796081016344 -0.444303927264127 0.580361589436044
-0.00307715471342726 0.046069438868975 0.170000523400405 0.494028695940154
0.0214308912193745 0.0499005028357702 0.285472643571802 0.137856097562745
0.0300443421853473 0.0241149321357018 0.120821408407352 -0.16239764063169
-0.015228561719041 0.00576359377904517 -0.087523273829039 0.115417649743002
-0.0369981015773075 -0.00951527747432187 -0.204092904686977 -0.115183568520212
-0.0199900619959849 -0.0456906941323035 -0.151903452590567 -0.395803599002366
-0.000901941830991541 -0.0400435469590711 0.405093109557429 -0.455031101503884
0.0259835666719326 -0.0235593970165307 0.788676773487787 0.14775176865293
0.0111262429491742 0.0291403385403348 0.33565664203457 0.781370169609518
-0.0407655710914294 0.0107976726945011 -0.279201854938028 0.543531652131823
-0.0385555513088042 -0.00925525620636488 0.00558891725739804 0.0835087997697626
-0.0349035026983636 -0.00531277690786353 0.334800551364471 -0.437481711576731
-0.0191424631936912 0.0207550334591225 -0.149839099973467 -0.916524038920496
0.0206104732910397 0.0133150298539593 -0.842550349265235 -0.326801118841721
-0.0125253611512856 -0.0138053754514714 -0.522084260665102 0.5346205299455
-0.0317897938502118 -0.0346005082873478 0.115209746665115 0.511835914155844
-0.0233705926720349 -0.00623436679847368 0.28259932253084 0.148169796616581
-0.00252586336108329 0.0201154325310904 0.145248941754085 -0.160662547783595
-0.0159267660098021 0.0056518144665668 -0.0808433558424203 0.112373059930715
-0.0329985969600448 -0.00644209727147687 -0.196390711815903 -0.122286103557472
-0.0137857870675741 -0.0444566151180745 -0.130221919100186 -0.398557505488988
0.000773281069146263 -0.0403447286508307 0.432400878500257 -0.424540721350163
0.0224949232626218 -0.0232899358104561 0.781528961429328 0.20468391952711
0.00623848835014336 0.026536274565659 0.292596755858704 0.809024957638124
-0.0392758875510394 0.00794564461023968 -0.306876868127824 0.539586718731786
-0.0333091173174948 -0.00886102324820773 0.00084660631918531 0.083040458269515
-0.0311474303181157 -0.00590498674617365 0.315030266292038 -0.444719785447962
-0.0203864923748145 0.019935702404741 -0.201890059437477 -0.893367853913644
0.0144103252463004 0.0117523661495641 -0.856423331449869 -0.267785928082978
-0.0166013963734799 -0.0123640411661871 -0.490818637269441 0.568110957674199
-0.0285000690257307 -0.030436412831597 0.139945612759346 0.510971043828808
-0.0206560966216619 -0.000100294175432915 0.29120765191444 0.138900781393775
-0.00531016114515674 0.0209116451864765 0.150740341841593 -0.165212617077608
-0.0147346874878282 0.00732986677253482 -0.0778632199345878 0.109037456499363
-0.027479119666311 5.84142796026471E-05 -0.188033478785438 -0.12589211653422
-0.00601611462032828 -0.0375812508151132 -0.107691364744391 -0.398744699829379
0.000141068675029914 -0.0370188500475517 0.458031402155663 -0.39517652160354
0.0171578757319434 -0.0251304539495194 0.768461492703744 0.260194590019634
0.0035232037015509 0.0205534243743633 0.243917047215032 0.837191912675113
-0.0339036275091393 0.00494646331486228 -0.331870272256169 0.535050330587736
-0.0266774349550069 -0.0091745492607001 -0.00260889019506773 0.0806080923318462
-0.0247339238383851 -0.00625303158062537 0.295175929756238 -0.453370741049173
-0.0219114513875488 0.0149715574706425 -0.243806177432459 -0.868569597351657
0.00562935473568859 0.00874483415516653 -0.867692030002018 -0.211411635525038
-0.0195743509573869 -0.00770100050341667 -0.459167639084064 0.596116550806329
-0.0233446023206665 -0.0198681341470151 0.163161848264124 0.506677058965952
-0.0151429237754715 0.00900051580230087 0.296861400257632 0.129795709451167
-0.00329291665132868 0.0214996586789709 0.153443221264776 -0.168087790500701
-0.0114322990077717 0.00866487081891599 -0.0773971340168757 0.105524205153581
-0.0206991200433624 0.00848020062008444 -0.181531313372337 -0.127985072019531
-0.000560957167634575 -0.026716036260502 -0.0873677533457595 -0.398977774933088
-0.00157448944835424 -0.0313088139129499 0.478072718933802 -0.373936266454684
0.00988406255207879 -0.0283793275973601 0.753059677967498 0.302703161117768
0.00276888092230481 0.0122681434410864 0.205181101428113 0.855645670477853
-0.0268002889229742 0.00157704154596528 -0.349328604288474 0.531086228149291
-0.0197943816477325 -0.00944717608797125 -0.00262378622966496 0.0789508823021679
-0.0186544384287995 -0.00841808213891009 0.279219230497069 -0.458692364403554
-0.0221136361596514 0.00676964046329012 -0.280297368363161 -0.849681235747401
-0.00363184362088157 0.00694365135364791 -0.872920120050912 -0.170785608939724
-0.0221215243533746 0.00115793505108943 -0.433045023686017 0.614526654085187
-0.017274588602912 -0.00663114648040869 0.181459259623372 0.50242452420134
-0.00676483690883569 0.0200307788350576 0.301287541885843 0.125014684034261
0.00134121078067933 0.022726696099562 0.151403210004136 -0.171214837861167
-0.00617611793644501 0.0112624067219496 -0.0807059541216388 0.103608287014807
-0.0135579773590257 0.0184278786632101 -0.179103839327589 -0.126881167317183
0.00361707492286685 -0.0122906737999254 -0.073591652301474 -0.400046911397198
-0.00477336860840181 -0.0231603611348443 0.492753400080432 -0.362139659138356
0.00277849394949891 -0.032935590935466 0.745623497181908 0.326911337983554
0.0030808592873965 0.00353207269114649 0.181068493776888 0.866099820955953
-0.0190661438158571 -0.00104263118015308 -0.359555163200693 0.526401676179663
-0.0125319611037535 -0.00838105692790275 0.000262240512902472 0.0778536225286612
-0.0125925691861792 -0.0110788561380577 0.271863869739895 -0.462421907504118
-0.0223305850835661 -0.0018441322615651 -0.306042695817456 -0.837808084369063
-0.012695966448135 0.00429126046023294 -0.877409847494641 -0.141742123247596
-0.0240403422854208 0.0112232878322506 -0.414443011377802 0.626352257691202
-0.0102398455686352 0.00945281464519295 0.194623611166437 0.496706036651379
0.00316645379797445 0.0303949641095164 0.301987670917704 0.121819962684982
0.00862286260360252 0.023234088287505 0.146549654390391 -0.172277064674866
-0.000150627435817694 0.0132770413494324 -0.0866523077258719 0.101255450817648
-0.00833398507760325 0.0278712459372682 -0.179478609021462 -0.123902471383059
0.00558505909959294 0.00208550566066403 -0.0652798436054437 -0.40234989935167
-0.0100753397569818 -0.0148501847169659 0.496528463978033 -0.363139125327091
-0.0028464127257881 -0.0370859993620797 0.740205345829244 0.329038372185355
0.00509093254029285 -0.00411109470180363 0.17290578090031 0.86813407653381
-0.0132733515712527 -0.00255971964729968 -0.358648691121962 0.526342620551593
-0.00800833293065705 -0.00806194055814534 0.0046599254601111 0.0765251408378773
-0.00582177657487173 -0.0135678153052879 0.271396855744574 -0.46580507533116
-0.0216278267484553 -0.00955941202866889 -0.311855419988869 -0.836747021165586
-0.0196105683051098 0.00201344042564664 -0.880682420120266 -0.137137368029979
-0.0250793858177519 0.0215626711843581 -0.408051660206853 0.621532506851842
-0.00429702371181623 0.0235817155270122 0.195958677151124 0.4946585132604
0.0121954231227634 0.0395140049952653 0.30019001051884 0.121773848823295
0.0169794181452505 0.0228576276771048 0.139217942351996 -0.170680170941629
0.00597083458321465 0.0157940522667792 -0.0936693896369242 0.0991312829177039
-0.00300476889238711 0.0343311440093749 -0.184168327135366 -0.119015376753919
0.00642963920923409 0.014483984460108 -0.0661050214302153 -0.402713335745529
-0.0133207355883374 -0.0073990634823583 0.494551351191541 -0.377790281992683
-0.00652642975551885 -0.0403478030027744 0.744024758440003 0.311787066250607
0.00818666480295954 -0.0104750995636982 0.189038263470236 0.860858941337353
-0.00809250210460516 -0.00271351681488331 -0.347493016834073 0.527350826303538
-0.00586870296917404 -0.0071930253201974 0.0108950730255989 0.0758102888771463
-0.00169429357234736 -0.0141507370572398 0.279698604324824 -0.466992466062051
-0.0196255349382496 -0.0169816223098762 -0.302750746139233 -0.843828568494174
-0.0236290352492574 -0.00127724445908392 -0.880879698651007 -0.155315473306244
-0.0261036001445924 0.0308817165392827 -0.41757486443989 0.61000725667313
-0.00137521802241422 0.0371038471889422 0.189981461778656 0.491679194637278
0.0199320343188215 0.045848633521049 0.295535481054595 0.127993221520602
0.0246366955282601 0.0219834917905649 0.129935995526641 -0.167274597364475
0.0116301683307464 0.0168073443068037 -0.102242963641621 0.10061508793489
0.000374236132602249 0.0368505807219401 -0.191707939573383 -0.113160225512665
0.00587797608115913 0.0220512747372852 -0.0769022819190916 -0.404837547519204
-0.0153947275402266 -0.000821088331986855 0.480398973005215 -0.406432352733229
-0.00824719959255985 -0.0407008209069666 0.755981822889554 0.271163700802897
0.0108768806326355 -0.0135657633961627 0.21995615858183 0.844962939450932
-0.00688031707702088 -0.00263955258766404 -0.326713646126509 0.530957356224008
-0.00645287892551958 -0.00678381307328617 0.0173087959461014 0.0761581690374927
0.000907478120758934 -0.0139182903084571 0.295413122731923 -0.463792404691712
-0.0161395698465918 -0.0215413636672791 -0.274548186300509 -0.863733486443994
-0.023881198782896 -0.0029786308537742 -0.879496975452231 -0.196367227710709
-0.0275264696955129 0.0354935794852602 -0.439679454508212 0.587776880945352
-0.00290276904115572 0.0462132987137773 0.176404291320407 0.492158790746151
0.0221698995808081 0.0491153869896514 0.288831819580573 0.136307837948664
0.0307108442356266 0.0227252325162741 0.120446927214813 -0.162662332249735
-0.014824844326163 0.00515336580244502 -0.0873953908773773 0.115955325400874
-0.0364817189322113 -0.00926255238814429 -0.206873476550145 -0.113344554253651
-0.0207023778236759 -0.0453916451447999 -0.155448244077147 -0.393859477978457
-0.0016959699503383 -0.0400083216554362 0.402752485574337 -0.460361139873808
0.0259700201175947 -0.0242451699586711 0.790226378738556 0.13916476138486
0.0110787308581978 0.0278847242410121 0.344150407601044 0.779008141238515
-0.0414264948570539 0.0117503306262108 -0.272623856302099 0.547018623710576
-0.0382833884852811 -0.00940378601756194 0.0056384334193008 0.0838507743168029
-0.0341497246530626 -0.00450339909444873 0.331203346984608 -0.44226761186534
-0.0192596663384242 0.0223739140612752 -0.160980957540756 -0.914795937539602
0.0206139508194532 0.0132846106541231 -0.850773845450553 -0.318366433792843
-0.0121458409583065 -0.0133079323764095 -0.515254254465467 0.542160027097463
-0.0324083347944928 -0.0340245398822737 0.122347180175847 0.512160347807819
-0.0231748810697783 -0.00658298231730123 0.284730200093463 0.14541771433925
-0.00176061239139025 0.0186606546349864 0.14431736456614 -0.16147151464652
-0.0164097974818649 0.00571623140519085 -0.0808380577332502 0.112198867776894
-0.0333742492868806 -0.00594715285033444 -0.197677779739913 -0.11953325325313
-0.0138468319971942 -0.0444223849119777 -0.133124334892782 -0.396446885705173
0.000911659830106241 -0.0400645603089561 0.429626114890142 -0.430399531745879
0.0221409577538048 -0.0243794382181525 0.78429940552582 0.197718258064678
0.0066554041383523 0.0256633781608558 0.300887168841596 0.807007016444512
-0.0389204491234176 0.00927300160998895 -0.301307101260936 0.542654128489114
-0.0329406222319588 -0.00870337066467955 0.00105165450249691 0.0824272207269489
-0.0312202428355518 -0.00490611988129595 0.308183694411363 -0.447333477539379
-0.0213196217626566 0.0203206479379469 -0.209111745248183 -0.892472939236337
0.0151675360082748 0.0109912259991904 -0.860107646508369 -0.259523290133864
-0.0162069592746555 -0.0113813501662779 -0.484223707412979 0.574974630272969
-0.0291717343829779 -0.0299378611091617 0.146314939780241 0.509687860535147
-0.0206349292775524 0.000125366085795126 0.293555353872483 0.136020887434032
-0.00431445141252794 0.0203883951788811 0.149768126139556 -0.166513593431797
-0.014948533732076 0.0068519359756633 -0.0774213942397607 0.109528016505869
-0.0278302981542791 0.000505470979288356 -0.189926898757733 -0.124293340510489
-0.00632359593054943 -0.0377644062938318 -0.110309733198898 -0.397890205646528
0.000526766052912018 -0.0376642932015638 0.454823803775096 -0.400775683128941
0.0161184585676777 -0.0258251306800687 0.772861026438819 0.251092834647738
0.0032425072381231 0.0197350517660446 0.254277544970508 0.835825831018873
-0.0342349390635679 0.00554341084965492 -0.325645206633716 0.538762089639915
-0.0266412278792695 -0.0081939840690772 -0.00166516092192187 0.0811511906641727
-0.0252074444989076 -0.00650335787333187 0.290353846771526 -0.455744601045476
-0.021854329503753 0.0151429243009433 -0.255569623275265 -0.868894190788022
0.00600071032496493 0.00872364659846127 -0.871618826536001 -0.201502712940097
-0.0196974453830756 -0.00703463349572863 -0.452957086454038 0.602881183840143
-0.0235629481386767 -0.0196721218076481 0.169805902015959 0.505204908193032
-0.0146511531590746 0.0091969392994801 0.30029364130667 0.127071328897254
-0.0028178931550239 0.0220665578578326 0.152782026645453 -0.170775824223928
-0.011357384245378 0.00921978619104129 -0.077305266206237 0.105799450490287
-0.0209395674732182 0.00879795525557507 -0.18332321919904 -0.126275615116073
-0.000325821660460913 -0.0268665544199549 -0.0901191769606216 -0.397823562964875
-0.00194983425028869 -0.0315403447789125 0.476902558481488 -0.380869919761926
0.00913325426344912 -0.0282906747843347 0.75866850875027 0.293509678282472
0.0020696915073386 0.0117002793017518 0.214833197556055 0.854480204965967
-0.0269073460846084 0.00194581447997224 -0.344401500071731 0.5342397630935
-0.019227348059436 -0.00798650453451551 -0.00254352492767192 0.0793310538732772
-0.0189021499921805 -0.00843396084530032 0.275069255404361 -0.46001920439695
-0.0225506483719991 0.00759125122036321 -0.291786992941314 -0.847640493690183
-0.00348417607949475 0.00624826351627289 -0.877028425544972 -0.160825389956127
-0.0226906538141313 0.00165604673152168 -0.426350509437789 0.620988624815277
-0.0179562119196745 -0.00516774636089997 0.187868578698343 0.501952217412911
-0.0064634628175909 0.0203602519284121 0.303984551873561 0.120880362906271
0.00236453960398036 0.0225603525885478 0.150688886979578 -0.173968221431616
-0.00595927029878436 0.0112233910906616 -0.080744937107406 0.10375715771574
-0.0137616555843487 0.0191130954970596 -0.18094897677383 -0.125366792018246
0.00347329536425676 -0.0132279966082952 -0.0755259899785162 -0.400182373082064
-0.00506334089153301 -0.0230965765843 0.49129790694969 -0.369153225404674
0.00241399202216499 -0.0329869150295276 0.750809652641084 0.319211007393307
0.00272688367125755 0.00309165878359943 0.190190438302926 0.866277257603496
-0.0195958264376764 -0.000305766861243626 -0.355383165501629 0.531493138277047
-0.0130249429244932 -0.00834476012668758 0.00105916067358363 0.0778386124634347
-0.0116026488611185 -0.0104166056953098 0.267847452970458 -0.464763076175348
-0.0228320654387563 -0.001225478996196 -0.31503420332406 -0.836718029265299
-0.0127556922990108 0.00390018074580639 -0.880554449255771 -0.131851207697183
-0.0235961406834554 0.0111187524557925 -0.407262362514942 0.631953254046181
-0.0109034492105121 0.00889476557616131 0.200387154576793 0.49654080264631
0.0036185338482054 0.0300155563548141 0.304713391917802 0.118059988949127
0.00909192391303617 0.0217114382204598 0.145542259429056 -0.173575032925568
0.000215063285007316 0.01411672317329 -0.0865459633522392 0.101183858038058
-0.00767024091898532 0.0277614272241928 -0.182297872896955 -0.122620981555361
0.00497712892016491 0.00110460024765252 -0.0672654465374334 -0.401244849571424
-0.0100628893703559 -0.0157056908138113 0.495088680337153 -0.371208349007237
-0.00398242303110905 -0.0362731522551285 0.745864734666315 0.320963185422513
0.00508597465696726 -0.00544508911607538 0.182533752734709 0.866836912713559
-0.01324378956756 -0.00188023266787542 -0.352595086057309 0.529950274306707
-0.00829734431660487 -0.00803629245581796 0.00543592075542161 0.0773912338470611
-0.0063332494541528 -0.0127031855087258 0.267011639692849 -0.466517187907434
-0.0221040047264943 -0.0100456945923314 -0.323046893725101 -0.835106528249687
-0.0193257947627886 0.00130489752718608 -0.881935512201554 -0.128089212824763
-0.0247337388952201 0.0216291671328116 -0.401312843603909 0.630511233065309
-0.0039156510829001 0.0245653074725887 0.203402770709731 0.492437730324015
0.0133822038536821 0.0384591519977307 0.302749575039126 0.118974409852963
0.0178665354779819 0.0221256878330936 0.138615677332328 -0.171187767544307
0.00599858688442824 0.0155654526839476 -0.0938282012718049 0.0998076749179534
-0.00264876940390474 0.0342558664269326 -0.186088957789142 -0.117346157934533
0.00649691988975954 0.0136542857996955 -0.0695473281302404 -0.402943432549725
-0.0133954883451434 -0.00684668400886052 0.492928813770814 -0.384646786865786
-0.0079415103395796 -0.0403322571689686 0.749695172046123 0.303770442680856
0.00777473773760656 -0.0107516135577284 0.197766676064634 0.861410241546482
-0.0092284637400138 -0.00288820036343639 -0.342633298570103 0.531607058172993
-0.0058180709771458 -0.00699918893035644 0.0115277727428595 0.0762919743529717
-0.00163904700884369 -0.0139006774664374 0.274406746975952 -0.469552279957944
-0.0202014245670805 -0.0168442544351816 -0.311158978335918 -0.843044782149629
-0.0239025614401436 -0.000103514489245449 -0.886371726651829 -0.146405864365106
-0.0252112320898144 0.0314967950437018 -0.41090808614631 0.616292223823038
-0.00160895764965322 0.0379495895615565 0.198003146690358 0.492266053472821
0.0202019085735366 0.0456260205572077 0.298541235598827 0.125752370796373
0.0250099064453498 0.0219324762563182 0.129199496401704 -0.169118991270787
0.0117889634448426 0.0159583950546726 -0.102482469628008 0.100216364258985
0.000920789022156292 0.0378054807663646 -0.193978378574883 -0.111073345594948
0.00570753351614808 0.021338776698556 -0.0808155920235644 -0.40469914928533
-0.0151681380350758 -0.00014276578830298 0.477636716499247 -0.413637667119684
-0.00944365337297608 -0.0408249132931274 0.760282194766919 0.264165797681582
0.0103141326659553 -0.0137733613856222 0.230386465859115 0.843109162455804
-0.00701695048610122 -0.00147931290638789 -0.32147790662772 0.537087293117858
-0.00662249278997902 -0.00625666792682085 0.0181225459709141 0.0766959432193004
0.000310014601712981 -0.0137085571572089 0.290644401898688 -0.468574353392695
-0.017061184287587 -0.0210513753562484 -0.282796164297334 -0.862544829293094
-0.0240201178442819 -0.00361722814642154 -0.884202852846127 -0.187385175276653
-0.026547850270673 0.0365075464498029 -0.43200694323052 0.5938780004785
-0.00260063540326499 0.0464946450710052 0.182029139566942 0.492223549578441
0.0232326658137657 0.0483836815109114 0.292046328645031 0.133548997918958
0.031397719778683 0.0222184250293608 0.119605411110053 -0.163773837967683
-0.0147578156790011 0.00480534697805798 -0.0867363370738812 0.116276592285577
-0.0361613575113482 -0.00739988300185876 -0.209619244694779 -0.111111368819499
-0.0206447139103499 -0.0462118123196059 -0.159311907025748 -0.392447432858299
-0.000970834281425346 -0.0399837248478894 0.396249337487316 -0.466617198724472
0.024910950959288 -0.0245758689816707 0.794269352403075 0.128693403836267
0.0104267844144787 0.0281633050848519 0.356817870901262 0.773614960956784
-0.0414857603400309 0.0121306296639231 -0.267795026354633 0.550962712527644
-0.0380278128393021 -0.00900480652939462 0.00654785623903111 0.0838313549736981
-0.0345625000224108 -0.00332786994902286 0.325193168417619 -0.443574890493135
-0.0200143465221047 0.0235635900870284 -0.171495652568519 -0.912183774785537
0.0210219770460628 0.0129017022112249 -0.854047539409836 -0.306192362619567
-0.0130489390088103 -0.012706063481968 -0.508078795657767 0.549982807535476
-0.0332079835794275 -0.033889849346427 0.129619341441047 0.511602908496171
-0.0230119405329544 -0.00613075741665318 0.287680213347549 0.141282400405542
-0.00162157120064964 0.0182801832887576 0.143480441148405 -0.163318131865005
-0.0151413538754938 0.00637307321935944 -0.0802035090792518 0.113183074411532
-0.0331554983414075 -0.00528911111171684 -0.200398925235243 -0.11781972620646
-0.0143225483766627 -0.0447145146128165 -0.137368429341779 -0.394902255660124
0.000389757680230462 -0.0403849029837642 0.42586070061291 -0.438104431326019
0.0215119767071164 -0.0250945010387981 0.786216228558763 0.185155564108581
0.00609827266829844 0.0258312007037114 0.312487023534309 0.804018646555316
-0.0389814951695411 0.00940466147703026 -0.294201761034584 0.54693420170968
-0.0335043603152605 -0.00855796146591808 0.00115616730930068 0.0833654264290323
-0.0308664183448263 -0.0044368653181588 0.304308959880766 -0.451093568669947
-0.0208754755074211 0.0210082760903288 -0.222467890074158 -0.889322386987775
0.0141419589629117 0.0108004322837561 -0.864369740683174 -0.248584929482413
-0.0160671472930375 -0.0123955127456974 -0.475322377876121 0.581422342297251
-0.0298979532846207 -0.0298080812797178 0.154958582581137 0.508654978642779
-0.0201214460527428 0.000633486932871314 0.29629877425175 0.13192840609711
-0.00357976036434781 0.0202933455525443 0.148884099164685 -0.167794065723199
-0.0149017955975047 0.00695373092532173 -0.0772672295090617 0.109872174263393
-0.0276618012827198 0.000438378338264538 -0.191433050920891 -0.122423018635208
-0.0071001609677867 -0.0384800749010675 -0.114338608453705 -0.396969783046109
0.000467132407573845 -0.037108152659322 0.452023538156805 -0.41026078601044
0.0154474034687311 -0.0259834691556681 0.773859548637536 0.241808212969819
0.00340250119348079 0.0191236919890468 0.263510575227627 0.832017329374924
-0.0338480784558471 0.00617490819331898 -0.319823575891862 0.542579813826716
-0.0266547740572325 -0.00815716441565516 -0.000894497517660136 0.0809527802732477
-0.0251427327802019 -0.00519845956608385 0.283667994810813 -0.457704268294754
-0.0222713487466485 0.0154661987413469 -0.266066510084091 -0.865173714390456
0.00677320344806265 0.00793263250421588 -0.873153364958927 -0.191518498050216
-0.0190423923314634 -0.00622940929445483 -0.444193248473518 0.609581451502105
-0.0241077381323267 -0.0188165436112571 0.177866393378442 0.50349510517348
-0.0133816788772725 0.00965987288480405 0.302083259481478 0.12350457329508
-0.00212589476858079 0.020848108356525 0.151383411295695 -0.171194593430655
-0.0117227033899441 0.00870438244830026 -0.0774649288504151 0.105842586765195
-0.0205728217436564 0.00940360344445314 -0.185748920337229 -0.123427450471404
-0.000707441585871887 -0.0268701687392487 -0.0942080704803686 -0.397472820248079
-0.00192560385980023 -0.0314290381798417 0.472040615924236 -0.387100938152971
0.00819403388332596 -0.0288002656405003 0.761663007810779 0.284854574431058
0.00187431503286406 0.0110837717032154 0.226056620240024 0.851313186215328
-0.0273580792272459 0.00282948525977422 -0.337407777087762 0.540487066642865
-0.0195324525933542 -0.00836184969771148 -0.00170296579492719 0.0795485694168823
-0.0202090317604576 -0.00772169544127399 0.271026232424373 -0.463643175258843
-0.023061402430937 0.00773452280880172 -0.301716779448168 -0.84291499894005
-0.00278827319282995 0.0059538066861581 -0.878982073607378 -0.14898967490516
-0.0215892905236253 0.00209718941817121 -0.416110530188077 0.628612071705332
-0.0173928854208084 -0.00617279872349707 0.194197293550429 0.49761950250907
-0.00582069201667899 0.0192121761846619 0.305830039340859 0.118178331606442
0.00267252764336128 0.0212614204701319 0.14938881278372 -0.174560186609071
-0.00598188729576124 0.0110353099824935 -0.0806221881024369 0.103414662912704
-0.0133497439296137 0.0185603401582382 -0.182663992719515 -0.122452387561131
0.00314762405104284 -0.0131617582080173 -0.0791930957559941 -0.39912921578283
-0.00579687719224574 -0.0233771113717487 0.485533418362517 -0.376039582589875
0.00108917264428644 -0.0329624975307568 0.753089297226225 0.30778712650089
0.00288674834710883 0.00299845283946759 0.202365487396612 0.861682259407954
-0.0195678963637937 0.000325805896795284 -0.347487193200907 0.534445259805785
-0.0127181986988358 -0.00826413491396541 0.000184504139912367 0.0777653782522265
-0.0121352730623357 -0.0103007765815968 0.261480809558713 -0.468284558922822
-0.0230089298400053 -0.000519082757111419 -0.3261207482335 -0.833393738201754
-0.0125047420043157 0.00426577605449162 -0.883139670141546 -0.121876315715811
-0.0232503139595984 0.012621930135559 -0.39838067895637 0.637282230004553
-0.0109377908053265 0.00946371877200023 0.207048088359327 0.493752584373504
0.00449305976740895 0.0302218306035258 0.306594242668431 0.114796869741665
0.010081529310161 0.0218275804784284 0.14406441471028 -0.174688673020623
-0.000305990315345666 0.0131926791439954 -0.0862544915175313 0.10184696870513
-0.00711429195250389 0.0282942969808207 -0.184257802590989 -0.120062285494932
0.00578995042113013 0.00123572553421173 -0.0712798957141076 -0.400365195119572
-0.0090331486575444 -0.0150446267724544 0.492560466711188 -0.377437835908843
-0.00496147135993802 -0.0368100938396903 0.750150346532943 0.312171310366965
0.00450497277349584 -0.00537362889117738 0.193796406641985 0.863955574631131
-0.0132181835479935 -0.00155444885033172 -0.346564566046328 0.536279273892159
-0.00826147089153609 -0.00805968476575841 0.00591078108350429 0.0768276468230156
-0.00708490126623971 -0.0129066432730972 0.261709409762475 -0.469394133141718
-0.0224896426374195 -0.00902178626279864 -0.332338246019672 -0.829847281903108
-0.0199210396777511 0.00157958394755317 -0.885777770914502 -0.116176439156901
-0.0243523767209746 0.0225297128337436 -0.392627412253067 0.6356172114884
-0.00420262882260982 0.02457017033244 0.210004752827695 0.489243539172451
0.0139654727079679 0.0386685142476075 0.30448337734155 0.115727565916847
0.0180121713359533 0.0208233957395686 0.13679426814519 -0.173541344734239
0.00667839141100196 0.0150589649536414 -0.0942199576692525 0.100151732220866
-0.00167586634085705 0.0345174651538712 -0.188498187175068 -0.114896984898241
0.00621750099425972 0.0129656499071869 -0.0722801185594331 -0.40312235560113
-0.0142129014033287 -0.00696623640299846 0.488770970998339 -0.391808393841255
-0.00802290290312863 -0.040233769836458 0.754439121270629 0.29316223265311
0.00707705352566322 -0.0119075919048703 0.209610505262369 0.858505302694473
-0.00875142359733883 -0.00179635134454508 -0.335569706921578 0.536477023400028
-0.00567514791058416 -0.00661711923418976 0.011782622325235 0.0756946397603308
-0.0027605708342578 -0.0134573455441227 0.269161574532477 -0.47253903744433
-0.0206212003499046 -0.0158704426432138 -0.320971627498145 -0.837719765197113
-0.0233027123473741 -0.000402850027231068 -0.887791287136673 -0.134308349104752
-0.0253570511484584 0.0314677293821614 -0.402915576701946 0.622999241169242
-0.0013233233724104 0.0378211527286432 0.205253956856802 0.486942903517277
0.0212726039839117 0.0449293837478695 0.299760231708407 0.121681189569104
0.0261926862281189 0.0209447050522607 0.128116309185636 -0.16972467399456
0.0118419299070231 0.0150561074866649 -0.102919680473292 0.101551877253021
0.0012811876854229 0.0373130163235194 -0.195217815492393 -0.108887105629587
0.00629166833663274 0.0211393126377595 -0.084213170962838 -0.404174792247514
-0.0147843278586336 0.00025919608111504 0.474561635880196 -0.419430120921078
-0.0103248866182992 -0.0408570204212526 0.76201764248729 0.251662639042848
0.0100408286822501 -0.0140585590759155 0.242389811243806 0.839984488062017
-0.00737455575552931 -0.00114898771478063 -0.31580665781001 0.540865473606164
-0.00584287729426687 -0.00660049175840432 0.0184551741658799 0.0765057659814948
-2.88209883469136E-06 -0.0139336929255276 0.284485384096054 -0.469891798466449
-0.0165762024394285 -0.0208691011635107 -0.294829361103542 -0.858638612026393
-0.0244589439861817 -0.00314307830681068 -0.886847949381861 -0.175753223729065
-0.0268170809104599 0.0369807376847309 -0.422759308210126 0.600422476295584
-0.0025048833637151 0.046773079382979 0.190516109491686 0.489658179841179
0.0241259472383493 0.0485246526929033 0.293298795620538 0.129971882076328
0.0318643669331426 0.0208623346995949 0.118562714097221 -0.165356923831303
-0.014756917790792 0.00549228839231724 -0.0862463865824694 0.116788222297671
-0.0370399817786449 -0.00772627059225267 -0.21035650372533 -0.108249931436007
-0.0212497467033205 -0.0460625927292311 -0.163616323816209 -0.389086749584366
-0.00204063981201153 -0.039400119907445 0.393090444308609 -0.472088310281609
0.0243802072095666 -0.0255676354224552 0.793409287653218 0.119149811807141
0.00990728290617689 0.0268301694051051 0.366262819925799 0.767422491701263
-0.0416827078736808 0.0132520239999337 -0.258934376500146 0.553259051973742
-0.0380032591341831 -0.0082027078176132 0.0075024452954561 0.0832749193643217
-0.0348179481184987 -0.00346494473692855 0.318373575993849 -0.448046832227114
-0.0189038885070216 0.022765192310726 -0.183085010634805 -0.910843103664292
0.020427245121446 0.0119361109225354 -0.857029171924855 -0.297379779892406
-0.0133812638565137 -0.012271342708542 -0.499529027051738 0.555731055759459
-0.0341086679116683 -0.0330533339163176 0.137686424755387 0.508328451550473
-0.0229163801166063 -0.00587822705038819 0.289960922446701 0.137937215754161
-0.000413907859434849 0.0176188814452654 0.142141887198817 -0.164677971078949
-0.0156347506739439 0.00613996663235078 -0.0797088244857861 0.113409881085
-0.0333795572324216 -0.00445756274482791 -0.201187891779956 -0.11511712203796
-0.0146690299615089 -0.0447479605422056 -0.140931895506079 -0.392099098938111
-4.41940429325723E-05 -0.0404489208084102 0.419801147080523 -0.442645728350957
0.0208665659266551 -0.0248356727489059 0.786978401754753 0.177216344861434
0.0064627270790163 0.0243954416108068 0.320857195293255 0.797393575576205
-0.0388160340954196 0.010038274733703 -0.284147782493853 0.549945233786696
-0.0334539054352763 -0.00720303426975817 0.00240370104896666 0.08219083673284
-0.0305734997218373 -0.00366745597745708 0.297497163490694 -0.453242641399441
-0.0210644833167777 0.020815744107371 -0.233665905564895 -0.884294595806061
0.0144952092242404 0.00960740434742207 -0.866193415491415 -0.236356687813934
-0.0161349966550999 -0.0112660982030665 -0.466111540690553 0.587735550075921
-0.030149541095769 -0.0282170388406178 0.159461511190511 0.505230997113961
-0.019424356618787 0.000361156564410041 0.297701551974375 0.127235451782233
-0.00290636167438382 0.0189762541898703 0.147041669933571 -0.170041598450759
-0.0142103320143672 0.00630851062236284 -0.0767327220882581 0.109503435152733
-0.0272763475300069 0.00122375874999054 -0.193774757353907 -0.118929081008488
-0.0070901919666048 -0.0387360128689702 -0.1188183793557 -0.395245861705299
-0.000488490927700383 -0.0368036790741921 0.446593647238039 -0.415103251588947
0.0152344073728304 -0.0256876259221022 0.778838021167641 0.230099189162776
0.00352014347574936 0.0187511915598479 0.275464463858604 0.825647607920136
-0.0339959595840524 0.00651210707087625 -0.311209960489278 0.545560020962943
-0.0267217807609053 -0.00803528301190779 -0.000962317493283513 0.0805937809015113
-0.0258008589903973 -0.00542799102946722 0.277439390034299 -0.459628505683243
-0.0219116125695033 0.0164215176223286 -0.278290751265395 -0.859652750625878
0.00633558825964184 0.00789759631656712 -0.87531639521014 -0.180785975007254
-0.0190266294377001 -0.00634023826808197 -0.433419967624617 0.615331601309337
-0.0252603187364931 -0.018426435582728 0.184287166829257 0.500258415104329
-0.0134563846640408 0.00877663721420049 0.303617452422467 0.119979042267584
-0.00133301170977556 0.0201630392803546 0.149982888874856 -0.173319540808443
-0.0107829636690219 0.00904254733533516 -0.0761999016651742 0.10644850102566
-0.0200077206019121 0.00931750249590089 -0.187174012546145 -0.12158258011686
-0.0012815988587366 -0.0276415636310456 -0.098190831006334 -0.395367767984964
-0.0016150865367621 -0.031027127351424 0.466834533750382 -0.393561073872199
0.00772896775892809 -0.0282400441515024 0.764917566788542 0.273499150992054
0.00154774395934308 0.0106441596898736 0.238333902896066 0.846127975752518
-0.0269830932711504 0.00331368730511166 -0.328846539678848 0.542729047892768
-0.0195779085398129 -0.00796553756126318 -0.000532316024951906 0.0799293631852091
-0.0195108129982396 -0.00747715838016448 0.264086742232346 -0.46518631736979
-0.023031914291396 0.00859181017575941 -0.31136077347988 -0.838535700100839
-0.00354388504501282 0.0048543418379963 -0.878827939587008 -0.13823840359989
-0.021542871699115 0.00256085842746777 -0.406720772647626 0.633283012480051
-0.0181360550389714 -0.00553641400229825 0.202815032599245 0.495336305948185
-0.00430766110324922 0.0193814726739905 0.30704871153651 0.113851964170667
0.00297112627435121 0.0204101119551801 0.148544974044571 -0.176038679835459
-0.00603346783807341 0.0108845000270682 -0.0802736702367065 0.102904372643422
-0.0131241066124929 0.0191165200128441 -0.185454440501598 -0.119692825450446
0.00321419498629758 -0.0136967447932497 -0.0824687300398428 -0.396733651860067
-0.00547583792520281 -0.0230883390620867 0.480803216521775 -0.384074331200735
0.00019901335971018 -0.0323080353801704 0.756988842653428 0.297257988671557
0.00247200310115062 0.00182148987809263 0.21471444804316 0.858007303963339
-0.0205439974600302 0.00052271709747027 -0.339611495021997 0.539684285467296
-0.0130646422065459 -0.00770612069660531 0.00188987900377891 0.0777635300533565
-0.0125956588035318 -0.0100590547929301 0.25358866104759 -0.470541573068094
-0.0234745793196846 0.000164106056316973 -0.336768131504455 -0.827287459075757
-0.0131576111180527 0.00321442483630865 -0.882128559325405 -0.107487283041357
-0.0230676938876038 0.0124099051108763 -0.387559177408953 0.642478147107744
-0.0108307357479459 0.00988617461743644 0.214496557738931 0.490071939076201
0.00520608391436503 0.0293946986145944 0.309479813471808 0.110114619160053
0.00994311082062302 0.0207597592597496 0.142462412702733 -0.17661674385142
0.000353077950943999 0.0134477203218292 -0.0855971563917575 0.101811226567076
-0.00687544770334877 0.0284172091183427 -0.184824807715311 -0.117367673508835
0.00589469810737163 0.000310617094108082 -0.0751877782748833 -0.398609574643755
-0.00952211635679091 -0.0146434025756309 0.485362806975634 -0.384383171896147
-0.00561347237507662 -0.0368637809626809 0.753919193919927 0.302487684561758
0.00368354220784783 -0.00622669383523171 0.206899634322636 0.861910835004993
-0.013544842685372 -0.000549984873660713 -0.338394440246024 0.53811811894875
-0.00825874084108784 -0.00791818653450764 0.00621109397957307 0.0760061773377318
-0.00750732581760731 -0.0123333216123199 0.253564334084762 -0.471779041233702
-0.0233183114591052 -0.00863561154336492 -0.344855077185793 -0.823629038397282
-0.0199140242486497 0.00158087128487277 -0.886517930339881 -0.103971913642279
-0.0236020195457092 0.0233415627567723 -0.383443287005844 0.640142758693675
-0.00459083152013239 0.0246249201618272 0.217142138168752 0.486775894624121
0.014660168281957 0.0380714629208667 0.30650138291881 0.112013865754964
0.0181251016908627 0.0189612861069021 0.135278947030828 -0.17399426186505
0.00688606273082327 0.0145729421301518 -0.0940731191122356 0.100096412144984
-0.00196061506683495 0.0349237612817131 -0.189692288723297 -0.112278991490306
0.00626379343223961 0.0121067773307737 -0.0768152816269406 -0.401547427005907
-0.0129549333623614 -0.00712630350213567 0.484608460473793 -0.398349924980514
-0.00922128627387724 -0.0398839309779972 0.755996224292715 0.283532823766867
0.00615428032374219 -0.0121168736040162 0.221428861993401 0.851682955814916
-0.00860924564912263 -0.00149487738227762 -0.327768718824273 0.540554991312153
-0.00578588338310859 -0.00672488873760692 0.0132750412688197 0.0759404919980337
-0.00211661887580572 -0.0134378962354268 0.26229600147476 -0.47285763348407
-0.0209796797022824 -0.0155351251728587 -0.333355872958226 -0.833110502237091
-0.0236562194471605 -0.00104961482102255 -0.889177120686867 -0.123001790591571
-0.0247846385736454 0.031913385539876 -0.390873511239333 0.628122551826982
-0.000738263925457783 0.0377602690828927 0.21194092665928 0.485599616896365
0.0221938942101722 0.0443735756547659 0.30205588091098 0.117411782277617
0.0261071454347256 0.0186786421024986 0.126233138226658 -0.170661194096693
0.0116593099599536 0.0152896242877225 -0.102005338658542 0.10196524051829
0.00188121541923496 0.0373752190231613 -0.196839284966567 -0.106451443666485
0.00650147840541665 0.0208210831936795 -0.0888461730598326 -0.402956691119219
-0.0143777276216471 -0.000450168438022124 0.468040459686884 -0.426797432703879
-0.0108156969462188 -0.0410904021497447 0.764614484532246 0.241784630165053
0.00932293438271545 -0.0144027381130641 0.25223138407383 0.834689945373569
-0.0070511598033534 -0.000796280388559979 -0.30523361571989 0.54386729214267
-0.0058470686477201 -0.00605611514112789 0.0188821341069446 0.07624736233318
7.81874529819458E-05 -0.0137647254087341 0.278463128228354 -0.471273518706203
-0.0176006419892506 -0.0197121759333777 -0.308269077967407 -0.852884693772662
-0.024639934088009 -0.0036518084209761 -0.887628425810971 -0.16306455938734
-0.0256072144583064 0.0381401766523853 -0.414741374483573 0.605606390083122
-0.00156715521642744 0.0470787345198455 0.197002008077647 0.485844836354677
0.0252671291791091 0.0480377795554191 0.296172340148127 0.126634489283601
0.031893210954449 0.0190520855014809 0.117287642950393 -0.165330794392539
-0.0139067723645222 0.0054980997644568 -0.085472853800845 0.11673942247178
-0.0361844488777496 -0.00702724566028722 -0.211740604438181 -0.104193045591355
-0.0226258188640352 -0.0455202701211775 -0.167429248091136 -0.385885942662816
-0.00221660182528663 -0.039222305013831 0.38493504902052 -0.476483488935955
0.0237855136574861 -0.0253260755723934 0.791887725319682 0.105859507252315
0.0103931641804459 0.0265110023626705 0.375631697940353 0.756713472339069
-0.0406763513202845 0.0141320748879618 -0.249365237750108 0.553964460615804
-0.0381344639205757 -0.00707224423823967 0.00900977113769482 0.0824148337790608
-0.0352614636975479 -0.00186173183540958 0.31284204447941 -0.449084339053812
-0.0194222939643396 0.0233116016527101 -0.195515547575095 -0.903762386275294
0.0206596152749391 0.0108316508041611 -0.859066488528674 -0.283032456804113
-0.0126391860687037 -0.0117302841321032 -0.489771664226986 0.561923841845106
-0.0335989277270619 -0.031924552220888 0.145321537701092 0.504386785436138
-0.0216622086892369 -0.00547339426073793 0.291578127210893 0.132941617829172
-0.000354803089392498 0.017376045722409 0.139742435839442 -0.166562766475279
-0.0157421719077511 0.00566234787887466 -0.0797211203539483 0.113444848132262
-0.0328958936392036 -0.00441136147403021 -0.203147922313383 -0.111962565542356
-0.0161052854805019 -0.0445801525711266 -0.146382322103928 -0.390017061611372
0.00045284489721585 -0.0399835245934491 0.412564189253437 -0.447896544132876
0.0198036221640492 -0.0252884738115374 0.787871127639212 0.165039173045567
0.00588174457179293 0.0238303139792153 0.332368507843544 0.79052678366314
-0.0383682797762103 0.0120717101343012 -0.277499272869289 0.55256189871893
-0.0334968225872142 -0.007463051257411 0.00271400763529949 0.0823535712229669
-0.0315606107077623 -0.00297390950834985 0.290117552067743 -0.453647388136071
-0.0205159044220114 0.0220566050018428 -0.245325591357273 -0.878417388611941
0.0150690149977953 0.00931312922749928 -0.868111988649754 -0.223428636059258
-0.0159981726499295 -0.0110219410993624 -0.457118216535142 0.592868774235542
-0.0306210076652762 -0.0280271458752091 0.168744786552097 0.500675014104528
-0.0194027599619982 0.0010004438887905 0.299146496100797 0.123140917143042
-0.00140868798276282 0.018146435541767 0.144789850918527 -0.170534872401108
-0.0145363905536004 0.00689445415004076 -0.0765044757268592 0.109542182764404
-0.0271010040360466 0.0024742868270133 -0.194512058213405 -0.116176297777434
-0.00734560168612646 -0.0385141384653404 -0.121845065246276 -0.390594709738387
0.000129283224577299 -0.0366911966255188 0.439970759126845 -0.421612636367726
0.0139757853831379 -0.0261816875765154 0.778465897363854 0.217551475805144
0.00300274213567967 0.0186715803019105 0.286654639733893 0.816900171190124
-0.0334387133087017 0.00778304862236185 -0.302874094773309 0.547072118862554
-0.0264557719165347 -0.00773533571723532 0.000484360496464063 0.080113194045544
-0.0259563040805455 -0.00508719960157147 0.271142919670096 -0.462034190657538
-0.0220350396388426 0.016348644637295 -0.287486664456794 -0.853766851653399
0.00630857080092934 0.00701440059398304 -0.874888620026734 -0.166943932560041
-0.0198624634092932 -0.00600364530158722 -0.422959906798874 0.620356764146643
-0.0259706667303512 -0.0177363988014203 0.190605595874508 0.496098590613311
-0.0128904798938182 0.00908949929643715 0.306307688016047 0.114156196758261
-0.000993058446505058 0.0192854531471256 0.147330398633421 -0.173537843752643
-0.0112002695131417 0.00893108059948766 -0.075563594350606 0.106627220899959
-0.0197100280153651 0.0102290519381983 -0.189255518050876 -0.11764899286673
-0.00154318342101975 -0.0275583191930654 -0.1006534529908 -0.393054727564854
-0.001800775514656 -0.0311932753142416 0.461597544610093 -0.400343176958161
0.00647241093407677 -0.0289566141809041 0.767873305573885 0.261986282054594
0.00137443055066314 0.0102434648474436 0.247923507554834 0.840104117676753
-0.0266393180221147 0.00467754663310335 -0.320911102100058 0.544003875766373
-0.0188635780123791 -0.00764532752437859 0.000503799674773939 0.0791997382387784
-0.0193628004197486 -0.00710281452107982 0.256532490898504 -0.466587961473839
-0.022978355211204 0.00859559553408232 -0.322259159704387 -0.832009114116952
-0.00336017990051458 0.00443262245336885 -0.878471596588631 -0.125048922271885
-0.0215300636996561 0.00299077732081836 -0.395737619460875 0.636456528239511
-0.0187861890728928 -0.0044404104098466 0.209035682769522 0.489585745595231
-0.00415651822121535 0.0196506506440088 0.309357138865983 0.10810333599019
0.00375741853650251 0.0199396520551806 0.145709105220223 -0.176779224028111
-0.00605285250117418 0.0105900211064805 -0.0788897428263199 0.10456196493412
-0.0125639565890174 0.0202477104157654 -0.18607330248925 -0.116730087739201
0.00299488867026067 -0.0145262328947625 -0.0867252243260483 -0.395617164177775
-0.00539025326879929 -0.0226881002851072 0.474138882808534 -0.390409801443677
-0.000339362791455982 -0.032651228313169 0.757979089993936 0.285872673824619
0.00193105389866383 0.00155691783735954 0.225980125507247 0.851078399511811
-0.0193479763106458 0.00154794669421843 -0.331983905847194 0.540788694333343
-0.0129681455670708 -0.00768870089849402 0.00289477728016137 0.0776626112627789
-0.0123518336497998 -0.00928853268844886 0.247432532890907 -0.469679499373576
-0.0237831805297416 0.000382090394182306 -0.345959991904563 -0.817790556838153
-0.0125794872122636 0.0033928454542516 -0.882219228499906 -0.0970597626056867
-0.0224991097484739 0.0135716531774622 -0.375678535405512 0.646623307641488
-0.0107109580867576 0.0102796168526113 0.22127537131024 0.485644009892533
0.00660833635213086 0.0296052731613635 0.310139282335256 0.10570954300778
0.0106444042143718 0.0191693424383349 0.140626474528225 -0.177128753470528
0.00014819501231091 0.0132124913699082 -0.0855619571845119 0.1028327193358
-0.00601470502181382 0.0288945140475018 -0.187192803624968 -0.113831152471986
0.00551619502361974 -5.8572346460695E-05 -0.0795435737585549 -0.397609928633777
-0.00966680762925986 -0.0146707534780496 0.482789519981345 -0.392533334318734
-0.00702448816374554 -0.0369704394643502 0.756000938871232 0.289021373892374
0.00399733993482645 -0.00651621576022325 0.216961671293289 0.853881490280734
-0.0132683204127762 3.0830489263084E-06 -0.32876449024672 0.542086252199887
-0.00828691712651729 -0.00733893595801297 0.00777406634046312 0.075903517428932
-0.00729966223664995 -0.0119250024702068 0.246293402260985 -0.472876411100348
-0.022825930175817 -0.00806225486314016 -0.353986044419668 -0.817307396001817
-0.0194106897458459 0.00139388271175818 -0.883059896017909 -0.0923278268891034
-0.0228294374179097 0.0238966483905905 -0.3714369318932 0.64189786987959
-0.00409544567850542 0.0252325813928999 0.223623832212514 0.481898548768638
0.0155882120465601 0.0373471389964457 0.30781405823289 0.107205484597651
0.0182101727658574 0.0193029808427673 0.133538290560113 -0.175257649056511
0.0067341119161795 0.0147949548985957 -0.0932584808963667 0.102059959655297
-0.000719374455773439 0.0357417264125079 -0.190564250417825 -0.108788482355727
0.00653007333134824 0.0114994513332715 -0.0812944941015213 -0.399434135823777
-0.0128753931840285 -0.00598450348508686 0.477091891868944 -0.405885980414064
-0.0108492489530058 -0.0393685418523443 0.757799422822334 0.271173911617773
0.00567396177230586 -0.012376679438573 0.230288289244669 0.84496134051487
-0.00873444973583566 -0.00137051131607865 -0.31952664612079 0.542472325943975
-0.00543001783620573 -0.00654367350231525 0.0133388668439365 0.0752607092732019
-0.00207882466861589 -0.0127873073141796 0.254518003170099 -0.475546497573791
-0.0216566960199551 -0.0150213302792708 -0.343627997742151 -0.826550979441275
-0.0240007856693841 -0.000304958466225122 -0.888730566334579 -0.108991647111019
-0.0238098105213468 0.032194236243033 -0.381397150470028 0.632251820800517
-0.00102908914328443 0.0378844476932548 0.219274785250919 0.479604450816176
0.0232022934874956 0.0443279204365295 0.303041091152727 0.11215311064363
0.0265754155926918 0.0177651060897127 0.123960847736991 -0.171943301150646
0.0122666455223995 0.0148155460347523 -0.101970404872579 0.102368969334131
0.00278342946582051 0.0372110033275386 -0.197668773427808 -0.102425159505208
0.00613764941321211 0.0199030381143092 -0.0930609856974252 -0.401371938190278
-0.0137848591077599 0.00055410826663488 0.46125447867165 -0.43255958434626
-0.0121615829935462 -0.0404725106911599 0.766283687129402 0.228251963295775
0.00823505843276791 -0.0153739062710036 0.264069836793792 0.828066639504332
-0.00721556329129535 -4.28965452367296E-05 -0.296966333948266 0.546044235153053
-0.00619376707992865 -0.00594308331263071 0.0198081369557161 0.0764033050096959
-0.000146626212919981 -0.0134503477514461 0.27161992171999 -0.472122593695771
-0.0183362772796402 -0.0200035873999426 -0.317097385634724 -0.845698164388748
-0.0245266909295238 -0.00349179443089602 -0.88730004833893 -0.151078359458769
-0.0247122889858611 0.0380654493226476 -0.402338616350422 0.607759431136263
-0.00116761452169931 0.0468833225116797 0.202818050454796 0.481989179135294
0.0263402227878821 0.0473204761661233 0.297471448800079 0.121874490074424
0.0321609250437503 0.0170007332761634 0.115585989824885 -0.166634755606793
-0.0143595174497481 0.00543217476393064 -0.0844669487949462 0.1169862893327
-0.0359782426069688 -0.00586368224591244 -0.212404920130748 -0.100859523940802
-0.022943936311534 -0.0455854856264025 -0.169312921509678 -0.382255917652525
-0.0018200258968441 -0.0389561392149188 0.376204746732593 -0.480062286775136
0.0232490235434937 -0.0259578405113824 0.790797385043626 0.0940726029910788
0.0108893277976425 0.0258765821910896 0.382936533509433 0.748901950874258
-0.0398882230216024 0.015106770617791 -0.241125826427243 0.554373619242178
-0.0374098672659872 -0.00666716949949043 0.00869900685198866 0.0825288317714287
-0.035007723164389 -0.00160085592998042 0.304382876209849 -0.449505352702436
-0.0186820275083261 0.0240124264629067 -0.206932254687977 -0.897574119798853
0.0206668773692541 0.0104665020432409 -0.857881676084174 -0.269842543672456
-0.0138466428064628 -0.0116385918883887 -0.478507048289768 0.56509118760255
-0.0349127317571475 -0.0309169884473032 0.151724493438348 0.498418712329544
-0.0209113801129477 -0.0053807663034228 0.292053436847633 0.12861900929712
0.00035509324086057 0.0163823687302121 0.137776117439427 -0.166639000545766
-0.0152117747848569 0.00596061662433457 -0.0784828806106278 0.113019330784333
-0.0323759642818918 -0.00347499328503634 -0.204428042554503 -0.108935858729492
-0.0157790746274073 -0.0452955671584075 -0.148118416447151 -0.386208398197374
0.000149025132595158 -0.0395668145541067 0.405673016483635 -0.454288491171502
0.0193961447436932 -0.0254996104312845 0.785698099723071 0.152476034483663
0.00643891594955998 0.0235510298760985 0.341343065829419 0.780820606213697
-0.0379302764258733 0.0124127644768354 -0.268415327029262 0.553003509703496
-0.0325197147667116 -0.00686375523585052 0.00309234094611744 0.0815525463730663
-0.0318214700137214 -0.00200323184770776 0.281639738874192 -0.455707075954112
-0.0199590541974711 0.0220259937018168 -0.254132859962691 -0.870064413478652
0.0143810182816029 0.00877057714578738 -0.865200693534525 -0.209680288698584
-0.015863819082655 -0.0104522230740109 -0.444992748772764 0.597318426691191
-0.031798996843697 -0.0280862692579728 0.174228716791721 0.496681013085074
-0.0186053798946957 0.000818158132856499 0.300438235287593 0.118614483841267
-0.00112208369481494 0.0178186221209504 0.14267097895465 -0.171765753824278
-0.0142832701075301 0.00733078340346791 -0.0752652949077645 0.110043040784716
-0.0264606194583719 0.00277973365508187 -0.196505968067624 -0.112427204466724
-0.00872526333095296 -0.0387310719303465 -0.124282568736206 -0.389214370937316
-0.000223825616756819 -0.0368025738727116 0.432654297217559 -0.424986207176001
0.0132842140985301 -0.0264318714440632 0.775336364954868 0.206363599376727
0.00270057708028495 0.0177007390092607 0.296507838254634 0.810169235722725
-0.0336018483493515 0.00880353862773909 -0.293859390986966 0.548872646244163
-0.0261908488852962 -0.00706629880926285 0.000988313918478331 0.079447418832288
-0.0256507511198085 -0.00393794865394563 0.264743960741813 -0.462126535830107
-0.0217601811408717 0.0168606870924944 -0.298788702041383 -0.845365791345074
0.00629320791050878 0.00670288373435845 -0.871881347124128 -0.154186092523196
-0.019337709418067 -0.00496861592916933 -0.411336356279689 0.622517241222646
-0.0255615645372949 -0.0171931242429844 0.197389947448464 0.491232388223495
-0.0123408312430997 0.0094581942035073 0.30561293104778 0.110244389491927
-0.000783887463205027 0.0183932250070179 0.14563895876521 -0.174490796674533
-0.00994688022336247 0.00868568502891851 -0.0754237966260231 0.107092824773522
-0.0192717464407344 0.0110147236073606 -0.190796072905727 -0.115538931220815
-0.00181093208277652 -0.0287410821823785 -0.105830995609743 -0.390577156532046
-0.00231494708340192 -0.0304421695139276 0.453763046238132 -0.404312832933719
0.00549018713912297 -0.0284554157093803 0.766462750008458 0.249863345782088
0.00115007944735527 0.0107381872751584 0.259469984679149 0.830526440227863
-0.0261773555838121 0.00518023088662709 -0.309738943461885 0.54575572007996
-0.0189804612010893 -0.00703022010927999 0.000486974153316907 0.0785897412778662
-0.0191042586359586 -0.0064444252011103 0.248208357418424 -0.465604051762057
-0.023117109793803 0.00930775720682655 -0.332462059177443 -0.822775422335789
-0.00340978574904472 0.00522354814940375 -0.877036070339368 -0.111065381405248
-0.0218195868946898 0.00330583119901458 -0.383141793993309 0.639629726629377
-0.0183442510020415 -0.00412628727385485 0.215708783264936 0.485639574185786
-0.0028278264815161 0.0192216851860277 0.309686793394331 0.103588924593248
0.00407624669082663 0.0187021780797213 0.143486488334621 -0.178016927336133
-0.00520735292568645 0.0106861672615794 -0.0787748066300904 0.104286249118495
-0.0122242403024183 0.0201111137026263 -0.187450114153329 -0.114523723400533
0.00246443066475214 -0.0148150050335425 -0.0898271870547113 -0.392976275683872
-0.00627121763126476 -0.0226202938249291 0.468279124633491 -0.395586132205669
-0.00145650030210362 -0.032989094385585 0.759388478048614 0.272860895749248
0.0010710357965572 0.00132675082175663 0.23536633917554 0.84165956217596
-0.0195786049869864 0.00109952965257887 -0.322989847540101 0.541730757814214
-0.0127389796880042 -0.00750682767883805 0.00358800146552212 0.0771762399571052
-0.0133367288959332 -0.00899368415047508 0.239121497924276 -0.470861811312675
-0.0235907171105254 0.00030156731625515 -0.355181731584703 -0.809382101926475
-0.0121418225169933 0.00246787906843936 -0.879780442537824 -0.0825831601840063
-0.021812737108695 0.0131566133584977 -0.364189805406578 0.649556277740671
-0.0100818047415664 0.0107048172036579 0.226839821132546 0.479717787888241
0.00708634081692652 0.0287896297255125 0.310682483401419 0.100840932030879
0.0108505927612909 0.0187441210538739 0.137831392927807 -0.177889516869048
0.000445586998776233 0.0124525878146056 -0.0852009554228726 0.102981189199179
-0.00570450342730073 0.0287837879672295 -0.188128392148578 -0.1116082563228
0.00573981801039569 -0.000699817233720639 -0.0831462231856524 -0.394282171142658
-0.0098471415563197 -0.0149819637019938 0.472136434918638 -0.397619087598521
-0.00758024898328954 -0.0364977723940807 0.755371111500938 0.277141142973552
0.00314889655029791 -0.00715601449859315 0.228045991160235 0.842846509835619
-0.0130692535242286 -0.000217269877716768 -0.319979025093991 0.541650730175066
-0.00754442353960154 -0.00646482423157031 0.00799620784043944 0.076131038196836
-0.00668415767107501 -0.0108836936529226 0.239680317594348 -0.473140781371434
-0.0237223136086787 -0.00743233720774972 -0.363673059230906 -0.807461363490027
-0.0196215199187554 0.00126245340954367 -0.881172149870188 -0.0790840885340613
-0.0227375230439453 0.0241644085753642 -0.360130055374258 0.646606639016577
-0.00369418380609885 0.0258219389588077 0.23105408234763 0.474932110323047
0.0168614668051308 0.0365996733624381 0.308180206818936 0.102917160675216
0.0186459917061214 0.0171624763037226 0.13128267475949 -0.175743062100736
0.00642975040260212 0.0141733716742152 -0.0934953636213336 0.10238946799839
-0.000706430257309067 0.034802737817839 -0.191621255207118 -0.106398098810427
0.00608858157427105 0.0113528337677783 -0.0854427284401712 -0.396011001189694
-0.0122840194326296 -0.0066958498190749 0.469073746028584 -0.412203385252973
-0.0113837749606679 -0.0385935833759345 0.7578519578246 0.257681249684782
0.00513627616384979 -0.0127436021366518 0.243841579654648 0.836765820743021
-0.00826792128315136 -0.000357461605699935 -0.310571049465779 0.54191696962896
-0.00596272163741028 -0.00655344363270425 0.0139943983333051 0.0750067209350048
-0.00240640244036323 -0.0125761354213041 0.246722633490323 -0.474724412175037
-0.0211339612973923 -0.0140611553707191 -0.352258298144738 -0.817171847814114
-0.0233041947697613 -0.000540101090813924 -0.883520591924118 -0.0979089011778229
-0.0232975288842342 0.0326081285130994 -0.368998878699489 0.633196017458067
-4.84349040127431E-05 0.0380167038207597 0.225206741380547 0.473808671081908
0.0241648049697036 0.043158216465965 0.30388508355369 0.107955641734882
0.0263252131424181 0.0167479674580868 0.122128466109367 -0.172259922048097
0.0123358470620078 0.0142520475553429 -0.101195707381294 0.102986192766339
0.00321375048131136 0.0367464423061103 -0.199096167134886 -0.0986243074825235
0.00630963785371204 0.0190783568443204 -0.0955256152234674 -0.398337170170772
-0.0138917981988816 0.000221357780545149 0.453754145893179 -0.437753362037643
-0.0131220131593148 -0.0402686592228183 0.764550292249324 0.218144940015788
0.00733700166929286 -0.0153068709668875 0.274516715430618 0.818455614627324
-0.00685040651745335 4.50712616289969E-05 -0.288885439652244 0.545831454117352
-0.00645214568404569 -0.00506723238660092 0.0211174362297488 0.0750304648599415
-0.000837393462262205 -0.0127279595917977 0.262599664046231 -0.472488877659824
-0.0185380137860155 -0.0191712599726594 -0.326009164029077 -0.836802947612369
-0.0247553188183077 -0.00350400330796993 -0.884389331068212 -0.138909689116829
-0.0237660962480696 0.0381570563482042 -0.391941171121876 0.612360056825354
-0.00119333486612076 0.0472954683047166 0.210484779902419 0.477427344177475
0.0268514110920737 0.0461244649114117 0.297952438576292 0.116711985606261
0.0322543116256855 0.0165357772295306 0.113123267502657 -0.167216529105476
-0.0142169999888953 0.00554640229636653 -0.0830906264397148 0.116806948996493
-0.0359207865655448 -0.00542251565749553 -0.212102896402767 -0.0967088889159753
-0.0237345653837968 -0.0454246699572983 -0.173602798371204 -0.377257505261506
-0.00270727040027934 -0.0392598665972098 0.367084453268682 -0.483459355983027
0.0214212501127961 -0.0259554430863296 0.78700345064535 0.0824197042124776
0.0102447540090593 0.0248124923753592 0.390052924975116 0.737826066937286
-0.0397140895848723 0.0155482154528946 -0.231385990994354 0.553120834011668
-0.0380912536770111 -0.00607388373143064 0.00967086679646921 0.081252091554178
-0.0347623446975623 -0.00124893710422752 0.296355182483189 -0.447872301037136
-0.0189853408498821 0.0240320809379183 -0.218130584683811 -0.885613009465291
0.0203859151646617 0.00970295032091615 -0.856381215889666 -0.257942191136008
-0.0128797599221375 -0.0111629490978162 -0.466093668666817 0.568371613252666
-0.0355436878884656 -0.0303674298105971 0.1578590774843 0.493468188513409
-0.0211913696257949 -0.00482649992580526 0.292940567574039 0.123474246881854
0.00138681474784125 0.0153088381675466 0.135742826518462 -0.16628871200684
-0.015238954376461 0.00592680885426159 -0.0773113935898153 0.11324965502782
-0.0322594145677566 -0.00265694114415239 -0.204253782067446 -0.105022401204127
-0.0169500309839767 -0.0448858225814942 -0.150393198488002 -0.381224285293063
-0.000546725355725355 -0.0395029488626126 0.397833709499692 -0.455470722584743
0.0178792143841804 -0.0256018655624769 0.782600229771211 0.140944471772564
0.00605558962628244 0.0229128709844092 0.345397507280859 0.769362167478857
-0.0376395134698626 0.0129146422370983 -0.258430338633059 0.550781612755665
-0.0324110502464568 -0.00572738105988157 0.00499325488031316 0.0807194626819036
-0.030718909473621 -0.00185892969301978 0.274167474127921 -0.453985010704435
-0.0203689505254114 0.023013601823831 -0.264487027919163 -0.858924699678024
0.0141630461655165 0.00855321025187101 -0.861763404410858 -0.196012789527797
-0.0163498552602526 -0.0101210573939413 -0.432143338224051 0.599818386447919
-0.0314646790282236 -0.0261020619308359 0.181860077867144 0.489174736437289
-0.0186028401136809 0.000688607718496232 0.30047064607639 0.113878789766756
-0.0011792584887939 0.0162693513232318 0.140856753740519 -0.171719571073793
-0.0144289690764308 0.00688025948992685 -0.0746089536881699 0.109322064893261
-0.0264028873103938 0.00320840289660139 -0.196283185137667 -0.108810568771303
-0.00970372336048505 -0.039121894338322 -0.127913830784119 -0.385261231014481
-0.000398005152578556 -0.0361663836524005 0.424408041087537 -0.428518670569354
0.0122628202668698 -0.0266006285549911 0.77477844560288 0.193568744851066
0.00299673878763632 0.0175561226615001 0.304294749276343 0.799285027343651
-0.0324948480910445 0.00955831962227737 -0.283051842361392 0.547509759235218
-0.0263480376658813 -0.00641672880872158 0.00172239338785875 0.0797413434753813
-0.0253375817729263 -0.00301295180962934 0.255984155505513 -0.461212837972479
-0.0217508128365478 0.0175323364474809 -0.307674843581972 -0.833192306357522
0.00562304435989082 0.00610956803386239 -0.870592214657447 -0.140665973271526
-0.0187557915926609 -0.00516573588938365 -0.39919753270188 0.623009684628979
-0.0263337623608784 -0.0171883284918482 0.204279438921161 0.483179392502119
-0.0117650050962533 0.00913177595381087 0.305986237583713 0.105072765332011
0.00013535346664036 0.0177068763633251 0.142881917247706 -0.17515295503753
-0.0102312860073295 0.00842491646951492 -0.0746266171409987 0.106497790625248
-0.0183343906046608 0.0109940672986812 -0.191291681001954 -0.111730270141056
-0.00277110636581192 -0.0279435377547019 -0.10800849391722 -0.386109757390411
-0.00212710131045035 -0.0309377585380371 0.445566309509437 -0.410033602491376
0.00505373598219429 -0.0288440488819873 0.76439734041906 0.238261170149162
0.000979790520735184 0.00956597537751337 0.267368679392324 0.820818420847216
-0.025639764921658 0.0056358244141258 -0.30323230771299 0.545959459089114
-0.0182994483720461 -0.00654322221839149 0.00142178766467127 0.0789783308798723
-0.0191437253662387 -0.00533520797455086 0.240880721358639 -0.46336363966134
-0.0232895024184023 0.00933591933720383 -0.341358613165343 -0.812949848632761
-0.00330704086517766 0.00476341134259418 -0.871284975838123 -0.0989736340285223
-0.0208907156868727 0.00387560250409207 -0.371569024240876 0.641365398205778
-0.0192391670617947 -0.00351885362412924 0.222661381772445 0.478687237332822
-0.00309142291885049 0.0186949330460659 0.309231116192796 0.0984007498943083
0.0049935775238065 0.0179277691316657 0.141353252009236 -0.178041325240936
-0.0050863545622265 0.0107773678674201 -0.0779801102778427 0.104098570749254
-0.0114474203371898 0.0201120094916487 -0.188079251623384 -0.111156841705932
0.00290514169691687 -0.0150451444522082 -0.0935596527272223 -0.388202833281764
-0.00516091000033505 -0.0229000659940591 0.460665706087172 -0.39974751330506
-0.00184339861253633 -0.0323900797064148 0.757910339279297 0.262684710449133
0.000517844537601362 0.000560482127843813 0.244184904862595 0.832848833000654
-0.0191047413039928 0.00279387936202005 -0.31377645350766 0.54192094982042
-0.011846521989335 -0.006445994935842 0.00356275265539423 0.0764384601826942
-0.0135903995067679 -0.00807878407087286 0.231063017288957 -0.468892424174234
-0.0240074969958398 0.00141407286372156 -0.362353793263681 -0.798277598639164
-0.0124854509452706 0.0026113676288597 -0.874401618450658 -0.0712394747707374
-0.0220576838625677 0.0142305973749877 -0.352656661627057 0.65007492608769
-0.0109823631769308 0.0117990424129077 0.233241786168409 0.473544316417797
0.00713308156552512 0.0283390047602159 0.310397036525996 0.0962343811268391
0.0111916410628993 0.0175173607297464 0.136420080451542 -0.179050306046845
0.000868195899720032 0.0128451513429004 -0.0844781223996456 0.102448575940479
-0.00459193827880971 0.0284175125589529 -0.188517813342828 -0.107408403078623
0.00526620847743438 -0.00125879389076965 -0.086485177038934 -0.391230621612705
-0.00948494032471237 -0.01389821129405 0.464847073060501 -0.401762966842949
-0.00806506199433505 -0.0360557039215106 0.751989608609509 0.264379761004811
0.00211603795598142 -0.00740238201922832 0.237381985447547 0.835222948169868
-0.0130064279484524 0.00110615706908484 -0.310056228596483 0.541963528374977
-0.00794278202937571 -0.00655473079322379 0.00930676821021867 0.0754148963588993
-0.00688825003563688 -0.0112951404203683 0.231254374910036 -0.471610655226605
-0.0244470189330396 -0.00735851715999935 -0.371315845171239 -0.795572885412726
-0.0194742168108112 0.00145605430572228 -0.874932374125653 -0.0667998841302248
-0.0219490977127273 0.0247953706106429 -0.347027840134052 0.647214325163779
-0.00426749962204611 0.0255232921089076 0.235725846783703 0.46772670217114
0.0173423483306882 0.036334153377992 0.308977052856718 0.0972619683291321
0.0187602674624487 0.0166614916772612 0.128334573395264 -0.176254167492733
0.00637073857959354 0.0135274456362134 -0.0920304795665248 0.101991696360105
0.000571049276881784 0.0351038047686871 -0.191925508726532 -0.102238666508051
0.00676493852545006 0.0101525538138151 -0.0881141721775187 -0.394302070882356
-0.0122582485132822 -0.00628966913847463 0.461411666548184 -0.416574622668282
-0.0117401615318568 -0.0379507578591902 0.754420087589784 0.247102749535116
0.00431373940010609 -0.0130341821901285 0.250885140232324 0.827294215859032
-0.00901219134901611 -0.000211869436251455 -0.299987682763893 0.542462254532465
-0.00538646926348596 -0.00569146194337241 0.0150754703309827 0.074514763772823
-0.00256032587223373 -0.0124377509704709 0.239101532742321 -0.472149066789929
-0.0219295150968362 -0.013453684892945 -0.359408187197316 -0.804931251867625
-0.0232331070367943 -0.00107724216335107 -0.880410432674853 -0.0862035486419089
-0.0222450961904497 0.0327274708826469 -0.356686973101361 0.633332597029339
-5.73291069971352E-05 0.0381189598483163 0.230008916033803 0.466895479764544
0.0246659267253369 0.0420025676134185 0.30419756049245 0.104289445844323
0.0263954351436865 0.0158808027105656 0.120606566043719 -0.172117308840305
0.0118089583749096 0.0134820029665986 -0.100088337291969 0.103366175531279
0.0043088740697717 0.0367150309158516 -0.199561872757113 -0.0962141974912159
0.00660464146907767 0.0185504618350863 -0.0996196336133424 -0.394351133212309
-0.0137434554497108 0.000233583291275243 0.445081113702274 -0.442164313633269
-0.0141988671326541 -0.0394427302837682 0.761795016306632 0.204456997600828
0.00755044082805079 -0.0160104965472456 0.281066889979053 0.810324251271974
-0.00632924662952941 -6.46254316418945E-05 -0.279479520356801 0.545960193933619
-0.00594138467876207 -0.0053042954490414 0.0215282673098076 0.0752642534987034
-0.000928646746256987 -0.0133985763422459 0.254614991931979 -0.47210313095418
-0.0192782868141506 -0.0187182242152219 -0.336002096348389 -0.826468567133486
-0.025033616586105 -0.00301022467830805 -0.881388537638987 -0.126450944885413
-0.0237820940643786 0.0388170177133815 -0.379405413934369 0.612663866032117
-0.000296270255923711 0.0475102086610408 0.21530663043602 0.470918401265163
0.0279655495116047 0.0450660066102936 0.298467899162118 0.112305340054082
0.0322382169375722 0.0155041453555606 0.111395201069333 -0.166951200004844
-0.0140920673137486 0.00587267216948385 -0.0825853982850561 0.116110196547147
-0.0352303337873238 -0.0046962008633797 -0.212118836799322 -0.0923620969025748
-0.023448308326256 -0.0449805064701575 -0.174557725314455 -0.373017922433924
-0.00245561581379882 -0.0391958358790181 0.359308754285125 -0.484354739874956
0.0208132110871217 -0.0255320022508876 0.77999429447409 0.0731534625375396
0.0100494966424406 0.0241797190919695 0.396106537454886 0.725710925232027
-0.0394732779797216 0.016187814315725 -0.22278994155101 0.549870301747209
-0.0373847014132808 -0.00562354604924978 0.00993173335288518 0.0809765488352826
-0.0342720761851501 0.000317051067417903 0.287962965961273 -0.446360740247358
-0.0191251162928706 0.0241487535020972 -0.22579410294833 -0.874348375028735
0.0201585081996339 0.00948354777181111 -0.852113250275313 -0.244184451420845
-0.0127252793390865 -0.0110522853220834 -0.454460276315659 0.570829779638835
-0.0348174865929464 -0.0291659005068917 0.163053269726057 0.48699962841013
-0.020993566376152 -0.005274591602449 0.292049415296307 0.119271240619182
0.00156658274401647 0.0144651553901992 0.133993060550786 -0.166912813363076
-0.0148794579632207 0.00610947048984412 -0.0766405105708346 0.112666051436557
-0.0319234114782499 -0.00191829840661335 -0.203443507609755 -0.101218319550665
-0.0169781978812562 -0.0447606312820706 -0.153413219880439 -0.376162270142276
-0.00126601352282315 -0.0388875125554406 0.389419612447199 -0.457542288944896
0.0173481455415187 -0.0251446278782697 0.776817088011893 0.130839230982705
0.00546206929958229 0.022262394726056 0.354514343280235 0.756837996841866
-0.0365949736473569 0.0140797279120712 -0.249628656148419 0.54861954659764
-0.0323009458082285 -0.00577384072474046 0.00507365983168792 0.080395994354437
-0.0307855413111395 -0.000545824692588508 0.266414295784148 -0.452768522906246
-0.0201505037058339 0.0231003521660647 -0.272562548905762 -0.847965499739905
0.0146007275370606 0.00778484161611553 -0.858511957641724 -0.185324104534064
-0.0155522522306137 -0.00937779551678421 -0.419676451760472 0.599241767425554
-0.0317838936626762 -0.0248758337753657 0.185316439952378 0.482497578866049
-0.0178929743593819 0.000766991915420762 0.299993758776267 0.108933767438849
-0.000438329418540604 0.0158082671042916 0.137947025106058 -0.171770303766892
-0.014034483816275 0.0069426123666613 -0.0736683647029869 0.109257159411468
-0.0252545588178692 0.0033686560364567 -0.197453089922368 -0.105395352317075
-0.00989499347075837 -0.0384672447513641 -0.128826938133743 -0.379359530135456
-0.00110665751924758 -0.0361115204523454 0.417151819848138 -0.43160919055394
0.0112582713178183 -0.0260669505365131 0.768640877082362 0.182963077880212
0.00212333779513811 0.0164691342988238 0.310646130425416 0.787081447655204
-0.0319351775056451 0.00955082654437518 -0.274823685605627 0.544707225823637
-0.0259384042980799 -0.00602853650888644 0.00214727886720574 0.0787945911446282
-0.0259052124265918 -0.00285834183053839 0.24825481422436 -0.457575388731791
-0.0213099655348742 0.0174229470768863 -0.31311580969934 -0.822273820282009
0.0063573865021295 0.00649863925999571 -0.863953416796272 -0.13035984874948
-0.0189012691178773 -0.00464412336863783 -0.388723068082199 0.624570160974991
-0.0260614296785604 -0.0158933289985318 0.208740766385263 0.478113480072248
-0.0110833399040526 0.00959463172965941 0.30546283772937 0.100211053883987
0.00122339958927094 0.0169270952851912 0.140577275672834 -0.175130914270066
-0.0104184414110486 0.0083912637982208 -0.0740105957056116 0.10630911134635
-0.0185669028595522 0.0111587150039627 -0.191618683989193 -0.107632688044257
-0.00309849952633926 -0.0281610875673615 -0.11044542816371 -0.38150617680035
-0.00298663593101591 -0.0303090773640245 0.437660699569346 -0.412108076784323
0.00417893918894811 -0.0279690740464673 0.757967740982261 0.226070128066796
0.000205389069094964 0.00861734743963173 0.275622660402682 0.80835440150776
-0.0258525228845325 0.0064510334856441 -0.292293011963053 0.543743914107249
-0.0185866458540722 -0.00644723718421832 0.00173867959916739 0.0775129423681665
-0.0192070742394489 -0.00495555779948264 0.233170402195123 -0.461237447265728
-0.0228354789271217 0.0102511571378197 -0.346328927617827 -0.799273383983778
-0.00401489550131204 0.00452327122978598 -0.866847606591767 -0.0883686661911854
-0.0195478373940396 0.003868335103434 -0.359027608343205 0.640239014262723
-0.0188733757070599 -0.00238575135384284 0.224929137775735 0.471376370890678
-0.00232026272876524 0.0187619813544196 0.309839420477023 0.0944180559779198
0.00471110073500648 0.0172763755310371 0.138933007086841 -0.178023319349808
-0.00481387898944164 0.0111414916607296 -0.077541589627519 0.103311656191322
-0.0112095494339657 0.0203323751014136 -0.187996126924768 -0.107386874934431
0.00150545347226743 -0.0156614085932252 -0.0955945448108528 -0.384095231876536
-0.00571365612170769 -0.0226930191823758 0.451994896572566 -0.404095153488973
-0.00248939901492614 -0.0325364582931719 0.752329123359891 0.249866133377371
6.68054474109187E-05 0.000488220518979659 0.252690980262534 0.819695566725099
-0.0188683971536111 0.0034512787309997 -0.302525180752712 0.540501517876414
-0.0123860653215991 -0.00642444142505955 0.004891034914914 0.0760038232917579
-0.0129364790005277 -0.00846561636772489 0.222907747391994 -0.466546919907182
-0.0240234042467981 0.00190260998017321 -0.368691781186908 -0.787725815164569
-0.0123847819070661 0.00265731739392764 -0.867231907190179 -0.0591885781780768
-0.0210268308656745 0.0143158181756557 -0.339628223839702 0.648908179364892
-0.0107821310553928 0.0113498655724715 0.23689569292765 0.464883838677531
0.00766586641309108 0.0280602039477332 0.309336684149847 0.0915018630778387
0.0111433082456557 0.0156873950723107 0.133254839253393 -0.177455528347162
0.00119733850365942 0.0119930289142107 -0.083617645586787 0.102457036954233
-0.00363787608139203 0.0276028094829816 -0.18858126286488 -0.104099645106667
0.00440754575777814 -0.00200116033734732 -0.0890786798383032 -0.387027588510058
-0.0092488114629248 -0.0138812348025416 0.456536163669934 -0.405898865140295
-0.00936653416486031 -0.0350824820767591 0.748872509751284 0.252628927355076
0.00107052300598607 -0.00700594572159383 0.244642047901673 0.823637952167109
-0.0123301671876318 0.00157090073427946 -0.30007575018183 0.539960153071108
-0.0073693989413515 -0.006484253122164 0.00920834725904462 0.0753239091868851
-0.00646529950405145 -0.0109584861945234 0.22462588705726 -0.468988176598407
-0.0232896669912991 -0.00638499160956419 -0.377008090077359 -0.784251629467834
-0.0199063313119509 0.00142575754944526 -0.869222483637146 -0.0541171501841375
-0.0211217722212934 0.0241758248567299 -0.335784063849316 0.644758533355085
-0.00386946338505734 0.0264829370306056 0.241711502244779 0.461249439267438
0.0172388379262586 0.034973770993296 0.307368533940547 0.0931736473982774
0.0190873618665976 0.0154731460031315 0.126421670780397 -0.175741496565635
0.00649214401884778 0.0131948789478759 -0.0907569304106346 0.101733799351288
0.00124970066738474 0.0347794341285321 -0.192887449646891 -0.0993982627377605
0.00610823942255028 0.0105713512897139 -0.0906977582151103 -0.388494632629423
-0.0123830099751323 -0.00543216919803774 0.453746056691898 -0.418545273347036
-0.0126022966523503 -0.0378060612636546 0.751114432697481 0.235331068064639
0.00424453791154459 -0.0132055451683819 0.258336285216365 0.816618066619996
-0.00818964726342418 3.98409676681723E-05 -0.290549561582721 0.541477120475915
-0.00591144970301273 -0.00542530758002207 0.0157315245180973 0.0736496221401714
-0.00297894292324825 -0.0118948109754718 0.232209515543469 -0.470793005350685
-0.0219721186080326 -0.0135117425848498 -0.367283431312171 -0.792791123865775
-0.0234240167520704 -0.000462478659298217 -0.871639110173057 -0.0734812464496285
-0.0216315519703835 0.0333732682876906 -0.345212061840461 0.633102289359898
0.000433416163409245 0.038316635822086 0.235457242152221 0.459987811831889
0.0253464044440515 0.0412564913707661 0.302809582081632 0.0988491985632376
0.0262808811541815 0.0152148354324589 0.118162530858054 -0.171341145283216
0.0120658842317963 0.0136613779832391 -0.099585535667219 0.102578226569645
0.00479943228098105 0.036854398183195 -0.198696395633916 -0.0922653967189833
0.00623800346802853 0.0183906509446559 -0.102839823063683 -0.390758239213086
-0.0130079143225142 0.00099156847787989 0.437362927277529 -0.443178294668644
-0.014249726707297 -0.0379649432652677 0.757398473591452 0.193473176018625
0.0061870831201394 -0.0158756469379544 0.288643317545089 0.797449207765969
-0.00633157076716229 0.00073998237414832 -0.26943042028438 0.543909765933211
-0.00626207065207255 -0.00484019899278258 0.0215230580319997 0.0736608812810254
-0.000912221324336892 -0.0121565153116525 0.247566080955181 -0.469176914883989
-0.0194368620822784 -0.0183839348349423 -0.342251508928209 -0.81450162634567
-0.024517219097467 -0.0033221637040406 -0.875402013426984 -0.113761605028787
-0.0227249565681104 0.0387988603515906 -0.367861297699222 0.61168956567152
0.000430599710037734 0.0468511556121273 0.219914850964081 0.463580217159469
0.0276913954248015 0.0444790255549091 0.298046824763065 0.108155424897706
0.0320320412131036 0.0135046645402073 0.109343631410918 -0.166126199192725
-0.0140028922853027 0.00616822960682859 -0.0814320432680714 0.1156797621474
-0.0345783943510511 -0.00417508759510776 -0.211454488373032 -0.0902806687017753
-0.0240669569522344 -0.0448048440103752 -0.174790585080032 -0.367181622776151
-0.00254402968034249 -0.0382942856733979 0.349531273888553 -0.484000645810512
0.0198373754386145 -0.0253889020578925 0.772122313392806 0.0635837318747265
0.0100465973236583 0.0235604822698933 0.398171737220372 0.713610211138662
-0.038015486636794 0.0167939486960718 -0.214924870392617 0.5459291076786
-0.0366560245755659 -0.00448834454369844 0.0109179953505657 0.0799409696778551
-0.0339060228987494 0.000689385782380534 0.281028336328472 -0.444069427643522
-0.0184024361460071 0.0249462568612289 -0.234070166544811 -0.861907134050425
0.0204327961763901 0.00848190422503028 -0.845397453014739 -0.233913859889079
-0.0124046650290281 -0.0102169375650472 -0.442744597015107 0.569632588241898
-0.0356409735922049 -0.0288351275212838 0.166962257816413 0.478521847190558
-0.0210127148673385 -0.00469119433185727 0.29094900917162 0.114213953066395
0.00153920225440395 0.0132606686912965 0.132361987125102 -0.166946523469475
-0.0153828256851514 0.00543007987859818 -0.0763839305241492 0.112063072389521
-0.0312773740636618 -0.00180870107277926 -0.203706054516411 -0.0977478688755016
-0.0180459135457908 -0.0441138900170773 -0.15510717114884 -0.370202920690025
-0.00104269327640672 -0.0385369097641619 0.38186658212331 -0.457359567859327
0.0167097722971803 -0.0245033676963616 0.76867620740425 0.119908534426141
0.00545226117079533 0.0216580399946575 0.357862397994329 0.745456246852937
-0.0362785133906689 0.0141736619955213 -0.240995081996128 0.545884676321382
-0.0324417879767315 -0.00467394636409775 0.00571139723938274 0.0796363566799165
-0.031060847499057 -0.000270586557754316 0.259608185124094 -0.449549653752562
-0.0203185611915213 0.0226932818086513 -0.277245395488699 -0.836540567574877
0.0141633171615137 0.00724091509623684 -0.851899692413213 -0.175091119669134
-0.0162548837483095 -0.00872097322358203 -0.409108196241388 0.598630382829523
-0.0324241709538563 -0.0244617417665705 0.189550405936439 0.475376924294452
-0.0172139070098431 0.000597380540211193 0.298562282106705 0.104503008273823
-0.0011831729292501 0.0149775382147655 0.13614038950095 -0.170237327239424
-0.0135667482053232 0.00676573283950302 -0.0733164424818955 0.108433976532874
-0.0252722149155982 0.0036682292217535 -0.196362450047998 -0.102634498091025
-0.0101241844798905 -0.0383128067524925 -0.130857914518095 -0.374060622926244
-0.000727467892899507 -0.0353009508263394 0.407399043463079 -0.432649209650291
0.0107849766894563 -0.0255409655300483 0.760953002109401 0.172965108033507
0.00172102771622995 0.0162608681797025 0.315064953396732 0.776331673333938
-0.0315568894602178 0.0103276852052944 -0.265100137199179 0.542953857344535
-0.0255094471383114 -0.00526916215846663 0.00252903650742069 0.0784330400568594
-0.0257719006275288 -0.00185710675309683 0.241187094870775 -0.454245197565614
-0.0216400941007589 0.0178340708901043 -0.318967752438594 -0.810402037540356
0.0057411137976459 0.00586583662676205 -0.856064695963366 -0.119760284045782
-0.0182373986274926 -0.00428651180045604 -0.376217452195151 0.622102455504375
-0.027008589417786 -0.0150281501948501 0.211574667975027 0.470129980100861
-0.0114154614671432 0.00876902186724749 0.303902757464789 0.09590301734223
0.00091456640811073 0.0152521004783053 0.138048401144754 -0.174189203147766
-0.00992532030157029 0.00816127379714106 -0.0738229851654288 0.105603960089417
-0.0176776472325424 0.0113790854117486 -0.190294769877468 -0.104504681455941
-0.00391477357671309 -0.0288713876608072 -0.111823779015538 -0.377274667564037
-0.00214718300294456 -0.0299536205055026 0.429567655196495 -0.412701983478118
0.00383596355786474 -0.027872005514297 0.75448851806167 0.216024513538845
0.000488009927977946 0.00900148106172285 0.279345090976088 0.796151514712568
-0.0248423405200115 0.00643347098031972 -0.283385243429385 0.539390659145847
-0.0186563453786599 -0.00618646689058671 0.00262424892896135 0.0773650692823125
-0.0191955944765057 -0.00513325546412173 0.225546185009745 -0.45722651264072
-0.022892805190269 0.0103203837731445 -0.351722763089395 -0.788588499308697
-0.00372846644512829 0.00421391090307051 -0.856560038668366 -0.0788871659339685
-0.0202575688608699 0.00490313863140604 -0.347991855731264 0.63816881215503
-0.0188996798449619 -0.00292049665350783 0.228441418131583 0.463403854591531
-0.00186655577026472 0.0178862981943337 0.306795106309061 0.0905603328164706
0.0049925471773477 0.0150571265389559 0.136259177877863 -0.176761776036206
-0.00519068877872856 0.0104739310995929 -0.0764777472778557 0.102944402348977
-0.0104922049475553 0.020179514597895 -0.188178511988366 -0.103077406222503
0.00143179172965814 -0.0155526420103153 -0.0989304982321439 -0.380524400506954
-0.0049780109145836 -0.0229147801744916 0.445091627293334 -0.404632344383647
-0.00394508452070233 -0.0315118767319037 0.746806597022578 0.238944413862264
-0.00020592732983009 0.000631476065999313 0.257472713023474 0.807181473734461
-0.0181970399778968 0.00338987097852037 -0.291826438441708 0.537860858153425
-0.0118039434945557 -0.00620457196385614 0.00484022344078179 0.0767982615183424
-0.0132112445523243 -0.00733443880254888 0.217853958187123 -0.46170400572247
-0.0237465043952503 0.00273270671424882 -0.373079451346478 -0.775174491876509
-0.0122232663843152 0.00269926234143394 -0.859644705510758 -0.0503297111235643
-0.0206612012700169 0.0140916769191778 -0.329041042983199 0.644401678966774
-0.0101926030606514 0.0115566526768335 0.239866015211028 0.457496318690003
0.00825349372400008 0.0268445873989725 0.308065360422928 0.0874735137223385
0.0111668096653898 0.0153319016435649 0.131460290466112 -0.176980662443768
0.000363455864000234 0.0119636577853008 -0.0825623051660418 0.10215162207496
-0.00341222222537125 0.0282743499082683 -0.187569328523874 -0.100586103716524
0.00479914532487688 -0.00187449570753072 -0.0918378496813122 -0.384226813753746
-0.00923812972315736 -0.0135821577957796 0.448476452065896 -0.406546773591392
-0.00940574024582514 -0.0349591456225352 0.742973563050486 0.243418325370195
0.00101454338584512 -0.00735878299730577 0.251157387822389 0.811831817405005
-0.0123895804839725 0.00186069289461625 -0.292475313190045 0.53574095856489
-0.00770559368011969 -0.00663878353662939 0.00978407303236773 0.0743716999033292
-0.00670894642354933 -0.0108073525806771 0.217808997993623 -0.46537233045824
-0.0240246599115648 -0.00582122904999856 -0.38166380017834 -0.770361752996943
-0.0196125375923953 0.00087786116837201 -0.861870150289593 -0.0459863740000225
-0.0206013002789602 0.0243976015001095 -0.323630637429501 0.640918986459215
-0.00390018551647016 0.0255129180047911 0.242265327202318 0.452943601520519
0.0184273438067021 0.0343297935962654 0.305558291324898 0.0888785900683005
0.0182535291246551 0.0143660312015444 0.124588036317431 -0.174677118094008
0.00679090675500387 0.0134625732120615 -0.0899734955994521 0.101189838267585
0.00179567228362067 0.0342124884755584 -0.191289333471176 -0.0959741056004994
0.0057279898290761 0.0101686391018005 -0.0932355096399101 -0.385561158707353
-0.0115035486376125 -0.00653830582330475 0.443235578180123 -0.422176991735272
-0.0133604063445289 -0.036916239515111 0.745209776776614 0.224687353386239
0.00260720568729708 -0.0133908645230208 0.265286572562948 0.804810043310652
-0.00790885347275312 0.000844572772754418 -0.280846439604977 0.537907611197012
-0.00519258087853435 -0.00503199588792545 0.0159226136916539 0.0729261076954327
-0.00280081716798445 -0.0113183439629694 0.224011523293941 -0.467454371184283
-0.0220686564160652 -0.0123046012578906 -0.370389278896213 -0.781563195768477
-0.0243914787604673 -0.000795715932167065 -0.865771993633796 -0.0632085223218665
-0.0198437538546847 0.0326927225546175 -0.334739160736028 0.630662694808879
0.000663693244414069 0.0377752355997359 0.237899041347859 0.453430288232405
0.0251865307717768 0.040445597382073 0.302260922936854 0.0941576577762984
0.0254027804452939 0.0131802793298348 0.116802902772513 -0.171317914907313
0.0121676983135779 0.0131969684309206 -0.0987704875095145 0.102203203312239
0.00471931536040414 0.036672520424358 -0.198391693579653 -0.0899144447890159
0.00617132119190429 0.01723675450334 -0.105059507427169 -0.385734172708451
-0.0129194940342728 0.000111805445969539 0.428306325604566 -0.445517134516935
-0.015095521117736 -0.0378976389734783 0.750709823997529 0.183908479964149
0.00509082863627098 -0.0156800243926979 0.293008072783542 0.784702629268057
-0.00686819928640455 0.00102080922704921 -0.261525519434096 0.540462159658224
-0.00632663614894874 -0.00455625316177691 0.0221448047010595 0.0735057477697788
-0.00107103305847961 -0.011898177437601 0.239764882351413 -0.466602429483505
-0.0199372056552926 -0.0174557264347171 -0.347245375327781 -0.801125427755159
-0.0248885448902285 -0.00306897840354428 -0.86783953779049 -0.10412271748014
-0.0221390469792354 0.0392065272718447 -0.356576347887181 0.609806065249431
0.000614487524410443 0.0472243369570065 0.223499265524687 0.455512812220796
0.0284684055032877 0.0432057695675892 0.296249831545683 0.103494611808049
0.0313338003140123 0.0126775430992192 0.107575725833858 -0.166007877054344
-0.0139697895734505 0.00729410560067787 -0.06901791028273 0.122112275418713
-0.0357071681212701 -0.00132037805243927 -0.21779475586835 -0.0650455351449236
-0.0314396039512207 -0.0424875655472286 -0.210257622711452 -0.342779378546131
-0.00479926126622177 -0.0386699293075515 0.285483038750658 -0.522566344330515
0.0175066620675282 -0.0231777537812113 0.769352720385041 -0.0216053235773534
0.0135342071419275 0.0218760119276398 0.468179734649978 0.662591562581505
-0.0350675003979814 0.0234864536544468 -0.158817965503803 0.569686577893625
-0.0358899553952996 -0.000291753244725644 0.0184086459673623 0.0774758497409903
-0.0352703729278842 0.00417530178971196 0.232061624979373 -0.462670399801273
-0.0166838475768795 0.0306064147935076 -0.322879515391453 -0.822149874659419
0.0258923779346171 0.0116337373163588 -0.857314966358591 -0.147243874665424
-0.00513046122853442 -0.00848929310027762 -0.380548065153749 0.609409544965801
-0.0349453042509049 -0.0268357826989268 0.213564142525379 0.457973664671082
-0.0205812044055239 -0.0073663550751785 0.297148431299956 0.0809340269032422
0.00132502904009852 0.00969850793346681 0.113587755193655 -0.178075954553311
-0.0144966955546713 0.00901498066492263 -0.0629111929048188 0.117440487956092
-0.0325727475655486 0.0018390126071099 -0.210772913874871 -0.0737534210673605
-0.0245976905883409 -0.0430087846363643 -0.190717130240088 -0.348813192943169
-0.00336840268332167 -0.039368809120732 0.320212564511797 -0.498963182027538
0.014132321204777 -0.0225876961411087 0.773064216255307 0.0331047581464239
0.00969862778785702 0.0205448099393397 0.431268782610309 0.699937224348711
-0.033904705606831 0.0203493791147355 -0.184379854527134 0.570701696646551
-0.031782557836271 -0.000911668501929162 0.0130267587262981 0.0780028677249141
-0.0323933452674829 0.00381256821662353 0.209475860456452 -0.465937716242083
-0.0181311924319191 0.0292804709955819 -0.364432479922085 -0.7916626478018
0.0206783087278288 0.0109531779923997 -0.856632668960944 -0.0884959129932271
-0.00813312760095196 -0.00712846530213609 -0.344471481452735 0.63490994351897
-0.031841645706469 -0.0241713975823198 0.235745091325833 0.449603235862802
-0.0170095930263838 -0.00163910077559792 0.304241569257468 0.0713303641861378
-0.00117592103814579 0.0118552748428636 0.1187606381256 -0.183200328907666
-0.0131011402662663 0.0090806762788349 -0.0601767414200048 0.113481935833375
-0.0254242994776735 0.00636133285040779 -0.203612217084315 -0.0802600372726198
-0.0163930956364283 -0.03775222465882 -0.169334351539211 -0.356192507282254
-0.00291958930103413 -0.0361843464163147 0.350352031845138 -0.476534802059239
0.00813111330820986 -0.0222123406737766 0.772609897490386 0.0851597850081783
0.00578606082093926 0.0164434235054665 0.392743494202431 0.73353738210436
-0.0291625988890758 0.0166495901239942 -0.208985528950802 0.570214769544455
-0.0256599401945614 -0.00218359866119531 0.011285337333113 0.0766010680491694
-0.0277614786906625 0.0014256613784513 0.190761820272696 -0.470019986536653
-0.0199343200569562 0.0244503499368499 -0.401614805135454 -0.761032035091793
0.0119887868102767 0.00896736456121901 -0.856167920822768 -0.0345023591666694
-0.0100376620471674 -0.00279607673407435 -0.308733823020332 0.65589515311956
-0.0256458018069135 -0.0158047771888257 0.256874203831409 0.44181017556391
-0.0101371275827267 0.00547747651958861 0.309867187065765 0.0623636753116805
-5.00004163228925E-05 0.0124214827933219 0.11936454280985 -0.187886292613067
-0.00947972162015638 0.0102979338321664 -0.0626671701334451 0.111146732245207
-0.017582141056089 0.0131433253124068 -0.198331358820768 -0.0830091178790007
-0.00883273839284392 -0.0289866417331033 -0.15064724080851 -0.36209595246531
-0.00393105460252808 -0.0301866224688714 0.372559650199504 -0.461780933182088
0.000277917031940279 -0.0236206268303771 0.76769210393944 0.128715615289849
0.00289384149006259 0.00942169388872792 0.358160062863549 0.758531668644745
-0.0235685972411243 0.0123871305118721 -0.228449339920521 0.569989968260724
-0.019148246924658 -0.00314430432907506 0.0102834504433603 0.0759461492708795
-0.020950593362579 -0.00242084134080589 0.176137176852366 -0.472156465060589
-0.0211893451588123 0.0172895571413775 -0.431103666343847 -0.736299233481152
0.00284193877419035 0.0081388955950917 -0.854793984907195 0.00595721391539271
-0.0111249982953271 0.00478905810906224 -0.280263309571898 0.669681599115874
-0.0167976335752866 -0.0043839188936022 0.274369416145527 0.434162063441179
0.000306582283413825 0.0137808883582631 0.312945478791182 0.0560195639731817
0.00375337679025577 0.0121600525323278 0.117684333661025 -0.189790146694454
-0.00393143246662135 0.0117743208903296 -0.0659142983624616 0.108691141182138
-0.0100511696293389 0.0210215446513132 -0.195689329509719 -0.0816854441140449
-0.00324042297825659 -0.0168302797279818 -0.137611519199229 -0.365690905468602
-0.00603957897016952 -0.0224906263297187 0.389283601628517 -0.455154590153392
-0.00666795644327042 -0.0255732240507548 0.765662637308233 0.152352119237456
0.00208389865357439 0.00102482274261509 0.337833990836154 0.773968005404079
-0.0170610220731193 0.00840245245778437 -0.238849208654382 0.566896155182133
-0.0123017546649644 -0.00418569162259288 0.0125959605932969 0.074560184165821
-0.0149377994073494 -0.00561075214647384 0.166170330411892 -0.477107255765345
-0.023095535868634 0.00930757470903608 -0.450999903641349 -0.722602055909204
-0.00576980359918562 0.00758504355001391 -0.852036800996276 0.0350730092814496
-0.0109126888200512 0.0148076312832585 -0.25957330634239 0.674481979270801
-0.00628281433334291 0.0087279992101819 0.284731664101839 0.428399728901725
0.0104341081897755 0.020523025416752 0.313461525226158 0.05230219486936
0.0101873104268842 0.0110300060858995 0.113363821738396 -0.189235164355804
0.00205239826061753 0.0133232744576342 -0.0722364117770945 0.108212884711115
-0.00189901338721695 0.0287181024759057 -0.197625719638207 -0.0807611794471856
0.0014490109628797 -0.00344523280102707 -0.130222557088939 -0.370794203890991
-0.00905467014730519 -0.0146210249707867 0.392523150783316 -0.457978209569296
-0.0133392817855988 -0.0289884823692124 0.763043297466043 0.157011829604346
0.00250937676655929 -0.00694639256738762 0.331054530627679 0.776636821207283
-0.0111996846966549 0.0062885519172902 -0.23683209403451 0.566124336026203
-0.007869994804693 -0.00525869930569092 0.0170100978963363 0.0722159026188963
-0.00983366568273555 -0.00883991738026348 0.166097379267912 -0.477853208221976
-0.0238572425681934 0.00149303377435034 -0.45863837686751 -0.717333723335972
-0.0124191646214511 0.00681843843222493 -0.853439114233292 0.0394186229216079
-0.00919402624305701 0.0246780833466144 -0.25552502465387 0.671260600309092
0.00179290233101828 0.0215846611222728 0.288317447856531 0.425811198339777
0.0207818804116527 0.0266045641754011 0.312730841053074 0.0538721985065868
0.0170393878833153 0.00923149763109684 0.106601497357444 -0.186092368101368
0.00868768064906037 0.0137267498671395 -0.0806705707033063 0.108455170107206
0.00399977293537558 0.0336246412250455 -0.199149466969382 -0.074505094180306
0.00378705213293282 0.00786120557293045 -0.131663505555599 -0.372457339923719
-0.0107460199541748 -0.00625073587677167 0.388522381031827 -0.470424232242709
-0.0173082236197752 -0.0310021020311174 0.761147161715202 0.138476154889235
0.00376122936948498 -0.0126144917973538 0.341956747665167 0.768461295602898
-0.00678051498995211 0.00546051603599857 -0.224457663118332 0.565199029633889
-0.00568689859287696 -0.00460855907277658 0.0240394774185676 0.0702823348379423
-0.00558268287366055 -0.0103313147739326 0.173237335135436 -0.481751002764755
-0.0233517760920169 -0.00488115142719141 -0.450109267415755 -0.727867704024426
-0.0165923397781959 0.00602324010212847 -0.85886436233532 0.0232912074713629
-0.00878506745882523 0.0329035644656466 -0.265577368275365 0.660798899555307
0.00774021532300445 0.0335011741191412 0.283502733384518 0.423615276688308
0.0285090540447332 0.0312765302196916 0.309246684036654 0.0602446126085101
0.0236769708731241 0.00803513828114256 0.0998097439923548 -0.18158325554596
0.0136452647797546 0.013042184633302 -0.0891278060474262 0.111073955024662
0.0076454140839663 0.0354373645980181 -0.206221012497071 -0.0675453424947716
0.0049365215584746 0.0152311266734929 -0.144322840756058 -0.372908316626364
-0.0112769621119173 0.000249955698504173 0.368491280067687 -0.494887633876563
-0.0186006873884266 -0.0316382345631961 0.762969952288965 0.0995235865679345
0.00567425724361904 -0.0159789007204392 0.369714336587334 0.74500523724228
-0.00512485815850374 0.00556816054817754 -0.206133976678495 0.566547034620563
-0.00624168824100665 -0.00393785260179282 0.0296802867442832 0.0694085106212324
-0.00427113307463933 -0.0105671247140962 0.189489803343595 -0.482205623921532
-0.0206394274196899 -0.00963986874829971 -0.427453192875722 -0.753729909731511
-0.0181899104292005 0.00376754101330292 -0.86637581339113 -0.0152530501542583
-0.00972431021455652 0.0384635265525266 -0.290206055785053 0.641991027435669
0.00775269180494897 0.0427173813597805 0.270203047149762 0.429280082018642
0.0315262136239077 0.0338120845209058 0.305451976791911 0.0699587626522184
0.0295011417549285 0.00687820812095627 0.0913426642500714 -0.175919803896977
-0.0130969288355561 0.00767170803989568 -0.0684371994722641 0.120686693540181
-0.0347863409274561 -0.000729584821971015 -0.216005756733746 -0.0637211476731613
-0.0309696668097704 -0.0412511214648593 -0.210019905736729 -0.33787985574146
-0.00542203568992968 -0.0383531853139301 0.279411033461014 -0.518686617977455
0.0167960944438052 -0.0226224653138057 0.759683842893945 -0.0269873427869732
0.0134859594583534 0.0218911520861842 0.466444826835238 0.652673102861286
-0.0344736509501767 0.0235547460970585 -0.152226509955327 0.562962267958191
-0.0364315871459888 -0.000307600835320519 0.0185825913519554 0.0772660365305309
-0.0349447816538753 0.00462440089165991 0.225964304735342 -0.458729820678401
-0.0165059007041206 0.0312047071702807 -0.324623508415958 -0.809527397586341
0.0256461805325088 0.0113978671074734 -0.846955464454509 -0.13961920768233
-0.00528865312912451 -0.00856547436587366 -0.37227805098313 0.604398913730571
-0.0350697266033482 -0.0264703755254524 0.213609188151517 0.45030517228474
-0.019515135511934 -0.00692395679893111 0.296340297007316 0.0780523184328899
0.00153328366161343 0.00895998384262038 0.112410925301591 -0.177264730684048
-0.0140381971967958 0.00848511117978363 -0.0628644249554157 0.116461548878098
-0.0312214926183945 0.00166473745934784 -0.208899709125365 -0.0717767229666488
-0.025423090399464 -0.0423338470723961 -0.191205049523527 -0.343874920190216
-0.00324174904978362 -0.0383335939636215 0.313392565155699 -0.497180485264591
0.0136152164486118 -0.0219141986819051 0.762818470812669 0.0278249689392502
0.00866450296773249 0.0204650557274245 0.429666459682251 0.687820924090838
-0.0326473748823487 0.0205184399700743 -0.181206582330333 0.564062201204618
-0.0311531775573397 -0.00161404507179473 0.0136257831097952 0.0774132748581553
-0.0314990505208641 0.00374957907334862 0.204448845058101 -0.460570979081274
-0.0169983826233603 0.0291466672465484 -0.362354393736153 -0.778637411027111
0.0203073100565491 0.0101999043226638 -0.846383917428139 -0.0815252132971839
-0.00787564810457166 -0.00718029599628869 -0.336010307778867 0.630956221749565
-0.0316199074562641 -0.0227792051542757 0.234761433549289 0.445254256666622
-0.0168190379494975 -0.00206922580496268 0.302026260070464 0.0680656403135582
-0.00119796639870666 0.0104830252328056 0.117249129832822 -0.182367317438052
-0.012990876516167 0.00972103623756257 -0.0608272152583134 0.112593614808385
-0.0248026612189577 0.00634159040553025 -0.201808487003407 -0.0774092827837891
-0.017071925765631 -0.0384033628322486 -0.168743021417031 -0.350942169374617
-0.00256352410251063 -0.0355199936991979 0.342701267684554 -0.475755327237458
0.0073256530979568 -0.0215250807283025 0.7640778553205 0.0782977667069814
0.00463100836610611 0.0155735447353454 0.389950631558767 0.721660304052145
-0.0277799274968389 0.0171093681939035 -0.203587726372034 0.563316744910335
-0.0251768224772212 -0.00216997684155139 0.0115441689977284 0.0763068769771741
-0.0270925829368122 0.00143297035258021 0.185444439502188 -0.464355031904636
-0.0189308754808825 0.0243469246994324 -0.400396424419341 -0.748847282176782
0.0118140142594183 0.00878331484031504 -0.846576762359855 -0.0274663453791655
-0.00992894353846785 -0.00227760711416562 -0.299225802034267 0.649698849503236
-0.0245417655569659 -0.0142843966949812 0.257141173829766 0.435273032084471
-0.00874886867403259 0.00538560939616392 0.307383920859683 0.058985756262416
-0.000225252475552216 0.0114456653553481 0.118642575220173 -0.18558036682687
-0.00952774575912228 0.0106554910311758 -0.061983650309084 0.10913331645714
-0.0164810189413487 0.0137141612321957 -0.197552203586346 -0.0804042359963955
-0.00916864340399162 -0.0284134762928593 -0.148999862108125 -0.356932876821243
-0.00366559345507171 -0.0294279295249266 0.365794815376038 -0.458451938978531
0.000526719570851316 -0.0240358604970636 0.75984433100405 0.121458250190412
0.00243300507540614 0.00909437864496774 0.359381436036436 0.746028410583232
-0.0224380357332121 0.0130938411752969 -0.223627903756308 0.56258800036351
-0.0188713469228343 -0.00333705403904035 0.0108621598237106 0.0750548072710731
-0.0215104096852192 -0.00161367193974107 0.170197423325415 -0.467001946190789
-0.0211678177444771 0.0171165876440412 -0.43075726939207 -0.723935291988327
0.00318915444058641 0.00823554341264247 -0.843521034990415 0.0119208570790713
-0.0106590114291994 0.00469062457391279 -0.269268561348758 0.662231484065513
-0.0157329076319314 -0.00348933945675526 0.274901798947473 0.427218335160644
0.00065631425729467 0.012764083177041 0.310296873405354 0.054316229501717
0.00342218299046971 0.0111714898895611 0.116368013132567 -0.188127528470891
-0.00342935946225874 0.011147804710633 -0.0657363163895637 0.108082487411243
-0.00880252187811459 0.020688512596408 -0.194677331193506 -0.0800895969386978
-0.00315155992324897 -0.0167753707185457 -0.136459132307324 -0.360921980285455
-0.00642110732620065 -0.0223643392979547 0.381512629226264 -0.451398476560017
-0.00651755702782959 -0.0255205609733999 0.755915388692704 0.146077447616296
0.00116908399454991 0.000886675101221058 0.338816607548186 0.761541831288538
-0.0161903346924829 0.00892480224393009 -0.231332387984277 0.560882431063193
-0.0117848976676431 -0.00407170457171075 0.0128579844793881 0.0732614150716911
-0.0151051080189581 -0.00548445162645204 0.161234922409862 -0.470525263626343
-0.0228268910319498 0.0103992174183767 -0.449702648951977 -0.708522024529067
-0.0055859040925162 0.00734582863634387 -0.842165133521243 0.0403668609893551
-0.00933535668446707 0.0138447536354478 -0.24977055526043 0.667820049500975
-0.00683993096821951 0.00932697004016101 0.284596887039833 0.421157037305228
0.010755821976553 0.0200418992873398 0.310723213168373 0.0503574185329778
0.00984705016251481 0.00982394659430042 0.111446312946979 -0.187773861566674
0.00245699270888696 0.0126217295954765 -0.0727665123803037 0.107557201304944
-0.00125695721961055 0.0274167136165272 -0.194723505662849 -0.0778509255138473
0.000909137456884834 -0.00375359682851171 -0.130099078021909 -0.364710586511726
-0.00910462660158028 -0.0144553637931718 0.386054986931152 -0.455505636647786
-0.0136735627817544 -0.028402941236866 0.752292704520036 0.150001874667899
0.00184079483848909 -0.00620334102559061 0.33069427512615 0.765336143396383
-0.0103618887257519 0.00646520428931622 -0.229244761775117 0.56005297048658
-0.00745349092554685 -0.00507044801165041 0.0173046229616706 0.0713476846298364
-0.0102925098171801 -0.00868311055504396 0.160119093828662 -0.472432529686405
-0.0234713052157002 0.00181284113168841 -0.457045070874431 -0.705232876919826
-0.0123654261648705 0.00628560653831843 -0.842179767094118 0.0463410948558543
-0.008583027477266 0.0245663550796572 -0.246618952400609 0.665423719642918
0.00203555613974444 0.0214908703304384 0.289005267695128 0.417866925454788
0.0208700749644834 0.0262226035061686 0.309910176049757 0.0513677044005282
0.0166060439252817 0.00898851896164096 0.104709362380247 -0.184487516812952
0.00803905328851373 0.013171047578838 -0.0811744043623168 0.107496767670598
0.00418618051246404 0.0334328959660122 -0.197884332782325 -0.072638523063263
0.00396046211644046 0.00746727841110149 -0.131690721200878 -0.367900876222362
-0.0112483088088163 -0.00590084169076961 0.379162106288903 -0.468302683419668
-0.0169043511009189 -0.030099408074762 0.754104584111263 0.132549967162496
0.00290819437743856 -0.0122541247452449 0.342108287215488 0.754444986632424
-0.0066205599392559 0.00537397940799606 -0.218937186891226 0.559129565286924
-0.00502513773006333 -0.00393517611396652 0.0231728111203355 0.0693305086317123
-0.00573823747429309 -0.0105502432139724 0.170213718802601 -0.475922136332523
-0.0230336812729478 -0.00482422454765731 -0.449369139799052 -0.716734916792092
-0.0167671869624372 0.00635415165278863 -0.847885833854937 0.0290579434204372
-0.00882111083917918 0.0325511250973749 -0.257349908233635 0.653474018269762
0.00774738005345093 0.0332488332258153 0.282933005999143 0.418224417543756
0.0287356434563376 0.0309358932992527 0.307573706410892 0.0582476885057733
0.0231031196050032 0.00719588563891164 0.0976757394020649 -0.180126415796202
0.013323604500404 0.0124729965575836 -0.0890990898019159 0.1100960961268
0.00749344596539657 0.0342660869363527 -0.204508381895407 -0.0655896502697054
0.00479551373187065 0.0147054172707728 -0.144270860291323 -0.366943856367751
-0.0113199161032906 -0.00026043156738345 0.35998407941948 -0.491025011352905
-0.0183763783253791 -0.03065950578561 0.752440646850902 0.0944949135782037
0.00521733521409798 -0.0152013011193396 0.370030242522778 0.734614844870313
-0.00492733969990225 0.00535181279130419 -0.200021574400821 0.559561131987208
-0.00593933611489912 -0.00353389309369359 0.0293605546751477 0.069693090926403
-0.00381938452715577 -0.0106647362690148 0.184552116342902 -0.475680408150592
-0.0206358726037809 -0.00997499439524293 -0.428105522240913 -0.739782897546419
-0.0184553045846616 0.00388909848666383 -0.85480030515158 -0.00992355343933445
-0.00908088926486424 0.0386476901062537 -0.283310278293878 0.636072358567575
0.00877417161076616 0.0420103794497168 0.268649966411366 0.421059600230545
0.0321291849789505 0.0331118754314781 0.303436012808767 0.0674296806193566
0.0288196868195691 0.00605645078804387 0.0904972788705479 -0.173908404937583
-0.0126054888357816 0.00827493385027886 -0.0683671449693051 0.11931111209087
-0.0343263484583896 -0.000333496202324732 -0.214404696634212 -0.0614298213476062
-0.0311859790338865 -0.0411244568467319 -0.208094704631934 -0.333328622508071
-0.0048862645889192 -0.0375113336423382 0.27398447842151 -0.51491974591834
0.0160073457125358 -0.0224858987649656 0.748622099959439 -0.0291063444510172
0.0125810295136852 0.021976308593555 0.462209665834083 0.64154940552662
-0.0333473228780471 0.0241300001121519 -0.149046316358804 0.555276282483836
-0.0355154190935447 -7.22085863239983E-05 0.0186905750588445 0.075859969384212
-0.0343292791612869 0.00511056099432011 0.222151360329365 -0.450828393862378
-0.015941700084315 0.0308331169218371 -0.32211556609775 -0.799459441909502
0.0246636798773297 0.0104982116155505 -0.837222978831613 -0.135427528003798
-0.00528799093997535 -0.00779170707829095 -0.363701265517262 0.598574997476257
-0.0350355095850161 -0.0250720479715924 0.212518430728229 0.443241070928783
-0.0186814236115721 -0.00767043370873925 0.292601264085824 0.076194852043674
0.000526928926373888 0.00840360963477835 0.11145001553923 -0.174549403361594
-0.0143475507804598 0.007498229708302 -0.0627339347131677 0.116098146726172
-0.030013735203987 0.00205266602181601 -0.207531034051021 -0.0688642510811945
-0.0249970011035404 -0.0420070598257173 -0.187745268329472 -0.339896116999575
-0.00346726364124182 -0.038204050731887 0.30650607095478 -0.492243380289462
0.0127973388149086 -0.0216726660406147 0.753831461864344 0.0236020263880441
0.00809534018676412 0.0198201378282338 0.426828159074114 0.676818380115976
-0.0320375916376589 0.0204218646086976 -0.1756581600875 0.557019379478028
-0.0308501364784163 -0.00119261829344632 0.0136020740030955 0.0768083422231986
-0.0313952331435989 0.00418354709707064 0.198718302193611 -0.453882346256495
-0.0169364111855266 0.0290376635508168 -0.362837642846255 -0.767757146118047
0.0195224557297853 0.0102211478780699 -0.836943496662503 -0.0785096941539645
-0.00807993099892092 -0.00719061711516382 -0.327946729758673 0.624307867963986
-0.0311590883603655 -0.0220703111451945 0.234077755054338 0.436290644792696
-0.0161122382362891 -0.0023464463238188 0.29984776393062 0.0649357248879559
-0.00123258257855616 0.0103845396757661 0.115732682790551 -0.179707607017406
-0.0121030918837388 0.00860940334148402 -0.0612790540602013 0.111194281071903
-0.0241327063913638 0.00704312083896044 -0.200684870211582 -0.0753471584886904
-0.0170750854803351 -0.0370573492910915 -0.167596455749811 -0.347132950195128
-0.00213665150886404 -0.0349320925692345 0.337055226145097 -0.472476740808416
0.00728103078669456 -0.0208607612721064 0.753924260602792 0.075413635510399
0.00426645786080773 0.0154848773721666 0.38887470307297 0.709794569100437
-0.0275310907309508 0.0167367457566887 -0.198944812622137 0.557074607901543
-0.0245452805790622 -0.00207569941260074 0.0109525485267324 0.0753211286234371
-0.0265957426765943 0.00212789726163253 0.182153082691561 -0.458791486722527
-0.0189922389890312 0.0244026862224295 -0.398557027051948 -0.737096147466736
0.0119367167472155 0.00889752332548273 -0.834436786375656 -0.0243104498569958
-0.0100060627028638 -0.00304764077356634 -0.292330866564929 0.643322433878068
-0.0251040087832454 -0.0140190907801801 0.25771665098406 0.428318828881685
-0.00929136194164824 0.00479164015428414 0.304072536033881 0.0570934597476885
-0.000620028781759971 0.010208989337012 0.116986995550364 -0.183795053132661
-0.00851058197679611 0.0104055331775742 -0.0618954399326009 0.108727831782661
-0.0166230735461182 0.0130211052985482 -0.195235594942917 -0.0773577319968187
-0.010307263476003 -0.0287380743438508 -0.148659419414571 -0.351283976899249
-0.00369820824287412 -0.0293734986388115 0.360438524965243 -0.458068299227208
0.000115940826477146 -0.0228064545966971 0.751134756634191 0.118183003887433
0.00243270136235287 0.00811909634135057 0.356665701862108 0.735606302106266
-0.0228244281967798 0.012992903403666 -0.2177454055359 0.554954274023187
-0.0177637931023287 -0.00291229490752793 0.0111701248832931 0.0747351636307027
-0.0205608249143993 -0.00127730268131288 0.166160171892575 -0.460226778489019
-0.0210138593250009 0.0178345366990421 -0.425388168175928 -0.7125582051586
0.00273469046455209 0.00830813828295977 -0.833885273475154 0.0165928527277492
-0.0100016478993107 0.00543400854661403 -0.26337644037891 0.655629384797536
-0.0157941155802723 -0.00292381798482843 0.272735991208809 0.420646562832287
0.000252667966794358 0.0128648099955324 0.307459070785865 0.0509332627972927
0.00354742689749468 0.0100492737193506 0.114456989464299 -0.185643811875852
-0.00327283243906725 0.0109601984340532 -0.0663628358202189 0.10612728865239
-0.00842448026028423 0.020723120147856 -0.192537251426005 -0.0771495084465396
-0.0043635622386714 -0.0170579320833385 -0.135426645094821 -0.356599904175581
-0.00604815527997375 -0.0216967754767227 0.376707959192761 -0.450922661314932
-0.00719139322266787 -0.0251964793683641 0.747091449448525 0.143351153879643
0.000515505558673006 0.000883508318777159 0.336946553011209 0.750610211162734
-0.0157776968145536 0.00862289215691762 -0.225407159949952 0.553407582906728
-0.0117761954429689 -0.00385453247764309 0.0127514018786816 0.0723304232931407
-0.0149649301112489 -0.00494016130915989 0.15780787209503 -0.464368743653807
-0.0221578125079777 0.0104254845661896 -0.448100130941694 -0.697501297079145
-0.00536991013071817 0.00717614729016757 -0.831092759500945 0.0431411491989681
-0.00994435216833292 0.0143460039043347 -0.245128007671415 0.659211512091947
-0.00647138556146918 0.00898321800772539 0.283786339107805 0.412595924270106
0.0107366003077391 0.0192471693863335 0.308105834326973 0.0479524663514332
0.00909190176269121 0.00911711509775457 0.110314179471181 -0.18647075228714
0.00212085676380748 0.0122723905307905 -0.0725108131014879 0.106556040897951
-0.00106733988664461 0.0274191222346925 -0.193408883132181 -0.0746818400968126
7.78182345033142E-05 -0.00387078278663617 -0.128969202767882 -0.360722080801527
-0.00897744705125297 -0.0138574767927946 0.379792420760269 -0.45269045661348
-0.0134927292890869 -0.0276874546484452 0.744161330025165 0.146308228716276
0.000950282364654644 -0.00652074823518729 0.32984555800382 0.753685936651657
-0.010255245944717 0.00639763825921881 -0.224601364919461 0.552323166655334
-0.00703604878239267 -0.00390646703947907 0.0172470034861398 0.071054296847673
-0.0101006459361044 -0.00813915574577836 0.156809226335399 -0.465740711095151
-0.02351565518679 0.00246990854072992 -0.454039600257584 -0.694172205257809
-0.0120683176457242 0.00638285130532092 -0.834036336545836 0.0490103290723732
-0.0087252899214318 0.0239811076532183 -0.239027887505628 0.657070615174784
0.0016019424436562 0.021689300271679 0.288292598783826 0.410832467214593
0.0206993642403747 0.0255968857963666 0.307323926182042 0.0486085597802777
0.0157302459145495 0.00702263589409225 0.103815958944673 -0.182760419704192
0.00804319790678978 0.0122547968746816 -0.0801639282366365 0.106750773140704
0.00481815964045087 0.0325555175182223 -0.196274644438692 -0.0702986525097926
0.00260149112599515 0.0070133841242732 -0.131061754384169 -0.363538447031607
-0.0110247219715667 -0.00508688382158716 0.374364241841998 -0.465273856598605
-0.0173504685815432 -0.0295555577604478 0.744157194322977 0.128334825494318
0.00248015562626214 -0.0121767562305942 0.34196350333998 0.744205572534763
-0.00576721937457898 0.00510841094665735 -0.214352080295793 0.552700124769083
-0.00523831260011881 -0.00427237857763325 0.0232623330902273 0.069260928796851
-0.00577146998746995 -0.0103205756707345 0.165453963768513 -0.46921328519828
-0.0235321388477199 -0.00425335795677967 -0.446167625589469 -0.704667207578037
-0.0169754382732301 0.0055445883641318 -0.839598346106732 0.0332731134770214
-0.00819314354415538 0.0319903323781454 -0.249504950069835 0.646399893999804
0.00737960813702993 0.0330614307805701 0.282231476820867 0.409777315770351
0.0281610190646727 0.0302023093573706 0.305061547725914 0.0552499768541199
0.022388462543787 0.00595097658350386 0.0956765931725569 -0.178412393345547
0.0134040332175755 0.0128073659873521 -0.0887890945758987 0.108512271580287
0.00774410361715436 0.0343608364120168 -0.202005154276547 -0.0631685226588513
0.00358579980384689 0.0142473168693058 -0.141810107273668 -0.364754010730908
-0.0110371107493894 0.000264102074272453 0.354753828260989 -0.487472015298243
-0.0187569686663408 -0.0304306769847443 0.743713177945453 0.0882428314113465
0.00476169861404024 -0.0157230407948337 0.367559476475398 0.723414470737069
-0.00442590279947017 0.00533282518027295 -0.194603986558225 0.551793101221288
-0.00597193755423249 -0.00322339330051983 0.0291669532894396 0.0686175388715456
-0.0035231130222757 -0.0104630719129313 0.179564003838335 -0.469826792212319
-0.0204326769877244 -0.0088696396553308 -0.426110027429914 -0.727616239999641
-0.0184094192182755 0.0039725032749225 -0.845082903585828 -0.00728594084541777
-0.00843095436843297 0.0379403084188152 -0.275008129328493 0.629505748335134
0.00779375014490129 0.0413060533871764 0.267990305669458 0.414655803127699
0.0312909561101933 0.0327431485162535 0.300544869807681 0.0647323366405021
0.0279963842593721 0.00454730790561372 0.0890675707325295 -0.171772275132439
-0.0122676469886722 0.0075827210924204 -0.0685829613426188 0.117968834331366
-0.0331276999667525 -5.03898671604119E-05 -0.211538167563513 -0.0598282061128364
-0.031329925010045 -0.0408459519744474 -0.205200599875541 -0.329251157835459
-0.00477470043613106 -0.0372321794072964 0.269511580673811 -0.508590093738215
0.0162434432241636 -0.0216552198230164 0.739004295102926 -0.0329508108656597
0.0118546328878204 0.0209266701355118 0.456967717735756 0.632423770898192
-0.0328904132473669 0.0245207685244486 -0.144877565965816 0.548838317730455
-0.0348953550785595 0.000190365351108963 0.0187165658941513 0.0753476430603658
-0.034325958527063 0.00599783080474023 0.217613823138777 -0.445177265072418
-0.0164178029997069 0.0308129554503252 -0.320834113348843 -0.786442714679236
0.0244058691342435 0.0105750014054904 -0.826546631172207 -0.131534732241177
-0.00518108391543839 -0.00849670364270274 -0.356053175184328 0.592501880242669
-0.0343518005244978 -0.024754716331822 0.209941658456221 0.435786430071057
-0.0188567291925522 -0.00731500759712941 0.28968355421289 0.0741924502929925
0.000253881524898058 0.00805012672950931 0.110893790437544 -0.173375294381676
-0.0141103717902243 0.00823441336346867 -0.0631434183944405 0.11367509571188
-0.0291899078903147 0.00200498134825499 -0.205263850838085 -0.0679697694414177
-0.025073650668642 -0.0415293949689232 -0.185115427067318 -0.335058151544896
-0.00311681362080933 -0.0380336250001265 0.30126900572493 -0.487361302007016
0.012502830260691 -0.0213425431899793 0.74357666125115 0.022900629155896
0.00802977389379701 0.0198139548167367 0.424572793981422 0.665862547272991
-0.0311624255871432 0.0205500453061362 -0.17139097448201 0.549460339188361
-0.0300996661605589 -0.00085437960585666 0.0136881704186858 0.0755412323638428
-0.0309325872456361 0.00477557804046895 0.196871540617113 -0.448027132581931
-0.0169243597106533 0.0285735833365249 -0.358154114644768 -0.757711026837559
0.0189960909003179 0.009485452026818 -0.826516985263265 -0.0765719044229818
-0.00742271059171295 -0.00712026157556468 -0.32228938577711 0.61568435329271
-0.030733211024373 -0.0214954372546112 0.232584134094752 0.431163897304049
-0.0158385744406575 -0.00250727993075979 0.295451254787995 0.0643758846501885
-0.0013389864946929 0.00946256204177864 0.114651715995385 -0.178175069521751
-0.012045834112702 0.00859782951750752 -0.0608819798811363 0.11048812303076
-0.0230149086988197 0.00654618987933752 -0.198507415127941 -0.0735708764319995
-0.017599578479185 -0.0375826410637285 -0.164427115124252 -0.341880940451129
-0.00229310359779402 -0.0353070746782405 0.330996009405791 -0.469236110733686
0.00655313202528421 -0.0210544456865908 0.745468835716467 0.0728485628304859
0.00383149781932409 0.015672014137692 0.385707381772272 0.699021324966512
-0.0268358370961708 0.0172065043201137 -0.19435942156292 0.550025538440432
-0.024481259997507 -0.00155317778582266 0.0109251033044439 0.0750690722666445
-0.0264970476449657 0.00247501808302971 0.179227343246828 -0.451470309893101
-0.0186727444359339 0.0247069518336763 -0.395463134697778 -0.727944421462557
0.0113131624650928 0.00845607061428653 -0.824846067884037 -0.021786370330054
-0.0097749781750691 -0.00268019550095407 -0.285819670329555 0.634793547765947
-0.0248427462297835 -0.0140011135510016 0.254662963213018 0.422585947122261
-0.00844398072402677 0.00484880984553074 0.300464271492176 0.0551109510982301
-0.000408224802085575 0.00978333333506641 0.115642286022129 -0.181395588396348
-0.00855994978863577 0.00973580844657197 -0.0621804778341187 0.107892450568143
-0.0162128643470618 0.0127268514694802 -0.193240303863699 -0.0767441305990567
-0.0101411468536247 -0.0278827095493155 -0.146159395948664 -0.346911991821539
-0.00300148906891525 -0.0292831975622982 0.354243183547162 -0.453570287803964
-0.000864074094726097 -0.0223465164148641 0.741513324017018 0.114226671848541
0.000981163492370022 0.00882760033225049 0.353333829080659 0.723950414520466
-0.0215306540853432 0.0133231913961627 -0.211998686244325 0.548685952576066
-0.017966188323045 -0.00300750150113778 0.0101784190364244 0.0732315943822069
-0.0204137914766993 -0.000897743150464706 0.163146797231792 -0.452528103708293
-0.0204418148978021 0.0179565796828797 -0.422825142019227 -0.702701033324073
0.00236063546983374 0.00764548394060559 -0.823037348449175 0.0176472890466882
-0.00997434709039404 0.00450768927081481 -0.25631153688176 0.646755938223647
-0.0161306210906879 -0.00224261750586064 0.270229985051178 0.414456871808865
0.0010965258521336 0.0116593514372724 0.303595830864092 0.0502464934386875
0.00315263660468626 0.0099478956595773 0.114013220130812 -0.184196514733919
-0.00366531890568192 0.0110482224618706 -0.0666143533603818 0.105309590599428
-0.00819073257547908 0.0205774521071622 -0.190488075039895 -0.0758119781246526
-0.0040932875920269 -0.0160234521594636 -0.13343674863675 -0.351280197557516
-0.00631054355337203 -0.0218830332469978 0.369358285370088 -0.445969683620932
-0.00781737604007467 -0.024090700836608 0.737578419612079 0.138918494008652
-0.000262788273643399 0.00097436111986041 0.334340115499481 0.738860024597314
-0.0156231135923627 0.00966517745866012 -0.22153717794516 0.547805345380066
-0.0121089742322004 -0.00328965849305694 0.0127368570484186 0.0721972430241936
-0.0150553734803187 -0.00470809164770759 0.154151371102799 -0.456703340262801
-0.0228651778143506 0.0104311079593408 -0.442149005535608 -0.687198502404071
-0.00613864706199028 0.00728862266387661 -0.820137075885322 0.0458432158244593
-0.00944188181950291 0.0142545029962718 -0.239052944776274 0.65229664862143
-0.00675092947333822 0.00964038060803068 0.280888508335064 0.407129389600121
0.0109195899470542 0.0191717823326444 0.305498692183493 0.0470586473932724
0.00916201376108017 0.00895790598519326 0.109842797940535 -0.183635793419152
0.00230310033200091 0.0125289626092044 -0.0725707193624478 0.10480087470906
-0.000685699793987791 0.0273726076973179 -0.190963113932631 -0.0735437388251701
0.000485979791309543 -0.00393657745776547 -0.127249939715489 -0.357016193129448
-0.00852213824473655 -0.0137335395846917 0.373216518108817 -0.448982080339022
-0.0136253485465387 -0.0269747325920284 0.734589898068571 0.142246117159294
0.000334425710772318 -0.00665794452331422 0.327951279707537 0.742667026574666
-0.00956961838306425 0.00668476528902556 -0.220215420565045 0.545188051788726
-0.00760011366324439 -0.00406130044345329 0.0167625965121717 0.0702848527895315
-0.00982031437628891 -0.00789401495566029 0.15552044972733 -0.45899232987984
-0.0236770525151607 0.00240455549352544 -0.45041800861295 -0.685113504969641
-0.0128321635448915 0.00688095748777997 -0.821827745251779 0.0495931256586182
-0.00827935733799966 0.0239189125858323 -0.234221673828588 0.65054540452911
0.00174659875657001 0.0220909603780424 0.28398382197348 0.404764753475195
0.0204523203214527 0.0252692149656537 0.304528248579128 0.0490950366481287
0.0147878611882402 0.00732709591014036 0.10361134981072 -0.180821278707802
0.00811771002064775 0.0125309915903877 -0.0804422914181246 0.10599906225499
0.00461896886954538 0.0323503046534184 -0.193945865658004 -0.0693013594738491
0.00246457681649253 0.00708547479829358 -0.130379364037658 -0.359298248302035
-0.0107041397912471 -0.00537354295761033 0.368698672808013 -0.460960988632538
-0.0174123808750699 -0.0291148985089855 0.734792630712425 0.12491777614195
0.00214664877700983 -0.0120619117972629 0.338124034929015 0.733838146272658
-0.00575660988168977 0.00514308913485345 -0.209133790746741 0.545709939508508
-0.00523775237803339 -0.00407313081688898 0.0227220567238449 0.0683412851233505
-0.00572993829869187 -0.00924239219443381 0.162540084609811 -0.462022083239288
-0.0231221699028117 -0.00394043966522738 -0.441522597400648 -0.695416913554448
-0.0168036556519177 0.00537776951261277 -0.828311606884 0.0321137245900888
-0.00776108490948496 0.0318662980889175 -0.244208658520913 0.638753199362229
0.00680692377934138 0.0326339626367228 0.279560511157144 0.404471996417703
0.0279750671968582 0.0291212150152474 0.301130017454223 0.0544341394272135
0.0217340196065452 0.00544888894929706 0.0961483125589573 -0.175809065812309
0.0128807145308767 0.0118158037728863 -0.0882834699458724 0.107900750992362
0.00787679863541311 0.0338646777118755 -0.19986134453975 -0.0618945320465184
0.0039250957826795 0.0139751690431486 -0.141338858633632 -0.359743778230503
-0.0108504508135227 -0.000121548700114677 0.347319839196301 -0.482600227542481
-0.0188273036797185 -0.0297706418691536 0.735440490678422 0.0856405960375606
0.00432865343840522 -0.0149681169129942 0.36567078207372 0.712263509035935
-0.00425053329164822 0.00531546329324373 -0.190296817044871 0.54502754128717
-0.00586523403818415 -0.00365839067133035 0.0296271588384897 0.0678709421943814
-0.00391156606861441 -0.0100037352462726 0.176884160061684 -0.461605312399643
-0.0207415984614982 -0.00848149697692683 -0.419861721073687 -0.716773732689742
-0.0183970673716892 0.00352233147473394 -0.83521091936986 -0.00489755289170852
-0.00775817424683548 0.0372985716094975 -0.268942394825602 0.622048525572331
0.00873324595756443 0.0410284069516898 0.265021552874087 0.408523603102854
0.0314437022635038 0.0310124651957734 0.297370027362453 0.0645826331898562
0.027306056036749 0.00416571646899163 0.0886677791195386 -0.169754739635819
-0.0123367827739265 0.00809978293108374 -0.0692008266150769 0.116276012204323
-0.0325179096021737 6.94495899685783E-05 -0.209307528083217 -0.0587285036943797
-0.0314196198612811 -0.0406180832848509 -0.202576956104554 -0.326663659859184
-0.00401904716335611 -0.0364229931663789 0.267472836048188 -0.504658736528281
0.0158960851336323 -0.0215525849834215 0.729480944331729 -0.0303679566572953
0.0109099166709913 0.0206065589522056 0.451255289539391 0.623013993489324
-0.0316247192386613 0.0231517385756782 -0.144182040063456 0.5393549610963
-0.0340571215514255 0.000667833240451034 0.0177489635778395 0.0747588102280276
-0.0338288467036877 0.00533754071506959 0.214826192771277 -0.438275117086776
-0.0154489102268371 0.0303867864250849 -0.314880189976243 -0.775807607341542
0.0231456380093922 0.0100376395640978 -0.816963273911108 -0.13022591552492
-0.00531963739567145 -0.00808972909355644 -0.353229855517179 0.58522477870766
-0.0339324486333551 -0.0234021891913703 0.208700160785593 0.431769104629853
-0.0188426305648036 -0.00711609964756353 0.287079338557355 0.0731696205975616
0.000489318906359094 0.0070896597456471 0.11101325894641 -0.170900847271887
-0.0142241875053326 0.00859500263093156 -0.0634377007857677 0.112367749665121
-0.0288545200013463 0.00228237916526606 -0.203253916059121 -0.066222929630194
-0.025497862445605 -0.0410000594718576 -0.182299512273288 -0.332482134525901
-0.00312008380386127 -0.0373103205477148 0.298556826197072 -0.482369378642099
0.0121602748991874 -0.0202881541911365 0.734895755701037 0.0229564657621516
0.00708721496280677 0.0191242402461458 0.416389648571555 0.657896480272476
-0.0298327655436061 0.020810149015078 -0.169049518226568 0.542286626747808
-0.0294872587090275 -0.000623489622054187 0.0133738774907361 0.0750222985817405
-0.0311725084329154 0.00498621031702132 0.194493030707134 -0.44117683995022
-0.0168248757897261 0.0291366316971164 -0.35361992875423 -0.748031322520161
0.0181210310760209 0.00951592001900409 -0.816594348932109 -0.0739288834972954
-0.0064445454473773 -0.00725166227873868 -0.31624154238503 0.607862511150977
-0.0305921233550071 -0.0211794822544396 0.230323693897683 0.425091906015151
-0.0155794944096953 -0.00258358779865214 0.293057683286087 0.0639703209837118
-0.0018128549613931 0.00876470191976099 0.11441075502355 -0.17606534467645
-0.0122222153621775 0.00858800161005158 -0.0618969036385743 0.109346231292216
-0.0231236684150615 0.00673256278312882 -0.196116003314765 -0.0725309245896681
-0.0178230705164651 -0.0366225286896804 -0.161161396949228 -0.338930403324487
-0.00247069041557352 -0.0346100994748641 0.327330657797356 -0.46430643296148
0.00721199936815224 -0.0197547736561479 0.734963665313216 0.0723520617102808
0.00330637577476737 0.0153994958658884 0.379276463697455 0.689656317331422
-0.0263745546579864 0.0172607155665819 -0.192049519534639 0.541621235662837
-0.0234134001613415 -0.000829749377697966 0.0108793940328311 0.073691521458076
-0.0264106724941269 0.00238902280065294 0.176397527771732 -0.44501536652582
-0.0192298738622784 0.0237129548671279 -0.38901866397422 -0.720513938348845
0.0107728828075262 0.00864204555811296 -0.815774115914265 -0.0212597262612219
-0.00891870261331495 -0.00229678964494954 -0.282921492216889 0.627440837558926
-0.0241305100276036 -0.013423861623421 0.251252093818604 0.416070679391228
-0.00923858074609045 0.00392647182983568 0.298798081472764 0.0544189669551347
-0.00114071584336021 0.00896864295740572 0.116274424265496 -0.179104729665557
-0.0087855717098175 0.00958425716075161 -0.0618807424197176 0.106052528406742
-0.0154386467982966 0.013013227736726 -0.190765104898243 -0.0750966400780413
-0.0104742781262325 -0.0279914378999706 -0.144235313593026 -0.343829018478378
-0.0025078967421512 -0.0289897794053839 0.349495223565199 -0.447217749173751
-0.000133136909879237 -0.0215913892936432 0.731458029224911 0.112487626253895
0.000643136676991387 0.00898251716591199 0.348206141984162 0.714144184170734
-0.0209008088301428 0.0129319800666349 -0.209317933713817 0.541489590177777
-0.0169722747111764 -0.0024876474338649 0.00981651098652954 0.0729844482596687
-0.0203019534973036 -0.00105161772486969 0.163195579771446 -0.446236781246664
-0.0205484812735025 0.0172138020436491 -0.417454629644244 -0.694193282042046
0.00191521300283476 0.007171090034748 -0.812290450766302 0.017702318095061
-0.00985843951304592 0.00477565436469596 -0.25350833172045 0.638246717382979
-0.0157071308211893 -0.00228615948030168 0.267856370479526 0.408916016484216
0.000864873651227492 0.011873981021989 0.301844305631184 0.0494502674738282
0.00329686844239417 0.00907685861339813 0.113354484331895 -0.180922101421735
-0.003256176491857 0.0106571308322971 -0.0665791864177106 0.104129456327223
-0.00784355223939108 0.0198947423245606 -0.18826270879688 -0.0745713522842773
-0.00489528244121262 -0.0169143073408458 -0.131474079434384 -0.348878566033461
-0.00528977489632703 -0.0218580764134363 0.366123192425793 -0.441384073889931
-0.00740613809525422 -0.0240749683548802 0.72805730208001 0.137556021505224
-0.000544954748946083 0.00091415120913956 0.328347068435316 0.728887468218683
-0.0151791739577742 0.00949492316198089 -0.218482503773343 0.539286026099849
-0.0112542675558036 -0.00350184772184858 0.012413368765077 0.0713201822115722
-0.0146158587645509 -0.00392299220084329 0.154464581250203 -0.448619018916979
-0.0220403805881805 0.0102861137513929 -0.436442704804968 -0.680118829308458
-0.00651410676483366 0.00725346912282335 -0.811144607112903 0.0440200857925991
-0.00946609305054298 0.0137830965291692 -0.235412111839036 0.645509713907214
-0.00687071488710804 0.0100273697361957 0.279819768731841 0.402590248486762
0.0109585589657453 0.0184846191219202 0.302562185228827 0.0470761017040407
0.00856224840038136 0.00816832100035351 0.109115954141562 -0.181623728497708
0.00222763487303013 0.0124264472141153 -0.0727351976443343 0.104502265227303
-0.00048183892837534 0.0268481353829301 -0.188825548144921 -0.0719750839722354
-0.00080080237706664 -0.00459431152894515 -0.126107679087161 -0.353530057550878
-0.00827336333013762 -0.0134042005875949 0.369461201603953 -0.442385457858104
-0.0135181854396405 -0.0261580727737249 0.726025230868668 0.141711357426848
2.58893659315336E-05 -0.00599589224320922 0.322392619223576 0.732374920870373
-0.00888932110072442 0.00659048429125164 -0.217521706724471 0.537071265436835
-0.00720254864342588 -0.00428473454478923 0.0171482709171793 0.0695713257070647
-0.00950946692733832 -0.00736996806645588 0.153620830733715 -0.451552952799086
-0.0235315002170318 0.0023925572941375 -0.443712502525105 -0.675722916317057
-0.0122613357532888 0.00627027018893652 -0.812955001515564 0.0492430622333744
-0.0083450977527699 0.0232434158929219 -0.230847978838247 0.640859113078376
0.00153652407208112 0.0220992795846062 0.281067193302667 0.398812577204555
0.0202231964485057 0.0243143177827092 0.301582364450243 0.0478503051389782
0.014539900754176 0.00630546541901286 0.103577019775093 -0.178605747702763
0.00732469709095812 0.012315670260983 -0.0812995116613636 0.105170514667221
0.00503763776791899 0.0316960912625098 -0.192475515607865 -0.0681679479431773
0.00159648849422434 0.00652334400943329 -0.126899090545706 -0.356213501458707
-0.0108567818866603 -0.0056887498442979 0.364206708266622 -0.455609038987588
-0.0173049365880328 -0.0282395857117091 0.723912660186494 0.123260746166333
0.00158517758251952 -0.0121177486851444 0.334748597825807 0.722716332362303
-0.00533450050075061 0.00485502953262992 -0.207092773401425 0.536110567509999
-0.00523715937105887 -0.00433150354187621 0.0232898786363687 0.0679218968820418
-0.00582157890042787 -0.00889794025229149 0.16166976645179 -0.454077956673957
-0.0225970044353695 -0.0040729004902629 -0.434447223711309 -0.685709513318974
-0.0171683215550847 0.00523082077667101 -0.816911209193463 0.0323474763788558
-0.00785284691669186 0.0311079513103941 -0.241745362627884 0.631454327323344
0.0066491137063202 0.0328869815708566 0.275723020703033 0.399951424346431
0.0268774202487269 0.0286605323264272 0.298692998908516 0.053981388937197
0.021035305841109 0.00529400277673163 0.0956139113626271 -0.174318582887773
0.0128667651412144 0.011380894546093 -0.0885341737050253 0.106822987100101
0.00840078882647396 0.0338777474930014 -0.197480764611064 -0.061135078871227
0.00300081750842442 0.0137769971891692 -0.138650720108938 -0.355758143595554
-0.0106725866058259 8.33023417733895E-06 0.344434842474406 -0.479149888091317
-0.0184675563480972 -0.0286764558724788 0.725059412008768 0.0857173717103013
0.00304113344315914 -0.014975001649145 0.359056062775674 0.701995997184999
-0.0036947879607329 0.00512978114285309 -0.18892807263111 0.536084953271091
-0.00525560589521767 -0.00313942172267643 0.0287359927388341 0.0668870397533329
-0.00414048260610419 -0.00977361494353747 0.175472309152028 -0.455604401856165
-0.0204289266943771 -0.00857422150026796 -0.414109272552434 -0.709377737316117
-0.0181226811286552 0.00354172811998331 -0.825569298919347 -0.00484899116421195
-0.00825172187783024 0.036647007227793 -0.265153930966476 0.615447256757366
0.00829619121049456 0.0411362590921957 0.261726620977579 0.402754921481053
0.0311212181518475 0.0310452226233486 0.294490797011093 0.0638125971542927
0.0265094096102948 0.00439464261485825 0.0889217699145199 -0.168878248713445
-0.0122929673116967 0.00779170055369795 -0.0695449667983981 0.115611083764053
-0.0320636413050147 -6.13607201309921E-05 -0.206955520359315 -0.0579243497644543
-0.0309487642540717 -0.0409558248409265 -0.197991329056431 -0.323708959924605
-0.0040492908828579 -0.0371379262511222 0.264802032786299 -0.498017495584012
0.0149437301332349 -0.0210467975182679 0.721192555579278 -0.0287761881789305
0.0107704550325702 0.0202646609333394 0.443786961833362 0.616516732374269
-0.0313844225285841 0.0234184226216346 -0.143415080015538 0.533526309769152
-0.0335695747738046 0.000443161671422212 0.0179431307075382 0.0743089978191567
-0.0332772081307849 0.00569424900109141 0.214210377688317 -0.431589160200968
-0.0162133535880616 0.0294791408695676 -0.307499515639554 -0.767864843661813
0.023125091632348 0.0103933565814657 -0.806971642191878 -0.129037473676438
-0.00430050677868671 -0.0080223873894624 -0.350063978261628 0.576034512878675
-0.0331113221878918 -0.0237207462151058 0.204447832883586 0.426164444532533
-0.0185011421615904 -0.0074860098959771 0.283846876307272 0.0734964249741307
-7.05972959932008E-05 0.00655144612164328 0.111145714200063 -0.169483360911596
-0.0131486590880471 0.00772734959311267 -0.0643718575251164 0.111182578901084
-0.0285888052840084 0.00225056831434859 -0.200687343027481 -0.0658778197545609
-0.0254582397916628 -0.0410946972794961 -0.178431767181981 -0.330199675902919
-0.00197406717666731 -0.0365324119088498 0.295136364612841 -0.477624197461531
0.0123722930528399 -0.019792217126946 0.726326511561347 0.0253600863083018
0.0066723088512589 0.019716192013421 0.409736394862887 0.651211492606072
-0.0293037720998878 0.0203474920500669 -0.169276834429019 0.534465537508032
-0.0294447615538215 -0.000375942617027108 0.0129308456227046 0.0743329358663894
-0.0311041042294787 0.00493947739014813 0.195428095642595 -0.434020313876222
-0.0169156372429218 0.0287815493318608 -0.347127838800278 -0.741187514522335
0.0178450615852325 0.00930274013460942 -0.807859222569869 -0.0751441384482725
-0.00724031079710128 -0.00654519736791367 -0.315129791849617 0.60094491241667
-0.0299753448851625 -0.020140306924843 0.226926640384922 0.420142792404014
-0.0150930961140457 -0.00280382395743178 0.28958879159407 0.0638323000875905
-0.0024486730470773 0.00788320044380961 0.114431246828907 -0.174536495006922
-0.0117673988517966 0.00847526340318228 -0.062496741280397 0.10726959354055
-0.0224317758902471 0.00648455214087529 -0.194074526608114 -0.0718899182430751
-0.0179432219061657 -0.0361679267852542 -0.158535335844914 -0.337494742271892
-0.00167011112575917 -0.0344944435349875 0.325861089221912 -0.45947335323626
0.00620361681169578 -0.0194673646630176 0.72627183244771 0.0736664251301737
0.00266669300995367 0.0147501982130664 0.372688992395804 0.683176306548716
-0.025654396985424 0.0168527462491961 -0.193093642592936 0.534368020653338
-0.0231998268754645 -0.00130352019085731 0.0105273627114943 0.0736173839443692
-0.02593993414854 0.00297049716231854 0.175971258961002 -0.436542951198343
-0.0186923926103741 0.0242169186234902 -0.381799470519938 -0.712439436277673
0.0100109333789741 0.00809844437482755 -0.805935221887313 -0.0227154099700953
-0.00877727949795773 -0.00213178679890698 -0.279700510724894 0.62039559526109
-0.0243622520627378 -0.0124828730554847 0.247065444462413 0.412983639816257
-0.00900504512911976 0.00415153423701111 0.295104937368499 0.0548857144931755
-0.00157931752892356 0.00835332149897689 0.116253003488589 -0.177708154173099
-0.00855603012836834 0.00929426002239124 -0.0634445058734435 0.105456583858313
-0.0148266842320235 0.0123489882271191 -0.189141123784939 -0.0736925154636172
-0.0109944360646649 -0.0274651277506822 -0.140734779533994 -0.341802554218198
-0.0028584547324004 -0.028905617810137 0.348184020940837 -0.443440508128709
-0.000353366084391768 -0.0211774395129565 0.72329936834689 0.113750066741365
-0.000108575754610355 0.00790774048721196 0.339593386984633 0.707138068942767
-0.0198253441982366 0.0130382178511406 -0.208622041501815 0.531546854744333
-0.0168106441400699 -0.00324831529309423 0.00949423235980776 0.0724185548014419
-0.0201109827984542 -0.000282992183835881 0.162915439903024 -0.439536243711815
-0.0209756288612385 0.0179206393985898 -0.408654199395891 -0.688079551246697
0.00157590842671899 0.00717424881930695 -0.804336948044686 0.0144214349678135
-0.00898559924129755 0.00500271504801967 -0.251581337335583 0.631103000917989
-0.0159785368216916 -0.00122575800750357 0.264072343624177 0.404749386081795
0.000360078355176232 0.0114199689268463 0.298875372573803 0.0496698419366687
0.0023448607955256 0.00853943082253427 0.113581461972548 -0.179702153952623
-0.00356527078612356 0.0111485013124717 -0.0670752887999237 0.103342275607893
-0.00701822324984657 0.0197523572019228 -0.186348469426456 -0.0739367989902218
-0.00542911178246321 -0.0171507043135948 -0.128352926514045 -0.347202463059362
-0.00527506135197442 -0.0216975442326215 0.362570568962211 -0.436438468909126
-0.00734648590583891 -0.0236706062231365 0.720164744819884 0.137342615413326
-0.00106557715368805 0.000949849185332946 0.321932042907108 0.721297751536146
-0.0142965954862722 0.00892377743960765 -0.217959260520225 0.531587814163321
-0.011437655752153 -0.00305936280759872 0.0124600273774586 0.0708551949263947
-0.0142609953491921 -0.00416392798623572 0.153437695695335 -0.442322111419289
-0.0224650080700291 0.0100672987484095 -0.429547826971083 -0.672956558642398
-0.00630396854493037 0.00668812641853209 -0.803113697351721 0.0397360261072863
-0.0090988853798409 0.0140129361920848 -0.231777835216048 0.638439441647718
-0.00660237505136101 0.010091567936163 0.274317155741789 0.397472323926569
0.0104493651764746 0.0181229265186883 0.299837038916835 0.0469919366927338
0.00793834803219421 0.00735183310792598 0.109899369472043 -0.179533979031307
0.00245556671724826 0.0111738593181614 -0.0735808179500115 0.102722871001251
-0.000680322726311522 0.0266208527706436 -0.186463910445269 -0.0722695095635322
-0.000653903673579249 -0.0038467281572922 -0.121459659476472 -0.351696531256383
-0.00812488916664685 -0.0138809126243827 0.366224508249552 -0.439213773944627
-0.0135218903505808 -0.025999674325517 0.717116107740734 0.1424693447258
-0.000479542367637744 -0.0065398755619687 0.316101350759951 0.725274440258273
-0.00882860272376038 0.0071113839189187 -0.216434274034296 0.530177516685688
-0.00644114467940481 -0.00313346926148905 0.016697075253181 0.0690169651450973
-0.0094392383732551 -0.00714878185572672 0.154120439449644 -0.444949912454781
-0.0233560312211872 0.00274486018044174 -0.436518448423659 -0.670601787954983
-0.0128963491805784 0.00628687771594472 -0.80370772673531 0.0463602324855015
-0.00815512377108844 0.023043300328238 -0.229800552060978 0.633985088702028
0.00143788200321747 0.0223388907565047 0.276887166917643 0.394790243739513
0.0201561615468613 0.0240176217883035 0.298938546840136 0.0490618186511134
0.0138181855010845 0.00616452276147198 0.103577102566111 -0.176216672665803
0.00815445184803914 0.0122178872850054 -0.0812262017690256 0.103423744173532
0.00510183063050498 0.0315454980248916 -0.190194853395241 -0.0670259979053582
0.00235378503924262 0.00676515565770178 -0.124501095205963 -0.353174371880433
-0.0102258695495909 -0.00628498818338073 0.359921350293391 -0.452887441264262
-0.0177026250896431 -0.0279730320040039 0.716611421483674 0.124724805723176
0.0015150335309735 -0.0115723669572748 0.327475050486462 0.715415186420297
-0.00485249010625592 0.00545390680979765 -0.2064765913276 0.529199517304566
-0.00511392091002313 -0.00358623344455173 0.0222520708503103 0.067659200177916
-0.00589868271277888 -0.00846801564112329 0.161263935923941 -0.448300889873955
-0.0219252420421169 -0.00376990998662464 -0.42663798664475 -0.679971951069789
-0.0169101327376457 0.0053345311250713 -0.809248831137137 0.0308545364127072
-0.00714568093474857 0.031123002369745 -0.239375087296836 0.624065068861061
0.00701390730801534 0.032992683606931 0.272781827205512 0.393667348575082
0.0275743233730456 0.0283049125387149 0.296512246535778 0.0543805009474957
0.0205135921561174 0.00507641405998723 0.0964968126056726 -0.17277115390272
0.0128954075653622 0.0114976806904726 -0.0894577427739764 0.10544367188715
0.00842774173411265 0.0333049592435484 -0.195124291154087 -0.0605617621416335
0.00288241165989811 0.0130111528286776 -0.136229910512863 -0.353544529754544
-0.0105552551916688 -0.00056948236066557 0.341325402076715 -0.475001813981783
-0.0183787694195577 -0.0284536418373068 0.717382796148896 0.0869842064609656
0.00272917260139463 -0.0148769629119924 0.352982506314032 0.695372828751132
-0.00332269254573942 0.00507929246493883 -0.186433445562824 0.530794478665313
-0.00508221256049042 -0.00247857935121519 0.0281772429388978 0.0669120829955842
-0.00370732404002191 -0.0090507756973543 0.174038124970047 -0.448474606902431
-0.0201003232898258 -0.00842035952097555 -0.408320108832212 -0.702044442502134
-0.0179904437872871 0.00322187134584611 -0.815151759375014 -0.00795598612864688
-0.00786030032781604 0.0366386126064064 -0.262408069290796 0.60700533726267
0.00809405642342975 0.0414322908729881 0.258882304438378 0.399987149779919
0.0302363550069052 0.0307819764300975 0.291712987351576 0.064075247782639
0.025620349468307 0.00410352487586216 0.0887494959070725 -0.166224041493686
-0.0118110450697499 0.00783798392817464 -0.0702016900316658 0.113965489492802
-0.0312129430317761 0.000103142217788856 -0.205551995791455 -0.058367849261482
-0.0312116344335421 -0.0402606603198606 -0.194616691342094 -0.32188423985801
-0.00373926075276053 -0.0359789178599014 0.263527724347669 -0.493138329237656
0.0149477034354684 -0.0202180011999675 0.714312748535567 -0.0238510383642908
0.0101687450263541 0.0200567844600701 0.436488477426458 0.612840769415515
-0.0302537360841701 0.0232379129137542 -0.14453279263119 0.525776194676189
-0.0340935113459866 0.000784363407859336 0.0169311013002665 0.0740547834704676
-0.0331232255589581 0.00593067334620986 0.213675949410048 -0.425769665221326
-0.0160863318897585 0.0299227104025343 -0.299771913986777 -0.760793252180987
0.0224236691852772 0.0101189440881038 -0.800184513393537 -0.134139636752888
-0.00388629390500484 -0.00780803574030685 -0.348957011150919 0.568361734051774
-0.0330745747615616 -0.0232154258448736 0.201320229056827 0.423167237940463
-0.0182299534384858 -0.00785138473653374 0.282299861212578 0.0750290473809695
-0.000992327804441931 0.00533385714907151 0.111525083838073 -0.167036518661188
-0.013325304344638 0.00834192387528884 -0.0656899787885535 0.110176125565416
-0.02778962276349 0.00178330740073407 -0.198565517717824 -0.0662773471574118
-0.0250857039890476 -0.040836211637443 -0.17554090963613 -0.328942356482356
-0.00231441190599036 -0.0365288994608794 0.29543807157439 -0.472275436572249
0.0121857186731419 -0.0190863915422699 0.719552167732189 0.0285677442384127
0.0061675010146313 0.0189148590531179 0.403074141024379 0.645120839270616
-0.0293673600612932 0.0204465799434093 -0.169345782840748 0.526334801389826
-0.0283813912091357 0.000253290863891005 0.0121913705440935 0.0743864943050517
-0.0298441130119851 0.0051860996255155 0.193908016079931 -0.428244347830142
-0.0175488297240373 0.028440247196018 -0.34057203919023 -0.734750100652644
0.0177496064696995 0.00889172018577723 -0.798433674075168 -0.0778952969903098
-0.00626174787101437 -0.00688414264730279 -0.313815038776586 0.592736471164367
-0.0300129291822599 -0.0198189373587072 0.222538904811694 0.417297464591576
-0.0152988429827551 -0.00312734656099235 0.288262555248932 0.0647335955209558
-0.0024749375414764 0.0077359497534785 0.115406698972478 -0.171868255384335
-0.0114462980624693 0.00823515613415847 -0.0634349201916163 0.106734254097013
-0.0222636555131216 0.00623535203149115 -0.191067074987052 -0.0715777319508832
-0.0179006670510055 -0.0360542768672551 -0.154614202756388 -0.334743231211661
-0.00107093248025009 -0.0338335747517558 0.324528373251129 -0.45342326572258
0.00639663854698323 -0.0190502121533539 0.719375860608303 0.0753366027787627
0.00165176165383409 0.0150880852202335 0.365615474214151 0.676473659349654
-0.0252596675607963 0.0168025585539912 -0.193667821073599 0.527069490049922
-0.0223574915756835 -0.00106171274220568 0.00964609210533447 0.0732186065833605
-0.0250196684779709 0.00340213157523888 0.178093320311205 -0.430782082547489
-0.0184893723704299 0.0238914698217272 -0.374606293148794 -0.708240425226194
0.0101745896137836 0.0078499245190897 -0.798940124513949 -0.0271629087358413
-0.00872764943239059 -0.00245073370500486 -0.280083713703352 0.611659826801744
-0.0234603311704242 -0.0120159162226324 0.244401247472686 0.407667161706199
-0.00817434499211851 0.00396862233254176 0.292471296447828 0.05616165563309
-0.00162258578781306 0.00835944888061138 0.116339798976887 -0.175103264799091
-0.00824228078860118 0.00893422618207757 -0.0640374238133164 0.104416317385634
-0.0151566316310256 0.0119543812040444 -0.186903331874882 -0.0739384001031688
-0.0109186254188102 -0.0282195330201756 -0.136756466044449 -0.339586044042231
-0.00278217805600859 -0.0292093231917534 0.345598936136215 -0.438333865655511
-0.000189495117486761 -0.0207118367691066 0.715541889411523 0.116456601426151
-0.000772920684323226 0.0086387054225367 0.335048453915373 0.70033996613126
-0.0194682128370018 0.0124770850051549 -0.209446790784798 0.526100325591468
-0.0168017495224492 -0.00227817433290151 0.00921221398133317 0.072111321885025
-0.0194263316684628 -0.000568232101584015 0.162803338368105 -0.432821871977028
-0.0209054964047452 0.0174733560800064 -0.402736491927378 -0.682549050784557
0.00121331964229141 0.00719141561362224 -0.796702450131846 0.0111604348855101
-0.00985710108012147 0.00489454999183377 -0.251059326147881 0.624134663272158
-0.0158304808633782 -0.00193370316165828 0.261115735626425 0.401391832388328
0.000604505040623609 0.0103462162852002 0.296420452484254 0.0506959451531087
0.00173893035880549 0.0081458747827039 0.114959777859935 -0.17748577076817
-0.00297253696348379 0.00981531923947949 -0.0678211750660877 0.102323712627561
-0.00692024509605499 0.0199167341995144 -0.183866777406679 -0.0738039360347161
-0.00566589234006321 -0.0166599429374297 -0.124800147361441 -0.345174577597882
-0.00551108787588935 -0.0214633700951769 0.361637333515876 -0.432260873662995
-0.00731712134909108 -0.022698068516726 0.712168223636493 0.138705063258865
-0.00181043662625535 0.00108151638818684 0.314625153152172 0.715605444338564
-0.0131714811207394 0.00913126932092939 -0.216964420936632 0.523617803092074
-0.010543349309578 -0.00315980720962596 0.0117573364010792 0.0704119290557037
-0.0139523163051578 -0.00385153228745208 0.155309795714987 -0.435898706599329
-0.022416885187966 0.00991797798574613 -0.421290801423224 -0.670080983838623
-0.00540164389636844 0.00696517940221077 -0.794528221602168 0.0366739110983326
-0.00898895433052923 0.0136066883762366 -0.231406828999027 0.629684049892997
-0.00666924692103788 0.0104849590619693 0.270201784404244 0.395918475857495
0.0100845186449189 0.0183911645771771 0.297426499069835 0.0480105255618062
0.00725932028663612 0.00788619676969075 0.110486008444274 -0.177158235598034
0.00246219391630089 0.0115029031480288 -0.0747933120216446 0.101765473273811
-0.00103399054755649 0.0258989310884657 -0.184990355739281 -0.0720163240086809
-0.001111703666852 -0.00442264386815739 -0.118332163735141 -0.3491977823763
-0.00799320810640102 -0.0136554643115778 0.364898788925501 -0.435390398004199
-0.0132798153306753 -0.0253983335816894 0.709404288393369 0.142921922779775
-0.000963492581993818 -0.00574033587040371 0.309716749410944 0.718033822710582
-0.00834593413313017 0.00669342014886783 -0.217214823615418 0.524494627963431
-0.00625794155985733 -0.00368392517157172 0.0161895738317076 0.0692257871590552
-0.00933274871195686 -0.00674290476282164 0.15360923065298 -0.439694062880651
-0.0230428440342451 0.00278501677489679 -0.428878500735174 -0.665843651046648
-0.0129853377453802 0.0065494588126436 -0.795878550582907 0.0424375669602006
-0.00826215478350088 0.022533563506165 -0.228174911454561 0.624660697850655
0.000951218029477698 0.0221687320151787 0.272925323016082 0.392797560471942
0.018979896895627 0.023204567297487 0.29568702811635 0.050015144357294
0.0130024107907691 0.00597287596818384 0.104076026040127 -0.174213660487681
0.00792753169029507 0.0114815299978368 -0.082372502622168 0.10295370840298
0.00488263913101176 0.0314782485242057 -0.188028427357249 -0.0674896034647014
0.00181993671497975 0.0062984448149225 -0.121892843154641 -0.351859940033446
-0.00995886334639055 -0.0065559559843285 0.358792602434503 -0.446525619675133
-0.0170948890872431 -0.0275190560572029 0.707323232848023 0.12660480548308
0.000566462548277971 -0.0114585774363643 0.319822356069151 0.710531209689154
-0.00450448330959557 0.00459618357658699 -0.20711093110908 0.522440083720974
-0.0047072319013316 -0.00311147332764635 0.0217290972374384 0.0679178997096579
-0.0059248197425385 -0.00844168910216792 0.161098755046666 -0.443160259135345
-0.0222417395906067 -0.00317590439770263 -0.420610058974221 -0.674133679282688
-0.0171680118084093 0.0050383900803672 -0.801726869146697 0.0262286759597405
-0.00717248996670729 0.0301954272839244 -0.239441447476279 0.616172357729208
0.00641682082312207 0.032838617557326 0.268573470842722 0.392472233919274
0.0265709563814195 0.0279965670080189 0.293534523925828 0.0556059815235696
0.0197978795786496 0.00442561464580014 0.0964449116893777 -0.169949831683242
0.0125968174031242 0.0112814595472496 -0.0895878266700103 0.103763984870633
0.00853174036176275 0.0329726575553308 -0.193505057397015 -0.0608908587910576
0.00242939897046386 0.0131360418292941 -0.132428141864663 -0.351266097256954
-0.0103471949284648 -4.18850205665469E-05 0.341158175910291 -0.467801757499201
-0.0187197239559956 -0.0281331515245178 0.708562736310776 0.0897145382729831
0.00262176918868081 -0.0143810267886154 0.347465448415938 0.690074928577851
-0.00331622567102618 0.0055158252596568 -0.187886457623586 0.523646376896408
-0.00504064111516224 -0.00264385071477496 0.0273536312054095 0.0667214945121962
-0.00324363911386164 -0.00900550491756224 0.176934558290784 -0.442184114286401
-0.0197454236002053 -0.00764747755636838 -0.400392945087542 -0.697288583546023
-0.017996538714842 0.00312086144411255 -0.807700111236976 -0.0124919591120627
-0.00783466706564147 0.0362984701051914 -0.263808451846649 0.599669903031497
0.0075240265310176 0.040731355964651 0.255141406157906 0.396806215646367
0.0297238335754487 0.030276873172868 0.289808421931346 0.0644974417808244
0.0248862497288931 0.00336858556447126 0.0900664818786255 -0.164347455606481
-0.0120540969939826 0.00693589601476651 -0.0711615593516865 0.112910844886564
-0.0311917794373915 -0.000465550750433908 -0.203281342227093 -0.0594469171318159
-0.0311541291955455 -0.0397887098029348 -0.189839558638266 -0.321874440463712
-0.00335884044671972 -0.0362181799621562 0.26638331180562 -0.488632445753391
0.0153009073923288 -0.0197000330325618 0.709219632296805 -0.0194112236972339
0.00889192297780158 0.0203081452037095 0.429792577223646 0.609252561074901
-0.0305531376830017 0.0220682132180473 -0.147608079470329 0.518550476255604
-0.0339213990213412 0.000226079326654219 0.0159653374848003 0.0732710040704277
-0.0326313552323053 0.00629871720205822 0.217021626347822 -0.418636788632614
-0.0155397540575669 0.0301185602318221 -0.291952523983971 -0.757619207629488
0.0219800145940587 0.0103211541837482 -0.792363666618332 -0.137902387547304
-0.00379041649097292 -0.00777042487705118 -0.347476038274675 0.560550305780565
-0.0327411328425774 -0.0225875963920918 0.197955781634122 0.420185118060032
-0.0179888863066667 -0.007749456928938 0.279428144566674 0.0759041250210001
-0.00036660294476956 0.00594060590683236 0.113002509105492 -0.165863794414985
-0.0127745495283901 0.00723905060492023 -0.0657400400396844 0.109056970830647
-0.0275638928011332 0.0016293896738591 -0.197036799821033 -0.0664781823568991
-0.0247775463959677 -0.0407417435618411 -0.170914008406751 -0.327560862652406
-0.00165856170831218 -0.0359613136808393 0.296644814898419 -0.467561451775853
0.0125075826993447 -0.0184730218857537 0.711419003157153 0.0323947100198047
0.00488611443843753 0.0193999639275492 0.393371460655726 0.642858197281118
-0.0282591888405968 0.0200623467093631 -0.170760232094986 0.52056227839357
-0.0286779395273327 3.7523587931454E-05 0.0121363354659014 0.0733275826608998
-0.030166469542718 0.00507485904123726 0.196035072752216 -0.421603321855715
-0.0174535158168376 0.0283551009946789 -0.332408524101772 -0.729288660567788
0.0164222187693343 0.00924262224453236 -0.791937697972771 -0.0830599349445229
-0.00703861526389537 -0.00647628745222964 -0.314757067117564 0.585825115252209
-0.0299475069607741 -0.0200110741876034 0.217881786110391 0.413826491575868
-0.014977205116793 -0.00335774661674135 0.286447168767225 0.0658360028018578
-0.00318717853667666 0.0066907656244894 0.116793202971914 -0.170010642672068
-0.0119027587145427 0.0077761964060326 -0.0639415077786093 0.105701731168109
-0.0215968088466157 0.00596152478439745 -0.19019877328495 -0.071725485674593
-0.0181252843181029 -0.0359785320611598 -0.150306618565129 -0.334114243968199
-0.0010239955812367 -0.0334434079109217 0.324193005279076 -0.449036900970981
0.00690637836111457 -0.0185083732693395 0.713812351624844 0.0806254316675964
0.00138031278225274 0.014763903404813 0.358174590071486 0.674308778375019
-0.0245421789088671 0.0161944836408066 -0.193820595504246 0.520664476144085
-0.0225128699877809 -0.000457198604250233 0.0102152720896315 0.073187197105978
-0.0254734565116068 0.00334893751148626 0.17909205637114 -0.425367064759561
-0.0191241623976453 0.023910846583898 -0.367036834897365 -0.702945567305899
0.00981546502324816 0.00809485976099188 -0.791463111021905 -0.0319260772990396
-0.00869308999591831 -0.0025467056845765 -0.281835447812201 0.60569973899253
-0.0235709538906659 -0.012148900546492 0.239060838231366 0.406872066021229
-0.00820442428144648 0.00308185587907227 0.29131617348953 0.0574047063348613
-0.00206933386359114 0.00813683103210144 0.117967724366793 -0.172856411454186
-0.00769824223782314 0.00864378176853301 -0.065759086930617 0.102753444043637
-0.014447425592619 0.0118591837688171 -0.184648442452723 -0.0751529018959191
-0.0111489315454168 -0.0275328353307085 -0.133686142515792 -0.339220186194825
-0.00244365628936708 -0.0284248514636457 0.345952316429895 -0.434667582024303
0.000147395069691872 -0.020078069624118 0.709534713369915 0.121220376448151
-0.00124244790839754 0.00841707986448675 0.327545591136646 0.696730943720714
-0.019408947435461 0.0125718707334655 -0.21116741054917 0.518584862694193
-0.0159099843182787 -0.00195491114420618 0.00884492190575505 0.0712725156446693
-0.0200590510692868 -3.49376790188009E-05 0.164301892568148 -0.427684292023466
-0.0204045600431171 0.0172132646528385 -0.393617091317202 -0.679559952410377
0.00109445436600948 0.00776396316148867 -0.790844428424831 0.00522671837995848
-0.0100736228544202 0.00471125179263932 -0.253291536946384 0.618068971606777
-0.0151623365819399 -0.00177425980358357 0.254284229138277 0.399505124073202
0.000525933446092881 0.0103118697818872 0.294976265551746 0.0523029628819389
0.00164793075770644 0.00824717692001108 0.116390282525347 -0.175354468362364
-0.00272779200689594 0.0100634245114718 -0.0692749369340922 0.101014495507101
-0.0069992459516669 0.0196051522131641 -0.183190006022456 -0.0733903725178413
-0.00545654835800027 -0.0164503869124178 -0.120901178995976 -0.343623773648724
-0.00484313396027394 -0.0217371448101797 0.362543182487272 -0.427008193940267
-0.00700605783557678 -0.0229609629609269 0.704703034142724 0.146035167069291
-0.00187047905818614 0.000964939164589267 0.30779854275307 0.709474553082893
-0.0133052725261582 0.00945921800872304 -0.220224651741754 0.519555710987266
-0.0103607609929399 -0.0030959003404947 0.0111433277443188 0.0697649711965797
-0.0141253095070352 -0.00315403022790013 0.156570393501436 -0.431353193668269
-0.0227611759587909 0.00991589296604499 -0.413732598442401 -0.666187124073248
-0.00667071441651171 0.00703344358003273 -0.789593604975267 0.0318792267034836
-0.00847564366443555 0.0134014701382901 -0.234326338972595 0.6222381520809
-0.00664501648712051 0.0105671762248822 0.266019954330406 0.393158641514706
0.0109810966875829 0.0175084526553946 0.295948110403197 0.049607476192901
0.00562625313300347 0.00642353138238919 0.111088479438361 -0.175001338397861
0.00211358146009363 0.0108117704816193 -0.0752369254807969 0.101456275202172
-0.000258207489323263 0.0257090699955926 -0.183226150288838 -0.0724486331083811
-0.00163052717141609 -0.00460599766695929 -0.114933836106489 -0.347735255951481
-0.00802390567347497 -0.0132882059799145 0.366099170096823 -0.430671119190225
-0.0132637992122815 -0.0249920134365941 0.70279653059617 0.147790355500054
-0.00146478563830228 -0.00574886563824149 0.301058207358236 0.714925233775016
-0.00824024780480308 0.00644700983748084 -0.217268642835228 0.515188695684301
-0.00591502792636839 -0.0031598797903638 0.0158720270608738 0.067972254711607
-0.0100491164748093 -0.00575166713490774 0.157910853950187 -0.433442082222683
-0.0229178534025011 0.00329491261479152 -0.42229795142258 -0.663472528418737
-0.0127966146674043 0.00553085971037982 -0.79348461712003 0.0360770587914224
-0.00742475997467549 0.0221785004888298 -0.230459584382202 0.61926127914035
0.0014467499148043 0.0225121851324403 0.267887191014224 0.390253841902247
0.0199824947491499 0.0231071246022893 0.294466125754437 0.0510862124045283
0.0114184581591577 0.00636259149571555 0.105975461268287 -0.171817454017319
0.00818630302405576 0.0115424453628926 -0.0837491176876966 0.101715870155878
0.00490301429647838 0.0310605756708541 -0.186411246421195 -0.0675641722953806
0.000459461575074593 0.00607982451956351 -0.117452691648185 -0.350445296642276
-0.00932884815218851 -0.00640993902041887 0.359776251423393 -0.440947057974907
-0.0166082658539505 -0.0271705034969894 0.701634968825893 0.131386308679572
-0.000146114041089153 -0.0112013088124948 0.311255180459102 0.704744863990676
-0.00385206189773403 0.00544872494325782 -0.209398470507668 0.516239999658333
-0.00410238874062889 -0.00345236725358898 0.0215589720995573 0.0674155162865522
-0.00505722353386895 -0.00775702554479556 0.163344833512275 -0.435583355907181
-0.021968700860725 -0.00257604345847811 -0.410920859806043 -0.673551237194236
-0.0174587246194957 0.00433458160070469 -0.795114204927909 0.0211053185028078
-0.00721898412218449 0.0295862415760833 -0.240703115096538 0.609117259940099
0.00579752865684308 0.0329551155789482 0.264436119326574 0.390873903979917
0.0268406159773173 0.027659509050856 0.292501999525293 0.0573410130306663
0.019139758506055 0.00454146120287746 0.0979479863816905 -0.168563325477054
0.0133183799095862 0.0104959456649478 -0.0908233154227985 0.103464046268215
0.00870631517614033 0.0324176335117645 -0.192535836597238 -0.0619018977777466
0.00225232283645171 0.0137862515055433 -0.127996635648673 -0.349365118615871
-0.0108147244164802 0.000129100433041104 0.341419418253931 -0.464483995655276
-0.0182957280604 -0.0280814157021923 0.702242072461914 0.0929676059580999
0.00248423478347636 -0.0134997037638304 0.337908287823231 0.684764170219313
-0.00265336546786981 0.00494346887092868 -0.189749776655609 0.515973786144059
-0.00443097007643371 -0.00219359800207596 0.0273764226976535 0.0664943276366305
-0.00340386673926169 -0.00811438552455492 0.178699143674027 -0.435367017563826
-0.0202827285775794 -0.00826345900720748 -0.39100761332163 -0.695446149889982
-0.0181620608123431 0.00332908879335066 -0.801840038735768 -0.0149403546458632
-0.00745000051207889 0.0356822406224343 -0.264434630599615 0.593174508341289
0.00770670544451396 0.0409788657037146 0.250783872360807 0.39362446773203
0.0300465188342198 0.0303712535000714 0.287821793515948 0.0655029186639511
0.0241578390868217 0.00344976668726437 0.0911993964177028 -0.162278667131148
-0.0119718403300602 0.00651782932567625 -0.0724057629455 0.112351530272944
-0.0301442751979282 -0.000322735312801457 -0.201419867021341 -0.0603550027663121
-0.030856393494236 -0.0399876280973883 -0.186580214669708 -0.321619390992594
-0.00240531703740761 -0.0364820777327709 0.268281321796654 -0.485540635704396
0.0155992432821795 -0.0196389476136469 0.706014880990911 -0.0141303273222582
0.0087275190844624 0.0204757640555386 0.42015049004596 0.608966709219484
-0.0296738579227989 0.023106301787903 -0.151145851891595 0.51458546617084
-0.0325250441344901 -0.000441828857029955 0.0151841094690332 0.073913224143355
-0.0329345677327583 0.00573468605865671 0.219048790377528 -0.412927350330033
-0.0161319479008795 0.0299509517514026 -0.285315159747656 -0.756434356616783
0.0222290798511149 0.0104217379177952 -0.786231556599807 -0.143019436610138
-0.00410117439640385 -0.00792347545178008 -0.351063576159185 0.556127087706447
-0.0329411255250731 -0.0232024101356073 0.19234398575307 0.419978985336373
-0.0170937989751821 -0.00834202198903547 0.279428468074605 0.0779134710008655
-0.00176403429995669 0.00551721169374071 0.114926774824684 -0.163461553275523
-0.0128875241679714 0.00670160463707489 -0.068502807091303 0.109038637057795
-0.0274840180871415 0.00179344314238013 -0.194369693336736 -0.0673786908727619
-0.0256818083738557 -0.0403528827015353 -0.165866066512006 -0.327994065047309
-0.00068866957082512 -0.0361259895096333 0.298982370498278 -0.464480264874615
0.012204291984949 -0.0181596441211413 0.707947302863438 0.0391086757433383
0.00478229846242744 0.0192654415147918 0.386983818176093 0.640681161820467
-0.0281564729228121 0.0191888568644315 -0.175883951138753 0.515585791860821
-0.0277480462019067 4.09623889215071E-05 0.0110751334767496 0.0733659861721127
-0.0299970798440402 0.0049253220932409 0.198933136178811 -0.416029857484041
-0.0184940174612139 0.0278746189696948 -0.323478271143622 -0.729363323053511
0.0172279612450481 0.00808571686330028 -0.788452234277863 -0.0903205304052249
-0.00640483191200631 -0.00693457623562983 -0.315676353423728 0.582078014130026
-0.0296451988088853 -0.0196106030430833 0.213559819259971 0.413493397674387
-0.0140854922859568 -0.00369526053919521 0.28563963844754 0.0679013054800262
-0.00336215003189339 0.00731423739205857 0.117707139947494 -0.167919300698833
-0.0111624685519353 0.00762321929717768 -0.0658140465506966 0.105352412194778
-0.0219106825242153 0.00537670782244512 -0.188345800057762 -0.0736762440563211
-0.0175326587537044 -0.036150278673908 -0.14555848580337 -0.333949115784255
-0.000908027145965773 -0.0336309189905637 0.326545542017534 -0.445240494200603
0.00661545137525779 -0.0180588567420194 0.708519735714937 0.0867086604062743
0.000319434241373279 0.0151797889906154 0.350114834923714 0.67439440032382
-0.0242457849774838 0.0157242085395556 -0.197184913616829 0.514390421541746
-0.0218536870063107 -0.000882265108642386 0.00783847520715204 0.0715221256515916
-0.0250969644926323 0.00273029048256784 0.180977342980703 -0.421250938244073
-0.0196183530286195 0.0240160933891271 -0.358901407990823 -0.703327165936469
0.00930420026105747 0.00798158609825686 -0.787368868639292 -0.0382039857454218
-0.00782135955082935 -0.00215849643499207 -0.283288867576427 0.600365404234672
-0.0232421236023268 -0.0121193946432061 0.235169320526961 0.407611185533286
-0.00850054648971965 0.00366301459068923 0.289674607147899 0.0593670112064861
-0.00286714886697688 0.00822854310661761 0.120276117825881 -0.172202629784942
-0.00851255355108061 0.00828096144837591 -0.0676156116429219 0.102825493231447
-0.01394276053441 0.0115962483327717 -0.184225567973783 -0.0753469609067472
-0.010764461610221 -0.027361988230137 -0.128509266861833 -0.337919114068072
-0.00138674717688226 -0.0285409871479973 0.348532792548247 -0.42990775473492
-0.000144720586303277 -0.0199529028973584 0.703665258677304 0.125798359897695
-0.00170432908503301 0.00868978644108089 0.317202825798087 0.69559068981482
-0.0189987237611633 0.012650817617014 -0.213470295904031 0.51381130944932
-0.0158478866666209 -0.00228653320108013 0.00890919302979026 0.0720033791194436
-0.0192339438113819 -0.000758989984532572 0.167819116260406 -0.423573489244149
-0.0212626343481199 0.0176050566927573 -0.385092146328258 -0.678903845935393
0.000354004755921494 0.00652224747020038 -0.785791163417322 -0.000190617206755085
-0.00924836279608647 0.00438691867504186 -0.255673379227988 0.613255001327047
-0.0160917917617285 -0.00160424350317642 0.251646252451014 0.399139204131793
0.000176150805366874 0.00987701962185126 0.293608086354634 0.0540172853263365
0.00105072425845229 0.00694399328743215 0.117743169015058 -0.173622599259587
-0.00332159120851985 0.00965141704283346 -0.0706731856713365 0.101227987242574
-0.00693290331852585 0.0185696607409017 -0.180863761627004 -0.0752098125733757
-0.00564714235984104 -0.0166744049417555 -0.116857648552914 -0.343514031528654
-0.00476892962301432 -0.0211612330886022 0.363586523965242 -0.423145543879791
-0.00738320532589527 -0.0221552645853886 0.700178766472302 0.149443734053838
-0.00262288427828108 0.00161053363790432 0.300347142836603 0.707361946464847
-0.0130451508079505 0.0084841628779315 -0.223496738225065 0.5125018319743
-0.0100543269481774 -0.00337041297376777 0.0107396634611955 0.0702967891241974
-0.0142587828016657 -0.00295077514662969 0.159655593516703 -0.425467037708406
-0.0222283908908131 0.00982310600843437 -0.405299375422277 -0.665258256280968
-0.00635296616185112 0.00640385191672827 -0.785659032371039 0.0248168030275465
-0.00934117427479263 0.0133425271984582 -0.237533465038001 0.61699732485453
-0.00715822790101974 0.0102106560631752 0.262103871894946 0.393349951868925
0.00963023490237581 0.0172617329684112 0.294379416076733 0.0519236515740003
0.00534919119303858 0.00668982303532092 0.113072620428534 -0.173549689847946
0.00266849091689967 0.0108531097582798 -0.0773134394343866 0.0998037288178496
-0.000774061797267681 0.0253133109445374 -0.182888025423403 -0.0727396297120361
-0.00156649115026068 -0.00390297270058634 -0.111403047679828 -0.347456276148287
-0.00765582336153834 -0.0138158823826889 0.367113933691544 -0.42572476380829
-0.0125371159293881 -0.024575784801542 0.695925840986138 0.152111866861884
-0.00188531887331538 -0.00545782641089446 0.292914203239269 0.711123457623342
-0.0076149081783899 0.00636996860243918 -0.220718513867604 0.511479744288613
-0.00569570819853899 -0.00299638954218208 0.014813772428811 0.0688754317154995
-0.00841552641881002 -0.00609511918224803 0.160497078594094 -0.428353311561917
-0.0228797363409873 0.00323696775077557 -0.412992047477643 -0.662954026541761
-0.0133208248819765 0.00588169075833484 -0.786821734104374 0.0302355798221165
-0.0078506563365533 0.0213032438243807 -0.234916634363764 0.612683155186107
0.00183041422130581 0.0220301122362672 0.263871889777283 0.389368915956381
0.019342955982932 0.0233930934822954 0.293928661638168 0.0536298957959658
0.01183731452385 0.00562166337773509 0.107012209219919 -0.17097870008158
0.00833076773006639 0.0111188973786647 -0.0848277931637857 0.100026207825291
0.00495816263476004 0.0302237203450899 -0.184472614880013 -0.0680500409661399
0.000157787212380987 0.00606749842651107 -0.114142169984615 -0.351382685258494
-0.00960943057530836 -0.006837327377274 0.361963502701865 -0.436111954969627
-0.0166360318488444 -0.0265997948332276 0.698146618427034 0.134873521776979
-0.00042030071294944 -0.0108731137150172 0.304074731651848 0.702805745415075
-0.00413763359774612 0.00559414396562961 -0.212448836302681 0.510758787097737
-0.00421149847065784 -0.00325698373176662 0.0211798258826998 0.0671271844139493
-0.00520842944512093 -0.00793859574640178 0.165856720429016 -0.430750174702332
-0.0224911341255842 -0.00270305078434159 -0.404440913476818 -0.671658321884644
-0.0180794600075929 0.00493929844947726 -0.790420582438928 0.0137203743479914
-0.00846641160282838 0.0298112208710425 -0.244326227983476 0.603789816328702
0.00648527856417688 0.0332235899237316 0.259922429499575 0.389407790843303
0.0262139912238747 0.0268736936322777 0.290743319979418 0.0588466618923248
0.0187041148214374 0.00437707452749229 0.0996488097181704 -0.166853642976826
0.0129205669163304 0.0110469554676921 -0.0919043362697236 0.102089583626423
0.00822192435827631 0.0328277741596702 -0.190943743187395 -0.0632719959337261
0.00140413045658226 0.0136487537395803 -0.124649697607697 -0.350514506361668
-0.0100652083390175 -0.000550637995046956 0.342455645664348 -0.459396751273195
-0.018112759592282 -0.0272024949444526 0.697121657510234 0.0985283455866506
0.00224928797041603 -0.0139542632225888 0.328506745194349 0.682834058112465
-0.00249327021286884 0.00523387939083206 -0.194199764429282 0.511613250623248
-0.00474542407432229 -0.00215822755100281 0.0272483890846579 0.0660536741699287
-0.00290622420574546 -0.00853507675294004 0.182685056611253 -0.430402464518252
-0.0202667623470567 -0.00719268171517625 -0.383774295415986 -0.69305939187628
-0.0187444381613018 0.00237228936209004 -0.79922137862811 -0.0209853193455766
-0.00792114711202821 0.0352843439538738 -0.267456811038243 0.587773702446905
0.00709667066317826 0.0415477269664537 0.246339339956676 0.394712448488958
0.0295097382012314 0.0299424397849025 0.286824909466619 0.0682370743092081
0.0233167175526065 0.00337920854934332 0.093009899526309 -0.160945312727358
-0.0116376969277392 0.00656269736897153 -0.0746627972722095 0.111496976555758
-0.0299559133749613 -0.0010804900580354 -0.200894280199825 -0.0616519192885331
-0.030616032918475 -0.0404598588487906 -0.182794507289981 -0.323180996623808
-0.00214272021799907 -0.0359597831925087 0.270801265041169 -0.480595975853074
0.0152606643448208 -0.019202776758072 0.702592061291227 -0.00595900600341666
0.00764890002302046 0.0201342721266559 0.414389498025024 0.610737566908983
-0.0297190080762787 0.0221563745388705 -0.154757414427292 0.512469376590375
-0.0320457417417347 -0.000292188403814554 0.0146213466699188 0.0737736642007125
-0.0332021410066055 0.00524778949556887 0.223177342190748 -0.408873171203132
-0.0166590271140718 0.0292824938497524 -0.276597174393894 -0.755746674077196
0.0215415104503526 0.0106733313414017 -0.782929934660726 -0.14830058669703
-0.00399731848720119 -0.00783126911002367 -0.353336758179583 0.551094815022826
-0.0316878964599623 -0.0225519434517279 0.188918119415111 0.421100983890784
-0.0171592022111068 -0.00865289353942281 0.278661675767886 0.0797358188604693
-0.00248436868710528 0.00499002869048035 0.116459658127531 -0.162034143161476
-0.0128647647401154 0.00695963141669786 -0.0694784631731363 0.107274428455326
-0.0267297388456165 0.000851999388381593 -0.193995531815062 -0.0691232390865259
-0.0248188036384883 -0.0403124795004589 -0.162393433640339 -0.330225563757518
-0.000625265513683514 -0.0363052561173539 0.30247296723304 -0.462219393450121
0.012099849486591 -0.0177197733429001 0.706034368188968 0.0442312590710024
0.00366758245482619 0.0196525124152309 0.378591201744446 0.642686264279567
-0.0285323476368227 0.0189133307462154 -0.179237335382749 0.510507631184715
-0.027814972004576 -0.000410637868114117 0.010972452630882 0.0738766478462813
-0.0292665903095381 0.00499786513986529 0.202265710087532 -0.412000940118128
-0.0184818043289237 0.0286256837116527 -0.316138147284186 -0.72946714063834
0.0161015016826763 0.0086183778963256 -0.785959932820193 -0.0953740118554728
-0.0060260945376402 -0.00709611887433662 -0.320344767329077 0.575574292363188
-0.0288027276196363 -0.0196124798760716 0.210203265710673 0.414134802121374
-0.0145483373502574 -0.00307071327078498 0.284085886581865 0.0709570141250041
-0.00368034664441701 0.00710272561734817 0.120303450379458 -0.166074834386094
-0.0108201698880825 0.00684530768472379 -0.06792096882643 0.103415802589274
-0.0211346420496016 0.00553073779764855 -0.187647747384962 -0.0737614767052791
-0.0176703187127819 -0.0360087921159231 -0.142841144630721 -0.335270919493308
0.000231522984959258 -0.0329771742961189 0.329994806717039 -0.441215486351802
0.00681637728404822 -0.0187080808227723 0.705001384746341 0.0930739248296547
0.000465458153059421 0.0152672758834663 0.342172465202779 0.673152125663135
-0.0236369365463486 0.0161720854549742 -0.201099421483134 0.510999189628166
-0.0217009422463761 -0.00101489234399417 0.00876235918297206 0.0728006366023301
-0.025059382115818 0.00271457368103042 0.186336470753142 -0.41597276422484
-0.0191514326485253 0.0250221347057368 -0.351650955264423 -0.701584365201798
0.00856087263605007 0.00775152988203538 -0.785164557794735 -0.0455628547477098
-0.00790898875557349 -0.00282122977508342 -0.287284423415284 0.594697175084914
-0.0230362084231565 -0.0117689523268989 0.230839962443838 0.407167124762336
-0.00807222407367315 0.00284192936161686 0.28863261076671 0.0619459204070789
-0.00333917440504661 0.00779948243660754 0.122292317018241 -0.170229960012629
-0.00821043316771779 0.00864929294156609 -0.0682356906728847 0.101766960635884
-0.0145167426299102 0.0117098978093619 -0.181766354570096 -0.0765583103444924
-0.0111332514839676 -0.0276741454784821 -0.124225680265831 -0.339910579315246
-0.00182314280842159 -0.0280661470490245 0.350434220682585 -0.42588371157846
7.02976418073733E-05 -0.0197688186316371 0.700203863732312 0.131999017566429
-0.00233078552681514 0.00899337439363925 0.311583913990615 0.695538599277912
-0.0186959991017996 0.0125337498058424 -0.217098468399304 0.509572732431343
-0.0155384789858446 -0.00217334376770213 0.00855964989739992 0.0721297369192697
-0.0194044349865885 -2.8882040792111E-05 0.171136192667858 -0.417999086572289
-0.0215601203413401 0.0174988189654014 -0.37946620424393 -0.679168190321998
-2.86910779404813E-05 0.00650809676464669 -0.783794608200194 -0.00586208842315763
-0.00874033118051884 0.0043039638911484 -0.2602310337885 0.606584250029422
-0.0150576699978961 -0.00132461158586353 0.24677403349286 0.400640904338132
0.00062106291473491 0.0104477714536357 0.293130953310131 0.056690664537656
-0.000132657068539325 0.00703796953491042 0.118799372154885 -0.171887795307024
-0.00327712528026049 0.00992415308854184 -0.0727667535334264 0.0991405601435352
-0.00651958506113305 0.0192892275777531 -0.179555115610482 -0.0760045396482522
-0.00566300121289338 -0.0162911959540478 -0.112711898370416 -0.34465622233774
-0.00394148521891594 -0.0219324101099499 0.365994189368763 -0.419379012776846
-0.00624819683331387 -0.0220745801596836 0.696443804073469 0.155067827694802
-0.00308039203489902 0.00174623077835878 0.291901515537724 0.708326929852831
-0.0130682076766369 0.00877271663556015 -0.227698649644381 0.506842200331789
-0.0096977146650664 -0.00242968088695871 0.0104013008885194 0.0699321117079397
-0.0133048034904775 -0.00314357770216782 0.163493816806515 -0.421963245366021
-0.0229274409243195 0.00948184833301908 -0.397887219647909 -0.667032497326303
-0.00731861557458068 0.00628766838607058 -0.783406143169525 0.0176418156851665
-0.00832117007994078 0.0125938504097435 -0.241041463157748 0.61361958290425
-0.00709490748410106 0.0104292856382384 0.257523468256113 0.394782580846349
0.00985848728844342 0.0172108068909881 0.294499936909009 0.0547222277476704
0.00514884275936436 0.00639522126634256 0.115315667358714 -0.171624114952299
0.00236760068845474 0.0107746622781877 -0.0789172581702569 0.0989119065403496
-0.000730728851562199 0.0253894141472365 -0.180608750234588 -0.074141124317401
-0.00205734585676449 -0.00454168413219834 -0.108098788377023 -0.348758590316486
-0.00729320805841019 -0.0140723830057999 0.369877405701321 -0.421194919821993
-0.0128497970241422 -0.0241360583908942 0.692483649830366 0.157706365630044
-0.0019828318054226 -0.00551725330504188 0.284623397426672 0.709955643912021
-0.00717781884982683 0.00627687075547083 -0.225913264557581 0.505562467917558
-0.00578468400353976 -0.00287502653666611 0.0143286674557005 0.0687639744988372
-0.0093456272489786 -0.00622825829507723 0.164046757071259 -0.425666039266527
-0.0236500429464813 0.00300179468930508 -0.4039603560627 -0.663563065113109
-0.0134688797206753 0.00553242385195563 -0.785527817840809 0.0237311508005051
-0.00740991410576631 0.0219490448633275 -0.2373270655374 0.608350117992031
0.000979574789165707 0.0230409276356479 0.260635427024635 0.391948275976254
0.0191874568958632 0.0231459658314164 0.292940605133612 0.0555953441658593
0.011734268962838 0.00575409743490735 0.108793741752536 -0.168856436058413
0.0078542664157867 0.0107984285753806 -0.086388262968167 0.099640793819808
0.00442373089288857 0.0308490618548435 -0.183807306984672 -0.0696787008012642
0.000239767561935817 0.006418173648328 -0.110094444694366 -0.351487946830098
-0.00970738327841401 -0.00680448927338997 0.36338661318644 -0.435079094857749
-0.0160219538906353 -0.0266177570431442 0.693470698638079 0.140588000267986
-0.000864500488194267 -0.0102798035951889 0.297215227600925 0.702950065358879
-0.00380362735568792 0.00482783718839865 -0.21560609817067 0.506429311917517
-0.00334399192524349 -0.00305447477911994 0.0204440329005505 0.0674221553153852
-0.00478953807295399 -0.00754996988235561 0.170557032755704 -0.426200177240751
-0.0217159881299443 -0.00317558380993268 -0.396562343600103 -0.672309208902771
-0.0177059320634305 0.00409189737689842 -0.788184777109264 0.00747166920443813
-0.00763193361155435 0.0292509325538797 -0.247978224368016 0.599712877746099
0.00541525060773945 0.0334815021819691 0.255896765745904 0.391157958604323
0.0261488374448269 0.0273566214487607 0.290697838464651 0.0612834321228786
0.0175563197922272 0.00443982416958426 0.101898492892185 -0.165989711457895
0.0123586728967415 0.00971791895044567 -0.0940312757793774 0.101410099119312
0.00794128743207136 0.0325079017674502 -0.189442849806825 -0.0640369359338218
0.000678807022682249 0.0138542167324239 -0.121385207581627 -0.351060069187544
-0.00970012153759967 -0.000755027662344405 0.345268328541761 -0.456576858634135
-0.0172850197409188 -0.0270579715464051 0.69491204330607 0.104577153138382
0.0013416093581732 -0.0139509706325631 0.323958417141066 0.684178812000406
-0.00236182160853213 0.0048096144552377 -0.197668789057604 0.506002238852158
-0.00450905395985864 -0.00211032139427086 0.0255652622723143 0.0672998073337727
-0.00297258011374675 -0.0084503137564924 0.184349631298357 -0.427406166137475
-0.0200467925038824 -0.00787564217601046 -0.376767112092438 -0.694843813272186
-0.0189014823359269 0.00242701653437511 -0.795505568604593 -0.0311456062079711
-0.00851054574010189 0.035083972967798 -0.269589853175662 0.582509769101869
0.00653245405134162 0.0420595532566013 0.2438156028045 0.395296479744969
0.0288585023501866 0.029659744447611 0.286330060213834 0.0705457114879622
0.0229485519382147 0.00363242481926466 0.0949743966585798 -0.160566525347832
-0.0112186406281161 0.00592185257487909 -0.0758755115511147 0.110420823700926
-0.0294768109495961 -0.000976583178110053 -0.200374849874194 -0.0634659897320382
-0.0303393982777066 -0.0408303292922325 -0.177892355989384 -0.325496771328545
-0.00162499315426006 -0.0358957795775372 0.276186291309239 -0.479748375896168
0.0156406867468011 -0.0188204530880887 0.703107145949483 -0.000926909660989497
0.00691337986143906 0.0210834837810147 0.408762230963565 0.614511768037155
-0.0293124946146102 0.0215425164040302 -0.158732397463646 0.508230962952284
-0.032047763038529 5.61129874435784E-05 0.0140075426742461 0.0738987603870966
-0.0322986015400013 0.00573050547261293 0.224958761525258 -0.405603490151132
-0.0167338952718091 0.0294831928814475 -0.269405737673267 -0.757461931403805
0.0214748967901946 0.0102672436284145 -0.78160905378096 -0.155554620652216
-0.00309927540323257 -0.00836400100534026 -0.357378692179136 0.54698132255956
-0.0318321995191738 -0.0229250476209135 0.183656338183585 0.420967149639049
-0.0173342623590424 -0.0090512271003015 0.278077409895335 0.0823166529982516
-0.00211001480403842 0.00435567701122859 0.119336506095819 -0.161310979220902
-0.0128297113005029 0.00587736220077317 -0.0713660374848247 0.10644685590597
-0.026260044893765 0.000967335580350487 -0.193407751199987 -0.0705541602717215
-0.0245645434842255 -0.0413793608085869 -0.158424895058402 -0.331774915766927
0.000196392539517508 -0.0371343877545663 0.305240135902716 -0.459615926112081
0.0126039467810967 -0.0176799860276473 0.704716609935497 0.0504437239477094
0.00342433133817441 0.0195025175681904 0.372424637747559 0.645501773721069
-0.0280536383463401 0.0187848960113304 -0.184869378108572 0.5076174540925
-0.0272490016998584 -4.71692711409258E-05 0.00962336644080138 0.0733694851974491
-0.0296021275658896 0.00449254821837271 0.206874216831365 -0.407663635516895
-0.0185228798363685 0.0287768987471465 -0.309462736910522 -0.732462065939633
0.0164114376283747 0.00880473915196275 -0.784283483624522 -0.101899638403656
-0.00578180266644032 -0.00728260294331739 -0.324576911276655 0.573007274282534
-0.0280184153997188 -0.0197436302339688 0.206355780033891 0.415627845861888
-0.0141849478937173 -0.00421342163882839 0.284295153777801 0.0734090729635451
-0.00401804616450597 0.00683879341894433 0.122677820412562 -0.166190443425213
-0.0103214954842497 0.00656435144462189 -0.0693878289014463 0.102873808939727
-0.0210541353064711 0.00466930519959591 -0.187072140069494 -0.0754237681104728
-0.01807613259773 -0.0363749485314902 -0.138695400148333 -0.337226566608527
0.000326257218265214 -0.034531047067161 0.334008173804069 -0.438718717404582
0.00640358736610131 -0.0177895337368029 0.703241971606719 0.0995808233225977
-0.000978736925912335 0.0153977280849724 0.335703945900433 0.673604203363565
-0.0235902470212937 0.0159538415949044 -0.205180189724214 0.507165862733198
-0.0210477841522799 -0.00100593305406379 0.00772062906626512 0.0725036521908229
-0.0248757694314758 0.00343072025879923 0.188631586043251 -0.411653057899533
-0.0198856581429838 0.0237125372717892 -0.345353150469597 -0.706000338092789
0.00820649316890756 0.00808473981311111 -0.783900561856206 -0.0510473868267342
-0.00747404960029904 -0.00299356379375217 -0.292691704236497 0.591691705104013
-0.0229563590811678 -0.011614441850839 0.227739138612378 0.407319709635473
-0.00830557536307063 0.00262005340629254 0.289038708723579 0.0645238667737302
-0.00272449470475093 0.00711245875652618 0.124377727567328 -0.168515222159379
-0.00824477781787453 0.00783112609040803 -0.0707003835923855 0.101402084571768
-0.0140491092931379 0.0113433677127939 -0.181925703777958 -0.0770204192500085
-0.0110012246130414 -0.0277392520560511 -0.121292226430576 -0.340787818448225
-0.00134407909046258 -0.0285134281373024 0.354690425943073 -0.424910278509861
-0.00010484853580521 -0.019311545542857 0.699596182551137 0.138600271823787
-0.00239458370083318 0.00909755598843909 0.305514414714991 0.698024994793489
-0.0181021936902335 0.0115961919384893 -0.221868808575325 0.507509928254409
-0.0152211269444206 -0.00224118124913296 0.00640356521177319 0.0723258033083241
-0.0189373635256797 7.72299214175055E-05 0.17560958849481 -0.414165634315148
-0.0222270603538912 0.0177854031950721 -0.372925701172878 -0.68387880577924
0.000505975706235163 0.00640409865883606 -0.782446775094092 -0.0136685224917631
-0.00881672134236154 0.0046546485951414 -0.264665290555545 0.604072233740135
-0.0147251936089991 -0.000782447900298414 0.243150171126642 0.401934521445726
-0.000113326011013742 0.0101463037413909 0.292968796363746 0.0591656225602048
-0.000144318694177335 0.00781572975463961 0.12148681253641 -0.171348972562551
-0.00296247200321394 0.00868094279143937 -0.0742075136809069 0.0991625734469809
-0.00725342595636158 0.0185232236704525 -0.178917825925802 -0.0772516650634766
-0.00648529544945405 -0.0164319600857763 -0.108632334173971 -0.345925226490059
-0.00399637020742604 -0.021724586087126 0.368903974026641 -0.417223192259319
-0.00655404154040426 -0.0218824207843818 0.694277629620824 0.160469695248221
-0.00332755489274023 0.00211960989595491 0.285024564476725 0.710532733962469
-0.0126706897284069 0.00848128379637566 -0.231441474559012 0.504866635988173
-0.0098275847858769 -0.00274326665056893 0.0103438667239536 0.0705525742118969
-0.0134718375497497 -0.00317082925246979 0.166205560905374 -0.419908681842988
-0.022451188746267 0.0104412026512783 -0.39168725196624 -0.668746455124154
-0.00686606954630849 0.00589608589571455 -0.782593016409817 0.0118090658364572
-0.00839636412566533 0.0131348924781286 -0.245796151558104 0.609051237103908
-0.00703048579852922 0.011111625364521 0.25395977265225 0.395381891478873
0.0101504700391639 0.0171079014720902 0.294710049129285 0.0554432423553417
0.00560976132576842 0.00643654407064767 0.117252617375745 -0.171265497447417
0.0019976901079012 0.0101914465238363 -0.0799800930220966 0.0990218001216653
-0.000408030725655802 0.0247515839322403 -0.179653640476162 -0.0751989255271836
-0.00255139011434521 -0.00394823366057927 -0.103850730729604 -0.350606607687801
-0.00704989685621475 -0.0140576069240064 0.373543806098864 -0.420094753280594
-0.011990356446303 -0.02428027382395 0.690834849851078 0.165128304619556
-0.00258066352456053 -0.00533071438403133 0.278538129484849 0.713135649809993
-0.00723384600638283 0.00558977459717942 -0.229400164761823 0.501666479571489
-0.00539826755997678 -0.00315817840535172 0.0144501338212814 0.0693564578440594
-0.00796447489417625 -0.00539875566243804 0.168643183365152 -0.420283925000812
-0.0230757935585988 0.00315392879171066 -0.398288596782221 -0.667113829609112
-0.0139655688407165 0.00541511844903057 -0.784128003549886 0.0162904754585301
-0.00795649092543425 0.0218683590870188 -0.241630846556268 0.606850409920221
0.000921215577029453 0.0229473494114957 0.256431799063488 0.393630596076764
0.0191634282121775 0.0222925616699684 0.293963065225773 0.0575553766135103
0.0110122081107803 0.00507164325100369 0.111342129101723 -0.168417098545541
0.00796353366775899 0.0100252384436689 -0.0872735819100483 0.099236751418821
0.00431066282329336 0.0304617742028658 -0.182911054396799 -0.0713817632129597
-0.000755089690927018 0.00628469449808774 -0.106331489734992 -0.35309017300982
-0.00916677256553373 -0.00706780718545105 0.366382726191249 -0.43296994686617
-0.0156007597106447 -0.0268699869251648 0.690438435770624 0.148072467047464
-0.000878478335851725 -0.0105819367782145 0.289241669796761 0.704315643031576
-0.00374395345178746 0.00479568358105576 -0.21921218791747 0.503060118986268
-0.00348844380289852 -0.00291286706319106 0.0207603474256784 0.0677623032683985
-0.00485253544871054 -0.00788210397397713 0.174922837601853 -0.423231776433704
-0.022011996085718 -0.00373129863238929 -0.391160381064229 -0.676517042413033
-0.0185520633627003 0.00366161910976458 -0.788689125656681 0.000724034767939721
-0.00777706022175271 0.0294268512414698 -0.251768705760273 0.596443581099869
0.00603763531633759 0.0337566857328411 0.252380910928488 0.391771149138929
0.025469047653579 0.0280694610166856 0.290575207471071 0.0645332921015001
0.0171012835748713 0.00473922250817626 0.104189429299286 -0.16497187535688
0.0122302796606764 0.0104956231090097 -0.0958935969097968 0.100790315449336
0.00742137716259235 0.0326104384730113 -0.188052973315304 -0.0648184627115518
0.000589625999862761 0.0138049628507843 -0.116894906929076 -0.353165931973094
-0.00950607297492471 -0.00128001338278613 0.348303877542549 -0.453962668871201
-0.0168233759769906 -0.0277086273568474 0.692602345204529 0.110362659525862
0.0014517175586824 -0.0135397972074301 0.3166569603177 0.686125543981673
-0.0020370925148392 0.00458589461317099 -0.201550601470474 0.503993583867448
-0.00388430661586877 -0.00190998460551449 0.0259152728330761 0.0669317994787717
-0.00255463524964257 -0.00835969668539689 0.188444623851228 -0.423656276183157
-0.0198696260330023 -0.00757352313492161 -0.369576348723986 -0.695532750364128
-0.0193310155895033 0.00202622867624624 -0.795325559384233 -0.0374527669544304
-0.00791605196177925 0.0346336963354807 -0.274739231409125 0.57880952772147
0.00636936010589328 0.0421473065282609 0.239411662983469 0.396754526683228
0.0288600268008675 0.0300710761188517 0.286747528991574 0.0730483956364909
0.0215274462697318 0.00344363785902025 0.0976777101215642 -0.159388510177234
-0.0114569344632239 0.0054441762460506 -0.078268792902346 0.110035344733339
-0.029139785944171 -0.00164413613441318 -0.200193509819898 -0.0651705867995526
-0.0303931646949808 -0.0410993413260253 -0.175193970470247 -0.328557288912176
-0.00101368191501513 -0.0362474845372001 0.280353910057214 -0.478001936249652
0.0162012429107322 -0.0185327986905651 0.704114139258833 0.00646446540204991
0.00663298808258562 0.0205979233148414 0.40213442375242 0.618353887400235
-0.0296052728063961 0.0212671746696042 -0.165330925004942 0.507649677842932
-0.0310957843815058 -0.000584251299222467 0.0136863222708698 0.0742618957839662
-0.0334462217563492 0.00541772872007263 0.230336289030706 -0.40139860614493
-0.0176815698062812 0.0298718129353303 -0.261032606303221 -0.761094851312105
0.020466397557207 0.0106401540318126 -0.781506412215805 -0.162946858105069
-0.00325743335578221 -0.00827229645448774 -0.363762899958204 0.544792223496844
-0.031276469704108 -0.0231349010183934 0.179728775072186 0.423026756371141
-0.0172350377575085 -0.00926153195555578 0.278667397693014 0.0856107271601999
-0.00280189220085444 0.0048166023490647 0.121565237934028 -0.160126773217629
-0.0123769405034452 0.00576774578765701 -0.0735354883336088 0.10683002858148
-0.0263986450138182 0.000104361801907638 -0.193186918517083 -0.0712405560736071
-0.0247398387639026 -0.0412028543443501 -0.156327881762899 -0.334319871819895
0.000794460226253416 -0.0365261243527924 0.31090745669453 -0.457259520600945
0.011746845609999 -0.0177657534079383 0.705803371906032 0.0585513144616285
0.00285624148208243 0.0200167338494455 0.366280123651358 0.649213193791694
-0.028093905006991 0.0179745279391939 -0.189803390100047 0.506987511102471
-0.0271573498059454 -0.000438830141878866 0.00926650221972566 0.0742323121625666
-0.029710965381321 0.004986403916323 0.211045092469312 -0.407015392770981
-0.0189162382930181 0.028234620394918 -0.30235906137665 -0.734933402019028
0.0156043289824406 0.00948693062515209 -0.783713167575487 -0.10977568764092
-0.00586130633713058 -0.00765495752511346 -0.329418344645835 0.57040936972737
-0.0287701520787858 -0.0198446430415811 0.202513151287643 0.417423645168766
-0.0139653331452612 -0.00426053609269372 0.28541054822634 0.0754273321617881
-0.0051575462316436 0.00640048516970838 0.124788634681688 -0.165028504810596
-0.0110376197454878 0.00657477488958188 -0.0709938175457468 0.102844086921894
-0.020900899570913 0.00449342218528008 -0.186960807833503 -0.0770308702498109
-0.0177321813715101 -0.0362899451899022 -0.134585223763831 -0.340249742089339
0.0011660952147343 -0.0333388416254028 0.338548085799038 -0.437857532451452
0.00724477321700896 -0.0177203889794927 0.703842930700582 0.106118115353784
-0.00109339913149505 0.0152844489230563 0.329799242174361 0.678227307959852
-0.0237937105036594 0.0147088445361629 -0.210658411587345 0.505105417220538
-0.0212740532131772 -0.00105185981716328 0.00656885407214501 0.0737071324985819
-0.0248895570628156 0.003145571460587 0.193939452233816 -0.411377911234613
-0.0203239402486165 0.0245248989895369 -0.337789226543022 -0.711191762871464
0.00856575561603304 0.00758501473418709 -0.783191216965769 -0.0596315956602082
-0.00791713209456733 -0.00293706171512348 -0.295855305214419 0.59019355158579
-0.0233520101693664 -0.0117944184282836 0.225157133962844 0.409946802299303
-0.00807149461470277 0.00241007498720433 0.290757886566838 0.0670518533826065
-0.00449050163854058 0.00724314357183458 0.126779436741 -0.168452866145544
-0.00766453064149173 0.0072621940278468 -0.0726243335722035 0.100448888386518
-0.0141622221164257 0.0104556852583297 -0.181945112054671 -0.0796783941529094
-0.0114366555086939 -0.0277882750045265 -0.117101873114599 -0.343803369213407
-0.000464121419418416 -0.0287287725092766 0.359366914735486 -0.42331504665958
0.000369663861341976 -0.0191741665499862 0.698716674757699 0.145278345360843
-0.00350987184810229 0.00949074228701105 0.298266031984525 0.69988327580222
-0.0184564531459523 0.0112246858252009 -0.228389838872545 0.505074944563822
-0.0146325756065887 -0.00188575116958016 0.00711229835124395 0.0727754795601231
-0.0196194541831036 0.000231908347101534 0.180902879307488 -0.412526716578617
-0.0218539126339586 0.0183609513163492 -0.364807937255875 -0.686053174172199
-4.79163579881238E-05 0.00717431576711822 -0.784938650204721 -0.020653816494133
-0.00950492297660155 0.00363875275222676 -0.269873316651557 0.600816594664712
-0.0152390034990422 -0.00149492517888543 0.240674339970966 0.404387214630339
0.000500339391499245 0.00981501950454543 0.294270800960123 0.062846358045178
-0.000763453373659512 0.00748717303884407 0.124477718662503 -0.170768467819298
-0.00270843358371978 0.00829963626284107 -0.0762606704368694 0.0987582701623792
-0.00657970057453912 0.0186612959081405 -0.178913001159113 -0.0794412982721062
-0.00664023317574056 -0.016582366784006 -0.105670540384779 -0.348203892701691
-0.00348575090719324 -0.0227953526061647 0.373102358814997 -0.415003435928414
-0.00585096907489043 -0.0221680412444403 0.692967985122992 0.166976696170599
-0.00360837051180232 0.00158546801814398 0.281109554391283 0.711716654323523
-0.0124395681253846 0.00873610951519303 -0.235611676081196 0.500971881550141
-0.00911957475783923 -0.00339385155319433 0.00897203677648118 0.0708439584341035
-0.0131231037348723 -0.0029376972097262 0.171677888108864 -0.417437158458071
-0.0226579216362378 0.0102440201411398 -0.385209620500737 -0.672806371055507
-0.00766637079860877 0.00585875834283224 -0.783829596487828 0.00501470127855838
-0.00874069770717752 0.0123901076958761 -0.250885953914784 0.608756960191497
-0.00687789148692223 0.0106484008883343 0.250538725855658 0.398866890127458
0.00973707948416683 0.0166375902138845 0.294697451417505 0.0591733832608244
0.00417138409098193 0.00594378496994473 0.120135539187295 -0.169674352515737
0.00253014913996483 0.00980504536210832 -0.0826789115909036 0.098532762470407
-0.000680319857269192 0.0255392734501164 -0.178805478083678 -0.0770836269533097
-0.00271209787383465 -0.00464438941273771 -0.100105702624848 -0.352658366926185
-0.00729091139232451 -0.0141696690935812 0.376072183259458 -0.416777521385317
-0.0119293866132645 -0.0247767906742094 0.691036019742602 0.171360099579788
-0.00277929582280792 -0.00485372374666592 0.272146642807355 0.714566253030384
-0.0065219201392435 0.0055538335092009 -0.234181747906978 0.500177333120109
-0.00527637039081173 -0.00283154949292089 0.0140162171470602 0.0690615077127306
-0.00882322002567537 -0.00550570760097493 0.172943452421897 -0.419825187628639
-0.0233310050895 0.00276400649850248 -0.3920834549405 -0.670968939982827
-0.0143598875085677 0.00508085544553555 -0.785193435575509 0.0097718998015508
-0.00846941886908125 0.0214315512324792 -0.247245964646737 0.605243029726186
0.000762311824182139 0.0231755591162865 0.253602300207944 0.395358073895481
0.0194783684486173 0.0229743288765695 0.29424482725627 0.059615725197133
0.0101203044393747 0.00549739770788286 0.113810117688693 -0.168142538404509
0.00769849066499893 0.0106773628048996 -0.0897244391483999 0.0980902112036566
0.00484317565472272 0.0307546496839024 -0.18337599254652 -0.0728766797140765
-0.000438751255288005 0.00644851517433063 -0.102486257045433 -0.355077924797479
-0.00917019720942178 -0.0070138612585852 0.371013560795409 -0.429058940793295
-0.0153806301724302 -0.0263873468547171 0.689696263747563 0.153788979039141
-0.00115181624391295 -0.0103029908782809 0.281817105791112 0.706656410597986
-0.00331067102863879 0.00478958289167904 -0.225243802671581 0.500382333894203
-0.00285260602815577 -0.00184302211829454 0.0198704603871144 0.0673636283605137
-0.00406697796309094 -0.00746911323299431 0.178960654504501 -0.422017356047105
-0.0221042815462172 -0.00346759844992915 -0.384491097636717 -0.681360766488389
-0.0175557272731556 0.00380387801808036 -0.790437561490723 -0.00592081875612944
-0.00809753014909632 0.0293650911118907 -0.256863090882833 0.59453927175206
0.00552832964289024 0.0339993041321684 0.249509623672081 0.395730535795747
0.0254070545778367 0.0278584051719038 0.291652331310864 0.0664490048551678
0.0169446484305499 0.00471951331091941 0.106441771520642 -0.16434792976087
0.0129665353418323 0.0101484771384728 -0.0979975318999751 0.10034086214722
0.00752073562260229 0.0319980595475378 -0.189110239336736 -0.0664358828835908
-0.000425958608764543 0.0137182417839695 -0.113175686538799 -0.35563449796956
-0.0097012532898056 -0.000909593946880737 0.351967500326337 -0.453118407273497
-0.01653793349815 -0.0277533803361926 0.692016683201672 0.117162768456529
0.000602881460105517 -0.0129686524835905 0.309499705941308 0.688167157203276
-0.00165562552901528 0.00383242057295307 -0.205932219714903 0.502203117043936
-0.00310498323707712 -0.00179705862858469 0.0253314070843348 0.0674202730742511
-0.00203628717909402 -0.00783803681105079 0.19354670621708 -0.421039738035704
-0.0201662929484346 -0.00741483611876577 -0.363018859199218 -0.701693972666641
-0.0191707770865839 0.00258558828496273 -0.796626837398004 -0.041886723266861
-0.00864757175412423 0.0349376195734721 -0.281671091408643 0.576847756210198
0.00664160677818522 0.0423549130468375 0.235053838252216 0.399422549905439
0.0285117960011952 0.0306177179876403 0.286083381863806 0.0749214183404843
0.0212457473743876 0.0044778869733646 0.0997169856508522 -0.159559913285753
-0.0115439451144865 0.00502491684026593 -0.0808642162600542 0.109884522621996
-0.0292976243328935 -0.00163678244179015 -0.200905724986749 -0.0667488711615373
-0.0306076055612115 -0.0413917203266383 -0.17238702342901 -0.332809694198969
-0.000283452344643284 -0.0366699492970241 0.28392979039975 -0.479285376937412
0.0164282365929251 -0.0181295774984945 0.705952078899281 0.011715204910889
0.00536997859527404 0.0214019908700583 0.396740131299519 0.623901536858188
-0.0297195543865571 0.0204006319090681 -0.170089305621132 0.506087470743219
-0.0312602692822138 -0.000790922939279827 0.0130088431458771 0.0745752645253033
-0.0333404741929869 0.00554691953982375 0.234798255148103 -0.401470948752997
-0.0178976642810639 0.0300377762487707 -0.256773036254511 -0.764442840037517
0.0206558375889204 0.0105851147298587 -0.783564380397933 -0.170919472693403
-0.00396328775311513 -0.00854707640378305 -0.369487805432196 0.54300588985226
-0.0310306787475402 -0.0225552172197947 0.178730903079414 0.426773802420598
-0.0175341149338261 -0.00967294397419982 0.279861759339573 0.0867674922854516
-0.00321702651038994 0.00485443582885619 0.124202700492939 -0.160010833559787
-0.0121576158692845 0.00507611616125027 -0.0759038317259153 0.10663294806412
-0.0269402564953179 0.000282971926753748 -0.192990032180647 -0.0733166021804599
-0.0250753234139366 -0.0408215637423368 -0.152949704605503 -0.338286829127921
0.000930472511521181 -0.0373153300767056 0.315623565155042 -0.456481664294742
0.0129093824161339 -0.0173260703560456 0.708100161069581 0.0646728532002061
0.00165885944265044 0.0199727445566366 0.361670469329358 0.653358645919578
-0.0281160128523957 0.0182738912201379 -0.193611185545 0.505585035801392
-0.027138860179558 -0.000208773302378374 0.00937728341329476 0.0750660003176492
-0.0293865277502012 0.00476986026542024 0.215356724447524 -0.40599641008732
-0.0188110238575265 0.0278633513881647 -0.296991749067108 -0.740051655200035
0.0154881388439746 0.00957836707263155 -0.784549617410666 -0.118867004206081
-0.00603866574001541 -0.00752913887904733 -0.335575628768557 0.567230207549306
-0.0282397215880929 -0.0201830556626922 0.199871917299926 0.421759898329786
-0.0147404493374316 -0.00488863453603978 0.285970688465685 0.0782445783434809
-0.00475406410701995 0.00607588265131131 0.127395938532834 -0.164968677183434
-0.0110784577283117 0.00574945594125921 -0.0727755766259496 0.10405969091546
-0.0207968868550782 0.00388655471342131 -0.186236471696265 -0.0788703238580116
-0.0181521765388766 -0.0369550317890506 -0.132467753909589 -0.342797435209831
0.00152765246663662 -0.0337803618383467 0.342714351404684 -0.43854752774201
0.0075404666575212 -0.0176373739922243 0.706096282584886 0.11258325531592
-0.00196431883397705 0.0158433306015507 0.324864154748052 0.682972907468297
-0.0234954407631235 0.0141004856646228 -0.216054022155404 0.504557779100295
-0.0211987542926317 -0.000912180012791967 0.00642630055127851 0.073857544483823
-0.0248424126515924 0.00281758015330287 0.198883587980461 -0.40902375295008
-0.0203478367704919 0.0237975872052748 -0.334280179300662 -0.713937669352699
0.00798823534241277 0.00769050656742115 -0.78754019528238 -0.0655709969719945
-0.00770018519111039 -0.00274492749106499 -0.302486121348725 0.58988894136418
-0.0228904125654412 -0.0117023766878201 0.222770240891547 0.415801154965196
-0.00763601840731771 0.00164399967199602 0.291991354991294 0.070407110405889
-0.00401614045120763 0.00649971240520443 0.12931141098302 -0.167832233833678
-0.00782286315718246 0.00740464720798341 -0.0742227168493637 0.100922145934799
-0.014028043485171 0.011081771188518 -0.181661483461184 -0.0813193908286481
-0.0112826729130769 -0.0282222589471539 -0.116144397451218 -0.34733992225927
-0.000503474508945575 -0.0289972815563643 0.364007254605502 -0.422492366892101
0.00066552724484963 -0.0194573012391362 0.699927959497904 0.150663304440439
-0.00409133152988634 0.00979999239041631 0.292526587916045 0.704044664217627
-0.018340898661646 0.0112604344933462 -0.234420235200241 0.503386039485302
-0.0146877954586025 -0.00180210977210206 0.00668408117972666 0.0724980215034025
-0.0187726657783781 -0.000406435883226212 0.184863217962321 -0.411571680263033
-0.022036162392044 0.0179581537919357 -0.362028916721358 -0.693103184566465
-0.00032310174578665 0.00600062247254364 -0.787812555888381 -0.0283171728464753
-0.00948828420498543 0.00334366632074167 -0.275181392834161 0.602240110637437
-0.0150338299309976 -0.000836598069909857 0.23798549796897 0.406680780624371
-0.000185290030951538 0.00993258055720747 0.295697245076629 0.0644503293939658
-0.00119300244094783 0.00722340283482331 0.12712252354023 -0.170389428193972
-0.00337562471610438 0.00861343115078141 -0.0777302393742421 0.0986373113190539
-0.00702962553457374 0.0182446221119281 -0.179263075916294 -0.0812443613215229
-0.00660537573657491 -0.016329289416809 -0.102463815681966 -0.351592686373126
-0.00280500694107781 -0.0223425626741929 0.376759573947414 -0.413873451653047
-0.00628357022509116 -0.0220697218326172 0.694111717879463 0.173613935851856
-0.00428630728597723 0.00232309271415278 0.272286814180847 0.717442446800074
-0.0122034674112909 0.0080591459949581 -0.241136501232563 0.500270784995691
-0.00918648825725206 -0.00283489433750424 0.00828071523146436 0.0711410947401985
-0.0136335508932541 -0.00269708921433237 0.177368998299677 -0.416716904447506
-0.0230791266494259 0.010335166846345 -0.381099187676122 -0.67904158390402
-0.00775747182879122 0.00569000468542368 -0.787741145669708 -0.000476385183327992
-0.00863678249624828 0.0124746178720984 -0.25697316309837 0.608851175901653
-0.00716896496687692 0.0119232200606935 0.248955710472161 0.401258957649088
0.00939682872205978 0.0170559746182161 0.297062489778242 0.0622521122310345
0.0041973568829976 0.00667105143904342 0.122430400179861 -0.170223310418306
0.00203447813932614 0.00932242421077203 -0.0843621575464212 0.0985404125345611
-0.000873334059042129 0.025134078777997 -0.180109325211445 -0.0780367521834204
-0.00387654476129413 -0.00423292839992711 -0.0972149449883483 -0.35625663971576
-0.00654189089113008 -0.0147108137084724 0.381623629800415 -0.417152270493138
-0.011489479793532 -0.0249084113106281 0.691428897060652 0.177850533755646
-0.00320671112074398 -0.00408580294989758 0.265824735876953 0.719684517207835
-0.00706014036827483 0.00490608318772971 -0.240388435360179 0.499623763916784
-0.00507856878406501 -0.00278495989889403 0.0134435724972007 0.0691857576455362
-0.00810931078234992 -0.00529167776886954 0.176668238996181 -0.418347095655564
-0.0238275944163402 0.00258524867295735 -0.388431164512118 -0.676818856985261
-0.0146642746296048 0.00483264723651959 -0.789927833045621 0.00274770581460181
-0.00846566355039148 0.0218198888242499 -0.252462706548645 0.603231781529722
0.000677886378227306 0.023857081742719 0.252994392590746 0.397405512206201
0.0186144510589042 0.0225293627844044 0.2958677085777 0.0632518990721504
0.0105557621154754 0.00621405158898686 0.116778088257859 -0.16837830318258
0.0078202881909211 0.00948364976805163 -0.0923235297075344 0.0988410569271641
0.00396396100188624 0.0296348177194463 -0.183607216452252 -0.0743209190066993
-0.00144667724005291 0.0061698115697497 -0.0994093235500365 -0.358386343031274
-0.00944750417685775 -0.00771270254059823 0.376783300953007 -0.429491082270222
-0.0150751558927841 -0.0264181411195221 0.690808021173203 0.159557105654171
-0.00180842741177846 -0.00981575511518972 0.278659131799156 0.711175712322887
-0.00328795238729768 0.00480412597769414 -0.230202771669251 0.499749449691784
-0.00272384549808603 -0.00275421610105337 0.0191132884401087 0.0687364861888724
-0.0044582989803209 -0.00730490123749247 0.183549685998359 -0.419693077116148
-0.0217687529895441 -0.00334903940012151 -0.379492615523374 -0.686735096656968
-0.0183340550931529 0.00353611270297312 -0.794030230499254 -0.0117184384703307
-0.0084898482373673 0.0293008720190608 -0.262658403400448 0.593604196785076
0.00526186668352089 0.0345791041103415 0.247207334786344 0.398408385245514
0.0257510942226512 0.0281772506566473 0.293227420184505 0.069332654771525
0.016004468564753 0.00485275488090134 0.108675527507318 -0.164527110258099
0.0127036462877272 0.00990975004990474 -0.0999703840254725 0.0998395669257096
0.00748366814602186 0.0321116355436131 -0.189336066238526 -0.0692506696292824
-0.000266097270916533 0.0140406846996246 -0.110401722306774 -0.359209986228452
-0.0095323340661594 -0.00166303154042106 0.358242053077951 -0.452742595292343
-0.0158886692901551 -0.0274406239927533 0.692084932703438 0.124477555943802
0.000547466759968359 -0.0130130935615506 0.303353997351307 0.694687210731198
-0.00178967777674556 0.00456802939366724 -0.211702259098342 0.499652977569677
-0.00327804901591616 -0.00200245543016756 0.0248583392627379 0.0680147235479116
-0.00204310334373021 -0.00721792762970346 0.198164026595183 -0.419656435389418
-0.0198138189408295 -0.00762677583779481 -0.358813967337355 -0.708950688446759
-0.0197842900580229 0.00162229077399229 -0.798953659634343 -0.0510400731638324
-0.00924640636234122 0.0348695666936954 -0.28476395467169 0.576967889547505
0.00631058887809584 0.042903370571092 0.232297911405226 0.402681200389372
0.0284020390423531 0.0299120139197163 0.287673068967935 0.0778415398674925
0.0208973957250203 0.00454568654155296 0.10228649547569 -0.159507121153193
-0.0115084573787138 0.00482895454841839 -0.0826727724204677 0.110354948455731
-0.0292119704182344 -0.0020316595735458 -0.20119373097887 -0.0688449304931642
-0.0307990778022795 -0.0410950690786471 -0.170369289692241 -0.337397134195088
-0.000381062177606561 -0.0367435417278018 0.288217989175221 -0.482005108774302
0.0160686872586478 -0.0183650731539257 0.709814091616706 0.0172879712574238
0.0050155285751558 0.0216661238196084 0.396042094133498 0.628980748887238
-0.0300022972743146 0.0202880027148359 -0.174083877717385 0.505599597248707
-0.0307903104383212 -0.000340487003087695 0.0128162376492919 0.0748077708769856
-0.0326361334628728 0.00564019573999421 0.240735794838876 -0.39996842816997
-0.0180405908397606 0.0301479379347747 -0.251527585300942 -0.771797684178445
0.0202776612249698 0.0106817070450688 -0.786661313301959 -0.177959230484185
-0.00310341230013844 -0.00783771163241506 -0.373265023243699 0.544355487406875
-0.0314877823346366 -0.0230584340487742 0.175355361596294 0.430419869187814
-0.0173395303674712 -0.00995914917906573 0.281368906896755 0.0899267900525752
-0.00318692137098103 0.00461426134710639 0.12723553234804 -0.160733354603353
-0.0124498554507191 0.00511378949934534 -0.0772872801730919 0.107167667464798
-0.0262213540889272 -0.000394095490308946 -0.194476819912831 -0.07550462956637
-0.0245432833779143 -0.0419712524792418 -0.150923843517533 -0.341661282824933
0.00198798793963355 -0.0372375897731013 0.321160651720363 -0.458219803623212
0.0129763500979956 -0.0172901924514627 0.71113349827595 0.0690383275789653
0.000412088526074054 0.0205392432827145 0.357267792544569 0.660294413868912
-0.0283666352741919 0.0185820970353327 -0.19844811478772 0.50704895751524
-0.0266995327437714 -0.00102286532257104 0.00834286169347519 0.0750815394442425
-0.029755404283115 0.00531513061254849 0.220924482040613 -0.403689448690903
-0.0190686344540071 0.028651706363865 -0.29316364142471 -0.746793539484071
0.0154752949109073 0.00945614409660912 -0.790177216146829 -0.125725728425354
-0.00539686985305176 -0.00711043050158786 -0.341364104384558 0.569678760203882
-0.0280707000330314 -0.020293991416422 0.197639667743194 0.424293765504184
-0.0145044311622914 -0.00507851032191597 0.288562421343056 0.0818034274447836
-0.00508354075728041 0.00581124755050073 0.13062225112893 -0.165453633941377
-0.0110995072719173 0.00598475128900945 -0.0758980285995477 0.103366172501136
-0.0202845309010107 0.00393836147172588 -0.187590595376436 -0.0807582778999171
-0.0180323108055341 -0.0375282066377969 -0.130196630029612 -0.347809039953855
0.00133316898874728 -0.0349770323115611 0.347158143480773 -0.438293774043548
0.00773726118034739 -0.0183552149642428 0.708091583902234 0.118359415978835
-0.00222079342194198 0.0162807081024293 0.320747387187169 0.690562386562771
-0.0238632105536306 0.0149048502568566 -0.221239355627895 0.50430244685599
-0.0213395716465253 -0.00183241295677572 0.00623165926496887 0.0745995445635218
-0.0246770801494345 0.00365231501199022 0.2051559360009 -0.405995571871187
-0.0208298578028476 0.0244363680847082 -0.329023094829277 -0.721756189782046
0.00804003490226202 0.00772243173069908 -0.791587218726141 -0.0742430886960373
-0.00816503896972133 -0.00347282301488195 -0.308792976312409 0.591502411350144
-0.0232672118954979 -0.0120193974971821 0.221079064459079 0.417443510546615
-0.00859684768877795 0.00201804402813201 0.294028433547301 0.0719854409647107
-0.00437874281539027 0.00730755830018917 0.131562776646892 -0.168315861114965
-0.00730308584672177 0.00695167627356331 -0.0767272951180231 0.10076779241236
-0.0141232689631072 0.0104786500954973 -0.18201836987009 -0.0832623358401677
-0.0117809270051292 -0.0277887904994875 -0.112579885535354 -0.352226270196863
3.8910987279481E-05 -0.0293523210815309 0.369759584776661 -0.422506790444446
0.000752560322612912 -0.01951150644535 0.702007679761632 0.158803238172384
-0.00387453026312633 0.00992323673182224 0.288379298555282 0.711814906577586
-0.0184679872268063 0.0110592138560921 -0.239171231389992 0.50260508992182
-0.0148033488251658 -0.00289907250107066 0.00561402656150303 0.0733985823675038
-0.0188195294231077 0.000256345899122826 0.190175379650214 -0.411529905533261
-0.0226945140378921 0.0171135541728813 -0.357329688503557 -0.699656188849503
8.28823778942396E-06 0.00609170885758178 -0.791887124968153 -0.0339411119768847
-0.00937722069294892 0.00343376452110314 -0.281278860446229 0.602573694016363
-0.0156525292973482 -0.000758668953615604 0.236510734663544 0.412187303903944
0.00053367137896866 0.0096859165513243 0.298269567339872 0.0667627335567784
-0.0013128595766497 0.00725830542273043 0.130079831827658 -0.170543833518362
-0.00334706072697375 0.00769746894826513 -0.0802455230304167 0.0992910914401816
-0.00728355281086879 0.0178336085239414 -0.179274143306209 -0.0829359531329393
-0.00700296615924475 -0.016808758056146 -0.100229881991075 -0.355775992000572
-0.00256048711037882 -0.0228905877196983 0.382565678324381 -0.414850218004766
-0.00561109507198073 -0.0219071921115963 0.697700563316334 0.180377240158392
-0.00474238994880429 0.00269751826294439 0.268060484004939 0.723117538607346
-0.0120860714322231 0.00782049465602958 -0.24679091529386 0.499802792633347
-0.00864451728459946 -0.00272759689241017 0.00815527614835102 0.0717428456632372
-0.0131941826666255 -0.00266986454210859 0.181933205698627 -0.415726635122807
-0.0238493746340882 0.0103233873977363 -0.377033673275274 -0.686921115454484
-0.00844547241225575 0.00511319902149926 -0.792779646502341 -0.00736501460872203
-0.00884245330449528 0.0124928681667277 -0.262965672647772 0.610654623819253
-0.00731162940144235 0.0115920641568463 0.247487584527806 0.405464692082206
0.00899968763015344 0.0176071918222349 0.299247630154384 0.0641520776192571
0.0039729950952548 0.00625111296017114 0.126060554655609 -0.170510505283386
0.00218298144579872 0.00940085583619128 -0.0863862932996436 0.0987897262147314
-0.000781190208631596 0.0247652294001282 -0.180008280951599 -0.0803587872931183
-0.00363006070993344 -0.0045469372421529 -0.0946008929393334 -0.359966473878409
-0.00644493868805814 -0.0150971255461276 0.38757960219539 -0.416878337545355
-0.0117276425527139 -0.0247121113161124 0.694985166684552 0.186004482152515
-0.00404578852392803 -0.0043054090300488 0.261552297463314 0.725388132493529
-0.00666418498586834 0.00516297640940863 -0.246119578994376 0.498834971415955
-0.00439184988467554 -0.00257738486347051 0.0127369966121956 0.0704065955831924
-0.00801534762698964 -0.00563557037660651 0.182237468709712 -0.417624691662392
-0.0233639932741615 0.00301823459662621 -0.385027379268855 -0.684687436753329
-0.0145106897835135 0.00536754824085464 -0.792149532809957 -0.00413766021563743
-0.00906998683262688 0.021130442961532 -0.259969873551529 0.605034508740528
0.000385618389080859 0.024278435691767 0.249997466913129 0.403373672226909
0.018457834801845 0.0235592110912423 0.297879467141461 0.0661627089183493
0.0104661854765113 0.00581779023662466 0.119361698668452 -0.168952881243129
0.00763811033691129 0.010009774161145 -0.0936994969859689 0.0988290146689867
0.00467820056358758 0.0301870988014649 -0.183482899362937 -0.0763906047384166
-0.00181519572023381 0.00640488457536082 -0.0972832808835008 -0.3623400526853
-0.00867840308785961 -0.00769123733915721 0.381021414526004 -0.430023495922459
-0.0149358882235711 -0.0265731306786591 0.694193165969652 0.168034047837687
-0.00210743042779152 -0.00946739321347407 0.27348991389011 0.718985406445306
-0.00300796705615836 0.00430150880448804 -0.235122153852621 0.500636637917668
-0.00294686044645358 -0.00222199217833339 0.0190254147397428 0.0687036315575243
-0.00415460840050066 -0.00711893511982106 0.189909725360501 -0.420152549736057
-0.0227654839541747 -0.00351930178889094 -0.375708867360423 -0.693683447624443
-0.0191311818545681 0.00338498477859839 -0.798067333809076 -0.0185850590501647
-0.00884714970983715 0.029480628586685 -0.269052720746881 0.597322412686989
0.00520144586029947 0.0354186546807185 0.24660688379762 0.402498603202875
0.0250563025572155 0.0279584437345579 0.295039179252535 0.0712848689649735
0.01604017702304 0.00478683054004053 0.110905205452851 -0.164414822577529
0.0122425982269471 0.0098625245293573 -0.102067332686564 0.100008602078126
0.00768634146105983 0.0317052322204998 -0.1899427444958 -0.0704653533992565
-0.00101061282111365 0.013785307105099 -0.109122115583553 -0.363314184876529
-0.00987701640979278 -0.00202858291314034 0.364462881141331 -0.453343077737248
-0.0160348414316673 -0.0280951110464641 0.696040185237477 0.131675521607629
0.00050896914319445 -0.0126466756342026 0.299766402341823 0.69974815173986
-0.0017807406672989 0.00420972393412474 -0.217154692018123 0.501789697783464
-0.00304696382778828 -0.00206769115571293 0.024606805890389 0.0687341085988052
-0.00175976418147395 -0.00716784585101826 0.204875465845777 -0.419879833011055
-0.0205360702547639 -0.0072543603457578 -0.352778996074151 -0.713323838607375
-0.0205219990308025 0.00122156536705057 -0.80352219987263 -0.0583972740283383
-0.0100253546094641 0.0352678584007796 -0.291840727193404 0.578597352429821
0.0060729226226939 0.0435853350395104 0.233858808251982 0.406505644688466
0.0271972489086159 0.0307220194096087 0.290398411615733 0.0800905312535707
0.0212128499033399 0.0048223055283212 0.105534355545451 -0.159384859219866
-0.0115554035360337 0.00441783765721698 -0.0849734335500628 0.10992860690765
-0.0303571768379181 -0.00285816392523757 -0.202574851389459 -0.0707325516794051
-0.0317149429632479 -0.0427580353712524 -0.169554736099252 -0.340661943755896
0.000481273491843991 -0.0374382456596162 0.295035620852001 -0.484110680186414
0.0170799604354499 -0.0181702197979441 0.715796785819534 0.0243348597785948
0.00455546756911955 0.0223661716469056 0.392695702877409 0.637196973181906
-0.0298102449854332 0.020266243724111 -0.179851253426971 0.509186779061148
-0.031093546236853 -0.000679499453424472 0.0127639401398094 0.0757118557789069
-0.032513578865456 0.0055614661869261 0.245083183785369 -0.400475831321864
-0.0193583155778595 0.0307283573105815 -0.247580079460624 -0.778756865292211
0.020217562932698 0.0107838704605617 -0.790869669264713 -0.184509332903869
-0.00328400324303481 -0.00871290208608226 -0.380925078366119 0.545661211676834
-0.0309467232264092 -0.0231795675430495 0.175265860426943 0.435406035397978
-0.0178057031481327 -0.0092927954005136 0.284299796630392 0.0933111717331343
-0.00318844665314045 0.00419713173725234 0.130904922401919 -0.160691645243213
-0.0118390986755225 0.00445548225295645 -0.0793297648495897 0.107142564606013
-0.0262145028229851 -0.00050519179300464 -0.195088195307476 -0.0771896180028466
-0.025506014549626 -0.0421715883505328 -0.150112775354494 -0.346647604719992
0.00184101959812015 -0.0382513873432351 0.324541880962151 -0.461876072014975
0.0130156087839212 -0.0174014721635677 0.716793210736899 0.0761370573657962
0.000716284054563874 0.0209407320543676 0.358081416026677 0.668621727833369
-0.0281595634635789 0.0176116098274198 -0.20419744227793 0.508041939905697
-0.0264811240409245 -0.0010620879793908 0.00806456823868119 0.0758918464222647
-0.0293323532841716 0.00522670843565284 0.22531956269962 -0.405574193818041
-0.0203920048159742 0.0291113905466776 -0.290183007978292 -0.754431588279878
0.0160596774372442 0.00960703061324027 -0.796109918085057 -0.13158529818505
-0.0061431062044216 -0.00773336930240748 -0.348041274475172 0.57306457721683
-0.0280947996802429 -0.0199345562153206 0.19730820596615 0.429624709639389
-0.0150908957632356 -0.00540499594689852 0.292459060161823 0.0833423900052405
-0.00583678411142391 0.00588459232239032 0.133424350691178 -0.166432044732124
-0.0113254290838883 0.00522664243206487 -0.0775267768694899 0.103643768872249
-0.0205824430747903 0.00350213616313464 -0.188371640279372 -0.0822735843622363
-0.0182263664947631 -0.0383811624267889 -0.128084608364923 -0.352360586300869
0.00254038351816536 -0.0349946954440841 0.353274597802337 -0.441266022844177
0.00756338175825832 -0.0177416541326983 0.71278972394866 0.12439589538694
-0.00311018986758965 0.0159185674618631 0.317523074799582 0.697175236693588
-0.0241733538239343 0.0143213292070085 -0.227760318341038 0.506299729910315
-0.0207317990762432 -0.00141506452782861 0.00582018431444188 0.075260824463188
-0.0252400940536771 0.00382329049066067 0.208627199331993 -0.409505663207846
-0.0208597446757482 0.024951923453632 -0.326370029835444 -0.7294459566091
0.00710705066570637 0.00777814252110307 -0.796477617219583 -0.0799135373468915
-0.00839478249215949 -0.00360440956139847 -0.315367339449052 0.592644062230942
-0.0224653990682537 -0.0109881197254906 0.219050749442889 0.42331523715326
-0.00861532612000696 0.00237499303098403 0.297052496756451 0.0755577105909066
-0.00564194842468486 0.00688534514409151 0.135603606452849 -0.168239045825372
-0.00814109869118838 0.00610850105042208 -0.0791887155494003 0.101497327880328
-0.0143322136169791 0.0104580561357567 -0.182976671566042 -0.0842781026329193
-0.0121322039504736 -0.0288025614709131 -0.111242467198137 -0.356846758354149
0.000296302216429188 -0.0294622852375712 0.375398621715848 -0.423391395832953
0.000474080264532211 -0.0196473280513555 0.706431913720109 0.164743090308809
-0.00495262709139292 0.00972534630212709 0.284984689834386 0.718905483826704
-0.0184043396256575 0.0106840824602739 -0.24362565434815 0.506071786318192
-0.0139260702013329 -0.00264220735632218 0.00523730582903612 0.0744350215697208
-0.0187294550681029 0.000589358567798039 0.194874342045294 -0.412451931738714
-0.0225416531064763 0.0173164466733222 -0.355527538494977 -0.70705752984813
-0.00157852293267395 0.00628774468252937 -0.798869706846143 -0.039755580010063
-0.00886735673815883 0.00330220351148244 -0.287284852691196 0.60547074816294
-0.0150359569828459 -0.000492565125551198 0.236192323337336 0.416318319256485
-9.93806985741599E-07 0.00979656621690899 0.300388913906522 0.0701328685155667
-0.00178858239176716 0.00677493818774039 0.132313456193181 -0.171896196105354
-0.00327998351326567 0.00799463758469474 -0.0825196283661643 0.0993732454888006
-0.00682234665478649 0.0181969531746635 -0.180717005047244 -0.0848019892675173
-0.00716522259534034 -0.0174222492929724 -0.0987220123719986 -0.361187346322098
-0.0026719509195668 -0.0227732303325197 0.388740429066676 -0.416081961107499
-0.00611710530121049 -0.0222142847355934 0.700510970081078 0.188412198071624
-0.00506135015981436 0.00332089470837567 0.264898359998121 0.73012307271106
-0.0114939630061456 0.0073449583445435 -0.253812695817515 0.50097388442268
-0.00804181308343024 -0.00336383318518081 0.00797253545422013 0.071549222674679
-0.0135350492914497 -0.00209627906989817 0.18644016513255 -0.415927320014495
-0.0240879836055009 0.0107544354588976 -0.37711742317715 -0.69538282124341
-0.00834989232455528 0.00564745300789545 -0.798390485553919 -0.012255627932855
-0.00887838914173206 0.0125408139455834 -0.266961437965404 0.61218672507133
-0.0071036174995257 0.0126704408668835 0.247813893186214 0.41220118385772
0.0101203508553662 0.0166450143413113 0.302938678450784 0.0665486132857936
0.00437993847791834 0.00640899939528461 0.128935125195761 -0.171007279591404
0.0018685803449999 0.00859455756254655 -0.0886050615361181 0.099534898275224
-0.00116069188703169 0.0246954746675978 -0.181226941578135 -0.0820679878514039
-0.00364779645723128 -0.0041102364197308 -0.0934156884250396 -0.364842708283319
-0.00684497254826258 -0.0154665498241126 0.392173663511312 -0.418468811815072
-0.0120928735376127 -0.025240614814741 0.697302457627277 0.190745952027977
-0.00456852238028984 -0.00419002705290776 0.258119195536588 0.73283648379702
-0.00688469939200286 0.00470420426602311 -0.252001182884411 0.500518631617769
-0.00481458216484481 -0.00294513644726578 0.0130842377361535 0.07149511822624
-0.00796271723100539 -0.00529097992412415 0.187780720393328 -0.418962047900856
-0.0237690567518609 0.00276940983460822 -0.384640632266987 -0.692009528394463
-0.0150480345349435 0.00471375496504827 -0.800993236190532 -0.0083063209373066
-0.00847070608153707 0.0218850021020493 -0.2642077600605 0.609412256197558
0.000279173428160933 0.0250863971538756 0.250611009368569 0.407545097042541
0.0181644549310861 0.0234174251864486 0.301594659239775 0.0678407895387228
0.00984571912249802 0.00536720573504909 0.121999925726204 -0.169444895791657
0.00701432483152274 0.00921079474207156 -0.0964340188544618 0.0992205847057808
0.00422957200953414 0.0306776270953816 -0.184733122229336 -0.0785315735621457
-0.00256124868474405 0.00666917620530711 -0.095841308800052 -0.367109734934557
-0.00920546818389335 -0.00806633758049993 0.387843116390353 -0.431393785467012
-0.0147035135891857 -0.0278619552813412 0.697807757298468 0.173592432207873
-0.00196940077102656 -0.00919645456801307 0.269558429133513 0.724088664860462
-0.00276165658321683 0.00425989981901331 -0.240789363167392 0.503081828645146
-0.00193758837202321 -0.00220349075925376 0.0192141356088617 0.0698203493176323
-0.00441205704881651 -0.00712498246388055 0.194200974647128 -0.420227093617298
-0.0226900451606347 -0.0031071194112634 -0.374660425678637 -0.701866870525603
-0.0198765681368733 0.00311277090389351 -0.803767885941301 -0.0256202245787978
-0.00929700487088416 0.0289946859015474 -0.273762777528161 0.597860837398948
0.00494767635154567 0.0354560861123466 0.246347941804439 0.408452145133919
0.0247874870932676 0.0284308491747153 0.298334027146094 0.0744186083419243
0.0162301880535627 0.00490444374136598 0.115067127202077 -0.165508141930813
0.0118366631748822 0.00978088123273305 -0.104347865344553 0.100073096948602
0.00694783164380997 0.0324067973244225 -0.19053799586179 -0.0727042827049639
-0.00127812779949805 0.0137248278628514 -0.106650449496536 -0.367875258842754
-0.0094313334558699 -0.00224297488372126 0.369643493682629 -0.456293202636467
-0.0168420439917067 -0.0278498634126068 0.70153545233493 0.1362232530613
0.000185879219586404 -0.0117626571107046 0.296631800081318 0.705498408877505
-0.00161327668952702 0.00421021959671364 -0.222351904606662 0.503520754348346
-0.00314148563293199 -0.00143038478156268 0.0250224929557865 0.0690478408933985
-0.00214900885285172 -0.00767665625599911 0.208234404490137 -0.420947522694184
-0.0205797736749159 -0.00793241854127793 -0.35100768720454 -0.722393384563251
-0.0209740891034216 0.00179221377058997 -0.810923365587006 -0.0619213800961932
-0.009307471829317 0.0348796781761842 -0.297249212999944 0.581458700911873
0.00616806479290759 0.0440165759360606 0.23107933065721 0.411376441146404
0.0278634188750891 0.0304278157604092 0.293403634759057 0.0834343957555793
0.0210394337292852 0.00436206044378233 0.107769827200403 -0.160046152013305
-0.011793809934799 0.00448290262482718 -0.0868897920160811 0.111755679307785
-0.0296358025840728 -0.00309534663179428 -0.204490200556766 -0.0716874409647856
-0.0312202937931107 -0.0430973343081771 -0.168582765255142 -0.346818518171393
0.000271389080226105 -0.0381591519051084 0.299731335071446 -0.489100877867607
0.016251054399055 -0.0183041042312416 0.723525867885392 0.0286986159510746
0.0042988095430404 0.0228499898060925 0.392581692012846 0.645419684764062
-0.0303778914263048 0.019968272813565 -0.185649773738962 0.512414611484114
-0.0311553670965613 -0.0013143462782011 0.0126650098878205 0.0773556379007364
-0.0330450563064888 0.00640924094802264 0.250487383292409 -0.40200641691939
-0.019362962872875 0.0303103607127518 -0.246944918515557 -0.78929320179972
0.0205618602070589 0.0115693666448449 -0.799243154928666 -0.190705431264027
-0.00300765647857946 -0.00825083829343699 -0.387574540892971 0.55158398850806
-0.0309690890569708 -0.0230702555002525 0.174324417066917 0.43894729701899
-0.0179286274013459 -0.0109335753593708 0.288546340368096 0.0948992228300663
-0.00388486147974289 0.00413385149046091 0.133292224390434 -0.162392362007927
-0.0122103715733913 0.00396914846077148 -0.0825335520385568 0.108405280785425
-0.0267630617166324 -0.0011264911176442 -0.196539589575217 -0.0792865853042733
-0.0257143850647048 -0.0427655489046461 -0.148797564132585 -0.351488692089313
0.00235385438849628 -0.0387810966445421 0.330752192936925 -0.465372596715364
0.013593471329156 -0.0173147447236341 0.722568430753428 0.0787661275462501
4.28847097703484E-05 0.0210434767689142 0.356071505889046 0.676061157421228
-0.0278018623178368 0.0178370441621397 -0.209738908274084 0.511637965224102
-0.0266668253092859 -0.000734181749165424 0.00707131018468735 0.0766455552738705
-0.0297481656683383 0.00554895448568387 0.231945737012675 -0.407757203134265
-0.0208469262406355 0.0299612360301963 -0.288966895360594 -0.764006772084564
0.0147424633747929 0.00972246531414488 -0.803305866786617 -0.134773097656248
-0.00561547458739465 -0.007669843080718 -0.354878212419277 0.575509538554298
-0.0281316832676937 -0.0198555240938082 0.197353563030422 0.435994810378069
-0.0145334612604085 -0.00544608294825046 0.295331162360243 0.0852117527844087
-0.00632082233594754 0.00595032299099333 0.136799076950087 -0.166136382429453
-0.0110844169397618 0.00438388995651448 -0.0801104395700351 0.104869621641389
-0.0213731759485092 0.00390979501524838 -0.19003239407092 -0.0843944925949601
-0.0187658003017939 -0.038621800222999 -0.127798702799051 -0.356940119086993
0.00251373957557308 -0.0359130477920323 0.360141602107955 -0.444505259618785
0.00783659901534018 -0.0175503051967154 0.719306705534323 0.131087010101975
-0.00345966830313324 0.0172698110972369 0.316717830094444 0.705013065974524
-0.0244261071204753 0.0141722636737852 -0.232761915421022 0.509425562491098
-0.0203656635211966 -0.0016672761515289 0.00533060613635672 0.0759873259553566
-0.0249090471466099 0.00367355298638281 0.212431979996574 -0.411509962276051
-0.0220914755256256 0.0255815121674834 -0.32534510928906 -0.73876980837258
0.00765836869112458 0.00772229384006202 -0.804976813002939 -0.0846847017021765
-0.00738169907932339 -0.00394287662052305 -0.31907143132412 0.598563801946992
-0.0240918394675728 -0.0121500538186777 0.219115766547591 0.428467365118421
-0.00889610561596374 0.00167261564658295 0.300466952189986 0.0770786203911943
-0.00517911237883018 0.00765146862205932 0.138617251933438 -0.170485779081061
-0.00800042841662102 0.00597077370988421 -0.0816584316174792 0.102147555206427
-0.0141268359740013 0.0105381709328609 -0.184024522943828 -0.0868671035475298
-0.0117345308700063 -0.0287991030246439 -0.110351267662618 -0.361764556082056
0.000982344333424925 -0.0310592975014667 0.381369587101757 -0.428083740355681
0.000907759471982612 -0.0196503815964408 0.712881913955957 0.170254335021248
-0.0055560308257392 0.0102716887560655 0.282783853157685 0.727589040401222
-0.0186575256134291 0.0105670383886715 -0.249156027413971 0.5070996542325
-0.0135928516547893 -0.00212695174063586 0.00561001982512041 0.0750208775389076
-0.019085964508979 0.00080815272224961 0.20095980217529 -0.414995224922628
-0.0234233193538848 0.0188575997083742 -0.356891276961954 -0.716831756310977
-0.000925322519500529 0.00631099982044681 -0.805897762375348 -0.0459471496316399
-0.00924727521125375 0.0037989079640263 -0.293768546603783 0.610090801987716
-0.0161884093651364 -0.000533980758660209 0.23601676954319 0.422917179976632
0.000147554706833647 0.0101548545439066 0.304788119767782 0.072043187626013
-0.00159100423891351 0.00677765694169154 0.136397705426861 -0.17217630554052
-0.0032746926536513 0.00662416399796771 -0.0843844971382223 0.100048007850459
-0.00714115988425344 0.0183886771759135 -0.18182982776942 -0.0856627246777993
-0.00752270236367539 -0.0164461901746727 -0.0966543437264045 -0.365539555448166
-0.00304099729263098 -0.0241508392895735 0.395670785137706 -0.419518659481396
-0.00632066703010039 -0.0224593374776282 0.707501539907109 0.194172069569745
-0.00597146255065102 0.00372931877533355 0.262791816321324 0.738682650317047
-0.0119893325964457 0.00737831635446257 -0.258705756296876 0.505614522632908
-0.00744695172207466 -0.00278432340436066 0.0080049260185155 0.0734058984796695
-0.01377550977679 -0.00194117747618595 0.190566821592766 -0.418570417668636
-0.0243357080942462 0.0106282080636907 -0.375973100572253 -0.704731470191635
-0.00910202166412636 0.00605959033371234 -0.806976345534635 -0.0183907964176713
-0.010066775526308 0.013407808359929 -0.273802724031681 0.619047915289358
-0.00706233434865025 0.0124986330037588 0.247913997994197 0.416208437045308
0.00901889919379031 0.0178005018722511 0.305863410177327 0.0688388724641164
0.00317394402386357 0.00701609196781064 0.131943139138808 -0.172814998932148
0.00184599006647741 0.00849690760670922 -0.090899255714133 0.0998167507210813
-0.000602849429922293 0.0259888688548465 -0.182290619289709 -0.0843543187199511
-0.00433038259209437 -0.00418076207345557 -0.0912661861898181 -0.36947051355167
-0.00654268289978861 -0.0156123873114235 0.40009358681653 -0.420697023121511
-0.0113315390543292 -0.0258318218935356 0.704029685970326 0.196393243040629
-0.00470383254181522 -0.00316736571717773 0.256123970704691 0.741456825072172
-0.0062188338991005 0.00509169463537444 -0.257171047297987 0.503412092893611
-0.00393580147214787 -0.00324017701565766 0.0132586240411359 0.0708370612856849
-0.00803325583172588 -0.0052780877171162 0.190557956165412 -0.420587941465848
-0.0243400686918752 0.00281701223729798 -0.382512268985475 -0.701262389660509
-0.0156842317224477 0.00460932671011748 -0.808361432951751 -0.0149164675154522
-0.00896761766533553 0.0214471072079422 -0.268730425327688 0.613539829945868
-1.69808851514276E-06 0.0256245159529142 0.251442254024887 0.413528126622062
0.0178217621135167 0.0241356038972905 0.305505307335635 0.0704772445317641
0.00979271672834465 0.00564562745094078 0.125506823140454 -0.170640606439557
0.00737646970613136 0.00919472530860921 -0.0989986716319743 0.100225867275339
0.00432861227152 0.0304392006395166 -0.186251325273825 -0.0794466605901798
-0.00249079423954291 0.00691163404931267 -0.0936972121087157 -0.373307226104823
-0.0097125059941925 -0.00825467372364832 0.393631140525354 -0.434764065538621
-0.0149628730697804 -0.0282269580322219 0.704424431483239 0.180970054789434
-0.00244443874986883 -0.0094855242588511 0.268121754482205 0.732536992460759
-0.00240814575341076 0.00379431094183066 -0.247149835300654 0.505039029623406
-0.00164761083025876 -0.00222170569203004 0.0187130101077901 0.0701584164332425
-0.00376091909225654 -0.00653135955634514 0.199099893213715 -0.422063910042281
-0.0230993905348365 -0.00295615406533548 -0.376003029528744 -0.711111866686759
-0.0200803840266659 0.00327091495194124 -0.813632587807399 -0.0288276683514356
-0.00919424103662266 0.029647189626049 -0.278590261759845 0.6037750066106
0.00541145055249344 0.0359298796939965 0.245879924750899 0.413066071064468
0.0253055943320003 0.0284494188785758 0.301043447035819 0.0762371947371063
0.0158819660078614 0.00545220418227962 0.117823954575409 -0.166332238358869
0.0121908755467699 0.0091294984209267 -0.106721705419887 0.101173104184818
0.0076529189094277 0.0326244022910604 -0.193348679788693 -0.0730738745202752
-0.00169796946709427 0.0143034338072736 -0.106306266383611 -0.373724105365481
-0.009537087857103 -0.00226079087358267 0.374016978885976 -0.458385900051174
-0.0169238698397329 -0.0281970963415432 0.70700687149062 0.14196690940566
-0.000112937797512463 -0.0122746319912961 0.295998149257985 0.716522364518736
-0.00101620785782746 0.00377978702005607 -0.227053931880701 0.506902325908275
-0.00243593464130365 -0.00183022485769181 0.0246322034355188 0.0703547005390859
-0.00190930382333144 -0.00740849080918083 0.214117516559645 -0.421735147547566
-0.0206665958621215 -0.00748886347155712 -0.351946486460037 -0.731027340354283
-0.0214480201353916 0.0014134024115791 -0.817931525701037 -0.0678194149796331
-0.0105146182924537 0.036114796286254 -0.302994298213032 0.586459686558349
0.00593086373007217 0.0450840778240609 0.232572998373833 0.416978816739367
0.0285674562685024 0.0321222645397707 0.296684326255269 0.0851018096494834
0.0214681587930645 0.00482892482727172 0.110266875841921 -0.161334120276839
-0.0116904431769193 0.00418057500448369 -0.0893932328654257 0.112616282918904
-0.0298092960624184 -0.00341639922255967 -0.206919480842905 -0.0738940689486945
-0.0322247529808855 -0.0439070634123315 -0.170402189214935 -0.352977955115823
0.000885412291787837 -0.0384772975477823 0.304723529138935 -0.493987805644941
0.0169265817423693 -0.0186807590203689 0.731072099721201 0.0314048476738097
0.00377439204565628 0.0235564552227335 0.394863431896745 0.652618765612237
-0.0306418913006876 0.0197694517716185 -0.189691041795086 0.516666881475303
-0.0309120604692656 -0.00113309543897296 0.0119140409424112 0.0776929255157765
-0.0335598966301675 0.00663465497670475 0.255659006203158 -0.404718009223405
-0.0197746998632976 0.031655934300265 -0.245367589787016 -0.799915108829727
0.0203426185839038 0.01124668519787 -0.80819749695877 -0.196589392088522
-0.00300919498429569 -0.00830809921674805 -0.395233540454925 0.554079164529563
-0.0312371230984211 -0.0238566383992798 0.175425297455933 0.445594730644226
-0.0182233430814782 -0.0113806928989153 0.291173050106526 0.0966633035368175
-0.00429848008529509 0.00380338762171597 0.136386885653186 -0.164455181316322
-0.0130463734431152 0.0040252121723824 -0.084356866171876 0.108939863432129
-0.0265582438878993 -0.00155387665677223 -0.19889355922289 -0.0803945223754381
-0.0262364081408438 -0.0434614917582795 -0.148815801832382 -0.358834987885839
0.00297811870074207 -0.0387302808438992 0.337666829523981 -0.471890563744394
0.0131627523834084 -0.0172158932105185 0.731077817797063 0.083790836283661
-0.00105226889900984 0.0219229818102718 0.357586104588217 0.685121233323642
-0.0278245423921179 0.0169265129640335 -0.215091825923913 0.51572185199743
-0.0259848161224813 -0.00131760792063423 0.00763447498027467 0.0778171686597478
-0.0301438148182077 0.00595960507661086 0.235377761346044 -0.410381389131301
-0.0210697326417962 0.0296152721738157 -0.288418365680186 -0.77497117705398
0.0154307919609589 0.0101787632110455 -0.813331419128452 -0.142354534534857
-0.00606792677525913 -0.00783414145694168 -0.360174970792144 0.581362564104619
-0.0284356562866417 -0.0198340283836053 0.199562713516443 0.44076797711005
-0.0152857172806729 -0.00537617531130817 0.29868974248844 0.0870709047028527
-0.00621184175627154 0.0057258621381125 0.140047603600274 -0.168577999341355
-0.01156904663079 0.0047449930929502 -0.0819618644711253 0.10573327483553
-0.0210161353861714 0.00336675295980047 -0.192406521190634 -0.0860276379119954
-0.0184414109316757 -0.0385880901993806 -0.127259728986073 -0.363540430920958
0.00297835450493688 -0.0358198676548412 0.364987769893187 -0.449191280290771
0.00754984899216053 -0.018379190457291 0.728529431111793 0.134420414822118
-0.0041346870011594 0.0178842853746061 0.316879638599764 0.713829489089868
-0.0242128259290394 0.0138711456266816 -0.238923755192492 0.514945100313975
-0.0202676224055 -0.00192242243282951 0.00527833825222675 0.0762763630430102
-0.0249964782212588 0.00396708222433517 0.218382773779631 -0.414279012334844
-0.0220875371173029 0.0256785651271149 -0.32616743599346 -0.750033156779088
0.00742579654934394 0.0081604989396743 -0.815398404614532 -0.0879684334508241
-0.00774461940616656 -0.0038996814393503 -0.326225845312117 0.604124404891219
-0.0235467931337405 -0.0114363182726024 0.220400657757712 0.435273539173144
-0.00900894244520912 0.00117069124424261 0.304228907095569 0.0787498129710288
-0.00596990534545285 0.0068564983218915 0.141544836085935 -0.17259037294087
-0.00860917352960633 0.00564511480118377 -0.083141580254614 0.103686943655081
-0.0148129906241841 0.0104975106118968 -0.18751661046615 -0.0880271992975469
-0.0122515879261535 -0.028914822025385 -0.108935977828772 -0.367730837795955
0.000874523397243492 -0.0309433142550904 0.386985322454418 -0.432434925980783
0.000589751970430714 -0.0193624705544913 0.722844158695096 0.176653064914165
-0.0063013156823781 0.011062573175177 0.284404788148249 0.735738111953805
-0.0182522463612961 0.0100677265521262 -0.255360534393125 0.511079885540575
-0.0136496571969067 -0.00263295643170571 0.0051883256190421 0.0754061657095035
-0.0197060870601598 -8.08993911838177E-05 0.203790326216006 -0.417206728837323
-0.023572475201731 0.0187912364650989 -0.357207179742159 -0.72725304888615
-0.00107974979497951 0.00626751142321075 -0.815433161213076 -0.0488492011500109
-0.00929612507354192 0.00351353742174798 -0.299120020536647 0.618476953567878
-0.0160983579270866 -0.000472001768639643 0.238109026092783 0.427810593481643
2.0738698050006E-06 0.00972738782519246 0.309261830153913 0.0731972027707333
-0.0022545288663106 0.00738129542437485 0.139993571249525 -0.174255001263902
-0.00383196214437253 0.00706331438080079 -0.0866529958516031 0.101722006102836
-0.0067613927462648 0.0179636864103755 -0.185112586350177 -0.0883313858365906
-0.00806749329020714 -0.0173123970714517 -0.0967127321029032 -0.371511929747611
-0.00262055987483804 -0.0243103744148467 0.402132780695406 -0.423730310540319
-0.00602586863359343 -0.0229607441405115 0.714565805771466 0.198859901214157
-0.00660946285549687 0.0034431804722533 0.263438720286087 0.747965286110542
-0.0121116872599553 0.00746591278260939 -0.264969545324643 0.50947925727956
-0.0076060555686291 -0.00227138576500637 0.0082297979565666 0.0742641789279859
-0.0132900659744976 -0.00248360140702763 0.195843380233378 -0.421777153625381
-0.0250659495027817 0.0106848477207741 -0.377846824268269 -0.713574783991029
-0.00987877539815869 0.00481248020789156 -0.818248762421265 -0.0202752855624307
-0.00961436631537942 0.0124988541008868 -0.279362267338799 0.622729107047783
-0.00749407090431433 0.0132271254848742 0.250605995332656 0.422073041007458
0.00967307581886616 0.0177446037124178 0.311379422138173 0.0708889058101511
0.0032277807374639 0.00730799152569867 0.134802875247746 -0.174462316868841
0.00206455765641734 0.00818686036818444 -0.0932316711056436 0.100924413088066
-0.00106240852999071 0.0251908743284783 -0.18407149988268 -0.0855928643373558
-0.00432401065197241 -0.00430530478179829 -0.0903748639139553 -0.376375749667815
-0.00587449598783352 -0.0159902552694471 0.404205350844613 -0.425737952425501
-0.0120265460906049 -0.0259415385975483 0.711887841425868 0.202164097291713
-0.00530977516012285 -0.00306927932799984 0.256203847823762 0.751053051639013
-0.0063958144038008 0.00427291880583349 -0.261473078626498 0.508096815408637
-0.0037926919016424 -0.0028967223866583 0.0118111973140071 0.0722554528591733
-0.00700454026349482 -0.00502504339359488 0.196695997709917 -0.423237141976351
-0.0247146581654179 0.00336823679883239 -0.3846848268353 -0.71083153875517
-0.0161643902228159 0.00479175257935754 -0.819491061232257 -0.0166467508202515
-0.00920845322803043 0.021569609715847 -0.274624809544657 0.621086845860798
0.000372194560922195 0.0253587350644303 0.253579255320291 0.41978988918652
0.0186576696385135 0.0238464380742818 0.309738353854555 0.0724562213029287
0.00926758795906322 0.00622161676265087 0.12866250753783 -0.172663436697152
0.00784152346995323 0.00949710686946792 -0.101608655561546 0.100308721503849
0.00370199284138061 0.0311564297198294 -0.188193214352488 -0.0810867331920235
-0.00274014656633717 0.00679270166490276 -0.093948315369576 -0.378741084277314
-0.00934408339144206 -0.00836269550903856 0.399782918264776 -0.440784408827926
-0.0153495958459481 -0.0286317503851093 0.71160182948318 0.184304287842978
-0.00279421570324684 -0.00866178202200423 0.268031742998881 0.745440382468691
-0.002417265136394 0.00332861955945514 -0.251960457702531 0.508457086431126
-0.00150080495834459 -0.00209990297456363 0.0191166932374849 0.0718214816265237
-0.00340916523863404 -0.00659741151082638 0.204498445435645 -0.426068288871918
-0.0237936323906689 -0.00310244374465566 -0.376999201594264 -0.719830979148699
-0.0199633365543065 0.00270740637822246 -0.822122790113322 -0.0337060439628193
-0.00926412211435487 0.0301799243971991 -0.284813350968697 0.61015681698385
0.00543844870707189 0.0374794475245452 0.248856843569538 0.419345141121448
0.0253429873805295 0.0292578382942983 0.307610560174173 0.077179657370208
0.0154258315927964 0.00529204858466345 0.12088402145534 -0.168735664447405
0.0122406008638755 0.00872331568536152 -0.109969355069799 0.102011698192688
0.00734626124220485 0.0331741447346021 -0.195430578826365 -0.0755804199990487
-0.00242949130267186 0.0144309539652485 -0.106058472142719 -0.37887272176988
-0.0103778129949684 -0.00271783136567187 0.3810188183534 -0.464621160326761
-0.0166865094107959 -0.0292927353566341 0.716072460819432 0.145605813152677
-0.000400201533243258 -0.011623485340552 0.296296201472019 0.726368661510468
-0.0016055358341423 0.00361838653953729 -0.231874913625336 0.511399951897635
-0.00204729588106534 -0.00147711526524247 0.0248814406242773 0.0715891469030436
-0.00063145357183025 -0.00735777275610059 0.219833325367644 -0.426630231929898
-0.0209790582014767 -0.00729792683508799 -0.354201757591699 -0.741512602798516
-0.021835174807418 0.00131459996820152 -0.829561890313656 -0.0705571727846868
-0.01031546886323 0.0365533285873826 -0.308635377774779 0.589987395853825
0.00573524925472721 0.0454628256134566 0.232929666135526 0.423108071255106
0.0286515737214389 0.031547608195998 0.300476019937176 0.0869839653640055
0.0213632263414053 0.00569406023954093 0.114114305145846 -0.164710387746498
-0.0119693720007877 0.00309788453433834 -0.0914960694748113 0.114215295954789
-0.0303169229797964 -0.00348383071437057 -0.210653153522296 -0.0751805928686448
-0.0325843294277108 -0.0440582121686139 -0.17221943697021 -0.35915831769921
0.000763562885538544 -0.0399116595526418 0.309556177451876 -0.503049053402917
0.0166387337965044 -0.0190331794344245 0.741033909972882 0.0317277966925588
0.00415482621546654 0.0239037884094523 0.397467803419714 0.664449195452021
-0.0303336340146424 0.0200151861169033 -0.193851191705346 0.523127897270777
-0.0313450257052549 -0.0010504498256609 0.0121268184100509 0.0789646938210161
-0.0335758622709032 0.00650297644659288 0.260751765602479 -0.408386668783781
-0.0206498777425791 0.0321595466608271 -0.248291248860042 -0.812094091379915
0.0208086212850627 0.0114781982849837 -0.820741209685655 -0.201507113455389
-0.00323896444769952 -0.00877919564991578 -0.400923166322932 0.5614840956879
-0.0317810419571786 -0.0238161382231998 0.176538811241953 0.452284071626961
-0.0180413981478753 -0.0107502745891229 0.296941047994511 0.0992517368022479
-0.0039871990686857 0.00441158806842797 0.139905359751107 -0.166418489917538
-0.0127653004027438 0.00374208512136121 -0.0868967658849898 0.110987778620314
-0.0270036815007241 -0.00164834894758346 -0.202669994435707 -0.0823873937702815
-0.0260639895714031 -0.0443417250004792 -0.150865371633343 -0.364323045700438
0.00313998134889517 -0.0400992807956809 0.343343848627296 -0.477885024816965
0.0135634386606156 -0.0176330001956454 0.741097061112339 0.0865380099928028
-0.000734469884729977 0.0225676835896832 0.36116184454643 0.693554238913799
-0.0292588881368191 0.0174694043648155 -0.218951504461966 0.521478799738546
-0.0265819806120913 -0.000830448318971122 0.00748898047720423 0.078511792403549
-0.0305229710065725 0.0060920355772462 0.240728571579904 -0.412218634950466
-0.0221242857303354 0.0301292449683247 -0.29164292787953 -0.784915313811682
0.0146959658440144 0.00969455828598212 -0.824822682882007 -0.144584711645218
-0.00592771929736207 -0.00772656849938094 -0.367084772495702 0.589254114934773
-0.0285059092810232 -0.020396336786594 0.200212962445173 0.447166330758788
-0.0154052545148901 -0.00567796113793952 0.304289685151721 0.0885886689695016
-0.00648493891264057 0.00565339838566092 0.142246519657409 -0.170714145517388
-0.0118733761442305 0.00420425217640245 -0.0839779504404209 0.107219037867466
-0.0211153243171 0.00282215723314506 -0.194730620404852 -0.0883384277284195
-0.0190709054170652 -0.038805393610642 -0.128141559797653 -0.369736462269835
0.00284637497315044 -0.0369723985448031 0.369906682102832 -0.454943290872792
0.00759783381670849 -0.0184630172017164 0.738747779805935 0.137610998395406
-0.00471871866121257 0.0187673351330782 0.319201756239083 0.723797943586235
-0.0249645228441391 0.0139063369867473 -0.242229804921866 0.519975287870997
-0.0206366907457892 -0.00179424238411343 0.00491108719593394 0.0781856432799266
-0.0257734943870408 0.00375394744227888 0.222747521253389 -0.417976564315585
-0.0223567596392224 0.0258954785842326 -0.331024816159878 -0.759664034507196
0.00701668895281889 0.00769941308577287 -0.826676485245765 -0.0920661416859647
-0.00830012803004667 -0.00274473921659887 -0.333228795153652 0.612270009188145
-0.0239419866135065 -0.012421694234202 0.223655052464779 0.440469551743598
-0.00914017285514191 0.00239298075450452 0.310839015279273 0.0802963407842115
-0.00649592995144919 0.00674592541898434 0.143675483360387 -0.17482120601862
-0.00833204484736026 0.0057103409953899 -0.0854628624703316 0.105624489215753
-0.0141499221286994 0.0100522040805354 -0.189415029200494 -0.0894378431176869
-0.0130975943086585 -0.0288406072355497 -0.109920455945981 -0.373693444810388
0.0014465522567981 -0.0318344977974081 0.393263074603983 -0.43856657896719
0.000618320066613957 -0.0204449637920558 0.73289042321797 0.179351516389669
-0.0060388439760422 0.0115022038676359 0.286735673657306 0.746932078399627
-0.0188314578523737 0.0101923056011387 -0.260316482245478 0.518344018637643
-0.0138139424455999 -0.00214357054220196 0.00487228795111282 0.0762710905150689
-0.0194012737230746 0.000592284750147927 0.20844055029988 -0.421836537387864
-0.0236076087154086 0.0189888432210017 -0.359938605260412 -0.737007633364345
-0.00167058960381108 0.00688453366653893 -0.828447532996271 -0.0510781293303394
-0.00928053622179712 0.00414723791321467 -0.302930694135459 0.626282088613572
-0.0162670343673332 -0.000455182459618486 0.240322811486063 0.434561284543905
-0.000263947634426925 0.0101912055811606 0.314600791879092 0.0743395684780588
-0.00170170238476989 0.00813198640698611 0.142981046619794 -0.177757337330559
-0.00348347387035819 0.00727886544489917 -0.0893095494889879 0.102420317594576
-0.00716739000411019 0.0185822275328025 -0.186449392718666 -0.0895521297138827
-0.00841461211212939 -0.0174518016855306 -0.0964597796842118 -0.378075826662896
-0.00267538530350856 -0.0254841941974111 0.406583962885642 -0.429929089179329
-0.00564047239537379 -0.0230445918843326 0.725310368104525 0.203120272049754
-0.00673087191451457 0.00377503154575607 0.265936306458281 0.758943032352414
-0.0116264126518864 0.00684856604834616 -0.26780633205172 0.515072768240967
-0.00757306508829185 -0.00313999657347308 0.00777895437889693 0.0748111714813858
-0.0124290790937289 -0.00223254028083638 0.199915733599741 -0.426763673809475
-0.0250081306207108 0.0108690221986877 -0.382410356849699 -0.72404508926333
-0.00971952333260877 0.00536154852244397 -0.829052092627688 -0.0235957062450483
-0.00980328603769782 0.0129365123500787 -0.282615779030045 0.632509562677602
-0.00701095737889453 0.0129091560751063 0.253673781963204 0.427333639784079
0.00976525997548474 0.0180276189505836 0.316009567835206 0.0719154069798532
0.00356528508931053 0.0066543836768327 0.138264070847786 -0.177122668601664
0.0015918914146879 0.00812017513552965 -0.0962306291313804 0.101849131667487
-0.00051481113792203 0.0259110007871598 -0.187419750727848 -0.0869143387183509
-0.00566785895691843 -0.00379355546180986 -0.0911878960720805 -0.382798280563394
-0.00636887506042739 -0.0167318420931377 0.41273395423434 -0.432670529684475
-0.0120208720051777 -0.0261540414615435 0.721409976284943 0.206869546298012
-0.00579073635790032 -0.00288387740684897 0.258297735714809 0.759700426700546
-0.00640049317297955 0.00478213915747633 -0.266483572352211 0.514558054067132
-0.00298905717389246 -0.00260383715238879 0.0124279195900914 0.0736945602260955
-0.00748047781878946 -0.00534547016619923 0.19989640424787 -0.429384874837719
-0.0249701124666902 0.00344596787046475 -0.388655770225702 -0.722910312116303
-0.016331788090134 0.00433108251935268 -0.831355306681616 -0.0188295282346004
-0.00920077023735018 0.0228052619503263 -0.278928748909468 0.628412023298299
0.00028842139564131 0.026708642899106 0.256845462083706 0.426410657245142
0.0186654409224955 0.024366664474644 0.314908050163899 0.0734830832475074
0.00927334445509511 0.00655293629276408 0.131322404223736 -0.174469029290282
0.0078901997260912 0.00889690768720408 -0.104011743343755 0.101694530087624
0.00383925302078777 0.0311591329800549 -0.19145021051966 -0.0814684385810321
-0.00341460353730772 0.00687826076014279 -0.094201461208539 -0.385764839005328
-0.00900424410565622 -0.00923401545691254 0.403494330089091 -0.446343911176868
-0.0155499622166308 -0.0287267997647379 0.721508969813363 0.189319400868355
-0.00311703837397389 -0.00842743122433984 0.269652809231417 0.753289642940403
-0.00289751329589701 0.00374210502281453 -0.257082938680364 0.514460930747336
-0.00164032105704145 -0.00273745971200785 0.0189187085942565 0.072306943233906
-0.00367014106735446 -0.0075619508062549 0.208575316563139 -0.43012078784412
-0.0242181104588662 -0.00273279479508982 -0.381022597444869 -0.731003012827861
-0.020639055629817 0.00324414696582517 -0.835862111112878 -0.0347146397124129
-0.00965471753333209 0.0305994678743322 -0.289571030981942 0.617272689903072
0.00563294463801828 0.0379515634608262 0.252556894718639 0.426095036784459
0.0257325812500857 0.0291692351090119 0.311834293916917 0.0787214173338512
0.0160827131658604 0.0049585700968556 0.123249709533125 -0.17055917364182
0.0122762636190052 0.00909194542654214 -0.112568336055357 0.103524810513109
0.00725661106791188 0.0331133603568699 -0.197688875652292 -0.0764979331464786
-0.00251227592187336 0.0154019278805699 -0.107262370761573 -0.385934608444871
-0.0100828446172097 -0.00241288972054276 0.386308057898233 -0.470540027910982
-0.0169358606986275 -0.0291473698842923 0.724789767409451 0.149284549603143
-0.00107520633053083 -0.0117168522670526 0.297231772372297 0.73495988239362
-0.000904347688484582 0.00328632217149161 -0.236385082210044 0.517312195793123
-0.00188935838177331 -0.00165943273844605 0.0242124609343066 0.0728345884749989
-0.00117625004081907 -0.0070560699062783 0.223411787908827 -0.429055945294212
-0.0208706607519059 -0.00700341927688088 -0.355650062334213 -0.752960238720496
-0.0222075375630961 0.00101988576051778 -0.839994895848245 -0.0741851300675745
-0.0101098428597387 0.0362345576918777 -0.312999248930221 0.599596980387166
0.00492231376104085 0.0472680221397176 0.238261024944572 0.42966614487517
0.028831754688149 0.0321097639897588 0.306811483936018 0.0882978611034188
0.0214026458874637 0.00539712550755493 0.115821827412936 -0.166702998110227
-0.0124230905603455 0.00346070821428333 -0.0940392201529067 0.11658914580606
-0.0304926641504359 -0.00391074937814404 -0.213599226902146 -0.0760382486624486
-0.0332097912901964 -0.0451699242526973 -0.174491577698061 -0.364861047103482
0.00121014666485376 -0.0404363450309866 0.313683377518414 -0.510630076206265
0.0174307556967315 -0.0192141985525572 0.753472953538734 0.0332475364555066
0.0029907627950026 0.0251455479861931 0.405416767280345 0.672233695815676
-0.0309928061770826 0.0204195492871002 -0.196445679012841 0.531061483901453
-0.0310195675982979 -0.000904612406153606 0.0127513992495699 0.0794085460534444
-0.0334954592456482 0.00737063091066548 0.264541752846775 -0.413038175370388
-0.019726203070455 0.0329097461913882 -0.252765697421631 -0.824294532682498
0.0205565964692105 0.0122243301447973 -0.833367610834919 -0.203418574874179
-0.00264669436563913 -0.00906792835478924 -0.405949876801992 0.570951348078196
-0.033012302866791 -0.0238383686712503 0.180132052902738 0.459083624573567
-0.0183270169649534 -0.0112015055497617 0.302842694139295 0.100105804244918
-0.005027427061396 0.00375519374249272 0.142808681043829 -0.169269912397357
-0.0128604970048725 0.00322232560455944 -0.0882715088139182 0.112297298903927
-0.0274127737282638 -0.0014038788931404 -0.205068546203921 -0.0831805137538723
-0.0273852960312182 -0.0445152103672403 -0.152901477885073 -0.371431928447499
0.00343844580272302 -0.0409159258130387 0.345489135160164 -0.486100600954635
0.0135586838760626 -0.0187417824967305 0.75259337590454 0.0875509046327721
-0.00138099873239386 0.0234826509183857 0.366299540165648 0.704574171408562
-0.0296884617855794 0.0174450982420916 -0.222651624148282 0.528940344689355
-0.0262043950135014 -0.00109465852689147 0.00820097006213573 0.0797876480160476
-0.0302273471100391 0.00574856966341097 0.243898973545341 -0.418619853010242
-0.0226403349571692 0.0312013992526849 -0.29711124294047 -0.796596126275432
0.0154066127030847 0.0097428334577348 -0.837012311094476 -0.14657141724283
-0.00524871675023529 -0.00774955492924796 -0.369231616631734 0.597346464978085
-0.0294616282619196 -0.0203443849929387 0.204711779263554 0.454060470157831
-0.0153317830124069 -0.00628932672887573 0.309980717511355 0.0903960394342334
-0.00722141066930379 0.00613794436275256 0.146334250867275 -0.173670003958483
-0.0118586378743789 0.00424758894127082 -0.0860762006494359 0.109813088502275
-0.020923496067278 0.00306028230486169 -0.197772884534942 -0.087795945452267
-0.0198649474723319 -0.0390654107959512 -0.131082309353218 -0.376301083229585
0.00312216117615445 -0.037673915846658 0.374335588540763 -0.463464845680934
0.00763762355540105 -0.018627640490245 0.749948014096039 0.138029506995181
-0.00461778985552873 0.0194016694367352 0.325056384006277 0.733209786145648
-0.0249603558429152 0.0141907298312863 -0.247148240190447 0.527488842181324
-0.019993708854 -0.00156458311107941 0.00589235304066165 0.078652252155934
-0.0250431420634672 0.00512044149966237 0.225730676524738 -0.424687836273155
-0.0233389151455497 0.0261647062860025 -0.336960760964491 -0.771603851339152
0.00799035500624968 0.00762844383099196 -0.839775261867508 -0.0914213603862245
-0.00783126803336803 -0.00342839247157519 -0.335599926379994 0.621962808152373
-0.0237062568546089 -0.0112025243435911 0.228298194057912 0.448308710076926
-0.00903094134113517 0.00125793170408161 0.316752577042089 0.080947892420517
-0.00620544966091223 0.00665594657329535 0.147376489467471 -0.17811093209117
-0.00830496327025309 0.00490645735970214 -0.0873841352939854 0.106538480509829
-0.014814035028993 0.0102910610784358 -0.193610295559288 -0.0908416865375665
-0.0137210594589309 -0.0301224800163566 -0.112097483208835 -0.38108946589855
0.00075303756152941 -0.0318526847220191 0.398866874882267 -0.446055608367204
0.000562487023494285 -0.0206314807051891 0.742130860757758 0.18142285208391
-0.00656328504512452 0.0126551526164889 0.28903658198859 0.756643734287836
-0.0184962957298743 0.010200279268578 -0.263900919600118 0.524974075238657
-0.0131859821231997 -0.00190072651505328 0.00538550931599277 0.077385525267587
-0.0193359248712505 0.00166281967520497 0.211264410869414 -0.427033529332505
-0.0245884938945083 0.0196658681061292 -0.367212979927205 -0.747534369010391
-0.00223631221652032 0.00689710465663948 -0.841030178485769 -0.0503711189023628
-0.00911982467430275 0.00375599992532807 -0.304942929239508 0.633573149801833
-0.0157295926220471 -8.41573118594494E-05 0.24619304767781 0.441521549624508
0.000123381668607163 0.0103672239588798 0.320609543426085 0.076117620664774
-0.00286842547193718 0.00776141933693826 0.145107707250164 -0.180417582219917
-0.0042963870771789 0.00688620455190392 -0.0915151170653025 0.106024575009734
-0.00651202151836754 0.0182269531956054 -0.190179917320519 -0.0908666086530203
-0.00876320992307158 -0.0167323822224947 -0.0986280905886223 -0.385020742871182
-0.0028169048750282 -0.0253775560966137 0.412511103396244 -0.438250833065779
-0.00597877991946221 -0.0236819418833098 0.735207560314536 0.205690566757297
-0.00674236672909085 0.0046716860580399 0.2689266045805 0.769492348177211
-0.0113257114932058 0.0069545831553517 -0.272885779866076 0.523476809811556
-0.00798793698959333 -0.00269366053161594 0.00802168241685559 0.0765247680024427
-0.0125853265304393 -0.00189232762131354 0.203649129995727 -0.430771700148017
-0.0256142984526351 0.0124228375948565 -0.388815833095261 -0.735755293375406
-0.010340578152216 0.0055047254080965 -0.840986528703798 -0.0229291319520146
-0.0100088138079504 0.0129097578816508 -0.287369773089806 0.642790733806507
-0.00711465740419574 0.0142570517744566 0.258323794855973 0.434915543165686
0.00959022112289831 0.0174981271140559 0.322501939511276 0.0716916932356342
0.0033140782237503 0.00696614203073417 0.140479479737589 -0.180785985581661
0.00169816581509541 0.00731776849966007 -0.09844123264916 0.104123192878676
-0.000727457695922665 0.0263967090345798 -0.190420963646446 -0.0878102946499488
-0.00565721942364627 -0.00396229874521802 -0.0926534554720046 -0.389891851103445
-0.0064199810592319 -0.0166433169990223 0.416695842771582 -0.440506185614552
-0.0118716362467704 -0.0269015406588048 0.730760561657369 0.208850531612963
-0.00632965804485758 -0.00248284392400551 0.261065997010314 0.772310186919044
-0.00574826013892344 0.00437961728771549 -0.271186587741483 0.521267742518547
-0.00265973394080758 -0.00233067519632708 0.0131064725550919 0.0750782975139959
-0.00746240020090849 -0.00519117260612676 0.203726220747248 -0.433748691373651
-0.025682406332622 0.00477021844462055 -0.396926810677566 -0.731891244052376
-0.0169794784942527 0.00525591453308374 -0.843934177426209 -0.0187890795954091
-0.00922977417469755 0.0233694173545957 -0.282698707567692 0.637072919997448
0.000400166290481251 0.0264397118583788 0.261595419510607 0.431172086102417
0.019245362807732 0.0242994998057268 0.321180183363321 0.0735888093274084
0.00866483122965973 0.00601893637582028 0.134105890953015 -0.178115852224072
0.00739432243490764 0.00894116660393805 -0.106443884002693 0.104229776038946
0.00439520032318816 0.0312857810589534 -0.194455465063902 -0.0830022336308792
-0.00398488610900339 0.00772593259602791 -0.0971781895862938 -0.392683900256847
-0.0095873231967191 -0.00935218027655065 0.410912451461744 -0.455000834512742
-0.0162945112612758 -0.0288993947075827 0.732176510223348 0.191742856317983
-0.0038432542263679 -0.00803973859514235 0.274939465825781 0.764153629018024
-0.00290237045303557 0.00346981358164406 -0.258774756380113 0.522732646267104
-0.00036401317589502 -0.00247334774437743 0.0193078996271793 0.073227882196588
-0.00301375162900787 -0.00695574423737631 0.212149113003418 -0.435718257373392
-0.0244946935709254 -0.00281016504217826 -0.387892035741531 -0.742332639384014
-0.0212684764533784 0.00304268430024549 -0.849288850177921 -0.0340117963646814
-0.00920397919189474 0.030765147147744 -0.292682784984173 0.627606471851815
0.00515952623416951 0.0392388047277316 0.255390391913086 0.43208493980841
0.026102363494378 0.0298551597400631 0.317936276013601 0.0798106900830033
0.0158942563182204 0.00533802244960132 0.126310635443283 -0.174276709620088
0.0123164816419917 0.0091488253441716 -0.114158013700121 0.105329753971776
0.00762520924224592 0.0337540334140153 -0.201769059272372 -0.0771638709309724
-0.00323480721782696 0.0153955411239305 -0.108521447405477 -0.392751484467885
-0.0103051690899588 -0.00316550369796271 0.390960313058831 -0.479872664088763
-0.0173354794058383 -0.0294303591683174 0.736795418472785 0.151268317471293
-0.00140425022238512 -0.0114634478336145 0.302550693147651 0.746045829456821
-0.00106618865014649 0.0024325383842399 -0.240594044361052 0.523308326657343
-0.00108713342764478 -0.00221845043807505 0.0253289069410508 0.0732023086477571
-0.00160937341429325 -0.00737329311764925 0.226756517146195 -0.434810312334243
-0.0221841341040908 -0.00749105914104662 -0.362141711957054 -0.764333312737652
-0.0227806475625508 0.0013828285367993 -0.853764420522435 -0.0755129635128723
-0.0108634345641369 0.0372125856626405 -0.31724233898109 0.60736915452658
0.00601882814775076 0.0475236293932259 0.242398814753426 0.437605937785109
0.0297480355277141 0.0325327969101502 0.312550273553606 0.0889792738261938
0.0217957637691051 0.00545516161482413 0.118474166196247 -0.168710573533998
-0.0120478471084109 0.00321378150130517 -0.0964087008130497 0.11922273646551
-0.0309190412072586 -0.00411996178167291 -0.217865539480086 -0.0754278916501652
-0.0344888068877967 -0.0450359396490125 -0.178649089955016 -0.372018466701916
0.00107624380636031 -0.0413167085411227 0.316904451842357 -0.521878893717339
0.0173058237998439 -0.0198382650437759 0.76535769823359 0.029566837654054
0.00311492286517426 0.0257608299061446 0.413094478696769 0.681167357738779
-0.0309667785536896 0.0201917339126915 -0.197671667255343 0.540186236450084
-0.0313150904744984 -0.00118666116801034 0.013163235151064 0.0813114258816247
-0.0329789311254665 0.00803754082930054 0.267115705925341 -0.419602528711569
-0.0204971956824497 0.0336918441435127 -0.259427048315146 -0.834878456508703
0.0216336616420084 0.0117751861243396 -0.848057065889286 -0.203648837328532
-0.00287091093242255 -0.00904155265493635 -0.408485637285594 0.580785392699796
-0.0336896233396031 -0.023919124566262 0.186215750359735 0.46508372734559
-0.0183806698935193 -0.0113306894593591 0.307760601494271 0.0996081574584034
-0.00446352657525698 0.0047891816963064 0.144548175232189 -0.174526431670591
-0.0135564851730257 0.00405537270869453 -0.0909284559671177 0.115532068344738
-0.0277216528755629 -0.00204238627252311 -0.209730599077878 -0.0838170470549177
-0.0283892053111549 -0.0447925032181331 -0.156864936804099 -0.377220287945378
0.00257287159058996 -0.0416480024664141 0.349650405129019 -0.497251210133602
0.0135414734708356 -0.0185092031991254 0.765119155818614 0.0863477339463442
-0.00125737902980975 0.0244204836608406 0.375903598871399 0.713235478213562
-0.0296417533258574 0.0181322331030313 -0.223576137138915 0.539320951298043
-0.0261991626944076 -0.00164086694001626 0.00784457550619853 0.0810330243036071
-0.0302012402317017 0.00642558756033839 0.245943850300682 -0.426200491049887
-0.0219458318833714 0.0320702180219826 -0.307174066322497 -0.807851673482837
0.0156785751892794 0.0107350147486653 -0.851413609966258 -0.146066245125785
-0.00615879168379129 -0.00790936177764347 -0.372992899724739 0.609158554579199
-0.0298588037096085 -0.0208989434761096 0.209946066600398 0.460629714980376
-0.015726543892083 -0.00552484901483781 0.317501557005654 0.0897543955010387
-0.00662111772433788 0.00616590436806451 0.148252249164664 -0.179069720541036
-0.0119785034128644 0.00395413761475987 -0.087593846707305 0.111579547225918
-0.0216071196854031 0.00304688403241881 -0.202095320472226 -0.0893280707371071
-0.0209082872358208 -0.0399500056867804 -0.134024833410068 -0.383223967489452
0.00267496744158431 -0.0387820046471233 0.378189639760675 -0.475239863901954
0.00803983086944331 -0.0187094018413161 0.760777647498933 0.137736903841834
-0.00543323378483173 0.0192234320487394 0.332959392971181 0.742642506912032
-0.0245909800150086 0.0143623475394925 -0.247013338093507 0.537272434030637
-0.0204463098022517 -0.00115809390785384 0.0060393346318565 0.0800546646281429
-0.0260028488420295 0.00500248043327704 0.227385808467121 -0.430407925334395
-0.0237392153141681 0.0269411196195313 -0.344603668291828 -0.780083573578561
0.00791410329919459 0.00894924100208085 -0.854159376718239 -0.088917602025799
-0.00768880791604692 -0.00363283929468665 -0.336641869085851 0.631758724373209
-0.0244031387376991 -0.0110796060149978 0.234776962631247 0.454836319090826
-0.00915851666831904 0.00195775640566893 0.322485843238109 0.0810774111604537
-0.00621118151797852 0.00635608311968693 0.149922995555802 -0.18165560834301
-0.00868983032815379 0.00426531007443813 -0.0888183329106311 0.10894035525683
-0.0146287040754096 0.00999320790817546 -0.196250552681411 -0.0911975256205072
-0.0142662821893239 -0.0303634560166046 -0.116192932949824 -0.387658185709992
0.00101432229847924 -0.033391423108673 0.401427559074123 -0.456576965767544
0.00055056405205382 -0.020565203614556 0.756135662105193 0.18118949262278
-0.00736299176012382 0.0127129596238034 0.298479866393408 0.767163789211339
-0.0187795703503322 0.00963229724818853 -0.265342691665273 0.533585633931165
-0.0132680932958931 -0.00215467517905275 0.00514518250575619 0.0797577381865268
-0.0192755600570291 0.0017732341113727 0.214627304245192 -0.433084444470654
-0.0249173009316629 0.0195135496692256 -0.379194346958566 -0.757753589560788
-0.00147425648808384 0.00664936884927138 -0.854706042735258 -0.0473230600788322
-0.0087235479459716 0.0045538633700189 -0.306593843214847 0.645833862141031
-0.0159151936738412 0.000897299917644005 0.252878950366249 0.446806707185662
-0.000236463370836439 0.0099037448327532 0.327174935565496 0.0740546100861187
-0.00312339710678454 0.00753822719791581 0.147575223326962 -0.184350698380393
-0.00374229398914302 0.00597579483933161 -0.0931411788136013 0.107194786701717
-0.00696635381676393 0.0177994675857943 -0.192950306149783 -0.0907540894972941
-0.00920103934680989 -0.0178857358194064 -0.102224392256262 -0.392935510864645
-0.00291306768492863 -0.0257989141684758 0.416034849500379 -0.447465694109286
-0.00645871084390936 -0.024075539236037 0.749096161721095 0.20518216152376
-0.00773710407725528 0.00529696651116792 0.27833581913682 0.78034388836831
-0.0122897928351875 0.00727259201381045 -0.273804376162387 0.53184152543981
-0.00704875412627361 -0.00276703518896609 0.0085082621380654 0.0775593871814625
-0.0130006936091759 -0.00195098478231428 0.206871727324724 -0.437975883520404
-0.0257120986286041 0.0115340646006222 -0.397980766902683 -0.745551717896927
-0.0103070077778391 0.00582016690955274 -0.856055459505204 -0.0196648098641565
-0.0096788497658396 0.0131565204332371 -0.287626180831198 0.65305370631963
-0.00739575986044375 0.0145019273406455 0.264362460779344 0.441493824752496
0.0104104759466504 0.0180853227016442 0.328900563916123 0.071442131185953
0.00341555414524508 0.00704687647048351 0.142576320496907 -0.183734279397771
0.00187789394499904 0.00724307638491244 -0.100147477791339 0.106052176191142
0.000135148986486619 0.0258396078181995 -0.193635748944485 -0.0889091460101419
-0.00562769753801676 -0.00391981849669334 -0.096504491857045 -0.39690168984957
-0.00694995116910387 -0.0175963964547801 0.421293548574845 -0.450750171311838
-0.0129575969707997 -0.0269347106218439 0.745203661947868 0.209542513036264
-0.00632101412608693 -0.00164285785051284 0.269152943591214 0.783091540117052
-0.00681325253147024 0.00428914925846452 -0.270455082558007 0.530647035201103
-0.00224661867653807 -0.00301994730533009 0.0139966727066649 0.0762323808333956
-0.00718780757438161 -0.00514506884544922 0.205694436621878 -0.441456276298498
-0.0263823300068775 0.00434731925319281 -0.40444954173462 -0.742149076538505
-0.0177664010899838 0.0052115403143943 -0.858776946603839 -0.0151045417783701
-0.0100464923641883 0.0227155119053307 -0.28411166847882 0.649970519495165
0.0010441710231123 0.0276062284123571 0.268681735478604 0.436713287828634
0.0199987601542041 0.0248890823317405 0.327441652945823 0.0721982518520472
0.00902830329302844 0.00652307943461215 0.136052209684283 -0.1812104088817
0.00753586075715502 0.00825691817763357 -0.108788939735229 0.105907921069384
0.0045249486347205 0.0314983731553693 -0.197831824656108 -0.0840291966715919
-0.00453690158887682 0.00765714267368515 -0.100213884014535 -0.398696769752053
-0.00972289953925205 -0.00987527647469856 0.414732379070378 -0.463829221585644
-0.0162288197675965 -0.0297905895588294 0.745033425481373 0.191973520682122
-0.00351781180841444 -0.00780355134687441 0.281416197769736 0.774088230320557
-0.00210828210082884 0.00296419924478903 -0.261728417013734 0.530169554576783
-0.000935504980385405 -0.00302862581712795 0.0202787899430071 0.0741041508340347
-0.00311978779950244 -0.00715760174840091 0.214420205708544 -0.44297957634343
-0.0244226454363074 -0.00212834901636464 -0.396472663700934 -0.753088127961961
-0.0218209136869197 0.00358758207482758 -0.864203511788162 -0.0305696865619396
-0.00922776970727201 0.0313954591608399 -0.293360680904619 0.637444148495188
0.00614727564718304 0.0401268656629183 0.262945904335926 0.437536254533826
0.0268941344066566 0.0306661570126092 0.32407178163209 0.0792193863735967
0.0156498682659665 0.00623498038852615 0.127805850756141 -0.177635436610601
0.0124857136813401 0.00832261148975765 -0.117288296375496 0.108058870599645
0.00838454172848903 0.0339653551435252 -0.205628774990142 -0.0777690288658181
-0.00335133609317124 0.0165612434506336 -0.112077657031026 -0.399740664492738
-0.0107069927073783 -0.00362609508906671 0.395133164328572 -0.489735677222656
-0.0181847217400237 -0.0302655776991452 0.74853868495468 0.151843949776215
-0.00182780005838647 -0.0108360938712868 0.311028169814156 0.755667373913347
-0.00164192557749574 0.00260028345977917 -0.241297743370415 0.53302470618046
-0.000866864322337886 -0.0021697708701327 0.0264889660300699 0.0745961707896688
-0.00012412770451754 -0.00755522283902609 0.230569172845883 -0.441329038782885
-0.0220890262987113 -0.00723430570813693 -0.371475226979693 -0.773777900227785
-0.0233704463386878 0.00171516659423344 -0.868234828923376 -0.0705334401440436
-0.0106229253654337 0.0370834240267845 -0.319160860651663 0.618583356068671
0.00682191794344905 0.048707145227234 0.246867179295874 0.441270845027104
0.030413156002547 0.0329803407481905 0.318633379999248 0.089081477935815
0.0220171936478295 0.00543606541794621 0.120220255134927 -0.172321876004306
-0.013160004615347 0.00271290547456536 -0.0824796171009069 0.133103549209678
-0.029754790314632 -0.00231343602199807 -0.229080563594279 -0.0506698176528193
-0.0362630872051435 -0.0392316862197765 -0.226816981468479 -0.356750494497441
0.000580062344742736 -0.0361258652902231 0.245237064674135 -0.566991792393912
0.0127601495906872 -0.0108958715450835 0.776613923439157 -0.0704649922820402
0.000299392950639323 0.0237877064564657 0.501096775199854 0.638273378365976
-0.0301250504444702 0.0222876706827872 -0.129717587127909 0.578239731545161
-0.0321082732462297 0.00224611774815715 0.0232323206429924 0.0797356989898783
-0.0292291743715166 0.0131582336001909 0.223730430642063 -0.455196375040507
-0.0100033798191231 0.0363456881329628 -0.359537885758713 -0.812185057800644
0.0278027024588417 0.0025708911096734 -0.883616882027465 -0.112548892094407
-0.00117720043442551 -0.0124004651199738 -0.350096370340861 0.638913300876278
-0.0366094405073409 -0.0199871675499362 0.242790929157737 0.450715900135475
-0.0215915110878109 -0.00963207653896864 0.324027317246306 0.0646574038824418
-0.00589386366851507 0.00583924192392383 0.128165540066592 -0.19198065845904
-0.0136104799332655 0.00235842635539805 -0.0777320810671542 0.128588207689879
-0.0262832334031271 -0.000794448479115603 -0.222583266811734 -0.0588635811676353
-0.0296527222541242 -0.0405195742540661 -0.205530352446399 -0.364916139354995
0.00217816832941963 -0.0366913064008936 0.282174033305028 -0.548234333458921
0.00869351813758108 -0.0100042660921433 0.783061245203771 -0.0117286891115412
-0.00416054120670165 0.0231257441929689 0.466260780228721 0.676564372683947
-0.0288183435503932 0.0190820885735709 -0.157283707465078 0.580510862686594
-0.0266934147283726 0.00157294826699593 0.0179668949227025 0.0799065803867168
-0.0261939605110231 0.0126428778795384 0.201741308471448 -0.457592488038652
-0.0112740806937816 0.0342254147698067 -0.400847208579279 -0.781933323264064
0.021762041655049 0.00167072733507235 -0.880509014221283 -0.0514648702399824
-0.00368403585636032 -0.0119095726896091 -0.308025496611419 0.662849039594492
-0.0331777913828241 -0.017038299861147 0.266419064266891 0.443310313552108
-0.0183091741450947 -0.00414423318109653 0.330914476933606 0.0541050490128227
-0.00773210783163981 0.00722993983180735 0.132197194162544 -0.1969293951927
-0.0128346779186303 0.00320490376941506 -0.0766576132835122 0.125207140020227
-0.0201084432266048 0.00367926937792639 -0.215172516986306 -0.0653822934432238
-0.0223507272295655 -0.035268248037374 -0.183016171236603 -0.373657040502092
0.0017568179870648 -0.0331828896521894 0.314311898485796 -0.529544769163399
0.00223917026881046 -0.00998088999434807 0.787325395356478 0.0395173471695548
-0.00842185514669531 0.0182247023219202 0.427951628094871 0.711690852093652
-0.0237722546808039 0.0149317592439286 -0.184023439590235 0.581802586954352
-0.0207376422638085 0.000268146088095685 0.0157218624036911 0.0798051403426327
-0.0216750703480796 0.00921751330824634 0.182965964559641 -0.46197761389497
-0.0135035622681912 0.0295340758970406 -0.438189984483626 -0.748963907596518
0.0134112347368763 0.000312526197682433 -0.877511425878742 0.00580684975474474
-0.00602680672834169 -0.00693985055850879 -0.269476650308845 0.681978116170749
-0.0263645633758847 -0.00888527696600817 0.290810042978162 0.433483374072659
-0.011258274943828 0.00183162099598004 0.336224425662715 0.0430656609512663
-0.00711101451175936 0.00767874203843216 0.13247853883513 -0.201041126304293
-0.00964626121754924 0.00414999537101062 -0.0774611345983103 0.12295761988477
-0.0123694507016889 0.0110678239397932 -0.211233053655758 -0.0686080696051555
-0.0143861591088638 -0.026715579302971 -0.165669580090543 -0.381025840022708
0.000513755391369521 -0.0273609802589439 0.341287480931684 -0.515086841432621
-0.0062714718268691 -0.0115516343222547 0.78750854332719 0.0852449653515422
-0.0111183329609033 0.011657502119046 0.396910409287944 0.739964445544194
-0.0181387708862786 0.0108046039947539 -0.200360275706524 0.582019140138536
-0.0139224342187743 -0.00139972225904844 0.0145749628757295 0.0786658932434111
-0.0157021462376029 0.005077058636526 0.167690015076957 -0.462940303466184
-0.0160430431992813 0.0226979932796106 -0.467574202113366 -0.721735713028132
0.00398733744136845 -0.00029826137404337 -0.872550411031696 0.0475061168203946
-0.00619497609953129 0.000662316656049943 -0.236972123216722 0.692949621688339
-0.0172565699041251 0.00269900536021135 0.308217453353439 0.423480004353799
-0.000335019037929429 0.00979259670307154 0.340255525560498 0.0356028065528099
-0.00343654386891199 0.00776462980070547 0.129899449380763 -0.203738816354289
-0.00361205038085413 0.00519654173397334 -0.0819147026672438 0.12189310598449
-0.00381002145943024 0.0185128179011894 -0.207726843298269 -0.0697000472823313
-0.00830036691525911 -0.0140455378514794 -0.153164035205332 -0.386965864091181
-0.00302573760830257 -0.0193771751724274 0.356559314952308 -0.509518180270843
-0.013513213556747 -0.0137079300942177 0.782967169002426 0.110045988421689
-0.012378885825073 0.00320943034660459 0.374849615186418 0.757436836245353
-0.012097702638889 0.00636782101899232 -0.211023823841871 0.580315071047208
-0.00746710705305085 -0.00273834904425105 0.0179630793456125 0.0764738604058448
-0.00950196499791819 0.000886739520779991 0.159113944208788 -0.46700718259649
-0.017541889125298 0.0137095798605564 -0.490060726541171 -0.705422150641234
-0.00565523851130441 -0.00066169531144699 -0.870750717543473 0.0762082506026505
-0.00687752782078086 0.0101062635168513 -0.216695016066489 0.69830704180415
-0.00638843273124461 0.0149180446498066 0.319182657665286 0.414943538350502
0.010282256094466 0.0161007073871305 0.341273144985901 0.0325151941651731
0.00160250147748385 0.00679501928398563 0.125012804499994 -0.202751460660872
0.00220256652570897 0.00565274831444772 -0.0894973798279537 0.121993841964761
0.00406692296834758 0.0258238293776993 -0.209081681462179 -0.0664455010311761
-0.00380056011401509 -0.0003755569275588 -0.148575354628536 -0.393330097256019
-0.00640047582072849 -0.0107333298496335 0.36135687215602 -0.513113861841527
-0.0201488722142516 -0.0159926951535359 0.780820859047555 0.113309393444701
-0.0113588668505716 -0.00436343503245385 0.367141520715704 0.760564714806724
-0.00659719931500684 0.00351553834665352 -0.208732336779585 0.577780542258445
-0.00301190096679992 -0.00320703103119303 0.0220881114832785 0.0745949494686095
-0.00462868873281223 -0.00307766119081273 0.158734919215992 -0.46830660312907
-0.0188895838465562 0.00631737823501382 -0.496543113774673 -0.701627377127692
-0.0124099251811476 -0.000240952701028013 -0.872898899573892 0.0818578141182001
-0.0048585245092348 0.0197269918946952 -0.212722258236695 0.691721730415817
0.00317596591951908 0.0278006224994964 0.323537754318187 0.41213278970355
0.0211887244229405 0.0225721113825037 0.34167609853894 0.0340272216782866
0.00854716454756901 0.00572050844827673 0.11807598990572 -0.20046863416354
0.00793147588611557 0.00540087411776313 -0.098809297677964 0.123131617286521
0.0100279659093576 0.0306390572354779 -0.212150181460119 -0.0611558017425609
-0.000297155550817939 0.0113204941638595 -0.152203038537837 -0.396044538442132
-0.00873032778696126 -0.00246673807704874 0.352023656888456 -0.524873616743492
-0.0242015077857321 -0.0182347901122599 0.779840282879401 0.0982826490250229
-0.0106528493779396 -0.00996424493028692 0.379165321417193 0.750298468091023
-0.00298019934110019 0.00182877034134062 -0.196498437142486 0.578260961244023
-0.001556904282297 -0.00298446408286168 0.0286659382570206 0.0728313842567544
-0.000128111401430193 -0.00551095932528669 0.166709766567885 -0.470930197319231
-0.0184049290526168 -0.000554268462254558 -0.487388762216691 -0.713742510797839
-0.0172609093896217 -0.00109655188374754 -0.879674077714372 0.0653687295099885
-0.00436860846929553 0.0283389039359843 -0.225160902543428 0.682192617409811
0.00986803338458444 0.0390088162024037 0.319675707756585 0.413295580453419
0.0279780017129891 0.0259586416101424 0.337887458578703 0.0397077484082917
0.0149553089579979 0.00460426951079519 0.110950323483669 -0.195594995955414
0.0138472262245909 0.00486842627187878 -0.108232461745734 0.125085976480087
0.0135553658425734 0.0325362838007442 -0.218962299607876 -0.0545897602176978
0.00195381693438152 0.0200420455802059 -0.16668655154572 -0.395708055620043
-0.00801507249014695 0.00434806341068936 0.330243319228701 -0.549269852933162
-0.0246403633569451 -0.018662998396978 0.775718948335205 0.0549993996623697
-0.00796900501164204 -0.0131205507503669 0.405721776744659 0.728301811276148
-0.00135436027555979 0.00142207180192614 -0.177019803547448 0.57752323981882
-0.00176500272949528 -0.00201664773457337 0.0349324514229778 0.0712488085914653
0.00181901397235502 -0.00542121177514227 0.182588614204474 -0.472851286745487
-0.0159286675064395 -0.00497867241310258 -0.46735732838546 -0.736033929079249
-0.0186542082818598 -0.00316305458914211 -0.888827827090494 0.024303850090547
-0.00475469727554745 0.0348707730642692 -0.252319737653227 0.665539244754815
0.0113765243807154 0.0477667232775157 0.30512508457227 0.418161994628335
0.0309313571016631 0.0287494860711957 0.333267134884165 0.0512367641093265
0.0200514677100711 0.00293614548239924 0.103742165841237 -0.189324928650911
-0.0133587021513969 0.00271196599205127 -0.0833226842357908 0.135703376550106
-0.0297313157302671 -0.0020973947174449 -0.233176060020817 -0.0486605591886036
-0.0375218208436391 -0.0399077401206254 -0.234004410514973 -0.359701917186832
0.000645072720716284 -0.036731002313629 0.241154865399232 -0.580197465594326
0.0132254411650698 -0.0110467157692092 0.787216742935923 -0.0805938803549765
-0.000328127141875387 0.0246649315335633 0.515424700549201 0.642387701561151
-0.0299393846840784 0.023055760681676 -0.126103034016219 0.588489499348515
-0.0320118258432036 0.00294125687621142 0.0245942024609716 0.0802864458753491
-0.029258178614173 0.0137672108798803 0.222848680021242 -0.462702029254201
-0.00997459628103341 0.0371709067580557 -0.373898468408823 -0.821167289023166
0.0284266881711506 0.00324222840563212 -0.900545256484807 -0.103266975676831
-0.00107468935875296 -0.0124642520418335 -0.346647269292865 0.652602410700324
-0.0378663161853379 -0.0199894530242504 0.251911658295223 0.455371181031567
-0.0215767350257674 -0.00990148004144 0.33038950365766 0.0599315024023904
-0.00630183109782177 0.00584346166954691 0.129503633777512 -0.197367332636286
-0.0145864853752754 0.00285710956683947 -0.0787554011392238 0.13186619442654
-0.0268164092166848 0.000187377074763139 -0.226644204951141 -0.0579708823034968
-0.0317094037128032 -0.040557180095666 -0.213299646704977 -0.368504570259563
0.00152152163528985 -0.0371484845659395 0.277996733664024 -0.559568266079039
0.00895827068748277 -0.0105199794982289 0.795697397410307 -0.0225585522336636
-0.00451138297790545 0.023515969574476 0.480603983180431 0.679813755108826
-0.0281915520136507 0.0199480410748826 -0.152123534513382 0.59026496077862
-0.0279072977985188 0.00102557095464971 0.0195845411241107 0.0812015973129134
-0.0260528516445685 0.0128411556741848 0.198914545083008 -0.465406542662759
-0.011251880596738 0.0357311679302566 -0.417796952587801 -0.785363717313667
0.0218950281037715 0.000913265736483263 -0.897403914965759 -0.0419749258374829
-0.00317812129973733 -0.0123542581785157 -0.30520186198933 0.676371643311151
-0.0339817311348507 -0.0166474888970553 0.276092948639779 0.446387712749966
-0.0183825624011547 -0.00522386965919183 0.337462552244291 0.0499514060196797
-0.00776478091359406 0.0068842598679457 0.132279248351543 -0.202286961260808
-0.0123731349978221 0.00329471336160824 -0.0759002290501283 0.12837221582052
-0.0204357200439567 0.00405068484567232 -0.219293694248022 -0.0643951677024292
-0.0228957175781584 -0.0355206975917582 -0.190673736039115 -0.378800487943736
0.00187637574176576 -0.0343065952439987 0.312939554135256 -0.54119587229621
0.00186674555872731 -0.0106096142236335 0.798630964383736 0.0308773883349879
-0.00858591124407315 0.01902754512222 0.44092054381192 0.717043692842932
-0.0242579418508875 0.0150770920931783 -0.180040658648749 0.591337574671966
-0.0209567336962949 -0.000323998215782226 0.0167568975406297 0.0807229097786842
-0.0217349453602087 0.0102491487988435 0.181003317925181 -0.468882264070691
-0.0136865459300646 0.0309866091804243 -0.453721783478745 -0.753563992704809
0.0138556439212058 0.00048474556853513 -0.891035908027878 0.0156684066289726
-0.00571821390561562 -0.00695012502104878 -0.265480142232412 0.694823135643051
-0.0269661132673714 -0.00872597106684123 0.299959853601734 0.436221456554802
-0.0112960904069942 0.00108952726691678 0.34271906441768 0.0389263720349168
-0.00702601272374599 0.0092194089181506 0.133299726806937 -0.206146973430675
-0.00931251726286562 0.00374238645308482 -0.0780399662520994 0.126078385947157
-0.0112464076686668 0.0107670731634791 -0.214740619030178 -0.0673077381709956
-0.0154951153686516 -0.026607377744296 -0.172666640478473 -0.386614254149147
-0.000612793835403175 -0.0282836913335786 0.339829442579916 -0.52619189946504
-0.00556733367058578 -0.0119987053880392 0.799627491616072 0.077782404060546
-0.011256680705391 0.0118882933242616 0.409162092263583 0.745800138606857
-0.01870169837863 0.0105885985921977 -0.199058883299399 0.590433325703684
-0.014030727967213 -0.00169097730154036 0.0164859264722789 0.0788802846476312
-0.0153357613244289 0.00497658737132619 0.164496933114373 -0.471178196370861
-0.016375217354458 0.0232089334519065 -0.482601506960771 -0.727215048242018
0.00332224395600192 -0.000876575285569116 -0.886945435124972 0.0602699276639954
-0.00720786676086146 0.0012454231906301 -0.231962654356807 0.70568317236351
-0.0168367468031154 0.00303953049041664 0.317988310135369 0.426490580563863
-0.00121971658180412 0.00874252672220847 0.346190798700155 0.0321228873689799
-0.00358342809709304 0.0084279562001677 0.13123496314766 -0.208308775635784
-0.00396143024554311 0.00441407568157976 -0.0828350525788661 0.124793674944828
-0.00315574049106218 0.0182944039684843 -0.211991093345355 -0.0672401103507323
-0.00848976651260423 -0.0137164759730075 -0.160564117451047 -0.39278450442086
-0.00301457350532748 -0.0189325629594159 0.35716329366764 -0.521246447253302
-0.0133627761738865 -0.0134311524225776 0.796699460591479 0.10351565165597
-0.0123702094276749 0.00354051994863545 0.388910249288714 0.763499646733722
-0.0123449658566342 0.00651163260996685 -0.20853657402062 0.590812737901053
-0.00786515173452759 -0.00275154386073018 0.0185954545964918 0.0782221557317267
-0.0088003102449518 0.000632416519135239 0.155834346421989 -0.47501905369169
-0.0177154502614421 0.0149175362996715 -0.503189926985592 -0.711668848968248
-0.00547850760617886 -0.000353160784200009 -0.884349137394027 0.0882090257687456
-0.00671814851358686 0.0105416858105467 -0.211998525681062 0.711284455916229
-0.00635881526819456 0.01504596974639 0.330454629545206 0.41717743815781
0.0102245740034567 0.0161957848819282 0.347950555260971 0.0281975714114599
0.00180304237508684 0.00772699483862323 0.125939145464142 -0.208392336164218
0.00153402065544683 0.00532903163729676 -0.0908329751053545 0.124975513214326
0.00401360155354688 0.025875865757266 -0.214000318122222 -0.0659527584575777
-0.00352615996601712 0.000301538137026497 -0.155667223212026 -0.399176673708169
-0.00617830094915453 -0.0104578945623455 0.360310856571143 -0.526226194129857
-0.020612177193905 -0.0154937486018979 0.794076109135327 0.108352103302399
-0.0115051282080337 -0.0035431077115657 0.381424017333049 0.766299355504062
-0.00653435004391584 0.0027633065619486 -0.20691707031956 0.588602441432247
-0.00313946497025215 -0.0032713254965459 0.0234497636372182 0.075745708439832
-0.00403740995444082 -0.00277233545045046 0.156903237550256 -0.47670002296535
-0.0195716319301847 0.00733337972244047 -0.511486634316919 -0.706951642167085
-0.0123056091076275 -0.000407366967814096 -0.885475183239634 0.0935557793313292
-0.0046431915703563 0.0200658076016143 -0.205449870831751 0.70666311654933
0.00346817189161596 0.0278986720315239 0.333996801723669 0.413555794543369
0.0204266960879654 0.0219930750462832 0.347867942475324 0.0309567774203649
0.00875137165756218 0.00521741340968613 0.118927179562258 -0.204867742821111
0.00840388114609187 0.00493009825489396 -0.0998775585113101 0.126734258404959
0.0102985686957393 0.0303397721732312 -0.216949959667981 -0.0600515119145227
-0.000238610575426692 0.0118823971777685 -0.160081275596795 -0.401420872352501
-0.00833966648614813 -0.00180569642846538 0.351970983301332 -0.538247220924315
-0.0248803761003928 -0.0184633009324568 0.790901537465783 0.0895476562559166
-0.0102493891471265 -0.00964400042823146 0.392776199630795 0.757479324472812
-0.00198230037953797 0.00170536921755989 -0.195960267900614 0.588818975650799
-0.000828985916459347 -0.00280529526856572 0.0302653524248794 0.0736339711645433
-0.000332625259962884 -0.0051782414409144 0.164254124033889 -0.47944036889007
-0.0186935972766109 -0.000425987079766932 -0.502560528573834 -0.718233180448256
-0.0172020965978889 -0.00168968735839903 -0.89276781404262 0.0758119919042862
-0.00354281073950806 0.0292691319218898 -0.220740741173975 0.694596548958737
0.0104057598501466 0.0392756387563977 0.328918055894735 0.415991070561539
0.0293736406966561 0.0255359416737776 0.344476244100167 0.0372574615337313
0.0155870403478618 0.00412142267783453 0.110428551055638 -0.199081053510697
0.0132984948657871 0.00446683903633797 -0.108901681935647 0.130105085360543
0.0149556453410613 0.0324457247105649 -0.223872705099663 -0.0526680761221034
0.00209755104034812 0.0198213960970132 -0.173349194279274 -0.401105993177896
-0.00845166894241477 0.0044364876999442 0.328707291466687 -0.560510243950331
-0.0252288106093236 -0.0185987958189305 0.7888677038235 0.0466335897260363
-0.00849990816404302 -0.0134332232575998 0.418585056891537 0.734546541583076
-0.00109929305467014 0.00100742644274096 -0.172786823218304 0.588383502140458
-0.00200866593586661 -0.00223863997029142 0.0362493388222555 0.0725369241742814
0.00190528825437481 -0.00531729011163271 0.180978986643612 -0.482799704045107
-0.0166284839142468 -0.00429934773932066 -0.481205979170915 -0.742880847661542
-0.018795651588028 -0.00263632399323552 -0.904403214360038 0.0354126141021699
-0.00382574243655514 0.035198080960256 -0.246512425329798 0.677560020678859
0.0120321062811303 0.0484468111609456 0.313885664517272 0.4213563076341
0.0325495651196955 0.0288270320543091 0.340138060432616 0.0470826478064539
0.0210844411961527 0.00288155807090772 0.103765503816081 -0.194250655721378
-0.0139602702918784 0.00245894768587125 -0.0830851634778689 0.139361905795864
-0.0303752174469247 -0.00158534331220007 -0.238301962108716 -0.0472917830427411
-0.0387124503860103 -0.038777694795622 -0.243484363151257 -0.363100072484739
2.79880850323853E-05 -0.0377384809776586 0.236048761420351 -0.592463259494916
0.0126181595980533 -0.0112120274131551 0.795591253701224 -0.0916956739371944
0.000448195423632412 0.0257818073304282 0.531147558241993 0.642673355454709
-0.0307302621843101 0.0235490438708928 -0.119622480803271 0.597870625193045
-0.0329157051292146 0.00266142315100203 0.0254919005018022 0.081333561934422
-0.0289811627050126 0.0148599011967207 0.219820151654667 -0.470518450073486
-0.00924910603976873 0.0379025871923817 -0.391117944146107 -0.824416135187926
0.0293908850158075 0.00263480766050279 -0.912726737758689 -0.0913547439065203
-0.000815167855283988 -0.0134166114129387 -0.342259943528903 0.665751012158807
-0.0382686617967493 -0.0190500871654995 0.262267902784613 0.457736691508409
-0.0225287010788112 -0.00950541805979171 0.337826727223529 0.0564852514372954
-0.00508387940374321 0.00566780797670659 0.1282938780025 -0.202697606827927
-0.0144082631983766 0.00243422165103429 -0.0781631416942594 0.135018700897845
-0.0276050241105864 0.000138730681187055 -0.230636044998729 -0.054227950394252
-0.0330037818854896 -0.0406255664743979 -0.22252699725029 -0.371564418419448
0.00133119788363187 -0.0382783864444643 0.273764971016999 -0.572472015956011
0.00861669447573022 -0.0099559671387447 0.807487639827849 -0.0343864255761114
-0.00410641724741749 0.0244082519210696 0.495483056714362 0.681403878283211
-0.0284764498088403 0.0208976797050757 -0.147473153973595 0.59972411012555
-0.0266293228976017 0.00204948235873253 0.020556683901448 0.0826222017236177
-0.0262973873777421 0.0122593316096128 0.196356417954743 -0.474739391801933
-0.0112473351850964 0.0355166942469791 -0.435559726028919 -0.791667423812104
0.0222201677837851 0.00143474802529153 -0.909045205322232 -0.0295553664853664
-0.00377065911687785 -0.0112378236175278 -0.29935109927621 0.691181894052442
-0.0343566242076539 -0.0161140053230434 0.287859683375782 0.449145875652315
-0.0186711623498265 -0.00402969134839405 0.343524607221403 0.0444154932882443
-0.00869473229323871 0.00728324377397944 0.131331160144609 -0.207772038660592
-0.0131805080394253 0.00331681080477248 -0.0760702503361483 0.130894316316228
-0.020777283564248 0.00424607450144279 -0.223021672002547 -0.0606260430795285
-0.0244526352821112 -0.0359588365330935 -0.1996552525572 -0.381117431897493
0.000633830685137658 -0.0350994806057063 0.309114070525501 -0.554516600737826
0.00238200817750746 -0.0101749775408525 0.812403394721097 0.0193926086619151
-0.00880752728234089 0.0197054659814638 0.457304292675202 0.722368443268978
-0.0242861225779875 0.0157281232676494 -0.173261025121368 0.60094551875712
-0.0206121160416984 0.000121998346511955 0.0184044050051088 0.0807210517342315
-0.0212329037089643 0.0105726198601 0.176753488863787 -0.476768977051889
-0.0130586652300388 0.0317729285099075 -0.472082911432169 -0.757862175951146
0.013002515657729 0.000237786279989792 -0.904615443353669 0.0277479688684852
-0.00581610066732666 -0.00756169366441044 -0.258634679368204 0.708042071902636
-0.0270411356885725 -0.00801706665126942 0.310667247585956 0.437680166897198
-0.011466514826599 0.00283878894718889 0.349250339376471 0.0341144167654224
-0.00737616569037214 0.00888878342210634 0.133252899562867 -0.211334523911175
-0.00924134097156049 0.0041279589457766 -0.0771122050031211 0.128808373211167
-0.0121737254492372 0.0112805953893946 -0.219007339550825 -0.0649885068536216
-0.0162359145166839 -0.0259879925903948 -0.182322515427924 -0.390572298066304
-0.00104049702976084 -0.0289082678527168 0.334733367874494 -0.541031451476368
-0.00650657510916988 -0.0115882033666718 0.810127438316641 0.0662365721940463
-0.0113159137071453 0.0135941812881654 0.424363366761678 0.751199891557695
-0.0188959162608047 0.0103148812666135 -0.191271625003278 0.601008342213697
-0.0139590330646855 -0.000919732704139214 0.017300894330727 0.0805822574493862
-0.0154526680048727 0.00586514525699202 0.161516717241448 -0.478269661616414
-0.0153464690340663 0.0244002664643685 -0.500447732453146 -0.728372478729276
0.00423595072800145 -0.000341077391532552 -0.899258786595987 0.0733395343399982
-0.00661419329112842 0.000968634228204167 -0.224333286129236 0.719575067562466
-0.0172236056200533 0.00395009451798648 0.330863665313708 0.426121174486813
-0.000477536798404092 0.00939288692681229 0.352286457912181 0.0270064046200767
-0.00430233917501122 0.00885195340517271 0.13009617991969 -0.214339445001981
-0.00386350223336487 0.00430735265908519 -0.0833014268059976 0.127555635183395
-0.00237650953305274 0.0186149512950097 -0.216474270063706 -0.0655786637897511
-0.00873844125714724 -0.0131763628579387 -0.168144141142017 -0.397487350419763
-0.00400957138076313 -0.0202099968201455 0.351738726179133 -0.533880456734077
-0.0149876528759153 -0.0136545206472171 0.810504591931921 0.092924800865496
-0.0124638974572703 0.00526432097535562 0.403297380662051 0.767127772035938
-0.0124010046826703 0.00629969030451078 -0.20146614890345 0.600670980775358
-0.0074427574305047 -0.00300297060387378 0.0205016730137831 0.0778838051942977
-0.00899694780851882 0.0011141468824965 0.153293563915309 -0.48332738611844
-0.0179816801511917 0.0166162346163776 -0.522635094307073 -0.712107696740968
-0.00485425428232135 -0.000517726291080687 -0.897896762169947 0.103092941990127
-0.00683747188917826 0.0111058363292091 -0.201961706022943 0.722691374661009
-0.00581141146919102 0.016598428181962 0.342312516338099 0.418679977110955
0.0113576668151681 0.0164257853159794 0.355030742063818 0.0228752294247715
0.00241522652381181 0.00710954276275146 0.124823522527435 -0.212508258524604
0.00227388640176945 0.00525405575052809 -0.0911459588303062 0.128062266418844
0.00473393506088324 0.0256128409752696 -0.216928613574057 -0.0629247657703596
-0.00427346705233599 0.000137905567542625 -0.16333877545273 -0.402547964744963
-0.00700343520731678 -0.0105478141533261 0.357048512188311 -0.538690022217469
-0.0213043232148903 -0.0159642694993257 0.806527779693817 0.097131617240033
-0.0119791777382049 -0.00304253546381222 0.399248025266222 0.772177141390885
-0.00663350982540516 0.00315211168704732 -0.201474900205774 0.599116956944921
-0.00271214748890578 -0.00394549239126099 0.0254660547530812 0.075702274871822
-0.00384647745959001 -0.00300179143121046 0.152299718170297 -0.485022786023607
-0.0196022885241218 0.00749537562439339 -0.528850491635617 -0.709127949921579
-0.0125725642414978 -0.00039084797009693 -0.898940968010476 0.106604034784622
-0.00427238829090304 0.0201082009164079 -0.197841649417591 0.717802613181599
0.00415313420870706 0.0287869530344434 0.345294198157894 0.413051001337935
0.0215680896732386 0.0217836675418366 0.354385133180072 0.0251488708606927
0.00883397111578367 0.00656544693214279 0.118653902687298 -0.210123370758354
0.00849935623301328 0.00464710428667894 -0.100265225093671 0.129897936781462
0.0116467297214341 0.0308752143179986 -0.221293648068997 -0.0576367875510347
0.000310672199900272 0.0118448404632343 -0.168780780837694 -0.405367257909194
-0.00876134909062386 -0.00296708236021302 0.347370169525301 -0.551077351586851
-0.0253088644210215 -0.0172911780325874 0.803979402727185 0.078262773529281
-0.0110139494034935 -0.00910863530096814 0.410222322826608 0.762464769079109
-0.00275245428745415 0.00169088823100656 -0.188197823296372 0.598108554299635
-0.000556657766209945 -0.00285567609961165 0.0317388602464851 0.074201702973053
0.000271538627090756 -0.00531537058220888 0.16129263518722 -0.488594370893508
-0.0185682786918309 0.000362157976243629 -0.520694961761543 -0.720684179793883
-0.0180250066925062 -0.00145446585199686 -0.906460601464562 0.0925932137216785
-0.00355597666109683 0.0293173351117923 -0.211724823898651 0.708708544615254
0.0114761442167849 0.0405958925558607 0.339310882314775 0.415057000103528
0.0295129111044784 0.0265879678548054 0.351315148510242 0.0310948438087268
0.0153880818353026 0.00370188960634816 0.109323907090552 -0.204299160326471
0.0129655088994676 0.00412857087708011 -0.109075818810124 0.134213746296893
0.0149467187473802 0.0327151753564781 -0.227611065406992 -0.0499403671242439
0.00181129511349639 0.0197566174611972 -0.182413437178771 -0.404112518331325
-0.00934430067218073 0.00424362929447839 0.322737590929993 -0.573520087894314
-0.0262867062874299 -0.0185736828748468 0.799727844497284 0.0367737956520552
-0.00863611781688831 -0.0125252881437644 0.435526169803887 0.738005364264408
-0.00174045215894787 0.00153892432340707 -0.167373819918661 0.59575001037663
-0.000901847256637185 -0.00234881179681285 0.0379069676922379 0.0729589196525633
0.00242960689699051 -0.00601102272898333 0.176908922639504 -0.489476076929218
-0.0166605553376436 -0.00469025819743814 -0.4996875058565 -0.748003783897227
-0.0191757696154557 -0.00308224130414838 -0.915552268540719 0.0484694860254666
-0.00295378879964737 0.0355042327042819 -0.239380278801501 0.689573920922552
0.0137076609300613 0.048828331211943 0.325522468786961 0.423066251577291
0.0335903650414359 0.0287988444159816 0.346313265606857 0.0423710264768086
0.0213701896809957 0.00317714893908169 0.103862344618826 -0.198522461175884
-0.0142374285982759 0.00251052619233242 -0.082875100329579 0.144111789535997
-0.031267833192345 -0.0015806406059756 -0.241619634052903 -0.0416154907873841
-0.0401429616949088 -0.0385478774155426 -0.253883190017563 -0.363839889507141
-0.00137220415197779 -0.0376527703665978 0.226517710185891 -0.604248947136482
0.0126307462595669 -0.0111459353786244 0.804043012138089 -0.108770729135302
0.00084889027963778 0.0269549452119559 0.547353400750284 0.64053584515511
-0.0302487507310772 0.0243503635388831 -0.11007625836235 0.605236453302672
-0.0319378297536564 0.00335761072033929 0.0278111071555587 0.082446460772189
-0.0288541931222944 0.0157974035104404 0.214009570437298 -0.479661695403485
-0.00830993121709087 0.0391578362761691 -0.409536315690161 -0.828907785103502
0.0287533566256313 0.00158120042030797 -0.928132856023885 -0.0765401224943353
-0.00124375671063756 -0.0129556149359894 -0.333840476439484 0.680403090393463
-0.0391453391317083 -0.0191598710792484 0.273881878443036 0.458245526484129
-0.0229252529091037 -0.00994385460885152 0.342297311438626 0.0499351361546651
-0.00524835114410792 0.00689262377487539 0.127486310550964 -0.207638816398943
-0.0150188239273082 0.00252529922977215 -0.0784693532656598 0.137852297841903
-0.0273503438517201 0.000856783708415177 -0.235235630727718 -0.0513738372308157
-0.0335559122944645 -0.0396929682992428 -0.231848855271004 -0.372967990539045
-7.54017262695095E-05 -0.0386700215082926 0.268437216649379 -0.584409698296038
0.00833618222255887 -0.0101800866369965 0.815459702965274 -0.0483173545253659
-0.00387544704123468 0.0261126319800752 0.51309008033329 0.681812571113802
-0.0281619126065422 0.0209186995141572 -0.140006603587008 0.607795185660048
-0.0273960728818006 0.00208511956697231 0.0224763538239829 0.0830509275676711
-0.0258154514393995 0.0137603958351951 0.192202862294718 -0.481222568222487
-0.0102795902847924 0.0369473423757451 -0.45233360623272 -0.791754994720537
0.0232956645131778 0.000824070585208041 -0.920025175070881 -0.0139673928859287
-0.00408001895495527 -0.0122989718383153 -0.290980169574636 0.703149337334443
-0.0354468868351095 -0.0152793233531558 0.298201172551647 0.448536916680094
-0.0193087185343152 -0.00391020576113132 0.349555686710661 0.0384523418485983
-0.00806697343860502 0.0081564405604937 0.13029831945657 -0.2126247017762
-0.0134049961538214 0.00316539066228764 -0.076154470505223 0.134679936958332
-0.0212904286516161 0.00483152933460118 -0.227373305028219 -0.0582230121298927
-0.0258130713653122 -0.034741479003883 -0.209501397614345 -0.383651431874768
0.000570922397821146 -0.0352064652524061 0.301486510962166 -0.567555060114847
0.00128341533095145 -0.00974304261378217 0.820427445436724 0.00552390926247707
-0.00783071273189684 0.0214789402931632 0.474196149391749 0.719835695528388
-0.0247746467698186 0.016037623348945 -0.165278717197978 0.611323646396026
-0.0203662741725218 0.000953560279587234 0.020398607042894 0.0816863588960641
-0.0205494208596308 0.0114185177794259 0.171624796716394 -0.484166880365862
-0.0121185956516489 0.0318082866510969 -0.489934794382943 -0.760138874250553
0.013411354975197 -0.000286174184976722 -0.916192866324846 0.0449989376776964
-0.00616604124119093 -0.00755938765063776 -0.249598745731028 0.721233410058336
-0.0276424891658489 -0.00765528131146897 0.323308977081497 0.435808958399441
-0.0112905681115675 0.00199187223228511 0.35462048094432 0.027722378775211
-0.00707705572114947 0.00875441971381965 0.131400933457097 -0.217083307558887
-0.0103109138692794 0.00358398919268306 -0.0771047458582838 0.132640620056883
-0.0113184505806308 0.0109468201555329 -0.222823918241772 -0.0624783762840531
-0.0164011708759951 -0.0252203520235112 -0.190876640175419 -0.392338523865851
-0.00198478309670129 -0.0288767058601232 0.329241843685154 -0.552481242180513
-0.00726582263344158 -0.0102742983805921 0.822911871055445 0.051871205984608
-0.0112342606249858 0.0143606034406886 0.441052035663367 0.750077792741518
-0.0188057173457341 0.0109302152108822 -0.184741984247391 0.610961410065051
-0.0130878737410964 -0.00111550948366708 0.01916392726225 0.0805016900374024
-0.0153053228189113 0.00609410220228563 0.155987681480956 -0.485181459532068
-0.0156136869944907 0.0240385289635173 -0.518356708245644 -0.728153979430481
0.0025651601612382 -0.000312649243139063 -0.908645229885224 0.0894961203307592
-0.00627975448067872 0.00112030403535699 -0.214108228165518 0.731676958322433
-0.0175262613549631 0.00381893616988945 0.342532202320894 0.426000086542943
-0.000960721632244942 0.00971212945086762 0.35829725567079 0.0200639454784541
-0.00376619951798523 0.00861164647727442 0.128168245279607 -0.219117197637087
-0.00457965515665156 0.00414566216642237 -0.0825480914469199 0.131626411332627
-0.00226477272210604 0.0184158036690718 -0.221177258549723 -0.0620118426228754
-0.00982522916537714 -0.01324356931922 -0.177734087053934 -0.400260936887894
-0.00423333615972692 -0.0202150639642391 0.345409481592151 -0.547991687825647
-0.0147221722444911 -0.0133599427182578 0.818600059931273 0.0780079995981515
-0.0127487275228973 0.00588569841874346 0.42228168472132 0.767037968349469
-0.0121622654184582 0.0071305799055302 -0.193164556333081 0.609896514335406
-0.00736819309880974 -0.0024939696454288 0.022494890982422 0.0785002367507006
-0.00890171327640462 0.00152874614399122 0.146160245533788 -0.489519221050157
-0.0179169874927047 0.0162712138423788 -0.540691714659103 -0.711202200260314
-0.00584201437491652 -0.00050468466255196 -0.904564750677193 0.120212348375258
-0.00556960575610275 0.0107430085163581 -0.190279520268907 0.733764897194694
-0.00457865564808308 0.0173624919484199 0.353611884388465 0.416502718427638
0.01116001847728 0.0155479997597966 0.360959727430117 0.0161642774115201
0.00189784751889734 0.0080266703416784 0.122418891130968 -0.218165610684125
0.00161211553016038 0.00491088796945197 -0.0904515726435213 0.131885800087724
0.00582306678364656 0.0256971174481164 -0.221655130352489 -0.0593677234954768
-0.00395007895170732 0.000584260342426472 -0.174153954193408 -0.406102918607968
-0.00781846454319585 -0.0111875071108781 0.350149700281322 -0.551495295918863
-0.0221911959745363 -0.0156417408381239 0.816054119744589 0.0837035043120012
-0.0126321562579007 -0.00227465786518503 0.414490075754016 0.773271978220118
-0.00633311640737493 0.00326009769806979 -0.192262156571386 0.61014675228116
-0.00250588584440486 -0.00373933797398483 0.0271090032937553 0.0763818103480898
-0.00324610006548963 -0.00297197208966591 0.146369616560933 -0.491515968896178
-0.0191969002082617 0.00867818606390767 -0.547406960036465 -0.707789003577553
-0.0133846107540151 0.000564813375202644 -0.906710729527109 0.124747196537045
-0.00370236352951328 0.0214798074803637 -0.187765199883035 0.72941241740748
0.00496854466238725 0.028817224259008 0.356092826003752 0.413655225549924
0.02206887430461 0.021564047229796 0.358774913303593 0.0179683654273918
0.00898092788849299 0.00581643384809953 0.115789147957556 -0.215066846256917
0.00777803377284148 0.00476251410334384 -0.100105232095044 0.13419305125082
0.0119025847044238 0.0301521931489845 -0.225764895264434 -0.0540459016310363
-0.000417219870103885 0.0133727765998123 -0.178923841365181 -0.409327059538501
-0.00927158741572711 -0.00266094866900496 0.340806764580186 -0.565017093666254
-0.0261981620207132 -0.0174463941992235 0.813711706638081 0.0638184717246163
-0.010896065699543 -0.00821368248224962 0.427387364965344 0.764856391323823
-0.00272169968177943 0.00123431803545464 -0.181216145797112 0.607830258707805
-0.000416705051752877 -0.00320032028640745 0.0331091844072804 0.074034297508584
0.00066346365762412 -0.00519262838561755 0.154612147983789 -0.495510666217989
-0.0195186653409569 0.00162315025135451 -0.538269038933843 -0.718095707433013
-0.0175342951297577 -0.00125937932532918 -0.91357393444328 0.106882812168933
-0.00239986170107848 0.0292022893374143 -0.2026202393232 0.719428486738058
0.0126376604045847 0.0405049702473461 0.351125895119912 0.414130063861304
0.0302254166751801 0.0257831568289666 0.355838408724451 0.0242978025056233
0.0162610405849226 0.00300287266032971 0.108726372668827 -0.209886248112019
0.0130855950296964 0.00371139263272486 -0.108631718264989 0.137790966982887
0.0152963616696007 0.0328636522550117 -0.231819537624836 -0.0471421793339444
0.00189119753131457 0.0208922283049763 -0.192987385813573 -0.408097308700049
-0.00901134384068471 0.00420799883434007 0.314272075503551 -0.586542566000899
-0.0266086805637369 -0.017775022008613 0.810183404286297 0.0235369560483064
-0.00908932069231667 -0.0117790873352459 0.452802382771477 0.737656359796947
-0.00119710096395594 0.000843457919523342 -0.159251286175174 0.605920634729161
-0.0016354885215507 -0.00308300988264493 0.0393751729461479 0.0725200814969634
0.00277556361006048 -0.00619689824858057 0.170739278809726 -0.49685469620014
-0.0165214395874368 -0.00402738536436575 -0.51826341931133 -0.744912452719062
-0.0198306992783391 -0.00230600348993875 -0.926029757128062 0.0655011557720331
-0.00244569168342989 0.0360089898004091 -0.231741348533699 0.704100833525389
0.0146393584407028 0.0496236664132756 0.337172524640463 0.421579722247395
0.034224525457329 0.0282314379219088 0.352424572936846 0.0354033973298553
0.0214545781843873 0.00299062976579072 0.101623397723202 -0.20312745044942
-0.0143460071670182 0.00181582057896141 -0.081919976841244 0.146511901432015
-0.0314860521059607 -0.00137007323081728 -0.244722844235837 -0.0377805961705669
-0.0417182216383004 -0.0379979861708063 -0.263902223728921 -0.363089416167984
-0.00198138970440528 -0.0383933596647425 0.214831926679599 -0.611572412702591
0.0124800426366567 -0.0114461441354662 0.809184716609115 -0.125476813466514
0.00155572911444651 0.0274947346582868 0.564330897544216 0.633663111680341
-0.0293452185941581 0.0241985926727227 -0.100236064692076 0.611935977664883
-0.0318031071332614 0.0036197320179964 0.0291820662329759 0.0816573541120046
-0.0285704580436538 0.0160089904194221 0.208647022883082 -0.487682161725033
-0.00736669195530962 0.0397170204784471 -0.429523781809265 -0.827965779385459
0.0290204192784384 0.00141663588817776 -0.936413601058221 -0.0601373442841772
-0.00106982521133835 -0.0129984565191521 -0.322545816906327 0.69282696297135
-0.0395359776673581 -0.017489526566516 0.285481677632121 0.456902977019605
-0.0229234382322326 -0.00887057544037153 0.346619148790248 0.0430230532758874
-0.00579207393069184 0.00596343360141688 0.125123747373371 -0.21198550937248
-0.0156175023223595 0.00199274317337154 -0.0761560310862624 0.141998273149568
-0.0277529877928853 0.000534650107281429 -0.238319616211442 -0.0474043990074242
-0.0351459478878293 -0.0393678460019771 -0.242014592477786 -0.373602691470626
-0.000375153762631387 -0.0396476163693322 0.257012813920746 -0.594853569188817
0.00802386812480838 -0.0104887625350147 0.822203126492091 -0.0643649163201899
-0.00375828114172125 0.0266582972886895 0.530234152298629 0.677352912824532
-0.0278191285441324 0.0207975193236085 -0.129804520254912 0.614543501859687
-0.0268558598019095 0.00254897925357574 0.0239437741573094 0.0833542984995871
-0.0257384071320267 0.0155468280598042 0.185834543737819 -0.488687915497211
-0.0091790499449379 0.0375144212853411 -0.472104909833915 -0.79084656577044
0.0228214835970312 0.0007208508427821 -0.930401797162485 0.0041935999560555
-0.00368444751566293 -0.0120123181285666 -0.277842864172801 0.715688016444696
-0.0355562289589296 -0.014529575636945 0.309915617173156 0.446947782503721
-0.0198562633695905 -0.00382186179790826 0.354678741659517 0.0312475969733462
-0.00781378695380113 0.00813165520251571 0.127670473438796 -0.21799152454669
-0.0136721464964171 0.00326734282690561 -0.0748125221901288 0.137074619669018
-0.0207940556430185 0.00467789987449481 -0.230880068241064 -0.0541259232561875
-0.0262429957584053 -0.0349087608732593 -0.220079594014048 -0.384184738895214
-0.000237373270682517 -0.0355635935344494 0.292518429850702 -0.577936142738933
0.00157475468851188 -0.00983015252879864 0.82825115408398 -0.00883084711362258
-0.00754420241382073 0.0222877020842443 0.492959203703687 0.717078012748694
-0.023799505098711 0.0160414737712429 -0.155883986039136 0.618265556226412
-0.0208451988000079 0.0007335260294629 0.0212087026805959 0.0826370807376516
-0.0200290555204536 0.0116101133540852 0.164201420874762 -0.491687854433108
-0.0114976248002861 0.0332141373197125 -0.509764448296763 -0.757360130915887
0.0139046166423871 6.63531011933019E-05 -0.922494733595487 0.0612260482566243
-0.00610874745428389 -0.00742835016060694 -0.235025001361568 0.731745286415669
-0.0277687294340083 -0.00604239556026832 0.334542985049552 0.433565772641733
-0.011087508915255 0.00273172326867118 0.358737124114432 0.0193923679967567
-0.00672100092169922 0.00905864401023521 0.128714855890311 -0.222435795516717
-0.0101416257939072 0.00296917878454015 -0.0767091261531916 0.134837139414045
-0.0116190879114923 0.0115916170691002 -0.22687503053168 -0.0577590122817452
-0.0178397175281528 -0.0251620668118804 -0.201303492145762 -0.393610042358231
-0.00176237019160958 -0.0295196784937034 0.321493643801752 -0.564456797206983
-0.0077578777692613 -0.0106297684154716 0.829545365046624 0.0366597549466797
-0.0113240571413217 0.015064105947861 0.461925814571026 0.748315851246645
-0.0176971794788093 0.0116712332370148 -0.173901964926668 0.6207691540229
-0.0137421363239577 -0.000809442369754653 0.0216115305304162 0.0806663794852483
-0.0148694777516627 0.00683166440081038 0.148568126438326 -0.491948629644774
-0.015062483349394 0.025814286581392 -0.53919534346957 -0.724158144115388
0.00347359081877239 -0.000822282615031152 -0.914435075692321 0.109239418734381
-0.006407648177423 0.000825301956276014 -0.200789830670811 0.741726156066478
-0.0170147578038942 0.00397696669448983 0.353763899207939 0.421059725955616
-0.000808160023997084 0.0104954560278609 0.362644006673103 0.01202344134723
-0.00299612916145723 0.00898842311025151 0.126113279823315 -0.224027417473358
-0.00476079629042401 0.00355309553522485 -0.0820385801207957 0.134564719983363
-0.00248740038216695 0.0188187541015262 -0.223827804808678 -0.0583530910804503
-0.0101602132781557 -0.0124528716142857 -0.188599676877414 -0.401436591011253
-0.00483352080189972 -0.0207877779240249 0.3380673305391 -0.55936545177801
-0.0158363914739197 -0.0129385010929111 0.828540473207673 0.0650484533892922
-0.0129349802609498 0.0061864841558353 0.438769566639826 0.766275672521393
-0.0118036916854599 0.0067312966810919 -0.184052859227455 0.618812271894418
-0.00737522868870587 -0.00250350020839186 0.0242152218947063 0.0790097571682458
-0.00873430126858477 0.00148573971928442 0.13917769883108 -0.494713401138624
-0.0175266068707723 0.0171706777254349 -0.558655267507182 -0.707407644530437
-0.00652731810526188 -0.000212819598476764 -0.910750096617216 0.137772590834203
-0.004858659899628 0.011089017545273 -0.17900422993514 0.743989971867854
-0.00506621071482105 0.0171499742229768 0.365916588185581 0.413087141285034
0.0113229413843242 0.0167895950234796 0.364746735317308 0.00850276256768869
0.00244471942547146 0.00765702580875542 0.121138948865089 -0.223098809325566
0.00103784271970686 0.00358144564489479 -0.0897324841738553 0.136264419321424
0.00523377566175379 0.0261712735740499 -0.224580688143141 -0.0559043068761361
-0.00384101704121694 0.00155263741855309 -0.184125674092694 -0.40760243564836
-0.00776884366121526 -0.0119256202547007 0.342984218634604 -0.56426454505683
-0.0224431202434427 -0.0148962960250744 0.825172245993548 0.0691463676794357
-0.0118880081644402 -0.00131810482813217 0.432836269589772 0.771702732166405
-0.00670480811751126 0.00296825810861269 -0.181848730290176 0.61686021732546
-0.00294222052431794 -0.0036850310705408 0.0288913503607657 0.0755287973349042
-0.0037869888547957 -0.00266362849485887 0.13837519816679 -0.497388919969667
-0.0194470549909521 0.00872941488711409 -0.565803953494799 -0.70277278615593
-0.0141330055120276 0.000589638343574207 -0.912473798738901 0.144002288099102
-0.00318858353961801 0.0213130852646884 -0.17426762983113 0.739723423075596
0.00607513439752346 0.0298761870915931 0.369901396271527 0.408790499582299
0.0232706229962311 0.0209491350074309 0.362748478118072 0.010308752586932
0.00908560907254569 0.00586385162371895 0.114653113895966 -0.219795950702129
0.00790385755195894 0.0034095768867837 -0.0988786235907932 0.137687325803219
0.0126057100629837 0.0309715235863888 -0.228028723330779 -0.0495128837988861
-0.000180606960615963 0.0136729539263024 -0.188494547670862 -0.409672519354916
-0.00937532857071953 -0.00219224047305139 0.332184030946312 -0.577483333325732
-0.0271241972390292 -0.0169656054134088 0.823603594589997 0.0498863576966303
-0.0112399798631952 -0.00704799542718842 0.445247620807446 0.761111487609416
-0.00231760999434661 0.001271136075389 -0.170547426362522 0.616066687995319
-0.000560015960097617 -0.00411786786537434 0.0351869443265405 0.0740393518456981
0.000764208016680309 -0.00524764753188836 0.147833579705985 -0.500845948405557
-0.019099250647644 0.00188045295822065 -0.559171394751813 -0.714396470926996
-0.0183886299187774 -0.000366094206120961 -0.921388369418939 0.127624816824878
-0.0019107227389208 0.029870434090824 -0.187963433597369 0.729179196442766
0.0142713391040831 0.0414642888754003 0.363914834431316 0.410768398533734
0.0313178886691825 0.0252599388843048 0.361110657255957 0.0170005618250886
0.0161508864715389 0.00429586596702035 0.106128117354841 -0.215009266050497
0.0131244297397164 0.00262786744801899 -0.107821958266879 0.141625891940708
0.0171715881138408 0.0327283448468083 -0.234395745890122 -0.0432953037376276
0.00266188906486488 0.0214798532683351 -0.203926868189898 -0.40864844986099
-0.00882020186836072 0.00459091796106643 0.30387393077723 -0.599313923924192
-0.0278751940754567 -0.0169829414026917 0.81779265905855 0.00870885914388455
-0.00880933071912149 -0.0111066551298062 0.471417546364891 0.737396556773213
-0.00177740443113925 0.00126327215722794 -0.148714896082014 0.612778975014638
-0.000668328385144406 -0.00236688745084024 0.0414989744689795 0.0721481828672271
0.00264134809528557 -0.00664178359330609 0.163111366194219 -0.504073041642888
-0.017343280300754 -0.00272478882827347 -0.536164967734733 -0.740685925617858
-0.0196298880431523 -0.00185650040974235 -0.933589024228161 0.0839084442919144
-0.00185063933246094 0.036384365054865 -0.21977378544741 0.71394754647153
0.0157323108383293 0.0498236154515034 0.348469229763977 0.417995415126351
0.0355363141404451 0.0276831069463459 0.356809632056754 0.0283051301541411
0.020982625634434 0.00256050128478735 0.0981616062194609 -0.207386258286362
-0.0145392691445963 0.0019838032537573 -0.0795752538439384 0.150070366305285
-0.0312752179141061 -0.000693814420700857 -0.246676123215826 -0.0329408608419527
-0.0422183290902625 -0.0373497072206656 -0.274506312318784 -0.360453163736091
-0.00238508077894059 -0.0388440096741631 0.202332018295994 -0.621901022971606
0.011997009901787 -0.0114654281022972 0.809768113472111 -0.142204227072128
0.00200451641445846 0.0279508989511836 0.580199993066388 0.627443354815189
-0.0297104506299418 0.0250971057521769 -0.0890109799507414 0.616683506839425
-0.0323062024599245 0.0041364010741097 0.0304842093553573 0.0811929146545763
-0.0286086448158515 0.016867744676239 0.199485421665851 -0.49388468674975
-0.0069965211111626 0.0410093504335126 -0.448495967421067 -0.822678209495953
0.0295299446249572 0.00100814714740286 -0.943652996035351 -0.0402009912239261
-0.00140584974380017 -0.0132053868560204 -0.309494401780656 0.703096742952889
-0.0400672383412701 -0.0172681478432218 0.296160925672777 0.45454577368555
-0.0240247575889209 -0.00896826307539909 0.350983813205587 0.0365209704895843
-0.0058465919584434 0.00716758951231437 0.121596624510003 -0.217077711197978
-0.0156402807966988 0.00258597877183543 -0.0747092864094311 0.144586564269515
-0.0275816743852743 0.0016232796512271 -0.240436646666017 -0.0423900726596544
-0.0362091942719565 -0.0386672303311835 -0.252232678730599 -0.372189588042026
-0.00155008641207587 -0.0396668099047209 0.245154855474558 -0.604088437266138
0.00830032840698937 -0.0095656787044439 0.822809518853225 -0.0838888752414421
-0.00288930922120866 0.027403206096814 0.546367534524978 0.668873257983035
-0.0277712099115397 0.0219844098127698 -0.116850533620957 0.6198876362107
-0.0277487721142525 0.00259853280496893 0.0260189251297098 0.081974693982069
-0.0246495834399644 0.0153968762965261 0.176566095500719 -0.494038910573947
-0.00899346137219328 0.0388137261294525 -0.491088093459971 -0.784108134983372
0.0223141184188686 1.3579934527351E-05 -0.934123912618881 0.0243410367845214
-0.00452712210061422 -0.012295091518244 -0.264116614189085 0.722860884998706
-0.035881655216301 -0.0136670375358767 0.32260739736879 0.442911797724174
-0.0188649002539084 -0.00352066645020675 0.357639697887699 0.0229648909568003
-0.00746467783357852 0.00811924391632083 0.124509560640586 -0.222102357756385
-0.0147036969641877 0.0025155219988635 -0.07281637430717 0.141183355193602
-0.0208621495055299 0.00525793488115726 -0.233715675065516 -0.0498033905138894
-0.0278617446975006 -0.0346022990017913 -0.229765823380737 -0.383223334816889
-0.00118248683902906 -0.0360923726578887 0.280109139882857 -0.587378700362271
0.00127330962548135 -0.00922405842939896 0.833565340078385 -0.0267381254413
-0.0078913841919733 0.0228906970847053 0.508686911193157 0.711501932750048
-0.023502243299398 0.0180779124303459 -0.142649823878265 0.624958325678181
-0.0211305757541978 0.00107962253654493 0.0236684589551388 0.0818432393154637
-0.0199702768256369 0.0119570487393311 0.157017374905746 -0.497602365656577
-0.0107876486138048 0.0340411902389203 -0.528721621071839 -0.750032349994721
0.0129245326184806 -0.000928037530350073 -0.928806750865065 0.0849999839941851
-0.00651370233025284 -0.00678246880432829 -0.22060331889398 0.741497011169133
-0.0274252499135249 -0.00643211330667571 0.346562088289528 0.428053650266254
-0.0111457255092529 0.00336906880502111 0.362609183469254 0.0110955874869707
-0.00640838516153604 0.00968201666533088 0.124847603056812 -0.226956549837726
-0.0112230377143866 0.00255042084215832 -0.0748277977278202 0.138929772052662
-0.0113112202779201 0.0114696517961267 -0.22803295269365 -0.0538255835031391
-0.0186210214601847 -0.0252209989838583 -0.211552774900842 -0.392855143215826
-0.00292485065721795 -0.0295490569358084 0.309368602814693 -0.574386765898186
-0.00762696654545299 -0.0104978858056493 0.835520497850178 0.0193609646859952
-0.0105043022273558 0.0161612840868415 0.477455649343857 0.743080346000342
-0.0178017712178035 0.012192093876513 -0.160386143641928 0.627685858928926
-0.0133186781070599 -0.000894367198398897 0.0228725736400023 0.0811722814726871
-0.014331247834232 0.00663425854271908 0.139451264349981 -0.496600921377306
-0.0145842758941951 0.0261330437609776 -0.55646175515774 -0.717148368981883
0.00295492113638069 -0.00064685436504356 -0.919281640640297 0.128664055763896
-0.00690283494935699 0.00110032119203006 -0.185615623158808 0.750471792310823
-0.0170959209750234 0.00522770731952528 0.364143396562888 0.416707340735146
0.00039886203156426 0.0092865363243994 0.365920125369489 0.00280270331195555
-0.00369751268173866 0.00929577731450311 0.122106591814204 -0.22878438618816
-0.00586955155870649 0.00342492540385361 -0.0801771608296669 0.137945309065229
-0.00166640589458397 0.0189453156684861 -0.224897424673419 -0.053620582859992
-0.010210770172334 -0.0122505705784559 -0.200946992639315 -0.400232818165316
-0.00564288211833041 -0.0209447726959473 0.327073271922815 -0.569523991438448
-0.0164611917832347 -0.0122738779684387 0.834450450529709 0.0473410236699838
-0.0127813260543465 0.00792167999984413 0.457058681582991 0.761235790268712
-0.0111833605318009 0.00697825629710791 -0.172171402097126 0.624508054310001
-0.00694994073139735 -0.00217074549940265 0.0261313661890432 0.0785651815552472
-0.00865447750588157 0.00154039530869005 0.129080708411397 -0.499940892950561
-0.0169708691488935 0.0183401036090999 -0.576889772270573 -0.698147310349888
-0.00621420206594204 0.00062264073375869 -0.913761482013637 0.159172569770854
-0.00567293875166025 0.0110864723728139 -0.162095039616575 0.751666028334349
-0.0041400253071699 0.0172881847503143 0.376744834482561 0.407570188520788
0.0120334500318492 0.0158619385845288 0.367427127072934 -0.00053140780115029
0.003046211974554 0.00810826821880163 0.116386672935639 -0.227595957214122
0.000951262159667753 0.00426531859146757 -0.087316593055431 0.138449163338734
0.0064264560135187 0.0257120159112061 -0.227247794800734 -0.0513190272539625
-0.00472122866743944 0.00127274990287828 -0.195096822791784 -0.407059923174603
-0.00803743220730353 -0.0113857497465656 0.32994553905621 -0.574526338503355
-0.0233679984818284 -0.0145558021273629 0.8306701107816 0.0529759020147137
-0.0122373234595124 0.00039721431036571 0.45119371680422 0.766867609516648
-0.00669076625367114 0.00328303286166803 -0.170360740489649 0.623576768448914
-0.00245722657051361 -0.00331790807116847 0.0309310932643929 0.0760141249877225
-0.00252494985747733 -0.00224916074336279 0.129851102460079 -0.501804586204227
-0.0191215502507259 0.0100761011751878 -0.585641058286928 -0.694031916743182
-0.0140718621931394 0.000185792526351147 -0.914921672258244 0.164848579556927
-0.00328899420991402 0.0210729483417628 -0.159797531795539 0.747107196790722
0.00724586644605157 0.0300382609259121 0.380865389048624 0.402573363152109
0.0237181171939623 0.0215673322572616 0.36645163664772 0.00150179610489708
0.00921987413373779 0.00579459029554289 0.110578360725052 -0.224250356508914
0.00674010479489604 0.00287661063042928 -0.0967865166836838 0.140689057788299
0.0129972064641804 0.0299051386800058 -0.230809088888287 -0.046540030247995
-0.000219176090344433 0.0134588028765113 -0.200676532966714 -0.408824658498864
-0.00982722112176765 -0.00240612526087493 0.320111358696085 -0.586780153984511
-0.0270610791315424 -0.0160170127420982 0.827382619052027 0.0351397378981926
-0.0108319154235491 -0.00707242765526143 0.462906212457195 0.756002039751604
-0.00270140119977933 0.00126622804963009 -0.157481498739794 0.621217860877139
-0.00054534957863042 -0.0033994557364299 0.0367448705184485 0.072963274801226
4.61835143044636E-05 -0.0056619533762773 0.137748782664041 -0.50686472010938
-0.0188282395764144 0.00198903737540053 -0.576761685913861 -0.706286092000682
-0.0189354568205486 0.000989427380905721 -0.923961335110223 0.147494676723675
-0.00120572709166853 0.029555539760187 -0.17528848447702 0.73794732734315
0.0146897401084918 0.0417676976892866 0.37579296631088 0.406187224609851
0.0316378190552538 0.0246647916676449 0.364063352290187 0.00868079297748852
0.0163768176220635 0.00328860423410196 0.101984900883405 -0.218310516465983
0.0129086682478963 0.00190554077153872 -0.106649042901683 0.145861434400146
0.0173941234855133 0.0314334646760048 -0.237329950274691 -0.0381239702720288
0.00260661081720888 0.0217140018171981 -0.214477341008691 -0.407093947176331
-0.00880238029406964 0.00456961070786559 0.294021028649229 -0.608830228053864
-0.0284231697898045 -0.0163840360856836 0.821811562655481 -0.00947117091204149
-0.008934314321284 -0.0104065446325547 0.489292998152661 0.731052775897018
-0.00117550407186808 0.00115803318806696 -0.136554261621074 0.618851621716708
-0.00058730655581485 -0.0031332844638073 0.0438450667064649 0.071606154750121
0.00270215119530868 -0.00655684982017602 0.155385849961646 -0.508023088494173
-0.0166545569050997 -0.00251034105543406 -0.553604678526329 -0.732925345092429
-0.0205062523329718 -0.00191926970079351 -0.93615954372542 0.105418505089753
-0.00084082094662451 0.0364093991085694 -0.205377932944012 0.72276099919554
0.0175605871525049 0.0499275993533431 0.358647059774498 0.412860290791069
0.0359673125079335 0.0275291759261834 0.359936664892252 0.019661693548504
0.0219287127358365 0.00160633200300022 0.0954082213670668 -0.211709471205652
-0.0148230240353626 0.00188749491751101 -0.0779448256642394 0.152372836097297
-0.0319110319894732 0.000515956603479915 -0.248989157963988 -0.027324551065889
-0.0431308398194783 -0.0362739467370694 -0.282730832365477 -0.356792382623993
-0.00388532207471133 -0.0395386446276456 0.187989288680464 -0.627393502625293
0.011950865443134 -0.011575127392081 0.809242138167038 -0.160913663099709
0.00245073675803629 0.0285990422074435 0.59344706234719 0.612737650726674
-0.0291055614063399 0.0259764909567347 -0.0748393785371224 0.618763771994735
-0.032160262109948 0.00509412739576863 0.0327169003461642 0.0808522760279995
-0.0273924956669196 0.01756356808299 0.190268925996575 -0.496772626805098
-0.00602012024592889 0.0411281354129523 -0.468638020647055 -0.813402174296492
0.0290665638768807 -2.24094571188473E-05 -0.94799915760595 -0.018321356867585
-0.00174951857360145 -0.0125033435014372 -0.294457270409164 0.71056993005936
-0.0397978418651268 -0.0163155283526802 0.307197447987826 0.448114410955711
-0.0236466219074042 -0.00756694930112691 0.353289399998959 0.0270299647966722
-0.00526456359909831 0.00666021489820177 0.117693859797711 -0.220261906258406
-0.0161425432764618 0.00218987858291219 -0.0724699839920557 0.146743616694179
-0.0273685046968621 0.00142988804363573 -0.241729961271405 -0.0374590140705033
-0.0370827709262673 -0.0375152027172872 -0.262324695639578 -0.36751092996093
-0.0028288004686266 -0.0397053517236513 0.230088394603302 -0.611437138079906
0.00757039730778619 -0.00988791959498334 0.824036407654438 -0.100660524646968
-0.00189761405971211 0.0282226813767969 0.560706321570925 0.658618161136099
-0.0268958673115254 0.0225697582257233 -0.103094282004456 0.623091026487404
-0.0269989141399711 0.00332108459730126 0.0274849115881187 0.0819317332653931
-0.0243032301164114 0.0160091600796661 0.165898541451608 -0.497042361672841
-0.00747021213936012 0.0389175790092515 -0.50810122649781 -0.773502655054875
0.0221170420568649 -0.000288567729408995 -0.935451747927143 0.0447531678593403
-0.00486006557027779 -0.0117119868815953 -0.249744009948845 0.732823197245515
-0.0355291068648513 -0.012803276984256 0.333019075265657 0.435818974576126
-0.0199851788676621 -0.00347816863917746 0.359665193584321 0.0139583900257042
-0.00758789520939078 0.00880716060675636 0.119768740500046 -0.226103820989584
-0.0144459896231697 0.00340193227014995 -0.0705086059078548 0.143391716268174
-0.0201112669768757 0.00569509247776477 -0.234887009873727 -0.0448671677641483
-0.0281253788821435 -0.0338932304581747 -0.239477585798329 -0.379753801314173
-0.00208205993135812 -0.0361651214898597 0.267725785223091 -0.59600172821608
0.00042008686993022 -0.00911430188008559 0.8335385259591 -0.0439605405712759
-0.0067504107513398 0.024098045756514 0.524298040435142 0.700594430418264
-0.0229462032121493 0.0175341583827024 -0.128651701197769 0.628534237711882
-0.0200826356488739 0.00178540685965345 0.0252807768871061 0.0812465535958579
-0.0195722525744263 0.0118155484211095 0.146070462787238 -0.499768863769426
-0.0105548473898621 0.0342333739753326 -0.54697707174918 -0.737748138000964
0.0131036838539214 -0.00100159867650451 -0.928548684609376 0.103304347998112
-0.00697014964417095 -0.00698973601408704 -0.205235153309726 0.745907266379847
-0.0278911132250857 -0.00441458475651488 0.356163740276359 0.421392740643873
-0.0110139326881123 0.00325290678080701 0.363256129666599 0.00233870603463432
-0.00631397984851414 0.00980402989330748 0.120561200968672 -0.230261274804401
-0.0113519253200686 0.00290883941784861 -0.072406725531266 0.141071746248002
-0.0112923821781555 0.01167709106374 -0.230127052888352 -0.048566018001184
-0.0197441366543902 -0.0241959732478231 -0.220861829790264 -0.389944239810943
-0.00380435796255385 -0.0295892746750241 0.295578366253 -0.582277079667083
-0.00821821714063306 -0.0100361513653293 0.835594340218931 0.00318556716189208
-0.010274463284431 0.016664163466572 0.492800334060657 0.73248130543297
-0.0176826956314026 0.01199578464813 -0.148883596564483 0.630786363532856
-0.0132814770351291 -0.00128255806226562 0.0243046351539802 0.0801599730564777
-0.0138715180235291 0.00693898183194668 0.128372041369654 -0.499374102855034
-0.013578234558106 0.0279735842150624 -0.573747885254392 -0.702954165423323
0.00279460233309952 -0.000268685207195297 -0.917478364737511 0.14825871302868
-0.00608622788253669 0.0011579804959337 -0.169601610666776 0.754642394139409
-0.016436150726338 0.00595387787905344 0.375721698467005 0.40948069336034
-4.42249447454284E-05 0.00984933357906405 0.367682749878155 -0.00582107563650784
-0.00268270204816845 0.00952109282057638 0.117597791335 -0.232373279172411
-0.00535425962177088 0.00320963053659437 -0.0782934411504652 0.140309073850924
-0.00133747480722646 0.0186061180915903 -0.228081586211336 -0.0490072962674333
-0.0111367121500295 -0.0124017851607474 -0.20868286053494 -0.397171347766229
-0.00634670079870087 -0.0209277375854811 0.31506143435907 -0.578367154946817
-0.0164095270914321 -0.0110538787591661 0.836838396647883 0.0304514183644283
-0.0117510308563056 0.00856681001984515 0.473612313746006 0.753337537870366
-0.0115755995704075 0.00745055964854555 -0.159041345014282 0.628748184525844
-0.00697949304885063 -0.00275547087963103 0.0265405880306687 0.078056854551402
-0.00829156029989958 0.00204023443750368 0.119997933746366 -0.503000765983625
-0.0165804249365396 0.0188983361182613 -0.594441614229014 -0.685051988048051
-0.00608075247205712 0.00073216801553793 -0.911580707041148 0.178684764560521
-0.00485535785841563 0.0112574081780107 -0.146939061725112 0.756646411396322
-0.00405645821532534 0.0173171880271629 0.386831779086674 0.398783157498767
0.0121637072289675 0.015868158874292 0.368828467836074 -0.00933752364400391
0.00278518616031826 0.00771618837227936 0.112919052727773 -0.231380622531741
0.000745937658019402 0.00228384821523721 -0.0861545629329037 0.141924731636041
0.00664467248599761 0.0255053396698972 -0.228450532113035 -0.0468664151302243
-0.00445840082531011 0.00218183207705224 -0.205643376672856 -0.404351803451975
-0.00890146596624708 -0.0119172584230992 0.317720198423959 -0.582309710248851
-0.0234089989735472 -0.0127294012502764 0.833076502557065 0.0332045378164816
-0.0126468492641444 0.000606289599550025 0.467608756603738 0.758658713735261
-0.00604635996225992 0.00283004713062788 -0.158088203025387 0.627596029495361
-0.00215077564713515 -0.00429815709703313 0.0318901968018656 0.0759845397454081
-0.0032298401707644 -0.00263763607497358 0.118842601135683 -0.505166066014791
-0.0189495105226377 0.0106143737510733 -0.600433469067748 -0.681309204351331
-0.0145160908154901 0.0011118973451319 -0.913031915485686 0.185182867810495
-0.00220975708963773 0.0208094254330086 -0.14245405586793 0.751228225043671
0.00804848035980594 0.0299368678814222 0.391324382693273 0.395208005131102
0.0238138568636211 0.0208905543121542 0.367906206101323 -0.00783379472762529
0.00891285268537827 0.00576488427948935 0.10634763198975 -0.227631797538814
0.00766251713116509 0.00286799530745359 -0.0946908437400116 0.144295999919377
0.0137452713554589 0.0298940460438231 -0.232277233239518 -0.0407832087385544
0.00027987247788682 0.0134616647352929 -0.211103341664943 -0.405978354356462
-0.00954129308292274 -0.00264223014104553 0.305342518295909 -0.596837988499684
-0.0280940363605843 -0.0145784921095335 0.82859310136075 0.0173928669754243
-0.0115649564607401 -0.00537909276218952 0.479504317344786 0.747155797530414
-0.00249069052684265 0.00126191810949376 -0.144903625164956 0.625458425221785
-0.000295616572083245 -0.00359035464801069 0.0384472538366244 0.0727922990300521
0.000774093816368266 -0.00570893821069836 0.127797442324476 -0.509344834536439
-0.0183576777699849 0.00262988428156369 -0.593541375646652 -0.694063280639693
-0.0191710990740663 0.000767796436072152 -0.922150077415033 0.168447587843432
-0.000213477739591739 0.030130534720038 -0.157406587599388 0.741921108083845
0.0166843036151655 0.0410011098963916 0.383659107337987 0.39704017086909
0.0332623813510088 0.0241115772196435 0.365530161019355 -0.000998988179184885
0.0156690329375642 0.00351001203528268 0.0982302734253039 -0.22099837334973
0.0117564566795578 0.0014051859697566 -0.103554177761119 0.148083742017642
0.017870076370976 0.0317777919556244 -0.23814305993628 -0.0328523984473281
0.00337438559312521 0.0217658298995835 -0.225605845801803 -0.403886385139142
-0.00941976411177993 0.00512097369790737 0.280052835480647 -0.616601389683797
-0.0281579540171405 -0.0156328519853047 0.822729789350256 -0.0267897117937649
-0.00912198162825829 -0.0101136734672079 0.505477207778788 0.719989820354264
-0.00164691163549248 0.000107108078519706 -0.124169511938776 0.622210430334914
-0.00080195100968771 -0.00283936061606629 0.04522073866992 0.0709538469750877
0.00316546173208931 -0.00596240843869034 0.144228361014779 -0.51355321350491
-0.0168965902427944 -0.00174000318860798 -0.572713619698282 -0.72025731983931
-0.0209584078701937 -0.000907557396264847 -0.936669586002272 0.126458533280195
7.57141505492234E-05 0.036342431267807 -0.189843631893912 0.726279677963699
0.0186086368986152 0.0499309879492757 0.369202110433615 0.406485500712452
0.036646665631088 0.0264246524841997 0.361715724280317 0.0118191594330632
0.0212219372726465 0.00165624327182507 0.0909895919492824 -0.214220306805455
-0.0153449870919987 0.00210236674370657 -0.0746428939646798 0.154253200658089
-0.0321005435048573 0.00140793782095386 -0.248661044244945 -0.0223285705791147
-0.0438379682631946 -0.0352736543527592 -0.291784803816735 -0.349525291843048
-0.00433647995303092 -0.0396529896786503 0.172632776617052 -0.631261609404175
0.0116223353180885 -0.0117059063835173 0.804439687475847 -0.176165378319278
0.00346375719886077 0.0291655527829239 0.603225934256282 0.600798136859317
-0.0285149369648711 0.0263417786403187 -0.0623468194316255 0.618442632405625
-0.0313629715243123 0.00508432043017084 0.0341827510739351 0.0799407131544652
-0.0268513340707829 0.017774538859257 0.178482629606563 -0.499889194985023
-0.00453572694846395 0.0413157882114829 -0.483585575281619 -0.797833584252961
0.0298046049716882 -0.000242612526990784 -0.946954121361548 0.000897158999739814
-0.00143501464494872 -0.0132366605366825 -0.278144836453099 0.715664649696354
-0.0397957069035332 -0.0144664154553444 0.315566602459041 0.439964352733245
-0.0237101224588322 -0.00750937977527088 0.353778907327422 0.0181024848942248
-0.00479679243973213 0.00683448359013269 0.113069683790767 -0.223311456320492
-0.0160388352098992 0.00271388179276087 -0.0693377663022183 0.149235762135073
-0.0270498440697883 0.00227110637082296 -0.242522237298307 -0.0318912600344664
-0.0374468981403547 -0.0367767921999664 -0.270275947159032 -0.361770800083924
-0.00359610110579499 -0.0397251037440522 0.21360748616424 -0.614785161589911
0.00731862065452885 -0.00976919643020072 0.81803347925014 -0.118201513580991
-0.00082015032952684 0.0285052118801815 0.572488843192498 0.643790697359811
-0.0262507112517251 0.0227971534080346 -0.0906918411702312 0.625140363304653
-0.02656990143603 0.00405048261554107 0.0290053157427118 0.0808598045261749
-0.0236432322484917 0.0160164142915529 0.155392281330085 -0.497591247399598
-0.00680872017550964 0.0394148704110959 -0.526508775328083 -0.761797137265521
0.0226891247410894 -0.00107672417223474 -0.935506263153807 0.0646802987983688
-0.00426698288129116 -0.0120085321867525 -0.231411576688799 0.735573748927526
-0.0362430264174217 -0.0118513250297619 0.340820071180875 0.42889314084063
-0.0195438704334661 -0.0028224395784373 0.359969954218436 0.00558708026124377
-0.00784992662915348 0.00860856167236384 0.115921087976358 -0.228387419311046
-0.0154275041594012 0.00301446540963409 -0.0681401838252589 0.144924813585185
-0.0198370938241735 0.00597929982857741 -0.235951167285767 -0.0399703760209225
-0.0285522002258327 -0.0328604623773438 -0.248240673938717 -0.373668221702909
-0.00287719607957291 -0.0367283978552631 0.251888214352514 -0.600077316420647
0.000544271875137186 -0.00875039503336707 0.830255593905618 -0.0636873617954095
-0.0056722031220794 0.0247151947356138 0.540851701634101 0.687699391311213
-0.022325608368957 0.0180488563498284 -0.116253657397516 0.629230668123972
-0.0202550909262559 0.00155984931673107 0.0267672968739327 0.0805861617575618
-0.018954257852131 0.0123718445354377 0.134802828398332 -0.501123338722609
-0.00928788255566342 0.0344328168259623 -0.560593951891206 -0.724296638250184
0.0132693201203522 -0.0012712743863327 -0.924898050244347 0.123318585860178
-0.00650366283147145 -0.00724628584252833 -0.187914953011236 0.748685183196174
-0.0282063433066103 -0.00376489657383761 0.365987544282146 0.412808690879666
-0.0107472889317599 0.00350464537558924 0.364023092381898 -0.00602780007740547
-0.0054784362998394 0.010547818105271 0.115733402518623 -0.233613794871317
-0.0110472405984665 0.00289563656272081 -0.0703429952626571 0.143030513674348
-0.0103954520911495 0.0125131563655433 -0.231656355674857 -0.0434254900540361
-0.0194361671343362 -0.0238190691388493 -0.230770239414658 -0.384122125463445
-0.00464093480768903 -0.0298367604514217 0.281156337749524 -0.587839083060151
-0.00799048015192245 -0.00899559354398981 0.83507737025773 -0.0147253581146759
-0.00896925058638061 0.0175860642226555 0.507528213010238 0.721237640478726
-0.0176043199212933 0.0120756944382317 -0.136007578956695 0.632243225396188
-0.0127057867819301 -0.00120240478435406 0.0261321175907262 0.0792299053003095
-0.0140331389645725 0.0076669498127344 0.119155830123643 -0.500452936565093
-0.0126378698484929 0.0273134728002394 -0.587525892492406 -0.691544561081252
0.00304993263206183 -0.000714083634681872 -0.913149382177361 0.170017680594293
-0.00638312641813297 0.001112083218014 -0.152908990859883 0.756868143258415
-0.0159157056348898 0.00692628503068721 0.38587439756593 0.399229009356711
0.000485531814143269 0.00930834929164963 0.368343753765933 -0.0145213625328588
-0.00329346980143779 0.00956121231016308 0.113185459670581 -0.235456123541143
-0.00571628761321171 0.00347824520236968 -0.0746890769347929 0.142708994807262
-0.0017561811340554 0.0186562920709556 -0.22903549391918 -0.0443924869398641
-0.0112048829012873 -0.0111944463458329 -0.218052833031233 -0.39376801552117
-0.00659366393509927 -0.0210609631858349 0.300535550741487 -0.584469401384141
-0.0174161035142562 -0.010191728778358 0.836398759776349 0.01202154941455
-0.0116833104196585 0.00902307588424922 0.489846148297495 0.740539455415759
-0.0112655927663453 0.00691449168307544 -0.145248209287794 0.629565431493788
-0.00636608920362884 -0.0022536454375331 0.0283394732890619 0.0769103794782557
-0.00782728918618302 0.00230684394838331 0.108820057996199 -0.504732990860382
-0.0159091220251226 0.0194760188509414 -0.609566843216407 -0.669170971283377
-0.00654625902096545 0.00114417730330258 -0.907114633289102 0.200327026642692
-0.00420076042198238 0.0106065076165425 -0.127047156121568 0.757776233082321
-0.00277480927474715 0.0178031903748631 0.396040971785674 0.38981171664305
0.0131066591005762 0.0157501352916684 0.368058680899655 -0.0184366437969211
0.00300016136173317 0.00781403722069134 0.10748693905633 -0.234045745855834
-0.000653682390039507 0.00301133796240973 -0.0829415766422427 0.144075869964673
0.00776122007845821 0.0250390101757896 -0.229441627747807 -0.0414485085260872
-0.00435845914695128 0.00232800048329492 -0.214873691812656 -0.399238008215444
-0.00912688666321644 -0.0108402953452001 0.304434310164392 -0.588068820439563
-0.0236345412361074 -0.0124548216610088 0.832340203819502 0.0173194498163147
-0.011754287776803 0.00158167393369504 0.482164568220014 0.748168779930321
-0.00631154851065337 0.00298784486541691 -0.144165323549654 0.627820695664479
-0.00213487820866394 -0.00396621986007364 0.0339207852468591 0.0750842383265064
-0.00273310886371869 -0.00274577765401823 0.109148239660451 -0.505784133320079
-0.0182157805624187 0.010694581268989 -0.615339192540385 -0.667858729578934
-0.0141830456703223 0.0010141343087031 -0.907797462766475 0.205351155979028
-0.00220157333796617 0.0209963032563255 -0.124265478971287 0.753223305361924
0.00875268383787885 0.0302738098915791 0.399066016828251 0.38479282653637
0.0247532562070759 0.0200634247545812 0.368154917042165 -0.0165880164482594
0.0100127969446272 0.00576538570650826 0.100753380749845 -0.230065967864232
0.00750644752330542 0.0025975538133918 -0.0923192410604116 0.146179911305015
0.0152204100371937 0.029574652503598 -0.233442919972025 -0.035862851040197
0.00058509646433839 0.0138286619187988 -0.219111363213819 -0.402119382338324
-0.0107462089993266 -0.00224368300124471 0.293612135537573 -0.602894214217101
-0.0278435509094293 -0.0143209077426656 0.829346105594363 -0.00179912038499902
-0.0108594126980606 -0.00507017742222031 0.493718873649159 0.734254457487133
-0.00273267144643535 0.00109405146972479 -0.132186902916398 0.626677961800914
-0.000233613657277171 -0.00405847368486539 0.0396432138620612 0.0710206427339155
0.000702129683167626 -0.00647009925658521 0.116990960263947 -0.511114680518428
-0.0185249061148579 0.00392159446524843 -0.606976640207823 -0.67870065579917
-0.019281633638802 0.00108739062597765 -0.919000486209498 0.18823796760215
0.000135525109095213 0.0298308145726836 -0.141604936359506 0.742660597026531
0.0177895425298923 0.0414781096166193 0.392994600444551 0.387950592147975
0.0332010740666369 0.023231213452819 0.365600564888673 -0.00970653182555915
0.0160317241866898 0.00295179424298325 0.0939386097808443 -0.224167041817162
0.0115537000378429 0.00084675739170592 -0.101172423530799 0.150783892382306
0.0183147881791106 0.0318551130452694 -0.239297595251051 -0.027655336256746
0.00356714143961323 0.0218206508170886 -0.23476916730135 -0.398652577178665
-0.00951036448191505 0.0052253770947715 0.265000651777611 -0.621683655712919
-0.0287365147647635 -0.0142155163795852 0.819697877703503 -0.0440014750096141
-0.00913498562157557 -0.0089586590520644 0.517757552364543 0.707639713542771
-0.00139026718317038 0.000222649662628156 -0.109127112237353 0.622412638412344
-0.00144690285522932 -0.00293293238465742 0.0471263411584954 0.0704205792606786
0.00295236281689056 -0.00624742047953826 0.134213546636632 -0.513672193063574
-0.0168199938297606 -0.00151701416567038 -0.586538595257243 -0.707803704730053
-0.0204458547880424 -0.00079402976639938 -0.934010984187227 0.147371832879414
0.000591328448527578 0.0362863494373352 -0.173437881626508 0.730757208818845
0.0206650767489189 0.0497970960742103 0.378186924091122 0.397281108011395
0.0368568280353495 0.0250577274778417 0.362527960164657 0.00282903236733387
0.0222388784340291 0.000757941419780571 0.0862277144650504 -0.21614444715364
-0.0159117094187395 0.00234333716108548 -0.0715036701821636 0.155110665302514
-0.0314265453647064 0.00141351897744747 -0.248500956029751 -0.0163495336257647
-0.0448888758027246 -0.0339519831043159 -0.298050435025068 -0.343019587946614
-0.00518651085894123 -0.0391451585440912 0.157088870010618 -0.631436887258926
0.0112109347727345 -0.0123968626321692 0.794503754526263 -0.19262260699147
0.00490889788297326 0.0301318974207246 0.612580209573679 0.582110168594044
-0.0270693864016373 0.0263558962913847 -0.0501984741288389 0.614921292818342
-0.0311312574743131 0.00620111756023915 0.0357992347261271 0.078676526639872
-0.0253739415766364 0.0185559452424702 0.168631841016759 -0.498813629800754
-0.0038993255091335 0.0410290602819824 -0.500398406886865 -0.785994699728428
0.0284768078381943 -0.00155563162556971 -0.943493605511259 0.0229646598551864
-0.00213064264082669 -0.0129571847294687 -0.261783219790693 0.717972591066776
-0.040028600660481 -0.0136079763917848 0.324440904033018 0.431014954364995
-0.0235977720317428 -0.00733232984951804 0.352488708447789 0.0105376128731507
-0.00537475880994595 0.00716282563328842 0.108837672990535 -0.224800639136446
-0.0169363952762378 0.00267112963636643 -0.0662812115739666 0.150871621051436
-0.0277518693422127 0.00264953334928442 -0.242487465248923 -0.0271937590447985
-0.0380976295060521 -0.0357352995634117 -0.278006398444161 -0.354321363150284
-0.00411464842782054 -0.0398057982907527 0.199324298274298 -0.617811534274998
0.00674992796481832 -0.00972953793297386 0.81221436759419 -0.135980755828508
-0.000198984294767212 0.0291628996351528 0.583007024568078 0.629846066172472
-0.0260269897181508 0.0228364661876678 -0.0767106512248076 0.620597295422307
-0.0256057787698996 0.00450144916877457 0.0299691930756006 0.0794303969501544
-0.022351419340709 0.0166940455884855 0.145559318268463 -0.498276128867308
-0.00536528286237812 0.0394284965745239 -0.537960448464584 -0.747132671220746
0.0222448879060698 -0.00102000759682397 -0.929716795088483 0.0836216906782807
-0.00509086523149655 -0.0125115132644358 -0.216255552297724 0.73693702504393
-0.0360475719745561 -0.0101910409498754 0.347965684118035 0.418849430644466
-0.0197134555273895 -0.00212631793532571 0.357846476757583 -0.00331818213981566
-0.00737241226870154 0.00843500000159001 0.110028422293939 -0.23066956195432
-0.0160820963851199 0.00269787792115797 -0.065425778146702 0.146253847562409
-0.0196623607613911 0.00683252646416322 -0.236343574467975 -0.0345172324675048
-0.0294985282120742 -0.0319900963323249 -0.256178268213384 -0.367964451874265
-0.00417256773187045 -0.0364108493260516 0.23943825046369 -0.602264478566103
0.000153580088393571 -0.0091984818086839 0.823867127844446 -0.0775429858378667
-0.00455203552746786 0.0253201364526769 0.548865027094503 0.672061422092403
-0.0221823309986761 0.0183176466752714 -0.103325981170653 0.626456239058102
-0.0200937049647432 0.00188349691207785 0.028002247383287 0.0794002165179101
-0.018612754179465 0.0134645266970859 0.125519120705998 -0.500339673596499
-0.0090669972448633 0.0350341795536444 -0.571855402833667 -0.70734469140426
0.0129019795401435 -0.00121898877892273 -0.915549317928449 0.142950055440867
-0.00621481491212571 -0.00695390368272772 -0.170608410833728 0.749083824384677
-0.0275062380737621 -0.00274843184218724 0.373522752318119 0.402237834262825
-0.00969452703582361 0.00326135083684041 0.363118471807689 -0.0154708457165239
-0.00585785210290755 0.0105153762831159 0.110499000559854 -0.234769099489243
-0.0121804103065727 0.00306883407654895 -0.0671753713060369 0.144317433119086
-0.0105092133372389 0.0119865330216924 -0.231233760913244 -0.0382041476875815
-0.01945479478602 -0.0230579350426342 -0.239490540294227 -0.379366556750094
-0.00474720534722814 -0.029344019885834 0.26687290420157 -0.591828719942782
-0.00815591329479732 -0.00903505005787223 0.829822938823297 -0.0336737832744236
-0.00924141771189164 0.0184966085066458 0.519461171463081 0.707410681001708
-0.0173070213216701 0.0119880181880662 -0.121376899192216 0.628722517488992
-0.0126362015754063 -0.000460199235920703 0.0272265947845153 0.078086749212463
-0.0135282904213618 0.00766464997779895 0.110099456730494 -0.499558916966999
-0.0121042976776318 0.0283014920127353 -0.59798757468605 -0.675261063879072
0.00262572968581354 -0.000390545454986879 -0.905460162009255 0.186440445784531
-0.00557538355594038 0.00138196700828557 -0.134539403912208 0.754954233998632
-0.0155680577669767 0.00648458140273823 0.389694308403146 0.388899871079265
0.000910598083109868 0.0101110147420431 0.365393944223528 -0.023057728055576
-0.00244370280106389 0.00981711552894099 0.108150832281298 -0.237583168210443
-0.00676516220816159 0.00262341408721656 -0.0722210058645255 0.143390435079163
-0.000862885742485256 0.0187681420698693 -0.2284668030021 -0.0392067886528173
-0.0116013406390414 -0.0105602979205984 -0.227062710324347 -0.386788845643317
-0.00715895884937891 -0.0203746555490944 0.285073742985794 -0.58760265798682
-0.0167926079460482 -0.00995650251129891 0.831121229659692 -0.00427635696807145
-0.0106873194782206 0.0100057647060681 0.500188884465733 0.727628666438784
-0.0108124183069944 0.00699240450886611 -0.132355393605863 0.628536392943783
-0.00631531784609328 -0.00236238446539924 0.0303219665184919 0.0760168615068636
-0.00827778182694731 0.00184735627187936 0.100338769946098 -0.501529396889656
-0.0157693358554422 0.0197743989224435 -0.619651148368237 -0.654465061544243
-0.00682892158922881 0.000735380327024835 -0.898841006138795 0.217103928094538
-0.00381591581568212 0.0114066314720484 -0.111019308553228 0.757007874371907
-0.002777023246292 0.0186001312705032 0.402060990463781 0.378432518740594
0.0133489402420345 0.0150717258712884 0.365811884404326 -0.0268174246176856
0.0028760211635891 0.00815832358667558 0.102130411020223 -0.235928199720827
0.000261309625578293 0.00216198927675113 -0.0797287423426794 0.144692714436413
0.00792078115391521 0.0249566667988514 -0.228995052472178 -0.036479319820606
-0.00413883111314986 0.00152756994525647 -0.223112052818685 -0.394157724221811
-0.00995101327788036 -0.0105310369586372 0.288082111284521 -0.592111701735403
-0.0239969745804409 -0.0119677573207322 0.829189480433242 -0.000811771802726754
-0.0118171759318502 0.00294074854714369 0.494783037443111 0.733493030331403
-0.00647979852051512 0.00297543404668015 -0.131125122743068 0.628240327571451
-0.00215602941409863 -0.00410032302074411 0.0350703120192731 0.0734719341096863
-0.00326014118606033 -0.00281679565140847 0.0983222813878215 -0.504707652528822
-0.0177489668019768 0.0117165668965001 -0.624226947983243 -0.649554482463549
-0.014742047497903 0.00157240520517018 -0.900237982687244 0.223727855732056
-0.000689840515568554 0.0209204377380967 -0.108281325940771 0.751598693569324
0.0104878468243728 0.0304777195090975 0.405474840771731 0.375238563706887
0.0249365261621479 0.0199666289327424 0.365439338172489 -0.0251453875457373
0.00929168214797776 0.00549607764365042 0.0958289458883649 -0.231732679669234
0.0061140149455635 0.00164421333627929 -0.089500859913952 0.148127372308559
0.0145811575649515 0.0293025356248514 -0.233559588338035 -0.0313696636047165
0.000978724319666253 0.0138682552467146 -0.229239879572644 -0.39496433528021
-0.0100092109232656 -0.00198464366861045 0.278063616508044 -0.605118186491229
-0.0284575107498402 -0.0135948498484694 0.822344206540519 -0.0174683062993833
-0.0103979520217542 -0.00400736282259477 0.506313494944309 0.720258404771436
-0.0024179619545713 0.000850432063584625 -0.119506567474656 0.623380479976339
-0.000188190976835339 -0.00453933472649451 0.0413429931402109 0.0696850970774579
0.000714451171257095 -0.0061321259119894 0.106158003455451 -0.50821822443614
-0.0184966814063406 0.00426624908351296 -0.615455668087905 -0.66175102383046
-0.0187994021835534 0.00133623350291817 -0.909375757196469 0.206812655109377
0.00102544660903356 0.0301250999489174 -0.123746880336588 0.742153088537788
0.0184636311478383 0.0408007935484763 0.40018550636221 0.377366185389103
0.0339172239004081 0.0228172718072528 0.364454350028637 -0.0180471792897824
0.0173912931291573 0.00227555614753454 0.0892263033899266 -0.225429234827261
0.0116896660503538 0.0005603730484738 -0.0980892085685642 0.153037641798438
0.0194267539131888 0.0306132028087614 -0.238922318424408 -0.0221975065814554
0.00378632644411683 0.0217113435878947 -0.243238034431088 -0.392640057714506
-0.00917217141009411 0.00507646006472088 0.248321042433906 -0.625053719195426
-0.0295286237573645 -0.0140022069828022 0.816148403630682 -0.0584429585242749
-0.00914030438654007 -0.00879214965176308 0.530457572677634 0.693320214673936
-0.00132499141471754 0.000186901309519392 -0.0965750080989232 0.619802235239586
-0.000971460232490954 -0.00284020044969095 0.0471781035810158 0.0680540353289317
0.00299629800242072 -0.00601605325930836 0.125202487196028 -0.512543822949739
-0.0160719552255246 -0.00106845419013198 -0.597993566043288 -0.691080538251359
-0.0209019471174118 0.000124328407418248 -0.923408339456375 0.167305170526261
0.00117739067209558 0.0366196402831005 -0.157113578595954 0.729197620400983
0.0216149463649027 0.0495955963338768 0.385314340947398 0.387156696748503
0.0373476151232642 0.0242805354608486 0.361174655208556 -0.00645922899544323
0.0219759373078311 0.000192236871148042 0.0817240776448746 -0.218034450762836
-0.0160389545129876 0.00163328967692262 -0.06866815485715 0.157079374454183
-0.0312443430649731 0.00182397901752204 -0.246775700315751 -0.0117679395215219
-0.0451197337532959 -0.0324036887552625 -0.304127274488956 -0.334692179205537
-0.00575597057848564 -0.039295009201405 0.144701489596511 -0.628565272837546
0.0109586985372072 -0.0110733419938146 0.784351465540487 -0.20779036290319
0.00545133110282399 0.0296747562653363 0.619867509752736 0.565151154709399
-0.0268324937340089 0.0264833785717148 -0.0381603708569022 0.611080134788305
-0.0303427215933034 0.00531095713799571 0.0362997295719629 0.0773074224002349
-0.0243060888707229 0.0186003176991522 0.15867316394161 -0.498692849431361
-0.00218603428598968 0.0410846720228863 -0.510681046137946 -0.769649718172284
0.029169997034024 -0.00142165503646495 -0.935815833055507 0.0398006011598539
-0.00254847648966016 -0.013012539882279 -0.245022024066008 0.716753577729924
-0.0397735135593723 -0.0124656056865068 0.3297597974168 0.4209036750537
-0.023956445388493 -0.00642414330762927 0.351171484488209 0.00188888971169624
-0.00454214065876065 0.00731497329911082 0.103290561255387 -0.225630338203257
-0.0166147869263344 0.00222808003978577 -0.06329357354672 0.151256409034018
-0.0270583633438032 0.00282347363175223 -0.241250855721007 -0.0211098303996497
-0.0385371609801795 -0.0345694733914798 -0.285022152827989 -0.347270147821231
-0.00507829542656357 -0.0395952483197529 0.185878670124407 -0.616429167678624
0.00744263114198606 -0.00935983868330048 0.803174281734144 -0.147816719476852
0.00026091966580633 0.0296959623276883 0.588713167344739 0.613588987995249
-0.0252650620407003 0.0229240235448188 -0.0644713309685777 0.617873585703101
-0.0258256983905649 0.00430204424037885 0.0322613128722746 0.0779333064002044
-0.0220671276228774 0.0169522652993088 0.135739458888917 -0.496842397109242
-0.00457191203078575 0.039482129509573 -0.54794645834653 -0.729319370652219
0.0221984445159181 -0.00185188010559176 -0.920844763004405 0.10058946577954
-0.00573720679020285 -0.0121236321326954 -0.200405985630397 0.735303390123475
-0.0355005567876658 -0.00993968897904918 0.352844015777783 0.407167889730693
-0.0193034524738495 -0.00129999162028084 0.356378614962167 -0.0113581044924186
-0.00657853053951589 0.00879051449758578 0.104986857842227 -0.231146563772695
-0.0158929729376299 0.00299704764556801 -0.0620035581274797 0.146127457994714
-0.0199250510494232 0.00721446449125024 -0.234738445407298 -0.0295651641573288
-0.0303035678686008 -0.0305609792580616 -0.261635370689981 -0.360895050125738
-0.00418382109512775 -0.0363198378461545 0.223855723564374 -0.60312695130886
0.000484879145015519 -0.00822013335490797 0.815491440820139 -0.0938228191127192
-0.0043304060627663 0.0254696818116222 0.556730553213887 0.656914044728632
-0.0211187634252066 0.0191386298680124 -0.0903818513494402 0.622139992673064
-0.019350884374431 0.00255324167247307 0.0294242782872984 0.0776433132920959
-0.0178656697143166 0.0129538760192476 0.115374883823111 -0.496731068561478
-0.00784629026639542 0.0348743798830091 -0.582016455738082 -0.691618750665951
0.0129691748885695 -0.00110704442092452 -0.907406660814023 0.159538351669264
-0.00655569041175526 -0.00627292415329217 -0.155025602296462 0.746117247103229
-0.0270524702632011 -0.0028914561200677 0.378262209103978 0.391993454124495
-0.0102616220103794 0.00385406437038525 0.36001902520707 -0.0236377857055463
-0.00531696401169342 0.00971965750119824 0.105493261150293 -0.235586172607729
-0.0117399103387099 0.00256013526765188 -0.0638106939854683 0.145006085638965
-0.00999660720848304 0.0118670772703141 -0.229305724696956 -0.0350835894839527
-0.0199648918246838 -0.0228459437690832 -0.245142294618176 -0.371644017588705
-0.00540095368997449 -0.0295779227598981 0.25058506802719 -0.59133302503534
-0.00769674057748354 -0.00853515709096785 0.822842872634997 -0.048801964579066
-0.00795938989636625 0.0196970980385798 0.528792918215059 0.689808309760463
-0.0160962416127942 0.0127474135611426 -0.108977617623827 0.625921679963582
-0.0129322800433312 -0.00147561444810699 0.0284836278985153 0.0768654025718033
-0.0121056883467026 0.00814714426380623 0.10135619051198 -0.497299647746911
-0.01107899740198 0.028344771911595 -0.607055021671594 -0.655818195676778
0.00212871652687905 -0.000494250724629648 -0.89674222189873 0.2057581800552
-0.0058803483312921 0.00172402022569625 -0.119597449154546 0.752032870356338
-0.0154344719808309 0.00665389363805879 0.394896368045535 0.377904846455964
0.00146770571143532 0.00945585523494488 0.362492600017953 -0.0309099318191676
-0.00197789636542917 0.00950980869884671 0.102936693728417 -0.237806352136729
-0.00739376018473836 0.00276728640036013 -0.0698102848780724 0.143776768285138
-0.000547181383049524 0.0189950587208029 -0.227349493146252 -0.0345892596479423
-0.0118724401013346 -0.0105297912740047 -0.23452304295915 -0.380571775017377
-0.00772946487375862 -0.0202109849663209 0.27095062235042 -0.588997612904798
-0.0165032964581646 -0.00934962888546538 0.82465199643508 -0.019545827281535
-0.00968494292586851 0.0106454624553978 0.509024630836012 0.710161392691445
-0.0109522436638286 0.0070541312013827 -0.117934888545486 0.627160702633483
-0.00705933569592937 -0.0017410627648721 0.0314718557318157 0.0746457324470889
-0.00739777301857839 0.00253450539924305 0.0914644887531053 -0.500237701755692
-0.0150698871827285 0.019734349176023 -0.625720773684212 -0.637699481784527
-0.00718026534288159 0.000998419627305513 -0.887629835842438 0.23456492306965
-0.00299810182825041 0.0106928764878957 -0.0969575740614689 0.752142041212601
-0.00165027330906764 0.0185380838924394 0.406411709240295 0.367542213847773
0.0139122642728667 0.0151495475012715 0.363654825534188 -0.0355537697783548
0.00280682527149406 0.00750102441123782 0.0977306153017478 -0.236123203485092
-0.00122813759219798 0.00254489946351602 -0.0773551924729839 0.146487408295874
0.00861290853481743 0.0239679280201099 -0.228277616939669 -0.0319267749898816
-0.0041287348266457 0.00341503408888435 -0.231023606819145 -0.38703789493028
-0.00969404722498006 -0.0104979020222081 0.274085626424651 -0.593863707412876
-0.0234336521658447 -0.0111462263324972 0.822961372771248 -0.0156088306787844
-0.0108143192353013 0.00300203907008073 0.505169986047371 0.716177130374211
-0.00633467062154775 0.00254514354065853 -0.118154444425922 0.623709642504037
-0.00168448705900543 -0.0044562663307876 0.0356878604842735 0.0724015827039427
-0.00236610993541267 -0.00206155473117992 0.090316362674457 -0.501345554499115
-0.0171039525787734 0.0123424126577428 -0.630941610673706 -0.632309582101953
-0.0145404982220824 0.00180557032212175 -0.888438900503387 0.2388657638669
-0.00018224319736531 0.0204771034097908 -0.093068754013688 0.747988490746499
0.0113964269003747 0.0298243001466488 0.409443185765218 0.36295920592538
0.0254976151522107 0.0186001130188217 0.36292042199727 -0.0327777177360067
0.00962207551155242 0.0045231255218033 0.0912399250128027 -0.231827817463163
0.00488849104104041 0.00186714885766494 -0.0859096136706356 0.149657122663822
0.0156914359285228 0.0284348750233026 -0.232115202392846 -0.0263677683175155
0.00126836452395096 0.0145236039107356 -0.235370922103355 -0.389444254880993
-0.0107244074386942 -0.00168073442851994 0.262388896112239 -0.605555867553945
-0.0280770218055121 -0.0120466159702502 0.817371479245051 -0.0333717492822301
-0.00970770502303215 -0.00353662919235087 0.514700865366711 0.705001715273327
-0.00276998555930782 0.000980741278738328 -0.106153064820384 0.620946655873899
0.000408759654241921 -0.00361871932413803 0.0418418580871807 0.0688322999451945
0.000855778445342211 -0.00545129203178828 0.0968087749984861 -0.506231444641477
-0.0174005144088529 0.00446265584604038 -0.625282858452564 -0.643868884460376
-0.0196039408087353 0.00198936062478246 -0.899602389437241 0.223072333618684
0.00120657139947059 0.0301059036727878 -0.108578655506896 0.738784278896389
0.0198710942027602 0.0401270022451416 0.404559935684656 0.366791368301594
0.033509712805159 0.0214118337876219 0.361680067213737 -0.0257076722289912
0.0161598460763417 0.00214899314610163 0.0838144548109353 -0.225649364357066
0.0103195770199349 0.00082341388343393 -0.0947675447948554 0.154264410266632
0.0193748463752287 0.0295696215228725 -0.23771724711436 -0.0171981670321122
0.00447383506156699 0.0224492254870211 -0.248979340249394 -0.38519689460363
-0.0092748823271099 0.00508016027261636 0.233698889811836 -0.624677396982205
-0.0290368517619471 -0.0123016168539505 0.806927591476862 -0.0763510443771536
-0.00855359729192348 -0.00795441735967726 0.538549239955647 0.676900182164548
-0.00188498661555033 -0.000217529041386652 -0.0851070354395325 0.617186922106383
-0.000772341481302274 -0.00340953616400021 0.0485093606487409 0.0667738797010181
0.00243473370007882 -0.00727043116092435 0.114297454301115 -0.509757014956342
-0.0154539628668318 0.00017906695876457 -0.60680191758987 -0.673373873187296
-0.0205296937488376 0.000152041137441213 -0.915642371900692 0.182895472025619
0.00248267442479005 0.0357965033285802 -0.140632734147408 0.724899923447815
0.022311129763671 0.0485758434439458 0.389100216619634 0.375850834308538
0.0386173955049304 0.0235562148705628 0.357830483017852 -0.0139199445144047
0.0216262436899378 0.000189474321668623 0.0775010465977242 -0.218055963759711
-0.0163166488515127 0.00231020074503935 -0.0656207290295912 0.156880545025349
-0.0307266725367239 0.00257449682205559 -0.245056840953303 -0.00751494249016451
-0.0448863199345786 -0.0315691421216848 -0.308054849988491 -0.325756725864114
-0.0067073701331465 -0.0391322929153579 0.13041182281952 -0.625468927717127
0.0105212720124226 -0.011454810368565 0.771186528525683 -0.216585708782235
0.00666367331299283 0.0294211194270753 0.620763289371332 0.552978480749353
-0.0257963538617696 0.0266029084058261 -0.0280213258197231 0.604274664377641
-0.0294860645396531 0.00702918684480905 0.0373216952375811 0.0751984838333938
-0.0241907427850788 0.0186779116794662 0.14850383189923 -0.493709874418485
-0.0013879887650441 0.0407756417881403 -0.51625846912543 -0.752489594595037
0.0283448262862078 -0.00143485407963577 -0.924483571986322 0.0556863378869
-0.00204824005728819 -0.0127221813643283 -0.231777830415083 0.712639709022394
-0.0392078167155913 -0.0116365816395729 0.3335310527994 0.411100085096491
-0.0237934098088804 -0.00571416811718899 0.347956349006234 -0.00468380173828855
-0.00473645356895109 0.00715711019607864 0.0990660357791871 -0.225929373272179
-0.0179402412604884 0.00272440452092453 -0.0607176995505354 0.151023441059142
-0.0268996461497237 0.00397548357530081 -0.238472510149604 -0.0175552817774653
-0.0399553606979008 -0.0327507653194877 -0.288237736652522 -0.339269983066103
-0.00545588763751482 -0.0393301822665154 0.172073543827069 -0.611807962956489
0.00670304240398367 -0.0089266823696546 0.792050821121077 -0.160531589982078
0.0014820978138114 0.0292019535717766 0.593128717523142 0.59569322861274
-0.0244639412691832 0.0232260502863097 -0.0560867411928201 0.610659251925119
-0.0252772610665578 0.00499774899973674 0.0327451679966025 0.0770267127308714
-0.0211421532239212 0.0166842007452683 0.127245858410754 -0.492293833443673
-0.00397071341047864 0.0397199434074017 -0.554028034297635 -0.711811402411985
0.0214789552515155 -0.00221122630276128 -0.909431419952814 0.115449665244015
-0.0047992407888629 -0.0116824481521915 -0.183947486372533 0.729176720782031
-0.0348503494635181 -0.00856583533699504 0.356102921879789 0.397022146017568
-0.0190999787461572 -0.00147139085603061 0.35323322375633 -0.018577612190577
-0.00607061730455726 0.00943919437404852 0.100473180439574 -0.2318493670582
-0.016654303566294 0.00314581792367805 -0.0595537915957225 0.146451753743809
-0.0194913341789685 0.00727609975070337 -0.232514158140588 -0.0253241299535205
-0.0302044083142813 -0.0300537521196505 -0.266898515133468 -0.353921595246756
-0.00530026082995932 -0.0359571696550044 0.210578945947403 -0.59980248505987
0.000494396346718131 -0.00742437656655505 0.806492618611339 -0.106024535639788
-0.00275914356001566 0.0259895139306933 0.561637345252338 0.640294138562378
-0.0218014496848574 0.0177099854543045 -0.0805943381630305 0.617602258986017
-0.0183217038437296 0.00242139420652304 0.0291496740261706 0.0764229138018489
-0.0173528962132969 0.0130952212053695 0.107942416178084 -0.492635412752172
-0.00619102305832911 0.0347501912020699 -0.587163287004057 -0.672043439000513
0.0121069950068217 -0.0015989736481698 -0.895300449244499 0.174337151083085
-0.0064907411952694 -0.00682128464104383 -0.140244202226591 0.741714904051787
-0.0269719394022617 -0.00256889451280811 0.380779896282452 0.382803558125058
-0.00979467394044382 0.00417916454293085 0.356450527989534 -0.0296052092106934
-0.00546979160021589 0.00938765307837095 0.100821594230168 -0.235576273943861
-0.0126719114313874 0.00197901165588604 -0.0619103719053903 0.14594962758928
-0.0103251416832417 0.0120917884283708 -0.228475070356277 -0.0294073946053058
-0.0201521949475555 -0.0216517694528448 -0.250162245344673 -0.363710427701299
-0.00649614114666808 -0.029152974193526 0.238792510580606 -0.589872411128982
-0.00806483793315987 -0.00770168691520661 0.812536135588048 -0.0597742679491617
-0.00707922930360417 0.0187582590300338 0.53441195326466 0.674999270101846
-0.0158825632083589 0.0129616829476916 -0.0976094654220171 0.619341178805225
-0.0120374908587652 -0.000144861093502288 0.0293968924243157 0.0757517845943019
-0.0112258298665137 0.00844692130127112 0.0901825573598534 -0.492634708445844
-0.0101609099932266 0.0281949990851391 -0.611478154738383 -0.640733098437977
0.00223033351771133 -0.000221685426076076 -0.881728578078582 0.21697486579034
-0.00539316585038034 0.00124569579334226 -0.103423670378071 0.745963032988112
-0.0138486911174191 0.00723499588014839 0.397458738581301 0.366143983507941
0.00179718003102497 0.00982856901612636 0.359278164408137 -0.0379584044038401
-0.00216871998093141 0.00900427814206678 0.0984542740395864 -0.237074138208965
-0.00718202823512287 0.00276483708108652 -0.0668709138032627 0.144776246629914
-0.000218913845598865 0.0182602071608398 -0.225903362926197 -0.0299401932345252
-0.0114973978984254 -0.010076283427042 -0.239841852166127 -0.373223054910602
-0.00808260759887271 -0.0203761199556748 0.258355164880026 -0.586523176075238
-0.0163055582424503 -0.00821572597026617 0.81572661869941 -0.0334785965853482
-0.00961668395878544 0.0115104589302119 0.515657466571194 0.694202970750816
-0.0107664549286035 0.00736389350740567 -0.106375095927827 0.620144138854944
-0.00670517797562289 -0.00260217815393613 0.032805292295284 0.073868431617157
-0.00695185202402147 0.0021311793978607 0.0806698962665705 -0.494760497688376
-0.0142550563228943 0.0203472674021184 -0.629908553481919 -0.61997384469106
-0.00644176337332524 0.00133827241449409 -0.875086983506125 0.245416445506459
-0.00384807006783962 0.0105695205848879 -0.0827737102429301 0.745945473788975
-0.00052865883914684 0.0181755325850718 0.408821053720607 0.356457514100372
0.0138887465028626 0.014601219076132 0.35969180370857 -0.0429900268158677
0.00315830360759348 0.00742257669010514 0.0924365635462729 -0.235611302461373
-0.00132612912011099 0.00210777112915068 -0.0740407335822391 0.146362648526177
0.00903769628064844 0.024071494243378 -0.226671694154106 -0.0275725746609102
-0.00475743844201697 0.0029092295195693 -0.235195920694934 -0.378698686691621
-0.0093009301790738 -0.0101418859952672 0.260594787234291 -0.592055039195046
-0.0238145820588414 -0.00951884820071139 0.814427755235299 -0.0290025235785406
-0.0104508657526284 0.00336231053385742 0.509329630918461 0.700328633793318
-0.00589954054684006 0.00338932322274455 -0.10623181445039 0.617427377767852
-0.00185179232540399 -0.00392601977018991 0.0367083828337254 0.0706064057031554
-0.00236340443471676 -0.00307062321550456 0.0815465318914002 -0.49615195582816
-0.0168479849875529 0.0125553468143401 -0.634832755455641 -0.613581774993477
-0.0144759929692722 0.00266090606180568 -0.875225635920037 0.252736615833504
-0.00020039715144052 0.0203386069173507 -0.0785366825564684 0.740000715084791
0.0110335328226506 0.0292278418232592 0.411476487271865 0.353829519227448
0.0248100312925827 0.0180065286390331 0.358756076022472 -0.0408689880060161
0.00999292064021636 0.00518236625869115 0.0868360778547242 -0.231428648257681
0.0047913034050605 0.00173476299930165 -0.0835707280079753 0.149433323703667
0.0158999208090506 0.0285162519604577 -0.230037698955712 -0.0219529203478008
0.000840138516045584 0.0146303979873612 -0.240387625858859 -0.381203734943941
-0.0104132217982276 -0.00149184147804026 0.247983541799496 -0.603482729074594
-0.0279734964855749 -0.0110480997419214 0.806257868134764 -0.0466586838821866
-0.00996122137961107 -0.00339205779360327 0.519343274549881 0.688987371139485
-0.00311010020023063 0.000716417286886012 -0.0949356579814432 0.615095266883451
-0.000169139853861818 -0.00363369132250444 0.0430571018499109 0.0668134779722486
0.00056051266856756 -0.00620486921223521 0.0894862544156545 -0.500639652825059
-0.0171176825265746 0.00513170678495196 -0.630227131782689 -0.626238183020865
-0.0187145047105744 0.00214527903216461 -0.886669380198871 0.237188912990627
0.0021091390105586 0.0291702901637766 -0.0934936631581955 0.731744766852392
0.0204916805518081 0.0390262011055679 0.405601899368994 0.356765844267356
0.0339976882901844 0.0209966189395525 0.357281523057801 -0.0328094472530607
0.015809032133122 0.00184012929097435 0.080201618794651 -0.225200529738261
0.0101164125725467 -4.85888522864957E-05 -0.0917142583986934 0.155155469614655
0.0199390653969625 0.0294236907641522 -0.235948499441878 -0.0122201931489062
0.0051246667852144 0.0221897576313394 -0.255932797512007 -0.376838129727949
-0.00914752955720006 0.00529652202242566 0.219620835318281 -0.622157834517815
-0.0286382999252165 -0.0118772388285504 0.796443765514747 -0.0871655577001517
-0.00752827591735392 -0.00750062804561872 0.540955114144255 0.660240850123776
-0.00188444307091695 0.000818779766438682 -0.0735209549917254 0.610569222312793
-0.000248159021937323 -0.00329379867224697 0.0483121608924509 0.0654007298614922
0.00303140909435097 -0.00665312215387884 0.105581530266694 -0.506056795073438
-0.0153873462756857 0.000469779660663545 -0.612046559322826 -0.654691337106638
-0.0203353687641345 0.00104771926666015 -0.903053668605535 0.197669867636315
0.00343950299537302 0.0359399293310137 -0.128217398853723 0.721489609181016
0.0237921740329801 0.0477265743822698 0.39164710171994 0.364710111585457
0.0376466163685852 0.0230186503619459 0.355354813290246 -0.0210563962989301
0.0214006607771895 -0.000120750591202163 0.0733100960971667 -0.218006367934553
-0.0162592728066568 0.00266784881743973 -0.0627730229349436 0.1558159604735
-0.0307673823420352 0.0032667802380077 -0.242461708423261 -0.00375109615098426
-0.045501725410448 -0.0302276180907885 -0.309372732179098 -0.318566955240871
-0.00703207249342708 -0.0385147020763104 0.119937778711087 -0.620841564722381
0.0104078750101421 -0.011013696345156 0.760773503186866 -0.224962481336948
0.00721877547479677 0.0293136588033835 0.619672847512612 0.535765512978095
-0.0248550305447594 0.026877936238792 -0.0190252523169431 0.595534886621111
-0.0288887694679694 0.00686870439505735 0.0371207596146446 0.0736186545436325
-0.0229154273950083 0.0186605714090444 0.140903897371717 -0.489435103374307
-0.000794872305598219 0.0406404755508441 -0.519867476204995 -0.73395298339018
0.0278062715820719 -0.00162462648301519 -0.913102874713554 0.0690585982744098
-0.00213424248865948 -0.0132564933382615 -0.21823934829127 0.708132892237191
-0.0387721589388385 -0.0106816925282584 0.336193922683237 0.401179979979239
-0.0232904526478404 -0.0062801169241655 0.343525182865947 -0.0103940766109565
-0.0042710557505563 0.00681632084902202 0.0948816293537843 -0.225109956194408
-0.0182255785929239 0.00273086393423242 -0.0584835550339739 0.150391173053564
-0.0260943455920176 0.00420298055270902 -0.236961932882433 -0.013937542936375
-0.039127797350029 -0.0320919055815297 -0.290258259096667 -0.330639173226258
-0.00647944168229224 -0.0391023327449396 0.161275541993071 -0.607798861156486
0.00727502616300684 -0.00947596934142621 0.779838768738148 -0.168768194745939
0.00276370767033931 0.0292874926337155 0.592042522677731 0.579746341186403
-0.0233584710254414 0.0231907172783419 -0.0460962105959326 0.602132910512023
-0.0242175695153331 0.0049722526653213 0.0336367086631015 0.0741852496591693
-0.0204991143529179 0.0166206880514282 0.119392037369102 -0.487641166330143
-0.00293933965920349 0.0394919372575705 -0.5579653712175 -0.693641895327025
0.021457033484543 -0.00203080949519578 -0.897979024194929 0.127655169060337
-0.00508273114603663 -0.012041224139574 -0.171832165847356 0.722202335486458
-0.0342465415319326 -0.00855624090533446 0.35972445829723 0.386312130329139
-0.019574149107296 -0.00122360718152544 0.348222830696293 -0.0242835763771206
-0.00628681805914012 0.00871829193556639 0.0963702545239251 -0.230871579384401
-0.0163159235255875 0.00298681419434965 -0.0579237608053385 0.146112983863028
-0.0192387486967656 0.00766860442906417 -0.230146613554376 -0.0221457414650578
-0.0304823268941239 -0.0285799111074041 -0.270715810657692 -0.345356164365599
-0.00588044069694302 -0.0358104406134437 0.197837162366027 -0.596402587689287
0.000388652195609704 -0.00734306024263304 0.793572757273854 -0.116439036507382
-0.00221897505330355 0.0263630592126054 0.563216328333641 0.624317212307736
-0.020068050819608 0.0183718395568842 -0.0710516373006152 0.608640711286522
-0.0183614515341054 0.00254532056693501 0.0302030506849874 0.0757607266923664
-0.0160829384072733 0.0134231657415278 0.0988625081886864 -0.487540187774699
-0.00590958387248815 0.0346710586832142 -0.588658991289229 -0.655795101236222
0.0120299951086498 -0.00234371695896285 -0.882114984649881 0.185407200206339
-0.00609973851227806 -0.00614043523548266 -0.127174945198326 0.732821436769065
-0.0259486961856367 -0.00155818869001732 0.381423493803467 0.37112858690009
-0.00966286763889039 0.00410019224893667 0.352038424449844 -0.0368453065905123
-0.00482471511388329 0.00980957643971366 0.0970409786882102 -0.234787965224939
-0.0132498551677869 0.00281655606704895 -0.059164675427934 0.144518194338322
-0.00963319333434845 0.0119980807774389 -0.227186929235801 -0.0263005340200259
-0.0208954828967998 -0.0211192242083429 -0.253711067893369 -0.356658842950436
-0.00672613865918723 -0.0281255972413088 0.227673222798382 -0.586163954733056
-0.00790966774022313 -0.00684487648011836 0.802337054418347 -0.0718361571646892
-0.00672422883591997 0.0195546410619654 0.536222148966418 0.657180036856806
-0.0160733947014042 0.0125357719024898 -0.08921047747258 0.613785573390647
-0.0118745524811388 -0.000434775628128041 0.0300117544959625 0.0736415030761398
-0.0109081266099341 0.00734231199658117 0.0845008040050059 -0.486704000670795
-0.00949038170827824 0.0284880993024424 -0.61171703469257 -0.622709938168244
0.00249718659412673 -5.63159130207262E-05 -0.86870604909334 0.227520660280603
-0.00535266491574443 0.00212749308486556 -0.0920369259252865 0.737077754040373
-0.0135657078827623 0.00858569024927813 0.397361907190854 0.357643225957618
0.00166014337368475 0.0100463189146933 0.354424257209772 -0.0434509653416997
-0.00152134314433958 0.00997280048480222 0.0935580258100944 -0.236326382867298
-0.00759665434888267 0.00263593772584436 -0.0646155347458581 0.144469086364701
0.000549773296058475 0.0183006457314313 -0.22439927689695 -0.0274610280462905
-0.0114859056497938 -0.00925971088219636 -0.242924462726065 -0.364875570749768
-0.00791619140207005 -0.0204648409812056 0.245539376476221 -0.583191573640849
-0.0160832407317379 -0.00839659886527895 0.805966906523095 -0.0442878269925621
-0.00862487752993597 0.0120936269534241 0.519758228186994 0.678755067787905
-0.0104352295297401 0.00747457617266178 -0.0983164081255477 0.613353429875574
-0.00589053216128162 -0.00236730519073614 0.0330928878316244 0.0721663944423541
-0.00638066748343352 0.00196975350265962 0.0734847671688308 -0.48825873417215
-0.0137507439743398 0.0208211901717552 -0.630446946473699 -0.60273053391872
-0.00688671037647892 0.00173105717442038 -0.859741646503068 0.255940111617373
-0.00323412768381168 0.0109106203330405 -0.0700108924178625 0.737294869608481
-0.000439575218654324 0.0182159134760908 0.408585301436302 0.347048601281583
0.0137768079747677 0.0140440059441155 0.356307505086559 -0.0482780812207791
0.00350832679959296 0.0080450297443919 0.0885192448469369 -0.235193975254441
-0.00173914257439055 0.00230788269275981 -0.0720576607922248 0.145399479616525
0.00898052264375837 0.0241514610883574 -0.22458933001026 -0.0243496579232696
-0.00427630164933723 0.00352382463290554 -0.239566532286777 -0.37086748920361
-0.0103076612681753 -0.0100314903940741 0.248654260919956 -0.587609439775768
-0.0234093628098956 -0.00990214740322553 0.801268307990326 -0.041029190251939
-0.00891113244985491 0.00405159062021625 0.511098905946484 0.685002287147025
-0.00574073484419793 0.00283757472703094 -0.0960997592981722 0.61091784723109
-0.00142969213479615 -0.00400555918433231 0.0372772823993059 0.0692547125494024
-0.00239877383839581 -0.00213540970980698 0.0734153308395996 -0.491709862051865
-0.0164666179337651 0.01290781782523 -0.634846680852639 -0.597251552102242
-0.0137447091917885 0.00294632249454253 -0.860596247643596 0.262789975967375
-6.14353369103246E-06 0.020701911202501 -0.0673050047125089 0.732852296670252
0.0121843928667993 0.0288360311141487 0.411872820119306 0.341718909213142
0.0257759718429753 0.0169901532680284 0.353957177896385 -0.0452571390742838
0.00939600658980239 0.00441440351287108 0.0826706162574958 -0.230349235295086
0.00357523671656157 0.00180235405846421 -0.0798245344095562 0.149990009874894
0.016155553504426 0.0280386458753589 -0.228496828940246 -0.0183078839287088
0.00099631103597748 0.0144484085691981 -0.244383547976202 -0.372452361626311
-0.0106778286401026 -0.00145690527639643 0.23610077759689 -0.599208264831474
-0.0277057211560729 -0.0108784695680672 0.796408898130573 -0.0566130985916452
-0.00934109246497419 -0.00247440991392449 0.522727626929219 0.672922141510941
-0.00276880450684994 0.00103676511402246 -0.0866956027707634 0.60453133519152
-0.000211198504103721 -0.0039174633526992 0.0424733772901535 0.0654888679814624
0.000501836569291463 -0.00623067319461537 0.081409800980516 -0.496467494660759
-0.0168390679779346 0.00607964248746623 -0.628847898963245 -0.608213691970602
-0.018847081647925 0.00299656694060981 -0.87287819122149 0.246351875019997
0.002390828533128 0.0288846834059967 -0.0824885678086888 0.724598657952978
0.0208784190021096 0.0387798663114337 0.406201356925483 0.344597358234946
0.0336998381154414 0.019333679361926 0.352806830425272 -0.0383365082504782
0.0161496657145006 0.00119806764016005 0.0758508043759531 -0.223989124304314
0.00918582462308631 -3.26846446917885E-05 -0.0882050796160688 0.15463546660853
0.0201091194898922 0.0284384397533191 -0.233460392846588 -0.00989461722389359
0.00506600244021003 0.0219925501230022 -0.258459759033918 -0.367594828234797
-0.00889686655363718 0.00512436078874186 0.206511110325174 -0.616436289519277
-0.0281424046002925 -0.010134464299219 0.786230259913847 -0.0972131156556324
-0.00776706167930434 -0.00640732387009295 0.544296571176565 0.645777046727902
-0.00163275736227824 -2.90041666519344E-05 -0.0646511239935234 0.603510171698773
-0.00011691406562106 -0.00364214284339362 0.0491866511996385 0.0643689767535864
0.00323774287018805 -0.00758034777609958 0.0962655342700341 -0.499609053145322
-0.0152268427470862 0.00073507369339039 -0.613462156678966 -0.636757636251046
-0.0207677804582184 0.00141896757888921 -0.889596211669411 0.207210996214769
0.00324368143150253 0.0345686021441805 -0.115323241833318 0.713194798803882
0.0238746179193995 0.0473928525200067 0.392603377261876 0.354473568861897
0.0375295741427653 0.0212655502182557 0.351401350650688 -0.0270875269611719
0.0216616015589165 -0.000126503498278644 0.0701721922138784 -0.216185838263299
-0.016744598982597 0.00285171439732501 -0.0608095482484986 0.154853159187785
-0.0297018599871565 0.00337701125631826 -0.239854218762515 -0.000827273754993899
-0.0442603484194557 -0.0291054287516738 -0.310307499504298 -0.310832986007543
-0.00773857263528734 -0.0382991751112767 0.110286139831723 -0.61159462372717
0.0105103301157672 -0.0109722447799286 0.745920533330619 -0.228976828462731
0.00794950223253463 0.0291256000715278 0.617391679100342 0.523647859236098
-0.0244601430065535 0.0263412918317274 -0.013187954644369 0.587099099375805
-0.0283493383455675 0.00735783347238425 0.0381983903586159 0.0715926453013299
-0.0222950229498301 0.0183207430988821 0.134648519826649 -0.482660748631001
-0.000750355742291908 0.0404805544708008 -0.521574465480359 -0.717109835830719
0.0269740697050829 -0.00229132052094279 -0.900038776161907 0.0776821341176207
-0.00215950013046875 -0.0121694374264829 -0.208143438825823 0.699875247624419
-0.0385810806796727 -0.00997751455262797 0.336095445369182 0.393022462270666
-0.022797877771964 -0.00571879703220122 0.339199482621085 -0.014663856416497
-0.00433955690071275 0.00724132236056023 0.0908505803330378 -0.223650391960837
-0.0181691907315064 0.00289886762179036 -0.0564525222193475 0.149838408947551
-0.0254699057874028 0.00419741874001802 -0.23455352874685 -0.0114591773705167
-0.0394913831679318 -0.0309361149526266 -0.291755176456003 -0.324061831696259
-0.00705465884199288 -0.0384359566896001 0.151406907104428 -0.601877866618308
0.00673636550050094 -0.00876615558238376 0.766935538070866 -0.174478248682192
0.003077652129681 0.029994778073648 0.591347237495148 0.565677918324845
-0.0231744757870489 0.0233984578846117 -0.0409540208238667 0.595131782955596
-0.0245080177485319 0.00531072985918728 0.0339320013344405 0.0736408292156798
-0.019826277370699 0.0165700937781831 0.113560893214544 -0.48139020220162
-0.00200269233004912 0.0387482348617715 -0.555229126099967 -0.678606572237524
0.0206181584859414 -0.00225911817659508 -0.885769494472074 0.135292804896294
-0.00487848073876601 -0.0113325376920801 -0.16198594858937 0.714223749889602
-0.0337429700594918 -0.00750457889245477 0.358422729972502 0.377711065482438
-0.01871577810906 -0.000397867558745485 0.345162128053361 -0.0278859966887639
-0.00606663145512276 0.00869409330617158 0.09291431567853 -0.229231576578761
-0.0167454845939944 0.00327826484594331 -0.0558201564493206 0.145544495488963
-0.0187776608446081 0.0076990503732224 -0.228869488277054 -0.0186054984139588
-0.0301972062509848 -0.0280895169068685 -0.271451868102093 -0.338955692180256
-0.00593586635571132 -0.0353091152688147 0.187598179681723 -0.588368615014026
-4.17710982485199E-05 -0.00701962256357594 0.783182729315717 -0.121625573540026
-0.00149600408471906 0.0257268023500071 0.560844042907971 0.609829346119325
-0.0199410102145273 0.0182094546583319 -0.0629431939137041 0.599969590899943
-0.0179053849018093 0.00284758234790037 0.0315233827876803 0.0737300157515282
-0.015440284110385 0.0139066463968281 0.0932621901882476 -0.481608296014159
-0.00498540783703531 0.0346176217369047 -0.587265923164626 -0.64055623167889
0.0117005682185368 -0.00176229936033242 -0.869236760515191 0.192011902126145
-0.00648590322398127 -0.00584772901877501 -0.116458685801365 0.723974950156249
-0.0247851529447951 -0.000698294430657699 0.380785703267185 0.361984159091282
-0.00970444004282135 0.00349187084566247 0.347473893983222 -0.0397505904871103
-0.00452583001568737 0.00983166553381553 0.0931719391219312 -0.233363305519395
-0.0130452180643794 0.00269298861679167 -0.0580586261325741 0.143077532094022
-0.00966291981792852 0.0127249882293657 -0.224101914357285 -0.0226890763841991
-0.020527816815821 -0.0198749392293728 -0.254332782436554 -0.349165906233469
-0.00683868866573733 -0.0280577411318754 0.216317821445966 -0.581813902114678
-0.00784187941311855 -0.00685451982685957 0.791256534508599 -0.0803197350399341
-0.00560204983767971 0.0196183539680647 0.53567569491351 0.643278846026117
-0.0153041672633071 0.0125294013958304 -0.0804827964627798 0.604196726326879
-0.0121714351600753 4.34370759919206E-05 0.0303806813182866 0.0725609919701789
-0.0108890767847112 0.00694045626568159 0.078088670094613 -0.479340391001317
-0.00950264650234661 0.0281991754038718 -0.608981263341017 -0.606861762407782
0.00170471610629765 -3.83042144591096E-06 -0.856889943110659 0.233550614685706
-0.00553071017898773 0.00153182058804837 -0.0817043651687464 0.727159203046037
-0.0135336590316359 0.00850944731481846 0.397265554950127 0.347647590600801
0.00191651821609806 0.00912580837733148 0.350406924998588 -0.0482886834923141
-0.00174993731281512 0.0095728413405324 0.0894247381931769 -0.235033669004137
-0.00822110900446639 0.0031895436049894 -0.0625079539908811 0.14354524560564
0.000425861675909803 0.01787063722698 -0.22238185777717 -0.0244914489081114
-0.0116489389988925 -0.00955790336261117 -0.244362325902603 -0.357984812534941
-0.00848913576887405 -0.0203249063460088 0.234421865050341 -0.578920989997961
-0.0156869582334803 -0.00719968234530305 0.792836015356939 -0.053232457243379
-0.00836684365226476 0.0123332558889625 0.519613191579293 0.66378810813783
-0.0101770080724326 0.00699627254614072 -0.0895887063873021 0.605608233183402
-0.00555978851668442 -0.00240089094203211 0.0322774707695334 0.0703647035754567
-0.00591814405490525 0.00189126971199646 0.0683371806551171 -0.481858708151226
-0.0125391241066589 0.0203832273882508 -0.628595326242929 -0.586346186880562
-0.00686678074369327 0.00183471978475741 -0.847554637529237 0.263518106593019
-0.00267191323776735 0.0107402332014566 -0.0606811465682203 0.727782954284726
0.000284752727806706 0.0183764916465197 0.408008424658492 0.336463615287408
0.0142751381097682 0.0141077446320528 0.351005219605153 -0.0511585902200462
0.004067697519056 0.00748684430668918 0.0850562095052695 -0.232529587439722
-0.00237779946655026 0.00259852580618574 -0.0697239260796274 0.145997851206305
0.0097618032330822 0.0234699008995977 -0.222773333697335 -0.0218654710561237
-0.00411466966647722 0.00331670892122184 -0.241313810124956 -0.364339794252454
-0.0102455630302048 -0.0098344202988927 0.238651382306024 -0.584051001834124
-0.0230998627135981 -0.00921143306884125 0.788898671024185 -0.0479077537394748
-0.00902932227841521 0.00420034042142599 0.512100040161763 0.670770420627641
-0.00598743806011683 0.00326498119052238 -0.0895758469134335 0.603849058986845
-0.00115374141980636 -0.00450491169544609 0.0373178259816484 0.0679068296734302
-0.00235202764362548 -0.00315298684601908 0.0681775576445461 -0.4847243038405
-0.0155953328716189 0.0126953273019981 -0.634209303591784 -0.582445126898815
-0.0137942655677396 0.00304449508342325 -0.847660138650301 0.267126749019956
0.000287887995930403 0.0197611397338794 -0.058135990531463 0.723150955457811
0.0127834202757284 0.0281663597737609 0.410263690018106 0.333667870493383
0.0255425945631868 0.0162312576519972 0.349751823562609 -0.0500281504935078
0.00999600015055384 0.00410558079803918 0.0782966927572826 -0.228425816346908
0.00362459162072172 0.00135942992902058 -0.0786394940874947 0.148474860433641
0.0161379949803439 0.026857211289535 -0.225260661136628 -0.014778812302853
0.00127016740387652 0.0142579881409135 -0.246291211639378 -0.365208145424536
-0.0104925266109788 -0.00077622880604374 0.226809992175893 -0.595252643781272
-0.0271123094978084 -0.00944117960784791 0.785626203568878 -0.0644519769393887
-0.00860053964696168 -0.00252959261008935 0.522107421847091 0.658455074556694
-0.00254471533629333 -0.000133139520706364 -0.0785743344198808 0.599033513859458
0.000653205702283991 -0.00471069478930445 0.0431720163722274 0.0649157367334829
0.00171586477584612 -0.00575790586625272 0.0762974362366245 -0.488345948741551
-0.0158990372389385 0.0060419117559503 -0.626730541955785 -0.592757952457309
-0.0185329739667697 0.00304969937812031 -0.859589187438116 0.254281670743783
0.00330058999346482 0.0278776357993901 -0.0732127561739271 0.714358995460466
0.0216679597833973 0.0384801580062371 0.404940057604992 0.333997330094896
0.0338494528203865 0.0195356176402293 0.3488544291042 -0.042121031673695
0.0153468872080213 0.00140123903243518 0.0724168203675333 -0.222879336634819
0.00834473783102915 0.000163453230810591 -0.0863384637456236 0.15393035261591
0.0207820756970214 0.0278824010501557 -0.230902335091313 -0.00731400037572232
0.00450043149238124 0.0216390142303997 -0.260156706251061 -0.361069118111041
-0.00913370018249205 0.0052879145944717 0.196353217131535 -0.611335230653218
-0.0280930798624499 -0.0106739565726443 0.773842661414767 -0.10310831919126
-0.00760276539982516 -0.00583129779108601 0.544224427210632 0.629229544583499
-0.00109552147930189 0.00052220033227467 -0.0581339337086953 0.594551022230453
-0.000764017115761035 -0.00364357238422043 0.0487997355565095 0.0621667770631089
0.00355256056690105 -0.00692081995655166 0.092569525954212 -0.494094500579421
-0.0150848762063584 0.00114161339583495 -0.61200084654573 -0.621990288359089
-0.0202440255689068 0.00143533258200118 -0.87578664203803 0.216063068742189
0.00453976851443802 0.0350230673707556 -0.106802236729385 0.705887621827053
0.0250850309310658 0.0466617671863869 0.391350547089643 0.344377559777894
0.0376342203259392 0.0208141260678851 0.34493383873826 -0.0305991514568392
0.0213200108261838 -0.000693045968050663 0.0668669098656462 -0.214720254423853
-0.0167930779851919 0.00293550167946114 -0.0586690760886759 0.154165050458614
-0.0290205842430975 0.00378653956716799 -0.236330448563872 0.000308541710013741
-0.0444699911437088 -0.0276548182289947 -0.309170996908628 -0.304447022932893
-0.00835445173272442 -0.0375630751141491 0.10295375044537 -0.60335617640372
0.0106486936960967 -0.0102238315785741 0.73498747952744 -0.231813526636949
0.00815303876713373 0.0293549238823463 0.611440148710022 0.509893748846593
-0.0240863948637809 0.0261225668321793 -0.00872593081144776 0.577767940612826
-0.0285449375237642 0.00689121831068092 0.0377213280937377 0.0703929014138258
-0.0214673391336603 0.0183893093211028 0.131847646812113 -0.474930301123656
0.000276308058861811 0.0396031492756791 -0.518519303862771 -0.703297266408601
0.0263826172075426 -0.0024464932861217 -0.88696747926577 0.0850298976233683
-0.00224893507363233 -0.0127950992832498 -0.198796907801292 0.691248021029788
-0.0370650454701114 -0.00978949039171438 0.33359307072867 0.384281064182211
-0.0222021051215654 -0.0050407247863312 0.335387779755293 -0.0185841213334974
-0.00368976767100211 0.00720578857765727 0.0886025943352881 -0.221803345678192
-0.0175510618071294 0.00376049635494859 -0.0554470101884732 0.147672728374538
-0.0251615773226784 0.00518794603754204 -0.231604721274203 -0.00911355856788352
-0.0389775207124041 -0.029960115991811 -0.290814319854534 -0.317127757210248
-0.00703626454342668 -0.037686999322075 0.1436195613086 -0.594148958568904
0.00716301802487436 -0.00848546767101654 0.756330839965444 -0.177000458521138
0.00350503545388054 0.0290238284382177 0.586084644123172 0.555525021031194
-0.0219766232231261 0.0234202193036408 -0.0336903557163244 0.585985832285143
-0.0235082417032931 0.00523027359202441 0.0330206579940523 0.0727078889121117
-0.0191590509809922 0.0169576366787117 0.108747536708884 -0.474256676249699
-0.00177672571174141 0.0388213256813047 -0.553390041920083 -0.663774739678354
0.0199639460123044 -0.00295431192890531 -0.873403382934526 0.143695158564607
-0.00525456998774554 -0.0111382164607296 -0.152528901455138 0.707288419056315
-0.0326448887207175 -0.00724751380833715 0.35721058595314 0.369974145445371
-0.0174765946689256 -0.000949845065325325 0.339970916437556 -0.0313883803059085
-0.00508014807675397 0.00882403002460432 0.0903124053837836 -0.227593510740255
-0.016960259628037 0.00278712002569258 -0.0538818904368601 0.145085024643058
-0.018162240912067 0.00762680844191061 -0.22485042737578 -0.0167862017717831
-0.0298817365480476 -0.0272327774614273 -0.271240487247465 -0.332033680099844
-0.00603117778118432 -0.0348235536615773 0.180167366362061 -0.582743806313882
0.000757616675138378 -0.00679712583743786 0.769461851591405 -0.125002271044178
-0.000827048186231864 0.0259138046277278 0.556969785909383 0.597003002872448
-0.0190451172292554 0.017610321611748 -0.0587205720263879 0.592235427282527
-0.0180572649889877 0.00283171172560069 0.0316048858450397 0.0725815291324586
-0.0150552283425203 0.0131588542361221 0.088370354556155 -0.475304335996122
-0.00462768454844018 0.0339690654562124 -0.582315132235315 -0.626858824950686
0.0114999377710577 -0.00172073832788875 -0.855883592981031 0.197519110352076
-0.00559308223211974 -0.00659944714474846 -0.109138054062565 0.71536847519584
-0.0247127023974242 -0.000992718227912005 0.379695918981845 0.354161677010128
-0.00927902363156832 0.00445131541960311 0.343371143094646 -0.0433487358190354
-0.00417361457714038 0.00975406866134244 0.0902509206889032 -0.230888507263326
-0.0133312575139547 0.0034069454941665 -0.0553687854995785 0.142218557479891
-0.0088128149437575 0.0120439936846613 -0.221524862983616 -0.0209870502889938
-0.0208742837171265 -0.0195515021357851 -0.255589530965466 -0.341666343720789
-0.00728696010624628 -0.0292807816907324 0.208355908507308 -0.574907379564443
-0.00799001973132977 -0.00664195905861996 0.779273274986728 -0.0830323645750673
-0.0051895949253407 0.0198657510087556 0.531394490960234 0.62960934559144
-0.0147950910942381 0.0123852243689597 -0.0752375311097722 0.595075374122549
-0.010959276114098 3.41555731979434E-05 0.0305336915800071 0.071326070323062
-0.0105086555023452 0.0074081935093445 0.0742419595981768 -0.473144588345584
-0.00839706470959567 0.0277528165247992 -0.605840268579843 -0.593931353734346
0.00211807398183944 -0.000128914792427137 -0.842759050849698 0.238586223099583
-0.00542863743794217 0.00194489199204639 -0.0753201891318053 0.717432146634118
-0.0123913845623504 0.0086234125166445 0.394046561790414 0.339201476535677
0.00215831880566228 0.00913487202354261 0.344410995146033 -0.051156999975096
-0.000426443399706218 0.00900454593325769 0.0869811053401993 -0.232605915632462
-0.00849738939615703 0.00282738665663025 -0.0607981039822244 0.142203495679537
4.44838210383149E-05 0.0180451969660751 -0.218808704073964 -0.0212141852816025
-0.0120836611323303 -0.00858117303917054 -0.244422475037586 -0.351418395252127
-0.00896255924680774 -0.0197967703613986 0.226284595481991 -0.572578075108172
-0.0156638403500985 -0.0071646565141601 0.780968609280693 -0.0581116703308608
-0.00713659452562401 0.0123255090445053 0.51644168262548 0.649467250794348
-0.00925878648526069 0.00740233546097612 -0.0835210835756017 0.595626368878444
-0.00553323151525473 -0.00198058042274523 0.0328655090546749 0.0691998579251688
-0.00575462028891721 0.001748908912303 0.0650145857536331 -0.474618219433849
-0.0120378713589139 0.0203995000155843 -0.623024771405905 -0.573211656723516
-0.00680497052779902 0.00159640989412306 -0.833943933952064 0.265829556282398
-0.00273429935050886 0.0108384481978305 -0.0531681660906561 0.719350766807449
0.000414076324573937 0.0176662382879732 0.40500230002051 0.328291802917586
0.0138691305218768 0.0131835573669908 0.345699823911968 -0.0557722662820622
0.00390781423018583 0.0070036995766327 0.082640306837291 -0.230629777198551
-0.00311739430305034 0.00213118269184291 -0.0680543679383079 0.144694630696011
0.00946050084046468 0.0233397366994788 -0.219689930699312 -0.0191111852556182
-0.00455657502341858 0.00401398565795066 -0.241035489827077 -0.357152733772468
-0.0105714628975501 -0.0100613932195706 0.230276834124986 -0.57622915168286
-0.0220460123207232 -0.00829052001910622 0.778490176411787 -0.0531871149159515
-0.00838539379477599 0.00486592197429908 0.510586340320481 0.655747118047611
-0.00534577457710962 0.00293992937653119 -0.0844401185606395 0.593233392634124
-0.00219526050181967 -0.00364512437941739 0.0377026976694318 0.0660187246169648
-0.00188820459991455 -0.00319679088506499 0.0652669369171511 -0.477014752150649
-0.0152783086681474 0.0132779240899936 -0.630276685391062 -0.567927582298021
-0.01456267185588 0.00301394460857822 -0.834858462529958 0.272512838595667
0.00110033654154953 0.0194629877326149 -0.0526750789435269 0.71079763888328
0.01330033639396 0.0282995433098628 0.408902689335135 0.323689446357819
0.0254880303502579 0.0158671356594175 0.345824356486153 -0.0532717354350872
0.00990639282611067 0.00493382968569921 0.0758732836073152 -0.226696511224245
0.00333853048383417 0.00103302448623514 -0.0764568268624622 0.147705559069662
0.016572496763291 0.0265349552811275 -0.223057071682006 -0.0130826524457178
0.00150538671581152 0.0144380982138743 -0.24661186247325 -0.358762453341076
-0.0109563777573002 -0.00112990028224602 0.217727782072028 -0.589376759151175
-0.0255562916119943 -0.00920832510621836 0.772027730535541 -0.0693663441241515
-0.00771508273036449 -0.0020307712715955 0.519102215467208 0.644685653891693
-0.00280200890344882 0.00117073226833977 -0.0720200422790421 0.590563877040161
0.000781278161349171 -0.00442619247935633 0.0427272098932903 0.0629942187199319
0.00168000270357774 -0.00606469416067464 0.0715116579892486 -0.482165572964718
-0.0155425077548793 0.00696529565267054 -0.622386826061941 -0.580343759470951
-0.0179829528303997 0.00373514434578459 -0.844855312981824 0.256370688670921
0.00278343455091442 0.0271577970569355 -0.065842221056702 0.704664380132871
0.0217016178310028 0.0375614777119285 0.402691891627495 0.325907337801653
0.0338744081924973 0.0185313309320928 0.344248636280852 -0.0459214152343044
0.0162144556435919 0.00169192292425277 0.0689745437823994 -0.219795452394221
0.0073707176879967 -9.56350657999425E-05 -0.0845299318273795 0.153277752210459
0.0203748915278088 0.0270515970925401 -0.227763265742115 -0.00430820460127337
0.00512568883502825 0.0210189689114834 -0.259961625647227 -0.353432549482625
-0.00920734760894678 0.00523871639946953 0.187198024002681 -0.604695430417587
-0.0270937417452332 -0.00988258522753114 0.761035756436092 -0.108471755285487
-0.00650746206055538 -0.00566527054236453 0.541701712237123 0.616024894973374
-0.00124202243740993 -0.000170260512261523 -0.0541728749143222 0.586390058135172
-1.25851116150159E-05 -0.00378258616938073 0.0486578705514973 0.0607054565664875
0.00328776725667521 -0.00700719547340554 0.0870237435738059 -0.486877213323741
-0.0145077278724369 0.00144598689328949 -0.60639322114076 -0.608090790702074
-0.0204598107686609 0.00183261624274306 -0.862841893462676 0.221259203074717
0.00458230594556648 0.0340697375872095 -0.0985430767077672 0.695655399843942
0.0253934413295106 0.0456095057989977 0.388936490639948 0.336739097418404
0.0383404358535264 0.0202182441602428 0.340908386466933 -0.0347321428813839
0.0209166095820279 -0.000846683413363045 0.0645562143299523 -0.212557934186664
-0.0173539072968881 0.00322517717048844 -0.0576015289725627 0.15218332646821
-0.0288417149297883 0.00367634058751007 -0.233568318641529 0.00151089366058205
-0.0440408406632065 -0.0273511064343766 -0.307723922669571 -0.298672508198601
-0.00794334754612383 -0.0369463343969938 0.0961088423377541 -0.597778159142577
0.0107010226380134 -0.010022014501849 0.72184517328133 -0.231486297403183
0.00930174882352424 0.02925222276518 0.604999884965124 0.498207411256451
-0.0235896919190841 0.0254008690177479 -0.0063395234998254 0.56983854350554
-0.0277308785281337 0.00697110851732196 0.0385324808117923 0.0694933924642739
-0.0207817582710254 0.0186477166554573 0.126642663884349 -0.468779802344368
0.00104244608998515 0.0393575315035108 -0.514027272305714 -0.690819729597089
0.0261874857919407 -0.00248048431733265 -0.875763067616797 0.0894954449393976
-0.00198867860797503 -0.0121060019042265 -0.191994165074188 0.682904449449196
-0.036493589860109 -0.00865142753081272 0.331929249528238 0.375972017186741
-0.0217256240294456 -0.00487065722293637 0.33042147676617 -0.0208730728590585
-0.00329808563954414 0.00603985264038461 0.085949469494944 -0.219508411304378
-0.0180848398805757 0.00353206071261481 -0.0545944906238027 0.146389895399365
-0.0243100020065113 0.00442977332962576 -0.228370798950185 -0.00819486982801578
-0.0384045955844536 -0.0288874115694387 -0.29002983522442 -0.3113495884847
-0.0076793917527358 -0.0378097302739174 0.13770641492179 -0.586902868235522
0.00713822085806172 -0.0081695399624381 0.74423597640057 -0.178356900549779
0.00501439988602059 0.0294849261190546 0.57987257089109 0.542925417657287
-0.022505244409146 0.0224146011855364 -0.0326485089986323 0.577245864231934
-0.0228116697754535 0.00514263202520013 0.0333527199142923 0.0712436817335509
-0.0181364302117006 0.0164327841481825 0.106738885902263 -0.468801201982016
-0.00131151229870333 0.0386887363747883 -0.547879412082744 -0.650938846611359
0.0202841225042902 -0.00253067133400843 -0.858862450580831 0.143383403020857
-0.00441728654023734 -0.0106533292360748 -0.147451089153958 0.694493933321511
-0.0325682674097782 -0.00682197022438516 0.352749323895373 0.362789213901036
-0.0170255174526574 -0.00108078540995179 0.335149883643735 -0.0346396563824701
-0.0048554975264454 0.00881503895341215 0.0876409715391022 -0.224935129738963
-0.0170050336969278 0.00296892353398713 -0.0532176348305586 0.142904911913212
-0.0176117898404035 0.00799280152904609 -0.222698768417029 -0.016578301985072
-0.0301509748878826 -0.0262402871507782 -0.27110167277529 -0.325411048136658
-0.00736869808451151 -0.033954001879893 0.174187674408124 -0.574827118859371
0.000891290703967432 -0.00659441570383011 0.758769646152458 -0.128158685739609
-0.000313317500190062 0.0257181029906864 0.550792104575889 0.586059306895709
-0.0186696915214531 0.0179692818752811 -0.0559596088912857 0.583021580302221
-0.017124587344291 0.00276114867576701 0.0306658650445191 0.0710127076481049
-0.014584948219342 0.0126418592287979 0.0868004782675206 -0.46561304325034
-0.00401515782085881 0.0339439719007821 -0.578861745960826 -0.613378325986744
0.0117727980190118 -0.00154702512175172 -0.844496895217476 0.200743382620872
-0.00621900526510671 -0.00589366612666557 -0.103538107148339 0.704682989976322
-0.0239825071999791 -0.00023294691492207 0.374993611001518 0.345555907767757
-0.00888301420624216 0.00335290890631536 0.337752369579398 -0.0457376507055703
-0.00364020792047026 0.00918823924985211 0.0878456554198521 -0.228753698765624
-0.0138551219403599 0.00316325500981029 -0.054992520897817 0.140703223932803
-0.00921116716016767 0.0121016448103041 -0.218518921080161 -0.0199702438689807
-0.0204474076280364 -0.0190991005550313 -0.255339722646802 -0.335680092322775
-0.00758229589243733 -0.0282541269615309 0.202480171408238 -0.568344067232084
-0.00713940006144344 -0.00643322319297041 0.768214287435199 -0.0864921675206566
-0.00395013979010689 0.019410296510003 0.527167102024583 0.617515853893899
-0.0145107362151687 0.0125617138053826 -0.0724649309195234 0.586412296153886
-0.01101383540839 -0.000161929324530732 0.0294985024477906 0.0694103809637865
-0.0102602866250471 0.00772608761931204 0.0725734624172762 -0.465774235952554
-0.00753215689519681 0.0274765120640404 -0.601215720963731 -0.581734112712892
0.00171049426461544 0.000333225742409533 -0.831542626472919 0.240992657055952
-0.00504354596368527 0.00190822202080143 -0.0701762370938029 0.708888596838214
-0.0117845187813867 0.00850163831687587 0.390059145249278 0.332202941615466
0.00227508515251312 0.00870734334435772 0.340308452889019 -0.0528641852969085
-0.000462743431224424 0.00952052496142655 0.0855723192280539 -0.230431286576308
-0.00869849257196944 0.00355569343907753 -0.0597986108105734 0.141125022831726
0.000973640102527512 0.0178546215883155 -0.216366793295008 -0.0203909653447835
-0.0118779818672359 -0.00858941598564409 -0.244158399721248 -0.34504663496985
-0.00861305228212571 -0.0193807532246639 0.220192222517239 -0.564440401328694
-0.0151172555772117 -0.00776886917274278 0.770661502849363 -0.0598843325701493
-0.00584842808643924 0.0122131218909917 0.510947966780869 0.63830146390117
-0.0103772646341546 0.00732648034116529 -0.081186844357322 0.586973749949159
-0.00556340149365107 -0.00219000364856981 0.0330441978913125 0.0682596531380401
-0.0051185044432378 0.00209872969551496 0.0633451530664963 -0.466795385085776
-0.0115665793354092 0.0211729443366666 -0.617035043857913 -0.558663213135547
-0.00644045959376574 0.00241733311670216 -0.820114689628723 0.266061509060612
-0.0021493379578569 0.0101166382257063 -0.0492216719914854 0.707389832872891
0.0011612007616496 0.0175798637951218 0.401891453530151 0.320553234419027
0.0139089079041287 0.0131857955535306 0.340715576663522 -0.0568707932650687
0.0043090392763401 0.00682929382473114 0.0803290211606486 -0.228569536740859
-0.00396780965062339 0.00231137627944123 -0.0661262945779607 0.142860476782625
0.00978688254735683 0.0226498176260183 -0.217393376321345 -0.0174023172500257
-0.00415229690319995 0.00406800495683936 -0.240747051464132 -0.350894608416818
-0.0100855059031559 -0.0103948163233206 0.223231895120018 -0.570962510486381
-0.0213718474006764 -0.00811686088926821 0.76898211994151 -0.0547940314569425
-0.00732701677233971 0.00462212063272536 0.506965256610336 0.64523102315734
-0.00570759379375249 0.00270948644329711 -0.0806194546999869 0.584641690175357
-0.00106418506508336 -0.00416896824084106 0.0371574607474148 0.0655517836314243
-0.00168245886778805 -0.00394504257029825 0.0610247085468386 -0.470697795862369
-0.0148121411952818 0.0135932770166269 -0.623039775259556 -0.556622619114075
-0.0142425670692156 0.00359561834711435 -0.822316265353819 0.27325566353499
0.00137868068622073 0.0192819941652818 -0.0467087520868691 0.701656119151787
0.0133865917561066 0.0273861040389409 0.402730733435158 0.318412043160326
0.0254262280001406 0.0161563091960867 0.339502151195124 -0.0548116827075954
0.00981894395730663 0.00382930209792878 0.0743182440428033 -0.224416994913685
0.00232672441725643 0.00135456910094394 -0.0746031332058946 0.146978505687215
0.0163081683603539 0.0259305129374513 -0.219957048026502 -0.0121463176114666
0.00157398762693489 0.0151823246596943 -0.24640952541724 -0.351380428134269
-0.0102691136241522 -0.000883841504151226 0.211154553528387 -0.581246972780872
-0.0256736054905903 -0.00917937818516638 0.764612619638019 -0.0725245646449953
-0.00723326029679432 -0.00131142373681004 0.51558297417995 0.632921720532686
-0.0023126972892003 0.000863630458611941 -0.068450584339827 0.582144222138977
0.000314068875618222 -0.00437837587466137 0.04232481850813 0.0626436749044662
0.00174233031992466 -0.00631099545372936 0.0698680941746901 -0.474244526086431
-0.0153684059244286 0.00660109670602939 -0.616557728790034 -0.566436112163393
-0.018494736222164 0.00366713718043788 -0.831570009934551 0.257861829020858
0.00340747859282986 0.0269850122336154 -0.0621705837985628 0.695827302800205
0.021338191144193 0.0369080671065124 0.3988274934335 0.320910026560222
0.033620651852334 0.0175843079364463 0.337851633597105 -0.0475977729098256
0.0155064789073591 0.00137241744488891 0.0679114961702124 -0.217581773699328
0.00717035861055585 0.000222223607614258 -0.0820931525962344 0.151184355434049
0.0204901391392338 0.0276359056591457 -0.224861200769975 -0.00439859658630223
0.00517942433757885 0.021181332716796 -0.259542779997254 -0.348322734587697
-0.00912691901395293 0.00528866367104834 0.182129844950347 -0.596755280115244
-0.026890838156191 -0.00958809423211877 0.750894796055598 -0.110854814410754
-0.00632915413833189 -0.00625086007135905 0.534855900788986 0.604553033318216
-0.0012328922128769 -0.000195343398265588 -0.050617946992544 0.577534630721903
-0.000233956423494121 -0.00341599336148891 0.0483865769786198 0.0600169481092894
0.00328968042642999 -0.00663338820643648 0.0861890588818062 -0.479727967073704
-0.0142550730438072 0.00207257243277955 -0.599692410524738 -0.596233166316053
-0.0202099983719777 0.00220144590135108 -0.848544485073857 0.220027034904291
0.00419399735780908 0.0334373409332512 -0.0939747977207081 0.686501940277078
0.0255971540414987 0.0451486180495478 0.386612299215479 0.329824312300838
0.037139288262818 0.0198576595860904 0.337167894907493 -0.0363132703649349
0.0205033463798503 -0.00127279440690995 0.0617282987813256 -0.210491406427246
-0.0173784169966481 0.00275603131962152 -0.0570203050904114 0.150493963197598
-0.0279011912720874 0.00395390471407877 -0.231588751543535 0.00204687095181134
-0.0438695370645254 -0.0263823960629048 -0.305452730922173 -0.293249088800125
-0.00891509831681308 -0.0371842920718828 0.095193109976504 -0.589011877051837
0.0109482662756741 -0.0101089913093783 0.713426107085472 -0.229559527905988
0.00937910299857836 0.0286181940223393 0.596442067408759 0.492315599884996
-0.0230801861626101 0.0255580058033427 -0.00570010582889614 0.562180356062051
-0.027018692383115 0.00669459147732599 0.0368938481746335 0.0687209154070684
-0.0205432693466144 0.0178566893008496 0.12529222686047 -0.462492741184139
0.00112132188370738 0.0391241570468996 -0.511575288481354 -0.679897303174653
0.0250928179319622 -0.0025396578847727 -0.865432221756168 0.0900438613045754
-0.00265313271642254 -0.0120313864665136 -0.189744051950676 0.675363000822937
-0.0348240949696827 -0.0089895182463466 0.328780411499743 0.372642205079872
-0.0213835403238968 -0.00510331339070182 0.326398173107167 -0.0227218907904843
-0.00340796426753468 0.00628804477533371 0.0850201828414375 -0.21779439576911
-0.0184623739732685 0.00314511134287168 -0.0538789115534951 0.144953202321169
-0.0239192779701346 0.00524870209637917 -0.226297539074434 -0.00805364114608544
-0.0379923909038141 -0.0280956168039843 -0.287526668127084 -0.306698195669375
-0.00735585194132147 -0.0365734317039074 0.134895078430183 -0.57854025344377
0.0072561279123395 -0.00821967782419108 0.733355554554339 -0.177719548127035
0.00485026315348501 0.0289461823188483 0.573167223984917 0.534252007301652
-0.0220265118545547 0.022927646850472 -0.0315395537156583 0.569940036761979
-0.02269207074246 0.00518659555746666 0.0326325990928893 0.0692747794637071
-0.0174977204358469 0.0164889147921362 0.105540980110503 -0.460065177146729
-0.000559683890960385 0.0376453046478378 -0.542508157683387 -0.64138259043807
0.0199860291113919 -0.0018646251738452 -0.848187171026511 0.145707970020561
-0.00454029307795084 -0.0112868475677558 -0.144433052753847 0.68731290095177
-0.0313901872860626 -0.0070382755612294 0.349145619590586 0.35745553062529
-0.0169258568107645 -0.000914602382202262 0.331679555831563 -0.0360080921429358
-0.00462885032414248 0.00786634522568432 0.0866167789081817 -0.22281000006513
-0.0171055211142909 0.00351007326808203 -0.0531841594886819 0.141160539669023
-0.0177193955669058 0.00795170986719899 -0.220034428427626 -0.0153145981106078
-0.0287577476485016 -0.0261961649452454 -0.267641067380106 -0.320357971901829
-0.00665425214244757 -0.0340930813310501 0.170588592350643 -0.568276073267432
0.000991201796437791 -0.00657475553971767 0.747064956053622 -0.126500756638092
0.000209343784416833 0.0254104571774507 0.543990345605709 0.577970031218923
-0.0188842655902737 0.0167833615279403 -0.0541630645623448 0.576173017702638
-0.0170953482496757 0.00247234457272501 0.0301622426672146 0.070020647448432
-0.0140574727123708 0.012084325558147 0.085264444901188 -0.460060798897037
-0.00366235410850728 0.033229242802154 -0.572254183352841 -0.605724115024492
0.0111713012366949 0.000256719476041334 -0.832319251981302 0.200287529305394
-0.00556608503819399 -0.00533252201193567 -0.101263848097455 0.69528643392132
-0.0227053989303481 -0.000366906976237293 0.370394119000713 0.340050170536904
-0.00843720548839677 0.00397702565893319 0.333703461506441 -0.0464551988747533
-0.00311570527189219 0.00928718522258842 0.0871722533119427 -0.226762172351837
-0.014248455480147 0.00357480845836802 -0.0549702506384981 0.140024172126641
-0.00875960492581017 0.0119095172025084 -0.216025583572064 -0.01891838768376
-0.0207256448790556 -0.0182402102386234 -0.253181114821741 -0.330464232122137
-0.00787503025482433 -0.0269900494786382 0.197533421666373 -0.562687890787987
-0.00658352993262688 -0.00662212909967698 0.761273105707443 -0.0821172414467763
-0.00338862971963989 0.0195626481354293 0.519898847032021 0.609054708779371
-0.0144835412002027 0.011458309369552 -0.0701187419266784 0.579521155542292
-0.0105949972441462 0.000185883163607197 0.0298519793046245 0.0692183963720295
-0.00936075950394786 0.00767590959368793 0.0709148167459255 -0.458063854221502
-0.00788970795259282 0.0270175002272737 -0.593168157031289 -0.571855868815007
0.00179806029832935 0.000655876772558904 -0.817711118277333 0.236909152232359
-0.0050499640604163 0.00144619357953678 -0.0676734384166996 0.69923078075003
-0.0112133346176183 0.00806391864709723 0.387723592632892 0.326272907777651
0.00200226844991449 0.00903075693665724 0.336052340119732 -0.0539770412125858
-0.000585464883215732 0.00769418632140973 0.0839982101502149 -0.226722880458025
-0.00880363013908703 0.00388932355528288 -0.0593121920674764 0.139670406960607
0.000883349811393627 0.0169577137172461 -0.21432149746733 -0.0198172057165668
-0.0119679834272676 -0.00710311263764071 -0.242403486309485 -0.340002114883975
-0.00902115239492615 -0.019098567509569 0.214334476203413 -0.558026808929237
-0.014661764898137 -0.00705937910251285 0.759980499835824 -0.0597710135085809
-0.00617845901915422 0.0126591608136749 0.506306830813587 0.62778379966813
-0.00919615959608746 0.00709681736279621 -0.0795845312196501 0.578137707494229
-0.00486423426553385 -0.00292412702376097 0.0322127565480194 0.0670119480612583
-0.00551466305677731 0.00230696578407557 0.0631596855217593 -0.460794374484173
-0.0113777150175619 0.0203552891608235 -0.610016009568652 -0.552532949893099
-0.00659715271682603 0.0020679908055073 -0.809447690253165 0.265399581746354
-0.00217260660492492 0.0104263344294089 -0.0469434755090928 0.697692142631285
0.000978432638001955 0.0177830542730022 0.397535605594 0.31599197467278
0.0141692237484226 0.0129327330377841 0.3360638353305 -0.0575952997225226
0.00405277760844759 0.00629031996764768 0.0786274523461095 -0.226680850272085
-0.0032801225334935 0.00221373557673776 -0.0661613926071682 0.141903469099094
0.00984853653045371 0.021726726598339 -0.21352107021535 -0.0171073659508483
-0.00466952920239145 0.00419789714012092 -0.240009722672264 -0.346004657111616
-0.0103442581953072 -0.00979130701620381 0.218726946980938 -0.562805273185677
-0.0209680664239939 -0.00787741178738255 0.757193637971575 -0.0572122417110006
-0.00698756335750076 0.00467691402681819 0.499169214353604 0.637120847394451
-0.00443879530176062 0.00248274584934282 -0.0780816378161354 0.57556201008044
-0.00162944280549003 -0.00458593729465456 0.0354038834181788 0.0643445138259064
-0.00160397192579244 -0.00295416920218988 0.062203045051803 -0.462571067714396
-0.0143915997155439 0.0138378388236919 -0.614785073319652 -0.547100127158184
-0.0140555755043938 0.0040120269177537 -0.811027521754345 0.271253403664213
0.00122338577101426 0.0189305584855115 -0.0428230397575646 0.692166815665673
0.0135380914915278 0.0269296057904231 0.399133112475474 0.311353810864883
0.0253095081620193 0.0154617079930099 0.336325824019972 -0.05602898416666
0.01040382494506 0.00450933437913582 0.0737845644774438 -0.221533503181763
0.00243986232934215 0.0018151250911386 -0.0736882492550848 0.144657390380214
0.016293361653427 0.0260342920703456 -0.216952852442091 -0.0109423741604373
0.00174362155289467 0.0143124115426463 -0.244015773809381 -0.345648671100686
-0.0110731354692877 -0.00138867965984237 0.207327697179627 -0.572902816913947
-0.025182220046466 -0.00856077807707888 0.75286388810531 -0.0708395445191627
-0.00646435074804165 -0.000891545127003276 0.508581043493148 0.622353557575415
-0.00220929766057498 0.00100167114037793 -0.0675469020051213 0.572513858159098
0.000438777046184014 -0.0044998998565597 0.0428250333656645 0.061121136532039
0.00172313643249022 -0.00626834896961227 0.0689772428183324 -0.46831423879649
-0.0147995216342674 0.00643653378364112 -0.6102211514295 -0.5585298053227
-0.018017001609075 0.0036736326581333 -0.820414840329877 0.25661135988262
0.00369861818061972 0.0269730659438319 -0.0613187101250769 0.686421549160675
0.0226900878036889 0.0354925149085251 0.394944545506067 0.315047823731567
0.0330075423750963 0.0164935793106453 0.33442056892597 -0.0488900932327707
0.0160420448498231 0.000738734049143146 0.0665309980494657 -0.215419166082153
0.00641239406200242 0.000174996656884552 -0.082482881984105 0.150165913618345
0.0204109303097073 0.0260993943176134 -0.223527945252523 -0.00301630568958077
0.00463419237433268 0.0221783244858927 -0.25698843848547 -0.342632315629332
-0.00887224761647212 0.00540432338360337 0.178018929381021 -0.589056597324383
-0.0265221992912971 -0.00929020208669078 0.742031703337148 -0.108618299160677
-0.00547614375811748 -0.00512886612280092 0.529751660739368 0.596362744362875
-0.00186663385345071 1.49652433659477E-05 -0.0485539674261081 0.569493777288574
-0.000295484920859541 -0.00341054761032744 0.0471581245425042 0.0583775162859459
0.00342906209776444 -0.00739467566856439 0.0845703599264454 -0.472356652863147
-0.0133271629194394 0.00217641704402145 -0.593688571200606 -0.586982009050664
-0.0197763798839542 0.00239493144871362 -0.837726962031401 0.220695829462191
0.00491741815954642 0.0328313954574122 -0.0905143342441168 0.676961846839164
0.0258395912947455 0.044404680090647 0.382054489461904 0.324682506858724
0.0370534625256003 0.0193492520065827 0.331854458064537 -0.0376694440920754
0.0205139987270828 -0.00133739007444786 0.0602686974854835 -0.208140018368878
-0.0175305791953791 0.00270234540241799 -0.0577862260651141 0.148688629511328
-0.0270818319919732 0.00383523359038447 -0.228186647452433 0.00190129365866619
-0.0436377696066049 -0.0265623626445949 -0.304019072704574 -0.289874418006009
-0.00863986356987459 -0.0359125244490631 0.0929324303178329 -0.58202227531862
0.0114217707838275 -0.00952118031414914 0.705409768412367 -0.226346191935955
0.00988214195164375 0.0284181237222162 0.588687681477493 0.486324679882765
-0.0230698124482926 0.0250759597495882 -0.00686422191291025 0.553654880541283
-0.0263063296992945 0.00661186424162399 0.0368549479600623 0.0672976856435366
-0.0200046960837822 0.0177792773809354 0.125276108409028 -0.456704228913056
0.00128463944885139 0.0391174242820003 -0.502825005994955 -0.671779647175981
0.0253353571409958 -0.00230755926709946 -0.853336778215104 0.0907995936643739
-0.00201235380669097 -0.0126394391370342 -0.185899148777129 0.666508043509903
-0.034609393387315 -0.00933727604088414 0.325068593104528 0.366694802304282
-0.0208000686279482 -0.00470870690207228 0.321711868045611 -0.0228623308716891
-0.00287211981234754 0.00597101830052473 0.0845439964445193 -0.214981283620364
-0.0182592632547566 0.0032062089268053 -0.053648070210853 0.144019299281266
-0.0238222911748565 0.00503330314513734 -0.223770173390227 -0.0079286259625055
-0.0380675153805231 -0.0280461060771263 -0.285027556607898 -0.302782452287609
-0.00793479935689532 -0.0365499832426934 0.13272162860897 -0.572162204856492
0.00762142258217235 -0.00761612973667474 0.725639392678717 -0.174695436239595
0.0051839008052778 0.0288729218273923 0.564221640605747 0.529816316837307
-0.0212503273195652 0.0215320559214395 -0.0321586087475832 0.562395535651637
-0.0214983584993721 0.00492551810136733 0.0313035468233246 0.0691892665721636
-0.0175961264950674 0.015832119145688 0.104044099639016 -0.454370266557859
-0.000393845433897479 0.037276725723567 -0.535047146254666 -0.633325690388976
0.0196991897319006 -0.00174228097240433 -0.838702184386297 0.145126003225246
-0.00444922302194734 -0.0103479703972456 -0.142430646686162 0.680191758927858
-0.0299010003137874 -0.00648553631304737 0.346422057879551 0.352197920365408
-0.016971134901594 -0.00120589307367154 0.326672597479243 -0.0359360490228163
-0.00485205211291789 0.00825250081116301 0.0858883938882315 -0.219766224153343
-0.0179094386556506 0.00398756682717679 -0.0521941276558007 0.140262449233793
-0.0174518236636503 0.00736837878844426 -0.217842006912521 -0.0152326643872251
-0.0297073048240541 -0.0252575248035051 -0.266756716122794 -0.316727468089356
-0.00732826565055005 -0.0333982911200207 0.168223192265511 -0.560756982831728
0.00124060057204746 -0.00629050540429341 0.741286581783828 -0.124656946791388
0.000899135980084476 0.0255739388140019 0.535567928495066 0.570316100699359
-0.0178365394954185 0.0172456320658652 -0.0544443258845976 0.566520421678752
-0.0164770895390938 0.00281125922532759 0.0296444259003878 0.0683499662323746
-0.0137347398991709 0.0119575657478412 0.0851653145036784 -0.454357145477896
-0.00295022742325356 0.0341389165295804 -0.56333695133715 -0.597853335461006
0.00995618405787658 -0.00115749536140848 -0.823369074414887 0.196875620838061
-0.00545793191886947 -0.00648090333355691 -0.100933534914914 0.686985293042765
-0.0221669102357416 -4.9946132000999E-05 0.368417239278406 0.33518385594858
-0.0083833381955689 0.00375532611090491 0.331048187715735 -0.0469874924664488
-0.00346185416230237 0.00919336718801107 0.0859533650234637 -0.224554992492713
-0.0144357929899274 0.00379821307052921 -0.0548256261350706 0.138092690512183
-0.0088135626298981 0.0117598123606168 -0.213774685169769 -0.0190515061899411
-0.0203852410605118 -0.018818836835499 -0.251740249977669 -0.326800591257236
-0.00768573694553835 -0.0270114342995719 0.196461956394409 -0.553104773787503
-0.00603743950873306 -0.00560311617836843 0.750921535068745 -0.0849006271475607
-0.00292125034757708 0.0198644291673123 0.515247933332218 0.602528100837446
-0.0137496550404463 0.0112659821723734 -0.0720452705356568 0.571772567034046
-0.0104629329275339 -0.000356017953473416 0.0300368375670971 0.0687808005693344
-0.00993746146500598 0.00710759231424471 0.0732543798740071 -0.45195443587977
-0.00734332594710885 0.0284138865299217 -0.586521331772168 -0.565404477897465
0.00131088439084111 0.000846506109815265 -0.809422461383952 0.237957323581251
-0.00473882052442245 0.00147867279609093 -0.0674504010993809 0.690773573475149
-0.0111015414819649 0.00856190721119501 0.383207442811331 0.322655333218049
0.00339437413102688 0.00874566777813142 0.33225422811834 -0.0550690667869158
-6.23151784685631E-05 0.00867082987871446 0.0826970398063318 -0.225010064142884
-0.00975813969371424 0.00301424967090131 -0.0594980504412933 0.139041483163156
0.000846446630640224 0.0164744110377223 -0.211490803032657 -0.0205271240515863
-0.0114476249715962 -0.00702606632036477 -0.241729236598003 -0.335711267336088
-0.0095175101483159 -0.0184745001876338 0.211396687819516 -0.550734477157872
-0.0142800964050989 -0.00647881177330626 0.752751087245883 -0.0576209954276178
-0.00542865819424068 0.0124842117935822 0.499171816273216 0.623510623401347
-0.00954822528458784 0.00666722281033253 -0.0789348523368241 0.571105997859047
-0.00542423566319031 -0.00217570090970866 0.0315633934486567 0.0663158262933821
-0.00522006837139088 0.00167506698662137 0.0626442064576134 -0.454394131881478
-0.010817715335483 0.0208910768618796 -0.602721317180699 -0.545578533673485
-0.00741863346696232 0.00206062692020337 -0.800869721179268 0.263279006176892
-0.00238371332828949 0.00997486535579753 -0.0455298768972104 0.689410935017462
0.00195334639771859 0.0173183972143863 0.393158233714078 0.313163719769416
0.0148120178033552 0.0122962538662452 0.332829888902123 -0.0575683761625497
0.00511910300899655 0.00729592901924 0.0784087209577626 -0.223244836049979
-0.00445217560845755 0.00205459811098202 -0.0643567259404469 0.139821675006438
0.00957591162341603 0.0215451262300075 -0.211420857349217 -0.0173240091902794
-0.0037366585494027 0.00429193388690863 -0.236846978498522 -0.342375106157463
-0.0106669676056547 -0.00908777161682105 0.214840781034133 -0.557364040642422
-0.0207378557145866 -0.0078397532976864 0.74940625655752 -0.0548642274441511
-0.00625961281335309 0.00471736411696617 0.492938871536032 0.628752968236692
-0.00496534601839695 0.00267099061703704 -0.0779107516166366 0.569755609623785
-0.000955730885974462 -0.00371998786993888 0.0356386134579548 0.0629840831918869
-0.00119695867821798 -0.00240712209774427 0.0628609709195194 -0.457447115947371
-0.0135280757158991 0.0137366927028043 -0.607353352257607 -0.540323482840838
-0.0132587125753796 0.00358527872005541 -0.8008368614423 0.268578384497238
0.00114099993794967 0.018767095189022 -0.0434173212116388 0.684985732233707
0.0135113102892985 0.0271013398332569 0.394641141052115 0.308278112274796
0.0249192194070221 0.0150353811500912 0.331700953798484 -0.0558378303169226
0.00952697926696749 0.00391223257176081 0.0717865399649414 -0.218764777619208
0.000576202682317999 0.00142433550260041 -0.0738756821444025 0.143323836540736
0.0163469221000136 0.0260684655725388 -0.21563403128621 -0.0113718393334017
0.00159775298441895 0.0151024091180649 -0.243362094460417 -0.343006986226228
-0.0101828359961241 -0.00147195438143994 0.203667571017058 -0.566651926661744
-0.0247732341996025 -0.00874868016051313 0.744288179125285 -0.0714426310737919
-0.00624474620992639 -0.00133792837229455 0.503312224015669 0.61590912300975
-0.00235603163391151 0.000941481520751235 -0.0669507808148142 0.567435799999167
0.00160965237597125 -0.00426757118993236 0.0406503674402164 0.0600276527331509
0.00125495860984119 -0.00563981478131101 0.0695097492678678 -0.462367342284769
-0.0141997426984799 0.00699955700332449 -0.601316203708291 -0.55189367386742
-0.0181573404648991 0.00383079812360345 -0.810272329502636 0.25433046918068
0.00378509425908383 0.0270999063958403 -0.0587157302473093 0.679096356167801
0.0218786044347179 0.0357851175932369 0.390216735669601 0.31081230840671
0.033033965984338 0.0171187342310545 0.330164945819333 -0.0490198324742523
0.0154865880732984 0.000909429028841809 0.0666353235946975 -0.213166674639315
0.00594797854333939 -0.000193113218866188 -0.081733139223755 0.148451227371435
0.0206491417628514 0.026081648478844 -0.220306971509413 -0.00340173295066148
0.00521665282318575 0.0219758643091867 -0.255676609699635 -0.338412031201493
-0.0092428145049411 0.00541794928393981 0.176256390944811 -0.582043124096653
-0.0258055125277775 -0.00906410061429186 0.733624389923873 -0.108514156985903
-0.00497154610221047 -0.00551435734176036 0.52142356369779 0.590138182662892
-0.00151771586652195 0.000136324841057599 -0.049893955604282 0.562126078586046
-0.000464475902057957 -0.00375264214378263 0.0465786441374551 0.0579303311440194
0.00327201743965908 -0.0075259047472021 0.0841470924036616 -0.467871835793428
-0.0132235354230063 0.00220643253797083 -0.586132442794404 -0.579107033765674
-0.0192303053292543 0.00245849462605857 -0.830505362608531 0.218479710252298
0.00464108670015439 0.032680692735169 -0.0901698115022668 0.670125142772579
0.0260895098093647 0.0437861923062397 0.376686695186262 0.320435251359885
0.036549461751775 0.0187836002302027 0.328763343307996 -0.0385724321713552
0.0198718867355591 -0.00149635037992093 0.060401254056271 -0.206025392558002
-0.0174757334201771 0.00293865333379971 -0.0578659255528778 0.147490840334418
-0.0271529880619884 0.00424353344788612 -0.227104300826174 0.000885198943656793
-0.0427126855772568 -0.0250969586281243 -0.300419433568399 -0.287833261146839
-0.00861636310566449 -0.0360796862034349 0.0933370225709333 -0.575562887769307
0.0106250933866012 -0.00967321160911659 0.699697314536683 -0.221358982925939
0.0101175590791378 0.0280710011845695 0.58125526032152 0.483524137652428
-0.0221510020068272 0.0244874947753264 -0.00814119225817067 0.548109311601533
-0.0261322782630922 0.00660048455573223 0.035577757949624 0.0669816816144213
-0.0195542247622679 0.0171123214346027 0.125491680874021 -0.45122183491398
0.00139164399100915 0.0385111367249236 -0.496522649414842 -0.666012804173052
0.0246176337318418 -0.00187639817850582 -0.84436908997455 0.0871029369445143
-0.00261676492658436 -0.0119440417850143 -0.185315950019389 0.65980909741376
-0.0334889890658172 -0.00889835634873681 0.320658646803777 0.364692958194617
-0.0208841022437085 -0.00510536356628698 0.319182140254435 -0.0227876880897837
-0.00248443454159552 0.00542689920866115 0.0838553331586447 -0.213103100455011
-0.0188989680668213 0.00290863356159408 -0.0546706577726908 0.142592136765077
-0.0235979977807871 0.00418360696499123 -0.222045059554222 -0.00796583802371044
-0.0375393653248392 -0.0279127984390073 -0.282900426037472 -0.300436063843224
-0.00725835156500628 -0.0366637753499474 0.132549941572138 -0.565697036450055
0.00764253535648041 -0.00734399279299195 0.718614304347339 -0.172537089568931
0.00567252820452076 0.0282631272663907 0.558189483251164 0.525931608973843
-0.0212923305641489 0.0212732808625647 -0.0327584639004683 0.555755235177653
-0.0226278750880426 0.00436474094463833 0.0307829182254045 0.0680974075418797
-0.0172804906492044 0.0161468214111135 0.105216044313435 -0.448955999714377
-0.000672750181101118 0.0375417488356421 -0.527845012954577 -0.627645275270884
0.0192881665623538 -0.0022142876204713 -0.830675168341452 0.140633313959945
-0.00461902282347093 -0.0101554267990307 -0.141318347735176 0.672534738640692
-0.0302213879204962 -0.00638317196241037 0.343028332328884 0.349404890631191
-0.0162327096431148 -0.00125162847764545 0.324012851185464 -0.0358891758971709
-0.00398535657477963 0.00758934438034564 0.0856157770452119 -0.218940354668341
-0.0178723974180684 0.00339032997945133 -0.052195396202535 0.13830037294441
-0.016644163602864 0.00702344628406356 -0.217259355635664 -0.0160181386210885
-0.0286767306198003 -0.0249341961450258 -0.263380147992713 -0.313544095862125
-0.00691965271195667 -0.0330471695908786 0.16710731030773 -0.555968343036385
0.00182521762601628 -0.00602053276519649 0.73358935464011 -0.124684987260164
0.000906360099764586 0.0253777045952013 0.528936434822276 0.565877942050156
-0.0179092479671087 0.0171266603597379 -0.055838572209433 0.560453859751613
-0.0163595680452677 0.002675720660815 0.0284935159333227 0.0678750512645267
-0.0136574726320466 0.0119960628640132 0.087230829249038 -0.45076692797898
-0.00318885315532932 0.033245735914185 -0.555746324122957 -0.591712581377511
0.010288150542572 -0.000850929495075856 -0.814756534078426 0.193846224656831
-0.00553984361937798 -0.00611751484528661 -0.0995247604795061 0.680803128808658
-0.0214512048846046 -5.7363407085266E-05 0.36210686411835 0.332603700660996
-0.00812039548381917 0.00369909962546562 0.327110202827116 -0.0463596419529586
-0.00390369162724374 0.00904182955016126 0.0861255708430108 -0.222083995640041
-0.0152792325988087 0.00329527770260315 -0.0538421811389913 0.137276789419037
-0.00810107972880772 0.0115148941690341 -0.21208755993794 -0.0210193972013698
-0.0195329767795718 -0.017303537781842 -0.249468656587416 -0.324776886548879
-0.00793585999221115 -0.0270377525978427 0.195176390487392 -0.548402316680874
-0.00570465236758795 -0.00550768752183786 0.742734472053783 -0.0813761137426904
-0.00260713389701257 0.0192634036750651 0.507752419353739 0.598184037268654
-0.0138875147387289 0.0110219130738664 -0.0725142617425471 0.563852769631858
-0.0103036273904074 -0.00068042333195298 0.0284975816225418 0.0668150945265336
-0.00938540904859713 0.0069658382814404 0.0738036460811354 -0.44672784802387
-0.00693352576786632 0.027343704763916 -0.579163381353037 -0.560412261021306
0.00130515234718026 0.000656031422207676 -0.804861262734365 0.231844915845717
-0.00458659063764007 0.00179393529896314 -0.0684639972371439 0.683663372054691
-0.0108072021103219 0.00842092068078238 0.378742000872994 0.320221976213023
0.00244868480133487 0.00833708341481185 0.328440162577254 -0.054057143564063
-0.000275363939813216 0.00784655604051324 0.0823601363313964 -0.222755617288623
-0.0101782438183523 0.00408693666158269 -0.0589684220421098 0.13633581823763
0.00132080833850432 0.0168515230044625 -0.210179879000705 -0.0197480737664916
-0.0116272960291792 -0.0070254033802225 -0.238837090919188 -0.333850055307385
-0.00906283797444639 -0.0183585847359039 0.211020177205042 -0.545160329454448
-0.0136269657013039 -0.00751649967108762 0.74540932886031 -0.0555524254516418
-0.00524367740611556 0.0123079597843841 0.491828647474089 0.617207861602889
-0.00946991160683372 0.00629856580854564 -0.0798120454218495 0.56455241700166
-0.00427868395489743 -0.00218785394091035 0.0310019532171314 0.0657818271252273
-0.00479853553675717 0.00130383447034679 0.0652902356890765 -0.449738879050051
-0.0106259874086687 0.020792679837095 -0.594971769995221 -0.541206368715994
-0.00755690787668336 0.0018974832901265 -0.792832125968069 0.25832568637916
-0.00193667376225587 0.0100430591295709 -0.0469400222945292 0.683220519975009
0.00221584038610945 0.0173652141929911 0.388862228543315 0.310070659346845
0.0136718799467823 0.0118264851925043 0.329659421310573 -0.0576521112967562
0.00381371838579937 0.00627020952291566 0.0778488586310166 -0.221582238314136
-0.00451157743224352 0.00295879692075631 -0.0655868125109129 0.138567679863628
0.00999177995180458 0.0220954330241885 -0.210195747587125 -0.0176842656354869
-0.00418378528911771 0.00472367242000952 -0.235737848052042 -0.338739961470776
-0.0106345275821666 -0.00886398587082279 0.2146477343033 -0.55078542886641
-0.0200426705336135 -0.00820710178760298 0.741846162605227 -0.0515207205649531
-0.00645919471966983 0.00500482765721757 0.486126448859837 0.622099996523229
-0.00591000007714382 0.00223115484943357 -0.0806875614709497 0.563207307921329
-0.000471947819376488 -0.00429018976834979 0.0353671835091089 0.0629356297456625
-0.000849662569302452 -0.00293848529354278 0.0641611547648091 -0.450488583555698
-0.0139480474797044 0.0133040365099824 -0.601540666612608 -0.536883192400933
-0.0139358158094489 0.00383732466452241 -0.795741177957119 0.264765633196113
0.000955075613967632 0.0185619787154813 -0.0458583135644642 0.678672158737331
0.0147853523155808 0.0269670053686766 0.390439032766776 0.304817208252585
0.0245995382678167 0.0151352686531844 0.329086415463105 -0.0569938200674642
0.0100026175517159 0.00270398508195677 0.0717107165941027 -0.217299134040674
0.000899940763445472 0.0017935746510206 -0.0731656246551845 0.141320429940748
0.0159164110080517 0.0250847339535147 -0.213728102240868 -0.0114275203676055
0.00131603021232706 0.0156813357719555 -0.24071323140342 -0.339868920798794
-0.0107642731121 -0.00108544950186123 0.203376462195013 -0.560552529898739
-0.0241189553045968 -0.00853604801284581 0.735910561821407 -0.067116670249688
-0.00630291597273261 -0.000671672313520151 0.496020714306555 0.610752928178783
-0.00258538178376511 -0.00051768786016778 -0.0693579875486999 0.55904125833395
0.000909501762834571 -0.00425984246877332 0.040404750429247 0.0591822344947183
0.00153297242493415 -0.00600933281031641 0.0726224639145904 -0.456522827056692
-0.0144721012883984 0.00655701855919536 -0.595914577293594 -0.546507272823928
-0.0178179479681936 0.00438318939922431 -0.80557839565482 0.250185752323269
0.00337005585930871 0.0263812800394659 -0.0601839317883596 0.670016914009482
0.0220738899864203 0.0350137536740553 0.38675316373666 0.309199575472225
0.0328358596215925 0.0175925750587674 0.327805506744582 -0.0490797101574764
0.0158677038705046 0.000836873200478925 0.0659480538401672 -0.210308225138745
0.00550300415031249 0.000364940826298822 -0.0810746737235073 0.147093838211523
0.0202223863800376 0.0257123145990956 -0.218185743468368 -0.00310451511626846
0.00490634556369146 0.0219516662993308 -0.254115320435163 -0.335167691969445
-0.00901205060605386 0.00534511045452014 0.175353954911502 -0.575512643558045
-0.0247580303260398 -0.00942421714651095 0.725315590233383 -0.106223831579581
-0.00465948989139392 -0.00532578635283443 0.515096892388075 0.585264578175004
-0.00118164256215977 -6.34194123327186E-05 -0.0499059071662462 0.554448749626252
0.000661623299527875 -0.00373768619262106 0.0461774293623457 0.0570013013904789
0.00371729132516956 -0.00695676049286689 0.0870326650252368 -0.46098872632449
-0.0122155581043909 0.00213495407566645 -0.578914773192298 -0.574586844643232
-0.0193428164208957 0.00304787484032763 -0.822066198735353 0.215860292550046
0.00451601081664732 0.0323912819132864 -0.0900621330728525 0.661541080713707
0.0257815454409763 0.0441190798405691 0.374627537672456 0.318482547831844
0.0366022797730009 0.0188738127418768 0.325549673162244 -0.0377765876166358
0.0201408520840715 -0.00181022850727948 0.060785754930171 -0.202966211296263
-0.0180429398329237 0.00288620366040348 -0.0584777372826455 0.146937833170645
-0.0269116837407909 0.00340058223418214 -0.225965392241238 0.000850492414708588
-0.0426025714368415 -0.0252864049026202 -0.298337955168162 -0.286938987695208
-0.00851182807293347 -0.0357949029343706 0.094302014763484 -0.572545451361563
0.0108795469249413 -0.00973432720639493 0.693557769453186 -0.216034176414646
0.0101801964054087 0.0273501641860753 0.574471970284063 0.482168058193089
-0.0226267048789291 0.0237600438476037 -0.0114437763409507 0.543928909592086
-0.025886044933962 0.00669752881310268 0.0350034327318545 0.0665384089086416
-0.0192879389969178 0.01654748464811 0.128931353984447 -0.447170423179797
0.00159195345884485 0.0388881569268364 -0.487631010227662 -0.663252608497793
0.0246298061233186 -0.00189434468166085 -0.840151559072286 0.0830513593045521
-0.00209122126142548 -0.0115013064583838 -0.187174334596859 0.65383287652107
-0.033103558830099 -0.00882282980430502 0.317918471534553 0.363054447124036
-0.0204894655384314 -0.00477371955764532 0.316948329961007 -0.0212594800624156
-0.00296287692245738 0.00630779681829096 0.0846239427943285 -0.212344306486365
-0.0194263629725179 0.00408061444186586 -0.0536261419817168 0.140503645209261
-0.0235346501965378 0.00427463999185692 -0.220293265426686 -0.00876777314196638
-0.0371941326962811 -0.0277571404654293 -0.279971823431192 -0.299328290780653
-0.00749194556340565 -0.0361639737147989 0.132848839007144 -0.562110331306159
0.0080407740608673 -0.0075892591429399 0.713982663575639 -0.165900462156598
0.00695865805396428 0.0279826428034851 0.550192228457349 0.520743478118591
-0.0205782352656147 0.0211986165101192 -0.0358983439992675 0.550799114928235
-0.0211482575152941 0.00470155112356963 0.0302414884203184 0.0674954832080952
-0.0172611773997135 0.014989765107369 0.107059528107533 -0.443854394775328
-0.00032589254021115 0.0375922804323744 -0.519752410619062 -0.625816310976833
0.0188000416778181 -0.00146762332899412 -0.825786493781016 0.136380639832164
-0.00357090153708044 -0.0109752576591936 -0.143931705498511 0.667167102024034
-0.0296549644610864 -0.00618177997093637 0.339528068145715 0.347174337430319
-0.0156769016677813 -0.000931569756856968 0.32243544689423 -0.0343497646722371
-0.00402411083568571 0.00790127143803999 0.0855121169399937 -0.21680910449527
-0.018684597930612 0.00340969495472707 -0.0529539659838977 0.13747859341075
-0.0159918263469793 0.00687411903165379 -0.214500545209436 -0.0163291218135639
-0.0288637751585564 -0.024701793685885 -0.261937826942317 -0.312196639833707
-0.00705785432718717 -0.0327245903835231 0.166416153796501 -0.550869086910473
0.00204481015818145 -0.00660516175060983 0.729091183668301 -0.117553242018915
0.00198618730091096 0.0253116989893754 0.524496819448219 0.563078486000327
-0.0183652622147463 0.0161880978968829 -0.0588411737490418 0.556168712338873
-0.0156364146398881 0.00185044069543237 0.0282735765803006 0.0681429981025536
-0.0130639071326967 0.0115567233144289 0.0883027087794704 -0.443838982170713
-0.00336401952651581 0.0336382530712397 -0.548405932745868 -0.5904075502519
0.0103238398583017 -0.000310823504816064 -0.811063574246291 0.18831703320247
-0.00544488170613639 -0.00541140030845377 -0.1019727506565 0.673757871801637
-0.0215887512324871 -0.000380171207222873 0.360084876539245 0.331283020820955
-0.00807119924821704 0.00365955182007056 0.325413400082244 -0.0454378585710895
-0.00382567047275916 0.00899820173393532 0.0860406401484257 -0.21999033181965
-0.0152507015158999 0.00388173801918464 -0.0544738939309982 0.135345561177329
-0.0075352568099432 0.0114323046948191 -0.211229563065887 -0.0205145779718978
-0.0195956986884118 -0.0169492984791509 -0.246295775621064 -0.323204301773821
-0.00759772259962973 -0.0270669751696628 0.194664092605757 -0.54268278508693
-0.005351974839009 -0.00613250524118635 0.737954721484024 -0.0757220443276632
-0.00217616933481076 0.0190687230063277 0.501025288708995 0.593601062001571
-0.0135732288792835 0.0103646838951565 -0.0733897666667305 0.559161563396625
-0.0092943723161656 -0.000331168381678837 0.0282817866247924 0.0670078913159378
-0.00906570312791382 0.00634649312581302 0.0751641510645375 -0.444191719547829
-0.00716307650449272 0.0271765962549549 -0.570475644845819 -0.555225780143127
0.00173709105781012 0.000701044534501287 -0.79822465048208 0.228674361052101
-0.00476325075686554 0.00176068126071005 -0.0682796397928959 0.677887251679344
-0.00951178144778886 0.00777503355503812 0.374474486339553 0.318336720023073
0.00274731976325471 0.00797299213371774 0.327002619617715 -0.053595333123114
-0.000402766594525339 0.00736249640290699 0.083702112510703 -0.221742632794263
-0.0110422083235175 0.00327772230273871 -0.0592885011860849 0.135248682371715
0.000986395155071763 0.0163577541560594 -0.207892247900001 -0.0209664464910151
-0.0119875830515144 -0.00647847254571907 -0.236428390286112 -0.331007586942359
-0.00895667221983226 -0.0183181679060427 0.210788432846023 -0.541283119299479
-0.0134820352527671 -0.00692323226365115 0.739259203228305 -0.0523041197693795
-0.0042409844781107 0.0119562346162946 0.485873336690554 0.615745332496632
-0.00921314334781082 0.00674379754734618 -0.0815681036470016 0.558341759051922
-0.00427582280180057 -0.00227375968749823 0.0304909766317282 0.0655885632282505
-0.0045020353711642 0.00197191035853235 0.0666349991011229 -0.446178218988669
-0.010460887427283 0.0208670786864778 -0.587137863316621 -0.537564153623076
-0.00614423043986401 0.0022145943936164 -0.789757177622176 0.25503288113589
-0.00234493574958734 0.00943069885397221 -0.0499528636464324 0.676605169756672
0.00204360281419962 0.0175303921195699 0.385273361569079 0.308323241312469
0.014440958204229 0.0112002991386598 0.328295548402156 -0.0575042972125686
0.00501579850791828 0.00618179379603461 0.0777438905971792 -0.220144254850546
-0.00537566663860529 0.00277073086784898 -0.0655900760869354 0.137076312433132
0.00910969473821329 0.0213046921140032 -0.208841944700179 -0.0185801684162144
-0.00438339077385706 0.00471986916153236 -0.233501357081608 -0.336294449556184
-0.0108067899786198 -0.00934540691976891 0.215071550258144 -0.545021083177239
-0.0199216447267403 -0.00782310766977781 0.737439007932554 -0.0473432241314566
-0.00493156397627295 0.00517114113532885 0.479858506706592 0.619418634533968
-0.00522831552435716 0.00217860387537286 -0.0813706872312946 0.557174902583043
-0.000963900888018157 -0.00413873687355154 0.0340222908503016 0.0625879435692375
-0.0014430204895723 -0.00329109154371911 0.0663657967672653 -0.447164558520624
-0.013648345345302 0.0129189470475021 -0.592503427231782 -0.53373422803788
-0.0137452271261311 0.00374830856976637 -0.790458490308637 0.258362270811145
0.00061227871484203 0.0190445033198564 -0.047745164919412 0.67199930848999
0.0142727695129553 0.0269829947576425 0.387545976399142 0.305349096611817
0.0244912212644339 0.0152206591832738 0.32692237978909 -0.055270066177918
0.00928406842543568 0.00345201865525588 0.0723579519718926 -0.215721349027779
0.000254139957466568 0.00244280940210287 -0.0741432638839239 0.140478074770908
0.0159320039216976 0.0248535684620201 -0.211793439757931 -0.0127813803600408
0.00143003789973716 0.0152529526645206 -0.238468407971805 -0.337354138391701
-0.010628332895848 -0.00103560292232631 0.202696529749307 -0.555116104650779
-0.0233146093797942 -0.00906253031602516 0.733006883281699 -0.0628419999227436
-0.00524811164454972 -0.000474394528702123 0.488857455653101 0.608635986877102
-0.00248815407118901 0.000299540910373434 -0.0714557272440791 0.554122995749121
0.000962461696954582 -0.00498996727497084 0.0401398807700932 0.0596039249951929
0.00210605883024668 -0.00608373101898768 0.0733760021076536 -0.452578409830247
-0.0137256372241776 0.00692547752868836 -0.58854480692747 -0.543389656537332
-0.0185012978828401 0.00395942882896108 -0.799021559939702 0.246602523309709
0.00331299832404828 0.0264084737310585 -0.0620709239436766 0.664858623531196
0.0225510554572407 0.0350415080181792 0.384660947057992 0.307553955561852
0.0324366351773682 0.0169111572336504 0.325971528057539 -0.0486267400744886
0.0152976466560843 0.000728925723380876 0.0666372205652518 -0.209057391796573
0.00523359137741539 0.000805287809781416 -0.0819945534775727 0.145345420107946
0.0194836211352717 0.0259478465532681 -0.217609134027228 -0.0052317939190154
0.0045069136667605 0.0221436059594549 -0.249805948597143 -0.333497009913584
-0.00925609199645651 0.00546959431630815 0.176548295024795 -0.570294294570115
-0.0245557215359601 -0.00919819026980721 0.720076137051129 -0.100380462209116
-0.00432649532268034 -0.0050962972307286 0.508576348987561 0.582360326621922
-0.00178859599045454 -0.000238176516949309 -0.0522381706873837 0.549874141327912
0.000109104025794726 -0.00301411913387641 0.0450592831063372 0.0572614558940758
0.00329594189287633 -0.00729123121989454 0.0873082512133553 -0.456748315800822
-0.0121165420442487 0.00213585385447848 -0.571618563422294 -0.572521904789223
-0.0191022301232629 0.00251135294680647 -0.819335042012098 0.210557022685714
0.00367610610676781 0.031470529122051 -0.0916083299944516 0.654939251465979
0.0257139811066898 0.0436011687829939 0.369158092398453 0.31679127817557
0.0365424191225644 0.0185234332725846 0.323006639396951 -0.036888341355191
0.019773651140222 -0.00193532283004314 0.0610256110567298 -0.201714988031472
-0.0185239000450676 0.00279229792043326 -0.0593029908135152 0.146263703745437
-0.0269597337187358 0.00220554419854238 -0.225322819702447 -6.79057316699233E-05
-0.0421113328823021 -0.0258324089129787 -0.296133247410674 -0.286223440791683
-0.00828758442290008 -0.035880507322993 0.0951526000393205 -0.567279931563936
0.0111045519268623 -0.00956372137557406 0.69199219358561 -0.21281873543535
0.0106667256624369 0.0275450297134962 0.569805899585468 0.482512073652499
-0.0220786023828102 0.0238627028344299 -0.015572715416937 0.540997891308195
-0.0264246768027893 0.00583530607985475 0.0345914051035365 0.065525436284467
-0.0188383010711295 0.0168210359889661 0.130622567481346 -0.442006695042273
0.00206241794434024 0.0386473035836946 -0.482379960009353 -0.660173306721993
0.0241395943539746 -0.00125969697689293 -0.836885852465364 0.0789786941214199
-0.00156513615540236 -0.0118695219026788 -0.18997563615727 0.650319570659474
-0.032892230821851 -0.00935482089453374 0.315390785513115 0.362084512096134
-0.0205315790071976 -0.00500630710345248 0.315974932209578 -0.0211231482206629
-0.00201047430579965 0.00603339175354846 0.0852574866870901 -0.21069230403549
-0.0198847571428018 0.00367702293292615 -0.0551711191782526 0.140407580449126
-0.0225654060645548 0.00474641608451493 -0.219634458228076 -0.0099266577608931
-0.0364531726016034 -0.0272020642114773 -0.277814540796161 -0.298688951099911
-0.00763534157258681 -0.0366355840997027 0.135292638212472 -0.557569006163726
0.00850741037194429 -0.00712287664889912 0.711453965262699 -0.16219728805231
0.00664689045505475 0.0278218675653084 0.543750043862342 0.521629146519737
-0.0207505597664885 0.0207724753852517 -0.0392109741284797 0.548032211076455
-0.0214315600463331 0.00460502790774495 0.0298111252074498 0.0671949271543035
-0.0155060818067106 0.0146482605000469 0.11033885844662 -0.441425612525239
-0.000209209273434326 0.0373391067116971 -0.514990458376594 -0.623113632959568
0.0181046433016955 -0.00129060416420357 -0.821816844129962 0.1324958470808
-0.00475510388636093 -0.0101712304264295 -0.145787502486693 0.663291742038038
-0.0290404963644334 -0.00667509028163936 0.335484293460191 0.34760051258276
-0.0159347995587261 -0.00133717015098271 0.320743489787502 -0.0338893961282771
-0.00421615393984751 0.00719939139510483 0.0865375100071336 -0.215527677578634
-0.0188983231007339 0.00365741390476402 -0.053887422952406 0.135660176698594
-0.0160359431491772 0.00678778451399674 -0.214521706369149 -0.0171332918977681
-0.0281850456248102 -0.0244674051495435 -0.259712963513217 -0.312196021327321
-0.00773319791896126 -0.0324938122528632 0.168165106717196 -0.547645963927259
0.00256428231465552 -0.00617661632334644 0.726470436488604 -0.113284546143655
0.00206123464983963 0.0254367939622832 0.516846051536839 0.563731690493632
-0.01790438797733 0.0159274930891924 -0.061261770020533 0.552674917744878
-0.0160148820009979 0.00216107458457223 0.0273013903037719 0.0672140563228456
-0.0125519314163313 0.0119028485426582 0.0917952996424374 -0.439599279460125
-0.00302588594311058 0.0333666629505584 -0.54278541057358 -0.586797473266813
0.00982674430707595 0.000248523513066128 -0.807900434556802 0.184996067390769
-0.00567748294884091 -0.006397198211222 -0.104530363461403 0.669956081268598
-0.0217245717931351 -0.000826467183153757 0.357239927149809 0.331892077371454
-0.0080059596985283 0.00303048231544148 0.322550360896922 -0.0451509420655135
-0.00277111656771243 0.00857444266831044 0.0864350549093118 -0.219341150659449
-0.0156188025854541 0.00430364839566844 -0.0559847982468307 0.134146260290978
-0.00713777729020406 0.0116489643327026 -0.209838606891793 -0.0218855010073672
-0.0200679462390028 -0.0173084167221246 -0.244475618817612 -0.322614803757379
-0.00775609568809589 -0.0267036271214058 0.195653882803659 -0.539317507264184
-0.00495012643655578 -0.00606903021079837 0.734552218797862 -0.0717198271010158
-0.00156531510177908 0.0196347408289492 0.494957259940228 0.593611058027604
-0.0134580313585197 0.010304238541943 -0.0793977821779615 0.553255662706523
-0.00972203567948058 -0.000222417723349435 0.0268899635036408 0.066369260662058
-0.00985834327769356 0.00607592236198066 0.07804079216765 -0.439447504279795
-0.0067210145465723 0.0278933171746459 -0.564815214123369 -0.557471428491341
0.00143360831749166 0.000791726467103763 -0.792387383366234 0.223795988823802
-0.0039693875086457 0.00131794463845463 -0.0718707609728258 0.673696882945874
-0.00958330169646347 0.00763119855405141 0.370924844407142 0.3193256898125
0.00300950617293416 0.00766829270341102 0.326778782271029 -0.0524964213740283
-0.000277410875356461 0.00728105614442139 0.0840194218673562 -0.220124860812284
-0.011207737109485 0.00404418136730595 -0.0599348521040877 0.135230462810234
0.000733752234891018 0.0163029950022834 -0.207623022830596 -0.0222423289152659
-0.010815454217384 -0.00641476152685172 -0.233613389600042 -0.330110049486335
-0.00948270711077533 -0.0187375401501662 0.213683861078247 -0.537161665974693
-0.013263870584139 -0.00707782132616262 0.73639891514116 -0.048258872313307
-0.00459819328288334 0.0124865156081083 0.479024055954803 0.613569520017489
-0.00905489763683279 0.00614518696099781 -0.0854914896682117 0.556348195032363
-0.00428757421660756 -0.00304941805392602 0.0309282409061127 0.0643364426219528
-0.00458790324290427 0.00123409229707892 0.0691950964280481 -0.442002006274833
-0.0100430672988495 0.0201431756803879 -0.582389457089046 -0.537548120016885
-0.00729163186139882 0.00239326063642618 -0.786950356052106 0.251281250149766
-0.00201364998733038 0.00915219854487868 -0.0540533173038792 0.673489320172152
0.00296592823278729 0.0170763060631917 0.382521385898426 0.30814361098617
0.0147199100367397 0.0117160639420927 0.326461528907623 -0.0564437298928979
0.00456703454738927 0.0059116027266067 0.0789538157971616 -0.217485867916879
-0.00537991985906082 0.00313721377323767 -0.0679165545729875 0.136705992293766
0.00985421892904069 0.0213366700577655 -0.208020081802974 -0.01886826131617
-0.00451520758106923 0.00513708648378848 -0.230006434471199 -0.335189578613592
-0.0105851335077402 -0.00912525167168486 0.215763112412611 -0.539825310614908
-0.0193646318357918 -0.00824599045214866 0.733648706091943 -0.042546859154105
-0.00519214756449448 0.00462564578103629 0.473786777100726 0.617974160499362
-0.00480477451549068 0.00269161146108494 -0.0849198092382767 0.554798764684582
-0.000147826381678809 -0.0041350261125633 0.0337616282357217 0.0623475168748766
-0.00123764804140267 -0.00303387970101692 0.0688373102328895 -0.443951537786833
-0.0131821256708295 0.0131963841831157 -0.586171522185182 -0.53340824621204
-0.0137728926143272 0.00352453170442993 -0.785569459290156 0.255875926942275
0.000946683216304969 0.0184533869664954 -0.04839734070183 0.666145152192275
0.0142406923453343 0.0267872620904137 0.383800204726425 0.304549219113851
0.0247146323091358 0.0144170510832569 0.325458308344813 -0.0541925961333111
0.0100603382951378 0.0027581139929392 0.07296352630994 -0.214698939913542
0.000247743991597487 0.00261191593843578 -0.0742390294203968 0.138929529370275
0.0155678311905688 0.024346703110368 -0.21175928819939 -0.012731757781082
0.000901740360448186 0.0157467944876986 -0.235207933032116 -0.33607738473556
-0.0113761026583249 -0.000846948794075032 0.20353877293933 -0.55210784084413
-0.0229548206586159 -0.00892961076500353 0.728644684119627 -0.0587248183031156
-0.00433767063657564 -0.00138127121698112 0.483398667407808 0.607989648965643
-0.00225024222762979 0.000146081993068571 -0.0724644721272074 0.551302549152079
0.0011944282749218 -0.00413459154179372 0.0390049600924073 0.058766934906618
0.00214277107261463 -0.00627623756884513 0.0763663549986049 -0.449698712551497
-0.0134720781115613 0.00662804651777205 -0.581779695614482 -0.54392778520807
-0.0179964105406169 0.00436826735964774 -0.796614496002425 0.240399925236236
0.00332562612153447 0.0259804304736335 -0.0653232957293139 0.660729822074702
0.0224957874682745 0.0355820519023283 0.380072642740171 0.306985977845933
0.0325113114354785 0.0170718730905917 0.324945843373356 -0.0472889996517767
0.0151543800916366 0.000185211367890204 0.0676480300029793 -0.208096710724495
0.00397571328737425 0.000919072691801967 -0.0829026999071523 0.144002866986027
0.0195919908058327 0.0259411407261366 -0.216369404373303 -0.00522688612365754
0.00423131051822864 0.0219890783585468 -0.248839321882328 -0.332428612188996
-0.00948107750277422 0.00543929255440885 0.178920265611127 -0.567339923440475
-0.0246548223524979 -0.00938860777353161 0.718769629773309 -0.095888547816629
-0.00340032715145333 -0.00556890919615143 0.502178218488543 0.582192764471776
-0.00199641511228361 -0.000469634988964962 -0.0542870319820641 0.548914593499324
0.000283338372541634 -0.00412944330749726 0.0443174930617931 0.0568929779361949
0.00449336146454393 -0.00728958736154261 0.0909530240289261 -0.453976624751351
-0.012432051998791 0.00148347897142559 -0.565867888298249 -0.572913310730592
-0.0198396437433605 0.00229562222692979 -0.813225491867908 0.205200772498246
0.00456966551199714 0.0322015069564777 -0.0945146201104702 0.65298420789074
0.0256012224663884 0.0431476563451679 0.367135795219235 0.317394249411747
0.0357433142794904 0.0180473639222054 0.321241895737099 -0.0358619197521545
0.0200962620053942 -0.00150323626633457 0.0621534494888002 -0.201079009555357
-0.0187344226576739 0.00135551794439207 -0.0781184373041612 0.1354226801149
-0.025967214693087 -0.00219105945991474 -0.224084401669534 -0.0327528680941823
-0.0367314793248427 -0.031196806042404 -0.254583454196392 -0.324867937453707
-0.00059728432670887 -0.0349831891119111 0.16819541752376 -0.543279518552408
0.0153612912678797 -0.00352475019649268 0.71116796907764 -0.11741047731626
0.00594389293553357 0.0250282514388459 0.496924610234791 0.558416572451725
-0.0230925004052128 0.0216615765324725 -0.0852276172229991 0.534834449513959
-0.0261759629051267 0.00197538083051997 0.0230849215700127 0.0699601925561665
-0.0235143560047239 0.00876497543868458 0.196412414902359 -0.418355366685198
-0.0100237228506077 0.0372765034372866 -0.374972813308657 -0.724809586894785
0.0187597071536353 0.0107639128396357 -0.841789603693559 -0.0523489891705113
0.00981373010457068 -0.00740623409384199 -0.289196268751823 0.616940590546264
-0.0205188210748234 -0.0150416211185449 0.254771523091237 0.406941206079406
-0.0176095296032215 -0.0122806985002215 0.31715158977616 0.0272111700982529
-0.00537143126166272 0.00226485764381343 0.120503289017248 -0.197829521281746
-0.0202283780606509 0.000988333286014896 -0.0727705306685131 0.130247874900177
-0.0223741188875282 0.000586790693850764 -0.217792327106538 -0.0413639902179098
-0.0302331520108772 -0.0308872394380291 -0.234243145540719 -0.334723707036043
0.000492170520222405 -0.0350154264585415 0.203384959936964 -0.528494711837528
0.0115072915393448 -0.00306679134573307 0.722516313539304 -0.064674017731983
0.00280168499209749 0.0245949025835379 0.46576292574537 0.597319284660521
-0.021626168022501 0.0190943745831829 -0.110908560150869 0.536797672951163
-0.0204371870142309 0.00188650982517586 0.0188797991159378 0.0701087635245735
-0.0210050024776106 0.00697858094752296 0.177700847059098 -0.419220847241838
-0.0129697564030334 0.0363362011080342 -0.413889273872503 -0.694906771577543
0.0138713898679709 0.0101891929046037 -0.835173884943414 0.00461650530554902
0.00751432380203002 -0.00638109427807981 -0.248747957387981 0.637290910785733
-0.0171813421971144 -0.013406554658536 0.277871211917372 0.396109581909052
-0.0141145942348182 -0.0082042081065029 0.32366935174867 0.0160554313492312
-0.00709412786549504 0.00457519702560774 0.122970691094511 -0.202361217306721
-0.0193730716682986 0.00141339520063697 -0.0711223649086702 0.126793034397889
-0.0162725850400605 0.00452818770206351 -0.211394872881101 -0.0476661606141701
-0.022506684706402 -0.0271183152156814 -0.213910793933455 -0.345319564706945
0.000143526189285671 -0.0316520136703367 0.235896762507912 -0.514492183729882
0.00580801435693414 -0.00204585757436742 0.730780438494535 -0.0154941428586114
-0.00112426026953441 0.0202386969462376 0.433855935962117 0.633338540173508
-0.0174880000326885 0.0152767786395845 -0.13243376783683 0.540237788471317
-0.0148259576340787 5.840515743322E-05 0.0172352122382332 0.0706348294893169
-0.0165875880519146 0.00520030901058663 0.158245110307962 -0.421653519408926
-0.0149679014371315 0.0321850445628011 -0.446977571404963 -0.663185621896721
0.00559859255988658 0.00987727082316113 -0.828350688163475 0.0573836789385223
0.00534824697384603 -0.00390906448091216 -0.206961643104009 0.650418175255709
-0.00991522481831674 -0.00619594516545041 0.302247752470646 0.384110725261163
-0.007478298801637 -0.00289182986840877 0.328396281336846 0.0057511295321606
-0.00661728746081278 0.00495907928313646 0.122929220504292 -0.205552690795814
-0.0157123087201407 0.0010603729030414 -0.0735357245942923 0.124753603768007
-0.00883597175739743 0.00962580180170418 -0.206624987801416 -0.0509966294544094
-0.0157783167004175 -0.0187541347435981 -0.199467935681644 -0.353506342241954
-0.00177736359786421 -0.0253565301483826 0.260905711298497 -0.502782470061096
-0.0023877815088438 -0.004272855317622 0.732464183547364 0.0266855756376529
-0.00350526117591158 0.0136878401750406 0.405246264336529 0.661108513117067
-0.0125023475960593 0.0105788356749892 -0.149830442736193 0.540510496032775
-0.00897063606376813 -0.00119789536401289 0.0168977051127941 0.0700898292689453
-0.0130242458792348 0.00100092017107609 0.146331580676241 -0.422767039139754
-0.0171410541314815 0.0266521352303494 -0.473334030874584 -0.634751672284869
-0.00259611567503073 0.0105425443218847 -0.822282678609811 0.0989778744338606
0.00546933116984601 0.00284469610050592 -0.176957795377962 0.658222693553199
-0.00112754187491413 0.00304186633809404 0.320360365542952 0.372616728693774
0.00224328652646624 0.00357915706720829 0.331524492020816 -0.00305805313469637
-0.00371974084507232 0.00616541614900489 0.119785968328721 -0.206767728095657
-0.012444503043471 0.00194979839397806 -0.0772952874147047 0.124748049350718
-0.000395905448047769 0.0149364355879989 -0.205384555740341 -0.050302339988271
-0.00868393529852721 -0.00724329942143332 -0.189216272765365 -0.360194208664282
-0.00421721191116828 -0.0172101775861855 0.277252177902172 -0.499745682108315
-0.0100506684556193 -0.00539197876103045 0.733803681974783 0.0502183433776639
-0.00473266431943664 0.00685419143829346 0.38991190985674 0.677513464146006
-0.00759114567364305 0.00764570200670878 -0.159005687672046 0.540165370592176
-0.00328604543637908 -0.00314582442837504 0.0190187259263877 0.0680789299134869
-0.00795970657754627 -0.00372925064463247 0.136761849962178 -0.425813835327765
-0.0188675909369966 0.0191715693904063 -0.493781370985623 -0.61893348658063
-0.010660390412759 0.0110006346571188 -0.817621191956772 0.126437465845159
0.00620777011661142 0.0117661431691091 -0.155377492322476 0.660417855555638
0.00965918380775938 0.0137762981522933 0.330730155952994 0.363603063615138
0.0130697677600442 0.00901887436223616 0.332177697168005 -0.0060327893045741
0.00127304250948314 0.00459356095549377 0.114563475087146 -0.206856575929151
-0.00625207495350444 0.00250655366736066 -0.0850813094546599 0.126077581434425
0.00782497077812952 0.0219017824956455 -0.207170846492876 -0.0478559809721409
-0.00370479586297995 0.005319497127962 -0.18632372476366 -0.365142403169584
-0.00745343482530514 -0.00831383782856081 0.281458815802967 -0.504377868182419
-0.0156489991400678 -0.00740729688309502 0.730581864920806 0.0539162441935244
-0.00479232925441567 -0.000299271316276748 0.383258379429031 0.680945928326391
-0.00267423668332846 0.00372954322199777 -0.155663257283887 0.539509283905389
0.000531354280130964 -0.00404082687695514 0.0234782990593769 0.0665419639807539
-0.00306168301198408 -0.00737213169894487 0.137182481962275 -0.428631223193942
-0.0212336517074299 0.011791325866431 -0.496708124801019 -0.616576367448546
-0.0176595638622803 0.0110553227982409 -0.820286801920464 0.131269076809989
0.00877645550696688 0.0213476060926198 -0.152716478573262 0.656189264340899
0.0199259547901723 0.0243487537813102 0.334055292745471 0.360012547981008
0.0228172778927507 0.0138773020004504 0.331075956008443 -0.00488675301253992
0.00694849398631836 0.0027844867038921 0.108760540694199 -0.202810985206039
-0.00131982934361967 0.00216619288728346 -0.0928850567799721 0.128828659055415
0.0128610530898132 0.0257880429582409 -0.211884812090354 -0.0421763170778952
7.79382646689047E-05 0.0169688622590365 -0.190919068800859 -0.366790668222055
-0.00853073312704992 -0.000805670933567707 0.270248136052579 -0.51628711405833
-0.0199814100734301 -0.0092092460290194 0.726724579259869 0.0393335931456202
-0.00367600939965058 -0.0068361158304914 0.393556542677453 0.673990768874052
-0.000527931980868628 0.00204468087074901 -0.144601083484254 0.536756269173572
0.00233079293211925 -0.00388024648922151 0.0300430507936695 0.0642356007307426
0.000757333707721724 -0.0102864148305691 0.144864746877293 -0.432976576511931
-0.0207831738830198 0.00549534098083771 -0.490894571705661 -0.62332469955801
-0.0215874231754408 0.010000106772353 -0.826629422082006 0.115587405113289
0.00881945131998478 0.0293966882536937 -0.165687486109348 0.648761965405256
0.0272595286724326 0.0344439244428022 0.329106277800987 0.36130648648241
0.0297570316585268 0.0165178342638292 0.328275093575663 0.00152694162354493
0.0128234519692578 0.00125389103452013 0.102323217747431 -0.197692913935936
0.00342080209500987 0.00148054292309885 -0.100721949252914 0.13318600178954
0.0158542090916677 0.0277046040030663 -0.217321021846665 -0.0347896455960737
0.00257922485331279 0.0235801218328973 -0.20539651417791 -0.364828929189828
-0.0089468038248278 0.00560637316524292 0.244889083582804 -0.53491651971042
-0.0199820079448201 -0.00977252833670515 0.722595846533416 0.000963893656873349
-0.00256417624504802 -0.0104343358251409 0.418053101979556 0.649046728946919
0.0010194703259865 0.000804354192366987 -0.125960669083564 0.536468307601707
0.00159598332778301 -0.00367135587885657 0.0350623041634755 0.0630606187599298
0.00218904500551621 -0.0105389769626746 0.160829072094252 -0.433810622750573
-0.0187571239857783 0.000431017704254386 -0.472722869709685 -0.649562690808524
-0.0234633412495777 0.00925022996099476 -0.83832673052423 0.0794158335987551
0.00801605705942728 0.0356889218756135 -0.194127011491844 0.634772870367645
0.0286644745114682 0.0428994093030236 0.314634917368417 0.368787555137693
0.0332353424417207 0.0198178626473882 0.324781062939634 0.0130019457492942
0.0175164206621535 -0.000682169735703111 0.095241300187426 -0.191259147210897
-0.0193803728243033 0.000989194464828504 -0.0790321331869272 0.133679805530221
-0.0253403747544779 -0.00156941867717108 -0.225153603206175 -0.0344496158360871
-0.0362153306186203 -0.0301786661511348 -0.253438702882024 -0.326340414975269
-0.000486761965776119 -0.0352081487624767 0.169090853466906 -0.54240087344039
0.0156922216444154 -0.00392198834424539 0.71296584131409 -0.112226149913225
0.00636266814246211 0.024789258538801 0.49171725712514 0.559811301124139
-0.022836920777211 0.021400189141023 -0.0874069548199867 0.532967983389117
-0.0257086027602335 0.00202051238208475 0.0227831393491031 0.0696895813022565
-0.0231451547470925 0.00850664033764114 0.201066653892265 -0.416099994858404
-0.0109968745617964 0.0371861179020289 -0.371280215046365 -0.724894504182388
0.01871145703892 0.010602884448621 -0.841135951300902 -0.0569935220424563
0.00960425025850852 -0.00669072742790637 -0.290336143172236 0.615860310238166
-0.0208992129585616 -0.0156420928164217 0.252506288088988 0.408609332234317
-0.0174116516554094 -0.0128695683852002 0.31591990702249 0.0287260301273796
-0.00576474435631193 0.00291747959763103 0.122249087713888 -0.196877642091191
-0.0210535121028981 0.00134219737044747 -0.0738624649751832 0.129922854985347
-0.0221648666259357 -0.000298080853298846 -0.217404103613401 -0.042336000435528
-0.03041355598006 -0.0307180147907984 -0.23397318808813 -0.336207892964734
0.000452289603756543 -0.0357893848264435 0.205986620982716 -0.528021410875005
0.0124709454899476 -0.00280744964382692 0.723594825912433 -0.0601753106743603
0.00276830338084472 0.0244361868657447 0.462584801762041 0.599227100951876
-0.0212463403886857 0.0193128515596279 -0.113557176154632 0.53711174153644
-0.0203065273191315 0.001351203571514 0.0179371239570516 0.070319509366713
-0.0207391346623389 0.00660877850589136 0.180160769492201 -0.417158680884905
-0.0120548285837358 0.0362629284826526 -0.408545160849393 -0.695171441534784
0.0133428539158144 0.0116009870202965 -0.835604530443008 0.00103844801620158
0.00792216305470593 -0.00694090049534003 -0.251482422056375 0.634936347497009
-0.0168895217859125 -0.0129157241216716 0.27565494443914 0.396934850058516
-0.0140401810229878 -0.00831301293897464 0.32315375694541 0.0165033860555853
-0.00712160019838557 0.00371327090853714 0.12482385073933 -0.200293556782479
-0.0196071834010514 0.00130416010409551 -0.0721002074362493 0.126254438483798
-0.0159471990070307 0.00361397505970023 -0.211778856413351 -0.0487023678223035
-0.0234116697065023 -0.026049289206894 -0.213263194522532 -0.346208644026864
0.000325323689681165 -0.0318607936227641 0.23972836258108 -0.512565885476477
0.00508452825987584 -0.00273680582482423 0.730616454902522 -0.0100812914233718
-0.000449536473522853 0.0205902030271208 0.429692210525086 0.634919889836929
-0.0180900347808339 0.0151047411075797 -0.134883783591855 0.537668896700593
-0.0146118011472327 -0.000147668908955351 0.016061474177614 0.0707525151427113
-0.0171301756361624 0.00403087785555471 0.162087072157509 -0.419272999894951
-0.0143949711564851 0.0322508761933083 -0.442622121917458 -0.663075997813732
0.00569775541797408 0.0102972150738566 -0.827399498106995 0.0540954416646317
0.00579766769737142 -0.00286768813764822 -0.211351472323119 0.647439477148854
-0.0105653598307471 -0.00625141692086241 0.30002121579614 0.384388541047437
-0.00673690367285766 -0.00274840279738276 0.326748298961414 0.00556572003347279
-0.00687475716847382 0.00546148699338706 0.124850602092247 -0.203905832051009
-0.0165776902516922 0.00179998857926086 -0.0740459241213828 0.12547392192465
-0.00819244362634642 0.00958061508766154 -0.207140711256413 -0.051142010595966
-0.0152091254586907 -0.0180651055361933 -0.197544672332793 -0.354469471961918
-0.00185347987027576 -0.0257194037749639 0.263300310000381 -0.5013160720329
-0.00230392340171765 -0.00284706730334183 0.734983284782302 0.0318065002792502
-0.00306112924904959 0.0142990123649497 0.402527155370667 0.660383453821726
-0.0124234394224596 0.0105466938905925 -0.152402926085371 0.538862101989754
-0.00878360911644187 -0.00183414745922645 0.0156677941651349 0.0694645311289603
-0.0132338075788734 0.000285151511481852 0.148588472744019 -0.420759801263506
-0.0175903227950904 0.0256599621494408 -0.469660457148565 -0.636534183584971
-0.00291012368494012 0.0104363224251977 -0.820346437146868 0.0947071922166254
0.0048427474682769 0.00365939791152262 -0.181127219904732 0.660242892623249
-0.000838241933307022 0.00328946830973561 0.315722254687337 0.374206444880872
0.0022361270071908 0.00348200007866757 0.330887393026392 -0.00100757909418402
-0.00388640288911029 0.00488685932777682 0.121524069295736 -0.206448719589645
-0.0115667436429896 0.0021953035575997 -0.079575788834448 0.123932253347471
-0.000199780385291754 0.015539771413616 -0.205347450613287 -0.0511432645507873
-0.00879074000039582 -0.00736922535790193 -0.1870894046888 -0.360723077029514
-0.00455525634542672 -0.0172085403538868 0.277929466344737 -0.497693127545128
-0.00963490682203734 -0.00569824254087532 0.732805585629355 0.055262915897456
-0.00475426230551177 0.00704913682835267 0.384623238217543 0.678563834529391
-0.00788037735253982 0.00640455334701802 -0.160100649103404 0.536698105648193
-0.00346599335636064 -0.00299056299069222 0.0193033452046713 0.0687531745701551
-0.00773994468402547 -0.00344210805688486 0.138263795217196 -0.42489732664794
-0.0193653360063739 0.0188440965276023 -0.487710816844794 -0.620324446163673
-0.0115536866133747 0.0112028632597397 -0.818565033878949 0.123184273041118
0.00659296460814511 0.0119761965712298 -0.158533075130608 0.660022990524851
0.0103266126420247 0.0136870706700912 0.329471441215868 0.365375947005812
0.0126693586522215 0.00883516047470474 0.332429862124611 -0.00546236289847948
0.000646601930929963 0.00397321524407653 0.116615738947402 -0.205166346115839
-0.00666748523710051 0.00246414164918078 -0.0860572101455735 0.125765554292111
0.00661862310388792 0.0214458184598488 -0.206522106741068 -0.048182469166105
-0.00376269928600802 0.00619548565442907 -0.185411153385699 -0.365163780426351
-0.00751833566018461 -0.00848079826970538 0.283599399039225 -0.502866729421777
-0.0159697307862614 -0.00740974304796616 0.731257533016077 0.0586160861386312
-0.00379096104046903 -0.000402226817712351 0.377828593804788 0.682854342551678
-0.00328372968096624 0.00277309982760295 -0.160021568918683 0.535967092608756
0.000869961281235852 -0.00437865902873461 0.0234964161668869 0.065971897675413
-0.00300867730433682 -0.00702931320682046 0.141845832772762 -0.425076135751996
-0.0208415281547324 0.0113444685758283 -0.494272265783566 -0.617522359800277
-0.0179700538719951 0.0119173630240096 -0.818692358577592 0.129378100127231
0.0077337672619273 0.0214867616008728 -0.155107359327613 0.655958150699563
0.0203224795378321 0.0245277886208554 0.331525656129813 0.360972033038905
0.0226834695789151 0.0133032149268917 0.331818380054916 -0.00307544555244441
0.00693243108549829 0.00179695636658664 0.109658064941127 -0.202470445229787
-0.000668017848186954 0.00270518743689991 -0.0944588557399383 0.127305639997739
0.0122286304768729 0.0262170109790578 -0.211277599414149 -0.0433411688108784
-0.000194412055177504 0.0164627644939826 -0.189436198623217 -0.36698477591194
-0.00884065047315852 -0.000516217688121453 0.27259895191016 -0.513914945503892
-0.019078531859883 -0.00952159379274754 0.727129101535754 0.0444470911481378
-0.00286019723942974 -0.0059922715109369 0.389671001598803 0.673744798437177
0.000390178443813937 0.00181773305543292 -0.146700294425344 0.534833672796795
0.00192376685433701 -0.00443925435099277 0.0290177107794532 0.0644443061267298
0.000157152161826934 -0.0103514765230249 0.146490395375622 -0.431088646156666
-0.0201316309604026 0.00562108411639815 -0.486741608511047 -0.627984694821461
-0.021997744282648 0.0107337675059496 -0.826956577274136 0.113918815923517
0.00812498645257348 0.02935551380884 -0.169294496670391 0.646430703864592
0.0266251696165354 0.0340515343238374 0.326489644014296 0.363788627784473
0.0302675695711088 0.0169900111494046 0.327997594562473 0.00237019262203135
0.012663004020492 0.000981233658082657 0.103007666785086 -0.196489432101605
0.00336911008380463 0.001757101301625 -0.102694307953233 0.132665217161555
0.0162607010008699 0.0272920874246535 -0.218213871286703 -0.035287679827191
0.0027832784792409 0.0237970655316003 -0.204985155472222 -0.364694711958231
-0.00880546407524145 0.0054300367219642 0.247595090920794 -0.531999149206907
-0.0203067813376598 -0.00961521207177714 0.721456996742055 0.0063682079516071
-0.00146146948851269 -0.00980898903115466 0.413733693205442 0.650869075192517
0.000951354232732399 0.00170972390947865 -0.130330608801325 0.53473724586173
0.00162520273628653 -0.0034569949280204 0.035209232150487 0.0633722276147355
0.00224173673481603 -0.0101764824796223 0.162681596316928 -0.430840960094382
-0.0186608779223838 -0.000120510343493828 -0.466257682696173 -0.650825472533883
-0.0233806737576124 0.00941979086957125 -0.839480993328796 0.075262968136773
0.0079509252698062 0.0351669120720614 -0.198903818062758 0.633798406214431
0.028960384209287 0.0429040873422237 0.312264442517717 0.370486926981306
0.0334823064767435 0.0184954667500197 0.324643169569529 0.0140813528343768
0.018249905910874 -0.000757407738468082 0.0961852560761568 -0.191108628739025
-0.0191545401574997 0.00073359352607772 -0.0814436312348197 0.133783810577327
-0.0253166964497989 -0.001643436443533 -0.225196087794624 -0.0345675292011187
-0.0360513988724088 -0.0301935507864012 -0.252812370266753 -0.327486798976421
-0.00023032505665306 -0.0347541608519095 0.17267049992494 -0.541948512512429
0.015526413939815 -0.00435329527723616 0.712413582791646 -0.109141024634662
0.00732060956649988 0.024777809776048 0.489617124688074 0.564203903977021
-0.0234913037878215 0.0212648872028031 -0.0927058110162991 0.531517830567503
-0.0245759358046376 0.00145251602261055 0.0225829874653133 0.0697968502190717
-0.0230440499585917 0.00776196265069382 0.202664549469748 -0.414249946993938
-0.0107894849008748 0.036818000469236 -0.366799106471044 -0.727465251000452
0.0181464815912162 0.0112680687728062 -0.842646397968558 -0.0599943266859972
0.00976884531622787 -0.00628471238807235 -0.294596769867044 0.614425947979291
-0.0203381061753359 -0.0160030719488053 0.25050437517977 0.40859074967829
-0.0163935384377035 -0.0130461704825644 0.316869703062219 0.0296069069980184
-0.00498456357450731 0.00202108062821612 0.122286796525411 -0.196458736781926
-0.0209243977491346 0.00114465942421391 -0.0754422246213876 0.129324049136335
-0.0220331261843794 -0.000154035523411962 -0.217522558176378 -0.0440096262883518
-0.0309636403043254 -0.030951632030283 -0.233441611570214 -0.337469153834388
-0.000268259229502547 -0.03524700539754 0.207824619979003 -0.527209944112282
0.011433241788189 -0.00297936493071266 0.726722546392534 -0.0549073111151485
0.0026359891884025 0.0240285604978135 0.459062002373386 0.601818117174277
-0.021254773954141 0.0189417508249857 -0.117934525442246 0.535806187827915
-0.0203975733666822 0.000293540452402321 0.0178560458345808 0.0713584894973736
-0.0204732257799759 0.00678592081312924 0.183478625192495 -0.416298288600263
-0.0126408304859111 0.0360463052725292 -0.406428475762817 -0.698841458752838
0.0141657532287433 0.0113741247073952 -0.837679447357892 -0.00472771556453409
0.00702134864060268 -0.00640255630211972 -0.254915268532173 0.63357973466779
-0.0165913529440981 -0.0130174360255167 0.275314160543111 0.399332610878287
-0.0137507509493637 -0.00904159088451271 0.323585931187905 0.0176310104309941
-0.0074352215880812 0.00404388926022741 0.125113712775192 -0.201410631208095
-0.0202705240931482 0.00179864390309775 -0.0747400976400584 0.126406220149451
-0.0156952928903505 0.00362563900513051 -0.211904629193854 -0.0499024545498178
-0.0224411942981637 -0.0264380949270807 -0.212858733164317 -0.347261126770263
0.000444694782290396 -0.0320282924371985 0.241805450603791 -0.511248471427284
0.00593110664663699 -0.00233882529276057 0.731957269230713 -0.00695762076534741
-0.000219920639722976 0.0203877265571352 0.426736108616336 0.637308021989372
-0.0173025549688045 0.0150316791757189 -0.139157495600988 0.538277277147723
-0.0148107583930642 -0.000332050673017007 0.0158056554037781 0.0702270248533605
-0.0173485675532725 0.00468297656882833 0.166022615917489 -0.418754531550405
-0.0145249755332283 0.0326991471576117 -0.439019543892564 -0.667066362029338
0.00611981686760395 0.0105281957820574 -0.829556610863253 0.0507218185119726
0.00652390800343915 -0.00264440280757479 -0.213295852948303 0.649881623652594
-0.00976011573573377 -0.00618919240113929 0.298170128616426 0.385832349948385
-0.00685706590155472 -0.00249039073533642 0.329328979300678 0.00651076931820626
-0.00627407772821085 0.00444437942698093 0.126542936367749 -0.204110678264959
-0.0166857267755886 0.00156729878387001 -0.0764700147581197 0.124404938245028
-0.00886508792098843 0.00876402539583299 -0.206902475354459 -0.051987922310539
-0.0151862333800168 -0.0180603108177895 -0.197804587879224 -0.355792071045768
-0.00232915257202793 -0.0248692738536347 0.266527211238014 -0.501658674878623
-0.00150171308947613 -0.00320838609845112 0.73466150082991 0.0340389965010849
-0.00323631703352221 0.0141686133588946 0.398263165801794 0.664066188422383
-0.0132737679779845 0.00971927912275786 -0.156697773900578 0.536728359544331
-0.00811738885255535 -0.00237817338286649 0.0159421564101037 0.0699405906758491
-0.0127022250422725 0.000257278650027256 0.151250331847911 -0.420207049253958
-0.016723176828007 0.0266831013680845 -0.465550829915742 -0.638716655637286
-0.00295687717028119 0.00988293142458564 -0.824983069141667 0.0905860685046142
0.00512750662434204 0.00467882325122398 -0.181397070667739 0.657765882343508
0.000285436979609374 0.00312685724038159 0.315348860524425 0.374803496909412
0.00291538423984873 0.00330685788408987 0.33215045298183 -0.000222242638135318
-0.00326963142991347 0.00491419351646894 0.122398504992043 -0.206661904553483
-0.0119425749332706 0.00274648426655882 -0.0809534817844061 0.123582003721823
-0.000883485366927418 0.0153529487048899 -0.205943719749635 -0.0523741967557095
-0.00884971551981451 -0.00645624203735198 -0.186541994700318 -0.361908081277127
-0.00482876210308289 -0.017125040990684 0.282139531010555 -0.497403407691973
-0.00911002948048179 -0.00559934512140437 0.7338955438105 0.0572539504892572
-0.00424105334762495 0.00698082044170182 0.382615743375498 0.681575936332266
-0.00881654331735112 0.00666650436279688 -0.162083752271265 0.536913526322986
-0.00279968534253894 -0.00310933654706879 0.0178967844443324 0.0683595699926281
-0.00696762758224191 -0.00365045781538315 0.142302556416217 -0.422812013487926
-0.0194901929421933 0.0188758614149172 -0.485392119333012 -0.623122568957697
-0.0111923841936869 0.0112167877153061 -0.821813190584075 0.118277518680041
0.00653366429625708 0.01230280421673 -0.163114104613802 0.660496163492352
0.0105991817434069 0.0141479407551249 0.32683248138859 0.367286603462593
0.0127850804279964 0.00857286980761817 0.332676002321282 -0.00392739282013875
0.00195994537228802 0.00425514761844415 0.118014940264509 -0.205718052498651
-0.00702817275074669 0.00222635882388284 -0.0868976496402531 0.12521094076751
0.00711453988379877 0.0209521414567316 -0.207687619961988 -0.0492575183814608
-0.00378589525739958 0.00616174217946378 -0.183184935078864 -0.367338443872991
-0.00806282966728591 -0.00862095111925964 0.285959790809299 -0.501218815054255
-0.0154281241734198 -0.00843806914178251 0.731553917548476 0.0624353983399462
-0.00349208557002163 -0.000407511397976051 0.375914027686085 0.686383622135771
-0.00300656036469082 0.00387589612427475 -0.162811730878845 0.534905071669656
0.00146451136228835 -0.00420812095027318 0.0221372801676459 0.0656513428779774
-0.0034411891206623 -0.00733278808797623 0.143521163415815 -0.426289722751355
-0.0208317045713825 0.0112716890965955 -0.490780763941252 -0.620718800231071
-0.0177744541281552 0.0111081071527367 -0.822257707971863 0.122363770417187
0.0081047152267412 0.02094354028054 -0.158779209951289 0.655494221532866
0.0201155287043639 0.0250759815152803 0.330280135517267 0.363783623729611
0.0216833105061269 0.0135985783170972 0.331259484680051 -0.00292013181571682
0.00699892357786559 0.00254360697615989 0.111779260764905 -0.202302232317467
-0.00132867892831405 0.00310056494859655 -0.0950307362847053 0.127610238998633
0.0128295622013399 0.0257978916834701 -0.21164407331098 -0.0452301515717227
-0.000188158575809065 0.0168533407339227 -0.189306153188272 -0.368510863802158
-0.00880504275635709 -0.000894400792916566 0.277204660179203 -0.51392981994855
-0.0191022620620166 -0.00965329845383523 0.727858045315113 0.0470613251502454
-0.00354459745178901 -0.00651889568415327 0.386820287027338 0.674708141279305
-5.36517569355108E-05 0.00191763547855417 -0.150667999647535 0.535092174092593
0.00283070213754017 -0.00413278906858221 0.0290191876331933 0.0641479671731504
0.000268002461532432 -0.0109022054705534 0.149951188352875 -0.428735777086174
-0.0197333528369344 0.00544814927290882 -0.483817113627582 -0.629523850327943
-0.0218692977592311 0.0111756509498393 -0.828972435065859 0.109188908755974
0.00827358371389168 0.0295934669985092 -0.172921910296106 0.645517475395558
0.0271123918416602 0.0351481935605298 0.325712769919843 0.36441977697151
0.0299011618158805 0.0168629067659091 0.329444241089606 0.00338992390148353
0.012588994574684 0.000110260541567847 0.104050403229366 -0.196740831848082
0.00316585479748557 0.00220062795941839 -0.104309997174175 0.131158077084621
0.0163349658141961 0.0271966083049503 -0.217968726639302 -0.0373123955598925
0.0019653863600893 0.0241571673028367 -0.202886303232259 -0.366568341972829
-0.00880233238306528 0.00563568365582986 0.25008506697457 -0.532963035423264
-0.0196609148188908 -0.0102798666394061 0.721664937896146 0.00819360200110748
-0.00101654081492535 -0.0099626801042718 0.410591852975881 0.65296330913377
0.000751085834742661 0.000938446058028158 -0.132786560244894 0.533593637149653
0.00212297877562698 -0.00348404257565185 0.0345862717593382 0.0629832679035202
0.00294374469298406 -0.0115438820129713 0.16583283318709 -0.431194701508121
-0.0180620804425509 0.000942888234024539 -0.464940625258255 -0.652886073926567
-0.0237877343988564 0.0095965997576844 -0.838451087993639 0.0712686369799002
0.00763646148675598 0.0356522102868579 -0.202541560334064 0.633002679233492
0.0293849864283227 0.0435376947712945 0.313552164255754 0.372570897399775
0.0330585641258814 0.0190075699518675 0.324816282224489 0.0160094385997227
0.0174033534455941 -0.000997149045957836 0.0990096786148217 -0.19106135637748
-0.0204495340151598 0.00122594486516561 -0.0821400302579634 0.13481519349518
-0.0249501291526193 -0.00185362192616184 -0.225739310028776 -0.0368487758672759
-0.0360254577305087 -0.0303458437388459 -0.252461685030027 -0.329991774359809
0.000146197591931706 -0.034983123197471 0.175278444778073 -0.543466250000029
0.0160553765802479 -0.00454146909100171 0.716391833098072 -0.105729892132007
0.00678071831397108 0.024979189393909 0.489315440691569 0.567838225674419
-0.0235975366854246 0.0218639990956039 -0.0936210318629407 0.533026665684519
-0.0244702991852385 0.00109503752456306 0.0221983670374549 0.0701760973018521
-0.0229235508228183 0.00774281700238416 0.208480926303049 -0.415072481598201
-0.00964153096519518 0.0378674359299932 -0.364785371979205 -0.73246406040185
0.0185041180521457 0.0116205156700659 -0.845302718202683 -0.0627789493310194
0.0106206713877851 -0.00664206737187576 -0.297935268464213 0.615915248908549
-0.0193999847441827 -0.0159354388285394 0.250277728049821 0.412891119234231
-0.0173158027635921 -0.0132926939282097 0.317915418983152 0.0301537657126116
-0.00460167686887846 0.00216052102110979 0.124132931765907 -0.19653612505191
-0.021294359899702 0.0013886036192209 -0.077634702611791 0.130184922992734
-0.0225104923846197 -0.000935056081111989 -0.219222069973951 -0.0446753321521874
-0.0311090505836598 -0.0307793994761786 -0.23306891263002 -0.338763304499513
0.000487409502146315 -0.0352582568412056 0.212103845791326 -0.528747318433711
0.011371436194522 -0.0029498416804196 0.727882307370136 -0.0522243435954749
0.00351328040315426 0.0248877447543847 0.457030661890184 0.606927793569221
-0.0211744252356561 0.0184955950235014 -0.120206184842831 0.536043909199952
-0.0203228652392433 0.000553120515048382 0.0180509029843086 0.0701950939544615
-0.0207446954086516 0.00688577613116271 0.187668896856499 -0.416025884072501
-0.0124682063437641 0.0363017497884712 -0.4014181437091 -0.702381811716391
0.0130455164596562 0.0112027002080847 -0.839126796328312 -0.00589345164161833
0.0075975193018863 -0.00663510096058131 -0.257769342348841 0.635688055928535
-0.0165320516357244 -0.013098232671889 0.273493609990976 0.400886416209756
-0.0137155344046894 -0.00839811147072856 0.324692290624726 0.0191859390059974
-0.00730867584131465 0.00397440816895886 0.127138744485018 -0.202094746988241
-0.0195403308626038 0.00163219925998645 -0.0750227518093479 0.125742748689782
-0.0159406590058334 0.00335722227669867 -0.212589418614444 -0.0519143377499726
-0.0232777238599484 -0.0269603492885069 -0.21273910645208 -0.349916652160109
0.00014738068306293 -0.0311406027426063 0.243902814717268 -0.512853938339914
0.00582923051184557 -0.00233740220135172 0.73617150278545 -0.00188965542568183
7.76495801271225E-05 0.0202167906678384 0.424814463660931 0.640850271733002
-0.0176274813681906 0.0149590161585485 -0.142167181188435 0.53815015699511
-0.0144246049003231 -0.000170943120884552 0.0157179167903265 0.0701310378324551
-0.0164604641810568 0.00391770642386236 0.169570234675979 -0.41854059835791
-0.0146367269725507 0.0321784238416493 -0.437472130218374 -0.66974906238992
0.00565028171014664 0.0111240863647208 -0.832627518644118 0.0473116045600017
0.00636229478742286 -0.00243221436210791 -0.218949933938037 0.652105765989734
-0.00958785325226772 -0.00588802721314813 0.298292159643234 0.388845007272363
-0.00691422268109484 -0.00301957308419782 0.32903147324599 0.00674055557709174
-0.00645908460564744 0.00450979912362177 0.126983510870742 -0.205100098910274
-0.017636188045766 0.00247787146491092 -0.0770574337345684 0.124158820781705
-0.00822930444976785 0.00851618344981891 -0.208478186099826 -0.0543781326555904
-0.0160563952464565 -0.0174833990918126 -0.197820830596857 -0.357473288188949
-0.00185902126353193 -0.0257301586715482 0.269684747436583 -0.499968530566582
-0.0015314946047012 -0.00393989430219904 0.737162302874309 0.0378740657949649
-0.00283649818405367 0.014134560167477 0.395363142926732 0.668692693125145
-0.0123774616805989 0.0100765258305105 -0.159819594224408 0.539365768096945
-0.00834763546914848 -0.00212535062384698 0.014654102230449 0.069582003025819
-0.0117210718944189 0.000806836292431578 0.156749697761695 -0.419773687099516
-0.0168272984703918 0.0263258102156644 -0.464340032083381 -0.641567991919361
-0.00313830708382513 0.0114514530225162 -0.828768001338406 0.0881519298640263
0.00492893488983397 0.00403817327285105 -0.185151747791243 0.657870819729681
0.000150678201119145 0.00315301551314066 0.31551226413798 0.378718129298271
0.00245342818896306 0.00330613853848229 0.333582692122691 -7.6822051336249E-05
-0.00306518556642214 0.00410159776622655 0.124951161364304 -0.206435500845582
-0.0124230657420378 0.00239759235668712 -0.0827992756580612 0.123836353588141
-0.000459131898093484 0.0151685934229771 -0.206131235012638 -0.0542915946601074
-0.00887983337481307 -0.0067257645957077 -0.185960148712218 -0.364200315737345
-0.00431669688179397 -0.0181374876772992 0.284392988412716 -0.497760729414743
-0.00877368147732278 -0.00585443976782051 0.736150782063201 0.0624460371873926
-0.00413786183709661 0.00682285718238895 0.379085945034415 0.685358311924771
-0.00761927187129036 0.00624663703696397 -0.167486279405639 0.536963865501218
-0.00308565491946315 -0.00349622685575245 0.0180812065358869 0.068558041822518
-0.00792087118510434 -0.00336656972371815 0.146947788377275 -0.423581302857563
-0.0200272232645272 0.0190897743514206 -0.483111117827201 -0.626257192588094
-0.0106939762556101 0.0111893034580619 -0.822740798015528 0.116667460560356
0.00613154460901093 0.0123649264089451 -0.165572746659218 0.662497616731569
0.0108501262711305 0.0141227715333248 0.327250841442265 0.369537567158552
0.0128156627919692 0.00921975663698106 0.334250783700526 -0.00370128359456317
0.000538516681038239 0.00307852700801171 0.119277508778774 -0.205787776744466
-0.00767116654361904 0.00309537649037476 -0.0899405310404228 0.12501475133853
0.00655513351160268 0.0208326139170905 -0.208094690374843 -0.0511624897850957
-0.00374755317658028 0.00667391364662315 -0.183601010081444 -0.369015213632256
-0.00725839219814929 -0.00889235527787198 0.289153277179782 -0.501735744553963
-0.0157053252829044 -0.00799101086359103 0.733294832809263 0.0667563388927838
-0.00344391065082187 -0.000368899008385416 0.372579548439951 0.688687740565155
-0.00351320740213867 0.00347144859210719 -0.16579142674958 0.535791294854349
0.00134998975736229 -0.00423447333210123 0.0224358551505315 0.0662623449021222
-0.0027165485448955 -0.00736876189859667 0.147547285115444 -0.42659523651444
-0.0207791872191736 0.0119313606595873 -0.490202244730077 -0.623856865824867
-0.0173655576543434 0.0114363616405242 -0.825392269307724 0.121439990758029
0.00763843524747931 0.021111890637094 -0.163765190889878 0.65850059934399
0.020680171267763 0.0250212043040586 0.329007676115176 0.365842956645486
0.0233107604462793 0.0133920213888501 0.331818990203192 -0.00258928998618227
0.00655183172743998 0.00201302293089162 0.114069827330075 -0.20141648345906
-0.00154084313237208 0.00319158863464287 -0.0970499906579197 0.127764452290029
0.0122743698952057 0.0259103633279287 -0.212510658398213 -0.04584772448497
0.000369681168176613 0.0173107003311463 -0.188141887875064 -0.369905604788547
-0.00972315022397712 -0.00147596535656001 0.278420688218425 -0.513204481631084
-0.0191988249168951 -0.00994955080184337 0.731320860110761 0.0530356075112524
-0.00221088097756179 -0.00629942027809501 0.384518092455803 0.679921255423881
-1.79784473566102E-05 0.00218469605644047 -0.154075724133847 0.533294059109968
0.00294878343440476 -0.00345088630395588 0.0283893219474895 0.0651253190834427
0.000508734057809318 -0.0103425704515371 0.154888451140754 -0.428561786149678
-0.0200318208251699 0.00514153075327738 -0.482769219155903 -0.632336732098617
-0.0217391974427483 0.0114770665865752 -0.832396229399473 0.104732804171516
0.00886281074273752 0.0298163253972248 -0.175170351789921 0.648360935300287
0.0269345575025059 0.0343935035418981 0.32568114021178 0.366353881611053
0.0298509581372999 0.0171658286255082 0.330734977360856 0.00511604579288539
0.013008968599605 0.00102702030320827 0.105841106817114 -0.197402990386545
0.00229255683657663 0.00257239437811514 -0.105903803765135 0.131498188088417
0.0164744896483101 0.0271196252824846 -0.218602069247788 -0.0386652479780099
0.00255708266451871 0.024452960557807 -0.202225213053344 -0.367796055265777
-0.00889894911752864 0.00555732137322629 0.252658254559141 -0.532346032288871
-0.0198823930294438 -0.0105370392616106 0.7252257945084 0.0129423439497853
-0.000777324976134695 -0.0105309152005714 0.40753475699122 0.657833847975359
0.00076946720471585 0.000930345772123663 -0.135510700629765 0.532619583369647
0.00199173050404206 -0.00364124964149171 0.0337708218131561 0.0632516287892798
0.00261445013637977 -0.0106958854054288 0.169261932179355 -0.431281266070072
-0.0183120461047452 0.000163506612943919 -0.462291694551453 -0.656607094694153
-0.02336554367985 0.00949875350538543 -0.843932323314761 0.0675957379299948
0.00778976528113485 0.0354432348999535 -0.204650562722435 0.634557300414586
0.0292479970475253 0.0430311530027753 0.311535176156813 0.374599721880211
0.0327086424696349 0.0190037402387564 0.326157695643297 0.0154723501951743
0.0175391147240867 -0.000979057139094964 0.0992118033794342 -0.190703080609726
-0.0208037535995255 0.00145437903645612 -0.0833703891800755 0.134738323876455
-0.0254364626940763 -0.00287673459657081 -0.228631823035283 -0.0373047011073111
-0.0362038791961184 -0.0297554695250348 -0.254002390422249 -0.332298669543291
-0.000366520332417421 -0.0351113753267798 0.177383842765488 -0.544869427539381
0.0165156878020039 -0.00445115812093203 0.720257238183409 -0.104981927763054
0.00799930302373209 0.0250768794329729 0.488873118907464 0.573541208829918
-0.0232234730333986 0.0208016313200364 -0.0984207957362897 0.534850872120245
-0.0250819605223841 0.00141495932361046 0.0218510269957854 0.0698838532304763
-0.0239581919717659 0.00820734293377229 0.210098841626732 -0.415439121473756
-0.010163425391189 0.0381237007634651 -0.362891044163908 -0.736247798950594
0.0186024621073241 0.0120437312855749 -0.849809091268153 -0.0673931048808609
0.0101867803808947 -0.00704994721306358 -0.301913302506152 0.617191397378188
-0.0194975269346396 -0.0154568290465785 0.25045518813588 0.41429357328813
-0.0170417768573228 -0.0134408419621525 0.31961127374115 0.0315035345584205
-0.00500514825641595 0.00155177550977548 0.12569854325307 -0.197765206950489
-0.0220989058559016 0.00126583263043152 -0.0786943986891658 0.129992646848998
-0.0222296909406471 -0.00145425533133259 -0.22052412773224 -0.0461577932297862
-0.0309047838251502 -0.0310157148340133 -0.233484178952207 -0.341638555519562
0.000991279028078537 -0.0350734956275382 0.214253605274541 -0.529464989987834
0.0123019239977401 -0.00326304752254941 0.732974955329017 -0.0490331514856128
0.00276308122726513 0.0242882678044539 0.45796789430263 0.609668495101632
-0.0218826002862415 0.018920970920901 -0.122846158840438 0.538069715767927
-0.0204156075842115 0.000784763773184386 0.0171312740183169 0.0714585639307952
-0.0209203672449106 0.00622485078282968 0.190575378126552 -0.416401348704419
-0.0118924974732791 0.0375606499853199 -0.402149669061531 -0.705642103095431
0.0128512778817635 0.0118996497950835 -0.844333557341022 -0.0101550105770687
0.00782500523033156 -0.00665542800620568 -0.261653024274923 0.638583453180879
-0.0156771352221626 -0.0128474320390644 0.273852666299795 0.405150816586431
-0.0136325698476295 -0.00902324462527023 0.326197779348359 0.0186966188301138
-0.00697615473635529 0.00290808327569028 0.12894125330347 -0.202294571090017
-0.0213724113565722 0.00178198799217377 -0.077540648163939 0.126816760626941
-0.0158010760115323 0.00253280707406457 -0.213706362229892 -0.0518362087409213
-0.0227810475465639 -0.0265433356698123 -0.212972809150521 -0.352093508902272
0.000775453997762735 -0.0322767067892787 0.246906544090871 -0.515178232662077
0.00582160805691878 -0.00267888568186164 0.740881114883247 -0.00171222526035595
0.000548113200995412 0.0206362231049412 0.423515850470055 0.645254508121087
-0.0179422133567254 0.014991517627971 -0.145413404110529 0.540184947793346
-0.0138515414291231 -0.000799991522328126 0.0151419855696322 0.0701902950858435
-0.0170295076847192 0.00438060146554516 0.171781777251207 -0.41896288828211
-0.0138644798646116 0.0325764039024116 -0.43595335128522 -0.674883419135239
0.00629148989197485 0.011672198403189 -0.838159185998218 0.0451342223091774
0.00617864716260382 -0.00294304282418388 -0.21957953083163 0.652951078561359
-0.00863211472527957 -0.00674060577137556 0.298199530120184 0.391037921722041
-0.00691473252354563 -0.00331647029854423 0.33140000210602 0.00796161692691404
-0.00630439518933836 0.00398844657718095 0.129330248365893 -0.205873345586041
-0.017921219865305 0.0027356553862681 -0.0789075059033979 0.12477407147678
-0.00769015382047169 0.00845698248081193 -0.209513372189699 -0.0552080018035519
-0.0155995215521517 -0.0175554064634308 -0.196900581010233 -0.35953814020111
-0.00185634508414625 -0.0256574900936591 0.271722083659079 -0.504156414164402
-0.00209006376324141 -0.0034357642639458 0.742083644352741 0.0417109882285914
-0.00234185953833621 0.0141448201247675 0.39577860549217 0.672748495791669
-0.0130258766989721 0.00984435812616218 -0.162591380840143 0.540295945266551
-0.00804070463789184 -0.00206724678487144 0.0149142036820899 0.0704358112905674
-0.0120024095297745 -2.16803815411451E-06 0.159333739712473 -0.422512562031666
-0.016077492874197 0.0269874763535876 -0.464608193256583 -0.64674115840763
-0.00315612195490636 0.0112203608145036 -0.833247032659621 0.0854761030428127
0.00553169250223013 0.00411493693310914 -0.189275497243824 0.661446532550475
0.000873848782569885 0.00319964459791151 0.316551676121021 0.380921518219582
0.00275936177894603 0.00319222594011877 0.334693096362232 0.0012098305641483
-0.0029321967794667 0.00429389600902659 0.126612400729703 -0.206454096264175
-0.0131982224309335 0.00341651949906877 -0.084367902423043 0.123561236134375
-0.00033578897204252 0.0147239715436871 -0.207990707134502 -0.0553142250347047
-0.00907071816988647 -0.00536028702432739 -0.186628118869867 -0.366177767915631
-0.00476508889561999 -0.0175041294522709 0.288283286270393 -0.498583599096625
-0.0089884654055893 -0.00601454360988394 0.740978433238042 0.0654702802998965
-0.00330934785745393 0.00707984116022176 0.378351183143041 0.690894986659137
-0.00746761541046193 0.00633223535520917 -0.170793756346585 0.539768906179408
-0.00222436806714884 -0.00325371233018037 0.0177666774107731 0.0693066985270214
-0.00700915965667137 -0.00343447325570393 0.149062766424026 -0.425329119048017
-0.0188568613091439 0.0193167173492995 -0.48280419706745 -0.630780360607748
-0.0116870510106471 0.011883850317962 -0.829856116064244 0.113487165712348
0.00604270253268179 0.0120553384390085 -0.167104331968073 0.665160738856858
0.0113360757648176 0.0136711475734313 0.328509781645795 0.371024125618768
0.0132472343235608 0.00917048464843716 0.335424771671022 -0.00279925941182961
0.00110949044590489 0.00340654328652712 0.122099399295978 -0.206802767225811
-0.00802153365339611 0.00291398504244591 -0.0912303732629833 0.125167432321001
0.00687073048111056 0.0210991459288475 -0.209175123698618 -0.0515970459375838
-0.00404375603087264 0.00733432094758077 -0.182981109978864 -0.371508084706273
-0.00754518816001247 -0.00827507281453963 0.291525564398649 -0.503743122414106
-0.0155723452877451 -0.0077392147621726 0.738454803162425 0.0699598457004559
-0.00314520708373473 -0.000987448354952309 0.372483013233663 0.694181041634995
-0.00245932332221718 0.00288241592603609 -0.168943811297477 0.537941675901878
0.00157223662370561 -0.00469302938213781 0.0220242708815809 0.066911490692954
-0.00287267135428562 -0.00788148171069894 0.150782664950604 -0.426502398855573
-0.020161180907009 0.0122439852156221 -0.490872000670901 -0.627232205565796
-0.0185687334371933 0.0120822906377862 -0.831819277446781 0.118169788175802
0.00815771669345159 0.0211410778656202 -0.164493042063254 0.660104876814354
0.0206204486902154 0.0247450254659171 0.330592154360065 0.368477582076868
0.0232177985539946 0.0138523667865691 0.333914455138659 -0.00206421663131628
0.00714457956306234 0.0013214590490346 0.114551068414531 -0.203352764585352
-0.00213284454423102 0.00378697343723644 -0.0992862101078019 0.12767537762156
0.0124176979128415 0.0251700940415087 -0.214008444855242 -0.0454281828133519
-6.83840329105542E-05 0.0179961178392154 -0.189100067942062 -0.372488386089012
-0.00928268608004621 -0.000130484522576652 0.281931571104964 -0.515180547561137
-0.0192609159256766 -0.0104617421432304 0.73518901905335 0.0539046111605672
-0.00215372282277294 -0.00637638345777931 0.385098606102907 0.684942955987296
-0.00021647632501859 0.00165756763303898 -0.156057138532892 0.535977082580285
0.00283295754169796 -0.00432679703790479 0.0282582676984871 0.0647473684611907
0.000392221456803937 -0.00998205153574001 0.157101265400185 -0.430573582540871
-0.020264131912863 0.00531777851513794 -0.482325886385765 -0.637347116531065
-0.0222681701053725 0.0114152468518781 -0.838054528534764 0.104968357120491
0.00854023130071331 0.0294187967411233 -0.178725739807446 0.650885490212737
0.0273278865033851 0.0349382028842175 0.326206388095042 0.371401706334689
0.0298528352023225 0.0175130288930506 0.332123883441852 0.00571801365948205
0.013020529884532 0.000282713870692283 0.107294271836162 -0.197555424839881
0.00286959703353852 0.00266343930986344 -0.107984986586302 0.131947469220047
0.0161158402751805 0.0269647879341302 -0.22078843457847 -0.0396560481818907
0.00218812423020123 0.0254985957516317 -0.202862178900422 -0.370618002277584
-0.00944785361877726 0.0057251654459647 0.256407398393887 -0.535694909523442
-0.0202523251896833 -0.0113026065877806 0.730499139295283 0.0140454280336056
-0.00062423829823326 -0.0101663607919884 0.407907140204129 0.662804857661574
0.00173152927044599 0.000924374790926989 -0.137763775777969 0.534316366025211
0.00245766924714767 -0.00448792483117948 0.0331590953135494 0.0641183132443419
0.00243517271044347 -0.0112251258795037 0.173637339136992 -0.432570208482627
-0.018044334698501 0.000742311105706803 -0.461913874040561 -0.661017971900153
-0.0237583183159184 0.00992656677657223 -0.849128964807087 0.0655431621383782
0.00790807054960265 0.0362986662648971 -0.209002963879149 0.635940995822131
0.0298603016528877 0.0433805954057221 0.311962985143865 0.37778697941913
0.0332043141083379 0.0197597651692499 0.327537726591488 0.01632557730144
0.0177913920569799 -0.00138380928785247 0.10089191827601 -0.192277813964074
-0.0211636308849144 0.00155609700651106 -0.0854351038422132 0.135448406712714
-0.0260736917039491 -0.00295859179914732 -0.229985135526152 -0.0381647832596141
-0.036477637707298 -0.0301471061280897 -0.255457657580675 -0.335248372738461
-0.000788886388685447 -0.0354345756182145 0.179160318316292 -0.549032961607332
0.0167216644151664 -0.00433778367827119 0.726142942831727 -0.102643346336062
0.00780989398577413 0.0246846720436971 0.491413080336388 0.579146775987209
-0.0229334523883267 0.0210635917768527 -0.0990776531134025 0.538854534094884
-0.0246991665976772 0.0014291877935192 0.0209907309967349 0.0705573868195919
-0.0230689895662862 0.00765117051934094 0.21375379332912 -0.416844773231379
-0.0105727261079597 0.0379646622013156 -0.36447995889978 -0.741267635507393
0.0186110784085469 0.0127817089158465 -0.857125257961342 -0.0696681507499126
0.0103118583429916 -0.00669007507196984 -0.305604027920069 0.621578697041433
-0.0193087765391642 -0.0155794923486257 0.254057134730493 0.418115319141107
-0.0169091291692724 -0.0138841507368514 0.321046040378304 0.032128471517511
-0.00477150155271665 0.000786811306422213 0.128469513160599 -0.198525630051985
-0.0218549820117852 0.00207519011812038 -0.0799526573824055 0.129640522869389
-0.0225053316635483 -0.00071949053720855 -0.223185018179601 -0.0472031869184019
-0.031154797448083 -0.0305042376344541 -0.235298745035829 -0.345506593666332
0.000708566554383817 -0.0354973320086112 0.215531926447182 -0.533535704951785
0.0126172081978922 -0.0032344358117135 0.739257762748007 -0.0500919346278127
0.00371185762865629 0.0240957690298973 0.458876864852261 0.614733637213019
-0.0214997846873824 0.0187739971736687 -0.125535806657876 0.540451797546107
-0.0202008742220028 0.000188015331531677 0.0169087014863836 0.0715825052105864
-0.02138166243616 0.00702018702418521 0.192738818373207 -0.419805900120582
-0.0120497562321843 0.0366079002742182 -0.401997887767199 -0.710922316847136
0.0134749698001185 0.011799052098739 -0.85200482865862 -0.00996844980600838
0.00755332969522717 -0.00652310098416942 -0.26523431312539 0.641594156652831
-0.0164842207408954 -0.0134766912775653 0.275523622600805 0.407612066996971
-0.0142340093955082 -0.00915489217841056 0.328281996820975 0.0189212180868213
-0.00661492990073775 0.00347330721088809 0.130125334566258 -0.203887196689258
-0.0215020554551052 0.00245175896616071 -0.0785400984445847 0.126500945413809
-0.0158648649421888 0.00255174543787833 -0.215624955107057 -0.0529439881957192
-0.0232902732636722 -0.0265047443853667 -0.215107009128581 -0.354606134110596
0.000506245843992221 -0.0321902097404891 0.249442646231375 -0.517538715737817
0.00624319136674862 -0.00326275913211389 0.744977667565795 0.00160086496816766
-6.79749255549453E-05 0.0206005606327206 0.425982587933112 0.651217138878798
-0.0177968975409363 0.0140075126450342 -0.149217935267796 0.54367772984112
-0.0137137686723077 -0.000278643757619351 0.0150613734693334 0.0712057304230182
-0.0171267156396989 0.00498073141013021 0.174189492768274 -0.421216195841181
-0.0139925352068743 0.033413436647132 -0.438040971024419 -0.679188504816121
0.00532332508630491 0.0113164837370669 -0.844547062251534 0.0439980647897354
0.00614824743508619 -0.00320244515228868 -0.223286372393477 0.656434611469108
-0.00884193105744292 -0.00579335247453262 0.300175818915897 0.395105961029881
-0.00684085133927522 -0.00390812151405097 0.333837736666174 0.00746253436610156
-0.00623067491065833 0.00408208016379398 0.131682427389506 -0.207350873679923
-0.0183435769517254 0.00273823203488453 -0.0806762063235575 0.125324454173569
-0.00857140381685952 0.00850184235744144 -0.211908144649623 -0.0550910097173033
-0.0157588929705689 -0.0172726645606212 -0.19877470234362 -0.363200719155105
-0.00154775302125521 -0.0265417084801487 0.275696665465173 -0.506612650839817
-0.000740284526217884 -0.00365545412799361 0.746335498240163 0.0419779347701855
-0.00167629188515847 0.0138824148274158 0.397146071067811 0.677550333247133
-0.0123163422724249 0.00972841333109367 -0.165182264890735 0.542386778290644
-0.00773504081250567 -0.00216742975359595 0.0149082458489864 0.0701879780907376
-0.0117625466460883 0.000141879602627101 0.159922853028383 -0.424487122355159
-0.0168818386876941 0.0267437269645584 -0.464780784153017 -0.652894452145047
-0.00340772538693608 0.0114898088358713 -0.839078788860734 0.0848203039441116
0.00562691170828379 0.0038214210942414 -0.191675778802088 0.667189610699868
0.000227850595076563 0.00292559356489143 0.317081483200006 0.383414586522903
0.00300470402722773 0.00290901585687935 0.336192420084436 9.41759585459746E-06
-0.00477485472782116 0.00395705575816526 0.129027547439996 -0.20894714782419
-0.0137951143102764 0.00321525281837384 -0.0850343325287042 0.124787322583783
0.0001428476486017 0.0157107667644167 -0.209945512506358 -0.0560640399617613
-0.00864212049661155 -0.00476095637101128 -0.186294161178543 -0.36919684638083
-0.00482615930579994 -0.018142737824929 0.290203517956385 -0.502770254205591
-0.00855289066738927 -0.00637973490356184 0.746457009073106 0.0674073690539578
-0.0035228408449297 0.00682168941389877 0.380800445916307 0.694891639964278
-0.00650441248291445 0.00628613934866137 -0.172711320216458 0.542537606067353
-0.00228663869480355 -0.00344303315377544 0.0172148076702412 0.0690892175360922
-0.00724468918303813 -0.00335420280501548 0.153541484544014 -0.42659006673774
-0.0189233711842349 0.0198204048316716 -0.485609228443459 -0.635707997621051
-0.0107746237642895 0.012184845697359 -0.834023817680746 0.114569829038168
0.00698270416366598 0.0123422443960435 -0.170722129562161 0.669130505455802
0.0105186811739383 0.0138402296359446 0.32994809028614 0.375506786480481
0.0136295633770259 0.00857902193497386 0.338209435529758 -0.00383751527712866
0.00204498916442172 0.00342364850999218 0.123045554128584 -0.207585853416545
-0.00830789540654884 0.00388415875940882 -0.0926697026985058 0.12572067033295
0.00689346806064496 0.0213305061903545 -0.210915870062568 -0.0525524490403838
-0.00388720403121045 0.00732127515372242 -0.184702175011524 -0.374160236773783
-0.00831999625762306 -0.00848523874815569 0.295410268575565 -0.506072334339584
-0.0158302229007535 -0.00861297705446753 0.741931733238852 0.0731656166921769
-0.00253597925130621 -0.000304188092505903 0.374994548877395 0.698361652602693
-0.00254944600871093 0.00303461157827017 -0.170722958192036 0.539432061607482
0.00166966878293313 -0.00428329124212188 0.0220663077181158 0.0671265072832976
-0.00312451625373973 -0.00840527267015815 0.152818540753674 -0.429043397139442
-0.020707735154623 0.0125776450324231 -0.491029778169786 -0.631223742654902
-0.0179211702856566 0.0118738432279788 -0.83590208842625 0.119374923498019
0.00778691432375377 0.0216771478970851 -0.166329569090367 0.663415829218463
0.021283188252277 0.0252571103379023 0.333534779477832 0.371110151798551
0.0233985955743318 0.0134286328074192 0.337402237801618 -0.000718158993721289
0.00554478455257452 0.00114760796950835 0.116984399793446 -0.204071957992408
-0.00273161977634758 0.00363938818521299 -0.101490744778965 0.128168756074348
0.0125645832476974 0.0255494531883244 -0.215464838053133 -0.0473541181206686
3.86725562593368E-06 0.0191515265691609 -0.190582403170057 -0.375829630805033
-0.00927512161019294 -0.000370626765428878 0.284228101953336 -0.519240041986077
-0.0192781080163366 -0.0109184626630882 0.740422950301017 0.0573339260757495
-0.00189495946405359 -0.00628857148148485 0.385365288239251 0.689943206648504
0.000635239633591227 0.000853957936002667 -0.159022991153959 0.53877699228916
0.00392933634409125 -0.00414876138354052 0.0283964783389315 0.0654493168596429
0.0012025261291433 -0.0107114712988047 0.160022884618515 -0.432820965132267
-0.0198972397434251 0.00567093781532249 -0.4843150436619 -0.641859065767886
-0.022344863394275 0.0115553892531378 -0.844038770860927 0.104932785620954
0.00832562931757956 0.0303904318790803 -0.1811723259089 0.654319614386557
0.0279677150082594 0.0357031460709884 0.328948700002497 0.372634358891115
0.0301414981075887 0.0171078915928207 0.334612789911411 0.00515306025610337
0.0128582541011063 -0.000155488259180585 0.109514933006666 -0.199235059478581
0.00235802004790984 0.00331518033831088 -0.110309796000122 0.132167036856596
0.0164251238183314 0.0273956683744771 -0.222643402528376 -0.0393551984423975
0.00273154482470041 0.0259710648896504 -0.204423198918236 -0.374013924831073
-0.00919066766743581 0.00572381611546384 0.259589616015566 -0.537622036681798
-0.020195232005195 -0.0108896133584868 0.734772942607158 0.0177952073916434
9.88507219500771E-05 -0.0101159691333678 0.409771850884817 0.667030138139624
0.00156213111695826 0.000527478431720449 -0.141251719834474 0.537426137872204
0.00303730116272591 -0.00374379561702207 0.0340623956858686 0.0644181538395105
0.00275307602306752 -0.0113415332318959 0.17695036939268 -0.43493656974918
-0.0174638807915986 0.000287316903500194 -0.46212052642155 -0.667275966810724
-0.0241162109127519 0.00930832989377989 -0.855697818999929 0.0653294649329331
0.00806908916144158 0.0368846575265767 -0.210274991547484 0.641622403150909
0.029741238466871 0.0437912944381766 0.314362416515695 0.381000349032669
0.0337328297681749 0.019942238629459 0.330470754190818 0.016452244409158
0.0184740312061339 -0.00228851859223256 0.10225233945517 -0.193713141307117
-0.0216534972873448 0.00147200107494925 -0.0872546863586383 0.136762988315875
-0.0262464585982689 -0.00297853892894706 -0.232009365169119 -0.0386068896702338
-0.0372328892881457 -0.0295771577598366 -0.258519917913824 -0.337431866207634
-0.00107733424259159 -0.0361039992786674 0.17851762847026 -0.554341480842541
0.0162553571464718 -0.0048964073379285 0.734538940706909 -0.103712542545288
0.00778083607081439 0.0252965297592487 0.495643602020576 0.582248746404966
-0.0231385719760542 0.0213504341845627 -0.101510856481614 0.539792866171404
-0.0254029503018064 0.00119294003293279 0.0208606440422033 0.070874075304203
-0.0232996337670287 0.00746941489503217 0.216636799636483 -0.418677596620354
-0.00991394870324258 0.0385798625159242 -0.365931365504862 -0.747024621549842
0.0191217352217854 0.0126050766433928 -0.864534475565562 -0.0675131381064755
0.0104574819448786 -0.00690870184719431 -0.307674778318422 0.625154779887552
-0.0185882085619561 -0.0164206087589591 0.254922626448154 0.421843717964334
-0.0168614526023586 -0.0135919694980038 0.324348024559291 0.0304296666867823
-0.00497311657381901 0.000984934631925321 0.129374715856538 -0.201176459813502
-0.023046307650578 0.00206914312102599 -0.0809966306937585 0.132072658534297
-0.0231707677576734 -0.00131036844846099 -0.224566346334307 -0.0467721567605409
-0.0305851987653784 -0.0301630666764166 -0.239016108338931 -0.347284067867158
0.000416685852410311 -0.0352597405471074 0.21733427772683 -0.53952373527323
0.0130659238889767 -0.00289053530371787 0.746544618912614 -0.0499660253530018
0.00413729122959467 0.0240829744067112 0.462545536447501 0.620770876052945
-0.0214492252960539 0.0187383739163244 -0.126264338007905 0.544791640920442
-0.0196854105622876 0.000503659482189341 0.0167042556716373 0.0721717893713522
-0.0207256045748079 0.00691329389736055 0.194385054022379 -0.421980572558494
-0.0116567425838678 0.0373297829703634 -0.405597744322468 -0.715511695418731
0.0135256066298128 0.0125871833474143 -0.857923558512166 -0.00986700744856901
0.00778380114414803 -0.00633591649019391 -0.266656432411779 0.648674023574843
-0.0164417720421471 -0.0138732993445186 0.279214929114118 0.411362042732112
-0.0137820571726686 -0.00973455309895279 0.331595981255758 0.0180646462060736
-0.00706461500143889 0.00277876605867411 0.132297690888449 -0.205762892633129
-0.0217487825161859 0.00288827668229962 -0.0807075645341781 0.127797823217237
-0.0167567774942145 0.00258147273935325 -0.218296483609959 -0.051785046209342
-0.0236440582183704 -0.0260574720192697 -0.217203186559841 -0.357670385083231
0.000302965096016567 -0.0328776044137165 0.253142664890528 -0.522429674482511
0.00617199583107923 -0.00286346972553657 0.751914650528906 0.000729307634921603
0.00061626198966312 0.020858934208117 0.430582704244599 0.656476776913949
-0.0171465865839703 0.0147737280114509 -0.149297153876057 0.546335568854296
-0.0138867917445015 -0.000482300563498032 0.0145535399224062 0.071324394454729
-0.0167864422881556 0.00407770713668479 0.177146985776266 -0.423759886025397
-0.0131019855004133 0.0338771895575256 -0.440419801994874 -0.684288664003455
0.00636492826319635 0.0114334692452948 -0.853200648358643 0.045040606867087
0.00670161449343727 -0.00295630692240468 -0.224135749810759 0.662419898955746
-0.0093699822245872 -0.00648313495855997 0.302653013700094 0.397419761167451
-0.00593958819604481 -0.00425484035646364 0.335849035965887 0.00699962923719878
-0.00684561321301917 0.00331232145848547 0.133400127348651 -0.20866182261387
-0.0188803772592862 0.00307405303684518 -0.081919879712493 0.125594226655285
-0.00839537796800678 0.00803243600126237 -0.213441780642284 -0.055700697551498
-0.0160705848051442 -0.0167587859882319 -0.20116618167888 -0.366314929489396
-0.00179009831567359 -0.0258768417004827 0.277044404326822 -0.510085332999871
-0.00187840688918104 -0.00415743098520656 0.756675162287059 0.0441029038460462
-0.00145208284815708 0.0142200403891174 0.400760152507619 0.683581225158285
-0.0120781587936607 0.00993408646355905 -0.166401173519194 0.546566322807416
-0.0076935953665938 -0.00245807532907216 0.0135408747090477 0.071333148849726
-0.0117784558377118 -0.000447439645950954 0.162389032591101 -0.425525824522355
-0.0166229738969397 0.0263297744966813 -0.469481907218245 -0.656337409542802
-0.00292234018244022 0.0117150176017679 -0.847690516067752 0.0871019190857375
0.00581039296847384 0.00415696068126616 -0.193234998178464 0.671719172462978
0.000574456690953798 0.00233484947637233 0.319760395211612 0.38757568190299
0.00285878137041509 0.00257190958592383 0.339812834350905 -0.000624947057669399
-0.00304452223038938 0.00359201343239127 0.130578323095107 -0.211026075747018
-0.0143718029139139 0.00342133166614834 -0.087205298966817 0.125346311424891
2.25748159713894E-05 0.0155595836281738 -0.212271936138012 -0.0556434019666993
-0.00839272214872481 -0.00452510642017101 -0.18917101767054 -0.372944352289429
-0.00494539320760385 -0.0179931495313347 0.29320218434554 -0.507948305388467
-0.00927734733854921 -0.00591588691919542 0.753508692361891 0.0686724881440119
-0.00321974640774235 0.00719403978433589 0.38232220537196 0.701564471544535
-0.006948251055776 0.00606335274603651 -0.172826903827789 0.544593624195574
-0.00213340304861533 -0.00367573396615001 0.0172813744249107 0.0690282353994402
-0.00647306362895329 -0.00383540831367546 0.154385691100527 -0.431542257062435
-0.0183108617388679 0.0204146529846929 -0.489144646346759 -0.639867740565002
-0.0116551660578708 0.0131604013362205 -0.843161533474389 0.114821997829997
0.00701307272388227 0.0128949624509754 -0.171418978780681 0.672584514353516
0.0117640367104752 0.0146594263435669 0.332109306645905 0.377384918908832
0.0138291149748886 0.00803469397550819 0.340713575597778 -0.00355044502507247
0.000987962996101125 0.00237612361019243 0.124893680358869 -0.208260588321237
-0.00862105942975567 0.00393727536830603 -0.0944278302690364 0.126011357990374
0.00686932786139973 0.021960622640145 -0.212449302579521 -0.0532911498445458
-0.00399537033070452 0.00812572389705258 -0.18688640346258 -0.377607969605297
-0.0080966350331935 -0.00901942862859111 0.296213473027668 -0.510307537809354
-0.015416016983674 -0.0087558946243508 0.750526117179957 0.0719759905057295
-0.00295874555952075 -0.00113610090366329 0.377924769743559 0.704915003763923
-0.00303230758937835 0.00259652097800362 -0.173442018350629 0.543166493268612
0.00189522702973589 -0.00478142117283595 0.0225921244621128 0.0676652101395012
-0.00259488976433348 -0.00757634424338959 0.155594521098031 -0.43202219765415
-0.0206812688098481 0.0129337414922416 -0.496701058515581 -0.637284790261926
-0.0182452684699798 0.012155725991259 -0.844809956225091 0.123063322886752
0.00798581586889054 0.0214387440794807 -0.167855327951321 0.670545013798984
0.0220767907362428 0.0251495720622094 0.337356261705435 0.375353020707968
0.0238925854408752 0.0136503809530339 0.340461065625605 -0.00173836433489179
0.00728214983211413 0.00101004991928192 0.117932221410718 -0.205123742219977
-0.00268895570678668 0.00500955967514161 -0.103196723840733 0.129467131469087
0.0127853801640133 0.0255914050994757 -0.218834921562777 -0.0474524773396603
-0.000437314563081207 0.0191778968270825 -0.191948640942667 -0.37932119971004
-0.0102792295293953 -0.000450173395525681 0.286934829448169 -0.523402075100865
-0.0192369152692147 -0.0106476432641958 0.74820870218 0.0554354116418888
-0.00133157303475237 -0.0062632745710361 0.388840599338036 0.693468463593901
0.000614186745594833 0.00151777542031004 -0.161232138738185 0.543608741769951
0.00392269096069664 -0.00497868692979017 0.0275019614065384 0.0651768088369241
0.000664011832697259 -0.0107177031500245 0.163785010989385 -0.436355213631629
-0.0198957535964173 0.00597533966377839 -0.487706008393691 -0.645509248432364
-0.0234746245412878 0.0119885521776511 -0.850232037978718 0.105787463513969
0.00907165993123136 0.029681649231958 -0.182318222096648 0.660268612438648
0.0281754970669574 0.0355477803484272 0.332255855688138 0.375578667348033
0.030177490002058 0.0170550002933509 0.337562516043332 0.00430603719292901
0.0122463612788862 -0.000363188293933635 0.110408405427663 -0.200289538759488
0.00250617643722217 0.00397620316398467 -0.11133992689922 0.133233584198858
0.0163017156472686 0.0273553403175922 -0.225435071986439 -0.0393719269791326
0.00256636910899542 0.0268136200730809 -0.206786689343811 -0.376128915130446
-0.00931734292868334 0.0057131540449714 0.260646549583862 -0.542425745600255
-0.0202285429152925 -0.0118183888222053 0.741673775237006 0.019124433065703
-0.000268823073175934 -0.010304183004046 0.413738629682009 0.672382705271834
0.00147192602823069 0.00091560035389841 -0.140595088483027 0.54131845679627
0.00269633812558553 -0.00421262349781105 0.0337476017596302 0.0644466868828391
0.00254705956640489 -0.0115540262290829 0.179724027644701 -0.437869493368036
-0.0172326836214117 0.00127337768215665 -0.468098230785684 -0.672461234779193
-0.023345677999589 0.00991247936599919 -0.862815057774285 0.066965933713242
0.00828656647548815 0.0370740356367904 -0.212380841890683 0.646080983404074
0.030748782347659 0.0435369465490791 0.319583955443131 0.384604287756478
0.0338308193873437 0.0193609004635136 0.333398129876451 0.0156441961124599
0.0178750448969109 -0.0022527855527997 0.103927546294669 -0.19444700733899
-0.0213540090325654 0.00190413183161858 -0.0883292791770313 0.139176734759994
-0.0269556752654062 -0.00258274531992847 -0.234946893962203 -0.0382728438067946
-0.037443269449589 -0.0295526261984566 -0.263010385171654 -0.338818970692604
-0.000381215307958217 -0.0359384818872441 0.179091856171101 -0.55848748707275
0.0169606301174781 -0.00448935344511553 0.739354152825888 -0.106119783247389
0.00843779266579541 0.0248850001075467 0.499593773965516 0.586866076997015
-0.0230556159080066 0.0210626586837988 -0.0999249368195573 0.545839119199387
-0.0248602234387572 0.00147599298203545 0.0214145056998517 0.0712412495660357
-0.0224598254679708 0.00732221458672982 0.21669573995368 -0.42325138477367
-0.00980903991451558 0.0383816065545275 -0.372189110529915 -0.751706509307254
0.0187019869988446 0.0124179906057214 -0.87133876822667 -0.0664963888677385
0.0111781053439103 -0.00701604326054697 -0.306613901716481 0.634175965985126
-0.019777574165863 -0.016527379958636 0.258779738244677 0.424863637889587
-0.017216074949734 -0.0143947736320335 0.327095518211924 0.0297189985331252
-0.0052034554750365 -0.000298367678027673 0.130512961350221 -0.20357518553898
-0.0230632114039236 0.00237001999639541 -0.0832499821928315 0.133177779869055
-0.0223582228733656 -0.00164088771117022 -0.227712928381475 -0.0468304744462325
-0.0310992269039378 -0.0303835288800754 -0.240772924213512 -0.348743508320855
-0.000289104964891193 -0.0357326290566863 0.217739815701335 -0.542926794912543
0.0129414599093671 -0.00312707202663415 0.752710577408593 -0.0508720973452744
0.00470297282515387 0.0246062081919706 0.469217175193981 0.624805281406489
-0.021274392881217 0.0182279933381087 -0.12606902908458 0.549463461931083
-0.0207061260119398 0.000962257917657707 0.0170905627679694 0.0723780793930875
-0.0203950809116927 0.00606806122706897 0.196575937808992 -0.42482321067602
-0.0111616543535504 0.0375008852861998 -0.410861912480885 -0.720678869854586
0.0138697595990766 0.0125829371149782 -0.867755523883745 -0.00700099936603577
0.00798686481425367 -0.00612976348252804 -0.265783178531644 0.654719898168262
-0.0150844825059684 -0.0144103096831493 0.282482219364187 0.414897067038157
-0.0138906105600977 -0.0101774846357428 0.334017656227697 0.0172681491213323
-0.00729645017484804 0.00210734420037925 0.132861164176415 -0.207692940013052
-0.0227617799564728 0.00286187962635009 -0.081565646075888 0.129610857978652
-0.0167397159507931 0.00251039724986033 -0.222142230132958 -0.0536532758459159
-0.023553755085846 -0.0262011670851473 -0.220890222377597 -0.360838662376606
-0.000217387309225802 -0.0329588065335927 0.253588493709872 -0.527699682081414
0.00610042865508343 -0.00282942114915308 0.759170675825357 -0.00157410779773285
0.000918658878575989 0.0213998923205692 0.433295172384735 0.660742752487476
-0.0175134325959918 0.0145303842522191 -0.149491755347053 0.550613970519702
-0.0138088212393094 -0.000432155686943622 0.0145734550468214 0.0710770826296581
-0.0166599405924968 0.0040339276191624 0.177758662706001 -0.429540949966284
-0.0130630046200345 0.0342820426399372 -0.446760876719948 -0.688389626047921
0.00575666678769926 0.0124385930521143 -0.860306701282341 0.0485284506707692
0.00733590860182656 -0.00290432787146253 -0.224289035547211 0.668291127972374
-0.00829361065258515 -0.00646994787961176 0.307575571181237 0.400897637732759
-0.00598023818376311 -0.00374223064735821 0.339959649407631 0.00586244567461778
-0.00624547333606509 0.00339346233290362 0.134119509654196 -0.211439430233001
-0.0191806787451601 0.00331444927320647 -0.0836725805585032 0.12726664649003
-0.00817225240912634 0.00875575536582733 -0.216344162403647 -0.0558786470242011
-0.0153631454723095 -0.016433395062284 -0.20433807282916 -0.368701274200037
-0.00252914248866875 -0.0263445684165349 0.277983658120368 -0.51480371428598
-0.00147698166918161 -0.00414455407844847 0.763692678910631 0.0429208834059565
-0.00131098366982378 0.014396614548484 0.405142260295819 0.687991754482411
-0.0127022887020507 0.00934654784067551 -0.167022974225531 0.552620937804185
-0.0075288910295211 -0.0025012230435808 0.0151111654482545 0.0716175985159991
-0.0124121510055491 -0.000449037098847543 0.164020092662578 -0.430562753324819
-0.0156357821480616 0.0275967901748887 -0.47504218289804 -0.659675238605813
-0.00306128599226095 0.0116602008828071 -0.854093275701715 0.0912800953745605
0.00557028103614167 0.00426915085315873 -0.190760103507325 0.677558201993418
0.00176121457231094 0.00299807046986808 0.324817023797282 0.388892890741778
0.00337950632935714 0.00308291715611379 0.343561866835489 -0.00225735653758022
-0.00457215273068953 0.00256889990262313 0.129920043123676 -0.212729379946928
-0.0145153667067899 0.00459656355712372 -0.0881172310594143 0.12603171251613
-0.000381010468137838 0.0155671989122544 -0.214857629301279 -0.0558089415313506
-0.0086438429769209 -0.00459311925890389 -0.19332992236745 -0.37445017649359
-0.00557688412418765 -0.0175998041974384 0.294234113722462 -0.513201505688239
-0.00920464857362792 -0.00697395293854699 0.761599151537674 0.0672780722681875
-0.00206792803564763 0.00574877758326236 0.388532933284604 0.705250869350852
-0.00758568609627666 0.00587638819731127 -0.174715180197816 0.551178464000052
-0.00187876344054432 -0.00374946578281233 0.017607037175112 0.0699172003598099
-0.00707400807316132 -0.00370861936219493 0.155200442654758 -0.433337018674313
-0.0186758778374694 0.0209172770766069 -0.49505458441327 -0.644657967365998
-0.011226767366655 0.0123436850986588 -0.848396663014614 0.118388955194579
0.00714287168287041 0.0129495187150156 -0.171026075071457 0.679906039561966
0.0122496471720333 0.0142208935906921 0.337938485684804 0.379849982707379
0.0136730987121633 0.00832393504736675 0.344166213191902 -0.00710141280216741
0.000799440614658742 0.00220394039567871 0.12513633056033 -0.212117022845781
-0.00928692061794375 0.00465913913710217 -0.0959636392298651 0.128158382177565
0.00718507387171729 0.021780944626329 -0.215792219518346 -0.0525926143260875
-0.00330885010434674 0.00860031161690975 -0.190657711156607 -0.380348054670607
-0.00872200231769411 -0.00865467630040491 0.296687126574345 -0.516655679581387
-0.0157474869582062 -0.0091570855851938 0.758022135944682 0.0716958375245355
-0.00287154930673615 -0.000558549358314779 0.381876765688679 0.709492174860023
-0.00286270232179619 0.0023182136925744 -0.172632657895412 0.54931646804924
0.00218767753482742 -0.00482313416767867 0.0217387034690276 0.068228963724367
-0.00210708885279477 -0.00860676897856291 0.155797352774856 -0.436567580215442
-0.0202896440083445 0.0129706197385016 -0.502528410816466 -0.640857813530056
-0.0178580444374165 0.0126085586761244 -0.85290989002661 0.12609813545924
0.00835732690358162 0.0219364395893229 -0.166321720199809 0.676918325357479
0.0219124843839312 0.0248844329841633 0.340765550105005 0.376182878093104
0.0231839861727009 0.0133387945600831 0.342938376493851 -0.00361552457752122
0.00680397062493811 0.000491343380519736 0.119807296613499 -0.208734185455114
-0.00348365206051267 0.0041078248724866 -0.104204022542959 0.131356490086512
0.0124992050592747 0.0256168188234004 -0.22046434811939 -0.0471274877726877
0.000583546407204125 0.0197837729662377 -0.195820935394188 -0.382366837988949
-0.00973060709427418 -0.000475658437234289 0.287910607626342 -0.528873232507988
-0.0199180146866707 -0.0108285310153211 0.754930069041721 0.0551699973542087
-0.00169434853357737 -0.00662755974886996 0.393935331493929 0.699762027434787
4.51488315153705E-05 0.0014866311087821 -0.161763699109628 0.54829395496335
0.00358290007071741 -0.00487570498950287 0.0278745075820763 0.0659567931141474
0.00133006036111743 -0.0100011984228376 0.163686440068048 -0.439240774910401
-0.0198168710716556 0.00622013076879132 -0.494098489785977 -0.651302145689221
-0.023008779089691 0.0123935998091494 -0.858316888998 0.110441955963233
0.00981595471777902 0.0304018241089862 -0.181635658273386 0.666995716392423
0.0288745140190521 0.0350604159935512 0.336682525937166 0.377692545262284
0.0306218230025457 0.0164902474926708 0.33969989633049 0.00308363316435389
0.0135197619017273 -0.000480415527091151 0.111602206576307 -0.203585791319277
0.00209323858018945 0.00370763657659023 -0.112872705882102 0.13483455733615
0.0166598077595902 0.027405173837704 -0.2264116076437 -0.0388995532660419
0.00297825026982886 0.0274935241984289 -0.210526101602684 -0.378864483942207
-0.00965700717341746 0.00611182156290664 0.260969088927414 -0.548532427926319
-0.0206203873897425 -0.0113430518966724 0.749772898519877 0.0161178371538478
1.07144757557388E-05 -0.0108078009576723 0.419045494533954 0.677792238030719
0.00131489561354882 0.00010375027152093 -0.140973359180651 0.546193723307188
0.00328292664149235 -0.00441415361638575 0.034550054765763 0.0647471798618839
0.00300144554506837 -0.011913053464499 0.180990177003696 -0.442530680088784
-0.0175096846644191 0.00107058138221131 -0.471962361553936 -0.6763957709904
-0.0247956613783915 0.0109880019885197 -0.874031203728978 0.0709286948085303
0.00858394462682877 0.0372176298309344 -0.211623619346001 0.652045583928108
0.0310380150062756 0.0440685656630279 0.321639784673067 0.385042009083946
0.0341103878746866 0.0189460476343622 0.335797977285222 0.0141545616842824
0.0181319072433682 -0.00136983919330768 0.104226873426881 -0.197663171179093
-0.0227030251127538 0.0026868952303978 -0.08926337364166 0.139722647363472
-0.026715174580131 -0.00321586757986256 -0.237391877924389 -0.0369748389004165
-0.0373535089797549 -0.0291193145097769 -0.267896853677908 -0.340446535100753
-0.00132835555779103 -0.0361636292689011 0.17813071328555 -0.565988052065985
0.0165005616876881 -0.00521978429107062 0.745372332384859 -0.111620233973889
0.00932718012774337 0.0251145442910912 0.507508507326666 0.588588822081899
-0.0227710918389415 0.0203622247811957 -0.0985253868782408 0.550799920608259
-0.0244856467694332 0.000871417073460859 0.0219385210664667 0.0718189609306325
-0.023154481894032 0.00787602782903393 0.218033330897851 -0.425880335095101
-0.00896294861705182 0.0390196414799807 -0.377280907385812 -0.756491666289286
0.0198077408476694 0.0131962816098514 -0.881414696395914 -0.0606190361300231
0.0110894843563386 -0.00695376329684457 -0.307638670128345 0.642004114496203
-0.0192333034308634 -0.0166268297936391 0.262610041070216 0.427444962319353
-0.0176347264272971 -0.0145801460839004 0.330751023080397 0.0280554084409909
-0.00580063632331425 0.000215773638827885 0.131171180467695 -0.206272350578538
-0.0233991310486915 0.00224014248376719 -0.0847996728298258 0.134573217146679
-0.022529823159348 -0.00117109283858154 -0.230760648836014 -0.0468004116833068
-0.0318929679473345 -0.0296423153523787 -0.246391397284157 -0.352250203066414
4.97185143786515E-05 -0.0369325717342248 0.217931223207934 -0.54922177992831
0.0128061117271947 -0.00367795109541673 0.760131853088192 -0.0548843462944431
0.00527477291353604 0.024286727359941 0.475679797890502 0.626487550826083
-0.0223766505399403 0.0180661263961448 -0.125037555371235 0.556005604611091
-0.0198695944429957 0.000568506624483951 0.0172074176235429 0.0720657659451699
-0.0208294079667163 0.00728172064891902 0.196882603907587 -0.428697599921225
-0.0107387581274142 0.0377609541772245 -0.417499014323103 -0.722856452076751
0.013926184013799 0.0124749445700076 -0.874316439873333 -0.00197437201677323
0.00957362856095267 -0.006676727319567 -0.26523333950539 0.6638535188999
-0.0159130061783249 -0.0143783560729785 0.287545035142586 0.416841504582188
-0.0136900005437543 -0.0102843846408421 0.337890765924752 0.0153355861592092
-0.00718245273212479 0.0018887339165818 0.134410262664482 -0.210364183216457
-0.0222427931902802 0.00296823966036331 -0.0831818667017211 0.131263986218158
-0.0157518974163265 0.00285765508038455 -0.224084819156571 -0.0522973778807318
-0.0239328204859436 -0.0254512059156539 -0.225029802509953 -0.362131879711972
-0.000654238952483704 -0.032633673089328 0.25145159076232 -0.535889638182497
0.00628617947074245 -0.0036272357629476 0.766840275770308 -0.00505801564575615
0.00155533345440837 0.0214175278525957 0.442442392784337 0.664629237717748
-0.0178810571421794 0.0142846090873613 -0.147768547801733 0.55770448986596
-0.0135411503086086 -0.000914763206047199 0.0153314707132302 0.0722793131392822
-0.0167267141114405 0.00436906073455884 0.178851706291094 -0.431838725334339
-0.0135084439893343 0.0346985892030941 -0.452371827198558 -0.693496665374638
0.00604728020566012 0.0122152780198301 -0.868477057963168 0.0531912362034439
0.00740690368055079 -0.00290258080165734 -0.2226241699477 0.678704013752019
-0.00886559685346447 -0.00672609397762806 0.313434615304882 0.402151134569293
-0.00667090187233014 -0.00404445861532579 0.342832146816809 0.0035512598883097
-0.00725770085362904 0.00277218609750909 0.134671447350882 -0.214734693537514
-0.0194227640992236 0.00407983489949299 -0.0849028753604185 0.129635172196801
-0.00844742943753395 0.0082160494824446 -0.218499888044643 -0.0559417335307235
-0.0157626308680652 -0.0162806426423116 -0.208278282761933 -0.36963489084987
-0.0020458443959833 -0.0261794304632997 0.277753309144451 -0.524117154486775
-0.00147067021699706 -0.00442413018383659 0.770326430323711 0.0377438046659688
-0.00096376317994163 0.0146539626120692 0.413724437977011 0.692568350880248
-0.0125255456447966 0.0100915867885161 -0.16472523539533 0.557181786553102
-0.00724065732142047 -0.00215915505127202 0.0152974743031515 0.0722310723022242
-0.011843064241544 0.000257188158465633 0.164385692994578 -0.432770547596878
-0.0161793194562213 0.0287582867540425 -0.481235282709601 -0.665010305256804
-0.00291888664033082 0.0130656433721354 -0.861759456415319 0.09742866637295
0.00580902337009342 0.00454765601020663 -0.189472177305402 0.684706240584195
0.00192257925181665 0.00262393947288853 0.33065351379897 0.390581290513148
0.00372448939205492 0.00299918739700442 0.346497989379029 -0.00473092282459617
-0.00371220078925236 0.00272800180642544 0.131629198861117 -0.215655695747828
-0.0145755841183717 0.00480721969047615 -0.0894327814563803 0.128195441169282
-1.670496225407E-05 0.0153612925048144 -0.217192026171807 -0.0553383324491545
-0.0086475617514889 -0.00405825528847432 -0.197900520206631 -0.377235451295924
-0.00537429905377277 -0.0181987096831148 0.294582821237798 -0.517815453651277
-0.00951569275880874 -0.00658341444090692 0.768337416720778 0.0639737158398488
-0.00208375947832123 0.00677229156211405 0.39535772983236 0.710785522424732
-0.00708976936413857 0.0058921097298427 -0.174071583520851 0.557944061942726
-0.00101431906729416 -0.00420771337824634 0.0177978778977134 0.0717381410087082
-0.00682797384402935 -0.0039767148447667 0.15707321800207 -0.436918042567366
-0.0178259475485907 0.0209534590848235 -0.502030243582053 -0.648044414274225
-0.0115090205746818 0.0136095509783964 -0.858043742151986 0.124887520824282
0.00742553065582932 0.0120856410824931 -0.1677314129613 0.686872691685496
0.0127908733488448 0.0137281757884164 0.343106765404523 0.382296057117504
0.0141915733056202 0.00804909864524033 0.347138964741342 -0.00807127530601743
0.00105088967033265 0.00281071024249234 0.126476760102241 -0.214996213341616
-0.00897799996107053 0.00519877371763045 -0.0970852225021759 0.129134349210262
0.00709866660914807 0.0218417279576197 -0.219185050857444 -0.0527055307797732
-0.00326825169664526 0.00908934133606558 -0.195588923220511 -0.382019365567432
-0.00874877077107782 -0.0086488613545946 0.298472260670091 -0.52300387814084
-0.0161935583148552 -0.00912814969729157 0.767568439578165 0.0690320150007944
-0.0017707941437026 -0.000628736352613044 0.389726226431128 0.71310952722143
-0.00232819154408062 0.00299203662360853 -0.171013969305123 0.554737528790878
0.00286160961056573 -0.00486845367150109 0.0227264339566348 0.0686373648776757
-0.00228026127987426 -0.00859549049311462 0.157121740970347 -0.44164298390371
-0.0196857432259909 0.0130616919365135 -0.508389101633595 -0.643854634719254
-0.0182076985506608 0.0130060095445449 -0.858989889778277 0.131754699316847
0.00909297694305278 0.0219903985066974 -0.165023690938765 0.682909239314988
0.0233481905251677 0.0255446257672224 0.346760667512043 0.378131361448732
0.0236622249253247 0.0132658435008236 0.346880358405788 -0.00664515869423755
0.00601168871379295 0.000629661238237178 0.119394983512148 -0.210956284416852
-0.00283174094595523 0.00438015331550301 -0.106507133117954 0.132691217461652
0.0128107326472365 0.0265597210820235 -0.223818358852213 -0.0466203456667788
0.00116084454753042 0.0207519284086677 -0.199718279340247 -0.384180426083571
-0.0100171674021378 -7.71234912404982E-06 0.285973300048669 -0.534529384429163
-0.0203927922314068 -0.0114527251602461 0.764213400007276 0.0535852416382536
-0.000953889543841041 -0.00687929922642008 0.400035106792136 0.704753064845302
0.000584081677928967 0.00216947574143718 -0.161044216405799 0.554162591008857
0.00391830780569739 -0.00537017584967334 0.0278947230715214 0.0668308828370984
0.00167453403956974 -0.0107658079016174 0.163643660358868 -0.443423351460934
-0.0190026214424847 0.00649140597398084 -0.500422500425596 -0.654635139366619
-0.0226571959533038 0.0123802164154478 -0.867532035397363 0.116648600759757
0.0093615571291765 0.0307923625199991 -0.179545143067812 0.673441188030945
0.0303929229948321 0.0364317184454023 0.342618252531456 0.380548551270251
0.031572078888214 0.017291078378242 0.343477043949275 0.000696876569782148
0.0128374552508721 -0.000806354378302801 0.111529068280615 -0.205407330550993
0.00164511700183348 0.00450740028799329 -0.114372122004808 0.136790520232175
0.0163457335472839 0.0281214313932548 -0.23051922153562 -0.0384104819131057
0.0039922845397988 0.028825147105162 -0.214249603824244 -0.381149451013851
-0.0096009622741487 0.00656352725542227 0.25892048017078 -0.555477867530148
-0.0206590535880011 -0.0113914711015615 0.757537425197092 0.0113895453192989
0.000905250158773538 -0.010885937185838 0.42581173219184 0.681358581799533
0.00188885412353549 0.000299858440488684 -0.139915285852824 0.551106539405013
0.00305081397635789 -0.00484426935207189 0.0345071854956304 0.0646301397962471
0.00267735951800524 -0.01246643847233 0.179684780088386 -0.446132152743154
-0.017387118392667 0.00142720952870575 -0.479770743871023 -0.678928946846354
-0.024757029603902 0.0110530215976817 -0.880951791415725 0.0762378021430517
0.00917635760906195 0.0376220392671501 -0.210101138189087 0.658516473937738
0.0317850772169451 0.0441502273340927 0.326951998517727 0.38759993798868
0.0343686686369825 0.0184011310698377 0.339426414967718 0.0123776519031194
0.0181316509044223 -0.0022576983621484 0.10548168870904 -0.19954131188167
-0.0230301101695055 0.00326855361623119 -0.0898438562896944 0.142006603994608
-0.0269660226812963 -0.00265790244405733 -0.241237755351533 -0.0354593636030615
-0.0376856613143652 -0.0287222282109047 -0.273429517011434 -0.341821127666947
-0.00121214170675814 -0.036780350694074 0.173125245206239 -0.571930199830346
0.0171181372550556 -0.0047247170742174 0.752505418219949 -0.116669123149254
0.0101038718925244 0.0248366460260886 0.515495496396516 0.59034376268121
-0.0230167277490216 0.0212248593963439 -0.0955431086498031 0.555900108051858
-0.0250443077444308 0.00109643974081862 0.0222416431707142 0.0719928054404866
-0.0235002813330598 0.00770578062519587 0.217104022640347 -0.431529673843955
-0.00784468181571868 0.0389959536023727 -0.386683600073481 -0.760566180479439
0.020176118086399 0.013479570571211 -0.889790024943043 -0.0542336218921625
0.0116605810311052 -0.00723700027889465 -0.304964735789747 0.649897471065837
-0.019204334711753 -0.0160135499838939 0.268340599524989 0.42865809789547
-0.0182322261659274 -0.0142926568636462 0.333588598464739 0.0255205707794658
-0.00616528458456798 0.000162321179332476 0.131511729200037 -0.208467081603216
-0.0233630358728635 0.0032529219147739 -0.0845340045436922 0.136039089749184
-0.0233817471685864 -0.00115038084960584 -0.232871192977593 -0.0450307716520603
-0.0321799471782394 -0.0300002945336566 -0.252255066907728 -0.352362818567942
-0.000347550486992036 -0.0368401155522481 0.213910562966008 -0.557525241556954
0.01286344593489 -0.00432072709350791 0.766587691662981 -0.0616980051916134
0.00557535723909938 0.0251515884442816 0.484986717258208 0.628258972994476
-0.0218513485037621 0.0183395013125773 -0.121807306560864 0.559768624287768
-0.0208556749509714 0.000990207660497383 0.0176626617099569 0.0732399604628077
-0.0206734649062587 0.00749430075327394 0.196336784809407 -0.434104393138505
-0.0103573371430791 0.0385224851852158 -0.426492454524188 -0.727757214180784
0.0138394827317962 0.0128568978522491 -0.882707282646154 0.00384003385609576
0.00855705509942706 -0.00731166689065414 -0.261805612168328 0.67136318989321
-0.0150234162171409 -0.0139942576552478 0.292911112069249 0.417737756278773
-0.0138381447329233 -0.0100924447464954 0.340427215198519 0.0113918149327669
-0.00779934117279394 0.00166614016543006 0.133464802427432 -0.213787624532609
-0.0231171008780873 0.00439702398433091 -0.0837032233761876 0.132451093669061
-0.0163492020955082 0.00320777712298513 -0.22676139704048 -0.0515879662508996
-0.0240002261466699 -0.0250251694628276 -0.23031952236085 -0.363764345371695
-0.000965510176100717 -0.0321975078188889 0.250275799485768 -0.541918060460843
0.00652931218304271 -0.00301122747544769 0.774521789475807 -0.00949156109860635
0.00210379689594788 0.0205245749397955 0.450823753968073 0.667125618661532
-0.018123231396049 0.014862314284225 -0.144306492770628 0.562904349192516
-0.0136027802822585 -0.000712155503180192 0.0148576142825417 0.0730381248227709
-0.0166548756161196 0.00440344037195842 0.176982330491715 -0.437010891115585
-0.0127367450765342 0.0352310189314724 -0.462416602168637 -0.692743545174751
0.00598236251134147 0.0128484685195144 -0.877001653022634 0.0612901711419019
0.00673542427690105 -0.00266386439148402 -0.218545462918766 0.683448956936882
-0.00894883278036982 -0.00780596941295039 0.319364329419529 0.403768623048194
-0.00700568152901039 -0.00434045324856718 0.345517579715071 -2.65951828344158E-05
-0.00716975857568792 0.00300804890026932 0.134066322040619 -0.216978482747203
-0.0194541890183761 0.00438208284724825 -0.0851052201594138 0.131034181515551
-0.00895847098780669 0.00933494378203458 -0.222356838967198 -0.0546623350357059
-0.0156932442992627 -0.015677417336188 -0.214049883393135 -0.372485648209813
-0.00283228086369866 -0.0259365870903453 0.276013820037571 -0.530105993173385
-0.00131741046301394 -0.00525529087112536 0.775445808477728 0.033150042811974
-0.000599336710517241 0.0150027640034512 0.422088506331672 0.694988154653228
-0.0126134175356136 0.00974650979242993 -0.163223370977274 0.562986556021611
-0.00730458895022742 -0.00210024257476462 0.0154450578040354 0.0718461411777423
-0.0107473504416351 0.000145955052770054 0.164029635798226 -0.438869060808217
-0.0157343011063071 0.0296182670660669 -0.489954387580493 -0.665257463632756
-0.00313413888445007 0.0126005454646176 -0.869390557628821 0.104611260781622
0.00663528963137611 0.00381014373482786 -0.186737635753728 0.692622136085501
0.00158752150854538 0.00266113170111512 0.336849722236522 0.391676349945085
0.00240131429572629 0.00218198010366501 0.349194251025643 -0.0071675882178137
-0.0038256747765052 0.00274024398703874 0.131118704522392 -0.219495635380063
-0.0149686030369741 0.00506182538636637 -0.0903086430421898 0.131621784272598
-0.000207793550175301 0.015823368361458 -0.220537587420261 -0.0538728792280813
-0.00804896970484836 -0.00309783716198752 -0.201781790011498 -0.379312375793181
-0.00541943891371254 -0.0174871246261594 0.294755340806086 -0.526008136030766
-0.0096994385309683 -0.00618972047685066 0.778174289739057 0.0584593526102047
-0.0016718700553604 0.00635374943140091 0.403330855039519 0.71353187091
-0.00712941930071174 0.00511756661054752 -0.171801667366729 0.562319315176572
-0.000785477100831865 -0.00399675890774956 0.0190887223211229 0.0713546645887129
-0.00713755628124404 -0.00390445438328608 0.153995463191788 -0.442374479803192
-0.0178811047574315 0.0211464758697061 -0.51197656530903 -0.647791987601508
-0.0110694260449202 0.0128665889383692 -0.864920217118953 0.13423649672825
0.00823046820165464 0.0132929088964578 -0.163268636622538 0.695775854288666
0.0132262893942137 0.0138285595456943 0.35104016859491 0.380744274081978
0.0142960278304067 0.00816889845775345 0.351102544435769 -0.0118860545503882
0.000880308348593801 0.00210150340257284 0.126172154427309 -0.218011697438304
-0.00914280080406303 0.00552561123279332 -0.097487353749653 0.132087646371605
0.00763837342210265 0.0212687612507116 -0.222014120681031 -0.0511304555922063
-0.0027274179603987 0.00977592293875603 -0.19905581403451 -0.383375506900856
-0.0084069043398418 -0.00883695461164185 0.295784561295476 -0.530242347644891
-0.0162331052926843 -0.00910577479707754 0.774803055687693 0.0637726932815604
-0.00189391229422908 -0.000342312365618987 0.397906210614992 0.716458987241502
-0.00213311271497102 0.00203743340605777 -0.16950304563207 0.561763313285765
0.00259060823903314 -0.00535698315264809 0.0228674828773617 0.0696711287726862
-0.00278710195800665 -0.00839893802940775 0.153849298442096 -0.44545782841926
-0.019741808384294 0.0131535018659668 -0.516694181044378 -0.645874062514716
-0.0189321155360084 0.0134622118967695 -0.865648901257153 0.140687336147402
0.00891017417107901 0.0219376888846161 -0.159958920161808 0.691260627213528
0.0240712592537215 0.0254672521712483 0.353880668431311 0.377219239856217
0.0245313154291942 0.0128638071223857 0.349444253746097 -0.00925669192680224
0.00720035575631346 -0.000131281685955106 0.119378862307275 -0.21363757302095
-0.00331871328649621 0.00539383909440474 -0.106854477045583 0.134667173583848
0.0135824585408543 0.0264465793654816 -0.226136853549539 -0.0454361329961691
0.00158669266665 0.02215122008859 -0.205819156670534 -0.385431992485111
-0.00994176490557073 -0.000175108267092618 0.284647463929137 -0.542314425239157
-0.0209024584000258 -0.0116458598276968 0.770706500911076 0.0454092148888918
-0.000870222441306238 -0.0070755680976738 0.409594104014241 0.707361316808297
0.000925013439559957 0.000501913157496751 -0.157951495420134 0.557633946120766
0.00396405377816148 -0.00537901175555334 0.0287071827195365 0.0669751650200257
0.00134407467151692 -0.0110563832104397 0.162133036041934 -0.448315818363001
-0.0191998363265038 0.0062081395728548 -0.510318585493824 -0.655220153580347
-0.0230890287111489 0.0129990920700096 -0.875937663740996 0.125407962186603
0.0104449733217795 0.0306827459258321 -0.174635951161623 0.681817139959658
0.0310445801208654 0.0360536893927775 0.349138806383505 0.379341320072237
0.0317498262320264 0.016711091254499 0.347388649109569 -0.00291442404063995
0.0126064573559593 -0.00156731356366647 0.112039866440381 -0.209413609708112
0.00105199057251082 0.00474791772090915 -0.115250681803121 0.138990427936641
0.0169336589414458 0.0265849782953257 -0.232709791180233 -0.0369571843488408
0.00425426731851101 0.0288034085058455 -0.220047296357563 -0.383653831717608
-0.0101063816588577 0.00703765463608838 0.258599532647344 -0.56274408557942
-0.0209179987153448 -0.0114169217074728 0.764507538774436 0.00774048179436624
0.000552533798373011 -0.0111393969512262 0.433850812355419 0.682293658667675
0.00131503078608037 0.000236900920034134 -0.137870392707001 0.55533001179961
0.00305407328850137 -0.00477095171837803 0.0351471400019865 0.0655152179068956
0.00343618454508551 -0.0119657011874552 0.178648536348542 -0.449937770886633
-0.0168629486641428 0.00110241126312057 -0.489016096858266 -0.681195691732356
-0.0246517127688805 0.0115703217902922 -0.886278654582175 0.085870412795993
0.00965963046785932 0.0375080682196693 -0.206069034001107 0.667207688294868
0.0322029140257474 0.0446920459996563 0.332660047839579 0.387801314778097
0.0350333866638779 0.0187528414186662 0.343370312624641 0.00955676037047117
0.0172423842767594 -0.00290435961182834 0.1053666010674 -0.202084967202996
-0.0233124623845183 0.00412902264408112 -0.0898692528314913 0.143511534815098
-0.0275551569103815 -0.00214428508391081 -0.244226726811359 -0.0329824590695168
-0.0379855758466632 -0.0277595156305183 -0.279842098331779 -0.341197494462168
-0.00175899339808394 -0.0362650211583905 0.168466111610667 -0.578434848841436
0.0167551532518621 -0.00595574874196975 0.759778636874038 -0.125257157120644
0.0109623739000094 0.0252529852685911 0.525459151383275 0.590452836000423
-0.0224902421139039 0.020676188430676 -0.0903186334884687 0.561045741700998
-0.0244318866802766 0.00114952522771384 0.0232676459372123 0.0722524760654794
-0.023230857032131 0.00729065054356961 0.214633476370518 -0.438039831225173
-0.00761868910872297 0.0394992711109323 -0.396445652226658 -0.75983500030247
0.0198858527648003 0.0129676336052355 -0.897202579199635 -0.0444760226393027
0.0111524008678938 -0.00789278709822435 -0.302054044457139 0.655376442229522
-0.01964227336982 -0.0171982523080976 0.275647964778809 0.429253892903881
-0.0184498474539322 -0.0145940615210504 0.336514837064329 0.0211861647136266
-0.00594992531732234 0.00052308866029746 0.13054352729265 -0.212023379178298
-0.0241539366827095 0.00394695106879992 -0.0857843983266435 0.138610233751108
-0.023019200731294 -0.00140696233580307 -0.235982560407586 -0.0425420899247123
-0.0319175347400862 -0.0292476790923163 -0.258569504240294 -0.352188801174927
-0.00171627994501024 -0.0366533451981646 0.209859408586835 -0.564017217288777
0.0127639628052357 -0.00386381037376674 0.772685365283049 -0.0701370984934832
0.00658950315580809 0.0247412092860918 0.494328496532314 0.628377159104891
-0.0215326605680579 0.0187672174479696 -0.117487738878966 0.565546932303638
-0.0190622093882136 0.000521400350396004 0.0190204078423023 0.0732641049821192
-0.0209393907437319 0.00703110309506613 0.194302014091464 -0.437596620723709
-0.00913722384733867 0.0391561377723925 -0.436536138864983 -0.726941905294336
0.0152722501632231 0.0138054582155784 -0.888991152951627 0.0158249919347989
0.00953326721141751 -0.00761879922975458 -0.256974766909156 0.676924609567532
-0.0156670500061067 -0.0143546827071073 0.301033220382642 0.417938447590151
-0.0143199755023653 -0.0106675363517637 0.343323906049456 0.00769191661462886
-0.00799837527202834 0.00136820159506045 0.133890649915175 -0.216533295867519
-0.0234776243516404 0.00456012785119931 -0.0843136498077813 0.13470491537042
-0.0168947289039937 0.00288251425178612 -0.229153350985966 -0.0492407575138221
-0.0245991124056565 -0.0239682320975498 -0.236387558105363 -0.363698599138407
-0.00118743207144572 -0.0334355205888737 0.245846832980295 -0.548934276034599
0.00653828253576607 -0.00345728272902811 0.780427956141638 -0.0186730050051912
0.00329860205543953 0.0212683951889689 0.46057982352913 0.666742889464857
-0.018197572575472 0.0144662675979276 -0.141077166739455 0.568337049300859
-0.0133144162418412 -0.000611842371219788 0.0160423648006347 0.0732243913960299
-0.0157842075379501 0.00462003309282273 0.175963478717755 -0.44115473884766
-0.0117082234296772 0.0347990993842569 -0.473445977327756 -0.693359744967887
0.00664871631947759 0.0124966199887993 -0.883554462451622 0.0713897616333145
0.00730950783849154 -0.00301251112434173 -0.215004774231519 0.69177912039474
-0.00799759323059987 -0.00754621927942688 0.326417956508769 0.402194772957552
-0.00661635112556097 -0.0042113121104692 0.348466518032637 -0.00274088371475302
-0.00695454603351572 0.00253618326367453 0.134046919946562 -0.220651591129468
-0.0195378604587045 0.00467121400617776 -0.0858721423756418 0.133050909953577
-0.00839352284459789 0.00826236572360419 -0.225498912096405 -0.0521730806166412
-0.0160166387706505 -0.0150911187843081 -0.219179344112384 -0.371840341338631
-0.00297393231681214 -0.026980218552608 0.273218165035627 -0.53700388593309
-0.00201191847840583 -0.00535891756128077 0.783032825371187 0.0255070203315807
-0.000107109383952106 0.0143309077304557 0.430812916717939 0.69611424795187
-0.0129778826578078 0.0104200912131889 -0.158137704401288 0.567353831860626
-0.00709485020542319 -0.00229946031056054 0.0163454605282206 0.0735730554055804
-0.0115375002877835 0.000756537833314383 0.160766959037433 -0.443898839534247
-0.0146837691376727 0.0288696990764627 -0.501232816879426 -0.666401250548823
-0.00269676298332303 0.0132130572329426 -0.875369781299401 0.115756848587662
0.00705851393989463 0.00352311676956332 -0.179274175633932 0.69886564603203
0.0019109318579509 0.00220459035901281 0.343910527715136 0.39072576490804
0.00350062809106279 0.00193654904285191 0.351471214928328 -0.0124653620831963
-0.00405051291939268 0.0021347490847788 0.130260216273825 -0.221858290314374
-0.0155522851925113 0.00554793657310174 -0.0909107346048241 0.132869993812235
-0.000423878865920547 0.0153126114965007 -0.222959407456184 -0.0528697557822683
-0.00817713299636764 -0.00302637287611394 -0.208991538080428 -0.379805767466604
-0.00645804381158575 -0.0178176069981546 0.288755499905727 -0.53246174497718
-0.00931254891372513 -0.00629140693298995 0.784164412332546 0.0521944141160562
-0.00136185293219457 0.00765804104374333 0.412692562252596 0.714914512691116
-0.00666985413632152 0.00546628257505638 -0.16666803892896 0.567076862744483
-0.000954148640967528 -0.00405196915074983 0.019115707087949 0.0708481002142603
-0.00676323848480977 -0.0045377901475622 0.152960301103475 -0.446330722150075
-0.0174315989441617 0.0218840296866738 -0.521199160710045 -0.648301555597614
-0.0115619570364148 0.0132336855259383 -0.870057269633999 0.143798830097351
0.00763779593178052 0.012754855823126 -0.157349553597573 0.702591679245055
0.0139377013678018 0.0132211351442111 0.356983884178927 0.380805556254939
0.0140187162668183 0.0084242841539237 0.353684500043964 -0.0159312232497991
0.00100584920775627 0.00125615306345354 0.124932036252936 -0.220496544711411
-0.0101946089996829 0.00556675181152145 -0.0993732519386963 0.134380746878156
0.00753293868927229 0.0218495850336576 -0.224395090852275 -0.0491870207418863
-0.00262351829814176 0.00985506437882186 -0.204822330319642 -0.384779921511956
-0.00972847705052814 -0.00821942681678637 0.293603131110686 -0.537118156325981
-0.0168499686228599 -0.00925640604466577 0.780995843918873 0.0546761741642663
-0.001006241423964 -0.000667608749000376 0.409080970310114 0.716795007036887
-0.00289006877825246 0.00255463463240849 -0.165097483223494 0.563076213098764
0.00362100475277489 -0.00498572746737005 0.022946413311094 0.0689584071939777
-0.00215448718672915 -0.00827697703150692 0.152112847355133 -0.449214973732591
-0.0188482250637238 0.0140785385152108 -0.52895150177756 -0.64455539010225
-0.0188071880436222 0.0136480429771615 -0.871185242831722 0.150040883777852
0.00956849911957718 0.0224993080032802 -0.155725419562638 0.695718914909631
0.0245270921124316 0.025330919150393 0.360383168633603 0.37576095054229
0.0247512237284575 0.0126892689241171 0.352026877920168 -0.0132701918160707
0.0064567559907734 -0.000238070434442827 0.118933705626749 -0.217340072058378
-0.00340644919920541 0.00528743460595387 -0.107835005962855 0.137984800276187
0.0140365104400685 0.0256944555206489 -0.228338759625714 -0.0426723676232688
0.00201242858336367 0.0211447954456156 -0.211367231074682 -0.386193120165572
-0.0102592556900846 0.000615529860440363 0.282052790869967 -0.550016562886812
-0.0208904722448274 -0.011080166783439 0.77810653932915 0.0396341608389635
0.000147481742816776 -0.00727639592134508 0.420079446603534 0.70564317661905
0.000400570616374855 0.000859493869294941 -0.15325923101408 0.562584659896681
0.0045444753830009 -0.00546233292520304 0.0305969886183474 0.0670070467238647
0.0012869496046419 -0.0110985273711415 0.160259467928495 -0.452852286190163
-0.0186697045398817 0.00711984636345448 -0.519439435479275 -0.654233379223437
-0.0232540618896775 0.0136509426519224 -0.878629772865358 0.13422319009296
0.0105007034943676 0.0312963403178611 -0.170318235060188 0.689079440566081
0.0310411169649621 0.03578107115708 0.355406402373378 0.378462245478074
0.0318580590088906 0.0161404571006914 0.350185720891014 -0.00620621607104361
0.0131823889900607 -0.00196163935708286 0.111013308710051 -0.21168532162339
0.00114270471176711 0.0048238541138354 -0.116788003139091 0.141711729597271
0.0175382405873075 0.028001199073076 -0.235010827718034 -0.0354878756815344
0.00532257867043628 0.0291203294917969 -0.226570624910993 -0.382811863075253
-0.0104359975361063 0.00651313763524522 0.255125134781532 -0.569024223571957
-0.0214552415488004 -0.0119379993424192 0.76962738143108 -0.00017057824870986
0.00103714228518582 -0.011210942593601 0.444055042902817 0.683775584208292
0.0015117016672541 -9.32252849090848E-05 -0.133002931628861 0.561815892413748
0.00346430355986356 -0.00441582686119883 0.0358091219962947 0.0650809680374685
0.0028999237515824 -0.0120425460059697 0.17755099294589 -0.454131879371755
-0.0167203736448708 0.00168161396772239 -0.499307867816531 -0.680455194810883
-0.0247567393213552 0.0122923698539112 -0.892586486246672 0.0950138131201489
0.0100022415238194 0.0376545647167369 -0.199783411433401 0.67306952440959
0.0340901544286571 0.0447076007543742 0.341254046342193 0.386934431441725
0.0357528181659092 0.0178623843371991 0.345923990469683 0.00539302878430457
0.017596122592156 -0.00295298620087228 0.104562024271353 -0.204928097448218
-0.0232655324775715 0.00508814915893778 -0.0899140216231537 0.14577245946987
-0.0270478616834441 -0.002737070488354 -0.247144097225896 -0.0311179294753704
-0.0391335173139248 -0.0274182123489158 -0.285630374190425 -0.339388261674949
-0.00366452430224356 -0.0371428107810231 0.163490883111526 -0.584551547196266
0.0172241376096057 -0.00558674473347539 0.762197996313823 -0.136938311007766
0.0109795239113067 0.0252361323337482 0.536236801082851 0.585943052790941
-0.0233435712346719 0.0212236996368796 -0.0850864298451835 0.564097590685988
-0.0244470970558107 0.0011504112666123 0.0226998115124061 0.0721798712431009
-0.0228725669136714 0.0084210622014007 0.213056043921775 -0.441508817775157
-0.00703204866046644 0.0397608114263857 -0.406669978312416 -0.760016627475134
0.021416741559341 0.0132704857647172 -0.902442469098634 -0.033191436824655
0.0114393905290213 -0.00818440258328726 -0.295135327291601 0.666460076027388
-0.0192224700772282 -0.0172578544982068 0.281129299383467 0.427960028435551
-0.0184904102335686 -0.0149327805844581 0.339105843611028 0.0166315745875691
-0.00572283518267365 -0.000357969197349376 0.129537982024044 -0.215441660268099
-0.0242014749267292 0.00514064189292495 -0.0850041866977297 0.140325834707278
-0.0232495036054309 -0.000748535055140329 -0.238903286435734 -0.0404736091570028
-0.0326445731643217 -0.0283520307504463 -0.265047846346602 -0.350994481527289
-0.00142763412993502 -0.0376492616815558 0.203708819382994 -0.56793029178025
0.0131447323259532 -0.00480359575740995 0.777700781727364 -0.079770119596762
0.00664292757698554 0.024363409041291 0.504747149902401 0.626995510537704
-0.0215422019612704 0.0186738838262698 -0.113339264680394 0.568626297195013
-0.0195204488429054 0.000383106133508901 0.0193500585292729 0.0733691130903303
-0.0200693242713713 0.00767461447250717 0.190163089693779 -0.443082670092076
-0.00834626753411627 0.0385922033318857 -0.447936797461485 -0.725678101501417
0.0152540080375479 0.0130978983493484 -0.894691070655273 0.0266020804280851
0.00914294597610295 -0.00732515097747573 -0.250361002629139 0.684643301099261
-0.0156327954454895 -0.0134830369790383 0.307410197929072 0.416512940137561
-0.014382724083205 -0.0102937461408921 0.345742891750304 0.00316200722314332
-0.00815648283147383 0.0006172250767696 0.132889199263861 -0.220493093771864
-0.0235813540087012 0.00500960175077446 -0.0833954336320261 0.13719163856022
-0.0170658323930006 0.00290466263986517 -0.231542578540899 -0.0467441826629099
-0.0239968638128339 -0.0238293706132039 -0.243199498288413 -0.362696167924238
-0.001544625471828 -0.033413322935759 0.239152614199355 -0.554654320434539
0.00682317845363504 -0.00367624847403738 0.784006299026108 -0.0285959321971938
0.00289986958058652 0.0212693683281028 0.47218517046342 0.664141992231105
-0.017290440225394 0.0147470644370617 -0.134973489185055 0.571071902352601
-0.0128677173312255 -0.00101101685745671 0.0167150683365699 0.0729700630737892
-0.0155800251092405 0.00484519327246146 0.171937901250379 -0.445417079901557
-0.0108070858135237 0.0353836490642024 -0.483178751240598 -0.69065369795902
0.00609202422111436 0.012574891468168 -0.885947948223573 0.0852307443224078
0.00720847440395584 -0.00335567927146866 -0.205569922037907 0.698448214397322
-0.0079583177441546 -0.00691673307694519 0.332738511467977 0.400050798793954
-0.0067888074532383 -0.0051973862242709 0.350497776392852 -0.00833698898000833
-0.00734318167994317 0.00232310115934947 0.132625409623282 -0.223589068927207
-0.0206722499458897 0.00560209263566672 -0.0859794982661218 0.134915793562471
-0.00909100567800715 0.00923457217014449 -0.227867448416818 -0.0503169329345346
-0.0151162918841856 -0.0152953017122007 -0.226451998306109 -0.372134493414431
-0.00339515327251906 -0.0265592388470758 0.268941568224107 -0.545435857762406
-0.00204837152641461 -0.00471579094465731 0.789582877055814 0.0151760230018512
0.000306923295170878 0.0146417196149803 0.441049992059844 0.694297057595487
-0.0119172847776611 0.0108764911264308 -0.151763490098707 0.571478683104177
-0.00635148564838692 -0.00249574388927088 0.0178870695756893 0.0720545920416796
-0.0111529584776564 0.000477573623344476 0.1578247693969 -0.446671947224814
-0.014899087744826 0.0292402334675751 -0.510234297319402 -0.662551405865158
-0.00272233822135821 0.0130474225805268 -0.8768291593124 0.127237772274537
0.0073477167459938 0.00296179705922444 -0.1724640982911 0.704440738726214
0.00251103795590795 0.00312771132695732 0.352111305208207 0.386411053836408
0.00308520309764401 0.00211867137939141 0.354482175337292 -0.0164311303740219
-0.00372564661559259 0.0026032268938015 0.129330138054863 -0.225254771653787
-0.0146686938340634 0.00607071831870098 -0.0910366921280014 0.134800185944977
0.000147918428300873 0.0155257341300965 -0.225651841464671 -0.0496701395587297
-0.00784900785345939 -0.0026054749948561 -0.214235870688177 -0.379557616760223
-0.006620369277911 -0.0179118765720386 0.283746397439401 -0.539509875151689
-0.00965231851842309 -0.00764768014804158 0.789754022512867 0.0419310508044409
-0.000874069693531399 0.0062686713062827 0.425193998417983 0.711931339983538
-0.00677602055851712 0.00509385889850288 -0.161130481820146 0.570406347482899
-0.000628348929020541 -0.0046321089504271 0.0194397644886206 0.0711068299335728
-0.00678738755433818 -0.00471459791127626 0.14800293665815 -0.450354110339435
-0.0171006608143237 0.0224022123721846 -0.530664034323503 -0.644714826273503
-0.0111740182399584 0.0145330614543655 -0.873241039313001 0.15819490848146
0.00832773083212766 0.0123278549591206 -0.149841233540193 0.708205572193904
0.0144698532270173 0.0134888680994016 0.365034504157902 0.377863523660319
0.0147042588007207 0.00782439962181071 0.355049794604196 -0.0212114152249778
-5.53992756011775E-05 0.00161717429673925 0.123640536451492 -0.223989134230798
-0.00971437930588535 0.00625896092897675 -0.0992905995724335 0.136871706123273
0.00796199045225038 0.0213539003317814 -0.227458223832231 -0.0458038740134266
-0.00210190876037237 0.0107184092469872 -0.211310266986592 -0.384605763610479
-0.00945881512185165 -0.00778725621138942 0.287484297590993 -0.544315672702189
-0.0166290396979 -0.00890434623861299 0.787178259263119 0.0468055569784995
-0.000993068247865549 -0.00105157176526434 0.417976340338868 0.715721513802652
-0.001775097864724 0.00224651997138446 -0.159846987472655 0.569541934004704
0.00267679544450032 -0.00561060705291709 0.0245509911493051 0.0683945718862264
-0.00222240640156675 -0.00873016984416316 0.148607607929777 -0.452481814718848
-0.0184117292604074 0.0143935755452598 -0.536701164998181 -0.640833479710221
-0.0174539829904245 0.014169946179416 -0.874870706053372 0.163965355506142
0.00988792489712597 0.0226457403476678 -0.146014469127569 0.703697352956971
0.0253842278376627 0.0248727019815473 0.366800749015696 0.37264361683408
0.025746611539924 0.0118874190271303 0.354272730814505 -0.019098303049893
0.00590556057826655 -0.000662629331060585 0.118258357665051 -0.219894848043672
-0.00374870548780386 0.00615090035446478 -0.107756059728554 0.138659691276332
0.0135304404800638 0.0263316779807886 -0.230830874687297 -0.0403234407538668
0.00279850904438329 0.0226870027539638 -0.218458431638566 -0.385619274113399
-0.0105516415249279 0.000676871676800904 0.276944037788825 -0.556232538260895
-0.0211765090703668 -0.0110480754844151 0.783063908569239 0.0302553752776631
-0.000498019590826994 -0.00706708077603833 0.431653301356732 0.705967235494585
0.000248027872083974 -0.00014177205301329 -0.148200716302916 0.567659164893406
0.00515457006933013 -0.00610407268615798 0.0312621924555322 0.0670199753198936
0.00146702881090874 -0.0118058754135142 0.155968454538853 -0.457753433643557
-0.0185148888682172 0.00695564790334939 -0.530257834783155 -0.650768633854862
-0.022623564847243 0.0136900330793081 -0.882851629448389 0.147426077363605
0.0113802725487627 0.0305211065637945 -0.162360010979583 0.694664770114702
0.0316505587796085 0.0350366127303909 0.362171225818502 0.375725122663392
0.0331073713148596 0.015642055860652 0.351383241102739 -0.0112999066283447
0.0121231537668641 -0.0020145426353559 0.110044694384045 -0.21470577100915
0.000832988579771735 0.00550041678370134 -0.116323968769005 0.143707382184391
0.0172446104707547 0.0274592650475684 -0.238176494099409 -0.0327994399986975
0.00587751260392156 0.0298491026756058 -0.233079978019428 -0.382190068735027
-0.0101130820811719 0.00771947056740948 0.248433630176083 -0.575392556647846
-0.022238219921109 -0.0112334580370175 0.77563445869672 -0.0113655771994411
0.000676715903412192 -0.0109156376055138 0.455120483177851 0.680661911183286
0.00138968742955328 -0.000314062774688192 -0.128434148428004 0.564932568588388
0.0034399954810207 -0.00557358155326783 0.0367775384369652 0.0653899028132188
0.00301934254051975 -0.0121672322724275 0.173430629995033 -0.458060637082582
-0.0166248019218639 0.00213590809190125 -0.50774858337943 -0.677669920033358
-0.0245433432756254 0.012811755797263 -0.89618927432176 0.107665494913693
0.0104606769873129 0.0375003260611462 -0.192723693533531 0.682094344893233
0.0347042679241116 0.0446074835651069 0.34676566597864 0.383695508769871
0.0360217502521511 0.0180023212513862 0.348218123667697 0.00128049989244235
0.0173529331670483 -0.00462849224378854 0.103715917904445 -0.207374110349881
-0.0229581458513914 0.00536168098832363 -0.0903361290482078 0.148249140516016
-0.0277788652224252 -0.00190447261235093 -0.248164434834446 -0.0279749563525973
-0.0389922192532727 -0.0267654393533292 -0.293048038854383 -0.336070000496446
-0.00350870989786707 -0.0369373795579246 0.15555323892329 -0.587898727822621
0.0162302481816535 -0.00696793470423341 0.764082199352569 -0.147705744923572
0.0117413074273957 0.024388823950833 0.544820343525885 0.581723072514531
-0.0227288147038599 0.021475518331952 -0.0788224790863382 0.566185092421464
-0.0244164771636629 0.00134341022823473 0.024691104046428 0.0715892840827509
-0.0224105950291105 0.00790606935052166 0.208181915688272 -0.444710259504279
-0.00642109505799486 0.0396405951025688 -0.418413149445877 -0.756138615921888
0.0213406447166703 0.0129574508688736 -0.907287278277563 -0.0219114167654228
0.0117908570380881 -0.00801196983282828 -0.285702085751709 0.670754834079803
-0.0186552612899801 -0.0165109250973857 0.289157225138315 0.425929396020573
-0.0188930053480784 -0.0148498239145004 0.340220407207003 0.0125873398327709
-0.00627403452139952 0.000101061652270468 0.127490244069852 -0.218114775682166
-0.0252546894066187 0.00539655690817446 -0.083869016283235 0.14207294212465
-0.0236463564172738 0.000105608309690921 -0.241276101854031 -0.0375612522511647
-0.032491648248207 -0.0273307444304814 -0.271261290600606 -0.347918875013435
-0.00306610214830648 -0.0371108369441039 0.197370460490201 -0.575663902918316
0.0127455790273659 -0.00483504041298929 0.777330893576018 -0.0908127114537387
0.00762318083706449 0.0242306320347275 0.515517375396744 0.621134270562428
-0.0209324223512886 0.0186634760693124 -0.105077892399847 0.570381252917348
-0.019435211767825 0.000215220557339452 0.0199152855250018 0.0731061482051516
-0.0203430168769616 0.00746958576018686 0.186975994952567 -0.447125583787913
-0.00822033377981793 0.039664037666809 -0.457691983824 -0.722405485094272
0.0146718739806285 0.0130725833909218 -0.897675667711166 0.0384984421802542
0.00861466912532878 -0.00784967813365549 -0.241276498790976 0.690515746199561
-0.0155909420405837 -0.0145075122009111 0.314143810979184 0.413154270143371
-0.0142382436975414 -0.0101654202751578 0.346985485097871 -0.00159187676638828
-0.00736640997769847 0.000878663551665229 0.130587190841127 -0.222875359890791
-0.0236103601607732 0.00596998211309753 -0.0836783752099932 0.138646585190927
-0.01685836408443 0.00321359365501423 -0.234977145461606 -0.044269207174344
-0.0240127324660649 -0.0231352503620355 -0.250187920095155 -0.359859004719327
-0.00219382093671633 -0.0340055771261578 0.231845693974158 -0.559807774134333
0.00608916104406251 -0.00416775849048057 0.787903426340998 -0.0391403054054729
0.00435041513324782 0.0203567080406534 0.481238176645649 0.662046033294942
-0.0173899266680029 0.0148454963688955 -0.128226962409905 0.573737505247233
-0.0130179493306538 -0.00150649392325617 0.0169295343660415 0.0731917383770283
-0.0159433332377623 0.004819176384675 0.166915105829156 -0.449426968588026
-0.0100787812775378 0.0358797113775017 -0.492608644931915 -0.68826018995731
0.0067770002770535 0.0127772632378857 -0.88901664710078 0.0986126536572991
0.00763097060387873 -0.00341798220448756 -0.197050511557024 0.70204521266377
-0.00794908991225629 -0.00728547605472383 0.339334788289234 0.397558643565019
-0.00812135200824735 -0.00426647601031974 0.351714344558893 -0.0131951175106014
-0.00720873921704404 0.00199183083416917 0.130178935560824 -0.22649223200554
-0.0208634583798783 0.00632450872018919 -0.0849167911676462 0.136493288077618
-0.00852079139217106 0.00891793581159125 -0.228931585175559 -0.0476626405988407
-0.0148190237600914 -0.0143200454089252 -0.231542877055274 -0.370697460728822
-0.0040804790199153 -0.027124460913446 0.260434101496848 -0.550861566850852
-0.00180927462495225 -0.00486188864366706 0.794134380933715 0.0042023949820424
0.00143973315309727 0.0142901235174479 0.452336001617821 0.688238451078576
-0.0124129757183294 0.00995335369410704 -0.144962719786342 0.575661053238442
-0.00693664099677574 -0.00294755813016243 0.0178452487298475 0.0729860439918099
-0.0108680944844482 0.000359117123827793 0.15431484016641 -0.450181599572477
-0.0139617462178654 0.0298874464059828 -0.521253794281033 -0.656113727866607
-0.00187192391966181 0.0134616416774711 -0.878231317914726 0.139638895345132
0.00772079601964836 0.00330185614391619 -0.163273414814265 0.711640551646931
0.00269832510869193 0.00273267003783943 0.358824109520918 0.384507949509342
0.00298402382859305 0.00219232123880775 0.355724857007926 -0.0222493119794311
-0.00441761895231036 0.00184307098858474 0.127848833509485 -0.227633397377979
-0.0157267793260928 0.00679390376664923 -0.0903159560820291 0.136751515931238
0.000382611346532996 0.0152693335999782 -0.227626536220907 -0.0473768731359757
-0.00741597555875692 -0.00231395450599091 -0.220401871664281 -0.377723443116645
-0.00616130652068758 -0.0179706415204258 0.27725067526834 -0.545263486197804
-0.0109776638378942 -0.00730944364196345 0.791438082827848 0.0318154433186731
-0.000212763915184174 0.00679779817201571 0.435713463528134 0.70816926439042
-0.00648732441056292 0.00604770808675619 -0.152875071006368 0.574152929590814
-0.00080698416450097 -0.00540552623023456 0.0206579637742912 0.0710636462111631
-0.00674774961321168 -0.00355328352195964 0.143962830361416 -0.452437208279117
-0.0162743561437731 0.0229344960580611 -0.54155102339296 -0.639009401942062
-0.0106325385386858 0.0145665091246659 -0.874335991183698 0.169101738587192
0.00860370258238234 0.0127795839874088 -0.140040195813645 0.710508947117383
0.0146597921839427 0.0138074810890354 0.371241553642098 0.374267079800156
0.0146444102293863 0.00721789031287052 0.356807822962451 -0.0258577291397064
9.30729780127424E-05 0.000702117931529548 0.123258976856312 -0.227402792864808
-0.0103502256217129 0.00661875770483208 -0.0977574727575316 0.138934368983437
0.00792930239046946 0.0215506992654942 -0.229258552336101 -0.0438284317274836
-0.00138376972933619 0.0112766798786281 -0.218195717935426 -0.382572402903348
-0.00949313725021233 -0.00791979448321254 0.281828347908631 -0.550075291097432
-0.0173845302044262 -0.00887377142403312 0.790481513387895 0.0363121344926164
-0.000506609928349777 -0.00107254889722784 0.428778465491618 0.711619042594666
-0.00288454883772283 0.00207376046196775 -0.152346111377213 0.571212101845341
0.00350086146442993 -0.00610034997714281 0.0263834029774913 0.0687836018603956
-0.00202062482171159 -0.00838381772736658 0.143462373658366 -0.457128542145243
-0.0181762700677874 0.0148358854475869 -0.546220323985893 -0.634851223372955
-0.0182967408470879 0.0152525240994545 -0.875756631404684 0.175595638348111
0.0107032083438478 0.0218202584704526 -0.136925889355949 0.70732838078347
0.0255622100120025 0.0242846763094946 0.373749311763798 0.369969786221037
0.0247550874402072 0.0108482786858256 0.354627209209268 -0.0237239683530828
0.00613731742868406 -0.00130963735603165 0.115618770307372 -0.222547139303172
-0.00373904952558926 0.00690799055874471 -0.107950276254395 0.1420447507671
0.0143178380999191 0.0257887629914211 -0.232571229164376 -0.0377327458300793
0.00295073465973321 0.02247825453522 -0.223908450524937 -0.384894226809912
-0.0106802624599347 0.00138342531439007 0.26888347784116 -0.562125561599026
-0.0215530333183761 -0.0112044344810766 0.785740448259399 0.0194138753247104
-1.7656108571823E-05 -0.00709518568823556 0.441124464665354 0.701402178765747
-0.00050304298711459 -2.390519128391E-05 -0.1400309650272 0.569166517697938
0.00501663835684538 -0.00675063191285041 0.0316914534722155 0.0661241060280288
0.00156577833225389 -0.0114670529030953 0.151689148558215 -0.45877462732477
-0.0182556494685356 0.00723005668881025 -0.540432122046879 -0.646590640285641
-0.0224391770211952 0.0141695366347247 -0.884437421254879 0.160508098821393
0.0119120086720155 0.0314362159358093 -0.153382437551688 0.697398914181579
0.0335857723224908 0.0354626215536536 0.368774308518188 0.372971738311819
0.0333127929821098 0.0147470486959406 0.353210822794565 -0.0163550910086992
0.0125189838896034 -0.00217993495360765 0.107479628463291 -0.217418048037367
0.000975893115234995 0.00580045215034196 -0.115954845648359 0.145517817990607
0.0181819968544296 0.027264196015794 -0.240782538057338 -0.0288199632182095
0.00659701792678382 0.030154032748096 -0.239530422856187 -0.379777760840559
-0.0103471403640278 0.00780943246362601 0.241864298920036 -0.580592508163499
-0.0222808586531953 -0.0109199636843701 0.778503492749406 -0.0220372846751851
0.00141205635216498 -0.0108296684607197 0.466823615355343 0.676539910938194
0.000824727424722749 -0.000610525885293138 -0.121800906684953 0.568098026351782
0.00334009053598333 -0.00566754351036035 0.0376449641482015 0.0648539087902253
0.00315707990242999 -0.0123578260376215 0.168032412873745 -0.46223320303459
-0.0163132989705416 0.00162707644929296 -0.518265222355548 -0.671699543299122
-0.0239493531306718 0.0124078423075021 -0.898916566045604 0.120237888689655
0.0117865271542601 0.0381322305415085 -0.184551295204735 0.685638690144518
0.0361293918110335 0.0439221877517465 0.353709289402427 0.38198017045409
0.0367669358186391 0.0171854048028473 0.349269971882785 -0.00416291981507246
0.016511642338335 -0.00470250471462241 0.100832873501775 -0.210723538987112
-0.0235752367339163 0.00576910384901577 -0.0884040176209963 0.150217121546827
-0.0272123955951263 -0.00175480666749225 -0.250689231807774 -0.0243235514042209
-0.0382745683778949 -0.0262094856138914 -0.297608078784418 -0.33325871302229
-0.00386408734835794 -0.0368862942753516 0.147078181170693 -0.591995629668223
0.0170625507904841 -0.00699168400761259 0.761524897357181 -0.157973834177456
0.0128778392301011 0.0251047492974581 0.553502060438021 0.574129225150912
-0.0228754814896828 0.0215507480900245 -0.0703689325389628 0.568010607996855
-0.0244189610679968 0.00135677671964386 0.0246583704644203 0.0711387328876207
-0.0216867920112078 0.00878655500974269 0.203494756204206 -0.447209463870288
-0.00565696374195065 0.040191616892561 -0.429891827908005 -0.750007837813021
0.021917511327836 0.0129226703132939 -0.909288435509517 -0.00756351253124871
0.0118280186878663 -0.00769552245788582 -0.278274159943551 0.676627533995306
-0.019730339043576 -0.0166575776447728 0.295696378563351 0.423060588611265
-0.0185696363320902 -0.0146337889979103 0.339764328723662 0.00742627195497876
-0.00620276019963129 -0.000301533916997847 0.125682739116416 -0.220668929678669
-0.0250817659577036 0.00608828364596471 -0.0838709818132043 0.144132085754688
-0.0224836590248737 -0.000335787733861693 -0.242565632473884 -0.0335955216190965
-0.0319893414351241 -0.0270571733986447 -0.277512017137806 -0.34439196608189
-0.00326060018596227 -0.0378920251756731 0.18742192915226 -0.57858422170623
0.0121244955291343 -0.00524870993351167 0.778185243970435 -0.102011559955499
0.00825246211699872 0.0247185379304062 0.523863329964369 0.615595049103564
-0.0206915687550218 0.0191428100324985 -0.0970230649239357 0.573678866389622
-0.0194604791689298 0.000300182631439421 0.0212050981387309 0.0725956348515534
-0.0196126474822718 0.00727276340912105 0.180352696394063 -0.447826228273449
-0.00663983270968061 0.0394590181438975 -0.467734412736451 -0.715164498597226
0.0162276507361108 0.0130989745593754 -0.898576322048364 0.0524098968091622
0.00974756787266979 -0.00829394338586404 -0.233164602636206 0.695419321070559
-0.0157058213877996 -0.0140492748125961 0.320712918688058 0.408059437786317
-0.0147311501220082 -0.0106180035699041 0.347891535455519 -0.00673297661150782
-0.00811868371104708 0.000926309425731282 0.127399804029784 -0.225056585699804
-0.0233446194575281 0.00644676983413325 -0.0832002113585327 0.140427893022484
-0.0169361709045528 0.00366183028885565 -0.235341963544163 -0.0405616624057456
-0.0240669497045881 -0.0229772099610189 -0.255803333981255 -0.357347193440756
-0.00271406450505348 -0.0333870011725197 0.225234626064581 -0.56434748450389
0.00578055946038814 -0.00417257521385018 0.787215286068087 -0.0497659796761814
0.004712720289253 0.0206416427365465 0.491365644920708 0.654274520514562
-0.0176939340076471 0.0152477271579944 -0.120809277966548 0.575100566078658
-0.0126659389469826 -0.00132153163551495 0.0185882551822503 0.0720754181791901
-0.0153586777223802 0.0056696978992384 0.162861195272074 -0.449756891625721
-0.00909949728906393 0.0359942067280593 -0.502509621142589 -0.681921758314773
0.00656063527970853 0.0125539793572961 -0.887568566131957 0.110536540365786
0.00737464144837696 -0.00356867557578968 -0.187706807058904 0.707315931246798
-0.00781238857242108 -0.00765290721292197 0.346623957233989 0.391956252752134
-0.00687174084076022 -0.00497265900361608 0.352045955425357 -0.0186321148661863
-0.00775387242508362 0.00155211365539101 0.128301736452938 -0.228735818009772
-0.0209224060680471 0.00756566035042056 -0.0846994381157632 0.138353162815099
-0.00836890969996782 0.00932917986376054 -0.231183644381911 -0.0434606354866796
-0.015336516476747 -0.0138430974906497 -0.2386020900823 -0.366835787366333
-0.00473933685230315 -0.026850445309226 0.253136752560984 -0.554618410124882
-0.00313541755055157 -0.00498901114437148 0.796329908995036 -0.00458243247231129
0.00120442133432264 0.0145797415168172 0.462950784192629 0.682653509371973
-0.0126101290904041 0.0101315357082433 -0.137997793757266 0.575955527834372
-0.00587402064321905 -0.00327657386753731 0.0194305253253706 0.0714389222002042
-0.0110741761147219 0.000978211313565547 0.147411759705685 -0.451112350430959
-0.0127838505717249 0.0298800729278693 -0.529756989387778 -0.650397173502406
-0.0014603959649081 0.0142626056009289 -0.879349880263467 0.152941021434636
0.00741137398694595 0.00306028887349213 -0.151886189205747 0.713264921685798
0.00332406269008559 0.00201584743470288 0.364622919482596 0.378598164136535
0.00296703050492918 0.00100707258730017 0.355552590581175 -0.0270309948820985
-0.00426336488394319 0.00190790607612309 0.12449823947744 -0.230855708013953
-0.0162172036623066 0.00790628884466175 -0.089332769765141 0.138528219957321
0.000263543905159403 0.0156462055488037 -0.227822841005213 -0.0447735951314248
-0.00709052708899634 -0.00201983516275385 -0.226816701634199 -0.375550705536092
-0.00778469429976319 -0.017121724387261 0.269663073472825 -0.551933894428139
-0.0103403266319697 -0.00684881449983807 0.795289120491979 0.020717823035409
-3.39481634345096E-05 0.00763848518459457 0.445281328030724 0.701058632136737
-0.00711646562667769 0.00475227225544833 -0.147555622667528 0.575779612905554
-0.00103661566485413 -0.00485547970417506 0.0216396826841988 0.0706258144730624
-0.00657269046747525 -0.00368143946124005 0.138282398354461 -0.454990178208519
-0.0156684420369197 0.0228233228001783 -0.550604582224379 -0.632215630512245
-0.00987448704962726 0.0141395700250453 -0.873023415390003 0.182607271029226
0.00890544628607325 0.0123303778580663 -0.130421707149295 0.713632249135437
0.0147198978633532 0.012828124388128 0.376657665852418 0.368637116770147
0.0153218444175228 0.006912583921368 0.356836493234415 -0.0320139648888221
0.000656729729402795 0.000509892037311863 0.118396931352181 -0.229931507132356
-0.0102936031763941 0.00741377155494509 -0.0976115329193477 0.140808833210218
0.00807140402276894 0.0215260254608695 -0.230381167440964 -0.0405271125320754
0.000235255263173582 0.0110842429400139 -0.224057448176117 -0.380281999915547
-0.0101578587169759 -0.00763433647588478 0.273831890180393 -0.554941976386633
-0.0180064941174417 -0.00872000426954779 0.791559575705682 0.0241018312297469
-0.000231088664254035 -0.00104836202916791 0.438756975915494 0.708645913703021
-0.00269704960112135 0.00203594319341809 -0.142596904804291 0.57370507524519
0.00351732012031426 -0.00680295089574427 0.027156769264061 0.0680154710863121
-0.00156528513802144 -0.00800554041478894 0.139697554087047 -0.458148702877129
-0.0182792242997722 0.0143501506126361 -0.555205165618702 -0.628198796968494
-0.0177720920941307 0.0155543434285223 -0.874075990006312 0.188657219573286
0.0111593553447758 0.021764750491712 -0.126754375978646 0.708951271859431
0.026880560326761 0.0244499553021404 0.380556699174788 0.364027785706646
0.0252070186359752 0.011210564153975 0.355407478782632 -0.0296640098628621
0.00616144335659668 -0.00127859659594907 0.11296831875084 -0.225632642514095
-0.00444326765763321 0.00714980985241303 -0.107108364845091 0.144029765582175
0.0141787908845009 0.0252431761696817 -0.233890295249242 -0.0345154926423082
0.00457690363021825 0.0235455510582844 -0.229920564265395 -0.382457080986152
-0.0108377450083852 0.00147259518544105 0.262247743400484 -0.566605078466201
-0.0216974984915956 -0.0104752360584054 0.788933030077916 0.00796522459415319
-9.52560851850224E-05 -0.00748778527919402 0.450476887191931 0.697085152598265
0.000283234137975777 -9.22403364029822E-05 -0.132387889501458 0.571484774177519
0.00421521836066449 -0.00611850602564631 0.0327770740252833 0.0659667262280721
0.000790344075968307 -0.0119571439888735 0.14622837536417 -0.463021363733075
-0.0180579757065691 0.00721254968285314 -0.5479917631548 -0.637630125418028
-0.0227375373872299 0.0154452482473884 -0.883757980206682 0.174768845170977
0.0135244928079865 0.031214652783859 -0.142483081864701 0.702092347953072
0.0341268108145288 0.0341386030715784 0.374505567630693 0.367738660534819
0.0328701444461285 0.0135151993411402 0.353326662356151 -0.0219690482619747
0.0124263623828921 -0.00305244626410978 0.105219115236868 -0.218887113656867
0.00167810297075179 0.00599397777853728 -0.115102885771626 0.148672747720498
0.0186753204706205 0.0270028475702994 -0.241836587040169 -0.0254144328856558
0.00791315997923788 0.0306385613422543 -0.245182415797066 -0.377964548327746
-0.0101347693487275 0.00823173067512742 0.233553262023985 -0.585913504254779
-0.0221823708313664 -0.0108737681846672 0.779473711677873 -0.0320769840190069
0.00155847112496715 -0.0110981283862424 0.47585842898986 0.671593115855494
0.000708127691158486 -0.000784092605322882 -0.113348095252495 0.56890932378458
0.00303767584008992 -0.00598407589982616 0.0385736398329758 0.0647116291465064
0.00299831323412351 -0.012638708258739 0.160940790499911 -0.464417248308592
-0.0160494091940786 0.0019996168319031 -0.528791406892868 -0.665800613021884
-0.0238337345028647 0.0138863575575666 -0.897099771276298 0.132885531139884
0.0123497028654843 0.0370891200033041 -0.174590920571399 0.688764110192256
0.0367993388667755 0.0434863199728897 0.360004021050551 0.376231508405661
0.0375132914362838 0.0163739293592146 0.349803869390286 -0.00976077311446043
0.0164114281091902 -0.00505413282714943 0.0990143208657693 -0.212272192812044
-0.0239583976410793 0.00700943242220422 -0.0874047988749481 0.15123846254564
-0.027596165731343 -0.00134129370786855 -0.250746336928405 -0.0210519562539027
-0.0381113010016116 -0.0251999482561067 -0.302556520147495 -0.327307759321649
-0.00452087825840255 -0.0363849744990272 0.136400257074374 -0.592422671210433
0.0164580139241935 -0.00718607393524632 0.759378780444475 -0.169590466647846
0.0128975937625676 0.0244829870145689 0.562212448275013 0.565772295620271
-0.0219305353107013 0.0212722691016995 -0.0631698610847693 0.566653124085366
-0.0246051513416413 0.00159958882032241 0.0257460032791886 0.0707751008658238
-0.0217641094037851 0.00845587017814923 0.195869386413345 -0.450291984859694
-0.00426810756986148 0.0402376605072624 -0.439602853170344 -0.742781465778549
0.0220918356817533 0.0121821620311909 -0.907597148675427 0.00538367146286911
0.0116200468940379 -0.00898332884833338 -0.267923108459767 0.680143078927212
-0.0197887331789864 -0.0164250874849188 0.302372268168063 0.417713452712063
-0.0192008202685196 -0.014798739499088 0.34152607772447 0.000877525513554768
-0.00707184800185507 -0.000594863581182194 0.122536028632686 -0.22199585222
-0.0244251867677293 0.0074487757944877 -0.0829610143634468 0.14541536795312
-0.0240575843649838 0.000457722908193038 -0.243798539454805 -0.0306565080460386
-0.0318521503135538 -0.0259772778006578 -0.283151107316245 -0.340702956364572
-0.00437243988425693 -0.0370597233981282 0.179943864694177 -0.580966783270158
0.0114248658582905 -0.00539457133858308 0.778153229990493 -0.113735599612672
0.00951718938303632 0.023972918943262 0.530590353791095 0.605936975056138
-0.0209537882227139 0.0190500089867712 -0.0873563887831211 0.571669697568427
-0.0186233697858293 0.000357544772966018 0.0212153328129056 0.0722598899898468
-0.0198118601198388 0.00733122526782013 0.1756002949367 -0.45090219779511
-0.00604276170930731 0.0401226377530906 -0.47646389599214 -0.708053116787085
0.015814796026694 0.0129189473082496 -0.896858671462613 0.0668596208812236
0.00930068811877737 -0.00851625871206033 -0.221163687271099 0.696398515425836
-0.0152364926677208 -0.0134670390155604 0.327265579117555 0.402977077328228
-0.0149921684574656 -0.0109184939144779 0.346184836392222 -0.0137194953961296
-0.0084324750708257 0.000744689047078924 0.125302079825489 -0.227588954651675
-0.0240311033809139 0.00746132157179305 -0.0814512345548641 0.141348613173568
-0.0165323074764094 0.00388973899592827 -0.236342825294625 -0.0380032315649528
-0.0238387803964198 -0.0219997522752368 -0.260655139668342 -0.352785266266153
-0.00420785277181567 -0.0332154281199637 0.214696872915045 -0.568205412706818
0.00677194104635234 -0.00463583439654071 0.789367327775181 -0.0620808092315903
0.00589567166801731 0.0204891779331747 0.500055092338443 0.647088224656812
-0.0171056871571816 0.0143798545558867 -0.112418335289859 0.57651421411756
-0.0130141912156867 -0.000785770710972946 0.0193747684224187 0.0723617511515656
-0.0154276762054905 0.00479802437956154 0.155642665943725 -0.453636147002692
-0.00875182012911582 0.0355931859128544 -0.51219051917086 -0.671668934794215
0.00751126950123808 0.0132013255566255 -0.887181937383967 0.124775519245323
0.00699145722162988 -0.00394062936531684 -0.175616380382973 0.709596962261319
-0.00811203654914563 -0.00724375519502794 0.351280824206149 0.387544505364638
-0.00724333618280938 -0.00528396696190979 0.351347315255717 -0.02474826180595
-0.0075846411506153 0.00120978119161631 0.125619521663059 -0.230564285474882
-0.0205644593108978 0.00742380323599677 -0.0836618160705012 0.139942812107775
-0.0080934279763574 0.00919620195630037 -0.232011876302908 -0.041367238888946
-0.0144347992978977 -0.0130612070708616 -0.244409594353394 -0.362835565499246
-0.00493693294321269 -0.0257623661743207 0.243379876518078 -0.556795307091594
-0.00286923538542341 -0.0053387804002775 0.79161363287393 -0.0175148875753475
0.00249297694146547 0.0140391444567776 0.472835936333072 0.674881839883379
-0.0119632778314615 0.00944990956845274 -0.129642758856653 0.578261460233748
-0.00567872835944488 -0.00381217728724642 0.0189056809181978 0.0717497796936632
-0.0108672640225868 0.00085746745285023 0.14144716562699 -0.452759911453407
-0.0122470352801443 0.0301189357076599 -0.538225016303503 -0.64004060391055
-0.00170374530309212 0.0137186111317687 -0.876330820832522 0.168211443997282
0.00782980065628872 0.00323796510511558 -0.142042412351414 0.715292361879506
0.00336609846666295 0.00178323106467294 0.370537460116949 0.373575692188773
0.0033012334391233 0.00119997241996806 0.353628614448234 -0.0338377633957839
-0.00540674600885829 0.00167903115374603 0.121963115767552 -0.232628283045799
-0.0155272346401699 0.00764626049970997 -0.0885185230562188 0.139736457040516
0.000937493588148788 0.0158254945245075 -0.230090524358935 -0.0404753545069898
-0.00631300110136396 -0.00147242632327031 -0.232663075036028 -0.370672372121569
-0.00733113761707876 -0.0170342751618328 0.260695721499424 -0.553719496534582
-0.0108632594339814 -0.00651577356402391 0.794829963462235 0.00679045685988472
0.000854162148655699 0.00709517908778779 0.454318819752133 0.694171851370427
-0.00670975964023096 0.00527254229736219 -0.137629963378274 0.576341901664142
-0.00104112919654277 -0.00510548224868039 0.0223580011739169 0.0695242423225757
-0.00566796113681043 -0.00453927423405842 0.133230628844925 -0.456022509763884
-0.0154593871210322 0.0222616773803217 -0.557997982618346 -0.622190439452596
-0.0104044483363239 0.0149988072347831 -0.868704771684761 0.197400872287088
0.00934064087196547 0.0121458622608083 -0.119482103937781 0.714407906704174
0.0152559686735223 0.0125333460081446 0.382817850370944 0.362760975117453
0.0151769793838 0.00662222880286698 0.355467986799093 -0.0371986789178862
-0.000804660792171697 0.000563212603368642 0.116826065577412 -0.230126860434023
-0.0099409670043999 0.00836352305768379 -0.0968009647663305 0.141620094125903
0.00829517565398202 0.0214317360799344 -0.231142883754928 -0.0366572531547014
0.000299828012719113 0.0116096503204209 -0.228830720290579 -0.376507608051418
-0.0104992671231253 -0.00707331256733702 0.265952186752518 -0.558186084083925
-0.0179087617259038 -0.00886358476206065 0.791029658551049 0.0128013968435887
0.000237341272977124 -0.00089323172336225 0.448381432744646 0.69929279485517
-0.00216898604673606 0.00181749886495656 -0.137406815176294 0.573971636042719
0.00370467360852365 -0.00657334404555868 0.0269252673423194 0.0681234717742318
-0.00247357110715764 -0.00836542693612218 0.132237744525739 -0.459031200972797
-0.0176888392208779 0.0153354574824103 -0.563413308837678 -0.618098390826865
-0.0172341717585361 0.0154344826512354 -0.870645611680711 0.202715857884965
0.0109349890521008 0.0220246080377684 -0.116627355537494 0.711685961119059
0.0267840164466405 0.0236321268385436 0.386653065270508 0.35790151955711
0.0265452516741056 0.0109612284656629 0.354572457437955 -0.0350761614194486
0.00627601691134081 -0.00156572389685179 0.110083608521765 -0.226361577238716
-0.00414523542341822 0.00744892206209079 -0.105680028337137 0.144739446772287
0.015020331360653 0.0252967316726398 -0.235862289127585 -0.0301706905275682
0.00539850017492426 0.023254495902175 -0.236348980011121 -0.377460831665151
-0.0111807637416406 0.00224595883435125 0.253151295983017 -0.571988379211397
-0.0219488690862423 -0.0103609482253717 0.787858131142745 -0.00576409971397855
0.000255353172700364 -0.00747123831899303 0.459335186156103 0.687552918416291
-0.000359815684369472 -0.000287297623376426 -0.124864753377797 0.572432090943315
0.00470364413125284 -0.0064810166818928 0.0331247509607171 0.0658792534692901
0.00126795954148234 -0.0118585008591027 0.139353862234472 -0.46349419739161
-0.0173772192724325 0.00780155771041941 -0.55818974879749 -0.62894981938788
-0.0216441359069708 0.015588723621299 -0.880889515920076 0.189419013078882
0.0131765742624141 0.0303559978101393 -0.131810210376179 0.702695373801175
0.0345185522411383 0.0335594430898566 0.380964012305666 0.360692645109317
0.03303477379548 0.0136478193102282 0.351994052660577 -0.0284871914092853
0.0111280939508147 -0.00318380389636477 0.103104960132878 -0.219754642078562
0.00134572931187103 0.00630940734361302 -0.113670665673731 0.150756761401388
0.0185651498567863 0.0267180935823615 -0.241748533702959 -0.0224269979881533
0.00822909771030899 0.0303912254684985 -0.251342869793099 -0.37223757226806
-0.00969296054485874 0.00847222066790225 0.22319307671909 -0.588412021437402
-0.0229240903017866 -0.0106421551359396 0.778591338459197 -0.0462862909338957
0.00133515181015294 -0.0117079555580249 0.484441173312359 0.66191493353703
0.000810987177625814 -0.000654589100167705 -0.105481676118693 0.569916299518177
0.00338146637788301 -0.00597375145345053 0.038387605432108 0.0636557317341292
0.00355972035029859 -0.0129439513856705 0.15471524298594 -0.466554851358367
-0.0157483305242348 0.00244817371818468 -0.536144953471685 -0.656810022128892
-0.0236794336641925 0.0137409340146936 -0.89588832589665 0.147509187439247
0.0133143822243378 0.0376839882412839 -0.163616638781844 0.692101352057539
0.0372304003688359 0.0427228333113403 0.365727259105072 0.369540658201283
0.0363153488863703 0.0159314387324792 0.349497522893334 -0.0149868042796751
0.0163254718264687 -0.00485366327833879 0.0960652674355567 -0.213844798595741
-0.022977131155285 0.00766191445740727 -0.0863383424744906 0.151593758586302
-0.0271279570550354 -0.000953574758238102 -0.251008319726511 -0.0165391312676644
-0.038111348927057 -0.0243080434865574 -0.307563679495622 -0.321624337723103
-0.00574123256724544 -0.0365240812886331 0.128272212092733 -0.592343270134273
0.0161661340225484 -0.00729460398085855 0.754850257581158 -0.180452210726147
0.0140378687007156 0.0234205937520552 0.566273321021978 0.555522757824717
-0.0217534097118941 0.0220028804051535 -0.0544131353905492 0.564756924475127
-0.0241775557645772 0.00111849627843734 0.0262094541281109 0.0706412843677188
-0.0218080284906842 0.00926294418481456 0.189887634452033 -0.450311256804485
-0.00363852965718033 0.0404273042425999 -0.445453555462162 -0.733043331095346
0.0215864952568307 0.0120539072350287 -0.903904586581783 0.0193420273500514
0.0118967886718246 -0.00933854602777241 -0.25440992433328 0.682284348490893
-0.0195866372200133 -0.0161930472112772 0.307606368760281 0.41020803907267
-0.0192408325521778 -0.0147998572925887 0.339112293192228 -0.00407513834854158
-0.00709449806240494 -0.0011284943514015 0.119040773958035 -0.223866870349558
-0.0246034022520162 0.00760841856644365 -0.0818297926119292 0.145725628250595
-0.023536272921458 0.000592062836202604 -0.244453768546299 -0.0265513440519117
-0.0312338280897786 -0.0257513282089929 -0.286489539473963 -0.334243870186461
-0.00380921554300561 -0.0358877353745766 0.171100102705661 -0.580560568765117
0.0119832328045101 -0.00550041670761172 0.771346030078554 -0.126073633671117
0.00989242749773441 0.0237136510155826 0.537932715300802 0.595986265360353
-0.0204011029024428 0.0197434110075115 -0.0804477782883608 0.56993424408216
-0.0187141178025423 0.000630549286459032 0.0219726454443659 0.0712764714239742
-0.0189753471575826 0.00872195933641718 0.168880583400096 -0.450899880373686
-0.00536873476522473 0.0391419629635702 -0.484475696025659 -0.695322207858785
0.015904187343307 0.0126912394118899 -0.892312483262064 0.0796671294167871
0.00924616353687441 -0.00859365680562344 -0.210600820198946 0.697274138890764
-0.0157725236834561 -0.0145491502557599 0.332244724137462 0.395172365313229
-0.0156400707145764 -0.0100921658833096 0.344867119611553 -0.0178893622011737
-0.00884557214223806 0.00094436860375818 0.12156187242419 -0.228746115008475
-0.0240106711751354 0.00742084945755372 -0.0804289704888661 0.142871813038624
-0.0170675002085775 0.00438701215252464 -0.237230956996658 -0.0332103239601284
-0.0234849719364514 -0.0220569887680219 -0.265092742574098 -0.347471090280401
-0.00376610475605315 -0.0327580661049783 0.20632944250138 -0.568009048662263
0.00574578292033941 -0.0049437403799308 0.784294387107509 -0.07309246429864
0.00560217468021992 0.0203167603840107 0.506952932563088 0.637623944750457
-0.0170707906819777 0.014206756783484 -0.103888337249478 0.574731093180672
-0.0127731831005159 -0.000986902247221951 0.0206569901516326 0.0709999712353051
-0.0154459303045895 0.0055390513129738 0.150605288776174 -0.453420263580537
-0.00802605243114316 0.0362365903789459 -0.518696366775645 -0.65999202637918
0.00730595537040336 0.0129886023029096 -0.881071884949232 0.136801726645202
0.0078995697434054 -0.00434840350296574 -0.164940486762703 0.708910067523502
-0.00827389710038995 -0.00744637878220776 0.355853424196136 0.379201242810458
-0.00641747273292729 -0.00412422104095776 0.349843310259065 -0.0311272250368726
-0.00845200017754464 0.00186501225590015 0.122216576547231 -0.232350586439945
-0.0210623630938036 0.00843904366519916 -0.0821908346652357 0.140434493684502
-0.0080181228766725 0.00927628752343439 -0.232229431716841 -0.0380642977059303
-0.0140132118371891 -0.0129697179660338 -0.249486421526353 -0.358133105686405
-0.00548117085690827 -0.0260808972326572 0.23449884202872 -0.559363911880853
-0.0034180558002846 -0.00535534164972891 0.790515377045816 -0.031143352060939
0.00279229370203684 0.0138508480335531 0.478600705873741 0.666639030961659
-0.0119649549606144 0.00969476088379746 -0.121336973205549 0.575608246226496
-0.00582167057764499 -0.00396430751725231 0.0203877691412754 0.0697471453983104
-0.0106830061512413 0.000105765992894932 0.135223405158762 -0.453211663857906
-0.0110922968348367 0.029900159239055 -0.545062871384911 -0.629596380651806
-0.00130318501198396 0.0143582689711118 -0.871183243949919 0.179189711804657
0.00841229749936842 0.0030775963457477 -0.131301214038417 0.714010295101769
0.00308332492205183 0.00197423792188845 0.373412826968084 0.365302991755134
0.0032939779826995 0.00127044381378035 0.353773669945133 -0.0395403608609587
-0.00541198585689209 0.00181893336533758 0.119149351321303 -0.234288310732588
-0.0159094193838408 0.0091903596400952 -0.0874201812992924 0.140465653037034
0.000713015182932402 0.014683554208078 -0.230063476416224 -0.0368220968456746
-0.00565019365895092 -0.00142350861948697 -0.237280157215003 -0.365713986393756
-0.0078322077336603 -0.0163570105740743 0.252424463673964 -0.555768167621135
-0.0108934293751153 -0.00663488424494512 0.792410314352642 -0.00487669524454703
0.000970205480775407 0.00662521330340591 0.460842619974162 0.685763246400858
-0.0071685685143196 0.00567100346142068 -0.129342897422869 0.5752121816244
-0.000737791473263085 -0.00580784998624182 0.0231496426872294 0.0689514433215618
-0.00587467936830789 -0.00520397704336827 0.126678625979194 -0.455827420724733
-0.0143899329515903 0.0229018409620562 -0.564313298222377 -0.612585561356874
-0.00963565449688196 0.0158223652042874 -0.864088925838841 0.207079109702944
0.0101763819311628 0.0117022936623681 -0.108681238149206 0.714773014298396
0.0158705344011845 0.0122773747611017 0.386844224727637 0.354980018269545
0.0152652636555775 0.00613961981672603 0.354717620761124 -0.0429735154032686
-0.000377474997794043 -0.000143201342082448 0.113363183265077 -0.231742110921579
-0.00980025142179523 0.00819689848823928 -0.095658191011907 0.143118735303416
0.00928004477668961 0.0213531034758427 -0.231708914144905 -0.0331687506625333
0.00140661187812148 0.0115155060073239 -0.234871385697165 -0.37118575898304
-0.0103987852024361 -0.00638011696279121 0.257249407789378 -0.560051063253275
-0.0177057603487381 -0.00861372808015398 0.790401549512103 -0.000200713862497287
0.000475961053882932 -0.00140746827232878 0.45757970336191 0.69014852575381
-0.00269660758600899 0.0023776757248201 -0.128446380001614 0.57370837081586
0.00344003756028786 -0.00673720747889163 0.0270004011862534 0.0667616943967946
-0.00222668836315385 -0.00854569014214844 0.126065797606132 -0.458943970558009
-0.0162746545183762 0.0154726348839277 -0.569415558722274 -0.606577634196473
-0.0167218039465756 0.015741453442643 -0.86565633334874 0.214654317624021
0.0122245440949928 0.0215722294706431 -0.105315151717178 0.709060296198143
0.0274987175998369 0.0227379575892975 0.390767261330163 0.350075222951052
0.0253366904133714 0.0099028884693286 0.35370123746409 -0.0407452627811068
0.00471268325596987 -0.00145616096413983 0.106734101255173 -0.227703245609193
-0.00369511804267255 0.00833277146090795 -0.104188467704561 0.146129315687216
0.0153628019477999 0.0250033262062154 -0.235473621099534 -0.0273419525979636
0.00626632170994345 0.0226672486312266 -0.241169859187691 -0.371718893760861
-0.0106697336150755 0.00244193821637608 0.243281102789665 -0.573804151302441
-0.0218561339123962 -0.0098324011173568 0.784590402293909 -0.0162659629617562
6.90331606106737E-05 -0.00769578943771371 0.467907923424051 0.679198452498466
3.84865326711979E-05 -0.000852232306011346 -0.117004224821837 0.570332272239453
0.00531262454631424 -0.00736083051918053 0.0327636151054753 0.0640430236175359
0.00092286566135422 -0.0123391244732041 0.133982111128562 -0.46323214202814
-0.0167129442725207 0.00802898113188594 -0.56165057697574 -0.618173182902483
-0.0219475372550961 0.0152191055310597 -0.874912954842932 0.200644470579523
0.0133338429308382 0.0300691797131714 -0.120919172459163 0.701181493344853
0.0357193123017635 0.0326904766933234 0.384082261068889 0.353601719519594
0.0333365951370413 0.01381357911202 0.35130578410972 -0.0323931192615083
0.0115938942201642 -0.00427300195281103 0.0999406679041743 -0.221914562384826
0.00142997487883731 0.00711754273310901 -0.112101762617804 0.151527799422452
0.0183879041881808 0.0267167326115426 -0.241942439066464 -0.0183096894126145
0.00924380372472279 0.0307924766412321 -0.256092053939081 -0.367683957383256
-0.0106583176282536 0.00914835564747832 0.215569892952559 -0.589146913906949
-0.0228112158254228 -0.0100040219766452 0.775480797763794 -0.0554343462558881
0.00172309382408169 -0.0119952958872376 0.49144053633638 0.654456915069542
0.000841281212914543 -0.000731753834386294 -0.0964612869966582 0.567396674161263
0.00301121204098847 -0.00638309585320341 0.0390479841228254 0.0624261045875449
0.00219393720393132 -0.0124105131263997 0.14911525151526 -0.465655328764835
-0.0151053792077487 0.00289354967156933 -0.544532108366134 -0.645808195153439
-0.0230617508032036 0.0139746837097203 -0.89012875425547 0.161458753204329
0.013974197763677 0.0370449635487271 -0.15327824859608 0.690035570464446
0.0378728840825919 0.0415864331432988 0.369607493731303 0.363856480832209
0.0371482358225952 0.0148252737295507 0.347498219771105 -0.0207689339771346
0.0163197625453144 -0.00602185899762851 0.0944402112144256 -0.214466493080052
-0.0233398597244483 0.00817849605896153 -0.0849621526320149 0.153226854892259
-0.0270587768400353 -0.000191597698706437 -0.251679378945229 -0.012592111396011
-0.037517950858936 -0.0234394196899074 -0.309550812817663 -0.316231594978104
-0.00691701756124702 -0.0359316911516447 0.119418491940885 -0.59155858066152
0.0157156897072716 -0.00769364484435291 0.74900984369703 -0.189086664883646
0.0143104017943172 0.0225468175213636 0.570165594566256 0.544807825921747
-0.0217060523007146 0.0219173397128208 -0.0479663528138098 0.561894435017291
-0.0240794954080184 0.00163864652335409 0.026092929813859 0.0685217957199794
-0.0218099640418648 0.00896163835849261 0.184794158484948 -0.449453691201054
-0.00238143905183705 0.0395959273871371 -0.452194145986187 -0.723094463527136
0.0231933248278117 0.0119393004838337 -0.898741914633662 0.0314203985577105
0.0114718526869118 -0.00920332908636855 -0.245633115767804 0.681527366539865
-0.0189750013382649 -0.0158658864038864 0.310745286667386 0.405855211042907
-0.0198527517942243 -0.0141822925084978 0.337423222793355 -0.0079669479569508
-0.00722049660875977 -0.000544637525134067 0.117416619627161 -0.224917460415553
-0.0250466865706183 0.00843869027417598 -0.0796600835177604 0.145797948509447
-0.0234646475908225 0.0012871426437834 -0.243680679836661 -0.0236985494187914
-0.0312225358737053 -0.0255094423521621 -0.289847104793027 -0.328358378050295
-0.00464003636421574 -0.0362017565855934 0.160264811146414 -0.58133570695044
0.0118851471218512 -0.0058641380668967 0.765815803542182 -0.13596053241829
0.00985493091485684 0.0234826774113416 0.542108791531951 0.584721726775427
-0.0198132539580037 0.0183272239395372 -0.0743782231934311 0.567953257339827
-0.0188914347663528 0.000389550686956995 0.0224023337147457 0.0706825001797723
-0.0187309652403266 0.00712595693444144 0.163676095629114 -0.448998210259688
-0.00504467482273031 0.039083207662539 -0.490960322639547 -0.685846532742728
0.0160144421519324 0.0120172056245439 -0.886525741640453 0.0887672769981107
0.00927733747824491 -0.00856343551166928 -0.198590307699384 0.69565820315183
-0.01489343682156 -0.0143443093528525 0.334852929628997 0.389992130993479
-0.0150772751399231 -0.0106553111232495 0.343932009782379 -0.0227826106194393
-0.00901651808188505 0.00131109897597881 0.118319990012305 -0.229632862607438
-0.0234542328791647 0.00863637056645014 -0.0792978420554284 0.142797592106781
-0.0159673589976549 0.00402442812138065 -0.237399256702247 -0.0304016825525522
-0.0233294678407135 -0.0211725663064838 -0.269457635876007 -0.34225228698338
-0.00501547015566566 -0.0323153508577725 0.197952097336847 -0.567178813226113
0.00489559365207973 -0.00469380433806213 0.779089465992444 -0.0827579355786437
0.00659986779570703 0.0188386725789503 0.511518760409413 0.625202701878112
-0.0169730334945856 0.0142903718055666 -0.0977196531618106 0.571283798761625
-0.0121614468584544 -0.00115679613521118 0.0205241707067817 0.0704485629234138
-0.0152038116094734 0.00536770262402401 0.145055553131099 -0.452652730792529
-0.00741625135548111 0.0354873791688948 -0.522668266430353 -0.651237960406876
0.00738695142986829 0.0130642262542548 -0.872470327403143 0.146589923489072
0.00776953096534666 -0.00457226903338143 -0.155381801556994 0.705625109215097
-0.00791119672148529 -0.00745481650611363 0.359181834664394 0.372691977130815
-0.00742228466556509 -0.00481133276948797 0.348109991151874 -0.035562782510641
-0.00875762753616468 0.00197074997193401 0.11918781842633 -0.23327061445681
-0.0207008044504399 0.00884490889340951 -0.0808355186931312 0.141781599474521
-0.00787964097903077 0.00955062513138801 -0.232443056519181 -0.0333538918032403
-0.0136131560021903 -0.0122535612725465 -0.252385441713761 -0.352787785159753
-0.00575035335329783 -0.0251545898850804 0.226631365990213 -0.559801332410478
-0.0029055303540322 -0.00479316009377772 0.785834177074796 -0.0404267473121866
0.00287880137577258 0.0126214922477665 0.485630380550945 0.65655680515567
-0.0116626664725571 0.00938847981203025 -0.112856271161396 0.572248379552074
-0.00636612033458054 -0.00409738326850466 0.020393431883528 0.0695315035974314
-0.00986621907723368 0.000470924892714657 0.128675405555057 -0.451917614173366
-0.0105113699568775 0.0303664946696572 -0.547272849883854 -0.618200959311461
-0.00121761005288197 0.0145464016394621 -0.861706433190759 0.189764144518457
0.00745515187899099 0.00268182727093738 -0.121055532263364 0.7123790711065
0.00364849273297006 0.00163192734763648 0.377560116285269 0.358009198041262
0.00345103776091932 0.00130800869208595 0.350796596293013 -0.0440347565554142
-0.0051840991523454 0.00203682738682825 0.115107073536564 -0.234209940826571
-0.0155714648870081 0.00972708138664131 -0.0858109367834045 0.141243354264415
0.000783903887630618 0.0156184206879014 -0.229986859410481 -0.0338070166239617
-0.00550479573603005 -0.00132948429286294 -0.24208311058794 -0.361519768891386
-0.00755148517889599 -0.0158645999585941 0.243335273637705 -0.556163153472291
-0.0112415581525989 -0.00667766798105751 0.788716261634303 -0.0149777502865799
0.00107252218570521 0.00560159244695146 0.468172048729222 0.673441891764627
-0.00733083847898019 0.0048419253116635 -0.120980419220694 0.572449745461569
-0.000352259015434873 -0.00592229219268521 0.0238816003239744 0.0686126419396878
-0.0061143643313889 -0.00451040010429577 0.119178443847059 -0.454850820612802
-0.0143258506507005 0.0229280695640501 -0.567875972629216 -0.599732410139105
-0.0095784264203954 0.0148464105047126 -0.855596374165295 0.217862046145249
0.010060970472831 0.0117031430414164 -0.097938427726981 0.711453671621482
0.016448346935374 0.0118260725206894 0.389329315559789 0.347112735599435
0.0141493588299029 0.00549945811865349 0.351872286364677 -0.0482604986358224
-0.000482910765528875 4.39256481527296E-05 0.110221409800668 -0.232762191778358
-0.00964851110062821 0.00871117360247408 -0.094229287678963 0.143678728421883
0.00944520311951887 0.02080438193722 -0.231340545347887 -0.0296459336815781
0.00208097003560675 0.0119691688936093 -0.238754011503429 -0.365249763077525
-0.00962023842857558 -0.00615071559587279 0.246922038889768 -0.559791422718454
-0.017840504260634 -0.00858378692726629 0.786187015976397 -0.0114460801537041
0.000296772096539562 -0.00153111325661828 0.463469103383049 0.679772367025325
-0.00248207474179173 0.00156119658138856 -0.121942019422791 0.57037261761787
0.00297541660549832 -0.00667994866939142 0.0279185582642134 0.0651375732154632
-0.0017398900563967 -0.00929881317204388 0.121275630839891 -0.458761253017276
-0.0154498503251678 0.0156805218766472 -0.573548495645855 -0.596492974072491
-0.0161097275954877 0.0157275897819917 -0.857654219703129 0.225847218524344
0.0124677923759113 0.0210852801511702 -0.094918967612599 0.707351711862926
0.0269621007718608 0.0226275014088486 0.392506278690305 0.342931553500015
0.0256364999126062 0.00965886298346244 0.350966978749481 -0.0444678764797565
0.00520467814331074 -0.00223170618468366 0.10437914157538 -0.227825585692659
-0.00336067087735687 0.00804141347700102 -0.102806489923041 0.148136576979986
0.015449469066488 0.0247845307872006 -0.235523818290655 -0.0237527499497308
0.00705833225110009 0.0224525100367238 -0.244515024352669 -0.366716289260313
-0.0106049042489104 0.00247572286785874 0.234587867125159 -0.573047953292912
-0.0224998751446491 -0.00946713238244087 0.78058106753364 -0.027711586049698
0.000690657398259145 -0.00827042684287034 0.473104561112155 0.668212491726377
-7.3600941412828E-05 -0.000194444033169199 -0.107441990699673 0.567519888414553
0.00492252735778912 -0.00734655242686149 0.0327571600690618 0.0631894820521565
0.00154175946032399 -0.0117559459210072 0.128529166670712 -0.460171967043009
-0.0164304315895679 0.00845764632340667 -0.56690864525897 -0.607053291439454
-0.0203170098200151 0.0153503716961092 -0.867079453558989 0.209503082757287
0.0144488800242404 0.0297114584169065 -0.112793498331226 0.697086020253742
0.035611591390553 0.0326034247616955 0.38770371840692 0.346165061141038
0.0336806606916683 0.0128720904552668 0.349442088176075 -0.0380164388823507
0.0109582739843361 -0.00363577947551954 0.0973689984606844 -0.222098602164081
0.00105012673504147 0.00708676066898531 -0.111558461514939 0.153309155047553
0.0192649445833075 0.0261014509756278 -0.241701656233525 -0.0143742502432763
0.0104464046925968 0.029863176383758 -0.260405724721595 -0.363216353925408
-0.00969471278732872 0.00936999179076166 0.205361171120941 -0.590264741895359
-0.0234995161539978 -0.00991279364258634 0.770278795697196 -0.0672001963429792
0.00222489986572203 -0.01156444882333 0.496384707788944 0.643092640955583
0.000820688282205606 -0.000685239295473452 -0.0885311030439568 0.563703773673137
0.00334491463594958 -0.00648060291362706 0.0392311823880869 0.061689904571766
0.00310469252260373 -0.0133807850496341 0.144177141361373 -0.464979448859727
-0.0143153801578051 0.00253570565456903 -0.548860928590487 -0.634678881517575
-0.0230985335975777 0.0155535128358281 -0.88299238551827 0.170025813247333
0.0145348936927404 0.0365259940391578 -0.144594993463924 0.689405520226847
0.0385184160027742 0.0415102907620402 0.374268991251725 0.356439028215772
0.0370908767281219 0.0140130710489132 0.345916480971051 -0.0252010483953785
0.0149720818758993 -0.00541298075110085 0.0912475471071565 -0.214566525635184
-0.0236138073962202 0.00906201550309898 -0.0830646470934308 0.15276775528642
-0.0269806648693633 7.63638990029525E-05 -0.24999203019818 -0.00945624158967645
-0.0373041186165778 -0.0235324330914271 -0.311370756335065 -0.3082440094857
-0.006454563170576 -0.0356824224182451 0.111882098555878 -0.589723767824069
0.0154527535902829 -0.00724472648812895 0.74142298905221 -0.197578501444631
0.0143505626164418 0.0226163523751677 0.572687896078011 0.533187547771261
-0.0217038987075002 0.0212218922154671 -0.0424724804376989 0.556565860770716
-0.0243914324281599 0.00144609637378522 0.0268456743532432 0.0674218719214777
-0.0211997187535791 0.00987991240086782 0.178311876522189 -0.447145583557287
-0.00179555250023266 0.0399000671592578 -0.456519693033685 -0.71193323380081
0.0224069041186646 0.0121331854509473 -0.889951795868035 0.0424015518350318
0.0117900866382356 -0.00857615624860507 -0.236713000665472 0.67904581068577
-0.0185041571803598 -0.0157711352046272 0.31234371765839 0.397008925597224
-0.0187911987854411 -0.0137773697025983 0.334865127887682 -0.013972705702024
-0.00704311533349317 -0.00201241248439214 0.113839076998845 -0.223895592572694
-0.024172760989933 0.00922596095278919 -0.0797961022677061 0.147825338249722
-0.0232900314088396 0.00158679012073268 -0.243365844138943 -0.0201661645573865
-0.0306212197586401 -0.0239519873362903 -0.292133737142856 -0.322420601578364
-0.00523546031736525 -0.0357300143539529 0.15267958935148 -0.578137650058076
0.0107792656680061 -0.005639341178418 0.759826130825193 -0.143475654985392
0.0107247269975237 0.0222440956692872 0.543984934258803 0.5737659983859
-0.019857776576477 0.0188775809638745 -0.0669588355975171 0.563212801497274
-0.0179099242902223 -0.000382440895168127 0.0219552439041305 0.0698068810141074
-0.0183813453404449 0.00799542101732212 0.156164110827498 -0.447409119049684
-0.00373592621376022 0.0391384430239489 -0.492835984664881 -0.673594572969971
0.0163370224185971 0.0125002548877161 -0.879529621241495 0.101512047626623
0.00943869282723113 -0.0088644399115709 -0.190026359934783 0.694459264039928
-0.0156163592857996 -0.0133152641994936 0.337935211649014 0.383372757803376
-0.0158484178176758 -0.0102484577835831 0.341246135934336 -0.0273522233103518
-0.00831609788942367 0.00190219640833289 0.115743051010301 -0.229352999536292
-0.0237854696114724 0.00989957580143104 -0.0781526132154471 0.143862981698518
-0.0166051883492992 0.00499451748003662 -0.236926674042123 -0.0270789185241432
-0.0225567901888215 -0.0203896967298853 -0.272245451730639 -0.335946570897351
-0.00497812923666471 -0.0317361654355004 0.189398250752212 -0.565812119020591
0.0040491018179573 -0.00472854848395134 0.772911734200766 -0.0938306822113431
0.00658097111694645 0.0189598742244978 0.513755164684068 0.614277072640704
-0.0164932447562284 0.0146907725840912 -0.0901331575240357 0.566095264770904
-0.0124600796730587 -0.00154694774542606 0.0205793875592243 0.0692847741910234
-0.0140217461288697 0.00416602312829531 0.137876975485677 -0.449027482042068
-0.00573444439162296 0.0350872797510367 -0.526408763105125 -0.639410100879771
0.00858468938642408 0.0130373336130299 -0.864807045424147 0.158163431504708
0.00787974565859932 -0.00412539986463421 -0.144787939182436 0.702927255303681
-0.00732890557244184 -0.00800041877583976 0.362614080498509 0.365099790666857
-0.00721204899562564 -0.00553369804371045 0.344159340612709 -0.0401755746164841
-0.00881015116888493 0.0018775398875028 0.115363153559982 -0.232432319314664
-0.0196881168739936 0.00950407617640459 -0.0805441457178499 0.140711017242284
-0.0073563989317423 0.00958988045500318 -0.231497742186978 -0.0306004413464779
-0.013663516917907 -0.0122278780562791 -0.256048877787842 -0.347113663754785
-0.00581002431571647 -0.0249472484663014 0.217728548471871 -0.556834985176213
-0.00348464690851673 -0.00476027297857674 0.780821415830225 -0.0508034960648887
0.00380844242313461 0.0127537628924371 0.489343297614635 0.64392791109274
-0.0123771044250393 0.00900744528800744 -0.105580664959545 0.569527211279539
-0.00501004908019179 -0.00445735184270915 0.021115757227491 0.0691770107540378
-0.00982772998814894 0.000521167765782186 0.125193491050397 -0.448667812142051
-0.00951746403072703 0.0301005183205492 -0.550072241897579 -0.607770328220742
-0.000803517430558081 0.0133193035522329 -0.853264190494507 0.199563228024637
0.00765613506933121 0.00236181003143018 -0.111762913484815 0.706830735590421
0.00381760374216353 0.00268185705551741 0.37683480113444 0.351189092071401
0.00225742066952579 0.000394046730078275 0.347316940006834 -0.0475483931656115
-0.00570114397289904 0.0015652603508293 0.113511516029627 -0.234349463751448
-0.0155785780908241 0.00972861206405651 -0.0846414426688258 0.142230512745145
0.00151362992257368 0.0148443761879708 -0.229052134484551 -0.0307528872756949
-0.00475417525336967 -0.0010574223216299 -0.243802779695021 -0.355036002607883
-0.00812419743231948 -0.0157446056747504 0.234124222403445 -0.555646384937501
-0.0115017688718133 -0.00562199214384938 0.782913804028066 -0.0242978863514548
0.0016677162513682 0.00577568903843516 0.471401529754684 0.664255557109027
-0.00661552757365665 0.00497105789890904 -0.114980046564258 0.568678354341271
-0.00109602095580751 -0.0061377147457802 0.0230989416820946 0.0668452520577295
-0.00675802284363618 -0.00420854211967069 0.11417137009582 -0.452084240541199
-0.0128069491887984 0.0232481845912227 -0.57029263954697 -0.587042609790218
-0.00959363111271125 0.0149574243438399 -0.846682722262409 0.229000671780657
0.00993808710382937 0.0110020452006001 -0.0882226665839586 0.705057758679831
0.016444461655221 0.0113045840829819 0.39107097982137 0.340073548855741
0.0144716306411609 0.00587359412746933 0.347450721472978 -0.0522181529842124
-0.00117421353444981 0.000603022340970014 0.107828448381862 -0.232664794073455
-0.00918805428321775 0.00913604272270774 -0.0929543088301324 0.144609951733783
0.00919779090882132 0.0204542354215279 -0.230007552629657 -0.0265243064018339
0.00204119366075402 0.0112476903230195 -0.241225315401603 -0.359506462960889
-0.00988479738484685 -0.00631290143595432 0.237534090980144 -0.559571996543165
-0.0183294177264237 -0.00778251634174275 0.778515680599609 -0.019415122243321
0.000821936378181065 -0.00194340488456696 0.466395980633378 0.666532240881921
-0.00315623114423975 0.00171225019979336 -0.112887632915763 0.565558712409483
0.0031588600689421 -0.00727920569445321 0.0283660199627696 0.0646353134659499
-0.00205600269855408 -0.00845754018250036 0.115243806185003 -0.454690395944762
-0.0152257895260159 0.0149991562797564 -0.574239460156419 -0.584868729044173
-0.0159427791366321 0.0168158676057639 -0.845752872362361 0.234879542515453
0.0120112543346037 0.0207333076988205 -0.0864065357080868 0.701244289839692
0.0277913832225432 0.0219639940759632 0.394698870004856 0.334460258704184
0.0250209881247141 0.00896395361763613 0.347528771031397 -0.0498395745603541
0.00405739077009564 -0.00176378140703524 0.100362452160316 -0.227748515746539
-0.00388204640325944 0.0077212112364323 -0.101225163916449 0.147844209752357
0.0156820637650489 0.0244140653942059 -0.234047382457154 -0.0205044275687313
0.0079618521058879 0.0227112932266984 -0.247175742563906 -0.360695948053296
-0.0105416770892673 0.00316541964359715 0.225158761770818 -0.570551930759353
-0.0226158724152957 -0.00936505585823567 0.774270673922772 -0.0368133260889091
0.000537114453992691 -0.00852216391637409 0.477764437189708 0.65570894089455
-0.000384404696541142 -0.000708500373398195 -0.100939787851187 0.563461327542402
0.0041198846836353 -0.00689348419953913 0.0338177851002534 0.0617749294529183
0.00110291356343896 -0.0121630500737313 0.12361437086191 -0.459583546929461
-0.0157271824649599 0.00796053327681248 -0.568573973104842 -0.59483334891842
-0.0206277772997287 0.016444360324207 -0.857366421631896 0.219844724975041
0.0147912101937263 0.0289538334161837 -0.101676177479467 0.694254024952594
0.0359700193182204 0.0314259582396298 0.388024042474239 0.339960410092494
0.0331619400167579 0.0119047520324807 0.344390853209306 -0.0421001854573457
0.0104303628954722 -0.00399604231557804 0.094212566494165 -0.221947306403654
0.000849125597440893 0.00772028196828056 -0.109075779791353 0.153619330296958
0.0203248726388639 0.0257697336913223 -0.240666932175758 -0.0114909666259603
0.0111957906696996 0.0298712494363318 -0.262827855066116 -0.356367379338721
-0.00965877167199702 0.00927732623334991 0.195738625488009 -0.587841434941213
-0.0233791805842452 -0.00959816533441627 0.76364605620136 -0.0749419771305453
0.00162999844162573 -0.0121174189685712 0.499882318325442 0.632414931789706
0.000460101918737769 -0.00102593719680569 -0.0814281361951305 0.559543667297779
0.00290809639256333 -0.00617086266813205 0.0392845689820099 0.0612119685444748
0.00336013995344574 -0.0135164461219236 0.138024504308767 -0.461840960941748
-0.0138063869962694 0.00288407411397062 -0.552063371662162 -0.623048392826509
-0.0224583138453091 0.0145683095619724 -0.874972983930076 0.182697083796193
0.0144693950951398 0.0359424716391047 -0.13355634157707 0.683834703910049
0.0393282329986495 0.0396556284282677 0.374991079316765 0.349115853293985
0.0372790791714814 0.0137380561133417 0.343175467526461 -0.0293893011827747
0.0155600651125376 -0.00596094005445738 0.0875442529063464 -0.21470335004444
-0.0232942693331595 0.00949973646056064 -0.0822352089663935 0.152509237850096
-0.0267624951572054 0.00112347881689008 -0.248104377497798 -0.00652917214918432
-0.0360818002735818 -0.0223260423334065 -0.312819964109069 -0.302385692741983
-0.00650718574225097 -0.0347821439334267 0.104003374672997 -0.584149916677138
0.0150503358026716 -0.00820650373213082 0.731917338969163 -0.202553600335141
0.0150754732872069 0.021574054855592 0.570785887474973 0.520979019716681
-0.0210166948386086 0.0213887240625716 -0.0358880547136369 0.551654070565453
-0.0230656067392991 0.00137828843651394 0.0260453579403327 0.067035116345907
-0.0207064820661385 0.00921796853159129 0.172920009970614 -0.444131777416675
-0.0013074499630188 0.038578052911352 -0.458951610447608 -0.700025727560876
0.0221177043968871 0.0118274679628807 -0.880877784474032 0.051138764514123
0.0113092524736539 -0.00899634435364023 -0.226777379721725 0.672951348759565
-0.018728807535192 -0.0149217404724845 0.314619846505492 0.390179318229327
-0.0189492879715387 -0.0147619937174669 0.3313188012997 -0.0167729814930075
-0.00705256685395528 -0.00107916418518397 0.109935021687424 -0.223948181787154
-0.0240656128677339 0.0097175122922707 -0.0782474601809756 0.147460108491128
-0.0230237679296948 0.00115388976432485 -0.242057448115902 -0.0162831495475083
-0.0306499372091162 -0.0237838655350381 -0.291831610524341 -0.316073834196631
-0.00529811943470705 -0.0348237992136459 0.146339517234415 -0.574224289997859
0.0113539855688978 -0.00574308136358159 0.749699071884528 -0.149171045576792
0.0110546077263575 0.0216250274892022 0.544465107052325 0.563518642991788
-0.0194252403585296 0.0182772544036018 -0.0611583176563842 0.557904165772819
-0.0181019330677807 0.000580201115203723 0.0225394827813595 0.0689441635906246
-0.0181713477022462 0.00786203220643254 0.152236953300953 -0.443789691408593
-0.00294032723273387 0.0380751116154009 -0.494102133540592 -0.662195711301204
0.0161424992721058 0.012032658818271 -0.868480903362965 0.108731044865674
0.00879190623593713 -0.00866406496414148 -0.181057487306709 0.687174856385048
-0.0154083957777905 -0.0135737277261133 0.336680542272182 0.375675294518113
-0.0155687251257313 -0.00968946414947825 0.337193308781132 -0.0303195750573718
-0.00956574944563158 0.000204613117566916 0.112655893430245 -0.228034742196396
-0.0233868790226257 0.00987704297328761 -0.0780297055897384 0.143070130237646
-0.0160611926841918 0.00418702039701421 -0.235674998148004 -0.0242025264661095
-0.0224188825755442 -0.0208606263805171 -0.272368489003131 -0.330472077431596
-0.00512203583560666 -0.0317147445471288 0.180914236040483 -0.562829294809985
0.00499650138795368 -0.00486516657833268 0.764632583023716 -0.100367813616315
0.00742742088330799 0.0186705483898606 0.514953393830065 0.60217416593822
-0.0162304938396008 0.0145274629494227 -0.0840263498440969 0.5604907974813
-0.0124639848053748 -0.00108882720788331 0.0205259515003599 0.0684725163814478
-0.0141708794426048 0.00558985389087622 0.133298337362329 -0.445670077878155
-0.00557972061460531 0.0349669434079009 -0.526516981201953 -0.626742350475957
0.00842837104054789 0.0126664106265247 -0.855209156184673 0.1652779998616
0.00762942461272969 -0.00537341512567701 -0.136512559887733 0.697084583487358
-0.0068022133554619 -0.00674791357670734 0.361291459026499 0.357867599795696
-0.00739206436294497 -0.00425894986106212 0.341275866661513 -0.0432562480452324
-0.0083676952618401 0.00214743577197962 0.112513312950427 -0.232375131834889
-0.0197889901795478 0.0102215004353595 -0.0795023292034924 0.141357964655531
-0.00723758629535396 0.0094725956682683 -0.230862025807533 -0.0280947577656099
-0.012701755349703 -0.012751331486196 -0.257687170002069 -0.339901809314947
-0.00652910602025142 -0.0245166386628423 0.2106251386184 -0.554403720139694
-0.00325399516960471 -0.00426172244257266 0.772655732936391 -0.057016012255853
0.00311900870321724 0.01278489539738 0.490919705630611 0.632660161945983
-0.0118447843464207 0.00948706989385568 -0.100375961381045 0.562538232957021
-0.00589885114094898 -0.00393763173181469 0.0210116232218795 0.0687721934134459
-0.0100700040042072 0.00129349510705709 0.119235843233864 -0.444950956530288
-0.00957085266473008 0.0297246435900356 -0.551031510456647 -0.595060894975508
-0.000523758893306248 0.0136801529468797 -0.84552075296483 0.206763949167179
0.00863340412174415 0.00299330717719389 -0.102612190553855 0.70010433284894
0.00461012896793189 0.00123126332333529 0.378663159375962 0.34263878553131
0.00353310126223127 0.000860487585721957 0.344251301663163 -0.0510090681051392
-0.0052909584356173 0.0011689531929693 0.109348390032032 -0.233601372703629
-0.0157957075941337 0.0105620844332674 -0.0840249609283399 0.14221169769553
0.00170199014025341 0.0156459567640391 -0.228500667244798 -0.0280621150143459
-0.00467910298356471 -0.000699135155144455 -0.245565757255237 -0.348961778446441
-0.00860356093503954 -0.0154296878946834 0.227050068655401 -0.552193445930697
-0.0118123230187899 -0.00612929545676501 0.776115453824601 -0.0334972566697511
0.00154480346285399 0.00519037310721128 0.472992250083012 0.652388543360383
-0.00659519134204252 0.0045932401199125 -0.10718855736622 0.562467109993973
-0.000868300692896966 -0.00619850771507333 0.0233777516348195 0.065985788770911
-0.00613400713797855 -0.00402138183259023 0.110369972754494 -0.448513916857273
-0.0122529060998893 0.0228826785962549 -0.568503542342649 -0.576844531356446
-0.00936643298128824 0.0152979120489335 -0.837099704841916 0.234895230443818
0.0100731415619576 0.0107935954869002 -0.0807545952036035 0.698433102158709
0.0162719842542879 0.0108953489585847 0.389531296460904 0.330849998863261
0.014291295077339 0.00511162769388324 0.344268828957584 -0.0559061480729648
-0.00153134642785372 0.000532870416287204 0.105784712361497 -0.231235961088715
-0.00888188799339009 0.0098849181074934 -0.0910588288181906 0.14389345736387
0.0100700415048795 0.0200394990034208 -0.228872147295912 -0.0234665990688603
0.00300903999059076 0.0119114385080488 -0.242869701288347 -0.353937564614225
-0.00989755907840896 -0.00571625787315893 0.230020996213988 -0.556511559646359
-0.018633234722955 -0.00770323513510262 0.771537996973521 -0.0278155546753549
0.00108068485077834 -0.00238808672053069 0.467353201171815 0.656164277184716
-0.0027571709015435 0.00186537729890092 -0.107701664405852 0.56003120442686
0.00363737590442632 -0.0066630085289206 0.0277541845238335 0.0640491527495792
-0.00224248036667528 -0.00795078910913989 0.109448395622943 -0.44937952716411
-0.014857507043878 0.0151933212563253 -0.573554413843405 -0.572817645808042
-0.0154278705741251 0.0160394808621921 -0.836934503547318 0.240968247024137
0.0124380280111354 0.0200056028952288 -0.0788208820021718 0.694133698538831
0.0287985951506497 0.0213029845392358 0.393616421509944 0.328040454776046
0.0247249713570238 0.00869012635070942 0.344222392186755 -0.053662887076556
0.00426154458791588 -0.00191916854312557 0.0986186300284908 -0.227564453428146
-0.00382448239381157 0.00859734208096014 -0.100387002953168 0.14863876576449
0.0159876573395991 0.0238206727774208 -0.232680245132779 -0.0175767646960942
0.00841931458746738 0.022661340585206 -0.249477983830702 -0.354409735684262
-0.0109970646202247 0.00346278048972676 0.215559263595081 -0.568661408840782
-0.0223866651118267 -0.00848508440966092 0.765654626407689 -0.0439333790346937
0.000623607543462638 -0.00864290613537314 0.477369142774274 0.644823176109353
0.00043152539223543 -0.000339469482759928 -0.0943801034848415 0.558276229222002
0.00420676596486698 -0.00802455493029839 0.0327133012536756 0.0614091203685213
0.00135588974827077 -0.0115984992115696 0.117737330652763 -0.454172431092365
-0.0156298727884819 0.00777455460579452 -0.567685308447809 -0.582836831968027
-0.0206000013584806 0.0164818325530843 -0.846538496235724 0.226362135226421
0.0144216927733863 0.0282081296920713 -0.0938139683799399 0.687287114293453
0.0368706735071886 0.0302863114599725 0.388439940099904 0.331655051515319
0.0331360014908501 0.0108674071087775 0.341934130921731 -0.045752432635172
0.00947266627100036 -0.00414382226096702 0.0921285182476485 -0.220808438130442
0.00170796961935816 0.00770657764057788 -0.108622944518169 0.154660716377966
0.0198244028943195 0.0248103036433698 -0.238866490611156 -0.00843594981674021
0.0111465722388017 0.0289675482449334 -0.264699452694099 -0.349672569605111
-0.00959650306208526 0.00961387184343422 0.188211798324504 -0.584217464005645
-0.0235842617775703 -0.00919214382079646 0.755428506511264 -0.0834051906625287
0.00204401250418396 -0.0127978318678101 0.501549135727121 0.62047095162619
6.71940060767446E-05 -0.000945547145122433 -0.0751596529741571 0.554142050216303
0.00319328968760573 -0.00725340110435958 0.0395044439356954 0.0596095908784675
0.00314026087132762 -0.013168725070963 0.133470524394434 -0.458237388096257
-0.014058877871153 0.00261855607582578 -0.55005775972262 -0.610876723633489
-0.0219894488707414 0.0149659138544026 -0.862680519974333 0.189910160729917
0.0154115129847806 0.0356616912530944 -0.126619132759961 0.678042767978871
0.0400166861058653 0.0390250362695332 0.375820052891827 0.34009043000832
0.036653585972017 0.0132732505984368 0.339299291106289 -0.0330416534308504
0.0151873161143168 -0.00588030234733287 0.0856361762115078 -0.213082738634869
-0.0221279075316197 0.0102387440519189 -0.0810134328259673 0.152479843128322
-0.0261277687286108 -0.000279372269314766 -0.246966648360061 -0.00424232003347106
-0.0360631544153634 -0.0220008237916966 -0.311689673049258 -0.29641549084129
-0.00630876719330005 -0.0339355928736268 0.0984019077480231 -0.578376059267819
0.0150845228147615 -0.00810680950008197 0.722411243469699 -0.206084144967522
0.0147426499713597 0.0206959414963993 0.569891108848501 0.513076747124159
-0.0207315560313162 0.0205553638448733 -0.0320360533003196 0.544616057974518
-0.0235201403455185 0.00178544383919024 0.0260945761904011 0.0659076363826381
-0.0203833264857815 0.00880625690181257 0.168110717350944 -0.440578619869815
-0.000436090396523343 0.0381832538890172 -0.458047485621123 -0.686271222717751
0.0219518895082336 0.0110783190238392 -0.87249287821819 0.0578110720521686
0.0110319792972191 -0.00955609525317026 -0.218171544556362 0.668073748348465
-0.0182269598895113 -0.0156954020716736 0.312135206251219 0.383753213968259
-0.0199196468630502 -0.0134959778109897 0.328438864531758 -0.0186425279342695
-0.00736500853353815 -0.000258772032281786 0.108471328023239 -0.22203251001157
-0.0233065495562829 0.00995824065822279 -0.0770853811784146 0.146554374601551
-0.0229866564976115 0.00159191429958787 -0.239519442221888 -0.0149117996882228
-0.0300549303578053 -0.0234210743877524 -0.291707075045777 -0.310589761092036
-0.00568876178354628 -0.0350550952867744 0.138827158667862 -0.569202010470128
0.0111309943709889 -0.00590465410528386 0.740339551939719 -0.155849260504446
0.0116596129509034 0.0209930717469968 0.544189740522623 0.551184936637661
-0.0189412054353031 0.0180988949364703 -0.0566166805416645 0.551416501867224
-0.0182587163217632 0.00053757300524963 0.0225409924994899 0.0668713812336658
-0.0173186061625159 0.00757141271282882 0.148962003112218 -0.440879282670149
-0.00175429471060982 0.0374011894662323 -0.491284357775799 -0.651805493483055
0.0164931797575762 0.0114293107446361 -0.85789176474031 0.116497536500572
0.00933742982682235 -0.00867461933966117 -0.173295600714937 0.681256088608011
-0.0147777447284392 -0.0137626540091035 0.336960671341661 0.367585341494028
-0.0155829679046931 -0.00942627884229721 0.332582963010343 -0.0333134538403164
-0.00905260595354825 0.000344761527859647 0.110269324090905 -0.227693340503033
-0.0226939811195969 0.0105963442310706 -0.0765121606543862 0.142788286118548
-0.015554884253126 0.00448802394699586 -0.233519400074673 -0.023002975663967
-0.0217466026358152 -0.0197213925531766 -0.272290145907923 -0.323966225378902
-0.00536539918328063 -0.0303828588038505 0.174666294449143 -0.557246666877124
0.00483088044349311 -0.00446828453820001 0.756441893525746 -0.106855161438362
0.00764828623345704 0.0179425390426557 0.513325303685817 0.592722419095119
-0.0163838853586602 0.0141764094350963 -0.0781326832660528 0.555453967119409
-0.0123710190613439 -0.00160660041783571 0.0203957070649192 0.0668383320747749
-0.0135848065981688 0.00453883630883142 0.130050337944963 -0.441318467986545
-0.00487565056536448 0.034555771457478 -0.524623120786556 -0.61495474023873
0.00830529547289824 0.01176927836319 -0.844893668115414 0.170721121554722
0.00780923443076422 -0.00488299112231428 -0.129200542548094 0.689958471911283
-0.00670672914104039 -0.00796812517415128 0.360006781394492 0.35134287493044
-0.00711913488460991 -0.00502441039727573 0.336324757902912 -0.0451280046391024
-0.00883832295233203 0.00180775326731576 0.110382203766176 -0.231214541587969
-0.0196949333330048 0.0103254244560004 -0.0780811143597641 0.141602024173528
-0.00689460664839267 0.00941374960551145 -0.22933040494518 -0.0255500379588283
-0.0123365910832247 -0.0120340608709139 -0.257393928345532 -0.334819643596156
-0.00651125082335341 -0.023129962194449 0.203307167095843 -0.550013921219528
-0.00324732526261843 -0.004543359307187 0.763050252482051 -0.0635278761101258
0.00449702863790705 0.011988573035621 0.488025600818709 0.621674439455715
-0.0114208907263097 0.00974928970537554 -0.0952470855832389 0.55712765328034
-0.00637490519547388 -0.00393804692692611 0.0214873981338394 0.0673122656548714
-0.0098880738079907 0.000992433091785993 0.114976637427752 -0.440871983268972
-0.0082259470580349 0.0292851751178921 -0.548888514967359 -0.584473672444549
-9.25930154049345E-05 0.0141180189130379 -0.832763624374081 0.211582323409374
0.0085092049532292 0.0025484312372342 -0.0964868688374262 0.69173431822626
0.00421363373935871 0.0015644625178903 0.377271887663769 0.335447433098414
0.00380263764746135 0.000319300438652815 0.339313195904726 -0.053787831668951
-0.00613730480042496 0.0022150697266084 0.106848703375969 -0.232421790285661
-0.0149204413516919 0.0113853423628945 -0.0825814686413346 0.141205533706711
0.00184381686581232 0.015017327673622 -0.226977336989781 -0.0245397703098587
-0.00361683608154271 -0.000939412554076253 -0.246430913863693 -0.342776367103109
-0.00835572038478805 -0.0147868046592139 0.221395114576062 -0.54855437854811
-0.0116227218193096 -0.00578938243904565 0.765429135943661 -0.0370868728434028
0.00233338793271791 0.00473541784441316 0.472723030811819 0.641339578559696
-0.00643370732907272 0.00478600767173569 -0.10278647347858 0.555790609092886
-0.0017434189989217 -0.00566058518715463 0.0235583868791739 0.0650833270369323
-0.00565110419410757 -0.00397191046819567 0.107437176736072 -0.444596828452412
-0.0115772222156416 0.0220852816435152 -0.566372497160098 -0.566835174603007
-0.00874873798315242 0.0151809636480296 -0.824041448611603 0.23870105404742
0.0105225424213102 0.01072671781975 -0.0762453437843078 0.692050356165396
0.0169228416136737 0.0102593673899858 0.388223528861757 0.324296914064361
0.0144721422257583 0.00554062020489883 0.340181063268128 -0.057212674785711
-0.00136305882881604 -0.000150057256496822 0.102752769238575 -0.230551243864948
-0.00919375904380442 0.0100407931681425 -0.0907792287791339 0.144262252035813
0.00966417115837875 0.0202153268991296 -0.227099036924086 -0.0231905219269573
0.00324708452040667 0.0109195578196671 -0.244904436094285 -0.347831094080951
-0.0104262373506071 -0.00490010037294941 0.222612059145832 -0.553108503551335
-0.0184828039567647 -0.00777892542552752 0.763307635621222 -0.0324688821980984
0.00169160942635588 -0.00265664950658462 0.466592034779443 0.642739909170274
-0.00291336370873144 0.00128889500828499 -0.10084087330838 0.552962782030529
0.00298358186924033 -0.00779458725401648 0.0281514127216184 0.0630755958244844
-0.00175124088528486 -0.00886347769241997 0.105976177665681 -0.446745936829536
-0.0136555820856627 0.0145826516388749 -0.570118016844235 -0.562005711102239
-0.0151179482459631 0.016210330162197 -0.824412930653481 0.245566039969055
0.0131686430609473 0.0193367436926478 -0.0721355644272357 0.688001611780679
0.0286600636983886 0.0198744661361915 0.393087460376179 0.31909299436507
0.0242754963615345 0.00800944061905058 0.33937055321166 -0.0563004200484276
0.00387569412157447 -0.00114784223390866 0.0966519219910912 -0.225604201358254
-0.00353370043733103 0.00932520147206239 -0.0991875694275731 0.148689460565517
0.0158757089994977 0.0236430690186716 -0.231404908052014 -0.0155595161304538
0.00907230544067531 0.0216949199445111 -0.24963652644778 -0.348674798792525
-0.00985166724518886 0.00405082852887786 0.211486464106689 -0.564529515167372
-0.0227275342302482 -0.00845317802733864 0.757154678992209 -0.0493223223556089
0.00108838212622184 -0.00880891497741819 0.477321276657489 0.6347424664382
0.000285695807990989 -0.00081717385453112 -0.0908341627216696 0.550546132389733
0.00328596787163727 -0.0075504686549562 0.0336411973599094 0.0604590356563877
0.00136089140769095 -0.0115552664675088 0.112741765770673 -0.451746447715644
-0.0142906950633943 0.00811378712525559 -0.564619418483632 -0.572580644984849
-0.0197238770784923 0.0164150973745485 -0.83593468670041 0.230856809351419
0.0145645262074616 0.0284970442991346 -0.0885617930986772 0.6801013678038
0.0368252567235044 0.0298161277507034 0.386107126108936 0.323371705627914
0.0323707575995048 0.0105194550831241 0.339159344309677 -0.0482876832224855
0.00922617760896721 -0.00426881655340774 0.0897314737204098 -0.220287750748402
0.000968830298055944 0.00826490110590942 -0.107228491447565 0.153912917752941
0.0194669323503441 0.0246008952177793 -0.238106850759115 -0.00653201135924271
0.012826167428694 0.0282040759863479 -0.264446241728547 -0.342673287954976
-0.00932128158965556 0.0100943375995947 0.180769031705256 -0.578892481631821
-0.0231264182256173 -0.0085248340474822 0.747710468420433 -0.0863886910831819
0.00157915074934827 -0.0122624366430694 0.500357945758922 0.608679176381635
-0.000333538625055621 -0.00143792458526386 -0.0715570198182469 0.546973247082282
0.00290649692572404 -0.0068473590863746 0.0389085700470417 0.0592250536199053
0.00293275866196368 -0.0129684538467457 0.128526501941245 -0.45595431334613
-0.0132747627905523 0.00219494397733643 -0.547108545252408 -0.600408349192392
-0.0212329363153871 0.0148986245502586 -0.852433505219398 0.195352746190993
0.0153084173069818 0.0345776046242573 -0.119811998681496 0.672276032949832
0.0394008576955809 0.0381632768367745 0.374400900336952 0.334203980790102
0.0364200878458779 0.0124790173846063 0.335674702523682 -0.0356018610709893
0.0143072989084256 -0.00640332634279041 0.0826780005261137 -0.212340585453821
-0.022659694053243 0.00690620291297671 -0.0979097271690818 0.135984048857702
-0.0253593909698591 -0.00327511681891673 -0.240501570542089 -0.0354615698436265
-0.0295460428280029 -0.0265760559591596 -0.263328352170004 -0.327318583744627
0.00185368747265584 -0.0336468246736024 0.167504459729818 -0.538528895852453
0.0163400590910714 -0.00197658778318806 0.719652415784307 -0.106538522582956
0.00453994623247325 0.0195619510125693 0.486851986407163 0.568040544268499
-0.0211207075997455 0.0165592903797231 -0.0985055597815566 0.526232616051159
-0.0226335078898204 -0.001898048624635 0.0160225781748208 0.0679039012663385
-0.0244711250120264 0.00618785805030642 0.226584167208684 -0.411357904364379
-0.00626089059290065 0.0414325622556953 -0.358131200139703 -0.740263539691091
0.0266642004868974 0.0179087204950917 -0.872237156165891 -0.0607869443164813
0.0194188049896931 -0.0149338841734588 -0.307141353776016 0.638925623057076
-0.014628172925082 -0.0251093762444442 0.261813998809332 0.42562028646559
-0.019550509562816 -0.0177426062282254 0.330570051482981 0.0227985443761531
-0.00884066014260212 -0.00123692771514666 0.138681452623831 -0.210753262663218
-0.0241583479605735 0.00677175592324512 -0.0947595766247005 0.130049628565034
-0.0216944505110807 -0.00175381333138549 -0.23262317952394 -0.0434200962566027
-0.0236956225212838 -0.0269414835112223 -0.243718890150072 -0.337798249974942
0.00304454876867101 -0.0331254383548076 0.205125869530079 -0.524868399081365
0.0113331986335372 -0.00121498351268363 0.732067861111528 -0.0542798719410128
0.00139883563317868 0.0188009152553706 0.456669448730234 0.604305325176958
-0.0191851191725103 0.0144571925414746 -0.123123594090673 0.528096486704706
-0.0175100588266719 -0.00241217551490895 0.0123009357276555 0.0692230359682763
-0.0209461320387659 0.00587890521158447 0.206044273766259 -0.415129363053299
-0.00736497301237347 0.040412207857477 -0.39795968271947 -0.707685372811523
0.0203057107331705 0.0170537820816782 -0.867536924408044 -6.96088197368013E-05
0.0170656496509548 -0.0159272546191053 -0.264308377791845 0.658383000359215
-0.0119529158213436 -0.0225179656564389 0.286333404600014 0.413148047051358
-0.0160138823152636 -0.0132554267413254 0.337647765272977 0.00945141589072281
-0.0110695907978102 0.000874963308334359 0.141902790812521 -0.215147180754837
-0.0234898151726677 0.00708157543574238 -0.0931894635434651 0.126733969356647
-0.015771858545964 0.00190249936702898 -0.225478660592422 -0.0500792175722887
-0.0158525674760003 -0.0227678707175191 -0.222235064600478 -0.348394980992106
0.00207267173373838 -0.0295005565461965 0.238295005023734 -0.508439337691784
0.0054204703021752 -0.000882499432998184 0.739949986077473 -0.00581453352523384
-0.00218610745630681 0.0147693985921609 0.42394072823562 0.64029313044746
-0.0151672222562923 0.00998745733344607 -0.146060334383668 0.530374830128632
-0.0114264410641041 -0.00383681096260211 0.0105845724921375 0.0690110911100114
-0.0174552973338774 0.00341149792345827 0.18695002703222 -0.416857917939343
-0.00985669485401968 0.0367344913430131 -0.433073702340273 -0.67762064134664
0.0130286554621487 0.0170123720806097 -0.859780874781683 0.0539494834098297
0.0150865215371419 -0.0120947503802938 -0.218843618541521 0.672921628318167
-0.00561437353988472 -0.016326065640936 0.311235934426663 0.398041925041093
-0.00952494344815313 -0.00755628313397283 0.343030281610436 -0.00208946320972171
-0.0105887324429602 0.00186968253071695 0.142407113107236 -0.218564548950702
-0.0203857168714435 0.00810636193438989 -0.095414253332337 0.125758033660098
-0.00842269332496593 0.00860667867583959 -0.221152544001662 -0.0524404324538417
-0.00868380276852233 -0.0131077344590456 -0.20572366989729 -0.356193878637709
0.000222252777784245 -0.0227109731316611 0.263552166807558 -0.497661326537334
-0.00252763271936629 -0.00237890714246826 0.741949802282442 0.0357719792035915
-0.00358225932619348 0.00810831127651028 0.395697081151311 0.664483895661661
-0.0108050164718361 0.006235813014657 -0.162251843709128 0.529470020785265
-0.00498927121848499 -0.00460292868984149 0.0104789519867489 0.0681602356305699
-0.0128376445248459 -0.000475242753164238 0.173319891703337 -0.419861080250732
-0.0115809677622001 0.0315746210693056 -0.460237349219869 -0.649538585786051
0.00441483519630315 0.0160267746757983 -0.853433130401834 0.0959645213150236
0.0140761634826645 -0.00579781455494145 -0.186324582666767 0.681386612764482
0.00496340506153711 -0.0061179217540532 0.330755818680485 0.38547396664577
0.000376570523949611 1.11533235417037E-05 0.346868631650458 -0.0109704433210682
-0.00822796154178354 0.00171078797207879 0.139014468299212 -0.219024415663825
-0.0157666726349572 0.00886029511974582 -0.0993157767495876 0.125529579123033
-0.000721826303617022 0.0141019498696745 -0.21772496430216 -0.0516558686145065
-0.00164720383157925 -0.000892375979757637 -0.195183550110267 -0.361302205212241
-0.002970216283548 -0.0143714187071716 0.279064433747133 -0.494121193432048
-0.0111927554794421 -0.0048148055988478 0.74053313792779 0.0600992934512592
-0.00474625926082559 0.000306376727659166 0.376718542302706 0.680758764510302
-0.00541996392476072 0.00244683412507371 -0.170525141498131 0.527399614493165
0.000844075952032131 -0.00657359488263158 0.0132589810035199 0.0669208907254773
-0.0077854791411568 -0.00437592524038315 0.165689727471445 -0.424098501807305
-0.0133819789941428 0.0238686825603217 -0.481625547611008 -0.633312384684406
-0.00401614119699942 0.0160310170177945 -0.849230835675786 0.125597412584528
0.0136647696534881 0.00249366968990633 -0.166263475473581 0.682021467028026
0.0148560036768242 0.00503021456550478 0.343297350341014 0.375429117079744
0.0107269551372437 0.00526292861081034 0.34665957648228 -0.0144856058632286
-0.0032580526760414 0.000519595813922263 0.134006362346336 -0.218334017489253
-0.0101535416367504 0.00878899661266028 -0.106546774551428 0.127977119426531
0.00649671382314999 0.0202350093011076 -0.219463678720327 -0.0471643495409366
0.00340128667487801 0.0110391003226299 -0.192776869333659 -0.366320564770568
-0.00564462289375919 -0.00509081179632624 0.282779331332379 -0.499471229158581
-0.0178717921811681 -0.00751569432964131 0.737741245074038 0.0638211849805452
-0.00528144995732842 -0.00731360715151599 0.372497962837664 0.684879412663136
-0.000965049845840994 0.000146274004892737 -0.168572608597616 0.52556202110554
0.00382145223204811 -0.00755913881311852 0.018947227068424 0.065545668056749
-0.00365053712461344 -0.00864422488268269 0.165673636564032 -0.427131266589465
-0.014953836539318 0.0169301644026537 -0.488353569150058 -0.630340549559065
-0.0109011748358078 0.0170183396865948 -0.851928420353947 0.132878280243986
0.0157655222823732 0.0124618635243747 -0.161806749978367 0.676422920613223
0.0254797576688486 0.0159077057162033 0.345830659130333 0.370567249104848
0.0212351871762222 0.00930854721189535 0.344901893495511 -0.0125958644500374
0.00268663780431816 2.51191439659664E-05 0.126140930397016 -0.215302945331801
-0.0049142086960197 0.00871354665274941 -0.114828332250442 0.131159004582673
0.0118099797111426 0.0243708075890199 -0.224563091157955 -0.040326374577118
0.00686201050651418 0.0225018596936418 -0.199319019106842 -0.366275911323303
-0.00788899875059652 0.00308167171389368 0.27043386177939 -0.512133710571949
-0.0209707958186427 -0.00911178010904996 0.734593577485618 0.0475224891976401
-0.00467360068830176 -0.012256939080878 0.385071981528771 0.673546007603762
0.00142794746114508 -0.0014836603431188 -0.157022598487336 0.524414429335196
0.00563828767233731 -0.00711144270350361 0.0235852236191416 0.0634729005381116
-0.000287949577554132 -0.0105600705436148 0.173468911913105 -0.429235812391025
-0.0146411116760208 0.00972554942621744 -0.480710482526783 -0.639039398649383
-0.0157891582944321 0.0154071306424048 -0.857648074031138 0.116223503548841
0.0161500807082479 0.0213796220317053 -0.176950587497539 0.667589895857331
0.0324963650107229 0.0260699009237668 0.341554455433368 0.373562397529773
0.0282898354423053 0.0130389362501269 0.342454671746694 -0.00581388060613638
0.00808659027584078 -0.00201928043675854 0.119507136887953 -0.210162997739862
7.7119014197467E-05 0.00812063391248211 -0.123266170358786 0.136054892093931
0.0148120287339651 0.0262557329374911 -0.230579862284232 -0.033087188933066
0.00928473114481623 0.0297908457987295 -0.213465238086311 -0.363255859004149
-0.00741992946126779 0.00866033173172995 0.245905888403031 -0.529915964586975
-0.0212605073854366 -0.00943427706968558 0.729662209369636 0.010504843441056
-0.00303480021573843 -0.016433767288173 0.409037159282388 0.653596485674093
0.00216632139174879 -0.00200093689838331 -0.136883960676001 0.523735711974355
0.00369284222621412 -0.00671887190085076 0.0300395135883974 0.0625543765602628
0.00101078039864234 -0.0117666206209477 0.188566390593155 -0.431620806862997
-0.0123410363992177 0.00396121922145114 -0.460812838523584 -0.663267365976709
-0.0177158899122307 0.0144480763589582 -0.868839576136085 0.077483258316553
0.0163236003691524 0.0281256396911723 -0.208913261897227 0.652956922377501
0.0351510735730737 0.0343338590224555 0.326449885282625 0.382238839200775
0.0322667834654594 0.015300517044282 0.338026485812847 0.00542499908532023
0.0132635831059282 -0.00233677446807751 0.112025587615725 -0.203363124218958
-0.0228993710642738 0.00715248867356959 -0.0981570978453971 0.13414550116431
-0.0251733798911342 -0.00344951416519872 -0.239144550224192 -0.0334584719426517
-0.0290513743760102 -0.0267919853445427 -0.261914234499609 -0.322766178773801
0.00158651032575444 -0.0332401410380476 0.163611489216959 -0.532858093848001
0.0157270968631676 -0.00250299524596927 0.709631310554745 -0.106356142406705
0.00567685457216466 0.0189807557447725 0.482476261445753 0.560297112104847
-0.0212073688173462 0.015459810473894 -0.0980088077474116 0.519869482731369
-0.0222408651643342 -0.00251868003900459 0.0154075074670388 0.0675190196051745
-0.023854944292699 0.00599502693582011 0.223758811671456 -0.407486675187151
-0.00555106390388955 0.0409948543655445 -0.354263268187378 -0.730439652499503
0.0259542703820714 0.0178628280622185 -0.861769843774196 -0.058161846824871
0.0200167809296956 -0.0150237129717631 -0.301872310078142 0.630841257499664
-0.0144070368063635 -0.0255511741625976 0.258740554239847 0.419444295113263
-0.0194188742765919 -0.0172379544421249 0.326718454403398 0.0213210168172515
-0.00940227036309967 -0.000873278571282128 0.137092536286083 -0.208819049763735
-0.0245554138886256 0.00746833297084379 -0.0942070754170241 0.12971486319187
-0.0213631745994455 -0.00135593884022753 -0.23074472333178 -0.0420063093894144
-0.0229923144474431 -0.0265338105485697 -0.242607287312302 -0.333122912800685
0.00206983762650362 -0.0326227360062152 0.201300666530198 -0.518620644027736
0.0120098817042127 -0.000509293138615792 0.724043491618655 -0.0564780872875706
0.00198564647312382 0.0183195585292601 0.451886525825311 0.594851829416973
-0.0187032977137203 0.0141324589565983 -0.120693923792099 0.521442941042202
-0.0168981539084471 -0.00325957567510752 0.0120295419699011 0.0681996837888573
-0.0206399851843516 0.00541197645501723 0.20283767827568 -0.409120471715802
-0.00613459146813088 0.0400960483086076 -0.393775242706746 -0.698094195029967
0.0202404953561921 0.0169516342598697 -0.857508818522681 0.00233140999481479
0.0170071069587584 -0.0158168757880993 -0.259667774554167 0.650443656428565
-0.0114951234051111 -0.0230454267974132 0.284568782944128 0.407167158231689
-0.0164149597468566 -0.0134106155422533 0.334725341504611 0.00813040049741127
-0.0112715707308954 0.000864983249296323 0.140270824237361 -0.213956025215115
-0.0226900540651188 0.00713563196904847 -0.0933000001838007 0.126204501978632
-0.0151460610592468 0.00174654091275836 -0.224193726940529 -0.0479206159532211
-0.0151292783141115 -0.0223693767872476 -0.221397851084669 -0.342878593541857
0.00284800434368672 -0.0289538798749437 0.235002053212716 -0.505142914163941
0.00474531550908977 -0.000636315051250632 0.730274526133298 -0.00851190235099747
-0.00163291595198362 0.0144299803099004 0.419543564236252 0.630698850239941
-0.0153608375655583 0.010375036107722 -0.142382928361749 0.524658698044844
-0.0115522827018805 -0.00361200233792686 0.00972485322963832 0.0677623167214785
-0.0174606127903202 0.00372456873728769 0.183603662085138 -0.413297538251828
-0.00817191650958801 0.0363761359317373 -0.428666359303908 -0.66824242729386
0.0126230869403727 0.0163969336577581 -0.848572001572876 0.0580308499140677
0.0144824891512051 -0.0130639673800356 -0.216648652631765 0.665166827889762
-0.00516135051985742 -0.0163606999712118 0.308897401395339 0.393072309303927
-0.00902397300221001 -0.00668075576580296 0.339824671700881 -0.00419918201395708
-0.011158594308872 0.00236926585907539 0.141244172322125 -0.216954057106922
-0.0199368537161652 0.00783444738948155 -0.0936361838917934 0.125159216833259
-0.00780968274823707 0.00764389665904233 -0.218658537201215 -0.0515040703528327
-0.00831470231560474 -0.0125828956815697 -0.205371894555297 -0.351128091383
0.000282089432415332 -0.0222941123107782 0.259492575828271 -0.495007174347292
-0.00264461567644856 -0.00216006635459012 0.733640418918429 0.0352393765043375
-0.00404380610513317 0.0076774003831349 0.392278428996871 0.656640886111864
-0.0105945776308288 0.00621815237411858 -0.159697631991728 0.523702220965075
-0.00504461344217639 -0.00489493617203896 0.0107705266983355 0.0671002772097466
-0.0125447172062044 -0.000874012013747136 0.170999540739744 -0.413237731987008
-0.0110757632899485 0.031542293061826 -0.45716816089042 -0.639561998877692
0.00373954377183539 0.0157967641577285 -0.843455600107122 0.0981474390722656
0.0141844357887068 -0.00604481741160262 -0.183380486912724 0.672841413100801
0.00499945877587674 -0.0070295698843425 0.327227323111584 0.379237921571101
0.000620232140899983 -0.000664531998075908 0.34277443430826 -0.0123014311912911
-0.00833080507354008 0.000899553034036046 0.138319976308238 -0.218071044548519
-0.0160239827308088 0.00912860217405943 -0.0990151948020396 0.12507084848883
-0.000281723191489815 0.0138550753381034 -0.216526402383405 -0.0500758035163919
-0.00229018591745157 -0.00137470044945428 -0.193503531827671 -0.356722772388245
-0.00235503486178357 -0.0145030757617493 0.276259497045453 -0.48904330796839
-0.011257198644632 -0.00456169329885586 0.732635194184697 0.0566400394328542
-0.00450387273677127 0.000354955554550739 0.375413268716363 0.670599165699195
-0.00558000857476636 0.00282773045282832 -0.165599211649169 0.520793017868558
4.42810079964719E-05 -0.0063601748386961 0.013177430637976 0.0668179874139694
-0.00723511724547912 -0.00396396033445716 0.164163609229138 -0.419331515059893
-0.0131589898471592 0.0238913705935081 -0.477467612044371 -0.624392897414456
-0.00480282930064137 0.0161565196296429 -0.838231391061993 0.128250291717814
0.0147912525699279 0.00280048964226458 -0.16098643985596 0.672051121101274
0.0157155921836818 0.00390773808134871 0.33776740510746 0.369545850373715
0.0104415490102959 0.00441233593015797 0.342992181987897 -0.0151794056383837
-0.00332662237877155 0.000380275351729583 0.132324487598445 -0.217093687626489
-0.00989214440167915 0.00948502479564665 -0.105348791028327 0.126575203586475
0.00634945853599409 0.0198702970978408 -0.218021600602623 -0.0461072211235574
0.003332958967118 0.0117930815297488 -0.191527095470008 -0.360495001818611
-0.0056267520944345 -0.00547936343336364 0.276796937216314 -0.494438701514087
-0.0170367692890261 -0.00722309181773071 0.728829736440008 0.0615422170031362
-0.00431833244847405 -0.00663415502959636 0.3682034993719 0.675089156428518
-0.000555207287094912 0.000518790701186628 -0.165572455396002 0.519140784137926
0.00393495434002092 -0.00737557297502488 0.0177239185347025 0.06450189955008
-0.00357735470275625 -0.0085142803749646 0.162736725028803 -0.420913099639115
-0.0149428807252465 0.0159353515011142 -0.483340632321251 -0.621106980293158
-0.0104214526002091 0.0164370853144667 -0.840236847099057 0.1316746804377
0.0156921837277715 0.0122054227515144 -0.158826609989644 0.668346254788971
0.0249118756655734 0.0151226030811845 0.343756665613071 0.366336186318465
0.020958017812533 0.00975870160285521 0.341879553053711 -0.0146283814844847
0.00227890714763493 -0.00115640113764666 0.126512709735769 -0.21364170410824
-0.00462444583036235 0.00859414366291611 -0.11384390512948 0.131352285516079
0.0119809138015133 0.0240057246276493 -0.222142257601673 -0.0396247104757493
0.00760584203886252 0.0217520627803574 -0.198239377011335 -0.361929755687794
-0.00728069471872328 0.00338522113888184 0.266574877760568 -0.505682687201356
-0.0204024632938296 -0.00914863273070787 0.725363769113283 0.0452913474338406
-0.0036569239155949 -0.0123844993987059 0.381597746783141 0.665295391585468
0.00138807800228919 -0.001524685834977 -0.15446038797138 0.517792210249874
0.00535054976128117 -0.00732295910924416 0.0231834427350245 0.0629072248466945
-2.2460619397543E-05 -0.0111207886375864 0.170803280101169 -0.425057329448065
-0.0137026385622498 0.00976232300730463 -0.474797110972733 -0.629530854618272
-0.0154123959740498 0.0156016316570494 -0.847528155293156 0.119583070805112
0.0168443068137514 0.0204402236772159 -0.174564259991416 0.659617699984349
0.0317801333266387 0.0254798581135982 0.337821104634575 0.367847789770651
0.0281607938457107 0.0126511374548119 0.33894849077565 -0.00636487372344296
0.00854113073733189 -0.00208979460502166 0.118796604812368 -0.207587297370973
0.000562630332046628 0.00810916123284966 -0.122767345503371 0.134856738969709
0.0154812335519853 0.026015998657321 -0.229803247528459 -0.0318159436171193
0.00991933885067782 0.0287928516142694 -0.21349219713973 -0.357762809899872
-0.00726813621848561 0.00879986081357274 0.241260695008521 -0.523166643104081
-0.0215995000048901 -0.00924309456024492 0.722012406659516 0.0076824368874491
-0.00291638978226815 -0.0157429620880034 0.407184746215114 0.643272659354419
0.00223936144158677 -0.00206932212727251 -0.134470931602097 0.516836237410163
0.00381405150937813 -0.00708100105657378 0.0288433964267909 0.061957001667332
0.00190742204764154 -0.0117405096301089 0.185225192680305 -0.425706116769015
-0.012245679027729 0.00371645127008412 -0.454951127124682 -0.653862247906547
-0.0175292975110409 0.0139775336200708 -0.859112095416141 0.0789276433244186
0.0165231948027664 0.0278573298254133 -0.203517055418309 0.646733025154518
0.0348009452378613 0.0339762336431619 0.323856718570562 0.376587996803298
0.0318378407349668 0.015181208990072 0.335191881996369 0.00542197409642897
0.012692544625143 -0.00297980058181694 0.111742202968607 -0.201598494913041
-0.0223629948342676 0.0067587140676589 -0.099221445887543 0.13403699537396
-0.0247431268687083 -0.00374327571056038 -0.238139920322708 -0.0327642968404986
-0.028166166689435 -0.0253791110389154 -0.260220361105523 -0.318869256904189
0.00157745631811775 -0.0326831411863728 0.163128783221408 -0.527568961123555
0.0154521379241089 -0.00229805089629415 0.704423602439854 -0.104479798997792
0.00490919584488179 0.0178578345558162 0.47683030125879 0.554528032890499
-0.0205277221547863 0.0151158131217876 -0.0975344385593799 0.512503866172118
-0.0218738234922402 -0.00181494147146023 0.0150586419508161 0.0662415303565086
-0.0235596324788058 0.00517707135590047 0.222337636391119 -0.402795500488074
-0.00526868951808382 0.0400027112799988 -0.34973383009155 -0.722669608348068
0.0260761864639539 0.0172131095967283 -0.855369549877831 -0.0551529741652556
0.0198444539863935 -0.01505918628325 -0.298840417524576 0.624521670006873
-0.0142993773918234 -0.0251559595742421 0.25574595476733 0.414506645264129
-0.0194632858539298 -0.01739429427311 0.324209569928552 0.0206788284204293
-0.009230075922513 -0.00053876078375543 0.13714922384507 -0.207654439036845
-0.0236284324925083 0.0068604588737403 -0.0950048735048481 0.129102416350383
-0.0205475658425505 -0.0018027083261434 -0.229497125984001 -0.0417390053883556
-0.0225830506135087 -0.0265952282529166 -0.240387502949704 -0.32943883087723
0.00332254468887976 -0.0326509981525026 0.199404208931092 -0.513765378181394
0.0105425500717995 -0.000663548854672659 0.715592760466354 -0.0544101309656247
0.00169114015515976 0.0176532912943433 0.44756776374419 0.587928997845655
-0.0188267277821675 0.0136613274096111 -0.121996523145837 0.516275672998413
-0.017933515549311 -0.00314116983903197 0.0103959332496524 0.0687081891665595
-0.0212080622986347 0.00520612044481784 0.201723283956388 -0.404492805042894
-0.00650727081845476 0.0396500825908103 -0.388540908841848 -0.691286832258917
0.0201686179501378 0.0168018854576627 -0.847420355512512 0.00022933735948497
0.017417546110722 -0.0160074139372804 -0.256721993216075 0.64361833993516
-0.0108393210786751 -0.0228101555051122 0.281273878208656 0.402314133006587
-0.0162539173829191 -0.013322877338299 0.329888887539173 0.00723171414710665
-0.0107532572285901 0.000837903606450015 0.139431810540152 -0.211242699588684
-0.0224312896353805 0.00822904294249379 -0.0931077748341023 0.125411382859405
-0.0153759291395334 0.00196812493099936 -0.222305813045026 -0.0487313296371837
-0.0142707637311987 -0.0218636718256041 -0.218741574198199 -0.34001906822288
0.00261425635603756 -0.0289023930947719 0.231549722755189 -0.498740324135793
0.00463687076049058 -0.00075946893908853 0.722646948581595 -0.00812081760946234
-0.0010706940620275 0.0135961175365395 0.413657090499092 0.621961879848142
-0.0151719233505347 0.0101499564051787 -0.142444934535393 0.517581841414099
-0.0111857898336627 -0.00367005224614557 0.00928100889014622 0.0675039447184839
-0.0170040850962092 0.00287742900066187 0.183756876100377 -0.408731903975547
-0.00869554881471299 0.0359143433623875 -0.422741535838976 -0.659097672729428
0.0124565218719973 0.0164833531949813 -0.839615383781137 0.0560729874377861
0.0141633625382144 -0.0123468549698002 -0.213498167371059 0.658152497155597
-0.00480736034040161 -0.0163798868195542 0.306108974055666 0.387696018873726
-0.00890088882778878 -0.0070185918907373 0.335750933086694 -0.00420119211912903
-0.0108994500213018 0.00177693020158105 0.140638943676604 -0.214887756163985
-0.0199879826432989 0.00863113900608168 -0.0946363740716942 0.124179442167308
-0.00802009700550553 0.00772215843788003 -0.218210908771446 -0.0509326450243695
-0.00713204390219106 -0.0130057133219845 -0.202705325544832 -0.346383368688309
0.00055820063840594 -0.0220805812968205 0.257568452325677 -0.488216322436778
-0.00318999940926204 -0.00193938966353557 0.725604471401631 0.0344233002634146
-0.00368045440961893 0.00790777230104537 0.38742916506901 0.647484464546475
-0.0103465361111448 0.00608545355368562 -0.158535790291402 0.516975930178288
-0.0045974630589504 -0.0053241641041207 0.00945729788116341 0.0663815560260718
-0.0127619621461436 -0.000244373575972001 0.171215749186067 -0.410077777294521
-0.0105282978317183 0.0304944471733808 -0.45123351173581 -0.632711271903157
0.00341781264683997 0.0155559064776519 -0.83473342505812 0.0967469508764779
0.0131248140197772 -0.00558078282305022 -0.181627594291222 0.664377207361809
0.00462341828461148 -0.00647746404880873 0.324419589384185 0.375537320408279
0.000357822412472305 -0.000396124371407453 0.338642481213286 -0.0123005371002877
-0.00847263623738518 0.00176925171638874 0.137422005781933 -0.217045335030259
-0.0155061793272463 0.00868307834788277 -0.0995475908538745 0.124406482200256
0.000107914837461932 0.0142384748509179 -0.214761358279426 -0.0494731153663478
-0.00107815294493179 -0.0017989205722615 -0.192284853014292 -0.353610372841776
-0.00244887779301356 -0.0136990993513182 0.270679906667115 -0.48506895083814
-0.0104860033197738 -0.00455137979531311 0.724073130999527 0.0572475679377816
-0.00466154482693806 -0.000501166588177081 0.370014556485087 0.663399100756506
-0.0052905018411806 0.00215574789033879 -0.166231206447988 0.515403508007978
-8.02468607876048E-05 -0.00651309398627021 0.0122501498831586 0.0653833860229793
-0.00833590498670596 -0.00509351026396803 0.16192727492519 -0.413538031847852
-0.0125163827009872 0.0228301133648462 -0.470008028060425 -0.61708040649673
-0.00384406330797979 0.0161187194638915 -0.830132523360589 0.126229639757048
0.0134415640826842 0.00222704738984513 -0.160051672536607 0.664991592593445
0.0150776999118605 0.00405961244188335 0.336629693792102 0.364075707227869
0.0112877633661932 0.00455968965032032 0.339701595919836 -0.0154956006042566
-0.00333648055594268 0.000726088458169884 0.132287899159294 -0.215305176531967
-0.00973773084020285 0.00954153213634028 -0.107442060978802 0.12593650312339
0.00620567142089993 0.0199488928374254 -0.216097186725254 -0.0455402063903883
0.00449913268446885 0.0106635241218732 -0.190420260492963 -0.356805405998529
-0.00470361856226584 -0.00520822815365962 0.274413724861812 -0.487994082095775
-0.0167204796969457 -0.00667543191032073 0.721701810753633 0.0596724711263797
-0.00427561443551065 -0.00626335886712623 0.364077605923109 0.667968543695645
-0.00113344454985567 -0.000468023487534473 -0.164233108894022 0.512330066562667
0.00361173270990172 -0.00804934010059842 0.0174050410774212 0.0642773567807992
-0.00294328287357293 -0.00730351723045644 0.162193910567554 -0.416100105235545
-0.0135868336887025 0.0159019125132803 -0.477995908613974 -0.61466330934921
-0.0107161470619527 0.0159185210807228 -0.8321795507464 0.130866369841171
0.0150212292900118 0.0122561426497528 -0.157397727927933 0.662283927484577
0.0255380178689184 0.0147501815271347 0.34036569316486 0.360902963973569
0.019912428579929 0.00940010899637767 0.338256859794692 -0.0136530951219052
0.00207260793255914 -5.31665324203781E-05 0.125181481298588 -0.211310354242901
-0.0050842453146726 0.00921514961466643 -0.114831022019405 0.129176936292501
0.0115264858935423 0.0244213212630255 -0.220224315757436 -0.0389253084048157
0.00743814113661059 0.0212348639485357 -0.195813950381652 -0.357657162166065
-0.00666962307601727 0.0034160457392076 0.262702038319243 -0.501410811507005
-0.0208106179963648 -0.00829579885914663 0.717780745595841 0.0441613272261838
-0.00374411366826846 -0.0126318988444691 0.376204444175854 0.658995688804576
0.00152499356650974 -0.00187815362151479 -0.153416445358976 0.511827181397831
0.00490799666266406 -0.00782657299350903 0.0224887023843462 0.0620687907933977
0.000225583659904363 -0.0106735800833593 0.170251173970361 -0.42016828660449
-0.013757990343822 0.00878104158314752 -0.469927170441589 -0.624690953923679
-0.0146852962140086 0.0159347193079536 -0.837363404019896 0.115839054924521
0.0164199515801332 0.0204146833454264 -0.172294888750778 0.652724187970242
0.0324643347752495 0.0248306003519056 0.33355126669123 0.363614208817544
0.0279485395508728 0.0124827948994477 0.335195009478915 -0.00636959913026051
0.00750638995693436 -0.00162745333683224 0.117864902426784 -0.206090647972584
-0.0004893649766918 0.00888173560682058 -0.122172815337285 0.133612685588928
0.0149700234634229 0.0252566811384138 -0.227321238624704 -0.0304577646537049
0.00963031579197225 0.0287803811060066 -0.210634322165605 -0.354085114012401
-0.00720369798671893 0.00944347106530563 0.23867423277792 -0.520734079399679
-0.0212724778790654 -0.00954448975036092 0.714313032786967 0.00792756405327086
-0.0026363317119488 -0.0161157717289344 0.400987527272168 0.635791231681972
0.00161562856650517 -0.0019927363884956 -0.13545484549887 0.509887886814214
0.00302438542884322 -0.00715546585371766 0.0278171069834869 0.0616737153090824
0.0012419140849612 -0.0120955002677855 0.184277040115479 -0.420589989575436
-0.0116447351964415 0.00441659831095155 -0.448276842204932 -0.647748526423009
-0.0164959353070334 0.0143352496145788 -0.849423112161614 0.0788358799819503
0.0157403820962578 0.0269399745857064 -0.202200168166683 0.640029880776883
0.0352155922408071 0.0335235397160675 0.318756550718017 0.372029853305604
0.0305470237476449 0.0144499146192703 0.331803356425571 0.0057222140397342
0.0127113996152179 -0.00309455365013908 0.111379995384546 -0.199509290062897
-0.0226545285306767 0.00791861115563922 -0.0987854218111025 0.132463206500248
-0.0246160203982365 -0.00332579548215347 -0.236683500617743 -0.0332265366927869
-0.0273530028427597 -0.0260076367584721 -0.25607284303291 -0.31590441841101
0.00216013130247355 -0.0321706394664836 0.161850560840087 -0.521542008015279
0.0150017382944842 -0.00161673732329192 0.697369705511354 -0.104098339115947
0.00530289289266097 0.017881856491176 0.471165966626175 0.549920873161101
-0.0205868862312353 0.0149238884627424 -0.0991361871969933 0.50597638177052
-0.0217878062199841 -0.00237552087152596 0.0131758791460793 0.0663054622794493
-0.0238865746994422 0.0054768238849947 0.222524746989096 -0.397441657941818
-0.00444009722135982 0.0392601830712204 -0.342504628757036 -0.715692317701237
0.0246249126651413 0.0173848762439707 -0.846404480987826 -0.0585044378054919
0.0194257233041223 -0.0148394985859824 -0.29744265839692 0.616336279624484
-0.0138790910950323 -0.0247037690749793 0.252525126673554 0.412956269572483
-0.0192628186104799 -0.0171046126693909 0.320749445688744 0.0210975469180001
-0.0096020541445509 -0.000759104436616131 0.136962097600347 -0.204887169048204
-0.0234870638518362 0.0078973730938592 -0.0952348514286677 0.127705967007416
-0.0209871335523949 -0.00154675953294973 -0.227811597022195 -0.0423270754724514
-0.0217679676183486 -0.0261295419620457 -0.236498497361395 -0.326737242164559
0.00329679525690818 -0.0316206944438455 0.198585142435966 -0.508240198699139
0.0105584115352638 -0.000644587077503318 0.710339261932281 -0.0520949736260805
0.00171080956440366 0.0170428866049776 0.440219051521631 0.583550196271411
-0.0189360960881554 0.0123310034896596 -0.122048260556638 0.51011532104009
-0.0167810618321174 -0.00302417008672708 0.0100746810937475 0.0666217455926
-0.0204145987087807 0.00487282271197074 0.202529565633798 -0.400001401993052
-0.00573201171331539 0.0388684311569245 -0.380388580918214 -0.686612292513671
0.0205920892224105 0.0165227249331204 -0.840195596803809 -0.00168897689543528
0.0168956038199667 -0.0147977022465499 -0.25496003539235 0.635763130583611
-0.0101353603322768 -0.0225382927785972 0.277928057811029 0.400362342467527
-0.0151338853622034 -0.0130230195556923 0.327849836832834 0.00837947231547358
-0.0111952938401115 0.000476731374800842 0.139107078749588 -0.209760553385853
-0.0229025857302971 0.00756304973809653 -0.0935118956376118 0.124129294848031
-0.0151495387116414 0.0015313063764681 -0.222029634049843 -0.0476581402036624
-0.0144165627322149 -0.0219912977244259 -0.214691635892681 -0.336805229753329
0.00303872488457926 -0.0284700128681093 0.231228814582657 -0.493158770383863
0.00460810922471654 -0.000864191559648722 0.71661497088503 -0.00685736398958423
-0.000759482981564835 0.0128020310463817 0.407504948014145 0.619719210295776
-0.0147233337507358 0.00963241165137994 -0.143190713550047 0.50926768667395
-0.0111996244861077 -0.00397146569862913 0.00880485491534897 0.0670310173526399
-0.0163274753497466 0.00341003021329757 0.184750493776138 -0.404200339500439
-0.00829079291536978 0.0358493621186234 -0.415408193564498 -0.65543751560332
0.0119182496914312 0.0159263134574905 -0.831794864018944 0.053851024256785
0.0140870996246344 -0.012583630116733 -0.213562450687675 0.649887228628165
-0.00385379820514099 -0.0166788362364334 0.302153600652042 0.384464574069112
-0.00884563697218195 -0.00613289253270221 0.332622561313467 -0.00408479275846209
-0.0106799461016056 0.00123276333307149 0.140228497591488 -0.213026587626766
-0.0198490260133177 0.00898373527373066 -0.0953316022570391 0.123114035322382
-0.00767132632518154 0.00781451106349228 -0.215896359079659 -0.0501302592335628
-0.00708816008909814 -0.0136704073144463 -0.200328229910015 -0.34409999582875
0.000447746042547403 -0.0217112555862836 0.254609894690819 -0.482060142423533
-0.00306352756544173 -0.0022026421102211 0.718197824920984 0.0348001582494732
-0.00359951874786138 0.00617689045649917 0.381814139781382 0.641922893174259
-0.0109475938086912 0.00584180857727517 -0.159569632424512 0.510672406878798
-0.00499789023967825 -0.0057312045599532 0.00881936825802591 0.0665631527351816
-0.0120748405206927 -0.000871656816564478 0.170330626896359 -0.405350465015276
-0.0104476495034894 0.030315789225866 -0.444314974349352 -0.627714951889606
0.00400577529273242 0.0151440542722843 -0.827376765845265 0.0945236410254561
0.0137572057847362 -0.00551641506392576 -0.181361467246762 0.656338822129499
0.00481110337803574 -0.00652033595395956 0.319908915507983 0.372595997540215
0.00134375256816829 -0.00113504518656796 0.335520586012068 -0.0121065838900804
-0.00833443929556503 0.00163220606229366 0.136869357122315 -0.213919102044768
-0.0156368527109355 0.00983836695250977 -0.100175392016909 0.122950344918313
-0.000557721861121128 0.014208338247927 -0.213237875691726 -0.0499737785853325
-0.000523720403950389 -0.00202627263697982 -0.189245024940295 -0.350499464201201
-0.00250378360562058 -0.0128974569808666 0.269401979120187 -0.478908481107655
-0.0109568336459831 -0.00366984453267123 0.71697510869197 0.0591424720002491
-0.00424006854684509 -0.000761281448311803 0.363359398193794 0.6581784935779
-0.00522011643782422 0.00218210202267037 -0.165546837293305 0.508100804813991
0.000280204053012492 -0.00700132734181209 0.0110179090544436 0.0648190418366043
-0.00664558290777626 -0.00450198207891867 0.161325382575283 -0.408822544864468
-0.0116266469544443 0.0228553792807631 -0.462924299259116 -0.612378353715176
-0.00383408056201583 0.0156226795355917 -0.821180461166934 0.122174176964787
0.0141728062460279 0.00289193296469165 -0.161649496671951 0.658523376625059
0.015782520569414 0.00360950841904339 0.331166862379774 0.362304075285271
0.0104767335123536 0.00475690589169657 0.336519003160243 -0.0148399908235416
-0.00321724827092141 0.00109467508017738 0.132562077714326 -0.212476416334328
-0.00987790219067866 0.00958285959328214 -0.106531214765566 0.125283868288925
0.00692610871265634 0.0195941875050871 -0.213882528847373 -0.0455530775635767
0.00438899433040974 0.0104549751436453 -0.187296044338402 -0.353710444779978
-0.00555645663267775 -0.00484834213344565 0.272248256219117 -0.483802683668448
-0.0167799122557736 -0.00656580320476218 0.714167901103104 0.0607878696570788
-0.00406987857533419 -0.00697172908174283 0.358104743459479 0.661233178329324
-0.000767123388440275 -0.000629345410391956 -0.165518925829594 0.505187189819678
0.00337670735374639 -0.00667155032024307 0.0161004693560712 0.0635384914809329
-0.00306498117589519 -0.00851975694073508 0.16313954232563 -0.411469316376327
-0.0133993322009041 0.014686914447515 -0.4681125656346 -0.610398060946725
-0.0106500692984355 0.0160078187463176 -0.82414340697725 0.127929688473362
0.0150196776520027 0.0110691666640059 -0.158322887351046 0.655454394505819
0.0249590143130441 0.0149472755666989 0.336122528990919 0.358830370648792
0.0202861948479146 0.0088434139226252 0.334795829627637 -0.0136071208395562
0.00247015834743172 -0.000385179472215299 0.125503427049402 -0.208970857678016
-0.00518922368762652 0.00969486948663247 -0.115157101368228 0.128204101519101
0.011320256928278 0.0239716956503834 -0.219907760760898 -0.0391341704378102
0.00759646601807928 0.0215308371069278 -0.192390832978839 -0.354617976849358
-0.00678515068165177 0.00351342701407514 0.261808906099179 -0.495217084215621
-0.0210331856090824 -0.00832332687559119 0.711028786419195 0.046204636376758
-0.00398711819856929 -0.0130735207888593 0.372005880718004 0.651501729134265
0.00156241532593047 -0.00177782211665439 -0.153451018798588 0.504747878390004
0.00447789597667462 -0.00721353118273948 0.0224816850766532 0.061792753372365
0.000463153651803462 -0.0107681203255345 0.169819816119662 -0.41430117240238
-0.0130163641533301 0.00900075708058414 -0.460759270168107 -0.618617215704674
-0.0147663002737484 0.0153673174058598 -0.830474369201626 0.11327246832633
0.015481885690522 0.0206457020920695 -0.172467060872745 0.644440179547477
0.0315048819045228 0.0247486690978045 0.331710928297627 0.361460846426511
0.028043868768517 0.0130644204040496 0.332435461394625 -0.00613404940748606
0.00792005930308521 -0.00189149371078382 0.116924030995175 -0.203399611341094
0.000702557209063496 0.0093315455915652 -0.122450255673128 0.13307626074701
0.0144191445126396 0.0249006285016252 -0.225656776207977 -0.0307669864828047
0.0103331530264148 0.0274562300070608 -0.207558581664631 -0.351061979916386
-0.00676221410023512 0.00886849341844402 0.238640590427751 -0.512829055575838
-0.0211224708964693 -0.00908519200801191 0.707194172110908 0.0104375518363128
-0.00273797535877995 -0.0163343063444828 0.393599653111859 0.630832452503905
0.00205540814080146 -0.00208331209106156 -0.134610105209097 0.503805336917735
0.00350573695740963 -0.00627890546309358 0.0271732963746469 0.0609803947255237
0.00173640653364534 -0.0116787185708023 0.18466956885225 -0.416508508856127
-0.0113354693639574 0.00411425939090668 -0.441575886844406 -0.644126907897572
-0.0160613231159075 0.0142847466341214 -0.84093787971638 0.07764106698191
0.0160727066988476 0.0269971859719525 -0.202181406964736 0.63384623225916
0.0342932188906503 0.0334272892434598 0.316513818820545 0.368768532269093
0.0309482982638362 0.0144108500006165 0.32960346590622 0.00506150445278475
0.0121163497745543 -0.0029260879577227 0.110660449866069 -0.196946922744389
-0.0222295586117319 0.00796583255162232 -0.100680116584605 0.131714023326323
-0.0240609801481784 -0.00322678989864603 -0.235491594252855 -0.0333799997744073
-0.0267072846847587 -0.0262614621518324 -0.254023772990124 -0.314699841238643
0.00258539357856713 -0.0318237153647029 0.163715102271919 -0.516787992011867
0.0154226656373147 -0.00118548718407944 0.693607913693888 -0.0984165576214118
0.00502865991282719 0.0171118498586429 0.462952565180309 0.547056404487178
-0.0206426130076718 0.0150838879532445 -0.101172663423857 0.501306877067309
-0.0228966854086831 -0.00207937445463136 0.0135606266406029 0.0654608911937578
-0.0231652732014648 0.00549828806882625 0.222838976882287 -0.392901538775672
-0.00460119709461095 0.0384467511221184 -0.335863957695299 -0.709423249351842
0.0254300702773452 0.0173279038132721 -0.836918042901143 -0.0616497378136187
0.019846841086537 -0.0153973774120075 -0.298506040379722 0.610714013271439
-0.0134672910363841 -0.0250304616236115 0.249336905191143 0.408545278440203
-0.0194899510811841 -0.0173436206956464 0.318680515848175 0.0235721359549993
-0.00999734841302331 -0.000916594543717247 0.137884505289594 -0.204001186691476
-0.0237736012616463 0.00806076072557447 -0.0964387009029595 0.126212688879698
-0.0204903925896634 -0.00152766651977208 -0.228073227659561 -0.0418637927144046
-0.0215724506599026 -0.026794862151029 -0.233975215940729 -0.325947658825362
0.00334632095835397 -0.0315029298876293 0.200153473412365 -0.504001885573793
0.0111950648118804 -0.00121090458649043 0.704040330008137 -0.0488200415842493
0.00197367486434181 0.0165113117211712 0.434837948345862 0.581112732952814
-0.018521131013836 0.012645121663377 -0.123906605867687 0.50485812064647
-0.0170771929061798 -0.00331102922241462 0.00870046349899257 0.0666242260447689
-0.0202508273429985 0.00437163420132862 0.201569467038088 -0.394610698607686
-0.00621576091239274 0.0392890781279484 -0.374246705416356 -0.681811338283823
0.0203049779576377 0.0159022939860818 -0.83168380485269 -0.00395978326924156
0.0159576205841132 -0.0151648054926915 -0.257494838228469 0.630281500433528
-0.0110934156815376 -0.022624826066837 0.273271933565825 0.397736519802362
-0.0160539577142799 -0.0134601497427021 0.324747096790022 0.00898632168217742
-0.0119049791410762 0.000611933339795897 0.140632613366304 -0.20783016836248
-0.0228524713107349 0.00846811165479761 -0.0947566723638589 0.123016614966742
-0.0151655528387737 0.00152462357050948 -0.21919587608325 -0.0487509185888089
-0.0147215998276102 -0.0213440946231508 -0.213243723322422 -0.334847734836263
0.00336985176718451 -0.0277017197221671 0.231908030693276 -0.489017899906545
0.00409848828187935 -0.00101787103018728 0.712310915929325 -0.00231551014021685
-0.000915494833628844 0.0127715930217568 0.40068773177975 0.615982124387136
-0.0151693750028684 0.00953881050302745 -0.144345641509743 0.505365246301638
-0.0110196661171643 -0.00460865793117013 0.00720940999251965 0.0666129869542377
-0.0164195384517601 0.00301126177475012 0.184861975082851 -0.398248541073889
-0.00748020958387204 0.0346965998843263 -0.408839826440896 -0.650802912457946
0.0124147744772067 0.0153073213765682 -0.827760097651039 0.0507342182785199
0.0144464719134203 -0.0122288543524961 -0.214808649408395 0.644787252101901
-0.00400555971900306 -0.0164384456528488 0.297194959403103 0.383524980874553
-0.00964353544474179 -0.00698011595764827 0.330197982960961 -0.00194104690304456
-0.0112272798939717 0.00133951039965484 0.141226859973058 -0.210277775280532
-0.019889147773106 0.00896329531319697 -0.0971103201502904 0.122842573849462
-0.00820748463550547 0.00731409763242516 -0.214849563248579 -0.050613565016064
-0.0071172659540386 -0.0132611041314995 -0.19732676590359 -0.342815594778322
0.000590101605044713 -0.0213645455785639 0.255952576926285 -0.478478654915273
-0.00315787786528339 -0.00202632531298897 0.712938462386979 0.0382184974815289
-0.00297850034340488 0.00595879573909151 0.373546498230753 0.639277192509079
-0.0109526736543389 0.00499767414840586 -0.16056371315667 0.5048320065025
-0.00526361398836125 -0.00589373496892071 0.00752696496484447 0.0653084382472156
-0.0115457692861738 -0.000988583337824662 0.171664922818067 -0.400515275926983
-0.00993409903183279 0.028603882467659 -0.43714168727698 -0.626206902550943
0.00386665589430185 0.0153934414819421 -0.818967268407542 0.089816493941756
0.0144616964036064 -0.00631594953643996 -0.184014296725518 0.652560757781094
0.00488631496970109 -0.00646531356498537 0.31622098350414 0.3707134415888
-0.000391014446103951 -0.00124893281922878 0.332274477129658 -0.0104505208213081
-0.00808774236814066 0.00154256298337906 0.137291222364082 -0.211723653906384
-0.0154945464781777 0.0095143812980171 -0.101161622883032 0.123098792881821
-0.000345037777604762 0.0136297256710379 -0.212295881333939 -0.0489014301419501
-0.000504678047117604 -0.00181392730232499 -0.186144908043461 -0.348233653118191
-0.00172523852994821 -0.0131728375549735 0.270659091672624 -0.474629583020806
-0.0106180242632286 -0.00409501958712705 0.712612902862711 0.0616672290029495
-0.00364137281607428 -0.000438436991531881 0.358368325773504 0.653801623174211
-0.00519721133456472 0.00205884152317489 -0.1686150779189 0.502813146998525
0.000198687849793133 -0.00676882080187038 0.0100900444272366 0.0640052241380716
-0.00623757768934364 -0.00515019892827435 0.162928854486778 -0.404115992387869
-0.0111681720309397 0.0224903378264149 -0.455945194516672 -0.610197042405761
-0.00413338969909843 0.0154499139797858 -0.816214998939246 0.118227010777691
0.0136857325955546 0.00275802928328663 -0.163313359637232 0.651024158046003
0.0161715802609266 0.00335252868412029 0.329315124074572 0.361609862717813
0.0105037335908897 0.00482280609648988 0.334032725132222 -0.0137028499333412
-0.00381480334646703 0.00194986771341688 0.133138532263782 -0.21206517504391
-0.00998714128038317 0.0101298777403917 -0.108128433723193 0.124673183588169
0.00609550335169134 0.0195972493423088 -0.213330325504479 -0.0463079997838868
0.0038093467608087 0.0100941934296079 -0.184801659466291 -0.352304888576384
-0.00567412739669878 -0.00476653302768807 0.272959886701215 -0.479284035172118
-0.0173416739362521 -0.00675762969582083 0.709892559438726 0.0642253674113561
-0.0045639556810355 -0.00767598896906261 0.35177898449189 0.657664136408129
-0.00111014711583169 -0.000663270385978493 -0.166166367641551 0.501410983993919
0.00391651850128928 -0.00733150645271019 0.0150657104151128 0.0633314966223198
-0.00298833835682803 -0.00865605761921572 0.164622595035369 -0.406046649839183
-0.0128866468258983 0.0153162589833874 -0.461761301080887 -0.606616909023933
-0.010194251553479 0.01605960262136 -0.817516275351354 0.12364204883334
0.0154173498203662 0.0115012561228393 -0.160133565890667 0.649210502577762
0.0249632905752787 0.0146405951270063 0.332216383510121 0.357398514768407
0.020109034121521 0.00915193383560348 0.332884373262921 -0.0116545153803372
0.0016309245389814 -0.00017865396512546 0.125392604227329 -0.207493295098871
-0.00429075523707989 0.0104580304386569 -0.116068683775579 0.127787927852443
0.0105484274402661 0.0241196023841079 -0.217167175139508 -0.03972500594434
0.00722643701153689 0.0206138059196673 -0.190346989463552 -0.352745998306714
-0.00675396510944714 0.00301889437035696 0.26236347901874 -0.490743207366089
-0.0205304356864468 -0.00890047264670195 0.706434702383299 0.0490630157997162
-0.00315150915012127 -0.0124917882295974 0.363471366684065 0.648977177592962
0.0018669840176384 -0.00202761035173043 -0.155938737046367 0.498151708289453
0.00457219548989519 -0.00780795732718404 0.0213301198960279 0.0621301617422655
-4.27606889581767E-05 -0.0112101831499752 0.171478464273402 -0.410124066671496
-0.0120822525939149 0.00870583317423418 -0.452718071805587 -0.615894383902396
-0.0150535761424342 0.0148919361855637 -0.825692321404591 0.108193681894219
0.0159846591962609 0.0207948151782934 -0.176109304390945 0.639775114594138
0.0313185681915295 0.0247911240624396 0.327257083357104 0.360162266921802
0.0267832543976027 0.0128719262088248 0.331134109102503 -0.0040538318816912
0.00719860511955523 -0.00173801898144177 0.119469082844791 -0.202490091830178
0.000215798789254976 0.00971493362863016 -0.123655399165205 0.131955790099831
0.0146341959830054 0.0250670926111373 -0.224701057658821 -0.0302952597321927
0.00962199634628696 0.0281780741683615 -0.204546225553297 -0.34985021897902
-0.00725445099040882 0.00912685932525174 0.239351855647666 -0.506802533166778
-0.0207383173118845 -0.0090569297901533 0.70149312917846 0.0116110170787465
-0.00253179559640286 -0.0163780502535714 0.386333421296293 0.627270255880988
0.00159455706954167 -0.00269561534633452 -0.13674064140105 0.497585219123195
0.00364622146055366 -0.00725852647317374 0.0259155903735806 0.0612988599878085
0.00151064557247014 -0.011243980964653 0.187026690153977 -0.411870206832771
-0.0111280020840366 0.00413094133371497 -0.435153130454427 -0.639352819423062
-0.0166172434947278 0.0140054695770912 -0.837109100601443 0.0715128164528481
0.0166576642384959 0.0268369426841186 -0.203842875055539 0.625916766113435
0.0338301296342816 0.032649587503749 0.312233467078602 0.367790556484205
0.0296398554899613 0.0146679774850498 0.32673411002796 0.00657512353439589
0.012092083468457 -0.00255047955474637 0.112457286638745 -0.196200732464356
-0.0226143008048357 0.00733314765055766 -0.102363592051102 0.130350200365624
-0.0237491387421127 -0.00367593634569117 -0.234719377655383 -0.0336053593751308
-0.0264502251787893 -0.0265188512909004 -0.250622250534682 -0.314721932828884
0.0027224114572743 -0.0313936593066218 0.164170405740623 -0.513978268547001
0.0148038188220977 -0.00159027727773673 0.689880041105765 -0.0939731097616413
0.00468404166451028 0.0169097560724347 0.457091049147711 0.548406020610765
-0.0212111227368598 0.0146896923378142 -0.102768058759832 0.497436812016524
-0.0224878926233012 -0.00292183949073211 0.0118176949170796 0.0659264269109593
-0.0225237673518005 0.00450590593999236 0.224053680821393 -0.388614825959591
-0.00452669749013781 0.0387852731881061 -0.327114752530666 -0.711081311464618
0.0245714372705748 0.0169937583889149 -0.832882599070818 -0.0679384285708615
0.019619614733589 -0.0145806722281694 -0.301801879850604 0.607038106769477
-0.0128133239281189 -0.0254147622441077 0.244278582299936 0.409535742224439
-0.0194192994669529 -0.01755853371632 0.316154386337671 0.024774839325541
-0.00900834586824225 -0.00132676808544426 0.137973034913005 -0.201059656211745
-0.0234030279925993 0.00866843142127457 -0.0988467017195658 0.126473766746273
-0.0198207020036205 -0.00214603889557717 -0.22658780508841 -0.043646136704883
-0.0209310309930161 -0.0273106018374955 -0.23017061683528 -0.32492493222051
0.00390082038037438 -0.0316840141618057 0.201726180743903 -0.49932766396805
0.0114798990467 -0.000315256124784081 0.700617868514945 -0.0440007161980232
0.00185772226001507 0.0167251281291559 0.427398743679384 0.579629766839414
-0.0187869654245196 0.0116286213263312 -0.127220503239515 0.499443015701782
-0.0171683093086014 -0.0035803947302666 0.0077576769073697 0.0663068207249496
-0.0201926176550464 0.00372181174260361 0.204694308375074 -0.392244743689325
-0.00610165689540091 0.0385158215806676 -0.36600066429394 -0.680124780931614
0.0200068965513205 0.0167142275064987 -0.830514116782086 -0.0102800399260544
0.01692795011502 -0.0152119591351733 -0.261206002715189 0.626069334315832
-0.00986385273232481 -0.0226864663061983 0.268997485349014 0.39630021444057
-0.0156759172651068 -0.0127783271300429 0.322975554165063 0.01209361114562
-0.0114759405246772 0.000925901621404831 0.141502383626725 -0.205581969403824
-0.0227659866204803 0.00786418782859831 -0.0972177796977748 0.123265099440569
-0.0147630830318923 0.0022470397596181 -0.220115698440089 -0.0491763485603341
-0.0139008613158351 -0.0224484804584537 -0.210090284931963 -0.334533201318826
0.00290947441496442 -0.0272710941075604 0.232411076062031 -0.484813227214559
0.00418278480045452 -0.000111955880430179 0.707363883248871 0.00301241252293163
-0.00112004333885308 0.0119728844335645 0.39472086055409 0.611688806405894
-0.0148685781024859 0.00884714137603221 -0.146700430987498 0.500566876938866
-0.0110570990323782 -0.00472729784011526 0.00681984476089158 0.0660642278230122
-0.0161545748622719 0.00253018451815177 0.188233351259451 -0.395289619442178
-0.00811896806666453 0.0346442865429197 -0.402350416851237 -0.651845130378809
0.0124887255477802 0.0159318800343858 -0.821742442484712 0.0427404052297767
0.0144792316641548 -0.0121895527585695 -0.218928333660532 0.639889530481902
-0.00358408479006223 -0.0161870391006492 0.293751896244241 0.382361721009021
-0.00892575730879815 -0.00675955958846054 0.327980536527411 -0.000478583965127411
-0.010827916884049 0.00142491991081062 0.142082077831367 -0.209312820779456
-0.0187722859674504 0.00844046434150824 -0.0982807416144209 0.121757450862122
-0.00813310263118589 0.00717281754988127 -0.213654693802632 -0.0521536840144137
-0.00600547098648711 -0.0137301138578231 -0.19541611179572 -0.341431965924974
0.00175680032142289 -0.0211128992194219 0.257901936809814 -0.473237621377696
-0.00333798294346658 -0.00180540720176874 0.709653845185507 0.0424654662172926
-0.00366298195319586 0.00575637404156887 0.367981950778084 0.638018987857577
-0.0102358551978109 0.00573754321046 -0.165914662046013 0.499513368053176
-0.00498077458549205 -0.0058696249758376 0.00640870715249672 0.0651985401594115
-0.0117182356311732 -0.00141691658620973 0.174683866059531 -0.396065020287475
-0.00983563708066092 0.0293789478610974 -0.427513976005897 -0.624644540426526
0.0039902446908675 0.0164500455872876 -0.815769363277627 0.0823144320444861
0.0136817548515021 -0.0053588379412329 -0.186383784666985 0.646384853666306
0.00586582460620764 -0.00752497526135277 0.311304405231354 0.370668545301255
0.000340231465758444 -0.00116328768990095 0.332175747658169 -0.00787422018371343
-0.00860764159238772 0.00172594948638578 0.138730008187068 -0.210903285808194
-0.015208872055606 0.0099160646751708 -0.101855197325252 0.122380084499424
-0.000409581761208679 0.0135574989355642 -0.21093216810896 -0.049841005332445
-0.000229998381626109 -0.00201980086605183 -0.183584968344091 -0.347321225659085
-0.00142095079066104 -0.0130883250467155 0.272855085837285 -0.469946135350678
-0.0103465194807071 -0.00438393927799481 0.70907931606182 0.0653593281565567
-0.00398923384873771 -0.000449829880460575 0.349860307796186 0.650677510124684
-0.0062157179183455 0.00193287132694598 -0.171286530993461 0.49842490196455
0.000460518652133093 -0.00658688588831992 0.00979902071269409 0.0641402398250192
-0.00721661587200869 -0.00544635259239592 0.167132205301957 -0.401869706925993
-0.0115242082968306 0.0229941680890765 -0.448775374990921 -0.610258429484597
-0.00416810658679744 0.0156071925689117 -0.811947571757023 0.111359662440319
0.0134632418577918 0.00209710547289886 -0.166679875706253 0.647133094396254
0.0152358864735731 0.00399775232007129 0.324370327403163 0.361645846845387
0.0103621135713564 0.00426314860475986 0.333096325711275 -0.011890398247044
-0.00429747649481658 0.000431896783788098 0.134119923155376 -0.208904002021377
-0.0098435941796898 0.0106192981572404 -0.109928671811053 0.123454136302074
0.00591153341717587 0.0197209794193459 -0.212711638279824 -0.045810842209566
0.00424865072536184 0.00985605131632637 -0.181359772608059 -0.352009036045443
-0.00414344714437761 -0.00435286639060757 0.275701731996968 -0.474585595940822
-0.0170070427097939 -0.00726365089012686 0.704374983090695 0.0693678603004355
-0.00390400736033502 -0.00780960373855066 0.345912250878138 0.656186983966757
-0.0015455980682833 -0.000177124872648388 -0.168186935219606 0.495550657937287
0.0032531217503178 -0.00762052521365523 0.0145292347758807 0.0635277122679364
-0.00308342654969038 -0.00850164943234849 0.167603591195281 -0.400738384031844
-0.0128623460769481 0.0147369988138526 -0.455411905587254 -0.604988545602592
-0.0107365234205824 0.0151656171826931 -0.81498022371412 0.118195066985483
0.0151756422140898 0.01163458972798 -0.163189466556957 0.644084894370928
0.0253359291086023 0.0148621251100129 0.32741529110017 0.357472526124683
0.0201279686986328 0.00941116446499116 0.331755745347821 -0.00990068132991777
0.000951221669317508 0.000163927967498624 0.128495556595574 -0.206502547675665
-0.0041276791809594 0.0109942179981912 -0.117306974615879 0.127011741483315
0.0109347746899202 0.0234773152949657 -0.216738806962801 -0.039803316063381
0.00787751048883303 0.0206194345079171 -0.186959539662937 -0.351674706644644
-0.00628621517486754 0.00312117807769501 0.264472509190304 -0.485879276438111
-0.0199204302691744 -0.0082758359674157 0.70186612766556 0.0539520591574719
-0.00310961433693154 -0.01317187652263 0.357502217561175 0.64612809762191
0.00129959677139278 -0.00202689053983416 -0.159187212304505 0.495214396105018
0.00545696532068116 -0.00752895589190036 0.0197734675018939 0.0619736844097587
-6.39135363873847E-05 -0.0111124868042507 0.173840571277217 -0.406353839629318
-0.0126760489794693 0.00851916862933088 -0.44702283602568 -0.615516305708245
-0.0152012974294502 0.0152744814236051 -0.820913665671069 0.10242103401688
0.0156849513386157 0.0199093295851089 -0.176928345780225 0.634478131169824
0.0321415561246324 0.0244888536200437 0.322739818852247 0.359464456015077
0.026689138948549 0.0130458583947465 0.328546492946312 -0.00188186103325851
0.00755812499051447 -0.00183619435972558 0.121153715169446 -0.201125630000187
-0.000427206586493223 0.0101555389600314 -0.125101042921953 0.131512291288693
0.0142439284386809 0.0256937270311672 -0.224280616991739 -0.0325329969651925
0.00978555846134356 0.0270883533405581 -0.202367741325792 -0.348460241730055
-0.00625514451809079 0.00943938090321906 0.240033780100749 -0.503748827681935
-0.0208700702214443 -0.00899482248473097 0.69736045076291 0.0163349774092696
-0.00211371097724824 -0.0166640222844925 0.379986660248516 0.627687781714282
0.00181514741552413 -0.00190219666576558 -0.14152589376581 0.494320992010321
0.00266831302520057 -0.0069892952468038 0.0257755934214686 0.0604297618262569
0.0013695752434137 -0.0120569257490835 0.18894165618091 -0.407112370586833
-0.0111596269558747 0.00311432609837031 -0.426996588412023 -0.639593090392312
-0.0163899733464898 0.0140445759909501 -0.832256501152443 0.0655086394282181
0.0154296760691685 0.0265110081663437 -0.207765722489663 0.620845027576208
0.0338877513443741 0.0333250629032868 0.308923377182288 0.367748326207481
0.0300537072132262 0.0148543428680637 0.325049464940635 0.00892476261354758
0.0115993005698333 -0.00285131310530207 0.113822131515659 -0.195069024006264
-0.0218234301713948 0.00874485836017233 -0.104475338341919 0.130340262765364
-0.0234574487813815 -0.00345721755915113 -0.234091275004774 -0.0357316903127728
-0.0256738509885452 -0.0270557275554357 -0.247982457863664 -0.316144837183837
0.00291771705795134 -0.0311281597578493 0.169311510733765 -0.509750473919302
0.0152607261564585 -0.0014349969098171 0.687267090871151 -0.0886417871952057
0.00445673099114603 0.0165538770906855 0.451304708365394 0.549508214639991
-0.0209361652330691 0.0139964283988303 -0.107216298504475 0.493766696449489
-0.0221608289581384 -0.00364134476853007 0.0101133676397129 0.0654182615986876
-0.022446923548575 0.00511098451670476 0.226120137818894 -0.38517970261224
-0.00489842872984653 0.0378400238067581 -0.320449252070645 -0.709460941033584
0.0242397991173076 0.0180038062629758 -0.828236661944237 -0.0744954718720347
0.0201884426053254 -0.0141139479994514 -0.305195795712031 0.600899974520915
-0.0116319836503272 -0.0255875038885221 0.240956539017606 0.410493864490263
-0.0184715063379122 -0.0175337479077033 0.314998801431203 0.0258884252668861
-0.00939573209619454 -0.00128557127503505 0.140660976763212 -0.200421746014121
-0.0229871414255195 0.00806953347889355 -0.0991617059748669 0.125415419222477
-0.0208069633583753 -0.00192771032784573 -0.225854456323264 -0.0440300874852154
-0.0198477042045984 -0.0271061021200465 -0.228002328715548 -0.325336594323076
0.0040435637110954 -0.0312215248813419 0.203864072562633 -0.497890882411147
0.0113033124818311 -0.000327154825299655 0.699301857999517 -0.0398993088821031
0.00214443444832753 0.0159419589581387 0.420777282597191 0.581919306419624
-0.0190858422503182 0.0122147795188109 -0.130798602814609 0.495941476625579
-0.0172134628646701 -0.00459701156602634 0.00678965762288441 0.0662096520914126
-0.019800882772852 0.00412316959685422 0.207850045461587 -0.387832017092832
-0.00569972198394101 0.0376455465757818 -0.359592955099329 -0.681215000357741
0.020170444781931 0.0170168706448635 -0.826603637785256 -0.0158693791021919
0.0167025486872238 -0.0147957002186018 -0.265299905082035 0.620570563646664
-0.00943599515282032 -0.0230028246472716 0.265427186562017 0.399298460595987
-0.0157838237515884 -0.0132057720681435 0.321969928679938 0.0134822497997317
-0.011260903480012 7.91155276509961E-05 0.143808685231261 -0.205162070265391
-0.0225521505794161 0.00878751109817905 -0.0986472118279802 0.123055502967937
-0.0145437908297863 0.00206402104676248 -0.219751434528018 -0.0510551828468161
-0.0132470764532849 -0.0231379692636876 -0.20727746822847 -0.334849612601889
0.00367409380995583 -0.0272846874537581 0.236275789535792 -0.482656708420491
0.00397875451765923 -0.000827255784070601 0.705276127045739 0.00853236379549794
-0.00110915294105587 0.0117020888880129 0.38765665973913 0.614847277959219
-0.0148570922107457 0.00863668780740773 -0.151341844257292 0.497182992791733
-0.0105448600411405 -0.00467099373435468 0.00581449385241789 0.0662992897140801
-0.0157426870464845 0.00192696460903936 0.190710322046982 -0.391388058194346
-0.00733872018383293 0.0340578780116492 -0.393594589558524 -0.651925596501749
0.011971563072607 0.0164833123419383 -0.819149175083284 0.0382029929083475
0.0148595051948911 -0.0123142710231991 -0.221785363910888 0.635471093483583
-0.00352678699007078 -0.0172102067876014 0.290406028014521 0.38392043243446
-0.00927200099968714 -0.00711358205077261 0.327915714297939 0.00124263904845316
-0.0115230500960001 0.00104201091183165 0.144112553714128 -0.207987598168052
-0.0197145494891149 0.00949953597855283 -0.100818551649116 0.121547252874322
-0.00716583484539449 0.00729008705686327 -0.213445055254281 -0.0521333614323331
-0.00552155504839484 -0.0137584172565377 -0.191239767166913 -0.342143063697612
0.0014850453000833 -0.0208385514263648 0.261325763383154 -0.472754261723193
-0.0036919921873701 -0.00206164945357391 0.707751467406442 0.0466849657431259
-0.0032909979020617 0.00586112467107001 0.361639789548683 0.638496830213106
-0.0103145952446303 0.0056181919962638 -0.166636207078357 0.494987634947606
-0.00500854795592676 -0.0060283327180384 0.00550086644176486 0.0655204659072167
-0.0109453097605293 -0.00142516281243523 0.176274198450859 -0.39377597765354
-0.0106620694289712 0.028034144777497 -0.422746590441489 -0.624885842933756
0.00284107609453719 0.0161529765781496 -0.813135574055013 0.0793213052000413
0.0139184524552976 -0.00604530640156567 -0.190814980137435 0.642929768677035
0.00539152653447963 -0.00726813544825176 0.30761186340452 0.372600128311277
0.000204457029053655 -7.66725566665634E-05 0.330677065485276 -0.00546301766245019
-0.00862703429708873 0.00139262587930054 0.141568041933228 -0.209349391974756
-0.0157928755079767 0.0100460891253336 -0.103986958476045 0.121215248536046
-0.000793485170519798 0.013851398250104 -0.211855355665508 -0.0506825941601541
0.000779558595975541 -0.00222727196632204 -0.180428285336922 -0.347119878207773
-0.00137121860218508 -0.0134661052785153 0.274134193699034 -0.469142470894289
-0.0105342203045318 -0.00491798023391466 0.705030924216655 0.0704728780558847
-0.00377069316300327 -0.000784678408639376 0.343411147441801 0.652509502740083
-0.00561770543336027 0.00202554103128861 -0.174238334755454 0.495339563408472
0.000256817462961467 -0.00654776762647636 0.00870570360370367 0.0643299919460444
-0.00677121968680232 -0.00487693512554595 0.170061903820909 -0.397528367908715
-0.0107145650069178 0.0215797230934278 -0.441742185026799 -0.610873929603183
-0.0039862348951416 0.0155700654723344 -0.810777956509913 0.10473119147682
0.0136582412786952 0.00296956486425201 -0.170477184151351 0.644066743618761
0.0161514349162825 0.00316643472594097 0.321308579399221 0.36363737050555
0.0100447884731104 0.00427333186572406 0.331859511141489 -0.00974376176833834
-0.00388108077434751 0.000694942933537232 0.13566288708752 -0.208133692562298
-0.00977168799343608 0.0108350978432738 -0.112250117412192 0.122822322720381
0.00546056841415009 0.0197427046722231 -0.21228962372384 -0.0474988912711629
0.00520951253875967 0.0100672355560441 -0.17804181795613 -0.351802854460091
-0.00444441099425183 -0.00467761828028894 0.277062804864451 -0.47076178956782
-0.017376839490791 -0.00685687634899421 0.703529877650765 0.0733577317073091
-0.00387345814743543 -0.00852808982925599 0.33864741287554 0.656385600969084
-0.00118827044642352 0.000255842474056283 -0.172144681257346 0.491606491353149
0.00409381531562185 -0.00752397586517926 0.0132667057770299 0.0626985441063571
-0.00302588117328576 -0.00889323225368718 0.169545852481919 -0.399302949301048
-0.0125691653219401 0.0149827340909068 -0.447008957729553 -0.607972738129765
-0.010906269560683 0.0153483430088902 -0.8133704455263 0.112681793393822
0.0147368116310012 0.0114599863666891 -0.16897411477306 0.640820143354473
0.0250461759327343 0.0148542106777119 0.324724801665038 0.359375060845504
0.0201206899660627 0.00943304410843111 0.331592050706675 -0.00762397972503825
0.00138384411700949 -0.000445846404547602 0.129593866245191 -0.204342961242461
-0.00431650770450875 0.0106873524429679 -0.119392658249296 0.12566656873366
0.0113334744710372 0.0243740037474892 -0.216501210802159 -0.0415499352048973
0.00794345038774001 0.0202654946105314 -0.18433388653666 -0.351710833107803
-0.00581514590932094 0.00345092339733061 0.267990142036915 -0.483370510828009
-0.0201995552213742 -0.00890712767766894 0.699726215701783 0.0591779790661739
-0.00303315488498764 -0.0136914944972797 0.349814740039713 0.647086643623605
0.00133179751500457 -0.00242414039124251 -0.161618394502666 0.490861690586595
0.00456607018828084 -0.00770973400869066 0.0188076408469534 0.0616346835890455
0.000328775110175082 -0.0107079012687169 0.177685107584005 -0.403378985691021
-0.0128336503230354 0.00763389976924618 -0.440825930851574 -0.616205630553534
-0.0148009839751547 0.0151418055503592 -0.818564088595718 0.0957642505185562
0.0158881552996155 0.019875926681047 -0.183352259503953 0.630244816207433
0.0313123074501468 0.0244439823171949 0.319484444454853 0.362107994610777
0.0271101367735026 0.0127547733866907 0.32829734359592 -0.000422687296133956
0.00652009148320492 -0.00194789145948148 0.121491762953456 -0.198888810445028
2.24926609063379E-05 0.0103023072152022 -0.126942168787276 0.130257199485249
0.013813207615359 0.0249775008451537 -0.223637912593777 -0.033029622661554
0.0100581140980148 0.0275229665242094 -0.199160700408632 -0.349681307796649
-0.00635466177620132 0.00878204113136747 0.24276311457944 -0.500516004502339
-0.0206855178043751 -0.00943171558214515 0.694115959478363 0.0224047790296551
-0.00199179102413948 -0.0168385615232059 0.37604518539478 0.62739322877489
0.000840777941305951 -0.0020846850922268 -0.143168867610955 0.489968605132673
0.00289302456151838 -0.00726728437565551 0.0243371102679683 0.0612233897198532
0.001390449096811 -0.0112669515597212 0.192008239428179 -0.404461565851272
-0.0100068113791771 0.00318447661434717 -0.419252624950937 -0.640765892293497
-0.0161323010437556 0.0133354597653848 -0.830634109477594 0.0589748243390356
0.015506962004168 0.0261706260911795 -0.210902965702408 0.618525154376662
0.0334889374433666 0.0330559105564923 0.303668468979169 0.368580383511147
0.0297856690091415 0.0157086406208843 0.323407068710222 0.0107147799964352
0.0115603508235935 -0.00284204570048898 0.115429529826062 -0.194222867279717
-0.0221103958518789 0.00898551034130029 -0.10648506733061 0.130668755087936
-0.0235487773108751 -0.00388103676381572 -0.235535244897867 -0.037204720954672
-0.0257457506390649 -0.0275748910326464 -0.246086241088312 -0.316874643043829
0.00351474246561911 -0.031408318985605 0.172242813987018 -0.509467781768887
0.014316034078289 -0.00110867866696535 0.68842261755829 -0.0845173990175934
0.00491639475930912 0.0162465483244698 0.445391054927289 0.550862899001067
-0.0205435853550411 0.0133737149768001 -0.11132253312995 0.491975445051452
-0.0223741961829784 -0.0035842762185216 0.00925231664573196 0.0655740536304622
-0.0218829475676636 0.0043220785367543 0.230570950271575 -0.381095222636703
-0.00421121783506276 0.0375247151754336 -0.31247058955732 -0.711566461295542
0.0244798827223312 0.0179693609149406 -0.828790153413265 -0.081053270992365
0.0199576784201192 -0.014331952611467 -0.310353298208674 0.599064808067228
-0.012548650119685 -0.0256828901230078 0.237036385007499 0.411032314812414
-0.0192085791196528 -0.0172065517634999 0.315217442507735 0.0285636065022601
-0.00930018048243852 -0.00195336151939211 0.142975499082724 -0.199186200119243
-0.0232894863426714 0.00878541148998775 -0.102170186966888 0.124961057793109
-0.0195335241306749 -0.00151068426570913 -0.226759433823463 -0.0452698720282813
-0.0197792779997304 -0.0272024134287994 -0.225115471079539 -0.326336236358584
0.00421546181215936 -0.0312523080793913 0.208718937933162 -0.494796531321153
0.0102391765747655 -0.000124320037480863 0.699058629143129 -0.0342637101005115
0.00214978277806982 0.0158254306733706 0.4151591122082 0.584285528854631
-0.0188386100467952 0.0118927185055974 -0.135933558749862 0.492908201918362
-0.017333578985834 -0.0044103031396052 0.0062306441577913 0.0665137873085511
-0.0197241498857854 0.00335165157100125 0.212076937772932 -0.385271779100128
-0.00551032451167574 0.0375098936715708 -0.353087445078795 -0.681458484565905
0.0192714571988964 0.0169550048644343 -0.824769765763419 -0.0233276470005065
0.016773874799964 -0.0152526891952769 -0.269472253940417 0.617535472528186
-0.00887707760377832 -0.0230573885233084 0.262157289141736 0.400391356031144
-0.0159153819751792 -0.0131788878618652 0.322033139144821 0.0154052758010415
-0.0116186632153358 0.000476029260927864 0.145568758407749 -0.20467955785034
-0.0223021639605427 0.00851159952091991 -0.100657513128653 0.121796176751693
-0.0146224512524602 0.00195341300176773 -0.218959168616532 -0.0506391835911439
-0.0124704210583187 -0.023388836848465 -0.203934704332758 -0.336715949500139
0.00398157402203637 -0.0280062293510142 0.238241584394913 -0.479197647539343
0.00446699201680327 -0.000275973688204365 0.705437571229812 0.0124164775885297
-0.00167290576581541 0.0115253175002205 0.383301729203898 0.615882933535875
-0.0160486028814333 0.00800801771223772 -0.155914177775399 0.493852040746041
-0.0110078945760351 -0.00491178997516399 0.00441374762132391 0.0661132905263777
-0.0159877863589291 0.0015719260883639 0.194268401966529 -0.389035623940859
-0.00718364649808258 0.0346827583301237 -0.388289482548274 -0.654302588026887
0.0119655164042311 0.0150254778053138 -0.818941647279777 0.0311089323747842
0.0147681329359969 -0.0119186314540705 -0.228689454215114 0.631742515852589
-0.00364358920805983 -0.0165933457201079 0.287258690895459 0.386085968653325
-0.00892520365295839 -0.00646992685427279 0.327251250487881 0.00398739474224317
-0.0114409903499222 0.000542327116020034 0.146129016628569 -0.20637076881466
-0.0198195794180114 0.00923684200071052 -0.102322498996892 0.120786762988169
-0.00806754986779869 0.00737649436746037 -0.214177671159 -0.0538655202573279
-0.00640855828668385 -0.0138337438400232 -0.189144260304897 -0.342723277169625
0.00228292637523038 -0.0212244804810802 0.26325696149096 -0.470157462348083
-0.00341117936878318 -0.00117973919284296 0.70482575649733 0.0524040182716161
-0.00348422551474285 0.00537048668734438 0.35499895399314 0.639871826226599
-0.0108031640517324 0.00492663231338406 -0.171488887098446 0.493524631819917
-0.00520003025807035 -0.00571022910973929 0.00439182244660018 0.0655617612713583
-0.0118352197666531 -0.00116528837467873 0.180661125837003 -0.391010057646954
-0.0101171275217345 0.0287454614471569 -0.414995027590089 -0.628779353500755
0.00347420309275471 0.0158422117695368 -0.813986357633306 0.0723447844316371
0.0140346389444852 -0.00592623547539282 -0.197146492767234 0.639559837879178
0.00617743809906872 -0.00708921918463659 0.305056851374407 0.371877141105924
-0.000118757378806839 -0.000777809589291027 0.33179660314731 -0.00290587279696986
-0.00767193128505387 0.000956623362739989 0.142261864586518 -0.208918072584636
-0.0151222045880506 0.0103308831668355 -0.106467269815064 0.120780287163697
-0.000965686504409374 0.0134734631897269 -0.212037187140078 -0.0526384298388235
3.04796560868402E-05 -0.0024203465664189 -0.178072356947419 -0.349254211599011
-0.00131305832613205 -0.0131750386826089 0.278236765913526 -0.465726798740567
-0.0109204366972712 -0.00513115254225181 0.70222309006122 0.0755816270918437
-0.00383448215959645 -0.00116029845425809 0.338097092339131 0.655017997667999
-0.005734308922614 0.00146487630965987 -0.178183167288212 0.490715869523714
0.000774285540172786 -0.00638679116856189 0.00754688041054971 0.0651976777737101
-0.00650280206572665 -0.00503113946510131 0.172639218179468 -0.395815006921142
-0.011855772765815 0.0219718665131633 -0.43646495003131 -0.614620466073631
-0.0043495918195746 0.0160046654104051 -0.810324292219203 0.100065842451031
0.0137846846728256 0.00274772660472078 -0.176497040505299 0.64176848629067
0.0152263930206221 0.00400349762419203 0.318898046543873 0.365265364024974
0.0100461653972946 0.00538506722420249 0.332435172351377 -0.00729754288036186
-0.00488132936205815 0.001098757939864 0.137916384621226 -0.206761031969378
-0.0104691548218782 0.0106960344804399 -0.113431396140847 0.123301806150514
0.00534541003990865 0.0197224121322603 -0.212078881097546 -0.0485536480725972
0.00481926572423955 0.00997257132591205 -0.175668477137088 -0.352412982720715
-0.00437543263571217 -0.00477302305255153 0.280388896244443 -0.4679252265583
-0.0167873388102992 -0.00677899718982954 0.70113902941269 0.0769696415511401
-0.00399954185683314 -0.00795893195182667 0.33357604551367 0.656694973700623
-0.00126432288313574 -0.000338082741260425 -0.177153689676802 0.48814447641269
0.00364228251469013 -0.00740609397129621 0.0133655417105841 0.0629259143692166
-0.00264910811169117 -0.0088478414445936 0.172941484303518 -0.398762749111639
-0.0125877491057255 0.0141015031819609 -0.441559498149544 -0.609260820242662
-0.0106544413739887 0.0153589432398158 -0.812749853982068 0.103961809237093
0.0153970886412608 0.0122230432797961 -0.173375766154156 0.638233814043008
0.0251370903261739 0.0148386563683133 0.322293066897484 0.360583224147869
0.0207413448872187 0.00918417477204657 0.330650285470343 -0.00496018899300837
0.000900432258412391 -0.000635008616771142 0.13102721634934 -0.203821140923575
-0.00445101136297652 0.0103808220727441 -0.120545506930486 0.125987256968525
0.0109464452279623 0.0232987334919174 -0.216449296562531 -0.0425086618565846
0.00809947692402667 0.0197568494442624 -0.182152421253589 -0.352936000834401
-0.00613110313804369 0.00294543788257193 0.271026841934408 -0.479837733780039
-0.0197799329249869 -0.00870058485626514 0.698709206601895 0.064972371087084
-0.00243573375260892 -0.0138379327031816 0.345002429385342 0.648334984060311
0.00152551055744187 -0.00184327158607214 -0.165163849511166 0.487850295991472
0.00426210812650999 -0.00720712874046356 0.0176714683027735 0.0620959904879131
0.00139092852763117 -0.010913336869851 0.181005298276819 -0.401458135862989
-0.0117475718354389 0.00809362439229791 -0.432962362496471 -0.619363894372875
-0.0149918534489379 0.0147034545271592 -0.819414160536927 0.0904441415218439
0.0164093459591205 0.0198588823150686 -0.188013103462296 0.629675767390132
0.0319317476475936 0.0251939483390718 0.317626843096349 0.363318026796908
0.0263939808139951 0.0129075784022954 0.327146339818762 0.00255335361540996
0.00622270400912536 -0.00147577475488822 0.123348478623973 -0.199417083591096
0.000563896314877346 0.0105432477915756 -0.129097089529931 0.13025943328224
0.0134426942257629 0.0254259609418853 -0.22372352914711 -0.0331414177058144
0.00977396845989894 0.027312703989546 -0.196068684206503 -0.350316556609806
-0.00636832535456293 0.00930324773987179 0.246181664259208 -0.498423356770244
-0.0206860077753773 -0.00944564174528182 0.69483734433912 0.0274715107751421
-0.00195355561785089 -0.0166775784118987 0.369078797905501 0.627318719483132
0.00124670024504171 -0.00262979926154899 -0.146203708570702 0.487222997714285
0.00340008729725879 -0.00679197439336476 0.0235086644135652 0.0611305729033757
0.00186206337314441 -0.0117283412965534 0.194443562617744 -0.401739231463219
-0.0101441700807949 0.0021837687048757 -0.413014214568563 -0.642339693294864
-0.0166500732097578 0.0139200280766399 -0.830823559273462 0.053203562197711
0.0150908130679349 0.0271128083926987 -0.215224614678311 0.616084298687484
0.0339031047846756 0.0332485875767868 0.301980572642903 0.369578109465242
0.0294757040682831 0.0160412239844795 0.32292814270541 0.0131435792805317
0.0116132472621668 -0.00284056156566944 0.117542063005589 -0.193016929028935
-0.0222248510686333 0.00886378152604619 -0.109335111140796 0.129943675234076
-0.0238374220320222 -0.00324677105365673 -0.236179733602986 -0.0371961642532896
-0.0256112065301506 -0.0279266515136862 -0.24227738676173 -0.319655664074738
0.00351697256073613 -0.0312022521170027 0.176909195933059 -0.508442982157397
0.0150890416261175 -0.00131012647237887 0.691151684194868 -0.0777491323865522
0.00487828204252389 0.0154672246690501 0.441897755068841 0.556542029393115
-0.0215224291391406 0.0132813117971019 -0.11497376172152 0.491250817834845
-0.0222153012468739 -0.00366062714249681 0.00775788349888336 0.0665709724808212
-0.0224915149544411 0.00444134129800843 0.233408560511791 -0.380910492671797
-0.0043446859923976 0.0381521938112937 -0.308105719448648 -0.714551545771928
0.0244377707028464 0.0177299583354597 -0.830136381690521 -0.0856051516737179
0.020300405380864 -0.0150093514285649 -0.316421448100703 0.597450435641382
-0.0111757885513931 -0.026099587933024 0.235529031802112 0.413688894334978
-0.0189664343143223 -0.0170897865124615 0.316056717461009 0.0316578154010772
-0.00983628250943844 -0.0021397249147891 0.144919238848053 -0.198772269049056
-0.0233748304871148 0.00875239740141041 -0.104052406409603 0.125199795511691
-0.0206932890664196 -0.0024123287286575 -0.228714308418361 -0.0461971821786718
-0.0195458720922469 -0.0276048185532159 -0.222587556600294 -0.328898383238292
0.00465887591168307 -0.0304724168917832 0.211983582263888 -0.494062721268409
0.0101924272131204 0.000191708425041012 0.700825341866025 -0.0275711827866133
0.00139822432765748 0.014657492041275 0.412208700098278 0.588363255337486
-0.0195449594275033 0.0105931831601072 -0.140482887547622 0.49141592914976
-0.0174441973052477 -0.00413003348308409 0.00552496287417249 0.0671490048283265
-0.0202332745156183 0.00361343926196111 0.216860815285177 -0.383228729543717
-0.00633460791460721 0.0371748634061866 -0.346065486657552 -0.684449609626183
0.0197377298583914 0.0177817420885054 -0.825756446242857 -0.0308115077822566
0.0175949874553215 -0.0156434950245357 -0.275076908793091 0.616912745171479
-0.00895784975721856 -0.0233173429110908 0.261310569079322 0.403228919797556
-0.0157150402982385 -0.0135359182455678 0.321812653381871 0.0179705195962471
-0.0121434493007865 -7.98144328823056E-05 0.148961251477759 -0.202995249595375
-0.0219907373881301 0.0101014131719521 -0.102852815064551 0.121634862524923
-0.0149704308865839 0.00233593470101606 -0.21887637745221 -0.0530810065252739
-0.0127548995427144 -0.0231163323336179 -0.202125183922411 -0.33884980970344
0.00425966990290019 -0.0278619494723499 0.243511540387898 -0.479007414899439
0.00476062138171829 -0.000121696199489257 0.705934141341286 0.0198780459359882
-0.00161848374779053 0.0109605558284193 0.377354992024164 0.620160734250702
-0.0156549083715774 0.0081234693020198 -0.159991709182688 0.491700781306762
-0.0114090529367361 -0.00495704162816751 0.00326308012703545 0.067008184483972
-0.0155608124792664 0.00186457787237187 0.198408115259266 -0.387182004234885
-0.00765182748432563 0.0341006599784228 -0.38162120297331 -0.658350345131527
0.0114345408099967 0.0162990616306418 -0.819099362062726 0.0239273673898474
0.0148320845405597 -0.0119238989026067 -0.233816520809703 0.630438426935404
-0.00239400154478502 -0.0165452051593865 0.285070854130471 0.389544458628934
-0.00863768639401097 -0.00712363170642572 0.327958674302035 0.00674635638585289
-0.011328866888116 0.000868759021965794 0.149113030536073 -0.206912797176757
-0.0199040098972173 0.00964520155083687 -0.104590351748933 0.121409010368454
-0.00705224900066892 0.00743424900990144 -0.214753910640612 -0.0548017825285094
-0.00524944920431516 -0.0151076140729109 -0.18651414181627 -0.344022874453865
0.00261650914278431 -0.0211973083127292 0.268783089724012 -0.468272322891337
-0.00349661397373146 -0.00213230998479982 0.707021266468486 0.0577399797070187
-0.00278522569043993 0.00499393213607578 0.350236866465373 0.642714985740746
-0.0106456469925821 0.00501933810199624 -0.178260665101274 0.492160846372922
-0.00435180264714596 -0.00583659438607133 0.00442756756148836 0.0665632099487951
-0.0111032791653691 -0.00219710523662092 0.184195155922837 -0.38895505492758
-0.00930526051965894 0.0285976235541253 -0.409305747098454 -0.633427931533266
0.00312549854548165 0.0155265301489515 -0.816232369336054 0.0654695936906954
0.0133397447508566 -0.00591712716284155 -0.202457580141108 0.639726996882792
0.00543220019013227 -0.00754070810125423 0.302253209089582 0.376389417002354
0.000200005989165563 -0.0011872150892985 0.331669970011346 -0.00134731648303986
-0.00814880096772979 0.000625379073635457 0.14415766747207 -0.208977916318368
-0.015298025153769 0.0102014012369641 -0.108699869067179 0.121487635965649
-0.000449024243542724 0.014121744393183 -0.211597551293012 -0.0527569268005878
0.000462658943521467 -0.00218894157075566 -0.175677057729479 -0.351544468117556
-0.000662758292737116 -0.0136487188719676 0.281187960209039 -0.464257502588498
-0.0109940996816219 -0.00415906875055441 0.705403636704856 0.0798493443590018
-0.00357249139060576 -0.00209021993023729 0.332467694062731 0.658205099441588
-0.00634333376867915 0.000767554490534119 -0.183988292665035 0.489725608055422
-0.000381962736393582 -0.00628254454746945 0.00661895260103567 0.0647237912165201
-0.00606534447049342 -0.00516655642349959 0.177309503124257 -0.393231865607185
-0.010562569556869 0.021417570080816 -0.43007335449966 -0.617121880509938
-0.00450521303536461 0.0149968188105215 -0.814669664766422 0.0914623889228319
0.0144223812762338 0.00241510032747926 -0.180952982558856 0.640971146082433
0.0168281419662883 0.00411925838377487 0.315914069506969 0.367380911517116
0.0107901043415724 0.00452386471432384 0.332888948963956 -0.00516088729707763
-0.00438467164843191 0.000720020340389154 0.140018585174854 -0.207255781419759
-0.0094985534083239 0.0111962524119148 -0.116304540332366 0.123101302045322
0.00549046955692131 0.0200634700759811 -0.212760822262453 -0.050009400499427
0.00442722292772096 0.00895357326358328 -0.172584172391902 -0.354798650349714
-0.00392856249095273 -0.00445539954673687 0.284866420894709 -0.467249013729564
-0.0169394563554034 -0.0075765613129527 0.702535979614281 0.0841878170326808
-0.00331214440000309 -0.00806969523101925 0.327539234375019 0.660130860006394
-0.00152620096294123 -0.00034639763409898 -0.180999016218977 0.487166535641799
0.00396949280567769 -0.00706906349401572 0.0114266051159543 0.0632707895492385
-0.00237031784964255 -0.00821206763584574 0.177940811860214 -0.3962174185072
-0.0129176057488285 0.013665912092175 -0.436823358416677 -0.614754801723485
-0.0105870120004128 0.0150440643138316 -0.815066448896039 0.100679112091604
0.0153339991514996 0.0117664178258974 -0.177896109095943 0.636266963016979
0.0253138306569674 0.0147488728954428 0.318466528149515 0.36533163489087
0.019189241222512 0.00947285069745192 0.331454926602434 -0.00271504100659543
0.0012384271761411 -0.000415997101996781 0.133541031893741 -0.204632267354305
-0.0042128989714001 0.0109136228612478 -0.123750020683599 0.126012584490172
0.0106463112103253 0.0246835830629629 -0.216879740827947 -0.0435523596083517
0.00717103977613422 0.0194962913149565 -0.179112122854329 -0.355126279670679
-0.00636841343012093 0.00347556091536031 0.275825586824714 -0.478556105812707
-0.0205583078639614 -0.0083182612994194 0.700085029686516 0.0690940449548771
-0.00284798412813836 -0.0137996590040904 0.339563694516199 0.653296746937064
0.00177752289398089 -0.00215870391019503 -0.17137405875934 0.487038780144392
0.00464130830346387 -0.00833168824625412 0.0166197739499437 0.0624254155689571
0.000661220824120198 -0.0115166550005784 0.185286370224998 -0.400197635398475
-0.0110574821211442 0.00785852221857445 -0.428955718888667 -0.622901911960405
-0.0157433361191371 0.0147109255250632 -0.82038054695917 0.0841069673140055
0.0154459932674908 0.0194918943922262 -0.193650518892652 0.6291783146123
0.0324351292727141 0.0248777351015132 0.313225968531525 0.365942879794213
0.0267795125223951 0.0138008897319826 0.328650212369089 0.00370981782329895
0.0062805546990414 -0.00138380558457822 0.126863511841095 -0.199626282266283
0.000510023410044791 0.0109063802404785 -0.131638748702759 0.130308834897715
0.0139345953535072 0.0256240571479054 -0.225213723949723 -0.0356039149595024
0.00979476275491417 0.0273078677069248 -0.194155602160917 -0.352416696463337
-0.00573569328351446 0.00893542315505424 0.250287741504566 -0.49717443147252
-0.0203311932522714 -0.00918227233567117 0.694295195854771 0.0332905275296687
-0.00204656871423528 -0.0169935173639098 0.362668668524268 0.631200638352126
0.00225903099921663 -0.00270248232526991 -0.152267512160553 0.487000856513736
0.00367983805468279 -0.00710512419939604 0.0220481018317366 0.0621640245195162
0.00213235417331264 -0.0126393202908331 0.198841095232272 -0.400427158225113
-0.00982691468953244 0.00305266438937929 -0.407309901091117 -0.64685183850274
-0.0170185702568572 0.0139228259749404 -0.832810096129478 0.0463427341075033
0.0152774471175909 0.0268760615207727 -0.222195974704346 0.614596018201449
0.0337573449508577 0.0323394813848046 0.299025886671556 0.373006832269762
0.0295165164191877 0.0158644948420996 0.32427773158689 0.0154147867716373
0.0114872893419617 -0.00270545500681361 0.119713376513118 -0.193380706760984
-0.0216914175001051 0.00864284166505085 -0.111792881101614 0.131350814920541
-0.0237542708488432 -0.00389848000025242 -0.237412974494221 -0.039406351433553
-0.0248526589484654 -0.0280482501304583 -0.24064804136064 -0.322675920185627
0.00462852825215582 -0.032171682404358 0.18051975270894 -0.509941255722917
0.0147620169649443 -0.00122480832314935 0.694578354995522 -0.0720827739618644
0.00450208445407722 0.0158846028582182 0.438504051131746 0.561033181429839
-0.0219040187567769 0.0128132241631771 -0.120870947767711 0.492326015836387
-0.0223505246842634 -0.00413556051844296 0.00727063349374169 0.0666772228630676
-0.022508755314564 0.00391973293778638 0.240385906448276 -0.377435055659566
-0.00491026183990676 0.0376024587250413 -0.301548402469923 -0.719302268896014
0.0247173183529656 0.0183373192543651 -0.831870493652893 -0.0933203105452055
0.0205912288820031 -0.0147857668112674 -0.32282011289373 0.596356455116325
-0.011831215909225 -0.0264190949090437 0.232257754360407 0.418765836071991
-0.0180031690426035 -0.0179561645979576 0.317707786780339 0.0330999264909894
-0.0100276424890114 -0.00155546832800473 0.147277681087492 -0.199012055937849
-0.0238999613726512 0.00929769318190222 -0.107197566532725 0.126321248994301
-0.0202063752451888 -0.00168392620358939 -0.229444185787339 -0.0476794038847496
-0.0193116372497233 -0.02820007929152 -0.221629434634608 -0.332535238325456
0.0052840211535094 -0.0311707424723653 0.215434778211846 -0.493996178643903
0.0101428998590849 0.000123155805271519 0.703576939394038 -0.0236391912481431
0.00111892600028653 0.0145200142539334 0.408132713476486 0.593836109086276
-0.0196099387214899 0.0111656379778974 -0.144951373681667 0.491787117365611
-0.0172459023479547 -0.00446998686175199 0.0033220734614715 0.0676703269175742
-0.0194284091435911 0.00351394736727455 0.219757389399863 -0.382276076500581
-0.00682310557831547 0.0370098761151953 -0.341452994208817 -0.691370574062609
0.019834007365525 0.0174785156287854 -0.82727160423813 -0.0360625314561097
0.0177325448194146 -0.0158122562002377 -0.281857175008836 0.617104337095406
-0.00904350111451475 -0.0241945872424437 0.25694147412281 0.406600020185473
-0.0156367359203759 -0.0134723267164771 0.324367010078877 0.0212160543149148
-0.0107960994522194 -0.000255759918755508 0.150809235690556 -0.203758303837461
-0.0220753327602556 0.00957819995143296 -0.105500097574005 0.122359042073705
-0.0148050957993461 0.00221716878948098 -0.221234377705625 -0.0537132459395489
-0.0120863852675957 -0.0240401311562514 -0.201152715973999 -0.341341124175368
0.00501411745755119 -0.0278531084936184 0.248867791348442 -0.480500227229082
0.00354575542661549 -0.000458102431622832 0.7098906037214 0.0247419537233024
-0.00186574248933852 0.0105618554615133 0.373190154119171 0.625565729852201
-0.0157919411990386 0.00790279931918828 -0.165751528045129 0.49259582593998
-0.0117211635714202 -0.00596394282051726 0.00162570067670433 0.0676261437488995
-0.015523335752376 0.00134611778386672 0.202671105410527 -0.385685241156647
-0.00700538303792942 0.034291628601201 -0.377278385725041 -0.664020767995327
0.0113973767514965 0.0166430938692843 -0.823890916618121 0.0176371245682109
0.0149986622467804 -0.0123645189442985 -0.238428834552695 0.63153719296752
-0.00277157997609707 -0.0172359177157972 0.282956646703917 0.392782927155742
-0.00880512535115909 -0.00767403676667619 0.329360218907257 0.0088406786711802
-0.0113992411237993 0.00131066308275274 0.150967349082051 -0.206671164478852
-0.0195583825419237 0.00991615267523504 -0.106725715072203 0.12139743263967
-0.00830816591530594 0.00675957500345711 -0.215963430080246 -0.0561526430050636
-0.00574239329260996 -0.0145923704417053 -0.184046731984693 -0.348654241161231
0.00281079786886067 -0.0212432883829721 0.271509730264124 -0.468492679570896
-0.00391758067505506 -0.0021805970137459 0.709020070859004 0.0657051139523812
-0.0031370376944027 0.0040770440218314 0.344739630751171 0.646670704912643
-0.0114385686617847 0.00427221910715278 -0.181400626090975 0.491494549083077
-0.00482699691765486 -0.00646476025941815 0.0024803038282328 0.066513903496516
-0.0113445212610252 -0.00123622827048888 0.18896658373819 -0.39021400045129
-0.00918995559599557 0.0284075197739725 -0.405633487071189 -0.638475366063463
0.00259872295066678 0.0160704817319692 -0.818526130848357 0.0590412873726773
0.0146356245999202 -0.00547959661878335 -0.209205941727599 0.640436298444374
0.00651882657469472 -0.0070260003146238 0.300177781476347 0.380081005963333
-0.000246993634346463 -0.000262549913542603 0.333582914149689 0.00111204530451397
-0.00880360228527666 0.00191298704416148 0.148662154984239 -0.20807311420287
-0.0149456651698014 0.0113061355002242 -0.111179378304429 0.121352910361304
-0.000957875209667214 0.0144223916276481 -0.212757349023335 -0.0550095081920124
0.000468898523445691 -0.00260575563095384 -0.173769960751924 -0.35347700069005
-0.000480584471597417 -0.0134797390554304 0.286258865423865 -0.463053587764348
-0.010519779340693 -0.00409050277301405 0.707260477431923 0.0866491521489413
-0.00369823948171316 -0.00219042156567282 0.328843517349966 0.662773806560951
-0.00545525734400022 0.00121962884151197 -0.188342035761082 0.488943447887699
0.000369043713538025 -0.00712870214511548 0.00578185269685982 0.0652171320380788
-0.00625101852467543 -0.00507339886524567 0.181194038511466 -0.393835701478172
-0.0116857637033514 0.0215353257902691 -0.425587148747288 -0.624284606872851
-0.00455776874764206 0.0158915139692503 -0.816412201332968 0.0856056636014924
0.013865408930783 0.00276226178860564 -0.188573881122422 0.641436935394797
0.0164689893732668 0.00312900487648127 0.314597943930061 0.37071739466943
0.00973456256327221 0.00439087734335664 0.335096968731515 -0.00332142389157365
-0.00480177948493309 0.000806676881697157 0.143655822059142 -0.207223354571839
-0.00992421869842003 0.0114793679018738 -0.117965838580459 0.122763075159148
0.00517704314409843 0.0199962935861264 -0.213813735159633 -0.0500936710499515
0.00517228769127959 0.00942941051406061 -0.171239941901484 -0.357101532892374
-0.00385060085962859 -0.00501614263166625 0.289931048136797 -0.467633815589984
-0.0176874235883156 -0.00736935117696692 0.703949391999716 0.0893320907160756
-0.00362657156228591 -0.00922764871562429 0.32298673901598 0.664947770662283
-0.00157986239309434 -0.000885287119641993 -0.187474159224321 0.487870909126265
0.003300647443062 -0.00715100632348315 0.0108159926663372 0.0643415855121807
-0.00224204066321966 -0.00860526624241069 0.182977990358183 -0.395446898376292
-0.0121281369688723 0.0137073213682574 -0.432082731323293 -0.620040777531515
-0.0111546987092497 0.0153957985493702 -0.818629055507126 0.0913194157222336
0.0149337565814487 0.0114663568943778 -0.185892920332978 0.638092282798119
0.0254971936384532 0.0149905307169096 0.317543730309085 0.367842978284481
0.0198547816980105 0.00990799401019377 0.333802913395159 -0.000915138190828663
0.000449051403731695 -0.000408384119713311 0.136729370029123 -0.204355171838222
-0.00392384276652212 0.0116627272284248 -0.126820733031535 0.126386810718467
0.0104809050945675 0.0243165861674553 -0.217741310172818 -0.0447449898401054
0.00776812586905267 0.0200037903140173 -0.176509195317246 -0.3581483900376
-0.0065582699262154 0.0031421871213889 0.279830944200924 -0.478864350901678
-0.0205358919013275 -0.00853838185590806 0.702548223523409 0.0758204097385833
-0.00307229354655394 -0.0136220897122201 0.333798758402428 0.656585855632334
0.00111227104213211 -0.00213376837140513 -0.175947001105568 0.486850780114939
0.00512325673861569 -0.00814762810652657 0.0168349225271375 0.06378139707047
0.000994197482442597 -0.0108069455054538 0.188725546246235 -0.401543264616501
-0.0117284320233551 0.00709474008816339 -0.425893522820877 -0.62912312024792
-0.0157165071506956 0.0154557027508533 -0.826659503888003 0.0776372758517796
0.015255407504259 0.0199832360520647 -0.198359563712125 0.628413556452006
0.0313742177634768 0.024849906262777 0.312104590570903 0.369790846227187
0.0267261867670951 0.0130924180666567 0.329962526432975 0.00660389054285339
0.0064404335112188 -0.00235359467942021 0.129084384353971 -0.199179903045195
0.00119850645448698 0.0114725098623242 -0.134288448772857 0.130332315653144
0.014107607555089 0.026058664926811 -0.22632204534562 -0.0371985933988784
0.00977003196869942 0.0273941509919343 -0.19180128044723 -0.354485918646286
-0.00562323160902106 0.00891664195392409 0.255032866765883 -0.497356573275956
-0.0205573247350667 -0.00970154825126044 0.69809443273894 0.0392018923475491
-0.00189781377516093 -0.0172312079864811 0.360278291458503 0.63717592789368
0.00183293571228368 -0.00231650715588695 -0.157652096456048 0.486221275586229
0.00267490269974576 -0.00724252742027017 0.0221046815908633 0.0625375915000307
0.00238874005837251 -0.0125466898000972 0.203557890574604 -0.399480443849099
-0.00955773523365499 0.00242298593854415 -0.40437468304579 -0.654647513909809
-0.0170628204274948 0.0134293537603947 -0.83629341737451 0.0402241763977677
0.0155727398126554 0.0268286474028399 -0.229124142211222 0.616377137710969
0.0334235364012092 0.0333466926701236 0.297962049541688 0.377408674860285
0.0298637335532862 0.0155388930564748 0.325773840370207 0.0176024125757946
0.0110961999677574 -0.00192554055435913 0.122270744130291 -0.193506028691065
-0.0220177205936406 0.00955075155626738 -0.114780148928925 0.132319731833908
-0.0233941244367238 -0.00404830454932602 -0.239233359355067 -0.0414447886505169
-0.0254662161188118 -0.028964088961352 -0.241327028753907 -0.326508658497542
0.00484306221529219 -0.0317597996163827 0.185346475235164 -0.512229731636039
0.0147104678112636 -0.00045402594861719 0.700270652443001 -0.0688497354669028
0.00400708293949148 0.0151399322704665 0.43586179709556 0.567771538431331
-0.0222045856595097 0.0133125621187357 -0.127530806741955 0.493928199077422
-0.0226957213052417 -0.00336514162063371 0.00665241337565553 0.0675550580065412
-0.022349143397095 0.00365270913951318 0.24493778128491 -0.379442654429039
-0.00473779228377838 0.037767571199517 -0.296787569649244 -0.727317001371272
0.0247564246265771 0.0186408689685897 -0.835687562888946 -0.0977010218709972
0.0205757470242299 -0.0144780496688651 -0.329385624251929 0.598035032565367
-0.0110988247587432 -0.0268754549676698 0.230554013540689 0.421668267754152
-0.0183237993435068 -0.0180458826478028 0.319127723093792 0.0358373478077114
-0.0101211860250786 -0.00177695069164571 0.151560097606669 -0.19978730722242
-0.0231297766720149 0.00962754739272159 -0.109492900298401 0.125873939697321
-0.0202469766948221 -0.00206438257658222 -0.230385735324943 -0.0498041097567362
-0.0193464454784272 -0.0285651185160787 -0.220843498394219 -0.3357376530992
0.00528740791082873 -0.0319208903027218 0.22115783665937 -0.49778424385228
0.0106083723569678 0.000536560579768698 0.70871291052033 -0.0189510021264753
0.000925438086382891 0.0146648519440099 0.405558341850669 0.600515620338867
-0.0201769955574985 0.0105969082432276 -0.149502827648618 0.493435219017351
-0.0176502186410042 -0.00522981268379949 0.00244011775560566 0.0675532450687421
-0.0193031420142457 0.00336831575342524 0.224769539620203 -0.382293541955988
-0.00556768410380903 0.0367886905060065 -0.336651023159966 -0.699204850661288
0.0193029326805831 0.0182592768031372 -0.832639027618248 -0.0440402369372628
0.0184318908871098 -0.0151530776067927 -0.288446912356802 0.618483928452969
-0.0085809128728523 -0.024243645446615 0.256433962566653 0.409696449692204
-0.0158304832134895 -0.0134783775443504 0.326492954730565 0.0224514850743293
-0.0113721983022827 -0.000837409336876575 0.154507155036845 -0.204756489304259
-0.0226693357180619 0.0096811868646912 -0.108899701168026 0.124003143514751
-0.015495120388627 0.00186506553973356 -0.222172174439681 -0.0541061092339845
-0.0118834464501605 -0.0238475344382758 -0.19980233566881 -0.34441589264141
0.00580829782526097 -0.0276536343865499 0.253306324488695 -0.480679131551976
0.00390722062344173 6.11945534792144E-05 0.713524563653162 0.0302660623058559
-0.00130492678440281 0.0104954964929721 0.370061104571632 0.633030905643003
-0.0163891432457506 0.00745075666424284 -0.1710571944437 0.494061802774707
-0.0113539803583906 -0.00515363714607095 0.00109399928824113 0.0675040803255513
-0.0157350242441908 0.000774977770869673 0.207950076536517 -0.388040759251772
-0.00713420786388077 0.0338996251157589 -0.372566042473509 -0.669796120561021
0.0113901797192782 0.0166800297879732 -0.829853541717461 0.00962687881568009
0.0156961395999456 -0.0115495777301118 -0.245814001234197 0.633759521748594
-0.0031358171563814 -0.017335517824542 0.282602220371952 0.396858216283943
-0.0084633171661891 -0.00790883528483985 0.332065248521832 0.011416962193295
-0.0115629002862518 0.00058506982486805 0.154502851737049 -0.208047928212517
-0.0195250395837117 0.0103128788032762 -0.11050640142333 0.122995697030707
-0.00834077823197246 0.00758227595322129 -0.216336226497228 -0.0573319789987985
-0.00542306253376425 -0.0155662460276135 -0.184263914912948 -0.35034288312851
0.00312200142168478 -0.0223224204040455 0.277345086039561 -0.468825647854252
-0.00391960594031515 -0.00164595883773035 0.714673313056372 0.0697908917465851
-0.00320405373454871 0.00447290691544489 0.343754339556296 0.655070639115151
-0.0112228644956988 0.00409356172306338 -0.186525808272169 0.492251871440909
-0.00551662978222429 -0.00658028535042982 0.00227224599501836 0.0674275941669146
-0.0111393963327333 -0.0018141903989926 0.19397741964749 -0.390272001550695
-0.00991150177357337 0.0278002233458651 -0.402384714217802 -0.64480158881171
0.00380225900316609 0.0163698544547742 -0.824905122346707 0.0523821327101843
0.0136425288076098 -0.00617484858596531 -0.214438263672561 0.642597215527373
0.00708362895095761 -0.007907459038731 0.300100693588932 0.384669627840066
0.000114724867832821 -0.000111457696940842 0.335774400636566 0.00431497717419103
-0.0087883758367701 0.00140583282540363 0.151357845838986 -0.208648409830136
-0.0153658643896688 0.011656770775901 -0.113975238939049 0.122568411286677
-0.00143910747909654 0.0138429702576907 -0.215004894024887 -0.0554918227965499
0.000484177104373912 -0.00352052651274608 -0.172367332868863 -0.356712157393441
-0.000108334384725912 -0.013851285343244 0.292068842713471 -0.463863157213319
-0.0114063106557308 -0.00520515738991953 0.71135634192985 0.093427145895266
-0.00395842955617746 -0.00233809429900574 0.324587535046176 0.667394484615914
-0.00579380050472159 0.00137194728759411 -0.194649025286723 0.488847952733473
9.11382088607689E-05 -0.00678058273041494 0.00549546765361161 0.0666099365017763
-0.00642459588510969 -0.00508988506269247 0.186291912072561 -0.393542907904315
-0.0113885676869043 0.020795658908392 -0.421405377741607 -0.630839232460183
-0.00525679637503673 0.0161537655047789 -0.823034155509022 0.0818917487035622
0.0149760873367161 0.00240972266121708 -0.194672297818045 0.645258014121766
0.0165225092172089 0.00338301775304244 0.313345675108946 0.376610441924481
0.0100141614069546 0.00495683981383304 0.337206074608014 -0.000458561742210812
-0.00494680068165792 0.000607619361206701 0.146869623173383 -0.208073022344009
-0.00973116341721408 0.0115441653085069 -0.121012241313763 0.124659809370639
0.00548395434067271 0.0202604149139413 -0.215488124486428 -0.0523854439692404
0.00524613178753381 0.00924502723314826 -0.169813579619397 -0.360820336956461
-0.00390481202891074 -0.0043395010324742 0.29562303180489 -0.469554407445373
-0.0169224978887895 -0.00735840361035881 0.70740330553159 0.0955640473350383
-0.00345726751995542 -0.00925731991960734 0.320170658610919 0.671169833177639
-0.00234973268909661 -0.00172704375836133 -0.192768867348765 0.487244855974665
0.00352705675892209 -0.00816867889263825 0.00997203249717377 0.0649883347069159
-0.00194199921803669 -0.00930604536159789 0.1868786838843 -0.395430063597693
-0.0117699746351016 0.0130797699664606 -0.428336263879925 -0.629478898112231
-0.0114730263075294 0.0158573286459488 -0.826055303527612 0.08789597974184
0.015344187115937 0.0117318762921907 -0.190922627787223 0.639678941440389
0.0255225786896511 0.0147727172095861 0.316940713028323 0.372117797265876
0.0197822604408952 0.0104252684204305 0.336183604096305 0.00162209673110621
0.000788514317835288 -0.000424302114521777 0.140325020873686 -0.205373453328536
-0.00427297821716181 0.0129016540330904 -0.129020314519147 0.127207477276249
0.0103589406053979 0.0247341376497223 -0.219535732140379 -0.0462134466188551
0.00776621114834267 0.0202272093148389 -0.175473637814652 -0.361577805160571
-0.00590903589290724 0.00316973453144919 0.285301300834067 -0.480884585752788
-0.0206793735677054 -0.00856686195445023 0.705659844777735 0.0807430467298607
-0.0021616824045424 -0.0141398580627943 0.330935358001532 0.663008706193011
0.000444656148030978 -0.00241374873206057 -0.181657611986193 0.485924295195757
0.00416787156153431 -0.00730400171324146 0.0160822293284378 0.0645022149779342
0.000758845683993974 -0.0112363224412388 0.194084666614306 -0.39838855214675
-0.0120590592114982 0.00728712920497165 -0.421287535232424 -0.637457513092426
-0.0160030189281882 0.0150088918027468 -0.830146638115141 0.0725093173911551
0.01543596294768 0.0198188020624138 -0.204694162990652 0.631516042519304
0.0314350322232564 0.0255805676458168 0.312306712947691 0.37359394254126
0.0266892648068554 0.0138238427762333 0.333067503804281 0.00918879563261964
0.00704393945891073 -0.00154283742772122 0.132255927529116 -0.200064413797211
0.000663502326419557 0.011357285377484 -0.137216895384412 0.131509930845402
0.013500796483451 0.0262130538139218 -0.227062993107634 -0.0381545766622276
0.00922773737447634 0.0270312074105592 -0.190688172729665 -0.359498977646261
-0.00603794286142768 0.00867517726618255 0.25951564655017 -0.500688016740063
-0.0203783388054136 -0.00931179273486192 0.701369712819396 0.0434639091265548
-0.00153475480814324 -0.0172862694261675 0.356984076425868 0.64387344227256
0.000587492186256203 -0.00225804507915767 -0.16323189033108 0.486293330402779
0.00270542104920206 -0.00702298970339243 0.0209329187263176 0.0639079841899629
0.00300419514300515 -0.0122512254100973 0.207240414213888 -0.398167083881666
-0.00963464993481592 0.00225555853377249 -0.399560210270624 -0.660357430057989
-0.0168737558374678 0.0140696906718426 -0.841006858785533 0.0342824846877713
0.0152758410329908 0.0275691993781816 -0.232017118471113 0.618208457308036
0.0333617946657432 0.033892394277345 0.297761152220452 0.382361402695981
0.0300496119517961 0.0159862992255975 0.327450612883827 0.0200440075020191
0.0109264725242156 -0.00266124240376179 0.125143984333664 -0.194087223042328
-0.0217732079285974 0.00946076326867819 -0.117650121039218 0.133454580998058
-0.0236577235878015 -0.00342979151428866 -0.24149789757739 -0.0420868132341174
-0.0244990050109576 -0.0292095101889019 -0.242602011440207 -0.330647366291318
0.00495720962559946 -0.0324868243334786 0.189538603178827 -0.515910367795877
0.0145404374628098 -0.00077443305871795 0.706267515512931 -0.0642652031911198
0.00435191535028525 0.0154429850937515 0.436591341139001 0.57509249450618
-0.0226333802405028 0.0116976357547434 -0.131176291749681 0.49542754657685
-0.0223845410089686 -0.00486990931376425 0.00489362100683988 0.068630919822256
-0.0222282200284966 0.00366060067325491 0.250213626091248 -0.380019258862153
-0.00485532267984432 0.0377302464430794 -0.295402418405038 -0.734395107642527
0.024074904654743 0.0188846664773565 -0.844020544569831 -0.106264467178862
0.0212802907238815 -0.0146021181559522 -0.335709389233995 0.60000167605794
-0.0108466302227459 -0.0261854604494893 0.231908656425999 0.426488376475897
-0.0183536541070915 -0.018497037288106 0.321044559720486 0.0382537394627225
-0.0101023295351078 -0.00195254226874688 0.154167324321601 -0.202172467721652
-0.0234130852917419 0.0102006162289907 -0.113414941090506 0.128086831987227
-0.0204345189055633 -0.00218834841725789 -0.233121874474196 -0.0504243846685915
-0.0191498321418312 -0.029532395547464 -0.221159782755112 -0.340214828880303
0.00607587658499141 -0.0314803146330211 0.225798702719565 -0.499585269550163
0.0101149131957349 0.00032925951863893 0.715593713919353 -0.0137623915186228
0.00109782979573681 0.0145593749304296 0.405698510424718 0.607697948173167
-0.0202946960737684 0.0103711569416531 -0.154828167701185 0.497098087617151
-0.0177396036160131 -0.00437670369666443 0.00254679720404911 0.0691707677713162
-0.020625342326893 0.00225686497016669 0.230744867820165 -0.383176651529321
-0.00569881897097471 0.0371337506303965 -0.334875973461411 -0.707082236480035
0.0195879929421545 0.0182621541411138 -0.841646513478213 -0.0476282429010263
0.0188506501175286 -0.0156442369805243 -0.29465056846489 0.62069715570649
-0.00880370200684257 -0.0252618719272989 0.256425177373712 0.416660131148263
-0.0153649260092637 -0.0143574381067484 0.32849738063354 0.0251187912814049
-0.011539981524607 0.00013900490839067 0.15749227785744 -0.206787156153915
-0.0223516402912212 0.00970768338493724 -0.112014962692945 0.124881298295404
-0.0148924126730933 0.00172050880671242 -0.225494621547899 -0.0566267917065578
-0.0114853944821526 -0.0253471508416337 -0.200473307364439 -0.349556643601122
0.00592331461266108 -0.0285556010060692 0.257482567185826 -0.483574575285404
0.00403258186913031 0.000243985974151314 0.72070106341483 0.0333246074832945
-0.00164246963571291 0.0106874746769196 0.369470614914016 0.640714827806208
-0.0164330426652466 0.00821254151621698 -0.176316066685247 0.496763050941261
-0.0111259369280307 -0.0053179134070996 0.00123220358805243 0.0687793566256896
-0.0152462914891289 0.0016312635919768 0.212258777463044 -0.387483015196685
-0.00771761371229946 0.0340596965089129 -0.371661510401035 -0.679728991626523
0.0127390296913409 0.016903991883697 -0.834946205587002 0.00737881002216479
0.0163787203562577 -0.0118288091701551 -0.253487693550303 0.638424180621677
-0.00211607694796398 -0.0177049838343325 0.28117826856563 0.401225782807486
-0.00836587926374172 -0.00790885435851131 0.334664018277224 0.0138081135538403
-0.0119791669323754 0.000672005584588895 0.158974730882392 -0.210165526604743
-0.0188873086818693 0.0111481104704879 -0.112939655881164 0.12376552495388
-0.00680321715185671 0.00814186251994917 -0.219121519905191 -0.058191209430818
-0.00497337873070567 -0.0150815635274931 -0.183098545904744 -0.355615315769864
0.00358493991939949 -0.0218770725078419 0.28194455078864 -0.472636476276489
-0.00341503835928801 -0.00146588610503397 0.719933310120412 0.0738785934945376
-0.00362654572110016 0.00430845898894718 0.339541052710044 0.66319564928873
-0.0113789317261069 0.00417301891411957 -0.191066284991977 0.49608519953569
-0.00500588622646029 -0.00584974922330911 0.000862313500501585 0.0684068386480943
-0.0104092402712969 -0.00255214034060008 0.198637328480653 -0.390869063197788
-0.00945443491881235 0.0283452229899117 -0.401691017723727 -0.653349242771034
0.00348073461193281 0.0158069477396094 -0.833642946267633 0.0475884235710409
0.0153695827688858 -0.00596729534875432 -0.220556332006002 0.646632821310056
0.00727643108091531 -0.00783745351599786 0.301247998355261 0.391227351890399
-0.000115082362046853 -0.00103313497462064 0.338891688289004 0.00510896335278953
-0.00939721771297822 0.00165188361891856 0.15501353201921 -0.210488850313801
-0.0153284952713356 0.0112367969273501 -0.117102184089959 0.123852839274221
-0.000644398483626189 0.0142535091777094 -0.216315395473109 -0.0570024765854284
0.000567145735505011 -0.00430786686011456 -0.172476712197037 -0.361386078481738
-0.00027451961514739 -0.0138330876778307 0.296997997082267 -0.467751021848404
-0.0111371182913527 -0.00460898261968763 0.716186508199477 0.0976966715265301
-0.00381940954920075 -0.00301033701462379 0.322682884089464 0.675144966625828
-0.00619292871103715 0.000516708414257508 -0.199153757379755 0.491350131113909
-0.000172820332338653 -0.00693781819318142 0.00470360176937876 0.0673428715184685
-0.00645173231284775 -0.00552622007714283 0.190963617617796 -0.396035905834176
-0.0114975348513452 0.0206111279117315 -0.422604618514554 -0.63881694635626
-0.00456508786771558 0.0158949785986153 -0.831811414416199 0.0761080908690141
0.0140884718618109 0.00282464720650331 -0.199755713142492 0.648775431336609
0.0164244635551013 0.00391021655724298 0.316206783606317 0.380492642883094
0.0110522385010649 0.00509526956907679 0.33958712707416 0.00123480684320574
-0.00480575031829951 0.00132970154462372 0.149614898467687 -0.210015212148381
-0.00928465230148212 0.0117105861741794 -0.124392883493018 0.1262761100484
0.00521516223067203 0.0205349122069996 -0.217334945712222 -0.053586234455325
0.00477369814170141 0.0095677147657609 -0.169163758519607 -0.365619466491351
-0.00351306664398031 -0.00551331463621649 0.299098330743751 -0.471662968770109
-0.0174753308805859 -0.00697344460556796 0.714973015145611 0.099892756228202
-0.0037303234460596 -0.00881481454188632 0.317813685473642 0.677614743874677
-0.00229223971145096 -0.000447754131476154 -0.196778594903333 0.48971183875583
0.00318265436821982 -0.00765500439313137 0.0094564428022658 0.0660151991267162
-0.00224227775490562 -0.00862663259059128 0.193078594808409 -0.398210968497372
-0.0124805061805356 0.0134207290639134 -0.428020201271546 -0.636055055966396
-0.0115475717432744 0.0155848436002561 -0.834281995873654 0.0830939519845276
0.0158599555632966 0.0117772139108001 -0.196430185928603 0.64693912341388
0.0265643276427259 0.0145392483253265 0.317820819548234 0.377070630426214
0.0199657217859979 0.0102761479178032 0.340268672721036 0.00288856510259516
0.000508846080927136 -6.70042320111176E-05 0.142948956863683 -0.207178160644784
-0.00387603386127701 0.0125821579390363 -0.133057098578986 0.128891687966093
0.0103187370075014 0.0260789750779541 -0.221263577766875 -0.0466546254647172
0.00744061491461764 0.0204016511380959 -0.17538214042061 -0.365843229963866
-0.00541676306805854 0.0028867234504559 0.28948392211149 -0.482529877639819
-0.0211856131287963 -0.00924966142330429 0.712861307849617 0.0850279500146248
-0.00249070511596304 -0.0149233151561261 0.328325419508976 0.669791535793385
0.0010685190322636 -0.00122507191561389 -0.185544514400606 0.488534308527428
0.00434572740805124 -0.00753736493523871 0.0150077514457478 0.0649253722327808
0.00141735729253389 -0.0112175471011291 0.199352458995768 -0.400853567667306
-0.0118217693569152 0.00727941763582082 -0.419811355993281 -0.645986982108011
-0.0164718622195583 0.0155085941203193 -0.839585370003086 0.067223138902429
0.0155498167250251 0.0201462347228092 -0.210454651606321 0.635939006724723
0.0323686573246596 0.0255282194071966 0.312299560513651 0.379302908751859
0.0268094223925099 0.0138943094469937 0.33572934099538 0.0111945978216384
0.00558986500853607 -0.000380962627753156 0.135690318045485 -0.201867398992978
0.000866789467881986 0.0117082774339649 -0.140755846645394 0.132787439864608
0.013421684535202 0.0263043870873 -0.229567465634393 -0.0384906774303632
0.0094806628460428 0.0278639494924336 -0.190459879101371 -0.36272818635066
-0.00579126356129965 0.00891824578722857 0.266439265060034 -0.503292128101614
-0.0215417970361288 -0.00961039399941171 0.707785061952994 0.0487545610376701
-0.00171777091317247 -0.018070977713446 0.354199345194722 0.651255669444996
0.00140305622536451 -0.00270074640392984 -0.166797768654957 0.490544031124726
0.00220474759516773 -0.00707514330851002 0.020368757890286 0.0650109980057803
0.00299511989643738 -0.0124756337465261 0.213646638370428 -0.400744124493845
-0.0102994685018938 0.00219072672774253 -0.398009881572613 -0.668563218131437
-0.0174572106262494 0.0134466629954279 -0.850324839219543 0.0297570392461083
0.0152355530251717 0.0270420899114466 -0.240506099320802 0.622629865025585
0.0351109372043319 0.0342720519751035 0.298358376573932 0.386653488199517
0.0297954590156082 0.0166530723604608 0.331262907489066 0.0221208675364044
0.0113179197273349 -0.00169248147277612 0.128476763982096 -0.196033727093936
-0.0221745768911611 0.00978407022160335 -0.121483261814842 0.135150017408639
-0.0239974930586139 -0.00384850786043388 -0.244801868950795 -0.0429273990886962
-0.0250851442819256 -0.029934054139557 -0.243871601523376 -0.335889141360319
0.0048183832867835 -0.0330357203111432 0.193082427467407 -0.520724499974031
0.0153952100286831 -0.000773804082889134 0.715993283502742 -0.0625327955225664
0.00431300992168575 0.0152918055032106 0.437836215940535 0.584788771371692
-0.0233829924582659 0.0123204745864724 -0.134960468953142 0.500561318197356
-0.0227703483309053 -0.00444903715814713 0.00498168281681457 0.0700312758478986
-0.0223972146647229 0.00205964991588803 0.255507718688865 -0.381738701218749
-0.00442495137684142 0.0376349938380212 -0.293780076488262 -0.744226637502186
0.0242604197912058 0.0199270020277269 -0.85272109987738 -0.110828200867536
0.0220746886154826 -0.0148216549001705 -0.341370665688779 0.606968299706127
-0.0109647542938999 -0.0283840746424997 0.232189163931157 0.433009204439047
-0.0189044561934223 -0.0187245113026089 0.325660777053973 0.0394418653352832
-0.0103434352262044 -0.00134489070201055 0.157844096240783 -0.205283867949962
-0.0232404650494557 0.00966878705651416 -0.116317955966614 0.130801489219914
-0.02053299794753 -0.00237289707628332 -0.235680495187461 -0.0508947611782538
-0.018761569269401 -0.0303122631113327 -0.222105220170482 -0.344814701670233
0.006563276063843 -0.0327731806758408 0.231058751347359 -0.505611883228698
0.0101791870395865 0.000239890444111879 0.724438405797211 -0.00925239378932325
0.000144848527809181 0.0147062691952574 0.408177106946277 0.61497370596009
-0.0209293864735077 0.00994626902353399 -0.158819367774763 0.500415588560697
-0.0169914315427937 -0.00509683266817436 0.00117873671652098 0.0695414519390245
-0.0197165873924645 0.00237704604770174 0.234717338125923 -0.386180916801581
-0.00594464604079547 0.037139156959144 -0.334718878433082 -0.716058379049728
0.0190636071322174 0.0186400974754314 -0.850336865596211 -0.0523538972533912
0.0189830620963129 -0.0155894693978693 -0.300675616563622 0.628073950076959
-0.00801225832246609 -0.0252940702063481 0.259414760022025 0.422275655947404
-0.0156723238533352 -0.014294903958283 0.333273792595877 0.0261486195516678
-0.0126016073953356 -0.000167917633590012 0.15996523466536 -0.208021164053911
-0.0232134353098724 0.0103460655413524 -0.114790776291043 0.127571169553632
-0.0148783815428065 0.00209440535088849 -0.227489313850928 -0.0574262877048602
-0.0127817596016502 -0.0250576273447644 -0.200998539775506 -0.353562310084015
0.00633021396975763 -0.0289525294357156 0.261546175506378 -0.488774507812416
0.00372934299789103 0.000124846092454865 0.728797021091715 0.0378795458887869
-0.00246173430846093 0.00976859433327385 0.370931938132848 0.650119008244482
-0.0173694870958062 0.0070061601777755 -0.181113309295967 0.498819614596507
-0.0119993879553021 -0.00513386483935694 0.000460421533924679 0.0702834879991908
-0.0154511132151893 0.000670132132878279 0.217702019244137 -0.390872868004171
-0.00827648730491492 0.0339442025820379 -0.370122350746815 -0.68896025459973
0.0114654699228068 0.0169940142980971 -0.846164314331502 0.00431456778354207
0.0160839577000361 -0.0122841665864423 -0.258735772638351 0.643349024390463
-0.00204304741839367 -0.0184404689595062 0.284457521011564 0.407601809938929
-0.00888801739162517 -0.00855171321297866 0.33878814543319 0.0147239903060998
-0.0121912880565892 0.000684594130232581 0.161496311666949 -0.211566097870783
-0.0197002104611423 0.010827849585775 -0.116026649158119 0.126047030818541
-0.00792578791181271 0.00826622869900811 -0.221657319915662 -0.05948771932676
-0.00431249815282338 -0.01566213475993 -0.184632357537604 -0.360638193990008
0.00368496962755283 -0.0220419113696467 0.28825689675836 -0.475242228174736
-0.00449555960370034 -0.000859100697697188 0.728497180301009 0.0785941779998996
-0.00353148838078808 0.00443070929591247 0.339691421293603 0.670876064124209
-0.011530411972005 0.00368919390666679 -0.196474844056612 0.495937113960724
-0.00472729309770314 -0.00707395202503273 0.00105134783754685 0.06835229690665
-0.0104721222339679 -0.00270838625096504 0.202636348224565 -0.393596222370171
-0.0101357937027184 0.0284177921179816 -0.401440602452932 -0.663018758907444
0.00267914141226072 0.0173359414129967 -0.842576331257048 0.0463605602156116
0.0151872798002731 -0.00586244095290546 -0.227118064603693 0.651217012442844
0.00713179640827333 -0.00792590234215645 0.301742857578005 0.396070648209798
0.000301655357823845 -0.000825655125721021 0.342716250653456 0.00721019092552697
-0.00943381169023366 0.00110101806494341 0.158715578231337 -0.212443264503597
-0.0145285986981976 0.0118066943424666 -0.120728304909145 0.126660336715605
-0.00135697929478045 0.0145642884642663 -0.218479550312873 -0.0581277355915372
0.000566664575176876 -0.0040753143177647 -0.172899789490128 -0.36589971401169
0.000435746929438388 -0.0138151681632177 0.30217037859363 -0.472783314633856
-0.0118898003096308 -0.00479511931151033 0.726155610613084 0.102855075279219
-0.00408620869938292 -0.00311140743382965 0.32167103119698 0.684047698080707
-0.00661261849664289 0.00115025480964513 -0.203509454089442 0.494059678202591
-0.000439974822523089 -0.00723535114651552 0.00383278835144767 0.0685756437825781
-0.00682150003020663 -0.00597749024952295 0.19532419493114 -0.398827403509844
-0.0119784976861973 0.020842461250102 -0.420934624072706 -0.647460541265676
-0.00529649612387983 0.0159775050388732 -0.841873734193198 0.0729358761165897
0.0153678889211881 0.00170751267696739 -0.205691073941445 0.654835005438431
0.0170556693037898 0.00356690496453727 0.315788378940557 0.386772817577244
0.010838665634088 0.00533735965799638 0.344960099094762 0.00279961055154952
-0.00503118247606501 0.000558163053397107 0.152826226353237 -0.21142269207416
-0.0099690913799186 0.0132456126988808 -0.127553140927403 0.127657102564107
0.00516196011580435 0.0216099913318938 -0.219380570857938 -0.053790604966538
0.00463330087505365 0.00970623374392654 -0.169953971982879 -0.369689776252094
-0.00352792114574061 -0.00566488275497541 0.305903550065736 -0.475059954803917
-0.0178397716769999 -0.00733931242448206 0.721172753437412 0.10483620957503
-0.00341780839560281 -0.0101810239430061 0.31620914466794 0.686902032898285
-0.00246986092470342 -0.000883769959663955 -0.202034566039328 0.493841081434312
0.00327962797975771 -0.00828056110638948 0.00879779383789839 0.0669728045324789
-0.00173800529582882 -0.00948923855379425 0.195205083854345 -0.400290710111065
-0.0128607566976913 0.0138587971481053 -0.428851176801076 -0.646077315923527
-0.0116667283537096 0.0159418238241286 -0.842363278382745 0.0809764598729354
0.0156571216200064 0.0124615473135083 -0.203539330936992 0.650320737666126
0.0264150537218666 0.0154642811205758 0.319420216310957 0.382004644141409
0.0198977244094367 0.0100716719649073 0.342986006880831 0.00520374241084201
0.000427229111661766 -0.000885802219738115 0.146558302840461 -0.208263952988466
-0.00373957600465601 0.0125699197533851 -0.135502662638362 0.131035191625427
0.0108360538783284 0.0257091493946703 -0.2244143701034 -0.0472148423155615
0.00770411758046383 0.020377169046432 -0.176783222005427 -0.370515733622264
-0.00556348343915774 0.00274201371913943 0.296287591896978 -0.488016947310096
-0.0214130042337486 -0.00946978899280117 0.719392984109318 0.0903625926896646
-0.00249776574250057 -0.0147724318831262 0.329837783894367 0.680832873717765
-8.54509042949626E-05 -0.00234145315686743 -0.188559332310287 0.492630338023323
0.00503077337857476 -0.0071345684050501 0.0148818251525484 0.0659848138161487
0.00115566589460988 -0.0116044102204181 0.202740074235422 -0.403882019433092
-0.0112988381314769 0.00681008708557768 -0.422004186450709 -0.654918754348974
-0.0160498479700677 0.0154756375120889 -0.850422312934883 0.0635190800193745
0.0166719243446946 0.020788650185651 -0.218063374269149 0.642731266293365
0.0323689699208487 0.0256845922546377 0.314753411741876 0.384983373306335
0.0278312844756093 0.0132483212226808 0.33923906659006 0.0120483704270974
0.00626466947420914 -0.00158344709901678 0.138961985079211 -0.204277186428476
0.000845809737280383 0.0133731168136518 -0.143915795919195 0.13436592876768
0.0132542243544236 0.0271492508167288 -0.232378744257815 -0.0395871647403572
0.00927372271885272 0.0277349715031196 -0.191522019996975 -0.36775614466601
-0.00603051393216882 0.00880740393342427 0.270553180131189 -0.508318022884542
-0.0210848973912466 -0.0102634896147074 0.716996843985735 0.0524925299811801
-0.00175204493616017 -0.0188610468489818 0.355257517219815 0.659456887335437
0.00129328631306042 -0.00262292631158783 -0.170856788537598 0.493353037987571
0.00287920581919942 -0.00705836891343646 0.0204097494681643 0.0665162763254313
0.00327887999352401 -0.0128778235171162 0.218453847124269 -0.403667552241131
-0.00933767880333873 0.00197800223654586 -0.400945902183246 -0.67888643295394
-0.0182254550672935 0.0144902860863992 -0.857733591326549 0.0277091402302934
0.0157035432737033 0.028079652972006 -0.246487396107689 0.628005931765976
0.0344854772004409 0.0344692535384776 0.301028799417494 0.391490287528801
0.0309862073129042 0.0163697034657936 0.3353247384609 0.0233977564668232
0.0108705072627764 -0.00199259339432096 0.131851410133973 -0.198612143692822
-0.0227792141668369 0.0101748816656174 -0.123493598183226 0.138555014549016
-0.0236026965486996 -0.00461594056954016 -0.248862276765021 -0.0418013712126526
-0.0252706138129923 -0.0302346837746673 -0.246492758840382 -0.340164206410283
0.00595347873940258 -0.0333341777560846 0.198147885869194 -0.528187829091809
0.0151874247888396 -0.000434809897688883 0.726293671286966 -0.062284286024041
0.00374003060807787 0.014631929512542 0.442568754419933 0.59384638949796
-0.0232782407106943 0.0123784146289654 -0.138139181216831 0.506044726042912
-0.0237852135134507 -0.00488801825684135 0.00470144392105568 0.0714355127334267
-0.0223351330388847 0.00253952582238358 0.258901026621368 -0.385639753989057
-0.0046412329657075 0.037394490840553 -0.293616687952608 -0.753676822996321
0.0251852175577341 0.0198856429640703 -0.861851424062301 -0.115250358496446
0.0225457845234351 -0.0149311940122039 -0.348680101010534 0.615356168572968
-0.0107510454875404 -0.0282463153973409 0.234505811087694 0.439292924462772
-0.0194239950039082 -0.0191920523042718 0.329988371206646 0.0406674688393538
-0.00999811353925898 -0.00193520004229592 0.160821449934891 -0.206379048676126
-0.0235533745629961 0.0104936930178481 -0.119708889984746 0.132465520460366
-0.0200350674089315 -0.00239987337772068 -0.239435737419627 -0.0508849865323866
-0.0194299356579893 -0.0309106200772549 -0.224696445466785 -0.348922160027574
0.00679128815800258 -0.0325418129187483 0.234238525192238 -0.511293297550466
0.0102803558979685 0.000505601476103865 0.735390013939273 -0.0100368231836987
0.000738723165433164 0.0139867194072204 0.40981890501713 0.625982927124819
-0.0211336489603018 0.0099351690431341 -0.163247390750473 0.506598057171641
-0.0182398698361037 -0.00503130905829873 0.000924291937677688 0.0717891533770205
-0.0195056140889173 0.00215892755174351 0.239786484055029 -0.391129141415088
-0.00595148716002665 0.0378157686612566 -0.336092275197333 -0.727030801934406
0.020262011996472 0.0184950935594782 -0.861809142525773 -0.0559122645053707
0.0189463649143773 -0.0153910737038993 -0.306243914405337 0.635690110146348
-0.00809918263047617 -0.0255837255202425 0.260844863892515 0.427605653025332
-0.0156418296786039 -0.0142050102163502 0.33831677698983 0.027264133461939
-0.0122746590515784 -0.000402372405026377 0.164206057877759 -0.210627605148633
-0.0219266818329247 0.0111190823270941 -0.117859079347309 0.130078911350017
-0.0145867297131162 0.00212345207097326 -0.230863019233684 -0.0579548262028883
-0.0120542375265559 -0.0255931641531821 -0.203133335864321 -0.359722568403096
0.00639695292294504 -0.0292794993629244 0.267890374695882 -0.495578842809453
0.00373897037439499 4.66447296523023E-05 0.738572092945873 0.0401373686156615
-0.00201048360427633 0.0103725145640474 0.372345831928682 0.658182952704856
-0.0167126716276235 0.00732525332186616 -0.185253829900887 0.50502709883177
-0.0116625682135399 -0.00502295370769785 -0.00050996548940547 0.0713767198914181
-0.0160533593900935 0.000922375344439681 0.220730242038305 -0.3928786449048
-0.00761305293874305 0.0338823565736178 -0.374555571372116 -0.697608651346307
0.0121089561427657 0.0176654053950331 -0.859902773056433 0.00280744558069863
0.0161970122396647 -0.0127773952661067 -0.264271215882582 0.652607106570083
-0.00157039671301773 -0.0189155331345427 0.286837765299228 0.414146766297057
-0.00820722760024896 -0.00718505602566114 0.343597897679125 0.0155253527146992
-0.01178348966878 0.000187679715852049 0.16448275219407 -0.214834422776813
-0.0190561232087563 0.0116492625056775 -0.119395190395213 0.128950877743456
-0.00818433544234197 0.00780106831957337 -0.225936795038098 -0.0600167202904518
-0.00527887772518666 -0.0161148905378906 -0.185086144293505 -0.366012661812655
0.00389804307019993 -0.0230735101678395 0.291315682961199 -0.483306780301494
-0.00405186483911486 -0.00226518836191828 0.738057428846661 0.0819329012093599
-0.003814846233425 0.00395026742677504 0.343605410621207 0.681167784858564
-0.012011571967065 0.00427458952184566 -0.199949018776239 0.502306065729207
-0.00511485835724231 -0.00644809902356701 0.000206382001776757 0.0700991574909024
-0.0112394008914161 -0.00313196361670486 0.208555043365457 -0.397818995026199
-0.00983495570458162 0.0277103221866234 -0.405368789367335 -0.673000124568875
0.00346616862861389 0.0169831810798561 -0.856048186331234 0.0441883964445335
0.0146669674799249 -0.00657673221872932 -0.231808422234828 0.660823193413313
0.00770456587527085 -0.00841449357087676 0.306848765257878 0.402149607236763
0.000896161321150739 -0.00124690442334481 0.347758038495618 0.00851877650959007
-0.0100652340048867 0.00153501689751934 0.161812462296073 -0.216915898381568
-0.0151407797014799 0.0129694268630727 -0.123872477502038 0.12840052020567
-0.000491673106350157 0.0140906886025333 -0.221714510656401 -0.0576877625016551
0.000894997279514968 -0.0034224387762011 -0.174678556510041 -0.37166657941714
8.00445560210084E-05 -0.0150737738615404 0.307040436323627 -0.477542404418545
-0.0121525568997328 -0.00434520011527307 0.736325259734086 0.105816403143091
-0.00392108623956834 -0.00382913966185247 0.325390985577654 0.695038839600283
-0.007081879003847 0.0012988807871127 -0.208920131631088 0.50158627423978
0.000320813930052627 -0.00645209288507048 0.00343958986647758 0.0698087124204701
-0.00601724617658172 -0.00637575971677622 0.199725239400221 -0.403002840576222
-0.0116649412754309 0.0218032624629505 -0.425793140963194 -0.659698554508029
-0.00566924958752409 0.0161551807263177 -0.852848888820174 0.0722510751279793
0.0153785504969289 0.00257465368221446 -0.211854307641891 0.663187146571717
0.0172836336860513 0.00373817003142375 0.319774688219796 0.391901740869136
0.011550686916536 0.00517698983702779 0.349400598018895 0.00368976408739318
-0.00486443895916569 0.00107576029488028 0.156687525161126 -0.215481847637182
-0.00947440140115336 0.0126243148039264 -0.130541316837691 0.130893989722582
0.00591430364217165 0.0219695270968589 -0.222822970554273 -0.0552885343765106
0.00452699093538984 0.00953304323308181 -0.171042848869584 -0.37576183337272
-0.00405442285669288 -0.00557457597256734 0.311182425965148 -0.481589422297906
-0.0192855887724476 -0.00776486128340682 0.731632402638812 0.10861353764318
-0.00391834504122444 -0.00978128595829874 0.320063829239612 0.698248871387768
-0.00234836400633009 -0.00130573944126574 -0.206110216610461 0.498376303246378
0.00374998587558984 -0.00734819486567945 0.00887460305934247 0.0691513718572495
-0.00210586616843751 -0.00942888685449361 0.2007280051134 -0.404702118568321
-0.0118729891317326 0.0136258874508224 -0.43107613824507 -0.656343004073431
-0.0128079466496517 0.0169401923053451 -0.854272533180742 0.0802460183656793
0.0158671227856951 0.0116840664141057 -0.206987794775564 0.660460182687347
0.0270627801907856 0.0158679221922711 0.325294738619466 0.387549403683112
0.0206847347955599 0.010069714669299 0.347172432563055 0.00520799655052648
0.000538350425609357 -0.000730446871622248 0.149417471493019 -0.212515541915636
-0.00419667451267647 0.0132334052242707 -0.138530541998026 0.133419803697231
0.0106892961263378 0.0259977927827965 -0.227370515413429 -0.0478888522490601
0.00836839363945894 0.0208660211883634 -0.178196208819208 -0.376369700472943
-0.00598958848197831 0.00261557661172708 0.30070077493864 -0.494235957586711
-0.02194927742109 -0.00931542574336865 0.728252467093375 0.0922186804976693
-0.00272409029288276 -0.0148991001135048 0.331507043392057 0.688900740844011
0.000557194614118612 -0.00129170703509088 -0.19428336451132 0.498018599685659
0.00437611089944688 -0.00813472697727833 0.0139678516982526 0.0677158642838369
0.00163081754165585 -0.0120605080809796 0.207088415884073 -0.409040783603239
-0.0114400717802749 0.00624912531443356 -0.423346682777699 -0.662639301327803
-0.0165313889840626 0.0153108208947513 -0.861289553563346 0.0647310745785698
0.016393935564019 0.0204798768048865 -0.222483262853651 0.650046285932859
0.0339092367218818 0.0257653079516897 0.317624047740884 0.390881903416563
0.0275366085196597 0.0144118082747563 0.346021677610871 0.0130231419974348
0.00573287639037637 -0.000938086690717577 0.141625345558431 -0.207106180886616
0.0013751066906402 0.0133877058925207 -0.147066411063813 0.137318607185367
0.0132761483824879 0.0283155180011772 -0.235820428330695 -0.0407871450177901
0.00939111089218796 0.028694588091739 -0.193892005977898 -0.373462552196993
-0.0066460858852232 0.00927391675914715 0.275397505221937 -0.514070165833106
-0.0218548295051002 -0.0100177621363668 0.726491583297581 0.0540833557781318
-0.00153288539568704 -0.0190172160902977 0.358919488311975 0.669002356445416
0.000702909171673103 -0.0023842312594511 -0.17612415188933 0.498373422600234
0.00278206831422444 -0.00686042725973783 0.0199030845336473 0.0670085918836923
0.00289963163872326 -0.0119368871606214 0.222868293786795 -0.407843094451481
-0.00915880534362964 0.00233553219788216 -0.401250287341322 -0.687048436368695
-0.0182546332115283 0.0146873024175754 -0.872672450435468 0.0252037469365462
0.0152210293359793 0.0283507754318105 -0.252487720613433 0.635563284721186
0.0356478434792586 0.034625135387125 0.304619823270233 0.397531828438021
0.0313783387466413 0.0168578965188823 0.34041770516121 0.0243154414278766
0.011178573561367 -0.00262050384816626 0.134169444920803 -0.20106037068388
-0.0222445284701829 0.0106125515486384 -0.126739162785048 0.141978165455817
-0.0239675916123498 -0.00360508833695572 -0.253480835295884 -0.0418936213729333
-0.0259506416842824 -0.0309777288405495 -0.250311173209943 -0.34418252210507
0.00589983022497914 -0.033793541186325 0.199813844992001 -0.536491163838356
0.015386642608779 0.000159704515954205 0.735790397625328 -0.0648120626886087
0.00309204320642423 0.0156877546143914 0.448759874447239 0.602523745485142
-0.024125401761499 0.0122072615962412 -0.139712078542071 0.511822758189771
-0.0233941560617531 -0.00504031579897363 0.00378995780669631 0.0726796233338009
-0.0233419884312613 0.00193092570827611 0.262679198134925 -0.390764842108734
-0.00367602255479914 0.0377178323222746 -0.297757397553239 -0.765853050893053
0.0264541043748964 0.0208348546177687 -0.877295840328601 -0.116617699667494
0.022841946436893 -0.0160751415246479 -0.354605468892734 0.623021909593363
-0.01080666468516 -0.0293335822311183 0.238466840458018 0.446713794512579
-0.0190637665093142 -0.0196661880156935 0.335592268802222 0.0411520709361996
-0.0107144122845057 -0.00284598238234382 0.163881003272025 -0.210611799635296
-0.02331126442925 0.0110694065525455 -0.122113508035111 0.136511036240572
-0.0208921145283496 -0.00184264239089215 -0.243597919079591 -0.0505283667861042
-0.0204279745196999 -0.0314360246533758 -0.228500453963436 -0.354941453745658
0.00666807825654048 -0.0334832987884339 0.238102183981348 -0.519346217766195
0.0105013352138879 0.000833910461786001 0.745874915905327 -0.00887721035781185
-2.05406622698183E-05 0.0142392895534032 0.416397983404688 0.634495235359056
-0.0219384112483397 0.010514654001022 -0.166481673519873 0.51366702417535
-0.0178243758728877 -0.00501703810615851 0.000819623537023919 0.0724303939225568
-0.0198973870279944 0.00222650775160719 0.243754858866408 -0.396163766370816
-0.00535050167183706 0.037808857693269 -0.34057229366581 -0.736922454362225
0.0208499536751482 0.0191063055168703 -0.876123523551073 -0.0557735407450748
0.0192073693717472 -0.0164021538557208 -0.310466703272661 0.646206125991815
-0.00730454141167097 -0.0264496077104396 0.265946093329007 0.435892590951892
-0.0151979732214801 -0.0154762611104099 0.343040960810079 0.0280888939574075
-0.0132569890787793 -0.000636885994092587 0.168029259521706 -0.214361692669898
-0.0225387022891804 0.0113389297334923 -0.120637153141651 0.132965424296807
-0.0141602247959366 0.00211243032125053 -0.235360826017998 -0.0569766246821541
-0.0128351230891865 -0.0269325803026936 -0.206249410303182 -0.364621213406131
0.00576260780657614 -0.0308989880640612 0.270834408344051 -0.502724864074274
0.00357918371148813 -0.000217683081629287 0.749566997509962 0.0396198250775866
-0.00197427286455708 0.0103412057021185 0.37814163343969 0.666163227642484
-0.0181003178694714 0.00755701037971635 -0.188717890503264 0.511776096098548
-0.0114761534112183 -0.00488299696424594 -0.000415330620745388 0.0718847572181928
-0.0158059647867725 0.000232580862773769 0.225599244845557 -0.399197478861404
-0.00729678702184983 0.0345637677627505 -0.380159589240752 -0.70819329420531
0.0118817491591874 0.0179395743715808 -0.87183993809958 0.00328010865618766
0.0166854843323622 -0.0127602101196491 -0.268645778436341 0.662944179910556
-0.00164491329130494 -0.0194516814798931 0.291809055315238 0.419567750526439
-0.00848573074057229 -0.00797887044021183 0.349106513364294 0.0147412522860935
-0.0123918125706725 0.000920240076321194 0.167760192281963 -0.218675611886607
-0.020244849640584 0.0119900446975817 -0.121966356753787 0.131905157140507
-0.00770496513734986 0.00849149188972036 -0.229483492822022 -0.0589541041700138
-0.00583481514570127 -0.0160900837472965 -0.188631052719661 -0.371585618867402
0.00364336653601355 -0.0227843220038494 0.296701814312109 -0.489924159309703
-0.00361722114151624 -0.00143721038967608 0.749219245969691 0.081067891186284
-0.00399890080282641 0.00378816480932632 0.348696411245407 0.689975309022374
-0.0129620553117666 0.00339122549794466 -0.204269467633452 0.510373697605496
-0.00525969223059338 -0.00606779946006898 -0.000246781775431103 0.0720111872353648
-0.0111664034524314 -0.00261517506403867 0.212200625644654 -0.403831004833136
-0.0097505364998153 0.0282714606034941 -0.409970343179068 -0.682227171622683
0.00294372231530068 0.0175428233541009 -0.86789010448799 0.044610001559414
0.0159989359505192 -0.00619694418759733 -0.232985190688356 0.671194107737616
0.00762880086369891 -0.00827206514297803 0.311355205804518 0.409060276061211
0.00122955330522498 -0.000769752595776862 0.353325126081031 0.00763473458472988
-0.0093142050516432 0.000675216371459994 0.164538155646095 -0.219643550273934
-0.0155744800695884 0.012892584989623 -0.126933177454466 0.132287842185884
-0.00082208493909781 0.0160282338109758 -0.225663540663431 -0.0582840330410005
0.00120320913612255 -0.00390342450885712 -0.177172480239761 -0.377040608122631
0.000237173947730804 -0.0153043288111743 0.311869722627575 -0.485216228785345
-0.0125618969325059 -0.00446337092427925 0.746719887035205 0.105067814623384
-0.00402138423903443 -0.0034946285875887 0.330442400330825 0.70462617189968
-0.00712597261186593 0.000857507731566995 -0.212039047912137 0.506021796879196
-0.000316595550521047 -0.00708552447435742 0.00310325626377986 0.070629440188105
-0.00648970988148733 -0.00638595771523049 0.203380437520183 -0.409390927855232
-0.0114745673869469 0.0205458665272478 -0.430574996403237 -0.668262583209172
-0.00472379613905143 0.0179554544775257 -0.864513217943269 0.0743914114813156
0.0158192916212657 0.00162320025204221 -0.212583230053755 0.673620364087664
0.0180458378014185 0.00256684937053208 0.32508395367362 0.398029276355313
0.0115925252333923 0.00537369469606034 0.355624509835208 0.0033516584791213
-0.0053018221969924 0.00120496187031179 0.159529645017961 -0.219400044995932
-0.0089863626374537 0.0133051548314996 -0.133676722123098 0.134118201362752
0.00594133112627952 0.0223922605678298 -0.226402647740341 -0.054562961052368
0.00469877250081062 0.00974142787196512 -0.175191833731802 -0.381016659770256
-0.00356025547886552 -0.0059513167142671 0.314027945944073 -0.488673280763029
-0.0179928444979857 -0.00757371029707063 0.743538162955463 0.109939326317549
-0.00353716569167516 -0.0104438103515595 0.324001091364809 0.706499654361921
-0.00301496528364674 -0.0011049145601723 -0.209139593136616 0.505163357683376
0.00318809547115582 -0.0076719789419367 0.00819709492173339 0.0708722980701947
-0.00157211691656356 -0.00990853428466536 0.20308030064622 -0.4101316647726
-0.0114845209997235 0.0134689816089189 -0.437791950852944 -0.665623457887158
-0.0118885910558922 0.0169703157321286 -0.867670794587706 0.0813723622314929
0.016200321088768 0.0117258759537069 -0.210741706284656 0.670029575819026
0.0281870095973349 0.0151923115806381 0.330321466258122 0.393437462508472
0.0204223044298106 0.0102617460454605 0.354601187737345 0.00510742080346962
-0.00034575850405064 -0.000126941942723366 0.152452641792724 -0.216682478701702
-0.00371802963184666 0.0134114697048157 -0.141936687595946 0.136796201129203
0.0108190269483834 0.027051146457918 -0.231493595054562 -0.0481704638922943
0.00827901232396221 0.0205177655716812 -0.181606267419124 -0.381026738872386
-0.0063887643261695 0.00206615320291562 0.304054116129548 -0.501992855855198
-0.0220893017037355 -0.00934608033823697 0.74074558531437 0.0933579166044508
-0.00276677855793371 -0.0159559556705672 0.336333051924299 0.698024383214734
5.01772098191119E-05 -0.00265476692335654 -0.198134062607834 0.50345429427983
0.00458610466901837 -0.00716511255175545 0.0148716741016752 0.0694133185326354
0.00136543758353715 -0.0118295594403387 0.211359145010343 -0.412451759164512
-0.0110618545608083 0.00640723241585283 -0.429109940460686 -0.673984541374007
-0.0165568067465402 0.0162397173883154 -0.874125813930064 0.0677912122236758
0.0166075325824417 0.0202301125003293 -0.225841742283084 0.659807355104706
0.0339512640657428 0.0266518446928898 0.323391503314467 0.394312909514209
0.0282070111166706 0.0142887663465501 0.350666138208069 0.0126558303438837
0.00615204324902745 -0.00196678744413894 0.143144953367958 -0.211385154445381
0.00153015129878063 0.0134177152682306 -0.150611757911323 0.140712371252988
0.0146512257546655 0.0285640813336758 -0.239710393116835 -0.0395182378038898
0.00993662052600569 0.0288007165853922 -0.196554508840125 -0.378716290548056
-0.0056521149571169 0.00902366142120642 0.279177582727352 -0.522997870425214
-0.0221911903238109 -0.010181033870517 0.737703267602802 0.053954943093707
-0.00139384910132347 -0.0194077890068956 0.363144220005406 0.678857041187663
2.93177019866572E-05 -0.00307896674213508 -0.178449752837634 0.503631123159789
0.00310771935212359 -0.00774709973699212 0.0199901490469558 0.0689405477367751
0.00307377759408095 -0.0128947988901344 0.225977670423641 -0.412884943161794
-0.00940293288046933 0.00151694836177667 -0.407852027803233 -0.698872104335653
-0.0184503558023486 0.0146041095708354 -0.885758091081422 0.0255402940640154
0.0155515196790857 0.0282632152431869 -0.254988406052332 0.645760108467322
0.036315611838191 0.0354373391752123 0.307892768624868 0.403303824938904
0.031049972480013 0.0172141825827177 0.345616004715951 0.0248739619550339
0.0114187282189523 -0.00192506993529546 0.136724050525333 -0.20416654984099
-0.0229492449442803 0.0117975977234698 -0.129895639241442 0.145590121505822
-0.0240758558056989 -0.00357283593126198 -0.258134746920574 -0.0404818785933159
-0.0262273449471481 -0.0320497286099281 -0.25587739376663 -0.348716204073321
0.00570439523084656 -0.0344777270288976 0.200791160606469 -0.546473848951982
0.0157801892443274 -0.000122775021319983 0.748373071283541 -0.0667962578992944
0.00376134912091208 0.0154507011357037 0.459072250481711 0.60906414887392
-0.0244215488009406 0.0128856645294539 -0.140470063210704 0.518961515892296
-0.0242045750675887 -0.00458032024903847 0.00408370605300998 0.0737545010619414
-0.0235012116502359 0.00188371893190624 0.266689650253597 -0.396800681002117
-0.00435171289015006 0.0380850312483229 -0.303647087029745 -0.775985581247277
0.0263369847532504 0.0203730832794716 -0.890890640207333 -0.113967230434475
0.0234494131031083 -0.0156408416559765 -0.359766079567872 0.633290406543117
-0.0113716904855943 -0.0299821740795213 0.242668365077471 0.452556631547408
-0.0192756684603485 -0.0196925892897385 0.34190164709568 0.0398860399491724
-0.011117767837686 -0.0022780479642692 0.166451356187155 -0.21578224287824
-0.0241211663255908 0.0115582655742351 -0.125151479295195 0.140256617850643
-0.0208088109486055 -0.00161467202240879 -0.249490802370025 -0.051070565666642
-0.0201534714305638 -0.0315994748096646 -0.23443016296164 -0.35878593463978
0.00668881833081354 -0.0344086801213972 0.239633911932902 -0.528673346268158
0.0112803654339925 0.000519378002215378 0.757244092258435 -0.0142681584875862
-0.000125612899918588 0.0146272826898088 0.423996398343385 0.64226135511841
-0.0223066885555854 0.0102871072072223 -0.166106235101385 0.520399834404978
-0.0184301007431673 -0.00554211345236348 0.00023528072922493 0.0741884581626313
-0.0202363172630965 0.00154094592129731 0.246425103944883 -0.401151072800823
-0.0055705534781982 0.0376189192111859 -0.345667101907106 -0.746678723851501
0.0201882878375228 0.0193893473868235 -0.890411423638191 -0.0538339309136851
0.0201979233496128 -0.017083280913334 -0.315942213651439 0.656741007752932
-0.00853868601865392 -0.027346715130007 0.269744493617782 0.439145169270741
-0.0157571589381113 -0.0149697169888796 0.34918812009333 0.0266132895784695
-0.0131542091910563 -0.000569485363031598 0.169357743584332 -0.219613045367047
-0.0225164076067357 0.0124337441590359 -0.122291133156026 0.13731266644233
-0.0149427724832433 0.00182953479382319 -0.238842885045873 -0.0559913665945246
-0.0124272172647431 -0.0271806584472043 -0.211246986193882 -0.368689806054761
0.00616680599525494 -0.0299554635182783 0.273351795907266 -0.512291409801639
0.00393199342810652 0.000729937403715806 0.762152789433032 0.037624798137617
-0.00239696559596339 0.0103612606092104 0.38769427846961 0.675260342874866
-0.0181837779331257 0.00744574889871492 -0.190102175728961 0.518932390289392
-0.0122766136113271 -0.00590733499037795 -0.000597777736100595 0.0739553498864934
-0.0160887227581646 0.000342055871480895 0.228598984592329 -0.407376804585131
-0.00664732129836668 0.0345995413665887 -0.385899155120612 -0.718391448741905
0.0123035054264464 0.0188116404691814 -0.884281272810945 0.00490967137205072
0.0170721309268127 -0.0131564368876554 -0.268115037784842 0.674558208706057
-0.00132287565978217 -0.0193129863008837 0.296663095693415 0.426601953712033
-0.00888289467194264 -0.00880548723986954 0.356027009153642 0.0143585409087987
-0.0126749920441615 0.000284410212348411 0.169720541623116 -0.222903856926254
-0.0201089820997428 0.0128791081885543 -0.124315346495039 0.136343078194045
-0.00866835920738274 0.00849478852763388 -0.232901917701755 -0.0582274365964705
-0.00476421535604857 -0.0167907279713681 -0.193112595670932 -0.376440832182562
0.00360929277422029 -0.0237502146533433 0.298223483323438 -0.500032338037193
-0.00454987153212526 -0.00133428232703385 0.762028853969082 0.0809647914408046
-0.00418212818529787 0.00412737816796785 0.355937722975695 0.700183228737852
-0.012874449619749 0.00365846284048599 -0.205852831637951 0.51786350803363
-0.00532816308782177 -0.00722573974128132 0.000474560093374269 0.0732548517455869
-0.0113338726789978 -0.00300221774787059 0.213880639291261 -0.409053582504064
-0.00956116763140036 0.0288379675752663 -0.417211460327387 -0.690633568417653
0.00363721750246454 0.0186770277589811 -0.881267374724607 0.0488582505737917
0.0158094324380069 -0.00658596041781843 -0.235849079518944 0.681647945881685
0.00770089456505627 -0.00935179691541269 0.318024625249285 0.411269897041037
0.000697015702323122 -0.00165482904159199 0.359050834386418 0.0055854575739944
-0.0106407125273001 0.000609074134376423 0.167099525907277 -0.224981327304284
-0.0149283731181864 0.0138363223383484 -0.128739088079655 0.135790410903435
-0.000736959673461333 0.0158615746857937 -0.228977378086085 -0.0581541414490707
0.00112844728662044 -0.00395041741352833 -0.181622988186435 -0.382179760562881
0.000162397879039086 -0.0153979032648946 0.314906844343317 -0.493720857429851
-0.0124789081430271 -0.00414461232722743 0.758852291471055 0.104596383053393
-0.00401353959348855 -0.00414630571829339 0.337227124457463 0.713278276192086
-0.0074127178097746 0.00145980152713315 -0.213666662885068 0.514813156615198
-0.000378634806305306 -0.00757991412335349 0.00292456343722348 0.0721461122790349
-0.00597685763071644 -0.00558758182323178 0.205455097926335 -0.414509929316858
-0.0111363262474002 0.0214240441638931 -0.439700293652685 -0.677240070394053
-0.00527668568142594 0.0177936774660402 -0.880623517248962 0.0783920089136986
0.0156784439625979 0.00206752355022917 -0.215474686046947 0.68348525503684
0.0187180718250024 0.00337119032403417 0.332472493262366 0.402496302759162
0.0116354702864381 0.00502195555951278 0.361535315953886 0.00142606699406311
-0.00626102511963864 0.00122346760723991 0.161756386383711 -0.223744326108262
-0.00876044545100209 0.0137690020800093 -0.136309162788943 0.137888056615201
0.00634644078114214 0.0225543975270002 -0.230680350804302 -0.0537225586059292
0.00523889952105652 0.00953551448276017 -0.178412358260993 -0.384916686620005
-0.00341243365554323 -0.00563365938757187 0.317143833309464 -0.497890361341407
-0.0192593676476421 -0.00777164423388583 0.755068793885366 0.108916165161087
-0.00374357303033659 -0.0101299200549443 0.330646575324726 0.716800201926834
-0.00329137481028245 -0.00150414999965113 -0.210597652086504 0.51165509813512
0.00389212255226021 -0.00767409580967222 0.00766038799394783 0.0712310791227755
-0.00165356207067064 -0.0103300518363257 0.206281297392805 -0.416851440388409
-0.0118597269477767 0.0132020745365837 -0.445789785234386 -0.673769455733662
-0.012222369897696 0.0172553405120194 -0.88160368528223 0.0868576737720525
0.0169657227828866 0.0115779455874076 -0.211596606074051 0.682943995478402
0.0284169025839705 0.0152490931686974 0.337397449450409 0.39719952560347
0.0219264402384751 0.0103612351333162 0.359143673936392 0.00382548227652675
0.000498337654170677 -4.70977845749825E-05 0.154946631586327 -0.220689695318088
-0.00362949725903632 0.0143150758380512 -0.144976375584823 0.141370840650198
0.0115287630573663 0.027236982547344 -0.235670690577811 -0.0471018501571901
0.00855680294121788 0.0210403254544154 -0.185575995949888 -0.386834387470459
-0.00591198184538212 0.00238675764447024 0.306230009572015 -0.511914928358683
-0.0224679081706165 -0.00921377136581947 0.75190270986969 0.0913692365973467
-0.0028368669197129 -0.016104592945729 0.34457709379494 0.706716248494431
-0.000289638737280525 -0.00246296980353856 -0.198810001358589 0.511260057967324
0.00465994428546467 -0.00751740656499666 0.0144661535099012 0.0704242118548915
0.00175258111937068 -0.012463320451162 0.213658145732872 -0.420402081105659
-0.0106640071291764 0.00617301122847367 -0.438201681094779 -0.684579011458374
-0.0171968164529944 0.0173741652921613 -0.888753165779603 0.0705393515323601
0.0173306164039078 0.0212560170159274 -0.227540852288578 0.67117390904456
0.0346171619748698 0.0260588002416271 0.329899431149335 0.400494408046386
0.0290582719975451 0.013950050703582 0.356189276747741 0.0112972339391316
0.00655781578072072 -0.0015563445010859 0.147759159974731 -0.215503121621697
0.0018479835059797 0.0145085847337357 -0.153099412582316 0.145467740051329
0.0148709186955351 0.0293804548102092 -0.243064962355041 -0.0384793779146759
0.0103235246800368 0.0285541001871224 -0.201523874628084 -0.383931146306663
-0.00611704904141432 0.00847911947426543 0.278994681964468 -0.530811892195825
-0.0226943353261786 -0.0103519305894155 0.749344232843316 0.0522096876722762
-0.00113371856346766 -0.019666819105411 0.371115121978008 0.688070303731885
0.000270367335152739 -0.00250177394711877 -0.181445918274253 0.511265993156196
0.00178588058623184 -0.00660341298838331 0.0211963097564135 0.070057560106446
0.00288077874955048 -0.0136068063225101 0.230349624823174 -0.418783364421987
-0.00898459805699883 0.000807375562879508 -0.414170389798301 -0.708399834886148
-0.0187242097813128 0.0148590304484522 -0.897881846218617 0.0313184064812728
0.0156442585424399 0.028075140415882 -0.256845331417059 0.656767290191044
0.036262556406591 0.0349914885809704 0.31521328069258 0.407443798846544
0.0316152019244277 0.0170629254908082 0.352614355217354 0.023326775918988
0.0115240684152717 -0.00211135053406617 0.138569371060014 -0.209715769619693
-0.0221987847624503 0.0118503159801912 -0.131628779174705 0.149841653725415
-0.0243239256538774 -0.00351520778028759 -0.26230376489651 -0.0389467318461175
-0.0271385788397197 -0.0319161058528147 -0.262832865884687 -0.35388256745484
0.00530408992696272 -0.0355575562383671 0.200221191856824 -0.554692168352341
0.0151644403071069 -0.000172071634482695 0.760809077094997 -0.0739404846392973
0.00345232769870079 0.0151839693270249 0.470476881431892 0.61602630739539
-0.0259110153603619 0.0132136983384474 -0.140070078544942 0.528759360938129
-0.0239028734767285 -0.00495329694726887 0.00454908591050956 0.0751022781221188
-0.0238612426167686 0.00189090794842721 0.271039686217998 -0.404958550639763
-0.00428287939439213 0.0387823372484701 -0.311621845953039 -0.787296880488291
0.0268331859061765 0.021237992194733 -0.906509323788022 -0.110198458401326
0.022447067029129 -0.0167318184813336 -0.359738978313031 0.648318618478051
-0.0108865665019668 -0.0300669684708031 0.250596667000387 0.458893662513531
-0.0190195698941203 -0.0199746406936179 0.346910669453346 0.0392910203234196
-0.0109051089783253 -0.00199749216233922 0.168074781638883 -0.220891596345263
-0.023897644611668 0.0122230315169189 -0.12639361420791 0.145072771271163
-0.0210403808281424 -0.00148594138286075 -0.252897285692308 -0.0482582931700213
-0.0210936419145079 -0.032469379518467 -0.241204809758024 -0.364680592753563
0.0062858458591696 -0.0351723152514183 0.23864143321265 -0.540213620609606
0.0110579147909724 0.00106176212088015 0.769072033686513 -0.0200912852285079
0.000479236452106561 0.0146586336844899 0.434271185093134 0.648827684372127
-0.0233142284661613 0.0105306033658715 -0.167484404342327 0.530003282386409
-0.0186369922856102 -0.00494553653430228 0.000625112445657402 0.0755905532156922
-0.0202619364608148 0.00164157625914804 0.24780295163352 -0.409432957912788
-0.00508722793787784 0.0384440525851436 -0.357184596532293 -0.757157557997977
0.0213277437575278 0.0194662958679545 -0.903787451751128 -0.0504064266318108
0.0203251021622815 -0.0174536628299211 -0.315257446949283 0.669481813814997
-0.00791304318049034 -0.0277712357715195 0.277847026324369 0.444632189903921
-0.0169568245827988 -0.0147279573296334 0.356558451650374 0.0238864455933819
-0.0132482956428264 -0.000290566358902539 0.171402836740906 -0.225614985835034
-0.0220750367217095 0.0124881039902073 -0.124814356587491 0.141398004024047
-0.0150319384661965 0.00289047132118304 -0.243971419689465 -0.0547891324972081
-0.0133257251569284 -0.0265455949658765 -0.217921742317521 -0.374005370882144
0.00609680539580093 -0.0322056923569277 0.272276024400391 -0.522831846816729
0.00443782526276686 0.000301458395570817 0.774690518942522 0.0332052976473108
-0.00260599363446247 0.0100778734334572 0.395254852300427 0.683027694302329
-0.0189078957118176 0.00716381165789154 -0.190213808281474 0.528337154329978
-0.0123666243095352 -0.00576766429255463 -0.000588815415313442 0.0758252106862046
-0.0170655553736349 -0.000230960394621319 0.231397988334464 -0.413035857370115
-0.00667260558269516 0.0354248897448075 -0.395858107109483 -0.727617342251881
0.0124989007878033 0.0186234823890017 -0.899377027993285 0.00990529964697139
0.0172853110595881 -0.0142587698158671 -0.269775233367723 0.68635977123006
-0.00174040479517737 -0.0201311419597801 0.306370951811899 0.430163365273879
-0.00884048306354096 -0.00878741606132681 0.360930357849206 0.0115951746169155
-0.0134570944837876 0.00101532008366398 0.171757783406336 -0.228497091022199
-0.0195253178056667 0.0129057047829978 -0.126137183620455 0.140155551536624
-0.00737563804284646 0.00883500450917274 -0.237268238903561 -0.0577350847476584
-0.00513521293742635 -0.0170912702177309 -0.199340484957696 -0.380579281961166
0.00361902706127597 -0.0244801340227908 0.300335071121301 -0.510588068513216
-0.00473082936959398 -0.00140166652493814 0.773930763761176 0.0763340486266338
-0.00384911662540245 0.00296051127470936 0.367487166008905 0.709080141780682
-0.0131470731789395 0.00431546222860107 -0.207924084318266 0.526639208075498
-0.00518182890005348 -0.00704221743454858 0.000218453526997593 0.0747365636660828
-0.0114106526849141 -0.00351662858064794 0.214233491657429 -0.417352246908836
-0.00871793983930381 0.0284855203554885 -0.427863632931888 -0.70144571554759
0.00354547628641517 0.0189445440179058 -0.894922000810534 0.0557153214091198
0.0161943430625544 -0.00647954812365345 -0.236183425282045 0.695378968483384
0.0083565664774718 -0.00897572021419298 0.325580570833472 0.416838608967681
0.000909046337407847 -0.00214449948583115 0.366219580182721 0.00385656657511342
-0.0109306682788196 0.000787304736403381 0.169491333525756 -0.230551259858605
-0.0147565367765244 0.0141581868761051 -0.131525974541656 0.14070375055113
0.000220273452955362 0.0162506577861796 -0.234266278257181 -0.056388643123544
0.00100699823279014 -0.0041173976922351 -0.186634938335708 -0.386470820956762
-0.000187212286989828 -0.0158705177383843 0.314671818155603 -0.504763326742874
-0.0124567382373785 -0.00410191702731826 0.770005366209786 0.0996321959353508
-0.00423994636086549 -0.00400834756720654 0.34582597680522 0.722205141418745
-0.00732261938094929 0.00131929630238946 -0.211512217085542 0.523259714170483
5.09312806767175E-05 -0.00731493185076503 0.00372609608902973 0.0746808107235279
-0.00632515485744796 -0.00654373029356737 0.2078225705072 -0.421444037739464
-0.0102875693052092 0.0218203970091451 -0.449589784187764 -0.685914956892215
-0.00557980355950881 0.0183125001112894 -0.891584300300331 0.0856153954653414
0.0155278074921612 0.00159469327910286 -0.213306254865171 0.696762387661936
0.0188483992030909 0.00307390754328583 0.340971568468957 0.406321992537125
0.0117098155670591 0.00415328538536647 0.367681198438181 -0.000711876517303767
-0.00610677392621867 0.000454468653210925 0.163483929607955 -0.22960840741897
-0.00867284102012409 0.0150083640938247 -0.139446944279612 0.142253186778189
0.00730157477093177 0.0229846398547866 -0.234279640522615 -0.0525004698505792
0.00527195504493706 0.00999664849909989 -0.184591711088397 -0.391507717665606
-0.00416566769545915 -0.00606772653909104 0.318838017183254 -0.50898525684379
-0.0192526417310118 -0.00758485637281694 0.766994381034404 0.105076559940156
-0.00350506705785695 -0.0111487359768389 0.340590153882103 0.726898822190103
-0.00263279350817053 -0.00160950462586903 -0.211393552539737 0.521333364608432
0.00392763610187856 -0.00738292339248415 0.00892463577543512 0.0726822623944583
-0.00187892224182894 -0.0104663599175407 0.208096622202666 -0.423807317118602
-0.011698565811323 0.0131833066431427 -0.455815540033966 -0.682010605768252
-0.0123700874107517 0.0185089932799006 -0.895050896913979 0.0928350919849798
0.0169719743437295 0.011608448032843 -0.209908104570324 0.694221013796049
0.0285932134535286 0.0147795364045748 0.345530410478733 0.400962607947958
0.0214379261982806 0.00995516047114082 0.366487922297655 0.00112718196831862
0.000162258085904318 -0.000160443981219094 0.155865914299838 -0.226047906683765
-0.00281735953627999 0.0149623098227919 -0.14669571790189 0.145522181517891
0.01173831437388 0.0276658661612493 -0.240026295150717 -0.0457260742264004
0.00816863996442761 0.0218009130926875 -0.191669281441236 -0.392009871644226
-0.00609254112538338 0.00171269668038626 0.308080024781691 -0.520863768910287
-0.0230347811531671 -0.00963885751963332 0.765420825573821 0.0879986614424387
-0.00320226828552009 -0.0161317819556226 0.352028415514664 0.715365663605329
0.00010784776192559 -0.00253440290974499 -0.199167161116912 0.520635415731437
0.00418576354887423 -0.00729682981388088 0.0156365077772461 0.0715626693224384
0.00117177304380938 -0.013066058784768 0.215014767883684 -0.426836085945285
-0.0112437978391413 0.00616078744066219 -0.447774520890023 -0.690793050571832
-0.0176518304281107 0.0171619405613515 -0.902588932287688 0.0779368527155649
0.0170065778980411 0.0211060203031495 -0.225731445825446 0.683066278520486
0.0356622135881233 0.0268440234741875 0.338629946422365 0.403020805000426
0.0294855757433655 0.0137108281284772 0.363292080472258 0.00848500889981017
0.005497189883556 -0.00157153723785537 0.148856346503184 -0.220866415068581
0.00220152332357931 0.0143477966264329 -0.155040391221508 0.149982506516711
0.0154726279756904 0.0295048012847259 -0.24773736574472 -0.0377428288706988
0.0107469832807723 0.029403900645691 -0.206873968196527 -0.387479829524578
-0.00610681851911683 0.00883677044106119 0.280441972667803 -0.541272496817642
-0.0228828943649036 -0.0100616572393106 0.759627787849492 0.0489793041946415
-0.00155460435635869 -0.020300513788424 0.379493579821873 0.695127034484145
0.000646540584479601 -0.00208472831828044 -0.181629416241902 0.519763430468401
0.00306301462257577 -0.00697201510877166 0.0214169426275588 0.0722961601560495
0.00288663848210902 -0.0139819735037113 0.231793278131763 -0.426445637191323
-0.00895544363970169 0.000998231363590908 -0.425810296662932 -0.715420261322482
-0.0184972388737791 0.0158440252834721 -0.909227410759205 0.0357222844249109
0.0162867024587575 0.0288584518772868 -0.258392203936026 0.669265161274069
0.0378233624047998 0.0355196032276965 0.324044830603153 0.411632783510703
0.0335320629934 0.016300706882141 0.358400403784794 0.0217046921444756
0.0107605701181909 -0.00147276666435793 0.139709592252154 -0.214085171017976
-0.0218070451304555 0.012832664405498 -0.133861873706031 0.155015570030483
-0.024077510862496 -0.00319451097145842 -0.266801400189042 -0.0354857254371189
-0.0279248355422806 -0.0324093501147142 -0.270849755603727 -0.355884854251395
0.00480449602234623 -0.0367535824591438 0.196821950050001 -0.566542269395847
0.0155855572452945 -0.000490119635569988 0.771689907034983 -0.0837796917591248
0.00328565114558223 0.0152604857419251 0.482524297842336 0.619456810799393
-0.025979045191828 0.0137911970341816 -0.138315015678604 0.536091658466505
-0.0253142548171498 -0.0041649045159901 0.00536922077402382 0.0768414065806771
-0.0242670719418057 0.00214869295318624 0.270239155162487 -0.412045759354584
-0.00371398349427154 0.0395800778988218 -0.322999473070419 -0.795428023433343
0.02749867970859 0.0212588934846063 -0.920362173424388 -0.104304307105543
0.0232055805752989 -0.0168724787970501 -0.358610081458954 0.66205478346364
-0.0115165277952204 -0.0313042291405606 0.260576818063822 0.462887792672832
-0.0201965498897692 -0.0197987274394641 0.354247317930756 0.0362758611835236
-0.0110994319413892 -0.00268820803077526 0.169317428042474 -0.22587085046911
-0.0240073235911895 0.0127824026929919 -0.129106337198441 0.149653161510589
-0.0210895664988973 -0.0016001053826714 -0.25734083940097 -0.0459891571423934
-0.0211948097455177 -0.032443091298005 -0.248310399117716 -0.367090789113783
0.00530474453273038 -0.0363108755096223 0.235738034989815 -0.550388240655348
0.0111645889783144 0.000655047681972089 0.781054958891996 -0.0257414639161624
0.000164343021424623 0.0145823515247255 0.448399561012992 0.654556275125098
-0.0242245089706215 0.010721822097931 -0.164457054066484 0.538074449920625
-0.018719279748147 -0.00453903204586912 0.000887596336225428 0.0765492717612874
-0.0211338891782232 0.0017613553909193 0.248352877240347 -0.416943357753461
-0.00437846994819351 0.0384397323095453 -0.368770874228139 -0.766655016409695
0.0219331171420063 0.0204832384474209 -0.917304648018518 -0.0406089150911881
0.0200877000397401 -0.0180141777899721 -0.312125765744556 0.683767020946165
-0.00892332538054035 -0.0274951518716428 0.288458908860056 0.448471213148425
-0.0164624460975368 -0.0155983119884226 0.362048770354016 0.0211546490790126
-0.0132974681820867 -0.000526923875255107 0.172007596694684 -0.230728854813074
-0.0227747928939101 0.0130588131514591 -0.126211458585508 0.1467105720909
-0.0146889639197846 0.00255680575464119 -0.248812605876588 -0.052522208436677
-0.0132219323511105 -0.0274857168990586 -0.224299374328807 -0.377840719146855
0.0061060847990493 -0.0314963404718711 0.271598431015773 -0.532858439454255
0.00304729568916245 0.000520582102809294 0.787178602527435 0.0240359293236686
-0.00210302942005588 0.0101983442119503 0.409547207027257 0.689038893951684
-0.0186301697188149 0.00772796973347296 -0.188351271157112 0.537636383521451
-0.0123696432084459 -0.00590530115367396 -0.000467787552902852 0.0770988829816165
-0.0165285056458295 -0.00045973642177637 0.229058786808901 -0.421218501240862
-0.00670348022097936 0.0345117222412149 -0.408473809122134 -0.735136150732073
0.0137234652857201 0.019116002878997 -0.913891727882363 0.0214846801382912
0.0182296058145504 -0.0143035557327916 -0.267927882948738 0.699754901701235
-0.00155561012780565 -0.0210887486733766 0.315516536929175 0.433971567867269
-0.0087723491569452 -0.00953519007362342 0.367871345759869 0.00787942992653818
-0.0139212255692893 0.000654795501103687 0.174133902376327 -0.234450770211949
-0.0193661820640059 0.0136757154686866 -0.127880078843615 0.144900399337457
-0.00750124086541249 0.00926564162791856 -0.241133460711309 -0.0546780510613051
-0.00533824532957894 -0.0176222271974942 -0.207382025815701 -0.385290828121432
0.00366933574534931 -0.0250799944105708 0.300348878027207 -0.520534423833112
-0.00512032723874906 -0.00117874205013351 0.785135041857389 0.0681481194325157
-0.00417963945369489 0.00342577291568127 0.378868005199529 0.713090255273503
-0.0137306759297637 0.00514850319145959 -0.204443726788968 0.537879653845305
-0.00576678792857476 -0.00615609837374972 0.000715651864462233 0.0765621755119323
-0.0116126485484084 -0.0037499183785703 0.21489712638339 -0.425304400654933
-0.00853492668265643 0.0296982885899503 -0.440179921654792 -0.707850769760097
0.00411386566307707 0.0190758345780522 -0.909801621798543 0.0658060087151015
0.0154825331226039 -0.00786968375528662 -0.231528300225809 0.708828175498721
0.00753862850598579 -0.0097340785835461 0.336839239453685 0.420546275762056
-2.51839445606673E-06 -0.00104321741459257 0.372558523352932 -0.000904129531377874
-0.0112178660083559 0.000896551032620041 0.170352256184897 -0.236538331667893
-0.0141747798247317 0.0148704671560766 -0.132446908870045 0.145583159424775
0.000443903105447713 0.0167290521782802 -0.23817343082964 -0.0532281811878136
0.000756332046556751 -0.00431386205687103 -0.194459171027 -0.391810650458539
-0.00025702337920364 -0.0165248486402862 0.315177225665264 -0.517003217238587
-0.0129946860123783 -0.00407771801782841 0.783549145669517 0.0949250435517516
-0.00503027307785107 -0.00395005780735307 0.359057325761066 0.729216268770484
-0.0080885485218593 0.00079549164349791 -0.212330602903964 0.53191350059636
0.000259686870439972 -0.00698517592192922 0.00466595524783299 0.0755540581932581
-0.00653001312913401 -0.00709008557905852 0.20633784966294 -0.429019860716545
-0.00992776542712385 0.0218899785839573 -0.462630307180089 -0.690706558689294
-0.00527103477857772 0.0187536306162002 -0.90532810935912 0.099581852040122
0.0158445968308378 0.00143418227209817 -0.210318793936674 0.710450366482163
0.0191340623451475 0.00225408779807439 0.350419878015008 0.407868539657696
0.0119710378874469 0.00421703051424523 0.373809245081957 -0.00594765605391588
-0.00642210329279799 0.000947301989787173 0.163594879040196 -0.235293274504105
-0.00809875979056541 0.0152504724278866 -0.140805375077972 0.147290695219925
0.00756322555786061 0.0229980411494075 -0.239461276668734 -0.0493232807330011
0.00492617193498576 0.0100624532839846 -0.191962320054833 -0.39587891358962
-0.00420560101078075 -0.00658236377051701 0.317806203172549 -0.519142715035126
-0.0200098733913703 -0.00717041791655744 0.780480606150912 0.098007271597477
-0.00429510392823032 -0.0112881462473411 0.352015877134178 0.732743117876709
-0.00359719773715432 -0.00162039520425356 -0.210965503631611 0.529654018703583
0.00321484808482807 -0.00838623160225874 0.00990479486784256 0.0745277476155531
-0.00166404831916939 -0.0112432514734751 0.206585604944458 -0.431223257340294
-0.0117697052352494 0.0143431020221811 -0.46981103839375 -0.688500286903618
-0.0128474948755599 0.0184737978714075 -0.907172329337309 0.104510306164441
0.0169456187491169 0.0115472051242515 -0.207593929865688 0.706010653435401
0.0296335094112511 0.0144090252875482 0.355808648594028 0.404546642698126
0.0227568728463356 0.0103475865215668 0.37256177100985 -0.00359366641743367
4.67638215970049E-05 -0.000169819890954956 0.156357194931981 -0.23254315117807
-0.00280467533399764 0.0148054994613407 -0.14822088890089 0.150963761059289
0.0125686439722448 0.0282503629159167 -0.243385943906051 -0.0432873170847692
0.00927439603320757 0.0213594082860653 -0.198923100631355 -0.395594165592982
-0.0057855886996202 0.00227011389563427 0.305667510762569 -0.533568286434509
-0.0234668838566596 -0.00913310602882022 0.775496442235779 0.0811062202542165
-0.00362083427676979 -0.0165360327469951 0.363580171332964 0.723660020553027
-8.01818379873812E-05 -0.00233974686244476 -0.198220028247639 0.528397955550291
0.00533889317369851 -0.00857101207583723 0.0160478334895764 0.0738558641715833
0.00168410566207823 -0.0131656961620726 0.213847326505857 -0.433907624779115
-0.0110197400942761 0.00569514210810069 -0.460316607970937 -0.697873192807933
-0.0165848050369829 0.017001445852607 -0.913990129085322 0.0889786579045268
0.017667088667977 0.0211928015498945 -0.222673188815887 0.696281091639714
0.0367009886063261 0.0263455592887654 0.349261515228491 0.406323711524676
0.0296999045700064 0.0136668032856154 0.368836613063867 0.00460115210149048
0.00595687268339157 -0.000910913225351277 0.148321592159668 -0.226778919728597
0.00299923287893509 0.0147102484664059 -0.157196955482305 0.154833411820766
0.0164440692432814 0.0298382007671522 -0.251805047414303 -0.034369853943335
0.0114483364957706 0.0297713690440112 -0.216195315812034 -0.391924052315166
-0.00606564679941609 0.00895130868504709 0.279433024997163 -0.553121153292733
-0.0236936376820063 -0.00926854629195348 0.774215720600012 0.0400170400336936
-0.00161126482411519 -0.0200472860653032 0.392724251252612 0.702508078425921
-0.000521190342711284 -0.00302311220173637 -0.177933098367001 0.529015032380153
0.00327181281251566 -0.00662466725483461 0.0224762052746266 0.0735052979499084
0.00292658774500817 -0.0145716937382964 0.229618357153345 -0.434710240194407
-0.00943196616301372 0.000737695793745706 -0.438370614788455 -0.723315541139786
-0.0190085153882851 0.0169385290046277 -0.926900092654622 0.0461353228151653
0.0175966369270208 0.0290224442859272 -0.254585954942377 0.682719105942854
0.0384739639375304 0.0365718519063139 0.332904307566964 0.414674162111241
0.033979670692711 0.0169666397024943 0.364558999315242 0.0170388801116945
0.0116523157056292 -0.00138928699813511 0.140989907434311 -0.219429144900504
-0.0224539336391687 0.0141730558020612 -0.13349499176317 0.160781858459465
-0.0245061603842025 -0.00348776598855706 -0.27153738433481 -0.0323961372990584
-0.0287521270265593 -0.0324942716409097 -0.281029438911012 -0.358090296534267
0.00453637904972664 -0.0366166022268332 0.190574010388752 -0.577518387615008
0.0162812688370559 -0.000420742811225842 0.779668408252882 -0.0950820342369268
0.00330354575838056 0.0152642926500359 0.498528121258535 0.622385127375385
-0.0267398753291199 0.0145864357250239 -0.133726846966596 0.547104790258509
-0.0251617076624594 -0.0043866063158096 0.00591237515392705 0.0787245605697842
-0.0239750310523368 0.00267612946503489 0.268419721106816 -0.420788414114245
-0.00286946048754477 0.0401219602552459 -0.338952252900781 -0.804647142154824
0.0281561144919561 0.0206024505875028 -0.937756364293855 -0.0931300780474282
0.0240404102413067 -0.0180558139177205 -0.355701744576256 0.675707978940585
-0.0119717613969276 -0.0313833217805064 0.269418811641145 0.465492915647985
-0.0211242458689195 -0.0211506035255607 0.358875804304411 0.0306551645514816
-0.0117371923822069 -0.00296501614776476 0.168690983105744 -0.232725809990966
-0.0240836025749528 0.0142102096483264 -0.128945967660025 0.155474750996276
-0.0208827036420626 -0.00114706889755667 -0.260906461983367 -0.0425019230113006
-0.0221316726756514 -0.0329133110284648 -0.257381831752768 -0.369060160877497
0.00534380048310561 -0.0367750208367928 0.231872367213989 -0.561092370988921
0.0106791947606688 -6.26807052617352E-05 0.79184947157474 -0.0399182153986575
0.000395593440881158 0.014588663821171 0.462776550533557 0.658609596498476
-0.0242945756673465 0.0113747250704128 -0.160312445586459 0.548260061427247
-0.0195806513250791 -0.00484983442719282 0.00226430470788989 0.0784847465862644
-0.0213763194856012 0.0018455525660495 0.247200655335347 -0.425017275792052
-0.00377658085496348 0.0392037719894282 -0.384128071713377 -0.773143341004165
0.022384051035858 0.0205080283414215 -0.931627525247431 -0.027953060532893
0.0208961179054175 -0.018643027767818 -0.307302416351471 0.697443625647938
-0.00963781401757208 -0.0287499222735704 0.298078080889171 0.451221874996511
-0.0172436343677375 -0.0158700003656642 0.367691341570539 0.017440880515394
-0.0142066684827499 -0.000980187817544201 0.172427365201379 -0.238026544273866
-0.0219536643838312 0.0138182429399322 -0.126857206509047 0.151584037817348
-0.014355829364766 0.00292246346442048 -0.252150396545722 -0.0495739266864856
-0.0144770030645938 -0.0281504663054187 -0.233039422114835 -0.379579446507583
0.0053390973518916 -0.0330237750525147 0.267524438565681 -0.544818704019706
0.00343680033585284 0.000975594851171953 0.799216151210903 0.0116835018679682
-0.00301856187719061 0.0100679205889872 0.423457138125727 0.694689190329829
-0.0192935360596155 0.007453180973729 -0.183705230165469 0.546173375316436
-0.012513587088676 -0.00570753471751213 0.000950845256696456 0.0781935810441352
-0.0168271051436873 -0.000144684235235889 0.228710319452564 -0.429227229312316
-0.00620149683671313 0.0359828096194255 -0.422916727212571 -0.740195997642882
0.0139912553306376 0.0194987176513902 -0.926924333886424 0.0335892037520476
0.0175958796932979 -0.0150295411008386 -0.262625556496963 0.712697924621963
-0.00161610101872619 -0.0214138010153943 0.325045176625805 0.435302223629125
-0.00927894753968878 -0.00947540904012213 0.374017441675499 0.0019735778780665
-0.0140996250332684 0.00149166460510429 0.172716971418117 -0.241496212220032
-0.0185264819815466 0.0141480479466901 -0.128974998852595 0.150508206535065
-0.00658251559270756 0.00958968585509555 -0.245279446821073 -0.0523203059057932
-0.0057499767745268 -0.0179766237982229 -0.214485854841616 -0.387656169822509
0.00285486665824727 -0.0253305472510823 0.295518576110604 -0.53254210481188
-0.00496832383930292 -0.000622956303322965 0.799732780367484 0.0602853732541456
-0.00448089560277451 0.00374465092932015 0.39192248978149 0.718162370869683
-0.014056014130516 0.00428450318306144 -0.200966215602054 0.543616347437332
-0.00628367213694278 -0.0065094412371987 0.00244888343824447 0.0778325712007129
-0.0120005809227515 -0.00281094746115585 0.212507656692082 -0.433186166924469
-0.00787792199142586 0.0297345146628343 -0.455598276987622 -0.71157558405248
0.00410716795917703 0.0193770225148527 -0.923019775838676 0.0795690134067603
0.015839817375168 -0.00820013828660246 -0.226628727753874 0.721698035373979
0.00811668810594213 -0.0102042000344106 0.345374605077285 0.419705619849782
0.000421178406534268 -0.00215821321187032 0.377853992319184 -0.00660997648920066
-0.0117332306265472 0.00116946025685033 0.169052064557743 -0.243748903852871
-0.0138753315223758 0.0153002267334857 -0.133184014284623 0.15045725942575
0.000813802064609965 0.0169640839930756 -0.242629381669634 -0.0500459866296925
0.000707910334707103 -0.004266078427503 -0.2033619299441 -0.393913482728231
-0.0012315740449319 -0.016674804482785 0.311717080392697 -0.528165646595082
-0.0141581696901683 -0.00370129476928502 0.796711151536322 0.082767763538478
-0.00510585526850565 -0.0040852416096684 0.371639350594381 0.73573123894631
-0.0080843758608578 0.00162529076448415 -0.207651824828928 0.543166825522204
4.56220359659934E-05 -0.00794941400535785 0.00575307081594612 0.0770430672305177
-0.00730263238757342 -0.00694536127269027 0.204005611188717 -0.438449885273499
-0.0103111526806486 0.022272025215542 -0.477130403391465 -0.694920619745547
-0.00481316277398533 0.0190428486662902 -0.916628373276994 0.111186162334033
0.0169232723392144 0.00134067681540871 -0.204236700911221 0.723499392607032
0.0196418204500437 0.00249881091606255 0.360721512648489 0.409884579042773
0.0116965438321319 0.00423484841736936 0.379923337485 -0.0106491581457126
-0.0063679061354517 4.60091911912083E-05 0.163702646669949 -0.242109670124977
-0.00753830841301632 0.0154235808851004 -0.140878979286284 0.153376907852085
0.00787677853545648 0.0227561937684855 -0.242801808444847 -0.0460267156880838
0.00497153441584682 0.0093938497380578 -0.199584234584478 -0.398740099218444
-0.00483033158008318 -0.0064579184385866 0.316146990119772 -0.531391592312855
-0.0206948002553935 -0.00686402406608451 0.792015814115569 0.08803587858248
-0.00455116391031649 -0.0117799452643137 0.365424761221196 0.739743919930858
-0.00327804908378769 -0.000862235514443942 -0.206952785408502 0.541048686721386
0.00342436151664497 -0.00733552890288355 0.011235702150242 0.0760021435811799
-0.0020682827965844 -0.0105413311867991 0.20514808888364 -0.439837652375613
-0.0117939766982509 0.0140279117895347 -0.484107284302249 -0.690561708710869
-0.011448818671679 0.0189324763072628 -0.91813336822589 0.118528224253689
0.0169680830376323 0.0114393937087059 -0.198632484305144 0.720360374213204
0.030121975427743 0.0145258259863292 0.365870240106617 0.404643858691901
0.0232344159811421 0.00994636760059038 0.377758776068221 -0.00892430886517424
-0.000217422723976161 -0.000260949500091715 0.155885618808972 -0.23793329252741
-0.00177383125966244 0.0151624040645184 -0.149756081086896 0.156633681364214
0.0138513062453124 0.0277252876451033 -0.247258918521263 -0.0400511415030681
0.00995487829258919 0.0215677746851086 -0.207865028198814 -0.398300879938633
-0.00687315647928363 0.00196914786526 0.302124075017107 -0.546008701969868
-0.02412053429072 -0.00850495276569574 0.789103226951685 0.0712708837764632
-0.00429937585125692 -0.0175092538386096 0.379474859527469 0.728704943973551
-0.000692894087631889 -0.00221644100655701 -0.194439160004619 0.536844220043261
0.00472429873892778 -0.00850277480709643 0.0174052825836355 0.0750318228265378
0.00133407188616387 -0.0132611041836041 0.213507821431482 -0.443604659467092
-0.0115989929332535 0.00632000228408363 -0.475819280724552 -0.703293459623479
-0.0164005668343291 0.0185574494939264 -0.927549333114387 0.0997362256046932
0.017324897095432 0.0208745369441765 -0.217717143071224 0.708138435585371
0.0377570167437211 0.0258003321945675 0.360680063016526 0.407401364879994
0.030840777925386 0.0143407273992018 0.375026557615045 -0.000924234072244596
0.00641682616870377 -0.00129622710297421 0.147139265778498 -0.232867125857656
0.00369992968981884 0.0152992575324505 -0.157538351478909 0.160604329322968
0.0172837743281353 0.0300178304856989 -0.256078061007288 -0.0296743831181975
0.0111136812204749 0.0294406286563847 -0.223738388733814 -0.394586509299773
-0.00642822158125539 0.00909243382318589 0.275236154817968 -0.564397533464975
-0.0242838364970372 -0.0092277192111702 0.784226431116227 0.0302324987043133
-0.00341576197630557 -0.0209254748514723 0.407069308104046 0.707649666090965
-0.000168862625815308 -0.00257821237276397 -0.174391948139983 0.537531667005735
0.00359819414824361 -0.00725134126443721 0.023995743860194 0.0738940821849057
0.00297320497106235 -0.0139720369815356 0.229039639081461 -0.443092380186455
-0.00921071905555878 0.000455727962640911 -0.452112497177975 -0.727598228628159
-0.0189158110638198 0.0174080535489088 -0.938947775543796 0.0601805334211539
0.0175473517264042 0.0292311690932677 -0.25066457428377 0.696145147010542
0.0397851829575007 0.0353160469273621 0.343931386062022 0.416946872426668
0.0338070430917683 0.0159777163447511 0.369836270131861 0.012143685667488
0.0109968983666013 -0.00255407967137723 0.139529604380794 -0.225432892192079
-0.0214566060642692 0.0143442441712207 -0.133664416452984 0.167184098254126
-0.0247158484888155 -0.0026615845062561 -0.275724285028844 -0.026511753647004
-0.0304749753654745 -0.0328547239405893 -0.289649163927835 -0.357524222691989
0.00291349717038975 -0.0373557539344744 0.183418475744831 -0.587555199454876
0.0163348322755625 -0.00054591379237132 0.788071246745286 -0.10935578016479
0.00356784724213191 0.0154153274682981 0.511479657565994 0.620290187785267
-0.026699946825706 0.0140453800091493 -0.127342609877462 0.553086792201168
-0.0254500486100268 -0.00358779716932919 0.00706884893274191 0.0795321686141472
-0.0247409956237851 0.00212927158328829 0.266307756811046 -0.428480673735989
-0.00189690783091801 0.0391935052952931 -0.355419731356453 -0.809122643784625
0.0285662153398384 0.0211164245507633 -0.949002196034889 -0.0768507584086609
0.0233843937441356 -0.0180934145773591 -0.34856704755986 0.690364077591294
-0.0128868632346329 -0.0317625230317559 0.280029190285401 0.466596688574853
-0.0211610135532705 -0.0207308141727226 0.36460836767994 0.0260588595612646
-0.0123355795044154 -0.00227039988405032 0.167206034491472 -0.23897233248727
-0.0224920748589986 0.0140672378905423 -0.129100167271946 0.16151894882821
-0.0210335867274632 -0.00127639499081028 -0.265412313404708 -0.0372474434011595
-0.0232888474280188 -0.0331452482263702 -0.267278584601809 -0.368315297179184
0.00454679224307629 -0.0374007166110495 0.224261807609794 -0.572367786616388
0.010931660055717 0.000567219541488303 0.800770786506919 -0.0513233602274176
-0.000119839959588926 0.013960072284945 0.478519368910698 0.657481276416188
-0.024036294040774 0.0114290878391514 -0.153990708205679 0.554197092828785
-0.0200676320858265 -0.00455810616642429 0.00348039978989223 0.0807995390287919
-0.021169575321312 0.00168815476235181 0.24424423872541 -0.435008142069573
-0.00308133580466547 0.038918403708249 -0.397750572858669 -0.777994201038693
0.02280268054265 0.0199348857894942 -0.944423901969862 -0.0130816099834135
0.0203216988858605 -0.0194449858789236 -0.302728471950882 0.712135585918772
-0.00938306131193149 -0.0282788430263864 0.309055915897019 0.452789945127686
-0.0171864780348452 -0.015834370486825 0.373239590707001 0.0106479405103447
-0.0148625279974784 8.08069287679672E-05 0.170935528641406 -0.244666966322149
-0.0219286460200468 0.014516744743092 -0.127451110620707 0.157970840181894
-0.0145116940264725 0.00352375257504034 -0.256375671195044 -0.0442338867796888
-0.0147846614764909 -0.027617209281146 -0.242617341662537 -0.381160071334354
0.00455100488364459 -0.0333837170933795 0.261861435864963 -0.5560989120557
0.00387019976060832 0.00074941501735642 0.808428566422336 0.000619741597203716
-0.00221770378469342 0.0104046227996579 0.439849965064721 0.694215268508689
-0.0198285285695818 0.00889927814654855 -0.178811849386395 0.555259589341163
-0.0132149518481031 -0.00568142079511588 0.00107621845005586 0.0803279702911318
-0.016840234950917 0.000728566057666032 0.224865728413506 -0.438136782000464
-0.00521318294100551 0.0354569217018784 -0.440229483377047 -0.743195975580694
0.0145401484257637 0.0197074663213677 -0.93755324148416 0.0500611128122656
0.0174342374246474 -0.0159980168023147 -0.254993881291142 0.725662121150274
-0.00256284005242903 -0.0210268635362337 0.336913663946361 0.43548939898763
-0.00994134360649514 -0.00868133056374011 0.378206473003701 -0.00382210112132084
-0.0138137003724535 0.000476934217473491 0.171020154290257 -0.247771156356271
-0.0187610260874783 0.0157131856434352 -0.128747624038246 0.155529161057344
-0.0062143160305348 0.00932554718581143 -0.250036359782274 -0.0471808187073483
-0.00598370002576684 -0.0178088541644682 -0.225297380467087 -0.389117742138471
0.00296083589584826 -0.0259084073404329 0.288731392214624 -0.544577808090076
-0.00533985761269875 -0.000789278053374408 0.80973719497697 0.0448731197994824
-0.00364477721820681 0.00378164465951038 0.408126735616233 0.720742684797638
-0.0140775646695526 0.00452458450865131 -0.194357956782057 0.552131268206733
-0.00590046877140897 -0.00602351382743825 0.00298910672389555 0.0787201254464225
-0.0123317753697351 -0.00335636640272408 0.210655869934047 -0.441213804774108
-0.0076280199859956 0.02918685549635 -0.472071114656422 -0.714831887158948
0.00459293971641645 0.0189703255638869 -0.930859192071443 0.0959160867405186
0.0158745569779292 -0.00842983808605299 -0.2171131423055 0.735049329479665
0.00868618755798303 -0.0105699908410088 0.358060152579802 0.419896124921806
0.000627611263220001 -0.0021696202203237 0.383284340347811 -0.012691409252405
-0.0113042859635081 0.000849258103012092 0.168399700782075 -0.249467125747787
-0.0129600865657288 0.0157539798409676 -0.133176175322323 0.156858910508884
0.00215419206076739 0.0167897492862554 -0.246059886140332 -0.0464689392093752
0.000375797449862 -0.00486471654809808 -0.21131232709248 -0.394961883300673
-0.000849801371826209 -0.0176691970215755 0.304245227647342 -0.540280230967046
-0.0137500941907448 -0.0036701052982346 0.808177577368476 0.071177841876093
-0.00507686652239389 -0.0041359436004146 0.388339836891078 0.735537926144721
-0.00881815422629406 0.00160418303269222 -0.203502679739333 0.550219397383884
0.000451705573905883 -0.00796677272550288 0.00651369543830018 0.0785626690584394
-0.00744298530122834 -0.00688366154266923 0.199679570075201 -0.44598480019363
-0.0104566334176557 0.0218933890470592 -0.494339607069607 -0.696575245148256
-0.00397438650635924 0.0199343405694225 -0.927469325432649 0.127250773487842
0.0169674623587605 -7.50478764684134E-05 -0.194216805406126 0.737344511062429
0.0204602068732296 0.000692987388314203 0.372503887435991 0.408879608869239
0.0134207690979603 0.00413581169638167 0.38394437518313 -0.0171311280184828
-0.00660408312804929 0.00127633405219787 0.16170242824444 -0.248631127337248
-0.00799650153221236 0.0165001011631069 -0.140633328311723 0.158603826330226
0.00890707814175406 0.0231430638385059 -0.246409440539119 -0.0424017293451507
0.00566382012868211 0.00971340599342852 -0.209288934922033 -0.39954059890036
-0.00442148327205665 -0.00640605028242168 0.310196413058026 -0.544446909917191
-0.0211827013482759 -0.00691058284867673 0.803213666121072 0.0760052511349242
-0.00541845829848049 -0.0109333336588546 0.382966538192687 0.740854517351451
-0.00447400727577906 -0.00109714908374006 -0.201464925583555 0.548531106120784
0.00361934683127409 -0.00783639283604037 0.0123916095617234 0.0772422461273707
-0.00241682592669274 -0.0111034257467054 0.20185333644867 -0.448412478418378
-0.0112433689028993 0.014320304634399 -0.500381878843191 -0.692036532903827
-0.0115381842081198 0.0197798474266759 -0.928105423988767 0.134423061880356
0.0179413864938566 0.0106478913074068 -0.189732082306591 0.731651635550208
0.0309499497144235 0.0142673938817275 0.376880432640387 0.403359922238946
0.0233269555466374 0.0085073697542117 0.382526444632725 -0.0155308660769691
-0.000446628016823444 -0.000339075175836408 0.153999450068547 -0.244154518955487
-0.00185030026615311 0.0164419766018779 -0.1485615521527 0.162340052313046
0.014538833317833 0.0281247710244345 -0.2509350591268 -0.0351759658292295
0.00919970956766399 0.0220315274450574 -0.216636686567012 -0.39921543353115
-0.00657010971696903 0.00260062890889096 0.298252832151765 -0.556315511167483
-0.0245344721846578 -0.00837954256736192 0.799154611357726 0.0598909160242586
-0.00357602074100643 -0.0168683487781999 0.393831516018699 0.729170237977218
-0.000700367255283805 -0.00223286217728372 -0.189949088517305 0.547153874860479
0.00486374300769427 -0.008439944302699 0.0181746901706886 0.0757445407500812
0.000520212235224821 -0.0142521134050043 0.208883128138532 -0.450621125087594
-0.010636759785253 0.00647065421238116 -0.493324044532419 -0.702550537634727
-0.0166814353173165 0.0187939400396228 -0.936214076467299 0.11781762438489
0.0185357589582761 0.0208991130059765 -0.208479815876894 0.721286491778487
0.0385848613090486 0.0257636425442972 0.370604185868415 0.405550173471843
0.0308468757014154 0.0130998818270639 0.380103468111927 -0.00729766719175208
0.00520092427812508 -0.00167034770220599 0.147190104517142 -0.239091777180606
0.00428858767807403 0.0157314952901054 -0.15730632762398 0.166449579300835
0.0177270039375207 0.0302652136949364 -0.259379307001482 -0.0259089815692602
0.0117368387771808 0.0298932893965223 -0.23375104178267 -0.39529577753315
-0.0065243802230997 0.00952530230276803 0.26898714643665 -0.577933949610069
-0.025124648440974 -0.00889215832347539 0.794693434130096 0.0181615889456977
-0.00299410378925364 -0.0213199400965516 0.42156704590465 0.707711352569481
8.56838754410352E-05 -0.00286096413323284 -0.167484769095443 0.54645328427334
0.00266181814697655 -0.0076377857413286 0.0252384378890938 0.0751907926936776
0.00278033842023652 -0.0149925468009923 0.225813154041279 -0.451869307609028
-0.00940811136907868 0.000555216010629215 -0.468521902058696 -0.730030018000499
-0.0183933080275803 0.0177931137568439 -0.950095831501082 0.0752066841672255
0.0181262663268179 0.0291247063161146 -0.241209634323813 0.707080397298223
0.0409879638344821 0.0340574002663883 0.355796025495284 0.415242028850639
0.0350455407570747 0.0153153916671262 0.374968097017979 0.00680803941764117
0.0109073211858924 -0.00207116115719363 0.139926103836734 -0.231854560315217
-0.0204673625712833 0.0181384301931738 -0.11354167071904 0.182374215597186
-0.02591101700575 0.000112151006365634 -0.278415162668304 0.00636845806164923
-0.0355378179114574 -0.0297595341210361 -0.330025922275569 -0.325525445395181
-0.00140561753939258 -0.0425261192195942 0.120923038912062 -0.605757357424917
0.020651674693737 -0.00577656066875166 0.77210873510882 -0.195222648410316
0.00460668659153691 0.0167384347572367 0.582517483523231 0.558624159197135
-0.0238559258572708 0.0171559389941505 -0.0587609546874058 0.570550154204712
-0.0253157114915693 -0.000843338152454247 0.0169139051360381 0.0795772036418157
-0.0243297977773457 0.00581324664218897 0.211037328111981 -0.466376768547673
0.00429100699030657 0.0376819995824914 -0.462333529179653 -0.764634804121875
0.0294521037124666 0.0145235479995616 -0.967655234836249 0.0515373292657926
0.0184629239980864 -0.0257509221042469 -0.251730430099108 0.747927173855356
-0.0170913778245809 -0.0328541560830004 0.349198959620975 0.432526829216165
-0.0234462633371377 -0.0189353414686756 0.371295108899547 -0.0289902563959481
-0.0125567916360873 -0.000765451922675575 0.133399316327875 -0.268649252802577
-0.0211395318742452 0.0178828789687328 -0.109525860336131 0.176836657701494
-0.0220377393544391 0.00232948342872962 -0.269273548056981 -0.00591517144054646
-0.0283686564907344 -0.0316891718353517 -0.307182734548763 -0.340871378362625
0.000254904545653089 -0.0432843095353714 0.163811097383117 -0.592696204316562
0.0150240130624276 -0.00339214065872334 0.790234686002642 -0.139521594502322
0.00135129852713448 0.0159235115585451 0.552207676138956 0.598206857046637
-0.0221274239712554 0.0144702519328341 -0.0854645543798874 0.57539091096144
-0.0200380631261248 -0.00175398683197716 0.0139169506192311 0.0808160995880238
-0.0217296614789788 0.0056440397819325 0.187266440900741 -0.466960024267042
0.00281360286673424 0.0368006584041628 -0.502693009334049 -0.725756185766837
0.0236911188787626 0.0150038114092358 -0.952844888568213 0.117808014254277
0.0138044381172161 -0.0260485605296218 -0.203389259047099 0.761338485476681
-0.0142504736656157 -0.0296451278903979 0.375328158773098 0.413255599905964
-0.0187537832322078 -0.0143023707125743 0.375321388556363 -0.0448231099568393
-0.0143899499498985 0.00122858353720775 0.137180117032449 -0.274658385196414
-0.020314962244094 0.0180226346910607 -0.108144914499316 0.172599033365193
-0.0147911696255913 0.00517512883693315 -0.260845020378618 -0.0134116566129954
-0.0201245876142193 -0.0273567605228409 -0.28462142773013 -0.353789057735629
-0.000244724664973397 -0.0392857189560277 0.201880606472215 -0.580902395470295
0.00836475910997512 -0.00250311583479037 0.803546850081272 -0.0874789565316002
-0.00203989892270536 0.0126029747667975 0.51723203256678 0.639464763720454
-0.0175852954328241 0.0107463985169689 -0.108284950475376 0.578785804542002
-0.0131092147570472 -0.00319610603800694 0.0110697218724097 0.0805167102598649
-0.0168908513515157 0.00319902777454828 0.168248425843427 -0.470341064866634
0.00043260420881394 0.0338735675084628 -0.536277084086509 -0.687704488000023
0.0144538536577774 0.0150236251717447 -0.940529046237952 0.178079013515839
0.0113624734524694 -0.0212550965158147 -0.150807127688167 0.770166382859564
-0.00584437347201878 -0.0226959395302875 0.402188626057058 0.391109907850856
-0.0102994346677736 -0.00878390268592914 0.380055324055878 -0.0597262035864232
-0.013536624330052 0.00262023664697503 0.135516143889651 -0.277897488156887
-0.0168718321416569 0.0182539587166047 -0.110385929266902 0.171764347632943
-0.00643234654427317 0.0105141783330986 -0.254433333620892 -0.017464981530411
-0.0103675891004397 -0.0178082613640319 -0.267336991298355 -0.363578062574333
-0.00148460128627524 -0.031799625894402 0.231188797815995 -0.572947420173877
-0.000899703986831197 -0.00343362910626385 0.809295729478655 -0.0430077143791394
-0.00477580612217175 0.00595737283090505 0.489883730784915 0.671471589499679
-0.0125844538626298 0.00680327362376514 -0.1272494017298 0.579568168977554
-0.0059780900245054 -0.00557821712380581 0.0116788513427417 0.0797515119987729
-0.011296686844809 -0.00119329436635512 0.154224326662456 -0.471045317248338
-0.00317374264073964 0.0273811374324223 -0.565222328298446 -0.653718142162038
0.00390803297390293 0.0167960075046535 -0.924308568610495 0.223270831612934
0.0108573650335286 -0.0146360736989567 -0.112586508484605 0.77325205976579
0.00497595968176673 -0.0131184996120561 0.420208873763291 0.374692204160469
0.00123981696678903 -0.00325467795863271 0.382606167679403 -0.0676951180871387
-0.0119752631436608 0.0025728762243201 0.131575041162779 -0.279775995300064
-0.0116763260524852 0.0185697483601166 -0.113577565875334 0.17302528240647
0.00277787936666928 0.0172115575649183 -0.249253949236212 -0.0165188230332242
-0.00191864424358631 -0.00527086893635124 -0.255506157317906 -0.370659428201237
-0.00374643616391989 -0.0220470123740512 0.247922673336131 -0.568694697500685
-0.0101649590739265 -0.0051683634927102 0.809758928643305 -0.0158719902650758
-0.00615905656673703 -0.00181741052077621 0.471225472687128 0.68889679822173
-0.0072810344046107 0.00317683661148635 -0.136527367834791 0.577810261200083
-7.47689550607616E-05 -0.00783461888124914 0.016286617506624 0.0776001851066899
-0.00712137009548163 -0.00530086570609768 0.142944336862729 -0.474877808514701
-0.00652020383660348 0.020475342352959 -0.586351624903425 -0.634664252613341
-0.00447595085765814 0.0186067070457915 -0.91699712138214 0.254520610289456
0.0125337085811905 -0.00477157202944913 -0.0896164429241524 0.771975614959654
0.0190284548351416 -0.00280033404732008 0.43228853807682 0.360466753687168
0.0131215684989838 0.00100935687487766 0.381992407058154 -0.0732066665226091
-0.00598050226962027 0.00166563508924221 0.126560477572458 -0.276826008344314
-0.00599922611869806 0.0190289678951596 -0.121074704149118 0.175054866777788
0.0106657071581954 0.0235392197053091 -0.249686271099309 -0.0119873690524815
0.00508795666953233 0.0089398205802215 -0.252743767359591 -0.375381519771461
-0.00655793279145976 -0.0114648876420916 0.250970299083155 -0.573176022328453
-0.0177124128354556 -0.00787936983537784 0.805355591700874 -0.0117138396613566
-0.00667092463474436 -0.00950332723232441 0.466589047227847 0.694077686994257
-0.00266256786085155 -0.000254449192545175 -0.134188468311856 0.574960855226112
0.00318008808622575 -0.00812353642089962 0.0209724396932502 0.07566254870556
-0.00368768224705504 -0.010138728131538 0.142556908266251 -0.475726963105762
-0.00886227542972976 0.0125084506798155 -0.593621527296307 -0.629224014389336
-0.0118149576965137 0.0184115565611453 -0.918484099684831 0.262032579229049
0.0151414722893822 0.00548113146916273 -0.0886144084189819 0.765532109551629
0.0308651660976589 0.00807591666827839 0.436619876734691 0.353256900474073
0.025006094644366 0.00517231787141253 0.38055833623842 -0.0702561027262283
-0.000870312130798018 -0.000154542320058024 0.120534629143789 -0.271249823472585
0.000825778598792581 0.0174179411264406 -0.12754831996561 0.179756542055586
0.0161307892072271 0.0279824484067134 -0.252276395934782 -0.00343069417975341
0.0103600397008995 0.0203921922384817 -0.260495431673867 -0.373494132137834
-0.00822829757353024 -0.00261716308446388 0.236067949404168 -0.584809532137232
-0.0213154072872256 -0.00941611066987768 0.800244305955511 -0.0300601286567609
-0.00557217861808754 -0.0157800268781303 0.477168543809895 0.680883425155224
0.000253970698832128 -0.00199854993030175 -0.119286047582202 0.572618139498316
0.0035082466028126 -0.00876831126698554 0.0278437331610985 0.0745212757754157
-0.000779040745374815 -0.0130681290517391 0.150240553910785 -0.479763520843276
-0.00968459454927021 0.00463253402462 -0.585273646270751 -0.639745541637603
-0.0168894891528796 0.0182896013718746 -0.928070428233835 0.246571023420788
0.0172610925290876 0.0146330367822394 -0.108523109124367 0.757916339030407
0.0402976537700558 0.018140947803765 0.431202958392962 0.359886256636068
0.0328046245906406 0.00776381200957903 0.379846301868569 -0.0618911129723684
0.00472168867119349 -0.00284036467230281 0.11206961254288 -0.26408794456363
0.00638711708952807 0.01698708589377 -0.1363186761689 0.186439051500807
0.0203814222754811 0.0297729136931058 -0.259731473071313 0.00627553310344554
0.0130290621745683 0.0287097591467976 -0.275912475733582 -0.366655540577555
-0.00747314318845475 0.00538468733359005 0.204302717387153 -0.600901025979013
-0.022134683881268 -0.0100784190600825 0.789623830142656 -0.0684578688312601
-0.00585131758891623 -0.0190115567306704 0.50336052372116 0.655139190707053
0.000520640955961517 -0.00178622949793436 -0.100267557049573 0.569725907460128
0.00219724204582261 -0.00778996404631045 0.0344097451619788 0.0724303697874503
0.00114166834396879 -0.0145876005677293 0.167423736313061 -0.482696562959054
-0.00837537912795817 -0.00172549147058584 -0.565747098447441 -0.668531407774584
-0.0189856100133704 0.0167106927248905 -0.945667017387571 0.207317947072311
0.0177495780444086 0.0229102280689512 -0.142345064574504 0.751242447903186
0.0446102200200297 0.0269471713306049 0.41476016145313 0.369203040586071
0.0365489179749733 0.0102345425028652 0.375997813724029 -0.0478306405586536
0.00996235801913411 -0.00447909212896179 0.106319161400136 -0.254997663347501
-0.0195823483207888 0.0186652750253947 -0.111549592513706 0.187598480746411
-0.0251097220573798 0.000403876559878579 -0.280608190444496 0.0130391769040667
-0.0355088006190499 -0.0296450055189526 -0.338779612305342 -0.322105220662495
-0.00364895751889174 -0.0441244664060628 0.107766228658215 -0.613243972299245
0.0203951395353462 -0.00644822968541103 0.772852949071022 -0.21170185834474
0.00550420011340895 0.016181061089068 0.599163013758902 0.551747259153258
-0.0238643881871155 0.0173492622520237 -0.0477353308080796 0.575908246257667
-0.0262183737345805 -0.00046333009233416 0.0184632967173916 0.0802382560484422
-0.023941885915651 0.00670254901933072 0.203075464193444 -0.473360033605958
0.00463984942251819 0.0363054392993342 -0.479148603074454 -0.762144402725262
0.0308036978638806 0.0137190473718719 -0.97529197020384 0.0711035847167153
0.0180173652129699 -0.0264169423063377 -0.24135865201675 0.759265831629883
-0.0188142001127491 -0.0323744250682316 0.362129162741396 0.42716942856452
-0.0237120231542735 -0.0181884375306258 0.373664808016504 -0.0366895416159557
-0.0128386990873886 -0.00119856184710023 0.130045119034986 -0.274842685019483
-0.0211998191441397 0.0180035979859035 -0.106872789071333 0.181785763637691
-0.0212237725229148 0.00231779459203285 -0.271813200699337 0.00085255695525532
-0.0286614593847744 -0.0313001010829722 -0.318538322198048 -0.336421218219788
-0.00167368663807302 -0.04332804648157 0.152770343539887 -0.602586097422135
0.0158442610670174 -0.00378042500631808 0.791641512627329 -0.156125378385985
0.00137871569204645 0.0155733764688442 0.566230614536648 0.594116246607173
-0.0223856253188321 0.0146521195922985 -0.0735192763169831 0.58135238331409
-0.0201414789905245 -0.00168365795827295 0.0146624000772526 0.0818153721775837
-0.0212693226129198 0.00467538510676742 0.181155403859157 -0.473891629626638
0.00377099308207631 0.0360295337167895 -0.519200034973495 -0.721153727040197
0.0242243253157935 0.0147405326903591 -0.958592095180458 0.136777800012315
0.0125943582124815 -0.026895749249891 -0.187697672261114 0.772895136225455
-0.0151792557621321 -0.030412707121134 0.385901380794212 0.409542874961996
-0.0196850312310731 -0.0141145073738157 0.379012197692231 -0.0545694054361573
-0.0148612713047787 0.00229568231732746 0.131261698496526 -0.280790015563265
-0.0204033836288801 0.0189049690428033 -0.105741783740378 0.177276564409111
-0.0146422768891927 0.00584961931196551 -0.26211020816043 -0.0071056450527643
-0.020127074565384 -0.0270830804741543 -0.295198142905947 -0.351046767614222
-0.000940767671124445 -0.0396770667027243 0.190586345635785 -0.590516806401174
0.00801019292602323 -0.00261640444757617 0.807055266736045 -0.105754143155929
-0.00159323266961376 0.0113147812571459 0.535287775626887 0.635653514372179
-0.0178325614891087 0.0117439359664767 -0.0992783865603664 0.583070572973475
-0.0142317042311274 -0.00348673450435512 0.0131236213906578 0.0814438263861195
-0.0168240494853169 0.00385737306155982 0.161709254821668 -0.476338885390759
0.00155903000180407 0.0339238732896731 -0.55498416625508 -0.682391602278934
0.015281180231086 0.0155443375304267 -0.940649093218678 0.198826010040455
0.0119713560153374 -0.0226362437944154 -0.137248115436224 0.778761628808296
-0.00676263995987702 -0.0240238927867004 0.413472498775597 0.385562749612152
-0.0101062216376299 -0.00912567016047265 0.381311065330259 -0.0681257878128987
-0.0140069759427799 0.00345941470584693 0.130717538335953 -0.283961254074692
-0.0166953601183736 0.0189732309566557 -0.107051604242984 0.175490822211411
-0.00564708898050839 0.0114861986056285 -0.256332098595539 -0.0105006743207568
-0.0108132221003219 -0.0175742034652003 -0.27712277560463 -0.362199712460119
-0.00267623111882269 -0.0318342117620666 0.221229917801389 -0.580034339467566
-0.00111687251426076 -0.00290416871191634 0.814078907271769 -0.0600939059148754
-0.00484505896023755 0.00551744395816159 0.505728442285166 0.664842374679484
-0.0127120674580805 0.0065822903113694 -0.116451129999815 0.585073720185633
-0.00640514323659675 -0.00615309408674344 0.0126176322271229 0.0805103588786698
-0.0120482519618889 -0.000683376915329408 0.146216103493102 -0.474661970651558
-0.0027748347725266 0.0276205788509739 -0.584371944471918 -0.64799930151091
0.00496122104094487 0.0169100195669427 -0.927776998628908 0.243698254152021
0.0108940767540205 -0.0151688344450095 -0.0988422735336433 0.782450055437655
0.005443277123646 -0.0147176099776524 0.431030092246509 0.368042716885076
0.00104313771669642 -0.00313763136691725 0.384247971341939 -0.0775688056737559
-0.0113298825788241 0.00354852060705448 0.128627242421524 -0.285193526269856
-0.0113194212163785 0.0187002258930964 -0.112604924526758 0.177389797887574
0.00304022607031602 0.017424709136435 -0.251499257128574 -0.0108292339390786
-0.00199738607512803 -0.0055720936516364 -0.264822882499677 -0.36804357108963
-0.00412811032620883 -0.0220088189516063 0.237268866186275 -0.577967360339231
-0.0102129355771246 -0.00406817818227403 0.816062047446654 -0.0348439703718287
-0.00623120075703453 -0.00223186927442815 0.488182230405034 0.685090997799709
-0.00712538442339249 0.00260778851232236 -0.126658611903809 0.58319625148034
-0.00108768862424938 -0.00766475635421229 0.0177532178846456 0.0791639956044923
-0.00689165110264595 -0.00556432419077219 0.135313723105679 -0.48060488977558
-0.00598248999379479 0.0198940163628989 -0.603406974181509 -0.626145531620549
-0.00434321322190193 0.0189757987199512 -0.917704511207024 0.275972794632926
0.0125277592027778 -0.00560093187880664 -0.0737485685411182 0.77817877005802
0.0188780034472666 -0.00363864611443054 0.442929303266763 0.353849595044158
0.0135175486005042 0.000740516008061557 0.385433446041407 -0.0818448244636397
-0.00635225515668931 0.00146580272311229 0.122555493453205 -0.281975952095389
-0.00489413050851554 0.018215508186187 -0.118455773824062 0.180240434062487
0.0108084050817901 0.0233741980567346 -0.251459233536865 -0.00649119204476932
0.00508723023446607 0.00825698874144565 -0.262930417168114 -0.372467516272131
-0.00687294351703734 -0.0112970360438162 0.239785898860341 -0.581678461135947
-0.0178886245133869 -0.00665153071344154 0.81113237658921 -0.0298204403790601
-0.00708287840923108 -0.0097164479078572 0.483047722381386 0.68792926424006
-0.00259451356679963 -0.000285410082786826 -0.123008654155794 0.581449641012893
0.00301237265251526 -0.0096257299540919 0.0231019456845112 0.0766018434955855
-0.00383179379270024 -0.0104150727194519 0.135053242120778 -0.483058588551046
-0.00926728495458181 0.0117606434096052 -0.610269572747476 -0.622053384205593
-0.0118621105245995 0.0192782673316009 -0.919072973167941 0.282572281975014
0.0145336923612429 0.00483242105634568 -0.0724280646568947 0.774047669714325
0.0324987398501715 0.00691898162830906 0.446072417097314 0.347803102166925
0.0245902227764699 0.00450611993486982 0.383580147507669 -0.0788774027342762
-0.0010872759893474 -0.000376762439493935 0.115857278211447 -0.277241779088541
0.000710261956577266 0.0173123752359936 -0.126329099853922 0.185984831701638
0.0174101852133065 0.027535340475019 -0.254721837352732 0.00166267775512985
0.0107878479507396 0.0208473150657235 -0.26978717715995 -0.370055138290623
-0.00826033541084276 -0.00196805630383478 0.224880158273052 -0.592578031452294
-0.0221735658423104 -0.00823637562567149 0.805252089584495 -0.0464675519196594
-0.00670962938373826 -0.0156649040555703 0.494721394798889 0.676823025709225
-5.8029116745178E-05 -0.00218288709527825 -0.110738707345167 0.578096819638513
0.00357448708674598 -0.00913176596045979 0.0301611677865093 0.0749684301309417
-0.000546966737542113 -0.0141592172697889 0.143573547885143 -0.486820184265063
-0.00948040855607308 0.00429485060820716 -0.601356833671873 -0.633050138008393
-0.0169153827569221 0.0187973850956638 -0.929595809631635 0.266286853984253
0.0175838989473875 0.0145646537488281 -0.0919087201165286 0.767549341289829
0.0413665966552144 0.0170091182417513 0.441630056649716 0.351738941124059
0.0335882950552741 0.00736536573296412 0.381277648279198 -0.0697990730117143
0.00408517105171558 -0.00277659774411222 0.108153726974275 -0.269727581502464
0.0069416696255498 0.0167495804798037 -0.133532554665088 0.191553305932471
0.0206151268973762 0.0293042812908919 -0.261003844399661 0.0125079852768008
0.013883625419567 0.0287067272276912 -0.286018694700403 -0.363762187459984
-0.00775876927146847 0.00518222040628647 0.194501934075573 -0.611317864072955
-0.0228694292566851 -0.00907706454618943 0.795004661843696 -0.0849944449988301
-0.00579525009344377 -0.019297960964393 0.517826737505876 0.650018638582016
-6.78864279088E-05 -0.0019300766340448 -0.0906182217041437 0.57358986873869
0.00158232784390313 -0.00827487686093159 0.0357429832004445 0.0740089522487988
0.00100045508561999 -0.0141168505328252 0.160426567326007 -0.489336372994579
-0.00791232230414655 -0.00168517981455612 -0.582344866641382 -0.664504474073079
-0.0182286897915345 0.0175137154255009 -0.948505181657007 0.228352306285666
0.0187280059195024 0.022538602286566 -0.128841850196866 0.759360392699945
0.045449037729294 0.0265254984242874 0.426486706316631 0.364381105837477
0.0368892479681514 0.00931746763655349 0.379285813404946 -0.0547572310726871
0.00990614255241574 -0.00398669126079054 0.102286040539578 -0.260498131869128
-0.0193901142307743 0.0188198910854368 -0.107338398855231 0.192975600520214
-0.0250792094889256 0.000916961960766578 -0.28145334699306 0.0209103606001778
-0.0366875022905271 -0.029553583462696 -0.348588085445963 -0.314858243779192
-0.00404142226866883 -0.0439188674572252 0.0938748438482676 -0.616847931760171
0.0195353685347712 -0.005768984336361 0.773278213729935 -0.231690829075445
0.00533664734610606 0.0161475730123108 0.611386466549539 0.539564817789121
-0.024277457068117 0.0179453871990903 -0.0364961319783868 0.578866790110981
-0.0261289135869857 -0.000288462777117094 0.0201327204264767 0.0816023889940694
-0.0244604624061741 0.00653176174407139 0.196232009606354 -0.479538064563535
0.0055183583524398 0.0367271956451781 -0.497545115788214 -0.753706913885056
0.0308355321107266 0.0135735326379683 -0.977442890784723 0.0931932270617095
0.0169715303264787 -0.0268160928980688 -0.225147754690119 0.767445484255183
-0.0183902672377546 -0.0329009615452705 0.372860336516408 0.420948799727447
-0.0241566829901215 -0.0186167725171092 0.374715202179548 -0.0442275158867965
-0.0136366968925718 -6.53348298195727E-05 0.123980430357268 -0.280008751668008
-0.0205293577789959 0.0190818208431505 -0.10372647143352 0.186901459392752
-0.0207670640190245 0.00213442703663984 -0.272510633146102 0.00784363225636481
-0.0300325505649339 -0.0305002986422152 -0.326705788923173 -0.331518119861831
-0.00258344750975619 -0.0442079438158177 0.139705485127676 -0.60853129308472
0.0155031346802082 -0.00427584487029563 0.792674123440904 -0.1745842823836
0.00224385532464503 0.0155501662948616 0.58304995886538 0.582898196119433
-0.0213454416114396 0.0154553836179239 -0.0630391997008394 0.584096037673444
-0.0204136309508967 -0.000811455208621439 0.0162070543447969 0.0824409567572855
-0.0216115442442151 0.00584761129434682 0.173303558261589 -0.47979732186291
0.00399398527151836 0.0366846387428856 -0.535982341187693 -0.714937524192732
0.0245274348560844 0.0140209161177922 -0.958384049432343 0.159027529682797
0.0135022191871034 -0.0274177953736314 -0.171987477453977 0.779769306727073
-0.0157775968100002 -0.0300734246853104 0.398739278245594 0.401477743765025
-0.0193793610181208 -0.0138201551490876 0.379099826922082 -0.0629953297793474
-0.015139988960974 0.00193881333682913 0.12569185358551 -0.285286903632043
-0.0188239833590017 0.0206375698767546 -0.10306305038666 0.182594253393932
-0.0142247005384091 0.00595377831416828 -0.264222634841067 -0.000133670089391738
-0.020667977621651 -0.0270291224113944 -0.30365191026988 -0.345615608709765
-0.00155375002506084 -0.0399792621865101 0.177803582106309 -0.596827264611893
0.00783733697623792 -0.00260342215584437 0.807147256449915 -0.125096352125695
-0.00185420816310295 0.0123838824146735 0.550011233209276 0.626542782412813
-0.0176737374090491 0.0115638840731657 -0.0868010827046321 0.587408036399382
-0.0131450384634614 -0.00362844370497426 0.0145059367920904 0.0822597956351915
-0.0170817148173696 0.00361779806137997 0.151858849502066 -0.480386687605291
0.00139637207094801 0.0328288613570956 -0.571563913748594 -0.673096962584609
0.0153227698181847 0.0144483094269868 -0.941392757375516 0.219896133893715
0.010744247394702 -0.02340807033306 -0.122201997970524 0.785924194218794
-0.00754292482874029 -0.023279728151571 0.423451945499907 0.377273467779383
-0.01116350067659 -0.00919787580603648 0.382727817846782 -0.0758876965330263
-0.014302555096659 0.00393232803286769 0.125902077169839 -0.288721830007381
-0.0160163470731067 0.0192682130325513 -0.102973268690085 0.181279593509679
-0.0050854716273437 0.0109450929385868 -0.257415996953065 -0.00520333108496488
-0.0103440294937563 -0.0177237572146712 -0.286657064321481 -0.356477723428261
-0.00270721832215268 -0.0315564020677196 0.208334733001681 -0.587496447347833
-0.00101892888580088 -0.00254901354317104 0.815714004839032 -0.0782054457166822
-0.00386254688724999 0.00587942735900134 0.521509115458143 0.656327202236266
-0.0128664235893223 0.00694716332662979 -0.106326644886533 0.588643897258422
-0.00611004659833458 -0.00535431261034783 0.0158801017965359 0.0809411931392425
-0.0123057551312029 -0.00105235815297772 0.136590248112318 -0.481334719029444
-0.00267112511350681 0.0270009188541037 -0.599953017042395 -0.637795930290631
0.00581397200161094 0.0162016257317036 -0.927407798761634 0.266928695611078
0.00983908872127626 -0.0155178192292102 -0.083069420935187 0.787305605391115
0.00524702105489079 -0.0139736811318558 0.44029000445352 0.358760902512025
0.000812468603881905 -0.003650395656287 0.384229556152035 -0.0873333167354034
-0.0113259797611429 0.00348824985189881 0.122180530651714 -0.289958147011886
-0.0102596703482185 0.0192123981052988 -0.108126915146406 0.182613575526118
0.00387924322971753 0.0169977268899941 -0.252559392945599 -0.00551028207858583
-0.00136772220793876 -0.00531611267318613 -0.274767257806889 -0.363386741488336
-0.00535973432104008 -0.0226799491159536 0.22517515712936 -0.58555139146644
-0.0103350644314547 -0.00407630641364356 0.817011674015274 -0.0513231489574854
-0.00634563271552288 -0.00179430446817819 0.502104544373896 0.675273539860978
-0.00699220760109767 0.00364568910149987 -0.113358803882585 0.588335199385493
-0.000846177932092326 -0.0076605706769239 0.0195672582388971 0.079351065490018
-0.0072951077552213 -0.00526524250978672 0.126306878472111 -0.484521121402285
-0.00612787745995477 0.0200777483442677 -0.618701217938956 -0.617399612435194
-0.00369126376479692 0.0183614090586263 -0.917430655228029 0.296859373637858
0.0118975700244491 -0.00639616377067109 -0.059346221879603 0.785166500490501
0.019176956247648 -0.00482987711473103 0.451547549486218 0.344809750657068
0.0133831178104147 0.000639259544073195 0.384797865968117 -0.0914072859294905
-0.00685817209150017 0.00184285645507865 0.115935531477102 -0.287133915573273
-0.00430150182519912 0.0186812798448349 -0.114823089216109 0.185803761084544
0.0122794500587333 0.0230054637642273 -0.251634423381311 0.000213193589225737
0.00587860979819884 0.0085863921490944 -0.27195869991082 -0.36788177877695
-0.00786336416648255 -0.0111976850509357 0.228534361367599 -0.589565950918603
-0.018178631626964 -0.00634003080080256 0.813690424533439 -0.0470626333668923
-0.00713333454114677 -0.0095493526384489 0.496293603801398 0.680964184723046
-0.00285139088438703 5.77667679485458E-05 -0.111886943730306 0.585236379300962
0.00359888771291241 -0.00856350099244988 0.0251786966026718 0.0768960690078297
-0.00386442637313747 -0.0102415417731815 0.126477928069856 -0.486614802452784
-0.00809968230571149 0.0121370683151375 -0.622577474400241 -0.612201428208352
-0.0109687882069371 0.0203722091602292 -0.914612227963549 0.305982808239169
0.0146333634806544 0.00413001443211304 -0.0568261747759841 0.778283516946308
0.0330442086275553 0.00533125523503612 0.457325731992172 0.339888437223102
0.0249669823011532 0.00370632389395826 0.384134608278902 -0.0880030661799368
-0.00101743539592887 -0.000173500443555878 0.109676085772036 -0.281091754062173
0.00198700046963509 0.0173893007708185 -0.12181049466055 0.19047917449807
0.0179019157925152 0.027447965357506 -0.254779134558922 0.00796220064628989
0.0110395854849385 0.021019779501013 -0.27888601597405 -0.365917420472194
-0.00842247327337893 -0.00170082555478124 0.212306063028828 -0.600054057409171
-0.0225885933909584 -0.00783041988742448 0.806999856942856 -0.0638441001205474
-0.00667423792655214 -0.0152585812363717 0.510409542981976 0.667202399640351
-0.000763688566582519 -0.00143704690589479 -0.100016720251878 0.580279251316116
0.00384081300737818 -0.00882358494021938 0.0320169391951783 0.0745274378913204
-0.000778810212741488 -0.0132562244255921 0.133702607250494 -0.49089959172259
-0.00939870610034579 0.00487556539952559 -0.619247445474636 -0.623359542642767
-0.0160512230480518 0.0196101291651709 -0.928394165767721 0.287999164439589
0.0179235664708176 0.0146632410634831 -0.0752750548578921 0.773053898359985
0.0414706256103194 0.0169102885083825 0.450071777546713 0.343294024396622
0.0327687913366066 0.00591271542317391 0.382567352833926 -0.0792278205106181
0.0052007704244207 -0.00267624028423975 0.102592692292125 -0.273115036871366
0.00744884566802244 0.0158972253776671 -0.129856024992579 0.197456506817994
0.02224632792556 0.0286728200084815 -0.261896851688889 0.0191255991059486
0.0144396003364126 0.0288077742378615 -0.295484427791816 -0.359030100407664
-0.00754029122265544 0.00579200844811017 0.180184128215326 -0.616273545700151
-0.0228122043007047 -0.00841175053566454 0.794733861957627 -0.104159374237099
-0.00640046884984231 -0.018830006256247 0.53444261893736 0.639739207113195
-0.000224204235987806 -0.00209853242445239 -0.0793684059905537 0.577270661128146
0.00201970273037839 -0.00826405192762309 0.0376784318363632 0.0735589754769504
0.000682934750724578 -0.0153612286457021 0.149688677200697 -0.494069423213166
-0.00849485133252549 -0.00182966932690912 -0.59900396329044 -0.654859167733564
-0.0175138162000076 0.0180252424664228 -0.947697486430947 0.248888904919623
0.018880547409318 0.0226526565064796 -0.113566976474857 0.765346922751376
0.0454269952398091 0.0255415133315533 0.435749282873314 0.35589244219102
0.0378207669902347 0.00843125972652083 0.379390716106739 -0.0647311724011723
0.01035393159593 -0.00478365430181611 0.0972336295841225 -0.264560816644885
-0.0182223468444438 0.0196907134211701 -0.103136005558743 0.197257071770614
-0.0257678591655615 0.00116429898607988 -0.279857463301653 0.0279908074831796
-0.0375580979589275 -0.0279992736576722 -0.357136278801804 -0.307717961407364
-0.00504737651557733 -0.043674154287625 0.0792661526945475 -0.619335637642857
0.0198849847010497 -0.0068760152676136 0.766510216225684 -0.247883495183271
0.00610734899824702 0.0166006028261367 0.625471026910187 0.527900426021506
-0.0236622304962032 0.0187610888277087 -0.0242038837417508 0.578151034772637
-0.0265389983225029 0.00110793149425205 0.0217345496495431 0.0810132386136915
-0.0236061692170842 0.00698252372728327 0.185958427257549 -0.483342100621092
0.00712996530020752 0.035529506225166 -0.512910249498787 -0.744464080334808
0.0320156409968889 0.0128108452874116 -0.97478802528915 0.116198498564923
0.0163174746208543 -0.0279973570260472 -0.207916873542911 0.77399901676553
-0.0198610815515727 -0.0327902960558666 0.382089321100256 0.413805334102515
-0.025906460579898 -0.017555536666302 0.37525842932116 -0.0541662838671167
-0.0135103202532104 0.0003097462244814 0.118008019011629 -0.283505652540086
-0.0193522166896152 0.0201686129270161 -0.0999826207858062 0.190897588307132
-0.020833559351179 0.0024837878710076 -0.271308675601628 0.0146985327826561
-0.0309462728601555 -0.029921557094977 -0.333674008069729 -0.324247299824305
-0.0033685102542116 -0.0437677512452677 0.125478453501632 -0.610273075746302
0.0151540650806324 -0.00396742503999096 0.789267499603392 -0.194574322135911
0.0021230685257121 0.0160528168538682 0.595841693132637 0.570086175263534
-0.0210123876684986 0.0161298734213419 -0.0502988671049429 0.58510943760481
-0.0203534205920089 -0.00080531461501239 0.0180405998226693 0.082523538265602
-0.0204086798302899 0.00643675647351341 0.162422727551162 -0.482603643454269
0.00457365364401519 0.0358664398502291 -0.552086097452777 -0.702273496148922
0.0252197235677059 0.0138330036641361 -0.95505664755084 0.180018593730065
0.0128111796331983 -0.0275390472592588 -0.153646298815963 0.784134932019472
-0.0161752300650573 -0.0298302147755068 0.406453786436902 0.391551075760225
-0.0200963030927501 -0.0134337584287141 0.378194777088837 -0.0717773097908918
-0.0149246668643877 0.00263868927885269 0.120266551891536 -0.289979938888005
-0.0191728011331961 0.020308063589976 -0.0983301207533223 0.18721380404645
-0.0132540475879878 0.00574258050065851 -0.264047849825553 0.00586849403609836
-0.0210260600615163 -0.0265811143879529 -0.312374562894781 -0.339389198299533
-0.00239987802617493 -0.0391006131295513 0.164626052526694 -0.601143963606125
0.00744035121546087 -0.00277937102041385 0.804529283874997 -0.141966811825665
-0.00152651765401853 0.0120942217226895 0.56338646917344 0.614076353833987
-0.0176060111564981 0.0119634430661696 -0.0754356328829598 0.589166286786097
-0.0134786602983501 -0.00366906689396757 0.0163862787280024 0.0816887891150679
-0.0168735499357256 0.00302848362591011 0.141640214466897 -0.484515633137115
0.00224487455321099 0.0330950468419659 -0.585605358590013 -0.662404344361294
0.0158022246878552 0.0145100330340582 -0.936278981437309 0.24195222460818
0.00967907055380393 -0.0233357952941134 -0.103300632329944 0.789956605265021
-0.00794643186591565 -0.02334093101398 0.432915835323086 0.367280780234654
-0.0119038801996777 -0.00888589888926987 0.38083252883801 -0.0858638479525402
-0.0148040188652867 0.00399075228608468 0.120472691261387 -0.292409693214679
-0.0148158771900252 0.0201425135395253 -0.0998093939182551 0.185415114512323
-0.0048859678750645 0.0107036412709111 -0.256854749415326 0.00166648510142275
-0.0108145008834959 -0.0174214735106849 -0.295087964463274 -0.349759576162775
-0.00321966854771652 -0.0318286104574858 0.196234181987373 -0.592813429844475
-0.00122380143256258 -0.00299654340660819 0.81378453781209 -0.0971817001708757
-0.0049940066168884 0.00505206064099858 0.536357908612924 0.644477716091348
-0.0127818454059428 0.00714917043843068 -0.0929741814351678 0.590334470260704
-0.00640251378664821 -0.00552350540665175 0.0184624224384738 0.0805997038585079
-0.0124185804667722 -0.000679161314814013 0.125815985995788 -0.483505541382104
-0.00142394863463927 0.0271623954479638 -0.611986645276662 -0.625226098064155
0.00609783426539973 0.0167290545357887 -0.919972469517315 0.288678349859462
0.00947907226273031 -0.0160527374970641 -0.0667584623819029 0.791097237185299
0.00442613067768355 -0.0155025189268576 0.449177577918577 0.348791600957455
-9.55519907587347E-05 -0.004386806432845 0.383453453001991 -0.0960897973307186
-0.0116696438759379 0.00371332006165028 0.115999992719093 -0.293998035088241
-0.00995499866803929 0.0195892932169619 -0.104552391643718 0.18691383025099
0.00422264844424298 0.0166608570435353 -0.251790096931087 0.00228378266925335
-0.0015842800126561 -0.0051942617716899 -0.283408773005151 -0.357512601444109
-0.00597346791314115 -0.0218802909298724 0.212660116789701 -0.59220630217888
-0.0108442230461586 -0.00380213903092509 0.817248944087358 -0.0703758166149984
-0.00695856359340649 -0.00218119394254133 0.518138954809107 0.664695674114662
-0.006667484639492 0.00367850576167678 -0.10115189753272 0.589271378955403
-0.000513100909702773 -0.00751250854687236 0.0214938232086282 0.0797136615964606
-0.00759538795559933 -0.00567802816471095 0.117027540226084 -0.486440535902808
-0.00508587347151235 0.019995327590381 -0.629905992492016 -0.603036361981561
-0.0028174749719719 0.0186743638392957 -0.910121404891714 0.318992182360945
0.0118969640968857 -0.00705423140714916 -0.041394862678358 0.786139392785418
0.019416511583992 -0.00529649058714148 0.462389059081015 0.333875332526717
0.0135708371441397 -8.6826081496572E-05 0.383233710471254 -0.10059735454339
-0.00718175948102635 0.00250773793582903 0.110098989279953 -0.290722891540772
-0.0036013484904173 0.0188836482073529 -0.110554324205393 0.190197282787915
0.0125692493261728 0.0223177702206966 -0.251276317366998 0.00602111436962667
0.00586307058039433 0.0081482074563985 -0.280582078097118 -0.362630168860114
-0.00761777349234892 -0.0106534258790132 0.21366683255759 -0.595721095259068
-0.018867375042204 -0.00568139964710123 0.813121630228666 -0.0649180688082167
-0.007343605524149 -0.00961781362639817 0.512941825972832 0.668266957711899
-0.0028095657463804 0.000443278924675314 -0.100107321137177 0.587527473918398
0.00285718329015097 -0.00899486437185947 0.0272950313701992 0.0764962788335212
-0.00443911878171705 -0.0100072599937848 0.116840809726477 -0.489067716526784
-0.00826621721221871 0.0117485802291709 -0.637624308552853 -0.599704360393691
-0.0102016922022225 0.0201258174462752 -0.91046934407908 0.326112583959168
0.0153226153287008 0.00311742356523679 -0.0401331970234871 0.781637868313785
0.0325874716142066 0.00460813520721264 0.464550610199364 0.328807808346466
0.024912996474794 0.00325636131049346 0.381822141035376 -0.096795272489318
-0.00159760002313056 -0.000322453200847238 0.103841162020289 -0.285892117857622
0.00233776681432758 0.0173182319257658 -0.117602656529412 0.194946611450788
0.0186027560705508 0.0267639816721288 -0.254177080252572 0.0135116512520964
0.0120086016649224 0.0201734424682508 -0.288485940721224 -0.359573634877523
-0.00849436440925025 -0.00178727441723397 0.197685258303304 -0.604272245682492
-0.022540426601795 -0.00692277818595989 0.806541241383995 -0.0799122363654677
-0.00778212687440129 -0.0148185893383245 0.524370308864612 0.656692898035156
-0.000329945260030463 -0.0016137868778483 -0.0868452529897066 0.583664557721031
0.00405977254490826 -0.00863191003052466 0.0340629377625817 0.0746550108762142
-0.000738449013413149 -0.0135956989313968 0.124124966222919 -0.49333477457407
-0.00913428289335209 0.00390760338361212 -0.631632209039963 -0.610935559844784
-0.0156434103390787 0.0196154867079007 -0.923913168732035 0.310575397289933
0.0175295267836057 0.0130527929109417 -0.0578575674230006 0.775718293468694
0.0424555818135769 0.0151145835653758 0.458558531214159 0.33278298203142
0.0338643833337793 0.00536052037301768 0.381002406508195 -0.0878993170731768
0.00471644732584653 -0.00198341813429146 0.0967507338631006 -0.276934436325414
0.00831385277466292 0.0165785793598006 -0.125097813958578 0.201586805684023
0.023092314646171 0.0277131967046232 -0.261034987220428 0.0251134860935892
0.0152687096836841 0.0289713220987936 -0.303473885747594 -0.352271831771465
-0.00746500185775982 0.00636996989554928 0.1668212477604 -0.619829165002878
-0.0225781552460654 -0.00803957506299015 0.792369238475419 -0.120683223415127
-0.00689890451293014 -0.0186257206614526 0.54754005434782 0.628478704496868
-0.000606803639876996 -0.00256472099877783 -0.0684605062436884 0.578961133253358
0.00165604873080454 -0.00844151265500288 0.0402977874983247 0.073328822814797
0.00100511894214604 -0.01500000894695 0.140357067533639 -0.497417232912332
-0.00838169911941661 -0.00192904021510929 -0.612690574669767 -0.641943571525116
-0.0171901643260331 0.0186616858139606 -0.944620613653483 0.270121595502353
0.0190316484537533 0.0216447908644093 -0.0946224054772586 0.767997586371455
0.0466356236997319 0.0235711499234663 0.44351666952592 0.344966435499834
0.0383885026127351 0.00733387351309759 0.378772487180039 -0.073430230214021
0.0109800892933135 -0.00463550772148687 0.0903127322826102 -0.267520779372085
-0.0171647115849004 0.0197810335997744 -0.0982018949318152 0.201553509064373
-0.0247380019704908 0.00190826585982312 -0.278551820350072 0.0339338110479954
-0.0371942092776985 -0.0283397447212843 -0.361295365547478 -0.297748896410527
-0.00646956662114575 -0.0433302802263778 0.0655751209971202 -0.61883989624531
0.0197524429579385 -0.00631076849857652 0.758614408033186 -0.266118015298093
0.00654555196429198 0.0162337338871672 0.63326404301836 0.510317933490799
-0.0236444545270559 0.0195172829553501 -0.011473418645928 0.578096856049725
-0.0259102476390212 0.00125914157099168 0.0243934735140985 0.0807810883722788
-0.0234664800399492 0.00765045619981103 0.174932689750061 -0.486281628400432
0.00812810274812923 0.03595916130201 -0.527054136676446 -0.729818485126387
0.0315145148121657 0.0123793131554947 -0.968385315249441 0.138436741736444
0.0156651836686443 -0.0281225221361585 -0.19139692253593 0.776079717160762
-0.0210442792037456 -0.0321267734612682 0.390432874477962 0.404215837277556
-0.0254195364924745 -0.0174942889667685 0.372903925850522 -0.0624813854269758
-0.0133400335597614 7.75176759831332E-06 0.110431101928619 -0.285828887988621
-0.018941226146639 0.0198311630755767 -0.0945872713025546 0.193660060678101
-0.0205226265358278 0.00259058079154241 -0.269999474273391 0.0216417809928122
-0.0309498463669478 -0.0292031766135634 -0.341915461987502 -0.315376752263617
-0.00477344082871478 -0.0434769463018157 0.11072531081847 -0.610946397261853
0.0155325670326434 -0.00369272989476729 0.781545178026526 -0.211994414714024
0.00258909247575445 0.0161963153707236 0.605874393893365 0.555534737407235
-0.0220864462656664 0.0167731523447195 -0.0382297622250267 0.583492743790281
-0.0206138155792883 -0.0004531410287205 0.0199080672765063 0.0820673824469899
-0.0211065035124773 0.00686785154631765 0.15219798303708 -0.483762352668596
0.00535909491533613 0.0353874498032411 -0.565697523213789 -0.688065011731542
0.0254998899486616 0.0133879597397016 -0.948502655989603 0.199502097387897
0.0123175299420699 -0.0278214102801955 -0.136575433019804 0.786972816992673
-0.0166291671992412 -0.0299594986615575 0.415325535181177 0.382463152050627
-0.0201528927958785 -0.0130194780690992 0.376281064201243 -0.0801115468466146
-0.0156373270871419 0.00323775644768759 0.112257425141736 -0.292513968622965
-0.0166953027805045 0.0210686074514024 -0.0941205709525359 0.190121911740055
-0.0136961577141983 0.00562744532913975 -0.262159221731499 0.0116107910894917
-0.0215359734982033 -0.0257841659894986 -0.318985408722297 -0.331193504456754
-0.00377925055418979 -0.0395485414143763 0.149839287482264 -0.602623720593896
0.00736464467975384 -0.00271098200398187 0.800086072831142 -0.160431858972884
-0.00147524220211233 0.0122351557736918 0.575588547261681 0.598565804630787
-0.0178334020101688 0.0121000571765526 -0.0624252749505514 0.587284805113776
-0.0132943770354605 -0.00281567899679291 0.0188384361269328 0.0817081224227252
-0.0170635954308055 0.00428196737456922 0.132731083693925 -0.485188884915147
0.00318646809061598 0.0330525150660616 -0.599063915156311 -0.646424245070609
0.0170460684035828 0.0141864137098245 -0.927756627936872 0.263550870653744
0.00924705571042383 -0.023873934344289 -0.0837913095089681 0.79060288076135
-0.00761993509073992 -0.0238129262722873 0.437964637277256 0.357548098230747
-0.0111152787617067 -0.00877654851522875 0.378880752141004 -0.0954541164647501
-0.0147167000937983 0.00438658939357763 0.11335975600448 -0.295565507480476
-0.0138120948159726 0.0205772560225073 -0.0959718535182807 0.18939711561673
-0.00384925334489619 0.0105370002592458 -0.254884987549044 0.0079645104720274
-0.0106472558092653 -0.01669986672723 -0.301987044885851 -0.343312117600298
-0.00514324274561145 -0.0311433090100559 0.180889736478843 -0.596051353467579
-0.00124307455962144 -0.00240764522182804 0.808385021184483 -0.116429517240993
-0.00471718605075006 0.00544477762578427 0.548601184628194 0.630620541841886
-0.0122596934969288 0.00730725205925675 -0.0807396200997239 0.590547076471945
-0.0064635310692795 -0.0059377388662756 0.0201578429325761 0.0808682362249563
-0.0119349711702729 -0.000746040272023235 0.116868985434781 -0.485587359798644
-0.000457419133280309 0.026598666544242 -0.624329959033874 -0.610544141001842
0.00645398203626407 0.0159454367388479 -0.910367191262681 0.307223193773374
0.00931093666348403 -0.0164310589684995 -0.0476924385336379 0.78825802933291
0.00421129660367809 -0.0153277437539004 0.456868977912295 0.337638938619238
0.000774089250633141 -0.0046944675424386 0.380252745722716 -0.105158317354339
-0.0116166893809324 0.00376195663374602 0.109274594923202 -0.296743772017201
-0.0083402784404756 0.0198877956110464 -0.0990099949551055 0.190660542038524
0.00532845845898906 0.0170096623065266 -0.250991070170661 0.00749603061763183
-0.000968424477288825 -0.00524613756115064 -0.290125510879745 -0.350659626944157
-0.00622146527859221 -0.0214085349772011 0.197242088839496 -0.592465633590849
-0.0105868688999984 -0.00292201806311871 0.811762012522142 -0.0887952369020845
-0.00669014376304521 -0.00170570515774056 0.531135992816501 0.651907238340281
-0.00714362201445433 0.00400101086211273 -0.0902143137841903 0.590180977867026
-0.000553245663681992 -0.00817943980332535 0.0232035916964941 0.0790609843240442
-0.00770138039439111 -0.00513537909436805 0.106391224464165 -0.486812034949982
-0.00404401435231512 0.0191352103635779 -0.644828528317028 -0.588869199904182
-0.00282833019292917 0.0188972541717572 -0.89757350596882 0.339357634235627
0.0117684147240472 -0.00706419455185278 -0.0240712416433357 0.785430348011143
0.0187888496120776 -0.00574188271752659 0.468961623706962 0.322307661473123
0.0133257913866062 0.000109993379085989 0.381047275382418 -0.109112255674738
-0.00662939226709179 0.0022466581237274 0.1035115180492 -0.293608905842947
-0.00256773642015143 0.019030755546809 -0.107248828824653 0.19377609448745
0.0133157168476142 0.0213119441383063 -0.249393142845367 0.0115771362606642
0.00625725949973762 0.00820384368759172 -0.288619596816248 -0.354742406166179
-0.00801936578567948 -0.0110588333481455 0.199540866625618 -0.598384882643708
-0.019080845861162 -0.00537419372467527 0.807625424639356 -0.0855587681743018
-0.00785113923767298 -0.00876570564876801 0.524898127329659 0.653144065431862
-0.00300735042256043 0.000568508420117235 -0.0884706074635834 0.585397660094649
0.0024705529359669 -0.00917497872790443 0.0289806440369237 0.0760017165533387
-0.00428687764638499 -0.0101258972986527 0.106333728170328 -0.490454547345077
-0.00780803772343054 0.0118877995967885 -0.650546759185583 -0.584384955199957
-0.0096414003709349 0.0197887136307178 -0.902119333052948 0.346882004721867
0.0155000318766291 0.00426854335348449 -0.0218887433554945 0.778080821824154
0.0324994195441965 0.00379447028445789 0.470884604741483 0.316626893085488
0.0247233125245444 0.00154992408221376 0.379455495242049 -0.106383071351618
-0.00140372494998872 0.000215584589538787 0.09758308652959 -0.286742263933905
0.00374257439869845 0.0175444602816974 -0.113296289318181 0.199776117494409
0.0194273760633924 0.0256947325134955 -0.253115658349045 0.020082506494734
0.0123527708214214 0.0200978675557814 -0.295772433622304 -0.353441501089686
-0.00858165014638305 -0.000914933699855362 0.183904977507558 -0.608665447334946
-0.0229937913322863 -0.00612606220091139 0.800620395072507 -0.100332090786596
-0.00808419940979088 -0.0147292264123852 0.536199065490203 0.643183692660997
-0.000204705513089286 -0.00125972365530568 -0.0763032905220855 0.581982050177491
0.00358541742856504 -0.00927248839345761 0.0360512855400976 0.0741449072997932
-0.00148013257465055 -0.0134614772159998 0.115511700953974 -0.495681323450864
-0.00983709847002325 0.00475933951384596 -0.642844640892447 -0.595980393978049
-0.0147783615318479 0.0211212404635189 -0.912194315839121 0.331977761382209
0.0187569485327234 0.0136281796384023 -0.040556616124184 0.774468745372391
0.0422078732530209 0.0139097217562149 0.464155879052453 0.321603010002004
0.0331314337009788 0.00399395056538236 0.379393466104522 -0.0968930968540938
0.0048015179171074 -0.00213055458689345 0.0901202659443311 -0.280341513786107
0.00920820875317504 0.015656523132792 -0.120181128824541 0.205531034451297
0.0236303972658043 0.0267362507955452 -0.259489858395607 0.0312362754601894
0.0157790783487761 0.0280796839699419 -0.310451229620575 -0.344426169072578
-0.00783607202437593 0.00607282237602322 0.15091955105269 -0.622338541314744
-0.0234599165489023 -0.00681420734253061 0.785593375843712 -0.138214072423301
-0.00738352952416471 -0.0190827940774487 0.559078470241962 0.614971790419884
0.000353603448630078 -0.00160608362064009 -0.0542759714458746 0.576993571667985
0.00190105982287788 -0.00759047142682459 0.0414701235665508 0.0718833822226088
-8.73881875223213E-07 -0.015405219561334 0.131423146953702 -0.49867381964949
-0.00881815316335114 -0.00201374958587583 -0.624843041025636 -0.627621561639272
-0.0173718941485039 0.019323025135327 -0.935008556985826 0.292158810376208
0.0200994633230363 0.0217359800892745 -0.0803016847461968 0.768305347324954
0.0472359059248526 0.0228379252054819 0.450960645519039 0.33623337458897
0.0378215204367706 0.00623679588387695 0.376383531429232 -0.0822437150629083
0.00972217889121843 -0.00503398879614105 0.0840719523437361 -0.270446944164504
-0.0159693932706117 0.0199987343540385 -0.0940647446763656 0.203416924309394
-0.0246418873969379 0.00160495708968715 -0.275269762580361 0.0419979543175656
-0.037740670560681 -0.0264624150981416 -0.366895453318642 -0.288340486613399
-0.00760910723284669 -0.0426617956243548 0.0507145244270089 -0.616270214788784
0.0194388136250573 -0.00649460427319153 0.746928170709125 -0.280247481158624
0.0062680785954713 0.0158602474327354 0.639309050248564 0.494155401309629
-0.0228768094270822 0.0197121126204944 -0.00139176784923829 0.572722903048612
-0.0257324575624275 0.00189365836491859 0.0256912547341653 0.0801319069402985
-0.0238483989899433 0.00803300389235263 0.164991282330224 -0.485693552320294
0.00775294542858606 0.0347467984169635 -0.539620791706379 -0.714563439478708
0.0316685051102859 0.0111798863599967 -0.959656491504806 0.158197939653435
0.0152542419519215 -0.0290805444493552 -0.173136718662339 0.776120668449826
-0.0205498843778041 -0.0323601153364562 0.395131697093459 0.392708827229154
-0.0254571067431351 -0.0169654048701214 0.368677787887524 -0.0700890949480512
-0.0136021426559046 0.00147403901224347 0.104537900365334 -0.287137344531033
-0.0172628737299028 0.0207685042156571 -0.0893711273793222 0.195693406445839
-0.0203035461106372 0.00326916075422641 -0.267270253266788 0.0277664302233992
-0.0319602627655048 -0.0284591174237577 -0.346435663924474 -0.306035101696356
-0.006484113552908 -0.0428112246890758 0.0952556236293728 -0.608204710225867
0.0143697724900567 -0.0041512156369997 0.774054385142287 -0.226226503274219
0.00288332566166408 0.0151628817418003 0.613948746991437 0.540114820418947
-0.0201519105305316 0.0172722243651277 -0.0244664184007449 0.580556399856752
-0.0205444692839167 -0.000550129722523768 0.0212416679102079 0.0816925109232123
-0.0208456197594362 0.00748895649762949 0.142254861831072 -0.483530110884955
0.00573547666486557 0.03455047259441 -0.577081994178574 -0.672126761818692
0.0260249891788706 0.0121097698967061 -0.93783994721111 0.220688728723088
0.0111496289746628 -0.0280058286137526 -0.119024943977351 0.78489925184702
-0.0166083742488932 -0.0291811488327487 0.420603847729202 0.369595147794604
-0.0212756536261055 -0.0134691134988547 0.373193329648563 -0.0871454154389156
-0.0144293761267344 0.00420005342957054 0.105569614279488 -0.293601903073575
-0.0163987750794194 0.020781627238146 -0.0887142423102933 0.192732197263191
-0.0128473079684058 0.00545684200657678 -0.260336907456744 0.0181849799153477
-0.0220705934705377 -0.0244974616680405 -0.323815681565762 -0.322385032340936
-0.00505334022294949 -0.0386338671966344 0.134864418842624 -0.602233872695544
0.00698527803263186 -0.00193017347038435 0.791343124310956 -0.176842817602499
-0.00171807491681937 0.0118950439196264 0.582145805174378 0.582816977627103
-0.0174798469203573 0.0133464543904772 -0.0498947966984558 0.585289348233283
-0.0137216953016763 -0.00218952215265711 0.0200409040920418 0.080987701567645
-0.0165988370426367 0.0037166817620302 0.1227323300771 -0.483405847384085
0.00350003277173474 0.0317734626903238 -0.60771338974399 -0.630152007102111
0.0171399891406912 0.0133045167882404 -0.918108420244801 0.280467251805332
0.00901925033930716 -0.0235306258369755 -0.0680605749321537 0.787016497982203
-0.00834302375151908 -0.0236495366040995 0.446020819151868 0.344982086795021
-0.01175466062552 -0.00817526151698222 0.375762559313446 -0.103386402869497
-0.0146249708420995 0.00459955185981405 0.106395704670448 -0.296909349804897
-0.0122584905925426 0.0199636217872794 -0.0900759305604927 0.191892090897211
-0.00431095320795157 0.0101477292824721 -0.253709581252884 0.0132052001511959
-0.011668923246344 -0.0166445344507565 -0.307538324210567 -0.333306470465476
-0.00609071431016347 -0.0315957159871919 0.164903157680901 -0.596358978970876
-0.00156107326123785 -0.00208622386888182 0.801884420330452 -0.131905059959322
-0.00418235009002734 0.00525862358664735 0.558067283394129 0.615158040992067
-0.0120313494232853 0.00818386309621762 -0.0680068600214143 0.586991595840005
-0.00567587436023344 -0.00593559167212918 0.0214372598401061 0.0805345967778367
-0.0118546341147247 0.000176581372893539 0.106759955705003 -0.484191706721063
2.42224647598955E-05 0.0269158992844779 -0.63280624084071 -0.595043299886496
0.00668871323584201 0.0160105729541036 -0.897271495305626 0.324217894726115
0.00903944106682569 -0.0156365392495305 -0.0302944571648161 0.786193843565833
0.00473806982443365 -0.0154887463593942 0.459463729489413 0.326659424596877
0.00106923281159461 -0.00476043047793187 0.376098210090658 -0.112566839123419
-0.0119378613310709 0.00477075819402221 0.101601986390958 -0.297778882621742
-0.007696609208982 0.0198035147930933 -0.0950990549342603 0.19228474937135
0.00536696371577348 0.0159977444075131 -0.248576351328837 0.013203376299613
-0.00180940839955864 -0.00560961790944541 -0.296056008291879 -0.342534501750747
-0.00670109887333974 -0.0211264691893755 0.182540275119362 -0.593750248436375
-0.0105333823254409 -0.00245493708748517 0.803757751478229 -0.104079199644101
-0.00644595944993544 -0.00204397686907413 0.540978652411686 0.63589523639329
-0.00735583174023712 0.00364852959627186 -0.0777479762493231 0.58659062233147
-0.000992833813247247 -0.007947079939867 0.0251039910344598 0.0788875802897747
-0.00790134495520483 -0.005487774000388 0.0969043060049343 -0.485381103776824
-0.00482874425618004 0.019602935515902 -0.649993006351066 -0.571721400475664
-0.00124451783116116 0.0187683022969397 -0.887304746151224 0.355538549077529
0.0110240930087485 -0.00715515925613013 -0.00698260436857834 0.782800212601073
0.0188255742074855 -0.00603186816325107 0.471804599252984 0.310664218970981
0.012962185758433 -0.000821068328599207 0.376382845059957 -0.117508252046745
-0.00748232318908413 0.00202722211168931 0.097149930965444 -0.294700789470751
-0.00131099340035341 0.0182133156600136 -0.101377816131298 0.196091692198996
0.0138901944297581 0.0212736299977654 -0.247515590691741 0.0184596698815717
0.00665073751334977 0.00823065406157654 -0.293680425573719 -0.346888078731917
-0.00816013378761089 -0.0102609984949179 0.18413604039964 -0.598803814221014
-0.0191427208365375 -0.00458145149187555 0.801020716044176 -0.0993289539070066
-0.00762684616678811 -0.00873574240801533 0.5347614170475 0.640531831532967
-0.00261836744564853 5.98183853528153E-06 -0.0757664787377558 0.583328398350337
0.0029485536616853 -0.0091298267948178 0.0304951242254001 0.0754054605745492
-0.00487349278304683 -0.0103311774556018 0.0969782020332216 -0.489074718424138
-0.00816018833157112 0.0112490604438198 -0.657151225291892 -0.565174307905262
-0.0091269549118801 0.0204199358414584 -0.88589797020841 0.363610175154226
0.0152586923160362 0.00273897743154002 -0.00532942542114477 0.77691691560365
0.0321742138491768 0.00257659876686891 0.475503391567946 0.30456582546528
0.0242868952984332 0.00111814517667154 0.375035601801803 -0.115412367704893
-0.00159840541033043 -5.07183552237219E-05 0.0906177627099962 -0.288481027251731
0.00400828717321936 0.0172587654502123 -0.108466093857618 0.202030184677439
0.0203001615041882 0.0247750398201987 -0.250935601314571 0.0250723281248991
0.0129099931309927 0.0199305303961015 -0.30049684834456 -0.344519464096792
-0.00883655768241773 -0.000150962893329915 0.170424266220189 -0.607329745311612
-0.0220273077087858 -0.00570594893681761 0.79196048813576 -0.115403415887187
-0.00845980151960808 -0.0146083777687279 0.546641440709315 0.627859404792908
-0.00113643523809966 -0.00163715180729529 -0.0625688118062149 0.579014036484638
0.0028045807714825 -0.00939813391202448 0.0368967754608745 0.0727929758462311
-0.00126175076958031 -0.0137258336294522 0.103964832184052 -0.492841992844708
-0.00856206200153874 0.00383127856418456 -0.649132244328762 -0.578544763823065
-0.0149379559126188 0.0204689357391752 -0.898872355858632 0.347825292230241
0.0182422728812895 0.0135060576770985 -0.0246647319515121 0.772287983186926
0.0425167122321151 0.0128755536557096 0.468005093163612 0.309344562897069
0.0325015345315863 0.00393383423431241 0.374987844166811 -0.105908884427852
0.0048335623814372 -0.00295627519866617 0.084424747099603 -0.280348031655941
0.0101180274007104 0.0157402850092826 -0.114930855646789 0.207979975282076
0.0244098535498944 0.0266340483477052 -0.257440816668497 0.0371039924651657
0.0161431130998363 0.0280464207026143 -0.316656975430028 -0.335822373476571
-0.00743565937352383 0.00672716819699917 0.136750177050434 -0.620377769746687
-0.0231077129561413 -0.00675548007689237 0.778640509770573 -0.154803149342985
-0.00774809753795124 -0.0190302103578211 0.568524497523284 0.598305744922241
0.000204355915993109 -0.00192029566026151 -0.0431225370770062 0.574538249126304
0.00127892546109778 -0.00813967357773001 0.0428929860235899 0.070867018344858
-0.0011035238109663 -0.0145659164036018 0.120716289059771 -0.497568905693636
-0.00824416172594727 -0.00268818831395383 -0.632969259077361 -0.609792477290851
-0.0160425335743034 0.0198611644081888 -0.922312159310735 0.308328997083384
0.0203730001834012 0.0208848885461898 -0.0630586557300579 0.766338185063979
0.046534281255861 0.0212363546752932 0.45468720043604 0.323180548603653
0.0375374649353342 0.00558843984292994 0.372690856659041 -0.0908613550005611
0.00943065654642535 -0.00437913459308727 0.078046012683414 -0.27100464904441
-0.015856953850461 0.0201203628929976 -0.0888359227872163 0.204791632782423
-0.0238408181339056 0.00179628797339748 -0.271682512489218 0.0468055046906455
-0.0382312869159221 -0.0255798205746767 -0.369534087716643 -0.277653139190676
-0.0086081670098406 -0.041874705986863 0.0388094186571135 -0.611210222961052
0.0195699660257923 -0.00775823727411692 0.735717110560604 -0.292260683832122
0.00616800790093814 0.0155493872625138 0.642863713589383 0.478684779545981
-0.0230339719349402 0.0201778304155111 0.011473490727666 0.567320027906324
-0.0254915463543281 0.00191485565965175 0.0270260286519406 0.0791027975720667
-0.0239206715399281 0.00831782126642159 0.155152965312429 -0.484206531831221
0.00869050748181021 0.0343959108603887 -0.548597472079737 -0.700025426861072
0.0320075730173873 0.0110884743130559 -0.947736369395118 0.17432452473149
0.0148143716699714 -0.0287851570550895 -0.155355201693981 0.772478189490596
-0.0219494617380798 -0.0309410606887102 0.399713829860005 0.381482247885735
-0.026923601973595 -0.0160444758932407 0.36528595208709 -0.0770640627985411
-0.0130967977457095 0.00163958474233832 0.0976823546415376 -0.288143958969999
-0.0167104275024353 0.0211142939984257 -0.0854754564410822 0.198634770705704
-0.01962328967499 0.00271757443534079 -0.265018476338555 0.0331062391558606
-0.0317295739722863 -0.0274293200508907 -0.350024458547 -0.295956790642533
-0.00662621794262411 -0.0425147532709809 0.0824737413699277 -0.607383165976635
0.0146654343175302 -0.00439847690486989 0.760326455168717 -0.239198750972318
0.00214613732671426 0.015387175484115 0.617941373164833 0.521423075233453
-0.0206949931206297 0.0171473895161483 -0.01570738749742 0.573658202402748
-0.0201062810759536 0.000188400142396114 0.0226386874073956 0.0808159314301329
-0.0203534869057302 0.00699455461550134 0.132530316603708 -0.482172303991097
0.00633097100147021 0.0335559662120745 -0.583447094255363 -0.655851327609073
0.0255769896105057 0.0118256385406565 -0.925762760432838 0.236676970656891
0.0104731097609592 -0.0280861317611107 -0.103563315397774 0.779023096230581
-0.0181492954526265 -0.0293181691497578 0.423208546409096 0.358313639864196
-0.021684878987467 -0.012325123483835 0.367589349622359 -0.0950231348662035
-0.0155147131608476 0.00413918046362484 0.0998097496366526 -0.293979965783236
-0.0157667451370613 0.0203980569830516 -0.0842218886571702 0.195161023200729
-0.0119332248264468 0.00551403875438893 -0.256531703589932 0.0231434497853463
-0.0220335540970148 -0.024353864535718 -0.329088858071595 -0.312290520100493
-0.00564116192853926 -0.0380994620444586 0.12079070970541 -0.597853282667236
0.00800025545173278 -0.00244508016640482 0.77948172852067 -0.189456591852893
-0.00098899713036598 0.012363199699955 0.586875728156912 0.566223050712965
-0.017289944922245 0.0127110465553415 -0.0388940841685784 0.57908833530883
-0.0134002151735057 -0.00215718428629883 0.0227363771751119 0.0803857035418242
-0.0160880345255904 0.00502137785015897 0.11343358767172 -0.482170321206725
0.00359074555982755 0.0312651813262943 -0.61291448657534 -0.612953593757872
0.0170117508468154 0.0133866238535477 -0.904929646659155 0.297754138701706
0.00826729861460081 -0.0242737534952783 -0.0520253750880487 0.782260164835243
-0.00888419930953033 -0.0240039960729844 0.447675880174801 0.331844747281112
-0.0122055883623551 -0.00826351338631347 0.369511076894339 -0.109272871450503
-0.0147328795925832 0.00486036679128382 0.0997401585234478 -0.298157476277262
-0.0121542260147965 0.0207047869604252 -0.085791793766175 0.192929564514051
-0.00348990599657842 0.0090643621675032 -0.249743173767899 0.0175054639429256
-0.0119447263243634 -0.0168612291837057 -0.311332480530042 -0.325318321295128
-0.00578414078494819 -0.0306630222022907 0.153360781125295 -0.593701043613481
-0.00151817806532933 -0.0017747629640043 0.791461797459805 -0.146190635101471
-0.00451730212663509 0.00599683701485828 0.562945068674903 0.598492461363862
-0.0113761081947735 0.00797313899020585 -0.0568832009072612 0.581684539491441
-0.00703604384714266 -0.00539370633596453 0.0232840995887106 0.0796330617626522
-0.0116118997622067 -0.000806638175145699 0.0972848266859717 -0.480995095044709
-0.000394051860060307 0.0263834240715014 -0.636220039470998 -0.57593685820431
0.00712557991122598 0.0158700273524486 -0.884708299990519 0.339267944740129
0.00821159283973363 -0.0161710395463931 -0.0149606477836345 0.779082273667864
0.00377666614420025 -0.0160020919963611 0.461947705495431 0.313457735053178
-0.000195903581867619 -0.00436511042675443 0.370974370383178 -0.120168591698877
-0.0113363967575566 0.00464842165249341 0.0956381112460997 -0.298263841548714
-0.00642529221578916 0.0201105091629288 -0.0896351379430182 0.194415120770632
0.00566592893128386 0.0152303076548005 -0.245846978393514 0.0180444663233245
-0.00230671697183815 -0.00488876268221972 -0.300167619436878 -0.333127108136496
-0.00768366391469558 -0.0212562824100277 0.168255681686634 -0.590884318677536
-0.0102582826874069 -0.00223319053728996 0.793975416736038 -0.11833438983754
-0.00642150675857492 -0.000961693759685224 0.547889502770997 0.618407846153643
-0.00713877024632697 0.00436324125789982 -0.0654547341535417 0.582771264189224
-0.000855324527515204 -0.00738050512914001 0.0265408219504761 0.0772180744067892
-0.00794047755459179 -0.00527547361825512 0.08840240598984 -0.483120509721512
-0.0037454420203663 0.0192371975355319 -0.654909229133581 -0.553599408065414
-0.00132511659964029 0.0184845428718735 -0.872002503890923 0.370931242682713
0.0113451009308069 -0.00736993166013403 0.00901366022352761 0.774544888429216
0.0182557246216479 -0.00723531075874255 0.472656261561342 0.297971425072136
0.0129657218247823 -0.00129460384365769 0.370409049495511 -0.12512679484669
-0.00630781791111841 0.00354636983225529 0.0897019433079384 -0.295474253918572
-0.00151439973145876 0.0185913094969626 -0.0960873087352093 0.198215568985592
0.0135993941285063 0.0197279802179448 -0.244260091973823 0.0217944264866699
0.00661004357465084 0.00804013974831449 -0.298490501308789 -0.33700106644078
-0.00872006672989502 -0.0102597359661524 0.17124243185085 -0.594686179415151
-0.0183055128226471 -0.00358832156054588 0.790672220211206 -0.115191468134735
-0.00753022616617483 -0.00839221196788102 0.541674881568925 0.623448587166519
-0.0031737806563743 0.00021506520426633 -0.0640521064186284 0.579801559620729
0.0024543555692954 -0.00883352321193531 0.0320062366920111 0.0743575142650835
-0.00424584066273847 -0.00937319549117012 0.0871245616147671 -0.484474866680974
-0.00764885770415383 0.0113429276012669 -0.661599537886902 -0.548578686564211
-0.00842610153196046 0.020397816266867 -0.872803982014618 0.37681412705125
0.0143740803244757 0.00307077589106191 0.00916898497460329 0.767892532466046
0.0319124116190754 0.00243918326368498 0.476153541804351 0.292290920447415
0.0238372802060197 0.000389781217545498 0.368745395618718 -0.120654823657517
-0.00159281553110889 0.000130633906187906 0.0835430187208005 -0.288348028009171
0.00475184972489398 0.0173803207191782 -0.102995726460167 0.203110709206098
0.0200711495326287 0.0238286682327198 -0.248091130333161 0.0301509009467261
0.0131086485136122 0.0190855479070978 -0.305319761618843 -0.33515087509142
-0.00887571076232762 -0.000164548947586245 0.154388997643063 -0.605999686121779
-0.0224002075758571 -0.00494810372488429 0.782341814635051 -0.131188505783707
-0.00903368381610898 -0.0146212043167295 0.552222905141793 0.611692289480663
-0.000352202263500688 -0.00116119466477234 -0.0524561375029739 0.57332078797462
0.00336311512088077 -0.00939131545785596 0.0387248168405175 0.0720750542966212
-0.00173487403828025 -0.0134817245161113 0.094848668834897 -0.489606685510915
-0.00918096487109312 0.00404353635516544 -0.654531080804671 -0.560984883868271
-0.013137205167644 0.0210985238967913 -0.883015809156042 0.362259654162036
0.0184716043685919 0.0122451576760913 -0.00919128575377175 0.763092507287807
0.0431015604964891 0.0114220791212108 0.470171676781661 0.2968718408561
0.0324811615064212 0.00285913949606057 0.36929780256931 -0.112400746885249
0.00412930463954186 -0.00298174580102919 0.0778555163398023 -0.278893993354113
0.0106620411045833 0.0153301654636687 -0.10932327926733 0.21014672306311
0.0245313242592704 0.0254007411230433 -0.253501564551421 0.041879132243789
0.017266750198837 0.0263676708564851 -0.321551878256301 -0.325078168832971
-0.00721128232679014 0.00690071549663128 0.123291389380198 -0.616851670512833
-0.0230415935889753 -0.00551935217126851 0.767931992934841 -0.167798741153744
-0.00794391330202241 -0.0185978675399621 0.575843788340936 0.582156093978508
-0.001035603444522 -0.00205251070390987 -0.0331953543398443 0.568945615988606
0.00100110515321015 -0.00801063184295511 0.0444290649480646 0.0699141075234731
-0.000415389478778461 -0.0147253616669281 0.110312894395914 -0.494259320930732
-0.00834969555561426 -0.00193815280475917 -0.637585764918381 -0.591713901262385
-0.0162179899556427 0.0199722711329804 -0.906714785724063 0.323547020240815
0.0199394671030928 0.0201028925696794 -0.0472789115244018 0.760477949679449
0.0475871761039509 0.0198635982737591 0.456640803091586 0.310706504129831
0.0365358615943058 0.00433500721384162 0.36798545206778 -0.0971970029019104
0.00894956614756117 -0.00486189181859159 0.0717971286347652 -0.270716064045587
-0.0137686659434289 0.021073871603573 -0.0836171056753369 0.20580365277238
-0.0234860668634667 0.00194864036607598 -0.266287889402882 0.0513464567738145
-0.0377420941817629 -0.0248148872670331 -0.370218446966857 -0.268147894016304
-0.00925811278833635 -0.0411835210093106 0.0266039559396673 -0.604896182791355
0.0185918156380792 -0.00719096955897915 0.720601647748158 -0.301137337697387
0.00651373080113452 0.0148622536645864 0.642750926679569 0.460121357481772
-0.0234550564484967 0.0202222100302371 0.0194454087530441 0.558921479247263
-0.0262954553829354 0.00191341097869443 0.0272257781002946 0.0780762437037925
-0.0231753126342588 0.00801347123255976 0.145130385000687 -0.479674422530144
0.00803931905809393 0.0332175027151638 -0.552293732642902 -0.682916388047462
0.0315012548734868 0.00968351577902568 -0.934575121534623 0.190068185862968
0.014004802895248 -0.0285602290638387 -0.142024271400035 0.766876203685151
-0.0223787920232284 -0.0310051981025835 0.401992692807554 0.370011579334766
-0.0269942485389641 -0.0156966843595647 0.35931928026222 -0.0839638913809025
-0.0125819597861086 0.00194133693310576 0.0913279619788923 -0.286401081031957
-0.0158973551012567 0.0210815392270067 -0.0798211047260467 0.198743298443818
-0.0187997843995407 0.00255993517595507 -0.260522367201485 0.0372187129516006
-0.0320719396556593 -0.0262713114092996 -0.349975260786275 -0.28527843853261
-0.00742705508244341 -0.0417386621755662 0.0701689382284976 -0.599179601519883
0.0148755442905604 -0.00446702564825949 0.745852281313685 -0.248889075489642
0.00310563716755673 0.0149079409682004 0.619191311778496 0.504204520323883
-0.0198781081616282 0.017743245321252 -0.00473288762391581 0.56647639490711
-0.0189453124846359 -0.000209322009468321 0.0246769056758046 0.0799901276820379
-0.0197956953544713 0.00743204459685369 0.123471360239495 -0.477650470996992
0.00689520885629826 0.0334522115366189 -0.587483417686678 -0.637684793597848
0.025571284290561 0.0114497748744936 -0.909412866547707 0.248729114025311
0.00897186373143793 -0.0284972719756484 -0.0876097208651509 0.773928667303401
-0.0178827008332237 -0.0287823039202592 0.424915294977438 0.34745259648863
-0.0215652703939222 -0.0122831404863375 0.36158795766365 -0.100643301069828
-0.0152731415258913 0.00367148251348886 0.0933217343121692 -0.292665614008939
-0.0151619095729879 0.0207132746736312 -0.0797505379116092 0.194944540528739
-0.0124520486968878 0.00537391604160175 -0.253436370323651 0.0276007777039858
-0.0220062516260233 -0.0239700863744872 -0.329654654293956 -0.303037353867544
-0.00606857468361784 -0.0374233459246906 0.108702409912973 -0.59285088470675
0.00680787252323656 -0.00174528090755562 0.767396314101368 -0.201811508383979
-0.000660764292500723 0.0120821997418385 0.589761181428247 0.548991453813253
-0.0167210236007874 0.0125992890366003 -0.0289436907322999 0.571740926286768
-0.0126433777975059 -0.00214899577037805 0.0239837468157673 0.0796325479692946
-0.0152684253999481 0.00488189929793337 0.103180813255161 -0.478248029481763
0.00415907746359782 0.0302989221053542 -0.615513463338369 -0.596507778178992
0.0173070436109749 0.0127365649698044 -0.887196581467279 0.309257904190322
0.00792798498043792 -0.0232922927429819 -0.0403373516146815 0.774079661254802
-0.0090636446987974 -0.0233522715119305 0.445862149702829 0.321404798633744
-0.01192908444895 -0.00773719611520325 0.363527728264443 -0.114623675451692
-0.0141438199847188 0.0048970875305583 0.0929415159591035 -0.295925649731195
-0.00999392725316655 0.0203747269567987 -0.0815724947548269 0.192996009958705
-0.00246925762947074 0.0102350920632672 -0.246191661702854 0.023448065260776
-0.0122469307873032 -0.0171862177832803 -0.313967865441774 -0.315754557617801
-0.0061568257748747 -0.0298568638761444 0.138474780837554 -0.586814519568203
-0.00145226359247561 -0.00126574172455777 0.778496865987758 -0.157891041140875
-0.00454430122073888 0.00664039528077982 0.567210322522698 0.580958274075727
-0.0122103202552063 0.00827325143981236 -0.047437041934498 0.576274833466656
-0.00689063270622196 -0.00526716295327848 0.0239097973791979 0.0789512617976297
-0.0117358689484407 0.000414420778186134 0.0880421921674903 -0.475842505248234
0.000433203374160788 0.0253790327503094 -0.639553462804226 -0.559700616552263
0.00773747647463951 0.0161502685088348 -0.868661818954153 0.35176371972781
0.00863202716806666 -0.0165948686262907 0.00029111114283124 0.770438045089518
0.00375568854754268 -0.0163757807753959 0.463210699932037 0.300914024949262
-0.000153547755616388 -0.0041255064597967 0.364425223442541 -0.125137351762002
-0.011640500702171 0.00493447723344182 0.0884041266102574 -0.296900808003144
-0.00645703141126647 0.0198083294454729 -0.0854231555248124 0.194745603553776
0.00613094614663686 0.0143281864894595 -0.242709309598622 0.0213256336476552
-0.00197165218351079 -0.00528721457950689 -0.303784084211922 -0.323992868909307
-0.00763998140330504 -0.0192043144884284 0.155950002252821 -0.586744140764807
-0.0114162882571148 -0.00170966279257684 0.781752129164998 -0.131135688082054
-0.00633120897359043 -0.00135610288865575 0.550480872530018 0.601550682225659
-0.00703996018340246 0.00343958330987282 -0.0546525623130692 0.575768543630053
-0.0017195919499351 -0.00684235489542168 0.0280062589923212 0.0760194034598822
-0.00774850363516559 -0.00528639179841049 0.0787956786967893 -0.478244183062664
-0.00426192353520228 0.0189401696525214 -0.655262394403387 -0.536342204264684
-0.0017434484563884 0.0180162163339596 -0.854262838337853 0.380711769427236
0.0111379161997953 -0.00685064912063295 0.0222141523504652 0.76511209794113
0.0176704108362546 -0.00728590158493862 0.4725883409835 0.284990731923677
0.0122390247127522 -0.00190613361746844 0.365377230580446 -0.129238214556281
-0.00665710316339061 0.00314014774875681 0.0838021179368177 -0.294723035208527
-0.000555160583026282 0.0182335841779475 -0.0903182441158468 0.199037978894842
0.0148405425321798 0.0191234438190316 -0.241568655828292 0.0259169333188163
0.006763867868443 0.00671997634532893 -0.301679019694429 -0.328441057551165
-0.00900348182153981 -0.00949709226806205 0.157788990384177 -0.592046274011044
-0.0180951350310507 -0.0035316257284119 0.78033610317849 -0.12489003842912
-0.00789526902697606 -0.00854816685638693 0.546333290146059 0.607470468627213
-0.00371182463032917 0.000419847005021644 -0.0545702800197374 0.570069595300664
0.00203637685545952 -0.00967264418124609 0.0331612525353328 0.0729231495284077
-0.00478616940802045 -0.0101471249060702 0.0792177180404868 -0.480110207720785
-0.00669938755839393 0.0108539983271232 -0.66087697684558 -0.531551506816083
-0.00848705937228801 0.0202171270766683 -0.854814297394576 0.387589775267801
0.0145284643515456 0.00243186633875158 0.0214080987522787 0.761809561069746
0.0318031096298888 0.00155764265208925 0.47597497878496 0.280519102286377
0.0227611359394212 0.00041043278602089 0.363439874693977 -0.127315994221945
-0.00184306491929101 0.00101371521434765 0.0780809060270975 -0.287920756057036
0.00569805487518205 0.0164034107093151 -0.0980442523792273 0.203422361118285
0.0211805737713415 0.0230529716001983 -0.243408010374764 0.0353757923073748
0.0139096240590725 0.0180761820420165 -0.308543942149939 -0.325860630166204
-0.00853809576053024 -0.000402569588549304 0.143414667247032 -0.599814616401807
-0.0222363864959801 -0.00456603651648114 0.771854469525378 -0.14228550982254
-0.009307083700065 -0.0142480909974816 0.554888657832978 0.5934820326347
-0.00133331719704144 -0.00130575268309659 -0.0431813993702428 0.566600429490477
0.00277012775156786 -0.00938660556646783 0.0391598348622324 0.0706283607049621
-0.00142650621177814 -0.0137504924873507 0.085983493940319 -0.486451062025594
-0.00907253372812614 0.00414724378025356 -0.656170412196439 -0.543371154036999
-0.0129888549418504 0.0211856206622115 -0.867776726131601 0.37298139424421
0.0183539132862732 0.0115480365093073 0.0041122227558864 0.756412732156884
0.0423317138834733 0.00990783769226349 0.469213315235237 0.28511465558584
0.0320031516969946 0.00289929277828229 0.363501654988501 -0.117952150589416
0.00395006760188035 -0.00266878413414968 0.0725352172372414 -0.27973521332561
0.0108693807894869 0.0145624526258173 -0.104477238292075 0.21111451731377
0.0246275344217305 0.0242110057213741 -0.249419141751843 0.0458905078654099
0.0177786313632169 0.0260123625535842 -0.322868873804094 -0.31626668609187
-0.00775512302345751 0.00670480721243909 0.110039279326675 -0.610238505157111
-0.0233022667249528 -0.00519073980196419 0.755496787415245 -0.17848507484181
-0.00825224942922624 -0.0173751315984633 0.576227184302256 0.5661709875082
-0.000897038515302871 -0.00183562169324984 -0.023134310478856 0.561724712771716
0.000905538804726123 -0.00793258779196353 0.0456186243975663 0.0688990910089945
-0.000710762705843473 -0.0147335278848651 0.100660097238746 -0.490620075122254
-0.00851377673185869 -0.00220444923790079 -0.639682912016994 -0.575328717892407
-0.0148979883476792 0.0204411269762155 -0.891467880103154 0.335187816078689
0.0203990178117289 0.0196277010508518 -0.0332581991872388 0.75362324084806
0.0472025039016506 0.0184571436034774 0.456108068192172 0.298799913968933
0.036215419158957 0.00320974090108888 0.361711502571776 -0.103012410945057
0.0088415662529889 -0.00480327622568496 0.0674451459794003 -0.270161067037211
-0.0134348700822929 0.01967782558881 -0.0788454775849432 0.205204968914017
-0.0227932137499699 0.00238236492400513 -0.262162000752665 0.0545301346533919
-0.037810524657983 -0.0234003002582538 -0.36976409065446 -0.258873487913255
-0.00995062264280968 -0.0395666023851496 0.0159954731344163 -0.596124621603933
0.0184685087392456 -0.00771825612250488 0.705354939177412 -0.30721320605995
0.00595724471021163 0.0154401197374425 0.639317437166258 0.445839936878879
-0.0227914453165906 0.0196890886614593 0.025945005060266 0.551227482631963
-0.0248078590063362 0.00287604305297887 0.0292308036775994 0.0777582624032736
-0.0230263604082672 0.00722586089339884 0.138080141938957 -0.475543768430341
0.00866465336065058 0.0327688822169161 -0.554458858972846 -0.664430535576465
0.031547243193552 0.00922608424737823 -0.917318202366725 0.201581052771078
0.0128733675378204 -0.0287599465573242 -0.1298826517285 0.757892866800044
-0.022275897455209 -0.0309236958389587 0.402604029102208 0.358820890737007
-0.0263341954058754 -0.0146150651535192 0.353819971315366 -0.0883541874371486
-0.0123113270459064 0.00141978194447547 0.0861195362701675 -0.285259515006733
-0.0144571746022056 0.0200117069034662 -0.0761664975894846 0.198849332250258
-0.0194320260288746 0.00260166539541498 -0.256742780617 0.0419511852691949
-0.032162316753347 -0.025589868422069 -0.350845795851948 -0.277150198753796
-0.0086708430554036 -0.040830639546903 0.0603995229320645 -0.591555471608521
0.0143659606471208 -0.00422673330751884 0.732824246223392 -0.256818346362236
0.00259605556426768 0.0149251693152315 0.616824829153914 0.488715690492448
-0.0205874196378207 0.0168775612967345 0.00135233659171036 0.559545888297942
-0.0196159114647023 0.000346532656313838 0.0256832453674299 0.0783825831256778
-0.0193699185365078 0.00729893871495984 0.116123575214917 -0.471581286202969
0.00716618021132402 0.0318502628307598 -0.588208990346442 -0.622448546720247
0.0255988343153811 0.0103413240967335 -0.895772957159876 0.258163165534914
0.00809421478087876 -0.0280697021240882 -0.0772471976621293 0.764844669290255
-0.0188842881001215 -0.0289165809759061 0.424024594128282 0.336867343632895
-0.0217230999503079 -0.0109120824629607 0.357022630940963 -0.104981910993706
-0.0149988598476448 0.00446819929773427 0.0880843458784039 -0.291173151152956
-0.0134514705028022 0.0204088263179394 -0.0756100192528395 0.194799353286296
-0.0119364303405962 0.00438079817381779 -0.24851166343365 0.0312828010843584
-0.0224306908826763 -0.0228529445684355 -0.329699724471475 -0.294705482445178
-0.00684159804152478 -0.0366010457950226 0.0990591911597357 -0.585118156897443
0.00758303055421473 -0.0016862648969081 0.753023461130479 -0.209674995651354
-0.000669497884997847 0.0118388651691298 0.58963216782494 0.533401326720956
-0.0168423331409378 0.0139897667567284 -0.0210581735661272 0.563813508285828
-0.0129945826187142 -0.002444096468287 0.0238342235699207 0.0785355859331819
-0.0152765522682251 0.00441493959383652 0.0959882368430122 -0.472935102586642
0.00352967081274684 0.0295059738687319 -0.616377629361058 -0.58010743408419
0.0177407783114011 0.0119337702905232 -0.87045609420224 0.316706984435199
0.00736649669446306 -0.0237648463302974 -0.027706799055563 0.764345358614789
-0.00956110335553921 -0.0231843447818407 0.445314540139538 0.310947998269353
-0.012911322309344 -0.00805654370419713 0.357067389223707 -0.11996642478625
-0.0143818975746863 0.00565479364227239 0.0882198358287895 -0.294914203073405
-0.0106332483528238 0.0196362974017575 -0.0768954313305343 0.193848109231453
-0.00356786848839814 0.00828269641903993 -0.242205650993953 0.0259272765396879
-0.0117129900881504 -0.0164436776681293 -0.314922431638889 -0.306045511520124
-0.00671038998847371 -0.0296946249585315 0.12837070926171 -0.581348493910188
-0.00167098158207569 -0.00170258412429416 0.765980174368962 -0.167400046682827
-0.00457932509944592 0.00569139689567489 0.565110373180739 0.565640541205919
-0.0112739032729029 0.00795534753764246 -0.0401693274062133 0.569101299918866
-0.00686779457792111 -0.00593524247497333 0.0253352370425612 0.0767438022936838
-0.0109593768128725 -0.000332610821524551 0.0825426765110452 -0.469260935386456
7.97623096572457E-05 0.0241781703420748 -0.637530246114608 -0.543236674900261
0.00796912611906592 0.0148154775566811 -0.85137303941286 0.360205160127334
0.00675115128384832 -0.0159475034325385 0.0082867083958148 0.760077275210448
0.00335081750272127 -0.0164379624613329 0.461328811956604 0.290504200151363
-0.000448224154975278 -0.00477237144061829 0.358447795670694 -0.129929001248015
-0.0107647844559228 0.0047542091956736 0.0843580318147563 -0.295407075901797
-0.00540819275038219 0.0191272663506065 -0.079989063309419 0.194985723645638
0.00609769107204353 0.0142131275186565 -0.23772515074425 0.0254045775959482
-0.00215385509101553 -0.00481286811649518 -0.303564978820374 -0.315098300292594
-0.00777389530999172 -0.01935402279334 0.144447065714221 -0.580296923212268
-0.00990810339890617 -0.00186853276813526 0.769747573462733 -0.14006344152901
-0.00697308723217796 -0.00101873281606769 0.550922267706203 0.586775964153545
-0.0074574323171377 0.00398097014383248 -0.0468055086259681 0.567799951913022
-0.00134700491492921 -0.00742172152723835 0.0283038267018767 0.0749643779492529
-0.00851892807499976 -0.0051849662641748 0.0729938430554487 -0.472485232679286
-0.00357541498263098 0.0185268786501925 -0.654482741165914 -0.519992078507838
-0.000536971458940725 0.0182996487857868 -0.837527095414617 0.386193370491089
0.00990405084260342 -0.00753834860981575 0.0341769127441383 0.754458520906401
0.0176884069763735 -0.00747366880677401 0.468143205183818 0.276097119337845
0.0119069977911412 -0.00191677278853684 0.357848629259353 -0.134628962010747
-0.00675067718737936 0.00335758308458299 0.0795009548610659 -0.291390334284672
0.000110113351029123 0.0178180260488795 -0.086620859509792 0.199569837847406
0.0141712701564507 0.0188875868718357 -0.237248970427853 0.0288772289101609
0.00716938812059501 0.00731391436943481 -0.301467647114762 -0.318991201022273
-0.00877924711922812 -0.00935585782705466 0.14675346892928 -0.584606920488494
-0.0172751459608553 -0.00221471859734069 0.76655033058688 -0.135987405301469
-0.00857092160908334 -0.00760793844392844 0.544734829781269 0.591191033370757
-0.00332754516876718 0.0008972531995209 -0.0463575065939603 0.564919414210956
0.00172444299551083 -0.00923064755726313 0.0345115560478464 0.0723924744137556
-0.00489647833491784 -0.00992418112526642 0.0733423247083354 -0.475277116922402
-0.00769430758371961 0.010632423949557 -0.660527431750195 -0.515286541547213
-0.0071882641523187 0.0198976287056355 -0.838722070767061 0.394260569576537
0.0139059529730193 0.00230736942983778 0.0327114940019509 0.749913267719005
0.0315944307898589 0.000535591212054906 0.472282726493093 0.269298934611239
0.0230055149480758 -0.00103120574805182 0.357150717858758 -0.131275599222959
-0.00156190968947441 0.000635181825346789 0.0726946123064962 -0.285420224903394
0.00614003381197591 0.015958740026885 -0.0929051505242383 0.204571971251936
0.0207283413909609 0.0220104553657585 -0.239577890474441 0.0374232773569469
0.0135561748169036 0.0185133041457486 -0.309071363587379 -0.315616274267133
-0.00908161140128329 0.000261516332695132 0.132468145733778 -0.593021021481588
-0.0217282275520322 -0.0039626209744565 0.759228885931266 -0.151371970219242
-0.00839748210580008 -0.0135884942164991 0.554241494445829 0.577714403263373
-0.00160383237498243 -0.00176444004529713 -0.0352468118792774 0.559956657192402
0.00288570596505031 -0.00956680632974728 0.0397025212103275 0.0691131977274174
-0.00122718300372981 -0.0135699625301381 0.0790904585168368 -0.478466966594822
-0.00873891540834026 0.00420214160435298 -0.654357598315197 -0.527973979727123
-0.0130346497506703 0.0211086445914643 -0.850619369454214 0.381025734344403
0.0179891405118525 0.0113449398006273 0.0137536557586974 0.745044820220223
0.0416122141754075 0.0088558835738276 0.466089002847967 0.274070043918954
0.0313490846999021 0.00128025182281595 0.357020127649037 -0.122212814390824
0.00371272754592888 -0.0019689331152067 0.0670412339193291 -0.277945286199839
0.0113416199859801 0.0142355191390102 -0.0990659707484864 0.211151642181161
0.0247940060639278 0.0228072615616755 -0.244573960335844 0.0485181791336586
0.0178606221524709 0.0252031591067779 -0.32262620731188 -0.305441741759478
-0.00724206478871264 0.00703198236550246 0.100638513436602 -0.604077965151833
-0.0224528935012027 -0.00495902572090093 0.742133354556643 -0.186414120272919
-0.00812021739169987 -0.017545950003267 0.576708703988036 0.549149553997889
-0.000993368353449629 -0.0023436448859418 -0.0162694286547937 0.553240658900139
0.000928775874473351 -0.00820168672495132 0.0459859420627022 0.0671294510565927
-0.00162445011366086 -0.0148844784315874 0.0946473935650373 -0.484231617638081
-0.00875791065441467 -0.00202895172749965 -0.638774107214875 -0.558914422088125
-0.0150340478047815 0.0195835805396462 -0.873216032384832 0.343938191039196
0.0199413929220838 0.0191968953720998 -0.0225468861058943 0.743635185959417
0.0470651387075766 0.0175741315565271 0.453773539664326 0.288335768198058
0.0352391116210634 0.0027481404717709 0.356775831599933 -0.107295353244529
0.00859558092138993 -0.00443412215336185 0.0625075182986299 -0.26730373525559
-0.0125422479033943 0.0197487299326615 -0.0747498680856927 0.205167567878584
-0.0220942963419758 0.002139164423372 -0.258024122600305 0.0569426605698483
-0.0371006481794215 -0.0237225085068853 -0.368097774422529 -0.25055535695961
-0.00999142678542549 -0.0394087434383039 0.00914230519629261 -0.587795017923814
0.01881444149925 -0.00688951444576315 0.692418530836745 -0.31188889625209
0.00679175502443423 0.0146225109635402 0.634848324470345 0.431331033585457
-0.0223998573711081 0.0210658691950738 0.0305974016644536 0.541094161820812
-0.0246541968630465 0.00295112657109405 0.030408891706742 0.0754704376958475
-0.0212255247658898 0.00861678839603686 0.131047457548586 -0.468950218814002
0.00902176003332585 0.0310728277546728 -0.552741785922225 -0.650745031604232
0.0311478848009636 0.00973209476386116 -0.902253049882961 0.208914910743574
0.0128015995683795 -0.027732173004427 -0.118559642816926 0.748681829854661
-0.0227318663916221 -0.0294587640986268 0.399353899439385 0.349372920550249
-0.0259613295601312 -0.0143185109082491 0.349050542620246 -0.0915193854616259
-0.0126141015626398 0.00134897225947302 0.0822245103132645 -0.282797824548742
-0.0134872051348073 0.0199461218859841 -0.0722629189316081 0.198478306650668
-0.0189036009621089 0.00272905280848828 -0.250830403627759 0.0440383041271455
-0.0311590769095213 -0.0256725147558769 -0.34887587861844 -0.269989749784296
-0.00791433734308646 -0.0392756072902585 0.052203321455278 -0.58385534319802
0.0138679136583231 -0.00379747382101918 0.719292162093459 -0.261992053526181
0.00342760447310421 0.0146973380261703 0.613240977712365 0.474138720312179
-0.0197174632087743 0.0174601513492411 0.00594777196947867 0.551584375548225
-0.0196278199492121 0.000798251574508861 0.0268965792358563 0.0771947609853113
-0.0182065722038871 0.00683075029062662 0.110937610670114 -0.466188679561836
0.00674627042242843 0.0311971270335616 -0.58390239208521 -0.607427405052556
0.0262433867182019 0.00943057732578316 -0.878856385926791 0.26610720689995
0.00891276264774213 -0.0274219207118258 -0.0663203727074781 0.755113345462746
-0.0191159743480479 -0.0279599107398669 0.422192029560466 0.327798435842059
-0.0214758854764265 -0.011434082080152 0.350492492976155 -0.107988318429549
-0.0145923583239098 0.00415600284711126 0.0827475549021052 -0.289215043472526
-0.012054662173316 0.0195992134237673 -0.0724757544597795 0.194192657434963
-0.0113766157450083 0.00516989456478906 -0.244791554098149 0.0343083240472801
-0.0220646713491861 -0.0232742044766383 -0.32903322929189 -0.287268766566552
-0.00777062642955974 -0.0366482709704147 0.0917099007569523 -0.577636292593348
0.00705354317270699 -0.00207312114950843 0.741066866052783 -0.213057535947207
-0.000349801425754939 0.0115361108433594 0.585648156688702 0.519335529475445
-0.016896233272995 0.0130918779485075 -0.016750705759788 0.556609447008788
-0.0139067147728828 -0.00210183925327854 0.0253413455979843 0.0770905461781004
-0.0156856372783742 0.0045544730732772 0.0909217416307127 -0.465004154900638
0.00449795984576707 0.0292794454110005 -0.610598996365479 -0.565342740753203
0.0173541684087471 0.0123181593976605 -0.855481807328761 0.323076299076235
0.00649872406722501 -0.0229616875093731 -0.0182131219671459 0.753568198956237
-0.00991525998254679 -0.0237020938634903 0.442202667277354 0.302173377517045
-0.0128191892452244 -0.00720625961599238 0.351304513942002 -0.121858690817928
-0.01337696317085 0.00573278861534575 0.0830571517282342 -0.292021200788611
-0.00922150940833491 0.019350923211058 -0.0730597428601068 0.193509553749784
-0.00281423316524806 0.00889648950466279 -0.237862579627409 0.0293627391160662
-0.0109666060136892 -0.0160782062678675 -0.313573844250161 -0.299265400659563
-0.00784429585946495 -0.0281074527033861 0.119832872008924 -0.573914567043561
-0.000661146636015334 -0.00135043308581173 0.752287232679453 -0.171292786203569
-0.00400279366551898 0.0055231664782185 0.563321930912512 0.551039286891542
-0.0127646801228327 0.00849538126481031 -0.0322179512147009 0.559827296848934
-0.00704229836730245 -0.00525038449600703 0.0268558087501746 0.0762309643318633
-0.0110704153361425 0.000296188017789432 0.07581040467857 -0.463606487321033
0.000678164761378478 0.0244694768181007 -0.635235428770923 -0.528986924840697
0.00839430067353247 0.0149315412639658 -0.833575679375224 0.363490617631063
0.00708208509358537 -0.0156688910647312 0.0182732148515173 0.750144226769337
0.00262759588496398 -0.0161691812620246 0.457549772760966 0.279778458421301
-0.000538518796264539 -0.00448831592513925 0.352535506785631 -0.132296455661708
-0.0110661273470593 0.00471673210834549 0.0802397055449974 -0.292476780630442
-0.00494053432498893 0.0181793733758575 -0.0772512484279088 0.194461480901487
0.00619004152523238 0.0135513221197656 -0.232979852211142 0.027992079625778
-0.00159303154811301 -0.00539666602835778 -0.304693720435191 -0.307329333916992
-0.00871749934747668 -0.0192362779798789 0.136273782105069 -0.574065336608152
-0.0100526152385106 -0.00110064881187944 0.75686201782883 -0.146701789137785
-0.00613636380967578 -0.00128211131020053 0.547711987374436 0.57250128409599
-0.00733788065423717 0.00330446922172313 -0.0411513130540804 0.559647446515564
-0.00165793074167509 -0.00748933272141161 0.0294314995989198 0.0744361457997405
-0.00721805356668035 -0.00454314278624499 0.0666270371758413 -0.465545203431127
-0.0037819308323182 0.0171337966127341 -0.650507043091561 -0.506120736572135
-0.000426912080943715 0.0178856333419755 -0.820930728802642 0.391042017790669
0.0100188970572145 -0.0066597307676392 0.0379410320777152 0.744336814833918
0.0175098667350321 -0.00854410070902036 0.466054676722594 0.264768604092799
0.0118351012751226 -0.00196572798378006 0.351991117965059 -0.137256974909087
-0.00607049072527538 0.00331149562933541 0.0735399239366769 -0.28910885839777
0.000774505262304768 0.0173677907016959 -0.0832394093152384 0.198641708569172
0.0146867551823806 0.0173093213973611 -0.233876281311895 0.0324355880897756
0.00660746819165057 0.00664547005209277 -0.301716543669604 -0.311418320613177
-0.00938135571950452 -0.0089026258998673 0.137885747397878 -0.576394546019278
-0.0172991922729117 -0.00232165598018089 0.753534787313697 -0.142107475306332
-0.00843096352814928 -0.00790935625330697 0.54368686569651 0.575019083559904
-0.00349462077574356 0.000532551297154203 -0.0404392850209562 0.556716981847219
0.00178009482220764 -0.00892406520719691 0.0344067116535145 0.070672817035068
-0.00462844394534226 -0.00968383309852607 0.0667859207202451 -0.469057253607842
-0.00724835899336774 0.0101162027607906 -0.655696759115789 -0.50018223870355
-0.00714084055121522 0.0203125187285738 -0.820292418172131 0.398628296811343
0.0132215836290902 0.00162084348045749 0.040368742482711 0.739233427193999
0.0309734267045243 -0.00040062865916064 0.469608813624959 0.260217339272367
0.0225599960188438 -0.000692088955823956 0.351451335813037 -0.134061970324682
-0.00144055432318343 0.00019741288312613 0.0685188425148074 -0.283222004806405
0.00668583457817541 0.0148639736572238 -0.0887477238740962 0.203453484073431
0.0209856613790616 0.0211045922494982 -0.23501610709713 0.0396117508356161
0.0138673570986004 0.0178828718540609 -0.308388300121222 -0.309039321657432
-0.00876681888429792 0.00106526266118283 0.121930297124522 -0.586306189174543
-0.0221494602764944 -0.00345492943898797 0.746451945671295 -0.155407574657606
-0.00834534523939182 -0.0137034228903727 0.553347523521263 0.562970581990784
-0.00121166633048634 -0.00134199037474131 -0.0284445684935286 0.552278685958249
0.00284557862939312 -0.00945545880884465 0.0412352881044264 0.0681066785830357
-0.00172643015541706 -0.0129998249009151 0.0740261013132157 -0.472512116691393
-0.00893340084403513 0.00378500497057011 -0.650767201642059 -0.512874245472733
-0.0120914936884936 0.0210337820697775 -0.833255586264756 0.386199000964635
0.0176880082396295 0.0113831181973589 0.0227074870713764 0.736235887514689
0.0413374633177394 0.00856290989602865 0.463123054561405 0.264902753701207
0.0305079085400698 0.00064121067400702 0.350506088942644 -0.124605111285008
0.00412510439969438 -0.0024887397927008 0.0628326420157528 -0.274577771413785
0.0116739622420638 0.013795597248631 -0.0956596117159828 0.210031548466665
0.024401945638091 0.0215498783100301 -0.239274927958318 0.0504762286893761
0.0178693422771025 0.0249682161723453 -0.323274790726165 -0.298814241490961
-0.00700879054967097 0.00746806105073519 0.0914495251109508 -0.595861505617452
-0.0220994308848799 -0.00400875771912393 0.730526748083152 -0.192758363909264
-0.00876025043503149 -0.0170552942967975 0.573633531340001 0.535002371245692
-0.00120847652789674 -0.00213054466903878 -0.0103401089447826 0.545911660242543
0.000269403035163224 -0.00758464199549044 0.0464937674403348 0.0656908863028991
-0.000943784307965257 -0.0142386488527877 0.0885491208552747 -0.477258582411998
-0.00849965459194891 -0.00191999834756871 -0.635722174990183 -0.543713550012189
-0.0138689499349622 0.019770126114831 -0.856710844682082 0.350172004994779
0.0197850399622816 0.0189208049399372 -0.0138018731626315 0.732963481069053
0.0460571752005738 0.0159847202310523 0.451615389781119 0.280285170526383
0.0348658091707778 0.00212619665530472 0.351141109219121 -0.110730242775469
0.00876075459179142 -0.00492268060967679 0.0577198050009597 -0.26522066877256
-0.0122007765675152 0.0199939042242447 -0.071266060185415 0.203570593099404
-0.0224197937378613 0.00167215308933823 -0.252396317235208 0.0593598542704006
-0.0375764094053471 -0.0228805775406941 -0.364409558504263 -0.244601196298679
-0.0104169025066146 -0.0382105351751472 0.00376047334991691 -0.577075337251173
0.0179753703978869 -0.00702232031151319 0.680012493136519 -0.312867732285261
0.00673696709836323 0.0145128607692181 0.628805939258453 0.418672129592497
-0.0221030853852696 0.02015555124489 0.0338792737762024 0.532131043578475
-0.0238407739496463 0.0023122800665299 0.0300557022325731 0.0748718710271427
-0.0218752462287975 0.00878526569390438 0.12867282926048 -0.462281839337773
0.0092754047844503 0.0305173214866195 -0.547855591340893 -0.638245625175536
0.0311012802289286 0.00902113014454562 -0.8885075747161 0.213953906809644
0.0118640392334645 -0.0276059659512927 -0.109083551665964 0.740743225423342
-0.0225779598969271 -0.0298051913458052 0.395524809844642 0.340773968046761
-0.0269992218327905 -0.0136933851511851 0.342449252096471 -0.0930507480990185
-0.0126810389670479 0.00148048982181917 0.0782909886273173 -0.279687730614963
-0.0122389495289508 0.0196249279373464 -0.0694918247831862 0.197749602974209
-0.0183997977252395 0.00269414169861919 -0.246147900396495 0.0461874972914827
-0.0310424979332971 -0.0244340697387938 -0.345223641685785 -0.261799275441313
-0.00953011429634432 -0.0387246130037232 0.0469713231524688 -0.574436978132133
0.0144249845090396 -0.00452903747029013 0.707880884197718 -0.262438517288672
0.00240263767260927 0.0144716229143474 0.606141947350389 0.462912790594461
-0.0203323162826927 0.0169072016212264 0.00993395162801955 0.541205653706646
-0.0189721307170038 0.000491019916145087 0.0270059939335364 0.0763737676578938
-0.0188006161655304 0.00754585324181014 0.106640098914673 -0.459549267701367
0.00798130680888662 0.0307297137188968 -0.58088182687116 -0.593074794398387
0.0255593651454332 0.0101597777712762 -0.862715977279847 0.269138522097066
0.00809817284946678 -0.0271912170418452 -0.0590630696626811 0.742814805277004
-0.0184109440323198 -0.0279546752703114 0.417517128198841 0.318199947102251
-0.0220166501239933 -0.0115619232190988 0.344107371267217 -0.110246889351117
-0.0139900841124445 0.00452826409411345 0.0789323760781044 -0.285877052609072
-0.0122579726866189 0.0189478466074503 -0.0684026895216206 0.193137605921891
-0.0116220656715324 0.0043838391228756 -0.239536137706708 0.0354088050496893
-0.0217290343165972 -0.0229059977078726 -0.326966293414294 -0.279115254350216
-0.00770964835621486 -0.0349117576567117 0.0853713875342287 -0.569548939240794
0.00763844794503253 -0.00240862678419543 0.726591793938084 -0.217985482367578
-0.00123653458605898 0.0111445633936455 0.579773334560028 0.506022081555828
-0.0164842890074174 0.0132943930545192 -0.0118356691275822 0.54748136639436
-0.0128581092318493 -0.00182992254495207 0.0264871572601192 0.0760250264878211
-0.0150306532501531 0.00468339724521142 0.0865524742098061 -0.459044930870097
0.00458255504002076 0.0289271187323131 -0.606960062866668 -0.550361707180696
0.0172737428489124 0.0121861265662075 -0.837436229377817 0.323653937398696
0.00595123302086849 -0.0224072155168548 -0.0104964025560765 0.743478543483773
-0.0103938341948209 -0.0223758610176446 0.438743017874343 0.29326349348918
-0.012201567955964 -0.007587868837884 0.345494098020923 -0.124463665480843
-0.0133850493407265 0.00558538266246114 0.0787909833784079 -0.289232842704203
-0.00896698531626247 0.0192738984287048 -0.0698565048464484 0.192039565734252
-0.0030082126096209 0.00789624480022305 -0.233632865548338 0.030042359740346
-0.0114592005933423 -0.0157215216611109 -0.311550724748985 -0.290892769730657
-0.00786884933599277 -0.0275806641611795 0.112579932217892 -0.566749367854104
-0.00103634510745925 -0.000855277038810625 0.740731879267403 -0.172992915846271
-0.0037830000929929 0.00522052090806485 0.559085925395497 0.53738373389455
-0.0128341056645146 0.00829179869347613 -0.0290936668221223 0.550790069400927
-0.00638061689679109 -0.00505219817814455 0.026044222328798 0.0756572456086628
-0.0112501524917408 -0.000108948024266969 0.0726863959170641 -0.456316753631362
0.000832760382586277 0.0241019389378982 -0.629963086796778 -0.514445612777579
0.00844226098756242 0.0154913581807617 -0.818566121028312 0.365139110270446
0.00660415792334759 -0.0162739000681315 0.0250437181252293 0.738086533914146
0.00259297883256592 -0.0170608943062911 0.452484988302254 0.27300087705339
-0.00141913112055826 -0.00446594886130969 0.345680528794647 -0.134307364534457
-0.0112263719198837 0.00541288170845234 0.076045206032408 -0.289781188922571
-0.00431704347489989 0.0183436105697373 -0.0727491210404439 0.193501228899139
0.00627679773309366 0.0128303830057705 -0.230192950312772 0.0292016321308529
-0.00101969294691174 -0.00514060236929634 -0.301548332976784 -0.300746716014239
-0.00787493569952639 -0.018029676212365 0.129799455078506 -0.564984492822437
-0.0100807155268084 -0.000925982798915367 0.744151886899226 -0.148821874338396
-0.00653046081467255 -0.0012737146575086 0.543700790562935 0.557615607511869
-0.00831308892612015 0.00390683087627638 -0.0369546031811769 0.549684334412913
-0.00152295805087257 -0.0076105491961669 0.0304024026215549 0.0722940625183555
-0.00764603245226687 -0.00455158392991784 0.0638544227783355 -0.458491761595136
-0.00343260974349654 0.0175282536258509 -0.643874982540789 -0.493945871746203
-0.00053677455896714 0.0175941753135286 -0.805485399324451 0.393732973193293
0.00947468272324141 -0.00679598509349035 0.0461923908201982 0.732433512127368
0.0168335496595087 -0.00918528309707008 0.461905809747521 0.258842347638363
0.0109075567186133 -0.00287954060412121 0.345263245405647 -0.13853281989566
-0.00631806617918534 0.00279984750884565 0.0707429493082089 -0.285664004113111
0.00120664190244513 0.0165237163116381 -0.0789949886223326 0.198049725067846
0.0144532112632198 0.0169661031229702 -0.228259479555988 0.0333802966133843
0.00697271092195693 0.00676966879222315 -0.300304312654956 -0.303216541441648
-0.00888617845299741 -0.00812669837305164 0.130711993260176 -0.570080755249452
-0.0169003787077918 -0.00186893620803192 0.742124976993044 -0.145845976733103
-0.00773848841280072 -0.00748310177374966 0.53963801601382 0.563672064571556
-0.00392948590450039 0.00142709231104598 -0.0364876438375219 0.546575483922648
0.00150850720160879 -0.00875814348171534 0.0351240434663185 0.0690748525276209
-0.00383784718378634 -0.00956364474127338 0.0634130436194761 -0.46144474989837
-0.00653208771471956 0.00988301054164659 -0.649550409969523 -0.487801488913628
-0.00680745840138676 0.0200533786635698 -0.805960702002285 0.400069519176741
0.012806553625086 0.00165263822436064 0.0447351150434426 0.728199651879405
0.0305835897406787 -0.00072875356391274 0.463308967187352 0.251738702139296
0.0216095222512929 -0.000807991286754023 0.344394887019432 -0.135624654380728
-0.00113520557863243 -0.00032529272248696 0.0647079103008725 -0.279392263332325
0.00642500903120329 0.0147888569850614 -0.084714809803411 0.202816980698507
0.02068789697747 0.0198371370365075 -0.230331089580749 0.041416325732732
0.0136715752992562 0.0167022584035579 -0.306906392548405 -0.300374795435158
-0.00856548396259056 0.00088930439007916 0.11658901856691 -0.577754945053652
-0.0213266656985763 -0.0027091818424465 0.73296032473288 -0.160826589917789
-0.00859332307663535 -0.0131182367784024 0.548463986479115 0.550764936096843
-0.00222930452189587 -0.00107869463216356 -0.0247274739303253 0.542673853352191
0.00217976983938024 -0.008806202864016 0.0413604951722177 0.0663509303501685
-0.00180370455524619 -0.013252390383902 0.0698930877354426 -0.465237872739052
-0.00837402081529471 0.00402548751760861 -0.644846195476676 -0.500179091940147
-0.0110500150369616 0.0206629831841762 -0.818090969239324 0.38608367749695
0.0169755112396783 0.010766644817154 0.0264580339001735 0.722855967299409
0.0404527655376362 0.00746347884876913 0.458878670623434 0.256001024206862
0.0298830534937107 0.000766281715169704 0.344870893506171 -0.126370057680342
0.00308659672577645 -0.0023630728758502 0.0590989173511396 -0.271065491436745
0.0116163998422944 0.0135247894437016 -0.091741460027501 0.208507837263148
0.0246477152979147 0.0211555486056241 -0.235382272815855 0.0514053495808344
0.017713079051789 0.0241196234499841 -0.320443415594138 -0.29147706606093
-0.00714989870670567 0.0070931376755353 0.0847247509861941 -0.587906129982034
-0.0213703905254676 -0.00328316132266101 0.716824654929956 -0.195939086242309
-0.0082020574340415 -0.0167468712265513 0.568802149381044 0.52148092055374
-0.00228774259467902 -0.00153475393485122 -0.00570620754038617 0.536320265182733
0.000500723424781192 -0.00809016969939089 0.0470263518623253 0.0647839918725798
-0.00118746212460847 -0.0143487549428727 0.0847293244346615 -0.470479775454114
-0.00850341594598939 -0.00224215040210726 -0.630667024662894 -0.532373974449801
-0.0136999157938427 0.0189534404749726 -0.842510661423091 0.35109387372493
0.0194300785971224 0.018434617200007 -0.00781977660277009 0.722552887875429
0.0458633522511425 0.0149846055722133 0.447198542768601 0.270840891525563
0.0339303355457953 0.00186170891369352 0.344297408017889 -0.112368469528087
0.00867040761955533 -0.00454344861982489 0.0546317465347017 -0.262717227490131
-0.0112798413418709 0.0200621118164922 -0.0690095054675227 0.202152389116064
-0.0224191163031116 0.00109779527614125 -0.247937489168797 0.0600225730405187
-0.0365455244974774 -0.0219822835338729 -0.360436637814145 -0.237996946642693
-0.00980101166745134 -0.0377725445859338 0.000367017400910806 -0.567002763792519
0.0186272679760295 -0.00682872753916398 0.667862768563999 -0.310085279554799
0.00666784654364645 0.0138751128216995 0.621481309314715 0.409150205958245
-0.0216915058325423 0.0197519487144626 0.0348207601142542 0.523648126338213
-0.0236937505933864 0.00267814501712567 0.030923493883599 0.0737110012890709
-0.0208122136879173 0.00746259516413998 0.123690009735508 -0.455910488948576
0.00883385597988582 0.0299793990801631 -0.542677540777702 -0.625171577646019
0.0313414973158139 0.00818083619008989 -0.873113964355997 0.211885108029618
0.011750989091684 -0.0276338229110289 -0.105398861710919 0.730456521081726
-0.0229645077819231 -0.0289039068702355 0.394793642145111 0.333426659790607
-0.0258597594857677 -0.014055024641756 0.338721107687574 -0.0942922490712366
-0.0126491750819947 0.000922253055289346 0.0756916315914769 -0.276609628852822
-0.0130773414533688 0.0192397399370309 -0.0660754825349 0.196451731590321
-0.0181345848566604 0.0022245375912129 -0.242455322335985 0.0463185820037528
-0.0309389247977691 -0.0243751055591562 -0.343730549733706 -0.254871695497621
-0.00900988219851219 -0.0375169270998582 0.0422693321601875 -0.566098524151112
0.0136014356926365 -0.00357982333750867 0.692708788297586 -0.262921509376746
0.00296227809565919 0.0146885363253698 0.600872515970107 0.451274679468714
-0.0199302130723674 0.0167393049226603 0.0120452242761103 0.533719282157578
-0.0178349675521684 0.00062622774933527 0.0267767803180982 0.074972725447248
-0.0187319331995074 0.00736977555957755 0.103256281833445 -0.452460100939242
0.00765711281354936 0.0299553379216793 -0.575700773364987 -0.58183038217538
0.0250271394314478 0.00934009496085268 -0.849787898114414 0.26980253983576
0.0070970633002318 -0.0275218488787305 -0.0547466003873342 0.733142988934006
-0.0190417001761213 -0.0278692442516724 0.413649914788958 0.310020952395667
-0.0208893132923768 -0.0109434571537183 0.338753956557957 -0.110683751806368
-0.0139204166822629 0.0040005106678242 0.0763221986137206 -0.282336673047118
-0.0108956121305097 0.0186654799308182 -0.0654338683798791 0.192299008864198
-0.0111938440866987 0.00387462888197153 -0.236373935721541 0.0372209624547687
-0.0219528589906275 -0.0227756099246793 -0.324308585544418 -0.272673361622725
-0.00761175155387292 -0.034346193062888 0.0796110597226402 -0.561863209120781
0.00779863410711478 -0.00193371915709848 0.712961128157325 -0.217613983952538
-0.000316629737306347 0.0105128404588791 0.574742216974548 0.495066067240474
-0.0171490319231844 0.0123038067620457 -0.00902549471012464 0.538966416841725
-0.0118079695428106 -0.00189174017971791 0.026038718243448 0.0745688045012105
-0.0145000313885472 0.00537362964765747 0.0828848641931633 -0.451028516484484
0.00494269152302732 0.0266495115421298 -0.602019795156522 -0.539154713618176
0.0172319166811024 0.0114165088849214 -0.82499532637818 0.326374747349563
0.00592084631681105 -0.0228686046967548 -0.00841062664713732 0.731907633866183
-0.0102624407141887 -0.0229435550653685 0.43348370003267 0.28587416182906
-0.0123323158801049 -0.00793772529121387 0.339105161332833 -0.12575619795288
-0.0133406771246429 0.00531342413562446 0.0768704581559259 -0.285799402501308
-0.00836182954449504 0.0187806968744834 -0.0667457534664666 0.191035963316635
-0.00246659881744547 0.00756688983455604 -0.230059541429897 0.0323728072262446
-0.011779775416897 -0.0151077775811641 -0.309571781772159 -0.285738980824096
-0.00700700207425399 -0.0272961291782752 0.108291424732921 -0.557717695579919
-0.00115498932332901 -0.000635424562639096 0.726969607106477 -0.17546757372788
-0.0031788633005051 0.0055245980232048 0.552894255559485 0.526311210916623
-0.0121307805149302 0.00773866555624881 -0.0268147059966912 0.542026360998439
-0.00711658381151431 -0.00487913999902705 0.0259480114185451 0.0745292199387801
-0.0106519999215599 0.000252311425900546 0.0700978866436604 -0.449896485020946
0.00162998627460156 0.0225412300261364 -0.621378191066046 -0.504938809718604
0.00866932305177341 0.0154735155679769 -0.805752459177529 0.364545000047174
0.00607138469703951 -0.0156075943202633 0.0272142762358203 0.728178287001278
0.00235440460043693 -0.0170838071455695 0.44721387006226 0.26682575984127
-0.0019706131254899 -0.00461534347992504 0.341656587966963 -0.135068639226604
-0.0102789895938402 0.00500492117862875 0.0726952262914615 -0.286903540645249
-0.00409059124853316 0.0173207995507702 -0.0705749292096745 0.191641335830793
0.00601032497412171 0.0122483728798797 -0.226083543027475 0.0301141557061898
-0.00136543235335261 -0.00602977561648109 -0.299002463393497 -0.294032617772716
-0.00790382373340208 -0.0179838863765084 0.123255299905683 -0.557497630258573
-0.00934739865065711 -0.00121384064477873 0.731585596207411 -0.151932715723896
-0.00650725904849115 -0.000122632545758148 0.53968258207371 0.548417098002153
-0.00758518743483945 0.00373483738453456 -0.034210928917456 0.540773918306511
-0.00142544548258088 -0.0074931935208085 0.0299900260918767 0.0715883910918881
-0.00736067427298931 -0.00510899788807495 0.0598339630014827 -0.452245038182651
-0.00275363913219618 0.0176271719764871 -0.638206027413513 -0.484444280300742
6.31998034657157E-05 0.0181051255690722 -0.790940938735336 0.390652564227844
0.0097141749209835 -0.00769221526522022 0.0492828227191779 0.722081868577537
0.0161755097945913 -0.00978455580999202 0.456010985544001 0.251824822999001
0.0106928838063347 -0.00251278906339996 0.3400611738312 -0.13856142523209
-0.00634801507773738 0.00410279855544433 0.0672702855645251 -0.282432425768097
0.00165632092469994 0.0166207495433989 -0.0770558754607214 0.195364579564051
0.0142125817348911 0.0167203375423311 -0.224723125609778 0.034720376356088
0.00742244863852332 0.00635992531335633 -0.298172511403188 -0.297123189584068
-0.00891894169475233 -0.00879996451798554 0.125016433658872 -0.561291681077856
-0.0165820724408796 -0.00176777684393186 0.730452158243751 -0.147802747790857
-0.00676168071026676 -0.00821521861328231 0.534579189795837 0.552466153410456
-0.0033634899433288 0.000804743856667123 -0.0331691596639704 0.538808065860144
0.0017708383427421 -0.008831721003954 0.0346717567729466 0.0688536346934485
-0.00435221698750303 -0.00945158424143849 0.060773301332135 -0.455647527653551
-0.00719497836713048 0.00947684568186753 -0.642999677791627 -0.476474357856325
-0.00639316674216458 0.0196710993735102 -0.790515011149351 0.399390710851779
0.0133949136606939 0.00231013633963722 0.0486496693267508 0.717032606042989
0.0302019458665859 -0.00144902355150156 0.459437904691637 0.245934124364743
0.0207595854377421 -0.00137093699046027 0.339403165540822 -0.135922328574357
-0.00184801854350973 0.000510157617562965 0.0634924864394921 -0.276930385232229
0.00748975209145433 0.0145518687542985 -0.083140793887886 0.200514530290676
0.0205795866948564 0.0201413614307186 -0.226610892612033 0.041893941878383
0.0142120465530505 0.016419065620712 -0.304159382723918 -0.294702447385311
-0.00844834749451014 0.000952143175544153 0.111166983203049 -0.569201331057492
-0.0205746525477999 -0.00341646480576683 0.72109107963523 -0.160314972565259
-0.00808371104397083 -0.0132891712178333 0.543140182908241 0.53978272306876
-0.00256692708729101 -0.000920443381767666 -0.021770108177548 0.53413612778687
0.00253961154565971 -0.00855294106528907 0.0411962053858506 0.0656555722592914
-0.00193847684877461 -0.0122003960018753 0.0670799947797664 -0.458430501261572
-0.00815173708124872 0.00272405229144161 -0.636726011132846 -0.489197548652521
-0.010934424163491 0.0206576165089088 -0.80271038122089 0.388358292616142
0.0169698069530234 0.0105243612860725 0.0306111332048123 0.714380741966284
0.0398286292026739 0.00701842253589512 0.452785770184454 0.249343248805335
0.029629023501971 -0.000271385548286059 0.339811856059453 -0.127620559082365
0.00410838900390764 -0.00265163252102237 0.0556554655537807 -0.268916146029166
0.0117411825353828 0.0128825298583243 -0.0881951149847359 0.207751416758488
0.0239123614079099 0.0208969793833324 -0.230664447690971 0.0524936292989398
0.0182994946440226 0.0231552346151951 -0.317719908869265 -0.284512132716666
-0.00710105002584878 0.0079944956758755 0.0800333426727152 -0.578347218859894
-0.0207888083670126 -0.00326511249376883 0.703994916583609 -0.195631126285114
-0.00829691685696484 -0.0160950920605292 0.56100234197039 0.511164055456351
-0.00185851611659056 -0.00138940627632444 -0.00327670998302473 0.527728418513544
0.000289730300219413 -0.00700458553346916 0.0467022566963218 0.0632541445427035
-0.00141765068383788 -0.0144011781409782 0.0824479350032656 -0.46412247868102
-0.008342533635358 -0.00260034850834828 -0.623393101302433 -0.519409354117293
-0.0130592792754151 0.0197021088215106 -0.827984155558506 0.350626041894097
0.019303678854652 0.0177458515034259 -0.00343320276393269 0.713274071115279
0.044266114320648 0.0147375181590494 0.441026009018914 0.264479437425949
0.0336325761984107 0.00130655318708959 0.340065777432445 -0.113553268387665
0.00833181701431453 -0.00471608360732885 0.0522826862250733 -0.25894426638605
-0.0108162924373539 0.019079592500712 -0.0661741565941793 0.201237945077757
-0.0221338286647914 0.00119074004379308 -0.244241291797634 0.0594633722397561
-0.0363132193173098 -0.0223881186555953 -0.356849375297586 -0.233916337757168
-0.010211985021417 -0.0367920522150954 -0.0013038630874565 -0.558903098839408
0.0177071690542764 -0.00769852409052869 0.65801910789215 -0.306790582559103
0.00641065245037733 0.013938579284771 0.61344923191792 0.400579398359266
-0.0226006243675841 0.0200539243901552 0.0361290183114132 0.516569277466965
-0.0235714662132983 0.00283879619887174 0.0306151283947615 0.0728731871808126
-0.0207889216156659 0.00826685136617711 0.122550136024801 -0.448578201324163
0.00854516982241907 0.0291817331314021 -0.537071110995631 -0.613768896376969
0.0302451463950329 0.00824818885839971 -0.860600499025485 0.213477530837247
0.0118318449360728 -0.0273921578545737 -0.102102075805675 0.720519561104554
-0.0225017545864902 -0.0280368616721847 0.387990318546409 0.328574125622758
-0.0261271478136023 -0.0131926475328316 0.332062619073708 -0.0944647964548489
-0.0116490693340933 0.00201791067694199 0.073380427860268 -0.273419768068809
-0.0116102472857658 0.0187874755492777 -0.0640354918911271 0.194234112171974
-0.0177632667765767 0.00217420150863669 -0.23829462942977 0.0462534080794553
-0.0304538547359101 -0.0245311734859936 -0.338776485723236 -0.249932029897537
-0.00929077691760638 -0.0380433593186848 0.0399559802155527 -0.557649899952578
0.0146660941394423 -0.00392548026199052 0.683776895689274 -0.25979214120851
0.00324986717030783 0.0138972475632439 0.592370558539336 0.443590782781231
-0.0199146970742661 0.0170252932136718 0.0121936214835072 0.525157543637614
-0.0189091061906541 -0.000337888960155295 0.0275713234208506 0.0737332816034338
-0.017567337223498 0.00756697913105357 0.100997328435226 -0.446497082005594
0.00713791304378439 0.0295694427700677 -0.56824787726201 -0.572410115821202
0.0244331524111169 0.00963480345425048 -0.837489590332713 0.265895643830434
0.00786951835152183 -0.0271474341118603 -0.0530021121953255 0.723226789124795
-0.019096779179784 -0.0271918061844409 0.408899091157634 0.304826757753043
-0.0218258016473366 -0.0101745792124219 0.334994946265286 -0.110455987107682
-0.013432320241284 0.00461482434024563 0.0749858309208374 -0.27984580756151
-0.0120469985464217 0.0192948429200856 -0.0642821877095831 0.189952455958244
-0.0113667319502073 0.00442481261236467 -0.231628048223995 0.0365329474007406
-0.0212594488349233 -0.02239052945356 -0.320632331516071 -0.267209469271816
-0.00806739069330459 -0.0342901246177692 0.076937389810374 -0.552226909811196
0.00753641466857229 -0.00213170223532001 0.702769951101556 -0.216533845462088
-0.000486668293717345 0.0107126735621802 0.566723120775218 0.487045099141971
-0.0171549281185675 0.0129866305304535 -0.00840966853140006 0.529341849233923
-0.0123673791217391 -0.00196891519956229 0.0257505030697168 0.0737472239147019
-0.0147709355120219 0.00445421937635041 0.0814776905698653 -0.44629288912608
0.00440416506701612 0.026793241687351 -0.59328665818051 -0.533225120553904
0.0170730810832658 0.0110169544522783 -0.81273337497533 0.321490591869014
0.00503866977223768 -0.0227304348949078 -0.00493419819271582 0.722183741722865
-0.0104509363312742 -0.0229413749244033 0.428149878202569 0.280466776531102
-0.0127122532964019 -0.00686875801528119 0.334842512003235 -0.125626998456045
-0.0130494409053611 0.00561909888705094 0.0743075758684795 -0.282443406621299
-0.0084230285164423 0.0179234212358641 -0.0648084966635226 0.190388256609164
-0.00293808069616955 0.007530629777275 -0.225157544660747 0.031699337377377
-0.0110951813784849 -0.0153741980557631 -0.306022931739571 -0.281217452072946
-0.00722234249037707 -0.0264773020475434 0.10310337730981 -0.549407788802528
-0.000883975793069929 -0.000365124345408831 0.715494251528629 -0.173971247739721
-0.00318057628202374 0.00525684530119516 0.54730983457065 0.518342307202538
-0.0122952936888122 0.00742774513005765 -0.0245370139072039 0.533115060505601
-0.00638426932994855 -0.00516023556035273 0.0268465783859289 0.0737191462756679
-0.0110711959351203 -7.46790232598995E-05 0.0694780885043604 -0.443906948181529
0.000995245615082468 0.0228012105842317 -0.613616522927977 -0.49584673917567
0.00906729604625063 0.0140092802174417 -0.792103283502116 0.360085685879172
0.00541040899369448 -0.0160420205372087 0.0270495967017675 0.717201299842253
0.00196095873326509 -0.0168154831621334 0.441017095608221 0.261030251444338
-0.00129120937544091 -0.00448475430891484 0.335234297753981 -0.133843354825663
-0.0101219024077197 0.00519751270808122 0.0703900940394923 -0.28317824713885
-0.00379373011674483 0.0171131298772253 -0.0685599930038052 0.191199593417249
0.00575285979700222 0.0114262488358536 -0.222319477435916 0.0305239284592143
-0.00203579945989843 -0.00513986001982853 -0.295815349416069 -0.288904959295976
-0.00770477778455309 -0.017932400777527 0.119295428976146 -0.548707272459972
-0.0085696391751562 -0.00162110869915168 0.720843548750865 -0.149545399514053
-0.00570627530698611 -0.000904123002979462 0.531375595580843 0.537899900617585
-0.00757454498479986 0.00356226583566184 -0.0325670523693491 0.533722810991828
-0.00203260642424449 -0.00700069674899202 0.0307546799663747 0.0705188970223349
-0.00706919441229809 -0.00577896911014199 0.060117569251779 -0.444312189210199
-0.00362009197276427 0.0163463310076299 -0.628792461642791 -0.475050222675955
0.000354159563155076 0.0173184793780966 -0.77973317035631 0.389039891752561
0.00896114575977785 -0.00757534119759107 0.0494366268618596 0.711465593199252
0.0160152118670359 -0.00907062135436531 0.45011175388964 0.247442550993825
0.0102259456231768 -0.00277438299837483 0.33458575455394 -0.13980950892372
-0.0063253780889751 0.00259194141998263 0.0653716201075766 -0.279560542965706
0.00234206294086942 0.016285805210293 -0.0741282029973306 0.194419377175741
0.0139339084942521 0.0156519902775073 -0.220260413235464 0.0339860861776057
0.00634488741830161 0.00545802795172544 -0.294263292999624 -0.292371836402757
-0.00901001050995445 -0.00823498217955982 0.120904345608338 -0.552724240450896
-0.0163610612957186 -0.00152659624569077 0.719440129783383 -0.14631907148305
-0.00756822424562329 -0.00768671173609882 0.528214956741496 0.541824735081372
-0.00416500096166747 0.000499739063961724 -0.0317567481795307 0.53092115328198
0.00127851818207564 -0.00885482103008683 0.0349762810166512 0.0677584143387183
-0.00356351265565812 -0.00911629377606293 0.0603268482021369 -0.448149437024839
-0.00727969726381813 0.00956046706858562 -0.633686100871985 -0.468854796200059
-0.00621566505357031 0.0195057227621716 -0.777824611062934 0.393316195494618
0.0124690723512359 0.00208470400035089 0.050504396329027 0.707326703003001
0.0290997337776363 -0.0012313861268067 0.451773534087617 0.240536948087862
0.020936820288273 -0.000451151221293046 0.334053823098955 -0.135653864094776
-0.00209182092454919 0.000658124311291988 0.061569012277636 -0.273783032025694
0.00703514901422025 0.0142644706636591 -0.0802727110438067 0.198880304985851
0.018959922756818 0.0204709290809389 -0.222360545510682 0.0418281840567772
0.0129828474688628 0.0158579675470755 -0.301099659915677 -0.288613007992311
-0.00790579295890437 0.00143075569824398 0.108569626363078 -0.560411751585822
-0.0206064899364986 -0.00300954850812738 0.709979590295013 -0.158458631363007
-0.0081590351148369 -0.0130001326622148 0.535951277303038 0.52958118873949
-0.00243695410881905 -0.000876716413434748 -0.0200517625968611 0.52419531747394
0.00182753905037048 -0.00843181867672443 0.040661223108877 0.0641002444454719
-0.00207229290016108 -0.0131315758266093 0.0665293178671852 -0.452031246322991
-0.00833916649818106 0.00249296605410046 -0.628925712048421 -0.480854412148337
-0.0107092940992273 0.0206477268289506 -0.792391400017597 0.381447880402722
0.0167988552126401 0.0105047600362528 0.0314795503077456 0.704034681605587
0.0390278515075948 0.00721292216333505 0.447727270827192 0.246741005988643
0.0296645770181862 -0.000144956738374964 0.335562667047018 -0.127312217516531
0.00302146037986557 -0.00231269181811727 0.0553966212634448 -0.265906404048812
0.0122790565897303 0.0118343213639862 -0.0859972430220256 0.205714360782752
0.0236514106866156 0.0194474879444517 -0.227976711168633 0.0520992766924186
0.0173894556350343 0.0233077374887982 -0.315119073851837 -0.279843606200379
-0.0066488969146376 0.00785398289206282 0.0770475564443379 -0.570729902633724
-0.0208231005859733 -0.00327877648692393 0.695062178621645 -0.193033059026088
-0.00779835097251166 -0.0162568742590085 0.554470297745093 0.502443234302591
-0.0023713417134461 -0.00154144397151351 -0.00250841682035753 0.51962315593192
-0.000224412657189232 -0.00729379647402396 0.0467491122619435 0.0626779653979033
-0.000975367034115802 -0.0142839425168336 0.0822842863712147 -0.456234661176998
-0.00833570028794232 -0.00276245723229752 -0.617509279232984 -0.511141135630522
-0.0129786977048505 0.0192246288062523 -0.815433231036688 0.348149881183528
0.0189556090241378 0.0175917525945272 -0.00245031037225223 0.702834956768957
0.0448116455494873 0.0145914577022985 0.436329149495335 0.25952652888497
0.0331676758961732 0.00174671240012195 0.333887066446174 -0.112757924745195
0.00742978944788767 -0.00401629881373913 0.0508262880301179 -0.257123597151876
-0.0102142072712068 0.0183031296559006 -0.0643633969334404 0.199846353868262
-0.0216004769701176 0.00109872598382974 -0.240496101896312 0.0585709151992758
-0.0361942386115296 -0.0222331925828046 -0.353233987844089 -0.229929219725271
-0.0103651521332392 -0.0367753308171371 -0.00161113563250877 -0.55223017631021
0.0178833779803886 -0.00664384436077528 0.64839110008806 -0.302450410121686
0.00667016117742645 0.0131736560146016 0.604581130862532 0.395450204338999
-0.0222744098157519 0.0192648090248554 0.0341350734455594 0.509100884389056
-0.0234133583358972 0.00296774934320127 0.0299578782889808 0.0720771460273089
-0.0213479549517888 0.00766249710590917 0.120814859360967 -0.442476341743716
0.00835126043545448 0.0293027794283025 -0.528641809106186 -0.606412681585518
0.0301235584875204 0.00788636265013974 -0.850005156583439 0.211308885229928
0.0110184053167099 -0.0273122314591917 -0.0999687933597779 0.71128758884923
-0.022055002306149 -0.028867216366012 0.383159516582677 0.323421636225669
-0.0249996060541079 -0.013638609353569 0.328186429631233 -0.0939042734577465
-0.0117022604134469 0.00198433115411721 0.0719766234250229 -0.271314500242566
-0.0109725611555514 0.0180652773037251 -0.0626913955832743 0.19320585293839
-0.0179170152838616 0.001409639968468 -0.234606867695251 0.0459913224250954
-0.0304416675393487 -0.0240179859950624 -0.335161868758031 -0.248082924010064
-0.00863098759337199 -0.0367411589016711 0.0386666462426724 -0.548780805482403
0.0140970310433408 -0.00411239854894668 0.674072686804909 -0.257514032566533
0.00297338749593521 0.0139957267080507 0.582672490574392 0.436988320354606
-0.0193646471286695 0.0168124191656349 0.0128013593537439 0.518126885985913
-0.0186007578098887 0.000290005679921569 0.0270504713876216 0.0732140575098988
-0.018368426930779 0.00732441811159834 0.100076289683649 -0.439703078421591
0.00724073981002476 0.0290590520207815 -0.56001530993843 -0.565339459195911
0.0250016967996962 0.00893907129749253 -0.824131567184982 0.264344743302347
0.00635364966421332 -0.0260379647618822 -0.0511467809663636 0.714495711877123
-0.0182435708053583 -0.0272240994201268 0.402411618995069 0.300952559543608
-0.0214313969545741 -0.0103020576293553 0.330742311645955 -0.110232851336442
-0.0140844195818216 0.00405931613178125 0.0732736884174778 -0.276230179273428
-0.010235256712486 0.0183191424006115 -0.0626003433591383 0.189445374992473
-0.0116158081307242 0.00393123739596872 -0.228384043001508 0.0361948667067304
-0.0208471160146095 -0.021672677771452 -0.316248763480913 -0.263533449834913
-0.00770315062899813 -0.0327719480129492 0.0755455760324557 -0.544587605087524
0.00775275144183957 -0.00232820648343832 0.693667910880489 -0.213082452873218
-0.000104303162484488 0.0108190807278458 0.560030640776663 0.478802634321626
-0.0165658670138 0.0132251753513017 -0.00811074423832531 0.522157171732025
-0.0120877021025476 -0.00199582601521668 0.0258581559646006 0.0733482157066583
-0.0148793588688692 0.00385544644299651 0.0814133058483804 -0.437246014120618
0.00439825241429967 0.0267900609954243 -0.585546715246957 -0.524948627628126
0.017202448175256 0.0113865327185769 -0.800367613242746 0.316578101344744
0.00589695325701647 -0.0226342482714674 -0.00516698478420742 0.712854723263267
-0.0100988166791918 -0.0230883764005868 0.42241612991682 0.277586183504509
-0.0128513550805688 -0.00756561414304747 0.330427572558137 -0.124510620951987
-0.0127496098933258 0.00665888227417724 0.0735676658863051 -0.279716172421579
-0.00786704560396664 0.0176630440315779 -0.0637244402757878 0.188057685538415
-0.00321989034415212 0.00736375752035293 -0.22227674767719 0.0309108809895614
-0.0116673728587537 -0.0151052406182099 -0.302877621888091 -0.275646197645104
-0.00725340229654023 -0.0258514455336633 0.102411562662815 -0.54193266747982
-0.000380862873868982 -0.000926894686162204 0.707541890921202 -0.172895517108827
-0.00381676088388931 0.00514266670794438 0.538701426832785 0.511456625608744
-0.0128039614389696 0.00794621628898343 -0.0235881647633826 0.525024558361766
-0.00622406726606548 -0.00490488962328514 0.0273859263261643 0.0724045987501104
-0.0100140664374748 -0.000562262270964707 0.0710717945605795 -0.437408478180869
0.000321169198157832 0.0218507632292302 -0.604435115720486 -0.489922659660415
0.00910718134437315 0.0145210416346916 -0.780751618107485 0.355203219756785
0.00556443155032846 -0.0155344406228506 0.0287875590521832 0.707362930853598
0.00183201477919393 -0.0162856440576214 0.434916857260824 0.257968313658216
-0.00179002578783669 -0.00489208018231702 0.331359029846654 -0.133242307973813
-0.0106662769450947 0.00483764250546087 0.0698163295999982 -0.279942625105527
-0.00290019617589388 0.0172900290565327 -0.066795030773489 0.189067095622926
0.00555491179540231 0.0115162259903877 -0.219014490208801 0.0303188795274975
-0.0019533752255213 -0.00596934064217347 -0.292230266964031 -0.284819184876032
-0.00813432752109182 -0.0171438016864153 0.119689805938173 -0.540068160244104
-0.00911744634989947 -0.00087225282717014 0.712190847636995 -0.148384138062388
-0.00591512509206741 -0.0012167559359452 0.524941380121906 0.530704327562029
-0.00826124739748469 0.00401418503184426 -0.0349058262722897 0.523988162297638
-0.00234340754895162 -0.00753904962612721 0.0311026458599074 0.0689507460412674
-0.00696824597465636 -0.00481898836045714 0.0596242969431329 -0.439360476079357
-0.00343139751221025 0.0159322077401368 -0.620218328542116 -0.467507010853501
0.000381574730898657 0.0174651910371877 -0.769348327848218 0.382727366248668
0.00937392992088022 -0.00666313111999452 0.0493158414587485 0.703641899516191
0.0158058603860995 -0.00928833267138233 0.443457803971846 0.243005840438381
0.0101453634936103 -0.00257083562735879 0.331434794407004 -0.137899741991963
-0.00630117196396064 0.0029216617903912 0.0654119846016073 -0.277278940013555
0.00203274643116603 0.0149580207499099 -0.0720553150516694 0.192380339881298
0.0129598566077645 0.0154275882087498 -0.217779040906116 0.0334994153315773
0.00725629124137989 0.00599319835528984 -0.290909513541739 -0.287095018755385
-0.00826180402950651 -0.00706695459802131 0.119904392055206 -0.543836452499776
-0.0159495640779089 -0.00140181248629083 0.709767642490166 -0.143619431795335
-0.00691561056866455 -0.00742461266422196 0.519973064729217 0.534726067499165
-0.0047118462862712 0.00139005679470873 -0.0320168038161331 0.522519268699924
0.00131704001678656 -0.0089333040128287 0.0347134008276294 0.0672356915840437
-0.00406708561731237 -0.00935881995903733 0.0604245298360224 -0.442426032224857
-0.00659115441274494 0.00944797899172416 -0.62420682276053 -0.463939492172379
-0.00604299910207032 0.0199851870213637 -0.768658596313268 0.389853506591722
0.0126729843298877 0.0020917936688991 0.0492521165715618 0.699470304770282
0.0290954974047268 -0.00219851447614679 0.446877491992015 0.238179206720944
0.020443961509919 -0.0014692913165075 0.330389421717391 -0.134774462522675
-0.00188012785338524 0.0011687807312408 0.0598424929976178 -0.27117290543688
0.00711117279353245 0.0137078143510905 -0.0784188196387681 0.197924422206339
0.0189299321005328 0.0191771875799526 -0.219274405045564 0.0409413406600858
0.013038732846491 0.0157672398504191 -0.297389804538723 -0.285586619606282
-0.00804057095163359 0.00159909702090235 0.106295920643966 -0.553527562072842
-0.0199708736580095 -0.00246043578590208 0.7008905702844 -0.157045810843533
-0.00757935603591872 -0.0123791988784892 0.528767091508872 0.522401946408953
-0.00218729278555884 -0.0013902517012042 -0.0219361016949037 0.517494137944992
0.00181744356775373 -0.00841425004189452 0.0416657444219605 0.0636327544387696
-0.00192977557508912 -0.0126670126188292 0.0659689473155457 -0.445371364135585
-0.00850304972495807 0.00232013096878506 -0.620699490423736 -0.475240277520788
-0.0104228423352151 0.0200283120233356 -0.779981055944427 0.377815702316969
0.0162795447547329 0.0100123964131228 0.033196452811571 0.694480732054014
0.0394038078489474 0.00550790602052462 0.440897202235592 0.241865536247298
0.0276011481289113 -0.000268231807657867 0.330401940476664 -0.126357266513427
0.0034636539999985 -0.00187057838834087 0.0541915392060101 -0.263134840115339
0.0120024322871249 0.0114141746002593 -0.0842137249152919 0.204148663818769
0.0230530394724115 0.0195737007427661 -0.225299338620376 0.0519130637146784
0.0175896372463549 0.0222186468666677 -0.310179970805063 -0.274816637489581
-0.00630010831480024 0.0080520683277924 0.0767994109447857 -0.561966340161596
-0.01994874303243 -0.00347285234373087 0.685296056627875 -0.189870433712807
-0.00798765838405695 -0.0163528775011037 0.547883114026895 0.495428808828231
-0.00235538999280155 -0.000530242398914683 -0.0042403239735969 0.511362703190167
0.000545020321789824 -0.00785249923994748 0.0465220923092671 0.0621851081285763
-0.000778897909851427 -0.0142165896217442 0.0806861161948928 -0.450332191797844
-0.00854615472097403 -0.00306628288570142 -0.607181419034756 -0.501883144577828
-0.0123456691246091 0.0194143146934282 -0.803370127377661 0.342560770362174
0.0186290688642064 0.0174457702333043 -0.00251767587666213 0.693515849453574
0.0431261644552187 0.0134514091700355 0.431367011717268 0.255019387073857
0.031701630170158 0.00173723943265408 0.329625967224198 -0.111615126129196
0.00778812729150662 -0.00474042635624249 0.0504111716003353 -0.253798952277435
-0.0101012979004287 0.0183830328102628 -0.0636283626996015 0.197468503328221
-0.021257515081806 0.00085032284674151 -0.237160178168923 0.0584939166945301
-0.0358785735669653 -0.0218870350772522 -0.349427896312867 -0.226989583013598
-0.0100905534244419 -0.0355639549533232 -0.00156663559541428 -0.544283173526131
0.0182187409985916 -0.00625532344878171 0.641394723882387 -0.297630296048149
0.00687261551111547 0.0133286046345337 0.597281670200955 0.392260538774583
-0.0219414346495352 0.0191291297882735 0.0327921823399405 0.500764657183945
-0.0234880382670038 0.0027068953964835 0.0307251974208127 0.0708335014978794
-0.0202701399760579 0.00709235461863052 0.121699088647463 -0.435358545439822
0.00789261563551274 0.0282591588277158 -0.522868827570037 -0.600539323709096
0.0299068927130443 0.00746560919053624 -0.840686639419205 0.20658874022191
0.0105895695893915 -0.0272524685285711 -0.100688163576197 0.702476007439783
-0.0224138416469045 -0.0286504141957658 0.378807549473829 0.3215114997085
-0.0253760365004355 -0.0126108556450335 0.325031849695123 -0.0930814913723889
-0.0116484779422726 0.0026157363739439 0.0712722504130928 -0.268596108537764
-0.0111529267995849 0.0182381831103868 -0.0617399570399397 0.192670330511795
-0.0173621511321397 0.00118654802119184 -0.231397769078223 0.0456442867404466
-0.0299664078668089 -0.0238267467927529 -0.33004047456948 -0.244271815776384
-0.0083075274940564 -0.0363589304820719 0.0404440276521943 -0.542178489314654
0.0139315303877507 -0.00407598631779511 0.665978565887412 -0.252486450272219
0.00320328015584457 0.0136166076946017 0.575277594444262 0.432885245160926
-0.020320275509958 0.0166888505658508 0.011577799707041 0.510521373784415
-0.0179648080315529 0.000323077258878513 0.0264380839206309 0.0723911448196764
-0.0174356600114123 0.00640178194887724 0.101968563476481 -0.434117290658648
0.0066196541625034 0.0276883635996305 -0.552218241519074 -0.560600650052035
0.0242515615433505 0.00907562380567795 -0.817167308952604 0.261038213495737
0.00703572959529763 -0.0271275066243267 -0.0513535270501888 0.70584539513108
-0.0189079447441878 -0.0271099182454207 0.397594475937705 0.299363092403103
-0.0209702824107564 -0.0105340865218085 0.32673921517491 -0.109030518938485
-0.0129326953380659 0.00390275129477835 0.0736472989307474 -0.274222388503221
-0.0101390582474147 0.018148329659923 -0.0611506278439625 0.188329378855139
-0.0109980489772618 0.00302215658230204 -0.225500030058397 0.0359044326749658
-0.0212985352716783 -0.0215424138878618 -0.313140814740807 -0.261521133327466
-0.00701051632533349 -0.032688401713536 0.0750002386352653 -0.538654074561353
0.00717896865190907 -0.00144363542391602 0.685691070448594 -0.207906261857747
-0.000616667991924759 0.0108294545331351 0.552138671771686 0.474268813428252
-0.016922552247217 0.0126184238834702 -0.010442800635275 0.515600870922622
-0.0121985841754368 -0.00253123442795345 0.0258897102571785 0.0719705222100546
-0.0141815483644357 0.00318726508650876 0.0823696108035031 -0.432118593429607
0.0048427059940367 0.0252751723575778 -0.578295957799964 -0.520707302168013
0.0171223182450149 0.0112989134814144 -0.793193988635933 0.313417440039295
0.00510941959904756 -0.021736469736517 -0.00520214266451697 0.706426736745976
-0.00990606435632299 -0.0221950579576354 0.416277684272536 0.273936816351303
-0.0126435508336971 -0.00783813080247436 0.326790986081623 -0.122441049578773
-0.0126884115571083 0.00514078596656748 0.0722764323019708 -0.2780242900393
-0.00700663076412611 0.0173075472028866 -0.0617882328375664 0.186573278364457
-0.00335186851086383 0.00678549657233429 -0.219988288218075 0.0308351505667115
-0.01120145663715 -0.0153282753471192 -0.30029112064544 -0.273808106989011
-0.00721500767086623 -0.0261432511371623 0.102361718000462 -0.534187853764278
-0.000282656528913326 -0.000617215435691987 0.698886952876661 -0.168947195165057
-0.00382197358541734 0.00519425262614582 0.532083684769804 0.505807298740385
-0.0126552547943018 0.00891258694185718 -0.0249934009960678 0.521528557218273
-0.00667531756232969 -0.00506383129479091 0.0261214510600702 0.0715060967220908
-0.00977533703181569 0.000428690939015095 0.0696463079840773 -0.432258087981685
0.000814789354206855 0.0214059887838271 -0.596992032524719 -0.484509803895308
0.00816676580246328 0.0142531567134682 -0.77180481616049 0.35263422097167
0.00560171066017676 -0.0152975585659129 0.0262188302213457 0.70116608393644
0.00228192630553959 -0.0162019850271013 0.430574827441499 0.254356707493473
-0.00156090524674541 -0.00525791711875459 0.328135885875061 -0.132289661491841
-0.0101966856180691 0.0046674875662257 0.0678718380433737 -0.277306141270571
-0.00296346044934282 0.0168476190929126 -0.065605397216595 0.187844177444861
0.00495343060866004 0.0107892279356728 -0.215817566858795 0.0288152747738148
-0.00119508605311745 -0.00601581446772886 -0.289134958522991 -0.281871974464082
-0.00751828765197508 -0.0170979784302653 0.118870789788697 -0.535342125674092
-0.00826242335234274 -0.00132291186392058 0.703996173993995 -0.145019027874255
-0.00572646698809434 -0.000982827311638622 0.516303465735329 0.52496841022038
-0.00868217630351694 0.00458963225390661 -0.0329075070629632 0.518264315352331
-0.00164096561126546 -0.00672995092717576 0.0300300815645333 0.0687696833656689
-0.00641105885998946 -0.00500371237785172 0.0610863262402256 -0.431943375146477
-0.00341726212800713 0.0158172016921503 -0.610994551983212 -0.464900202972183
0.000292916123095443 0.0166239803313374 -0.75967572024251 0.377435832711349
0.00948185292842232 -0.00609583832885917 0.0484833365966134 0.696406525387723
0.0155532378556796 -0.00987957712894319 0.439475843776207 0.240428871344824
0.00915083623523667 -0.00226840944218543 0.327026287287756 -0.135899928969501
-0.00661564170744769 0.00284066113862609 0.0648086213625234 -0.275161740110996
0.00216657520443823 0.0151480052991739 -0.0710008552581878 0.190587678082125
0.0129307319430288 0.0153087795679873 -0.215555945794721 0.0327138104238008
0.00738898907234478 0.00587909627296031 -0.287292504052654 -0.285564765195561
-0.0085286837171935 -0.00701225218210392 0.120297073684231 -0.538020967259303
-0.0158499490897636 -0.000970437748040478 0.700180193425697 -0.141084291530681
-0.00721096484149871 -0.00725227870261059 0.512033789429531 0.528615958315276
-0.00436719620726845 0.00134820444514752 -0.0336732545087647 0.514610342538872
0.00141261327773882 -0.00891838943023893 0.034250812721656 0.0663452882035844
-0.00366684068670313 -0.00974468414394588 0.061931302195982 -0.434776207074016
-0.00673302266967597 0.00885103404569467 -0.617223333628481 -0.459485916020319
-0.00529355302779503 0.018676087416638 -0.758151042535244 0.383652339110399
0.0121393547595273 0.00200778086203855 0.0501563051816125 0.690190438198748
0.028951839349559 -0.00170647403931627 0.441364006808443 0.235909082474227
0.0201283677688726 -0.000609085556930147 0.327083441013365 -0.133242328505535
-0.00182666876925534 0.00113776878112309 0.0584122419205042 -0.268068837664115
0.00736851754388852 0.0135743219082294 -0.0768550582060164 0.196088591958931
0.0192610254390399 0.0182093743596363 -0.217121003492173 0.0400708180523036
0.0124111677767847 0.0149790357805875 -0.294430874609453 -0.280667949475227
-0.00840306234341252 0.00165708318270413 0.103905610773673 -0.545436938136275
-0.0198584325264735 -0.00230596730800728 0.693017354312521 -0.153691597212547
-0.00804034002135073 -0.0122386359615793 0.521546450101087 0.515788483513802
-0.00257858371150633 3.03105279744961E-05 -0.0224702172972954 0.510292683770935
0.00196019304519022 -0.00830968097282818 0.0405499783662872 0.0624123252372957
-0.00103321643737527 -0.0133804980327763 0.0674008947171446 -0.439862728202676
-0.00831479241587381 0.00303508774362813 -0.610653466848262 -0.47073527568298
-0.0107331393984479 0.0192715528021561 -0.771164723992671 0.369765775484822
0.01684747130401 0.0106347766275557 0.030057849310496 0.687797639848893
0.0383973155989568 0.006649220401027 0.437017693477379 0.240411647544748
0.0280061015738358 0.000441281862367715 0.327360431613635 -0.125065254107436
0.00287430256249491 -0.00216742103205463 0.0542610850927378 -0.25902005639008
0.0125244234036376 0.0111321922818431 -0.0828640072448717 0.202398083548391
0.0228185939154501 0.019561433074665 -0.222252443173559 0.0505997921003078
0.0179126056811874 0.0221158897446051 -0.30619000394231 -0.272238630214309
-0.00535359138283986 0.00793416445366263 0.074683498941597 -0.555067696568337
-0.0193733468752525 -0.00296897383292709 0.677244269199668 -0.186234930146729
-0.00725421819726788 -0.0158553919103846 0.539013268152998 0.489670815255411
-0.00242398635518686 -0.000149817589707228 -0.00386187083988925 0.504985369982391
-0.000491488481728042 -0.00749515008679455 0.045800479455997 0.0609877125693286
-0.000503860452145392 -0.0133346073660175 0.0799922359898763 -0.44401033245347
-0.00842000180409805 -0.00280111875191145 -0.599803819874884 -0.497632082909713
-0.011950080297491 0.0186967635449971 -0.79405727803731 0.338829083202627
0.0189507835218805 0.0173854272695011 -0.0033161685236062 0.686142071308008
0.0427924605197648 0.0129746589988922 0.425267886461181 0.25387284748125
0.0318171212828763 0.00118600454315174 0.326473903902784 -0.111567393993992
0.00807432073593063 -0.00379485565946126 0.0498493162119534 -0.252183133413865
-0.00915662073458934 0.0173468480275741 -0.0624614727145765 0.196242146771065
-0.0218029911654605 2.09895766787149E-05 -0.234622819783933 0.0569931115908551
-0.0354708790818248 -0.0222454680977578 -0.345048511414401 -0.225779744689825
-0.00978046469092624 -0.0345921913764645 -0.000924512966863261 -0.536482388990169
0.0179145561579719 -0.00645929862318057 0.635208050651102 -0.291894798107288
0.00619093927886455 0.0137171673764576 0.588490331247062 0.388067488918044
-0.0226458569162935 0.0188361058144596 0.0285530944799775 0.495677422784185
-0.0230070646275207 0.00165776702972691 0.0297438191394591 0.0714648018150128
-0.0203844828255276 0.00733505256351424 0.122078727017838 -0.430746779829365
0.00770093047308128 0.0278284133077817 -0.513183723016393 -0.59701944730097
0.0301944022169774 0.00717398886019748 -0.830495487621198 0.201375424552663
0.0108260415353155 -0.0257927464653157 -0.101494167206207 0.69620348850994
-0.0215751231676446 -0.0288425466727272 0.373248343270221 0.319002184343033
-0.0261940565276256 -0.012771913855155 0.321571378292028 -0.0911566341488192
-0.0114921960471681 0.00178381275320049 0.0723722475005243 -0.266604200808477
-0.010648710837612 0.0181223187710254 -0.0609542549655423 0.190137556241002
-0.0184174550645102 0.00129398820858285 -0.22870422728474 0.0442588898781462
-0.0303398273485595 -0.023704374069225 -0.328005925230769 -0.241889227113537
-0.00852101390173183 -0.0359828039426118 0.0403361570334661 -0.53592599106501
0.0143050154744197 -0.00357499069711767 0.659731312905353 -0.247061482904379
0.00318483586143848 0.0135787970339501 0.567797249589536 0.429932219750273
-0.020235319340925 0.0170212218385531 0.00855209430351896 0.503942335423279
-0.0176494526858407 0.000488335283759951 0.0263230258703894 0.07254889346086
-0.0174128758169712 0.00607888027667035 0.103266395736798 -0.428241406749271
0.00694428054490326 0.0269971887500739 -0.544018157933948 -0.557254972000903
0.0240753418515792 0.00884453708849593 -0.80847974091657 0.253312308545809
0.00634420792800847 -0.0260872041617172 -0.0532279078221471 0.699215715703441
-0.018812252694133 -0.0273108614647455 0.393662616912576 0.29678997006161
-0.0209077265598637 -0.0101921340193676 0.3241211632048 -0.10735036404429
-0.0133274387699914 0.00424499162522194 0.0722905379218588 -0.27175543625786
-0.00986088820919111 0.0174141775794584 -0.0599334894470865 0.186979904978819
-0.0109418614466766 0.00319074295644479 -0.223166522538333 0.0347730397421167
-0.0213021741860779 -0.022537988574861 -0.308836126006141 -0.259574305116556
-0.00691282017124434 -0.0325088497993012 0.076274778047662 -0.530381678246004
0.00729756158178719 -0.0016631943431408 0.679182334653176 -0.204805945712702
0.000135118241776422 0.00942457594955464 0.542391785734001 0.471386278855244
-0.0170908910524576 0.013658344654925 -0.0127341862219764 0.510848454713859
-0.0121359741334282 -0.00198877677688094 0.0255272604321247 0.0719180962170786
-0.0140290387363636 0.00399549171466335 0.0849272052692847 -0.427517432365124
0.00341736885409042 0.0258481562251752 -0.568661928146105 -0.518017677623603
0.0169828823564619 0.0115584576768479 -0.785646835680661 0.306491121212008
0.0055646326366315 -0.0219941766793997 -0.00870667596113946 0.696935161382821
-0.0101101366645825 -0.0226072781358967 0.411827616406162 0.274431513299342
-0.0134038491514164 -0.00720202740300278 0.324781597289511 -0.121574564725026
-0.0126368921909643 0.00554610216263375 0.0726811044127599 -0.274673735184047
-0.00709576742164036 0.0167626140898454 -0.0618147647448449 0.18566427064613
-0.00309133313149426 0.00675150128116824 -0.216878577664458 0.0297334781318461
-0.0116636053137843 -0.0150266319479436 -0.295481974671228 -0.270986975382556
-0.00682899330439605 -0.0251769848191838 0.10351625931515 -0.529443011710071
-0.000315828911043192 -0.00104683426470137 0.69221451293232 -0.163489956797343
-0.00305151818417174 0.00448581626341494 0.52315076581683 0.499406738475202
-0.012442519240449 0.00850477625354659 -0.02756306114247 0.511688410100616
-0.00657623926631886 -0.00476016981703803 0.0266428170507335 0.0706692157969026
-0.00979281233719186 -0.00093723486720489 0.071558987102572 -0.425980806906994
-4.22546404854176E-05 0.0222251064715959 -0.588518749953036 -0.484075993807831
0.0090511731847567 0.0142790516639639 -0.766252159429105 0.344854642202618
0.00550209316113197 -0.0152430004190028 0.0244007786718739 0.69365602725586
0.00153777882005891 -0.0157842463656263 0.425821790462243 0.254380738030552
-0.00215373499612055 -0.00421927601030209 0.324963982193265 -0.13000457163864
-0.00954116248878328 0.00491836626852096 0.0681009452619374 -0.275494025814976
-0.00200762172329491 0.0163276633611411 -0.0649540592696716 0.186447539989706
0.00441865430810119 0.010179605071314 -0.213002810938272 0.0289013538969881
-0.00208266365127951 -0.00610327982430758 -0.28562603279096 -0.280028076156209
-0.00758433659318162 -0.0175320135022886 0.119066308675952 -0.527047433044573
-0.00851837731838073 -0.00128878328664397 0.695945428830574 -0.139928119211632
-0.00564664509907672 -0.000595506727399412 0.509162414822159 0.520048735109809
-0.00854558056834072 0.00441550486864999 -0.0357821168062409 0.512381768321218
-0.00214488967763312 -0.00718174585668137 0.0299555713070421 0.0686728123963504
-0.00662611488104013 -0.00489417652025907 0.0629356212784539 -0.427749059487343
-0.00358571954095981 0.0152209795641865 -0.604012638961217 -0.461615086682631
0.000742132775430599 0.0169022316446803 -0.752785195295498 0.369285618961179
0.00777849095773674 -0.00639101647375751 0.0451871376309649 0.689185953651962
0.0153573575184555 -0.0097144772996909 0.433098198871199 0.239770255340995
0.00962469878433444 -0.00179231283716931 0.32410078942703 -0.134155054740882
-0.00582207091173769 0.00282277019860905 0.063911065742125 -0.271883878828949
0.00231699333020732 0.0145308421224011 -0.0698720886738558 0.190068966013719
0.0127246172565128 0.0150509905534733 -0.211940642080451 0.0314084066871364
0.00609149155493476 0.00563179061142779 -0.284027703919672 -0.282213549895579
-0.00821644939340689 -0.00694060212197632 0.120250729769728 -0.531725239998027
-0.0151141485734529 -0.00178967414696384 0.693214939573071 -0.135427561678831
-0.00683893590143413 -0.00792918705026359 0.504188216049639 0.526702535028627
-0.00436749919506847 0.00150566998234609 -0.0347386846103389 0.509452415067258
0.00121903982723359 -0.00846410805664953 0.0343526957162284 0.0659587469363068
-0.00330223173640612 -0.00953842273739235 0.0637148921575849 -0.430192181685055
-0.00665215460641773 0.0091163604562784 -0.609290575272379 -0.457165026915185
-0.00611902337706932 0.0183023733934213 -0.752916013786645 0.377105339272355
0.012263678692983 0.00247875685278236 0.0445076319579029 0.683980366927939
0.0283911503866699 -0.00206498658440817 0.435377278001885 0.234306463247605
0.0197706703328939 -0.000868128862147894 0.323529119579527 -0.131825818121892
-0.00160497343874285 0.000903001073919985 0.0591170925844754 -0.2662023167788
0.00758374434355415 0.0123015719096223 -0.0758857417072003 0.195218978330011
0.0178955612630359 0.0179277273499979 -0.214481736216533 0.038781056164313
0.0129459150380103 0.0156072142351022 -0.290288540450964 -0.279308357097061
-0.0079347939517205 0.00139636046021554 0.106625811615088 -0.5398143807999
-0.0188428399978475 -0.00230063479932764 0.687577931465858 -0.150011171512086
-0.00715751959456285 -0.0125769775925168 0.513306985605081 0.512332598381486
-0.00325318921907653 8.93785295592101E-05 -0.0245972883859306 0.505111312899696
0.00141589169305669 -0.00858780197880194 0.0401976926515923 0.0633147171327304
-0.00121105116937297 -0.0131819668549755 0.0689219167273114 -0.435046055009538
-0.00829704639537294 0.00277911433729841 -0.604375628911165 -0.466211111460255
-0.0102374154031457 0.0201826491405912 -0.765529221769766 0.363969242503008
0.0156003879810406 0.00940073399832687 0.028226632726474 0.680237521247533
0.0379970697054371 0.00615894266821415 0.429892707019239 0.239815545575614
0.0276245847049431 0.000209935335902215 0.324990355602708 -0.123842157701182
0.00304340521084704 -0.00175634192495696 0.054165555518745 -0.258221718398887
0.012263734787113 0.0107396129240283 -0.0819366770706274 0.201157352139934
0.0219835536087041 0.0186180729732197 -0.219328174135026 0.0491077636047988
0.0168589532792294 0.0218819163896253 -0.303471105639101 -0.270108064684928
-0.00593705989201576 0.00782344629119025 0.0774171048649692 -0.548198404535086
-0.019654348372872 -0.00352482719382797 0.672099083518249 -0.182909133702529
-0.00766450259939762 -0.0162203337409273 0.53215278219599 0.487212803074411
-0.00249865697114749 -0.000245122239974558 -0.00759041591685625 0.499251641188915
-2.58907704038336E-05 -0.00686633750484075 0.044810166015836 0.0611330940604679
-0.000732599260717776 -0.0139788441003691 0.0825176913978659 -0.439048454012628
-0.0081561111617218 -0.0027954263094519 -0.591644758614677 -0.495962288500895
-0.0120851340231519 0.018799490993168 -0.788200887042016 0.332382999182897
0.0185956587209613 0.017262920739751 -0.00563513746626621 0.67942313428619
0.0423930654038984 0.0138071507475237 0.420795158560149 0.25254222464166
0.0306030333537847 0.00125192990834468 0.324401526981182 -0.110263936814829
0.00744320022746882 -0.00475571936853248 0.0500329719743355 -0.249599970315769
-0.00943720138894075 0.0179875117570841 -0.0626713280399392 0.19537234185033
-0.0216654664477267 0.000550482026213305 -0.232430484188525 0.0555752218239545
-0.035662840672773 -0.0215113182420724 -0.341330340777593 -0.225594845507644
-0.00958839035843129 -0.0347627579641393 0.002102659100824 -0.531235872858131
0.018108271391782 -0.00637770672166657 0.631020455700284 -0.287458173128984
0.00591598031227405 0.0127792249768857 0.581907208683495 0.389008351035223
-0.022578214763762 0.0193627794241049 0.0276581128846183 0.491837863597272
-0.0226982316694021 0.00198517620963046 0.0295046714439643 0.0701145680665834
-0.0199286502158803 0.00729926387317871 0.125585104628433 -0.42568555766084
0.00705260439191151 0.0271269962415648 -0.50574158511101 -0.594491289610503
0.0296213203975002 0.00793110224568616 -0.825939150970318 0.194392596726723
0.0102132178763297 -0.025830940298603 -0.104575406721944 0.690390028649473
-0.0222527291865101 -0.0285465309795785 0.368850554473764 0.317651516646229
-0.0248322995943608 -0.0134447383367504 0.321167312510637 -0.089913650222769
-0.0116916513700772 0.00151695242338376 0.0731992175306106 -0.264556645829358
-0.0106064340548546 0.0168362753961704 -0.0606279189009761 0.189460081051037
-0.0179491796449538 0.000280940119023341 -0.227035831144699 0.0424892165998269
-0.0287672660158055 -0.0234232290287673 -0.324070226787556 -0.242056243825543
-0.00825692277743153 -0.0354742725238411 0.0420730950383894 -0.530383281569644
0.0143486388864882 -0.00390998670675592 0.656562667992254 -0.242602425192665
0.00330787872086276 0.0130466383549027 0.558737013376573 0.428569803578235
-0.0208492458547543 0.0169734553621517 0.00548382431013212 0.499115634772856
-0.0176965484706703 0.000616546742803027 0.0266895742011697 0.0722524084063209
-0.0176225750137356 0.00558779424515549 0.104400611181316 -0.424152383818619
0.00676910395123092 0.0279151887929286 -0.53737057510723 -0.556039274102429
0.0241972485687218 0.00895942381802982 -0.802845964834443 0.247538934098839
0.00652890267680951 -0.0257962981430434 -0.0551481540394082 0.694725750514623
-0.0181200295956577 -0.0270053464768326 0.387115225984371 0.297517888968335
-0.0212273424647607 -0.010347231875941 0.321815076334138 -0.106127576870055
-0.0129416886435718 0.00461443896886921 0.0725694139222156 -0.268893554160881
-0.00962927408320045 0.0173188005124883 -0.0597898412397993 0.185064128542025
-0.011431551468357 0.00275398564322157 -0.221270076405745 0.0335041962635959
-0.0211728615737401 -0.0224900391303203 -0.305923698020135 -0.258133306234007
-0.00670836044163249 -0.0319340971167195 0.0785383817433606 -0.526229820561087
0.00766786903226326 -0.0015585046653232 0.674211115450788 -0.19833469429259
-5.14114237351489E-05 0.0107810178200084 0.536144938487684 0.469627310280579
-0.0174827385734775 0.0136433571760819 -0.0174559332042128 0.503342904398478
-0.0123261294588285 -0.0021517329915846 0.0254339838357869 0.0711944167976758
-0.0136062185333576 0.00390008132640933 0.0868273294676893 -0.423315388781235
0.00434871258453364 0.0257845740162492 -0.56110394799636 -0.515742388531524
0.0165141708169952 0.0104761524799255 -0.780963117370361 0.301400134194155
0.00452363485571124 -0.0218955988981553 -0.0134496359277866 0.692432427531665
-0.0104384999954954 -0.0225038889572416 0.406281001340793 0.272407449042014
-0.0131363343645901 -0.00682173627016605 0.321050945430325 -0.118609264856684
-0.0123493131801754 0.00499732162499445 0.0730799130502806 -0.272954662157639
-0.0064927578681013 0.0167664296424087 -0.0609391343814217 0.18457807809961
-0.00316578081784342 0.0060275130579007 -0.214901081751603 0.0276538129317193
-0.0108679046269052 -0.0150650923755764 -0.292486457696354 -0.26898763702751
-0.00647702635508474 -0.0259174609747032 0.104200436505156 -0.522787763161991
-0.000779570378704805 -0.00124748389393243 0.68623148044017 -0.161164380203093
-0.00311723451009286 0.00497003473412021 0.515422674009288 0.498939476816566
-0.0129370556921244 0.00799650828997958 -0.0317424722682854 0.506996394419514
-0.00627681888146254 -0.00458274145850002 0.0261795919598512 0.0710434811429294
-0.00985302780740358 -0.000901956383955119 0.0745673638737393 -0.422339177142469
8.61394695094424E-05 0.0202717429059 -0.581742145966169 -0.48231193995721
0.00778993881301097 0.0139731218337179 -0.761599648829062 0.33741408664744
0.00529020069395529 -0.0147637853958184 0.0204837723313511 0.689663658491897
0.00185402493114675 -0.0160832219255312 0.41942465032496 0.252832468687639
-0.00188269101859995 -0.00410915937201684 0.323431043483345 -0.127696217244691
-0.0103650350766784 0.00481998700029085 0.0692860184655333 -0.272735148393082
-0.00305241014104757 0.0159377571525287 -0.0641619272948974 0.186062410803039
0.00534160028574556 0.0108889955801144 -0.211992740139044 0.0266254364305883
-0.00138606465412081 -0.00589717925580818 -0.283251334293223 -0.277748843969756
-0.00730050324419224 -0.0163336939091805 0.120872993272701 -0.521312323176342
-0.00770465752643617 -0.000837517553004187 0.691728782011388 -0.137297360536027
-0.00539758141119744 -0.00148245452032948 0.500282711265019 0.517994974246777
-0.00835046026392589 0.00403139986379833 -0.0400933872216721 0.507953887536399
-0.0015208830510475 -0.00682929718620006 0.0289559161091472 0.0679594796777401
-0.00613514840233372 -0.00519914372233064 0.0648539506432372 -0.423720012318895
-0.00300375093735135 0.0151240993826971 -0.596882738284088 -0.460825577315905
0.000874388336102561 0.0165882536431543 -0.750646921448267 0.36332256498395
0.0088358329711356 -0.00635785560626804 0.0409071102959499 0.682604562132841
0.0152062596988686 -0.00978961356742581 0.429334107579888 0.239617347397309
0.00858498714696248 -0.00193370895775194 0.322775971041176 -0.13197157265828
-0.006446222845508 0.00268490715736706 0.0647568384701642 -0.269499152269665
0.00256589054291322 0.0141499437776494 -0.0707261372218074 0.189602999896979
0.0123628370609084 0.0150202489192537 -0.210488003905703 0.0307019918033913
0.00577846564279587 0.00470293714243825 -0.280898731142798 -0.28136233992471
-0.00812177874551776 -0.0069791991206945 0.121587607731637 -0.524986074829473
-0.0144605135459486 -0.00198158366682626 0.689206010226528 -0.131942052476155
-0.00654560061484986 -0.0080122693375458 0.496406761673874 0.522206519794073
-0.00527240270003015 0.00172143378604171 -0.0384517253543498 0.503212540595067
0.00199672913553043 -0.00831807290832748 0.0335495042252223 0.0648894941360269
-0.00400382593205442 -0.00915170499287262 0.066114170757924 -0.425969231462534
-0.0065101320171913 0.00904277432544321 -0.599721140210436 -0.457728606832471
-0.00521518841858015 0.0186340335956672 -0.747511946219269 0.370911608015898
0.0119790682317484 0.00215757585162343 0.0404165136190105 0.677421061397689
0.0280855698316813 -0.00167695269676086 0.432017544682774 0.234418682362301
0.0197848820712935 -0.000680425581509528 0.322432129907082 -0.128681603359727
-0.0017819823015906 -8.84126548526976E-05 0.0593521883437471 -0.263678986815803
0.00695142523630678 0.012450546539297 -0.0754369318692678 0.194252856725552
0.0182848988847933 0.0178531674599598 -0.212427634766185 0.0373113459842493
0.0123214560617027 0.0155113591906239 -0.28639304133405 -0.27827319184995
-0.00719345455960694 0.00149878399016049 0.107676190770622 -0.533783968449107
-0.0188623810478633 -0.00289168808856923 0.6829153552444 -0.145553627588519
-0.00709413648403046 -0.0129255019346731 0.506601879278952 0.512248620960272
-0.00306822695921298 0.00035770792501429 -0.0278550979757237 0.499876872225063
0.00197775457716652 -0.00841891472162886 0.0402004677138617 0.0615500903916263
-0.00166020405964936 -0.0124060491237881 0.0716956512448575 -0.429797461724703
-0.00825025386580525 0.00227458396394933 -0.595274987738331 -0.467375243558708
-0.010271497853459 0.0192738844571752 -0.761488409954281 0.357549379586126
0.0153264928256852 0.0100288466500246 0.0245875592594737 0.675503707398641
0.0376114635313261 0.00592811882757861 0.426070382675202 0.238210154706748
0.0266572702317257 0.000651134725160008 0.322588998705721 -0.121680259337801
0.00300761501178775 -0.00212058511827977 0.054648399499166 -0.255680774937815
0.0120043422110734 0.0104293268264758 -0.0809749865450112 0.199584611120801
0.0213916172374142 0.0183960087750978 -0.217913199589139 0.0476770806511039
0.0173692586400599 0.0213380932752129 -0.299526607458165 -0.268564756131829
-0.00601720195357351 0.00727091670204167 0.078417175137722 -0.542984988880105
-0.0192062206101203 -0.00264063281282389 0.665442618697207 -0.177691874489834
-0.00764126261186599 -0.0157971196844849 0.524566755301428 0.483704244005937
-0.00277735164687742 0.000183887189718408 -0.0099496907714386 0.493072866905215
0.000354139632248132 -0.00712599080890642 0.0448155444011618 0.060313771184412
-0.000297557123789124 -0.0142432073458634 0.0848294181857462 -0.434206702641675
-0.0077990252157886 -0.00297974288170684 -0.582582178906838 -0.495007033124946
-0.0120754605941891 0.0182728788264256 -0.783051789640396 0.326002760264602
0.0176389892957494 0.0172124075029676 -0.0105523238498592 0.675255856354646
0.041457649492437 0.0133996328526159 0.415722578298439 0.252262794942644
0.0303726348386197 0.00140752887845162 0.322021765878905 -0.10791250052163
0.00831698104573096 -0.00371938623536618 0.0497627098758025 -0.247560948434408
-0.00929578115840386 0.016218037217353 -0.0632470786174373 0.195940038573442
-0.0214246887522403 0.000138037934024829 -0.231766849267473 0.0540979904552458
-0.034777013450786 -0.0221490177390384 -0.338589097036821 -0.225781694410802
-0.00910835586280442 -0.035120180198818 0.00603712350898151 -0.527850006478559
0.0190396133102846 -0.00655635660394967 0.629377868170045 -0.280966023243965
0.00568498939305136 0.0128928346424254 0.575984739674993 0.388613251645505
-0.0224103539827944 0.0194655929166848 0.0235654059696135 0.488351195273466
-0.0224376138183703 0.00181034349373695 0.0290750693497583 0.0701301434169144
-0.0197563391203954 0.00647079756056788 0.127964757063086 -0.422119373427766
0.00684305366835823 0.0265863908895092 -0.498614013083712 -0.593752292738582
0.0294852191155156 0.00747054644581365 -0.822627988449105 0.188919574795497
0.0111811881602848 -0.0261412476265957 -0.107416251996748 0.685413860352364
-0.0218039166439852 -0.0293368779708782 0.363491855406374 0.319390416810068
-0.0257357932814214 -0.0130138957421609 0.319677308382653 -0.0880976061572905
-0.0122482084779031 0.00129435429500691 0.0730962949526285 -0.263182881572128
-0.0104526366864381 0.016496023891844 -0.060512279756677 0.188725788461895
-0.0173945093923329 0.000488727969347903 -0.226263523886136 0.041167713174237
-0.0292378377334866 -0.0244838000708269 -0.32064550393461 -0.242229345125777
-0.00776196982166082 -0.0349040211112012 0.0459776364183033 -0.526055525818261
0.0147526762242157 -0.00346804614309774 0.653779185854251 -0.236459533774019
0.00289833517264237 0.0134755367020251 0.553537385411546 0.43051901812999
-0.0203239266308119 0.0178214514550557 0.00324399997717336 0.496071307331072
-0.0177383962775833 0.000344116413865373 0.0252593446524994 0.0710900897765674
-0.0174795390934148 0.00610584253546423 0.107283792940923 -0.420367285999425
0.00561896865691553 0.0269412668357471 -0.527054787667266 -0.55490149010236
0.0241147967190201 0.00966213080471517 -0.800035645654783 0.242416375112519
0.006988728139332 -0.0260661874020691 -0.0590967197456419 0.691288366645492
-0.0181341192693232 -0.0275704099687276 0.384620730152956 0.298490391104629
-0.0208490397408412 -0.0101709620423429 0.320722213426055 -0.103983576964256
-0.013645879066226 0.00390126583972311 0.0748103884124064 -0.268096300974095
-0.010144500977677 0.0167498155485886 -0.0600986524294549 0.185222006385515
-0.0116994504198502 0.0018986383178304 -0.21936204387059 0.0311480310734288
-0.0209647251726269 -0.0217029271777682 -0.303222886787187 -0.25886831239345
-0.00635056866933288 -0.0317886173779931 0.0809107015959017 -0.520608353961447
0.00728904492011774 -0.00156314109164809 0.670533063083259 -0.192456447777739
-0.000566576572774025 0.010120973347474 0.529195663115037 0.469489457011472
-0.0172929452752546 0.012730438353666 -0.0206064219242286 0.499472011659753
-0.0121237965593693 -0.00263482804988218 0.0255351070591091 0.0714013234456512
-0.0137252816791829 0.00321977970825592 0.0897275501395428 -0.420768941589942
0.00301471256689926 0.0249419476240762 -0.555197278040958 -0.515037374361695
0.0165745966165311 0.0109227228438742 -0.778114814632687 0.29469065063669
0.004845067235224 -0.0215490975514022 -0.0167133048497621 0.689012403585655
-0.010410926058933 -0.0224232209691217 0.403509195878192 0.274439347955411
-0.0129923755258067 -0.00662833570329784 0.321929436465861 -0.11733061182313
-0.0122830841527463 0.00459307545388689 0.0744041662174082 -0.27087441081522
-0.00616092925744013 0.0161162867883897 -0.0610859859186704 0.183510706065378
-0.00361773397760976 0.00507455961311186 -0.213656469088523 0.0271387057262365
-0.0106271121834024 -0.0153374109186085 -0.28969728229675 -0.269726626943082
-0.00657446636028903 -0.0254482706844794 0.108945673805106 -0.51790647188397
-0.000180958395284567 -0.00063626542094115 0.683952600887718 -0.154833315820489
-0.00336968531524432 0.00473835082829499 0.509745378271817 0.501214539200291
-0.0129517028014494 0.00841964164929186 -0.0357872792735947 0.504353501999775
-0.00642295384290395 -0.00496762222320994 0.0260395530647274 0.0702715727927633
-0.00984263993926218 -0.00106891401413149 0.0772912299185958 -0.41756264725747
-2.81866071813954E-05 0.0211013932093863 -0.574308518333807 -0.482610138544404
0.00888380337327337 0.0139832279027585 -0.758299857421351 0.331669643358787
0.00567610346747969 -0.0140109146206357 0.0165019877948784 0.684407509666883
0.00189055400017667 -0.016989614678332 0.416444276538206 0.254852369381831
-0.00288711935363629 -0.00462805850321613 0.322660076450381 -0.126962017045616
-0.0103881293699595 0.00503328167948368 0.0704569739478066 -0.2721854576137
-0.00251080623406333 0.0148389885338785 -0.0642994155718145 0.184555605727861
0.00470908822490982 0.0103062642455333 -0.209176908860986 0.0244231995625064
-0.00190432082605566 -0.00577046858133459 -0.279442518190799 -0.277815326898279
-0.00674049354728965 -0.0169768272521633 0.12409090892727 -0.517027588680638
-0.00775309521851723 -0.00079370329845535 0.688336724204993 -0.130527469138236
-0.00541867776489761 -0.00111124759359364 0.493432221248073 0.518162334773409
-0.00887620395836361 0.00531682804137388 -0.0414846732827564 0.502294513535427
-0.00131178788911084 -0.00696239956958425 0.0296685369282341 0.0673131230405988
-0.00693630282483348 -0.005652631172022 0.0698932532777739 -0.4207317260771
-0.00388918871280003 0.0143296103647899 -0.588628680966111 -0.462679143290506
0.000483481786892059 0.0166306397837782 -0.747021776218371 0.358329619700126
0.00791128427888677 -0.00618545752240718 0.036865034947575 0.678589154659334
0.015191801783486 -0.00939461546324732 0.424497646623345 0.240131660591721
0.00940219765918073 -0.00217318643259167 0.32182833042102 -0.130352173814241
-0.00563903947881922 0.00249316148834732 0.0662933507243038 -0.268250286526217
0.00305034727102779 0.0134520147686251 -0.0707120719157452 0.187544528018511
0.0119750921245042 0.0148265294701365 -0.209991611468692 0.0280244973586765
0.00578742471369009 0.00566397703195702 -0.277153639604059 -0.279955511740283
-0.0079289803170515 -0.00700307814091693 0.123887586948703 -0.521300994445794
-0.0145871091882628 -0.00176377078613425 0.68449090906271 -0.126005135389369
-0.00649166143595367 -0.00799975657147669 0.489644174719825 0.523995451610037
-0.00542481183093898 0.0021597191471587 -0.0414318020672001 0.500526068026511
0.000628538044570819 -0.00819926745519602 0.0341322046362512 0.0654313981177071
-0.00386563789145494 -0.00938509635562307 0.0698177385554216 -0.422644185739662
-0.00650160821564824 0.00812941246889743 -0.594002455415403 -0.456249214457494
-0.00603056498707121 0.0188029587840082 -0.746921432247551 0.362893284252522
0.0118443835894617 0.00204457549500773 0.0351709019562817 0.675253406576895
0.0279924933541211 -0.00197683942220282 0.427221362699438 0.234882702891306
0.0193396496479879 -0.000373416203009603 0.321239766613422 -0.127695491407694
-0.00132249585898848 0.00138992575270079 0.0612388383517804 -0.262682336267048
0.00758945617793879 0.0117231690279042 -0.0744960299058048 0.192995715975012
0.0183603580104523 0.0179720683746434 -0.211623125239086 0.0351143597564949
0.0120576134137264 0.0153348613501829 -0.282643093035707 -0.277431847578613
-0.00710232562334123 0.00136019629377871 0.111314658212943 -0.529264817973125
-0.0188788893978019 -0.00324037507686894 0.679558961325626 -0.138654343166962
-0.00697162430440307 -0.0122797525820224 0.499215460881831 0.511442906484003
-0.00262724281216729 9.53553951189741E-05 -0.0313699643333383 0.495409139711428
0.00192548263863568 -0.00844517914645661 0.0393354394998273 0.0623923077032857
-0.00169889943672074 -0.0127063909591192 0.0757129424648593 -0.427159240423698
-0.00865008958528486 0.00162267419361028 -0.589592620990887 -0.468457967954928
-0.0101196733309235 0.0194361574134727 -0.759093309208851 0.351541571033768
0.0156613540984649 0.00979199274307623 0.0185332907278314 0.671856317060402
0.0373341459727721 0.00613574969431851 0.421437887897117 0.23951268649306
0.026738922453266 0.00132726309396921 0.321585746504188 -0.119543281241359
0.00277381540914692 -0.00169913549031814 0.0557387006518425 -0.25419890994446
0.0117666339134935 0.010047647975575 -0.0811142866194596 0.198451209882599
0.0208878852381371 0.0190260254065805 -0.216667423688273 0.046649378789382
0.0170907539329367 0.0216907005741578 -0.296439785714508 -0.268556841760007
-0.00605407326540276 0.00783178730074851 0.0822479276529827 -0.53709913674093
-0.0192735320595653 -0.00389490289470123 0.664199047696497 -0.171143149559875
-0.00656915996488722 -0.0156587875780902 0.517669690274148 0.484102184624061
-0.00306022116036532 0.000321091138933364 -0.0141649075764608 0.489520071940492
-2.94710043305227E-05 -0.0069450100281509 0.044479972093722 0.0607236162203051
-0.000122911921495173 -0.0137047135712224 0.0895985884831164 -0.430842465909226
-0.00820255932877745 -0.00264144601580586 -0.575678484926314 -0.496960136247309
-0.0124525627825131 0.017456108818656 -0.780499221275962 0.319745062189507
0.0168744264099913 0.0171437924563079 -0.0130160297916842 0.670198333736639
0.0418536497678477 0.0134730315859655 0.411455026896793 0.252615666241961
0.0303127731840941 0.00167627838484229 0.321246184530082 -0.105348479085691
0.00749683930021005 -0.00342708849360103 0.0510541138409007 -0.247047896664864
-0.00911232130770159 0.0158675167012495 -0.0632824822907277 0.195152561111207
-0.021287958473771 -0.000344807910902661 -0.229120327138945 0.0514899285459411
-0.034281205066736 -0.0224822191290572 -0.336222138396288 -0.226011526309205
-0.00856912043792507 -0.0335628426870636 0.00847455179382383 -0.526053808103322
0.0179223709579042 -0.00603335746713613 0.628962067216219 -0.276206433781832
0.00592211408177724 0.0122462090848716 0.569032856469719 0.391038531171629
-0.0227365997499025 0.0188921117050077 0.0196974679976172 0.485197694680095
-0.0227607174668782 0.0011606307760126 0.0290142047588766 0.0706011559765241
-0.0205779461482221 0.00666875531289074 0.130751112174332 -0.419679940630776
0.006348765861924 0.0269268378592714 -0.493000164061702 -0.595092460230165
0.0290988523383732 0.00741066116535985 -0.820522398176515 0.181783848050351
0.0103871561594089 -0.0261761865040476 -0.112928719106165 0.682171457259071
-0.0221057557134024 -0.0292261455834261 0.361153410326109 0.32078669749961
-0.0249599321270102 -0.0125428867977998 0.318171051322971 -0.0875111584682814
-0.0116294378103325 0.00104203975135405 0.0734925027439424 -0.26171712304194
-0.0105728298095893 0.0157338655630815 -0.0603449981736884 0.188300802533735
-0.01719425291654 7.31906634376218E-05 -0.224711377824904 0.0399435682545139
-0.0296992787772348 -0.0242403289075659 -0.3181711096277 -0.243042367862583
-0.00762141621068773 -0.0356762621193198 0.0496341823076528 -0.522427274235691
0.0148228876844949 -0.00404230332183823 0.652309027204358 -0.231645048653426
0.00297717616187785 0.0130997900018645 0.548619654483096 0.430799331516809
-0.0212215484871175 0.0169436786447389 -0.00249901996662176 0.493930010443784
-0.0176520076212706 7.54416198487818E-05 0.024885114674797 0.0718033966881166
-0.0172881055769493 0.00550521182056801 0.110217939985491 -0.418313052271414
0.00479686568406007 0.0273100229729462 -0.521069637872574 -0.556375267089378
0.0237380893076622 0.00965013782774794 -0.796623061830785 0.234109254531817
0.00701417735833366 -0.0252768542035613 -0.0635824055292537 0.686422871940061
-0.0181842843428612 -0.027799354421686 0.381764964333524 0.299464971157217
-0.0213726232411146 -0.0103352590756846 0.321011986778014 -0.102155573687381
-0.0127707648189527 0.00321855730091205 0.075525192362632 -0.266563363360651
-0.00915221850845324 0.0168043696184536 -0.0600324168829507 0.185204173606406
-0.0117088030855648 0.0022525132993998 -0.21817441905239 0.0296635382890073
-0.0214422419689412 -0.0219748597633508 -0.300613873758504 -0.25856358677003
-0.00560946744445246 -0.0317901777188125 0.0837466255127185 -0.517601057014003
0.00756586344324744 -0.00225178029848269 0.670747026089242 -0.188505832491816
0.000274102291386219 0.00998252293125352 0.522203029363509 0.47011715635994
-0.0182739077332138 0.0134396549044376 -0.0226114694318807 0.498892766169407
-0.0125999717999147 -0.00228656716663936 0.0259319864572271 0.0709711096329054
-0.0126752463315822 0.00334942832429713 0.0923642015817534 -0.416108728887087
0.00285010611426384 0.0247139527651105 -0.549484870351244 -0.517932387058728
0.01683804617351 0.0110832699489003 -0.777661768433895 0.286955339583
0.00498452395346203 -0.0205113524476648 -0.0206506694727116 0.685565176977853
-0.0103843622470249 -0.0227668042137687 0.399874826430653 0.274870032808294
-0.0131157064793571 -0.00699322531246214 0.321499796919111 -0.115079001661609
-0.0122130631993144 0.00445686803172003 0.0742891726281854 -0.269971252111051
-0.00666163864968322 0.0162530187696984 -0.0615761709209565 0.182251148346532
-0.00424043855530805 0.00520198109910648 -0.213169291928441 0.0244759011947652
-0.0114850261688732 -0.0147948165619957 -0.286101405233302 -0.269638146963731
-0.00575296094931925 -0.0251397981059118 0.110440051293111 -0.513780861765224
-8.01482666836356E-05 -0.00144943095425032 0.681819563322205 -0.149431544847987
-0.00292797878886099 0.00489941238919618 0.503267491285899 0.499388376019573
-0.013478824024544 0.00920513283798841 -0.0378523429364445 0.500168016975923
-0.0066584208294013 -0.00535200108783985 0.0244147160576551 0.0696090343133085
-0.0100270191989502 -0.00160163356758219 0.0801839607618307 -0.414651421905765
-0.000617782065174705 0.0201307641607624 -0.568097082155031 -0.483196072032701
0.00856441839057742 0.0137286346659903 -0.758258647542109 0.325819271433287
0.00524668940512625 -0.0151511759683777 0.00982643544785034 0.682550675124557
0.00127468880517243 -0.0163010188289302 0.413326074492463 0.256522595772677
-0.00257695277835218 -0.00436475100619538 0.322086324073133 -0.124499412852532
-0.00959829978959587 0.00420877025019071 0.0715017258001776 -0.270874690246577
-0.00383976356814711 0.0151902555653164 -0.0656385781282279 0.185029965390242
0.00497947484547323 0.0106778863823159 -0.208485352609856 0.0240493951904715
-0.00189745957262203 -0.00631667941143406 -0.276531050446069 -0.278351317910093
-0.00661881793901876 -0.0163518371839302 0.126743596094556 -0.514283860211702
-0.00753919146928505 -0.00098762312961314 0.685972162162384 -0.126482533599548
-0.00477974229350405 -0.0023805007744603 0.488639087424632 0.520504069879799
-0.00946317562280812 0.00544771643386602 -0.0466305353136274 0.500525725763884
-0.00204430051815324 -0.00708693395456457 0.0286071589678616 0.067348634417315
-0.00653632676074423 -0.00577119125469538 0.0716818038712841 -0.417758357910083
-0.00404045757262492 0.0147727515748784 -0.5822822356484 -0.465197844896981
0.00131072918958846 0.0172113861923336 -0.746481247157316 0.349790791095281
0.00755649657633291 -0.00682956046423354 0.0321927718187695 0.67638528438987
0.0142613023967847 -0.00927833321844636 0.421957336252793 0.242712196128849
0.00847056005479611 -0.00169274452766617 0.321450026431757 -0.128598411120149
-0.00573690759225927 0.00299694957618031 0.0673302134008493 -0.268044491177057
0.00217642435435352 0.0134114805969049 -0.070228490527574 0.187472086101942
0.011967742453521 0.0149073687923901 -0.208169260492859 0.0264321215724482
0.00564957677399463 0.00502358785455284 -0.27464453357751 -0.281115042617206
-0.0067456578513014 -0.00725967859602289 0.126700980091362 -0.517897411520867
-0.0145373814092631 -0.00196661119887633 0.683834813364108 -0.120567401747719
-0.00597162874546192 -0.00800505123257703 0.484091730101448 0.522459225535839
-0.00546411407281719 0.00284377865021323 -0.0461220270675694 0.495960237634338
0.00159202470723529 -0.00786946796422762 0.0343874610146972 0.0650915658847131
-0.00296057558847183 -0.00982723873245521 0.0727188982875027 -0.419302098061251
-0.00677725574660168 0.00824256691441979 -0.587549871067869 -0.458341931991344
-0.00539525378866021 0.018018758543553 -0.746221877248381 0.359175087475281
0.01150394452685 0.00190225095437589 0.0323146267263013 0.673931861463758
0.0275017356937142 -0.00160691466342785 0.421666224543323 0.23769331017961
0.0192465550410324 -0.000545414974792895 0.319656407355315 -0.124890447472442
-0.00150332881534436 0.000672312095219767 0.0618150057826299 -0.261708635244701
0.00698925680074388 0.0120840680798718 -0.0759255464175363 0.191926454103095
0.0170825382135691 0.0176122580791378 -0.2101410948782 0.0334039666039197
0.0121024018733512 0.0157287848323393 -0.281445876542676 -0.278236193982003
-0.00709270489035433 0.00184647465626834 0.114167632057237 -0.524450603431225
-0.0185106749645869 -0.00349855909520128 0.675866456778547 -0.134182498548951
-0.00654450165708167 -0.0130123012097811 0.492598245108586 0.513451942755619
-0.00297247363833019 0.00157091628021924 -0.0354539204640224 0.492908276938492
0.00238964677720254 -0.00822830127172154 0.0395851598024789 0.0623719568637292
-0.000951322373884398 -0.012904537323141 0.0796976551873341 -0.423746299842962
-0.00886614395947151 0.00186241812674252 -0.582693560774627 -0.468296004461442
-0.0101123015140903 0.0189731434102122 -0.75816668942085 0.344586989229839
0.0150202459643815 0.0103952412387391 0.0146377506267648 0.66991883919586
0.0365292736252964 0.00579640899392542 0.419249958352604 0.241605137967577
0.0263186635855372 0.000754632521587494 0.320481347986585 -0.117642854664038
0.00289591825934895 -0.00227460521840543 0.0572222210887631 -0.253601716176271
0.0117311783748836 0.0106884922331215 -0.081982211966392 0.198138704555573
0.0208640711919593 0.0187540850664635 -0.215658871137072 0.0437777439606107
0.0163956222266989 0.0214374782719123 -0.293288750775688 -0.268867163431868
-0.00587253973238795 0.00764428366618848 0.0850733154855541 -0.533956445139578
-0.0184419574095726 -0.00435038410319985 0.662389981697038 -0.166612337883362
-0.00624831445852938 -0.0159573365270017 0.511628212905115 0.487103557376071
-0.00274136378711254 0.00113238247665403 -0.0172436447891552 0.48747608902445
1.44543202065679E-05 -0.00716186996204659 0.0446316416858192 0.0605151819061822
-0.000651711397111595 -0.0148313194510334 0.0918115589631385 -0.427017116466624
-0.00854354676709017 -0.0034739346938974 -0.570960796643876 -0.498642067513165
-0.0124302859923518 0.0177642324955988 -0.77951143402624 0.31396338278338
0.0169348811995622 0.0170412568688094 -0.0172588855168579 0.667705214851645
0.040789063423885 0.0132846819453126 0.407950280428113 0.2553162307274
0.0298798706469661 0.00198920096202435 0.321222299791666 -0.104003230927279
0.00805212883155457 -0.00439507073695401 0.0525085882026029 -0.245866187673022
-0.00910651112930664 0.0156537764205591 -0.0632412644753789 0.193840447237463
-0.0214053481750316 -0.00119692536880317 -0.229048686625248 0.0506857392125983
-0.034639575392774 -0.0217119564847901 -0.333631886233474 -0.227910205383636
-0.00803407605624403 -0.034239461463696 0.0111728643238774 -0.523065707790667
0.0183134766464873 -0.00622595888780342 0.628748891656129 -0.272746295958867
0.00600726466477113 0.0125544973122986 0.564938835850886 0.392278473163066
-0.0233235007334453 0.0190784900056902 0.0169687711331972 0.483011196612593
-0.0227704892125273 0.00202876947632102 0.0279667150583266 0.0703149194549032
-0.0194827269728724 0.00626884535771679 0.134039076209989 -0.41757184090757
0.00598603133570772 0.0258893134099363 -0.488782273047322 -0.597890260915197
0.0289579642730421 0.00797538017882477 -0.821396046758757 0.176278010449818
0.0108951934428915 -0.0261585253270946 -0.115575028737431 0.683085331807495
-0.0215773178053991 -0.0292239040025547 0.358628386083088 0.322086711044891
-0.025417144730396 -0.0131396593397753 0.318531124283887 -0.0853359381100352
-0.0104151394739714 0.00174935491391935 0.0752464730969766 -0.261370514219001
-0.0104447092923888 0.0157766356191988 -0.0605485718086673 0.188398531360426
-0.0179462236794098 -0.000709466683830748 -0.224077669970304 0.0380769293167837
-0.0285837104344485 -0.0243647254315804 -0.317010959846049 -0.244560116842146
-0.00625618601426831 -0.0346883893906324 0.0525872740451038 -0.519987067832472
0.0140199424700564 -0.00386199916019468 0.652112159730946 -0.227394644944666
0.00286328456380234 0.0121617128172909 0.543977892948585 0.432386648537873
-0.0220480168520504 0.0168128095564847 -0.00567589323849263 0.492959053768556
-0.0180944158286206 -0.000403530819823289 0.0252775767450891 0.0712420886643398
-0.0164849118814999 0.0046828512700077 0.115102953215532 -0.414912300135943
0.00523922885965463 0.0266585542113967 -0.518480100120545 -0.558590885486973
0.0242787384846105 0.00906132928762831 -0.798346854251735 0.228670163477958
0.0069742368351738 -0.0257281955986616 -0.067596087874242 0.684324567474503
-0.0175051819664614 -0.0274203693273781 0.378039364913511 0.300903085661256
-0.0201502244935824 -0.0101809131847331 0.320480118814556 -0.101202263569846
-0.0132492035988312 0.0031688842114091 0.0768057836078694 -0.265689569744073
-0.00958309354359466 0.0153703326712497 -0.0599501309057711 0.1842844203634
-0.0117621093151108 0.00194468635874835 -0.21889736864172 0.027962494334827
-0.0211724850695585 -0.0221351086151783 -0.298256516358018 -0.259703742810295
-0.00577914879879768 -0.0314917635531075 0.0872267855837913 -0.515195123920595
0.0080745905514015 -0.00192273101208568 0.668719745707506 -0.183050163211381
7.43417264574726E-05 0.00978253241974772 0.519121553519819 0.473948260476354
-0.0179755692436142 0.0135086731800401 -0.0264366161178712 0.495110482809947
-0.0115250105614778 -0.0028826154988238 0.0246065324451852 0.0707540158839456
-0.013294849724661 0.00287214150134161 0.0969390389090908 -0.415736851631762
0.00313141765241846 0.0239533155171351 -0.543389020786922 -0.520231607951572
0.0169133034513102 0.0110330790380449 -0.775983169009896 0.281261859326541
0.00444561040099691 -0.0217346387116822 -0.0238944387661524 0.684480420216307
-0.00955005222891044 -0.0236308600346277 0.397206694337232 0.278083758077965
-0.0134799446141306 -0.00719323299773761 0.321801264303652 -0.113176706720419
-0.0122324675502689 0.00439070976761377 0.0761596834982471 -0.269866787137359
-0.00647155500777281 0.0158599116242216 -0.0611106170395573 0.183753111393423
-0.00408859818728663 0.00540452369311045 -0.211966142887862 0.0231629372722911
-0.0105723526423626 -0.0160149171562074 -0.28404626643433 -0.271100271786197
-0.0060128578907804 -0.0247276890478893 0.113612117228681 -0.512426837565
-3.37074728999926E-05 -0.00135323386602222 0.681337126718836 -0.14409862570463
-0.00349724966901913 0.00484252614380009 0.497785429449093 0.50142280969872
-0.0140444222436196 0.00923415731421158 -0.0415161820590514 0.498622884990405
-0.00581121756597387 -0.0055608486145009 0.026015451196048 0.0689795704638291
-0.00962456674231329 -0.00155452457893087 0.0840416093304417 -0.415188493736093
-0.000522713925317367 0.0211979654069536 -0.563923579612288 -0.487289334243548
0.00807339755619552 0.0138674847050437 -0.758824646239736 0.31826932313888
0.00548942885787132 -0.014423528774638 0.0071099694905784 0.681493802830438
0.00159005465510799 -0.0172909791654023 0.409689346980484 0.259427138565928
-0.0027535299854433 -0.00429557594262432 0.321212011262828 -0.12250362966893
-0.0104261170388293 0.00442451688038053 0.0729847608131453 -0.269299338999351
-0.00320933774696656 0.0149872733537946 -0.0649083217106488 0.183787517514465
0.00448360602665481 0.0101743252918101 -0.209140392794522 0.022021337052632
-0.00136186840786287 -0.00574487979263154 -0.27473961125784 -0.279362359331447
-0.00636524829696341 -0.0166166377065318 0.129004397561939 -0.510645234921944
-0.0081558772475095 -0.00209903713280269 0.685806727903473 -0.12094045496419
-0.00441366120280428 -0.0020357619869818 0.484972893094534 0.520632544337145
-0.00910839517759361 0.00478334504301444 -0.0523565765441752 0.497807872661931
-0.00116592389590084 -0.00742260932426884 0.028398693031927 0.067370094196363
-0.00655020797531845 -0.00595018020588846 0.0756638982593145 -0.41629933729246
-0.00382618971040143 0.0146836045391867 -0.578752014581277 -0.467197313772658
0.00140399807347711 0.0162984871277102 -0.747620443185688 0.344245098932803
0.00800081736853105 -0.00686827666092094 0.0278440463625673 0.678692072641066
0.0146190218182343 -0.00988432854544045 0.420610481985497 0.243502294139959
0.00886291834935107 -0.00201457110730227 0.322161119932906 -0.126505867539049
-0.00607534581574995 0.0026948594215854 0.0682092756272723 -0.267594338504422
0.00259119996305474 0.0124109318029377 -0.0702771057194247 0.187868145699037
0.0118911706389097 0.0147628653579662 -0.20730002646429 0.0261849327999549
0.0059238194054154 0.00466950080325039 -0.273331849932275 -0.282060678780161
-0.00745163685774116 -0.007469138476608 0.129361615523795 -0.515654906752178
-0.0144876005775795 -0.00204834777290296 0.683741578417857 -0.116407832789927
-0.00612997991950538 -0.00824944064993557 0.478830532670973 0.525458413579656
-0.00524283206228818 0.00326994329364724 -0.0496081519551295 0.495266485166566
0.0015299918997673 -0.00860674931193959 0.0332830183325653 0.0645124834384592
-0.00307142605073314 -0.00960041610939922 0.0763406311771611 -0.418035739647145
-0.00795824963287693 0.00841871599405763 -0.584045512217052 -0.46114254840638
-0.00528338042183385 0.0185329766187914 -0.748627674662698 0.352685666411658
0.0113874535474784 0.00222107935237013 0.028291409911692 0.671678665836596
0.0269239156451741 -0.00164620198489374 0.420916757180418 0.239812844387008
0.0191626361414084 -8.04967573126503E-05 0.321014679069135 -0.125014320590937
-0.00108091615080788 0.000901890906831578 0.063042154365622 -0.260310696143419
0.00706222368892589 0.0117872582036142 -0.0768139249793404 0.192215459347923
0.0175290030167508 0.0184946642283628 -0.210619390162387 0.0321040534882406
0.0119377456646665 0.0154575860113444 -0.278631465564575 -0.279308736013943
-0.00681611584498305 0.00121938399859912 0.117336530056017 -0.52180017149374
-0.0183078503225861 -0.00226063750568783 0.676626559416086 -0.127682982488195
-0.00678667563364957 -0.0121177831948525 0.4892776890017 0.514292871906938
-0.00249724509901045 0.000976641648274365 -0.0386318450760568 0.490444403087996
0.00232562523707007 -0.00760701194404191 0.0384018764415027 0.0617517515572596
-0.00041273812803135 -0.0128642225983888 0.0823635221719535 -0.421512390378702
-0.00835892267494454 0.00156739747328805 -0.578668680946469 -0.470909794863047
-0.00987658866971937 0.0190516465496905 -0.758445094439322 0.338800071191817
0.0152621708455024 0.0109896945478495 0.0106884719348972 0.667918749540103
0.0365252054494802 0.00580520106892543 0.417400738048226 0.243834090788451
0.0265697705152648 0.000669226433665216 0.320389495732267 -0.116036684525528
0.00325594436101954 -0.00256784457866231 0.0588896287217012 -0.25383780009593
0.0115975670319559 0.00979785407707436 -0.0816357179930524 0.197292119000085
0.020763616179297 0.0189859448673205 -0.214809761351089 0.042462669163179
0.0152909468400393 0.0215202222751455 -0.291412213550994 -0.269569167460919
-0.00488181861442153 0.00771573904692308 0.0901336129695944 -0.531747254443843
-0.0190477401705756 -0.00445883408693663 0.663149440038838 -0.161556767454888
-0.00628204280678096 -0.0161900766966128 0.507451691727917 0.487513399319718
-0.00326608991376747 0.00150821045698635 -0.0205105420758275 0.485998318012606
-0.000639831057238825 -0.00676603181734662 0.0440280128474131 0.0596388928616932
0.000542346733648596 -0.0140745321988241 0.0974390155211196 -0.42747939941685
-0.00819116897744386 -0.00324813164160699 -0.56506147680879 -0.500196817576801
-0.0121105869181295 0.0185133021768731 -0.781067912914137 0.306848187474071
0.0167867192172143 0.017319279627059 -0.0216754907818656 0.668810247766335
0.0411538932724904 0.0138017509296143 0.405284819613751 0.256766038554276
0.0303072973021727 0.00221934390969747 0.321133586450019 -0.102584233225023
0.0073780130772562 -0.00304854060992771 0.0539190545122372 -0.24559359648866
-0.00633921005824795 0.0155543984426477 -0.0338245696774705 0.199520260014428
-0.0197484862222199 0.0016453896803492 -0.220859944135982 0.0831435731905807
-0.0355874170239743 -0.0154532328081008 -0.365291892152598 -0.178789480647505
-0.0147513041668364 -0.0292263763478734 -0.0597822561192531 -0.519489245934614
0.011968545596647 -0.00915022873878433 0.588604149317298 -0.355211693023571
0.00430980572747932 0.0119377952122586 0.612211019469599 0.311527058420586
-0.0210068938990164 0.02228436172341 0.0875308387102642 0.474008986302828
-0.0221567751760849 0.00440219578296767 0.0392650148096721 0.0656643274554285
-0.0186004671980667 0.00722646915049184 0.0689974813239015 -0.429493986677992
0.00928333823986048 0.0218765041469626 -0.567455586659194 -0.512416118555897
0.0269787918613468 0.00150557892199976 -0.774975684550461 0.302463099811151
0.00144124532182853 -0.0277017709597887 -0.00182018118323568 0.687581065870685
-0.0303438013101809 -0.0234399004004012 0.40570293407943 0.257559063568795
-0.027685935077607 -0.00793682313343083 0.295784170696277 -0.135250743344812
-0.010101355738219 0.0039307535503301 0.030628575738515 -0.268138543025461
-0.00850276368078234 0.0154552599344864 -0.0318341035534037 0.194066950638616
-0.0153422272557488 0.00163591242728342 -0.217318175330466 0.0698626252671031
-0.0295275039800057 -0.0179137647213201 -0.350304800778222 -0.196510713825056
-0.0144662277497592 -0.0301345635267812 -0.0188911235903496 -0.522272762829421
0.00820744623869915 -0.00633077528749499 0.617431060108429 -0.312497342620338
0.00142176182795004 0.0113165927477954 0.595103276809213 0.35220741747914
-0.0185610127878068 0.0195632100868466 0.0666817911919931 0.485574507880566
-0.0182193832154369 0.00258018252089254 0.0359788520352147 0.067039972931743
-0.0155403055024791 0.00647969708223972 0.0511358889889486 -0.426103800033482
0.0082982984787548 0.0228380825969314 -0.591397743536619 -0.469028218824614
0.0212870076271718 0.0035992529217425 -0.746948757471677 0.348073489111527
-0.00243445178320738 -0.0264362872298305 0.0463130859426594 0.683923987773233
-0.0258153126707591 -0.0226022022482804 0.422297817238057 0.233649451731741
-0.0227765464455305 -0.006240307176043 0.295862330253877 -0.150580502395652
-0.0116707161916391 0.00614258764809966 0.0318795352887118 -0.273336588326885
-0.00682307253700442 0.0153669521395412 -0.0315463470704426 0.189634514432644
-0.00975908699117891 0.00305592083695634 -0.212313526992698 0.0601123134387479
-0.0208955596150314 -0.015820687044369 -0.333366050200832 -0.216066731441545
-0.0129388410293486 -0.0269989464118534 0.0163222299772619 -0.521914011212142
0.00145673737530966 -0.00400710415671908 0.641116045977087 -0.272298456050984
-0.00183758103995359 0.00895391824609345 0.576603047337501 0.393216445688673
-0.0156760360922425 0.0153997909981234 0.0457562168724483 0.492632594692944
-0.0121328406928619 -0.00136873879875314 0.0347210043661127 0.0672204128730449
-0.0120197857331174 0.00445117174403274 0.0329944121992551 -0.422992122987192
0.0058217957721364 0.0200137852671942 -0.610798412846844 -0.428612510098631
0.0141232151365786 0.00735802444376215 -0.717614681584007 0.395108596311704
-0.00336686300111481 -0.021917578084758 0.0871539180187617 0.677068133941471
-0.0177309447228945 -0.0193459518137739 0.438183256669956 0.208807181283524
-0.0141943217403656 -0.00379517848354781 0.294080889572959 -0.163824667278273
-0.0108281714714889 0.00744975668745901 0.0304445597955104 -0.276689776179569
-0.00406504215164715 0.0149682669473834 -0.033662748169611 0.188755447179863
-0.00136899676316943 0.00626237922642465 -0.206390174125797 0.0524951009713748
-0.0117368588772807 -0.0108354385825471 -0.321661907464176 -0.229476272122192
-0.0117410240962707 -0.0202501543596762 0.0428366751337015 -0.52108528353392
-0.0062061431795022 -0.00282778539380249 0.658386561084173 -0.235371877070181
-0.00564382058142878 0.00374246385788321 0.559538228918493 0.425631741168463
-0.0125811116593608 0.0106973842462158 0.0322981719875529 0.497757607739707
-0.00723520179991891 -0.00413717406380626 0.0352899670078853 0.0652167239918437
-0.00915153152606396 -0.000559167665441317 0.0216355809409647 -0.419965900222304
0.00189219754756113 0.0163961715180689 -0.626931745553085 -0.393811790274449
0.00695852924567884 0.0113813564945528 -0.694319430556997 0.429366226673549
-0.00327175833771969 -0.0147243397183503 0.118287494369853 0.668007020449682
-0.00498880416783959 -0.0149846811819085 0.44798033514381 0.187215230912156
-0.00339185446114995 -0.00268516658495462 0.292803715438759 -0.172583890083687
-0.00825503245877876 0.00599965342203464 0.0277419776128368 -0.275296611631323
-0.000322781899310426 0.0132460259009525 -0.0371413644373332 0.190034023689816
0.00765459799347745 0.00953502634628142 -0.202732949700478 0.05093822868078
-0.000645050656648429 -0.00164396779568459 -0.312582656600713 -0.239580005987697
-0.012055981705736 -0.0121047703172948 0.0590144473536084 -0.523416348454406
-0.0141966402708921 -0.00243391716951967 0.664324035249779 -0.213375340340407
-0.0081465262865421 -0.00218072434761496 0.549535683053124 0.447084624695741
-0.00710609278166642 0.00603789394569803 0.025691463111658 0.497570321424261
-0.00263261001809059 -0.00664711131830149 0.0385832404258864 0.0630379486317413
-0.00617662831169131 -0.00562474708906977 0.0136556325449129 -0.419422628753716
-0.00223372661420303 0.0117748751809779 -0.637041868290294 -0.370273096273256
-0.000474107742646189 0.0150906639178781 -0.679341032204297 0.455105561058278
0.00164043647910112 -0.00665761621801477 0.137144782061235 0.659599756961493
0.00911189398755975 -0.00988021179155471 0.452857813675436 0.174289441284392
0.00757212834451938 -0.00178866344242785 0.294692145502794 -0.175063703388875
-0.0052456401513445 0.00463435038505361 0.0230387474070048 -0.271301696251888
0.00477890592404823 0.0113791031726867 -0.0425661302182509 0.193723255503453
0.015375360914673 0.0132953346501557 -0.202278575280309 0.0537548368454433
0.00796986134245325 0.00825535703346565 -0.310177659749839 -0.241029984950617
-0.0120696416565222 -0.00264668471811274 0.0598027779477608 -0.527580201400604
-0.0209772214461065 -0.00237243051886151 0.662629497966473 -0.207906848272051
-0.01028276754249 -0.00771059739273605 0.5446272411372 0.45168540127928
-0.00462951710885905 0.00400741173752357 0.0245928962633657 0.493892864047249
0.000121752401314909 -0.00840196498119579 0.0435469298781925 0.0595575496928383
-0.00418278855503421 -0.00980916640164536 0.0128959951314754 -0.42152917639428
-0.00636156809738199 0.00592568629089904 -0.641649640784413 -0.365650044781783
-0.00737448236439804 0.0171702347009214 -0.67701662021931 0.459452141832253
0.00565386831723302 0.00131163613920588 0.137122045135926 0.655602673158818
0.0225005912545897 -0.00390034471970203 0.454906707966579 0.166651149507462
0.0176530579905341 -0.00147396567749082 0.293074073616942 -0.172321930032623
-0.000872978339193708 0.00153947616857262 0.020042305659616 -0.264612734575028
0.00918887226705081 0.00854677994601049 -0.0475876406861876 0.198846949890667
0.0214322113288872 0.0156477020300926 -0.20400136258504 0.0608906206998205
0.0153390229763878 0.0175144992735153 -0.314788998981888 -0.237762618816662
-0.0103297916808222 0.00702851978000406 0.04593836426946 -0.532921242241866
-0.0247725056196711 -0.00350010043944102 0.653324313826208 -0.219381400305256
-0.0111914397452118 -0.0131283796051914 0.551089998389726 0.439109281255656
-0.00253110748135082 0.00170879187774407 0.0339154210357612 0.490221624706691
0.000320183857986715 -0.00770364405580622 0.0476393672641348 0.0552268499676966
-0.00242358060214588 -0.0132521239453732 0.0183695847512513 -0.425997606138808
-0.00869463568578003 -7.06637079376238E-05 -0.637372905506279 -0.376623660355842
-0.0106869470840207 0.0181940171432892 -0.690750265771564 0.446308784595413
0.0100962967082605 0.0088386428032752 0.119071752188049 0.656002710897607
0.0322416467350378 0.00191710882278065 0.450536473815758 0.173902540157511
0.0255589730183223 -0.00217206231574633 0.295822602467392 -0.163744366270685
0.00371312564209374 -0.00187878765432428 0.0162030950441676 -0.257530122267097
0.0141466345818019 0.00633882386633238 -0.0521481736767422 0.204365082810784
0.0251100757127297 0.0167309136517713 -0.206076700474476 0.0719293097619158
0.0203868998726034 0.023166324741714 -0.325603290151502 -0.227068231838536
-0.00764170047059649 0.0127267882411519 0.0157277311317421 -0.537161949446371
-0.0261666553483066 -0.00417076273645308 0.636411036311403 -0.248816177524781
-0.0113495661053687 -0.0161374114182462 0.566961370246798 0.413223781785509
-0.00293421107228725 0.00185529640868543 0.0507796555044367 0.48179814501181
-0.00101291150860695 -0.00690772396482858 0.0525663518918073 0.0538104294031291
-0.00204635337071911 -0.0145063128079118 0.0315776414718549 -0.431921347229188
-0.00977950283116962 -0.00563848415681491 -0.628904415033113 -0.406165509858847
-0.012957222928753 0.0174371071330279 -0.717488786039475 0.421079380862614
0.0137510899387894 0.0148574046062359 0.0851129611690112 0.6575117506162
0.0380178503258222 0.00899141166214991 0.44091998871726 0.189058297943655
0.0290384681728372 -0.00142326129258967 0.297250706662776 -0.151017708829537
0.00758209694997251 -0.00447938097263929 0.0132957521843693 -0.24786723098709
-0.00661895244154627 0.0155472402489458 -0.0344598597672751 0.200604353888376
-0.0194684257837502 0.00101800537760765 -0.221221933761673 0.0813678336474346
-0.034477716051475 -0.0153847571999841 -0.365399747620429 -0.179568634038971
-0.0144219435713917 -0.0287878576494325 -0.0550387973796467 -0.520441013711844
0.0111011041457728 -0.0090833566947242 0.591215021734702 -0.351636878900271
0.00463972726463235 0.0109589008823783 0.609387927813737 0.314038278942679
-0.0214311042073841 0.0224801576820358 0.0838056967908446 0.47608290315506
-0.0223817521445713 0.00531471517472968 0.0387962481489712 0.0659011555492997
-0.0189597112666844 0.00768869362283401 0.0715897468725221 -0.428920692316393
0.0102205682820204 0.0216068155341791 -0.567860982548551 -0.516183693755486
0.0265742429664055 0.00079267131128557 -0.780055707990796 0.297426170670599
0.000479429106959028 -0.0281615375548541 -0.0063292797138801 0.689500784016162
-0.029764518901617 -0.0249963850535902 0.404035226611999 0.262368358694872
-0.027737783972646 -0.00831677797891689 0.298104390320418 -0.135218334260389
-0.0106649945729175 0.00335066326125953 0.0330310727537011 -0.268645953420338
-0.00813478490050223 0.0165160607077796 -0.0326180630291599 0.19421280038911
-0.0158724993952763 0.00204555531399959 -0.217206604854437 0.0682211624074631
-0.0299176736871747 -0.0178479984528575 -0.350724694436978 -0.198418260030933
-0.0133604769350749 -0.0308043178569014 -0.0160366418597215 -0.522406366621669
0.00752388528556683 -0.00672262062364701 0.619636426252327 -0.310127898847267
0.00158851902565375 0.0110194575232279 0.594105526964407 0.357173337500726
-0.0190705826529717 0.0199848429908643 0.0636493176928222 0.484600716664022
-0.0178713705215464 0.00273609904250306 0.0364733593847869 0.0675422702533582
-0.01587588272097 0.00661804246403509 0.0549665672951991 -0.42495756823586
0.00749770820415684 0.0222612356821264 -0.59029366531836 -0.474541479787805
0.0217638703914712 0.00433903654011995 -0.751787910152084 0.344682959991988
-0.00277134014123047 -0.0266810463665026 0.0408407533069793 0.68437618367546
-0.02685989179228 -0.0239569741378334 0.42350373136068 0.237007457968768
-0.0225779771067888 -0.00608301041883388 0.296945873528826 -0.150064924799803
-0.0117818291224519 0.00552427910070525 0.0326339703352936 -0.274765978057954
-0.00713032841777083 0.0149906655377135 -0.0320923820832163 0.190262239184579
-0.00914310642673148 0.00264331350171896 -0.211473379721403 0.0574958952938951
-0.021918959810979 -0.016730249078708 -0.333514894226461 -0.216843520446507
-0.0127111636898527 -0.026890020097597 0.0193459425121059 -0.523130291705016
0.00187556585968157 -0.00444984566978866 0.644267413503232 -0.269999738870853
-0.00214862913070227 0.00893031473266022 0.576365137166134 0.397036671630831
-0.0163742217971148 0.0153998909803306 0.0430307624864064 0.492511034445206
-0.0122893907489855 -0.000963257815821217 0.0345601409689907 0.0666162606864133
-0.013020064349992 0.0035357214581957 0.0374091891317912 -0.423210372163539
0.00673819738794345 0.021191112396297 -0.610172307092385 -0.432358347672357
0.0137938783200285 0.00752900660194467 -0.720906646791907 0.391592330542685
-0.00340626807986111 -0.0217835003080429 0.0845253288761706 0.676914007081339
-0.0180280612051751 -0.019614774488598 0.437366635036398 0.209883242277372
-0.0142384502644814 -0.00415137821788067 0.296826509485819 -0.162820268580653
-0.0103555690696606 0.00704846942083265 0.0321505964904569 -0.276518104603502
-0.00350672670560783 0.014782159796174 -0.0341161697586555 0.189653000801031
-0.00224738482314978 0.0056023085366209 -0.207628486877957 0.0523615878583922
-0.0114199790223793 -0.011198177329296 -0.320769795734588 -0.230619297715824
-0.0123692831765516 -0.0207961014769522 0.0461193747900899 -0.522995755168198
-0.00621959630336916 -0.00307896793907845 0.658770621295846 -0.2313107896205
-0.00644121142585172 0.00401794141425098 0.558641865926759 0.430591039484829
-0.012713716488555 0.0103614513158567 0.028883191339159 0.497861273026965
-0.00685371701116855 -0.0042166242376284 0.0356344771926887 0.0663728031238903
-0.00994329211202025 -0.00126622902390425 0.0253780353450486 -0.419650113086124
0.00120074519704311 0.0169964037159648 -0.623790970905559 -0.397425160274623
0.00661157080363527 0.0111672148706855 -0.699024919853555 0.425214740786847
-0.00218981020237351 -0.0155579054746413 0.11607487778554 0.668730413185392
-0.00488133331964025 -0.0153178973939146 0.448281096597506 0.191666031771164
-0.00316596961656677 -0.00292892448344122 0.294468994226797 -0.171641447499016
-0.00819254343828904 0.00673779679544833 0.0280175984051354 -0.276510900448826
-0.000461186799641595 0.0135108835499288 -0.0377763494111998 0.190529421425506
0.00686033804576399 0.00917674069620943 -0.203863611015472 0.0496525347557862
-0.000364344292504527 -0.00253703823127774 -0.311660431086846 -0.239881515231265
-0.0121999145704182 -0.0128332741599295 0.0623744089091243 -0.523898610518284
-0.0143211715756862 -0.00251083982814713 0.667514121558441 -0.208513122801757
-0.00868469057249179 -0.00203214072100926 0.546548357530491 0.44969726930051
-0.00799768486347418 0.00771972928192991 0.0208777697579574 0.497865766548805
-0.00261373656130437 -0.00680247968004949 0.0384166456083371 0.0628703354578036
-0.00603252616056897 -0.00602187529087719 0.0154155740459659 -0.419707684459937
-0.00269572052484552 0.0114585981566684 -0.636587689759695 -0.375846045758649
-0.00164857699644576 0.014984805670589 -0.683442825973607 0.449865660982701
0.00129279781779203 -0.00799690920024348 0.132944708373086 0.660747590708086
0.00886829237947631 -0.00987888877338071 0.453273846522862 0.175989822042903
0.00821888785890396 -0.00174397992437108 0.293836685714328 -0.174489724580687
-0.00473409357920079 0.00364824411740751 0.0239774283482607 -0.272241995981515
0.00471211429598105 0.0115242553215755 -0.0427273419134313 0.193953678449093
0.0154857256911435 0.0129044845644196 -0.203560791241314 0.052910469402688
0.00847283874749773 0.00761444932332826 -0.309168843264496 -0.242606346035019
-0.0112907956884607 -0.00192849736533651 0.0627639693753992 -0.525837800782092
-0.0209410728619359 -0.00314491740525521 0.664357433073767 -0.203684684105407
-0.0107419167777243 -0.00881639378410176 0.541745385480766 0.455494851437351
-0.00490855175029363 0.00417025255247803 0.0217037522278859 0.4956126120682
0.000177108755094325 -0.00868622944428394 0.0424078100565636 0.0590515129231916
-0.00401997497339647 -0.0101400492973491 0.0181165717304391 -0.421373306356829
-0.00635640323333535 0.00594444092374684 -0.640769178625563 -0.371505478702369
-0.00716947836272496 0.0178511934065102 -0.682379866411196 0.456140336730326
0.00530388327914557 0.000544330716038245 0.132871331933233 0.658100492315805
0.0225397019614913 -0.00408795173885849 0.453039259597398 0.171321326469059
0.0181220710427398 -0.00218872935039156 0.294083136241797 -0.171721557167988
-0.00062579342672235 0.00216342781717375 0.0202925844039129 -0.266444618440646
0.00963318354176592 0.00931573257726887 -0.0474590111554773 0.198485026944976
0.0212980932641818 0.0161759912616834 -0.203846281923249 0.0588548463896076
0.0153163277564342 0.0177336315676894 -0.313575684802491 -0.239419314839481
-0.0101507431554164 0.00635016385898928 0.0507898639582195 -0.534775025079139
-0.0251040027074165 -0.00319081762533993 0.653930604613539 -0.215349892533842
-0.0113090862888705 -0.013310353861573 0.548971982667375 0.442929702841431
-0.00334680043889458 0.00297686696999731 0.0312911887786739 0.48842152297931
0.000775158860947215 -0.00796238350324458 0.0481430985462877 0.0556549402832948
-0.00260902572226617 -0.0137269398397079 0.0225346385240925 -0.427922380019439
-0.00886123985310444 -0.000250559301204493 -0.636747781234207 -0.383157937338487
-0.0107342942997666 0.0183372386019484 -0.694209826311813 0.443321366774774
0.0104053423556573 0.00835834756405436 0.115830262154939 0.657313267019175
0.033055437852559 0.00306141280623763 0.449441763618351 0.176887179763599
0.025265917626182 -0.00219024761671991 0.296202990967954 -0.163230257756052
0.00341440380102547 -0.00137091138658393 0.01794848123268 -0.258861745440315
0.0131440077074586 0.00704513998334182 -0.0525747242602919 0.205369909900501
0.0246230223413171 0.0161914113650015 -0.20676952101821 0.0705825677171768
0.0202901091648948 0.0229900138590694 -0.324527334574193 -0.228999807052934
-0.00771833611984518 0.0132095453230831 0.020684903415497 -0.536156113061357
-0.0259912151494391 -0.00385986257604356 0.637405613418243 -0.246936378857989
-0.0110684395729907 -0.0160886299071287 0.564998638953579 0.415598549266897
-0.00294835694471551 0.0016008258864236 0.0482120855737959 0.480539297190727
-0.00116902547065214 -0.00677413341087603 0.0529278369916632 0.0535723076253542
-0.000905428661495234 -0.0150327652130477 0.0362159434833506 -0.434408838543204
-0.00928779262087226 -0.00549887500459375 -0.62735814694553 -0.410967352714828
-0.0132399464982171 0.0170042639757885 -0.721238039338524 0.417100015922899
0.0142166728649897 0.0146783668580024 0.0828745816259008 0.662284042901252
0.0379186181380424 0.00958719326930206 0.441148407228363 0.192114281336118
0.02954414394101 -0.00126031469875341 0.298791351026704 -0.14973609448462
0.00835827561820681 -0.00483303838983044 0.014809504352376 -0.248655005588744
-0.00708466064284926 0.0145257929704539 -0.0342268057926561 0.201610819298617
-0.0194743739530259 0.00169513801621386 -0.222172794167193 0.0814389977494996
-0.035866320179662 -0.0156503261601721 -0.365610374624153 -0.181504342040304
-0.0144791344293429 -0.0289904295877086 -0.0530374825498491 -0.521334227766602
0.0118343746190657 -0.00937701999254769 0.593769068591343 -0.352237815986052
0.00379883598156037 0.0110600919650279 0.610634523424454 0.316658832300137
-0.0213388540967106 0.0227522539023115 0.0816649031095549 0.47761419850569
-0.0224284482825803 0.00499668601199364 0.0384459159525528 0.0655573282231497
-0.019306298419572 0.00749780555436405 0.0764071236028662 -0.431020390830218
0.00963016618725247 0.0216453791232822 -0.566790444968003 -0.520366747161996
0.0264051040095456 0.00152712151276636 -0.782091477768299 0.294226050673945
0.00130297890009861 -0.0280692950730293 -0.00842351451923062 0.691085837379196
-0.0297356825095875 -0.0252695324921275 0.406096760052388 0.264329402328833
-0.0277509831503801 -0.00841827522672495 0.298680020107764 -0.135474303729811
-0.0101184548862878 0.00371966664278905 0.0338660552025859 -0.270019879434534
-0.00802180108916592 0.015451677021729 -0.0332521775351858 0.195909040392036
-0.0163480793835904 0.00124577248808404 -0.218149553517651 0.0682863874623238
-0.030296664356393 -0.0180751286979543 -0.350337307433094 -0.200536397526616
-0.0135331187703356 -0.0301988202865672 -0.013077639777617 -0.524712946286656
0.00816273147656869 -0.00724177423903219 0.624574688361662 -0.308273184099238
0.00125651528922109 0.0114224151898686 0.594518950460853 0.359079869919873
-0.0190565241194632 0.0199264628420491 0.061421702495675 0.48678502693
-0.0178858265051217 0.00172419797617156 0.0355698577519858 0.0671630106901099
-0.0160177487725466 0.0065625428102695 0.057192590488707 -0.42758825396417
0.00769237018507562 0.021425222161694 -0.589283169207799 -0.477849294470945
0.0218946257636743 0.00395537675310041 -0.753957701017093 0.342092954584705
-0.00203017145525896 -0.0265620096926054 0.0393642181482908 0.687964255993821
-0.0267678977912052 -0.023197638842548 0.423317952874765 0.23971637920594
-0.0228501040919681 -0.00628977351660536 0.298713323596084 -0.149911215111194
-0.0113290404853424 0.00560462785145538 0.0336888904988452 -0.274961884692063
-0.00751321478237617 0.0148756946209711 -0.0324760715469233 0.190749239812667
-0.00939438268169496 0.00278169412579947 -0.213931629067147 0.0568458827354924
-0.0215827437279405 -0.0164841502698158 -0.333567811645025 -0.2189568994502
-0.0124424598353352 -0.0272962561631168 0.0218870271114089 -0.524385033198454
0.002037352913755 -0.00420902719590332 0.646500616965568 -0.267119770833023
-0.00218569475929741 0.00817565391022132 0.575226678690945 0.402001187266451
-0.0173353324356132 0.0166250000959932 0.0399771557327246 0.4954626183477
-0.0117963018392301 -0.000525746373644644 0.0349032335331309 0.066789463424117
-0.0123996438464464 0.0034767067434628 0.0393463069918343 -0.424826708551057
0.00532208268504674 0.0209705247828579 -0.61090736140634 -0.437059392157229
0.0150476337307751 0.00698363342016794 -0.726003237532221 0.390064872497509
-0.00338583228983384 -0.0220036768678585 0.0805259602190818 0.680948184420537
-0.0180130231111667 -0.0195445800171303 0.437536093506427 0.213146936101668
-0.014600558935213 -0.00497899603157872 0.297699165921823 -0.163255335385022
-0.0109064833329132 0.00705581340160394 0.0326853482137839 -0.278026941985082
-0.0045346973605368 0.0139865508923651 -0.0347344646136954 0.19067611049833
-0.0012178213664473 0.00598169238595054 -0.209374251927378 0.0510184134394426
-0.0111783464223227 -0.0111589571408208 -0.322381710451088 -0.231918509516088
-0.0115263820602435 -0.0212886410666405 0.05003564714565 -0.523344673394421
-0.0063084808752937 -0.00311986555430175 0.662902599849767 -0.229883561969083
-0.00634484008633151 0.00359462318921565 0.556472695010511 0.433897138907531
-0.012260614042277 0.0119880992750769 0.0244182413375344 0.498612051442996
-0.00714721288111893 -0.00389309809444263 0.0353897796877171 0.0667027605872355
-0.00903738357341795 -0.00199065393603206 0.0282256723704994 -0.419998041532995
0.00221482035501047 0.0170967542825859 -0.625067281697716 -0.401601092997675
0.00624552310754946 0.0120605274710411 -0.703862856289335 0.425608952931511
-0.00278774161744305 -0.0147387593156192 0.112046592404021 0.672369823848557
-0.00542543549728866 -0.014764361734361 0.447817513166518 0.193427112703359
-0.00367668821756494 -0.00216751912251524 0.296381544957913 -0.172540542196103
-0.00712652252443662 0.00627484075023679 0.0298167046271428 -0.27757236309412
-0.000958981957421977 0.0127944258342017 -0.0373819725504964 0.191889096683452
0.00726918955231649 0.00917397482997384 -0.205972098560805 0.0485885937301333
-0.00091161244740912 -0.00144265305008249 -0.312190756600672 -0.241859875333057
-0.0117730805889402 -0.0120267337621771 0.0685113333590202 -0.52519960199128
-0.0142749682201637 -0.00261661126717142 0.670191829810754 -0.207058237499455
-0.00832984125602298 -0.00263531434544693 0.547158887865101 0.455685848085475
-0.00821645379188556 0.00823856506058664 0.0180480218558671 0.498387965658172
-0.00300020182950966 -0.00674870518173318 0.0389926928994018 0.0628713736010381
-0.00624692652092316 -0.00633287794498826 0.0210322198180798 -0.421369730609971
-0.00329848010110964 0.011419638326295 -0.635704580851876 -0.380887368892308
-0.00104881388596142 0.0148734767131593 -0.687830626802991 0.448912938116804
0.00175570709213476 -0.00714703341581101 0.130354474139461 0.666023755862007
0.0087350568379543 -0.00910345114535177 0.453937584499 0.178818453829875
0.00757101037886326 -0.00224607400105985 0.296041468015439 -0.17436685119261
-0.00459944850607849 0.00413220997284791 0.0258980371527801 -0.273866497860926
0.00394840671671272 0.0110018580413375 -0.0431178893254793 0.195881920182979
0.0146690321404548 0.0133669634158114 -0.203497148266018 0.0512612897527126
0.0083761083764381 0.00846896755584302 -0.309278775229758 -0.244927683736133
-0.0117079751108683 -0.0029846643361123 0.0653270150186225 -0.528672835563894
-0.0210240421389463 -0.00320719895438111 0.669106405144525 -0.200553997649682
-0.00965446499109807 -0.00801614424157338 0.541105393101931 0.459733924521495
-0.00540240322143598 0.00508504530023342 0.0179974421033399 0.497161854993579
-0.00048689616201287 -0.00810202263496573 0.0426442706461266 0.0597253082685955
-0.00423493617335547 -0.00996293133380799 0.0193344610453128 -0.423501402357743
-0.00680734163979012 0.00547515988511461 -0.642483158300459 -0.374594893136268
-0.00658033935571402 0.0171283206938558 -0.68753490781194 0.455595921063733
0.0061558503027066 0.00108476174730707 0.130901616753186 0.659839551184507
0.0224312104865611 -0.00316337915483462 0.454943568062827 0.173837233869342
0.0186026943269464 -0.00136142827354641 0.297088433553103 -0.171721426127046
-0.00083072591568697 0.00111121396242479 0.0226473245616374 -0.267960583499502
0.00916069780429995 0.00917105246592726 -0.0469693420631317 0.200442724441708
0.0210764796874107 0.0160239208446467 -0.204253145662516 0.0586570829488305
0.0156715740697965 0.0168921877327662 -0.314088699981918 -0.240927646454438
-0.00962598666675106 0.00638528605621165 0.0535555904971032 -0.533996040453572
-0.0253152203023868 -0.00321259342932194 0.657824296498927 -0.212801262057197
-0.0108209227148954 -0.0140397144672919 0.548320310638563 0.446230235985556
-0.00379119370499736 0.00334077794076128 0.0265239056364892 0.489848185287029
0.000909341854992983 -0.00869982714866809 0.0479987514984021 0.0557776066669854
-0.0019054086232615 -0.0136987440533479 0.0259066161068397 -0.4285786240433
-0.00857974575864261 -0.00104584006144246 -0.636898325205856 -0.385446105772701
-0.0107993526444425 0.0190716321267321 -0.699510118144458 0.444253112093297
0.0103663666012574 0.00848548070146363 0.113775343526505 0.660780062069829
0.032806196370442 0.00297286152255364 0.449651247051781 0.179108572042886
0.0250532653569041 -0.00193540979514888 0.2971564071328 -0.163552854836179
0.00320922735599076 -0.00140709867860027 0.0187823834899249 -0.259610039885466
0.0141376622163685 0.00681166693747531 -0.0532352952190946 0.206457532788535
0.0252314023387964 0.0167379118210473 -0.20828380207589 0.0697638683208681
0.0207333849106881 0.0239211153655944 -0.324662247198608 -0.230640543875893
-0.00721717158173926 0.0129813863815496 0.0244485772176298 -0.539857908558926
-0.0259107528951094 -0.00347607091057201 0.64289494272227 -0.244210736128717
-0.0112022175125727 -0.0169377907421278 0.564071501659641 0.41867874116362
-0.00242481761777121 0.00288589530943741 0.0433606716834501 0.481775224618992
-0.00167433337868607 -0.00642802992842333 0.0531679550025541 0.0539154278298666
-0.00194982125386013 -0.0147593127369814 0.0393437170312601 -0.434749155996249
-0.00960380763661204 -0.00607190657547979 -0.6267837764177 -0.415953779085049
-0.0127727959614423 0.0180884082673087 -0.727039986082892 0.415603044342253
0.0140874889103802 0.0159096161511764 0.0798701498298276 0.663515074722676
0.0378298171581656 0.0089797253714391 0.441827975255968 0.194270325483171
0.0298248800363842 -0.00060199926479856 0.29929224292826 -0.150676998401216
0.0077222393733634 -0.00485596315025395 0.0158369309956714 -0.250931797986867
-0.00742717540370411 0.0153196473327623 -0.033344023239224 0.202616259747008
-0.0203214937140479 0.00135646837756941 -0.223308770603758 0.0807130554221608
-0.035372234000032 -0.0149727739999106 -0.367829664864512 -0.182790719134644
-0.0142229401344866 -0.0292545747612552 -0.051818833995371 -0.523867713709166
0.0119156062929847 -0.00947748349675012 0.597916182947679 -0.35007191117799
0.00437992867123788 0.0111718165258319 0.61010658801422 0.320708018056907
-0.0219531435958086 0.0239687379464379 0.079713986600835 0.477686917973844
-0.0235521430190488 0.00590675897630144 0.0394863216690104 0.0665555442970572
-0.0184702414767207 0.00666265085588526 0.0793890764926434 -0.432124170259684
0.00837070761583884 0.0217626644703614 -0.566164188034296 -0.526572039068442
0.0267025953528809 0.00148591878675225 -0.788174320558342 0.292335524124733
0.000889605849514133 -0.0286063732315056 -0.0101135302026111 0.695677677133155
-0.0304176879290329 -0.0251417206552565 0.408135223269482 0.267038764557213
-0.0281746353642345 -0.00779642529392879 0.300938019791839 -0.13615026906067
-0.0106533392321939 0.00321691623408153 0.0339451456037986 -0.272076523443371
-0.00853610809814243 0.0146208529218528 -0.0323619288409803 0.196430062503114
-0.0170539589719601 0.000642053659764685 -0.218428103015474 0.067763641154303
-0.0300716263997557 -0.0181630704601177 -0.352297216906855 -0.202271261441141
-0.0132735554505348 -0.0310917359177638 -0.0122292467108956 -0.525447581497859
0.00797156773140257 -0.00673105964673618 0.627466908756661 -0.306996577458253
0.00133613734183582 0.0116222120092789 0.594228355981773 0.362511619361468
-0.0196516474878951 0.0213094761528607 0.0580078710914738 0.4892270290942
-0.0176729429052565 0.00283553376801842 0.0362534233354773 0.0676911525633765
-0.0155323058393951 0.00632045167363341 0.0599298815537249 -0.428155428136516
0.00842332503660184 0.0222511290999593 -0.589492960341244 -0.482764453353465
0.0220028789826479 0.0039343905189325 -0.760994633176937 0.339526946182816
-0.00236049265535775 -0.0270157210452868 0.0366570727536049 0.692144094316479
-0.0272126112965366 -0.0232142000238109 0.423058053035831 0.242428647490416
-0.0233453712036655 -0.00609362713785482 0.300459451578868 -0.151456233165885
-0.0114205311976458 0.00650473214290409 0.0346650578060633 -0.27665715513904
-0.00690139455658198 0.0158646475192028 -0.0321315445317913 0.192933909381998
-0.00968944800555347 0.00285350059526845 -0.215183343432106 0.0566983320688035
-0.0213915057783104 -0.0170304591846226 -0.336367155602598 -0.220610248042539
-0.0125494190700532 -0.0277641008604276 0.0255438873687161 -0.525466752548517
0.0012043726858672 -0.00491454919638264 0.652995591639708 -0.266731378904051
-0.00276866000372944 0.00833489847251707 0.575319642957709 0.405392653582268
-0.0166602108460058 0.0165885599093775 0.0377715928596149 0.496073077906627
-0.0121825450506971 5.13936101968438E-05 0.0345621159664931 0.067700961372671
-0.012459509603216 0.00310435961272749 0.0421716738876209 -0.425428048313969
0.00548405302155369 0.0198259300091163 -0.609857355370149 -0.441366756132996
0.0141297701743159 0.00667933834489946 -0.731650787569504 0.389763842050839
-0.00348453622753093 -0.0216613464763783 0.0775945884798987 0.685638893469481
-0.0177387912047664 -0.019718377561659 0.439269967148184 0.214805989190914
-0.0140729875571148 -0.00399481923766802 0.298607993050348 -0.164100776081697
-0.0103277096679395 0.00692409947713326 0.0331594734775789 -0.279728489540958
-0.00426687608653224 0.0150858904712239 -0.0346948925898421 0.191982115869553
-0.00224209396681655 0.00615361332544828 -0.209174461956281 0.050216534551293
-0.010769111485416 -0.0110742585217779 -0.32258028193567 -0.234648400512922
-0.0113700650471564 -0.020508836870099 0.0526163598501866 -0.525398791984244
-0.00612970779344321 -0.00293553243381431 0.666698160601595 -0.22722633414192
-0.00547065344995386 0.00334199285169452 0.558100056305291 0.43686279471394
-0.0120996702425075 0.0122055788086094 0.0244518413962584 0.501195170535921
-0.00722283950485657 -0.00357412712257831 0.0353147161407975 0.0660658217977337
-0.00906046054871917 -0.00197633972953134 0.0305574900429211 -0.422950741886255
0.000528862762824923 0.0170476003191099 -0.62808805810004 -0.406589155448407
0.00694170137501644 0.0106134983136676 -0.708911159779551 0.424105189708712
-0.00229252157982044 -0.0140945596748675 0.110332931244359 0.676774770829864
-0.00541861158005894 -0.0151409996351659 0.449640622370332 0.194876543347555
-0.00335077686054647 -0.00278771694822065 0.299497041714631 -0.17241667492887
-0.00813061348310366 0.00645372095518619 0.0300663171340636 -0.279180210321207
-0.00024927312426468 0.012745523654797 -0.0374640328746405 0.192420396605708
0.00669252371256841 0.0100797322244279 -0.206123106906696 0.0479362332702863
-0.000837369678623083 -0.00170557986391102 -0.312645829014162 -0.243803388276801
-0.0118359103582013 -0.0121984708742035 0.0682663741337805 -0.526911919239648
-0.0143865129089916 -0.00330064103372988 0.673466388470475 -0.206668030620991
-0.00878302304919406 -0.00235183144983771 0.546214939029576 0.458599216730184
-0.00858487092279613 0.00774026596110787 0.0152118796310562 0.501487200315415
-0.00261410162074483 -0.0068158391391194 0.0383568040232615 0.062887124223632
-0.00686822879402317 -0.00626804613914137 0.0227712978566854 -0.422950705286735
-0.00282910832793324 0.0116769552536983 -0.638275479324776 -0.383388578536359
-0.000338928929172424 0.0149871008638697 -0.694712784668974 0.448537612215155
0.0010018931333622 -0.00635552108322352 0.130321454378765 0.668527967849924
0.00845262060084091 -0.00967505505912433 0.455565550150493 0.181099919137772
0.00815945374743413 -0.00145602398305616 0.298128574434511 -0.174780654674569
-0.00502372844896839 0.00376197781843102 0.0267661814996221 -0.275631486230092
0.00427655607272487 0.0109571431805694 -0.0427601870978924 0.196328164528318
0.0145075797436209 0.0137237068867214 -0.205645646975111 0.0505477821499253
0.00832054577204625 0.00812800375651736 -0.309887190507908 -0.246367886065495
-0.011817396345472 -0.00232006601621542 0.0684893179179766 -0.530257446351158
-0.0214963881570482 -0.00296743267025026 0.671171217663275 -0.200244543900772
-0.00995107864536088 -0.00864974780282679 0.541306164970417 0.462090450544275
-0.00535124171694824 0.00525788880059249 0.0148168006393955 0.497625011005051
5.21499421048275E-05 -0.00795224820890117 0.0427895549131816 0.0597485703094773
-0.00399341241191033 -0.0110209362488354 0.0228935545448039 -0.423981570396379
-0.00671486903526608 0.00534623776888322 -0.641343184552451 -0.379037293357994
-0.00667563383056229 0.0175450207963492 -0.691977966874654 0.456503675914657
0.00617616620010441 0.00125028380706738 0.128918780504615 0.663511000549599
0.0225269960393166 -0.00408583228512967 0.456832526824114 0.1761433111393
0.01724814297057 -0.0019014683105306 0.298476897261804 -0.172447944697144
-0.000733633016443688 0.00100974006400479 0.0230728596932036 -0.269389793057753
0.00919742819451709 0.00864043516170702 -0.048122804298481 0.201795088914477
0.022225202251136 0.0170330897693514 -0.205707996851768 0.0583536706242158
0.0152122987514249 0.0178219119445724 -0.315364387598898 -0.242130427929178
-0.0103515207551159 0.00645661948786708 0.0556479609989927 -0.53571285593904
-0.0254490943582328 -0.00362832442851107 0.662970813704181 -0.21251546085155
-0.0113278017707184 -0.0135745441703435 0.548980177731641 0.450781964714106
-0.00309565108169555 0.00329323969326473 0.0242569415107472 0.4928360246264
0.000590275262214388 -0.00826107101845478 0.0485740722483789 0.0558261577912983
-0.00194026783334353 -0.0138648507773664 0.0287674644441677 -0.430875774056248
-0.00912069266530681 -0.000275011811331462 -0.637981293290623 -0.389890249802314
-0.0115228701243864 0.0184575436914143 -0.706735938017395 0.445092676441617
0.0103865233905445 0.00934184770465522 0.111065287661352 0.664018845013291
0.0319647922858698 0.00259080814487515 0.452751260342834 0.180635546530299
0.0258607530282852 -0.00113472257745662 0.30019935585511 -0.163696494286594
0.00382830099263004 -0.00125342433391163 0.0193054601091208 -0.261283036877906
0.0134814955974991 0.00700220799534723 -0.0539602707528006 0.207675194655062
0.0245574194967908 0.0169668327711251 -0.209637084765156 0.0684648661383905
0.0206632025478291 0.0234286931224583 -0.325819494841018 -0.230982944949871
-0.00696524108880911 0.0126797220779493 0.025207842159655 -0.540523999619216
-0.0257920313903875 -0.0044464195094348 0.644654059116321 -0.243600388958989
-0.0113087334844239 -0.0165932484418538 0.563900314114059 0.423915794890458
-0.00241157885561143 0.00301900561739485 0.0428313045324684 0.4845461588479
-0.00124862583560233 -0.00756818932249452 0.0528616001122091 0.0540915781723116
-0.00182388763905107 -0.0165435530929207 0.042021610938477 -0.43677914375204
-0.00946609806303091 -0.00660698138682706 -0.627381014291312 -0.419975386119865
-0.0130872989859639 0.0174519756615601 -0.730174641279998 0.413982319025898
0.0134236362524042 0.0162413126305899 0.0775654567366542 0.667329165835863
0.0382506134264229 0.00922046787414082 0.443495584979332 0.196331600311646
0.0292106414685127 -0.00013501003431713 0.301132705750943 -0.151168610559072
0.00692942410347941 -0.00456686363470744 0.0157988862402041 -0.252600945804815
-0.00726819602387626 0.0145843436887084 -0.0343543611030882 0.204700124758191
-0.0201856944197601 0.00067772725939068 -0.224935992462616 0.0814963167426562
-0.0355299672652222 -0.0154643787736892 -0.370161416023178 -0.184199659928817
-0.0150247731513896 -0.0294459248096937 -0.0513031511039399 -0.525713244620185
0.0116766783765526 -0.00993721101658735 0.603841425354664 -0.351396826698676
0.00351393848634166 0.0107145686894145 0.612647112775834 0.32382688305462
-0.0211722283561533 0.0243720481465663 0.0788853360386506 0.480053068779339
-0.0232096516519386 0.00445113576811608 0.0391552271622209 0.0669069804359777
-0.0198757887122014 0.00707659724933737 0.0824511797134858 -0.433424657500175
0.00858556673558556 0.0223659499942261 -0.566910600363419 -0.530715267882238
0.0280455041847465 0.00229269826365963 -0.793197198588683 0.291576775334419
0.00119990274657054 -0.0285867009926525 -0.0131105841153878 0.698114908825928
-0.0308768849404286 -0.0251598566266941 0.411028532087857 0.268579861256994
-0.0276340812597488 -0.00795850288472069 0.302585227507698 -0.136200966303041
-0.0102831419776131 0.00234071977064919 0.0348941539982021 -0.274407443996269
-0.00797166791791504 0.0155165758561147 -0.0322812805284918 0.198858671286131
-0.0173546108575611 0.00155971293092447 -0.221300068793393 0.0680016031876632
-0.0302329066390975 -0.0176072208845612 -0.353741745074261 -0.203653920100427
-0.0132104803564777 -0.0305850756397653 -0.00989271979354147 -0.527362252663949
0.00791360398678922 -0.00738268241210888 0.631537775475639 -0.309790860970194
0.0015701202071994 0.0110907496882655 0.597277135701911 0.365082913039603
-0.020080186782455 0.0219498823514208 0.0560635498623413 0.490836239913903
-0.0184388309450011 0.00285764590407124 0.0360383879452538 0.0684078063564815
-0.016171191729167 0.00517642394415682 0.0619856310109935 -0.430524440377611
0.00799343163548231 0.0223563717575996 -0.590751537867048 -0.487501895533476
0.0218949927068838 0.00435463749486421 -0.76576460040888 0.343825719367709
-0.00263141357994157 -0.0262813056600099 0.0366061568673044 0.696935646080529
-0.0267959037348748 -0.0242423530398888 0.427675719141851 0.243598406413274
-0.0226198833243889 -0.00632097084986986 0.302713398757654 -0.152392018440524
-0.0113333739855547 0.00520613367998739 0.0348884098291196 -0.278041872097538
-0.00805373052157955 0.0154752372030269 -0.0328784711768174 0.194539211290032
-0.00990187295489112 0.00272599448975693 -0.21564241423574 0.0565277087729662
-0.0212696321975371 -0.0166499373030298 -0.337745053580209 -0.222274588741437
-0.012108602751973 -0.0270285581729017 0.0261439145297668 -0.528701158259475
0.00144143599291919 -0.00450811176838048 0.657313651759588 -0.267179478732492
-0.00209996867465675 0.00795552312829067 0.576242474581956 0.408849992163054
-0.0170963201811892 0.0178704879041105 0.0367798862026022 0.497843522266635
-0.0126682602532913 -0.000652093882697592 0.0350465317848323 0.0683003291239874
-0.0133175667649939 0.00262662653329699 0.0455573795338037 -0.427404868283176
0.0044077176321473 0.0209084183588431 -0.61194660532271 -0.44554564533171
0.0149845922063156 0.00736173824781092 -0.736350430439071 0.390198581418927
-0.00448122989859556 -0.0224789100586371 0.0789609542274357 0.689201005999347
-0.01856276313328 -0.0204299041392003 0.442046744230672 0.218376835626972
-0.0150251257358828 -0.00426664664919671 0.301821371878572 -0.16470687128313
-0.0107370497689439 0.00688733714268955 0.0336843155897984 -0.2826174302825
-0.00451588398365066 0.0147598871280635 -0.0339329780233999 0.193415101061139
-0.00138961731152604 0.00613170713161586 -0.211043958172636 0.0497441224641923
-0.0112528861263148 -0.0110057467487122 -0.324248406856307 -0.23598585102505
-0.0117264351174829 -0.0210442217920848 0.0539070265399056 -0.528462513952495
-0.00680206336933103 -0.00339077847630536 0.671058973956135 -0.228593597837296
-0.00570977150349422 0.00328200236000262 0.560542753696308 0.44025342690979
-0.0124702378924489 0.0132074852517133 0.0208830376516169 0.502063272220365
-0.0068500104033717 -0.00321694967705046 0.0356093356445888 0.0662083407990608
-0.00959258675639981 -0.00220616225544302 0.0319131310447639 -0.425772901147897
0.00135016698261178 0.0172384573765015 -0.628201682417532 -0.41054312847652
0.00784428356063632 0.0111474620881381 -0.711381737141532 0.425383184839875
-0.00282583198287931 -0.0149968016142211 0.11019742057523 0.681466867436106
-0.00571469101611364 -0.0154079500894594 0.451888557811087 0.197312686400006
-0.003912203503221 -0.00230926365685805 0.301187957219534 -0.172918014030493
-0.00867706432917839 0.00599858208059361 0.0311039563017557 -0.281536762191383
-0.000783830934186125 0.0123831161783476 -0.0370271155123345 0.194176972400641
0.0077246102491571 0.00998409204283234 -0.207259423699227 0.0478310141984021
-0.000628379227876592 -0.00166827851250678 -0.314829039623719 -0.245189845847099
-0.0118492362908704 -0.012128661421862 0.0707660906929016 -0.529317000683482
-0.0140962143866653 -0.00246011844106001 0.677494767938859 -0.2053119077338
-0.00886446221133141 -0.00292140639107454 0.547453481771592 0.461425365842642
-0.00851533794797073 0.00820425986605007 0.0129922351609013 0.502143728582234
-0.00329434559119941 -0.00611802422108778 0.0384485592430782 0.0637218722496964
-0.0072126524465061 -0.00626239198418482 0.0237078777917858 -0.425085974983831
-0.00338073226597053 0.0115127157662904 -0.640580297341201 -0.388217174504274
-0.000213051986094136 0.0149512127202616 -0.69728197573417 0.449703272724311
0.000827566119039406 -0.00747982694615469 0.129998203890501 0.674534689988772
0.00889035840807257 -0.0102669971368906 0.458333349974168 0.182071589389486
0.00761576347672232 -0.00242447297801549 0.299918955624476 -0.176469912877138
-0.00547415985345305 0.00398926477980252 0.0264567979563886 -0.277470475060112
0.00408001588026953 0.0108728927288441 -0.0434385271021256 0.198233018436598
0.0144514412966709 0.0138446599515367 -0.205380795735454 0.0503384742359384
0.00808649636730186 0.00883996643593612 -0.312356863986113 -0.247942408262018
-0.0124214263194699 -0.00287972957378219 0.0703687879342016 -0.533862841156554
-0.0218854780422292 -0.00367230038163431 0.676421938372913 -0.199784513602929
-0.0108433145904062 -0.00977121580406146 0.542204152402305 0.466681879112622
-0.00458129539133795 0.00549933559025673 0.0140297968680577 0.499750223965438
0.00044395830274739 -0.00766261544686166 0.0430515338296195 0.0601683298616897
-0.00358525673724623 -0.0115231454740948 0.0242636085321018 -0.427721661380037
-0.00638985661098214 0.00600253436966075 -0.64478676992399 -0.382313170056198
-0.00628437171245843 0.0174701027581 -0.697351490367016 0.457159007554925
0.00565242218327934 0.00121181127432402 0.128802690235351 0.668020010866977
0.0225031690812711 -0.00391435488285442 0.459426693693048 0.177856138539865
0.0176315267956263 -0.00185501068413908 0.300123135019664 -0.174363201863075
-0.000945921231553895 0.00161156391008906 0.0234056862464128 -0.270932518360277
0.00935187074026276 0.00886786168427154 -0.0484949186173698 0.20246233806858
0.0210309139875168 0.0164011457812836 -0.208053003154359 0.0569306749904179
0.0156454843672496 0.0180293794940318 -0.316531113352162 -0.244144712287626
-0.0104759344263249 0.00640865013212251 0.0569416560275004 -0.538210968563606
-0.0258593604453751 -0.00429853906118935 0.666717001131158 -0.211806058294755
-0.0115953384089939 -0.0148640642604606 0.550030813516174 0.45497180020357
-0.00332166027109262 0.00357833286975986 0.0223138122516506 0.495113950973572
9.21870636766961E-05 -0.00746449403028769 0.0487755383267695 0.0566337087542266
-0.00278525247144706 -0.0144546230733817 0.0308871374430009 -0.433353828674823
-0.00958164397749543 -0.000328456803846394 -0.641067878880422 -0.392252712700716
-0.010421928225324 0.0189486503635144 -0.710614141155433 0.445488568130652
0.0103905984433834 0.00917187835019582 0.111348798845629 0.668403859346799
0.0333900560275654 0.00221204188832775 0.454940391315245 0.183107190395825
0.0252881647044512 -0.00109075687140438 0.302297132153141 -0.16593669274681
0.00333283158676966 -0.0019352537964927 0.0202982160801036 -0.263257587495691
0.0139946154686737 0.0064237978575062 -0.0536418521604689 0.209589096045241
0.0251863706675266 0.0170624679645912 -0.210965625651799 0.0692625604279886
0.0204261829056067 0.0242480455044793 -0.327439713812419 -0.233601909492168
-0.00768104969050841 0.0125608064898961 0.0270545153000332 -0.54374532778146
-0.0259934428455159 -0.00446546989663805 0.649370183657916 -0.243173562634741
-0.0117204963101344 -0.0172063448254649 0.566714304099079 0.426082167851079
-0.00226657239409426 0.00379810410854431 0.0396468291907637 0.487256088995813
-0.000572265689370362 -0.00580037681756702 0.0547184131289227 0.0542326605924898
-0.00137330502297668 -0.0160318076128207 0.0445672287921433 -0.438706972135132
-0.0095099644350081 -0.00651131268579636 -0.631623963063836 -0.422919551586244
-0.0131995750542067 0.0176827019652245 -0.736345432091313 0.414953691411724
0.0135707551183359 0.0156602301106858 0.0765261005998235 0.672730095579745
0.0379907203192611 0.0096867073369597 0.44597836937717 0.198834475482032
0.0293839847383656 6.89353624111627E-05 0.304712259716977 -0.153231884156392
0.00764135847653231 -0.00475623209289659 0.016888935552041 -0.253833476528711
-0.00707229916865263 0.0150001120398544 -0.0334403335587761 0.205949952280146
-0.0205816649110254 0.000334763098665503 -0.225822339332759 0.0816292035920172
-0.0353286146068361 -0.0152759538713072 -0.371656169344803 -0.18442302601149
-0.0148461557849875 -0.0301394709019337 -0.0499394144127335 -0.529199082339782
0.0114026886688765 -0.00980262562181882 0.60756028413911 -0.352984922742446
0.00444156972441178 0.0105202624261103 0.615932656978882 0.32492467570668
-0.0210463338457292 0.0253999929910397 0.0767590283447749 0.483228770078842
-0.0241465142170503 0.00410883290284325 0.0398441471259037 0.0672122022874463
-0.0189582727744936 0.00702779819889619 0.0835785281332816 -0.437148396771529
0.00860694160307377 0.0222285734926768 -0.569588782385493 -0.534794874770601
0.0274599589230276 0.00160953446857729 -0.801206636430547 0.294691164549908
0.00165813056581388 -0.0287214292611907 -0.0118601607870558 0.705133486389027
-0.0315507006738267 -0.0258333658533413 0.413107353256687 0.271239002725471
-0.0272788011174075 -0.00807805567689139 0.304521401028139 -0.137192875310334
-0.0102586577474682 0.00270741003526639 0.0351169020803157 -0.276706249466628
-0.00825272139735553 0.0153893746692757 -0.0321797527455345 0.199390744373847
-0.0174852951106139 0.00168894796216499 -0.221269161113702 0.0673511387351842
-0.0306994414773622 -0.0179726772179146 -0.357205946713881 -0.203126617354484
-0.0134590209921036 -0.0307101260830756 -0.00919268956979135 -0.531989679888355
0.00796286022568449 -0.00677719423903444 0.635508639669794 -0.310605972821877
0.00124212033446576 0.0108250556227939 0.600897069628225 0.367300643350327
-0.0199325739831059 0.0215800359968546 0.0545550572431335 0.492124019913024
-0.018923849729917 0.00214173247096918 0.0361067428663629 0.0680679922256529
-0.0169402423543526 0.00712292732464421 0.0661928357804744 -0.434031049540717
0.00720892765591328 0.0226022622014702 -0.594862661933061 -0.490155591281451
0.0224386082874616 0.00294036929663201 -0.772065246318437 0.344832327792304
-0.0021336550346292 -0.0270331935807326 0.0349738747543713 0.702741270567143
-0.0267966526775132 -0.0240721670469858 0.429528018889716 0.246345354868977
-0.0238072760294152 -0.00589697982153832 0.304051279226369 -0.153643382098712
-0.0125088717125221 0.00583345247294727 0.035869505776661 -0.282053251319011
-0.00703932422050277 0.015221531921883 -0.0314719241858894 0.195950358912361
-0.0101858989780482 0.00278469282070806 -0.216589915952275 0.0559383498237852
-0.0218033997190526 -0.0176435749785387 -0.340186414275076 -0.224050887927553
-0.0121790986116635 -0.0275446606663242 0.0271572601916617 -0.530723519690863
0.00118674757467311 -0.00509417930391316 0.660298917008889 -0.267301349176171
-0.00249132950935005 0.00825502754627417 0.579825508439599 0.41290915953143
-0.0177041613436453 0.0182825195994976 0.0354735257585359 0.499710693119362
-0.0126304118255556 -0.000565903294236583 0.0356388897116931 0.0681225695170337
-0.0133109747598875 0.00209504106662745 0.046670407959612 -0.429971000070965
0.00513288784450511 0.0205699580158345 -0.616540135838423 -0.449700538423678
0.0156475572267947 0.00779581900048205 -0.742816108728693 0.392901087796437
-0.00381430731251229 -0.0220027729926296 0.0799076260836326 0.69650002871516
-0.0185441293652721 -0.0204962665034122 0.443827391237908 0.219359370277382
-0.0152737256567744 -0.00379160264315587 0.304612334701109 -0.166756216533141
-0.0112275285169158 0.00644309583711165 0.034622243471865 -0.284712595397248
-0.00432054106015288 0.0141950046072826 -0.0339216827163724 0.195189899305208
-0.001593684894165 0.00613521601582537 -0.211382532630066 0.0497760696369675
-0.0107482508259944 -0.0105572013200194 -0.326209294006789 -0.236321805642741
-0.0114496866300659 -0.0208561999850943 0.0564212800939384 -0.530419889244334
-0.00642524093900476 -0.00366219498220611 0.676644594089198 -0.228488589492369
-0.00577151732368204 0.00335677387858727 0.562369579887309 0.444801644087413
-0.0131946641131257 0.0128426786735376 0.0182903809018951 0.506496632238074
-0.00694005030179422 -0.0031446976458656 0.0363323343190174 0.0669643771475821
-0.00967547274651746 -0.00149873499027622 0.034685912358502 -0.427800085789218
0.00116120506303179 0.0167080817933526 -0.632093804228095 -0.413390702546133
0.00669498373602391 0.0116424889578957 -0.719351522682165 0.428256173157056
-0.00363894196417495 -0.0145535809414654 0.111910893364894 0.685894520161613
-0.00524186216890191 -0.0155293881550062 0.456268809135201 0.198552296870673
-0.00320390306750239 -0.00219022886592757 0.303026385603625 -0.174859519253314
-0.00813176216440424 0.00608787976426521 0.0309249663167764 -0.28358933451589
-0.00123555893154021 0.0122177098266204 -0.0380041198922522 0.19622261642429
0.00628226265430616 0.00990284354920582 -0.208463276128852 0.0471863129567349
-0.000717816105178275 -0.00217054969926075 -0.317265000727085 -0.247090691630907
-0.0118175492016762 -0.0124396075075123 0.0710611599576911 -0.532293949782481
-0.0147984107503157 -0.00292261263241159 0.684252399203168 -0.206643245200196
-0.00835477360271757 -0.00339233123277293 0.548985977874563 0.464206079792313
-0.00864778168598675 0.00897259852750964 0.0121804870730911 0.506126678485472
-0.00238250499325688 -0.00614799922431429 0.0395649084689319 0.06388445999512
-0.00673136549055448 -0.00746850676212524 0.0264061718848166 -0.427381911842401
-0.00257467159012904 0.0118036942048942 -0.644882139705156 -0.391655090292
-6.93840545705031E-05 0.015387965039028 -0.704562791360399 0.451411246867736
0.000882914192276521 -0.00679924897463093 0.129716965686058 0.679485434374016
0.00918321872064194 -0.0099713228793104 0.462118152139404 0.183790278830145
0.00821063536926328 -0.00167404793599481 0.3020368584205 -0.178670650588405
-0.00467775922743128 0.00392240903240282 0.027232632990815 -0.280315215053557
0.0042966933090918 0.0103401314821684 -0.0419463279322238 0.199178786468881
0.0152161536377466 0.0137616517784678 -0.20841169480694 0.0495111576271298
0.00827389348117932 0.00947003006903891 -0.313171096096977 -0.249716713775039
-0.0118998356403241 -0.002787700274587 0.072996780422642 -0.536009697398742
-0.0224358922897869 -0.00393876694985599 0.679954917965518 -0.200060357328778
-0.011075769686883 -0.00931102776899541 0.54497310812236 0.471295542336076
-0.00399770145543061 0.00563421405367467 0.0118275086528623 0.501722646460185
4.80600247707532E-05 -0.00762400815171459 0.0433992136325651 0.0601310344370885
-0.00465760966006139 -0.010969624610117 0.0266537173883306 -0.431866353236455
-0.00747029110937136 0.00571219958380611 -0.647433963453458 -0.386071682595966
-0.00666782037629736 0.0179201305809859 -0.702491857552741 0.459154874741343
0.00595493215268245 0.00157947514408247 0.128182729560117 0.67522449863749
0.0222284974134684 -0.00359810093522994 0.463055833215086 0.179047821007197
0.0185834035274469 -0.00167746042059811 0.302403395735474 -0.17487675386354
-0.00125973291903367 0.000978257694761632 0.0234355061695314 -0.274274601423115
0.0097093773403381 0.00831638796397449 -0.0471158285261167 0.205073756617419
0.0217466543063132 0.0163472429375451 -0.209657365258501 0.0575206514207626
0.0156312715198637 0.0183586456793304 -0.318756150464327 -0.246188378827775
-0.0108631827022336 0.00653368722473197 0.0593227972275445 -0.542618337096876
-0.0260496672191972 -0.00462806755697722 0.673048226879853 -0.211739209618965
-0.0107671059216823 -0.0145989546171689 0.553873656787559 0.456668541907144
-0.00256106351276902 0.00453581150435506 0.0226607688223072 0.496551538236994
0.000308511377365237 -0.0079214229586834 0.0484904246769948 0.0561604411642758
-0.00220575737314756 -0.0146133156750719 0.0320083990422255 -0.435504902924778
-0.00945702147653296 -0.000929003047882151 -0.645615268050682 -0.397720178098568
-0.0109187336932668 0.0187585624678165 -0.714924254535444 0.447851867386502
0.0105034902520658 0.0100806965797425 0.1120695215127 0.674465263854891
0.0325274130239301 0.00301484160588968 0.458816037010909 0.185720854694769
0.0254994136515146 -0.00207172312179229 0.303709313263662 -0.167528465372187
0.00342590857522241 -0.00248533198131756 0.0197419318309267 -0.265147427577792
0.0140925885998599 0.00683968750324055 -0.0519155876810943 0.210554216765709
0.0251592649768487 0.0171431251788813 -0.212604268480018 0.0694927211311817
0.0214399996306929 0.0242683744679013 -0.330104707075985 -0.23483694765977
-0.00750402828269694 0.0124814564986111 0.0278559913907543 -0.548404832431784
-0.0268634461860883 -0.0049175857997905 0.653782462509204 -0.243673959220273
-0.0117404181071537 -0.017835307767241 0.568474957052411 0.429078175395334
-0.00225849888963034 0.00358596419723562 0.0401102641820862 0.490332059978497
-0.00150392501079178 -0.00666077837379721 0.0534352229479701 0.0543824086853468
-0.00191757293263316 -0.0169820106399155 0.0452272947347004 -0.441841834097177
-0.00966790482480291 -0.00607365316316421 -0.633979664357827 -0.426695303998813
-0.0125793671940386 0.0175259886977574 -0.74314712517043 0.418513288811204
0.0137974403656892 0.0154500036294666 0.0777989072657133 0.677868749855436
0.0385778131072822 0.010394851247253 0.450625463089268 0.199341810148439
0.0294658869184858 -0.000182000294895405 0.306277887295774 -0.153734682211271
0.00732968027835988 -0.00431172569098526 0.015975039211331 -0.256784841592571
-0.00660726731983149 0.0158127378226144 -0.0327834493163303 0.207602768176817
-0.0206731288685464 0.00127464529244862 -0.226747598901789 0.0815245779568844
-0.0355344253497036 -0.0155545831495278 -0.374742711741816 -0.184897657286644
-0.0148486246502024 -0.0307033901438438 -0.0511595974155727 -0.531649245864498
0.011574144423238 -0.0103445863560226 0.611158766364596 -0.354880577667243
0.00343356388035646 0.0104443213301853 0.620307953675742 0.326831552628938
-0.0222889295851135 0.0258291355703864 0.0783185955373637 0.485221619608292
-0.0233102178849009 0.0052410531026427 0.0395019761990598 0.0675118819358267
-0.0195414011545252 0.00657285136678589 0.0864126559324004 -0.439841681215005
0.00928947408596125 0.0214210783987389 -0.574154091625923 -0.538258112561586
0.0277272188820402 0.00133115143138413 -0.804857045429402 0.296210670725584
0.000930789818503943 -0.0289331912040428 -0.0114120750279333 0.709352293960797
-0.0322129759282897 -0.0257752084864934 0.417421465505299 0.272004572540421
-0.0281822220453865 -0.00823204277055732 0.307282128341077 -0.139546933322166
-0.010890931728161 0.00276828932011138 0.0342126672699502 -0.278862060410273
-0.00809696189502768 0.0156744024091148 -0.0312021535767989 0.202406204228446
-0.0176293566651278 0.00142558129691336 -0.222580839976386 0.0681556432649503
-0.0298317797251942 -0.0182211361755984 -0.360283338695191 -0.204935877569487
-0.0137593237232088 -0.0311148598453318 -0.00974655318592392 -0.535055528314206
0.0080768532351944 -0.0073184032904988 0.639651988291732 -0.311982172746435
0.0011879185644626 0.0110139067135031 0.6026156665632 0.369214848735944
-0.0203020712999501 0.0226953606591712 0.0556298917727693 0.495687294344493
-0.0186313602830771 0.00293187218196725 0.0366976948413262 0.0693424752901321
-0.0164499040285658 0.00570437740175993 0.065675983113505 -0.435788794440077
0.00793993489438258 0.0225345760389548 -0.59920017438532 -0.495118595572769
0.0225509784214458 0.00363942744718833 -0.778076271504133 0.347333361255547
-0.00260146524146774 -0.0268274425108507 0.0363264197344643 0.706479014448042
-0.0281073433234501 -0.0251944648451976 0.434210765283947 0.24750060981797
-0.0240420287303629 -0.00561966713408745 0.306410499193531 -0.155707717047853
-0.0120884264822996 0.0053023575981981 0.034534477305571 -0.283505439808185
-0.00677077197777217 0.0148170716941665 -0.0318667725782774 0.197951451737781
-0.0104553859468771 0.00226864364348327 -0.218284787955402 0.0572408111197386
-0.0215251402594269 -0.0162134225716134 -0.342651640690423 -0.223646617739652
-0.0124947193403703 -0.0284715568700639 0.0284510818784791 -0.534743701090455
0.00135276357130256 -0.0046219200772902 0.663771464188474 -0.269797970982487
-0.0029899298358493 0.0079279123406296 0.582491279190295 0.413456790041836
-0.0169076915081592 0.018873086442703 0.0357160720330485 0.503281260983454
-0.0132319515671338 -0.000628938820832812 0.0360373848324934 0.0679219703208933
-0.0133363189230484 0.00249800394566736 0.0468245739453618 -0.433544914509828
0.00501640322119035 0.020464926893471 -0.619575067466205 -0.452642430571508
0.0144547839385818 0.00737336890502866 -0.747545820045988 0.39568715572174
-0.00446631325253797 -0.0218090957630615 0.0816641030363167 0.699766038753622
-0.0190170946143427 -0.020476016535766 0.447789004816904 0.22034886371432
-0.0156390327993593 -0.00380839470158237 0.304894279223074 -0.168729664997308
-0.0115928476037329 0.00690805786532285 0.0336793386964532 -0.28632496351445
-0.00454543818710636 0.0135657837550618 -0.032747298669484 0.196714268006891
-0.00254039003858178 0.00561804504530986 -0.213721409311849 0.0491714737524973
-0.0116101845192517 -0.0106741728973365 -0.328833908003213 -0.237947517502141
-0.0113402476287655 -0.0222371584927029 0.0558562452044093 -0.534047428784537
-0.00677457829996542 -0.00354219574549776 0.67953283456628 -0.231764627945593
-0.00606625551596081 0.00213569658241535 0.5654321902305 0.446292634939033
-0.0129021448305712 0.0136343164470179 0.0178299950917271 0.507806474490438
-0.00781539586681098 -0.00358235983714435 0.0366158747218649 0.0664552325002874
-0.00951869473343313 -0.00229280089511877 0.0355738471240525 -0.429698310551288
0.00106458197152968 0.0170257772277472 -0.636635667385967 -0.416723519464587
0.00708047388643394 0.0106761554358832 -0.725139969631196 0.431475981672384
-0.00204249232321074 -0.0149359031881484 0.111052920220634 0.691189779896057
-0.00583800738652701 -0.0154852472008642 0.459296134067726 0.200730787610944
-0.00472010798871199 -0.00261935932943944 0.305057588980431 -0.178208476000358
-0.00854758830408605 0.0058999219724243 0.0290009971626982 -0.287321274907193
-6.57506393900763E-05 0.0128983993052548 -0.0365472002265184 0.197747184359602
0.00685211919591243 0.0100895454578105 -0.209952887974857 0.0473298700009149
-0.000798425418749851 -0.00134495405461284 -0.319041778219726 -0.24738720899092
-0.0116657346927999 -0.0127365901177067 0.0726415656953013 -0.53670188238551
-0.0152648959080094 -0.00370275194584327 0.687180964248132 -0.208939164682806
-0.00814020617030208 -0.00327848481668107 0.552157623653215 0.46635141470909
-0.00789201321129832 0.00993837852642509 0.0109399540616849 0.508409267593708
-0.00248843259137156 -0.00638915417849565 0.0403562227417723 0.0637604083456104
-0.00798190139591652 -0.00749608594505638 0.0276854646146094 -0.430154087121045
-0.00240281257522614 0.0116126517167765 -0.64895560760392 -0.394120661876773
9.52814378510306E-05 0.0154783362569925 -0.707366677754728 0.456600218033087
0.000710119171669439 -0.00693628122369968 0.13076282237387 0.682963172465455
0.00818795033579024 -0.00973750516389767 0.464580647107702 0.184743051628879
0.00715290627201747 -0.00188179685198985 0.303604123527105 -0.180712371502679
-0.00498590834632325 0.00356172009397244 0.0268240061997593 -0.283177826126857
0.00461420378434668 0.0109775025632805 -0.0418281928104474 0.201163247884337
0.0155427853014791 0.0144796455895924 -0.209031172834766 0.0509884643896514
0.00827298927591972 0.00916241191200031 -0.317065200042872 -0.250401534485436
-0.0115938840527727 -0.00307756455890904 0.0723703422419918 -0.539478581215649
-0.0218961105361969 -0.00396681848462397 0.683689810971941 -0.203159195930931
-0.0108689853978419 -0.0102702952492483 0.547746685931753 0.472325419148581
-0.00447233620915467 0.00601283568599109 0.0115148034542695 0.505239170143883
0.000155924386858458 -0.00701615101470515 0.0438097196329893 0.0603672439287778
-0.00456354181433301 -0.0122148580139531 0.02824719993243 -0.434359676899165
-0.00753562448217074 0.00580415059986855 -0.651540344134908 -0.388316849196588
-0.00628883832128736 0.0184196366231876 -0.707353600577215 0.462389570936883
0.00601987850226908 0.00187659527159206 0.130839667413489 0.678655978574017
0.0228321816793856 -0.00473302328730269 0.466648521240828 0.179433924857192
0.0183587973488311 -0.00169149694823962 0.304038871483921 -0.177802739906456
-0.00108485056715165 0.001118915563831 0.0228768119963458 -0.277227663867186
0.00951183919065702 0.00906809057212979 -0.0472006309360713 0.206601243450912
0.0212807826681454 0.016494492809217 -0.209368414558906 0.0569310791760343
0.0159706218503452 0.0184099731496077 -0.321826692393257 -0.246336331944411
-0.0107398363243952 0.00649818600187811 0.0600028226225285 -0.545666091814854
-0.0263355746356732 -0.00389191193485042 0.675766240823313 -0.21467185910237
-0.0116529880513562 -0.0151732022168602 0.555179965652861 0.460934809737645
-0.00256012868089159 0.0046066932000819 0.0207124525653815 0.501095148663014
0.000509193878273464 -0.00769681561692918 0.0487555480853841 0.0571850317970221
-0.00276845190965527 -0.0151443304869235 0.0339505055204324 -0.438933973343663
-0.00981500051133107 -0.000612614731431475 -0.648439445050249 -0.399422034180331
-0.0118135289650139 0.0189140933557828 -0.721498346693917 0.453242012120787
0.0108001090143865 0.0102061051223294 0.113576954353225 0.678883060464818
0.0336501623657596 0.00300964220604284 0.461819540265031 0.184919396453772
0.0256410255560116 -0.0015548542670428 0.305524338936859 -0.168887612407106
0.00306972612576633 -0.00225556190488899 0.0186785092962968 -0.266933657381361
0.0142507571806249 0.00646897208040801 -0.0530568518865956 0.21257860086192
0.0252981558212443 0.0177229169415742 -0.213422761091081 0.0698270572426858
0.0209968575936701 0.0246379278381061 -0.331970164144358 -0.234179755646753
-0.00766179544008555 0.013288473182388 0.0289571768067052 -0.551035831674639
-0.0269343543933571 -0.00492462797651931 0.658361737135339 -0.246386529731758
-0.0120651744003906 -0.0183225855640232 0.572085932718801 0.432127802363198
-0.00248446543187398 0.00446750641529712 0.0377877808550394 0.491537599935657
-0.00106995785644075 -0.00546240076859748 0.0547971837810593 0.0532302393394879
-0.00188916659417862 -0.016239081494087 0.0466626579517202 -0.444657457803257
-0.00983407814825251 -0.00658018908273828 -0.637236427787283 -0.429010398412784
-0.012592373769311 0.0178410714724327 -0.747854700216957 0.422270945515659
0.0136966701573142 0.0159960843826891 0.0782131265965282 0.682209797525062
0.0390386493012466 0.00885653386382696 0.454127265258518 0.200737371115003
0.0296562482374829 -1.64255254150557E-05 0.307372892269471 -0.154855784375227
0.0074956204509525 -0.00490837586852467 0.0156555994676029 -0.258350429014243
-0.00695825075976465 0.0153667004171718 -0.0319983895933591 0.209669803036074
-0.0211813453732837 0.00102276971090981 -0.228752379154007 0.0823087642611272
-0.0365771931436654 -0.0152401126066734 -0.378200823986501 -0.184549146105525
-0.0138575856769207 -0.0302695127506234 -0.0510949561059565 -0.536850325726026
0.0120980303334762 -0.0106481193071884 0.613931640233345 -0.359711961317884
0.00345096512912143 0.0108024320914115 0.62522785169389 0.327439809905893
-0.0219697386953529 0.0267634219057112 0.0769367978263029 0.486935646098735
-0.0238829390518487 0.00553562164602555 0.0415087186670518 0.067578637256995
-0.0197269486960951 0.00681861521774102 0.0870263009882364 -0.442311715068548
0.00850789183176541 0.0215045791580671 -0.578297820153883 -0.540280922708196
0.0274822835257363 0.00149246759903495 -0.81102743707418 0.300971556299706
0.00110403301317672 -0.0290452597356713 -0.0102194783674099 0.715739667900657
-0.0323019629647862 -0.0253437892550211 0.421283020843776 0.273082811862187
-0.028634060153864 -0.00868415923475815 0.307153352550428 -0.142324382199671
-0.011429784591481 0.00274807440184339 0.0336624310121485 -0.281746384727061
-0.00796184260428337 0.0149073288304557 -0.0298594135600022 0.203110713007342
-0.0184560641507825 0.000984121644704613 -0.224448295730126 0.0685408697493148
-0.0309744147564305 -0.0182568053789162 -0.362840256242318 -0.204418200916319
-0.0132938590124597 -0.0310766869058839 -0.00937758331510241 -0.537709146804653
0.00749506209711089 -0.00824218638858058 0.644381819784243 -0.315435823399492
0.00132858039168651 0.0103909536247929 0.607973465825792 0.370932481449212
-0.0203598537337529 0.0240014857865525 0.0560646382708434 0.49927329589992
-0.0196219618081074 0.00343645262039289 0.0373089767351233 0.0684148303047597
-0.0168714380156564 0.00485528902164538 0.0666743311008567 -0.440184263323976
0.00788973638871587 0.022481798455715 -0.60450907575689 -0.49718997441989
0.0226147500891411 0.00361670240098996 -0.78194827762405 0.351363008597357
-0.00364801815840062 -0.0274327975977922 0.0402031927445824 0.712507302730321
-0.02815072771496 -0.0244879657240153 0.437215483912567 0.248381845190155
-0.0236272014454147 -0.00580351212718517 0.307772915587991 -0.158263596412534
-0.011594747360588 0.00447471430192757 0.034124763106977 -0.28640862339288
-0.00741854450050137 0.0148778252307846 -0.0297704552632578 0.199444688530791
-0.0101132694567825 0.00282603890496958 -0.219992587312373 0.0578446188060401
-0.0217976471224143 -0.0173455561613448 -0.344900765245511 -0.223963046436859
-0.0123490229798114 -0.0278355554785581 0.0267352239802054 -0.537634247862096
0.00143324062061798 -0.00504753449728128 0.66726058590891 -0.274540689508021
-0.0029901554595964 0.00810825067321054 0.587134289462806 0.41452993496052
-0.0171228621893299 0.0198144850526531 0.0350499604785648 0.506949537627484
-0.0132537961384132 -0.000698522376612989 0.0365223753283845 0.0684545994501158
-0.0139480005238788 0.00205142434243815 0.0477008210730231 -0.436682237699349
0.00520710361550218 0.0206858450762842 -0.625757425256616 -0.453353612972483
0.0154810143604735 0.00752714904218237 -0.749777123004947 0.400568390504166
-0.00408579561995951 -0.0234089870085429 0.0819312481474606 0.705393844293412
-0.0196441434618404 -0.0210507037879815 0.452344030240972 0.221484400590396
-0.0151242621973043 -0.00374760633740987 0.306483699649543 -0.171302513378126
-0.0106266014950312 0.00588999487415232 0.0331170040665032 -0.289799463106081
-0.00505744964328076 0.0143479333520531 -0.0318691620851686 0.197964538288776
-0.00220646081261067 0.00597760419618991 -0.215095383051784 0.0507914720669312
-0.011137206395524 -0.0106476553945917 -0.331469146254277 -0.238443217992001
-0.0124402171107506 -0.0215995885654967 0.0560460503715146 -0.538939671418257
-0.00644078413223555 -0.00372784991058794 0.685007745838594 -0.234751592386375
-0.00621344868841605 0.00282250323143892 0.567968140974506 0.447778770471588
-0.0120675410708801 0.0143874448776729 0.0194084469411296 0.509901925707288
-0.00837341382230453 -0.00283119059347978 0.0370781405225943 0.0672511625906672
-0.00979739065559122 -0.00175921699340805 0.0346027942478606 -0.433224902491288
0.00170106328384989 0.0173130062684855 -0.641199527503306 -0.416312462236445
0.00786615231788677 0.0114633121351787 -0.729461454769995 0.437594563019976
-0.00370954595853875 -0.015160903934842 0.116062604271854 0.694163159094377
-0.00646453474943414 -0.0161616758460425 0.46251417174023 0.200167951463076
-0.0035452856593666 -0.00272250521818111 0.305529558557252 -0.180620904105516
-0.00876621784870134 0.00545001569401693 0.0295941920753324 -0.289222383158865
-0.00035571341536167 0.012785435353288 -0.0352103821934508 0.199155283993741
0.00725751843679737 0.0101994620701772 -0.211333076271976 0.0475755865925678
-0.00144309022383608 -0.00194439948664076 -0.321549670068635 -0.246448623345726
-0.0119023666245561 -0.0125933319963745 0.0718797650533697 -0.540035453498637
-0.015027740319766 -0.00265207741403429 0.691927714112795 -0.211122872583607
-0.00859384955798109 -0.00330321953610145 0.556435706245953 0.468052728230845
-0.00785018239833054 0.0101337194301668 0.0116530267586822 0.510132686973408
-0.00278234909999448 -0.00594124537456954 0.0404912869684379 0.0642175268629682
-0.00733135078473157 -0.00699214838500024 0.028104311135153 -0.434969139072661
-0.00312464792217862 0.011446253119823 -0.652899689494053 -0.393771338126291
-0.0011795210775198 0.01509020902245 -0.713356178594584 0.460782821773292
0.00091530130252883 -0.00749165076478463 0.134044412318548 0.688431566219269
0.00836502790084829 -0.0105439607962339 0.467627921793599 0.184353874114133
0.00786305064570048 -0.00208799653009183 0.304885681524637 -0.183232145612972
-0.00529753563784823 0.0044476810784113 0.0264364318754732 -0.284647526789377
0.00422208981950857 0.0110360662058846 -0.0404143037085379 0.203414996063183
0.014703072653594 0.0139529446810971 -0.210964188934875 0.0497683874415455
0.00912963491784394 0.00883906439125048 -0.319608912345184 -0.250209295095675
-0.0120552099485763 -0.00328855603195188 0.0732051439283973 -0.542011200722221
-0.0228170027138626 -0.00316572911972621 0.68966576690736 -0.205944909800468
-0.010831238324746 -0.00988806463496951 0.551252524805175 0.474387781121733
-0.00547606083945621 0.00679610060396425 0.0130437034614554 0.508025037896887
0.000326444571224216 -0.00703044231053163 0.0443687173120972 0.0604309387283423
-0.00430467283390944 -0.011812878620748 0.0281293838044878 -0.437047578845435
-0.00709092441392768 0.00483302674990042 -0.657662068262319 -0.389207645494431
-0.00682822185660904 0.0188144975290245 -0.711357968519858 0.468556204087268
0.00620656793836254 0.00159990671156656 0.132317313024987 0.68331504530116
0.0223310881565419 -0.00424823438068276 0.470049175061635 0.178285724700079
0.0182186703191364 -0.00225017224375826 0.304463797132321 -0.17975703331547
-0.00121158041675481 0.000818632551897406 0.0216246940037358 -0.278348500393233
0.0092256680468485 0.00846706229465106 -0.046857356192067 0.208412885645615
0.0215612486508993 0.0170550167260581 -0.211547435742994 0.0587739391734812
0.0163568863054749 0.0181922497823904 -0.324220818087428 -0.247202915711913
-0.0104604000067162 0.00589185166717673 0.0577320177286248 -0.55013129225419
-0.0261741437030962 -0.00389705902011343 0.680553482795402 -0.217649979235797
-0.0120401635231688 -0.0149163762433105 0.560360583851574 0.460525433892555
-0.00264521718829553 0.00494773336699272 0.0214034766142434 0.501988692934679
-1.21868959717925E-05 -0.00720213583908646 0.0498856031431479 0.0573073154586433
-0.00253938582432813 -0.015189403865109 0.034225801307498 -0.442216639981382
-0.00918531467746634 -0.00100252230981741 -0.652760487139286 -0.401337228132107
-0.0105235010545282 0.0189971741766073 -0.726195103190837 0.458095379187737
0.0104374840690788 0.00939880939613951 0.114905311026785 0.684657296072535
0.0332749666492783 0.00225767857286493 0.466243029357346 0.184804160637808
0.0263881379430787 -0.00145187780203035 0.306689203236658 -0.171322962795386
0.00294469497517265 -0.00274143961002363 0.0170816738142206 -0.270922702136739
0.014064897637663 0.00632277632312357 -0.0519685873854618 0.214234139262826
0.0255873696724651 0.0175571106906536 -0.215277298493808 0.0692287546436564
0.0218924129981099 0.0247177769584566 -0.336266474015612 -0.235489748270056
-0.00784588639122915 0.0128431991058402 0.0291630124315677 -0.554672061606884
-0.0280855572368323 -0.00472867601072959 0.662136910427313 -0.248626087287932
-0.0119493918176895 -0.0185740832395658 0.575510451052033 0.433251618142321
-0.00203285461099762 0.00502780796184812 0.0401626724657265 0.495211214570947
-0.00158248902316761 -0.00572298261408984 0.0550080035565793 0.0545571351650588
-0.00224914055527111 -0.0171494883195908 0.0487070423411047 -0.448009801946227
-0.0104198443841429 -0.00679876215337199 -0.642148476817419 -0.431732070081537
-0.0124493471252517 0.018900871859891 -0.752884074993548 0.427186704231698
0.0139826052483135 0.0160640644335129 0.0813021557433243 0.687287458820541
0.0386447291880547 0.0100084517097074 0.456600640667188 0.199226244572851
0.0297152785351338 7.16844177610166E-05 0.308694647831075 -0.158182039126028
0.00761004922373618 -0.00546966514553496 0.0147587360005185 -0.260843004054054
-0.00658274638805135 0.0148063681068988 -0.0308176144400329 0.211500453642896
-0.0204959896698319 0.00094211961125481 -0.230613049108097 0.0835754819203471
-0.0370448358838999 -0.0151483702262916 -0.382218356919118 -0.184630175445908
-0.0141805006320608 -0.0301769642452084 -0.0540602454793045 -0.539374300852627
0.011727992152902 -0.0105757598062584 0.617287316111405 -0.365016684844505
0.00289815709963093 0.0109550094092738 0.629582505174678 0.327726926687163
-0.0215571406921563 0.02690859111717 0.0793742821683358 0.490685058523427
-0.0242364451215202 0.00636270266524117 0.042024060426427 0.0678375430834641
-0.0209148636277619 0.00744140608239194 0.086747746555667 -0.446426521156392
0.00840803731729031 0.0217824539930913 -0.584100174835054 -0.542921349380617
0.0282036287128245 0.00173026357462083 -0.814855744038935 0.306674860444496
0.00087670809988675 -0.0289573798666692 -0.00660279980302353 0.719889390966995
-0.033038984076258 -0.0257310594889168 0.425669194493685 0.273421191535439
-0.0287060831629225 -0.00795492982229487 0.309763874686018 -0.145034345271785
-0.011431617710943 0.00245839813496033 0.0324786871133647 -0.283665449803198
-0.00799565280490419 0.0156647988700141 -0.0289754459382067 0.205088949699245
-0.0174113384897301 0.00142221710528913 -0.225562914520712 0.0683293663010809
-0.0315776810085314 -0.0188285279334855 -0.366932678954623 -0.203927427002
-0.0134790522729363 -0.031556014664516 -0.0110619249580005 -0.541256330763672
0.00792941142490062 -0.00725093975628463 0.647207790674273 -0.320768168086084
0.00093457825288425 0.0100731690883606 0.610675845308711 0.370944804406134
-0.0196013099418093 0.0243260667562628 0.0572165218733094 0.500868698804412
-0.0190760383812403 0.00322759966724495 0.0373739648923314 0.0688434362563359
-0.0169179110857661 0.00472978339776804 0.0673093314794729 -0.442747283534923
0.0082495040399545 0.0233403489713113 -0.607976481287975 -0.497836417218006
0.0235794061188827 0.00351021164662309 -0.785758884394902 0.356467652371067
-0.00331081789615858 -0.0274574687595209 0.041965465815313 0.71812068745532
-0.0290957353660127 -0.0252572343031294 0.441217379322693 0.248653714994191
-0.0238112553155255 -0.00549755224078307 0.309256615964878 -0.161269707495073
-0.0124028939333281 0.00498395605081742 0.0326059076495703 -0.288217064029928
-0.00763924018251171 0.0148003537477333 -0.0289100554889016 0.20086227903025
-0.0114048984881488 0.0029146149901011 -0.221023556494737 0.0583271150668316
-0.0228897424686734 -0.0166626481522435 -0.349734357984159 -0.223565980404663
-0.0126116879413199 -0.0284798765079182 0.0257994051807416 -0.540075195528158
0.00116046419724769 -0.00503221697623026 0.67123366734806 -0.27887630874321
-0.00305644718067923 0.00728891836440162 0.591837313535566 0.415243343995284
-0.0168946967618611 0.0202753526520321 0.0357286827837376 0.507536138817088
-0.0130649650543995 0.000173485042999854 0.0372975759004578 0.0689091947986358
-0.0129747031084162 0.00239117067872897 0.0485841196556196 -0.439865317504571
0.0051571811732995 0.0209338381248235 -0.631443298213364 -0.453617966364238
0.0156903532377508 0.00735335857406314 -0.755438317347973 0.406122606876087
-0.00393711396502546 -0.0222663591952831 0.0872537212641203 0.708800996108168
-0.0193280842652018 -0.0206601637509436 0.456365411458895 0.220972226042346
-0.0151086963782448 -0.00376391146600724 0.307700458052081 -0.17421187404361
-0.0119700317357096 0.00582994510164325 0.0313259273023423 -0.292718591105051
-0.00435318198838668 0.0140881910022229 -0.0308367269606914 0.200205811386045
-0.00214617621336492 0.00655379558256982 -0.215112384952785 0.0502479321043246
-0.0118125645839614 -0.0108007855989424 -0.33502682452891 -0.23779533487682
-0.0124573090334165 -0.0218228715582476 0.0550712390023389 -0.540519285460535
-0.00763626954530634 -0.00422676553011584 0.688350867044159 -0.238921871793388
-0.00612340709683498 0.00287444607558512 0.573545326538571 0.448086375349508
-0.0122333851164837 0.0149731251957885 0.0209286322948982 0.513363602671541
-0.00761510534186795 -0.00305971016364377 0.0374283508668971 0.0667024575873016
-0.00948345741372993 -0.00270189919586222 0.0353826207022673 -0.4367078747072
0.00149165033754144 0.0173404704670761 -0.645800344019313 -0.417550220416478
0.007785982274238 0.011200174258872 -0.732317169684045 0.442707870217349
-0.00306145447237034 -0.0147648826731376 0.117793079118451 0.701433404579406
-0.00666733081207755 -0.0165831370359279 0.466267577437236 0.199619462439186
-0.00422967905753571 -0.00211716992141196 0.306578680062619 -0.183532963983611
-0.00919624696208986 0.00578531688705835 0.0287120092649203 -0.291392348501773
0.000374293798294043 0.0123920435663649 -0.0344073205145707 0.201428402086229
0.00665147078712757 0.0106947924505237 -0.213157018871095 0.0494476243993501
-0.000993346977971762 -0.00165252132940882 -0.325288321043976 -0.248494384974991
-0.011486654456088 -0.0133794161806127 0.0712600164459282 -0.543480568361754
-0.0157552520190626 -0.00326496868364023 0.696123323137177 -0.214753294107382
-0.00925848455748781 -0.00340818050991328 0.561230544907541 0.468884300871166
-0.00723385225985749 0.0106946888519655 0.0114851900157839 0.51314563175961
-0.0029567672180239 -0.00617085964091736 0.0406343964905062 0.0648762027696246
-0.0067057843587756 -0.00703673094624246 0.0262215692295502 -0.437950563807471
-0.0027069766974258 0.0117683615318204 -0.658294319551951 -0.394849631310336
-0.000493721656677236 0.0153743694218827 -0.716675464163783 0.469425616870153
0.000399118762226827 -0.00683059532914179 0.137855432493521 0.692559733516006
0.00824995782171296 -0.010113226885793 0.47179942543732 0.183306929567104
0.00802857270604136 -0.00145497905015156 0.305804182723124 -0.186605382869956
-0.00548312556947626 0.00403971593315258 0.0247251727982536 -0.288388048412867
0.00414955133746811 0.0113985746811044 -0.0399814187751131 0.205039737289522
0.0154441343391805 0.0140589226771192 -0.212620472468892 0.0524412591767379
0.00882622122122835 0.00938197641972733 -0.321108832363854 -0.24990967565758
-0.0113057029195624 -0.00257126690039902 0.0720313735641412 -0.546779460744294
-0.0225280881215046 -0.00367956774147566 0.694969588470076 -0.209196597755075
-0.0111140339664602 -0.00994281928422566 0.556211235719102 0.475517586995985
-0.00443897809240636 0.00848136702853571 0.0124028363381034 0.509367376099621
2.78134445932368E-06 -0.00768644645372614 0.0448696366748626 0.0612951821517751
-0.00460357496046407 -0.0119495839416505 0.0267716538933765 -0.438774195070302
-0.00700483275450659 0.00507557331741533 -0.662441329194401 -0.389492245025495
-0.00682152071079727 0.017518235565 -0.715280314095433 0.473977405971695
0.00639405958353518 0.00126649332855738 0.13688099841158 0.687937855967993
0.0220859658563661 -0.00411487385227568 0.47383392344304 0.178434741981888
0.0180152370961608 -0.00122596199099717 0.306517294332426 -0.184155560537303
-0.0017364989774032 0.000819772910253265 0.0196899036009999 -0.279996506392934
0.00972477652073311 0.00862015755321882 -0.0452331606874419 0.209766805461501
0.0221117416132684 0.0170416992916638 -0.213363679804067 0.0597966895510436
0.0162226091478998 0.017938138035229 -0.326180117211176 -0.245908799714889
-0.0105464408364778 0.0065389291991296 0.0579864561842257 -0.554110235114981
-0.0271335444074024 -0.00396691600733976 0.685132131442298 -0.222569101967564
-0.0126051645670367 -0.0153624665762792 0.563592568824668 0.460231148701819
-0.00209135542408979 0.00580591132058247 0.0219434668960456 0.505103203529801
0.000460510040016208 -0.00734308240002331 0.0501811634059084 0.056783569865102
-0.00396011009153373 -0.0158836988122415 0.0334676150659988 -0.444604351929521
-0.0094666323941374 -0.00134238141995585 -0.656923065397718 -0.400356322742745
-0.0103045063933424 0.019464426608097 -0.728576338201099 0.463541672004271
0.0106770771807247 0.00987312934784505 0.119629962032243 0.687520344850154
0.0329807645682285 0.00215716519649176 0.470910136937637 0.184136936557512
0.0260281289460411 -0.00158443941670289 0.3078649304926 -0.174781849330947
0.00364545697171064 -0.00203872064717375 0.0175855498125188 -0.273277714372347
0.0138629323611951 0.00646257176137952 -0.0509151453217458 0.216310464469667
0.0255277090199702 0.0170846770873216 -0.216031304027324 0.0715793475151561
0.0215676271887181 0.0246753112225968 -0.337804620399483 -0.235038453807218
-0.00718059667065911 0.012958450368729 0.0273937822580042 -0.559596596133377
-0.0274833733965383 -0.00505882676695091 0.665991010483679 -0.253544655788138
-0.0126915029679899 -0.0181034858216326 0.581668623026661 0.432379672783338
-0.00181139121327745 0.00559928973216131 0.0397610944723561 0.497023477843082
-0.0014011788734913 -0.00575845193379861 0.05572829916684 0.0546322318038613
-0.00334807682355496 -0.0168122334056125 0.047463355690782 -0.450373578751963
-0.0102709634209465 -0.00691114165272885 -0.647384990623347 -0.431368433587463
-0.0129664572805711 0.0177513641693957 -0.755049582243537 0.430816098525563
0.0147979239513959 0.016232457965083 0.0859661315666881 0.692210603892175
0.0387487804606837 0.00976120304484977 0.460480632007667 0.198699809970227
0.0299783902037236 -0.000835960731088508 0.310004840330292 -0.161905434325124
0.00772886803066815 -0.00518101725933904 0.0137387235001949 -0.264086652070511
-0.00659382408719548 0.0153800460555457 -0.0287195378946409 0.212855820837223
-0.0219650802301021 0.00120350643356448 -0.230002040899768 0.08450643435699
-0.0369539629599922 -0.0152437397574433 -0.38481206238553 -0.181967906625726
-0.0147315084273113 -0.0310884809479137 -0.0533964460226905 -0.541224376803907
0.0116015510801173 -0.00993268895813871 0.618621919395693 -0.369287562752174
0.00306452820089962 0.0100607388565985 0.633313556370821 0.326198767713708
-0.0218456195363661 0.027946854145854 0.0803754083987345 0.492347173289506
-0.0246108176126581 0.00680023686705898 0.0418093198879729 0.0684288480220819
-0.0205602466902281 0.00580343002690217 0.0852571668624096 -0.449309103266008
0.00843407283212697 0.0218414791621332 -0.589132957324694 -0.541988605672051
0.0282291123115076 0.0016549672019778 -0.819670420448029 0.313176613884318
7.58771339944755E-05 -0.0295864594564589 -0.00283693678659251 0.726011157994851
-0.0330821900767245 -0.0256531693193505 0.429004074164852 0.271541579155409
-0.0283084355516561 -0.0075533991704692 0.310535359023985 -0.147928171052834
-0.0115452273894316 0.0024778476805063 0.0309985150731377 -0.285946223533423
-0.00773046531959428 0.0155784809272521 -0.0271401128665081 0.206868100449078
-0.0185322227058071 0.00168412396225096 -0.226074697723633 0.0705697978522388
-0.0309574646611308 -0.0182229168290226 -0.370316395020645 -0.202297707104224
-0.0137286004827589 -0.0314893164037212 -0.0132788171144819 -0.544251408630833
0.00750592766748424 -0.00813433573443046 0.649784691197478 -0.326428103716276
0.000893303473002184 0.010477527104812 0.618508052098324 0.37015026360105
-0.0195870860817998 0.02429631903349 0.0576186729580834 0.503686828398925
-0.0193903959650426 0.00381736089141074 0.0382968898846176 0.0687482802378714
-0.0176377296689184 0.00563386149158488 0.0656558343106419 -0.443752308383268
0.00777156238741658 0.0231792965642297 -0.614040230983049 -0.49736351537207
0.0225619962199113 0.00370675245475997 -0.789865679877484 0.364353158711419
-0.00316271185062128 -0.0274342482547058 0.0453627665711759 0.724230616135971
-0.028841349510339 -0.0245756901775583 0.446090002030117 0.248002040009323
-0.0245170593615831 -0.00592319743132953 0.309951559879446 -0.163712124273361
-0.0117380232867985 0.00592915187480064 0.0309947075549882 -0.291149327858177
-0.00693075015645501 0.0155710045822419 -0.0266496754767412 0.202746149822384
-0.0106538690950209 0.00371305295057677 -0.221665047840912 0.059350579259075
-0.0229754232547463 -0.0173157948039091 -0.352058536659506 -0.222812915238971
-0.0128954117664107 -0.0297371208442976 0.0240576681901993 -0.543960309354448
0.000843821656565874 -0.00534886104794675 0.67573758496455 -0.283484049784751
-0.0026577947224928 0.00796640814693598 0.596432722730524 0.414398636117092
-0.0167276305591628 0.0207049296431458 0.0382695043143382 0.510936930440744
-0.0136687361497391 2.98439025740189E-05 0.0375743092847552 0.0679237829262121
-0.0134941155826155 0.00169236691916155 0.0485205652688264 -0.441046739710173
0.004895528051633 0.0208524646359032 -0.636598596708578 -0.454569403797486
0.0158545187084691 0.00716383660696746 -0.758699602438975 0.414148850571171
-0.00409394889689721 -0.0228021494344951 0.0909124100369963 0.714707356891828
-0.0202752670739404 -0.0207307883794746 0.460831047632709 0.218275666618183
-0.0147581279975907 -0.00311436346874022 0.307844515184016 -0.17770678860915
-0.0113074539759003 0.00643457614051576 0.0300350043954664 -0.294744249218305
-0.00478835227154478 0.0141953727674769 -0.0286226957740177 0.202147280067135
-0.00234660772680366 0.00629366031813777 -0.217756365526066 0.052970213136529
-0.012139359475761 -0.0109775286577659 -0.337945592098697 -0.236327539609663
-0.0127906359272306 -0.021606615221691 0.0526787702206607 -0.545137585932239
-0.00731248728557054 -0.00358664960688551 0.690908390802367 -0.243090650844839
-0.00677964980075378 0.00328227119792755 0.577606581386298 0.448057801938638
-0.0120365251057665 0.015095376541544 0.0217336856683999 0.514345926416963
-0.00682789910881473 -0.00342155195038906 0.0382699412719709 0.0667483453672445
-0.0105750154730205 -0.00244018202548296 0.0344170693004231 -0.439391724297839
0.000830226513168055 0.0164252370181318 -0.651136663160559 -0.418248033461533
0.00742925834324881 0.0118044951671943 -0.734932309351623 0.44967932516521
-0.00395488954756219 -0.0141354174249844 0.123297625740483 0.705793474843983
-0.00612182880985995 -0.0165121779378854 0.471520162742233 0.198250108718798
-0.00418193672306504 -0.00141955893302738 0.307712923802146 -0.18621730283933
-0.00876898781901008 0.00609347732381436 0.0263915858715882 -0.293497847576111
0.000299793638645196 0.012305453748116 -0.0321201992453383 0.202813572873096
0.0075523857686615 0.0103019617897377 -0.213700723442081 0.0502393608502703
-0.000309681117596472 -0.0021279215446648 -0.328424106494575 -0.246973866756794
-0.012453751432534 -0.0127767159982917 0.0700590830602689 -0.546893650306797
-0.0162153916541125 -0.00300754602905482 0.698708423038576 -0.21771201044304
-0.00942021281346557 -0.00437095550300911 0.566359654311879 0.470755854114381
-0.00781955302731844 0.010847264145105 0.0137160895128698 0.516250956803707
-0.00296349111581793 -0.00594310580848595 0.0420168165195433 0.0633634943859401
-0.0068129783224425 -0.00741145601008476 0.0257764253330266 -0.441042139499962
-0.00316250044640247 0.0119138040823399 -0.663969567722469 -0.394489973196042
0.00056670060541646 0.0151288439662637 -0.720244706154873 0.472825791822375
0.00122318261653881 -0.00669406517440518 0.142152844397215 0.697716397305612
0.00807586431867226 -0.0108572219487871 0.477108716386608 0.18166889332964
0.00854012124196392 -0.00170201665413536 0.306447319805543 -0.190973464882932
-0.00583062412449106 0.00395325680785232 0.0230095115587126 -0.289302427771255
0.00494501915464734 0.011093040417657 -0.0393110288551054 0.206402054216351
0.015251265351054 0.0139584789646324 -0.212766466040258 0.0527131325041912
0.00857730522964511 0.00921591381215608 -0.324838739956495 -0.250406088213488
-0.0115129273226934 -0.00250956514075621 0.0694624967983762 -0.549842602308726
-0.0227461499911137 -0.00331539523491955 0.696804254907522 -0.214138973813889
-0.010763291068307 -0.010715306291912 0.560930337495719 0.475955701921961
-0.00383458420465789 0.00758013095840293 0.0140919872585145 0.512800259466564
-0.000543583197606305 -0.00690953589031346 0.046352258912312 0.0603931849981042
-0.00435969272432753 -0.0124370576874532 0.0275671695984384 -0.44361202878029
-0.00700070374572013 0.00554998577036505 -0.668664019620477 -0.389700794841886
-0.00602975052347765 0.0185793424151822 -0.716725696249848 0.480932372387516
0.00601573175899094 0.0027034445100381 0.141366433561621 0.694026595138832
0.0229778288031317 -0.00464199759527542 0.47801903459705 0.17600392377179
0.0182264320456077 -0.00204213358062679 0.307315068304043 -0.187544751909034
-0.00201570997467884 0.000517950401840201 0.0190140391079227 -0.28276594313301
0.0094053642514782 0.00875747882967916 -0.0440467859831425 0.211831637585168
0.0218334758346093 0.0169281563717889 -0.214674751138584 0.0609478075797834
0.0170612346638558 0.0184235898334775 -0.32945775681869 -0.244834288511023
-0.0103005848557969 0.00623072337903847 0.0566106385355019 -0.558465111786832
-0.0273362155852815 -0.00431864584826109 0.687419785404553 -0.22556152844805
-0.0126615402398728 -0.0157151114245218 0.570516816013747 0.460720175137639
-0.00110405145548634 0.00606728510600028 0.0228335453998977 0.508050723932436
0.00030064657318334 -0.00726184149264002 0.0510875804502297 0.05583911165605
-0.00371303439883859 -0.0162948523227828 0.0329550818219555 -0.446714442026255
-0.0101702603725557 -0.00115878521286169 -0.665078144251638 -0.400717445342039
-0.0111848835921609 0.019879779399519 -0.731206968483507 0.469301273501809
0.011142461893172 0.00957779345300572 0.123851594080418 0.69325655527368
0.033022112391541 0.00166988420074499 0.473337962078344 0.180255805765605
0.0264692401628736 -0.00193220492489868 0.308416243927811 -0.179817777088126
0.00249900555243367 -0.00221720457446965 0.0152077818820498 -0.273817087957873
0.0140571501424793 0.00634893471369868 -0.0492240541485428 0.218211755387497
0.0257950094690721 0.0177654121474131 -0.218475497007344 0.0722038984710737
0.0221780110302941 0.0255120703120215 -0.34175313994773 -0.234195224482061
-0.00742679732481072 0.0127317187408824 0.0242528010013035 -0.562924702444791
-0.0282328322269688 -0.00471938059758102 0.668168316939341 -0.258005461703829
-0.0128718664229191 -0.01898126384057 0.585099364689028 0.432899698123236
-0.00100416331516382 0.00585382845844054 0.0414591520005329 0.499401302613194
-0.00115063864753376 -0.00574367455594856 0.0560801826273544 0.0540370032221226
-0.00220864723101913 -0.0174195412185759 0.0468623465505522 -0.45285936491948
-0.0103830195692971 -0.00698908924027917 -0.654371969438654 -0.432054602595427
-0.0124505936856847 0.0185422462391503 -0.75868552980667 0.439882601911982
0.0151871837083309 0.0168098167306489 0.0891843219989265 0.696775118488717
0.0395581582326482 0.00890669531162852 0.464683966188469 0.198445527225954
0.0307666251601141 -0.000897184339382443 0.310541771361249 -0.164816489620989
0.00731705083562741 -0.005278891280057 0.0119051350053475 -0.265543789596932
-0.00648253235951754 0.0149003626169703 -0.0268677174697803 0.215309178027821
-0.0217455864477329 0.00222646568140785 -0.230611086851623 0.0864544226323772
-0.0374006401645876 -0.0152777914274548 -0.388809142852195 -0.179226227783545
-0.0153034214979119 -0.0311168495117984 -0.0577267074793039 -0.543288707220071
0.0112687241677641 -0.0111124468551233 0.620337009034811 -0.374366944988699
0.0033538514407021 0.00984324921762207 0.636390350866157 0.323088920901481
-0.0206418384984328 0.0281064199358395 0.0817705615107473 0.493709076879888
-0.0242343120475282 0.00577625088201793 0.0433652291011629 0.06863237837238
-0.0212247952924669 0.00695361354833665 0.0843890558273902 -0.452357922924471
0.0088678891029137 0.0226381501232775 -0.595344973193819 -0.542341955050701
0.02914120989887 0.000757077623384508 -0.823377034041347 0.320290001478363
0.000836029183920452 -0.0292178021839231 0.000568390131879674 0.729958606534208
-0.0341670971040252 -0.025984002567213 0.433996603627246 0.272098864586846
-0.0297257195506871 -0.00762156470319518 0.310721657910047 -0.152682637360403
-0.0114998215835248 0.00203522824987658 0.0290541386732517 -0.288531724730466
-0.00820338607799973 0.0159009471284346 -0.0245178307225456 0.208165445831988
-0.017806879012653 0.00152947735331644 -0.228056359467889 0.0725304585160905
-0.0318737300435071 -0.0188439654667304 -0.372317845225224 -0.200579579594883
-0.0135089298569069 -0.031545276177268 -0.0159368216260144 -0.547606245761203
0.00784213486664277 -0.0079668882446435 0.650772793763164 -0.331117189353899
0.000240164047457726 0.0102172594758868 0.621973442056499 0.368881057492973
-0.0192357764145767 0.0258394591311589 0.0605723024592276 0.505386162402609
-0.0191826388225301 0.00325824465697471 0.0392314627078881 0.0687646014410315
-0.0181635632132425 0.00569700824944846 0.0647826243845173 -0.448102901711623
0.00758679386158162 0.0225165687852834 -0.620129178181727 -0.497534637492011
0.0235639600441609 0.00304411745850145 -0.793075463530783 0.371040663219407
-0.00383446506509303 -0.0276579767522485 0.0513665518016364 0.725922473249673
-0.0302210518414131 -0.0243960282596727 0.449926454933329 0.245522327630315
-0.023985457243634 -0.00580519304195172 0.309134047039566 -0.167969944312774
-0.0132573489878888 0.00377561561155737 0.0293341075762958 -0.294289505663029
-0.00727253274287929 0.0151323176751789 -0.0252844229543443 0.20457982542729
-0.0108387388744622 0.00343618983675755 -0.223335961353285 0.0608148456279678
-0.0228026261370455 -0.0163767527232831 -0.356322906378703 -0.220799172969766
-0.0126880871264706 -0.0294609330504322 0.0231940655904351 -0.546907192891686
0.000762926168047361 -0.00524871813241365 0.676405842109962 -0.288191914988606
-0.00340287568924913 0.00802159240612625 0.600272560300841 0.414386540586812
-0.0165427494785847 0.0211310708581315 0.0390599542382328 0.512128022105224
-0.0131479418362904 0.00066710066658206 0.0380587760670577 0.0688624333553392
-0.0143480328692846 0.00236000531051614 0.0468793511734546 -0.445763260510598
0.00521850586346714 0.0209755472059296 -0.641840193611931 -0.452332857200171
0.0159422569411613 0.00653339274049378 -0.761292745246242 0.418643289378909
-0.00503416489258137 -0.022422796437276 0.0963741587232533 0.717668869915588
-0.0205571535740578 -0.0209353823262225 0.462974561631138 0.220523691608221
-0.0160516400532144 -0.00428756284060841 0.308229453654079 -0.18168942592701
-0.0126871399842439 0.00501151331523939 0.0285296980254033 -0.29702406447329
-0.00432818351975803 0.0143829987069209 -0.0276652823058711 0.20370928599302
0.00239036773458459 0.00416585826097493 -0.218826248919486 0.0537967605921093
-0.0113120218978027 -0.0108559045722849 -0.342322657556035 -0.235642654137767
-0.0126259040804911 -0.0225161327628597 0.0507854408911037 -0.548809709499754
-0.00747178544609038 -0.00446679579855815 0.694136248125255 -0.247076320725263
-0.00740553919031582 0.00239309487701439 0.582913433062781 0.44670878151817
-0.0114910813120457 0.0161612391671972 0.0247529785366618 0.516969404924395
-0.00723653182614828 -0.00298324966311874 0.0391800292248343 0.0670027737274018
-0.00944791294793695 -0.00179202371452205 0.033543436936791 -0.443150308065033
0.0011835942866931 0.0167255901273838 -0.65702474681407 -0.415867630177272
0.00799790672845148 0.0109644182823073 -0.735273835846105 0.457520768377492
-0.00301286014246317 -0.0154868117666079 0.12840696060898 0.708817752458298
-0.00756819357730263 -0.0158503334181598 0.473376039887526 0.196246879430544
-0.00439826064561116 -0.00212047365656017 0.308022783229321 -0.191058413896232
-0.0097453683454232 0.00585372215920777 0.0242833010957755 -0.295895881899314
-0.00018603413151458 0.0126784948613851 -0.0305413496486715 0.204455319359066
0.00711484736908474 0.0106756674886403 -0.215229703912815 0.0514089171748194
-0.000351631839985759 -0.00153434821854582 -0.332441528423082 -0.24539737678567
-0.0120432480183396 -0.013053306609788 0.0671159502945223 -0.550834608884858
-0.0161633534053017 -0.0034404271088503 0.702802730922128 -0.22463487492854
-0.00997509787100575 -0.0048102209049029 0.572636182412836 0.470593962903536
-0.00749452122368071 0.0118064832402173 0.0149550393733079 0.518552449714403
-0.00288939237169126 -0.00541428155262712 0.04123602700437 0.0641548898374183
-0.0078104067292405 -0.0082273239219494 0.0247768179652788 -0.443044478703075
-0.00357825313824911 0.0110033443378473 -0.669380131276864 -0.392481546031751
0.00061023454639063 0.0156375555814408 -0.719692810500071 0.48324239473929
0.000215302410292372 -0.00650009711347337 0.148197750172018 0.699704121751915
0.0081854330859848 -0.0112485437880138 0.480911685284516 0.17989384153564
0.00783385061579021 -0.00218446931497571 0.307178238867548 -0.194775589372435
-0.00596391197146379 0.00350296836185496 0.0207548087327741 -0.29158055056565
0.00520882204123133 0.0108718700173176 -0.0361021765915042 0.207422070948199
0.0151702274674039 0.0149937511675082 -0.214091719365113 0.0544590419888349
0.00953497000833834 0.0097758452625002 -0.328713314058744 -0.24815918884456
-0.0123053856492553 -0.00340948450804788 0.0680983298103101 -0.553722423010019
-0.023023794460904 -0.00304918140701491 0.701179220991876 -0.219535802143478
-0.0114351524313282 -0.0105574642515048 0.567280551311084 0.475688225001331
-0.00337281597821929 0.00825096097962564 0.0152036453275431 0.514146475850722
0.000268356750620924 -0.00734510098978134 0.0465084298608999 0.0601747692492786
-0.00505652399614031 -0.0130773428203084 0.0255352466547857 -0.445757797770968
-0.00769206989775714 0.00489929009641865 -0.672755449563742 -0.388603551102505
-0.00564541298527593 0.0186198857261307 -0.716840972161563 0.489663213962276
0.00627990978953015 0.00207267454285716 0.147077771745033 0.694928111971733
0.0225595609347376 -0.0052246197650573 0.482714742229529 0.175805841435891
0.0189280094767873 -0.00185720232505833 0.307454497972949 -0.19102732154023
-0.000605472168731738 0.000910537301684756 0.0168792873926717 -0.285341467141398
0.00978743135244715 0.00865918747289985 -0.0422623863521796 0.214090358786988
0.0222877015244519 0.0177437223743361 -0.215886798378583 0.0624269953279313
0.0169153662206897 0.0187349380379429 -0.33314613239805 -0.244199547293241
-0.0105356339870141 0.00572588502346815 0.0545162157341805 -0.561025916003406
-0.0275324741267312 -0.0042632167019869 0.690242165860781 -0.231348273948865
-0.0126917759496689 -0.0156355381646614 0.573612506041341 0.462061653016545
-0.00102413576177032 0.00663116829246242 0.0240662139132342 0.510787033399734
0.000464508953820157 -0.00750820298528107 0.0520733688437094 0.0563576312338798
-0.00418149913363889 -0.0155188696179651 0.0324103678923218 -0.450167215299599
-0.00974979443613318 -0.00103785738345044 -0.668479658077379 -0.399638682761015
-0.00992629320631705 0.0193527104257808 -0.734698953970177 0.477548818925573
0.0116353031406223 0.00979209368393267 0.128076759329025 0.695975540466279
0.0335355079504608 0.00224792300434005 0.476260739858642 0.179431044572166
0.0259400405536935 -0.00211651997831735 0.309354544929984 -0.182131096340064
0.00231660450124401 -0.00237189921564645 0.0131124354076389 -0.276727655933089
0.0144452569554306 0.00665435887926962 -0.0473622092406018 0.219882370427503
0.0258621090879028 0.0178869544269101 -0.219022838004347 0.0733551626826816
0.0221989276152537 0.0248308678962851 -0.344835727402771 -0.232169430251061
-0.00738637962989193 0.012621663565697 0.0214964326274369 -0.566634375694919
-0.0284450254226858 -0.00446115350344492 0.672038303431719 -0.263135391308165
-0.0136620611055113 -0.0191022435040671 0.589062117016323 0.431854093852996
-0.00102939067563993 0.00599217741171371 0.0441438913269152 0.500548812926094
-0.0017674809159962 -0.00488691003440079 0.0570562608529796 0.0546919441701267
-0.00306797182843057 -0.0166601962653205 0.0461461784873252 -0.456088286041964
-0.0108887753551274 -0.00695602469119519 -0.658831147663119 -0.429385807962265
-0.0124043532300055 0.0190981307940237 -0.759876516649229 0.447577194667505
0.0148262599061543 0.0169382229001886 0.0938277642784148 0.701085900366314
0.0394633411576219 0.00871315743463512 0.469575906128161 0.19616981748648
0.0303279392756102 -0.0012380166007738 0.311692471967618 -0.168349168514402
0.00756924229017159 -0.00579029867548493 0.0107345367916489 -0.267492010898941
-0.0063540385252593 0.0155296243149886 -0.0239079961626026 0.216400069314348
-0.0217352887328451 0.00141476269264341 -0.231636095458199 0.0883707854397197
-0.037343337588065 -0.0151010201260016 -0.391526141270942 -0.177152749725233
-0.0155911030442549 -0.0314188108043142 -0.0604048406247907 -0.546351611858032
0.0112523502136104 -0.0109889038550971 0.62009590790409 -0.381956610884319
0.00328422316425549 0.00958796817009122 0.643547700580125 0.321423772163469
-0.0206500178003516 0.0290331755709812 0.0848275097373316 0.495454223595819
-0.0246596602287003 0.00693839818469544 0.0435021471849801 0.0675965947170166
-0.0208885144670382 0.00624775723905735 0.0835845630778114 -0.455421254085911
0.00913290734006721 0.0218814271282526 -0.601488801256678 -0.541525907278818
0.0290282025975006 0.000486691035391394 -0.826357804798581 0.326895606117184
0.000334210614012143 -0.0296382565106029 0.00544090357554182 0.734586210513498
-0.0350841847385707 -0.0256257382057376 0.436441871887726 0.269276355441254
-0.0298921366517545 -0.00752791399582773 0.311555817501862 -0.154882433067024
-0.0122160100804389 0.00144128198377395 0.0263202929491497 -0.290738778135045
-0.00764294166687298 0.0159435521982296 -0.0230537129652411 0.209496277893122
-0.0186224864379567 0.00240913232096914 -0.229294018861344 0.0734957209777087
-0.031891833411487 -0.0175324643337824 -0.376311487049565 -0.198585451512984
-0.0146124556947952 -0.0325113287986038 -0.0186682394785296 -0.548729880167785
0.0074923844309922 -0.00837776027176026 0.652567178771275 -0.338161313739074
-0.000261636724102055 0.0101081443559356 0.626543844007149 0.365622113094402
-0.0188749862377236 0.0265267558584878 0.0630390947843639 0.505768661596193
-0.0196194745329757 0.00384437943544785 0.0406831440664166 0.0679016557061034
-0.0181990764715195 0.00522321487414548 0.061039113151959 -0.449483963771344
0.00825368629229243 0.0225334044098943 -0.625825647018401 -0.495289518952687
0.0235918515937323 0.00340819985076708 -0.791992239133612 0.378265541435763
-0.00324691473373611 -0.0275301975370644 0.0570457464506435 0.728254044659152
-0.0309394354369445 -0.024217143922678 0.453547465274554 0.24187528753415
-0.0239658285821951 -0.00509372838328624 0.310221977637819 -0.170828148273481
-0.0131911111875603 0.00471426155056428 0.0267540357326086 -0.296784998405827
-0.0069261754896181 0.0151030430024597 -0.0231208974215445 0.206229857714518
-0.0117732359541179 0.0038351390706501 -0.223510657085618 0.0616965381874591
-0.0228899408935146 -0.0164472015183898 -0.359630034470349 -0.21910445607471
-0.0130918909177874 -0.0287118763705525 0.0181604156323874 -0.548936865615886
0.00137535506758706 -0.00520701922523763 0.678877622727085 -0.293840867460756
-0.00405301449211485 0.00779987824789766 0.606401352014524 0.40990123926157
-0.0161818922451341 0.0221149054844475 0.0422455663324958 0.514997095389841
-0.013300312310346 -0.00013392214149616 0.0390370605657971 0.0679055627326149
-0.0143360374903335 0.00202106271905934 0.0436548481326795 -0.448685811536557
0.00555657676647716 0.0204509140503598 -0.647405676146482 -0.451592732004276
0.0162710952669261 0.00716959596390718 -0.761646920829349 0.427613698110062
-0.00512964831959891 -0.0228803063410199 0.100300200294804 0.721107530811675
-0.0213928319452483 -0.0213217107484414 0.468641409814694 0.2154371773242
-0.015465645228348 -0.00336019838919612 0.309220580466016 -0.185303420641439
-0.0126155012979837 0.00563782152473931 0.0257451622731245 -0.299124175624945
-0.00407595788011647 0.0147936364163296 -0.024142253141706 0.205132188330212
-0.00200887433674163 0.00613241973165765 -0.218893209645521 0.0552433953590749
-0.012167415481167 -0.0108317163716389 -0.34518554001133 -0.233284505743051
-0.0129359121208021 -0.0230873592957576 0.0494849681165537 -0.550281568764963
-0.00758146969474027 -0.00355273551840924 0.693929156587715 -0.254517933782143
-0.00684523292810519 0.00263473362461603 0.587526752979947 0.445464657492218
-0.0115345529964758 0.0174972195385798 0.0257219220412777 0.519306744225641
-0.00746663163751469 -0.00265390747863942 0.0397780959728838 0.0673349220495628
-0.011022361261807 -0.00319143411859565 0.0312110146615363 -0.444283379324512
0.0019742760891666 0.0172391967899369 -0.663268914956037 -0.413176725077229
0.0082938577045719 0.0107819866223011 -0.736010812059433 0.464825588213696
-0.00360118163771563 -0.0146703184678927 0.133736313608985 0.713463029568782
-0.00815319244813575 -0.0158479068670639 0.478355630293417 0.19314633161445
-0.0032771943067105 -0.00252536782613475 0.307255674607832 -0.194396276776405
-0.0101783517435655 0.00546460533667601 0.0219783905356729 -0.298651424376711
5.14838632620866E-05 0.013300252173994 -0.0288157021245833 0.205883550347115
0.00665183225858594 0.0106610275809591 -0.215978591142267 0.0528090735407085
-0.000580085853899641 -0.00156249750737942 -0.334986205349929 -0.244026765489473
-0.0126919405272166 -0.0134005354918212 0.0646982134653607 -0.553899302858162
-0.0160519041496825 -0.00287067126666168 0.704336204679144 -0.228996513904003
-0.0100454307755029 -0.00426195019854897 0.576830376072093 0.467856418469564
-0.00710054044305211 0.0118924827230937 0.0177259259979551 0.519995616061388
-0.00327303121681393 -0.00584618246840508 0.0426826433456271 0.0638136501215153
-0.00744340085942354 -0.00773974207911215 0.0231765280640653 -0.445729825127211
-0.00314856819925361 0.0114032039173804 -0.675685572896742 -0.39137038606531
0.0010832434778712 0.0150796541134709 -0.719852610769934 0.490172702402808
0.00105583262595736 -0.00637172240526148 0.15473221975836 0.704064322327945
0.00743249972125153 -0.0112102272873264 0.48563488575012 0.177622722107993
0.00796422675992424 -0.00260484047455262 0.306457055044325 -0.197562404792295
-0.00694433911572447 0.00359776085128809 0.0189833374010863 -0.293816259126024
0.00510906965477529 0.0107029437082597 -0.0346915511048399 0.209933305671995
0.0155503096084781 0.0137550131777634 -0.214814573102772 0.0560559661622347
0.00967404644420987 0.00917430828148962 -0.331873954496105 -0.247088651311507
-0.0124963225129758 -0.00301591305240227 0.0653225942435219 -0.5577034016341
-0.0235486191921734 -0.00289495474778339 0.701068344871469 -0.224958470881808
-0.0121920009259504 -0.0105679575229671 0.57235090657398 0.473003987435526
-0.00289605950233205 0.00844248128149689 0.0173663257961108 0.517057128800256
0.000312085273531964 -0.00703988814767435 0.0469243974040488 0.0597819165586651
-0.00583768045508238 -0.0132665868146475 0.0243509636841736 -0.449167366413233
-0.00761239275358346 0.00504615028528397 -0.679874160127118 -0.385658575956926
-0.00536375829537698 0.0183765720787532 -0.718891539142489 0.497906694142091
0.0060400407452758 0.00210975153170196 0.15281909656213 0.698495384774607
0.0220872615389316 -0.00481750562532122 0.485697892799952 0.171647738744228
0.0182428459955228 -0.00236430354692275 0.308050985545688 -0.194187158169093
-0.00245177206374416 0.000623609461672645 0.0151878267468168 -0.287291390709331
0.00977927785353568 0.00839379081548931 -0.0394541011263208 0.215220083347848
0.022367810174038 0.0168822227756528 -0.216423778376916 0.0637554145321789
0.0166798919079795 0.0179254497243837 -0.336106645315587 -0.243671939492567
-0.0103149368013926 0.0058099172701679 0.0495340683435623 -0.564964447858844
-0.0280910541935332 -0.00336725633863594 0.69203442649405 -0.23699274746643
-0.0134580316221495 -0.015612036569516 0.578966430290472 0.458780992725763
7.05364698756067E-06 0.00655242757095608 0.0276068025106339 0.509974930942246
0.000169353275799407 -0.00695495489549844 0.0520421837431614 0.0568999522337458
-0.00374309785747939 -0.016486586763982 0.0296093714151059 -0.453739273302303
-0.00994940112602353 -0.00112109598859031 -0.674418772953426 -0.397414494724837
-0.0102518701516691 0.0198029240677395 -0.732588898085302 0.48528670041813
0.0117625394149437 0.0105228468720342 0.13382068382583 0.699376443723682
0.0337342138463664 0.00179574458319088 0.481569213573396 0.176631557248607
0.0270689840136781 -0.0019872997026686 0.308328238141349 -0.18654633663914
0.00309305043581318 -0.00265651080167007 0.0116090426574582 -0.27831905697387
0.0145309980799402 0.00590890122523628 -0.0460643452006251 0.221709706157127
0.0261716261122575 0.018144697210918 -0.219958515881897 0.0753619845695536
0.0227815563051487 0.0246026710903057 -0.348276324003495 -0.230824169229796
-0.00767873707728339 0.0128132688736177 0.0194360375076935 -0.568512982588967
-0.0288570447522044 -0.00412936604595384 0.673056867201866 -0.269545161984277
-0.0139391597174563 -0.0190522392146017 0.59717172526219 0.428944011976985
-0.000746985125615165 0.00693451643931201 0.0450332840441559 0.503539935481022
-0.000917510384633005 -0.00461857719031819 0.0571803364176116 0.0535074841107527
-0.00334501586337889 -0.017209934876943 0.0444922007929434 -0.458491034693102
-0.0110638035356626 -0.0070584482128124 -0.663538187293489 -0.428071164281212
-0.0122206559432555 0.0182363603559585 -0.761796247766928 0.455960883935404
0.0150039716118457 0.0162935865031606 0.0996499709468991 0.70398473642216
0.039485206188348 0.00824097632185023 0.472563290958421 0.19427311904332
0.030969989282497 -0.00150498582676614 0.31140403633802 -0.171735857640636
0.00725885966648367 -0.00594563816002433 0.00816740230322509 -0.268956106484391
-0.00591379365155597 0.0155278749931455 -0.0227783375308398 0.217456977553496
-0.0217168024700796 0.00242261289689277 -0.232628159177113 0.0889200587576555
-0.0382574189966661 -0.0144881289070686 -0.394736483283094 -0.173878147225225
-0.0151423664583336 -0.0305625895114142 -0.0659593903872164 -0.54660522109135
0.0108354029575056 -0.0108933778630545 0.61925257225086 -0.38700060982606
0.00259670512946708 0.00954150156347884 0.646287409419786 0.316807499660843
-0.0211379082604205 0.0299188481345652 0.0881428280108486 0.495818244951241
-0.0243766709627586 0.00778440296604008 0.0444668940262622 0.0672303316233765
-0.0221007805440975 0.0070443269942441 0.0807169788041355 -0.45853900040748
0.00903703848667696 0.0220347793104966 -0.605851023987954 -0.539007803163802
0.0301230801198571 0.000414061840717462 -0.826455100667393 0.332803453397828
-0.000225916584793212 -0.0294677646856861 0.0120500837107533 0.737197173389626
-0.0350572715461066 -0.0254112082740892 0.442332546500643 0.267556475475103
-0.0294638031527511 -0.00710044450242315 0.310316547727779 -0.158257089596221
-0.0122921897916588 0.0023648248465915 0.0233932601548709 -0.291953613308848
-0.00769534350030431 0.0156197637901637 -0.0201082630920606 0.210822522347358
-0.0179506526599595 0.00245376992940865 -0.229217258413189 0.0751227808779953
-0.0322357950436041 -0.0170943738049296 -0.378848417813511 -0.195593159213775
-0.0149639012894533 -0.032725402012747 -0.0233377892610594 -0.54977207328931
0.00755641117689948 -0.0080284509132017 0.651118299367371 -0.344581916175821
0.000195211446246707 0.0100488443734076 0.629696993627506 0.361441309433939
-0.0187263916178638 0.0263903580413199 0.0660341617546981 0.506259427494052
-0.0187549996340453 0.00421790243764595 0.0409780329017706 0.0690739124387887
-0.018109781991455 0.00553475666124405 0.0598118526740653 -0.451276691473819
0.00852503819240286 0.0222470187813011 -0.631196572804151 -0.493568747547556
0.0237715519180281 0.0030904517352821 -0.794037591684373 0.386810978904058
-0.00306041115316689 -0.028202386385664 0.0619262261578671 0.733244656759446
-0.0324189382863939 -0.0245655439345768 0.457768393791291 0.240543734224928
-0.024743362977469 -0.00528155816407076 0.308986756659548 -0.175055554536899
-0.0129741428730812 0.0047639263843566 0.0242026359683353 -0.297335812099672
-0.0067448255920887 0.0157125004969298 -0.0214205437257556 0.206917133313541
-0.010875369928906 0.00352601001943493 -0.223759841269607 0.0633676951199693
-0.0231145553602991 -0.0165923399518419 -0.36206704929548 -0.215958228827788
-0.0143305640478342 -0.0300738468497472 0.0163237120162233 -0.551970706467417
0.000684038670038313 -0.00573097867992717 0.680034052002389 -0.300029203368603
-0.00372952793839796 0.00733785911694301 0.610499857036327 0.408579015356665
-0.0152096250850875 0.0225241796847027 0.0430176111521902 0.513659374870939
-0.0130351891217689 0.00189453418431105 0.0399881900393115 0.0675751746098858
-0.0142079394363627 0.00197525984117234 0.0415926593044216 -0.449296564657927
0.00543898655120222 0.0203931783637903 -0.652880414797403 -0.449200163923414
0.0160884368315552 0.00723859093703007 -0.761812181477526 0.435455488366425
-0.00616773532695355 -0.0220644076044588 0.109004662515025 0.72168128732382
-0.0208860311686122 -0.020946215267928 0.472313451548324 0.210928852808993
-0.0155206429785267 -0.00310120046542459 0.306633107127962 -0.188447190962842
-0.0118476829456155 0.00524330300285972 0.0238445202111295 -0.300378096787242
-0.00307271621473099 0.0140202015362473 -0.0231038787055113 0.205143018769832
-0.00216235380217752 0.00653501461625653 -0.220201839369062 0.0565603551549342
-0.0122649315064682 -0.0117377979179342 -0.348210684543405 -0.231692602528704
-0.0133103167264098 -0.0222926687545495 0.0439291474954236 -0.554310406263332
-0.00855017388754591 -0.00335804805761592 0.695548128632614 -0.261199948481676
-0.00736351158426844 0.0019115049867543 0.592501438469119 0.443151119731994
-0.0110340430991008 0.01633499016398 0.0296686062536522 0.520158948553383
-0.00746236260976627 -0.00301951816200923 0.0401751153709467 0.0664908851520787
-0.0108522472397568 -0.00319848543039696 0.0290128770659127 -0.44667667166936
0.00122247547255105 0.0165580690097246 -0.668069266680661 -0.409709768787907
0.00842879418830072 0.0118638755132694 -0.73677202834566 0.47231925398399
-0.00351610604697406 -0.0151332374281129 0.139896048459276 0.713346878239525
-0.00816957878784624 -0.016054808661394 0.483445437458048 0.190114433655087
-0.00426251296115413 -0.00212800406528384 0.306649435859614 -0.197748799613184
-0.00979253305980401 0.00598759442236222 0.0190661792297442 -0.30077481670243
0.000762914022532959 0.0123007016384618 -0.0270657224610632 0.20671407182855
0.00680288830478329 0.0107385414659486 -0.216906902208568 0.0549669888504323
-0.000956464500310618 -0.00209982126508816 -0.337543600220827 -0.241657368985646
-0.0131936979136932 -0.0130477244995302 0.0626333128532504 -0.556026571818772
-0.016589296456073 -0.00294408302839577 0.705819291281272 -0.23528154238278
-0.0108658625737269 -0.00392586057363659 0.581377459779404 0.465481637941547
-0.00656247706366459 0.0127813744038605 0.0201159362844879 0.521475152751273
-0.00257369577372886 -0.00559991080514007 0.0429366621738518 0.0633353471862844
-0.00811593010100229 -0.00845077933721215 0.0216161012249704 -0.448075625579183
-0.00324340199148021 0.0111493769231149 -0.678472777302975 -0.386676528697334
0.000740232326398003 0.0153615254883927 -0.720475282565636 0.497211212780987
0.00117280727633826 -0.00680519813325248 0.159528773325668 0.705363035340725
0.00784891924884879 -0.010652490780079 0.487812946317411 0.175292684189859
0.00722724680956618 -0.00241781408925219 0.306430025112137 -0.201403805486837
-0.00667332523794733 0.00339787866248893 0.0159024353818008 -0.296064365011687
0.00518362706483318 0.0109224558692744 -0.0312961594849711 0.21166578202318
0.0160021251729268 0.0146804435210422 -0.215587670788477 0.0578489712382323
0.00960690509778541 0.00906700324528953 -0.334032683747332 -0.244340360669605
-0.0123639426006685 -0.00357389300574072 0.0617031865437631 -0.558889963403718
-0.0240213258848379 -0.0035568593464906 0.702315219960318 -0.230512028393872
-0.0118600002320039 -0.0106063879945663 0.575702309111612 0.470607244601438
-0.00290513633702079 0.00915218466656977 0.0206395793598801 0.518362706851721
-0.000355716052400621 -0.00635215378588236 0.0484145908485183 0.0596204189550424
-0.00681429174498721 -0.0130677860188152 0.0214153991779308 -0.450553381893918
-0.00667947183417177 0.00444620469575212 -0.682844371867102 -0.38215507223647
-0.00534471774080153 0.0183301998644839 -0.71696807088993 0.504591410099437
0.00626933084592936 0.00265514829213014 0.158953077722102 0.700956569657199
0.0220129662799025 -0.00531990434228989 0.488803352453693 0.167685775918577
0.0186384635568991 -0.00226780410158815 0.3077899203318 -0.19814274693864
-0.00233165890632347 0.000543831312077914 0.0122939438319543 -0.288949060267879
0.0104133315663631 0.00904539088791885 -0.037774358333679 0.21635124876621
0.0222812354219249 0.0166625175830788 -0.217612931652656 0.0656153995006564
0.0178404373804646 0.018334026372575 -0.339036369549288 -0.240072616954389
-0.0106314373670141 0.0067005476593036 0.0474552784264583 -0.565699713313796
-0.0285251030091351 -0.00408962365959068 0.693652789658759 -0.243325104362267
-0.0136236155067132 -0.015925854373652 0.583053359728037 0.457733860523692
-0.00109581803979824 0.0067785449159718 0.0315097287826431 0.512701912840014
0.00042660653924401 -0.0066808863176866 0.0531204295672374 0.0556275374926104
-0.00455590357399796 -0.0160412624350394 0.0276893307910642 -0.455942093800838
-0.0101617602394986 -0.00151435785696702 -0.679135074801342 -0.394255342761071
-0.0100197376600012 0.0199358856066368 -0.733617709901727 0.493803341878473
0.0113251245760788 0.0104981356067715 0.140460637507247 0.701682157773867
0.0342288503180375 0.0014806723807047 0.48516217005189 0.174755152074008
0.0263104069062615 -0.00235077143652551 0.308543275652152 -0.188912908258429
0.00291112296984862 -0.00278664270676328 0.00896994807659813 -0.27974316388761
0.0150228897121225 0.006095706918247 -0.0435776706358449 0.221902610209901
0.0272121298634685 0.0173858570655877 -0.22054122193016 0.0767059458302829
0.0231203426719532 0.0244628974605469 -0.351138478569032 -0.228702015796197
-0.00725175713153243 0.0130940461987579 0.0155827365643928 -0.570207738195819
-0.0286839416573262 -0.00430590165799238 0.673213770072122 -0.274573517918061
-0.0139113005189399 -0.0181554714230318 0.599686293418963 0.426940824537197
-1.04937691366089E-05 0.0072399129466685 0.0473412671307366 0.503511811868301
-0.00155121920192291 -0.00454564274679812 0.0590900910822181 0.0529498242337096
-0.00368678097403919 -0.0179680483658664 0.0419381169198901 -0.460968647201143
-0.0105515925361546 -0.00682138124363051 -0.668080359780734 -0.425059719177206
-0.0114869973051601 0.0188938371275428 -0.76080990696089 0.464411990285354
0.0152979410078651 0.0173187784103987 0.106176591013362 0.705761244765283
0.0391731607019308 0.00843405262986621 0.476747268933724 0.190531905364644
0.0304522711191478 -0.00132806976871663 0.310494914018873 -0.175705814687097
0.00643364074679856 -0.005148296249154 0.00554618348216126 -0.270586234814704
-0.00586853210845629 0.0148237821977019 -0.0196031968212875 0.21789266294226
-0.0222637050208827 0.00121415394562625 -0.232523930521339 0.0907659656476306
-0.0373704838747262 -0.0146370511187266 -0.397173634956437 -0.17075778824401
-0.015404664187196 -0.0313843371526751 -0.0685740780302233 -0.54825525210357
0.0104704162325549 -0.0114669506086719 0.619410518799445 -0.393108344510062
0.00269996515618852 0.00984730757779752 0.650757794289405 0.311945294750938
-0.0206607113229348 0.0309024061447278 0.0900170194365362 0.495768516950971
-0.0241995175136763 0.00804809708505982 0.0454210497808061 0.0665266017888018
-0.0213339529840407 0.00715148030400844 0.0788361318436956 -0.458946768142967
0.00880686571381184 0.0211836067243997 -0.613015327235076 -0.536488223832774
0.0293733741451898 -0.000104388324201392 -0.827359888443003 0.341545132974076
-1.77810682786723E-05 -0.0299782662767372 0.0172980257698805 0.73924747807356
-0.0367886358610846 -0.0253209830456757 0.446244576275953 0.264985958953227
-0.02935691931947 -0.00649177113813754 0.310385570165168 -0.162512195779614
-0.0127376262173039 0.00146200303590148 0.0211303504112883 -0.293002799082768
-0.00695377312552801 0.0155391892020797 -0.0183908342833651 0.211912614769433
-0.0188059854232886 0.00147251158369406 -0.229667201423976 0.0769655236453317
-0.0324213698460517 -0.0174774387793306 -0.38228522962759 -0.192824932839118
-0.015264166348803 -0.0327994276711177 -0.0267827008089206 -0.551965672539989
0.00813485438678306 -0.00786136443300904 0.651435888219952 -0.349047248680637
-0.000510763622252178 0.0101152350220815 0.634352360780672 0.359342407668952
-0.0188989593315703 0.0277101495734848 0.0683312358665262 0.508907863310869
-0.0185823210606915 0.00390438232407277 0.0420709728890917 0.0679755758405884
-0.0185096486506593 0.00472280785982928 0.058089476828867 -0.453775604010833
0.00834340772967784 0.023069422979805 -0.636023676890721 -0.491292657168041
0.0231780147855429 0.0025766142825165 -0.79507069670762 0.393116565937584
-0.00397083050226177 -0.0275880438724697 0.0692297726045952 0.734570940775223
-0.0319599895526101 -0.0247007749845843 0.461519379896944 0.236884695314039
-0.0247748812718754 -0.00493702263747364 0.309558172861655 -0.177848564319455
-0.0141686391588705 0.00396854052037795 0.0205221812243758 -0.300083160680687
-0.00675525433879335 0.0149029883044394 -0.0184345938946916 0.207812373835015
-0.0110974918168856 0.00361507045213344 -0.224850525330387 0.0658944561664155
-0.0230223097879783 -0.016693323644487 -0.365098456099292 -0.212546005694565
-0.0132400679504059 -0.0293986058957517 0.0121403196461261 -0.554104005371913
0.000620514187809187 -0.00478015973779666 0.67906641557004 -0.306374130242485
-0.00438099179747038 0.00746235663821509 0.614449157121219 0.403562823858889
-0.0151608758078513 0.0235885274914277 0.0468281842532969 0.516595419629569
-0.0129932070879795 0.00152071467542807 0.0403526891925002 0.0674057174706483
-0.0146899225833051 0.00227701107639991 0.0399047251624352 -0.451362349603281
0.00647282902919625 0.0208630679706203 -0.65769848621294 -0.446605044562558
0.0162060356674737 0.00669700515885373 -0.762821791422128 0.442943622878724
-0.00534344515985405 -0.0219225266718519 0.113600866273437 0.723710733888915
-0.0226202555934119 -0.0205176959097821 0.476377748284756 0.209303717925383
-0.0165423687957004 -0.00342405150463386 0.307489994465341 -0.192372613219194
-0.0123243795629553 0.0050876909393077 0.0198008402258331 -0.302158095852125
-0.00403613571486525 0.0137819732076975 -0.0202954616742399 0.206301227283196
-0.00259685890178634 0.00652291211815267 -0.220505327516653 0.0570648074198547
-0.0120423350757177 -0.0108219042547576 -0.351089831995254 -0.228389601472133
-0.0126770781517555 -0.0231442826681568 0.0429578693645637 -0.555560657108673
-0.00865968083818099 -0.00393699634683609 0.697612273573497 -0.267704564226179
-0.00803344155618662 0.00222926370407737 0.598113169070964 0.440848092327009
-0.0101542889804374 0.0179666024488058 0.0309297305825374 0.520919638785212
-0.00768574800373027 -0.00213299789449531 0.0409824056701579 0.0661139547331897
-0.0114897755857707 -0.00221153255683143 0.0281353890837477 -0.449018009554975
0.00145514041973323 0.0166406220332414 -0.672155730492021 -0.4076557904756
0.00813804186334444 0.0117862524659243 -0.73636384140081 0.480106781781044
-0.00473445660104729 -0.0144526261151474 0.146403576610835 0.714848264716081
-0.00840619719103941 -0.0161009299563726 0.484722157387803 0.185596834317585
-0.00470055317823252 -0.00289322080642704 0.306267517824419 -0.200814507248674
-0.0104561663907414 0.00485633769219061 0.0179072624238821 -0.302215519115802
0.000704892997745384 0.0125829852096933 -0.0242279740508498 0.207800491870324
0.00672976039210342 0.0104137700304731 -0.218942867884156 0.0554549063358175
-0.000392359143147731 -0.00216705503502175 -0.341014280634106 -0.237056109995697
-0.013152726357479 -0.0122686244658341 0.0579926789381018 -0.559687207560071
-0.0172991358141261 -0.00269060066552308 0.705792283707323 -0.243742563612081
-0.0107534947504782 -0.0039867665556616 0.583215088746201 0.463304908039808
-0.00489712029092099 0.0127323389056172 0.0223850053026174 0.522797555533575
-0.00275721751259023 -0.00531456508224774 0.0430854950209004 0.0633628996037266
-0.00920833703937158 -0.00803923958323405 0.0193496199593158 -0.449230628946818
-0.0030387010802364 0.0118092184114798 -0.683148647479576 -0.383934783650521
0.00124825700826699 0.0158411539452229 -0.717951624708054 0.505227371012719
0.000794031789490674 -0.00704635679239829 0.164151904679209 0.705523081430259
0.00738967474127786 -0.0116182230206773 0.491040398320573 0.171712760930856
0.00768132728904618 -0.00303561467871917 0.305369191109978 -0.204586595453127
-0.0064847140438161 0.00301603093848902 0.0137256264111543 -0.297213185244764
0.00551558840124503 0.0107260731794309 -0.0304209897968107 0.212033618825793
0.0159457824329769 0.0143489814853677 -0.216548486600884 0.0590474199614478
0.00927263807660381 0.00857099853172764 -0.337723186880643 -0.24210497973237
-0.0127997957922195 -0.00282477885053557 0.0594930225980211 -0.562919202661776
-0.0243062314691428 -0.00310763125365054 0.702438497436105 -0.235122222861272
-0.0128320126045759 -0.00996813373265309 0.581858217762679 0.467166353929338
-0.00129711858872215 0.00949368625260366 0.0238214622573286 0.51996041454895
0.000239981820822662 -0.0065879670042869 0.048920412544204 0.0593358052456727
-0.00535013308865564 -0.0116673791250535 0.0192793854414016 -0.453388284011333
-0.00701232889698197 0.00488783310157523 -0.688125880816657 -0.376577454099289
-0.00448698327052889 0.0186351238028892 -0.716326362515669 0.512316644907359
0.00634651780525429 0.00215108150060864 0.163692141334345 0.700555594844892
0.0221397444367413 -0.00530720997384926 0.492267887527367 0.165033155998791
0.0184849085206704 -0.00234715737789886 0.305926490842723 -0.201348590144646
-0.00218617747550202 0.000211373871446175 0.00944417170026274 -0.290163266059513
0.0105041697586102 0.00819801306769213 -0.0354977008051765 0.216749300524603
0.0227168053100591 0.0177938094733447 -0.217387130952005 0.0665785681336837
0.0180040622214104 0.0180645792887946 -0.341537315180559 -0.238336003903046
-0.0111505485656327 0.00624503496311477 0.0445034531912984 -0.568187150700663
-0.0283054787343192 -0.00318684143419216 0.693734257002608 -0.24939180920277
-0.0135701505307344 -0.0154543555611993 0.588287785714865 0.45463885233069
-0.000251547666902377 0.0072134414685605 0.0338456095116376 0.512801506487719
0.000868593603597643 -0.00659556753380677 0.0534388357930088 0.0547517144611719
-0.00406128671038954 -0.0168463621238142 0.0262007113122398 -0.457174846458482
-0.01010413409011 -0.001180001113401 -0.68399213800266 -0.391229617676723
-0.0101482169903679 0.020276801798355 -0.7317065627744 0.499381849858187
0.0119200211503327 0.00914224583243324 0.144556860643462 0.702972551572427
0.0336661288415439 0.000888013595054349 0.487758066369841 0.169328216962732
0.0267697680433593 -0.00232432123854904 0.307968384781382 -0.192706152561783
0.00209292565615819 -0.00299462285804319 0.00550510176491944 -0.281663374148663
0.0153138072675138 0.00654790969554718 -0.0407825493936565 0.22330906440428
0.0268679491870829 0.0173985008940582 -0.2213928981038 0.0790074138516695
0.0238876141269855 0.0245263214978995 -0.35196342059868 -0.225932343722349
-0.00683765528089468 0.0131858953239126 0.0119980891613866 -0.572389228927044
-0.0293892947273289 -0.00366012271374384 0.673106207221052 -0.279947015970484
-0.014356241964885 -0.0183898091990668 0.603580375680314 0.424116860862659
9.06664760652676E-05 0.00764684631609159 0.0501940112437844 0.50511400987552
-0.000750058076812229 -0.00442218487533181 0.0592189636916019 0.0531636857538055
-0.00425411648866217 -0.0182503757059487 0.0404015396076148 -0.464151811114264
-0.0108412956383131 -0.00664558704476698 -0.675512364042965 -0.419776910078758
-0.0121803513374617 0.0182267783790983 -0.760731873164857 0.471324067314673
0.0155831720230294 0.0168369269646043 0.110698272985071 0.708163673571905
0.0399350629802582 0.00817113975113067 0.478621370749123 0.18617233614051
0.0305652751248386 -0.00186784309373915 0.310100202445794 -0.178329626561673
0.00619101587883725 -0.00523610327880044 0.00316847009541419 -0.272270981529891
-0.00554100368959566 0.0155580297010912 -0.0168297976694477 0.219677149052479
-0.0223735978837435 0.00188227817120294 -0.232096940684258 0.0935100631027266
-0.038029166006176 -0.0142118750861108 -0.39890044465233 -0.16802678606797
-0.0153753799557855 -0.0310660063159931 -0.0726095893421871 -0.549822540829024
0.0103364928944611 -0.0114770021584783 0.616759527509756 -0.396778787281415
0.00238628850481993 0.00997168042763356 0.653649705948898 0.307062873145466
-0.0199985546499191 0.0312196582442363 0.0930609448822579 0.497496246560608
-0.0242690288561196 0.00760355338110048 0.0454203690481146 0.0663453097826195
-0.0210723219889377 0.00690773202966564 0.0764934943482908 -0.460358090544214
0.00935831209715749 0.02179754910516 -0.615543894480635 -0.534729370672817
0.0297977792963949 0.000202915775034757 -0.826359406555725 0.349950774880699
-0.00105182554284413 -0.0300294601941524 0.0240639601700985 0.74360665261186
-0.0366232351876728 -0.0251574470982688 0.448178955502887 0.261484771790704
-0.029272153012933 -0.00700515287219048 0.308259095609388 -0.164626864180032
-0.0131991602293169 0.00129426761870348 0.0183727554051271 -0.294852071898792
-0.0073974346200716 0.0154850973823851 -0.0152781114879602 0.212230212421524
-0.0188094979709071 0.00248810654206717 -0.228997885002788 0.0776468582473967
-0.0331219958825836 -0.0173213380458619 -0.38312878312144 -0.188807865455055
-0.0154488744109367 -0.0323523726094184 -0.0293480647343485 -0.553164698741285
0.0064777149111446 -0.00878379201681001 0.650761254770871 -0.35430772005236
-0.000458640413601816 0.0100767494281993 0.635416170005764 0.35330866032819
-0.0179209843915169 0.0276102186503052 0.0710691943734879 0.506862179025353
-0.0189740057426383 0.00515336914810993 0.0419867341382857 0.0680339429878828
-0.0182705173872531 0.00570163074036024 0.0573932538065012 -0.456193054503881
0.00804574532935703 0.0228136973807702 -0.641718195388629 -0.486760344326324
0.0245638004261163 0.00254311667049355 -0.792395524857329 0.399186541552912
-0.00439852168378279 -0.0284476738350995 0.0749386640437772 0.734519193472625
-0.0322312498430031 -0.0233419245378957 0.463335650085497 0.23365250589156
-0.0253996462068933 -0.00485877237108596 0.307179267514106 -0.182841977849584
-0.0137492439752624 0.00412162826200704 0.0181328892153511 -0.301246631501924
-0.00658019799930504 0.0153862376639865 -0.0157806448153411 0.208372935804757
-0.0115523792655857 0.00414778383009006 -0.2257428816113 0.0668570611460212
-0.0232786677234066 -0.0155301080048675 -0.367038037954958 -0.210213630766815
-0.0143730208850839 -0.0298816746711808 0.00884659853245902 -0.555976637397777
-0.000159405664508864 -0.00593742838978979 0.677221714550611 -0.312683394050229
-0.00499619369192404 0.00780830834586146 0.617713310330104 0.401120991896653
-0.0142951590434706 0.0236498478828478 0.049369793902804 0.516380685982769
-0.0130260543320555 0.00199582432562917 0.0410771787073954 0.0673615004461122
-0.0151900891827146 0.00217730773517594 0.0377626576374434 -0.452971782883568
0.00611452232975454 0.020450225166776 -0.662130715772705 -0.44204674113513
0.0173653607140229 0.00594580893258001 -0.759022390701653 0.450951877742158
-0.00594661983492488 -0.0224186700250513 0.11954715963294 0.724649450004851
-0.0227936898087038 -0.0200436380341374 0.477633696861322 0.204734403076298
-0.0164854834994901 -0.00348836597813482 0.306308462610451 -0.196138501909592
-0.0133389046628488 0.00553748858557758 0.0180408135344083 -0.303587116172062
-0.00294763369745116 0.0140847148817959 -0.0184781647072067 0.207020676904257
-0.00214022460738681 0.00685606191745334 -0.220782881062803 0.0585804049408966
-0.0120216826922797 -0.0109246551917884 -0.353012139072387 -0.225477756370973
-0.0133980970966551 -0.0233335676651214 0.0376115948077701 -0.556821308551396
-0.00829114701077904 -0.00322598842758533 0.696121792913138 -0.2717267233127
-0.00812631141200486 0.00149207806858737 0.600920734083831 0.43690150464001
-0.0106356875196018 0.0182451981890964 0.0326873540488766 0.522357501423901
-0.00675949573077529 -0.00274595085591267 0.0411014727709309 0.0660487117788217
-0.0114835688071364 -0.00226319907837706 0.0246896924591636 -0.449488657692056
0.000995292622455345 0.0167803912654145 -0.675325395413975 -0.402728235002891
0.00910584421467976 0.0115226983532776 -0.733657157251918 0.485969025673393
-0.00348349186717047 -0.0151204618318146 0.152074833249696 0.716307689810764
-0.00892305282857693 -0.0162600019201665 0.486493387808805 0.181413198896221
-0.00489498406379607 -0.00222351743067431 0.30497386134973 -0.203686019423563
-0.0115534725914817 0.00497210140661138 0.0144216013671323 -0.303932897639262
0.00120701921428573 0.0130255261205174 -0.0221837773449382 0.208508675670431
0.00726196589248625 0.0108116547125592 -0.218323023324903 0.0562108730904202
-0.000217281606576351 -0.00237050439608024 -0.342338043906959 -0.236295897736441
-0.0129308899300798 -0.0136188064123762 0.0543481670639671 -0.560154715857853
-0.0170330608034651 -0.00264119082441973 0.704480630774673 -0.247646377204016
-0.0112003383536197 -0.00360346362297337 0.588526568139727 0.45915435590258
-0.00554113404318227 0.0129748140469943 0.025331144727383 0.522638608625658
-0.00258041415559076 -0.00504848108807518 0.0440225469167415 0.0627449834055548
-0.00844979695287774 -0.00745181276456957 0.0150103930769347 -0.449750137562814
-0.00303418963190907 0.011481828901313 -0.686165540911278 -0.37976483839031
0.00113549404742402 0.0152469156318847 -0.714771254098331 0.511751762598463
0.000419086805798797 -0.00657004988290892 0.171531502308104 0.706385202470431
0.00668053702761152 -0.0115178239064955 0.492272726775231 0.166954921505879
0.00733620008222852 -0.00225779260561674 0.303144180753658 -0.208218268044264
-0.00710817884960784 0.00305795350714708 0.0102328343239498 -0.298963695567802
0.00620426140900642 0.0100224031239296 -0.0284408044410175 0.212318528135425
0.0167124463408658 0.0141420022762779 -0.216939297188194 0.0600743518707727
0.010093948152314 0.00884167925796726 -0.340535639967615 -0.239715240241894
-0.0131278551804091 -0.00354704483358184 0.0554345870055542 -0.563883858945137
-0.0245015444706945 -0.00250315516797263 0.702642217679842 -0.241595550765808
-0.0124653528828591 -0.0109897829631228 0.583983209668467 0.465174952610006
-0.00205957734697942 0.00958504250246331 0.0262327324500369 0.520295283642625
0.000436798680452486 -0.00642090850539782 0.0488306421262326 0.0587159568896887
-0.00619073842120176 -0.0134535316696999 0.0173994174622977 -0.453237824002446
-0.00713038133126874 0.00499512358808321 -0.690146402982721 -0.373423047568836
-0.0056780895142432 0.0192551859580247 -0.714074302273415 0.51885722762351
0.00667744813711489 0.00239239572693163 0.169639613304603 0.702634960678071
0.0226949100013337 -0.00593909793984851 0.494019735870405 0.161768094240216
0.0182769900632675 -0.00312008831939277 0.303863936589204 -0.20535846381663
-0.00250021346337678 -9.33852833921913E-05 0.00758874817155042 -0.291523675493119
0.0109967755918264 0.00840976315198312 -0.0337175057358445 0.218047847921279
0.023112235146156 0.0171249984907897 -0.21786777661886 0.0683314298503812
0.0184007185436326 0.0186324686770078 -0.343374408036994 -0.235150385491324
-0.011009161003474 0.00621756257692607 0.0405775640333857 -0.56979195333158
-0.0284733104154289 -0.00276349021699168 0.694176466278699 -0.254668293120041
-0.0144575090443169 -0.0162654142607822 0.592085004035441 0.450804422426104
0.000267450592190515 0.00783387930360192 0.0351624899697171 0.513605773705036
0.00108886025298436 -0.00616257155722446 0.0539493622703731 0.0551965529867847
-0.00471652545440213 -0.017075859024535 0.0225916106164958 -0.458182606561285
-0.0102482150968791 -0.00140262920541277 -0.687165438419999 -0.386458349893212
-0.00940458472895622 0.0199077504281705 -0.729099144926363 0.508829491985811
0.0112209001262949 0.010406964201439 0.152435649897175 0.703365876082668
0.033441156642472 0.000659126239260086 0.489361344488073 0.166016696617327
0.0258990315299337 -0.00272061409713387 0.305732596833998 -0.196692307014218
0.00167176921678029 -0.00293091133064938 0.00370015710265373 -0.282551584832635
0.0150386049835665 0.00622444672834288 -0.0392229300051534 0.22455185604382
0.0268055015562471 0.0179954499553958 -0.220970704947464 0.0803452521970192
0.0243036076178552 0.0244879698974543 -0.355015460647008 -0.221692839155384
-0.00699132159783302 0.012891080971623 0.00854384780346454 -0.572804194802641
-0.0298326236739691 -0.00353389202676801 0.672741825780666 -0.285201848179556
-0.0150232155209113 -0.0183777215596478 0.607794446554714 0.420647485118302
0.000652321663287866 0.00707870752509599 0.0531128062425667 0.504245836148702
-0.000865729482362718 -0.00423505667491888 0.0584785217693678 0.0522097681187095
-0.0044343758055888 -0.0177345026778849 0.036159742186406 -0.465650181256102
-0.0109490238938132 -0.00776386716311244 -0.679085987777865 -0.417704132837105
-0.0118487702127017 0.0192775745354333 -0.759999629392897 0.479040551711886
0.0157578829343237 0.0171819418555854 0.116755661591512 0.708923725992594
0.0398584206466456 0.00826332056061426 0.480550608414778 0.184381658387292
0.0307601923409521 -0.00142895963026493 0.309894922933254 -0.182132937015241
0.0067299389503086 -0.00618130675656079 0.000193521959782358 -0.272905928149513
-0.00491696156063115 0.0153978844664763 -0.0156103780167271 0.218899944898922
-0.0224815175964724 0.0032976113557838 -0.232175269601495 0.0947482252769747
-0.0374667059792829 -0.0142254926165698 -0.400543431019056 -0.162960250937508
-0.0162938522252947 -0.0309047433199433 -0.0752152640856973 -0.54895609859104
0.0101990274627294 -0.0112513379201854 0.615981144952744 -0.404395820478052
0.00136349983622718 0.00938887468504102 0.654646724165299 0.303515080280439
-0.0191401898875625 0.0316763583405736 0.0947387475448731 0.495851883824391
-0.0236204143715518 0.00823706653371313 0.0464349127773875 0.066127227047304
-0.0225098067932399 0.00701382493008014 0.0735078392940748 -0.461324334478233
0.00954507375177163 0.0217386974845656 -0.620538929303162 -0.529904712675671
0.0295648946465366 -0.000316539631734031 -0.82463839535972 0.357831398465501
-0.000347361668750514 -0.0301429931415044 0.0299582542358798 0.74180937323772
-0.036781883067621 -0.024294220904913 0.450981297556097 0.259166586137739
-0.030511782666138 -0.00672287205515658 0.30835548158122 -0.167428901684511
-0.0133008534656981 0.00149604836302393 0.0166414772648836 -0.295603945559781
-0.00621432099445332 0.0158879470434828 -0.0132892276597169 0.212948569909372
-0.0187913359366505 0.00265572276001137 -0.229621162026639 0.0791686754693823
-0.0327926106653018 -0.0167372505303689 -0.385727958873886 -0.186031357527316
-0.0155738117766254 -0.0329937674459516 -0.0331571561972493 -0.552657723075206
0.00597514301565365 -0.0085942276103423 0.648842063221545 -0.358392171117168
-0.00124348128267286 0.0101371918803014 0.63746684201101 0.349395064780684
-0.0176138453555586 0.0284920989243533 0.0724169121348394 0.50771257459051
-0.0189029349748683 0.00507384120526666 0.0432555109318887 0.0671771814817152
-0.0189282999341304 0.00528964594087459 0.0539935218669455 -0.455470555691872
0.00803964800953452 0.0221257719447607 -0.644735587809915 -0.482273158245525
0.0245666682160547 0.00259491767352547 -0.790218089563743 0.407331452945971
-0.00425808286784563 -0.0280474453675483 0.0808759662363308 0.736114853405161
-0.0323485934392264 -0.0235359572645645 0.465246812910594 0.231877790982373
-0.0252168334170123 -0.00490691759011253 0.306521735778871 -0.183510788188823
-0.0150163116240555 0.00495186965322585 0.0162586370457034 -0.302084003620643
-0.00572570344221094 0.015002802029887 -0.0135949077459131 0.209015733668901
-0.0117183566572115 0.00364512448213546 -0.225695857040437 0.0670356553949604
-0.0238959450370556 -0.0158559886960774 -0.3691890959506 -0.205998909393436
-0.0143178057019154 -0.02967112097275 0.00583168611470532 -0.555717819643157
0.000278014232365696 -0.00542777098241182 0.675416811052668 -0.317847148226541
-0.0048080057144593 0.00709124312341702 0.620357650350411 0.39755915009741
-0.0148151140576109 0.0246541059851841 0.051397997450602 0.516336552539251
-0.0130585857305539 0.00148636771496319 0.0410491142893727 0.0671273175317378
-0.0151933279753018 0.00212275831503792 0.0354602849627656 -0.453543886287469
0.00575664101458643 0.0203466286233886 -0.664167459319781 -0.437000967129462
0.0177283634221058 0.00587021833935188 -0.757605785845087 0.455313096941664
-0.00603560887449634 -0.0223782268351914 0.125773553246232 0.725017952202431
-0.023334629437505 -0.0200184231617802 0.47988110454776 0.201852352381844
-0.0161807313079707 -0.00334336934284353 0.3038383654847 -0.19895210539499
-0.0139286222574299 0.00513074353131414 0.0153514196485059 -0.304382099448366
-0.00358039233067643 0.0141522550039446 -0.0151934593827702 0.207130495418895
-0.00307192501014537 0.00687695570227136 -0.222001893390982 0.0608832204416781
-0.0114805533915292 -0.0108569320460666 -0.355342284290348 -0.222531875000762
-0.0142308366377319 -0.0236277976965883 0.0350567002964417 -0.558871444017277
-0.00841419742593259 -0.00363618923734521 0.694410424070297 -0.277654833035221
-0.0084225966737083 0.00258272511989545 0.602068708790717 0.431940820244302
-0.00965453414260188 0.0186595199621893 0.0356017233642418 0.522126980032692
-0.00677916087519074 -0.00206543778605009 0.0416003129630941 0.0651967144513384
-0.0112117293438336 -0.00277427100223189 0.0239762759501474 -0.449590820937581
0.00150442786976757 0.0165592808932205 -0.678254312131096 -0.398846889524888
0.00896303268952177 0.010468593184916 -0.730208857525202 0.492617780585799
-0.003866365253042 -0.0146298573748951 0.158298724306845 0.714647460999977
-0.00910287268119856 -0.0165371150280386 0.488094110892213 0.180253033362065
-0.00472319325039775 -0.00209277277688085 0.302188739678938 -0.207564636803157
-0.0112421967552993 0.00490575856714151 0.0116629402788752 -0.303407919555699
0.000579014111268999 0.0128304728833433 -0.0202067396827891 0.209047453190674
0.00708766558435989 0.0105699337497002 -0.217850237075698 0.0587885502188988
-0.000818756810671349 -0.00140213893379196 -0.344441019310086 -0.233352997079541
-0.0139591445193165 -0.0137198661426325 0.0505200882714824 -0.561994855324935
-0.0175951565797275 -0.00290651081592437 0.704060616893576 -0.252305999928547
-0.0120589524743411 -0.00407820873584067 0.591285044380582 0.45532375284947
-0.00486065988104623 0.0140910448547552 0.0276003191465767 0.521877591604413
-0.00211286450287671 -0.00477459516925165 0.0446868805070085 0.062045623745818
-0.00923629322183883 -0.00758311786331483 0.0139292340994392 -0.451213768404515
-0.00350006888258882 0.0115448175333773 -0.690284858139887 -0.374613036081967
0.00162172970488774 0.0152345863233226 -0.711328228140094 0.516455225529902
0.000508961589218371 -0.00698806263850103 0.176635766141002 0.705946742891237
0.00647038504088525 -0.0112432858608521 0.493333565017006 0.163763050050182
0.00722276439154284 -0.00230546824839751 0.301995255271869 -0.211235053877165
-0.00723294141591497 0.00295336917317236 0.00814815740068879 -0.299097188475045
0.00572790212642988 0.0104114979138737 -0.0262297639338139 0.212636332391799
0.0165379905335671 0.0151666436398394 -0.216591677903599 0.0623737204805951
0.0101402422007064 0.00915333158778185 -0.34158315372137 -0.236608995584993
-0.0129865484233324 -0.00305469045010883 0.0516685337021324 -0.565434772080747
-0.0248499575579116 -0.00189806397144379 0.701606970898385 -0.246893850086402
-0.0127702902844057 -0.0104279942119955 0.587629951096036 0.461492745043269
-0.0014896166247552 0.0100063204725097 0.0278452500035706 0.520832855324687
0.000982231536468917 -0.00632938768253247 0.0491381657987626 0.0585575096315407
-0.00630282093225462 -0.0122015525594024 0.0155911698131619 -0.454502484607807
-0.00764799069671496 0.00481797250089556 -0.693381947150229 -0.369969385649617
-0.00505550993109672 0.0185143463730336 -0.710457343985245 0.524274994206098
0.00692439616900485 0.00248811406531847 0.174586936715711 0.702600922167834
0.0214708042619508 -0.00587890272300459 0.496294815123564 0.155787632014987
0.01825615383154 -0.00354480714484452 0.302292591902523 -0.207713476860084
-0.0030086955656004 0.000385539595519818 0.0048303815757562 -0.29286194882062
0.0111995391789283 0.00744580040307809 -0.0313732412612259 0.218770883867431
0.0233519807164107 0.0166761378281021 -0.21773354948697 0.0704824036923414
0.0183121030847043 0.0179970407487998 -0.34544023580471 -0.232292180642347
-0.0103223795726558 0.00562300858528228 0.0377135814084504 -0.570725357105882
-0.0292091780490778 -0.00268000803186358 0.691751110824192 -0.259170795629077
-0.0147792516121937 -0.0154673634241308 0.594191046036543 0.447387448035101
0.000551751299918354 0.00776604870814371 0.0380028136619495 0.513780388636335
0.00142289770997036 -0.00571605336429422 0.054225898166882 0.0541562784742984
-0.00513991064034501 -0.0168657199151335 0.0208535159742933 -0.458801700922591
-0.0105913939882685 -0.00167418074148873 -0.690897684679085 -0.382467844500415
-0.00937967661028201 0.0195914608119733 -0.725250847347859 0.514869059166355
0.0121791749785682 0.00998716492181384 0.158794546468492 0.70352261094934
0.0336996665239899 0.000664471954798498 0.490911131655354 0.163117389077794
0.0258196715581482 -0.00211133308066449 0.305318253790168 -0.199168799490639
0.00181674645045426 -0.00319049475924939 0.000795734649760504 -0.283041119432642
0.0154026326321095 0.00504883533986819 -0.0376288330984211 0.225409481602067
0.0276361754279586 0.0173706698795302 -0.220940617512528 0.0822062705172216
0.0239673674011271 0.0240372139389991 -0.35737764305624 -0.220169980745811
-0.00696629017113354 0.0129128630568773 0.0057642983201344 -0.575102927168385
-0.0293691526319933 -0.00350437918301933 0.670833166185189 -0.291363232090956
-0.0153801818015277 -0.0184127985429863 0.609718061160634 0.416931942177594
0.00107513404806481 0.00769787284426192 0.0551076399242658 0.50430819587214
-0.00090818659193587 -0.00415129782902827 0.0604889466828447 0.0530533038157944
-0.00464806853261401 -0.0176941929290236 0.0359101838857247 -0.465896564813256
-0.0113714733341846 -0.00667643461708576 -0.680473352704911 -0.413086828837001
-0.0114631063458182 0.0185847672264834 -0.755374579398721 0.485123171542333
0.0154502159905988 0.0164370059327076 0.123372540758278 0.709114544143428
0.0400096025565769 0.00755320214465308 0.484122057401886 0.179695806967019
0.0309309908735626 -0.00263078191971011 0.308291907726755 -0.184973277884643
0.00615054197693666 -0.00569463199692719 -0.00248337330920193 -0.273306182663778
-0.00525883148083927 0.0153935977062168 -0.0123116905692362 0.219260989496226
-0.02209854682165 0.00329851710678116 -0.231598214963156 0.0949887508881894
-0.0381788865267901 -0.0149742646574988 -0.40078347008179 -0.159781829668535
-0.0158573932660879 -0.031943391178245 -0.0793754299919451 -0.548301524965227
0.0096545981813757 -0.01137866416082 0.613625847929277 -0.406939725958124
0.00133634620038772 0.00959844341999531 0.656224044161804 0.299793301201547
-0.0191083501200746 0.0316712108481174 0.0982721692829737 0.495575811207733
-0.0240978178898459 0.00903497889501727 0.0461904717383604 0.0658863035297974
-0.0221217265333391 0.00705021896504032 0.0742784080080075 -0.462143097384463
0.00879243679527867 0.0212565698349703 -0.622468322353413 -0.526046658035567
0.0298851321208006 -0.00123290122369728 -0.821566426125073 0.362139975729242
-0.000918550775467784 -0.0291747057687118 0.0368806593229976 0.744088653505683
-0.0375113183259069 -0.0244917136684283 0.453043830388357 0.254669016523366
-0.0300334306318135 -0.00678156601896389 0.30655165447902 -0.16972329445911
-0.0130189239984786 0.00119380550585668 0.013353070812723 -0.296052382943166
-0.00591700559338989 0.0146000104344269 -0.011014381062359 0.212663817681974
-0.0182015452692897 0.00253938387767268 -0.22951670521371 0.0812933351584064
-0.0331139392986409 -0.0167657718533039 -0.386707791801392 -0.181856612582215
-0.016018954871511 -0.0326538378075076 -0.0370709226474009 -0.5532152442787
0.00563374156732365 -0.00870951176873369 0.647102643026391 -0.36388829545103
-0.00138809336764771 0.00999097558871984 0.640122974542218 0.345486660930146
-0.0167997179371098 0.0282870257481767 0.0750982743564227 0.505881728149976
-0.0184887986799089 0.00585880842924236 0.0427426187936958 0.0667165556754005
-0.0190069839314039 0.00619256711907874 0.0527060801515582 -0.457181674308567
0.00832730852299439 0.0213232895028054 -0.646464350897162 -0.478851849855006
0.0249656233818965 0.0019258047428875 -0.787326539205653 0.411369659910011
-0.00500704509913283 -0.0283449659265148 0.0852927227956727 0.73615014671778
-0.0330548050055693 -0.0233146142196427 0.467311828132897 0.227555491490863
-0.0246422168993891 -0.00439593282527426 0.304370754647688 -0.18805956868189
-0.0148203849152306 0.00485884900988228 0.0127216315514097 -0.30115316357349
-0.00532670333154414 0.0151068813587008 -0.0115101495328697 0.208545073690768
-0.0115102401875891 0.00369501735536101 -0.225868079708087 0.0700773961190492
-0.0233248927957772 -0.0165829596072426 -0.370121580569799 -0.202997671562294
-0.014905332745871 -0.0294828166669664 0.00199540023664534 -0.556784475955215
0.000139359691926964 -0.00454780585752799 0.67442527226568 -0.322134668840041
-0.00420584405049716 0.00716184390747607 0.622619205932924 0.394651246351439
-0.013681310237129 0.0242816814967576 0.0540766827049411 0.515114345840245
-0.0131864846249037 0.00143392355836542 0.0408827300671227 0.0666263207676991
-0.0151772590862454 0.00269460971532905 0.0330168172628724 -0.454002330538682
0.0057440478446722 0.0201838528354391 -0.667866742633284 -0.434667449719582
0.0174359606629455 0.00585158470235759 -0.753804579217835 0.462307639872802
-0.00626605147045305 -0.0218988926263467 0.129747492547535 0.725840401839214
-0.0229274655867828 -0.0197810494106718 0.480756678825987 0.197435456929932
-0.0167966590649314 -0.00286012952741404 0.302662344553024 -0.200914894211448
-0.0140536200321813 0.00595976185166196 0.0120893939578185 -0.304553935059622
-0.00306137314108678 0.0145834544876174 -0.0134695206449831 0.208001717503418
-0.00224123479960503 0.00711840218512052 -0.221567026320454 0.0623791065582285
-0.0125505169910813 -0.0108639644601074 -0.356101424872755 -0.218502158763037
-0.0134912013916721 -0.0230191447422283 0.0334930247590463 -0.558635114440579
-0.00913542190061099 -0.00351031953296975 0.691611078402031 -0.280262032510412
-0.00863714870107837 0.00265682316912516 0.605985664471416 0.428843089360527
-0.00942179449857938 0.0199946682614147 0.0376571646222167 0.523026807971902
-0.00660008107576344 -0.00207820617497216 0.0421566496298555 0.0646979498110474
-0.0114156522687886 -0.00272511037716586 0.0216535053681466 -0.450350895222122
0.0018508965344237 0.0169127382621349 -0.681103811668509 -0.395974963995409
0.00992657937840262 0.0107794263608653 -0.727168209106391 0.497917744252076
-0.00406761140524064 -0.014203699073371 0.163289645241574 0.713750905449378
-0.00911200825742761 -0.0156870917418567 0.489782853810974 0.175556638166551
-0.00481758717767395 -0.00097900938361943 0.300775213920423 -0.210156605204793
-0.0118208019297863 0.00497113486019234 0.00844029904350801 -0.304467427560856
0.000600439373803511 0.0125726241017989 -0.0174872760657576 0.209641049250746
0.00762804585326541 0.0109102081033962 -0.218659277379925 0.0592558118157648
-0.00129191613737849 -0.00174429397930177 -0.346530607086093 -0.230014283299522
-0.0130418897301923 -0.0136143624240112 0.0479218749868651 -0.563532940640163
-0.0179225590405873 -0.00259950406679063 0.701465515266491 -0.257815980592513
-0.0119267567909868 -0.00373038420669293 0.595157605882335 0.451356308409128
-0.00448031973455831 0.0139554275823643 0.0291214451067121 0.521552854315248
-0.00211661027016268 -0.00437280609828685 0.0442538496783077 0.0624427779150489
-0.00933815583769214 -0.00651609514868018 0.0126516594332953 -0.451704664130768
-0.00338303602739866 0.0107981561137883 -0.692643870386505 -0.370337670715202
0.00196705436532116 0.0147795160746888 -0.711847278461608 0.524211614762936
0.000395611277119939 -0.00630375548086019 0.180774480560642 0.705074089712526
0.00611848501844949 -0.011573303720672 0.495540425209018 0.158765200507437
0.00712554134654745 -0.00245385335315221 0.299902916358161 -0.213318235663209
-0.00742645298260028 0.00299873461690606 0.00525745562506242 -0.30030322506534
0.00578670415538685 0.0103181578280842 -0.0232920934747875 0.21332421027421
0.0166238888992966 0.0146295448804335 -0.217845850630317 0.0627393107961147
0.010053149924173 0.00885005183417505 -0.34382510815651 -0.233495689285446
-0.0129347494999155 -0.00327865940487762 0.0481136278368419 -0.565802411281712
-0.0250582363866579 -0.00160769692774167 0.699579025665178 -0.251319843654357
-0.0140940147801957 -0.0105181550389131 0.58987620890887 0.45749760864213
-0.000470022272180021 0.0101437012302217 0.0303920129454783 0.519362458882767
0.00039726741171363 -0.00644483446563717 0.0491312687909974 0.0576040307786467
-0.0065603642721593 -0.0131155950577759 0.0120449100568111 -0.453949893521907
-0.00662453760524125 0.00513577828972064 -0.695970626065837 -0.366783352989975
-0.00459369106736308 0.01821286102842 -0.706881211888312 0.530719078387389
0.00610494705693411 0.00215306046101417 0.181850439528464 0.701976269003814
0.0215335884019327 -0.00602248249187971 0.496086204405034 0.153645200831275
0.0179330709443605 -0.00232941019738918 0.301001562825621 -0.210543291868895
-0.00349117753341349 0.000305146411172262 0.00109859254427397 -0.292085661038592
0.0103939839795077 0.0077633488650086 -0.0286787095667002 0.218815223955471
0.0234532865781097 0.0168946859229065 -0.218082625673238 0.0714658960486222
0.0190049119034886 0.0185863192632492 -0.347237803315185 -0.230431864771837
-0.0108163338730362 0.00637451672092128 0.0341217948285759 -0.571561652579097
-0.029335354907621 -0.00239808307255255 0.690295343993426 -0.264117339265453
-0.0153237515120955 -0.0153277614071086 0.596949824681445 0.443678686034984
0.00113540977359574 0.00813385227462127 0.0407138192930751 0.513301823092209
0.0013720015010352 -0.0065117386749784 0.0546469167730029 0.0541470135241609
-0.00513232532117631 -0.0167433986848597 0.0177955256575779 -0.461094458948206
-0.0104071041101286 -0.00139200673704798 -0.693155013553511 -0.378105296186784
-0.00897421021063597 0.0195247154989268 -0.723157610132064 0.522121187676921
0.0121964618506263 0.0100103507648493 0.164354598315919 0.703372051116664
0.0335610722401993 0.000240000837083844 0.49063414753617 0.15951705061631
0.0258230017932624 -0.00278218155179004 0.304155723202294 -0.201710003499691
0.00144450153009753 -0.00310084097048894 -0.00151887806771257 -0.283421881977388
0.0153439131574347 0.00573561929467007 -0.0343062831099755 0.226198240581202
0.028127991211266 0.0172121413245254 -0.221523364070674 0.0833198126382359
0.0243338928223431 0.0241196990611067 -0.358002239157385 -0.216787601424029
-0.00687773571714 0.0122217648287225 0.00174506344864801 -0.575258418143732
-0.0298225119501681 -0.00310601087634054 0.669929920986792 -0.295925171068822
-0.0152906136228794 -0.0183550066996817 0.613021661133209 0.412981936087595
0.00174316242878887 0.00820557308070616 0.0580443239446213 0.503084872687766
-0.000567740095726619 -0.00389624959900388 0.0599427980480721 0.0520289305832165
-0.00412297906483444 -0.0177609188860312 0.033747377568089 -0.465854462340768
-0.0117091308651645 -0.00705923787047759 -0.684257453706748 -0.409670913829236
-0.0108813083855078 0.0190773534738438 -0.753983414964941 0.491347949995183
0.0164522822322551 0.0174232712104885 0.127327654619815 0.7086672816246
0.0400702448998281 0.00732962146555703 0.483812212755979 0.176182965528414
0.0306923298346134 -0.00256619915428593 0.305817146045677 -0.187679329485599
0.00511184739702915 -0.00492073532441195 -0.00493197876061155 -0.274674638897467
-0.00468891499161223 0.0144982638727774 -0.00943296729102552 0.219499557355519
-0.0222758625066599 0.0030058138001275 -0.232724198285818 0.0981469336603148
-0.0378291833008684 -0.0138645869262688 -0.403009080295712 -0.156829115730934
-0.0163533590274736 -0.0316875633868676 -0.0805329684912895 -0.547369294710613
0.00979632539891072 -0.0118013901149534 0.611866241428017 -0.411114043050976
0.001122879846598 0.0097646012406929 0.657685020825456 0.295451307446973
-0.0185565385024904 0.0321927459463604 0.100526052176181 0.494127221915076
-0.0235334773275082 0.00806738632325613 0.0469870037259044 0.0658191590651366
-0.0219036851022191 0.00729633670469306 0.070629804092498 -0.46222276143321
0.00829577375415571 0.0212726067590583 -0.626266499198243 -0.522338597643297
0.0298275913948051 -0.000757993255564113 -0.820034376484416 0.367281071095722
-0.00160592014059173 -0.0301034717365683 0.040155291188115 0.74334394981423
-0.0372195899397195 -0.0236432678738783 0.454451842518901 0.252480691708969
-0.0302403374433102 -0.00672042731169086 0.305520709456002 -0.171859000082783
-0.0143337494985395 0.00141649546879537 0.0105944055086347 -0.297334416053817
-0.00626729881218357 0.0154661518705564 -0.00861513027191294 0.213033427711686
-0.0182592248606681 0.00260838917746304 -0.229284468895963 0.0829497996777426
-0.0329632300437678 -0.0165030192042788 -0.387982633475591 -0.17901455198435
-0.0160718552833625 -0.0327316396507603 -0.0395676696260727 -0.553593197703246
0.00603262172899149 -0.00826889030246683 0.643558719044115 -0.366033542080369
-0.00100856771187758 0.00956063631778174 0.641511092778396 0.341937551514774
-0.0157466593950401 0.0293244167863063 0.0772948135776284 0.507648951131647
-0.0184924313046351 0.00504782743323253 0.0425144985385502 0.0666968972113722
-0.0191881106290303 0.0064123752904113 0.0508913057956181 -0.456103152157085
0.00826359929098281 0.0216148300522595 -0.649583919849855 -0.475083283514594
0.0246893289633733 0.00150073427299223 -0.785794998926055 0.417796193972884
-0.00464531826501064 -0.0282973781261767 0.0911953644883017 0.736597622385128
-0.0334826026412559 -0.0228184467243234 0.468469795305241 0.224051520829129
-0.0257730463559676 -0.00402198634758022 0.30294445269449 -0.189507635449671
-0.0157600893730435 0.00452341211318334 0.0115105903280996 -0.303199990650987
-0.00544319886602942 0.0153257871681891 -0.00977437512263294 0.20826848972544
-0.0112566272579116 0.0040186678699584 -0.225567689673806 0.0706942565867379
-0.0239260004086524 -0.0161731874633749 -0.371570049997913 -0.201063938426464
-0.0151183103953888 -0.0302811075420848 -3.81815981046033E-05 -0.557630639977155
-0.000342015529311202 -0.0053843622911278 0.670841597280538 -0.325841704297157
-0.00548970458818973 0.00745207461526672 0.624170778076226 0.388433212742621
-0.0132110388849988 0.0248658058367432 0.0563197125680452 0.515630949172822
-0.0123972644195712 0.00162645952852349 0.0418930452574275 0.0653247192387394
-0.0154689276420951 0.00293827540725097 0.0307348588639032 -0.453645129580341
0.00593126983965777 0.0209998726923596 -0.668961706915115 -0.429208661698847
0.0171250511709493 0.00554935294214073 -0.752045611361893 0.465939558394053
-0.00686920214985685 -0.0221576900440747 0.135455540483469 0.724121787552024
-0.0237732498595019 -0.0200275717925993 0.482318504645165 0.195225748374411
-0.0169866090567705 -0.00207568191262856 0.30152855815291 -0.202506114577655
-0.0145289685583318 0.00567609717379196 0.00993489609859795 -0.306093180895535
-0.00318726884316703 0.0142245748887183 -0.0114619727653927 0.207351632190247
-0.00203677387036209 0.00676164473903755 -0.220986843119354 0.0640414502654652
-0.0124984003464045 -0.0105453180504092 -0.358198739467196 -0.214864665990582
-0.0141928295833341 -0.0229075780204582 0.0284817835509598 -0.559642154590553
-0.00916251139053654 -0.00326499241053911 0.692367727768092 -0.287806326682385
-0.00853312780730341 0.00265465953705641 0.606603910988605 0.426500265091934
-0.00924758212406691 0.0187522941529475 0.0395330114476572 0.520938814567567
-0.00654213481043093 -0.00185925172932344 0.0427408791545245 0.0643428164214344
-0.0119430508950624 -0.00292225759880196 0.0205686687349967 -0.45110323478922
0.00191252233959305 0.016357944652075 -0.682433348014438 -0.390568228021694
0.00984766652213982 0.0106203748419053 -0.725842921434203 0.503397496299094
-0.00483390741991904 -0.0137373558112806 0.166850487862466 0.713986592099503
-0.0103175734761733 -0.0154918158246015 0.490573257512644 0.171629514673802
-0.00525245765768961 -0.00170661343073445 0.298843825134591 -0.211814222665771
-0.0116582060248831 0.00544702251032349 0.00613228969342752 -0.30499401996606
0.00149455091592893 0.0123711935509113 -0.0158566981716832 0.209198733805647
0.00748186484560121 0.0106463233646994 -0.218282395399111 0.0607142313406758
-0.00108188191478587 -0.00107226575793709 -0.347182310932647 -0.227804272278545
-0.014572112881543 -0.0135064923060199 0.0445041630516202 -0.562802471673352
-0.0177263765893986 -0.00185397364388473 0.701962754014632 -0.261804453763155
-0.0110226220935476 -0.003753586265426 0.596930645515909 0.448087840996295
-0.00446800291914575 0.0153076623688963 0.0321199138989935 0.52233763058402
-0.00244283217616804 -0.00429037606243468 0.0458682398407188 0.0612114708723451
-0.00867859351283333 -0.00786940914341886 0.0106840713682382 -0.452586985309132
-0.00271486557999557 0.0112068710177155 -0.692752968525263 -0.369068876365484
0.0016921568053897 0.0147475297985128 -0.70750989673004 0.526590963394268
0.000444300789645725 -0.00635974167550944 0.185691765932603 0.702705160376815
0.00648532924441263 -0.0109971801135927 0.496212377570291 0.154195972892184
0.00725494516498972 -0.00238533298457836 0.297896453988206 -0.215687939214134
-0.00886700695146812 0.00327244599129694 0.00240035926172875 -0.300333355864912
0.00607915891202123 0.0104482403423951 -0.0215615092606842 0.213394230136892
0.0162038408969691 0.0140412580410157 -0.218435013755238 0.0642489442479333
0.0100028515862409 0.00829645302841448 -0.344110678558217 -0.229542577765141
-0.0128999717175354 -0.00294843246906577 0.0464445022085183 -0.565867012681782
-0.0247419649377913 -0.00162741321039121 0.699096360311811 -0.256011938535374
-0.0139174525852523 -0.00976135149159995 0.591341196430973 0.453972950957968
-0.000749104618635702 0.0104205948806136 0.0310554116045988 0.517907840288774
0.000939789656997116 -0.00573807432203412 0.0497183934909711 0.057931146216503
-0.00715807763340373 -0.0122966361896216 0.0120416940396054 -0.455767674543584
-0.00733755826209828 0.00465498129707331 -0.695852333726665 -0.361179892864617
-0.00402429350961753 0.0181683900254676 -0.704234687673893 0.535229340333287
0.00641721356477491 0.00219747018952595 0.184264989577112 0.699332266792064
0.0210692337207896 -0.00649784128642755 0.497189710872032 0.150275622715022
0.0171289288801836 -0.00328347489094208 0.297446837151308 -0.213240759807352
-0.00325639277135894 -0.000184622189113375 -0.000854854294480647 -0.292746264785232
0.0116003328195892 0.00735830002411795 -0.0278619701656674 0.219046658248697
0.0235452735627576 0.0168571257039445 -0.217335990589849 0.0732282172147747
0.0191015045175936 0.0174689055779852 -0.347797110801452 -0.227399910813997
-0.0112804624415271 0.00559653775580217 0.0308715204540287 -0.573101343083814
-0.0299659347119486 -0.00260664754472205 0.689242761850665 -0.26723764113274
-0.0149063860927164 -0.0150739793045108 0.598818834039416 0.43956645233758
0.00187444010693174 0.00869742358074893 0.0409089273126419 0.513658000078426
0.00163861231187049 -0.00593888995909797 0.0552310388551076 0.0536307693427437
-0.00511331946172477 -0.0158520460206375 0.0165732444479995 -0.461371586341095
-0.0110129058599777 -0.00202865966056983 -0.694684357538554 -0.373808979938336
-0.00939091026263203 0.0184363324027396 -0.717963212484082 0.526270006990745
0.0121739002845209 0.0100126629188271 0.167234617812463 0.701582692539094
0.0341758517620641 0.000863505865606302 0.491838714111048 0.156761052555942
0.0266700600647284 -0.00321471037092208 0.301063895322053 -0.203679219428265
0.000849960835591913 -0.00268103787494751 -0.00464610485933279 -0.284822925678895
0.0162462046191984 0.00479817136156058 -0.0326349288766655 0.225963575529645
0.0281474346233181 0.0173297158850163 -0.222216741572415 0.0849030135167783
0.0247756514430036 0.0240226703733019 -0.357679644658542 -0.214565811516841
-0.00717537435632253 0.0122881767872978 -0.00159060599030865 -0.57681316813898
-0.0302943279711936 -0.00312938145222043 0.667603934957601 -0.299896923920253
-0.0161735537961602 -0.0182418209528238 0.614024173579691 0.408380275297233
0.0021889356566768 0.00840269080699756 0.0587896190395845 0.503893858336423
-0.000648970590356409 -0.00437881394052142 0.0602699933736495 0.0507884155248985
-0.0050864931242842 -0.017463114412757 0.0319899596804006 -0.466289872201859
-0.0111034640460056 -0.00741261848967544 -0.685297740862349 -0.405928617027708
-0.0115037641372883 0.0191729021773217 -0.74985119787005 0.495285625954193
0.0157207370418502 0.0161323932632006 0.132412196841893 0.708892558761832
0.039646645448859 0.00676275848056923 0.484356831734302 0.172982549796443
0.0304550434107532 -0.0030914955428284 0.304563127043275 -0.190324932758029
0.00543805995025584 -0.0056960717848474 -0.00602938620535791 -0.274734972108816
-0.00473353823495432 0.0149694601247516 -0.00806550177700741 0.218659582488141
-0.022003795869349 0.00246871539560807 -0.23263739968433 0.0983261405469012
-0.038206932631226 -0.0127842492863459 -0.403010301175859 -0.155315456245363
-0.0168165645272053 -0.0312932483252721 -0.0832631451752455 -0.548848876680047
0.0102494308359467 -0.0116967761903897 0.608884348232167 -0.413136103430666
0.000977274402901046 0.010134413861706 0.659317987205776 0.291760933195779
-0.0173782136081875 0.0321643148990672 0.0998970097147694 0.494558110967953
-0.02376803687295 0.0086808873155484 0.0473487748352844 0.0646715305083057
-0.0222449088848916 0.00742232625628763 0.0699435903160376 -0.463179250092471
0.00848352427748535 0.0205260296198823 -0.628757882239034 -0.520017438040188
0.0303382963492135 -0.00159695163535761 -0.818109104930552 0.37187203015121
-0.00126229795829494 -0.0295923891746615 0.0420623021654206 0.744704304527245
-0.037679915726289 -0.0230105043240527 0.45586525855874 0.249453321575745
-0.0304629656593187 -0.00624384296405256 0.305130064785637 -0.17471498784013
-0.0151651632647376 0.00195552977200509 0.00856608821448746 -0.298249712313143
-0.00585732929736457 0.01488200409611 -0.00734225974753963 0.212898371566814
-0.0186594479180011 0.00277290384255865 -0.229631230289811 0.0841124875503899
-0.0332504692776582 -0.015980959626323 -0.388052498947648 -0.177438547635069
-0.0167992110945454 -0.0323765831698038 -0.0419944670350158 -0.553244952293595
0.00607085578913267 -0.00869387746425641 0.643265932309183 -0.369074089693041
-0.00185732342777626 0.00972254832595997 0.64178740741924 0.338917976196521
-0.0158793466674127 0.0294311224471478 0.078745802637338 0.505494916892929
-0.0187222717600405 0.00633733320428506 0.0447973027836482 0.0658432388699562
-0.0191833327229744 0.00627339068113305 0.0502021643488237 -0.459212536503499
0.0083416248170487 0.0212008311847829 -0.650388849065901 -0.472924488508945
0.0247662788367152 0.00149062675272668 -0.784451217058823 0.422906962104705
-0.00489623854918104 -0.028145946118204 0.0937824352659271 0.736026371841708
-0.0332760117861803 -0.0224370973872445 0.469762337850678 0.222415330724567
-0.0255659281344187 -0.0037111151246565 0.301478174304202 -0.19114171191579
-0.0161470453242752 0.0049942789446081 0.00855334637597127 -0.303518788484635
-0.00511426092027967 0.0153996885369904 -0.00713267235470641 0.208801493032928
-0.0114791094493411 0.00411983973548773 -0.225752831681454 0.0716626935086138
-0.024105343787788 -0.0163904788171774 -0.372162089093099 -0.198712428141689
-0.0152047481793837 -0.0302371117474944 -0.00240591145824805 -0.558263966775004
-0.000522240868070668 -0.00515503375307823 0.670379455310792 -0.328741854885525
-0.00504486354689827 0.00759700449236504 0.62423248307215 0.385614798428377
-0.0121031648806733 0.0249137625849543 0.0564832178130118 0.515916187250335
-0.013489322045158 0.00244347170965364 0.0428024839792334 0.0651914237328604
-0.0156377677000308 0.00267275522367612 0.0314926924073669 -0.455004509453063
0.00629147279443534 0.0203119504409517 -0.669536067181521 -0.428218428322123
0.0172467148339402 0.00536813282318415 -0.749873554743507 0.470626370196829
-0.00625669938061074 -0.0222652604857089 0.139829084606111 0.722919941323906
-0.0238939135554463 -0.0195857883368458 0.483140794336589 0.192911646412099
-0.0167520886160436 -0.00271508041391059 0.298848186574224 -0.203596833477137
-0.0153699936533853 0.00603201059408793 0.0072209972640776 -0.306374955803351
-0.00269116272727474 0.0144367591856567 -0.00890317625983441 0.207025268254547
-0.00207391755100617 0.00726667147712092 -0.221488934743889 0.0637215060790538
-0.0126286043889663 -0.0104734362488325 -0.357348323565036 -0.213175202363901
-0.0143319107654808 -0.0226715342451656 0.0265676510139254 -0.559121370587558
-0.00907877196572804 -0.00274000624029277 0.691053756877722 -0.289251412311676
-0.00914607405142513 0.0028632085739413 0.608237588805288 0.422820582725123
-0.00797036996723383 0.0194855164662915 0.040865568455354 0.519994402170655
-0.0060419303737692 -0.00136146238839036 0.042549374490409 0.0633539498903805
-0.0118672385046303 -0.0025267575559319 0.0188515630063456 -0.451860229086695
0.00160863592507443 0.0158692843830259 -0.683872188891434 -0.387765255140177
0.00968040925059753 0.0103293855912435 -0.721116758563279 0.508254670001648
-0.00450040771368069 -0.0146988198328181 0.172783561843507 0.712392164773104
-0.0100231251178801 -0.0152362354654163 0.491756574780275 0.168630087610596
-0.00449757740182301 -0.0022172356987528 0.297319915830544 -0.214415276227576
-0.0123076514453114 0.0057911247305947 0.00388051925830327 -0.305616834627564
0.0015956130009884 0.0123231794606589 -0.0141722595471763 0.208848203539652
0.00775046669493488 0.0102808297866514 -0.218282419351135 0.0616048870749229
-0.000139807133843637 -0.00115878946610227 -0.348104799105701 -0.224932578963035
-0.0141594209088232 -0.013954819396257 0.0436032507505709 -0.563300585356481
-0.0177189680223768 -0.00148287415493417 0.699906836751699 -0.26642836549739
-0.0113471236255058 -0.00374259442879034 0.596247888282195 0.44526035439136
-0.00370449427678293 0.0145499508131115 0.0316204898967568 0.521310200878284
-0.00164673927861467 -0.00397618705024211 0.0451566828857457 0.060458647904128
-0.00888631745103791 -0.00834688512230597 0.00974267767206217 -0.452548689783447
-0.0031816886787009 0.0110267943617112 -0.694244132649205 -0.364513424106001
0.0018615458243531 0.0149286159511385 -0.704765305617366 0.532508472569036
6.77508508969485E-05 -0.00685307154065049 0.19158912837671 0.704045304150726
0.0061820414050001 -0.0107745170660459 0.497734276062558 0.15214050138412
0.00690765727400328 -0.00201230800304714 0.297304438457285 -0.218218751820035
-0.00775845921096157 0.00387000038588259 0.000278261637393258 -0.30107359002493
0.00651362113637476 0.0102352650786076 -0.0195822022194507 0.214105877710321
0.0167815490598173 0.0139996553226231 -0.217544900428976 0.0659503125263128
0.0105872297970391 0.00841235747860496 -0.344492784329732 -0.228471382758923
-0.0138479790256674 -0.00356660455517727 0.0435276478571942 -0.568250279392115
-0.0254672596228441 -0.0012310610454281 0.697561524535947 -0.259094639634218
-0.0142445673377044 -0.00977636615632793 0.59375838744731 0.450478679244717
0.000210645426251429 0.0102245101171599 0.0323278951927969 0.516879896987043
0.000768559986302465 -0.00582127864683154 0.0499623278867872 0.057306895258177
-0.00730080117668522 -0.0123651663516241 0.00946248606927765 -0.455244341298997
-0.0076920033677236 0.00413246271116591 -0.69899457658681 -0.357493246038666
-0.003983676841509 0.0180666567159454 -0.701551429706322 0.539802279525994
0.00674379176961075 0.0028992797937345 0.188972240044664 0.70047031291419
0.021018240061086 -0.00612841162385869 0.498257667340098 0.146842916117116
0.0177343712578838 -0.00324337483158902 0.298548463890341 -0.214315507561095
-0.00407505797325011 0.0010333667143551 -0.00291715403089879 -0.293292454309918
0.0119043457445325 0.0078950055257595 -0.02537527958429 0.218570117694721
0.0240983617338709 0.016941779097076 -0.217588484223626 0.0740993737990976
0.0191633436584525 0.0179515637282954 -0.34884722823494 -0.224156915755171
-0.0114317696488611 0.00627557976847325 0.0291930988384717 -0.573112723409334
-0.0303714012379508 -0.0012731994479086 0.687801406693373 -0.270830769757615
-0.0154026089080201 -0.0149054409179447 0.600383040685459 0.436469363758953
0.00213994508926061 0.00907993459531302 0.041895210925008 0.511557964372359
0.00181959364402682 -0.00547305560863808 0.0550593546560332 0.0528176153817955
-0.00595414001608775 -0.016435861511082 0.0161631165939036 -0.461446737252351
-0.0105223135491976 -0.00265192531988887 -0.695181301796453 -0.37011795824102
-0.0089648452787425 0.0195091435564253 -0.716843114409684 0.529070147340561
0.012497539478649 0.0104181304908191 0.17093918496983 0.700988131574136
0.0338287098940034 -0.000974885765332094 0.49360019734254 0.15302019808311
0.0259848999459859 -0.00298164148322814 0.299264418295969 -0.205806699451901
-8.20974608583989E-05 -0.00204473600284366 -0.00648464970556777 -0.28485216156572
0.0159868708815233 0.00444859875210745 -0.0305527134800345 0.225906226146994
0.0282420774544683 0.0163008963598432 -0.220396690521408 0.086570210450494
0.0243518073162853 0.0237414669885611 -0.35949365625253 -0.211883630354718
-0.00715076169953202 0.0128929460839803 -0.0043078336504379 -0.574859299774681
-0.0309489998549607 -0.00198484197317884 0.666810342931139 -0.302315211548985
-0.0161744993398131 -0.0184390112225685 0.615387668588896 0.406066755348708
0.00292150973592932 0.00806875428337269 0.0612805659339035 0.503637442720381
-0.000759778856999709 -0.00387408259200311 0.0607898729424091 0.0503615950640526
-0.00513072659972103 -0.017395733530198 0.030715427342327 -0.467590005521224
-0.0111825599980603 -0.0072777149017597 -0.686571336089655 -0.402464500836933
-0.0108367359204366 0.018347850948395 -0.745622740692739 0.500672784270253
0.0170186233037511 0.0173835328055633 0.136561930626389 0.708971179654102
0.0398875727825116 0.00671921900629054 0.486038295173064 0.170632665106561
0.0305311553501401 -0.00271821798944386 0.303487709590458 -0.191797545204913
0.00403756347764062 -0.00594007138314359 -0.00830107712131679 -0.274898119280433
-0.00416607097518488 0.0148930925360123 -0.00704335394884976 0.218817376487211
-0.0216557479764672 0.00255338669637646 -0.233075246466096 0.0989711653648529
-0.0390398674720529 -0.012471669376577 -0.403477846901193 -0.151652156189305
-0.0179928620712201 -0.0318589145451069 -0.0851345860096319 -0.546713609238102
0.00877749309135089 -0.0112559571397047 0.607219118144168 -0.415661964302873
0.000441679076666916 0.0103099334237938 0.657948301401711 0.289637911208663
-0.0176620187943371 0.0329997309499496 0.101973350959779 0.494353114612846
-0.0239215189602289 0.00943769898902885 0.0479198578643197 0.0641079106877814
-0.0216218470880013 0.00743275281727479 0.0676582273702576 -0.464643160786194
0.00926871029733594 0.0208152327268 -0.628171102464894 -0.51641439565424
0.030120563036743 -0.00203381193018881 -0.817166192722065 0.374942230280119
-0.00161083128224175 -0.029902725152685 0.0478538216380035 0.743232544471555
-0.0380610035726703 -0.022492877650865 0.457865055003227 0.246541427883169
-0.0311441563156184 -0.00602263651403797 0.302923758630977 -0.176994656954097
-0.0153666299697354 0.00226812964409981 0.00632488826372401 -0.297369712806179
-0.00579074205252022 0.0150338451478201 -0.00524397033181089 0.212820553356108
-0.018608057813311 0.00417442540395565 -0.229347323133299 0.0840172180965329
-0.0327602798702092 -0.0163877271887559 -0.388075526248703 -0.17382025469508
-0.0170077526456887 -0.0328673562282581 -0.0434117324243449 -0.55376983066368
0.00540983550216934 -0.0087033803686682 0.641818065561301 -0.373670367728042
-0.00227469355126861 0.00988159958624316 0.643811390323647 0.335744471613761
-0.0153957384991974 0.0300408516404312 0.080111744666098 0.504116942999274
-0.0177808413760735 0.00627339184918578 0.0435642104215584 0.0655581048802322
-0.0196537205209983 0.00591511608657265 0.0481785491921521 -0.458135805260864
0.00850490209707971 0.0206569309423833 -0.652324015444338 -0.470062593034351
0.0254189382709537 0.0015352025929873 -0.782899707252246 0.425265482301872
-0.00613594935046696 -0.0280289549987327 0.0974273588568044 0.735081821671805
-0.0338478313531811 -0.0222534374753028 0.471177497784252 0.219914283297237
-0.0257046609647599 -0.00427216682036176 0.300146097620973 -0.193200479300192
-0.0159538076272379 0.00451547367668472 0.00690718764479658 -0.304335591956361
-0.00487617432767481 0.0152414002877092 -0.00625842840138406 0.207835534426349
-0.011699992494744 0.00403823624174104 -0.224688323514751 0.0718873753431649
-0.0244397290593078 -0.0153588798266966 -0.372078783446454 -0.195656894813539
-0.0156191666182193 -0.0298236619101422 -0.00451496382788984 -0.557666063034113
-0.000487645720333595 -0.00518881410786336 0.66939922016016 -0.330182937571073
-0.00527907183579551 0.00759281255669683 0.624947107276014 0.383472806590157
-0.0118873532542186 0.0250244378901339 0.0573468648983757 0.514520063890962
-0.0117849520270344 0.0030422112653323 0.0428036463043785 0.0651529004240893
-0.0153865823178166 0.00242010475632964 0.0298404185567323 -0.454291710129034
0.00577418149301856 0.0201289012970927 -0.67237722342996 -0.42526347449379
0.0177063220524028 0.00532059264960486 -0.747367607143305 0.475425400507542
-0.0068323870288308 -0.022401881404625 0.144102145056611 0.724194786893249
-0.0249428042023489 -0.0192488661868378 0.483298028188364 0.188582572757898
-0.0165447740972344 -0.00214108354964034 0.29820659160293 -0.206584740818771
-0.0149340898653036 0.00542597999708529 0.00537413177294471 -0.306712418691962
-0.00166983563001877 0.0136022822491797 -0.00781944441857664 0.207742472938539
-0.00179102922670673 0.00665570941536847 -0.222599779551013 0.0662698278976697
-0.0125875225152722 -0.0107199215115164 -0.358308428862836 -0.21083502007638
-0.015397716042533 -0.023154184034139 0.0246861552359734 -0.560968007979904
-0.00951295803177018 -0.0028766292723462 0.688422553150398 -0.292617588634188
-0.00923902370458867 0.00337061251641073 0.609185689852127 0.420526443423295
-0.00728533869010457 0.020357615070011 0.0420697300051278 0.520012765859801
-0.0062041501381725 -0.00211099989039847 0.0426645914003441 0.0635736563664335
-0.0125835150050841 -0.00312958897940734 0.0177769104045402 -0.45156796443261
0.00186598232563604 0.0168813601909217 -0.684725255872741 -0.38584132305219
0.00925709602415075 0.0102836013780138 -0.719365878062889 0.510504281942552
-0.00491525067510748 -0.0144515008816867 0.175208605091406 0.710704754002178
-0.00946263943598143 -0.015491482840664 0.491234102464622 0.16724784856318
-0.00550500958062112 -0.00179387618538061 0.295413630346451 -0.215507413289182
-0.0128720035725363 0.00637821659560975 0.0027189770436123 -0.305524886969434
0.00221661827013976 0.0118641437360747 -0.0119466465203722 0.209029803270542
0.00769658166661834 0.010349449202632 -0.218152646522728 0.0631328461507747
-0.00073484452272399 -0.00175854535912652 -0.348725200101186 -0.2221455234796
-0.0142562158405266 -0.0138251659140509 0.0399286814480492 -0.564819346036141
-0.0176036864053887 -0.000996418688228083 0.698267159787377 -0.268573732750903
-0.0114438684393621 -0.00304239650888099 0.59796437391497 0.442375259293114
-0.00318977580774953 0.0147985319871213 0.0344824817886902 0.521026648203064
-0.0015997943641246 -0.00483200625479003 0.0460831136911689 0.0616987006982097
-0.00913266191763618 -0.00728447455923602 0.00742631874390386 -0.453265382257882
-0.00287002988433617 0.0114824170656279 -0.69512951034122 -0.362614352227151
0.00258938271622836 0.0143952017243025 -0.701179894372526 0.53640469990031
-0.00029922125376507 -0.00606024633870767 0.195014620917591 0.703954498565619
0.00603473083321303 -0.0114507246176964 0.497319107683983 0.15167054947322
0.00656708054122832 -0.00180779571815256 0.294913851977809 -0.2189947723452
-0.00945053180919602 0.00309901001421352 -0.000967180124562353 -0.300084394889413
0.00581005038873458 0.00930291455072524 -0.0184265369777513 0.212971217066341
0.0169949330073904 0.0138581621445237 -0.217603886592711 0.0670748060989624
0.0101271861174097 0.00809902870885335 -0.346293113865737 -0.226764636453448
-0.0136715119461609 -0.00349643050616692 0.0413492888390858 -0.567440087850651
-0.025116758517988 -0.00134555046116503 0.696750734903121 -0.263366823218652
-0.0142159512299813 -0.00944020152840301 0.594384026406603 0.448134514174121
0.00138760125818082 0.0109380337782224 0.0331765868954133 0.517179530060349
0.000591900522722126 -0.00623556765754834 0.049696914963759 0.0570507728364866
-0.00771864768111446 -0.0121376032762395 0.00885859294441058 -0.456203360645029
-0.00815327975160145 0.00491795663975661 -0.698544880798143 -0.355341699064764
-0.00319938677267528 0.017761918755648 -0.699007630401213 0.543934144062803
0.00610601921434244 0.00230112265169833 0.193416098017713 0.698339671536838
0.0213940962309177 -0.00613939608869069 0.498572097332097 0.143588124332317
0.0175288357647701 -0.00258802540197731 0.296167270523687 -0.216590911656173
-0.00462431419801248 0.00128046514403304 -0.00443683720838781 -0.294223844250152
0.012084274994253 0.00625456682429206 -0.0241600573819319 0.219756625296796
0.0236068387984759 0.0169623632047977 -0.218093009411507 0.0744219290654061
0.0187845323115602 0.0173466950184634 -0.349861597334193 -0.221469058731388
-0.0118642602112981 0.00661850198794252 0.0264537772610727 -0.573794006761513
-0.0302948917093011 -0.00124849003423841 0.687245350082754 -0.274362215685671
-0.0158197636961097 -0.0145270609960202 0.602330198125519 0.436368888431719
0.00301463876681514 0.0084126605465374 0.0449799742246002 0.512054203064384
0.00117324500414002 -0.00623717627356033 0.0552907199930233 0.0527122349982834
-0.00639268682237534 -0.0151840365379318 0.0150906650033524 -0.459919959246577
-0.0103834952112743 -0.00224504134674479 -0.696269638626038 -0.368466748867765
-0.00762816432805636 0.0188103169168256 -0.714471304870573 0.532753506953961
0.0124230950364879 0.00985456155581407 0.176865700644473 0.702036615194429
0.0338320406259953 0.00041662642185374 0.494184990593974 0.151268956698555
0.025517658940755 -0.00331516376205143 0.299619394965485 -0.207873526904694
-0.000653426693981116 -0.00259569731531556 -0.00837077967023528 -0.284186926295918
0.0158554233450959 0.0038619243808097 -0.0297650670477097 0.225636014964889
0.0284494190711882 0.0167748697875326 -0.221737108275976 0.0886882206254154
0.0248983079389943 0.0233094388131466 -0.359213324605358 -0.209449621957725
-0.00694248075450323 0.0124545551269053 -0.00666590337292321 -0.576134080875941
-0.0305304383769768 -0.00213354871784822 0.664536152622784 -0.307087590762075
-0.0159134140070255 -0.0181694384562386 0.617202354627547 0.402757220003905
0.00334073204253572 0.00838327279936928 0.0613425346240284 0.503686668429803
0.000582856060037931 -0.00376965322157981 0.0608796465203782 0.0499295510006094
-0.0059791709355261 -0.0169053154004435 0.0286323562158282 -0.469091055926427
-0.0119876331578579 -0.00778374641423086 -0.687342311227613 -0.399767349115908
-0.010889587053314 0.0178668563224586 -0.744384909146336 0.503992630415138
0.0161359110137626 0.0165131850114739 0.141304486461998 0.707753106182665
0.0399880250780465 0.0066972030158509 0.485429581331578 0.168493724036825
0.0303743162511965 -0.00273310459137586 0.302420302996048 -0.193218015111238
0.00417451959265124 -0.00579466142189521 -0.0104372500706187 -0.274900561543205
-0.0069776299569251 0.0150012864595462 -0.0031240688191645 0.217505838045524
-0.0241092798827086 0.00123272129841574 -0.230664666919673 0.103419832517284
-0.0394641730669721 -0.016328799775688 -0.402889873479011 -0.143384215326102
-0.014920047456715 -0.0334782687517877 -0.0888150607459782 -0.544684683689854
0.0120387914191366 -0.00744164537877515 0.60239639289757 -0.423388783066198
-0.000215601926332385 0.0152860476732054 0.657637404785712 0.27973781154158
-0.0177643981307116 0.0349097599445219 0.109776224177754 0.487333053116946
-0.0228534515774216 0.00995040887748371 0.0477013147005738 0.0632213739756561
-0.0221501875534346 0.00866624059076354 0.0603866436061192 -0.461294894252029
0.00711088573764363 0.0192623006773693 -0.627946130185186 -0.505253769512646
0.0257100214035753 -0.00258653874442708 -0.803209452797904 0.380653698452491
-0.00719399739123694 -0.0258877449976335 0.0637393234773257 0.731774989644774
-0.0405225620829457 -0.0191493789252907 0.456256809634611 0.230126248692175
-0.0306073856081202 -0.00296091557339442 0.293214839348804 -0.179624427090557
-0.0150818313260738 0.00360626657737194 0.000887226897625328 -0.295719392826632
-0.00731582577877989 0.0158404025245376 -0.00329308980278399 0.209544960741387
-0.0202125241900851 0.000944855276347873 -0.228203818198813 0.0877944566527519
-0.033896039613907 -0.0202339847289421 -0.390429939016149 -0.165253594708306
-0.0141602456709827 -0.0347385470240499 -0.0471499367965217 -0.551885455032297
0.0075778384380617 -0.00349861842477229 0.637210663933203 -0.382308535342851
-0.00391634136837409 0.0159419295015495 0.644707383389639 0.326396118977801
-0.0157052815888237 0.0313004777683825 0.0876467137154217 0.49942833552288
-0.0184438603665978 0.0070616724271582 0.0451983174907091 0.0644856572970428
-0.0188574963440338 0.0076189762855218 0.0398852959104598 -0.455625435945071
0.00645726600677699 0.0186880985819616 -0.65081440160296 -0.45915085113697
0.0210943494437896 0.00126124549731017 -0.76917266862998 0.430183763883442
-0.0103921389150479 -0.0243639755646023 0.112916834685463 0.723085577646714
-0.0357775859692437 -0.0175146210360235 0.470521729901129 0.204346695969946
-0.0258414537234401 -0.00145412870842431 0.291154523538319 -0.195401015872166
-0.015324575321018 0.00515388853605821 0.000441889617692766 -0.302645488649483
-0.00695217012809595 0.0156310998213353 -0.00295736088623082 0.20568495331744
-0.0126161632640017 0.00264524184524028 -0.22506032737403 0.0755983815897274
-0.0233813650767629 -0.0187728660232694 -0.374332339883558 -0.189278474793782
-0.0132270529253831 -0.031185267411103 -0.00815889430485014 -0.554764738482783
0.00149201692298859 0.000477766859324817 0.665743184527767 -0.340323580187601
-0.00773912473252485 0.013492610921269 0.626225530872911 0.37465176448743
-0.0130211480790024 0.0264946343637487 0.0668321454388337 0.51084666273673
-0.0127183324017657 0.00292106404525629 0.04332920612664 0.0634974367932008
-0.0151958717939996 0.00413388700404746 0.0230103885490128 -0.450635998383923
0.00408243720359234 0.0178824810532769 -0.670577263944724 -0.412493651403068
0.0138216273878623 0.00501820499742736 -0.733855678009928 0.479496031337805
-0.0111713573122162 -0.0187575985236554 0.15747119526722 0.71235596680358
-0.0256590310090065 -0.0149830149694579 0.482944383852104 0.174421211263207
-0.0162044311746542 2.84901581243191E-05 0.288968070613665 -0.209313138484003
-0.0146381714190482 0.00637731407072927 7.17102891974639E-05 -0.302603724853063
-0.00446428849109663 0.0136533687744337 -0.00440169907877111 0.205679333738327
-0.00255528038081597 0.00523018134002597 -0.221641274634213 0.0692505183997008
-0.012476193156153 -0.0131551548293608 -0.361204998395847 -0.204455397023779
-0.0123698607436789 -0.0239174188402609 0.0195945111303884 -0.558888030602452
-0.00843008410537242 0.0026129622449271 0.686522665278712 -0.301194764737718
-0.0110266299903391 0.00823073898457396 0.610972354763568 0.41277918482781
-0.00894479541000191 0.0210310029133359 0.0507197058051667 0.515935590978426
-0.00645685447629375 -0.00104601112576827 0.0433601183695922 0.0626964091129095
-0.011442217533206 -0.00140189152812304 0.0113837339659124 -0.449449669965417
-0.000442138853896294 0.0143548643559975 -0.683117923245689 -0.374202706010131
0.00629273346658945 0.0101246843543169 -0.706831279625439 0.513082101551269
-0.00769486124712226 -0.0113253456273061 0.188708371017751 0.700575852429001
-0.0122905518698519 -0.0115532080773831 0.491773119735821 0.154217527001366
-0.00485982705989625 -0.000570740164084174 0.287437822099374 -0.218151115746941
-0.010941376805798 0.00596850945438559 -0.00260574415016352 -0.302693763815808
-0.00038664356631059 0.0123981026142283 -0.00985668657247374 0.206706082303336
0.00703901180363883 0.00958008876131199 -0.218268511178797 0.0671249088468586
-0.000331017870319851 -0.00476172113583446 -0.350529899603711 -0.216783352347428
-0.0113557534790418 -0.0149713253581605 0.0371109225482979 -0.562760475112393
-0.0172713023012658 0.00415699235912328 0.694968350395861 -0.277572864952055
-0.015155695331383 0.00116694939978032 0.600906782855352 0.433170865611942
-0.00302086366337073 0.0153904933447034 0.0433187830011744 0.51607591603517
-0.00243747858640641 -0.00500849527872334 0.0454885807050095 0.058746005881816
-0.00920173327894561 -0.00645781626845673 0.00175292331066271 -0.447757624531616
-0.00513410347846426 0.00893986909323283 -0.694200503661122 -0.351370391904766
-0.000731867866732298 0.0151020605196095 -0.690854025131038 0.536854858950221
-0.00328114637189104 -0.0024464783511097 0.206984537498515 0.69039267620353
0.00477337626545987 -0.00794340187980287 0.495922334189891 0.136651311945973
0.00610032255781336 -0.00094331769976453 0.287292096690348 -0.221869483878638
-0.00738784926555365 0.00436592976717115 -0.00664610415726241 -0.298173498964661
0.00523028200928287 0.0103164049197696 -0.0154226933780976 0.210549220978482
0.0165781062414203 0.0136914114421094 -0.21652954491295 0.0696686963290523
0.0111041297078745 0.00628803814658621 -0.347283919044984 -0.220469294818026
-0.0107889342415296 -0.00379734645118015 0.036717159516145 -0.566121023237252
-0.0249902203209795 0.00472483960743766 0.694794794813515 -0.270455496780156
-0.0170713861738522 -0.00397897775395558 0.597773943824715 0.439409876698963
0.000640840693287207 0.0118942894821015 0.0429080332685067 0.513907085791749
0.00100013224675737 -0.00587231307328189 0.0510271204000661 0.054656863994356
-0.00760640425035332 -0.0121385004259098 0.00316899931410611 -0.450096465008351
-0.0101544643711477 0.00314994800477298 -0.696918889593969 -0.342381125080224
-0.00705086491230471 0.0187552677208978 -0.686801876337504 0.544741112935859
0.0023691601689825 0.00588684963060733 0.204900151450973 0.686290383801331
0.0201112502862203 -0.00333761366747735 0.496293538631438 0.132318828871585
0.0179585006375983 -0.00176481262913563 0.287897253512458 -0.217404263334902
-0.00372816614909373 0.00134790920909292 -0.00997128506637825 -0.291546829871378
0.0102482053250686 0.00701759893374911 -0.0207444006446462 0.217107456556538
0.023640977782127 0.0163829162364896 -0.218352249953229 0.0784428052069656
0.0203501377898829 0.0158941481975282 -0.350573732754951 -0.217186009919596
-0.00880330375997066 0.0062814784775323 0.0215051260937853 -0.573333220431528
-0.0302468793892646 0.00394491811469165 0.68492634737541 -0.281933720374917
-0.0186833637175434 -0.00985673400015941 0.604222808618406 0.42611732067415
0.00258094548687709 0.00909693574353267 0.0534844538722716 0.506674331977027
0.00168775503541277 -0.00570609750123743 0.0559197946241202 0.0510792734347671
-0.00702937202365803 -0.0158279832550056 0.00782127709523468 -0.456775382129135
-0.0130465964094996 -0.00361406358265732 -0.69269645319334 -0.358032971266775
-0.0109324291316578 0.0201570025379231 -0.703437152994346 0.535053015287882
0.00961465304435962 0.0130552485298314 0.188394690591613 0.688741589824233
0.0326948321542833 0.00137052128646305 0.492638061565932 0.138258357666581
0.0257634488440209 -0.00294495571616509 0.292156674570416 -0.209680151837145
0.000753791822456467 -0.0026407502980361 -0.0114499949471167 -0.28166974801871
0.0141843950981872 0.00417520635670854 -0.0263245389251338 0.22391145802065
0.0281133077859586 0.0154332610290799 -0.221437016416396 0.0902395049783714
0.026312681672218 0.022469156125885 -0.361103668760453 -0.204985065820446
-0.00401301148528396 0.0124825634737636 -0.0108042395238963 -0.573574133463313
-0.0298827377432148 0.00256628921233501 0.661492488092456 -0.314137212619805
-0.018895341177601 -0.0134662443225507 0.618024777263052 0.394588636598913
0.00283981547056784 0.00877081210443539 0.0702886451818192 0.497692587985048
0.000510464548862553 -0.00280953908051191 0.0611632091936974 0.0475844552619442
-0.00556704922388597 -0.0173192013697425 0.0223784050212621 -0.462766299065093
-0.013587967305544 -0.00937243060094064 -0.684209436647973 -0.389699233659691
-0.0135891314085632 0.0188794129160321 -0.733147858782734 0.505428856755549
0.0130466061484465 0.0188431831037414 0.152007577442612 0.698642448671399
0.0388091844647087 0.00924032274434031 0.48570391548163 0.156873558204338
0.0294883970800162 -0.0025278072205888 0.295447501934198 -0.195897642877225
0.00489412380257727 -0.00486869445520811 -0.0144544907263222 -0.272864045477601
-0.00577337957250358 0.014655438828082 -0.00213075227178591 0.216806281201624
-0.0240803398087125 0.00124389051658824 -0.231558544309808 0.104551951059011
-0.0401832402999697 -0.0160967376628299 -0.405062401450823 -0.140983225414161
-0.0156290408633452 -0.0335795448464702 -0.0911217631161349 -0.543749834172585
0.0122828052722352 -0.00690662555724942 0.602295359935954 -0.427873615692069
-0.00102489151417487 0.0152741431255998 0.660598677137289 0.278727654301129
-0.0164511497961334 0.0346903076984879 0.109336748533193 0.48729683777527
-0.0224892314199157 0.0101512798416699 0.0483447557151429 0.0626608405606084
-0.022664169117922 0.00864676173018938 0.0608002599927454 -0.461338768950605
0.00736862624634955 0.0181706114529865 -0.631254954564001 -0.502809689802462
0.02674959175584 -0.00269355502273886 -0.802754903218247 0.38326943652671
-0.00711975411950214 -0.0273840251708459 0.0663367420326483 0.733717765090597
-0.0406932525897706 -0.0186236859783983 0.457721802069335 0.230896595111491
-0.0320482530436187 -0.00356586440642112 0.29394968808769 -0.181036882874925
-0.0142669266154203 0.00244363856049455 -0.00133301426150939 -0.296747376640732
-0.00783084387944736 0.0158977247038244 -0.00101316971449641 0.210947175897434
-0.0194423758689716 0.000924798753692052 -0.229812816250571 0.0906488217485387
-0.0338708916774924 -0.0192296996763655 -0.390213428101118 -0.164534441031035
-0.0145981034886618 -0.0347684581823674 -0.0490211278247015 -0.551243110953947
0.00791392227536622 -0.00408636308180079 0.635339542104284 -0.387185649933007
-0.00332693234732303 0.0159645856678571 0.644710896378724 0.325279364451324
-0.0150476103893738 0.0319749265714735 0.0891974657000998 0.500385038870851
-0.0176093098288118 0.00708406232064697 0.0447979734510088 0.0636194958425941
-0.0197130231976153 0.00746543876676533 0.0399292771940263 -0.455370585212563
0.00614592434646238 0.018999167384545 -0.6525947522163 -0.456837804809424
0.0215866719463139 0.000565457973745365 -0.768833105038164 0.433614103010901
-0.0103489916144651 -0.0252714459659604 0.117224377853392 0.724224386755163
-0.036718475488062 -0.0174620530976301 0.472456038040721 0.202501438765771
-0.0257447794784056 -0.00156781984071878 0.289613257367935 -0.197707948652641
-0.0165848125509572 0.00462248334418144 -0.00129799125101385 -0.302272596633855
-0.00684639408963486 0.0148742661774101 -0.00167713167679907 0.206151819590143
-0.0124154071627148 0.00299798470221175 -0.224833679616862 0.0768833022940199
-0.0248015582047347 -0.0186682272596934 -0.374525168107666 -0.1866149529754
-0.0131433492954448 -0.0311922073888276 -0.0118897407434778 -0.55601664062845
0.000766031805009256 0.000406434133045639 0.666057230630653 -0.343460713127658
-0.00833600954760274 0.0138161061136686 0.628326005134915 0.373465209560247
-0.0115881369047921 0.0279836712114795 0.0671485489703322 0.50979190867219
-0.0118800635871154 0.00394202620785585 0.0434306366848237 0.0634667046533595
-0.0158619978807315 0.00346354185279792 0.022351311191785 -0.450824736355354
0.00368618864360477 0.0176494277828144 -0.671090498995731 -0.412623716062578
0.0137229000141899 0.00447057262959056 -0.733606044419965 0.482740530499672
-0.0125115070549257 -0.018482345972718 0.160099336539587 0.712247731959235
-0.0268344252573082 -0.0146869805299467 0.485502531666167 0.174065323696686
-0.0172777863156046 2.19861378859352E-05 0.287502672895735 -0.20944689395001
-0.0151515881812595 0.00670356479786715 -0.00310648013248406 -0.304247313577921
-0.00424205605041789 0.0146905552034473 -0.00338856001511524 0.205466119807976
-0.0024740926309314 0.00484684592368625 -0.220681658805393 0.0696861682400555
-0.0124265420957428 -0.0137543672404771 -0.361178573257244 -0.203633968194997
-0.0129993976896086 -0.0244845750850401 0.0193923271813447 -0.559570894832624
-0.00863548100586034 0.00286378267151732 0.685273627854544 -0.305465679751403
-0.0120612486979198 0.00805712631357398 0.612040563805986 0.410890270456327
-0.00783647607077021 0.022150646267806 0.0520812162778128 0.515295050331391
-0.00610915382545514 -0.00129692773007022 0.0439165151179913 0.0617118397327018
-0.011418898857752 -0.00166777565527795 0.00973391942109439 -0.448262415218406
-8.46786343268553E-05 0.0138246963332298 -0.684349270481029 -0.373514198661244
0.00657044107054526 0.00959148401214563 -0.704158260123188 0.516540074869002
-0.00859696305635552 -0.0103863209223351 0.189204884371735 0.700520303507436
-0.011390681766899 -0.0117946678487313 0.491518984834177 0.152577417854987
-0.00543890565223381 0.000318685739698227 0.285962184792568 -0.219331828392953
-0.0126605366667382 0.00676621857473701 -0.00564211526572059 -0.304758022943176
0.00019930231866306 0.0119006887470471 -0.00784328816292784 0.206587091817257
0.00782488631400616 0.00923119389231913 -0.218694098466581 0.0677044787048966
0.00040133706354327 -0.0044525011557702 -0.351137378193968 -0.216487126830429
-0.0123258351924447 -0.0152069163811125 0.0356354370342676 -0.564449150641108
-0.01749201032623 0.00434829133864401 0.69577040510258 -0.280614352430862
-0.0140790850244127 0.00253919205101938 0.601402989222235 0.431234483997132
-0.00285528703170738 0.0169264969261924 0.0444999971514205 0.517685489462648
-0.00147869581161251 -0.00403490283943212 0.0465058328623986 0.0583491255195821
-0.0096235563088992 -0.00717472707503344 0.00160079628777534 -0.448189899867406
-0.00518316652318547 0.00918534588471023 -0.69348634154878 -0.349098222058482
-7.90246042519788E-05 0.01549865431488 -0.687279575804391 0.540751827079431
-0.00330723286790653 -0.00271877518325081 0.208341724773025 0.690981645843119
0.00385409492025397 -0.00756339870758075 0.498477200572416 0.134651985573749
0.00721863356793521 -0.00120077159527821 0.287282690067698 -0.222242229302563
-0.00874882499663105 0.00478727334764183 -0.00899372870529014 -0.299205160805953
0.00520025772842687 0.00970638127645829 -0.0141551843306872 0.211468344678631
0.0163618640083494 0.0126024039805374 -0.217956662326741 0.0710334795224573
0.0111088680563319 0.00625087072193045 -0.347811845352693 -0.219946823842188
-0.0108472192149376 -0.0040678825498387 0.0356833976376358 -0.568155456584504
-0.0250616780741401 0.00494859224420142 0.695131263828217 -0.274714988140872
-0.0168958335556582 -0.00447273489646767 0.598452597893182 0.439270047212126
0.000639927089179531 0.0118248765915584 0.0440660147058566 0.514007441907977
0.00137337862394305 -0.00660814599653941 0.0506389311065686 0.054917794622804
-0.00799894855636058 -0.0110314210988255 0.00265411007488705 -0.451928757126702
-0.00955428582199357 0.00322798199282019 -0.697936810523497 -0.34402968168659
-0.00669710047284303 0.018862550429144 -0.685728666833393 0.548191599562166
0.00276102950629972 0.00524734617207511 0.207197478230966 0.688948237202404
0.0202687087806472 -0.00392435301910893 0.496336386861286 0.129545827576471
0.0169899312912967 -0.00237444166379965 0.288274509333608 -0.219396381909075
-0.00429174787983985 0.0015874906787386 -0.0112420480862417 -0.291918349265662
0.0101401015863426 0.00733940498886537 -0.019622319025405 0.217153494015492
0.0244177304459595 0.0153452162158286 -0.218890674165557 0.0791190583124155
0.0200702856806813 0.0153784167534815 -0.351377878961514 -0.215968796782579
-0.00849845253349599 0.00499468059174908 0.0208435388285088 -0.572494634878689
-0.0301288316779378 0.00444811962300782 0.684017690911937 -0.286546328858255
-0.0181952436663823 -0.00962655223397196 0.603605816638267 0.424427718023898
0.00341358990357196 0.0090450421142879 0.0541729458863032 0.507387092597246
0.00206850846927035 -0.0052462791470083 0.0563640995770662 0.050370702204094
-0.00630007533947925 -0.0158793727934994 0.00888228885026619 -0.458132363409597
-0.0123991594585407 -0.00310556773431692 -0.694230749160898 -0.354991358962876
-0.0106276062539804 0.019214769719834 -0.701340167180932 0.53897372704457
0.00910045291008334 0.0129147123987924 0.191691301495369 0.69019103963248
0.0328513569762043 0.0020268255939124 0.495514671831778 0.137902974685741
0.0258332914691054 -0.00244640436114428 0.29031709742686 -0.211474622333099
0.000429835719182969 -0.00213169887700592 -0.0138401319308386 -0.282774322322281
0.0146714173265067 0.00444105113697226 -0.0247780037632187 0.224570341589674
0.028147066625313 0.0159104565539065 -0.221800669533454 0.0917359421801838
0.0259318723103614 0.0217249634610694 -0.361124283218682 -0.202975487174055
-0.00466801284208513 0.0115420974404514 -0.0124949958248449 -0.576297025384581
-0.0301341261786685 0.0033943492139476 0.663123521401128 -0.317988382636304
-0.0185469153561199 -0.0131793212563202 0.619862047251362 0.39425617178746
0.00272393275582172 0.00888869579739846 0.0701719942315879 0.497767876195798
1.23561007916531E-05 -0.00331073292813619 0.0613303152633219 0.0479442660088156
-0.00561766467460937 -0.0162959995540386 0.0222067801031969 -0.465083393566894
-0.0138424622295328 -0.00930728505119994 -0.687092627926458 -0.38791760095392
-0.0133952986324621 0.0187378346130888 -0.732565195460842 0.512510909377815
0.0127713707497715 0.0193057024641979 0.15562989249811 0.697951775549844
0.0387847779750711 0.00882827735718391 0.487259983326716 0.154906684979564
0.0299153496861219 -0.00230140933758364 0.294329282407188 -0.198067397443111
0.005072169046938 -0.00551872562241239 -0.016938645954231 -0.274139668526167
-0.00605119309137224 0.0128565818301667 -0.000976596131093476 0.217715807257652
-0.0237638585687204 0.00132291661050346 -0.232455976086944 0.106622662556031
-0.0401432194578985 -0.0161816426186036 -0.404395162316747 -0.138673585743701
-0.0155419895127594 -0.0333557725144374 -0.092780808243995 -0.546615958606476
0.011766213892558 -0.00696029116428589 0.601826980394708 -0.430275708791128
-0.000757738132938508 0.0153034199722265 0.66091936488912 0.276496449465888
-0.0170970970834854 0.0347960775453966 0.11047585890417 0.487627621214657
-0.0223529480946508 0.0111317974577134 0.0480920646121466 0.0623896023358814
-0.0223853873049576 0.00888199529740355 0.0600682110099631 -0.461444169549198
0.00743796138519682 0.018881353521736 -0.632827227315396 -0.503365234014723
0.0262925915209563 -0.00327920812829067 -0.801679304417295 0.387507275800494
-0.00755940664308194 -0.0268394465295916 0.0714873508268786 0.734494044297244
-0.0408105609275663 -0.0171874754647179 0.460081342141414 0.229174570111504
-0.0312478923315745 -0.00249034694687555 0.290716668549405 -0.183128885724484
-0.0155257680003318 0.00217896684020188 -0.00321617230366516 -0.297330333155518
-0.0078634155522561 0.0151777568863625 0.00130667215620332 0.210197405747106
-0.0203726013217496 0.00129493270431617 -0.229318030620491 0.0908503240000055
-0.0349501319257061 -0.01955610738136 -0.391072861644359 -0.162045943119381
-0.0146771017849611 -0.0348127322587424 -0.0515302369744043 -0.552205954173545
0.00812558125116454 -0.00316018920505253 0.636274183556347 -0.386381628843648
-0.00385009632135706 0.0165542974717899 0.646234255296644 0.322367760342436
-0.015453233842748 0.0313284042909463 0.0896425673601073 0.499910888707502
-0.0174460920259237 0.00654828924725707 0.044835975372174 0.063232072488621
-0.0194986150472776 0.00698615626423828 0.0400657248208447 -0.456710320067124
0.00715639109686687 0.0188347684961259 -0.655328026831798 -0.45494696172004
0.0212172477953002 -7.62420149636438E-05 -0.766322074277709 0.436936076557975
-0.0115191474269556 -0.0237477520617785 0.119079408604562 0.726094996349836
-0.0361346496745834 -0.0167106933088313 0.474834799577884 0.200150607247161
-0.0266529924867607 -0.00174485987027619 0.289442942741342 -0.199281336030239
-0.0162767901394761 0.00637491739013312 -0.00333724671966747 -0.302109975353874
-0.0065733491903778 0.0146252055721702 -9.09374457515947E-05 0.206853886366735
-0.0128413797687027 0.00171508605276007 -0.226654179836949 0.0793990150533397
-0.0250641022978034 -0.0172862015291666 -0.37562559729454 -0.184223356539613
-0.0142885999969528 -0.0315829512404735 -0.0120632548217967 -0.556086482166633
0.000234093346768815 0.000262767859638363 0.665104078590131 -0.345957493863124
-0.00712740605023411 0.0136956178347824 0.628749000980804 0.370860285436758
-0.0113319398253873 0.0271263320471054 0.0696151335188135 0.509942260375922
-0.0122988286500987 0.00327702435629388 0.0440880633418363 0.062919155500094
-0.0156141976938231 0.00419067675259549 0.0224409516784606 -0.452334677469995
0.0039189161614568 0.0178944043622365 -0.673384304758115 -0.409765580490917
0.014686926031972 0.00459369862905814 -0.730474073719233 0.484839825516836
-0.0112082998574497 -0.018155969214354 0.162816860445127 0.714233922822702
-0.0264017643374064 -0.013854676231001 0.486055262554124 0.17313105379501
-0.0178151804787649 0.00035229540487123 0.287331396772603 -0.212812188040526
-0.0149500646032736 0.00754333381418632 -0.00505485893914336 -0.3047378037481
-0.00398591363427973 0.0132720814605444 -0.00147045876795955 0.205085063242153
-0.00312887707355808 0.00460693245375523 -0.221473558515836 0.0713182351596641
-0.0129922605196829 -0.0128296728390514 -0.363364455768887 -0.200864345089448
-0.0126413086201908 -0.0241443333228732 0.0171023591252689 -0.561378138579918
-0.00909391044519167 0.0024321844172596 0.685862759734681 -0.307702364319246
-0.0127366813152855 0.0089297096556405 0.613884108900113 0.408638054723343
-0.00707283454483956 0.0212845678915229 0.0525962830287403 0.515047498134147
-0.00656271983468479 -0.00131333260991882 0.0438656423478536 0.0615365291257103
-0.0116099102410988 -0.00150005717538489 0.00888166589080836 -0.4497874077571
0.000391711125022226 0.0136576041316509 -0.686015596663645 -0.371885763366447
0.00689085689761793 0.0105311212667721 -0.704082542683003 0.519103458083512
-0.00869587794854483 -0.0113522815279411 0.19393244308631 0.701556417921441
-0.0126942098361801 -0.0115074753867489 0.493034502525681 0.149321074450587
-0.00535884471602292 -0.00052597377843599 0.285195976123958 -0.222293270240752
-0.01258786843678 0.00635384994467782 -0.00758762419025984 -0.304948404837457
-0.000232593198031565 0.0121299400689518 -0.00611022553702839 0.208097683063302
0.00725305050368191 0.00909670221805913 -0.218308487409167 0.0689118611399357
-0.000305467665341215 -0.00388783361049033 -0.352062193362948 -0.214111074836331
-0.0124186996839362 -0.0145538457668 0.0332691689060769 -0.565638315547878
-0.017553428574322 0.00355849741663223 0.695650019960924 -0.283665555909628
-0.0149178047904195 0.00201625012210594 0.60144193471391 0.429308499153431
-0.00225784067191451 0.0163410548855336 0.0451581463637382 0.518149132963638
-0.000934976511130122 -0.00371688101718332 0.0467994479858251 0.058599257100979
-0.00954818518403007 -0.00617403268701113 0.00104607504231356 -0.450766741774329
-0.00516154618124903 0.00894595567920513 -0.695389908308154 -0.34650936020744
3.79606343865434E-05 0.0151386862625766 -0.686862563222187 0.544309916828708
-0.00352503270850048 -0.00263710445697381 0.213726267696493 0.690805856805317
0.00463478933958448 -0.00748043571387579 0.497013901953405 0.133587361226143
0.00713415743035037 -0.000521717758606034 0.28513165668211 -0.224962735063156
-0.0091404793747759 0.00552260059861686 -0.0103326377532799 -0.300983722155365
0.00538391737835994 0.00976851064586134 -0.0128645544580128 0.211501567396519
0.0171869502443506 0.0126650815175267 -0.21774019626783 0.0722264600378274
0.0112194156720947 0.00669650775409876 -0.348687259483858 -0.218416915970158
-0.0114136185678884 -0.00425972080321903 0.0333387658946034 -0.569108728434938
-0.0249647158356523 0.00548169402627919 0.695498378785961 -0.277495617084265
-0.0167219028126259 -0.00415213422192179 0.600326130856588 0.437585872167614
0.0009970823607505 0.0119681266755111 0.0452241320116939 0.515030518552379
0.00207720123281931 -0.00549885549440543 0.0498142683659969 0.0539191126007164
-0.00728631771838724 -0.0112956406503375 0.00163039538100034 -0.452443771331623
-0.00992783016395433 0.00271790318618614 -0.69927470314864 -0.34206434727853
-0.0064206295020715 0.0181037472689108 -0.684925394531389 0.550092382903119
0.00291529126316501 0.00554895101191997 0.211493937581985 0.688969798741547
0.0199792655679175 -0.00262990608005346 0.499615021728327 0.127552920335706
0.0173193013218771 -0.00222202815460102 0.28776238072598 -0.221441376828196
-0.00500490262248253 0.00148067777910847 -0.0136363735750598 -0.292106464723232
0.00986142452884072 0.00699391823876048 -0.0179064406003452 0.217429977607637
0.0236471222518976 0.0152830966086793 -0.21819061640648 0.081226563147913
0.0202745094466138 0.0155700713795753 -0.35261506327464 -0.213632352679999
-0.00875812811244154 0.00595173170676866 0.0179673757621996 -0.575296403030179
-0.0298671848091716 0.00481147638577825 0.686895437751235 -0.287587056909743
-0.0177926229598727 -0.00951502140574753 0.607063252080546 0.422358121306716
0.00307437708790809 0.0102343188323441 0.0554434744638652 0.507950049157878
0.0016178979155505 -0.00482251309874156 0.0561914954711788 0.0502361575818622
-0.00710634173875752 -0.0145241571177785 0.00625538983325151 -0.459127272225117
-0.0123510208401104 -0.00352664088476387 -0.695882217740641 -0.353298346072745
-0.0112147650188224 0.0191203979729894 -0.701712956651563 0.544083356708032
0.00878874453269111 0.0127713411099637 0.194746232367381 0.691073208256055
0.0325940386562865 0.00172622449068118 0.495052414486172 0.135094598815159
0.0249950869869552 -0.00257927556398697 0.290234099128128 -0.213616339842174
7.6659966854751E-05 -0.00205932427001736 -0.0171866336873358 -0.283183686232512
0.0141242092043494 0.00336579835098687 -0.0228496735934508 0.224922546917458
0.0284327473433581 0.0159791623853241 -0.222441198111585 0.093490398696309
0.0270200899732433 0.021789923250234 -0.362558264556962 -0.202338275919579
-0.00546436888613915 0.0122106913000823 -0.01497500645994 -0.575847301913969
-0.0300598088843151 0.00323514319574425 0.662630930844999 -0.320209511058615
-0.018256284559376 -0.0131309844153893 0.62101809600161 0.391888996391179
0.00345644220895639 0.00955738956514378 0.0716197063507544 0.499050153033818
0.000229100929040005 -0.00339372053512574 0.0619905834747751 0.0479893092241672
-0.00679140705473241 -0.0162987102385565 0.0208279232273032 -0.464886327849277
-0.0144399354316017 -0.00896533558356953 -0.688215295287336 -0.384536909476792
-0.0131921204819279 0.0187535698425393 -0.728969829538519 0.515527424057534
0.0130838871836781 0.0190604515846596 0.158868602028151 0.698917966159174
0.0393980394247453 0.00848817782026295 0.488519032379408 0.152628198921174
0.0301401011438023 -0.00245736484072824 0.293988969374452 -0.199451291407287
0.0036151125535242 -0.00459358460133563 -0.0187528764155809 -0.275701269819197
-0.00601316407885172 0.0143123260181642 0.00121922925062522 0.21692468434451
-0.0249680971505812 0.00129831421639694 -0.232110391621117 0.107170746892486
-0.0403084774100159 -0.0166546738971722 -0.406139480602001 -0.136506758701657
-0.0160474904769155 -0.0330198690291992 -0.0936648803917433 -0.545175296203114
0.0116313230706765 -0.00656222687932061 0.601191441142326 -0.433289376733499
-0.00144341079933362 0.0158119522401249 0.662715279398888 0.274783434291818
-0.0161998595605003 0.0359831102251059 0.111854876374889 0.489017486137184
-0.0230701504882295 0.0109085965332566 0.047300196922804 0.0619587875172811
-0.0233680173502022 0.00904596519588304 0.0582051550288975 -0.463625528303588
0.00701459570062485 0.0188502141578489 -0.634533258560935 -0.501551806344008
0.0262230356974504 -0.00425690217794761 -0.802820599538558 0.391372395314519
-0.0071494710195274 -0.0265989456366986 0.0744692222249788 0.737499990072576
-0.0418266277551637 -0.0167710053312866 0.460920650503171 0.22670728714066
-0.0314690298771214 -0.00236097108386479 0.291880738349006 -0.184344394329613
-0.0157300749181153 0.00337903422152735 -0.00577721651426072 -0.298242776873877
-0.00700042038553813 0.0148548593773915 0.00191855662289976 0.210527970519072
-0.0200850217048285 0.00089884246225007 -0.230340556712073 0.0922779783603253
-0.0346003719259418 -0.0191456599687503 -0.391977000794342 -0.15980842689084
-0.0150962285161115 -0.0347651860788078 -0.0517741299313836 -0.554281978169918
0.00760381322677792 -0.00287288443759462 0.636314437264562 -0.390265164519184
-0.00403481470687711 0.0165816622059312 0.649488033278928 0.32116378210585
-0.0140789818407214 0.0323531929330299 0.0906451501665482 0.500970508588694
-0.0183042409914491 0.00723148045212528 0.0451195147607871 0.0639020471416465
-0.0198470127816685 0.00828872168650473 0.03807050550882 -0.457746786402486
0.00684808081471457 0.018964299857526 -0.657959011952686 -0.45436012651115
0.0211916276825852 0.000341912686815872 -0.767306185721299 0.441367807015731
-0.0114514666814028 -0.0246396232392153 0.123388466437544 0.726654010252388
-0.0367813648342004 -0.0159703516189126 0.47452997360243 0.199806592431027
-0.0269251408319637 -0.000527218067571235 0.288773731709536 -0.201162423718118
-0.0168266132056835 0.00634103819316607 -0.00639713599387647 -0.303932650266336
-0.00704382832323488 0.0142538955108258 0.00190417753536452 0.207218874349391
-0.0125273609434103 0.00268928418636708 -0.227168764606411 0.0805530230612947
-0.0245393748679176 -0.0190260275226543 -0.377193001312457 -0.182885603153125
-0.0145668265129003 -0.031440504680194 -0.0148635570613785 -0.557472155917193
0.000176078145533174 0.000462508546499082 0.667104900131974 -0.349470229710044
-0.00825676936289581 0.0134665410042796 0.631047218170753 0.369346361650713
-0.0111754209832906 0.0279472001526208 0.0690557128629075 0.511640184684257
-0.0117049966404582 0.00316840494611869 0.0438954847801599 0.0630961749085436
-0.0155594198536648 0.00428929623921384 0.0199707494955897 -0.453717693505871
0.00325193908922704 0.0176796460756676 -0.67539633971735 -0.408385924211664
0.0144711665045998 0.00444421809251586 -0.732553025733787 0.489525972569328
-0.0111454373150639 -0.0175608771569927 0.165295359790159 0.714369504036198
-0.0267288382621273 -0.0132669362818118 0.486461831638943 0.169607698695783
-0.0177151805854354 -2.25849212982633E-05 0.286419353278243 -0.214457352199774
-0.015141023729755 0.00690566550102265 -0.00628443592448155 -0.306191428053273
-0.0040629852577087 0.0135263031085486 -0.000920476911188642 0.206123913339638
-0.00287877812448023 0.00512325608168877 -0.223727583700466 0.0722978938627973
-0.0125126365549853 -0.0142197495678127 -0.363442141453001 -0.200004177924443
-0.014019215020369 -0.0233225062487922 0.0156010324841487 -0.562345021855116
-0.00832199886588232 0.00459648953244173 0.68747625969056 -0.310667003653074
-0.0121868682655954 0.00935303431699575 0.616437940426609 0.406232490609064
-0.0067577411994598 0.0214411220699705 0.0534576041152753 0.517060973875462
-0.00638346726025098 -0.00116430678203355 0.0441130748100585 0.0616312387807004
-0.0119942171323296 -0.0011823908479566 0.00809703429908844 -0.45159905680919
-0.000380769332685673 0.0139623421239063 -0.687784677288249 -0.370220387009608
0.00702988115576029 0.0108558330962471 -0.705001145756477 0.52395852316081
-0.00885363979942385 -0.0102597660659118 0.197708818229404 0.701609831095134
-0.0120088216418953 -0.0117873507540198 0.494721699853624 0.148765224459699
-0.0062910466850629 0.0003964760438931 0.285317001247049 -0.223618110661186
-0.0136386887746781 0.00705168223144945 -0.0103842471458292 -0.305047499018185
0.000168678480507602 0.0115897190563644 -0.00527687171144494 0.208186604533518
0.00707642021599584 0.00854738486176432 -0.2200833104504 0.0707100159804279
0.000276133638943144 -0.00433399551887099 -0.353720693081239 -0.212637255765558
-0.0133970371014875 -0.0142666521427586 0.0321402193145061 -0.567060795396797
-0.0181281110834994 0.00512478685798405 0.697543457236386 -0.287832025908445
-0.0156155195399811 0.00276828014681604 0.605580771562243 0.428669688127782
-0.00197792639764871 0.0165109308399726 0.0459523503876566 0.518179503392566
-0.00141251701038335 -0.00425673692145236 0.0468883898681562 0.058716433891484
-0.00988505800224508 -0.00704754244923783 -0.00181552120182805 -0.451036095494145
-0.00492009513341496 0.00828475574640727 -0.698266289798801 -0.345261679494895
-8.11633208858478E-06 0.015007315138148 -0.685574449654736 0.549395737979108
-0.00387323828989879 -0.00175026258388765 0.216153574546388 0.692903417897843
0.00383487762170199 -0.00788716621433204 0.499275067340547 0.132662994250261
0.0066471391407847 -0.001391745062209 0.284441261273397 -0.226904158428446
-0.00979641508117431 0.00504264269514653 -0.0129482719699094 -0.29945101458946
0.00459241867568301 0.00939690549294594 -0.0107232062469555 0.211879165326404
0.0170104642107839 0.0126364921872006 -0.220258768604191 0.0737374699401766
0.0112463181339539 0.00577944179011829 -0.349133846456883 -0.216767788469557
-0.0112134027098814 -0.00414791571548511 0.0311510272809641 -0.5719845432568
-0.0254760676064378 0.00527976465486379 0.695098744417168 -0.280727601127358
-0.0173881465992009 -0.00385885901882904 0.601405638280168 0.435672425715975
0.00165136204978397 0.0123180531323865 0.0456944857815794 0.515454367218939
0.00174193349585041 -0.00551121643104339 0.0512769785236822 0.054210922680748
-0.00814215593376517 -0.0119747303195493 0.0022959837043617 -0.452979259775885
-0.0106072255985505 0.00353647376486973 -0.70170096276695 -0.340688200742008
-0.00691637120256746 0.0186138582084854 -0.683100590535615 0.557864752044654
0.00297521435158623 0.00593714345163284 0.215238831215996 0.690697478468274
0.0191484169226343 -0.00326029002367541 0.499989379992358 0.124420362014398
0.0171062056595885 -0.00221479613621399 0.286563246509977 -0.223777642761193
-0.00489270825140493 0.00234988344962718 -0.0159432030190743 -0.293085116347068
0.00953581943328275 0.00607522245788685 -0.016618240125811 0.218458596739957
0.0245999665930334 0.0155343980898066 -0.219939681136075 0.082259313658019
0.0211497709534601 0.0163460594509655 -0.353526964108513 -0.214006083132102
-0.0082991724058514 0.00518055505606343 0.0158424259922966 -0.576493025373359
-0.0301611612231161 0.00519755453959679 0.687336707063197 -0.292849751764707
-0.0181622035818159 -0.00938091803938732 0.609848587371969 0.420676379810394
0.004174324676265 0.00929862934121359 0.0558785887937332 0.508198828765065
0.00211048483936011 -0.00564870840046689 0.0567392716384012 0.0506374579206466
-0.0071492551352967 -0.0147870720838047 0.00597910856145367 -0.459955077766248
-0.0134189547038067 -0.00404770761634263 -0.698681686744257 -0.351628523001152
-0.0111113869677878 0.0199716042390742 -0.698134213579645 0.546724687996778
0.00881658465105693 0.0135691599057614 0.197165345408934 0.69147592999716
0.0324360226400476 0.00218927002848945 0.496452595857352 0.13283958946102
0.0256892350506997 -0.00270334151147455 0.290130366723891 -0.214951434091091
0.000215939631392013 -0.000943206818508988 -0.0189945723608466 -0.284181381518034
0.0146969589555852 0.00379648196206195 -0.0214356095608634 0.225522691382477
0.0282192796520986 0.016450476218827 -0.222392275737921 0.0955916363731507
0.0262558022378989 0.0216144671999688 -0.362578187856602 -0.199355031607566
-0.00466384027710115 0.0118645190125821 -0.0177348033577612 -0.577606982442554
-0.0304816995262869 0.00391592743738297 0.662296445669952 -0.324253770959686
-0.0188411832299 -0.0134788749215889 0.622695929560366 0.390211157184117
0.00401074664234151 0.00958626387902793 0.0736001242391705 0.498207882636083
-0.000268080911450371 -0.00346362352878679 0.0616976068905255 0.0479885559570565
-0.00612110288934162 -0.0168177170872451 0.0213777025884309 -0.467726041252045
-0.01384617326075 -0.00979758607726461 -0.689429536151088 -0.384977332149928
-0.0128111821902172 0.0184413284516109 -0.730171432774168 0.518910616997398
0.013349171893221 0.0195888464594474 0.16230456216739 0.701088695879217
0.0389709468329715 0.00863851902590044 0.489133060496289 0.14964893139639
0.0294146607294064 -0.00218420826181009 0.29375922038514 -0.201381615913035
0.00352328466829677 -0.00470999177100664 -0.0206188495567117 -0.274986130695377
-0.00590261034572554 0.0136644796346167 0.00311674077411013 0.217362633760973
-0.0244694638002386 0.00123148517259034 -0.232932030589136 0.108678288411208
-0.0403435676410225 -0.0159091542491892 -0.406656128631634 -0.134593764776448
-0.0161171425465259 -0.0335206424677062 -0.0958711800879755 -0.549247228934613
0.0105752202725726 -0.00657757185341769 0.601997715092081 -0.435962424903649
-0.00158156867057329 0.0163643284896247 0.663206588499866 0.272433303576012
-0.0158562809713648 0.0359084791304516 0.112716598108195 0.489584293565018
-0.023027505895331 0.0105197790489999 0.0485328732002468 0.0617843042496057
-0.0228946049613966 0.00889020310832474 0.0584336025482341 -0.464998680842495
0.00707437950833208 0.0185565109324333 -0.636657945952702 -0.501278572123088
0.0265105155033331 -0.00412067929908588 -0.802229864789747 0.395879584291436
-0.00754868169267965 -0.0271405471579977 0.077983563700053 0.736801999369546
-0.0412446876804083 -0.0171658480383082 0.464116504337147 0.22683848794602
-0.0318888909289419 -0.00173501448664728 0.29185663423782 -0.187285821342849
-0.0164349319942508 0.00323213818698262 -0.00721735653383311 -0.299826136165513
-0.00752562358408655 0.0143809115937794 0.00333093974693899 0.211394104813453
-0.0209075548090639 0.000907346428976114 -0.23125346289872 0.0940090667849032
-0.0344736327792377 -0.0195723782405368 -0.392424308247436 -0.158779950458913
-0.0153280089507653 -0.034309993322486 -0.05482883156327 -0.554258317976785
0.00658940254693104 -0.00320226580814622 0.637961158789076 -0.395273087701763
-0.0047305991215425 0.017071838269848 0.650870205208809 0.320519158556937
-0.0139564265678109 0.0330505443886071 0.091981005074353 0.502075728839386
-0.0181650517095793 0.0075388739943038 0.0453642402579646 0.0628078764124602
-0.0195814127050913 0.00735986963227509 0.0389540597593738 -0.458782332932104
0.0068548208420434 0.0190795404763207 -0.660808588622246 -0.454620163310379
0.0215228717248202 -0.000227055106332523 -0.768241935970667 0.442633583073818
-0.0102697288734972 -0.0246125353352819 0.126175957805782 0.726605646524491
-0.0374732550470676 -0.0163977566912756 0.477223100686137 0.19909378057985
-0.0267037955886705 0.000156590250108439 0.288692086998704 -0.202800799629273
-0.0180834311102178 0.00672138614930439 -0.00835670214254376 -0.304533976496574
-0.00648526528079339 0.0144045031676939 0.00334691595985272 0.208681941024916
-0.0122059088117727 0.00268481877195577 -0.227996702928721 0.0811566002627489
-0.0249171118990852 -0.019078323401052 -0.378252828782954 -0.181150758524874
-0.0147172624456605 -0.0310440460752943 -0.0153070271727487 -0.558714209951253
6.94566528909365E-05 0.000468402857618812 0.664973743906515 -0.352779195109194
-0.00832786809800105 0.014276480535151 0.63300031182792 0.367212080345467
-0.0103139929260457 0.0276113537700871 0.0703945693892506 0.512251127960501
-0.0114597680142512 0.00323162076313244 0.0433898286640144 0.0619418024187719
-0.0159765444102308 0.00414804269689304 0.0205539832343242 -0.45580122575944
0.00367516308911772 0.0171895830411299 -0.677545909319201 -0.407948255435984
0.0147171209827949 0.00465899278350762 -0.730858102557714 0.495266624185228
-0.0113242303668329 -0.0183899560586317 0.169107217584868 0.715979502522451
-0.0265679670235161 -0.0143482134306427 0.487702079738887 0.168740804944994
-0.0175105821403568 0.000514942838783823 0.285940353240846 -0.216414285264129
-0.0162797516692862 0.00760713678577521 -0.00906211973809407 -0.306703834287073
-0.00434627482187304 0.0131246952781521 0.00133790139706933 0.207553767819246
-0.00377217239591186 0.00546934501853744 -0.223107096154012 0.0746744683195827
-0.0124956639393411 -0.0130322610020207 -0.364447096400244 -0.19791318878203
-0.0134179805101234 -0.0247305698696221 0.0141232419942182 -0.564606557380646
-0.00969144754813505 0.00317445243862013 0.688419387128735 -0.313992358909021
-0.0118771347539039 0.00956730617179162 0.619216129573829 0.406175199840631
-0.00643464260732802 0.021532435213903 0.0540465360553213 0.517870011635962
-0.00588537678515593 -0.0014207557562647 0.0445057603653782 0.0608374771482266
-0.0124110933501417 -0.00161917428188827 0.00838261340758758 -0.452094377725045
-2.08680327022015E-05 0.014269338258291 -0.689757943088501 -0.369132085633429
0.00651522584980951 0.0102735396615841 -0.701746058433591 0.528242433330754
-0.00971220276152368 -0.0104500553817012 0.201895466839733 0.702246745116342
-0.0130557162873382 -0.0105218117975668 0.495001773426174 0.147485549164278
-0.00565553685194434 0.00105399093125607 0.284139633711218 -0.224120857972182
-0.0133583427053413 0.00676032647826314 -0.0124054627812404 -0.305848811765724
-0.000503403687872104 0.011385233460565 -0.00310009117960783 0.208216345767611
0.00784419806344451 0.00837868092035199 -0.220940451845621 0.07203979944975
-0.000670411089118181 -0.00400436487644211 -0.353863908510917 -0.211240083740394
-0.0125724256224834 -0.0150116146094438 0.0294864419379078 -0.570228910138653
-0.0184391533641141 0.00604094814379742 0.698446525463086 -0.289142294890589
-0.0154207359801654 0.00258706635680154 0.607754296088046 0.428695037390909
-0.000959500161907216 0.0164792593567706 0.0474876029141848 0.519802590925998
-0.00121122247783576 -0.00349886095500532 0.0472237346380194 0.0581240984084201
-0.0100307586366738 -0.00648747876106244 -0.000972907001495014 -0.454409843468561
-0.00507239847914515 0.00941606742834577 -0.700275086730195 -0.344007232951333
0.000133272634327702 0.0151990092173119 -0.686508607085937 0.553886378824771
-0.00376680612706256 -0.00285072515333956 0.218662110015928 0.694322982958061
0.00371325948007341 -0.00801273254551389 0.501006555677595 0.129844236236576
0.00665786785022815 -0.000470142877949808 0.284417315338629 -0.229057607868436
-0.0101264790882767 0.00594639821089727 -0.0153026895226859 -0.30224965850547
0.00533459338620976 0.00885068492552195 -0.00948212675545181 0.211994842266935
0.0171048848941035 0.0126928272369453 -0.220027573065719 0.0755827053653473
0.0121983909553157 0.00583665724400029 -0.350369774637028 -0.215589802882373
-0.0117383388440199 -0.00381545372823139 0.0290281431345518 -0.573496243184873
-0.0264052441121934 0.00583844584090661 0.696773126236479 -0.283603491430156
-0.0168518718959866 -0.00354771303139258 0.603467503508028 0.435532707907308
0.00276456116757164 0.0119788924048124 0.0457816726407606 0.516969270294507
0.00201815953155687 -0.00513933791120972 0.0502065633745797 0.0549166515783734
-0.00770041950612172 -0.01156993934017 -0.000490726986495539 -0.455617805081051
-0.00970483611271644 0.00303412299325498 -0.703449275326275 -0.338218967966913
-0.00607826526327963 0.0183922201663807 -0.682351507505589 0.561359829305086
0.00296568285907527 0.00542587267455687 0.217822962326107 0.6910313829547
0.0189077341296057 -0.00298510148411147 0.500028542388649 0.123228863849978
0.0167681912276565 -0.00184367882520568 0.285330750531304 -0.225477778352517
-0.00496500146276415 0.00296908370111918 -0.0181367444621737 -0.293950545929185
0.0101330350741771 0.00634115641112617 -0.0147874398406909 0.219729311827771
0.0248962516435643 0.0159868798106365 -0.220850708868022 0.0841498845187433
0.0213194273402394 0.0157824406375607 -0.353144672692297 -0.211809019570649
-0.00887963953266422 0.00536180257634527 0.0142664001472072 -0.580289058660358
-0.030900625805076 0.00519178131531557 0.685163615137114 -0.294475974853748
-0.0189983522016269 -0.00879786058231985 0.610027282200442 0.421053460143696
0.00425784286990631 0.00995545185094666 0.0560621182327889 0.509612708674129
0.00265135925700877 -0.00545801570328271 0.0571677548873029 0.0509742032633596
-0.00648610464354151 -0.0150701440826862 0.00613542374751144 -0.461349434994937
-0.0126223092386882 -0.00369806179251878 -0.70091268896898 -0.351609551123594
-0.0105030170725494 0.0196525103783497 -0.698598422018478 0.551178527446861
0.00932812374451999 0.013378394142174 0.19989751979919 0.692701296312812
0.0326984755686422 0.00158034326366878 0.497966883227575 0.131337558954633
0.0255798339822151 -0.0027899911062425 0.289173248191171 -0.217413581531451
-0.000942070640381465 -0.000580040901820126 -0.0212620039783806 -0.285182348558134
0.0140702198788188 0.00320346675988332 -0.0196691832503119 0.226585399530826
0.0284317070277091 0.0156586717431381 -0.223829470416036 0.0964077031144443
0.0276227157531684 0.0215163789249653 -0.364339767424606 -0.199314923508133
-0.0051215369411547 0.0132498528539139 -0.01937277932942 -0.582396934983261
-0.0313967728430266 0.00388618410462433 0.663399763989617 -0.325202884503235
-0.0196349663358246 -0.012473194856523 0.624315149906369 0.389546551403976
0.00535695294281188 0.00833427548982061 0.0743710486049764 0.500951447928675
0.000537754498246029 -0.00325182383719545 0.0630764617786032 0.047484488050704
-0.00665850840451392 -0.0162501163645092 0.0199159122356932 -0.467288842095125
-0.0147698576579444 -0.00921096201395757 -0.692602077807898 -0.384666789848514
-0.0135686858382169 0.0181021428233162 -0.730229224329546 0.522796813501867
0.0136755003417386 0.0192173797480996 0.165181877328905 0.702681517252727
0.0395192627411458 0.00767830661442223 0.490690324607874 0.149135910332594
0.0289480198791232 -0.00244914334992856 0.292959924012313 -0.20434206948037
0.00435460650771344 -0.00416085385717897 -0.022990943195787 -0.276583696900084
-0.00557006865873191 0.0137920998086865 0.00402079924015373 0.218304861655893
-0.0244693234528543 0.00155385156318808 -0.234812052265771 0.109966195833882
-0.0407921183887551 -0.0157399716366775 -0.407005424867369 -0.133299605329488
-0.0163836451682125 -0.0329576664571088 -0.0978794798555909 -0.547789576800453
0.0110663978981201 -0.00638022006255685 0.601524195227582 -0.441287050506707
-0.00193902383389033 0.0165159839177679 0.66702507056153 0.270868402368144
-0.0154890085693005 0.036646565251226 0.114237705031387 0.490920655706489
-0.0225262959033555 0.0116406941021665 0.049030951841582 0.0615440655194131
-0.0234046994308163 0.00871138071510909 0.0572676017180251 -0.46673922506405
0.00761644960648335 0.0181071968066011 -0.641470668427609 -0.501478383082318
0.0268114495679003 -0.00411527669682787 -0.804219222014558 0.401821270224308
-0.00800663777534346 -0.0276580135339455 0.0815774219488731 0.739952584707922
-0.0421408942251586 -0.0163340351349417 0.465615668101642 0.225064253190603
-0.0325545418049719 -0.00257861078587727 0.291574071799817 -0.188918534183831
-0.0169590168980792 0.00392858069336845 -0.0105618096766368 -0.300965924054084
-0.00713507827829938 0.0141803328973097 0.00646718615714635 0.212191860577188
-0.0200372662715093 0.00169449141473554 -0.231625123637823 0.0965189345793533
-0.0347491996843318 -0.0192805359922552 -0.393774258214774 -0.156358173352544
-0.0167329767905934 -0.0349392861782267 -0.0548464347332028 -0.556854451303444
0.0063713117466412 -0.00271384243070395 0.637229240361402 -0.396241592912014
-0.00394138626457653 0.0165992351979164 0.652531218046678 0.318522645720138
-0.0141308383619292 0.0328418998082843 0.0927042922632227 0.504158900346733
-0.0169292424721722 0.00715280172247053 0.0458640757748544 0.0637498948601897
-0.019890237136813 0.00795065451046914 0.0370083305271857 -0.46184460945069
0.00599087717481628 0.0197332811687668 -0.663132280173469 -0.452986656900905
0.0212433570488075 -0.000917410881023973 -0.767767894628815 0.448557499262423
-0.0115393560408701 -0.0242490203544149 0.131003634312687 0.730001904624551
-0.0373779262390886 -0.0156320162801974 0.479190259116624 0.196441271334755
-0.0271054465670201 -0.00039709099899479 0.28791119083245 -0.205621395994128
-0.0190056111086561 0.00674854510865436 -0.00963410800590392 -0.306481759638303
-0.00678771591323952 0.0149735124560025 0.00469864423956092 0.207814519927687
-0.01277130195115 0.00238735848304396 -0.228059934693732 0.0823232556219894
-0.0248314777977519 -0.0178917861975901 -0.378363985270872 -0.180293310458521
-0.014833197969364 -0.0313373348534612 -0.017994107968649 -0.562408854946363
5.87304712368671E-05 0.000952950506397305 0.667195798271449 -0.357197347006608
-0.00822661847061992 0.0142190409927687 0.635378386049406 0.367490983143293
-0.0095896214951787 0.0281745546372805 0.0712891745359632 0.514005961493307
-0.0117414987801378 0.00351324832475112 0.043982240770104 0.0622590883669629
-0.0162456801020439 0.00394505610945125 0.0188657118916751 -0.457462088815038
0.00405299056457769 0.0168952554539213 -0.680858152537393 -0.406727579568472
0.015510893100554 0.00392685581169501 -0.733425684421895 0.49777786475722
-0.0122757095726003 -0.0180694677279285 0.17104088940359 0.716252482275777
-0.0276124837708664 -0.0135643106291621 0.490254196810565 0.16695188045736
-0.0179263318536154 0.000659758941893262 0.285382637154898 -0.219138043760493
-0.0166750689222729 0.00780757961379739 -0.0109365151375535 -0.308843648733459
-0.0033141604128768 0.0124158694046746 0.00247797901066705 0.207481955997614
-0.00248859303569289 0.00559716529202753 -0.224675182554713 0.0756034570935944
-0.0129386274791274 -0.0132607543396395 -0.366617353837733 -0.196816990726314
-0.0146701342816897 -0.0247147243972743 0.0111944723030864 -0.565583714679336
-0.00996393711429086 0.00322217094573156 0.687607592177629 -0.317256460156905
-0.0120242171703442 0.00926281528095321 0.619691311401214 0.404404251583841
-0.00577421784148796 0.0215742595067968 0.0550266977063391 0.520554356741041
-0.00646554389054172 -0.000316033164569045 0.0442147519333207 0.0609831872219084
-0.0123307446826708 -0.00108026435980852 0.00729222803616468 -0.453363263659225
-0.000640010071709368 0.0141680710521528 -0.691971613138206 -0.366130425195077
0.00717067600997662 0.00960330608143857 -0.704424807373799 0.533610594086195
-0.00964464895855397 -0.0107342934267776 0.204361239557567 0.703727733287743
-0.0130629840686722 -0.0108746490056326 0.49934809420356 0.144009949030568
-0.00660402471934229 0.000855302969178723 0.284541099800118 -0.227854183012133
-0.0142042006072338 0.0080735926796647 -0.0149156286896326 -0.307123181785459
0.000287369114868367 0.0116635112560332 -0.00212933065685886 0.208760787160833
0.00756502846664345 0.00895707947535207 -0.221075242683045 0.0730473150960281
0.000286482208661229 -0.00455282445539338 -0.355532244317661 -0.209877764258351
-0.013395457112359 -0.0145356878098014 0.0287265548265581 -0.571633312395297
-0.0183661606714257 0.00530005507430768 0.697698215901594 -0.293516293300802
-0.0159525888956396 0.00313591947529811 0.609434213259438 0.427527844819867
-0.00076637456833581 0.0166053295893604 0.0468626107964355 0.522340214653956
-0.000711732469414103 -0.0033628133346361 0.0472313363330453 0.0578960800304241
-0.00996163640132429 -0.00682008738188069 -0.00123855266154323 -0.454574773289287
-0.0054984509969955 0.00784643650043581 -0.704176655206433 -0.342288742785565
-0.000176252861875413 0.0149251397221115 -0.686120483642781 0.557823834923652
-0.00373954091590012 -0.00340104919654612 0.223423825356882 0.69452770909092
0.0037358400921309 -0.00776978496093986 0.502797317884987 0.128560216861329
0.00554247512506906 -0.00110980400609543 0.282980653610839 -0.231636236244853
-0.0098287897173755 0.00542771938139949 -0.0163661744918145 -0.302887722152848
0.00505924110777503 0.00861053211074551 -0.00676564554853983 0.213191234707198
0.017121535181419 0.012857255083569 -0.220989653137548 0.0773721125337173
0.0126081181663837 0.00622124345861984 -0.352146597677283 -0.214459557504803
-0.012214767619849 -0.00413661578294542 0.0289965257730965 -0.57675472825857
-0.0262388222332885 0.005636496766776 0.6977231557291 -0.286532889619924
-0.0169781995327245 -0.00351302829385154 0.606497928547663 0.434472356120901
0.00357137264683056 0.0122138169556839 0.0475943845930599 0.517852054201674
0.00225975360146829 -0.00549227276099684 0.0520883592551269 0.0544380861637769
-0.00754792608842969 -0.0117508248193775 -0.00133078253187896 -0.458182764447893
-0.0104731886578533 0.00282083840441476 -0.707165195404501 -0.338114444126393
-0.00555462546720854 0.0177662397127221 -0.684005705205098 0.565494130904706
0.00327521405305701 0.00549791041280745 0.222822838832039 0.691390189392799
0.0200289195620861 -0.00334283242770776 0.503515710706488 0.122442207896786
0.0168748192784276 -0.00217632172283522 0.285912668162825 -0.22875388235174
-0.00598272389582586 0.00301418954095983 -0.0196380321063836 -0.295405472464455
0.0108973980440237 0.00556332696597025 -0.0136029015141708 0.220011411948536
0.0247694037907005 0.0149816635955342 -0.220934640198929 0.0858295624428479
0.0213049981380417 0.0158386577959886 -0.35516129753638 -0.211892610843591
-0.00968892279296257 0.00614253395238254 0.013062484572049 -0.580962362529047
-0.030865749355864 0.00562336971102515 0.687523179897034 -0.298659080860873
-0.0190440545506711 -0.00852317225652548 0.61343614986776 0.420887999169024
0.0055657797890576 0.00910559705662443 0.0560244256728755 0.512225696766623
0.00293455037617716 -0.00518930613942395 0.0574673233173345 0.0499023678885358
-0.00655694390185332 -0.0148376145227837 0.00487823555429296 -0.463231109807054
-0.0139513791204658 -0.00335386135576696 -0.702719266292355 -0.350349622842777
-0.0110819221348038 0.0197189334285562 -0.699621882282839 0.55651942201921
0.00861483370191996 0.0137735275319291 0.204281322803885 0.693371880030176
0.0321723831780501 0.00154997618922197 0.5001910535959 0.129330161728592
0.0260127554024449 -0.00273386101425506 0.288058175719946 -0.219788129801332
-0.00117159302513621 -0.00106401443473187 -0.0230554549648254 -0.286250959862866
0.0152828252612757 0.00281883657136312 -0.0190428282778836 0.227404342348175
0.0291730456635124 0.0150810176329981 -0.223583356651771 0.0992767856898646
0.0273727110632128 0.0215735996634267 -0.364608179951266 -0.198623860867853
-0.00545343368907689 0.0121263739096638 -0.0209416264912027 -0.583434191876935
-0.0308410671442421 0.00508206747841937 0.665643716672817 -0.329867113876976
-0.0189738438734359 -0.0129435041696212 0.627645808736382 0.387765727579712
0.00582745841061605 0.00926965867716679 0.0759320563357098 0.5009113155629
0.000744572291059046 -0.00318629807898872 0.063106753330638 0.0470026018047608
-0.00540050048622222 -0.0157408237437985 0.0181398955854926 -0.47022518045355
-0.0145988601225011 -0.00980068986684498 -0.694094057809027 -0.381906296845393
-0.0136296819953248 0.0182761058222981 -0.728423844713611 0.526298049674312
0.0144012014760271 0.0195789691231252 0.168386848183017 0.704725541228439
0.0399792634978849 0.00818199890764338 0.493280446731366 0.147284627059718
0.0299913224789691 -0.00155332956214958 0.292238558040339 -0.205796663669335
0.00382678309035641 -0.00299143834149832 -0.0249343096095971 -0.2764865923227
-0.00574443759728608 0.01368522652356 0.00670468686127386 0.21827717631121
-0.0246104804335309 0.000881697249088393 -0.234677784264152 0.112184967273821
-0.040568249527677 -0.0150766475596152 -0.409470011157992 -0.130957055136371
-0.0165380395440853 -0.0330935484152677 -0.100193579959304 -0.55266495115749
0.0109134557085933 -0.00649160307172483 0.603019488624859 -0.443140820600152
-0.00207134517085177 0.0160173277613634 0.668403469942529 0.268597646665625
-0.0150060739424805 0.0357007020905499 0.114024256706482 0.492815823298377
-0.0222492030980772 0.0119419349760204 0.0492864674635395 0.0617945066223381
-0.0237571344348733 0.00941836585323763 0.058241507172313 -0.468809153251319
0.00722024931487197 0.0174264299528612 -0.64503930970667 -0.500689196194176
0.0263737023669598 -0.00441863877816589 -0.806685834848351 0.405634350440438
-0.00779471246016964 -0.0266425610004617 0.0824483335155115 0.741051107504135
-0.0417743350387653 -0.0163766506396447 0.468129722055262 0.223618549016765
-0.0318034387783414 -0.00132481701582884 0.291027440529669 -0.191085093859462
-0.0178816298934929 0.00465619220342221 -0.0121654234419842 -0.301189347412476
-0.00721717758525123 0.014240725833499 0.00777158609463759 0.212689182208386
-0.021063561361083 0.00151356135178567 -0.233055155503776 0.0973592200935414
-0.0356392043154615 -0.0191310538517656 -0.396259947333519 -0.153749909157226
-0.0162545745378421 -0.0343393507322269 -0.0573225296783516 -0.55891569455192
0.00727339062123608 -0.00242646451651439 0.639672717735049 -0.404386284188443
-0.00447874180569642 0.0174865201633281 0.655432217590004 0.318943968580093
-0.0131279584623045 0.0334094632459725 0.0939987814940838 0.505576796554584
-0.0170885098583864 0.00829881446695353 0.0461521188849652 0.0627127200869523
-0.019971147960352 0.00797404459825434 0.0367410607490464 -0.463148783421078
0.00574117781099407 0.0193718981808197 -0.667578268544248 -0.452441611020124
0.0221347765404761 -0.000786564551025626 -0.769870544702534 0.454190018741061
-0.0119732099560719 -0.0234453477905843 0.132986512275977 0.731729613730171
-0.038131692601484 -0.0154443747138814 0.483042758707969 0.19876677998722
-0.0273933795049099 5.46693734340487E-05 0.288326523578023 -0.208988138903855
-0.0181767297425292 0.0073568450762314 -0.013098968818144 -0.306938921428082
-0.00507354908062361 0.0136145148311491 0.00659378991471441 0.208711745298984
-0.0128723678102294 0.00243836915782293 -0.228643071188967 0.0850097310135605
-0.025468806233733 -0.0190627305713294 -0.380108126365156 -0.177591827213737
-0.0161131476656796 -0.0308905380592054 -0.0190392844302538 -0.565589949796116
-0.000115753905462576 0.00146680185044845 0.667705257948962 -0.360426166746993
-0.00819445455505933 0.014762859258808 0.638195423128176 0.366692681775895
-0.00909835335714331 0.0284711867292915 0.0710969194793289 0.515028155920603
-0.0119078039791054 0.0050709003601362 0.0446422183538743 0.0630871837203849
-0.0158976074300333 0.00493194548970988 0.0184136512779937 -0.459808252285157
0.00362518736985666 0.0165877853143364 -0.684047806187626 -0.405638410078045
0.0142199667614039 0.00404371673410928 -0.733542442648914 0.503162653114394
-0.0119727563826117 -0.0182993512855614 0.177375028409677 0.719177175270135
-0.0277800391621759 -0.0133438600180963 0.492832219247775 0.164647674404103
-0.0179679832851482 0.000765365879978961 0.285892738194774 -0.221549727784223
-0.0170651897711646 0.00945345681571629 -0.0149184043541024 -0.309597099557208
-0.00403729837329224 0.0125913082248302 0.00491475892488738 0.207529070366982
-0.00293365573598148 0.00516293950969104 -0.224939965990011 0.0776900682175352
-0.0127329176101317 -0.0139387796194012 -0.367787825942286 -0.19477321886784
-0.0150501330174024 -0.0239064368162712 0.00962781846091318 -0.569155646228711
-0.00958371190677519 0.00484797187302428 0.68983983228073 -0.320837437331849
-0.0123168390587042 0.0093797317892619 0.624744200203463 0.404381240474643
-0.00523948038165361 0.0215899756943293 0.0561789424015606 0.521261596351511
-0.00471770153846034 -0.000919879278263732 0.044255888113297 0.06234784474391
-0.0123389672095904 -0.00180368413400081 0.00539604738500803 -0.455921640761593
-0.000328317136685611 0.0140043794061462 -0.69610888047049 -0.367824274282371
0.00734649694749938 0.00939615578529098 -0.704238012020978 0.537847247314729
-0.00925185618624981 -0.0103791282761555 0.207435928938385 0.705532208303256
-0.0133345369499145 -0.0111333930269857 0.4993912762006 0.143362896149242
-0.00525170588444255 0.000216924886110889 0.284097587377675 -0.231335139435414
-0.0148305127673396 0.00874350113997246 -0.0167393986813257 -0.308796363385403
-0.00012319037336206 0.0110232275514436 -0.000150978800764319 0.2091497266315
0.00790735352881097 0.00921165996353769 -0.222170606087271 0.0759865290613528
-8.4777102944508E-05 -0.00437381815210545 -0.356817079748968 -0.208605264666461
-0.0137878883583313 -0.0143991385409972 0.0262722665666922 -0.574577631062264
-0.0187259113141661 0.00545051206372194 0.700506607288252 -0.296667030757435
-0.0152544117807501 0.00299194061580602 0.61357604189278 0.426615255195107
-0.000126940120045543 0.0166330432687973 0.048021565305918 0.523443531658427
-0.00098700566795153 -0.00410120130024796 0.0474248454152633 0.0582692263364476
-0.010475293301913 -0.00685611004977113 -0.00252312096545703 -0.455755907250326
-0.00552789556745571 0.00846831455848434 -0.706981218731013 -0.343531264398563
0.00070155853113715 0.0151250911613957 -0.686128396379903 0.563089990665732
-0.00362881667254361 -0.0022555685211126 0.227754415200907 0.697531841169354
0.00421737198036561 -0.0081259591878015 0.50670625035215 0.125436105736722
0.00616549823004458 -0.00055015574302525 0.28241725045014 -0.233226402044452
-0.010268631355454 0.0062236523599502 -0.0204443265021187 -0.303783101944865
0.00497674627379802 0.00872353660846971 -0.00579755628582358 0.214751162301346
0.0177480258919526 0.0122898784512129 -0.221491226857015 0.0785376104417868
0.0118378212758758 0.006267195811211 -0.353011929500872 -0.213239566652784
-0.0131338291373835 -0.00354564725173712 0.0267829923018905 -0.579281450110709
-0.0267817554092457 0.00585390030127709 0.698263344702895 -0.291345895445109
-0.0170990679977064 -0.00368604732789997 0.610950983241098 0.433558590928873
0.00346167432825095 0.0124273924855407 0.0479199459116938 0.520665889692668
0.00271966932708917 -0.00620497580961029 0.0526381009672145 0.0528940996503857
-0.007450184593416 -0.0123660331680049 -0.00307826044513141 -0.459821577435961
-0.010760697287156 0.0027328057688809 -0.70990318931016 -0.336459060369089
-0.00512479146478296 0.018387328432551 -0.68290817730559 0.570464779749815
0.00346853805583539 0.00601421547731443 0.227054866850799 0.693322375222577
0.0196905715366445 -0.00359936424352554 0.505628676745098 0.119139923784154
0.0163545732069015 -0.0014845842025987 0.28455161888155 -0.230622469159466
-0.00557073834351064 0.00319429860071641 -0.0226216246526199 -0.296396892981798
0.010519664459609 0.0060298516049896 -0.0115977026122545 0.220595260283392
0.0248063037893018 0.0153197516941151 -0.22217183509475 0.0876460830815811
0.0211909108811438 0.015548326520193 -0.357106981881295 -0.209412670476428
-0.00967620752775185 0.00641097232126602 0.00927649218370479 -0.583782562149401
-0.0313691661975535 0.00666248069127119 0.690973714124597 -0.301808658002733
-0.0183474672875564 -0.00911774164128065 0.616321201041425 0.419747570406513
0.00491896681503934 0.00957574368640075 0.0585672178740038 0.513379816751934
0.00285820650594684 -0.00501143042200253 0.0574072096560117 0.0496979205889551
-0.00639836251051478 -0.0155926368328935 0.00396725572856742 -0.465560854035339
-0.0140786201952304 -0.00379891987823754 -0.706537394551214 -0.350097773010379
-0.0106426723744433 0.0194048420718988 -0.698962264552021 0.55942485263965
0.00946654530381158 0.0130183460237074 0.205466702266695 0.696433095365211
0.0330100213757128 0.0016542058612606 0.502383463002265 0.126130787204376
0.0253335975149208 -0.00204284678464456 0.28939065322593 -0.222721893822058
-0.000352633041537556 0.00129816125144418 -0.0254059926520279 -0.286938529175023
0.0150722598925954 0.00320018331528055 -0.0159989812262539 0.228504395928838
0.0300508687536905 0.0150057288414344 -0.22431023152956 0.100511081714401
0.0277321972250858 0.022196867393567 -0.366667256469209 -0.19700865509016
-0.00559391676157656 0.0127329308227097 -0.0217372405860601 -0.584932256625119
-0.0315845725349639 0.00533429828835571 0.664469582791936 -0.333316190632091
-0.0196195317141416 -0.0124655886396977 0.630789839141418 0.388349249149187
0.00598902111565961 0.0090903815940736 0.0771645970879375 0.502845121854086
0.00212223331552232 -0.00343039541862316 0.0629602039052692 0.0467087544391297
-0.00624468440040942 -0.0161861380166108 0.0181524303424555 -0.472651587300942
-0.0154949261804409 -0.00903105153959864 -0.698959273119759 -0.381832410112161
-0.0132832076775926 0.0176920130812039 -0.730804390154131 0.533768843102739
0.0142178033509997 0.0196042611823327 0.173924397151277 0.705068578663583
0.0401336226815727 0.00781345809299897 0.493851527869348 0.145154193199872
0.0300544762444709 -0.00251911620725294 0.292408879805931 -0.208327388583714
0.00328286450644999 -0.0036222294759309 -0.0276163081288072 -0.278385439396338
-0.00574937507988913 0.013249005084193 0.00862156932720664 0.220204857902474
-0.0250429450243104 0.00148818405433861 -0.23444415777083 0.115374976423073
-0.0402888663779775 -0.0147587948250291 -0.411026103513101 -0.128364874884671
-0.017662023596858 -0.0336006004316636 -0.102914185510328 -0.554788704966558
0.0102307167844746 -0.00567349375709457 0.604098574805928 -0.451004331999636
-0.00167010516503722 0.0173300413559062 0.672575448890436 0.267371525645032
-0.0142662696729867 0.0368297202709507 0.117825606691013 0.492536655874892
-0.0226161638107622 0.011794179848047 0.0500374164676863 0.0618674483330277
-0.0236221472081928 0.00944108556381776 0.0545289915628414 -0.471839541353639
0.00644391377989638 0.0182067214791473 -0.648313557994175 -0.49856707958215
0.0268128330421656 -0.0045024779807167 -0.805678316257323 0.41200548315114
-0.00853719587114707 -0.0273666231799526 0.0882365684458389 0.743608662106862
-0.0419347441478401 -0.0163485110546545 0.471493955094636 0.221906122686344
-0.0323964371840541 -0.0011315266297921 0.290787628460478 -0.194101198362373
-0.017699200173574 0.00483714827681036 -0.0155509667535026 -0.303436541155623
-0.00648287030646625 0.0137846028902679 0.0101466571244637 0.212719066913123
-0.0208871208776931 0.00033204225871796 -0.234205712433905 0.0995975360663169
-0.0362137372157562 -0.0186061589502789 -0.397536227132492 -0.152244359951746
-0.0162315112664714 -0.0344834996049048 -0.0598264311888506 -0.562782172518526
0.00702882998514139 -0.00249753356272579 0.639297207831413 -0.407873893649038
-0.00468912630227417 0.0175523282751558 0.657892207162208 0.314250566155274
-0.0121803493766762 0.0331821403279104 0.0965509394392857 0.50745587339856
-0.0173388226860723 0.00737494884581708 0.0468439935264827 0.0639543648486488
-0.0200020390315209 0.00760407661438918 0.0364164185860864 -0.464828749904094
0.00695705401542088 0.0186378088453172 -0.673462608384508 -0.450969745177783
0.0214878467035151 -0.00120424307847581 -0.770364322396477 0.461674774251824
-0.011697225349586 -0.0243541666434787 0.139444653478201 0.734194313950943
-0.038136504346603 -0.015769383531387 0.484588855969933 0.192890865371641
-0.0281097006052827 0.000920397465241795 0.287764047526911 -0.210091988707601
-0.0190979710178821 0.00834586802025478 -0.0151155407374975 -0.3095023413112
-0.0061133395027118 0.0133935879717202 0.00901648826997556 0.210075055078285
-0.0126417884836023 0.00240378258274686 -0.230845543681996 0.0876468265072314
-0.0251550834749604 -0.0181792920586857 -0.382232415735737 -0.176320578827723
-0.0163237567715717 -0.0312127823471309 -0.022549801683521 -0.567424762012979
-0.000895572762728263 0.0019711682039752 0.669713336521529 -0.366401053597195
-0.00787656284654875 0.0150973071031252 0.640310591339601 0.364937603212201
-0.00951988557197653 0.0283323941337425 0.0742790085549961 0.518268319972323
-0.0105688902151423 0.00341085290716595 0.0444140034569281 0.0624840357105195
-0.0163016853209103 0.00417623130032782 0.0166808227851744 -0.460129995790154
0.0031215020384132 0.0163391333313038 -0.68905686242813 -0.403949580951441
0.0148606968256823 0.00384482248209881 -0.733241181960478 0.509334438229263
-0.0131256863065112 -0.0174636085943139 0.181936896792567 0.720134778615791
-0.0283564041733113 -0.0136825189104303 0.495705902604111 0.163525836006363
-0.0184944187060463 0.0008001532450241 0.285599592886795 -0.22354592715326
-0.0181472900309983 0.00927128117753287 -0.0171600174199616 -0.311493660015309
-0.00323128204605116 0.0128469356228863 0.00680752263053441 0.208172706195483
-0.00223759135827067 0.00493141844573135 -0.226828484477418 0.0802601074720939
-0.0123644850593112 -0.0127630917919675 -0.369433923660187 -0.192480017770799
-0.0152867984853292 -0.0236276424094845 0.00790003843652179 -0.573256271832623
-0.00924892446608662 0.00518162006176889 0.692082298203308 -0.327096140910687
-0.0121064603351907 0.00987983153878732 0.628975048806389 0.402198382014641
-0.00457888016802398 0.0214934636901531 0.0580136623448344 0.524918660143874
-0.00541541495055555 -0.00102072254820928 0.0448026963664477 0.0619184865595796
-0.013454817860713 -0.000462440496181474 0.00556445984412446 -0.458426952056462
-0.000322842945027953 0.0136333399409722 -0.702014897198601 -0.363984291040084
0.00734116882552085 0.00900754206109507 -0.70548766388271 0.543888829241698
-0.00970449316498136 -0.0110091780907556 0.213338090551697 0.708622329608547
-0.0134227007556632 -0.0110739323780613 0.503183425740075 0.14088812113353
-0.00669042261445385 0.000993342630619281 0.283129071783292 -0.23341884346448
-0.014801331232587 0.0091160834634251 -0.0192568271052786 -0.310081132040852
-1.25309798860041E-05 0.0098084436067103 0.00263321995716695 0.210585826626144
0.00808736053855922 0.0085368483010985 -0.222586371366918 0.0769336284984627
2.39924312041037E-05 -0.00407326389520801 -0.359815079332182 -0.206619405051469
-0.0142712216098829 -0.0150055239327912 0.0236186191741505 -0.577453090874824
-0.0183765976947069 0.00636317909841325 0.702550455944226 -0.303300831280642
-0.0149791667319255 0.00262801942836508 0.617463561949824 0.425095130763555
0.000559885294394044 0.0169592193120406 0.0514009998006684 0.525084410469162
-0.00116942460302014 -0.00416231468862852 0.0481999806810231 0.0582635321232637
-0.0105924139661122 -0.00625675089696768 -0.0054005687706058 -0.459938128808635
-0.00609145727086825 0.0082857595262224 -0.712014882931447 -0.341656166318894
-0.000751802248331029 0.0146529895758228 -0.685457719633177 0.568774537717647
-0.00412440632634532 -0.00186353838503281 0.233155539035459 0.698752302078438
0.00370757303360237 -0.00737723425699685 0.508587317037458 0.123533277007605
0.00607161170657003 -0.000116766351708051 0.283306063354171 -0.237257429277562
-0.0105533323293415 0.0072301247742936 -0.022537580410532 -0.305777560900159
0.00531691866678788 0.00823094398920252 -0.00290109258656808 0.215742686213028
0.0183748198518721 0.0124096363078545 -0.221613449847513 0.0814775431800163
0.0122863771417603 0.00664659888214833 -0.35461273527701 -0.212451546482507
-0.012688914667399 -0.00326611389286541 0.0236863056107008 -0.581373958998539
-0.0270765323368436 0.00648021565843502 0.700605892222854 -0.295815801108903
-0.0168996625401931 -0.00345892485301129 0.612969583602791 0.431617949357732
0.00421101924889571 0.0118134238992154 0.0503873976656702 0.523394786270135
0.00212171278631432 -0.00531686012058917 0.0521009946804192 0.0535487497194864
-0.00862974732152157 -0.0121215119346497 -0.00398225144441622 -0.460685287387141
-0.010226078347399 0.00272791986763855 -0.715945144786299 -0.333988948011916
-0.00605806460655315 0.0182508158384993 -0.684490496770244 0.5780601537095
0.00364854535599233 0.00542589725911149 0.231146867726676 0.694471620818341
0.0194765797647428 -0.00436878628104708 0.508025198415599 0.118573432974483
0.0165249044313381 -0.00140076987916107 0.285324676748919 -0.234585541201826
-0.0052985066572087 0.00408029300469992 -0.0252202305517292 -0.297517308269189
0.0106205436365957 0.00535655481565063 -0.00928747932196757 0.221374952904188
0.0256605021586168 0.0158480523062966 -0.222193111298509 0.0904193256903096
0.0219542711301518 0.0152093727731495 -0.359327983501332 -0.208824041977735
-0.00985562397194818 0.00614553066788284 0.00727644756052815 -0.586521061902298
-0.030438581605375 0.00636164638134371 0.691475704718437 -0.306940502262651
-0.0186138963113311 -0.00869718552533751 0.62105502416836 0.417323240883406
0.00628523682860333 0.00881066341886138 0.0598120351700208 0.515845597334783
0.00271100217064352 -0.0054207104016709 0.0580203769396981 0.0491484544141534
-0.0069623838005172 -0.0147355833745422 0.00344217744240992 -0.467766069127691
-0.0144302281869573 -0.00329314235862294 -0.711746278988456 -0.347445164450363
-0.0109347865527685 0.0197249646318326 -0.698015103160962 0.568306412026002
0.00932597496654216 0.0133912631573549 0.212324686052098 0.699321505701603
0.0331027662632402 0.000820120587308355 0.50489837412089 0.123185305991024
0.0254961184889253 -0.00270771966161591 0.288789504394846 -0.225068319168281
-0.00103148713508415 0.00132566983621176 -0.0288660222826878 -0.288678399538804
0.0150944142041392 0.00293261381331049 -0.0145945396629102 0.229818725635366
0.0301491189888807 0.014897590721252 -0.224874202989235 0.103073629847378
0.0278046236597423 0.0211427095664762 -0.368808812165879 -0.195657985682616
-0.00574380594697327 0.0128559353046151 -0.0267225079757587 -0.588555608943734
-0.0319604075163033 0.00454435660454988 0.666546902602936 -0.337296012974401
-0.0199786952234354 -0.0126673499542138 0.635321141311668 0.386250337549691
0.00552336350431811 0.00939853296754277 0.0781303470481897 0.505216133556371
0.0014425920607261 -0.00303092772580867 0.064437502886972 0.0468884977070985
-0.00680207461976238 -0.0156298591085674 0.0167881164536425 -0.474692842902184
-0.0152683282659973 -0.0102491937803747 -0.703891772670198 -0.380125861220022
-0.0133906892285673 0.0176444451027604 -0.730759579469912 0.540092250273395
0.0144263824906271 0.0191593213677228 0.179308175196735 0.709374729515698
0.0404072591940059 0.00745617408699357 0.49694947454042 0.143702296381915
0.0300909549658597 -0.00211895283161435 0.292429850347564 -0.212520445649953
0.00337887470998677 -0.00302856732964563 -0.0299102668897508 -0.27927734834333
-0.00627354907115012 0.0133737429526373 0.0114436566721018 0.221141810570522
-0.0244568873278958 0.00114612645100731 -0.235906011349456 0.118156560659224
-0.041598188176939 -0.0139996991191429 -0.413338216676815 -0.126142482725453
-0.0185152090722383 -0.0334952314922931 -0.107495214553136 -0.557490047783893
0.0106941260337966 -0.00589616352341193 0.605609344791964 -0.456283181193864
-0.00202882235024885 0.0178342374248552 0.675146241076105 0.264654070544394
-0.0134206365903677 0.0373075370460809 0.119653170144298 0.494477695281175
-0.023081606173084 0.0123256990410222 0.050631675588586 0.0611913089982003
-0.0242070742310564 0.00976223243302774 0.0542583317908257 -0.47403463247074
0.00663412230553987 0.0185772311355752 -0.654805402603042 -0.498376050618505
0.0263967474685823 -0.00451961437029334 -0.807538522948226 0.419198547878829
-0.00858586295840878 -0.0257224082458999 0.0942821952110899 0.746689756719627
-0.0435001772852388 -0.0154022741392156 0.475493302435965 0.220250658883413
-0.0335178731246015 -2.19830615889758E-05 0.290333550840182 -0.197395905469643
-0.0180096291248521 0.00494766442743645 -0.0190255308383797 -0.305379959300827
-0.00752594555738389 0.0137431040193235 0.0128733179267742 0.213945124761845
-0.0214039369473525 0.001932075603555 -0.233302490912381 0.10213649828665
-0.0359056751421228 -0.0174966656056381 -0.399870151232965 -0.149943239997385
-0.0179440139080356 -0.0338263466206657 -0.0645460857599453 -0.565795345618175
0.00621574955781013 -0.00170992479329097 0.640559024850706 -0.414675987420335
-0.00427392870920193 0.0182728877301187 0.663959169242763 0.313049028685514
-0.0122219539681943 0.0338668694977784 0.0976307926879344 0.509861073416157
-0.0167954823589396 0.00834398644333114 0.0466900136775085 0.0638331871927297
-0.0203107569102529 0.00815046500676149 0.0344524228486602 -0.469299239828216
0.00657521150023937 0.0192188261176128 -0.678394159940555 -0.449152961737038
0.0217441350938051 -0.00107639448311972 -0.771921499823986 0.46900452053588
-0.0120573015803145 -0.0241215429317693 0.143066823409715 0.737001353308095
-0.0388147128477923 -0.0158118130639922 0.48825325658213 0.191465895113037
-0.02770963850357 0.000695726400895478 0.286777438365049 -0.214343769220065
-0.01945373129278 0.00843487764584796 -0.0196549903654704 -0.309958806265098
-0.00582846075511403 0.0138502322106269 0.0116852736596069 0.21030394098078
-0.0120091711569476 0.00235017344010333 -0.230531495359477 0.0892037070032566
-0.025873889606699 -0.0176026775145793 -0.385192252105292 -0.173925655534785
-0.0177199380629348 -0.0303396332045603 -0.0251506181160896 -0.571627269349565
-0.000378713543104951 0.00209883048760789 0.671049815326307 -0.372550672175626
-0.00904125725617167 0.0149804176318585 0.648006424638782 0.362905503704157
-0.00791399029680868 0.0279663853285647 0.0770921734831189 0.520984244756652
-0.0108824237923672 0.0038173887996229 0.0453069346354514 0.0626195847690662
-0.0159684976600607 0.00423817696581258 0.0152671606395833 -0.464680248089913
0.00447775894717843 0.0167810308009886 -0.695565428869199 -0.402516641159655
0.0149323830143925 0.00360928604055817 -0.734554102808553 0.516291059621057
-0.012479243047789 -0.0179547826479317 0.186956183863439 0.725168389305059
-0.0278975591251972 -0.0131494571638036 0.500214591962808 0.161174410964695
-0.0180162053936496 0.00211494126008023 0.284292824635959 -0.227552117412398
-0.0181320468348311 0.0102761464104835 -0.0205552962375014 -0.313174854202009
-0.00372190939391927 0.0126042951523778 0.00910151528985157 0.209304459729225
-0.00302446612826436 0.00583170667556392 -0.226927764444899 0.0820578270882448
-0.0129367637728996 -0.0134332357060468 -0.371495490769123 -0.192483098761663
-0.0159043781369662 -0.0232466387889962 0.0042494703860201 -0.576890806507344
-0.00995661436271022 0.00472003467351988 0.694813853022197 -0.333002298007095
-0.012377324645044 0.00987150829812478 0.631095334417289 0.401647978785376
-0.00450674798758019 0.0220550766002612 0.0615042371345837 0.526712364504715
-0.0044119177855573 -0.00027058426803418 0.0455384150901745 0.06046520145205
-0.0129511760867935 -0.000892917806306589 0.00372129744931849 -0.46117620350119
-0.000235840048767327 0.014608850784107 -0.706663210328599 -0.364231882413949
0.0077505286763058 0.00904619165405661 -0.704835725352285 0.554386119294882
-0.0103013844189918 -0.00988604631772417 0.219158507817913 0.70979878222509
-0.0129459322837697 -0.0113186600080331 0.507697142975975 0.140099198586856
-0.00632833924386057 0.00287777988357731 0.282915248364731 -0.236539920274342
-0.0144875192283523 0.0100034043001241 -0.0232887529185359 -0.311024636748722
0.000602648046826236 0.0105856343709521 0.00431817268605901 0.211653909281582
0.00776089674328439 0.00876597659576649 -0.223756943587972 0.0808355684441285
0.000615193550290039 -0.00412072951543045 -0.362161545813037 -0.204235741767049
-0.0146792812614985 -0.0139994793312295 0.0201513590745302 -0.581368491253435
-0.0188582176062889 0.00610390592062796 0.703669143201797 -0.308876700592559
-0.0152917221471758 0.00363022939668622 0.621511721688073 0.425069802114097
0.00170476937292346 0.0156425206545528 0.0521229210735673 0.52839986076947
-0.000424068718245392 -0.0039172798255806 0.0478944372443321 0.0580016693432542
-0.00979277132773148 -0.00615229035218204 -0.00510793549716775 -0.461427710410165
-0.00591921264142769 0.00785812952500168 -0.717269122430058 -0.339132751695326
0.00018873660663685 0.0146534368053571 -0.685973321858944 0.577386334376459
-0.00351850510415744 -0.00230638102299721 0.237829405088409 0.701837837145972
0.00423073470218791 -0.00788521301240112 0.510696445158388 0.121689962948372
0.00680286504109336 -0.000204389214990276 0.282492818002159 -0.240139465835859
-0.0108858499216043 0.00760061388918445 -0.0260897578530705 -0.306798319062604
0.00570096362398675 0.00800750622422979 -0.000198995765652167 0.21694816673051
0.017807451495962 0.0122482497156872 -0.221866349618803 0.0833911243057288
0.0119947141633869 0.0059575128254787 -0.357910726676187 -0.212417741572862
-0.0137685222981847 -0.00216472894293501 0.0188395649262491 -0.58575883037818
-0.0272112644467591 0.00727369838569186 0.703563635965708 -0.301575849157163
-0.0173645257392231 -0.00273444909659242 0.618749247466859 0.429792884903359
0.00483833709135459 0.0125696789048897 0.0528324559907723 0.524859769232007
0.00252706938134235 -0.00592888530533386 0.0527263338418234 0.053765790286112
-0.00816046219650288 -0.0116445280424172 -0.0049711372716337 -0.465121206195261
-0.0105781107894996 0.00257494311192741 -0.7188415381378 -0.332689265043912
-0.00617501904263861 0.0186430436813639 -0.684397148188948 0.585327837251577
0.0029132332837213 0.00617294837587877 0.237080040530862 0.696556406287085
0.0198924234041003 -0.00423633808178927 0.511289167343613 0.115065392298646
0.0178843116231843 -0.00151251739497306 0.283993459695992 -0.238462750783143
-0.00720237634355988 0.00542949421398278 -0.0293565635838852 -0.299192579176308
0.0100877101743087 0.00559445353967894 -0.00672491682198747 0.224005792806972
0.0250692138117715 0.0143835248850696 -0.223367447070989 0.0926133635807739
0.0223152528064757 0.0156737309494526 -0.361695945564723 -0.206416990985462
-0.0103138330811827 0.00729091335487575 0.00404167866967056 -0.590609553546089
-0.0314839294004548 0.00637172618904923 0.693888482852412 -0.310601961186387
-0.0194102762597163 -0.00864837556093732 0.62578006725037 0.416714432863319
0.00635922625864925 0.00981835641880485 0.0628447940045545 0.518409281397508
0.00259084332578469 -0.00473596724473692 0.0583154741975564 0.0496119322547825
-0.00685716845016681 -0.0165135643546762 0.000279041841580799 -0.47265606477488
-0.0135812619419873 -0.00311545321397086 -0.71585719521117 -0.345449957022965
-0.0101124399104706 0.0198370913406503 -0.699727395875292 0.576266710663429
0.0102541492692891 0.0130036532692817 0.219634101351801 0.702608046377784
0.0326603891609424 0.000841080477910022 0.508006386883828 0.121904631743865
0.0255304058859161 -0.00256302332311502 0.287355594242392 -0.230918687739509
-0.00189866357729051 0.00160061565083067 -0.0320212320074851 -0.289235398732211
0.0156827102277974 0.00247556221383286 -0.0122754821071334 0.231216226000575
0.0306148590021986 0.0150261279596999 -0.224680158080639 0.105241584583408
0.0286149308720952 0.0206837531333624 -0.3707080684123 -0.194312936153787
-0.00546399826790667 0.0137453654808233 -0.0300219901386839 -0.591720331393629
-0.0321448194751395 0.00545993994880857 0.667721163654929 -0.344730601114767
-0.0190990523951143 -0.0116666740488871 0.637536270317091 0.383957386409827
0.00631754049474356 0.0086751637364626 0.0809469132649245 0.508064839378943
0.000374257713783979 -0.00348780809399448 0.0640922068894579 0.0466811585820627
-0.0070164013432412 -0.016283211523554 0.0140336675088979 -0.477939062884957
-0.0156159249513968 -0.0103322607505568 -0.709663976878113 -0.37902727106882
-0.0133416314069821 0.0184346812776085 -0.729444479976901 0.547036729846673
0.0147203437882892 0.0195257500426424 0.183999783572451 0.709787213916558
0.0408516088750074 0.00748431929201312 0.501816709492942 0.139995243995658
0.0310415837836842 -0.00180369244810834 0.291754282795659 -0.215987790226366
0.00354080183331358 -0.00239197422871462 -0.032622985983836 -0.279751776563386
-0.00538180039661402 0.0133442287979992 0.0146314804423821 0.221025592097365
-0.0247113984464638 0.0018502017050663 -0.237292052629651 0.120158099073294
-0.0423627647407333 -0.0145094720283844 -0.415896485704058 -0.122399170466861
-0.0189657282377172 -0.0326220208406525 -0.109402695991615 -0.55897729530687
0.00972168144939399 -0.00563560930537455 0.605086280472577 -0.463171660762234
-0.00277117442081001 0.0176463359570888 0.680789953253726 0.26197249846726
-0.0124752818530255 0.0371766829286982 0.122956401219132 0.498152887987027
-0.0225581123773934 0.0124975178981657 0.0518360686671942 0.0616173177166383
-0.0242425273040039 0.0105688656727687 0.051483649672185 -0.47816823935717
0.00552366528725475 0.0180836659533524 -0.662409238210274 -0.49773536785026
0.0263251462415587 -0.00587827836279631 -0.811473537124878 0.425502931865222
-0.0083032344735436 -0.0271799589847902 0.101417628924008 0.749853737747095
-0.0431078372754059 -0.0144825852660119 0.478885936654372 0.218304534578583
-0.0333581892298512 2.47498358081164E-05 0.290411667324014 -0.200772246071376
-0.018921933403482 0.00612070440873127 -0.0220803204597153 -0.306834165660779
-0.00700387752316489 0.0125384174786189 0.0156479094556735 0.21444336666933
-0.0208969522960365 0.00095232118030601 -0.235648406120684 0.104675188180274
-0.0366307915369564 -0.0184962002016178 -0.403332074927794 -0.14670657360141
-0.0187966286789295 -0.0347872492150924 -0.0679299387472016 -0.568425114060577
0.00646750901146096 -0.00224149602386368 0.642740141621975 -0.421028041952358
-0.0050811524342953 0.018753042444193 0.667627436687136 0.31084477422813
-0.0119263960845698 0.0338934281517086 0.101294140687237 0.512120350237134
-0.0175981846805879 0.00866910377109141 0.0488183144367295 0.0632355749151931
-0.0207663130117618 0.00915863686571784 0.0309479274383123 -0.47149229022447
0.00536737598859269 0.0181182332346252 -0.682767978462885 -0.448517593533256
0.0215852776312797 -0.0021228653295495 -0.7728675134582 0.475023038661595
-0.0128140476043684 -0.0240458816805014 0.149652226585321 0.741795641342786
-0.0384130220954978 -0.0155792435630785 0.492359764731819 0.19003984580465
-0.0280243656435277 0.00164983676923344 0.286744534087899 -0.218270010707142
-0.0195742354615934 0.00847711150924154 -0.0236316362070719 -0.310535001448648
-0.00588703713703329 0.0138312626433269 0.0146446591962083 0.210906993479967
-0.0129450823200098 0.00324951596876156 -0.232484412380379 0.0919311109290019
-0.0267930733551063 -0.01780781771894 -0.38778995069298 -0.171455416935774
-0.0171113153927216 -0.0305855605548128 -0.0290996441054135 -0.573752541760309
-0.000649345556184265 0.00194738509040557 0.674114787446806 -0.379368355186612
-0.00822652361646072 0.0157394273716164 0.651016883660389 0.361843610842303
-0.00814897610743028 0.0291772422718932 0.0803790041130516 0.524224167470671
-0.0102216902073433 0.0036312010347989 0.0462325913672015 0.0628805308012245
-0.0164217678518521 0.00474217689241772 0.0129342855539999 -0.467636281598736
0.00285065412706182 0.0172239997332504 -0.701301653335988 -0.400695572520248
0.0155388856316334 0.00333615222965976 -0.735644003681301 0.524003518694133
-0.0127640945158333 -0.0177802063347477 0.193078907427751 0.726043534512821
-0.0289953392859734 -0.0134167584499964 0.502505951621528 0.15947199350404
-0.0184843124623648 0.00193005016770048 0.283740857971124 -0.230837617470013
-0.0186798025165076 0.00984166543283658 -0.0232209158599731 -0.314249911283445
-0.00333785169697767 0.0126540962368439 0.0117411460207165 0.209846260110991
-0.002962212211553 0.00517809566371211 -0.228240023631473 0.0843231165100816
-0.0130056089754534 -0.012936490652756 -0.373794241792398 -0.190071639921986
-0.0170121829988496 -0.0228865019850345 0.000349046756032756 -0.58086409265258
-0.00984368787691331 0.00546566403175921 0.694865781196896 -0.339104563026792
-0.0120105691452275 0.00973793870016994 0.637623288154477 0.399376809076654
-0.00356790507032349 0.0225822075071862 0.0627369740235241 0.528885600490193
-0.00485166585304095 0.000455749140892932 0.0460679401987786 0.0613183835428485
-0.0136548461026387 -0.00111082757451538 0.000156862148187915 -0.463804518675933
-0.00108334717080355 0.0138512564858473 -0.713315875346324 -0.361627198453811
0.00705593507187412 0.00873976387901722 -0.705846238850576 0.560338525816481
-0.0101971913844371 -0.0109174384345927 0.224908924848955 0.714034745215201
-0.01339201766306 -0.0101193971381599 0.509181054804566 0.135296010963959
-0.00633106116033308 0.00151080175204711 0.282086506351504 -0.239148846167975
-0.0151809363141598 0.0103567389471131 -0.0267907367040106 -0.312273406392227
0.000927952118987488 0.0103997377791273 0.00746857169457924 0.212243095547287
0.00847291296844002 0.00862151852387729 -0.223515060117001 0.0825146157841226
-1.15424468580324E-05 -0.00429121764471633 -0.364576929040903 -0.203124916478239
-0.0157111121450711 -0.0134018398320402 0.0167255406886607 -0.585238129563502
-0.0188639399747271 0.00707349698404206 0.705470726562558 -0.314871373447994
-0.0152952069886316 0.00368627129903098 0.626951031999998 0.423407586057482
0.00136647201705141 0.0166732679701273 0.0551758966722499 0.531936861996056
-0.000839062909508854 -0.0038231817815596 0.0500856147629216 0.0580718338991079
-0.00953829354916068 -0.00687595442082045 -0.0077767113872683 -0.464626354733206
-0.00561355274866606 0.00882838240005645 -0.721274055135476 -0.336831364065754
0.000539543549573283 0.0139575428337167 -0.686357598492323 0.585260801605569
-0.00350476681685207 -0.0016593290080184 0.243798471503332 0.703556108271241
0.00342858458966922 -0.00776381570784516 0.51395029575988 0.118637357578339
0.006224218343296 0.000510782384474837 0.281684352193991 -0.244253364203991
-0.01104128665967 0.00825699509517818 -0.0300621636505271 -0.307394507833854
0.00577191431737663 0.00740280328641449 0.00130470425542484 0.218556329178147
0.0185654967426778 0.011839127013974 -0.223029848593412 0.086795910075602
0.0129414544308293 0.0053009308059865 -0.361270776612079 -0.208241797743362
-0.014204006897942 -0.00182304748580493 0.0173607602520413 -0.5889035785299
-0.027110367298295 0.00782133765603866 0.70484607339006 -0.306091625580664
-0.017263125121847 -0.00231071735159823 0.623833068421654 0.430175939616096
0.00546695604674108 0.0119551371172521 0.0571962412753777 0.526950207744793
0.00287422257722384 -0.00500227484357285 0.0542304540074152 0.0546541442808373
-0.0083934523132871 -0.0110217276651657 -0.00830985612896983 -0.467583773837345
-0.0111249322504004 0.00184947220608984 -0.725216545711676 -0.329443264826125
-0.00674052798410826 0.0177911063096289 -0.68348004768086 0.592425456970722
0.00274524325974838 0.00619031722401409 0.242712743901052 0.698939420201778
0.0207952005155304 -0.00494927554889411 0.514714490590637 0.112045948368951
0.0175092537974125 -0.00114354544953657 0.283620453545895 -0.241254939567474
-0.00592683542710866 0.00512846022379217 -0.0330209603914961 -0.301754961484482
0.00954838679905486 0.00514570289707168 -0.00390015014569454 0.224633446045122
0.0254138205204168 0.0139419714526165 -0.223392178167265 0.0954841039804538
0.023626440831919 0.0148269466342981 -0.364136393002644 -0.204680793543591
-0.0104175811371082 0.00764121565280472 -0.000149726346495407 -0.594284516746161
-0.0320386812921992 0.00763032959130296 0.693097349054598 -0.318468581835368
-0.018678700612731 -0.00789998900419916 0.631448214683845 0.415821674663227
0.00732821827775085 0.00963313973870207 0.0652360443365404 0.52112736501165
0.00341182390075619 -0.00572000679541604 0.0592815854068229 0.0491038229733569
-0.00704588687551078 -0.0147830299001186 -0.00215395352858272 -0.474098639101779
-0.0144535862563099 -0.00429556920061524 -0.721860281107741 -0.343390690737846
-0.0107929335052066 0.0192419746750013 -0.697696223512156 0.584142737840704
0.0100571725682586 0.0127394330350738 0.225817586464999 0.703349349159612
0.0327733079031062 0.000546143500083121 0.511725923896164 0.117881258303358
0.0256177478162946 -0.00278858305549298 0.286317449357594 -0.232558793249082
-0.00151555604998986 0.00233148760103595 -0.0346708568611235 -0.291202351734588
0.0150308599216813 0.00134192652438807 -0.00910968528984807 0.23234567219215
0.030849059891334 0.0149931653674554 -0.225068121039112 0.108312179840175
0.0289312415689188 0.0211711899977439 -0.373487547512084 -0.192701512691798
-0.00603734633248511 0.0135513203756753 -0.0329367751476507 -0.595649880156217
-0.0324538141554329 0.00533093158368645 0.670842538641449 -0.349713127024042
-0.0195093109004638 -0.0119893315395761 0.64397649640443 0.382835591531604
0.00684930086713757 0.00944426658814908 0.085416219351444 0.508934816074187
0.00126027031863 -0.00307083054160623 0.0646569532452558 0.0470943678094081
-0.00757185948481302 -0.0164637367313305 0.0125952545422972 -0.480225242193222
-0.0163807032076319 -0.00927489863218258 -0.717284600825846 -0.377372948394201
-0.014118056590489 0.0186305294219993 -0.73237467944057 0.556548435437964
0.0147384911015795 0.0194466618699789 0.190417176681473 0.713175248841969
0.0415453217544203 0.00721545657898522 0.504516593890916 0.137449737024209
0.030963193951945 -0.00149666606119411 0.292147736604377 -0.219694193153601
0.00386059960743772 -0.00239549050259318 -0.0361625228232098 -0.281341690393592
-0.00643177468517273 0.0115938970105912 0.018103948554375 0.222159342754687
-0.0252992624150864 0.00159123599977621 -0.236040501371205 0.124188990223482
-0.0428899333942337 -0.0141647982840187 -0.417458170265049 -0.119256263393466
-0.0193258855026971 -0.0328809679063617 -0.114064224883877 -0.561123733401714
0.00998908920760544 -0.0055835406656182 0.60531899466667 -0.470123870319963
-0.00185171649831644 0.018000552728769 0.684779262292098 0.25860348997984
-0.0129352360520434 0.0382464411720114 0.126411587282849 0.498950233253809
-0.0234329272869262 0.0125178750832191 0.0516237830542962 0.0607989699767606
-0.02357822432215 0.0106700178596251 0.0489320946834366 -0.480132786056283
0.00576830932407704 0.0182479592994406 -0.669120438333668 -0.498327184830193
0.0268833047026642 -0.00553904015717769 -0.810761385188833 0.434702667749419
-0.00858138626161324 -0.0258959691906991 0.10798888134324 0.753158210036448
-0.0440827060316244 -0.0149717808578268 0.4828765129261 0.216522681688827
-0.0332601048849121 0.00164751545404618 0.289235060665703 -0.205012479293128
-0.0194580485120358 0.00578525405475348 -0.0270287061713659 -0.308307113083384
-0.00754069511124732 0.0131133056834378 0.0181884314936635 0.215814642232033
-0.020639791342208 0.00156402400513577 -0.235422547498864 0.109419576864346
-0.0374398575915649 -0.0182375872721513 -0.405312996112879 -0.143482239149545
-0.0191617283432361 -0.0338696873980766 -0.0716026463717251 -0.569422010752846
0.00548913662936714 -0.00187435306604124 0.642636834393825 -0.427745479000913
-0.00472675614606901 0.018538427921115 0.673003034348626 0.306050764139555
-0.00958464386888709 0.0346252954460941 0.105745834087575 0.513521607934756
-0.0172679000489911 0.00858685065545254 0.0487342659262647 0.0632045344813744
-0.0197167000183696 0.00864840021358889 0.0286949325311234 -0.474449852179289
0.00569600604167159 0.019176963820868 -0.689071431491347 -0.445091626060482
0.0218375546039548 -0.00206493549383431 -0.772332985656675 0.484929298408882
-0.0121580786617889 -0.0232047585527332 0.158237753446882 0.743905708589077
-0.0393645664816724 -0.0138927450213859 0.49579554020385 0.185516043366878
-0.0271657401584341 0.00151228896859074 0.285516038848235 -0.222225882234246
-0.0205368545097838 0.00949709552943675 -0.027995415671025 -0.313495801020009
-0.00650154628361087 0.0128102908708007 0.0181304157972517 0.212159264288099
-0.014410930896548 0.0026267472623158 -0.232351511929594 0.0954858798511725
-0.0262468046686771 -0.0180228458930356 -0.390287564415032 -0.168159653451566
-0.0186027508467846 -0.0303374303413271 -0.0348599776119377 -0.576693298362316
-0.00118852389292986 0.00248583603697186 0.673266824007436 -0.387342227233551
-0.00791228696073899 0.0155890936945026 0.655888034572911 0.357924934315401
-0.00690871588679103 0.0291520528058956 0.0841150917595314 0.524292208725697
-0.0107431493377327 0.00373991907569868 0.0453962896069643 0.062847028269106
-0.0162690958531359 0.00485648323919266 0.0103367090720497 -0.470455043643037
0.00398293986770837 0.0172235584410857 -0.706315100271542 -0.399120513400389
0.0149440486550849 0.00188606748805648 -0.732733109705071 0.533957416832671
-0.0134094005265902 -0.0181073889864563 0.200477300112476 0.729598437255911
-0.0289260820067928 -0.0119420529448712 0.507292379754834 0.155112849355802
-0.0190365619066984 0.00155694949994063 0.283098071131707 -0.236724023945418
-0.0179174732708331 0.0111761805279242 -0.0292789356431218 -0.315472892934425
-0.00353088697550382 0.012001517861684 0.0158146830237803 0.210716646369575
-0.00167461456963783 0.0047232876463533 -0.228997596687527 0.0877265688696779
-0.0137380203697439 -0.0126916054914948 -0.376410207107895 -0.186130714923585
-0.0170296645005766 -0.0231083447661388 -0.00500269217417769 -0.583639860687163
-0.0101370846170686 0.00579070982485899 0.695646905864255 -0.34818796870983
-0.0113601198296193 0.0118732526451092 0.642096954603563 0.395873978832314
-0.0025985722838872 0.0224349969862717 0.0683486364788192 0.531163784691587
-0.00463567457273812 -0.000153863953534965 0.0473435558081442 0.0606461469217712
-0.012794080784798 -0.000879859043697909 -0.00396771668822469 -0.466529171134152
-0.00119963153264924 0.0130945301822557 -0.718426735589306 -0.358890882561009
0.00729869257757662 0.00934377583577225 -0.703483808980309 0.567941488972279
-0.0101448807894074 -0.00990008015707404 0.23178149032047 0.715772770863976
-0.0136245922332573 -0.009912149821136 0.514257630473794 0.132437762981252
-0.00624875173765229 0.00188561636947418 0.280246468888069 -0.243929053013081
-0.0150925538079869 0.0105765047290196 -0.0314147823893004 -0.314210666955713
0.0016219355934099 0.00990700711212355 0.0112168822399434 0.213792932003309
0.00867839936835368 0.00823584367236725 -0.224161061067794 0.0860553170632862
0.000816200905407512 -0.00548400751824922 -0.36644059772174 -0.200906030465767
-0.0151502417937334 -0.012813137602275 0.0115433077818798 -0.587016817886541
-0.0199693875169873 0.0076150919269771 0.706874586361544 -0.324506182851526
-0.0155800472470021 0.003866593581461 0.631903001279198 0.421189802134331
0.00201618164546752 0.0167635917987571 0.0593344658824059 0.531739588243829
0.000232877955277036 -0.00458177702737286 0.0492635845333462 0.0577522108582754
-0.0102463651905932 -0.00502606102151071 -0.0123703484208898 -0.46612674097748
-0.00481999124795643 0.00847771950819361 -0.728406847844384 -0.332585408992921
0.000502562689721944 0.0136640751784383 -0.685178636128558 0.59418836969465
-0.00391930324115324 -0.00191637759872389 0.250942074730388 0.706188297809516
0.00340199277107909 -0.00803755352669443 0.516304752239952 0.114141414841203
0.0062644245940757 -0.000496080881375253 0.280079606206214 -0.247627356031674
-0.010643682193732 0.00838231951636357 -0.0349026368086546 -0.309264063156132
0.00507733273560151 0.00792422116386874 0.00482838715511716 0.219466788487204
0.0193431702672026 0.0121057292928764 -0.223443817373925 0.0890653208520459
0.0124893383406901 0.00461762855331722 -0.363142321831475 -0.206554138129101
-0.0136763104272872 -0.00170069602129656 0.0108533951903628 -0.592566555928498
-0.0269628520037852 0.00802171133388012 0.705665982602615 -0.316665717784775
-0.0174176236607406 -0.0023502848168026 0.629749244293787 0.425564843783519
0.00593969884765046 0.0110534450294241 0.0601555871607481 0.530866272062529
0.00268693488967116 -0.0056038908781588 0.0537844236217559 0.0531195173394556
-0.00857156090093671 -0.0109295944932398 -0.0109214303721539 -0.470579941854607
-0.0112384564796213 0.00214132114278932 -0.730577578758817 -0.326628299140081
-0.00579195166929217 0.0182027576212646 -0.681872118425081 0.601248430994278
0.00372661541978834 0.00579415505852157 0.24979725921268 0.701566868529919
0.0202469169639895 -0.00512714380909816 0.51856338982297 0.108464851973638
0.0177177066235414 -0.00140869621815494 0.282316511796157 -0.246282829012209
-0.00591487037942799 0.00639852269124464 -0.0374781068586708 -0.301352619751694
0.0109867207992155 0.00497809264543918 -0.000201176002452223 0.22628942466242
0.0263151735409019 0.0142972280577111 -0.222412781635615 0.0979248389241542
0.0226302635894213 0.0151631009945799 -0.366395196337852 -0.202690771788871
-0.0104664667977114 0.00783187790636095 -0.00510995422510214 -0.597109130397872
-0.0310277007822039 0.00797832360022697 0.69497985719471 -0.326618573302322
-0.0191242081306601 -0.00849413022242926 0.635676373735893 0.412809647591055
0.00807950055563054 0.00940434846671633 0.069964874026367 0.523505639326242
0.00300574365005152 -0.005560607472472 0.0600728510586605 0.0489345655156962
-0.00768357713738288 -0.0147508723641287 -0.00569290687367079 -0.476426736663285
-0.0147765728919326 -0.00449082651202829 -0.727798902923364 -0.339878299765915
-0.011211433506558 0.0194644503835016 -0.696240786391688 0.593068860516229
0.0103232794932626 0.013203679852991 0.232817234034752 0.704857255114705
0.0335514612192421 0.000132911635275901 0.515160344071457 0.115151247824627
0.0268511273593978 -0.00285681556598683 0.285888325214853 -0.236510996262762
-0.00166375555240911 0.00242545494765145 -0.039189177624377 -0.291677094635317
0.0159497941494514 0.00210939224404891 -0.006350159977956 0.233576525433719
0.0313566445306054 0.0141620979447439 -0.22480771331086 0.11245249189893
0.0300127542364773 0.0209967940462825 -0.377130576999046 -0.189511066535562
-0.00608037667570623 0.0137605392495248 -0.039312476639117 -0.599056217757793
-0.0322284707798872 0.00622643975713837 0.671265013970263 -0.358564894301905
-0.0200741824517909 -0.0116159625268813 0.649005035854457 0.380042405996973
0.00718069337357582 0.00870562065609784 0.087729996778755 0.51217721127009
0.00162989363240582 -0.00306404399751138 0.0665214966112149 0.0457547362479528
-0.00740273346534745 -0.016307036769086 0.00949475770536559 -0.484789320796641
-0.0173791343026536 -0.00994776469512294 -0.721054876434622 -0.372649838417574
-0.0139225659595272 0.0184877851553706 -0.729986943817374 0.565904170533067
0.0156199877692362 0.0193416017235345 0.197514989917999 0.715201154385075
0.0417738712495661 0.00739814667342835 0.508049702179608 0.134063709323249
0.0310057810117422 -0.00246517829148803 0.290534778271307 -0.224408405044117
0.00329325345080264 -0.00112874956265358 -0.0409338901990776 -0.282048656783529
-0.00605108662411424 0.0129336826713387 0.0213901174827575 0.222679492305584
-0.0261844478671644 0.00304071372118195 -0.236076316434669 0.127076983841235
-0.042841705824002 -0.0139895570519658 -0.420096057899595 -0.115189092841797
-0.020025534409959 -0.0314928462350039 -0.121758634985826 -0.563876613861158
0.00956817582928766 -0.00486121212471502 0.60287701316143 -0.4794250385731
-0.00226207239350744 0.0180075723184344 0.689931937303422 0.252247056957848
-0.0110495257681513 0.0384249448501305 0.131740301341685 0.501384448798822
-0.0219417944626251 0.0130371458014299 0.0524789332971812 0.0612713103722817
-0.0242733623520824 0.0114540526526983 0.0452610035529969 -0.484314151147237
0.00605218471970261 0.0176738697757207 -0.676593017006111 -0.492059848719299
0.0271884832416617 -0.00633594590085728 -0.809626256195241 0.44375005379719
-0.00988316529599321 -0.0264804420473992 0.115206511046782 0.756014259411598
-0.0444881857327109 -0.0137406707451769 0.48821013606613 0.21211008989759
-0.0335471199111841 0.00148905593705946 0.288369220155206 -0.208747019292723
-0.0189872650203874 0.00747013376917849 -0.0322119397205161 -0.309222237535219
-0.00697472888188109 0.0124243301778097 0.021377723718234 0.215823783184657
-0.0207982335207119 0.00219090287212908 -0.235093892208932 0.111475943959015
-0.0372514220098902 -0.0170773221028262 -0.407768875943501 -0.139546522271131
-0.02013347996394 -0.0336199156368799 -0.0779510837533239 -0.572948268302603
0.00577000883914014 -0.000301383958652934 0.640720160061163 -0.43685097082615
-0.00479772119274002 0.0188301114381482 0.677705635568471 0.301406433670755
-0.00994966865921649 0.0346626653693442 0.108575678924006 0.515563544669469
-0.0164422114547584 0.00952869261296776 0.049743549459584 0.0631199702869308
-0.0196158490493194 0.00919917442087065 0.0262149564960433 -0.476557419981491
0.00646188274983584 0.0185516591045767 -0.696855970173259 -0.443089856064186
0.021868215281412 -0.00237674068268112 -0.77174611530603 0.494138201390806
-0.0130614280683988 -0.0232732491171814 0.164581275149525 0.744695746411484
-0.0401781203613471 -0.0131297012585547 0.50013959774666 0.181575204636444
-0.0280634189568675 0.00284576328151205 0.283157165178426 -0.225418828847328
-0.0202154231688425 0.010958324641613 -0.0334226955455724 -0.314301811978761
-0.00653996419362854 0.0132046706918908 0.0218015769395545 0.212312820693906
-0.0132444617362713 0.00240741014105022 -0.231662797865741 0.0988311379476342
-0.0273344955669194 -0.0175549871079824 -0.391692689281765 -0.164465248594406
-0.0190661344245911 -0.0296531467810683 -0.0383185328120721 -0.580577207129283
-0.000549911136709914 0.00343359339094564 0.673017243809043 -0.394935930895343
-0.0080155390559387 0.0168788443236238 0.662106031022628 0.353566554484179
-0.00669933616648908 0.0293628642511872 0.0884391277377124 0.52563263701658
-0.0105060887651763 0.00395531823767845 0.0473079952462931 0.0630543170928513
-0.0163762498157166 0.00542601815990085 0.00692083527799458 -0.473179315771164
0.00396532536837925 0.0171771378648578 -0.712588292680227 -0.393899167417518
0.0157761632368752 0.00261098423559913 -0.732296433209047 0.541907063588674
-0.0135953420013465 -0.0177723416335906 0.209064316560274 0.729686553668072
-0.0293769458392773 -0.0119151707171385 0.509659968201118 0.150401337280214
-0.0188128789802952 0.00333318196790338 0.280814096791746 -0.239929606509402
-0.0179241808196564 0.0116161568629808 -0.0343198212915201 -0.315860084147791
-0.00398638446479714 0.0117015522311787 0.0187688135286606 0.211594949293433
-0.00256781703123002 0.00429488151724146 -0.227745356716957 0.0905679977869923
-0.0138451086379695 -0.0129408739889482 -0.379837662485094 -0.184068475051078
-0.0177798504785006 -0.0225075248288269 -0.00947422443423795 -0.586608195076306
-0.0101258126318049 0.00664207084950162 0.697591759035621 -0.356899260658219
-0.0116678611403243 0.0107585244949746 0.648361538042823 0.39275550719057
-0.00135495106768558 0.0221938740766033 0.0732242891180679 0.534456655387113
-0.0050881765647125 0.000298005860903764 0.0479702145574862 0.0603061602681137
-0.01298300558828 -0.000276135932630719 -0.00614942054013332 -0.46859196586339
-0.000904187738800717 0.0140253992029142 -0.72397847169756 -0.354598121885635
0.00836872186021356 0.00801248453406697 -0.703925074221255 0.577732936013781
-0.0100390806875416 -0.0087678150557074 0.241899096586066 0.71523631292061
-0.0138476277733001 -0.0102897526540853 0.517960215397766 0.126383260904984
-0.00692620314708598 0.00255707999557324 0.279055694694289 -0.248766147709866
-0.0157954715660055 0.0108904872726763 -0.0364750249062987 -0.314901449787877
0.00077690452610892 0.0107911025649816 0.01436226645831 0.214091658095216
0.00858995997598856 0.00825716673288791 -0.22326057044173 0.0893098199745338
7.73372541254928E-05 -0.00471156865012214 -0.369438897820032 -0.196701404943879
-0.0163332807830474 -0.0126075004668373 0.00660254450589711 -0.591061823602469
-0.0191559098343835 0.00832543654361949 0.705410152151272 -0.328985167876549
-0.0145791576761355 0.00492848207591096 0.638374444247839 0.416062546617091
0.00255517417209521 0.0168213670845119 0.0625998647557185 0.535228930762642
-0.000702173724244543 -0.00432301375763356 0.0505948778809179 0.0571183953879089
-0.00981917623456878 -0.00632961721205744 -0.0142031182730706 -0.470804440958556
-0.00550602450818056 0.00843898867566004 -0.732799038275632 -0.330338334697353
0.000466715453280146 0.0137929227275966 -0.682849338166419 0.604058003751
-0.00419577373808351 -0.00212232238935439 0.260746232463536 0.707060029247561
0.0037227414058492 -0.00795353575104946 0.52185392436875 0.109305349845577
0.00596802442323296 0.000119119117507811 0.278372923567627 -0.252473894227808
-0.0110892979781654 0.0092926336827363 -0.039986374969048 -0.309930631603218
0.00551669599361838 0.00750909141150288 0.0090420795411026 0.219911642105529
0.0194947971159455 0.0113286611660424 -0.222238386516434 0.0926747837523842
0.0130936108966538 0.00521552737124273 -0.365447645197077 -0.203332988900437
-0.0136018026695217 -0.00133951854647224 0.00549615719374856 -0.597368054047372
-0.0269681809107837 0.00885075970077048 0.70605117610488 -0.324333756932553
-0.0176949778526219 -0.00294868786535639 0.635591011407668 0.42355357433223
0.00713949644768894 0.0113162864814622 0.0641138792775493 0.532168446886661
0.00325010274404467 -0.00581919288432416 0.0551019049780321 0.0532813769696419
-0.00861551728313116 -0.0116282616034912 -0.0153693526456225 -0.474114973127047
-0.0113359687621517 0.00269796590743833 -0.736142905816471 -0.320546885612304
-0.00617380634185843 0.0178449254123637 -0.678795601304122 0.61122542659376
0.00278567703192788 0.00637143365787807 0.258009179080576 0.702531813544558
0.0205965851687093 -0.0045681536091141 0.520968297426234 0.103802257380887
0.0183416411645734 -0.00208678688763732 0.279825306100817 -0.249762046094773
-0.00622258501071174 0.00624580306488148 -0.0422762657991392 -0.301942031131689
0.0109228384701313 0.0047082782788826 0.00331651263737819 0.226929099435188
0.0276284511369579 0.0137161625360499 -0.222862363301694 0.101890402990229
0.0237177063814322 0.0147750304576629 -0.369621125648347 -0.199337021630145
-0.0105117140341225 0.00844443447754436 -0.012731207028843 -0.598758564966649
-0.0325989362781212 0.00856939491969831 0.695310495283708 -0.334953502430693
-0.0193833508335826 -0.00840166734725047 0.641052213855328 0.408432594534858
0.0093201553988903 0.00843375989610846 0.0751793607312827 0.525061506833504
0.00325282027220686 -0.00580211356944201 0.0613279961448769 0.0496488526016804
-0.00794141613059598 -0.0148864663988731 -0.00871838186924733 -0.479581693338336
-0.0151458172993447 -0.00381796944944416 -0.73544439862674 -0.334450968101355
-0.0106289626770074 0.0197892058247305 -0.693487300739714 0.602983725929575
0.0102162067206895 0.0130493122201279 0.240642100574615 0.705764474804632
0.0334860429183145 5.57681612735946E-05 0.518078952322334 0.109790712873209
0.0269108202947235 -0.00266767839430905 0.283859407118643 -0.242415168569069
-0.00067074008768481 0.00235928883362665 -0.0445169719942924 -0.292806025986803
0.0156542018638137 0.00152109001435621 -0.00245228907566384 0.234348479483385
0.0321974676028978 0.0134705948158871 -0.224382731236489 0.115274627998664
0.0302245718466714 0.0204394840247431 -0.380049475803959 -0.186475185891187
-0.00615403616785609 0.0145075994563716 -0.0445238515653731 -0.600658488017854
-0.0323227911295715 0.00735801139532366 0.670062670451336 -0.367035274577135
-0.0201929058072039 -0.0109941042502497 0.655556632543422 0.375907547097362
0.00795848462151088 0.00851216351142814 0.0916048335389124 0.512917685979767
0.00180248753906848 -0.00359796008683023 0.0670116105956972 0.0450343657418452
-0.00751090361227988 -0.0160029622623275 0.00577377586437893 -0.487295826274496
-0.0169732720119946 -0.00977747017791031 -0.7270074619782 -0.371054318287787
-0.013726175598348 0.0184481380303761 -0.727741792624752 0.57495678553625
0.0159563289235084 0.0194102298079201 0.204455255934405 0.718140638816508
0.0417702822966692 0.00632538092052163 0.510775915041751 0.130099955838761
0.031521641669092 -0.00208499471744742 0.288702508954172 -0.227911666459503
0.00382192657140453 -0.00118175571889416 -0.0454833291845024 -0.282725097868369
-0.00572868753066092 0.0120470387524811 0.0253826735471975 0.222675470028842
-0.0256818517629177 0.00237954691647394 -0.234698355041926 0.131595899179528
-0.0435354655104062 -0.0133931448925146 -0.421402701861956 -0.110012542152063
-0.0201607073820663 -0.032466327287064 -0.125582271666563 -0.564707986180662
0.0101687799716929 -0.00517341188736267 0.600786097537939 -0.488539411241041
-0.00131769571874656 0.018877959321494 0.694377853241418 0.246573537755639
-0.0112010351022526 0.038694320871229 0.136098944892591 0.50223962567603
-0.0223174526055313 0.0136021923014138 0.054014057714557 0.0610402115821799
-0.0230241586329966 0.0115619871402731 0.0423701927737759 -0.48523796544349
0.00623604881780967 0.0191189100884603 -0.682867287409227 -0.488863328891933
0.0262353570639868 -0.00705177171691645 -0.809516045424227 0.454628555851423
-0.0100656618400134 -0.0263674948174087 0.123377952246809 0.757713078077582
-0.0446155869722307 -0.0135509307291995 0.491393110885248 0.206557498648966
-0.0334414867416995 0.00143369895654121 0.285904800363485 -0.214036917568678
-0.0197862834271806 0.00768269075687728 -0.0376546872378863 -0.310316826300139
-0.00699291721960938 0.0128822999389134 0.0256955836877831 0.216260812178167
-0.0214395817968789 0.00156887233453594 -0.234748556951058 0.116340757022558
-0.0380874524277655 -0.0170364730422383 -0.409294469255611 -0.135052478030339
-0.0196343853895287 -0.0333732249702887 -0.0851841664593052 -0.575307785322393
0.00585287142009353 -0.000342618589663278 0.638177677397315 -0.445599508427071
-0.00433015527805398 0.0191552015155671 0.682420083570602 0.296820970077638
-0.00858776378183087 0.0347955399772647 0.11264810611757 0.516788329480342
-0.016579441529271 0.00975212278783596 0.0498159723615219 0.0625206058475088
-0.0201893553825987 0.00993494839940714 0.0222787110869279 -0.479183425100362
0.00655266368043411 0.0193299852089638 -0.702332049247693 -0.437657124436578
0.0222450919739236 -0.0028270975263607 -0.768143924154056 0.503442338549332
-0.0130937711048344 -0.0239460327722209 0.174266090223045 0.746333935196251
-0.040508260274851 -0.0131722216430524 0.502806780202774 0.176267611578998
-0.0283673807025966 0.00314179572991748 0.281815705871777 -0.230515101914658
-0.0212552671637936 0.0102508590727931 -0.0383733318578564 -0.314617957805321
-0.00668234779699222 0.0130839607081062 0.0251842628832909 0.211748415722402
-0.0130528152705955 0.00304821465645613 -0.232510933813364 0.102431801177769
-0.0272650300371798 -0.0177750541069149 -0.395430284559371 -0.160110164786423
-0.0184127499428938 -0.0300191729388836 -0.0453847752534308 -0.583508861382238
-0.000859084018261184 0.00422012011652824 0.671457573744114 -0.403870391110719
-0.00815138837103753 0.0163213806051561 0.666109700239332 0.348074172078749
-0.00465328439127527 0.0292925049004794 0.0911694536172685 0.528495333451548
-0.00998594703756451 0.00416784167069886 0.0485697524181752 0.061811650609357
-0.0150756964112619 0.00563537234497697 0.0033348357249242 -0.473847073204819
0.00402781930758935 0.0167648072487776 -0.720267329799793 -0.388590955813147
0.01473540443557 0.00305917126849338 -0.727886242534147 0.551953771318506
-0.0134132230009239 -0.0175381231066134 0.218068079307716 0.729517517367031
-0.0292832345968176 -0.0119591979715884 0.513694011825679 0.147210933986111
-0.0182066395523059 0.00332368062152774 0.277378606063657 -0.243949673824521
-0.0190845347023994 0.0119708220028428 -0.039395530703566 -0.318095728818699
-0.00321290105166923 0.0113782794324134 0.0234768527872104 0.211748260899997
-0.00225408555088922 0.00505678028186238 -0.227169409284185 0.094538488913927
-0.0140299954090398 -0.0133931619324194 -0.381971956156282 -0.180117147140364
-0.0177902850165441 -0.0223293009210091 -0.0156162984649148 -0.586922444180585
-0.00941575491282373 0.00730816150818266 0.694957258570722 -0.363680921469575
-0.0117362780449199 0.011708834126627 0.651769006691637 0.387055103417109
-0.00115537392883686 0.0219024881570823 0.0761734926309502 0.534805958347108
-0.00452428244957842 -5.96438251282143E-05 0.0481734351070463 0.0601793350723761
-0.0129944795114734 -0.000281565420576657 -0.0107146958831867 -0.472067529184073
-0.000984186118397256 0.0142419566796144 -0.729812711012442 -0.347797399308248
0.00806298731171228 0.00879655015671126 -0.699187601074888 0.588800075924214
-0.00972208376314812 -0.0104147096661732 0.249397676514163 0.714716704642276
-0.0136394534705073 -0.0105378942069337 0.52021410584706 0.120241992208452
-0.00630319277605565 0.0021882992105606 0.276706250492525 -0.253424742558788
-0.0164574870883466 0.0117301950617529 -0.0428544794044621 -0.315598210757105
8.3843243126042E-05 0.0100646347768419 0.0191347399479948 0.21441533040636
0.00871709037780635 0.00772934156129371 -0.223562363667679 0.092295593918488
-3.71656775690914E-05 -0.00466483538279614 -0.37284284118665 -0.194397415023329
-0.0161159652332136 -0.0118758787012811 0.000871311757135994 -0.594001207253147
-0.0186587793822147 0.00904704536616526 0.706164453359485 -0.338111424034935
-0.01527127415009 0.00507077053287816 0.644427135301524 0.412570170781054
0.003629434808029 0.0158954873761497 0.0673574577446993 0.536958177474994
0.000961479067634067 -0.0035937660049339 0.0518457870299227 0.0571589507554786
-0.0100724368025805 -0.00639055792293643 -0.0193870134029238 -0.471709108224742
-0.00566514095992746 0.00865180711260283 -0.73978748537667 -0.323015281870765
-2.53654347333633E-05 0.0142405483424234 -0.678627780023761 0.613688284354294
-0.00375260722031324 -0.00150533209934635 0.266984859055842 0.704555198400804
0.00348523413199777 -0.00870556380525267 0.523298227369896 0.104429816745675
0.00619950863690084 -9.93429804104645E-05 0.275675027596847 -0.256909230520266
-0.0115723934623799 0.00976912752768999 -0.0448447734207052 -0.310329355127603
0.00560789084722621 0.00766534962431503 0.0125702411492734 0.220097588552092
0.0185514219501043 0.0117557480122186 -0.221681153403806 0.0960372365175635
0.0130628692600885 0.00520695194567437 -0.369057607894036 -0.199614055743911
-0.0145857882615141 -0.00113052461684127 -0.00161488752412848 -0.597311051292248
-0.0267044819625235 0.00953948926075868 0.704977814318553 -0.33297358822658
-0.0173371473055753 -0.0024859586616332 0.639204299757907 0.419220606352013
0.00699728261777482 0.0117392583285233 0.0695264844163239 0.534184939856266
0.002855452348873 -0.00569225097092624 0.0563660247056272 0.0530166675422911
-0.00811413679329874 -0.0114064818849029 -0.0176668792554679 -0.476362890233244
-0.0114077294237597 0.00213236287060745 -0.742341440119466 -0.316223345948861
-0.00550291508968848 0.0175486147833187 -0.674780330168799 0.619956109467214
0.00355243470949321 0.00559406843524424 0.267172050640497 0.703040084091994
0.0199187312540142 -0.0050640634971366 0.524542935156134 0.0990504591456239
0.0189721658704425 -0.00104838264414968 0.27686943049162 -0.254377634243201
-0.00598751600110574 0.00714783466514 -0.0478492015619663 -0.301956204700038
0.0109698700332783 0.003493022527066 0.00675652229595753 0.226875506103599
0.027321998540568 0.0126689141564037 -0.222168099401694 0.105389899436039
0.0234341624687045 0.014188053679819 -0.37165324743003 -0.195500592683264
-0.0106358570865222 0.0081355002089639 -0.0174904137628965 -0.601963656775147
-0.03177913545791 0.00900963642755902 0.695402864569364 -0.34424982756502
-0.0185707627853432 -0.00808528599733786 0.647085970600715 0.405222728644043
0.00923681611361329 0.00821816838986643 0.079052694955672 0.526619352896805
0.00363379579154259 -0.00573390458601558 0.0617978495096116 0.0487090611429463
-0.00791666796432697 -0.0152086035615959 -0.0121576906085029 -0.482764127700925
-0.0154072937498888 -0.0050435243708799 -0.738708162508447 -0.329523204429167
-0.0109598965090388 0.019777597414641 -0.690244400346366 0.612440111547744
0.0103468530694965 0.0127829936635982 0.24594789215115 0.705883673015612
0.0345699103261175 -0.000923240089270725 0.52186763095014 0.106041958097898
0.027390989367276 -0.00361306295357975 0.281065119744955 -0.24657393753682
-0.000423402575638622 0.0035646966983666 -0.04928775512606 -0.292786737978996
0.0155525104364173 0.000556342796923512 0.00195651037213374 0.235986519081588
0.0321231363805947 0.0134883060352103 -0.223128312105302 0.118932599213616
0.0308512014128549 0.0207754310499678 -0.383816188593285 -0.182478882941242
-0.00616979645116368 0.0148428840097973 -0.0529059323154224 -0.602413187579158
-0.0329246693017627 0.00795119843168901 0.669508829662746 -0.374049217866537
-0.0200226724444716 -0.0108608114645544 0.659557110788375 0.37078699853032
0.00912173687587909 0.00808154363739268 0.0970638293812522 0.514794228182507
0.00215354796532248 -0.00244479341811272 0.0674950848925425 0.0452917393368373
-0.00770529612261316 -0.0164051863972464 0.00134244834425763 -0.490363459772052
-0.0178597544389535 -0.00927280548172259 -0.732534099966359 -0.364106058996819
-0.0136100229741832 0.0174524525425839 -0.724842305469203 0.586694128562856
0.016213645796301 0.0180884136367164 0.213874752084743 0.7169359493051
0.0423259689396119 0.00483569692005476 0.514349034075648 0.124319118049144
0.0319216619103469 -0.00252477427782765 0.28680688320216 -0.232492516263054
0.00398300923446666 -0.000364215469101582 -0.0512426042715473 -0.282334210857179
-0.00558789279799381 0.0123330786302753 0.0286118854705485 0.223243503107635
-0.0262112312750338 0.00272182104079871 -0.234209163391818 0.134517636589091
-0.0435293754829594 -0.0121006842388876 -0.422884837169044 -0.105900218602044
-0.0210546493772157 -0.031022267401403 -0.132886102073736 -0.566297718714196
0.0110576763161529 -0.00435933224089953 0.59486134134666 -0.496606165238058
-0.00179211570599382 0.0196593954574648 0.697966108926181 0.240584209306679
-0.0111535055427732 0.0383975671651248 0.141368283712272 0.502747014103965
-0.0214533504912922 0.014033384414801 0.053937199475818 0.0608655097816542
-0.0237974123371979 0.0117403914849274 0.0367723556256314 -0.488791886650677
0.00643291512660308 0.0178360431531391 -0.689013962054972 -0.483339941349598
0.0269307489039913 -0.00759068522117174 -0.806408648101533 0.465393441125949
-0.00921835052536985 -0.0262320977760489 0.132239745937332 0.758936063498557
-0.0446539318113022 -0.012434831832249 0.496272192442244 0.200621293305064
-0.0341181307722714 0.00281996166158619 0.283737655916691 -0.218167563810108
-0.0202632748353162 0.00779614262219411 -0.0445644173142087 -0.309828978525436
-0.00721570400851218 0.0128439210235084 0.0303947510257316 0.216048999882234
-0.0209898453674564 0.00197961248925252 -0.233749698558915 0.118846824598596
-0.0379993490704422 -0.0166819874640077 -0.411505887166283 -0.13124749163911
-0.0203348374665532 -0.0326239858458312 -0.0916890241189228 -0.575566674921182
0.00655146786434427 -0.000502523718149805 0.634753859005451 -0.455020716256744
-0.00416832878459842 0.0197054107871018 0.684951751226814 0.291999574140311
-0.00842504181427217 0.0346838892705719 0.118556022399433 0.517938765401725
-0.0159405881021521 0.00975223114882815 0.0503077215416767 0.0618365687263587
-0.0209120153967969 0.00985311281719419 0.0169958727484716 -0.481233852362856
0.00630359880631805 0.018776190083694 -0.709539770642184 -0.431571734696504
0.0222103878891697 -0.00314541493163783 -0.766400694052638 0.513110062012834
-0.0129688399065845 -0.0226161411753549 0.18279782321085 0.745435465386038
-0.0409122271248054 -0.0123954440937641 0.50725577908807 0.171465928842964
-0.0281918255728145 0.00397080926332159 0.278759287960095 -0.234961836880606
-0.0206239348927259 0.0111478350851919 -0.0442605287669792 -0.314622335982455
-0.0064864864926459 0.0119037941368924 0.0295930654184631 0.212380315002456
-0.0127950956684338 0.0019862577337629 -0.230515706957726 0.105408711385955
-0.0275281137861313 -0.0173194286874189 -0.397498092809546 -0.156521933284346
-0.0193540699820942 -0.0293633040062209 -0.053578814789144 -0.584184601044015
-0.00113165605772894 0.00443094264217454 0.667998524158885 -0.41315388578959
-0.00867864370550529 0.0168443608403884 0.671652821843793 0.343094741809576
-0.00466340880594234 0.0292149428071031 0.098027460160477 0.529368053488199
-0.0103206322752946 0.0047096724039638 0.0483028794158628 0.0617154807694291
-0.015527826641238 0.00552702040219868 -0.00218913738377717 -0.475911236091631
0.00393486776782203 0.0172986666467215 -0.72514162703423 -0.382507046735079
0.0155825405305452 0.00113805679897403 -0.726589915538809 0.562614844633422
-0.0127851680609257 -0.0169644478393132 0.227876579004834 0.730391074040753
-0.0298655453918638 -0.010552853537949 0.515689334443312 0.14044412873559
-0.0184215100088683 0.00385629378777018 0.27506721905106 -0.248805105990632
-0.0196385340795443 0.0128447817944969 -0.0448190395384257 -0.317336808833487
-0.00372040569592627 0.0109338954809303 0.0280467211296003 0.210955102597708
-0.002217707491672 0.00445377614857563 -0.227303074661899 0.0988324333042345
-0.0142874350408816 -0.0130689018930087 -0.384490941000251 -0.175741527658989
-0.0177293151901296 -0.021638722063853 -0.0242265181955084 -0.591623412406538
-0.00951933057340164 0.00743323231070824 0.691979779831375 -0.373316740006986
-0.0119871810577873 0.0122714047413885 0.658717582521108 0.38212485193375
-6.28537436699318E-05 0.0220772272958589 0.0814220654595579 0.536617268529762
-0.00366800576710735 3.58998764166652E-05 0.0497468240963184 0.0601431251999501
-0.013114807965136 -0.000912989228997881 -0.0143839705444017 -0.473249546136395
-0.00075262220572878 0.0146318968209427 -0.735180576958111 -0.340477181699288
0.00742027756485254 0.00773079411192133 -0.694422476548792 0.599626427180524
-0.0105595575701977 -0.00913399319301716 0.258362557395663 0.715735619316
-0.0145477780059588 -0.00979527008662601 0.52352433275096 0.116756977753774
-0.00614418033234915 0.00226434226955029 0.273121961057502 -0.258034987392447
-0.0157308799635806 0.0128359546437199 -0.0488891803278287 -0.31570595955622
0.000357968504055029 0.00944123788180105 0.0232557628514996 0.214468167817299
0.0093522206028411 0.00810043329852705 -0.224036461686786 0.0953083259521598
-0.000504500322544491 -0.00447717539231347 -0.375177703293752 -0.190345102116351
-0.016814522093914 -0.0115563741756113 -0.00658106302176783 -0.596139533846827
-0.0188784328338691 0.0097869721408002 0.70216688618369 -0.349515061191035
-0.0149746064215797 0.00584629576442975 0.649012151128388 0.407412903003918
0.00467315503517189 0.0153375664986395 0.0732964544275493 0.537939721872007
0.00135225306369139 -0.0038336936924144 0.0527003631983905 0.0573011988011834
-0.0105193803209956 -0.00674873502477726 -0.0230683376479565 -0.474418438479587
-0.0066934578556293 0.00851900468361762 -0.744429295331006 -0.314552934122106
0.000949254152684546 0.0132503535945596 -0.672589003408291 0.622688857446817
-0.0034725741024242 -0.00123146970067346 0.278024153978147 0.70484835832162
0.00286794936098975 -0.00822820317431355 0.526142599893096 0.0982444908441598
0.00647595230501567 0.000554051302177788 0.272823057746279 -0.261458580290644
-0.0108074359791694 0.0107567986084324 -0.050765278506821 -0.310260324679846
0.00592168931172542 0.0070274099443195 0.0171378568212043 0.220128836746634
0.0187388323029051 0.0108154112037258 -0.221685064180721 0.0992951063381659
0.0132550998666443 0.0047869669409325 -0.37189198948351 -0.196110504525505
-0.0142121461999542 -0.000798478258548934 -0.00825236912032806 -0.600803417941397
-0.0262552802754468 0.00940491128930861 0.702504157303159 -0.340900398989618
-0.0173520684533165 -0.00167942302793666 0.646423523094712 0.414292331086431
0.00798267288725496 0.0118208713596319 0.0738306196748851 0.535459663909408
0.00277415110828545 -0.00678502533005614 0.0566534432962932 0.0528115463499699
-0.00837876112208222 -0.011391025735505 -0.0230653251559386 -0.477858866069135
-0.0118077601959277 0.00339693879060291 -0.748923801721763 -0.309684726016925
-0.00575003048505476 0.0189114413012472 -0.66986256662529 0.630712830061266
0.00393798513930966 0.00639091473252474 0.276231005554201 0.702525659394799
0.0203269726739889 -0.00646344317896361 0.527715617190786 0.0938579724049201
0.018207268768532 -0.00245860701568205 0.273980005340811 -0.25861737494582
-0.00520061167870084 0.00773205336217038 -0.0527173066437566 -0.302437426206181
0.0110514541523319 0.00351045789397163 0.0117622726283366 0.22713146463858
0.0279697506819174 0.0124156435701814 -0.22017827773537 0.107351629895415
0.0245016332481977 0.0137439938681678 -0.374442551886418 -0.192564606754729
-0.0104058973732453 0.00904461634801504 -0.0252005422959532 -0.603587711724631
-0.0314601321340959 0.00967622151346186 0.692600344669062 -0.353175837950425
-0.0190108813804058 -0.00713812400645034 0.652344950639707 0.396478951697259
0.0100461318751068 0.00839583755392649 0.0843840187183784 0.527741926492966
0.00463982957326273 -0.0058892185123339 0.0631031953125429 0.0473692212965364
-0.00717345760423435 -0.0148247707878083 -0.0163308348728523 -0.484402417968482
-0.0157969324449296 -0.00382751746008557 -0.744213140530409 -0.321957161097364
-0.0104099280020289 0.0200951229300197 -0.686933683949733 0.623526849658752
0.0108995149066146 0.0127335645188239 0.258532959852207 0.706916850523565
0.0340417983123248 -0.00146012769029399 0.524662078612088 0.0989289841660041
0.0267364341097372 -0.00309596049934518 0.278450890610807 -0.251181336803073
3.05815316408832E-05 0.0035815433581058 -0.0557867043804893 -0.292250590658317
0.0153169672236957 0.000646809499999167 0.00675546292759557 0.23585129484463
0.0322079526711814 0.0127685426048486 -0.221535582353559 0.122825834748185
0.0301229332527749 0.0194782685203175 -0.384864570219564 -0.177917745905377
-0.00574138711594315 0.0151799529802261 -0.0588139330372197 -0.604413167638302
-0.0322177955459988 0.00871348315083325 0.668198889253355 -0.382780578868048
-0.0200915956612307 -0.0106547905336647 0.665965931263224 0.364384199143967
0.00997096073963679 0.00820283216400228 0.103562759644281 0.516535662993111
0.00208290749443568 -0.0037390274508573 0.067893479064429 0.0444430706405062
-0.00747197359748662 -0.0165625801780562 -0.00334672002048391 -0.49089454370468
-0.0170855697853346 -0.00898003557786599 -0.739214665186538 -0.357813752268493
-0.0136725732737032 0.0175570772088858 -0.719885514325577 0.594651724445747
0.0164441644737342 0.0178541080509066 0.223147947008749 0.717403461824868
0.0418642661761777 0.00498585690015439 0.517327381005631 0.11614248841922
0.0316424716591329 -0.00244176122062672 0.283309397456197 -0.23700331457751
0.00381667968527628 -0.00137701087128006 -0.0556606754661319 -0.282562389375127
-0.00647057687332425 0.0114785045710104 0.0343294520344392 0.221854658283761
-0.0264011250815505 0.00287721475355095 -0.232210105056813 0.138725097520543
-0.0446174932939042 -0.0112667960394663 -0.424262198609656 -0.0997603991167617
-0.0215748473828116 -0.0311752850135584 -0.140223540169048 -0.565235642887456
0.0103157927840989 -0.00545071810427869 0.593057757156229 -0.50491973648462
-0.001804844545322 0.0204702304859378 0.701713393853161 0.23274598445256
-0.00949808789154384 0.0388806954133411 0.147801462569367 0.501346867232468
-0.0216417950236318 0.0142569777205427 0.0551811061151648 0.060519250471837
-0.0231610940451608 0.013033103109745 0.032550084612504 -0.490735341845719
0.00583984103903103 0.0180150481778229 -0.695993215972682 -0.475832590913886
0.0261804687101595 -0.00774621616218468 -0.802749322240717 0.477755772009676
-0.0106269595241798 -0.0261042287418753 0.142682901188214 0.758178273398799
-0.0450546929768251 -0.0113035690509517 0.498078342578492 0.196329997138406
-0.0343804838771625 0.00226064777420376 0.278921745682218 -0.222482434120036
-0.0202347832267999 0.00893514200236044 -0.0501254542594769 -0.30919898898164
-0.0068742376419781 0.0122051706046685 0.0348609358365881 0.214498562547815
-0.0218117640632543 0.0018651299442032 -0.232908500561876 0.122749651533481
-0.0389218833205971 -0.016409473923057 -0.41285358086311 -0.124723695509168
-0.0212322558665245 -0.031724906707014 -0.0967153076977713 -0.577191416552114
0.00570175568129244 0.000415721483468101 0.63097630815269 -0.463704521644836
-0.00419560836510431 0.0196498564554507 0.69024803450024 0.283585154246859
-0.00778331939779609 0.0343340962885548 0.124966374300103 0.517250414582381
-0.0163329557237472 0.0096865082189443 0.0514438821033609 0.0619786558167819
-0.0200346122710221 0.00911575457543778 0.0113323085083234 -0.48332460789546
0.00653271306858114 0.0195186559758245 -0.715303812841199 -0.424474540991686
0.0214345135606474 -0.00339402205199698 -0.760901916374006 0.525202478746725
-0.0141980146073412 -0.0225992148932127 0.193195780799908 0.744995984786257
-0.0400554469155563 -0.0114512015578656 0.509687011646893 0.165969577283561
-0.0280973030221287 0.00439392521345403 0.275061504631125 -0.240191228365516
-0.0207610619541721 0.0129445137891785 -0.0515363303615191 -0.314280395929468
-0.00713646532615702 0.012826439485981 0.0342966103025982 0.210651315511624
-0.0134907502759825 0.00285293768954653 -0.229789411813297 0.109829694286262
-0.0288237340984183 -0.0165626112205046 -0.398420979987192 -0.14970026399216
-0.0202563512582999 -0.0289999647469909 -0.0599586628317271 -0.584205537973809
-0.000528047453656089 0.00427222313040996 0.664563083947475 -0.422366984380561
-0.00739775610686268 0.0177695880682472 0.674773715178797 0.335057478733558
-0.004540565671038 0.0293366594833372 0.103251059968927 0.529059025755768
-0.0096613536595084 0.00489008065741016 0.0503072599046165 0.0611568368579537
-0.0157521333195498 0.00566280126101116 -0.00624499362443046 -0.477892441812501
0.00359312937340753 0.0176249893920475 -0.731068591339621 -0.374396394104831
0.0155723458374176 0.00197918948471593 -0.721825080636933 0.571079235333728
-0.014432975798952 -0.0159440265965444 0.235932719808784 0.728771989298195
-0.0302595431554787 -0.0109119302691842 0.519212671403799 0.133891557639524
-0.0191916042057921 0.00470993907359682 0.270531978255132 -0.252189188450304
-0.0190024362575534 0.0138556038052374 -0.0514043965696133 -0.316940776048407
-0.00342344479024388 0.0108014638199097 0.0328626042878949 0.211098901767883
-0.00223596794226919 0.00371850784956417 -0.225494204127166 0.101363734916041
-0.0143550795221092 -0.0130952569688614 -0.385830761984512 -0.170686797763548
-0.0189482502571494 -0.0207994620023509 -0.0297291830019104 -0.592073511772492
-0.00951411764839689 0.00754385337816408 0.688317237747936 -0.380880262178656
-0.0113719616344356 0.0121646927336107 0.664428692683179 0.374485643795135
-0.000486359035594382 0.0221108418792347 0.0857598323247283 0.537405619290313
-0.00346979887585842 9.43082089738846E-05 0.0501883237879761 0.0604264204512437
-0.0122379523621031 -0.000319331471450393 -0.0203718716437885 -0.474744302604222
-0.000807336958094204 0.0137757219928173 -0.74126388331954 -0.333448733530366
0.00772413211534764 0.0081027093108223 -0.690461522161839 0.608537167602845
-0.0108641826775403 -0.00848121289111674 0.267989928963777 0.713831975371616
-0.0140761776874359 -0.00925288139670553 0.526202954724311 0.109241005985799
-0.00617993770944602 0.00268901686221332 0.268894632206161 -0.262401258769466
-0.0157531877098666 0.0134693550046655 -0.0553437495144183 -0.313995820469386
0.000914967523726081 0.00878777800122895 0.0282991987042696 0.213852145799496
0.00943034566409337 0.00771782428797287 -0.22131676267322 0.0996030891548138
8.27280943941737E-05 -0.005122824825724 -0.377390464042246 -0.185056731923574
-0.0175978013758659 -0.0113135689956549 -0.0136623443721089 -0.597534617221409
-0.0190124258964418 0.0105057084325433 0.700871853840349 -0.358129901559355
-0.0142526949363334 0.0056194634983471 0.653891212116227 0.400600457544056
0.00483760105759283 0.0156924736405057 0.0783910053642643 0.539860271150635
0.000776267850593512 -0.00425276010691169 0.0533405670503478 0.0559378529607015
-0.0109560528837877 -0.00589712807383598 -0.0285085353877269 -0.474584262739894
-0.00567772715538293 0.00915404506382694 -0.749481333918317 -0.308419424155801
0.000704865953797519 0.0138035479389015 -0.668109102220823 0.632470009730558
-0.00361088169072039 -0.000828461937365726 0.285571032940004 0.702895199453663
0.00331655501541528 -0.00759038589695237 0.527849092021197 0.0924165554027967
0.00666578781788974 0.000607962509780284 0.268547349528406 -0.266053925940642
-0.0106654718305253 0.0116307585731654 -0.0575797598182652 -0.310281554957184
0.00573692489290371 0.00709532478225753 0.0218346727301874 0.21964190206746
0.0201320556917169 0.0110951815739662 -0.21955893368362 0.102785556071313
0.013061596992153 0.00399420895844936 -0.374246938943952 -0.191125331653222
-0.0140299741023614 -6.76714849777078E-05 -0.0153042980423827 -0.602509112209848
-0.0273622650118285 0.0106589845833205 0.700543663983037 -0.350739294560802
-0.0166279220849818 -0.000982459493960356 0.650503038905353 0.40676858123913
0.00826900918091988 0.0106305854249381 0.0790087884401293 0.537827757214371
0.00307144166519011 -0.00562738486358616 0.0581434061054438 0.0518687417255421
-0.00857269426146165 -0.0110050490309333 -0.0285612325857212 -0.479177019207471
-0.0113373564622569 0.00246071078621814 -0.753915109183944 -0.30338048028009
-0.00578914036083359 0.0181785783473334 -0.664142903247049 0.63972636949795
0.00372182049087055 0.00549769672749618 0.285739922261366 0.699491462458802
0.0199002363172033 -0.00626745429582667 0.527474661348483 0.0870221923822372
0.0190697655867591 -0.001900230017974 0.26991479686286 -0.263721133205758
-0.00553572146278524 0.00812483217944848 -0.0584922012414011 -0.301379441869296
0.0112559407909801 0.00385792846432708 0.0171678733551499 0.227028097124456
0.0282362788393903 0.0124128912887175 -0.218799845504128 0.111350317824915
0.0238931753113538 0.0135171231219128 -0.376896607563273 -0.188068472937243
-0.0108972076391808 0.00916889226478746 -0.0333803801744476 -0.605275638774931
-0.03175468891477 0.0111854502296852 0.689062430914837 -0.360505037391128
-0.0192957518921953 -0.00741418345497901 0.656760112250233 0.392318235005009
0.0102343176997413 0.00851258196244697 0.0897977731685485 0.527794783553537
0.00412136619635417 -0.00637573632783049 0.0637607520137665 0.046843309643721
-0.00839325218873811 -0.015032547692033 -0.0217482603048155 -0.485643411052286
-0.0158288052125853 -0.00403988671411557 -0.749320385238034 -0.316279522897061
-0.0105730484664097 0.0187356923959302 -0.678751303003754 0.631751824255853
0.0112903177775917 0.012620471326637 0.265582435865294 0.702922758500222
0.0345508586207008 -0.00228231234457137 0.524843024975311 0.092864422885765
0.027013245400293 -0.00429050056529598 0.274335624684956 -0.255047136650078
-0.00127222229808582 0.00322980320066029 -0.0607991595862188 -0.291801648756549
0.0151589563867419 0.000246372338406053 0.0107580830371684 0.235451199617269
0.0325693856519132 0.0121120103941681 -0.219266498339293 0.125912238932936
0.0317549020497181 0.0191198932920196 -0.386808542632294 -0.173433386497137
-0.00510515025929452 0.0148644368382338 -0.0658208603605412 -0.604306272265084
-0.032809307963693 0.00893769429821031 0.662350586778337 -0.392444263085809
-0.0205188079144156 -0.0107176732586347 0.671205750298944 0.357875471644527
0.00985200109936097 0.00775568241090405 0.107869232396083 0.516777348695255
0.00291724456911708 -0.00418190068027774 0.0693980317414752 0.0431782714401349
-0.00717950230954955 -0.0162305692526612 -0.0072568623092661 -0.492395997985023
-0.0185265119513475 -0.00904997772947147 -0.743326079450299 -0.35008601807988
-0.0135459004610587 0.0181213259515298 -0.715286445072274 0.60526190371172
0.016593916954826 0.0180385932365749 0.231698861455423 0.716438997030371
0.0426834207918592 0.00344079482582743 0.520952287268409 0.111717109417773
0.0323323682690679 -0.0036711648258785 0.280057234461294 -0.242016762865743
0.00347040715598595 -0.000157897558858373 -0.0622113380586138 -0.280454862930497
-0.00652302741433614 0.0105806246808133 0.0390423594349082 0.220602024723221
-0.026522879108462 0.00286950641093394 -0.229129823820221 0.142620770412374
-0.0441077577716624 -0.011144870490429 -0.424447652033636 -0.0942309668864328
-0.0225943829018599 -0.029694849336658 -0.146093184606648 -0.563462712889738
0.00950379132653157 -0.00476533546199707 0.586806213472642 -0.513876808379125
-0.00109380292320094 0.0198054494818619 0.702810989194113 0.224721745462577
-0.00820316582463821 0.0385435440727458 0.151410819846748 0.502421494142991
-0.0207258710881158 0.0147369691106148 0.0555211024016968 0.058546353875688
-0.0229167364823351 0.0127918483818512 0.0273769466286614 -0.491399090446285
0.00593615028848783 0.0184619729046353 -0.702786981514442 -0.470345479590497
0.0258389525204518 -0.00793652297057504 -0.798837513233462 0.487504955149543
-0.0116096521179657 -0.0260271764005893 0.152593777381286 0.756030366431584
-0.0451582580295604 -0.0106833257585643 0.502977844875138 0.187244978204411
-0.0339656510012187 0.00402412833752458 0.275899109124245 -0.226543303537541
-0.0200984527312988 0.00943596866508971 -0.057429887622312 -0.306836987579087
-0.00778469783770441 0.0118189052152015 0.040516876520787 0.21410998304226
-0.0218498668198496 0.00269589822415262 -0.22952080577186 0.126741036367638
-0.0392774225401025 -0.0156744779395434 -0.413256370837806 -0.119524648362452
-0.0215675591435098 -0.0314944104777458 -0.104607508342483 -0.575188694218969
0.00546958276248731 -0.000226055227525055 0.626677208883121 -0.472584359983891
-0.0030642645934522 0.020286919795142 0.692762849122168 0.276589334886583
-0.00682102145493848 0.0349339250338139 0.129390543680156 0.518011661077225
-0.0152362920599559 0.00997737157082119 0.0521865856766859 0.0616714498867911
-0.0196355370581723 0.0105285894155211 0.00703943131130449 -0.48431276282546
0.00668871201361601 0.0190736001288129 -0.72183055875728 -0.4171984179167
0.0223031076503381 -0.00447184214188464 -0.756827600762081 0.534482153514101
-0.0149392530036392 -0.0227610167907753 0.202886680623096 0.742306222064662
-0.0414226096808518 -0.0109611301929656 0.511181426952836 0.159443679659801
-0.0284784707757884 0.00498534767567903 0.270053732407499 -0.241965540682152
-0.0209981002732895 0.0127528399141885 -0.0585962929170254 -0.313116402128074
-0.00531299286118258 0.012200870333156 0.0395192426759025 0.209847634373381
-0.0140930588373004 0.00281386850793627 -0.227095274306848 0.114006235465113
-0.0279685579065097 -0.016402152020294 -0.400779570443261 -0.144702637281508
-0.0211348919685594 -0.0273668002449771 -0.0661351697850021 -0.584815601845235
-0.000838525634788062 0.00457986028336855 0.659406341610186 -0.430430844429112
-0.00688797059483029 0.0184108782221403 0.679082885278236 0.327744398753882
-0.00318800732846044 0.0286713189034609 0.109041078548429 0.52903100040904
-0.00998774986767728 0.00466935952667497 0.051202175258852 0.0611744011063783
-0.0149258967287426 0.00527214757487091 -0.0129735615096108 -0.479750763338219
0.0046718172333037 0.0176037816650364 -0.737462795890739 -0.366743147233875
0.0152466042375743 0.00180433924897881 -0.716548272889162 0.583236237083212
-0.0146717021202629 -0.016460982674052 0.246246294715626 0.725226763398346
-0.0311241368908224 -0.0101052144774 0.521877182662451 0.126357383808624
-0.0176334281064422 0.00445080484206637 0.266764080876117 -0.255773551875252
-0.0187939311526445 0.0142909984711561 -0.0594846388550906 -0.315416642497136
-0.00338203563345928 0.0111160468591829 0.0367443939995702 0.209075701738326
-0.00226545032218311 0.00374028714942422 -0.223514593111115 0.105201307586047
-0.0144493802979265 -0.0125491197041385 -0.389089699831127 -0.164295026933573
-0.0200054158211441 -0.0202446216870233 -0.0382521041692086 -0.593206699857775
-0.00903915802899399 0.0087864165868826 0.683734741193448 -0.390827711522391
-0.0105409876198156 0.0116872736295932 0.66776812265836 0.36864545995325
0.000950077011226281 0.0217096362759656 0.0924849808773873 0.537341658117795
-0.00371785268909975 -0.00115264358841496 0.0507914460181553 0.05925949418036
-0.0130600375922032 0.000370367654133568 -0.024490052616597 -0.475710921077374
-0.00101421915654311 0.0147898708671254 -0.746197146221499 -0.327435498215778
0.00805010657330254 0.00818521848489714 -0.682235281031749 0.616499196391517
-0.0109620011951395 -0.00805574555404554 0.276714395111794 0.709996114520621
-0.014608362069392 -0.00943335556895094 0.525018686022579 0.103500603525935
-0.00612438604026444 0.00327801813812281 0.265501132922371 -0.265558078548525
-0.015363402945998 0.0142681836496763 -0.0610820954444209 -0.313769257098624
0.000963404222895345 0.00934995777295139 0.032822898526702 0.21328416962523
0.00930113308508454 0.0069605327616439 -0.220093947705384 0.101878857884437
-0.000591511798036731 -0.00409320244131788 -0.379062316467841 -0.180830545773411
-0.0169110278857722 -0.0105727904305565 -0.0226413612045619 -0.596836369340575
-0.0185323561669302 0.010630596000324 0.698329964870523 -0.36579427809686
-0.0145135987186801 0.00658261678120083 0.659419634730388 0.393039438145933
0.00557807827130455 0.0154234873485484 0.0845357125319227 0.53878889328247
0.00104537651830237 -0.00482319412657745 0.0532742183634798 0.0562465728954055
-0.00998142078642268 -0.00533418214452552 -0.0324456179617889 -0.474908307536816
-0.00589574823753389 0.00871240443390929 -0.75293690800265 -0.302256996978265
0.000855172722360499 0.013573044531455 -0.65994970137851 0.642164547832745
-0.00373939945280957 -0.00174263300427568 0.294978690356281 0.698691149461114
0.00263128017703278 -0.00840630872053752 0.52880235271908 0.0840731361033518
0.00706598880468494 0.000887224215993721 0.262778147905608 -0.268793010525462
-0.0108440373667577 0.012604175880382 -0.0641325336129556 -0.307772331173619
0.0060110993068783 0.00698071241859352 0.0273556298916772 0.218593138134298
0.0195641121620753 0.00950094219625666 -0.217234496897216 0.106280962529934
0.0139259015085283 0.00477325916024424 -0.376482935364424 -0.185860453128162
-0.0143806732259023 -9.38342078301065E-05 -0.0241735052114873 -0.601373608871461
-0.0261652730801737 0.0107048401337846 0.695230477237959 -0.361353742577154
-0.0172063439058325 -0.000766812519252447 0.654055416305145 0.399754161791219
0.00880192665404826 0.010207520690639 0.0851756156192221 0.534889938319238
0.00298704658994984 -0.00645226562453158 0.0590410674027777 0.0511960747604455
-0.00817753137396721 -0.0113991457526013 -0.0323847302884923 -0.477943456711458
-0.0120459678799616 0.00271453654319229 -0.757654934909065 -0.294471075662054
-0.0058526256261805 0.0178586405565884 -0.656562689538987 0.649175698826529
0.0040104619118938 0.00608161911315108 0.293722577289796 0.696162771336732
0.019991724733897 -0.00647798974411232 0.529870692034601 0.0795438693058485
0.0187000321447544 -0.00254834183826623 0.265986767476606 -0.267891584128941
-0.00519891915356566 0.00862879244696064 -0.0656324870298619 -0.30034824874365
0.0111351151027023 0.00329978979208522 0.02229506173841 0.226861476892858
0.0285155397279763 0.0112889010198653 -0.216543568454716 0.114652934342365
0.0250130052563075 0.0134406999699847 -0.379815223111803 -0.182878880042635
-0.0108732160044652 0.00961442956004621 -0.0401327285039016 -0.604521614862039
-0.0314921818301027 0.0106581641338596 0.684366279504101 -0.370003222382189
-0.0189461218430476 -0.00715250506918417 0.661268155670367 0.385485950257655
0.0109239447141926 0.00721406912684699 0.0952703278713643 0.528771887077232
0.00418221255745231 -0.00649666249858998 0.0635070568137936 0.0455092603180105
-0.00794237616024089 -0.014733548928842 -0.0277927088166478 -0.486451949729223
-0.0156887324274263 -0.0036071573848718 -0.753991716081671 -0.307997793982629
-0.0108889348434627 0.019089997615978 -0.673310228207203 0.640729691610716
0.0112412723381412 0.0121599621842553 0.275183014174182 0.70158589573413
0.0346826905364989 -0.00238829054853987 0.526106609508251 0.0864983261988389
0.0274187456080408 -0.00375488168015223 0.269575491937022 -0.25903656176584
-0.00053319532943562 0.00376464109727829 -0.0677409241169867 -0.288210851206092
0.0152090691009357 -0.000260142017657336 0.0166912313113685 0.234573135793734
0.0323329866752428 0.0119506405278463 -0.217670082203279 0.129000821130374
0.0316699788206124 0.0181623878926974 -0.387948213299537 -0.168994179799047
-0.00567133630038102 0.0150431516351996 -0.0749736450024998 -0.603174976021719
-0.0320132538008074 0.00971122116292843 0.658141847429239 -0.402069822309689
-0.0209360568120326 -0.0101913151888939 0.673372576147887 0.34969451010599
0.0101971316385095 0.00684259951820146 0.114498346004481 0.516365173013279
0.00269202257456654 -0.00415530837037999 0.0695716027080353 0.0423695974000619
-0.00866791445776799 -0.0160896507004922 -0.0128152722408901 -0.492708243230576
-0.0183061199749985 -0.00901343440268811 -0.748821188321887 -0.343151330966706
-0.0141143239898199 0.0180389885219959 -0.705062974730578 0.616263582738934
0.0166981110946997 0.0178556676271007 0.240492160694893 0.714638047652379
0.0424701259346167 0.00356067725328516 0.521747908960786 0.103888103766648
0.0327370632106271 -0.0038637354999629 0.275763524992175 -0.247015861749608
0.00448948947423352 0.000787609974824858 -0.0684349575333409 -0.279622534512198
-0.00632501879698632 0.0111878222363176 0.0445808000654571 0.217447543508195
-0.0263499602726268 0.00326954249158783 -0.226757927147944 0.144763177957456
-0.044531170473826 -0.0091765860220324 -0.424380099065827 -0.087256073545863
-0.0225490085704862 -0.0298366950204928 -0.152858817136356 -0.563744574737803
0.0100573615364327 -0.00291458546151516 0.579252240551192 -0.520895321542531
-0.000668673636132561 0.0203192399972767 0.704460341368375 0.217249169130628
-0.0078438820490951 0.0390383882724753 0.156817530099955 0.501288224520593
-0.0211692945812188 0.0143857021649207 0.0558170084389388 0.0588154811693183
-0.0231091295984757 0.0133640098780439 0.0222101186345123 -0.491398842759985
0.00588483827087137 0.0185402924139028 -0.707652999380943 -0.463117352259151
0.0262599232882245 -0.00855864261309722 -0.792591620473373 0.495436619981822
-0.0112982152405003 -0.0257236838266159 0.163534053689026 0.753781961633357
-0.0457299082687258 -0.0099890037512243 0.503249538124224 0.181055031985722
-0.0343247587398875 0.00440303389743254 0.270972225192658 -0.230430730697709
-0.0204082362754031 0.0104317181872629 -0.0635091756816105 -0.305438516899379
-0.0070259818898475 0.0120703010087055 0.0462868837956599 0.211570126217408
-0.021520663699751 0.00247313871218372 -0.226586442635745 0.130264343848289
-0.0388522949864397 -0.0149743934596048 -0.414661069441618 -0.113087173631863
-0.0220593553221069 -0.0301831152904824 -0.111634343781363 -0.572912848709757
0.00684593669863849 0.000346634711370308 0.619559101874316 -0.480745034356756
-0.00281322327025127 0.0211024127420305 0.694219921570535 0.266037886091215
-0.0051620108003115 0.0349441054687434 0.136468609862274 0.518064325849132
-0.0154292765645163 0.00972066108849459 0.0533961798097733 0.0607795519555261
-0.0194552790459842 0.0107694557272334 0.00261418271410456 -0.484684786125931
0.00606981444751266 0.0189409950485549 -0.726256766490151 -0.41005098138681
0.0216849780704092 -0.00500938142799069 -0.749693146820667 0.544615535211366
-0.0145624660423694 -0.0221475677815366 0.211706594934449 0.739213324536445
-0.0413171242669369 -0.0105456733504593 0.513557990554838 0.150821854443009
-0.0268435411802679 0.00608446890526108 0.265975732460391 -0.246552192534426
-0.0206866120052595 0.0140190807272314 -0.0644889231214913 -0.30959024013128
-0.00627762683947668 0.0119808255260563 0.0446109968850974 0.207678040878253
-0.0132435825216626 0.00194503939462615 -0.223541801899895 0.117462568468151
-0.0282255159512151 -0.0160999045989676 -0.399504232866251 -0.139351057196444
-0.0213914460558048 -0.0267633918929479 -0.0734048741479115 -0.583791155262954
-0.00129941295332386 0.0057063711165973 0.653783588938985 -0.436801400548725
-0.00677638947626914 0.0181401598694195 0.681553922043087 0.321686828740932
-0.00268633067812443 0.0278404763955599 0.114852592834397 0.527868114895738
-0.00985069939895871 0.00428103635728006 0.0509971029709955 0.0602588648103365
-0.0154276622700153 0.00645194638063861 -0.0170345884718383 -0.478397225610274
0.0037693067122754 0.0168317007122503 -0.742013827418239 -0.359357095843048
0.0149230756894493 0.000703933295881584 -0.706650439774343 0.592773006087405
-0.014338935613844 -0.0163263364431571 0.255282332081882 0.722805118382854
-0.0304124495973461 -0.00953009114053532 0.522637494158312 0.11956406742548
-0.0184400302980705 0.00532014120645002 0.261804351785147 -0.25996867634888
-0.0192385228903894 0.0149644250823654 -0.0661153340009472 -0.312767065381869
-0.00333567971947636 0.010914903630683 0.0420777571398675 0.208415408459127
-0.002184428749594 0.00364582196607522 -0.221211159002336 0.109550768206277
-0.0150583124556804 -0.0119352433516035 -0.388880560483054 -0.157603669873929
-0.0195395134003421 -0.0195834496236787 -0.0455939332431769 -0.590350376729268
-0.00922578547526956 0.00931532282358085 0.67878617139259 -0.400358186830681
-0.0107231526528424 0.0131617853241568 0.670143057169607 0.361913015280873
0.00120650433194746 0.0210905343053638 0.100890062038088 0.536899804517427
-0.00436009895287346 0.00063288537442835 0.0513484265044134 0.0585608772307391
-0.0128857253091174 0.000184965020048115 -0.0301052159311083 -0.475135831088717
-0.000254326306118373 0.013702046036486 -0.749800815644083 -0.318678187763603
0.00791950342798288 0.0071186260976596 -0.673395903073243 0.625785000721789
-0.0114792025390957 -0.00850888751933517 0.285420848203055 0.709538840248967
-0.0154891072637536 -0.00881390355943337 0.526530705363945 0.09683969864685
-0.0054380352595619 0.00278890404844462 0.25926837312407 -0.269587843007292
-0.0152726740344392 0.0154167200048171 -0.0692023647274429 -0.31030223317396
0.00177351656756107 0.00949560208123966 0.0381569197613986 0.210407860839597
0.00911951240102181 0.00634108913942693 -0.21672171459784 0.107038614538696
-0.000547441349975481 -0.00549200942629767 -0.380191680967497 -0.173819412550876
-0.0181335996902527 -0.00978516115196489 -0.029406447794581 -0.59654166246193
-0.0174117955807705 0.011322733193394 0.690254986827537 -0.375406589121253
-0.0142258087122853 0.00636527401406031 0.66309285785752 0.386915314887228
0.00682151331134786 0.0152019996872961 0.0900361883857005 0.539289757711826
0.00107814635216877 -0.0043267172951004 0.054124065945929 0.0545174498822773
-0.0105065281969046 -0.00541956065281127 -0.0386747023644579 -0.476987884956976
-0.00498051770928229 0.00885975433914952 -0.756422026479426 -0.29296234162661
0.000477605896599422 0.0131800246384074 -0.652803273886544 0.649162090115242
-0.00453339291973384 -0.00090831628772289 0.305170551475149 0.694015614686895
0.00276815297370287 -0.00783318741125127 0.528845223498349 0.0779586916165233
0.00742170912719014 0.000604671278716983 0.257527522026655 -0.27372246936904
-0.0105119686614135 0.0123233883256139 -0.0705459345158593 -0.30538999456365
0.00657502092458752 0.00642761159110296 0.0333227723260783 0.216376748060193
0.0207002353995438 0.00921355246376078 -0.214923469635963 0.109597516881828
0.0139842068964134 0.00393819179413144 -0.377158585907878 -0.179562166365969
-0.0140635891578241 0.000829324202962281 -0.0313505615504004 -0.601533110550545
-0.0266521622648541 0.0117582849491415 0.690766075283951 -0.367013815194547
-0.0178343071238712 -0.00104281017087853 0.659732405878612 0.393445479309895
0.00988900496184715 0.00955548061751524 0.0926319633728998 0.534707217469942
0.00423221228644026 -0.00689774221258879 0.0596881070864184 0.0502874709436284
-0.00858916965688119 -0.0109119628598752 -0.0376875739801148 -0.479810498623088
-0.0120007934634985 0.0022047537718535 -0.759806274243188 -0.285283034032324
-0.00568202489591186 0.0190644274086325 -0.647873331222114 0.657062205575219
0.0040663779583406 0.0061106426175246 0.304305690252701 0.690807665271631
0.0197564278385481 -0.00650842370108016 0.52968040820776 0.0720633894985413
0.019085624543807 -0.00269878215125508 0.260281221284107 -0.270110323069768
-0.00554427570457928 0.00908778846485881 -0.0734359824845347 -0.296707212927894
0.0109765846499694 0.00344737196756341 0.0269971417825226 0.22654769376957
0.0294029215523937 0.0104040185946651 -0.213927766864403 0.118624939592937
0.0255019168177243 0.0122208218064678 -0.380049044642782 -0.177157221524421
-0.0109126675482123 0.00981304849235034 -0.0475709777724301 -0.603938559235116
-0.0311351668744605 0.0112446386815277 0.678915110515502 -0.378940878310714
-0.0186915948385773 -0.00671103975021807 0.665426554653162 0.377138077594973
0.0111771393244124 0.00689269103579916 0.100834815854424 0.526899095938866
0.00422470318567681 -0.00627525150876209 0.0647155364375694 0.0446665852217975
-0.00909473756831864 -0.0155239046427696 -0.0313972824415532 -0.487073565288534
-0.0158766571227906 -0.00290150117325825 -0.757040477072262 -0.300050561769269
-0.01033991870277 0.0196622963522945 -0.663151047860978 0.651162059809026
0.0114476763302602 0.0122216509741289 0.285809235859077 0.697561418674941
0.0342805989192757 -0.00383788626930301 0.524965514517381 0.0798135071187865
0.0282938932257584 -0.00487831582647126 0.264022435405824 -0.26363896970951
2.42894800254875E-05 0.00465948530669816 -0.0737039071415797 -0.28676810367116
0.0152890229451482 -2.28379470166924E-05 0.0227654634692895 0.23393117168376
0.0330729486915971 0.0111367965232523 -0.214456334082162 0.131458945484582
0.0320232517996213 0.0175586502195461 -0.389370960213138 -0.162965975106327
-0.0054737454511446 0.0159056731159099 -0.0840531172249302 -0.603827882753997
-0.0327396782012885 0.0103027780518414 0.654447709034293 -0.409374038532815
-0.0202242179174348 -0.0103939698670179 0.677351529174728 0.344079162917298
0.0111663864217531 0.00673127825126041 0.118595541853901 0.515856347544284
0.00284332086162447 -0.00348139825946637 0.0702166374014496 0.0412772723321006
-0.00801581122596871 -0.016104105311085 -0.0191290960906908 -0.4947003059377
-0.0183768465479266 -0.0091127660639911 -0.751194952117371 -0.334387540749906
-0.0142563515678377 0.0183710585461285 -0.698618026342929 0.623736214149766
0.0171934746174088 0.0168527795869149 0.250352048413234 0.708522784091247
0.0426286987430268 0.00262342618464799 0.521574950215187 0.0964909645984754
0.0330059368258737 -0.00433306530521203 0.270924684842843 -0.250494665551878
0.00462981575066928 7.43796505980159E-05 -0.0741609156707517 -0.276802429819396
-0.00730013075293406 0.0113467471617441 0.0509403115220359 0.216574326996759
-0.0273621222214306 0.00320077942669675 -0.22385538766156 0.149725920607426
-0.0444752535215132 -0.00847539866454942 -0.422967636322383 -0.0815805791178112
-0.0226644284381292 -0.0289378165878227 -0.159668992226238 -0.560726493979925
0.0111587904419134 -0.00381951540456198 0.572928693086127 -0.526776481844855
-0.000657761979330845 0.0203626792196216 0.70496033341248 0.210105416626235
-0.00579983857736818 0.0388190454868408 0.161788032394061 0.500108413787558
-0.0203158267263348 0.0153767111994165 0.0584226869941361 0.0579471469430158
-0.0227994218751913 0.0143538398918122 0.0175173879042342 -0.495057826351449
0.0057743734559718 0.0183247262824222 -0.711871362007565 -0.454650229117455
0.0254066158029054 -0.00930842910804443 -0.786177621463362 0.50547760653051
-0.012556828585365 -0.0248799715940203 0.170809953602683 0.749623643125406
-0.0458992396083198 -0.00865894984299739 0.504374329922736 0.174089630908879
-0.0344002774341586 0.00527968847990218 0.266176241351753 -0.234760574671545
-0.0208155751137935 0.0106787705362133 -0.0716118677316442 -0.30211521549341
-0.00762647134306069 0.0113011712529186 0.0500683436784903 0.210037760438042
-0.0230235525343176 0.00244226339354372 -0.223345710266964 0.133160605256606
-0.0396874083193348 -0.0131949903342805 -0.412758887229469 -0.10679385889327
-0.0227113317331196 -0.0298119427649306 -0.118164128760283 -0.572949207281857
0.00617666931009786 0.00113098193861935 0.610720312717287 -0.486432304532195
-0.00203699327374525 0.0209567044450058 0.696473188945137 0.260311151351089
-0.00530574640591739 0.0343038566259868 0.140910888055894 0.514573908814464
-0.0151701816380296 0.0106048509452077 0.0527987690571848 0.0609229462613542
-0.0181218654405894 0.0109150896262161 -0.00255158457110568 -0.483988744166273
0.00681409979960105 0.01917927803746 -0.728900577680278 -0.401735089720569
0.0215985957047861 -0.00476387792582889 -0.742537440691595 0.55394182031788
-0.0149215836350347 -0.0211648747474851 0.220245038366236 0.735217532596885
-0.042142627256376 -0.00905555354808219 0.514992878587292 0.144090804210509
-0.0271247315469768 0.00565149238226806 0.259962324247737 -0.249292476550526
-0.0211136955874655 0.0151316375380542 -0.0732220422231626 -0.306772951861207
-0.00619807245302669 0.0126175715536124 0.0498330667740624 0.20487687457937
-0.0129762087092308 0.0019789445661749 -0.222494350924979 0.119609568829861
-0.0287370923443537 -0.0146090238647443 -0.401007172661324 -0.132073122601119
-0.0218602737577364 -0.0262620202973202 -0.0795373845267264 -0.582372697127527
-0.000740566905726961 0.00614525493203833 0.647090977112315 -0.446962913612573
-0.00626913735597075 0.0182459957992878 0.683742614025394 0.312547384924308
-0.00114145590126997 0.0282120099438756 0.119982633160133 0.528978934180517
-0.00915932976477244 0.00449763972941008 0.0528002732895328 0.0592909671494256
-0.0149428620001353 0.00602109679118127 -0.022307363304691 -0.480794363134379
0.0040351983280861 0.0169114774961952 -0.744169993285966 -0.35316847911116
0.0156425820775717 0.00131415575232522 -0.700705958332877 0.598938262565062
-0.0148629939359846 -0.0153800957789792 0.263239294229436 0.717611213870217
-0.0308440550563494 -0.0088854567952779 0.521467524907029 0.11227536683916
-0.017277718206958 0.00576370283360617 0.255255902352387 -0.262951972378081
-0.0185213647577946 0.0159168720359002 -0.0726328249215878 -0.309579613287943
-0.0033120961900159 0.0103721572873377 0.0473214975964818 0.205350050736002
-0.00338659760739706 0.00445456889979794 -0.217268815369793 0.111899536645387
-0.0151048820163952 -0.0115638687895805 -0.388902588052278 -0.153121532748896
-0.0206376065123342 -0.019347486786689 -0.0516451007456101 -0.588739077403899
-0.00861739883618437 0.00926156670560086 0.673499794347528 -0.4084892661578
-0.00983491665117723 0.0127894493735157 0.672875785836541 0.353443626430447
0.00207670017182028 0.0214496703832722 0.10433503237473 0.53770577977199
-0.00325924497925309 -0.000628879638191336 0.0528421626371372 0.0582955100458799
-0.0114869060199511 -0.000162821568927026 -0.0339228551120581 -0.474752650555671
-0.000560435034477625 0.0140312912810509 -0.752167181360211 -0.309403814846898
0.00729517010759414 0.00790195975829036 -0.666724859886993 0.630879021020983
-0.010219272894616 -0.00785066270253002 0.294884175572913 0.701560763243189
-0.0153856614579876 -0.00801350341150523 0.52580501212981 0.0889278585406876
-0.00518140034627837 0.00315677101167326 0.25396483053618 -0.271847304421403
-0.0147311446916544 0.0160217991509735 -0.0762414682320509 -0.308151005770894
0.0013585823160568 0.00892315939383676 0.0435163627722208 0.208655005600773
0.00966843742118956 0.00575960307840368 -0.214019492741275 0.109008152557463
-2.97594750012994E-05 -0.00570392195456422 -0.381429991510471 -0.16801847533711
-0.0179978359377038 -0.00954469143155176 -0.0381849956372203 -0.595717138673783
-0.0180118446545337 0.0120296054345585 0.685989347803091 -0.383178493162936
-0.0139726951695006 0.00660283851876923 0.664566840994273 0.379151601101885
0.0069322311182871 0.0145083539262414 0.0969071054965695 0.539146600781441
0.00159657029162155 -0.00527935535383405 0.0557492566632882 0.0540336664058306
-0.00987366391715346 -0.00504919934401573 -0.0430287126889356 -0.475862731009434
-0.00613300342065182 0.00884340644012636 -0.759785452382409 -0.284843765995856
0.000860922464935906 0.0137751464331299 -0.642799748974539 0.656855780740976
-0.00412782440591227 -0.000824919243178138 0.313747194378821 0.691161791936648
0.00257074364203838 -0.00848514175211995 0.529982983880273 0.0725132286239173
0.00736436931547166 0.000117093739858768 0.25235430987506 -0.276341841043451
-0.0103026153160257 0.0125240328760736 -0.0774538324848189 -0.301899170080088
0.00613011131976318 0.00633218311514794 0.0395237141494053 0.215695338893615
0.0213417083105284 0.008770284206023 -0.212853959125084 0.111472177713915
0.0143341407659954 0.00351593750043888 -0.378456542964809 -0.174387844315187
-0.0155271832294007 0.00128061792457929 -0.0399427816257044 -0.60031796547062
-0.0261139792564047 0.0125813549198347 0.685750222498682 -0.376001302231646
-0.0162977304882746 -0.000927221018264576 0.662194359346326 0.385535868999098
0.00940490084900665 0.00941747470683367 0.0981960009123975 0.535017784126491
0.00394244302947551 -0.00697560480599452 0.0598747511070088 0.0494928643427824
-0.00806278929015358 -0.0119870234537867 -0.042585736997233 -0.47919597150558
-0.0122664167047643 0.00329109538249955 -0.761007848047881 -0.277202471176777
-0.00554887817263181 0.0170226949084349 -0.639884438226649 0.666144043612251
0.00370768142997508 0.00589364397338183 0.310978292509427 0.687078428668134
0.0200005198281583 -0.00771590569656795 0.530128940092162 0.0656875715967082
0.0198766645859708 -0.00287017293633314 0.25557437904634 -0.273777377992241
-0.00394918333509229 0.00987436607499157 -0.0788061730457405 -0.293617820095355
0.0116145606519549 0.00255769776966902 0.0334466576516775 0.223445331990935
0.0286415341814572 0.0102597494416764 -0.210799559517926 0.121019664514241
0.0253074600019195 0.0113568458479154 -0.381485069836085 -0.171648780135973
-0.00987556824691618 0.00951763133505781 -0.0561053735260463 -0.602165650267897
-0.031216971213453 0.0123721909911976 0.674097277401744 -0.385472168448844
-0.0187175062887212 -0.00580429052974452 0.668432544001736 0.369278618650313
0.0117178461593268 0.00670205794705997 0.105619719856039 0.525757067453038
0.00459541700665574 -0.00672481835557122 0.0659777685586583 0.043890836793859
-0.00861287287478382 -0.0147049417807084 -0.0370129708080801 -0.485887392327405
-0.0158436535151693 -0.00345963872848509 -0.759603182978719 -0.291964379554468
-0.0104124736103669 0.0197580211828439 -0.656050299052292 0.657979040594669
0.0116611764321628 0.0119562106913425 0.293392921844667 0.69406941608824
0.0340851141152134 -0.00443592124915719 0.525935312194776 0.071675736902829
0.0283878500147943 -0.0049156614737857 0.259054681561929 -0.265091552283206
2.33411005011903E-05 0.00559737498760777 -0.0811246261398387 -0.283597496953467
0.01599356881142 -0.000411590764123848 0.0292559506964553 0.232294575658976
0.0333854385859886 0.010213918006042 -0.210668108404631 0.13534597211561
0.0330444865704706 0.0169701941657021 -0.39074315044349 -0.157827950402241
-0.00547317958548928 0.0159008838261431 -0.0903141882696734 -0.599614676986886
-0.0323106809856186 0.0111640806472485 0.649003021357896 -0.417985558204342
-0.020377755225386 -0.0103321741205407 0.679897622453873 0.336268928300774
0.0111448281890567 0.00573574889476641 0.124417433627582 0.514253658913588
0.00289633638352257 -0.0047462794955355 0.0721003295388516 0.0398839665493825
-0.00792824393190323 -0.0159110133930878 -0.0242479030860978 -0.494469830146523
-0.0190065490184684 -0.00927688473585243 -0.755730841999703 -0.325911557190087
-0.0130030735984525 0.018007863267124 -0.690831266936512 0.632610936531033
0.0174488920933034 0.0168604928412346 0.257725548884659 0.705692607341515
0.0428498637081046 0.00180042629287834 0.521005323601626 0.0892841833128621
0.0338446428779212 -0.00524992031960624 0.265080455336292 -0.253152937278006
0.00502185869692394 0.001255651767522 -0.0810091883024993 -0.273024422512549
-0.00680541939639338 0.0109181172987836 0.0560088802732639 0.212096061599298
-0.026779857481233 0.00352031204835572 -0.220168667051958 0.15197825769213
-0.0442285383480288 -0.00730723608986773 -0.422692447588229 -0.0751304861154164
-0.022808178927075 -0.0283012477966736 -0.165369782986958 -0.556943130498225
0.0101687134450412 -0.0039376686821967 0.564559243127972 -0.532944031212999
0.000812930138830863 0.0208582369647058 0.703630430299681 0.20211328566853
-0.006117625661183 0.0383183166726598 0.167418639231057 0.497716611461602
-0.0189916260324622 0.015737154521095 0.0576264445048211 0.0566226127994452
-0.0225580062104795 0.0139388647317538 0.0129502327953565 -0.493257959259521
0.00573396353499445 0.0189487338874988 -0.716699549370644 -0.445228934117613
0.0256220372812865 -0.00930633512732053 -0.778479324947367 0.514330033639003
-0.0115494859187313 -0.0249069115816287 0.180844189962435 0.744664412309457
-0.0463880738389336 -0.00802199098116659 0.505806926440151 0.165976777630679
-0.0338961169644728 0.00606758820687129 0.259797374043292 -0.236928310641409
-0.0211483996750859 0.0113851848202331 -0.0785843903198963 -0.298256792060987
-0.00746038661186146 0.0116544184952638 0.0558684128047166 0.204617146523494
-0.0224097797475714 0.00302525348389794 -0.221815323861361 0.135690010927992
-0.0397117538968818 -0.0134234604699294 -0.411287241891318 -0.100142359291706
-0.0233430718275648 -0.0294424762266205 -0.124062788389409 -0.569564563626139
0.00720444854913208 0.00109261181408616 0.602662208162531 -0.495000243745701
-0.00263858051714808 0.0211710454029767 0.69695780664275 0.252893145221736
-0.00337843176331165 0.0341090521812653 0.14651096406619 0.514010792260734
-0.0137552215803567 0.0103397697183722 0.0540887663282501 0.059013009922902
-0.019440010558094 0.0109645205633328 -0.00835752985650459 -0.484659575810229
0.00677359054109184 0.0192492170927112 -0.732276070578414 -0.393206264083734
0.0211326205472912 -0.00532855835533746 -0.733824646075174 0.561625357668344
-0.0157121962339432 -0.0209143423145018 0.229718730350608 0.729741253693582
-0.04117665936681 -0.0091491131552529 0.513027957555817 0.13712227441651
-0.0278708379830155 0.00658229531749929 0.254786449264694 -0.252717024349112
-0.0220781052277851 0.0160498084389477 -0.0797162211481227 -0.304057168331801
-0.00669266951996609 0.0117819448671448 0.0564470535112426 0.202851722174325
-0.0139522315138473 0.00247082732463495 -0.218850791005784 0.123557609378403
-0.0294871158928906 -0.0149932824725537 -0.400166679163641 -0.126596239186041
-0.0220832144360707 -0.0256222598169956 -0.0871156319318159 -0.579493037723084
0.000105792748644524 0.00599979893427477 0.639820900088196 -0.452948800867743
-0.00486571050148592 0.0189159686313573 0.685079366764111 0.305546726911069
-0.000489145631425178 0.0280564421285639 0.126516666230302 0.526141749940379
-0.00971754315197958 0.00532258055698829 0.05327050170704 0.0587894329882471
-0.0152403159065052 0.00652201754704867 -0.0277889806731749 -0.479999499288509
0.00457498377770199 0.0171958324532483 -0.744090870683931 -0.343920684147703
0.0144875095358187 0.000682427334077986 -0.690807187703059 0.607264263279737
-0.0147449464312844 -0.0156398695415491 0.272361048914701 0.712373487464261
-0.0310627081998204 -0.0080489998401861 0.522147647111932 0.106471045765989
-0.0174186582660774 0.00573675784462277 0.249914061469231 -0.265935447324878
-0.0179688067584661 0.0162941404948353 -0.081615217724661 -0.30630498507869
-0.00402952358970093 0.0105013965572355 0.0533553785260854 0.20216517824578
-0.00348735242843833 0.00368974639228498 -0.215456438244559 0.114810370933316
-0.0153785044896611 -0.0117239922824814 -0.389639157794365 -0.146289310272749
-0.0198975297273866 -0.0187189390827495 -0.060525544018588 -0.588264114390974
-0.00866898012231019 0.0103516631195414 0.666388707488174 -0.415858736124769
-0.00943663553120129 0.0136964102172637 0.674682699153113 0.345839488116819
0.00380320606484479 0.020136973459776 0.111302726131378 0.535411137753917
-0.0035308758611563 -0.000969515834320313 0.0533485290875853 0.0580514479900256
-0.0118789370242429 0.000787236287739998 -0.0400456063856751 -0.47499573069472
-0.000899142253556229 0.0141321303329452 -0.753584379388712 -0.301160712094138
0.00839059697575958 0.00728450372045384 -0.65615466146071 0.640936095828288
-0.010737530650291 -0.00777976893464826 0.302604003486113 0.695838087699132
-0.0156818499431214 -0.00845791522830088 0.526278319402989 0.0819631176116858
-0.00514924267351306 0.00362932163705905 0.247350253029036 -0.274156048991567
-0.0147316682411091 0.0162871684875644 -0.0831565502110585 -0.303703447493638
0.00114190721273748 0.00880125800262115 0.0502186274738365 0.20588147117697
0.00988235010918742 0.00559553490661068 -0.211767914498587 0.111769772318205
-0.000829414038987268 -0.00524425417416824 -0.380834496211999 -0.162592721819426
-0.0182681297100699 -0.00847251956286776 -0.0457280682103439 -0.592574439069237
-0.0179650489484261 0.012386189306997 0.677938487805028 -0.392845950383894
-0.012587199507416 0.00655190413846316 0.665939204257327 0.370277173422305
0.00795547509863965 0.0140627971126507 0.102870638724864 0.536338245876716
0.00121447072679839 -0.0051339770854826 0.0565841443578304 0.0536203163824085
-0.00982742045678899 -0.00618757139836662 -0.0495304885144704 -0.474648457833574
-0.00589533375704161 0.00901632559387983 -0.760921979962588 -0.275043245250293
0.000843826586493117 0.0134299088996473 -0.634004108908525 0.664973625373555
-0.00452467273658914 -0.00124567587894998 0.322501416584379 0.684675218042393
0.00235906521113129 -0.00806581446867079 0.528564657014658 0.0641896393390451
0.0074800937529894 -0.000793825512490373 0.245746840844044 -0.278741026397545
-0.00972554854180726 0.0139875764340397 -0.0845790735976375 -0.297494092835786
0.00597834579917133 0.0063593887970366 0.0447434194521324 0.212308353918862
0.0212084049242016 0.00854902364848333 -0.207961174781164 0.114108064318499
0.0136944453272748 0.00347627354898677 -0.378427189445602 -0.168750376627294
-0.0150902112241409 0.00181331477345327 -0.0459298354969063 -0.596761203575462
-0.0258806488949683 0.0131642548863292 0.678404494543405 -0.384557910968849
-0.0158467281799 -0.000699138056776542 0.664430925166544 0.377865480737259
0.0100808597154709 0.00851074985844735 0.103865971320779 0.532970491472391
0.0039227542052237 -0.00674713255586557 0.0606163905732512 0.0482043785615641
-0.00837839265753996 -0.0114687996621173 -0.0474961531325269 -0.479346375324578
-0.011680928887998 0.00291853930388091 -0.762653848044938 -0.269944804203952
-0.00579418254295214 0.0174539128119239 -0.629713729633479 0.67197514523144
0.00336120181220173 0.00557537185573409 0.31797423269983 0.682713110255136
0.0195294079584518 -0.00771451461037182 0.526776360855852 0.0579268907776932
0.0193962223959653 -0.00290856813835698 0.24929285547622 -0.27599809246317
-0.00428393322255448 0.00932322618800002 -0.086735566006586 -0.289298970771925
0.0110125531027125 0.00244385484331382 0.0401878615560427 0.220916133192154
0.0295622180981722 0.00903188171628019 -0.206782735455217 0.12338843152335
0.0251983330159111 0.0115799967026446 -0.382003808416044 -0.165315114772101
-0.0100367211029083 0.0097364219002418 -0.0647045263044239 -0.599230328843591
-0.0299669468065223 0.0121670420936301 0.669062102350635 -0.393999897187481
-0.0184034116303631 -0.00636213154206049 0.670615676528521 0.364161834562091
0.0115766376318997 0.00592318266966039 0.113097474242178 0.52484322117685
0.00459121271167423 -0.00706862332523189 0.0658189225127344 0.042972560486923
-0.00823396663144902 -0.015069652118722 -0.0425632957942116 -0.487063016686048
-0.0165329526320828 -0.00300582453061749 -0.761968151703567 -0.283622718874977
-0.0107027583325803 0.0188429893468239 -0.647274880421672 0.664052020993368
0.0117342668137372 0.0113237000624127 0.301205463280882 0.687772245223851
0.0338942484289854 -0.00554083918467608 0.523423764019875 0.0650447317418686
0.0285325055954122 -0.0063415617312757 0.253515811992818 -0.268055000802684
0.000953405247189907 0.005434768639066 -0.0872654379870758 -0.278689000186124
0.0165117562435795 -0.00232395362553056 0.0351679836411542 0.229491114801674
0.0336343431102826 0.00883043827641202 -0.206928642855394 0.137526162994521
0.0326848246711699 0.0161596805182478 -0.389791705188223 -0.152843701073774
-0.00485175193983624 0.0153185967463496 -0.0978465003402033 -0.597870335603663
-0.0321090841319644 0.0110799302046542 0.64174673573989 -0.422409482434969
-0.0196426068765591 -0.00982668628494181 0.681005351630922 0.327097275461919
0.0110611288454966 0.00629397095955654 0.130382339014819 0.512153412509184
0.00287351948834747 -0.00415042934338758 0.0721875421657787 0.0386511548285685
-0.00855921920898587 -0.0158810959047008 -0.0277302585190415 -0.495324207436141
-0.0191826469662803 -0.00939386284949612 -0.758370633163523 -0.318669108096601
-0.0139385413470041 0.0173626076385583 -0.679918286283045 0.637460905294356
0.0178398808555105 0.0155323329920245 0.266304029745737 0.700741297570134
0.0425918593817449 0.000434140143510484 0.520305486036278 0.0832954555199062
0.0334496936151819 -0.0056292426655825 0.259391251078674 -0.256049817047009
0.005271496380686 0.00143381761863973 -0.0878417681798607 -0.269303731355814
-0.00629245444192288 0.0107954094816481 0.061767368385852 0.207760720384215
-0.0280573785161797 0.00420197126775985 -0.216025430925999 0.154239023917415
-0.0440029712061153 -0.00648263583112504 -0.419297668944628 -0.0675972344798242
-0.0232063707338518 -0.0275466737462023 -0.170421993957149 -0.553016781900314
0.0104203410893847 -0.00302417639569805 0.556070546096799 -0.537487722785257
0.000274471151344928 0.0210183541747816 0.702602672400215 0.196226507448129
-0.0051095510449335 0.038627161278073 0.170799244344209 0.494602463173906
-0.0195329885514834 0.0161768127074462 0.0580746976275283 0.0562662906200833
-0.0224775126815301 0.0140605900286578 0.00628187453082321 -0.493275417774726
0.00632665264946247 0.0192194823096838 -0.720518778203317 -0.438412813270142
0.0243362792814573 -0.00928674427526555 -0.766953730436288 0.520594061849624
-0.0118451131892948 -0.0239803635969695 0.191303172032573 0.740014678837036
-0.0465720777380019 -0.00649760715190902 0.504366187084562 0.159178710572403
-0.0337659175035433 0.00698310959589494 0.253401641192242 -0.239043481584489
-0.0208153031911862 0.0113325934834128 -0.0867850535073469 -0.292802026320896
-0.00794561324335749 0.0113014760128647 0.0620163871616658 0.201487406459528
-0.0224545476019836 0.0028798152547362 -0.217264623033087 0.139020035205579
-0.0402550972617903 -0.0117773816616605 -0.410636853876178 -0.0940644138137539
-0.0230540758074599 -0.0287731256781894 -0.130523386068014 -0.565062738818207
0.00656361159373004 0.00187092820564384 0.59558914751963 -0.499934388685472
-0.00153643529325058 0.0216094463233413 0.696343719820522 0.244641380826165
-0.00291432957111791 0.0342244027228429 0.152495746094874 0.512812014593108
-0.0142055662219015 0.0107648095173527 0.0552979231976151 0.0578852140314088
-0.0181192189655242 0.0113219550189663 -0.0140393610156994 -0.484256553822075
0.00746847571241968 0.0188184008850883 -0.735726643655256 -0.384422278839991
0.0207581498260917 -0.00525607776981913 -0.725264786083639 0.568087704171768
-0.015841085232689 -0.0202436960670838 0.237129217520573 0.722606831062916
-0.0421611396879978 -0.00694501482658299 0.513438724385814 0.130773841147058
-0.0275921992023376 0.00712073243074392 0.247259752940891 -0.254335124121267
-0.021277375488678 0.0157717467349394 -0.0878565926173519 -0.298691136308828
-0.00708161053214173 0.0110164540788724 0.0614982485704026 0.198616710906426
-0.0139619585290473 0.00229029613403243 -0.214582702622515 0.12585215822009
-0.0291821222118287 -0.0138345728108529 -0.398881189097143 -0.120702682683165
-0.0221980933570642 -0.0249571692271948 -0.0932908422158712 -0.576808231745682
0.000784616933639184 0.00712831252247597 0.631153747454021 -0.459415694050072
-0.00517335670401115 0.0186516889429153 0.684397882650193 0.297602262756028
0.000479451150579397 0.0279750496540591 0.130786608712281 0.524597798336497
-0.0085122204639895 0.00444416579048045 0.0536225689002182 0.0576009001427688
-0.0146332080664929 0.00656748764886301 -0.0320702578993194 -0.47971221284936
0.00429203486833667 0.0169055631300422 -0.749122184751605 -0.334900040163805
0.0153769457748747 0.00105819856229712 -0.681115837453967 0.612876046720489
-0.0153434109692143 -0.0140646937256172 0.278986258592075 0.70587671613846
-0.031715756214157 -0.00754796604588076 0.519741244213123 0.0982438210169434
-0.0169951456643651 0.00639779220948079 0.243252082275353 -0.267440041877192
-0.0182242069797621 0.0175175543134106 -0.0898149236746638 -0.300440972136941
-0.00368451581764031 0.0101524434731981 0.0599577131023274 0.198279260263485
-0.00261209022352761 0.00384508453408766 -0.212085508145312 0.116731167662381
-0.0155937070947442 -0.011523695915475 -0.387621805886446 -0.140360588163252
-0.0206326574036547 -0.018231475359216 -0.0650516707443752 -0.583320124072141
-0.00835721179331073 0.0108358025033074 0.657672038667351 -0.422697540094554
-0.00859094131469995 0.013586864668114 0.676432784664537 0.339197818010533
0.00386813965673193 0.0202572415379283 0.116469497167747 0.533523268469139
-0.00267120578553392 -0.00108581000520129 0.0551094263413373 0.0558869405557392
-0.0114092354057457 -0.000189037830107777 -0.0459089132069661 -0.475543849846762
0.000671476312115974 0.0142898027131989 -0.754609899005229 -0.291626134070986
0.00789338248927724 0.00729790034203664 -0.649040675943425 0.646554655022482
-0.0107389973234349 -0.00785892181932543 0.309873204451091 0.689955054102338
-0.0157838918860096 -0.008423767226097 0.524168942508969 0.0751260758166727
-0.00540761104203404 0.00299681166592607 0.241256186829244 -0.275404377969368
-0.0139187155521359 0.0162357479882996 -0.0912652222613416 -0.298046455747376
0.00119189302929576 0.00836486130310083 0.0561186986692358 0.201609091052371
0.00976088407874087 0.00512333244893828 -0.207501298082854 0.114490459663912
-0.000795700993807485 -0.00523077883371701 -0.381062716565211 -0.155875122170629
-0.0179956100074446 -0.00823432782764075 -0.0510836172270591 -0.589825135008481
-0.0166878491129085 0.0126165128908939 0.67154767035273 -0.397669240898898
-0.012287432568725 0.00676034788926559 0.666519838114893 0.364403337289187
0.00798053581690965 0.0135326761461606 0.108508878858424 0.535684464268166
0.00207150992633973 -0.00571845405458938 0.0571548809003077 0.0522244706691654
-0.01038574594885 -0.00655743299274781 -0.0538183739918595 -0.475457417050195
-0.00564833147606645 0.00904906846913675 -0.759789111412754 -0.266030568617509
0.000957590992991825 0.0129811915323979 -0.623463898570434 0.669926802331173
-0.00486529495767756 -0.000672898849808534 0.325535981858867 0.676253621508101
0.0013278598206202 -0.0093183685624184 0.525439134538639 0.0570560099666114
0.00832615220908689 -0.00111760820334291 0.23949660381904 -0.280173517577415
-0.00944369172521124 0.0150863359721605 -0.0919339119592458 -0.293417661990058
0.00575944006731378 0.00479973476148154 0.0514054024121833 0.209094094267996
0.0202345714544858 0.00730521869232498 -0.20473604521652 0.116736821000285
0.0143688018064117 0.002443894354601 -0.378047731042173 -0.162978980744069
-0.0151034470180711 0.00226962260127286 -0.0525577917693589 -0.593175623655918
-0.0252290058388946 0.0135736901573201 0.671813128740934 -0.38959276854143
-0.0155581742922907 -0.000864355230934886 0.665350127900894 0.371035143017406
0.0108159865335853 0.00793516955547481 0.109311614866946 0.533358520257887
0.00412890526638866 -0.0077962646840801 0.0619725392389854 0.0473476881088991
-0.0085330049093839 -0.0119614675545633 -0.0530865552262176 -0.478483583223601
-0.0114035460545773 0.00273639174494954 -0.763535858732304 -0.259229338452546
-0.00541873312727256 0.0177086891236787 -0.617917928465576 0.67800141249232
0.00399598922850122 0.00590247091328865 0.324738647338695 0.673604562313839
0.0190712986539586 -0.00778123278639284 0.524801872215569 0.0508091540221988
0.0192606510262829 -0.00493391749202066 0.241751942706908 -0.277235588456419
-0.00389735921857398 0.0103005084424851 -0.0929908893018979 -0.283561370466244
0.0117677918757251 0.00185957911383763 0.0464150814753739 0.21680041067532
0.0296104356161212 0.00840071511029291 -0.203133897292374 0.125812271774247
0.0260595575005651 0.0110663663137764 -0.380046721881303 -0.158907187284404
-0.0103758984245298 0.0102283422620666 -0.0704983011202511 -0.596025806526703
-0.030049713787062 0.0128165377367552 0.660294382333755 -0.399323686523219
-0.0176334389875081 -0.00664556440169794 0.670852075016911 0.353486072381115
0.0129116837514333 0.00509206235886385 0.118432862256767 0.522153265628966
0.0044770196752077 -0.00810184855158281 0.0667181243123257 0.0405931631392198
-0.00913465975940414 -0.015069556794045 -0.0465466083247296 -0.484787091849667
-0.0166842909723629 -0.0033534720535086 -0.75927233424753 -0.274173869047939
-0.0105417580330039 0.0194128937444347 -0.635045503680457 0.670483693175503
0.0110965985711117 0.0112012538245567 0.307971910143675 0.681361492134213
0.0326772817802134 -0.00686068930151898 0.522528413479193 0.0580751597309964
0.0289222481150189 -0.00641381902347225 0.246847911866943 -0.270318410047072
0.000849250586317521 0.00537258882440143 -0.0946113192605707 -0.27384181205917
0.0157923357886489 -0.00171226719898221 0.0423129181381713 0.226001810355083
0.0338053101490054 0.0081694618016675 -0.201379347317395 0.138711936377078
0.0333578106678495 0.0153879963795649 -0.389792274652281 -0.146822050244456
-0.00467335388208199 0.0152368996949065 -0.103690354943981 -0.59176094100146
-0.03181139628111 0.011895726616947 0.632540895087376 -0.428228902568004
-0.0198521536529735 -0.00982588881089029 0.682638752381483 0.319793777983266
0.0119783110753699 0.00578207867836173 0.135578331566908 0.509437968995834
0.00255205442218747 -0.00432942976855737 0.0727415668167052 0.0369009524770908
-0.00894908832963449 -0.0158092201746054 -0.0335195451083743 -0.494152644269516
-0.0196724689647592 -0.00919185143121281 -0.757926590045312 -0.310685952180164
-0.013891143964792 0.0177958059716531 -0.670959422195209 0.64693098686264
0.0176886703308075 0.0162741924591486 0.273389909280834 0.694825596182346
0.0424107724615971 -9.89831184123862E-05 0.518055236116336 0.07463090364192
0.0336224092467718 -0.00616875993663353 0.25312256140682 -0.25762424961081
0.00548315673334085 0.00165206073058657 -0.094703724588165 -0.264016105428788
-0.0113750209147379 0.00912541027807498 0.0539859715406344 0.206303490525253
-0.0289074346990753 -0.000615252329926111 -0.22158306662729 0.143972763519997
-0.0414192620373539 -0.01228348007118 -0.412193761789582 -0.0896493669604982
-0.0145110443138307 -0.0272233133409223 -0.137297438127119 -0.562357707815126
0.0143844146417516 0.00611932280030144 0.578900915971458 -0.507410750935423
-0.00473290465976122 0.029367711530955 0.689085506921436 0.232107401808266
-0.010567060307239 0.0369446273933376 0.144055281489673 0.500725430864415
-0.019806456155962 0.0146684568796933 0.0546395178088083 0.0584640280956249
-0.0202450290291792 0.0153503486488243 0.0368622602407825 -0.489534097524329
0.00838194425512253 0.0212537666465881 -0.691629829744902 -0.479231012479913
0.0290641564478601 -0.00744048631037352 -0.800772499036356 0.473720143578967
-0.0103387629625708 -0.0253911702911198 0.147235779444643 0.740576046590295
-0.0469298287106411 -0.00692495450503586 0.486306039270617 0.18315714668295
-0.0332836532100987 0.00772392311867011 0.260141943454839 -0.222431456171902
-0.0192539390591789 0.0142417287367171 -0.0750221717235111 -0.293480152700391
-0.0125139083483607 0.0105173589014808 0.0551860844077416 0.199747031559063
-0.0244710073931873 -0.00133702930302148 -0.221214912442921 0.128335687330155
-0.0367061717766431 -0.0159608937923622 -0.401142689094159 -0.11423080520692
-0.0153688188495221 -0.0269777207977746 -0.0969983971148791 -0.571160277563472
0.0099600903456988 0.0106750553139572 0.617667740256453 -0.467095360323978
-0.00731811314791515 0.0287898551867556 0.677249635376362 0.283284079655325
-0.0083878256356383 0.0329933259168032 0.123723065344441 0.515771103260299
-0.0145012767386203 0.00992682582682046 0.0518386262219338 0.061001483380248
-0.0176093314234427 0.0132039163800329 0.0145191429408349 -0.482371580934687
0.0100055657987411 0.0200885570925465 -0.710658065960672 -0.426955117674384
0.0243815774402223 -0.00462611242902908 -0.758206011403823 0.521954153231311
-0.0139872885214996 -0.0223278402306072 0.197416417714371 0.728240059434095
-0.0430324529843994 -0.00742476008528273 0.497987536961898 0.153611513488855
-0.0278796205583969 0.00853062669997829 0.255989087135559 -0.237048999434142
-0.0199034421668647 0.0187822892405046 -0.0754491373112224 -0.298615228143188
-0.010642770451658 0.0109644748899724 0.054751878494122 0.195982468503775
-0.0145005594340068 -0.00209364212097537 -0.219465132081731 0.116328580164024
-0.025645909098921 -0.0173859684776689 -0.389096495013738 -0.13951250624706
-0.0140258324464902 -0.0233786571759273 -0.0586090295827875 -0.57905402795532
0.00233693727617742 0.0164845319558864 0.65175554644524 -0.423883009138336
-0.0113176663927714 0.025905327175737 0.66504960693619 0.335544387452567
-0.00432249413557817 0.0267800999647477 0.10295241221484 0.528234309205767
-0.00816310225922895 0.00457110570400191 0.0500875459998363 0.0598197154856885
-0.0127078353868911 0.00776003963328441 -0.00252899206527519 -0.478640816033862
0.00780767158803041 0.0184451946824504 -0.724921188109896 -0.377672126117842
0.0186827843800052 0.000518559638964259 -0.720039942533631 0.570650065781168
-0.0136143490841109 -0.0157429574147941 0.238290455117172 0.712855028184018
-0.0332575085644348 -0.00574476731353461 0.506514406752712 0.123149913305242
-0.0179082052442895 0.00915624874005342 0.253313117124006 -0.250439617154131
-0.0172734707535075 0.0199739805627804 -0.0757457645533747 -0.300135757866657
-0.00750514414196947 0.0100147775555077 0.0525822498949074 0.196179543235301
-0.00345644816675416 -0.00117741452737606 -0.215866344047244 0.107545471663261
-0.0115211196914483 -0.0146692298830556 -0.377302756158324 -0.159568917707742
-0.0130976996911585 -0.0157849227018454 -0.0298837139326826 -0.585548808680973
-0.00731741828824369 0.0204352948220512 0.676205996644953 -0.385135668027215
-0.0155417265926489 0.0192633957113328 0.651855987222284 0.375723781791838
2.05924928210984E-05 0.0190157000097979 0.0886819046107479 0.536911220160463
-0.00215109371571538 -0.00157307162196664 0.0507219063612834 0.058317151999906
-0.00942438644418054 0.000817047217469402 -0.0151819258894941 -0.475990616421338
0.00417461907541945 0.0149167525808455 -0.735213296594561 -0.336085581749352
0.0116326696175691 0.00637037753348031 -0.687923848414559 0.606252667261248
-0.0105962211205787 -0.00878612883349911 0.27087475805771 0.697759938115523
-0.0185677951300214 -0.00670625747581059 0.511774011535949 0.0992580142913846
-0.00496342754091906 0.00632380993242182 0.250531782948316 -0.259173364479934
-0.0132285172615074 0.0194301148768798 -0.0787255615215345 -0.298678891474387
-0.00250973390475522 0.00748130124572748 0.0484122802573626 0.200162315339316
0.00977275572573887 0.00155294640108948 -0.212159995914358 0.104907030969874
0.00315764077470145 -0.00841610498904353 -0.37015065392429 -0.173942260337161
-0.0107609426837914 -0.00583846227499723 -0.0146135442375779 -0.59127446429669
-0.0166146802027098 0.0217684578510292 0.687729857718651 -0.362389657068442
-0.0192537160139057 0.0124154068985754 0.642660069285677 0.400537167019945
0.00410011088114951 0.0120931943671625 0.079389896407325 0.538981787503827
0.00146720904692779 -0.00506809606493593 0.0536857643483439 0.054570177443392
-0.00746696824952775 -0.00535149298561222 -0.0231715522388076 -0.476424063302237
-0.00161640608194581 0.0098635812555966 -0.743309432712634 -0.312682729733066
0.00481152968862381 0.0119401341968428 -0.663710691665517 0.630931815419979
-0.00428749761914933 -0.00240294155024702 0.288404996433198 0.688293004616354
-0.00142490222446794 -0.00656117217048577 0.515650060018614 0.0825880426481991
0.00712892290424458 0.00247183051468565 0.250523199668698 -0.262781664819211
-0.00768620587594394 0.0168345197523102 -0.0797872379658077 -0.292589391633872
0.00296961199247717 0.00566694204505934 0.0435033039998224 0.205880350652712
0.0220300494409129 0.00411580293186792 -0.210113346279568 0.108075202372093
0.0179259566541035 0.000888176337056047 -0.368147234249131 -0.182321912701674
-0.007817807273565 0.00477255186295684 -0.0176236558524482 -0.59409315129086
-0.0250220226671222 0.0222729825708934 0.687335861015942 -0.353401251475872
-0.0221416652179986 0.00433814288488717 0.641843302614328 0.406409525678197
0.00692940345781104 0.00710477068404214 0.0789099824989553 0.535085447781937
0.00428295149765494 -0.00766613714734563 0.0590090574372249 0.0503296927674346
-0.00668180803763246 -0.0100159186265479 -0.023694939144714 -0.480021288166547
-0.00782757979326003 0.00327954769398539 -0.747437038383692 -0.3057031740123
-0.00130414270262534 0.0154175538769971 -0.661682184974966 0.638757704371254
0.00310583374042427 0.00405033689431776 0.286066183938338 0.685204982399781
0.0153814406697174 -0.00581341396749121 0.515936361115373 0.0778806145865606
0.0191921213885428 -0.0010547779935571 0.253730761600554 -0.260776250561212
-0.00214393629204651 0.013663676560703 -0.0810430423495084 -0.28523213139139
0.00818379849387426 0.00155258240381952 0.0373503928459896 0.214863244302174
0.0294832255880922 0.00564565199156538 -0.208092467939769 0.115992788677716
0.0309060246670659 0.00914284877373569 -0.372654957060416 -0.179583427324132
-0.00376163266122477 0.0134692087640701 -0.0349526200994699 -0.598807149446646
-0.0308042369612568 0.0212814682058603 0.678564182353356 -0.362888807041381
-0.0241200710661746 -0.00194950792962361 0.648167277170636 0.39063842610902
0.00872371102316949 0.00379188208321369 0.0909621834677805 0.526049821608968
0.00449690537542963 -0.00702093127624208 0.0635544067516171 0.0446935872160581
-0.00509215048162716 -0.0139966632536109 -0.0169442163962121 -0.486274240298007
-0.0125230645125697 -0.00320144244340401 -0.743935205407712 -0.319949228097945
-0.00661066594558645 0.0172199442572517 -0.678764930825102 0.629423186231234
0.0103050605519323 0.00954236477517221 0.269032237626753 0.691136044789194
0.0289162119726334 -0.00317906114670907 0.513305831552464 0.0830993432386316
0.027285493746265 -0.00287209645500641 0.258624584957281 -0.253772971668455
0.00242778275375371 0.00854040778662818 -0.0811170230807646 -0.274020118489449
0.0129427788938029 -0.00254570562836299 0.0341059185302247 0.223863487497852
0.0349852388208132 0.00531996905286368 -0.208103081457875 0.128860213829022
0.0374637956788658 0.0143969617123279 -0.380433750167872 -0.167966956236531
0.00264038464632528 0.0177344664751123 -0.0687020808429888 -0.597599084483303
-0.0310670676063276 0.0191995405681041 0.653805087620081 -0.393718700337417
-0.0260403896058699 -0.00437034592132542 0.661115241822416 0.359545338112766
0.00803272703052556 0.0044140342931573 0.107544178878995 0.51475908735765
0.00301836507105679 -0.00473670819974732 0.0693720557680627 0.0408213764382928
-0.00615344060492358 -0.0140439924025919 -0.00231269787782849 -0.494211384502833
-0.0147512567522289 -0.00862330545938979 -0.738982175629697 -0.356240234639342
-0.0101687710791838 0.0165801780339249 -0.709773926872413 0.60221201636186
0.0162048710628827 0.0138121553683046 0.235545810672259 0.702170425016825
0.0379850820078702 0.00102337782528156 0.507938758272659 0.0993026095566701
0.0325275787620637 -0.00248254668701476 0.263886438798262 -0.24111641174341
0.00732340881024 0.00525042666768326 -0.0817872997342539 -0.264985987094475
-0.0107852864277096 0.0088472741884288 0.0599811241708154 0.200293746514861
-0.0303616531676927 -0.000233820137744617 -0.215883246712827 0.145071957528047
-0.0412391329634868 -0.0107557922111562 -0.406829895052439 -0.083297283974805
-0.0144722820235082 -0.0264571977016724 -0.141545862220595 -0.554675645719671
0.0139822140754979 0.00581197647547084 0.570664710674778 -0.510367974440033
-0.00422812833530585 0.0286963707408486 0.687428188570814 0.226518093813566
-0.0100231632298764 0.0369828032699527 0.147008029495374 0.500193599324757
-0.0185832931754077 0.0143330728252299 0.0558675674554776 0.057226188882044
-0.0201913159246414 0.0156209302567018 0.0311203552279768 -0.489797381331485
0.00954423895392655 0.0206966346946539 -0.69167740325415 -0.470288614893203
0.0290963365938415 -0.00846395500411399 -0.790838170165992 0.477903354008849
-0.00982383166724575 -0.02500306572194 0.154638733523836 0.733862179612871
-0.0465624047843886 -0.00581739018678579 0.485433200657677 0.175281473387018
-0.033358011826929 0.00840106669399646 0.253379704965452 -0.222247182597922
-0.0197674701183109 0.0145122897734345 -0.0842272474171405 -0.285892029818744
-0.0132515292714955 0.00992019533229402 0.0617126724145521 0.193567546563828
-0.0251487816777849 -0.00130986496181589 -0.216239032894938 0.130097614337538
-0.0364229989146778 -0.0157676496696885 -0.397315993618925 -0.10771294355543
-0.0158118304080567 -0.0267361623965562 -0.100912779884055 -0.566062735505559
0.0100663521267897 0.0110913905309241 0.607487842823692 -0.469971656161526
-0.00711949099066182 0.0294538822172988 0.676090240627956 0.277434574638986
-0.00656215734179232 0.0325087934882121 0.128101108355014 0.515527161495338
-0.0131151252462234 0.0102962491523561 0.0520658922782044 0.0603283463300269
-0.0167045250814722 0.0127543180066682 0.00952595149477377 -0.482071252124366
0.0100695166802586 0.0206246208863366 -0.711632996822695 -0.419191769629362
0.0252597095333876 -0.00466691598540754 -0.749561804338888 0.527763244792674
-0.0139748636215988 -0.0216244342855054 0.20133237562867 0.720300414680571
-0.0431336464796434 -0.00548659940234164 0.494493773461554 0.145709180314189
-0.0272854703142991 0.00851092823737046 0.24887562308914 -0.237275159743653
-0.0189089645355753 0.0196385486823136 -0.0836517503319352 -0.291734478337814
-0.0104145324321556 0.0109079921525673 0.061594801386924 0.19012572180817
-0.0154025549391114 -0.00188370313662164 -0.215029009412144 0.117332452960521
-0.026462270336008 -0.0172873446942598 -0.385588709886045 -0.133302251006453
-0.0143425762153329 -0.0224304992141961 -0.0641427973687001 -0.574646429169117
0.00261172080893132 0.0166916871389334 0.643329085012296 -0.427293516900173
-0.0101861145500572 0.0249641995309402 0.663020915136377 0.330435070821324
-0.00451350608549036 0.025959513686037 0.107207829094078 0.527094353833766
-0.00793735797659185 0.00448348452625992 0.0504990035507949 0.0591465073493158
-0.0123602981798971 0.00675803453194108 -0.00790915152083554 -0.475488995330995
0.00828131516156196 0.0180698400175319 -0.726828753055821 -0.369460189956243
0.0191164240327685 0.000433419225742121 -0.708585072097061 0.574334407045339
-0.013168920278675 -0.0155648879302224 0.243996559253225 0.70549087344659
-0.0329353335577124 -0.00542122796131186 0.50400856846241 0.115191264335345
-0.0176724137552003 0.00858823049011912 0.244950595869337 -0.249694588059893
-0.0168925004704948 0.0205644349158447 -0.0832493276443144 -0.292873648137224
-0.00754252040122272 0.00978929067244095 0.0585095198042994 0.189824867781635
-0.00361353442376515 -0.00109027866645312 -0.211130607717553 0.108688156993535
-0.0109766623330782 -0.0146372713891654 -0.37528320717891 -0.152247668499934
-0.0131871736935662 -0.0146052216638356 -0.035346222565025 -0.580231388706989
-0.00675410597089894 0.0206619015652409 0.666099974495758 -0.389831413030105
-0.0145557150072403 0.0195920327335753 0.653013033671258 0.368367227334557
2.49769421792785E-05 0.0172874762343637 0.0919173455417572 0.534790172206507
-0.00312808393500274 -0.00205163260740809 0.0511604858575182 0.0577044017459116
-0.00943892058118624 0.000507960945947941 -0.0206845075177796 -0.474783020753213
0.00428424763124226 0.0151560564522606 -0.735990297027543 -0.330927838689548
0.0121654184048811 0.00649980317134225 -0.676525689786239 0.607904368015483
-0.0105781722770884 -0.00943041963503165 0.27519181132324 0.688813188329104
-0.0183040156564939 -0.00683594272146789 0.509129660143535 0.0940248080063541
-0.00531265181260836 0.00656866333672716 0.243734576049559 -0.258767938177062
-0.012412875948932 0.0205317637933443 -0.0860796575130763 -0.290167788447607
-0.00304040541342472 0.0084530368596778 0.0556990579806532 0.194171320653656
0.00844790948381645 0.00118362779115801 -0.208733450055374 0.106343660911647
0.00378050048091398 -0.00774448373103291 -0.368586410329574 -0.168677229062639
-0.0113276584315378 -0.00553003509774532 -0.0221535407524624 -0.582597983189342
-0.016451073349581 0.0220813925642572 0.679865193245329 -0.366602417254128
-0.019073716810547 0.0121511606867211 0.644796899586579 0.394465143563044
0.00433787899426569 0.011534710752749 0.0841846822353348 0.536487222611092
0.00162165001363089 -0.00662698465818931 0.0551404908340401 0.0531165454870505
-0.00765046836478255 -0.00480642184096669 -0.0289490871174802 -0.475521208110275
-0.00112866796521801 0.00880291289681122 -0.743684044888002 -0.304903335396356
0.00436028721795568 0.0117170733159202 -0.655737217695862 0.63520149311986
-0.0044898920937553 -0.0017600575080713 0.292900779983662 0.68096805379842
-0.00146134576173776 -0.00607970667184578 0.511313458998582 0.0760448575916831
0.00693132328429414 0.0018657765353211 0.24303710944753 -0.261640868772133
-0.00696696472004363 0.0175459057006576 -0.0870400847102446 -0.28514276680417
0.00192481551317917 0.00532318483281922 0.0505879303781448 0.201927965977356
0.0213216007672346 0.00328485946932292 -0.205386925286892 0.109154551115535
0.0188761618068833 0.000588364763392023 -0.366635483996787 -0.175418791837818
-0.00837548015296708 0.00495332758782025 -0.0230956694551028 -0.590095958157828
-0.0244463892201006 0.022539316338241 0.681846079503307 -0.357858215771628
-0.0218739144426336 0.00432606268740389 0.641161750230864 0.401216810870933
0.00706227580784086 0.00578174839614955 0.0842670733014336 0.532391278946744
0.00411404217471853 -0.00792834181073412 0.0591924522581441 0.0479609302754889
-0.00489766949810841 -0.0102079542771023 -0.0280414757113645 -0.478897484631258
-0.0073393038309449 0.00337759750992543 -0.747706856479284 -0.299706121295164
-0.00194484496240992 0.0156369733899373 -0.650699707960256 0.641728611725013
0.00344931544581176 0.00372272340570285 0.29228211047834 0.677725435067557
0.0142480090651172 -0.00610462354884444 0.510234117023479 0.0701712500124116
0.0188961433012748 -0.00104387926289645 0.245417236221312 -0.261036175274893
-0.00161122849129176 0.0130618729680783 -0.0875125710499634 -0.277449915672095
0.00854651390307682 0.00204623683650552 0.0448932627555678 0.209451573812774
0.0301009322062234 0.00528921928597391 -0.203780348951757 0.116062592708639
0.0304915022371474 0.00837115515868216 -0.369927303904029 -0.173892670804549
-0.00342386724056802 0.0128368627502641 -0.0410249453701785 -0.591657943005765
-0.0300346908757506 0.0208910103822783 0.670178448983286 -0.366227086211476
-0.0235856341601394 -0.00228844530556203 0.648631205399234 0.385520951425844
0.00855966205812373 0.00316355055622177 0.0951119303394059 0.524398202531324
0.00439688140431609 -0.00821251992557816 0.0638021186921586 0.0429233253298734
-0.00620607334015959 -0.0129412008839451 -0.0218576085916558 -0.484709294773094
-0.0123647971609389 -0.00287127583495432 -0.743810366449884 -0.311590535219489
-0.007175019113922 0.016567934079285 -0.667196330555807 0.633794573767263
0.0100960380523893 0.00905684232610158 0.274447217569598 0.685115982045577
0.0290450466595484 -0.00398030093501991 0.508967929719043 0.0767585990754778
0.0281872309100852 -0.00314608610803388 0.250895700871819 -0.253925740863024
0.00377182202882852 0.00921695595289859 -0.0887755344754539 -0.266568382998759
0.0128508741417192 -0.00198007602693173 0.0406747452719109 0.217781761431608
0.0343035420480849 0.00512682778201881 -0.20318984636372 0.129878825400641
0.0380708915192266 0.013200954782283 -0.379848676221381 -0.161072555542566
0.0023123518941578 0.0172140664245272 -0.0750990755202609 -0.591316218051345
-0.0308867884846781 0.0197270011657358 0.646355537043686 -0.398606788339374
-0.0251528925236233 -0.00545731954905317 0.660956611119733 0.350617833367074
0.00827459415690663 0.00357050947559776 0.111755827755034 0.51259092600164
0.00256674818680627 -0.00488809545559523 0.0699063176545928 0.0391726658397494
-0.00611684377852926 -0.0141376242987313 -0.00748774978049332 -0.494843539736082
-0.0142971417352869 -0.0084930919284066 -0.736399976159389 -0.347402201342268
-0.0109963420127545 0.0162302925817794 -0.698738082140429 0.607523515055502
0.0160068363562294 0.0127284231624198 0.241711111336451 0.695111720237545
0.0370682907781929 0.00103944059692677 0.505931818285797 0.0939945475689318
0.0325136085132405 -0.00396108284668788 0.257021702099457 -0.242884684924527
0.00727399959377144 0.00447418368700314 -0.0898298937764842 -0.257918229829703
-0.0123815817250629 0.00939455297095378 0.0674399123011353 0.193011741861881
-0.0303240382325079 0.000448945751495582 -0.20963604518234 0.145113830459783
-0.0418230446895902 -0.00900487832567238 -0.401839947382992 -0.0778509641345491
-0.0149353853018472 -0.0256613609613194 -0.145168362738116 -0.551061495609619
0.0146196230877386 0.00679698186206746 0.561567556738121 -0.512771740009757
-0.00369564551078037 0.0283408463090848 0.683905900844411 0.220080084532292
-0.00820154392450542 0.0370004842500719 0.152181568468227 0.4971232833288
-0.018528628755816 0.0149880394577177 0.0552547280243864 0.0564308603231382
-0.0200921663525579 0.0162394291804151 0.0257228044413273 -0.488569975022518
0.00921422494980289 0.0209388902569547 -0.695241111754567 -0.464656465247507
0.0281238312890397 -0.00820872844674491 -0.781261566409839 0.482268630398484
-0.01034718237847 -0.0238858850307834 0.160803661984433 0.72421516317278
-0.0465988176517954 -0.00411021800295497 0.481995110872961 0.166459151250815
-0.0332437700629078 0.00951248534609288 0.246579854297695 -0.223040152445088
-0.0204141268688304 0.0153503491623638 -0.0924138790509075 -0.277620288923864
-0.012980231649071 0.0103066144321717 0.0679912112814611 0.186632622949846
-0.0247592679511742 -0.00111854701955625 -0.211143105672003 0.131744608049388
-0.0363220289922509 -0.0152327180091401 -0.394752226272975 -0.101445784238974
-0.0158817188933157 -0.0254762093197032 -0.10451124468381 -0.561164392840146
0.0113394175495946 0.0118015835819891 0.598844245151703 -0.473137599242989
-0.00580244413396795 0.0288368483111071 0.674166995233304 0.271940689877185
-0.00621745381012394 0.0330461370100898 0.132710876118977 0.512579750276439
-0.0130035225873912 0.010022781237027 0.0519965221396099 0.0588922450037798
-0.0159017902891121 0.0127968411864568 0.00537780777591659 -0.481889349247439
0.0102996547407498 0.0200480523256758 -0.71235965824085 -0.413171908295794
0.0256534779277532 -0.00460151376060754 -0.739936547329894 0.531523365316622
-0.0134923000495898 -0.0209250912004227 0.206905203123004 0.71130387090633
-0.0436257756267132 -0.0048098877031524 0.492866835702758 0.13901302355308
-0.0280478984371068 0.0101514179649407 0.241188154709287 -0.237603511351538
-0.0186538694227894 0.0197426425836102 -0.0921796035317613 -0.281774592558654
-0.0116287500860581 0.0108814038979683 0.0677045981337334 0.18186565507981
-0.0157972450386355 -0.00145547461221221 -0.210064863767493 0.118026814804892
-0.026716047896242 -0.0162120167144732 -0.382892900322728 -0.126078854830402
-0.0152191567483887 -0.0217349078269809 -0.0680444192860171 -0.570844752225559
0.00342972162375083 0.0168839532974671 0.635178871034305 -0.431652634449233
-0.00997227927146303 0.025103811549872 0.662443297677321 0.322434066776439
-0.00383217204816257 0.0254390837538037 0.112201133979888 0.524121182044622
-0.0075560811224886 0.00331316115096444 0.0506263487423009 0.0588847479835575
-0.0121790917507247 0.00777197648074505 -0.0105165325581908 -0.476750291917023
0.00929204055478049 0.0184708704042169 -0.726637739554975 -0.362368885083594
0.0187126338412459 0.00131254716592976 -0.698565555933896 0.577627336707395
-0.014121852684309 -0.0134692968036472 0.249020537870095 0.69719062786822
-0.0331966942435146 -0.00414760363246527 0.499038044791442 0.111258228488598
-0.0175973406688217 0.0085052462946585 0.23780644921784 -0.248945259608608
-0.0167203428674304 0.0212511000981466 -0.0930637963440649 -0.284318651845832
-0.00766666615660465 0.00960252450853916 0.0658504504312317 0.183001998574151
-0.00374460461196842 -0.000579238067339076 -0.206061783736656 0.110295254142415
-0.0118152836331727 -0.0143677899832757 -0.372155036848901 -0.145724426212306
-0.0128753666042872 -0.0143227433437208 -0.0396071933468609 -0.574239990003475
-0.00542783244589523 0.0203846632989434 0.657881591078309 -0.393756407750438
-0.013604399097086 0.0195218494405266 0.651165656013052 0.361956532047983
0.000533406237972259 0.0167547603244139 0.095872784738433 0.53309492525534
-0.00206733182775092 -0.00166396398963063 0.0515893872864438 0.0562968616743327
-0.00915204022423656 0.000506562114979444 -0.0260480750116176 -0.473554283388776
0.00412999741439993 0.0147840001418269 -0.735968331951947 -0.3227716879708
0.0126277081679743 0.00656132244214628 -0.666367882147598 0.613389408980724
-0.0110429767947084 -0.00730862911593017 0.277817839466865 0.682982802586617
-0.0194030271332137 -0.00588205359648888 0.505892995277954 0.0873444170144361
-0.00488515653340401 0.00577191603511395 0.235839931961544 -0.258230255838205
-0.0118177761916519 0.0201246144985062 -0.094369685562956 -0.280482369958464
-0.00229637103999149 0.00729080465681264 0.0628902792812727 0.186936127928131
0.00889419540881321 0.00101823096013042 -0.202150761329731 0.107282450622791
0.00333573029283138 -0.00801594224748779 -0.365675432266668 -0.162670865989119
-0.0119152340936552 -0.00445292482941336 -0.0275226957057022 -0.577850741864974
-0.0154571285631343 0.0226625906314476 0.67240852760607 -0.369222206472612
-0.0175828819570869 0.0114119601356327 0.643032835816724 0.387436490986004
0.00452898415196892 0.00970041607373998 0.0898196541047215 0.53471220768597
0.00168199453754104 -0.00653045980141123 0.0542718192757679 0.0527604509943033
-0.0063089886880835 -0.00529610665422181 -0.032486857174608 -0.474513943664164
-0.00103791206132965 0.00888286445798948 -0.74352166613631 -0.296085857102038
0.00521622125142429 0.0120391871376445 -0.642554089247551 0.637765715424621
-0.00381174986767131 -0.00145769097227312 0.297455070263893 0.672349438259886
-0.00300271928361406 -0.0068043318400807 0.506455387086968 0.0709268930048142
0.00814463586234222 0.00188053267380385 0.235263309665409 -0.261567779091017
-0.0068287302561913 0.0178051363145498 -0.0959511982810135 -0.275556288619503
0.00307606187540968 0.00509330008011981 0.0576196333273833 0.194143543621669
0.0220163650232166 0.00317904243164558 -0.200752937012431 0.109903507304534
0.0189585799890347 -0.000512845675628648 -0.363344104489401 -0.169262174524394
-0.00849275571102356 0.00606394155990832 -0.0281985843563403 -0.583517103450022
-0.0238154032835207 0.0223385775819244 0.672909446650168 -0.361347226133863
-0.0202247530843242 0.00449774521055307 0.64284817505752 0.392787310855337
0.00722291918302732 0.00566981747119016 0.0908364694883909 0.53116342045963
0.0044779010962347 -0.00848286767055083 0.0600590968988002 0.0472165919591506
-0.0059542206292554 -0.010607828796118 -0.0338943769059777 -0.477813022796115
-0.00682191968454379 0.00347150916358451 -0.746368981269004 -0.290591561834352
-0.000844932855789749 0.0150526167665486 -0.638678466790215 0.644306754100238
0.00275526536840375 0.00442346128812909 0.295188472223492 0.670127034281139
0.0140463212147311 -0.00712350578519749 0.506340507067862 0.0624616818585478
0.018317250283672 -0.00268798842416765 0.238269878792152 -0.26059007809327
-0.00140405625083598 0.0140640466022391 -0.0962903343075778 -0.267696034433741
0.0084251420693295 0.00131377514657734 0.0534185626851663 0.202977326796311
0.0301393569548452 0.00427138668066459 -0.19809403782894 0.117152046697118
0.0302280127610697 0.00756492919899078 -0.367567863466689 -0.167137519679424
-0.0040398213357558 0.0128885790424609 -0.0452428096787869 -0.586383169473172
-0.0290772441015277 0.022294441361034 0.662383147888005 -0.372261576916411
-0.0237516041645404 -0.00124332453000686 0.648963253625386 0.377927362540606
0.00874976717491027 0.00290491945673086 0.100198707199446 0.523377002445804
0.00429583689275121 -0.00797882887058786 0.0652822921806874 0.0416945735722534
-0.00596500409287238 -0.0142227114131144 -0.0267495297741196 -0.485520567924419
-0.0116341495420206 -0.00255066642499461 -0.743418275172021 -0.306631556643838
-0.00736775094198079 0.0173952464418399 -0.653850873513983 0.637424213385352
0.00966614705360849 0.00963986246484484 0.279636342773241 0.675933769966131
0.0285745714397095 -0.00483395754887626 0.505126496389484 0.069828314546795
0.0282646808896883 -0.00447839500502073 0.243849917285798 -0.253400766062818
0.0041745894203534 0.00860947098191695 -0.096820431653339 -0.257696978430785
0.0128746034979072 -0.00272171676655672 0.0497179011307497 0.211340261778617
0.0345683517475567 0.00409758092447179 -0.19764108642028 0.130682576886146
0.0386266430668711 0.0119378915437086 -0.377251991972717 -0.154675335996571
0.00202235748307812 0.0170544322949878 -0.0800055459677689 -0.585483274366365
-0.0308566683850241 0.0199904747064912 0.636287314834804 -0.40169594672938
-0.0251820665249092 -0.00469205603526263 0.660916941134278 0.344728614894678
0.00843450345328947 0.00318110798837455 0.11737580470615 0.510543844076676
0.00249153508066293 -0.00505567301544364 0.0702597728341694 0.0378913749451572
-0.00742561614820288 -0.0140618381635538 -0.0122107877287445 -0.493647301763405
-0.0162530934497629 -0.00840746418385328 -0.736439579898858 -0.340301295372171
-0.0105181518080245 0.0157384087557392 -0.687707539548646 0.612188949064376
0.0157863613883559 0.0135361128391696 0.245339035460546 0.688733204706167
0.0369207567855961 4.01647238688508E-05 0.499501045433623 0.0873334328911184
0.0324769535192596 -0.00508163565333157 0.250115965190652 -0.242447571602886
0.00916608255979041 0.00474100348063383 -0.0969468688170403 -0.248219036938089
-0.0130896833400285 0.0100483345172437 0.0737056442426766 0.182010084202908
-0.0311609936362697 0.00179663823625487 -0.20385403048208 0.145303192484669
-0.0410731133986353 -0.00794054047205995 -0.396693505086044 -0.0733459231490853
-0.014539674964221 -0.0247280392173749 -0.146575444655087 -0.545313411566327
0.0145350729390428 0.006813683798735 0.55241008822544 -0.515804051470833
-0.0028363576634947 0.0292328056110643 0.681794976406383 0.21578915045916
-0.00787529227212799 0.0371385049107085 0.15810375489993 0.494180386724976
-0.0177788153623082 0.0154707350694831 0.0571233296909278 0.0570160734386987
-0.0197878269469566 0.0162382268504879 0.0221015722992158 -0.487734607102394
0.00882135197567311 0.0206804456453565 -0.695009450291715 -0.456974659198589
0.0279543487302407 -0.00921509751614336 -0.771709325619673 0.486577578873332
-0.0100171763750558 -0.0224584716276339 0.166567623661122 0.71651443742259
-0.04646065725693 -0.00246729010659682 0.479875787699518 0.160805478269423
-0.032578883599215 0.0111336228040451 0.237110997817559 -0.220950419648459
-0.0209024423997544 0.0160795941021292 -0.100808148025877 -0.265651172022777
-0.0143959929469853 0.00984592016620603 0.0750162665927556 0.175696481035007
-0.0254471890406926 -0.000564774704272909 -0.205664465513185 0.130963296001682
-0.036572570329218 -0.0132430546621059 -0.387699190523564 -0.0960453827452965
-0.0162729951742887 -0.0241011362289001 -0.106974345788945 -0.554716787137152
0.0111470969351793 0.011745573716655 0.587502552349166 -0.472953365608461
-0.0047248779876727 0.0295784073376549 0.673740388310581 0.267358559275535
-0.00580853829139986 0.0313799029533446 0.139300653260106 0.512130181280183
-0.0126014529219821 0.0101802342799842 0.053813551017507 0.0584358386578924
-0.0156740378963657 0.0127658384107446 0.00153484700536933 -0.479550330881529
0.0105492354285044 0.0206831465618299 -0.713423048165959 -0.40516246747985
0.0255427586612696 -0.00439223945274507 -0.732378198605566 0.533551868267967
-0.0138199891865734 -0.0189991091321059 0.211220651319157 0.704136753842058
-0.0430321101069225 -0.00265822146676148 0.487704530807587 0.13373784082316
-0.0270369403577633 0.0102761146769705 0.232734721468037 -0.235127030647977
-0.0202994083948946 0.0203162673396351 -0.100659074810678 -0.271269026326988
-0.0120292767423736 0.0108528232089381 0.0752125714320348 0.173630393525042
-0.0159141615341938 -0.00187108947378758 -0.203953168019839 0.11952528548392
-0.0268262123444782 -0.0161228297888747 -0.377543761813576 -0.120054471157693
-0.0153081166351383 -0.0203209203040512 -0.0723575692632772 -0.563307227992429
0.00416003722361787 0.0176319620858051 0.624799852551705 -0.434391900326457
-0.00872956869067409 0.0251543654423021 0.661259267027611 0.317031829508956
-0.0019689478265762 0.0251881018191532 0.11678598595023 0.523062648916868
-0.00731158973558499 0.00436917224961797 0.0518112976412862 0.0580855694876672
-0.0121286414201973 0.00747186227256931 -0.0170373244908572 -0.476296548083326
0.00871403055457601 0.0184092051731443 -0.726794468394643 -0.356595968495539
0.0192105477879028 -0.000210313836648664 -0.68921421826296 0.581811320673207
-0.0133829197291601 -0.0137073834157159 0.252466981467463 0.688544395947442
-0.0336357821671017 -0.00417340004917416 0.494072071295145 0.104716141621421
-0.0175300778013245 0.00826236998372447 0.228564867581363 -0.246911265156335
-0.0169665174835247 0.0217399362415781 -0.101307470868393 -0.272626012158199
-0.0079769573802426 0.00883296178275229 0.07345837232934 0.17378584430581
-0.00422512509120972 -0.00128103416913354 -0.20092337324992 0.11137083607665
-0.013138794296662 -0.0135232998531804 -0.368018284127171 -0.13835537647326
-0.0134942390249009 -0.0130496630429217 -0.0436400178673081 -0.569793748378049
-0.00538200453635377 0.0205475188990503 0.648863345684285 -0.395660595182469
-0.0126810107454028 0.0185822063988231 0.652070122458142 0.359541152201628
0.00181512899468586 0.0172898301799794 0.103282307247582 0.5313950739269
-0.00233103405920298 -0.00238776907214068 0.0529578492975986 0.0560921450611218
-0.00943091600423984 -7.04466786728532E-05 -0.0292605256909968 -0.472000316680301
0.00491573209256473 0.0142892406397601 -0.734121175392177 -0.315185603334726
0.0120281034860673 0.00605149894791458 -0.659132980366215 0.614960081312217
-0.0111174338359221 -0.00770965966341556 0.283021423520397 0.674673774528013
-0.0191374997289952 -0.00530818463919784 0.499738500639417 0.082942952886025
-0.00564347502393021 0.00543471695812533 0.227049464691231 -0.255063948085413
-0.0111287229202799 0.0195326908069736 -0.10307353860116 -0.269392517696711
-0.00223282703823122 0.00794505481892379 0.0702841114372815 0.177826253050982
0.00931184220725355 0.00029210643928809 -0.19632676685233 0.107196990037354
0.00224510508376662 -0.00831106968649918 -0.362644573371486 -0.154327542754754
-0.0111039917835913 -0.00365990268979048 -0.0299514261582557 -0.574813017946398
-0.0140758589010656 0.0225720455976505 0.665225944070817 -0.371928963524095
-0.0169852451734945 0.011366568980744 0.643535129847226 0.383111586085139
0.00570949959442573 0.00924632356587791 0.095914544375703 0.533593936079433
0.00198748570241444 -0.00723656552414073 0.0558051287069465 0.0510944743755653
-0.00755667508787312 -0.00603470934273244 -0.0373266479548031 -0.472508038283235
-0.0011965906755304 0.00925993074173889 -0.741528583111989 -0.289526336564289
0.00497924309311445 0.0104762678929366 -0.633577797163051 0.638416288485412
-0.00526705838545885 -0.00128409613936935 0.29903944093347 0.665390316544463
-0.00315377385049435 -0.00626169923234504 0.500658679045991 0.0638722848949739
0.00757561690462077 0.00127752498476592 0.22770996198827 -0.259606625096722
-0.00572912530341711 0.0171545229173352 -0.103680990308453 -0.263752856619531
0.00411967662189681 0.00523837024271433 0.0660385218552735 0.185303461362332
0.0205726667610428 0.00121192261864656 -0.19446767046461 0.108598330807368
0.0174229152964906 -0.000787878191690337 -0.360145242020731 -0.16135140187764
-0.00793294612484909 0.00567926856766253 -0.0323729636861064 -0.575998736589706
-0.0222615852021915 0.0228556016231759 0.664571117585065 -0.362479524664471
-0.0197070577706918 0.00372454954798376 0.642242143944085 0.387124440931744
0.00794775678962311 0.00423386697951497 0.0959750188992491 0.529005964455436
0.0043163977857222 -0.00872496376454382 0.0606541062561872 0.0455864489701604
-0.00717979703497201 -0.0116830320174242 -0.0366124082273916 -0.4767018294012
-0.00758114151886105 0.00323551662031261 -0.743971621632422 -0.283382597037521
-0.00101905531617317 0.0155541207560821 -0.630539891272844 0.648068882070146
0.00194147601933017 0.00458043176811388 0.297863801530025 0.661616727454387
0.0138142107875159 -0.0066220054847548 0.500717754840541 0.0583068145305156
0.0184543574754183 -0.00255584370477683 0.230296210906425 -0.258835285081724
-0.000696386890931142 0.013668280687719 -0.103387841327717 -0.255757811448451
0.00926663731486485 0.00123883035340341 0.0617487249999295 0.193058308982603
0.0301784407927173 0.00286967774182957 -0.19172368329233 0.117259757195827
0.0298753279232807 0.00565773477858753 -0.365181493227994 -0.15959041085783
-0.00359089917534301 0.0134372355929532 -0.0502675058292462 -0.578447433788249
-0.0283512255592703 0.0218875014213879 0.654622896218634 -0.372985452776025
-0.0226538962565089 -0.00228473336735169 0.647633845858112 0.374443632723891
0.00872116691460874 0.00156177159850471 0.105429397929522 0.520054783330923
0.0034362249130146 -0.0087548134295461 0.0655183999879133 0.0404519914477292
-0.00669211529202721 -0.0140306003801454 -0.0304038240532821 -0.484167114259809
-0.0119075677204331 -0.0025513597083069 -0.740079145312804 -0.298763680805414
-0.00730448099244464 0.0174941847739874 -0.646622392495036 0.639496308316356
0.0086497846667391 0.00895472077848182 0.281566484037487 0.668663197069396
0.0267612491237275 -0.0056037911180484 0.498892527484806 0.0647219215171945
0.0276322796318703 -0.00590272154006086 0.234931196544328 -0.25295680692211
0.00541592735650214 0.00896877497719592 -0.103290437578889 -0.245933252003542
0.012711463095297 -0.00344240707819399 0.058631954707672 0.202128084095302
0.0348016846174513 0.00288531539376955 -0.19139825876855 0.128924930980417
0.0381075680755948 0.0101336181253573 -0.372122164551022 -0.148860865039031
0.00139542622645452 0.016813723519421 -0.0816269964546838 -0.578395451599919
-0.0302224168284767 0.0191757591603576 0.630980226966159 -0.404440556260741
-0.0251487684868526 -0.0051160922093577 0.661399996488909 0.339635349913857
0.00844815609862198 0.00205986749498269 0.123074775350521 0.507473363461871
0.00213450889667459 -0.00602983826632267 0.070972974343205 0.0357017258998999
-0.00763222918275623 -0.0149555781705721 -0.0172789229956544 -0.493534405213396
-0.0152341718026052 -0.0083574105290547 -0.736290175255548 -0.333581101494718
-0.0109387070608122 0.0157707990248831 -0.680429953421329 0.613479286514861
0.0142194201986983 0.0120536344044478 0.249356300706298 0.680047793188093
0.0364402470819378 -0.00160684387291916 0.493970567270183 0.0808970031114398
0.0326446761131458 -0.00606266311941615 0.240532528081696 -0.241434289039317
0.00899955445445571 0.00485387541182539 -0.10421633214707 -0.236454753038601
-0.0135689013599934 0.00928693117391269 0.0802250444199476 0.170379945019901
-0.0308030376581482 0.00228572713051221 -0.19775253062488 0.144462081624619
-0.040213432612366 -0.00607688267958897 -0.389482721942672 -0.0663874998466805
-0.0146434752927177 -0.0236892302826351 -0.148493410469313 -0.539135351699067
0.0156517007922999 0.00681535530334791 0.542573816406642 -0.513893747155356
-0.00218881660040749 0.0289984796247823 0.6823478675749 0.212658620989502
-0.0058669349683213 0.0362255522775608 0.163870829745042 0.494411426134408
-0.0172851330784412 0.015422801808833 0.0568930705233636 0.0556001061009869
-0.0191665011023567 0.0165864051072712 0.0162823416984101 -0.487221693345629
0.0101022866297092 0.0207690485093318 -0.697897833570463 -0.450741515596723
0.0275606674602667 -0.00856517044685505 -0.763920230815044 0.487326481030104
-0.0106549048052252 -0.0221740384893988 0.166799805056252 0.708464679693842
-0.0467758679573826 -0.000951458717358368 0.47342602310827 0.15310653689486
-0.033225547884659 0.0111725987664609 0.228107308344845 -0.217876102215541
-0.0200535198389712 0.0170635710441574 -0.109983707275546 -0.249762507337644
-0.0153067278703534 0.0109524264890485 0.0809019851079033 0.163062285593222
-0.0271417399992356 0.000300423197210986 -0.198691073370319 0.130553027951507
-0.0365636751080886 -0.0114627862012728 -0.380099892019253 -0.0894889037929942
-0.0157159001715801 -0.0233434559133725 -0.109581860966496 -0.548992514809221
0.0114260886667342 0.0120295406501344 0.581225593280489 -0.474643738811332
-0.00430454871248137 0.0287985517215103 0.671503651830541 0.262104811473065
-0.00446368427725357 0.0312862069807435 0.14404712325446 0.5109814260994
-0.0121676691235623 0.00927207481839029 0.0540396875506116 0.0580436289164172
-0.0156970484357738 0.0127332677303134 -0.00399883108613795 -0.478384133146647
0.0117274711265635 0.0200724973153524 -0.714099733520484 -0.399039571186086
0.0249954308609778 -0.00452344404896849 -0.722846686617302 0.53594022918305
-0.0129245689884935 -0.0180818413924897 0.212830867396664 0.69544413282524
-0.0432270102336873 -0.00129104046749851 0.481655157715459 0.127400641965409
-0.0273247824900901 0.0112620058805739 0.223062508902535 -0.231556548028233
-0.0195379815907287 0.0210276229397921 -0.110702054018227 -0.254749835685839
-0.0124466531393343 0.0117278033368258 0.0801599059172812 0.160717602584393
-0.0173564103920505 -0.00182333620548787 -0.197930708989737 0.118860322040121
-0.0278622404825085 -0.0144520036777534 -0.370169035703002 -0.113292125973138
-0.0151245478558442 -0.0190738791204731 -0.0740019608963674 -0.557653567514903
0.00555828951831864 0.0173695578434401 0.61659392980695 -0.43422295675739
-0.00733829641224777 0.0253595667256111 0.660377092913928 0.314042675159414
-0.000976135232463786 0.0243499969090799 0.12458470805673 0.522866620002383
-0.00686865622598269 0.00312709377583023 0.0527650933681114 0.0575015437488702
-0.0117869575082125 0.00708846342963836 -0.0207459176074243 -0.474345024487935
0.00907319153547222 0.0175066823633546 -0.726901081439518 -0.348673283341967
0.0190660090081966 0.000394685666776379 -0.681705705435579 0.58079365870189
-0.0134334299249467 -0.0124808562532608 0.254514317672782 0.679794033723257
-0.0329991222489857 -0.00236589277956677 0.487070394668714 0.0991224209904744
-0.017694760531791 0.00910694957770133 0.220631343048035 -0.241785667867396
-0.0157129647815442 0.0217466563014681 -0.110517104951497 -0.25689366677365
-0.00768099761137608 0.0098283657594309 0.0797258512839979 0.161174189513018
-0.00536019811717586 -0.00127826320057599 -0.193348390200495 0.108346030607248
-0.013338874314451 -0.0127243686841336 -0.361113206221015 -0.13184240614647
-0.0143282446394693 -0.0110781909804081 -0.0457578584837577 -0.562446948966678
-0.00461213505770055 0.0211159226591997 0.642251447624215 -0.397345975047921
-0.0121782231544194 0.0183771247914751 0.650897851599384 0.353025845607239
0.00191674604287862 0.0158911348813484 0.109485344286828 0.533560488363157
-0.00133861927845145 -0.00314610568223252 0.0536866674572982 0.0549494623503995
-0.00922328295698891 0.000599629475711038 -0.0346274953793744 -0.470944584422184
0.00520388020069634 0.0145196716699016 -0.734952078359916 -0.310190017193203
0.0129874521159724 0.0056971460383162 -0.64669902369073 0.616238443072154
-0.0103315005890847 -0.00622726557886331 0.282942908904185 0.665319276171171
-0.0191770108588056 -0.00436645767050878 0.49324690684516 0.0765576027219773
-0.00513263039152779 0.00572351721600459 0.218312292187907 -0.252011991375709
-0.0106809498627215 0.0215654655167878 -0.110356446226914 -0.254400907386641
-0.00191969358011226 0.0075497748122344 0.0777277892201226 0.165451360953329
0.0087137097891135 -0.00109743721601818 -0.190598333357871 0.106401722557944
0.00181061523224838 -0.00773424467883677 -0.355167543606367 -0.148081403373301
-0.01154718290239 -0.00282077428387865 -0.0340555024604408 -0.566213377959957
-0.0134872415513816 0.0230634229819952 0.655924720088326 -0.372372468634843
-0.0160882331063493 0.0108619310974695 0.644455145543148 0.377807597027369
0.00572702787791334 0.00839131657283633 0.102849954044028 0.530530361457518
0.00105330645850286 -0.00790521919803338 0.0560255417586617 0.0509290421344424
-0.00811536136113585 -0.00605899949669077 -0.0409252067811642 -0.471563010145013
-0.000245782046979383 0.00948239769604902 -0.739991843289206 -0.28321942599332
0.00542029037334 0.0110543919344346 -0.62376222320366 0.642284837947502
-0.00449118635285994 -0.000421098944939092 0.301788244595824 0.656753327204347
-0.00349753107326186 -0.00615837267047196 0.494459038261024 0.0596572575674882
0.0070973154007445 0.000761332021799052 0.217928169600563 -0.254041282312757
-0.00567642510003241 0.0182478266190424 -0.111621256361833 -0.249331133253098
0.00431954160047639 0.00438815331610341 0.0735924663217585 0.172073051305708
0.0204814362149431 0.00122337938847187 -0.187732409875663 0.107542783423404
0.0170179546348282 -0.00140006309914415 -0.354379475211969 -0.154951251855095
-0.00818784851752856 0.0066372940396239 -0.0343054002898582 -0.569454679272953
-0.0218651763878332 0.0230885638339043 0.657308110068027 -0.364376714821913
-0.0184062514231297 0.00307008626099649 0.641294897410068 0.384441467235167
0.00708493475059743 0.00303108857654088 0.1006682332296 0.527420537860792
0.00347266639734628 -0.0100406206000485 0.0611673531757211 0.0460644446790403
-0.00706802814858741 -0.0121152293135703 -0.0409937226257176 -0.47741851490864
-0.00703909227901463 0.00235027014201448 -0.74294203067778 -0.277510189366562
-0.0017580290466094 0.0151962586284054 -0.621139158418247 0.647517965406646
0.00191653777343086 0.00500658227427398 0.299157989771194 0.653613066595377
0.0128767923524594 -0.00801320258990376 0.493315715486552 0.0544235959382425
0.0185716971859049 -0.00388495927799329 0.220602296302079 -0.254602465333739
0.000691404549465416 0.0138024713048187 -0.111342973788496 -0.240424414773111
0.00917348391217053 0.00104612400399901 0.0691417292565574 0.181290949788888
0.029759701478683 0.00175959943032079 -0.185476099135975 0.114556049814013
0.0295763744582245 0.00443121765468939 -0.359165894304589 -0.153301334826229
-0.00417525056823011 0.0129749528038346 -0.0529324708905601 -0.571320832885431
-0.0280690361862609 0.0219245600166972 0.648302965580466 -0.375030231101014
-0.0228048732086006 -0.00253916461777247 0.647742370581068 0.368012364519042
0.00888577700947264 0.000481976491796959 0.111444738893547 0.517961233766109
0.00333009196842334 -0.00850895299941777 0.0653026649732406 0.0388193198812943
-0.00710195049491855 -0.0144592297496126 -0.0354456932171249 -0.484122552549223
-0.0122026233952833 -0.00282320477475121 -0.738691344513017 -0.292549297341736
-0.00745904990312494 0.0172423323952937 -0.635366958158991 0.640851725671415
0.00889522537950917 0.00889993583830196 0.283574734184477 0.659601797804092
0.0257425004302256 -0.00669081574151012 0.490106594950397 0.0605036737151627
0.0272034480619625 -0.00638681962414541 0.225785390181668 -0.249873474425561
0.00638944473340282 0.00796579828735024 -0.109874115276248 -0.231034950248339
0.0131569530827852 -0.00348847981888423 0.0658271236283524 0.190217676540928
0.0346064072830341 0.0011293270711159 -0.184213613071675 0.125296820293884
0.0372562658030279 0.00914713777085811 -0.36799111185742 -0.143459027813654
0.00212446720410164 0.0164372108319612 -0.0832872553450598 -0.570702365747756
-0.0295793456360658 0.0193066453634058 0.623657058219445 -0.403994581944695
-0.0246680410390495 -0.00640468395071422 0.659770950315106 0.333464779593577
0.00769513651974976 0.00191720174617652 0.127495040959545 0.505495374925918
0.00117062758003199 -0.00572576690459427 0.0709787577467457 0.0338909385726015
-0.00869704180117549 -0.0152285113923356 -0.0205529209440815 -0.492580437527654
-0.0159482843693103 -0.00776063304112917 -0.73533582513734 -0.327328127305773
-0.0110867263057713 0.0155058389620345 -0.668046732899901 0.613773364838145
0.0141871201968496 0.0117645374017005 0.250029851290465 0.673195827999542
0.0352845829173484 -0.00302228891100727 0.487817946276317 0.0757782571675809
0.0326117634561785 -0.00752755315812495 0.230925140326621 -0.239663918002056
0.0101978706170797 0.00436342811519328 -0.110019690493452 -0.221051984107436
-0.0143945117677679 0.00996962914390322 0.0853978465467903 0.154010314450416
-0.0316838896289737 0.00408820527935514 -0.190090056935354 0.140066971901165
-0.0404509231259198 -0.00416015403581644 -0.379775873072437 -0.0634693582365423
-0.0137932775072031 -0.022295933765825 -0.148209026928671 -0.533889162363165
0.0156411204529445 0.00723606410846014 0.535949317943034 -0.513829024637794
-0.000803847360170508 0.0285658081492059 0.678923159855139 0.208218904352224
-0.0059074023390655 0.0363031076034401 0.169206105775351 0.493261991277263
-0.0164316209119628 0.015878844050782 0.0585413897090325 0.0551538394411498
-0.0176814006581306 0.0167066883712284 0.00970788803518877 -0.486763661854964
0.0105118773342458 0.021112701429805 -0.699094796781553 -0.444301128322279
0.0275744818876501 -0.00848247254374824 -0.755948391862577 0.48932189257846
-0.0101064903279889 -0.0212871418474853 0.168639192377998 0.697805187363554
-0.0444632066506588 0.00157977877512835 0.465582358595844 0.147801854851941
-0.0328334496715956 0.0122818145448316 0.218405869677235 -0.213025488201823
-0.0217874660028913 0.0183723357611404 -0.118690048546895 -0.231166941803524
-0.0146286735416521 0.0114313351912602 0.0863908428732228 0.147124684451389
-0.0268133445829003 0.00143128676610323 -0.191935844867428 0.126345443747144
-0.0364816804822659 -0.00983153364491396 -0.371605539997362 -0.0844050182020295
-0.0158984266081168 -0.020925753421946 -0.109203989760671 -0.54472044095186
0.0126271277672632 0.0116464394119808 0.574002828885934 -0.474823533492893
-0.00217905080717001 0.0281054295495973 0.670838623105552 0.2577420645719
-0.00376323524612784 0.0311150106546924 0.149841188511363 0.508913652926876
-0.0119683045666067 0.00947782859546095 0.0562011705592177 0.0579364924971262
-0.0146723483880393 0.01148194464744 -0.00930992781912085 -0.478680254825523
0.011714945212769 0.0204743476359299 -0.713435215602587 -0.392681752364678
0.0256406611379529 -0.0046047366320037 -0.715740362883445 0.53661101558925
-0.0131819248212435 -0.016202273890817 0.213451218156823 0.685782751119149
-0.0424820678184947 0.000411507372656876 0.4739772309098 0.123655292377664
-0.0270544628608536 0.011920487621027 0.213560288927802 -0.226025185237512
-0.0192055654513553 0.021426805630736 -0.117747337872621 -0.236207203713061
-0.0127961477757126 0.010524742696209 0.0870848214714148 0.144930811138771
-0.017826719287952 -0.000157687204880922 -0.190685887509777 0.115614108878097
-0.0277253814052655 -0.0125698868686149 -0.362237485679296 -0.108167658205848
-0.0150384744336342 -0.0171634481315543 -0.0742296694765203 -0.550142237063162
0.00609300645766291 0.0165628331443789 0.608220150388203 -0.434419466264039
-0.00623411298659011 0.0240968171777282 0.660441692501624 0.310294689110749
-0.00144031775848719 0.0230680682294453 0.131842411355785 0.5220355782237
-0.0064539341804109 0.00278549715612776 0.0543955624510808 0.0567178132213777
-0.0114046701169863 0.00617292460960922 -0.0271823246700556 -0.473526643078465
0.00995614687166563 0.0176684086764935 -0.72781812220206 -0.341375602874957
0.0198768786376383 0.00032063167976553 -0.672983854060035 0.584646131736728
-0.0131301533379222 -0.0111277308448846 0.253292153121121 0.669635825833889
-0.0323198835945518 -0.000323801560866128 0.479353621721261 0.0960917738542105
-0.0175330154292763 0.00931309229154345 0.210289128006217 -0.236919088836938
-0.0158497877491142 0.0232229092544419 -0.11720681118833 -0.237798028038315
-0.00816720389766703 0.0105013472469732 0.0869094139436325 0.144827060504707
-0.00498245783564495 -0.000868318375465588 -0.187406779244445 0.107345695299869
-0.0145166296981097 -0.0122311794741856 -0.353839654589423 -0.125793335858921
-0.0141209259208907 -0.0102507074039104 -0.0472201270078165 -0.556821331757239
-0.0040901807727208 0.0212649421762951 0.634278653987329 -0.396723822700825
-0.011253355347414 0.0175879015883645 0.649945954434868 0.350281682833456
0.00173591738226351 0.0154779904065332 0.117577537916068 0.528738000553251
-0.00160765955935266 -0.00361555534311459 0.0543409115460539 0.0540135938977087
-0.00906473394541996 -0.000937039780989608 -0.0380547420986634 -0.47031494438073
0.00607638741758294 0.0133914895666139 -0.734879674634954 -0.302329743687062
0.013347110821727 0.00627891029496022 -0.638935078176072 0.618351821255243
-0.00964540242534837 -0.00555446666442656 0.283887451614673 0.65963333257856
-0.0193802682001758 -0.00323118900670584 0.485400119341681 0.0725288903790004
-0.00535912271901749 0.00548375028737096 0.208974425030778 -0.244098038751502
-0.00980165631337278 0.0210739132404601 -0.11706803760754 -0.235061327227616
-0.00175834141611882 0.00705336664719764 0.0839214817865525 0.149788132259611
0.00812948190839897 -0.00148827348325515 -0.184720613555043 0.103137832801701
0.000952559708876935 -0.00811266222500431 -0.348013684368249 -0.140900992336195
-0.0122919006107179 -0.00164989051334371 -0.0333898771554343 -0.559812595450234
-0.0132203476611028 0.0234719187387669 0.647415279060794 -0.372329153111405
-0.0151648290608148 0.00965590236417445 0.643712974252926 0.376023511562849
0.00501350495341154 0.00806626155483908 0.108929087700375 0.531191953046296
0.000921368655501897 -0.00880421905607683 0.0576822489422846 0.0493925348469694
-0.00807170096649375 -0.00678345910485301 -0.0467340852615595 -0.4704992544023
-2.02296778242131E-05 0.00821599071504221 -0.739925654717028 -0.279297193791763
0.00600704297915912 0.0109984769825424 -0.615144507071533 0.640665962635617
-0.0050403117656972 0.000363353520840699 0.301389032788406 0.64882035001674
-0.00382027540314969 -0.00583738198989249 0.485829191063431 0.0570653238020901
0.00643944792634595 -2.91267784162631E-05 0.2096768459094 -0.247807435377002
-0.00345937275403221 0.0181990770941119 -0.117090705000089 -0.229387913545
0.00390513842089383 0.00481140628876298 0.0814399789786072 0.156895877452079
0.0198923307272982 -0.000197608928323847 -0.180492781977437 0.105693560890617
0.0156302474872054 -0.00202181096383848 -0.34770362748737 -0.148114717815814
-0.00853401785352356 0.00710769682632297 -0.0360071295924878 -0.561997765293064
-0.0215209644044375 0.0229689237170498 0.650792337443195 -0.363059977265574
-0.019660357522529 0.00149884728731757 0.645247453415868 0.38070521112611
0.00842374197325254 0.00230374459780762 0.109513736399874 0.526023797230333
0.00246678702274366 -0.00994582488684183 0.0620808290938937 0.0431303773360619
-0.00837983501145174 -0.0120553041781564 -0.0462776775565368 -0.47503254322625
-0.00716493462698293 0.00248638147690526 -0.741787579288099 -0.272301207865897
-0.00108732487298081 0.0153018394585783 -0.611066526537989 0.647967874302696
0.00144602411280326 0.00516933280372493 0.301149239984292 0.645246547776031
0.0112864606433343 -0.00750487942196919 0.485323919978874 0.0502321081388033
0.0179159495700907 -0.00512351384770952 0.212030638343277 -0.247901731991146
0.00163321105387704 0.0127820644128276 -0.116698641412762 -0.222000769491167
0.00978517058067119 0.000232877113551572 0.0779194699430889 0.166261137234102
0.029598797841611 0.000382733174310162 -0.178685946630138 0.110875804303691
0.0290109061255401 0.00380009837933319 -0.352851967509338 -0.146715531280407
-0.00487909069450207 0.013421934962893 -0.051862689761655 -0.56309027167243
-0.0271329939882563 0.0221556146018958 0.641996925915711 -0.37495078727207
-0.0229277612318244 -0.00341748474880632 0.651599777950573 0.365584101564126
0.00776387794144761 -0.00048196622722611 0.118498530646512 0.517161601577857
0.00205886202960203 -0.00928487961524969 0.0664147869557648 0.037586647046217
-0.00870170524364305 -0.0153329030319279 -0.0401376737291991 -0.484803569233479
-0.0129266335231863 -0.0024794857689641 -0.739368256557354 -0.28739949045204
-0.0070663126868872 0.0168354809864971 -0.625896244762678 0.639529017792372
0.00807260338131257 0.00921248123028298 0.283252855655888 0.653554233663672
0.0248326217363407 -0.00749812986617308 0.48098505222803 0.0572640671544577
0.0268082967987454 -0.00841558265379315 0.216821437776746 -0.243272373843327
0.00717905077155705 0.00875076661175352 -0.115277688890804 -0.21120409583897
0.0133828957132227 -0.00366719529400679 0.0738818332713268 0.17420820226665
0.0349118525863222 -0.000372728026603879 -0.176663695366831 0.12180276720287
0.0369558550451881 0.00686858946365721 -0.361057899785052 -0.136555007454375
0.00119424004370314 0.01645262955885 -0.0833899065807193 -0.563232964230495
-0.0306311416573861 0.019827520412793 0.618058894882351 -0.402466198337781
-0.025007269512248 -0.00649707492212438 0.661603062402283 0.328542709680554
0.00700842010347326 0.000106929376973781 0.13404494434187 0.502735767115369
0.000862044946383782 -0.00588340924389665 0.071652045321874 0.0318691309147691
-0.0091089330296129 -0.0147165989849664 -0.0270860950751033 -0.494959926836218
-0.016233456527498 -0.00775386875125579 -0.734526751105244 -0.324060360297722
-0.0120605055180506 0.0160560917092238 -0.657707258972692 0.614300231007092
0.0129135895763364 0.0119894485373222 0.250568225848647 0.663747542482514
0.0341900293415097 -0.00421970362776083 0.477535068266704 0.0719894715183934
0.031876699783611 -0.00931734310563351 0.222125018240907 -0.234427790625034
0.0107088394763388 0.0025950718075407 -0.114934379567023 -0.202380971332308
-0.0160018449099319 0.0104689901628529 0.0883686755684946 0.132953892918844
-0.0315483551931558 0.00646604573708968 -0.183483056572725 0.134534567450107
-0.0390840903117837 -0.00186739823991436 -0.368997804087446 -0.0610209338506153
-0.0128494810125489 -0.0213390038383586 -0.145654965990921 -0.529745706422415
0.0167203197767847 0.00760800934063139 0.528861091136428 -0.511649786840424
0.000724012806180459 0.0284924916048963 0.678210619352453 0.204000513716341
-0.0046762139069105 0.0356309519471902 0.178997745919146 0.491178120426603
-0.0156704760164942 0.0154232103857826 0.0596572725833687 0.054268147878139
-0.0184879260477176 0.0175762160376112 0.00537647782391952 -0.486257212439443
0.0109842682453723 0.0214638250315912 -0.699847932901999 -0.437520880729149
0.0280970736529534 -0.00835702315887695 -0.747705468886432 0.489995126747549
-0.00922852793008914 -0.0203701165824931 0.166376201891964 0.687583165034988
-0.0433798720314699 0.00437388333176941 0.45433662726875 0.143575670371837
-0.0321301759560078 0.0142832759206853 0.208124995301294 -0.20536128838178
-0.021493844081066 0.0180702538441683 -0.123568778043904 -0.205588115275783
-0.0157108044369534 0.0127029948190679 0.0895921875810189 0.12614940161105
-0.0276601639904063 0.00270818326008455 -0.183501364732345 0.122344314248956
-0.0362422315131058 -0.00732774254256226 -0.360256725571046 -0.0816808551950346
-0.0142182743005923 -0.0197151968255256 -0.105830709370948 -0.537991741854652
0.0140249158866053 0.0129909486002846 0.565142526714195 -0.472140011369438
-0.00230381047609855 0.027149841139624 0.67257504898517 0.256759166690001
-0.00279572461344192 0.0298779720416154 0.158366185268969 0.506997447487755
-0.0114420406373523 0.00956434893937888 0.0565915643550307 0.0562174686706556
-0.0145564572890991 0.0121002836606119 -0.014917206787774 -0.476371375225471
0.0127569697010194 0.0198547563951854 -0.715302790166992 -0.384177569516341
0.0262955547731126 -0.0047136889370358 -0.707259892989855 0.538529422929572
-0.0120706792545757 -0.0161178527439882 0.210808723098006 0.67592923406221
-0.0403281242472909 0.00289537220449604 0.464027796639881 0.118031242998759
-0.0270705070452562 0.0137427825796425 0.204189520633902 -0.217135024325511
-0.0192207695244686 0.0227739186294722 -0.12232119960704 -0.209694895946519
-0.013052001299064 0.0121696764706868 0.0908451381341344 0.122990827004027
-0.0185929460071832 7.54849985019823E-05 -0.182377695667241 0.111266406114828
-0.0286457404768414 -0.0107186728113177 -0.351011410932151 -0.102352371386253
-0.0139214167241459 -0.0144766216642923 -0.0711696734942453 -0.544505957896993
0.00734134762883411 0.0172741556928289 0.600966621208911 -0.43178923310156
-0.00576296004120451 0.0228463380144867 0.660088388170104 0.306916222164344
-0.000277031754381019 0.022587855851236 0.14078976009071 0.518632432600864
-0.00760921785687132 0.00282753281862449 0.0558570756484322 0.0551165699580414
-0.0115762997683483 0.00507806924972546 -0.0308617218292443 -0.471545632020625
0.0112996625630919 0.0167549583643233 -0.727071216332694 -0.335680942551673
0.0205796277484952 -0.000179700983407074 -0.665142596639485 0.581872398533154
-0.0118170037295015 -0.00992881415006427 0.252787571669971 0.661372345690996
-0.0318192823357216 0.000542270988134167 0.471115766307339 0.0928541292410393
-0.0177808718471104 0.0104735519980162 0.200680025171914 -0.22656879301563
-0.0154074697036297 0.0234551763543251 -0.12192420045911 -0.211462211036343
-0.00713817200247501 0.0104929143587847 0.0904408155525151 0.123963527621073
-0.00741935425849052 -0.0013737439253937 -0.180708381521928 0.10228615145818
-0.0142328893112879 -0.0102836865178272 -0.342991718410213 -0.120587996494506
-0.0129768693181285 -0.00851936197822807 -0.0452030286729237 -0.549545406116848
-0.00206215760588674 0.0211238187675603 0.626741760537452 -0.393877163919115
-0.00991549915964932 0.0162823531504896 0.653265960288122 0.34614524924543
0.00194563193735846 0.0137242072258352 0.12573463202362 0.528583733844149
-0.003159341951655 -0.00452208793050405 0.0567463693611145 0.0536367654474598
-0.00957782964178119 -0.00071546770674811 -0.0449068098146055 -0.470966205946922
0.00633959663062663 0.0116985881375008 -0.734910989729031 -0.29527658997895
0.0140758871429237 0.0052361552890829 -0.629829908680063 0.615850426458132
-0.0094354332780506 -0.00374256732506304 0.280639486884994 0.650454069764272
-0.0199477875234295 -0.00163251133070707 0.475178690452852 0.0720243911852904
-0.00636277454776103 0.00484195417848627 0.199868220857877 -0.234043299399929
-0.00960853365436563 0.0211892865595238 -0.121668647674444 -0.20893811978763
-0.00147060947959385 0.00757536026554432 0.0884869452405913 0.128627276610676
0.0073574810490521 -0.0020266907438705 -0.177691968053185 0.0991252674973156
0.000553721324400641 -0.00801920956418401 -0.338886822164942 -0.134264474339288
-0.0114925597255102 -0.000675778303515027 -0.0322246033607331 -0.5517740734842
-0.0118650033340603 0.023032623387358 0.643352723138526 -0.370125732178678
-0.0145963227073764 0.00815084372856025 0.645034005872845 0.37120878659002
0.00586020408823458 0.00617413846607379 0.117687714951569 0.528155908061875
-0.000494833231563476 -0.00904960474012284 0.0579421479921982 0.0472547105162374
-0.00896560741817588 -0.00742115655668001 -0.0539942584650423 -0.4711717055713
0.000609743475093042 0.00706053127543042 -0.741566976630151 -0.270958181325048
0.00656087751745303 0.0108260067066845 -0.605500600546328 0.637306081293896
-0.0036082833357522 0.00115270567682555 0.297119418115927 0.640109929964164
-0.00521406721010387 -0.00514151611398391 0.475889495473753 0.0570292619302646
0.00592113036349113 -0.00065181140443417 0.200811689653644 -0.237871388992812
-0.00368214425915925 0.0183301548049883 -0.120217101441887 -0.204121527171475
0.00396650823608615 0.00425928437225461 0.0865858811409086 0.135344648918617
0.0197264357171891 -0.00242018037997282 -0.174466903968585 0.0994147006911083
0.0143497586602865 -0.00279533626256156 -0.339513254297177 -0.141425997909233
-0.00876503199542899 0.00710715455654775 -0.0337048675110225 -0.553454103968508
-0.0208112111335338 0.0231935111120333 0.644737227514265 -0.364714214117017
-0.0184193363313938 0.0010266153080371 0.645371240260258 0.376866700938053
0.00713451877214082 0.000748300129637659 0.118763235649631 0.524352886576518
0.000574011845053253 -0.0101766242848036 0.062636812287891 0.0413028776908311
-0.00882565406125226 -0.0130574704629495 -0.0534848909725926 -0.475053701025155
-0.00764016493270168 0.00110833648363639 -0.741808728950353 -0.267687425067472
-0.000761598225122215 0.0149559784990438 -0.600463083887812 0.647654730142035
0.00166319623142332 0.00543515526106683 0.297926931870972 0.639011155406424
0.00980617937714614 -0.00725241102527113 0.475963281504779 0.0499342465254773
0.0170539313769307 -0.00638390236858086 0.202692658983709 -0.238544871945824
0.0026838600490137 0.0132498491686402 -0.11807153655939 -0.196052602571601
0.0101615964257643 -0.000104313392808823 0.0835772447206824 0.142838891944812
0.0295924537070573 -0.001734301141806 -0.171665635105454 0.105110606955641
0.0276367433197545 0.00165907942778693 -0.344462630859898 -0.141174784579237
-0.0050365118636295 0.0135931807885952 -0.0498186006753802 -0.554103350282391
-0.0268138426851863 0.0221751712096687 0.636432744309052 -0.371948913207209
-0.022134292021004 -0.00475648924109322 0.652524738054872 0.360058171306991
0.00780254794852349 -0.00168580152656923 0.126864404562463 0.51323783652278
0.00123447198358493 -0.0100675158532416 0.0673232451596651 0.0350450471656967
-0.00979870010331463 -0.0153551258411582 -0.0485162053762791 -0.484500307358409
-0.0130922627906296 -0.00365943740713999 -0.739528142972449 -0.283932555220709
-0.00783373206645139 0.0170043281382716 -0.616403412181433 0.638017474558323
0.00700201476756785 0.00928838080363528 0.281657265970164 0.645038403668595
0.0227358806331035 -0.00880233343238195 0.472524180558487 0.0555205453809236
0.0260809525442904 -0.010087862930028 0.207141164943523 -0.234379345362741
0.00781722296343033 0.00704951930229296 -0.117235427320232 -0.187117189012969
0.0144779198488455 -0.00568187512546818 0.0799347765583154 0.152759517898869
0.0340679211538257 -0.00276241443064112 -0.169302383661446 0.113587917800529
0.0356907692540857 0.00481961896897029 -0.352325279855124 -0.131720714913899
-0.000144544693763777 0.0156452269080918 -0.0833506222382625 -0.55301414230915
-0.0300420498384735 0.0198405180230136 0.611193849014837 -0.402924096506636
-0.0248819453499127 -0.00661562052739766 0.662985306622737 0.323386538745612
0.00637238336628368 -0.000526815732462334 0.143120201186919 0.500091744239436
-0.000743028749903444 -0.00611440871191712 0.0716033641626107 0.0298268123138352
-0.010222855774917 -0.0147135873671795 -0.0349736661171207 -0.493837747705732
-0.0169955926638292 -0.00810998665506228 -0.735523035059044 -0.318644418138587
-0.0120804532697504 0.0160775224140306 -0.648189793580945 0.611263134318161
0.0110756739219438 0.0110081174897381 0.250440159256118 0.657900093614147
0.0319322062174602 -0.00635114837195173 0.466427557901385 0.0680243362951723
0.03145798324521 -0.0109996661204438 0.212030734284377 -0.225877467367271
0.0120822167013209 0.00254042688349199 -0.116198576664664 -0.178910543861201
-0.0172266654075093 0.0123410947689661 0.0849349043914401 0.104679140094611
-0.031852556967484 0.00848174877470703 -0.176497020678912 0.123936999795995
-0.0366936344060532 0.000954466079308533 -0.35421810294971 -0.0616147289052984
-0.0119436682969682 -0.0206698332549491 -0.14098269208738 -0.526156033101209
0.0175584673185476 0.00699351154626345 0.519552488607156 -0.509617252832101
0.00100871227736928 0.0269481814658573 0.679203803741229 0.201193386943393
-0.00400672989652157 0.035325565140426 0.187806607495889 0.485308902450104
-0.0140677628269485 0.0159226106769839 0.0612434790458132 0.0521472349055691
-0.0169275844908166 0.0169639394562659 -0.00470215880624285 -0.481996524922088
0.0116218004038526 0.0217107071417607 -0.702965372919295 -0.428452689178733
0.028055676240194 -0.00869341925957268 -0.742004911268569 0.489420445687896
-0.00762483282827294 -0.0188984872464411 0.161548758465652 0.678006792628452
-0.0402441450388442 0.0054384161503469 0.443193465995306 0.139885689982469
-0.0322153940812998 0.0163302819688467 0.198591149053611 -0.19181942466943
-0.022928303429851 0.0208307683460741 -0.120974794376129 -0.171096161582547
-0.0159151412016557 0.0141460011312182 0.086468511495791 0.0977945728229418
-0.0273824095038049 0.00531103078959797 -0.178024371773687 0.112719646656514
-0.0345038814628885 -0.00447580734252833 -0.346146867358355 -0.0808060943824491
-0.0129765530437653 -0.0183171665394635 -0.102854150616442 -0.533051649209268
0.0155701897624506 0.0124601199143074 0.558133689317355 -0.469118362771739
-0.000184095732556587 0.0263108652936996 0.673037989026741 0.253381611788295
-0.00256907977345702 0.0292392083191986 0.170714211918723 0.502165927525713
-0.010898436291312 0.00884351059842832 0.0592100327434052 0.0540685500983681
-0.0142347363876772 0.0116815013982319 -0.022288407467331 -0.474389072610398
0.0133613409453739 0.0188459739353032 -0.716863482008021 -0.375870213110654
0.0260418140522727 -0.00490025814753023 -0.698801872539642 0.536120282324355
-0.01028154327092 -0.0148665884195172 0.205998193977992 0.667472954097299
-0.0381919302258654 0.0049908576618967 0.453211483718488 0.11790312308345
-0.0273210855225121 0.0156366935732201 0.195602539898211 -0.201118226401541
-0.0193943869387464 0.0232616912042254 -0.120765193092472 -0.176524845185575
-0.0126549745151099 0.0120933504216021 0.0879493633406492 0.0944325546947234
-0.0192618377444948 0.00153853127880807 -0.176642166951655 0.102824598089418
-0.0272770722926119 -0.0076160244574999 -0.336006731120951 -0.10126540062127
-0.0134196487447215 -0.013338445436682 -0.0667861439658279 -0.539429320700088
0.00878315255433079 0.0174969663977389 0.595363912831119 -0.430505349973468
-0.0047675272206348 0.0217266665857887 0.664648553164415 0.303533174392585
0.000733649030467054 0.0220708503222677 0.152801869922316 0.514635669415572
-0.00715422136980791 0.00208191606346957 0.0570682904947493 0.0539316732703533
-0.011706864901966 0.00563291444385759 -0.0407487092621638 -0.467913772674181
0.0114921213275785 0.0155858168998861 -0.72788214229337 -0.330412140509539
0.0214628906638486 -0.000431452352196022 -0.65628348524076 0.579515354490667
-0.0102635139129274 -0.00943125369111075 0.248045485604795 0.654185597532883
-0.0303070070805988 0.00268963231683272 0.459603517372237 0.0921793202244489
-0.0172909105329636 0.0111702382202256 0.192653580967872 -0.211178567590642
-0.0144579862645969 0.0237366276701166 -0.11942854234207 -0.177619573686825
-0.00788308625823545 0.010868784480764 0.088456633814648 0.0956204243515608
-0.00770950969382256 -0.00124223017612681 -0.173772073221522 0.0948901287514421
-0.0149645865705901 -0.00883301283300046 -0.328283470701806 -0.117650170265865
-0.0132286312492232 -0.0063334043783677 -0.0408315719226247 -0.542988413135092
-0.000477103874527495 0.0211447628076514 0.620683463116713 -0.391728115520449
-0.00989368341112551 0.0146099979268506 0.656182450646437 0.342637613775807
0.002234588826817 0.0138430090852533 0.138265992562038 0.523736069131987
-0.00374479203507338 -0.00481699402734048 0.0585440883289048 0.0514709773772326
-0.00981528131122123 -0.00139405274180794 -0.0519192035076522 -0.467052395608113
0.00626638153375084 0.011347728286009 -0.733350288272879 -0.288507529198272
0.0150335832827858 0.0052815310886739 -0.621917930609691 0.613974765775197
-0.00764094290625567 -0.00289546832193084 0.276700895006432 0.640720015346202
-0.0182796883865733 -0.000373845683929595 0.464415129349965 0.0729900479211612
-0.00678233206279176 0.00552566071817053 0.193142897337141 -0.218652481668927
-0.00820176601818152 0.0213776164782353 -0.117866077082743 -0.176736171013797
-0.00133753473148963 0.00802032408718498 0.0885645157912761 0.0992976274070719
0.00533417658005233 -0.00335791192977608 -0.169863770663501 0.0897872816968285
-0.000994902112541092 -0.00635923490329484 -0.325220621426767 -0.130638481210475
-0.0114346309737868 0.00100260753480052 -0.0275172322843704 -0.544757737521727
-0.0104686812415689 0.0224527016138154 0.636927451523282 -0.367806307039605
-0.0144181690514564 0.00666145845164417 0.649188108908784 0.367659236297985
0.00443900808710253 0.00504370266376588 0.12995770416799 0.525359607472344
-0.00130422951139303 -0.00981923432154196 0.0599566086872417 0.0454104217358471
-0.0106097691893406 -0.00809643110276378 -0.0610196037850944 -0.469237573330293
-9.52324812743136E-05 0.00636121998905386 -0.739767678557464 -0.265235227999302
0.00699541960179624 0.0110526478281998 -0.59653879785654 0.637803253799785
-0.00409347444966238 0.00304721237717873 0.294090034654415 0.632942980806604
-0.00531536812254589 -0.00378363731397632 0.465220609396065 0.0560713946224361
0.00565803952134812 -0.000940324285722554 0.193608349281822 -0.223174594400479
-0.00289083123346858 0.0175166821685341 -0.115805039792838 -0.172179614202789
0.00544974870840241 0.00375124359082909 0.0865201689261656 0.105875994255608
0.0179662349153247 -0.00411501495943248 -0.16722618047804 0.08987170240917
0.012616228736535 -0.00275163145095488 -0.325330744289095 -0.137779592811559
-0.00939714486466462 0.0084660958268765 -0.0295140550201926 -0.545162953596488
-0.0201261632302864 0.0235285863381348 0.639625781534036 -0.362531155158409
-0.0184875611371102 -0.000873747138450129 0.649282921385744 0.371035360114626
0.0058523182646831 -0.000236288353125648 0.130611932684971 0.518785762758925
-8.03701198667488E-05 -0.0113945113989577 0.0637293502200115 0.0388185538569462
-0.0106433105617811 -0.0129938373467353 -0.0624844504785481 -0.474259536108878
-0.00760536814142923 0.000574923976650935 -0.74185411560779 -0.26135188435421
-0.000528398900202412 0.0146050400707104 -0.593461478944274 0.643152476823481
0.00116528503550074 0.00692260766915536 0.295589425512779 0.632951067937545
0.00850733070079969 -0.00730029112618042 0.463679226261305 0.0512596366192683
0.0150995413941132 -0.00805447471013709 0.195460447980315 -0.223694858063914
0.00409797758417246 0.011496343719822 -0.113254700131293 -0.163790519579324
0.010958131610193 -0.00155257266073477 0.0840860283178985 0.115406002251072
0.0282401946148957 -0.00413964386334592 -0.165725106338964 0.0933091054321505
0.0257077633444272 0.00117467633241719 -0.330310077300459 -0.13737093462614
-0.0063635097303759 0.0134753448636827 -0.0434339294537351 -0.547177202890349
-0.0275908474733088 0.021382682993414 0.631280844140987 -0.371283183983591
-0.0228657354025853 -0.00618918115746926 0.655975895042344 0.353818013220336
0.00621765683756966 -0.00214253383719678 0.138261308759491 0.509344910989212
-0.000874577976480757 -0.0100429369203395 0.0679699280636963 0.0317825258023817
-0.0117946916072727 -0.013755616368404 -0.0570314067667159 -0.482016523211946
-0.0136058041276847 -0.00371835808420497 -0.739766678948719 -0.276690465588074
-0.00753922513858602 0.016445040951772 -0.605272323882339 0.635423128804343
0.00601426514704101 0.0102592638256391 0.276925209740122 0.637567603128527
0.0204751410548981 -0.00806737586457868 0.458826011026481 0.0581917724398153
0.0238239723337859 -0.0117454576926275 0.197797728856908 -0.220781086561393
0.00883077166323054 0.00543127919172462 -0.111837784151739 -0.156039082536544
0.0145846551677091 -0.00530341410573308 0.0817870017821835 0.123382080429836
0.0324136709315341 -0.00493294659424983 -0.164821077958085 0.102482074707505
0.0335965835305743 0.00288378913550284 -0.340326629276111 -0.128230691628144
-0.00215479253608333 0.0159211237463541 -0.0759642354059684 -0.545539571104889
-0.0305139755229213 0.0203615178494816 0.607988428536661 -0.401280957755243
-0.0258637281727391 -0.00768239520726236 0.663793809112564 0.316418552325499
0.0047833127954897 -0.000642490024128622 0.152870235946387 0.494790582917964
-0.00266172038106225 -0.00571289486326857 0.0714714178028352 0.0266556073486817
-0.0119649338128064 -0.0147399436145658 -0.0455472824895271 -0.493785999529951
-0.0175739804315042 -0.0074865733125 -0.735723312298657 -0.311914465261506
-0.0128420326471334 0.0153128402520081 -0.637402546020296 0.609052827229639
0.0107854064850356 0.0113926113410003 0.245081713606076 0.649309667981376
0.0294021161189826 -0.00710137014459716 0.453739221784182 0.0702085127940512
0.0287273446868453 -0.0139870179673663 0.203954665449382 -0.213666532252484
0.0111037391749626 0.00143885767597464 -0.110556022228746 -0.147863613460975
-0.0178087246669486 0.0146570453306077 0.0700794059263047 0.0721221308608969
-0.0305028199436165 0.0109043364936822 -0.173378865635022 0.109452360738307
-0.0331240993932432 0.00277512154798259 -0.339464090765125 -0.0690423988556655
-0.010112994908205 -0.0188321617029146 -0.134139719708869 -0.522455115992419
0.019440141619888 0.00716582993039172 0.514730500186283 -0.503280096356638
0.00240445353707803 0.0259686282104356 0.68093973415258 0.195894462237625
-0.000806817771712994 0.0335707882385183 0.20278273237432 0.477005622421004
-0.0138354385361651 0.0160954322910638 0.0632698630467425 0.0494958362751038
-0.0159282579491965 0.0166781079403227 -0.0150103502432474 -0.476774624505036
0.0126925626327263 0.0202140041066213 -0.704123396593224 -0.418483831764106
0.0293014657536145 -0.0084175083656665 -0.735020483654379 0.486521986168193
-0.0058357759518455 -0.019022496713523 0.151927548997654 0.669515366738091
-0.0358928295066627 0.0078703821260814 0.428403870514529 0.140223693808396
-0.0301331883850676 0.0197613933412329 0.193667428743411 -0.170380178270742
-0.0225582146621458 0.0233991753678102 -0.105339764313229 -0.130665290848614
-0.0164838981189158 0.0158117197592106 0.071758229461743 0.0645337439613841
-0.0268627958026319 0.0084116712755764 -0.173175626781719 0.0986377568326799
-0.0321091055551695 -0.00160189618569215 -0.328527675472949 -0.0864658783310255
-0.0105441329035935 -0.0160505509106625 -0.0940324778439506 -0.530698448254803
0.017474531717515 0.0113841539608142 0.553779658775946 -0.463203294885464
0.00081491063973637 0.02447716196442 0.67486262467192 0.246702768409552
-0.000915073443611339 0.0282755859917774 0.184969653837913 0.493717743397226
-0.0107043140112391 0.00945683536783583 0.0610175776057357 0.051671371573907
-0.013614803136162 0.0114724319392268 -0.0326869367983647 -0.469740763460768
0.0139458952558714 0.0173364840294971 -0.719522055176929 -0.368196947039809
0.0273756969098046 -0.00687114871623268 -0.692540302881781 0.535074718742637
-0.00792932123322707 -0.0147395720461777 0.196578661402822 0.65952803312292
-0.0336204274532694 0.00734510136364887 0.438873873920629 0.119174470708392
-0.0252312837505543 0.0176245059653181 0.192304397072589 -0.180243999991416
-0.0192605622739381 0.0253024985883937 -0.103591967049037 -0.135628852157072
-0.0125882868525132 0.0143446915275091 0.0731981704280451 0.0613816951212979
-0.0201238278755423 0.00341497995905331 -0.170797772649948 0.0891119998542908
-0.025259813372876 -0.0043621945528975 -0.318102425869459 -0.105780246832308
-0.0108119956450722 -0.0113597328714316 -0.0608074966183692 -0.535252142559165
0.0112859158985727 0.0166231800349155 0.586161598656777 -0.424770558274283
-0.0042259782440035 0.0192230411570547 0.667742299323995 0.299267704807349
-0.000284312174512203 0.0206413623232624 0.167509606170046 0.507979394869864
-0.00827614299675329 0.00218682016464829 0.0604347260010896 0.0514634178941112
-0.0117204801399814 0.00445564574528671 -0.0489738491986676 -0.465280189817278
0.0111720581682556 0.0144515384559709 -0.730500589580807 -0.31854739088287
0.0228909130590794 -0.00201768605722779 -0.649497110029376 0.579411451385652
-0.00760585987364662 -0.00782253613207462 0.23666716371325 0.646636133162555
-0.0277631348460051 0.00538801424581917 0.447288767381821 0.0969914036664831
-0.0175078325891954 0.0127351171947397 0.191933313555658 -0.189278457091159
-0.0133616752637544 0.0238309152419515 -0.102010482973699 -0.138200844797135
-0.00647752956621763 0.0105897066263494 0.0738288990281648 0.0620379381898498
-0.00899454376801032 -0.000690735525041243 -0.169207795758056 0.0810165143562712
-0.0149931474574251 -0.00609610877726085 -0.311059129638965 -0.119100261202637
-0.0106964232325122 -0.00432773394070147 -0.033335162750521 -0.537039104694366
0.00132800917586557 0.0201098890801527 0.615510270763883 -0.38658643732417
-0.00926052650029936 0.0116089355331835 0.658929527719835 0.336739901011363
0.00076212337519125 0.0115575885357048 0.15188018666963 0.514975278649378
-0.00506389461581153 -0.00479843604654448 0.0604855170551678 0.0475001777068192
-0.0110807578596808 -0.00172856868458515 -0.0626778830038263 -0.462596680149491
0.0054368142852607 0.00839731996590419 -0.735075739074806 -0.280190043684844
0.0161863817272782 0.00277941024016915 -0.613000347119173 0.609515940022083
-0.00613451760742379 -0.00216878342277141 0.268152734155716 0.635278590594119
-0.0179118194440561 0.00220633773828191 0.453176719743335 0.0776842975521455
-0.00732516173846519 0.00611385960066262 0.191825397230364 -0.197932178683513
-0.00810477285739967 0.0205924521911712 -0.0985647212119542 -0.136168880827401
0.000181209539936093 0.00806614675698509 0.0752225552491571 0.0641995832864326
0.00296672391673104 -0.00265104457216453 -0.165689227687991 0.0771064785719976
-0.00281643600882798 -0.00411449890859767 -0.307540687488808 -0.131728480440616
-0.00992399541520339 0.00254128612371908 -0.0165293722931184 -0.537479746140666
-0.0094523687022822 0.0214239430406788 0.631586914187269 -0.363448753689318
-0.015278825464784 0.00445206075928992 0.656001872282457 0.359940888549267
0.00230118548576588 0.00389351557337413 0.143883568083307 0.517109685075361
-0.00317019526891324 -0.0100601358511663 0.0614103025345639 0.0416506831763962
-0.0116178751862044 -0.00869258415135723 -0.0711796687161878 -0.463212451609395
-0.000498820952637727 0.00460395675556304 -0.739532586125156 -0.258216399237379
0.00791559015953788 0.00897169787171395 -0.589197621292467 0.633475875372276
-0.00202247679244424 0.00403348814143812 0.287447680860406 0.62860410489799
-0.00594689915126563 -0.00263398148930343 0.454200124659328 0.0642690586376351
0.00322733464701678 -0.00145261845517417 0.191371910881866 -0.200982942781535
-0.00136361031634098 0.0166102559597547 -0.0966886711924437 -0.132658108663231
0.00683521407045114 0.00232265675484956 0.0745468517814959 0.0703546065946689
0.0161314115312644 -0.00587242351828575 -0.164563331435558 0.0744758352210992
0.0105791283175591 -0.0023579720178379 -0.308081811990043 -0.138834815270052
-0.00896690085140742 0.00972710079363228 -0.0187574159645669 -0.539038031247237
-0.0181821605670873 0.0221387971785791 0.634967376951593 -0.35817245198697
-0.0198447057248552 -0.00307666600826386 0.653770859901403 0.364695181050323
0.00336193819126521 -0.000942175523755872 0.142762075533915 0.51042822569121
-0.00225400678031191 -0.0111568941833998 0.064718180294676 0.0347048672620801
-0.0130742931187486 -0.0129281675786312 -0.0728011511081127 -0.471035038874031
-0.00832449698654125 -0.00111007466216937 -0.742075044785931 -0.253189455245613
-0.000399040372037841 0.0143218906466252 -0.581004611300947 0.637673136882743
0.00157428469673703 0.00814552730577047 0.286374876929847 0.626655795169
0.00677684410593113 -0.00576401359575964 0.451038323790551 0.0596423898275622
0.01254769919018 -0.00884411950999183 0.192563168990716 -0.20283862691161
0.00386454703695369 0.0104952241031125 -0.0941808615635011 -0.126718560434259
0.0124157474464387 -0.00280167508908108 0.0718933358915193 0.0783484645525167
0.0257606707854675 -0.00654733406088614 -0.163637229107595 0.0788081577029857
0.0219985415390016 -3.91249248909865E-05 -0.315412286775461 -0.137684919880868
-0.00742480641809304 0.0137979141792856 -0.0341333401147411 -0.539140663748775
-0.0262065426825187 0.0215856852574267 0.627140555280825 -0.369044102894276
-0.0238166326656547 -0.00658441784568871 0.659685302330098 0.345743052787224
0.00366592360126196 -0.00255642839444924 0.150805833548668 0.498908481219049
-0.00345987615275203 -0.00841834077448608 0.0669041825862762 0.0276779505130238
-0.013528404429352 -0.0149668153944854 -0.0680041219780593 -0.47852028781798
-0.014617214874363 -0.00394685880471949 -0.741274951881428 -0.269440732626494
-0.00729134559450083 0.017109253127431 -0.597952117392401 0.630014770345112
0.00471269781690507 0.0106692016398219 0.271064321875427 0.632822142705023
0.0168783944080211 -0.00777889098873436 0.444516479734654 0.064862974264996
0.0204040657166293 -0.0132891270678551 0.195317920130389 -0.20042535639372
0.00894541473576358 0.00327396539203671 -0.0912094151774039 -0.12023578141675
0.0144104954275147 -0.00677138152526515 0.0704876049556482 0.0872180323036993
0.0306344019669221 -0.00760312039805631 -0.162813536174598 0.084057669580352
0.0304464121152863 0.00195536520189907 -0.324979023942785 -0.130565154348649
-0.00386128393756767 0.0153257228515632 -0.0650114265190595 -0.539353102367984
-0.0305210049803004 0.0200669867171208 0.606103050998766 -0.399687044219885
-0.0270396645034869 -0.00849994637507712 0.667697824108828 0.311160287579936
0.00303053827803523 7.39115054197471E-05 0.163003442073676 0.485495474836656
-0.00378585634947048 -0.00477892384532464 0.0713386371920694 0.0218015399583964
-0.0134255797870955 -0.0133710314316885 -0.057032206066664 -0.488468137616096
-0.0188150915942429 -0.00701811704956683 -0.738198059246245 -0.306146276464755
-0.0139583301826647 0.0167662494469077 -0.629974729316006 0.602560685483116
0.0077247289346047 0.0131966457306651 0.238352933379401 0.644726207800341
0.0247020974494807 -0.00697989914304629 0.436930801529944 0.077827326096931
0.0271816550440289 -0.0158239232481184 0.198139635285995 -0.193997481222156
0.0115046580507576 -0.000592994969117501 -0.0906086145117433 -0.112233295185705
-0.0169287139878031 0.0178902925881656 0.0352012691757094 0.0411812537116846
-0.0273647500931507 0.0135231199064905 -0.178069460742454 0.0905180829676865
-0.0273181400259273 0.0034591329761262 -0.325857189523437 -0.0844559473012549
-0.00739910416102763 -0.0185457892860109 -0.125883529525606 -0.525617311532792
0.0197571700666803 0.00556171485732917 0.511202685419586 -0.495133282648858
0.00316616755362092 0.0232640678210335 0.681569854243577 0.188978740754762
-0.000501312043955603 0.0328637693269927 0.214553523658121 0.461796314858886
-0.0118645442874803 0.0148322647861568 0.0652468478601557 0.0467962269734669
-0.0142290191834619 0.0164275295434207 -0.0235482129192055 -0.467003064248007
0.0143297753851045 0.020547570728127 -0.702715616512939 -0.405217199685765
0.0302421843025914 -0.00928521785532839 -0.733316832100315 0.484011462560084
-0.003977755378719 -0.0200025729465578 0.136149666724146 0.669930672483728
-0.0298324711948814 0.00738889938716849 0.411780245365516 0.153813140689593
-0.0265772541395928 0.0213788490691898 0.1994209854332 -0.144604316326989
-0.0225370263050754 0.0266694966241247 -0.0651244671128732 -0.0923771746798097
-0.0147007083891323 0.0185678259102004 0.036172815747558 0.0350597843069636
-0.0249473261050045 0.0107736502778069 -0.176883814984698 0.0809005262857355
-0.0268481544038036 0.000368640691410321 -0.312256172379366 -0.102070300411161
-0.00630017906756015 -0.0153456998781061 -0.0861070509869079 -0.53338358229939
0.0184085836530937 0.00986501750751075 0.550815337578509 -0.456016294890901
0.000365074327483311 0.0206425541643464 0.678219553313767 0.240641965322534
-0.000962738629358062 0.0263728449919778 0.197424658727004 0.478116325935221
-0.0105555255275751 0.0083278968140289 0.063254158205848 0.0476785453695229
-0.0137799186183018 0.0110062744613644 -0.0408366041151639 -0.458912745106201
0.0142022537524468 0.0168339366562585 -0.718176348108495 -0.354752617055591
0.0290921050652969 -0.00773221079351925 -0.686864043090651 0.531588128139062
-0.00402088789548701 -0.0144853250790221 0.181645142453039 0.659710140340231
-0.0291120504094435 0.00743213473769677 0.425229664629227 0.132757197144231
-0.022961896272751 0.0194837293903592 0.199074341305217 -0.155111319983946
-0.0180253520922575 0.0275417306764647 -0.0641919725060178 -0.0973121679574735
-0.0116622016399854 0.0161111998286841 0.0388017026177106 0.0305553140567862
-0.0191933714839335 0.00648670023588133 -0.173344534123961 0.0722220132685807
-0.0221235163452355 -0.00275422446048507 -0.299917502841862 -0.119394414560645
-0.00693977438972194 -0.0106515984562089 -0.0494181078153029 -0.536480231192491
0.0124680132503797 0.0142578711508657 0.586882750612209 -0.41772514854856
-0.00398365429662712 0.0162993667080482 0.67243860810318 0.290092322943257
-0.00148509898728919 0.0184322127322901 0.179695725618025 0.491024244715511
-0.0087716967029924 0.00161398713047381 0.0616203065493519 0.0460809913012258
-0.0127466732177786 0.00404008938015746 -0.059006493972359 -0.455018795142493
0.0110104504028452 0.01249604445613 -0.727295746538563 -0.306931089773209
0.0229490757151763 -0.00337515298757391 -0.644293933104862 0.573641759247382
-0.00523983248874108 -0.00915283641360142 0.225003607482015 0.647423489061029
-0.0237892183133112 0.00643102329963389 0.436295911663776 0.109744253652876
-0.0153577212809169 0.014260804152938 0.200448581038744 -0.164378262110158
-0.0128908142177344 0.0248107778972838 -0.0616907512506372 -0.100925299279507
-0.00531308950622306 0.0106567256786416 0.040756291880716 0.0292622806109306
-0.00939617423004399 0.00206619706025654 -0.1711518046341 0.0640273843198602
-0.0131732731294616 -0.00286764361447358 -0.291817797928292 -0.131181099018372
-0.00673605102171313 -0.00326884240109774 -0.020819556238361 -0.539287244353408
0.00274789417970832 0.0186720734116097 0.614068849498809 -0.381666917637387
-0.0104853611922528 0.00976038070005847 0.664759451677223 0.327332989536239
-1.75923685321339E-05 0.0101618130418422 0.164823801559683 0.498181979227922
-0.00706116998940448 -0.00389537785348527 0.0613594582495098 0.042124660607153
-0.0128826383039464 -0.00189652313968775 -0.0726193486586738 -0.452585152056923
0.00557453502309038 0.00667042496543867 -0.730177581798925 -0.270868907675882
0.015971015670255 0.00171816198588098 -0.610076376937439 0.60428323767476
-0.00338074449277207 -0.0018327979325461 0.256416406925777 0.636183495125178
-0.0155925064721925 0.00373762268902286 0.443304811096326 0.0927724888451858
-0.00734221191603232 0.00670826214763364 0.201675438991013 -0.172062841559593
-0.00765800406360041 0.0198329516583633 -0.0583840092828644 -0.100643604049251
0.000976842767090609 0.00586354333299172 0.0416907791910961 0.0311409388681423
0.00185308991438803 -0.0034963083174163 -0.168326405353911 0.0606240129186849
-0.00250289382439047 -0.00161584729913517 -0.288729378142023 -0.141995938740506
-0.00745280115129051 0.00472184637316384 -0.00499269590212344 -0.538862817430172
-0.0083010135599018 0.01882851409004 0.630605904415786 -0.356733012602298
-0.0163308725475487 0.00229631929534062 0.658980563191532 0.349208239563862
0.000970963906772799 0.00415357070379921 0.156533597505778 0.498417725207874
-0.00601740415336677 -0.00763623491198843 0.0622928235939963 0.0372211421325466
-0.0135383374594323 -0.00755600334664913 -0.0805176675869451 -0.454972642156449
-0.00269684276751728 0.00243194168006558 -0.739003530701618 -0.247397823266302
0.00851694968899954 0.00765652120959433 -0.583146034883898 0.627056784170174
-0.000441588232945135 0.00516604029452065 0.275294354872648 0.631113069900314
-0.00575273070715442 0.000592038670560341 0.44554254679046 0.0781220148559623
0.00109932812586569 -0.00147358339732156 0.201835952567448 -0.177851611208184
-0.00112086996571695 0.014023355519208 -0.0548656666086846 -0.0995442790862858
0.00735797946108222 0.000992828923406822 0.0417966343106471 0.036328581497242
0.0130305713942263 -0.00606784523881857 -0.168167730287594 0.0578825016516058
0.00869134129515602 0.000343242871474699 -0.289477602292876 -0.147158999895097
-0.00876328420440508 0.0108386657796783 -0.00330562203748497 -0.539105958325647
-0.0179699950459848 0.0198656567104606 0.633393720135648 -0.353202687735277
-0.0217427534546691 -0.00447445716603984 0.656016029840822 0.352705493578641
0.00130439881288266 -0.00011223296417864 0.152590505523923 0.493922109066985
-0.0051439351642212 -0.00943358665496868 0.0627182530269256 0.029532566217552
-0.0152480989128745 -0.0114186554765386 -0.083752620683917 -0.460413084438342
-0.00938427115279008 -0.000915707304948808 -0.741640890039234 -0.245743392779299
0.000193634308431233 0.0134158138956356 -0.578718243812747 0.630573381574349
0.00290951117111061 0.00969421517849909 0.27655333142757 0.62670707396688
0.00525407507240641 -0.00340692254792761 0.441644200999403 0.0742715942491688
0.0102955413000023 -0.00871785062951222 0.201622790541 -0.179031684385519
0.0047879034997007 0.0078245899016904 -0.0518930954136996 -0.0950231644089431
0.0127790143626315 -0.00570954152848928 0.0409385918398773 0.0426185829406332
0.0216781407509096 -0.00853472104973283 -0.168872456604057 0.0603441396691475
0.0184715230755765 0.00102861899281516 -0.298175761826489 -0.146323855700775
-0.00756870590431572 0.0164423724234575 -0.0201000240685311 -0.541056137837391
-0.026781531971171 0.0198705381785969 0.626178341651227 -0.364811882334872
-0.0254039462038095 -0.00756989875063033 0.661010081668123 0.333602450760376
0.00159141802101092 -0.00185961367773419 0.159979040495592 0.483154996510753
-0.00503503634238969 -0.00753528973478723 0.0656211263487763 0.0222061718056881
-0.0141112310021574 -0.0128036137892733 -0.0799569139676447 -0.470072238870245
-0.0161735838632795 -0.00408758677552882 -0.739591408457889 -0.260990433640567
-0.00752218705914985 0.0175079268008503 -0.592268877673529 0.62138967584392
0.00445641825143867 0.0135974840624931 0.260943404342519 0.633743644494195
0.0147135227493014 -0.00470487775011557 0.433369710730857 0.0798223449786979
0.0175766244927272 -0.0140751137022831 0.202226493258264 -0.176451145610314
0.0078286947185743 0.00173859171043597 -0.0496890142599855 -0.0885731762909348
0.0148033250433751 -0.0100044523504039 0.0386168971632293 0.0499507729260194
0.0267446981124795 -0.0102493419111077 -0.170549797360906 0.0654363076982283
0.0248435821999164 0.00136613948227456 -0.309896452055377 -0.139813098652117
-0.00540837203788956 0.0178974812990689 -0.051054441403922 -0.540290999929008
-0.0311120428948043 0.0202402431701629 0.603145564597708 -0.398812429335539
-0.028873826664977 -0.00814874408504662 0.670297981212904 0.297704943254339
0.000420989311374489 0.000579274861355693 0.173608648332542 0.468464145523039
-0.00538929866046268 -0.00260830765351328 0.0678298999043352 0.018008264087498
-0.0149136849500774 -0.0100052535936791 -0.0688052141535577 -0.479925741050534
-0.0199102323421819 -0.0059594014000439 -0.739555597593513 -0.297853170817376
-0.0135755318847585 0.0169272028451351 -0.624475186512407 0.592885001642166
0.00638125985187502 0.0158232984288188 0.227438782952095 0.644805475623533
0.0204900903158083 -0.00504939384521137 0.42367474889833 0.0946686990733362
0.022158960680943 -0.0168466043581315 0.203550616239727 -0.169935662454505
0.0101323350378587 -0.00274774666434087 -0.0494416543606164 -0.0813842210972291
-0.0135852599795164 0.0215341168004956 -0.0177908566020146 0.0307688307907546
-0.0232213200373804 0.0149171942252536 -0.195196329910674 0.0742103029997319
-0.0218680644628862 0.00177005116345763 -0.322288753826395 -0.108532017318939
-0.00416647250414047 -0.0201339853717346 -0.120966046438775 -0.534534523675688
0.0214981080345006 0.00351478629226193 0.513075247778398 -0.487626663225731
0.00282210225458729 0.0215577858529862 0.682729088447534 0.179920697259281
-6.01395445313114E-06 0.0310538968854876 0.217563482365349 0.439285425241191
-0.0104640497566251 0.0128964272096439 0.0638009927316452 0.0407361983502423
-0.0134111726393468 0.0155012622580942 -0.0288552681255031 -0.451209342116794
0.0145273583544792 0.0175607172185408 -0.6986888258588 -0.392326793296841
0.0309349923941082 -0.0112502967677269 -0.731454372820015 0.480686909698864
-0.000256535807540786 -0.0196827579168143 0.122525003262274 0.67846138712055
-0.0241961265113181 0.00432062769989891 0.404577340607334 0.173227394152477
-0.0217123958521346 0.0214162570393115 0.221755464506613 -0.123136415451606
-0.0193403993632875 0.0292325480870011 -0.0045594452909232 -0.0762501056194203
-0.0132515319023616 0.0200488980639654 -0.0155476137573927 0.0236107108443798
-0.0216502357920976 0.0119652176629485 -0.191600722481231 0.0653466667514566
-0.0212883087475715 -0.000212246738776107 -0.306777067997017 -0.125789235917106
-0.00285798421738621 -0.0180291275258437 -0.0789148159848616 -0.542461827737943
0.0191427426484367 0.00629953872297987 0.552388708909834 -0.450054777070608
-0.00139038619627288 0.0189025099526255 0.681228764717863 0.230265481830368
-0.0014853392274147 0.0256282870177925 0.200120866791216 0.455570484180964
-0.0100521985583153 0.0083617090347764 0.0626308540635898 0.0424573864670826
-0.0128221891331324 0.0105086497145283 -0.0463035728509066 -0.445983988679595
0.0138489402227367 0.0139513571320485 -0.711952376545506 -0.341901218936995
0.0278165325585851 -0.00961881050347875 -0.685259946841327 0.527530405334275
-0.00128614757938874 -0.0165019627049046 0.169409816438759 0.670373548939842
-0.0229576862863976 0.00533788780859989 0.419789510171797 0.153300746838492
-0.0191304176119495 0.020190174369772 0.223451325567382 -0.134958991778916
-0.0156801743103921 0.0286224600613146 -0.00167872980963261 -0.0817452237297941
-0.00951412597339277 0.0157493345045324 -0.0140309252354357 0.0188070861976642
-0.0171320158232695 0.00835017155029557 -0.187596332023119 0.0557153690004521
-0.016287634636003 -0.0016932600456731 -0.291576160517803 -0.142500864335086
-0.002685028353679 -0.0117336670954074 -0.0403393590104634 -0.546919997237646
0.0133866398310528 0.0110092833834985 0.588854670592732 -0.408873553019241
-0.00650959553341496 0.0143221366730771 0.673621313550281 0.277077233083534
-0.00131569964627747 0.018580431916914 0.185290540184808 0.467202893041962
-0.00926498836816425 0.00232381985943741 0.0608105949471676 0.0402068907241227
-0.0139498267105248 0.00448542808707942 -0.0620812744466112 -0.439086891273695
0.0086380658169784 0.0107554212812466 -0.720007368992211 -0.29674244600062
0.0234323778280989 -0.00684272821816963 -0.643198770697442 0.568707622773055
-0.00158373459420808 -0.0111485600324998 0.214147613610616 0.654624289204431
-0.0175902992723859 0.00467936452112542 0.435058908162105 0.127722293042048
-0.0142479417634037 0.0154145115406702 0.22523918890769 -0.144338002297709
-0.0120156887639373 0.0251817812866508 0.00108939614710563 -0.0870809415948817
-0.00374086400545796 0.010879957031449 -0.0117620597955276 0.0157272697108498
-0.00869461234060131 0.00294388205643845 -0.18405728056747 0.0487999589781638
-0.00965885215919798 -0.00109285532152664 -0.280322632557358 -0.153558867529633
-0.00416236704954994 -0.00433058263083029 -0.0100372501783764 -0.545818669832585
0.00285213198639461 0.0146507303702081 0.618240399437919 -0.375195190879155
-0.0121853770112594 0.0073499215301101 0.66640892832696 0.315658797653434
-0.00223377410866474 0.0115197140563536 0.168258047426476 0.474703660791407
-0.00802893375220046 -0.00245097635236517 0.0593200850748246 0.0361343630548118
-0.0144551125606873 -0.00148514622764458 -0.0760118070337609 -0.437062033289317
0.00253855123745791 0.0061576616911285 -0.727529067829802 -0.260503799654152
0.0160474678564313 -0.00158884084335329 -0.607796853969132 0.599663941240226
-3.08165667036106E-05 -0.00310337262219587 0.248700179216651 0.643902561344167
-0.0118100338908576 0.00420564230562667 0.440791021520013 0.111683773004196
-0.00729359609122024 0.00939642066967172 0.225664803911048 -0.153818708346495
-0.00734208215204198 0.0194319754491442 0.0020753910486351 -0.0891522880411574
0.00202058506580684 0.00381820870049827 -0.0111383775048384 0.0163175814602115
-0.000740241875370896 -0.00172173697549158 -0.183242170120684 0.0444425433827289
-0.00117333562623679 0.000841283302212616 -0.275929174681733 -0.162997470698342
-0.00490157584044394 0.00488583465577766 0.0072281622903064 -0.54727107311911
-0.00797238898689109 0.0164767880141934 0.633385404544813 -0.355020073680884
-0.0190381281923655 0.000517657181188607 0.658688749147999 0.337553782700909
-0.00107075159624545 0.00513463094008184 0.160900985355964 0.475310580310056
-0.00737863122061646 -0.00512162139841688 0.0592447712393542 0.030598987266944
-0.0147003737519461 -0.00525164243624068 -0.0866852271255669 -0.438177216253217
-0.00528837582057598 0.00235467434349849 -0.733729592624141 -0.238627501667292
0.00820248121061852 0.00544880677335739 -0.583078743456229 0.618212349192843
0.00208725433424176 0.0044361144683098 0.268123390722503 0.636772790231376
-0.00372959079564728 0.00265933982991872 0.444648870302413 0.0972857505526254
0.000391583625840561 0.00126278097598272 0.226559467751382 -0.159024747576657
-0.00204375412581964 0.0133174844657028 0.00597100563202151 -0.088450255275361
0.00757898908553429 -0.00215306424538691 -0.00978932911693091 0.0195491139950562
0.00876741060265332 -0.00533353523348624 -0.182826288590697 0.0427294676613931
0.00822336148365327 0.00268056053975788 -0.277602506424581 -0.16653871900927
-0.00660272583314099 0.0121229013213016 0.00799700842014561 -0.54848457470877
-0.0180986522550983 0.0182068341757151 0.636275166256886 -0.350281006251539
-0.0242122646888849 -0.00498942706635689 0.655296533967154 0.338804978984433
-0.00100048094064447 0.00134171752014078 0.1579093766422 0.470094636619845
-0.00603982040640303 -0.0055420827716848 0.0594277654555518 0.0249690087916878
-0.016040720653317 -0.00826718042231655 -0.0915285942901431 -0.445059336066042
-0.0120908616405583 -0.000276757137490084 -0.737008979813485 -0.235732611350856
-0.000571519439296883 0.0116104292922003 -0.578355399321979 0.622936916236231
0.00365544766252762 0.0109803777472479 0.269517643268204 0.634677705284693
0.00541887509551056 0.000391865756497235 0.442307551556781 0.094108633353911
0.00627328456462375 -0.00605646525804401 0.225700534931667 -0.160962080575565
0.00244561490592441 0.00633301176315443 0.0091699461384118 -0.0852608800577741
0.0115597513392366 -0.00736541417859537 -0.012395293716608 0.0247018935424039
0.0160826138560826 -0.00780761006209615 -0.18548984720327 0.044304780774013
0.0157808971880679 0.00400167612996711 -0.285456757586794 -0.164491311825047
-0.00737015458393798 0.0175577912840669 -0.00522752346119426 -0.550296123447219
-0.0273840667923197 0.0191139955220363 0.627837958939437 -0.364025386744608
-0.0280483678064468 -0.00742745558075994 0.660088752328558 0.320882437696039
-0.000209730923703457 0.000941218820014796 0.162189240888114 0.46083048584668
-0.00574085189241283 -0.00301053360350554 0.0602158493946658 0.0181910558861807
-0.015669797475236 -0.00930474184654614 -0.0865273385382761 -0.452405041379081
-0.0166881548382046 -0.00167033747905996 -0.735211155568518 -0.251893490346131
-0.00754929689188417 0.0164616587993613 -0.594009143416053 0.612173813759315
0.00568727272185584 0.015454103918381 0.254552629216254 0.640524515527137
0.0121942560357404 -0.000682824544723014 0.434146055581723 0.100888236082915
0.0126053876845182 -0.0125515900623308 0.223539311635024 -0.156550863771445
0.00610895842315611 -0.000793031280660534 0.00987985250994905 -0.0805857763083503
0.0141902567381624 -0.0112866254936455 -0.014056917293412 0.0315155829269804
0.0212502879317961 -0.00963000869908939 -0.189830735848973 0.0498094451197299
0.0211143396439742 0.00389621196861146 -0.301675007258851 -0.155668474908395
-0.00755200365633953 0.0196320518521321 -0.037378300108057 -0.54989962956158
-0.0311862976646341 0.0206742135566656 0.604201310146545 -0.39588482346002
-0.0302941523433985 -0.00654475326420207 0.665838269783427 0.284061293649452
0.000394538113098621 0.0031358959807323 0.17508188702793 0.446936242918457
-0.00565365623040563 0.000906377463124908 0.0627729680878373 0.0142997159549199
-0.0151027240035644 -0.0068840041751415 -0.0748050878660305 -0.463269990334617
-0.0202366770215905 -0.00353619230189259 -0.736283651122 -0.287022269950971
-0.0132869665394456 0.0184591906197054 -0.626091482292395 0.583930308426348
0.00574215253252962 0.0192857321914009 0.219372198026129 0.650864310540266
0.0177406159787754 -0.000787583202554501 0.421492222483709 0.116598852009413
0.0172513757402613 -0.0149815965014363 0.221881302270584 -0.150852938956899
0.00720636253823824 -0.00457780003114476 0.00944769131544705 -0.0750202249471228
